<?xml version="1.0" encoding="UTF-8"?>
<testsuite xmlns:xsi="http://www.w3.org/2001/XMLSchema-instance" xsi:noNamespaceSchemaLocation="https://maven.apache.org/surefire/maven-surefire-plugin/xsd/surefire-test-report-3.0.xsd" version="3.0" name="org.apache.hadoop.hdfs.tools.offlineImageViewer.FSImageLoader_ESTest" time="2.552" tests="15" errors="0" skipped="0" failures="0">
  <properties>
    <property name="awt.toolkit" value="sun.awt.X11.XToolkit"/>
    <property name="file.encoding.pkg" value="sun.io"/>
    <property name="java.specification.version" value="1.8"/>
    <property name="sun.cpu.isalist" value=""/>
    <property name="sun.jnu.encoding" value="UTF-8"/>
    <property name="java.class.path" value="/home/wtwhite/code/regression-test-generation-NON-SOURCE-EQUIV/find-diff-classes/compile/gaoss/org/apache/hadoop/hadoop-hdfs/3.3.6/target/test-classes:/home/wtwhite/code/regression-test-generation-NON-SOURCE-EQUIV/find-diff-classes/compile/gaoss/org/apache/hadoop/hadoop-hdfs/3.3.6/target/classes:/home/wtwhite/code/craw-redhat-oss/wget/crawl/google-aoss/org/apache/hadoop/hadoop-hdfs/3.3.6/hadoop-hdfs-3.3.6.jar:/home/wtwhite/code/regression-test-generation-NON-SOURCE-EQUIV/find-diff-classes/compile/gaoss/org/apache/hadoop/hadoop-hdfs/3.3.6/t/dependency/AppleJavaExtensions-1.4.jar:/home/wtwhite/code/regression-test-generation-NON-SOURCE-EQUIV/find-diff-classes/compile/gaoss/org/apache/hadoop/hadoop-hdfs/3.3.6/t/dependency/animal-sniffer-annotations-1.17.jar:/home/wtwhite/code/regression-test-generation-NON-SOURCE-EQUIV/find-diff-classes/compile/gaoss/org/apache/hadoop/hadoop-hdfs/3.3.6/t/dependency/apiguardian-api-1.1.2.jar:/home/wtwhite/code/regression-test-generation-NON-SOURCE-EQUIV/find-diff-classes/compile/gaoss/org/apache/hadoop/hadoop-hdfs/3.3.6/t/dependency/asm-5.0.4.jar:/home/wtwhite/code/regression-test-generation-NON-SOURCE-EQUIV/find-diff-classes/compile/gaoss/org/apache/hadoop/hadoop-hdfs/3.3.6/t/dependency/asm-commons-5.0.2.jar:/home/wtwhite/code/regression-test-generation-NON-SOURCE-EQUIV/find-diff-classes/compile/gaoss/org/apache/hadoop/hadoop-hdfs/3.3.6/t/dependency/asm-debug-all-5.0.2.jar:/home/wtwhite/code/regression-test-generation-NON-SOURCE-EQUIV/find-diff-classes/compile/gaoss/org/apache/hadoop/hadoop-hdfs/3.3.6/t/dependency/asm-tree-5.0.2.jar:/home/wtwhite/code/regression-test-generation-NON-SOURCE-EQUIV/find-diff-classes/compile/gaoss/org/apache/hadoop/hadoop-hdfs/3.3.6/t/dependency/assertj-core-3.12.2.jar:/home/wtwhite/code/regression-test-generation-NON-SOURCE-EQUIV/find-diff-classes/compile/gaoss/org/apache/hadoop/hadoop-hdfs/3.3.6/t/dependency/audience-annotations-0.5.0.jar:/home/wtwhite/code/regression-test-generation-NON-SOURCE-EQUIV/find-diff-classes/compile/gaoss/org/apache/hadoop/hadoop-hdfs/3.3.6/t/dependency/avro-1.7.7.jar:/home/wtwhite/code/regression-test-generation-NON-SOURCE-EQUIV/find-diff-classes/compile/gaoss/org/apache/hadoop/hadoop-hdfs/3.3.6/t/dependency/bcel-findbugs-6.0.jar:/home/wtwhite/code/regression-test-generation-NON-SOURCE-EQUIV/find-diff-classes/compile/gaoss/org/apache/hadoop/hadoop-hdfs/3.3.6/t/dependency/bcprov-jdk15on-1.68.jar:/home/wtwhite/code/regression-test-generation-NON-SOURCE-EQUIV/find-diff-classes/compile/gaoss/org/apache/hadoop/hadoop-hdfs/3.3.6/t/dependency/byte-buddy-1.9.10.jar:/home/wtwhite/code/regression-test-generation-NON-SOURCE-EQUIV/find-diff-classes/compile/gaoss/org/apache/hadoop/hadoop-hdfs/3.3.6/t/dependency/byte-buddy-agent-1.9.10.jar:/home/wtwhite/code/regression-test-generation-NON-SOURCE-EQUIV/find-diff-classes/compile/gaoss/org/apache/hadoop/hadoop-hdfs/3.3.6/t/dependency/checker-qual-2.5.2.jar:/home/wtwhite/code/regression-test-generation-NON-SOURCE-EQUIV/find-diff-classes/compile/gaoss/org/apache/hadoop/hadoop-hdfs/3.3.6/t/dependency/commons-beanutils-1.9.4.jar:/home/wtwhite/code/regression-test-generation-NON-SOURCE-EQUIV/find-diff-classes/compile/gaoss/org/apache/hadoop/hadoop-hdfs/3.3.6/t/dependency/commons-cli-1.2.jar:/home/wtwhite/code/regression-test-generation-NON-SOURCE-EQUIV/find-diff-classes/compile/gaoss/org/apache/hadoop/hadoop-hdfs/3.3.6/t/dependency/commons-codec-1.15.jar:/home/wtwhite/code/regression-test-generation-NON-SOURCE-EQUIV/find-diff-classes/compile/gaoss/org/apache/hadoop/hadoop-hdfs/3.3.6/t/dependency/commons-collections-3.2.2.jar:/home/wtwhite/code/regression-test-generation-NON-SOURCE-EQUIV/find-diff-classes/compile/gaoss/org/apache/hadoop/hadoop-hdfs/3.3.6/t/dependency/commons-compress-1.21.jar:/home/wtwhite/code/regression-test-generation-NON-SOURCE-EQUIV/find-diff-classes/compile/gaoss/org/apache/hadoop/hadoop-hdfs/3.3.6/t/dependency/commons-configuration2-2.8.0.jar:/home/wtwhite/code/regression-test-generation-NON-SOURCE-EQUIV/find-diff-classes/compile/gaoss/org/apache/hadoop/hadoop-hdfs/3.3.6/t/dependency/commons-daemon-1.0.13.jar:/home/wtwhite/code/regression-test-generation-NON-SOURCE-EQUIV/find-diff-classes/compile/gaoss/org/apache/hadoop/hadoop-hdfs/3.3.6/t/dependency/commons-io-2.8.0.jar:/home/wtwhite/code/regression-test-generation-NON-SOURCE-EQUIV/find-diff-classes/compile/gaoss/org/apache/hadoop/hadoop-hdfs/3.3.6/t/dependency/commons-lang-2.6.jar:/home/wtwhite/code/regression-test-generation-NON-SOURCE-EQUIV/find-diff-classes/compile/gaoss/org/apache/hadoop/hadoop-hdfs/3.3.6/t/dependency/commons-lang3-3.12.0.jar:/home/wtwhite/code/regression-test-generation-NON-SOURCE-EQUIV/find-diff-classes/compile/gaoss/org/apache/hadoop/hadoop-hdfs/3.3.6/t/dependency/commons-logging-1.1.3.jar:/home/wtwhite/code/regression-test-generation-NON-SOURCE-EQUIV/find-diff-classes/compile/gaoss/org/apache/hadoop/hadoop-hdfs/3.3.6/t/dependency/commons-math3-3.1.1.jar:/home/wtwhite/code/regression-test-generation-NON-SOURCE-EQUIV/find-diff-classes/compile/gaoss/org/apache/hadoop/hadoop-hdfs/3.3.6/t/dependency/commons-net-3.9.0.jar:/home/wtwhite/code/regression-test-generation-NON-SOURCE-EQUIV/find-diff-classes/compile/gaoss/org/apache/hadoop/hadoop-hdfs/3.3.6/t/dependency/commons-text-1.10.0.jar:/home/wtwhite/code/regression-test-generation-NON-SOURCE-EQUIV/find-diff-classes/compile/gaoss/org/apache/hadoop/hadoop-hdfs/3.3.6/t/dependency/curator-client-5.2.0.jar:/home/wtwhite/code/regression-test-generation-NON-SOURCE-EQUIV/find-diff-classes/compile/gaoss/org/apache/hadoop/hadoop-hdfs/3.3.6/t/dependency/curator-framework-5.2.0.jar:/home/wtwhite/code/regression-test-generation-NON-SOURCE-EQUIV/find-diff-classes/compile/gaoss/org/apache/hadoop/hadoop-hdfs/3.3.6/t/dependency/curator-recipes-5.2.0.jar:/home/wtwhite/code/regression-test-generation-NON-SOURCE-EQUIV/find-diff-classes/compile/gaoss/org/apache/hadoop/hadoop-hdfs/3.3.6/t/dependency/curator-test-5.2.0.jar:/home/wtwhite/code/regression-test-generation-NON-SOURCE-EQUIV/find-diff-classes/compile/gaoss/org/apache/hadoop/hadoop-hdfs/3.3.6/t/dependency/dnsjava-2.1.7.jar:/home/wtwhite/code/regression-test-generation-NON-SOURCE-EQUIV/find-diff-classes/compile/gaoss/org/apache/hadoop/hadoop-hdfs/3.3.6/t/dependency/dom4j-1.6.1.jar:/home/wtwhite/code/regression-test-generation-NON-SOURCE-EQUIV/find-diff-classes/compile/gaoss/org/apache/hadoop/hadoop-hdfs/3.3.6/t/dependency/failureaccess-1.0.jar:/home/wtwhite/code/regression-test-generation-NON-SOURCE-EQUIV/find-diff-classes/compile/gaoss/org/apache/hadoop/hadoop-hdfs/3.3.6/t/dependency/findbugs-3.0.1.jar:/home/wtwhite/code/regression-test-generation-NON-SOURCE-EQUIV/find-diff-classes/compile/gaoss/org/apache/hadoop/hadoop-hdfs/3.3.6/t/dependency/gson-2.9.0.jar:/home/wtwhite/code/regression-test-generation-NON-SOURCE-EQUIV/find-diff-classes/compile/gaoss/org/apache/hadoop/hadoop-hdfs/3.3.6/t/dependency/guava-27.0-jre.jar:/home/wtwhite/code/regression-test-generation-NON-SOURCE-EQUIV/find-diff-classes/compile/gaoss/org/apache/hadoop/hadoop-hdfs/3.3.6/t/dependency/hadoop-annotations-3.3.6.jar:/home/wtwhite/code/regression-test-generation-NON-SOURCE-EQUIV/find-diff-classes/compile/gaoss/org/apache/hadoop/hadoop-hdfs/3.3.6/t/dependency/hadoop-auth-3.3.6.jar:/home/wtwhite/code/regression-test-generation-NON-SOURCE-EQUIV/find-diff-classes/compile/gaoss/org/apache/hadoop/hadoop-hdfs/3.3.6/t/dependency/hadoop-common-3.3.6-tests.jar:/home/wtwhite/code/regression-test-generation-NON-SOURCE-EQUIV/find-diff-classes/compile/gaoss/org/apache/hadoop/hadoop-hdfs/3.3.6/t/dependency/hadoop-common-3.3.6.jar:/home/wtwhite/code/regression-test-generation-NON-SOURCE-EQUIV/find-diff-classes/compile/gaoss/org/apache/hadoop/hadoop-hdfs/3.3.6/t/dependency/hadoop-hdfs-client-3.3.6.jar:/home/wtwhite/code/regression-test-generation-NON-SOURCE-EQUIV/find-diff-classes/compile/gaoss/org/apache/hadoop/hadoop-hdfs/3.3.6/t/dependency/hadoop-kms-3.3.6-tests.jar:/home/wtwhite/code/regression-test-generation-NON-SOURCE-EQUIV/find-diff-classes/compile/gaoss/org/apache/hadoop/hadoop-hdfs/3.3.6/t/dependency/hadoop-kms-3.3.6.jar:/home/wtwhite/code/regression-test-generation-NON-SOURCE-EQUIV/find-diff-classes/compile/gaoss/org/apache/hadoop/hadoop-hdfs/3.3.6/t/dependency/hadoop-minikdc-3.3.6.jar:/home/wtwhite/code/regression-test-generation-NON-SOURCE-EQUIV/find-diff-classes/compile/gaoss/org/apache/hadoop/hadoop-hdfs/3.3.6/t/dependency/hadoop-shaded-guava-1.1.1.jar:/home/wtwhite/code/regression-test-generation-NON-SOURCE-EQUIV/find-diff-classes/compile/gaoss/org/apache/hadoop/hadoop-hdfs/3.3.6/t/dependency/hadoop-shaded-protobuf_3_7-1.1.1.jar:/home/wtwhite/code/regression-test-generation-NON-SOURCE-EQUIV/find-diff-classes/compile/gaoss/org/apache/hadoop/hadoop-hdfs/3.3.6/t/dependency/hamcrest-core-1.3.jar:/home/wtwhite/code/regression-test-generation-NON-SOURCE-EQUIV/find-diff-classes/compile/gaoss/org/apache/hadoop/hadoop-hdfs/3.3.6/t/dependency/httpclient-4.5.13.jar:/home/wtwhite/code/regression-test-generation-NON-SOURCE-EQUIV/find-diff-classes/compile/gaoss/org/apache/hadoop/hadoop-hdfs/3.3.6/t/dependency/httpcore-4.4.13.jar:/home/wtwhite/code/regression-test-generation-NON-SOURCE-EQUIV/find-diff-classes/compile/gaoss/org/apache/hadoop/hadoop-hdfs/3.3.6/t/dependency/j2objc-annotations-1.1.jar:/home/wtwhite/code/regression-test-generation-NON-SOURCE-EQUIV/find-diff-classes/compile/gaoss/org/apache/hadoop/hadoop-hdfs/3.3.6/t/dependency/jFormatString-2.0.1.jar:/home/wtwhite/code/regression-test-generation-NON-SOURCE-EQUIV/find-diff-classes/compile/gaoss/org/apache/hadoop/hadoop-hdfs/3.3.6/t/dependency/jackson-annotations-2.12.7.jar:/home/wtwhite/code/regression-test-generation-NON-SOURCE-EQUIV/find-diff-classes/compile/gaoss/org/apache/hadoop/hadoop-hdfs/3.3.6/t/dependency/jackson-core-2.12.7.jar:/home/wtwhite/code/regression-test-generation-NON-SOURCE-EQUIV/find-diff-classes/compile/gaoss/org/apache/hadoop/hadoop-hdfs/3.3.6/t/dependency/jackson-core-asl-1.9.13.jar:/home/wtwhite/code/regression-test-generation-NON-SOURCE-EQUIV/find-diff-classes/compile/gaoss/org/apache/hadoop/hadoop-hdfs/3.3.6/t/dependency/jackson-databind-2.12.7.1.jar:/home/wtwhite/code/regression-test-generation-NON-SOURCE-EQUIV/find-diff-classes/compile/gaoss/org/apache/hadoop/hadoop-hdfs/3.3.6/t/dependency/jackson-mapper-asl-1.9.13.jar:/home/wtwhite/code/regression-test-generation-NON-SOURCE-EQUIV/find-diff-classes/compile/gaoss/org/apache/hadoop/hadoop-hdfs/3.3.6/t/dependency/jakarta.activation-api-1.2.1.jar:/home/wtwhite/code/regression-test-generation-NON-SOURCE-EQUIV/find-diff-classes/compile/gaoss/org/apache/hadoop/hadoop-hdfs/3.3.6/t/dependency/javax.servlet-api-3.1.0.jar:/home/wtwhite/code/regression-test-generation-NON-SOURCE-EQUIV/find-diff-classes/compile/gaoss/org/apache/hadoop/hadoop-hdfs/3.3.6/t/dependency/jaxb-api-2.2.11.jar:/home/wtwhite/code/regression-test-generation-NON-SOURCE-EQUIV/find-diff-classes/compile/gaoss/org/apache/hadoop/hadoop-hdfs/3.3.6/t/dependency/jaxb-impl-2.2.3-1.jar:/home/wtwhite/code/regression-test-generation-NON-SOURCE-EQUIV/find-diff-classes/compile/gaoss/org/apache/hadoop/hadoop-hdfs/3.3.6/t/dependency/jaxen-1.1.6.jar:/home/wtwhite/code/regression-test-generation-NON-SOURCE-EQUIV/find-diff-classes/compile/gaoss/org/apache/hadoop/hadoop-hdfs/3.3.6/t/dependency/jcip-annotations-1.0-1.jar:/home/wtwhite/code/regression-test-generation-NON-SOURCE-EQUIV/find-diff-classes/compile/gaoss/org/apache/hadoop/hadoop-hdfs/3.3.6/t/dependency/jcip-annotations-1.0.jar:/home/wtwhite/code/regression-test-generation-NON-SOURCE-EQUIV/find-diff-classes/compile/gaoss/org/apache/hadoop/hadoop-hdfs/3.3.6/t/dependency/jdk.tools-1.8.jar:/home/wtwhite/code/regression-test-generation-NON-SOURCE-EQUIV/find-diff-classes/compile/gaoss/org/apache/hadoop/hadoop-hdfs/3.3.6/t/dependency/jersey-core-1.19.4.jar:/home/wtwhite/code/regression-test-generation-NON-SOURCE-EQUIV/find-diff-classes/compile/gaoss/org/apache/hadoop/hadoop-hdfs/3.3.6/t/dependency/jersey-json-1.20.jar:/home/wtwhite/code/regression-test-generation-NON-SOURCE-EQUIV/find-diff-classes/compile/gaoss/org/apache/hadoop/hadoop-hdfs/3.3.6/t/dependency/jersey-server-1.19.4.jar:/home/wtwhite/code/regression-test-generation-NON-SOURCE-EQUIV/find-diff-classes/compile/gaoss/org/apache/hadoop/hadoop-hdfs/3.3.6/t/dependency/jersey-servlet-1.19.4.jar:/home/wtwhite/code/regression-test-generation-NON-SOURCE-EQUIV/find-diff-classes/compile/gaoss/org/apache/hadoop/hadoop-hdfs/3.3.6/t/dependency/jettison-1.5.4.jar:/home/wtwhite/code/regression-test-generation-NON-SOURCE-EQUIV/find-diff-classes/compile/gaoss/org/apache/hadoop/hadoop-hdfs/3.3.6/t/dependency/jetty-http-9.4.51.v20230217.jar:/home/wtwhite/code/regression-test-generation-NON-SOURCE-EQUIV/find-diff-classes/compile/gaoss/org/apache/hadoop/hadoop-hdfs/3.3.6/t/dependency/jetty-io-9.4.51.v20230217.jar:/home/wtwhite/code/regression-test-generation-NON-SOURCE-EQUIV/find-diff-classes/compile/gaoss/org/apache/hadoop/hadoop-hdfs/3.3.6/t/dependency/jetty-security-9.4.51.v20230217.jar:/home/wtwhite/code/regression-test-generation-NON-SOURCE-EQUIV/find-diff-classes/compile/gaoss/org/apache/hadoop/hadoop-hdfs/3.3.6/t/dependency/jetty-server-9.4.51.v20230217.jar:/home/wtwhite/code/regression-test-generation-NON-SOURCE-EQUIV/find-diff-classes/compile/gaoss/org/apache/hadoop/hadoop-hdfs/3.3.6/t/dependency/jetty-servlet-9.4.51.v20230217.jar:/home/wtwhite/code/regression-test-generation-NON-SOURCE-EQUIV/find-diff-classes/compile/gaoss/org/apache/hadoop/hadoop-hdfs/3.3.6/t/dependency/jetty-util-9.4.51.v20230217.jar:/home/wtwhite/code/regression-test-generation-NON-SOURCE-EQUIV/find-diff-classes/compile/gaoss/org/apache/hadoop/hadoop-hdfs/3.3.6/t/dependency/jetty-util-ajax-9.4.51.v20230217.jar:/home/wtwhite/code/regression-test-generation-NON-SOURCE-EQUIV/find-diff-classes/compile/gaoss/org/apache/hadoop/hadoop-hdfs/3.3.6/t/dependency/jetty-webapp-9.4.51.v20230217.jar:/home/wtwhite/code/regression-test-generation-NON-SOURCE-EQUIV/find-diff-classes/compile/gaoss/org/apache/hadoop/hadoop-hdfs/3.3.6/t/dependency/jetty-xml-9.4.51.v20230217.jar:/home/wtwhite/code/regression-test-generation-NON-SOURCE-EQUIV/find-diff-classes/compile/gaoss/org/apache/hadoop/hadoop-hdfs/3.3.6/t/dependency/jsch-0.1.55.jar:/home/wtwhite/code/regression-test-generation-NON-SOURCE-EQUIV/find-diff-classes/compile/gaoss/org/apache/hadoop/hadoop-hdfs/3.3.6/t/dependency/jsp-api-2.1.jar:/home/wtwhite/code/regression-test-generation-NON-SOURCE-EQUIV/find-diff-classes/compile/gaoss/org/apache/hadoop/hadoop-hdfs/3.3.6/t/dependency/jsr305-3.0.2.jar:/home/wtwhite/code/regression-test-generation-NON-SOURCE-EQUIV/find-diff-classes/compile/gaoss/org/apache/hadoop/hadoop-hdfs/3.3.6/t/dependency/jsr311-api-1.1.1.jar:/home/wtwhite/code/regression-test-generation-NON-SOURCE-EQUIV/find-diff-classes/compile/gaoss/org/apache/hadoop/hadoop-hdfs/3.3.6/t/dependency/jul-to-slf4j-1.7.36.jar:/home/wtwhite/code/regression-test-generation-NON-SOURCE-EQUIV/find-diff-classes/compile/gaoss/org/apache/hadoop/hadoop-hdfs/3.3.6/t/dependency/junit-4.13.2.jar:/home/wtwhite/code/regression-test-generation-NON-SOURCE-EQUIV/find-diff-classes/compile/gaoss/org/apache/hadoop/hadoop-hdfs/3.3.6/t/dependency/junit-jupiter-api-5.8.2.jar:/home/wtwhite/code/regression-test-generation-NON-SOURCE-EQUIV/find-diff-classes/compile/gaoss/org/apache/hadoop/hadoop-hdfs/3.3.6/t/dependency/junit-platform-commons-1.8.2.jar:/home/wtwhite/code/regression-test-generation-NON-SOURCE-EQUIV/find-diff-classes/compile/gaoss/org/apache/hadoop/hadoop-hdfs/3.3.6/t/dependency/kerb-admin-1.0.1.jar:/home/wtwhite/code/regression-test-generation-NON-SOURCE-EQUIV/find-diff-classes/compile/gaoss/org/apache/hadoop/hadoop-hdfs/3.3.6/t/dependency/kerb-client-1.0.1.jar:/home/wtwhite/code/regression-test-generation-NON-SOURCE-EQUIV/find-diff-classes/compile/gaoss/org/apache/hadoop/hadoop-hdfs/3.3.6/t/dependency/kerb-common-1.0.1.jar:/home/wtwhite/code/regression-test-generation-NON-SOURCE-EQUIV/find-diff-classes/compile/gaoss/org/apache/hadoop/hadoop-hdfs/3.3.6/t/dependency/kerb-core-1.0.1.jar:/home/wtwhite/code/regression-test-generation-NON-SOURCE-EQUIV/find-diff-classes/compile/gaoss/org/apache/hadoop/hadoop-hdfs/3.3.6/t/dependency/kerb-crypto-1.0.1.jar:/home/wtwhite/code/regression-test-generation-NON-SOURCE-EQUIV/find-diff-classes/compile/gaoss/org/apache/hadoop/hadoop-hdfs/3.3.6/t/dependency/kerb-identity-1.0.1.jar:/home/wtwhite/code/regression-test-generation-NON-SOURCE-EQUIV/find-diff-classes/compile/gaoss/org/apache/hadoop/hadoop-hdfs/3.3.6/t/dependency/kerb-server-1.0.1.jar:/home/wtwhite/code/regression-test-generation-NON-SOURCE-EQUIV/find-diff-classes/compile/gaoss/org/apache/hadoop/hadoop-hdfs/3.3.6/t/dependency/kerb-simplekdc-1.0.1.jar:/home/wtwhite/code/regression-test-generation-NON-SOURCE-EQUIV/find-diff-classes/compile/gaoss/org/apache/hadoop/hadoop-hdfs/3.3.6/t/dependency/kerb-util-1.0.1.jar:/home/wtwhite/code/regression-test-generation-NON-SOURCE-EQUIV/find-diff-classes/compile/gaoss/org/apache/hadoop/hadoop-hdfs/3.3.6/t/dependency/kerby-asn1-1.0.1.jar:/home/wtwhite/code/regression-test-generation-NON-SOURCE-EQUIV/find-diff-classes/compile/gaoss/org/apache/hadoop/hadoop-hdfs/3.3.6/t/dependency/kerby-config-1.0.1.jar:/home/wtwhite/code/regression-test-generation-NON-SOURCE-EQUIV/find-diff-classes/compile/gaoss/org/apache/hadoop/hadoop-hdfs/3.3.6/t/dependency/kerby-pkix-1.0.1.jar:/home/wtwhite/code/regression-test-generation-NON-SOURCE-EQUIV/find-diff-classes/compile/gaoss/org/apache/hadoop/hadoop-hdfs/3.3.6/t/dependency/kerby-util-1.0.1.jar:/home/wtwhite/code/regression-test-generation-NON-SOURCE-EQUIV/find-diff-classes/compile/gaoss/org/apache/hadoop/hadoop-hdfs/3.3.6/t/dependency/kerby-xdr-1.0.1.jar:/home/wtwhite/code/regression-test-generation-NON-SOURCE-EQUIV/find-diff-classes/compile/gaoss/org/apache/hadoop/hadoop-hdfs/3.3.6/t/dependency/kotlin-stdlib-1.4.10.jar:/home/wtwhite/code/regression-test-generation-NON-SOURCE-EQUIV/find-diff-classes/compile/gaoss/org/apache/hadoop/hadoop-hdfs/3.3.6/t/dependency/kotlin-stdlib-common-1.4.10.jar:/home/wtwhite/code/regression-test-generation-NON-SOURCE-EQUIV/find-diff-classes/compile/gaoss/org/apache/hadoop/hadoop-hdfs/3.3.6/t/dependency/leveldbjni-all-1.8.jar:/home/wtwhite/code/regression-test-generation-NON-SOURCE-EQUIV/find-diff-classes/compile/gaoss/org/apache/hadoop/hadoop-hdfs/3.3.6/t/dependency/listenablefuture-9999.0-empty-to-avoid-conflict-with-guava.jar:/home/wtwhite/code/regression-test-generation-NON-SOURCE-EQUIV/find-diff-classes/compile/gaoss/org/apache/hadoop/hadoop-hdfs/3.3.6/t/dependency/lz4-java-1.7.1.jar:/home/wtwhite/code/regression-test-generation-NON-SOURCE-EQUIV/find-diff-classes/compile/gaoss/org/apache/hadoop/hadoop-hdfs/3.3.6/t/dependency/metrics-core-3.2.4.jar:/home/wtwhite/code/regression-test-generation-NON-SOURCE-EQUIV/find-diff-classes/compile/gaoss/org/apache/hadoop/hadoop-hdfs/3.3.6/t/dependency/mockito-core-2.28.2.jar:/home/wtwhite/code/regression-test-generation-NON-SOURCE-EQUIV/find-diff-classes/compile/gaoss/org/apache/hadoop/hadoop-hdfs/3.3.6/t/dependency/netty-3.10.6.Final.jar:/home/wtwhite/code/regression-test-generation-NON-SOURCE-EQUIV/find-diff-classes/compile/gaoss/org/apache/hadoop/hadoop-hdfs/3.3.6/t/dependency/netty-all-4.1.89.Final.jar:/home/wtwhite/code/regression-test-generation-NON-SOURCE-EQUIV/find-diff-classes/compile/gaoss/org/apache/hadoop/hadoop-hdfs/3.3.6/t/dependency/netty-buffer-4.1.89.Final.jar:/home/wtwhite/code/regression-test-generation-NON-SOURCE-EQUIV/find-diff-classes/compile/gaoss/org/apache/hadoop/hadoop-hdfs/3.3.6/t/dependency/netty-codec-4.1.89.Final.jar:/home/wtwhite/code/regression-test-generation-NON-SOURCE-EQUIV/find-diff-classes/compile/gaoss/org/apache/hadoop/hadoop-hdfs/3.3.6/t/dependency/netty-codec-dns-4.1.89.Final.jar:/home/wtwhite/code/regression-test-generation-NON-SOURCE-EQUIV/find-diff-classes/compile/gaoss/org/apache/hadoop/hadoop-hdfs/3.3.6/t/dependency/netty-codec-haproxy-4.1.89.Final.jar:/home/wtwhite/code/regression-test-generation-NON-SOURCE-EQUIV/find-diff-classes/compile/gaoss/org/apache/hadoop/hadoop-hdfs/3.3.6/t/dependency/netty-codec-http-4.1.89.Final.jar:/home/wtwhite/code/regression-test-generation-NON-SOURCE-EQUIV/find-diff-classes/compile/gaoss/org/apache/hadoop/hadoop-hdfs/3.3.6/t/dependency/netty-codec-http2-4.1.89.Final.jar:/home/wtwhite/code/regression-test-generation-NON-SOURCE-EQUIV/find-diff-classes/compile/gaoss/org/apache/hadoop/hadoop-hdfs/3.3.6/t/dependency/netty-codec-memcache-4.1.89.Final.jar:/home/wtwhite/code/regression-test-generation-NON-SOURCE-EQUIV/find-diff-classes/compile/gaoss/org/apache/hadoop/hadoop-hdfs/3.3.6/t/dependency/netty-codec-mqtt-4.1.89.Final.jar:/home/wtwhite/code/regression-test-generation-NON-SOURCE-EQUIV/find-diff-classes/compile/gaoss/org/apache/hadoop/hadoop-hdfs/3.3.6/t/dependency/netty-codec-redis-4.1.89.Final.jar:/home/wtwhite/code/regression-test-generation-NON-SOURCE-EQUIV/find-diff-classes/compile/gaoss/org/apache/hadoop/hadoop-hdfs/3.3.6/t/dependency/netty-codec-smtp-4.1.89.Final.jar:/home/wtwhite/code/regression-test-generation-NON-SOURCE-EQUIV/find-diff-classes/compile/gaoss/org/apache/hadoop/hadoop-hdfs/3.3.6/t/dependency/netty-codec-socks-4.1.89.Final.jar:/home/wtwhite/code/regression-test-generation-NON-SOURCE-EQUIV/find-diff-classes/compile/gaoss/org/apache/hadoop/hadoop-hdfs/3.3.6/t/dependency/netty-codec-stomp-4.1.89.Final.jar:/home/wtwhite/code/regression-test-generation-NON-SOURCE-EQUIV/find-diff-classes/compile/gaoss/org/apache/hadoop/hadoop-hdfs/3.3.6/t/dependency/netty-codec-xml-4.1.89.Final.jar:/home/wtwhite/code/regression-test-generation-NON-SOURCE-EQUIV/find-diff-classes/compile/gaoss/org/apache/hadoop/hadoop-hdfs/3.3.6/t/dependency/netty-common-4.1.89.Final.jar:/home/wtwhite/code/regression-test-generation-NON-SOURCE-EQUIV/find-diff-classes/compile/gaoss/org/apache/hadoop/hadoop-hdfs/3.3.6/t/dependency/netty-handler-4.1.89.Final.jar:/home/wtwhite/code/regression-test-generation-NON-SOURCE-EQUIV/find-diff-classes/compile/gaoss/org/apache/hadoop/hadoop-hdfs/3.3.6/t/dependency/netty-handler-proxy-4.1.89.Final.jar:/home/wtwhite/code/regression-test-generation-NON-SOURCE-EQUIV/find-diff-classes/compile/gaoss/org/apache/hadoop/hadoop-hdfs/3.3.6/t/dependency/netty-handler-ssl-ocsp-4.1.89.Final.jar:/home/wtwhite/code/regression-test-generation-NON-SOURCE-EQUIV/find-diff-classes/compile/gaoss/org/apache/hadoop/hadoop-hdfs/3.3.6/t/dependency/netty-resolver-4.1.89.Final.jar:/home/wtwhite/code/regression-test-generation-NON-SOURCE-EQUIV/find-diff-classes/compile/gaoss/org/apache/hadoop/hadoop-hdfs/3.3.6/t/dependency/netty-resolver-dns-4.1.89.Final.jar:/home/wtwhite/code/regression-test-generation-NON-SOURCE-EQUIV/find-diff-classes/compile/gaoss/org/apache/hadoop/hadoop-hdfs/3.3.6/t/dependency/netty-resolver-dns-classes-macos-4.1.89.Final.jar:/home/wtwhite/code/regression-test-generation-NON-SOURCE-EQUIV/find-diff-classes/compile/gaoss/org/apache/hadoop/hadoop-hdfs/3.3.6/t/dependency/netty-resolver-dns-native-macos-4.1.89.Final-osx-aarch_64.jar:/home/wtwhite/code/regression-test-generation-NON-SOURCE-EQUIV/find-diff-classes/compile/gaoss/org/apache/hadoop/hadoop-hdfs/3.3.6/t/dependency/netty-resolver-dns-native-macos-4.1.89.Final-osx-x86_64.jar:/home/wtwhite/code/regression-test-generation-NON-SOURCE-EQUIV/find-diff-classes/compile/gaoss/org/apache/hadoop/hadoop-hdfs/3.3.6/t/dependency/netty-transport-4.1.89.Final.jar:/home/wtwhite/code/regression-test-generation-NON-SOURCE-EQUIV/find-diff-classes/compile/gaoss/org/apache/hadoop/hadoop-hdfs/3.3.6/t/dependency/netty-transport-classes-epoll-4.1.89.Final.jar:/home/wtwhite/code/regression-test-generation-NON-SOURCE-EQUIV/find-diff-classes/compile/gaoss/org/apache/hadoop/hadoop-hdfs/3.3.6/t/dependency/netty-transport-classes-kqueue-4.1.89.Final.jar:/home/wtwhite/code/regression-test-generation-NON-SOURCE-EQUIV/find-diff-classes/compile/gaoss/org/apache/hadoop/hadoop-hdfs/3.3.6/t/dependency/netty-transport-native-epoll-4.1.89.Final-linux-aarch_64.jar:/home/wtwhite/code/regression-test-generation-NON-SOURCE-EQUIV/find-diff-classes/compile/gaoss/org/apache/hadoop/hadoop-hdfs/3.3.6/t/dependency/netty-transport-native-epoll-4.1.89.Final-linux-x86_64.jar:/home/wtwhite/code/regression-test-generation-NON-SOURCE-EQUIV/find-diff-classes/compile/gaoss/org/apache/hadoop/hadoop-hdfs/3.3.6/t/dependency/netty-transport-native-kqueue-4.1.89.Final-osx-aarch_64.jar:/home/wtwhite/code/regression-test-generation-NON-SOURCE-EQUIV/find-diff-classes/compile/gaoss/org/apache/hadoop/hadoop-hdfs/3.3.6/t/dependency/netty-transport-native-kqueue-4.1.89.Final-osx-x86_64.jar:/home/wtwhite/code/regression-test-generation-NON-SOURCE-EQUIV/find-diff-classes/compile/gaoss/org/apache/hadoop/hadoop-hdfs/3.3.6/t/dependency/netty-transport-native-unix-common-4.1.89.Final.jar:/home/wtwhite/code/regression-test-generation-NON-SOURCE-EQUIV/find-diff-classes/compile/gaoss/org/apache/hadoop/hadoop-hdfs/3.3.6/t/dependency/netty-transport-rxtx-4.1.89.Final.jar:/home/wtwhite/code/regression-test-generation-NON-SOURCE-EQUIV/find-diff-classes/compile/gaoss/org/apache/hadoop/hadoop-hdfs/3.3.6/t/dependency/netty-transport-sctp-4.1.89.Final.jar:/home/wtwhite/code/regression-test-generation-NON-SOURCE-EQUIV/find-diff-classes/compile/gaoss/org/apache/hadoop/hadoop-hdfs/3.3.6/t/dependency/netty-transport-udt-4.1.89.Final.jar:/home/wtwhite/code/regression-test-generation-NON-SOURCE-EQUIV/find-diff-classes/compile/gaoss/org/apache/hadoop/hadoop-hdfs/3.3.6/t/dependency/nimbus-jose-jwt-9.8.1.jar:/home/wtwhite/code/regression-test-generation-NON-SOURCE-EQUIV/find-diff-classes/compile/gaoss/org/apache/hadoop/hadoop-hdfs/3.3.6/t/dependency/objenesis-2.6.jar:/home/wtwhite/code/regression-test-generation-NON-SOURCE-EQUIV/find-diff-classes/compile/gaoss/org/apache/hadoop/hadoop-hdfs/3.3.6/t/dependency/okhttp-4.9.3.jar:/home/wtwhite/code/regression-test-generation-NON-SOURCE-EQUIV/find-diff-classes/compile/gaoss/org/apache/hadoop/hadoop-hdfs/3.3.6/t/dependency/okio-2.8.0.jar:/home/wtwhite/code/regression-test-generation-NON-SOURCE-EQUIV/find-diff-classes/compile/gaoss/org/apache/hadoop/hadoop-hdfs/3.3.6/t/dependency/opentest4j-1.2.0.jar:/home/wtwhite/code/regression-test-generation-NON-SOURCE-EQUIV/find-diff-classes/compile/gaoss/org/apache/hadoop/hadoop-hdfs/3.3.6/t/dependency/paranamer-2.3.jar:/home/wtwhite/code/regression-test-generation-NON-SOURCE-EQUIV/find-diff-classes/compile/gaoss/org/apache/hadoop/hadoop-hdfs/3.3.6/t/dependency/protobuf-java-2.5.0.jar:/home/wtwhite/code/regression-test-generation-NON-SOURCE-EQUIV/find-diff-classes/compile/gaoss/org/apache/hadoop/hadoop-hdfs/3.3.6/t/dependency/re2j-1.1.jar:/home/wtwhite/code/regression-test-generation-NON-SOURCE-EQUIV/find-diff-classes/compile/gaoss/org/apache/hadoop/hadoop-hdfs/3.3.6/t/dependency/reload4j-1.2.22.jar:/home/wtwhite/code/regression-test-generation-NON-SOURCE-EQUIV/find-diff-classes/compile/gaoss/org/apache/hadoop/hadoop-hdfs/3.3.6/t/dependency/slf4j-api-1.7.36.jar:/home/wtwhite/code/regression-test-generation-NON-SOURCE-EQUIV/find-diff-classes/compile/gaoss/org/apache/hadoop/hadoop-hdfs/3.3.6/t/dependency/slf4j-reload4j-1.7.36.jar:/home/wtwhite/code/regression-test-generation-NON-SOURCE-EQUIV/find-diff-classes/compile/gaoss/org/apache/hadoop/hadoop-hdfs/3.3.6/t/dependency/snappy-java-1.1.8.2.jar:/home/wtwhite/code/regression-test-generation-NON-SOURCE-EQUIV/find-diff-classes/compile/gaoss/org/apache/hadoop/hadoop-hdfs/3.3.6/t/dependency/stax2-api-4.2.1.jar:/home/wtwhite/code/regression-test-generation-NON-SOURCE-EQUIV/find-diff-classes/compile/gaoss/org/apache/hadoop/hadoop-hdfs/3.3.6/t/dependency/token-provider-1.0.1.jar:/home/wtwhite/code/regression-test-generation-NON-SOURCE-EQUIV/find-diff-classes/compile/gaoss/org/apache/hadoop/hadoop-hdfs/3.3.6/t/dependency/woodstox-core-5.4.0.jar:/home/wtwhite/code/regression-test-generation-NON-SOURCE-EQUIV/find-diff-classes/compile/gaoss/org/apache/hadoop/hadoop-hdfs/3.3.6/t/dependency/zookeeper-3.6.3-tests.jar:/home/wtwhite/code/regression-test-generation-NON-SOURCE-EQUIV/find-diff-classes/compile/gaoss/org/apache/hadoop/hadoop-hdfs/3.3.6/t/dependency/zookeeper-3.6.3.jar:/home/wtwhite/code/regression-test-generation-NON-SOURCE-EQUIV/find-diff-classes/compile/gaoss/org/apache/hadoop/hadoop-hdfs/3.3.6/t/dependency/zookeeper-jute-3.6.3.jar:/home/wtwhite/code/regression-test-generation/evosuite/evosuite-standalone-runtime-1.2.0.jar:/home/wtwhite/.m2/repository/junit/junit/4.13.2/junit-4.13.2.jar:/home/wtwhite/.m2/repository/org/hamcrest/hamcrest-core/1.3/hamcrest-core-1.3.jar:"/>
    <property name="java.vm.vendor" value="Private Build"/>
    <property name="sun.arch.data.model" value="64"/>
    <property name="java.vendor.url" value="http://java.oracle.com/"/>
    <property name="user.timezone" value="Pacific/Auckland"/>
    <property name="java.vm.specification.version" value="1.8"/>
    <property name="os.name" value="Linux"/>
    <property name="RUNDIR" value="/home/wtwhite/code/regression-test-generation-NON-SOURCE-EQUIV/find-diff-classes/run-mvn"/>
    <property name="user.country" value="NZ"/>
    <property name="sun.java.launcher" value="SUN_STANDARD"/>
    <property name="sun.boot.library.path" value="/usr/lib/jvm/java-8-openjdk-amd64/jre/lib/amd64"/>
    <property name="sun.java.command" value="/home/wtwhite/code/regression-test-generation-NON-SOURCE-EQUIV/find-diff-classes/compile/gaoss/org/apache/hadoop/hadoop-hdfs/3.3.6/target/surefire/surefirebooter-20241112134142455_3.jar /home/wtwhite/code/regression-test-generation-NON-SOURCE-EQUIV/find-diff-classes/compile/gaoss/org/apache/hadoop/hadoop-hdfs/3.3.6/target/surefire 2024-11-12T13-41-42_270-jvmRun1 surefire-20241112134142455_1tmp surefire_0-20241112134142455_2tmp"/>
    <property name="surefire.test.class.path" value="/home/wtwhite/code/regression-test-generation-NON-SOURCE-EQUIV/find-diff-classes/compile/gaoss/org/apache/hadoop/hadoop-hdfs/3.3.6/target/test-classes:/home/wtwhite/code/regression-test-generation-NON-SOURCE-EQUIV/find-diff-classes/compile/gaoss/org/apache/hadoop/hadoop-hdfs/3.3.6/target/classes:/home/wtwhite/code/craw-redhat-oss/wget/crawl/google-aoss/org/apache/hadoop/hadoop-hdfs/3.3.6/hadoop-hdfs-3.3.6.jar:/home/wtwhite/code/regression-test-generation-NON-SOURCE-EQUIV/find-diff-classes/compile/gaoss/org/apache/hadoop/hadoop-hdfs/3.3.6/t/dependency/AppleJavaExtensions-1.4.jar:/home/wtwhite/code/regression-test-generation-NON-SOURCE-EQUIV/find-diff-classes/compile/gaoss/org/apache/hadoop/hadoop-hdfs/3.3.6/t/dependency/animal-sniffer-annotations-1.17.jar:/home/wtwhite/code/regression-test-generation-NON-SOURCE-EQUIV/find-diff-classes/compile/gaoss/org/apache/hadoop/hadoop-hdfs/3.3.6/t/dependency/apiguardian-api-1.1.2.jar:/home/wtwhite/code/regression-test-generation-NON-SOURCE-EQUIV/find-diff-classes/compile/gaoss/org/apache/hadoop/hadoop-hdfs/3.3.6/t/dependency/asm-5.0.4.jar:/home/wtwhite/code/regression-test-generation-NON-SOURCE-EQUIV/find-diff-classes/compile/gaoss/org/apache/hadoop/hadoop-hdfs/3.3.6/t/dependency/asm-commons-5.0.2.jar:/home/wtwhite/code/regression-test-generation-NON-SOURCE-EQUIV/find-diff-classes/compile/gaoss/org/apache/hadoop/hadoop-hdfs/3.3.6/t/dependency/asm-debug-all-5.0.2.jar:/home/wtwhite/code/regression-test-generation-NON-SOURCE-EQUIV/find-diff-classes/compile/gaoss/org/apache/hadoop/hadoop-hdfs/3.3.6/t/dependency/asm-tree-5.0.2.jar:/home/wtwhite/code/regression-test-generation-NON-SOURCE-EQUIV/find-diff-classes/compile/gaoss/org/apache/hadoop/hadoop-hdfs/3.3.6/t/dependency/assertj-core-3.12.2.jar:/home/wtwhite/code/regression-test-generation-NON-SOURCE-EQUIV/find-diff-classes/compile/gaoss/org/apache/hadoop/hadoop-hdfs/3.3.6/t/dependency/audience-annotations-0.5.0.jar:/home/wtwhite/code/regression-test-generation-NON-SOURCE-EQUIV/find-diff-classes/compile/gaoss/org/apache/hadoop/hadoop-hdfs/3.3.6/t/dependency/avro-1.7.7.jar:/home/wtwhite/code/regression-test-generation-NON-SOURCE-EQUIV/find-diff-classes/compile/gaoss/org/apache/hadoop/hadoop-hdfs/3.3.6/t/dependency/bcel-findbugs-6.0.jar:/home/wtwhite/code/regression-test-generation-NON-SOURCE-EQUIV/find-diff-classes/compile/gaoss/org/apache/hadoop/hadoop-hdfs/3.3.6/t/dependency/bcprov-jdk15on-1.68.jar:/home/wtwhite/code/regression-test-generation-NON-SOURCE-EQUIV/find-diff-classes/compile/gaoss/org/apache/hadoop/hadoop-hdfs/3.3.6/t/dependency/byte-buddy-1.9.10.jar:/home/wtwhite/code/regression-test-generation-NON-SOURCE-EQUIV/find-diff-classes/compile/gaoss/org/apache/hadoop/hadoop-hdfs/3.3.6/t/dependency/byte-buddy-agent-1.9.10.jar:/home/wtwhite/code/regression-test-generation-NON-SOURCE-EQUIV/find-diff-classes/compile/gaoss/org/apache/hadoop/hadoop-hdfs/3.3.6/t/dependency/checker-qual-2.5.2.jar:/home/wtwhite/code/regression-test-generation-NON-SOURCE-EQUIV/find-diff-classes/compile/gaoss/org/apache/hadoop/hadoop-hdfs/3.3.6/t/dependency/commons-beanutils-1.9.4.jar:/home/wtwhite/code/regression-test-generation-NON-SOURCE-EQUIV/find-diff-classes/compile/gaoss/org/apache/hadoop/hadoop-hdfs/3.3.6/t/dependency/commons-cli-1.2.jar:/home/wtwhite/code/regression-test-generation-NON-SOURCE-EQUIV/find-diff-classes/compile/gaoss/org/apache/hadoop/hadoop-hdfs/3.3.6/t/dependency/commons-codec-1.15.jar:/home/wtwhite/code/regression-test-generation-NON-SOURCE-EQUIV/find-diff-classes/compile/gaoss/org/apache/hadoop/hadoop-hdfs/3.3.6/t/dependency/commons-collections-3.2.2.jar:/home/wtwhite/code/regression-test-generation-NON-SOURCE-EQUIV/find-diff-classes/compile/gaoss/org/apache/hadoop/hadoop-hdfs/3.3.6/t/dependency/commons-compress-1.21.jar:/home/wtwhite/code/regression-test-generation-NON-SOURCE-EQUIV/find-diff-classes/compile/gaoss/org/apache/hadoop/hadoop-hdfs/3.3.6/t/dependency/commons-configuration2-2.8.0.jar:/home/wtwhite/code/regression-test-generation-NON-SOURCE-EQUIV/find-diff-classes/compile/gaoss/org/apache/hadoop/hadoop-hdfs/3.3.6/t/dependency/commons-daemon-1.0.13.jar:/home/wtwhite/code/regression-test-generation-NON-SOURCE-EQUIV/find-diff-classes/compile/gaoss/org/apache/hadoop/hadoop-hdfs/3.3.6/t/dependency/commons-io-2.8.0.jar:/home/wtwhite/code/regression-test-generation-NON-SOURCE-EQUIV/find-diff-classes/compile/gaoss/org/apache/hadoop/hadoop-hdfs/3.3.6/t/dependency/commons-lang-2.6.jar:/home/wtwhite/code/regression-test-generation-NON-SOURCE-EQUIV/find-diff-classes/compile/gaoss/org/apache/hadoop/hadoop-hdfs/3.3.6/t/dependency/commons-lang3-3.12.0.jar:/home/wtwhite/code/regression-test-generation-NON-SOURCE-EQUIV/find-diff-classes/compile/gaoss/org/apache/hadoop/hadoop-hdfs/3.3.6/t/dependency/commons-logging-1.1.3.jar:/home/wtwhite/code/regression-test-generation-NON-SOURCE-EQUIV/find-diff-classes/compile/gaoss/org/apache/hadoop/hadoop-hdfs/3.3.6/t/dependency/commons-math3-3.1.1.jar:/home/wtwhite/code/regression-test-generation-NON-SOURCE-EQUIV/find-diff-classes/compile/gaoss/org/apache/hadoop/hadoop-hdfs/3.3.6/t/dependency/commons-net-3.9.0.jar:/home/wtwhite/code/regression-test-generation-NON-SOURCE-EQUIV/find-diff-classes/compile/gaoss/org/apache/hadoop/hadoop-hdfs/3.3.6/t/dependency/commons-text-1.10.0.jar:/home/wtwhite/code/regression-test-generation-NON-SOURCE-EQUIV/find-diff-classes/compile/gaoss/org/apache/hadoop/hadoop-hdfs/3.3.6/t/dependency/curator-client-5.2.0.jar:/home/wtwhite/code/regression-test-generation-NON-SOURCE-EQUIV/find-diff-classes/compile/gaoss/org/apache/hadoop/hadoop-hdfs/3.3.6/t/dependency/curator-framework-5.2.0.jar:/home/wtwhite/code/regression-test-generation-NON-SOURCE-EQUIV/find-diff-classes/compile/gaoss/org/apache/hadoop/hadoop-hdfs/3.3.6/t/dependency/curator-recipes-5.2.0.jar:/home/wtwhite/code/regression-test-generation-NON-SOURCE-EQUIV/find-diff-classes/compile/gaoss/org/apache/hadoop/hadoop-hdfs/3.3.6/t/dependency/curator-test-5.2.0.jar:/home/wtwhite/code/regression-test-generation-NON-SOURCE-EQUIV/find-diff-classes/compile/gaoss/org/apache/hadoop/hadoop-hdfs/3.3.6/t/dependency/dnsjava-2.1.7.jar:/home/wtwhite/code/regression-test-generation-NON-SOURCE-EQUIV/find-diff-classes/compile/gaoss/org/apache/hadoop/hadoop-hdfs/3.3.6/t/dependency/dom4j-1.6.1.jar:/home/wtwhite/code/regression-test-generation-NON-SOURCE-EQUIV/find-diff-classes/compile/gaoss/org/apache/hadoop/hadoop-hdfs/3.3.6/t/dependency/failureaccess-1.0.jar:/home/wtwhite/code/regression-test-generation-NON-SOURCE-EQUIV/find-diff-classes/compile/gaoss/org/apache/hadoop/hadoop-hdfs/3.3.6/t/dependency/findbugs-3.0.1.jar:/home/wtwhite/code/regression-test-generation-NON-SOURCE-EQUIV/find-diff-classes/compile/gaoss/org/apache/hadoop/hadoop-hdfs/3.3.6/t/dependency/gson-2.9.0.jar:/home/wtwhite/code/regression-test-generation-NON-SOURCE-EQUIV/find-diff-classes/compile/gaoss/org/apache/hadoop/hadoop-hdfs/3.3.6/t/dependency/guava-27.0-jre.jar:/home/wtwhite/code/regression-test-generation-NON-SOURCE-EQUIV/find-diff-classes/compile/gaoss/org/apache/hadoop/hadoop-hdfs/3.3.6/t/dependency/hadoop-annotations-3.3.6.jar:/home/wtwhite/code/regression-test-generation-NON-SOURCE-EQUIV/find-diff-classes/compile/gaoss/org/apache/hadoop/hadoop-hdfs/3.3.6/t/dependency/hadoop-auth-3.3.6.jar:/home/wtwhite/code/regression-test-generation-NON-SOURCE-EQUIV/find-diff-classes/compile/gaoss/org/apache/hadoop/hadoop-hdfs/3.3.6/t/dependency/hadoop-common-3.3.6-tests.jar:/home/wtwhite/code/regression-test-generation-NON-SOURCE-EQUIV/find-diff-classes/compile/gaoss/org/apache/hadoop/hadoop-hdfs/3.3.6/t/dependency/hadoop-common-3.3.6.jar:/home/wtwhite/code/regression-test-generation-NON-SOURCE-EQUIV/find-diff-classes/compile/gaoss/org/apache/hadoop/hadoop-hdfs/3.3.6/t/dependency/hadoop-hdfs-client-3.3.6.jar:/home/wtwhite/code/regression-test-generation-NON-SOURCE-EQUIV/find-diff-classes/compile/gaoss/org/apache/hadoop/hadoop-hdfs/3.3.6/t/dependency/hadoop-kms-3.3.6-tests.jar:/home/wtwhite/code/regression-test-generation-NON-SOURCE-EQUIV/find-diff-classes/compile/gaoss/org/apache/hadoop/hadoop-hdfs/3.3.6/t/dependency/hadoop-kms-3.3.6.jar:/home/wtwhite/code/regression-test-generation-NON-SOURCE-EQUIV/find-diff-classes/compile/gaoss/org/apache/hadoop/hadoop-hdfs/3.3.6/t/dependency/hadoop-minikdc-3.3.6.jar:/home/wtwhite/code/regression-test-generation-NON-SOURCE-EQUIV/find-diff-classes/compile/gaoss/org/apache/hadoop/hadoop-hdfs/3.3.6/t/dependency/hadoop-shaded-guava-1.1.1.jar:/home/wtwhite/code/regression-test-generation-NON-SOURCE-EQUIV/find-diff-classes/compile/gaoss/org/apache/hadoop/hadoop-hdfs/3.3.6/t/dependency/hadoop-shaded-protobuf_3_7-1.1.1.jar:/home/wtwhite/code/regression-test-generation-NON-SOURCE-EQUIV/find-diff-classes/compile/gaoss/org/apache/hadoop/hadoop-hdfs/3.3.6/t/dependency/hamcrest-core-1.3.jar:/home/wtwhite/code/regression-test-generation-NON-SOURCE-EQUIV/find-diff-classes/compile/gaoss/org/apache/hadoop/hadoop-hdfs/3.3.6/t/dependency/httpclient-4.5.13.jar:/home/wtwhite/code/regression-test-generation-NON-SOURCE-EQUIV/find-diff-classes/compile/gaoss/org/apache/hadoop/hadoop-hdfs/3.3.6/t/dependency/httpcore-4.4.13.jar:/home/wtwhite/code/regression-test-generation-NON-SOURCE-EQUIV/find-diff-classes/compile/gaoss/org/apache/hadoop/hadoop-hdfs/3.3.6/t/dependency/j2objc-annotations-1.1.jar:/home/wtwhite/code/regression-test-generation-NON-SOURCE-EQUIV/find-diff-classes/compile/gaoss/org/apache/hadoop/hadoop-hdfs/3.3.6/t/dependency/jFormatString-2.0.1.jar:/home/wtwhite/code/regression-test-generation-NON-SOURCE-EQUIV/find-diff-classes/compile/gaoss/org/apache/hadoop/hadoop-hdfs/3.3.6/t/dependency/jackson-annotations-2.12.7.jar:/home/wtwhite/code/regression-test-generation-NON-SOURCE-EQUIV/find-diff-classes/compile/gaoss/org/apache/hadoop/hadoop-hdfs/3.3.6/t/dependency/jackson-core-2.12.7.jar:/home/wtwhite/code/regression-test-generation-NON-SOURCE-EQUIV/find-diff-classes/compile/gaoss/org/apache/hadoop/hadoop-hdfs/3.3.6/t/dependency/jackson-core-asl-1.9.13.jar:/home/wtwhite/code/regression-test-generation-NON-SOURCE-EQUIV/find-diff-classes/compile/gaoss/org/apache/hadoop/hadoop-hdfs/3.3.6/t/dependency/jackson-databind-2.12.7.1.jar:/home/wtwhite/code/regression-test-generation-NON-SOURCE-EQUIV/find-diff-classes/compile/gaoss/org/apache/hadoop/hadoop-hdfs/3.3.6/t/dependency/jackson-mapper-asl-1.9.13.jar:/home/wtwhite/code/regression-test-generation-NON-SOURCE-EQUIV/find-diff-classes/compile/gaoss/org/apache/hadoop/hadoop-hdfs/3.3.6/t/dependency/jakarta.activation-api-1.2.1.jar:/home/wtwhite/code/regression-test-generation-NON-SOURCE-EQUIV/find-diff-classes/compile/gaoss/org/apache/hadoop/hadoop-hdfs/3.3.6/t/dependency/javax.servlet-api-3.1.0.jar:/home/wtwhite/code/regression-test-generation-NON-SOURCE-EQUIV/find-diff-classes/compile/gaoss/org/apache/hadoop/hadoop-hdfs/3.3.6/t/dependency/jaxb-api-2.2.11.jar:/home/wtwhite/code/regression-test-generation-NON-SOURCE-EQUIV/find-diff-classes/compile/gaoss/org/apache/hadoop/hadoop-hdfs/3.3.6/t/dependency/jaxb-impl-2.2.3-1.jar:/home/wtwhite/code/regression-test-generation-NON-SOURCE-EQUIV/find-diff-classes/compile/gaoss/org/apache/hadoop/hadoop-hdfs/3.3.6/t/dependency/jaxen-1.1.6.jar:/home/wtwhite/code/regression-test-generation-NON-SOURCE-EQUIV/find-diff-classes/compile/gaoss/org/apache/hadoop/hadoop-hdfs/3.3.6/t/dependency/jcip-annotations-1.0-1.jar:/home/wtwhite/code/regression-test-generation-NON-SOURCE-EQUIV/find-diff-classes/compile/gaoss/org/apache/hadoop/hadoop-hdfs/3.3.6/t/dependency/jcip-annotations-1.0.jar:/home/wtwhite/code/regression-test-generation-NON-SOURCE-EQUIV/find-diff-classes/compile/gaoss/org/apache/hadoop/hadoop-hdfs/3.3.6/t/dependency/jdk.tools-1.8.jar:/home/wtwhite/code/regression-test-generation-NON-SOURCE-EQUIV/find-diff-classes/compile/gaoss/org/apache/hadoop/hadoop-hdfs/3.3.6/t/dependency/jersey-core-1.19.4.jar:/home/wtwhite/code/regression-test-generation-NON-SOURCE-EQUIV/find-diff-classes/compile/gaoss/org/apache/hadoop/hadoop-hdfs/3.3.6/t/dependency/jersey-json-1.20.jar:/home/wtwhite/code/regression-test-generation-NON-SOURCE-EQUIV/find-diff-classes/compile/gaoss/org/apache/hadoop/hadoop-hdfs/3.3.6/t/dependency/jersey-server-1.19.4.jar:/home/wtwhite/code/regression-test-generation-NON-SOURCE-EQUIV/find-diff-classes/compile/gaoss/org/apache/hadoop/hadoop-hdfs/3.3.6/t/dependency/jersey-servlet-1.19.4.jar:/home/wtwhite/code/regression-test-generation-NON-SOURCE-EQUIV/find-diff-classes/compile/gaoss/org/apache/hadoop/hadoop-hdfs/3.3.6/t/dependency/jettison-1.5.4.jar:/home/wtwhite/code/regression-test-generation-NON-SOURCE-EQUIV/find-diff-classes/compile/gaoss/org/apache/hadoop/hadoop-hdfs/3.3.6/t/dependency/jetty-http-9.4.51.v20230217.jar:/home/wtwhite/code/regression-test-generation-NON-SOURCE-EQUIV/find-diff-classes/compile/gaoss/org/apache/hadoop/hadoop-hdfs/3.3.6/t/dependency/jetty-io-9.4.51.v20230217.jar:/home/wtwhite/code/regression-test-generation-NON-SOURCE-EQUIV/find-diff-classes/compile/gaoss/org/apache/hadoop/hadoop-hdfs/3.3.6/t/dependency/jetty-security-9.4.51.v20230217.jar:/home/wtwhite/code/regression-test-generation-NON-SOURCE-EQUIV/find-diff-classes/compile/gaoss/org/apache/hadoop/hadoop-hdfs/3.3.6/t/dependency/jetty-server-9.4.51.v20230217.jar:/home/wtwhite/code/regression-test-generation-NON-SOURCE-EQUIV/find-diff-classes/compile/gaoss/org/apache/hadoop/hadoop-hdfs/3.3.6/t/dependency/jetty-servlet-9.4.51.v20230217.jar:/home/wtwhite/code/regression-test-generation-NON-SOURCE-EQUIV/find-diff-classes/compile/gaoss/org/apache/hadoop/hadoop-hdfs/3.3.6/t/dependency/jetty-util-9.4.51.v20230217.jar:/home/wtwhite/code/regression-test-generation-NON-SOURCE-EQUIV/find-diff-classes/compile/gaoss/org/apache/hadoop/hadoop-hdfs/3.3.6/t/dependency/jetty-util-ajax-9.4.51.v20230217.jar:/home/wtwhite/code/regression-test-generation-NON-SOURCE-EQUIV/find-diff-classes/compile/gaoss/org/apache/hadoop/hadoop-hdfs/3.3.6/t/dependency/jetty-webapp-9.4.51.v20230217.jar:/home/wtwhite/code/regression-test-generation-NON-SOURCE-EQUIV/find-diff-classes/compile/gaoss/org/apache/hadoop/hadoop-hdfs/3.3.6/t/dependency/jetty-xml-9.4.51.v20230217.jar:/home/wtwhite/code/regression-test-generation-NON-SOURCE-EQUIV/find-diff-classes/compile/gaoss/org/apache/hadoop/hadoop-hdfs/3.3.6/t/dependency/jsch-0.1.55.jar:/home/wtwhite/code/regression-test-generation-NON-SOURCE-EQUIV/find-diff-classes/compile/gaoss/org/apache/hadoop/hadoop-hdfs/3.3.6/t/dependency/jsp-api-2.1.jar:/home/wtwhite/code/regression-test-generation-NON-SOURCE-EQUIV/find-diff-classes/compile/gaoss/org/apache/hadoop/hadoop-hdfs/3.3.6/t/dependency/jsr305-3.0.2.jar:/home/wtwhite/code/regression-test-generation-NON-SOURCE-EQUIV/find-diff-classes/compile/gaoss/org/apache/hadoop/hadoop-hdfs/3.3.6/t/dependency/jsr311-api-1.1.1.jar:/home/wtwhite/code/regression-test-generation-NON-SOURCE-EQUIV/find-diff-classes/compile/gaoss/org/apache/hadoop/hadoop-hdfs/3.3.6/t/dependency/jul-to-slf4j-1.7.36.jar:/home/wtwhite/code/regression-test-generation-NON-SOURCE-EQUIV/find-diff-classes/compile/gaoss/org/apache/hadoop/hadoop-hdfs/3.3.6/t/dependency/junit-4.13.2.jar:/home/wtwhite/code/regression-test-generation-NON-SOURCE-EQUIV/find-diff-classes/compile/gaoss/org/apache/hadoop/hadoop-hdfs/3.3.6/t/dependency/junit-jupiter-api-5.8.2.jar:/home/wtwhite/code/regression-test-generation-NON-SOURCE-EQUIV/find-diff-classes/compile/gaoss/org/apache/hadoop/hadoop-hdfs/3.3.6/t/dependency/junit-platform-commons-1.8.2.jar:/home/wtwhite/code/regression-test-generation-NON-SOURCE-EQUIV/find-diff-classes/compile/gaoss/org/apache/hadoop/hadoop-hdfs/3.3.6/t/dependency/kerb-admin-1.0.1.jar:/home/wtwhite/code/regression-test-generation-NON-SOURCE-EQUIV/find-diff-classes/compile/gaoss/org/apache/hadoop/hadoop-hdfs/3.3.6/t/dependency/kerb-client-1.0.1.jar:/home/wtwhite/code/regression-test-generation-NON-SOURCE-EQUIV/find-diff-classes/compile/gaoss/org/apache/hadoop/hadoop-hdfs/3.3.6/t/dependency/kerb-common-1.0.1.jar:/home/wtwhite/code/regression-test-generation-NON-SOURCE-EQUIV/find-diff-classes/compile/gaoss/org/apache/hadoop/hadoop-hdfs/3.3.6/t/dependency/kerb-core-1.0.1.jar:/home/wtwhite/code/regression-test-generation-NON-SOURCE-EQUIV/find-diff-classes/compile/gaoss/org/apache/hadoop/hadoop-hdfs/3.3.6/t/dependency/kerb-crypto-1.0.1.jar:/home/wtwhite/code/regression-test-generation-NON-SOURCE-EQUIV/find-diff-classes/compile/gaoss/org/apache/hadoop/hadoop-hdfs/3.3.6/t/dependency/kerb-identity-1.0.1.jar:/home/wtwhite/code/regression-test-generation-NON-SOURCE-EQUIV/find-diff-classes/compile/gaoss/org/apache/hadoop/hadoop-hdfs/3.3.6/t/dependency/kerb-server-1.0.1.jar:/home/wtwhite/code/regression-test-generation-NON-SOURCE-EQUIV/find-diff-classes/compile/gaoss/org/apache/hadoop/hadoop-hdfs/3.3.6/t/dependency/kerb-simplekdc-1.0.1.jar:/home/wtwhite/code/regression-test-generation-NON-SOURCE-EQUIV/find-diff-classes/compile/gaoss/org/apache/hadoop/hadoop-hdfs/3.3.6/t/dependency/kerb-util-1.0.1.jar:/home/wtwhite/code/regression-test-generation-NON-SOURCE-EQUIV/find-diff-classes/compile/gaoss/org/apache/hadoop/hadoop-hdfs/3.3.6/t/dependency/kerby-asn1-1.0.1.jar:/home/wtwhite/code/regression-test-generation-NON-SOURCE-EQUIV/find-diff-classes/compile/gaoss/org/apache/hadoop/hadoop-hdfs/3.3.6/t/dependency/kerby-config-1.0.1.jar:/home/wtwhite/code/regression-test-generation-NON-SOURCE-EQUIV/find-diff-classes/compile/gaoss/org/apache/hadoop/hadoop-hdfs/3.3.6/t/dependency/kerby-pkix-1.0.1.jar:/home/wtwhite/code/regression-test-generation-NON-SOURCE-EQUIV/find-diff-classes/compile/gaoss/org/apache/hadoop/hadoop-hdfs/3.3.6/t/dependency/kerby-util-1.0.1.jar:/home/wtwhite/code/regression-test-generation-NON-SOURCE-EQUIV/find-diff-classes/compile/gaoss/org/apache/hadoop/hadoop-hdfs/3.3.6/t/dependency/kerby-xdr-1.0.1.jar:/home/wtwhite/code/regression-test-generation-NON-SOURCE-EQUIV/find-diff-classes/compile/gaoss/org/apache/hadoop/hadoop-hdfs/3.3.6/t/dependency/kotlin-stdlib-1.4.10.jar:/home/wtwhite/code/regression-test-generation-NON-SOURCE-EQUIV/find-diff-classes/compile/gaoss/org/apache/hadoop/hadoop-hdfs/3.3.6/t/dependency/kotlin-stdlib-common-1.4.10.jar:/home/wtwhite/code/regression-test-generation-NON-SOURCE-EQUIV/find-diff-classes/compile/gaoss/org/apache/hadoop/hadoop-hdfs/3.3.6/t/dependency/leveldbjni-all-1.8.jar:/home/wtwhite/code/regression-test-generation-NON-SOURCE-EQUIV/find-diff-classes/compile/gaoss/org/apache/hadoop/hadoop-hdfs/3.3.6/t/dependency/listenablefuture-9999.0-empty-to-avoid-conflict-with-guava.jar:/home/wtwhite/code/regression-test-generation-NON-SOURCE-EQUIV/find-diff-classes/compile/gaoss/org/apache/hadoop/hadoop-hdfs/3.3.6/t/dependency/lz4-java-1.7.1.jar:/home/wtwhite/code/regression-test-generation-NON-SOURCE-EQUIV/find-diff-classes/compile/gaoss/org/apache/hadoop/hadoop-hdfs/3.3.6/t/dependency/metrics-core-3.2.4.jar:/home/wtwhite/code/regression-test-generation-NON-SOURCE-EQUIV/find-diff-classes/compile/gaoss/org/apache/hadoop/hadoop-hdfs/3.3.6/t/dependency/mockito-core-2.28.2.jar:/home/wtwhite/code/regression-test-generation-NON-SOURCE-EQUIV/find-diff-classes/compile/gaoss/org/apache/hadoop/hadoop-hdfs/3.3.6/t/dependency/netty-3.10.6.Final.jar:/home/wtwhite/code/regression-test-generation-NON-SOURCE-EQUIV/find-diff-classes/compile/gaoss/org/apache/hadoop/hadoop-hdfs/3.3.6/t/dependency/netty-all-4.1.89.Final.jar:/home/wtwhite/code/regression-test-generation-NON-SOURCE-EQUIV/find-diff-classes/compile/gaoss/org/apache/hadoop/hadoop-hdfs/3.3.6/t/dependency/netty-buffer-4.1.89.Final.jar:/home/wtwhite/code/regression-test-generation-NON-SOURCE-EQUIV/find-diff-classes/compile/gaoss/org/apache/hadoop/hadoop-hdfs/3.3.6/t/dependency/netty-codec-4.1.89.Final.jar:/home/wtwhite/code/regression-test-generation-NON-SOURCE-EQUIV/find-diff-classes/compile/gaoss/org/apache/hadoop/hadoop-hdfs/3.3.6/t/dependency/netty-codec-dns-4.1.89.Final.jar:/home/wtwhite/code/regression-test-generation-NON-SOURCE-EQUIV/find-diff-classes/compile/gaoss/org/apache/hadoop/hadoop-hdfs/3.3.6/t/dependency/netty-codec-haproxy-4.1.89.Final.jar:/home/wtwhite/code/regression-test-generation-NON-SOURCE-EQUIV/find-diff-classes/compile/gaoss/org/apache/hadoop/hadoop-hdfs/3.3.6/t/dependency/netty-codec-http-4.1.89.Final.jar:/home/wtwhite/code/regression-test-generation-NON-SOURCE-EQUIV/find-diff-classes/compile/gaoss/org/apache/hadoop/hadoop-hdfs/3.3.6/t/dependency/netty-codec-http2-4.1.89.Final.jar:/home/wtwhite/code/regression-test-generation-NON-SOURCE-EQUIV/find-diff-classes/compile/gaoss/org/apache/hadoop/hadoop-hdfs/3.3.6/t/dependency/netty-codec-memcache-4.1.89.Final.jar:/home/wtwhite/code/regression-test-generation-NON-SOURCE-EQUIV/find-diff-classes/compile/gaoss/org/apache/hadoop/hadoop-hdfs/3.3.6/t/dependency/netty-codec-mqtt-4.1.89.Final.jar:/home/wtwhite/code/regression-test-generation-NON-SOURCE-EQUIV/find-diff-classes/compile/gaoss/org/apache/hadoop/hadoop-hdfs/3.3.6/t/dependency/netty-codec-redis-4.1.89.Final.jar:/home/wtwhite/code/regression-test-generation-NON-SOURCE-EQUIV/find-diff-classes/compile/gaoss/org/apache/hadoop/hadoop-hdfs/3.3.6/t/dependency/netty-codec-smtp-4.1.89.Final.jar:/home/wtwhite/code/regression-test-generation-NON-SOURCE-EQUIV/find-diff-classes/compile/gaoss/org/apache/hadoop/hadoop-hdfs/3.3.6/t/dependency/netty-codec-socks-4.1.89.Final.jar:/home/wtwhite/code/regression-test-generation-NON-SOURCE-EQUIV/find-diff-classes/compile/gaoss/org/apache/hadoop/hadoop-hdfs/3.3.6/t/dependency/netty-codec-stomp-4.1.89.Final.jar:/home/wtwhite/code/regression-test-generation-NON-SOURCE-EQUIV/find-diff-classes/compile/gaoss/org/apache/hadoop/hadoop-hdfs/3.3.6/t/dependency/netty-codec-xml-4.1.89.Final.jar:/home/wtwhite/code/regression-test-generation-NON-SOURCE-EQUIV/find-diff-classes/compile/gaoss/org/apache/hadoop/hadoop-hdfs/3.3.6/t/dependency/netty-common-4.1.89.Final.jar:/home/wtwhite/code/regression-test-generation-NON-SOURCE-EQUIV/find-diff-classes/compile/gaoss/org/apache/hadoop/hadoop-hdfs/3.3.6/t/dependency/netty-handler-4.1.89.Final.jar:/home/wtwhite/code/regression-test-generation-NON-SOURCE-EQUIV/find-diff-classes/compile/gaoss/org/apache/hadoop/hadoop-hdfs/3.3.6/t/dependency/netty-handler-proxy-4.1.89.Final.jar:/home/wtwhite/code/regression-test-generation-NON-SOURCE-EQUIV/find-diff-classes/compile/gaoss/org/apache/hadoop/hadoop-hdfs/3.3.6/t/dependency/netty-handler-ssl-ocsp-4.1.89.Final.jar:/home/wtwhite/code/regression-test-generation-NON-SOURCE-EQUIV/find-diff-classes/compile/gaoss/org/apache/hadoop/hadoop-hdfs/3.3.6/t/dependency/netty-resolver-4.1.89.Final.jar:/home/wtwhite/code/regression-test-generation-NON-SOURCE-EQUIV/find-diff-classes/compile/gaoss/org/apache/hadoop/hadoop-hdfs/3.3.6/t/dependency/netty-resolver-dns-4.1.89.Final.jar:/home/wtwhite/code/regression-test-generation-NON-SOURCE-EQUIV/find-diff-classes/compile/gaoss/org/apache/hadoop/hadoop-hdfs/3.3.6/t/dependency/netty-resolver-dns-classes-macos-4.1.89.Final.jar:/home/wtwhite/code/regression-test-generation-NON-SOURCE-EQUIV/find-diff-classes/compile/gaoss/org/apache/hadoop/hadoop-hdfs/3.3.6/t/dependency/netty-resolver-dns-native-macos-4.1.89.Final-osx-aarch_64.jar:/home/wtwhite/code/regression-test-generation-NON-SOURCE-EQUIV/find-diff-classes/compile/gaoss/org/apache/hadoop/hadoop-hdfs/3.3.6/t/dependency/netty-resolver-dns-native-macos-4.1.89.Final-osx-x86_64.jar:/home/wtwhite/code/regression-test-generation-NON-SOURCE-EQUIV/find-diff-classes/compile/gaoss/org/apache/hadoop/hadoop-hdfs/3.3.6/t/dependency/netty-transport-4.1.89.Final.jar:/home/wtwhite/code/regression-test-generation-NON-SOURCE-EQUIV/find-diff-classes/compile/gaoss/org/apache/hadoop/hadoop-hdfs/3.3.6/t/dependency/netty-transport-classes-epoll-4.1.89.Final.jar:/home/wtwhite/code/regression-test-generation-NON-SOURCE-EQUIV/find-diff-classes/compile/gaoss/org/apache/hadoop/hadoop-hdfs/3.3.6/t/dependency/netty-transport-classes-kqueue-4.1.89.Final.jar:/home/wtwhite/code/regression-test-generation-NON-SOURCE-EQUIV/find-diff-classes/compile/gaoss/org/apache/hadoop/hadoop-hdfs/3.3.6/t/dependency/netty-transport-native-epoll-4.1.89.Final-linux-aarch_64.jar:/home/wtwhite/code/regression-test-generation-NON-SOURCE-EQUIV/find-diff-classes/compile/gaoss/org/apache/hadoop/hadoop-hdfs/3.3.6/t/dependency/netty-transport-native-epoll-4.1.89.Final-linux-x86_64.jar:/home/wtwhite/code/regression-test-generation-NON-SOURCE-EQUIV/find-diff-classes/compile/gaoss/org/apache/hadoop/hadoop-hdfs/3.3.6/t/dependency/netty-transport-native-kqueue-4.1.89.Final-osx-aarch_64.jar:/home/wtwhite/code/regression-test-generation-NON-SOURCE-EQUIV/find-diff-classes/compile/gaoss/org/apache/hadoop/hadoop-hdfs/3.3.6/t/dependency/netty-transport-native-kqueue-4.1.89.Final-osx-x86_64.jar:/home/wtwhite/code/regression-test-generation-NON-SOURCE-EQUIV/find-diff-classes/compile/gaoss/org/apache/hadoop/hadoop-hdfs/3.3.6/t/dependency/netty-transport-native-unix-common-4.1.89.Final.jar:/home/wtwhite/code/regression-test-generation-NON-SOURCE-EQUIV/find-diff-classes/compile/gaoss/org/apache/hadoop/hadoop-hdfs/3.3.6/t/dependency/netty-transport-rxtx-4.1.89.Final.jar:/home/wtwhite/code/regression-test-generation-NON-SOURCE-EQUIV/find-diff-classes/compile/gaoss/org/apache/hadoop/hadoop-hdfs/3.3.6/t/dependency/netty-transport-sctp-4.1.89.Final.jar:/home/wtwhite/code/regression-test-generation-NON-SOURCE-EQUIV/find-diff-classes/compile/gaoss/org/apache/hadoop/hadoop-hdfs/3.3.6/t/dependency/netty-transport-udt-4.1.89.Final.jar:/home/wtwhite/code/regression-test-generation-NON-SOURCE-EQUIV/find-diff-classes/compile/gaoss/org/apache/hadoop/hadoop-hdfs/3.3.6/t/dependency/nimbus-jose-jwt-9.8.1.jar:/home/wtwhite/code/regression-test-generation-NON-SOURCE-EQUIV/find-diff-classes/compile/gaoss/org/apache/hadoop/hadoop-hdfs/3.3.6/t/dependency/objenesis-2.6.jar:/home/wtwhite/code/regression-test-generation-NON-SOURCE-EQUIV/find-diff-classes/compile/gaoss/org/apache/hadoop/hadoop-hdfs/3.3.6/t/dependency/okhttp-4.9.3.jar:/home/wtwhite/code/regression-test-generation-NON-SOURCE-EQUIV/find-diff-classes/compile/gaoss/org/apache/hadoop/hadoop-hdfs/3.3.6/t/dependency/okio-2.8.0.jar:/home/wtwhite/code/regression-test-generation-NON-SOURCE-EQUIV/find-diff-classes/compile/gaoss/org/apache/hadoop/hadoop-hdfs/3.3.6/t/dependency/opentest4j-1.2.0.jar:/home/wtwhite/code/regression-test-generation-NON-SOURCE-EQUIV/find-diff-classes/compile/gaoss/org/apache/hadoop/hadoop-hdfs/3.3.6/t/dependency/paranamer-2.3.jar:/home/wtwhite/code/regression-test-generation-NON-SOURCE-EQUIV/find-diff-classes/compile/gaoss/org/apache/hadoop/hadoop-hdfs/3.3.6/t/dependency/protobuf-java-2.5.0.jar:/home/wtwhite/code/regression-test-generation-NON-SOURCE-EQUIV/find-diff-classes/compile/gaoss/org/apache/hadoop/hadoop-hdfs/3.3.6/t/dependency/re2j-1.1.jar:/home/wtwhite/code/regression-test-generation-NON-SOURCE-EQUIV/find-diff-classes/compile/gaoss/org/apache/hadoop/hadoop-hdfs/3.3.6/t/dependency/reload4j-1.2.22.jar:/home/wtwhite/code/regression-test-generation-NON-SOURCE-EQUIV/find-diff-classes/compile/gaoss/org/apache/hadoop/hadoop-hdfs/3.3.6/t/dependency/slf4j-api-1.7.36.jar:/home/wtwhite/code/regression-test-generation-NON-SOURCE-EQUIV/find-diff-classes/compile/gaoss/org/apache/hadoop/hadoop-hdfs/3.3.6/t/dependency/slf4j-reload4j-1.7.36.jar:/home/wtwhite/code/regression-test-generation-NON-SOURCE-EQUIV/find-diff-classes/compile/gaoss/org/apache/hadoop/hadoop-hdfs/3.3.6/t/dependency/snappy-java-1.1.8.2.jar:/home/wtwhite/code/regression-test-generation-NON-SOURCE-EQUIV/find-diff-classes/compile/gaoss/org/apache/hadoop/hadoop-hdfs/3.3.6/t/dependency/stax2-api-4.2.1.jar:/home/wtwhite/code/regression-test-generation-NON-SOURCE-EQUIV/find-diff-classes/compile/gaoss/org/apache/hadoop/hadoop-hdfs/3.3.6/t/dependency/token-provider-1.0.1.jar:/home/wtwhite/code/regression-test-generation-NON-SOURCE-EQUIV/find-diff-classes/compile/gaoss/org/apache/hadoop/hadoop-hdfs/3.3.6/t/dependency/woodstox-core-5.4.0.jar:/home/wtwhite/code/regression-test-generation-NON-SOURCE-EQUIV/find-diff-classes/compile/gaoss/org/apache/hadoop/hadoop-hdfs/3.3.6/t/dependency/zookeeper-3.6.3-tests.jar:/home/wtwhite/code/regression-test-generation-NON-SOURCE-EQUIV/find-diff-classes/compile/gaoss/org/apache/hadoop/hadoop-hdfs/3.3.6/t/dependency/zookeeper-3.6.3.jar:/home/wtwhite/code/regression-test-generation-NON-SOURCE-EQUIV/find-diff-classes/compile/gaoss/org/apache/hadoop/hadoop-hdfs/3.3.6/t/dependency/zookeeper-jute-3.6.3.jar:/home/wtwhite/code/regression-test-generation/evosuite/evosuite-standalone-runtime-1.2.0.jar:/home/wtwhite/.m2/repository/junit/junit/4.13.2/junit-4.13.2.jar:/home/wtwhite/.m2/repository/org/hamcrest/hamcrest-core/1.3/hamcrest-core-1.3.jar:"/>
    <property name="sun.cpu.endian" value="little"/>
    <property name="user.home" value="/home/wtwhite"/>
    <property name="user.language" value="en"/>
    <property name="java.specification.vendor" value="Oracle Corporation"/>
    <property name="java.home" value="/usr/lib/jvm/java-8-openjdk-amd64/jre"/>
    <property name="basedir" value="/home/wtwhite/code/regression-test-generation-NON-SOURCE-EQUIV/find-diff-classes/compile/gaoss/org/apache/hadoop/hadoop-hdfs/3.3.6"/>
    <property name="file.separator" value="/"/>
    <property name="line.separator" value="&#10;"/>
    <property name="java.vm.specification.vendor" value="Oracle Corporation"/>
    <property name="java.specification.name" value="Java Platform API Specification"/>
    <property name="java.awt.graphicsenv" value="sun.awt.X11GraphicsEnvironment"/>
    <property name="surefire.real.class.path" value="/home/wtwhite/code/regression-test-generation-NON-SOURCE-EQUIV/find-diff-classes/compile/gaoss/org/apache/hadoop/hadoop-hdfs/3.3.6/target/surefire/surefirebooter-20241112134142455_3.jar"/>
    <property name="sun.boot.class.path" value="/usr/lib/jvm/java-8-openjdk-amd64/jre/lib/resources.jar:/usr/lib/jvm/java-8-openjdk-amd64/jre/lib/rt.jar:/usr/lib/jvm/java-8-openjdk-amd64/jre/lib/sunrsasign.jar:/usr/lib/jvm/java-8-openjdk-amd64/jre/lib/jsse.jar:/usr/lib/jvm/java-8-openjdk-amd64/jre/lib/jce.jar:/usr/lib/jvm/java-8-openjdk-amd64/jre/lib/charsets.jar:/usr/lib/jvm/java-8-openjdk-amd64/jre/lib/jfr.jar:/usr/lib/jvm/java-8-openjdk-amd64/jre/classes"/>
    <property name="sun.management.compiler" value="HotSpot 64-Bit Tiered Compilers"/>
    <property name="java.runtime.version" value="1.8.0_382-8u382-ga-1~22.04.1-b05"/>
    <property name="user.name" value="wtwhite"/>
    <property name="path.separator" value=":"/>
    <property name="os.version" value="5.15.0-87-generic"/>
    <property name="java.endorsed.dirs" value="/usr/lib/jvm/java-8-openjdk-amd64/jre/lib/endorsed"/>
    <property name="java.runtime.name" value="OpenJDK Runtime Environment"/>
    <property name="file.encoding" value="UTF-8"/>
    <property name="java.vm.name" value="OpenJDK 64-Bit Server VM"/>
    <property name="localRepository" value="/home/wtwhite/.m2/repository"/>
    <property name="java.vendor.url.bug" value="http://bugreport.sun.com/bugreport/"/>
    <property name="java.io.tmpdir" value="/tmp"/>
    <property name="java.version" value="1.8.0_382"/>
    <property name="user.dir" value="/home/wtwhite/code/regression-test-generation-NON-SOURCE-EQUIV/find-diff-classes/compile/gaoss/org/apache/hadoop/hadoop-hdfs/3.3.6"/>
    <property name="os.arch" value="amd64"/>
    <property name="java.vm.specification.name" value="Java Virtual Machine Specification"/>
    <property name="java.awt.printerjob" value="sun.print.PSPrinterJob"/>
    <property name="sun.os.patch.level" value="unknown"/>
    <property name="java.library.path" value="/usr/java/packages/lib/amd64:/usr/lib/x86_64-linux-gnu/jni:/lib/x86_64-linux-gnu:/usr/lib/x86_64-linux-gnu:/usr/lib/jni:/lib:/usr/lib"/>
    <property name="java.vm.info" value="mixed mode"/>
    <property name="java.vendor" value="Private Build"/>
    <property name="java.vm.version" value="25.382-b05"/>
    <property name="java.specification.maintenance.version" value="5"/>
    <property name="java.ext.dirs" value="/usr/lib/jvm/java-8-openjdk-amd64/jre/lib/ext:/usr/java/packages/lib/ext"/>
    <property name="sun.io.unicode.encoding" value="UnicodeLittle"/>
    <property name="java.class.version" value="52.0"/>
  </properties>
  <testcase name="test02" classname="org.apache.hadoop.hdfs.tools.offlineImageViewer.FSImageLoader_ESTest" time="1.253">
    <system-out><![CDATA[2024-11-12 13:42:05,946 INFO  EvoClassLoader - Seeing class for first time: org.apache.hadoop.hdfs.tools.offlineImageViewer.FSImageLoader_ESTest
2024-11-12 13:42:05,946 INFO  EvoClassLoader - Instrumenting class 'org.apache.hadoop.hdfs.tools.offlineImageViewer.FSImageLoader_ESTest'.
2024-11-12 13:42:05,947 INFO  EvoClassLoader - Seeing class for first time: org.apache.hadoop.hdfs.tools.offlineImageViewer.FSImageLoader_ESTest_scaffolding
2024-11-12 13:42:05,947 INFO  EvoClassLoader - Instrumenting class 'org.apache.hadoop.hdfs.tools.offlineImageViewer.FSImageLoader_ESTest_scaffolding'.
2024-11-12 13:42:05,950 INFO  EvoClassLoader - Keeping class: org.apache.hadoop.hdfs.tools.offlineImageViewer.FSImageLoader_ESTest_scaffolding
2024-11-12 13:42:05,950 INFO  EvoClassLoader - Keeping class: org.apache.hadoop.hdfs.tools.offlineImageViewer.FSImageLoader_ESTest
2024-11-12 13:42:05,952 INFO  EvoClassLoader - Seeing class for first time: org.apache.hadoop.thirdparty.protobuf.CodedInputStream$StreamDecoder
2024-11-12 13:42:05,952 INFO  EvoClassLoader - Instrumenting class 'org.apache.hadoop.thirdparty.protobuf.CodedInputStream$StreamDecoder'.
2024-11-12 13:42:05,952 INFO  MethodCallReplacementClassAdapter - Adding mock interface to class org/apache/hadoop/thirdparty/protobuf/CodedInputStream$StreamDecoder
2024-11-12 13:42:05,954 INFO  CreateClassResetClassAdapter - Creating brand-new static initializer in class org/apache/hadoop/thirdparty/protobuf/CodedInputStream$StreamDecoder
2024-11-12 13:42:05,954 INFO  EvoClassLoader - Defined package (3): package org.apache.hadoop.thirdparty.protobuf, -1105315961
2024-11-12 13:42:05,955 INFO  EvoClassLoader - Seeing class for first time: org.apache.hadoop.thirdparty.protobuf.CodedInputStream
2024-11-12 13:42:05,955 INFO  EvoClassLoader - Instrumenting class 'org.apache.hadoop.thirdparty.protobuf.CodedInputStream'.
2024-11-12 13:42:05,955 INFO  MethodCallReplacementClassAdapter - Adding mock interface to class org/apache/hadoop/thirdparty/protobuf/CodedInputStream
2024-11-12 13:42:05,956 INFO  CreateClassResetClassAdapter - Creating brand-new static initializer in class org/apache/hadoop/thirdparty/protobuf/CodedInputStream
2024-11-12 13:42:05,956 INFO  CreateClassResetClassAdapter - Adding bytecode for initializing field DEFAULT_BUFFER_SIZE
2024-11-12 13:42:05,956 INFO  CreateClassResetClassAdapter - Adding bytecode for initializing field DEFAULT_RECURSION_LIMIT
2024-11-12 13:42:05,956 INFO  CreateClassResetClassAdapter - Adding bytecode for initializing field DEFAULT_SIZE_LIMIT
2024-11-12 13:42:05,956 INFO  EvoClassLoader - Keeping class: org.apache.hadoop.thirdparty.protobuf.CodedInputStream
2024-11-12 13:42:05,956 INFO  EvoClassLoader - Keeping class: org.apache.hadoop.thirdparty.protobuf.CodedInputStream$StreamDecoder
2024-11-12 13:42:05,956 INFO  EvoClassLoader - Seeing class for first time: org.apache.hadoop.thirdparty.protobuf.InvalidProtocolBufferException
2024-11-12 13:42:05,956 INFO  EvoClassLoader - Instrumenting class 'org.apache.hadoop.thirdparty.protobuf.InvalidProtocolBufferException'.
2024-11-12 13:42:05,956 INFO  MethodCallReplacementClassAdapter - Adding mock interface to class org/apache/hadoop/thirdparty/protobuf/InvalidProtocolBufferException
2024-11-12 13:42:05,957 INFO  CreateClassResetClassAdapter - Creating brand-new static initializer in class org/apache/hadoop/thirdparty/protobuf/InvalidProtocolBufferException
2024-11-12 13:42:05,957 INFO  EvoClassLoader - Keeping class: org.apache.hadoop.thirdparty.protobuf.InvalidProtocolBufferException
2024-11-12 13:42:05,957 INFO  EvoClassLoader - Seeing class for first time: org.apache.hadoop.thirdparty.protobuf.CodedInputStream$ArrayDecoder
2024-11-12 13:42:05,957 INFO  EvoClassLoader - Instrumenting class 'org.apache.hadoop.thirdparty.protobuf.CodedInputStream$ArrayDecoder'.
2024-11-12 13:42:05,957 INFO  MethodCallReplacementClassAdapter - Adding mock interface to class org/apache/hadoop/thirdparty/protobuf/CodedInputStream$ArrayDecoder
2024-11-12 13:42:05,958 INFO  CreateClassResetClassAdapter - Creating brand-new static initializer in class org/apache/hadoop/thirdparty/protobuf/CodedInputStream$ArrayDecoder
2024-11-12 13:42:05,958 INFO  EvoClassLoader - Keeping class: org.apache.hadoop.thirdparty.protobuf.CodedInputStream$ArrayDecoder
2024-11-12 13:42:05,958 INFO  EvoClassLoader - Seeing class for first time: org.apache.hadoop.thirdparty.protobuf.CodedInputStream$UnsafeDirectNioDecoder
2024-11-12 13:42:05,958 INFO  EvoClassLoader - Instrumenting class 'org.apache.hadoop.thirdparty.protobuf.CodedInputStream$UnsafeDirectNioDecoder'.
2024-11-12 13:42:05,958 INFO  MethodCallReplacementClassAdapter - Adding mock interface to class org/apache/hadoop/thirdparty/protobuf/CodedInputStream$UnsafeDirectNioDecoder
2024-11-12 13:42:05,959 INFO  CreateClassResetClassAdapter - Creating brand-new static initializer in class org/apache/hadoop/thirdparty/protobuf/CodedInputStream$UnsafeDirectNioDecoder
2024-11-12 13:42:05,959 INFO  EvoClassLoader - Keeping class: org.apache.hadoop.thirdparty.protobuf.CodedInputStream$UnsafeDirectNioDecoder
2024-11-12 13:42:05,959 INFO  EvoClassLoader - Seeing class for first time: org.apache.hadoop.thirdparty.protobuf.IterableByteBufferInputStream
2024-11-12 13:42:05,959 INFO  EvoClassLoader - Instrumenting class 'org.apache.hadoop.thirdparty.protobuf.IterableByteBufferInputStream'.
2024-11-12 13:42:05,959 INFO  MethodCallReplacementClassAdapter - Adding mock interface to class org/apache/hadoop/thirdparty/protobuf/IterableByteBufferInputStream
2024-11-12 13:42:05,960 INFO  CreateClassResetClassAdapter - Creating brand-new static initializer in class org/apache/hadoop/thirdparty/protobuf/IterableByteBufferInputStream
2024-11-12 13:42:05,960 INFO  EvoClassLoader - Keeping class: org.apache.hadoop.thirdparty.protobuf.IterableByteBufferInputStream
2024-11-12 13:42:05,960 INFO  EvoClassLoader - Seeing class for first time: org.apache.hadoop.thirdparty.protobuf.CodedInputStream$IterableDirectByteBufferDecoder
2024-11-12 13:42:05,960 INFO  EvoClassLoader - Instrumenting class 'org.apache.hadoop.thirdparty.protobuf.CodedInputStream$IterableDirectByteBufferDecoder'.
2024-11-12 13:42:05,960 INFO  MethodCallReplacementClassAdapter - Adding mock interface to class org/apache/hadoop/thirdparty/protobuf/CodedInputStream$IterableDirectByteBufferDecoder
2024-11-12 13:42:05,960 INFO  CreateClassResetClassAdapter - Creating brand-new static initializer in class org/apache/hadoop/thirdparty/protobuf/CodedInputStream$IterableDirectByteBufferDecoder
2024-11-12 13:42:05,961 INFO  EvoClassLoader - Keeping class: org.apache.hadoop.thirdparty.protobuf.CodedInputStream$IterableDirectByteBufferDecoder
2024-11-12 13:42:05,961 INFO  EvoClassLoader - Seeing class for first time: org.apache.hadoop.thirdparty.protobuf.InvalidProtocolBufferException$InvalidWireTypeException
2024-11-12 13:42:05,961 INFO  EvoClassLoader - Instrumenting class 'org.apache.hadoop.thirdparty.protobuf.InvalidProtocolBufferException$InvalidWireTypeException'.
2024-11-12 13:42:05,961 INFO  MethodCallReplacementClassAdapter - Adding mock interface to class org/apache/hadoop/thirdparty/protobuf/InvalidProtocolBufferException$InvalidWireTypeException
2024-11-12 13:42:05,961 INFO  CreateClassResetClassAdapter - Creating brand-new static initializer in class org/apache/hadoop/thirdparty/protobuf/InvalidProtocolBufferException$InvalidWireTypeException
2024-11-12 13:42:05,961 INFO  EvoClassLoader - Keeping class: org.apache.hadoop.thirdparty.protobuf.InvalidProtocolBufferException$InvalidWireTypeException
2024-11-12 13:42:05,961 INFO  EvoClassLoader - Seeing class for first time: org.apache.hadoop.thirdparty.protobuf.ByteString$Output
2024-11-12 13:42:05,961 INFO  EvoClassLoader - Instrumenting class 'org.apache.hadoop.thirdparty.protobuf.ByteString$Output'.
2024-11-12 13:42:05,962 INFO  MethodCallReplacementClassAdapter - Adding mock interface to class org/apache/hadoop/thirdparty/protobuf/ByteString$Output
2024-11-12 13:42:05,962 INFO  CreateClassResetClassAdapter - Found static initializer in class org/apache/hadoop/thirdparty/protobuf/ByteString$Output
2024-11-12 13:42:05,962 INFO  EvoClassLoader - Keeping class: org.apache.hadoop.thirdparty.protobuf.ByteString$Output
2024-11-12 13:42:05,962 INFO  EvoClassLoader - Seeing class for first time: org.apache.hadoop.fs.FileSystem
2024-11-12 13:42:05,962 INFO  EvoClassLoader - Instrumenting class 'org.apache.hadoop.fs.FileSystem'.
2024-11-12 13:42:05,963 INFO  MethodCallReplacementClassAdapter - Adding mock interface to class org/apache/hadoop/fs/FileSystem
2024-11-12 13:42:05,968 INFO  CreateClassResetClassAdapter - Found static initializer in class org/apache/hadoop/fs/FileSystem
2024-11-12 13:42:05,968 INFO  EvoClassLoader - Defined package (3): package org.apache.hadoop.fs, -40118176
2024-11-12 13:42:05,969 INFO  EvoClassLoader - Seeing class for first time: org.apache.hadoop.security.token.DelegationTokenIssuer
2024-11-12 13:42:05,969 INFO  EvoClassLoader - Instrumenting class 'org.apache.hadoop.security.token.DelegationTokenIssuer'.
2024-11-12 13:42:05,970 INFO  EvoClassLoader - Defined package (3): package org.apache.hadoop.security.token, -540953378
2024-11-12 13:42:05,970 INFO  EvoClassLoader - Keeping class: org.apache.hadoop.security.token.DelegationTokenIssuer
2024-11-12 13:42:05,970 INFO  EvoClassLoader - Seeing class for first time: org.apache.hadoop.fs.PathCapabilities
2024-11-12 13:42:05,970 INFO  EvoClassLoader - Instrumenting class 'org.apache.hadoop.fs.PathCapabilities'.
2024-11-12 13:42:05,970 INFO  EvoClassLoader - Keeping class: org.apache.hadoop.fs.PathCapabilities
2024-11-12 13:42:05,970 INFO  EvoClassLoader - Seeing class for first time: org.apache.hadoop.conf.Configured
2024-11-12 13:42:05,970 INFO  EvoClassLoader - Instrumenting class 'org.apache.hadoop.conf.Configured'.
2024-11-12 13:42:05,970 INFO  MethodCallReplacementClassAdapter - Adding mock interface to class org/apache/hadoop/conf/Configured
2024-11-12 13:42:05,970 INFO  CreateClassResetClassAdapter - Creating brand-new static initializer in class org/apache/hadoop/conf/Configured
2024-11-12 13:42:05,970 INFO  EvoClassLoader - Defined package (3): package org.apache.hadoop.conf, 101048823
2024-11-12 13:42:05,970 INFO  EvoClassLoader - Seeing class for first time: org.apache.hadoop.conf.Configurable
2024-11-12 13:42:05,970 INFO  EvoClassLoader - Instrumenting class 'org.apache.hadoop.conf.Configurable'.
2024-11-12 13:42:05,970 INFO  EvoClassLoader - Keeping class: org.apache.hadoop.conf.Configurable
2024-11-12 13:42:05,970 INFO  EvoClassLoader - Keeping class: org.apache.hadoop.conf.Configured
2024-11-12 13:42:05,971 INFO  EvoClassLoader - Keeping class: org.apache.hadoop.fs.FileSystem
2024-11-12 13:42:05,971 INFO  EvoClassLoader - Seeing class for first time: org.apache.hadoop.fs.PathFilter
2024-11-12 13:42:05,971 INFO  EvoClassLoader - Instrumenting class 'org.apache.hadoop.fs.PathFilter'.
2024-11-12 13:42:05,971 INFO  EvoClassLoader - Keeping class: org.apache.hadoop.fs.PathFilter
2024-11-12 13:42:05,971 INFO  EvoClassLoader - Seeing class for first time: org.apache.hadoop.fs.GlobalStorageStatistics$StorageStatisticsProvider
2024-11-12 13:42:05,971 INFO  EvoClassLoader - Instrumenting class 'org.apache.hadoop.fs.GlobalStorageStatistics$StorageStatisticsProvider'.
2024-11-12 13:42:05,971 INFO  EvoClassLoader - Keeping class: org.apache.hadoop.fs.GlobalStorageStatistics$StorageStatisticsProvider
2024-11-12 13:42:05,971 INFO  EvoClassLoader - Seeing class for first time: org.apache.hadoop.fs.ParentNotDirectoryException
2024-11-12 13:42:05,971 INFO  EvoClassLoader - Instrumenting class 'org.apache.hadoop.fs.ParentNotDirectoryException'.
2024-11-12 13:42:05,971 INFO  MethodCallReplacementClassAdapter - Adding mock interface to class org/apache/hadoop/fs/ParentNotDirectoryException
2024-11-12 13:42:05,972 INFO  CreateClassResetClassAdapter - Creating brand-new static initializer in class org/apache/hadoop/fs/ParentNotDirectoryException
2024-11-12 13:42:05,972 INFO  EvoClassLoader - Keeping class: org.apache.hadoop.fs.ParentNotDirectoryException
2024-11-12 13:42:05,972 INFO  EvoClassLoader - Seeing class for first time: org.apache.hadoop.fs.CreateFlag
2024-11-12 13:42:05,972 INFO  EvoClassLoader - Instrumenting class 'org.apache.hadoop.fs.CreateFlag'.
2024-11-12 13:42:05,972 INFO  MethodCallReplacementClassAdapter - Adding mock interface to class org/apache/hadoop/fs/CreateFlag
2024-11-12 13:42:05,972 INFO  CreateClassResetClassAdapter - Found static initializer in class org/apache/hadoop/fs/CreateFlag
2024-11-12 13:42:05,972 INFO  EvoClassLoader - Keeping class: org.apache.hadoop.fs.CreateFlag
2024-11-12 13:42:05,972 INFO  EvoClassLoader - Seeing class for first time: org.apache.hadoop.fs.QuotaUsage
2024-11-12 13:42:05,972 INFO  EvoClassLoader - Instrumenting class 'org.apache.hadoop.fs.QuotaUsage'.
2024-11-12 13:42:05,972 INFO  MethodCallReplacementClassAdapter - Adding mock interface to class org/apache/hadoop/fs/QuotaUsage
2024-11-12 13:42:05,973 INFO  CreateClassResetClassAdapter - Found static initializer in class org/apache/hadoop/fs/QuotaUsage
2024-11-12 13:42:05,973 INFO  EvoClassLoader - Keeping class: org.apache.hadoop.fs.QuotaUsage
2024-11-12 13:42:05,973 INFO  EvoClassLoader - Seeing class for first time: org.apache.hadoop.fs.ContentSummary
2024-11-12 13:42:05,973 INFO  EvoClassLoader - Instrumenting class 'org.apache.hadoop.fs.ContentSummary'.
2024-11-12 13:42:05,973 INFO  MethodCallReplacementClassAdapter - Adding mock interface to class org/apache/hadoop/fs/ContentSummary
2024-11-12 13:42:05,973 INFO  CreateClassResetClassAdapter - Found static initializer in class org/apache/hadoop/fs/ContentSummary
2024-11-12 13:42:05,973 INFO  EvoClassLoader - Seeing class for first time: org.apache.hadoop.io.Writable
2024-11-12 13:42:05,973 INFO  EvoClassLoader - Instrumenting class 'org.apache.hadoop.io.Writable'.
2024-11-12 13:42:05,973 INFO  EvoClassLoader - Defined package (3): package org.apache.hadoop.io, -40118087
2024-11-12 13:42:05,973 INFO  EvoClassLoader - Keeping class: org.apache.hadoop.io.Writable
2024-11-12 13:42:05,973 INFO  EvoClassLoader - Keeping class: org.apache.hadoop.fs.ContentSummary
2024-11-12 13:42:05,973 INFO  EvoClassLoader - Seeing class for first time: org.apache.hadoop.fs.RemoteIterator
2024-11-12 13:42:05,973 INFO  EvoClassLoader - Instrumenting class 'org.apache.hadoop.fs.RemoteIterator'.
2024-11-12 13:42:05,974 INFO  EvoClassLoader - Keeping class: org.apache.hadoop.fs.RemoteIterator
2024-11-12 13:42:05,974 INFO  EvoClassLoader - Seeing class for first time: org.apache.hadoop.fs.LocalFileSystem
2024-11-12 13:42:05,974 INFO  EvoClassLoader - Instrumenting class 'org.apache.hadoop.fs.LocalFileSystem'.
2024-11-12 13:42:05,983 INFO  MethodCallReplacementClassAdapter - Adding mock interface to class org/apache/hadoop/fs/LocalFileSystem
2024-11-12 13:42:05,983 INFO  CreateClassResetClassAdapter - Found static initializer in class org/apache/hadoop/fs/LocalFileSystem
2024-11-12 13:42:05,984 INFO  EvoClassLoader - Seeing class for first time: org.apache.hadoop.fs.ChecksumFileSystem
2024-11-12 13:42:05,984 INFO  EvoClassLoader - Instrumenting class 'org.apache.hadoop.fs.ChecksumFileSystem'.
2024-11-12 13:42:05,984 INFO  MethodCallReplacementClassAdapter - Adding mock interface to class org/apache/hadoop/fs/ChecksumFileSystem
2024-11-12 13:42:05,987 INFO  CreateClassResetClassAdapter - Found static initializer in class org/apache/hadoop/fs/ChecksumFileSystem
2024-11-12 13:42:05,987 INFO  EvoClassLoader - Seeing class for first time: org.apache.hadoop.fs.FilterFileSystem
2024-11-12 13:42:05,987 INFO  EvoClassLoader - Instrumenting class 'org.apache.hadoop.fs.FilterFileSystem'.
2024-11-12 13:42:05,988 INFO  MethodCallReplacementClassAdapter - Adding mock interface to class org/apache/hadoop/fs/FilterFileSystem
2024-11-12 13:42:05,988 INFO  CreateClassResetClassAdapter - Creating brand-new static initializer in class org/apache/hadoop/fs/FilterFileSystem
2024-11-12 13:42:05,989 INFO  EvoClassLoader - Keeping class: org.apache.hadoop.fs.FilterFileSystem
2024-11-12 13:42:05,989 INFO  EvoClassLoader - Keeping class: org.apache.hadoop.fs.ChecksumFileSystem
2024-11-12 13:42:05,989 INFO  EvoClassLoader - Keeping class: org.apache.hadoop.fs.LocalFileSystem
2024-11-12 13:42:05,989 INFO  EvoClassLoader - Seeing class for first time: org.apache.hadoop.security.AccessControlException
2024-11-12 13:42:05,989 INFO  EvoClassLoader - Instrumenting class 'org.apache.hadoop.security.AccessControlException'.
2024-11-12 13:42:05,989 INFO  MethodCallReplacementClassAdapter - Adding mock interface to class org/apache/hadoop/security/AccessControlException
2024-11-12 13:42:05,989 INFO  CreateClassResetClassAdapter - Creating brand-new static initializer in class org/apache/hadoop/security/AccessControlException
2024-11-12 13:42:05,989 INFO  EvoClassLoader - Defined package (3): package org.apache.hadoop.security, 1193150611
2024-11-12 13:42:05,989 INFO  EvoClassLoader - Keeping class: org.apache.hadoop.security.AccessControlException
2024-11-12 13:42:05,989 INFO  EvoClassLoader - Seeing class for first time: org.apache.hadoop.fs.XAttrSetFlag
2024-11-12 13:42:05,989 INFO  EvoClassLoader - Instrumenting class 'org.apache.hadoop.fs.XAttrSetFlag'.
2024-11-12 13:42:05,989 INFO  MethodCallReplacementClassAdapter - Adding mock interface to class org/apache/hadoop/fs/XAttrSetFlag
2024-11-12 13:42:05,990 INFO  CreateClassResetClassAdapter - Found static initializer in class org/apache/hadoop/fs/XAttrSetFlag
2024-11-12 13:42:05,990 INFO  EvoClassLoader - Keeping class: org.apache.hadoop.fs.XAttrSetFlag
2024-11-12 13:42:05,990 INFO  EvoClassLoader - Seeing class for first time: org.apache.hadoop.fs.UnsupportedFileSystemException
2024-11-12 13:42:05,990 INFO  EvoClassLoader - Instrumenting class 'org.apache.hadoop.fs.UnsupportedFileSystemException'.
2024-11-12 13:42:05,990 INFO  MethodCallReplacementClassAdapter - Adding mock interface to class org/apache/hadoop/fs/UnsupportedFileSystemException
2024-11-12 13:42:05,990 INFO  CreateClassResetClassAdapter - Creating brand-new static initializer in class org/apache/hadoop/fs/UnsupportedFileSystemException
2024-11-12 13:42:05,990 INFO  EvoClassLoader - Keeping class: org.apache.hadoop.fs.UnsupportedFileSystemException
2024-11-12 13:42:05,990 INFO  EvoClassLoader - Seeing class for first time: org.apache.hadoop.fs.StorageStatistics
2024-11-12 13:42:05,990 INFO  EvoClassLoader - Instrumenting class 'org.apache.hadoop.fs.StorageStatistics'.
2024-11-12 13:42:05,991 INFO  MethodCallReplacementClassAdapter - Adding mock interface to class org/apache/hadoop/fs/StorageStatistics
2024-11-12 13:42:05,991 INFO  CreateClassResetClassAdapter - Creating brand-new static initializer in class org/apache/hadoop/fs/StorageStatistics
2024-11-12 13:42:05,991 INFO  EvoClassLoader - Keeping class: org.apache.hadoop.fs.StorageStatistics
2024-11-12 13:42:05,991 INFO  EvoClassLoader - Seeing class for first time: org.apache.hadoop.fs.EmptyStorageStatistics
2024-11-12 13:42:05,991 INFO  EvoClassLoader - Instrumenting class 'org.apache.hadoop.fs.EmptyStorageStatistics'.
2024-11-12 13:42:05,991 INFO  MethodCallReplacementClassAdapter - Adding mock interface to class org/apache/hadoop/fs/EmptyStorageStatistics
2024-11-12 13:42:05,991 INFO  CreateClassResetClassAdapter - Creating brand-new static initializer in class org/apache/hadoop/fs/EmptyStorageStatistics
2024-11-12 13:42:05,991 INFO  EvoClassLoader - Keeping class: org.apache.hadoop.fs.EmptyStorageStatistics
2024-11-12 13:42:05,991 INFO  EvoClassLoader - Seeing class for first time: org.apache.hadoop.fs.FSDataOutputStreamBuilder
2024-11-12 13:42:05,991 INFO  EvoClassLoader - Instrumenting class 'org.apache.hadoop.fs.FSDataOutputStreamBuilder'.
2024-11-12 13:42:05,991 INFO  MethodCallReplacementClassAdapter - Adding mock interface to class org/apache/hadoop/fs/FSDataOutputStreamBuilder
2024-11-12 13:42:05,991 INFO  CreateClassResetClassAdapter - Creating brand-new static initializer in class org/apache/hadoop/fs/FSDataOutputStreamBuilder
2024-11-12 13:42:05,992 INFO  EvoClassLoader - Seeing class for first time: org.apache.hadoop.fs.impl.AbstractFSBuilderImpl
2024-11-12 13:42:05,992 INFO  EvoClassLoader - Instrumenting class 'org.apache.hadoop.fs.impl.AbstractFSBuilderImpl'.
2024-11-12 13:42:05,992 INFO  MethodCallReplacementClassAdapter - Adding mock interface to class org/apache/hadoop/fs/impl/AbstractFSBuilderImpl
2024-11-12 13:42:05,992 INFO  CreateClassResetClassAdapter - Creating brand-new static initializer in class org/apache/hadoop/fs/impl/AbstractFSBuilderImpl
2024-11-12 13:42:05,992 INFO  CreateClassResetClassAdapter - Adding bytecode for initializing field UNKNOWN_MANDATORY_KEY
2024-11-12 13:42:05,992 INFO  CreateClassResetClassAdapter - Adding bytecode for initializing field E_BOTH_A_PATH_AND_A_PATH_HANDLE
2024-11-12 13:42:05,992 INFO  EvoClassLoader - Defined package (3): package org.apache.hadoop.fs.impl, -2003435794
2024-11-12 13:42:05,992 INFO  EvoClassLoader - Seeing class for first time: org.apache.hadoop.fs.FSBuilder
2024-11-12 13:42:05,992 INFO  EvoClassLoader - Instrumenting class 'org.apache.hadoop.fs.FSBuilder'.
2024-11-12 13:42:05,993 INFO  EvoClassLoader - Keeping class: org.apache.hadoop.fs.FSBuilder
2024-11-12 13:42:05,993 INFO  EvoClassLoader - Keeping class: org.apache.hadoop.fs.impl.AbstractFSBuilderImpl
2024-11-12 13:42:05,993 INFO  EvoClassLoader - Keeping class: org.apache.hadoop.fs.FSDataOutputStreamBuilder
2024-11-12 13:42:05,993 INFO  EvoClassLoader - Seeing class for first time: org.apache.hadoop.fs.FileSystem$FileSystemDataOutputStreamBuilder
2024-11-12 13:42:05,993 INFO  EvoClassLoader - Instrumenting class 'org.apache.hadoop.fs.FileSystem$FileSystemDataOutputStreamBuilder'.
2024-11-12 13:42:05,993 INFO  MethodCallReplacementClassAdapter - Adding mock interface to class org/apache/hadoop/fs/FileSystem$FileSystemDataOutputStreamBuilder
2024-11-12 13:42:05,993 INFO  CreateClassResetClassAdapter - Creating brand-new static initializer in class org/apache/hadoop/fs/FileSystem$FileSystemDataOutputStreamBuilder
2024-11-12 13:42:05,993 INFO  EvoClassLoader - Keeping class: org.apache.hadoop.fs.FileSystem$FileSystemDataOutputStreamBuilder
2024-11-12 13:42:05,993 INFO  EvoClassLoader - Seeing class for first time: org.apache.hadoop.fs.FileAlreadyExistsException
2024-11-12 13:42:05,993 INFO  EvoClassLoader - Instrumenting class 'org.apache.hadoop.fs.FileAlreadyExistsException'.
2024-11-12 13:42:05,994 INFO  MethodCallReplacementClassAdapter - Adding mock interface to class org/apache/hadoop/fs/FileAlreadyExistsException
2024-11-12 13:42:05,994 INFO  CreateClassResetClassAdapter - Creating brand-new static initializer in class org/apache/hadoop/fs/FileAlreadyExistsException
2024-11-12 13:42:05,994 INFO  EvoClassLoader - Keeping class: org.apache.hadoop.fs.FileAlreadyExistsException
2024-11-12 13:42:05,994 INFO  EvoClassLoader - Seeing class for first time: org.apache.commons.logging.impl.Log4JLogger
2024-11-12 13:42:05,994 INFO  EvoClassLoader - Instrumenting class 'org.apache.commons.logging.impl.Log4JLogger'.
2024-11-12 13:42:05,995 INFO  MethodCallReplacementClassAdapter - Adding mock interface to class org/apache/commons/logging/impl/Log4JLogger
2024-11-12 13:42:05,995 INFO  CreateClassResetClassAdapter - Found static initializer in class org/apache/commons/logging/impl/Log4JLogger
2024-11-12 13:42:05,996 INFO  EvoClassLoader - Keeping class: org.apache.commons.logging.impl.Log4JLogger
2024-11-12 13:42:05,996 INFO  EvoClassLoader - Seeing class for first time: org.apache.log4j.Category
2024-11-12 13:42:05,996 INFO  EvoClassLoader - Instrumenting class 'org.apache.log4j.Category'.
2024-11-12 13:42:05,996 INFO  MethodCallReplacementClassAdapter - Adding mock interface to class org/apache/log4j/Category
2024-11-12 13:42:05,996 INFO  CreateClassResetClassAdapter - Found static initializer in class org/apache/log4j/Category
2024-11-12 13:42:05,996 INFO  EvoClassLoader - Seeing class for first time: org.apache.log4j.spi.AppenderAttachable
2024-11-12 13:42:05,996 INFO  EvoClassLoader - Instrumenting class 'org.apache.log4j.spi.AppenderAttachable'.
2024-11-12 13:42:05,997 INFO  EvoClassLoader - Keeping class: org.apache.log4j.spi.AppenderAttachable
2024-11-12 13:42:05,997 INFO  EvoClassLoader - Keeping class: org.apache.log4j.Category
2024-11-12 13:42:05,997 INFO  EvoClassLoader - Seeing class for first time: org.apache.log4j.Logger
2024-11-12 13:42:05,997 INFO  EvoClassLoader - Instrumenting class 'org.apache.log4j.Logger'.
2024-11-12 13:42:05,997 INFO  MethodCallReplacementClassAdapter - Adding mock interface to class org/apache/log4j/Logger
2024-11-12 13:42:05,997 INFO  CreateClassResetClassAdapter - Found static initializer in class org/apache/log4j/Logger
2024-11-12 13:42:05,997 INFO  EvoClassLoader - Keeping class: org.apache.log4j.Logger
2024-11-12 13:42:05,997 INFO  EvoClassLoader - Seeing class for first time: org.apache.log4j.Priority
2024-11-12 13:42:05,997 INFO  EvoClassLoader - Instrumenting class 'org.apache.log4j.Priority'.
2024-11-12 13:42:05,997 INFO  MethodCallReplacementClassAdapter - Adding mock interface to class org/apache/log4j/Priority
2024-11-12 13:42:05,997 INFO  CreateClassResetClassAdapter - Found static initializer in class org/apache/log4j/Priority
2024-11-12 13:42:05,997 INFO  EvoClassLoader - Keeping class: org.apache.log4j.Priority
2024-11-12 13:42:05,997 INFO  EvoClassLoader - Seeing class for first time: org.apache.log4j.Level
2024-11-12 13:42:05,997 INFO  EvoClassLoader - Instrumenting class 'org.apache.log4j.Level'.
2024-11-12 13:42:05,997 INFO  MethodCallReplacementClassAdapter - Adding mock interface to class org/apache/log4j/Level
2024-11-12 13:42:05,998 INFO  CreateClassResetClassAdapter - Found static initializer in class org/apache/log4j/Level
2024-11-12 13:42:05,998 INFO  EvoClassLoader - Keeping class: org.apache.log4j.Level
2024-11-12 13:42:05,999 INFO  EvoClassLoader - Seeing class for first time: org.apache.log4j.LogManager
2024-11-12 13:42:05,999 INFO  EvoClassLoader - Instrumenting class 'org.apache.log4j.LogManager'.
2024-11-12 13:42:05,999 INFO  MethodCallReplacementClassAdapter - Adding mock interface to class org/apache/log4j/LogManager
2024-11-12 13:42:06,000 INFO  CreateClassResetClassAdapter - Found static initializer in class org/apache/log4j/LogManager
2024-11-12 13:42:06,000 INFO  EvoClassLoader - Keeping class: org.apache.log4j.LogManager
2024-11-12 13:42:06,001 INFO  EvoClassLoader - Seeing class for first time: org.apache.log4j.spi.RootLogger
2024-11-12 13:42:06,001 INFO  EvoClassLoader - Instrumenting class 'org.apache.log4j.spi.RootLogger'.
2024-11-12 13:42:06,001 INFO  MethodCallReplacementClassAdapter - Adding mock interface to class org/apache/log4j/spi/RootLogger
2024-11-12 13:42:06,001 INFO  CreateClassResetClassAdapter - Creating brand-new static initializer in class org/apache/log4j/spi/RootLogger
2024-11-12 13:42:06,001 INFO  EvoClassLoader - Keeping class: org.apache.log4j.spi.RootLogger
2024-11-12 13:42:06,001 INFO  EvoClassLoader - Seeing class for first time: org.apache.log4j.spi.LoggerRepository
2024-11-12 13:42:06,001 INFO  EvoClassLoader - Instrumenting class 'org.apache.log4j.spi.LoggerRepository'.
2024-11-12 13:42:06,001 INFO  EvoClassLoader - Keeping class: org.apache.log4j.spi.LoggerRepository
2024-11-12 13:42:06,001 INFO  EvoClassLoader - Seeing class for first time: org.apache.log4j.spi.RepositorySelector
2024-11-12 13:42:06,001 INFO  EvoClassLoader - Instrumenting class 'org.apache.log4j.spi.RepositorySelector'.
2024-11-12 13:42:06,002 INFO  EvoClassLoader - Keeping class: org.apache.log4j.spi.RepositorySelector
2024-11-12 13:42:06,002 INFO  EvoClassLoader - Seeing class for first time: org.apache.log4j.Hierarchy
2024-11-12 13:42:06,002 INFO  EvoClassLoader - Instrumenting class 'org.apache.log4j.Hierarchy'.
2024-11-12 13:42:06,002 INFO  MethodCallReplacementClassAdapter - Adding mock interface to class org/apache/log4j/Hierarchy
2024-11-12 13:42:06,002 INFO  CreateClassResetClassAdapter - Creating brand-new static initializer in class org/apache/log4j/Hierarchy
2024-11-12 13:42:06,003 INFO  EvoClassLoader - Seeing class for first time: org.apache.log4j.spi.RendererSupport
2024-11-12 13:42:06,003 INFO  EvoClassLoader - Instrumenting class 'org.apache.log4j.spi.RendererSupport'.
2024-11-12 13:42:06,003 INFO  EvoClassLoader - Keeping class: org.apache.log4j.spi.RendererSupport
2024-11-12 13:42:06,003 INFO  EvoClassLoader - Seeing class for first time: org.apache.log4j.spi.ThrowableRendererSupport
2024-11-12 13:42:06,003 INFO  EvoClassLoader - Instrumenting class 'org.apache.log4j.spi.ThrowableRendererSupport'.
2024-11-12 13:42:06,003 INFO  EvoClassLoader - Keeping class: org.apache.log4j.spi.ThrowableRendererSupport
2024-11-12 13:42:06,003 INFO  EvoClassLoader - Keeping class: org.apache.log4j.Hierarchy
2024-11-12 13:42:06,003 INFO  EvoClassLoader - Seeing class for first time: org.apache.log4j.spi.LoggerFactory
2024-11-12 13:42:06,003 INFO  EvoClassLoader - Instrumenting class 'org.apache.log4j.spi.LoggerFactory'.
2024-11-12 13:42:06,003 INFO  EvoClassLoader - Keeping class: org.apache.log4j.spi.LoggerFactory
2024-11-12 13:42:06,004 INFO  EvoClassLoader - Seeing class for first time: org.apache.log4j.or.RendererMap
2024-11-12 13:42:06,004 INFO  EvoClassLoader - Instrumenting class 'org.apache.log4j.or.RendererMap'.
2024-11-12 13:42:06,004 INFO  MethodCallReplacementClassAdapter - Adding mock interface to class org/apache/log4j/or/RendererMap
2024-11-12 13:42:06,004 INFO  CreateClassResetClassAdapter - Found static initializer in class org/apache/log4j/or/RendererMap
2024-11-12 13:42:06,004 INFO  EvoClassLoader - Keeping class: org.apache.log4j.or.RendererMap
2024-11-12 13:42:06,004 INFO  EvoClassLoader - Seeing class for first time: org.apache.log4j.or.ObjectRenderer
2024-11-12 13:42:06,004 INFO  EvoClassLoader - Instrumenting class 'org.apache.log4j.or.ObjectRenderer'.
2024-11-12 13:42:06,004 INFO  EvoClassLoader - Keeping class: org.apache.log4j.or.ObjectRenderer
2024-11-12 13:42:06,004 INFO  EvoClassLoader - Seeing class for first time: org.apache.log4j.or.DefaultRenderer
2024-11-12 13:42:06,004 INFO  EvoClassLoader - Instrumenting class 'org.apache.log4j.or.DefaultRenderer'.
2024-11-12 13:42:06,005 INFO  MethodCallReplacementClassAdapter - Adding mock interface to class org/apache/log4j/or/DefaultRenderer
2024-11-12 13:42:06,005 INFO  CreateClassResetClassAdapter - Creating brand-new static initializer in class org/apache/log4j/or/DefaultRenderer
2024-11-12 13:42:06,005 INFO  EvoClassLoader - Keeping class: org.apache.log4j.or.DefaultRenderer
2024-11-12 13:42:06,005 INFO  EvoClassLoader - Seeing class for first time: org.apache.log4j.DefaultCategoryFactory
2024-11-12 13:42:06,005 INFO  EvoClassLoader - Instrumenting class 'org.apache.log4j.DefaultCategoryFactory'.
2024-11-12 13:42:06,005 INFO  MethodCallReplacementClassAdapter - Adding mock interface to class org/apache/log4j/DefaultCategoryFactory
2024-11-12 13:42:06,005 INFO  CreateClassResetClassAdapter - Creating brand-new static initializer in class org/apache/log4j/DefaultCategoryFactory
2024-11-12 13:42:06,005 INFO  EvoClassLoader - Keeping class: org.apache.log4j.DefaultCategoryFactory
2024-11-12 13:42:06,005 INFO  EvoClassLoader - Seeing class for first time: org.apache.log4j.spi.DefaultRepositorySelector
2024-11-12 13:42:06,005 INFO  EvoClassLoader - Instrumenting class 'org.apache.log4j.spi.DefaultRepositorySelector'.
2024-11-12 13:42:06,005 INFO  MethodCallReplacementClassAdapter - Adding mock interface to class org/apache/log4j/spi/DefaultRepositorySelector
2024-11-12 13:42:06,005 INFO  CreateClassResetClassAdapter - Creating brand-new static initializer in class org/apache/log4j/spi/DefaultRepositorySelector
2024-11-12 13:42:06,005 INFO  EvoClassLoader - Keeping class: org.apache.log4j.spi.DefaultRepositorySelector
2024-11-12 13:42:06,005 INFO  EvoClassLoader - Seeing class for first time: org.apache.log4j.helpers.OptionConverter
2024-11-12 13:42:06,005 INFO  EvoClassLoader - Instrumenting class 'org.apache.log4j.helpers.OptionConverter'.
2024-11-12 13:42:06,005 INFO  MethodCallReplacementClassAdapter - Adding mock interface to class org/apache/log4j/helpers/OptionConverter
2024-11-12 13:42:06,007 INFO  CreateClassResetClassAdapter - Found static initializer in class org/apache/log4j/helpers/OptionConverter
2024-11-12 13:42:06,007 INFO  EvoClassLoader - Keeping class: org.apache.log4j.helpers.OptionConverter
2024-11-12 13:42:06,007 INFO  EvoClassLoader - Seeing class for first time: org.apache.log4j.spi.Configurator
2024-11-12 13:42:06,007 INFO  EvoClassLoader - Instrumenting class 'org.apache.log4j.spi.Configurator'.
2024-11-12 13:42:06,007 INFO  EvoClassLoader - Keeping class: org.apache.log4j.spi.Configurator
2024-11-12 13:42:06,008 INFO  EvoClassLoader - Seeing class for first time: org.apache.log4j.helpers.Loader
2024-11-12 13:42:06,008 INFO  EvoClassLoader - Instrumenting class 'org.apache.log4j.helpers.Loader'.
2024-11-12 13:42:06,008 INFO  MethodCallReplacementClassAdapter - Adding mock interface to class org/apache/log4j/helpers/Loader
2024-11-12 13:42:06,008 INFO  CreateClassResetClassAdapter - Found static initializer in class org/apache/log4j/helpers/Loader
2024-11-12 13:42:06,008 INFO  EvoClassLoader - Keeping class: org.apache.log4j.helpers.Loader
2024-11-12 13:42:06,009 INFO  EvoClassLoader - Seeing class for first time: org.apache.log4j.helpers.LogLog
2024-11-12 13:42:06,009 INFO  EvoClassLoader - Instrumenting class 'org.apache.log4j.helpers.LogLog'.
2024-11-12 13:42:06,009 INFO  MethodCallReplacementClassAdapter - Adding mock interface to class org/apache/log4j/helpers/LogLog
2024-11-12 13:42:06,009 INFO  CreateClassResetClassAdapter - Found static initializer in class org/apache/log4j/helpers/LogLog
2024-11-12 13:42:06,009 INFO  EvoClassLoader - Keeping class: org.apache.log4j.helpers.LogLog
2024-11-12 13:42:06,009 INFO  EvoClassLoader - Seeing class for first time: org.apache.log4j.PropertyConfigurator
2024-11-12 13:42:06,009 INFO  EvoClassLoader - Instrumenting class 'org.apache.log4j.PropertyConfigurator'.
2024-11-12 13:42:06,009 INFO  MethodCallReplacementClassAdapter - Adding mock interface to class org/apache/log4j/PropertyConfigurator
2024-11-12 13:42:06,010 INFO  CreateClassResetClassAdapter - Creating brand-new static initializer in class org/apache/log4j/PropertyConfigurator
2024-11-12 13:42:06,010 INFO  CreateClassResetClassAdapter - Adding bytecode for initializing field CATEGORY_PREFIX
2024-11-12 13:42:06,010 INFO  CreateClassResetClassAdapter - Adding bytecode for initializing field LOGGER_PREFIX
2024-11-12 13:42:06,010 INFO  CreateClassResetClassAdapter - Adding bytecode for initializing field FACTORY_PREFIX
2024-11-12 13:42:06,010 INFO  CreateClassResetClassAdapter - Adding bytecode for initializing field ADDITIVITY_PREFIX
2024-11-12 13:42:06,010 INFO  CreateClassResetClassAdapter - Adding bytecode for initializing field ROOT_CATEGORY_PREFIX
2024-11-12 13:42:06,010 INFO  CreateClassResetClassAdapter - Adding bytecode for initializing field ROOT_LOGGER_PREFIX
2024-11-12 13:42:06,010 INFO  CreateClassResetClassAdapter - Adding bytecode for initializing field APPENDER_PREFIX
2024-11-12 13:42:06,010 INFO  CreateClassResetClassAdapter - Adding bytecode for initializing field RENDERER_PREFIX
2024-11-12 13:42:06,010 INFO  CreateClassResetClassAdapter - Adding bytecode for initializing field THRESHOLD_PREFIX
2024-11-12 13:42:06,010 INFO  CreateClassResetClassAdapter - Adding bytecode for initializing field THROWABLE_RENDERER_PREFIX
2024-11-12 13:42:06,010 INFO  CreateClassResetClassAdapter - Adding bytecode for initializing field LOGGER_REF
2024-11-12 13:42:06,010 INFO  CreateClassResetClassAdapter - Adding bytecode for initializing field ROOT_REF
2024-11-12 13:42:06,010 INFO  CreateClassResetClassAdapter - Adding bytecode for initializing field APPENDER_REF_TAG
2024-11-12 13:42:06,010 INFO  CreateClassResetClassAdapter - Adding bytecode for initializing field LOGGER_FACTORY_KEY
2024-11-12 13:42:06,010 INFO  CreateClassResetClassAdapter - Adding bytecode for initializing field RESET_KEY
2024-11-12 13:42:06,010 INFO  CreateClassResetClassAdapter - Adding bytecode for initializing field INTERNAL_ROOT_NAME
2024-11-12 13:42:06,010 INFO  EvoClassLoader - Keeping class: org.apache.log4j.PropertyConfigurator
2024-11-12 13:42:06,011 INFO  EvoClassLoader - Seeing class for first time: org.apache.log4j.CategoryKey
2024-11-12 13:42:06,011 INFO  EvoClassLoader - Instrumenting class 'org.apache.log4j.CategoryKey'.
2024-11-12 13:42:06,011 INFO  MethodCallReplacementClassAdapter - Adding mock interface to class org/apache/log4j/CategoryKey
2024-11-12 13:42:06,011 INFO  CreateClassResetClassAdapter - Creating brand-new static initializer in class org/apache/log4j/CategoryKey
2024-11-12 13:42:06,011 INFO  EvoClassLoader - Keeping class: org.apache.log4j.CategoryKey
2024-11-12 13:42:06,012 INFO  EvoClassLoader - Seeing class for first time: org.apache.log4j.ProvisionNode
2024-11-12 13:42:06,012 INFO  EvoClassLoader - Instrumenting class 'org.apache.log4j.ProvisionNode'.
2024-11-12 13:42:06,012 INFO  MethodCallReplacementClassAdapter - Adding mock interface to class org/apache/log4j/ProvisionNode
2024-11-12 13:42:06,012 INFO  CreateClassResetClassAdapter - Creating brand-new static initializer in class org/apache/log4j/ProvisionNode
2024-11-12 13:42:06,012 INFO  EvoClassLoader - Keeping class: org.apache.log4j.ProvisionNode
2024-11-12 13:42:06,012 INFO  EvoClassLoader - Seeing class for first time: org.apache.hadoop.fs.FileSystem$Cache
2024-11-12 13:42:06,012 INFO  EvoClassLoader - Instrumenting class 'org.apache.hadoop.fs.FileSystem$Cache'.
2024-11-12 13:42:06,012 INFO  MethodCallReplacementClassAdapter - Adding mock interface to class org/apache/hadoop/fs/FileSystem$Cache
2024-11-12 13:42:06,013 INFO  CreateClassResetClassAdapter - Found static initializer in class org/apache/hadoop/fs/FileSystem$Cache
2024-11-12 13:42:06,013 INFO  EvoClassLoader - Keeping class: org.apache.hadoop.fs.FileSystem$Cache
2024-11-12 13:42:06,014 INFO  EvoClassLoader - Seeing class for first time: org.apache.hadoop.conf.Configuration
2024-11-12 13:42:06,014 INFO  EvoClassLoader - Instrumenting class 'org.apache.hadoop.conf.Configuration'.
2024-11-12 13:42:06,014 INFO  MethodCallReplacementClassAdapter - Adding mock interface to class org/apache/hadoop/conf/Configuration
2024-11-12 13:42:06,018 INFO  CreateClassResetClassAdapter - Found static initializer in class org/apache/hadoop/conf/Configuration
2024-11-12 13:42:06,020 INFO  EvoClassLoader - Keeping class: org.apache.hadoop.conf.Configuration
2024-11-12 13:42:06,021 INFO  EvoClassLoader - Seeing class for first time: com.ctc.wstx.io.InputBootstrapper
2024-11-12 13:42:06,021 INFO  EvoClassLoader - Instrumenting class 'com.ctc.wstx.io.InputBootstrapper'.
2024-11-12 13:42:06,021 INFO  MethodCallReplacementClassAdapter - Adding mock interface to class com/ctc/wstx/io/InputBootstrapper
2024-11-12 13:42:06,022 INFO  CreateClassResetClassAdapter - Creating brand-new static initializer in class com/ctc/wstx/io/InputBootstrapper
2024-11-12 13:42:06,022 INFO  CreateClassResetClassAdapter - Adding bytecode for initializing field ERR_XMLDECL_KW_VERSION
2024-11-12 13:42:06,022 INFO  CreateClassResetClassAdapter - Adding bytecode for initializing field ERR_XMLDECL_KW_ENCODING
2024-11-12 13:42:06,022 INFO  CreateClassResetClassAdapter - Adding bytecode for initializing field ERR_XMLDECL_KW_STANDALONE
2024-11-12 13:42:06,022 INFO  CreateClassResetClassAdapter - Adding bytecode for initializing field ERR_XMLDECL_END_MARKER
2024-11-12 13:42:06,022 INFO  CreateClassResetClassAdapter - Adding bytecode for initializing field ERR_XMLDECL_EXP_SPACE
2024-11-12 13:42:06,022 INFO  CreateClassResetClassAdapter - Adding bytecode for initializing field ERR_XMLDECL_EXP_EQ
2024-11-12 13:42:06,022 INFO  CreateClassResetClassAdapter - Adding bytecode for initializing field ERR_XMLDECL_EXP_ATTRVAL
2024-11-12 13:42:06,022 INFO  CreateClassResetClassAdapter - Adding bytecode for initializing field CHAR_NULL
2024-11-12 13:42:06,022 INFO  CreateClassResetClassAdapter - Adding bytecode for initializing field CHAR_SPACE
2024-11-12 13:42:06,022 INFO  CreateClassResetClassAdapter - Adding bytecode for initializing field CHAR_NEL
2024-11-12 13:42:06,022 INFO  CreateClassResetClassAdapter - Adding bytecode for initializing field CHAR_CR
2024-11-12 13:42:06,022 INFO  CreateClassResetClassAdapter - Adding bytecode for initializing field CHAR_LF
2024-11-12 13:42:06,022 INFO  CreateClassResetClassAdapter - Adding bytecode for initializing field BYTE_NULL
2024-11-12 13:42:06,022 INFO  CreateClassResetClassAdapter - Adding bytecode for initializing field BYTE_CR
2024-11-12 13:42:06,022 INFO  CreateClassResetClassAdapter - Adding bytecode for initializing field BYTE_LF
2024-11-12 13:42:06,022 INFO  EvoClassLoader - Defined package (3): package com.ctc.wstx.io, 1195124395
2024-11-12 13:42:06,022 INFO  EvoClassLoader - Keeping class: com.ctc.wstx.io.InputBootstrapper
2024-11-12 13:42:06,022 INFO  EvoClassLoader - Seeing class for first time: com.ctc.wstx.io.StreamBootstrapper
2024-11-12 13:42:06,022 INFO  EvoClassLoader - Instrumenting class 'com.ctc.wstx.io.StreamBootstrapper'.
2024-11-12 13:42:06,022 INFO  MethodCallReplacementClassAdapter - Adding mock interface to class com/ctc/wstx/io/StreamBootstrapper
2024-11-12 13:42:06,031 INFO  CreateClassResetClassAdapter - Creating brand-new static initializer in class com/ctc/wstx/io/StreamBootstrapper
2024-11-12 13:42:06,031 INFO  CreateClassResetClassAdapter - Adding bytecode for initializing field MIN_BUF_SIZE
2024-11-12 13:42:06,032 INFO  EvoClassLoader - Keeping class: com.ctc.wstx.io.StreamBootstrapper
2024-11-12 13:42:06,032 INFO  EvoClassLoader - Seeing class for first time: org.apache.hadoop.conf.Configuration$NegativeCacheSentinel
2024-11-12 13:42:06,032 INFO  EvoClassLoader - Instrumenting class 'org.apache.hadoop.conf.Configuration$NegativeCacheSentinel'.
2024-11-12 13:42:06,032 INFO  MethodCallReplacementClassAdapter - Adding mock interface to class org/apache/hadoop/conf/Configuration$NegativeCacheSentinel
2024-11-12 13:42:06,032 INFO  CreateClassResetClassAdapter - Creating brand-new static initializer in class org/apache/hadoop/conf/Configuration$NegativeCacheSentinel
2024-11-12 13:42:06,032 INFO  EvoClassLoader - Keeping class: org.apache.hadoop.conf.Configuration$NegativeCacheSentinel
2024-11-12 13:42:06,032 INFO  EvoClassLoader - Seeing class for first time: com.ctc.wstx.stax.WstxInputFactory
2024-11-12 13:42:06,032 INFO  EvoClassLoader - Instrumenting class 'com.ctc.wstx.stax.WstxInputFactory'.
2024-11-12 13:42:06,033 INFO  MethodCallReplacementClassAdapter - Adding mock interface to class com/ctc/wstx/stax/WstxInputFactory
2024-11-12 13:42:06,038 INFO  CreateClassResetClassAdapter - Found static initializer in class com/ctc/wstx/stax/WstxInputFactory
2024-11-12 13:42:06,038 INFO  EvoClassLoader - Defined package (3): package com.ctc.wstx.stax, 1758581405
2024-11-12 13:42:06,039 INFO  EvoClassLoader - Seeing class for first time: com.ctc.wstx.sr.ReaderCreator
2024-11-12 13:42:06,039 INFO  EvoClassLoader - Instrumenting class 'com.ctc.wstx.sr.ReaderCreator'.
2024-11-12 13:42:06,041 INFO  EvoClassLoader - Defined package (3): package com.ctc.wstx.sr, 1195124708
2024-11-12 13:42:06,041 INFO  EvoClassLoader - Keeping class: com.ctc.wstx.sr.ReaderCreator
2024-11-12 13:42:06,041 INFO  EvoClassLoader - Seeing class for first time: com.ctc.wstx.cfg.InputConfigFlags
2024-11-12 13:42:06,041 INFO  EvoClassLoader - Instrumenting class 'com.ctc.wstx.cfg.InputConfigFlags'.
2024-11-12 13:42:06,042 INFO  EvoClassLoader - Defined package (3): package com.ctc.wstx.cfg, -1605855361
2024-11-12 13:42:06,042 INFO  EvoClassLoader - Keeping class: com.ctc.wstx.cfg.InputConfigFlags
2024-11-12 13:42:06,042 INFO  EvoClassLoader - Seeing class for first time: org.codehaus.stax2.XMLInputFactory2
2024-11-12 13:42:06,042 INFO  EvoClassLoader - Instrumenting class 'org.codehaus.stax2.XMLInputFactory2'.
2024-11-12 13:42:06,042 INFO  MethodCallReplacementClassAdapter - Adding mock interface to class org/codehaus/stax2/XMLInputFactory2
2024-11-12 13:42:06,042 INFO  CreateClassResetClassAdapter - Creating brand-new static initializer in class org/codehaus/stax2/XMLInputFactory2
2024-11-12 13:42:06,042 INFO  CreateClassResetClassAdapter - Adding bytecode for initializing field P_REPORT_PROLOG_WHITESPACE
2024-11-12 13:42:06,042 INFO  CreateClassResetClassAdapter - Adding bytecode for initializing field P_REPORT_CDATA
2024-11-12 13:42:06,042 INFO  CreateClassResetClassAdapter - Adding bytecode for initializing field P_LAZY_PARSING
2024-11-12 13:42:06,042 INFO  CreateClassResetClassAdapter - Adding bytecode for initializing field P_INTERN_NAMES
2024-11-12 13:42:06,042 INFO  CreateClassResetClassAdapter - Adding bytecode for initializing field P_INTERN_NS_URIS
2024-11-12 13:42:06,042 INFO  CreateClassResetClassAdapter - Adding bytecode for initializing field P_PRESERVE_LOCATION
2024-11-12 13:42:06,042 INFO  CreateClassResetClassAdapter - Adding bytecode for initializing field P_AUTO_CLOSE_INPUT
2024-11-12 13:42:06,042 INFO  CreateClassResetClassAdapter - Adding bytecode for initializing field P_DTD_OVERRIDE
2024-11-12 13:42:06,042 INFO  EvoClassLoader - Defined package (3): package org.codehaus.stax2, -1889860742
2024-11-12 13:42:06,042 INFO  EvoClassLoader - Seeing class for first time: org.codehaus.stax2.XMLStreamProperties
2024-11-12 13:42:06,042 INFO  EvoClassLoader - Instrumenting class 'org.codehaus.stax2.XMLStreamProperties'.
2024-11-12 13:42:06,043 INFO  EvoClassLoader - Keeping class: org.codehaus.stax2.XMLStreamProperties
2024-11-12 13:42:06,043 INFO  EvoClassLoader - Keeping class: org.codehaus.stax2.XMLInputFactory2
2024-11-12 13:42:06,043 INFO  EvoClassLoader - Keeping class: com.ctc.wstx.stax.WstxInputFactory
2024-11-12 13:42:06,043 INFO  EvoClassLoader - Seeing class for first time: com.ctc.wstx.exc.WstxIOException
2024-11-12 13:42:06,043 INFO  EvoClassLoader - Instrumenting class 'com.ctc.wstx.exc.WstxIOException'.
2024-11-12 13:42:06,044 INFO  MethodCallReplacementClassAdapter - Adding mock interface to class com/ctc/wstx/exc/WstxIOException
2024-11-12 13:42:06,044 INFO  CreateClassResetClassAdapter - Creating brand-new static initializer in class com/ctc/wstx/exc/WstxIOException
2024-11-12 13:42:06,044 INFO  EvoClassLoader - Defined package (3): package com.ctc.wstx.exc, -1605852885
2024-11-12 13:42:06,044 INFO  EvoClassLoader - Seeing class for first time: com.ctc.wstx.exc.WstxException
2024-11-12 13:42:06,044 INFO  EvoClassLoader - Instrumenting class 'com.ctc.wstx.exc.WstxException'.
2024-11-12 13:42:06,044 INFO  MethodCallReplacementClassAdapter - Adding mock interface to class com/ctc/wstx/exc/WstxException
2024-11-12 13:42:06,044 INFO  CreateClassResetClassAdapter - Creating brand-new static initializer in class com/ctc/wstx/exc/WstxException
2024-11-12 13:42:06,044 INFO  EvoClassLoader - Keeping class: com.ctc.wstx.exc.WstxException
2024-11-12 13:42:06,044 INFO  EvoClassLoader - Keeping class: com.ctc.wstx.exc.WstxIOException
2024-11-12 13:42:06,044 INFO  EvoClassLoader - Seeing class for first time: org.codehaus.stax2.XMLStreamReader2
2024-11-12 13:42:06,044 INFO  EvoClassLoader - Instrumenting class 'org.codehaus.stax2.XMLStreamReader2'.
2024-11-12 13:42:06,045 INFO  EvoClassLoader - Seeing class for first time: org.codehaus.stax2.typed.TypedXMLStreamReader
2024-11-12 13:42:06,045 INFO  EvoClassLoader - Instrumenting class 'org.codehaus.stax2.typed.TypedXMLStreamReader'.
2024-11-12 13:42:06,045 INFO  EvoClassLoader - Defined package (3): package org.codehaus.stax2.typed, -1667283722
2024-11-12 13:42:06,045 INFO  EvoClassLoader - Keeping class: org.codehaus.stax2.typed.TypedXMLStreamReader
2024-11-12 13:42:06,045 INFO  EvoClassLoader - Seeing class for first time: org.codehaus.stax2.validation.Validatable
2024-11-12 13:42:06,045 INFO  EvoClassLoader - Instrumenting class 'org.codehaus.stax2.validation.Validatable'.
2024-11-12 13:42:06,046 INFO  EvoClassLoader - Defined package (3): package org.codehaus.stax2.validation, 1474122605
2024-11-12 13:42:06,046 INFO  EvoClassLoader - Keeping class: org.codehaus.stax2.validation.Validatable
2024-11-12 13:42:06,046 INFO  EvoClassLoader - Keeping class: org.codehaus.stax2.XMLStreamReader2
2024-11-12 13:42:06,046 INFO  EvoClassLoader - Seeing class for first time: com.ctc.wstx.io.ReaderBootstrapper
2024-11-12 13:42:06,046 INFO  EvoClassLoader - Instrumenting class 'com.ctc.wstx.io.ReaderBootstrapper'.
2024-11-12 13:42:06,047 INFO  MethodCallReplacementClassAdapter - Adding mock interface to class com/ctc/wstx/io/ReaderBootstrapper
2024-11-12 13:42:06,048 INFO  CreateClassResetClassAdapter - Creating brand-new static initializer in class com/ctc/wstx/io/ReaderBootstrapper
2024-11-12 13:42:06,048 INFO  CreateClassResetClassAdapter - Adding bytecode for initializing field CHAR_BOM_MARKER
2024-11-12 13:42:06,049 INFO  EvoClassLoader - Keeping class: com.ctc.wstx.io.ReaderBootstrapper
2024-11-12 13:42:06,050 INFO  EvoClassLoader - Seeing class for first time: org.codehaus.stax2.XMLEventReader2
2024-11-12 13:42:06,050 INFO  EvoClassLoader - Instrumenting class 'org.codehaus.stax2.XMLEventReader2'.
2024-11-12 13:42:06,051 INFO  EvoClassLoader - Keeping class: org.codehaus.stax2.XMLEventReader2
2024-11-12 13:42:06,055 INFO  EvoClassLoader - Seeing class for first time: com.ctc.wstx.util.DefaultXmlSymbolTable
2024-11-12 13:42:06,055 INFO  EvoClassLoader - Instrumenting class 'com.ctc.wstx.util.DefaultXmlSymbolTable'.
2024-11-12 13:42:06,056 INFO  MethodCallReplacementClassAdapter - Adding mock interface to class com/ctc/wstx/util/DefaultXmlSymbolTable
2024-11-12 13:42:06,056 INFO  CreateClassResetClassAdapter - Found static initializer in class com/ctc/wstx/util/DefaultXmlSymbolTable
2024-11-12 13:42:06,056 INFO  EvoClassLoader - Defined package (3): package com.ctc.wstx.util, 1758641223
2024-11-12 13:42:06,056 INFO  EvoClassLoader - Keeping class: com.ctc.wstx.util.DefaultXmlSymbolTable
2024-11-12 13:42:06,057 INFO  EvoClassLoader - Seeing class for first time: com.ctc.wstx.util.SymbolTable
2024-11-12 13:42:06,057 INFO  EvoClassLoader - Instrumenting class 'com.ctc.wstx.util.SymbolTable'.
2024-11-12 13:42:06,057 INFO  MethodCallReplacementClassAdapter - Adding mock interface to class com/ctc/wstx/util/SymbolTable
2024-11-12 13:42:06,058 INFO  CreateClassResetClassAdapter - Creating brand-new static initializer in class com/ctc/wstx/util/SymbolTable
2024-11-12 13:42:06,058 INFO  CreateClassResetClassAdapter - Adding bytecode for initializing field DEFAULT_TABLE_SIZE
2024-11-12 13:42:06,058 INFO  CreateClassResetClassAdapter - Adding bytecode for initializing field DEFAULT_FILL_FACTOR
2024-11-12 13:42:06,058 INFO  CreateClassResetClassAdapter - Adding bytecode for initializing field EMPTY_STRING
2024-11-12 13:42:06,058 INFO  EvoClassLoader - Keeping class: com.ctc.wstx.util.SymbolTable
2024-11-12 13:42:06,058 INFO  EvoClassLoader - Seeing class for first time: com.ctc.wstx.util.SymbolTable$Bucket
2024-11-12 13:42:06,058 INFO  EvoClassLoader - Instrumenting class 'com.ctc.wstx.util.SymbolTable$Bucket'.
2024-11-12 13:42:06,059 INFO  MethodCallReplacementClassAdapter - Adding mock interface to class com/ctc/wstx/util/SymbolTable$Bucket
2024-11-12 13:42:06,059 INFO  CreateClassResetClassAdapter - Creating brand-new static initializer in class com/ctc/wstx/util/SymbolTable$Bucket
2024-11-12 13:42:06,059 INFO  EvoClassLoader - Keeping class: com.ctc.wstx.util.SymbolTable$Bucket
2024-11-12 13:42:06,059 INFO  EvoClassLoader - Seeing class for first time: com.ctc.wstx.api.ReaderConfig
2024-11-12 13:42:06,059 INFO  EvoClassLoader - Instrumenting class 'com.ctc.wstx.api.ReaderConfig'.
2024-11-12 13:42:06,059 INFO  MethodCallReplacementClassAdapter - Adding mock interface to class com/ctc/wstx/api/ReaderConfig
2024-11-12 13:42:06,060 INFO  CreateClassResetClassAdapter - Found static initializer in class com/ctc/wstx/api/ReaderConfig
2024-11-12 13:42:06,061 INFO  EvoClassLoader - Defined package (3): package com.ctc.wstx.api, -1605856971
2024-11-12 13:42:06,061 INFO  EvoClassLoader - Seeing class for first time: com.ctc.wstx.api.CommonConfig
2024-11-12 13:42:06,061 INFO  EvoClassLoader - Instrumenting class 'com.ctc.wstx.api.CommonConfig'.
2024-11-12 13:42:06,062 INFO  MethodCallReplacementClassAdapter - Adding mock interface to class com/ctc/wstx/api/CommonConfig
2024-11-12 13:42:06,062 INFO  CreateClassResetClassAdapter - Found static initializer in class com/ctc/wstx/api/CommonConfig
2024-11-12 13:42:06,062 INFO  EvoClassLoader - Keeping class: com.ctc.wstx.api.CommonConfig
2024-11-12 13:42:06,062 INFO  EvoClassLoader - Keeping class: com.ctc.wstx.api.ReaderConfig
2024-11-12 13:42:06,063 INFO  EvoClassLoader - Seeing class for first time: com.ctc.wstx.api.WstxInputProperties
2024-11-12 13:42:06,063 INFO  EvoClassLoader - Instrumenting class 'com.ctc.wstx.api.WstxInputProperties'.
2024-11-12 13:42:06,064 INFO  MethodCallReplacementClassAdapter - Adding mock interface to class com/ctc/wstx/api/WstxInputProperties
2024-11-12 13:42:06,064 INFO  CreateClassResetClassAdapter - Found static initializer in class com/ctc/wstx/api/WstxInputProperties
2024-11-12 13:42:06,064 INFO  EvoClassLoader - Keeping class: com.ctc.wstx.api.WstxInputProperties
2024-11-12 13:42:06,064 INFO  EvoClassLoader - Seeing class for first time: com.ctc.wstx.api.WstxInputProperties$ParsingMode
2024-11-12 13:42:06,064 INFO  EvoClassLoader - Instrumenting class 'com.ctc.wstx.api.WstxInputProperties$ParsingMode'.
2024-11-12 13:42:06,064 INFO  MethodCallReplacementClassAdapter - Adding mock interface to class com/ctc/wstx/api/WstxInputProperties$ParsingMode
2024-11-12 13:42:06,064 INFO  CreateClassResetClassAdapter - Creating brand-new static initializer in class com/ctc/wstx/api/WstxInputProperties$ParsingMode
2024-11-12 13:42:06,064 INFO  EvoClassLoader - Keeping class: com.ctc.wstx.api.WstxInputProperties$ParsingMode
2024-11-12 13:42:06,064 INFO  EvoClassLoader - Seeing class for first time: org.apache.hadoop.conf.Configuration$DeprecationDelta
2024-11-12 13:42:06,064 INFO  EvoClassLoader - Instrumenting class 'org.apache.hadoop.conf.Configuration$DeprecationDelta'.
2024-11-12 13:42:06,065 INFO  MethodCallReplacementClassAdapter - Adding mock interface to class org/apache/hadoop/conf/Configuration$DeprecationDelta
2024-11-12 13:42:06,065 INFO  CreateClassResetClassAdapter - Creating brand-new static initializer in class org/apache/hadoop/conf/Configuration$DeprecationDelta
2024-11-12 13:42:06,065 INFO  EvoClassLoader - Keeping class: org.apache.hadoop.conf.Configuration$DeprecationDelta
2024-11-12 13:42:06,065 INFO  EvoClassLoader - Seeing class for first time: org.apache.hadoop.util.Preconditions
2024-11-12 13:42:06,065 INFO  EvoClassLoader - Instrumenting class 'org.apache.hadoop.util.Preconditions'.
2024-11-12 13:42:06,065 INFO  MethodCallReplacementClassAdapter - Adding mock interface to class org/apache/hadoop/util/Preconditions
2024-11-12 13:42:06,066 INFO  CreateClassResetClassAdapter - Found static initializer in class org/apache/hadoop/util/Preconditions
2024-11-12 13:42:06,066 INFO  EvoClassLoader - Keeping class: org.apache.hadoop.util.Preconditions
2024-11-12 13:42:06,067 INFO  EvoClassLoader - Seeing class for first time: org.apache.hadoop.conf.Configuration$DeprecationContext
2024-11-12 13:42:06,067 INFO  EvoClassLoader - Instrumenting class 'org.apache.hadoop.conf.Configuration$DeprecationContext'.
2024-11-12 13:42:06,067 INFO  MethodCallReplacementClassAdapter - Adding mock interface to class org/apache/hadoop/conf/Configuration$DeprecationContext
2024-11-12 13:42:06,067 INFO  CreateClassResetClassAdapter - Creating brand-new static initializer in class org/apache/hadoop/conf/Configuration$DeprecationContext
2024-11-12 13:42:06,067 INFO  EvoClassLoader - Keeping class: org.apache.hadoop.conf.Configuration$DeprecationContext
2024-11-12 13:42:06,067 INFO  EvoClassLoader - Seeing class for first time: org.apache.hadoop.conf.Configuration$DeprecatedKeyInfo
2024-11-12 13:42:06,067 INFO  EvoClassLoader - Instrumenting class 'org.apache.hadoop.conf.Configuration$DeprecatedKeyInfo'.
2024-11-12 13:42:06,067 INFO  MethodCallReplacementClassAdapter - Adding mock interface to class org/apache/hadoop/conf/Configuration$DeprecatedKeyInfo
2024-11-12 13:42:06,067 INFO  CreateClassResetClassAdapter - Creating brand-new static initializer in class org/apache/hadoop/conf/Configuration$DeprecatedKeyInfo
2024-11-12 13:42:06,067 INFO  EvoClassLoader - Keeping class: org.apache.hadoop.conf.Configuration$DeprecatedKeyInfo
2024-11-12 13:42:06,068 INFO  EvoClassLoader - Seeing class for first time: org.apache.commons.collections.map.UnmodifiableMap
2024-11-12 13:42:06,068 INFO  EvoClassLoader - Instrumenting class 'org.apache.commons.collections.map.UnmodifiableMap'.
2024-11-12 13:42:06,068 INFO  MethodCallReplacementClassAdapter - Adding mock interface to class org/apache/commons/collections/map/UnmodifiableMap
2024-11-12 13:42:06,068 INFO  CreateClassResetClassAdapter - Creating brand-new static initializer in class org/apache/commons/collections/map/UnmodifiableMap
2024-11-12 13:42:06,068 INFO  EvoClassLoader - Defined package (3): package org.apache.commons.collections.map, -1340437721
2024-11-12 13:42:06,068 INFO  EvoClassLoader - Seeing class for first time: org.apache.commons.collections.IterableMap
2024-11-12 13:42:06,068 INFO  EvoClassLoader - Instrumenting class 'org.apache.commons.collections.IterableMap'.
2024-11-12 13:42:06,068 INFO  EvoClassLoader - Defined package (3): package org.apache.commons.collections, -177651399
2024-11-12 13:42:06,068 INFO  EvoClassLoader - Keeping class: org.apache.commons.collections.IterableMap
2024-11-12 13:42:06,068 INFO  EvoClassLoader - Seeing class for first time: org.apache.commons.collections.Unmodifiable
2024-11-12 13:42:06,068 INFO  EvoClassLoader - Instrumenting class 'org.apache.commons.collections.Unmodifiable'.
2024-11-12 13:42:06,068 INFO  EvoClassLoader - Keeping class: org.apache.commons.collections.Unmodifiable
2024-11-12 13:42:06,068 INFO  EvoClassLoader - Seeing class for first time: org.apache.commons.collections.map.AbstractMapDecorator
2024-11-12 13:42:06,068 INFO  EvoClassLoader - Instrumenting class 'org.apache.commons.collections.map.AbstractMapDecorator'.
2024-11-12 13:42:06,068 INFO  MethodCallReplacementClassAdapter - Adding mock interface to class org/apache/commons/collections/map/AbstractMapDecorator
2024-11-12 13:42:06,069 INFO  CreateClassResetClassAdapter - Creating brand-new static initializer in class org/apache/commons/collections/map/AbstractMapDecorator
2024-11-12 13:42:06,069 INFO  EvoClassLoader - Keeping class: org.apache.commons.collections.map.AbstractMapDecorator
2024-11-12 13:42:06,069 INFO  EvoClassLoader - Keeping class: org.apache.commons.collections.map.UnmodifiableMap
2024-11-12 13:42:06,069 INFO  EvoClassLoader - Seeing class for first time: org.apache.commons.collections.MapIterator
2024-11-12 13:42:06,069 INFO  EvoClassLoader - Instrumenting class 'org.apache.commons.collections.MapIterator'.
2024-11-12 13:42:06,069 INFO  EvoClassLoader - Keeping class: org.apache.commons.collections.MapIterator
2024-11-12 13:42:06,069 INFO  EvoClassLoader - Seeing class for first time: org.apache.hadoop.fs.FileSystem$Cache$ClientFinalizer
2024-11-12 13:42:06,069 INFO  EvoClassLoader - Instrumenting class 'org.apache.hadoop.fs.FileSystem$Cache$ClientFinalizer'.
2024-11-12 13:42:06,070 INFO  MethodCallReplacementClassAdapter - Adding mock interface to class org/apache/hadoop/fs/FileSystem$Cache$ClientFinalizer
2024-11-12 13:42:06,070 INFO  CreateClassResetClassAdapter - Creating brand-new static initializer in class org/apache/hadoop/fs/FileSystem$Cache$ClientFinalizer
2024-11-12 13:42:06,070 INFO  EvoClassLoader - Keeping class: org.apache.hadoop.fs.FileSystem$Cache$ClientFinalizer
2024-11-12 13:42:06,070 INFO  EvoClassLoader - Seeing class for first time: org.apache.hadoop.conf.Configuration$Resource
2024-11-12 13:42:06,070 INFO  EvoClassLoader - Instrumenting class 'org.apache.hadoop.conf.Configuration$Resource'.
2024-11-12 13:42:06,070 INFO  MethodCallReplacementClassAdapter - Adding mock interface to class org/apache/hadoop/conf/Configuration$Resource
2024-11-12 13:42:06,070 INFO  CreateClassResetClassAdapter - Creating brand-new static initializer in class org/apache/hadoop/conf/Configuration$Resource
2024-11-12 13:42:06,070 INFO  EvoClassLoader - Keeping class: org.apache.hadoop.conf.Configuration$Resource
2024-11-12 13:42:06,071 INFO  EvoClassLoader - Seeing class for first time: com.ctc.wstx.io.SystemId
2024-11-12 13:42:06,071 INFO  EvoClassLoader - Instrumenting class 'com.ctc.wstx.io.SystemId'.
2024-11-12 13:42:06,071 INFO  MethodCallReplacementClassAdapter - Adding mock interface to class com/ctc/wstx/io/SystemId
2024-11-12 13:42:06,071 INFO  CreateClassResetClassAdapter - Creating brand-new static initializer in class com/ctc/wstx/io/SystemId
2024-11-12 13:42:06,071 INFO  EvoClassLoader - Keeping class: com.ctc.wstx.io.SystemId
2024-11-12 13:42:06,071 INFO  EvoClassLoader - Seeing class for first time: com.ctc.wstx.exc.WstxUnexpectedCharException
2024-11-12 13:42:06,071 INFO  EvoClassLoader - Instrumenting class 'com.ctc.wstx.exc.WstxUnexpectedCharException'.
2024-11-12 13:42:06,072 INFO  MethodCallReplacementClassAdapter - Adding mock interface to class com/ctc/wstx/exc/WstxUnexpectedCharException
2024-11-12 13:42:06,072 INFO  CreateClassResetClassAdapter - Creating brand-new static initializer in class com/ctc/wstx/exc/WstxUnexpectedCharException
2024-11-12 13:42:06,072 INFO  EvoClassLoader - Seeing class for first time: com.ctc.wstx.exc.WstxParsingException
2024-11-12 13:42:06,072 INFO  EvoClassLoader - Instrumenting class 'com.ctc.wstx.exc.WstxParsingException'.
2024-11-12 13:42:06,072 INFO  MethodCallReplacementClassAdapter - Adding mock interface to class com/ctc/wstx/exc/WstxParsingException
2024-11-12 13:42:06,072 INFO  CreateClassResetClassAdapter - Creating brand-new static initializer in class com/ctc/wstx/exc/WstxParsingException
2024-11-12 13:42:06,072 INFO  EvoClassLoader - Keeping class: com.ctc.wstx.exc.WstxParsingException
2024-11-12 13:42:06,072 INFO  EvoClassLoader - Keeping class: com.ctc.wstx.exc.WstxUnexpectedCharException
2024-11-12 13:42:06,072 INFO  EvoClassLoader - Seeing class for first time: com.ctc.wstx.exc.WstxEOFException
2024-11-12 13:42:06,072 INFO  EvoClassLoader - Instrumenting class 'com.ctc.wstx.exc.WstxEOFException'.
2024-11-12 13:42:06,072 INFO  MethodCallReplacementClassAdapter - Adding mock interface to class com/ctc/wstx/exc/WstxEOFException
2024-11-12 13:42:06,072 INFO  CreateClassResetClassAdapter - Creating brand-new static initializer in class com/ctc/wstx/exc/WstxEOFException
2024-11-12 13:42:06,072 INFO  EvoClassLoader - Keeping class: com.ctc.wstx.exc.WstxEOFException
2024-11-12 13:42:06,073 INFO  EvoClassLoader - Seeing class for first time: com.ctc.wstx.io.BaseReader
2024-11-12 13:42:06,073 INFO  EvoClassLoader - Instrumenting class 'com.ctc.wstx.io.BaseReader'.
2024-11-12 13:42:06,073 INFO  MethodCallReplacementClassAdapter - Adding mock interface to class com/ctc/wstx/io/BaseReader
2024-11-12 13:42:06,073 INFO  CreateClassResetClassAdapter - Creating brand-new static initializer in class com/ctc/wstx/io/BaseReader
2024-11-12 13:42:06,073 INFO  CreateClassResetClassAdapter - Adding bytecode for initializing field NULL_CHAR
2024-11-12 13:42:06,073 INFO  CreateClassResetClassAdapter - Adding bytecode for initializing field NULL_BYTE
2024-11-12 13:42:06,073 INFO  CreateClassResetClassAdapter - Adding bytecode for initializing field CONVERT_NEL_TO
2024-11-12 13:42:06,073 INFO  CreateClassResetClassAdapter - Adding bytecode for initializing field CONVERT_LSEP_TO
2024-11-12 13:42:06,073 INFO  CreateClassResetClassAdapter - Adding bytecode for initializing field CHAR_DEL
2024-11-12 13:42:06,073 INFO  EvoClassLoader - Keeping class: com.ctc.wstx.io.BaseReader
2024-11-12 13:42:06,073 INFO  EvoClassLoader - Seeing class for first time: com.ctc.wstx.io.UTF8Reader
2024-11-12 13:42:06,073 INFO  EvoClassLoader - Instrumenting class 'com.ctc.wstx.io.UTF8Reader'.
2024-11-12 13:42:06,073 INFO  MethodCallReplacementClassAdapter - Adding mock interface to class com/ctc/wstx/io/UTF8Reader
2024-11-12 13:42:06,074 INFO  CreateClassResetClassAdapter - Creating brand-new static initializer in class com/ctc/wstx/io/UTF8Reader
2024-11-12 13:42:06,074 INFO  EvoClassLoader - Keeping class: com.ctc.wstx.io.UTF8Reader
2024-11-12 13:42:06,074 INFO  EvoClassLoader - Seeing class for first time: com.ctc.wstx.io.ISOLatinReader
2024-11-12 13:42:06,074 INFO  EvoClassLoader - Instrumenting class 'com.ctc.wstx.io.ISOLatinReader'.
2024-11-12 13:42:06,074 INFO  MethodCallReplacementClassAdapter - Adding mock interface to class com/ctc/wstx/io/ISOLatinReader
2024-11-12 13:42:06,074 INFO  CreateClassResetClassAdapter - Creating brand-new static initializer in class com/ctc/wstx/io/ISOLatinReader
2024-11-12 13:42:06,074 INFO  EvoClassLoader - Keeping class: com.ctc.wstx.io.ISOLatinReader
2024-11-12 13:42:06,074 INFO  EvoClassLoader - Seeing class for first time: com.ctc.wstx.io.AsciiReader
2024-11-12 13:42:06,074 INFO  EvoClassLoader - Instrumenting class 'com.ctc.wstx.io.AsciiReader'.
2024-11-12 13:42:06,074 INFO  MethodCallReplacementClassAdapter - Adding mock interface to class com/ctc/wstx/io/AsciiReader
2024-11-12 13:42:06,074 INFO  CreateClassResetClassAdapter - Creating brand-new static initializer in class com/ctc/wstx/io/AsciiReader
2024-11-12 13:42:06,074 INFO  EvoClassLoader - Keeping class: com.ctc.wstx.io.AsciiReader
2024-11-12 13:42:06,074 INFO  EvoClassLoader - Seeing class for first time: com.ctc.wstx.io.UTF32Reader
2024-11-12 13:42:06,074 INFO  EvoClassLoader - Instrumenting class 'com.ctc.wstx.io.UTF32Reader'.
2024-11-12 13:42:06,075 INFO  MethodCallReplacementClassAdapter - Adding mock interface to class com/ctc/wstx/io/UTF32Reader
2024-11-12 13:42:06,075 INFO  CreateClassResetClassAdapter - Creating brand-new static initializer in class com/ctc/wstx/io/UTF32Reader
2024-11-12 13:42:06,075 INFO  EvoClassLoader - Keeping class: com.ctc.wstx.io.UTF32Reader
2024-11-12 13:42:06,075 INFO  EvoClassLoader - Seeing class for first time: com.ctc.wstx.io.MergedStream
2024-11-12 13:42:06,075 INFO  EvoClassLoader - Instrumenting class 'com.ctc.wstx.io.MergedStream'.
2024-11-12 13:42:06,075 INFO  MethodCallReplacementClassAdapter - Adding mock interface to class com/ctc/wstx/io/MergedStream
2024-11-12 13:42:06,075 INFO  CreateClassResetClassAdapter - Creating brand-new static initializer in class com/ctc/wstx/io/MergedStream
2024-11-12 13:42:06,075 INFO  EvoClassLoader - Keeping class: com.ctc.wstx.io.MergedStream
2024-11-12 13:42:06,076 INFO  EvoClassLoader - Seeing class for first time: com.ctc.wstx.io.InputSourceFactory
2024-11-12 13:42:06,076 INFO  EvoClassLoader - Instrumenting class 'com.ctc.wstx.io.InputSourceFactory'.
2024-11-12 13:42:06,076 INFO  MethodCallReplacementClassAdapter - Adding mock interface to class com/ctc/wstx/io/InputSourceFactory
2024-11-12 13:42:06,076 INFO  CreateClassResetClassAdapter - Creating brand-new static initializer in class com/ctc/wstx/io/InputSourceFactory
2024-11-12 13:42:06,076 INFO  EvoClassLoader - Keeping class: com.ctc.wstx.io.InputSourceFactory
2024-11-12 13:42:06,076 INFO  EvoClassLoader - Seeing class for first time: com.ctc.wstx.io.WstxInputSource
2024-11-12 13:42:06,076 INFO  EvoClassLoader - Instrumenting class 'com.ctc.wstx.io.WstxInputSource'.
2024-11-12 13:42:06,077 INFO  MethodCallReplacementClassAdapter - Adding mock interface to class com/ctc/wstx/io/WstxInputSource
2024-11-12 13:42:06,077 INFO  CreateClassResetClassAdapter - Creating brand-new static initializer in class com/ctc/wstx/io/WstxInputSource
2024-11-12 13:42:06,078 INFO  EvoClassLoader - Keeping class: com.ctc.wstx.io.WstxInputSource
2024-11-12 13:42:06,078 INFO  EvoClassLoader - Seeing class for first time: com.ctc.wstx.io.CharArraySource
2024-11-12 13:42:06,078 INFO  EvoClassLoader - Instrumenting class 'com.ctc.wstx.io.CharArraySource'.
2024-11-12 13:42:06,078 INFO  MethodCallReplacementClassAdapter - Adding mock interface to class com/ctc/wstx/io/CharArraySource
2024-11-12 13:42:06,078 INFO  CreateClassResetClassAdapter - Creating brand-new static initializer in class com/ctc/wstx/io/CharArraySource
2024-11-12 13:42:06,078 INFO  EvoClassLoader - Seeing class for first time: com.ctc.wstx.io.BaseInputSource
2024-11-12 13:42:06,078 INFO  EvoClassLoader - Instrumenting class 'com.ctc.wstx.io.BaseInputSource'.
2024-11-12 13:42:06,078 INFO  MethodCallReplacementClassAdapter - Adding mock interface to class com/ctc/wstx/io/BaseInputSource
2024-11-12 13:42:06,078 INFO  CreateClassResetClassAdapter - Creating brand-new static initializer in class com/ctc/wstx/io/BaseInputSource
2024-11-12 13:42:06,078 INFO  EvoClassLoader - Keeping class: com.ctc.wstx.io.BaseInputSource
2024-11-12 13:42:06,078 INFO  EvoClassLoader - Keeping class: com.ctc.wstx.io.CharArraySource
2024-11-12 13:42:06,079 INFO  EvoClassLoader - Seeing class for first time: com.ctc.wstx.io.BranchingReaderSource
2024-11-12 13:42:06,079 INFO  EvoClassLoader - Instrumenting class 'com.ctc.wstx.io.BranchingReaderSource'.
2024-11-12 13:42:06,079 INFO  MethodCallReplacementClassAdapter - Adding mock interface to class com/ctc/wstx/io/BranchingReaderSource
2024-11-12 13:42:06,079 INFO  CreateClassResetClassAdapter - Creating brand-new static initializer in class com/ctc/wstx/io/BranchingReaderSource
2024-11-12 13:42:06,079 INFO  EvoClassLoader - Seeing class for first time: com.ctc.wstx.io.ReaderSource
2024-11-12 13:42:06,079 INFO  EvoClassLoader - Instrumenting class 'com.ctc.wstx.io.ReaderSource'.
2024-11-12 13:42:06,079 INFO  MethodCallReplacementClassAdapter - Adding mock interface to class com/ctc/wstx/io/ReaderSource
2024-11-12 13:42:06,079 INFO  CreateClassResetClassAdapter - Creating brand-new static initializer in class com/ctc/wstx/io/ReaderSource
2024-11-12 13:42:06,079 INFO  EvoClassLoader - Keeping class: com.ctc.wstx.io.ReaderSource
2024-11-12 13:42:06,079 INFO  EvoClassLoader - Keeping class: com.ctc.wstx.io.BranchingReaderSource
2024-11-12 13:42:06,080 INFO  EvoClassLoader - Seeing class for first time: com.ctc.wstx.sr.ValidatingStreamReader
2024-11-12 13:42:06,080 INFO  EvoClassLoader - Instrumenting class 'com.ctc.wstx.sr.ValidatingStreamReader'.
2024-11-12 13:42:06,080 INFO  MethodCallReplacementClassAdapter - Adding mock interface to class com/ctc/wstx/sr/ValidatingStreamReader
2024-11-12 13:42:06,081 INFO  CreateClassResetClassAdapter - Creating brand-new static initializer in class com/ctc/wstx/sr/ValidatingStreamReader
2024-11-12 13:42:06,081 INFO  CreateClassResetClassAdapter - Adding bytecode for initializing field STAX_PROP_ENTITIES
2024-11-12 13:42:06,081 INFO  CreateClassResetClassAdapter - Adding bytecode for initializing field STAX_PROP_NOTATIONS
2024-11-12 13:42:06,081 INFO  EvoClassLoader - Seeing class for first time: com.ctc.wstx.sr.TypedStreamReader
2024-11-12 13:42:06,081 INFO  EvoClassLoader - Instrumenting class 'com.ctc.wstx.sr.TypedStreamReader'.
2024-11-12 13:42:06,081 INFO  MethodCallReplacementClassAdapter - Adding mock interface to class com/ctc/wstx/sr/TypedStreamReader
2024-11-12 13:42:06,082 INFO  CreateClassResetClassAdapter - Creating brand-new static initializer in class com/ctc/wstx/sr/TypedStreamReader
2024-11-12 13:42:06,082 INFO  CreateClassResetClassAdapter - Adding bytecode for initializing field MASK_TYPED_ACCESS_ARRAY
2024-11-12 13:42:06,082 INFO  CreateClassResetClassAdapter - Adding bytecode for initializing field MASK_TYPED_ACCESS_BINARY
2024-11-12 13:42:06,082 INFO  CreateClassResetClassAdapter - Adding bytecode for initializing field MIN_BINARY_CHUNK
2024-11-12 13:42:06,083 INFO  EvoClassLoader - Seeing class for first time: com.ctc.wstx.sr.BasicStreamReader
2024-11-12 13:42:06,083 INFO  EvoClassLoader - Instrumenting class 'com.ctc.wstx.sr.BasicStreamReader'.
2024-11-12 13:42:06,084 INFO  MethodCallReplacementClassAdapter - Adding mock interface to class com/ctc/wstx/sr/BasicStreamReader
2024-11-12 13:42:06,086 INFO  CreateClassResetClassAdapter - Found static initializer in class com/ctc/wstx/sr/BasicStreamReader
2024-11-12 13:42:06,087 INFO  EvoClassLoader - Seeing class for first time: com.ctc.wstx.sr.StreamReaderImpl
2024-11-12 13:42:06,087 INFO  EvoClassLoader - Instrumenting class 'com.ctc.wstx.sr.StreamReaderImpl'.
2024-11-12 13:42:06,088 INFO  EvoClassLoader - Keeping class: com.ctc.wstx.sr.StreamReaderImpl
2024-11-12 13:42:06,088 INFO  EvoClassLoader - Seeing class for first time: org.codehaus.stax2.DTDInfo
2024-11-12 13:42:06,088 INFO  EvoClassLoader - Instrumenting class 'org.codehaus.stax2.DTDInfo'.
2024-11-12 13:42:06,088 INFO  EvoClassLoader - Keeping class: org.codehaus.stax2.DTDInfo
2024-11-12 13:42:06,088 INFO  EvoClassLoader - Seeing class for first time: org.codehaus.stax2.LocationInfo
2024-11-12 13:42:06,088 INFO  EvoClassLoader - Instrumenting class 'org.codehaus.stax2.LocationInfo'.
2024-11-12 13:42:06,088 INFO  EvoClassLoader - Keeping class: org.codehaus.stax2.LocationInfo
2024-11-12 13:42:06,088 INFO  EvoClassLoader - Seeing class for first time: com.ctc.wstx.sr.StreamScanner
2024-11-12 13:42:06,088 INFO  EvoClassLoader - Instrumenting class 'com.ctc.wstx.sr.StreamScanner'.
2024-11-12 13:42:06,089 INFO  MethodCallReplacementClassAdapter - Adding mock interface to class com/ctc/wstx/sr/StreamScanner
2024-11-12 13:42:06,091 INFO  CreateClassResetClassAdapter - Found static initializer in class com/ctc/wstx/sr/StreamScanner
2024-11-12 13:42:06,092 INFO  EvoClassLoader - Seeing class for first time: com.ctc.wstx.sr.InputProblemReporter
2024-11-12 13:42:06,092 INFO  EvoClassLoader - Instrumenting class 'com.ctc.wstx.sr.InputProblemReporter'.
2024-11-12 13:42:06,092 INFO  EvoClassLoader - Keeping class: com.ctc.wstx.sr.InputProblemReporter
2024-11-12 13:42:06,092 INFO  EvoClassLoader - Seeing class for first time: com.ctc.wstx.cfg.ParsingErrorMsgs
2024-11-12 13:42:06,092 INFO  EvoClassLoader - Instrumenting class 'com.ctc.wstx.cfg.ParsingErrorMsgs'.
2024-11-12 13:42:06,092 INFO  EvoClassLoader - Keeping class: com.ctc.wstx.cfg.ParsingErrorMsgs
2024-11-12 13:42:06,093 INFO  EvoClassLoader - Seeing class for first time: com.ctc.wstx.io.WstxInputData
2024-11-12 13:42:06,093 INFO  EvoClassLoader - Instrumenting class 'com.ctc.wstx.io.WstxInputData'.
2024-11-12 13:42:06,093 INFO  MethodCallReplacementClassAdapter - Adding mock interface to class com/ctc/wstx/io/WstxInputData
2024-11-12 13:42:06,093 INFO  CreateClassResetClassAdapter - Found static initializer in class com/ctc/wstx/io/WstxInputData
2024-11-12 13:42:06,093 INFO  EvoClassLoader - Keeping class: com.ctc.wstx.io.WstxInputData
2024-11-12 13:42:06,093 INFO  EvoClassLoader - Keeping class: com.ctc.wstx.sr.StreamScanner
2024-11-12 13:42:06,093 INFO  EvoClassLoader - Keeping class: com.ctc.wstx.sr.BasicStreamReader
2024-11-12 13:42:06,093 INFO  EvoClassLoader - Keeping class: com.ctc.wstx.sr.TypedStreamReader
2024-11-12 13:42:06,094 INFO  EvoClassLoader - Keeping class: com.ctc.wstx.sr.ValidatingStreamReader
2024-11-12 13:42:06,094 INFO  EvoClassLoader - Seeing class for first time: com.ctc.wstx.exc.WstxValidationException
2024-11-12 13:42:06,094 INFO  EvoClassLoader - Instrumenting class 'com.ctc.wstx.exc.WstxValidationException'.
2024-11-12 13:42:06,094 INFO  MethodCallReplacementClassAdapter - Adding mock interface to class com/ctc/wstx/exc/WstxValidationException
2024-11-12 13:42:06,095 INFO  CreateClassResetClassAdapter - Creating brand-new static initializer in class com/ctc/wstx/exc/WstxValidationException
2024-11-12 13:42:06,095 INFO  EvoClassLoader - Seeing class for first time: org.codehaus.stax2.validation.XMLValidationException
2024-11-12 13:42:06,095 INFO  EvoClassLoader - Instrumenting class 'org.codehaus.stax2.validation.XMLValidationException'.
2024-11-12 13:42:06,095 INFO  MethodCallReplacementClassAdapter - Adding mock interface to class org/codehaus/stax2/validation/XMLValidationException
2024-11-12 13:42:06,095 INFO  CreateClassResetClassAdapter - Creating brand-new static initializer in class org/codehaus/stax2/validation/XMLValidationException
2024-11-12 13:42:06,095 INFO  EvoClassLoader - Keeping class: org.codehaus.stax2.validation.XMLValidationException
2024-11-12 13:42:06,095 INFO  EvoClassLoader - Keeping class: com.ctc.wstx.exc.WstxValidationException
2024-11-12 13:42:06,095 INFO  EvoClassLoader - Seeing class for first time: org.codehaus.stax2.XMLStreamLocation2
2024-11-12 13:42:06,095 INFO  EvoClassLoader - Instrumenting class 'org.codehaus.stax2.XMLStreamLocation2'.
2024-11-12 13:42:06,096 INFO  EvoClassLoader - Keeping class: org.codehaus.stax2.XMLStreamLocation2
2024-11-12 13:42:06,096 INFO  EvoClassLoader - Seeing class for first time: com.ctc.wstx.ent.EntityDecl
2024-11-12 13:42:06,096 INFO  EvoClassLoader - Instrumenting class 'com.ctc.wstx.ent.EntityDecl'.
2024-11-12 13:42:06,096 INFO  MethodCallReplacementClassAdapter - Adding mock interface to class com/ctc/wstx/ent/EntityDecl
2024-11-12 13:42:06,096 INFO  CreateClassResetClassAdapter - Creating brand-new static initializer in class com/ctc/wstx/ent/EntityDecl
2024-11-12 13:42:06,096 INFO  EvoClassLoader - Defined package (3): package com.ctc.wstx.ent, -1605853178
2024-11-12 13:42:06,096 INFO  EvoClassLoader - Seeing class for first time: com.ctc.wstx.evt.WEntityDeclaration
2024-11-12 13:42:06,096 INFO  EvoClassLoader - Instrumenting class 'com.ctc.wstx.evt.WEntityDeclaration'.
2024-11-12 13:42:06,096 INFO  MethodCallReplacementClassAdapter - Adding mock interface to class com/ctc/wstx/evt/WEntityDeclaration
2024-11-12 13:42:06,097 INFO  CreateClassResetClassAdapter - Creating brand-new static initializer in class com/ctc/wstx/evt/WEntityDeclaration
2024-11-12 13:42:06,097 INFO  EvoClassLoader - Defined package (3): package com.ctc.wstx.evt, -1605852930
2024-11-12 13:42:06,097 INFO  EvoClassLoader - Seeing class for first time: org.codehaus.stax2.ri.evt.BaseEventImpl
2024-11-12 13:42:06,097 INFO  EvoClassLoader - Instrumenting class 'org.codehaus.stax2.ri.evt.BaseEventImpl'.
2024-11-12 13:42:06,097 INFO  MethodCallReplacementClassAdapter - Adding mock interface to class org/codehaus/stax2/ri/evt/BaseEventImpl
2024-11-12 13:42:06,097 INFO  CreateClassResetClassAdapter - Creating brand-new static initializer in class org/codehaus/stax2/ri/evt/BaseEventImpl
2024-11-12 13:42:06,097 INFO  EvoClassLoader - Defined package (3): package org.codehaus.stax2.ri.evt, -220188000
2024-11-12 13:42:06,097 INFO  EvoClassLoader - Seeing class for first time: org.codehaus.stax2.evt.XMLEvent2
2024-11-12 13:42:06,097 INFO  EvoClassLoader - Instrumenting class 'org.codehaus.stax2.evt.XMLEvent2'.
2024-11-12 13:42:06,097 INFO  EvoClassLoader - Defined package (3): package org.codehaus.stax2.evt, -1695602321
2024-11-12 13:42:06,097 INFO  EvoClassLoader - Keeping class: org.codehaus.stax2.evt.XMLEvent2
2024-11-12 13:42:06,097 INFO  EvoClassLoader - Keeping class: org.codehaus.stax2.ri.evt.BaseEventImpl
2024-11-12 13:42:06,097 INFO  EvoClassLoader - Keeping class: com.ctc.wstx.evt.WEntityDeclaration
2024-11-12 13:42:06,097 INFO  EvoClassLoader - Keeping class: com.ctc.wstx.ent.EntityDecl
2024-11-12 13:42:06,097 INFO  EvoClassLoader - Seeing class for first time: com.ctc.wstx.ent.IntEntity
2024-11-12 13:42:06,097 INFO  EvoClassLoader - Instrumenting class 'com.ctc.wstx.ent.IntEntity'.
2024-11-12 13:42:06,097 INFO  MethodCallReplacementClassAdapter - Adding mock interface to class com/ctc/wstx/ent/IntEntity
2024-11-12 13:42:06,098 INFO  CreateClassResetClassAdapter - Creating brand-new static initializer in class com/ctc/wstx/ent/IntEntity
2024-11-12 13:42:06,098 INFO  EvoClassLoader - Keeping class: com.ctc.wstx.ent.IntEntity
2024-11-12 13:42:06,101 INFO  EvoClassLoader - Seeing class for first time: org.codehaus.stax2.AttributeInfo
2024-11-12 13:42:06,101 INFO  EvoClassLoader - Instrumenting class 'org.codehaus.stax2.AttributeInfo'.
2024-11-12 13:42:06,102 INFO  EvoClassLoader - Keeping class: org.codehaus.stax2.AttributeInfo
2024-11-12 13:42:06,102 INFO  EvoClassLoader - Seeing class for first time: org.codehaus.stax2.typed.TypedXMLStreamException
2024-11-12 13:42:06,102 INFO  EvoClassLoader - Instrumenting class 'org.codehaus.stax2.typed.TypedXMLStreamException'.
2024-11-12 13:42:06,103 INFO  MethodCallReplacementClassAdapter - Adding mock interface to class org/codehaus/stax2/typed/TypedXMLStreamException
2024-11-12 13:42:06,104 INFO  CreateClassResetClassAdapter - Creating brand-new static initializer in class org/codehaus/stax2/typed/TypedXMLStreamException
2024-11-12 13:42:06,105 INFO  EvoClassLoader - Keeping class: org.codehaus.stax2.typed.TypedXMLStreamException
2024-11-12 13:42:06,108 INFO  EvoClassLoader - Seeing class for first time: org.codehaus.stax2.typed.TypedValueDecoder
2024-11-12 13:42:06,108 INFO  EvoClassLoader - Instrumenting class 'org.codehaus.stax2.typed.TypedValueDecoder'.
2024-11-12 13:42:06,108 INFO  MethodCallReplacementClassAdapter - Adding mock interface to class org/codehaus/stax2/typed/TypedValueDecoder
2024-11-12 13:42:06,108 INFO  CreateClassResetClassAdapter - Creating brand-new static initializer in class org/codehaus/stax2/typed/TypedValueDecoder
2024-11-12 13:42:06,108 INFO  EvoClassLoader - Keeping class: org.codehaus.stax2.typed.TypedValueDecoder
2024-11-12 13:42:06,108 INFO  EvoClassLoader - Seeing class for first time: org.codehaus.stax2.ri.typed.ValueDecoderFactory$IntDecoder
2024-11-12 13:42:06,108 INFO  EvoClassLoader - Instrumenting class 'org.codehaus.stax2.ri.typed.ValueDecoderFactory$IntDecoder'.
2024-11-12 13:42:06,109 INFO  MethodCallReplacementClassAdapter - Adding mock interface to class org/codehaus/stax2/ri/typed/ValueDecoderFactory$IntDecoder
2024-11-12 13:42:06,110 INFO  CreateClassResetClassAdapter - Creating brand-new static initializer in class org/codehaus/stax2/ri/typed/ValueDecoderFactory$IntDecoder
2024-11-12 13:42:06,110 INFO  EvoClassLoader - Defined package (3): package org.codehaus.stax2.ri.typed, -1133328921
2024-11-12 13:42:06,110 INFO  EvoClassLoader - Seeing class for first time: org.codehaus.stax2.ri.typed.ValueDecoderFactory$DecoderBase
2024-11-12 13:42:06,110 INFO  EvoClassLoader - Instrumenting class 'org.codehaus.stax2.ri.typed.ValueDecoderFactory$DecoderBase'.
2024-11-12 13:42:06,110 INFO  MethodCallReplacementClassAdapter - Adding mock interface to class org/codehaus/stax2/ri/typed/ValueDecoderFactory$DecoderBase
2024-11-12 13:42:06,112 INFO  CreateClassResetClassAdapter - Found static initializer in class org/codehaus/stax2/ri/typed/ValueDecoderFactory$DecoderBase
2024-11-12 13:42:06,112 INFO  EvoClassLoader - Keeping class: org.codehaus.stax2.ri.typed.ValueDecoderFactory$DecoderBase
2024-11-12 13:42:06,112 INFO  EvoClassLoader - Keeping class: org.codehaus.stax2.ri.typed.ValueDecoderFactory$IntDecoder
2024-11-12 13:42:06,112 INFO  EvoClassLoader - Seeing class for first time: org.codehaus.stax2.ri.typed.ValueDecoderFactory$BooleanDecoder
2024-11-12 13:42:06,112 INFO  EvoClassLoader - Instrumenting class 'org.codehaus.stax2.ri.typed.ValueDecoderFactory$BooleanDecoder'.
2024-11-12 13:42:06,113 INFO  MethodCallReplacementClassAdapter - Adding mock interface to class org/codehaus/stax2/ri/typed/ValueDecoderFactory$BooleanDecoder
2024-11-12 13:42:06,114 INFO  CreateClassResetClassAdapter - Creating brand-new static initializer in class org/codehaus/stax2/ri/typed/ValueDecoderFactory$BooleanDecoder
2024-11-12 13:42:06,114 INFO  EvoClassLoader - Keeping class: org.codehaus.stax2.ri.typed.ValueDecoderFactory$BooleanDecoder
2024-11-12 13:42:06,114 INFO  EvoClassLoader - Seeing class for first time: org.codehaus.stax2.ri.typed.ValueDecoderFactory$LongDecoder
2024-11-12 13:42:06,114 INFO  EvoClassLoader - Instrumenting class 'org.codehaus.stax2.ri.typed.ValueDecoderFactory$LongDecoder'.
2024-11-12 13:42:06,115 INFO  MethodCallReplacementClassAdapter - Adding mock interface to class org/codehaus/stax2/ri/typed/ValueDecoderFactory$LongDecoder
2024-11-12 13:42:06,115 INFO  CreateClassResetClassAdapter - Creating brand-new static initializer in class org/codehaus/stax2/ri/typed/ValueDecoderFactory$LongDecoder
2024-11-12 13:42:06,116 INFO  EvoClassLoader - Keeping class: org.codehaus.stax2.ri.typed.ValueDecoderFactory$LongDecoder
2024-11-12 13:42:06,116 INFO  EvoClassLoader - Seeing class for first time: org.codehaus.stax2.ri.typed.ValueDecoderFactory$FloatDecoder
2024-11-12 13:42:06,116 INFO  EvoClassLoader - Instrumenting class 'org.codehaus.stax2.ri.typed.ValueDecoderFactory$FloatDecoder'.
2024-11-12 13:42:06,116 INFO  MethodCallReplacementClassAdapter - Adding mock interface to class org/codehaus/stax2/ri/typed/ValueDecoderFactory$FloatDecoder
2024-11-12 13:42:06,116 INFO  CreateClassResetClassAdapter - Creating brand-new static initializer in class org/codehaus/stax2/ri/typed/ValueDecoderFactory$FloatDecoder
2024-11-12 13:42:06,116 INFO  EvoClassLoader - Keeping class: org.codehaus.stax2.ri.typed.ValueDecoderFactory$FloatDecoder
2024-11-12 13:42:06,116 INFO  EvoClassLoader - Seeing class for first time: org.codehaus.stax2.ri.typed.ValueDecoderFactory$DoubleDecoder
2024-11-12 13:42:06,116 INFO  EvoClassLoader - Instrumenting class 'org.codehaus.stax2.ri.typed.ValueDecoderFactory$DoubleDecoder'.
2024-11-12 13:42:06,117 INFO  MethodCallReplacementClassAdapter - Adding mock interface to class org/codehaus/stax2/ri/typed/ValueDecoderFactory$DoubleDecoder
2024-11-12 13:42:06,117 INFO  CreateClassResetClassAdapter - Creating brand-new static initializer in class org/codehaus/stax2/ri/typed/ValueDecoderFactory$DoubleDecoder
2024-11-12 13:42:06,117 INFO  EvoClassLoader - Keeping class: org.codehaus.stax2.ri.typed.ValueDecoderFactory$DoubleDecoder
2024-11-12 13:42:06,117 INFO  EvoClassLoader - Seeing class for first time: org.codehaus.stax2.ri.typed.ValueDecoderFactory$IntegerDecoder
2024-11-12 13:42:06,117 INFO  EvoClassLoader - Instrumenting class 'org.codehaus.stax2.ri.typed.ValueDecoderFactory$IntegerDecoder'.
2024-11-12 13:42:06,117 INFO  MethodCallReplacementClassAdapter - Adding mock interface to class org/codehaus/stax2/ri/typed/ValueDecoderFactory$IntegerDecoder
2024-11-12 13:42:06,117 INFO  CreateClassResetClassAdapter - Creating brand-new static initializer in class org/codehaus/stax2/ri/typed/ValueDecoderFactory$IntegerDecoder
2024-11-12 13:42:06,117 INFO  EvoClassLoader - Keeping class: org.codehaus.stax2.ri.typed.ValueDecoderFactory$IntegerDecoder
2024-11-12 13:42:06,117 INFO  EvoClassLoader - Seeing class for first time: org.codehaus.stax2.ri.typed.ValueDecoderFactory$DecimalDecoder
2024-11-12 13:42:06,117 INFO  EvoClassLoader - Instrumenting class 'org.codehaus.stax2.ri.typed.ValueDecoderFactory$DecimalDecoder'.
2024-11-12 13:42:06,117 INFO  MethodCallReplacementClassAdapter - Adding mock interface to class org/codehaus/stax2/ri/typed/ValueDecoderFactory$DecimalDecoder
2024-11-12 13:42:06,117 INFO  CreateClassResetClassAdapter - Creating brand-new static initializer in class org/codehaus/stax2/ri/typed/ValueDecoderFactory$DecimalDecoder
2024-11-12 13:42:06,118 INFO  EvoClassLoader - Keeping class: org.codehaus.stax2.ri.typed.ValueDecoderFactory$DecimalDecoder
2024-11-12 13:42:06,118 INFO  EvoClassLoader - Seeing class for first time: org.codehaus.stax2.ri.typed.ValueDecoderFactory$QNameDecoder
2024-11-12 13:42:06,118 INFO  EvoClassLoader - Instrumenting class 'org.codehaus.stax2.ri.typed.ValueDecoderFactory$QNameDecoder'.
2024-11-12 13:42:06,118 INFO  MethodCallReplacementClassAdapter - Adding mock interface to class org/codehaus/stax2/ri/typed/ValueDecoderFactory$QNameDecoder
2024-11-12 13:42:06,118 INFO  CreateClassResetClassAdapter - Creating brand-new static initializer in class org/codehaus/stax2/ri/typed/ValueDecoderFactory$QNameDecoder
2024-11-12 13:42:06,118 INFO  EvoClassLoader - Keeping class: org.codehaus.stax2.ri.typed.ValueDecoderFactory$QNameDecoder
2024-11-12 13:42:06,118 INFO  EvoClassLoader - Seeing class for first time: org.codehaus.stax2.typed.TypedArrayDecoder
2024-11-12 13:42:06,118 INFO  EvoClassLoader - Instrumenting class 'org.codehaus.stax2.typed.TypedArrayDecoder'.
2024-11-12 13:42:06,118 INFO  MethodCallReplacementClassAdapter - Adding mock interface to class org/codehaus/stax2/typed/TypedArrayDecoder
2024-11-12 13:42:06,118 INFO  CreateClassResetClassAdapter - Creating brand-new static initializer in class org/codehaus/stax2/typed/TypedArrayDecoder
2024-11-12 13:42:06,119 INFO  EvoClassLoader - Keeping class: org.codehaus.stax2.typed.TypedArrayDecoder
2024-11-12 13:42:06,119 INFO  EvoClassLoader - Seeing class for first time: org.codehaus.stax2.ri.typed.ValueDecoderFactory$IntArrayDecoder
2024-11-12 13:42:06,119 INFO  EvoClassLoader - Instrumenting class 'org.codehaus.stax2.ri.typed.ValueDecoderFactory$IntArrayDecoder'.
2024-11-12 13:42:06,119 INFO  MethodCallReplacementClassAdapter - Adding mock interface to class org/codehaus/stax2/ri/typed/ValueDecoderFactory$IntArrayDecoder
2024-11-12 13:42:06,119 INFO  CreateClassResetClassAdapter - Creating brand-new static initializer in class org/codehaus/stax2/ri/typed/ValueDecoderFactory$IntArrayDecoder
2024-11-12 13:42:06,119 INFO  EvoClassLoader - Seeing class for first time: org.codehaus.stax2.ri.typed.ValueDecoderFactory$BaseArrayDecoder
2024-11-12 13:42:06,119 INFO  EvoClassLoader - Instrumenting class 'org.codehaus.stax2.ri.typed.ValueDecoderFactory$BaseArrayDecoder'.
2024-11-12 13:42:06,119 INFO  MethodCallReplacementClassAdapter - Adding mock interface to class org/codehaus/stax2/ri/typed/ValueDecoderFactory$BaseArrayDecoder
2024-11-12 13:42:06,120 INFO  CreateClassResetClassAdapter - Creating brand-new static initializer in class org/codehaus/stax2/ri/typed/ValueDecoderFactory$BaseArrayDecoder
2024-11-12 13:42:06,120 INFO  CreateClassResetClassAdapter - Adding bytecode for initializing field INITIAL_RESULT_BUFFER_SIZE
2024-11-12 13:42:06,120 INFO  CreateClassResetClassAdapter - Adding bytecode for initializing field SMALL_RESULT_BUFFER_SIZE
2024-11-12 13:42:06,120 INFO  EvoClassLoader - Keeping class: org.codehaus.stax2.ri.typed.ValueDecoderFactory$BaseArrayDecoder
2024-11-12 13:42:06,120 INFO  EvoClassLoader - Keeping class: org.codehaus.stax2.ri.typed.ValueDecoderFactory$IntArrayDecoder
2024-11-12 13:42:06,120 INFO  EvoClassLoader - Seeing class for first time: org.codehaus.stax2.ri.typed.ValueDecoderFactory$LongArrayDecoder
2024-11-12 13:42:06,120 INFO  EvoClassLoader - Instrumenting class 'org.codehaus.stax2.ri.typed.ValueDecoderFactory$LongArrayDecoder'.
2024-11-12 13:42:06,120 INFO  MethodCallReplacementClassAdapter - Adding mock interface to class org/codehaus/stax2/ri/typed/ValueDecoderFactory$LongArrayDecoder
2024-11-12 13:42:06,120 INFO  CreateClassResetClassAdapter - Creating brand-new static initializer in class org/codehaus/stax2/ri/typed/ValueDecoderFactory$LongArrayDecoder
2024-11-12 13:42:06,121 INFO  EvoClassLoader - Keeping class: org.codehaus.stax2.ri.typed.ValueDecoderFactory$LongArrayDecoder
2024-11-12 13:42:06,121 INFO  EvoClassLoader - Seeing class for first time: org.codehaus.stax2.ri.typed.ValueDecoderFactory$FloatArrayDecoder
2024-11-12 13:42:06,121 INFO  EvoClassLoader - Instrumenting class 'org.codehaus.stax2.ri.typed.ValueDecoderFactory$FloatArrayDecoder'.
2024-11-12 13:42:06,121 INFO  MethodCallReplacementClassAdapter - Adding mock interface to class org/codehaus/stax2/ri/typed/ValueDecoderFactory$FloatArrayDecoder
2024-11-12 13:42:06,121 INFO  CreateClassResetClassAdapter - Creating brand-new static initializer in class org/codehaus/stax2/ri/typed/ValueDecoderFactory$FloatArrayDecoder
2024-11-12 13:42:06,121 INFO  EvoClassLoader - Keeping class: org.codehaus.stax2.ri.typed.ValueDecoderFactory$FloatArrayDecoder
2024-11-12 13:42:06,121 INFO  EvoClassLoader - Seeing class for first time: org.codehaus.stax2.ri.typed.ValueDecoderFactory$DoubleArrayDecoder
2024-11-12 13:42:06,121 INFO  EvoClassLoader - Instrumenting class 'org.codehaus.stax2.ri.typed.ValueDecoderFactory$DoubleArrayDecoder'.
2024-11-12 13:42:06,121 INFO  MethodCallReplacementClassAdapter - Adding mock interface to class org/codehaus/stax2/ri/typed/ValueDecoderFactory$DoubleArrayDecoder
2024-11-12 13:42:06,121 INFO  CreateClassResetClassAdapter - Creating brand-new static initializer in class org/codehaus/stax2/ri/typed/ValueDecoderFactory$DoubleArrayDecoder
2024-11-12 13:42:06,121 INFO  EvoClassLoader - Keeping class: org.codehaus.stax2.ri.typed.ValueDecoderFactory$DoubleArrayDecoder
2024-11-12 13:42:06,122 INFO  EvoClassLoader - Seeing class for first time: org.codehaus.stax2.validation.DTDValidationSchema
2024-11-12 13:42:06,122 INFO  EvoClassLoader - Instrumenting class 'org.codehaus.stax2.validation.DTDValidationSchema'.
2024-11-12 13:42:06,122 INFO  EvoClassLoader - Seeing class for first time: org.codehaus.stax2.validation.XMLValidationSchema
2024-11-12 13:42:06,122 INFO  EvoClassLoader - Instrumenting class 'org.codehaus.stax2.validation.XMLValidationSchema'.
2024-11-12 13:42:06,123 INFO  EvoClassLoader - Keeping class: org.codehaus.stax2.validation.XMLValidationSchema
2024-11-12 13:42:06,123 INFO  EvoClassLoader - Keeping class: org.codehaus.stax2.validation.DTDValidationSchema
2024-11-12 13:42:06,123 INFO  EvoClassLoader - Seeing class for first time: org.codehaus.stax2.validation.ValidationContext
2024-11-12 13:42:06,123 INFO  EvoClassLoader - Instrumenting class 'org.codehaus.stax2.validation.ValidationContext'.
2024-11-12 13:42:06,123 INFO  EvoClassLoader - Keeping class: org.codehaus.stax2.validation.ValidationContext
2024-11-12 13:42:06,123 INFO  EvoClassLoader - Seeing class for first time: com.ctc.wstx.sr.NsDefaultProvider
2024-11-12 13:42:06,123 INFO  EvoClassLoader - Instrumenting class 'com.ctc.wstx.sr.NsDefaultProvider'.
2024-11-12 13:42:06,123 INFO  EvoClassLoader - Keeping class: com.ctc.wstx.sr.NsDefaultProvider
2024-11-12 13:42:06,124 INFO  EvoClassLoader - Seeing class for first time: com.ctc.wstx.sr.InputElementStack
2024-11-12 13:42:06,124 INFO  EvoClassLoader - Instrumenting class 'com.ctc.wstx.sr.InputElementStack'.
2024-11-12 13:42:06,124 INFO  MethodCallReplacementClassAdapter - Adding mock interface to class com/ctc/wstx/sr/InputElementStack
2024-11-12 13:42:06,125 INFO  CreateClassResetClassAdapter - Creating brand-new static initializer in class com/ctc/wstx/sr/InputElementStack
2024-11-12 13:42:06,125 INFO  CreateClassResetClassAdapter - Adding bytecode for initializing field ID_ATTR_NONE
2024-11-12 13:42:06,126 INFO  EvoClassLoader - Keeping class: com.ctc.wstx.sr.InputElementStack
2024-11-12 13:42:06,126 INFO  EvoClassLoader - Seeing class for first time: org.codehaus.stax2.validation.XMLValidator
2024-11-12 13:42:06,126 INFO  EvoClassLoader - Instrumenting class 'org.codehaus.stax2.validation.XMLValidator'.
2024-11-12 13:42:06,127 INFO  MethodCallReplacementClassAdapter - Adding mock interface to class org/codehaus/stax2/validation/XMLValidator
2024-11-12 13:42:06,127 INFO  CreateClassResetClassAdapter - Creating brand-new static initializer in class org/codehaus/stax2/validation/XMLValidator
2024-11-12 13:42:06,127 INFO  CreateClassResetClassAdapter - Adding bytecode for initializing field CONTENT_ALLOW_NONE
2024-11-12 13:42:06,127 INFO  CreateClassResetClassAdapter - Adding bytecode for initializing field CONTENT_ALLOW_WS
2024-11-12 13:42:06,127 INFO  CreateClassResetClassAdapter - Adding bytecode for initializing field CONTENT_ALLOW_WS_NONSTRICT
2024-11-12 13:42:06,127 INFO  CreateClassResetClassAdapter - Adding bytecode for initializing field CONTENT_ALLOW_VALIDATABLE_TEXT
2024-11-12 13:42:06,127 INFO  CreateClassResetClassAdapter - Adding bytecode for initializing field CONTENT_ALLOW_ANY_TEXT
2024-11-12 13:42:06,127 INFO  CreateClassResetClassAdapter - Adding bytecode for initializing field CONTENT_ALLOW_UNDEFINED
2024-11-12 13:42:06,127 INFO  EvoClassLoader - Keeping class: org.codehaus.stax2.validation.XMLValidator
2024-11-12 13:42:06,127 INFO  EvoClassLoader - Seeing class for first time: org.codehaus.stax2.validation.ValidatorPair
2024-11-12 13:42:06,127 INFO  EvoClassLoader - Instrumenting class 'org.codehaus.stax2.validation.ValidatorPair'.
2024-11-12 13:42:06,128 INFO  MethodCallReplacementClassAdapter - Adding mock interface to class org/codehaus/stax2/validation/ValidatorPair
2024-11-12 13:42:06,128 INFO  CreateClassResetClassAdapter - Creating brand-new static initializer in class org/codehaus/stax2/validation/ValidatorPair
2024-11-12 13:42:06,128 INFO  CreateClassResetClassAdapter - Adding bytecode for initializing field ATTR_TYPE_DEFAULT
2024-11-12 13:42:06,128 INFO  EvoClassLoader - Keeping class: org.codehaus.stax2.validation.ValidatorPair
2024-11-12 13:42:06,129 INFO  EvoClassLoader - Seeing class for first time: com.ctc.wstx.util.BaseNsContext
2024-11-12 13:42:06,129 INFO  EvoClassLoader - Instrumenting class 'com.ctc.wstx.util.BaseNsContext'.
2024-11-12 13:42:06,129 INFO  MethodCallReplacementClassAdapter - Adding mock interface to class com/ctc/wstx/util/BaseNsContext
2024-11-12 13:42:06,130 INFO  CreateClassResetClassAdapter - Creating brand-new static initializer in class com/ctc/wstx/util/BaseNsContext
2024-11-12 13:42:06,130 INFO  CreateClassResetClassAdapter - Adding bytecode for initializing field UNDECLARED_NS_URI
2024-11-12 13:42:06,130 INFO  EvoClassLoader - Keeping class: com.ctc.wstx.util.BaseNsContext
2024-11-12 13:42:06,130 INFO  EvoClassLoader - Seeing class for first time: com.ctc.wstx.util.EmptyNamespaceContext
2024-11-12 13:42:06,130 INFO  EvoClassLoader - Instrumenting class 'com.ctc.wstx.util.EmptyNamespaceContext'.
2024-11-12 13:42:06,131 INFO  MethodCallReplacementClassAdapter - Adding mock interface to class com/ctc/wstx/util/EmptyNamespaceContext
2024-11-12 13:42:06,131 INFO  CreateClassResetClassAdapter - Found static initializer in class com/ctc/wstx/util/EmptyNamespaceContext
2024-11-12 13:42:06,131 INFO  EvoClassLoader - Keeping class: com.ctc.wstx.util.EmptyNamespaceContext
2024-11-12 13:42:06,131 INFO  EvoClassLoader - Seeing class for first time: com.ctc.wstx.sr.CompactNsContext
2024-11-12 13:42:06,131 INFO  EvoClassLoader - Instrumenting class 'com.ctc.wstx.sr.CompactNsContext'.
2024-11-12 13:42:06,131 INFO  MethodCallReplacementClassAdapter - Adding mock interface to class com/ctc/wstx/sr/CompactNsContext
2024-11-12 13:42:06,131 INFO  CreateClassResetClassAdapter - Creating brand-new static initializer in class com/ctc/wstx/sr/CompactNsContext
2024-11-12 13:42:06,132 INFO  EvoClassLoader - Keeping class: com.ctc.wstx.sr.CompactNsContext
2024-11-12 13:42:06,132 INFO  EvoClassLoader - Seeing class for first time: com.ctc.wstx.util.StringVector
2024-11-12 13:42:06,132 INFO  EvoClassLoader - Instrumenting class 'com.ctc.wstx.util.StringVector'.
2024-11-12 13:42:06,132 INFO  MethodCallReplacementClassAdapter - Adding mock interface to class com/ctc/wstx/util/StringVector
2024-11-12 13:42:06,133 INFO  CreateClassResetClassAdapter - Creating brand-new static initializer in class com/ctc/wstx/util/StringVector
2024-11-12 13:42:06,134 INFO  EvoClassLoader - Keeping class: com.ctc.wstx.util.StringVector
2024-11-12 13:42:06,134 INFO  EvoClassLoader - Seeing class for first time: com.ctc.wstx.sr.AttributeCollector
2024-11-12 13:42:06,134 INFO  EvoClassLoader - Instrumenting class 'com.ctc.wstx.sr.AttributeCollector'.
2024-11-12 13:42:06,134 INFO  MethodCallReplacementClassAdapter - Adding mock interface to class com/ctc/wstx/sr/AttributeCollector
2024-11-12 13:42:06,135 INFO  CreateClassResetClassAdapter - Found static initializer in class com/ctc/wstx/sr/AttributeCollector
2024-11-12 13:42:06,135 INFO  EvoClassLoader - Keeping class: com.ctc.wstx.sr.AttributeCollector
2024-11-12 13:42:06,136 INFO  EvoClassLoader - Seeing class for first time: com.ctc.wstx.util.InternCache
2024-11-12 13:42:06,136 INFO  EvoClassLoader - Instrumenting class 'com.ctc.wstx.util.InternCache'.
2024-11-12 13:42:06,136 INFO  MethodCallReplacementClassAdapter - Adding mock interface to class com/ctc/wstx/util/InternCache
2024-11-12 13:42:06,136 INFO  CreateClassResetClassAdapter - Found static initializer in class com/ctc/wstx/util/InternCache
2024-11-12 13:42:06,136 INFO  EvoClassLoader - Keeping class: com.ctc.wstx.util.InternCache
2024-11-12 13:42:06,136 INFO  EvoClassLoader - Seeing class for first time: com.ctc.wstx.util.TextBuilder
2024-11-12 13:42:06,136 INFO  EvoClassLoader - Instrumenting class 'com.ctc.wstx.util.TextBuilder'.
2024-11-12 13:42:06,137 INFO  MethodCallReplacementClassAdapter - Adding mock interface to class com/ctc/wstx/util/TextBuilder
2024-11-12 13:42:06,137 INFO  CreateClassResetClassAdapter - Creating brand-new static initializer in class com/ctc/wstx/util/TextBuilder
2024-11-12 13:42:06,137 INFO  CreateClassResetClassAdapter - Adding bytecode for initializing field MIN_LEN
2024-11-12 13:42:06,137 INFO  CreateClassResetClassAdapter - Adding bytecode for initializing field MAX_LEN
2024-11-12 13:42:06,137 INFO  EvoClassLoader - Keeping class: com.ctc.wstx.util.TextBuilder
2024-11-12 13:42:06,137 INFO  EvoClassLoader - Seeing class for first time: com.ctc.wstx.util.TextBuffer
2024-11-12 13:42:06,137 INFO  EvoClassLoader - Instrumenting class 'com.ctc.wstx.util.TextBuffer'.
2024-11-12 13:42:06,137 INFO  MethodCallReplacementClassAdapter - Adding mock interface to class com/ctc/wstx/util/TextBuffer
2024-11-12 13:42:06,138 INFO  CreateClassResetClassAdapter - Found static initializer in class com/ctc/wstx/util/TextBuffer
2024-11-12 13:42:06,138 INFO  EvoClassLoader - Keeping class: com.ctc.wstx.util.TextBuffer
2024-11-12 13:42:06,138 INFO  EvoClassLoader - Seeing class for first time: com.ctc.wstx.util.TextBuffer$BufferReader
2024-11-12 13:42:06,138 INFO  EvoClassLoader - Instrumenting class 'com.ctc.wstx.util.TextBuffer$BufferReader'.
2024-11-12 13:42:06,139 INFO  MethodCallReplacementClassAdapter - Adding mock interface to class com/ctc/wstx/util/TextBuffer$BufferReader
2024-11-12 13:42:06,139 INFO  CreateClassResetClassAdapter - Creating brand-new static initializer in class com/ctc/wstx/util/TextBuffer$BufferReader
2024-11-12 13:42:06,139 INFO  EvoClassLoader - Keeping class: com.ctc.wstx.util.TextBuffer$BufferReader
2024-11-12 13:42:06,139 INFO  EvoClassLoader - Seeing class for first time: org.apache.hadoop.conf.Configuration$Parser
2024-11-12 13:42:06,139 INFO  EvoClassLoader - Instrumenting class 'org.apache.hadoop.conf.Configuration$Parser'.
2024-11-12 13:42:06,140 INFO  MethodCallReplacementClassAdapter - Adding mock interface to class org/apache/hadoop/conf/Configuration$Parser
2024-11-12 13:42:06,142 INFO  CreateClassResetClassAdapter - Creating brand-new static initializer in class org/apache/hadoop/conf/Configuration$Parser
2024-11-12 13:42:06,142 INFO  EvoClassLoader - Keeping class: org.apache.hadoop.conf.Configuration$Parser
2024-11-12 13:42:06,143 INFO  EvoClassLoader - Seeing class for first time: com.ctc.wstx.sr.Element
2024-11-12 13:42:06,143 INFO  EvoClassLoader - Instrumenting class 'com.ctc.wstx.sr.Element'.
2024-11-12 13:42:06,144 INFO  MethodCallReplacementClassAdapter - Adding mock interface to class com/ctc/wstx/sr/Element
2024-11-12 13:42:06,144 INFO  CreateClassResetClassAdapter - Creating brand-new static initializer in class com/ctc/wstx/sr/Element
2024-11-12 13:42:06,144 INFO  EvoClassLoader - Keeping class: com.ctc.wstx.sr.Element
2024-11-12 13:42:06,144 INFO  EvoClassLoader - Seeing class for first time: org.apache.hadoop.util.StringInterner
2024-11-12 13:42:06,144 INFO  EvoClassLoader - Instrumenting class 'org.apache.hadoop.util.StringInterner'.
2024-11-12 13:42:06,145 INFO  MethodCallReplacementClassAdapter - Adding mock interface to class org/apache/hadoop/util/StringInterner
2024-11-12 13:42:06,145 INFO  CreateClassResetClassAdapter - Found static initializer in class org/apache/hadoop/util/StringInterner
2024-11-12 13:42:06,145 INFO  EvoClassLoader - Keeping class: org.apache.hadoop.util.StringInterner
2024-11-12 13:42:06,145 INFO  EvoClassLoader - Seeing class for first time: org.apache.hadoop.thirdparty.com.google.common.collect.Interners
2024-11-12 13:42:06,145 INFO  EvoClassLoader - Instrumenting class 'org.apache.hadoop.thirdparty.com.google.common.collect.Interners'.
2024-11-12 13:42:06,145 INFO  MethodCallReplacementClassAdapter - Adding mock interface to class org/apache/hadoop/thirdparty/com/google/common/collect/Interners
2024-11-12 13:42:06,145 INFO  CreateClassResetClassAdapter - Creating brand-new static initializer in class org/apache/hadoop/thirdparty/com/google/common/collect/Interners
2024-11-12 13:42:06,145 INFO  EvoClassLoader - Defined package (3): package org.apache.hadoop.thirdparty.com.google.common.collect, -347820205
2024-11-12 13:42:06,146 INFO  EvoClassLoader - Keeping class: org.apache.hadoop.thirdparty.com.google.common.collect.Interners
2024-11-12 13:42:06,146 INFO  EvoClassLoader - Seeing class for first time: org.apache.hadoop.thirdparty.com.google.common.base.Function
2024-11-12 13:42:06,146 INFO  EvoClassLoader - Instrumenting class 'org.apache.hadoop.thirdparty.com.google.common.base.Function'.
2024-11-12 13:42:06,146 INFO  EvoClassLoader - Defined package (3): package org.apache.hadoop.thirdparty.com.google.common.base, -2047700664
2024-11-12 13:42:06,146 INFO  EvoClassLoader - Keeping class: org.apache.hadoop.thirdparty.com.google.common.base.Function
2024-11-12 13:42:06,146 INFO  EvoClassLoader - Seeing class for first time: org.apache.hadoop.thirdparty.com.google.common.collect.Interners$InternerBuilder
2024-11-12 13:42:06,146 INFO  EvoClassLoader - Instrumenting class 'org.apache.hadoop.thirdparty.com.google.common.collect.Interners$InternerBuilder'.
2024-11-12 13:42:06,146 INFO  MethodCallReplacementClassAdapter - Adding mock interface to class org/apache/hadoop/thirdparty/com/google/common/collect/Interners$InternerBuilder
2024-11-12 13:42:06,147 INFO  CreateClassResetClassAdapter - Creating brand-new static initializer in class org/apache/hadoop/thirdparty/com/google/common/collect/Interners$InternerBuilder
2024-11-12 13:42:06,147 INFO  EvoClassLoader - Keeping class: org.apache.hadoop.thirdparty.com.google.common.collect.Interners$InternerBuilder
2024-11-12 13:42:06,147 INFO  EvoClassLoader - Seeing class for first time: org.apache.hadoop.thirdparty.com.google.common.collect.Interner
2024-11-12 13:42:06,147 INFO  EvoClassLoader - Instrumenting class 'org.apache.hadoop.thirdparty.com.google.common.collect.Interner'.
2024-11-12 13:42:06,147 INFO  EvoClassLoader - Keeping class: org.apache.hadoop.thirdparty.com.google.common.collect.Interner
2024-11-12 13:42:06,147 INFO  EvoClassLoader - Seeing class for first time: org.apache.hadoop.thirdparty.com.google.common.collect.MapMaker
2024-11-12 13:42:06,147 INFO  EvoClassLoader - Instrumenting class 'org.apache.hadoop.thirdparty.com.google.common.collect.MapMaker'.
2024-11-12 13:42:06,148 INFO  MethodCallReplacementClassAdapter - Adding mock interface to class org/apache/hadoop/thirdparty/com/google/common/collect/MapMaker
2024-11-12 13:42:06,148 INFO  CreateClassResetClassAdapter - Creating brand-new static initializer in class org/apache/hadoop/thirdparty/com/google/common/collect/MapMaker
2024-11-12 13:42:06,148 INFO  CreateClassResetClassAdapter - Adding bytecode for initializing field DEFAULT_INITIAL_CAPACITY
2024-11-12 13:42:06,148 INFO  CreateClassResetClassAdapter - Adding bytecode for initializing field DEFAULT_CONCURRENCY_LEVEL
2024-11-12 13:42:06,148 INFO  CreateClassResetClassAdapter - Adding bytecode for initializing field UNSET_INT
2024-11-12 13:42:06,148 INFO  EvoClassLoader - Keeping class: org.apache.hadoop.thirdparty.com.google.common.collect.MapMaker
2024-11-12 13:42:06,149 INFO  EvoClassLoader - Seeing class for first time: org.apache.hadoop.thirdparty.com.google.common.collect.Interners$InternerImpl
2024-11-12 13:42:06,149 INFO  EvoClassLoader - Instrumenting class 'org.apache.hadoop.thirdparty.com.google.common.collect.Interners$InternerImpl'.
2024-11-12 13:42:06,149 INFO  MethodCallReplacementClassAdapter - Adding mock interface to class org/apache/hadoop/thirdparty/com/google/common/collect/Interners$InternerImpl
2024-11-12 13:42:06,149 INFO  CreateClassResetClassAdapter - Creating brand-new static initializer in class org/apache/hadoop/thirdparty/com/google/common/collect/Interners$InternerImpl
2024-11-12 13:42:06,149 INFO  EvoClassLoader - Keeping class: org.apache.hadoop.thirdparty.com.google.common.collect.Interners$InternerImpl
2024-11-12 13:42:06,149 INFO  EvoClassLoader - Seeing class for first time: org.apache.hadoop.thirdparty.com.google.common.base.Equivalence
2024-11-12 13:42:06,149 INFO  EvoClassLoader - Instrumenting class 'org.apache.hadoop.thirdparty.com.google.common.base.Equivalence'.
2024-11-12 13:42:06,150 INFO  MethodCallReplacementClassAdapter - Adding mock interface to class org/apache/hadoop/thirdparty/com/google/common/base/Equivalence
2024-11-12 13:42:06,150 INFO  CreateClassResetClassAdapter - Creating brand-new static initializer in class org/apache/hadoop/thirdparty/com/google/common/base/Equivalence
2024-11-12 13:42:06,150 INFO  EvoClassLoader - Keeping class: org.apache.hadoop.thirdparty.com.google.common.base.Equivalence
2024-11-12 13:42:06,150 INFO  EvoClassLoader - Seeing class for first time: org.apache.hadoop.thirdparty.com.google.common.base.FunctionalEquivalence
2024-11-12 13:42:06,150 INFO  EvoClassLoader - Instrumenting class 'org.apache.hadoop.thirdparty.com.google.common.base.FunctionalEquivalence'.
2024-11-12 13:42:06,150 INFO  MethodCallReplacementClassAdapter - Adding mock interface to class org/apache/hadoop/thirdparty/com/google/common/base/FunctionalEquivalence
2024-11-12 13:42:06,150 INFO  CreateClassResetClassAdapter - Creating brand-new static initializer in class org/apache/hadoop/thirdparty/com/google/common/base/FunctionalEquivalence
2024-11-12 13:42:06,150 INFO  EvoClassLoader - Keeping class: org.apache.hadoop.thirdparty.com.google.common.base.FunctionalEquivalence
2024-11-12 13:42:06,150 INFO  EvoClassLoader - Seeing class for first time: org.apache.hadoop.thirdparty.com.google.common.base.PairwiseEquivalence
2024-11-12 13:42:06,150 INFO  EvoClassLoader - Instrumenting class 'org.apache.hadoop.thirdparty.com.google.common.base.PairwiseEquivalence'.
2024-11-12 13:42:06,150 INFO  MethodCallReplacementClassAdapter - Adding mock interface to class org/apache/hadoop/thirdparty/com/google/common/base/PairwiseEquivalence
2024-11-12 13:42:06,150 INFO  CreateClassResetClassAdapter - Creating brand-new static initializer in class org/apache/hadoop/thirdparty/com/google/common/base/PairwiseEquivalence
2024-11-12 13:42:06,151 INFO  EvoClassLoader - Keeping class: org.apache.hadoop.thirdparty.com.google.common.base.PairwiseEquivalence
2024-11-12 13:42:06,151 INFO  EvoClassLoader - Seeing class for first time: org.apache.hadoop.thirdparty.com.google.common.base.Predicate
2024-11-12 13:42:06,151 INFO  EvoClassLoader - Instrumenting class 'org.apache.hadoop.thirdparty.com.google.common.base.Predicate'.
2024-11-12 13:42:06,151 INFO  EvoClassLoader - Keeping class: org.apache.hadoop.thirdparty.com.google.common.base.Predicate
2024-11-12 13:42:06,151 INFO  EvoClassLoader - Seeing class for first time: org.apache.hadoop.thirdparty.com.google.common.base.Equivalence$Equals
2024-11-12 13:42:06,151 INFO  EvoClassLoader - Instrumenting class 'org.apache.hadoop.thirdparty.com.google.common.base.Equivalence$Equals'.
2024-11-12 13:42:06,151 INFO  MethodCallReplacementClassAdapter - Adding mock interface to class org/apache/hadoop/thirdparty/com/google/common/base/Equivalence$Equals
2024-11-12 13:42:06,151 INFO  CreateClassResetClassAdapter - Found static initializer in class org/apache/hadoop/thirdparty/com/google/common/base/Equivalence$Equals
2024-11-12 13:42:06,151 INFO  EvoClassLoader - Keeping class: org.apache.hadoop.thirdparty.com.google.common.base.Equivalence$Equals
2024-11-12 13:42:06,151 INFO  EvoClassLoader - Seeing class for first time: org.apache.hadoop.thirdparty.com.google.common.base.Equivalence$Identity
2024-11-12 13:42:06,151 INFO  EvoClassLoader - Instrumenting class 'org.apache.hadoop.thirdparty.com.google.common.base.Equivalence$Identity'.
2024-11-12 13:42:06,151 INFO  MethodCallReplacementClassAdapter - Adding mock interface to class org/apache/hadoop/thirdparty/com/google/common/base/Equivalence$Identity
2024-11-12 13:42:06,151 INFO  CreateClassResetClassAdapter - Found static initializer in class org/apache/hadoop/thirdparty/com/google/common/base/Equivalence$Identity
2024-11-12 13:42:06,151 INFO  EvoClassLoader - Keeping class: org.apache.hadoop.thirdparty.com.google.common.base.Equivalence$Identity
2024-11-12 13:42:06,151 INFO  EvoClassLoader - Seeing class for first time: org.apache.hadoop.thirdparty.com.google.common.base.Preconditions
2024-11-12 13:42:06,151 INFO  EvoClassLoader - Instrumenting class 'org.apache.hadoop.thirdparty.com.google.common.base.Preconditions'.
2024-11-12 13:42:06,152 INFO  MethodCallReplacementClassAdapter - Adding mock interface to class org/apache/hadoop/thirdparty/com/google/common/base/Preconditions
2024-11-12 13:42:06,153 INFO  CreateClassResetClassAdapter - Found static initializer in class org/apache/hadoop/thirdparty/com/google/common/base/Preconditions
2024-11-12 13:42:06,154 INFO  EvoClassLoader - Keeping class: org.apache.hadoop.thirdparty.com.google.common.base.Preconditions
2024-11-12 13:42:06,154 INFO  EvoClassLoader - Seeing class for first time: org.apache.hadoop.thirdparty.com.google.common.base.Java8Usage
2024-11-12 13:42:06,154 INFO  EvoClassLoader - Instrumenting class 'org.apache.hadoop.thirdparty.com.google.common.base.Java8Usage'.
2024-11-12 13:42:06,155 INFO  MethodCallReplacementClassAdapter - Adding mock interface to class org/apache/hadoop/thirdparty/com/google/common/base/Java8Usage
2024-11-12 13:42:06,155 INFO  CreateClassResetClassAdapter - Creating brand-new static initializer in class org/apache/hadoop/thirdparty/com/google/common/base/Java8Usage
2024-11-12 13:42:06,155 INFO  EvoClassLoader - Keeping class: org.apache.hadoop.thirdparty.com.google.common.base.Java8Usage
2024-11-12 13:42:06,155 INFO  EvoClassLoader - Seeing class for first time: org.apache.hadoop.thirdparty.com.google.common.collect.MapMakerInternalMap
2024-11-12 13:42:06,155 INFO  EvoClassLoader - Instrumenting class 'org.apache.hadoop.thirdparty.com.google.common.collect.MapMakerInternalMap'.
2024-11-12 13:42:06,156 INFO  MethodCallReplacementClassAdapter - Adding mock interface to class org/apache/hadoop/thirdparty/com/google/common/collect/MapMakerInternalMap
2024-11-12 13:42:06,157 INFO  CreateClassResetClassAdapter - Found static initializer in class org/apache/hadoop/thirdparty/com/google/common/collect/MapMakerInternalMap
2024-11-12 13:42:06,158 INFO  EvoClassLoader - Keeping class: org.apache.hadoop.thirdparty.com.google.common.collect.MapMakerInternalMap
2024-11-12 13:42:06,158 INFO  EvoClassLoader - Seeing class for first time: org.apache.hadoop.thirdparty.com.google.common.collect.MapMakerInternalMap$WeakValueReference
2024-11-12 13:42:06,158 INFO  EvoClassLoader - Instrumenting class 'org.apache.hadoop.thirdparty.com.google.common.collect.MapMakerInternalMap$WeakValueReference'.
2024-11-12 13:42:06,159 INFO  EvoClassLoader - Keeping class: org.apache.hadoop.thirdparty.com.google.common.collect.MapMakerInternalMap$WeakValueReference
2024-11-12 13:42:06,159 INFO  EvoClassLoader - Seeing class for first time: org.apache.hadoop.thirdparty.com.google.common.collect.MapMakerInternalMap$InternalEntryHelper
2024-11-12 13:42:06,159 INFO  EvoClassLoader - Instrumenting class 'org.apache.hadoop.thirdparty.com.google.common.collect.MapMakerInternalMap$InternalEntryHelper'.
2024-11-12 13:42:06,159 INFO  EvoClassLoader - Keeping class: org.apache.hadoop.thirdparty.com.google.common.collect.MapMakerInternalMap$InternalEntryHelper
2024-11-12 13:42:06,160 INFO  EvoClassLoader - Seeing class for first time: org.apache.hadoop.thirdparty.com.google.common.collect.MapMakerInternalMap$1
2024-11-12 13:42:06,160 INFO  EvoClassLoader - Instrumenting class 'org.apache.hadoop.thirdparty.com.google.common.collect.MapMakerInternalMap$1'.
2024-11-12 13:42:06,160 INFO  MethodCallReplacementClassAdapter - Adding mock interface to class org/apache/hadoop/thirdparty/com/google/common/collect/MapMakerInternalMap$1
2024-11-12 13:42:06,160 INFO  EvoClassLoader - Keeping class: org.apache.hadoop.thirdparty.com.google.common.collect.MapMakerInternalMap$1
2024-11-12 13:42:06,160 INFO  EvoClassLoader - Seeing class for first time: org.apache.hadoop.thirdparty.com.google.common.collect.MapMakerInternalMap$InternalEntry
2024-11-12 13:42:06,160 INFO  EvoClassLoader - Instrumenting class 'org.apache.hadoop.thirdparty.com.google.common.collect.MapMakerInternalMap$InternalEntry'.
2024-11-12 13:42:06,161 INFO  EvoClassLoader - Keeping class: org.apache.hadoop.thirdparty.com.google.common.collect.MapMakerInternalMap$InternalEntry
2024-11-12 13:42:06,161 INFO  EvoClassLoader - Seeing class for first time: org.apache.hadoop.thirdparty.com.google.common.collect.MapMakerInternalMap$Strength
2024-11-12 13:42:06,161 INFO  EvoClassLoader - Instrumenting class 'org.apache.hadoop.thirdparty.com.google.common.collect.MapMakerInternalMap$Strength'.
2024-11-12 13:42:06,161 INFO  MethodCallReplacementClassAdapter - Adding mock interface to class org/apache/hadoop/thirdparty/com/google/common/collect/MapMakerInternalMap$Strength
2024-11-12 13:42:06,161 INFO  CreateClassResetClassAdapter - Found static initializer in class org/apache/hadoop/thirdparty/com/google/common/collect/MapMakerInternalMap$Strength
2024-11-12 13:42:06,161 INFO  EvoClassLoader - Keeping class: org.apache.hadoop.thirdparty.com.google.common.collect.MapMakerInternalMap$Strength
2024-11-12 13:42:06,161 INFO  EvoClassLoader - Seeing class for first time: org.apache.hadoop.thirdparty.com.google.common.collect.MapMakerInternalMap$Strength$1
2024-11-12 13:42:06,161 INFO  EvoClassLoader - Instrumenting class 'org.apache.hadoop.thirdparty.com.google.common.collect.MapMakerInternalMap$Strength$1'.
2024-11-12 13:42:06,161 INFO  MethodCallReplacementClassAdapter - Adding mock interface to class org/apache/hadoop/thirdparty/com/google/common/collect/MapMakerInternalMap$Strength$1
2024-11-12 13:42:06,161 INFO  EvoClassLoader - Keeping class: org.apache.hadoop.thirdparty.com.google.common.collect.MapMakerInternalMap$Strength$1
2024-11-12 13:42:06,161 INFO  EvoClassLoader - Seeing class for first time: org.apache.hadoop.thirdparty.com.google.common.collect.MapMakerInternalMap$Strength$2
2024-11-12 13:42:06,161 INFO  EvoClassLoader - Instrumenting class 'org.apache.hadoop.thirdparty.com.google.common.collect.MapMakerInternalMap$Strength$2'.
2024-11-12 13:42:06,161 INFO  MethodCallReplacementClassAdapter - Adding mock interface to class org/apache/hadoop/thirdparty/com/google/common/collect/MapMakerInternalMap$Strength$2
2024-11-12 13:42:06,161 INFO  EvoClassLoader - Keeping class: org.apache.hadoop.thirdparty.com.google.common.collect.MapMakerInternalMap$Strength$2
2024-11-12 13:42:06,162 INFO  EvoClassLoader - Seeing class for first time: org.apache.hadoop.thirdparty.com.google.common.base.MoreObjects
2024-11-12 13:42:06,162 INFO  EvoClassLoader - Instrumenting class 'org.apache.hadoop.thirdparty.com.google.common.base.MoreObjects'.
2024-11-12 13:42:06,162 INFO  MethodCallReplacementClassAdapter - Adding mock interface to class org/apache/hadoop/thirdparty/com/google/common/base/MoreObjects
2024-11-12 13:42:06,162 INFO  CreateClassResetClassAdapter - Creating brand-new static initializer in class org/apache/hadoop/thirdparty/com/google/common/base/MoreObjects
2024-11-12 13:42:06,162 INFO  EvoClassLoader - Keeping class: org.apache.hadoop.thirdparty.com.google.common.base.MoreObjects
2024-11-12 13:42:06,162 INFO  EvoClassLoader - Seeing class for first time: org.apache.hadoop.thirdparty.com.google.common.collect.MapMakerInternalMap$StrongKeyDummyValueEntry$Helper
2024-11-12 13:42:06,162 INFO  EvoClassLoader - Instrumenting class 'org.apache.hadoop.thirdparty.com.google.common.collect.MapMakerInternalMap$StrongKeyDummyValueEntry$Helper'.
2024-11-12 13:42:06,163 INFO  MethodCallReplacementClassAdapter - Adding mock interface to class org/apache/hadoop/thirdparty/com/google/common/collect/MapMakerInternalMap$StrongKeyDummyValueEntry$Helper
2024-11-12 13:42:06,163 INFO  CreateClassResetClassAdapter - Found static initializer in class org/apache/hadoop/thirdparty/com/google/common/collect/MapMakerInternalMap$StrongKeyDummyValueEntry$Helper
2024-11-12 13:42:06,163 INFO  EvoClassLoader - Keeping class: org.apache.hadoop.thirdparty.com.google.common.collect.MapMakerInternalMap$StrongKeyDummyValueEntry$Helper
2024-11-12 13:42:06,163 INFO  EvoClassLoader - Seeing class for first time: org.apache.hadoop.thirdparty.com.google.common.collect.MapMakerInternalMap$Segment
2024-11-12 13:42:06,163 INFO  EvoClassLoader - Instrumenting class 'org.apache.hadoop.thirdparty.com.google.common.collect.MapMakerInternalMap$Segment'.
2024-11-12 13:42:06,163 INFO  MethodCallReplacementClassAdapter - Adding mock interface to class org/apache/hadoop/thirdparty/com/google/common/collect/MapMakerInternalMap$Segment
2024-11-12 13:42:06,164 INFO  CreateClassResetClassAdapter - Creating brand-new static initializer in class org/apache/hadoop/thirdparty/com/google/common/collect/MapMakerInternalMap$Segment
2024-11-12 13:42:06,164 INFO  EvoClassLoader - Keeping class: org.apache.hadoop.thirdparty.com.google.common.collect.MapMakerInternalMap$Segment
2024-11-12 13:42:06,164 INFO  EvoClassLoader - Seeing class for first time: org.apache.hadoop.thirdparty.com.google.common.collect.MapMakerInternalMap$StrongKeyDummyValueSegment
2024-11-12 13:42:06,164 INFO  EvoClassLoader - Instrumenting class 'org.apache.hadoop.thirdparty.com.google.common.collect.MapMakerInternalMap$StrongKeyDummyValueSegment'.
2024-11-12 13:42:06,165 INFO  MethodCallReplacementClassAdapter - Adding mock interface to class org/apache/hadoop/thirdparty/com/google/common/collect/MapMakerInternalMap$StrongKeyDummyValueSegment
2024-11-12 13:42:06,165 INFO  CreateClassResetClassAdapter - Creating brand-new static initializer in class org/apache/hadoop/thirdparty/com/google/common/collect/MapMakerInternalMap$StrongKeyDummyValueSegment
2024-11-12 13:42:06,165 INFO  EvoClassLoader - Keeping class: org.apache.hadoop.thirdparty.com.google.common.collect.MapMakerInternalMap$StrongKeyDummyValueSegment
2024-11-12 13:42:06,166 INFO  EvoClassLoader - Seeing class for first time: org.apache.hadoop.conf.Configuration$ParsedItem
2024-11-12 13:42:06,166 INFO  EvoClassLoader - Instrumenting class 'org.apache.hadoop.conf.Configuration$ParsedItem'.
2024-11-12 13:42:06,166 INFO  MethodCallReplacementClassAdapter - Adding mock interface to class org/apache/hadoop/conf/Configuration$ParsedItem
2024-11-12 13:42:06,166 INFO  CreateClassResetClassAdapter - Creating brand-new static initializer in class org/apache/hadoop/conf/Configuration$ParsedItem
2024-11-12 13:42:06,166 INFO  EvoClassLoader - Keeping class: org.apache.hadoop.conf.Configuration$ParsedItem
2024-11-12 13:42:06,229 INFO  EvoClassLoader - Seeing class for first time: com.ctc.wstx.io.BufferRecycler
2024-11-12 13:42:06,229 INFO  EvoClassLoader - Instrumenting class 'com.ctc.wstx.io.BufferRecycler'.
2024-11-12 13:42:06,229 INFO  MethodCallReplacementClassAdapter - Adding mock interface to class com/ctc/wstx/io/BufferRecycler
2024-11-12 13:42:06,230 INFO  CreateClassResetClassAdapter - Creating brand-new static initializer in class com/ctc/wstx/io/BufferRecycler
2024-11-12 13:42:06,230 INFO  EvoClassLoader - Keeping class: com.ctc.wstx.io.BufferRecycler
2024-11-12 13:42:06,234 INFO  EvoClassLoader - Seeing class for first time: org.apache.hadoop.fs.FileSystem$3
2024-11-12 13:42:06,234 INFO  EvoClassLoader - Instrumenting class 'org.apache.hadoop.fs.FileSystem$3'.
2024-11-12 13:42:06,234 INFO  MethodCallReplacementClassAdapter - Adding mock interface to class org/apache/hadoop/fs/FileSystem$3
2024-11-12 13:42:06,234 INFO  EvoClassLoader - Keeping class: org.apache.hadoop.fs.FileSystem$3
2024-11-12 13:42:06,234 INFO  EvoClassLoader - Seeing class for first time: io.netty.channel.ChannelInboundHandlerAdapter
2024-11-12 13:42:06,234 INFO  EvoClassLoader - Instrumenting class 'io.netty.channel.ChannelInboundHandlerAdapter'.
2024-11-12 13:42:06,235 INFO  MethodCallReplacementClassAdapter - Adding mock interface to class io/netty/channel/ChannelInboundHandlerAdapter
2024-11-12 13:42:06,235 INFO  CreateClassResetClassAdapter - Creating brand-new static initializer in class io/netty/channel/ChannelInboundHandlerAdapter
2024-11-12 13:42:06,235 INFO  EvoClassLoader - Defined package (3): package io.netty.channel, -1443455697
2024-11-12 13:42:06,235 INFO  EvoClassLoader - Seeing class for first time: io.netty.channel.ChannelInboundHandler
2024-11-12 13:42:06,235 INFO  EvoClassLoader - Instrumenting class 'io.netty.channel.ChannelInboundHandler'.
2024-11-12 13:42:06,235 INFO  EvoClassLoader - Seeing class for first time: io.netty.channel.ChannelHandler
2024-11-12 13:42:06,235 INFO  EvoClassLoader - Instrumenting class 'io.netty.channel.ChannelHandler'.
2024-11-12 13:42:06,236 INFO  EvoClassLoader - Keeping class: io.netty.channel.ChannelHandler
2024-11-12 13:42:06,236 INFO  EvoClassLoader - Keeping class: io.netty.channel.ChannelInboundHandler
2024-11-12 13:42:06,236 INFO  EvoClassLoader - Seeing class for first time: io.netty.channel.ChannelHandlerAdapter
2024-11-12 13:42:06,236 INFO  EvoClassLoader - Instrumenting class 'io.netty.channel.ChannelHandlerAdapter'.
2024-11-12 13:42:06,236 INFO  MethodCallReplacementClassAdapter - Adding mock interface to class io/netty/channel/ChannelHandlerAdapter
2024-11-12 13:42:06,236 INFO  CreateClassResetClassAdapter - Creating brand-new static initializer in class io/netty/channel/ChannelHandlerAdapter
2024-11-12 13:42:06,237 INFO  EvoClassLoader - Keeping class: io.netty.channel.ChannelHandlerAdapter
2024-11-12 13:42:06,237 INFO  EvoClassLoader - Keeping class: io.netty.channel.ChannelInboundHandlerAdapter
2024-11-12 13:42:06,237 INFO  EvoClassLoader - Seeing class for first time: org.apache.hadoop.hdfs.server.namenode.FsImageProto$INodeSection
2024-11-12 13:42:06,237 INFO  EvoClassLoader - Instrumenting class 'org.apache.hadoop.hdfs.server.namenode.FsImageProto$INodeSection'.
2024-11-12 13:42:06,237 INFO  MethodCallReplacementClassAdapter - Adding mock interface to class org/apache/hadoop/hdfs/server/namenode/FsImageProto$INodeSection
2024-11-12 13:42:06,238 INFO  CreateClassResetClassAdapter - Found static initializer in class org/apache/hadoop/hdfs/server/namenode/FsImageProto$INodeSection
2024-11-12 13:42:06,238 INFO  EvoClassLoader - Seeing class for first time: org.apache.hadoop.hdfs.server.namenode.FsImageProto$INodeSectionOrBuilder
2024-11-12 13:42:06,238 INFO  EvoClassLoader - Instrumenting class 'org.apache.hadoop.hdfs.server.namenode.FsImageProto$INodeSectionOrBuilder'.
2024-11-12 13:42:06,238 INFO  EvoClassLoader - Seeing class for first time: org.apache.hadoop.thirdparty.protobuf.MessageOrBuilder
2024-11-12 13:42:06,238 INFO  EvoClassLoader - Instrumenting class 'org.apache.hadoop.thirdparty.protobuf.MessageOrBuilder'.
2024-11-12 13:42:06,239 INFO  EvoClassLoader - Seeing class for first time: org.apache.hadoop.thirdparty.protobuf.MessageLiteOrBuilder
2024-11-12 13:42:06,239 INFO  EvoClassLoader - Instrumenting class 'org.apache.hadoop.thirdparty.protobuf.MessageLiteOrBuilder'.
2024-11-12 13:42:06,239 INFO  EvoClassLoader - Keeping class: org.apache.hadoop.thirdparty.protobuf.MessageLiteOrBuilder
2024-11-12 13:42:06,239 INFO  EvoClassLoader - Keeping class: org.apache.hadoop.thirdparty.protobuf.MessageOrBuilder
2024-11-12 13:42:06,239 INFO  EvoClassLoader - Keeping class: org.apache.hadoop.hdfs.server.namenode.FsImageProto$INodeSectionOrBuilder
2024-11-12 13:42:06,239 INFO  EvoClassLoader - Seeing class for first time: org.apache.hadoop.thirdparty.protobuf.GeneratedMessageV3
2024-11-12 13:42:06,239 INFO  EvoClassLoader - Instrumenting class 'org.apache.hadoop.thirdparty.protobuf.GeneratedMessageV3'.
2024-11-12 13:42:06,239 INFO  MethodCallReplacementClassAdapter - Adding mock interface to class org/apache/hadoop/thirdparty/protobuf/GeneratedMessageV3
2024-11-12 13:42:06,240 INFO  CreateClassResetClassAdapter - Found static initializer in class org/apache/hadoop/thirdparty/protobuf/GeneratedMessageV3
2024-11-12 13:42:06,241 INFO  EvoClassLoader - Seeing class for first time: org.apache.hadoop.thirdparty.protobuf.AbstractMessage
2024-11-12 13:42:06,241 INFO  EvoClassLoader - Instrumenting class 'org.apache.hadoop.thirdparty.protobuf.AbstractMessage'.
2024-11-12 13:42:06,241 INFO  MethodCallReplacementClassAdapter - Adding mock interface to class org/apache/hadoop/thirdparty/protobuf/AbstractMessage
2024-11-12 13:42:06,241 INFO  CreateClassResetClassAdapter - Creating brand-new static initializer in class org/apache/hadoop/thirdparty/protobuf/AbstractMessage
2024-11-12 13:42:06,242 INFO  EvoClassLoader - Seeing class for first time: org.apache.hadoop.thirdparty.protobuf.Message
2024-11-12 13:42:06,242 INFO  EvoClassLoader - Instrumenting class 'org.apache.hadoop.thirdparty.protobuf.Message'.
2024-11-12 13:42:06,242 INFO  EvoClassLoader - Seeing class for first time: org.apache.hadoop.thirdparty.protobuf.MessageLite
2024-11-12 13:42:06,242 INFO  EvoClassLoader - Instrumenting class 'org.apache.hadoop.thirdparty.protobuf.MessageLite'.
2024-11-12 13:42:06,242 INFO  EvoClassLoader - Keeping class: org.apache.hadoop.thirdparty.protobuf.MessageLite
2024-11-12 13:42:06,242 INFO  EvoClassLoader - Keeping class: org.apache.hadoop.thirdparty.protobuf.Message
2024-11-12 13:42:06,242 INFO  EvoClassLoader - Seeing class for first time: org.apache.hadoop.thirdparty.protobuf.AbstractMessageLite
2024-11-12 13:42:06,242 INFO  EvoClassLoader - Instrumenting class 'org.apache.hadoop.thirdparty.protobuf.AbstractMessageLite'.
2024-11-12 13:42:06,242 INFO  MethodCallReplacementClassAdapter - Adding mock interface to class org/apache/hadoop/thirdparty/protobuf/AbstractMessageLite
2024-11-12 13:42:06,243 INFO  CreateClassResetClassAdapter - Creating brand-new static initializer in class org/apache/hadoop/thirdparty/protobuf/AbstractMessageLite
2024-11-12 13:42:06,243 INFO  EvoClassLoader - Keeping class: org.apache.hadoop.thirdparty.protobuf.AbstractMessageLite
2024-11-12 13:42:06,243 INFO  EvoClassLoader - Keeping class: org.apache.hadoop.thirdparty.protobuf.AbstractMessage
2024-11-12 13:42:06,243 INFO  EvoClassLoader - Keeping class: org.apache.hadoop.thirdparty.protobuf.GeneratedMessageV3
2024-11-12 13:42:06,243 INFO  EvoClassLoader - Keeping class: org.apache.hadoop.hdfs.server.namenode.FsImageProto$INodeSection
2024-11-12 13:42:06,244 INFO  EvoClassLoader - Seeing class for first time: org.apache.hadoop.thirdparty.protobuf.GeneratedMessageV3$BuilderParent
2024-11-12 13:42:06,244 INFO  EvoClassLoader - Instrumenting class 'org.apache.hadoop.thirdparty.protobuf.GeneratedMessageV3$BuilderParent'.
2024-11-12 13:42:06,244 INFO  EvoClassLoader - Seeing class for first time: org.apache.hadoop.thirdparty.protobuf.AbstractMessage$BuilderParent
2024-11-12 13:42:06,244 INFO  EvoClassLoader - Instrumenting class 'org.apache.hadoop.thirdparty.protobuf.AbstractMessage$BuilderParent'.
2024-11-12 13:42:06,244 INFO  EvoClassLoader - Keeping class: org.apache.hadoop.thirdparty.protobuf.AbstractMessage$BuilderParent
2024-11-12 13:42:06,244 INFO  EvoClassLoader - Keeping class: org.apache.hadoop.thirdparty.protobuf.GeneratedMessageV3$BuilderParent
2024-11-12 13:42:06,244 INFO  EvoClassLoader - Seeing class for first time: org.apache.hadoop.thirdparty.protobuf.Internal$IntList
2024-11-12 13:42:06,244 INFO  EvoClassLoader - Instrumenting class 'org.apache.hadoop.thirdparty.protobuf.Internal$IntList'.
2024-11-12 13:42:06,244 INFO  EvoClassLoader - Seeing class for first time: org.apache.hadoop.thirdparty.protobuf.Internal$ProtobufList
2024-11-12 13:42:06,244 INFO  EvoClassLoader - Instrumenting class 'org.apache.hadoop.thirdparty.protobuf.Internal$ProtobufList'.
2024-11-12 13:42:06,244 INFO  EvoClassLoader - Keeping class: org.apache.hadoop.thirdparty.protobuf.Internal$ProtobufList
2024-11-12 13:42:06,245 INFO  EvoClassLoader - Keeping class: org.apache.hadoop.thirdparty.protobuf.Internal$IntList
2024-11-12 13:42:06,245 INFO  EvoClassLoader - Seeing class for first time: org.apache.hadoop.thirdparty.protobuf.Internal$LongList
2024-11-12 13:42:06,245 INFO  EvoClassLoader - Instrumenting class 'org.apache.hadoop.thirdparty.protobuf.Internal$LongList'.
2024-11-12 13:42:06,245 INFO  EvoClassLoader - Keeping class: org.apache.hadoop.thirdparty.protobuf.Internal$LongList
2024-11-12 13:42:06,245 INFO  EvoClassLoader - Seeing class for first time: org.apache.hadoop.thirdparty.protobuf.Internal$FloatList
2024-11-12 13:42:06,245 INFO  EvoClassLoader - Instrumenting class 'org.apache.hadoop.thirdparty.protobuf.Internal$FloatList'.
2024-11-12 13:42:06,245 INFO  EvoClassLoader - Keeping class: org.apache.hadoop.thirdparty.protobuf.Internal$FloatList
2024-11-12 13:42:06,245 INFO  EvoClassLoader - Seeing class for first time: org.apache.hadoop.thirdparty.protobuf.Internal$DoubleList
2024-11-12 13:42:06,245 INFO  EvoClassLoader - Instrumenting class 'org.apache.hadoop.thirdparty.protobuf.Internal$DoubleList'.
2024-11-12 13:42:06,245 INFO  EvoClassLoader - Keeping class: org.apache.hadoop.thirdparty.protobuf.Internal$DoubleList
2024-11-12 13:42:06,245 INFO  EvoClassLoader - Seeing class for first time: org.apache.hadoop.thirdparty.protobuf.Internal$BooleanList
2024-11-12 13:42:06,245 INFO  EvoClassLoader - Instrumenting class 'org.apache.hadoop.thirdparty.protobuf.Internal$BooleanList'.
2024-11-12 13:42:06,246 INFO  EvoClassLoader - Keeping class: org.apache.hadoop.thirdparty.protobuf.Internal$BooleanList
2024-11-12 13:42:06,246 INFO  EvoClassLoader - Seeing class for first time: org.apache.hadoop.thirdparty.protobuf.Parser
2024-11-12 13:42:06,246 INFO  EvoClassLoader - Instrumenting class 'org.apache.hadoop.thirdparty.protobuf.Parser'.
2024-11-12 13:42:06,246 INFO  EvoClassLoader - Keeping class: org.apache.hadoop.thirdparty.protobuf.Parser
2024-11-12 13:42:06,246 INFO  EvoClassLoader - Seeing class for first time: org.apache.hadoop.thirdparty.protobuf.Message$Builder
2024-11-12 13:42:06,246 INFO  EvoClassLoader - Instrumenting class 'org.apache.hadoop.thirdparty.protobuf.Message$Builder'.
2024-11-12 13:42:06,246 INFO  EvoClassLoader - Seeing class for first time: org.apache.hadoop.thirdparty.protobuf.MessageLite$Builder
2024-11-12 13:42:06,246 INFO  EvoClassLoader - Instrumenting class 'org.apache.hadoop.thirdparty.protobuf.MessageLite$Builder'.
2024-11-12 13:42:06,246 INFO  EvoClassLoader - Keeping class: org.apache.hadoop.thirdparty.protobuf.MessageLite$Builder
2024-11-12 13:42:06,246 INFO  EvoClassLoader - Keeping class: org.apache.hadoop.thirdparty.protobuf.Message$Builder
2024-11-12 13:42:06,247 INFO  EvoClassLoader - Seeing class for first time: org.apache.hadoop.thirdparty.protobuf.UnknownFieldSet
2024-11-12 13:42:06,247 INFO  EvoClassLoader - Instrumenting class 'org.apache.hadoop.thirdparty.protobuf.UnknownFieldSet'.
2024-11-12 13:42:06,247 INFO  MethodCallReplacementClassAdapter - Adding mock interface to class org/apache/hadoop/thirdparty/protobuf/UnknownFieldSet
2024-11-12 13:42:06,247 INFO  CreateClassResetClassAdapter - Found static initializer in class org/apache/hadoop/thirdparty/protobuf/UnknownFieldSet
2024-11-12 13:42:06,248 INFO  EvoClassLoader - Keeping class: org.apache.hadoop.thirdparty.protobuf.UnknownFieldSet
2024-11-12 13:42:06,248 INFO  EvoClassLoader - Seeing class for first time: org.apache.hadoop.thirdparty.protobuf.UnknownFieldSet$Parser
2024-11-12 13:42:06,248 INFO  EvoClassLoader - Instrumenting class 'org.apache.hadoop.thirdparty.protobuf.UnknownFieldSet$Parser'.
2024-11-12 13:42:06,248 INFO  MethodCallReplacementClassAdapter - Adding mock interface to class org/apache/hadoop/thirdparty/protobuf/UnknownFieldSet$Parser
2024-11-12 13:42:06,248 INFO  CreateClassResetClassAdapter - Creating brand-new static initializer in class org/apache/hadoop/thirdparty/protobuf/UnknownFieldSet$Parser
2024-11-12 13:42:06,248 INFO  EvoClassLoader - Seeing class for first time: org.apache.hadoop.thirdparty.protobuf.AbstractParser
2024-11-12 13:42:06,248 INFO  EvoClassLoader - Instrumenting class 'org.apache.hadoop.thirdparty.protobuf.AbstractParser'.
2024-11-12 13:42:06,248 INFO  MethodCallReplacementClassAdapter - Adding mock interface to class org/apache/hadoop/thirdparty/protobuf/AbstractParser
2024-11-12 13:42:06,249 INFO  CreateClassResetClassAdapter - Found static initializer in class org/apache/hadoop/thirdparty/protobuf/AbstractParser
2024-11-12 13:42:06,249 INFO  EvoClassLoader - Keeping class: org.apache.hadoop.thirdparty.protobuf.AbstractParser
2024-11-12 13:42:06,249 INFO  EvoClassLoader - Keeping class: org.apache.hadoop.thirdparty.protobuf.UnknownFieldSet$Parser
2024-11-12 13:42:06,249 INFO  EvoClassLoader - Seeing class for first time: org.apache.hadoop.thirdparty.protobuf.AbstractMessageLite$Builder$LimitedInputStream
2024-11-12 13:42:06,249 INFO  EvoClassLoader - Instrumenting class 'org.apache.hadoop.thirdparty.protobuf.AbstractMessageLite$Builder$LimitedInputStream'.
2024-11-12 13:42:06,249 INFO  MethodCallReplacementClassAdapter - Adding mock interface to class org/apache/hadoop/thirdparty/protobuf/AbstractMessageLite$Builder$LimitedInputStream
2024-11-12 13:42:06,249 INFO  CreateClassResetClassAdapter - Creating brand-new static initializer in class org/apache/hadoop/thirdparty/protobuf/AbstractMessageLite$Builder$LimitedInputStream
2024-11-12 13:42:06,250 INFO  EvoClassLoader - Keeping class: org.apache.hadoop.thirdparty.protobuf.AbstractMessageLite$Builder$LimitedInputStream
2024-11-12 13:42:06,250 INFO  EvoClassLoader - Seeing class for first time: org.apache.hadoop.thirdparty.protobuf.ExtensionRegistryLite
2024-11-12 13:42:06,250 INFO  EvoClassLoader - Instrumenting class 'org.apache.hadoop.thirdparty.protobuf.ExtensionRegistryLite'.
2024-11-12 13:42:06,250 INFO  MethodCallReplacementClassAdapter - Adding mock interface to class org/apache/hadoop/thirdparty/protobuf/ExtensionRegistryLite
2024-11-12 13:42:06,250 INFO  CreateClassResetClassAdapter - Found static initializer in class org/apache/hadoop/thirdparty/protobuf/ExtensionRegistryLite
2024-11-12 13:42:06,251 INFO  EvoClassLoader - Keeping class: org.apache.hadoop.thirdparty.protobuf.ExtensionRegistryLite
2024-11-12 13:42:06,251 INFO  EvoClassLoader - Seeing class for first time: org.apache.hadoop.thirdparty.protobuf.Extension
2024-11-12 13:42:06,251 INFO  EvoClassLoader - Instrumenting class 'org.apache.hadoop.thirdparty.protobuf.Extension'.
2024-11-12 13:42:06,252 INFO  MethodCallReplacementClassAdapter - Adding mock interface to class org/apache/hadoop/thirdparty/protobuf/Extension
2024-11-12 13:42:06,253 INFO  CreateClassResetClassAdapter - Creating brand-new static initializer in class org/apache/hadoop/thirdparty/protobuf/Extension
2024-11-12 13:42:06,253 INFO  EvoClassLoader - Seeing class for first time: org.apache.hadoop.thirdparty.protobuf.ExtensionLite
2024-11-12 13:42:06,253 INFO  EvoClassLoader - Instrumenting class 'org.apache.hadoop.thirdparty.protobuf.ExtensionLite'.
2024-11-12 13:42:06,253 INFO  MethodCallReplacementClassAdapter - Adding mock interface to class org/apache/hadoop/thirdparty/protobuf/ExtensionLite
2024-11-12 13:42:06,253 INFO  CreateClassResetClassAdapter - Creating brand-new static initializer in class org/apache/hadoop/thirdparty/protobuf/ExtensionLite
2024-11-12 13:42:06,253 INFO  EvoClassLoader - Keeping class: org.apache.hadoop.thirdparty.protobuf.ExtensionLite
2024-11-12 13:42:06,253 INFO  EvoClassLoader - Keeping class: org.apache.hadoop.thirdparty.protobuf.Extension
2024-11-12 13:42:06,253 INFO  EvoClassLoader - Seeing class for first time: org.apache.hadoop.thirdparty.protobuf.ExtensionRegistryFactory
2024-11-12 13:42:06,253 INFO  EvoClassLoader - Instrumenting class 'org.apache.hadoop.thirdparty.protobuf.ExtensionRegistryFactory'.
2024-11-12 13:42:06,253 INFO  MethodCallReplacementClassAdapter - Adding mock interface to class org/apache/hadoop/thirdparty/protobuf/ExtensionRegistryFactory
2024-11-12 13:42:06,253 INFO  CreateClassResetClassAdapter - Found static initializer in class org/apache/hadoop/thirdparty/protobuf/ExtensionRegistryFactory
2024-11-12 13:42:06,254 INFO  EvoClassLoader - Keeping class: org.apache.hadoop.thirdparty.protobuf.ExtensionRegistryFactory
2024-11-12 13:42:06,254 INFO  EvoClassLoader - Seeing class for first time: org.apache.hadoop.thirdparty.protobuf.ExtensionRegistry
2024-11-12 13:42:06,254 INFO  EvoClassLoader - Instrumenting class 'org.apache.hadoop.thirdparty.protobuf.ExtensionRegistry'.
2024-11-12 13:42:06,254 INFO  MethodCallReplacementClassAdapter - Adding mock interface to class org/apache/hadoop/thirdparty/protobuf/ExtensionRegistry
2024-11-12 13:42:06,255 INFO  CreateClassResetClassAdapter - Found static initializer in class org/apache/hadoop/thirdparty/protobuf/ExtensionRegistry
2024-11-12 13:42:06,255 INFO  EvoClassLoader - Keeping class: org.apache.hadoop.thirdparty.protobuf.ExtensionRegistry
2024-11-12 13:42:06,256 INFO  EvoClassLoader - Seeing class for first time: org.apache.hadoop.thirdparty.protobuf.GeneratedMessage$GeneratedExtension
2024-11-12 13:42:06,256 INFO  EvoClassLoader - Instrumenting class 'org.apache.hadoop.thirdparty.protobuf.GeneratedMessage$GeneratedExtension'.
2024-11-12 13:42:06,256 INFO  MethodCallReplacementClassAdapter - Adding mock interface to class org/apache/hadoop/thirdparty/protobuf/GeneratedMessage$GeneratedExtension
2024-11-12 13:42:06,256 INFO  CreateClassResetClassAdapter - Creating brand-new static initializer in class org/apache/hadoop/thirdparty/protobuf/GeneratedMessage$GeneratedExtension
2024-11-12 13:42:06,257 INFO  EvoClassLoader - Keeping class: org.apache.hadoop.thirdparty.protobuf.GeneratedMessage$GeneratedExtension
2024-11-12 13:42:06,257 INFO  EvoClassLoader - Seeing class for first time: org.apache.hadoop.thirdparty.protobuf.ExtensionRegistry$ExtensionInfo
2024-11-12 13:42:06,257 INFO  EvoClassLoader - Instrumenting class 'org.apache.hadoop.thirdparty.protobuf.ExtensionRegistry$ExtensionInfo'.
2024-11-12 13:42:06,257 INFO  MethodCallReplacementClassAdapter - Adding mock interface to class org/apache/hadoop/thirdparty/protobuf/ExtensionRegistry$ExtensionInfo
2024-11-12 13:42:06,257 INFO  CreateClassResetClassAdapter - Creating brand-new static initializer in class org/apache/hadoop/thirdparty/protobuf/ExtensionRegistry$ExtensionInfo
2024-11-12 13:42:06,257 INFO  EvoClassLoader - Keeping class: org.apache.hadoop.thirdparty.protobuf.ExtensionRegistry$ExtensionInfo
2024-11-12 13:42:06,257 INFO  EvoClassLoader - Seeing class for first time: org.apache.hadoop.thirdparty.protobuf.Descriptors$Descriptor
2024-11-12 13:42:06,257 INFO  EvoClassLoader - Instrumenting class 'org.apache.hadoop.thirdparty.protobuf.Descriptors$Descriptor'.
2024-11-12 13:42:06,258 INFO  MethodCallReplacementClassAdapter - Adding mock interface to class org/apache/hadoop/thirdparty/protobuf/Descriptors$Descriptor
2024-11-12 13:42:06,258 INFO  CreateClassResetClassAdapter - Creating brand-new static initializer in class org/apache/hadoop/thirdparty/protobuf/Descriptors$Descriptor
2024-11-12 13:42:06,258 INFO  EvoClassLoader - Seeing class for first time: org.apache.hadoop.thirdparty.protobuf.Descriptors$GenericDescriptor
2024-11-12 13:42:06,258 INFO  EvoClassLoader - Instrumenting class 'org.apache.hadoop.thirdparty.protobuf.Descriptors$GenericDescriptor'.
2024-11-12 13:42:06,258 INFO  MethodCallReplacementClassAdapter - Adding mock interface to class org/apache/hadoop/thirdparty/protobuf/Descriptors$GenericDescriptor
2024-11-12 13:42:06,258 INFO  CreateClassResetClassAdapter - Creating brand-new static initializer in class org/apache/hadoop/thirdparty/protobuf/Descriptors$GenericDescriptor
2024-11-12 13:42:06,258 INFO  EvoClassLoader - Keeping class: org.apache.hadoop.thirdparty.protobuf.Descriptors$GenericDescriptor
2024-11-12 13:42:06,258 INFO  EvoClassLoader - Keeping class: org.apache.hadoop.thirdparty.protobuf.Descriptors$Descriptor
2024-11-12 13:42:06,259 INFO  EvoClassLoader - Seeing class for first time: org.apache.hadoop.thirdparty.protobuf.Extension$ExtensionType
2024-11-12 13:42:06,259 INFO  EvoClassLoader - Instrumenting class 'org.apache.hadoop.thirdparty.protobuf.Extension$ExtensionType'.
2024-11-12 13:42:06,259 INFO  MethodCallReplacementClassAdapter - Adding mock interface to class org/apache/hadoop/thirdparty/protobuf/Extension$ExtensionType
2024-11-12 13:42:06,259 INFO  CreateClassResetClassAdapter - Found static initializer in class org/apache/hadoop/thirdparty/protobuf/Extension$ExtensionType
2024-11-12 13:42:06,259 INFO  EvoClassLoader - Keeping class: org.apache.hadoop.thirdparty.protobuf.Extension$ExtensionType
2024-11-12 13:42:06,259 INFO  EvoClassLoader - Seeing class for first time: org.apache.hadoop.thirdparty.protobuf.Descriptors$FieldDescriptor
2024-11-12 13:42:06,259 INFO  EvoClassLoader - Instrumenting class 'org.apache.hadoop.thirdparty.protobuf.Descriptors$FieldDescriptor'.
2024-11-12 13:42:06,259 INFO  MethodCallReplacementClassAdapter - Adding mock interface to class org/apache/hadoop/thirdparty/protobuf/Descriptors$FieldDescriptor
2024-11-12 13:42:06,260 INFO  CreateClassResetClassAdapter - Found static initializer in class org/apache/hadoop/thirdparty/protobuf/Descriptors$FieldDescriptor
2024-11-12 13:42:06,262 INFO  EvoClassLoader - Seeing class for first time: org.apache.hadoop.thirdparty.protobuf.FieldSet$FieldDescriptorLite
2024-11-12 13:42:06,262 INFO  EvoClassLoader - Instrumenting class 'org.apache.hadoop.thirdparty.protobuf.FieldSet$FieldDescriptorLite'.
2024-11-12 13:42:06,262 INFO  EvoClassLoader - Keeping class: org.apache.hadoop.thirdparty.protobuf.FieldSet$FieldDescriptorLite
2024-11-12 13:42:06,262 INFO  EvoClassLoader - Keeping class: org.apache.hadoop.thirdparty.protobuf.Descriptors$FieldDescriptor
2024-11-12 13:42:06,263 INFO  EvoClassLoader - Seeing class for first time: org.apache.hadoop.hdfs.server.namenode.FsImageProto$INodeSection$1
2024-11-12 13:42:06,263 INFO  EvoClassLoader - Instrumenting class 'org.apache.hadoop.hdfs.server.namenode.FsImageProto$INodeSection$1'.
2024-11-12 13:42:06,263 INFO  MethodCallReplacementClassAdapter - Adding mock interface to class org/apache/hadoop/hdfs/server/namenode/FsImageProto$INodeSection$1
2024-11-12 13:42:06,263 INFO  EvoClassLoader - Keeping class: org.apache.hadoop.hdfs.server.namenode.FsImageProto$INodeSection$1
2024-11-12 13:42:06,263 INFO  EvoClassLoader - Seeing class for first time: org.apache.hadoop.fs.permission.AclEntryScope
2024-11-12 13:42:06,263 INFO  EvoClassLoader - Instrumenting class 'org.apache.hadoop.fs.permission.AclEntryScope'.
2024-11-12 13:42:06,264 INFO  MethodCallReplacementClassAdapter - Adding mock interface to class org/apache/hadoop/fs/permission/AclEntryScope
2024-11-12 13:42:06,264 INFO  CreateClassResetClassAdapter - Found static initializer in class org/apache/hadoop/fs/permission/AclEntryScope
2024-11-12 13:42:06,264 INFO  EvoClassLoader - Defined package (3): package org.apache.hadoop.fs.permission, 1810436125
2024-11-12 13:42:06,264 INFO  EvoClassLoader - Keeping class: org.apache.hadoop.fs.permission.AclEntryScope
2024-11-12 13:42:06,264 INFO  EvoClassLoader - Seeing class for first time: org.apache.hadoop.fs.permission.FsPermission$ImmutableFsPermission
2024-11-12 13:42:06,264 INFO  EvoClassLoader - Instrumenting class 'org.apache.hadoop.fs.permission.FsPermission$ImmutableFsPermission'.
2024-11-12 13:42:06,264 INFO  MethodCallReplacementClassAdapter - Adding mock interface to class org/apache/hadoop/fs/permission/FsPermission$ImmutableFsPermission
2024-11-12 13:42:06,264 INFO  CreateClassResetClassAdapter - Creating brand-new static initializer in class org/apache/hadoop/fs/permission/FsPermission$ImmutableFsPermission
2024-11-12 13:42:06,265 INFO  EvoClassLoader - Seeing class for first time: org.apache.hadoop.fs.permission.FsPermission
2024-11-12 13:42:06,265 INFO  EvoClassLoader - Instrumenting class 'org.apache.hadoop.fs.permission.FsPermission'.
2024-11-12 13:42:06,265 INFO  MethodCallReplacementClassAdapter - Adding mock interface to class org/apache/hadoop/fs/permission/FsPermission
2024-11-12 13:42:06,266 INFO  CreateClassResetClassAdapter - Found static initializer in class org/apache/hadoop/fs/permission/FsPermission
2024-11-12 13:42:06,266 INFO  EvoClassLoader - Keeping class: org.apache.hadoop.fs.permission.FsPermission
2024-11-12 13:42:06,266 INFO  EvoClassLoader - Keeping class: org.apache.hadoop.fs.permission.FsPermission$ImmutableFsPermission
2024-11-12 13:42:06,266 INFO  EvoClassLoader - Seeing class for first time: org.apache.hadoop.io.WritableFactory
2024-11-12 13:42:06,266 INFO  EvoClassLoader - Instrumenting class 'org.apache.hadoop.io.WritableFactory'.
2024-11-12 13:42:06,267 INFO  EvoClassLoader - Keeping class: org.apache.hadoop.io.WritableFactory
2024-11-12 13:42:06,268 INFO  EvoClassLoader - Seeing class for first time: org.apache.hadoop.fs.permission.FsPermission$1
2024-11-12 13:42:06,268 INFO  EvoClassLoader - Instrumenting class 'org.apache.hadoop.fs.permission.FsPermission$1'.
2024-11-12 13:42:06,268 INFO  MethodCallReplacementClassAdapter - Adding mock interface to class org/apache/hadoop/fs/permission/FsPermission$1
2024-11-12 13:42:06,268 INFO  EvoClassLoader - Keeping class: org.apache.hadoop.fs.permission.FsPermission$1
2024-11-12 13:42:06,268 INFO  EvoClassLoader - Seeing class for first time: org.apache.hadoop.io.WritableFactories
2024-11-12 13:42:06,268 INFO  EvoClassLoader - Instrumenting class 'org.apache.hadoop.io.WritableFactories'.
2024-11-12 13:42:06,269 INFO  MethodCallReplacementClassAdapter - Adding mock interface to class org/apache/hadoop/io/WritableFactories
2024-11-12 13:42:06,269 INFO  CreateClassResetClassAdapter - Found static initializer in class org/apache/hadoop/io/WritableFactories
2024-11-12 13:42:06,269 INFO  EvoClassLoader - Keeping class: org.apache.hadoop.io.WritableFactories
2024-11-12 13:42:06,269 INFO  EvoClassLoader - Seeing class for first time: org.apache.hadoop.fs.permission.FsAction
2024-11-12 13:42:06,269 INFO  EvoClassLoader - Instrumenting class 'org.apache.hadoop.fs.permission.FsAction'.
2024-11-12 13:42:06,269 INFO  MethodCallReplacementClassAdapter - Adding mock interface to class org/apache/hadoop/fs/permission/FsAction
2024-11-12 13:42:06,269 INFO  CreateClassResetClassAdapter - Found static initializer in class org/apache/hadoop/fs/permission/FsAction
2024-11-12 13:42:06,270 INFO  EvoClassLoader - Keeping class: org.apache.hadoop.fs.permission.FsAction
2024-11-12 13:42:06,270 INFO  EvoClassLoader - Seeing class for first time: org.apache.hadoop.fs.FileStatus
2024-11-12 13:42:06,270 INFO  EvoClassLoader - Instrumenting class 'org.apache.hadoop.fs.FileStatus'.
2024-11-12 13:42:06,270 INFO  MethodCallReplacementClassAdapter - Adding mock interface to class org/apache/hadoop/fs/FileStatus
2024-11-12 13:42:06,272 INFO  CreateClassResetClassAdapter - Found static initializer in class org/apache/hadoop/fs/FileStatus
2024-11-12 13:42:06,272 INFO  EvoClassLoader - Keeping class: org.apache.hadoop.fs.FileStatus
2024-11-12 13:42:06,272 INFO  EvoClassLoader - Seeing class for first time: org.apache.hadoop.hdfs.server.namenode.FsImageProto$SnapshotDiffSectionOrBuilder
2024-11-12 13:42:06,272 INFO  EvoClassLoader - Instrumenting class 'org.apache.hadoop.hdfs.server.namenode.FsImageProto$SnapshotDiffSectionOrBuilder'.
2024-11-12 13:42:06,273 INFO  EvoClassLoader - Keeping class: org.apache.hadoop.hdfs.server.namenode.FsImageProto$SnapshotDiffSectionOrBuilder
2024-11-12 13:42:06,273 INFO  EvoClassLoader - Seeing class for first time: org.apache.hadoop.thirdparty.com.google.common.collect.ImmutableList$Builder
2024-11-12 13:42:06,273 INFO  EvoClassLoader - Instrumenting class 'org.apache.hadoop.thirdparty.com.google.common.collect.ImmutableList$Builder'.
2024-11-12 13:42:06,273 INFO  MethodCallReplacementClassAdapter - Adding mock interface to class org/apache/hadoop/thirdparty/com/google/common/collect/ImmutableList$Builder
2024-11-12 13:42:06,273 INFO  CreateClassResetClassAdapter - Creating brand-new static initializer in class org/apache/hadoop/thirdparty/com/google/common/collect/ImmutableList$Builder
2024-11-12 13:42:06,273 INFO  EvoClassLoader - Seeing class for first time: org.apache.hadoop.thirdparty.com.google.common.collect.ImmutableCollection$Builder
2024-11-12 13:42:06,273 INFO  EvoClassLoader - Instrumenting class 'org.apache.hadoop.thirdparty.com.google.common.collect.ImmutableCollection$Builder'.
2024-11-12 13:42:06,273 INFO  MethodCallReplacementClassAdapter - Adding mock interface to class org/apache/hadoop/thirdparty/com/google/common/collect/ImmutableCollection$Builder
2024-11-12 13:42:06,273 INFO  CreateClassResetClassAdapter - Creating brand-new static initializer in class org/apache/hadoop/thirdparty/com/google/common/collect/ImmutableCollection$Builder
2024-11-12 13:42:06,273 INFO  CreateClassResetClassAdapter - Adding bytecode for initializing field DEFAULT_INITIAL_CAPACITY
2024-11-12 13:42:06,273 INFO  EvoClassLoader - Keeping class: org.apache.hadoop.thirdparty.com.google.common.collect.ImmutableCollection$Builder
2024-11-12 13:42:06,273 INFO  EvoClassLoader - Keeping class: org.apache.hadoop.thirdparty.com.google.common.collect.ImmutableList$Builder
2024-11-12 13:42:06,273 INFO  EvoClassLoader - Seeing class for first time: org.apache.hadoop.thirdparty.com.google.common.collect.ImmutableCollection
2024-11-12 13:42:06,273 INFO  EvoClassLoader - Instrumenting class 'org.apache.hadoop.thirdparty.com.google.common.collect.ImmutableCollection'.
2024-11-12 13:42:06,274 INFO  MethodCallReplacementClassAdapter - Adding mock interface to class org/apache/hadoop/thirdparty/com/google/common/collect/ImmutableCollection
2024-11-12 13:42:06,274 INFO  CreateClassResetClassAdapter - Found static initializer in class org/apache/hadoop/thirdparty/com/google/common/collect/ImmutableCollection
2024-11-12 13:42:06,274 INFO  EvoClassLoader - Keeping class: org.apache.hadoop.thirdparty.com.google.common.collect.ImmutableCollection
2024-11-12 13:42:06,274 INFO  EvoClassLoader - Seeing class for first time: org.apache.hadoop.thirdparty.com.google.common.collect.ImmutableList
2024-11-12 13:42:06,274 INFO  EvoClassLoader - Instrumenting class 'org.apache.hadoop.thirdparty.com.google.common.collect.ImmutableList'.
2024-11-12 13:42:06,274 INFO  MethodCallReplacementClassAdapter - Adding mock interface to class org/apache/hadoop/thirdparty/com/google/common/collect/ImmutableList
2024-11-12 13:42:06,275 INFO  CreateClassResetClassAdapter - Creating brand-new static initializer in class org/apache/hadoop/thirdparty/com/google/common/collect/ImmutableList
2024-11-12 13:42:06,276 INFO  EvoClassLoader - Keeping class: org.apache.hadoop.thirdparty.com.google.common.collect.ImmutableList
2024-11-12 13:42:06,276 INFO  EvoClassLoader - Seeing class for first time: org.apache.hadoop.thirdparty.com.google.common.collect.SingletonImmutableList
2024-11-12 13:42:06,276 INFO  EvoClassLoader - Instrumenting class 'org.apache.hadoop.thirdparty.com.google.common.collect.SingletonImmutableList'.
2024-11-12 13:42:06,276 INFO  MethodCallReplacementClassAdapter - Adding mock interface to class org/apache/hadoop/thirdparty/com/google/common/collect/SingletonImmutableList
2024-11-12 13:42:06,277 INFO  CreateClassResetClassAdapter - Creating brand-new static initializer in class org/apache/hadoop/thirdparty/com/google/common/collect/SingletonImmutableList
2024-11-12 13:42:06,277 INFO  EvoClassLoader - Keeping class: org.apache.hadoop.thirdparty.com.google.common.collect.SingletonImmutableList
2024-11-12 13:42:06,277 INFO  EvoClassLoader - Seeing class for first time: org.apache.hadoop.thirdparty.com.google.common.collect.RegularImmutableAsList
2024-11-12 13:42:06,277 INFO  EvoClassLoader - Instrumenting class 'org.apache.hadoop.thirdparty.com.google.common.collect.RegularImmutableAsList'.
2024-11-12 13:42:06,277 INFO  MethodCallReplacementClassAdapter - Adding mock interface to class org/apache/hadoop/thirdparty/com/google/common/collect/RegularImmutableAsList
2024-11-12 13:42:06,277 INFO  CreateClassResetClassAdapter - Creating brand-new static initializer in class org/apache/hadoop/thirdparty/com/google/common/collect/RegularImmutableAsList
2024-11-12 13:42:06,278 INFO  EvoClassLoader - Seeing class for first time: org.apache.hadoop.thirdparty.com.google.common.collect.ImmutableAsList
2024-11-12 13:42:06,278 INFO  EvoClassLoader - Instrumenting class 'org.apache.hadoop.thirdparty.com.google.common.collect.ImmutableAsList'.
2024-11-12 13:42:06,278 INFO  MethodCallReplacementClassAdapter - Adding mock interface to class org/apache/hadoop/thirdparty/com/google/common/collect/ImmutableAsList
2024-11-12 13:42:06,278 INFO  CreateClassResetClassAdapter - Creating brand-new static initializer in class org/apache/hadoop/thirdparty/com/google/common/collect/ImmutableAsList
2024-11-12 13:42:06,278 INFO  EvoClassLoader - Keeping class: org.apache.hadoop.thirdparty.com.google.common.collect.ImmutableAsList
2024-11-12 13:42:06,279 INFO  EvoClassLoader - Keeping class: org.apache.hadoop.thirdparty.com.google.common.collect.RegularImmutableAsList
2024-11-12 13:42:06,279 INFO  EvoClassLoader - Seeing class for first time: org.apache.hadoop.thirdparty.com.google.common.collect.RegularImmutableList
2024-11-12 13:42:06,279 INFO  EvoClassLoader - Instrumenting class 'org.apache.hadoop.thirdparty.com.google.common.collect.RegularImmutableList'.
2024-11-12 13:42:06,279 INFO  MethodCallReplacementClassAdapter - Adding mock interface to class org/apache/hadoop/thirdparty/com/google/common/collect/RegularImmutableList
2024-11-12 13:42:06,279 INFO  CreateClassResetClassAdapter - Found static initializer in class org/apache/hadoop/thirdparty/com/google/common/collect/RegularImmutableList
2024-11-12 13:42:06,279 INFO  EvoClassLoader - Keeping class: org.apache.hadoop.thirdparty.com.google.common.collect.RegularImmutableList
2024-11-12 13:42:06,279 INFO  EvoClassLoader - Seeing class for first time: org.apache.hadoop.thirdparty.com.google.common.collect.ImmutableList$SubList
2024-11-12 13:42:06,279 INFO  EvoClassLoader - Instrumenting class 'org.apache.hadoop.thirdparty.com.google.common.collect.ImmutableList$SubList'.
2024-11-12 13:42:06,280 INFO  MethodCallReplacementClassAdapter - Adding mock interface to class org/apache/hadoop/thirdparty/com/google/common/collect/ImmutableList$SubList
2024-11-12 13:42:06,280 INFO  CreateClassResetClassAdapter - Creating brand-new static initializer in class org/apache/hadoop/thirdparty/com/google/common/collect/ImmutableList$SubList
2024-11-12 13:42:06,280 INFO  EvoClassLoader - Keeping class: org.apache.hadoop.thirdparty.com.google.common.collect.ImmutableList$SubList
2024-11-12 13:42:06,280 INFO  EvoClassLoader - Seeing class for first time: org.apache.hadoop.thirdparty.com.google.common.collect.UnmodifiableIterator
2024-11-12 13:42:06,280 INFO  EvoClassLoader - Instrumenting class 'org.apache.hadoop.thirdparty.com.google.common.collect.UnmodifiableIterator'.
2024-11-12 13:42:06,281 INFO  MethodCallReplacementClassAdapter - Adding mock interface to class org/apache/hadoop/thirdparty/com/google/common/collect/UnmodifiableIterator
2024-11-12 13:42:06,281 INFO  CreateClassResetClassAdapter - Creating brand-new static initializer in class org/apache/hadoop/thirdparty/com/google/common/collect/UnmodifiableIterator
2024-11-12 13:42:06,281 INFO  EvoClassLoader - Keeping class: org.apache.hadoop.thirdparty.com.google.common.collect.UnmodifiableIterator
2024-11-12 13:42:06,281 INFO  EvoClassLoader - Seeing class for first time: org.apache.hadoop.thirdparty.com.google.common.collect.UnmodifiableListIterator
2024-11-12 13:42:06,281 INFO  EvoClassLoader - Instrumenting class 'org.apache.hadoop.thirdparty.com.google.common.collect.UnmodifiableListIterator'.
2024-11-12 13:42:06,281 INFO  MethodCallReplacementClassAdapter - Adding mock interface to class org/apache/hadoop/thirdparty/com/google/common/collect/UnmodifiableListIterator
2024-11-12 13:42:06,281 INFO  CreateClassResetClassAdapter - Creating brand-new static initializer in class org/apache/hadoop/thirdparty/com/google/common/collect/UnmodifiableListIterator
2024-11-12 13:42:06,281 INFO  EvoClassLoader - Keeping class: org.apache.hadoop.thirdparty.com.google.common.collect.UnmodifiableListIterator
2024-11-12 13:42:06,281 INFO  EvoClassLoader - Seeing class for first time: org.apache.hadoop.thirdparty.com.google.common.collect.ImmutableList$ReverseImmutableList
2024-11-12 13:42:06,281 INFO  EvoClassLoader - Instrumenting class 'org.apache.hadoop.thirdparty.com.google.common.collect.ImmutableList$ReverseImmutableList'.
2024-11-12 13:42:06,281 INFO  MethodCallReplacementClassAdapter - Adding mock interface to class org/apache/hadoop/thirdparty/com/google/common/collect/ImmutableList$ReverseImmutableList
2024-11-12 13:42:06,281 INFO  CreateClassResetClassAdapter - Creating brand-new static initializer in class org/apache/hadoop/thirdparty/com/google/common/collect/ImmutableList$ReverseImmutableList
2024-11-12 13:42:06,282 INFO  EvoClassLoader - Keeping class: org.apache.hadoop.thirdparty.com.google.common.collect.ImmutableList$ReverseImmutableList
2024-11-12 13:42:06,282 INFO  EvoClassLoader - Seeing class for first time: org.apache.hadoop.thirdparty.com.google.common.collect.ImmutableList$1
2024-11-12 13:42:06,282 INFO  EvoClassLoader - Instrumenting class 'org.apache.hadoop.thirdparty.com.google.common.collect.ImmutableList$1'.
2024-11-12 13:42:06,282 INFO  MethodCallReplacementClassAdapter - Adding mock interface to class org/apache/hadoop/thirdparty/com/google/common/collect/ImmutableList$1
2024-11-12 13:42:06,282 INFO  EvoClassLoader - Seeing class for first time: org.apache.hadoop.thirdparty.com.google.common.collect.AbstractIndexedListIterator
2024-11-12 13:42:06,282 INFO  EvoClassLoader - Instrumenting class 'org.apache.hadoop.thirdparty.com.google.common.collect.AbstractIndexedListIterator'.
2024-11-12 13:42:06,282 INFO  MethodCallReplacementClassAdapter - Adding mock interface to class org/apache/hadoop/thirdparty/com/google/common/collect/AbstractIndexedListIterator
2024-11-12 13:42:06,282 INFO  CreateClassResetClassAdapter - Creating brand-new static initializer in class org/apache/hadoop/thirdparty/com/google/common/collect/AbstractIndexedListIterator
2024-11-12 13:42:06,282 INFO  EvoClassLoader - Keeping class: org.apache.hadoop.thirdparty.com.google.common.collect.AbstractIndexedListIterator
2024-11-12 13:42:06,282 INFO  EvoClassLoader - Keeping class: org.apache.hadoop.thirdparty.com.google.common.collect.ImmutableList$1
2024-11-12 13:42:06,282 INFO  EvoClassLoader - Seeing class for first time: org.apache.hadoop.thirdparty.protobuf.MapEntry
2024-11-12 13:42:06,282 INFO  EvoClassLoader - Instrumenting class 'org.apache.hadoop.thirdparty.protobuf.MapEntry'.
2024-11-12 13:42:06,283 INFO  MethodCallReplacementClassAdapter - Adding mock interface to class org/apache/hadoop/thirdparty/protobuf/MapEntry
2024-11-12 13:42:06,284 INFO  CreateClassResetClassAdapter - Creating brand-new static initializer in class org/apache/hadoop/thirdparty/protobuf/MapEntry
2024-11-12 13:42:06,284 INFO  EvoClassLoader - Keeping class: org.apache.hadoop.thirdparty.protobuf.MapEntry
2024-11-12 13:42:06,284 INFO  EvoClassLoader - Seeing class for first time: org.apache.hadoop.thirdparty.protobuf.MapEntryLite$Metadata
2024-11-12 13:42:06,284 INFO  EvoClassLoader - Instrumenting class 'org.apache.hadoop.thirdparty.protobuf.MapEntryLite$Metadata'.
2024-11-12 13:42:06,284 INFO  MethodCallReplacementClassAdapter - Adding mock interface to class org/apache/hadoop/thirdparty/protobuf/MapEntryLite$Metadata
2024-11-12 13:42:06,284 INFO  CreateClassResetClassAdapter - Creating brand-new static initializer in class org/apache/hadoop/thirdparty/protobuf/MapEntryLite$Metadata
2024-11-12 13:42:06,284 INFO  EvoClassLoader - Keeping class: org.apache.hadoop.thirdparty.protobuf.MapEntryLite$Metadata
2024-11-12 13:42:06,284 INFO  EvoClassLoader - Seeing class for first time: org.apache.hadoop.thirdparty.protobuf.MapEntry$Metadata
2024-11-12 13:42:06,284 INFO  EvoClassLoader - Instrumenting class 'org.apache.hadoop.thirdparty.protobuf.MapEntry$Metadata'.
2024-11-12 13:42:06,285 INFO  MethodCallReplacementClassAdapter - Adding mock interface to class org/apache/hadoop/thirdparty/protobuf/MapEntry$Metadata
2024-11-12 13:42:06,285 INFO  CreateClassResetClassAdapter - Creating brand-new static initializer in class org/apache/hadoop/thirdparty/protobuf/MapEntry$Metadata
2024-11-12 13:42:06,285 INFO  EvoClassLoader - Keeping class: org.apache.hadoop.thirdparty.protobuf.MapEntry$Metadata
2024-11-12 13:42:06,285 INFO  EvoClassLoader - Seeing class for first time: org.apache.hadoop.thirdparty.protobuf.GeneratedMessage$ExtensionDescriptorRetriever
2024-11-12 13:42:06,285 INFO  EvoClassLoader - Instrumenting class 'org.apache.hadoop.thirdparty.protobuf.GeneratedMessage$ExtensionDescriptorRetriever'.
2024-11-12 13:42:06,285 INFO  EvoClassLoader - Keeping class: org.apache.hadoop.thirdparty.protobuf.GeneratedMessage$ExtensionDescriptorRetriever
2024-11-12 13:42:06,285 INFO  EvoClassLoader - Seeing class for first time: org.apache.hadoop.thirdparty.com.google.common.collect.Iterators$ArrayItr
2024-11-12 13:42:06,285 INFO  EvoClassLoader - Instrumenting class 'org.apache.hadoop.thirdparty.com.google.common.collect.Iterators$ArrayItr'.
2024-11-12 13:42:06,286 INFO  MethodCallReplacementClassAdapter - Adding mock interface to class org/apache/hadoop/thirdparty/com/google/common/collect/Iterators$ArrayItr
2024-11-12 13:42:06,286 INFO  CreateClassResetClassAdapter - Found static initializer in class org/apache/hadoop/thirdparty/com/google/common/collect/Iterators$ArrayItr
2024-11-12 13:42:06,286 INFO  EvoClassLoader - Keeping class: org.apache.hadoop.thirdparty.com.google.common.collect.Iterators$ArrayItr
2024-11-12 13:42:06,286 INFO  EvoClassLoader - Seeing class for first time: org.apache.hadoop.thirdparty.protobuf.DescriptorProtos$FileOptions
2024-11-12 13:42:06,286 INFO  EvoClassLoader - Instrumenting class 'org.apache.hadoop.thirdparty.protobuf.DescriptorProtos$FileOptions'.
2024-11-12 13:42:06,286 INFO  MethodCallReplacementClassAdapter - Adding mock interface to class org/apache/hadoop/thirdparty/protobuf/DescriptorProtos$FileOptions
2024-11-12 13:42:06,288 INFO  CreateClassResetClassAdapter - Found static initializer in class org/apache/hadoop/thirdparty/protobuf/DescriptorProtos$FileOptions
2024-11-12 13:42:06,288 INFO  EvoClassLoader - Seeing class for first time: org.apache.hadoop.thirdparty.protobuf.DescriptorProtos$FileOptionsOrBuilder
2024-11-12 13:42:06,288 INFO  EvoClassLoader - Instrumenting class 'org.apache.hadoop.thirdparty.protobuf.DescriptorProtos$FileOptionsOrBuilder'.
2024-11-12 13:42:06,288 INFO  EvoClassLoader - Seeing class for first time: org.apache.hadoop.thirdparty.protobuf.GeneratedMessageV3$ExtendableMessageOrBuilder
2024-11-12 13:42:06,288 INFO  EvoClassLoader - Instrumenting class 'org.apache.hadoop.thirdparty.protobuf.GeneratedMessageV3$ExtendableMessageOrBuilder'.
2024-11-12 13:42:06,289 INFO  EvoClassLoader - Keeping class: org.apache.hadoop.thirdparty.protobuf.GeneratedMessageV3$ExtendableMessageOrBuilder
2024-11-12 13:42:06,289 INFO  EvoClassLoader - Keeping class: org.apache.hadoop.thirdparty.protobuf.DescriptorProtos$FileOptionsOrBuilder
2024-11-12 13:42:06,289 INFO  EvoClassLoader - Seeing class for first time: org.apache.hadoop.thirdparty.protobuf.GeneratedMessageV3$ExtendableMessage
2024-11-12 13:42:06,289 INFO  EvoClassLoader - Instrumenting class 'org.apache.hadoop.thirdparty.protobuf.GeneratedMessageV3$ExtendableMessage'.
2024-11-12 13:42:06,289 INFO  MethodCallReplacementClassAdapter - Adding mock interface to class org/apache/hadoop/thirdparty/protobuf/GeneratedMessageV3$ExtendableMessage
2024-11-12 13:42:06,289 INFO  CreateClassResetClassAdapter - Creating brand-new static initializer in class org/apache/hadoop/thirdparty/protobuf/GeneratedMessageV3$ExtendableMessage
2024-11-12 13:42:06,290 INFO  EvoClassLoader - Keeping class: org.apache.hadoop.thirdparty.protobuf.GeneratedMessageV3$ExtendableMessage
2024-11-12 13:42:06,290 INFO  EvoClassLoader - Keeping class: org.apache.hadoop.thirdparty.protobuf.DescriptorProtos$FileOptions
2024-11-12 13:42:06,290 INFO  EvoClassLoader - Seeing class for first time: org.apache.hadoop.thirdparty.protobuf.MessageReflection$MergeTarget
2024-11-12 13:42:06,290 INFO  EvoClassLoader - Instrumenting class 'org.apache.hadoop.thirdparty.protobuf.MessageReflection$MergeTarget'.
2024-11-12 13:42:06,290 INFO  EvoClassLoader - Keeping class: org.apache.hadoop.thirdparty.protobuf.MessageReflection$MergeTarget
2024-11-12 13:42:06,290 INFO  EvoClassLoader - Seeing class for first time: org.apache.hadoop.thirdparty.protobuf.GeneratedMessageV3$Builder
2024-11-12 13:42:06,290 INFO  EvoClassLoader - Instrumenting class 'org.apache.hadoop.thirdparty.protobuf.GeneratedMessageV3$Builder'.
2024-11-12 13:42:06,290 INFO  MethodCallReplacementClassAdapter - Adding mock interface to class org/apache/hadoop/thirdparty/protobuf/GeneratedMessageV3$Builder
2024-11-12 13:42:06,291 INFO  CreateClassResetClassAdapter - Creating brand-new static initializer in class org/apache/hadoop/thirdparty/protobuf/GeneratedMessageV3$Builder
2024-11-12 13:42:06,291 INFO  EvoClassLoader - Seeing class for first time: org.apache.hadoop.thirdparty.protobuf.AbstractMessage$Builder
2024-11-12 13:42:06,291 INFO  EvoClassLoader - Instrumenting class 'org.apache.hadoop.thirdparty.protobuf.AbstractMessage$Builder'.
2024-11-12 13:42:06,292 INFO  MethodCallReplacementClassAdapter - Adding mock interface to class org/apache/hadoop/thirdparty/protobuf/AbstractMessage$Builder
2024-11-12 13:42:06,292 INFO  CreateClassResetClassAdapter - Creating brand-new static initializer in class org/apache/hadoop/thirdparty/protobuf/AbstractMessage$Builder
2024-11-12 13:42:06,293 INFO  EvoClassLoader - Seeing class for first time: org.apache.hadoop.thirdparty.protobuf.AbstractMessageLite$Builder
2024-11-12 13:42:06,293 INFO  EvoClassLoader - Instrumenting class 'org.apache.hadoop.thirdparty.protobuf.AbstractMessageLite$Builder'.
2024-11-12 13:42:06,293 INFO  MethodCallReplacementClassAdapter - Adding mock interface to class org/apache/hadoop/thirdparty/protobuf/AbstractMessageLite$Builder
2024-11-12 13:42:06,294 INFO  CreateClassResetClassAdapter - Creating brand-new static initializer in class org/apache/hadoop/thirdparty/protobuf/AbstractMessageLite$Builder
2024-11-12 13:42:06,294 INFO  EvoClassLoader - Keeping class: org.apache.hadoop.thirdparty.protobuf.AbstractMessageLite$Builder
2024-11-12 13:42:06,294 INFO  EvoClassLoader - Keeping class: org.apache.hadoop.thirdparty.protobuf.AbstractMessage$Builder
2024-11-12 13:42:06,294 INFO  EvoClassLoader - Keeping class: org.apache.hadoop.thirdparty.protobuf.GeneratedMessageV3$Builder
2024-11-12 13:42:06,294 INFO  EvoClassLoader - Seeing class for first time: org.apache.hadoop.thirdparty.protobuf.GeneratedMessageV3$ExtendableBuilder
2024-11-12 13:42:06,294 INFO  EvoClassLoader - Instrumenting class 'org.apache.hadoop.thirdparty.protobuf.GeneratedMessageV3$ExtendableBuilder'.
2024-11-12 13:42:06,295 INFO  MethodCallReplacementClassAdapter - Adding mock interface to class org/apache/hadoop/thirdparty/protobuf/GeneratedMessageV3$ExtendableBuilder
2024-11-12 13:42:06,295 INFO  CreateClassResetClassAdapter - Creating brand-new static initializer in class org/apache/hadoop/thirdparty/protobuf/GeneratedMessageV3$ExtendableBuilder
2024-11-12 13:42:06,295 INFO  EvoClassLoader - Keeping class: org.apache.hadoop.thirdparty.protobuf.GeneratedMessageV3$ExtendableBuilder
2024-11-12 13:42:06,296 INFO  EvoClassLoader - Seeing class for first time: org.apache.hadoop.thirdparty.protobuf.FieldSet
2024-11-12 13:42:06,296 INFO  EvoClassLoader - Instrumenting class 'org.apache.hadoop.thirdparty.protobuf.FieldSet'.
2024-11-12 13:42:06,297 INFO  MethodCallReplacementClassAdapter - Adding mock interface to class org/apache/hadoop/thirdparty/protobuf/FieldSet
2024-11-12 13:42:06,298 INFO  CreateClassResetClassAdapter - Found static initializer in class org/apache/hadoop/thirdparty/protobuf/FieldSet
2024-11-12 13:42:06,298 INFO  EvoClassLoader - Keeping class: org.apache.hadoop.thirdparty.protobuf.FieldSet
2024-11-12 13:42:06,299 INFO  EvoClassLoader - Seeing class for first time: org.apache.hadoop.thirdparty.protobuf.LazyFieldLite
2024-11-12 13:42:06,299 INFO  EvoClassLoader - Instrumenting class 'org.apache.hadoop.thirdparty.protobuf.LazyFieldLite'.
2024-11-12 13:42:06,299 INFO  MethodCallReplacementClassAdapter - Adding mock interface to class org/apache/hadoop/thirdparty/protobuf/LazyFieldLite
2024-11-12 13:42:06,299 INFO  CreateClassResetClassAdapter - Found static initializer in class org/apache/hadoop/thirdparty/protobuf/LazyFieldLite
2024-11-12 13:42:06,299 INFO  EvoClassLoader - Keeping class: org.apache.hadoop.thirdparty.protobuf.LazyFieldLite
2024-11-12 13:42:06,299 INFO  EvoClassLoader - Seeing class for first time: org.apache.hadoop.thirdparty.protobuf.LazyField
2024-11-12 13:42:06,299 INFO  EvoClassLoader - Instrumenting class 'org.apache.hadoop.thirdparty.protobuf.LazyField'.
2024-11-12 13:42:06,300 INFO  MethodCallReplacementClassAdapter - Adding mock interface to class org/apache/hadoop/thirdparty/protobuf/LazyField
2024-11-12 13:42:06,300 INFO  CreateClassResetClassAdapter - Creating brand-new static initializer in class org/apache/hadoop/thirdparty/protobuf/LazyField
2024-11-12 13:42:06,300 INFO  EvoClassLoader - Keeping class: org.apache.hadoop.thirdparty.protobuf.LazyField
2024-11-12 13:42:06,300 INFO  EvoClassLoader - Seeing class for first time: org.apache.hadoop.thirdparty.protobuf.SmallSortedMap
2024-11-12 13:42:06,300 INFO  EvoClassLoader - Instrumenting class 'org.apache.hadoop.thirdparty.protobuf.SmallSortedMap'.
2024-11-12 13:42:06,300 INFO  MethodCallReplacementClassAdapter - Adding mock interface to class org/apache/hadoop/thirdparty/protobuf/SmallSortedMap
2024-11-12 13:42:06,300 INFO  CreateClassResetClassAdapter - Creating brand-new static initializer in class org/apache/hadoop/thirdparty/protobuf/SmallSortedMap
2024-11-12 13:42:06,301 INFO  EvoClassLoader - Keeping class: org.apache.hadoop.thirdparty.protobuf.SmallSortedMap
2024-11-12 13:42:06,301 INFO  EvoClassLoader - Seeing class for first time: org.apache.hadoop.thirdparty.protobuf.SmallSortedMap$1
2024-11-12 13:42:06,301 INFO  EvoClassLoader - Instrumenting class 'org.apache.hadoop.thirdparty.protobuf.SmallSortedMap$1'.
2024-11-12 13:42:06,301 INFO  MethodCallReplacementClassAdapter - Adding mock interface to class org/apache/hadoop/thirdparty/protobuf/SmallSortedMap$1
2024-11-12 13:42:06,301 INFO  EvoClassLoader - Keeping class: org.apache.hadoop.thirdparty.protobuf.SmallSortedMap$1
2024-11-12 13:42:06,302 INFO  EvoClassLoader - Seeing class for first time: org.apache.hadoop.thirdparty.protobuf.SmallSortedMap$EmptySet
2024-11-12 13:42:06,302 INFO  EvoClassLoader - Instrumenting class 'org.apache.hadoop.thirdparty.protobuf.SmallSortedMap$EmptySet'.
2024-11-12 13:42:06,302 INFO  MethodCallReplacementClassAdapter - Adding mock interface to class org/apache/hadoop/thirdparty/protobuf/SmallSortedMap$EmptySet
2024-11-12 13:42:06,302 INFO  CreateClassResetClassAdapter - Found static initializer in class org/apache/hadoop/thirdparty/protobuf/SmallSortedMap$EmptySet
2024-11-12 13:42:06,302 INFO  EvoClassLoader - Keeping class: org.apache.hadoop.thirdparty.protobuf.SmallSortedMap$EmptySet
2024-11-12 13:42:06,302 INFO  EvoClassLoader - Seeing class for first time: org.apache.hadoop.thirdparty.protobuf.SmallSortedMap$EmptySet$1
2024-11-12 13:42:06,302 INFO  EvoClassLoader - Instrumenting class 'org.apache.hadoop.thirdparty.protobuf.SmallSortedMap$EmptySet$1'.
2024-11-12 13:42:06,302 INFO  MethodCallReplacementClassAdapter - Adding mock interface to class org/apache/hadoop/thirdparty/protobuf/SmallSortedMap$EmptySet$1
2024-11-12 13:42:06,302 INFO  EvoClassLoader - Keeping class: org.apache.hadoop.thirdparty.protobuf.SmallSortedMap$EmptySet$1
2024-11-12 13:42:06,302 INFO  EvoClassLoader - Seeing class for first time: org.apache.hadoop.thirdparty.protobuf.SmallSortedMap$EmptySet$2
2024-11-12 13:42:06,302 INFO  EvoClassLoader - Instrumenting class 'org.apache.hadoop.thirdparty.protobuf.SmallSortedMap$EmptySet$2'.
2024-11-12 13:42:06,303 INFO  MethodCallReplacementClassAdapter - Adding mock interface to class org/apache/hadoop/thirdparty/protobuf/SmallSortedMap$EmptySet$2
2024-11-12 13:42:06,303 INFO  EvoClassLoader - Keeping class: org.apache.hadoop.thirdparty.protobuf.SmallSortedMap$EmptySet$2
2024-11-12 13:42:06,303 INFO  EvoClassLoader - Seeing class for first time: org.apache.hadoop.thirdparty.protobuf.DescriptorProtos$FileOptions$1
2024-11-12 13:42:06,303 INFO  EvoClassLoader - Instrumenting class 'org.apache.hadoop.thirdparty.protobuf.DescriptorProtos$FileOptions$1'.
2024-11-12 13:42:06,303 INFO  MethodCallReplacementClassAdapter - Adding mock interface to class org/apache/hadoop/thirdparty/protobuf/DescriptorProtos$FileOptions$1
2024-11-12 13:42:06,303 INFO  EvoClassLoader - Keeping class: org.apache.hadoop.thirdparty.protobuf.DescriptorProtos$FileOptions$1
2024-11-12 13:42:06,303 INFO  EvoClassLoader - Seeing class for first time: org.apache.hadoop.hdfs.tools.offlineImageViewer.FSImageHandler
2024-11-12 13:42:06,303 INFO  EvoClassLoader - Instrumenting class 'org.apache.hadoop.hdfs.tools.offlineImageViewer.FSImageHandler'.
2024-11-12 13:42:06,303 INFO  MethodCallReplacementClassAdapter - Adding mock interface to class org/apache/hadoop/hdfs/tools/offlineImageViewer/FSImageHandler
2024-11-12 13:42:06,304 INFO  CreateClassResetClassAdapter - Found static initializer in class org/apache/hadoop/hdfs/tools/offlineImageViewer/FSImageHandler
2024-11-12 13:42:06,305 INFO  EvoClassLoader - Seeing class for first time: io.netty.channel.SimpleChannelInboundHandler
2024-11-12 13:42:06,305 INFO  EvoClassLoader - Instrumenting class 'io.netty.channel.SimpleChannelInboundHandler'.
2024-11-12 13:42:06,305 INFO  MethodCallReplacementClassAdapter - Adding mock interface to class io/netty/channel/SimpleChannelInboundHandler
2024-11-12 13:42:06,305 INFO  CreateClassResetClassAdapter - Creating brand-new static initializer in class io/netty/channel/SimpleChannelInboundHandler
2024-11-12 13:42:06,305 INFO  EvoClassLoader - Keeping class: io.netty.channel.SimpleChannelInboundHandler
2024-11-12 13:42:06,305 INFO  EvoClassLoader - Keeping class: org.apache.hadoop.hdfs.tools.offlineImageViewer.FSImageHandler
2024-11-12 13:42:06,305 INFO  EvoClassLoader - Seeing class for first time: io.netty.util.concurrent.GenericFutureListener
2024-11-12 13:42:06,305 INFO  EvoClassLoader - Instrumenting class 'io.netty.util.concurrent.GenericFutureListener'.
2024-11-12 13:42:06,305 INFO  EvoClassLoader - Defined package (3): package io.netty.util.concurrent, 1377604431
2024-11-12 13:42:06,306 INFO  EvoClassLoader - Keeping class: io.netty.util.concurrent.GenericFutureListener
2024-11-12 13:42:06,306 INFO  EvoClassLoader - Seeing class for first time: org.apache.hadoop.thirdparty.protobuf.ByteOutput
2024-11-12 13:42:06,306 INFO  EvoClassLoader - Instrumenting class 'org.apache.hadoop.thirdparty.protobuf.ByteOutput'.
2024-11-12 13:42:06,306 INFO  MethodCallReplacementClassAdapter - Adding mock interface to class org/apache/hadoop/thirdparty/protobuf/ByteOutput
2024-11-12 13:42:06,306 INFO  CreateClassResetClassAdapter - Creating brand-new static initializer in class org/apache/hadoop/thirdparty/protobuf/ByteOutput
2024-11-12 13:42:06,306 INFO  EvoClassLoader - Keeping class: org.apache.hadoop.thirdparty.protobuf.ByteOutput
2024-11-12 13:42:06,306 INFO  EvoClassLoader - Seeing class for first time: org.apache.hadoop.hdfs.server.namenode.FsImageProto$INodeSection$XAttrFeatureProto
2024-11-12 13:42:06,306 INFO  EvoClassLoader - Instrumenting class 'org.apache.hadoop.hdfs.server.namenode.FsImageProto$INodeSection$XAttrFeatureProto'.
2024-11-12 13:42:06,306 INFO  MethodCallReplacementClassAdapter - Adding mock interface to class org/apache/hadoop/hdfs/server/namenode/FsImageProto$INodeSection$XAttrFeatureProto
2024-11-12 13:42:06,307 INFO  CreateClassResetClassAdapter - Found static initializer in class org/apache/hadoop/hdfs/server/namenode/FsImageProto$INodeSection$XAttrFeatureProto
2024-11-12 13:42:06,307 INFO  EvoClassLoader - Seeing class for first time: org.apache.hadoop.hdfs.server.namenode.FsImageProto$INodeSection$XAttrFeatureProtoOrBuilder
2024-11-12 13:42:06,307 INFO  EvoClassLoader - Instrumenting class 'org.apache.hadoop.hdfs.server.namenode.FsImageProto$INodeSection$XAttrFeatureProtoOrBuilder'.
2024-11-12 13:42:06,307 INFO  EvoClassLoader - Keeping class: org.apache.hadoop.hdfs.server.namenode.FsImageProto$INodeSection$XAttrFeatureProtoOrBuilder
2024-11-12 13:42:06,308 INFO  EvoClassLoader - Keeping class: org.apache.hadoop.hdfs.server.namenode.FsImageProto$INodeSection$XAttrFeatureProto
2024-11-12 13:42:06,308 INFO  EvoClassLoader - Seeing class for first time: org.apache.hadoop.hdfs.server.namenode.FsImageProto$INodeSection$XAttrFeatureProto$1
2024-11-12 13:42:06,308 INFO  EvoClassLoader - Instrumenting class 'org.apache.hadoop.hdfs.server.namenode.FsImageProto$INodeSection$XAttrFeatureProto$1'.
2024-11-12 13:42:06,308 INFO  MethodCallReplacementClassAdapter - Adding mock interface to class org/apache/hadoop/hdfs/server/namenode/FsImageProto$INodeSection$XAttrFeatureProto$1
2024-11-12 13:42:06,308 INFO  EvoClassLoader - Keeping class: org.apache.hadoop.hdfs.server.namenode.FsImageProto$INodeSection$XAttrFeatureProto$1
2024-11-12 13:42:06,308 INFO  EvoClassLoader - Seeing class for first time: org.apache.hadoop.fs.StorageType
2024-11-12 13:42:06,308 INFO  EvoClassLoader - Instrumenting class 'org.apache.hadoop.fs.StorageType'.
2024-11-12 13:42:06,308 INFO  MethodCallReplacementClassAdapter - Adding mock interface to class org/apache/hadoop/fs/StorageType
2024-11-12 13:42:06,309 INFO  CreateClassResetClassAdapter - Found static initializer in class org/apache/hadoop/fs/StorageType
2024-11-12 13:42:06,309 INFO  EvoClassLoader - Keeping class: org.apache.hadoop.fs.StorageType
2024-11-12 13:42:06,309 INFO  EvoClassLoader - Seeing class for first time: org.apache.hadoop.fs.InvalidPathException
2024-11-12 13:42:06,309 INFO  EvoClassLoader - Instrumenting class 'org.apache.hadoop.fs.InvalidPathException'.
2024-11-12 13:42:06,309 INFO  MethodCallReplacementClassAdapter - Adding mock interface to class org/apache/hadoop/fs/InvalidPathException
2024-11-12 13:42:06,309 INFO  CreateClassResetClassAdapter - Creating brand-new static initializer in class org/apache/hadoop/fs/InvalidPathException
2024-11-12 13:42:06,309 INFO  EvoClassLoader - Seeing class for first time: org.apache.hadoop.HadoopIllegalArgumentException
2024-11-12 13:42:06,309 INFO  EvoClassLoader - Instrumenting class 'org.apache.hadoop.HadoopIllegalArgumentException'.
2024-11-12 13:42:06,309 INFO  MethodCallReplacementClassAdapter - Adding mock interface to class org/apache/hadoop/HadoopIllegalArgumentException
2024-11-12 13:42:06,309 INFO  CreateClassResetClassAdapter - Creating brand-new static initializer in class org/apache/hadoop/HadoopIllegalArgumentException
2024-11-12 13:42:06,309 INFO  EvoClassLoader - Defined package (3): package org.apache.hadoop, 975885115
2024-11-12 13:42:06,310 INFO  EvoClassLoader - Keeping class: org.apache.hadoop.HadoopIllegalArgumentException
2024-11-12 13:42:06,310 INFO  EvoClassLoader - Keeping class: org.apache.hadoop.fs.InvalidPathException
2024-11-12 13:42:06,310 INFO  EvoClassLoader - Seeing class for first time: org.apache.hadoop.hdfs.server.namenode.FsImageProto$INodeSection$INode
2024-11-12 13:42:06,310 INFO  EvoClassLoader - Instrumenting class 'org.apache.hadoop.hdfs.server.namenode.FsImageProto$INodeSection$INode'.
2024-11-12 13:42:06,310 INFO  MethodCallReplacementClassAdapter - Adding mock interface to class org/apache/hadoop/hdfs/server/namenode/FsImageProto$INodeSection$INode
2024-11-12 13:42:06,311 INFO  CreateClassResetClassAdapter - Found static initializer in class org/apache/hadoop/hdfs/server/namenode/FsImageProto$INodeSection$INode
2024-11-12 13:42:06,311 INFO  EvoClassLoader - Seeing class for first time: org.apache.hadoop.hdfs.server.namenode.FsImageProto$INodeSection$INodeOrBuilder
2024-11-12 13:42:06,311 INFO  EvoClassLoader - Instrumenting class 'org.apache.hadoop.hdfs.server.namenode.FsImageProto$INodeSection$INodeOrBuilder'.
2024-11-12 13:42:06,312 INFO  EvoClassLoader - Keeping class: org.apache.hadoop.hdfs.server.namenode.FsImageProto$INodeSection$INodeOrBuilder
2024-11-12 13:42:06,312 INFO  EvoClassLoader - Keeping class: org.apache.hadoop.hdfs.server.namenode.FsImageProto$INodeSection$INode
2024-11-12 13:42:06,312 INFO  EvoClassLoader - Seeing class for first time: org.apache.hadoop.hdfs.server.namenode.FsImageProto$INodeSection$INodeFileOrBuilder
2024-11-12 13:42:06,312 INFO  EvoClassLoader - Instrumenting class 'org.apache.hadoop.hdfs.server.namenode.FsImageProto$INodeSection$INodeFileOrBuilder'.
2024-11-12 13:42:06,312 INFO  EvoClassLoader - Keeping class: org.apache.hadoop.hdfs.server.namenode.FsImageProto$INodeSection$INodeFileOrBuilder
2024-11-12 13:42:06,312 INFO  EvoClassLoader - Seeing class for first time: org.apache.hadoop.hdfs.server.namenode.FsImageProto$INodeSection$INodeDirectoryOrBuilder
2024-11-12 13:42:06,312 INFO  EvoClassLoader - Instrumenting class 'org.apache.hadoop.hdfs.server.namenode.FsImageProto$INodeSection$INodeDirectoryOrBuilder'.
2024-11-12 13:42:06,313 INFO  EvoClassLoader - Keeping class: org.apache.hadoop.hdfs.server.namenode.FsImageProto$INodeSection$INodeDirectoryOrBuilder
2024-11-12 13:42:06,313 INFO  EvoClassLoader - Seeing class for first time: org.apache.hadoop.hdfs.server.namenode.FsImageProto$INodeSection$INodeSymlinkOrBuilder
2024-11-12 13:42:06,313 INFO  EvoClassLoader - Instrumenting class 'org.apache.hadoop.hdfs.server.namenode.FsImageProto$INodeSection$INodeSymlinkOrBuilder'.
2024-11-12 13:42:06,313 INFO  EvoClassLoader - Keeping class: org.apache.hadoop.hdfs.server.namenode.FsImageProto$INodeSection$INodeSymlinkOrBuilder
2024-11-12 13:42:06,313 INFO  EvoClassLoader - Seeing class for first time: org.apache.hadoop.thirdparty.protobuf.ByteString
2024-11-12 13:42:06,313 INFO  EvoClassLoader - Instrumenting class 'org.apache.hadoop.thirdparty.protobuf.ByteString'.
2024-11-12 13:42:06,313 INFO  MethodCallReplacementClassAdapter - Adding mock interface to class org/apache/hadoop/thirdparty/protobuf/ByteString
2024-11-12 13:42:06,314 INFO  CreateClassResetClassAdapter - Found static initializer in class org/apache/hadoop/thirdparty/protobuf/ByteString
2024-11-12 13:42:06,315 INFO  EvoClassLoader - Keeping class: org.apache.hadoop.thirdparty.protobuf.ByteString
2024-11-12 13:42:06,315 INFO  EvoClassLoader - Seeing class for first time: org.apache.hadoop.thirdparty.protobuf.ByteString$LiteralByteString
2024-11-12 13:42:06,315 INFO  EvoClassLoader - Instrumenting class 'org.apache.hadoop.thirdparty.protobuf.ByteString$LiteralByteString'.
2024-11-12 13:42:06,316 INFO  MethodCallReplacementClassAdapter - Adding mock interface to class org/apache/hadoop/thirdparty/protobuf/ByteString$LiteralByteString
2024-11-12 13:42:06,316 INFO  CreateClassResetClassAdapter - Creating brand-new static initializer in class org/apache/hadoop/thirdparty/protobuf/ByteString$LiteralByteString
2024-11-12 13:42:06,317 INFO  EvoClassLoader - Seeing class for first time: org.apache.hadoop.thirdparty.protobuf.ByteString$LeafByteString
2024-11-12 13:42:06,317 INFO  EvoClassLoader - Instrumenting class 'org.apache.hadoop.thirdparty.protobuf.ByteString$LeafByteString'.
2024-11-12 13:42:06,317 INFO  MethodCallReplacementClassAdapter - Adding mock interface to class org/apache/hadoop/thirdparty/protobuf/ByteString$LeafByteString
2024-11-12 13:42:06,317 INFO  CreateClassResetClassAdapter - Creating brand-new static initializer in class org/apache/hadoop/thirdparty/protobuf/ByteString$LeafByteString
2024-11-12 13:42:06,317 INFO  EvoClassLoader - Keeping class: org.apache.hadoop.thirdparty.protobuf.ByteString$LeafByteString
2024-11-12 13:42:06,317 INFO  EvoClassLoader - Keeping class: org.apache.hadoop.thirdparty.protobuf.ByteString$LiteralByteString
2024-11-12 13:42:06,317 INFO  EvoClassLoader - Seeing class for first time: org.apache.hadoop.thirdparty.protobuf.ByteString$ByteArrayCopier
2024-11-12 13:42:06,317 INFO  EvoClassLoader - Instrumenting class 'org.apache.hadoop.thirdparty.protobuf.ByteString$ByteArrayCopier'.
2024-11-12 13:42:06,317 INFO  EvoClassLoader - Keeping class: org.apache.hadoop.thirdparty.protobuf.ByteString$ByteArrayCopier
2024-11-12 13:42:06,318 INFO  EvoClassLoader - Seeing class for first time: org.apache.hadoop.thirdparty.protobuf.ByteString$ByteIterator
2024-11-12 13:42:06,318 INFO  EvoClassLoader - Instrumenting class 'org.apache.hadoop.thirdparty.protobuf.ByteString$ByteIterator'.
2024-11-12 13:42:06,318 INFO  EvoClassLoader - Keeping class: org.apache.hadoop.thirdparty.protobuf.ByteString$ByteIterator
2024-11-12 13:42:06,318 INFO  EvoClassLoader - Seeing class for first time: org.apache.hadoop.thirdparty.protobuf.NioByteString
2024-11-12 13:42:06,318 INFO  EvoClassLoader - Instrumenting class 'org.apache.hadoop.thirdparty.protobuf.NioByteString'.
2024-11-12 13:42:06,318 INFO  MethodCallReplacementClassAdapter - Adding mock interface to class org/apache/hadoop/thirdparty/protobuf/NioByteString
2024-11-12 13:42:06,319 INFO  CreateClassResetClassAdapter - Creating brand-new static initializer in class org/apache/hadoop/thirdparty/protobuf/NioByteString
2024-11-12 13:42:06,319 INFO  EvoClassLoader - Keeping class: org.apache.hadoop.thirdparty.protobuf.NioByteString
2024-11-12 13:42:06,319 INFO  EvoClassLoader - Seeing class for first time: org.apache.hadoop.thirdparty.protobuf.ByteString$BoundedByteString
2024-11-12 13:42:06,319 INFO  EvoClassLoader - Instrumenting class 'org.apache.hadoop.thirdparty.protobuf.ByteString$BoundedByteString'.
2024-11-12 13:42:06,319 INFO  MethodCallReplacementClassAdapter - Adding mock interface to class org/apache/hadoop/thirdparty/protobuf/ByteString$BoundedByteString
2024-11-12 13:42:06,319 INFO  CreateClassResetClassAdapter - Creating brand-new static initializer in class org/apache/hadoop/thirdparty/protobuf/ByteString$BoundedByteString
2024-11-12 13:42:06,320 INFO  EvoClassLoader - Keeping class: org.apache.hadoop.thirdparty.protobuf.ByteString$BoundedByteString
2024-11-12 13:42:06,320 INFO  EvoClassLoader - Seeing class for first time: org.apache.hadoop.thirdparty.protobuf.Internal
2024-11-12 13:42:06,320 INFO  EvoClassLoader - Instrumenting class 'org.apache.hadoop.thirdparty.protobuf.Internal'.
2024-11-12 13:42:06,320 INFO  MethodCallReplacementClassAdapter - Adding mock interface to class org/apache/hadoop/thirdparty/protobuf/Internal
2024-11-12 13:42:06,321 INFO  CreateClassResetClassAdapter - Found static initializer in class org/apache/hadoop/thirdparty/protobuf/Internal
2024-11-12 13:42:06,321 INFO  EvoClassLoader - Keeping class: org.apache.hadoop.thirdparty.protobuf.Internal
2024-11-12 13:42:06,322 INFO  EvoClassLoader - Seeing class for first time: org.apache.hadoop.thirdparty.protobuf.Android
2024-11-12 13:42:06,322 INFO  EvoClassLoader - Instrumenting class 'org.apache.hadoop.thirdparty.protobuf.Android'.
2024-11-12 13:42:06,322 INFO  MethodCallReplacementClassAdapter - Adding mock interface to class org/apache/hadoop/thirdparty/protobuf/Android
2024-11-12 13:42:06,322 INFO  CreateClassResetClassAdapter - Found static initializer in class org/apache/hadoop/thirdparty/protobuf/Android
2024-11-12 13:42:06,322 INFO  EvoClassLoader - Keeping class: org.apache.hadoop.thirdparty.protobuf.Android
2024-11-12 13:42:06,322 INFO  EvoClassLoader - Seeing class for first time: libcore.io.Memory
2024-11-12 13:42:06,322 INFO  EvoClassLoader - Instrumenting class 'libcore.io.Memory'.
2024-11-12 13:42:06,322 INFO  EvoClassLoader - Error while loading class: java.lang.ClassNotFoundException: Class 'libcore/io/Memory.class' should be in target project, but could not be found!
2024-11-12 13:42:06,322 INFO  EvoClassLoader - Seeing class for first time: org.robolectric.Robolectric
2024-11-12 13:42:06,322 INFO  EvoClassLoader - Instrumenting class 'org.robolectric.Robolectric'.
2024-11-12 13:42:06,322 INFO  EvoClassLoader - Error while loading class: java.lang.ClassNotFoundException: Class 'org/robolectric/Robolectric.class' should be in target project, but could not be found!
2024-11-12 13:42:06,322 INFO  EvoClassLoader - Seeing class for first time: org.apache.hadoop.thirdparty.protobuf.ByteString$ArraysByteArrayCopier
2024-11-12 13:42:06,322 INFO  EvoClassLoader - Instrumenting class 'org.apache.hadoop.thirdparty.protobuf.ByteString$ArraysByteArrayCopier'.
2024-11-12 13:42:06,323 INFO  MethodCallReplacementClassAdapter - Adding mock interface to class org/apache/hadoop/thirdparty/protobuf/ByteString$ArraysByteArrayCopier
2024-11-12 13:42:06,323 INFO  CreateClassResetClassAdapter - Creating brand-new static initializer in class org/apache/hadoop/thirdparty/protobuf/ByteString$ArraysByteArrayCopier
2024-11-12 13:42:06,323 INFO  EvoClassLoader - Keeping class: org.apache.hadoop.thirdparty.protobuf.ByteString$ArraysByteArrayCopier
2024-11-12 13:42:06,323 INFO  EvoClassLoader - Seeing class for first time: org.apache.hadoop.thirdparty.protobuf.ByteString$2
2024-11-12 13:42:06,323 INFO  EvoClassLoader - Instrumenting class 'org.apache.hadoop.thirdparty.protobuf.ByteString$2'.
2024-11-12 13:42:06,323 INFO  MethodCallReplacementClassAdapter - Adding mock interface to class org/apache/hadoop/thirdparty/protobuf/ByteString$2
2024-11-12 13:42:06,323 INFO  EvoClassLoader - Keeping class: org.apache.hadoop.thirdparty.protobuf.ByteString$2
2024-11-12 13:42:06,323 INFO  EvoClassLoader - Seeing class for first time: org.apache.hadoop.hdfs.server.namenode.FsImageProto$INodeSection$INode$1
2024-11-12 13:42:06,323 INFO  EvoClassLoader - Instrumenting class 'org.apache.hadoop.hdfs.server.namenode.FsImageProto$INodeSection$INode$1'.
2024-11-12 13:42:06,323 INFO  MethodCallReplacementClassAdapter - Adding mock interface to class org/apache/hadoop/hdfs/server/namenode/FsImageProto$INodeSection$INode$1
2024-11-12 13:42:06,323 INFO  EvoClassLoader - Keeping class: org.apache.hadoop.hdfs.server.namenode.FsImageProto$INodeSection$INode$1
2024-11-12 13:42:06,324 INFO  EvoClassLoader - Seeing class for first time: org.apache.hadoop.thirdparty.protobuf.DescriptorProtos$OneofDescriptorProto
2024-11-12 13:42:06,324 INFO  EvoClassLoader - Instrumenting class 'org.apache.hadoop.thirdparty.protobuf.DescriptorProtos$OneofDescriptorProto'.
2024-11-12 13:42:06,324 INFO  MethodCallReplacementClassAdapter - Adding mock interface to class org/apache/hadoop/thirdparty/protobuf/DescriptorProtos$OneofDescriptorProto
2024-11-12 13:42:06,325 INFO  CreateClassResetClassAdapter - Found static initializer in class org/apache/hadoop/thirdparty/protobuf/DescriptorProtos$OneofDescriptorProto
2024-11-12 13:42:06,325 INFO  EvoClassLoader - Seeing class for first time: org.apache.hadoop.thirdparty.protobuf.DescriptorProtos$OneofDescriptorProtoOrBuilder
2024-11-12 13:42:06,325 INFO  EvoClassLoader - Instrumenting class 'org.apache.hadoop.thirdparty.protobuf.DescriptorProtos$OneofDescriptorProtoOrBuilder'.
2024-11-12 13:42:06,326 INFO  EvoClassLoader - Keeping class: org.apache.hadoop.thirdparty.protobuf.DescriptorProtos$OneofDescriptorProtoOrBuilder
2024-11-12 13:42:06,326 INFO  EvoClassLoader - Keeping class: org.apache.hadoop.thirdparty.protobuf.DescriptorProtos$OneofDescriptorProto
2024-11-12 13:42:06,326 INFO  EvoClassLoader - Seeing class for first time: org.apache.hadoop.thirdparty.protobuf.DescriptorProtos$OneofOptionsOrBuilder
2024-11-12 13:42:06,326 INFO  EvoClassLoader - Instrumenting class 'org.apache.hadoop.thirdparty.protobuf.DescriptorProtos$OneofOptionsOrBuilder'.
2024-11-12 13:42:06,326 INFO  EvoClassLoader - Keeping class: org.apache.hadoop.thirdparty.protobuf.DescriptorProtos$OneofOptionsOrBuilder
2024-11-12 13:42:06,326 INFO  EvoClassLoader - Seeing class for first time: org.apache.hadoop.thirdparty.protobuf.DescriptorProtos$OneofDescriptorProto$1
2024-11-12 13:42:06,326 INFO  EvoClassLoader - Instrumenting class 'org.apache.hadoop.thirdparty.protobuf.DescriptorProtos$OneofDescriptorProto$1'.
2024-11-12 13:42:06,326 INFO  MethodCallReplacementClassAdapter - Adding mock interface to class org/apache/hadoop/thirdparty/protobuf/DescriptorProtos$OneofDescriptorProto$1
2024-11-12 13:42:06,326 INFO  EvoClassLoader - Keeping class: org.apache.hadoop.thirdparty.protobuf.DescriptorProtos$OneofDescriptorProto$1
2024-11-12 13:42:06,326 INFO  EvoClassLoader - Seeing class for first time: org.apache.hadoop.thirdparty.protobuf.CodedOutputStream
2024-11-12 13:42:06,326 INFO  EvoClassLoader - Instrumenting class 'org.apache.hadoop.thirdparty.protobuf.CodedOutputStream'.
2024-11-12 13:42:06,327 INFO  MethodCallReplacementClassAdapter - Adding mock interface to class org/apache/hadoop/thirdparty/protobuf/CodedOutputStream
2024-11-12 13:42:06,328 INFO  CreateClassResetClassAdapter - Found static initializer in class org/apache/hadoop/thirdparty/protobuf/CodedOutputStream
2024-11-12 13:42:06,328 INFO  EvoClassLoader - Keeping class: org.apache.hadoop.thirdparty.protobuf.CodedOutputStream
2024-11-12 13:42:06,328 INFO  EvoClassLoader - Seeing class for first time: org.apache.hadoop.thirdparty.protobuf.Utf8$UnpairedSurrogateException
2024-11-12 13:42:06,328 INFO  EvoClassLoader - Instrumenting class 'org.apache.hadoop.thirdparty.protobuf.Utf8$UnpairedSurrogateException'.
2024-11-12 13:42:06,328 INFO  MethodCallReplacementClassAdapter - Adding mock interface to class org/apache/hadoop/thirdparty/protobuf/Utf8$UnpairedSurrogateException
2024-11-12 13:42:06,329 INFO  CreateClassResetClassAdapter - Creating brand-new static initializer in class org/apache/hadoop/thirdparty/protobuf/Utf8$UnpairedSurrogateException
2024-11-12 13:42:06,329 INFO  EvoClassLoader - Keeping class: org.apache.hadoop.thirdparty.protobuf.Utf8$UnpairedSurrogateException
2024-11-12 13:42:06,329 INFO  EvoClassLoader - Seeing class for first time: org.apache.hadoop.thirdparty.protobuf.CodedOutputStream$OutOfSpaceException
2024-11-12 13:42:06,329 INFO  EvoClassLoader - Instrumenting class 'org.apache.hadoop.thirdparty.protobuf.CodedOutputStream$OutOfSpaceException'.
2024-11-12 13:42:06,329 INFO  MethodCallReplacementClassAdapter - Adding mock interface to class org/apache/hadoop/thirdparty/protobuf/CodedOutputStream$OutOfSpaceException
2024-11-12 13:42:06,329 INFO  CreateClassResetClassAdapter - Creating brand-new static initializer in class org/apache/hadoop/thirdparty/protobuf/CodedOutputStream$OutOfSpaceException
2024-11-12 13:42:06,329 INFO  CreateClassResetClassAdapter - Adding bytecode for initializing field MESSAGE
2024-11-12 13:42:06,329 INFO  EvoClassLoader - Keeping class: org.apache.hadoop.thirdparty.protobuf.CodedOutputStream$OutOfSpaceException
2024-11-12 13:42:06,329 INFO  EvoClassLoader - Seeing class for first time: org.apache.hadoop.thirdparty.protobuf.CodedOutputStream$UnsafeDirectNioEncoder
2024-11-12 13:42:06,329 INFO  EvoClassLoader - Instrumenting class 'org.apache.hadoop.thirdparty.protobuf.CodedOutputStream$UnsafeDirectNioEncoder'.
2024-11-12 13:42:06,329 INFO  MethodCallReplacementClassAdapter - Adding mock interface to class org/apache/hadoop/thirdparty/protobuf/CodedOutputStream$UnsafeDirectNioEncoder
2024-11-12 13:42:06,330 INFO  CreateClassResetClassAdapter - Creating brand-new static initializer in class org/apache/hadoop/thirdparty/protobuf/CodedOutputStream$UnsafeDirectNioEncoder
2024-11-12 13:42:06,330 INFO  EvoClassLoader - Keeping class: org.apache.hadoop.thirdparty.protobuf.CodedOutputStream$UnsafeDirectNioEncoder
2024-11-12 13:42:06,330 INFO  EvoClassLoader - Seeing class for first time: org.apache.hadoop.thirdparty.protobuf.CodedOutputStream$SafeDirectNioEncoder
2024-11-12 13:42:06,330 INFO  EvoClassLoader - Instrumenting class 'org.apache.hadoop.thirdparty.protobuf.CodedOutputStream$SafeDirectNioEncoder'.
2024-11-12 13:42:06,330 INFO  MethodCallReplacementClassAdapter - Adding mock interface to class org/apache/hadoop/thirdparty/protobuf/CodedOutputStream$SafeDirectNioEncoder
2024-11-12 13:42:06,331 INFO  CreateClassResetClassAdapter - Creating brand-new static initializer in class org/apache/hadoop/thirdparty/protobuf/CodedOutputStream$SafeDirectNioEncoder
2024-11-12 13:42:06,331 INFO  EvoClassLoader - Keeping class: org.apache.hadoop.thirdparty.protobuf.CodedOutputStream$SafeDirectNioEncoder
2024-11-12 13:42:06,331 INFO  EvoClassLoader - Seeing class for first time: org.apache.hadoop.thirdparty.protobuf.CodedOutputStream$ByteOutputEncoder
2024-11-12 13:42:06,331 INFO  EvoClassLoader - Instrumenting class 'org.apache.hadoop.thirdparty.protobuf.CodedOutputStream$ByteOutputEncoder'.
2024-11-12 13:42:06,331 INFO  MethodCallReplacementClassAdapter - Adding mock interface to class org/apache/hadoop/thirdparty/protobuf/CodedOutputStream$ByteOutputEncoder
2024-11-12 13:42:06,332 INFO  CreateClassResetClassAdapter - Creating brand-new static initializer in class org/apache/hadoop/thirdparty/protobuf/CodedOutputStream$ByteOutputEncoder
2024-11-12 13:42:06,332 INFO  EvoClassLoader - Seeing class for first time: org.apache.hadoop.thirdparty.protobuf.CodedOutputStream$AbstractBufferedEncoder
2024-11-12 13:42:06,332 INFO  EvoClassLoader - Instrumenting class 'org.apache.hadoop.thirdparty.protobuf.CodedOutputStream$AbstractBufferedEncoder'.
2024-11-12 13:42:06,332 INFO  MethodCallReplacementClassAdapter - Adding mock interface to class org/apache/hadoop/thirdparty/protobuf/CodedOutputStream$AbstractBufferedEncoder
2024-11-12 13:42:06,333 INFO  CreateClassResetClassAdapter - Creating brand-new static initializer in class org/apache/hadoop/thirdparty/protobuf/CodedOutputStream$AbstractBufferedEncoder
2024-11-12 13:42:06,333 INFO  EvoClassLoader - Keeping class: org.apache.hadoop.thirdparty.protobuf.CodedOutputStream$AbstractBufferedEncoder
2024-11-12 13:42:06,334 INFO  EvoClassLoader - Keeping class: org.apache.hadoop.thirdparty.protobuf.CodedOutputStream$ByteOutputEncoder
2024-11-12 13:42:06,334 INFO  EvoClassLoader - Seeing class for first time: org.apache.hadoop.thirdparty.protobuf.CodedOutputStream$ArrayEncoder
2024-11-12 13:42:06,334 INFO  EvoClassLoader - Instrumenting class 'org.apache.hadoop.thirdparty.protobuf.CodedOutputStream$ArrayEncoder'.
2024-11-12 13:42:06,334 INFO  MethodCallReplacementClassAdapter - Adding mock interface to class org/apache/hadoop/thirdparty/protobuf/CodedOutputStream$ArrayEncoder
2024-11-12 13:42:06,335 INFO  CreateClassResetClassAdapter - Creating brand-new static initializer in class org/apache/hadoop/thirdparty/protobuf/CodedOutputStream$ArrayEncoder
2024-11-12 13:42:06,335 INFO  EvoClassLoader - Keeping class: org.apache.hadoop.thirdparty.protobuf.CodedOutputStream$ArrayEncoder
2024-11-12 13:42:06,335 INFO  EvoClassLoader - Seeing class for first time: org.apache.hadoop.thirdparty.protobuf.CodedOutputStream$HeapNioEncoder
2024-11-12 13:42:06,335 INFO  EvoClassLoader - Instrumenting class 'org.apache.hadoop.thirdparty.protobuf.CodedOutputStream$HeapNioEncoder'.
2024-11-12 13:42:06,335 INFO  MethodCallReplacementClassAdapter - Adding mock interface to class org/apache/hadoop/thirdparty/protobuf/CodedOutputStream$HeapNioEncoder
2024-11-12 13:42:06,335 INFO  CreateClassResetClassAdapter - Creating brand-new static initializer in class org/apache/hadoop/thirdparty/protobuf/CodedOutputStream$HeapNioEncoder
2024-11-12 13:42:06,335 INFO  EvoClassLoader - Keeping class: org.apache.hadoop.thirdparty.protobuf.CodedOutputStream$HeapNioEncoder
2024-11-12 13:42:06,335 INFO  EvoClassLoader - Seeing class for first time: org.apache.hadoop.thirdparty.protobuf.CodedOutputStream$OutputStreamEncoder
2024-11-12 13:42:06,335 INFO  EvoClassLoader - Instrumenting class 'org.apache.hadoop.thirdparty.protobuf.CodedOutputStream$OutputStreamEncoder'.
2024-11-12 13:42:06,336 INFO  MethodCallReplacementClassAdapter - Adding mock interface to class org/apache/hadoop/thirdparty/protobuf/CodedOutputStream$OutputStreamEncoder
2024-11-12 13:42:06,336 INFO  CreateClassResetClassAdapter - Creating brand-new static initializer in class org/apache/hadoop/thirdparty/protobuf/CodedOutputStream$OutputStreamEncoder
2024-11-12 13:42:06,336 INFO  EvoClassLoader - Keeping class: org.apache.hadoop.thirdparty.protobuf.CodedOutputStream$OutputStreamEncoder
2024-11-12 13:42:06,337 INFO  EvoClassLoader - Seeing class for first time: org.apache.hadoop.thirdparty.protobuf.UnsafeUtil
2024-11-12 13:42:06,337 INFO  EvoClassLoader - Instrumenting class 'org.apache.hadoop.thirdparty.protobuf.UnsafeUtil'.
2024-11-12 13:42:06,337 INFO  MethodCallReplacementClassAdapter - Adding mock interface to class org/apache/hadoop/thirdparty/protobuf/UnsafeUtil
2024-11-12 13:42:06,337 INFO  CreateClassResetClassAdapter - Found static initializer in class org/apache/hadoop/thirdparty/protobuf/UnsafeUtil
2024-11-12 13:42:06,338 INFO  EvoClassLoader - Keeping class: org.apache.hadoop.thirdparty.protobuf.UnsafeUtil
2024-11-12 13:42:06,338 INFO  EvoClassLoader - Seeing class for first time: org.apache.hadoop.thirdparty.protobuf.UnsafeUtil$MemoryAccessor
2024-11-12 13:42:06,338 INFO  EvoClassLoader - Instrumenting class 'org.apache.hadoop.thirdparty.protobuf.UnsafeUtil$MemoryAccessor'.
2024-11-12 13:42:06,338 INFO  MethodCallReplacementClassAdapter - Adding mock interface to class org/apache/hadoop/thirdparty/protobuf/UnsafeUtil$MemoryAccessor
2024-11-12 13:42:06,338 INFO  CreateClassResetClassAdapter - Creating brand-new static initializer in class org/apache/hadoop/thirdparty/protobuf/UnsafeUtil$MemoryAccessor
2024-11-12 13:42:06,339 INFO  EvoClassLoader - Keeping class: org.apache.hadoop.thirdparty.protobuf.UnsafeUtil$MemoryAccessor
2024-11-12 13:42:06,339 INFO  EvoClassLoader - Seeing class for first time: org.apache.hadoop.thirdparty.protobuf.UnsafeUtil$JvmMemoryAccessor
2024-11-12 13:42:06,339 INFO  EvoClassLoader - Instrumenting class 'org.apache.hadoop.thirdparty.protobuf.UnsafeUtil$JvmMemoryAccessor'.
2024-11-12 13:42:06,339 INFO  MethodCallReplacementClassAdapter - Adding mock interface to class org/apache/hadoop/thirdparty/protobuf/UnsafeUtil$JvmMemoryAccessor
2024-11-12 13:42:06,339 INFO  CreateClassResetClassAdapter - Creating brand-new static initializer in class org/apache/hadoop/thirdparty/protobuf/UnsafeUtil$JvmMemoryAccessor
2024-11-12 13:42:06,339 INFO  EvoClassLoader - Keeping class: org.apache.hadoop.thirdparty.protobuf.UnsafeUtil$JvmMemoryAccessor
2024-11-12 13:42:06,339 INFO  EvoClassLoader - Seeing class for first time: org.apache.hadoop.thirdparty.protobuf.UnsafeUtil$1
2024-11-12 13:42:06,339 INFO  EvoClassLoader - Instrumenting class 'org.apache.hadoop.thirdparty.protobuf.UnsafeUtil$1'.
2024-11-12 13:42:06,340 INFO  MethodCallReplacementClassAdapter - Adding mock interface to class org/apache/hadoop/thirdparty/protobuf/UnsafeUtil$1
2024-11-12 13:42:06,340 INFO  EvoClassLoader - Keeping class: org.apache.hadoop.thirdparty.protobuf.UnsafeUtil$1
2024-11-12 13:42:06,340 INFO  EvoClassLoader - Seeing class for first time: org.apache.hadoop.hdfs.server.namenode.FsImageProto$INodeReferenceSection$INodeReferenceOrBuilder
2024-11-12 13:42:06,340 INFO  EvoClassLoader - Instrumenting class 'org.apache.hadoop.hdfs.server.namenode.FsImageProto$INodeReferenceSection$INodeReferenceOrBuilder'.
2024-11-12 13:42:06,341 INFO  EvoClassLoader - Keeping class: org.apache.hadoop.hdfs.server.namenode.FsImageProto$INodeReferenceSection$INodeReferenceOrBuilder
2024-11-12 13:42:06,341 INFO  EvoClassLoader - Seeing class for first time: org.apache.hadoop.hdfs.protocol.proto.HdfsProtos$BlockProto
2024-11-12 13:42:06,341 INFO  EvoClassLoader - Instrumenting class 'org.apache.hadoop.hdfs.protocol.proto.HdfsProtos$BlockProto'.
2024-11-12 13:42:06,341 INFO  MethodCallReplacementClassAdapter - Adding mock interface to class org/apache/hadoop/hdfs/protocol/proto/HdfsProtos$BlockProto
2024-11-12 13:42:06,343 INFO  CreateClassResetClassAdapter - Found static initializer in class org/apache/hadoop/hdfs/protocol/proto/HdfsProtos$BlockProto
2024-11-12 13:42:06,343 INFO  EvoClassLoader - Defined package (3): package org.apache.hadoop.hdfs.protocol.proto, -710368860
2024-11-12 13:42:06,343 INFO  EvoClassLoader - Seeing class for first time: org.apache.hadoop.hdfs.protocol.proto.HdfsProtos$BlockProtoOrBuilder
2024-11-12 13:42:06,343 INFO  EvoClassLoader - Instrumenting class 'org.apache.hadoop.hdfs.protocol.proto.HdfsProtos$BlockProtoOrBuilder'.
2024-11-12 13:42:06,344 INFO  EvoClassLoader - Keeping class: org.apache.hadoop.hdfs.protocol.proto.HdfsProtos$BlockProtoOrBuilder
2024-11-12 13:42:06,344 INFO  EvoClassLoader - Keeping class: org.apache.hadoop.hdfs.protocol.proto.HdfsProtos$BlockProto
2024-11-12 13:42:06,344 INFO  EvoClassLoader - Seeing class for first time: org.apache.hadoop.hdfs.protocol.proto.HdfsProtos$BlockProto$1
2024-11-12 13:42:06,344 INFO  EvoClassLoader - Instrumenting class 'org.apache.hadoop.hdfs.protocol.proto.HdfsProtos$BlockProto$1'.
2024-11-12 13:42:06,344 INFO  MethodCallReplacementClassAdapter - Adding mock interface to class org/apache/hadoop/hdfs/protocol/proto/HdfsProtos$BlockProto$1
2024-11-12 13:42:06,344 INFO  EvoClassLoader - Keeping class: org.apache.hadoop.hdfs.protocol.proto.HdfsProtos$BlockProto$1
2024-11-12 13:42:06,344 INFO  EvoClassLoader - Seeing class for first time: org.apache.hadoop.hdfs.util.LongBitFormat$Enum
2024-11-12 13:42:06,344 INFO  EvoClassLoader - Instrumenting class 'org.apache.hadoop.hdfs.util.LongBitFormat$Enum'.
2024-11-12 13:42:06,345 INFO  EvoClassLoader - Keeping class: org.apache.hadoop.hdfs.util.LongBitFormat$Enum
2024-11-12 13:42:06,345 INFO  EvoClassLoader - Seeing class for first time: org.apache.hadoop.thirdparty.protobuf.DescriptorProtos$ServiceOptions
2024-11-12 13:42:06,345 INFO  EvoClassLoader - Instrumenting class 'org.apache.hadoop.thirdparty.protobuf.DescriptorProtos$ServiceOptions'.
2024-11-12 13:42:06,345 INFO  MethodCallReplacementClassAdapter - Adding mock interface to class org/apache/hadoop/thirdparty/protobuf/DescriptorProtos$ServiceOptions
2024-11-12 13:42:06,345 INFO  CreateClassResetClassAdapter - Found static initializer in class org/apache/hadoop/thirdparty/protobuf/DescriptorProtos$ServiceOptions
2024-11-12 13:42:06,346 INFO  EvoClassLoader - Seeing class for first time: org.apache.hadoop.thirdparty.protobuf.DescriptorProtos$ServiceOptionsOrBuilder
2024-11-12 13:42:06,346 INFO  EvoClassLoader - Instrumenting class 'org.apache.hadoop.thirdparty.protobuf.DescriptorProtos$ServiceOptionsOrBuilder'.
2024-11-12 13:42:06,346 INFO  EvoClassLoader - Keeping class: org.apache.hadoop.thirdparty.protobuf.DescriptorProtos$ServiceOptionsOrBuilder
2024-11-12 13:42:06,346 INFO  EvoClassLoader - Keeping class: org.apache.hadoop.thirdparty.protobuf.DescriptorProtos$ServiceOptions
2024-11-12 13:42:06,346 INFO  EvoClassLoader - Seeing class for first time: org.apache.hadoop.thirdparty.protobuf.DescriptorProtos$ServiceOptions$1
2024-11-12 13:42:06,346 INFO  EvoClassLoader - Instrumenting class 'org.apache.hadoop.thirdparty.protobuf.DescriptorProtos$ServiceOptions$1'.
2024-11-12 13:42:06,347 INFO  MethodCallReplacementClassAdapter - Adding mock interface to class org/apache/hadoop/thirdparty/protobuf/DescriptorProtos$ServiceOptions$1
2024-11-12 13:42:06,347 INFO  EvoClassLoader - Keeping class: org.apache.hadoop.thirdparty.protobuf.DescriptorProtos$ServiceOptions$1
2024-11-12 13:42:06,347 INFO  EvoClassLoader - Seeing class for first time: org.apache.hadoop.hdfs.server.namenode.FsImageProto$StringTableSection$Entry$1
2024-11-12 13:42:06,347 INFO  EvoClassLoader - Instrumenting class 'org.apache.hadoop.hdfs.server.namenode.FsImageProto$StringTableSection$Entry$1'.
2024-11-12 13:42:06,347 INFO  MethodCallReplacementClassAdapter - Adding mock interface to class org/apache/hadoop/hdfs/server/namenode/FsImageProto$StringTableSection$Entry$1
2024-11-12 13:42:06,347 INFO  EvoClassLoader - Keeping class: org.apache.hadoop.hdfs.server.namenode.FsImageProto$StringTableSection$Entry$1
2024-11-12 13:42:06,347 INFO  EvoClassLoader - Seeing class for first time: org.apache.hadoop.thirdparty.com.google.common.collect.AbstractIterator
2024-11-12 13:42:06,347 INFO  EvoClassLoader - Instrumenting class 'org.apache.hadoop.thirdparty.com.google.common.collect.AbstractIterator'.
2024-11-12 13:42:06,348 INFO  MethodCallReplacementClassAdapter - Adding mock interface to class org/apache/hadoop/thirdparty/com/google/common/collect/AbstractIterator
2024-11-12 13:42:06,348 INFO  CreateClassResetClassAdapter - Creating brand-new static initializer in class org/apache/hadoop/thirdparty/com/google/common/collect/AbstractIterator
2024-11-12 13:42:06,348 INFO  EvoClassLoader - Keeping class: org.apache.hadoop.thirdparty.com.google.common.collect.AbstractIterator
2024-11-12 13:42:06,348 INFO  EvoClassLoader - Seeing class for first time: org.apache.hadoop.thirdparty.protobuf.DescriptorProtos$FieldDescriptorProto$Label
2024-11-12 13:42:06,348 INFO  EvoClassLoader - Instrumenting class 'org.apache.hadoop.thirdparty.protobuf.DescriptorProtos$FieldDescriptorProto$Label'.
2024-11-12 13:42:06,349 INFO  MethodCallReplacementClassAdapter - Adding mock interface to class org/apache/hadoop/thirdparty/protobuf/DescriptorProtos$FieldDescriptorProto$Label
2024-11-12 13:42:06,349 INFO  CreateClassResetClassAdapter - Found static initializer in class org/apache/hadoop/thirdparty/protobuf/DescriptorProtos$FieldDescriptorProto$Label
2024-11-12 13:42:06,350 INFO  EvoClassLoader - Seeing class for first time: org.apache.hadoop.thirdparty.protobuf.ProtocolMessageEnum
2024-11-12 13:42:06,350 INFO  EvoClassLoader - Instrumenting class 'org.apache.hadoop.thirdparty.protobuf.ProtocolMessageEnum'.
2024-11-12 13:42:06,350 INFO  EvoClassLoader - Seeing class for first time: org.apache.hadoop.thirdparty.protobuf.Internal$EnumLite
2024-11-12 13:42:06,350 INFO  EvoClassLoader - Instrumenting class 'org.apache.hadoop.thirdparty.protobuf.Internal$EnumLite'.
2024-11-12 13:42:06,350 INFO  EvoClassLoader - Keeping class: org.apache.hadoop.thirdparty.protobuf.Internal$EnumLite
2024-11-12 13:42:06,350 INFO  EvoClassLoader - Keeping class: org.apache.hadoop.thirdparty.protobuf.ProtocolMessageEnum
2024-11-12 13:42:06,350 INFO  EvoClassLoader - Keeping class: org.apache.hadoop.thirdparty.protobuf.DescriptorProtos$FieldDescriptorProto$Label
2024-11-12 13:42:06,350 INFO  EvoClassLoader - Seeing class for first time: org.apache.hadoop.thirdparty.protobuf.Internal$EnumLiteMap
2024-11-12 13:42:06,350 INFO  EvoClassLoader - Instrumenting class 'org.apache.hadoop.thirdparty.protobuf.Internal$EnumLiteMap'.
2024-11-12 13:42:06,350 INFO  EvoClassLoader - Keeping class: org.apache.hadoop.thirdparty.protobuf.Internal$EnumLiteMap
2024-11-12 13:42:06,350 INFO  EvoClassLoader - Seeing class for first time: org.apache.hadoop.thirdparty.protobuf.DescriptorProtos$FieldDescriptorProto$Label$1
2024-11-12 13:42:06,350 INFO  EvoClassLoader - Instrumenting class 'org.apache.hadoop.thirdparty.protobuf.DescriptorProtos$FieldDescriptorProto$Label$1'.
2024-11-12 13:42:06,350 INFO  MethodCallReplacementClassAdapter - Adding mock interface to class org/apache/hadoop/thirdparty/protobuf/DescriptorProtos$FieldDescriptorProto$Label$1
2024-11-12 13:42:06,351 INFO  EvoClassLoader - Keeping class: org.apache.hadoop.thirdparty.protobuf.DescriptorProtos$FieldDescriptorProto$Label$1
2024-11-12 13:42:06,351 INFO  EvoClassLoader - Seeing class for first time: org.apache.hadoop.hdfs.protocol.HdfsFileStatus$Flags
2024-11-12 13:42:06,351 INFO  EvoClassLoader - Instrumenting class 'org.apache.hadoop.hdfs.protocol.HdfsFileStatus$Flags'.
2024-11-12 13:42:06,351 INFO  MethodCallReplacementClassAdapter - Adding mock interface to class org/apache/hadoop/hdfs/protocol/HdfsFileStatus$Flags
2024-11-12 13:42:06,351 INFO  CreateClassResetClassAdapter - Found static initializer in class org/apache/hadoop/hdfs/protocol/HdfsFileStatus$Flags
2024-11-12 13:42:06,351 INFO  EvoClassLoader - Defined package (3): package org.apache.hadoop.hdfs.protocol, -1396960598
2024-11-12 13:42:06,351 INFO  EvoClassLoader - Keeping class: org.apache.hadoop.hdfs.protocol.HdfsFileStatus$Flags
2024-11-12 13:42:06,351 INFO  EvoClassLoader - Seeing class for first time: org.apache.hadoop.hdfs.server.namenode.FsImageProto$INodeSection$FileUnderConstructionFeatureOrBuilder
2024-11-12 13:42:06,351 INFO  EvoClassLoader - Instrumenting class 'org.apache.hadoop.hdfs.server.namenode.FsImageProto$INodeSection$FileUnderConstructionFeatureOrBuilder'.
2024-11-12 13:42:06,351 INFO  EvoClassLoader - Keeping class: org.apache.hadoop.hdfs.server.namenode.FsImageProto$INodeSection$FileUnderConstructionFeatureOrBuilder
2024-11-12 13:42:06,351 INFO  EvoClassLoader - Seeing class for first time: org.apache.hadoop.hdfs.server.namenode.FsImageProto$ErasureCodingSection
2024-11-12 13:42:06,351 INFO  EvoClassLoader - Instrumenting class 'org.apache.hadoop.hdfs.server.namenode.FsImageProto$ErasureCodingSection'.
2024-11-12 13:42:06,351 INFO  MethodCallReplacementClassAdapter - Adding mock interface to class org/apache/hadoop/hdfs/server/namenode/FsImageProto$ErasureCodingSection
2024-11-12 13:42:06,352 INFO  CreateClassResetClassAdapter - Found static initializer in class org/apache/hadoop/hdfs/server/namenode/FsImageProto$ErasureCodingSection
2024-11-12 13:42:06,352 INFO  EvoClassLoader - Seeing class for first time: org.apache.hadoop.hdfs.server.namenode.FsImageProto$ErasureCodingSectionOrBuilder
2024-11-12 13:42:06,352 INFO  EvoClassLoader - Instrumenting class 'org.apache.hadoop.hdfs.server.namenode.FsImageProto$ErasureCodingSectionOrBuilder'.
2024-11-12 13:42:06,353 INFO  EvoClassLoader - Keeping class: org.apache.hadoop.hdfs.server.namenode.FsImageProto$ErasureCodingSectionOrBuilder
2024-11-12 13:42:06,353 INFO  EvoClassLoader - Keeping class: org.apache.hadoop.hdfs.server.namenode.FsImageProto$ErasureCodingSection
2024-11-12 13:42:06,353 INFO  EvoClassLoader - Seeing class for first time: org.apache.hadoop.hdfs.server.namenode.FsImageProto$ErasureCodingSection$1
2024-11-12 13:42:06,353 INFO  EvoClassLoader - Instrumenting class 'org.apache.hadoop.hdfs.server.namenode.FsImageProto$ErasureCodingSection$1'.
2024-11-12 13:42:06,353 INFO  MethodCallReplacementClassAdapter - Adding mock interface to class org/apache/hadoop/hdfs/server/namenode/FsImageProto$ErasureCodingSection$1
2024-11-12 13:42:06,353 INFO  EvoClassLoader - Keeping class: org.apache.hadoop.hdfs.server.namenode.FsImageProto$ErasureCodingSection$1
2024-11-12 13:42:06,353 INFO  EvoClassLoader - Seeing class for first time: org.apache.hadoop.hdfs.protocol.FsPermissionExtension
2024-11-12 13:42:06,353 INFO  EvoClassLoader - Instrumenting class 'org.apache.hadoop.hdfs.protocol.FsPermissionExtension'.
2024-11-12 13:42:06,353 INFO  MethodCallReplacementClassAdapter - Adding mock interface to class org/apache/hadoop/hdfs/protocol/FsPermissionExtension
2024-11-12 13:42:06,354 INFO  CreateClassResetClassAdapter - Creating brand-new static initializer in class org/apache/hadoop/hdfs/protocol/FsPermissionExtension
2024-11-12 13:42:06,354 INFO  CreateClassResetClassAdapter - Adding bytecode for initializing field ACL_BIT
2024-11-12 13:42:06,354 INFO  CreateClassResetClassAdapter - Adding bytecode for initializing field ENCRYPTED_BIT
2024-11-12 13:42:06,354 INFO  CreateClassResetClassAdapter - Adding bytecode for initializing field ERASURE_CODED_BIT
2024-11-12 13:42:06,354 INFO  EvoClassLoader - Keeping class: org.apache.hadoop.hdfs.protocol.FsPermissionExtension
2024-11-12 13:42:06,354 INFO  EvoClassLoader - Seeing class for first time: org.apache.hadoop.hdfs.server.namenode.INodeWithAdditionalFields$PermissionStatusFormat
2024-11-12 13:42:06,354 INFO  EvoClassLoader - Instrumenting class 'org.apache.hadoop.hdfs.server.namenode.INodeWithAdditionalFields$PermissionStatusFormat'.
2024-11-12 13:42:06,354 INFO  MethodCallReplacementClassAdapter - Adding mock interface to class org/apache/hadoop/hdfs/server/namenode/INodeWithAdditionalFields$PermissionStatusFormat
2024-11-12 13:42:06,354 INFO  CreateClassResetClassAdapter - Found static initializer in class org/apache/hadoop/hdfs/server/namenode/INodeWithAdditionalFields$PermissionStatusFormat
2024-11-12 13:42:06,354 INFO  EvoClassLoader - Keeping class: org.apache.hadoop.hdfs.server.namenode.INodeWithAdditionalFields$PermissionStatusFormat
2024-11-12 13:42:06,354 INFO  EvoClassLoader - Seeing class for first time: org.apache.hadoop.hdfs.server.namenode.INodeWithAdditionalFields
2024-11-12 13:42:06,354 INFO  EvoClassLoader - Instrumenting class 'org.apache.hadoop.hdfs.server.namenode.INodeWithAdditionalFields'.
2024-11-12 13:42:06,354 INFO  MethodCallReplacementClassAdapter - Adding mock interface to class org/apache/hadoop/hdfs/server/namenode/INodeWithAdditionalFields
2024-11-12 13:42:06,357 INFO  CreateClassResetClassAdapter - Found static initializer in class org/apache/hadoop/hdfs/server/namenode/INodeWithAdditionalFields
2024-11-12 13:42:06,357 INFO  EvoClassLoader - Seeing class for first time: org.apache.hadoop.util.LightWeightGSet$LinkedElement
2024-11-12 13:42:06,357 INFO  EvoClassLoader - Instrumenting class 'org.apache.hadoop.util.LightWeightGSet$LinkedElement'.
2024-11-12 13:42:06,357 INFO  EvoClassLoader - Keeping class: org.apache.hadoop.util.LightWeightGSet$LinkedElement
2024-11-12 13:42:06,357 INFO  EvoClassLoader - Seeing class for first time: org.apache.hadoop.hdfs.server.namenode.INode
2024-11-12 13:42:06,357 INFO  EvoClassLoader - Instrumenting class 'org.apache.hadoop.hdfs.server.namenode.INode'.
2024-11-12 13:42:06,358 INFO  MethodCallReplacementClassAdapter - Adding mock interface to class org/apache/hadoop/hdfs/server/namenode/INode
2024-11-12 13:42:06,360 INFO  CreateClassResetClassAdapter - Found static initializer in class org/apache/hadoop/hdfs/server/namenode/INode
2024-11-12 13:42:06,361 INFO  EvoClassLoader - Seeing class for first time: org.apache.hadoop.hdfs.server.namenode.INodeAttributes
2024-11-12 13:42:06,361 INFO  EvoClassLoader - Instrumenting class 'org.apache.hadoop.hdfs.server.namenode.INodeAttributes'.
2024-11-12 13:42:06,362 INFO  EvoClassLoader - Keeping class: org.apache.hadoop.hdfs.server.namenode.INodeAttributes
2024-11-12 13:42:06,362 INFO  EvoClassLoader - Seeing class for first time: org.apache.hadoop.hdfs.util.Diff$Element
2024-11-12 13:42:06,362 INFO  EvoClassLoader - Instrumenting class 'org.apache.hadoop.hdfs.util.Diff$Element'.
2024-11-12 13:42:06,362 INFO  EvoClassLoader - Keeping class: org.apache.hadoop.hdfs.util.Diff$Element
2024-11-12 13:42:06,362 INFO  EvoClassLoader - Keeping class: org.apache.hadoop.hdfs.server.namenode.INode
2024-11-12 13:42:06,362 INFO  EvoClassLoader - Keeping class: org.apache.hadoop.hdfs.server.namenode.INodeWithAdditionalFields
2024-11-12 13:42:06,362 INFO  EvoClassLoader - Seeing class for first time: org.apache.hadoop.hdfs.util.LongBitFormat
2024-11-12 13:42:06,362 INFO  EvoClassLoader - Instrumenting class 'org.apache.hadoop.hdfs.util.LongBitFormat'.
2024-11-12 13:42:06,362 INFO  MethodCallReplacementClassAdapter - Adding mock interface to class org/apache/hadoop/hdfs/util/LongBitFormat
2024-11-12 13:42:06,363 INFO  CreateClassResetClassAdapter - Creating brand-new static initializer in class org/apache/hadoop/hdfs/util/LongBitFormat
2024-11-12 13:42:06,363 INFO  EvoClassLoader - Keeping class: org.apache.hadoop.hdfs.util.LongBitFormat
2024-11-12 13:42:06,364 INFO  EvoClassLoader - Seeing class for first time: org.apache.hadoop.hdfs.protocol.DatanodeInfoWithStorage
2024-11-12 13:42:06,364 INFO  EvoClassLoader - Instrumenting class 'org.apache.hadoop.hdfs.protocol.DatanodeInfoWithStorage'.
2024-11-12 13:42:06,364 INFO  MethodCallReplacementClassAdapter - Adding mock interface to class org/apache/hadoop/hdfs/protocol/DatanodeInfoWithStorage
2024-11-12 13:42:06,364 INFO  CreateClassResetClassAdapter - Creating brand-new static initializer in class org/apache/hadoop/hdfs/protocol/DatanodeInfoWithStorage
2024-11-12 13:42:06,364 INFO  EvoClassLoader - Seeing class for first time: org.apache.hadoop.hdfs.protocol.DatanodeInfo
2024-11-12 13:42:06,364 INFO  EvoClassLoader - Instrumenting class 'org.apache.hadoop.hdfs.protocol.DatanodeInfo'.
2024-11-12 13:42:06,364 INFO  MethodCallReplacementClassAdapter - Adding mock interface to class org/apache/hadoop/hdfs/protocol/DatanodeInfo
2024-11-12 13:42:06,365 INFO  CreateClassResetClassAdapter - Found static initializer in class org/apache/hadoop/hdfs/protocol/DatanodeInfo
2024-11-12 13:42:06,365 INFO  EvoClassLoader - Seeing class for first time: org.apache.hadoop.net.Node
2024-11-12 13:42:06,365 INFO  EvoClassLoader - Instrumenting class 'org.apache.hadoop.net.Node'.
2024-11-12 13:42:06,366 INFO  EvoClassLoader - Defined package (3): package org.apache.hadoop.net, -1243656086
2024-11-12 13:42:06,366 INFO  EvoClassLoader - Keeping class: org.apache.hadoop.net.Node
2024-11-12 13:42:06,366 INFO  EvoClassLoader - Seeing class for first time: org.apache.hadoop.hdfs.protocol.DatanodeID
2024-11-12 13:42:06,366 INFO  EvoClassLoader - Instrumenting class 'org.apache.hadoop.hdfs.protocol.DatanodeID'.
2024-11-12 13:42:06,366 INFO  MethodCallReplacementClassAdapter - Adding mock interface to class org/apache/hadoop/hdfs/protocol/DatanodeID
2024-11-12 13:42:06,366 INFO  CreateClassResetClassAdapter - Found static initializer in class org/apache/hadoop/hdfs/protocol/DatanodeID
2024-11-12 13:42:06,367 INFO  EvoClassLoader - Keeping class: org.apache.hadoop.hdfs.protocol.DatanodeID
2024-11-12 13:42:06,367 INFO  EvoClassLoader - Keeping class: org.apache.hadoop.hdfs.protocol.DatanodeInfo
2024-11-12 13:42:06,367 INFO  EvoClassLoader - Keeping class: org.apache.hadoop.hdfs.protocol.DatanodeInfoWithStorage
2024-11-12 13:42:06,367 INFO  EvoClassLoader - Seeing class for first time: org.apache.hadoop.hdfs.server.namenode.FsImageProto$StringTableSection$EntryOrBuilder
2024-11-12 13:42:06,367 INFO  EvoClassLoader - Instrumenting class 'org.apache.hadoop.hdfs.server.namenode.FsImageProto$StringTableSection$EntryOrBuilder'.
2024-11-12 13:42:06,368 INFO  EvoClassLoader - Keeping class: org.apache.hadoop.hdfs.server.namenode.FsImageProto$StringTableSection$EntryOrBuilder
2024-11-12 13:42:06,368 INFO  EvoClassLoader - Seeing class for first time: org.apache.hadoop.thirdparty.protobuf.DescriptorProtos$MessageOptionsOrBuilder
2024-11-12 13:42:06,368 INFO  EvoClassLoader - Instrumenting class 'org.apache.hadoop.thirdparty.protobuf.DescriptorProtos$MessageOptionsOrBuilder'.
2024-11-12 13:42:06,368 INFO  EvoClassLoader - Keeping class: org.apache.hadoop.thirdparty.protobuf.DescriptorProtos$MessageOptionsOrBuilder
2024-11-12 13:42:06,368 INFO  EvoClassLoader - Seeing class for first time: org.apache.hadoop.thirdparty.protobuf.DescriptorProtos$FieldOptionsOrBuilder
2024-11-12 13:42:06,368 INFO  EvoClassLoader - Instrumenting class 'org.apache.hadoop.thirdparty.protobuf.DescriptorProtos$FieldOptionsOrBuilder'.
2024-11-12 13:42:06,368 INFO  EvoClassLoader - Keeping class: org.apache.hadoop.thirdparty.protobuf.DescriptorProtos$FieldOptionsOrBuilder
2024-11-12 13:42:06,368 INFO  EvoClassLoader - Seeing class for first time: org.apache.hadoop.thirdparty.protobuf.DescriptorProtos$EnumOptionsOrBuilder
2024-11-12 13:42:06,368 INFO  EvoClassLoader - Instrumenting class 'org.apache.hadoop.thirdparty.protobuf.DescriptorProtos$EnumOptionsOrBuilder'.
2024-11-12 13:42:06,368 INFO  EvoClassLoader - Keeping class: org.apache.hadoop.thirdparty.protobuf.DescriptorProtos$EnumOptionsOrBuilder
2024-11-12 13:42:06,368 INFO  EvoClassLoader - Seeing class for first time: org.apache.hadoop.hdfs.server.namenode.FsImageProto$INodeDirectorySection
2024-11-12 13:42:06,368 INFO  EvoClassLoader - Instrumenting class 'org.apache.hadoop.hdfs.server.namenode.FsImageProto$INodeDirectorySection'.
2024-11-12 13:42:06,369 INFO  MethodCallReplacementClassAdapter - Adding mock interface to class org/apache/hadoop/hdfs/server/namenode/FsImageProto$INodeDirectorySection
2024-11-12 13:42:06,369 INFO  CreateClassResetClassAdapter - Found static initializer in class org/apache/hadoop/hdfs/server/namenode/FsImageProto$INodeDirectorySection
2024-11-12 13:42:06,369 INFO  EvoClassLoader - Seeing class for first time: org.apache.hadoop.hdfs.server.namenode.FsImageProto$INodeDirectorySectionOrBuilder
2024-11-12 13:42:06,369 INFO  EvoClassLoader - Instrumenting class 'org.apache.hadoop.hdfs.server.namenode.FsImageProto$INodeDirectorySectionOrBuilder'.
2024-11-12 13:42:06,370 INFO  EvoClassLoader - Keeping class: org.apache.hadoop.hdfs.server.namenode.FsImageProto$INodeDirectorySectionOrBuilder
2024-11-12 13:42:06,370 INFO  EvoClassLoader - Keeping class: org.apache.hadoop.hdfs.server.namenode.FsImageProto$INodeDirectorySection
2024-11-12 13:42:06,370 INFO  EvoClassLoader - Seeing class for first time: org.apache.hadoop.hdfs.server.namenode.FsImageProto$INodeDirectorySection$1
2024-11-12 13:42:06,370 INFO  EvoClassLoader - Instrumenting class 'org.apache.hadoop.hdfs.server.namenode.FsImageProto$INodeDirectorySection$1'.
2024-11-12 13:42:06,370 INFO  MethodCallReplacementClassAdapter - Adding mock interface to class org/apache/hadoop/hdfs/server/namenode/FsImageProto$INodeDirectorySection$1
2024-11-12 13:42:06,370 INFO  EvoClassLoader - Keeping class: org.apache.hadoop.hdfs.server.namenode.FsImageProto$INodeDirectorySection$1
2024-11-12 13:42:06,370 INFO  EvoClassLoader - Seeing class for first time: org.apache.hadoop.thirdparty.protobuf.DescriptorProtos$OneofOptions
2024-11-12 13:42:06,370 INFO  EvoClassLoader - Instrumenting class 'org.apache.hadoop.thirdparty.protobuf.DescriptorProtos$OneofOptions'.
2024-11-12 13:42:06,371 INFO  MethodCallReplacementClassAdapter - Adding mock interface to class org/apache/hadoop/thirdparty/protobuf/DescriptorProtos$OneofOptions
2024-11-12 13:42:06,371 INFO  CreateClassResetClassAdapter - Found static initializer in class org/apache/hadoop/thirdparty/protobuf/DescriptorProtos$OneofOptions
2024-11-12 13:42:06,372 INFO  EvoClassLoader - Keeping class: org.apache.hadoop.thirdparty.protobuf.DescriptorProtos$OneofOptions
2024-11-12 13:42:06,372 INFO  EvoClassLoader - Seeing class for first time: org.apache.hadoop.thirdparty.protobuf.DescriptorProtos$OneofOptions$1
2024-11-12 13:42:06,372 INFO  EvoClassLoader - Instrumenting class 'org.apache.hadoop.thirdparty.protobuf.DescriptorProtos$OneofOptions$1'.
2024-11-12 13:42:06,372 INFO  MethodCallReplacementClassAdapter - Adding mock interface to class org/apache/hadoop/thirdparty/protobuf/DescriptorProtos$OneofOptions$1
2024-11-12 13:42:06,372 INFO  EvoClassLoader - Keeping class: org.apache.hadoop.thirdparty.protobuf.DescriptorProtos$OneofOptions$1
2024-11-12 13:42:06,373 INFO  EvoClassLoader - Seeing class for first time: org.apache.hadoop.fs.statistics.IOStatisticsSource
2024-11-12 13:42:06,373 INFO  EvoClassLoader - Instrumenting class 'org.apache.hadoop.fs.statistics.IOStatisticsSource'.
2024-11-12 13:42:06,373 INFO  EvoClassLoader - Defined package (3): package org.apache.hadoop.fs.statistics, -2061501583
2024-11-12 13:42:06,373 INFO  EvoClassLoader - Keeping class: org.apache.hadoop.fs.statistics.IOStatisticsSource
2024-11-12 13:42:06,373 INFO  EvoClassLoader - Seeing class for first time: org.apache.hadoop.hdfs.server.blockmanagement.BlockCollection
2024-11-12 13:42:06,373 INFO  EvoClassLoader - Instrumenting class 'org.apache.hadoop.hdfs.server.blockmanagement.BlockCollection'.
2024-11-12 13:42:06,373 INFO  EvoClassLoader - Defined package (3): package org.apache.hadoop.hdfs.server.blockmanagement, -789130121
2024-11-12 13:42:06,373 INFO  EvoClassLoader - Keeping class: org.apache.hadoop.hdfs.server.blockmanagement.BlockCollection
2024-11-12 13:42:06,373 INFO  EvoClassLoader - Seeing class for first time: org.apache.hadoop.hdfs.server.namenode.AclEntryStatusFormat
2024-11-12 13:42:06,373 INFO  EvoClassLoader - Instrumenting class 'org.apache.hadoop.hdfs.server.namenode.AclEntryStatusFormat'.
2024-11-12 13:42:06,373 INFO  MethodCallReplacementClassAdapter - Adding mock interface to class org/apache/hadoop/hdfs/server/namenode/AclEntryStatusFormat
2024-11-12 13:42:06,373 INFO  CreateClassResetClassAdapter - Found static initializer in class org/apache/hadoop/hdfs/server/namenode/AclEntryStatusFormat
2024-11-12 13:42:06,374 INFO  EvoClassLoader - Keeping class: org.apache.hadoop.hdfs.server.namenode.AclEntryStatusFormat
2024-11-12 13:42:06,374 INFO  EvoClassLoader - Seeing class for first time: org.apache.hadoop.fs.permission.AclEntryType
2024-11-12 13:42:06,374 INFO  EvoClassLoader - Instrumenting class 'org.apache.hadoop.fs.permission.AclEntryType'.
2024-11-12 13:42:06,374 INFO  MethodCallReplacementClassAdapter - Adding mock interface to class org/apache/hadoop/fs/permission/AclEntryType
2024-11-12 13:42:06,374 INFO  CreateClassResetClassAdapter - Found static initializer in class org/apache/hadoop/fs/permission/AclEntryType
2024-11-12 13:42:06,374 INFO  EvoClassLoader - Keeping class: org.apache.hadoop.fs.permission.AclEntryType
2024-11-12 13:42:06,374 INFO  EvoClassLoader - Seeing class for first time: org.apache.hadoop.thirdparty.com.google.errorprone.annotations.DoNotMock
2024-11-12 13:42:06,374 INFO  EvoClassLoader - Instrumenting class 'org.apache.hadoop.thirdparty.com.google.errorprone.annotations.DoNotMock'.
2024-11-12 13:42:06,375 INFO  EvoClassLoader - Defined package (3): package org.apache.hadoop.thirdparty.com.google.errorprone.annotations, -1035196546
2024-11-12 13:42:06,375 INFO  EvoClassLoader - Keeping class: org.apache.hadoop.thirdparty.com.google.errorprone.annotations.DoNotMock
2024-11-12 13:42:06,375 INFO  EvoClassLoader - Seeing class for first time: org.apache.hadoop.thirdparty.protobuf.DescriptorProtos$EnumValueDescriptorProtoOrBuilder
2024-11-12 13:42:06,375 INFO  EvoClassLoader - Instrumenting class 'org.apache.hadoop.thirdparty.protobuf.DescriptorProtos$EnumValueDescriptorProtoOrBuilder'.
2024-11-12 13:42:06,375 INFO  EvoClassLoader - Keeping class: org.apache.hadoop.thirdparty.protobuf.DescriptorProtos$EnumValueDescriptorProtoOrBuilder
2024-11-12 13:42:06,375 INFO  EvoClassLoader - Seeing class for first time: org.apache.hadoop.hdfs.server.namenode.INodeFile
2024-11-12 13:42:06,375 INFO  EvoClassLoader - Instrumenting class 'org.apache.hadoop.hdfs.server.namenode.INodeFile'.
2024-11-12 13:42:06,376 INFO  MethodCallReplacementClassAdapter - Adding mock interface to class org/apache/hadoop/hdfs/server/namenode/INodeFile
2024-11-12 13:42:06,382 INFO  CreateClassResetClassAdapter - Creating brand-new static initializer in class org/apache/hadoop/hdfs/server/namenode/INodeFile
2024-11-12 13:42:06,382 INFO  CreateClassResetClassAdapter - Adding bytecode for initializing field DEFAULT_REPL_FOR_STRIPED_BLOCKS
2024-11-12 13:42:06,383 INFO  EvoClassLoader - Seeing class for first time: org.apache.hadoop.hdfs.server.namenode.INodeFileAttributes
2024-11-12 13:42:06,383 INFO  EvoClassLoader - Instrumenting class 'org.apache.hadoop.hdfs.server.namenode.INodeFileAttributes'.
2024-11-12 13:42:06,383 INFO  EvoClassLoader - Keeping class: org.apache.hadoop.hdfs.server.namenode.INodeFileAttributes
2024-11-12 13:42:06,384 INFO  EvoClassLoader - Keeping class: org.apache.hadoop.hdfs.server.namenode.INodeFile
2024-11-12 13:42:06,384 INFO  EvoClassLoader - Seeing class for first time: org.apache.hadoop.hdfs.server.namenode.INodeDirectory
2024-11-12 13:42:06,384 INFO  EvoClassLoader - Instrumenting class 'org.apache.hadoop.hdfs.server.namenode.INodeDirectory'.
2024-11-12 13:42:06,384 INFO  MethodCallReplacementClassAdapter - Adding mock interface to class org/apache/hadoop/hdfs/server/namenode/INodeDirectory
2024-11-12 13:42:06,385 INFO  CreateClassResetClassAdapter - Found static initializer in class org/apache/hadoop/hdfs/server/namenode/INodeDirectory
2024-11-12 13:42:06,386 INFO  EvoClassLoader - Seeing class for first time: org.apache.hadoop.hdfs.server.namenode.INodeDirectoryAttributes
2024-11-12 13:42:06,386 INFO  EvoClassLoader - Instrumenting class 'org.apache.hadoop.hdfs.server.namenode.INodeDirectoryAttributes'.
2024-11-12 13:42:06,386 INFO  EvoClassLoader - Keeping class: org.apache.hadoop.hdfs.server.namenode.INodeDirectoryAttributes
2024-11-12 13:42:06,386 INFO  EvoClassLoader - Keeping class: org.apache.hadoop.hdfs.server.namenode.INodeDirectory
2024-11-12 13:42:06,386 INFO  EvoClassLoader - Seeing class for first time: org.apache.hadoop.hdfs.server.namenode.INodeReference
2024-11-12 13:42:06,386 INFO  EvoClassLoader - Instrumenting class 'org.apache.hadoop.hdfs.server.namenode.INodeReference'.
2024-11-12 13:42:06,386 INFO  MethodCallReplacementClassAdapter - Adding mock interface to class org/apache/hadoop/hdfs/server/namenode/INodeReference
2024-11-12 13:42:06,386 INFO  CreateClassResetClassAdapter - Creating brand-new static initializer in class org/apache/hadoop/hdfs/server/namenode/INodeReference
2024-11-12 13:42:06,387 INFO  EvoClassLoader - Keeping class: org.apache.hadoop.hdfs.server.namenode.INodeReference
2024-11-12 13:42:06,387 INFO  EvoClassLoader - Seeing class for first time: org.apache.hadoop.hdfs.server.namenode.INode$Feature
2024-11-12 13:42:06,387 INFO  EvoClassLoader - Instrumenting class 'org.apache.hadoop.hdfs.server.namenode.INode$Feature'.
2024-11-12 13:42:06,387 INFO  EvoClassLoader - Keeping class: org.apache.hadoop.hdfs.server.namenode.INode$Feature
2024-11-12 13:42:06,388 INFO  EvoClassLoader - Seeing class for first time: org.apache.hadoop.thirdparty.protobuf.TextFormat$InvalidEscapeSequenceException
2024-11-12 13:42:06,388 INFO  EvoClassLoader - Instrumenting class 'org.apache.hadoop.thirdparty.protobuf.TextFormat$InvalidEscapeSequenceException'.
2024-11-12 13:42:06,388 INFO  MethodCallReplacementClassAdapter - Adding mock interface to class org/apache/hadoop/thirdparty/protobuf/TextFormat$InvalidEscapeSequenceException
2024-11-12 13:42:06,388 INFO  CreateClassResetClassAdapter - Creating brand-new static initializer in class org/apache/hadoop/thirdparty/protobuf/TextFormat$InvalidEscapeSequenceException
2024-11-12 13:42:06,388 INFO  EvoClassLoader - Keeping class: org.apache.hadoop.thirdparty.protobuf.TextFormat$InvalidEscapeSequenceException
2024-11-12 13:42:06,389 INFO  EvoClassLoader - Seeing class for first time: org.apache.hadoop.thirdparty.protobuf.Descriptors$DescriptorValidationException
2024-11-12 13:42:06,389 INFO  EvoClassLoader - Instrumenting class 'org.apache.hadoop.thirdparty.protobuf.Descriptors$DescriptorValidationException'.
2024-11-12 13:42:06,389 INFO  MethodCallReplacementClassAdapter - Adding mock interface to class org/apache/hadoop/thirdparty/protobuf/Descriptors$DescriptorValidationException
2024-11-12 13:42:06,389 INFO  CreateClassResetClassAdapter - Creating brand-new static initializer in class org/apache/hadoop/thirdparty/protobuf/Descriptors$DescriptorValidationException
2024-11-12 13:42:06,389 INFO  EvoClassLoader - Keeping class: org.apache.hadoop.thirdparty.protobuf.Descriptors$DescriptorValidationException
2024-11-12 13:42:06,390 INFO  EvoClassLoader - Seeing class for first time: org.apache.hadoop.thirdparty.protobuf.WireFormat$FieldType
2024-11-12 13:42:06,390 INFO  EvoClassLoader - Instrumenting class 'org.apache.hadoop.thirdparty.protobuf.WireFormat$FieldType'.
2024-11-12 13:42:06,390 INFO  MethodCallReplacementClassAdapter - Adding mock interface to class org/apache/hadoop/thirdparty/protobuf/WireFormat$FieldType
2024-11-12 13:42:06,390 INFO  CreateClassResetClassAdapter - Found static initializer in class org/apache/hadoop/thirdparty/protobuf/WireFormat$FieldType
2024-11-12 13:42:06,390 INFO  EvoClassLoader - Keeping class: org.apache.hadoop.thirdparty.protobuf.WireFormat$FieldType
2024-11-12 13:42:06,390 INFO  EvoClassLoader - Seeing class for first time: org.apache.hadoop.thirdparty.protobuf.WireFormat$FieldType$1
2024-11-12 13:42:06,390 INFO  EvoClassLoader - Instrumenting class 'org.apache.hadoop.thirdparty.protobuf.WireFormat$FieldType$1'.
2024-11-12 13:42:06,391 INFO  MethodCallReplacementClassAdapter - Adding mock interface to class org/apache/hadoop/thirdparty/protobuf/WireFormat$FieldType$1
2024-11-12 13:42:06,391 INFO  EvoClassLoader - Keeping class: org.apache.hadoop.thirdparty.protobuf.WireFormat$FieldType$1
2024-11-12 13:42:06,391 INFO  EvoClassLoader - Seeing class for first time: org.apache.hadoop.thirdparty.protobuf.WireFormat$FieldType$2
2024-11-12 13:42:06,391 INFO  EvoClassLoader - Instrumenting class 'org.apache.hadoop.thirdparty.protobuf.WireFormat$FieldType$2'.
2024-11-12 13:42:06,391 INFO  MethodCallReplacementClassAdapter - Adding mock interface to class org/apache/hadoop/thirdparty/protobuf/WireFormat$FieldType$2
2024-11-12 13:42:06,391 INFO  EvoClassLoader - Keeping class: org.apache.hadoop.thirdparty.protobuf.WireFormat$FieldType$2
2024-11-12 13:42:06,391 INFO  EvoClassLoader - Seeing class for first time: org.apache.hadoop.thirdparty.protobuf.WireFormat$FieldType$3
2024-11-12 13:42:06,391 INFO  EvoClassLoader - Instrumenting class 'org.apache.hadoop.thirdparty.protobuf.WireFormat$FieldType$3'.
2024-11-12 13:42:06,391 INFO  MethodCallReplacementClassAdapter - Adding mock interface to class org/apache/hadoop/thirdparty/protobuf/WireFormat$FieldType$3
2024-11-12 13:42:06,391 INFO  EvoClassLoader - Keeping class: org.apache.hadoop.thirdparty.protobuf.WireFormat$FieldType$3
2024-11-12 13:42:06,391 INFO  EvoClassLoader - Seeing class for first time: org.apache.hadoop.thirdparty.protobuf.WireFormat$FieldType$4
2024-11-12 13:42:06,391 INFO  EvoClassLoader - Instrumenting class 'org.apache.hadoop.thirdparty.protobuf.WireFormat$FieldType$4'.
2024-11-12 13:42:06,391 INFO  MethodCallReplacementClassAdapter - Adding mock interface to class org/apache/hadoop/thirdparty/protobuf/WireFormat$FieldType$4
2024-11-12 13:42:06,391 INFO  EvoClassLoader - Keeping class: org.apache.hadoop.thirdparty.protobuf.WireFormat$FieldType$4
2024-11-12 13:42:06,391 INFO  EvoClassLoader - Seeing class for first time: org.apache.hadoop.thirdparty.protobuf.WireFormat$JavaType
2024-11-12 13:42:06,391 INFO  EvoClassLoader - Instrumenting class 'org.apache.hadoop.thirdparty.protobuf.WireFormat$JavaType'.
2024-11-12 13:42:06,392 INFO  MethodCallReplacementClassAdapter - Adding mock interface to class org/apache/hadoop/thirdparty/protobuf/WireFormat$JavaType
2024-11-12 13:42:06,392 INFO  CreateClassResetClassAdapter - Found static initializer in class org/apache/hadoop/thirdparty/protobuf/WireFormat$JavaType
2024-11-12 13:42:06,392 INFO  EvoClassLoader - Keeping class: org.apache.hadoop.thirdparty.protobuf.WireFormat$JavaType
2024-11-12 13:42:06,392 INFO  EvoClassLoader - Seeing class for first time: org.apache.hadoop.thirdparty.protobuf.Descriptors$FieldDescriptor$Type
2024-11-12 13:42:06,392 INFO  EvoClassLoader - Instrumenting class 'org.apache.hadoop.thirdparty.protobuf.Descriptors$FieldDescriptor$Type'.
2024-11-12 13:42:06,392 INFO  MethodCallReplacementClassAdapter - Adding mock interface to class org/apache/hadoop/thirdparty/protobuf/Descriptors$FieldDescriptor$Type
2024-11-12 13:42:06,392 INFO  CreateClassResetClassAdapter - Found static initializer in class org/apache/hadoop/thirdparty/protobuf/Descriptors$FieldDescriptor$Type
2024-11-12 13:42:06,392 INFO  EvoClassLoader - Keeping class: org.apache.hadoop.thirdparty.protobuf.Descriptors$FieldDescriptor$Type
2024-11-12 13:42:06,392 INFO  EvoClassLoader - Seeing class for first time: org.apache.hadoop.thirdparty.protobuf.Descriptors$FieldDescriptor$JavaType
2024-11-12 13:42:06,392 INFO  EvoClassLoader - Instrumenting class 'org.apache.hadoop.thirdparty.protobuf.Descriptors$FieldDescriptor$JavaType'.
2024-11-12 13:42:06,393 INFO  MethodCallReplacementClassAdapter - Adding mock interface to class org/apache/hadoop/thirdparty/protobuf/Descriptors$FieldDescriptor$JavaType
2024-11-12 13:42:06,393 INFO  CreateClassResetClassAdapter - Found static initializer in class org/apache/hadoop/thirdparty/protobuf/Descriptors$FieldDescriptor$JavaType
2024-11-12 13:42:06,393 INFO  EvoClassLoader - Keeping class: org.apache.hadoop.thirdparty.protobuf.Descriptors$FieldDescriptor$JavaType
2024-11-12 13:42:06,393 INFO  EvoClassLoader - Seeing class for first time: org.apache.hadoop.thirdparty.protobuf.DescriptorProtos$FieldDescriptorProto$Type
2024-11-12 13:42:06,393 INFO  EvoClassLoader - Instrumenting class 'org.apache.hadoop.thirdparty.protobuf.DescriptorProtos$FieldDescriptorProto$Type'.
2024-11-12 13:42:06,393 INFO  MethodCallReplacementClassAdapter - Adding mock interface to class org/apache/hadoop/thirdparty/protobuf/DescriptorProtos$FieldDescriptorProto$Type
2024-11-12 13:42:06,393 INFO  CreateClassResetClassAdapter - Found static initializer in class org/apache/hadoop/thirdparty/protobuf/DescriptorProtos$FieldDescriptorProto$Type
2024-11-12 13:42:06,394 INFO  EvoClassLoader - Keeping class: org.apache.hadoop.thirdparty.protobuf.DescriptorProtos$FieldDescriptorProto$Type
2024-11-12 13:42:06,394 INFO  EvoClassLoader - Seeing class for first time: org.apache.hadoop.thirdparty.protobuf.DescriptorProtos$FieldDescriptorProto$Type$1
2024-11-12 13:42:06,394 INFO  EvoClassLoader - Instrumenting class 'org.apache.hadoop.thirdparty.protobuf.DescriptorProtos$FieldDescriptorProto$Type$1'.
2024-11-12 13:42:06,394 INFO  MethodCallReplacementClassAdapter - Adding mock interface to class org/apache/hadoop/thirdparty/protobuf/DescriptorProtos$FieldDescriptorProto$Type$1
2024-11-12 13:42:06,395 INFO  EvoClassLoader - Keeping class: org.apache.hadoop.thirdparty.protobuf.DescriptorProtos$FieldDescriptorProto$Type$1
2024-11-12 13:42:06,395 INFO  EvoClassLoader - Seeing class for first time: org.apache.hadoop.thirdparty.protobuf.DescriptorProtos$MethodDescriptorProtoOrBuilder
2024-11-12 13:42:06,395 INFO  EvoClassLoader - Instrumenting class 'org.apache.hadoop.thirdparty.protobuf.DescriptorProtos$MethodDescriptorProtoOrBuilder'.
2024-11-12 13:42:06,395 INFO  EvoClassLoader - Keeping class: org.apache.hadoop.thirdparty.protobuf.DescriptorProtos$MethodDescriptorProtoOrBuilder
2024-11-12 13:42:06,395 INFO  EvoClassLoader - Seeing class for first time: org.apache.commons.cli.Option
2024-11-12 13:42:06,395 INFO  EvoClassLoader - Instrumenting class 'org.apache.commons.cli.Option'.
2024-11-12 13:42:06,396 INFO  MethodCallReplacementClassAdapter - Adding mock interface to class org/apache/commons/cli/Option
2024-11-12 13:42:06,396 INFO  CreateClassResetClassAdapter - Creating brand-new static initializer in class org/apache/commons/cli/Option
2024-11-12 13:42:06,396 INFO  CreateClassResetClassAdapter - Adding bytecode for initializing field UNINITIALIZED
2024-11-12 13:42:06,396 INFO  CreateClassResetClassAdapter - Adding bytecode for initializing field UNLIMITED_VALUES
2024-11-12 13:42:06,396 INFO  EvoClassLoader - Defined package (3): package org.apache.commons.cli, -528318268
2024-11-12 13:42:06,397 INFO  EvoClassLoader - Keeping class: org.apache.commons.cli.Option
2024-11-12 13:42:06,397 INFO  EvoClassLoader - Seeing class for first time: org.apache.hadoop.net.SocketInputWrapper
2024-11-12 13:42:06,397 INFO  EvoClassLoader - Instrumenting class 'org.apache.hadoop.net.SocketInputWrapper'.
2024-11-12 13:42:06,397 INFO  MethodCallReplacementClassAdapter - Adding mock interface to class org/apache/hadoop/net/SocketInputWrapper
2024-11-12 13:42:06,398 INFO  CreateClassResetClassAdapter - Creating brand-new static initializer in class org/apache/hadoop/net/SocketInputWrapper
2024-11-12 13:42:06,398 INFO  EvoClassLoader - Keeping class: org.apache.hadoop.net.SocketInputWrapper
2024-11-12 13:42:06,398 INFO  EvoClassLoader - Seeing class for first time: org.apache.hadoop.hdfs.server.namenode.FsImageProto$SecretManagerSection
2024-11-12 13:42:06,398 INFO  EvoClassLoader - Instrumenting class 'org.apache.hadoop.hdfs.server.namenode.FsImageProto$SecretManagerSection'.
2024-11-12 13:42:06,398 INFO  MethodCallReplacementClassAdapter - Adding mock interface to class org/apache/hadoop/hdfs/server/namenode/FsImageProto$SecretManagerSection
2024-11-12 13:42:06,399 INFO  CreateClassResetClassAdapter - Found static initializer in class org/apache/hadoop/hdfs/server/namenode/FsImageProto$SecretManagerSection
2024-11-12 13:42:06,399 INFO  EvoClassLoader - Seeing class for first time: org.apache.hadoop.hdfs.server.namenode.FsImageProto$SecretManagerSectionOrBuilder
2024-11-12 13:42:06,399 INFO  EvoClassLoader - Instrumenting class 'org.apache.hadoop.hdfs.server.namenode.FsImageProto$SecretManagerSectionOrBuilder'.
2024-11-12 13:42:06,400 INFO  EvoClassLoader - Keeping class: org.apache.hadoop.hdfs.server.namenode.FsImageProto$SecretManagerSectionOrBuilder
2024-11-12 13:42:06,400 INFO  EvoClassLoader - Keeping class: org.apache.hadoop.hdfs.server.namenode.FsImageProto$SecretManagerSection
2024-11-12 13:42:06,400 INFO  EvoClassLoader - Seeing class for first time: org.apache.hadoop.hdfs.server.namenode.FsImageProto$SecretManagerSection$1
2024-11-12 13:42:06,400 INFO  EvoClassLoader - Instrumenting class 'org.apache.hadoop.hdfs.server.namenode.FsImageProto$SecretManagerSection$1'.
2024-11-12 13:42:06,400 INFO  MethodCallReplacementClassAdapter - Adding mock interface to class org/apache/hadoop/hdfs/server/namenode/FsImageProto$SecretManagerSection$1
2024-11-12 13:42:06,401 INFO  EvoClassLoader - Keeping class: org.apache.hadoop.hdfs.server.namenode.FsImageProto$SecretManagerSection$1
2024-11-12 13:42:06,401 INFO  EvoClassLoader - Seeing class for first time: org.apache.hadoop.hdfs.server.blockmanagement.BlockInfo
2024-11-12 13:42:06,401 INFO  EvoClassLoader - Instrumenting class 'org.apache.hadoop.hdfs.server.blockmanagement.BlockInfo'.
2024-11-12 13:42:06,401 INFO  MethodCallReplacementClassAdapter - Adding mock interface to class org/apache/hadoop/hdfs/server/blockmanagement/BlockInfo
2024-11-12 13:42:06,401 INFO  CreateClassResetClassAdapter - Found static initializer in class org/apache/hadoop/hdfs/server/blockmanagement/BlockInfo
2024-11-12 13:42:06,402 INFO  EvoClassLoader - Seeing class for first time: org.apache.hadoop.hdfs.protocol.Block
2024-11-12 13:42:06,402 INFO  EvoClassLoader - Instrumenting class 'org.apache.hadoop.hdfs.protocol.Block'.
2024-11-12 13:42:06,402 INFO  MethodCallReplacementClassAdapter - Adding mock interface to class org/apache/hadoop/hdfs/protocol/Block
2024-11-12 13:42:06,403 INFO  CreateClassResetClassAdapter - Found static initializer in class org/apache/hadoop/hdfs/protocol/Block
2024-11-12 13:42:06,403 INFO  EvoClassLoader - Keeping class: org.apache.hadoop.hdfs.protocol.Block
2024-11-12 13:42:06,403 INFO  EvoClassLoader - Keeping class: org.apache.hadoop.hdfs.server.blockmanagement.BlockInfo
2024-11-12 13:42:06,404 INFO  EvoClassLoader - Seeing class for first time: org.apache.hadoop.hdfs.protocol.Block$1
2024-11-12 13:42:06,404 INFO  EvoClassLoader - Instrumenting class 'org.apache.hadoop.hdfs.protocol.Block$1'.
2024-11-12 13:42:06,404 INFO  MethodCallReplacementClassAdapter - Adding mock interface to class org/apache/hadoop/hdfs/protocol/Block$1
2024-11-12 13:42:06,404 INFO  EvoClassLoader - Keeping class: org.apache.hadoop.hdfs.protocol.Block$1
2024-11-12 13:42:06,404 INFO  EvoClassLoader - Seeing class for first time: org.apache.hadoop.hdfs.server.namenode.FSDirectory
2024-11-12 13:42:06,404 INFO  EvoClassLoader - Instrumenting class 'org.apache.hadoop.hdfs.server.namenode.FSDirectory'.
2024-11-12 13:42:06,405 INFO  MethodCallReplacementClassAdapter - Adding mock interface to class org/apache/hadoop/hdfs/server/namenode/FSDirectory
2024-11-12 13:42:06,410 INFO  CreateClassResetClassAdapter - Found static initializer in class org/apache/hadoop/hdfs/server/namenode/FSDirectory
2024-11-12 13:42:06,411 INFO  EvoClassLoader - Keeping class: org.apache.hadoop.hdfs.server.namenode.FSDirectory
2024-11-12 13:42:06,411 INFO  EvoClassLoader - Seeing class for first time: org.apache.hadoop.hdfs.server.namenode.FSDirectory$InitQuotaTask
2024-11-12 13:42:06,411 INFO  EvoClassLoader - Instrumenting class 'org.apache.hadoop.hdfs.server.namenode.FSDirectory$InitQuotaTask'.
2024-11-12 13:42:06,412 INFO  MethodCallReplacementClassAdapter - Adding mock interface to class org/apache/hadoop/hdfs/server/namenode/FSDirectory$InitQuotaTask
2024-11-12 13:42:06,412 INFO  CreateClassResetClassAdapter - Creating brand-new static initializer in class org/apache/hadoop/hdfs/server/namenode/FSDirectory$InitQuotaTask
2024-11-12 13:42:06,412 INFO  EvoClassLoader - Keeping class: org.apache.hadoop.hdfs.server.namenode.FSDirectory$InitQuotaTask
2024-11-12 13:42:06,412 INFO  EvoClassLoader - Seeing class for first time: org.apache.hadoop.hdfs.protocol.SnapshotAccessControlException
2024-11-12 13:42:06,412 INFO  EvoClassLoader - Instrumenting class 'org.apache.hadoop.hdfs.protocol.SnapshotAccessControlException'.
2024-11-12 13:42:06,412 INFO  MethodCallReplacementClassAdapter - Adding mock interface to class org/apache/hadoop/hdfs/protocol/SnapshotAccessControlException
2024-11-12 13:42:06,412 INFO  CreateClassResetClassAdapter - Creating brand-new static initializer in class org/apache/hadoop/hdfs/protocol/SnapshotAccessControlException
2024-11-12 13:42:06,412 INFO  EvoClassLoader - Keeping class: org.apache.hadoop.hdfs.protocol.SnapshotAccessControlException
2024-11-12 13:42:06,413 INFO  EvoClassLoader - Seeing class for first time: org.apache.hadoop.hdfs.protocol.QuotaExceededException
2024-11-12 13:42:06,413 INFO  EvoClassLoader - Instrumenting class 'org.apache.hadoop.hdfs.protocol.QuotaExceededException'.
2024-11-12 13:42:06,413 INFO  MethodCallReplacementClassAdapter - Adding mock interface to class org/apache/hadoop/hdfs/protocol/QuotaExceededException
2024-11-12 13:42:06,413 INFO  CreateClassResetClassAdapter - Creating brand-new static initializer in class org/apache/hadoop/hdfs/protocol/QuotaExceededException
2024-11-12 13:42:06,413 INFO  EvoClassLoader - Seeing class for first time: org.apache.hadoop.fs.ClusterStorageCapacityExceededException
2024-11-12 13:42:06,413 INFO  EvoClassLoader - Instrumenting class 'org.apache.hadoop.fs.ClusterStorageCapacityExceededException'.
2024-11-12 13:42:06,413 INFO  MethodCallReplacementClassAdapter - Adding mock interface to class org/apache/hadoop/fs/ClusterStorageCapacityExceededException
2024-11-12 13:42:06,413 INFO  CreateClassResetClassAdapter - Creating brand-new static initializer in class org/apache/hadoop/fs/ClusterStorageCapacityExceededException
2024-11-12 13:42:06,413 INFO  EvoClassLoader - Keeping class: org.apache.hadoop.fs.ClusterStorageCapacityExceededException
2024-11-12 13:42:06,413 INFO  EvoClassLoader - Keeping class: org.apache.hadoop.hdfs.protocol.QuotaExceededException
2024-11-12 13:42:06,413 INFO  EvoClassLoader - Seeing class for first time: org.apache.hadoop.hdfs.protocol.FSLimitException$PathComponentTooLongException
2024-11-12 13:42:06,413 INFO  EvoClassLoader - Instrumenting class 'org.apache.hadoop.hdfs.protocol.FSLimitException$PathComponentTooLongException'.
2024-11-12 13:42:06,413 INFO  MethodCallReplacementClassAdapter - Adding mock interface to class org/apache/hadoop/hdfs/protocol/FSLimitException$PathComponentTooLongException
2024-11-12 13:42:06,414 INFO  CreateClassResetClassAdapter - Creating brand-new static initializer in class org/apache/hadoop/hdfs/protocol/FSLimitException$PathComponentTooLongException
2024-11-12 13:42:06,414 INFO  EvoClassLoader - Seeing class for first time: org.apache.hadoop.hdfs.protocol.FSLimitException
2024-11-12 13:42:06,414 INFO  EvoClassLoader - Instrumenting class 'org.apache.hadoop.hdfs.protocol.FSLimitException'.
2024-11-12 13:42:06,414 INFO  MethodCallReplacementClassAdapter - Adding mock interface to class org/apache/hadoop/hdfs/protocol/FSLimitException
2024-11-12 13:42:06,414 INFO  CreateClassResetClassAdapter - Creating brand-new static initializer in class org/apache/hadoop/hdfs/protocol/FSLimitException
2024-11-12 13:42:06,414 INFO  EvoClassLoader - Keeping class: org.apache.hadoop.hdfs.protocol.FSLimitException
2024-11-12 13:42:06,414 INFO  EvoClassLoader - Keeping class: org.apache.hadoop.hdfs.protocol.FSLimitException$PathComponentTooLongException
2024-11-12 13:42:06,414 INFO  EvoClassLoader - Seeing class for first time: org.apache.hadoop.hdfs.protocol.FSLimitException$MaxDirectoryItemsExceededException
2024-11-12 13:42:06,414 INFO  EvoClassLoader - Instrumenting class 'org.apache.hadoop.hdfs.protocol.FSLimitException$MaxDirectoryItemsExceededException'.
2024-11-12 13:42:06,414 INFO  MethodCallReplacementClassAdapter - Adding mock interface to class org/apache/hadoop/hdfs/protocol/FSLimitException$MaxDirectoryItemsExceededException
2024-11-12 13:42:06,414 INFO  CreateClassResetClassAdapter - Creating brand-new static initializer in class org/apache/hadoop/hdfs/protocol/FSLimitException$MaxDirectoryItemsExceededException
2024-11-12 13:42:06,414 INFO  EvoClassLoader - Keeping class: org.apache.hadoop.hdfs.protocol.FSLimitException$MaxDirectoryItemsExceededException
2024-11-12 13:42:06,415 INFO  EvoClassLoader - Seeing class for first time: org.apache.hadoop.hdfs.DFSUtil
2024-11-12 13:42:06,415 INFO  EvoClassLoader - Instrumenting class 'org.apache.hadoop.hdfs.DFSUtil'.
2024-11-12 13:42:06,416 INFO  MethodCallReplacementClassAdapter - Adding mock interface to class org/apache/hadoop/hdfs/DFSUtil
2024-11-12 13:42:06,418 INFO  CreateClassResetClassAdapter - Found static initializer in class org/apache/hadoop/hdfs/DFSUtil
2024-11-12 13:42:06,419 INFO  EvoClassLoader - Defined package (3): package org.apache.hadoop.hdfs, 101186972
2024-11-12 13:42:06,420 INFO  EvoClassLoader - Keeping class: org.apache.hadoop.hdfs.DFSUtil
2024-11-12 13:42:06,420 INFO  EvoClassLoader - Seeing class for first time: org.apache.hadoop.hdfs.DFSUtil$1
2024-11-12 13:42:06,420 INFO  EvoClassLoader - Instrumenting class 'org.apache.hadoop.hdfs.DFSUtil$1'.
2024-11-12 13:42:06,420 INFO  MethodCallReplacementClassAdapter - Adding mock interface to class org/apache/hadoop/hdfs/DFSUtil$1
2024-11-12 13:42:06,420 INFO  EvoClassLoader - Keeping class: org.apache.hadoop.hdfs.DFSUtil$1
2024-11-12 13:42:06,420 INFO  EvoClassLoader - Seeing class for first time: org.apache.hadoop.hdfs.DFSUtil$AddressMatcher
2024-11-12 13:42:06,420 INFO  EvoClassLoader - Instrumenting class 'org.apache.hadoop.hdfs.DFSUtil$AddressMatcher'.
2024-11-12 13:42:06,420 INFO  EvoClassLoader - Keeping class: org.apache.hadoop.hdfs.DFSUtil$AddressMatcher
2024-11-12 13:42:06,421 INFO  EvoClassLoader - Seeing class for first time: org.apache.commons.cli.ParseException
2024-11-12 13:42:06,421 INFO  EvoClassLoader - Instrumenting class 'org.apache.commons.cli.ParseException'.
2024-11-12 13:42:06,421 INFO  MethodCallReplacementClassAdapter - Adding mock interface to class org/apache/commons/cli/ParseException
2024-11-12 13:42:06,421 INFO  CreateClassResetClassAdapter - Creating brand-new static initializer in class org/apache/commons/cli/ParseException
2024-11-12 13:42:06,421 INFO  EvoClassLoader - Keeping class: org.apache.commons.cli.ParseException
2024-11-12 13:42:06,421 INFO  EvoClassLoader - Seeing class for first time: org.apache.commons.cli.CommandLineParser
2024-11-12 13:42:06,421 INFO  EvoClassLoader - Instrumenting class 'org.apache.commons.cli.CommandLineParser'.
2024-11-12 13:42:06,422 INFO  EvoClassLoader - Keeping class: org.apache.commons.cli.CommandLineParser
2024-11-12 13:42:06,422 INFO  EvoClassLoader - Seeing class for first time: org.apache.hadoop.hdfs.DFSUtil$2
2024-11-12 13:42:06,422 INFO  EvoClassLoader - Instrumenting class 'org.apache.hadoop.hdfs.DFSUtil$2'.
2024-11-12 13:42:06,422 INFO  MethodCallReplacementClassAdapter - Adding mock interface to class org/apache/hadoop/hdfs/DFSUtil$2
2024-11-12 13:42:06,422 INFO  EvoClassLoader - Keeping class: org.apache.hadoop.hdfs.DFSUtil$2
2024-11-12 13:42:06,422 INFO  EvoClassLoader - Seeing class for first time: org.apache.commons.cli.Options
2024-11-12 13:42:06,422 INFO  EvoClassLoader - Instrumenting class 'org.apache.commons.cli.Options'.
2024-11-12 13:42:06,422 INFO  MethodCallReplacementClassAdapter - Adding mock interface to class org/apache/commons/cli/Options
2024-11-12 13:42:06,422 INFO  CreateClassResetClassAdapter - Creating brand-new static initializer in class org/apache/commons/cli/Options
2024-11-12 13:42:06,423 INFO  EvoClassLoader - Keeping class: org.apache.commons.cli.Options
2024-11-12 13:42:06,423 INFO  EvoClassLoader - Seeing class for first time: org.apache.commons.cli.OptionValidator
2024-11-12 13:42:06,423 INFO  EvoClassLoader - Instrumenting class 'org.apache.commons.cli.OptionValidator'.
2024-11-12 13:42:06,423 INFO  MethodCallReplacementClassAdapter - Adding mock interface to class org/apache/commons/cli/OptionValidator
2024-11-12 13:42:06,424 INFO  CreateClassResetClassAdapter - Creating brand-new static initializer in class org/apache/commons/cli/OptionValidator
2024-11-12 13:42:06,424 INFO  EvoClassLoader - Keeping class: org.apache.commons.cli.OptionValidator
2024-11-12 13:42:06,424 INFO  EvoClassLoader - Seeing class for first time: org.apache.hadoop.hdfs.DFSUtilClient
2024-11-12 13:42:06,424 INFO  EvoClassLoader - Instrumenting class 'org.apache.hadoop.hdfs.DFSUtilClient'.
2024-11-12 13:42:06,425 INFO  MethodCallReplacementClassAdapter - Adding mock interface to class org/apache/hadoop/hdfs/DFSUtilClient
2024-11-12 13:42:06,427 INFO  CreateClassResetClassAdapter - Found static initializer in class org/apache/hadoop/hdfs/DFSUtilClient
2024-11-12 13:42:06,428 INFO  EvoClassLoader - Keeping class: org.apache.hadoop.hdfs.DFSUtilClient
2024-11-12 13:42:06,428 INFO  EvoClassLoader - Seeing class for first time: org.apache.hadoop.hdfs.net.Peer
2024-11-12 13:42:06,428 INFO  EvoClassLoader - Instrumenting class 'org.apache.hadoop.hdfs.net.Peer'.
2024-11-12 13:42:06,428 INFO  EvoClassLoader - Defined package (3): package org.apache.hadoop.hdfs.net, -1603378613
2024-11-12 13:42:06,428 INFO  EvoClassLoader - Keeping class: org.apache.hadoop.hdfs.net.Peer
2024-11-12 13:42:06,428 INFO  EvoClassLoader - Seeing class for first time: org.apache.hadoop.hdfs.protocol.ClientDatanodeProtocol
2024-11-12 13:42:06,428 INFO  EvoClassLoader - Instrumenting class 'org.apache.hadoop.hdfs.protocol.ClientDatanodeProtocol'.
2024-11-12 13:42:06,429 INFO  EvoClassLoader - Keeping class: org.apache.hadoop.hdfs.protocol.ClientDatanodeProtocol
2024-11-12 13:42:06,429 INFO  EvoClassLoader - Seeing class for first time: org.apache.hadoop.hdfs.protocol.ReconfigurationProtocol
2024-11-12 13:42:06,429 INFO  EvoClassLoader - Instrumenting class 'org.apache.hadoop.hdfs.protocol.ReconfigurationProtocol'.
2024-11-12 13:42:06,429 INFO  EvoClassLoader - Keeping class: org.apache.hadoop.hdfs.protocol.ReconfigurationProtocol
2024-11-12 13:42:06,429 INFO  EvoClassLoader - Seeing class for first time: org.apache.hadoop.hdfs.protocol.HdfsFileStatus$Builder
2024-11-12 13:42:06,429 INFO  EvoClassLoader - Instrumenting class 'org.apache.hadoop.hdfs.protocol.HdfsFileStatus$Builder'.
2024-11-12 13:42:06,429 INFO  MethodCallReplacementClassAdapter - Adding mock interface to class org/apache/hadoop/hdfs/protocol/HdfsFileStatus$Builder
2024-11-12 13:42:06,430 INFO  CreateClassResetClassAdapter - Creating brand-new static initializer in class org/apache/hadoop/hdfs/protocol/HdfsFileStatus$Builder
2024-11-12 13:42:06,430 INFO  EvoClassLoader - Keeping class: org.apache.hadoop.hdfs.protocol.HdfsFileStatus$Builder
2024-11-12 13:42:06,430 INFO  EvoClassLoader - Seeing class for first time: org.apache.hadoop.hdfs.protocol.HdfsFileStatus
2024-11-12 13:42:06,430 INFO  EvoClassLoader - Instrumenting class 'org.apache.hadoop.hdfs.protocol.HdfsFileStatus'.
2024-11-12 13:42:06,430 INFO  EvoClassLoader - Keeping class: org.apache.hadoop.hdfs.protocol.HdfsFileStatus
2024-11-12 13:42:06,431 INFO  EvoClassLoader - Seeing class for first time: org.apache.hadoop.hdfs.protocol.HdfsFileStatus$1
2024-11-12 13:42:06,431 INFO  EvoClassLoader - Instrumenting class 'org.apache.hadoop.hdfs.protocol.HdfsFileStatus$1'.
2024-11-12 13:42:06,431 INFO  MethodCallReplacementClassAdapter - Adding mock interface to class org/apache/hadoop/hdfs/protocol/HdfsFileStatus$1
2024-11-12 13:42:06,431 INFO  EvoClassLoader - Keeping class: org.apache.hadoop.hdfs.protocol.HdfsFileStatus$1
2024-11-12 13:42:06,431 INFO  EvoClassLoader - Seeing class for first time: org.apache.hadoop.hdfs.protocol.HdfsLocatedFileStatus
2024-11-12 13:42:06,431 INFO  EvoClassLoader - Instrumenting class 'org.apache.hadoop.hdfs.protocol.HdfsLocatedFileStatus'.
2024-11-12 13:42:06,431 INFO  MethodCallReplacementClassAdapter - Adding mock interface to class org/apache/hadoop/hdfs/protocol/HdfsLocatedFileStatus
2024-11-12 13:42:06,432 INFO  CreateClassResetClassAdapter - Creating brand-new static initializer in class org/apache/hadoop/hdfs/protocol/HdfsLocatedFileStatus
2024-11-12 13:42:06,432 INFO  EvoClassLoader - Seeing class for first time: org.apache.hadoop.fs.LocatedFileStatus
2024-11-12 13:42:06,432 INFO  EvoClassLoader - Instrumenting class 'org.apache.hadoop.fs.LocatedFileStatus'.
2024-11-12 13:42:06,432 INFO  MethodCallReplacementClassAdapter - Adding mock interface to class org/apache/hadoop/fs/LocatedFileStatus
2024-11-12 13:42:06,433 INFO  CreateClassResetClassAdapter - Creating brand-new static initializer in class org/apache/hadoop/fs/LocatedFileStatus
2024-11-12 13:42:06,433 INFO  EvoClassLoader - Keeping class: org.apache.hadoop.fs.LocatedFileStatus
2024-11-12 13:42:06,433 INFO  EvoClassLoader - Keeping class: org.apache.hadoop.hdfs.protocol.HdfsLocatedFileStatus
2024-11-12 13:42:06,434 INFO  EvoClassLoader - Seeing class for first time: org.apache.hadoop.hdfs.server.namenode.FsImageProto$INodeSection$FileUnderConstructionFeature
2024-11-12 13:42:06,434 INFO  EvoClassLoader - Instrumenting class 'org.apache.hadoop.hdfs.server.namenode.FsImageProto$INodeSection$FileUnderConstructionFeature'.
2024-11-12 13:42:06,434 INFO  MethodCallReplacementClassAdapter - Adding mock interface to class org/apache/hadoop/hdfs/server/namenode/FsImageProto$INodeSection$FileUnderConstructionFeature
2024-11-12 13:42:06,435 INFO  CreateClassResetClassAdapter - Found static initializer in class org/apache/hadoop/hdfs/server/namenode/FsImageProto$INodeSection$FileUnderConstructionFeature
2024-11-12 13:42:06,435 INFO  EvoClassLoader - Keeping class: org.apache.hadoop.hdfs.server.namenode.FsImageProto$INodeSection$FileUnderConstructionFeature
2024-11-12 13:42:06,436 INFO  EvoClassLoader - Seeing class for first time: org.apache.hadoop.hdfs.server.namenode.FsImageProto$INodeSection$FileUnderConstructionFeature$1
2024-11-12 13:42:06,436 INFO  EvoClassLoader - Instrumenting class 'org.apache.hadoop.hdfs.server.namenode.FsImageProto$INodeSection$FileUnderConstructionFeature$1'.
2024-11-12 13:42:06,436 INFO  MethodCallReplacementClassAdapter - Adding mock interface to class org/apache/hadoop/hdfs/server/namenode/FsImageProto$INodeSection$FileUnderConstructionFeature$1
2024-11-12 13:42:06,436 INFO  EvoClassLoader - Keeping class: org.apache.hadoop.hdfs.server.namenode.FsImageProto$INodeSection$FileUnderConstructionFeature$1
2024-11-12 13:42:06,436 INFO  EvoClassLoader - Seeing class for first time: org.apache.hadoop.hdfs.server.namenode.FsImageProto$StringTableSection
2024-11-12 13:42:06,436 INFO  EvoClassLoader - Instrumenting class 'org.apache.hadoop.hdfs.server.namenode.FsImageProto$StringTableSection'.
2024-11-12 13:42:06,436 INFO  MethodCallReplacementClassAdapter - Adding mock interface to class org/apache/hadoop/hdfs/server/namenode/FsImageProto$StringTableSection
2024-11-12 13:42:06,437 INFO  CreateClassResetClassAdapter - Found static initializer in class org/apache/hadoop/hdfs/server/namenode/FsImageProto$StringTableSection
2024-11-12 13:42:06,437 INFO  EvoClassLoader - Seeing class for first time: org.apache.hadoop.hdfs.server.namenode.FsImageProto$StringTableSectionOrBuilder
2024-11-12 13:42:06,437 INFO  EvoClassLoader - Instrumenting class 'org.apache.hadoop.hdfs.server.namenode.FsImageProto$StringTableSectionOrBuilder'.
2024-11-12 13:42:06,437 INFO  EvoClassLoader - Keeping class: org.apache.hadoop.hdfs.server.namenode.FsImageProto$StringTableSectionOrBuilder
2024-11-12 13:42:06,437 INFO  EvoClassLoader - Keeping class: org.apache.hadoop.hdfs.server.namenode.FsImageProto$StringTableSection
2024-11-12 13:42:06,438 INFO  EvoClassLoader - Seeing class for first time: org.apache.hadoop.hdfs.server.namenode.FsImageProto$StringTableSection$1
2024-11-12 13:42:06,438 INFO  EvoClassLoader - Instrumenting class 'org.apache.hadoop.hdfs.server.namenode.FsImageProto$StringTableSection$1'.
2024-11-12 13:42:06,438 INFO  MethodCallReplacementClassAdapter - Adding mock interface to class org/apache/hadoop/hdfs/server/namenode/FsImageProto$StringTableSection$1
2024-11-12 13:42:06,438 INFO  EvoClassLoader - Keeping class: org.apache.hadoop.hdfs.server.namenode.FsImageProto$StringTableSection$1
2024-11-12 13:42:06,438 INFO  EvoClassLoader - Seeing class for first time: org.apache.hadoop.hdfs.server.namenode.FsImageProto$INodeSection$INodeFile$Builder
2024-11-12 13:42:06,438 INFO  EvoClassLoader - Instrumenting class 'org.apache.hadoop.hdfs.server.namenode.FsImageProto$INodeSection$INodeFile$Builder'.
2024-11-12 13:42:06,438 INFO  MethodCallReplacementClassAdapter - Adding mock interface to class org/apache/hadoop/hdfs/server/namenode/FsImageProto$INodeSection$INodeFile$Builder
2024-11-12 13:42:06,439 INFO  CreateClassResetClassAdapter - Creating brand-new static initializer in class org/apache/hadoop/hdfs/server/namenode/FsImageProto$INodeSection$INodeFile$Builder
2024-11-12 13:42:06,440 INFO  EvoClassLoader - Keeping class: org.apache.hadoop.hdfs.server.namenode.FsImageProto$INodeSection$INodeFile$Builder
2024-11-12 13:42:06,441 INFO  EvoClassLoader - Seeing class for first time: org.apache.hadoop.thirdparty.protobuf.UninitializedMessageException
2024-11-12 13:42:06,441 INFO  EvoClassLoader - Instrumenting class 'org.apache.hadoop.thirdparty.protobuf.UninitializedMessageException'.
2024-11-12 13:42:06,441 INFO  MethodCallReplacementClassAdapter - Adding mock interface to class org/apache/hadoop/thirdparty/protobuf/UninitializedMessageException
2024-11-12 13:42:06,441 INFO  CreateClassResetClassAdapter - Creating brand-new static initializer in class org/apache/hadoop/thirdparty/protobuf/UninitializedMessageException
2024-11-12 13:42:06,441 INFO  EvoClassLoader - Keeping class: org.apache.hadoop.thirdparty.protobuf.UninitializedMessageException
2024-11-12 13:42:06,441 INFO  EvoClassLoader - Seeing class for first time: org.apache.hadoop.hdfs.server.namenode.FsImageProto$INodeSection$AclFeatureProto
2024-11-12 13:42:06,442 INFO  EvoClassLoader - Instrumenting class 'org.apache.hadoop.hdfs.server.namenode.FsImageProto$INodeSection$AclFeatureProto'.
2024-11-12 13:42:06,442 INFO  MethodCallReplacementClassAdapter - Adding mock interface to class org/apache/hadoop/hdfs/server/namenode/FsImageProto$INodeSection$AclFeatureProto
2024-11-12 13:42:06,443 INFO  CreateClassResetClassAdapter - Found static initializer in class org/apache/hadoop/hdfs/server/namenode/FsImageProto$INodeSection$AclFeatureProto
2024-11-12 13:42:06,444 INFO  EvoClassLoader - Seeing class for first time: org.apache.hadoop.hdfs.server.namenode.FsImageProto$INodeSection$AclFeatureProtoOrBuilder
2024-11-12 13:42:06,444 INFO  EvoClassLoader - Instrumenting class 'org.apache.hadoop.hdfs.server.namenode.FsImageProto$INodeSection$AclFeatureProtoOrBuilder'.
2024-11-12 13:42:06,445 INFO  EvoClassLoader - Keeping class: org.apache.hadoop.hdfs.server.namenode.FsImageProto$INodeSection$AclFeatureProtoOrBuilder
2024-11-12 13:42:06,445 INFO  EvoClassLoader - Keeping class: org.apache.hadoop.hdfs.server.namenode.FsImageProto$INodeSection$AclFeatureProto
2024-11-12 13:42:06,446 INFO  EvoClassLoader - Seeing class for first time: org.apache.hadoop.hdfs.server.namenode.FsImageProto$FilesUnderConstructionSection
2024-11-12 13:42:06,446 INFO  EvoClassLoader - Instrumenting class 'org.apache.hadoop.hdfs.server.namenode.FsImageProto$FilesUnderConstructionSection'.
2024-11-12 13:42:06,446 INFO  MethodCallReplacementClassAdapter - Adding mock interface to class org/apache/hadoop/hdfs/server/namenode/FsImageProto$FilesUnderConstructionSection
2024-11-12 13:42:06,447 INFO  CreateClassResetClassAdapter - Found static initializer in class org/apache/hadoop/hdfs/server/namenode/FsImageProto$FilesUnderConstructionSection
2024-11-12 13:42:06,447 INFO  EvoClassLoader - Seeing class for first time: org.apache.hadoop.hdfs.server.namenode.FsImageProto$FilesUnderConstructionSectionOrBuilder
2024-11-12 13:42:06,447 INFO  EvoClassLoader - Instrumenting class 'org.apache.hadoop.hdfs.server.namenode.FsImageProto$FilesUnderConstructionSectionOrBuilder'.
2024-11-12 13:42:06,448 INFO  EvoClassLoader - Keeping class: org.apache.hadoop.hdfs.server.namenode.FsImageProto$FilesUnderConstructionSectionOrBuilder
2024-11-12 13:42:06,448 INFO  EvoClassLoader - Keeping class: org.apache.hadoop.hdfs.server.namenode.FsImageProto$FilesUnderConstructionSection
2024-11-12 13:42:06,448 INFO  EvoClassLoader - Seeing class for first time: org.apache.hadoop.hdfs.server.namenode.FsImageProto$FilesUnderConstructionSection$1
2024-11-12 13:42:06,448 INFO  EvoClassLoader - Instrumenting class 'org.apache.hadoop.hdfs.server.namenode.FsImageProto$FilesUnderConstructionSection$1'.
2024-11-12 13:42:06,448 INFO  MethodCallReplacementClassAdapter - Adding mock interface to class org/apache/hadoop/hdfs/server/namenode/FsImageProto$FilesUnderConstructionSection$1
2024-11-12 13:42:06,448 INFO  EvoClassLoader - Keeping class: org.apache.hadoop.hdfs.server.namenode.FsImageProto$FilesUnderConstructionSection$1
2024-11-12 13:42:06,449 INFO  EvoClassLoader - Seeing class for first time: org.apache.hadoop.fs.Seekable
2024-11-12 13:42:06,449 INFO  EvoClassLoader - Instrumenting class 'org.apache.hadoop.fs.Seekable'.
2024-11-12 13:42:06,449 INFO  EvoClassLoader - Keeping class: org.apache.hadoop.fs.Seekable
2024-11-12 13:42:06,449 INFO  EvoClassLoader - Seeing class for first time: org.apache.hadoop.thirdparty.com.google.common.collect.Iterators
2024-11-12 13:42:06,449 INFO  EvoClassLoader - Instrumenting class 'org.apache.hadoop.thirdparty.com.google.common.collect.Iterators'.
2024-11-12 13:42:06,450 INFO  MethodCallReplacementClassAdapter - Adding mock interface to class org/apache/hadoop/thirdparty/com/google/common/collect/Iterators
2024-11-12 13:42:06,451 INFO  CreateClassResetClassAdapter - Creating brand-new static initializer in class org/apache/hadoop/thirdparty/com/google/common/collect/Iterators
2024-11-12 13:42:06,452 INFO  EvoClassLoader - Keeping class: org.apache.hadoop.thirdparty.com.google.common.collect.Iterators
2024-11-12 13:42:06,452 INFO  EvoClassLoader - Seeing class for first time: org.apache.hadoop.thirdparty.com.google.common.collect.Iterators$1
2024-11-12 13:42:06,452 INFO  EvoClassLoader - Instrumenting class 'org.apache.hadoop.thirdparty.com.google.common.collect.Iterators$1'.
2024-11-12 13:42:06,452 INFO  MethodCallReplacementClassAdapter - Adding mock interface to class org/apache/hadoop/thirdparty/com/google/common/collect/Iterators$1
2024-11-12 13:42:06,453 INFO  EvoClassLoader - Keeping class: org.apache.hadoop.thirdparty.com.google.common.collect.Iterators$1
2024-11-12 13:42:06,453 INFO  EvoClassLoader - Seeing class for first time: org.apache.hadoop.thirdparty.com.google.common.collect.Iterators$10
2024-11-12 13:42:06,453 INFO  EvoClassLoader - Instrumenting class 'org.apache.hadoop.thirdparty.com.google.common.collect.Iterators$10'.
2024-11-12 13:42:06,453 INFO  MethodCallReplacementClassAdapter - Adding mock interface to class org/apache/hadoop/thirdparty/com/google/common/collect/Iterators$10
2024-11-12 13:42:06,453 INFO  EvoClassLoader - Keeping class: org.apache.hadoop.thirdparty.com.google.common.collect.Iterators$10
2024-11-12 13:42:06,453 INFO  EvoClassLoader - Seeing class for first time: org.apache.hadoop.thirdparty.com.google.common.collect.PeekingIterator
2024-11-12 13:42:06,453 INFO  EvoClassLoader - Instrumenting class 'org.apache.hadoop.thirdparty.com.google.common.collect.PeekingIterator'.
2024-11-12 13:42:06,454 INFO  EvoClassLoader - Keeping class: org.apache.hadoop.thirdparty.com.google.common.collect.PeekingIterator
2024-11-12 13:42:06,454 INFO  EvoClassLoader - Seeing class for first time: org.apache.hadoop.thirdparty.com.google.common.collect.Iterators$MergingIterator
2024-11-12 13:42:06,454 INFO  EvoClassLoader - Instrumenting class 'org.apache.hadoop.thirdparty.com.google.common.collect.Iterators$MergingIterator'.
2024-11-12 13:42:06,454 INFO  MethodCallReplacementClassAdapter - Adding mock interface to class org/apache/hadoop/thirdparty/com/google/common/collect/Iterators$MergingIterator
2024-11-12 13:42:06,454 INFO  CreateClassResetClassAdapter - Creating brand-new static initializer in class org/apache/hadoop/thirdparty/com/google/common/collect/Iterators$MergingIterator
2024-11-12 13:42:06,454 INFO  EvoClassLoader - Keeping class: org.apache.hadoop.thirdparty.com.google.common.collect.Iterators$MergingIterator
2024-11-12 13:42:06,454 INFO  EvoClassLoader - Seeing class for first time: org.apache.hadoop.thirdparty.com.google.common.collect.Iterators$4
2024-11-12 13:42:06,454 INFO  EvoClassLoader - Instrumenting class 'org.apache.hadoop.thirdparty.com.google.common.collect.Iterators$4'.
2024-11-12 13:42:06,454 INFO  MethodCallReplacementClassAdapter - Adding mock interface to class org/apache/hadoop/thirdparty/com/google/common/collect/Iterators$4
2024-11-12 13:42:06,454 INFO  EvoClassLoader - Keeping class: org.apache.hadoop.thirdparty.com.google.common.collect.Iterators$4
2024-11-12 13:42:06,454 INFO  EvoClassLoader - Seeing class for first time: org.apache.hadoop.thirdparty.com.google.common.collect.Iterators$9
2024-11-12 13:42:06,454 INFO  EvoClassLoader - Instrumenting class 'org.apache.hadoop.thirdparty.com.google.common.collect.Iterators$9'.
2024-11-12 13:42:06,455 INFO  MethodCallReplacementClassAdapter - Adding mock interface to class org/apache/hadoop/thirdparty/com/google/common/collect/Iterators$9
2024-11-12 13:42:06,455 INFO  EvoClassLoader - Keeping class: org.apache.hadoop.thirdparty.com.google.common.collect.Iterators$9
2024-11-12 13:42:06,455 INFO  EvoClassLoader - Seeing class for first time: org.apache.hadoop.thirdparty.com.google.common.collect.Iterators$5
2024-11-12 13:42:06,455 INFO  EvoClassLoader - Instrumenting class 'org.apache.hadoop.thirdparty.com.google.common.collect.Iterators$5'.
2024-11-12 13:42:06,455 INFO  MethodCallReplacementClassAdapter - Adding mock interface to class org/apache/hadoop/thirdparty/com/google/common/collect/Iterators$5
2024-11-12 13:42:06,455 INFO  EvoClassLoader - Keeping class: org.apache.hadoop.thirdparty.com.google.common.collect.Iterators$5
2024-11-12 13:42:06,455 INFO  EvoClassLoader - Seeing class for first time: org.apache.hadoop.thirdparty.protobuf.DescriptorProtos$EnumValueOptionsOrBuilder
2024-11-12 13:42:06,455 INFO  EvoClassLoader - Instrumenting class 'org.apache.hadoop.thirdparty.protobuf.DescriptorProtos$EnumValueOptionsOrBuilder'.
2024-11-12 13:42:06,455 INFO  EvoClassLoader - Keeping class: org.apache.hadoop.thirdparty.protobuf.DescriptorProtos$EnumValueOptionsOrBuilder
2024-11-12 13:42:06,456 INFO  EvoClassLoader - Seeing class for first time: org.apache.hadoop.thirdparty.protobuf.WireFormat
2024-11-12 13:42:06,456 INFO  EvoClassLoader - Instrumenting class 'org.apache.hadoop.thirdparty.protobuf.WireFormat'.
2024-11-12 13:42:06,456 INFO  MethodCallReplacementClassAdapter - Adding mock interface to class org/apache/hadoop/thirdparty/protobuf/WireFormat
2024-11-12 13:42:06,456 INFO  CreateClassResetClassAdapter - Found static initializer in class org/apache/hadoop/thirdparty/protobuf/WireFormat
2024-11-12 13:42:06,457 INFO  EvoClassLoader - Keeping class: org.apache.hadoop.thirdparty.protobuf.WireFormat
2024-11-12 13:42:06,457 INFO  EvoClassLoader - Seeing class for first time: org.apache.hadoop.thirdparty.protobuf.UnknownFieldSet$Builder
2024-11-12 13:42:06,457 INFO  EvoClassLoader - Instrumenting class 'org.apache.hadoop.thirdparty.protobuf.UnknownFieldSet$Builder'.
2024-11-12 13:42:06,457 INFO  MethodCallReplacementClassAdapter - Adding mock interface to class org/apache/hadoop/thirdparty/protobuf/UnknownFieldSet$Builder
2024-11-12 13:42:06,458 INFO  CreateClassResetClassAdapter - Creating brand-new static initializer in class org/apache/hadoop/thirdparty/protobuf/UnknownFieldSet$Builder
2024-11-12 13:42:06,458 INFO  EvoClassLoader - Keeping class: org.apache.hadoop.thirdparty.protobuf.UnknownFieldSet$Builder
2024-11-12 13:42:06,458 INFO  EvoClassLoader - Seeing class for first time: org.apache.hadoop.thirdparty.protobuf.DescriptorProtos$ServiceDescriptorProto
2024-11-12 13:42:06,458 INFO  EvoClassLoader - Instrumenting class 'org.apache.hadoop.thirdparty.protobuf.DescriptorProtos$ServiceDescriptorProto'.
2024-11-12 13:42:06,459 INFO  MethodCallReplacementClassAdapter - Adding mock interface to class org/apache/hadoop/thirdparty/protobuf/DescriptorProtos$ServiceDescriptorProto
2024-11-12 13:42:06,459 INFO  CreateClassResetClassAdapter - Found static initializer in class org/apache/hadoop/thirdparty/protobuf/DescriptorProtos$ServiceDescriptorProto
2024-11-12 13:42:06,460 INFO  EvoClassLoader - Seeing class for first time: org.apache.hadoop.thirdparty.protobuf.DescriptorProtos$ServiceDescriptorProtoOrBuilder
2024-11-12 13:42:06,460 INFO  EvoClassLoader - Instrumenting class 'org.apache.hadoop.thirdparty.protobuf.DescriptorProtos$ServiceDescriptorProtoOrBuilder'.
2024-11-12 13:42:06,461 INFO  EvoClassLoader - Keeping class: org.apache.hadoop.thirdparty.protobuf.DescriptorProtos$ServiceDescriptorProtoOrBuilder
2024-11-12 13:42:06,461 INFO  EvoClassLoader - Keeping class: org.apache.hadoop.thirdparty.protobuf.DescriptorProtos$ServiceDescriptorProto
2024-11-12 13:42:06,462 INFO  EvoClassLoader - Seeing class for first time: org.apache.hadoop.thirdparty.protobuf.DescriptorProtos$ServiceDescriptorProto$1
2024-11-12 13:42:06,462 INFO  EvoClassLoader - Instrumenting class 'org.apache.hadoop.thirdparty.protobuf.DescriptorProtos$ServiceDescriptorProto$1'.
2024-11-12 13:42:06,462 INFO  MethodCallReplacementClassAdapter - Adding mock interface to class org/apache/hadoop/thirdparty/protobuf/DescriptorProtos$ServiceDescriptorProto$1
2024-11-12 13:42:06,462 INFO  EvoClassLoader - Keeping class: org.apache.hadoop.thirdparty.protobuf.DescriptorProtos$ServiceDescriptorProto$1
2024-11-12 13:42:06,462 INFO  EvoClassLoader - Seeing class for first time: org.apache.hadoop.hdfs.server.namenode.FSImageUtil
2024-11-12 13:42:06,463 INFO  EvoClassLoader - Instrumenting class 'org.apache.hadoop.hdfs.server.namenode.FSImageUtil'.
2024-11-12 13:42:06,463 INFO  MethodCallReplacementClassAdapter - Adding mock interface to class org/apache/hadoop/hdfs/server/namenode/FSImageUtil
2024-11-12 13:42:06,464 INFO  CreateClassResetClassAdapter - Found static initializer in class org/apache/hadoop/hdfs/server/namenode/FSImageUtil
2024-11-12 13:42:06,464 INFO  EvoClassLoader - Keeping class: org.apache.hadoop.hdfs.server.namenode.FSImageUtil
2024-11-12 13:42:06,464 INFO  EvoClassLoader - Seeing class for first time: org.apache.hadoop.hdfs.protocol.LayoutVersion$LayoutFeature
2024-11-12 13:42:06,464 INFO  EvoClassLoader - Instrumenting class 'org.apache.hadoop.hdfs.protocol.LayoutVersion$LayoutFeature'.
2024-11-12 13:42:06,465 INFO  EvoClassLoader - Keeping class: org.apache.hadoop.hdfs.protocol.LayoutVersion$LayoutFeature
2024-11-12 13:42:06,465 INFO  EvoClassLoader - Seeing class for first time: org.apache.hadoop.io.compress.CompressionInputStream
2024-11-12 13:42:06,465 INFO  EvoClassLoader - Instrumenting class 'org.apache.hadoop.io.compress.CompressionInputStream'.
2024-11-12 13:42:06,465 INFO  MethodCallReplacementClassAdapter - Adding mock interface to class org/apache/hadoop/io/compress/CompressionInputStream
2024-11-12 13:42:06,465 INFO  CreateClassResetClassAdapter - Creating brand-new static initializer in class org/apache/hadoop/io/compress/CompressionInputStream
2024-11-12 13:42:06,465 INFO  EvoClassLoader - Defined package (3): package org.apache.hadoop.io.compress, 568182007
2024-11-12 13:42:06,465 INFO  EvoClassLoader - Keeping class: org.apache.hadoop.io.compress.CompressionInputStream
2024-11-12 13:42:06,465 INFO  EvoClassLoader - Seeing class for first time: org.apache.hadoop.hdfs.server.namenode.FsImageProto$SnapshotSection
2024-11-12 13:42:06,465 INFO  EvoClassLoader - Instrumenting class 'org.apache.hadoop.hdfs.server.namenode.FsImageProto$SnapshotSection'.
2024-11-12 13:42:06,466 INFO  MethodCallReplacementClassAdapter - Adding mock interface to class org/apache/hadoop/hdfs/server/namenode/FsImageProto$SnapshotSection
2024-11-12 13:42:06,467 INFO  CreateClassResetClassAdapter - Found static initializer in class org/apache/hadoop/hdfs/server/namenode/FsImageProto$SnapshotSection
2024-11-12 13:42:06,468 INFO  EvoClassLoader - Seeing class for first time: org.apache.hadoop.hdfs.server.namenode.FsImageProto$SnapshotSectionOrBuilder
2024-11-12 13:42:06,468 INFO  EvoClassLoader - Instrumenting class 'org.apache.hadoop.hdfs.server.namenode.FsImageProto$SnapshotSectionOrBuilder'.
2024-11-12 13:42:06,469 INFO  EvoClassLoader - Keeping class: org.apache.hadoop.hdfs.server.namenode.FsImageProto$SnapshotSectionOrBuilder
2024-11-12 13:42:06,469 INFO  EvoClassLoader - Keeping class: org.apache.hadoop.hdfs.server.namenode.FsImageProto$SnapshotSection
2024-11-12 13:42:06,469 INFO  EvoClassLoader - Seeing class for first time: org.apache.hadoop.thirdparty.protobuf.LongArrayList
2024-11-12 13:42:06,469 INFO  EvoClassLoader - Instrumenting class 'org.apache.hadoop.thirdparty.protobuf.LongArrayList'.
2024-11-12 13:42:06,470 INFO  MethodCallReplacementClassAdapter - Adding mock interface to class org/apache/hadoop/thirdparty/protobuf/LongArrayList
2024-11-12 13:42:06,471 INFO  CreateClassResetClassAdapter - Found static initializer in class org/apache/hadoop/thirdparty/protobuf/LongArrayList
2024-11-12 13:42:06,471 INFO  EvoClassLoader - Seeing class for first time: org.apache.hadoop.thirdparty.protobuf.PrimitiveNonBoxingCollection
2024-11-12 13:42:06,471 INFO  EvoClassLoader - Instrumenting class 'org.apache.hadoop.thirdparty.protobuf.PrimitiveNonBoxingCollection'.
2024-11-12 13:42:06,471 INFO  EvoClassLoader - Keeping class: org.apache.hadoop.thirdparty.protobuf.PrimitiveNonBoxingCollection
2024-11-12 13:42:06,471 INFO  EvoClassLoader - Seeing class for first time: org.apache.hadoop.thirdparty.protobuf.AbstractProtobufList
2024-11-12 13:42:06,471 INFO  EvoClassLoader - Instrumenting class 'org.apache.hadoop.thirdparty.protobuf.AbstractProtobufList'.
2024-11-12 13:42:06,472 INFO  MethodCallReplacementClassAdapter - Adding mock interface to class org/apache/hadoop/thirdparty/protobuf/AbstractProtobufList
2024-11-12 13:42:06,472 INFO  CreateClassResetClassAdapter - Creating brand-new static initializer in class org/apache/hadoop/thirdparty/protobuf/AbstractProtobufList
2024-11-12 13:42:06,472 INFO  CreateClassResetClassAdapter - Adding bytecode for initializing field DEFAULT_CAPACITY
2024-11-12 13:42:06,472 INFO  EvoClassLoader - Keeping class: org.apache.hadoop.thirdparty.protobuf.AbstractProtobufList
2024-11-12 13:42:06,472 INFO  EvoClassLoader - Keeping class: org.apache.hadoop.thirdparty.protobuf.LongArrayList
2024-11-12 13:42:06,473 INFO  EvoClassLoader - Seeing class for first time: org.apache.hadoop.hdfs.server.namenode.FsImageProto$SnapshotSection$1
2024-11-12 13:42:06,473 INFO  EvoClassLoader - Instrumenting class 'org.apache.hadoop.hdfs.server.namenode.FsImageProto$SnapshotSection$1'.
2024-11-12 13:42:06,473 INFO  MethodCallReplacementClassAdapter - Adding mock interface to class org/apache/hadoop/hdfs/server/namenode/FsImageProto$SnapshotSection$1
2024-11-12 13:42:06,473 INFO  EvoClassLoader - Keeping class: org.apache.hadoop.hdfs.server.namenode.FsImageProto$SnapshotSection$1
2024-11-12 13:42:06,473 INFO  EvoClassLoader - Seeing class for first time: org.apache.hadoop.thirdparty.protobuf.DescriptorProtos$FieldDescriptorProto
2024-11-12 13:42:06,473 INFO  EvoClassLoader - Instrumenting class 'org.apache.hadoop.thirdparty.protobuf.DescriptorProtos$FieldDescriptorProto'.
2024-11-12 13:42:06,474 INFO  MethodCallReplacementClassAdapter - Adding mock interface to class org/apache/hadoop/thirdparty/protobuf/DescriptorProtos$FieldDescriptorProto
2024-11-12 13:42:06,476 INFO  CreateClassResetClassAdapter - Found static initializer in class org/apache/hadoop/thirdparty/protobuf/DescriptorProtos$FieldDescriptorProto
2024-11-12 13:42:06,476 INFO  EvoClassLoader - Seeing class for first time: org.apache.hadoop.thirdparty.protobuf.DescriptorProtos$FieldDescriptorProtoOrBuilder
2024-11-12 13:42:06,476 INFO  EvoClassLoader - Instrumenting class 'org.apache.hadoop.thirdparty.protobuf.DescriptorProtos$FieldDescriptorProtoOrBuilder'.
2024-11-12 13:42:06,476 INFO  EvoClassLoader - Keeping class: org.apache.hadoop.thirdparty.protobuf.DescriptorProtos$FieldDescriptorProtoOrBuilder
2024-11-12 13:42:06,477 INFO  EvoClassLoader - Keeping class: org.apache.hadoop.thirdparty.protobuf.DescriptorProtos$FieldDescriptorProto
2024-11-12 13:42:06,477 INFO  EvoClassLoader - Seeing class for first time: org.apache.hadoop.thirdparty.protobuf.DescriptorProtos$FieldDescriptorProto$1
2024-11-12 13:42:06,477 INFO  EvoClassLoader - Instrumenting class 'org.apache.hadoop.thirdparty.protobuf.DescriptorProtos$FieldDescriptorProto$1'.
2024-11-12 13:42:06,477 INFO  MethodCallReplacementClassAdapter - Adding mock interface to class org/apache/hadoop/thirdparty/protobuf/DescriptorProtos$FieldDescriptorProto$1
2024-11-12 13:42:06,478 INFO  EvoClassLoader - Keeping class: org.apache.hadoop.thirdparty.protobuf.DescriptorProtos$FieldDescriptorProto$1
2024-11-12 13:42:06,478 INFO  EvoClassLoader - Seeing class for first time: org.apache.hadoop.hdfs.server.namenode.FsImageProto
2024-11-12 13:42:06,478 INFO  EvoClassLoader - Instrumenting class 'org.apache.hadoop.hdfs.server.namenode.FsImageProto'.
2024-11-12 13:42:06,478 INFO  MethodCallReplacementClassAdapter - Adding mock interface to class org/apache/hadoop/hdfs/server/namenode/FsImageProto
2024-11-12 13:42:06,478 INFO  CreateClassResetClassAdapter - Found static initializer in class org/apache/hadoop/hdfs/server/namenode/FsImageProto
2024-11-12 13:42:06,480 INFO  EvoClassLoader - Keeping class: org.apache.hadoop.hdfs.server.namenode.FsImageProto
2024-11-12 13:42:06,480 INFO  EvoClassLoader - Seeing class for first time: org.apache.hadoop.thirdparty.protobuf.Descriptors$FileDescriptor$InternalDescriptorAssigner
2024-11-12 13:42:06,480 INFO  EvoClassLoader - Instrumenting class 'org.apache.hadoop.thirdparty.protobuf.Descriptors$FileDescriptor$InternalDescriptorAssigner'.
2024-11-12 13:42:06,480 INFO  EvoClassLoader - Keeping class: org.apache.hadoop.thirdparty.protobuf.Descriptors$FileDescriptor$InternalDescriptorAssigner
2024-11-12 13:42:06,481 INFO  EvoClassLoader - Seeing class for first time: org.apache.hadoop.hdfs.server.namenode.FsImageProto$1
2024-11-12 13:42:06,481 INFO  EvoClassLoader - Instrumenting class 'org.apache.hadoop.hdfs.server.namenode.FsImageProto$1'.
2024-11-12 13:42:06,481 INFO  MethodCallReplacementClassAdapter - Adding mock interface to class org/apache/hadoop/hdfs/server/namenode/FsImageProto$1
2024-11-12 13:42:06,482 INFO  EvoClassLoader - Keeping class: org.apache.hadoop.hdfs.server.namenode.FsImageProto$1
2024-11-12 13:42:06,482 INFO  EvoClassLoader - Seeing class for first time: org.apache.hadoop.thirdparty.protobuf.Descriptors$FileDescriptor
2024-11-12 13:42:06,482 INFO  EvoClassLoader - Instrumenting class 'org.apache.hadoop.thirdparty.protobuf.Descriptors$FileDescriptor'.
2024-11-12 13:42:06,482 INFO  MethodCallReplacementClassAdapter - Adding mock interface to class org/apache/hadoop/thirdparty/protobuf/Descriptors$FileDescriptor
2024-11-12 13:42:06,484 INFO  CreateClassResetClassAdapter - Creating brand-new static initializer in class org/apache/hadoop/thirdparty/protobuf/Descriptors$FileDescriptor
2024-11-12 13:42:06,484 INFO  EvoClassLoader - Keeping class: org.apache.hadoop.thirdparty.protobuf.Descriptors$FileDescriptor
2024-11-12 13:42:06,485 INFO  EvoClassLoader - Seeing class for first time: org.apache.hadoop.hdfs.protocol.proto.HdfsProtos
2024-11-12 13:42:06,485 INFO  EvoClassLoader - Instrumenting class 'org.apache.hadoop.hdfs.protocol.proto.HdfsProtos'.
2024-11-12 13:42:06,485 INFO  MethodCallReplacementClassAdapter - Adding mock interface to class org/apache/hadoop/hdfs/protocol/proto/HdfsProtos
2024-11-12 13:42:06,485 INFO  CreateClassResetClassAdapter - Found static initializer in class org/apache/hadoop/hdfs/protocol/proto/HdfsProtos
2024-11-12 13:42:06,486 INFO  EvoClassLoader - Keeping class: org.apache.hadoop.hdfs.protocol.proto.HdfsProtos
2024-11-12 13:42:06,487 INFO  EvoClassLoader - Seeing class for first time: org.apache.hadoop.hdfs.protocol.proto.HdfsProtos$1
2024-11-12 13:42:06,487 INFO  EvoClassLoader - Instrumenting class 'org.apache.hadoop.hdfs.protocol.proto.HdfsProtos$1'.
2024-11-12 13:42:06,487 INFO  MethodCallReplacementClassAdapter - Adding mock interface to class org/apache/hadoop/hdfs/protocol/proto/HdfsProtos$1
2024-11-12 13:42:06,487 INFO  EvoClassLoader - Keeping class: org.apache.hadoop.hdfs.protocol.proto.HdfsProtos$1
2024-11-12 13:42:06,488 INFO  EvoClassLoader - Seeing class for first time: org.apache.hadoop.security.proto.SecurityProtos
2024-11-12 13:42:06,488 INFO  EvoClassLoader - Instrumenting class 'org.apache.hadoop.security.proto.SecurityProtos'.
2024-11-12 13:42:06,488 INFO  MethodCallReplacementClassAdapter - Adding mock interface to class org/apache/hadoop/security/proto/SecurityProtos
2024-11-12 13:42:06,488 INFO  CreateClassResetClassAdapter - Found static initializer in class org/apache/hadoop/security/proto/SecurityProtos
2024-11-12 13:42:06,488 INFO  EvoClassLoader - Defined package (3): package org.apache.hadoop.security.proto, -544553779
2024-11-12 13:42:06,488 INFO  EvoClassLoader - Keeping class: org.apache.hadoop.security.proto.SecurityProtos
2024-11-12 13:42:06,488 INFO  EvoClassLoader - Seeing class for first time: org.apache.hadoop.security.proto.SecurityProtos$1
2024-11-12 13:42:06,488 INFO  EvoClassLoader - Instrumenting class 'org.apache.hadoop.security.proto.SecurityProtos$1'.
2024-11-12 13:42:06,488 INFO  MethodCallReplacementClassAdapter - Adding mock interface to class org/apache/hadoop/security/proto/SecurityProtos$1
2024-11-12 13:42:06,489 INFO  EvoClassLoader - Keeping class: org.apache.hadoop.security.proto.SecurityProtos$1
2024-11-12 13:42:06,489 INFO  EvoClassLoader - Seeing class for first time: org.apache.hadoop.thirdparty.protobuf.DescriptorProtos$FileDescriptorProto
2024-11-12 13:42:06,489 INFO  EvoClassLoader - Instrumenting class 'org.apache.hadoop.thirdparty.protobuf.DescriptorProtos$FileDescriptorProto'.
2024-11-12 13:42:06,490 INFO  MethodCallReplacementClassAdapter - Adding mock interface to class org/apache/hadoop/thirdparty/protobuf/DescriptorProtos$FileDescriptorProto
2024-11-12 13:42:06,491 INFO  CreateClassResetClassAdapter - Found static initializer in class org/apache/hadoop/thirdparty/protobuf/DescriptorProtos$FileDescriptorProto
2024-11-12 13:42:06,492 INFO  EvoClassLoader - Seeing class for first time: org.apache.hadoop.thirdparty.protobuf.DescriptorProtos$FileDescriptorProtoOrBuilder
2024-11-12 13:42:06,492 INFO  EvoClassLoader - Instrumenting class 'org.apache.hadoop.thirdparty.protobuf.DescriptorProtos$FileDescriptorProtoOrBuilder'.
2024-11-12 13:42:06,492 INFO  EvoClassLoader - Keeping class: org.apache.hadoop.thirdparty.protobuf.DescriptorProtos$FileDescriptorProtoOrBuilder
2024-11-12 13:42:06,492 INFO  EvoClassLoader - Keeping class: org.apache.hadoop.thirdparty.protobuf.DescriptorProtos$FileDescriptorProto
2024-11-12 13:42:06,492 INFO  EvoClassLoader - Seeing class for first time: org.apache.hadoop.thirdparty.protobuf.ProtocolStringList
2024-11-12 13:42:06,492 INFO  EvoClassLoader - Instrumenting class 'org.apache.hadoop.thirdparty.protobuf.ProtocolStringList'.
2024-11-12 13:42:06,493 INFO  EvoClassLoader - Keeping class: org.apache.hadoop.thirdparty.protobuf.ProtocolStringList
2024-11-12 13:42:06,493 INFO  EvoClassLoader - Seeing class for first time: org.apache.hadoop.thirdparty.protobuf.DescriptorProtos$SourceCodeInfoOrBuilder
2024-11-12 13:42:06,493 INFO  EvoClassLoader - Instrumenting class 'org.apache.hadoop.thirdparty.protobuf.DescriptorProtos$SourceCodeInfoOrBuilder'.
2024-11-12 13:42:06,493 INFO  EvoClassLoader - Keeping class: org.apache.hadoop.thirdparty.protobuf.DescriptorProtos$SourceCodeInfoOrBuilder
2024-11-12 13:42:06,493 INFO  EvoClassLoader - Seeing class for first time: org.apache.hadoop.thirdparty.protobuf.LazyStringList
2024-11-12 13:42:06,493 INFO  EvoClassLoader - Instrumenting class 'org.apache.hadoop.thirdparty.protobuf.LazyStringList'.
2024-11-12 13:42:06,494 INFO  EvoClassLoader - Keeping class: org.apache.hadoop.thirdparty.protobuf.LazyStringList
2024-11-12 13:42:06,494 INFO  EvoClassLoader - Seeing class for first time: org.apache.hadoop.thirdparty.protobuf.LazyStringArrayList
2024-11-12 13:42:06,494 INFO  EvoClassLoader - Instrumenting class 'org.apache.hadoop.thirdparty.protobuf.LazyStringArrayList'.
2024-11-12 13:42:06,494 INFO  MethodCallReplacementClassAdapter - Adding mock interface to class org/apache/hadoop/thirdparty/protobuf/LazyStringArrayList
2024-11-12 13:42:06,495 INFO  CreateClassResetClassAdapter - Found static initializer in class org/apache/hadoop/thirdparty/protobuf/LazyStringArrayList
2024-11-12 13:42:06,496 INFO  EvoClassLoader - Keeping class: org.apache.hadoop.thirdparty.protobuf.LazyStringArrayList
2024-11-12 13:42:06,496 INFO  EvoClassLoader - Seeing class for first time: org.apache.hadoop.thirdparty.protobuf.IntArrayList
2024-11-12 13:42:06,496 INFO  EvoClassLoader - Instrumenting class 'org.apache.hadoop.thirdparty.protobuf.IntArrayList'.
2024-11-12 13:42:06,497 INFO  MethodCallReplacementClassAdapter - Adding mock interface to class org/apache/hadoop/thirdparty/protobuf/IntArrayList
2024-11-12 13:42:06,497 INFO  CreateClassResetClassAdapter - Found static initializer in class org/apache/hadoop/thirdparty/protobuf/IntArrayList
2024-11-12 13:42:06,498 INFO  EvoClassLoader - Keeping class: org.apache.hadoop.thirdparty.protobuf.IntArrayList
2024-11-12 13:42:06,498 INFO  EvoClassLoader - Seeing class for first time: org.apache.hadoop.thirdparty.protobuf.DescriptorProtos$FileDescriptorProto$1
2024-11-12 13:42:06,498 INFO  EvoClassLoader - Instrumenting class 'org.apache.hadoop.thirdparty.protobuf.DescriptorProtos$FileDescriptorProto$1'.
2024-11-12 13:42:06,499 INFO  MethodCallReplacementClassAdapter - Adding mock interface to class org/apache/hadoop/thirdparty/protobuf/DescriptorProtos$FileDescriptorProto$1
2024-11-12 13:42:06,499 INFO  EvoClassLoader - Keeping class: org.apache.hadoop.thirdparty.protobuf.DescriptorProtos$FileDescriptorProto$1
2024-11-12 13:42:06,499 INFO  EvoClassLoader - Seeing class for first time: org.apache.hadoop.thirdparty.protobuf.DescriptorProtos$DescriptorProto
2024-11-12 13:42:06,499 INFO  EvoClassLoader - Instrumenting class 'org.apache.hadoop.thirdparty.protobuf.DescriptorProtos$DescriptorProto'.
2024-11-12 13:42:06,500 INFO  MethodCallReplacementClassAdapter - Adding mock interface to class org/apache/hadoop/thirdparty/protobuf/DescriptorProtos$DescriptorProto
2024-11-12 13:42:06,501 INFO  CreateClassResetClassAdapter - Found static initializer in class org/apache/hadoop/thirdparty/protobuf/DescriptorProtos$DescriptorProto
2024-11-12 13:42:06,501 INFO  EvoClassLoader - Seeing class for first time: org.apache.hadoop.thirdparty.protobuf.DescriptorProtos$DescriptorProtoOrBuilder
2024-11-12 13:42:06,501 INFO  EvoClassLoader - Instrumenting class 'org.apache.hadoop.thirdparty.protobuf.DescriptorProtos$DescriptorProtoOrBuilder'.
2024-11-12 13:42:06,502 INFO  EvoClassLoader - Keeping class: org.apache.hadoop.thirdparty.protobuf.DescriptorProtos$DescriptorProtoOrBuilder
2024-11-12 13:42:06,502 INFO  EvoClassLoader - Keeping class: org.apache.hadoop.thirdparty.protobuf.DescriptorProtos$DescriptorProto
2024-11-12 13:42:06,503 INFO  EvoClassLoader - Seeing class for first time: org.apache.hadoop.thirdparty.protobuf.DescriptorProtos$DescriptorProto$1
2024-11-12 13:42:06,503 INFO  EvoClassLoader - Instrumenting class 'org.apache.hadoop.thirdparty.protobuf.DescriptorProtos$DescriptorProto$1'.
2024-11-12 13:42:06,503 INFO  MethodCallReplacementClassAdapter - Adding mock interface to class org/apache/hadoop/thirdparty/protobuf/DescriptorProtos$DescriptorProto$1
2024-11-12 13:42:06,503 INFO  EvoClassLoader - Keeping class: org.apache.hadoop.thirdparty.protobuf.DescriptorProtos$DescriptorProto$1
2024-11-12 13:42:06,504 INFO  EvoClassLoader - Seeing class for first time: org.apache.hadoop.thirdparty.protobuf.Descriptors$DescriptorPool
2024-11-12 13:42:06,504 INFO  EvoClassLoader - Instrumenting class 'org.apache.hadoop.thirdparty.protobuf.Descriptors$DescriptorPool'.
2024-11-12 13:42:06,504 INFO  MethodCallReplacementClassAdapter - Adding mock interface to class org/apache/hadoop/thirdparty/protobuf/Descriptors$DescriptorPool
2024-11-12 13:42:06,504 INFO  CreateClassResetClassAdapter - Creating brand-new static initializer in class org/apache/hadoop/thirdparty/protobuf/Descriptors$DescriptorPool
2024-11-12 13:42:06,505 INFO  EvoClassLoader - Keeping class: org.apache.hadoop.thirdparty.protobuf.Descriptors$DescriptorPool
2024-11-12 13:42:06,505 INFO  EvoClassLoader - Seeing class for first time: org.apache.hadoop.thirdparty.protobuf.Descriptors$EnumDescriptor
2024-11-12 13:42:06,505 INFO  EvoClassLoader - Instrumenting class 'org.apache.hadoop.thirdparty.protobuf.Descriptors$EnumDescriptor'.
2024-11-12 13:42:06,505 INFO  MethodCallReplacementClassAdapter - Adding mock interface to class org/apache/hadoop/thirdparty/protobuf/Descriptors$EnumDescriptor
2024-11-12 13:42:06,505 INFO  CreateClassResetClassAdapter - Creating brand-new static initializer in class org/apache/hadoop/thirdparty/protobuf/Descriptors$EnumDescriptor
2024-11-12 13:42:06,505 INFO  EvoClassLoader - Keeping class: org.apache.hadoop.thirdparty.protobuf.Descriptors$EnumDescriptor
2024-11-12 13:42:06,506 INFO  EvoClassLoader - Seeing class for first time: org.apache.hadoop.thirdparty.protobuf.Utf8
2024-11-12 13:42:06,506 INFO  EvoClassLoader - Instrumenting class 'org.apache.hadoop.thirdparty.protobuf.Utf8'.
2024-11-12 13:42:06,506 INFO  MethodCallReplacementClassAdapter - Adding mock interface to class org/apache/hadoop/thirdparty/protobuf/Utf8
2024-11-12 13:42:06,506 INFO  CreateClassResetClassAdapter - Found static initializer in class org/apache/hadoop/thirdparty/protobuf/Utf8
2024-11-12 13:42:06,507 INFO  EvoClassLoader - Keeping class: org.apache.hadoop.thirdparty.protobuf.Utf8
2024-11-12 13:42:06,507 INFO  EvoClassLoader - Seeing class for first time: org.apache.hadoop.thirdparty.protobuf.Utf8$Processor
2024-11-12 13:42:06,507 INFO  EvoClassLoader - Instrumenting class 'org.apache.hadoop.thirdparty.protobuf.Utf8$Processor'.
2024-11-12 13:42:06,507 INFO  MethodCallReplacementClassAdapter - Adding mock interface to class org/apache/hadoop/thirdparty/protobuf/Utf8$Processor
2024-11-12 13:42:06,508 INFO  CreateClassResetClassAdapter - Creating brand-new static initializer in class org/apache/hadoop/thirdparty/protobuf/Utf8$Processor
2024-11-12 13:42:06,508 INFO  EvoClassLoader - Keeping class: org.apache.hadoop.thirdparty.protobuf.Utf8$Processor
2024-11-12 13:42:06,508 INFO  EvoClassLoader - Seeing class for first time: org.apache.hadoop.thirdparty.protobuf.Utf8$UnsafeProcessor
2024-11-12 13:42:06,508 INFO  EvoClassLoader - Instrumenting class 'org.apache.hadoop.thirdparty.protobuf.Utf8$UnsafeProcessor'.
2024-11-12 13:42:06,509 INFO  MethodCallReplacementClassAdapter - Adding mock interface to class org/apache/hadoop/thirdparty/protobuf/Utf8$UnsafeProcessor
2024-11-12 13:42:06,510 INFO  CreateClassResetClassAdapter - Creating brand-new static initializer in class org/apache/hadoop/thirdparty/protobuf/Utf8$UnsafeProcessor
2024-11-12 13:42:06,510 INFO  EvoClassLoader - Keeping class: org.apache.hadoop.thirdparty.protobuf.Utf8$UnsafeProcessor
2024-11-12 13:42:06,510 INFO  EvoClassLoader - Seeing class for first time: org.apache.hadoop.thirdparty.protobuf.Utf8$SafeProcessor
2024-11-12 13:42:06,510 INFO  EvoClassLoader - Instrumenting class 'org.apache.hadoop.thirdparty.protobuf.Utf8$SafeProcessor'.
2024-11-12 13:42:06,510 INFO  MethodCallReplacementClassAdapter - Adding mock interface to class org/apache/hadoop/thirdparty/protobuf/Utf8$SafeProcessor
2024-11-12 13:42:06,511 INFO  CreateClassResetClassAdapter - Creating brand-new static initializer in class org/apache/hadoop/thirdparty/protobuf/Utf8$SafeProcessor
2024-11-12 13:42:06,511 INFO  EvoClassLoader - Keeping class: org.apache.hadoop.thirdparty.protobuf.Utf8$SafeProcessor
2024-11-12 13:42:06,512 INFO  EvoClassLoader - Seeing class for first time: org.apache.hadoop.thirdparty.protobuf.Descriptors$DescriptorPool$PackageDescriptor
2024-11-12 13:42:06,512 INFO  EvoClassLoader - Instrumenting class 'org.apache.hadoop.thirdparty.protobuf.Descriptors$DescriptorPool$PackageDescriptor'.
2024-11-12 13:42:06,512 INFO  MethodCallReplacementClassAdapter - Adding mock interface to class org/apache/hadoop/thirdparty/protobuf/Descriptors$DescriptorPool$PackageDescriptor
2024-11-12 13:42:06,512 INFO  CreateClassResetClassAdapter - Creating brand-new static initializer in class org/apache/hadoop/thirdparty/protobuf/Descriptors$DescriptorPool$PackageDescriptor
2024-11-12 13:42:06,512 INFO  EvoClassLoader - Keeping class: org.apache.hadoop.thirdparty.protobuf.Descriptors$DescriptorPool$PackageDescriptor
2024-11-12 13:42:06,513 INFO  EvoClassLoader - Seeing class for first time: org.apache.hadoop.thirdparty.protobuf.Descriptors
2024-11-12 13:42:06,513 INFO  EvoClassLoader - Instrumenting class 'org.apache.hadoop.thirdparty.protobuf.Descriptors'.
2024-11-12 13:42:06,513 INFO  MethodCallReplacementClassAdapter - Adding mock interface to class org/apache/hadoop/thirdparty/protobuf/Descriptors
2024-11-12 13:42:06,513 INFO  CreateClassResetClassAdapter - Found static initializer in class org/apache/hadoop/thirdparty/protobuf/Descriptors
2024-11-12 13:42:06,513 INFO  EvoClassLoader - Keeping class: org.apache.hadoop.thirdparty.protobuf.Descriptors
2024-11-12 13:42:06,513 INFO  EvoClassLoader - Seeing class for first time: org.apache.hadoop.thirdparty.protobuf.Descriptors$OneofDescriptor
2024-11-12 13:42:06,513 INFO  EvoClassLoader - Instrumenting class 'org.apache.hadoop.thirdparty.protobuf.Descriptors$OneofDescriptor'.
2024-11-12 13:42:06,514 INFO  MethodCallReplacementClassAdapter - Adding mock interface to class org/apache/hadoop/thirdparty/protobuf/Descriptors$OneofDescriptor
2024-11-12 13:42:06,514 INFO  CreateClassResetClassAdapter - Creating brand-new static initializer in class org/apache/hadoop/thirdparty/protobuf/Descriptors$OneofDescriptor
2024-11-12 13:42:06,514 INFO  EvoClassLoader - Keeping class: org.apache.hadoop.thirdparty.protobuf.Descriptors$OneofDescriptor
2024-11-12 13:42:06,514 INFO  EvoClassLoader - Seeing class for first time: org.apache.hadoop.thirdparty.protobuf.Descriptors$ServiceDescriptor
2024-11-12 13:42:06,514 INFO  EvoClassLoader - Instrumenting class 'org.apache.hadoop.thirdparty.protobuf.Descriptors$ServiceDescriptor'.
2024-11-12 13:42:06,515 INFO  MethodCallReplacementClassAdapter - Adding mock interface to class org/apache/hadoop/thirdparty/protobuf/Descriptors$ServiceDescriptor
2024-11-12 13:42:06,515 INFO  CreateClassResetClassAdapter - Creating brand-new static initializer in class org/apache/hadoop/thirdparty/protobuf/Descriptors$ServiceDescriptor
2024-11-12 13:42:06,515 INFO  EvoClassLoader - Keeping class: org.apache.hadoop.thirdparty.protobuf.Descriptors$ServiceDescriptor
2024-11-12 13:42:06,515 INFO  EvoClassLoader - Seeing class for first time: org.apache.hadoop.thirdparty.protobuf.DescriptorProtos$FieldOptions
2024-11-12 13:42:06,515 INFO  EvoClassLoader - Instrumenting class 'org.apache.hadoop.thirdparty.protobuf.DescriptorProtos$FieldOptions'.
2024-11-12 13:42:06,515 INFO  MethodCallReplacementClassAdapter - Adding mock interface to class org/apache/hadoop/thirdparty/protobuf/DescriptorProtos$FieldOptions
2024-11-12 13:42:06,517 INFO  CreateClassResetClassAdapter - Found static initializer in class org/apache/hadoop/thirdparty/protobuf/DescriptorProtos$FieldOptions
2024-11-12 13:42:06,518 INFO  EvoClassLoader - Keeping class: org.apache.hadoop.thirdparty.protobuf.DescriptorProtos$FieldOptions
2024-11-12 13:42:06,518 INFO  EvoClassLoader - Seeing class for first time: org.apache.hadoop.thirdparty.protobuf.DescriptorProtos$FieldOptions$1
2024-11-12 13:42:06,518 INFO  EvoClassLoader - Instrumenting class 'org.apache.hadoop.thirdparty.protobuf.DescriptorProtos$FieldOptions$1'.
2024-11-12 13:42:06,518 INFO  MethodCallReplacementClassAdapter - Adding mock interface to class org/apache/hadoop/thirdparty/protobuf/DescriptorProtos$FieldOptions$1
2024-11-12 13:42:06,519 INFO  EvoClassLoader - Keeping class: org.apache.hadoop.thirdparty.protobuf.DescriptorProtos$FieldOptions$1
2024-11-12 13:42:06,519 INFO  EvoClassLoader - Seeing class for first time: org.apache.hadoop.thirdparty.protobuf.Descriptors$1
2024-11-12 13:42:06,519 INFO  EvoClassLoader - Instrumenting class 'org.apache.hadoop.thirdparty.protobuf.Descriptors$1'.
2024-11-12 13:42:06,519 INFO  MethodCallReplacementClassAdapter - Adding mock interface to class org/apache/hadoop/thirdparty/protobuf/Descriptors$1
2024-11-12 13:42:06,519 INFO  EvoClassLoader - Keeping class: org.apache.hadoop.thirdparty.protobuf.Descriptors$1
2024-11-12 13:42:06,519 INFO  EvoClassLoader - Seeing class for first time: org.apache.hadoop.thirdparty.protobuf.Descriptors$DescriptorPool$DescriptorIntPair
2024-11-12 13:42:06,519 INFO  EvoClassLoader - Instrumenting class 'org.apache.hadoop.thirdparty.protobuf.Descriptors$DescriptorPool$DescriptorIntPair'.
2024-11-12 13:42:06,519 INFO  MethodCallReplacementClassAdapter - Adding mock interface to class org/apache/hadoop/thirdparty/protobuf/Descriptors$DescriptorPool$DescriptorIntPair
2024-11-12 13:42:06,519 INFO  CreateClassResetClassAdapter - Creating brand-new static initializer in class org/apache/hadoop/thirdparty/protobuf/Descriptors$DescriptorPool$DescriptorIntPair
2024-11-12 13:42:06,520 INFO  EvoClassLoader - Keeping class: org.apache.hadoop.thirdparty.protobuf.Descriptors$DescriptorPool$DescriptorIntPair
2024-11-12 13:42:06,520 INFO  EvoClassLoader - Seeing class for first time: org.apache.hadoop.thirdparty.protobuf.DescriptorProtos$MessageOptions
2024-11-12 13:42:06,520 INFO  EvoClassLoader - Instrumenting class 'org.apache.hadoop.thirdparty.protobuf.DescriptorProtos$MessageOptions'.
2024-11-12 13:42:06,520 INFO  MethodCallReplacementClassAdapter - Adding mock interface to class org/apache/hadoop/thirdparty/protobuf/DescriptorProtos$MessageOptions
2024-11-12 13:42:06,521 INFO  CreateClassResetClassAdapter - Found static initializer in class org/apache/hadoop/thirdparty/protobuf/DescriptorProtos$MessageOptions
2024-11-12 13:42:06,521 INFO  EvoClassLoader - Keeping class: org.apache.hadoop.thirdparty.protobuf.DescriptorProtos$MessageOptions
2024-11-12 13:42:06,521 INFO  EvoClassLoader - Seeing class for first time: org.apache.hadoop.thirdparty.protobuf.DescriptorProtos$MessageOptions$1
2024-11-12 13:42:06,521 INFO  EvoClassLoader - Instrumenting class 'org.apache.hadoop.thirdparty.protobuf.DescriptorProtos$MessageOptions$1'.
2024-11-12 13:42:06,522 INFO  MethodCallReplacementClassAdapter - Adding mock interface to class org/apache/hadoop/thirdparty/protobuf/DescriptorProtos$MessageOptions$1
2024-11-12 13:42:06,522 INFO  EvoClassLoader - Keeping class: org.apache.hadoop.thirdparty.protobuf.DescriptorProtos$MessageOptions$1
2024-11-12 13:42:06,522 INFO  EvoClassLoader - Seeing class for first time: org.apache.hadoop.thirdparty.protobuf.Descriptors$DescriptorPool$SearchFilter
2024-11-12 13:42:06,522 INFO  EvoClassLoader - Instrumenting class 'org.apache.hadoop.thirdparty.protobuf.Descriptors$DescriptorPool$SearchFilter'.
2024-11-12 13:42:06,522 INFO  MethodCallReplacementClassAdapter - Adding mock interface to class org/apache/hadoop/thirdparty/protobuf/Descriptors$DescriptorPool$SearchFilter
2024-11-12 13:42:06,522 INFO  CreateClassResetClassAdapter - Found static initializer in class org/apache/hadoop/thirdparty/protobuf/Descriptors$DescriptorPool$SearchFilter
2024-11-12 13:42:06,522 INFO  EvoClassLoader - Keeping class: org.apache.hadoop.thirdparty.protobuf.Descriptors$DescriptorPool$SearchFilter
2024-11-12 13:42:06,522 INFO  EvoClassLoader - Seeing class for first time: org.apache.hadoop.thirdparty.protobuf.GeneratedMessageV3$FieldAccessorTable
2024-11-12 13:42:06,522 INFO  EvoClassLoader - Instrumenting class 'org.apache.hadoop.thirdparty.protobuf.GeneratedMessageV3$FieldAccessorTable'.
2024-11-12 13:42:06,523 INFO  MethodCallReplacementClassAdapter - Adding mock interface to class org/apache/hadoop/thirdparty/protobuf/GeneratedMessageV3$FieldAccessorTable
2024-11-12 13:42:06,523 INFO  CreateClassResetClassAdapter - Creating brand-new static initializer in class org/apache/hadoop/thirdparty/protobuf/GeneratedMessageV3$FieldAccessorTable
2024-11-12 13:42:06,523 INFO  EvoClassLoader - Keeping class: org.apache.hadoop.thirdparty.protobuf.GeneratedMessageV3$FieldAccessorTable
2024-11-12 13:42:06,523 INFO  EvoClassLoader - Seeing class for first time: org.apache.hadoop.thirdparty.protobuf.GeneratedMessageV3$FieldAccessorTable$FieldAccessor
2024-11-12 13:42:06,523 INFO  EvoClassLoader - Instrumenting class 'org.apache.hadoop.thirdparty.protobuf.GeneratedMessageV3$FieldAccessorTable$FieldAccessor'.
2024-11-12 13:42:06,524 INFO  EvoClassLoader - Keeping class: org.apache.hadoop.thirdparty.protobuf.GeneratedMessageV3$FieldAccessorTable$FieldAccessor
2024-11-12 13:42:06,524 INFO  EvoClassLoader - Seeing class for first time: org.apache.hadoop.thirdparty.protobuf.GeneratedMessageV3$FieldAccessorTable$OneofAccessor
2024-11-12 13:42:06,524 INFO  EvoClassLoader - Instrumenting class 'org.apache.hadoop.thirdparty.protobuf.GeneratedMessageV3$FieldAccessorTable$OneofAccessor'.
2024-11-12 13:42:06,524 INFO  MethodCallReplacementClassAdapter - Adding mock interface to class org/apache/hadoop/thirdparty/protobuf/GeneratedMessageV3$FieldAccessorTable$OneofAccessor
2024-11-12 13:42:06,524 INFO  CreateClassResetClassAdapter - Creating brand-new static initializer in class org/apache/hadoop/thirdparty/protobuf/GeneratedMessageV3$FieldAccessorTable$OneofAccessor
2024-11-12 13:42:06,524 INFO  EvoClassLoader - Keeping class: org.apache.hadoop.thirdparty.protobuf.GeneratedMessageV3$FieldAccessorTable$OneofAccessor
2024-11-12 13:42:06,524 INFO  EvoClassLoader - Seeing class for first time: org.apache.hadoop.hdfs.protocol.proto.AclProtos
2024-11-12 13:42:06,524 INFO  EvoClassLoader - Instrumenting class 'org.apache.hadoop.hdfs.protocol.proto.AclProtos'.
2024-11-12 13:42:06,525 INFO  MethodCallReplacementClassAdapter - Adding mock interface to class org/apache/hadoop/hdfs/protocol/proto/AclProtos
2024-11-12 13:42:06,525 INFO  CreateClassResetClassAdapter - Found static initializer in class org/apache/hadoop/hdfs/protocol/proto/AclProtos
2024-11-12 13:42:06,525 INFO  EvoClassLoader - Keeping class: org.apache.hadoop.hdfs.protocol.proto.AclProtos
2024-11-12 13:42:06,525 INFO  EvoClassLoader - Seeing class for first time: org.apache.hadoop.hdfs.protocol.proto.AclProtos$1
2024-11-12 13:42:06,525 INFO  EvoClassLoader - Instrumenting class 'org.apache.hadoop.hdfs.protocol.proto.AclProtos$1'.
2024-11-12 13:42:06,526 INFO  MethodCallReplacementClassAdapter - Adding mock interface to class org/apache/hadoop/hdfs/protocol/proto/AclProtos$1
2024-11-12 13:42:06,526 INFO  EvoClassLoader - Keeping class: org.apache.hadoop.hdfs.protocol.proto.AclProtos$1
2024-11-12 13:42:06,526 INFO  EvoClassLoader - Seeing class for first time: org.apache.hadoop.thirdparty.protobuf.DescriptorProtos$EnumDescriptorProto
2024-11-12 13:42:06,526 INFO  EvoClassLoader - Instrumenting class 'org.apache.hadoop.thirdparty.protobuf.DescriptorProtos$EnumDescriptorProto'.
2024-11-12 13:42:06,526 INFO  MethodCallReplacementClassAdapter - Adding mock interface to class org/apache/hadoop/thirdparty/protobuf/DescriptorProtos$EnumDescriptorProto
2024-11-12 13:42:06,527 INFO  CreateClassResetClassAdapter - Found static initializer in class org/apache/hadoop/thirdparty/protobuf/DescriptorProtos$EnumDescriptorProto
2024-11-12 13:42:06,527 INFO  EvoClassLoader - Seeing class for first time: org.apache.hadoop.thirdparty.protobuf.DescriptorProtos$EnumDescriptorProtoOrBuilder
2024-11-12 13:42:06,527 INFO  EvoClassLoader - Instrumenting class 'org.apache.hadoop.thirdparty.protobuf.DescriptorProtos$EnumDescriptorProtoOrBuilder'.
2024-11-12 13:42:06,528 INFO  EvoClassLoader - Keeping class: org.apache.hadoop.thirdparty.protobuf.DescriptorProtos$EnumDescriptorProtoOrBuilder
2024-11-12 13:42:06,528 INFO  EvoClassLoader - Keeping class: org.apache.hadoop.thirdparty.protobuf.DescriptorProtos$EnumDescriptorProto
2024-11-12 13:42:06,528 INFO  EvoClassLoader - Seeing class for first time: org.apache.hadoop.thirdparty.protobuf.DescriptorProtos$EnumDescriptorProto$1
2024-11-12 13:42:06,528 INFO  EvoClassLoader - Instrumenting class 'org.apache.hadoop.thirdparty.protobuf.DescriptorProtos$EnumDescriptorProto$1'.
2024-11-12 13:42:06,528 INFO  MethodCallReplacementClassAdapter - Adding mock interface to class org/apache/hadoop/thirdparty/protobuf/DescriptorProtos$EnumDescriptorProto$1
2024-11-12 13:42:06,529 INFO  EvoClassLoader - Keeping class: org.apache.hadoop.thirdparty.protobuf.DescriptorProtos$EnumDescriptorProto$1
2024-11-12 13:42:06,529 INFO  EvoClassLoader - Seeing class for first time: org.apache.hadoop.thirdparty.protobuf.DescriptorProtos$EnumValueDescriptorProto
2024-11-12 13:42:06,529 INFO  EvoClassLoader - Instrumenting class 'org.apache.hadoop.thirdparty.protobuf.DescriptorProtos$EnumValueDescriptorProto'.
2024-11-12 13:42:06,529 INFO  MethodCallReplacementClassAdapter - Adding mock interface to class org/apache/hadoop/thirdparty/protobuf/DescriptorProtos$EnumValueDescriptorProto
2024-11-12 13:42:06,530 INFO  CreateClassResetClassAdapter - Found static initializer in class org/apache/hadoop/thirdparty/protobuf/DescriptorProtos$EnumValueDescriptorProto
2024-11-12 13:42:06,530 INFO  EvoClassLoader - Keeping class: org.apache.hadoop.thirdparty.protobuf.DescriptorProtos$EnumValueDescriptorProto
2024-11-12 13:42:06,530 INFO  EvoClassLoader - Seeing class for first time: org.apache.hadoop.thirdparty.protobuf.DescriptorProtos$EnumValueDescriptorProto$1
2024-11-12 13:42:06,530 INFO  EvoClassLoader - Instrumenting class 'org.apache.hadoop.thirdparty.protobuf.DescriptorProtos$EnumValueDescriptorProto$1'.
2024-11-12 13:42:06,531 INFO  MethodCallReplacementClassAdapter - Adding mock interface to class org/apache/hadoop/thirdparty/protobuf/DescriptorProtos$EnumValueDescriptorProto$1
2024-11-12 13:42:06,531 INFO  EvoClassLoader - Keeping class: org.apache.hadoop.thirdparty.protobuf.DescriptorProtos$EnumValueDescriptorProto$1
2024-11-12 13:42:06,533 INFO  EvoClassLoader - Seeing class for first time: org.apache.hadoop.thirdparty.protobuf.Descriptors$EnumValueDescriptor
2024-11-12 13:42:06,533 INFO  EvoClassLoader - Instrumenting class 'org.apache.hadoop.thirdparty.protobuf.Descriptors$EnumValueDescriptor'.
2024-11-12 13:42:06,533 INFO  MethodCallReplacementClassAdapter - Adding mock interface to class org/apache/hadoop/thirdparty/protobuf/Descriptors$EnumValueDescriptor
2024-11-12 13:42:06,534 INFO  CreateClassResetClassAdapter - Creating brand-new static initializer in class org/apache/hadoop/thirdparty/protobuf/Descriptors$EnumValueDescriptor
2024-11-12 13:42:06,534 INFO  EvoClassLoader - Keeping class: org.apache.hadoop.thirdparty.protobuf.Descriptors$EnumValueDescriptor
2024-11-12 13:42:06,543 INFO  EvoClassLoader - Seeing class for first time: org.apache.hadoop.thirdparty.protobuf.UnmodifiableLazyStringList
2024-11-12 13:42:06,543 INFO  EvoClassLoader - Instrumenting class 'org.apache.hadoop.thirdparty.protobuf.UnmodifiableLazyStringList'.
2024-11-12 13:42:06,544 INFO  MethodCallReplacementClassAdapter - Adding mock interface to class org/apache/hadoop/thirdparty/protobuf/UnmodifiableLazyStringList
2024-11-12 13:42:06,544 INFO  CreateClassResetClassAdapter - Creating brand-new static initializer in class org/apache/hadoop/thirdparty/protobuf/UnmodifiableLazyStringList
2024-11-12 13:42:06,545 INFO  EvoClassLoader - Keeping class: org.apache.hadoop.thirdparty.protobuf.UnmodifiableLazyStringList
2024-11-12 13:42:06,553 INFO  EvoClassLoader - Seeing class for first time: org.apache.hadoop.thirdparty.protobuf.TextFormat
2024-11-12 13:42:06,553 INFO  EvoClassLoader - Instrumenting class 'org.apache.hadoop.thirdparty.protobuf.TextFormat'.
2024-11-12 13:42:06,554 INFO  MethodCallReplacementClassAdapter - Adding mock interface to class org/apache/hadoop/thirdparty/protobuf/TextFormat
2024-11-12 13:42:06,556 INFO  CreateClassResetClassAdapter - Found static initializer in class org/apache/hadoop/thirdparty/protobuf/TextFormat
2024-11-12 13:42:06,556 INFO  EvoClassLoader - Keeping class: org.apache.hadoop.thirdparty.protobuf.TextFormat
2024-11-12 13:42:06,557 INFO  EvoClassLoader - Seeing class for first time: org.apache.hadoop.thirdparty.protobuf.TextFormat$Parser
2024-11-12 13:42:06,557 INFO  EvoClassLoader - Instrumenting class 'org.apache.hadoop.thirdparty.protobuf.TextFormat$Parser'.
2024-11-12 13:42:06,557 INFO  MethodCallReplacementClassAdapter - Adding mock interface to class org/apache/hadoop/thirdparty/protobuf/TextFormat$Parser
2024-11-12 13:42:06,559 INFO  CreateClassResetClassAdapter - Creating brand-new static initializer in class org/apache/hadoop/thirdparty/protobuf/TextFormat$Parser
2024-11-12 13:42:06,559 INFO  CreateClassResetClassAdapter - Adding bytecode for initializing field BUFFER_SIZE
2024-11-12 13:42:06,559 INFO  EvoClassLoader - Keeping class: org.apache.hadoop.thirdparty.protobuf.TextFormat$Parser
2024-11-12 13:42:06,560 INFO  EvoClassLoader - Seeing class for first time: org.apache.hadoop.thirdparty.protobuf.TextFormat$ParseException
2024-11-12 13:42:06,560 INFO  EvoClassLoader - Instrumenting class 'org.apache.hadoop.thirdparty.protobuf.TextFormat$ParseException'.
2024-11-12 13:42:06,560 INFO  MethodCallReplacementClassAdapter - Adding mock interface to class org/apache/hadoop/thirdparty/protobuf/TextFormat$ParseException
2024-11-12 13:42:06,560 INFO  CreateClassResetClassAdapter - Creating brand-new static initializer in class org/apache/hadoop/thirdparty/protobuf/TextFormat$ParseException
2024-11-12 13:42:06,560 INFO  EvoClassLoader - Keeping class: org.apache.hadoop.thirdparty.protobuf.TextFormat$ParseException
2024-11-12 13:42:06,560 INFO  EvoClassLoader - Seeing class for first time: org.apache.hadoop.thirdparty.protobuf.TextFormat$Parser$Builder
2024-11-12 13:42:06,560 INFO  EvoClassLoader - Instrumenting class 'org.apache.hadoop.thirdparty.protobuf.TextFormat$Parser$Builder'.
2024-11-12 13:42:06,561 INFO  MethodCallReplacementClassAdapter - Adding mock interface to class org/apache/hadoop/thirdparty/protobuf/TextFormat$Parser$Builder
2024-11-12 13:42:06,561 INFO  CreateClassResetClassAdapter - Creating brand-new static initializer in class org/apache/hadoop/thirdparty/protobuf/TextFormat$Parser$Builder
2024-11-12 13:42:06,561 INFO  EvoClassLoader - Keeping class: org.apache.hadoop.thirdparty.protobuf.TextFormat$Parser$Builder
2024-11-12 13:42:06,561 INFO  EvoClassLoader - Seeing class for first time: org.apache.hadoop.thirdparty.protobuf.TextFormat$Parser$SingularOverwritePolicy
2024-11-12 13:42:06,561 INFO  EvoClassLoader - Instrumenting class 'org.apache.hadoop.thirdparty.protobuf.TextFormat$Parser$SingularOverwritePolicy'.
2024-11-12 13:42:06,561 INFO  MethodCallReplacementClassAdapter - Adding mock interface to class org/apache/hadoop/thirdparty/protobuf/TextFormat$Parser$SingularOverwritePolicy
2024-11-12 13:42:06,561 INFO  CreateClassResetClassAdapter - Found static initializer in class org/apache/hadoop/thirdparty/protobuf/TextFormat$Parser$SingularOverwritePolicy
2024-11-12 13:42:06,561 INFO  EvoClassLoader - Keeping class: org.apache.hadoop.thirdparty.protobuf.TextFormat$Parser$SingularOverwritePolicy
2024-11-12 13:42:06,563 INFO  EvoClassLoader - Seeing class for first time: org.apache.hadoop.hdfs.protocol.proto.XAttrProtos
2024-11-12 13:42:06,563 INFO  EvoClassLoader - Instrumenting class 'org.apache.hadoop.hdfs.protocol.proto.XAttrProtos'.
2024-11-12 13:42:06,563 INFO  MethodCallReplacementClassAdapter - Adding mock interface to class org/apache/hadoop/hdfs/protocol/proto/XAttrProtos
2024-11-12 13:42:06,563 INFO  CreateClassResetClassAdapter - Found static initializer in class org/apache/hadoop/hdfs/protocol/proto/XAttrProtos
2024-11-12 13:42:06,563 INFO  EvoClassLoader - Keeping class: org.apache.hadoop.hdfs.protocol.proto.XAttrProtos
2024-11-12 13:42:06,564 INFO  EvoClassLoader - Seeing class for first time: org.apache.hadoop.hdfs.protocol.proto.XAttrProtos$1
2024-11-12 13:42:06,564 INFO  EvoClassLoader - Instrumenting class 'org.apache.hadoop.hdfs.protocol.proto.XAttrProtos$1'.
2024-11-12 13:42:06,564 INFO  MethodCallReplacementClassAdapter - Adding mock interface to class org/apache/hadoop/hdfs/protocol/proto/XAttrProtos$1
2024-11-12 13:42:06,564 INFO  EvoClassLoader - Keeping class: org.apache.hadoop.hdfs.protocol.proto.XAttrProtos$1
2024-11-12 13:42:06,568 INFO  EvoClassLoader - Seeing class for first time: org.apache.hadoop.hdfs.tools.offlineImageViewer.FSImageLoader
2024-11-12 13:42:06,568 INFO  EvoClassLoader - Instrumenting class 'org.apache.hadoop.hdfs.tools.offlineImageViewer.FSImageLoader'.
2024-11-12 13:42:06,568 INFO  MethodCallReplacementClassAdapter - Adding mock interface to class org/apache/hadoop/hdfs/tools/offlineImageViewer/FSImageLoader
2024-11-12 13:42:06,570 INFO  CreateClassResetClassAdapter - Found static initializer in class org/apache/hadoop/hdfs/tools/offlineImageViewer/FSImageLoader
2024-11-12 13:42:06,571 INFO  EvoClassLoader - Keeping class: org.apache.hadoop.hdfs.tools.offlineImageViewer.FSImageLoader
2024-11-12 13:42:06,572 INFO  EvoClassLoader - Seeing class for first time: org.apache.hadoop.hdfs.protocol.XAttrNotFoundException
2024-11-12 13:42:06,572 INFO  EvoClassLoader - Instrumenting class 'org.apache.hadoop.hdfs.protocol.XAttrNotFoundException'.
2024-11-12 13:42:06,572 INFO  MethodCallReplacementClassAdapter - Adding mock interface to class org/apache/hadoop/hdfs/protocol/XAttrNotFoundException
2024-11-12 13:42:06,572 INFO  CreateClassResetClassAdapter - Creating brand-new static initializer in class org/apache/hadoop/hdfs/protocol/XAttrNotFoundException
2024-11-12 13:42:06,572 INFO  CreateClassResetClassAdapter - Adding bytecode for initializing field DEFAULT_EXCEPTION_MSG
2024-11-12 13:42:06,572 INFO  EvoClassLoader - Keeping class: org.apache.hadoop.hdfs.protocol.XAttrNotFoundException
2024-11-12 13:42:06,572 INFO  EvoClassLoader - Seeing class for first time: org.apache.hadoop.util.LimitInputStream
2024-11-12 13:42:06,572 INFO  EvoClassLoader - Instrumenting class 'org.apache.hadoop.util.LimitInputStream'.
2024-11-12 13:42:06,573 INFO  MethodCallReplacementClassAdapter - Adding mock interface to class org/apache/hadoop/util/LimitInputStream
2024-11-12 13:42:06,573 INFO  CreateClassResetClassAdapter - Creating brand-new static initializer in class org/apache/hadoop/util/LimitInputStream
2024-11-12 13:42:06,573 INFO  EvoClassLoader - Keeping class: org.apache.hadoop.util.LimitInputStream
2024-11-12 13:42:06,573 INFO  EvoClassLoader - Seeing class for first time: org.apache.hadoop.hdfs.tools.offlineImageViewer.FSImageLoader$1
2024-11-12 13:42:06,573 INFO  EvoClassLoader - Instrumenting class 'org.apache.hadoop.hdfs.tools.offlineImageViewer.FSImageLoader$1'.
2024-11-12 13:42:06,576 INFO  MethodCallReplacementClassAdapter - Adding mock interface to class org/apache/hadoop/hdfs/tools/offlineImageViewer/FSImageLoader$1
2024-11-12 13:42:06,576 INFO  EvoClassLoader - Keeping class: org.apache.hadoop.hdfs.tools.offlineImageViewer.FSImageLoader$1
2024-11-12 13:42:06,576 INFO  EvoClassLoader - Seeing class for first time: org.apache.hadoop.thirdparty.protobuf.DescriptorProtos$MethodOptionsOrBuilder
2024-11-12 13:42:06,576 INFO  EvoClassLoader - Instrumenting class 'org.apache.hadoop.thirdparty.protobuf.DescriptorProtos$MethodOptionsOrBuilder'.
2024-11-12 13:42:06,577 INFO  EvoClassLoader - Keeping class: org.apache.hadoop.thirdparty.protobuf.DescriptorProtos$MethodOptionsOrBuilder
2024-11-12 13:42:06,577 INFO  EvoClassLoader - Seeing class for first time: org.apache.hadoop.hdfs.protocol.proto.HdfsProtos$BlockTypeProto
2024-11-12 13:42:06,577 INFO  EvoClassLoader - Instrumenting class 'org.apache.hadoop.hdfs.protocol.proto.HdfsProtos$BlockTypeProto'.
2024-11-12 13:42:06,577 INFO  MethodCallReplacementClassAdapter - Adding mock interface to class org/apache/hadoop/hdfs/protocol/proto/HdfsProtos$BlockTypeProto
2024-11-12 13:42:06,577 INFO  CreateClassResetClassAdapter - Found static initializer in class org/apache/hadoop/hdfs/protocol/proto/HdfsProtos$BlockTypeProto
2024-11-12 13:42:06,578 INFO  EvoClassLoader - Keeping class: org.apache.hadoop.hdfs.protocol.proto.HdfsProtos$BlockTypeProto
2024-11-12 13:42:06,578 INFO  EvoClassLoader - Seeing class for first time: org.apache.hadoop.hdfs.protocol.proto.HdfsProtos$BlockTypeProto$1
2024-11-12 13:42:06,578 INFO  EvoClassLoader - Instrumenting class 'org.apache.hadoop.hdfs.protocol.proto.HdfsProtos$BlockTypeProto$1'.
2024-11-12 13:42:06,578 INFO  MethodCallReplacementClassAdapter - Adding mock interface to class org/apache/hadoop/hdfs/protocol/proto/HdfsProtos$BlockTypeProto$1
2024-11-12 13:42:06,578 INFO  EvoClassLoader - Keeping class: org.apache.hadoop.hdfs.protocol.proto.HdfsProtos$BlockTypeProto$1
2024-11-12 13:42:06,578 INFO  EvoClassLoader - Seeing class for first time: org.apache.hadoop.thirdparty.protobuf.MapField
2024-11-12 13:42:06,578 INFO  EvoClassLoader - Instrumenting class 'org.apache.hadoop.thirdparty.protobuf.MapField'.
2024-11-12 13:42:06,579 INFO  MethodCallReplacementClassAdapter - Adding mock interface to class org/apache/hadoop/thirdparty/protobuf/MapField
2024-11-12 13:42:06,579 INFO  CreateClassResetClassAdapter - Creating brand-new static initializer in class org/apache/hadoop/thirdparty/protobuf/MapField
2024-11-12 13:42:06,579 INFO  EvoClassLoader - Seeing class for first time: org.apache.hadoop.thirdparty.protobuf.MutabilityOracle
2024-11-12 13:42:06,579 INFO  EvoClassLoader - Instrumenting class 'org.apache.hadoop.thirdparty.protobuf.MutabilityOracle'.
2024-11-12 13:42:06,579 INFO  EvoClassLoader - Keeping class: org.apache.hadoop.thirdparty.protobuf.MutabilityOracle
2024-11-12 13:42:06,579 INFO  EvoClassLoader - Keeping class: org.apache.hadoop.thirdparty.protobuf.MapField
2024-11-12 13:42:06,579 INFO  EvoClassLoader - Seeing class for first time: org.apache.hadoop.thirdparty.protobuf.MapField$Converter
2024-11-12 13:42:06,579 INFO  EvoClassLoader - Instrumenting class 'org.apache.hadoop.thirdparty.protobuf.MapField$Converter'.
2024-11-12 13:42:06,580 INFO  EvoClassLoader - Keeping class: org.apache.hadoop.thirdparty.protobuf.MapField$Converter
2024-11-12 13:42:06,580 INFO  EvoClassLoader - Seeing class for first time: org.apache.hadoop.hdfs.server.namenode.FsImageProto$INodeSection$QuotaByStorageTypeEntryProtoOrBuilder
2024-11-12 13:42:06,580 INFO  EvoClassLoader - Instrumenting class 'org.apache.hadoop.hdfs.server.namenode.FsImageProto$INodeSection$QuotaByStorageTypeEntryProtoOrBuilder'.
2024-11-12 13:42:06,580 INFO  EvoClassLoader - Keeping class: org.apache.hadoop.hdfs.server.namenode.FsImageProto$INodeSection$QuotaByStorageTypeEntryProtoOrBuilder
2024-11-12 13:42:06,580 INFO  EvoClassLoader - Seeing class for first time: org.apache.hadoop.hdfs.server.namenode.FsImageProto$INodeReferenceSection$INodeReference
2024-11-12 13:42:06,580 INFO  EvoClassLoader - Instrumenting class 'org.apache.hadoop.hdfs.server.namenode.FsImageProto$INodeReferenceSection$INodeReference'.
2024-11-12 13:42:06,581 INFO  MethodCallReplacementClassAdapter - Adding mock interface to class org/apache/hadoop/hdfs/server/namenode/FsImageProto$INodeReferenceSection$INodeReference
2024-11-12 13:42:06,581 INFO  CreateClassResetClassAdapter - Found static initializer in class org/apache/hadoop/hdfs/server/namenode/FsImageProto$INodeReferenceSection$INodeReference
2024-11-12 13:42:06,582 INFO  EvoClassLoader - Keeping class: org.apache.hadoop.hdfs.server.namenode.FsImageProto$INodeReferenceSection$INodeReference
2024-11-12 13:42:06,582 INFO  EvoClassLoader - Seeing class for first time: org.apache.hadoop.hdfs.server.namenode.FsImageProto$INodeReferenceSection$INodeReference$1
2024-11-12 13:42:06,582 INFO  EvoClassLoader - Instrumenting class 'org.apache.hadoop.hdfs.server.namenode.FsImageProto$INodeReferenceSection$INodeReference$1'.
2024-11-12 13:42:06,582 INFO  MethodCallReplacementClassAdapter - Adding mock interface to class org/apache/hadoop/hdfs/server/namenode/FsImageProto$INodeReferenceSection$INodeReference$1
2024-11-12 13:42:06,582 INFO  EvoClassLoader - Keeping class: org.apache.hadoop.hdfs.server.namenode.FsImageProto$INodeReferenceSection$INodeReference$1
2024-11-12 13:42:06,583 INFO  EvoClassLoader - Seeing class for first time: org.apache.hadoop.hdfs.server.namenode.SerialNumberManager$StringTable
2024-11-12 13:42:06,583 INFO  EvoClassLoader - Instrumenting class 'org.apache.hadoop.hdfs.server.namenode.SerialNumberManager$StringTable'.
2024-11-12 13:42:06,583 INFO  MethodCallReplacementClassAdapter - Adding mock interface to class org/apache/hadoop/hdfs/server/namenode/SerialNumberManager$StringTable
2024-11-12 13:42:06,583 INFO  CreateClassResetClassAdapter - Creating brand-new static initializer in class org/apache/hadoop/hdfs/server/namenode/SerialNumberManager$StringTable
2024-11-12 13:42:06,584 INFO  EvoClassLoader - Keeping class: org.apache.hadoop.hdfs.server.namenode.SerialNumberManager$StringTable
2024-11-12 13:42:06,584 INFO  EvoClassLoader - Seeing class for first time: org.apache.hadoop.hdfs.server.namenode.FsImageProto$INodeSection$QuotaByStorageTypeFeatureProtoOrBuilder
2024-11-12 13:42:06,584 INFO  EvoClassLoader - Instrumenting class 'org.apache.hadoop.hdfs.server.namenode.FsImageProto$INodeSection$QuotaByStorageTypeFeatureProtoOrBuilder'.
2024-11-12 13:42:06,584 INFO  EvoClassLoader - Keeping class: org.apache.hadoop.hdfs.server.namenode.FsImageProto$INodeSection$QuotaByStorageTypeFeatureProtoOrBuilder
2024-11-12 13:42:06,584 INFO  EvoClassLoader - Seeing class for first time: org.apache.hadoop.fs.XAttr$NameSpace
2024-11-12 13:42:06,584 INFO  EvoClassLoader - Instrumenting class 'org.apache.hadoop.fs.XAttr$NameSpace'.
2024-11-12 13:42:06,584 INFO  MethodCallReplacementClassAdapter - Adding mock interface to class org/apache/hadoop/fs/XAttr$NameSpace
2024-11-12 13:42:06,584 INFO  CreateClassResetClassAdapter - Found static initializer in class org/apache/hadoop/fs/XAttr$NameSpace
2024-11-12 13:42:06,584 INFO  EvoClassLoader - Keeping class: org.apache.hadoop.fs.XAttr$NameSpace
2024-11-12 13:42:06,585 INFO  EvoClassLoader - Seeing class for first time: org.apache.hadoop.hdfs.server.namenode.FsImageProto$INodeSection$INodeDirectory
2024-11-12 13:42:06,585 INFO  EvoClassLoader - Instrumenting class 'org.apache.hadoop.hdfs.server.namenode.FsImageProto$INodeSection$INodeDirectory'.
2024-11-12 13:42:06,585 INFO  MethodCallReplacementClassAdapter - Adding mock interface to class org/apache/hadoop/hdfs/server/namenode/FsImageProto$INodeSection$INodeDirectory
2024-11-12 13:42:06,586 INFO  CreateClassResetClassAdapter - Found static initializer in class org/apache/hadoop/hdfs/server/namenode/FsImageProto$INodeSection$INodeDirectory
2024-11-12 13:42:06,586 INFO  EvoClassLoader - Keeping class: org.apache.hadoop.hdfs.server.namenode.FsImageProto$INodeSection$INodeDirectory
2024-11-12 13:42:06,587 INFO  EvoClassLoader - Seeing class for first time: org.apache.hadoop.hdfs.server.namenode.FsImageProto$INodeSection$INodeDirectory$1
2024-11-12 13:42:06,587 INFO  EvoClassLoader - Instrumenting class 'org.apache.hadoop.hdfs.server.namenode.FsImageProto$INodeSection$INodeDirectory$1'.
2024-11-12 13:42:06,587 INFO  MethodCallReplacementClassAdapter - Adding mock interface to class org/apache/hadoop/hdfs/server/namenode/FsImageProto$INodeSection$INodeDirectory$1
2024-11-12 13:42:06,587 INFO  EvoClassLoader - Keeping class: org.apache.hadoop.hdfs.server.namenode.FsImageProto$INodeSection$INodeDirectory$1
2024-11-12 13:42:06,587 INFO  EvoClassLoader - Seeing class for first time: org.apache.hadoop.thirdparty.protobuf.DescriptorProtos$UninterpretedOptionOrBuilder
2024-11-12 13:42:06,587 INFO  EvoClassLoader - Instrumenting class 'org.apache.hadoop.thirdparty.protobuf.DescriptorProtos$UninterpretedOptionOrBuilder'.
2024-11-12 13:42:06,587 INFO  EvoClassLoader - Keeping class: org.apache.hadoop.thirdparty.protobuf.DescriptorProtos$UninterpretedOptionOrBuilder
2024-11-12 13:42:06,587 INFO  EvoClassLoader - Seeing class for first time: org.apache.hadoop.hdfs.server.namenode.FsImageProto$INodeSection$QuotaByStorageTypeEntryProto
2024-11-12 13:42:06,587 INFO  EvoClassLoader - Instrumenting class 'org.apache.hadoop.hdfs.server.namenode.FsImageProto$INodeSection$QuotaByStorageTypeEntryProto'.
2024-11-12 13:42:06,588 INFO  MethodCallReplacementClassAdapter - Adding mock interface to class org/apache/hadoop/hdfs/server/namenode/FsImageProto$INodeSection$QuotaByStorageTypeEntryProto
2024-11-12 13:42:06,588 INFO  CreateClassResetClassAdapter - Found static initializer in class org/apache/hadoop/hdfs/server/namenode/FsImageProto$INodeSection$QuotaByStorageTypeEntryProto
2024-11-12 13:42:06,588 INFO  EvoClassLoader - Keeping class: org.apache.hadoop.hdfs.server.namenode.FsImageProto$INodeSection$QuotaByStorageTypeEntryProto
2024-11-12 13:42:06,589 INFO  EvoClassLoader - Seeing class for first time: org.apache.hadoop.hdfs.server.namenode.FsImageProto$INodeSection$QuotaByStorageTypeEntryProto$1
2024-11-12 13:42:06,589 INFO  EvoClassLoader - Instrumenting class 'org.apache.hadoop.hdfs.server.namenode.FsImageProto$INodeSection$QuotaByStorageTypeEntryProto$1'.
2024-11-12 13:42:06,589 INFO  MethodCallReplacementClassAdapter - Adding mock interface to class org/apache/hadoop/hdfs/server/namenode/FsImageProto$INodeSection$QuotaByStorageTypeEntryProto$1
2024-11-12 13:42:06,589 INFO  EvoClassLoader - Keeping class: org.apache.hadoop.hdfs.server.namenode.FsImageProto$INodeSection$QuotaByStorageTypeEntryProto$1
2024-11-12 13:42:06,589 INFO  EvoClassLoader - Seeing class for first time: org.apache.hadoop.hdfs.server.namenode.SerialNumberMap
2024-11-12 13:42:06,589 INFO  EvoClassLoader - Instrumenting class 'org.apache.hadoop.hdfs.server.namenode.SerialNumberMap'.
2024-11-12 13:42:06,589 INFO  MethodCallReplacementClassAdapter - Adding mock interface to class org/apache/hadoop/hdfs/server/namenode/SerialNumberMap
2024-11-12 13:42:06,590 INFO  CreateClassResetClassAdapter - Creating brand-new static initializer in class org/apache/hadoop/hdfs/server/namenode/SerialNumberMap
2024-11-12 13:42:06,590 INFO  EvoClassLoader - Keeping class: org.apache.hadoop.hdfs.server.namenode.SerialNumberMap
2024-11-12 13:42:06,590 INFO  EvoClassLoader - Seeing class for first time: org.apache.hadoop.thirdparty.protobuf.DescriptorProtos$UninterpretedOption
2024-11-12 13:42:06,590 INFO  EvoClassLoader - Instrumenting class 'org.apache.hadoop.thirdparty.protobuf.DescriptorProtos$UninterpretedOption'.
2024-11-12 13:42:06,590 INFO  MethodCallReplacementClassAdapter - Adding mock interface to class org/apache/hadoop/thirdparty/protobuf/DescriptorProtos$UninterpretedOption
2024-11-12 13:42:06,591 INFO  CreateClassResetClassAdapter - Found static initializer in class org/apache/hadoop/thirdparty/protobuf/DescriptorProtos$UninterpretedOption
2024-11-12 13:42:06,592 INFO  EvoClassLoader - Keeping class: org.apache.hadoop.thirdparty.protobuf.DescriptorProtos$UninterpretedOption
2024-11-12 13:42:06,592 INFO  EvoClassLoader - Seeing class for first time: org.apache.hadoop.thirdparty.protobuf.DescriptorProtos$UninterpretedOption$1
2024-11-12 13:42:06,592 INFO  EvoClassLoader - Instrumenting class 'org.apache.hadoop.thirdparty.protobuf.DescriptorProtos$UninterpretedOption$1'.
2024-11-12 13:42:06,592 INFO  MethodCallReplacementClassAdapter - Adding mock interface to class org/apache/hadoop/thirdparty/protobuf/DescriptorProtos$UninterpretedOption$1
2024-11-12 13:42:06,592 INFO  EvoClassLoader - Keeping class: org.apache.hadoop.thirdparty.protobuf.DescriptorProtos$UninterpretedOption$1
2024-11-12 13:42:06,593 INFO  EvoClassLoader - Seeing class for first time: org.apache.hadoop.thirdparty.protobuf.DescriptorProtos$EnumValueOptions
2024-11-12 13:42:06,593 INFO  EvoClassLoader - Instrumenting class 'org.apache.hadoop.thirdparty.protobuf.DescriptorProtos$EnumValueOptions'.
2024-11-12 13:42:06,593 INFO  MethodCallReplacementClassAdapter - Adding mock interface to class org/apache/hadoop/thirdparty/protobuf/DescriptorProtos$EnumValueOptions
2024-11-12 13:42:06,593 INFO  CreateClassResetClassAdapter - Found static initializer in class org/apache/hadoop/thirdparty/protobuf/DescriptorProtos$EnumValueOptions
2024-11-12 13:42:06,594 INFO  EvoClassLoader - Keeping class: org.apache.hadoop.thirdparty.protobuf.DescriptorProtos$EnumValueOptions
2024-11-12 13:42:06,594 INFO  EvoClassLoader - Seeing class for first time: org.apache.hadoop.thirdparty.protobuf.DescriptorProtos$EnumValueOptions$1
2024-11-12 13:42:06,594 INFO  EvoClassLoader - Instrumenting class 'org.apache.hadoop.thirdparty.protobuf.DescriptorProtos$EnumValueOptions$1'.
2024-11-12 13:42:06,594 INFO  MethodCallReplacementClassAdapter - Adding mock interface to class org/apache/hadoop/thirdparty/protobuf/DescriptorProtos$EnumValueOptions$1
2024-11-12 13:42:06,594 INFO  EvoClassLoader - Keeping class: org.apache.hadoop.thirdparty.protobuf.DescriptorProtos$EnumValueOptions$1
2024-11-12 13:42:06,595 INFO  EvoClassLoader - Seeing class for first time: org.apache.hadoop.hdfs.server.namenode.FsImageProto$INodeReferenceSection
2024-11-12 13:42:06,595 INFO  EvoClassLoader - Instrumenting class 'org.apache.hadoop.hdfs.server.namenode.FsImageProto$INodeReferenceSection'.
2024-11-12 13:42:06,595 INFO  MethodCallReplacementClassAdapter - Adding mock interface to class org/apache/hadoop/hdfs/server/namenode/FsImageProto$INodeReferenceSection
2024-11-12 13:42:06,595 INFO  CreateClassResetClassAdapter - Found static initializer in class org/apache/hadoop/hdfs/server/namenode/FsImageProto$INodeReferenceSection
2024-11-12 13:42:06,596 INFO  EvoClassLoader - Seeing class for first time: org.apache.hadoop.hdfs.server.namenode.FsImageProto$INodeReferenceSectionOrBuilder
2024-11-12 13:42:06,596 INFO  EvoClassLoader - Instrumenting class 'org.apache.hadoop.hdfs.server.namenode.FsImageProto$INodeReferenceSectionOrBuilder'.
2024-11-12 13:42:06,596 INFO  EvoClassLoader - Keeping class: org.apache.hadoop.hdfs.server.namenode.FsImageProto$INodeReferenceSectionOrBuilder
2024-11-12 13:42:06,596 INFO  EvoClassLoader - Keeping class: org.apache.hadoop.hdfs.server.namenode.FsImageProto$INodeReferenceSection
2024-11-12 13:42:06,596 INFO  EvoClassLoader - Seeing class for first time: org.apache.hadoop.hdfs.server.namenode.FsImageProto$INodeReferenceSection$1
2024-11-12 13:42:06,596 INFO  EvoClassLoader - Instrumenting class 'org.apache.hadoop.hdfs.server.namenode.FsImageProto$INodeReferenceSection$1'.
2024-11-12 13:42:06,596 INFO  MethodCallReplacementClassAdapter - Adding mock interface to class org/apache/hadoop/hdfs/server/namenode/FsImageProto$INodeReferenceSection$1
2024-11-12 13:42:06,596 INFO  EvoClassLoader - Keeping class: org.apache.hadoop.hdfs.server.namenode.FsImageProto$INodeReferenceSection$1
2024-11-12 13:42:06,597 INFO  EvoClassLoader - Seeing class for first time: com.ctc.wstx.io.MergedReader
2024-11-12 13:42:06,597 INFO  EvoClassLoader - Instrumenting class 'com.ctc.wstx.io.MergedReader'.
2024-11-12 13:42:06,597 INFO  MethodCallReplacementClassAdapter - Adding mock interface to class com/ctc/wstx/io/MergedReader
2024-11-12 13:42:06,597 INFO  CreateClassResetClassAdapter - Creating brand-new static initializer in class com/ctc/wstx/io/MergedReader
2024-11-12 13:42:06,597 INFO  EvoClassLoader - Keeping class: com.ctc.wstx.io.MergedReader
2024-11-12 13:42:06,597 INFO  EvoClassLoader - Seeing class for first time: org.apache.hadoop.thirdparty.protobuf.UnknownFieldSet$Field$Builder
2024-11-12 13:42:06,597 INFO  EvoClassLoader - Instrumenting class 'org.apache.hadoop.thirdparty.protobuf.UnknownFieldSet$Field$Builder'.
2024-11-12 13:42:06,598 INFO  MethodCallReplacementClassAdapter - Adding mock interface to class org/apache/hadoop/thirdparty/protobuf/UnknownFieldSet$Field$Builder
2024-11-12 13:42:06,598 INFO  CreateClassResetClassAdapter - Creating brand-new static initializer in class org/apache/hadoop/thirdparty/protobuf/UnknownFieldSet$Field$Builder
2024-11-12 13:42:06,598 INFO  EvoClassLoader - Keeping class: org.apache.hadoop.thirdparty.protobuf.UnknownFieldSet$Field$Builder
2024-11-12 13:42:06,598 INFO  EvoClassLoader - Seeing class for first time: org.apache.hadoop.fs.impl.FutureDataInputStreamBuilderImpl
2024-11-12 13:42:06,598 INFO  EvoClassLoader - Instrumenting class 'org.apache.hadoop.fs.impl.FutureDataInputStreamBuilderImpl'.
2024-11-12 13:42:06,599 INFO  MethodCallReplacementClassAdapter - Adding mock interface to class org/apache/hadoop/fs/impl/FutureDataInputStreamBuilderImpl
2024-11-12 13:42:06,599 INFO  CreateClassResetClassAdapter - Creating brand-new static initializer in class org/apache/hadoop/fs/impl/FutureDataInputStreamBuilderImpl
2024-11-12 13:42:06,599 INFO  EvoClassLoader - Seeing class for first time: org.apache.hadoop.fs.FutureDataInputStreamBuilder
2024-11-12 13:42:06,599 INFO  EvoClassLoader - Instrumenting class 'org.apache.hadoop.fs.FutureDataInputStreamBuilder'.
2024-11-12 13:42:06,599 INFO  EvoClassLoader - Keeping class: org.apache.hadoop.fs.FutureDataInputStreamBuilder
2024-11-12 13:42:06,599 INFO  EvoClassLoader - Keeping class: org.apache.hadoop.fs.impl.FutureDataInputStreamBuilderImpl
2024-11-12 13:42:06,599 INFO  EvoClassLoader - Seeing class for first time: org.apache.hadoop.fs.FileSystem$FSDataInputStreamBuilder
2024-11-12 13:42:06,599 INFO  EvoClassLoader - Instrumenting class 'org.apache.hadoop.fs.FileSystem$FSDataInputStreamBuilder'.
2024-11-12 13:42:06,600 INFO  MethodCallReplacementClassAdapter - Adding mock interface to class org/apache/hadoop/fs/FileSystem$FSDataInputStreamBuilder
2024-11-12 13:42:06,600 INFO  CreateClassResetClassAdapter - Creating brand-new static initializer in class org/apache/hadoop/fs/FileSystem$FSDataInputStreamBuilder
2024-11-12 13:42:06,600 INFO  EvoClassLoader - Keeping class: org.apache.hadoop.fs.FileSystem$FSDataInputStreamBuilder
2024-11-12 13:42:06,600 INFO  EvoClassLoader - Seeing class for first time: org.apache.hadoop.fs.ChecksumFileSystem$ChecksumFSOutputSummer
2024-11-12 13:42:06,600 INFO  EvoClassLoader - Instrumenting class 'org.apache.hadoop.fs.ChecksumFileSystem$ChecksumFSOutputSummer'.
2024-11-12 13:42:06,600 INFO  MethodCallReplacementClassAdapter - Adding mock interface to class org/apache/hadoop/fs/ChecksumFileSystem$ChecksumFSOutputSummer
2024-11-12 13:42:06,600 INFO  CreateClassResetClassAdapter - Creating brand-new static initializer in class org/apache/hadoop/fs/ChecksumFileSystem$ChecksumFSOutputSummer
2024-11-12 13:42:06,600 INFO  CreateClassResetClassAdapter - Adding bytecode for initializing field CHKSUM_AS_FRACTION
2024-11-12 13:42:06,600 INFO  EvoClassLoader - Seeing class for first time: org.apache.hadoop.fs.StreamCapabilities
2024-11-12 13:42:06,600 INFO  EvoClassLoader - Instrumenting class 'org.apache.hadoop.fs.StreamCapabilities'.
2024-11-12 13:42:06,601 INFO  EvoClassLoader - Keeping class: org.apache.hadoop.fs.StreamCapabilities
2024-11-12 13:42:06,601 INFO  EvoClassLoader - Seeing class for first time: org.apache.hadoop.fs.FSOutputSummer
2024-11-12 13:42:06,601 INFO  EvoClassLoader - Instrumenting class 'org.apache.hadoop.fs.FSOutputSummer'.
2024-11-12 13:42:06,601 INFO  MethodCallReplacementClassAdapter - Adding mock interface to class org/apache/hadoop/fs/FSOutputSummer
2024-11-12 13:42:06,601 INFO  CreateClassResetClassAdapter - Creating brand-new static initializer in class org/apache/hadoop/fs/FSOutputSummer
2024-11-12 13:42:06,601 INFO  CreateClassResetClassAdapter - Adding bytecode for initializing field BUFFER_NUM_CHUNKS
2024-11-12 13:42:06,601 INFO  EvoClassLoader - Keeping class: org.apache.hadoop.fs.FSOutputSummer
2024-11-12 13:42:06,601 INFO  EvoClassLoader - Keeping class: org.apache.hadoop.fs.ChecksumFileSystem$ChecksumFSOutputSummer
2024-11-12 13:42:06,601 INFO  EvoClassLoader - Seeing class for first time: org.apache.hadoop.fs.ChecksumFileSystem$ChecksumFSInputChecker
2024-11-12 13:42:06,601 INFO  EvoClassLoader - Instrumenting class 'org.apache.hadoop.fs.ChecksumFileSystem$ChecksumFSInputChecker'.
2024-11-12 13:42:06,602 INFO  MethodCallReplacementClassAdapter - Adding mock interface to class org/apache/hadoop/fs/ChecksumFileSystem$ChecksumFSInputChecker
2024-11-12 13:42:06,602 INFO  CreateClassResetClassAdapter - Found static initializer in class org/apache/hadoop/fs/ChecksumFileSystem$ChecksumFSInputChecker
2024-11-12 13:42:06,603 INFO  EvoClassLoader - Seeing class for first time: org.apache.hadoop.fs.FSInputChecker
2024-11-12 13:42:06,603 INFO  EvoClassLoader - Instrumenting class 'org.apache.hadoop.fs.FSInputChecker'.
2024-11-12 13:42:06,603 INFO  MethodCallReplacementClassAdapter - Adding mock interface to class org/apache/hadoop/fs/FSInputChecker
2024-11-12 13:42:06,604 INFO  CreateClassResetClassAdapter - Found static initializer in class org/apache/hadoop/fs/FSInputChecker
2024-11-12 13:42:06,604 INFO  EvoClassLoader - Seeing class for first time: org.apache.hadoop.fs.FSInputStream
2024-11-12 13:42:06,604 INFO  EvoClassLoader - Instrumenting class 'org.apache.hadoop.fs.FSInputStream'.
2024-11-12 13:42:06,604 INFO  MethodCallReplacementClassAdapter - Adding mock interface to class org/apache/hadoop/fs/FSInputStream
2024-11-12 13:42:06,604 INFO  CreateClassResetClassAdapter - Found static initializer in class org/apache/hadoop/fs/FSInputStream
2024-11-12 13:42:06,604 INFO  EvoClassLoader - Seeing class for first time: org.apache.hadoop.fs.PositionedReadable
2024-11-12 13:42:06,604 INFO  EvoClassLoader - Instrumenting class 'org.apache.hadoop.fs.PositionedReadable'.
2024-11-12 13:42:06,605 INFO  EvoClassLoader - Keeping class: org.apache.hadoop.fs.PositionedReadable
2024-11-12 13:42:06,605 INFO  EvoClassLoader - Keeping class: org.apache.hadoop.fs.FSInputStream
2024-11-12 13:42:06,605 INFO  EvoClassLoader - Keeping class: org.apache.hadoop.fs.FSInputChecker
2024-11-12 13:42:06,605 INFO  EvoClassLoader - Keeping class: org.apache.hadoop.fs.ChecksumFileSystem$ChecksumFSInputChecker
2024-11-12 13:42:06,605 INFO  EvoClassLoader - Seeing class for first time: org.apache.hadoop.fs.FSDataInputStream
2024-11-12 13:42:06,605 INFO  EvoClassLoader - Instrumenting class 'org.apache.hadoop.fs.FSDataInputStream'.
2024-11-12 13:42:06,605 INFO  MethodCallReplacementClassAdapter - Adding mock interface to class org/apache/hadoop/fs/FSDataInputStream
2024-11-12 13:42:06,605 INFO  CreateClassResetClassAdapter - Found static initializer in class org/apache/hadoop/fs/FSDataInputStream
2024-11-12 13:42:06,605 INFO  EvoClassLoader - Seeing class for first time: org.apache.hadoop.fs.ByteBufferReadable
2024-11-12 13:42:06,605 INFO  EvoClassLoader - Instrumenting class 'org.apache.hadoop.fs.ByteBufferReadable'.
2024-11-12 13:42:06,606 INFO  EvoClassLoader - Keeping class: org.apache.hadoop.fs.ByteBufferReadable
2024-11-12 13:42:06,606 INFO  EvoClassLoader - Seeing class for first time: org.apache.hadoop.fs.HasFileDescriptor
2024-11-12 13:42:06,606 INFO  EvoClassLoader - Instrumenting class 'org.apache.hadoop.fs.HasFileDescriptor'.
2024-11-12 13:42:06,606 INFO  EvoClassLoader - Keeping class: org.apache.hadoop.fs.HasFileDescriptor
2024-11-12 13:42:06,606 INFO  EvoClassLoader - Seeing class for first time: org.apache.hadoop.fs.CanSetDropBehind
2024-11-12 13:42:06,606 INFO  EvoClassLoader - Instrumenting class 'org.apache.hadoop.fs.CanSetDropBehind'.
2024-11-12 13:42:06,606 INFO  EvoClassLoader - Keeping class: org.apache.hadoop.fs.CanSetDropBehind
2024-11-12 13:42:06,606 INFO  EvoClassLoader - Seeing class for first time: org.apache.hadoop.fs.CanSetReadahead
2024-11-12 13:42:06,606 INFO  EvoClassLoader - Instrumenting class 'org.apache.hadoop.fs.CanSetReadahead'.
2024-11-12 13:42:06,606 INFO  EvoClassLoader - Keeping class: org.apache.hadoop.fs.CanSetReadahead
2024-11-12 13:42:06,606 INFO  EvoClassLoader - Seeing class for first time: org.apache.hadoop.fs.HasEnhancedByteBufferAccess
2024-11-12 13:42:06,606 INFO  EvoClassLoader - Instrumenting class 'org.apache.hadoop.fs.HasEnhancedByteBufferAccess'.
2024-11-12 13:42:06,606 INFO  EvoClassLoader - Keeping class: org.apache.hadoop.fs.HasEnhancedByteBufferAccess
2024-11-12 13:42:06,606 INFO  EvoClassLoader - Seeing class for first time: org.apache.hadoop.fs.CanUnbuffer
2024-11-12 13:42:06,606 INFO  EvoClassLoader - Instrumenting class 'org.apache.hadoop.fs.CanUnbuffer'.
2024-11-12 13:42:06,606 INFO  EvoClassLoader - Keeping class: org.apache.hadoop.fs.CanUnbuffer
2024-11-12 13:42:06,606 INFO  EvoClassLoader - Seeing class for first time: org.apache.hadoop.fs.ByteBufferPositionedReadable
2024-11-12 13:42:06,606 INFO  EvoClassLoader - Instrumenting class 'org.apache.hadoop.fs.ByteBufferPositionedReadable'.
2024-11-12 13:42:06,606 INFO  EvoClassLoader - Keeping class: org.apache.hadoop.fs.ByteBufferPositionedReadable
2024-11-12 13:42:06,606 INFO  EvoClassLoader - Keeping class: org.apache.hadoop.fs.FSDataInputStream
2024-11-12 13:42:06,606 INFO  EvoClassLoader - Seeing class for first time: org.apache.hadoop.fs.ChecksumFileSystem$FSDataBoundedInputStream
2024-11-12 13:42:06,606 INFO  EvoClassLoader - Instrumenting class 'org.apache.hadoop.fs.ChecksumFileSystem$FSDataBoundedInputStream'.
2024-11-12 13:42:06,607 INFO  MethodCallReplacementClassAdapter - Adding mock interface to class org/apache/hadoop/fs/ChecksumFileSystem$FSDataBoundedInputStream
2024-11-12 13:42:06,607 INFO  CreateClassResetClassAdapter - Creating brand-new static initializer in class org/apache/hadoop/fs/ChecksumFileSystem$FSDataBoundedInputStream
2024-11-12 13:42:06,607 INFO  EvoClassLoader - Keeping class: org.apache.hadoop.fs.ChecksumFileSystem$FSDataBoundedInputStream
2024-11-12 13:42:06,607 INFO  EvoClassLoader - Seeing class for first time: org.apache.hadoop.fs.ChecksumFileSystem$9
2024-11-12 13:42:06,607 INFO  EvoClassLoader - Instrumenting class 'org.apache.hadoop.fs.ChecksumFileSystem$9'.
2024-11-12 13:42:06,607 INFO  MethodCallReplacementClassAdapter - Adding mock interface to class org/apache/hadoop/fs/ChecksumFileSystem$9
2024-11-12 13:42:06,607 INFO  EvoClassLoader - Keeping class: org.apache.hadoop.fs.ChecksumFileSystem$9
2024-11-12 13:42:06,608 INFO  EvoClassLoader - Seeing class for first time: org.apache.hadoop.thirdparty.protobuf.DescriptorProtos$EnumOptions
2024-11-12 13:42:06,608 INFO  EvoClassLoader - Instrumenting class 'org.apache.hadoop.thirdparty.protobuf.DescriptorProtos$EnumOptions'.
2024-11-12 13:42:06,608 INFO  MethodCallReplacementClassAdapter - Adding mock interface to class org/apache/hadoop/thirdparty/protobuf/DescriptorProtos$EnumOptions
2024-11-12 13:42:06,609 INFO  CreateClassResetClassAdapter - Found static initializer in class org/apache/hadoop/thirdparty/protobuf/DescriptorProtos$EnumOptions
2024-11-12 13:42:06,609 INFO  EvoClassLoader - Keeping class: org.apache.hadoop.thirdparty.protobuf.DescriptorProtos$EnumOptions
2024-11-12 13:42:06,610 INFO  EvoClassLoader - Seeing class for first time: org.apache.hadoop.thirdparty.protobuf.DescriptorProtos$EnumOptions$1
2024-11-12 13:42:06,610 INFO  EvoClassLoader - Instrumenting class 'org.apache.hadoop.thirdparty.protobuf.DescriptorProtos$EnumOptions$1'.
2024-11-12 13:42:06,610 INFO  MethodCallReplacementClassAdapter - Adding mock interface to class org/apache/hadoop/thirdparty/protobuf/DescriptorProtos$EnumOptions$1
2024-11-12 13:42:06,610 INFO  EvoClassLoader - Keeping class: org.apache.hadoop.thirdparty.protobuf.DescriptorProtos$EnumOptions$1
2024-11-12 13:42:06,610 INFO  EvoClassLoader - Seeing class for first time: org.apache.hadoop.thirdparty.protobuf.DescriptorProtos$FieldDescriptorProto$Builder
2024-11-12 13:42:06,610 INFO  EvoClassLoader - Instrumenting class 'org.apache.hadoop.thirdparty.protobuf.DescriptorProtos$FieldDescriptorProto$Builder'.
2024-11-12 13:42:06,611 INFO  MethodCallReplacementClassAdapter - Adding mock interface to class org/apache/hadoop/thirdparty/protobuf/DescriptorProtos$FieldDescriptorProto$Builder
2024-11-12 13:42:06,612 INFO  CreateClassResetClassAdapter - Creating brand-new static initializer in class org/apache/hadoop/thirdparty/protobuf/DescriptorProtos$FieldDescriptorProto$Builder
2024-11-12 13:42:06,612 INFO  EvoClassLoader - Keeping class: org.apache.hadoop.thirdparty.protobuf.DescriptorProtos$FieldDescriptorProto$Builder
2024-11-12 13:42:06,613 INFO  EvoClassLoader - Seeing class for first time: org.apache.hadoop.hdfs.server.namenode.FsImageProto$INodeSection$INodeFile
2024-11-12 13:42:06,613 INFO  EvoClassLoader - Instrumenting class 'org.apache.hadoop.hdfs.server.namenode.FsImageProto$INodeSection$INodeFile'.
2024-11-12 13:42:06,613 INFO  MethodCallReplacementClassAdapter - Adding mock interface to class org/apache/hadoop/hdfs/server/namenode/FsImageProto$INodeSection$INodeFile
2024-11-12 13:42:06,614 INFO  CreateClassResetClassAdapter - Found static initializer in class org/apache/hadoop/hdfs/server/namenode/FsImageProto$INodeSection$INodeFile
2024-11-12 13:42:06,615 INFO  EvoClassLoader - Keeping class: org.apache.hadoop.hdfs.server.namenode.FsImageProto$INodeSection$INodeFile
2024-11-12 13:42:06,616 INFO  EvoClassLoader - Seeing class for first time: org.apache.hadoop.hdfs.server.namenode.FsImageProto$INodeSection$INodeFile$1
2024-11-12 13:42:06,616 INFO  EvoClassLoader - Instrumenting class 'org.apache.hadoop.hdfs.server.namenode.FsImageProto$INodeSection$INodeFile$1'.
2024-11-12 13:42:06,616 INFO  MethodCallReplacementClassAdapter - Adding mock interface to class org/apache/hadoop/hdfs/server/namenode/FsImageProto$INodeSection$INodeFile$1
2024-11-12 13:42:06,616 INFO  EvoClassLoader - Keeping class: org.apache.hadoop.hdfs.server.namenode.FsImageProto$INodeSection$INodeFile$1
2024-11-12 13:42:06,617 INFO  EvoClassLoader - Seeing class for first time: org.apache.hadoop.thirdparty.protobuf.MutabilityOracle$1
2024-11-12 13:42:06,617 INFO  EvoClassLoader - Instrumenting class 'org.apache.hadoop.thirdparty.protobuf.MutabilityOracle$1'.
2024-11-12 13:42:06,617 INFO  MethodCallReplacementClassAdapter - Adding mock interface to class org/apache/hadoop/thirdparty/protobuf/MutabilityOracle$1
2024-11-12 13:42:06,617 INFO  EvoClassLoader - Keeping class: org.apache.hadoop.thirdparty.protobuf.MutabilityOracle$1
2024-11-12 13:42:06,617 INFO  EvoClassLoader - Seeing class for first time: org.apache.hadoop.hdfs.server.namenode.FsImageProto$INodeSection$QuotaByStorageTypeFeatureProto
2024-11-12 13:42:06,617 INFO  EvoClassLoader - Instrumenting class 'org.apache.hadoop.hdfs.server.namenode.FsImageProto$INodeSection$QuotaByStorageTypeFeatureProto'.
2024-11-12 13:42:06,617 INFO  MethodCallReplacementClassAdapter - Adding mock interface to class org/apache/hadoop/hdfs/server/namenode/FsImageProto$INodeSection$QuotaByStorageTypeFeatureProto
2024-11-12 13:42:06,618 INFO  CreateClassResetClassAdapter - Found static initializer in class org/apache/hadoop/hdfs/server/namenode/FsImageProto$INodeSection$QuotaByStorageTypeFeatureProto
2024-11-12 13:42:06,618 INFO  EvoClassLoader - Keeping class: org.apache.hadoop.hdfs.server.namenode.FsImageProto$INodeSection$QuotaByStorageTypeFeatureProto
2024-11-12 13:42:06,619 INFO  EvoClassLoader - Seeing class for first time: org.apache.hadoop.hdfs.server.namenode.FsImageProto$INodeSection$QuotaByStorageTypeFeatureProto$1
2024-11-12 13:42:06,619 INFO  EvoClassLoader - Instrumenting class 'org.apache.hadoop.hdfs.server.namenode.FsImageProto$INodeSection$QuotaByStorageTypeFeatureProto$1'.
2024-11-12 13:42:06,619 INFO  MethodCallReplacementClassAdapter - Adding mock interface to class org/apache/hadoop/hdfs/server/namenode/FsImageProto$INodeSection$QuotaByStorageTypeFeatureProto$1
2024-11-12 13:42:06,619 INFO  EvoClassLoader - Keeping class: org.apache.hadoop.hdfs.server.namenode.FsImageProto$INodeSection$QuotaByStorageTypeFeatureProto$1
2024-11-12 13:42:06,619 INFO  EvoClassLoader - Seeing class for first time: org.apache.hadoop.hdfs.server.namenode.FsImageProto$CacheManagerSection
2024-11-12 13:42:06,619 INFO  EvoClassLoader - Instrumenting class 'org.apache.hadoop.hdfs.server.namenode.FsImageProto$CacheManagerSection'.
2024-11-12 13:42:06,619 INFO  MethodCallReplacementClassAdapter - Adding mock interface to class org/apache/hadoop/hdfs/server/namenode/FsImageProto$CacheManagerSection
2024-11-12 13:42:06,620 INFO  CreateClassResetClassAdapter - Found static initializer in class org/apache/hadoop/hdfs/server/namenode/FsImageProto$CacheManagerSection
2024-11-12 13:42:06,620 INFO  EvoClassLoader - Seeing class for first time: org.apache.hadoop.hdfs.server.namenode.FsImageProto$CacheManagerSectionOrBuilder
2024-11-12 13:42:06,620 INFO  EvoClassLoader - Instrumenting class 'org.apache.hadoop.hdfs.server.namenode.FsImageProto$CacheManagerSectionOrBuilder'.
2024-11-12 13:42:06,620 INFO  EvoClassLoader - Keeping class: org.apache.hadoop.hdfs.server.namenode.FsImageProto$CacheManagerSectionOrBuilder
2024-11-12 13:42:06,620 INFO  EvoClassLoader - Keeping class: org.apache.hadoop.hdfs.server.namenode.FsImageProto$CacheManagerSection
2024-11-12 13:42:06,621 INFO  EvoClassLoader - Seeing class for first time: org.apache.hadoop.hdfs.server.namenode.FsImageProto$CacheManagerSection$1
2024-11-12 13:42:06,621 INFO  EvoClassLoader - Instrumenting class 'org.apache.hadoop.hdfs.server.namenode.FsImageProto$CacheManagerSection$1'.
2024-11-12 13:42:06,621 INFO  MethodCallReplacementClassAdapter - Adding mock interface to class org/apache/hadoop/hdfs/server/namenode/FsImageProto$CacheManagerSection$1
2024-11-12 13:42:06,621 INFO  EvoClassLoader - Keeping class: org.apache.hadoop.hdfs.server.namenode.FsImageProto$CacheManagerSection$1
2024-11-12 13:42:06,621 INFO  EvoClassLoader - Seeing class for first time: org.apache.hadoop.hdfs.server.namenode.FsImageProto$INodeSection$Builder
2024-11-12 13:42:06,621 INFO  EvoClassLoader - Instrumenting class 'org.apache.hadoop.hdfs.server.namenode.FsImageProto$INodeSection$Builder'.
2024-11-12 13:42:06,621 INFO  MethodCallReplacementClassAdapter - Adding mock interface to class org/apache/hadoop/hdfs/server/namenode/FsImageProto$INodeSection$Builder
2024-11-12 13:42:06,621 INFO  CreateClassResetClassAdapter - Creating brand-new static initializer in class org/apache/hadoop/hdfs/server/namenode/FsImageProto$INodeSection$Builder
2024-11-12 13:42:06,622 INFO  EvoClassLoader - Keeping class: org.apache.hadoop.hdfs.server.namenode.FsImageProto$INodeSection$Builder
2024-11-12 13:42:06,622 INFO  EvoClassLoader - Seeing class for first time: org.apache.hadoop.hdfs.server.namenode.FsImageProto$INodeSection$AclFeatureProto$1
2024-11-12 13:42:06,622 INFO  EvoClassLoader - Instrumenting class 'org.apache.hadoop.hdfs.server.namenode.FsImageProto$INodeSection$AclFeatureProto$1'.
2024-11-12 13:42:06,622 INFO  MethodCallReplacementClassAdapter - Adding mock interface to class org/apache/hadoop/hdfs/server/namenode/FsImageProto$INodeSection$AclFeatureProto$1
2024-11-12 13:42:06,622 INFO  EvoClassLoader - Keeping class: org.apache.hadoop.hdfs.server.namenode.FsImageProto$INodeSection$AclFeatureProto$1
2024-11-12 13:42:06,623 INFO  EvoClassLoader - Seeing class for first time: org.apache.hadoop.hdfs.server.namenode.INodeReference$WithName
2024-11-12 13:42:06,623 INFO  EvoClassLoader - Instrumenting class 'org.apache.hadoop.hdfs.server.namenode.INodeReference$WithName'.
2024-11-12 13:42:06,623 INFO  MethodCallReplacementClassAdapter - Adding mock interface to class org/apache/hadoop/hdfs/server/namenode/INodeReference$WithName
2024-11-12 13:42:06,623 INFO  CreateClassResetClassAdapter - Creating brand-new static initializer in class org/apache/hadoop/hdfs/server/namenode/INodeReference$WithName
2024-11-12 13:42:06,623 INFO  EvoClassLoader - Keeping class: org.apache.hadoop.hdfs.server.namenode.INodeReference$WithName
2024-11-12 13:42:06,624 INFO  EvoClassLoader - Seeing class for first time: org.apache.hadoop.fs.PathIsNotDirectoryException
2024-11-12 13:42:06,624 INFO  EvoClassLoader - Instrumenting class 'org.apache.hadoop.fs.PathIsNotDirectoryException'.
2024-11-12 13:42:06,624 INFO  MethodCallReplacementClassAdapter - Adding mock interface to class org/apache/hadoop/fs/PathIsNotDirectoryException
2024-11-12 13:42:06,624 INFO  CreateClassResetClassAdapter - Creating brand-new static initializer in class org/apache/hadoop/fs/PathIsNotDirectoryException
2024-11-12 13:42:06,624 INFO  EvoClassLoader - Seeing class for first time: org.apache.hadoop.fs.PathExistsException
2024-11-12 13:42:06,624 INFO  EvoClassLoader - Instrumenting class 'org.apache.hadoop.fs.PathExistsException'.
2024-11-12 13:42:06,624 INFO  MethodCallReplacementClassAdapter - Adding mock interface to class org/apache/hadoop/fs/PathExistsException
2024-11-12 13:42:06,624 INFO  CreateClassResetClassAdapter - Creating brand-new static initializer in class org/apache/hadoop/fs/PathExistsException
2024-11-12 13:42:06,624 INFO  EvoClassLoader - Seeing class for first time: org.apache.hadoop.fs.PathIOException
2024-11-12 13:42:06,624 INFO  EvoClassLoader - Instrumenting class 'org.apache.hadoop.fs.PathIOException'.
2024-11-12 13:42:06,624 INFO  MethodCallReplacementClassAdapter - Adding mock interface to class org/apache/hadoop/fs/PathIOException
2024-11-12 13:42:06,624 INFO  CreateClassResetClassAdapter - Creating brand-new static initializer in class org/apache/hadoop/fs/PathIOException
2024-11-12 13:42:06,624 INFO  CreateClassResetClassAdapter - Adding bytecode for initializing field EIO
2024-11-12 13:42:06,624 INFO  EvoClassLoader - Keeping class: org.apache.hadoop.fs.PathIOException
2024-11-12 13:42:06,624 INFO  EvoClassLoader - Keeping class: org.apache.hadoop.fs.PathExistsException
2024-11-12 13:42:06,624 INFO  EvoClassLoader - Keeping class: org.apache.hadoop.fs.PathIsNotDirectoryException
2024-11-12 13:42:06,624 INFO  EvoClassLoader - Seeing class for first time: org.apache.hadoop.thirdparty.protobuf.NioByteString$1
2024-11-12 13:42:06,624 INFO  EvoClassLoader - Instrumenting class 'org.apache.hadoop.thirdparty.protobuf.NioByteString$1'.
2024-11-12 13:42:06,625 INFO  MethodCallReplacementClassAdapter - Adding mock interface to class org/apache/hadoop/thirdparty/protobuf/NioByteString$1
2024-11-12 13:42:06,625 INFO  EvoClassLoader - Keeping class: org.apache.hadoop.thirdparty.protobuf.NioByteString$1
2024-11-12 13:42:06,625 INFO  EvoClassLoader - Seeing class for first time: org.apache.hadoop.thirdparty.protobuf.DescriptorProtos$GeneratedCodeInfoOrBuilder
2024-11-12 13:42:06,625 INFO  EvoClassLoader - Instrumenting class 'org.apache.hadoop.thirdparty.protobuf.DescriptorProtos$GeneratedCodeInfoOrBuilder'.
2024-11-12 13:42:06,625 INFO  EvoClassLoader - Keeping class: org.apache.hadoop.thirdparty.protobuf.DescriptorProtos$GeneratedCodeInfoOrBuilder
2024-11-12 13:42:06,626 INFO  EvoClassLoader - Seeing class for first time: org.apache.hadoop.hdfs.server.namenode.FsImageProto$INodeSection$INodeSymlink
2024-11-12 13:42:06,626 INFO  EvoClassLoader - Instrumenting class 'org.apache.hadoop.hdfs.server.namenode.FsImageProto$INodeSection$INodeSymlink'.
2024-11-12 13:42:06,626 INFO  MethodCallReplacementClassAdapter - Adding mock interface to class org/apache/hadoop/hdfs/server/namenode/FsImageProto$INodeSection$INodeSymlink
2024-11-12 13:42:06,626 INFO  CreateClassResetClassAdapter - Found static initializer in class org/apache/hadoop/hdfs/server/namenode/FsImageProto$INodeSection$INodeSymlink
2024-11-12 13:42:06,627 INFO  EvoClassLoader - Keeping class: org.apache.hadoop.hdfs.server.namenode.FsImageProto$INodeSection$INodeSymlink
2024-11-12 13:42:06,627 INFO  EvoClassLoader - Seeing class for first time: org.apache.hadoop.hdfs.server.namenode.FsImageProto$INodeSection$INodeSymlink$1
2024-11-12 13:42:06,627 INFO  EvoClassLoader - Instrumenting class 'org.apache.hadoop.hdfs.server.namenode.FsImageProto$INodeSection$INodeSymlink$1'.
2024-11-12 13:42:06,627 INFO  MethodCallReplacementClassAdapter - Adding mock interface to class org/apache/hadoop/hdfs/server/namenode/FsImageProto$INodeSection$INodeSymlink$1
2024-11-12 13:42:06,627 INFO  EvoClassLoader - Keeping class: org.apache.hadoop.hdfs.server.namenode.FsImageProto$INodeSection$INodeSymlink$1
2024-11-12 13:42:06,628 INFO  EvoClassLoader - Seeing class for first time: org.apache.hadoop.thirdparty.protobuf.DescriptorProtos$GeneratedCodeInfo
2024-11-12 13:42:06,628 INFO  EvoClassLoader - Instrumenting class 'org.apache.hadoop.thirdparty.protobuf.DescriptorProtos$GeneratedCodeInfo'.
2024-11-12 13:42:06,628 INFO  MethodCallReplacementClassAdapter - Adding mock interface to class org/apache/hadoop/thirdparty/protobuf/DescriptorProtos$GeneratedCodeInfo
2024-11-12 13:42:06,628 INFO  CreateClassResetClassAdapter - Found static initializer in class org/apache/hadoop/thirdparty/protobuf/DescriptorProtos$GeneratedCodeInfo
2024-11-12 13:42:06,629 INFO  EvoClassLoader - Keeping class: org.apache.hadoop.thirdparty.protobuf.DescriptorProtos$GeneratedCodeInfo
2024-11-12 13:42:06,629 INFO  EvoClassLoader - Seeing class for first time: org.apache.hadoop.thirdparty.protobuf.DescriptorProtos$GeneratedCodeInfo$1
2024-11-12 13:42:06,629 INFO  EvoClassLoader - Instrumenting class 'org.apache.hadoop.thirdparty.protobuf.DescriptorProtos$GeneratedCodeInfo$1'.
2024-11-12 13:42:06,629 INFO  MethodCallReplacementClassAdapter - Adding mock interface to class org/apache/hadoop/thirdparty/protobuf/DescriptorProtos$GeneratedCodeInfo$1
2024-11-12 13:42:06,629 INFO  EvoClassLoader - Keeping class: org.apache.hadoop.thirdparty.protobuf.DescriptorProtos$GeneratedCodeInfo$1
2024-11-12 13:42:06,629 INFO  EvoClassLoader - Seeing class for first time: org.apache.hadoop.hdfs.server.namenode.XAttrFormat
2024-11-12 13:42:06,629 INFO  EvoClassLoader - Instrumenting class 'org.apache.hadoop.hdfs.server.namenode.XAttrFormat'.
2024-11-12 13:42:06,629 INFO  MethodCallReplacementClassAdapter - Adding mock interface to class org/apache/hadoop/hdfs/server/namenode/XAttrFormat
2024-11-12 13:42:06,630 INFO  CreateClassResetClassAdapter - Found static initializer in class org/apache/hadoop/hdfs/server/namenode/XAttrFormat
2024-11-12 13:42:06,630 INFO  EvoClassLoader - Keeping class: org.apache.hadoop.hdfs.server.namenode.XAttrFormat
2024-11-12 13:42:06,630 INFO  EvoClassLoader - Seeing class for first time: org.apache.hadoop.hdfs.server.namenode.SerialNumberManager
2024-11-12 13:42:06,630 INFO  EvoClassLoader - Instrumenting class 'org.apache.hadoop.hdfs.server.namenode.SerialNumberManager'.
2024-11-12 13:42:06,630 INFO  MethodCallReplacementClassAdapter - Adding mock interface to class org/apache/hadoop/hdfs/server/namenode/SerialNumberManager
2024-11-12 13:42:06,631 INFO  CreateClassResetClassAdapter - Found static initializer in class org/apache/hadoop/hdfs/server/namenode/SerialNumberManager
2024-11-12 13:42:06,631 INFO  EvoClassLoader - Keeping class: org.apache.hadoop.hdfs.server.namenode.SerialNumberManager
2024-11-12 13:42:06,631 INFO  FSDirectory - GLOBAL serial map: bits=29 maxEntries=536870911
2024-11-12 13:42:06,632 INFO  FSDirectory - USER serial map: bits=24 maxEntries=16777215
2024-11-12 13:42:06,632 INFO  FSDirectory - GROUP serial map: bits=24 maxEntries=16777215
2024-11-12 13:42:06,632 INFO  FSDirectory - XATTR serial map: bits=24 maxEntries=16777215
2024-11-12 13:42:06,632 INFO  EvoClassLoader - Seeing class for first time: org.apache.hadoop.hdfs.server.namenode.FsImageProto$StringTableSection$Entry
2024-11-12 13:42:06,632 INFO  EvoClassLoader - Instrumenting class 'org.apache.hadoop.hdfs.server.namenode.FsImageProto$StringTableSection$Entry'.
2024-11-12 13:42:06,632 INFO  MethodCallReplacementClassAdapter - Adding mock interface to class org/apache/hadoop/hdfs/server/namenode/FsImageProto$StringTableSection$Entry
2024-11-12 13:42:06,633 INFO  CreateClassResetClassAdapter - Found static initializer in class org/apache/hadoop/hdfs/server/namenode/FsImageProto$StringTableSection$Entry
2024-11-12 13:42:06,633 INFO  EvoClassLoader - Keeping class: org.apache.hadoop.hdfs.server.namenode.FsImageProto$StringTableSection$Entry
2024-11-12 13:42:06,634 INFO  EvoClassLoader - Seeing class for first time: org.apache.hadoop.thirdparty.protobuf.UnknownFieldSet$Field
2024-11-12 13:42:06,634 INFO  EvoClassLoader - Instrumenting class 'org.apache.hadoop.thirdparty.protobuf.UnknownFieldSet$Field'.
2024-11-12 13:42:06,634 INFO  MethodCallReplacementClassAdapter - Adding mock interface to class org/apache/hadoop/thirdparty/protobuf/UnknownFieldSet$Field
2024-11-12 13:42:06,634 INFO  CreateClassResetClassAdapter - Found static initializer in class org/apache/hadoop/thirdparty/protobuf/UnknownFieldSet$Field
2024-11-12 13:42:06,635 INFO  EvoClassLoader - Keeping class: org.apache.hadoop.thirdparty.protobuf.UnknownFieldSet$Field
2024-11-12 13:42:06,635 INFO  EvoClassLoader - Seeing class for first time: org.apache.hadoop.thirdparty.protobuf.DescriptorProtos$MethodOptions
2024-11-12 13:42:06,635 INFO  EvoClassLoader - Instrumenting class 'org.apache.hadoop.thirdparty.protobuf.DescriptorProtos$MethodOptions'.
2024-11-12 13:42:06,635 INFO  MethodCallReplacementClassAdapter - Adding mock interface to class org/apache/hadoop/thirdparty/protobuf/DescriptorProtos$MethodOptions
2024-11-12 13:42:06,636 INFO  CreateClassResetClassAdapter - Found static initializer in class org/apache/hadoop/thirdparty/protobuf/DescriptorProtos$MethodOptions
2024-11-12 13:42:06,637 INFO  EvoClassLoader - Keeping class: org.apache.hadoop.thirdparty.protobuf.DescriptorProtos$MethodOptions
2024-11-12 13:42:06,637 INFO  EvoClassLoader - Seeing class for first time: org.apache.hadoop.thirdparty.protobuf.DescriptorProtos$MethodOptions$1
2024-11-12 13:42:06,637 INFO  EvoClassLoader - Instrumenting class 'org.apache.hadoop.thirdparty.protobuf.DescriptorProtos$MethodOptions$1'.
2024-11-12 13:42:06,637 INFO  MethodCallReplacementClassAdapter - Adding mock interface to class org/apache/hadoop/thirdparty/protobuf/DescriptorProtos$MethodOptions$1
2024-11-12 13:42:06,637 INFO  EvoClassLoader - Keeping class: org.apache.hadoop.thirdparty.protobuf.DescriptorProtos$MethodOptions$1
2024-11-12 13:42:06,637 INFO  EvoClassLoader - Seeing class for first time: org.apache.hadoop.hdfs.server.namenode.FsImageProto$SnapshotDiffSection
2024-11-12 13:42:06,637 INFO  EvoClassLoader - Instrumenting class 'org.apache.hadoop.hdfs.server.namenode.FsImageProto$SnapshotDiffSection'.
2024-11-12 13:42:06,637 INFO  MethodCallReplacementClassAdapter - Adding mock interface to class org/apache/hadoop/hdfs/server/namenode/FsImageProto$SnapshotDiffSection
2024-11-12 13:42:06,638 INFO  CreateClassResetClassAdapter - Found static initializer in class org/apache/hadoop/hdfs/server/namenode/FsImageProto$SnapshotDiffSection
2024-11-12 13:42:06,638 INFO  EvoClassLoader - Keeping class: org.apache.hadoop.hdfs.server.namenode.FsImageProto$SnapshotDiffSection
2024-11-12 13:42:06,638 INFO  EvoClassLoader - Seeing class for first time: org.apache.hadoop.hdfs.server.namenode.FsImageProto$SnapshotDiffSection$1
2024-11-12 13:42:06,638 INFO  EvoClassLoader - Instrumenting class 'org.apache.hadoop.hdfs.server.namenode.FsImageProto$SnapshotDiffSection$1'.
2024-11-12 13:42:06,638 INFO  MethodCallReplacementClassAdapter - Adding mock interface to class org/apache/hadoop/hdfs/server/namenode/FsImageProto$SnapshotDiffSection$1
2024-11-12 13:42:06,639 INFO  EvoClassLoader - Keeping class: org.apache.hadoop.hdfs.server.namenode.FsImageProto$SnapshotDiffSection$1
2024-11-12 13:42:06,639 INFO  EvoClassLoader - Seeing class for first time: org.apache.hadoop.thirdparty.protobuf.DescriptorProtos$MethodDescriptorProto
2024-11-12 13:42:06,639 INFO  EvoClassLoader - Instrumenting class 'org.apache.hadoop.thirdparty.protobuf.DescriptorProtos$MethodDescriptorProto'.
2024-11-12 13:42:06,639 INFO  MethodCallReplacementClassAdapter - Adding mock interface to class org/apache/hadoop/thirdparty/protobuf/DescriptorProtos$MethodDescriptorProto
2024-11-12 13:42:06,640 INFO  CreateClassResetClassAdapter - Found static initializer in class org/apache/hadoop/thirdparty/protobuf/DescriptorProtos$MethodDescriptorProto
2024-11-12 13:42:06,640 INFO  EvoClassLoader - Keeping class: org.apache.hadoop.thirdparty.protobuf.DescriptorProtos$MethodDescriptorProto
2024-11-12 13:42:06,641 INFO  EvoClassLoader - Seeing class for first time: org.apache.hadoop.thirdparty.protobuf.DescriptorProtos$MethodDescriptorProto$1
2024-11-12 13:42:06,641 INFO  EvoClassLoader - Instrumenting class 'org.apache.hadoop.thirdparty.protobuf.DescriptorProtos$MethodDescriptorProto$1'.
2024-11-12 13:42:06,641 INFO  MethodCallReplacementClassAdapter - Adding mock interface to class org/apache/hadoop/thirdparty/protobuf/DescriptorProtos$MethodDescriptorProto$1
2024-11-12 13:42:06,641 INFO  EvoClassLoader - Keeping class: org.apache.hadoop.thirdparty.protobuf.DescriptorProtos$MethodDescriptorProto$1
2024-11-12 13:42:06,641 INFO  EvoClassLoader - Seeing class for first time: org.apache.hadoop.fs.permission.PermissionStatus
2024-11-12 13:42:06,641 INFO  EvoClassLoader - Instrumenting class 'org.apache.hadoop.fs.permission.PermissionStatus'.
2024-11-12 13:42:06,641 INFO  MethodCallReplacementClassAdapter - Adding mock interface to class org/apache/hadoop/fs/permission/PermissionStatus
2024-11-12 13:42:06,641 INFO  CreateClassResetClassAdapter - Found static initializer in class org/apache/hadoop/fs/permission/PermissionStatus
2024-11-12 13:42:06,642 INFO  EvoClassLoader - Keeping class: org.apache.hadoop.fs.permission.PermissionStatus
2024-11-12 13:42:06,642 INFO  EvoClassLoader - Seeing class for first time: org.apache.hadoop.fs.permission.PermissionStatus$2
2024-11-12 13:42:06,642 INFO  EvoClassLoader - Instrumenting class 'org.apache.hadoop.fs.permission.PermissionStatus$2'.
2024-11-12 13:42:06,642 INFO  MethodCallReplacementClassAdapter - Adding mock interface to class org/apache/hadoop/fs/permission/PermissionStatus$2
2024-11-12 13:42:06,642 INFO  EvoClassLoader - Keeping class: org.apache.hadoop.fs.permission.PermissionStatus$2
2024-11-12 13:42:06,642 INFO  EvoClassLoader - Seeing class for first time: org.apache.hadoop.fs.permission.PermissionStatus$1
2024-11-12 13:42:06,642 INFO  EvoClassLoader - Instrumenting class 'org.apache.hadoop.fs.permission.PermissionStatus$1'.
2024-11-12 13:42:06,642 INFO  MethodCallReplacementClassAdapter - Adding mock interface to class org/apache/hadoop/fs/permission/PermissionStatus$1
2024-11-12 13:42:06,642 INFO  EvoClassLoader - Keeping class: org.apache.hadoop.fs.permission.PermissionStatus$1
2024-11-12 13:42:06,642 INFO  EvoClassLoader - Seeing class for first time: org.apache.hadoop.thirdparty.protobuf.DescriptorProtos
2024-11-12 13:42:06,642 INFO  EvoClassLoader - Instrumenting class 'org.apache.hadoop.thirdparty.protobuf.DescriptorProtos'.
2024-11-12 13:42:06,642 INFO  MethodCallReplacementClassAdapter - Adding mock interface to class org/apache/hadoop/thirdparty/protobuf/DescriptorProtos
2024-11-12 13:42:06,643 INFO  CreateClassResetClassAdapter - Found static initializer in class org/apache/hadoop/thirdparty/protobuf/DescriptorProtos
2024-11-12 13:42:06,645 INFO  EvoClassLoader - Keeping class: org.apache.hadoop.thirdparty.protobuf.DescriptorProtos
2024-11-12 13:42:06,645 INFO  EvoClassLoader - Seeing class for first time: org.apache.hadoop.thirdparty.protobuf.DescriptorProtos$1
2024-11-12 13:42:06,645 INFO  EvoClassLoader - Instrumenting class 'org.apache.hadoop.thirdparty.protobuf.DescriptorProtos$1'.
2024-11-12 13:42:06,645 INFO  MethodCallReplacementClassAdapter - Adding mock interface to class org/apache/hadoop/thirdparty/protobuf/DescriptorProtos$1
2024-11-12 13:42:06,646 INFO  EvoClassLoader - Keeping class: org.apache.hadoop.thirdparty.protobuf.DescriptorProtos$1
2024-11-12 13:42:06,646 INFO  EvoClassLoader - Seeing class for first time: org.apache.hadoop.thirdparty.protobuf.DescriptorProtos$DescriptorProto$ExtensionRange
2024-11-12 13:42:06,647 INFO  EvoClassLoader - Instrumenting class 'org.apache.hadoop.thirdparty.protobuf.DescriptorProtos$DescriptorProto$ExtensionRange'.
2024-11-12 13:42:06,647 INFO  MethodCallReplacementClassAdapter - Adding mock interface to class org/apache/hadoop/thirdparty/protobuf/DescriptorProtos$DescriptorProto$ExtensionRange
2024-11-12 13:42:06,648 INFO  CreateClassResetClassAdapter - Found static initializer in class org/apache/hadoop/thirdparty/protobuf/DescriptorProtos$DescriptorProto$ExtensionRange
2024-11-12 13:42:06,649 INFO  EvoClassLoader - Seeing class for first time: org.apache.hadoop.thirdparty.protobuf.DescriptorProtos$DescriptorProto$ExtensionRangeOrBuilder
2024-11-12 13:42:06,649 INFO  EvoClassLoader - Instrumenting class 'org.apache.hadoop.thirdparty.protobuf.DescriptorProtos$DescriptorProto$ExtensionRangeOrBuilder'.
2024-11-12 13:42:06,650 INFO  EvoClassLoader - Keeping class: org.apache.hadoop.thirdparty.protobuf.DescriptorProtos$DescriptorProto$ExtensionRangeOrBuilder
2024-11-12 13:42:06,650 INFO  EvoClassLoader - Keeping class: org.apache.hadoop.thirdparty.protobuf.DescriptorProtos$DescriptorProto$ExtensionRange
2024-11-12 13:42:06,650 INFO  EvoClassLoader - Seeing class for first time: org.apache.hadoop.thirdparty.protobuf.DescriptorProtos$ExtensionRangeOptionsOrBuilder
2024-11-12 13:42:06,650 INFO  EvoClassLoader - Instrumenting class 'org.apache.hadoop.thirdparty.protobuf.DescriptorProtos$ExtensionRangeOptionsOrBuilder'.
2024-11-12 13:42:06,650 INFO  EvoClassLoader - Keeping class: org.apache.hadoop.thirdparty.protobuf.DescriptorProtos$ExtensionRangeOptionsOrBuilder
2024-11-12 13:42:06,651 INFO  EvoClassLoader - Seeing class for first time: org.apache.hadoop.thirdparty.protobuf.DescriptorProtos$DescriptorProto$ExtensionRange$1
2024-11-12 13:42:06,651 INFO  EvoClassLoader - Instrumenting class 'org.apache.hadoop.thirdparty.protobuf.DescriptorProtos$DescriptorProto$ExtensionRange$1'.
2024-11-12 13:42:06,653 INFO  MethodCallReplacementClassAdapter - Adding mock interface to class org/apache/hadoop/thirdparty/protobuf/DescriptorProtos$DescriptorProto$ExtensionRange$1
2024-11-12 13:42:06,654 INFO  EvoClassLoader - Keeping class: org.apache.hadoop.thirdparty.protobuf.DescriptorProtos$DescriptorProto$ExtensionRange$1
2024-11-12 13:42:06,655 INFO  EvoClassLoader - Seeing class for first time: org.apache.hadoop.thirdparty.protobuf.DescriptorProtos$DescriptorProto$ReservedRange
2024-11-12 13:42:06,655 INFO  EvoClassLoader - Instrumenting class 'org.apache.hadoop.thirdparty.protobuf.DescriptorProtos$DescriptorProto$ReservedRange'.
2024-11-12 13:42:06,656 INFO  MethodCallReplacementClassAdapter - Adding mock interface to class org/apache/hadoop/thirdparty/protobuf/DescriptorProtos$DescriptorProto$ReservedRange
2024-11-12 13:42:06,657 INFO  CreateClassResetClassAdapter - Found static initializer in class org/apache/hadoop/thirdparty/protobuf/DescriptorProtos$DescriptorProto$ReservedRange
2024-11-12 13:42:06,658 INFO  EvoClassLoader - Seeing class for first time: org.apache.hadoop.thirdparty.protobuf.DescriptorProtos$DescriptorProto$ReservedRangeOrBuilder
2024-11-12 13:42:06,658 INFO  EvoClassLoader - Instrumenting class 'org.apache.hadoop.thirdparty.protobuf.DescriptorProtos$DescriptorProto$ReservedRangeOrBuilder'.
2024-11-12 13:42:06,658 INFO  EvoClassLoader - Keeping class: org.apache.hadoop.thirdparty.protobuf.DescriptorProtos$DescriptorProto$ReservedRangeOrBuilder
2024-11-12 13:42:06,658 INFO  EvoClassLoader - Keeping class: org.apache.hadoop.thirdparty.protobuf.DescriptorProtos$DescriptorProto$ReservedRange
2024-11-12 13:42:06,664 INFO  EvoClassLoader - Seeing class for first time: org.apache.hadoop.thirdparty.protobuf.DescriptorProtos$DescriptorProto$ReservedRange$1
2024-11-12 13:42:06,664 INFO  EvoClassLoader - Instrumenting class 'org.apache.hadoop.thirdparty.protobuf.DescriptorProtos$DescriptorProto$ReservedRange$1'.
2024-11-12 13:42:06,664 INFO  MethodCallReplacementClassAdapter - Adding mock interface to class org/apache/hadoop/thirdparty/protobuf/DescriptorProtos$DescriptorProto$ReservedRange$1
2024-11-12 13:42:06,665 INFO  EvoClassLoader - Keeping class: org.apache.hadoop.thirdparty.protobuf.DescriptorProtos$DescriptorProto$ReservedRange$1
2024-11-12 13:42:06,666 INFO  EvoClassLoader - Seeing class for first time: org.apache.hadoop.thirdparty.protobuf.DescriptorProtos$FileOptions$OptimizeMode
2024-11-12 13:42:06,666 INFO  EvoClassLoader - Instrumenting class 'org.apache.hadoop.thirdparty.protobuf.DescriptorProtos$FileOptions$OptimizeMode'.
2024-11-12 13:42:06,666 INFO  MethodCallReplacementClassAdapter - Adding mock interface to class org/apache/hadoop/thirdparty/protobuf/DescriptorProtos$FileOptions$OptimizeMode
2024-11-12 13:42:06,668 INFO  CreateClassResetClassAdapter - Found static initializer in class org/apache/hadoop/thirdparty/protobuf/DescriptorProtos$FileOptions$OptimizeMode
2024-11-12 13:42:06,669 INFO  EvoClassLoader - Keeping class: org.apache.hadoop.thirdparty.protobuf.DescriptorProtos$FileOptions$OptimizeMode
2024-11-12 13:42:06,669 INFO  EvoClassLoader - Seeing class for first time: org.apache.hadoop.thirdparty.protobuf.DescriptorProtos$FileOptions$OptimizeMode$1
2024-11-12 13:42:06,669 INFO  EvoClassLoader - Instrumenting class 'org.apache.hadoop.thirdparty.protobuf.DescriptorProtos$FileOptions$OptimizeMode$1'.
2024-11-12 13:42:06,669 INFO  MethodCallReplacementClassAdapter - Adding mock interface to class org/apache/hadoop/thirdparty/protobuf/DescriptorProtos$FileOptions$OptimizeMode$1
2024-11-12 13:42:06,670 INFO  EvoClassLoader - Keeping class: org.apache.hadoop.thirdparty.protobuf.DescriptorProtos$FileOptions$OptimizeMode$1
2024-11-12 13:42:06,677 INFO  EvoClassLoader - Seeing class for first time: org.apache.hadoop.thirdparty.protobuf.DescriptorProtos$SourceCodeInfo
2024-11-12 13:42:06,677 INFO  EvoClassLoader - Instrumenting class 'org.apache.hadoop.thirdparty.protobuf.DescriptorProtos$SourceCodeInfo'.
2024-11-12 13:42:06,678 INFO  MethodCallReplacementClassAdapter - Adding mock interface to class org/apache/hadoop/thirdparty/protobuf/DescriptorProtos$SourceCodeInfo
2024-11-12 13:42:06,680 INFO  CreateClassResetClassAdapter - Found static initializer in class org/apache/hadoop/thirdparty/protobuf/DescriptorProtos$SourceCodeInfo
2024-11-12 13:42:06,680 INFO  EvoClassLoader - Keeping class: org.apache.hadoop.thirdparty.protobuf.DescriptorProtos$SourceCodeInfo
2024-11-12 13:42:06,681 INFO  EvoClassLoader - Seeing class for first time: org.apache.hadoop.thirdparty.protobuf.DescriptorProtos$SourceCodeInfo$1
2024-11-12 13:42:06,681 INFO  EvoClassLoader - Instrumenting class 'org.apache.hadoop.thirdparty.protobuf.DescriptorProtos$SourceCodeInfo$1'.
2024-11-12 13:42:06,681 INFO  MethodCallReplacementClassAdapter - Adding mock interface to class org/apache/hadoop/thirdparty/protobuf/DescriptorProtos$SourceCodeInfo$1
2024-11-12 13:42:06,681 INFO  EvoClassLoader - Keeping class: org.apache.hadoop.thirdparty.protobuf.DescriptorProtos$SourceCodeInfo$1
2024-11-12 13:42:06,682 INFO  EvoClassLoader - Seeing class for first time: org.apache.hadoop.fs.RawLocalFileSystem
2024-11-12 13:42:06,682 INFO  EvoClassLoader - Instrumenting class 'org.apache.hadoop.fs.RawLocalFileSystem'.
2024-11-12 13:42:06,683 INFO  MethodCallReplacementClassAdapter - Adding mock interface to class org/apache/hadoop/fs/RawLocalFileSystem
2024-11-12 13:42:06,688 INFO  CreateClassResetClassAdapter - Found static initializer in class org/apache/hadoop/fs/RawLocalFileSystem
2024-11-12 13:42:06,689 INFO  EvoClassLoader - Keeping class: org.apache.hadoop.fs.RawLocalFileSystem
2024-11-12 13:42:06,690 INFO  EvoClassLoader - Seeing class for first time: org.apache.hadoop.fs.Path
2024-11-12 13:42:06,690 INFO  EvoClassLoader - Instrumenting class 'org.apache.hadoop.fs.Path'.
2024-11-12 13:42:06,690 INFO  MethodCallReplacementClassAdapter - Adding mock interface to class org/apache/hadoop/fs/Path
2024-11-12 13:42:06,691 INFO  CreateClassResetClassAdapter - Found static initializer in class org/apache/hadoop/fs/Path
2024-11-12 13:42:06,691 INFO  EvoClassLoader - Keeping class: org.apache.hadoop.fs.Path
2024-11-12 13:42:06,691 INFO  EvoClassLoader - Seeing class for first time: org.apache.hadoop.fs.PathHandle
2024-11-12 13:42:06,691 INFO  EvoClassLoader - Instrumenting class 'org.apache.hadoop.fs.PathHandle'.
2024-11-12 13:42:06,692 INFO  EvoClassLoader - Keeping class: org.apache.hadoop.fs.PathHandle
2024-11-12 13:42:06,692 INFO  EvoClassLoader - Seeing class for first time: org.apache.hadoop.fs.FileSystem$Statistics
2024-11-12 13:42:06,692 INFO  EvoClassLoader - Instrumenting class 'org.apache.hadoop.fs.FileSystem$Statistics'.
2024-11-12 13:42:06,692 INFO  MethodCallReplacementClassAdapter - Adding mock interface to class org/apache/hadoop/fs/FileSystem$Statistics
2024-11-12 13:42:06,692 INFO  CreateClassResetClassAdapter - Found static initializer in class org/apache/hadoop/fs/FileSystem$Statistics
2024-11-12 13:42:06,693 INFO  EvoClassLoader - Keeping class: org.apache.hadoop.fs.FileSystem$Statistics
2024-11-12 13:42:06,693 INFO  EvoClassLoader - Seeing class for first time: org.apache.hadoop.security.UserGroupInformation
2024-11-12 13:42:06,693 INFO  EvoClassLoader - Instrumenting class 'org.apache.hadoop.security.UserGroupInformation'.
2024-11-12 13:42:06,693 INFO  MethodCallReplacementClassAdapter - Adding mock interface to class org/apache/hadoop/security/UserGroupInformation
2024-11-12 13:42:06,698 INFO  CreateClassResetClassAdapter - Found static initializer in class org/apache/hadoop/security/UserGroupInformation
2024-11-12 13:42:06,699 INFO  EvoClassLoader - Keeping class: org.apache.hadoop.security.UserGroupInformation
2024-11-12 13:42:06,699 INFO  EvoClassLoader - Seeing class for first time: org.apache.hadoop.security.token.Token
2024-11-12 13:42:06,699 INFO  EvoClassLoader - Instrumenting class 'org.apache.hadoop.security.token.Token'.
2024-11-12 13:42:06,700 INFO  MethodCallReplacementClassAdapter - Adding mock interface to class org/apache/hadoop/security/token/Token
2024-11-12 13:42:06,700 INFO  CreateClassResetClassAdapter - Found static initializer in class org/apache/hadoop/security/token/Token
2024-11-12 13:42:06,701 INFO  EvoClassLoader - Keeping class: org.apache.hadoop.security.token.Token
2024-11-12 13:42:06,701 INFO  EvoClassLoader - Seeing class for first time: org.apache.hadoop.fs.BlockLocation
2024-11-12 13:42:06,701 INFO  EvoClassLoader - Instrumenting class 'org.apache.hadoop.fs.BlockLocation'.
2024-11-12 13:42:06,701 INFO  MethodCallReplacementClassAdapter - Adding mock interface to class org/apache/hadoop/fs/BlockLocation
2024-11-12 13:42:06,701 INFO  CreateClassResetClassAdapter - Found static initializer in class org/apache/hadoop/fs/BlockLocation
2024-11-12 13:42:06,701 INFO  EvoClassLoader - Keeping class: org.apache.hadoop.fs.BlockLocation
2024-11-12 13:42:06,702 INFO  EvoClassLoader - Seeing class for first time: org.apache.hadoop.fs.FsServerDefaults
2024-11-12 13:42:06,702 INFO  EvoClassLoader - Instrumenting class 'org.apache.hadoop.fs.FsServerDefaults'.
2024-11-12 13:42:06,702 INFO  MethodCallReplacementClassAdapter - Adding mock interface to class org/apache/hadoop/fs/FsServerDefaults
2024-11-12 13:42:06,702 INFO  CreateClassResetClassAdapter - Found static initializer in class org/apache/hadoop/fs/FsServerDefaults
2024-11-12 13:42:06,702 INFO  EvoClassLoader - Keeping class: org.apache.hadoop.fs.FsServerDefaults
2024-11-12 13:42:06,702 INFO  EvoClassLoader - Seeing class for first time: org.apache.hadoop.fs.Options$HandleOpt
2024-11-12 13:42:06,702 INFO  EvoClassLoader - Instrumenting class 'org.apache.hadoop.fs.Options$HandleOpt'.
2024-11-12 13:42:06,702 INFO  MethodCallReplacementClassAdapter - Adding mock interface to class org/apache/hadoop/fs/Options$HandleOpt
2024-11-12 13:42:06,703 INFO  CreateClassResetClassAdapter - Creating brand-new static initializer in class org/apache/hadoop/fs/Options$HandleOpt
2024-11-12 13:42:06,703 INFO  EvoClassLoader - Keeping class: org.apache.hadoop.fs.Options$HandleOpt
2024-11-12 13:42:06,703 INFO  EvoClassLoader - Seeing class for first time: org.apache.hadoop.util.Progressable
2024-11-12 13:42:06,703 INFO  EvoClassLoader - Instrumenting class 'org.apache.hadoop.util.Progressable'.
2024-11-12 13:42:06,703 INFO  EvoClassLoader - Keeping class: org.apache.hadoop.util.Progressable
2024-11-12 13:42:06,703 INFO  EvoClassLoader - Seeing class for first time: org.apache.hadoop.fs.Options$ChecksumOpt
2024-11-12 13:42:06,703 INFO  EvoClassLoader - Instrumenting class 'org.apache.hadoop.fs.Options$ChecksumOpt'.
2024-11-12 13:42:06,703 INFO  MethodCallReplacementClassAdapter - Adding mock interface to class org/apache/hadoop/fs/Options$ChecksumOpt
2024-11-12 13:42:06,703 INFO  CreateClassResetClassAdapter - Creating brand-new static initializer in class org/apache/hadoop/fs/Options$ChecksumOpt
2024-11-12 13:42:06,704 INFO  EvoClassLoader - Keeping class: org.apache.hadoop.fs.Options$ChecksumOpt
2024-11-12 13:42:06,704 INFO  EvoClassLoader - Seeing class for first time: org.apache.hadoop.fs.FSDataOutputStream
2024-11-12 13:42:06,704 INFO  EvoClassLoader - Instrumenting class 'org.apache.hadoop.fs.FSDataOutputStream'.
2024-11-12 13:42:06,704 INFO  MethodCallReplacementClassAdapter - Adding mock interface to class org/apache/hadoop/fs/FSDataOutputStream
2024-11-12 13:42:06,704 INFO  CreateClassResetClassAdapter - Creating brand-new static initializer in class org/apache/hadoop/fs/FSDataOutputStream
2024-11-12 13:42:06,704 INFO  EvoClassLoader - Seeing class for first time: org.apache.hadoop.fs.Syncable
2024-11-12 13:42:06,704 INFO  EvoClassLoader - Instrumenting class 'org.apache.hadoop.fs.Syncable'.
2024-11-12 13:42:06,704 INFO  EvoClassLoader - Keeping class: org.apache.hadoop.fs.Syncable
2024-11-12 13:42:06,704 INFO  EvoClassLoader - Seeing class for first time: org.apache.hadoop.fs.Abortable
2024-11-12 13:42:06,704 INFO  EvoClassLoader - Instrumenting class 'org.apache.hadoop.fs.Abortable'.
2024-11-12 13:42:06,705 INFO  EvoClassLoader - Keeping class: org.apache.hadoop.fs.Abortable
2024-11-12 13:42:06,705 INFO  EvoClassLoader - Keeping class: org.apache.hadoop.fs.FSDataOutputStream
2024-11-12 13:42:06,705 INFO  EvoClassLoader - Seeing class for first time: org.apache.hadoop.fs.FileSystem$DirectoryEntries
2024-11-12 13:42:06,705 INFO  EvoClassLoader - Instrumenting class 'org.apache.hadoop.fs.FileSystem$DirectoryEntries'.
2024-11-12 13:42:06,705 INFO  MethodCallReplacementClassAdapter - Adding mock interface to class org/apache/hadoop/fs/FileSystem$DirectoryEntries
2024-11-12 13:42:06,705 INFO  CreateClassResetClassAdapter - Creating brand-new static initializer in class org/apache/hadoop/fs/FileSystem$DirectoryEntries
2024-11-12 13:42:06,705 INFO  EvoClassLoader - Keeping class: org.apache.hadoop.fs.FileSystem$DirectoryEntries
2024-11-12 13:42:06,705 INFO  EvoClassLoader - Seeing class for first time: org.apache.hadoop.fs.FileChecksum
2024-11-12 13:42:06,705 INFO  EvoClassLoader - Instrumenting class 'org.apache.hadoop.fs.FileChecksum'.
2024-11-12 13:42:06,705 INFO  MethodCallReplacementClassAdapter - Adding mock interface to class org/apache/hadoop/fs/FileChecksum
2024-11-12 13:42:06,705 INFO  CreateClassResetClassAdapter - Creating brand-new static initializer in class org/apache/hadoop/fs/FileChecksum
2024-11-12 13:42:06,705 INFO  EvoClassLoader - Keeping class: org.apache.hadoop.fs.FileChecksum
2024-11-12 13:42:06,705 INFO  EvoClassLoader - Seeing class for first time: org.apache.hadoop.fs.FsStatus
2024-11-12 13:42:06,705 INFO  EvoClassLoader - Instrumenting class 'org.apache.hadoop.fs.FsStatus'.
2024-11-12 13:42:06,705 INFO  MethodCallReplacementClassAdapter - Adding mock interface to class org/apache/hadoop/fs/FsStatus
2024-11-12 13:42:06,705 INFO  CreateClassResetClassAdapter - Creating brand-new static initializer in class org/apache/hadoop/fs/FsStatus
2024-11-12 13:42:06,705 INFO  EvoClassLoader - Keeping class: org.apache.hadoop.fs.FsStatus
2024-11-12 13:42:06,705 INFO  EvoClassLoader - Seeing class for first time: org.apache.hadoop.fs.permission.AclStatus
2024-11-12 13:42:06,705 INFO  EvoClassLoader - Instrumenting class 'org.apache.hadoop.fs.permission.AclStatus'.
2024-11-12 13:42:06,706 INFO  MethodCallReplacementClassAdapter - Adding mock interface to class org/apache/hadoop/fs/permission/AclStatus
2024-11-12 13:42:06,706 INFO  CreateClassResetClassAdapter - Creating brand-new static initializer in class org/apache/hadoop/fs/permission/AclStatus
2024-11-12 13:42:06,706 INFO  EvoClassLoader - Keeping class: org.apache.hadoop.fs.permission.AclStatus
2024-11-12 13:42:06,706 INFO  EvoClassLoader - Seeing class for first time: org.apache.hadoop.fs.BlockStoragePolicySpi
2024-11-12 13:42:06,706 INFO  EvoClassLoader - Instrumenting class 'org.apache.hadoop.fs.BlockStoragePolicySpi'.
2024-11-12 13:42:06,706 INFO  EvoClassLoader - Keeping class: org.apache.hadoop.fs.BlockStoragePolicySpi
2024-11-12 13:42:06,706 INFO  EvoClassLoader - Seeing class for first time: org.apache.hadoop.fs.GlobalStorageStatistics
2024-11-12 13:42:06,706 INFO  EvoClassLoader - Instrumenting class 'org.apache.hadoop.fs.GlobalStorageStatistics'.
2024-11-12 13:42:06,706 INFO  MethodCallReplacementClassAdapter - Adding mock interface to class org/apache/hadoop/fs/GlobalStorageStatistics
2024-11-12 13:42:06,707 INFO  CreateClassResetClassAdapter - Found static initializer in class org/apache/hadoop/fs/GlobalStorageStatistics
2024-11-12 13:42:06,707 INFO  EvoClassLoader - Keeping class: org.apache.hadoop.fs.GlobalStorageStatistics
2024-11-12 13:42:06,707 INFO  EvoClassLoader - Seeing class for first time: org.apache.hadoop.fs.impl.OpenFileParameters
2024-11-12 13:42:06,707 INFO  EvoClassLoader - Instrumenting class 'org.apache.hadoop.fs.impl.OpenFileParameters'.
2024-11-12 13:42:06,707 INFO  MethodCallReplacementClassAdapter - Adding mock interface to class org/apache/hadoop/fs/impl/OpenFileParameters
2024-11-12 13:42:06,707 INFO  CreateClassResetClassAdapter - Creating brand-new static initializer in class org/apache/hadoop/fs/impl/OpenFileParameters
2024-11-12 13:42:06,707 INFO  EvoClassLoader - Keeping class: org.apache.hadoop.fs.impl.OpenFileParameters
2024-11-12 13:42:06,707 INFO  EvoClassLoader - Seeing class for first time: org.apache.hadoop.fs.MultipartUploaderBuilder
2024-11-12 13:42:06,707 INFO  EvoClassLoader - Instrumenting class 'org.apache.hadoop.fs.MultipartUploaderBuilder'.
2024-11-12 13:42:06,707 INFO  EvoClassLoader - Keeping class: org.apache.hadoop.fs.MultipartUploaderBuilder
2024-11-12 13:42:06,707 INFO  EvoClassLoader - Seeing class for first time: org.apache.hadoop.fs.FileSystem$Cache$Key
2024-11-12 13:42:06,708 INFO  EvoClassLoader - Instrumenting class 'org.apache.hadoop.fs.FileSystem$Cache$Key'.
2024-11-12 13:42:06,708 INFO  MethodCallReplacementClassAdapter - Adding mock interface to class org/apache/hadoop/fs/FileSystem$Cache$Key
2024-11-12 13:42:06,708 INFO  CreateClassResetClassAdapter - Creating brand-new static initializer in class org/apache/hadoop/fs/FileSystem$Cache$Key
2024-11-12 13:42:06,708 INFO  EvoClassLoader - Keeping class: org.apache.hadoop.fs.FileSystem$Cache$Key
2024-11-12 13:42:06,708 INFO  EvoClassLoader - Seeing class for first time: org.apache.hadoop.fs.Options$Rename
2024-11-12 13:42:06,708 INFO  EvoClassLoader - Instrumenting class 'org.apache.hadoop.fs.Options$Rename'.
2024-11-12 13:42:06,708 INFO  MethodCallReplacementClassAdapter - Adding mock interface to class org/apache/hadoop/fs/Options$Rename
2024-11-12 13:42:06,708 INFO  CreateClassResetClassAdapter - Found static initializer in class org/apache/hadoop/fs/Options$Rename
2024-11-12 13:42:06,708 INFO  EvoClassLoader - Keeping class: org.apache.hadoop.fs.Options$Rename
2024-11-12 13:42:06,708 INFO  EvoClassLoader - Seeing class for first time: io.netty.channel.ChannelHandlerContext
2024-11-12 13:42:06,708 INFO  EvoClassLoader - Instrumenting class 'io.netty.channel.ChannelHandlerContext'.
2024-11-12 13:42:06,709 INFO  EvoClassLoader - Seeing class for first time: io.netty.util.AttributeMap
2024-11-12 13:42:06,709 INFO  EvoClassLoader - Instrumenting class 'io.netty.util.AttributeMap'.
2024-11-12 13:42:06,709 INFO  EvoClassLoader - Defined package (3): package io.netty.util, 1023385430
2024-11-12 13:42:06,709 INFO  EvoClassLoader - Keeping class: io.netty.util.AttributeMap
2024-11-12 13:42:06,709 INFO  EvoClassLoader - Seeing class for first time: io.netty.channel.ChannelInboundInvoker
2024-11-12 13:42:06,709 INFO  EvoClassLoader - Instrumenting class 'io.netty.channel.ChannelInboundInvoker'.
2024-11-12 13:42:06,709 INFO  EvoClassLoader - Keeping class: io.netty.channel.ChannelInboundInvoker
2024-11-12 13:42:06,709 INFO  EvoClassLoader - Seeing class for first time: io.netty.channel.ChannelOutboundInvoker
2024-11-12 13:42:06,709 INFO  EvoClassLoader - Instrumenting class 'io.netty.channel.ChannelOutboundInvoker'.
2024-11-12 13:42:06,709 INFO  EvoClassLoader - Keeping class: io.netty.channel.ChannelOutboundInvoker
2024-11-12 13:42:06,709 INFO  EvoClassLoader - Keeping class: io.netty.channel.ChannelHandlerContext
2024-11-12 13:42:06,710 INFO  EvoClassLoader - Seeing class for first time: org.apache.hadoop.thirdparty.protobuf.MapEntry$Builder
2024-11-12 13:42:06,710 INFO  EvoClassLoader - Instrumenting class 'org.apache.hadoop.thirdparty.protobuf.MapEntry$Builder'.
2024-11-12 13:42:06,710 INFO  MethodCallReplacementClassAdapter - Adding mock interface to class org/apache/hadoop/thirdparty/protobuf/MapEntry$Builder
2024-11-12 13:42:06,711 INFO  CreateClassResetClassAdapter - Creating brand-new static initializer in class org/apache/hadoop/thirdparty/protobuf/MapEntry$Builder
2024-11-12 13:42:06,711 INFO  EvoClassLoader - Keeping class: org.apache.hadoop.thirdparty.protobuf.MapEntry$Builder
2024-11-12 13:42:06,711 INFO  EvoClassLoader - Seeing class for first time: org.apache.hadoop.conf.StorageUnit
2024-11-12 13:42:06,711 INFO  EvoClassLoader - Instrumenting class 'org.apache.hadoop.conf.StorageUnit'.
2024-11-12 13:42:06,712 INFO  MethodCallReplacementClassAdapter - Adding mock interface to class org/apache/hadoop/conf/StorageUnit
2024-11-12 13:42:06,712 INFO  CreateClassResetClassAdapter - Found static initializer in class org/apache/hadoop/conf/StorageUnit
2024-11-12 13:42:06,712 INFO  EvoClassLoader - Keeping class: org.apache.hadoop.conf.StorageUnit
2024-11-12 13:42:06,712 INFO  EvoClassLoader - Seeing class for first time: org.apache.hadoop.conf.Configuration$IntegerRanges
2024-11-12 13:42:06,712 INFO  EvoClassLoader - Instrumenting class 'org.apache.hadoop.conf.Configuration$IntegerRanges'.
2024-11-12 13:42:06,712 INFO  MethodCallReplacementClassAdapter - Adding mock interface to class org/apache/hadoop/conf/Configuration$IntegerRanges
2024-11-12 13:42:06,713 INFO  CreateClassResetClassAdapter - Creating brand-new static initializer in class org/apache/hadoop/conf/Configuration$IntegerRanges
2024-11-12 13:42:06,713 INFO  EvoClassLoader - Keeping class: org.apache.hadoop.conf.Configuration$IntegerRanges
2024-11-12 13:42:06,713 INFO  EvoClassLoader - Seeing class for first time: org.apache.hadoop.security.alias.CredentialProvider
2024-11-12 13:42:06,713 INFO  EvoClassLoader - Instrumenting class 'org.apache.hadoop.security.alias.CredentialProvider'.
2024-11-12 13:42:06,713 INFO  MethodCallReplacementClassAdapter - Adding mock interface to class org/apache/hadoop/security/alias/CredentialProvider
2024-11-12 13:42:06,713 INFO  CreateClassResetClassAdapter - Creating brand-new static initializer in class org/apache/hadoop/security/alias/CredentialProvider
2024-11-12 13:42:06,713 INFO  CreateClassResetClassAdapter - Adding bytecode for initializing field CLEAR_TEXT_FALLBACK
2024-11-12 13:42:06,713 INFO  EvoClassLoader - Defined package (3): package org.apache.hadoop.security.alias, -558591691
2024-11-12 13:42:06,713 INFO  EvoClassLoader - Keeping class: org.apache.hadoop.security.alias.CredentialProvider
2024-11-12 13:42:06,713 INFO  EvoClassLoader - Seeing class for first time: org.apache.hadoop.security.alias.CredentialProvider$CredentialEntry
2024-11-12 13:42:06,713 INFO  EvoClassLoader - Instrumenting class 'org.apache.hadoop.security.alias.CredentialProvider$CredentialEntry'.
2024-11-12 13:42:06,714 INFO  MethodCallReplacementClassAdapter - Adding mock interface to class org/apache/hadoop/security/alias/CredentialProvider$CredentialEntry
2024-11-12 13:42:06,714 INFO  CreateClassResetClassAdapter - Creating brand-new static initializer in class org/apache/hadoop/security/alias/CredentialProvider$CredentialEntry
2024-11-12 13:42:06,714 INFO  EvoClassLoader - Keeping class: org.apache.hadoop.security.alias.CredentialProvider$CredentialEntry
2024-11-12 13:42:06,714 INFO  EvoClassLoader - Seeing class for first time: com.fasterxml.jackson.core.JsonGenerator
2024-11-12 13:42:06,714 INFO  EvoClassLoader - Instrumenting class 'com.fasterxml.jackson.core.JsonGenerator'.
2024-11-12 13:42:06,714 INFO  MethodCallReplacementClassAdapter - Adding mock interface to class com/fasterxml/jackson/core/JsonGenerator
2024-11-12 13:42:06,715 INFO  CreateClassResetClassAdapter - Found static initializer in class com/fasterxml/jackson/core/JsonGenerator
2024-11-12 13:42:06,716 INFO  EvoClassLoader - Defined package (3): package com.fasterxml.jackson.core, 1215208167
2024-11-12 13:42:06,716 INFO  EvoClassLoader - Seeing class for first time: com.fasterxml.jackson.core.Versioned
2024-11-12 13:42:06,716 INFO  EvoClassLoader - Instrumenting class 'com.fasterxml.jackson.core.Versioned'.
2024-11-12 13:42:06,717 INFO  EvoClassLoader - Keeping class: com.fasterxml.jackson.core.Versioned
2024-11-12 13:42:06,717 INFO  EvoClassLoader - Keeping class: com.fasterxml.jackson.core.JsonGenerator
2024-11-12 13:42:06,717 INFO  EvoClassLoader - Seeing class for first time: org.apache.hadoop.conf.ConfigRedactor
2024-11-12 13:42:06,717 INFO  EvoClassLoader - Instrumenting class 'org.apache.hadoop.conf.ConfigRedactor'.
2024-11-12 13:42:06,717 INFO  MethodCallReplacementClassAdapter - Adding mock interface to class org/apache/hadoop/conf/ConfigRedactor
2024-11-12 13:42:06,717 INFO  CreateClassResetClassAdapter - Creating brand-new static initializer in class org/apache/hadoop/conf/ConfigRedactor
2024-11-12 13:42:06,717 INFO  CreateClassResetClassAdapter - Adding bytecode for initializing field REDACTED_TEXT
2024-11-12 13:42:06,717 INFO  EvoClassLoader - Keeping class: org.apache.hadoop.conf.ConfigRedactor
2024-11-12 13:42:06,717 INFO  EvoClassLoader - Seeing class for first time: org.apache.hadoop.thirdparty.protobuf.DescriptorProtos$FileOptions$Builder
2024-11-12 13:42:06,717 INFO  EvoClassLoader - Instrumenting class 'org.apache.hadoop.thirdparty.protobuf.DescriptorProtos$FileOptions$Builder'.
2024-11-12 13:42:06,718 INFO  MethodCallReplacementClassAdapter - Adding mock interface to class org/apache/hadoop/thirdparty/protobuf/DescriptorProtos$FileOptions$Builder
2024-11-12 13:42:06,719 INFO  CreateClassResetClassAdapter - Creating brand-new static initializer in class org/apache/hadoop/thirdparty/protobuf/DescriptorProtos$FileOptions$Builder
2024-11-12 13:42:06,721 INFO  EvoClassLoader - Keeping class: org.apache.hadoop.thirdparty.protobuf.DescriptorProtos$FileOptions$Builder
2024-11-12 13:42:06,721 INFO  EvoClassLoader - Seeing class for first time: io.netty.handler.codec.http.QueryStringDecoder
2024-11-12 13:42:06,721 INFO  EvoClassLoader - Instrumenting class 'io.netty.handler.codec.http.QueryStringDecoder'.
2024-11-12 13:42:06,722 INFO  MethodCallReplacementClassAdapter - Adding mock interface to class io/netty/handler/codec/http/QueryStringDecoder
2024-11-12 13:42:06,723 INFO  CreateClassResetClassAdapter - Creating brand-new static initializer in class io/netty/handler/codec/http/QueryStringDecoder
2024-11-12 13:42:06,723 INFO  CreateClassResetClassAdapter - Adding bytecode for initializing field DEFAULT_MAX_PARAMS
2024-11-12 13:42:06,723 INFO  EvoClassLoader - Defined package (3): package io.netty.handler.codec.http, -1670754088
2024-11-12 13:42:06,724 INFO  EvoClassLoader - Keeping class: io.netty.handler.codec.http.QueryStringDecoder
2024-11-12 13:42:06,724 INFO  EvoClassLoader - Seeing class for first time: io.netty.handler.codec.http.HttpRequest
2024-11-12 13:42:06,724 INFO  EvoClassLoader - Instrumenting class 'io.netty.handler.codec.http.HttpRequest'.
2024-11-12 13:42:06,724 INFO  EvoClassLoader - Seeing class for first time: io.netty.handler.codec.http.HttpMessage
2024-11-12 13:42:06,724 INFO  EvoClassLoader - Instrumenting class 'io.netty.handler.codec.http.HttpMessage'.
2024-11-12 13:42:06,725 INFO  EvoClassLoader - Seeing class for first time: io.netty.handler.codec.http.HttpObject
2024-11-12 13:42:06,725 INFO  EvoClassLoader - Instrumenting class 'io.netty.handler.codec.http.HttpObject'.
2024-11-12 13:42:06,725 INFO  EvoClassLoader - Seeing class for first time: io.netty.handler.codec.DecoderResultProvider
2024-11-12 13:42:06,725 INFO  EvoClassLoader - Instrumenting class 'io.netty.handler.codec.DecoderResultProvider'.
2024-11-12 13:42:06,725 INFO  EvoClassLoader - Defined package (3): package io.netty.handler.codec, -1568242786
2024-11-12 13:42:06,725 INFO  EvoClassLoader - Keeping class: io.netty.handler.codec.DecoderResultProvider
2024-11-12 13:42:06,725 INFO  EvoClassLoader - Keeping class: io.netty.handler.codec.http.HttpObject
2024-11-12 13:42:06,726 INFO  EvoClassLoader - Keeping class: io.netty.handler.codec.http.HttpMessage
2024-11-12 13:42:06,726 INFO  EvoClassLoader - Keeping class: io.netty.handler.codec.http.HttpRequest
2024-11-12 13:42:06,726 INFO  EvoClassLoader - Seeing class for first time: org.apache.hadoop.hdfs.server.namenode.FsImageProto$INodeSection$XAttrCompactProto
2024-11-12 13:42:06,726 INFO  EvoClassLoader - Instrumenting class 'org.apache.hadoop.hdfs.server.namenode.FsImageProto$INodeSection$XAttrCompactProto'.
2024-11-12 13:42:06,726 INFO  MethodCallReplacementClassAdapter - Adding mock interface to class org/apache/hadoop/hdfs/server/namenode/FsImageProto$INodeSection$XAttrCompactProto
2024-11-12 13:42:06,727 INFO  CreateClassResetClassAdapter - Found static initializer in class org/apache/hadoop/hdfs/server/namenode/FsImageProto$INodeSection$XAttrCompactProto
2024-11-12 13:42:06,727 INFO  EvoClassLoader - Seeing class for first time: org.apache.hadoop.hdfs.server.namenode.FsImageProto$INodeSection$XAttrCompactProtoOrBuilder
2024-11-12 13:42:06,727 INFO  EvoClassLoader - Instrumenting class 'org.apache.hadoop.hdfs.server.namenode.FsImageProto$INodeSection$XAttrCompactProtoOrBuilder'.
2024-11-12 13:42:06,728 INFO  EvoClassLoader - Keeping class: org.apache.hadoop.hdfs.server.namenode.FsImageProto$INodeSection$XAttrCompactProtoOrBuilder
2024-11-12 13:42:06,728 INFO  EvoClassLoader - Keeping class: org.apache.hadoop.hdfs.server.namenode.FsImageProto$INodeSection$XAttrCompactProto
2024-11-12 13:42:06,728 INFO  EvoClassLoader - Seeing class for first time: org.apache.hadoop.hdfs.server.namenode.FsImageProto$INodeSection$XAttrFeatureProto$Builder
2024-11-12 13:42:06,728 INFO  EvoClassLoader - Instrumenting class 'org.apache.hadoop.hdfs.server.namenode.FsImageProto$INodeSection$XAttrFeatureProto$Builder'.
2024-11-12 13:42:06,728 INFO  MethodCallReplacementClassAdapter - Adding mock interface to class org/apache/hadoop/hdfs/server/namenode/FsImageProto$INodeSection$XAttrFeatureProto$Builder
2024-11-12 13:42:06,729 INFO  CreateClassResetClassAdapter - Creating brand-new static initializer in class org/apache/hadoop/hdfs/server/namenode/FsImageProto$INodeSection$XAttrFeatureProto$Builder
2024-11-12 13:42:06,730 INFO  EvoClassLoader - Keeping class: org.apache.hadoop.hdfs.server.namenode.FsImageProto$INodeSection$XAttrFeatureProto$Builder
2024-11-12 13:42:06,730 INFO  EvoClassLoader - Seeing class for first time: org.apache.hadoop.hdfs.server.namenode.FsImageProto$INodeSection$INode$Builder
2024-11-12 13:42:06,730 INFO  EvoClassLoader - Instrumenting class 'org.apache.hadoop.hdfs.server.namenode.FsImageProto$INodeSection$INode$Builder'.
2024-11-12 13:42:06,731 INFO  MethodCallReplacementClassAdapter - Adding mock interface to class org/apache/hadoop/hdfs/server/namenode/FsImageProto$INodeSection$INode$Builder
2024-11-12 13:42:06,733 INFO  CreateClassResetClassAdapter - Creating brand-new static initializer in class org/apache/hadoop/hdfs/server/namenode/FsImageProto$INodeSection$INode$Builder
2024-11-12 13:42:06,734 INFO  EvoClassLoader - Keeping class: org.apache.hadoop.hdfs.server.namenode.FsImageProto$INodeSection$INode$Builder
2024-11-12 13:42:06,734 INFO  EvoClassLoader - Seeing class for first time: org.apache.hadoop.hdfs.server.namenode.FsImageProto$INodeSection$INode$Type
2024-11-12 13:42:06,734 INFO  EvoClassLoader - Instrumenting class 'org.apache.hadoop.hdfs.server.namenode.FsImageProto$INodeSection$INode$Type'.
2024-11-12 13:42:06,734 INFO  MethodCallReplacementClassAdapter - Adding mock interface to class org/apache/hadoop/hdfs/server/namenode/FsImageProto$INodeSection$INode$Type
2024-11-12 13:42:06,735 INFO  CreateClassResetClassAdapter - Found static initializer in class org/apache/hadoop/hdfs/server/namenode/FsImageProto$INodeSection$INode$Type
2024-11-12 13:42:06,736 INFO  EvoClassLoader - Keeping class: org.apache.hadoop.hdfs.server.namenode.FsImageProto$INodeSection$INode$Type
2024-11-12 13:42:06,736 INFO  EvoClassLoader - Seeing class for first time: org.apache.hadoop.thirdparty.protobuf.DescriptorProtos$OneofDescriptorProto$Builder
2024-11-12 13:42:06,736 INFO  EvoClassLoader - Instrumenting class 'org.apache.hadoop.thirdparty.protobuf.DescriptorProtos$OneofDescriptorProto$Builder'.
2024-11-12 13:42:06,736 INFO  MethodCallReplacementClassAdapter - Adding mock interface to class org/apache/hadoop/thirdparty/protobuf/DescriptorProtos$OneofDescriptorProto$Builder
2024-11-12 13:42:06,737 INFO  CreateClassResetClassAdapter - Creating brand-new static initializer in class org/apache/hadoop/thirdparty/protobuf/DescriptorProtos$OneofDescriptorProto$Builder
2024-11-12 13:42:06,737 INFO  EvoClassLoader - Keeping class: org.apache.hadoop.thirdparty.protobuf.DescriptorProtos$OneofDescriptorProto$Builder
2024-11-12 13:42:06,737 INFO  EvoClassLoader - Seeing class for first time: org.apache.hadoop.hdfs.protocol.proto.HdfsProtos$BlockProto$Builder
2024-11-12 13:42:06,737 INFO  EvoClassLoader - Instrumenting class 'org.apache.hadoop.hdfs.protocol.proto.HdfsProtos$BlockProto$Builder'.
2024-11-12 13:42:06,737 INFO  MethodCallReplacementClassAdapter - Adding mock interface to class org/apache/hadoop/hdfs/protocol/proto/HdfsProtos$BlockProto$Builder
2024-11-12 13:42:06,738 INFO  CreateClassResetClassAdapter - Creating brand-new static initializer in class org/apache/hadoop/hdfs/protocol/proto/HdfsProtos$BlockProto$Builder
2024-11-12 13:42:06,738 INFO  EvoClassLoader - Keeping class: org.apache.hadoop.hdfs.protocol.proto.HdfsProtos$BlockProto$Builder
2024-11-12 13:42:06,738 INFO  EvoClassLoader - Seeing class for first time: org.apache.hadoop.thirdparty.protobuf.DescriptorProtos$ServiceOptions$Builder
2024-11-12 13:42:06,738 INFO  EvoClassLoader - Instrumenting class 'org.apache.hadoop.thirdparty.protobuf.DescriptorProtos$ServiceOptions$Builder'.
2024-11-12 13:42:06,738 INFO  MethodCallReplacementClassAdapter - Adding mock interface to class org/apache/hadoop/thirdparty/protobuf/DescriptorProtos$ServiceOptions$Builder
2024-11-12 13:42:06,739 INFO  CreateClassResetClassAdapter - Creating brand-new static initializer in class org/apache/hadoop/thirdparty/protobuf/DescriptorProtos$ServiceOptions$Builder
2024-11-12 13:42:06,739 INFO  EvoClassLoader - Keeping class: org.apache.hadoop.thirdparty.protobuf.DescriptorProtos$ServiceOptions$Builder
2024-11-12 13:42:06,740 INFO  EvoClassLoader - Seeing class for first time: org.apache.hadoop.hdfs.server.namenode.FsImageProto$ErasureCodingSection$Builder
2024-11-12 13:42:06,740 INFO  EvoClassLoader - Instrumenting class 'org.apache.hadoop.hdfs.server.namenode.FsImageProto$ErasureCodingSection$Builder'.
2024-11-12 13:42:06,740 INFO  MethodCallReplacementClassAdapter - Adding mock interface to class org/apache/hadoop/hdfs/server/namenode/FsImageProto$ErasureCodingSection$Builder
2024-11-12 13:42:06,740 INFO  CreateClassResetClassAdapter - Creating brand-new static initializer in class org/apache/hadoop/hdfs/server/namenode/FsImageProto$ErasureCodingSection$Builder
2024-11-12 13:42:06,741 INFO  EvoClassLoader - Keeping class: org.apache.hadoop.hdfs.server.namenode.FsImageProto$ErasureCodingSection$Builder
2024-11-12 13:42:06,741 INFO  EvoClassLoader - Seeing class for first time: org.apache.hadoop.hdfs.protocol.proto.HdfsProtos$ErasureCodingPolicyProto
2024-11-12 13:42:06,741 INFO  EvoClassLoader - Instrumenting class 'org.apache.hadoop.hdfs.protocol.proto.HdfsProtos$ErasureCodingPolicyProto'.
2024-11-12 13:42:06,741 INFO  MethodCallReplacementClassAdapter - Adding mock interface to class org/apache/hadoop/hdfs/protocol/proto/HdfsProtos$ErasureCodingPolicyProto
2024-11-12 13:42:06,742 INFO  CreateClassResetClassAdapter - Found static initializer in class org/apache/hadoop/hdfs/protocol/proto/HdfsProtos$ErasureCodingPolicyProto
2024-11-12 13:42:06,742 INFO  EvoClassLoader - Seeing class for first time: org.apache.hadoop.hdfs.protocol.proto.HdfsProtos$ErasureCodingPolicyProtoOrBuilder
2024-11-12 13:42:06,742 INFO  EvoClassLoader - Instrumenting class 'org.apache.hadoop.hdfs.protocol.proto.HdfsProtos$ErasureCodingPolicyProtoOrBuilder'.
2024-11-12 13:42:06,742 INFO  EvoClassLoader - Keeping class: org.apache.hadoop.hdfs.protocol.proto.HdfsProtos$ErasureCodingPolicyProtoOrBuilder
2024-11-12 13:42:06,742 INFO  EvoClassLoader - Keeping class: org.apache.hadoop.hdfs.protocol.proto.HdfsProtos$ErasureCodingPolicyProto
2024-11-12 13:42:06,742 INFO  EvoClassLoader - Seeing class for first time: org.apache.hadoop.thirdparty.protobuf.DescriptorProtos$FieldOptions$CType
2024-11-12 13:42:06,742 INFO  EvoClassLoader - Instrumenting class 'org.apache.hadoop.thirdparty.protobuf.DescriptorProtos$FieldOptions$CType'.
2024-11-12 13:42:06,743 INFO  MethodCallReplacementClassAdapter - Adding mock interface to class org/apache/hadoop/thirdparty/protobuf/DescriptorProtos$FieldOptions$CType
2024-11-12 13:42:06,743 INFO  CreateClassResetClassAdapter - Found static initializer in class org/apache/hadoop/thirdparty/protobuf/DescriptorProtos$FieldOptions$CType
2024-11-12 13:42:06,743 INFO  EvoClassLoader - Keeping class: org.apache.hadoop.thirdparty.protobuf.DescriptorProtos$FieldOptions$CType
2024-11-12 13:42:06,743 INFO  EvoClassLoader - Seeing class for first time: org.apache.hadoop.thirdparty.protobuf.DescriptorProtos$FieldOptions$JSType
2024-11-12 13:42:06,743 INFO  EvoClassLoader - Instrumenting class 'org.apache.hadoop.thirdparty.protobuf.DescriptorProtos$FieldOptions$JSType'.
2024-11-12 13:42:06,743 INFO  MethodCallReplacementClassAdapter - Adding mock interface to class org/apache/hadoop/thirdparty/protobuf/DescriptorProtos$FieldOptions$JSType
2024-11-12 13:42:06,744 INFO  CreateClassResetClassAdapter - Found static initializer in class org/apache/hadoop/thirdparty/protobuf/DescriptorProtos$FieldOptions$JSType
2024-11-12 13:42:06,744 INFO  EvoClassLoader - Keeping class: org.apache.hadoop.thirdparty.protobuf.DescriptorProtos$FieldOptions$JSType
2024-11-12 13:42:06,744 INFO  EvoClassLoader - Seeing class for first time: org.apache.hadoop.hdfs.server.namenode.FsImageProto$INodeDirectorySection$Builder
2024-11-12 13:42:06,744 INFO  EvoClassLoader - Instrumenting class 'org.apache.hadoop.hdfs.server.namenode.FsImageProto$INodeDirectorySection$Builder'.
2024-11-12 13:42:06,744 INFO  MethodCallReplacementClassAdapter - Adding mock interface to class org/apache/hadoop/hdfs/server/namenode/FsImageProto$INodeDirectorySection$Builder
2024-11-12 13:42:06,744 INFO  CreateClassResetClassAdapter - Creating brand-new static initializer in class org/apache/hadoop/hdfs/server/namenode/FsImageProto$INodeDirectorySection$Builder
2024-11-12 13:42:06,745 INFO  EvoClassLoader - Keeping class: org.apache.hadoop.hdfs.server.namenode.FsImageProto$INodeDirectorySection$Builder
2024-11-12 13:42:06,745 INFO  EvoClassLoader - Seeing class for first time: org.apache.hadoop.thirdparty.protobuf.DescriptorProtos$OneofOptions$Builder
2024-11-12 13:42:06,745 INFO  EvoClassLoader - Instrumenting class 'org.apache.hadoop.thirdparty.protobuf.DescriptorProtos$OneofOptions$Builder'.
2024-11-12 13:42:06,745 INFO  MethodCallReplacementClassAdapter - Adding mock interface to class org/apache/hadoop/thirdparty/protobuf/DescriptorProtos$OneofOptions$Builder
2024-11-12 13:42:06,746 INFO  CreateClassResetClassAdapter - Creating brand-new static initializer in class org/apache/hadoop/thirdparty/protobuf/DescriptorProtos$OneofOptions$Builder
2024-11-12 13:42:06,746 INFO  EvoClassLoader - Keeping class: org.apache.hadoop.thirdparty.protobuf.DescriptorProtos$OneofOptions$Builder
2024-11-12 13:42:06,746 INFO  EvoClassLoader - Seeing class for first time: org.apache.hadoop.fs.statistics.IOStatistics
2024-11-12 13:42:06,746 INFO  EvoClassLoader - Instrumenting class 'org.apache.hadoop.fs.statistics.IOStatistics'.
2024-11-12 13:42:06,746 INFO  EvoClassLoader - Keeping class: org.apache.hadoop.fs.statistics.IOStatistics
2024-11-12 13:42:06,746 INFO  EvoClassLoader - Seeing class for first time: org.apache.hadoop.hdfs.server.blockmanagement.BlockStoragePolicySuite
2024-11-12 13:42:06,746 INFO  EvoClassLoader - Instrumenting class 'org.apache.hadoop.hdfs.server.blockmanagement.BlockStoragePolicySuite'.
2024-11-12 13:42:06,746 INFO  MethodCallReplacementClassAdapter - Adding mock interface to class org/apache/hadoop/hdfs/server/blockmanagement/BlockStoragePolicySuite
2024-11-12 13:42:06,747 INFO  CreateClassResetClassAdapter - Found static initializer in class org/apache/hadoop/hdfs/server/blockmanagement/BlockStoragePolicySuite
2024-11-12 13:42:06,747 INFO  EvoClassLoader - Keeping class: org.apache.hadoop.hdfs.server.blockmanagement.BlockStoragePolicySuite
2024-11-12 13:42:06,747 INFO  EvoClassLoader - Seeing class for first time: org.apache.hadoop.hdfs.server.blockmanagement.DatanodeStorageInfo
2024-11-12 13:42:06,747 INFO  EvoClassLoader - Instrumenting class 'org.apache.hadoop.hdfs.server.blockmanagement.DatanodeStorageInfo'.
2024-11-12 13:42:06,747 INFO  MethodCallReplacementClassAdapter - Adding mock interface to class org/apache/hadoop/hdfs/server/blockmanagement/DatanodeStorageInfo
2024-11-12 13:42:06,747 INFO  CreateClassResetClassAdapter - Found static initializer in class org/apache/hadoop/hdfs/server/blockmanagement/DatanodeStorageInfo
2024-11-12 13:42:06,748 INFO  EvoClassLoader - Keeping class: org.apache.hadoop.hdfs.server.blockmanagement.DatanodeStorageInfo
2024-11-12 13:42:06,748 INFO  EvoClassLoader - Seeing class for first time: org.apache.hadoop.fs.permission.AclEntry
2024-11-12 13:42:06,748 INFO  EvoClassLoader - Instrumenting class 'org.apache.hadoop.fs.permission.AclEntry'.
2024-11-12 13:42:06,748 INFO  MethodCallReplacementClassAdapter - Adding mock interface to class org/apache/hadoop/fs/permission/AclEntry
2024-11-12 13:42:06,748 INFO  CreateClassResetClassAdapter - Creating brand-new static initializer in class org/apache/hadoop/fs/permission/AclEntry
2024-11-12 13:42:06,748 INFO  EvoClassLoader - Keeping class: org.apache.hadoop.fs.permission.AclEntry
2024-11-12 13:42:06,749 INFO  EvoClassLoader - Seeing class for first time: org.apache.hadoop.hdfs.server.namenode.snapshot.FileDiffList
2024-11-12 13:42:06,749 INFO  EvoClassLoader - Instrumenting class 'org.apache.hadoop.hdfs.server.namenode.snapshot.FileDiffList'.
2024-11-12 13:42:06,749 INFO  MethodCallReplacementClassAdapter - Adding mock interface to class org/apache/hadoop/hdfs/server/namenode/snapshot/FileDiffList
2024-11-12 13:42:06,750 INFO  CreateClassResetClassAdapter - Found static initializer in class org/apache/hadoop/hdfs/server/namenode/snapshot/FileDiffList
2024-11-12 13:42:06,750 INFO  EvoClassLoader - Seeing class for first time: org.apache.hadoop.hdfs.server.namenode.snapshot.AbstractINodeDiffList
2024-11-12 13:42:06,750 INFO  EvoClassLoader - Instrumenting class 'org.apache.hadoop.hdfs.server.namenode.snapshot.AbstractINodeDiffList'.
2024-11-12 13:42:06,750 INFO  MethodCallReplacementClassAdapter - Adding mock interface to class org/apache/hadoop/hdfs/server/namenode/snapshot/AbstractINodeDiffList
2024-11-12 13:42:06,750 INFO  CreateClassResetClassAdapter - Creating brand-new static initializer in class org/apache/hadoop/hdfs/server/namenode/snapshot/AbstractINodeDiffList
2024-11-12 13:42:06,751 INFO  EvoClassLoader - Keeping class: org.apache.hadoop.hdfs.server.namenode.snapshot.AbstractINodeDiffList
2024-11-12 13:42:06,751 INFO  EvoClassLoader - Keeping class: org.apache.hadoop.hdfs.server.namenode.snapshot.FileDiffList
2024-11-12 13:42:06,751 INFO  EvoClassLoader - Seeing class for first time: org.apache.hadoop.hdfs.server.namenode.snapshot.FileWithSnapshotFeature
2024-11-12 13:42:06,751 INFO  EvoClassLoader - Instrumenting class 'org.apache.hadoop.hdfs.server.namenode.snapshot.FileWithSnapshotFeature'.
2024-11-12 13:42:06,751 INFO  MethodCallReplacementClassAdapter - Adding mock interface to class org/apache/hadoop/hdfs/server/namenode/snapshot/FileWithSnapshotFeature
2024-11-12 13:42:06,751 INFO  CreateClassResetClassAdapter - Creating brand-new static initializer in class org/apache/hadoop/hdfs/server/namenode/snapshot/FileWithSnapshotFeature
2024-11-12 13:42:06,752 INFO  EvoClassLoader - Keeping class: org.apache.hadoop.hdfs.server.namenode.snapshot.FileWithSnapshotFeature
2024-11-12 13:42:06,752 INFO  EvoClassLoader - Seeing class for first time: org.apache.hadoop.hdfs.server.namenode.INode$ReclaimContext
2024-11-12 13:42:06,752 INFO  EvoClassLoader - Instrumenting class 'org.apache.hadoop.hdfs.server.namenode.INode$ReclaimContext'.
2024-11-12 13:42:06,752 INFO  MethodCallReplacementClassAdapter - Adding mock interface to class org/apache/hadoop/hdfs/server/namenode/INode$ReclaimContext
2024-11-12 13:42:06,752 INFO  CreateClassResetClassAdapter - Creating brand-new static initializer in class org/apache/hadoop/hdfs/server/namenode/INode$ReclaimContext
2024-11-12 13:42:06,752 INFO  EvoClassLoader - Keeping class: org.apache.hadoop.hdfs.server.namenode.INode$ReclaimContext
2024-11-12 13:42:06,752 INFO  EvoClassLoader - Seeing class for first time: org.apache.hadoop.hdfs.server.namenode.QuotaCounts
2024-11-12 13:42:06,752 INFO  EvoClassLoader - Instrumenting class 'org.apache.hadoop.hdfs.server.namenode.QuotaCounts'.
2024-11-12 13:42:06,752 INFO  MethodCallReplacementClassAdapter - Adding mock interface to class org/apache/hadoop/hdfs/server/namenode/QuotaCounts
2024-11-12 13:42:06,752 INFO  CreateClassResetClassAdapter - Found static initializer in class org/apache/hadoop/hdfs/server/namenode/QuotaCounts
2024-11-12 13:42:06,753 INFO  EvoClassLoader - Keeping class: org.apache.hadoop.hdfs.server.namenode.QuotaCounts
2024-11-12 13:42:06,753 INFO  EvoClassLoader - Seeing class for first time: org.apache.hadoop.hdfs.server.namenode.ContentSummaryComputationContext
2024-11-12 13:42:06,753 INFO  EvoClassLoader - Instrumenting class 'org.apache.hadoop.hdfs.server.namenode.ContentSummaryComputationContext'.
2024-11-12 13:42:06,753 INFO  MethodCallReplacementClassAdapter - Adding mock interface to class org/apache/hadoop/hdfs/server/namenode/ContentSummaryComputationContext
2024-11-12 13:42:06,753 INFO  CreateClassResetClassAdapter - Found static initializer in class org/apache/hadoop/hdfs/server/namenode/ContentSummaryComputationContext
2024-11-12 13:42:06,753 INFO  EvoClassLoader - Keeping class: org.apache.hadoop.hdfs.server.namenode.ContentSummaryComputationContext
2024-11-12 13:42:06,753 INFO  EvoClassLoader - Seeing class for first time: org.apache.hadoop.hdfs.protocol.BlockType
2024-11-12 13:42:06,753 INFO  EvoClassLoader - Instrumenting class 'org.apache.hadoop.hdfs.protocol.BlockType'.
2024-11-12 13:42:06,754 INFO  MethodCallReplacementClassAdapter - Adding mock interface to class org/apache/hadoop/hdfs/protocol/BlockType
2024-11-12 13:42:06,754 INFO  CreateClassResetClassAdapter - Found static initializer in class org/apache/hadoop/hdfs/protocol/BlockType
2024-11-12 13:42:06,754 INFO  EvoClassLoader - Keeping class: org.apache.hadoop.hdfs.protocol.BlockType
2024-11-12 13:42:06,754 INFO  EvoClassLoader - Seeing class for first time: org.apache.hadoop.hdfs.server.blockmanagement.BlockManager
2024-11-12 13:42:06,754 INFO  EvoClassLoader - Instrumenting class 'org.apache.hadoop.hdfs.server.blockmanagement.BlockManager'.
2024-11-12 13:42:06,755 INFO  MethodCallReplacementClassAdapter - Adding mock interface to class org/apache/hadoop/hdfs/server/blockmanagement/BlockManager
2024-11-12 13:42:06,762 INFO  CreateClassResetClassAdapter - Found static initializer in class org/apache/hadoop/hdfs/server/blockmanagement/BlockManager
2024-11-12 13:42:06,764 INFO  EvoClassLoader - Seeing class for first time: org.apache.hadoop.hdfs.server.blockmanagement.BlockStatsMXBean
2024-11-12 13:42:06,764 INFO  EvoClassLoader - Instrumenting class 'org.apache.hadoop.hdfs.server.blockmanagement.BlockStatsMXBean'.
2024-11-12 13:42:06,764 INFO  EvoClassLoader - Keeping class: org.apache.hadoop.hdfs.server.blockmanagement.BlockStatsMXBean
2024-11-12 13:42:06,765 INFO  EvoClassLoader - Keeping class: org.apache.hadoop.hdfs.server.blockmanagement.BlockManager
2024-11-12 13:42:06,765 INFO  EvoClassLoader - Seeing class for first time: org.apache.hadoop.hdfs.protocol.BlockStoragePolicy
2024-11-12 13:42:06,765 INFO  EvoClassLoader - Instrumenting class 'org.apache.hadoop.hdfs.protocol.BlockStoragePolicy'.
2024-11-12 13:42:06,765 INFO  MethodCallReplacementClassAdapter - Adding mock interface to class org/apache/hadoop/hdfs/protocol/BlockStoragePolicy
2024-11-12 13:42:06,766 INFO  CreateClassResetClassAdapter - Found static initializer in class org/apache/hadoop/hdfs/protocol/BlockStoragePolicy
2024-11-12 13:42:06,766 INFO  EvoClassLoader - Keeping class: org.apache.hadoop.hdfs.protocol.BlockStoragePolicy
2024-11-12 13:42:06,766 INFO  EvoClassLoader - Seeing class for first time: org.apache.hadoop.hdfs.server.namenode.ContentCounts
2024-11-12 13:42:06,766 INFO  EvoClassLoader - Instrumenting class 'org.apache.hadoop.hdfs.server.namenode.ContentCounts'.
2024-11-12 13:42:06,767 INFO  MethodCallReplacementClassAdapter - Adding mock interface to class org/apache/hadoop/hdfs/server/namenode/ContentCounts
2024-11-12 13:42:06,767 INFO  CreateClassResetClassAdapter - Creating brand-new static initializer in class org/apache/hadoop/hdfs/server/namenode/ContentCounts
2024-11-12 13:42:06,767 INFO  EvoClassLoader - Keeping class: org.apache.hadoop.hdfs.server.namenode.ContentCounts
2024-11-12 13:42:06,767 INFO  EvoClassLoader - Seeing class for first time: org.apache.hadoop.hdfs.server.namenode.INode$BlocksMapUpdateInfo
2024-11-12 13:42:06,767 INFO  EvoClassLoader - Instrumenting class 'org.apache.hadoop.hdfs.server.namenode.INode$BlocksMapUpdateInfo'.
2024-11-12 13:42:06,767 INFO  MethodCallReplacementClassAdapter - Adding mock interface to class org/apache/hadoop/hdfs/server/namenode/INode$BlocksMapUpdateInfo
2024-11-12 13:42:06,767 INFO  CreateClassResetClassAdapter - Found static initializer in class org/apache/hadoop/hdfs/server/namenode/INode$BlocksMapUpdateInfo
2024-11-12 13:42:06,768 INFO  EvoClassLoader - Keeping class: org.apache.hadoop.hdfs.server.namenode.INode$BlocksMapUpdateInfo
2024-11-12 13:42:06,768 INFO  EvoClassLoader - Seeing class for first time: org.apache.hadoop.hdfs.server.namenode.FileUnderConstructionFeature
2024-11-12 13:42:06,768 INFO  EvoClassLoader - Instrumenting class 'org.apache.hadoop.hdfs.server.namenode.FileUnderConstructionFeature'.
2024-11-12 13:42:06,768 INFO  MethodCallReplacementClassAdapter - Adding mock interface to class org/apache/hadoop/hdfs/server/namenode/FileUnderConstructionFeature
2024-11-12 13:42:06,768 INFO  CreateClassResetClassAdapter - Found static initializer in class org/apache/hadoop/hdfs/server/namenode/FileUnderConstructionFeature
2024-11-12 13:42:06,768 INFO  EvoClassLoader - Keeping class: org.apache.hadoop.hdfs.server.namenode.FileUnderConstructionFeature
2024-11-12 13:42:06,768 INFO  EvoClassLoader - Seeing class for first time: org.apache.hadoop.hdfs.server.namenode.FsImageProto$SecretManagerSection$Builder
2024-11-12 13:42:06,768 INFO  EvoClassLoader - Instrumenting class 'org.apache.hadoop.hdfs.server.namenode.FsImageProto$SecretManagerSection$Builder'.
2024-11-12 13:42:06,768 INFO  MethodCallReplacementClassAdapter - Adding mock interface to class org/apache/hadoop/hdfs/server/namenode/FsImageProto$SecretManagerSection$Builder
2024-11-12 13:42:06,769 INFO  CreateClassResetClassAdapter - Creating brand-new static initializer in class org/apache/hadoop/hdfs/server/namenode/FsImageProto$SecretManagerSection$Builder
2024-11-12 13:42:06,769 INFO  EvoClassLoader - Keeping class: org.apache.hadoop.hdfs.server.namenode.FsImageProto$SecretManagerSection$Builder
2024-11-12 13:42:06,769 INFO  EvoClassLoader - Seeing class for first time: org.apache.hadoop.hdfs.server.blockmanagement.DatanodeDescriptor
2024-11-12 13:42:06,769 INFO  EvoClassLoader - Instrumenting class 'org.apache.hadoop.hdfs.server.blockmanagement.DatanodeDescriptor'.
2024-11-12 13:42:06,770 INFO  MethodCallReplacementClassAdapter - Adding mock interface to class org/apache/hadoop/hdfs/server/blockmanagement/DatanodeDescriptor
2024-11-12 13:42:06,770 INFO  CreateClassResetClassAdapter - Found static initializer in class org/apache/hadoop/hdfs/server/blockmanagement/DatanodeDescriptor
2024-11-12 13:42:06,771 INFO  EvoClassLoader - Keeping class: org.apache.hadoop.hdfs.server.blockmanagement.DatanodeDescriptor
2024-11-12 13:42:06,771 INFO  EvoClassLoader - Seeing class for first time: org.apache.hadoop.hdfs.server.common.HdfsServerConstants$BlockUCState
2024-11-12 13:42:06,771 INFO  EvoClassLoader - Instrumenting class 'org.apache.hadoop.hdfs.server.common.HdfsServerConstants$BlockUCState'.
2024-11-12 13:42:06,771 INFO  MethodCallReplacementClassAdapter - Adding mock interface to class org/apache/hadoop/hdfs/server/common/HdfsServerConstants$BlockUCState
2024-11-12 13:42:06,771 INFO  CreateClassResetClassAdapter - Found static initializer in class org/apache/hadoop/hdfs/server/common/HdfsServerConstants$BlockUCState
2024-11-12 13:42:06,771 INFO  EvoClassLoader - Defined package (3): package org.apache.hadoop.hdfs.server.common, -1528842716
2024-11-12 13:42:06,771 INFO  EvoClassLoader - Keeping class: org.apache.hadoop.hdfs.server.common.HdfsServerConstants$BlockUCState
2024-11-12 13:42:06,771 INFO  EvoClassLoader - Seeing class for first time: org.apache.hadoop.hdfs.server.blockmanagement.BlockUnderConstructionFeature
2024-11-12 13:42:06,771 INFO  EvoClassLoader - Instrumenting class 'org.apache.hadoop.hdfs.server.blockmanagement.BlockUnderConstructionFeature'.
2024-11-12 13:42:06,771 INFO  MethodCallReplacementClassAdapter - Adding mock interface to class org/apache/hadoop/hdfs/server/blockmanagement/BlockUnderConstructionFeature
2024-11-12 13:42:06,771 INFO  CreateClassResetClassAdapter - Found static initializer in class org/apache/hadoop/hdfs/server/blockmanagement/BlockUnderConstructionFeature
2024-11-12 13:42:06,772 INFO  EvoClassLoader - Keeping class: org.apache.hadoop.hdfs.server.blockmanagement.BlockUnderConstructionFeature
2024-11-12 13:42:06,772 INFO  EvoClassLoader - Seeing class for first time: org.apache.hadoop.crypto.key.KeyProviderCryptoExtension
2024-11-12 13:42:06,772 INFO  EvoClassLoader - Instrumenting class 'org.apache.hadoop.crypto.key.KeyProviderCryptoExtension'.
2024-11-12 13:42:06,772 INFO  MethodCallReplacementClassAdapter - Adding mock interface to class org/apache/hadoop/crypto/key/KeyProviderCryptoExtension
2024-11-12 13:42:06,772 INFO  CreateClassResetClassAdapter - Creating brand-new static initializer in class org/apache/hadoop/crypto/key/KeyProviderCryptoExtension
2024-11-12 13:42:06,772 INFO  CreateClassResetClassAdapter - Adding bytecode for initializing field EEK
2024-11-12 13:42:06,772 INFO  CreateClassResetClassAdapter - Adding bytecode for initializing field EK
2024-11-12 13:42:06,772 INFO  EvoClassLoader - Defined package (3): package org.apache.hadoop.crypto.key, 588888133
2024-11-12 13:42:06,773 INFO  EvoClassLoader - Seeing class for first time: org.apache.hadoop.crypto.key.KeyProviderExtension
2024-11-12 13:42:06,773 INFO  EvoClassLoader - Instrumenting class 'org.apache.hadoop.crypto.key.KeyProviderExtension'.
2024-11-12 13:42:06,773 INFO  MethodCallReplacementClassAdapter - Adding mock interface to class org/apache/hadoop/crypto/key/KeyProviderExtension
2024-11-12 13:42:06,773 INFO  CreateClassResetClassAdapter - Creating brand-new static initializer in class org/apache/hadoop/crypto/key/KeyProviderExtension
2024-11-12 13:42:06,773 INFO  EvoClassLoader - Seeing class for first time: org.apache.hadoop.crypto.key.KeyProvider
2024-11-12 13:42:06,773 INFO  EvoClassLoader - Instrumenting class 'org.apache.hadoop.crypto.key.KeyProvider'.
2024-11-12 13:42:06,773 INFO  MethodCallReplacementClassAdapter - Adding mock interface to class org/apache/hadoop/crypto/key/KeyProvider
2024-11-12 13:42:06,773 INFO  CreateClassResetClassAdapter - Creating brand-new static initializer in class org/apache/hadoop/crypto/key/KeyProvider
2024-11-12 13:42:06,773 INFO  CreateClassResetClassAdapter - Adding bytecode for initializing field DEFAULT_CIPHER_NAME
2024-11-12 13:42:06,773 INFO  CreateClassResetClassAdapter - Adding bytecode for initializing field DEFAULT_CIPHER
2024-11-12 13:42:06,773 INFO  CreateClassResetClassAdapter - Adding bytecode for initializing field DEFAULT_BITLENGTH_NAME
2024-11-12 13:42:06,773 INFO  CreateClassResetClassAdapter - Adding bytecode for initializing field DEFAULT_BITLENGTH
2024-11-12 13:42:06,773 INFO  CreateClassResetClassAdapter - Adding bytecode for initializing field JCEKS_KEY_SERIALFILTER_DEFAULT
2024-11-12 13:42:06,773 INFO  CreateClassResetClassAdapter - Adding bytecode for initializing field JCEKS_KEY_SERIAL_FILTER
2024-11-12 13:42:06,774 INFO  EvoClassLoader - Keeping class: org.apache.hadoop.crypto.key.KeyProvider
2024-11-12 13:42:06,774 INFO  EvoClassLoader - Keeping class: org.apache.hadoop.crypto.key.KeyProviderExtension
2024-11-12 13:42:06,774 INFO  EvoClassLoader - Keeping class: org.apache.hadoop.crypto.key.KeyProviderCryptoExtension
2024-11-12 13:42:06,774 INFO  EvoClassLoader - Seeing class for first time: org.apache.hadoop.hdfs.server.namenode.FSPermissionChecker
2024-11-12 13:42:06,774 INFO  EvoClassLoader - Instrumenting class 'org.apache.hadoop.hdfs.server.namenode.FSPermissionChecker'.
2024-11-12 13:42:06,774 INFO  MethodCallReplacementClassAdapter - Adding mock interface to class org/apache/hadoop/hdfs/server/namenode/FSPermissionChecker
2024-11-12 13:42:06,775 INFO  CreateClassResetClassAdapter - Found static initializer in class org/apache/hadoop/hdfs/server/namenode/FSPermissionChecker
2024-11-12 13:42:06,776 INFO  EvoClassLoader - Seeing class for first time: org.apache.hadoop.hdfs.server.namenode.INodeAttributeProvider$AccessControlEnforcer
2024-11-12 13:42:06,776 INFO  EvoClassLoader - Instrumenting class 'org.apache.hadoop.hdfs.server.namenode.INodeAttributeProvider$AccessControlEnforcer'.
2024-11-12 13:42:06,776 INFO  EvoClassLoader - Keeping class: org.apache.hadoop.hdfs.server.namenode.INodeAttributeProvider$AccessControlEnforcer
2024-11-12 13:42:06,776 INFO  EvoClassLoader - Keeping class: org.apache.hadoop.hdfs.server.namenode.FSPermissionChecker
2024-11-12 13:42:06,776 INFO  EvoClassLoader - Seeing class for first time: org.apache.hadoop.hdfs.server.namenode.INodesInPath
2024-11-12 13:42:06,776 INFO  EvoClassLoader - Instrumenting class 'org.apache.hadoop.hdfs.server.namenode.INodesInPath'.
2024-11-12 13:42:06,776 INFO  MethodCallReplacementClassAdapter - Adding mock interface to class org/apache/hadoop/hdfs/server/namenode/INodesInPath
2024-11-12 13:42:06,777 INFO  CreateClassResetClassAdapter - Found static initializer in class org/apache/hadoop/hdfs/server/namenode/INodesInPath
2024-11-12 13:42:06,778 INFO  EvoClassLoader - Keeping class: org.apache.hadoop.hdfs.server.namenode.INodesInPath
2024-11-12 13:42:06,778 INFO  EvoClassLoader - Seeing class for first time: org.apache.hadoop.fs.UnresolvedLinkException
2024-11-12 13:42:06,778 INFO  EvoClassLoader - Instrumenting class 'org.apache.hadoop.fs.UnresolvedLinkException'.
2024-11-12 13:42:06,778 INFO  MethodCallReplacementClassAdapter - Adding mock interface to class org/apache/hadoop/fs/UnresolvedLinkException
2024-11-12 13:42:06,778 INFO  CreateClassResetClassAdapter - Creating brand-new static initializer in class org/apache/hadoop/fs/UnresolvedLinkException
2024-11-12 13:42:06,778 INFO  EvoClassLoader - Keeping class: org.apache.hadoop.fs.UnresolvedLinkException
2024-11-12 13:42:06,778 INFO  EvoClassLoader - Seeing class for first time: org.apache.hadoop.hdfs.server.namenode.FSDirectory$DirOp
2024-11-12 13:42:06,778 INFO  EvoClassLoader - Instrumenting class 'org.apache.hadoop.hdfs.server.namenode.FSDirectory$DirOp'.
2024-11-12 13:42:06,779 INFO  MethodCallReplacementClassAdapter - Adding mock interface to class org/apache/hadoop/hdfs/server/namenode/FSDirectory$DirOp
2024-11-12 13:42:06,779 INFO  CreateClassResetClassAdapter - Found static initializer in class org/apache/hadoop/hdfs/server/namenode/FSDirectory$DirOp
2024-11-12 13:42:06,779 INFO  EvoClassLoader - Keeping class: org.apache.hadoop.hdfs.server.namenode.FSDirectory$DirOp
2024-11-12 13:42:06,779 INFO  EvoClassLoader - Seeing class for first time: org.apache.hadoop.hdfs.server.namenode.FSEditLog
2024-11-12 13:42:06,779 INFO  EvoClassLoader - Instrumenting class 'org.apache.hadoop.hdfs.server.namenode.FSEditLog'.
2024-11-12 13:42:06,779 INFO  MethodCallReplacementClassAdapter - Adding mock interface to class org/apache/hadoop/hdfs/server/namenode/FSEditLog
2024-11-12 13:42:06,784 INFO  CreateClassResetClassAdapter - Found static initializer in class org/apache/hadoop/hdfs/server/namenode/FSEditLog
2024-11-12 13:42:06,785 INFO  EvoClassLoader - Seeing class for first time: org.apache.hadoop.hdfs.server.namenode.LogsPurgeable
2024-11-12 13:42:06,785 INFO  EvoClassLoader - Instrumenting class 'org.apache.hadoop.hdfs.server.namenode.LogsPurgeable'.
2024-11-12 13:42:06,785 INFO  EvoClassLoader - Keeping class: org.apache.hadoop.hdfs.server.namenode.LogsPurgeable
2024-11-12 13:42:06,785 INFO  EvoClassLoader - Keeping class: org.apache.hadoop.hdfs.server.namenode.FSEditLog
2024-11-12 13:42:06,785 INFO  EvoClassLoader - Seeing class for first time: org.apache.hadoop.hdfs.server.namenode.FSNamesystem
2024-11-12 13:42:06,785 INFO  EvoClassLoader - Instrumenting class 'org.apache.hadoop.hdfs.server.namenode.FSNamesystem'.
2024-11-12 13:42:06,788 INFO  MethodCallReplacementClassAdapter - Adding mock interface to class org/apache/hadoop/hdfs/server/namenode/FSNamesystem
2024-11-12 13:42:06,799 INFO  CreateClassResetClassAdapter - Found static initializer in class org/apache/hadoop/hdfs/server/namenode/FSNamesystem
2024-11-12 13:42:06,802 INFO  EvoClassLoader - Seeing class for first time: org.apache.hadoop.hdfs.server.namenode.Namesystem
2024-11-12 13:42:06,802 INFO  EvoClassLoader - Instrumenting class 'org.apache.hadoop.hdfs.server.namenode.Namesystem'.
2024-11-12 13:42:06,803 INFO  EvoClassLoader - Seeing class for first time: org.apache.hadoop.hdfs.util.RwLock
2024-11-12 13:42:06,803 INFO  EvoClassLoader - Instrumenting class 'org.apache.hadoop.hdfs.util.RwLock'.
2024-11-12 13:42:06,803 INFO  EvoClassLoader - Keeping class: org.apache.hadoop.hdfs.util.RwLock
2024-11-12 13:42:06,803 INFO  EvoClassLoader - Seeing class for first time: org.apache.hadoop.hdfs.server.namenode.SafeMode
2024-11-12 13:42:06,803 INFO  EvoClassLoader - Instrumenting class 'org.apache.hadoop.hdfs.server.namenode.SafeMode'.
2024-11-12 13:42:06,803 INFO  EvoClassLoader - Keeping class: org.apache.hadoop.hdfs.server.namenode.SafeMode
2024-11-12 13:42:06,803 INFO  EvoClassLoader - Keeping class: org.apache.hadoop.hdfs.server.namenode.Namesystem
2024-11-12 13:42:06,803 INFO  EvoClassLoader - Seeing class for first time: org.apache.hadoop.hdfs.server.namenode.metrics.FSNamesystemMBean
2024-11-12 13:42:06,803 INFO  EvoClassLoader - Instrumenting class 'org.apache.hadoop.hdfs.server.namenode.metrics.FSNamesystemMBean'.
2024-11-12 13:42:06,803 INFO  EvoClassLoader - Defined package (3): package org.apache.hadoop.hdfs.server.namenode.metrics, -1864648741
2024-11-12 13:42:06,803 INFO  EvoClassLoader - Keeping class: org.apache.hadoop.hdfs.server.namenode.metrics.FSNamesystemMBean
2024-11-12 13:42:06,803 INFO  EvoClassLoader - Seeing class for first time: org.apache.hadoop.hdfs.server.namenode.NameNodeMXBean
2024-11-12 13:42:06,803 INFO  EvoClassLoader - Instrumenting class 'org.apache.hadoop.hdfs.server.namenode.NameNodeMXBean'.
2024-11-12 13:42:06,804 INFO  EvoClassLoader - Keeping class: org.apache.hadoop.hdfs.server.namenode.NameNodeMXBean
2024-11-12 13:42:06,804 INFO  EvoClassLoader - Seeing class for first time: org.apache.hadoop.hdfs.server.namenode.metrics.ReplicatedBlocksMBean
2024-11-12 13:42:06,804 INFO  EvoClassLoader - Instrumenting class 'org.apache.hadoop.hdfs.server.namenode.metrics.ReplicatedBlocksMBean'.
2024-11-12 13:42:06,804 INFO  EvoClassLoader - Keeping class: org.apache.hadoop.hdfs.server.namenode.metrics.ReplicatedBlocksMBean
2024-11-12 13:42:06,804 INFO  EvoClassLoader - Seeing class for first time: org.apache.hadoop.hdfs.server.namenode.metrics.ECBlockGroupsMBean
2024-11-12 13:42:06,804 INFO  EvoClassLoader - Instrumenting class 'org.apache.hadoop.hdfs.server.namenode.metrics.ECBlockGroupsMBean'.
2024-11-12 13:42:06,804 INFO  EvoClassLoader - Keeping class: org.apache.hadoop.hdfs.server.namenode.metrics.ECBlockGroupsMBean
2024-11-12 13:42:06,804 INFO  EvoClassLoader - Keeping class: org.apache.hadoop.hdfs.server.namenode.FSNamesystem
2024-11-12 13:42:06,805 INFO  EvoClassLoader - Seeing class for first time: org.apache.hadoop.hdfs.server.namenode.INodeAttributeProvider
2024-11-12 13:42:06,805 INFO  EvoClassLoader - Instrumenting class 'org.apache.hadoop.hdfs.server.namenode.INodeAttributeProvider'.
2024-11-12 13:42:06,805 INFO  MethodCallReplacementClassAdapter - Adding mock interface to class org/apache/hadoop/hdfs/server/namenode/INodeAttributeProvider
2024-11-12 13:42:06,805 INFO  CreateClassResetClassAdapter - Creating brand-new static initializer in class org/apache/hadoop/hdfs/server/namenode/INodeAttributeProvider
2024-11-12 13:42:06,805 INFO  EvoClassLoader - Keeping class: org.apache.hadoop.hdfs.server.namenode.INodeAttributeProvider
2024-11-12 13:42:06,805 INFO  EvoClassLoader - Seeing class for first time: org.apache.hadoop.hdfs.protocol.UnresolvedPathException
2024-11-12 13:42:06,805 INFO  EvoClassLoader - Instrumenting class 'org.apache.hadoop.hdfs.protocol.UnresolvedPathException'.
2024-11-12 13:42:06,805 INFO  MethodCallReplacementClassAdapter - Adding mock interface to class org/apache/hadoop/hdfs/protocol/UnresolvedPathException
2024-11-12 13:42:06,805 INFO  CreateClassResetClassAdapter - Creating brand-new static initializer in class org/apache/hadoop/hdfs/protocol/UnresolvedPathException
2024-11-12 13:42:06,806 INFO  EvoClassLoader - Keeping class: org.apache.hadoop.hdfs.protocol.UnresolvedPathException
2024-11-12 13:42:06,806 INFO  EvoClassLoader - Seeing class for first time: org.apache.hadoop.hdfs.server.namenode.INode$QuotaDelta
2024-11-12 13:42:06,806 INFO  EvoClassLoader - Instrumenting class 'org.apache.hadoop.hdfs.server.namenode.INode$QuotaDelta'.
2024-11-12 13:42:06,806 INFO  MethodCallReplacementClassAdapter - Adding mock interface to class org/apache/hadoop/hdfs/server/namenode/INode$QuotaDelta
2024-11-12 13:42:06,806 INFO  CreateClassResetClassAdapter - Creating brand-new static initializer in class org/apache/hadoop/hdfs/server/namenode/INode$QuotaDelta
2024-11-12 13:42:06,806 INFO  EvoClassLoader - Keeping class: org.apache.hadoop.hdfs.server.namenode.INode$QuotaDelta
2024-11-12 13:42:06,806 INFO  EvoClassLoader - Seeing class for first time: org.apache.hadoop.hdfs.util.EnumCounters
2024-11-12 13:42:06,806 INFO  EvoClassLoader - Instrumenting class 'org.apache.hadoop.hdfs.util.EnumCounters'.
2024-11-12 13:42:06,806 INFO  MethodCallReplacementClassAdapter - Adding mock interface to class org/apache/hadoop/hdfs/util/EnumCounters
2024-11-12 13:42:06,806 INFO  CreateClassResetClassAdapter - Creating brand-new static initializer in class org/apache/hadoop/hdfs/util/EnumCounters
2024-11-12 13:42:06,806 INFO  EvoClassLoader - Keeping class: org.apache.hadoop.hdfs.util.EnumCounters
2024-11-12 13:42:06,806 INFO  EvoClassLoader - Seeing class for first time: org.apache.hadoop.hdfs.server.namenode.INodeMap
2024-11-12 13:42:06,806 INFO  EvoClassLoader - Instrumenting class 'org.apache.hadoop.hdfs.server.namenode.INodeMap'.
2024-11-12 13:42:06,807 INFO  MethodCallReplacementClassAdapter - Adding mock interface to class org/apache/hadoop/hdfs/server/namenode/INodeMap
2024-11-12 13:42:06,807 INFO  CreateClassResetClassAdapter - Creating brand-new static initializer in class org/apache/hadoop/hdfs/server/namenode/INodeMap
2024-11-12 13:42:06,807 INFO  EvoClassLoader - Keeping class: org.apache.hadoop.hdfs.server.namenode.INodeMap
2024-11-12 13:42:06,807 INFO  EvoClassLoader - Seeing class for first time: org.apache.hadoop.hdfs.server.namenode.XAttrFeature
2024-11-12 13:42:06,807 INFO  EvoClassLoader - Instrumenting class 'org.apache.hadoop.hdfs.server.namenode.XAttrFeature'.
2024-11-12 13:42:06,807 INFO  MethodCallReplacementClassAdapter - Adding mock interface to class org/apache/hadoop/hdfs/server/namenode/XAttrFeature
2024-11-12 13:42:06,807 INFO  CreateClassResetClassAdapter - Creating brand-new static initializer in class org/apache/hadoop/hdfs/server/namenode/XAttrFeature
2024-11-12 13:42:06,807 INFO  CreateClassResetClassAdapter - Adding bytecode for initializing field PACK_THRESHOLD
2024-11-12 13:42:06,807 INFO  EvoClassLoader - Keeping class: org.apache.hadoop.hdfs.server.namenode.XAttrFeature
2024-11-12 13:42:06,807 INFO  EvoClassLoader - Seeing class for first time: org.apache.hadoop.hdfs.server.namenode.FsImageProto$INodeSection$FileUnderConstructionFeature$Builder
2024-11-12 13:42:06,807 INFO  EvoClassLoader - Instrumenting class 'org.apache.hadoop.hdfs.server.namenode.FsImageProto$INodeSection$FileUnderConstructionFeature$Builder'.
2024-11-12 13:42:06,808 INFO  MethodCallReplacementClassAdapter - Adding mock interface to class org/apache/hadoop/hdfs/server/namenode/FsImageProto$INodeSection$FileUnderConstructionFeature$Builder
2024-11-12 13:42:06,808 INFO  CreateClassResetClassAdapter - Creating brand-new static initializer in class org/apache/hadoop/hdfs/server/namenode/FsImageProto$INodeSection$FileUnderConstructionFeature$Builder
2024-11-12 13:42:06,809 INFO  EvoClassLoader - Keeping class: org.apache.hadoop.hdfs.server.namenode.FsImageProto$INodeSection$FileUnderConstructionFeature$Builder
2024-11-12 13:42:06,809 INFO  EvoClassLoader - Seeing class for first time: org.apache.hadoop.hdfs.server.namenode.FsImageProto$StringTableSection$Builder
2024-11-12 13:42:06,809 INFO  EvoClassLoader - Instrumenting class 'org.apache.hadoop.hdfs.server.namenode.FsImageProto$StringTableSection$Builder'.
2024-11-12 13:42:06,809 INFO  MethodCallReplacementClassAdapter - Adding mock interface to class org/apache/hadoop/hdfs/server/namenode/FsImageProto$StringTableSection$Builder
2024-11-12 13:42:06,809 INFO  CreateClassResetClassAdapter - Creating brand-new static initializer in class org/apache/hadoop/hdfs/server/namenode/FsImageProto$StringTableSection$Builder
2024-11-12 13:42:06,809 INFO  EvoClassLoader - Keeping class: org.apache.hadoop.hdfs.server.namenode.FsImageProto$StringTableSection$Builder
2024-11-12 13:42:06,809 INFO  EvoClassLoader - Seeing class for first time: org.apache.hadoop.thirdparty.protobuf.SingleFieldBuilderV3
2024-11-12 13:42:06,809 INFO  EvoClassLoader - Instrumenting class 'org.apache.hadoop.thirdparty.protobuf.SingleFieldBuilderV3'.
2024-11-12 13:42:06,810 INFO  MethodCallReplacementClassAdapter - Adding mock interface to class org/apache/hadoop/thirdparty/protobuf/SingleFieldBuilderV3
2024-11-12 13:42:06,810 INFO  CreateClassResetClassAdapter - Creating brand-new static initializer in class org/apache/hadoop/thirdparty/protobuf/SingleFieldBuilderV3
2024-11-12 13:42:06,810 INFO  EvoClassLoader - Keeping class: org.apache.hadoop.thirdparty.protobuf.SingleFieldBuilderV3
2024-11-12 13:42:06,810 INFO  EvoClassLoader - Seeing class for first time: org.apache.hadoop.hdfs.server.namenode.FsImageProto$INodeSection$AclFeatureProto$Builder
2024-11-12 13:42:06,810 INFO  EvoClassLoader - Instrumenting class 'org.apache.hadoop.hdfs.server.namenode.FsImageProto$INodeSection$AclFeatureProto$Builder'.
2024-11-12 13:42:06,810 INFO  MethodCallReplacementClassAdapter - Adding mock interface to class org/apache/hadoop/hdfs/server/namenode/FsImageProto$INodeSection$AclFeatureProto$Builder
2024-11-12 13:42:06,810 INFO  CreateClassResetClassAdapter - Creating brand-new static initializer in class org/apache/hadoop/hdfs/server/namenode/FsImageProto$INodeSection$AclFeatureProto$Builder
2024-11-12 13:42:06,811 INFO  EvoClassLoader - Keeping class: org.apache.hadoop.hdfs.server.namenode.FsImageProto$INodeSection$AclFeatureProto$Builder
2024-11-12 13:42:06,811 INFO  EvoClassLoader - Seeing class for first time: org.apache.hadoop.thirdparty.protobuf.RepeatedFieldBuilderV3
2024-11-12 13:42:06,811 INFO  EvoClassLoader - Instrumenting class 'org.apache.hadoop.thirdparty.protobuf.RepeatedFieldBuilderV3'.
2024-11-12 13:42:06,811 INFO  MethodCallReplacementClassAdapter - Adding mock interface to class org/apache/hadoop/thirdparty/protobuf/RepeatedFieldBuilderV3
2024-11-12 13:42:06,811 INFO  CreateClassResetClassAdapter - Creating brand-new static initializer in class org/apache/hadoop/thirdparty/protobuf/RepeatedFieldBuilderV3
2024-11-12 13:42:06,812 INFO  EvoClassLoader - Keeping class: org.apache.hadoop.thirdparty.protobuf.RepeatedFieldBuilderV3
2024-11-12 13:42:06,812 INFO  EvoClassLoader - Seeing class for first time: org.apache.hadoop.hdfs.server.namenode.FsImageProto$FilesUnderConstructionSection$Builder
2024-11-12 13:42:06,812 INFO  EvoClassLoader - Instrumenting class 'org.apache.hadoop.hdfs.server.namenode.FsImageProto$FilesUnderConstructionSection$Builder'.
2024-11-12 13:42:06,812 INFO  MethodCallReplacementClassAdapter - Adding mock interface to class org/apache/hadoop/hdfs/server/namenode/FsImageProto$FilesUnderConstructionSection$Builder
2024-11-12 13:42:06,813 INFO  CreateClassResetClassAdapter - Creating brand-new static initializer in class org/apache/hadoop/hdfs/server/namenode/FsImageProto$FilesUnderConstructionSection$Builder
2024-11-12 13:42:06,813 INFO  EvoClassLoader - Keeping class: org.apache.hadoop.hdfs.server.namenode.FsImageProto$FilesUnderConstructionSection$Builder
2024-11-12 13:42:06,813 INFO  EvoClassLoader - Seeing class for first time: org.apache.hadoop.thirdparty.com.google.common.base.Optional
2024-11-12 13:42:06,813 INFO  EvoClassLoader - Instrumenting class 'org.apache.hadoop.thirdparty.com.google.common.base.Optional'.
2024-11-12 13:42:06,814 INFO  MethodCallReplacementClassAdapter - Adding mock interface to class org/apache/hadoop/thirdparty/com/google/common/base/Optional
2024-11-12 13:42:06,814 INFO  CreateClassResetClassAdapter - Creating brand-new static initializer in class org/apache/hadoop/thirdparty/com/google/common/base/Optional
2024-11-12 13:42:06,815 INFO  EvoClassLoader - Keeping class: org.apache.hadoop.thirdparty.com.google.common.base.Optional
2024-11-12 13:42:06,815 INFO  EvoClassLoader - Seeing class for first time: org.apache.hadoop.thirdparty.protobuf.WireFormat$Utf8Validation
2024-11-12 13:42:06,815 INFO  EvoClassLoader - Instrumenting class 'org.apache.hadoop.thirdparty.protobuf.WireFormat$Utf8Validation'.
2024-11-12 13:42:06,815 INFO  MethodCallReplacementClassAdapter - Adding mock interface to class org/apache/hadoop/thirdparty/protobuf/WireFormat$Utf8Validation
2024-11-12 13:42:06,816 INFO  CreateClassResetClassAdapter - Found static initializer in class org/apache/hadoop/thirdparty/protobuf/WireFormat$Utf8Validation
2024-11-12 13:42:06,816 INFO  EvoClassLoader - Keeping class: org.apache.hadoop.thirdparty.protobuf.WireFormat$Utf8Validation
2024-11-12 13:42:06,816 INFO  EvoClassLoader - Seeing class for first time: org.apache.hadoop.hdfs.server.datanode.DiskBalancerWorkStatus
2024-11-12 13:42:06,816 INFO  EvoClassLoader - Instrumenting class 'org.apache.hadoop.hdfs.server.datanode.DiskBalancerWorkStatus'.
2024-11-12 13:42:06,816 INFO  MethodCallReplacementClassAdapter - Adding mock interface to class org/apache/hadoop/hdfs/server/datanode/DiskBalancerWorkStatus
2024-11-12 13:42:06,817 INFO  CreateClassResetClassAdapter - Found static initializer in class org/apache/hadoop/hdfs/server/datanode/DiskBalancerWorkStatus
2024-11-12 13:42:06,817 INFO  EvoClassLoader - Defined package (3): package org.apache.hadoop.hdfs.server.datanode, 2052922021
2024-11-12 13:42:06,817 INFO  EvoClassLoader - Keeping class: org.apache.hadoop.hdfs.server.datanode.DiskBalancerWorkStatus
2024-11-12 13:42:06,817 INFO  EvoClassLoader - Seeing class for first time: org.apache.hadoop.hdfs.protocol.ExtendedBlock
2024-11-12 13:42:06,817 INFO  EvoClassLoader - Instrumenting class 'org.apache.hadoop.hdfs.protocol.ExtendedBlock'.
2024-11-12 13:42:06,817 INFO  MethodCallReplacementClassAdapter - Adding mock interface to class org/apache/hadoop/hdfs/protocol/ExtendedBlock
2024-11-12 13:42:06,818 INFO  CreateClassResetClassAdapter - Creating brand-new static initializer in class org/apache/hadoop/hdfs/protocol/ExtendedBlock
2024-11-12 13:42:06,818 INFO  EvoClassLoader - Keeping class: org.apache.hadoop.hdfs.protocol.ExtendedBlock
2024-11-12 13:42:06,818 INFO  EvoClassLoader - Seeing class for first time: org.apache.hadoop.hdfs.protocol.BlockLocalPathInfo
2024-11-12 13:42:06,818 INFO  EvoClassLoader - Instrumenting class 'org.apache.hadoop.hdfs.protocol.BlockLocalPathInfo'.
2024-11-12 13:42:06,818 INFO  MethodCallReplacementClassAdapter - Adding mock interface to class org/apache/hadoop/hdfs/protocol/BlockLocalPathInfo
2024-11-12 13:42:06,818 INFO  CreateClassResetClassAdapter - Creating brand-new static initializer in class org/apache/hadoop/hdfs/protocol/BlockLocalPathInfo
2024-11-12 13:42:06,818 INFO  EvoClassLoader - Keeping class: org.apache.hadoop.hdfs.protocol.BlockLocalPathInfo
2024-11-12 13:42:06,818 INFO  EvoClassLoader - Seeing class for first time: org.apache.hadoop.hdfs.protocol.DatanodeLocalInfo
2024-11-12 13:42:06,818 INFO  EvoClassLoader - Instrumenting class 'org.apache.hadoop.hdfs.protocol.DatanodeLocalInfo'.
2024-11-12 13:42:06,818 INFO  MethodCallReplacementClassAdapter - Adding mock interface to class org/apache/hadoop/hdfs/protocol/DatanodeLocalInfo
2024-11-12 13:42:06,819 INFO  CreateClassResetClassAdapter - Creating brand-new static initializer in class org/apache/hadoop/hdfs/protocol/DatanodeLocalInfo
2024-11-12 13:42:06,819 INFO  EvoClassLoader - Keeping class: org.apache.hadoop.hdfs.protocol.DatanodeLocalInfo
2024-11-12 13:42:06,819 INFO  EvoClassLoader - Seeing class for first time: org.apache.hadoop.hdfs.client.BlockReportOptions
2024-11-12 13:42:06,819 INFO  EvoClassLoader - Instrumenting class 'org.apache.hadoop.hdfs.client.BlockReportOptions'.
2024-11-12 13:42:06,819 INFO  MethodCallReplacementClassAdapter - Adding mock interface to class org/apache/hadoop/hdfs/client/BlockReportOptions
2024-11-12 13:42:06,819 INFO  CreateClassResetClassAdapter - Creating brand-new static initializer in class org/apache/hadoop/hdfs/client/BlockReportOptions
2024-11-12 13:42:06,819 INFO  EvoClassLoader - Defined package (3): package org.apache.hadoop.hdfs.client, 2065323101
2024-11-12 13:42:06,819 INFO  EvoClassLoader - Keeping class: org.apache.hadoop.hdfs.client.BlockReportOptions
2024-11-12 13:42:06,819 INFO  EvoClassLoader - Seeing class for first time: org.apache.hadoop.conf.ReconfigurationTaskStatus
2024-11-12 13:42:06,819 INFO  EvoClassLoader - Instrumenting class 'org.apache.hadoop.conf.ReconfigurationTaskStatus'.
2024-11-12 13:42:06,820 INFO  MethodCallReplacementClassAdapter - Adding mock interface to class org/apache/hadoop/conf/ReconfigurationTaskStatus
2024-11-12 13:42:06,820 INFO  CreateClassResetClassAdapter - Creating brand-new static initializer in class org/apache/hadoop/conf/ReconfigurationTaskStatus
2024-11-12 13:42:06,820 INFO  EvoClassLoader - Keeping class: org.apache.hadoop.conf.ReconfigurationTaskStatus
2024-11-12 13:42:06,820 INFO  EvoClassLoader - Seeing class for first time: org.apache.hadoop.thirdparty.protobuf.DescriptorProtos$ServiceDescriptorProto$Builder
2024-11-12 13:42:06,820 INFO  EvoClassLoader - Instrumenting class 'org.apache.hadoop.thirdparty.protobuf.DescriptorProtos$ServiceDescriptorProto$Builder'.
2024-11-12 13:42:06,820 INFO  MethodCallReplacementClassAdapter - Adding mock interface to class org/apache/hadoop/thirdparty/protobuf/DescriptorProtos$ServiceDescriptorProto$Builder
2024-11-12 13:42:06,821 INFO  CreateClassResetClassAdapter - Creating brand-new static initializer in class org/apache/hadoop/thirdparty/protobuf/DescriptorProtos$ServiceDescriptorProto$Builder
2024-11-12 13:42:06,822 INFO  EvoClassLoader - Keeping class: org.apache.hadoop.thirdparty.protobuf.DescriptorProtos$ServiceDescriptorProto$Builder
2024-11-12 13:42:06,822 INFO  EvoClassLoader - Seeing class for first time: org.apache.hadoop.hdfs.server.namenode.FsImageProto$FileSummary
2024-11-12 13:42:06,822 INFO  EvoClassLoader - Instrumenting class 'org.apache.hadoop.hdfs.server.namenode.FsImageProto$FileSummary'.
2024-11-12 13:42:06,823 INFO  MethodCallReplacementClassAdapter - Adding mock interface to class org/apache/hadoop/hdfs/server/namenode/FsImageProto$FileSummary
2024-11-12 13:42:06,824 INFO  CreateClassResetClassAdapter - Found static initializer in class org/apache/hadoop/hdfs/server/namenode/FsImageProto$FileSummary
2024-11-12 13:42:06,824 INFO  EvoClassLoader - Seeing class for first time: org.apache.hadoop.hdfs.server.namenode.FsImageProto$FileSummaryOrBuilder
2024-11-12 13:42:06,824 INFO  EvoClassLoader - Instrumenting class 'org.apache.hadoop.hdfs.server.namenode.FsImageProto$FileSummaryOrBuilder'.
2024-11-12 13:42:06,824 INFO  EvoClassLoader - Keeping class: org.apache.hadoop.hdfs.server.namenode.FsImageProto$FileSummaryOrBuilder
2024-11-12 13:42:06,825 INFO  EvoClassLoader - Keeping class: org.apache.hadoop.hdfs.server.namenode.FsImageProto$FileSummary
2024-11-12 13:42:06,825 INFO  EvoClassLoader - Seeing class for first time: org.apache.hadoop.hdfs.server.namenode.FsImageProto$SnapshotSection$Builder
2024-11-12 13:42:06,825 INFO  EvoClassLoader - Instrumenting class 'org.apache.hadoop.hdfs.server.namenode.FsImageProto$SnapshotSection$Builder'.
2024-11-12 13:42:06,825 INFO  MethodCallReplacementClassAdapter - Adding mock interface to class org/apache/hadoop/hdfs/server/namenode/FsImageProto$SnapshotSection$Builder
2024-11-12 13:42:06,825 INFO  CreateClassResetClassAdapter - Creating brand-new static initializer in class org/apache/hadoop/hdfs/server/namenode/FsImageProto$SnapshotSection$Builder
2024-11-12 13:42:06,826 INFO  EvoClassLoader - Keeping class: org.apache.hadoop.hdfs.server.namenode.FsImageProto$SnapshotSection$Builder
2024-11-12 13:42:06,826 INFO  EvoClassLoader - Seeing class for first time: org.apache.hadoop.net.unix.DomainSocket
2024-11-12 13:42:06,826 INFO  EvoClassLoader - Instrumenting class 'org.apache.hadoop.net.unix.DomainSocket'.
2024-11-12 13:42:06,826 INFO  MethodCallReplacementClassAdapter - Adding mock interface to class org/apache/hadoop/net/unix/DomainSocket
2024-11-12 13:42:06,827 INFO  CreateClassResetClassAdapter - Found static initializer in class org/apache/hadoop/net/unix/DomainSocket
2024-11-12 13:42:06,827 INFO  EvoClassLoader - Defined package (3): package org.apache.hadoop.net.unix, 1490252940
2024-11-12 13:42:06,827 INFO  EvoClassLoader - Keeping class: org.apache.hadoop.net.unix.DomainSocket
2024-11-12 13:42:06,827 INFO  EvoClassLoader - Seeing class for first time: org.apache.hadoop.thirdparty.protobuf.DescriptorProtos$MethodOptions$IdempotencyLevel
2024-11-12 13:42:06,827 INFO  EvoClassLoader - Instrumenting class 'org.apache.hadoop.thirdparty.protobuf.DescriptorProtos$MethodOptions$IdempotencyLevel'.
2024-11-12 13:42:06,828 INFO  MethodCallReplacementClassAdapter - Adding mock interface to class org/apache/hadoop/thirdparty/protobuf/DescriptorProtos$MethodOptions$IdempotencyLevel
2024-11-12 13:42:06,828 INFO  CreateClassResetClassAdapter - Found static initializer in class org/apache/hadoop/thirdparty/protobuf/DescriptorProtos$MethodOptions$IdempotencyLevel
2024-11-12 13:42:06,828 INFO  EvoClassLoader - Keeping class: org.apache.hadoop.thirdparty.protobuf.DescriptorProtos$MethodOptions$IdempotencyLevel
2024-11-12 13:42:06,828 INFO  EvoClassLoader - Seeing class for first time: org.apache.hadoop.thirdparty.protobuf.MapField$MutatabilityAwareMap
2024-11-12 13:42:06,828 INFO  EvoClassLoader - Instrumenting class 'org.apache.hadoop.thirdparty.protobuf.MapField$MutatabilityAwareMap'.
2024-11-12 13:42:06,829 INFO  MethodCallReplacementClassAdapter - Adding mock interface to class org/apache/hadoop/thirdparty/protobuf/MapField$MutatabilityAwareMap
2024-11-12 13:42:06,829 INFO  CreateClassResetClassAdapter - Creating brand-new static initializer in class org/apache/hadoop/thirdparty/protobuf/MapField$MutatabilityAwareMap
2024-11-12 13:42:06,829 INFO  EvoClassLoader - Keeping class: org.apache.hadoop.thirdparty.protobuf.MapField$MutatabilityAwareMap
2024-11-12 13:42:06,829 INFO  EvoClassLoader - Seeing class for first time: org.apache.hadoop.thirdparty.protobuf.DescriptorProtos$MessageOptions$Builder
2024-11-12 13:42:06,829 INFO  EvoClassLoader - Instrumenting class 'org.apache.hadoop.thirdparty.protobuf.DescriptorProtos$MessageOptions$Builder'.
2024-11-12 13:42:06,829 INFO  MethodCallReplacementClassAdapter - Adding mock interface to class org/apache/hadoop/thirdparty/protobuf/DescriptorProtos$MessageOptions$Builder
2024-11-12 13:42:06,830 INFO  CreateClassResetClassAdapter - Creating brand-new static initializer in class org/apache/hadoop/thirdparty/protobuf/DescriptorProtos$MessageOptions$Builder
2024-11-12 13:42:06,831 INFO  EvoClassLoader - Keeping class: org.apache.hadoop.thirdparty.protobuf.DescriptorProtos$MessageOptions$Builder
2024-11-12 13:42:06,831 INFO  EvoClassLoader - Seeing class for first time: org.apache.hadoop.thirdparty.protobuf.DescriptorProtos$EnumValueDescriptorProto$Builder
2024-11-12 13:42:06,831 INFO  EvoClassLoader - Instrumenting class 'org.apache.hadoop.thirdparty.protobuf.DescriptorProtos$EnumValueDescriptorProto$Builder'.
2024-11-12 13:42:06,832 INFO  MethodCallReplacementClassAdapter - Adding mock interface to class org/apache/hadoop/thirdparty/protobuf/DescriptorProtos$EnumValueDescriptorProto$Builder
2024-11-12 13:42:06,832 INFO  CreateClassResetClassAdapter - Creating brand-new static initializer in class org/apache/hadoop/thirdparty/protobuf/DescriptorProtos$EnumValueDescriptorProto$Builder
2024-11-12 13:42:06,833 INFO  EvoClassLoader - Keeping class: org.apache.hadoop.thirdparty.protobuf.DescriptorProtos$EnumValueDescriptorProto$Builder
2024-11-12 13:42:06,833 INFO  EvoClassLoader - Seeing class for first time: org.apache.hadoop.hdfs.protocol.proto.HdfsProtos$StorageTypeProto
2024-11-12 13:42:06,833 INFO  EvoClassLoader - Instrumenting class 'org.apache.hadoop.hdfs.protocol.proto.HdfsProtos$StorageTypeProto'.
2024-11-12 13:42:06,833 INFO  MethodCallReplacementClassAdapter - Adding mock interface to class org/apache/hadoop/hdfs/protocol/proto/HdfsProtos$StorageTypeProto
2024-11-12 13:42:06,834 INFO  CreateClassResetClassAdapter - Found static initializer in class org/apache/hadoop/hdfs/protocol/proto/HdfsProtos$StorageTypeProto
2024-11-12 13:42:06,834 INFO  EvoClassLoader - Keeping class: org.apache.hadoop.hdfs.protocol.proto.HdfsProtos$StorageTypeProto
2024-11-12 13:42:06,834 INFO  EvoClassLoader - Seeing class for first time: org.apache.hadoop.hdfs.server.namenode.FsImageProto$INodeReferenceSection$INodeReference$Builder
2024-11-12 13:42:06,834 INFO  EvoClassLoader - Instrumenting class 'org.apache.hadoop.hdfs.server.namenode.FsImageProto$INodeReferenceSection$INodeReference$Builder'.
2024-11-12 13:42:06,834 INFO  MethodCallReplacementClassAdapter - Adding mock interface to class org/apache/hadoop/hdfs/server/namenode/FsImageProto$INodeReferenceSection$INodeReference$Builder
2024-11-12 13:42:06,835 INFO  CreateClassResetClassAdapter - Creating brand-new static initializer in class org/apache/hadoop/hdfs/server/namenode/FsImageProto$INodeReferenceSection$INodeReference$Builder
2024-11-12 13:42:06,835 INFO  EvoClassLoader - Keeping class: org.apache.hadoop.hdfs.server.namenode.FsImageProto$INodeReferenceSection$INodeReference$Builder
2024-11-12 13:42:06,835 INFO  EvoClassLoader - Seeing class for first time: org.apache.hadoop.hdfs.server.namenode.AclFeature
2024-11-12 13:42:06,835 INFO  EvoClassLoader - Instrumenting class 'org.apache.hadoop.hdfs.server.namenode.AclFeature'.
2024-11-12 13:42:06,835 INFO  MethodCallReplacementClassAdapter - Adding mock interface to class org/apache/hadoop/hdfs/server/namenode/AclFeature
2024-11-12 13:42:06,836 INFO  CreateClassResetClassAdapter - Found static initializer in class org/apache/hadoop/hdfs/server/namenode/AclFeature
2024-11-12 13:42:06,836 INFO  EvoClassLoader - Seeing class for first time: org.apache.hadoop.hdfs.util.ReferenceCountMap$ReferenceCounter
2024-11-12 13:42:06,836 INFO  EvoClassLoader - Instrumenting class 'org.apache.hadoop.hdfs.util.ReferenceCountMap$ReferenceCounter'.
2024-11-12 13:42:06,836 INFO  EvoClassLoader - Keeping class: org.apache.hadoop.hdfs.util.ReferenceCountMap$ReferenceCounter
2024-11-12 13:42:06,836 INFO  EvoClassLoader - Keeping class: org.apache.hadoop.hdfs.server.namenode.AclFeature
2024-11-12 13:42:06,836 INFO  EvoClassLoader - Seeing class for first time: org.apache.commons.cli.OptionGroup
2024-11-12 13:42:06,836 INFO  EvoClassLoader - Instrumenting class 'org.apache.commons.cli.OptionGroup'.
2024-11-12 13:42:06,836 INFO  MethodCallReplacementClassAdapter - Adding mock interface to class org/apache/commons/cli/OptionGroup
2024-11-12 13:42:06,836 INFO  CreateClassResetClassAdapter - Creating brand-new static initializer in class org/apache/commons/cli/OptionGroup
2024-11-12 13:42:06,836 INFO  EvoClassLoader - Keeping class: org.apache.commons.cli.OptionGroup
2024-11-12 13:42:06,836 INFO  EvoClassLoader - Seeing class for first time: org.codehaus.stax2.typed.Base64Variant
2024-11-12 13:42:06,836 INFO  EvoClassLoader - Instrumenting class 'org.codehaus.stax2.typed.Base64Variant'.
2024-11-12 13:42:06,837 INFO  MethodCallReplacementClassAdapter - Adding mock interface to class org/codehaus/stax2/typed/Base64Variant
2024-11-12 13:42:06,837 INFO  CreateClassResetClassAdapter - Creating brand-new static initializer in class org/codehaus/stax2/typed/Base64Variant
2024-11-12 13:42:06,837 INFO  CreateClassResetClassAdapter - Adding bytecode for initializing field PADDING_CHAR_NONE
2024-11-12 13:42:06,837 INFO  CreateClassResetClassAdapter - Adding bytecode for initializing field BASE64_VALUE_INVALID
2024-11-12 13:42:06,837 INFO  CreateClassResetClassAdapter - Adding bytecode for initializing field BASE64_VALUE_PADDING
2024-11-12 13:42:06,837 INFO  EvoClassLoader - Keeping class: org.codehaus.stax2.typed.Base64Variant
2024-11-12 13:42:06,837 INFO  EvoClassLoader - Seeing class for first time: org.apache.hadoop.hdfs.protocol.LayoutVersion$FeatureInfo
2024-11-12 13:42:06,837 INFO  EvoClassLoader - Instrumenting class 'org.apache.hadoop.hdfs.protocol.LayoutVersion$FeatureInfo'.
2024-11-12 13:42:06,837 INFO  MethodCallReplacementClassAdapter - Adding mock interface to class org/apache/hadoop/hdfs/protocol/LayoutVersion$FeatureInfo
2024-11-12 13:42:06,838 INFO  CreateClassResetClassAdapter - Creating brand-new static initializer in class org/apache/hadoop/hdfs/protocol/LayoutVersion$FeatureInfo
2024-11-12 13:42:06,838 INFO  EvoClassLoader - Keeping class: org.apache.hadoop.hdfs.protocol.LayoutVersion$FeatureInfo
2024-11-12 13:42:06,838 INFO  EvoClassLoader - Seeing class for first time: org.apache.commons.cli.CommandLine
2024-11-12 13:42:06,838 INFO  EvoClassLoader - Instrumenting class 'org.apache.commons.cli.CommandLine'.
2024-11-12 13:42:06,838 INFO  MethodCallReplacementClassAdapter - Adding mock interface to class org/apache/commons/cli/CommandLine
2024-11-12 13:42:06,838 INFO  CreateClassResetClassAdapter - Creating brand-new static initializer in class org/apache/commons/cli/CommandLine
2024-11-12 13:42:06,838 INFO  EvoClassLoader - Keeping class: org.apache.commons.cli.CommandLine
2024-11-12 13:42:06,838 INFO  EvoClassLoader - Seeing class for first time: org.apache.hadoop.io.compress.Decompressor
2024-11-12 13:42:06,838 INFO  EvoClassLoader - Instrumenting class 'org.apache.hadoop.io.compress.Decompressor'.
2024-11-12 13:42:06,838 INFO  EvoClassLoader - Keeping class: org.apache.hadoop.io.compress.Decompressor
2024-11-12 13:42:06,838 INFO  EvoClassLoader - Seeing class for first time: org.apache.hadoop.hdfs.protocol.ErasureCodingPolicy
2024-11-12 13:42:06,838 INFO  EvoClassLoader - Instrumenting class 'org.apache.hadoop.hdfs.protocol.ErasureCodingPolicy'.
2024-11-12 13:42:06,839 INFO  MethodCallReplacementClassAdapter - Adding mock interface to class org/apache/hadoop/hdfs/protocol/ErasureCodingPolicy
2024-11-12 13:42:06,839 INFO  CreateClassResetClassAdapter - Creating brand-new static initializer in class org/apache/hadoop/hdfs/protocol/ErasureCodingPolicy
2024-11-12 13:42:06,839 INFO  EvoClassLoader - Keeping class: org.apache.hadoop.hdfs.protocol.ErasureCodingPolicy
2024-11-12 13:42:06,839 INFO  EvoClassLoader - Seeing class for first time: org.apache.hadoop.fs.FileEncryptionInfo
2024-11-12 13:42:06,839 INFO  EvoClassLoader - Instrumenting class 'org.apache.hadoop.fs.FileEncryptionInfo'.
2024-11-12 13:42:06,839 INFO  MethodCallReplacementClassAdapter - Adding mock interface to class org/apache/hadoop/fs/FileEncryptionInfo
2024-11-12 13:42:06,839 INFO  CreateClassResetClassAdapter - Creating brand-new static initializer in class org/apache/hadoop/fs/FileEncryptionInfo
2024-11-12 13:42:06,839 INFO  EvoClassLoader - Keeping class: org.apache.hadoop.fs.FileEncryptionInfo
2024-11-12 13:42:06,839 INFO  EvoClassLoader - Seeing class for first time: org.apache.hadoop.hdfs.server.namenode.FsImageProto$INodeSection$INodeDirectory$Builder
2024-11-12 13:42:06,839 INFO  EvoClassLoader - Instrumenting class 'org.apache.hadoop.hdfs.server.namenode.FsImageProto$INodeSection$INodeDirectory$Builder'.
2024-11-12 13:42:06,840 INFO  MethodCallReplacementClassAdapter - Adding mock interface to class org/apache/hadoop/hdfs/server/namenode/FsImageProto$INodeSection$INodeDirectory$Builder
2024-11-12 13:42:06,840 INFO  CreateClassResetClassAdapter - Creating brand-new static initializer in class org/apache/hadoop/hdfs/server/namenode/FsImageProto$INodeSection$INodeDirectory$Builder
2024-11-12 13:42:06,841 INFO  EvoClassLoader - Keeping class: org.apache.hadoop.hdfs.server.namenode.FsImageProto$INodeSection$INodeDirectory$Builder
2024-11-12 13:42:06,841 INFO  EvoClassLoader - Seeing class for first time: org.apache.hadoop.hdfs.protocol.LocatedBlocks
2024-11-12 13:42:06,841 INFO  EvoClassLoader - Instrumenting class 'org.apache.hadoop.hdfs.protocol.LocatedBlocks'.
2024-11-12 13:42:06,841 INFO  MethodCallReplacementClassAdapter - Adding mock interface to class org/apache/hadoop/hdfs/protocol/LocatedBlocks
2024-11-12 13:42:06,841 INFO  CreateClassResetClassAdapter - Found static initializer in class org/apache/hadoop/hdfs/protocol/LocatedBlocks
2024-11-12 13:42:06,841 INFO  EvoClassLoader - Keeping class: org.apache.hadoop.hdfs.protocol.LocatedBlocks
2024-11-12 13:42:06,841 INFO  EvoClassLoader - Seeing class for first time: org.apache.hadoop.thirdparty.protobuf.DescriptorProtos$UninterpretedOption$NamePartOrBuilder
2024-11-12 13:42:06,841 INFO  EvoClassLoader - Instrumenting class 'org.apache.hadoop.thirdparty.protobuf.DescriptorProtos$UninterpretedOption$NamePartOrBuilder'.
2024-11-12 13:42:06,841 INFO  EvoClassLoader - Keeping class: org.apache.hadoop.thirdparty.protobuf.DescriptorProtos$UninterpretedOption$NamePartOrBuilder
2024-11-12 13:42:06,841 INFO  EvoClassLoader - Seeing class for first time: org.apache.hadoop.thirdparty.protobuf.DescriptorProtos$UninterpretedOption$NamePart
2024-11-12 13:42:06,841 INFO  EvoClassLoader - Instrumenting class 'org.apache.hadoop.thirdparty.protobuf.DescriptorProtos$UninterpretedOption$NamePart'.
2024-11-12 13:42:06,842 INFO  MethodCallReplacementClassAdapter - Adding mock interface to class org/apache/hadoop/thirdparty/protobuf/DescriptorProtos$UninterpretedOption$NamePart
2024-11-12 13:42:06,842 INFO  CreateClassResetClassAdapter - Found static initializer in class org/apache/hadoop/thirdparty/protobuf/DescriptorProtos$UninterpretedOption$NamePart
2024-11-12 13:42:06,843 INFO  EvoClassLoader - Keeping class: org.apache.hadoop.thirdparty.protobuf.DescriptorProtos$UninterpretedOption$NamePart
2024-11-12 13:42:06,843 INFO  EvoClassLoader - Seeing class for first time: org.apache.hadoop.hdfs.server.namenode.FsImageProto$INodeSection$QuotaByStorageTypeEntryProto$Builder
2024-11-12 13:42:06,843 INFO  EvoClassLoader - Instrumenting class 'org.apache.hadoop.hdfs.server.namenode.FsImageProto$INodeSection$QuotaByStorageTypeEntryProto$Builder'.
2024-11-12 13:42:06,843 INFO  MethodCallReplacementClassAdapter - Adding mock interface to class org/apache/hadoop/hdfs/server/namenode/FsImageProto$INodeSection$QuotaByStorageTypeEntryProto$Builder
2024-11-12 13:42:06,843 INFO  CreateClassResetClassAdapter - Creating brand-new static initializer in class org/apache/hadoop/hdfs/server/namenode/FsImageProto$INodeSection$QuotaByStorageTypeEntryProto$Builder
2024-11-12 13:42:06,844 INFO  EvoClassLoader - Keeping class: org.apache.hadoop.hdfs.server.namenode.FsImageProto$INodeSection$QuotaByStorageTypeEntryProto$Builder
2024-11-12 13:42:06,844 INFO  EvoClassLoader - Seeing class for first time: org.apache.hadoop.hdfs.server.namenode.INodeSymlink
2024-11-12 13:42:06,844 INFO  EvoClassLoader - Instrumenting class 'org.apache.hadoop.hdfs.server.namenode.INodeSymlink'.
2024-11-12 13:42:06,844 INFO  MethodCallReplacementClassAdapter - Adding mock interface to class org/apache/hadoop/hdfs/server/namenode/INodeSymlink
2024-11-12 13:42:06,844 INFO  CreateClassResetClassAdapter - Creating brand-new static initializer in class org/apache/hadoop/hdfs/server/namenode/INodeSymlink
2024-11-12 13:42:06,844 INFO  EvoClassLoader - Keeping class: org.apache.hadoop.hdfs.server.namenode.INodeSymlink
2024-11-12 13:42:06,844 INFO  EvoClassLoader - Seeing class for first time: com.ctc.wstx.dtd.DTDEventListener
2024-11-12 13:42:06,844 INFO  EvoClassLoader - Instrumenting class 'com.ctc.wstx.dtd.DTDEventListener'.
2024-11-12 13:42:06,845 INFO  EvoClassLoader - Defined package (3): package com.ctc.wstx.dtd, -1605853969
2024-11-12 13:42:06,845 INFO  EvoClassLoader - Keeping class: com.ctc.wstx.dtd.DTDEventListener
2024-11-12 13:42:06,845 INFO  EvoClassLoader - Seeing class for first time: org.apache.hadoop.thirdparty.protobuf.DescriptorProtos$UninterpretedOption$Builder
2024-11-12 13:42:06,845 INFO  EvoClassLoader - Instrumenting class 'org.apache.hadoop.thirdparty.protobuf.DescriptorProtos$UninterpretedOption$Builder'.
2024-11-12 13:42:06,845 INFO  MethodCallReplacementClassAdapter - Adding mock interface to class org/apache/hadoop/thirdparty/protobuf/DescriptorProtos$UninterpretedOption$Builder
2024-11-12 13:42:06,846 INFO  CreateClassResetClassAdapter - Creating brand-new static initializer in class org/apache/hadoop/thirdparty/protobuf/DescriptorProtos$UninterpretedOption$Builder
2024-11-12 13:42:06,846 INFO  EvoClassLoader - Keeping class: org.apache.hadoop.thirdparty.protobuf.DescriptorProtos$UninterpretedOption$Builder
2024-11-12 13:42:06,846 INFO  EvoClassLoader - Seeing class for first time: org.apache.hadoop.thirdparty.protobuf.DescriptorProtos$EnumValueOptions$Builder
2024-11-12 13:42:06,846 INFO  EvoClassLoader - Instrumenting class 'org.apache.hadoop.thirdparty.protobuf.DescriptorProtos$EnumValueOptions$Builder'.
2024-11-12 13:42:06,847 INFO  MethodCallReplacementClassAdapter - Adding mock interface to class org/apache/hadoop/thirdparty/protobuf/DescriptorProtos$EnumValueOptions$Builder
2024-11-12 13:42:06,847 INFO  CreateClassResetClassAdapter - Creating brand-new static initializer in class org/apache/hadoop/thirdparty/protobuf/DescriptorProtos$EnumValueOptions$Builder
2024-11-12 13:42:06,848 INFO  EvoClassLoader - Keeping class: org.apache.hadoop.thirdparty.protobuf.DescriptorProtos$EnumValueOptions$Builder
2024-11-12 13:42:06,848 INFO  EvoClassLoader - Seeing class for first time: org.apache.hadoop.thirdparty.protobuf.DescriptorProtos$EnumDescriptorProto$EnumReservedRange
2024-11-12 13:42:06,848 INFO  EvoClassLoader - Instrumenting class 'org.apache.hadoop.thirdparty.protobuf.DescriptorProtos$EnumDescriptorProto$EnumReservedRange'.
2024-11-12 13:42:06,848 INFO  MethodCallReplacementClassAdapter - Adding mock interface to class org/apache/hadoop/thirdparty/protobuf/DescriptorProtos$EnumDescriptorProto$EnumReservedRange
2024-11-12 13:42:06,849 INFO  CreateClassResetClassAdapter - Found static initializer in class org/apache/hadoop/thirdparty/protobuf/DescriptorProtos$EnumDescriptorProto$EnumReservedRange
2024-11-12 13:42:06,849 INFO  EvoClassLoader - Seeing class for first time: org.apache.hadoop.thirdparty.protobuf.DescriptorProtos$EnumDescriptorProto$EnumReservedRangeOrBuilder
2024-11-12 13:42:06,849 INFO  EvoClassLoader - Instrumenting class 'org.apache.hadoop.thirdparty.protobuf.DescriptorProtos$EnumDescriptorProto$EnumReservedRangeOrBuilder'.
2024-11-12 13:42:06,850 INFO  EvoClassLoader - Keeping class: org.apache.hadoop.thirdparty.protobuf.DescriptorProtos$EnumDescriptorProto$EnumReservedRangeOrBuilder
2024-11-12 13:42:06,850 INFO  EvoClassLoader - Keeping class: org.apache.hadoop.thirdparty.protobuf.DescriptorProtos$EnumDescriptorProto$EnumReservedRange
2024-11-12 13:42:06,850 INFO  EvoClassLoader - Seeing class for first time: org.apache.hadoop.hdfs.server.namenode.FsImageProto$INodeReferenceSection$Builder
2024-11-12 13:42:06,850 INFO  EvoClassLoader - Instrumenting class 'org.apache.hadoop.hdfs.server.namenode.FsImageProto$INodeReferenceSection$Builder'.
2024-11-12 13:42:06,850 INFO  MethodCallReplacementClassAdapter - Adding mock interface to class org/apache/hadoop/hdfs/server/namenode/FsImageProto$INodeReferenceSection$Builder
2024-11-12 13:42:06,850 INFO  CreateClassResetClassAdapter - Creating brand-new static initializer in class org/apache/hadoop/hdfs/server/namenode/FsImageProto$INodeReferenceSection$Builder
2024-11-12 13:42:06,850 INFO  EvoClassLoader - Keeping class: org.apache.hadoop.hdfs.server.namenode.FsImageProto$INodeReferenceSection$Builder
2024-11-12 13:42:06,851 INFO  EvoClassLoader - Seeing class for first time: org.apache.hadoop.thirdparty.protobuf.DescriptorProtos$EnumOptions$Builder
2024-11-12 13:42:06,851 INFO  EvoClassLoader - Instrumenting class 'org.apache.hadoop.thirdparty.protobuf.DescriptorProtos$EnumOptions$Builder'.
2024-11-12 13:42:06,851 INFO  MethodCallReplacementClassAdapter - Adding mock interface to class org/apache/hadoop/thirdparty/protobuf/DescriptorProtos$EnumOptions$Builder
2024-11-12 13:42:06,852 INFO  CreateClassResetClassAdapter - Creating brand-new static initializer in class org/apache/hadoop/thirdparty/protobuf/DescriptorProtos$EnumOptions$Builder
2024-11-12 13:42:06,853 INFO  EvoClassLoader - Keeping class: org.apache.hadoop.thirdparty.protobuf.DescriptorProtos$EnumOptions$Builder
2024-11-12 13:42:06,853 INFO  EvoClassLoader - Seeing class for first time: org.apache.hadoop.thirdparty.protobuf.GeneratedMessageLite$GeneratedExtension
2024-11-12 13:42:06,853 INFO  EvoClassLoader - Instrumenting class 'org.apache.hadoop.thirdparty.protobuf.GeneratedMessageLite$GeneratedExtension'.
2024-11-12 13:42:06,853 INFO  MethodCallReplacementClassAdapter - Adding mock interface to class org/apache/hadoop/thirdparty/protobuf/GeneratedMessageLite$GeneratedExtension
2024-11-12 13:42:06,853 INFO  CreateClassResetClassAdapter - Creating brand-new static initializer in class org/apache/hadoop/thirdparty/protobuf/GeneratedMessageLite$GeneratedExtension
2024-11-12 13:42:06,854 INFO  EvoClassLoader - Keeping class: org.apache.hadoop.thirdparty.protobuf.GeneratedMessageLite$GeneratedExtension
2024-11-12 13:42:06,854 INFO  EvoClassLoader - Seeing class for first time: org.apache.hadoop.thirdparty.protobuf.DescriptorProtos$FieldOptions$Builder
2024-11-12 13:42:06,854 INFO  EvoClassLoader - Instrumenting class 'org.apache.hadoop.thirdparty.protobuf.DescriptorProtos$FieldOptions$Builder'.
2024-11-12 13:42:06,854 INFO  MethodCallReplacementClassAdapter - Adding mock interface to class org/apache/hadoop/thirdparty/protobuf/DescriptorProtos$FieldOptions$Builder
2024-11-12 13:42:06,855 INFO  CreateClassResetClassAdapter - Creating brand-new static initializer in class org/apache/hadoop/thirdparty/protobuf/DescriptorProtos$FieldOptions$Builder
2024-11-12 13:42:06,855 INFO  EvoClassLoader - Keeping class: org.apache.hadoop.thirdparty.protobuf.DescriptorProtos$FieldOptions$Builder
2024-11-12 13:42:06,856 INFO  EvoClassLoader - Seeing class for first time: org.apache.hadoop.thirdparty.protobuf.DescriptorProtos$SourceCodeInfo$LocationOrBuilder
2024-11-12 13:42:06,856 INFO  EvoClassLoader - Instrumenting class 'org.apache.hadoop.thirdparty.protobuf.DescriptorProtos$SourceCodeInfo$LocationOrBuilder'.
2024-11-12 13:42:06,856 INFO  EvoClassLoader - Keeping class: org.apache.hadoop.thirdparty.protobuf.DescriptorProtos$SourceCodeInfo$LocationOrBuilder
2024-11-12 13:42:06,856 INFO  EvoClassLoader - Seeing class for first time: org.apache.hadoop.thirdparty.protobuf.DescriptorProtos$SourceCodeInfo$Location
2024-11-12 13:42:06,856 INFO  EvoClassLoader - Instrumenting class 'org.apache.hadoop.thirdparty.protobuf.DescriptorProtos$SourceCodeInfo$Location'.
2024-11-12 13:42:06,856 INFO  MethodCallReplacementClassAdapter - Adding mock interface to class org/apache/hadoop/thirdparty/protobuf/DescriptorProtos$SourceCodeInfo$Location
2024-11-12 13:42:06,857 INFO  CreateClassResetClassAdapter - Found static initializer in class org/apache/hadoop/thirdparty/protobuf/DescriptorProtos$SourceCodeInfo$Location
2024-11-12 13:42:06,858 INFO  EvoClassLoader - Keeping class: org.apache.hadoop.thirdparty.protobuf.DescriptorProtos$SourceCodeInfo$Location
2024-11-12 13:42:06,858 INFO  EvoClassLoader - Seeing class for first time: org.apache.hadoop.http.HttpServer2$Builder
2024-11-12 13:42:06,858 INFO  EvoClassLoader - Instrumenting class 'org.apache.hadoop.http.HttpServer2$Builder'.
2024-11-12 13:42:06,858 INFO  MethodCallReplacementClassAdapter - Adding mock interface to class org/apache/hadoop/http/HttpServer2$Builder
2024-11-12 13:42:06,860 INFO  CreateClassResetClassAdapter - Creating brand-new static initializer in class org/apache/hadoop/http/HttpServer2$Builder
2024-11-12 13:42:06,860 INFO  EvoClassLoader - Defined package (3): package org.apache.hadoop.http, 101202779
2024-11-12 13:42:06,860 INFO  EvoClassLoader - Keeping class: org.apache.hadoop.http.HttpServer2$Builder
2024-11-12 13:42:06,860 INFO  EvoClassLoader - Seeing class for first time: org.apache.hadoop.hdfs.security.token.delegation.DelegationTokenIdentifier
2024-11-12 13:42:06,860 INFO  EvoClassLoader - Instrumenting class 'org.apache.hadoop.hdfs.security.token.delegation.DelegationTokenIdentifier'.
2024-11-12 13:42:06,860 INFO  MethodCallReplacementClassAdapter - Adding mock interface to class org/apache/hadoop/hdfs/security/token/delegation/DelegationTokenIdentifier
2024-11-12 13:42:06,860 INFO  CreateClassResetClassAdapter - Found static initializer in class org/apache/hadoop/hdfs/security/token/delegation/DelegationTokenIdentifier
2024-11-12 13:42:06,860 INFO  EvoClassLoader - Defined package (3): package org.apache.hadoop.hdfs.security.token.delegation, -1678507175
2024-11-12 13:42:06,861 INFO  EvoClassLoader - Seeing class for first time: org.apache.hadoop.security.token.delegation.AbstractDelegationTokenIdentifier
2024-11-12 13:42:06,861 INFO  EvoClassLoader - Instrumenting class 'org.apache.hadoop.security.token.delegation.AbstractDelegationTokenIdentifier'.
2024-11-12 13:42:06,861 INFO  MethodCallReplacementClassAdapter - Adding mock interface to class org/apache/hadoop/security/token/delegation/AbstractDelegationTokenIdentifier
2024-11-12 13:42:06,861 INFO  CreateClassResetClassAdapter - Creating brand-new static initializer in class org/apache/hadoop/security/token/delegation/AbstractDelegationTokenIdentifier
2024-11-12 13:42:06,861 INFO  CreateClassResetClassAdapter - Adding bytecode for initializing field VERSION
2024-11-12 13:42:06,861 INFO  EvoClassLoader - Defined package (3): package org.apache.hadoop.security.token.delegation, 367001656
2024-11-12 13:42:06,862 INFO  EvoClassLoader - Seeing class for first time: org.apache.hadoop.security.token.TokenIdentifier
2024-11-12 13:42:06,862 INFO  EvoClassLoader - Instrumenting class 'org.apache.hadoop.security.token.TokenIdentifier'.
2024-11-12 13:42:06,862 INFO  MethodCallReplacementClassAdapter - Adding mock interface to class org/apache/hadoop/security/token/TokenIdentifier
2024-11-12 13:42:06,862 INFO  CreateClassResetClassAdapter - Creating brand-new static initializer in class org/apache/hadoop/security/token/TokenIdentifier
2024-11-12 13:42:06,862 INFO  EvoClassLoader - Keeping class: org.apache.hadoop.security.token.TokenIdentifier
2024-11-12 13:42:06,862 INFO  EvoClassLoader - Keeping class: org.apache.hadoop.security.token.delegation.AbstractDelegationTokenIdentifier
2024-11-12 13:42:06,862 INFO  EvoClassLoader - Keeping class: org.apache.hadoop.hdfs.security.token.delegation.DelegationTokenIdentifier
2024-11-12 13:42:06,862 INFO  EvoClassLoader - Seeing class for first time: org.apache.hadoop.hdfs.server.datanode.metrics.DataNodeMetrics
2024-11-12 13:42:06,862 INFO  EvoClassLoader - Instrumenting class 'org.apache.hadoop.hdfs.server.datanode.metrics.DataNodeMetrics'.
2024-11-12 13:42:06,862 INFO  MethodCallReplacementClassAdapter - Adding mock interface to class org/apache/hadoop/hdfs/server/datanode/metrics/DataNodeMetrics
2024-11-12 13:42:06,863 INFO  CreateClassResetClassAdapter - Creating brand-new static initializer in class org/apache/hadoop/hdfs/server/datanode/metrics/DataNodeMetrics
2024-11-12 13:42:06,863 INFO  EvoClassLoader - Defined package (3): package org.apache.hadoop.hdfs.server.datanode.metrics, 875394682
2024-11-12 13:42:06,863 INFO  EvoClassLoader - Keeping class: org.apache.hadoop.hdfs.server.datanode.metrics.DataNodeMetrics
2024-11-12 13:42:06,863 INFO  EvoClassLoader - Seeing class for first time: org.apache.hadoop.http.HttpConfig$Policy
2024-11-12 13:42:06,863 INFO  EvoClassLoader - Instrumenting class 'org.apache.hadoop.http.HttpConfig$Policy'.
2024-11-12 13:42:06,864 INFO  MethodCallReplacementClassAdapter - Adding mock interface to class org/apache/hadoop/http/HttpConfig$Policy
2024-11-12 13:42:06,864 INFO  CreateClassResetClassAdapter - Found static initializer in class org/apache/hadoop/http/HttpConfig$Policy
2024-11-12 13:42:06,864 INFO  EvoClassLoader - Keeping class: org.apache.hadoop.http.HttpConfig$Policy
2024-11-12 13:42:06,864 INFO  EvoClassLoader - Seeing class for first time: org.apache.hadoop.thirdparty.protobuf.BlockingService
2024-11-12 13:42:06,864 INFO  EvoClassLoader - Instrumenting class 'org.apache.hadoop.thirdparty.protobuf.BlockingService'.
2024-11-12 13:42:06,864 INFO  EvoClassLoader - Keeping class: org.apache.hadoop.thirdparty.protobuf.BlockingService
2024-11-12 13:42:06,864 INFO  EvoClassLoader - Seeing class for first time: org.apache.hadoop.ipc.RPC$Server
2024-11-12 13:42:06,864 INFO  EvoClassLoader - Instrumenting class 'org.apache.hadoop.ipc.RPC$Server'.
2024-11-12 13:42:06,864 INFO  MethodCallReplacementClassAdapter - Adding mock interface to class org/apache/hadoop/ipc/RPC$Server
2024-11-12 13:42:06,865 INFO  CreateClassResetClassAdapter - Found static initializer in class org/apache/hadoop/ipc/RPC$Server
2024-11-12 13:42:06,865 INFO  EvoClassLoader - Defined package (3): package org.apache.hadoop.ipc, -1243660567
2024-11-12 13:42:06,865 INFO  EvoClassLoader - Seeing class for first time: org.apache.hadoop.ipc.Server
2024-11-12 13:42:06,865 INFO  EvoClassLoader - Instrumenting class 'org.apache.hadoop.ipc.Server'.
2024-11-12 13:42:06,866 INFO  MethodCallReplacementClassAdapter - Adding mock interface to class org/apache/hadoop/ipc/Server
2024-11-12 13:42:06,869 INFO  CreateClassResetClassAdapter - Found static initializer in class org/apache/hadoop/ipc/Server
2024-11-12 13:42:06,870 INFO  EvoClassLoader - Keeping class: org.apache.hadoop.ipc.Server
2024-11-12 13:42:06,870 INFO  EvoClassLoader - Keeping class: org.apache.hadoop.ipc.RPC$Server
2024-11-12 13:42:06,870 INFO  EvoClassLoader - Seeing class for first time: com.google.protobuf.BlockingService
2024-11-12 13:42:06,870 INFO  EvoClassLoader - Instrumenting class 'com.google.protobuf.BlockingService'.
2024-11-12 13:42:06,871 INFO  EvoClassLoader - Defined package (3): package com.google.protobuf, -650818253
2024-11-12 13:42:06,871 INFO  EvoClassLoader - Keeping class: com.google.protobuf.BlockingService
2024-11-12 13:42:06,871 INFO  EvoClassLoader - Seeing class for first time: org.apache.hadoop.hdfs.server.namenode.FsImageProto$INodeSection$QuotaByStorageTypeFeatureProto$Builder
2024-11-12 13:42:06,871 INFO  EvoClassLoader - Instrumenting class 'org.apache.hadoop.hdfs.server.namenode.FsImageProto$INodeSection$QuotaByStorageTypeFeatureProto$Builder'.
2024-11-12 13:42:06,871 INFO  MethodCallReplacementClassAdapter - Adding mock interface to class org/apache/hadoop/hdfs/server/namenode/FsImageProto$INodeSection$QuotaByStorageTypeFeatureProto$Builder
2024-11-12 13:42:06,872 INFO  CreateClassResetClassAdapter - Creating brand-new static initializer in class org/apache/hadoop/hdfs/server/namenode/FsImageProto$INodeSection$QuotaByStorageTypeFeatureProto$Builder
2024-11-12 13:42:06,872 INFO  EvoClassLoader - Keeping class: org.apache.hadoop.hdfs.server.namenode.FsImageProto$INodeSection$QuotaByStorageTypeFeatureProto$Builder
2024-11-12 13:42:06,872 INFO  EvoClassLoader - Seeing class for first time: org.apache.hadoop.hdfs.server.namenode.FsImageProto$CacheManagerSection$Builder
2024-11-12 13:42:06,872 INFO  EvoClassLoader - Instrumenting class 'org.apache.hadoop.hdfs.server.namenode.FsImageProto$CacheManagerSection$Builder'.
2024-11-12 13:42:06,873 INFO  MethodCallReplacementClassAdapter - Adding mock interface to class org/apache/hadoop/hdfs/server/namenode/FsImageProto$CacheManagerSection$Builder
2024-11-12 13:42:06,873 INFO  CreateClassResetClassAdapter - Creating brand-new static initializer in class org/apache/hadoop/hdfs/server/namenode/FsImageProto$CacheManagerSection$Builder
2024-11-12 13:42:06,873 INFO  EvoClassLoader - Keeping class: org.apache.hadoop.hdfs.server.namenode.FsImageProto$CacheManagerSection$Builder
2024-11-12 13:42:06,874 INFO  EvoClassLoader - Seeing class for first time: org.apache.hadoop.hdfs.server.namenode.LeaseManager
2024-11-12 13:42:06,874 INFO  EvoClassLoader - Instrumenting class 'org.apache.hadoop.hdfs.server.namenode.LeaseManager'.
2024-11-12 13:42:06,874 INFO  MethodCallReplacementClassAdapter - Adding mock interface to class org/apache/hadoop/hdfs/server/namenode/LeaseManager
2024-11-12 13:42:06,875 INFO  CreateClassResetClassAdapter - Found static initializer in class org/apache/hadoop/hdfs/server/namenode/LeaseManager
2024-11-12 13:42:06,876 INFO  EvoClassLoader - Keeping class: org.apache.hadoop.hdfs.server.namenode.LeaseManager
2024-11-12 13:42:06,876 INFO  EvoClassLoader - Seeing class for first time: org.apache.hadoop.hdfs.server.namenode.snapshot.Snapshot
2024-11-12 13:42:06,876 INFO  EvoClassLoader - Instrumenting class 'org.apache.hadoop.hdfs.server.namenode.snapshot.Snapshot'.
2024-11-12 13:42:06,876 INFO  MethodCallReplacementClassAdapter - Adding mock interface to class org/apache/hadoop/hdfs/server/namenode/snapshot/Snapshot
2024-11-12 13:42:06,877 INFO  CreateClassResetClassAdapter - Found static initializer in class org/apache/hadoop/hdfs/server/namenode/snapshot/Snapshot
2024-11-12 13:42:06,878 INFO  EvoClassLoader - Keeping class: org.apache.hadoop.hdfs.server.namenode.snapshot.Snapshot
2024-11-12 13:42:06,878 INFO  EvoClassLoader - Seeing class for first time: org.apache.hadoop.hdfs.protocol.SnapshotException
2024-11-12 13:42:06,878 INFO  EvoClassLoader - Instrumenting class 'org.apache.hadoop.hdfs.protocol.SnapshotException'.
2024-11-12 13:42:06,878 INFO  MethodCallReplacementClassAdapter - Adding mock interface to class org/apache/hadoop/hdfs/protocol/SnapshotException
2024-11-12 13:42:06,878 INFO  CreateClassResetClassAdapter - Creating brand-new static initializer in class org/apache/hadoop/hdfs/protocol/SnapshotException
2024-11-12 13:42:06,878 INFO  EvoClassLoader - Keeping class: org.apache.hadoop.hdfs.protocol.SnapshotException
2024-11-12 13:42:06,878 INFO  EvoClassLoader - Seeing class for first time: org.apache.hadoop.hdfs.util.ReadOnlyList
2024-11-12 13:42:06,878 INFO  EvoClassLoader - Instrumenting class 'org.apache.hadoop.hdfs.util.ReadOnlyList'.
2024-11-12 13:42:06,878 INFO  EvoClassLoader - Keeping class: org.apache.hadoop.hdfs.util.ReadOnlyList
2024-11-12 13:42:06,878 INFO  EvoClassLoader - Seeing class for first time: org.apache.hadoop.hdfs.server.namenode.snapshot.DirectoryWithSnapshotFeature$DirectoryDiffList
2024-11-12 13:42:06,878 INFO  EvoClassLoader - Instrumenting class 'org.apache.hadoop.hdfs.server.namenode.snapshot.DirectoryWithSnapshotFeature$DirectoryDiffList'.
2024-11-12 13:42:06,878 INFO  MethodCallReplacementClassAdapter - Adding mock interface to class org/apache/hadoop/hdfs/server/namenode/snapshot/DirectoryWithSnapshotFeature$DirectoryDiffList
2024-11-12 13:42:06,879 INFO  CreateClassResetClassAdapter - Creating brand-new static initializer in class org/apache/hadoop/hdfs/server/namenode/snapshot/DirectoryWithSnapshotFeature$DirectoryDiffList
2024-11-12 13:42:06,879 INFO  EvoClassLoader - Keeping class: org.apache.hadoop.hdfs.server.namenode.snapshot.DirectoryWithSnapshotFeature$DirectoryDiffList
2024-11-12 13:42:06,879 INFO  EvoClassLoader - Seeing class for first time: org.apache.hadoop.hdfs.server.namenode.DirectoryWithQuotaFeature
2024-11-12 13:42:06,879 INFO  EvoClassLoader - Instrumenting class 'org.apache.hadoop.hdfs.server.namenode.DirectoryWithQuotaFeature'.
2024-11-12 13:42:06,879 INFO  MethodCallReplacementClassAdapter - Adding mock interface to class org/apache/hadoop/hdfs/server/namenode/DirectoryWithQuotaFeature
2024-11-12 13:42:06,879 INFO  CreateClassResetClassAdapter - Creating brand-new static initializer in class org/apache/hadoop/hdfs/server/namenode/DirectoryWithQuotaFeature
2024-11-12 13:42:06,879 INFO  CreateClassResetClassAdapter - Adding bytecode for initializing field DEFAULT_NAMESPACE_QUOTA
2024-11-12 13:42:06,879 INFO  CreateClassResetClassAdapter - Adding bytecode for initializing field DEFAULT_STORAGE_SPACE_QUOTA
2024-11-12 13:42:06,880 INFO  EvoClassLoader - Keeping class: org.apache.hadoop.hdfs.server.namenode.DirectoryWithQuotaFeature
2024-11-12 13:42:06,880 INFO  EvoClassLoader - Seeing class for first time: org.apache.hadoop.hdfs.server.namenode.snapshot.DirectoryWithSnapshotFeature
2024-11-12 13:42:06,880 INFO  EvoClassLoader - Instrumenting class 'org.apache.hadoop.hdfs.server.namenode.snapshot.DirectoryWithSnapshotFeature'.
2024-11-12 13:42:06,880 INFO  MethodCallReplacementClassAdapter - Adding mock interface to class org/apache/hadoop/hdfs/server/namenode/snapshot/DirectoryWithSnapshotFeature
2024-11-12 13:42:06,880 INFO  CreateClassResetClassAdapter - Creating brand-new static initializer in class org/apache/hadoop/hdfs/server/namenode/snapshot/DirectoryWithSnapshotFeature
2024-11-12 13:42:06,881 INFO  EvoClassLoader - Keeping class: org.apache.hadoop.hdfs.server.namenode.snapshot.DirectoryWithSnapshotFeature
2024-11-12 13:42:06,881 INFO  EvoClassLoader - Seeing class for first time: org.apache.hadoop.hdfs.server.namenode.snapshot.DirectorySnapshottableFeature
2024-11-12 13:42:06,881 INFO  EvoClassLoader - Instrumenting class 'org.apache.hadoop.hdfs.server.namenode.snapshot.DirectorySnapshottableFeature'.
2024-11-12 13:42:06,881 INFO  MethodCallReplacementClassAdapter - Adding mock interface to class org/apache/hadoop/hdfs/server/namenode/snapshot/DirectorySnapshottableFeature
2024-11-12 13:42:06,884 INFO  CreateClassResetClassAdapter - Creating brand-new static initializer in class org/apache/hadoop/hdfs/server/namenode/snapshot/DirectorySnapshottableFeature
2024-11-12 13:42:06,884 INFO  CreateClassResetClassAdapter - Adding bytecode for initializing field SNAPSHOT_QUOTA_DEFAULT
2024-11-12 13:42:06,885 INFO  EvoClassLoader - Keeping class: org.apache.hadoop.hdfs.server.namenode.snapshot.DirectorySnapshottableFeature
2024-11-12 13:42:06,885 INFO  EvoClassLoader - Seeing class for first time: org.apache.hadoop.thirdparty.protobuf.DescriptorProtos$GeneratedCodeInfo$AnnotationOrBuilder
2024-11-12 13:42:06,885 INFO  EvoClassLoader - Instrumenting class 'org.apache.hadoop.thirdparty.protobuf.DescriptorProtos$GeneratedCodeInfo$AnnotationOrBuilder'.
2024-11-12 13:42:06,885 INFO  EvoClassLoader - Keeping class: org.apache.hadoop.thirdparty.protobuf.DescriptorProtos$GeneratedCodeInfo$AnnotationOrBuilder
2024-11-12 13:42:06,885 INFO  EvoClassLoader - Seeing class for first time: org.apache.hadoop.thirdparty.protobuf.DescriptorProtos$GeneratedCodeInfo$Annotation
2024-11-12 13:42:06,885 INFO  EvoClassLoader - Instrumenting class 'org.apache.hadoop.thirdparty.protobuf.DescriptorProtos$GeneratedCodeInfo$Annotation'.
2024-11-12 13:42:06,886 INFO  MethodCallReplacementClassAdapter - Adding mock interface to class org/apache/hadoop/thirdparty/protobuf/DescriptorProtos$GeneratedCodeInfo$Annotation
2024-11-12 13:42:06,886 INFO  CreateClassResetClassAdapter - Found static initializer in class org/apache/hadoop/thirdparty/protobuf/DescriptorProtos$GeneratedCodeInfo$Annotation
2024-11-12 13:42:06,887 INFO  EvoClassLoader - Keeping class: org.apache.hadoop.thirdparty.protobuf.DescriptorProtos$GeneratedCodeInfo$Annotation
2024-11-12 13:42:06,887 INFO  EvoClassLoader - Seeing class for first time: org.apache.hadoop.hdfs.server.namenode.FsImageProto$INodeSection$INodeSymlink$Builder
2024-11-12 13:42:06,887 INFO  EvoClassLoader - Instrumenting class 'org.apache.hadoop.hdfs.server.namenode.FsImageProto$INodeSection$INodeSymlink$Builder'.
2024-11-12 13:42:06,887 INFO  MethodCallReplacementClassAdapter - Adding mock interface to class org/apache/hadoop/hdfs/server/namenode/FsImageProto$INodeSection$INodeSymlink$Builder
2024-11-12 13:42:06,888 INFO  CreateClassResetClassAdapter - Creating brand-new static initializer in class org/apache/hadoop/hdfs/server/namenode/FsImageProto$INodeSection$INodeSymlink$Builder
2024-11-12 13:42:06,888 INFO  EvoClassLoader - Keeping class: org.apache.hadoop.hdfs.server.namenode.FsImageProto$INodeSection$INodeSymlink$Builder
2024-11-12 13:42:06,889 INFO  EvoClassLoader - Seeing class for first time: org.apache.hadoop.thirdparty.protobuf.DescriptorProtos$GeneratedCodeInfo$Builder
2024-11-12 13:42:06,889 INFO  EvoClassLoader - Instrumenting class 'org.apache.hadoop.thirdparty.protobuf.DescriptorProtos$GeneratedCodeInfo$Builder'.
2024-11-12 13:42:06,889 INFO  MethodCallReplacementClassAdapter - Adding mock interface to class org/apache/hadoop/thirdparty/protobuf/DescriptorProtos$GeneratedCodeInfo$Builder
2024-11-12 13:42:06,890 INFO  CreateClassResetClassAdapter - Creating brand-new static initializer in class org/apache/hadoop/thirdparty/protobuf/DescriptorProtos$GeneratedCodeInfo$Builder
2024-11-12 13:42:06,890 INFO  EvoClassLoader - Keeping class: org.apache.hadoop.thirdparty.protobuf.DescriptorProtos$GeneratedCodeInfo$Builder
2024-11-12 13:42:06,890 INFO  EvoClassLoader - Seeing class for first time: org.apache.hadoop.thirdparty.protobuf.DescriptorProtos$EnumDescriptorProto$Builder
2024-11-12 13:42:06,890 INFO  EvoClassLoader - Instrumenting class 'org.apache.hadoop.thirdparty.protobuf.DescriptorProtos$EnumDescriptorProto$Builder'.
2024-11-12 13:42:06,891 INFO  MethodCallReplacementClassAdapter - Adding mock interface to class org/apache/hadoop/thirdparty/protobuf/DescriptorProtos$EnumDescriptorProto$Builder
2024-11-12 13:42:06,892 INFO  CreateClassResetClassAdapter - Creating brand-new static initializer in class org/apache/hadoop/thirdparty/protobuf/DescriptorProtos$EnumDescriptorProto$Builder
2024-11-12 13:42:06,893 INFO  EvoClassLoader - Keeping class: org.apache.hadoop.thirdparty.protobuf.DescriptorProtos$EnumDescriptorProto$Builder
2024-11-12 13:42:06,893 INFO  EvoClassLoader - Seeing class for first time: org.apache.hadoop.security.Credentials
2024-11-12 13:42:06,893 INFO  EvoClassLoader - Instrumenting class 'org.apache.hadoop.security.Credentials'.
2024-11-12 13:42:06,893 INFO  MethodCallReplacementClassAdapter - Adding mock interface to class org/apache/hadoop/security/Credentials
2024-11-12 13:42:06,895 INFO  CreateClassResetClassAdapter - Found static initializer in class org/apache/hadoop/security/Credentials
2024-11-12 13:42:06,895 INFO  EvoClassLoader - Keeping class: org.apache.hadoop.security.Credentials
2024-11-12 13:42:06,895 INFO  EvoClassLoader - Seeing class for first time: org.apache.hadoop.fs.XAttr
2024-11-12 13:42:06,895 INFO  EvoClassLoader - Instrumenting class 'org.apache.hadoop.fs.XAttr'.
2024-11-12 13:42:06,896 INFO  MethodCallReplacementClassAdapter - Adding mock interface to class org/apache/hadoop/fs/XAttr
2024-11-12 13:42:06,896 INFO  CreateClassResetClassAdapter - Creating brand-new static initializer in class org/apache/hadoop/fs/XAttr
2024-11-12 13:42:06,896 INFO  EvoClassLoader - Keeping class: org.apache.hadoop.fs.XAttr
2024-11-12 13:42:06,896 INFO  EvoClassLoader - Seeing class for first time: org.apache.hadoop.thirdparty.protobuf.GeneratedMessageV3$ExtendableMessage$ExtensionWriter
2024-11-12 13:42:06,896 INFO  EvoClassLoader - Instrumenting class 'org.apache.hadoop.thirdparty.protobuf.GeneratedMessageV3$ExtendableMessage$ExtensionWriter'.
2024-11-12 13:42:06,896 INFO  MethodCallReplacementClassAdapter - Adding mock interface to class org/apache/hadoop/thirdparty/protobuf/GeneratedMessageV3$ExtendableMessage$ExtensionWriter
2024-11-12 13:42:06,897 INFO  CreateClassResetClassAdapter - Creating brand-new static initializer in class org/apache/hadoop/thirdparty/protobuf/GeneratedMessageV3$ExtendableMessage$ExtensionWriter
2024-11-12 13:42:06,897 INFO  EvoClassLoader - Keeping class: org.apache.hadoop.thirdparty.protobuf.GeneratedMessageV3$ExtendableMessage$ExtensionWriter
2024-11-12 13:42:06,897 INFO  EvoClassLoader - Seeing class for first time: org.apache.hadoop.hdfs.protocol.datatransfer.sasl.SaslDataTransferClient
2024-11-12 13:42:06,897 INFO  EvoClassLoader - Instrumenting class 'org.apache.hadoop.hdfs.protocol.datatransfer.sasl.SaslDataTransferClient'.
2024-11-12 13:42:06,898 INFO  MethodCallReplacementClassAdapter - Adding mock interface to class org/apache/hadoop/hdfs/protocol/datatransfer/sasl/SaslDataTransferClient
2024-11-12 13:42:06,899 INFO  CreateClassResetClassAdapter - Found static initializer in class org/apache/hadoop/hdfs/protocol/datatransfer/sasl/SaslDataTransferClient
2024-11-12 13:42:06,899 INFO  EvoClassLoader - Defined package (3): package org.apache.hadoop.hdfs.protocol.datatransfer.sasl, 575598492
2024-11-12 13:42:06,900 INFO  EvoClassLoader - Keeping class: org.apache.hadoop.hdfs.protocol.datatransfer.sasl.SaslDataTransferClient
2024-11-12 13:42:06,900 INFO  EvoClassLoader - Seeing class for first time: org.apache.hadoop.hdfs.protocol.datatransfer.sasl.DataEncryptionKeyFactory
2024-11-12 13:42:06,900 INFO  EvoClassLoader - Instrumenting class 'org.apache.hadoop.hdfs.protocol.datatransfer.sasl.DataEncryptionKeyFactory'.
2024-11-12 13:42:06,900 INFO  EvoClassLoader - Keeping class: org.apache.hadoop.hdfs.protocol.datatransfer.sasl.DataEncryptionKeyFactory
2024-11-12 13:42:06,900 INFO  EvoClassLoader - Seeing class for first time: org.apache.hadoop.hdfs.protocol.datatransfer.IOStreamPair
2024-11-12 13:42:06,900 INFO  EvoClassLoader - Instrumenting class 'org.apache.hadoop.hdfs.protocol.datatransfer.IOStreamPair'.
2024-11-12 13:42:06,900 INFO  MethodCallReplacementClassAdapter - Adding mock interface to class org/apache/hadoop/hdfs/protocol/datatransfer/IOStreamPair
2024-11-12 13:42:06,900 INFO  CreateClassResetClassAdapter - Creating brand-new static initializer in class org/apache/hadoop/hdfs/protocol/datatransfer/IOStreamPair
2024-11-12 13:42:06,900 INFO  EvoClassLoader - Defined package (3): package org.apache.hadoop.hdfs.protocol.datatransfer, -312567207
2024-11-12 13:42:06,900 INFO  EvoClassLoader - Keeping class: org.apache.hadoop.hdfs.protocol.datatransfer.IOStreamPair
2024-11-12 13:42:06,900 INFO  EvoClassLoader - Seeing class for first time: org.apache.hadoop.hdfs.protocol.LocatedBlock
2024-11-12 13:42:06,900 INFO  EvoClassLoader - Instrumenting class 'org.apache.hadoop.hdfs.protocol.LocatedBlock'.
2024-11-12 13:42:06,901 INFO  MethodCallReplacementClassAdapter - Adding mock interface to class org/apache/hadoop/hdfs/protocol/LocatedBlock
2024-11-12 13:42:06,902 INFO  CreateClassResetClassAdapter - Found static initializer in class org/apache/hadoop/hdfs/protocol/LocatedBlock
2024-11-12 13:42:06,902 INFO  EvoClassLoader - Keeping class: org.apache.hadoop.hdfs.protocol.LocatedBlock
2024-11-12 13:42:06,902 INFO  EvoClassLoader - Seeing class for first time: org.apache.hadoop.hdfs.protocol.EncryptionZone
2024-11-12 13:42:06,902 INFO  EvoClassLoader - Instrumenting class 'org.apache.hadoop.hdfs.protocol.EncryptionZone'.
2024-11-12 13:42:06,902 INFO  MethodCallReplacementClassAdapter - Adding mock interface to class org/apache/hadoop/hdfs/protocol/EncryptionZone
2024-11-12 13:42:06,902 INFO  CreateClassResetClassAdapter - Creating brand-new static initializer in class org/apache/hadoop/hdfs/protocol/EncryptionZone
2024-11-12 13:42:06,902 INFO  EvoClassLoader - Keeping class: org.apache.hadoop.hdfs.protocol.EncryptionZone
2024-11-12 13:42:06,902 INFO  EvoClassLoader - Seeing class for first time: org.apache.hadoop.thirdparty.protobuf.Extension$MessageType
2024-11-12 13:42:06,902 INFO  EvoClassLoader - Instrumenting class 'org.apache.hadoop.thirdparty.protobuf.Extension$MessageType'.
2024-11-12 13:42:06,903 INFO  MethodCallReplacementClassAdapter - Adding mock interface to class org/apache/hadoop/thirdparty/protobuf/Extension$MessageType
2024-11-12 13:42:06,903 INFO  CreateClassResetClassAdapter - Found static initializer in class org/apache/hadoop/thirdparty/protobuf/Extension$MessageType
2024-11-12 13:42:06,903 INFO  EvoClassLoader - Keeping class: org.apache.hadoop.thirdparty.protobuf.Extension$MessageType
2024-11-12 13:42:06,903 INFO  EvoClassLoader - Seeing class for first time: org.apache.hadoop.hdfs.server.namenode.FsImageProto$StringTableSection$Entry$Builder
2024-11-12 13:42:06,903 INFO  EvoClassLoader - Instrumenting class 'org.apache.hadoop.hdfs.server.namenode.FsImageProto$StringTableSection$Entry$Builder'.
2024-11-12 13:42:06,903 INFO  MethodCallReplacementClassAdapter - Adding mock interface to class org/apache/hadoop/hdfs/server/namenode/FsImageProto$StringTableSection$Entry$Builder
2024-11-12 13:42:06,904 INFO  CreateClassResetClassAdapter - Creating brand-new static initializer in class org/apache/hadoop/hdfs/server/namenode/FsImageProto$StringTableSection$Entry$Builder
2024-11-12 13:42:06,904 INFO  EvoClassLoader - Keeping class: org.apache.hadoop.hdfs.server.namenode.FsImageProto$StringTableSection$Entry$Builder
2024-11-12 13:42:06,905 INFO  EvoClassLoader - Seeing class for first time: com.ctc.wstx.dtd.DTDId
2024-11-12 13:42:06,905 INFO  EvoClassLoader - Instrumenting class 'com.ctc.wstx.dtd.DTDId'.
2024-11-12 13:42:06,905 INFO  MethodCallReplacementClassAdapter - Adding mock interface to class com/ctc/wstx/dtd/DTDId
2024-11-12 13:42:06,905 INFO  CreateClassResetClassAdapter - Creating brand-new static initializer in class com/ctc/wstx/dtd/DTDId
2024-11-12 13:42:06,905 INFO  EvoClassLoader - Keeping class: com.ctc.wstx.dtd.DTDId
2024-11-12 13:42:06,905 INFO  EvoClassLoader - Seeing class for first time: com.ctc.wstx.dtd.DTDSubset
2024-11-12 13:42:06,905 INFO  EvoClassLoader - Instrumenting class 'com.ctc.wstx.dtd.DTDSubset'.
2024-11-12 13:42:06,906 INFO  MethodCallReplacementClassAdapter - Adding mock interface to class com/ctc/wstx/dtd/DTDSubset
2024-11-12 13:42:06,906 INFO  CreateClassResetClassAdapter - Creating brand-new static initializer in class com/ctc/wstx/dtd/DTDSubset
2024-11-12 13:42:06,906 INFO  EvoClassLoader - Keeping class: com.ctc.wstx.dtd.DTDSubset
2024-11-12 13:42:06,906 INFO  EvoClassLoader - Seeing class for first time: org.apache.hadoop.hdfs.protocol.DatanodeInfo$AdminStates
2024-11-12 13:42:06,906 INFO  EvoClassLoader - Instrumenting class 'org.apache.hadoop.hdfs.protocol.DatanodeInfo$AdminStates'.
2024-11-12 13:42:06,906 INFO  MethodCallReplacementClassAdapter - Adding mock interface to class org/apache/hadoop/hdfs/protocol/DatanodeInfo$AdminStates
2024-11-12 13:42:06,906 INFO  CreateClassResetClassAdapter - Found static initializer in class org/apache/hadoop/hdfs/protocol/DatanodeInfo$AdminStates
2024-11-12 13:42:06,906 INFO  EvoClassLoader - Keeping class: org.apache.hadoop.hdfs.protocol.DatanodeInfo$AdminStates
2024-11-12 13:42:06,906 INFO  EvoClassLoader - Seeing class for first time: org.apache.hadoop.thirdparty.protobuf.DescriptorProtos$MethodOptions$Builder
2024-11-12 13:42:06,906 INFO  EvoClassLoader - Instrumenting class 'org.apache.hadoop.thirdparty.protobuf.DescriptorProtos$MethodOptions$Builder'.
2024-11-12 13:42:06,907 INFO  MethodCallReplacementClassAdapter - Adding mock interface to class org/apache/hadoop/thirdparty/protobuf/DescriptorProtos$MethodOptions$Builder
2024-11-12 13:42:06,907 INFO  CreateClassResetClassAdapter - Creating brand-new static initializer in class org/apache/hadoop/thirdparty/protobuf/DescriptorProtos$MethodOptions$Builder
2024-11-12 13:42:06,908 INFO  EvoClassLoader - Keeping class: org.apache.hadoop.thirdparty.protobuf.DescriptorProtos$MethodOptions$Builder
2024-11-12 13:42:06,908 INFO  EvoClassLoader - Seeing class for first time: org.apache.hadoop.hdfs.server.namenode.FsImageProto$SnapshotDiffSection$Builder
2024-11-12 13:42:06,908 INFO  EvoClassLoader - Instrumenting class 'org.apache.hadoop.hdfs.server.namenode.FsImageProto$SnapshotDiffSection$Builder'.
2024-11-12 13:42:06,908 INFO  MethodCallReplacementClassAdapter - Adding mock interface to class org/apache/hadoop/hdfs/server/namenode/FsImageProto$SnapshotDiffSection$Builder
2024-11-12 13:42:06,908 INFO  CreateClassResetClassAdapter - Creating brand-new static initializer in class org/apache/hadoop/hdfs/server/namenode/FsImageProto$SnapshotDiffSection$Builder
2024-11-12 13:42:06,909 INFO  EvoClassLoader - Keeping class: org.apache.hadoop.hdfs.server.namenode.FsImageProto$SnapshotDiffSection$Builder
2024-11-12 13:42:06,909 INFO  EvoClassLoader - Seeing class for first time: org.apache.hadoop.thirdparty.protobuf.ByteString$CodedBuilder
2024-11-12 13:42:06,909 INFO  EvoClassLoader - Instrumenting class 'org.apache.hadoop.thirdparty.protobuf.ByteString$CodedBuilder'.
2024-11-12 13:42:06,909 INFO  MethodCallReplacementClassAdapter - Adding mock interface to class org/apache/hadoop/thirdparty/protobuf/ByteString$CodedBuilder
2024-11-12 13:42:06,909 INFO  CreateClassResetClassAdapter - Creating brand-new static initializer in class org/apache/hadoop/thirdparty/protobuf/ByteString$CodedBuilder
2024-11-12 13:42:06,909 INFO  EvoClassLoader - Keeping class: org.apache.hadoop.thirdparty.protobuf.ByteString$CodedBuilder
2024-11-12 13:42:06,909 INFO  EvoClassLoader - Seeing class for first time: org.apache.hadoop.thirdparty.protobuf.DescriptorProtos$MethodDescriptorProto$Builder
2024-11-12 13:42:06,909 INFO  EvoClassLoader - Instrumenting class 'org.apache.hadoop.thirdparty.protobuf.DescriptorProtos$MethodDescriptorProto$Builder'.
2024-11-12 13:42:06,909 INFO  MethodCallReplacementClassAdapter - Adding mock interface to class org/apache/hadoop/thirdparty/protobuf/DescriptorProtos$MethodDescriptorProto$Builder
2024-11-12 13:42:06,910 INFO  CreateClassResetClassAdapter - Creating brand-new static initializer in class org/apache/hadoop/thirdparty/protobuf/DescriptorProtos$MethodDescriptorProto$Builder
2024-11-12 13:42:06,911 INFO  EvoClassLoader - Keeping class: org.apache.hadoop.thirdparty.protobuf.DescriptorProtos$MethodDescriptorProto$Builder
2024-11-12 13:42:06,911 INFO  EvoClassLoader - Seeing class for first time: org.apache.hadoop.thirdparty.protobuf.DescriptorProtos$SourceCodeInfo$Builder
2024-11-12 13:42:06,911 INFO  EvoClassLoader - Instrumenting class 'org.apache.hadoop.thirdparty.protobuf.DescriptorProtos$SourceCodeInfo$Builder'.
2024-11-12 13:42:06,911 INFO  MethodCallReplacementClassAdapter - Adding mock interface to class org/apache/hadoop/thirdparty/protobuf/DescriptorProtos$SourceCodeInfo$Builder
2024-11-12 13:42:06,912 INFO  CreateClassResetClassAdapter - Creating brand-new static initializer in class org/apache/hadoop/thirdparty/protobuf/DescriptorProtos$SourceCodeInfo$Builder
2024-11-12 13:42:06,912 INFO  EvoClassLoader - Keeping class: org.apache.hadoop.thirdparty.protobuf.DescriptorProtos$SourceCodeInfo$Builder
2024-11-12 13:42:06,912 INFO  EvoClassLoader - Seeing class for first time: org.codehaus.stax2.validation.ValidationProblemHandler
2024-11-12 13:42:06,912 INFO  EvoClassLoader - Instrumenting class 'org.codehaus.stax2.validation.ValidationProblemHandler'.
2024-11-12 13:42:06,912 INFO  EvoClassLoader - Keeping class: org.codehaus.stax2.validation.ValidationProblemHandler
2024-11-12 13:42:06,929 INFO  EvoClassLoader - Seeing class for first time: org.apache.hadoop.hdfs.tools.offlineImageViewer.FSImageLoader$2
2024-11-12 13:42:06,929 INFO  EvoClassLoader - Instrumenting class 'org.apache.hadoop.hdfs.tools.offlineImageViewer.FSImageLoader$2'.
2024-11-12 13:42:06,929 INFO  MethodCallReplacementClassAdapter - Adding mock interface to class org/apache/hadoop/hdfs/tools/offlineImageViewer/FSImageLoader$2
2024-11-12 13:42:06,929 INFO  EvoClassLoader - Keeping class: org.apache.hadoop.hdfs.tools.offlineImageViewer.FSImageLoader$2
2024-11-12 13:42:06,930 INFO  EvoClassLoader - Seeing class for first time: org.apache.hadoop.hdfs.server.namenode.FsImageProto$FileSummary$1
2024-11-12 13:42:06,930 INFO  EvoClassLoader - Instrumenting class 'org.apache.hadoop.hdfs.server.namenode.FsImageProto$FileSummary$1'.
2024-11-12 13:42:06,930 INFO  MethodCallReplacementClassAdapter - Adding mock interface to class org/apache/hadoop/hdfs/server/namenode/FsImageProto$FileSummary$1
2024-11-12 13:42:06,930 INFO  EvoClassLoader - Keeping class: org.apache.hadoop.hdfs.server.namenode.FsImageProto$FileSummary$1
2024-11-12 13:42:06,930 INFO  EvoClassLoader - Seeing class for first time: org.apache.hadoop.hdfs.server.namenode.FsImageProto$NameSystemSection
2024-11-12 13:42:06,930 INFO  EvoClassLoader - Instrumenting class 'org.apache.hadoop.hdfs.server.namenode.FsImageProto$NameSystemSection'.
2024-11-12 13:42:06,930 INFO  MethodCallReplacementClassAdapter - Adding mock interface to class org/apache/hadoop/hdfs/server/namenode/FsImageProto$NameSystemSection
2024-11-12 13:42:06,932 INFO  CreateClassResetClassAdapter - Found static initializer in class org/apache/hadoop/hdfs/server/namenode/FsImageProto$NameSystemSection
2024-11-12 13:42:06,933 INFO  EvoClassLoader - Seeing class for first time: org.apache.hadoop.hdfs.server.namenode.FsImageProto$NameSystemSectionOrBuilder
2024-11-12 13:42:06,933 INFO  EvoClassLoader - Instrumenting class 'org.apache.hadoop.hdfs.server.namenode.FsImageProto$NameSystemSectionOrBuilder'.
2024-11-12 13:42:06,933 INFO  EvoClassLoader - Keeping class: org.apache.hadoop.hdfs.server.namenode.FsImageProto$NameSystemSectionOrBuilder
2024-11-12 13:42:06,934 INFO  EvoClassLoader - Keeping class: org.apache.hadoop.hdfs.server.namenode.FsImageProto$NameSystemSection
2024-11-12 13:42:06,934 INFO  EvoClassLoader - Seeing class for first time: org.apache.hadoop.hdfs.server.namenode.FsImageProto$FileSummary$Builder
2024-11-12 13:42:06,934 INFO  EvoClassLoader - Instrumenting class 'org.apache.hadoop.hdfs.server.namenode.FsImageProto$FileSummary$Builder'.
2024-11-12 13:42:06,934 INFO  MethodCallReplacementClassAdapter - Adding mock interface to class org/apache/hadoop/hdfs/server/namenode/FsImageProto$FileSummary$Builder
2024-11-12 13:42:06,936 INFO  CreateClassResetClassAdapter - Creating brand-new static initializer in class org/apache/hadoop/hdfs/server/namenode/FsImageProto$FileSummary$Builder
2024-11-12 13:42:06,937 INFO  EvoClassLoader - Keeping class: org.apache.hadoop.hdfs.server.namenode.FsImageProto$FileSummary$Builder
2024-11-12 13:42:06,937 INFO  EvoClassLoader - Seeing class for first time: org.apache.hadoop.hdfs.server.namenode.FsImageProto$FileSummary$Section
2024-11-12 13:42:06,937 INFO  EvoClassLoader - Instrumenting class 'org.apache.hadoop.hdfs.server.namenode.FsImageProto$FileSummary$Section'.
2024-11-12 13:42:06,937 INFO  MethodCallReplacementClassAdapter - Adding mock interface to class org/apache/hadoop/hdfs/server/namenode/FsImageProto$FileSummary$Section
2024-11-12 13:42:06,938 INFO  CreateClassResetClassAdapter - Found static initializer in class org/apache/hadoop/hdfs/server/namenode/FsImageProto$FileSummary$Section
2024-11-12 13:42:06,939 INFO  EvoClassLoader - Seeing class for first time: org.apache.hadoop.hdfs.server.namenode.FsImageProto$FileSummary$SectionOrBuilder
2024-11-12 13:42:06,939 INFO  EvoClassLoader - Instrumenting class 'org.apache.hadoop.hdfs.server.namenode.FsImageProto$FileSummary$SectionOrBuilder'.
2024-11-12 13:42:06,939 INFO  EvoClassLoader - Keeping class: org.apache.hadoop.hdfs.server.namenode.FsImageProto$FileSummary$SectionOrBuilder
2024-11-12 13:42:06,939 INFO  EvoClassLoader - Keeping class: org.apache.hadoop.hdfs.server.namenode.FsImageProto$FileSummary$Section
2024-11-12 13:42:06,939 INFO  EvoClassLoader - Seeing class for first time: org.apache.hadoop.hdfs.protocol.LayoutVersion
2024-11-12 13:42:06,939 INFO  EvoClassLoader - Instrumenting class 'org.apache.hadoop.hdfs.protocol.LayoutVersion'.
2024-11-12 13:42:06,939 INFO  MethodCallReplacementClassAdapter - Adding mock interface to class org/apache/hadoop/hdfs/protocol/LayoutVersion
2024-11-12 13:42:06,940 INFO  CreateClassResetClassAdapter - Creating brand-new static initializer in class org/apache/hadoop/hdfs/protocol/LayoutVersion
2024-11-12 13:42:06,940 INFO  CreateClassResetClassAdapter - Adding bytecode for initializing field BUGFIX_HDFS_2991_VERSION
2024-11-12 13:42:06,940 INFO  EvoClassLoader - Keeping class: org.apache.hadoop.hdfs.protocol.LayoutVersion
2024-11-12 13:42:06,940 INFO  EvoClassLoader - Seeing class for first time: org.apache.hadoop.hdfs.protocol.LayoutVersion$LayoutFeatureComparator
2024-11-12 13:42:06,940 INFO  EvoClassLoader - Instrumenting class 'org.apache.hadoop.hdfs.protocol.LayoutVersion$LayoutFeatureComparator'.
2024-11-12 13:42:06,940 INFO  MethodCallReplacementClassAdapter - Adding mock interface to class org/apache/hadoop/hdfs/protocol/LayoutVersion$LayoutFeatureComparator
2024-11-12 13:42:06,940 INFO  CreateClassResetClassAdapter - Creating brand-new static initializer in class org/apache/hadoop/hdfs/protocol/LayoutVersion$LayoutFeatureComparator
2024-11-12 13:42:06,940 INFO  EvoClassLoader - Keeping class: org.apache.hadoop.hdfs.protocol.LayoutVersion$LayoutFeatureComparator
2024-11-12 13:42:06,940 INFO  EvoClassLoader - Seeing class for first time: org.apache.hadoop.hdfs.protocol.LayoutVersion$Feature
2024-11-12 13:42:06,940 INFO  EvoClassLoader - Instrumenting class 'org.apache.hadoop.hdfs.protocol.LayoutVersion$Feature'.
2024-11-12 13:42:06,940 INFO  MethodCallReplacementClassAdapter - Adding mock interface to class org/apache/hadoop/hdfs/protocol/LayoutVersion$Feature
2024-11-12 13:42:06,940 INFO  CreateClassResetClassAdapter - Found static initializer in class org/apache/hadoop/hdfs/protocol/LayoutVersion$Feature
2024-11-12 13:42:06,941 INFO  EvoClassLoader - Keeping class: org.apache.hadoop.hdfs.protocol.LayoutVersion$Feature
2024-11-12 13:42:06,941 INFO  EvoClassLoader - Seeing class for first time: org.apache.hadoop.hdfs.server.namenode.NameNodeLayoutVersion$Feature
2024-11-12 13:42:06,941 INFO  EvoClassLoader - Instrumenting class 'org.apache.hadoop.hdfs.server.namenode.NameNodeLayoutVersion$Feature'.
2024-11-12 13:42:06,941 INFO  MethodCallReplacementClassAdapter - Adding mock interface to class org/apache/hadoop/hdfs/server/namenode/NameNodeLayoutVersion$Feature
2024-11-12 13:42:06,941 INFO  CreateClassResetClassAdapter - Found static initializer in class org/apache/hadoop/hdfs/server/namenode/NameNodeLayoutVersion$Feature
2024-11-12 13:42:06,941 INFO  EvoClassLoader - Keeping class: org.apache.hadoop.hdfs.server.namenode.NameNodeLayoutVersion$Feature
2024-11-12 13:42:06,941 INFO  EvoClassLoader - Seeing class for first time: org.apache.hadoop.hdfs.server.namenode.NameNodeLayoutVersion
2024-11-12 13:42:06,941 INFO  EvoClassLoader - Instrumenting class 'org.apache.hadoop.hdfs.server.namenode.NameNodeLayoutVersion'.
2024-11-12 13:42:06,942 INFO  MethodCallReplacementClassAdapter - Adding mock interface to class org/apache/hadoop/hdfs/server/namenode/NameNodeLayoutVersion
2024-11-12 13:42:06,942 INFO  CreateClassResetClassAdapter - Found static initializer in class org/apache/hadoop/hdfs/server/namenode/NameNodeLayoutVersion
2024-11-12 13:42:06,942 INFO  EvoClassLoader - Keeping class: org.apache.hadoop.hdfs.server.namenode.NameNodeLayoutVersion
2024-11-12 13:42:06,946 INFO  EvoClassLoader - Seeing class for first time: org.apache.hadoop.hdfs.server.namenode.FSImageFormatProtobuf$SectionName
2024-11-12 13:42:06,946 INFO  EvoClassLoader - Instrumenting class 'org.apache.hadoop.hdfs.server.namenode.FSImageFormatProtobuf$SectionName'.
2024-11-12 13:42:06,946 INFO  MethodCallReplacementClassAdapter - Adding mock interface to class org/apache/hadoop/hdfs/server/namenode/FSImageFormatProtobuf$SectionName
2024-11-12 13:42:06,946 INFO  CreateClassResetClassAdapter - Found static initializer in class org/apache/hadoop/hdfs/server/namenode/FSImageFormatProtobuf$SectionName
2024-11-12 13:42:06,946 INFO  EvoClassLoader - Keeping class: org.apache.hadoop.hdfs.server.namenode.FSImageFormatProtobuf$SectionName
2024-11-12 13:42:06,946 INFO  EvoClassLoader - Seeing class for first time: org.apache.hadoop.hdfs.server.namenode.FSImageFormatProtobuf
2024-11-12 13:42:06,946 INFO  EvoClassLoader - Instrumenting class 'org.apache.hadoop.hdfs.server.namenode.FSImageFormatProtobuf'.
2024-11-12 13:42:06,947 INFO  MethodCallReplacementClassAdapter - Adding mock interface to class org/apache/hadoop/hdfs/server/namenode/FSImageFormatProtobuf
2024-11-12 13:42:06,947 INFO  CreateClassResetClassAdapter - Found static initializer in class org/apache/hadoop/hdfs/server/namenode/FSImageFormatProtobuf
2024-11-12 13:42:06,947 INFO  EvoClassLoader - Keeping class: org.apache.hadoop.hdfs.server.namenode.FSImageFormatProtobuf
2024-11-12 13:42:06,947 INFO  EvoClassLoader - Seeing class for first time: org.apache.hadoop.hdfs.server.namenode.FsImageProto$INodeSection$INode$Type$1
2024-11-12 13:42:06,947 INFO  EvoClassLoader - Instrumenting class 'org.apache.hadoop.hdfs.server.namenode.FsImageProto$INodeSection$INode$Type$1'.
2024-11-12 13:42:06,947 INFO  MethodCallReplacementClassAdapter - Adding mock interface to class org/apache/hadoop/hdfs/server/namenode/FsImageProto$INodeSection$INode$Type$1
2024-11-12 13:42:06,948 INFO  EvoClassLoader - Keeping class: org.apache.hadoop.hdfs.server.namenode.FsImageProto$INodeSection$INode$Type$1
2024-11-12 13:42:06,948 INFO  EvoClassLoader - Seeing class for first time: org.apache.hadoop.hdfs.tools.offlineImageViewer.FSImageLoader$3
2024-11-12 13:42:06,948 INFO  EvoClassLoader - Instrumenting class 'org.apache.hadoop.hdfs.tools.offlineImageViewer.FSImageLoader$3'.
2024-11-12 13:42:06,948 INFO  MethodCallReplacementClassAdapter - Adding mock interface to class org/apache/hadoop/hdfs/tools/offlineImageViewer/FSImageLoader$3
2024-11-12 13:42:06,948 INFO  EvoClassLoader - Keeping class: org.apache.hadoop.hdfs.tools.offlineImageViewer.FSImageLoader$3
2024-11-12 13:42:06,949 INFO  EvoClassLoader - Seeing class for first time: org.apache.hadoop.fs.XAttr$Builder
2024-11-12 13:42:06,949 INFO  EvoClassLoader - Instrumenting class 'org.apache.hadoop.fs.XAttr$Builder'.
2024-11-12 13:42:06,949 INFO  MethodCallReplacementClassAdapter - Adding mock interface to class org/apache/hadoop/fs/XAttr$Builder
2024-11-12 13:42:06,949 INFO  CreateClassResetClassAdapter - Creating brand-new static initializer in class org/apache/hadoop/fs/XAttr$Builder
2024-11-12 13:42:06,949 INFO  EvoClassLoader - Keeping class: org.apache.hadoop.fs.XAttr$Builder
2024-11-12 13:42:06,950 INFO  FSDirectory - GLOBAL serial map: bits=29 maxEntries=536870911
2024-11-12 13:42:06,950 INFO  FSDirectory - USER serial map: bits=24 maxEntries=16777215
2024-11-12 13:42:06,950 INFO  FSDirectory - GROUP serial map: bits=24 maxEntries=16777215
2024-11-12 13:42:06,950 INFO  FSDirectory - XATTR serial map: bits=24 maxEntries=16777215
2024-11-12 13:42:06,950 INFO  EvoClassLoader - Seeing class for first time: libcore.io.Memory
2024-11-12 13:42:06,950 INFO  EvoClassLoader - Instrumenting class 'libcore.io.Memory'.
2024-11-12 13:42:06,951 INFO  EvoClassLoader - Error while loading class: java.lang.ClassNotFoundException: Class 'libcore/io/Memory.class' should be in target project, but could not be found!
2024-11-12 13:42:06,951 INFO  EvoClassLoader - Seeing class for first time: org.robolectric.Robolectric
2024-11-12 13:42:06,951 INFO  EvoClassLoader - Instrumenting class 'org.robolectric.Robolectric'.
2024-11-12 13:42:06,951 INFO  EvoClassLoader - Error while loading class: java.lang.ClassNotFoundException: Class 'org/robolectric/Robolectric.class' should be in target project, but could not be found!
2024-11-12 13:42:06,951 INFO  EvoClassLoader - Seeing class for first time: org.apache.hadoop.thirdparty.protobuf.ByteString$AbstractByteIterator
2024-11-12 13:42:06,951 INFO  EvoClassLoader - Instrumenting class 'org.apache.hadoop.thirdparty.protobuf.ByteString$AbstractByteIterator'.
2024-11-12 13:42:06,951 INFO  MethodCallReplacementClassAdapter - Adding mock interface to class org/apache/hadoop/thirdparty/protobuf/ByteString$AbstractByteIterator
2024-11-12 13:42:06,951 INFO  CreateClassResetClassAdapter - Creating brand-new static initializer in class org/apache/hadoop/thirdparty/protobuf/ByteString$AbstractByteIterator
2024-11-12 13:42:06,951 INFO  EvoClassLoader - Keeping class: org.apache.hadoop.thirdparty.protobuf.ByteString$AbstractByteIterator
2024-11-12 13:42:06,952 INFO  EvoClassLoader - Seeing class for first time: org.apache.hadoop.hdfs.server.namenode.FsImageProto$INodeDirectorySection$DirEntry$1
2024-11-12 13:42:06,952 INFO  EvoClassLoader - Instrumenting class 'org.apache.hadoop.hdfs.server.namenode.FsImageProto$INodeDirectorySection$DirEntry$1'.
2024-11-12 13:42:06,952 INFO  MethodCallReplacementClassAdapter - Adding mock interface to class org/apache/hadoop/hdfs/server/namenode/FsImageProto$INodeDirectorySection$DirEntry$1
2024-11-12 13:42:06,952 INFO  EvoClassLoader - Keeping class: org.apache.hadoop.hdfs.server.namenode.FsImageProto$INodeDirectorySection$DirEntry$1
2024-11-12 13:42:06,952 INFO  EvoClassLoader - Seeing class for first time: org.apache.hadoop.hdfs.server.namenode.FsImageProto$INodeDirectorySection$DirEntry
2024-11-12 13:42:06,952 INFO  EvoClassLoader - Instrumenting class 'org.apache.hadoop.hdfs.server.namenode.FsImageProto$INodeDirectorySection$DirEntry'.
2024-11-12 13:42:06,952 INFO  MethodCallReplacementClassAdapter - Adding mock interface to class org/apache/hadoop/hdfs/server/namenode/FsImageProto$INodeDirectorySection$DirEntry
2024-11-12 13:42:06,953 INFO  CreateClassResetClassAdapter - Found static initializer in class org/apache/hadoop/hdfs/server/namenode/FsImageProto$INodeDirectorySection$DirEntry
2024-11-12 13:42:06,953 INFO  EvoClassLoader - Seeing class for first time: org.apache.hadoop.hdfs.server.namenode.FsImageProto$INodeDirectorySection$DirEntryOrBuilder
2024-11-12 13:42:06,953 INFO  EvoClassLoader - Instrumenting class 'org.apache.hadoop.hdfs.server.namenode.FsImageProto$INodeDirectorySection$DirEntryOrBuilder'.
2024-11-12 13:42:06,954 INFO  EvoClassLoader - Keeping class: org.apache.hadoop.hdfs.server.namenode.FsImageProto$INodeDirectorySection$DirEntryOrBuilder
2024-11-12 13:42:06,954 INFO  EvoClassLoader - Keeping class: org.apache.hadoop.hdfs.server.namenode.FsImageProto$INodeDirectorySection$DirEntry
2024-11-12 13:42:06,954 INFO  EvoClassLoader - Seeing class for first time: org.apache.hadoop.hdfs.server.namenode.FsImageProto$INodeDirectorySection$DirEntry$Builder
2024-11-12 13:42:06,954 INFO  EvoClassLoader - Instrumenting class 'org.apache.hadoop.hdfs.server.namenode.FsImageProto$INodeDirectorySection$DirEntry$Builder'.
2024-11-12 13:42:06,955 INFO  MethodCallReplacementClassAdapter - Adding mock interface to class org/apache/hadoop/hdfs/server/namenode/FsImageProto$INodeDirectorySection$DirEntry$Builder
2024-11-12 13:42:06,956 INFO  CreateClassResetClassAdapter - Creating brand-new static initializer in class org/apache/hadoop/hdfs/server/namenode/FsImageProto$INodeDirectorySection$DirEntry$Builder
2024-11-12 13:42:06,957 INFO  EvoClassLoader - Keeping class: org.apache.hadoop.hdfs.server.namenode.FsImageProto$INodeDirectorySection$DirEntry$Builder
2024-11-12 13:42:06,957 INFO  EvoClassLoader - Seeing class for first time: com.fasterxml.jackson.core.TreeCodec
2024-11-12 13:42:06,957 INFO  EvoClassLoader - Instrumenting class 'com.fasterxml.jackson.core.TreeCodec'.
2024-11-12 13:42:06,958 INFO  MethodCallReplacementClassAdapter - Adding mock interface to class com/fasterxml/jackson/core/TreeCodec
2024-11-12 13:42:06,958 INFO  CreateClassResetClassAdapter - Creating brand-new static initializer in class com/fasterxml/jackson/core/TreeCodec
2024-11-12 13:42:06,958 INFO  EvoClassLoader - Keeping class: com.fasterxml.jackson.core.TreeCodec
2024-11-12 13:42:06,958 INFO  EvoClassLoader - Seeing class for first time: com.fasterxml.jackson.core.TreeNode
2024-11-12 13:42:06,958 INFO  EvoClassLoader - Instrumenting class 'com.fasterxml.jackson.core.TreeNode'.
2024-11-12 13:42:06,958 INFO  EvoClassLoader - Keeping class: com.fasterxml.jackson.core.TreeNode
2024-11-12 13:42:06,958 INFO  EvoClassLoader - Seeing class for first time: com.fasterxml.jackson.core.JsonProcessingException
2024-11-12 13:42:06,958 INFO  EvoClassLoader - Instrumenting class 'com.fasterxml.jackson.core.JsonProcessingException'.
2024-11-12 13:42:06,959 INFO  MethodCallReplacementClassAdapter - Adding mock interface to class com/fasterxml/jackson/core/JsonProcessingException
2024-11-12 13:42:06,959 INFO  CreateClassResetClassAdapter - Creating brand-new static initializer in class com/fasterxml/jackson/core/JsonProcessingException
2024-11-12 13:42:06,959 INFO  EvoClassLoader - Seeing class for first time: com.fasterxml.jackson.core.JacksonException
2024-11-12 13:42:06,959 INFO  EvoClassLoader - Instrumenting class 'com.fasterxml.jackson.core.JacksonException'.
2024-11-12 13:42:06,960 INFO  MethodCallReplacementClassAdapter - Adding mock interface to class com/fasterxml/jackson/core/JacksonException
2024-11-12 13:42:06,960 INFO  CreateClassResetClassAdapter - Creating brand-new static initializer in class com/fasterxml/jackson/core/JacksonException
2024-11-12 13:42:06,960 INFO  EvoClassLoader - Keeping class: com.fasterxml.jackson.core.JacksonException
2024-11-12 13:42:06,960 INFO  EvoClassLoader - Keeping class: com.fasterxml.jackson.core.JsonProcessingException
2024-11-12 13:42:06,960 INFO  EvoClassLoader - Seeing class for first time: com.fasterxml.jackson.core.JsonParser
2024-11-12 13:42:06,960 INFO  EvoClassLoader - Instrumenting class 'com.fasterxml.jackson.core.JsonParser'.
2024-11-12 13:42:06,961 INFO  MethodCallReplacementClassAdapter - Adding mock interface to class com/fasterxml/jackson/core/JsonParser
2024-11-12 13:42:06,962 INFO  CreateClassResetClassAdapter - Found static initializer in class com/fasterxml/jackson/core/JsonParser
2024-11-12 13:42:06,963 INFO  EvoClassLoader - Keeping class: com.fasterxml.jackson.core.JsonParser
2024-11-12 13:42:06,963 INFO  EvoClassLoader - Seeing class for first time: com.fasterxml.jackson.core.ObjectCodec
2024-11-12 13:42:06,963 INFO  EvoClassLoader - Instrumenting class 'com.fasterxml.jackson.core.ObjectCodec'.
2024-11-12 13:42:06,963 INFO  MethodCallReplacementClassAdapter - Adding mock interface to class com/fasterxml/jackson/core/ObjectCodec
2024-11-12 13:42:06,963 INFO  CreateClassResetClassAdapter - Creating brand-new static initializer in class com/fasterxml/jackson/core/ObjectCodec
2024-11-12 13:42:06,963 INFO  EvoClassLoader - Keeping class: com.fasterxml.jackson.core.ObjectCodec
2024-11-12 13:42:06,963 INFO  EvoClassLoader - Seeing class for first time: com.fasterxml.jackson.core.type.ResolvedType
2024-11-12 13:42:06,963 INFO  EvoClassLoader - Instrumenting class 'com.fasterxml.jackson.core.type.ResolvedType'.
2024-11-12 13:42:06,963 INFO  MethodCallReplacementClassAdapter - Adding mock interface to class com/fasterxml/jackson/core/type/ResolvedType
2024-11-12 13:42:06,963 INFO  CreateClassResetClassAdapter - Creating brand-new static initializer in class com/fasterxml/jackson/core/type/ResolvedType
2024-11-12 13:42:06,963 INFO  EvoClassLoader - Defined package (3): package com.fasterxml.jackson.core.type, 596633057
2024-11-12 13:42:06,964 INFO  EvoClassLoader - Keeping class: com.fasterxml.jackson.core.type.ResolvedType
2024-11-12 13:42:06,964 INFO  EvoClassLoader - Seeing class for first time: com.fasterxml.jackson.core.type.TypeReference
2024-11-12 13:42:06,964 INFO  EvoClassLoader - Instrumenting class 'com.fasterxml.jackson.core.type.TypeReference'.
2024-11-12 13:42:06,964 INFO  MethodCallReplacementClassAdapter - Adding mock interface to class com/fasterxml/jackson/core/type/TypeReference
2024-11-12 13:42:06,964 INFO  CreateClassResetClassAdapter - Creating brand-new static initializer in class com/fasterxml/jackson/core/type/TypeReference
2024-11-12 13:42:06,964 INFO  EvoClassLoader - Keeping class: com.fasterxml.jackson.core.type.TypeReference
2024-11-12 13:42:06,964 INFO  EvoClassLoader - Seeing class for first time: com.fasterxml.jackson.core.JsonFactory
2024-11-12 13:42:06,964 INFO  EvoClassLoader - Instrumenting class 'com.fasterxml.jackson.core.JsonFactory'.
2024-11-12 13:42:06,965 INFO  MethodCallReplacementClassAdapter - Adding mock interface to class com/fasterxml/jackson/core/JsonFactory
2024-11-12 13:42:06,969 INFO  CreateClassResetClassAdapter - Found static initializer in class com/fasterxml/jackson/core/JsonFactory
2024-11-12 13:42:06,970 INFO  EvoClassLoader - Seeing class for first time: com.fasterxml.jackson.core.TokenStreamFactory
2024-11-12 13:42:06,970 INFO  EvoClassLoader - Instrumenting class 'com.fasterxml.jackson.core.TokenStreamFactory'.
2024-11-12 13:42:06,970 INFO  MethodCallReplacementClassAdapter - Adding mock interface to class com/fasterxml/jackson/core/TokenStreamFactory
2024-11-12 13:42:06,970 INFO  CreateClassResetClassAdapter - Creating brand-new static initializer in class com/fasterxml/jackson/core/TokenStreamFactory
2024-11-12 13:42:06,971 INFO  EvoClassLoader - Keeping class: com.fasterxml.jackson.core.TokenStreamFactory
2024-11-12 13:42:06,971 INFO  EvoClassLoader - Keeping class: com.fasterxml.jackson.core.JsonFactory
2024-11-12 13:42:06,971 INFO  EvoClassLoader - Seeing class for first time: com.fasterxml.jackson.core.Version
2024-11-12 13:42:06,971 INFO  EvoClassLoader - Instrumenting class 'com.fasterxml.jackson.core.Version'.
2024-11-12 13:42:06,971 INFO  MethodCallReplacementClassAdapter - Adding mock interface to class com/fasterxml/jackson/core/Version
2024-11-12 13:42:06,971 INFO  CreateClassResetClassAdapter - Found static initializer in class com/fasterxml/jackson/core/Version
2024-11-12 13:42:06,971 INFO  EvoClassLoader - Keeping class: com.fasterxml.jackson.core.Version
2024-11-12 13:42:06,971 INFO  EvoClassLoader - Seeing class for first time: com.fasterxml.jackson.databind.AnnotationIntrospector
2024-11-12 13:42:06,971 INFO  EvoClassLoader - Instrumenting class 'com.fasterxml.jackson.databind.AnnotationIntrospector'.
2024-11-12 13:42:06,972 INFO  MethodCallReplacementClassAdapter - Adding mock interface to class com/fasterxml/jackson/databind/AnnotationIntrospector
2024-11-12 13:42:06,973 INFO  CreateClassResetClassAdapter - Creating brand-new static initializer in class com/fasterxml/jackson/databind/AnnotationIntrospector
2024-11-12 13:42:06,973 INFO  EvoClassLoader - Defined package (3): package com.fasterxml.jackson.databind, 1861367343
2024-11-12 13:42:06,973 INFO  EvoClassLoader - Keeping class: com.fasterxml.jackson.databind.AnnotationIntrospector
2024-11-12 13:42:06,973 INFO  EvoClassLoader - Seeing class for first time: com.fasterxml.jackson.databind.introspect.AnnotationIntrospectorPair
2024-11-12 13:42:06,973 INFO  EvoClassLoader - Instrumenting class 'com.fasterxml.jackson.databind.introspect.AnnotationIntrospectorPair'.
2024-11-12 13:42:06,974 INFO  MethodCallReplacementClassAdapter - Adding mock interface to class com/fasterxml/jackson/databind/introspect/AnnotationIntrospectorPair
2024-11-12 13:42:06,975 INFO  CreateClassResetClassAdapter - Creating brand-new static initializer in class com/fasterxml/jackson/databind/introspect/AnnotationIntrospectorPair
2024-11-12 13:42:06,975 INFO  EvoClassLoader - Defined package (3): package com.fasterxml.jackson.databind.introspect, 359547468
2024-11-12 13:42:06,975 INFO  EvoClassLoader - Keeping class: com.fasterxml.jackson.databind.introspect.AnnotationIntrospectorPair
2024-11-12 13:42:06,975 INFO  EvoClassLoader - Seeing class for first time: com.fasterxml.jackson.databind.introspect.NopAnnotationIntrospector
2024-11-12 13:42:06,975 INFO  EvoClassLoader - Instrumenting class 'com.fasterxml.jackson.databind.introspect.NopAnnotationIntrospector'.
2024-11-12 13:42:06,976 INFO  MethodCallReplacementClassAdapter - Adding mock interface to class com/fasterxml/jackson/databind/introspect/NopAnnotationIntrospector
2024-11-12 13:42:06,976 INFO  CreateClassResetClassAdapter - Found static initializer in class com/fasterxml/jackson/databind/introspect/NopAnnotationIntrospector
2024-11-12 13:42:06,976 INFO  EvoClassLoader - Keeping class: com.fasterxml.jackson.databind.introspect.NopAnnotationIntrospector
2024-11-12 13:42:06,976 INFO  EvoClassLoader - Seeing class for first time: com.fasterxml.jackson.databind.introspect.AnnotatedClass
2024-11-12 13:42:06,976 INFO  EvoClassLoader - Instrumenting class 'com.fasterxml.jackson.databind.introspect.AnnotatedClass'.
2024-11-12 13:42:06,976 INFO  MethodCallReplacementClassAdapter - Adding mock interface to class com/fasterxml/jackson/databind/introspect/AnnotatedClass
2024-11-12 13:42:06,977 INFO  CreateClassResetClassAdapter - Found static initializer in class com/fasterxml/jackson/databind/introspect/AnnotatedClass
2024-11-12 13:42:06,977 INFO  EvoClassLoader - Seeing class for first time: com.fasterxml.jackson.databind.introspect.TypeResolutionContext
2024-11-12 13:42:06,977 INFO  EvoClassLoader - Instrumenting class 'com.fasterxml.jackson.databind.introspect.TypeResolutionContext'.
2024-11-12 13:42:06,977 INFO  EvoClassLoader - Keeping class: com.fasterxml.jackson.databind.introspect.TypeResolutionContext
2024-11-12 13:42:06,977 INFO  EvoClassLoader - Seeing class for first time: com.fasterxml.jackson.databind.introspect.Annotated
2024-11-12 13:42:06,977 INFO  EvoClassLoader - Instrumenting class 'com.fasterxml.jackson.databind.introspect.Annotated'.
2024-11-12 13:42:06,977 INFO  MethodCallReplacementClassAdapter - Adding mock interface to class com/fasterxml/jackson/databind/introspect/Annotated
2024-11-12 13:42:06,977 INFO  CreateClassResetClassAdapter - Creating brand-new static initializer in class com/fasterxml/jackson/databind/introspect/Annotated
2024-11-12 13:42:06,977 INFO  EvoClassLoader - Keeping class: com.fasterxml.jackson.databind.introspect.Annotated
2024-11-12 13:42:06,977 INFO  EvoClassLoader - Keeping class: com.fasterxml.jackson.databind.introspect.AnnotatedClass
2024-11-12 13:42:06,977 INFO  EvoClassLoader - Seeing class for first time: com.fasterxml.jackson.databind.PropertyName
2024-11-12 13:42:06,977 INFO  EvoClassLoader - Instrumenting class 'com.fasterxml.jackson.databind.PropertyName'.
2024-11-12 13:42:06,978 INFO  MethodCallReplacementClassAdapter - Adding mock interface to class com/fasterxml/jackson/databind/PropertyName
2024-11-12 13:42:06,978 INFO  CreateClassResetClassAdapter - Found static initializer in class com/fasterxml/jackson/databind/PropertyName
2024-11-12 13:42:06,978 INFO  EvoClassLoader - Keeping class: com.fasterxml.jackson.databind.PropertyName
2024-11-12 13:42:06,978 INFO  EvoClassLoader - Seeing class for first time: com.fasterxml.jackson.databind.introspect.ObjectIdInfo
2024-11-12 13:42:06,978 INFO  EvoClassLoader - Instrumenting class 'com.fasterxml.jackson.databind.introspect.ObjectIdInfo'.
2024-11-12 13:42:06,978 INFO  MethodCallReplacementClassAdapter - Adding mock interface to class com/fasterxml/jackson/databind/introspect/ObjectIdInfo
2024-11-12 13:42:06,978 INFO  CreateClassResetClassAdapter - Found static initializer in class com/fasterxml/jackson/databind/introspect/ObjectIdInfo
2024-11-12 13:42:06,979 INFO  EvoClassLoader - Keeping class: com.fasterxml.jackson.databind.introspect.ObjectIdInfo
2024-11-12 13:42:06,979 INFO  EvoClassLoader - Seeing class for first time: com.fasterxml.jackson.databind.cfg.MapperConfig
2024-11-12 13:42:06,979 INFO  EvoClassLoader - Instrumenting class 'com.fasterxml.jackson.databind.cfg.MapperConfig'.
2024-11-12 13:42:06,979 INFO  MethodCallReplacementClassAdapter - Adding mock interface to class com/fasterxml/jackson/databind/cfg/MapperConfig
2024-11-12 13:42:06,980 INFO  CreateClassResetClassAdapter - Found static initializer in class com/fasterxml/jackson/databind/cfg/MapperConfig
2024-11-12 13:42:06,980 INFO  EvoClassLoader - Defined package (3): package com.fasterxml.jackson.databind.cfg, -1584140251
2024-11-12 13:42:06,980 INFO  EvoClassLoader - Seeing class for first time: com.fasterxml.jackson.databind.introspect.ClassIntrospector$MixInResolver
2024-11-12 13:42:06,980 INFO  EvoClassLoader - Instrumenting class 'com.fasterxml.jackson.databind.introspect.ClassIntrospector$MixInResolver'.
2024-11-12 13:42:06,980 INFO  EvoClassLoader - Keeping class: com.fasterxml.jackson.databind.introspect.ClassIntrospector$MixInResolver
2024-11-12 13:42:06,980 INFO  EvoClassLoader - Keeping class: com.fasterxml.jackson.databind.cfg.MapperConfig
2024-11-12 13:42:06,980 INFO  EvoClassLoader - Seeing class for first time: com.fasterxml.jackson.annotation.JsonIgnoreProperties$Value
2024-11-12 13:42:06,980 INFO  EvoClassLoader - Instrumenting class 'com.fasterxml.jackson.annotation.JsonIgnoreProperties$Value'.
2024-11-12 13:42:06,981 INFO  MethodCallReplacementClassAdapter - Adding mock interface to class com/fasterxml/jackson/annotation/JsonIgnoreProperties$Value
2024-11-12 13:42:06,981 INFO  CreateClassResetClassAdapter - Found static initializer in class com/fasterxml/jackson/annotation/JsonIgnoreProperties$Value
2024-11-12 13:42:06,981 INFO  EvoClassLoader - Defined package (3): package com.fasterxml.jackson.annotation, -1183563657
2024-11-12 13:42:06,981 INFO  EvoClassLoader - Seeing class for first time: com.fasterxml.jackson.annotation.JacksonAnnotationValue
2024-11-12 13:42:06,981 INFO  EvoClassLoader - Instrumenting class 'com.fasterxml.jackson.annotation.JacksonAnnotationValue'.
2024-11-12 13:42:06,982 INFO  EvoClassLoader - Keeping class: com.fasterxml.jackson.annotation.JacksonAnnotationValue
2024-11-12 13:42:06,982 INFO  EvoClassLoader - Keeping class: com.fasterxml.jackson.annotation.JsonIgnoreProperties$Value
2024-11-12 13:42:06,982 INFO  EvoClassLoader - Seeing class for first time: com.fasterxml.jackson.annotation.JsonIncludeProperties$Value
2024-11-12 13:42:06,982 INFO  EvoClassLoader - Instrumenting class 'com.fasterxml.jackson.annotation.JsonIncludeProperties$Value'.
2024-11-12 13:42:06,982 INFO  MethodCallReplacementClassAdapter - Adding mock interface to class com/fasterxml/jackson/annotation/JsonIncludeProperties$Value
2024-11-12 13:42:06,982 INFO  CreateClassResetClassAdapter - Found static initializer in class com/fasterxml/jackson/annotation/JsonIncludeProperties$Value
2024-11-12 13:42:06,982 INFO  EvoClassLoader - Keeping class: com.fasterxml.jackson.annotation.JsonIncludeProperties$Value
2024-11-12 13:42:06,983 INFO  EvoClassLoader - Seeing class for first time: com.fasterxml.jackson.databind.introspect.VisibilityChecker
2024-11-12 13:42:06,983 INFO  EvoClassLoader - Instrumenting class 'com.fasterxml.jackson.databind.introspect.VisibilityChecker'.
2024-11-12 13:42:06,983 INFO  EvoClassLoader - Keeping class: com.fasterxml.jackson.databind.introspect.VisibilityChecker
2024-11-12 13:42:06,983 INFO  EvoClassLoader - Seeing class for first time: com.fasterxml.jackson.databind.JavaType
2024-11-12 13:42:06,983 INFO  EvoClassLoader - Instrumenting class 'com.fasterxml.jackson.databind.JavaType'.
2024-11-12 13:42:06,983 INFO  MethodCallReplacementClassAdapter - Adding mock interface to class com/fasterxml/jackson/databind/JavaType
2024-11-12 13:42:06,984 INFO  CreateClassResetClassAdapter - Creating brand-new static initializer in class com/fasterxml/jackson/databind/JavaType
2024-11-12 13:42:06,984 INFO  EvoClassLoader - Keeping class: com.fasterxml.jackson.databind.JavaType
2024-11-12 13:42:06,984 INFO  EvoClassLoader - Seeing class for first time: com.fasterxml.jackson.databind.jsontype.TypeResolverBuilder
2024-11-12 13:42:06,984 INFO  EvoClassLoader - Instrumenting class 'com.fasterxml.jackson.databind.jsontype.TypeResolverBuilder'.
2024-11-12 13:42:06,984 INFO  EvoClassLoader - Defined package (3): package com.fasterxml.jackson.databind.jsontype, -951449343
2024-11-12 13:42:06,984 INFO  EvoClassLoader - Keeping class: com.fasterxml.jackson.databind.jsontype.TypeResolverBuilder
2024-11-12 13:42:06,984 INFO  EvoClassLoader - Seeing class for first time: com.fasterxml.jackson.databind.introspect.AnnotatedMember
2024-11-12 13:42:06,984 INFO  EvoClassLoader - Instrumenting class 'com.fasterxml.jackson.databind.introspect.AnnotatedMember'.
2024-11-12 13:42:06,985 INFO  MethodCallReplacementClassAdapter - Adding mock interface to class com/fasterxml/jackson/databind/introspect/AnnotatedMember
2024-11-12 13:42:06,985 INFO  CreateClassResetClassAdapter - Creating brand-new static initializer in class com/fasterxml/jackson/databind/introspect/AnnotatedMember
2024-11-12 13:42:06,985 INFO  EvoClassLoader - Keeping class: com.fasterxml.jackson.databind.introspect.AnnotatedMember
2024-11-12 13:42:06,985 INFO  EvoClassLoader - Seeing class for first time: com.fasterxml.jackson.databind.AnnotationIntrospector$ReferenceProperty
2024-11-12 13:42:06,985 INFO  EvoClassLoader - Instrumenting class 'com.fasterxml.jackson.databind.AnnotationIntrospector$ReferenceProperty'.
2024-11-12 13:42:06,985 INFO  MethodCallReplacementClassAdapter - Adding mock interface to class com/fasterxml/jackson/databind/AnnotationIntrospector$ReferenceProperty
2024-11-12 13:42:06,985 INFO  CreateClassResetClassAdapter - Creating brand-new static initializer in class com/fasterxml/jackson/databind/AnnotationIntrospector$ReferenceProperty
2024-11-12 13:42:06,985 INFO  EvoClassLoader - Keeping class: com.fasterxml.jackson.databind.AnnotationIntrospector$ReferenceProperty
2024-11-12 13:42:06,985 INFO  EvoClassLoader - Seeing class for first time: com.fasterxml.jackson.databind.util.NameTransformer
2024-11-12 13:42:06,985 INFO  EvoClassLoader - Instrumenting class 'com.fasterxml.jackson.databind.util.NameTransformer'.
2024-11-12 13:42:06,986 INFO  MethodCallReplacementClassAdapter - Adding mock interface to class com/fasterxml/jackson/databind/util/NameTransformer
2024-11-12 13:42:06,986 INFO  CreateClassResetClassAdapter - Found static initializer in class com/fasterxml/jackson/databind/util/NameTransformer
2024-11-12 13:42:06,986 INFO  EvoClassLoader - Defined package (3): package com.fasterxml.jackson.databind.util, -1863157663
2024-11-12 13:42:06,986 INFO  EvoClassLoader - Keeping class: com.fasterxml.jackson.databind.util.NameTransformer
2024-11-12 13:42:06,986 INFO  EvoClassLoader - Seeing class for first time: com.fasterxml.jackson.annotation.JacksonInject$Value
2024-11-12 13:42:06,986 INFO  EvoClassLoader - Instrumenting class 'com.fasterxml.jackson.annotation.JacksonInject$Value'.
2024-11-12 13:42:06,986 INFO  MethodCallReplacementClassAdapter - Adding mock interface to class com/fasterxml/jackson/annotation/JacksonInject$Value
2024-11-12 13:42:06,986 INFO  CreateClassResetClassAdapter - Found static initializer in class com/fasterxml/jackson/annotation/JacksonInject$Value
2024-11-12 13:42:06,986 INFO  EvoClassLoader - Keeping class: com.fasterxml.jackson.annotation.JacksonInject$Value
2024-11-12 13:42:06,986 INFO  EvoClassLoader - Seeing class for first time: com.fasterxml.jackson.annotation.JsonFormat$Value
2024-11-12 13:42:06,986 INFO  EvoClassLoader - Instrumenting class 'com.fasterxml.jackson.annotation.JsonFormat$Value'.
2024-11-12 13:42:06,986 INFO  MethodCallReplacementClassAdapter - Adding mock interface to class com/fasterxml/jackson/annotation/JsonFormat$Value
2024-11-12 13:42:06,987 INFO  CreateClassResetClassAdapter - Found static initializer in class com/fasterxml/jackson/annotation/JsonFormat$Value
2024-11-12 13:42:06,987 INFO  EvoClassLoader - Keeping class: com.fasterxml.jackson.annotation.JsonFormat$Value
2024-11-12 13:42:06,987 INFO  EvoClassLoader - Seeing class for first time: com.fasterxml.jackson.annotation.JsonProperty$Access
2024-11-12 13:42:06,987 INFO  EvoClassLoader - Instrumenting class 'com.fasterxml.jackson.annotation.JsonProperty$Access'.
2024-11-12 13:42:06,987 INFO  MethodCallReplacementClassAdapter - Adding mock interface to class com/fasterxml/jackson/annotation/JsonProperty$Access
2024-11-12 13:42:06,987 INFO  CreateClassResetClassAdapter - Found static initializer in class com/fasterxml/jackson/annotation/JsonProperty$Access
2024-11-12 13:42:06,987 INFO  EvoClassLoader - Keeping class: com.fasterxml.jackson.annotation.JsonProperty$Access
2024-11-12 13:42:06,987 INFO  EvoClassLoader - Seeing class for first time: com.fasterxml.jackson.databind.introspect.AnnotatedMethod
2024-11-12 13:42:06,987 INFO  EvoClassLoader - Instrumenting class 'com.fasterxml.jackson.databind.introspect.AnnotatedMethod'.
2024-11-12 13:42:06,988 INFO  MethodCallReplacementClassAdapter - Adding mock interface to class com/fasterxml/jackson/databind/introspect/AnnotatedMethod
2024-11-12 13:42:06,988 INFO  CreateClassResetClassAdapter - Creating brand-new static initializer in class com/fasterxml/jackson/databind/introspect/AnnotatedMethod
2024-11-12 13:42:06,989 INFO  EvoClassLoader - Seeing class for first time: com.fasterxml.jackson.databind.introspect.AnnotatedWithParams
2024-11-12 13:42:06,989 INFO  EvoClassLoader - Instrumenting class 'com.fasterxml.jackson.databind.introspect.AnnotatedWithParams'.
2024-11-12 13:42:06,989 INFO  MethodCallReplacementClassAdapter - Adding mock interface to class com/fasterxml/jackson/databind/introspect/AnnotatedWithParams
2024-11-12 13:42:06,989 INFO  CreateClassResetClassAdapter - Creating brand-new static initializer in class com/fasterxml/jackson/databind/introspect/AnnotatedWithParams
2024-11-12 13:42:06,989 INFO  EvoClassLoader - Keeping class: com.fasterxml.jackson.databind.introspect.AnnotatedWithParams
2024-11-12 13:42:06,989 INFO  EvoClassLoader - Keeping class: com.fasterxml.jackson.databind.introspect.AnnotatedMethod
2024-11-12 13:42:06,989 INFO  EvoClassLoader - Seeing class for first time: com.fasterxml.jackson.databind.introspect.AnnotatedField
2024-11-12 13:42:06,989 INFO  EvoClassLoader - Instrumenting class 'com.fasterxml.jackson.databind.introspect.AnnotatedField'.
2024-11-12 13:42:06,989 INFO  MethodCallReplacementClassAdapter - Adding mock interface to class com/fasterxml/jackson/databind/introspect/AnnotatedField
2024-11-12 13:42:06,990 INFO  CreateClassResetClassAdapter - Creating brand-new static initializer in class com/fasterxml/jackson/databind/introspect/AnnotatedField
2024-11-12 13:42:06,990 INFO  EvoClassLoader - Keeping class: com.fasterxml.jackson.databind.introspect.AnnotatedField
2024-11-12 13:42:06,990 INFO  EvoClassLoader - Seeing class for first time: com.fasterxml.jackson.databind.annotation.JsonSerialize$Typing
2024-11-12 13:42:06,990 INFO  EvoClassLoader - Instrumenting class 'com.fasterxml.jackson.databind.annotation.JsonSerialize$Typing'.
2024-11-12 13:42:06,990 INFO  MethodCallReplacementClassAdapter - Adding mock interface to class com/fasterxml/jackson/databind/annotation/JsonSerialize$Typing
2024-11-12 13:42:06,990 INFO  CreateClassResetClassAdapter - Found static initializer in class com/fasterxml/jackson/databind/annotation/JsonSerialize$Typing
2024-11-12 13:42:06,990 INFO  EvoClassLoader - Defined package (3): package com.fasterxml.jackson.databind.annotation, 1823830094
2024-11-12 13:42:06,990 INFO  EvoClassLoader - Keeping class: com.fasterxml.jackson.databind.annotation.JsonSerialize$Typing
2024-11-12 13:42:06,990 INFO  EvoClassLoader - Seeing class for first time: com.fasterxml.jackson.annotation.JsonInclude$Value
2024-11-12 13:42:06,990 INFO  EvoClassLoader - Instrumenting class 'com.fasterxml.jackson.annotation.JsonInclude$Value'.
2024-11-12 13:42:06,991 INFO  MethodCallReplacementClassAdapter - Adding mock interface to class com/fasterxml/jackson/annotation/JsonInclude$Value
2024-11-12 13:42:06,991 INFO  CreateClassResetClassAdapter - Found static initializer in class com/fasterxml/jackson/annotation/JsonInclude$Value
2024-11-12 13:42:06,991 INFO  EvoClassLoader - Keeping class: com.fasterxml.jackson.annotation.JsonInclude$Value
2024-11-12 13:42:06,991 INFO  EvoClassLoader - Seeing class for first time: com.fasterxml.jackson.annotation.JsonInclude$Include
2024-11-12 13:42:06,991 INFO  EvoClassLoader - Instrumenting class 'com.fasterxml.jackson.annotation.JsonInclude$Include'.
2024-11-12 13:42:06,991 INFO  MethodCallReplacementClassAdapter - Adding mock interface to class com/fasterxml/jackson/annotation/JsonInclude$Include
2024-11-12 13:42:06,991 INFO  CreateClassResetClassAdapter - Found static initializer in class com/fasterxml/jackson/annotation/JsonInclude$Include
2024-11-12 13:42:06,991 INFO  EvoClassLoader - Keeping class: com.fasterxml.jackson.annotation.JsonInclude$Include
2024-11-12 13:42:06,991 INFO  EvoClassLoader - Seeing class for first time: com.fasterxml.jackson.databind.JsonMappingException
2024-11-12 13:42:06,991 INFO  EvoClassLoader - Instrumenting class 'com.fasterxml.jackson.databind.JsonMappingException'.
2024-11-12 13:42:06,992 INFO  MethodCallReplacementClassAdapter - Adding mock interface to class com/fasterxml/jackson/databind/JsonMappingException
2024-11-12 13:42:06,992 INFO  CreateClassResetClassAdapter - Creating brand-new static initializer in class com/fasterxml/jackson/databind/JsonMappingException
2024-11-12 13:42:06,992 INFO  CreateClassResetClassAdapter - Adding bytecode for initializing field MAX_REFS_TO_LIST
2024-11-12 13:42:06,992 INFO  EvoClassLoader - Keeping class: com.fasterxml.jackson.databind.JsonMappingException
2024-11-12 13:42:06,992 INFO  EvoClassLoader - Seeing class for first time: com.fasterxml.jackson.databind.annotation.JsonPOJOBuilder$Value
2024-11-12 13:42:06,992 INFO  EvoClassLoader - Instrumenting class 'com.fasterxml.jackson.databind.annotation.JsonPOJOBuilder$Value'.
2024-11-12 13:42:06,993 INFO  MethodCallReplacementClassAdapter - Adding mock interface to class com/fasterxml/jackson/databind/annotation/JsonPOJOBuilder$Value
2024-11-12 13:42:06,993 INFO  CreateClassResetClassAdapter - Creating brand-new static initializer in class com/fasterxml/jackson/databind/annotation/JsonPOJOBuilder$Value
2024-11-12 13:42:06,993 INFO  EvoClassLoader - Keeping class: com.fasterxml.jackson.databind.annotation.JsonPOJOBuilder$Value
2024-11-12 13:42:06,993 INFO  EvoClassLoader - Seeing class for first time: com.fasterxml.jackson.annotation.JsonSetter$Value
2024-11-12 13:42:06,993 INFO  EvoClassLoader - Instrumenting class 'com.fasterxml.jackson.annotation.JsonSetter$Value'.
2024-11-12 13:42:06,994 INFO  MethodCallReplacementClassAdapter - Adding mock interface to class com/fasterxml/jackson/annotation/JsonSetter$Value
2024-11-12 13:42:06,994 INFO  CreateClassResetClassAdapter - Found static initializer in class com/fasterxml/jackson/annotation/JsonSetter$Value
2024-11-12 13:42:06,994 INFO  EvoClassLoader - Keeping class: com.fasterxml.jackson.annotation.JsonSetter$Value
2024-11-12 13:42:06,995 INFO  EvoClassLoader - Seeing class for first time: com.fasterxml.jackson.annotation.JsonCreator$Mode
2024-11-12 13:42:06,995 INFO  EvoClassLoader - Instrumenting class 'com.fasterxml.jackson.annotation.JsonCreator$Mode'.
2024-11-12 13:42:06,995 INFO  MethodCallReplacementClassAdapter - Adding mock interface to class com/fasterxml/jackson/annotation/JsonCreator$Mode
2024-11-12 13:42:06,995 INFO  CreateClassResetClassAdapter - Found static initializer in class com/fasterxml/jackson/annotation/JsonCreator$Mode
2024-11-12 13:42:06,995 INFO  EvoClassLoader - Keeping class: com.fasterxml.jackson.annotation.JsonCreator$Mode
2024-11-12 13:42:06,995 INFO  EvoClassLoader - Seeing class for first time: com.fasterxml.jackson.databind.ext.Java7SupportImpl
2024-11-12 13:42:06,995 INFO  EvoClassLoader - Instrumenting class 'com.fasterxml.jackson.databind.ext.Java7SupportImpl'.
2024-11-12 13:42:06,996 INFO  MethodCallReplacementClassAdapter - Adding mock interface to class com/fasterxml/jackson/databind/ext/Java7SupportImpl
2024-11-12 13:42:06,996 INFO  CreateClassResetClassAdapter - Creating brand-new static initializer in class com/fasterxml/jackson/databind/ext/Java7SupportImpl
2024-11-12 13:42:06,996 INFO  EvoClassLoader - Defined package (3): package com.fasterxml.jackson.databind.ext, -1584137758
2024-11-12 13:42:06,997 INFO  EvoClassLoader - Seeing class for first time: com.fasterxml.jackson.databind.ext.Java7Support
2024-11-12 13:42:06,997 INFO  EvoClassLoader - Instrumenting class 'com.fasterxml.jackson.databind.ext.Java7Support'.
2024-11-12 13:42:06,997 INFO  MethodCallReplacementClassAdapter - Adding mock interface to class com/fasterxml/jackson/databind/ext/Java7Support
2024-11-12 13:42:06,997 INFO  CreateClassResetClassAdapter - Found static initializer in class com/fasterxml/jackson/databind/ext/Java7Support
2024-11-12 13:42:06,998 INFO  EvoClassLoader - Keeping class: com.fasterxml.jackson.databind.ext.Java7Support
2024-11-12 13:42:06,998 INFO  EvoClassLoader - Keeping class: com.fasterxml.jackson.databind.ext.Java7SupportImpl
2024-11-12 13:42:06,998 INFO  EvoClassLoader - Seeing class for first time: com.fasterxml.jackson.databind.introspect.AnnotatedParameter
2024-11-12 13:42:06,998 INFO  EvoClassLoader - Instrumenting class 'com.fasterxml.jackson.databind.introspect.AnnotatedParameter'.
2024-11-12 13:42:06,999 INFO  MethodCallReplacementClassAdapter - Adding mock interface to class com/fasterxml/jackson/databind/introspect/AnnotatedParameter
2024-11-12 13:42:06,999 INFO  CreateClassResetClassAdapter - Creating brand-new static initializer in class com/fasterxml/jackson/databind/introspect/AnnotatedParameter
2024-11-12 13:42:06,999 INFO  EvoClassLoader - Keeping class: com.fasterxml.jackson.databind.introspect.AnnotatedParameter
2024-11-12 13:42:07,000 INFO  EvoClassLoader - Seeing class for first time: com.fasterxml.jackson.databind.util.ClassUtil
2024-11-12 13:42:07,000 INFO  EvoClassLoader - Instrumenting class 'com.fasterxml.jackson.databind.util.ClassUtil'.
2024-11-12 13:42:07,000 INFO  MethodCallReplacementClassAdapter - Adding mock interface to class com/fasterxml/jackson/databind/util/ClassUtil
2024-11-12 13:42:07,003 INFO  CreateClassResetClassAdapter - Found static initializer in class com/fasterxml/jackson/databind/util/ClassUtil
2024-11-12 13:42:07,004 INFO  EvoClassLoader - Keeping class: com.fasterxml.jackson.databind.util.ClassUtil
2024-11-12 13:42:07,005 INFO  EvoClassLoader - Seeing class for first time: com.fasterxml.jackson.databind.util.ClassUtil$Ctor
2024-11-12 13:42:07,005 INFO  EvoClassLoader - Instrumenting class 'com.fasterxml.jackson.databind.util.ClassUtil$Ctor'.
2024-11-12 13:42:07,005 INFO  MethodCallReplacementClassAdapter - Adding mock interface to class com/fasterxml/jackson/databind/util/ClassUtil$Ctor
2024-11-12 13:42:07,005 INFO  CreateClassResetClassAdapter - Creating brand-new static initializer in class com/fasterxml/jackson/databind/util/ClassUtil$Ctor
2024-11-12 13:42:07,005 INFO  EvoClassLoader - Keeping class: com.fasterxml.jackson.databind.util.ClassUtil$Ctor
2024-11-12 13:42:07,005 INFO  EvoClassLoader - Seeing class for first time: com.fasterxml.jackson.databind.util.Named
2024-11-12 13:42:07,005 INFO  EvoClassLoader - Instrumenting class 'com.fasterxml.jackson.databind.util.Named'.
2024-11-12 13:42:07,006 INFO  EvoClassLoader - Keeping class: com.fasterxml.jackson.databind.util.Named
2024-11-12 13:42:07,006 INFO  EvoClassLoader - Seeing class for first time: com.fasterxml.jackson.databind.DeserializationContext
2024-11-12 13:42:07,006 INFO  EvoClassLoader - Instrumenting class 'com.fasterxml.jackson.databind.DeserializationContext'.
2024-11-12 13:42:07,006 INFO  MethodCallReplacementClassAdapter - Adding mock interface to class com/fasterxml/jackson/databind/DeserializationContext
2024-11-12 13:42:07,008 INFO  CreateClassResetClassAdapter - Creating brand-new static initializer in class com/fasterxml/jackson/databind/DeserializationContext
2024-11-12 13:42:07,009 INFO  EvoClassLoader - Seeing class for first time: com.fasterxml.jackson.databind.DatabindContext
2024-11-12 13:42:07,009 INFO  EvoClassLoader - Instrumenting class 'com.fasterxml.jackson.databind.DatabindContext'.
2024-11-12 13:42:07,009 INFO  MethodCallReplacementClassAdapter - Adding mock interface to class com/fasterxml/jackson/databind/DatabindContext
2024-11-12 13:42:07,010 INFO  CreateClassResetClassAdapter - Creating brand-new static initializer in class com/fasterxml/jackson/databind/DatabindContext
2024-11-12 13:42:07,010 INFO  CreateClassResetClassAdapter - Adding bytecode for initializing field MAX_ERROR_STR_LEN
2024-11-12 13:42:07,010 INFO  EvoClassLoader - Keeping class: com.fasterxml.jackson.databind.DatabindContext
2024-11-12 13:42:07,010 INFO  EvoClassLoader - Keeping class: com.fasterxml.jackson.databind.DeserializationContext
2024-11-12 13:42:07,011 INFO  EvoClassLoader - Seeing class for first time: com.fasterxml.jackson.databind.introspect.JacksonAnnotationIntrospector
2024-11-12 13:42:07,011 INFO  EvoClassLoader - Instrumenting class 'com.fasterxml.jackson.databind.introspect.JacksonAnnotationIntrospector'.
2024-11-12 13:42:07,011 INFO  MethodCallReplacementClassAdapter - Adding mock interface to class com/fasterxml/jackson/databind/introspect/JacksonAnnotationIntrospector
2024-11-12 13:42:07,013 INFO  CreateClassResetClassAdapter - Found static initializer in class com/fasterxml/jackson/databind/introspect/JacksonAnnotationIntrospector
2024-11-12 13:42:07,014 INFO  EvoClassLoader - Keeping class: com.fasterxml.jackson.databind.introspect.JacksonAnnotationIntrospector
2024-11-12 13:42:07,015 INFO  EvoClassLoader - Seeing class for first time: com.fasterxml.jackson.databind.type.MapLikeType
2024-11-12 13:42:07,015 INFO  EvoClassLoader - Instrumenting class 'com.fasterxml.jackson.databind.type.MapLikeType'.
2024-11-12 13:42:07,015 INFO  MethodCallReplacementClassAdapter - Adding mock interface to class com/fasterxml/jackson/databind/type/MapLikeType
2024-11-12 13:42:07,017 INFO  CreateClassResetClassAdapter - Creating brand-new static initializer in class com/fasterxml/jackson/databind/type/MapLikeType
2024-11-12 13:42:07,017 INFO  EvoClassLoader - Defined package (3): package com.fasterxml.jackson.databind.type, -1863182439
2024-11-12 13:42:07,017 INFO  EvoClassLoader - Seeing class for first time: com.fasterxml.jackson.databind.type.TypeBase
2024-11-12 13:42:07,017 INFO  EvoClassLoader - Instrumenting class 'com.fasterxml.jackson.databind.type.TypeBase'.
2024-11-12 13:42:07,017 INFO  MethodCallReplacementClassAdapter - Adding mock interface to class com/fasterxml/jackson/databind/type/TypeBase
2024-11-12 13:42:07,018 INFO  CreateClassResetClassAdapter - Found static initializer in class com/fasterxml/jackson/databind/type/TypeBase
2024-11-12 13:42:07,018 INFO  EvoClassLoader - Seeing class for first time: com.fasterxml.jackson.databind.JsonSerializable
2024-11-12 13:42:07,018 INFO  EvoClassLoader - Instrumenting class 'com.fasterxml.jackson.databind.JsonSerializable'.
2024-11-12 13:42:07,019 INFO  EvoClassLoader - Keeping class: com.fasterxml.jackson.databind.JsonSerializable
2024-11-12 13:42:07,019 INFO  EvoClassLoader - Keeping class: com.fasterxml.jackson.databind.type.TypeBase
2024-11-12 13:42:07,019 INFO  EvoClassLoader - Keeping class: com.fasterxml.jackson.databind.type.MapLikeType
2024-11-12 13:42:07,020 INFO  EvoClassLoader - Seeing class for first time: com.fasterxml.jackson.databind.introspect.VirtualAnnotatedMember
2024-11-12 13:42:07,020 INFO  EvoClassLoader - Instrumenting class 'com.fasterxml.jackson.databind.introspect.VirtualAnnotatedMember'.
2024-11-12 13:42:07,020 INFO  MethodCallReplacementClassAdapter - Adding mock interface to class com/fasterxml/jackson/databind/introspect/VirtualAnnotatedMember
2024-11-12 13:42:07,021 INFO  CreateClassResetClassAdapter - Creating brand-new static initializer in class com/fasterxml/jackson/databind/introspect/VirtualAnnotatedMember
2024-11-12 13:42:07,021 INFO  EvoClassLoader - Keeping class: com.fasterxml.jackson.databind.introspect.VirtualAnnotatedMember
2024-11-12 13:42:07,021 INFO  EvoClassLoader - Seeing class for first time: com.fasterxml.jackson.databind.introspect.BeanPropertyDefinition
2024-11-12 13:42:07,021 INFO  EvoClassLoader - Instrumenting class 'com.fasterxml.jackson.databind.introspect.BeanPropertyDefinition'.
2024-11-12 13:42:07,022 INFO  MethodCallReplacementClassAdapter - Adding mock interface to class com/fasterxml/jackson/databind/introspect/BeanPropertyDefinition
2024-11-12 13:42:07,024 INFO  CreateClassResetClassAdapter - Found static initializer in class com/fasterxml/jackson/databind/introspect/BeanPropertyDefinition
2024-11-12 13:42:07,024 INFO  EvoClassLoader - Keeping class: com.fasterxml.jackson.databind.introspect.BeanPropertyDefinition
2024-11-12 13:42:07,024 INFO  EvoClassLoader - Seeing class for first time: com.fasterxml.jackson.databind.util.SimpleBeanPropertyDefinition
2024-11-12 13:42:07,024 INFO  EvoClassLoader - Instrumenting class 'com.fasterxml.jackson.databind.util.SimpleBeanPropertyDefinition'.
2024-11-12 13:42:07,025 INFO  MethodCallReplacementClassAdapter - Adding mock interface to class com/fasterxml/jackson/databind/util/SimpleBeanPropertyDefinition
2024-11-12 13:42:07,025 INFO  CreateClassResetClassAdapter - Creating brand-new static initializer in class com/fasterxml/jackson/databind/util/SimpleBeanPropertyDefinition
2024-11-12 13:42:07,026 INFO  EvoClassLoader - Keeping class: com.fasterxml.jackson.databind.util.SimpleBeanPropertyDefinition
2024-11-12 13:42:07,026 INFO  EvoClassLoader - Seeing class for first time: com.fasterxml.jackson.databind.ser.BeanPropertyWriter
2024-11-12 13:42:07,026 INFO  EvoClassLoader - Instrumenting class 'com.fasterxml.jackson.databind.ser.BeanPropertyWriter'.
2024-11-12 13:42:07,026 INFO  MethodCallReplacementClassAdapter - Adding mock interface to class com/fasterxml/jackson/databind/ser/BeanPropertyWriter
2024-11-12 13:42:07,028 INFO  CreateClassResetClassAdapter - Found static initializer in class com/fasterxml/jackson/databind/ser/BeanPropertyWriter
2024-11-12 13:42:07,028 INFO  EvoClassLoader - Defined package (3): package com.fasterxml.jackson.databind.ser, -1584124895
2024-11-12 13:42:07,029 INFO  EvoClassLoader - Seeing class for first time: com.fasterxml.jackson.databind.ser.PropertyWriter
2024-11-12 13:42:07,029 INFO  EvoClassLoader - Instrumenting class 'com.fasterxml.jackson.databind.ser.PropertyWriter'.
2024-11-12 13:42:07,029 INFO  MethodCallReplacementClassAdapter - Adding mock interface to class com/fasterxml/jackson/databind/ser/PropertyWriter
2024-11-12 13:42:07,030 INFO  CreateClassResetClassAdapter - Creating brand-new static initializer in class com/fasterxml/jackson/databind/ser/PropertyWriter
2024-11-12 13:42:07,030 INFO  EvoClassLoader - Seeing class for first time: com.fasterxml.jackson.databind.introspect.ConcreteBeanPropertyBase
2024-11-12 13:42:07,030 INFO  EvoClassLoader - Instrumenting class 'com.fasterxml.jackson.databind.introspect.ConcreteBeanPropertyBase'.
2024-11-12 13:42:07,030 INFO  MethodCallReplacementClassAdapter - Adding mock interface to class com/fasterxml/jackson/databind/introspect/ConcreteBeanPropertyBase
2024-11-12 13:42:07,030 INFO  CreateClassResetClassAdapter - Creating brand-new static initializer in class com/fasterxml/jackson/databind/introspect/ConcreteBeanPropertyBase
2024-11-12 13:42:07,031 INFO  EvoClassLoader - Seeing class for first time: com.fasterxml.jackson.databind.BeanProperty
2024-11-12 13:42:07,031 INFO  EvoClassLoader - Instrumenting class 'com.fasterxml.jackson.databind.BeanProperty'.
2024-11-12 13:42:07,031 INFO  EvoClassLoader - Keeping class: com.fasterxml.jackson.databind.BeanProperty
2024-11-12 13:42:07,031 INFO  EvoClassLoader - Keeping class: com.fasterxml.jackson.databind.introspect.ConcreteBeanPropertyBase
2024-11-12 13:42:07,031 INFO  EvoClassLoader - Keeping class: com.fasterxml.jackson.databind.ser.PropertyWriter
2024-11-12 13:42:07,031 INFO  EvoClassLoader - Keeping class: com.fasterxml.jackson.databind.ser.BeanPropertyWriter
2024-11-12 13:42:07,032 INFO  EvoClassLoader - Seeing class for first time: com.fasterxml.jackson.databind.ser.VirtualBeanPropertyWriter
2024-11-12 13:42:07,032 INFO  EvoClassLoader - Instrumenting class 'com.fasterxml.jackson.databind.ser.VirtualBeanPropertyWriter'.
2024-11-12 13:42:07,032 INFO  MethodCallReplacementClassAdapter - Adding mock interface to class com/fasterxml/jackson/databind/ser/VirtualBeanPropertyWriter
2024-11-12 13:42:07,033 INFO  CreateClassResetClassAdapter - Creating brand-new static initializer in class com/fasterxml/jackson/databind/ser/VirtualBeanPropertyWriter
2024-11-12 13:42:07,033 INFO  EvoClassLoader - Keeping class: com.fasterxml.jackson.databind.ser.VirtualBeanPropertyWriter
2024-11-12 13:42:07,033 INFO  EvoClassLoader - Seeing class for first time: com.fasterxml.jackson.databind.ser.impl.AttributePropertyWriter
2024-11-12 13:42:07,033 INFO  EvoClassLoader - Instrumenting class 'com.fasterxml.jackson.databind.ser.impl.AttributePropertyWriter'.
2024-11-12 13:42:07,034 INFO  MethodCallReplacementClassAdapter - Adding mock interface to class com/fasterxml/jackson/databind/ser/impl/AttributePropertyWriter
2024-11-12 13:42:07,034 INFO  CreateClassResetClassAdapter - Creating brand-new static initializer in class com/fasterxml/jackson/databind/ser/impl/AttributePropertyWriter
2024-11-12 13:42:07,034 INFO  EvoClassLoader - Defined package (3): package com.fasterxml.jackson.databind.ser.impl, -1959732275
2024-11-12 13:42:07,034 INFO  EvoClassLoader - Keeping class: com.fasterxml.jackson.databind.ser.impl.AttributePropertyWriter
2024-11-12 13:42:07,035 INFO  EvoClassLoader - Seeing class for first time: com.fasterxml.jackson.databind.annotation.JsonAppend$Prop
2024-11-12 13:42:07,035 INFO  EvoClassLoader - Instrumenting class 'com.fasterxml.jackson.databind.annotation.JsonAppend$Prop'.
2024-11-12 13:42:07,035 INFO  EvoClassLoader - Keeping class: com.fasterxml.jackson.databind.annotation.JsonAppend$Prop
2024-11-12 13:42:07,035 INFO  EvoClassLoader - Seeing class for first time: com.fasterxml.jackson.databind.annotation.JsonAppend$Attr
2024-11-12 13:42:07,035 INFO  EvoClassLoader - Instrumenting class 'com.fasterxml.jackson.databind.annotation.JsonAppend$Attr'.
2024-11-12 13:42:07,036 INFO  EvoClassLoader - Keeping class: com.fasterxml.jackson.databind.annotation.JsonAppend$Attr
2024-11-12 13:42:07,036 INFO  EvoClassLoader - Seeing class for first time: com.fasterxml.jackson.databind.jsontype.impl.StdTypeResolverBuilder
2024-11-12 13:42:07,036 INFO  EvoClassLoader - Instrumenting class 'com.fasterxml.jackson.databind.jsontype.impl.StdTypeResolverBuilder'.
2024-11-12 13:42:07,037 INFO  MethodCallReplacementClassAdapter - Adding mock interface to class com/fasterxml/jackson/databind/jsontype/impl/StdTypeResolverBuilder
2024-11-12 13:42:07,039 INFO  CreateClassResetClassAdapter - Creating brand-new static initializer in class com/fasterxml/jackson/databind/jsontype/impl/StdTypeResolverBuilder
2024-11-12 13:42:07,039 INFO  EvoClassLoader - Defined package (3): package com.fasterxml.jackson.databind.jsontype.impl, -1761473811
2024-11-12 13:42:07,040 INFO  EvoClassLoader - Keeping class: com.fasterxml.jackson.databind.jsontype.impl.StdTypeResolverBuilder
2024-11-12 13:42:07,040 INFO  EvoClassLoader - Seeing class for first time: com.fasterxml.jackson.databind.annotation.JsonSerialize
2024-11-12 13:42:07,040 INFO  EvoClassLoader - Instrumenting class 'com.fasterxml.jackson.databind.annotation.JsonSerialize'.
2024-11-12 13:42:07,041 INFO  EvoClassLoader - Keeping class: com.fasterxml.jackson.databind.annotation.JsonSerialize
2024-11-12 13:42:07,041 INFO  EvoClassLoader - Seeing class for first time: com.fasterxml.jackson.annotation.JsonView
2024-11-12 13:42:07,041 INFO  EvoClassLoader - Instrumenting class 'com.fasterxml.jackson.annotation.JsonView'.
2024-11-12 13:42:07,041 INFO  EvoClassLoader - Keeping class: com.fasterxml.jackson.annotation.JsonView
2024-11-12 13:42:07,041 INFO  EvoClassLoader - Seeing class for first time: com.fasterxml.jackson.annotation.JsonFormat
2024-11-12 13:42:07,041 INFO  EvoClassLoader - Instrumenting class 'com.fasterxml.jackson.annotation.JsonFormat'.
2024-11-12 13:42:07,042 INFO  EvoClassLoader - Keeping class: com.fasterxml.jackson.annotation.JsonFormat
2024-11-12 13:42:07,042 INFO  EvoClassLoader - Seeing class for first time: com.fasterxml.jackson.annotation.JsonTypeInfo
2024-11-12 13:42:07,042 INFO  EvoClassLoader - Instrumenting class 'com.fasterxml.jackson.annotation.JsonTypeInfo'.
2024-11-12 13:42:07,042 INFO  EvoClassLoader - Keeping class: com.fasterxml.jackson.annotation.JsonTypeInfo
2024-11-12 13:42:07,042 INFO  EvoClassLoader - Seeing class for first time: com.fasterxml.jackson.annotation.JsonRawValue
2024-11-12 13:42:07,042 INFO  EvoClassLoader - Instrumenting class 'com.fasterxml.jackson.annotation.JsonRawValue'.
2024-11-12 13:42:07,043 INFO  EvoClassLoader - Keeping class: com.fasterxml.jackson.annotation.JsonRawValue
2024-11-12 13:42:07,043 INFO  EvoClassLoader - Seeing class for first time: com.fasterxml.jackson.annotation.JsonUnwrapped
2024-11-12 13:42:07,043 INFO  EvoClassLoader - Instrumenting class 'com.fasterxml.jackson.annotation.JsonUnwrapped'.
2024-11-12 13:42:07,043 INFO  EvoClassLoader - Keeping class: com.fasterxml.jackson.annotation.JsonUnwrapped
2024-11-12 13:42:07,043 INFO  EvoClassLoader - Seeing class for first time: com.fasterxml.jackson.annotation.JsonBackReference
2024-11-12 13:42:07,043 INFO  EvoClassLoader - Instrumenting class 'com.fasterxml.jackson.annotation.JsonBackReference'.
2024-11-12 13:42:07,044 INFO  EvoClassLoader - Keeping class: com.fasterxml.jackson.annotation.JsonBackReference
2024-11-12 13:42:07,044 INFO  EvoClassLoader - Seeing class for first time: com.fasterxml.jackson.annotation.JsonManagedReference
2024-11-12 13:42:07,044 INFO  EvoClassLoader - Instrumenting class 'com.fasterxml.jackson.annotation.JsonManagedReference'.
2024-11-12 13:42:07,044 INFO  EvoClassLoader - Keeping class: com.fasterxml.jackson.annotation.JsonManagedReference
2024-11-12 13:42:07,044 INFO  EvoClassLoader - Seeing class for first time: com.fasterxml.jackson.databind.annotation.JsonDeserialize
2024-11-12 13:42:07,044 INFO  EvoClassLoader - Instrumenting class 'com.fasterxml.jackson.databind.annotation.JsonDeserialize'.
2024-11-12 13:42:07,045 INFO  EvoClassLoader - Keeping class: com.fasterxml.jackson.databind.annotation.JsonDeserialize
2024-11-12 13:42:07,045 INFO  EvoClassLoader - Seeing class for first time: com.fasterxml.jackson.annotation.JsonMerge
2024-11-12 13:42:07,045 INFO  EvoClassLoader - Instrumenting class 'com.fasterxml.jackson.annotation.JsonMerge'.
2024-11-12 13:42:07,045 INFO  EvoClassLoader - Keeping class: com.fasterxml.jackson.annotation.JsonMerge
2024-11-12 13:42:07,045 INFO  EvoClassLoader - Seeing class for first time: com.fasterxml.jackson.databind.util.LRUMap
2024-11-12 13:42:07,045 INFO  EvoClassLoader - Instrumenting class 'com.fasterxml.jackson.databind.util.LRUMap'.
2024-11-12 13:42:07,046 INFO  MethodCallReplacementClassAdapter - Adding mock interface to class com/fasterxml/jackson/databind/util/LRUMap
2024-11-12 13:42:07,046 INFO  CreateClassResetClassAdapter - Creating brand-new static initializer in class com/fasterxml/jackson/databind/util/LRUMap
2024-11-12 13:42:07,046 INFO  EvoClassLoader - Seeing class for first time: com.fasterxml.jackson.databind.util.LookupCache
2024-11-12 13:42:07,046 INFO  EvoClassLoader - Instrumenting class 'com.fasterxml.jackson.databind.util.LookupCache'.
2024-11-12 13:42:07,047 INFO  EvoClassLoader - Keeping class: com.fasterxml.jackson.databind.util.LookupCache
2024-11-12 13:42:07,047 INFO  EvoClassLoader - Keeping class: com.fasterxml.jackson.databind.util.LRUMap
2024-11-12 13:42:07,047 INFO  EvoClassLoader - Seeing class for first time: com.fasterxml.jackson.databind.cfg.BaseSettings
2024-11-12 13:42:07,047 INFO  EvoClassLoader - Instrumenting class 'com.fasterxml.jackson.databind.cfg.BaseSettings'.
2024-11-12 13:42:07,048 INFO  MethodCallReplacementClassAdapter - Adding mock interface to class com/fasterxml/jackson/databind/cfg/BaseSettings
2024-11-12 13:42:07,049 INFO  CreateClassResetClassAdapter - Found static initializer in class com/fasterxml/jackson/databind/cfg/BaseSettings
2024-11-12 13:42:07,050 INFO  EvoClassLoader - Keeping class: com.fasterxml.jackson.databind.cfg.BaseSettings
2024-11-12 13:42:07,050 INFO  EvoClassLoader - Seeing class for first time: com.fasterxml.jackson.databind.util.StdDateFormat
2024-11-12 13:42:07,050 INFO  EvoClassLoader - Instrumenting class 'com.fasterxml.jackson.databind.util.StdDateFormat'.
2024-11-12 13:42:07,050 INFO  MethodCallReplacementClassAdapter - Adding mock interface to class com/fasterxml/jackson/databind/util/StdDateFormat
2024-11-12 13:42:07,053 INFO  CreateClassResetClassAdapter - Found static initializer in class com/fasterxml/jackson/databind/util/StdDateFormat
2024-11-12 13:42:07,056 INFO  EvoClassLoader - Keeping class: com.fasterxml.jackson.databind.util.StdDateFormat
2024-11-12 13:42:07,056 INFO  EvoClassLoader - Seeing class for first time: com.fasterxml.jackson.databind.introspect.AccessorNamingStrategy$Provider
2024-11-12 13:42:07,056 INFO  EvoClassLoader - Instrumenting class 'com.fasterxml.jackson.databind.introspect.AccessorNamingStrategy$Provider'.
2024-11-12 13:42:07,057 INFO  MethodCallReplacementClassAdapter - Adding mock interface to class com/fasterxml/jackson/databind/introspect/AccessorNamingStrategy$Provider
2024-11-12 13:42:07,057 INFO  CreateClassResetClassAdapter - Creating brand-new static initializer in class com/fasterxml/jackson/databind/introspect/AccessorNamingStrategy$Provider
2024-11-12 13:42:07,057 INFO  EvoClassLoader - Keeping class: com.fasterxml.jackson.databind.introspect.AccessorNamingStrategy$Provider
2024-11-12 13:42:07,057 INFO  EvoClassLoader - Seeing class for first time: com.fasterxml.jackson.databind.introspect.DefaultAccessorNamingStrategy$Provider
2024-11-12 13:42:07,057 INFO  EvoClassLoader - Instrumenting class 'com.fasterxml.jackson.databind.introspect.DefaultAccessorNamingStrategy$Provider'.
2024-11-12 13:42:07,058 INFO  MethodCallReplacementClassAdapter - Adding mock interface to class com/fasterxml/jackson/databind/introspect/DefaultAccessorNamingStrategy$Provider
2024-11-12 13:42:07,058 INFO  CreateClassResetClassAdapter - Creating brand-new static initializer in class com/fasterxml/jackson/databind/introspect/DefaultAccessorNamingStrategy$Provider
2024-11-12 13:42:07,058 INFO  EvoClassLoader - Keeping class: com.fasterxml.jackson.databind.introspect.DefaultAccessorNamingStrategy$Provider
2024-11-12 13:42:07,059 INFO  EvoClassLoader - Seeing class for first time: com.fasterxml.jackson.databind.jsontype.PolymorphicTypeValidator
2024-11-12 13:42:07,059 INFO  EvoClassLoader - Instrumenting class 'com.fasterxml.jackson.databind.jsontype.PolymorphicTypeValidator'.
2024-11-12 13:42:07,059 INFO  MethodCallReplacementClassAdapter - Adding mock interface to class com/fasterxml/jackson/databind/jsontype/PolymorphicTypeValidator
2024-11-12 13:42:07,059 INFO  CreateClassResetClassAdapter - Creating brand-new static initializer in class com/fasterxml/jackson/databind/jsontype/PolymorphicTypeValidator
2024-11-12 13:42:07,059 INFO  EvoClassLoader - Keeping class: com.fasterxml.jackson.databind.jsontype.PolymorphicTypeValidator
2024-11-12 13:42:07,059 INFO  EvoClassLoader - Seeing class for first time: com.fasterxml.jackson.core.Base64Variant
2024-11-12 13:42:07,059 INFO  EvoClassLoader - Instrumenting class 'com.fasterxml.jackson.core.Base64Variant'.
2024-11-12 13:42:07,060 INFO  MethodCallReplacementClassAdapter - Adding mock interface to class com/fasterxml/jackson/core/Base64Variant
2024-11-12 13:42:07,062 INFO  CreateClassResetClassAdapter - Creating brand-new static initializer in class com/fasterxml/jackson/core/Base64Variant
2024-11-12 13:42:07,062 INFO  CreateClassResetClassAdapter - Adding bytecode for initializing field INT_SPACE
2024-11-12 13:42:07,062 INFO  CreateClassResetClassAdapter - Adding bytecode for initializing field PADDING_CHAR_NONE
2024-11-12 13:42:07,062 INFO  CreateClassResetClassAdapter - Adding bytecode for initializing field BASE64_VALUE_INVALID
2024-11-12 13:42:07,062 INFO  CreateClassResetClassAdapter - Adding bytecode for initializing field BASE64_VALUE_PADDING
2024-11-12 13:42:07,063 INFO  EvoClassLoader - Keeping class: com.fasterxml.jackson.core.Base64Variant
2024-11-12 13:42:07,063 INFO  EvoClassLoader - Seeing class for first time: com.fasterxml.jackson.databind.introspect.ClassIntrospector
2024-11-12 13:42:07,063 INFO  EvoClassLoader - Instrumenting class 'com.fasterxml.jackson.databind.introspect.ClassIntrospector'.
2024-11-12 13:42:07,064 INFO  MethodCallReplacementClassAdapter - Adding mock interface to class com/fasterxml/jackson/databind/introspect/ClassIntrospector
2024-11-12 13:42:07,064 INFO  CreateClassResetClassAdapter - Creating brand-new static initializer in class com/fasterxml/jackson/databind/introspect/ClassIntrospector
2024-11-12 13:42:07,064 INFO  EvoClassLoader - Keeping class: com.fasterxml.jackson.databind.introspect.ClassIntrospector
2024-11-12 13:42:07,064 INFO  EvoClassLoader - Seeing class for first time: com.fasterxml.jackson.databind.PropertyNamingStrategy
2024-11-12 13:42:07,064 INFO  EvoClassLoader - Instrumenting class 'com.fasterxml.jackson.databind.PropertyNamingStrategy'.
2024-11-12 13:42:07,065 INFO  MethodCallReplacementClassAdapter - Adding mock interface to class com/fasterxml/jackson/databind/PropertyNamingStrategy
2024-11-12 13:42:07,065 INFO  CreateClassResetClassAdapter - Found static initializer in class com/fasterxml/jackson/databind/PropertyNamingStrategy
2024-11-12 13:42:07,065 INFO  EvoClassLoader - Keeping class: com.fasterxml.jackson.databind.PropertyNamingStrategy
2024-11-12 13:42:07,065 INFO  EvoClassLoader - Seeing class for first time: com.fasterxml.jackson.databind.cfg.HandlerInstantiator
2024-11-12 13:42:07,065 INFO  EvoClassLoader - Instrumenting class 'com.fasterxml.jackson.databind.cfg.HandlerInstantiator'.
2024-11-12 13:42:07,066 INFO  MethodCallReplacementClassAdapter - Adding mock interface to class com/fasterxml/jackson/databind/cfg/HandlerInstantiator
2024-11-12 13:42:07,066 INFO  CreateClassResetClassAdapter - Creating brand-new static initializer in class com/fasterxml/jackson/databind/cfg/HandlerInstantiator
2024-11-12 13:42:07,067 INFO  EvoClassLoader - Keeping class: com.fasterxml.jackson.databind.cfg.HandlerInstantiator
2024-11-12 13:42:07,067 INFO  EvoClassLoader - Seeing class for first time: com.fasterxml.jackson.databind.type.TypeFactory
2024-11-12 13:42:07,067 INFO  EvoClassLoader - Instrumenting class 'com.fasterxml.jackson.databind.type.TypeFactory'.
2024-11-12 13:42:07,068 INFO  MethodCallReplacementClassAdapter - Adding mock interface to class com/fasterxml/jackson/databind/type/TypeFactory
2024-11-12 13:42:07,081 INFO  CreateClassResetClassAdapter - Found static initializer in class com/fasterxml/jackson/databind/type/TypeFactory
2024-11-12 13:42:07,082 INFO  EvoClassLoader - Keeping class: com.fasterxml.jackson.databind.type.TypeFactory
2024-11-12 13:42:07,082 INFO  EvoClassLoader - Seeing class for first time: com.fasterxml.jackson.databind.type.TypeParser
2024-11-12 13:42:07,082 INFO  EvoClassLoader - Instrumenting class 'com.fasterxml.jackson.databind.type.TypeParser'.
2024-11-12 13:42:07,083 INFO  MethodCallReplacementClassAdapter - Adding mock interface to class com/fasterxml/jackson/databind/type/TypeParser
2024-11-12 13:42:07,084 INFO  CreateClassResetClassAdapter - Creating brand-new static initializer in class com/fasterxml/jackson/databind/type/TypeParser
2024-11-12 13:42:07,084 INFO  EvoClassLoader - Keeping class: com.fasterxml.jackson.databind.type.TypeParser
2024-11-12 13:42:07,084 INFO  EvoClassLoader - Seeing class for first time: com.fasterxml.jackson.databind.type.TypeParser$MyTokenizer
2024-11-12 13:42:07,084 INFO  EvoClassLoader - Instrumenting class 'com.fasterxml.jackson.databind.type.TypeParser$MyTokenizer'.
2024-11-12 13:42:07,084 INFO  MethodCallReplacementClassAdapter - Adding mock interface to class com/fasterxml/jackson/databind/type/TypeParser$MyTokenizer
2024-11-12 13:42:07,084 INFO  CreateClassResetClassAdapter - Creating brand-new static initializer in class com/fasterxml/jackson/databind/type/TypeParser$MyTokenizer
2024-11-12 13:42:07,084 INFO  EvoClassLoader - Keeping class: com.fasterxml.jackson.databind.type.TypeParser$MyTokenizer
2024-11-12 13:42:07,084 INFO  EvoClassLoader - Seeing class for first time: com.fasterxml.jackson.databind.type.TypeBindings
2024-11-12 13:42:07,084 INFO  EvoClassLoader - Instrumenting class 'com.fasterxml.jackson.databind.type.TypeBindings'.
2024-11-12 13:42:07,085 INFO  MethodCallReplacementClassAdapter - Adding mock interface to class com/fasterxml/jackson/databind/type/TypeBindings
2024-11-12 13:42:07,086 INFO  CreateClassResetClassAdapter - Found static initializer in class com/fasterxml/jackson/databind/type/TypeBindings
2024-11-12 13:42:07,086 INFO  EvoClassLoader - Keeping class: com.fasterxml.jackson.databind.type.TypeBindings
2024-11-12 13:42:07,087 INFO  EvoClassLoader - Seeing class for first time: com.fasterxml.jackson.databind.SerializerProvider
2024-11-12 13:42:07,087 INFO  EvoClassLoader - Instrumenting class 'com.fasterxml.jackson.databind.SerializerProvider'.
2024-11-12 13:42:07,087 INFO  MethodCallReplacementClassAdapter - Adding mock interface to class com/fasterxml/jackson/databind/SerializerProvider
2024-11-12 13:42:07,089 INFO  CreateClassResetClassAdapter - Found static initializer in class com/fasterxml/jackson/databind/SerializerProvider
2024-11-12 13:42:07,090 INFO  EvoClassLoader - Keeping class: com.fasterxml.jackson.databind.SerializerProvider
2024-11-12 13:42:07,090 INFO  EvoClassLoader - Seeing class for first time: com.fasterxml.jackson.databind.jsontype.TypeSerializer
2024-11-12 13:42:07,090 INFO  EvoClassLoader - Instrumenting class 'com.fasterxml.jackson.databind.jsontype.TypeSerializer'.
2024-11-12 13:42:07,090 INFO  MethodCallReplacementClassAdapter - Adding mock interface to class com/fasterxml/jackson/databind/jsontype/TypeSerializer
2024-11-12 13:42:07,090 INFO  CreateClassResetClassAdapter - Creating brand-new static initializer in class com/fasterxml/jackson/databind/jsontype/TypeSerializer
2024-11-12 13:42:07,090 INFO  EvoClassLoader - Keeping class: com.fasterxml.jackson.databind.jsontype.TypeSerializer
2024-11-12 13:42:07,090 INFO  EvoClassLoader - Seeing class for first time: com.fasterxml.jackson.databind.type.SimpleType
2024-11-12 13:42:07,090 INFO  EvoClassLoader - Instrumenting class 'com.fasterxml.jackson.databind.type.SimpleType'.
2024-11-12 13:42:07,091 INFO  MethodCallReplacementClassAdapter - Adding mock interface to class com/fasterxml/jackson/databind/type/SimpleType
2024-11-12 13:42:07,091 INFO  CreateClassResetClassAdapter - Creating brand-new static initializer in class com/fasterxml/jackson/databind/type/SimpleType
2024-11-12 13:42:07,091 INFO  EvoClassLoader - Keeping class: com.fasterxml.jackson.databind.type.SimpleType
2024-11-12 13:42:07,092 INFO  EvoClassLoader - Seeing class for first time: com.fasterxml.jackson.databind.type.ResolvedRecursiveType
2024-11-12 13:42:07,092 INFO  EvoClassLoader - Instrumenting class 'com.fasterxml.jackson.databind.type.ResolvedRecursiveType'.
2024-11-12 13:42:07,092 INFO  MethodCallReplacementClassAdapter - Adding mock interface to class com/fasterxml/jackson/databind/type/ResolvedRecursiveType
2024-11-12 13:42:07,093 INFO  CreateClassResetClassAdapter - Creating brand-new static initializer in class com/fasterxml/jackson/databind/type/ResolvedRecursiveType
2024-11-12 13:42:07,093 INFO  EvoClassLoader - Keeping class: com.fasterxml.jackson.databind.type.ResolvedRecursiveType
2024-11-12 13:42:07,093 INFO  EvoClassLoader - Seeing class for first time: com.fasterxml.jackson.databind.type.ArrayType
2024-11-12 13:42:07,093 INFO  EvoClassLoader - Instrumenting class 'com.fasterxml.jackson.databind.type.ArrayType'.
2024-11-12 13:42:07,093 INFO  MethodCallReplacementClassAdapter - Adding mock interface to class com/fasterxml/jackson/databind/type/ArrayType
2024-11-12 13:42:07,093 INFO  CreateClassResetClassAdapter - Creating brand-new static initializer in class com/fasterxml/jackson/databind/type/ArrayType
2024-11-12 13:42:07,094 INFO  EvoClassLoader - Keeping class: com.fasterxml.jackson.databind.type.ArrayType
2024-11-12 13:42:07,094 INFO  EvoClassLoader - Seeing class for first time: com.fasterxml.jackson.databind.type.MapType
2024-11-12 13:42:07,094 INFO  EvoClassLoader - Instrumenting class 'com.fasterxml.jackson.databind.type.MapType'.
2024-11-12 13:42:07,094 INFO  MethodCallReplacementClassAdapter - Adding mock interface to class com/fasterxml/jackson/databind/type/MapType
2024-11-12 13:42:07,094 INFO  CreateClassResetClassAdapter - Creating brand-new static initializer in class com/fasterxml/jackson/databind/type/MapType
2024-11-12 13:42:07,094 INFO  EvoClassLoader - Keeping class: com.fasterxml.jackson.databind.type.MapType
2024-11-12 13:42:07,094 INFO  EvoClassLoader - Seeing class for first time: com.fasterxml.jackson.databind.type.PlaceholderForType
2024-11-12 13:42:07,094 INFO  EvoClassLoader - Instrumenting class 'com.fasterxml.jackson.databind.type.PlaceholderForType'.
2024-11-12 13:42:07,095 INFO  MethodCallReplacementClassAdapter - Adding mock interface to class com/fasterxml/jackson/databind/type/PlaceholderForType
2024-11-12 13:42:07,095 INFO  CreateClassResetClassAdapter - Creating brand-new static initializer in class com/fasterxml/jackson/databind/type/PlaceholderForType
2024-11-12 13:42:07,095 INFO  EvoClassLoader - Keeping class: com.fasterxml.jackson.databind.type.PlaceholderForType
2024-11-12 13:42:07,095 INFO  EvoClassLoader - Seeing class for first time: com.fasterxml.jackson.databind.type.ReferenceType
2024-11-12 13:42:07,095 INFO  EvoClassLoader - Instrumenting class 'com.fasterxml.jackson.databind.type.ReferenceType'.
2024-11-12 13:42:07,095 INFO  MethodCallReplacementClassAdapter - Adding mock interface to class com/fasterxml/jackson/databind/type/ReferenceType
2024-11-12 13:42:07,097 INFO  CreateClassResetClassAdapter - Creating brand-new static initializer in class com/fasterxml/jackson/databind/type/ReferenceType
2024-11-12 13:42:07,097 INFO  EvoClassLoader - Keeping class: com.fasterxml.jackson.databind.type.ReferenceType
2024-11-12 13:42:07,097 INFO  EvoClassLoader - Seeing class for first time: com.fasterxml.jackson.databind.type.CollectionType
2024-11-12 13:42:07,097 INFO  EvoClassLoader - Instrumenting class 'com.fasterxml.jackson.databind.type.CollectionType'.
2024-11-12 13:42:07,097 INFO  MethodCallReplacementClassAdapter - Adding mock interface to class com/fasterxml/jackson/databind/type/CollectionType
2024-11-12 13:42:07,098 INFO  CreateClassResetClassAdapter - Creating brand-new static initializer in class com/fasterxml/jackson/databind/type/CollectionType
2024-11-12 13:42:07,098 INFO  EvoClassLoader - Seeing class for first time: com.fasterxml.jackson.databind.type.CollectionLikeType
2024-11-12 13:42:07,098 INFO  EvoClassLoader - Instrumenting class 'com.fasterxml.jackson.databind.type.CollectionLikeType'.
2024-11-12 13:42:07,098 INFO  MethodCallReplacementClassAdapter - Adding mock interface to class com/fasterxml/jackson/databind/type/CollectionLikeType
2024-11-12 13:42:07,099 INFO  CreateClassResetClassAdapter - Creating brand-new static initializer in class com/fasterxml/jackson/databind/type/CollectionLikeType
2024-11-12 13:42:07,100 INFO  EvoClassLoader - Keeping class: com.fasterxml.jackson.databind.type.CollectionLikeType
2024-11-12 13:42:07,100 INFO  EvoClassLoader - Keeping class: com.fasterxml.jackson.databind.type.CollectionType
2024-11-12 13:42:07,100 INFO  EvoClassLoader - Seeing class for first time: com.fasterxml.jackson.databind.type.TypeModifier
2024-11-12 13:42:07,100 INFO  EvoClassLoader - Instrumenting class 'com.fasterxml.jackson.databind.type.TypeModifier'.
2024-11-12 13:42:07,101 INFO  MethodCallReplacementClassAdapter - Adding mock interface to class com/fasterxml/jackson/databind/type/TypeModifier
2024-11-12 13:42:07,101 INFO  CreateClassResetClassAdapter - Creating brand-new static initializer in class com/fasterxml/jackson/databind/type/TypeModifier
2024-11-12 13:42:07,101 INFO  EvoClassLoader - Keeping class: com.fasterxml.jackson.databind.type.TypeModifier
2024-11-12 13:42:07,101 INFO  EvoClassLoader - Seeing class for first time: com.fasterxml.jackson.databind.type.ClassStack
2024-11-12 13:42:07,101 INFO  EvoClassLoader - Instrumenting class 'com.fasterxml.jackson.databind.type.ClassStack'.
2024-11-12 13:42:07,102 INFO  MethodCallReplacementClassAdapter - Adding mock interface to class com/fasterxml/jackson/databind/type/ClassStack
2024-11-12 13:42:07,102 INFO  CreateClassResetClassAdapter - Creating brand-new static initializer in class com/fasterxml/jackson/databind/type/ClassStack
2024-11-12 13:42:07,102 INFO  EvoClassLoader - Keeping class: com.fasterxml.jackson.databind.type.ClassStack
2024-11-12 13:42:07,102 INFO  EvoClassLoader - Seeing class for first time: com.fasterxml.jackson.databind.JsonNode
2024-11-12 13:42:07,102 INFO  EvoClassLoader - Instrumenting class 'com.fasterxml.jackson.databind.JsonNode'.
2024-11-12 13:42:07,103 INFO  MethodCallReplacementClassAdapter - Adding mock interface to class com/fasterxml/jackson/databind/JsonNode
2024-11-12 13:42:07,104 INFO  CreateClassResetClassAdapter - Creating brand-new static initializer in class com/fasterxml/jackson/databind/JsonNode
2024-11-12 13:42:07,104 INFO  EvoClassLoader - Seeing class for first time: com.fasterxml.jackson.databind.JsonSerializable$Base
2024-11-12 13:42:07,104 INFO  EvoClassLoader - Instrumenting class 'com.fasterxml.jackson.databind.JsonSerializable$Base'.
2024-11-12 13:42:07,105 INFO  MethodCallReplacementClassAdapter - Adding mock interface to class com/fasterxml/jackson/databind/JsonSerializable$Base
2024-11-12 13:42:07,105 INFO  CreateClassResetClassAdapter - Creating brand-new static initializer in class com/fasterxml/jackson/databind/JsonSerializable$Base
2024-11-12 13:42:07,105 INFO  EvoClassLoader - Keeping class: com.fasterxml.jackson.databind.JsonSerializable$Base
2024-11-12 13:42:07,105 INFO  EvoClassLoader - Keeping class: com.fasterxml.jackson.databind.JsonNode
2024-11-12 13:42:07,106 INFO  EvoClassLoader - Seeing class for first time: com.fasterxml.jackson.core.Base64Variant$PaddingReadBehaviour
2024-11-12 13:42:07,106 INFO  EvoClassLoader - Instrumenting class 'com.fasterxml.jackson.core.Base64Variant$PaddingReadBehaviour'.
2024-11-12 13:42:07,106 INFO  MethodCallReplacementClassAdapter - Adding mock interface to class com/fasterxml/jackson/core/Base64Variant$PaddingReadBehaviour
2024-11-12 13:42:07,107 INFO  CreateClassResetClassAdapter - Found static initializer in class com/fasterxml/jackson/core/Base64Variant$PaddingReadBehaviour
2024-11-12 13:42:07,107 INFO  EvoClassLoader - Keeping class: com.fasterxml.jackson.core.Base64Variant$PaddingReadBehaviour
2024-11-12 13:42:07,107 INFO  EvoClassLoader - Seeing class for first time: com.fasterxml.jackson.core.util.ByteArrayBuilder
2024-11-12 13:42:07,107 INFO  EvoClassLoader - Instrumenting class 'com.fasterxml.jackson.core.util.ByteArrayBuilder'.
2024-11-12 13:42:07,107 INFO  MethodCallReplacementClassAdapter - Adding mock interface to class com/fasterxml/jackson/core/util/ByteArrayBuilder
2024-11-12 13:42:07,108 INFO  CreateClassResetClassAdapter - Found static initializer in class com/fasterxml/jackson/core/util/ByteArrayBuilder
2024-11-12 13:42:07,108 INFO  EvoClassLoader - Defined package (3): package com.fasterxml.jackson.core.util, 596657833
2024-11-12 13:42:07,109 INFO  EvoClassLoader - Keeping class: com.fasterxml.jackson.core.util.ByteArrayBuilder
2024-11-12 13:42:07,109 INFO  EvoClassLoader - Seeing class for first time: com.fasterxml.jackson.core.Base64Variants
2024-11-12 13:42:07,109 INFO  EvoClassLoader - Instrumenting class 'com.fasterxml.jackson.core.Base64Variants'.
2024-11-12 13:42:07,110 INFO  MethodCallReplacementClassAdapter - Adding mock interface to class com/fasterxml/jackson/core/Base64Variants
2024-11-12 13:42:07,111 INFO  CreateClassResetClassAdapter - Found static initializer in class com/fasterxml/jackson/core/Base64Variants
2024-11-12 13:42:07,111 INFO  EvoClassLoader - Keeping class: com.fasterxml.jackson.core.Base64Variants
2024-11-12 13:42:07,111 INFO  EvoClassLoader - Seeing class for first time: com.fasterxml.jackson.databind.jsontype.PolymorphicTypeValidator$Validity
2024-11-12 13:42:07,111 INFO  EvoClassLoader - Instrumenting class 'com.fasterxml.jackson.databind.jsontype.PolymorphicTypeValidator$Validity'.
2024-11-12 13:42:07,112 INFO  MethodCallReplacementClassAdapter - Adding mock interface to class com/fasterxml/jackson/databind/jsontype/PolymorphicTypeValidator$Validity
2024-11-12 13:42:07,112 INFO  CreateClassResetClassAdapter - Found static initializer in class com/fasterxml/jackson/databind/jsontype/PolymorphicTypeValidator$Validity
2024-11-12 13:42:07,112 INFO  EvoClassLoader - Keeping class: com.fasterxml.jackson.databind.jsontype.PolymorphicTypeValidator$Validity
2024-11-12 13:42:07,112 INFO  EvoClassLoader - Seeing class for first time: com.fasterxml.jackson.databind.jsontype.PolymorphicTypeValidator$Base
2024-11-12 13:42:07,112 INFO  EvoClassLoader - Instrumenting class 'com.fasterxml.jackson.databind.jsontype.PolymorphicTypeValidator$Base'.
2024-11-12 13:42:07,113 INFO  MethodCallReplacementClassAdapter - Adding mock interface to class com/fasterxml/jackson/databind/jsontype/PolymorphicTypeValidator$Base
2024-11-12 13:42:07,113 INFO  CreateClassResetClassAdapter - Creating brand-new static initializer in class com/fasterxml/jackson/databind/jsontype/PolymorphicTypeValidator$Base
2024-11-12 13:42:07,113 INFO  EvoClassLoader - Keeping class: com.fasterxml.jackson.databind.jsontype.PolymorphicTypeValidator$Base
2024-11-12 13:42:07,113 INFO  EvoClassLoader - Seeing class for first time: com.fasterxml.jackson.databind.jsontype.impl.LaissezFaireSubTypeValidator
2024-11-12 13:42:07,113 INFO  EvoClassLoader - Instrumenting class 'com.fasterxml.jackson.databind.jsontype.impl.LaissezFaireSubTypeValidator'.
2024-11-12 13:42:07,114 INFO  MethodCallReplacementClassAdapter - Adding mock interface to class com/fasterxml/jackson/databind/jsontype/impl/LaissezFaireSubTypeValidator
2024-11-12 13:42:07,114 INFO  CreateClassResetClassAdapter - Found static initializer in class com/fasterxml/jackson/databind/jsontype/impl/LaissezFaireSubTypeValidator
2024-11-12 13:42:07,114 INFO  EvoClassLoader - Keeping class: com.fasterxml.jackson.databind.jsontype.impl.LaissezFaireSubTypeValidator
2024-11-12 13:42:07,114 INFO  EvoClassLoader - Seeing class for first time: com.fasterxml.jackson.databind.introspect.AccessorNamingStrategy
2024-11-12 13:42:07,114 INFO  EvoClassLoader - Instrumenting class 'com.fasterxml.jackson.databind.introspect.AccessorNamingStrategy'.
2024-11-12 13:42:07,114 INFO  MethodCallReplacementClassAdapter - Adding mock interface to class com/fasterxml/jackson/databind/introspect/AccessorNamingStrategy
2024-11-12 13:42:07,114 INFO  CreateClassResetClassAdapter - Creating brand-new static initializer in class com/fasterxml/jackson/databind/introspect/AccessorNamingStrategy
2024-11-12 13:42:07,115 INFO  EvoClassLoader - Keeping class: com.fasterxml.jackson.databind.introspect.AccessorNamingStrategy
2024-11-12 13:42:07,115 INFO  EvoClassLoader - Seeing class for first time: com.fasterxml.jackson.databind.BeanDescription
2024-11-12 13:42:07,115 INFO  EvoClassLoader - Instrumenting class 'com.fasterxml.jackson.databind.BeanDescription'.
2024-11-12 13:42:07,115 INFO  MethodCallReplacementClassAdapter - Adding mock interface to class com/fasterxml/jackson/databind/BeanDescription
2024-11-12 13:42:07,115 INFO  CreateClassResetClassAdapter - Creating brand-new static initializer in class com/fasterxml/jackson/databind/BeanDescription
2024-11-12 13:42:07,116 INFO  EvoClassLoader - Keeping class: com.fasterxml.jackson.databind.BeanDescription
2024-11-12 13:42:07,116 INFO  EvoClassLoader - Seeing class for first time: com.fasterxml.jackson.databind.introspect.DefaultAccessorNamingStrategy
2024-11-12 13:42:07,116 INFO  EvoClassLoader - Instrumenting class 'com.fasterxml.jackson.databind.introspect.DefaultAccessorNamingStrategy'.
2024-11-12 13:42:07,116 INFO  MethodCallReplacementClassAdapter - Adding mock interface to class com/fasterxml/jackson/databind/introspect/DefaultAccessorNamingStrategy
2024-11-12 13:42:07,117 INFO  CreateClassResetClassAdapter - Creating brand-new static initializer in class com/fasterxml/jackson/databind/introspect/DefaultAccessorNamingStrategy
2024-11-12 13:42:07,117 INFO  EvoClassLoader - Keeping class: com.fasterxml.jackson.databind.introspect.DefaultAccessorNamingStrategy
2024-11-12 13:42:07,117 INFO  EvoClassLoader - Seeing class for first time: com.fasterxml.jackson.databind.introspect.DefaultAccessorNamingStrategy$RecordNaming
2024-11-12 13:42:07,117 INFO  EvoClassLoader - Instrumenting class 'com.fasterxml.jackson.databind.introspect.DefaultAccessorNamingStrategy$RecordNaming'.
2024-11-12 13:42:07,118 INFO  MethodCallReplacementClassAdapter - Adding mock interface to class com/fasterxml/jackson/databind/introspect/DefaultAccessorNamingStrategy$RecordNaming
2024-11-12 13:42:07,118 INFO  CreateClassResetClassAdapter - Creating brand-new static initializer in class com/fasterxml/jackson/databind/introspect/DefaultAccessorNamingStrategy$RecordNaming
2024-11-12 13:42:07,118 INFO  EvoClassLoader - Keeping class: com.fasterxml.jackson.databind.introspect.DefaultAccessorNamingStrategy$RecordNaming
2024-11-12 13:42:07,118 INFO  EvoClassLoader - Seeing class for first time: com.fasterxml.jackson.databind.introspect.DefaultAccessorNamingStrategy$FirstCharBasedValidator
2024-11-12 13:42:07,118 INFO  EvoClassLoader - Instrumenting class 'com.fasterxml.jackson.databind.introspect.DefaultAccessorNamingStrategy$FirstCharBasedValidator'.
2024-11-12 13:42:07,118 INFO  MethodCallReplacementClassAdapter - Adding mock interface to class com/fasterxml/jackson/databind/introspect/DefaultAccessorNamingStrategy$FirstCharBasedValidator
2024-11-12 13:42:07,119 INFO  CreateClassResetClassAdapter - Creating brand-new static initializer in class com/fasterxml/jackson/databind/introspect/DefaultAccessorNamingStrategy$FirstCharBasedValidator
2024-11-12 13:42:07,119 INFO  EvoClassLoader - Seeing class for first time: com.fasterxml.jackson.databind.introspect.DefaultAccessorNamingStrategy$BaseNameValidator
2024-11-12 13:42:07,119 INFO  EvoClassLoader - Instrumenting class 'com.fasterxml.jackson.databind.introspect.DefaultAccessorNamingStrategy$BaseNameValidator'.
2024-11-12 13:42:07,119 INFO  EvoClassLoader - Keeping class: com.fasterxml.jackson.databind.introspect.DefaultAccessorNamingStrategy$BaseNameValidator
2024-11-12 13:42:07,119 INFO  EvoClassLoader - Keeping class: com.fasterxml.jackson.databind.introspect.DefaultAccessorNamingStrategy$FirstCharBasedValidator
2024-11-12 13:42:07,120 INFO  EvoClassLoader - Seeing class for first time: com.fasterxml.jackson.databind.ObjectMapper
2024-11-12 13:42:07,120 INFO  EvoClassLoader - Instrumenting class 'com.fasterxml.jackson.databind.ObjectMapper'.
2024-11-12 13:42:07,122 INFO  MethodCallReplacementClassAdapter - Adding mock interface to class com/fasterxml/jackson/databind/ObjectMapper
2024-11-12 13:42:07,131 INFO  CreateClassResetClassAdapter - Found static initializer in class com/fasterxml/jackson/databind/ObjectMapper
2024-11-12 13:42:07,133 INFO  EvoClassLoader - Keeping class: com.fasterxml.jackson.databind.ObjectMapper
2024-11-12 13:42:07,133 INFO  EvoClassLoader - Seeing class for first time: com.fasterxml.jackson.core.io.SegmentedStringWriter
2024-11-12 13:42:07,133 INFO  EvoClassLoader - Instrumenting class 'com.fasterxml.jackson.core.io.SegmentedStringWriter'.
2024-11-12 13:42:07,134 INFO  MethodCallReplacementClassAdapter - Adding mock interface to class com/fasterxml/jackson/core/io/SegmentedStringWriter
2024-11-12 13:42:07,134 INFO  CreateClassResetClassAdapter - Creating brand-new static initializer in class com/fasterxml/jackson/core/io/SegmentedStringWriter
2024-11-12 13:42:07,134 INFO  EvoClassLoader - Defined package (3): package com.fasterxml.jackson.core.io, -12787315
2024-11-12 13:42:07,134 INFO  EvoClassLoader - Keeping class: com.fasterxml.jackson.core.io.SegmentedStringWriter
2024-11-12 13:42:07,134 INFO  EvoClassLoader - Seeing class for first time: com.fasterxml.jackson.databind.node.NullNode
2024-11-12 13:42:07,134 INFO  EvoClassLoader - Instrumenting class 'com.fasterxml.jackson.databind.node.NullNode'.
2024-11-12 13:42:07,134 INFO  MethodCallReplacementClassAdapter - Adding mock interface to class com/fasterxml/jackson/databind/node/NullNode
2024-11-12 13:42:07,135 INFO  CreateClassResetClassAdapter - Found static initializer in class com/fasterxml/jackson/databind/node/NullNode
2024-11-12 13:42:07,135 INFO  EvoClassLoader - Defined package (3): package com.fasterxml.jackson.databind.node, -1863371167
2024-11-12 13:42:07,135 INFO  EvoClassLoader - Seeing class for first time: com.fasterxml.jackson.databind.node.ValueNode
2024-11-12 13:42:07,135 INFO  EvoClassLoader - Instrumenting class 'com.fasterxml.jackson.databind.node.ValueNode'.
2024-11-12 13:42:07,135 INFO  MethodCallReplacementClassAdapter - Adding mock interface to class com/fasterxml/jackson/databind/node/ValueNode
2024-11-12 13:42:07,135 INFO  CreateClassResetClassAdapter - Creating brand-new static initializer in class com/fasterxml/jackson/databind/node/ValueNode
2024-11-12 13:42:07,135 INFO  EvoClassLoader - Seeing class for first time: com.fasterxml.jackson.databind.node.BaseJsonNode
2024-11-12 13:42:07,135 INFO  EvoClassLoader - Instrumenting class 'com.fasterxml.jackson.databind.node.BaseJsonNode'.
2024-11-12 13:42:07,135 INFO  MethodCallReplacementClassAdapter - Adding mock interface to class com/fasterxml/jackson/databind/node/BaseJsonNode
2024-11-12 13:42:07,136 INFO  CreateClassResetClassAdapter - Creating brand-new static initializer in class com/fasterxml/jackson/databind/node/BaseJsonNode
2024-11-12 13:42:07,136 INFO  EvoClassLoader - Keeping class: com.fasterxml.jackson.databind.node.BaseJsonNode
2024-11-12 13:42:07,136 INFO  EvoClassLoader - Keeping class: com.fasterxml.jackson.databind.node.ValueNode
2024-11-12 13:42:07,136 INFO  EvoClassLoader - Keeping class: com.fasterxml.jackson.databind.node.NullNode
2024-11-12 13:42:07,136 INFO  EvoClassLoader - Seeing class for first time: com.fasterxml.jackson.databind.node.TreeTraversingParser
2024-11-12 13:42:07,136 INFO  EvoClassLoader - Instrumenting class 'com.fasterxml.jackson.databind.node.TreeTraversingParser'.
2024-11-12 13:42:07,136 INFO  MethodCallReplacementClassAdapter - Adding mock interface to class com/fasterxml/jackson/databind/node/TreeTraversingParser
2024-11-12 13:42:07,136 INFO  CreateClassResetClassAdapter - Creating brand-new static initializer in class com/fasterxml/jackson/databind/node/TreeTraversingParser
2024-11-12 13:42:07,137 INFO  EvoClassLoader - Seeing class for first time: com.fasterxml.jackson.core.base.ParserMinimalBase
2024-11-12 13:42:07,137 INFO  EvoClassLoader - Instrumenting class 'com.fasterxml.jackson.core.base.ParserMinimalBase'.
2024-11-12 13:42:07,137 INFO  MethodCallReplacementClassAdapter - Adding mock interface to class com/fasterxml/jackson/core/base/ParserMinimalBase
2024-11-12 13:42:07,138 INFO  CreateClassResetClassAdapter - Found static initializer in class com/fasterxml/jackson/core/base/ParserMinimalBase
2024-11-12 13:42:07,138 INFO  EvoClassLoader - Defined package (3): package com.fasterxml.jackson.core.base, 596073848
2024-11-12 13:42:07,139 INFO  EvoClassLoader - Keeping class: com.fasterxml.jackson.core.base.ParserMinimalBase
2024-11-12 13:42:07,139 INFO  EvoClassLoader - Keeping class: com.fasterxml.jackson.databind.node.TreeTraversingParser
2024-11-12 13:42:07,139 INFO  EvoClassLoader - Seeing class for first time: com.fasterxml.jackson.databind.deser.DefaultDeserializationContext
2024-11-12 13:42:07,139 INFO  EvoClassLoader - Instrumenting class 'com.fasterxml.jackson.databind.deser.DefaultDeserializationContext'.
2024-11-12 13:42:07,139 INFO  MethodCallReplacementClassAdapter - Adding mock interface to class com/fasterxml/jackson/databind/deser/DefaultDeserializationContext
2024-11-12 13:42:07,140 INFO  CreateClassResetClassAdapter - Creating brand-new static initializer in class com/fasterxml/jackson/databind/deser/DefaultDeserializationContext
2024-11-12 13:42:07,140 INFO  EvoClassLoader - Defined package (3): package com.fasterxml.jackson.databind.deser, -1939449920
2024-11-12 13:42:07,141 INFO  EvoClassLoader - Keeping class: com.fasterxml.jackson.databind.deser.DefaultDeserializationContext
2024-11-12 13:42:07,141 INFO  EvoClassLoader - Seeing class for first time: com.fasterxml.jackson.databind.introspect.BasicClassIntrospector
2024-11-12 13:42:07,141 INFO  EvoClassLoader - Instrumenting class 'com.fasterxml.jackson.databind.introspect.BasicClassIntrospector'.
2024-11-12 13:42:07,141 INFO  MethodCallReplacementClassAdapter - Adding mock interface to class com/fasterxml/jackson/databind/introspect/BasicClassIntrospector
2024-11-12 13:42:07,142 INFO  CreateClassResetClassAdapter - Found static initializer in class com/fasterxml/jackson/databind/introspect/BasicClassIntrospector
2024-11-12 13:42:07,142 INFO  EvoClassLoader - Keeping class: com.fasterxml.jackson.databind.introspect.BasicClassIntrospector
2024-11-12 13:42:07,142 INFO  EvoClassLoader - Seeing class for first time: com.fasterxml.jackson.databind.Module$SetupContext
2024-11-12 13:42:07,142 INFO  EvoClassLoader - Instrumenting class 'com.fasterxml.jackson.databind.Module$SetupContext'.
2024-11-12 13:42:07,143 INFO  EvoClassLoader - Keeping class: com.fasterxml.jackson.databind.Module$SetupContext
2024-11-12 13:42:07,143 INFO  EvoClassLoader - Seeing class for first time: com.fasterxml.jackson.databind.ser.DefaultSerializerProvider
2024-11-12 13:42:07,143 INFO  EvoClassLoader - Instrumenting class 'com.fasterxml.jackson.databind.ser.DefaultSerializerProvider'.
2024-11-12 13:42:07,143 INFO  MethodCallReplacementClassAdapter - Adding mock interface to class com/fasterxml/jackson/databind/ser/DefaultSerializerProvider
2024-11-12 13:42:07,145 INFO  CreateClassResetClassAdapter - Creating brand-new static initializer in class com/fasterxml/jackson/databind/ser/DefaultSerializerProvider
2024-11-12 13:42:07,145 INFO  EvoClassLoader - Keeping class: com.fasterxml.jackson.databind.ser.DefaultSerializerProvider
2024-11-12 13:42:07,146 INFO  EvoClassLoader - Seeing class for first time: com.fasterxml.jackson.databind.util.TokenBuffer
2024-11-12 13:42:07,146 INFO  EvoClassLoader - Instrumenting class 'com.fasterxml.jackson.databind.util.TokenBuffer'.
2024-11-12 13:42:07,147 INFO  MethodCallReplacementClassAdapter - Adding mock interface to class com/fasterxml/jackson/databind/util/TokenBuffer
2024-11-12 13:42:07,152 INFO  CreateClassResetClassAdapter - Found static initializer in class com/fasterxml/jackson/databind/util/TokenBuffer
2024-11-12 13:42:07,154 INFO  EvoClassLoader - Keeping class: com.fasterxml.jackson.databind.util.TokenBuffer
2024-11-12 13:42:07,155 INFO  EvoClassLoader - Seeing class for first time: com.fasterxml.jackson.databind.exc.MismatchedInputException
2024-11-12 13:42:07,155 INFO  EvoClassLoader - Instrumenting class 'com.fasterxml.jackson.databind.exc.MismatchedInputException'.
2024-11-12 13:42:07,155 INFO  MethodCallReplacementClassAdapter - Adding mock interface to class com/fasterxml/jackson/databind/exc/MismatchedInputException
2024-11-12 13:42:07,156 INFO  CreateClassResetClassAdapter - Creating brand-new static initializer in class com/fasterxml/jackson/databind/exc/MismatchedInputException
2024-11-12 13:42:07,156 INFO  EvoClassLoader - Defined package (3): package com.fasterxml.jackson.databind.exc, -1584137775
2024-11-12 13:42:07,156 INFO  EvoClassLoader - Keeping class: com.fasterxml.jackson.databind.exc.MismatchedInputException
2024-11-12 13:42:07,156 INFO  EvoClassLoader - Seeing class for first time: com.fasterxml.jackson.databind.MappingJsonFactory
2024-11-12 13:42:07,156 INFO  EvoClassLoader - Instrumenting class 'com.fasterxml.jackson.databind.MappingJsonFactory'.
2024-11-12 13:42:07,156 INFO  MethodCallReplacementClassAdapter - Adding mock interface to class com/fasterxml/jackson/databind/MappingJsonFactory
2024-11-12 13:42:07,156 INFO  CreateClassResetClassAdapter - Creating brand-new static initializer in class com/fasterxml/jackson/databind/MappingJsonFactory
2024-11-12 13:42:07,157 INFO  EvoClassLoader - Keeping class: com.fasterxml.jackson.databind.MappingJsonFactory
2024-11-12 13:42:07,157 INFO  EvoClassLoader - Seeing class for first time: com.fasterxml.jackson.databind.jsontype.SubtypeResolver
2024-11-12 13:42:07,157 INFO  EvoClassLoader - Instrumenting class 'com.fasterxml.jackson.databind.jsontype.SubtypeResolver'.
2024-11-12 13:42:07,158 INFO  MethodCallReplacementClassAdapter - Adding mock interface to class com/fasterxml/jackson/databind/jsontype/SubtypeResolver
2024-11-12 13:42:07,158 INFO  CreateClassResetClassAdapter - Creating brand-new static initializer in class com/fasterxml/jackson/databind/jsontype/SubtypeResolver
2024-11-12 13:42:07,158 INFO  EvoClassLoader - Keeping class: com.fasterxml.jackson.databind.jsontype.SubtypeResolver
2024-11-12 13:42:07,158 INFO  EvoClassLoader - Seeing class for first time: com.fasterxml.jackson.databind.jsontype.impl.StdSubtypeResolver
2024-11-12 13:42:07,158 INFO  EvoClassLoader - Instrumenting class 'com.fasterxml.jackson.databind.jsontype.impl.StdSubtypeResolver'.
2024-11-12 13:42:07,159 INFO  MethodCallReplacementClassAdapter - Adding mock interface to class com/fasterxml/jackson/databind/jsontype/impl/StdSubtypeResolver
2024-11-12 13:42:07,159 INFO  CreateClassResetClassAdapter - Creating brand-new static initializer in class com/fasterxml/jackson/databind/jsontype/impl/StdSubtypeResolver
2024-11-12 13:42:07,160 INFO  EvoClassLoader - Keeping class: com.fasterxml.jackson.databind.jsontype.impl.StdSubtypeResolver
2024-11-12 13:42:07,160 INFO  EvoClassLoader - Seeing class for first time: com.fasterxml.jackson.databind.ser.DefaultSerializerProvider$Impl
2024-11-12 13:42:07,160 INFO  EvoClassLoader - Instrumenting class 'com.fasterxml.jackson.databind.ser.DefaultSerializerProvider$Impl'.
2024-11-12 13:42:07,160 INFO  MethodCallReplacementClassAdapter - Adding mock interface to class com/fasterxml/jackson/databind/ser/DefaultSerializerProvider$Impl
2024-11-12 13:42:07,160 INFO  CreateClassResetClassAdapter - Creating brand-new static initializer in class com/fasterxml/jackson/databind/ser/DefaultSerializerProvider$Impl
2024-11-12 13:42:07,160 INFO  EvoClassLoader - Keeping class: com.fasterxml.jackson.databind.ser.DefaultSerializerProvider$Impl
2024-11-12 13:42:07,161 INFO  EvoClassLoader - Seeing class for first time: com.fasterxml.jackson.databind.deser.DeserializerFactory
2024-11-12 13:42:07,161 INFO  EvoClassLoader - Instrumenting class 'com.fasterxml.jackson.databind.deser.DeserializerFactory'.
2024-11-12 13:42:07,161 INFO  MethodCallReplacementClassAdapter - Adding mock interface to class com/fasterxml/jackson/databind/deser/DeserializerFactory
2024-11-12 13:42:07,161 INFO  CreateClassResetClassAdapter - Found static initializer in class com/fasterxml/jackson/databind/deser/DeserializerFactory
2024-11-12 13:42:07,161 INFO  EvoClassLoader - Keeping class: com.fasterxml.jackson.databind.deser.DeserializerFactory
2024-11-12 13:42:07,161 INFO  EvoClassLoader - Seeing class for first time: com.fasterxml.jackson.databind.deser.BeanDeserializerFactory
2024-11-12 13:42:07,161 INFO  EvoClassLoader - Instrumenting class 'com.fasterxml.jackson.databind.deser.BeanDeserializerFactory'.
2024-11-12 13:42:07,163 INFO  MethodCallReplacementClassAdapter - Adding mock interface to class com/fasterxml/jackson/databind/deser/BeanDeserializerFactory
2024-11-12 13:42:07,178 INFO  CreateClassResetClassAdapter - Found static initializer in class com/fasterxml/jackson/databind/deser/BeanDeserializerFactory
2024-11-12 13:42:07,179 INFO  EvoClassLoader - Seeing class for first time: com.fasterxml.jackson.databind.deser.BasicDeserializerFactory
2024-11-12 13:42:07,179 INFO  EvoClassLoader - Instrumenting class 'com.fasterxml.jackson.databind.deser.BasicDeserializerFactory'.
2024-11-12 13:42:07,180 INFO  MethodCallReplacementClassAdapter - Adding mock interface to class com/fasterxml/jackson/databind/deser/BasicDeserializerFactory
2024-11-12 13:42:07,196 INFO  CreateClassResetClassAdapter - Found static initializer in class com/fasterxml/jackson/databind/deser/BasicDeserializerFactory
2024-11-12 13:42:07,197 INFO  EvoClassLoader - Keeping class: com.fasterxml.jackson.databind.deser.BasicDeserializerFactory
2024-11-12 13:42:07,197 INFO  EvoClassLoader - Keeping class: com.fasterxml.jackson.databind.deser.BeanDeserializerFactory
2024-11-12 13:42:07,197 INFO  EvoClassLoader - Seeing class for first time: com.fasterxml.jackson.databind.deser.DefaultDeserializationContext$Impl
2024-11-12 13:42:07,197 INFO  EvoClassLoader - Instrumenting class 'com.fasterxml.jackson.databind.deser.DefaultDeserializationContext$Impl'.
2024-11-12 13:42:07,197 INFO  MethodCallReplacementClassAdapter - Adding mock interface to class com/fasterxml/jackson/databind/deser/DefaultDeserializationContext$Impl
2024-11-12 13:42:07,197 INFO  CreateClassResetClassAdapter - Creating brand-new static initializer in class com/fasterxml/jackson/databind/deser/DefaultDeserializationContext$Impl
2024-11-12 13:42:07,197 INFO  EvoClassLoader - Keeping class: com.fasterxml.jackson.databind.deser.DefaultDeserializationContext$Impl
2024-11-12 13:42:07,197 INFO  EvoClassLoader - Seeing class for first time: com.fasterxml.jackson.databind.ser.SerializerFactory
2024-11-12 13:42:07,197 INFO  EvoClassLoader - Instrumenting class 'com.fasterxml.jackson.databind.ser.SerializerFactory'.
2024-11-12 13:42:07,198 INFO  MethodCallReplacementClassAdapter - Adding mock interface to class com/fasterxml/jackson/databind/ser/SerializerFactory
2024-11-12 13:42:07,198 INFO  CreateClassResetClassAdapter - Creating brand-new static initializer in class com/fasterxml/jackson/databind/ser/SerializerFactory
2024-11-12 13:42:07,198 INFO  EvoClassLoader - Keeping class: com.fasterxml.jackson.databind.ser.SerializerFactory
2024-11-12 13:42:07,198 INFO  EvoClassLoader - Seeing class for first time: com.fasterxml.jackson.databind.ser.BeanSerializerFactory
2024-11-12 13:42:07,198 INFO  EvoClassLoader - Instrumenting class 'com.fasterxml.jackson.databind.ser.BeanSerializerFactory'.
2024-11-12 13:42:07,198 INFO  MethodCallReplacementClassAdapter - Adding mock interface to class com/fasterxml/jackson/databind/ser/BeanSerializerFactory
2024-11-12 13:42:07,201 INFO  CreateClassResetClassAdapter - Found static initializer in class com/fasterxml/jackson/databind/ser/BeanSerializerFactory
2024-11-12 13:42:07,202 INFO  EvoClassLoader - Seeing class for first time: com.fasterxml.jackson.databind.ser.BasicSerializerFactory
2024-11-12 13:42:07,202 INFO  EvoClassLoader - Instrumenting class 'com.fasterxml.jackson.databind.ser.BasicSerializerFactory'.
2024-11-12 13:42:07,203 INFO  MethodCallReplacementClassAdapter - Adding mock interface to class com/fasterxml/jackson/databind/ser/BasicSerializerFactory
2024-11-12 13:42:07,215 INFO  CreateClassResetClassAdapter - Found static initializer in class com/fasterxml/jackson/databind/ser/BasicSerializerFactory
2024-11-12 13:42:07,216 INFO  EvoClassLoader - Keeping class: com.fasterxml.jackson.databind.ser.BasicSerializerFactory
2024-11-12 13:42:07,216 INFO  EvoClassLoader - Keeping class: com.fasterxml.jackson.databind.ser.BeanSerializerFactory
2024-11-12 13:42:07,217 INFO  EvoClassLoader - Seeing class for first time: com.fasterxml.jackson.core.JsonGenerationException
2024-11-12 13:42:07,217 INFO  EvoClassLoader - Instrumenting class 'com.fasterxml.jackson.core.JsonGenerationException'.
2024-11-12 13:42:07,217 INFO  MethodCallReplacementClassAdapter - Adding mock interface to class com/fasterxml/jackson/core/JsonGenerationException
2024-11-12 13:42:07,217 INFO  CreateClassResetClassAdapter - Creating brand-new static initializer in class com/fasterxml/jackson/core/JsonGenerationException
2024-11-12 13:42:07,217 INFO  EvoClassLoader - Keeping class: com.fasterxml.jackson.core.JsonGenerationException
2024-11-12 13:42:07,217 INFO  EvoClassLoader - Seeing class for first time: com.fasterxml.jackson.databind.deser.DeserializationProblemHandler
2024-11-12 13:42:07,217 INFO  EvoClassLoader - Instrumenting class 'com.fasterxml.jackson.databind.deser.DeserializationProblemHandler'.
2024-11-12 13:42:07,218 INFO  MethodCallReplacementClassAdapter - Adding mock interface to class com/fasterxml/jackson/databind/deser/DeserializationProblemHandler
2024-11-12 13:42:07,218 INFO  CreateClassResetClassAdapter - Found static initializer in class com/fasterxml/jackson/databind/deser/DeserializationProblemHandler
2024-11-12 13:42:07,218 INFO  EvoClassLoader - Keeping class: com.fasterxml.jackson.databind.deser.DeserializationProblemHandler
2024-11-12 13:42:07,218 INFO  EvoClassLoader - Seeing class for first time: com.fasterxml.jackson.databind.DeserializationFeature
2024-11-12 13:42:07,218 INFO  EvoClassLoader - Instrumenting class 'com.fasterxml.jackson.databind.DeserializationFeature'.
2024-11-12 13:42:07,218 INFO  MethodCallReplacementClassAdapter - Adding mock interface to class com/fasterxml/jackson/databind/DeserializationFeature
2024-11-12 13:42:07,218 INFO  CreateClassResetClassAdapter - Found static initializer in class com/fasterxml/jackson/databind/DeserializationFeature
2024-11-12 13:42:07,219 INFO  EvoClassLoader - Seeing class for first time: com.fasterxml.jackson.databind.cfg.ConfigFeature
2024-11-12 13:42:07,219 INFO  EvoClassLoader - Instrumenting class 'com.fasterxml.jackson.databind.cfg.ConfigFeature'.
2024-11-12 13:42:07,219 INFO  EvoClassLoader - Keeping class: com.fasterxml.jackson.databind.cfg.ConfigFeature
2024-11-12 13:42:07,219 INFO  EvoClassLoader - Keeping class: com.fasterxml.jackson.databind.DeserializationFeature
2024-11-12 13:42:07,219 INFO  EvoClassLoader - Seeing class for first time: com.fasterxml.jackson.databind.ObjectReader
2024-11-12 13:42:07,219 INFO  EvoClassLoader - Instrumenting class 'com.fasterxml.jackson.databind.ObjectReader'.
2024-11-12 13:42:07,220 INFO  MethodCallReplacementClassAdapter - Adding mock interface to class com/fasterxml/jackson/databind/ObjectReader
2024-11-12 13:42:07,223 INFO  CreateClassResetClassAdapter - Creating brand-new static initializer in class com/fasterxml/jackson/databind/ObjectReader
2024-11-12 13:42:07,225 INFO  EvoClassLoader - Keeping class: com.fasterxml.jackson.databind.ObjectReader
2024-11-12 13:42:07,225 INFO  EvoClassLoader - Seeing class for first time: com.fasterxml.jackson.databind.cfg.ContextAttributes
2024-11-12 13:42:07,225 INFO  EvoClassLoader - Instrumenting class 'com.fasterxml.jackson.databind.cfg.ContextAttributes'.
2024-11-12 13:42:07,225 INFO  MethodCallReplacementClassAdapter - Adding mock interface to class com/fasterxml/jackson/databind/cfg/ContextAttributes
2024-11-12 13:42:07,225 INFO  CreateClassResetClassAdapter - Creating brand-new static initializer in class com/fasterxml/jackson/databind/cfg/ContextAttributes
2024-11-12 13:42:07,225 INFO  EvoClassLoader - Keeping class: com.fasterxml.jackson.databind.cfg.ContextAttributes
2024-11-12 13:42:07,225 INFO  EvoClassLoader - Seeing class for first time: com.fasterxml.jackson.databind.node.JsonNodeFactory
2024-11-12 13:42:07,225 INFO  EvoClassLoader - Instrumenting class 'com.fasterxml.jackson.databind.node.JsonNodeFactory'.
2024-11-12 13:42:07,225 INFO  MethodCallReplacementClassAdapter - Adding mock interface to class com/fasterxml/jackson/databind/node/JsonNodeFactory
2024-11-12 13:42:07,230 INFO  CreateClassResetClassAdapter - Found static initializer in class com/fasterxml/jackson/databind/node/JsonNodeFactory
2024-11-12 13:42:07,230 INFO  EvoClassLoader - Seeing class for first time: com.fasterxml.jackson.databind.node.JsonNodeCreator
2024-11-12 13:42:07,231 INFO  EvoClassLoader - Instrumenting class 'com.fasterxml.jackson.databind.node.JsonNodeCreator'.
2024-11-12 13:42:07,231 INFO  EvoClassLoader - Keeping class: com.fasterxml.jackson.databind.node.JsonNodeCreator
2024-11-12 13:42:07,231 INFO  EvoClassLoader - Keeping class: com.fasterxml.jackson.databind.node.JsonNodeFactory
2024-11-12 13:42:07,231 INFO  EvoClassLoader - Seeing class for first time: com.fasterxml.jackson.core.FormatSchema
2024-11-12 13:42:07,231 INFO  EvoClassLoader - Instrumenting class 'com.fasterxml.jackson.core.FormatSchema'.
2024-11-12 13:42:07,231 INFO  EvoClassLoader - Keeping class: com.fasterxml.jackson.core.FormatSchema
2024-11-12 13:42:07,231 INFO  EvoClassLoader - Seeing class for first time: com.fasterxml.jackson.databind.InjectableValues
2024-11-12 13:42:07,231 INFO  EvoClassLoader - Instrumenting class 'com.fasterxml.jackson.databind.InjectableValues'.
2024-11-12 13:42:07,231 INFO  MethodCallReplacementClassAdapter - Adding mock interface to class com/fasterxml/jackson/databind/InjectableValues
2024-11-12 13:42:07,231 INFO  CreateClassResetClassAdapter - Creating brand-new static initializer in class com/fasterxml/jackson/databind/InjectableValues
2024-11-12 13:42:07,231 INFO  EvoClassLoader - Keeping class: com.fasterxml.jackson.databind.InjectableValues
2024-11-12 13:42:07,231 INFO  EvoClassLoader - Seeing class for first time: com.fasterxml.jackson.databind.SerializationFeature
2024-11-12 13:42:07,231 INFO  EvoClassLoader - Instrumenting class 'com.fasterxml.jackson.databind.SerializationFeature'.
2024-11-12 13:42:07,232 INFO  MethodCallReplacementClassAdapter - Adding mock interface to class com/fasterxml/jackson/databind/SerializationFeature
2024-11-12 13:42:07,232 INFO  CreateClassResetClassAdapter - Found static initializer in class com/fasterxml/jackson/databind/SerializationFeature
2024-11-12 13:42:07,232 INFO  EvoClassLoader - Keeping class: com.fasterxml.jackson.databind.SerializationFeature
2024-11-12 13:42:07,232 INFO  EvoClassLoader - Seeing class for first time: com.fasterxml.jackson.databind.ObjectWriter
2024-11-12 13:42:07,232 INFO  EvoClassLoader - Instrumenting class 'com.fasterxml.jackson.databind.ObjectWriter'.
2024-11-12 13:42:07,233 INFO  MethodCallReplacementClassAdapter - Adding mock interface to class com/fasterxml/jackson/databind/ObjectWriter
2024-11-12 13:42:07,234 INFO  CreateClassResetClassAdapter - Found static initializer in class com/fasterxml/jackson/databind/ObjectWriter
2024-11-12 13:42:07,235 INFO  EvoClassLoader - Keeping class: com.fasterxml.jackson.databind.ObjectWriter
2024-11-12 13:42:07,235 INFO  EvoClassLoader - Seeing class for first time: com.fasterxml.jackson.core.io.CharacterEscapes
2024-11-12 13:42:07,235 INFO  EvoClassLoader - Instrumenting class 'com.fasterxml.jackson.core.io.CharacterEscapes'.
2024-11-12 13:42:07,235 INFO  MethodCallReplacementClassAdapter - Adding mock interface to class com/fasterxml/jackson/core/io/CharacterEscapes
2024-11-12 13:42:07,235 INFO  CreateClassResetClassAdapter - Creating brand-new static initializer in class com/fasterxml/jackson/core/io/CharacterEscapes
2024-11-12 13:42:07,235 INFO  CreateClassResetClassAdapter - Adding bytecode for initializing field ESCAPE_NONE
2024-11-12 13:42:07,235 INFO  CreateClassResetClassAdapter - Adding bytecode for initializing field ESCAPE_STANDARD
2024-11-12 13:42:07,235 INFO  CreateClassResetClassAdapter - Adding bytecode for initializing field ESCAPE_CUSTOM
2024-11-12 13:42:07,235 INFO  EvoClassLoader - Keeping class: com.fasterxml.jackson.core.io.CharacterEscapes
2024-11-12 13:42:07,235 INFO  EvoClassLoader - Seeing class for first time: com.fasterxml.jackson.core.PrettyPrinter
2024-11-12 13:42:07,235 INFO  EvoClassLoader - Instrumenting class 'com.fasterxml.jackson.core.PrettyPrinter'.
2024-11-12 13:42:07,235 INFO  EvoClassLoader - Keeping class: com.fasterxml.jackson.core.PrettyPrinter
2024-11-12 13:42:07,235 INFO  EvoClassLoader - Seeing class for first time: com.fasterxml.jackson.databind.ser.FilterProvider
2024-11-12 13:42:07,235 INFO  EvoClassLoader - Instrumenting class 'com.fasterxml.jackson.databind.ser.FilterProvider'.
2024-11-12 13:42:07,236 INFO  MethodCallReplacementClassAdapter - Adding mock interface to class com/fasterxml/jackson/databind/ser/FilterProvider
2024-11-12 13:42:07,236 INFO  CreateClassResetClassAdapter - Creating brand-new static initializer in class com/fasterxml/jackson/databind/ser/FilterProvider
2024-11-12 13:42:07,236 INFO  EvoClassLoader - Keeping class: com.fasterxml.jackson.databind.ser.FilterProvider
2024-11-12 13:42:07,236 INFO  EvoClassLoader - Seeing class for first time: com.fasterxml.jackson.core.JsonParser$Feature
2024-11-12 13:42:07,236 INFO  EvoClassLoader - Instrumenting class 'com.fasterxml.jackson.core.JsonParser$Feature'.
2024-11-12 13:42:07,236 INFO  MethodCallReplacementClassAdapter - Adding mock interface to class com/fasterxml/jackson/core/JsonParser$Feature
2024-11-12 13:42:07,236 INFO  CreateClassResetClassAdapter - Found static initializer in class com/fasterxml/jackson/core/JsonParser$Feature
2024-11-12 13:42:07,236 INFO  EvoClassLoader - Keeping class: com.fasterxml.jackson.core.JsonParser$Feature
2024-11-12 13:42:07,236 INFO  EvoClassLoader - Seeing class for first time: com.fasterxml.jackson.databind.MapperFeature
2024-11-12 13:42:07,236 INFO  EvoClassLoader - Instrumenting class 'com.fasterxml.jackson.databind.MapperFeature'.
2024-11-12 13:42:07,237 INFO  MethodCallReplacementClassAdapter - Adding mock interface to class com/fasterxml/jackson/databind/MapperFeature
2024-11-12 13:42:07,237 INFO  CreateClassResetClassAdapter - Found static initializer in class com/fasterxml/jackson/databind/MapperFeature
2024-11-12 13:42:07,237 INFO  EvoClassLoader - Keeping class: com.fasterxml.jackson.databind.MapperFeature
2024-11-12 13:42:07,237 INFO  EvoClassLoader - Seeing class for first time: com.fasterxml.jackson.core.JsonFactory$Feature
2024-11-12 13:42:07,237 INFO  EvoClassLoader - Instrumenting class 'com.fasterxml.jackson.core.JsonFactory$Feature'.
2024-11-12 13:42:07,237 INFO  MethodCallReplacementClassAdapter - Adding mock interface to class com/fasterxml/jackson/core/JsonFactory$Feature
2024-11-12 13:42:07,237 INFO  CreateClassResetClassAdapter - Found static initializer in class com/fasterxml/jackson/core/JsonFactory$Feature
2024-11-12 13:42:07,237 INFO  EvoClassLoader - Seeing class for first time: com.fasterxml.jackson.core.util.JacksonFeature
2024-11-12 13:42:07,237 INFO  EvoClassLoader - Instrumenting class 'com.fasterxml.jackson.core.util.JacksonFeature'.
2024-11-12 13:42:07,237 INFO  EvoClassLoader - Keeping class: com.fasterxml.jackson.core.util.JacksonFeature
2024-11-12 13:42:07,237 INFO  EvoClassLoader - Keeping class: com.fasterxml.jackson.core.JsonFactory$Feature
2024-11-12 13:42:07,237 INFO  EvoClassLoader - Seeing class for first time: com.fasterxml.jackson.core.StreamReadFeature
2024-11-12 13:42:07,237 INFO  EvoClassLoader - Instrumenting class 'com.fasterxml.jackson.core.StreamReadFeature'.
2024-11-12 13:42:07,237 INFO  MethodCallReplacementClassAdapter - Adding mock interface to class com/fasterxml/jackson/core/StreamReadFeature
2024-11-12 13:42:07,238 INFO  CreateClassResetClassAdapter - Found static initializer in class com/fasterxml/jackson/core/StreamReadFeature
2024-11-12 13:42:07,238 INFO  EvoClassLoader - Keeping class: com.fasterxml.jackson.core.StreamReadFeature
2024-11-12 13:42:07,238 INFO  EvoClassLoader - Seeing class for first time: com.fasterxml.jackson.core.StreamWriteFeature
2024-11-12 13:42:07,238 INFO  EvoClassLoader - Instrumenting class 'com.fasterxml.jackson.core.StreamWriteFeature'.
2024-11-12 13:42:07,238 INFO  MethodCallReplacementClassAdapter - Adding mock interface to class com/fasterxml/jackson/core/StreamWriteFeature
2024-11-12 13:42:07,238 INFO  CreateClassResetClassAdapter - Found static initializer in class com/fasterxml/jackson/core/StreamWriteFeature
2024-11-12 13:42:07,238 INFO  EvoClassLoader - Keeping class: com.fasterxml.jackson.core.StreamWriteFeature
2024-11-12 13:42:07,238 INFO  EvoClassLoader - Seeing class for first time: com.fasterxml.jackson.core.JsonGenerator$Feature
2024-11-12 13:42:07,238 INFO  EvoClassLoader - Instrumenting class 'com.fasterxml.jackson.core.JsonGenerator$Feature'.
2024-11-12 13:42:07,238 INFO  MethodCallReplacementClassAdapter - Adding mock interface to class com/fasterxml/jackson/core/JsonGenerator$Feature
2024-11-12 13:42:07,238 INFO  CreateClassResetClassAdapter - Found static initializer in class com/fasterxml/jackson/core/JsonGenerator$Feature
2024-11-12 13:42:07,238 INFO  EvoClassLoader - Keeping class: com.fasterxml.jackson.core.JsonGenerator$Feature
2024-11-12 13:42:07,238 INFO  EvoClassLoader - Seeing class for first time: com.fasterxml.jackson.core.JsonEncoding
2024-11-12 13:42:07,238 INFO  EvoClassLoader - Instrumenting class 'com.fasterxml.jackson.core.JsonEncoding'.
2024-11-12 13:42:07,239 INFO  MethodCallReplacementClassAdapter - Adding mock interface to class com/fasterxml/jackson/core/JsonEncoding
2024-11-12 13:42:07,239 INFO  CreateClassResetClassAdapter - Found static initializer in class com/fasterxml/jackson/core/JsonEncoding
2024-11-12 13:42:07,239 INFO  EvoClassLoader - Keeping class: com.fasterxml.jackson.core.JsonEncoding
2024-11-12 13:42:07,239 INFO  EvoClassLoader - Seeing class for first time: com.fasterxml.jackson.core.JsonParseException
2024-11-12 13:42:07,239 INFO  EvoClassLoader - Instrumenting class 'com.fasterxml.jackson.core.JsonParseException'.
2024-11-12 13:42:07,239 INFO  MethodCallReplacementClassAdapter - Adding mock interface to class com/fasterxml/jackson/core/JsonParseException
2024-11-12 13:42:07,239 INFO  CreateClassResetClassAdapter - Creating brand-new static initializer in class com/fasterxml/jackson/core/JsonParseException
2024-11-12 13:42:07,239 INFO  EvoClassLoader - Seeing class for first time: com.fasterxml.jackson.core.exc.StreamReadException
2024-11-12 13:42:07,239 INFO  EvoClassLoader - Instrumenting class 'com.fasterxml.jackson.core.exc.StreamReadException'.
2024-11-12 13:42:07,239 INFO  MethodCallReplacementClassAdapter - Adding mock interface to class com/fasterxml/jackson/core/exc/StreamReadException
2024-11-12 13:42:07,239 INFO  CreateClassResetClassAdapter - Creating brand-new static initializer in class com/fasterxml/jackson/core/exc/StreamReadException
2024-11-12 13:42:07,239 INFO  EvoClassLoader - Defined package (3): package com.fasterxml.jackson.core.exc, -396410231
2024-11-12 13:42:07,240 INFO  EvoClassLoader - Keeping class: com.fasterxml.jackson.core.exc.StreamReadException
2024-11-12 13:42:07,240 INFO  EvoClassLoader - Keeping class: com.fasterxml.jackson.core.JsonParseException
2024-11-12 13:42:07,240 INFO  EvoClassLoader - Seeing class for first time: com.fasterxml.jackson.databind.node.ArrayNode
2024-11-12 13:42:07,240 INFO  EvoClassLoader - Instrumenting class 'com.fasterxml.jackson.databind.node.ArrayNode'.
2024-11-12 13:42:07,240 INFO  MethodCallReplacementClassAdapter - Adding mock interface to class com/fasterxml/jackson/databind/node/ArrayNode
2024-11-12 13:42:07,241 INFO  CreateClassResetClassAdapter - Creating brand-new static initializer in class com/fasterxml/jackson/databind/node/ArrayNode
2024-11-12 13:42:07,242 INFO  EvoClassLoader - Seeing class for first time: com.fasterxml.jackson.databind.node.ContainerNode
2024-11-12 13:42:07,242 INFO  EvoClassLoader - Instrumenting class 'com.fasterxml.jackson.databind.node.ContainerNode'.
2024-11-12 13:42:07,242 INFO  MethodCallReplacementClassAdapter - Adding mock interface to class com/fasterxml/jackson/databind/node/ContainerNode
2024-11-12 13:42:07,242 INFO  CreateClassResetClassAdapter - Creating brand-new static initializer in class com/fasterxml/jackson/databind/node/ContainerNode
2024-11-12 13:42:07,242 INFO  EvoClassLoader - Keeping class: com.fasterxml.jackson.databind.node.ContainerNode
2024-11-12 13:42:07,243 INFO  EvoClassLoader - Keeping class: com.fasterxml.jackson.databind.node.ArrayNode
2024-11-12 13:42:07,243 INFO  EvoClassLoader - Seeing class for first time: com.fasterxml.jackson.databind.node.ObjectNode
2024-11-12 13:42:07,243 INFO  EvoClassLoader - Instrumenting class 'com.fasterxml.jackson.databind.node.ObjectNode'.
2024-11-12 13:42:07,243 INFO  MethodCallReplacementClassAdapter - Adding mock interface to class com/fasterxml/jackson/databind/node/ObjectNode
2024-11-12 13:42:07,249 INFO  CreateClassResetClassAdapter - Creating brand-new static initializer in class com/fasterxml/jackson/databind/node/ObjectNode
2024-11-12 13:42:07,250 INFO  EvoClassLoader - Keeping class: com.fasterxml.jackson.databind.node.ObjectNode
2024-11-12 13:42:07,250 INFO  EvoClassLoader - Seeing class for first time: com.fasterxml.jackson.databind.MappingIterator
2024-11-12 13:42:07,250 INFO  EvoClassLoader - Instrumenting class 'com.fasterxml.jackson.databind.MappingIterator'.
2024-11-12 13:42:07,250 INFO  MethodCallReplacementClassAdapter - Adding mock interface to class com/fasterxml/jackson/databind/MappingIterator
2024-11-12 13:42:07,251 INFO  CreateClassResetClassAdapter - Found static initializer in class com/fasterxml/jackson/databind/MappingIterator
2024-11-12 13:42:07,251 INFO  EvoClassLoader - Keeping class: com.fasterxml.jackson.databind.MappingIterator
2024-11-12 13:42:07,252 INFO  EvoClassLoader - Seeing class for first time: com.fasterxml.jackson.databind.SerializationConfig
2024-11-12 13:42:07,252 INFO  EvoClassLoader - Instrumenting class 'com.fasterxml.jackson.databind.SerializationConfig'.
2024-11-12 13:42:07,252 INFO  MethodCallReplacementClassAdapter - Adding mock interface to class com/fasterxml/jackson/databind/SerializationConfig
2024-11-12 13:42:07,253 INFO  CreateClassResetClassAdapter - Found static initializer in class com/fasterxml/jackson/databind/SerializationConfig
2024-11-12 13:42:07,254 INFO  EvoClassLoader - Seeing class for first time: com.fasterxml.jackson.databind.cfg.MapperConfigBase
2024-11-12 13:42:07,254 INFO  EvoClassLoader - Instrumenting class 'com.fasterxml.jackson.databind.cfg.MapperConfigBase'.
2024-11-12 13:42:07,255 INFO  MethodCallReplacementClassAdapter - Adding mock interface to class com/fasterxml/jackson/databind/cfg/MapperConfigBase
2024-11-12 13:42:07,256 INFO  CreateClassResetClassAdapter - Found static initializer in class com/fasterxml/jackson/databind/cfg/MapperConfigBase
2024-11-12 13:42:07,256 INFO  EvoClassLoader - Keeping class: com.fasterxml.jackson.databind.cfg.MapperConfigBase
2024-11-12 13:42:07,256 INFO  EvoClassLoader - Keeping class: com.fasterxml.jackson.databind.SerializationConfig
2024-11-12 13:42:07,257 INFO  EvoClassLoader - Seeing class for first time: com.fasterxml.jackson.databind.DeserializationConfig
2024-11-12 13:42:07,257 INFO  EvoClassLoader - Instrumenting class 'com.fasterxml.jackson.databind.DeserializationConfig'.
2024-11-12 13:42:07,257 INFO  MethodCallReplacementClassAdapter - Adding mock interface to class com/fasterxml/jackson/databind/DeserializationConfig
2024-11-12 13:42:07,258 INFO  CreateClassResetClassAdapter - Found static initializer in class com/fasterxml/jackson/databind/DeserializationConfig
2024-11-12 13:42:07,259 INFO  EvoClassLoader - Keeping class: com.fasterxml.jackson.databind.DeserializationConfig
2024-11-12 13:42:07,259 INFO  EvoClassLoader - Seeing class for first time: com.fasterxml.jackson.databind.Module
2024-11-12 13:42:07,259 INFO  EvoClassLoader - Instrumenting class 'com.fasterxml.jackson.databind.Module'.
2024-11-12 13:42:07,259 INFO  MethodCallReplacementClassAdapter - Adding mock interface to class com/fasterxml/jackson/databind/Module
2024-11-12 13:42:07,260 INFO  CreateClassResetClassAdapter - Creating brand-new static initializer in class com/fasterxml/jackson/databind/Module
2024-11-12 13:42:07,260 INFO  EvoClassLoader - Keeping class: com.fasterxml.jackson.databind.Module
2024-11-12 13:42:07,260 INFO  EvoClassLoader - Seeing class for first time: com.fasterxml.jackson.annotation.PropertyAccessor
2024-11-12 13:42:07,260 INFO  EvoClassLoader - Instrumenting class 'com.fasterxml.jackson.annotation.PropertyAccessor'.
2024-11-12 13:42:07,261 INFO  MethodCallReplacementClassAdapter - Adding mock interface to class com/fasterxml/jackson/annotation/PropertyAccessor
2024-11-12 13:42:07,261 INFO  CreateClassResetClassAdapter - Found static initializer in class com/fasterxml/jackson/annotation/PropertyAccessor
2024-11-12 13:42:07,261 INFO  EvoClassLoader - Keeping class: com.fasterxml.jackson.annotation.PropertyAccessor
2024-11-12 13:42:07,261 INFO  EvoClassLoader - Seeing class for first time: com.fasterxml.jackson.annotation.JsonAutoDetect$Visibility
2024-11-12 13:42:07,261 INFO  EvoClassLoader - Instrumenting class 'com.fasterxml.jackson.annotation.JsonAutoDetect$Visibility'.
2024-11-12 13:42:07,262 INFO  MethodCallReplacementClassAdapter - Adding mock interface to class com/fasterxml/jackson/annotation/JsonAutoDetect$Visibility
2024-11-12 13:42:07,262 INFO  CreateClassResetClassAdapter - Found static initializer in class com/fasterxml/jackson/annotation/JsonAutoDetect$Visibility
2024-11-12 13:42:07,262 INFO  EvoClassLoader - Keeping class: com.fasterxml.jackson.annotation.JsonAutoDetect$Visibility
2024-11-12 13:42:07,262 INFO  EvoClassLoader - Seeing class for first time: com.fasterxml.jackson.annotation.JsonAutoDetect$Value
2024-11-12 13:42:07,262 INFO  EvoClassLoader - Instrumenting class 'com.fasterxml.jackson.annotation.JsonAutoDetect$Value'.
2024-11-12 13:42:07,263 INFO  MethodCallReplacementClassAdapter - Adding mock interface to class com/fasterxml/jackson/annotation/JsonAutoDetect$Value
2024-11-12 13:42:07,263 INFO  CreateClassResetClassAdapter - Found static initializer in class com/fasterxml/jackson/annotation/JsonAutoDetect$Value
2024-11-12 13:42:07,264 INFO  EvoClassLoader - Keeping class: com.fasterxml.jackson.annotation.JsonAutoDetect$Value
2024-11-12 13:42:07,265 INFO  EvoClassLoader - Seeing class for first time: com.fasterxml.jackson.databind.jsontype.NamedType
2024-11-12 13:42:07,265 INFO  EvoClassLoader - Instrumenting class 'com.fasterxml.jackson.databind.jsontype.NamedType'.
2024-11-12 13:42:07,265 INFO  MethodCallReplacementClassAdapter - Adding mock interface to class com/fasterxml/jackson/databind/jsontype/NamedType
2024-11-12 13:42:07,266 INFO  CreateClassResetClassAdapter - Creating brand-new static initializer in class com/fasterxml/jackson/databind/jsontype/NamedType
2024-11-12 13:42:07,266 INFO  EvoClassLoader - Keeping class: com.fasterxml.jackson.databind.jsontype.NamedType
2024-11-12 13:42:07,266 INFO  EvoClassLoader - Seeing class for first time: com.fasterxml.jackson.databind.ObjectMapper$DefaultTyping
2024-11-12 13:42:07,266 INFO  EvoClassLoader - Instrumenting class 'com.fasterxml.jackson.databind.ObjectMapper$DefaultTyping'.
2024-11-12 13:42:07,266 INFO  MethodCallReplacementClassAdapter - Adding mock interface to class com/fasterxml/jackson/databind/ObjectMapper$DefaultTyping
2024-11-12 13:42:07,266 INFO  CreateClassResetClassAdapter - Found static initializer in class com/fasterxml/jackson/databind/ObjectMapper$DefaultTyping
2024-11-12 13:42:07,266 INFO  EvoClassLoader - Keeping class: com.fasterxml.jackson.databind.ObjectMapper$DefaultTyping
2024-11-12 13:42:07,266 INFO  EvoClassLoader - Seeing class for first time: com.fasterxml.jackson.annotation.JsonTypeInfo$As
2024-11-12 13:42:07,266 INFO  EvoClassLoader - Instrumenting class 'com.fasterxml.jackson.annotation.JsonTypeInfo$As'.
2024-11-12 13:42:07,266 INFO  MethodCallReplacementClassAdapter - Adding mock interface to class com/fasterxml/jackson/annotation/JsonTypeInfo$As
2024-11-12 13:42:07,266 INFO  CreateClassResetClassAdapter - Found static initializer in class com/fasterxml/jackson/annotation/JsonTypeInfo$As
2024-11-12 13:42:07,266 INFO  EvoClassLoader - Keeping class: com.fasterxml.jackson.annotation.JsonTypeInfo$As
2024-11-12 13:42:07,266 INFO  EvoClassLoader - Seeing class for first time: com.fasterxml.jackson.databind.cfg.MutableConfigOverride
2024-11-12 13:42:07,267 INFO  EvoClassLoader - Instrumenting class 'com.fasterxml.jackson.databind.cfg.MutableConfigOverride'.
2024-11-12 13:42:07,267 INFO  MethodCallReplacementClassAdapter - Adding mock interface to class com/fasterxml/jackson/databind/cfg/MutableConfigOverride
2024-11-12 13:42:07,267 INFO  CreateClassResetClassAdapter - Creating brand-new static initializer in class com/fasterxml/jackson/databind/cfg/MutableConfigOverride
2024-11-12 13:42:07,267 INFO  EvoClassLoader - Seeing class for first time: com.fasterxml.jackson.databind.cfg.ConfigOverride
2024-11-12 13:42:07,267 INFO  EvoClassLoader - Instrumenting class 'com.fasterxml.jackson.databind.cfg.ConfigOverride'.
2024-11-12 13:42:07,267 INFO  MethodCallReplacementClassAdapter - Adding mock interface to class com/fasterxml/jackson/databind/cfg/ConfigOverride
2024-11-12 13:42:07,267 INFO  CreateClassResetClassAdapter - Creating brand-new static initializer in class com/fasterxml/jackson/databind/cfg/ConfigOverride
2024-11-12 13:42:07,267 INFO  EvoClassLoader - Keeping class: com.fasterxml.jackson.databind.cfg.ConfigOverride
2024-11-12 13:42:07,267 INFO  EvoClassLoader - Keeping class: com.fasterxml.jackson.databind.cfg.MutableConfigOverride
2024-11-12 13:42:07,267 INFO  EvoClassLoader - Seeing class for first time: com.fasterxml.jackson.databind.cfg.MutableCoercionConfig
2024-11-12 13:42:07,267 INFO  EvoClassLoader - Instrumenting class 'com.fasterxml.jackson.databind.cfg.MutableCoercionConfig'.
2024-11-12 13:42:07,267 INFO  MethodCallReplacementClassAdapter - Adding mock interface to class com/fasterxml/jackson/databind/cfg/MutableCoercionConfig
2024-11-12 13:42:07,268 INFO  CreateClassResetClassAdapter - Creating brand-new static initializer in class com/fasterxml/jackson/databind/cfg/MutableCoercionConfig
2024-11-12 13:42:07,268 INFO  EvoClassLoader - Seeing class for first time: com.fasterxml.jackson.databind.cfg.CoercionConfig
2024-11-12 13:42:07,268 INFO  EvoClassLoader - Instrumenting class 'com.fasterxml.jackson.databind.cfg.CoercionConfig'.
2024-11-12 13:42:07,268 INFO  MethodCallReplacementClassAdapter - Adding mock interface to class com/fasterxml/jackson/databind/cfg/CoercionConfig
2024-11-12 13:42:07,268 INFO  CreateClassResetClassAdapter - Found static initializer in class com/fasterxml/jackson/databind/cfg/CoercionConfig
2024-11-12 13:42:07,268 INFO  EvoClassLoader - Keeping class: com.fasterxml.jackson.databind.cfg.CoercionConfig
2024-11-12 13:42:07,268 INFO  EvoClassLoader - Keeping class: com.fasterxml.jackson.databind.cfg.MutableCoercionConfig
2024-11-12 13:42:07,268 INFO  EvoClassLoader - Seeing class for first time: com.fasterxml.jackson.databind.type.LogicalType
2024-11-12 13:42:07,268 INFO  EvoClassLoader - Instrumenting class 'com.fasterxml.jackson.databind.type.LogicalType'.
2024-11-12 13:42:07,268 INFO  MethodCallReplacementClassAdapter - Adding mock interface to class com/fasterxml/jackson/databind/type/LogicalType
2024-11-12 13:42:07,268 INFO  CreateClassResetClassAdapter - Found static initializer in class com/fasterxml/jackson/databind/type/LogicalType
2024-11-12 13:42:07,269 INFO  EvoClassLoader - Keeping class: com.fasterxml.jackson.databind.type.LogicalType
2024-11-12 13:42:07,269 INFO  EvoClassLoader - Seeing class for first time: com.fasterxml.jackson.databind.cfg.ConstructorDetector
2024-11-12 13:42:07,269 INFO  EvoClassLoader - Instrumenting class 'com.fasterxml.jackson.databind.cfg.ConstructorDetector'.
2024-11-12 13:42:07,269 INFO  MethodCallReplacementClassAdapter - Adding mock interface to class com/fasterxml/jackson/databind/cfg/ConstructorDetector
2024-11-12 13:42:07,269 INFO  CreateClassResetClassAdapter - Found static initializer in class com/fasterxml/jackson/databind/cfg/ConstructorDetector
2024-11-12 13:42:07,269 INFO  EvoClassLoader - Keeping class: com.fasterxml.jackson.databind.cfg.ConstructorDetector
2024-11-12 13:42:07,269 INFO  EvoClassLoader - Seeing class for first time: com.fasterxml.jackson.databind.JsonDeserializer
2024-11-12 13:42:07,269 INFO  EvoClassLoader - Instrumenting class 'com.fasterxml.jackson.databind.JsonDeserializer'.
2024-11-12 13:42:07,269 INFO  MethodCallReplacementClassAdapter - Adding mock interface to class com/fasterxml/jackson/databind/JsonDeserializer
2024-11-12 13:42:07,270 INFO  CreateClassResetClassAdapter - Creating brand-new static initializer in class com/fasterxml/jackson/databind/JsonDeserializer
2024-11-12 13:42:07,270 INFO  EvoClassLoader - Seeing class for first time: com.fasterxml.jackson.databind.deser.NullValueProvider
2024-11-12 13:42:07,270 INFO  EvoClassLoader - Instrumenting class 'com.fasterxml.jackson.databind.deser.NullValueProvider'.
2024-11-12 13:42:07,270 INFO  EvoClassLoader - Keeping class: com.fasterxml.jackson.databind.deser.NullValueProvider
2024-11-12 13:42:07,270 INFO  EvoClassLoader - Keeping class: com.fasterxml.jackson.databind.JsonDeserializer
2024-11-12 13:42:07,270 INFO  EvoClassLoader - Seeing class for first time: com.fasterxml.jackson.core.JsonToken
2024-11-12 13:42:07,270 INFO  EvoClassLoader - Instrumenting class 'com.fasterxml.jackson.core.JsonToken'.
2024-11-12 13:42:07,270 INFO  MethodCallReplacementClassAdapter - Adding mock interface to class com/fasterxml/jackson/core/JsonToken
2024-11-12 13:42:07,271 INFO  CreateClassResetClassAdapter - Found static initializer in class com/fasterxml/jackson/core/JsonToken
2024-11-12 13:42:07,271 INFO  EvoClassLoader - Keeping class: com.fasterxml.jackson.core.JsonToken
2024-11-12 13:42:07,271 INFO  EvoClassLoader - Seeing class for first time: com.fasterxml.jackson.databind.jsonschema.JsonSchema
2024-11-12 13:42:07,271 INFO  EvoClassLoader - Instrumenting class 'com.fasterxml.jackson.databind.jsonschema.JsonSchema'.
2024-11-12 13:42:07,271 INFO  MethodCallReplacementClassAdapter - Adding mock interface to class com/fasterxml/jackson/databind/jsonschema/JsonSchema
2024-11-12 13:42:07,271 INFO  CreateClassResetClassAdapter - Creating brand-new static initializer in class com/fasterxml/jackson/databind/jsonschema/JsonSchema
2024-11-12 13:42:07,271 INFO  EvoClassLoader - Defined package (3): package com.fasterxml.jackson.databind.jsonschema, 436033960
2024-11-12 13:42:07,271 INFO  EvoClassLoader - Keeping class: com.fasterxml.jackson.databind.jsonschema.JsonSchema
2024-11-12 13:42:07,271 INFO  EvoClassLoader - Seeing class for first time: com.fasterxml.jackson.databind.jsonFormatVisitors.JsonFormatVisitorWrapper
2024-11-12 13:42:07,271 INFO  EvoClassLoader - Instrumenting class 'com.fasterxml.jackson.databind.jsonFormatVisitors.JsonFormatVisitorWrapper'.
2024-11-12 13:42:07,271 INFO  EvoClassLoader - Defined package (3): package com.fasterxml.jackson.databind.jsonFormatVisitors, 1118619651
2024-11-12 13:42:07,271 INFO  EvoClassLoader - Seeing class for first time: com.fasterxml.jackson.databind.jsonFormatVisitors.JsonFormatVisitorWithSerializerProvider
2024-11-12 13:42:07,271 INFO  EvoClassLoader - Instrumenting class 'com.fasterxml.jackson.databind.jsonFormatVisitors.JsonFormatVisitorWithSerializerProvider'.
2024-11-12 13:42:07,272 INFO  EvoClassLoader - Keeping class: com.fasterxml.jackson.databind.jsonFormatVisitors.JsonFormatVisitorWithSerializerProvider
2024-11-12 13:42:07,272 INFO  EvoClassLoader - Keeping class: com.fasterxml.jackson.databind.jsonFormatVisitors.JsonFormatVisitorWrapper
2024-11-12 13:42:07,272 INFO  EvoClassLoader - Seeing class for first time: com.fasterxml.jackson.core.io.DataOutputAsStream
2024-11-12 13:42:07,272 INFO  EvoClassLoader - Instrumenting class 'com.fasterxml.jackson.core.io.DataOutputAsStream'.
2024-11-12 13:42:07,272 INFO  MethodCallReplacementClassAdapter - Adding mock interface to class com/fasterxml/jackson/core/io/DataOutputAsStream
2024-11-12 13:42:07,272 INFO  CreateClassResetClassAdapter - Creating brand-new static initializer in class com/fasterxml/jackson/core/io/DataOutputAsStream
2024-11-12 13:42:07,272 INFO  EvoClassLoader - Keeping class: com.fasterxml.jackson.core.io.DataOutputAsStream
2024-11-12 13:42:07,273 INFO  EvoClassLoader - Seeing class for first time: com.fasterxml.jackson.core.io.CharTypes
2024-11-12 13:42:07,273 INFO  EvoClassLoader - Instrumenting class 'com.fasterxml.jackson.core.io.CharTypes'.
2024-11-12 13:42:07,273 INFO  MethodCallReplacementClassAdapter - Adding mock interface to class com/fasterxml/jackson/core/io/CharTypes
2024-11-12 13:42:07,273 INFO  CreateClassResetClassAdapter - Found static initializer in class com/fasterxml/jackson/core/io/CharTypes
2024-11-12 13:42:07,273 INFO  EvoClassLoader - Keeping class: com.fasterxml.jackson.core.io.CharTypes
2024-11-12 13:42:07,274 INFO  EvoClassLoader - Seeing class for first time: com.fasterxml.jackson.core.io.JsonStringEncoder
2024-11-12 13:42:07,274 INFO  EvoClassLoader - Instrumenting class 'com.fasterxml.jackson.core.io.JsonStringEncoder'.
2024-11-12 13:42:07,274 INFO  MethodCallReplacementClassAdapter - Adding mock interface to class com/fasterxml/jackson/core/io/JsonStringEncoder
2024-11-12 13:42:07,276 INFO  CreateClassResetClassAdapter - Found static initializer in class com/fasterxml/jackson/core/io/JsonStringEncoder
2024-11-12 13:42:07,277 INFO  EvoClassLoader - Keeping class: com.fasterxml.jackson.core.io.JsonStringEncoder
2024-11-12 13:42:07,277 INFO  EvoClassLoader - Seeing class for first time: com.fasterxml.jackson.core.io.SerializedString
2024-11-12 13:42:07,277 INFO  EvoClassLoader - Instrumenting class 'com.fasterxml.jackson.core.io.SerializedString'.
2024-11-12 13:42:07,277 INFO  MethodCallReplacementClassAdapter - Adding mock interface to class com/fasterxml/jackson/core/io/SerializedString
2024-11-12 13:42:07,278 INFO  CreateClassResetClassAdapter - Found static initializer in class com/fasterxml/jackson/core/io/SerializedString
2024-11-12 13:42:07,278 INFO  EvoClassLoader - Seeing class for first time: com.fasterxml.jackson.core.SerializableString
2024-11-12 13:42:07,278 INFO  EvoClassLoader - Instrumenting class 'com.fasterxml.jackson.core.SerializableString'.
2024-11-12 13:42:07,279 INFO  EvoClassLoader - Keeping class: com.fasterxml.jackson.core.SerializableString
2024-11-12 13:42:07,279 INFO  EvoClassLoader - Keeping class: com.fasterxml.jackson.core.io.SerializedString
2024-11-12 13:42:07,279 INFO  EvoClassLoader - Seeing class for first time: com.fasterxml.jackson.core.util.DefaultPrettyPrinter
2024-11-12 13:42:07,279 INFO  EvoClassLoader - Instrumenting class 'com.fasterxml.jackson.core.util.DefaultPrettyPrinter'.
2024-11-12 13:42:07,279 INFO  MethodCallReplacementClassAdapter - Adding mock interface to class com/fasterxml/jackson/core/util/DefaultPrettyPrinter
2024-11-12 13:42:07,282 INFO  CreateClassResetClassAdapter - Found static initializer in class com/fasterxml/jackson/core/util/DefaultPrettyPrinter
2024-11-12 13:42:07,282 INFO  EvoClassLoader - Seeing class for first time: com.fasterxml.jackson.core.util.Instantiatable
2024-11-12 13:42:07,282 INFO  EvoClassLoader - Instrumenting class 'com.fasterxml.jackson.core.util.Instantiatable'.
2024-11-12 13:42:07,283 INFO  EvoClassLoader - Keeping class: com.fasterxml.jackson.core.util.Instantiatable
2024-11-12 13:42:07,283 INFO  EvoClassLoader - Keeping class: com.fasterxml.jackson.core.util.DefaultPrettyPrinter
2024-11-12 13:42:07,283 INFO  EvoClassLoader - Seeing class for first time: com.fasterxml.jackson.core.util.DefaultPrettyPrinter$Indenter
2024-11-12 13:42:07,283 INFO  EvoClassLoader - Instrumenting class 'com.fasterxml.jackson.core.util.DefaultPrettyPrinter$Indenter'.
2024-11-12 13:42:07,283 INFO  EvoClassLoader - Keeping class: com.fasterxml.jackson.core.util.DefaultPrettyPrinter$Indenter
2024-11-12 13:42:07,284 INFO  EvoClassLoader - Seeing class for first time: com.fasterxml.jackson.core.util.Separators
2024-11-12 13:42:07,284 INFO  EvoClassLoader - Instrumenting class 'com.fasterxml.jackson.core.util.Separators'.
2024-11-12 13:42:07,284 INFO  MethodCallReplacementClassAdapter - Adding mock interface to class com/fasterxml/jackson/core/util/Separators
2024-11-12 13:42:07,285 INFO  CreateClassResetClassAdapter - Creating brand-new static initializer in class com/fasterxml/jackson/core/util/Separators
2024-11-12 13:42:07,285 INFO  EvoClassLoader - Keeping class: com.fasterxml.jackson.core.util.Separators
2024-11-12 13:42:07,285 INFO  EvoClassLoader - Seeing class for first time: com.fasterxml.jackson.core.TSFBuilder
2024-11-12 13:42:07,285 INFO  EvoClassLoader - Instrumenting class 'com.fasterxml.jackson.core.TSFBuilder'.
2024-11-12 13:42:07,285 INFO  MethodCallReplacementClassAdapter - Adding mock interface to class com/fasterxml/jackson/core/TSFBuilder
2024-11-12 13:42:07,286 INFO  CreateClassResetClassAdapter - Found static initializer in class com/fasterxml/jackson/core/TSFBuilder
2024-11-12 13:42:07,286 INFO  EvoClassLoader - Keeping class: com.fasterxml.jackson.core.TSFBuilder
2024-11-12 13:42:07,286 INFO  EvoClassLoader - Seeing class for first time: com.fasterxml.jackson.core.JsonFactoryBuilder
2024-11-12 13:42:07,286 INFO  EvoClassLoader - Instrumenting class 'com.fasterxml.jackson.core.JsonFactoryBuilder'.
2024-11-12 13:42:07,287 INFO  MethodCallReplacementClassAdapter - Adding mock interface to class com/fasterxml/jackson/core/JsonFactoryBuilder
2024-11-12 13:42:07,288 INFO  CreateClassResetClassAdapter - Creating brand-new static initializer in class com/fasterxml/jackson/core/JsonFactoryBuilder
2024-11-12 13:42:07,288 INFO  EvoClassLoader - Keeping class: com.fasterxml.jackson.core.JsonFactoryBuilder
2024-11-12 13:42:07,289 INFO  EvoClassLoader - Seeing class for first time: com.fasterxml.jackson.core.json.ReaderBasedJsonParser
2024-11-12 13:42:07,289 INFO  EvoClassLoader - Instrumenting class 'com.fasterxml.jackson.core.json.ReaderBasedJsonParser'.
2024-11-12 13:42:07,290 INFO  MethodCallReplacementClassAdapter - Adding mock interface to class com/fasterxml/jackson/core/json/ReaderBasedJsonParser
2024-11-12 13:42:07,294 INFO  CreateClassResetClassAdapter - Found static initializer in class com/fasterxml/jackson/core/json/ReaderBasedJsonParser
2024-11-12 13:42:07,294 INFO  EvoClassLoader - Defined package (3): package com.fasterxml.jackson.core.json, 596329359
2024-11-12 13:42:07,295 INFO  EvoClassLoader - Seeing class for first time: com.fasterxml.jackson.core.base.ParserBase
2024-11-12 13:42:07,295 INFO  EvoClassLoader - Instrumenting class 'com.fasterxml.jackson.core.base.ParserBase'.
2024-11-12 13:42:07,295 INFO  MethodCallReplacementClassAdapter - Adding mock interface to class com/fasterxml/jackson/core/base/ParserBase
2024-11-12 13:42:07,297 INFO  CreateClassResetClassAdapter - Found static initializer in class com/fasterxml/jackson/core/base/ParserBase
2024-11-12 13:42:07,298 INFO  EvoClassLoader - Keeping class: com.fasterxml.jackson.core.base.ParserBase
2024-11-12 13:42:07,298 INFO  EvoClassLoader - Keeping class: com.fasterxml.jackson.core.json.ReaderBasedJsonParser
2024-11-12 13:42:07,298 INFO  EvoClassLoader - Seeing class for first time: com.fasterxml.jackson.core.json.UTF8DataInputJsonParser
2024-11-12 13:42:07,298 INFO  EvoClassLoader - Instrumenting class 'com.fasterxml.jackson.core.json.UTF8DataInputJsonParser'.
2024-11-12 13:42:07,299 INFO  MethodCallReplacementClassAdapter - Adding mock interface to class com/fasterxml/jackson/core/json/UTF8DataInputJsonParser
2024-11-12 13:42:07,302 INFO  CreateClassResetClassAdapter - Found static initializer in class com/fasterxml/jackson/core/json/UTF8DataInputJsonParser
2024-11-12 13:42:07,303 INFO  EvoClassLoader - Keeping class: com.fasterxml.jackson.core.json.UTF8DataInputJsonParser
2024-11-12 13:42:07,303 INFO  EvoClassLoader - Seeing class for first time: com.fasterxml.jackson.core.json.async.NonBlockingJsonParser
2024-11-12 13:42:07,303 INFO  EvoClassLoader - Instrumenting class 'com.fasterxml.jackson.core.json.async.NonBlockingJsonParser'.
2024-11-12 13:42:07,304 INFO  MethodCallReplacementClassAdapter - Adding mock interface to class com/fasterxml/jackson/core/json/async/NonBlockingJsonParser
2024-11-12 13:42:07,306 INFO  CreateClassResetClassAdapter - Found static initializer in class com/fasterxml/jackson/core/json/async/NonBlockingJsonParser
2024-11-12 13:42:07,306 INFO  EvoClassLoader - Defined package (3): package com.fasterxml.jackson.core.json.async, 829688669
2024-11-12 13:42:07,307 INFO  EvoClassLoader - Seeing class for first time: com.fasterxml.jackson.core.async.ByteArrayFeeder
2024-11-12 13:42:07,307 INFO  EvoClassLoader - Instrumenting class 'com.fasterxml.jackson.core.async.ByteArrayFeeder'.
2024-11-12 13:42:07,307 INFO  EvoClassLoader - Defined package (3): package com.fasterxml.jackson.core.async, 1298038965
2024-11-12 13:42:07,307 INFO  EvoClassLoader - Seeing class for first time: com.fasterxml.jackson.core.async.NonBlockingInputFeeder
2024-11-12 13:42:07,307 INFO  EvoClassLoader - Instrumenting class 'com.fasterxml.jackson.core.async.NonBlockingInputFeeder'.
2024-11-12 13:42:07,307 INFO  EvoClassLoader - Keeping class: com.fasterxml.jackson.core.async.NonBlockingInputFeeder
2024-11-12 13:42:07,307 INFO  EvoClassLoader - Keeping class: com.fasterxml.jackson.core.async.ByteArrayFeeder
2024-11-12 13:42:07,307 INFO  EvoClassLoader - Seeing class for first time: com.fasterxml.jackson.core.json.async.NonBlockingJsonParserBase
2024-11-12 13:42:07,307 INFO  EvoClassLoader - Instrumenting class 'com.fasterxml.jackson.core.json.async.NonBlockingJsonParserBase'.
2024-11-12 13:42:07,308 INFO  MethodCallReplacementClassAdapter - Adding mock interface to class com/fasterxml/jackson/core/json/async/NonBlockingJsonParserBase
2024-11-12 13:42:07,308 INFO  CreateClassResetClassAdapter - Found static initializer in class com/fasterxml/jackson/core/json/async/NonBlockingJsonParserBase
2024-11-12 13:42:07,309 INFO  EvoClassLoader - Keeping class: com.fasterxml.jackson.core.json.async.NonBlockingJsonParserBase
2024-11-12 13:42:07,309 INFO  EvoClassLoader - Keeping class: com.fasterxml.jackson.core.json.async.NonBlockingJsonParser
2024-11-12 13:42:07,309 INFO  EvoClassLoader - Seeing class for first time: com.fasterxml.jackson.core.json.UTF8JsonGenerator
2024-11-12 13:42:07,309 INFO  EvoClassLoader - Instrumenting class 'com.fasterxml.jackson.core.json.UTF8JsonGenerator'.
2024-11-12 13:42:07,310 INFO  MethodCallReplacementClassAdapter - Adding mock interface to class com/fasterxml/jackson/core/json/UTF8JsonGenerator
2024-11-12 13:42:07,311 INFO  CreateClassResetClassAdapter - Found static initializer in class com/fasterxml/jackson/core/json/UTF8JsonGenerator
2024-11-12 13:42:07,312 INFO  EvoClassLoader - Seeing class for first time: com.fasterxml.jackson.core.json.JsonGeneratorImpl
2024-11-12 13:42:07,312 INFO  EvoClassLoader - Instrumenting class 'com.fasterxml.jackson.core.json.JsonGeneratorImpl'.
2024-11-12 13:42:07,312 INFO  MethodCallReplacementClassAdapter - Adding mock interface to class com/fasterxml/jackson/core/json/JsonGeneratorImpl
2024-11-12 13:42:07,312 INFO  CreateClassResetClassAdapter - Found static initializer in class com/fasterxml/jackson/core/json/JsonGeneratorImpl
2024-11-12 13:42:07,312 INFO  EvoClassLoader - Seeing class for first time: com.fasterxml.jackson.core.base.GeneratorBase
2024-11-12 13:42:07,312 INFO  EvoClassLoader - Instrumenting class 'com.fasterxml.jackson.core.base.GeneratorBase'.
2024-11-12 13:42:07,312 INFO  MethodCallReplacementClassAdapter - Adding mock interface to class com/fasterxml/jackson/core/base/GeneratorBase
2024-11-12 13:42:07,313 INFO  CreateClassResetClassAdapter - Found static initializer in class com/fasterxml/jackson/core/base/GeneratorBase
2024-11-12 13:42:07,313 INFO  EvoClassLoader - Keeping class: com.fasterxml.jackson.core.base.GeneratorBase
2024-11-12 13:42:07,313 INFO  EvoClassLoader - Keeping class: com.fasterxml.jackson.core.json.JsonGeneratorImpl
2024-11-12 13:42:07,313 INFO  EvoClassLoader - Keeping class: com.fasterxml.jackson.core.json.UTF8JsonGenerator
2024-11-12 13:42:07,313 INFO  EvoClassLoader - Seeing class for first time: com.fasterxml.jackson.core.io.UTF8Writer
2024-11-12 13:42:07,313 INFO  EvoClassLoader - Instrumenting class 'com.fasterxml.jackson.core.io.UTF8Writer'.
2024-11-12 13:42:07,314 INFO  MethodCallReplacementClassAdapter - Adding mock interface to class com/fasterxml/jackson/core/io/UTF8Writer
2024-11-12 13:42:07,314 INFO  CreateClassResetClassAdapter - Creating brand-new static initializer in class com/fasterxml/jackson/core/io/UTF8Writer
2024-11-12 13:42:07,314 INFO  CreateClassResetClassAdapter - Adding bytecode for initializing field SURR1_FIRST
2024-11-12 13:42:07,314 INFO  CreateClassResetClassAdapter - Adding bytecode for initializing field SURR1_LAST
2024-11-12 13:42:07,314 INFO  CreateClassResetClassAdapter - Adding bytecode for initializing field SURR2_FIRST
2024-11-12 13:42:07,314 INFO  CreateClassResetClassAdapter - Adding bytecode for initializing field SURR2_LAST
2024-11-12 13:42:07,315 INFO  EvoClassLoader - Keeping class: com.fasterxml.jackson.core.io.UTF8Writer
2024-11-12 13:42:07,315 INFO  EvoClassLoader - Seeing class for first time: com.fasterxml.jackson.core.json.WriterBasedJsonGenerator
2024-11-12 13:42:07,315 INFO  EvoClassLoader - Instrumenting class 'com.fasterxml.jackson.core.json.WriterBasedJsonGenerator'.
2024-11-12 13:42:07,315 INFO  MethodCallReplacementClassAdapter - Adding mock interface to class com/fasterxml/jackson/core/json/WriterBasedJsonGenerator
2024-11-12 13:42:07,317 INFO  CreateClassResetClassAdapter - Found static initializer in class com/fasterxml/jackson/core/json/WriterBasedJsonGenerator
2024-11-12 13:42:07,317 INFO  EvoClassLoader - Keeping class: com.fasterxml.jackson.core.json.WriterBasedJsonGenerator
2024-11-12 13:42:07,318 INFO  EvoClassLoader - Seeing class for first time: com.fasterxml.jackson.core.format.InputAccessor
2024-11-12 13:42:07,318 INFO  EvoClassLoader - Instrumenting class 'com.fasterxml.jackson.core.format.InputAccessor'.
2024-11-12 13:42:07,318 INFO  EvoClassLoader - Defined package (3): package com.fasterxml.jackson.core.format, 1723744478
2024-11-12 13:42:07,318 INFO  EvoClassLoader - Keeping class: com.fasterxml.jackson.core.format.InputAccessor
2024-11-12 13:42:07,318 INFO  EvoClassLoader - Seeing class for first time: com.fasterxml.jackson.core.format.MatchStrength
2024-11-12 13:42:07,318 INFO  EvoClassLoader - Instrumenting class 'com.fasterxml.jackson.core.format.MatchStrength'.
2024-11-12 13:42:07,318 INFO  MethodCallReplacementClassAdapter - Adding mock interface to class com/fasterxml/jackson/core/format/MatchStrength
2024-11-12 13:42:07,318 INFO  CreateClassResetClassAdapter - Found static initializer in class com/fasterxml/jackson/core/format/MatchStrength
2024-11-12 13:42:07,319 INFO  EvoClassLoader - Keeping class: com.fasterxml.jackson.core.format.MatchStrength
2024-11-12 13:42:07,319 INFO  EvoClassLoader - Seeing class for first time: com.fasterxml.jackson.core.io.InputDecorator
2024-11-12 13:42:07,319 INFO  EvoClassLoader - Instrumenting class 'com.fasterxml.jackson.core.io.InputDecorator'.
2024-11-12 13:42:07,319 INFO  MethodCallReplacementClassAdapter - Adding mock interface to class com/fasterxml/jackson/core/io/InputDecorator
2024-11-12 13:42:07,319 INFO  CreateClassResetClassAdapter - Creating brand-new static initializer in class com/fasterxml/jackson/core/io/InputDecorator
2024-11-12 13:42:07,319 INFO  EvoClassLoader - Keeping class: com.fasterxml.jackson.core.io.InputDecorator
2024-11-12 13:42:07,319 INFO  EvoClassLoader - Seeing class for first time: com.fasterxml.jackson.core.io.OutputDecorator
2024-11-12 13:42:07,319 INFO  EvoClassLoader - Instrumenting class 'com.fasterxml.jackson.core.io.OutputDecorator'.
2024-11-12 13:42:07,319 INFO  MethodCallReplacementClassAdapter - Adding mock interface to class com/fasterxml/jackson/core/io/OutputDecorator
2024-11-12 13:42:07,319 INFO  CreateClassResetClassAdapter - Creating brand-new static initializer in class com/fasterxml/jackson/core/io/OutputDecorator
2024-11-12 13:42:07,319 INFO  EvoClassLoader - Keeping class: com.fasterxml.jackson.core.io.OutputDecorator
2024-11-12 13:42:07,319 INFO  EvoClassLoader - Seeing class for first time: com.fasterxml.jackson.core.io.IOContext
2024-11-12 13:42:07,319 INFO  EvoClassLoader - Instrumenting class 'com.fasterxml.jackson.core.io.IOContext'.
2024-11-12 13:42:07,320 INFO  MethodCallReplacementClassAdapter - Adding mock interface to class com/fasterxml/jackson/core/io/IOContext
2024-11-12 13:42:07,320 INFO  CreateClassResetClassAdapter - Creating brand-new static initializer in class com/fasterxml/jackson/core/io/IOContext
2024-11-12 13:42:07,321 INFO  EvoClassLoader - Keeping class: com.fasterxml.jackson.core.io.IOContext
2024-11-12 13:42:07,321 INFO  EvoClassLoader - Seeing class for first time: com.fasterxml.jackson.core.util.BufferRecycler
2024-11-12 13:42:07,321 INFO  EvoClassLoader - Instrumenting class 'com.fasterxml.jackson.core.util.BufferRecycler'.
2024-11-12 13:42:07,321 INFO  MethodCallReplacementClassAdapter - Adding mock interface to class com/fasterxml/jackson/core/util/BufferRecycler
2024-11-12 13:42:07,321 INFO  CreateClassResetClassAdapter - Found static initializer in class com/fasterxml/jackson/core/util/BufferRecycler
2024-11-12 13:42:07,321 INFO  EvoClassLoader - Keeping class: com.fasterxml.jackson.core.util.BufferRecycler
2024-11-12 13:42:07,322 INFO  EvoClassLoader - Seeing class for first time: com.fasterxml.jackson.core.sym.CharsToNameCanonicalizer
2024-11-12 13:42:07,322 INFO  EvoClassLoader - Instrumenting class 'com.fasterxml.jackson.core.sym.CharsToNameCanonicalizer'.
2024-11-12 13:42:07,322 INFO  MethodCallReplacementClassAdapter - Adding mock interface to class com/fasterxml/jackson/core/sym/CharsToNameCanonicalizer
2024-11-12 13:42:07,323 INFO  CreateClassResetClassAdapter - Creating brand-new static initializer in class com/fasterxml/jackson/core/sym/CharsToNameCanonicalizer
2024-11-12 13:42:07,323 INFO  CreateClassResetClassAdapter - Adding bytecode for initializing field HASH_MULT
2024-11-12 13:42:07,323 INFO  CreateClassResetClassAdapter - Adding bytecode for initializing field DEFAULT_T_SIZE
2024-11-12 13:42:07,323 INFO  CreateClassResetClassAdapter - Adding bytecode for initializing field MAX_T_SIZE
2024-11-12 13:42:07,323 INFO  CreateClassResetClassAdapter - Adding bytecode for initializing field MAX_ENTRIES_FOR_REUSE
2024-11-12 13:42:07,323 INFO  CreateClassResetClassAdapter - Adding bytecode for initializing field MAX_COLL_CHAIN_LENGTH
2024-11-12 13:42:07,323 INFO  EvoClassLoader - Defined package (3): package com.fasterxml.jackson.core.sym, -396396736
2024-11-12 13:42:07,323 INFO  EvoClassLoader - Keeping class: com.fasterxml.jackson.core.sym.CharsToNameCanonicalizer
2024-11-12 13:42:07,324 INFO  EvoClassLoader - Seeing class for first time: com.fasterxml.jackson.core.sym.CharsToNameCanonicalizer$TableInfo
2024-11-12 13:42:07,324 INFO  EvoClassLoader - Instrumenting class 'com.fasterxml.jackson.core.sym.CharsToNameCanonicalizer$TableInfo'.
2024-11-12 13:42:07,324 INFO  MethodCallReplacementClassAdapter - Adding mock interface to class com/fasterxml/jackson/core/sym/CharsToNameCanonicalizer$TableInfo
2024-11-12 13:42:07,324 INFO  CreateClassResetClassAdapter - Creating brand-new static initializer in class com/fasterxml/jackson/core/sym/CharsToNameCanonicalizer$TableInfo
2024-11-12 13:42:07,324 INFO  EvoClassLoader - Keeping class: com.fasterxml.jackson.core.sym.CharsToNameCanonicalizer$TableInfo
2024-11-12 13:42:07,324 INFO  EvoClassLoader - Seeing class for first time: com.fasterxml.jackson.core.sym.CharsToNameCanonicalizer$Bucket
2024-11-12 13:42:07,324 INFO  EvoClassLoader - Instrumenting class 'com.fasterxml.jackson.core.sym.CharsToNameCanonicalizer$Bucket'.
2024-11-12 13:42:07,324 INFO  MethodCallReplacementClassAdapter - Adding mock interface to class com/fasterxml/jackson/core/sym/CharsToNameCanonicalizer$Bucket
2024-11-12 13:42:07,324 INFO  CreateClassResetClassAdapter - Creating brand-new static initializer in class com/fasterxml/jackson/core/sym/CharsToNameCanonicalizer$Bucket
2024-11-12 13:42:07,324 INFO  EvoClassLoader - Keeping class: com.fasterxml.jackson.core.sym.CharsToNameCanonicalizer$Bucket
2024-11-12 13:42:07,325 INFO  EvoClassLoader - Seeing class for first time: com.fasterxml.jackson.core.sym.ByteQuadsCanonicalizer
2024-11-12 13:42:07,325 INFO  EvoClassLoader - Instrumenting class 'com.fasterxml.jackson.core.sym.ByteQuadsCanonicalizer'.
2024-11-12 13:42:07,325 INFO  MethodCallReplacementClassAdapter - Adding mock interface to class com/fasterxml/jackson/core/sym/ByteQuadsCanonicalizer
2024-11-12 13:42:07,327 INFO  CreateClassResetClassAdapter - Creating brand-new static initializer in class com/fasterxml/jackson/core/sym/ByteQuadsCanonicalizer
2024-11-12 13:42:07,327 INFO  CreateClassResetClassAdapter - Adding bytecode for initializing field DEFAULT_T_SIZE
2024-11-12 13:42:07,327 INFO  CreateClassResetClassAdapter - Adding bytecode for initializing field MAX_T_SIZE
2024-11-12 13:42:07,327 INFO  CreateClassResetClassAdapter - Adding bytecode for initializing field MIN_HASH_SIZE
2024-11-12 13:42:07,327 INFO  CreateClassResetClassAdapter - Adding bytecode for initializing field MAX_ENTRIES_FOR_REUSE
2024-11-12 13:42:07,327 INFO  CreateClassResetClassAdapter - Adding bytecode for initializing field MULT
2024-11-12 13:42:07,327 INFO  CreateClassResetClassAdapter - Adding bytecode for initializing field MULT2
2024-11-12 13:42:07,327 INFO  CreateClassResetClassAdapter - Adding bytecode for initializing field MULT3
2024-11-12 13:42:07,327 INFO  EvoClassLoader - Keeping class: com.fasterxml.jackson.core.sym.ByteQuadsCanonicalizer
2024-11-12 13:42:07,328 INFO  EvoClassLoader - Seeing class for first time: com.fasterxml.jackson.core.sym.ByteQuadsCanonicalizer$TableInfo
2024-11-12 13:42:07,328 INFO  EvoClassLoader - Instrumenting class 'com.fasterxml.jackson.core.sym.ByteQuadsCanonicalizer$TableInfo'.
2024-11-12 13:42:07,328 INFO  MethodCallReplacementClassAdapter - Adding mock interface to class com/fasterxml/jackson/core/sym/ByteQuadsCanonicalizer$TableInfo
2024-11-12 13:42:07,328 INFO  CreateClassResetClassAdapter - Creating brand-new static initializer in class com/fasterxml/jackson/core/sym/ByteQuadsCanonicalizer$TableInfo
2024-11-12 13:42:07,328 INFO  EvoClassLoader - Keeping class: com.fasterxml.jackson.core.sym.ByteQuadsCanonicalizer$TableInfo
2024-11-12 13:42:07,329 INFO  EvoClassLoader - Seeing class for first time: com.fasterxml.jackson.databind.util.RootNameLookup
2024-11-12 13:42:07,329 INFO  EvoClassLoader - Instrumenting class 'com.fasterxml.jackson.databind.util.RootNameLookup'.
2024-11-12 13:42:07,329 INFO  MethodCallReplacementClassAdapter - Adding mock interface to class com/fasterxml/jackson/databind/util/RootNameLookup
2024-11-12 13:42:07,329 INFO  CreateClassResetClassAdapter - Creating brand-new static initializer in class com/fasterxml/jackson/databind/util/RootNameLookup
2024-11-12 13:42:07,329 INFO  EvoClassLoader - Keeping class: com.fasterxml.jackson.databind.util.RootNameLookup
2024-11-12 13:42:07,329 INFO  EvoClassLoader - Seeing class for first time: com.fasterxml.jackson.databind.introspect.SimpleMixInResolver
2024-11-12 13:42:07,329 INFO  EvoClassLoader - Instrumenting class 'com.fasterxml.jackson.databind.introspect.SimpleMixInResolver'.
2024-11-12 13:42:07,330 INFO  MethodCallReplacementClassAdapter - Adding mock interface to class com/fasterxml/jackson/databind/introspect/SimpleMixInResolver
2024-11-12 13:42:07,330 INFO  CreateClassResetClassAdapter - Creating brand-new static initializer in class com/fasterxml/jackson/databind/introspect/SimpleMixInResolver
2024-11-12 13:42:07,330 INFO  EvoClassLoader - Keeping class: com.fasterxml.jackson.databind.introspect.SimpleMixInResolver
2024-11-12 13:42:07,330 INFO  EvoClassLoader - Seeing class for first time: com.fasterxml.jackson.databind.introspect.AnnotationCollector$NoAnnotations
2024-11-12 13:42:07,330 INFO  EvoClassLoader - Instrumenting class 'com.fasterxml.jackson.databind.introspect.AnnotationCollector$NoAnnotations'.
2024-11-12 13:42:07,330 INFO  MethodCallReplacementClassAdapter - Adding mock interface to class com/fasterxml/jackson/databind/introspect/AnnotationCollector$NoAnnotations
2024-11-12 13:42:07,330 INFO  CreateClassResetClassAdapter - Creating brand-new static initializer in class com/fasterxml/jackson/databind/introspect/AnnotationCollector$NoAnnotations
2024-11-12 13:42:07,330 INFO  EvoClassLoader - Seeing class for first time: com.fasterxml.jackson.databind.util.Annotations
2024-11-12 13:42:07,330 INFO  EvoClassLoader - Instrumenting class 'com.fasterxml.jackson.databind.util.Annotations'.
2024-11-12 13:42:07,331 INFO  EvoClassLoader - Keeping class: com.fasterxml.jackson.databind.util.Annotations
2024-11-12 13:42:07,331 INFO  EvoClassLoader - Keeping class: com.fasterxml.jackson.databind.introspect.AnnotationCollector$NoAnnotations
2024-11-12 13:42:07,331 INFO  EvoClassLoader - Seeing class for first time: com.fasterxml.jackson.databind.introspect.AnnotationCollector
2024-11-12 13:42:07,331 INFO  EvoClassLoader - Instrumenting class 'com.fasterxml.jackson.databind.introspect.AnnotationCollector'.
2024-11-12 13:42:07,331 INFO  MethodCallReplacementClassAdapter - Adding mock interface to class com/fasterxml/jackson/databind/introspect/AnnotationCollector
2024-11-12 13:42:07,331 INFO  CreateClassResetClassAdapter - Found static initializer in class com/fasterxml/jackson/databind/introspect/AnnotationCollector
2024-11-12 13:42:07,331 INFO  EvoClassLoader - Keeping class: com.fasterxml.jackson.databind.introspect.AnnotationCollector
2024-11-12 13:42:07,331 INFO  EvoClassLoader - Seeing class for first time: com.fasterxml.jackson.databind.introspect.AnnotationCollector$TwoAnnotations
2024-11-12 13:42:07,331 INFO  EvoClassLoader - Instrumenting class 'com.fasterxml.jackson.databind.introspect.AnnotationCollector$TwoAnnotations'.
2024-11-12 13:42:07,331 INFO  MethodCallReplacementClassAdapter - Adding mock interface to class com/fasterxml/jackson/databind/introspect/AnnotationCollector$TwoAnnotations
2024-11-12 13:42:07,331 INFO  CreateClassResetClassAdapter - Creating brand-new static initializer in class com/fasterxml/jackson/databind/introspect/AnnotationCollector$TwoAnnotations
2024-11-12 13:42:07,332 INFO  EvoClassLoader - Keeping class: com.fasterxml.jackson.databind.introspect.AnnotationCollector$TwoAnnotations
2024-11-12 13:42:07,332 INFO  EvoClassLoader - Seeing class for first time: com.fasterxml.jackson.databind.introspect.AnnotationCollector$OneAnnotation
2024-11-12 13:42:07,332 INFO  EvoClassLoader - Instrumenting class 'com.fasterxml.jackson.databind.introspect.AnnotationCollector$OneAnnotation'.
2024-11-12 13:42:07,332 INFO  MethodCallReplacementClassAdapter - Adding mock interface to class com/fasterxml/jackson/databind/introspect/AnnotationCollector$OneAnnotation
2024-11-12 13:42:07,332 INFO  CreateClassResetClassAdapter - Creating brand-new static initializer in class com/fasterxml/jackson/databind/introspect/AnnotationCollector$OneAnnotation
2024-11-12 13:42:07,332 INFO  EvoClassLoader - Keeping class: com.fasterxml.jackson.databind.introspect.AnnotationCollector$OneAnnotation
2024-11-12 13:42:07,332 INFO  EvoClassLoader - Seeing class for first time: com.fasterxml.jackson.databind.introspect.AnnotationCollector$EmptyCollector
2024-11-12 13:42:07,332 INFO  EvoClassLoader - Instrumenting class 'com.fasterxml.jackson.databind.introspect.AnnotationCollector$EmptyCollector'.
2024-11-12 13:42:07,332 INFO  MethodCallReplacementClassAdapter - Adding mock interface to class com/fasterxml/jackson/databind/introspect/AnnotationCollector$EmptyCollector
2024-11-12 13:42:07,332 INFO  CreateClassResetClassAdapter - Found static initializer in class com/fasterxml/jackson/databind/introspect/AnnotationCollector$EmptyCollector
2024-11-12 13:42:07,333 INFO  EvoClassLoader - Keeping class: com.fasterxml.jackson.databind.introspect.AnnotationCollector$EmptyCollector
2024-11-12 13:42:07,333 INFO  EvoClassLoader - Seeing class for first time: com.fasterxml.jackson.databind.introspect.AnnotationMap
2024-11-12 13:42:07,333 INFO  EvoClassLoader - Instrumenting class 'com.fasterxml.jackson.databind.introspect.AnnotationMap'.
2024-11-12 13:42:07,333 INFO  MethodCallReplacementClassAdapter - Adding mock interface to class com/fasterxml/jackson/databind/introspect/AnnotationMap
2024-11-12 13:42:07,333 INFO  CreateClassResetClassAdapter - Creating brand-new static initializer in class com/fasterxml/jackson/databind/introspect/AnnotationMap
2024-11-12 13:42:07,333 INFO  EvoClassLoader - Keeping class: com.fasterxml.jackson.databind.introspect.AnnotationMap
2024-11-12 13:42:07,333 INFO  EvoClassLoader - Seeing class for first time: com.fasterxml.jackson.databind.introspect.AnnotatedClassResolver
2024-11-12 13:42:07,333 INFO  EvoClassLoader - Instrumenting class 'com.fasterxml.jackson.databind.introspect.AnnotatedClassResolver'.
2024-11-12 13:42:07,334 INFO  MethodCallReplacementClassAdapter - Adding mock interface to class com/fasterxml/jackson/databind/introspect/AnnotatedClassResolver
2024-11-12 13:42:07,334 INFO  CreateClassResetClassAdapter - Found static initializer in class com/fasterxml/jackson/databind/introspect/AnnotatedClassResolver
2024-11-12 13:42:07,334 INFO  EvoClassLoader - Keeping class: com.fasterxml.jackson.databind.introspect.AnnotatedClassResolver
2024-11-12 13:42:07,335 INFO  EvoClassLoader - Seeing class for first time: com.fasterxml.jackson.databind.introspect.AnnotatedClass$Creators
2024-11-12 13:42:07,335 INFO  EvoClassLoader - Instrumenting class 'com.fasterxml.jackson.databind.introspect.AnnotatedClass$Creators'.
2024-11-12 13:42:07,335 INFO  MethodCallReplacementClassAdapter - Adding mock interface to class com/fasterxml/jackson/databind/introspect/AnnotatedClass$Creators
2024-11-12 13:42:07,335 INFO  CreateClassResetClassAdapter - Creating brand-new static initializer in class com/fasterxml/jackson/databind/introspect/AnnotatedClass$Creators
2024-11-12 13:42:07,335 INFO  EvoClassLoader - Keeping class: com.fasterxml.jackson.databind.introspect.AnnotatedClass$Creators
2024-11-12 13:42:07,335 INFO  EvoClassLoader - Seeing class for first time: com.fasterxml.jackson.databind.introspect.AnnotatedConstructor
2024-11-12 13:42:07,335 INFO  EvoClassLoader - Instrumenting class 'com.fasterxml.jackson.databind.introspect.AnnotatedConstructor'.
2024-11-12 13:42:07,335 INFO  MethodCallReplacementClassAdapter - Adding mock interface to class com/fasterxml/jackson/databind/introspect/AnnotatedConstructor
2024-11-12 13:42:07,336 INFO  CreateClassResetClassAdapter - Creating brand-new static initializer in class com/fasterxml/jackson/databind/introspect/AnnotatedConstructor
2024-11-12 13:42:07,336 INFO  EvoClassLoader - Keeping class: com.fasterxml.jackson.databind.introspect.AnnotatedConstructor
2024-11-12 13:42:07,336 INFO  EvoClassLoader - Seeing class for first time: com.fasterxml.jackson.databind.introspect.AnnotatedMethodMap
2024-11-12 13:42:07,336 INFO  EvoClassLoader - Instrumenting class 'com.fasterxml.jackson.databind.introspect.AnnotatedMethodMap'.
2024-11-12 13:42:07,337 INFO  MethodCallReplacementClassAdapter - Adding mock interface to class com/fasterxml/jackson/databind/introspect/AnnotatedMethodMap
2024-11-12 13:42:07,337 INFO  CreateClassResetClassAdapter - Creating brand-new static initializer in class com/fasterxml/jackson/databind/introspect/AnnotatedMethodMap
2024-11-12 13:42:07,337 INFO  EvoClassLoader - Keeping class: com.fasterxml.jackson.databind.introspect.AnnotatedMethodMap
2024-11-12 13:42:07,337 INFO  EvoClassLoader - Seeing class for first time: com.fasterxml.jackson.databind.util.Converter
2024-11-12 13:42:07,337 INFO  EvoClassLoader - Instrumenting class 'com.fasterxml.jackson.databind.util.Converter'.
2024-11-12 13:42:07,337 INFO  EvoClassLoader - Keeping class: com.fasterxml.jackson.databind.util.Converter
2024-11-12 13:42:07,337 INFO  EvoClassLoader - Seeing class for first time: com.fasterxml.jackson.databind.introspect.BasicBeanDescription
2024-11-12 13:42:07,337 INFO  EvoClassLoader - Instrumenting class 'com.fasterxml.jackson.databind.introspect.BasicBeanDescription'.
2024-11-12 13:42:07,338 INFO  MethodCallReplacementClassAdapter - Adding mock interface to class com/fasterxml/jackson/databind/introspect/BasicBeanDescription
2024-11-12 13:42:07,340 INFO  CreateClassResetClassAdapter - Found static initializer in class com/fasterxml/jackson/databind/introspect/BasicBeanDescription
2024-11-12 13:42:07,341 INFO  EvoClassLoader - Keeping class: com.fasterxml.jackson.databind.introspect.BasicBeanDescription
2024-11-12 13:42:07,341 INFO  EvoClassLoader - Seeing class for first time: com.fasterxml.jackson.databind.introspect.POJOPropertiesCollector
2024-11-12 13:42:07,341 INFO  EvoClassLoader - Instrumenting class 'com.fasterxml.jackson.databind.introspect.POJOPropertiesCollector'.
2024-11-12 13:42:07,342 INFO  MethodCallReplacementClassAdapter - Adding mock interface to class com/fasterxml/jackson/databind/introspect/POJOPropertiesCollector
2024-11-12 13:42:07,345 INFO  CreateClassResetClassAdapter - Creating brand-new static initializer in class com/fasterxml/jackson/databind/introspect/POJOPropertiesCollector
2024-11-12 13:42:07,346 INFO  EvoClassLoader - Keeping class: com.fasterxml.jackson.databind.introspect.POJOPropertiesCollector
2024-11-12 13:42:07,347 INFO  EvoClassLoader - Seeing class for first time: com.fasterxml.jackson.databind.cfg.ConfigOverrides
2024-11-12 13:42:07,347 INFO  EvoClassLoader - Instrumenting class 'com.fasterxml.jackson.databind.cfg.ConfigOverrides'.
2024-11-12 13:42:07,348 INFO  MethodCallReplacementClassAdapter - Adding mock interface to class com/fasterxml/jackson/databind/cfg/ConfigOverrides
2024-11-12 13:42:07,348 INFO  CreateClassResetClassAdapter - Creating brand-new static initializer in class com/fasterxml/jackson/databind/cfg/ConfigOverrides
2024-11-12 13:42:07,349 INFO  EvoClassLoader - Keeping class: com.fasterxml.jackson.databind.cfg.ConfigOverrides
2024-11-12 13:42:07,349 INFO  EvoClassLoader - Seeing class for first time: com.fasterxml.jackson.annotation.JsonInclude
2024-11-12 13:42:07,349 INFO  EvoClassLoader - Instrumenting class 'com.fasterxml.jackson.annotation.JsonInclude'.
2024-11-12 13:42:07,349 INFO  EvoClassLoader - Keeping class: com.fasterxml.jackson.annotation.JsonInclude
2024-11-12 13:42:07,350 INFO  EvoClassLoader - Seeing class for first time: com.fasterxml.jackson.annotation.Nulls
2024-11-12 13:42:07,350 INFO  EvoClassLoader - Instrumenting class 'com.fasterxml.jackson.annotation.Nulls'.
2024-11-12 13:42:07,350 INFO  MethodCallReplacementClassAdapter - Adding mock interface to class com/fasterxml/jackson/annotation/Nulls
2024-11-12 13:42:07,350 INFO  CreateClassResetClassAdapter - Found static initializer in class com/fasterxml/jackson/annotation/Nulls
2024-11-12 13:42:07,350 INFO  EvoClassLoader - Keeping class: com.fasterxml.jackson.annotation.Nulls
2024-11-12 13:42:07,350 INFO  EvoClassLoader - Seeing class for first time: com.fasterxml.jackson.annotation.JsonSetter
2024-11-12 13:42:07,350 INFO  EvoClassLoader - Instrumenting class 'com.fasterxml.jackson.annotation.JsonSetter'.
2024-11-12 13:42:07,350 INFO  EvoClassLoader - Keeping class: com.fasterxml.jackson.annotation.JsonSetter
2024-11-12 13:42:07,351 INFO  EvoClassLoader - Seeing class for first time: com.fasterxml.jackson.annotation.JsonAutoDetect
2024-11-12 13:42:07,351 INFO  EvoClassLoader - Instrumenting class 'com.fasterxml.jackson.annotation.JsonAutoDetect'.
2024-11-12 13:42:07,351 INFO  EvoClassLoader - Keeping class: com.fasterxml.jackson.annotation.JsonAutoDetect
2024-11-12 13:42:07,352 INFO  EvoClassLoader - Seeing class for first time: com.fasterxml.jackson.databind.introspect.VisibilityChecker$Std
2024-11-12 13:42:07,352 INFO  EvoClassLoader - Instrumenting class 'com.fasterxml.jackson.databind.introspect.VisibilityChecker$Std'.
2024-11-12 13:42:07,352 INFO  MethodCallReplacementClassAdapter - Adding mock interface to class com/fasterxml/jackson/databind/introspect/VisibilityChecker$Std
2024-11-12 13:42:07,352 INFO  CreateClassResetClassAdapter - Found static initializer in class com/fasterxml/jackson/databind/introspect/VisibilityChecker$Std
2024-11-12 13:42:07,352 INFO  EvoClassLoader - Keeping class: com.fasterxml.jackson.databind.introspect.VisibilityChecker$Std
2024-11-12 13:42:07,353 INFO  EvoClassLoader - Seeing class for first time: com.fasterxml.jackson.databind.cfg.CoercionConfigs
2024-11-12 13:42:07,353 INFO  EvoClassLoader - Instrumenting class 'com.fasterxml.jackson.databind.cfg.CoercionConfigs'.
2024-11-12 13:42:07,353 INFO  MethodCallReplacementClassAdapter - Adding mock interface to class com/fasterxml/jackson/databind/cfg/CoercionConfigs
2024-11-12 13:42:07,354 INFO  CreateClassResetClassAdapter - Found static initializer in class com/fasterxml/jackson/databind/cfg/CoercionConfigs
2024-11-12 13:42:07,354 INFO  EvoClassLoader - Keeping class: com.fasterxml.jackson.databind.cfg.CoercionConfigs
2024-11-12 13:42:07,354 INFO  EvoClassLoader - Seeing class for first time: com.fasterxml.jackson.databind.cfg.CoercionAction
2024-11-12 13:42:07,354 INFO  EvoClassLoader - Instrumenting class 'com.fasterxml.jackson.databind.cfg.CoercionAction'.
2024-11-12 13:42:07,355 INFO  MethodCallReplacementClassAdapter - Adding mock interface to class com/fasterxml/jackson/databind/cfg/CoercionAction
2024-11-12 13:42:07,355 INFO  CreateClassResetClassAdapter - Found static initializer in class com/fasterxml/jackson/databind/cfg/CoercionAction
2024-11-12 13:42:07,355 INFO  EvoClassLoader - Keeping class: com.fasterxml.jackson.databind.cfg.CoercionAction
2024-11-12 13:42:07,355 INFO  EvoClassLoader - Seeing class for first time: com.fasterxml.jackson.databind.cfg.CoercionInputShape
2024-11-12 13:42:07,355 INFO  EvoClassLoader - Instrumenting class 'com.fasterxml.jackson.databind.cfg.CoercionInputShape'.
2024-11-12 13:42:07,355 INFO  MethodCallReplacementClassAdapter - Adding mock interface to class com/fasterxml/jackson/databind/cfg/CoercionInputShape
2024-11-12 13:42:07,355 INFO  CreateClassResetClassAdapter - Found static initializer in class com/fasterxml/jackson/databind/cfg/CoercionInputShape
2024-11-12 13:42:07,355 INFO  EvoClassLoader - Keeping class: com.fasterxml.jackson.databind.cfg.CoercionInputShape
2024-11-12 13:42:07,356 INFO  EvoClassLoader - Seeing class for first time: com.fasterxml.jackson.annotation.JsonFormat$Shape
2024-11-12 13:42:07,356 INFO  EvoClassLoader - Instrumenting class 'com.fasterxml.jackson.annotation.JsonFormat$Shape'.
2024-11-12 13:42:07,357 INFO  MethodCallReplacementClassAdapter - Adding mock interface to class com/fasterxml/jackson/annotation/JsonFormat$Shape
2024-11-12 13:42:07,357 INFO  CreateClassResetClassAdapter - Found static initializer in class com/fasterxml/jackson/annotation/JsonFormat$Shape
2024-11-12 13:42:07,357 INFO  EvoClassLoader - Keeping class: com.fasterxml.jackson.annotation.JsonFormat$Shape
2024-11-12 13:42:07,357 INFO  EvoClassLoader - Seeing class for first time: com.fasterxml.jackson.annotation.JsonFormat$Features
2024-11-12 13:42:07,357 INFO  EvoClassLoader - Instrumenting class 'com.fasterxml.jackson.annotation.JsonFormat$Features'.
2024-11-12 13:42:07,358 INFO  MethodCallReplacementClassAdapter - Adding mock interface to class com/fasterxml/jackson/annotation/JsonFormat$Features
2024-11-12 13:42:07,358 INFO  CreateClassResetClassAdapter - Found static initializer in class com/fasterxml/jackson/annotation/JsonFormat$Features
2024-11-12 13:42:07,358 INFO  EvoClassLoader - Keeping class: com.fasterxml.jackson.annotation.JsonFormat$Features
2024-11-12 13:42:07,358 INFO  EvoClassLoader - Seeing class for first time: com.fasterxml.jackson.annotation.JsonFormat$Feature
2024-11-12 13:42:07,358 INFO  EvoClassLoader - Instrumenting class 'com.fasterxml.jackson.annotation.JsonFormat$Feature'.
2024-11-12 13:42:07,359 INFO  MethodCallReplacementClassAdapter - Adding mock interface to class com/fasterxml/jackson/annotation/JsonFormat$Feature
2024-11-12 13:42:07,359 INFO  CreateClassResetClassAdapter - Found static initializer in class com/fasterxml/jackson/annotation/JsonFormat$Feature
2024-11-12 13:42:07,359 INFO  EvoClassLoader - Keeping class: com.fasterxml.jackson.annotation.JsonFormat$Feature
2024-11-12 13:42:07,360 INFO  EvoClassLoader - Seeing class for first time: com.fasterxml.jackson.databind.jsontype.DefaultBaseTypeLimitingValidator
2024-11-12 13:42:07,360 INFO  EvoClassLoader - Instrumenting class 'com.fasterxml.jackson.databind.jsontype.DefaultBaseTypeLimitingValidator'.
2024-11-12 13:42:07,360 INFO  MethodCallReplacementClassAdapter - Adding mock interface to class com/fasterxml/jackson/databind/jsontype/DefaultBaseTypeLimitingValidator
2024-11-12 13:42:07,360 INFO  CreateClassResetClassAdapter - Creating brand-new static initializer in class com/fasterxml/jackson/databind/jsontype/DefaultBaseTypeLimitingValidator
2024-11-12 13:42:07,360 INFO  EvoClassLoader - Keeping class: com.fasterxml.jackson.databind.jsontype.DefaultBaseTypeLimitingValidator
2024-11-12 13:42:07,361 INFO  EvoClassLoader - Seeing class for first time: com.fasterxml.jackson.databind.jsontype.TypeIdResolver
2024-11-12 13:42:07,361 INFO  EvoClassLoader - Instrumenting class 'com.fasterxml.jackson.databind.jsontype.TypeIdResolver'.
2024-11-12 13:42:07,361 INFO  EvoClassLoader - Keeping class: com.fasterxml.jackson.databind.jsontype.TypeIdResolver
2024-11-12 13:42:07,361 INFO  EvoClassLoader - Seeing class for first time: com.fasterxml.jackson.databind.cfg.ConfigOverride$Empty
2024-11-12 13:42:07,361 INFO  EvoClassLoader - Instrumenting class 'com.fasterxml.jackson.databind.cfg.ConfigOverride$Empty'.
2024-11-12 13:42:07,361 INFO  MethodCallReplacementClassAdapter - Adding mock interface to class com/fasterxml/jackson/databind/cfg/ConfigOverride$Empty
2024-11-12 13:42:07,361 INFO  CreateClassResetClassAdapter - Found static initializer in class com/fasterxml/jackson/databind/cfg/ConfigOverride$Empty
2024-11-12 13:42:07,361 INFO  EvoClassLoader - Keeping class: com.fasterxml.jackson.databind.cfg.ConfigOverride$Empty
2024-11-12 13:42:07,362 INFO  EvoClassLoader - Seeing class for first time: com.fasterxml.jackson.core.util.DefaultPrettyPrinter$NopIndenter
2024-11-12 13:42:07,362 INFO  EvoClassLoader - Instrumenting class 'com.fasterxml.jackson.core.util.DefaultPrettyPrinter$NopIndenter'.
2024-11-12 13:42:07,362 INFO  MethodCallReplacementClassAdapter - Adding mock interface to class com/fasterxml/jackson/core/util/DefaultPrettyPrinter$NopIndenter
2024-11-12 13:42:07,362 INFO  CreateClassResetClassAdapter - Found static initializer in class com/fasterxml/jackson/core/util/DefaultPrettyPrinter$NopIndenter
2024-11-12 13:42:07,363 INFO  EvoClassLoader - Keeping class: com.fasterxml.jackson.core.util.DefaultPrettyPrinter$NopIndenter
2024-11-12 13:42:07,363 INFO  EvoClassLoader - Seeing class for first time: com.fasterxml.jackson.core.util.DefaultPrettyPrinter$FixedSpaceIndenter
2024-11-12 13:42:07,363 INFO  EvoClassLoader - Instrumenting class 'com.fasterxml.jackson.core.util.DefaultPrettyPrinter$FixedSpaceIndenter'.
2024-11-12 13:42:07,363 INFO  MethodCallReplacementClassAdapter - Adding mock interface to class com/fasterxml/jackson/core/util/DefaultPrettyPrinter$FixedSpaceIndenter
2024-11-12 13:42:07,363 INFO  CreateClassResetClassAdapter - Found static initializer in class com/fasterxml/jackson/core/util/DefaultPrettyPrinter$FixedSpaceIndenter
2024-11-12 13:42:07,363 INFO  EvoClassLoader - Keeping class: com.fasterxml.jackson.core.util.DefaultPrettyPrinter$FixedSpaceIndenter
2024-11-12 13:42:07,363 INFO  EvoClassLoader - Seeing class for first time: com.fasterxml.jackson.core.util.DefaultIndenter
2024-11-12 13:42:07,363 INFO  EvoClassLoader - Instrumenting class 'com.fasterxml.jackson.core.util.DefaultIndenter'.
2024-11-12 13:42:07,363 INFO  MethodCallReplacementClassAdapter - Adding mock interface to class com/fasterxml/jackson/core/util/DefaultIndenter
2024-11-12 13:42:07,364 INFO  CreateClassResetClassAdapter - Found static initializer in class com/fasterxml/jackson/core/util/DefaultIndenter
2024-11-12 13:42:07,364 INFO  EvoClassLoader - Keeping class: com.fasterxml.jackson.core.util.DefaultIndenter
2024-11-12 13:42:07,365 INFO  EvoClassLoader - Seeing class for first time: com.fasterxml.jackson.core.FormatFeature
2024-11-12 13:42:07,365 INFO  EvoClassLoader - Instrumenting class 'com.fasterxml.jackson.core.FormatFeature'.
2024-11-12 13:42:07,365 INFO  EvoClassLoader - Keeping class: com.fasterxml.jackson.core.FormatFeature
2024-11-12 13:42:07,365 INFO  EvoClassLoader - Seeing class for first time: com.fasterxml.jackson.databind.cfg.ContextAttributes$Impl
2024-11-12 13:42:07,365 INFO  EvoClassLoader - Instrumenting class 'com.fasterxml.jackson.databind.cfg.ContextAttributes$Impl'.
2024-11-12 13:42:07,365 INFO  MethodCallReplacementClassAdapter - Adding mock interface to class com/fasterxml/jackson/databind/cfg/ContextAttributes$Impl
2024-11-12 13:42:07,366 INFO  CreateClassResetClassAdapter - Found static initializer in class com/fasterxml/jackson/databind/cfg/ContextAttributes$Impl
2024-11-12 13:42:07,366 INFO  EvoClassLoader - Keeping class: com.fasterxml.jackson.databind.cfg.ContextAttributes$Impl
2024-11-12 13:42:07,367 INFO  EvoClassLoader - Seeing class for first time: com.fasterxml.jackson.databind.jsontype.TypeDeserializer
2024-11-12 13:42:07,367 INFO  EvoClassLoader - Instrumenting class 'com.fasterxml.jackson.databind.jsontype.TypeDeserializer'.
2024-11-12 13:42:07,367 INFO  MethodCallReplacementClassAdapter - Adding mock interface to class com/fasterxml/jackson/databind/jsontype/TypeDeserializer
2024-11-12 13:42:07,367 INFO  CreateClassResetClassAdapter - Creating brand-new static initializer in class com/fasterxml/jackson/databind/jsontype/TypeDeserializer
2024-11-12 13:42:07,367 INFO  EvoClassLoader - Keeping class: com.fasterxml.jackson.databind.jsontype.TypeDeserializer
2024-11-12 13:42:07,367 INFO  EvoClassLoader - Seeing class for first time: com.fasterxml.jackson.databind.util.LinkedNode
2024-11-12 13:42:07,367 INFO  EvoClassLoader - Instrumenting class 'com.fasterxml.jackson.databind.util.LinkedNode'.
2024-11-12 13:42:07,367 INFO  MethodCallReplacementClassAdapter - Adding mock interface to class com/fasterxml/jackson/databind/util/LinkedNode
2024-11-12 13:42:07,368 INFO  CreateClassResetClassAdapter - Creating brand-new static initializer in class com/fasterxml/jackson/databind/util/LinkedNode
2024-11-12 13:42:07,368 INFO  EvoClassLoader - Keeping class: com.fasterxml.jackson.databind.util.LinkedNode
2024-11-12 13:42:07,368 INFO  EvoClassLoader - Seeing class for first time: com.fasterxml.jackson.databind.node.MissingNode
2024-11-12 13:42:07,368 INFO  EvoClassLoader - Instrumenting class 'com.fasterxml.jackson.databind.node.MissingNode'.
2024-11-12 13:42:07,369 INFO  MethodCallReplacementClassAdapter - Adding mock interface to class com/fasterxml/jackson/databind/node/MissingNode
2024-11-12 13:42:07,369 INFO  CreateClassResetClassAdapter - Found static initializer in class com/fasterxml/jackson/databind/node/MissingNode
2024-11-12 13:42:07,369 INFO  EvoClassLoader - Keeping class: com.fasterxml.jackson.databind.node.MissingNode
2024-11-12 13:42:07,369 INFO  EvoClassLoader - Seeing class for first time: com.fasterxml.jackson.databind.node.TextNode
2024-11-12 13:42:07,369 INFO  EvoClassLoader - Instrumenting class 'com.fasterxml.jackson.databind.node.TextNode'.
2024-11-12 13:42:07,369 INFO  MethodCallReplacementClassAdapter - Adding mock interface to class com/fasterxml/jackson/databind/node/TextNode
2024-11-12 13:42:07,369 INFO  CreateClassResetClassAdapter - Found static initializer in class com/fasterxml/jackson/databind/node/TextNode
2024-11-12 13:42:07,369 INFO  EvoClassLoader - Keeping class: com.fasterxml.jackson.databind.node.TextNode
2024-11-12 13:42:07,369 INFO  EvoClassLoader - Seeing class for first time: com.fasterxml.jackson.databind.node.BinaryNode
2024-11-12 13:42:07,369 INFO  EvoClassLoader - Instrumenting class 'com.fasterxml.jackson.databind.node.BinaryNode'.
2024-11-12 13:42:07,369 INFO  MethodCallReplacementClassAdapter - Adding mock interface to class com/fasterxml/jackson/databind/node/BinaryNode
2024-11-12 13:42:07,370 INFO  CreateClassResetClassAdapter - Found static initializer in class com/fasterxml/jackson/databind/node/BinaryNode
2024-11-12 13:42:07,370 INFO  EvoClassLoader - Keeping class: com.fasterxml.jackson.databind.node.BinaryNode
2024-11-12 13:42:07,370 INFO  EvoClassLoader - Seeing class for first time: com.fasterxml.jackson.databind.node.BooleanNode
2024-11-12 13:42:07,370 INFO  EvoClassLoader - Instrumenting class 'com.fasterxml.jackson.databind.node.BooleanNode'.
2024-11-12 13:42:07,370 INFO  MethodCallReplacementClassAdapter - Adding mock interface to class com/fasterxml/jackson/databind/node/BooleanNode
2024-11-12 13:42:07,370 INFO  CreateClassResetClassAdapter - Found static initializer in class com/fasterxml/jackson/databind/node/BooleanNode
2024-11-12 13:42:07,370 INFO  EvoClassLoader - Keeping class: com.fasterxml.jackson.databind.node.BooleanNode
2024-11-12 13:42:07,370 INFO  EvoClassLoader - Seeing class for first time: com.fasterxml.jackson.databind.node.POJONode
2024-11-12 13:42:07,370 INFO  EvoClassLoader - Instrumenting class 'com.fasterxml.jackson.databind.node.POJONode'.
2024-11-12 13:42:07,370 INFO  MethodCallReplacementClassAdapter - Adding mock interface to class com/fasterxml/jackson/databind/node/POJONode
2024-11-12 13:42:07,370 INFO  CreateClassResetClassAdapter - Creating brand-new static initializer in class com/fasterxml/jackson/databind/node/POJONode
2024-11-12 13:42:07,371 INFO  EvoClassLoader - Keeping class: com.fasterxml.jackson.databind.node.POJONode
2024-11-12 13:42:07,371 INFO  EvoClassLoader - Seeing class for first time: com.fasterxml.jackson.databind.node.NumericNode
2024-11-12 13:42:07,371 INFO  EvoClassLoader - Instrumenting class 'com.fasterxml.jackson.databind.node.NumericNode'.
2024-11-12 13:42:07,371 INFO  MethodCallReplacementClassAdapter - Adding mock interface to class com/fasterxml/jackson/databind/node/NumericNode
2024-11-12 13:42:07,371 INFO  CreateClassResetClassAdapter - Creating brand-new static initializer in class com/fasterxml/jackson/databind/node/NumericNode
2024-11-12 13:42:07,371 INFO  EvoClassLoader - Keeping class: com.fasterxml.jackson.databind.node.NumericNode
2024-11-12 13:42:07,371 INFO  EvoClassLoader - Seeing class for first time: com.fasterxml.jackson.databind.node.DecimalNode
2024-11-12 13:42:07,371 INFO  EvoClassLoader - Instrumenting class 'com.fasterxml.jackson.databind.node.DecimalNode'.
2024-11-12 13:42:07,371 INFO  MethodCallReplacementClassAdapter - Adding mock interface to class com/fasterxml/jackson/databind/node/DecimalNode
2024-11-12 13:42:07,371 INFO  CreateClassResetClassAdapter - Found static initializer in class com/fasterxml/jackson/databind/node/DecimalNode
2024-11-12 13:42:07,371 INFO  EvoClassLoader - Keeping class: com.fasterxml.jackson.databind.node.DecimalNode
2024-11-12 13:42:07,371 INFO  EvoClassLoader - Seeing class for first time: com.fasterxml.jackson.databind.node.IntNode
2024-11-12 13:42:07,371 INFO  EvoClassLoader - Instrumenting class 'com.fasterxml.jackson.databind.node.IntNode'.
2024-11-12 13:42:07,372 INFO  MethodCallReplacementClassAdapter - Adding mock interface to class com/fasterxml/jackson/databind/node/IntNode
2024-11-12 13:42:07,372 INFO  CreateClassResetClassAdapter - Found static initializer in class com/fasterxml/jackson/databind/node/IntNode
2024-11-12 13:42:07,372 INFO  EvoClassLoader - Keeping class: com.fasterxml.jackson.databind.node.IntNode
2024-11-12 13:42:07,372 INFO  EvoClassLoader - Seeing class for first time: com.fasterxml.jackson.databind.node.LongNode
2024-11-12 13:42:07,372 INFO  EvoClassLoader - Instrumenting class 'com.fasterxml.jackson.databind.node.LongNode'.
2024-11-12 13:42:07,372 INFO  MethodCallReplacementClassAdapter - Adding mock interface to class com/fasterxml/jackson/databind/node/LongNode
2024-11-12 13:42:07,372 INFO  CreateClassResetClassAdapter - Creating brand-new static initializer in class com/fasterxml/jackson/databind/node/LongNode
2024-11-12 13:42:07,372 INFO  EvoClassLoader - Keeping class: com.fasterxml.jackson.databind.node.LongNode
2024-11-12 13:42:07,372 INFO  EvoClassLoader - Seeing class for first time: com.fasterxml.jackson.databind.node.DoubleNode
2024-11-12 13:42:07,372 INFO  EvoClassLoader - Instrumenting class 'com.fasterxml.jackson.databind.node.DoubleNode'.
2024-11-12 13:42:07,372 INFO  MethodCallReplacementClassAdapter - Adding mock interface to class com/fasterxml/jackson/databind/node/DoubleNode
2024-11-12 13:42:07,373 INFO  CreateClassResetClassAdapter - Creating brand-new static initializer in class com/fasterxml/jackson/databind/node/DoubleNode
2024-11-12 13:42:07,373 INFO  EvoClassLoader - Keeping class: com.fasterxml.jackson.databind.node.DoubleNode
2024-11-12 13:42:07,373 INFO  EvoClassLoader - Seeing class for first time: com.fasterxml.jackson.databind.node.FloatNode
2024-11-12 13:42:07,373 INFO  EvoClassLoader - Instrumenting class 'com.fasterxml.jackson.databind.node.FloatNode'.
2024-11-12 13:42:07,373 INFO  MethodCallReplacementClassAdapter - Adding mock interface to class com/fasterxml/jackson/databind/node/FloatNode
2024-11-12 13:42:07,373 INFO  CreateClassResetClassAdapter - Creating brand-new static initializer in class com/fasterxml/jackson/databind/node/FloatNode
2024-11-12 13:42:07,373 INFO  EvoClassLoader - Keeping class: com.fasterxml.jackson.databind.node.FloatNode
2024-11-12 13:42:07,373 INFO  EvoClassLoader - Seeing class for first time: com.fasterxml.jackson.databind.node.BigIntegerNode
2024-11-12 13:42:07,373 INFO  EvoClassLoader - Instrumenting class 'com.fasterxml.jackson.databind.node.BigIntegerNode'.
2024-11-12 13:42:07,373 INFO  MethodCallReplacementClassAdapter - Adding mock interface to class com/fasterxml/jackson/databind/node/BigIntegerNode
2024-11-12 13:42:07,374 INFO  CreateClassResetClassAdapter - Found static initializer in class com/fasterxml/jackson/databind/node/BigIntegerNode
2024-11-12 13:42:07,374 INFO  EvoClassLoader - Keeping class: com.fasterxml.jackson.databind.node.BigIntegerNode
2024-11-12 13:42:07,374 INFO  EvoClassLoader - Seeing class for first time: com.fasterxml.jackson.databind.node.ShortNode
2024-11-12 13:42:07,374 INFO  EvoClassLoader - Instrumenting class 'com.fasterxml.jackson.databind.node.ShortNode'.
2024-11-12 13:42:07,374 INFO  MethodCallReplacementClassAdapter - Adding mock interface to class com/fasterxml/jackson/databind/node/ShortNode
2024-11-12 13:42:07,374 INFO  CreateClassResetClassAdapter - Creating brand-new static initializer in class com/fasterxml/jackson/databind/node/ShortNode
2024-11-12 13:42:07,374 INFO  EvoClassLoader - Keeping class: com.fasterxml.jackson.databind.node.ShortNode
2024-11-12 13:42:07,375 INFO  EvoClassLoader - Seeing class for first time: com.fasterxml.jackson.databind.util.RawValue
2024-11-12 13:42:07,375 INFO  EvoClassLoader - Instrumenting class 'com.fasterxml.jackson.databind.util.RawValue'.
2024-11-12 13:42:07,375 INFO  MethodCallReplacementClassAdapter - Adding mock interface to class com/fasterxml/jackson/databind/util/RawValue
2024-11-12 13:42:07,375 INFO  CreateClassResetClassAdapter - Creating brand-new static initializer in class com/fasterxml/jackson/databind/util/RawValue
2024-11-12 13:42:07,375 INFO  EvoClassLoader - Keeping class: com.fasterxml.jackson.databind.util.RawValue
2024-11-12 13:42:07,376 INFO  EvoClassLoader - Seeing class for first time: com.fasterxml.jackson.annotation.ObjectIdGenerator
2024-11-12 13:42:07,376 INFO  EvoClassLoader - Instrumenting class 'com.fasterxml.jackson.annotation.ObjectIdGenerator'.
2024-11-12 13:42:07,376 INFO  MethodCallReplacementClassAdapter - Adding mock interface to class com/fasterxml/jackson/annotation/ObjectIdGenerator
2024-11-12 13:42:07,376 INFO  CreateClassResetClassAdapter - Creating brand-new static initializer in class com/fasterxml/jackson/annotation/ObjectIdGenerator
2024-11-12 13:42:07,376 INFO  EvoClassLoader - Keeping class: com.fasterxml.jackson.annotation.ObjectIdGenerator
2024-11-12 13:42:07,376 INFO  EvoClassLoader - Seeing class for first time: com.fasterxml.jackson.annotation.ObjectIdResolver
2024-11-12 13:42:07,376 INFO  EvoClassLoader - Instrumenting class 'com.fasterxml.jackson.annotation.ObjectIdResolver'.
2024-11-12 13:42:07,376 INFO  EvoClassLoader - Keeping class: com.fasterxml.jackson.annotation.ObjectIdResolver
2024-11-12 13:42:07,376 INFO  EvoClassLoader - Seeing class for first time: com.fasterxml.jackson.databind.JsonSerializer
2024-11-12 13:42:07,376 INFO  EvoClassLoader - Instrumenting class 'com.fasterxml.jackson.databind.JsonSerializer'.
2024-11-12 13:42:07,377 INFO  MethodCallReplacementClassAdapter - Adding mock interface to class com/fasterxml/jackson/databind/JsonSerializer
2024-11-12 13:42:07,377 INFO  CreateClassResetClassAdapter - Creating brand-new static initializer in class com/fasterxml/jackson/databind/JsonSerializer
2024-11-12 13:42:07,377 INFO  EvoClassLoader - Seeing class for first time: com.fasterxml.jackson.databind.jsonFormatVisitors.JsonFormatVisitable
2024-11-12 13:42:07,377 INFO  EvoClassLoader - Instrumenting class 'com.fasterxml.jackson.databind.jsonFormatVisitors.JsonFormatVisitable'.
2024-11-12 13:42:07,377 INFO  EvoClassLoader - Keeping class: com.fasterxml.jackson.databind.jsonFormatVisitors.JsonFormatVisitable
2024-11-12 13:42:07,377 INFO  EvoClassLoader - Keeping class: com.fasterxml.jackson.databind.JsonSerializer
2024-11-12 13:42:07,377 INFO  EvoClassLoader - Seeing class for first time: com.fasterxml.jackson.databind.ser.std.StdSerializer
2024-11-12 13:42:07,377 INFO  EvoClassLoader - Instrumenting class 'com.fasterxml.jackson.databind.ser.std.StdSerializer'.
2024-11-12 13:42:07,377 INFO  MethodCallReplacementClassAdapter - Adding mock interface to class com/fasterxml/jackson/databind/ser/std/StdSerializer
2024-11-12 13:42:07,378 INFO  CreateClassResetClassAdapter - Found static initializer in class com/fasterxml/jackson/databind/ser/std/StdSerializer
2024-11-12 13:42:07,378 INFO  EvoClassLoader - Defined package (3): package com.fasterxml.jackson.databind.ser.std, 629529302
2024-11-12 13:42:07,378 INFO  EvoClassLoader - Seeing class for first time: com.fasterxml.jackson.databind.jsonschema.SchemaAware
2024-11-12 13:42:07,378 INFO  EvoClassLoader - Instrumenting class 'com.fasterxml.jackson.databind.jsonschema.SchemaAware'.
2024-11-12 13:42:07,378 INFO  EvoClassLoader - Keeping class: com.fasterxml.jackson.databind.jsonschema.SchemaAware
2024-11-12 13:42:07,378 INFO  EvoClassLoader - Keeping class: com.fasterxml.jackson.databind.ser.std.StdSerializer
2024-11-12 13:42:07,379 INFO  EvoClassLoader - Seeing class for first time: com.fasterxml.jackson.databind.ser.std.StdDelegatingSerializer
2024-11-12 13:42:07,379 INFO  EvoClassLoader - Instrumenting class 'com.fasterxml.jackson.databind.ser.std.StdDelegatingSerializer'.
2024-11-12 13:42:07,379 INFO  MethodCallReplacementClassAdapter - Adding mock interface to class com/fasterxml/jackson/databind/ser/std/StdDelegatingSerializer
2024-11-12 13:42:07,379 INFO  CreateClassResetClassAdapter - Creating brand-new static initializer in class com/fasterxml/jackson/databind/ser/std/StdDelegatingSerializer
2024-11-12 13:42:07,379 INFO  EvoClassLoader - Seeing class for first time: com.fasterxml.jackson.databind.ser.ContextualSerializer
2024-11-12 13:42:07,379 INFO  EvoClassLoader - Instrumenting class 'com.fasterxml.jackson.databind.ser.ContextualSerializer'.
2024-11-12 13:42:07,379 INFO  EvoClassLoader - Keeping class: com.fasterxml.jackson.databind.ser.ContextualSerializer
2024-11-12 13:42:07,380 INFO  EvoClassLoader - Seeing class for first time: com.fasterxml.jackson.databind.ser.ResolvableSerializer
2024-11-12 13:42:07,380 INFO  EvoClassLoader - Instrumenting class 'com.fasterxml.jackson.databind.ser.ResolvableSerializer'.
2024-11-12 13:42:07,380 INFO  EvoClassLoader - Keeping class: com.fasterxml.jackson.databind.ser.ResolvableSerializer
2024-11-12 13:42:07,380 INFO  EvoClassLoader - Keeping class: com.fasterxml.jackson.databind.ser.std.StdDelegatingSerializer
2024-11-12 13:42:07,380 INFO  EvoClassLoader - Seeing class for first time: com.fasterxml.jackson.databind.ser.PropertyFilter
2024-11-12 13:42:07,380 INFO  EvoClassLoader - Instrumenting class 'com.fasterxml.jackson.databind.ser.PropertyFilter'.
2024-11-12 13:42:07,381 INFO  EvoClassLoader - Keeping class: com.fasterxml.jackson.databind.ser.PropertyFilter
2024-11-12 13:42:07,381 INFO  EvoClassLoader - Seeing class for first time: com.fasterxml.jackson.core.JsonParser$NumberType
2024-11-12 13:42:07,381 INFO  EvoClassLoader - Instrumenting class 'com.fasterxml.jackson.core.JsonParser$NumberType'.
2024-11-12 13:42:07,381 INFO  MethodCallReplacementClassAdapter - Adding mock interface to class com/fasterxml/jackson/core/JsonParser$NumberType
2024-11-12 13:42:07,381 INFO  CreateClassResetClassAdapter - Found static initializer in class com/fasterxml/jackson/core/JsonParser$NumberType
2024-11-12 13:42:07,381 INFO  EvoClassLoader - Keeping class: com.fasterxml.jackson.core.JsonParser$NumberType
2024-11-12 13:42:07,381 INFO  EvoClassLoader - Seeing class for first time: com.fasterxml.jackson.databind.jsonFormatVisitors.JsonValueFormat
2024-11-12 13:42:07,381 INFO  EvoClassLoader - Instrumenting class 'com.fasterxml.jackson.databind.jsonFormatVisitors.JsonValueFormat'.
2024-11-12 13:42:07,381 INFO  MethodCallReplacementClassAdapter - Adding mock interface to class com/fasterxml/jackson/databind/jsonFormatVisitors/JsonValueFormat
2024-11-12 13:42:07,381 INFO  CreateClassResetClassAdapter - Found static initializer in class com/fasterxml/jackson/databind/jsonFormatVisitors/JsonValueFormat
2024-11-12 13:42:07,381 INFO  EvoClassLoader - Keeping class: com.fasterxml.jackson.databind.jsonFormatVisitors.JsonValueFormat
2024-11-12 13:42:07,381 INFO  EvoClassLoader - Seeing class for first time: com.fasterxml.jackson.databind.jsonFormatVisitors.JsonFormatTypes
2024-11-12 13:42:07,381 INFO  EvoClassLoader - Instrumenting class 'com.fasterxml.jackson.databind.jsonFormatVisitors.JsonFormatTypes'.
2024-11-12 13:42:07,381 INFO  MethodCallReplacementClassAdapter - Adding mock interface to class com/fasterxml/jackson/databind/jsonFormatVisitors/JsonFormatTypes
2024-11-12 13:42:07,381 INFO  CreateClassResetClassAdapter - Found static initializer in class com/fasterxml/jackson/databind/jsonFormatVisitors/JsonFormatTypes
2024-11-12 13:42:07,382 INFO  EvoClassLoader - Keeping class: com.fasterxml.jackson.databind.jsonFormatVisitors.JsonFormatTypes
2024-11-12 13:42:07,382 INFO  EvoClassLoader - Seeing class for first time: com.fasterxml.jackson.databind.ser.impl.FailingSerializer
2024-11-12 13:42:07,382 INFO  EvoClassLoader - Instrumenting class 'com.fasterxml.jackson.databind.ser.impl.FailingSerializer'.
2024-11-12 13:42:07,382 INFO  MethodCallReplacementClassAdapter - Adding mock interface to class com/fasterxml/jackson/databind/ser/impl/FailingSerializer
2024-11-12 13:42:07,382 INFO  CreateClassResetClassAdapter - Creating brand-new static initializer in class com/fasterxml/jackson/databind/ser/impl/FailingSerializer
2024-11-12 13:42:07,382 INFO  EvoClassLoader - Keeping class: com.fasterxml.jackson.databind.ser.impl.FailingSerializer
2024-11-12 13:42:07,382 INFO  EvoClassLoader - Seeing class for first time: com.fasterxml.jackson.databind.ser.impl.UnknownSerializer
2024-11-12 13:42:07,382 INFO  EvoClassLoader - Instrumenting class 'com.fasterxml.jackson.databind.ser.impl.UnknownSerializer'.
2024-11-12 13:42:07,382 INFO  MethodCallReplacementClassAdapter - Adding mock interface to class com/fasterxml/jackson/databind/ser/impl/UnknownSerializer
2024-11-12 13:42:07,383 INFO  CreateClassResetClassAdapter - Creating brand-new static initializer in class com/fasterxml/jackson/databind/ser/impl/UnknownSerializer
2024-11-12 13:42:07,383 INFO  EvoClassLoader - Keeping class: com.fasterxml.jackson.databind.ser.impl.UnknownSerializer
2024-11-12 13:42:07,383 INFO  EvoClassLoader - Seeing class for first time: com.fasterxml.jackson.databind.exc.InvalidDefinitionException
2024-11-12 13:42:07,383 INFO  EvoClassLoader - Instrumenting class 'com.fasterxml.jackson.databind.exc.InvalidDefinitionException'.
2024-11-12 13:42:07,383 INFO  MethodCallReplacementClassAdapter - Adding mock interface to class com/fasterxml/jackson/databind/exc/InvalidDefinitionException
2024-11-12 13:42:07,383 INFO  CreateClassResetClassAdapter - Creating brand-new static initializer in class com/fasterxml/jackson/databind/exc/InvalidDefinitionException
2024-11-12 13:42:07,384 INFO  EvoClassLoader - Keeping class: com.fasterxml.jackson.databind.exc.InvalidDefinitionException
2024-11-12 13:42:07,384 INFO  EvoClassLoader - Seeing class for first time: com.fasterxml.jackson.databind.exc.InvalidTypeIdException
2024-11-12 13:42:07,384 INFO  EvoClassLoader - Instrumenting class 'com.fasterxml.jackson.databind.exc.InvalidTypeIdException'.
2024-11-12 13:42:07,384 INFO  MethodCallReplacementClassAdapter - Adding mock interface to class com/fasterxml/jackson/databind/exc/InvalidTypeIdException
2024-11-12 13:42:07,384 INFO  CreateClassResetClassAdapter - Creating brand-new static initializer in class com/fasterxml/jackson/databind/exc/InvalidTypeIdException
2024-11-12 13:42:07,384 INFO  EvoClassLoader - Keeping class: com.fasterxml.jackson.databind.exc.InvalidTypeIdException
2024-11-12 13:42:07,384 INFO  EvoClassLoader - Seeing class for first time: com.fasterxml.jackson.databind.ser.impl.TypeWrappedSerializer
2024-11-12 13:42:07,384 INFO  EvoClassLoader - Instrumenting class 'com.fasterxml.jackson.databind.ser.impl.TypeWrappedSerializer'.
2024-11-12 13:42:07,384 INFO  MethodCallReplacementClassAdapter - Adding mock interface to class com/fasterxml/jackson/databind/ser/impl/TypeWrappedSerializer
2024-11-12 13:42:07,384 INFO  CreateClassResetClassAdapter - Creating brand-new static initializer in class com/fasterxml/jackson/databind/ser/impl/TypeWrappedSerializer
2024-11-12 13:42:07,385 INFO  EvoClassLoader - Keeping class: com.fasterxml.jackson.databind.ser.impl.TypeWrappedSerializer
2024-11-12 13:42:07,385 INFO  EvoClassLoader - Seeing class for first time: com.fasterxml.jackson.databind.ser.std.NullSerializer
2024-11-12 13:42:07,385 INFO  EvoClassLoader - Instrumenting class 'com.fasterxml.jackson.databind.ser.std.NullSerializer'.
2024-11-12 13:42:07,385 INFO  MethodCallReplacementClassAdapter - Adding mock interface to class com/fasterxml/jackson/databind/ser/std/NullSerializer
2024-11-12 13:42:07,385 INFO  CreateClassResetClassAdapter - Found static initializer in class com/fasterxml/jackson/databind/ser/std/NullSerializer
2024-11-12 13:42:07,385 INFO  EvoClassLoader - Keeping class: com.fasterxml.jackson.databind.ser.std.NullSerializer
2024-11-12 13:42:07,385 INFO  EvoClassLoader - Seeing class for first time: com.fasterxml.jackson.databind.ser.impl.WritableObjectId
2024-11-12 13:42:07,385 INFO  EvoClassLoader - Instrumenting class 'com.fasterxml.jackson.databind.ser.impl.WritableObjectId'.
2024-11-12 13:42:07,385 INFO  MethodCallReplacementClassAdapter - Adding mock interface to class com/fasterxml/jackson/databind/ser/impl/WritableObjectId
2024-11-12 13:42:07,385 INFO  CreateClassResetClassAdapter - Creating brand-new static initializer in class com/fasterxml/jackson/databind/ser/impl/WritableObjectId
2024-11-12 13:42:07,386 INFO  EvoClassLoader - Keeping class: com.fasterxml.jackson.databind.ser.impl.WritableObjectId
2024-11-12 13:42:07,386 INFO  EvoClassLoader - Seeing class for first time: com.fasterxml.jackson.databind.ser.SerializerCache
2024-11-12 13:42:07,386 INFO  EvoClassLoader - Instrumenting class 'com.fasterxml.jackson.databind.ser.SerializerCache'.
2024-11-12 13:42:07,386 INFO  MethodCallReplacementClassAdapter - Adding mock interface to class com/fasterxml/jackson/databind/ser/SerializerCache
2024-11-12 13:42:07,387 INFO  CreateClassResetClassAdapter - Creating brand-new static initializer in class com/fasterxml/jackson/databind/ser/SerializerCache
2024-11-12 13:42:07,387 INFO  EvoClassLoader - Keeping class: com.fasterxml.jackson.databind.ser.SerializerCache
2024-11-12 13:42:07,387 INFO  EvoClassLoader - Seeing class for first time: com.fasterxml.jackson.databind.ser.impl.ReadOnlyClassToSerializerMap
2024-11-12 13:42:07,387 INFO  EvoClassLoader - Instrumenting class 'com.fasterxml.jackson.databind.ser.impl.ReadOnlyClassToSerializerMap'.
2024-11-12 13:42:07,387 INFO  MethodCallReplacementClassAdapter - Adding mock interface to class com/fasterxml/jackson/databind/ser/impl/ReadOnlyClassToSerializerMap
2024-11-12 13:42:07,387 INFO  CreateClassResetClassAdapter - Creating brand-new static initializer in class com/fasterxml/jackson/databind/ser/impl/ReadOnlyClassToSerializerMap
2024-11-12 13:42:07,388 INFO  EvoClassLoader - Keeping class: com.fasterxml.jackson.databind.ser.impl.ReadOnlyClassToSerializerMap
2024-11-12 13:42:07,388 INFO  EvoClassLoader - Seeing class for first time: com.fasterxml.jackson.databind.exc.UnrecognizedPropertyException
2024-11-12 13:42:07,388 INFO  EvoClassLoader - Instrumenting class 'com.fasterxml.jackson.databind.exc.UnrecognizedPropertyException'.
2024-11-12 13:42:07,388 INFO  MethodCallReplacementClassAdapter - Adding mock interface to class com/fasterxml/jackson/databind/exc/UnrecognizedPropertyException
2024-11-12 13:42:07,388 INFO  CreateClassResetClassAdapter - Creating brand-new static initializer in class com/fasterxml/jackson/databind/exc/UnrecognizedPropertyException
2024-11-12 13:42:07,388 INFO  EvoClassLoader - Seeing class for first time: com.fasterxml.jackson.databind.exc.PropertyBindingException
2024-11-12 13:42:07,388 INFO  EvoClassLoader - Instrumenting class 'com.fasterxml.jackson.databind.exc.PropertyBindingException'.
2024-11-12 13:42:07,388 INFO  MethodCallReplacementClassAdapter - Adding mock interface to class com/fasterxml/jackson/databind/exc/PropertyBindingException
2024-11-12 13:42:07,388 INFO  CreateClassResetClassAdapter - Creating brand-new static initializer in class com/fasterxml/jackson/databind/exc/PropertyBindingException
2024-11-12 13:42:07,388 INFO  CreateClassResetClassAdapter - Adding bytecode for initializing field MAX_DESC_LENGTH
2024-11-12 13:42:07,389 INFO  EvoClassLoader - Keeping class: com.fasterxml.jackson.databind.exc.PropertyBindingException
2024-11-12 13:42:07,389 INFO  EvoClassLoader - Keeping class: com.fasterxml.jackson.databind.exc.UnrecognizedPropertyException
2024-11-12 13:42:07,389 INFO  EvoClassLoader - Seeing class for first time: com.fasterxml.jackson.databind.deser.impl.TypeWrappedDeserializer
2024-11-12 13:42:07,389 INFO  EvoClassLoader - Instrumenting class 'com.fasterxml.jackson.databind.deser.impl.TypeWrappedDeserializer'.
2024-11-12 13:42:07,389 INFO  MethodCallReplacementClassAdapter - Adding mock interface to class com/fasterxml/jackson/databind/deser/impl/TypeWrappedDeserializer
2024-11-12 13:42:07,390 INFO  CreateClassResetClassAdapter - Creating brand-new static initializer in class com/fasterxml/jackson/databind/deser/impl/TypeWrappedDeserializer
2024-11-12 13:42:07,390 INFO  EvoClassLoader - Defined package (3): package com.fasterxml.jackson.databind.deser.impl, 55843726
2024-11-12 13:42:07,390 INFO  EvoClassLoader - Keeping class: com.fasterxml.jackson.databind.deser.impl.TypeWrappedDeserializer
2024-11-12 13:42:07,390 INFO  EvoClassLoader - Seeing class for first time: com.fasterxml.jackson.databind.exc.InvalidFormatException
2024-11-12 13:42:07,390 INFO  EvoClassLoader - Instrumenting class 'com.fasterxml.jackson.databind.exc.InvalidFormatException'.
2024-11-12 13:42:07,390 INFO  MethodCallReplacementClassAdapter - Adding mock interface to class com/fasterxml/jackson/databind/exc/InvalidFormatException
2024-11-12 13:42:07,390 INFO  CreateClassResetClassAdapter - Creating brand-new static initializer in class com/fasterxml/jackson/databind/exc/InvalidFormatException
2024-11-12 13:42:07,390 INFO  EvoClassLoader - Keeping class: com.fasterxml.jackson.databind.exc.InvalidFormatException
2024-11-12 13:42:07,390 INFO  EvoClassLoader - Seeing class for first time: com.fasterxml.jackson.databind.exc.ValueInstantiationException
2024-11-12 13:42:07,390 INFO  EvoClassLoader - Instrumenting class 'com.fasterxml.jackson.databind.exc.ValueInstantiationException'.
2024-11-12 13:42:07,391 INFO  MethodCallReplacementClassAdapter - Adding mock interface to class com/fasterxml/jackson/databind/exc/ValueInstantiationException
2024-11-12 13:42:07,391 INFO  CreateClassResetClassAdapter - Creating brand-new static initializer in class com/fasterxml/jackson/databind/exc/ValueInstantiationException
2024-11-12 13:42:07,391 INFO  EvoClassLoader - Keeping class: com.fasterxml.jackson.databind.exc.ValueInstantiationException
2024-11-12 13:42:07,391 INFO  EvoClassLoader - Seeing class for first time: com.fasterxml.jackson.core.StreamReadCapability
2024-11-12 13:42:07,391 INFO  EvoClassLoader - Instrumenting class 'com.fasterxml.jackson.core.StreamReadCapability'.
2024-11-12 13:42:07,391 INFO  MethodCallReplacementClassAdapter - Adding mock interface to class com/fasterxml/jackson/core/StreamReadCapability
2024-11-12 13:42:07,391 INFO  CreateClassResetClassAdapter - Found static initializer in class com/fasterxml/jackson/core/StreamReadCapability
2024-11-12 13:42:07,391 INFO  EvoClassLoader - Keeping class: com.fasterxml.jackson.core.StreamReadCapability
2024-11-12 13:42:07,392 INFO  EvoClassLoader - Seeing class for first time: com.fasterxml.jackson.databind.KeyDeserializer
2024-11-12 13:42:07,392 INFO  EvoClassLoader - Instrumenting class 'com.fasterxml.jackson.databind.KeyDeserializer'.
2024-11-12 13:42:07,392 INFO  MethodCallReplacementClassAdapter - Adding mock interface to class com/fasterxml/jackson/databind/KeyDeserializer
2024-11-12 13:42:07,392 INFO  CreateClassResetClassAdapter - Creating brand-new static initializer in class com/fasterxml/jackson/databind/KeyDeserializer
2024-11-12 13:42:07,392 INFO  EvoClassLoader - Keeping class: com.fasterxml.jackson.databind.KeyDeserializer
2024-11-12 13:42:07,392 INFO  EvoClassLoader - Seeing class for first time: com.fasterxml.jackson.databind.deser.impl.ReadableObjectId
2024-11-12 13:42:07,392 INFO  EvoClassLoader - Instrumenting class 'com.fasterxml.jackson.databind.deser.impl.ReadableObjectId'.
2024-11-12 13:42:07,392 INFO  MethodCallReplacementClassAdapter - Adding mock interface to class com/fasterxml/jackson/databind/deser/impl/ReadableObjectId
2024-11-12 13:42:07,392 INFO  CreateClassResetClassAdapter - Creating brand-new static initializer in class com/fasterxml/jackson/databind/deser/impl/ReadableObjectId
2024-11-12 13:42:07,392 INFO  EvoClassLoader - Keeping class: com.fasterxml.jackson.databind.deser.impl.ReadableObjectId
2024-11-12 13:42:07,392 INFO  EvoClassLoader - Seeing class for first time: com.fasterxml.jackson.databind.deser.UnresolvedForwardReference
2024-11-12 13:42:07,392 INFO  EvoClassLoader - Instrumenting class 'com.fasterxml.jackson.databind.deser.UnresolvedForwardReference'.
2024-11-12 13:42:07,392 INFO  MethodCallReplacementClassAdapter - Adding mock interface to class com/fasterxml/jackson/databind/deser/UnresolvedForwardReference
2024-11-12 13:42:07,393 INFO  CreateClassResetClassAdapter - Creating brand-new static initializer in class com/fasterxml/jackson/databind/deser/UnresolvedForwardReference
2024-11-12 13:42:07,393 INFO  EvoClassLoader - Keeping class: com.fasterxml.jackson.databind.deser.UnresolvedForwardReference
2024-11-12 13:42:07,393 INFO  EvoClassLoader - Seeing class for first time: com.fasterxml.jackson.databind.util.ObjectBuffer
2024-11-12 13:42:07,393 INFO  EvoClassLoader - Instrumenting class 'com.fasterxml.jackson.databind.util.ObjectBuffer'.
2024-11-12 13:42:07,393 INFO  MethodCallReplacementClassAdapter - Adding mock interface to class com/fasterxml/jackson/databind/util/ObjectBuffer
2024-11-12 13:42:07,393 INFO  CreateClassResetClassAdapter - Creating brand-new static initializer in class com/fasterxml/jackson/databind/util/ObjectBuffer
2024-11-12 13:42:07,393 INFO  CreateClassResetClassAdapter - Adding bytecode for initializing field SMALL_CHUNK
2024-11-12 13:42:07,393 INFO  CreateClassResetClassAdapter - Adding bytecode for initializing field MAX_CHUNK
2024-11-12 13:42:07,394 INFO  EvoClassLoader - Keeping class: com.fasterxml.jackson.databind.util.ObjectBuffer
2024-11-12 13:42:07,394 INFO  EvoClassLoader - Seeing class for first time: com.fasterxml.jackson.databind.util.ArrayBuilders
2024-11-12 13:42:07,394 INFO  EvoClassLoader - Instrumenting class 'com.fasterxml.jackson.databind.util.ArrayBuilders'.
2024-11-12 13:42:07,394 INFO  MethodCallReplacementClassAdapter - Adding mock interface to class com/fasterxml/jackson/databind/util/ArrayBuilders
2024-11-12 13:42:07,394 INFO  CreateClassResetClassAdapter - Creating brand-new static initializer in class com/fasterxml/jackson/databind/util/ArrayBuilders
2024-11-12 13:42:07,394 INFO  EvoClassLoader - Keeping class: com.fasterxml.jackson.databind.util.ArrayBuilders
2024-11-12 13:42:07,394 INFO  EvoClassLoader - Seeing class for first time: com.fasterxml.jackson.databind.deser.ValueInstantiator
2024-11-12 13:42:07,394 INFO  EvoClassLoader - Instrumenting class 'com.fasterxml.jackson.databind.deser.ValueInstantiator'.
2024-11-12 13:42:07,395 INFO  MethodCallReplacementClassAdapter - Adding mock interface to class com/fasterxml/jackson/databind/deser/ValueInstantiator
2024-11-12 13:42:07,395 INFO  CreateClassResetClassAdapter - Creating brand-new static initializer in class com/fasterxml/jackson/databind/deser/ValueInstantiator
2024-11-12 13:42:07,395 INFO  EvoClassLoader - Keeping class: com.fasterxml.jackson.databind.deser.ValueInstantiator
2024-11-12 13:42:07,395 INFO  EvoClassLoader - Seeing class for first time: com.fasterxml.jackson.databind.deser.impl.ObjectIdReader
2024-11-12 13:42:07,395 INFO  EvoClassLoader - Instrumenting class 'com.fasterxml.jackson.databind.deser.impl.ObjectIdReader'.
2024-11-12 13:42:07,396 INFO  MethodCallReplacementClassAdapter - Adding mock interface to class com/fasterxml/jackson/databind/deser/impl/ObjectIdReader
2024-11-12 13:42:07,396 INFO  CreateClassResetClassAdapter - Creating brand-new static initializer in class com/fasterxml/jackson/databind/deser/impl/ObjectIdReader
2024-11-12 13:42:07,396 INFO  EvoClassLoader - Keeping class: com.fasterxml.jackson.databind.deser.impl.ObjectIdReader
2024-11-12 13:42:07,396 INFO  EvoClassLoader - Seeing class for first time: com.fasterxml.jackson.annotation.ObjectIdGenerator$IdKey
2024-11-12 13:42:07,396 INFO  EvoClassLoader - Instrumenting class 'com.fasterxml.jackson.annotation.ObjectIdGenerator$IdKey'.
2024-11-12 13:42:07,397 INFO  MethodCallReplacementClassAdapter - Adding mock interface to class com/fasterxml/jackson/annotation/ObjectIdGenerator$IdKey
2024-11-12 13:42:07,397 INFO  CreateClassResetClassAdapter - Creating brand-new static initializer in class com/fasterxml/jackson/annotation/ObjectIdGenerator$IdKey
2024-11-12 13:42:07,398 INFO  EvoClassLoader - Keeping class: com.fasterxml.jackson.annotation.ObjectIdGenerator$IdKey
2024-11-12 13:42:07,398 INFO  EvoClassLoader - Seeing class for first time: com.fasterxml.jackson.databind.deser.Deserializers
2024-11-12 13:42:07,398 INFO  EvoClassLoader - Instrumenting class 'com.fasterxml.jackson.databind.deser.Deserializers'.
2024-11-12 13:42:07,398 INFO  EvoClassLoader - Keeping class: com.fasterxml.jackson.databind.deser.Deserializers
2024-11-12 13:42:07,398 INFO  EvoClassLoader - Seeing class for first time: com.fasterxml.jackson.databind.deser.KeyDeserializers
2024-11-12 13:42:07,398 INFO  EvoClassLoader - Instrumenting class 'com.fasterxml.jackson.databind.deser.KeyDeserializers'.
2024-11-12 13:42:07,398 INFO  EvoClassLoader - Keeping class: com.fasterxml.jackson.databind.deser.KeyDeserializers
2024-11-12 13:42:07,398 INFO  EvoClassLoader - Seeing class for first time: com.fasterxml.jackson.databind.deser.BeanDeserializerModifier
2024-11-12 13:42:07,398 INFO  EvoClassLoader - Instrumenting class 'com.fasterxml.jackson.databind.deser.BeanDeserializerModifier'.
2024-11-12 13:42:07,399 INFO  MethodCallReplacementClassAdapter - Adding mock interface to class com/fasterxml/jackson/databind/deser/BeanDeserializerModifier
2024-11-12 13:42:07,399 INFO  CreateClassResetClassAdapter - Creating brand-new static initializer in class com/fasterxml/jackson/databind/deser/BeanDeserializerModifier
2024-11-12 13:42:07,399 INFO  EvoClassLoader - Keeping class: com.fasterxml.jackson.databind.deser.BeanDeserializerModifier
2024-11-12 13:42:07,399 INFO  EvoClassLoader - Seeing class for first time: com.fasterxml.jackson.databind.AbstractTypeResolver
2024-11-12 13:42:07,399 INFO  EvoClassLoader - Instrumenting class 'com.fasterxml.jackson.databind.AbstractTypeResolver'.
2024-11-12 13:42:07,399 INFO  MethodCallReplacementClassAdapter - Adding mock interface to class com/fasterxml/jackson/databind/AbstractTypeResolver
2024-11-12 13:42:07,399 INFO  CreateClassResetClassAdapter - Creating brand-new static initializer in class com/fasterxml/jackson/databind/AbstractTypeResolver
2024-11-12 13:42:07,399 INFO  EvoClassLoader - Keeping class: com.fasterxml.jackson.databind.AbstractTypeResolver
2024-11-12 13:42:07,399 INFO  EvoClassLoader - Seeing class for first time: com.fasterxml.jackson.databind.deser.ValueInstantiators
2024-11-12 13:42:07,399 INFO  EvoClassLoader - Instrumenting class 'com.fasterxml.jackson.databind.deser.ValueInstantiators'.
2024-11-12 13:42:07,400 INFO  EvoClassLoader - Keeping class: com.fasterxml.jackson.databind.deser.ValueInstantiators
2024-11-12 13:42:07,400 INFO  EvoClassLoader - Seeing class for first time: com.fasterxml.jackson.databind.deser.AbstractDeserializer
2024-11-12 13:42:07,400 INFO  EvoClassLoader - Instrumenting class 'com.fasterxml.jackson.databind.deser.AbstractDeserializer'.
2024-11-12 13:42:07,401 INFO  MethodCallReplacementClassAdapter - Adding mock interface to class com/fasterxml/jackson/databind/deser/AbstractDeserializer
2024-11-12 13:42:07,402 INFO  CreateClassResetClassAdapter - Creating brand-new static initializer in class com/fasterxml/jackson/databind/deser/AbstractDeserializer
2024-11-12 13:42:07,403 INFO  EvoClassLoader - Seeing class for first time: com.fasterxml.jackson.databind.deser.ContextualDeserializer
2024-11-12 13:42:07,403 INFO  EvoClassLoader - Instrumenting class 'com.fasterxml.jackson.databind.deser.ContextualDeserializer'.
2024-11-12 13:42:07,403 INFO  EvoClassLoader - Keeping class: com.fasterxml.jackson.databind.deser.ContextualDeserializer
2024-11-12 13:42:07,403 INFO  EvoClassLoader - Keeping class: com.fasterxml.jackson.databind.deser.AbstractDeserializer
2024-11-12 13:42:07,403 INFO  EvoClassLoader - Seeing class for first time: com.fasterxml.jackson.databind.deser.std.EnumDeserializer
2024-11-12 13:42:07,403 INFO  EvoClassLoader - Instrumenting class 'com.fasterxml.jackson.databind.deser.std.EnumDeserializer'.
2024-11-12 13:42:07,403 INFO  MethodCallReplacementClassAdapter - Adding mock interface to class com/fasterxml/jackson/databind/deser/std/EnumDeserializer
2024-11-12 13:42:07,404 INFO  CreateClassResetClassAdapter - Creating brand-new static initializer in class com/fasterxml/jackson/databind/deser/std/EnumDeserializer
2024-11-12 13:42:07,404 INFO  EvoClassLoader - Defined package (3): package com.fasterxml.jackson.databind.deser.std, -1106567435
2024-11-12 13:42:07,404 INFO  EvoClassLoader - Seeing class for first time: com.fasterxml.jackson.databind.deser.std.StdScalarDeserializer
2024-11-12 13:42:07,404 INFO  EvoClassLoader - Instrumenting class 'com.fasterxml.jackson.databind.deser.std.StdScalarDeserializer'.
2024-11-12 13:42:07,405 INFO  MethodCallReplacementClassAdapter - Adding mock interface to class com/fasterxml/jackson/databind/deser/std/StdScalarDeserializer
2024-11-12 13:42:07,405 INFO  CreateClassResetClassAdapter - Creating brand-new static initializer in class com/fasterxml/jackson/databind/deser/std/StdScalarDeserializer
2024-11-12 13:42:07,405 INFO  EvoClassLoader - Seeing class for first time: com.fasterxml.jackson.databind.deser.std.StdDeserializer
2024-11-12 13:42:07,405 INFO  EvoClassLoader - Instrumenting class 'com.fasterxml.jackson.databind.deser.std.StdDeserializer'.
2024-11-12 13:42:07,406 INFO  MethodCallReplacementClassAdapter - Adding mock interface to class com/fasterxml/jackson/databind/deser/std/StdDeserializer
2024-11-12 13:42:07,413 INFO  CreateClassResetClassAdapter - Found static initializer in class com/fasterxml/jackson/databind/deser/std/StdDeserializer
2024-11-12 13:42:07,414 INFO  EvoClassLoader - Seeing class for first time: com.fasterxml.jackson.databind.deser.ValueInstantiator$Gettable
2024-11-12 13:42:07,414 INFO  EvoClassLoader - Instrumenting class 'com.fasterxml.jackson.databind.deser.ValueInstantiator$Gettable'.
2024-11-12 13:42:07,414 INFO  EvoClassLoader - Keeping class: com.fasterxml.jackson.databind.deser.ValueInstantiator$Gettable
2024-11-12 13:42:07,414 INFO  EvoClassLoader - Keeping class: com.fasterxml.jackson.databind.deser.std.StdDeserializer
2024-11-12 13:42:07,414 INFO  EvoClassLoader - Keeping class: com.fasterxml.jackson.databind.deser.std.StdScalarDeserializer
2024-11-12 13:42:07,414 INFO  EvoClassLoader - Keeping class: com.fasterxml.jackson.databind.deser.std.EnumDeserializer
2024-11-12 13:42:07,414 INFO  EvoClassLoader - Seeing class for first time: com.fasterxml.jackson.databind.deser.std.AtomicReferenceDeserializer
2024-11-12 13:42:07,414 INFO  EvoClassLoader - Instrumenting class 'com.fasterxml.jackson.databind.deser.std.AtomicReferenceDeserializer'.
2024-11-12 13:42:07,414 INFO  MethodCallReplacementClassAdapter - Adding mock interface to class com/fasterxml/jackson/databind/deser/std/AtomicReferenceDeserializer
2024-11-12 13:42:07,415 INFO  CreateClassResetClassAdapter - Creating brand-new static initializer in class com/fasterxml/jackson/databind/deser/std/AtomicReferenceDeserializer
2024-11-12 13:42:07,415 INFO  EvoClassLoader - Seeing class for first time: com.fasterxml.jackson.databind.deser.std.ReferenceTypeDeserializer
2024-11-12 13:42:07,415 INFO  EvoClassLoader - Instrumenting class 'com.fasterxml.jackson.databind.deser.std.ReferenceTypeDeserializer'.
2024-11-12 13:42:07,415 INFO  MethodCallReplacementClassAdapter - Adding mock interface to class com/fasterxml/jackson/databind/deser/std/ReferenceTypeDeserializer
2024-11-12 13:42:07,415 INFO  CreateClassResetClassAdapter - Creating brand-new static initializer in class com/fasterxml/jackson/databind/deser/std/ReferenceTypeDeserializer
2024-11-12 13:42:07,416 INFO  EvoClassLoader - Keeping class: com.fasterxml.jackson.databind.deser.std.ReferenceTypeDeserializer
2024-11-12 13:42:07,416 INFO  EvoClassLoader - Keeping class: com.fasterxml.jackson.databind.deser.std.AtomicReferenceDeserializer
2024-11-12 13:42:07,416 INFO  EvoClassLoader - Seeing class for first time: com.fasterxml.jackson.databind.deser.std.StringArrayDeserializer
2024-11-12 13:42:07,416 INFO  EvoClassLoader - Instrumenting class 'com.fasterxml.jackson.databind.deser.std.StringArrayDeserializer'.
2024-11-12 13:42:07,416 INFO  MethodCallReplacementClassAdapter - Adding mock interface to class com/fasterxml/jackson/databind/deser/std/StringArrayDeserializer
2024-11-12 13:42:07,416 INFO  CreateClassResetClassAdapter - Found static initializer in class com/fasterxml/jackson/databind/deser/std/StringArrayDeserializer
2024-11-12 13:42:07,417 INFO  EvoClassLoader - Keeping class: com.fasterxml.jackson.databind.deser.std.StringArrayDeserializer
2024-11-12 13:42:07,417 INFO  EvoClassLoader - Seeing class for first time: com.fasterxml.jackson.databind.deser.std.ObjectArrayDeserializer
2024-11-12 13:42:07,417 INFO  EvoClassLoader - Instrumenting class 'com.fasterxml.jackson.databind.deser.std.ObjectArrayDeserializer'.
2024-11-12 13:42:07,417 INFO  MethodCallReplacementClassAdapter - Adding mock interface to class com/fasterxml/jackson/databind/deser/std/ObjectArrayDeserializer
2024-11-12 13:42:07,418 INFO  CreateClassResetClassAdapter - Creating brand-new static initializer in class com/fasterxml/jackson/databind/deser/std/ObjectArrayDeserializer
2024-11-12 13:42:07,418 INFO  EvoClassLoader - Seeing class for first time: com.fasterxml.jackson.databind.deser.std.ContainerDeserializerBase
2024-11-12 13:42:07,418 INFO  EvoClassLoader - Instrumenting class 'com.fasterxml.jackson.databind.deser.std.ContainerDeserializerBase'.
2024-11-12 13:42:07,418 INFO  MethodCallReplacementClassAdapter - Adding mock interface to class com/fasterxml/jackson/databind/deser/std/ContainerDeserializerBase
2024-11-12 13:42:07,419 INFO  CreateClassResetClassAdapter - Creating brand-new static initializer in class com/fasterxml/jackson/databind/deser/std/ContainerDeserializerBase
2024-11-12 13:42:07,419 INFO  EvoClassLoader - Keeping class: com.fasterxml.jackson.databind.deser.std.ContainerDeserializerBase
2024-11-12 13:42:07,419 INFO  EvoClassLoader - Keeping class: com.fasterxml.jackson.databind.deser.std.ObjectArrayDeserializer
2024-11-12 13:42:07,419 INFO  EvoClassLoader - Seeing class for first time: com.fasterxml.jackson.databind.deser.std.EnumSetDeserializer
2024-11-12 13:42:07,419 INFO  EvoClassLoader - Instrumenting class 'com.fasterxml.jackson.databind.deser.std.EnumSetDeserializer'.
2024-11-12 13:42:07,419 INFO  MethodCallReplacementClassAdapter - Adding mock interface to class com/fasterxml/jackson/databind/deser/std/EnumSetDeserializer
2024-11-12 13:42:07,420 INFO  CreateClassResetClassAdapter - Creating brand-new static initializer in class com/fasterxml/jackson/databind/deser/std/EnumSetDeserializer
2024-11-12 13:42:07,421 INFO  EvoClassLoader - Keeping class: com.fasterxml.jackson.databind.deser.std.EnumSetDeserializer
2024-11-12 13:42:07,421 INFO  EvoClassLoader - Seeing class for first time: com.fasterxml.jackson.databind.deser.std.ArrayBlockingQueueDeserializer
2024-11-12 13:42:07,421 INFO  EvoClassLoader - Instrumenting class 'com.fasterxml.jackson.databind.deser.std.ArrayBlockingQueueDeserializer'.
2024-11-12 13:42:07,421 INFO  MethodCallReplacementClassAdapter - Adding mock interface to class com/fasterxml/jackson/databind/deser/std/ArrayBlockingQueueDeserializer
2024-11-12 13:42:07,421 INFO  CreateClassResetClassAdapter - Creating brand-new static initializer in class com/fasterxml/jackson/databind/deser/std/ArrayBlockingQueueDeserializer
2024-11-12 13:42:07,421 INFO  EvoClassLoader - Seeing class for first time: com.fasterxml.jackson.databind.deser.std.CollectionDeserializer
2024-11-12 13:42:07,421 INFO  EvoClassLoader - Instrumenting class 'com.fasterxml.jackson.databind.deser.std.CollectionDeserializer'.
2024-11-12 13:42:07,422 INFO  MethodCallReplacementClassAdapter - Adding mock interface to class com/fasterxml/jackson/databind/deser/std/CollectionDeserializer
2024-11-12 13:42:07,422 INFO  CreateClassResetClassAdapter - Creating brand-new static initializer in class com/fasterxml/jackson/databind/deser/std/CollectionDeserializer
2024-11-12 13:42:07,422 INFO  EvoClassLoader - Keeping class: com.fasterxml.jackson.databind.deser.std.CollectionDeserializer
2024-11-12 13:42:07,422 INFO  EvoClassLoader - Keeping class: com.fasterxml.jackson.databind.deser.std.ArrayBlockingQueueDeserializer
2024-11-12 13:42:07,422 INFO  EvoClassLoader - Seeing class for first time: com.fasterxml.jackson.databind.deser.std.StringCollectionDeserializer
2024-11-12 13:42:07,422 INFO  EvoClassLoader - Instrumenting class 'com.fasterxml.jackson.databind.deser.std.StringCollectionDeserializer'.
2024-11-12 13:42:07,423 INFO  MethodCallReplacementClassAdapter - Adding mock interface to class com/fasterxml/jackson/databind/deser/std/StringCollectionDeserializer
2024-11-12 13:42:07,423 INFO  CreateClassResetClassAdapter - Creating brand-new static initializer in class com/fasterxml/jackson/databind/deser/std/StringCollectionDeserializer
2024-11-12 13:42:07,424 INFO  EvoClassLoader - Keeping class: com.fasterxml.jackson.databind.deser.std.StringCollectionDeserializer
2024-11-12 13:42:07,424 INFO  EvoClassLoader - Seeing class for first time: com.fasterxml.jackson.databind.deser.std.UntypedObjectDeserializer
2024-11-12 13:42:07,424 INFO  EvoClassLoader - Instrumenting class 'com.fasterxml.jackson.databind.deser.std.UntypedObjectDeserializer'.
2024-11-12 13:42:07,424 INFO  MethodCallReplacementClassAdapter - Adding mock interface to class com/fasterxml/jackson/databind/deser/std/UntypedObjectDeserializer
2024-11-12 13:42:07,425 INFO  CreateClassResetClassAdapter - Found static initializer in class com/fasterxml/jackson/databind/deser/std/UntypedObjectDeserializer
2024-11-12 13:42:07,425 INFO  EvoClassLoader - Seeing class for first time: com.fasterxml.jackson.databind.deser.ResolvableDeserializer
2024-11-12 13:42:07,425 INFO  EvoClassLoader - Instrumenting class 'com.fasterxml.jackson.databind.deser.ResolvableDeserializer'.
2024-11-12 13:42:07,426 INFO  EvoClassLoader - Keeping class: com.fasterxml.jackson.databind.deser.ResolvableDeserializer
2024-11-12 13:42:07,426 INFO  EvoClassLoader - Keeping class: com.fasterxml.jackson.databind.deser.std.UntypedObjectDeserializer
2024-11-12 13:42:07,426 INFO  EvoClassLoader - Seeing class for first time: com.fasterxml.jackson.databind.deser.std.StringDeserializer
2024-11-12 13:42:07,426 INFO  EvoClassLoader - Instrumenting class 'com.fasterxml.jackson.databind.deser.std.StringDeserializer'.
2024-11-12 13:42:07,426 INFO  MethodCallReplacementClassAdapter - Adding mock interface to class com/fasterxml/jackson/databind/deser/std/StringDeserializer
2024-11-12 13:42:07,426 INFO  CreateClassResetClassAdapter - Found static initializer in class com/fasterxml/jackson/databind/deser/std/StringDeserializer
2024-11-12 13:42:07,426 INFO  EvoClassLoader - Keeping class: com.fasterxml.jackson.databind.deser.std.StringDeserializer
2024-11-12 13:42:07,426 INFO  EvoClassLoader - Seeing class for first time: com.fasterxml.jackson.databind.deser.std.MapEntryDeserializer
2024-11-12 13:42:07,426 INFO  EvoClassLoader - Instrumenting class 'com.fasterxml.jackson.databind.deser.std.MapEntryDeserializer'.
2024-11-12 13:42:07,427 INFO  MethodCallReplacementClassAdapter - Adding mock interface to class com/fasterxml/jackson/databind/deser/std/MapEntryDeserializer
2024-11-12 13:42:07,428 INFO  CreateClassResetClassAdapter - Creating brand-new static initializer in class com/fasterxml/jackson/databind/deser/std/MapEntryDeserializer
2024-11-12 13:42:07,428 INFO  EvoClassLoader - Keeping class: com.fasterxml.jackson.databind.deser.std.MapEntryDeserializer
2024-11-12 13:42:07,428 INFO  EvoClassLoader - Seeing class for first time: com.fasterxml.jackson.databind.deser.std.TokenBufferDeserializer
2024-11-12 13:42:07,428 INFO  EvoClassLoader - Instrumenting class 'com.fasterxml.jackson.databind.deser.std.TokenBufferDeserializer'.
2024-11-12 13:42:07,428 INFO  MethodCallReplacementClassAdapter - Adding mock interface to class com/fasterxml/jackson/databind/deser/std/TokenBufferDeserializer
2024-11-12 13:42:07,428 INFO  CreateClassResetClassAdapter - Creating brand-new static initializer in class com/fasterxml/jackson/databind/deser/std/TokenBufferDeserializer
2024-11-12 13:42:07,428 INFO  EvoClassLoader - Keeping class: com.fasterxml.jackson.databind.deser.std.TokenBufferDeserializer
2024-11-12 13:42:07,428 INFO  EvoClassLoader - Seeing class for first time: com.fasterxml.jackson.databind.deser.std.EnumMapDeserializer
2024-11-12 13:42:07,428 INFO  EvoClassLoader - Instrumenting class 'com.fasterxml.jackson.databind.deser.std.EnumMapDeserializer'.
2024-11-12 13:42:07,429 INFO  MethodCallReplacementClassAdapter - Adding mock interface to class com/fasterxml/jackson/databind/deser/std/EnumMapDeserializer
2024-11-12 13:42:07,429 INFO  CreateClassResetClassAdapter - Creating brand-new static initializer in class com/fasterxml/jackson/databind/deser/std/EnumMapDeserializer
2024-11-12 13:42:07,429 INFO  EvoClassLoader - Keeping class: com.fasterxml.jackson.databind.deser.std.EnumMapDeserializer
2024-11-12 13:42:07,430 INFO  EvoClassLoader - Seeing class for first time: com.fasterxml.jackson.databind.deser.std.MapDeserializer
2024-11-12 13:42:07,430 INFO  EvoClassLoader - Instrumenting class 'com.fasterxml.jackson.databind.deser.std.MapDeserializer'.
2024-11-12 13:42:07,430 INFO  MethodCallReplacementClassAdapter - Adding mock interface to class com/fasterxml/jackson/databind/deser/std/MapDeserializer
2024-11-12 13:42:07,431 INFO  CreateClassResetClassAdapter - Creating brand-new static initializer in class com/fasterxml/jackson/databind/deser/std/MapDeserializer
2024-11-12 13:42:07,432 INFO  EvoClassLoader - Keeping class: com.fasterxml.jackson.databind.deser.std.MapDeserializer
2024-11-12 13:42:07,432 INFO  EvoClassLoader - Seeing class for first time: com.fasterxml.jackson.databind.deser.SettableBeanProperty
2024-11-12 13:42:07,432 INFO  EvoClassLoader - Instrumenting class 'com.fasterxml.jackson.databind.deser.SettableBeanProperty'.
2024-11-12 13:42:07,433 INFO  MethodCallReplacementClassAdapter - Adding mock interface to class com/fasterxml/jackson/databind/deser/SettableBeanProperty
2024-11-12 13:42:07,434 INFO  CreateClassResetClassAdapter - Found static initializer in class com/fasterxml/jackson/databind/deser/SettableBeanProperty
2024-11-12 13:42:07,434 INFO  EvoClassLoader - Keeping class: com.fasterxml.jackson.databind.deser.SettableBeanProperty
2024-11-12 13:42:07,435 INFO  EvoClassLoader - Seeing class for first time: com.fasterxml.jackson.databind.deser.CreatorProperty
2024-11-12 13:42:07,435 INFO  EvoClassLoader - Instrumenting class 'com.fasterxml.jackson.databind.deser.CreatorProperty'.
2024-11-12 13:42:07,435 INFO  MethodCallReplacementClassAdapter - Adding mock interface to class com/fasterxml/jackson/databind/deser/CreatorProperty
2024-11-12 13:42:07,435 INFO  CreateClassResetClassAdapter - Creating brand-new static initializer in class com/fasterxml/jackson/databind/deser/CreatorProperty
2024-11-12 13:42:07,436 INFO  EvoClassLoader - Keeping class: com.fasterxml.jackson.databind.deser.CreatorProperty
2024-11-12 13:42:07,437 INFO  EvoClassLoader - Seeing class for first time: com.fasterxml.jackson.databind.cfg.DeserializerFactoryConfig
2024-11-12 13:42:07,437 INFO  EvoClassLoader - Instrumenting class 'com.fasterxml.jackson.databind.cfg.DeserializerFactoryConfig'.
2024-11-12 13:42:07,437 INFO  MethodCallReplacementClassAdapter - Adding mock interface to class com/fasterxml/jackson/databind/cfg/DeserializerFactoryConfig
2024-11-12 13:42:07,437 INFO  CreateClassResetClassAdapter - Found static initializer in class com/fasterxml/jackson/databind/cfg/DeserializerFactoryConfig
2024-11-12 13:42:07,438 INFO  EvoClassLoader - Keeping class: com.fasterxml.jackson.databind.cfg.DeserializerFactoryConfig
2024-11-12 13:42:07,438 INFO  EvoClassLoader - Seeing class for first time: com.fasterxml.jackson.databind.deser.BasicDeserializerFactory$CreatorCollectionState
2024-11-12 13:42:07,438 INFO  EvoClassLoader - Instrumenting class 'com.fasterxml.jackson.databind.deser.BasicDeserializerFactory$CreatorCollectionState'.
2024-11-12 13:42:07,438 INFO  MethodCallReplacementClassAdapter - Adding mock interface to class com/fasterxml/jackson/databind/deser/BasicDeserializerFactory$CreatorCollectionState
2024-11-12 13:42:07,438 INFO  CreateClassResetClassAdapter - Creating brand-new static initializer in class com/fasterxml/jackson/databind/deser/BasicDeserializerFactory$CreatorCollectionState
2024-11-12 13:42:07,438 INFO  EvoClassLoader - Keeping class: com.fasterxml.jackson.databind.deser.BasicDeserializerFactory$CreatorCollectionState
2024-11-12 13:42:07,438 INFO  EvoClassLoader - Seeing class for first time: com.fasterxml.jackson.databind.deser.impl.CreatorCollector
2024-11-12 13:42:07,438 INFO  EvoClassLoader - Instrumenting class 'com.fasterxml.jackson.databind.deser.impl.CreatorCollector'.
2024-11-12 13:42:07,439 INFO  MethodCallReplacementClassAdapter - Adding mock interface to class com/fasterxml/jackson/databind/deser/impl/CreatorCollector
2024-11-12 13:42:07,439 INFO  CreateClassResetClassAdapter - Found static initializer in class com/fasterxml/jackson/databind/deser/impl/CreatorCollector
2024-11-12 13:42:07,440 INFO  EvoClassLoader - Keeping class: com.fasterxml.jackson.databind.deser.impl.CreatorCollector
2024-11-12 13:42:07,440 INFO  EvoClassLoader - Seeing class for first time: com.fasterxml.jackson.databind.deser.impl.CreatorCandidate
2024-11-12 13:42:07,440 INFO  EvoClassLoader - Instrumenting class 'com.fasterxml.jackson.databind.deser.impl.CreatorCandidate'.
2024-11-12 13:42:07,440 INFO  MethodCallReplacementClassAdapter - Adding mock interface to class com/fasterxml/jackson/databind/deser/impl/CreatorCandidate
2024-11-12 13:42:07,440 INFO  CreateClassResetClassAdapter - Creating brand-new static initializer in class com/fasterxml/jackson/databind/deser/impl/CreatorCandidate
2024-11-12 13:42:07,440 INFO  EvoClassLoader - Keeping class: com.fasterxml.jackson.databind.deser.impl.CreatorCandidate
2024-11-12 13:42:07,441 INFO  EvoClassLoader - Seeing class for first time: com.fasterxml.jackson.databind.PropertyMetadata
2024-11-12 13:42:07,441 INFO  EvoClassLoader - Instrumenting class 'com.fasterxml.jackson.databind.PropertyMetadata'.
2024-11-12 13:42:07,441 INFO  MethodCallReplacementClassAdapter - Adding mock interface to class com/fasterxml/jackson/databind/PropertyMetadata
2024-11-12 13:42:07,441 INFO  CreateClassResetClassAdapter - Found static initializer in class com/fasterxml/jackson/databind/PropertyMetadata
2024-11-12 13:42:07,441 INFO  EvoClassLoader - Keeping class: com.fasterxml.jackson.databind.PropertyMetadata
2024-11-12 13:42:07,441 INFO  EvoClassLoader - Seeing class for first time: com.fasterxml.jackson.databind.util.EnumResolver
2024-11-12 13:42:07,441 INFO  EvoClassLoader - Instrumenting class 'com.fasterxml.jackson.databind.util.EnumResolver'.
2024-11-12 13:42:07,442 INFO  MethodCallReplacementClassAdapter - Adding mock interface to class com/fasterxml/jackson/databind/util/EnumResolver
2024-11-12 13:42:07,443 INFO  CreateClassResetClassAdapter - Creating brand-new static initializer in class com/fasterxml/jackson/databind/util/EnumResolver
2024-11-12 13:42:07,443 INFO  EvoClassLoader - Keeping class: com.fasterxml.jackson.databind.util.EnumResolver
2024-11-12 13:42:07,443 INFO  EvoClassLoader - Seeing class for first time: com.fasterxml.jackson.databind.deser.std.StdKeyDeserializers
2024-11-12 13:42:07,443 INFO  EvoClassLoader - Instrumenting class 'com.fasterxml.jackson.databind.deser.std.StdKeyDeserializers'.
2024-11-12 13:42:07,443 INFO  MethodCallReplacementClassAdapter - Adding mock interface to class com/fasterxml/jackson/databind/deser/std/StdKeyDeserializers
2024-11-12 13:42:07,443 INFO  CreateClassResetClassAdapter - Creating brand-new static initializer in class com/fasterxml/jackson/databind/deser/std/StdKeyDeserializers
2024-11-12 13:42:07,444 INFO  EvoClassLoader - Keeping class: com.fasterxml.jackson.databind.deser.std.StdKeyDeserializers
2024-11-12 13:42:07,444 INFO  EvoClassLoader - Seeing class for first time: com.fasterxml.jackson.databind.deser.std.StdKeyDeserializer
2024-11-12 13:42:07,444 INFO  EvoClassLoader - Instrumenting class 'com.fasterxml.jackson.databind.deser.std.StdKeyDeserializer'.
2024-11-12 13:42:07,444 INFO  MethodCallReplacementClassAdapter - Adding mock interface to class com/fasterxml/jackson/databind/deser/std/StdKeyDeserializer
2024-11-12 13:42:07,444 INFO  CreateClassResetClassAdapter - Creating brand-new static initializer in class com/fasterxml/jackson/databind/deser/std/StdKeyDeserializer
2024-11-12 13:42:07,444 INFO  CreateClassResetClassAdapter - Adding bytecode for initializing field TYPE_BOOLEAN
2024-11-12 13:42:07,444 INFO  CreateClassResetClassAdapter - Adding bytecode for initializing field TYPE_BYTE
2024-11-12 13:42:07,444 INFO  CreateClassResetClassAdapter - Adding bytecode for initializing field TYPE_SHORT
2024-11-12 13:42:07,444 INFO  CreateClassResetClassAdapter - Adding bytecode for initializing field TYPE_CHAR
2024-11-12 13:42:07,444 INFO  CreateClassResetClassAdapter - Adding bytecode for initializing field TYPE_INT
2024-11-12 13:42:07,444 INFO  CreateClassResetClassAdapter - Adding bytecode for initializing field TYPE_LONG
2024-11-12 13:42:07,444 INFO  CreateClassResetClassAdapter - Adding bytecode for initializing field TYPE_FLOAT
2024-11-12 13:42:07,444 INFO  CreateClassResetClassAdapter - Adding bytecode for initializing field TYPE_DOUBLE
2024-11-12 13:42:07,444 INFO  CreateClassResetClassAdapter - Adding bytecode for initializing field TYPE_LOCALE
2024-11-12 13:42:07,444 INFO  CreateClassResetClassAdapter - Adding bytecode for initializing field TYPE_DATE
2024-11-12 13:42:07,444 INFO  CreateClassResetClassAdapter - Adding bytecode for initializing field TYPE_CALENDAR
2024-11-12 13:42:07,444 INFO  CreateClassResetClassAdapter - Adding bytecode for initializing field TYPE_UUID
2024-11-12 13:42:07,444 INFO  CreateClassResetClassAdapter - Adding bytecode for initializing field TYPE_URI
2024-11-12 13:42:07,444 INFO  CreateClassResetClassAdapter - Adding bytecode for initializing field TYPE_URL
2024-11-12 13:42:07,444 INFO  CreateClassResetClassAdapter - Adding bytecode for initializing field TYPE_CLASS
2024-11-12 13:42:07,445 INFO  CreateClassResetClassAdapter - Adding bytecode for initializing field TYPE_CURRENCY
2024-11-12 13:42:07,445 INFO  CreateClassResetClassAdapter - Adding bytecode for initializing field TYPE_BYTE_ARRAY
2024-11-12 13:42:07,445 INFO  EvoClassLoader - Keeping class: com.fasterxml.jackson.databind.deser.std.StdKeyDeserializer
2024-11-12 13:42:07,445 INFO  EvoClassLoader - Seeing class for first time: com.fasterxml.jackson.databind.deser.std.StdKeyDeserializer$StringCtorKeyDeserializer
2024-11-12 13:42:07,445 INFO  EvoClassLoader - Instrumenting class 'com.fasterxml.jackson.databind.deser.std.StdKeyDeserializer$StringCtorKeyDeserializer'.
2024-11-12 13:42:07,445 INFO  MethodCallReplacementClassAdapter - Adding mock interface to class com/fasterxml/jackson/databind/deser/std/StdKeyDeserializer$StringCtorKeyDeserializer
2024-11-12 13:42:07,445 INFO  CreateClassResetClassAdapter - Creating brand-new static initializer in class com/fasterxml/jackson/databind/deser/std/StdKeyDeserializer$StringCtorKeyDeserializer
2024-11-12 13:42:07,445 INFO  EvoClassLoader - Keeping class: com.fasterxml.jackson.databind.deser.std.StdKeyDeserializer$StringCtorKeyDeserializer
2024-11-12 13:42:07,445 INFO  EvoClassLoader - Seeing class for first time: com.fasterxml.jackson.databind.deser.std.StdKeyDeserializer$StringFactoryKeyDeserializer
2024-11-12 13:42:07,445 INFO  EvoClassLoader - Instrumenting class 'com.fasterxml.jackson.databind.deser.std.StdKeyDeserializer$StringFactoryKeyDeserializer'.
2024-11-12 13:42:07,445 INFO  MethodCallReplacementClassAdapter - Adding mock interface to class com/fasterxml/jackson/databind/deser/std/StdKeyDeserializer$StringFactoryKeyDeserializer
2024-11-12 13:42:07,446 INFO  CreateClassResetClassAdapter - Creating brand-new static initializer in class com/fasterxml/jackson/databind/deser/std/StdKeyDeserializer$StringFactoryKeyDeserializer
2024-11-12 13:42:07,446 INFO  EvoClassLoader - Keeping class: com.fasterxml.jackson.databind.deser.std.StdKeyDeserializer$StringFactoryKeyDeserializer
2024-11-12 13:42:07,446 INFO  EvoClassLoader - Seeing class for first time: com.fasterxml.jackson.databind.deser.std.StdKeyDeserializer$DelegatingKD
2024-11-12 13:42:07,446 INFO  EvoClassLoader - Instrumenting class 'com.fasterxml.jackson.databind.deser.std.StdKeyDeserializer$DelegatingKD'.
2024-11-12 13:42:07,446 INFO  MethodCallReplacementClassAdapter - Adding mock interface to class com/fasterxml/jackson/databind/deser/std/StdKeyDeserializer$DelegatingKD
2024-11-12 13:42:07,446 INFO  CreateClassResetClassAdapter - Creating brand-new static initializer in class com/fasterxml/jackson/databind/deser/std/StdKeyDeserializer$DelegatingKD
2024-11-12 13:42:07,446 INFO  EvoClassLoader - Keeping class: com.fasterxml.jackson.databind.deser.std.StdKeyDeserializer$DelegatingKD
2024-11-12 13:42:07,446 INFO  EvoClassLoader - Seeing class for first time: com.fasterxml.jackson.databind.deser.std.StdKeyDeserializer$EnumKD
2024-11-12 13:42:07,446 INFO  EvoClassLoader - Instrumenting class 'com.fasterxml.jackson.databind.deser.std.StdKeyDeserializer$EnumKD'.
2024-11-12 13:42:07,446 INFO  MethodCallReplacementClassAdapter - Adding mock interface to class com/fasterxml/jackson/databind/deser/std/StdKeyDeserializer$EnumKD
2024-11-12 13:42:07,446 INFO  CreateClassResetClassAdapter - Creating brand-new static initializer in class com/fasterxml/jackson/databind/deser/std/StdKeyDeserializer$EnumKD
2024-11-12 13:42:07,446 INFO  EvoClassLoader - Keeping class: com.fasterxml.jackson.databind.deser.std.StdKeyDeserializer$EnumKD
2024-11-12 13:42:07,447 INFO  EvoClassLoader - Seeing class for first time: com.fasterxml.jackson.databind.deser.std.ThrowableDeserializer
2024-11-12 13:42:07,447 INFO  EvoClassLoader - Instrumenting class 'com.fasterxml.jackson.databind.deser.std.ThrowableDeserializer'.
2024-11-12 13:42:07,447 INFO  MethodCallReplacementClassAdapter - Adding mock interface to class com/fasterxml/jackson/databind/deser/std/ThrowableDeserializer
2024-11-12 13:42:07,447 INFO  CreateClassResetClassAdapter - Creating brand-new static initializer in class com/fasterxml/jackson/databind/deser/std/ThrowableDeserializer
2024-11-12 13:42:07,447 INFO  CreateClassResetClassAdapter - Adding bytecode for initializing field PROP_NAME_MESSAGE
2024-11-12 13:42:07,448 INFO  EvoClassLoader - Seeing class for first time: com.fasterxml.jackson.databind.deser.BeanDeserializer
2024-11-12 13:42:07,448 INFO  EvoClassLoader - Instrumenting class 'com.fasterxml.jackson.databind.deser.BeanDeserializer'.
2024-11-12 13:42:07,448 INFO  MethodCallReplacementClassAdapter - Adding mock interface to class com/fasterxml/jackson/databind/deser/BeanDeserializer
2024-11-12 13:42:07,450 INFO  CreateClassResetClassAdapter - Creating brand-new static initializer in class com/fasterxml/jackson/databind/deser/BeanDeserializer
2024-11-12 13:42:07,451 INFO  EvoClassLoader - Seeing class for first time: com.fasterxml.jackson.databind.deser.BeanDeserializerBase
2024-11-12 13:42:07,451 INFO  EvoClassLoader - Instrumenting class 'com.fasterxml.jackson.databind.deser.BeanDeserializerBase'.
2024-11-12 13:42:07,452 INFO  MethodCallReplacementClassAdapter - Adding mock interface to class com/fasterxml/jackson/databind/deser/BeanDeserializerBase
2024-11-12 13:42:07,460 INFO  CreateClassResetClassAdapter - Found static initializer in class com/fasterxml/jackson/databind/deser/BeanDeserializerBase
2024-11-12 13:42:07,461 INFO  EvoClassLoader - Keeping class: com.fasterxml.jackson.databind.deser.BeanDeserializerBase
2024-11-12 13:42:07,461 INFO  EvoClassLoader - Keeping class: com.fasterxml.jackson.databind.deser.BeanDeserializer
2024-11-12 13:42:07,461 INFO  EvoClassLoader - Keeping class: com.fasterxml.jackson.databind.deser.std.ThrowableDeserializer
2024-11-12 13:42:07,461 INFO  EvoClassLoader - Seeing class for first time: com.fasterxml.jackson.databind.deser.impl.ErrorThrowingDeserializer
2024-11-12 13:42:07,461 INFO  EvoClassLoader - Instrumenting class 'com.fasterxml.jackson.databind.deser.impl.ErrorThrowingDeserializer'.
2024-11-12 13:42:07,461 INFO  MethodCallReplacementClassAdapter - Adding mock interface to class com/fasterxml/jackson/databind/deser/impl/ErrorThrowingDeserializer
2024-11-12 13:42:07,461 INFO  CreateClassResetClassAdapter - Creating brand-new static initializer in class com/fasterxml/jackson/databind/deser/impl/ErrorThrowingDeserializer
2024-11-12 13:42:07,461 INFO  EvoClassLoader - Keeping class: com.fasterxml.jackson.databind.deser.impl.ErrorThrowingDeserializer
2024-11-12 13:42:07,462 INFO  EvoClassLoader - Seeing class for first time: com.fasterxml.jackson.databind.deser.impl.UnsupportedTypeDeserializer
2024-11-12 13:42:07,462 INFO  EvoClassLoader - Instrumenting class 'com.fasterxml.jackson.databind.deser.impl.UnsupportedTypeDeserializer'.
2024-11-12 13:42:07,462 INFO  MethodCallReplacementClassAdapter - Adding mock interface to class com/fasterxml/jackson/databind/deser/impl/UnsupportedTypeDeserializer
2024-11-12 13:42:07,462 INFO  CreateClassResetClassAdapter - Creating brand-new static initializer in class com/fasterxml/jackson/databind/deser/impl/UnsupportedTypeDeserializer
2024-11-12 13:42:07,462 INFO  EvoClassLoader - Keeping class: com.fasterxml.jackson.databind.deser.impl.UnsupportedTypeDeserializer
2024-11-12 13:42:07,462 INFO  EvoClassLoader - Seeing class for first time: com.fasterxml.jackson.databind.deser.impl.PropertyBasedObjectIdGenerator
2024-11-12 13:42:07,462 INFO  EvoClassLoader - Instrumenting class 'com.fasterxml.jackson.databind.deser.impl.PropertyBasedObjectIdGenerator'.
2024-11-12 13:42:07,462 INFO  MethodCallReplacementClassAdapter - Adding mock interface to class com/fasterxml/jackson/databind/deser/impl/PropertyBasedObjectIdGenerator
2024-11-12 13:42:07,462 INFO  CreateClassResetClassAdapter - Creating brand-new static initializer in class com/fasterxml/jackson/databind/deser/impl/PropertyBasedObjectIdGenerator
2024-11-12 13:42:07,462 INFO  EvoClassLoader - Seeing class for first time: com.fasterxml.jackson.annotation.ObjectIdGenerators$PropertyGenerator
2024-11-12 13:42:07,462 INFO  EvoClassLoader - Instrumenting class 'com.fasterxml.jackson.annotation.ObjectIdGenerators$PropertyGenerator'.
2024-11-12 13:42:07,463 INFO  MethodCallReplacementClassAdapter - Adding mock interface to class com/fasterxml/jackson/annotation/ObjectIdGenerators$PropertyGenerator
2024-11-12 13:42:07,463 INFO  CreateClassResetClassAdapter - Creating brand-new static initializer in class com/fasterxml/jackson/annotation/ObjectIdGenerators$PropertyGenerator
2024-11-12 13:42:07,463 INFO  EvoClassLoader - Seeing class for first time: com.fasterxml.jackson.annotation.ObjectIdGenerators$Base
2024-11-12 13:42:07,463 INFO  EvoClassLoader - Instrumenting class 'com.fasterxml.jackson.annotation.ObjectIdGenerators$Base'.
2024-11-12 13:42:07,463 INFO  MethodCallReplacementClassAdapter - Adding mock interface to class com/fasterxml/jackson/annotation/ObjectIdGenerators$Base
2024-11-12 13:42:07,463 INFO  CreateClassResetClassAdapter - Creating brand-new static initializer in class com/fasterxml/jackson/annotation/ObjectIdGenerators$Base
2024-11-12 13:42:07,463 INFO  EvoClassLoader - Keeping class: com.fasterxml.jackson.annotation.ObjectIdGenerators$Base
2024-11-12 13:42:07,463 INFO  EvoClassLoader - Keeping class: com.fasterxml.jackson.annotation.ObjectIdGenerators$PropertyGenerator
2024-11-12 13:42:07,463 INFO  EvoClassLoader - Keeping class: com.fasterxml.jackson.databind.deser.impl.PropertyBasedObjectIdGenerator
2024-11-12 13:42:07,463 INFO  EvoClassLoader - Seeing class for first time: com.fasterxml.jackson.databind.deser.impl.MethodProperty
2024-11-12 13:42:07,463 INFO  EvoClassLoader - Instrumenting class 'com.fasterxml.jackson.databind.deser.impl.MethodProperty'.
2024-11-12 13:42:07,463 INFO  MethodCallReplacementClassAdapter - Adding mock interface to class com/fasterxml/jackson/databind/deser/impl/MethodProperty
2024-11-12 13:42:07,464 INFO  CreateClassResetClassAdapter - Creating brand-new static initializer in class com/fasterxml/jackson/databind/deser/impl/MethodProperty
2024-11-12 13:42:07,464 INFO  EvoClassLoader - Keeping class: com.fasterxml.jackson.databind.deser.impl.MethodProperty
2024-11-12 13:42:07,464 INFO  EvoClassLoader - Seeing class for first time: com.fasterxml.jackson.databind.deser.impl.FieldProperty
2024-11-12 13:42:07,464 INFO  EvoClassLoader - Instrumenting class 'com.fasterxml.jackson.databind.deser.impl.FieldProperty'.
2024-11-12 13:42:07,464 INFO  MethodCallReplacementClassAdapter - Adding mock interface to class com/fasterxml/jackson/databind/deser/impl/FieldProperty
2024-11-12 13:42:07,465 INFO  CreateClassResetClassAdapter - Creating brand-new static initializer in class com/fasterxml/jackson/databind/deser/impl/FieldProperty
2024-11-12 13:42:07,466 INFO  EvoClassLoader - Keeping class: com.fasterxml.jackson.databind.deser.impl.FieldProperty
2024-11-12 13:42:07,466 INFO  EvoClassLoader - Seeing class for first time: com.fasterxml.jackson.databind.deser.impl.SetterlessProperty
2024-11-12 13:42:07,466 INFO  EvoClassLoader - Instrumenting class 'com.fasterxml.jackson.databind.deser.impl.SetterlessProperty'.
2024-11-12 13:42:07,467 INFO  MethodCallReplacementClassAdapter - Adding mock interface to class com/fasterxml/jackson/databind/deser/impl/SetterlessProperty
2024-11-12 13:42:07,468 INFO  CreateClassResetClassAdapter - Creating brand-new static initializer in class com/fasterxml/jackson/databind/deser/impl/SetterlessProperty
2024-11-12 13:42:07,469 INFO  EvoClassLoader - Keeping class: com.fasterxml.jackson.databind.deser.impl.SetterlessProperty
2024-11-12 13:42:07,469 INFO  EvoClassLoader - Seeing class for first time: com.fasterxml.jackson.databind.deser.BeanDeserializerBuilder
2024-11-12 13:42:07,469 INFO  EvoClassLoader - Instrumenting class 'com.fasterxml.jackson.databind.deser.BeanDeserializerBuilder'.
2024-11-12 13:42:07,470 INFO  MethodCallReplacementClassAdapter - Adding mock interface to class com/fasterxml/jackson/databind/deser/BeanDeserializerBuilder
2024-11-12 13:42:07,472 INFO  CreateClassResetClassAdapter - Creating brand-new static initializer in class com/fasterxml/jackson/databind/deser/BeanDeserializerBuilder
2024-11-12 13:42:07,473 INFO  EvoClassLoader - Keeping class: com.fasterxml.jackson.databind.deser.BeanDeserializerBuilder
2024-11-12 13:42:07,473 INFO  EvoClassLoader - Seeing class for first time: com.fasterxml.jackson.databind.deser.SettableAnyProperty
2024-11-12 13:42:07,473 INFO  EvoClassLoader - Instrumenting class 'com.fasterxml.jackson.databind.deser.SettableAnyProperty'.
2024-11-12 13:42:07,474 INFO  MethodCallReplacementClassAdapter - Adding mock interface to class com/fasterxml/jackson/databind/deser/SettableAnyProperty
2024-11-12 13:42:07,476 INFO  CreateClassResetClassAdapter - Creating brand-new static initializer in class com/fasterxml/jackson/databind/deser/SettableAnyProperty
2024-11-12 13:42:07,476 INFO  EvoClassLoader - Keeping class: com.fasterxml.jackson.databind.deser.SettableAnyProperty
2024-11-12 13:42:07,477 INFO  EvoClassLoader - Seeing class for first time: com.fasterxml.jackson.databind.deser.DeserializerCache
2024-11-12 13:42:07,477 INFO  EvoClassLoader - Instrumenting class 'com.fasterxml.jackson.databind.deser.DeserializerCache'.
2024-11-12 13:42:07,477 INFO  MethodCallReplacementClassAdapter - Adding mock interface to class com/fasterxml/jackson/databind/deser/DeserializerCache
2024-11-12 13:42:07,479 INFO  CreateClassResetClassAdapter - Creating brand-new static initializer in class com/fasterxml/jackson/databind/deser/DeserializerCache
2024-11-12 13:42:07,480 INFO  EvoClassLoader - Keeping class: com.fasterxml.jackson.databind.deser.DeserializerCache
2024-11-12 13:42:07,480 INFO  EvoClassLoader - Seeing class for first time: com.fasterxml.jackson.databind.deser.std.StdDelegatingDeserializer
2024-11-12 13:42:07,480 INFO  EvoClassLoader - Instrumenting class 'com.fasterxml.jackson.databind.deser.std.StdDelegatingDeserializer'.
2024-11-12 13:42:07,480 INFO  MethodCallReplacementClassAdapter - Adding mock interface to class com/fasterxml/jackson/databind/deser/std/StdDelegatingDeserializer
2024-11-12 13:42:07,481 INFO  CreateClassResetClassAdapter - Creating brand-new static initializer in class com/fasterxml/jackson/databind/deser/std/StdDelegatingDeserializer
2024-11-12 13:42:07,481 INFO  EvoClassLoader - Keeping class: com.fasterxml.jackson.databind.deser.std.StdDelegatingDeserializer
2024-11-12 13:42:07,481 INFO  EvoClassLoader - Seeing class for first time: com.fasterxml.jackson.databind.ser.Serializers
2024-11-12 13:42:07,481 INFO  EvoClassLoader - Instrumenting class 'com.fasterxml.jackson.databind.ser.Serializers'.
2024-11-12 13:42:07,481 INFO  EvoClassLoader - Keeping class: com.fasterxml.jackson.databind.ser.Serializers
2024-11-12 13:42:07,481 INFO  EvoClassLoader - Seeing class for first time: com.fasterxml.jackson.databind.ser.BeanSerializerModifier
2024-11-12 13:42:07,481 INFO  EvoClassLoader - Instrumenting class 'com.fasterxml.jackson.databind.ser.BeanSerializerModifier'.
2024-11-12 13:42:07,482 INFO  MethodCallReplacementClassAdapter - Adding mock interface to class com/fasterxml/jackson/databind/ser/BeanSerializerModifier
2024-11-12 13:42:07,482 INFO  CreateClassResetClassAdapter - Creating brand-new static initializer in class com/fasterxml/jackson/databind/ser/BeanSerializerModifier
2024-11-12 13:42:07,482 INFO  EvoClassLoader - Keeping class: com.fasterxml.jackson.databind.ser.BeanSerializerModifier
2024-11-12 13:42:07,482 INFO  EvoClassLoader - Seeing class for first time: com.fasterxml.jackson.databind.ser.std.StdScalarSerializer
2024-11-12 13:42:07,482 INFO  EvoClassLoader - Instrumenting class 'com.fasterxml.jackson.databind.ser.std.StdScalarSerializer'.
2024-11-12 13:42:07,483 INFO  MethodCallReplacementClassAdapter - Adding mock interface to class com/fasterxml/jackson/databind/ser/std/StdScalarSerializer
2024-11-12 13:42:07,483 INFO  CreateClassResetClassAdapter - Creating brand-new static initializer in class com/fasterxml/jackson/databind/ser/std/StdScalarSerializer
2024-11-12 13:42:07,484 INFO  EvoClassLoader - Keeping class: com.fasterxml.jackson.databind.ser.std.StdScalarSerializer
2024-11-12 13:42:07,484 INFO  EvoClassLoader - Seeing class for first time: com.fasterxml.jackson.databind.ser.std.StringSerializer
2024-11-12 13:42:07,484 INFO  EvoClassLoader - Instrumenting class 'com.fasterxml.jackson.databind.ser.std.StringSerializer'.
2024-11-12 13:42:07,484 INFO  MethodCallReplacementClassAdapter - Adding mock interface to class com/fasterxml/jackson/databind/ser/std/StringSerializer
2024-11-12 13:42:07,484 INFO  CreateClassResetClassAdapter - Creating brand-new static initializer in class com/fasterxml/jackson/databind/ser/std/StringSerializer
2024-11-12 13:42:07,484 INFO  EvoClassLoader - Keeping class: com.fasterxml.jackson.databind.ser.std.StringSerializer
2024-11-12 13:42:07,484 INFO  EvoClassLoader - Seeing class for first time: com.fasterxml.jackson.databind.ser.std.ToStringSerializerBase
2024-11-12 13:42:07,484 INFO  EvoClassLoader - Instrumenting class 'com.fasterxml.jackson.databind.ser.std.ToStringSerializerBase'.
2024-11-12 13:42:07,484 INFO  MethodCallReplacementClassAdapter - Adding mock interface to class com/fasterxml/jackson/databind/ser/std/ToStringSerializerBase
2024-11-12 13:42:07,484 INFO  CreateClassResetClassAdapter - Creating brand-new static initializer in class com/fasterxml/jackson/databind/ser/std/ToStringSerializerBase
2024-11-12 13:42:07,484 INFO  EvoClassLoader - Keeping class: com.fasterxml.jackson.databind.ser.std.ToStringSerializerBase
2024-11-12 13:42:07,485 INFO  EvoClassLoader - Seeing class for first time: com.fasterxml.jackson.databind.ser.std.ToStringSerializer
2024-11-12 13:42:07,485 INFO  EvoClassLoader - Instrumenting class 'com.fasterxml.jackson.databind.ser.std.ToStringSerializer'.
2024-11-12 13:42:07,485 INFO  MethodCallReplacementClassAdapter - Adding mock interface to class com/fasterxml/jackson/databind/ser/std/ToStringSerializer
2024-11-12 13:42:07,485 INFO  CreateClassResetClassAdapter - Found static initializer in class com/fasterxml/jackson/databind/ser/std/ToStringSerializer
2024-11-12 13:42:07,485 INFO  EvoClassLoader - Keeping class: com.fasterxml.jackson.databind.ser.std.ToStringSerializer
2024-11-12 13:42:07,485 INFO  EvoClassLoader - Seeing class for first time: com.fasterxml.jackson.databind.ser.std.NumberSerializers
2024-11-12 13:42:07,485 INFO  EvoClassLoader - Instrumenting class 'com.fasterxml.jackson.databind.ser.std.NumberSerializers'.
2024-11-12 13:42:07,485 INFO  MethodCallReplacementClassAdapter - Adding mock interface to class com/fasterxml/jackson/databind/ser/std/NumberSerializers
2024-11-12 13:42:07,485 INFO  CreateClassResetClassAdapter - Creating brand-new static initializer in class com/fasterxml/jackson/databind/ser/std/NumberSerializers
2024-11-12 13:42:07,485 INFO  EvoClassLoader - Keeping class: com.fasterxml.jackson.databind.ser.std.NumberSerializers
2024-11-12 13:42:07,485 INFO  EvoClassLoader - Seeing class for first time: com.fasterxml.jackson.databind.ser.std.NumberSerializers$Base
2024-11-12 13:42:07,485 INFO  EvoClassLoader - Instrumenting class 'com.fasterxml.jackson.databind.ser.std.NumberSerializers$Base'.
2024-11-12 13:42:07,486 INFO  MethodCallReplacementClassAdapter - Adding mock interface to class com/fasterxml/jackson/databind/ser/std/NumberSerializers$Base
2024-11-12 13:42:07,486 INFO  CreateClassResetClassAdapter - Creating brand-new static initializer in class com/fasterxml/jackson/databind/ser/std/NumberSerializers$Base
2024-11-12 13:42:07,486 INFO  EvoClassLoader - Keeping class: com.fasterxml.jackson.databind.ser.std.NumberSerializers$Base
2024-11-12 13:42:07,486 INFO  EvoClassLoader - Seeing class for first time: com.fasterxml.jackson.databind.ser.std.NumberSerializers$DoubleSerializer
2024-11-12 13:42:07,486 INFO  EvoClassLoader - Instrumenting class 'com.fasterxml.jackson.databind.ser.std.NumberSerializers$DoubleSerializer'.
2024-11-12 13:42:07,486 INFO  MethodCallReplacementClassAdapter - Adding mock interface to class com/fasterxml/jackson/databind/ser/std/NumberSerializers$DoubleSerializer
2024-11-12 13:42:07,486 INFO  CreateClassResetClassAdapter - Creating brand-new static initializer in class com/fasterxml/jackson/databind/ser/std/NumberSerializers$DoubleSerializer
2024-11-12 13:42:07,486 INFO  EvoClassLoader - Keeping class: com.fasterxml.jackson.databind.ser.std.NumberSerializers$DoubleSerializer
2024-11-12 13:42:07,486 INFO  EvoClassLoader - Seeing class for first time: com.fasterxml.jackson.databind.ser.std.NumberSerializers$FloatSerializer
2024-11-12 13:42:07,486 INFO  EvoClassLoader - Instrumenting class 'com.fasterxml.jackson.databind.ser.std.NumberSerializers$FloatSerializer'.
2024-11-12 13:42:07,486 INFO  MethodCallReplacementClassAdapter - Adding mock interface to class com/fasterxml/jackson/databind/ser/std/NumberSerializers$FloatSerializer
2024-11-12 13:42:07,487 INFO  CreateClassResetClassAdapter - Found static initializer in class com/fasterxml/jackson/databind/ser/std/NumberSerializers$FloatSerializer
2024-11-12 13:42:07,487 INFO  EvoClassLoader - Keeping class: com.fasterxml.jackson.databind.ser.std.NumberSerializers$FloatSerializer
2024-11-12 13:42:07,487 INFO  EvoClassLoader - Seeing class for first time: com.fasterxml.jackson.databind.ser.std.NumberSerializers$LongSerializer
2024-11-12 13:42:07,487 INFO  EvoClassLoader - Instrumenting class 'com.fasterxml.jackson.databind.ser.std.NumberSerializers$LongSerializer'.
2024-11-12 13:42:07,487 INFO  MethodCallReplacementClassAdapter - Adding mock interface to class com/fasterxml/jackson/databind/ser/std/NumberSerializers$LongSerializer
2024-11-12 13:42:07,487 INFO  CreateClassResetClassAdapter - Creating brand-new static initializer in class com/fasterxml/jackson/databind/ser/std/NumberSerializers$LongSerializer
2024-11-12 13:42:07,487 INFO  EvoClassLoader - Keeping class: com.fasterxml.jackson.databind.ser.std.NumberSerializers$LongSerializer
2024-11-12 13:42:07,487 INFO  EvoClassLoader - Seeing class for first time: com.fasterxml.jackson.databind.ser.std.NumberSerializers$IntLikeSerializer
2024-11-12 13:42:07,487 INFO  EvoClassLoader - Instrumenting class 'com.fasterxml.jackson.databind.ser.std.NumberSerializers$IntLikeSerializer'.
2024-11-12 13:42:07,487 INFO  MethodCallReplacementClassAdapter - Adding mock interface to class com/fasterxml/jackson/databind/ser/std/NumberSerializers$IntLikeSerializer
2024-11-12 13:42:07,487 INFO  CreateClassResetClassAdapter - Found static initializer in class com/fasterxml/jackson/databind/ser/std/NumberSerializers$IntLikeSerializer
2024-11-12 13:42:07,487 INFO  EvoClassLoader - Keeping class: com.fasterxml.jackson.databind.ser.std.NumberSerializers$IntLikeSerializer
2024-11-12 13:42:07,487 INFO  EvoClassLoader - Seeing class for first time: com.fasterxml.jackson.databind.ser.std.NumberSerializers$IntegerSerializer
2024-11-12 13:42:07,487 INFO  EvoClassLoader - Instrumenting class 'com.fasterxml.jackson.databind.ser.std.NumberSerializers$IntegerSerializer'.
2024-11-12 13:42:07,488 INFO  MethodCallReplacementClassAdapter - Adding mock interface to class com/fasterxml/jackson/databind/ser/std/NumberSerializers$IntegerSerializer
2024-11-12 13:42:07,488 INFO  CreateClassResetClassAdapter - Creating brand-new static initializer in class com/fasterxml/jackson/databind/ser/std/NumberSerializers$IntegerSerializer
2024-11-12 13:42:07,488 INFO  EvoClassLoader - Keeping class: com.fasterxml.jackson.databind.ser.std.NumberSerializers$IntegerSerializer
2024-11-12 13:42:07,488 INFO  EvoClassLoader - Seeing class for first time: com.fasterxml.jackson.databind.ser.std.NumberSerializers$ShortSerializer
2024-11-12 13:42:07,488 INFO  EvoClassLoader - Instrumenting class 'com.fasterxml.jackson.databind.ser.std.NumberSerializers$ShortSerializer'.
2024-11-12 13:42:07,488 INFO  MethodCallReplacementClassAdapter - Adding mock interface to class com/fasterxml/jackson/databind/ser/std/NumberSerializers$ShortSerializer
2024-11-12 13:42:07,488 INFO  CreateClassResetClassAdapter - Found static initializer in class com/fasterxml/jackson/databind/ser/std/NumberSerializers$ShortSerializer
2024-11-12 13:42:07,488 INFO  EvoClassLoader - Keeping class: com.fasterxml.jackson.databind.ser.std.NumberSerializers$ShortSerializer
2024-11-12 13:42:07,488 INFO  EvoClassLoader - Seeing class for first time: com.fasterxml.jackson.databind.ser.std.BooleanSerializer
2024-11-12 13:42:07,488 INFO  EvoClassLoader - Instrumenting class 'com.fasterxml.jackson.databind.ser.std.BooleanSerializer'.
2024-11-12 13:42:07,489 INFO  MethodCallReplacementClassAdapter - Adding mock interface to class com/fasterxml/jackson/databind/ser/std/BooleanSerializer
2024-11-12 13:42:07,489 INFO  CreateClassResetClassAdapter - Creating brand-new static initializer in class com/fasterxml/jackson/databind/ser/std/BooleanSerializer
2024-11-12 13:42:07,489 INFO  EvoClassLoader - Keeping class: com.fasterxml.jackson.databind.ser.std.BooleanSerializer
2024-11-12 13:42:07,489 INFO  EvoClassLoader - Seeing class for first time: com.fasterxml.jackson.databind.ser.std.BooleanSerializer$AsNumber
2024-11-12 13:42:07,489 INFO  EvoClassLoader - Instrumenting class 'com.fasterxml.jackson.databind.ser.std.BooleanSerializer$AsNumber'.
2024-11-12 13:42:07,489 INFO  MethodCallReplacementClassAdapter - Adding mock interface to class com/fasterxml/jackson/databind/ser/std/BooleanSerializer$AsNumber
2024-11-12 13:42:07,489 INFO  CreateClassResetClassAdapter - Creating brand-new static initializer in class com/fasterxml/jackson/databind/ser/std/BooleanSerializer$AsNumber
2024-11-12 13:42:07,489 INFO  EvoClassLoader - Keeping class: com.fasterxml.jackson.databind.ser.std.BooleanSerializer$AsNumber
2024-11-12 13:42:07,489 INFO  EvoClassLoader - Seeing class for first time: com.fasterxml.jackson.databind.ser.std.NumberSerializer
2024-11-12 13:42:07,489 INFO  EvoClassLoader - Instrumenting class 'com.fasterxml.jackson.databind.ser.std.NumberSerializer'.
2024-11-12 13:42:07,490 INFO  MethodCallReplacementClassAdapter - Adding mock interface to class com/fasterxml/jackson/databind/ser/std/NumberSerializer
2024-11-12 13:42:07,490 INFO  CreateClassResetClassAdapter - Found static initializer in class com/fasterxml/jackson/databind/ser/std/NumberSerializer
2024-11-12 13:42:07,490 INFO  EvoClassLoader - Keeping class: com.fasterxml.jackson.databind.ser.std.NumberSerializer
2024-11-12 13:42:07,490 INFO  EvoClassLoader - Seeing class for first time: com.fasterxml.jackson.databind.ser.std.NumberSerializer$BigDecimalAsStringSerializer
2024-11-12 13:42:07,490 INFO  EvoClassLoader - Instrumenting class 'com.fasterxml.jackson.databind.ser.std.NumberSerializer$BigDecimalAsStringSerializer'.
2024-11-12 13:42:07,490 INFO  MethodCallReplacementClassAdapter - Adding mock interface to class com/fasterxml/jackson/databind/ser/std/NumberSerializer$BigDecimalAsStringSerializer
2024-11-12 13:42:07,491 INFO  CreateClassResetClassAdapter - Found static initializer in class com/fasterxml/jackson/databind/ser/std/NumberSerializer$BigDecimalAsStringSerializer
2024-11-12 13:42:07,491 INFO  EvoClassLoader - Keeping class: com.fasterxml.jackson.databind.ser.std.NumberSerializer$BigDecimalAsStringSerializer
2024-11-12 13:42:07,491 INFO  EvoClassLoader - Seeing class for first time: com.fasterxml.jackson.databind.ser.std.DateTimeSerializerBase
2024-11-12 13:42:07,491 INFO  EvoClassLoader - Instrumenting class 'com.fasterxml.jackson.databind.ser.std.DateTimeSerializerBase'.
2024-11-12 13:42:07,491 INFO  MethodCallReplacementClassAdapter - Adding mock interface to class com/fasterxml/jackson/databind/ser/std/DateTimeSerializerBase
2024-11-12 13:42:07,492 INFO  CreateClassResetClassAdapter - Creating brand-new static initializer in class com/fasterxml/jackson/databind/ser/std/DateTimeSerializerBase
2024-11-12 13:42:07,493 INFO  EvoClassLoader - Keeping class: com.fasterxml.jackson.databind.ser.std.DateTimeSerializerBase
2024-11-12 13:42:07,493 INFO  EvoClassLoader - Seeing class for first time: com.fasterxml.jackson.databind.ser.std.CalendarSerializer
2024-11-12 13:42:07,493 INFO  EvoClassLoader - Instrumenting class 'com.fasterxml.jackson.databind.ser.std.CalendarSerializer'.
2024-11-12 13:42:07,493 INFO  MethodCallReplacementClassAdapter - Adding mock interface to class com/fasterxml/jackson/databind/ser/std/CalendarSerializer
2024-11-12 13:42:07,493 INFO  CreateClassResetClassAdapter - Found static initializer in class com/fasterxml/jackson/databind/ser/std/CalendarSerializer
2024-11-12 13:42:07,494 INFO  EvoClassLoader - Keeping class: com.fasterxml.jackson.databind.ser.std.CalendarSerializer
2024-11-12 13:42:07,498 INFO  EvoClassLoader - Seeing class for first time: com.fasterxml.jackson.databind.ser.std.DateSerializer
2024-11-12 13:42:07,498 INFO  EvoClassLoader - Instrumenting class 'com.fasterxml.jackson.databind.ser.std.DateSerializer'.
2024-11-12 13:42:07,498 INFO  MethodCallReplacementClassAdapter - Adding mock interface to class com/fasterxml/jackson/databind/ser/std/DateSerializer
2024-11-12 13:42:07,498 INFO  CreateClassResetClassAdapter - Found static initializer in class com/fasterxml/jackson/databind/ser/std/DateSerializer
2024-11-12 13:42:07,498 INFO  EvoClassLoader - Keeping class: com.fasterxml.jackson.databind.ser.std.DateSerializer
2024-11-12 13:42:07,498 INFO  EvoClassLoader - Seeing class for first time: com.fasterxml.jackson.databind.ser.std.StdJdkSerializers
2024-11-12 13:42:07,498 INFO  EvoClassLoader - Instrumenting class 'com.fasterxml.jackson.databind.ser.std.StdJdkSerializers'.
2024-11-12 13:42:07,499 INFO  MethodCallReplacementClassAdapter - Adding mock interface to class com/fasterxml/jackson/databind/ser/std/StdJdkSerializers
2024-11-12 13:42:07,499 INFO  CreateClassResetClassAdapter - Creating brand-new static initializer in class com/fasterxml/jackson/databind/ser/std/StdJdkSerializers
2024-11-12 13:42:07,499 INFO  EvoClassLoader - Keeping class: com.fasterxml.jackson.databind.ser.std.StdJdkSerializers
2024-11-12 13:42:07,499 INFO  EvoClassLoader - Seeing class for first time: com.fasterxml.jackson.databind.ser.std.UUIDSerializer
2024-11-12 13:42:07,499 INFO  EvoClassLoader - Instrumenting class 'com.fasterxml.jackson.databind.ser.std.UUIDSerializer'.
2024-11-12 13:42:07,499 INFO  MethodCallReplacementClassAdapter - Adding mock interface to class com/fasterxml/jackson/databind/ser/std/UUIDSerializer
2024-11-12 13:42:07,500 INFO  CreateClassResetClassAdapter - Found static initializer in class com/fasterxml/jackson/databind/ser/std/UUIDSerializer
2024-11-12 13:42:07,500 INFO  EvoClassLoader - Keeping class: com.fasterxml.jackson.databind.ser.std.UUIDSerializer
2024-11-12 13:42:07,500 INFO  EvoClassLoader - Seeing class for first time: com.fasterxml.jackson.databind.ser.std.JsonValueSerializer
2024-11-12 13:42:07,500 INFO  EvoClassLoader - Instrumenting class 'com.fasterxml.jackson.databind.ser.std.JsonValueSerializer'.
2024-11-12 13:42:07,501 INFO  MethodCallReplacementClassAdapter - Adding mock interface to class com/fasterxml/jackson/databind/ser/std/JsonValueSerializer
2024-11-12 13:42:07,501 INFO  CreateClassResetClassAdapter - Creating brand-new static initializer in class com/fasterxml/jackson/databind/ser/std/JsonValueSerializer
2024-11-12 13:42:07,501 INFO  EvoClassLoader - Keeping class: com.fasterxml.jackson.databind.ser.std.JsonValueSerializer
2024-11-12 13:42:07,502 INFO  EvoClassLoader - Seeing class for first time: com.fasterxml.jackson.databind.ser.std.SerializableSerializer
2024-11-12 13:42:07,502 INFO  EvoClassLoader - Instrumenting class 'com.fasterxml.jackson.databind.ser.std.SerializableSerializer'.
2024-11-12 13:42:07,502 INFO  MethodCallReplacementClassAdapter - Adding mock interface to class com/fasterxml/jackson/databind/ser/std/SerializableSerializer
2024-11-12 13:42:07,502 INFO  CreateClassResetClassAdapter - Found static initializer in class com/fasterxml/jackson/databind/ser/std/SerializableSerializer
2024-11-12 13:42:07,502 INFO  EvoClassLoader - Keeping class: com.fasterxml.jackson.databind.ser.std.SerializableSerializer
2024-11-12 13:42:07,502 INFO  EvoClassLoader - Seeing class for first time: com.fasterxml.jackson.databind.ser.std.ByteBufferSerializer
2024-11-12 13:42:07,502 INFO  EvoClassLoader - Instrumenting class 'com.fasterxml.jackson.databind.ser.std.ByteBufferSerializer'.
2024-11-12 13:42:07,502 INFO  MethodCallReplacementClassAdapter - Adding mock interface to class com/fasterxml/jackson/databind/ser/std/ByteBufferSerializer
2024-11-12 13:42:07,502 INFO  CreateClassResetClassAdapter - Creating brand-new static initializer in class com/fasterxml/jackson/databind/ser/std/ByteBufferSerializer
2024-11-12 13:42:07,503 INFO  EvoClassLoader - Keeping class: com.fasterxml.jackson.databind.ser.std.ByteBufferSerializer
2024-11-12 13:42:07,503 INFO  EvoClassLoader - Seeing class for first time: com.fasterxml.jackson.databind.ser.std.InetAddressSerializer
2024-11-12 13:42:07,503 INFO  EvoClassLoader - Instrumenting class 'com.fasterxml.jackson.databind.ser.std.InetAddressSerializer'.
2024-11-12 13:42:07,503 INFO  MethodCallReplacementClassAdapter - Adding mock interface to class com/fasterxml/jackson/databind/ser/std/InetAddressSerializer
2024-11-12 13:42:07,503 INFO  CreateClassResetClassAdapter - Creating brand-new static initializer in class com/fasterxml/jackson/databind/ser/std/InetAddressSerializer
2024-11-12 13:42:07,503 INFO  EvoClassLoader - Keeping class: com.fasterxml.jackson.databind.ser.std.InetAddressSerializer
2024-11-12 13:42:07,503 INFO  EvoClassLoader - Seeing class for first time: com.fasterxml.jackson.databind.ser.std.InetSocketAddressSerializer
2024-11-12 13:42:07,503 INFO  EvoClassLoader - Instrumenting class 'com.fasterxml.jackson.databind.ser.std.InetSocketAddressSerializer'.
2024-11-12 13:42:07,504 INFO  MethodCallReplacementClassAdapter - Adding mock interface to class com/fasterxml/jackson/databind/ser/std/InetSocketAddressSerializer
2024-11-12 13:42:07,504 INFO  CreateClassResetClassAdapter - Creating brand-new static initializer in class com/fasterxml/jackson/databind/ser/std/InetSocketAddressSerializer
2024-11-12 13:42:07,504 INFO  EvoClassLoader - Keeping class: com.fasterxml.jackson.databind.ser.std.InetSocketAddressSerializer
2024-11-12 13:42:07,504 INFO  EvoClassLoader - Seeing class for first time: com.fasterxml.jackson.databind.ser.std.TimeZoneSerializer
2024-11-12 13:42:07,504 INFO  EvoClassLoader - Instrumenting class 'com.fasterxml.jackson.databind.ser.std.TimeZoneSerializer'.
2024-11-12 13:42:07,505 INFO  MethodCallReplacementClassAdapter - Adding mock interface to class com/fasterxml/jackson/databind/ser/std/TimeZoneSerializer
2024-11-12 13:42:07,505 INFO  CreateClassResetClassAdapter - Creating brand-new static initializer in class com/fasterxml/jackson/databind/ser/std/TimeZoneSerializer
2024-11-12 13:42:07,505 INFO  EvoClassLoader - Keeping class: com.fasterxml.jackson.databind.ser.std.TimeZoneSerializer
2024-11-12 13:42:07,505 INFO  EvoClassLoader - Seeing class for first time: com.fasterxml.jackson.databind.ser.std.EnumSerializer
2024-11-12 13:42:07,505 INFO  EvoClassLoader - Instrumenting class 'com.fasterxml.jackson.databind.ser.std.EnumSerializer'.
2024-11-12 13:42:07,506 INFO  MethodCallReplacementClassAdapter - Adding mock interface to class com/fasterxml/jackson/databind/ser/std/EnumSerializer
2024-11-12 13:42:07,507 INFO  CreateClassResetClassAdapter - Creating brand-new static initializer in class com/fasterxml/jackson/databind/ser/std/EnumSerializer
2024-11-12 13:42:07,508 INFO  EvoClassLoader - Keeping class: com.fasterxml.jackson.databind.ser.std.EnumSerializer
2024-11-12 13:42:07,508 INFO  EvoClassLoader - Seeing class for first time: com.fasterxml.jackson.databind.ser.impl.MapEntrySerializer
2024-11-12 13:42:07,508 INFO  EvoClassLoader - Instrumenting class 'com.fasterxml.jackson.databind.ser.impl.MapEntrySerializer'.
2024-11-12 13:42:07,509 INFO  MethodCallReplacementClassAdapter - Adding mock interface to class com/fasterxml/jackson/databind/ser/impl/MapEntrySerializer
2024-11-12 13:42:07,509 INFO  CreateClassResetClassAdapter - Found static initializer in class com/fasterxml/jackson/databind/ser/impl/MapEntrySerializer
2024-11-12 13:42:07,510 INFO  EvoClassLoader - Seeing class for first time: com.fasterxml.jackson.databind.ser.ContainerSerializer
2024-11-12 13:42:07,510 INFO  EvoClassLoader - Instrumenting class 'com.fasterxml.jackson.databind.ser.ContainerSerializer'.
2024-11-12 13:42:07,510 INFO  MethodCallReplacementClassAdapter - Adding mock interface to class com/fasterxml/jackson/databind/ser/ContainerSerializer
2024-11-12 13:42:07,510 INFO  CreateClassResetClassAdapter - Creating brand-new static initializer in class com/fasterxml/jackson/databind/ser/ContainerSerializer
2024-11-12 13:42:07,510 INFO  EvoClassLoader - Keeping class: com.fasterxml.jackson.databind.ser.ContainerSerializer
2024-11-12 13:42:07,510 INFO  EvoClassLoader - Keeping class: com.fasterxml.jackson.databind.ser.impl.MapEntrySerializer
2024-11-12 13:42:07,510 INFO  EvoClassLoader - Seeing class for first time: com.fasterxml.jackson.databind.ser.impl.IteratorSerializer
2024-11-12 13:42:07,510 INFO  EvoClassLoader - Instrumenting class 'com.fasterxml.jackson.databind.ser.impl.IteratorSerializer'.
2024-11-12 13:42:07,510 INFO  MethodCallReplacementClassAdapter - Adding mock interface to class com/fasterxml/jackson/databind/ser/impl/IteratorSerializer
2024-11-12 13:42:07,511 INFO  CreateClassResetClassAdapter - Creating brand-new static initializer in class com/fasterxml/jackson/databind/ser/impl/IteratorSerializer
2024-11-12 13:42:07,511 INFO  EvoClassLoader - Seeing class for first time: com.fasterxml.jackson.databind.ser.std.AsArraySerializerBase
2024-11-12 13:42:07,511 INFO  EvoClassLoader - Instrumenting class 'com.fasterxml.jackson.databind.ser.std.AsArraySerializerBase'.
2024-11-12 13:42:07,511 INFO  MethodCallReplacementClassAdapter - Adding mock interface to class com/fasterxml/jackson/databind/ser/std/AsArraySerializerBase
2024-11-12 13:42:07,512 INFO  CreateClassResetClassAdapter - Creating brand-new static initializer in class com/fasterxml/jackson/databind/ser/std/AsArraySerializerBase
2024-11-12 13:42:07,512 INFO  EvoClassLoader - Keeping class: com.fasterxml.jackson.databind.ser.std.AsArraySerializerBase
2024-11-12 13:42:07,512 INFO  EvoClassLoader - Keeping class: com.fasterxml.jackson.databind.ser.impl.IteratorSerializer
2024-11-12 13:42:07,512 INFO  EvoClassLoader - Seeing class for first time: com.fasterxml.jackson.databind.ser.std.IterableSerializer
2024-11-12 13:42:07,512 INFO  EvoClassLoader - Instrumenting class 'com.fasterxml.jackson.databind.ser.std.IterableSerializer'.
2024-11-12 13:42:07,512 INFO  MethodCallReplacementClassAdapter - Adding mock interface to class com/fasterxml/jackson/databind/ser/std/IterableSerializer
2024-11-12 13:42:07,513 INFO  CreateClassResetClassAdapter - Creating brand-new static initializer in class com/fasterxml/jackson/databind/ser/std/IterableSerializer
2024-11-12 13:42:07,513 INFO  EvoClassLoader - Keeping class: com.fasterxml.jackson.databind.ser.std.IterableSerializer
2024-11-12 13:42:07,513 INFO  EvoClassLoader - Seeing class for first time: com.fasterxml.jackson.databind.ser.std.MapSerializer
2024-11-12 13:42:07,513 INFO  EvoClassLoader - Instrumenting class 'com.fasterxml.jackson.databind.ser.std.MapSerializer'.
2024-11-12 13:42:07,513 INFO  MethodCallReplacementClassAdapter - Adding mock interface to class com/fasterxml/jackson/databind/ser/std/MapSerializer
2024-11-12 13:42:07,515 INFO  CreateClassResetClassAdapter - Found static initializer in class com/fasterxml/jackson/databind/ser/std/MapSerializer
2024-11-12 13:42:07,516 INFO  EvoClassLoader - Keeping class: com.fasterxml.jackson.databind.ser.std.MapSerializer
2024-11-12 13:42:07,516 INFO  EvoClassLoader - Seeing class for first time: com.fasterxml.jackson.databind.ser.std.CollectionSerializer
2024-11-12 13:42:07,516 INFO  EvoClassLoader - Instrumenting class 'com.fasterxml.jackson.databind.ser.std.CollectionSerializer'.
2024-11-12 13:42:07,516 INFO  MethodCallReplacementClassAdapter - Adding mock interface to class com/fasterxml/jackson/databind/ser/std/CollectionSerializer
2024-11-12 13:42:07,517 INFO  CreateClassResetClassAdapter - Creating brand-new static initializer in class com/fasterxml/jackson/databind/ser/std/CollectionSerializer
2024-11-12 13:42:07,517 INFO  EvoClassLoader - Keeping class: com.fasterxml.jackson.databind.ser.std.CollectionSerializer
2024-11-12 13:42:07,517 INFO  EvoClassLoader - Seeing class for first time: com.fasterxml.jackson.databind.ser.impl.IndexedStringListSerializer
2024-11-12 13:42:07,517 INFO  EvoClassLoader - Instrumenting class 'com.fasterxml.jackson.databind.ser.impl.IndexedStringListSerializer'.
2024-11-12 13:42:07,518 INFO  MethodCallReplacementClassAdapter - Adding mock interface to class com/fasterxml/jackson/databind/ser/impl/IndexedStringListSerializer
2024-11-12 13:42:07,518 INFO  CreateClassResetClassAdapter - Found static initializer in class com/fasterxml/jackson/databind/ser/impl/IndexedStringListSerializer
2024-11-12 13:42:07,518 INFO  EvoClassLoader - Seeing class for first time: com.fasterxml.jackson.databind.ser.std.StaticListSerializerBase
2024-11-12 13:42:07,518 INFO  EvoClassLoader - Instrumenting class 'com.fasterxml.jackson.databind.ser.std.StaticListSerializerBase'.
2024-11-12 13:42:07,519 INFO  MethodCallReplacementClassAdapter - Adding mock interface to class com/fasterxml/jackson/databind/ser/std/StaticListSerializerBase
2024-11-12 13:42:07,519 INFO  CreateClassResetClassAdapter - Creating brand-new static initializer in class com/fasterxml/jackson/databind/ser/std/StaticListSerializerBase
2024-11-12 13:42:07,519 INFO  EvoClassLoader - Keeping class: com.fasterxml.jackson.databind.ser.std.StaticListSerializerBase
2024-11-12 13:42:07,519 INFO  EvoClassLoader - Keeping class: com.fasterxml.jackson.databind.ser.impl.IndexedStringListSerializer
2024-11-12 13:42:07,519 INFO  EvoClassLoader - Seeing class for first time: com.fasterxml.jackson.databind.ser.impl.StringCollectionSerializer
2024-11-12 13:42:07,519 INFO  EvoClassLoader - Instrumenting class 'com.fasterxml.jackson.databind.ser.impl.StringCollectionSerializer'.
2024-11-12 13:42:07,520 INFO  MethodCallReplacementClassAdapter - Adding mock interface to class com/fasterxml/jackson/databind/ser/impl/StringCollectionSerializer
2024-11-12 13:42:07,520 INFO  CreateClassResetClassAdapter - Found static initializer in class com/fasterxml/jackson/databind/ser/impl/StringCollectionSerializer
2024-11-12 13:42:07,520 INFO  EvoClassLoader - Keeping class: com.fasterxml.jackson.databind.ser.impl.StringCollectionSerializer
2024-11-12 13:42:07,520 INFO  EvoClassLoader - Seeing class for first time: com.fasterxml.jackson.databind.ser.impl.StringArraySerializer
2024-11-12 13:42:07,520 INFO  EvoClassLoader - Instrumenting class 'com.fasterxml.jackson.databind.ser.impl.StringArraySerializer'.
2024-11-12 13:42:07,520 INFO  MethodCallReplacementClassAdapter - Adding mock interface to class com/fasterxml/jackson/databind/ser/impl/StringArraySerializer
2024-11-12 13:42:07,521 INFO  CreateClassResetClassAdapter - Found static initializer in class com/fasterxml/jackson/databind/ser/impl/StringArraySerializer
2024-11-12 13:42:07,521 INFO  EvoClassLoader - Seeing class for first time: com.fasterxml.jackson.databind.ser.std.ArraySerializerBase
2024-11-12 13:42:07,521 INFO  EvoClassLoader - Instrumenting class 'com.fasterxml.jackson.databind.ser.std.ArraySerializerBase'.
2024-11-12 13:42:07,521 INFO  MethodCallReplacementClassAdapter - Adding mock interface to class com/fasterxml/jackson/databind/ser/std/ArraySerializerBase
2024-11-12 13:42:07,521 INFO  CreateClassResetClassAdapter - Creating brand-new static initializer in class com/fasterxml/jackson/databind/ser/std/ArraySerializerBase
2024-11-12 13:42:07,521 INFO  EvoClassLoader - Keeping class: com.fasterxml.jackson.databind.ser.std.ArraySerializerBase
2024-11-12 13:42:07,521 INFO  EvoClassLoader - Keeping class: com.fasterxml.jackson.databind.ser.impl.StringArraySerializer
2024-11-12 13:42:07,521 INFO  EvoClassLoader - Seeing class for first time: com.fasterxml.jackson.databind.ser.std.ObjectArraySerializer
2024-11-12 13:42:07,521 INFO  EvoClassLoader - Instrumenting class 'com.fasterxml.jackson.databind.ser.std.ObjectArraySerializer'.
2024-11-12 13:42:07,522 INFO  MethodCallReplacementClassAdapter - Adding mock interface to class com/fasterxml/jackson/databind/ser/std/ObjectArraySerializer
2024-11-12 13:42:07,522 INFO  CreateClassResetClassAdapter - Creating brand-new static initializer in class com/fasterxml/jackson/databind/ser/std/ObjectArraySerializer
2024-11-12 13:42:07,523 INFO  EvoClassLoader - Keeping class: com.fasterxml.jackson.databind.ser.std.ObjectArraySerializer
2024-11-12 13:42:07,523 INFO  EvoClassLoader - Seeing class for first time: com.fasterxml.jackson.databind.ser.std.EnumSetSerializer
2024-11-12 13:42:07,523 INFO  EvoClassLoader - Instrumenting class 'com.fasterxml.jackson.databind.ser.std.EnumSetSerializer'.
2024-11-12 13:42:07,523 INFO  MethodCallReplacementClassAdapter - Adding mock interface to class com/fasterxml/jackson/databind/ser/std/EnumSetSerializer
2024-11-12 13:42:07,523 INFO  CreateClassResetClassAdapter - Creating brand-new static initializer in class com/fasterxml/jackson/databind/ser/std/EnumSetSerializer
2024-11-12 13:42:07,523 INFO  EvoClassLoader - Keeping class: com.fasterxml.jackson.databind.ser.std.EnumSetSerializer
2024-11-12 13:42:07,523 INFO  EvoClassLoader - Seeing class for first time: com.fasterxml.jackson.databind.ser.impl.IndexedListSerializer
2024-11-12 13:42:07,523 INFO  EvoClassLoader - Instrumenting class 'com.fasterxml.jackson.databind.ser.impl.IndexedListSerializer'.
2024-11-12 13:42:07,523 INFO  MethodCallReplacementClassAdapter - Adding mock interface to class com/fasterxml/jackson/databind/ser/impl/IndexedListSerializer
2024-11-12 13:42:07,524 INFO  CreateClassResetClassAdapter - Creating brand-new static initializer in class com/fasterxml/jackson/databind/ser/impl/IndexedListSerializer
2024-11-12 13:42:07,524 INFO  EvoClassLoader - Keeping class: com.fasterxml.jackson.databind.ser.impl.IndexedListSerializer
2024-11-12 13:42:07,524 INFO  EvoClassLoader - Seeing class for first time: com.fasterxml.jackson.databind.ser.std.ReferenceTypeSerializer
2024-11-12 13:42:07,524 INFO  EvoClassLoader - Instrumenting class 'com.fasterxml.jackson.databind.ser.std.ReferenceTypeSerializer'.
2024-11-12 13:42:07,525 INFO  MethodCallReplacementClassAdapter - Adding mock interface to class com/fasterxml/jackson/databind/ser/std/ReferenceTypeSerializer
2024-11-12 13:42:07,525 INFO  CreateClassResetClassAdapter - Found static initializer in class com/fasterxml/jackson/databind/ser/std/ReferenceTypeSerializer
2024-11-12 13:42:07,525 INFO  EvoClassLoader - Keeping class: com.fasterxml.jackson.databind.ser.std.ReferenceTypeSerializer
2024-11-12 13:42:07,526 INFO  EvoClassLoader - Seeing class for first time: com.fasterxml.jackson.databind.cfg.SerializerFactoryConfig
2024-11-12 13:42:07,526 INFO  EvoClassLoader - Instrumenting class 'com.fasterxml.jackson.databind.cfg.SerializerFactoryConfig'.
2024-11-12 13:42:07,526 INFO  MethodCallReplacementClassAdapter - Adding mock interface to class com/fasterxml/jackson/databind/cfg/SerializerFactoryConfig
2024-11-12 13:42:07,526 INFO  CreateClassResetClassAdapter - Found static initializer in class com/fasterxml/jackson/databind/cfg/SerializerFactoryConfig
2024-11-12 13:42:07,526 INFO  EvoClassLoader - Keeping class: com.fasterxml.jackson.databind.cfg.SerializerFactoryConfig
2024-11-12 13:42:07,527 INFO  EvoClassLoader - Seeing class for first time: com.fasterxml.jackson.databind.ser.std.StdJdkSerializers$AtomicBooleanSerializer
2024-11-12 13:42:07,527 INFO  EvoClassLoader - Instrumenting class 'com.fasterxml.jackson.databind.ser.std.StdJdkSerializers$AtomicBooleanSerializer'.
2024-11-12 13:42:07,527 INFO  MethodCallReplacementClassAdapter - Adding mock interface to class com/fasterxml/jackson/databind/ser/std/StdJdkSerializers$AtomicBooleanSerializer
2024-11-12 13:42:07,527 INFO  CreateClassResetClassAdapter - Creating brand-new static initializer in class com/fasterxml/jackson/databind/ser/std/StdJdkSerializers$AtomicBooleanSerializer
2024-11-12 13:42:07,527 INFO  EvoClassLoader - Keeping class: com.fasterxml.jackson.databind.ser.std.StdJdkSerializers$AtomicBooleanSerializer
2024-11-12 13:42:07,527 INFO  EvoClassLoader - Seeing class for first time: com.fasterxml.jackson.databind.ser.std.StdJdkSerializers$AtomicIntegerSerializer
2024-11-12 13:42:07,527 INFO  EvoClassLoader - Instrumenting class 'com.fasterxml.jackson.databind.ser.std.StdJdkSerializers$AtomicIntegerSerializer'.
2024-11-12 13:42:07,527 INFO  MethodCallReplacementClassAdapter - Adding mock interface to class com/fasterxml/jackson/databind/ser/std/StdJdkSerializers$AtomicIntegerSerializer
2024-11-12 13:42:07,527 INFO  CreateClassResetClassAdapter - Creating brand-new static initializer in class com/fasterxml/jackson/databind/ser/std/StdJdkSerializers$AtomicIntegerSerializer
2024-11-12 13:42:07,528 INFO  EvoClassLoader - Keeping class: com.fasterxml.jackson.databind.ser.std.StdJdkSerializers$AtomicIntegerSerializer
2024-11-12 13:42:07,528 INFO  EvoClassLoader - Seeing class for first time: com.fasterxml.jackson.databind.ser.std.StdJdkSerializers$AtomicLongSerializer
2024-11-12 13:42:07,528 INFO  EvoClassLoader - Instrumenting class 'com.fasterxml.jackson.databind.ser.std.StdJdkSerializers$AtomicLongSerializer'.
2024-11-12 13:42:07,528 INFO  MethodCallReplacementClassAdapter - Adding mock interface to class com/fasterxml/jackson/databind/ser/std/StdJdkSerializers$AtomicLongSerializer
2024-11-12 13:42:07,528 INFO  CreateClassResetClassAdapter - Creating brand-new static initializer in class com/fasterxml/jackson/databind/ser/std/StdJdkSerializers$AtomicLongSerializer
2024-11-12 13:42:07,528 INFO  EvoClassLoader - Keeping class: com.fasterxml.jackson.databind.ser.std.StdJdkSerializers$AtomicLongSerializer
2024-11-12 13:42:07,528 INFO  EvoClassLoader - Seeing class for first time: com.fasterxml.jackson.databind.ser.std.FileSerializer
2024-11-12 13:42:07,528 INFO  EvoClassLoader - Instrumenting class 'com.fasterxml.jackson.databind.ser.std.FileSerializer'.
2024-11-12 13:42:07,528 INFO  MethodCallReplacementClassAdapter - Adding mock interface to class com/fasterxml/jackson/databind/ser/std/FileSerializer
2024-11-12 13:42:07,528 INFO  CreateClassResetClassAdapter - Creating brand-new static initializer in class com/fasterxml/jackson/databind/ser/std/FileSerializer
2024-11-12 13:42:07,528 INFO  EvoClassLoader - Keeping class: com.fasterxml.jackson.databind.ser.std.FileSerializer
2024-11-12 13:42:07,528 INFO  EvoClassLoader - Seeing class for first time: com.fasterxml.jackson.databind.ser.std.ClassSerializer
2024-11-12 13:42:07,528 INFO  EvoClassLoader - Instrumenting class 'com.fasterxml.jackson.databind.ser.std.ClassSerializer'.
2024-11-12 13:42:07,528 INFO  MethodCallReplacementClassAdapter - Adding mock interface to class com/fasterxml/jackson/databind/ser/std/ClassSerializer
2024-11-12 13:42:07,528 INFO  CreateClassResetClassAdapter - Creating brand-new static initializer in class com/fasterxml/jackson/databind/ser/std/ClassSerializer
2024-11-12 13:42:07,528 INFO  EvoClassLoader - Keeping class: com.fasterxml.jackson.databind.ser.std.ClassSerializer
2024-11-12 13:42:07,529 INFO  EvoClassLoader - Seeing class for first time: com.fasterxml.jackson.databind.ser.std.TokenBufferSerializer
2024-11-12 13:42:07,529 INFO  EvoClassLoader - Instrumenting class 'com.fasterxml.jackson.databind.ser.std.TokenBufferSerializer'.
2024-11-12 13:42:07,529 INFO  MethodCallReplacementClassAdapter - Adding mock interface to class com/fasterxml/jackson/databind/ser/std/TokenBufferSerializer
2024-11-12 13:42:07,529 INFO  CreateClassResetClassAdapter - Creating brand-new static initializer in class com/fasterxml/jackson/databind/ser/std/TokenBufferSerializer
2024-11-12 13:42:07,529 INFO  EvoClassLoader - Keeping class: com.fasterxml.jackson.databind.ser.std.TokenBufferSerializer
2024-11-12 13:42:07,529 INFO  EvoClassLoader - Seeing class for first time: com.fasterxml.jackson.databind.ser.BeanSerializer
2024-11-12 13:42:07,529 INFO  EvoClassLoader - Instrumenting class 'com.fasterxml.jackson.databind.ser.BeanSerializer'.
2024-11-12 13:42:07,529 INFO  MethodCallReplacementClassAdapter - Adding mock interface to class com/fasterxml/jackson/databind/ser/BeanSerializer
2024-11-12 13:42:07,530 INFO  CreateClassResetClassAdapter - Creating brand-new static initializer in class com/fasterxml/jackson/databind/ser/BeanSerializer
2024-11-12 13:42:07,530 INFO  EvoClassLoader - Seeing class for first time: com.fasterxml.jackson.databind.ser.std.BeanSerializerBase
2024-11-12 13:42:07,530 INFO  EvoClassLoader - Instrumenting class 'com.fasterxml.jackson.databind.ser.std.BeanSerializerBase'.
2024-11-12 13:42:07,531 INFO  MethodCallReplacementClassAdapter - Adding mock interface to class com/fasterxml/jackson/databind/ser/std/BeanSerializerBase
2024-11-12 13:42:07,536 INFO  CreateClassResetClassAdapter - Found static initializer in class com/fasterxml/jackson/databind/ser/std/BeanSerializerBase
2024-11-12 13:42:07,537 INFO  EvoClassLoader - Keeping class: com.fasterxml.jackson.databind.ser.std.BeanSerializerBase
2024-11-12 13:42:07,537 INFO  EvoClassLoader - Keeping class: com.fasterxml.jackson.databind.ser.BeanSerializer
2024-11-12 13:42:07,537 INFO  EvoClassLoader - Seeing class for first time: com.fasterxml.jackson.databind.ser.impl.UnsupportedTypeSerializer
2024-11-12 13:42:07,537 INFO  EvoClassLoader - Instrumenting class 'com.fasterxml.jackson.databind.ser.impl.UnsupportedTypeSerializer'.
2024-11-12 13:42:07,537 INFO  MethodCallReplacementClassAdapter - Adding mock interface to class com/fasterxml/jackson/databind/ser/impl/UnsupportedTypeSerializer
2024-11-12 13:42:07,537 INFO  CreateClassResetClassAdapter - Creating brand-new static initializer in class com/fasterxml/jackson/databind/ser/impl/UnsupportedTypeSerializer
2024-11-12 13:42:07,537 INFO  EvoClassLoader - Keeping class: com.fasterxml.jackson.databind.ser.impl.UnsupportedTypeSerializer
2024-11-12 13:42:07,538 INFO  EvoClassLoader - Seeing class for first time: com.fasterxml.jackson.databind.ser.impl.PropertyBasedObjectIdGenerator
2024-11-12 13:42:07,538 INFO  EvoClassLoader - Instrumenting class 'com.fasterxml.jackson.databind.ser.impl.PropertyBasedObjectIdGenerator'.
2024-11-12 13:42:07,538 INFO  MethodCallReplacementClassAdapter - Adding mock interface to class com/fasterxml/jackson/databind/ser/impl/PropertyBasedObjectIdGenerator
2024-11-12 13:42:07,538 INFO  CreateClassResetClassAdapter - Creating brand-new static initializer in class com/fasterxml/jackson/databind/ser/impl/PropertyBasedObjectIdGenerator
2024-11-12 13:42:07,539 INFO  EvoClassLoader - Keeping class: com.fasterxml.jackson.databind.ser.impl.PropertyBasedObjectIdGenerator
2024-11-12 13:42:07,539 INFO  EvoClassLoader - Seeing class for first time: com.fasterxml.jackson.databind.ser.BeanSerializerBuilder
2024-11-12 13:42:07,539 INFO  EvoClassLoader - Instrumenting class 'com.fasterxml.jackson.databind.ser.BeanSerializerBuilder'.
2024-11-12 13:42:07,539 INFO  MethodCallReplacementClassAdapter - Adding mock interface to class com/fasterxml/jackson/databind/ser/BeanSerializerBuilder
2024-11-12 13:42:07,540 INFO  CreateClassResetClassAdapter - Found static initializer in class com/fasterxml/jackson/databind/ser/BeanSerializerBuilder
2024-11-12 13:42:07,541 INFO  EvoClassLoader - Keeping class: com.fasterxml.jackson.databind.ser.BeanSerializerBuilder
2024-11-12 13:42:07,541 INFO  EvoClassLoader - Seeing class for first time: com.fasterxml.jackson.databind.ser.impl.ObjectIdWriter
2024-11-12 13:42:07,541 INFO  EvoClassLoader - Instrumenting class 'com.fasterxml.jackson.databind.ser.impl.ObjectIdWriter'.
2024-11-12 13:42:07,541 INFO  MethodCallReplacementClassAdapter - Adding mock interface to class com/fasterxml/jackson/databind/ser/impl/ObjectIdWriter
2024-11-12 13:42:07,541 INFO  CreateClassResetClassAdapter - Creating brand-new static initializer in class com/fasterxml/jackson/databind/ser/impl/ObjectIdWriter
2024-11-12 13:42:07,541 INFO  EvoClassLoader - Keeping class: com.fasterxml.jackson.databind.ser.impl.ObjectIdWriter
2024-11-12 13:42:07,541 INFO  EvoClassLoader - Seeing class for first time: com.fasterxml.jackson.databind.ser.PropertyBuilder
2024-11-12 13:42:07,541 INFO  EvoClassLoader - Instrumenting class 'com.fasterxml.jackson.databind.ser.PropertyBuilder'.
2024-11-12 13:42:07,542 INFO  MethodCallReplacementClassAdapter - Adding mock interface to class com/fasterxml/jackson/databind/ser/PropertyBuilder
2024-11-12 13:42:07,543 INFO  CreateClassResetClassAdapter - Found static initializer in class com/fasterxml/jackson/databind/ser/PropertyBuilder
2024-11-12 13:42:07,543 INFO  EvoClassLoader - Keeping class: com.fasterxml.jackson.databind.ser.PropertyBuilder
2024-11-12 13:42:07,543 INFO  EvoClassLoader - Seeing class for first time: org.apache.hadoop.hdfs.web.JsonUtil
2024-11-12 13:42:07,543 INFO  EvoClassLoader - Instrumenting class 'org.apache.hadoop.hdfs.web.JsonUtil'.
2024-11-12 13:42:07,544 INFO  MethodCallReplacementClassAdapter - Adding mock interface to class org/apache/hadoop/hdfs/web/JsonUtil
2024-11-12 13:42:07,545 INFO  CreateClassResetClassAdapter - Found static initializer in class org/apache/hadoop/hdfs/web/JsonUtil
2024-11-12 13:42:07,545 INFO  EvoClassLoader - Defined package (3): package org.apache.hadoop.hdfs.web, -1603369982
2024-11-12 13:42:07,545 INFO  EvoClassLoader - Keeping class: org.apache.hadoop.hdfs.web.JsonUtil
2024-11-12 13:42:07,546 INFO  EvoClassLoader - Seeing class for first time: org.apache.hadoop.fs.MD5MD5CRC32FileChecksum
2024-11-12 13:42:07,546 INFO  EvoClassLoader - Instrumenting class 'org.apache.hadoop.fs.MD5MD5CRC32FileChecksum'.
2024-11-12 13:42:07,546 INFO  MethodCallReplacementClassAdapter - Adding mock interface to class org/apache/hadoop/fs/MD5MD5CRC32FileChecksum
2024-11-12 13:42:07,547 INFO  CreateClassResetClassAdapter - Creating brand-new static initializer in class org/apache/hadoop/fs/MD5MD5CRC32FileChecksum
2024-11-12 13:42:07,547 INFO  CreateClassResetClassAdapter - Adding bytecode for initializing field LENGTH
2024-11-12 13:42:07,547 INFO  EvoClassLoader - Keeping class: org.apache.hadoop.fs.MD5MD5CRC32FileChecksum
2024-11-12 13:42:07,547 INFO  EvoClassLoader - Seeing class for first time: org.apache.hadoop.hdfs.protocol.SnapshotDiffReport
2024-11-12 13:42:07,547 INFO  EvoClassLoader - Instrumenting class 'org.apache.hadoop.hdfs.protocol.SnapshotDiffReport'.
2024-11-12 13:42:07,548 INFO  MethodCallReplacementClassAdapter - Adding mock interface to class org/apache/hadoop/hdfs/protocol/SnapshotDiffReport
2024-11-12 13:42:07,548 INFO  CreateClassResetClassAdapter - Found static initializer in class org/apache/hadoop/hdfs/protocol/SnapshotDiffReport
2024-11-12 13:42:07,548 INFO  EvoClassLoader - Keeping class: org.apache.hadoop.hdfs.protocol.SnapshotDiffReport
2024-11-12 13:42:07,548 INFO  EvoClassLoader - Seeing class for first time: org.apache.hadoop.hdfs.protocol.DirectoryListing
2024-11-12 13:42:07,548 INFO  EvoClassLoader - Instrumenting class 'org.apache.hadoop.hdfs.protocol.DirectoryListing'.
2024-11-12 13:42:07,549 INFO  MethodCallReplacementClassAdapter - Adding mock interface to class org/apache/hadoop/hdfs/protocol/DirectoryListing
2024-11-12 13:42:07,549 INFO  CreateClassResetClassAdapter - Creating brand-new static initializer in class org/apache/hadoop/hdfs/protocol/DirectoryListing
2024-11-12 13:42:07,549 INFO  EvoClassLoader - Keeping class: org.apache.hadoop.hdfs.protocol.DirectoryListing
2024-11-12 13:42:07,549 INFO  EvoClassLoader - Seeing class for first time: org.apache.hadoop.fs.XAttrCodec
2024-11-12 13:42:07,549 INFO  EvoClassLoader - Instrumenting class 'org.apache.hadoop.fs.XAttrCodec'.
2024-11-12 13:42:07,549 INFO  MethodCallReplacementClassAdapter - Adding mock interface to class org/apache/hadoop/fs/XAttrCodec
2024-11-12 13:42:07,550 INFO  CreateClassResetClassAdapter - Found static initializer in class org/apache/hadoop/fs/XAttrCodec
2024-11-12 13:42:07,550 INFO  EvoClassLoader - Keeping class: org.apache.hadoop.fs.XAttrCodec
2024-11-12 13:42:07,550 INFO  EvoClassLoader - Seeing class for first time: org.apache.hadoop.hdfs.protocol.SnapshottableDirectoryStatus
2024-11-12 13:42:07,550 INFO  EvoClassLoader - Instrumenting class 'org.apache.hadoop.hdfs.protocol.SnapshottableDirectoryStatus'.
2024-11-12 13:42:07,550 INFO  MethodCallReplacementClassAdapter - Adding mock interface to class org/apache/hadoop/hdfs/protocol/SnapshottableDirectoryStatus
2024-11-12 13:42:07,551 INFO  CreateClassResetClassAdapter - Found static initializer in class org/apache/hadoop/hdfs/protocol/SnapshottableDirectoryStatus
2024-11-12 13:42:07,552 INFO  EvoClassLoader - Keeping class: org.apache.hadoop.hdfs.protocol.SnapshottableDirectoryStatus
2024-11-12 13:42:07,552 INFO  EvoClassLoader - Seeing class for first time: org.apache.hadoop.hdfs.protocol.SnapshotDiffReport$DiffReportEntry
2024-11-12 13:42:07,552 INFO  EvoClassLoader - Instrumenting class 'org.apache.hadoop.hdfs.protocol.SnapshotDiffReport$DiffReportEntry'.
2024-11-12 13:42:07,552 INFO  MethodCallReplacementClassAdapter - Adding mock interface to class org/apache/hadoop/hdfs/protocol/SnapshotDiffReport$DiffReportEntry
2024-11-12 13:42:07,553 INFO  CreateClassResetClassAdapter - Creating brand-new static initializer in class org/apache/hadoop/hdfs/protocol/SnapshotDiffReport$DiffReportEntry
2024-11-12 13:42:07,553 INFO  EvoClassLoader - Keeping class: org.apache.hadoop.hdfs.protocol.SnapshotDiffReport$DiffReportEntry
2024-11-12 13:42:07,554 INFO  EvoClassLoader - Seeing class for first time: org.apache.hadoop.util.Shell$OSType
2024-11-12 13:42:07,554 INFO  EvoClassLoader - Instrumenting class 'org.apache.hadoop.util.Shell$OSType'.
2024-11-12 13:42:07,555 INFO  MethodCallReplacementClassAdapter - Adding mock interface to class org/apache/hadoop/util/Shell$OSType
2024-11-12 13:42:07,555 INFO  CreateClassResetClassAdapter - Found static initializer in class org/apache/hadoop/util/Shell$OSType
2024-11-12 13:42:07,555 INFO  EvoClassLoader - Keeping class: org.apache.hadoop.util.Shell$OSType
2024-11-12 13:42:07,555 INFO  EvoClassLoader - Seeing class for first time: org.apache.hadoop.util.Shell
2024-11-12 13:42:07,555 INFO  EvoClassLoader - Instrumenting class 'org.apache.hadoop.util.Shell'.
2024-11-12 13:42:07,556 INFO  MethodCallReplacementClassAdapter - Adding mock interface to class org/apache/hadoop/util/Shell
2024-11-12 13:42:07,558 INFO  CreateClassResetClassAdapter - Found static initializer in class org/apache/hadoop/util/Shell
2024-11-12 13:42:07,560 INFO  EvoClassLoader - Keeping class: org.apache.hadoop.util.Shell
2024-11-12 13:42:07,560 INFO  EvoClassLoader - Seeing class for first time: org.apache.hadoop.util.Shell$ShellTimeoutTimerTask
2024-11-12 13:42:07,560 INFO  EvoClassLoader - Instrumenting class 'org.apache.hadoop.util.Shell$ShellTimeoutTimerTask'.
2024-11-12 13:42:07,560 INFO  MethodCallReplacementClassAdapter - Adding mock interface to class org/apache/hadoop/util/Shell$ShellTimeoutTimerTask
2024-11-12 13:42:07,560 INFO  CreateClassResetClassAdapter - Creating brand-new static initializer in class org/apache/hadoop/util/Shell$ShellTimeoutTimerTask
2024-11-12 13:42:07,560 INFO  EvoClassLoader - Keeping class: org.apache.hadoop.util.Shell$ShellTimeoutTimerTask
2024-11-12 13:42:07,560 INFO  EvoClassLoader - Seeing class for first time: org.apache.hadoop.util.Shell$ShellCommandExecutor
2024-11-12 13:42:07,560 INFO  EvoClassLoader - Instrumenting class 'org.apache.hadoop.util.Shell$ShellCommandExecutor'.
2024-11-12 13:42:07,561 INFO  MethodCallReplacementClassAdapter - Adding mock interface to class org/apache/hadoop/util/Shell$ShellCommandExecutor
2024-11-12 13:42:07,562 INFO  CreateClassResetClassAdapter - Creating brand-new static initializer in class org/apache/hadoop/util/Shell$ShellCommandExecutor
2024-11-12 13:42:07,562 INFO  EvoClassLoader - Seeing class for first time: org.apache.hadoop.util.Shell$CommandExecutor
2024-11-12 13:42:07,562 INFO  EvoClassLoader - Instrumenting class 'org.apache.hadoop.util.Shell$CommandExecutor'.
2024-11-12 13:42:07,562 INFO  EvoClassLoader - Keeping class: org.apache.hadoop.util.Shell$CommandExecutor
2024-11-12 13:42:07,562 INFO  EvoClassLoader - Keeping class: org.apache.hadoop.util.Shell$ShellCommandExecutor
2024-11-12 13:42:07,562 INFO  EvoClassLoader - Seeing class for first time: org.apache.hadoop.util.Shell$ExitCodeException
2024-11-12 13:42:07,562 INFO  EvoClassLoader - Instrumenting class 'org.apache.hadoop.util.Shell$ExitCodeException'.
2024-11-12 13:42:07,563 INFO  MethodCallReplacementClassAdapter - Adding mock interface to class org/apache/hadoop/util/Shell$ExitCodeException
2024-11-12 13:42:07,563 INFO  CreateClassResetClassAdapter - Creating brand-new static initializer in class org/apache/hadoop/util/Shell$ExitCodeException
2024-11-12 13:42:07,563 INFO  EvoClassLoader - Keeping class: org.apache.hadoop.util.Shell$ExitCodeException
2024-11-12 13:42:07,564 INFO  EvoClassLoader - Seeing class for first time: org.apache.hadoop.util.Shell$1
2024-11-12 13:42:07,564 INFO  EvoClassLoader - Instrumenting class 'org.apache.hadoop.util.Shell$1'.
2024-11-12 13:42:07,564 INFO  MethodCallReplacementClassAdapter - Adding mock interface to class org/apache/hadoop/util/Shell$1
2024-11-12 13:42:07,566 INFO  EvoClassLoader - Keeping class: org.apache.hadoop.util.Shell$1
2024-11-12 13:42:07,568 INFO  EvoClassLoader - Seeing class for first time: org.apache.hadoop.util.Time
2024-11-12 13:42:07,568 INFO  EvoClassLoader - Instrumenting class 'org.apache.hadoop.util.Time'.
2024-11-12 13:42:07,568 INFO  MethodCallReplacementClassAdapter - Adding mock interface to class org/apache/hadoop/util/Time
2024-11-12 13:42:07,568 INFO  CreateClassResetClassAdapter - Found static initializer in class org/apache/hadoop/util/Time
2024-11-12 13:42:07,569 INFO  EvoClassLoader - Keeping class: org.apache.hadoop.util.Time
2024-11-12 13:42:07,569 INFO  EvoClassLoader - Seeing class for first time: org.apache.hadoop.util.Time$1
2024-11-12 13:42:07,569 INFO  EvoClassLoader - Instrumenting class 'org.apache.hadoop.util.Time$1'.
2024-11-12 13:42:07,569 INFO  MethodCallReplacementClassAdapter - Adding mock interface to class org/apache/hadoop/util/Time$1
2024-11-12 13:42:07,570 INFO  EvoClassLoader - Keeping class: org.apache.hadoop.util.Time$1
2024-11-12 13:42:07,572 INFO  EvoClassLoader - Seeing class for first time: org.apache.hadoop.util.StringUtils
2024-11-12 13:42:07,572 INFO  EvoClassLoader - Instrumenting class 'org.apache.hadoop.util.StringUtils'.
2024-11-12 13:42:07,573 INFO  MethodCallReplacementClassAdapter - Adding mock interface to class org/apache/hadoop/util/StringUtils
2024-11-12 13:42:07,575 INFO  CreateClassResetClassAdapter - Found static initializer in class org/apache/hadoop/util/StringUtils
2024-11-12 13:42:07,576 INFO  EvoClassLoader - Keeping class: org.apache.hadoop.util.StringUtils
2024-11-12 13:42:07,576 INFO  EvoClassLoader - Seeing class for first time: org.apache.hadoop.util.LogAdapter
2024-11-12 13:42:07,576 INFO  EvoClassLoader - Instrumenting class 'org.apache.hadoop.util.LogAdapter'.
2024-11-12 13:42:07,577 INFO  MethodCallReplacementClassAdapter - Adding mock interface to class org/apache/hadoop/util/LogAdapter
2024-11-12 13:42:07,577 INFO  CreateClassResetClassAdapter - Creating brand-new static initializer in class org/apache/hadoop/util/LogAdapter
2024-11-12 13:42:07,577 INFO  EvoClassLoader - Keeping class: org.apache.hadoop.util.LogAdapter
2024-11-12 13:42:07,577 INFO  EvoClassLoader - Seeing class for first time: org.apache.commons.lang3.time.FastDateFormat
2024-11-12 13:42:07,577 INFO  EvoClassLoader - Instrumenting class 'org.apache.commons.lang3.time.FastDateFormat'.
2024-11-12 13:42:07,577 INFO  MethodCallReplacementClassAdapter - Adding mock interface to class org/apache/commons/lang3/time/FastDateFormat
2024-11-12 13:42:07,577 INFO  CreateClassResetClassAdapter - Found static initializer in class org/apache/commons/lang3/time/FastDateFormat
2024-11-12 13:42:07,577 INFO  EvoClassLoader - Defined package (3): package org.apache.commons.lang3.time, -377128206
2024-11-12 13:42:07,578 INFO  EvoClassLoader - Seeing class for first time: org.apache.commons.lang3.time.DateParser
2024-11-12 13:42:07,578 INFO  EvoClassLoader - Instrumenting class 'org.apache.commons.lang3.time.DateParser'.
2024-11-12 13:42:07,578 INFO  EvoClassLoader - Keeping class: org.apache.commons.lang3.time.DateParser
2024-11-12 13:42:07,578 INFO  EvoClassLoader - Seeing class for first time: org.apache.commons.lang3.time.DatePrinter
2024-11-12 13:42:07,578 INFO  EvoClassLoader - Instrumenting class 'org.apache.commons.lang3.time.DatePrinter'.
2024-11-12 13:42:07,578 INFO  EvoClassLoader - Keeping class: org.apache.commons.lang3.time.DatePrinter
2024-11-12 13:42:07,578 INFO  EvoClassLoader - Keeping class: org.apache.commons.lang3.time.FastDateFormat
2024-11-12 13:42:07,578 INFO  EvoClassLoader - Seeing class for first time: org.apache.commons.codec.CodecPolicy
2024-11-12 13:42:07,578 INFO  EvoClassLoader - Instrumenting class 'org.apache.commons.codec.CodecPolicy'.
2024-11-12 13:42:07,579 INFO  MethodCallReplacementClassAdapter - Adding mock interface to class org/apache/commons/codec/CodecPolicy
2024-11-12 13:42:07,579 INFO  CreateClassResetClassAdapter - Found static initializer in class org/apache/commons/codec/CodecPolicy
2024-11-12 13:42:07,579 INFO  EvoClassLoader - Defined package (3): package org.apache.commons.codec, -907626822
2024-11-12 13:42:07,579 INFO  EvoClassLoader - Keeping class: org.apache.commons.codec.CodecPolicy
2024-11-12 13:42:07,579 INFO  EvoClassLoader - Seeing class for first time: org.apache.commons.codec.binary.BaseNCodec
2024-11-12 13:42:07,579 INFO  EvoClassLoader - Instrumenting class 'org.apache.commons.codec.binary.BaseNCodec'.
2024-11-12 13:42:07,579 INFO  MethodCallReplacementClassAdapter - Adding mock interface to class org/apache/commons/codec/binary/BaseNCodec
2024-11-12 13:42:07,579 INFO  CreateClassResetClassAdapter - Found static initializer in class org/apache/commons/codec/binary/BaseNCodec
2024-11-12 13:42:07,580 INFO  EvoClassLoader - Defined package (3): package org.apache.commons.codec.binary, 628086197
2024-11-12 13:42:07,580 INFO  EvoClassLoader - Seeing class for first time: org.apache.commons.codec.BinaryEncoder
2024-11-12 13:42:07,580 INFO  EvoClassLoader - Instrumenting class 'org.apache.commons.codec.BinaryEncoder'.
2024-11-12 13:42:07,581 INFO  EvoClassLoader - Seeing class for first time: org.apache.commons.codec.Encoder
2024-11-12 13:42:07,581 INFO  EvoClassLoader - Instrumenting class 'org.apache.commons.codec.Encoder'.
2024-11-12 13:42:07,581 INFO  EvoClassLoader - Keeping class: org.apache.commons.codec.Encoder
2024-11-12 13:42:07,581 INFO  EvoClassLoader - Keeping class: org.apache.commons.codec.BinaryEncoder
2024-11-12 13:42:07,581 INFO  EvoClassLoader - Seeing class for first time: org.apache.commons.codec.BinaryDecoder
2024-11-12 13:42:07,581 INFO  EvoClassLoader - Instrumenting class 'org.apache.commons.codec.BinaryDecoder'.
2024-11-12 13:42:07,581 INFO  EvoClassLoader - Seeing class for first time: org.apache.commons.codec.Decoder
2024-11-12 13:42:07,581 INFO  EvoClassLoader - Instrumenting class 'org.apache.commons.codec.Decoder'.
2024-11-12 13:42:07,581 INFO  EvoClassLoader - Keeping class: org.apache.commons.codec.Decoder
2024-11-12 13:42:07,581 INFO  EvoClassLoader - Keeping class: org.apache.commons.codec.BinaryDecoder
2024-11-12 13:42:07,581 INFO  EvoClassLoader - Keeping class: org.apache.commons.codec.binary.BaseNCodec
2024-11-12 13:42:07,581 INFO  EvoClassLoader - Seeing class for first time: org.apache.commons.codec.DecoderException
2024-11-12 13:42:07,581 INFO  EvoClassLoader - Instrumenting class 'org.apache.commons.codec.DecoderException'.
2024-11-12 13:42:07,582 INFO  MethodCallReplacementClassAdapter - Adding mock interface to class org/apache/commons/codec/DecoderException
2024-11-12 13:42:07,582 INFO  CreateClassResetClassAdapter - Creating brand-new static initializer in class org/apache/commons/codec/DecoderException
2024-11-12 13:42:07,582 INFO  EvoClassLoader - Keeping class: org.apache.commons.codec.DecoderException
2024-11-12 13:42:07,582 INFO  EvoClassLoader - Seeing class for first time: org.apache.commons.codec.EncoderException
2024-11-12 13:42:07,582 INFO  EvoClassLoader - Instrumenting class 'org.apache.commons.codec.EncoderException'.
2024-11-12 13:42:07,582 INFO  MethodCallReplacementClassAdapter - Adding mock interface to class org/apache/commons/codec/EncoderException
2024-11-12 13:42:07,582 INFO  CreateClassResetClassAdapter - Creating brand-new static initializer in class org/apache/commons/codec/EncoderException
2024-11-12 13:42:07,582 INFO  EvoClassLoader - Keeping class: org.apache.commons.codec.EncoderException
2024-11-12 13:42:07,582 INFO  EvoClassLoader - Seeing class for first time: org.apache.commons.codec.binary.BaseNCodec$Context
2024-11-12 13:42:07,582 INFO  EvoClassLoader - Instrumenting class 'org.apache.commons.codec.binary.BaseNCodec$Context'.
2024-11-12 13:42:07,583 INFO  MethodCallReplacementClassAdapter - Adding mock interface to class org/apache/commons/codec/binary/BaseNCodec$Context
2024-11-12 13:42:07,583 INFO  CreateClassResetClassAdapter - Creating brand-new static initializer in class org/apache/commons/codec/binary/BaseNCodec$Context
2024-11-12 13:42:07,583 INFO  EvoClassLoader - Keeping class: org.apache.commons.codec.binary.BaseNCodec$Context
2024-11-12 13:42:07,583 INFO  EvoClassLoader - Seeing class for first time: org.apache.commons.codec.binary.Base64
2024-11-12 13:42:07,583 INFO  EvoClassLoader - Instrumenting class 'org.apache.commons.codec.binary.Base64'.
2024-11-12 13:42:07,583 INFO  MethodCallReplacementClassAdapter - Adding mock interface to class org/apache/commons/codec/binary/Base64
2024-11-12 13:42:07,585 INFO  CreateClassResetClassAdapter - Found static initializer in class org/apache/commons/codec/binary/Base64
2024-11-12 13:42:07,585 INFO  EvoClassLoader - Keeping class: org.apache.commons.codec.binary.Base64
2024-11-12 13:42:07,586 INFO  EvoClassLoader - Seeing class for first time: org.apache.commons.codec.binary.Hex
2024-11-12 13:42:07,586 INFO  EvoClassLoader - Instrumenting class 'org.apache.commons.codec.binary.Hex'.
2024-11-12 13:42:07,586 INFO  MethodCallReplacementClassAdapter - Adding mock interface to class org/apache/commons/codec/binary/Hex
2024-11-12 13:42:07,586 INFO  CreateClassResetClassAdapter - Found static initializer in class org/apache/commons/codec/binary/Hex
2024-11-12 13:42:07,587 INFO  EvoClassLoader - Keeping class: org.apache.commons.codec.binary.Hex
2024-11-12 13:42:07,587 INFO  EvoClassLoader - Seeing class for first time: org.apache.hadoop.hdfs.server.namenode.AclEntryStatusFormat$1
2024-11-12 13:42:07,587 INFO  EvoClassLoader - Instrumenting class 'org.apache.hadoop.hdfs.server.namenode.AclEntryStatusFormat$1'.
2024-11-12 13:42:07,587 INFO  MethodCallReplacementClassAdapter - Adding mock interface to class org/apache/hadoop/hdfs/server/namenode/AclEntryStatusFormat$1
2024-11-12 13:42:07,587 INFO  EvoClassLoader - Keeping class: org.apache.hadoop.hdfs.server.namenode.AclEntryStatusFormat$1
2024-11-12 13:42:07,587 INFO  EvoClassLoader - Seeing class for first time: net.bytebuddy.build.HashCodeAndEqualsPlugin$Enhance$InvokeSuper
2024-11-12 13:42:07,587 INFO  EvoClassLoader - Instrumenting class 'net.bytebuddy.build.HashCodeAndEqualsPlugin$Enhance$InvokeSuper'.
2024-11-12 13:42:07,588 INFO  MethodCallReplacementClassAdapter - Adding mock interface to class net/bytebuddy/build/HashCodeAndEqualsPlugin$Enhance$InvokeSuper
2024-11-12 13:42:07,588 INFO  CreateClassResetClassAdapter - Found static initializer in class net/bytebuddy/build/HashCodeAndEqualsPlugin$Enhance$InvokeSuper
2024-11-12 13:42:07,588 INFO  EvoClassLoader - Defined package (3): package net.bytebuddy.build, -1091202835
2024-11-12 13:42:07,588 INFO  EvoClassLoader - Keeping class: net.bytebuddy.build.HashCodeAndEqualsPlugin$Enhance$InvokeSuper
2024-11-12 13:42:07,588 INFO  EvoClassLoader - Seeing class for first time: net.bytebuddy.build.HashCodeAndEqualsPlugin$Enhance
2024-11-12 13:42:07,588 INFO  EvoClassLoader - Instrumenting class 'net.bytebuddy.build.HashCodeAndEqualsPlugin$Enhance'.
2024-11-12 13:42:07,588 INFO  EvoClassLoader - Keeping class: net.bytebuddy.build.HashCodeAndEqualsPlugin$Enhance
2024-11-12 13:42:07,588 INFO  EvoClassLoader - Seeing class for first time: net.bytebuddy.build.HashCodeAndEqualsPlugin
2024-11-12 13:42:07,588 INFO  EvoClassLoader - Instrumenting class 'net.bytebuddy.build.HashCodeAndEqualsPlugin'.
2024-11-12 13:42:07,588 INFO  MethodCallReplacementClassAdapter - Adding mock interface to class net/bytebuddy/build/HashCodeAndEqualsPlugin
2024-11-12 13:42:07,589 INFO  CreateClassResetClassAdapter - Creating brand-new static initializer in class net/bytebuddy/build/HashCodeAndEqualsPlugin
2024-11-12 13:42:07,590 INFO  EvoClassLoader - Seeing class for first time: net.bytebuddy.build.Plugin
2024-11-12 13:42:07,590 INFO  EvoClassLoader - Instrumenting class 'net.bytebuddy.build.Plugin'.
2024-11-12 13:42:07,590 INFO  EvoClassLoader - Seeing class for first time: net.bytebuddy.matcher.ElementMatcher
2024-11-12 13:42:07,590 INFO  EvoClassLoader - Instrumenting class 'net.bytebuddy.matcher.ElementMatcher'.
2024-11-12 13:42:07,590 INFO  EvoClassLoader - Defined package (3): package net.bytebuddy.matcher, -63983631
2024-11-12 13:42:07,590 INFO  EvoClassLoader - Keeping class: net.bytebuddy.matcher.ElementMatcher
2024-11-12 13:42:07,590 INFO  EvoClassLoader - Keeping class: net.bytebuddy.build.Plugin
2024-11-12 13:42:07,590 INFO  EvoClassLoader - Seeing class for first time: net.bytebuddy.build.Plugin$Factory
2024-11-12 13:42:07,590 INFO  EvoClassLoader - Instrumenting class 'net.bytebuddy.build.Plugin$Factory'.
2024-11-12 13:42:07,590 INFO  EvoClassLoader - Keeping class: net.bytebuddy.build.Plugin$Factory
2024-11-12 13:42:07,590 INFO  EvoClassLoader - Keeping class: net.bytebuddy.build.HashCodeAndEqualsPlugin
2024-11-12 13:42:07,590 INFO  EvoClassLoader - Seeing class for first time: net.bytebuddy.build.HashCodeAndEqualsPlugin$Enhance$InvokeSuper$1
2024-11-12 13:42:07,590 INFO  EvoClassLoader - Instrumenting class 'net.bytebuddy.build.HashCodeAndEqualsPlugin$Enhance$InvokeSuper$1'.
2024-11-12 13:42:07,590 INFO  MethodCallReplacementClassAdapter - Adding mock interface to class net/bytebuddy/build/HashCodeAndEqualsPlugin$Enhance$InvokeSuper$1
2024-11-12 13:42:07,593 INFO  EvoClassLoader - Keeping class: net.bytebuddy.build.HashCodeAndEqualsPlugin$Enhance$InvokeSuper$1
2024-11-12 13:42:07,593 INFO  EvoClassLoader - Seeing class for first time: net.bytebuddy.build.HashCodeAndEqualsPlugin$Enhance$InvokeSuper$2
2024-11-12 13:42:07,593 INFO  EvoClassLoader - Instrumenting class 'net.bytebuddy.build.HashCodeAndEqualsPlugin$Enhance$InvokeSuper$2'.
2024-11-12 13:42:07,594 INFO  MethodCallReplacementClassAdapter - Adding mock interface to class net/bytebuddy/build/HashCodeAndEqualsPlugin$Enhance$InvokeSuper$2
2024-11-12 13:42:07,594 INFO  EvoClassLoader - Keeping class: net.bytebuddy.build.HashCodeAndEqualsPlugin$Enhance$InvokeSuper$2
2024-11-12 13:42:07,594 INFO  EvoClassLoader - Seeing class for first time: net.bytebuddy.build.HashCodeAndEqualsPlugin$Enhance$InvokeSuper$3
2024-11-12 13:42:07,594 INFO  EvoClassLoader - Instrumenting class 'net.bytebuddy.build.HashCodeAndEqualsPlugin$Enhance$InvokeSuper$3'.
2024-11-12 13:42:07,594 INFO  MethodCallReplacementClassAdapter - Adding mock interface to class net/bytebuddy/build/HashCodeAndEqualsPlugin$Enhance$InvokeSuper$3
2024-11-12 13:42:07,594 INFO  EvoClassLoader - Keeping class: net.bytebuddy.build.HashCodeAndEqualsPlugin$Enhance$InvokeSuper$3
2024-11-12 13:42:07,594 INFO  EvoClassLoader - Seeing class for first time: net.bytebuddy.build.HashCodeAndEqualsPlugin$Enhance$InvokeSuper$4
2024-11-12 13:42:07,594 INFO  EvoClassLoader - Instrumenting class 'net.bytebuddy.build.HashCodeAndEqualsPlugin$Enhance$InvokeSuper$4'.
2024-11-12 13:42:07,594 INFO  MethodCallReplacementClassAdapter - Adding mock interface to class net/bytebuddy/build/HashCodeAndEqualsPlugin$Enhance$InvokeSuper$4
2024-11-12 13:42:07,594 INFO  EvoClassLoader - Keeping class: net.bytebuddy.build.HashCodeAndEqualsPlugin$Enhance$InvokeSuper$4
2024-11-12 13:42:07,594 INFO  EvoClassLoader - Seeing class for first time: net.bytebuddy.description.type.TypeDescription
2024-11-12 13:42:07,594 INFO  EvoClassLoader - Instrumenting class 'net.bytebuddy.description.type.TypeDescription'.
2024-11-12 13:42:07,594 INFO  EvoClassLoader - Defined package (3): package net.bytebuddy.description.type, 1043161613
2024-11-12 13:42:07,594 INFO  EvoClassLoader - Seeing class for first time: net.bytebuddy.description.type.TypeDefinition
2024-11-12 13:42:07,594 INFO  EvoClassLoader - Instrumenting class 'net.bytebuddy.description.type.TypeDefinition'.
2024-11-12 13:42:07,595 INFO  EvoClassLoader - Seeing class for first time: net.bytebuddy.description.NamedElement
2024-11-12 13:42:07,595 INFO  EvoClassLoader - Instrumenting class 'net.bytebuddy.description.NamedElement'.
2024-11-12 13:42:07,595 INFO  EvoClassLoader - Defined package (3): package net.bytebuddy.description, 348599099
2024-11-12 13:42:07,595 INFO  EvoClassLoader - Keeping class: net.bytebuddy.description.NamedElement
2024-11-12 13:42:07,595 INFO  EvoClassLoader - Seeing class for first time: net.bytebuddy.description.ModifierReviewable$ForTypeDefinition
2024-11-12 13:42:07,595 INFO  EvoClassLoader - Instrumenting class 'net.bytebuddy.description.ModifierReviewable$ForTypeDefinition'.
2024-11-12 13:42:07,595 INFO  EvoClassLoader - Seeing class for first time: net.bytebuddy.description.ModifierReviewable$OfAbstraction
2024-11-12 13:42:07,595 INFO  EvoClassLoader - Instrumenting class 'net.bytebuddy.description.ModifierReviewable$OfAbstraction'.
2024-11-12 13:42:07,595 INFO  EvoClassLoader - Seeing class for first time: net.bytebuddy.description.ModifierReviewable$OfByteCodeElement
2024-11-12 13:42:07,595 INFO  EvoClassLoader - Instrumenting class 'net.bytebuddy.description.ModifierReviewable$OfByteCodeElement'.
2024-11-12 13:42:07,595 INFO  EvoClassLoader - Seeing class for first time: net.bytebuddy.description.ModifierReviewable
2024-11-12 13:42:07,595 INFO  EvoClassLoader - Instrumenting class 'net.bytebuddy.description.ModifierReviewable'.
2024-11-12 13:42:07,595 INFO  EvoClassLoader - Keeping class: net.bytebuddy.description.ModifierReviewable
2024-11-12 13:42:07,595 INFO  EvoClassLoader - Keeping class: net.bytebuddy.description.ModifierReviewable$OfByteCodeElement
2024-11-12 13:42:07,595 INFO  EvoClassLoader - Keeping class: net.bytebuddy.description.ModifierReviewable$OfAbstraction
2024-11-12 13:42:07,595 INFO  EvoClassLoader - Seeing class for first time: net.bytebuddy.description.ModifierReviewable$OfEnumeration
2024-11-12 13:42:07,595 INFO  EvoClassLoader - Instrumenting class 'net.bytebuddy.description.ModifierReviewable$OfEnumeration'.
2024-11-12 13:42:07,595 INFO  EvoClassLoader - Keeping class: net.bytebuddy.description.ModifierReviewable$OfEnumeration
2024-11-12 13:42:07,595 INFO  EvoClassLoader - Keeping class: net.bytebuddy.description.ModifierReviewable$ForTypeDefinition
2024-11-12 13:42:07,596 INFO  EvoClassLoader - Keeping class: net.bytebuddy.description.type.TypeDefinition
2024-11-12 13:42:07,596 INFO  EvoClassLoader - Seeing class for first time: net.bytebuddy.description.ByteCodeElement
2024-11-12 13:42:07,596 INFO  EvoClassLoader - Instrumenting class 'net.bytebuddy.description.ByteCodeElement'.
2024-11-12 13:42:07,596 INFO  EvoClassLoader - Seeing class for first time: net.bytebuddy.description.NamedElement$WithRuntimeName
2024-11-12 13:42:07,596 INFO  EvoClassLoader - Instrumenting class 'net.bytebuddy.description.NamedElement$WithRuntimeName'.
2024-11-12 13:42:07,596 INFO  EvoClassLoader - Keeping class: net.bytebuddy.description.NamedElement$WithRuntimeName
2024-11-12 13:42:07,596 INFO  EvoClassLoader - Seeing class for first time: net.bytebuddy.description.DeclaredByType
2024-11-12 13:42:07,596 INFO  EvoClassLoader - Instrumenting class 'net.bytebuddy.description.DeclaredByType'.
2024-11-12 13:42:07,596 INFO  EvoClassLoader - Keeping class: net.bytebuddy.description.DeclaredByType
2024-11-12 13:42:07,596 INFO  EvoClassLoader - Seeing class for first time: net.bytebuddy.description.annotation.AnnotationSource
2024-11-12 13:42:07,596 INFO  EvoClassLoader - Instrumenting class 'net.bytebuddy.description.annotation.AnnotationSource'.
2024-11-12 13:42:07,596 INFO  EvoClassLoader - Defined package (3): package net.bytebuddy.description.annotation, -2027678782
2024-11-12 13:42:07,596 INFO  EvoClassLoader - Keeping class: net.bytebuddy.description.annotation.AnnotationSource
2024-11-12 13:42:07,596 INFO  EvoClassLoader - Keeping class: net.bytebuddy.description.ByteCodeElement
2024-11-12 13:42:07,596 INFO  EvoClassLoader - Seeing class for first time: net.bytebuddy.description.TypeVariableSource
2024-11-12 13:42:07,596 INFO  EvoClassLoader - Instrumenting class 'net.bytebuddy.description.TypeVariableSource'.
2024-11-12 13:42:07,596 INFO  EvoClassLoader - Keeping class: net.bytebuddy.description.TypeVariableSource
2024-11-12 13:42:07,596 INFO  EvoClassLoader - Keeping class: net.bytebuddy.description.type.TypeDescription
2024-11-12 13:42:07,596 INFO  EvoClassLoader - Seeing class for first time: net.bytebuddy.implementation.HashCodeMethod
2024-11-12 13:42:07,596 INFO  EvoClassLoader - Instrumenting class 'net.bytebuddy.implementation.HashCodeMethod'.
2024-11-12 13:42:07,597 INFO  MethodCallReplacementClassAdapter - Adding mock interface to class net/bytebuddy/implementation/HashCodeMethod
2024-11-12 13:42:07,597 INFO  CreateClassResetClassAdapter - Found static initializer in class net/bytebuddy/implementation/HashCodeMethod
2024-11-12 13:42:07,597 INFO  EvoClassLoader - Defined package (3): package net.bytebuddy.implementation, 1120813075
2024-11-12 13:42:07,598 INFO  EvoClassLoader - Seeing class for first time: net.bytebuddy.implementation.Implementation
2024-11-12 13:42:07,598 INFO  EvoClassLoader - Instrumenting class 'net.bytebuddy.implementation.Implementation'.
2024-11-12 13:42:07,598 INFO  EvoClassLoader - Seeing class for first time: net.bytebuddy.dynamic.scaffold.InstrumentedType$Prepareable
2024-11-12 13:42:07,598 INFO  EvoClassLoader - Instrumenting class 'net.bytebuddy.dynamic.scaffold.InstrumentedType$Prepareable'.
2024-11-12 13:42:07,598 INFO  EvoClassLoader - Defined package (3): package net.bytebuddy.dynamic.scaffold, 1693317350
2024-11-12 13:42:07,598 INFO  EvoClassLoader - Keeping class: net.bytebuddy.dynamic.scaffold.InstrumentedType$Prepareable
2024-11-12 13:42:07,598 INFO  EvoClassLoader - Keeping class: net.bytebuddy.implementation.Implementation
2024-11-12 13:42:07,598 INFO  EvoClassLoader - Keeping class: net.bytebuddy.implementation.HashCodeMethod
2024-11-12 13:42:07,598 INFO  EvoClassLoader - Seeing class for first time: net.bytebuddy.implementation.EqualsMethod
2024-11-12 13:42:07,598 INFO  EvoClassLoader - Instrumenting class 'net.bytebuddy.implementation.EqualsMethod'.
2024-11-12 13:42:07,598 INFO  MethodCallReplacementClassAdapter - Adding mock interface to class net/bytebuddy/implementation/EqualsMethod
2024-11-12 13:42:07,599 INFO  CreateClassResetClassAdapter - Found static initializer in class net/bytebuddy/implementation/EqualsMethod
2024-11-12 13:42:07,599 INFO  EvoClassLoader - Keeping class: net.bytebuddy.implementation.EqualsMethod
2024-11-12 13:42:07,600 INFO  EvoClassLoader - Seeing class for first time: net.bytebuddy.description.type.TypeDescription$Generic
2024-11-12 13:42:07,600 INFO  EvoClassLoader - Instrumenting class 'net.bytebuddy.description.type.TypeDescription$Generic'.
2024-11-12 13:42:07,600 INFO  EvoClassLoader - Keeping class: net.bytebuddy.description.type.TypeDescription$Generic
2024-11-12 13:42:07,600 INFO  EvoClassLoader - Seeing class for first time: org.assertj.core.internal.bytebuddy.build.HashCodeAndEqualsPlugin$Enhance$InvokeSuper
2024-11-12 13:42:07,600 INFO  EvoClassLoader - Instrumenting class 'org.assertj.core.internal.bytebuddy.build.HashCodeAndEqualsPlugin$Enhance$InvokeSuper'.
2024-11-12 13:42:07,601 INFO  MethodCallReplacementClassAdapter - Adding mock interface to class org/assertj/core/internal/bytebuddy/build/HashCodeAndEqualsPlugin$Enhance$InvokeSuper
2024-11-12 13:42:07,601 INFO  CreateClassResetClassAdapter - Found static initializer in class org/assertj/core/internal/bytebuddy/build/HashCodeAndEqualsPlugin$Enhance$InvokeSuper
2024-11-12 13:42:07,601 INFO  EvoClassLoader - Defined package (3): package org.assertj.core.internal.bytebuddy.build, -2103311512
2024-11-12 13:42:07,601 INFO  EvoClassLoader - Keeping class: org.assertj.core.internal.bytebuddy.build.HashCodeAndEqualsPlugin$Enhance$InvokeSuper
2024-11-12 13:42:07,601 INFO  EvoClassLoader - Seeing class for first time: org.assertj.core.internal.bytebuddy.build.HashCodeAndEqualsPlugin$Enhance
2024-11-12 13:42:07,601 INFO  EvoClassLoader - Instrumenting class 'org.assertj.core.internal.bytebuddy.build.HashCodeAndEqualsPlugin$Enhance'.
2024-11-12 13:42:07,601 INFO  EvoClassLoader - Keeping class: org.assertj.core.internal.bytebuddy.build.HashCodeAndEqualsPlugin$Enhance
2024-11-12 13:42:07,601 INFO  EvoClassLoader - Seeing class for first time: org.assertj.core.internal.bytebuddy.build.HashCodeAndEqualsPlugin
2024-11-12 13:42:07,601 INFO  EvoClassLoader - Instrumenting class 'org.assertj.core.internal.bytebuddy.build.HashCodeAndEqualsPlugin'.
2024-11-12 13:42:07,601 INFO  MethodCallReplacementClassAdapter - Adding mock interface to class org/assertj/core/internal/bytebuddy/build/HashCodeAndEqualsPlugin
2024-11-12 13:42:07,639 INFO  CreateClassResetClassAdapter - Creating brand-new static initializer in class org/assertj/core/internal/bytebuddy/build/HashCodeAndEqualsPlugin
2024-11-12 13:42:07,639 INFO  EvoClassLoader - Seeing class for first time: org.assertj.core.internal.bytebuddy.build.Plugin
2024-11-12 13:42:07,639 INFO  EvoClassLoader - Instrumenting class 'org.assertj.core.internal.bytebuddy.build.Plugin'.
2024-11-12 13:42:07,640 INFO  EvoClassLoader - Seeing class for first time: org.assertj.core.internal.bytebuddy.matcher.ElementMatcher
2024-11-12 13:42:07,640 INFO  EvoClassLoader - Instrumenting class 'org.assertj.core.internal.bytebuddy.matcher.ElementMatcher'.
2024-11-12 13:42:07,640 INFO  EvoClassLoader - Defined package (3): package org.assertj.core.internal.bytebuddy.matcher, -2037813332
2024-11-12 13:42:07,640 INFO  EvoClassLoader - Keeping class: org.assertj.core.internal.bytebuddy.matcher.ElementMatcher
2024-11-12 13:42:07,640 INFO  EvoClassLoader - Keeping class: org.assertj.core.internal.bytebuddy.build.Plugin
2024-11-12 13:42:07,640 INFO  EvoClassLoader - Seeing class for first time: org.assertj.core.internal.bytebuddy.build.Plugin$Factory
2024-11-12 13:42:07,640 INFO  EvoClassLoader - Instrumenting class 'org.assertj.core.internal.bytebuddy.build.Plugin$Factory'.
2024-11-12 13:42:07,641 INFO  EvoClassLoader - Keeping class: org.assertj.core.internal.bytebuddy.build.Plugin$Factory
2024-11-12 13:42:07,641 INFO  EvoClassLoader - Keeping class: org.assertj.core.internal.bytebuddy.build.HashCodeAndEqualsPlugin
2024-11-12 13:42:07,641 INFO  EvoClassLoader - Seeing class for first time: org.assertj.core.internal.bytebuddy.build.HashCodeAndEqualsPlugin$Enhance$InvokeSuper$1
2024-11-12 13:42:07,641 INFO  EvoClassLoader - Instrumenting class 'org.assertj.core.internal.bytebuddy.build.HashCodeAndEqualsPlugin$Enhance$InvokeSuper$1'.
2024-11-12 13:42:07,641 INFO  MethodCallReplacementClassAdapter - Adding mock interface to class org/assertj/core/internal/bytebuddy/build/HashCodeAndEqualsPlugin$Enhance$InvokeSuper$1
2024-11-12 13:42:07,646 INFO  EvoClassLoader - Keeping class: org.assertj.core.internal.bytebuddy.build.HashCodeAndEqualsPlugin$Enhance$InvokeSuper$1
2024-11-12 13:42:07,647 INFO  EvoClassLoader - Seeing class for first time: org.assertj.core.internal.bytebuddy.build.HashCodeAndEqualsPlugin$Enhance$InvokeSuper$2
2024-11-12 13:42:07,647 INFO  EvoClassLoader - Instrumenting class 'org.assertj.core.internal.bytebuddy.build.HashCodeAndEqualsPlugin$Enhance$InvokeSuper$2'.
2024-11-12 13:42:07,647 INFO  MethodCallReplacementClassAdapter - Adding mock interface to class org/assertj/core/internal/bytebuddy/build/HashCodeAndEqualsPlugin$Enhance$InvokeSuper$2
2024-11-12 13:42:07,647 INFO  EvoClassLoader - Keeping class: org.assertj.core.internal.bytebuddy.build.HashCodeAndEqualsPlugin$Enhance$InvokeSuper$2
2024-11-12 13:42:07,647 INFO  EvoClassLoader - Seeing class for first time: org.assertj.core.internal.bytebuddy.build.HashCodeAndEqualsPlugin$Enhance$InvokeSuper$3
2024-11-12 13:42:07,647 INFO  EvoClassLoader - Instrumenting class 'org.assertj.core.internal.bytebuddy.build.HashCodeAndEqualsPlugin$Enhance$InvokeSuper$3'.
2024-11-12 13:42:07,647 INFO  MethodCallReplacementClassAdapter - Adding mock interface to class org/assertj/core/internal/bytebuddy/build/HashCodeAndEqualsPlugin$Enhance$InvokeSuper$3
2024-11-12 13:42:07,647 INFO  EvoClassLoader - Keeping class: org.assertj.core.internal.bytebuddy.build.HashCodeAndEqualsPlugin$Enhance$InvokeSuper$3
2024-11-12 13:42:07,647 INFO  EvoClassLoader - Seeing class for first time: org.assertj.core.internal.bytebuddy.build.HashCodeAndEqualsPlugin$Enhance$InvokeSuper$4
2024-11-12 13:42:07,647 INFO  EvoClassLoader - Instrumenting class 'org.assertj.core.internal.bytebuddy.build.HashCodeAndEqualsPlugin$Enhance$InvokeSuper$4'.
2024-11-12 13:42:07,648 INFO  MethodCallReplacementClassAdapter - Adding mock interface to class org/assertj/core/internal/bytebuddy/build/HashCodeAndEqualsPlugin$Enhance$InvokeSuper$4
2024-11-12 13:42:07,648 INFO  EvoClassLoader - Keeping class: org.assertj.core.internal.bytebuddy.build.HashCodeAndEqualsPlugin$Enhance$InvokeSuper$4
2024-11-12 13:42:07,648 INFO  EvoClassLoader - Seeing class for first time: org.assertj.core.internal.bytebuddy.description.type.TypeDescription
2024-11-12 13:42:07,648 INFO  EvoClassLoader - Instrumenting class 'org.assertj.core.internal.bytebuddy.description.type.TypeDescription'.
2024-11-12 13:42:07,648 INFO  EvoClassLoader - Defined package (3): package org.assertj.core.internal.bytebuddy.description.type, -2063588174
2024-11-12 13:42:07,648 INFO  EvoClassLoader - Seeing class for first time: org.assertj.core.internal.bytebuddy.description.type.TypeDefinition
2024-11-12 13:42:07,648 INFO  EvoClassLoader - Instrumenting class 'org.assertj.core.internal.bytebuddy.description.type.TypeDefinition'.
2024-11-12 13:42:07,648 INFO  EvoClassLoader - Seeing class for first time: org.assertj.core.internal.bytebuddy.description.NamedElement
2024-11-12 13:42:07,648 INFO  EvoClassLoader - Instrumenting class 'org.assertj.core.internal.bytebuddy.description.NamedElement'.
2024-11-12 13:42:07,648 INFO  EvoClassLoader - Defined package (3): package org.assertj.core.internal.bytebuddy.description, 1484037494
2024-11-12 13:42:07,648 INFO  EvoClassLoader - Keeping class: org.assertj.core.internal.bytebuddy.description.NamedElement
2024-11-12 13:42:07,648 INFO  EvoClassLoader - Seeing class for first time: org.assertj.core.internal.bytebuddy.description.ModifierReviewable$ForTypeDefinition
2024-11-12 13:42:07,648 INFO  EvoClassLoader - Instrumenting class 'org.assertj.core.internal.bytebuddy.description.ModifierReviewable$ForTypeDefinition'.
2024-11-12 13:42:07,649 INFO  EvoClassLoader - Seeing class for first time: org.assertj.core.internal.bytebuddy.description.ModifierReviewable$OfAbstraction
2024-11-12 13:42:07,649 INFO  EvoClassLoader - Instrumenting class 'org.assertj.core.internal.bytebuddy.description.ModifierReviewable$OfAbstraction'.
2024-11-12 13:42:07,649 INFO  EvoClassLoader - Seeing class for first time: org.assertj.core.internal.bytebuddy.description.ModifierReviewable$OfByteCodeElement
2024-11-12 13:42:07,649 INFO  EvoClassLoader - Instrumenting class 'org.assertj.core.internal.bytebuddy.description.ModifierReviewable$OfByteCodeElement'.
2024-11-12 13:42:07,649 INFO  EvoClassLoader - Seeing class for first time: org.assertj.core.internal.bytebuddy.description.ModifierReviewable
2024-11-12 13:42:07,649 INFO  EvoClassLoader - Instrumenting class 'org.assertj.core.internal.bytebuddy.description.ModifierReviewable'.
2024-11-12 13:42:07,649 INFO  EvoClassLoader - Keeping class: org.assertj.core.internal.bytebuddy.description.ModifierReviewable
2024-11-12 13:42:07,649 INFO  EvoClassLoader - Keeping class: org.assertj.core.internal.bytebuddy.description.ModifierReviewable$OfByteCodeElement
2024-11-12 13:42:07,649 INFO  EvoClassLoader - Keeping class: org.assertj.core.internal.bytebuddy.description.ModifierReviewable$OfAbstraction
2024-11-12 13:42:07,649 INFO  EvoClassLoader - Seeing class for first time: org.assertj.core.internal.bytebuddy.description.ModifierReviewable$OfEnumeration
2024-11-12 13:42:07,649 INFO  EvoClassLoader - Instrumenting class 'org.assertj.core.internal.bytebuddy.description.ModifierReviewable$OfEnumeration'.
2024-11-12 13:42:07,649 INFO  EvoClassLoader - Keeping class: org.assertj.core.internal.bytebuddy.description.ModifierReviewable$OfEnumeration
2024-11-12 13:42:07,649 INFO  EvoClassLoader - Keeping class: org.assertj.core.internal.bytebuddy.description.ModifierReviewable$ForTypeDefinition
2024-11-12 13:42:07,649 INFO  EvoClassLoader - Keeping class: org.assertj.core.internal.bytebuddy.description.type.TypeDefinition
2024-11-12 13:42:07,649 INFO  EvoClassLoader - Seeing class for first time: org.assertj.core.internal.bytebuddy.description.ByteCodeElement
2024-11-12 13:42:07,649 INFO  EvoClassLoader - Instrumenting class 'org.assertj.core.internal.bytebuddy.description.ByteCodeElement'.
2024-11-12 13:42:07,649 INFO  EvoClassLoader - Seeing class for first time: org.assertj.core.internal.bytebuddy.description.NamedElement$WithRuntimeName
2024-11-12 13:42:07,649 INFO  EvoClassLoader - Instrumenting class 'org.assertj.core.internal.bytebuddy.description.NamedElement$WithRuntimeName'.
2024-11-12 13:42:07,649 INFO  EvoClassLoader - Keeping class: org.assertj.core.internal.bytebuddy.description.NamedElement$WithRuntimeName
2024-11-12 13:42:07,649 INFO  EvoClassLoader - Seeing class for first time: org.assertj.core.internal.bytebuddy.description.DeclaredByType
2024-11-12 13:42:07,649 INFO  EvoClassLoader - Instrumenting class 'org.assertj.core.internal.bytebuddy.description.DeclaredByType'.
2024-11-12 13:42:07,650 INFO  EvoClassLoader - Keeping class: org.assertj.core.internal.bytebuddy.description.DeclaredByType
2024-11-12 13:42:07,650 INFO  EvoClassLoader - Seeing class for first time: org.assertj.core.internal.bytebuddy.description.annotation.AnnotationSource
2024-11-12 13:42:07,650 INFO  EvoClassLoader - Instrumenting class 'org.assertj.core.internal.bytebuddy.description.annotation.AnnotationSource'.
2024-11-12 13:42:07,650 INFO  EvoClassLoader - Defined package (3): package org.assertj.core.internal.bytebuddy.description.annotation, 2042726055
2024-11-12 13:42:07,650 INFO  EvoClassLoader - Keeping class: org.assertj.core.internal.bytebuddy.description.annotation.AnnotationSource
2024-11-12 13:42:07,650 INFO  EvoClassLoader - Keeping class: org.assertj.core.internal.bytebuddy.description.ByteCodeElement
2024-11-12 13:42:07,650 INFO  EvoClassLoader - Seeing class for first time: org.assertj.core.internal.bytebuddy.description.TypeVariableSource
2024-11-12 13:42:07,650 INFO  EvoClassLoader - Instrumenting class 'org.assertj.core.internal.bytebuddy.description.TypeVariableSource'.
2024-11-12 13:42:07,650 INFO  EvoClassLoader - Keeping class: org.assertj.core.internal.bytebuddy.description.TypeVariableSource
2024-11-12 13:42:07,650 INFO  EvoClassLoader - Keeping class: org.assertj.core.internal.bytebuddy.description.type.TypeDescription
2024-11-12 13:42:07,650 INFO  EvoClassLoader - Seeing class for first time: org.assertj.core.internal.bytebuddy.implementation.HashCodeMethod
2024-11-12 13:42:07,650 INFO  EvoClassLoader - Instrumenting class 'org.assertj.core.internal.bytebuddy.implementation.HashCodeMethod'.
2024-11-12 13:42:07,650 INFO  MethodCallReplacementClassAdapter - Adding mock interface to class org/assertj/core/internal/bytebuddy/implementation/HashCodeMethod
2024-11-12 13:42:07,652 INFO  CreateClassResetClassAdapter - Found static initializer in class org/assertj/core/internal/bytebuddy/implementation/HashCodeMethod
2024-11-12 13:42:07,652 INFO  EvoClassLoader - Defined package (3): package org.assertj.core.internal.bytebuddy.implementation, -196384776
2024-11-12 13:42:07,653 INFO  EvoClassLoader - Seeing class for first time: org.assertj.core.internal.bytebuddy.implementation.Implementation
2024-11-12 13:42:07,653 INFO  EvoClassLoader - Instrumenting class 'org.assertj.core.internal.bytebuddy.implementation.Implementation'.
2024-11-12 13:42:07,653 INFO  EvoClassLoader - Seeing class for first time: org.assertj.core.internal.bytebuddy.dynamic.scaffold.InstrumentedType$Prepareable
2024-11-12 13:42:07,653 INFO  EvoClassLoader - Instrumenting class 'org.assertj.core.internal.bytebuddy.dynamic.scaffold.InstrumentedType$Prepareable'.
2024-11-12 13:42:07,653 INFO  EvoClassLoader - Defined package (3): package org.assertj.core.internal.bytebuddy.dynamic.scaffold, -1413432437
2024-11-12 13:42:07,653 INFO  EvoClassLoader - Keeping class: org.assertj.core.internal.bytebuddy.dynamic.scaffold.InstrumentedType$Prepareable
2024-11-12 13:42:07,653 INFO  EvoClassLoader - Keeping class: org.assertj.core.internal.bytebuddy.implementation.Implementation
2024-11-12 13:42:07,653 INFO  EvoClassLoader - Keeping class: org.assertj.core.internal.bytebuddy.implementation.HashCodeMethod
2024-11-12 13:42:07,653 INFO  EvoClassLoader - Seeing class for first time: org.assertj.core.internal.bytebuddy.implementation.EqualsMethod
2024-11-12 13:42:07,653 INFO  EvoClassLoader - Instrumenting class 'org.assertj.core.internal.bytebuddy.implementation.EqualsMethod'.
2024-11-12 13:42:07,654 INFO  MethodCallReplacementClassAdapter - Adding mock interface to class org/assertj/core/internal/bytebuddy/implementation/EqualsMethod
2024-11-12 13:42:07,654 INFO  CreateClassResetClassAdapter - Found static initializer in class org/assertj/core/internal/bytebuddy/implementation/EqualsMethod
2024-11-12 13:42:07,654 INFO  EvoClassLoader - Keeping class: org.assertj.core.internal.bytebuddy.implementation.EqualsMethod
2024-11-12 13:42:07,655 INFO  EvoClassLoader - Seeing class for first time: org.assertj.core.internal.bytebuddy.description.type.TypeDescription$Generic
2024-11-12 13:42:07,655 INFO  EvoClassLoader - Instrumenting class 'org.assertj.core.internal.bytebuddy.description.type.TypeDescription$Generic'.
2024-11-12 13:42:07,655 INFO  EvoClassLoader - Keeping class: org.assertj.core.internal.bytebuddy.description.type.TypeDescription$Generic
2024-11-12 13:42:07,656 INFO  EvoClassLoader - Seeing class for first time: org.apache.hadoop.conf.Configuration$ParsedTimeDuration
2024-11-12 13:42:07,656 INFO  EvoClassLoader - Instrumenting class 'org.apache.hadoop.conf.Configuration$ParsedTimeDuration'.
2024-11-12 13:42:07,656 INFO  MethodCallReplacementClassAdapter - Adding mock interface to class org/apache/hadoop/conf/Configuration$ParsedTimeDuration
2024-11-12 13:42:07,656 INFO  CreateClassResetClassAdapter - Found static initializer in class org/apache/hadoop/conf/Configuration$ParsedTimeDuration
2024-11-12 13:42:07,656 INFO  EvoClassLoader - Keeping class: org.apache.hadoop.conf.Configuration$ParsedTimeDuration
2024-11-12 13:42:07,657 INFO  EvoClassLoader - Seeing class for first time: org.apache.hadoop.thirdparty.com.google.common.collect.Iterators$ConcatenatedIterator
2024-11-12 13:42:07,657 INFO  EvoClassLoader - Instrumenting class 'org.apache.hadoop.thirdparty.com.google.common.collect.Iterators$ConcatenatedIterator'.
2024-11-12 13:42:07,657 INFO  MethodCallReplacementClassAdapter - Adding mock interface to class org/apache/hadoop/thirdparty/com/google/common/collect/Iterators$ConcatenatedIterator
2024-11-12 13:42:07,657 INFO  CreateClassResetClassAdapter - Creating brand-new static initializer in class org/apache/hadoop/thirdparty/com/google/common/collect/Iterators$ConcatenatedIterator
2024-11-12 13:42:07,657 INFO  EvoClassLoader - Keeping class: org.apache.hadoop.thirdparty.com.google.common.collect.Iterators$ConcatenatedIterator
2024-11-12 13:42:07,657 INFO  EvoClassLoader - Seeing class for first time: org.apache.hadoop.thirdparty.com.google.common.collect.Iterators$PeekingImpl
2024-11-12 13:42:07,657 INFO  EvoClassLoader - Instrumenting class 'org.apache.hadoop.thirdparty.com.google.common.collect.Iterators$PeekingImpl'.
2024-11-12 13:42:07,657 INFO  MethodCallReplacementClassAdapter - Adding mock interface to class org/apache/hadoop/thirdparty/com/google/common/collect/Iterators$PeekingImpl
2024-11-12 13:42:07,657 INFO  CreateClassResetClassAdapter - Creating brand-new static initializer in class org/apache/hadoop/thirdparty/com/google/common/collect/Iterators$PeekingImpl
2024-11-12 13:42:07,658 INFO  EvoClassLoader - Keeping class: org.apache.hadoop.thirdparty.com.google.common.collect.Iterators$PeekingImpl
2024-11-12 13:42:07,658 INFO  EvoClassLoader - Seeing class for first time: org.apache.hadoop.thirdparty.protobuf.GeneratedMessageV3$ExtensionDescriptorRetriever
2024-11-12 13:42:07,658 INFO  EvoClassLoader - Instrumenting class 'org.apache.hadoop.thirdparty.protobuf.GeneratedMessageV3$ExtensionDescriptorRetriever'.
2024-11-12 13:42:07,658 INFO  EvoClassLoader - Keeping class: org.apache.hadoop.thirdparty.protobuf.GeneratedMessageV3$ExtensionDescriptorRetriever
2024-11-12 13:42:07,658 INFO  EvoClassLoader - Seeing class for first time: com.ctc.wstx.io.WstxInputLocation
2024-11-12 13:42:07,658 INFO  EvoClassLoader - Instrumenting class 'com.ctc.wstx.io.WstxInputLocation'.
2024-11-12 13:42:07,658 INFO  MethodCallReplacementClassAdapter - Adding mock interface to class com/ctc/wstx/io/WstxInputLocation
2024-11-12 13:42:07,658 INFO  CreateClassResetClassAdapter - Found static initializer in class com/ctc/wstx/io/WstxInputLocation
2024-11-12 13:42:07,659 INFO  EvoClassLoader - Keeping class: com.ctc.wstx.io.WstxInputLocation
2024-11-12 13:42:07,659 INFO  EvoClassLoader - Seeing class for first time: org.codehaus.stax2.validation.XMLValidationProblem
2024-11-12 13:42:07,659 INFO  EvoClassLoader - Instrumenting class 'org.codehaus.stax2.validation.XMLValidationProblem'.
2024-11-12 13:42:07,659 INFO  MethodCallReplacementClassAdapter - Adding mock interface to class org/codehaus/stax2/validation/XMLValidationProblem
2024-11-12 13:42:07,659 INFO  CreateClassResetClassAdapter - Creating brand-new static initializer in class org/codehaus/stax2/validation/XMLValidationProblem
2024-11-12 13:42:07,659 INFO  CreateClassResetClassAdapter - Adding bytecode for initializing field SEVERITY_WARNING
2024-11-12 13:42:07,659 INFO  CreateClassResetClassAdapter - Adding bytecode for initializing field SEVERITY_ERROR
2024-11-12 13:42:07,659 INFO  CreateClassResetClassAdapter - Adding bytecode for initializing field SEVERITY_FATAL
2024-11-12 13:42:07,659 INFO  EvoClassLoader - Keeping class: org.codehaus.stax2.validation.XMLValidationProblem
2024-11-12 13:42:07,660 INFO  EvoClassLoader - Seeing class for first time: com.ctc.wstx.sr.ElemCallback
2024-11-12 13:42:07,660 INFO  EvoClassLoader - Instrumenting class 'com.ctc.wstx.sr.ElemCallback'.
2024-11-12 13:42:07,660 INFO  MethodCallReplacementClassAdapter - Adding mock interface to class com/ctc/wstx/sr/ElemCallback
2024-11-12 13:42:07,660 INFO  CreateClassResetClassAdapter - Creating brand-new static initializer in class com/ctc/wstx/sr/ElemCallback
2024-11-12 13:42:07,660 INFO  EvoClassLoader - Keeping class: com.ctc.wstx.sr.ElemCallback
2024-11-12 13:42:07,660 INFO  EvoClassLoader - Seeing class for first time: org.codehaus.stax2.ri.typed.ValueDecoderFactory
2024-11-12 13:42:07,660 INFO  EvoClassLoader - Instrumenting class 'org.codehaus.stax2.ri.typed.ValueDecoderFactory'.
2024-11-12 13:42:07,661 INFO  MethodCallReplacementClassAdapter - Adding mock interface to class org/codehaus/stax2/ri/typed/ValueDecoderFactory
2024-11-12 13:42:07,661 INFO  CreateClassResetClassAdapter - Creating brand-new static initializer in class org/codehaus/stax2/ri/typed/ValueDecoderFactory
2024-11-12 13:42:07,661 INFO  EvoClassLoader - Keeping class: org.codehaus.stax2.ri.typed.ValueDecoderFactory
2024-11-12 13:42:07,661 INFO  EvoClassLoader - Seeing class for first time: org.codehaus.stax2.ri.typed.CharArrayBase64Decoder
2024-11-12 13:42:07,661 INFO  EvoClassLoader - Instrumenting class 'org.codehaus.stax2.ri.typed.CharArrayBase64Decoder'.
2024-11-12 13:42:07,661 INFO  MethodCallReplacementClassAdapter - Adding mock interface to class org/codehaus/stax2/ri/typed/CharArrayBase64Decoder
2024-11-12 13:42:07,663 INFO  CreateClassResetClassAdapter - Creating brand-new static initializer in class org/codehaus/stax2/ri/typed/CharArrayBase64Decoder
2024-11-12 13:42:07,663 INFO  EvoClassLoader - Seeing class for first time: org.codehaus.stax2.ri.typed.Base64DecoderBase
2024-11-12 13:42:07,663 INFO  EvoClassLoader - Instrumenting class 'org.codehaus.stax2.ri.typed.Base64DecoderBase'.
2024-11-12 13:42:07,663 INFO  MethodCallReplacementClassAdapter - Adding mock interface to class org/codehaus/stax2/ri/typed/Base64DecoderBase
2024-11-12 13:42:07,664 INFO  CreateClassResetClassAdapter - Creating brand-new static initializer in class org/codehaus/stax2/ri/typed/Base64DecoderBase
2024-11-12 13:42:07,664 INFO  CreateClassResetClassAdapter - Adding bytecode for initializing field STATE_INITIAL
2024-11-12 13:42:07,664 INFO  CreateClassResetClassAdapter - Adding bytecode for initializing field STATE_VALID_1
2024-11-12 13:42:07,664 INFO  CreateClassResetClassAdapter - Adding bytecode for initializing field STATE_VALID_2
2024-11-12 13:42:07,664 INFO  CreateClassResetClassAdapter - Adding bytecode for initializing field STATE_VALID_3
2024-11-12 13:42:07,664 INFO  CreateClassResetClassAdapter - Adding bytecode for initializing field STATE_OUTPUT_3
2024-11-12 13:42:07,664 INFO  CreateClassResetClassAdapter - Adding bytecode for initializing field STATE_OUTPUT_2
2024-11-12 13:42:07,664 INFO  CreateClassResetClassAdapter - Adding bytecode for initializing field STATE_OUTPUT_1
2024-11-12 13:42:07,664 INFO  CreateClassResetClassAdapter - Adding bytecode for initializing field STATE_VALID_2_AND_PADDING
2024-11-12 13:42:07,664 INFO  CreateClassResetClassAdapter - Adding bytecode for initializing field INT_SPACE
2024-11-12 13:42:07,664 INFO  EvoClassLoader - Keeping class: org.codehaus.stax2.ri.typed.Base64DecoderBase
2024-11-12 13:42:07,664 INFO  EvoClassLoader - Keeping class: org.codehaus.stax2.ri.typed.CharArrayBase64Decoder
2024-11-12 13:42:07,665 INFO  EvoClassLoader - Seeing class for first time: com.ctc.wstx.sw.XmlWriter
2024-11-12 13:42:07,665 INFO  EvoClassLoader - Instrumenting class 'com.ctc.wstx.sw.XmlWriter'.
2024-11-12 13:42:07,665 INFO  MethodCallReplacementClassAdapter - Adding mock interface to class com/ctc/wstx/sw/XmlWriter
2024-11-12 13:42:07,665 INFO  CreateClassResetClassAdapter - Creating brand-new static initializer in class com/ctc/wstx/sw/XmlWriter
2024-11-12 13:42:07,665 INFO  CreateClassResetClassAdapter - Adding bytecode for initializing field SURR1_FIRST
2024-11-12 13:42:07,665 INFO  CreateClassResetClassAdapter - Adding bytecode for initializing field SURR1_LAST
2024-11-12 13:42:07,665 INFO  CreateClassResetClassAdapter - Adding bytecode for initializing field SURR2_FIRST
2024-11-12 13:42:07,665 INFO  CreateClassResetClassAdapter - Adding bytecode for initializing field SURR2_LAST
2024-11-12 13:42:07,665 INFO  CreateClassResetClassAdapter - Adding bytecode for initializing field DEFAULT_QUOTE_CHAR
2024-11-12 13:42:07,665 INFO  EvoClassLoader - Defined package (3): package com.ctc.wstx.sw, 1195124713
2024-11-12 13:42:07,666 INFO  EvoClassLoader - Keeping class: com.ctc.wstx.sw.XmlWriter
2024-11-12 13:42:07,666 INFO  EvoClassLoader - Seeing class for first time: com.ctc.wstx.sr.Attribute
2024-11-12 13:42:07,666 INFO  EvoClassLoader - Instrumenting class 'com.ctc.wstx.sr.Attribute'.
2024-11-12 13:42:07,666 INFO  MethodCallReplacementClassAdapter - Adding mock interface to class com/ctc/wstx/sr/Attribute
2024-11-12 13:42:07,666 INFO  CreateClassResetClassAdapter - Creating brand-new static initializer in class com/ctc/wstx/sr/Attribute
2024-11-12 13:42:07,666 INFO  EvoClassLoader - Keeping class: com.ctc.wstx.sr.Attribute
2024-11-12 13:42:07,666 INFO  EvoClassLoader - Seeing class for first time: com.ctc.wstx.sr.ElemAttrs
2024-11-12 13:42:07,666 INFO  EvoClassLoader - Instrumenting class 'com.ctc.wstx.sr.ElemAttrs'.
2024-11-12 13:42:07,666 INFO  MethodCallReplacementClassAdapter - Adding mock interface to class com/ctc/wstx/sr/ElemAttrs
2024-11-12 13:42:07,666 INFO  CreateClassResetClassAdapter - Creating brand-new static initializer in class com/ctc/wstx/sr/ElemAttrs
2024-11-12 13:42:07,666 INFO  CreateClassResetClassAdapter - Adding bytecode for initializing field OFFSET_NS_URI
2024-11-12 13:42:07,666 INFO  EvoClassLoader - Keeping class: com.ctc.wstx.sr.ElemAttrs
2024-11-12 13:42:07,667 INFO  EvoClassLoader - Seeing class for first time: org.apache.hadoop.thirdparty.com.google.common.collect.Interners$InternerFunction
2024-11-12 13:42:07,667 INFO  EvoClassLoader - Instrumenting class 'org.apache.hadoop.thirdparty.com.google.common.collect.Interners$InternerFunction'.
2024-11-12 13:42:07,667 INFO  MethodCallReplacementClassAdapter - Adding mock interface to class org/apache/hadoop/thirdparty/com/google/common/collect/Interners$InternerFunction
2024-11-12 13:42:07,667 INFO  CreateClassResetClassAdapter - Creating brand-new static initializer in class org/apache/hadoop/thirdparty/com/google/common/collect/Interners$InternerFunction
2024-11-12 13:42:07,667 INFO  EvoClassLoader - Keeping class: org.apache.hadoop.thirdparty.com.google.common.collect.Interners$InternerFunction
2024-11-12 13:42:07,667 INFO  EvoClassLoader - Seeing class for first time: org.apache.hadoop.thirdparty.com.google.common.base.Equivalence$Wrapper
2024-11-12 13:42:07,667 INFO  EvoClassLoader - Instrumenting class 'org.apache.hadoop.thirdparty.com.google.common.base.Equivalence$Wrapper'.
2024-11-12 13:42:07,667 INFO  MethodCallReplacementClassAdapter - Adding mock interface to class org/apache/hadoop/thirdparty/com/google/common/base/Equivalence$Wrapper
2024-11-12 13:42:07,667 INFO  CreateClassResetClassAdapter - Creating brand-new static initializer in class org/apache/hadoop/thirdparty/com/google/common/base/Equivalence$Wrapper
2024-11-12 13:42:07,668 INFO  EvoClassLoader - Keeping class: org.apache.hadoop.thirdparty.com.google.common.base.Equivalence$Wrapper
2024-11-12 13:42:07,668 INFO  EvoClassLoader - Seeing class for first time: org.apache.hadoop.thirdparty.com.google.common.collect.MapMakerInternalMap$SerializationProxy
2024-11-12 13:42:07,668 INFO  EvoClassLoader - Instrumenting class 'org.apache.hadoop.thirdparty.com.google.common.collect.MapMakerInternalMap$SerializationProxy'.
2024-11-12 13:42:07,668 INFO  MethodCallReplacementClassAdapter - Adding mock interface to class org/apache/hadoop/thirdparty/com/google/common/collect/MapMakerInternalMap$SerializationProxy
2024-11-12 13:42:07,668 INFO  CreateClassResetClassAdapter - Creating brand-new static initializer in class org/apache/hadoop/thirdparty/com/google/common/collect/MapMakerInternalMap$SerializationProxy
2024-11-12 13:42:07,668 INFO  EvoClassLoader - Seeing class for first time: org.apache.hadoop.thirdparty.com.google.common.collect.MapMakerInternalMap$AbstractSerializationProxy
2024-11-12 13:42:07,668 INFO  EvoClassLoader - Instrumenting class 'org.apache.hadoop.thirdparty.com.google.common.collect.MapMakerInternalMap$AbstractSerializationProxy'.
2024-11-12 13:42:07,668 INFO  MethodCallReplacementClassAdapter - Adding mock interface to class org/apache/hadoop/thirdparty/com/google/common/collect/MapMakerInternalMap$AbstractSerializationProxy
2024-11-12 13:42:07,668 INFO  CreateClassResetClassAdapter - Creating brand-new static initializer in class org/apache/hadoop/thirdparty/com/google/common/collect/MapMakerInternalMap$AbstractSerializationProxy
2024-11-12 13:42:07,668 INFO  EvoClassLoader - Seeing class for first time: org.apache.hadoop.thirdparty.com.google.common.collect.ForwardingConcurrentMap
2024-11-12 13:42:07,668 INFO  EvoClassLoader - Instrumenting class 'org.apache.hadoop.thirdparty.com.google.common.collect.ForwardingConcurrentMap'.
2024-11-12 13:42:07,669 INFO  MethodCallReplacementClassAdapter - Adding mock interface to class org/apache/hadoop/thirdparty/com/google/common/collect/ForwardingConcurrentMap
2024-11-12 13:42:07,669 INFO  CreateClassResetClassAdapter - Creating brand-new static initializer in class org/apache/hadoop/thirdparty/com/google/common/collect/ForwardingConcurrentMap
2024-11-12 13:42:07,669 INFO  EvoClassLoader - Seeing class for first time: org.apache.hadoop.thirdparty.com.google.common.collect.ForwardingMap
2024-11-12 13:42:07,669 INFO  EvoClassLoader - Instrumenting class 'org.apache.hadoop.thirdparty.com.google.common.collect.ForwardingMap'.
2024-11-12 13:42:07,669 INFO  MethodCallReplacementClassAdapter - Adding mock interface to class org/apache/hadoop/thirdparty/com/google/common/collect/ForwardingMap
2024-11-12 13:42:07,669 INFO  CreateClassResetClassAdapter - Creating brand-new static initializer in class org/apache/hadoop/thirdparty/com/google/common/collect/ForwardingMap
2024-11-12 13:42:07,669 INFO  EvoClassLoader - Seeing class for first time: org.apache.hadoop.thirdparty.com.google.common.collect.ForwardingObject
2024-11-12 13:42:07,669 INFO  EvoClassLoader - Instrumenting class 'org.apache.hadoop.thirdparty.com.google.common.collect.ForwardingObject'.
2024-11-12 13:42:07,669 INFO  MethodCallReplacementClassAdapter - Adding mock interface to class org/apache/hadoop/thirdparty/com/google/common/collect/ForwardingObject
2024-11-12 13:42:07,669 INFO  CreateClassResetClassAdapter - Creating brand-new static initializer in class org/apache/hadoop/thirdparty/com/google/common/collect/ForwardingObject
2024-11-12 13:42:07,669 INFO  EvoClassLoader - Keeping class: org.apache.hadoop.thirdparty.com.google.common.collect.ForwardingObject
2024-11-12 13:42:07,669 INFO  EvoClassLoader - Keeping class: org.apache.hadoop.thirdparty.com.google.common.collect.ForwardingMap
2024-11-12 13:42:07,669 INFO  EvoClassLoader - Keeping class: org.apache.hadoop.thirdparty.com.google.common.collect.ForwardingConcurrentMap
2024-11-12 13:42:07,669 INFO  EvoClassLoader - Keeping class: org.apache.hadoop.thirdparty.com.google.common.collect.MapMakerInternalMap$AbstractSerializationProxy
2024-11-12 13:42:07,669 INFO  EvoClassLoader - Keeping class: org.apache.hadoop.thirdparty.com.google.common.collect.MapMakerInternalMap$SerializationProxy
2024-11-12 13:42:07,669 INFO  EvoClassLoader - Seeing class for first time: org.apache.hadoop.thirdparty.com.google.common.collect.MapMakerInternalMap$SafeToArraySet
2024-11-12 13:42:07,669 INFO  EvoClassLoader - Instrumenting class 'org.apache.hadoop.thirdparty.com.google.common.collect.MapMakerInternalMap$SafeToArraySet'.
2024-11-12 13:42:07,670 INFO  MethodCallReplacementClassAdapter - Adding mock interface to class org/apache/hadoop/thirdparty/com/google/common/collect/MapMakerInternalMap$SafeToArraySet
2024-11-12 13:42:07,670 INFO  CreateClassResetClassAdapter - Creating brand-new static initializer in class org/apache/hadoop/thirdparty/com/google/common/collect/MapMakerInternalMap$SafeToArraySet
2024-11-12 13:42:07,670 INFO  EvoClassLoader - Keeping class: org.apache.hadoop.thirdparty.com.google.common.collect.MapMakerInternalMap$SafeToArraySet
2024-11-12 13:42:07,670 INFO  EvoClassLoader - Seeing class for first time: org.apache.hadoop.thirdparty.com.google.common.collect.MapMakerInternalMap$EntrySet
2024-11-12 13:42:07,670 INFO  EvoClassLoader - Instrumenting class 'org.apache.hadoop.thirdparty.com.google.common.collect.MapMakerInternalMap$EntrySet'.
2024-11-12 13:42:07,670 INFO  MethodCallReplacementClassAdapter - Adding mock interface to class org/apache/hadoop/thirdparty/com/google/common/collect/MapMakerInternalMap$EntrySet
2024-11-12 13:42:07,670 INFO  CreateClassResetClassAdapter - Creating brand-new static initializer in class org/apache/hadoop/thirdparty/com/google/common/collect/MapMakerInternalMap$EntrySet
2024-11-12 13:42:07,670 INFO  EvoClassLoader - Keeping class: org.apache.hadoop.thirdparty.com.google.common.collect.MapMakerInternalMap$EntrySet
2024-11-12 13:42:07,670 INFO  EvoClassLoader - Seeing class for first time: org.apache.hadoop.thirdparty.com.google.common.collect.MapMakerInternalMap$Values
2024-11-12 13:42:07,670 INFO  EvoClassLoader - Instrumenting class 'org.apache.hadoop.thirdparty.com.google.common.collect.MapMakerInternalMap$Values'.
2024-11-12 13:42:07,670 INFO  MethodCallReplacementClassAdapter - Adding mock interface to class org/apache/hadoop/thirdparty/com/google/common/collect/MapMakerInternalMap$Values
2024-11-12 13:42:07,670 INFO  CreateClassResetClassAdapter - Creating brand-new static initializer in class org/apache/hadoop/thirdparty/com/google/common/collect/MapMakerInternalMap$Values
2024-11-12 13:42:07,670 INFO  EvoClassLoader - Keeping class: org.apache.hadoop.thirdparty.com.google.common.collect.MapMakerInternalMap$Values
2024-11-12 13:42:07,670 INFO  EvoClassLoader - Seeing class for first time: org.apache.hadoop.thirdparty.com.google.common.collect.MapMakerInternalMap$KeySet
2024-11-12 13:42:07,670 INFO  EvoClassLoader - Instrumenting class 'org.apache.hadoop.thirdparty.com.google.common.collect.MapMakerInternalMap$KeySet'.
2024-11-12 13:42:07,670 INFO  MethodCallReplacementClassAdapter - Adding mock interface to class org/apache/hadoop/thirdparty/com/google/common/collect/MapMakerInternalMap$KeySet
2024-11-12 13:42:07,670 INFO  CreateClassResetClassAdapter - Creating brand-new static initializer in class org/apache/hadoop/thirdparty/com/google/common/collect/MapMakerInternalMap$KeySet
2024-11-12 13:42:07,671 INFO  EvoClassLoader - Keeping class: org.apache.hadoop.thirdparty.com.google.common.collect.MapMakerInternalMap$KeySet
2024-11-12 13:42:07,671 INFO  EvoClassLoader - Seeing class for first time: org.apache.hadoop.thirdparty.com.google.common.collect.MapMakerInternalMap$EntryIterator
2024-11-12 13:42:07,671 INFO  EvoClassLoader - Instrumenting class 'org.apache.hadoop.thirdparty.com.google.common.collect.MapMakerInternalMap$EntryIterator'.
2024-11-12 13:42:07,671 INFO  MethodCallReplacementClassAdapter - Adding mock interface to class org/apache/hadoop/thirdparty/com/google/common/collect/MapMakerInternalMap$EntryIterator
2024-11-12 13:42:07,671 INFO  CreateClassResetClassAdapter - Creating brand-new static initializer in class org/apache/hadoop/thirdparty/com/google/common/collect/MapMakerInternalMap$EntryIterator
2024-11-12 13:42:07,671 INFO  EvoClassLoader - Seeing class for first time: org.apache.hadoop.thirdparty.com.google.common.collect.MapMakerInternalMap$HashIterator
2024-11-12 13:42:07,671 INFO  EvoClassLoader - Instrumenting class 'org.apache.hadoop.thirdparty.com.google.common.collect.MapMakerInternalMap$HashIterator'.
2024-11-12 13:42:07,671 INFO  MethodCallReplacementClassAdapter - Adding mock interface to class org/apache/hadoop/thirdparty/com/google/common/collect/MapMakerInternalMap$HashIterator
2024-11-12 13:42:07,671 INFO  CreateClassResetClassAdapter - Creating brand-new static initializer in class org/apache/hadoop/thirdparty/com/google/common/collect/MapMakerInternalMap$HashIterator
2024-11-12 13:42:07,671 INFO  EvoClassLoader - Keeping class: org.apache.hadoop.thirdparty.com.google.common.collect.MapMakerInternalMap$HashIterator
2024-11-12 13:42:07,671 INFO  EvoClassLoader - Keeping class: org.apache.hadoop.thirdparty.com.google.common.collect.MapMakerInternalMap$EntryIterator
2024-11-12 13:42:07,671 INFO  EvoClassLoader - Seeing class for first time: org.apache.hadoop.thirdparty.com.google.common.collect.MapMakerInternalMap$WriteThroughEntry
2024-11-12 13:42:07,671 INFO  EvoClassLoader - Instrumenting class 'org.apache.hadoop.thirdparty.com.google.common.collect.MapMakerInternalMap$WriteThroughEntry'.
2024-11-12 13:42:07,672 INFO  MethodCallReplacementClassAdapter - Adding mock interface to class org/apache/hadoop/thirdparty/com/google/common/collect/MapMakerInternalMap$WriteThroughEntry
2024-11-12 13:42:07,672 INFO  CreateClassResetClassAdapter - Creating brand-new static initializer in class org/apache/hadoop/thirdparty/com/google/common/collect/MapMakerInternalMap$WriteThroughEntry
2024-11-12 13:42:07,672 INFO  EvoClassLoader - Seeing class for first time: org.apache.hadoop.thirdparty.com.google.common.collect.AbstractMapEntry
2024-11-12 13:42:07,672 INFO  EvoClassLoader - Instrumenting class 'org.apache.hadoop.thirdparty.com.google.common.collect.AbstractMapEntry'.
2024-11-12 13:42:07,672 INFO  MethodCallReplacementClassAdapter - Adding mock interface to class org/apache/hadoop/thirdparty/com/google/common/collect/AbstractMapEntry
2024-11-12 13:42:07,672 INFO  CreateClassResetClassAdapter - Creating brand-new static initializer in class org/apache/hadoop/thirdparty/com/google/common/collect/AbstractMapEntry
2024-11-12 13:42:07,672 INFO  EvoClassLoader - Keeping class: org.apache.hadoop.thirdparty.com.google.common.collect.AbstractMapEntry
2024-11-12 13:42:07,672 INFO  EvoClassLoader - Keeping class: org.apache.hadoop.thirdparty.com.google.common.collect.MapMakerInternalMap$WriteThroughEntry
2024-11-12 13:42:07,672 INFO  EvoClassLoader - Seeing class for first time: org.apache.hadoop.thirdparty.com.google.common.collect.MapMakerInternalMap$ValueIterator
2024-11-12 13:42:07,672 INFO  EvoClassLoader - Instrumenting class 'org.apache.hadoop.thirdparty.com.google.common.collect.MapMakerInternalMap$ValueIterator'.
2024-11-12 13:42:07,672 INFO  MethodCallReplacementClassAdapter - Adding mock interface to class org/apache/hadoop/thirdparty/com/google/common/collect/MapMakerInternalMap$ValueIterator
2024-11-12 13:42:07,672 INFO  CreateClassResetClassAdapter - Creating brand-new static initializer in class org/apache/hadoop/thirdparty/com/google/common/collect/MapMakerInternalMap$ValueIterator
2024-11-12 13:42:07,672 INFO  EvoClassLoader - Keeping class: org.apache.hadoop.thirdparty.com.google.common.collect.MapMakerInternalMap$ValueIterator
2024-11-12 13:42:07,672 INFO  EvoClassLoader - Seeing class for first time: org.apache.hadoop.thirdparty.com.google.common.collect.MapMakerInternalMap$KeyIterator
2024-11-12 13:42:07,672 INFO  EvoClassLoader - Instrumenting class 'org.apache.hadoop.thirdparty.com.google.common.collect.MapMakerInternalMap$KeyIterator'.
2024-11-12 13:42:07,672 INFO  MethodCallReplacementClassAdapter - Adding mock interface to class org/apache/hadoop/thirdparty/com/google/common/collect/MapMakerInternalMap$KeyIterator
2024-11-12 13:42:07,672 INFO  CreateClassResetClassAdapter - Creating brand-new static initializer in class org/apache/hadoop/thirdparty/com/google/common/collect/MapMakerInternalMap$KeyIterator
2024-11-12 13:42:07,672 INFO  EvoClassLoader - Keeping class: org.apache.hadoop.thirdparty.com.google.common.collect.MapMakerInternalMap$KeyIterator
2024-11-12 13:42:07,672 INFO  EvoClassLoader - Seeing class for first time: org.apache.hadoop.thirdparty.com.google.common.collect.MapMakerInternalMap$CleanupMapTask
2024-11-12 13:42:07,672 INFO  EvoClassLoader - Instrumenting class 'org.apache.hadoop.thirdparty.com.google.common.collect.MapMakerInternalMap$CleanupMapTask'.
2024-11-12 13:42:07,673 INFO  MethodCallReplacementClassAdapter - Adding mock interface to class org/apache/hadoop/thirdparty/com/google/common/collect/MapMakerInternalMap$CleanupMapTask
2024-11-12 13:42:07,673 INFO  CreateClassResetClassAdapter - Creating brand-new static initializer in class org/apache/hadoop/thirdparty/com/google/common/collect/MapMakerInternalMap$CleanupMapTask
2024-11-12 13:42:07,673 INFO  EvoClassLoader - Keeping class: org.apache.hadoop.thirdparty.com.google.common.collect.MapMakerInternalMap$CleanupMapTask
2024-11-12 13:42:07,673 INFO  EvoClassLoader - Seeing class for first time: org.apache.hadoop.thirdparty.com.google.common.collect.MapMakerInternalMap$WeakKeyDummyValueSegment
2024-11-12 13:42:07,673 INFO  EvoClassLoader - Instrumenting class 'org.apache.hadoop.thirdparty.com.google.common.collect.MapMakerInternalMap$WeakKeyDummyValueSegment'.
2024-11-12 13:42:07,673 INFO  MethodCallReplacementClassAdapter - Adding mock interface to class org/apache/hadoop/thirdparty/com/google/common/collect/MapMakerInternalMap$WeakKeyDummyValueSegment
2024-11-12 13:42:07,673 INFO  CreateClassResetClassAdapter - Creating brand-new static initializer in class org/apache/hadoop/thirdparty/com/google/common/collect/MapMakerInternalMap$WeakKeyDummyValueSegment
2024-11-12 13:42:07,673 INFO  EvoClassLoader - Keeping class: org.apache.hadoop.thirdparty.com.google.common.collect.MapMakerInternalMap$WeakKeyDummyValueSegment
2024-11-12 13:42:07,673 INFO  EvoClassLoader - Seeing class for first time: org.apache.hadoop.thirdparty.com.google.common.collect.MapMakerInternalMap$WeakKeyWeakValueSegment
2024-11-12 13:42:07,673 INFO  EvoClassLoader - Instrumenting class 'org.apache.hadoop.thirdparty.com.google.common.collect.MapMakerInternalMap$WeakKeyWeakValueSegment'.
2024-11-12 13:42:07,673 INFO  MethodCallReplacementClassAdapter - Adding mock interface to class org/apache/hadoop/thirdparty/com/google/common/collect/MapMakerInternalMap$WeakKeyWeakValueSegment
2024-11-12 13:42:07,673 INFO  CreateClassResetClassAdapter - Creating brand-new static initializer in class org/apache/hadoop/thirdparty/com/google/common/collect/MapMakerInternalMap$WeakKeyWeakValueSegment
2024-11-12 13:42:07,674 INFO  EvoClassLoader - Keeping class: org.apache.hadoop.thirdparty.com.google.common.collect.MapMakerInternalMap$WeakKeyWeakValueSegment
2024-11-12 13:42:07,674 INFO  EvoClassLoader - Seeing class for first time: org.apache.hadoop.thirdparty.com.google.common.collect.MapMakerInternalMap$WeakKeyStrongValueSegment
2024-11-12 13:42:07,674 INFO  EvoClassLoader - Instrumenting class 'org.apache.hadoop.thirdparty.com.google.common.collect.MapMakerInternalMap$WeakKeyStrongValueSegment'.
2024-11-12 13:42:07,674 INFO  MethodCallReplacementClassAdapter - Adding mock interface to class org/apache/hadoop/thirdparty/com/google/common/collect/MapMakerInternalMap$WeakKeyStrongValueSegment
2024-11-12 13:42:07,674 INFO  CreateClassResetClassAdapter - Creating brand-new static initializer in class org/apache/hadoop/thirdparty/com/google/common/collect/MapMakerInternalMap$WeakKeyStrongValueSegment
2024-11-12 13:42:07,674 INFO  EvoClassLoader - Keeping class: org.apache.hadoop.thirdparty.com.google.common.collect.MapMakerInternalMap$WeakKeyStrongValueSegment
2024-11-12 13:42:07,674 INFO  EvoClassLoader - Seeing class for first time: org.apache.hadoop.thirdparty.com.google.common.collect.MapMakerInternalMap$StrongKeyWeakValueSegment
2024-11-12 13:42:07,674 INFO  EvoClassLoader - Instrumenting class 'org.apache.hadoop.thirdparty.com.google.common.collect.MapMakerInternalMap$StrongKeyWeakValueSegment'.
2024-11-12 13:42:07,674 INFO  MethodCallReplacementClassAdapter - Adding mock interface to class org/apache/hadoop/thirdparty/com/google/common/collect/MapMakerInternalMap$StrongKeyWeakValueSegment
2024-11-12 13:42:07,674 INFO  CreateClassResetClassAdapter - Creating brand-new static initializer in class org/apache/hadoop/thirdparty/com/google/common/collect/MapMakerInternalMap$StrongKeyWeakValueSegment
2024-11-12 13:42:07,674 INFO  EvoClassLoader - Keeping class: org.apache.hadoop.thirdparty.com.google.common.collect.MapMakerInternalMap$StrongKeyWeakValueSegment
2024-11-12 13:42:07,674 INFO  EvoClassLoader - Seeing class for first time: org.apache.hadoop.thirdparty.com.google.common.collect.MapMakerInternalMap$StrongKeyStrongValueSegment
2024-11-12 13:42:07,674 INFO  EvoClassLoader - Instrumenting class 'org.apache.hadoop.thirdparty.com.google.common.collect.MapMakerInternalMap$StrongKeyStrongValueSegment'.
2024-11-12 13:42:07,674 INFO  MethodCallReplacementClassAdapter - Adding mock interface to class org/apache/hadoop/thirdparty/com/google/common/collect/MapMakerInternalMap$StrongKeyStrongValueSegment
2024-11-12 13:42:07,674 INFO  CreateClassResetClassAdapter - Creating brand-new static initializer in class org/apache/hadoop/thirdparty/com/google/common/collect/MapMakerInternalMap$StrongKeyStrongValueSegment
2024-11-12 13:42:07,675 INFO  EvoClassLoader - Keeping class: org.apache.hadoop.thirdparty.com.google.common.collect.MapMakerInternalMap$StrongKeyStrongValueSegment
2024-11-12 13:42:07,675 INFO  EvoClassLoader - Seeing class for first time: org.apache.hadoop.thirdparty.com.google.common.collect.MapMakerInternalMap$WeakValueReferenceImpl
2024-11-12 13:42:07,675 INFO  EvoClassLoader - Instrumenting class 'org.apache.hadoop.thirdparty.com.google.common.collect.MapMakerInternalMap$WeakValueReferenceImpl'.
2024-11-12 13:42:07,675 INFO  MethodCallReplacementClassAdapter - Adding mock interface to class org/apache/hadoop/thirdparty/com/google/common/collect/MapMakerInternalMap$WeakValueReferenceImpl
2024-11-12 13:42:07,675 INFO  CreateClassResetClassAdapter - Creating brand-new static initializer in class org/apache/hadoop/thirdparty/com/google/common/collect/MapMakerInternalMap$WeakValueReferenceImpl
2024-11-12 13:42:07,675 INFO  EvoClassLoader - Keeping class: org.apache.hadoop.thirdparty.com.google.common.collect.MapMakerInternalMap$WeakValueReferenceImpl
2024-11-12 13:42:07,675 INFO  EvoClassLoader - Seeing class for first time: org.apache.hadoop.thirdparty.com.google.common.collect.MapMakerInternalMap$DummyInternalEntry
2024-11-12 13:42:07,675 INFO  EvoClassLoader - Instrumenting class 'org.apache.hadoop.thirdparty.com.google.common.collect.MapMakerInternalMap$DummyInternalEntry'.
2024-11-12 13:42:07,675 INFO  MethodCallReplacementClassAdapter - Adding mock interface to class org/apache/hadoop/thirdparty/com/google/common/collect/MapMakerInternalMap$DummyInternalEntry
2024-11-12 13:42:07,675 INFO  CreateClassResetClassAdapter - Creating brand-new static initializer in class org/apache/hadoop/thirdparty/com/google/common/collect/MapMakerInternalMap$DummyInternalEntry
2024-11-12 13:42:07,675 INFO  EvoClassLoader - Keeping class: org.apache.hadoop.thirdparty.com.google.common.collect.MapMakerInternalMap$DummyInternalEntry
2024-11-12 13:42:07,675 INFO  EvoClassLoader - Seeing class for first time: org.apache.hadoop.thirdparty.com.google.common.collect.MapMakerInternalMap$WeakKeyWeakValueEntry
2024-11-12 13:42:07,675 INFO  EvoClassLoader - Instrumenting class 'org.apache.hadoop.thirdparty.com.google.common.collect.MapMakerInternalMap$WeakKeyWeakValueEntry'.
2024-11-12 13:42:07,675 INFO  MethodCallReplacementClassAdapter - Adding mock interface to class org/apache/hadoop/thirdparty/com/google/common/collect/MapMakerInternalMap$WeakKeyWeakValueEntry
2024-11-12 13:42:07,675 INFO  CreateClassResetClassAdapter - Creating brand-new static initializer in class org/apache/hadoop/thirdparty/com/google/common/collect/MapMakerInternalMap$WeakKeyWeakValueEntry
2024-11-12 13:42:07,675 INFO  EvoClassLoader - Seeing class for first time: org.apache.hadoop.thirdparty.com.google.common.collect.MapMakerInternalMap$WeakValueEntry
2024-11-12 13:42:07,675 INFO  EvoClassLoader - Instrumenting class 'org.apache.hadoop.thirdparty.com.google.common.collect.MapMakerInternalMap$WeakValueEntry'.
2024-11-12 13:42:07,676 INFO  EvoClassLoader - Keeping class: org.apache.hadoop.thirdparty.com.google.common.collect.MapMakerInternalMap$WeakValueEntry
2024-11-12 13:42:07,676 INFO  EvoClassLoader - Seeing class for first time: org.apache.hadoop.thirdparty.com.google.common.collect.MapMakerInternalMap$AbstractWeakKeyEntry
2024-11-12 13:42:07,676 INFO  EvoClassLoader - Instrumenting class 'org.apache.hadoop.thirdparty.com.google.common.collect.MapMakerInternalMap$AbstractWeakKeyEntry'.
2024-11-12 13:42:07,676 INFO  MethodCallReplacementClassAdapter - Adding mock interface to class org/apache/hadoop/thirdparty/com/google/common/collect/MapMakerInternalMap$AbstractWeakKeyEntry
2024-11-12 13:42:07,676 INFO  CreateClassResetClassAdapter - Creating brand-new static initializer in class org/apache/hadoop/thirdparty/com/google/common/collect/MapMakerInternalMap$AbstractWeakKeyEntry
2024-11-12 13:42:07,676 INFO  EvoClassLoader - Keeping class: org.apache.hadoop.thirdparty.com.google.common.collect.MapMakerInternalMap$AbstractWeakKeyEntry
2024-11-12 13:42:07,676 INFO  EvoClassLoader - Keeping class: org.apache.hadoop.thirdparty.com.google.common.collect.MapMakerInternalMap$WeakKeyWeakValueEntry
2024-11-12 13:42:07,676 INFO  EvoClassLoader - Seeing class for first time: org.apache.hadoop.thirdparty.com.google.common.collect.MapMakerInternalMap$WeakKeyStrongValueEntry
2024-11-12 13:42:07,676 INFO  EvoClassLoader - Instrumenting class 'org.apache.hadoop.thirdparty.com.google.common.collect.MapMakerInternalMap$WeakKeyStrongValueEntry'.
2024-11-12 13:42:07,676 INFO  MethodCallReplacementClassAdapter - Adding mock interface to class org/apache/hadoop/thirdparty/com/google/common/collect/MapMakerInternalMap$WeakKeyStrongValueEntry
2024-11-12 13:42:07,676 INFO  CreateClassResetClassAdapter - Creating brand-new static initializer in class org/apache/hadoop/thirdparty/com/google/common/collect/MapMakerInternalMap$WeakKeyStrongValueEntry
2024-11-12 13:42:07,676 INFO  EvoClassLoader - Seeing class for first time: org.apache.hadoop.thirdparty.com.google.common.collect.MapMakerInternalMap$StrongValueEntry
2024-11-12 13:42:07,676 INFO  EvoClassLoader - Instrumenting class 'org.apache.hadoop.thirdparty.com.google.common.collect.MapMakerInternalMap$StrongValueEntry'.
2024-11-12 13:42:07,676 INFO  EvoClassLoader - Keeping class: org.apache.hadoop.thirdparty.com.google.common.collect.MapMakerInternalMap$StrongValueEntry
2024-11-12 13:42:07,676 INFO  EvoClassLoader - Keeping class: org.apache.hadoop.thirdparty.com.google.common.collect.MapMakerInternalMap$WeakKeyStrongValueEntry
2024-11-12 13:42:07,676 INFO  EvoClassLoader - Seeing class for first time: org.apache.hadoop.thirdparty.com.google.common.collect.MapMakerInternalMap$WeakKeyDummyValueEntry
2024-11-12 13:42:07,676 INFO  EvoClassLoader - Instrumenting class 'org.apache.hadoop.thirdparty.com.google.common.collect.MapMakerInternalMap$WeakKeyDummyValueEntry'.
2024-11-12 13:42:07,677 INFO  MethodCallReplacementClassAdapter - Adding mock interface to class org/apache/hadoop/thirdparty/com/google/common/collect/MapMakerInternalMap$WeakKeyDummyValueEntry
2024-11-12 13:42:07,677 INFO  CreateClassResetClassAdapter - Creating brand-new static initializer in class org/apache/hadoop/thirdparty/com/google/common/collect/MapMakerInternalMap$WeakKeyDummyValueEntry
2024-11-12 13:42:07,677 INFO  EvoClassLoader - Keeping class: org.apache.hadoop.thirdparty.com.google.common.collect.MapMakerInternalMap$WeakKeyDummyValueEntry
2024-11-12 13:42:07,677 INFO  EvoClassLoader - Seeing class for first time: org.apache.hadoop.thirdparty.com.google.common.collect.MapMakerInternalMap$StrongKeyDummyValueEntry
2024-11-12 13:42:07,677 INFO  EvoClassLoader - Instrumenting class 'org.apache.hadoop.thirdparty.com.google.common.collect.MapMakerInternalMap$StrongKeyDummyValueEntry'.
2024-11-12 13:42:07,677 INFO  MethodCallReplacementClassAdapter - Adding mock interface to class org/apache/hadoop/thirdparty/com/google/common/collect/MapMakerInternalMap$StrongKeyDummyValueEntry
2024-11-12 13:42:07,677 INFO  CreateClassResetClassAdapter - Creating brand-new static initializer in class org/apache/hadoop/thirdparty/com/google/common/collect/MapMakerInternalMap$StrongKeyDummyValueEntry
2024-11-12 13:42:07,677 INFO  EvoClassLoader - Seeing class for first time: org.apache.hadoop.thirdparty.com.google.common.collect.MapMakerInternalMap$AbstractStrongKeyEntry
2024-11-12 13:42:07,677 INFO  EvoClassLoader - Instrumenting class 'org.apache.hadoop.thirdparty.com.google.common.collect.MapMakerInternalMap$AbstractStrongKeyEntry'.
2024-11-12 13:42:07,677 INFO  MethodCallReplacementClassAdapter - Adding mock interface to class org/apache/hadoop/thirdparty/com/google/common/collect/MapMakerInternalMap$AbstractStrongKeyEntry
2024-11-12 13:42:07,677 INFO  CreateClassResetClassAdapter - Creating brand-new static initializer in class org/apache/hadoop/thirdparty/com/google/common/collect/MapMakerInternalMap$AbstractStrongKeyEntry
2024-11-12 13:42:07,677 INFO  EvoClassLoader - Keeping class: org.apache.hadoop.thirdparty.com.google.common.collect.MapMakerInternalMap$AbstractStrongKeyEntry
2024-11-12 13:42:07,677 INFO  EvoClassLoader - Keeping class: org.apache.hadoop.thirdparty.com.google.common.collect.MapMakerInternalMap$StrongKeyDummyValueEntry
2024-11-12 13:42:07,677 INFO  EvoClassLoader - Seeing class for first time: org.apache.hadoop.thirdparty.com.google.common.collect.MapMakerInternalMap$StrongKeyWeakValueEntry
2024-11-12 13:42:07,677 INFO  EvoClassLoader - Instrumenting class 'org.apache.hadoop.thirdparty.com.google.common.collect.MapMakerInternalMap$StrongKeyWeakValueEntry'.
2024-11-12 13:42:07,678 INFO  MethodCallReplacementClassAdapter - Adding mock interface to class org/apache/hadoop/thirdparty/com/google/common/collect/MapMakerInternalMap$StrongKeyWeakValueEntry
2024-11-12 13:42:07,678 INFO  CreateClassResetClassAdapter - Creating brand-new static initializer in class org/apache/hadoop/thirdparty/com/google/common/collect/MapMakerInternalMap$StrongKeyWeakValueEntry
2024-11-12 13:42:07,678 INFO  EvoClassLoader - Keeping class: org.apache.hadoop.thirdparty.com.google.common.collect.MapMakerInternalMap$StrongKeyWeakValueEntry
2024-11-12 13:42:07,678 INFO  EvoClassLoader - Seeing class for first time: org.apache.hadoop.thirdparty.com.google.common.collect.MapMakerInternalMap$StrongKeyStrongValueEntry
2024-11-12 13:42:07,678 INFO  EvoClassLoader - Instrumenting class 'org.apache.hadoop.thirdparty.com.google.common.collect.MapMakerInternalMap$StrongKeyStrongValueEntry'.
2024-11-12 13:42:07,678 INFO  MethodCallReplacementClassAdapter - Adding mock interface to class org/apache/hadoop/thirdparty/com/google/common/collect/MapMakerInternalMap$StrongKeyStrongValueEntry
2024-11-12 13:42:07,678 INFO  CreateClassResetClassAdapter - Creating brand-new static initializer in class org/apache/hadoop/thirdparty/com/google/common/collect/MapMakerInternalMap$StrongKeyStrongValueEntry
2024-11-12 13:42:07,678 INFO  EvoClassLoader - Keeping class: org.apache.hadoop.thirdparty.com.google.common.collect.MapMakerInternalMap$StrongKeyStrongValueEntry
2024-11-12 13:42:07,678 INFO  EvoClassLoader - Seeing class for first time: org.apache.hadoop.thirdparty.com.google.common.base.MoreObjects$ToStringHelper
2024-11-12 13:42:07,678 INFO  EvoClassLoader - Instrumenting class 'org.apache.hadoop.thirdparty.com.google.common.base.MoreObjects$ToStringHelper'.
2024-11-12 13:42:07,678 INFO  MethodCallReplacementClassAdapter - Adding mock interface to class org/apache/hadoop/thirdparty/com/google/common/base/MoreObjects$ToStringHelper
2024-11-12 13:42:07,678 INFO  CreateClassResetClassAdapter - Creating brand-new static initializer in class org/apache/hadoop/thirdparty/com/google/common/base/MoreObjects$ToStringHelper
2024-11-12 13:42:07,678 INFO  EvoClassLoader - Keeping class: org.apache.hadoop.thirdparty.com.google.common.base.MoreObjects$ToStringHelper
2024-11-12 13:42:07,679 INFO  EvoClassLoader - Seeing class for first time: org.apache.hadoop.thirdparty.com.google.common.collect.MapMaker$Dummy
2024-11-12 13:42:07,679 INFO  EvoClassLoader - Instrumenting class 'org.apache.hadoop.thirdparty.com.google.common.collect.MapMaker$Dummy'.
2024-11-12 13:42:07,679 INFO  MethodCallReplacementClassAdapter - Adding mock interface to class org/apache/hadoop/thirdparty/com/google/common/collect/MapMaker$Dummy
2024-11-12 13:42:07,679 INFO  CreateClassResetClassAdapter - Found static initializer in class org/apache/hadoop/thirdparty/com/google/common/collect/MapMaker$Dummy
2024-11-12 13:42:07,679 INFO  EvoClassLoader - Keeping class: org.apache.hadoop.thirdparty.com.google.common.collect.MapMaker$Dummy
2024-11-12 13:42:07,680 INFO  EvoClassLoader - Seeing class for first time: org.apache.hadoop.thirdparty.protobuf.ByteString$1
2024-11-12 13:42:07,680 INFO  EvoClassLoader - Instrumenting class 'org.apache.hadoop.thirdparty.protobuf.ByteString$1'.
2024-11-12 13:42:07,680 INFO  MethodCallReplacementClassAdapter - Adding mock interface to class org/apache/hadoop/thirdparty/protobuf/ByteString$1
2024-11-12 13:42:07,680 INFO  EvoClassLoader - Keeping class: org.apache.hadoop.thirdparty.protobuf.ByteString$1
2024-11-12 13:42:07,680 INFO  EvoClassLoader - Seeing class for first time: org.apache.hadoop.thirdparty.protobuf.DescriptorProtos$SourceCodeInfo$Location$1
2024-11-12 13:42:07,680 INFO  EvoClassLoader - Instrumenting class 'org.apache.hadoop.thirdparty.protobuf.DescriptorProtos$SourceCodeInfo$Location$1'.
2024-11-12 13:42:07,681 INFO  MethodCallReplacementClassAdapter - Adding mock interface to class org/apache/hadoop/thirdparty/protobuf/DescriptorProtos$SourceCodeInfo$Location$1
2024-11-12 13:42:07,681 INFO  EvoClassLoader - Keeping class: org.apache.hadoop.thirdparty.protobuf.DescriptorProtos$SourceCodeInfo$Location$1
2024-11-12 13:42:07,681 INFO  EvoClassLoader - Seeing class for first time: org.apache.hadoop.thirdparty.protobuf.DescriptorProtos$SourceCodeInfo$Location$Builder
2024-11-12 13:42:07,681 INFO  EvoClassLoader - Instrumenting class 'org.apache.hadoop.thirdparty.protobuf.DescriptorProtos$SourceCodeInfo$Location$Builder'.
2024-11-12 13:42:07,681 INFO  MethodCallReplacementClassAdapter - Adding mock interface to class org/apache/hadoop/thirdparty/protobuf/DescriptorProtos$SourceCodeInfo$Location$Builder
2024-11-12 13:42:07,682 INFO  CreateClassResetClassAdapter - Creating brand-new static initializer in class org/apache/hadoop/thirdparty/protobuf/DescriptorProtos$SourceCodeInfo$Location$Builder
2024-11-12 13:42:07,683 INFO  EvoClassLoader - Keeping class: org.apache.hadoop.thirdparty.protobuf.DescriptorProtos$SourceCodeInfo$Location$Builder
2024-11-12 13:42:07,684 INFO  EvoClassLoader - Seeing class for first time: org.apache.hadoop.thirdparty.protobuf.DescriptorProtos$ExtensionRangeOptions
2024-11-12 13:42:07,684 INFO  EvoClassLoader - Instrumenting class 'org.apache.hadoop.thirdparty.protobuf.DescriptorProtos$ExtensionRangeOptions'.
2024-11-12 13:42:07,684 INFO  MethodCallReplacementClassAdapter - Adding mock interface to class org/apache/hadoop/thirdparty/protobuf/DescriptorProtos$ExtensionRangeOptions
2024-11-12 13:42:07,686 INFO  CreateClassResetClassAdapter - Found static initializer in class org/apache/hadoop/thirdparty/protobuf/DescriptorProtos$ExtensionRangeOptions
2024-11-12 13:42:07,686 INFO  EvoClassLoader - Keeping class: org.apache.hadoop.thirdparty.protobuf.DescriptorProtos$ExtensionRangeOptions
2024-11-12 13:42:07,686 INFO  EvoClassLoader - Seeing class for first time: org.apache.hadoop.thirdparty.protobuf.DescriptorProtos$FileDescriptorProto$Builder
2024-11-12 13:42:07,686 INFO  EvoClassLoader - Instrumenting class 'org.apache.hadoop.thirdparty.protobuf.DescriptorProtos$FileDescriptorProto$Builder'.
2024-11-12 13:42:07,687 INFO  MethodCallReplacementClassAdapter - Adding mock interface to class org/apache/hadoop/thirdparty/protobuf/DescriptorProtos$FileDescriptorProto$Builder
2024-11-12 13:42:07,690 INFO  CreateClassResetClassAdapter - Creating brand-new static initializer in class org/apache/hadoop/thirdparty/protobuf/DescriptorProtos$FileDescriptorProto$Builder
2024-11-12 13:42:07,692 INFO  EvoClassLoader - Keeping class: org.apache.hadoop.thirdparty.protobuf.DescriptorProtos$FileDescriptorProto$Builder
2024-11-12 13:42:07,693 INFO  EvoClassLoader - Seeing class for first time: org.apache.hadoop.thirdparty.protobuf.Descriptors$MethodDescriptor
2024-11-12 13:42:07,693 INFO  EvoClassLoader - Instrumenting class 'org.apache.hadoop.thirdparty.protobuf.Descriptors$MethodDescriptor'.
2024-11-12 13:42:07,693 INFO  MethodCallReplacementClassAdapter - Adding mock interface to class org/apache/hadoop/thirdparty/protobuf/Descriptors$MethodDescriptor
2024-11-12 13:42:07,693 INFO  CreateClassResetClassAdapter - Creating brand-new static initializer in class org/apache/hadoop/thirdparty/protobuf/Descriptors$MethodDescriptor
2024-11-12 13:42:07,694 INFO  EvoClassLoader - Keeping class: org.apache.hadoop.thirdparty.protobuf.Descriptors$MethodDescriptor
2024-11-12 13:42:07,694 INFO  EvoClassLoader - Seeing class for first time: org.apache.hadoop.thirdparty.protobuf.Descriptors$FileDescriptor$Syntax
2024-11-12 13:42:07,694 INFO  EvoClassLoader - Instrumenting class 'org.apache.hadoop.thirdparty.protobuf.Descriptors$FileDescriptor$Syntax'.
2024-11-12 13:42:07,694 INFO  MethodCallReplacementClassAdapter - Adding mock interface to class org/apache/hadoop/thirdparty/protobuf/Descriptors$FileDescriptor$Syntax
2024-11-12 13:42:07,694 INFO  CreateClassResetClassAdapter - Found static initializer in class org/apache/hadoop/thirdparty/protobuf/Descriptors$FileDescriptor$Syntax
2024-11-12 13:42:07,694 INFO  EvoClassLoader - Keeping class: org.apache.hadoop.thirdparty.protobuf.Descriptors$FileDescriptor$Syntax
2024-11-12 13:42:07,695 INFO  EvoClassLoader - Seeing class for first time: org.apache.hadoop.thirdparty.protobuf.DescriptorProtos$DescriptorProto$Builder
2024-11-12 13:42:07,695 INFO  EvoClassLoader - Instrumenting class 'org.apache.hadoop.thirdparty.protobuf.DescriptorProtos$DescriptorProto$Builder'.
2024-11-12 13:42:07,695 INFO  MethodCallReplacementClassAdapter - Adding mock interface to class org/apache/hadoop/thirdparty/protobuf/DescriptorProtos$DescriptorProto$Builder
2024-11-12 13:42:07,697 INFO  CreateClassResetClassAdapter - Creating brand-new static initializer in class org/apache/hadoop/thirdparty/protobuf/DescriptorProtos$DescriptorProto$Builder
2024-11-12 13:42:07,697 INFO  EvoClassLoader - Keeping class: org.apache.hadoop.thirdparty.protobuf.DescriptorProtos$DescriptorProto$Builder
2024-11-12 13:42:07,698 INFO  EvoClassLoader - Seeing class for first time: org.apache.hadoop.thirdparty.protobuf.DescriptorProtos$DescriptorProto$ExtensionRange$Builder
2024-11-12 13:42:07,698 INFO  EvoClassLoader - Instrumenting class 'org.apache.hadoop.thirdparty.protobuf.DescriptorProtos$DescriptorProto$ExtensionRange$Builder'.
2024-11-12 13:42:07,698 INFO  MethodCallReplacementClassAdapter - Adding mock interface to class org/apache/hadoop/thirdparty/protobuf/DescriptorProtos$DescriptorProto$ExtensionRange$Builder
2024-11-12 13:42:07,699 INFO  CreateClassResetClassAdapter - Creating brand-new static initializer in class org/apache/hadoop/thirdparty/protobuf/DescriptorProtos$DescriptorProto$ExtensionRange$Builder
2024-11-12 13:42:07,699 INFO  EvoClassLoader - Keeping class: org.apache.hadoop.thirdparty.protobuf.DescriptorProtos$DescriptorProto$ExtensionRange$Builder
2024-11-12 13:42:07,700 INFO  EvoClassLoader - Seeing class for first time: org.apache.hadoop.thirdparty.protobuf.DescriptorProtos$DescriptorProto$ReservedRange$Builder
2024-11-12 13:42:07,700 INFO  EvoClassLoader - Instrumenting class 'org.apache.hadoop.thirdparty.protobuf.DescriptorProtos$DescriptorProto$ReservedRange$Builder'.
2024-11-12 13:42:07,701 INFO  MethodCallReplacementClassAdapter - Adding mock interface to class org/apache/hadoop/thirdparty/protobuf/DescriptorProtos$DescriptorProto$ReservedRange$Builder
2024-11-12 13:42:07,701 INFO  CreateClassResetClassAdapter - Creating brand-new static initializer in class org/apache/hadoop/thirdparty/protobuf/DescriptorProtos$DescriptorProto$ReservedRange$Builder
2024-11-12 13:42:07,702 INFO  EvoClassLoader - Keeping class: org.apache.hadoop.thirdparty.protobuf.DescriptorProtos$DescriptorProto$ReservedRange$Builder
2024-11-12 13:42:07,702 INFO  EvoClassLoader - Seeing class for first time: org.apache.hadoop.thirdparty.protobuf.Utf8$DecodeUtil
2024-11-12 13:42:07,702 INFO  EvoClassLoader - Instrumenting class 'org.apache.hadoop.thirdparty.protobuf.Utf8$DecodeUtil'.
2024-11-12 13:42:07,702 INFO  MethodCallReplacementClassAdapter - Adding mock interface to class org/apache/hadoop/thirdparty/protobuf/Utf8$DecodeUtil
2024-11-12 13:42:07,702 INFO  CreateClassResetClassAdapter - Creating brand-new static initializer in class org/apache/hadoop/thirdparty/protobuf/Utf8$DecodeUtil
2024-11-12 13:42:07,702 INFO  EvoClassLoader - Keeping class: org.apache.hadoop.thirdparty.protobuf.Utf8$DecodeUtil
2024-11-12 13:42:07,709 INFO  EvoClassLoader - Seeing class for first time: org.apache.hadoop.thirdparty.protobuf.GeneratedMessageV3$FieldAccessorTable$SingularFieldAccessor
2024-11-12 13:42:07,709 INFO  EvoClassLoader - Instrumenting class 'org.apache.hadoop.thirdparty.protobuf.GeneratedMessageV3$FieldAccessorTable$SingularFieldAccessor'.
2024-11-12 13:42:07,709 INFO  MethodCallReplacementClassAdapter - Adding mock interface to class org/apache/hadoop/thirdparty/protobuf/GeneratedMessageV3$FieldAccessorTable$SingularFieldAccessor
2024-11-12 13:42:07,710 INFO  CreateClassResetClassAdapter - Creating brand-new static initializer in class org/apache/hadoop/thirdparty/protobuf/GeneratedMessageV3$FieldAccessorTable$SingularFieldAccessor
2024-11-12 13:42:07,710 INFO  EvoClassLoader - Keeping class: org.apache.hadoop.thirdparty.protobuf.GeneratedMessageV3$FieldAccessorTable$SingularFieldAccessor
2024-11-12 13:42:07,710 INFO  EvoClassLoader - Seeing class for first time: org.apache.hadoop.thirdparty.protobuf.GeneratedMessageV3$FieldAccessorTable$RepeatedMessageFieldAccessor
2024-11-12 13:42:07,710 INFO  EvoClassLoader - Instrumenting class 'org.apache.hadoop.thirdparty.protobuf.GeneratedMessageV3$FieldAccessorTable$RepeatedMessageFieldAccessor'.
2024-11-12 13:42:07,711 INFO  MethodCallReplacementClassAdapter - Adding mock interface to class org/apache/hadoop/thirdparty/protobuf/GeneratedMessageV3$FieldAccessorTable$RepeatedMessageFieldAccessor
2024-11-12 13:42:07,711 INFO  CreateClassResetClassAdapter - Creating brand-new static initializer in class org/apache/hadoop/thirdparty/protobuf/GeneratedMessageV3$FieldAccessorTable$RepeatedMessageFieldAccessor
2024-11-12 13:42:07,711 INFO  EvoClassLoader - Seeing class for first time: org.apache.hadoop.thirdparty.protobuf.GeneratedMessageV3$FieldAccessorTable$RepeatedFieldAccessor
2024-11-12 13:42:07,711 INFO  EvoClassLoader - Instrumenting class 'org.apache.hadoop.thirdparty.protobuf.GeneratedMessageV3$FieldAccessorTable$RepeatedFieldAccessor'.
2024-11-12 13:42:07,712 INFO  MethodCallReplacementClassAdapter - Adding mock interface to class org/apache/hadoop/thirdparty/protobuf/GeneratedMessageV3$FieldAccessorTable$RepeatedFieldAccessor
2024-11-12 13:42:07,712 INFO  CreateClassResetClassAdapter - Creating brand-new static initializer in class org/apache/hadoop/thirdparty/protobuf/GeneratedMessageV3$FieldAccessorTable$RepeatedFieldAccessor
2024-11-12 13:42:07,713 INFO  EvoClassLoader - Keeping class: org.apache.hadoop.thirdparty.protobuf.GeneratedMessageV3$FieldAccessorTable$RepeatedFieldAccessor
2024-11-12 13:42:07,713 INFO  EvoClassLoader - Keeping class: org.apache.hadoop.thirdparty.protobuf.GeneratedMessageV3$FieldAccessorTable$RepeatedMessageFieldAccessor
2024-11-12 13:42:07,713 INFO  EvoClassLoader - Seeing class for first time: org.apache.hadoop.thirdparty.protobuf.GeneratedMessageV3$FieldAccessorTable$SingularMessageFieldAccessor
2024-11-12 13:42:07,713 INFO  EvoClassLoader - Instrumenting class 'org.apache.hadoop.thirdparty.protobuf.GeneratedMessageV3$FieldAccessorTable$SingularMessageFieldAccessor'.
2024-11-12 13:42:07,713 INFO  MethodCallReplacementClassAdapter - Adding mock interface to class org/apache/hadoop/thirdparty/protobuf/GeneratedMessageV3$FieldAccessorTable$SingularMessageFieldAccessor
2024-11-12 13:42:07,713 INFO  CreateClassResetClassAdapter - Creating brand-new static initializer in class org/apache/hadoop/thirdparty/protobuf/GeneratedMessageV3$FieldAccessorTable$SingularMessageFieldAccessor
2024-11-12 13:42:07,714 INFO  EvoClassLoader - Keeping class: org.apache.hadoop.thirdparty.protobuf.GeneratedMessageV3$FieldAccessorTable$SingularMessageFieldAccessor
2024-11-12 13:42:07,714 INFO  EvoClassLoader - Seeing class for first time: org.apache.hadoop.thirdparty.protobuf.GeneratedMessageV3$FieldAccessorTable$SingularStringFieldAccessor
2024-11-12 13:42:07,714 INFO  EvoClassLoader - Instrumenting class 'org.apache.hadoop.thirdparty.protobuf.GeneratedMessageV3$FieldAccessorTable$SingularStringFieldAccessor'.
2024-11-12 13:42:07,714 INFO  MethodCallReplacementClassAdapter - Adding mock interface to class org/apache/hadoop/thirdparty/protobuf/GeneratedMessageV3$FieldAccessorTable$SingularStringFieldAccessor
2024-11-12 13:42:07,714 INFO  CreateClassResetClassAdapter - Creating brand-new static initializer in class org/apache/hadoop/thirdparty/protobuf/GeneratedMessageV3$FieldAccessorTable$SingularStringFieldAccessor
2024-11-12 13:42:07,715 INFO  EvoClassLoader - Keeping class: org.apache.hadoop.thirdparty.protobuf.GeneratedMessageV3$FieldAccessorTable$SingularStringFieldAccessor
2024-11-12 13:42:07,715 INFO  EvoClassLoader - Seeing class for first time: org.apache.hadoop.thirdparty.protobuf.GeneratedMessageV3$FieldAccessorTable$RepeatedEnumFieldAccessor
2024-11-12 13:42:07,715 INFO  EvoClassLoader - Instrumenting class 'org.apache.hadoop.thirdparty.protobuf.GeneratedMessageV3$FieldAccessorTable$RepeatedEnumFieldAccessor'.
2024-11-12 13:42:07,715 INFO  MethodCallReplacementClassAdapter - Adding mock interface to class org/apache/hadoop/thirdparty/protobuf/GeneratedMessageV3$FieldAccessorTable$RepeatedEnumFieldAccessor
2024-11-12 13:42:07,715 INFO  CreateClassResetClassAdapter - Creating brand-new static initializer in class org/apache/hadoop/thirdparty/protobuf/GeneratedMessageV3$FieldAccessorTable$RepeatedEnumFieldAccessor
2024-11-12 13:42:07,716 INFO  EvoClassLoader - Keeping class: org.apache.hadoop.thirdparty.protobuf.GeneratedMessageV3$FieldAccessorTable$RepeatedEnumFieldAccessor
2024-11-12 13:42:07,716 INFO  EvoClassLoader - Seeing class for first time: org.apache.hadoop.thirdparty.protobuf.GeneratedMessageV3$FieldAccessorTable$SingularEnumFieldAccessor
2024-11-12 13:42:07,716 INFO  EvoClassLoader - Instrumenting class 'org.apache.hadoop.thirdparty.protobuf.GeneratedMessageV3$FieldAccessorTable$SingularEnumFieldAccessor'.
2024-11-12 13:42:07,716 INFO  MethodCallReplacementClassAdapter - Adding mock interface to class org/apache/hadoop/thirdparty/protobuf/GeneratedMessageV3$FieldAccessorTable$SingularEnumFieldAccessor
2024-11-12 13:42:07,716 INFO  CreateClassResetClassAdapter - Creating brand-new static initializer in class org/apache/hadoop/thirdparty/protobuf/GeneratedMessageV3$FieldAccessorTable$SingularEnumFieldAccessor
2024-11-12 13:42:07,716 INFO  EvoClassLoader - Keeping class: org.apache.hadoop.thirdparty.protobuf.GeneratedMessageV3$FieldAccessorTable$SingularEnumFieldAccessor
2024-11-12 13:42:07,716 INFO  EvoClassLoader - Seeing class for first time: org.apache.hadoop.thirdparty.protobuf.GeneratedMessageV3$FieldAccessorTable$MapFieldAccessor
2024-11-12 13:42:07,716 INFO  EvoClassLoader - Instrumenting class 'org.apache.hadoop.thirdparty.protobuf.GeneratedMessageV3$FieldAccessorTable$MapFieldAccessor'.
2024-11-12 13:42:07,717 INFO  MethodCallReplacementClassAdapter - Adding mock interface to class org/apache/hadoop/thirdparty/protobuf/GeneratedMessageV3$FieldAccessorTable$MapFieldAccessor
2024-11-12 13:42:07,717 INFO  CreateClassResetClassAdapter - Creating brand-new static initializer in class org/apache/hadoop/thirdparty/protobuf/GeneratedMessageV3$FieldAccessorTable$MapFieldAccessor
2024-11-12 13:42:07,717 INFO  EvoClassLoader - Keeping class: org.apache.hadoop.thirdparty.protobuf.GeneratedMessageV3$FieldAccessorTable$MapFieldAccessor
2024-11-12 13:42:07,718 INFO  EvoClassLoader - Seeing class for first time: org.apache.hadoop.thirdparty.protobuf.DescriptorProtos$GeneratedCodeInfo$Annotation$1
2024-11-12 13:42:07,718 INFO  EvoClassLoader - Instrumenting class 'org.apache.hadoop.thirdparty.protobuf.DescriptorProtos$GeneratedCodeInfo$Annotation$1'.
2024-11-12 13:42:07,718 INFO  MethodCallReplacementClassAdapter - Adding mock interface to class org/apache/hadoop/thirdparty/protobuf/DescriptorProtos$GeneratedCodeInfo$Annotation$1
2024-11-12 13:42:07,718 INFO  EvoClassLoader - Keeping class: org.apache.hadoop.thirdparty.protobuf.DescriptorProtos$GeneratedCodeInfo$Annotation$1
2024-11-12 13:42:07,718 INFO  EvoClassLoader - Seeing class for first time: org.apache.hadoop.thirdparty.protobuf.DescriptorProtos$GeneratedCodeInfo$Annotation$Builder
2024-11-12 13:42:07,718 INFO  EvoClassLoader - Instrumenting class 'org.apache.hadoop.thirdparty.protobuf.DescriptorProtos$GeneratedCodeInfo$Annotation$Builder'.
2024-11-12 13:42:07,719 INFO  MethodCallReplacementClassAdapter - Adding mock interface to class org/apache/hadoop/thirdparty/protobuf/DescriptorProtos$GeneratedCodeInfo$Annotation$Builder
2024-11-12 13:42:07,720 INFO  CreateClassResetClassAdapter - Creating brand-new static initializer in class org/apache/hadoop/thirdparty/protobuf/DescriptorProtos$GeneratedCodeInfo$Annotation$Builder
2024-11-12 13:42:07,720 INFO  EvoClassLoader - Keeping class: org.apache.hadoop.thirdparty.protobuf.DescriptorProtos$GeneratedCodeInfo$Annotation$Builder
2024-11-12 13:42:07,721 INFO  EvoClassLoader - Seeing class for first time: org.eclipse.jetty.io.AbstractByteBufferPool
2024-11-12 13:42:07,721 INFO  EvoClassLoader - Instrumenting class 'org.eclipse.jetty.io.AbstractByteBufferPool'.
2024-11-12 13:42:07,721 INFO  MethodCallReplacementClassAdapter - Adding mock interface to class org/eclipse/jetty/io/AbstractByteBufferPool
2024-11-12 13:42:07,721 INFO  CreateClassResetClassAdapter - Creating brand-new static initializer in class org/eclipse/jetty/io/AbstractByteBufferPool
2024-11-12 13:42:07,721 INFO  EvoClassLoader - Defined package (3): package org.eclipse.jetty.io, 1783720903
2024-11-12 13:42:07,721 INFO  EvoClassLoader - Seeing class for first time: org.eclipse.jetty.io.ByteBufferPool
2024-11-12 13:42:07,721 INFO  EvoClassLoader - Instrumenting class 'org.eclipse.jetty.io.ByteBufferPool'.
2024-11-12 13:42:07,722 INFO  EvoClassLoader - Keeping class: org.eclipse.jetty.io.ByteBufferPool
2024-11-12 13:42:07,722 INFO  EvoClassLoader - Keeping class: org.eclipse.jetty.io.AbstractByteBufferPool
2024-11-12 13:42:07,722 INFO  EvoClassLoader - Seeing class for first time: org.eclipse.jetty.util.log.Log$1
2024-11-12 13:42:07,722 INFO  EvoClassLoader - Instrumenting class 'org.eclipse.jetty.util.log.Log$1'.
2024-11-12 13:42:07,722 INFO  MethodCallReplacementClassAdapter - Adding mock interface to class org/eclipse/jetty/util/log/Log$1
2024-11-12 13:42:07,722 INFO  EvoClassLoader - Defined package (3): package org.eclipse.jetty.util.log, -1550856903
2024-11-12 13:42:07,722 INFO  EvoClassLoader - Keeping class: org.eclipse.jetty.util.log.Log$1
2024-11-12 13:42:07,723 INFO  EvoClassLoader - Seeing class for first time: org.eclipse.jetty.util.log.Log
2024-11-12 13:42:07,723 INFO  EvoClassLoader - Instrumenting class 'org.eclipse.jetty.util.log.Log'.
2024-11-12 13:42:07,723 INFO  MethodCallReplacementClassAdapter - Adding mock interface to class org/eclipse/jetty/util/log/Log
2024-11-12 13:42:07,723 INFO  CreateClassResetClassAdapter - Found static initializer in class org/eclipse/jetty/util/log/Log
2024-11-12 13:42:07,724 INFO  EvoClassLoader - Keeping class: org.eclipse.jetty.util.log.Log
2024-11-12 13:42:07,724 INFO  EvoClassLoader - Seeing class for first time: org.eclipse.jetty.util.Loader
2024-11-12 13:42:07,724 INFO  EvoClassLoader - Instrumenting class 'org.eclipse.jetty.util.Loader'.
2024-11-12 13:42:07,724 INFO  MethodCallReplacementClassAdapter - Adding mock interface to class org/eclipse/jetty/util/Loader
2024-11-12 13:42:07,724 INFO  CreateClassResetClassAdapter - Creating brand-new static initializer in class org/eclipse/jetty/util/Loader
2024-11-12 13:42:07,724 INFO  EvoClassLoader - Defined package (3): package org.eclipse.jetty.util, 464202339
2024-11-12 13:42:07,725 INFO  EvoClassLoader - Keeping class: org.eclipse.jetty.util.Loader
2024-11-12 13:42:07,725 INFO  EvoClassLoader - Seeing class for first time: org.eclipse.jetty.util.log.Logger
2024-11-12 13:42:07,725 INFO  EvoClassLoader - Instrumenting class 'org.eclipse.jetty.util.log.Logger'.
2024-11-12 13:42:07,725 INFO  EvoClassLoader - Keeping class: org.eclipse.jetty.util.log.Logger
2024-11-12 13:42:07,727 INFO  EvoClassLoader - Seeing class for first time: org.eclipse.jetty.util.log.AbstractLogger
2024-11-12 13:42:07,727 INFO  EvoClassLoader - Instrumenting class 'org.eclipse.jetty.util.log.AbstractLogger'.
2024-11-12 13:42:07,727 INFO  MethodCallReplacementClassAdapter - Adding mock interface to class org/eclipse/jetty/util/log/AbstractLogger
2024-11-12 13:42:07,727 INFO  CreateClassResetClassAdapter - Creating brand-new static initializer in class org/eclipse/jetty/util/log/AbstractLogger
2024-11-12 13:42:07,727 INFO  CreateClassResetClassAdapter - Adding bytecode for initializing field LEVEL_DEFAULT
2024-11-12 13:42:07,727 INFO  CreateClassResetClassAdapter - Adding bytecode for initializing field LEVEL_ALL
2024-11-12 13:42:07,727 INFO  CreateClassResetClassAdapter - Adding bytecode for initializing field LEVEL_DEBUG
2024-11-12 13:42:07,727 INFO  CreateClassResetClassAdapter - Adding bytecode for initializing field LEVEL_INFO
2024-11-12 13:42:07,727 INFO  CreateClassResetClassAdapter - Adding bytecode for initializing field LEVEL_WARN
2024-11-12 13:42:07,727 INFO  CreateClassResetClassAdapter - Adding bytecode for initializing field LEVEL_OFF
2024-11-12 13:42:07,727 INFO  EvoClassLoader - Keeping class: org.eclipse.jetty.util.log.AbstractLogger
2024-11-12 13:42:07,728 INFO  EvoClassLoader - Seeing class for first time: org.eclipse.jetty.util.log.Slf4jLog
2024-11-12 13:42:07,728 INFO  EvoClassLoader - Instrumenting class 'org.eclipse.jetty.util.log.Slf4jLog'.
2024-11-12 13:42:07,728 INFO  MethodCallReplacementClassAdapter - Adding mock interface to class org/eclipse/jetty/util/log/Slf4jLog
2024-11-12 13:42:07,728 INFO  CreateClassResetClassAdapter - Creating brand-new static initializer in class org/eclipse/jetty/util/log/Slf4jLog
2024-11-12 13:42:07,728 INFO  EvoClassLoader - Keeping class: org.eclipse.jetty.util.log.Slf4jLog
2024-11-12 13:42:07,728 INFO  EvoClassLoader - Seeing class for first time: org.eclipse.jetty.util.log.JettyAwareLogger
2024-11-12 13:42:07,728 INFO  EvoClassLoader - Instrumenting class 'org.eclipse.jetty.util.log.JettyAwareLogger'.
2024-11-12 13:42:07,728 INFO  MethodCallReplacementClassAdapter - Adding mock interface to class org/eclipse/jetty/util/log/JettyAwareLogger
2024-11-12 13:42:07,729 INFO  CreateClassResetClassAdapter - Found static initializer in class org/eclipse/jetty/util/log/JettyAwareLogger
2024-11-12 13:42:07,729 INFO  EvoClassLoader - Keeping class: org.eclipse.jetty.util.log.JettyAwareLogger
2024-11-12 13:42:07,729 INFO  EvoClassLoader - Seeing class for first time: org.eclipse.jetty.util.Uptime$DefaultImpl
2024-11-12 13:42:07,729 INFO  EvoClassLoader - Instrumenting class 'org.eclipse.jetty.util.Uptime$DefaultImpl'.
2024-11-12 13:42:07,729 INFO  MethodCallReplacementClassAdapter - Adding mock interface to class org/eclipse/jetty/util/Uptime$DefaultImpl
2024-11-12 13:42:07,730 INFO  CreateClassResetClassAdapter - Creating brand-new static initializer in class org/eclipse/jetty/util/Uptime$DefaultImpl
2024-11-12 13:42:07,730 INFO  EvoClassLoader - Seeing class for first time: org.eclipse.jetty.util.Uptime$Impl
2024-11-12 13:42:07,730 INFO  EvoClassLoader - Instrumenting class 'org.eclipse.jetty.util.Uptime$Impl'.
2024-11-12 13:42:07,731 INFO  EvoClassLoader - Keeping class: org.eclipse.jetty.util.Uptime$Impl
2024-11-12 13:42:07,731 INFO  EvoClassLoader - Keeping class: org.eclipse.jetty.util.Uptime$DefaultImpl
2024-11-12 13:42:07,731 INFO  EvoClassLoader - Seeing class for first time: org.eclipse.jetty.util.Uptime
2024-11-12 13:42:07,731 INFO  EvoClassLoader - Instrumenting class 'org.eclipse.jetty.util.Uptime'.
2024-11-12 13:42:07,731 INFO  MethodCallReplacementClassAdapter - Adding mock interface to class org/eclipse/jetty/util/Uptime
2024-11-12 13:42:07,731 INFO  CreateClassResetClassAdapter - Found static initializer in class org/eclipse/jetty/util/Uptime
2024-11-12 13:42:07,731 INFO  EvoClassLoader - Keeping class: org.eclipse.jetty.util.Uptime
2024-11-12 13:42:07,731 INFO  EvoClassLoader - Seeing class for first time: org.eclipse.jetty.io.ArrayByteBufferPool
2024-11-12 13:42:07,731 INFO  EvoClassLoader - Instrumenting class 'org.eclipse.jetty.io.ArrayByteBufferPool'.
2024-11-12 13:42:07,732 INFO  MethodCallReplacementClassAdapter - Adding mock interface to class org/eclipse/jetty/io/ArrayByteBufferPool
2024-11-12 13:42:07,732 INFO  CreateClassResetClassAdapter - Found static initializer in class org/eclipse/jetty/io/ArrayByteBufferPool
2024-11-12 13:42:07,733 INFO  EvoClassLoader - Seeing class for first time: org.eclipse.jetty.util.component.Dumpable
2024-11-12 13:42:07,733 INFO  EvoClassLoader - Instrumenting class 'org.eclipse.jetty.util.component.Dumpable'.
2024-11-12 13:42:07,733 INFO  EvoClassLoader - Defined package (3): package org.eclipse.jetty.util.component, 1836137266
2024-11-12 13:42:07,734 INFO  EvoClassLoader - Keeping class: org.eclipse.jetty.util.component.Dumpable
2024-11-12 13:42:07,734 INFO  EvoClassLoader - Keeping class: org.eclipse.jetty.io.ArrayByteBufferPool
2024-11-12 13:42:07,734 INFO  EvoClassLoader - Seeing class for first time: org.eclipse.jetty.io.ByteBufferPool$Bucket
2024-11-12 13:42:07,734 INFO  EvoClassLoader - Instrumenting class 'org.eclipse.jetty.io.ByteBufferPool$Bucket'.
2024-11-12 13:42:07,734 INFO  MethodCallReplacementClassAdapter - Adding mock interface to class org/eclipse/jetty/io/ByteBufferPool$Bucket
2024-11-12 13:42:07,734 INFO  CreateClassResetClassAdapter - Creating brand-new static initializer in class org/eclipse/jetty/io/ByteBufferPool$Bucket
2024-11-12 13:42:07,735 INFO  EvoClassLoader - Keeping class: org.eclipse.jetty.io.ByteBufferPool$Bucket
2024-11-12 13:42:07,735 INFO  log - Logging initialized @25194ms to org.eclipse.jetty.util.log.Slf4jLog
2024-11-12 13:42:07,736 INFO  EvoClassLoader - Seeing class for first time: org.apache.hadoop.thirdparty.protobuf.DynamicMessage
2024-11-12 13:42:07,736 INFO  EvoClassLoader - Instrumenting class 'org.apache.hadoop.thirdparty.protobuf.DynamicMessage'.
2024-11-12 13:42:07,736 INFO  MethodCallReplacementClassAdapter - Adding mock interface to class org/apache/hadoop/thirdparty/protobuf/DynamicMessage
2024-11-12 13:42:07,738 INFO  CreateClassResetClassAdapter - Creating brand-new static initializer in class org/apache/hadoop/thirdparty/protobuf/DynamicMessage
2024-11-12 13:42:07,738 INFO  EvoClassLoader - Keeping class: org.apache.hadoop.thirdparty.protobuf.DynamicMessage
2024-11-12 13:42:07,738 INFO  EvoClassLoader - Seeing class for first time: org.apache.hadoop.thirdparty.protobuf.DynamicMessage$Builder
2024-11-12 13:42:07,738 INFO  EvoClassLoader - Instrumenting class 'org.apache.hadoop.thirdparty.protobuf.DynamicMessage$Builder'.
2024-11-12 13:42:07,739 INFO  MethodCallReplacementClassAdapter - Adding mock interface to class org/apache/hadoop/thirdparty/protobuf/DynamicMessage$Builder
2024-11-12 13:42:07,740 INFO  CreateClassResetClassAdapter - Creating brand-new static initializer in class org/apache/hadoop/thirdparty/protobuf/DynamicMessage$Builder
2024-11-12 13:42:07,741 INFO  EvoClassLoader - Keeping class: org.apache.hadoop.thirdparty.protobuf.DynamicMessage$Builder
2024-11-12 13:42:07,741 INFO  EvoClassLoader - Seeing class for first time: org.apache.hadoop.thirdparty.protobuf.EnumValue$1
2024-11-12 13:42:07,741 INFO  EvoClassLoader - Instrumenting class 'org.apache.hadoop.thirdparty.protobuf.EnumValue$1'.
2024-11-12 13:42:07,741 INFO  MethodCallReplacementClassAdapter - Adding mock interface to class org/apache/hadoop/thirdparty/protobuf/EnumValue$1
2024-11-12 13:42:07,742 INFO  EvoClassLoader - Keeping class: org.apache.hadoop.thirdparty.protobuf.EnumValue$1
2024-11-12 13:42:07,742 INFO  EvoClassLoader - Seeing class for first time: org.apache.hadoop.thirdparty.protobuf.EnumValue
2024-11-12 13:42:07,742 INFO  EvoClassLoader - Instrumenting class 'org.apache.hadoop.thirdparty.protobuf.EnumValue'.
2024-11-12 13:42:07,742 INFO  MethodCallReplacementClassAdapter - Adding mock interface to class org/apache/hadoop/thirdparty/protobuf/EnumValue
2024-11-12 13:42:07,743 INFO  CreateClassResetClassAdapter - Found static initializer in class org/apache/hadoop/thirdparty/protobuf/EnumValue
2024-11-12 13:42:07,743 INFO  EvoClassLoader - Seeing class for first time: org.apache.hadoop.thirdparty.protobuf.EnumValueOrBuilder
2024-11-12 13:42:07,743 INFO  EvoClassLoader - Instrumenting class 'org.apache.hadoop.thirdparty.protobuf.EnumValueOrBuilder'.
2024-11-12 13:42:07,744 INFO  EvoClassLoader - Keeping class: org.apache.hadoop.thirdparty.protobuf.EnumValueOrBuilder
2024-11-12 13:42:07,744 INFO  EvoClassLoader - Keeping class: org.apache.hadoop.thirdparty.protobuf.EnumValue
2024-11-12 13:42:07,745 INFO  EvoClassLoader - Seeing class for first time: org.apache.hadoop.thirdparty.protobuf.OptionOrBuilder
2024-11-12 13:42:07,745 INFO  EvoClassLoader - Instrumenting class 'org.apache.hadoop.thirdparty.protobuf.OptionOrBuilder'.
2024-11-12 13:42:07,745 INFO  EvoClassLoader - Keeping class: org.apache.hadoop.thirdparty.protobuf.OptionOrBuilder
2024-11-12 13:42:07,745 INFO  EvoClassLoader - Seeing class for first time: org.apache.hadoop.thirdparty.protobuf.Option
2024-11-12 13:42:07,745 INFO  EvoClassLoader - Instrumenting class 'org.apache.hadoop.thirdparty.protobuf.Option'.
2024-11-12 13:42:07,746 INFO  MethodCallReplacementClassAdapter - Adding mock interface to class org/apache/hadoop/thirdparty/protobuf/Option
2024-11-12 13:42:07,746 INFO  CreateClassResetClassAdapter - Found static initializer in class org/apache/hadoop/thirdparty/protobuf/Option
2024-11-12 13:42:07,747 INFO  EvoClassLoader - Keeping class: org.apache.hadoop.thirdparty.protobuf.Option
2024-11-12 13:42:07,747 INFO  EvoClassLoader - Seeing class for first time: org.apache.hadoop.thirdparty.protobuf.EnumValue$Builder
2024-11-12 13:42:07,747 INFO  EvoClassLoader - Instrumenting class 'org.apache.hadoop.thirdparty.protobuf.EnumValue$Builder'.
2024-11-12 13:42:07,747 INFO  MethodCallReplacementClassAdapter - Adding mock interface to class org/apache/hadoop/thirdparty/protobuf/EnumValue$Builder
2024-11-12 13:42:07,748 INFO  CreateClassResetClassAdapter - Creating brand-new static initializer in class org/apache/hadoop/thirdparty/protobuf/EnumValue$Builder
2024-11-12 13:42:07,748 INFO  EvoClassLoader - Keeping class: org.apache.hadoop.thirdparty.protobuf.EnumValue$Builder
2024-11-12 13:42:07,748 INFO  EvoClassLoader - Seeing class for first time: org.apache.hadoop.thirdparty.protobuf.Value$1
2024-11-12 13:42:07,748 INFO  EvoClassLoader - Instrumenting class 'org.apache.hadoop.thirdparty.protobuf.Value$1'.
2024-11-12 13:42:07,749 INFO  MethodCallReplacementClassAdapter - Adding mock interface to class org/apache/hadoop/thirdparty/protobuf/Value$1
2024-11-12 13:42:07,749 INFO  EvoClassLoader - Keeping class: org.apache.hadoop.thirdparty.protobuf.Value$1
2024-11-12 13:42:07,749 INFO  EvoClassLoader - Seeing class for first time: org.apache.hadoop.thirdparty.protobuf.Value
2024-11-12 13:42:07,749 INFO  EvoClassLoader - Instrumenting class 'org.apache.hadoop.thirdparty.protobuf.Value'.
2024-11-12 13:42:07,749 INFO  MethodCallReplacementClassAdapter - Adding mock interface to class org/apache/hadoop/thirdparty/protobuf/Value
2024-11-12 13:42:07,751 INFO  CreateClassResetClassAdapter - Found static initializer in class org/apache/hadoop/thirdparty/protobuf/Value
2024-11-12 13:42:07,751 INFO  EvoClassLoader - Seeing class for first time: org.apache.hadoop.thirdparty.protobuf.ValueOrBuilder
2024-11-12 13:42:07,751 INFO  EvoClassLoader - Instrumenting class 'org.apache.hadoop.thirdparty.protobuf.ValueOrBuilder'.
2024-11-12 13:42:07,752 INFO  EvoClassLoader - Keeping class: org.apache.hadoop.thirdparty.protobuf.ValueOrBuilder
2024-11-12 13:42:07,752 INFO  EvoClassLoader - Keeping class: org.apache.hadoop.thirdparty.protobuf.Value
2024-11-12 13:42:07,752 INFO  EvoClassLoader - Seeing class for first time: org.apache.hadoop.thirdparty.protobuf.StructOrBuilder
2024-11-12 13:42:07,752 INFO  EvoClassLoader - Instrumenting class 'org.apache.hadoop.thirdparty.protobuf.StructOrBuilder'.
2024-11-12 13:42:07,752 INFO  EvoClassLoader - Keeping class: org.apache.hadoop.thirdparty.protobuf.StructOrBuilder
2024-11-12 13:42:07,752 INFO  EvoClassLoader - Seeing class for first time: org.apache.hadoop.thirdparty.protobuf.ListValueOrBuilder
2024-11-12 13:42:07,752 INFO  EvoClassLoader - Instrumenting class 'org.apache.hadoop.thirdparty.protobuf.ListValueOrBuilder'.
2024-11-12 13:42:07,753 INFO  EvoClassLoader - Keeping class: org.apache.hadoop.thirdparty.protobuf.ListValueOrBuilder
2024-11-12 13:42:07,753 INFO  EvoClassLoader - Seeing class for first time: org.apache.hadoop.thirdparty.protobuf.Value$KindCase
2024-11-12 13:42:07,753 INFO  EvoClassLoader - Instrumenting class 'org.apache.hadoop.thirdparty.protobuf.Value$KindCase'.
2024-11-12 13:42:07,753 INFO  MethodCallReplacementClassAdapter - Adding mock interface to class org/apache/hadoop/thirdparty/protobuf/Value$KindCase
2024-11-12 13:42:07,753 INFO  CreateClassResetClassAdapter - Found static initializer in class org/apache/hadoop/thirdparty/protobuf/Value$KindCase
2024-11-12 13:42:07,753 INFO  EvoClassLoader - Keeping class: org.apache.hadoop.thirdparty.protobuf.Value$KindCase
2024-11-12 13:42:07,754 INFO  EvoClassLoader - Seeing class for first time: org.apache.hadoop.thirdparty.protobuf.Struct
2024-11-12 13:42:07,754 INFO  EvoClassLoader - Instrumenting class 'org.apache.hadoop.thirdparty.protobuf.Struct'.
2024-11-12 13:42:07,754 INFO  MethodCallReplacementClassAdapter - Adding mock interface to class org/apache/hadoop/thirdparty/protobuf/Struct
2024-11-12 13:42:07,756 INFO  CreateClassResetClassAdapter - Found static initializer in class org/apache/hadoop/thirdparty/protobuf/Struct
2024-11-12 13:42:07,756 INFO  EvoClassLoader - Keeping class: org.apache.hadoop.thirdparty.protobuf.Struct
2024-11-12 13:42:07,756 INFO  EvoClassLoader - Seeing class for first time: org.apache.hadoop.thirdparty.protobuf.ListValue
2024-11-12 13:42:07,756 INFO  EvoClassLoader - Instrumenting class 'org.apache.hadoop.thirdparty.protobuf.ListValue'.
2024-11-12 13:42:07,756 INFO  MethodCallReplacementClassAdapter - Adding mock interface to class org/apache/hadoop/thirdparty/protobuf/ListValue
2024-11-12 13:42:07,757 INFO  CreateClassResetClassAdapter - Found static initializer in class org/apache/hadoop/thirdparty/protobuf/ListValue
2024-11-12 13:42:07,758 INFO  EvoClassLoader - Keeping class: org.apache.hadoop.thirdparty.protobuf.ListValue
2024-11-12 13:42:07,758 INFO  EvoClassLoader - Seeing class for first time: org.apache.hadoop.thirdparty.protobuf.Value$Builder
2024-11-12 13:42:07,758 INFO  EvoClassLoader - Instrumenting class 'org.apache.hadoop.thirdparty.protobuf.Value$Builder'.
2024-11-12 13:42:07,758 INFO  MethodCallReplacementClassAdapter - Adding mock interface to class org/apache/hadoop/thirdparty/protobuf/Value$Builder
2024-11-12 13:42:07,759 INFO  CreateClassResetClassAdapter - Creating brand-new static initializer in class org/apache/hadoop/thirdparty/protobuf/Value$Builder
2024-11-12 13:42:07,760 INFO  EvoClassLoader - Keeping class: org.apache.hadoop.thirdparty.protobuf.Value$Builder
2024-11-12 13:42:07,760 INFO  EvoClassLoader - Seeing class for first time: org.apache.hadoop.thirdparty.protobuf.NullValue
2024-11-12 13:42:07,760 INFO  EvoClassLoader - Instrumenting class 'org.apache.hadoop.thirdparty.protobuf.NullValue'.
2024-11-12 13:42:07,760 INFO  MethodCallReplacementClassAdapter - Adding mock interface to class org/apache/hadoop/thirdparty/protobuf/NullValue
2024-11-12 13:42:07,761 INFO  CreateClassResetClassAdapter - Found static initializer in class org/apache/hadoop/thirdparty/protobuf/NullValue
2024-11-12 13:42:07,761 INFO  EvoClassLoader - Keeping class: org.apache.hadoop.thirdparty.protobuf.NullValue
2024-11-12 13:42:07,761 INFO  EvoClassLoader - Seeing class for first time: org.apache.hadoop.thirdparty.protobuf.ExtensionRegistryLite$ObjectIntPair
2024-11-12 13:42:07,761 INFO  EvoClassLoader - Instrumenting class 'org.apache.hadoop.thirdparty.protobuf.ExtensionRegistryLite$ObjectIntPair'.
2024-11-12 13:42:07,762 INFO  MethodCallReplacementClassAdapter - Adding mock interface to class org/apache/hadoop/thirdparty/protobuf/ExtensionRegistryLite$ObjectIntPair
2024-11-12 13:42:07,762 INFO  CreateClassResetClassAdapter - Creating brand-new static initializer in class org/apache/hadoop/thirdparty/protobuf/ExtensionRegistryLite$ObjectIntPair
2024-11-12 13:42:07,762 INFO  EvoClassLoader - Keeping class: org.apache.hadoop.thirdparty.protobuf.ExtensionRegistryLite$ObjectIntPair
2024-11-12 13:42:07,762 INFO  EvoClassLoader - Seeing class for first time: org.apache.hadoop.thirdparty.protobuf.RopeByteString
2024-11-12 13:42:07,762 INFO  EvoClassLoader - Instrumenting class 'org.apache.hadoop.thirdparty.protobuf.RopeByteString'.
2024-11-12 13:42:07,762 INFO  MethodCallReplacementClassAdapter - Adding mock interface to class org/apache/hadoop/thirdparty/protobuf/RopeByteString
2024-11-12 13:42:07,763 INFO  CreateClassResetClassAdapter - Found static initializer in class org/apache/hadoop/thirdparty/protobuf/RopeByteString
2024-11-12 13:42:07,763 INFO  EvoClassLoader - Keeping class: org.apache.hadoop.thirdparty.protobuf.RopeByteString
2024-11-12 13:42:07,764 INFO  EvoClassLoader - Seeing class for first time: org.apache.hadoop.thirdparty.protobuf.RopeByteString$RopeInputStream
2024-11-12 13:42:07,764 INFO  EvoClassLoader - Instrumenting class 'org.apache.hadoop.thirdparty.protobuf.RopeByteString$RopeInputStream'.
2024-11-12 13:42:07,764 INFO  MethodCallReplacementClassAdapter - Adding mock interface to class org/apache/hadoop/thirdparty/protobuf/RopeByteString$RopeInputStream
2024-11-12 13:42:07,764 INFO  CreateClassResetClassAdapter - Creating brand-new static initializer in class org/apache/hadoop/thirdparty/protobuf/RopeByteString$RopeInputStream
2024-11-12 13:42:07,764 INFO  EvoClassLoader - Keeping class: org.apache.hadoop.thirdparty.protobuf.RopeByteString$RopeInputStream
2024-11-12 13:42:07,765 INFO  EvoClassLoader - Seeing class for first time: io.netty.util.ResourceLeakDetector$Level
2024-11-12 13:42:07,765 INFO  EvoClassLoader - Instrumenting class 'io.netty.util.ResourceLeakDetector$Level'.
2024-11-12 13:42:07,765 INFO  MethodCallReplacementClassAdapter - Adding mock interface to class io/netty/util/ResourceLeakDetector$Level
2024-11-12 13:42:07,765 INFO  CreateClassResetClassAdapter - Found static initializer in class io/netty/util/ResourceLeakDetector$Level
2024-11-12 13:42:07,765 INFO  EvoClassLoader - Keeping class: io.netty.util.ResourceLeakDetector$Level
2024-11-12 13:42:07,765 INFO  EvoClassLoader - Seeing class for first time: io.netty.util.ResourceLeakDetector
2024-11-12 13:42:07,765 INFO  EvoClassLoader - Instrumenting class 'io.netty.util.ResourceLeakDetector'.
2024-11-12 13:42:07,766 INFO  MethodCallReplacementClassAdapter - Adding mock interface to class io/netty/util/ResourceLeakDetector
2024-11-12 13:42:07,767 INFO  CreateClassResetClassAdapter - Found static initializer in class io/netty/util/ResourceLeakDetector
2024-11-12 13:42:07,768 INFO  EvoClassLoader - Keeping class: io.netty.util.ResourceLeakDetector
2024-11-12 13:42:07,768 INFO  EvoClassLoader - Seeing class for first time: io.netty.util.ResourceLeakDetector$TraceRecord
2024-11-12 13:42:07,768 INFO  EvoClassLoader - Instrumenting class 'io.netty.util.ResourceLeakDetector$TraceRecord'.
2024-11-12 13:42:07,768 INFO  MethodCallReplacementClassAdapter - Adding mock interface to class io/netty/util/ResourceLeakDetector$TraceRecord
2024-11-12 13:42:07,768 INFO  CreateClassResetClassAdapter - Found static initializer in class io/netty/util/ResourceLeakDetector$TraceRecord
2024-11-12 13:42:07,768 INFO  EvoClassLoader - Keeping class: io.netty.util.ResourceLeakDetector$TraceRecord
2024-11-12 13:42:07,768 INFO  EvoClassLoader - Seeing class for first time: io.netty.util.ResourceLeakDetector$DefaultResourceLeak
2024-11-12 13:42:07,768 INFO  EvoClassLoader - Instrumenting class 'io.netty.util.ResourceLeakDetector$DefaultResourceLeak'.
2024-11-12 13:42:07,769 INFO  MethodCallReplacementClassAdapter - Adding mock interface to class io/netty/util/ResourceLeakDetector$DefaultResourceLeak
2024-11-12 13:42:07,769 INFO  CreateClassResetClassAdapter - Found static initializer in class io/netty/util/ResourceLeakDetector$DefaultResourceLeak
2024-11-12 13:42:07,769 INFO  EvoClassLoader - Seeing class for first time: io.netty.util.ResourceLeakTracker
2024-11-12 13:42:07,769 INFO  EvoClassLoader - Instrumenting class 'io.netty.util.ResourceLeakTracker'.
2024-11-12 13:42:07,769 INFO  EvoClassLoader - Keeping class: io.netty.util.ResourceLeakTracker
2024-11-12 13:42:07,769 INFO  EvoClassLoader - Seeing class for first time: io.netty.util.ResourceLeak
2024-11-12 13:42:07,769 INFO  EvoClassLoader - Instrumenting class 'io.netty.util.ResourceLeak'.
2024-11-12 13:42:07,769 INFO  EvoClassLoader - Keeping class: io.netty.util.ResourceLeak
2024-11-12 13:42:07,769 INFO  EvoClassLoader - Keeping class: io.netty.util.ResourceLeakDetector$DefaultResourceLeak
2024-11-12 13:42:07,770 INFO  EvoClassLoader - Seeing class for first time: io.netty.util.internal.logging.InternalLoggerFactory
2024-11-12 13:42:07,770 INFO  EvoClassLoader - Instrumenting class 'io.netty.util.internal.logging.InternalLoggerFactory'.
2024-11-12 13:42:07,770 INFO  MethodCallReplacementClassAdapter - Adding mock interface to class io/netty/util/internal/logging/InternalLoggerFactory
2024-11-12 13:42:07,770 INFO  CreateClassResetClassAdapter - Creating brand-new static initializer in class io/netty/util/internal/logging/InternalLoggerFactory
2024-11-12 13:42:07,770 INFO  CreateClassResetClassAdapter - Adding bytecode for initializing field defaultFactory
2024-11-12 13:42:07,770 INFO  EvoClassLoader - Defined package (3): package io.netty.util.internal.logging, 2048307398
2024-11-12 13:42:07,770 INFO  EvoClassLoader - Keeping class: io.netty.util.internal.logging.InternalLoggerFactory
2024-11-12 13:42:07,770 INFO  EvoClassLoader - Seeing class for first time: io.netty.util.internal.logging.InternalLogger
2024-11-12 13:42:07,770 INFO  EvoClassLoader - Instrumenting class 'io.netty.util.internal.logging.InternalLogger'.
2024-11-12 13:42:07,771 INFO  EvoClassLoader - Keeping class: io.netty.util.internal.logging.InternalLogger
2024-11-12 13:42:07,771 INFO  EvoClassLoader - Seeing class for first time: io.netty.util.internal.logging.Slf4JLoggerFactory
2024-11-12 13:42:07,771 INFO  EvoClassLoader - Instrumenting class 'io.netty.util.internal.logging.Slf4JLoggerFactory'.
2024-11-12 13:42:07,771 INFO  MethodCallReplacementClassAdapter - Adding mock interface to class io/netty/util/internal/logging/Slf4JLoggerFactory
2024-11-12 13:42:07,772 INFO  CreateClassResetClassAdapter - Found static initializer in class io/netty/util/internal/logging/Slf4JLoggerFactory
2024-11-12 13:42:07,772 INFO  EvoClassLoader - Keeping class: io.netty.util.internal.logging.Slf4JLoggerFactory
2024-11-12 13:42:07,772 INFO  EvoClassLoader - Seeing class for first time: io.netty.util.internal.logging.AbstractInternalLogger
2024-11-12 13:42:07,772 INFO  EvoClassLoader - Instrumenting class 'io.netty.util.internal.logging.AbstractInternalLogger'.
2024-11-12 13:42:07,773 INFO  MethodCallReplacementClassAdapter - Adding mock interface to class io/netty/util/internal/logging/AbstractInternalLogger
2024-11-12 13:42:07,773 INFO  CreateClassResetClassAdapter - Creating brand-new static initializer in class io/netty/util/internal/logging/AbstractInternalLogger
2024-11-12 13:42:07,773 INFO  CreateClassResetClassAdapter - Adding bytecode for initializing field EXCEPTION_MESSAGE
2024-11-12 13:42:07,773 INFO  EvoClassLoader - Keeping class: io.netty.util.internal.logging.AbstractInternalLogger
2024-11-12 13:42:07,773 INFO  EvoClassLoader - Seeing class for first time: io.netty.util.internal.logging.LocationAwareSlf4JLogger
2024-11-12 13:42:07,773 INFO  EvoClassLoader - Instrumenting class 'io.netty.util.internal.logging.LocationAwareSlf4JLogger'.
2024-11-12 13:42:07,774 INFO  MethodCallReplacementClassAdapter - Adding mock interface to class io/netty/util/internal/logging/LocationAwareSlf4JLogger
2024-11-12 13:42:07,774 INFO  CreateClassResetClassAdapter - Found static initializer in class io/netty/util/internal/logging/LocationAwareSlf4JLogger
2024-11-12 13:42:07,774 INFO  EvoClassLoader - Keeping class: io.netty.util.internal.logging.LocationAwareSlf4JLogger
2024-11-12 13:42:07,774 INFO  EvoClassLoader - Seeing class for first time: io.netty.util.internal.logging.Slf4JLogger
2024-11-12 13:42:07,774 INFO  EvoClassLoader - Instrumenting class 'io.netty.util.internal.logging.Slf4JLogger'.
2024-11-12 13:42:07,774 INFO  MethodCallReplacementClassAdapter - Adding mock interface to class io/netty/util/internal/logging/Slf4JLogger
2024-11-12 13:42:07,774 INFO  CreateClassResetClassAdapter - Creating brand-new static initializer in class io/netty/util/internal/logging/Slf4JLogger
2024-11-12 13:42:07,774 INFO  EvoClassLoader - Keeping class: io.netty.util.internal.logging.Slf4JLogger
2024-11-12 13:42:07,774 INFO  EvoClassLoader - Seeing class for first time: io.netty.util.internal.logging.Slf4JLoggerFactory$NopInstanceHolder
2024-11-12 13:42:07,774 INFO  EvoClassLoader - Instrumenting class 'io.netty.util.internal.logging.Slf4JLoggerFactory$NopInstanceHolder'.
2024-11-12 13:42:07,775 INFO  MethodCallReplacementClassAdapter - Adding mock interface to class io/netty/util/internal/logging/Slf4JLoggerFactory$NopInstanceHolder
2024-11-12 13:42:07,775 INFO  CreateClassResetClassAdapter - Found static initializer in class io/netty/util/internal/logging/Slf4JLoggerFactory$NopInstanceHolder
2024-11-12 13:42:07,775 INFO  EvoClassLoader - Keeping class: io.netty.util.internal.logging.Slf4JLoggerFactory$NopInstanceHolder
2024-11-12 13:42:07,775 INFO  EvoClassLoader - Seeing class for first time: io.netty.util.internal.logging.InternalLogLevel
2024-11-12 13:42:07,775 INFO  EvoClassLoader - Instrumenting class 'io.netty.util.internal.logging.InternalLogLevel'.
2024-11-12 13:42:07,775 INFO  MethodCallReplacementClassAdapter - Adding mock interface to class io/netty/util/internal/logging/InternalLogLevel
2024-11-12 13:42:07,775 INFO  CreateClassResetClassAdapter - Found static initializer in class io/netty/util/internal/logging/InternalLogLevel
2024-11-12 13:42:07,776 INFO  EvoClassLoader - Keeping class: io.netty.util.internal.logging.InternalLogLevel
2024-11-12 13:42:07,776 INFO  EvoClassLoader - Seeing class for first time: io.netty.util.internal.ObjectUtil
2024-11-12 13:42:07,776 INFO  EvoClassLoader - Instrumenting class 'io.netty.util.internal.ObjectUtil'.
2024-11-12 13:42:07,776 INFO  MethodCallReplacementClassAdapter - Adding mock interface to class io/netty/util/internal/ObjectUtil
2024-11-12 13:42:07,777 INFO  CreateClassResetClassAdapter - Creating brand-new static initializer in class io/netty/util/internal/ObjectUtil
2024-11-12 13:42:07,777 INFO  CreateClassResetClassAdapter - Adding bytecode for initializing field FLOAT_ZERO
2024-11-12 13:42:07,777 INFO  CreateClassResetClassAdapter - Adding bytecode for initializing field DOUBLE_ZERO
2024-11-12 13:42:07,777 INFO  CreateClassResetClassAdapter - Adding bytecode for initializing field LONG_ZERO
2024-11-12 13:42:07,777 INFO  CreateClassResetClassAdapter - Adding bytecode for initializing field INT_ZERO
2024-11-12 13:42:07,777 INFO  EvoClassLoader - Defined package (3): package io.netty.util.internal, 1713044053
2024-11-12 13:42:07,777 INFO  EvoClassLoader - Keeping class: io.netty.util.internal.ObjectUtil
2024-11-12 13:42:07,778 INFO  EvoClassLoader - Seeing class for first time: io.netty.util.internal.SystemPropertyUtil
2024-11-12 13:42:07,778 INFO  EvoClassLoader - Instrumenting class 'io.netty.util.internal.SystemPropertyUtil'.
2024-11-12 13:42:07,778 INFO  MethodCallReplacementClassAdapter - Adding mock interface to class io/netty/util/internal/SystemPropertyUtil
2024-11-12 13:42:07,778 INFO  CreateClassResetClassAdapter - Found static initializer in class io/netty/util/internal/SystemPropertyUtil
2024-11-12 13:42:07,778 INFO  EvoClassLoader - Keeping class: io.netty.util.internal.SystemPropertyUtil
2024-11-12 13:42:07,778 INFO  EvoClassLoader - Seeing class for first time: io.netty.util.internal.SystemPropertyUtil$1
2024-11-12 13:42:07,778 INFO  EvoClassLoader - Instrumenting class 'io.netty.util.internal.SystemPropertyUtil$1'.
2024-11-12 13:42:07,778 INFO  MethodCallReplacementClassAdapter - Adding mock interface to class io/netty/util/internal/SystemPropertyUtil$1
2024-11-12 13:42:07,779 INFO  EvoClassLoader - Keeping class: io.netty.util.internal.SystemPropertyUtil$1
2024-11-12 13:42:07,779 INFO  EvoClassLoader - Seeing class for first time: io.netty.util.internal.EmptyArrays
2024-11-12 13:42:07,779 INFO  EvoClassLoader - Instrumenting class 'io.netty.util.internal.EmptyArrays'.
2024-11-12 13:42:07,779 INFO  MethodCallReplacementClassAdapter - Adding mock interface to class io/netty/util/internal/EmptyArrays
2024-11-12 13:42:07,779 INFO  CreateClassResetClassAdapter - Found static initializer in class io/netty/util/internal/EmptyArrays
2024-11-12 13:42:07,779 INFO  EvoClassLoader - Keeping class: io.netty.util.internal.EmptyArrays
2024-11-12 13:42:07,779 INFO  EvoClassLoader - Seeing class for first time: io.netty.util.AsciiString
2024-11-12 13:42:07,779 INFO  EvoClassLoader - Instrumenting class 'io.netty.util.AsciiString'.
2024-11-12 13:42:07,780 INFO  MethodCallReplacementClassAdapter - Adding mock interface to class io/netty/util/AsciiString
2024-11-12 13:42:07,781 INFO  CreateClassResetClassAdapter - Found static initializer in class io/netty/util/AsciiString
2024-11-12 13:42:07,782 INFO  EvoClassLoader - Keeping class: io.netty.util.AsciiString
2024-11-12 13:42:07,783 INFO  EvoClassLoader - Seeing class for first time: io.netty.buffer.AbstractByteBufAllocator
2024-11-12 13:42:07,783 INFO  EvoClassLoader - Instrumenting class 'io.netty.buffer.AbstractByteBufAllocator'.
2024-11-12 13:42:07,783 INFO  MethodCallReplacementClassAdapter - Adding mock interface to class io/netty/buffer/AbstractByteBufAllocator
2024-11-12 13:42:07,790 INFO  CreateClassResetClassAdapter - Found static initializer in class io/netty/buffer/AbstractByteBufAllocator
2024-11-12 13:42:07,791 INFO  EvoClassLoader - Defined package (3): package io.netty.buffer, -617234796
2024-11-12 13:42:07,791 INFO  EvoClassLoader - Seeing class for first time: io.netty.buffer.ByteBufAllocator
2024-11-12 13:42:07,791 INFO  EvoClassLoader - Instrumenting class 'io.netty.buffer.ByteBufAllocator'.
2024-11-12 13:42:07,792 INFO  EvoClassLoader - Keeping class: io.netty.buffer.ByteBufAllocator
2024-11-12 13:42:07,792 INFO  EvoClassLoader - Keeping class: io.netty.buffer.AbstractByteBufAllocator
2024-11-12 13:42:07,792 INFO  EvoClassLoader - Seeing class for first time: io.netty.buffer.ByteBuf
2024-11-12 13:42:07,792 INFO  EvoClassLoader - Instrumenting class 'io.netty.buffer.ByteBuf'.
2024-11-12 13:42:07,792 INFO  MethodCallReplacementClassAdapter - Adding mock interface to class io/netty/buffer/ByteBuf
2024-11-12 13:42:07,793 INFO  CreateClassResetClassAdapter - Creating brand-new static initializer in class io/netty/buffer/ByteBuf
2024-11-12 13:42:07,793 INFO  EvoClassLoader - Seeing class for first time: io.netty.util.ReferenceCounted
2024-11-12 13:42:07,793 INFO  EvoClassLoader - Instrumenting class 'io.netty.util.ReferenceCounted'.
2024-11-12 13:42:07,793 INFO  EvoClassLoader - Keeping class: io.netty.util.ReferenceCounted
2024-11-12 13:42:07,793 INFO  EvoClassLoader - Seeing class for first time: io.netty.buffer.ByteBufConvertible
2024-11-12 13:42:07,793 INFO  EvoClassLoader - Instrumenting class 'io.netty.buffer.ByteBufConvertible'.
2024-11-12 13:42:07,794 INFO  EvoClassLoader - Keeping class: io.netty.buffer.ByteBufConvertible
2024-11-12 13:42:07,795 INFO  EvoClassLoader - Keeping class: io.netty.buffer.ByteBuf
2024-11-12 13:42:07,795 INFO  EvoClassLoader - Seeing class for first time: io.netty.buffer.SimpleLeakAwareByteBuf
2024-11-12 13:42:07,795 INFO  EvoClassLoader - Instrumenting class 'io.netty.buffer.SimpleLeakAwareByteBuf'.
2024-11-12 13:42:07,795 INFO  MethodCallReplacementClassAdapter - Adding mock interface to class io/netty/buffer/SimpleLeakAwareByteBuf
2024-11-12 13:42:07,795 INFO  CreateClassResetClassAdapter - Found static initializer in class io/netty/buffer/SimpleLeakAwareByteBuf
2024-11-12 13:42:07,795 INFO  EvoClassLoader - Seeing class for first time: io.netty.buffer.WrappedByteBuf
2024-11-12 13:42:07,795 INFO  EvoClassLoader - Instrumenting class 'io.netty.buffer.WrappedByteBuf'.
2024-11-12 13:42:07,796 INFO  MethodCallReplacementClassAdapter - Adding mock interface to class io/netty/buffer/WrappedByteBuf
2024-11-12 13:42:07,796 INFO  CreateClassResetClassAdapter - Creating brand-new static initializer in class io/netty/buffer/WrappedByteBuf
2024-11-12 13:42:07,797 INFO  EvoClassLoader - Keeping class: io.netty.buffer.WrappedByteBuf
2024-11-12 13:42:07,797 INFO  EvoClassLoader - Keeping class: io.netty.buffer.SimpleLeakAwareByteBuf
2024-11-12 13:42:07,797 INFO  EvoClassLoader - Seeing class for first time: io.netty.buffer.AdvancedLeakAwareByteBuf
2024-11-12 13:42:07,797 INFO  EvoClassLoader - Instrumenting class 'io.netty.buffer.AdvancedLeakAwareByteBuf'.
2024-11-12 13:42:07,797 INFO  MethodCallReplacementClassAdapter - Adding mock interface to class io/netty/buffer/AdvancedLeakAwareByteBuf
2024-11-12 13:42:07,797 INFO  CreateClassResetClassAdapter - Found static initializer in class io/netty/buffer/AdvancedLeakAwareByteBuf
2024-11-12 13:42:07,798 INFO  EvoClassLoader - Keeping class: io.netty.buffer.AdvancedLeakAwareByteBuf
2024-11-12 13:42:07,798 INFO  EvoClassLoader - Seeing class for first time: io.netty.buffer.CompositeByteBuf
2024-11-12 13:42:07,798 INFO  EvoClassLoader - Instrumenting class 'io.netty.buffer.CompositeByteBuf'.
2024-11-12 13:42:07,799 INFO  MethodCallReplacementClassAdapter - Adding mock interface to class io/netty/buffer/CompositeByteBuf
2024-11-12 13:42:07,801 INFO  CreateClassResetClassAdapter - Found static initializer in class io/netty/buffer/CompositeByteBuf
2024-11-12 13:42:07,802 INFO  EvoClassLoader - Seeing class for first time: io.netty.buffer.AbstractReferenceCountedByteBuf
2024-11-12 13:42:07,802 INFO  EvoClassLoader - Instrumenting class 'io.netty.buffer.AbstractReferenceCountedByteBuf'.
2024-11-12 13:42:07,802 INFO  MethodCallReplacementClassAdapter - Adding mock interface to class io/netty/buffer/AbstractReferenceCountedByteBuf
2024-11-12 13:42:07,803 INFO  CreateClassResetClassAdapter - Found static initializer in class io/netty/buffer/AbstractReferenceCountedByteBuf
2024-11-12 13:42:07,803 INFO  EvoClassLoader - Seeing class for first time: io.netty.buffer.AbstractByteBuf
2024-11-12 13:42:07,803 INFO  EvoClassLoader - Instrumenting class 'io.netty.buffer.AbstractByteBuf'.
2024-11-12 13:42:07,803 INFO  MethodCallReplacementClassAdapter - Adding mock interface to class io/netty/buffer/AbstractByteBuf
2024-11-12 13:42:07,804 INFO  CreateClassResetClassAdapter - Found static initializer in class io/netty/buffer/AbstractByteBuf
2024-11-12 13:42:07,805 INFO  EvoClassLoader - Keeping class: io.netty.buffer.AbstractByteBuf
2024-11-12 13:42:07,805 INFO  EvoClassLoader - Keeping class: io.netty.buffer.AbstractReferenceCountedByteBuf
2024-11-12 13:42:07,805 INFO  EvoClassLoader - Keeping class: io.netty.buffer.CompositeByteBuf
2024-11-12 13:42:07,805 INFO  EvoClassLoader - Seeing class for first time: io.netty.buffer.SimpleLeakAwareCompositeByteBuf
2024-11-12 13:42:07,805 INFO  EvoClassLoader - Instrumenting class 'io.netty.buffer.SimpleLeakAwareCompositeByteBuf'.
2024-11-12 13:42:07,805 INFO  MethodCallReplacementClassAdapter - Adding mock interface to class io/netty/buffer/SimpleLeakAwareCompositeByteBuf
2024-11-12 13:42:07,805 INFO  CreateClassResetClassAdapter - Found static initializer in class io/netty/buffer/SimpleLeakAwareCompositeByteBuf
2024-11-12 13:42:07,805 INFO  EvoClassLoader - Seeing class for first time: io.netty.buffer.WrappedCompositeByteBuf
2024-11-12 13:42:07,805 INFO  EvoClassLoader - Instrumenting class 'io.netty.buffer.WrappedCompositeByteBuf'.
2024-11-12 13:42:07,806 INFO  MethodCallReplacementClassAdapter - Adding mock interface to class io/netty/buffer/WrappedCompositeByteBuf
2024-11-12 13:42:07,806 INFO  CreateClassResetClassAdapter - Creating brand-new static initializer in class io/netty/buffer/WrappedCompositeByteBuf
2024-11-12 13:42:07,807 INFO  EvoClassLoader - Keeping class: io.netty.buffer.WrappedCompositeByteBuf
2024-11-12 13:42:07,807 INFO  EvoClassLoader - Keeping class: io.netty.buffer.SimpleLeakAwareCompositeByteBuf
2024-11-12 13:42:07,807 INFO  EvoClassLoader - Seeing class for first time: io.netty.buffer.AdvancedLeakAwareCompositeByteBuf
2024-11-12 13:42:07,807 INFO  EvoClassLoader - Instrumenting class 'io.netty.buffer.AdvancedLeakAwareCompositeByteBuf'.
2024-11-12 13:42:07,807 INFO  MethodCallReplacementClassAdapter - Adding mock interface to class io/netty/buffer/AdvancedLeakAwareCompositeByteBuf
2024-11-12 13:42:07,808 INFO  CreateClassResetClassAdapter - Creating brand-new static initializer in class io/netty/buffer/AdvancedLeakAwareCompositeByteBuf
2024-11-12 13:42:07,816 INFO  EvoClassLoader - Keeping class: io.netty.buffer.AdvancedLeakAwareCompositeByteBuf
2024-11-12 13:42:07,816 INFO  EvoClassLoader - Seeing class for first time: io.netty.buffer.EmptyByteBuf
2024-11-12 13:42:07,816 INFO  EvoClassLoader - Instrumenting class 'io.netty.buffer.EmptyByteBuf'.
2024-11-12 13:42:07,817 INFO  MethodCallReplacementClassAdapter - Adding mock interface to class io/netty/buffer/EmptyByteBuf
2024-11-12 13:42:07,818 INFO  CreateClassResetClassAdapter - Found static initializer in class io/netty/buffer/EmptyByteBuf
2024-11-12 13:42:07,819 INFO  EvoClassLoader - Keeping class: io.netty.buffer.EmptyByteBuf
2024-11-12 13:42:07,819 INFO  EvoClassLoader - Seeing class for first time: io.netty.util.NettyRuntime$AvailableProcessorsHolder
2024-11-12 13:42:07,819 INFO  EvoClassLoader - Instrumenting class 'io.netty.util.NettyRuntime$AvailableProcessorsHolder'.
2024-11-12 13:42:07,819 INFO  MethodCallReplacementClassAdapter - Adding mock interface to class io/netty/util/NettyRuntime$AvailableProcessorsHolder
2024-11-12 13:42:07,820 INFO  CreateClassResetClassAdapter - Creating brand-new static initializer in class io/netty/util/NettyRuntime$AvailableProcessorsHolder
2024-11-12 13:42:07,820 INFO  EvoClassLoader - Keeping class: io.netty.util.NettyRuntime$AvailableProcessorsHolder
2024-11-12 13:42:07,820 INFO  EvoClassLoader - Seeing class for first time: io.netty.util.NettyRuntime
2024-11-12 13:42:07,820 INFO  EvoClassLoader - Instrumenting class 'io.netty.util.NettyRuntime'.
2024-11-12 13:42:07,820 INFO  MethodCallReplacementClassAdapter - Adding mock interface to class io/netty/util/NettyRuntime
2024-11-12 13:42:07,820 INFO  CreateClassResetClassAdapter - Found static initializer in class io/netty/util/NettyRuntime
2024-11-12 13:42:07,821 INFO  EvoClassLoader - Keeping class: io.netty.util.NettyRuntime
2024-11-12 13:42:07,821 INFO  EvoClassLoader - Seeing class for first time: io.netty.util.internal.PlatformDependent0$1
2024-11-12 13:42:07,821 INFO  EvoClassLoader - Instrumenting class 'io.netty.util.internal.PlatformDependent0$1'.
2024-11-12 13:42:07,821 INFO  MethodCallReplacementClassAdapter - Adding mock interface to class io/netty/util/internal/PlatformDependent0$1
2024-11-12 13:42:07,821 INFO  EvoClassLoader - Keeping class: io.netty.util.internal.PlatformDependent0$1
2024-11-12 13:42:07,821 INFO  EvoClassLoader - Seeing class for first time: io.netty.util.internal.PlatformDependent0
2024-11-12 13:42:07,821 INFO  EvoClassLoader - Instrumenting class 'io.netty.util.internal.PlatformDependent0'.
2024-11-12 13:42:07,822 INFO  MethodCallReplacementClassAdapter - Adding mock interface to class io/netty/util/internal/PlatformDependent0
2024-11-12 13:42:07,822 INFO  CreateClassResetClassAdapter - Found static initializer in class io/netty/util/internal/PlatformDependent0
2024-11-12 13:42:07,824 INFO  EvoClassLoader - Keeping class: io.netty.util.internal.PlatformDependent0
2024-11-12 13:42:07,824 INFO  EvoClassLoader - Seeing class for first time: io.netty.util.internal.ReflectionUtil
2024-11-12 13:42:07,824 INFO  EvoClassLoader - Instrumenting class 'io.netty.util.internal.ReflectionUtil'.
2024-11-12 13:42:07,824 INFO  MethodCallReplacementClassAdapter - Adding mock interface to class io/netty/util/internal/ReflectionUtil
2024-11-12 13:42:07,825 INFO  CreateClassResetClassAdapter - Creating brand-new static initializer in class io/netty/util/internal/ReflectionUtil
2024-11-12 13:42:07,825 INFO  EvoClassLoader - Keeping class: io.netty.util.internal.ReflectionUtil
2024-11-12 13:42:07,825 INFO  EvoClassLoader - Seeing class for first time: io.netty.util.internal.PlatformDependent0$2
2024-11-12 13:42:07,825 INFO  EvoClassLoader - Instrumenting class 'io.netty.util.internal.PlatformDependent0$2'.
2024-11-12 13:42:07,825 INFO  MethodCallReplacementClassAdapter - Adding mock interface to class io/netty/util/internal/PlatformDependent0$2
2024-11-12 13:42:07,825 INFO  EvoClassLoader - Keeping class: io.netty.util.internal.PlatformDependent0$2
2024-11-12 13:42:07,825 INFO  EvoClassLoader - Seeing class for first time: io.netty.util.internal.PlatformDependent0$3
2024-11-12 13:42:07,825 INFO  EvoClassLoader - Instrumenting class 'io.netty.util.internal.PlatformDependent0$3'.
2024-11-12 13:42:07,826 INFO  MethodCallReplacementClassAdapter - Adding mock interface to class io/netty/util/internal/PlatformDependent0$3
2024-11-12 13:42:07,826 INFO  EvoClassLoader - Keeping class: io.netty.util.internal.PlatformDependent0$3
2024-11-12 13:42:07,826 INFO  EvoClassLoader - Seeing class for first time: io.netty.util.internal.PlatformDependent0$4
2024-11-12 13:42:07,826 INFO  EvoClassLoader - Instrumenting class 'io.netty.util.internal.PlatformDependent0$4'.
2024-11-12 13:42:07,826 INFO  MethodCallReplacementClassAdapter - Adding mock interface to class io/netty/util/internal/PlatformDependent0$4
2024-11-12 13:42:07,826 INFO  EvoClassLoader - Keeping class: io.netty.util.internal.PlatformDependent0$4
2024-11-12 13:42:07,826 INFO  EvoClassLoader - Seeing class for first time: io.netty.util.internal.PlatformDependent0$5
2024-11-12 13:42:07,826 INFO  EvoClassLoader - Instrumenting class 'io.netty.util.internal.PlatformDependent0$5'.
2024-11-12 13:42:07,826 INFO  MethodCallReplacementClassAdapter - Adding mock interface to class io/netty/util/internal/PlatformDependent0$5
2024-11-12 13:42:07,826 INFO  EvoClassLoader - Keeping class: io.netty.util.internal.PlatformDependent0$5
2024-11-12 13:42:07,826 INFO  EvoClassLoader - Seeing class for first time: io.netty.util.internal.PlatformDependent0$6
2024-11-12 13:42:07,826 INFO  EvoClassLoader - Instrumenting class 'io.netty.util.internal.PlatformDependent0$6'.
2024-11-12 13:42:07,827 INFO  MethodCallReplacementClassAdapter - Adding mock interface to class io/netty/util/internal/PlatformDependent0$6
2024-11-12 13:42:07,827 INFO  EvoClassLoader - Keeping class: io.netty.util.internal.PlatformDependent0$6
2024-11-12 13:42:07,827 INFO  EvoClassLoader - Seeing class for first time: io.netty.util.internal.PlatformDependent0$12
2024-11-12 13:42:07,827 INFO  EvoClassLoader - Instrumenting class 'io.netty.util.internal.PlatformDependent0$12'.
2024-11-12 13:42:07,827 INFO  MethodCallReplacementClassAdapter - Adding mock interface to class io/netty/util/internal/PlatformDependent0$12
2024-11-12 13:42:07,827 INFO  EvoClassLoader - Keeping class: io.netty.util.internal.PlatformDependent0$12
2024-11-12 13:42:07,829 INFO  EvoClassLoader - Seeing class for first time: io.netty.util.internal.PlatformDependent$1
2024-11-12 13:42:07,829 INFO  EvoClassLoader - Instrumenting class 'io.netty.util.internal.PlatformDependent$1'.
2024-11-12 13:42:07,829 INFO  MethodCallReplacementClassAdapter - Adding mock interface to class io/netty/util/internal/PlatformDependent$1
2024-11-12 13:42:07,829 INFO  EvoClassLoader - Seeing class for first time: io.netty.util.internal.Cleaner
2024-11-12 13:42:07,829 INFO  EvoClassLoader - Instrumenting class 'io.netty.util.internal.Cleaner'.
2024-11-12 13:42:07,829 INFO  EvoClassLoader - Keeping class: io.netty.util.internal.Cleaner
2024-11-12 13:42:07,829 INFO  EvoClassLoader - Keeping class: io.netty.util.internal.PlatformDependent$1
2024-11-12 13:42:07,829 INFO  EvoClassLoader - Seeing class for first time: io.netty.util.internal.PlatformDependent
2024-11-12 13:42:07,829 INFO  EvoClassLoader - Instrumenting class 'io.netty.util.internal.PlatformDependent'.
2024-11-12 13:42:07,830 INFO  MethodCallReplacementClassAdapter - Adding mock interface to class io/netty/util/internal/PlatformDependent
2024-11-12 13:42:07,838 INFO  CreateClassResetClassAdapter - Found static initializer in class io/netty/util/internal/PlatformDependent
2024-11-12 13:42:07,840 INFO  EvoClassLoader - Keeping class: io.netty.util.internal.PlatformDependent
2024-11-12 13:42:07,840 INFO  EvoClassLoader - Seeing class for first time: io.netty.util.internal.PlatformDependent$2
2024-11-12 13:42:07,840 INFO  EvoClassLoader - Instrumenting class 'io.netty.util.internal.PlatformDependent$2'.
2024-11-12 13:42:07,840 INFO  MethodCallReplacementClassAdapter - Adding mock interface to class io/netty/util/internal/PlatformDependent$2
2024-11-12 13:42:07,840 INFO  EvoClassLoader - Seeing class for first time: io.netty.util.internal.PlatformDependent$ThreadLocalRandomProvider
2024-11-12 13:42:07,840 INFO  EvoClassLoader - Instrumenting class 'io.netty.util.internal.PlatformDependent$ThreadLocalRandomProvider'.
2024-11-12 13:42:07,841 INFO  EvoClassLoader - Keeping class: io.netty.util.internal.PlatformDependent$ThreadLocalRandomProvider
2024-11-12 13:42:07,841 INFO  EvoClassLoader - Keeping class: io.netty.util.internal.PlatformDependent$2
2024-11-12 13:42:07,841 INFO  EvoClassLoader - Seeing class for first time: io.netty.util.internal.CleanerJava6$1
2024-11-12 13:42:07,841 INFO  EvoClassLoader - Instrumenting class 'io.netty.util.internal.CleanerJava6$1'.
2024-11-12 13:42:07,841 INFO  MethodCallReplacementClassAdapter - Adding mock interface to class io/netty/util/internal/CleanerJava6$1
2024-11-12 13:42:07,841 INFO  EvoClassLoader - Keeping class: io.netty.util.internal.CleanerJava6$1
2024-11-12 13:42:07,841 INFO  EvoClassLoader - Seeing class for first time: io.netty.util.internal.CleanerJava6
2024-11-12 13:42:07,841 INFO  EvoClassLoader - Instrumenting class 'io.netty.util.internal.CleanerJava6'.
2024-11-12 13:42:07,841 INFO  MethodCallReplacementClassAdapter - Adding mock interface to class io/netty/util/internal/CleanerJava6
2024-11-12 13:42:07,841 INFO  CreateClassResetClassAdapter - Found static initializer in class io/netty/util/internal/CleanerJava6
2024-11-12 13:42:07,841 INFO  EvoClassLoader - Keeping class: io.netty.util.internal.CleanerJava6
2024-11-12 13:42:07,842 INFO  EvoClassLoader - Seeing class for first time: io.netty.util.internal.shaded.org.jctools.queues.SpscLinkedQueue
2024-11-12 13:42:07,842 INFO  EvoClassLoader - Instrumenting class 'io.netty.util.internal.shaded.org.jctools.queues.SpscLinkedQueue'.
2024-11-12 13:42:07,842 INFO  MethodCallReplacementClassAdapter - Adding mock interface to class io/netty/util/internal/shaded/org/jctools/queues/SpscLinkedQueue
2024-11-12 13:42:07,843 INFO  CreateClassResetClassAdapter - Creating brand-new static initializer in class io/netty/util/internal/shaded/org/jctools/queues/SpscLinkedQueue
2024-11-12 13:42:07,843 INFO  EvoClassLoader - Defined package (3): package io.netty.util.internal.shaded.org.jctools.queues, 1012279830
2024-11-12 13:42:07,843 INFO  EvoClassLoader - Seeing class for first time: io.netty.util.internal.shaded.org.jctools.queues.BaseLinkedQueue
2024-11-12 13:42:07,843 INFO  EvoClassLoader - Instrumenting class 'io.netty.util.internal.shaded.org.jctools.queues.BaseLinkedQueue'.
2024-11-12 13:42:07,843 INFO  MethodCallReplacementClassAdapter - Adding mock interface to class io/netty/util/internal/shaded/org/jctools/queues/BaseLinkedQueue
2024-11-12 13:42:07,843 INFO  CreateClassResetClassAdapter - Creating brand-new static initializer in class io/netty/util/internal/shaded/org/jctools/queues/BaseLinkedQueue
2024-11-12 13:42:07,843 INFO  EvoClassLoader - Seeing class for first time: io.netty.util.internal.shaded.org.jctools.queues.BaseLinkedQueuePad2
2024-11-12 13:42:07,843 INFO  EvoClassLoader - Instrumenting class 'io.netty.util.internal.shaded.org.jctools.queues.BaseLinkedQueuePad2'.
2024-11-12 13:42:07,844 INFO  MethodCallReplacementClassAdapter - Adding mock interface to class io/netty/util/internal/shaded/org/jctools/queues/BaseLinkedQueuePad2
2024-11-12 13:42:07,844 INFO  CreateClassResetClassAdapter - Creating brand-new static initializer in class io/netty/util/internal/shaded/org/jctools/queues/BaseLinkedQueuePad2
2024-11-12 13:42:07,844 INFO  EvoClassLoader - Seeing class for first time: io.netty.util.internal.shaded.org.jctools.queues.BaseLinkedQueueConsumerNodeRef
2024-11-12 13:42:07,844 INFO  EvoClassLoader - Instrumenting class 'io.netty.util.internal.shaded.org.jctools.queues.BaseLinkedQueueConsumerNodeRef'.
2024-11-12 13:42:07,844 INFO  MethodCallReplacementClassAdapter - Adding mock interface to class io/netty/util/internal/shaded/org/jctools/queues/BaseLinkedQueueConsumerNodeRef
2024-11-12 13:42:07,844 INFO  CreateClassResetClassAdapter - Found static initializer in class io/netty/util/internal/shaded/org/jctools/queues/BaseLinkedQueueConsumerNodeRef
2024-11-12 13:42:07,844 INFO  EvoClassLoader - Seeing class for first time: io.netty.util.internal.shaded.org.jctools.queues.BaseLinkedQueuePad1
2024-11-12 13:42:07,844 INFO  EvoClassLoader - Instrumenting class 'io.netty.util.internal.shaded.org.jctools.queues.BaseLinkedQueuePad1'.
2024-11-12 13:42:07,844 INFO  MethodCallReplacementClassAdapter - Adding mock interface to class io/netty/util/internal/shaded/org/jctools/queues/BaseLinkedQueuePad1
2024-11-12 13:42:07,844 INFO  CreateClassResetClassAdapter - Creating brand-new static initializer in class io/netty/util/internal/shaded/org/jctools/queues/BaseLinkedQueuePad1
2024-11-12 13:42:07,844 INFO  EvoClassLoader - Seeing class for first time: io.netty.util.internal.shaded.org.jctools.queues.BaseLinkedQueueProducerNodeRef
2024-11-12 13:42:07,844 INFO  EvoClassLoader - Instrumenting class 'io.netty.util.internal.shaded.org.jctools.queues.BaseLinkedQueueProducerNodeRef'.
2024-11-12 13:42:07,844 INFO  MethodCallReplacementClassAdapter - Adding mock interface to class io/netty/util/internal/shaded/org/jctools/queues/BaseLinkedQueueProducerNodeRef
2024-11-12 13:42:07,844 INFO  CreateClassResetClassAdapter - Found static initializer in class io/netty/util/internal/shaded/org/jctools/queues/BaseLinkedQueueProducerNodeRef
2024-11-12 13:42:07,845 INFO  EvoClassLoader - Seeing class for first time: io.netty.util.internal.shaded.org.jctools.queues.BaseLinkedQueuePad0
2024-11-12 13:42:07,845 INFO  EvoClassLoader - Instrumenting class 'io.netty.util.internal.shaded.org.jctools.queues.BaseLinkedQueuePad0'.
2024-11-12 13:42:07,845 INFO  MethodCallReplacementClassAdapter - Adding mock interface to class io/netty/util/internal/shaded/org/jctools/queues/BaseLinkedQueuePad0
2024-11-12 13:42:07,845 INFO  CreateClassResetClassAdapter - Creating brand-new static initializer in class io/netty/util/internal/shaded/org/jctools/queues/BaseLinkedQueuePad0
2024-11-12 13:42:07,845 INFO  EvoClassLoader - Seeing class for first time: io.netty.util.internal.shaded.org.jctools.queues.MessagePassingQueue
2024-11-12 13:42:07,845 INFO  EvoClassLoader - Instrumenting class 'io.netty.util.internal.shaded.org.jctools.queues.MessagePassingQueue'.
2024-11-12 13:42:07,845 INFO  EvoClassLoader - Keeping class: io.netty.util.internal.shaded.org.jctools.queues.MessagePassingQueue
2024-11-12 13:42:07,845 INFO  EvoClassLoader - Keeping class: io.netty.util.internal.shaded.org.jctools.queues.BaseLinkedQueuePad0
2024-11-12 13:42:07,845 INFO  EvoClassLoader - Keeping class: io.netty.util.internal.shaded.org.jctools.queues.BaseLinkedQueueProducerNodeRef
2024-11-12 13:42:07,845 INFO  EvoClassLoader - Keeping class: io.netty.util.internal.shaded.org.jctools.queues.BaseLinkedQueuePad1
2024-11-12 13:42:07,845 INFO  EvoClassLoader - Keeping class: io.netty.util.internal.shaded.org.jctools.queues.BaseLinkedQueueConsumerNodeRef
2024-11-12 13:42:07,845 INFO  EvoClassLoader - Keeping class: io.netty.util.internal.shaded.org.jctools.queues.BaseLinkedQueuePad2
2024-11-12 13:42:07,845 INFO  EvoClassLoader - Keeping class: io.netty.util.internal.shaded.org.jctools.queues.BaseLinkedQueue
2024-11-12 13:42:07,845 INFO  EvoClassLoader - Keeping class: io.netty.util.internal.shaded.org.jctools.queues.SpscLinkedQueue
2024-11-12 13:42:07,845 INFO  EvoClassLoader - Seeing class for first time: io.netty.util.internal.shaded.org.jctools.queues.atomic.SpscLinkedAtomicQueue
2024-11-12 13:42:07,845 INFO  EvoClassLoader - Instrumenting class 'io.netty.util.internal.shaded.org.jctools.queues.atomic.SpscLinkedAtomicQueue'.
2024-11-12 13:42:07,846 INFO  MethodCallReplacementClassAdapter - Adding mock interface to class io/netty/util/internal/shaded/org/jctools/queues/atomic/SpscLinkedAtomicQueue
2024-11-12 13:42:07,846 INFO  CreateClassResetClassAdapter - Creating brand-new static initializer in class io/netty/util/internal/shaded/org/jctools/queues/atomic/SpscLinkedAtomicQueue
2024-11-12 13:42:07,846 INFO  EvoClassLoader - Defined package (3): package io.netty.util.internal.shaded.org.jctools.queues.atomic, 1662774531
2024-11-12 13:42:07,846 INFO  EvoClassLoader - Seeing class for first time: io.netty.util.internal.shaded.org.jctools.queues.atomic.BaseLinkedAtomicQueue
2024-11-12 13:42:07,846 INFO  EvoClassLoader - Instrumenting class 'io.netty.util.internal.shaded.org.jctools.queues.atomic.BaseLinkedAtomicQueue'.
2024-11-12 13:42:07,847 INFO  MethodCallReplacementClassAdapter - Adding mock interface to class io/netty/util/internal/shaded/org/jctools/queues/atomic/BaseLinkedAtomicQueue
2024-11-12 13:42:07,847 INFO  CreateClassResetClassAdapter - Creating brand-new static initializer in class io/netty/util/internal/shaded/org/jctools/queues/atomic/BaseLinkedAtomicQueue
2024-11-12 13:42:07,847 INFO  EvoClassLoader - Seeing class for first time: io.netty.util.internal.shaded.org.jctools.queues.atomic.BaseLinkedAtomicQueuePad2
2024-11-12 13:42:07,847 INFO  EvoClassLoader - Instrumenting class 'io.netty.util.internal.shaded.org.jctools.queues.atomic.BaseLinkedAtomicQueuePad2'.
2024-11-12 13:42:07,847 INFO  MethodCallReplacementClassAdapter - Adding mock interface to class io/netty/util/internal/shaded/org/jctools/queues/atomic/BaseLinkedAtomicQueuePad2
2024-11-12 13:42:07,847 INFO  CreateClassResetClassAdapter - Creating brand-new static initializer in class io/netty/util/internal/shaded/org/jctools/queues/atomic/BaseLinkedAtomicQueuePad2
2024-11-12 13:42:07,848 INFO  EvoClassLoader - Seeing class for first time: io.netty.util.internal.shaded.org.jctools.queues.atomic.BaseLinkedAtomicQueueConsumerNodeRef
2024-11-12 13:42:07,848 INFO  EvoClassLoader - Instrumenting class 'io.netty.util.internal.shaded.org.jctools.queues.atomic.BaseLinkedAtomicQueueConsumerNodeRef'.
2024-11-12 13:42:07,848 INFO  MethodCallReplacementClassAdapter - Adding mock interface to class io/netty/util/internal/shaded/org/jctools/queues/atomic/BaseLinkedAtomicQueueConsumerNodeRef
2024-11-12 13:42:07,848 INFO  CreateClassResetClassAdapter - Found static initializer in class io/netty/util/internal/shaded/org/jctools/queues/atomic/BaseLinkedAtomicQueueConsumerNodeRef
2024-11-12 13:42:07,848 INFO  EvoClassLoader - Seeing class for first time: io.netty.util.internal.shaded.org.jctools.queues.atomic.BaseLinkedAtomicQueuePad1
2024-11-12 13:42:07,848 INFO  EvoClassLoader - Instrumenting class 'io.netty.util.internal.shaded.org.jctools.queues.atomic.BaseLinkedAtomicQueuePad1'.
2024-11-12 13:42:07,848 INFO  MethodCallReplacementClassAdapter - Adding mock interface to class io/netty/util/internal/shaded/org/jctools/queues/atomic/BaseLinkedAtomicQueuePad1
2024-11-12 13:42:07,848 INFO  CreateClassResetClassAdapter - Creating brand-new static initializer in class io/netty/util/internal/shaded/org/jctools/queues/atomic/BaseLinkedAtomicQueuePad1
2024-11-12 13:42:07,848 INFO  EvoClassLoader - Seeing class for first time: io.netty.util.internal.shaded.org.jctools.queues.atomic.BaseLinkedAtomicQueueProducerNodeRef
2024-11-12 13:42:07,848 INFO  EvoClassLoader - Instrumenting class 'io.netty.util.internal.shaded.org.jctools.queues.atomic.BaseLinkedAtomicQueueProducerNodeRef'.
2024-11-12 13:42:07,849 INFO  MethodCallReplacementClassAdapter - Adding mock interface to class io/netty/util/internal/shaded/org/jctools/queues/atomic/BaseLinkedAtomicQueueProducerNodeRef
2024-11-12 13:42:07,849 INFO  CreateClassResetClassAdapter - Found static initializer in class io/netty/util/internal/shaded/org/jctools/queues/atomic/BaseLinkedAtomicQueueProducerNodeRef
2024-11-12 13:42:07,849 INFO  EvoClassLoader - Seeing class for first time: io.netty.util.internal.shaded.org.jctools.queues.atomic.BaseLinkedAtomicQueuePad0
2024-11-12 13:42:07,849 INFO  EvoClassLoader - Instrumenting class 'io.netty.util.internal.shaded.org.jctools.queues.atomic.BaseLinkedAtomicQueuePad0'.
2024-11-12 13:42:07,849 INFO  MethodCallReplacementClassAdapter - Adding mock interface to class io/netty/util/internal/shaded/org/jctools/queues/atomic/BaseLinkedAtomicQueuePad0
2024-11-12 13:42:07,849 INFO  CreateClassResetClassAdapter - Creating brand-new static initializer in class io/netty/util/internal/shaded/org/jctools/queues/atomic/BaseLinkedAtomicQueuePad0
2024-11-12 13:42:07,849 INFO  EvoClassLoader - Keeping class: io.netty.util.internal.shaded.org.jctools.queues.atomic.BaseLinkedAtomicQueuePad0
2024-11-12 13:42:07,849 INFO  EvoClassLoader - Keeping class: io.netty.util.internal.shaded.org.jctools.queues.atomic.BaseLinkedAtomicQueueProducerNodeRef
2024-11-12 13:42:07,849 INFO  EvoClassLoader - Keeping class: io.netty.util.internal.shaded.org.jctools.queues.atomic.BaseLinkedAtomicQueuePad1
2024-11-12 13:42:07,849 INFO  EvoClassLoader - Keeping class: io.netty.util.internal.shaded.org.jctools.queues.atomic.BaseLinkedAtomicQueueConsumerNodeRef
2024-11-12 13:42:07,849 INFO  EvoClassLoader - Keeping class: io.netty.util.internal.shaded.org.jctools.queues.atomic.BaseLinkedAtomicQueuePad2
2024-11-12 13:42:07,849 INFO  EvoClassLoader - Keeping class: io.netty.util.internal.shaded.org.jctools.queues.atomic.BaseLinkedAtomicQueue
2024-11-12 13:42:07,850 INFO  EvoClassLoader - Keeping class: io.netty.util.internal.shaded.org.jctools.queues.atomic.SpscLinkedAtomicQueue
2024-11-12 13:42:07,850 INFO  EvoClassLoader - Seeing class for first time: io.netty.util.internal.shaded.org.jctools.queues.MpscArrayQueue
2024-11-12 13:42:07,850 INFO  EvoClassLoader - Instrumenting class 'io.netty.util.internal.shaded.org.jctools.queues.MpscArrayQueue'.
2024-11-12 13:42:07,850 INFO  MethodCallReplacementClassAdapter - Adding mock interface to class io/netty/util/internal/shaded/org/jctools/queues/MpscArrayQueue
2024-11-12 13:42:07,851 INFO  CreateClassResetClassAdapter - Creating brand-new static initializer in class io/netty/util/internal/shaded/org/jctools/queues/MpscArrayQueue
2024-11-12 13:42:07,851 INFO  EvoClassLoader - Seeing class for first time: io.netty.util.internal.shaded.org.jctools.queues.MpscArrayQueueL3Pad
2024-11-12 13:42:07,851 INFO  EvoClassLoader - Instrumenting class 'io.netty.util.internal.shaded.org.jctools.queues.MpscArrayQueueL3Pad'.
2024-11-12 13:42:07,852 INFO  MethodCallReplacementClassAdapter - Adding mock interface to class io/netty/util/internal/shaded/org/jctools/queues/MpscArrayQueueL3Pad
2024-11-12 13:42:07,852 INFO  CreateClassResetClassAdapter - Creating brand-new static initializer in class io/netty/util/internal/shaded/org/jctools/queues/MpscArrayQueueL3Pad
2024-11-12 13:42:07,852 INFO  EvoClassLoader - Seeing class for first time: io.netty.util.internal.shaded.org.jctools.queues.MpscArrayQueueConsumerIndexField
2024-11-12 13:42:07,852 INFO  EvoClassLoader - Instrumenting class 'io.netty.util.internal.shaded.org.jctools.queues.MpscArrayQueueConsumerIndexField'.
2024-11-12 13:42:07,852 INFO  MethodCallReplacementClassAdapter - Adding mock interface to class io/netty/util/internal/shaded/org/jctools/queues/MpscArrayQueueConsumerIndexField
2024-11-12 13:42:07,852 INFO  CreateClassResetClassAdapter - Found static initializer in class io/netty/util/internal/shaded/org/jctools/queues/MpscArrayQueueConsumerIndexField
2024-11-12 13:42:07,852 INFO  EvoClassLoader - Seeing class for first time: io.netty.util.internal.shaded.org.jctools.queues.MpscArrayQueueL2Pad
2024-11-12 13:42:07,852 INFO  EvoClassLoader - Instrumenting class 'io.netty.util.internal.shaded.org.jctools.queues.MpscArrayQueueL2Pad'.
2024-11-12 13:42:07,852 INFO  MethodCallReplacementClassAdapter - Adding mock interface to class io/netty/util/internal/shaded/org/jctools/queues/MpscArrayQueueL2Pad
2024-11-12 13:42:07,852 INFO  CreateClassResetClassAdapter - Creating brand-new static initializer in class io/netty/util/internal/shaded/org/jctools/queues/MpscArrayQueueL2Pad
2024-11-12 13:42:07,853 INFO  EvoClassLoader - Seeing class for first time: io.netty.util.internal.shaded.org.jctools.queues.MpscArrayQueueProducerLimitField
2024-11-12 13:42:07,853 INFO  EvoClassLoader - Instrumenting class 'io.netty.util.internal.shaded.org.jctools.queues.MpscArrayQueueProducerLimitField'.
2024-11-12 13:42:07,853 INFO  MethodCallReplacementClassAdapter - Adding mock interface to class io/netty/util/internal/shaded/org/jctools/queues/MpscArrayQueueProducerLimitField
2024-11-12 13:42:07,853 INFO  CreateClassResetClassAdapter - Found static initializer in class io/netty/util/internal/shaded/org/jctools/queues/MpscArrayQueueProducerLimitField
2024-11-12 13:42:07,853 INFO  EvoClassLoader - Seeing class for first time: io.netty.util.internal.shaded.org.jctools.queues.MpscArrayQueueMidPad
2024-11-12 13:42:07,853 INFO  EvoClassLoader - Instrumenting class 'io.netty.util.internal.shaded.org.jctools.queues.MpscArrayQueueMidPad'.
2024-11-12 13:42:07,853 INFO  MethodCallReplacementClassAdapter - Adding mock interface to class io/netty/util/internal/shaded/org/jctools/queues/MpscArrayQueueMidPad
2024-11-12 13:42:07,853 INFO  CreateClassResetClassAdapter - Creating brand-new static initializer in class io/netty/util/internal/shaded/org/jctools/queues/MpscArrayQueueMidPad
2024-11-12 13:42:07,853 INFO  EvoClassLoader - Seeing class for first time: io.netty.util.internal.shaded.org.jctools.queues.MpscArrayQueueProducerIndexField
2024-11-12 13:42:07,853 INFO  EvoClassLoader - Instrumenting class 'io.netty.util.internal.shaded.org.jctools.queues.MpscArrayQueueProducerIndexField'.
2024-11-12 13:42:07,853 INFO  MethodCallReplacementClassAdapter - Adding mock interface to class io/netty/util/internal/shaded/org/jctools/queues/MpscArrayQueueProducerIndexField
2024-11-12 13:42:07,854 INFO  CreateClassResetClassAdapter - Found static initializer in class io/netty/util/internal/shaded/org/jctools/queues/MpscArrayQueueProducerIndexField
2024-11-12 13:42:07,854 INFO  EvoClassLoader - Seeing class for first time: io.netty.util.internal.shaded.org.jctools.queues.MpscArrayQueueL1Pad
2024-11-12 13:42:07,854 INFO  EvoClassLoader - Instrumenting class 'io.netty.util.internal.shaded.org.jctools.queues.MpscArrayQueueL1Pad'.
2024-11-12 13:42:07,854 INFO  MethodCallReplacementClassAdapter - Adding mock interface to class io/netty/util/internal/shaded/org/jctools/queues/MpscArrayQueueL1Pad
2024-11-12 13:42:07,854 INFO  CreateClassResetClassAdapter - Creating brand-new static initializer in class io/netty/util/internal/shaded/org/jctools/queues/MpscArrayQueueL1Pad
2024-11-12 13:42:07,854 INFO  EvoClassLoader - Seeing class for first time: io.netty.util.internal.shaded.org.jctools.queues.ConcurrentCircularArrayQueue
2024-11-12 13:42:07,854 INFO  EvoClassLoader - Instrumenting class 'io.netty.util.internal.shaded.org.jctools.queues.ConcurrentCircularArrayQueue'.
2024-11-12 13:42:07,854 INFO  MethodCallReplacementClassAdapter - Adding mock interface to class io/netty/util/internal/shaded/org/jctools/queues/ConcurrentCircularArrayQueue
2024-11-12 13:42:07,854 INFO  CreateClassResetClassAdapter - Creating brand-new static initializer in class io/netty/util/internal/shaded/org/jctools/queues/ConcurrentCircularArrayQueue
2024-11-12 13:42:07,855 INFO  EvoClassLoader - Seeing class for first time: io.netty.util.internal.shaded.org.jctools.queues.IndexedQueueSizeUtil$IndexedQueue
2024-11-12 13:42:07,855 INFO  EvoClassLoader - Instrumenting class 'io.netty.util.internal.shaded.org.jctools.queues.IndexedQueueSizeUtil$IndexedQueue'.
2024-11-12 13:42:07,855 INFO  EvoClassLoader - Keeping class: io.netty.util.internal.shaded.org.jctools.queues.IndexedQueueSizeUtil$IndexedQueue
2024-11-12 13:42:07,855 INFO  EvoClassLoader - Seeing class for first time: io.netty.util.internal.shaded.org.jctools.queues.QueueProgressIndicators
2024-11-12 13:42:07,855 INFO  EvoClassLoader - Instrumenting class 'io.netty.util.internal.shaded.org.jctools.queues.QueueProgressIndicators'.
2024-11-12 13:42:07,856 INFO  EvoClassLoader - Keeping class: io.netty.util.internal.shaded.org.jctools.queues.QueueProgressIndicators
2024-11-12 13:42:07,856 INFO  EvoClassLoader - Seeing class for first time: io.netty.util.internal.shaded.org.jctools.queues.SupportsIterator
2024-11-12 13:42:07,856 INFO  EvoClassLoader - Instrumenting class 'io.netty.util.internal.shaded.org.jctools.queues.SupportsIterator'.
2024-11-12 13:42:07,856 INFO  EvoClassLoader - Keeping class: io.netty.util.internal.shaded.org.jctools.queues.SupportsIterator
2024-11-12 13:42:07,856 INFO  EvoClassLoader - Seeing class for first time: io.netty.util.internal.shaded.org.jctools.queues.ConcurrentCircularArrayQueueL0Pad
2024-11-12 13:42:07,856 INFO  EvoClassLoader - Instrumenting class 'io.netty.util.internal.shaded.org.jctools.queues.ConcurrentCircularArrayQueueL0Pad'.
2024-11-12 13:42:07,856 INFO  MethodCallReplacementClassAdapter - Adding mock interface to class io/netty/util/internal/shaded/org/jctools/queues/ConcurrentCircularArrayQueueL0Pad
2024-11-12 13:42:07,856 INFO  CreateClassResetClassAdapter - Creating brand-new static initializer in class io/netty/util/internal/shaded/org/jctools/queues/ConcurrentCircularArrayQueueL0Pad
2024-11-12 13:42:07,856 INFO  EvoClassLoader - Keeping class: io.netty.util.internal.shaded.org.jctools.queues.ConcurrentCircularArrayQueueL0Pad
2024-11-12 13:42:07,857 INFO  EvoClassLoader - Keeping class: io.netty.util.internal.shaded.org.jctools.queues.ConcurrentCircularArrayQueue
2024-11-12 13:42:07,857 INFO  EvoClassLoader - Keeping class: io.netty.util.internal.shaded.org.jctools.queues.MpscArrayQueueL1Pad
2024-11-12 13:42:07,857 INFO  EvoClassLoader - Keeping class: io.netty.util.internal.shaded.org.jctools.queues.MpscArrayQueueProducerIndexField
2024-11-12 13:42:07,857 INFO  EvoClassLoader - Keeping class: io.netty.util.internal.shaded.org.jctools.queues.MpscArrayQueueMidPad
2024-11-12 13:42:07,857 INFO  EvoClassLoader - Keeping class: io.netty.util.internal.shaded.org.jctools.queues.MpscArrayQueueProducerLimitField
2024-11-12 13:42:07,857 INFO  EvoClassLoader - Keeping class: io.netty.util.internal.shaded.org.jctools.queues.MpscArrayQueueL2Pad
2024-11-12 13:42:07,857 INFO  EvoClassLoader - Keeping class: io.netty.util.internal.shaded.org.jctools.queues.MpscArrayQueueConsumerIndexField
2024-11-12 13:42:07,858 INFO  EvoClassLoader - Keeping class: io.netty.util.internal.shaded.org.jctools.queues.MpscArrayQueueL3Pad
2024-11-12 13:42:07,858 INFO  EvoClassLoader - Keeping class: io.netty.util.internal.shaded.org.jctools.queues.MpscArrayQueue
2024-11-12 13:42:07,858 INFO  EvoClassLoader - Seeing class for first time: io.netty.util.internal.shaded.org.jctools.queues.atomic.MpscAtomicArrayQueue
2024-11-12 13:42:07,858 INFO  EvoClassLoader - Instrumenting class 'io.netty.util.internal.shaded.org.jctools.queues.atomic.MpscAtomicArrayQueue'.
2024-11-12 13:42:07,858 INFO  MethodCallReplacementClassAdapter - Adding mock interface to class io/netty/util/internal/shaded/org/jctools/queues/atomic/MpscAtomicArrayQueue
2024-11-12 13:42:07,859 INFO  CreateClassResetClassAdapter - Creating brand-new static initializer in class io/netty/util/internal/shaded/org/jctools/queues/atomic/MpscAtomicArrayQueue
2024-11-12 13:42:07,860 INFO  EvoClassLoader - Seeing class for first time: io.netty.util.internal.shaded.org.jctools.queues.atomic.MpscAtomicArrayQueueL3Pad
2024-11-12 13:42:07,860 INFO  EvoClassLoader - Instrumenting class 'io.netty.util.internal.shaded.org.jctools.queues.atomic.MpscAtomicArrayQueueL3Pad'.
2024-11-12 13:42:07,860 INFO  MethodCallReplacementClassAdapter - Adding mock interface to class io/netty/util/internal/shaded/org/jctools/queues/atomic/MpscAtomicArrayQueueL3Pad
2024-11-12 13:42:07,860 INFO  CreateClassResetClassAdapter - Creating brand-new static initializer in class io/netty/util/internal/shaded/org/jctools/queues/atomic/MpscAtomicArrayQueueL3Pad
2024-11-12 13:42:07,860 INFO  EvoClassLoader - Seeing class for first time: io.netty.util.internal.shaded.org.jctools.queues.atomic.MpscAtomicArrayQueueConsumerIndexField
2024-11-12 13:42:07,860 INFO  EvoClassLoader - Instrumenting class 'io.netty.util.internal.shaded.org.jctools.queues.atomic.MpscAtomicArrayQueueConsumerIndexField'.
2024-11-12 13:42:07,860 INFO  MethodCallReplacementClassAdapter - Adding mock interface to class io/netty/util/internal/shaded/org/jctools/queues/atomic/MpscAtomicArrayQueueConsumerIndexField
2024-11-12 13:42:07,860 INFO  CreateClassResetClassAdapter - Found static initializer in class io/netty/util/internal/shaded/org/jctools/queues/atomic/MpscAtomicArrayQueueConsumerIndexField
2024-11-12 13:42:07,860 INFO  EvoClassLoader - Seeing class for first time: io.netty.util.internal.shaded.org.jctools.queues.atomic.MpscAtomicArrayQueueL2Pad
2024-11-12 13:42:07,860 INFO  EvoClassLoader - Instrumenting class 'io.netty.util.internal.shaded.org.jctools.queues.atomic.MpscAtomicArrayQueueL2Pad'.
2024-11-12 13:42:07,860 INFO  MethodCallReplacementClassAdapter - Adding mock interface to class io/netty/util/internal/shaded/org/jctools/queues/atomic/MpscAtomicArrayQueueL2Pad
2024-11-12 13:42:07,861 INFO  CreateClassResetClassAdapter - Creating brand-new static initializer in class io/netty/util/internal/shaded/org/jctools/queues/atomic/MpscAtomicArrayQueueL2Pad
2024-11-12 13:42:07,861 INFO  EvoClassLoader - Seeing class for first time: io.netty.util.internal.shaded.org.jctools.queues.atomic.MpscAtomicArrayQueueProducerLimitField
2024-11-12 13:42:07,861 INFO  EvoClassLoader - Instrumenting class 'io.netty.util.internal.shaded.org.jctools.queues.atomic.MpscAtomicArrayQueueProducerLimitField'.
2024-11-12 13:42:07,861 INFO  MethodCallReplacementClassAdapter - Adding mock interface to class io/netty/util/internal/shaded/org/jctools/queues/atomic/MpscAtomicArrayQueueProducerLimitField
2024-11-12 13:42:07,861 INFO  CreateClassResetClassAdapter - Found static initializer in class io/netty/util/internal/shaded/org/jctools/queues/atomic/MpscAtomicArrayQueueProducerLimitField
2024-11-12 13:42:07,861 INFO  EvoClassLoader - Seeing class for first time: io.netty.util.internal.shaded.org.jctools.queues.atomic.MpscAtomicArrayQueueMidPad
2024-11-12 13:42:07,861 INFO  EvoClassLoader - Instrumenting class 'io.netty.util.internal.shaded.org.jctools.queues.atomic.MpscAtomicArrayQueueMidPad'.
2024-11-12 13:42:07,861 INFO  MethodCallReplacementClassAdapter - Adding mock interface to class io/netty/util/internal/shaded/org/jctools/queues/atomic/MpscAtomicArrayQueueMidPad
2024-11-12 13:42:07,861 INFO  CreateClassResetClassAdapter - Creating brand-new static initializer in class io/netty/util/internal/shaded/org/jctools/queues/atomic/MpscAtomicArrayQueueMidPad
2024-11-12 13:42:07,861 INFO  EvoClassLoader - Seeing class for first time: io.netty.util.internal.shaded.org.jctools.queues.atomic.MpscAtomicArrayQueueProducerIndexField
2024-11-12 13:42:07,861 INFO  EvoClassLoader - Instrumenting class 'io.netty.util.internal.shaded.org.jctools.queues.atomic.MpscAtomicArrayQueueProducerIndexField'.
2024-11-12 13:42:07,862 INFO  MethodCallReplacementClassAdapter - Adding mock interface to class io/netty/util/internal/shaded/org/jctools/queues/atomic/MpscAtomicArrayQueueProducerIndexField
2024-11-12 13:42:07,862 INFO  CreateClassResetClassAdapter - Found static initializer in class io/netty/util/internal/shaded/org/jctools/queues/atomic/MpscAtomicArrayQueueProducerIndexField
2024-11-12 13:42:07,862 INFO  EvoClassLoader - Seeing class for first time: io.netty.util.internal.shaded.org.jctools.queues.atomic.MpscAtomicArrayQueueL1Pad
2024-11-12 13:42:07,862 INFO  EvoClassLoader - Instrumenting class 'io.netty.util.internal.shaded.org.jctools.queues.atomic.MpscAtomicArrayQueueL1Pad'.
2024-11-12 13:42:07,862 INFO  MethodCallReplacementClassAdapter - Adding mock interface to class io/netty/util/internal/shaded/org/jctools/queues/atomic/MpscAtomicArrayQueueL1Pad
2024-11-12 13:42:07,862 INFO  CreateClassResetClassAdapter - Creating brand-new static initializer in class io/netty/util/internal/shaded/org/jctools/queues/atomic/MpscAtomicArrayQueueL1Pad
2024-11-12 13:42:07,862 INFO  EvoClassLoader - Seeing class for first time: io.netty.util.internal.shaded.org.jctools.queues.atomic.AtomicReferenceArrayQueue
2024-11-12 13:42:07,862 INFO  EvoClassLoader - Instrumenting class 'io.netty.util.internal.shaded.org.jctools.queues.atomic.AtomicReferenceArrayQueue'.
2024-11-12 13:42:07,862 INFO  MethodCallReplacementClassAdapter - Adding mock interface to class io/netty/util/internal/shaded/org/jctools/queues/atomic/AtomicReferenceArrayQueue
2024-11-12 13:42:07,863 INFO  CreateClassResetClassAdapter - Creating brand-new static initializer in class io/netty/util/internal/shaded/org/jctools/queues/atomic/AtomicReferenceArrayQueue
2024-11-12 13:42:07,863 INFO  EvoClassLoader - Keeping class: io.netty.util.internal.shaded.org.jctools.queues.atomic.AtomicReferenceArrayQueue
2024-11-12 13:42:07,863 INFO  EvoClassLoader - Keeping class: io.netty.util.internal.shaded.org.jctools.queues.atomic.MpscAtomicArrayQueueL1Pad
2024-11-12 13:42:07,863 INFO  EvoClassLoader - Keeping class: io.netty.util.internal.shaded.org.jctools.queues.atomic.MpscAtomicArrayQueueProducerIndexField
2024-11-12 13:42:07,863 INFO  EvoClassLoader - Keeping class: io.netty.util.internal.shaded.org.jctools.queues.atomic.MpscAtomicArrayQueueMidPad
2024-11-12 13:42:07,863 INFO  EvoClassLoader - Keeping class: io.netty.util.internal.shaded.org.jctools.queues.atomic.MpscAtomicArrayQueueProducerLimitField
2024-11-12 13:42:07,863 INFO  EvoClassLoader - Keeping class: io.netty.util.internal.shaded.org.jctools.queues.atomic.MpscAtomicArrayQueueL2Pad
2024-11-12 13:42:07,864 INFO  EvoClassLoader - Keeping class: io.netty.util.internal.shaded.org.jctools.queues.atomic.MpscAtomicArrayQueueConsumerIndexField
2024-11-12 13:42:07,864 INFO  EvoClassLoader - Keeping class: io.netty.util.internal.shaded.org.jctools.queues.atomic.MpscAtomicArrayQueueL3Pad
2024-11-12 13:42:07,864 INFO  EvoClassLoader - Keeping class: io.netty.util.internal.shaded.org.jctools.queues.atomic.MpscAtomicArrayQueue
2024-11-12 13:42:07,864 INFO  EvoClassLoader - Seeing class for first time: io.netty.util.internal.LongCounter
2024-11-12 13:42:07,864 INFO  EvoClassLoader - Instrumenting class 'io.netty.util.internal.LongCounter'.
2024-11-12 13:42:07,865 INFO  EvoClassLoader - Keeping class: io.netty.util.internal.LongCounter
2024-11-12 13:42:07,865 INFO  EvoClassLoader - Seeing class for first time: io.netty.util.internal.OutOfDirectMemoryError
2024-11-12 13:42:07,865 INFO  EvoClassLoader - Instrumenting class 'io.netty.util.internal.OutOfDirectMemoryError'.
2024-11-12 13:42:07,865 INFO  MethodCallReplacementClassAdapter - Adding mock interface to class io/netty/util/internal/OutOfDirectMemoryError
2024-11-12 13:42:07,865 INFO  CreateClassResetClassAdapter - Creating brand-new static initializer in class io/netty/util/internal/OutOfDirectMemoryError
2024-11-12 13:42:07,865 INFO  EvoClassLoader - Keeping class: io.netty.util.internal.OutOfDirectMemoryError
2024-11-12 13:42:07,867 INFO  EvoClassLoader - Seeing class for first time: io.netty.util.internal.PlatformDependent$4
2024-11-12 13:42:07,867 INFO  EvoClassLoader - Instrumenting class 'io.netty.util.internal.PlatformDependent$4'.
2024-11-12 13:42:07,867 INFO  MethodCallReplacementClassAdapter - Adding mock interface to class io/netty/util/internal/PlatformDependent$4
2024-11-12 13:42:07,868 INFO  EvoClassLoader - Keeping class: io.netty.util.internal.PlatformDependent$4
2024-11-12 13:42:07,869 INFO  EvoClassLoader - Seeing class for first time: io.netty.util.ByteProcessor
2024-11-12 13:42:07,869 INFO  EvoClassLoader - Instrumenting class 'io.netty.util.ByteProcessor'.
2024-11-12 13:42:07,869 INFO  EvoClassLoader - Keeping class: io.netty.util.ByteProcessor
2024-11-12 13:42:07,870 INFO  EvoClassLoader - Seeing class for first time: io.netty.util.internal.StringUtil
2024-11-12 13:42:07,870 INFO  EvoClassLoader - Instrumenting class 'io.netty.util.internal.StringUtil'.
2024-11-12 13:42:07,870 INFO  MethodCallReplacementClassAdapter - Adding mock interface to class io/netty/util/internal/StringUtil
2024-11-12 13:42:07,870 INFO  CreateClassResetClassAdapter - Found static initializer in class io/netty/util/internal/StringUtil
2024-11-12 13:42:07,871 INFO  EvoClassLoader - Keeping class: io.netty.util.internal.StringUtil
2024-11-12 13:42:07,872 INFO  EvoClassLoader - Seeing class for first time: io.netty.buffer.PooledByteBufAllocator$1
2024-11-12 13:42:07,872 INFO  EvoClassLoader - Instrumenting class 'io.netty.buffer.PooledByteBufAllocator$1'.
2024-11-12 13:42:07,872 INFO  MethodCallReplacementClassAdapter - Adding mock interface to class io/netty/buffer/PooledByteBufAllocator$1
2024-11-12 13:42:07,872 INFO  EvoClassLoader - Keeping class: io.netty.buffer.PooledByteBufAllocator$1
2024-11-12 13:42:07,872 INFO  EvoClassLoader - Seeing class for first time: io.netty.buffer.PooledByteBufAllocator
2024-11-12 13:42:07,872 INFO  EvoClassLoader - Instrumenting class 'io.netty.buffer.PooledByteBufAllocator'.
2024-11-12 13:42:07,873 INFO  MethodCallReplacementClassAdapter - Adding mock interface to class io/netty/buffer/PooledByteBufAllocator
2024-11-12 13:42:07,879 INFO  CreateClassResetClassAdapter - Found static initializer in class io/netty/buffer/PooledByteBufAllocator
2024-11-12 13:42:07,880 INFO  EvoClassLoader - Seeing class for first time: io.netty.buffer.ByteBufAllocatorMetricProvider
2024-11-12 13:42:07,880 INFO  EvoClassLoader - Instrumenting class 'io.netty.buffer.ByteBufAllocatorMetricProvider'.
2024-11-12 13:42:07,880 INFO  EvoClassLoader - Keeping class: io.netty.buffer.ByteBufAllocatorMetricProvider
2024-11-12 13:42:07,880 INFO  EvoClassLoader - Keeping class: io.netty.buffer.PooledByteBufAllocator
2024-11-12 13:42:07,880 INFO  EvoClassLoader - Seeing class for first time: io.netty.util.concurrent.FastThreadLocal
2024-11-12 13:42:07,880 INFO  EvoClassLoader - Instrumenting class 'io.netty.util.concurrent.FastThreadLocal'.
2024-11-12 13:42:07,881 INFO  MethodCallReplacementClassAdapter - Adding mock interface to class io/netty/util/concurrent/FastThreadLocal
2024-11-12 13:42:07,881 INFO  CreateClassResetClassAdapter - Creating brand-new static initializer in class io/netty/util/concurrent/FastThreadLocal
2024-11-12 13:42:07,881 INFO  EvoClassLoader - Keeping class: io.netty.util.concurrent.FastThreadLocal
2024-11-12 13:42:07,882 INFO  EvoClassLoader - Seeing class for first time: io.netty.util.internal.InternalThreadLocalMap
2024-11-12 13:42:07,882 INFO  EvoClassLoader - Instrumenting class 'io.netty.util.internal.InternalThreadLocalMap'.
2024-11-12 13:42:07,882 INFO  MethodCallReplacementClassAdapter - Adding mock interface to class io/netty/util/internal/InternalThreadLocalMap
2024-11-12 13:42:07,882 INFO  CreateClassResetClassAdapter - Found static initializer in class io/netty/util/internal/InternalThreadLocalMap
2024-11-12 13:42:07,883 INFO  EvoClassLoader - Seeing class for first time: io.netty.util.internal.UnpaddedInternalThreadLocalMap
2024-11-12 13:42:07,883 INFO  EvoClassLoader - Instrumenting class 'io.netty.util.internal.UnpaddedInternalThreadLocalMap'.
2024-11-12 13:42:07,883 INFO  MethodCallReplacementClassAdapter - Adding mock interface to class io/netty/util/internal/UnpaddedInternalThreadLocalMap
2024-11-12 13:42:07,884 INFO  CreateClassResetClassAdapter - Creating brand-new static initializer in class io/netty/util/internal/UnpaddedInternalThreadLocalMap
2024-11-12 13:42:07,884 INFO  EvoClassLoader - Keeping class: io.netty.util.internal.UnpaddedInternalThreadLocalMap
2024-11-12 13:42:07,884 INFO  EvoClassLoader - Keeping class: io.netty.util.internal.InternalThreadLocalMap
2024-11-12 13:42:07,884 INFO  EvoClassLoader - Seeing class for first time: io.netty.buffer.PooledByteBufAllocator$PoolThreadLocalCache
2024-11-12 13:42:07,884 INFO  EvoClassLoader - Instrumenting class 'io.netty.buffer.PooledByteBufAllocator$PoolThreadLocalCache'.
2024-11-12 13:42:07,884 INFO  MethodCallReplacementClassAdapter - Adding mock interface to class io/netty/buffer/PooledByteBufAllocator$PoolThreadLocalCache
2024-11-12 13:42:07,884 INFO  CreateClassResetClassAdapter - Creating brand-new static initializer in class io/netty/buffer/PooledByteBufAllocator$PoolThreadLocalCache
2024-11-12 13:42:07,884 INFO  EvoClassLoader - Keeping class: io.netty.buffer.PooledByteBufAllocator$PoolThreadLocalCache
2024-11-12 13:42:07,884 INFO  EvoClassLoader - Seeing class for first time: io.netty.buffer.PoolArena
2024-11-12 13:42:07,884 INFO  EvoClassLoader - Instrumenting class 'io.netty.buffer.PoolArena'.
2024-11-12 13:42:07,885 INFO  MethodCallReplacementClassAdapter - Adding mock interface to class io/netty/buffer/PoolArena
2024-11-12 13:42:07,885 INFO  CreateClassResetClassAdapter - Found static initializer in class io/netty/buffer/PoolArena
2024-11-12 13:42:07,886 INFO  EvoClassLoader - Seeing class for first time: io.netty.buffer.PoolArenaMetric
2024-11-12 13:42:07,886 INFO  EvoClassLoader - Instrumenting class 'io.netty.buffer.PoolArenaMetric'.
2024-11-12 13:42:07,886 INFO  EvoClassLoader - Seeing class for first time: io.netty.buffer.SizeClassesMetric
2024-11-12 13:42:07,886 INFO  EvoClassLoader - Instrumenting class 'io.netty.buffer.SizeClassesMetric'.
2024-11-12 13:42:07,886 INFO  EvoClassLoader - Keeping class: io.netty.buffer.SizeClassesMetric
2024-11-12 13:42:07,886 INFO  EvoClassLoader - Keeping class: io.netty.buffer.PoolArenaMetric
2024-11-12 13:42:07,886 INFO  EvoClassLoader - Seeing class for first time: io.netty.buffer.SizeClasses
2024-11-12 13:42:07,886 INFO  EvoClassLoader - Instrumenting class 'io.netty.buffer.SizeClasses'.
2024-11-12 13:42:07,887 INFO  MethodCallReplacementClassAdapter - Adding mock interface to class io/netty/buffer/SizeClasses
2024-11-12 13:42:07,887 INFO  CreateClassResetClassAdapter - Found static initializer in class io/netty/buffer/SizeClasses
2024-11-12 13:42:07,887 INFO  EvoClassLoader - Keeping class: io.netty.buffer.SizeClasses
2024-11-12 13:42:07,888 INFO  EvoClassLoader - Keeping class: io.netty.buffer.PoolArena
2024-11-12 13:42:07,888 INFO  EvoClassLoader - Seeing class for first time: io.netty.buffer.PoolThreadCache
2024-11-12 13:42:07,888 INFO  EvoClassLoader - Instrumenting class 'io.netty.buffer.PoolThreadCache'.
2024-11-12 13:42:07,888 INFO  MethodCallReplacementClassAdapter - Adding mock interface to class io/netty/buffer/PoolThreadCache
2024-11-12 13:42:07,889 INFO  CreateClassResetClassAdapter - Found static initializer in class io/netty/buffer/PoolThreadCache
2024-11-12 13:42:07,890 INFO  EvoClassLoader - Keeping class: io.netty.buffer.PoolThreadCache
2024-11-12 13:42:07,890 INFO  EvoClassLoader - Seeing class for first time: io.netty.util.internal.IntegerHolder
2024-11-12 13:42:07,890 INFO  EvoClassLoader - Instrumenting class 'io.netty.util.internal.IntegerHolder'.
2024-11-12 13:42:07,890 INFO  MethodCallReplacementClassAdapter - Adding mock interface to class io/netty/util/internal/IntegerHolder
2024-11-12 13:42:07,890 INFO  CreateClassResetClassAdapter - Creating brand-new static initializer in class io/netty/util/internal/IntegerHolder
2024-11-12 13:42:07,890 INFO  EvoClassLoader - Keeping class: io.netty.util.internal.IntegerHolder
2024-11-12 13:42:07,890 INFO  EvoClassLoader - Seeing class for first time: io.netty.util.concurrent.FastThreadLocalThread
2024-11-12 13:42:07,890 INFO  EvoClassLoader - Instrumenting class 'io.netty.util.concurrent.FastThreadLocalThread'.
2024-11-12 13:42:07,891 INFO  MethodCallReplacementClassAdapter - Adding mock interface to class io/netty/util/concurrent/FastThreadLocalThread
2024-11-12 13:42:07,891 INFO  CreateClassResetClassAdapter - Found static initializer in class io/netty/util/concurrent/FastThreadLocalThread
2024-11-12 13:42:07,891 INFO  EvoClassLoader - Keeping class: io.netty.util.concurrent.FastThreadLocalThread
2024-11-12 13:42:07,891 INFO  EvoClassLoader - Seeing class for first time: io.netty.util.internal.ThreadLocalRandom
2024-11-12 13:42:07,891 INFO  EvoClassLoader - Instrumenting class 'io.netty.util.internal.ThreadLocalRandom'.
2024-11-12 13:42:07,892 INFO  MethodCallReplacementClassAdapter - Adding mock interface to class io/netty/util/internal/ThreadLocalRandom
2024-11-12 13:42:07,892 INFO  CreateClassResetClassAdapter - Found static initializer in class io/netty/util/internal/ThreadLocalRandom
2024-11-12 13:42:07,893 INFO  EvoClassLoader - Keeping class: io.netty.util.internal.ThreadLocalRandom
2024-11-12 13:42:07,893 INFO  EvoClassLoader - Seeing class for first time: io.netty.buffer.PoolChunk
2024-11-12 13:42:07,893 INFO  EvoClassLoader - Instrumenting class 'io.netty.buffer.PoolChunk'.
2024-11-12 13:42:07,894 INFO  MethodCallReplacementClassAdapter - Adding mock interface to class io/netty/buffer/PoolChunk
2024-11-12 13:42:07,894 INFO  CreateClassResetClassAdapter - Found static initializer in class io/netty/buffer/PoolChunk
2024-11-12 13:42:07,895 INFO  EvoClassLoader - Seeing class for first time: io.netty.buffer.PoolChunkMetric
2024-11-12 13:42:07,895 INFO  EvoClassLoader - Instrumenting class 'io.netty.buffer.PoolChunkMetric'.
2024-11-12 13:42:07,895 INFO  EvoClassLoader - Keeping class: io.netty.buffer.PoolChunkMetric
2024-11-12 13:42:07,895 INFO  EvoClassLoader - Keeping class: io.netty.buffer.PoolChunk
2024-11-12 13:42:07,895 INFO  EvoClassLoader - Seeing class for first time: io.netty.buffer.PoolSubpage
2024-11-12 13:42:07,895 INFO  EvoClassLoader - Instrumenting class 'io.netty.buffer.PoolSubpage'.
2024-11-12 13:42:07,895 INFO  MethodCallReplacementClassAdapter - Adding mock interface to class io/netty/buffer/PoolSubpage
2024-11-12 13:42:07,895 INFO  CreateClassResetClassAdapter - Found static initializer in class io/netty/buffer/PoolSubpage
2024-11-12 13:42:07,895 INFO  EvoClassLoader - Seeing class for first time: io.netty.buffer.PoolSubpageMetric
2024-11-12 13:42:07,895 INFO  EvoClassLoader - Instrumenting class 'io.netty.buffer.PoolSubpageMetric'.
2024-11-12 13:42:07,896 INFO  EvoClassLoader - Keeping class: io.netty.buffer.PoolSubpageMetric
2024-11-12 13:42:07,896 INFO  EvoClassLoader - Keeping class: io.netty.buffer.PoolSubpage
2024-11-12 13:42:07,896 INFO  EvoClassLoader - Seeing class for first time: io.netty.buffer.PooledByteBuf
2024-11-12 13:42:07,896 INFO  EvoClassLoader - Instrumenting class 'io.netty.buffer.PooledByteBuf'.
2024-11-12 13:42:07,896 INFO  MethodCallReplacementClassAdapter - Adding mock interface to class io/netty/buffer/PooledByteBuf
2024-11-12 13:42:07,896 INFO  CreateClassResetClassAdapter - Found static initializer in class io/netty/buffer/PooledByteBuf
2024-11-12 13:42:07,896 INFO  EvoClassLoader - Keeping class: io.netty.buffer.PooledByteBuf
2024-11-12 13:42:07,896 INFO  EvoClassLoader - Seeing class for first time: io.netty.buffer.PoolArena$SizeClass
2024-11-12 13:42:07,896 INFO  EvoClassLoader - Instrumenting class 'io.netty.buffer.PoolArena$SizeClass'.
2024-11-12 13:42:07,897 INFO  MethodCallReplacementClassAdapter - Adding mock interface to class io/netty/buffer/PoolArena$SizeClass
2024-11-12 13:42:07,897 INFO  CreateClassResetClassAdapter - Found static initializer in class io/netty/buffer/PoolArena$SizeClass
2024-11-12 13:42:07,897 INFO  EvoClassLoader - Keeping class: io.netty.buffer.PoolArena$SizeClass
2024-11-12 13:42:07,897 INFO  EvoClassLoader - Seeing class for first time: io.netty.buffer.PoolChunkList
2024-11-12 13:42:07,897 INFO  EvoClassLoader - Instrumenting class 'io.netty.buffer.PoolChunkList'.
2024-11-12 13:42:07,897 INFO  MethodCallReplacementClassAdapter - Adding mock interface to class io/netty/buffer/PoolChunkList
2024-11-12 13:42:07,897 INFO  CreateClassResetClassAdapter - Found static initializer in class io/netty/buffer/PoolChunkList
2024-11-12 13:42:07,897 INFO  EvoClassLoader - Seeing class for first time: io.netty.buffer.PoolChunkListMetric
2024-11-12 13:42:07,897 INFO  EvoClassLoader - Instrumenting class 'io.netty.buffer.PoolChunkListMetric'.
2024-11-12 13:42:07,898 INFO  EvoClassLoader - Keeping class: io.netty.buffer.PoolChunkListMetric
2024-11-12 13:42:07,898 INFO  EvoClassLoader - Keeping class: io.netty.buffer.PoolChunkList
2024-11-12 13:42:07,898 INFO  EvoClassLoader - Seeing class for first time: io.netty.buffer.PoolArena$DirectArena
2024-11-12 13:42:07,898 INFO  EvoClassLoader - Instrumenting class 'io.netty.buffer.PoolArena$DirectArena'.
2024-11-12 13:42:07,898 INFO  MethodCallReplacementClassAdapter - Adding mock interface to class io/netty/buffer/PoolArena$DirectArena
2024-11-12 13:42:07,898 INFO  CreateClassResetClassAdapter - Creating brand-new static initializer in class io/netty/buffer/PoolArena$DirectArena
2024-11-12 13:42:07,898 INFO  EvoClassLoader - Keeping class: io.netty.buffer.PoolArena$DirectArena
2024-11-12 13:42:07,898 INFO  EvoClassLoader - Seeing class for first time: io.netty.buffer.PooledUnsafeDirectByteBuf
2024-11-12 13:42:07,898 INFO  EvoClassLoader - Instrumenting class 'io.netty.buffer.PooledUnsafeDirectByteBuf'.
2024-11-12 13:42:07,898 INFO  MethodCallReplacementClassAdapter - Adding mock interface to class io/netty/buffer/PooledUnsafeDirectByteBuf
2024-11-12 13:42:07,898 INFO  CreateClassResetClassAdapter - Found static initializer in class io/netty/buffer/PooledUnsafeDirectByteBuf
2024-11-12 13:42:07,899 INFO  EvoClassLoader - Keeping class: io.netty.buffer.PooledUnsafeDirectByteBuf
2024-11-12 13:42:07,899 INFO  EvoClassLoader - Seeing class for first time: io.netty.buffer.PooledDirectByteBuf
2024-11-12 13:42:07,899 INFO  EvoClassLoader - Instrumenting class 'io.netty.buffer.PooledDirectByteBuf'.
2024-11-12 13:42:07,899 INFO  MethodCallReplacementClassAdapter - Adding mock interface to class io/netty/buffer/PooledDirectByteBuf
2024-11-12 13:42:07,899 INFO  CreateClassResetClassAdapter - Found static initializer in class io/netty/buffer/PooledDirectByteBuf
2024-11-12 13:42:07,900 INFO  EvoClassLoader - Keeping class: io.netty.buffer.PooledDirectByteBuf
2024-11-12 13:42:07,900 INFO  EvoClassLoader - Seeing class for first time: io.netty.buffer.PoolThreadCache$MemoryRegionCache
2024-11-12 13:42:07,900 INFO  EvoClassLoader - Instrumenting class 'io.netty.buffer.PoolThreadCache$MemoryRegionCache'.
2024-11-12 13:42:07,900 INFO  MethodCallReplacementClassAdapter - Adding mock interface to class io/netty/buffer/PoolThreadCache$MemoryRegionCache
2024-11-12 13:42:07,900 INFO  CreateClassResetClassAdapter - Found static initializer in class io/netty/buffer/PoolThreadCache$MemoryRegionCache
2024-11-12 13:42:07,901 INFO  EvoClassLoader - Keeping class: io.netty.buffer.PoolThreadCache$MemoryRegionCache
2024-11-12 13:42:07,901 INFO  EvoClassLoader - Seeing class for first time: io.netty.util.internal.LongAdderCounter
2024-11-12 13:42:07,901 INFO  EvoClassLoader - Instrumenting class 'io.netty.util.internal.LongAdderCounter'.
2024-11-12 13:42:07,901 INFO  MethodCallReplacementClassAdapter - Adding mock interface to class io/netty/util/internal/LongAdderCounter
2024-11-12 13:42:07,901 INFO  CreateClassResetClassAdapter - Creating brand-new static initializer in class io/netty/util/internal/LongAdderCounter
2024-11-12 13:42:07,901 INFO  EvoClassLoader - Keeping class: io.netty.util.internal.LongAdderCounter
2024-11-12 13:42:07,901 INFO  EvoClassLoader - Seeing class for first time: io.netty.buffer.PooledByteBufAllocatorMetric
2024-11-12 13:42:07,901 INFO  EvoClassLoader - Instrumenting class 'io.netty.buffer.PooledByteBufAllocatorMetric'.
2024-11-12 13:42:07,901 INFO  MethodCallReplacementClassAdapter - Adding mock interface to class io/netty/buffer/PooledByteBufAllocatorMetric
2024-11-12 13:42:07,902 INFO  CreateClassResetClassAdapter - Creating brand-new static initializer in class io/netty/buffer/PooledByteBufAllocatorMetric
2024-11-12 13:42:07,902 INFO  EvoClassLoader - Seeing class for first time: io.netty.buffer.ByteBufAllocatorMetric
2024-11-12 13:42:07,902 INFO  EvoClassLoader - Instrumenting class 'io.netty.buffer.ByteBufAllocatorMetric'.
2024-11-12 13:42:07,902 INFO  EvoClassLoader - Keeping class: io.netty.buffer.ByteBufAllocatorMetric
2024-11-12 13:42:07,902 INFO  EvoClassLoader - Keeping class: io.netty.buffer.PooledByteBufAllocatorMetric
2024-11-12 13:42:07,902 INFO  EvoClassLoader - Seeing class for first time: io.netty.buffer.UnpooledHeapByteBuf
2024-11-12 13:42:07,902 INFO  EvoClassLoader - Instrumenting class 'io.netty.buffer.UnpooledHeapByteBuf'.
2024-11-12 13:42:07,902 INFO  MethodCallReplacementClassAdapter - Adding mock interface to class io/netty/buffer/UnpooledHeapByteBuf
2024-11-12 13:42:07,903 INFO  CreateClassResetClassAdapter - Creating brand-new static initializer in class io/netty/buffer/UnpooledHeapByteBuf
2024-11-12 13:42:07,903 INFO  EvoClassLoader - Keeping class: io.netty.buffer.UnpooledHeapByteBuf
2024-11-12 13:42:07,903 INFO  EvoClassLoader - Seeing class for first time: io.netty.buffer.UnpooledUnsafeHeapByteBuf
2024-11-12 13:42:07,903 INFO  EvoClassLoader - Instrumenting class 'io.netty.buffer.UnpooledUnsafeHeapByteBuf'.
2024-11-12 13:42:07,904 INFO  MethodCallReplacementClassAdapter - Adding mock interface to class io/netty/buffer/UnpooledUnsafeHeapByteBuf
2024-11-12 13:42:07,904 INFO  CreateClassResetClassAdapter - Creating brand-new static initializer in class io/netty/buffer/UnpooledUnsafeHeapByteBuf
2024-11-12 13:42:07,904 INFO  EvoClassLoader - Keeping class: io.netty.buffer.UnpooledUnsafeHeapByteBuf
2024-11-12 13:42:07,904 INFO  EvoClassLoader - Seeing class for first time: io.netty.buffer.UnpooledDirectByteBuf
2024-11-12 13:42:07,904 INFO  EvoClassLoader - Instrumenting class 'io.netty.buffer.UnpooledDirectByteBuf'.
2024-11-12 13:42:07,904 INFO  MethodCallReplacementClassAdapter - Adding mock interface to class io/netty/buffer/UnpooledDirectByteBuf
2024-11-12 13:42:07,905 INFO  CreateClassResetClassAdapter - Creating brand-new static initializer in class io/netty/buffer/UnpooledDirectByteBuf
2024-11-12 13:42:07,905 INFO  EvoClassLoader - Keeping class: io.netty.buffer.UnpooledDirectByteBuf
2024-11-12 13:42:07,905 INFO  EvoClassLoader - Seeing class for first time: io.netty.buffer.UnpooledUnsafeDirectByteBuf
2024-11-12 13:42:07,905 INFO  EvoClassLoader - Instrumenting class 'io.netty.buffer.UnpooledUnsafeDirectByteBuf'.
2024-11-12 13:42:07,905 INFO  MethodCallReplacementClassAdapter - Adding mock interface to class io/netty/buffer/UnpooledUnsafeDirectByteBuf
2024-11-12 13:42:07,905 INFO  CreateClassResetClassAdapter - Creating brand-new static initializer in class io/netty/buffer/UnpooledUnsafeDirectByteBuf
2024-11-12 13:42:07,906 INFO  EvoClassLoader - Keeping class: io.netty.buffer.UnpooledUnsafeDirectByteBuf
2024-11-12 13:42:07,907 INFO  EvoClassLoader - Seeing class for first time: org.apache.hadoop.thirdparty.protobuf.Method$1
2024-11-12 13:42:07,907 INFO  EvoClassLoader - Instrumenting class 'org.apache.hadoop.thirdparty.protobuf.Method$1'.
2024-11-12 13:42:07,907 INFO  MethodCallReplacementClassAdapter - Adding mock interface to class org/apache/hadoop/thirdparty/protobuf/Method$1
2024-11-12 13:42:07,908 INFO  EvoClassLoader - Keeping class: org.apache.hadoop.thirdparty.protobuf.Method$1
2024-11-12 13:42:07,908 INFO  EvoClassLoader - Seeing class for first time: org.apache.hadoop.thirdparty.protobuf.Method
2024-11-12 13:42:07,908 INFO  EvoClassLoader - Instrumenting class 'org.apache.hadoop.thirdparty.protobuf.Method'.
2024-11-12 13:42:07,908 INFO  MethodCallReplacementClassAdapter - Adding mock interface to class org/apache/hadoop/thirdparty/protobuf/Method
2024-11-12 13:42:07,909 INFO  CreateClassResetClassAdapter - Found static initializer in class org/apache/hadoop/thirdparty/protobuf/Method
2024-11-12 13:42:07,909 INFO  EvoClassLoader - Seeing class for first time: org.apache.hadoop.thirdparty.protobuf.MethodOrBuilder
2024-11-12 13:42:07,909 INFO  EvoClassLoader - Instrumenting class 'org.apache.hadoop.thirdparty.protobuf.MethodOrBuilder'.
2024-11-12 13:42:07,909 INFO  EvoClassLoader - Keeping class: org.apache.hadoop.thirdparty.protobuf.MethodOrBuilder
2024-11-12 13:42:07,910 INFO  EvoClassLoader - Keeping class: org.apache.hadoop.thirdparty.protobuf.Method
2024-11-12 13:42:07,910 INFO  EvoClassLoader - Seeing class for first time: org.apache.hadoop.thirdparty.protobuf.Method$Builder
2024-11-12 13:42:07,910 INFO  EvoClassLoader - Instrumenting class 'org.apache.hadoop.thirdparty.protobuf.Method$Builder'.
2024-11-12 13:42:07,910 INFO  MethodCallReplacementClassAdapter - Adding mock interface to class org/apache/hadoop/thirdparty/protobuf/Method$Builder
2024-11-12 13:42:07,911 INFO  CreateClassResetClassAdapter - Creating brand-new static initializer in class org/apache/hadoop/thirdparty/protobuf/Method$Builder
2024-11-12 13:42:07,912 INFO  EvoClassLoader - Keeping class: org.apache.hadoop.thirdparty.protobuf.Method$Builder
2024-11-12 13:42:07,912 INFO  EvoClassLoader - Seeing class for first time: org.apache.hadoop.thirdparty.protobuf.Syntax
2024-11-12 13:42:07,912 INFO  EvoClassLoader - Instrumenting class 'org.apache.hadoop.thirdparty.protobuf.Syntax'.
2024-11-12 13:42:07,912 INFO  MethodCallReplacementClassAdapter - Adding mock interface to class org/apache/hadoop/thirdparty/protobuf/Syntax
2024-11-12 13:42:07,912 INFO  CreateClassResetClassAdapter - Found static initializer in class org/apache/hadoop/thirdparty/protobuf/Syntax
2024-11-12 13:42:07,912 INFO  EvoClassLoader - Keeping class: org.apache.hadoop.thirdparty.protobuf.Syntax
2024-11-12 13:42:07,912 INFO  EvoClassLoader - Seeing class for first time: org.apache.hadoop.thirdparty.protobuf.Enum$1
2024-11-12 13:42:07,912 INFO  EvoClassLoader - Instrumenting class 'org.apache.hadoop.thirdparty.protobuf.Enum$1'.
2024-11-12 13:42:07,913 INFO  MethodCallReplacementClassAdapter - Adding mock interface to class org/apache/hadoop/thirdparty/protobuf/Enum$1
2024-11-12 13:42:07,913 INFO  EvoClassLoader - Keeping class: org.apache.hadoop.thirdparty.protobuf.Enum$1
2024-11-12 13:42:07,913 INFO  EvoClassLoader - Seeing class for first time: org.apache.hadoop.thirdparty.protobuf.Enum
2024-11-12 13:42:07,913 INFO  EvoClassLoader - Instrumenting class 'org.apache.hadoop.thirdparty.protobuf.Enum'.
2024-11-12 13:42:07,913 INFO  MethodCallReplacementClassAdapter - Adding mock interface to class org/apache/hadoop/thirdparty/protobuf/Enum
2024-11-12 13:42:07,914 INFO  CreateClassResetClassAdapter - Found static initializer in class org/apache/hadoop/thirdparty/protobuf/Enum
2024-11-12 13:42:07,915 INFO  EvoClassLoader - Seeing class for first time: org.apache.hadoop.thirdparty.protobuf.EnumOrBuilder
2024-11-12 13:42:07,915 INFO  EvoClassLoader - Instrumenting class 'org.apache.hadoop.thirdparty.protobuf.EnumOrBuilder'.
2024-11-12 13:42:07,915 INFO  EvoClassLoader - Keeping class: org.apache.hadoop.thirdparty.protobuf.EnumOrBuilder
2024-11-12 13:42:07,915 INFO  EvoClassLoader - Keeping class: org.apache.hadoop.thirdparty.protobuf.Enum
2024-11-12 13:42:07,915 INFO  EvoClassLoader - Seeing class for first time: org.apache.hadoop.thirdparty.protobuf.SourceContextOrBuilder
2024-11-12 13:42:07,915 INFO  EvoClassLoader - Instrumenting class 'org.apache.hadoop.thirdparty.protobuf.SourceContextOrBuilder'.
2024-11-12 13:42:07,915 INFO  EvoClassLoader - Keeping class: org.apache.hadoop.thirdparty.protobuf.SourceContextOrBuilder
2024-11-12 13:42:07,916 INFO  EvoClassLoader - Seeing class for first time: org.apache.hadoop.thirdparty.protobuf.SourceContext
2024-11-12 13:42:07,916 INFO  EvoClassLoader - Instrumenting class 'org.apache.hadoop.thirdparty.protobuf.SourceContext'.
2024-11-12 13:42:07,917 INFO  MethodCallReplacementClassAdapter - Adding mock interface to class org/apache/hadoop/thirdparty/protobuf/SourceContext
2024-11-12 13:42:07,918 INFO  CreateClassResetClassAdapter - Found static initializer in class org/apache/hadoop/thirdparty/protobuf/SourceContext
2024-11-12 13:42:07,918 INFO  EvoClassLoader - Keeping class: org.apache.hadoop.thirdparty.protobuf.SourceContext
2024-11-12 13:42:07,918 INFO  EvoClassLoader - Seeing class for first time: org.apache.hadoop.thirdparty.protobuf.Enum$Builder
2024-11-12 13:42:07,918 INFO  EvoClassLoader - Instrumenting class 'org.apache.hadoop.thirdparty.protobuf.Enum$Builder'.
2024-11-12 13:42:07,919 INFO  MethodCallReplacementClassAdapter - Adding mock interface to class org/apache/hadoop/thirdparty/protobuf/Enum$Builder
2024-11-12 13:42:07,920 INFO  CreateClassResetClassAdapter - Creating brand-new static initializer in class org/apache/hadoop/thirdparty/protobuf/Enum$Builder
2024-11-12 13:42:07,920 INFO  EvoClassLoader - Keeping class: org.apache.hadoop.thirdparty.protobuf.Enum$Builder
2024-11-12 13:42:07,921 INFO  EvoClassLoader - Seeing class for first time: org.apache.hadoop.thirdparty.protobuf.SourceContext$1
2024-11-12 13:42:07,921 INFO  EvoClassLoader - Instrumenting class 'org.apache.hadoop.thirdparty.protobuf.SourceContext$1'.
2024-11-12 13:42:07,921 INFO  MethodCallReplacementClassAdapter - Adding mock interface to class org/apache/hadoop/thirdparty/protobuf/SourceContext$1
2024-11-12 13:42:07,921 INFO  EvoClassLoader - Keeping class: org.apache.hadoop.thirdparty.protobuf.SourceContext$1
2024-11-12 13:42:07,921 INFO  EvoClassLoader - Seeing class for first time: org.apache.hadoop.thirdparty.protobuf.SourceContext$Builder
2024-11-12 13:42:07,921 INFO  EvoClassLoader - Instrumenting class 'org.apache.hadoop.thirdparty.protobuf.SourceContext$Builder'.
2024-11-12 13:42:07,921 INFO  MethodCallReplacementClassAdapter - Adding mock interface to class org/apache/hadoop/thirdparty/protobuf/SourceContext$Builder
2024-11-12 13:42:07,922 INFO  CreateClassResetClassAdapter - Creating brand-new static initializer in class org/apache/hadoop/thirdparty/protobuf/SourceContext$Builder
2024-11-12 13:42:07,922 INFO  EvoClassLoader - Keeping class: org.apache.hadoop.thirdparty.protobuf.SourceContext$Builder
2024-11-12 13:42:07,922 INFO  EvoClassLoader - Seeing class for first time: org.apache.hadoop.hdfs.protocol.proto.HdfsProtos$BlockTokenSecretProto
2024-11-12 13:42:07,922 INFO  EvoClassLoader - Instrumenting class 'org.apache.hadoop.hdfs.protocol.proto.HdfsProtos$BlockTokenSecretProto'.
2024-11-12 13:42:07,923 INFO  MethodCallReplacementClassAdapter - Adding mock interface to class org/apache/hadoop/hdfs/protocol/proto/HdfsProtos$BlockTokenSecretProto
2024-11-12 13:42:07,924 INFO  CreateClassResetClassAdapter - Found static initializer in class org/apache/hadoop/hdfs/protocol/proto/HdfsProtos$BlockTokenSecretProto
2024-11-12 13:42:07,924 INFO  EvoClassLoader - Seeing class for first time: org.apache.hadoop.hdfs.protocol.proto.HdfsProtos$BlockTokenSecretProtoOrBuilder
2024-11-12 13:42:07,924 INFO  EvoClassLoader - Instrumenting class 'org.apache.hadoop.hdfs.protocol.proto.HdfsProtos$BlockTokenSecretProtoOrBuilder'.
2024-11-12 13:42:07,925 INFO  EvoClassLoader - Keeping class: org.apache.hadoop.hdfs.protocol.proto.HdfsProtos$BlockTokenSecretProtoOrBuilder
2024-11-12 13:42:07,925 INFO  EvoClassLoader - Keeping class: org.apache.hadoop.hdfs.protocol.proto.HdfsProtos$BlockTokenSecretProto
2024-11-12 13:42:07,925 INFO  EvoClassLoader - Seeing class for first time: org.apache.hadoop.hdfs.protocol.proto.HdfsProtos$StorageUuidsProto
2024-11-12 13:42:07,925 INFO  EvoClassLoader - Instrumenting class 'org.apache.hadoop.hdfs.protocol.proto.HdfsProtos$StorageUuidsProto'.
2024-11-12 13:42:07,925 INFO  MethodCallReplacementClassAdapter - Adding mock interface to class org/apache/hadoop/hdfs/protocol/proto/HdfsProtos$StorageUuidsProto
2024-11-12 13:42:07,926 INFO  CreateClassResetClassAdapter - Found static initializer in class org/apache/hadoop/hdfs/protocol/proto/HdfsProtos$StorageUuidsProto
2024-11-12 13:42:07,926 INFO  EvoClassLoader - Seeing class for first time: org.apache.hadoop.hdfs.protocol.proto.HdfsProtos$StorageUuidsProtoOrBuilder
2024-11-12 13:42:07,926 INFO  EvoClassLoader - Instrumenting class 'org.apache.hadoop.hdfs.protocol.proto.HdfsProtos$StorageUuidsProtoOrBuilder'.
2024-11-12 13:42:07,926 INFO  EvoClassLoader - Keeping class: org.apache.hadoop.hdfs.protocol.proto.HdfsProtos$StorageUuidsProtoOrBuilder
2024-11-12 13:42:07,926 INFO  EvoClassLoader - Keeping class: org.apache.hadoop.hdfs.protocol.proto.HdfsProtos$StorageUuidsProto
2024-11-12 13:42:07,926 INFO  EvoClassLoader - Seeing class for first time: org.apache.hadoop.hdfs.protocol.proto.HdfsProtos$RollingUpgradeStatusProto
2024-11-12 13:42:07,926 INFO  EvoClassLoader - Instrumenting class 'org.apache.hadoop.hdfs.protocol.proto.HdfsProtos$RollingUpgradeStatusProto'.
2024-11-12 13:42:07,926 INFO  MethodCallReplacementClassAdapter - Adding mock interface to class org/apache/hadoop/hdfs/protocol/proto/HdfsProtos$RollingUpgradeStatusProto
2024-11-12 13:42:07,927 INFO  CreateClassResetClassAdapter - Found static initializer in class org/apache/hadoop/hdfs/protocol/proto/HdfsProtos$RollingUpgradeStatusProto
2024-11-12 13:42:07,928 INFO  EvoClassLoader - Seeing class for first time: org.apache.hadoop.hdfs.protocol.proto.HdfsProtos$RollingUpgradeStatusProtoOrBuilder
2024-11-12 13:42:07,928 INFO  EvoClassLoader - Instrumenting class 'org.apache.hadoop.hdfs.protocol.proto.HdfsProtos$RollingUpgradeStatusProtoOrBuilder'.
2024-11-12 13:42:07,928 INFO  EvoClassLoader - Keeping class: org.apache.hadoop.hdfs.protocol.proto.HdfsProtos$RollingUpgradeStatusProtoOrBuilder
2024-11-12 13:42:07,928 INFO  EvoClassLoader - Keeping class: org.apache.hadoop.hdfs.protocol.proto.HdfsProtos$RollingUpgradeStatusProto
2024-11-12 13:42:07,928 INFO  EvoClassLoader - Seeing class for first time: org.apache.hadoop.hdfs.protocol.proto.HdfsProtos$SnapshotInfoProto
2024-11-12 13:42:07,928 INFO  EvoClassLoader - Instrumenting class 'org.apache.hadoop.hdfs.protocol.proto.HdfsProtos$SnapshotInfoProto'.
2024-11-12 13:42:07,929 INFO  MethodCallReplacementClassAdapter - Adding mock interface to class org/apache/hadoop/hdfs/protocol/proto/HdfsProtos$SnapshotInfoProto
2024-11-12 13:42:07,930 INFO  CreateClassResetClassAdapter - Found static initializer in class org/apache/hadoop/hdfs/protocol/proto/HdfsProtos$SnapshotInfoProto
2024-11-12 13:42:07,931 INFO  EvoClassLoader - Seeing class for first time: org.apache.hadoop.hdfs.protocol.proto.HdfsProtos$SnapshotInfoProtoOrBuilder
2024-11-12 13:42:07,931 INFO  EvoClassLoader - Instrumenting class 'org.apache.hadoop.hdfs.protocol.proto.HdfsProtos$SnapshotInfoProtoOrBuilder'.
2024-11-12 13:42:07,931 INFO  EvoClassLoader - Keeping class: org.apache.hadoop.hdfs.protocol.proto.HdfsProtos$SnapshotInfoProtoOrBuilder
2024-11-12 13:42:07,931 INFO  EvoClassLoader - Keeping class: org.apache.hadoop.hdfs.protocol.proto.HdfsProtos$SnapshotInfoProto
2024-11-12 13:42:07,932 INFO  EvoClassLoader - Seeing class for first time: org.apache.hadoop.fs.FsUrlStreamHandlerFactory
2024-11-12 13:42:07,932 INFO  EvoClassLoader - Instrumenting class 'org.apache.hadoop.fs.FsUrlStreamHandlerFactory'.
2024-11-12 13:42:07,932 INFO  MethodCallReplacementClassAdapter - Adding mock interface to class org/apache/hadoop/fs/FsUrlStreamHandlerFactory
2024-11-12 13:42:07,933 INFO  CreateClassResetClassAdapter - Found static initializer in class org/apache/hadoop/fs/FsUrlStreamHandlerFactory
2024-11-12 13:42:07,933 INFO  EvoClassLoader - Keeping class: org.apache.hadoop.fs.FsUrlStreamHandlerFactory
2024-11-12 13:42:07,933 INFO  EvoClassLoader - Seeing class for first time: org.apache.hadoop.fs.FsUrlStreamHandler
2024-11-12 13:42:07,933 INFO  EvoClassLoader - Instrumenting class 'org.apache.hadoop.fs.FsUrlStreamHandler'.
2024-11-12 13:42:07,933 INFO  MethodCallReplacementClassAdapter - Adding mock interface to class org/apache/hadoop/fs/FsUrlStreamHandler
2024-11-12 13:42:07,934 INFO  CreateClassResetClassAdapter - Creating brand-new static initializer in class org/apache/hadoop/fs/FsUrlStreamHandler
2024-11-12 13:42:07,934 INFO  EvoClassLoader - Keeping class: org.apache.hadoop.fs.FsUrlStreamHandler
2024-11-12 13:42:07,934 INFO  EvoClassLoader - Seeing class for first time: org.apache.hadoop.thirdparty.protobuf.Api$1
2024-11-12 13:42:07,934 INFO  EvoClassLoader - Instrumenting class 'org.apache.hadoop.thirdparty.protobuf.Api$1'.
2024-11-12 13:42:07,934 INFO  MethodCallReplacementClassAdapter - Adding mock interface to class org/apache/hadoop/thirdparty/protobuf/Api$1
2024-11-12 13:42:07,934 INFO  EvoClassLoader - Keeping class: org.apache.hadoop.thirdparty.protobuf.Api$1
2024-11-12 13:42:07,934 INFO  EvoClassLoader - Seeing class for first time: org.apache.hadoop.thirdparty.protobuf.Api
2024-11-12 13:42:07,934 INFO  EvoClassLoader - Instrumenting class 'org.apache.hadoop.thirdparty.protobuf.Api'.
2024-11-12 13:42:07,934 INFO  MethodCallReplacementClassAdapter - Adding mock interface to class org/apache/hadoop/thirdparty/protobuf/Api
2024-11-12 13:42:07,935 INFO  CreateClassResetClassAdapter - Found static initializer in class org/apache/hadoop/thirdparty/protobuf/Api
2024-11-12 13:42:07,936 INFO  EvoClassLoader - Seeing class for first time: org.apache.hadoop.thirdparty.protobuf.ApiOrBuilder
2024-11-12 13:42:07,936 INFO  EvoClassLoader - Instrumenting class 'org.apache.hadoop.thirdparty.protobuf.ApiOrBuilder'.
2024-11-12 13:42:07,936 INFO  EvoClassLoader - Keeping class: org.apache.hadoop.thirdparty.protobuf.ApiOrBuilder
2024-11-12 13:42:07,936 INFO  EvoClassLoader - Keeping class: org.apache.hadoop.thirdparty.protobuf.Api
2024-11-12 13:42:07,937 INFO  EvoClassLoader - Seeing class for first time: org.apache.hadoop.thirdparty.protobuf.Api$Builder
2024-11-12 13:42:07,937 INFO  EvoClassLoader - Instrumenting class 'org.apache.hadoop.thirdparty.protobuf.Api$Builder'.
2024-11-12 13:42:07,937 INFO  MethodCallReplacementClassAdapter - Adding mock interface to class org/apache/hadoop/thirdparty/protobuf/Api$Builder
2024-11-12 13:42:07,938 INFO  CreateClassResetClassAdapter - Creating brand-new static initializer in class org/apache/hadoop/thirdparty/protobuf/Api$Builder
2024-11-12 13:42:07,939 INFO  EvoClassLoader - Keeping class: org.apache.hadoop.thirdparty.protobuf.Api$Builder
2024-11-12 13:42:07,939 INFO  EvoClassLoader - Seeing class for first time: org.apache.hadoop.thirdparty.protobuf.Mixin
2024-11-12 13:42:07,939 INFO  EvoClassLoader - Instrumenting class 'org.apache.hadoop.thirdparty.protobuf.Mixin'.
2024-11-12 13:42:07,939 INFO  MethodCallReplacementClassAdapter - Adding mock interface to class org/apache/hadoop/thirdparty/protobuf/Mixin
2024-11-12 13:42:07,940 INFO  CreateClassResetClassAdapter - Found static initializer in class org/apache/hadoop/thirdparty/protobuf/Mixin
2024-11-12 13:42:07,940 INFO  EvoClassLoader - Seeing class for first time: org.apache.hadoop.thirdparty.protobuf.MixinOrBuilder
2024-11-12 13:42:07,940 INFO  EvoClassLoader - Instrumenting class 'org.apache.hadoop.thirdparty.protobuf.MixinOrBuilder'.
2024-11-12 13:42:07,940 INFO  EvoClassLoader - Keeping class: org.apache.hadoop.thirdparty.protobuf.MixinOrBuilder
2024-11-12 13:42:07,940 INFO  EvoClassLoader - Keeping class: org.apache.hadoop.thirdparty.protobuf.Mixin
2024-11-12 13:42:07,942 INFO  EvoClassLoader - Seeing class for first time: org.apache.hadoop.thirdparty.protobuf.TextFormat$Tokenizer
2024-11-12 13:42:07,942 INFO  EvoClassLoader - Instrumenting class 'org.apache.hadoop.thirdparty.protobuf.TextFormat$Tokenizer'.
2024-11-12 13:42:07,942 INFO  MethodCallReplacementClassAdapter - Adding mock interface to class org/apache/hadoop/thirdparty/protobuf/TextFormat$Tokenizer
2024-11-12 13:42:07,942 INFO  CreateClassResetClassAdapter - Found static initializer in class org/apache/hadoop/thirdparty/protobuf/TextFormat$Tokenizer
2024-11-12 13:42:07,943 INFO  EvoClassLoader - Keeping class: org.apache.hadoop.thirdparty.protobuf.TextFormat$Tokenizer
2024-11-12 13:42:07,943 INFO  EvoClassLoader - Seeing class for first time: org.apache.hadoop.thirdparty.protobuf.TextFormatParseInfoTree$Builder
2024-11-12 13:42:07,943 INFO  EvoClassLoader - Instrumenting class 'org.apache.hadoop.thirdparty.protobuf.TextFormatParseInfoTree$Builder'.
2024-11-12 13:42:07,943 INFO  MethodCallReplacementClassAdapter - Adding mock interface to class org/apache/hadoop/thirdparty/protobuf/TextFormatParseInfoTree$Builder
2024-11-12 13:42:07,943 INFO  CreateClassResetClassAdapter - Creating brand-new static initializer in class org/apache/hadoop/thirdparty/protobuf/TextFormatParseInfoTree$Builder
2024-11-12 13:42:07,943 INFO  EvoClassLoader - Keeping class: org.apache.hadoop.thirdparty.protobuf.TextFormatParseInfoTree$Builder
2024-11-12 13:42:07,943 INFO  EvoClassLoader - Seeing class for first time: org.apache.hadoop.thirdparty.protobuf.TextFormat$Parser$UnknownField
2024-11-12 13:42:07,943 INFO  EvoClassLoader - Instrumenting class 'org.apache.hadoop.thirdparty.protobuf.TextFormat$Parser$UnknownField'.
2024-11-12 13:42:07,944 INFO  MethodCallReplacementClassAdapter - Adding mock interface to class org/apache/hadoop/thirdparty/protobuf/TextFormat$Parser$UnknownField
2024-11-12 13:42:07,944 INFO  CreateClassResetClassAdapter - Creating brand-new static initializer in class org/apache/hadoop/thirdparty/protobuf/TextFormat$Parser$UnknownField
2024-11-12 13:42:07,944 INFO  EvoClassLoader - Keeping class: org.apache.hadoop.thirdparty.protobuf.TextFormat$Parser$UnknownField
2024-11-12 13:42:07,944 INFO  EvoClassLoader - Seeing class for first time: org.apache.hadoop.thirdparty.protobuf.TextFormat$TextGenerator
2024-11-12 13:42:07,944 INFO  EvoClassLoader - Instrumenting class 'org.apache.hadoop.thirdparty.protobuf.TextFormat$TextGenerator'.
2024-11-12 13:42:07,944 INFO  MethodCallReplacementClassAdapter - Adding mock interface to class org/apache/hadoop/thirdparty/protobuf/TextFormat$TextGenerator
2024-11-12 13:42:07,945 INFO  CreateClassResetClassAdapter - Creating brand-new static initializer in class org/apache/hadoop/thirdparty/protobuf/TextFormat$TextGenerator
2024-11-12 13:42:07,945 INFO  EvoClassLoader - Keeping class: org.apache.hadoop.thirdparty.protobuf.TextFormat$TextGenerator
2024-11-12 13:42:07,955 INFO  EvoClassLoader - Seeing class for first time: org.apache.hadoop.thirdparty.protobuf.MessageReflection$ExtensionAdapter
2024-11-12 13:42:07,955 INFO  EvoClassLoader - Instrumenting class 'org.apache.hadoop.thirdparty.protobuf.MessageReflection$ExtensionAdapter'.
2024-11-12 13:42:07,956 INFO  MethodCallReplacementClassAdapter - Adding mock interface to class org/apache/hadoop/thirdparty/protobuf/MessageReflection$ExtensionAdapter
2024-11-12 13:42:07,956 INFO  CreateClassResetClassAdapter - Creating brand-new static initializer in class org/apache/hadoop/thirdparty/protobuf/MessageReflection$ExtensionAdapter
2024-11-12 13:42:07,957 INFO  EvoClassLoader - Keeping class: org.apache.hadoop.thirdparty.protobuf.MessageReflection$ExtensionAdapter
2024-11-12 13:42:07,957 INFO  EvoClassLoader - Seeing class for first time: org.apache.hadoop.thirdparty.protobuf.MessageReflection
2024-11-12 13:42:07,957 INFO  EvoClassLoader - Instrumenting class 'org.apache.hadoop.thirdparty.protobuf.MessageReflection'.
2024-11-12 13:42:07,957 INFO  MethodCallReplacementClassAdapter - Adding mock interface to class org/apache/hadoop/thirdparty/protobuf/MessageReflection
2024-11-12 13:42:07,959 INFO  CreateClassResetClassAdapter - Creating brand-new static initializer in class org/apache/hadoop/thirdparty/protobuf/MessageReflection
2024-11-12 13:42:07,960 INFO  EvoClassLoader - Keeping class: org.apache.hadoop.thirdparty.protobuf.MessageReflection
2024-11-12 13:42:07,960 INFO  EvoClassLoader - Seeing class for first time: org.apache.hadoop.thirdparty.protobuf.MessageReflection$MergeTarget$ContainerType
2024-11-12 13:42:07,960 INFO  EvoClassLoader - Instrumenting class 'org.apache.hadoop.thirdparty.protobuf.MessageReflection$MergeTarget$ContainerType'.
2024-11-12 13:42:07,960 INFO  MethodCallReplacementClassAdapter - Adding mock interface to class org/apache/hadoop/thirdparty/protobuf/MessageReflection$MergeTarget$ContainerType
2024-11-12 13:42:07,960 INFO  CreateClassResetClassAdapter - Found static initializer in class org/apache/hadoop/thirdparty/protobuf/MessageReflection$MergeTarget$ContainerType
2024-11-12 13:42:07,960 INFO  EvoClassLoader - Keeping class: org.apache.hadoop.thirdparty.protobuf.MessageReflection$MergeTarget$ContainerType
2024-11-12 13:42:07,961 INFO  EvoClassLoader - Seeing class for first time: io.netty.util.internal.shaded.org.jctools.util.Pow2
2024-11-12 13:42:07,961 INFO  EvoClassLoader - Instrumenting class 'io.netty.util.internal.shaded.org.jctools.util.Pow2'.
2024-11-12 13:42:07,962 INFO  MethodCallReplacementClassAdapter - Adding mock interface to class io/netty/util/internal/shaded/org/jctools/util/Pow2
2024-11-12 13:42:07,962 INFO  CreateClassResetClassAdapter - Creating brand-new static initializer in class io/netty/util/internal/shaded/org/jctools/util/Pow2
2024-11-12 13:42:07,962 INFO  CreateClassResetClassAdapter - Adding bytecode for initializing field MAX_POW2
2024-11-12 13:42:07,962 INFO  EvoClassLoader - Defined package (3): package io.netty.util.internal.shaded.org.jctools.util, -1500502634
2024-11-12 13:42:07,963 INFO  EvoClassLoader - Keeping class: io.netty.util.internal.shaded.org.jctools.util.Pow2
2024-11-12 13:42:07,963 INFO  EvoClassLoader - Seeing class for first time: org.apache.hadoop.thirdparty.protobuf.DescriptorProtos$UninterpretedOption$NamePart$1
2024-11-12 13:42:07,963 INFO  EvoClassLoader - Instrumenting class 'org.apache.hadoop.thirdparty.protobuf.DescriptorProtos$UninterpretedOption$NamePart$1'.
2024-11-12 13:42:07,963 INFO  MethodCallReplacementClassAdapter - Adding mock interface to class org/apache/hadoop/thirdparty/protobuf/DescriptorProtos$UninterpretedOption$NamePart$1
2024-11-12 13:42:07,963 INFO  EvoClassLoader - Keeping class: org.apache.hadoop.thirdparty.protobuf.DescriptorProtos$UninterpretedOption$NamePart$1
2024-11-12 13:42:07,964 INFO  EvoClassLoader - Seeing class for first time: org.apache.hadoop.thirdparty.protobuf.DescriptorProtos$UninterpretedOption$NamePart$Builder
2024-11-12 13:42:07,964 INFO  EvoClassLoader - Instrumenting class 'org.apache.hadoop.thirdparty.protobuf.DescriptorProtos$UninterpretedOption$NamePart$Builder'.
2024-11-12 13:42:07,964 INFO  MethodCallReplacementClassAdapter - Adding mock interface to class org/apache/hadoop/thirdparty/protobuf/DescriptorProtos$UninterpretedOption$NamePart$Builder
2024-11-12 13:42:07,965 INFO  CreateClassResetClassAdapter - Creating brand-new static initializer in class org/apache/hadoop/thirdparty/protobuf/DescriptorProtos$UninterpretedOption$NamePart$Builder
2024-11-12 13:42:07,965 INFO  EvoClassLoader - Keeping class: org.apache.hadoop.thirdparty.protobuf.DescriptorProtos$UninterpretedOption$NamePart$Builder
2024-11-12 13:42:07,966 INFO  EvoClassLoader - Seeing class for first time: org.apache.hadoop.thirdparty.protobuf.DoubleValue$1
2024-11-12 13:42:07,966 INFO  EvoClassLoader - Instrumenting class 'org.apache.hadoop.thirdparty.protobuf.DoubleValue$1'.
2024-11-12 13:42:07,966 INFO  MethodCallReplacementClassAdapter - Adding mock interface to class org/apache/hadoop/thirdparty/protobuf/DoubleValue$1
2024-11-12 13:42:07,966 INFO  EvoClassLoader - Keeping class: org.apache.hadoop.thirdparty.protobuf.DoubleValue$1
2024-11-12 13:42:07,966 INFO  EvoClassLoader - Seeing class for first time: org.apache.hadoop.thirdparty.protobuf.DoubleValue
2024-11-12 13:42:07,966 INFO  EvoClassLoader - Instrumenting class 'org.apache.hadoop.thirdparty.protobuf.DoubleValue'.
2024-11-12 13:42:07,966 INFO  MethodCallReplacementClassAdapter - Adding mock interface to class org/apache/hadoop/thirdparty/protobuf/DoubleValue
2024-11-12 13:42:07,967 INFO  CreateClassResetClassAdapter - Found static initializer in class org/apache/hadoop/thirdparty/protobuf/DoubleValue
2024-11-12 13:42:07,967 INFO  EvoClassLoader - Seeing class for first time: org.apache.hadoop.thirdparty.protobuf.DoubleValueOrBuilder
2024-11-12 13:42:07,967 INFO  EvoClassLoader - Instrumenting class 'org.apache.hadoop.thirdparty.protobuf.DoubleValueOrBuilder'.
2024-11-12 13:42:07,967 INFO  EvoClassLoader - Keeping class: org.apache.hadoop.thirdparty.protobuf.DoubleValueOrBuilder
2024-11-12 13:42:07,968 INFO  EvoClassLoader - Keeping class: org.apache.hadoop.thirdparty.protobuf.DoubleValue
2024-11-12 13:42:07,968 INFO  EvoClassLoader - Seeing class for first time: org.apache.hadoop.thirdparty.protobuf.DoubleValue$Builder
2024-11-12 13:42:07,968 INFO  EvoClassLoader - Instrumenting class 'org.apache.hadoop.thirdparty.protobuf.DoubleValue$Builder'.
2024-11-12 13:42:07,968 INFO  MethodCallReplacementClassAdapter - Adding mock interface to class org/apache/hadoop/thirdparty/protobuf/DoubleValue$Builder
2024-11-12 13:42:07,969 INFO  CreateClassResetClassAdapter - Creating brand-new static initializer in class org/apache/hadoop/thirdparty/protobuf/DoubleValue$Builder
2024-11-12 13:42:07,969 INFO  EvoClassLoader - Keeping class: org.apache.hadoop.thirdparty.protobuf.DoubleValue$Builder
2024-11-12 13:42:07,969 INFO  EvoClassLoader - Seeing class for first time: org.apache.hadoop.thirdparty.protobuf.WrappersProto$1
2024-11-12 13:42:07,969 INFO  EvoClassLoader - Instrumenting class 'org.apache.hadoop.thirdparty.protobuf.WrappersProto$1'.
2024-11-12 13:42:07,970 INFO  MethodCallReplacementClassAdapter - Adding mock interface to class org/apache/hadoop/thirdparty/protobuf/WrappersProto$1
2024-11-12 13:42:07,970 INFO  EvoClassLoader - Keeping class: org.apache.hadoop.thirdparty.protobuf.WrappersProto$1
2024-11-12 13:42:07,970 INFO  EvoClassLoader - Seeing class for first time: org.apache.hadoop.thirdparty.protobuf.WrappersProto
2024-11-12 13:42:07,970 INFO  EvoClassLoader - Instrumenting class 'org.apache.hadoop.thirdparty.protobuf.WrappersProto'.
2024-11-12 13:42:07,970 INFO  MethodCallReplacementClassAdapter - Adding mock interface to class org/apache/hadoop/thirdparty/protobuf/WrappersProto
2024-11-12 13:42:07,970 INFO  CreateClassResetClassAdapter - Found static initializer in class org/apache/hadoop/thirdparty/protobuf/WrappersProto
2024-11-12 13:42:07,971 INFO  EvoClassLoader - Keeping class: org.apache.hadoop.thirdparty.protobuf.WrappersProto
2024-11-12 13:42:07,972 INFO  EvoClassLoader - Seeing class for first time: org.apache.hadoop.thirdparty.protobuf.Option$Builder
2024-11-12 13:42:07,972 INFO  EvoClassLoader - Instrumenting class 'org.apache.hadoop.thirdparty.protobuf.Option$Builder'.
2024-11-12 13:42:07,972 INFO  MethodCallReplacementClassAdapter - Adding mock interface to class org/apache/hadoop/thirdparty/protobuf/Option$Builder
2024-11-12 13:42:07,973 INFO  CreateClassResetClassAdapter - Creating brand-new static initializer in class org/apache/hadoop/thirdparty/protobuf/Option$Builder
2024-11-12 13:42:07,982 INFO  EvoClassLoader - Keeping class: org.apache.hadoop.thirdparty.protobuf.Option$Builder
2024-11-12 13:42:07,982 INFO  EvoClassLoader - Seeing class for first time: org.apache.hadoop.thirdparty.protobuf.Mixin$Builder
2024-11-12 13:42:07,982 INFO  EvoClassLoader - Instrumenting class 'org.apache.hadoop.thirdparty.protobuf.Mixin$Builder'.
2024-11-12 13:42:07,983 INFO  MethodCallReplacementClassAdapter - Adding mock interface to class org/apache/hadoop/thirdparty/protobuf/Mixin$Builder
2024-11-12 13:42:07,984 INFO  CreateClassResetClassAdapter - Creating brand-new static initializer in class org/apache/hadoop/thirdparty/protobuf/Mixin$Builder
2024-11-12 13:42:07,984 INFO  EvoClassLoader - Keeping class: org.apache.hadoop.thirdparty.protobuf.Mixin$Builder
2024-11-12 13:42:07,984 INFO  EvoClassLoader - Seeing class for first time: org.apache.hadoop.thirdparty.protobuf.Field$1
2024-11-12 13:42:07,984 INFO  EvoClassLoader - Instrumenting class 'org.apache.hadoop.thirdparty.protobuf.Field$1'.
2024-11-12 13:42:07,984 INFO  MethodCallReplacementClassAdapter - Adding mock interface to class org/apache/hadoop/thirdparty/protobuf/Field$1
2024-11-12 13:42:07,984 INFO  EvoClassLoader - Keeping class: org.apache.hadoop.thirdparty.protobuf.Field$1
2024-11-12 13:42:07,985 INFO  EvoClassLoader - Seeing class for first time: org.apache.hadoop.thirdparty.protobuf.Field
2024-11-12 13:42:07,985 INFO  EvoClassLoader - Instrumenting class 'org.apache.hadoop.thirdparty.protobuf.Field'.
2024-11-12 13:42:07,985 INFO  MethodCallReplacementClassAdapter - Adding mock interface to class org/apache/hadoop/thirdparty/protobuf/Field
2024-11-12 13:42:07,985 INFO  CreateClassResetClassAdapter - Found static initializer in class org/apache/hadoop/thirdparty/protobuf/Field
2024-11-12 13:42:07,986 INFO  EvoClassLoader - Seeing class for first time: org.apache.hadoop.thirdparty.protobuf.FieldOrBuilder
2024-11-12 13:42:07,986 INFO  EvoClassLoader - Instrumenting class 'org.apache.hadoop.thirdparty.protobuf.FieldOrBuilder'.
2024-11-12 13:42:07,986 INFO  EvoClassLoader - Keeping class: org.apache.hadoop.thirdparty.protobuf.FieldOrBuilder
2024-11-12 13:42:07,986 INFO  EvoClassLoader - Keeping class: org.apache.hadoop.thirdparty.protobuf.Field
2024-11-12 13:42:07,987 INFO  EvoClassLoader - Seeing class for first time: org.apache.hadoop.thirdparty.protobuf.Field$Builder
2024-11-12 13:42:07,987 INFO  EvoClassLoader - Instrumenting class 'org.apache.hadoop.thirdparty.protobuf.Field$Builder'.
2024-11-12 13:42:07,987 INFO  MethodCallReplacementClassAdapter - Adding mock interface to class org/apache/hadoop/thirdparty/protobuf/Field$Builder
2024-11-12 13:42:07,988 INFO  CreateClassResetClassAdapter - Creating brand-new static initializer in class org/apache/hadoop/thirdparty/protobuf/Field$Builder
2024-11-12 13:42:07,989 INFO  EvoClassLoader - Keeping class: org.apache.hadoop.thirdparty.protobuf.Field$Builder
2024-11-12 13:42:07,989 INFO  EvoClassLoader - Seeing class for first time: org.apache.hadoop.thirdparty.protobuf.Field$Kind
2024-11-12 13:42:07,989 INFO  EvoClassLoader - Instrumenting class 'org.apache.hadoop.thirdparty.protobuf.Field$Kind'.
2024-11-12 13:42:07,989 INFO  MethodCallReplacementClassAdapter - Adding mock interface to class org/apache/hadoop/thirdparty/protobuf/Field$Kind
2024-11-12 13:42:07,989 INFO  CreateClassResetClassAdapter - Found static initializer in class org/apache/hadoop/thirdparty/protobuf/Field$Kind
2024-11-12 13:42:07,990 INFO  EvoClassLoader - Keeping class: org.apache.hadoop.thirdparty.protobuf.Field$Kind
2024-11-12 13:42:07,990 INFO  EvoClassLoader - Seeing class for first time: org.apache.hadoop.thirdparty.protobuf.Field$Cardinality
2024-11-12 13:42:07,990 INFO  EvoClassLoader - Instrumenting class 'org.apache.hadoop.thirdparty.protobuf.Field$Cardinality'.
2024-11-12 13:42:07,990 INFO  MethodCallReplacementClassAdapter - Adding mock interface to class org/apache/hadoop/thirdparty/protobuf/Field$Cardinality
2024-11-12 13:42:07,990 INFO  CreateClassResetClassAdapter - Found static initializer in class org/apache/hadoop/thirdparty/protobuf/Field$Cardinality
2024-11-12 13:42:07,990 INFO  EvoClassLoader - Keeping class: org.apache.hadoop.thirdparty.protobuf.Field$Cardinality
2024-11-12 13:42:07,990 INFO  EvoClassLoader - Seeing class for first time: org.apache.hadoop.thirdparty.protobuf.TextFormat$Printer
2024-11-12 13:42:07,990 INFO  EvoClassLoader - Instrumenting class 'org.apache.hadoop.thirdparty.protobuf.TextFormat$Printer'.
2024-11-12 13:42:07,991 INFO  MethodCallReplacementClassAdapter - Adding mock interface to class org/apache/hadoop/thirdparty/protobuf/TextFormat$Printer
2024-11-12 13:42:07,991 INFO  CreateClassResetClassAdapter - Found static initializer in class org/apache/hadoop/thirdparty/protobuf/TextFormat$Printer
2024-11-12 13:42:07,991 INFO  EvoClassLoader - Keeping class: org.apache.hadoop.thirdparty.protobuf.TextFormat$Printer
2024-11-12 13:42:07,991 INFO  EvoClassLoader - Seeing class for first time: org.apache.hadoop.thirdparty.protobuf.TextFormat$UnknownFieldParseException
2024-11-12 13:42:07,991 INFO  EvoClassLoader - Instrumenting class 'org.apache.hadoop.thirdparty.protobuf.TextFormat$UnknownFieldParseException'.
2024-11-12 13:42:07,992 INFO  MethodCallReplacementClassAdapter - Adding mock interface to class org/apache/hadoop/thirdparty/protobuf/TextFormat$UnknownFieldParseException
2024-11-12 13:42:07,992 INFO  CreateClassResetClassAdapter - Creating brand-new static initializer in class org/apache/hadoop/thirdparty/protobuf/TextFormat$UnknownFieldParseException
2024-11-12 13:42:07,992 INFO  EvoClassLoader - Keeping class: org.apache.hadoop.thirdparty.protobuf.TextFormat$UnknownFieldParseException
2024-11-12 13:42:07,992 INFO  EvoClassLoader - Seeing class for first time: org.apache.hadoop.thirdparty.protobuf.Type$1
2024-11-12 13:42:07,992 INFO  EvoClassLoader - Instrumenting class 'org.apache.hadoop.thirdparty.protobuf.Type$1'.
2024-11-12 13:42:07,992 INFO  MethodCallReplacementClassAdapter - Adding mock interface to class org/apache/hadoop/thirdparty/protobuf/Type$1
2024-11-12 13:42:07,992 INFO  EvoClassLoader - Keeping class: org.apache.hadoop.thirdparty.protobuf.Type$1
2024-11-12 13:42:07,992 INFO  EvoClassLoader - Seeing class for first time: org.apache.hadoop.thirdparty.protobuf.Type
2024-11-12 13:42:07,992 INFO  EvoClassLoader - Instrumenting class 'org.apache.hadoop.thirdparty.protobuf.Type'.
2024-11-12 13:42:07,993 INFO  MethodCallReplacementClassAdapter - Adding mock interface to class org/apache/hadoop/thirdparty/protobuf/Type
2024-11-12 13:42:07,994 INFO  CreateClassResetClassAdapter - Found static initializer in class org/apache/hadoop/thirdparty/protobuf/Type
2024-11-12 13:42:07,994 INFO  EvoClassLoader - Seeing class for first time: org.apache.hadoop.thirdparty.protobuf.TypeOrBuilder
2024-11-12 13:42:07,994 INFO  EvoClassLoader - Instrumenting class 'org.apache.hadoop.thirdparty.protobuf.TypeOrBuilder'.
2024-11-12 13:42:07,995 INFO  EvoClassLoader - Keeping class: org.apache.hadoop.thirdparty.protobuf.TypeOrBuilder
2024-11-12 13:42:07,995 INFO  EvoClassLoader - Keeping class: org.apache.hadoop.thirdparty.protobuf.Type
2024-11-12 13:42:07,995 INFO  EvoClassLoader - Seeing class for first time: org.apache.hadoop.thirdparty.protobuf.Type$Builder
2024-11-12 13:42:07,995 INFO  EvoClassLoader - Instrumenting class 'org.apache.hadoop.thirdparty.protobuf.Type$Builder'.
2024-11-12 13:42:07,996 INFO  MethodCallReplacementClassAdapter - Adding mock interface to class org/apache/hadoop/thirdparty/protobuf/Type$Builder
2024-11-12 13:42:07,997 INFO  CreateClassResetClassAdapter - Creating brand-new static initializer in class org/apache/hadoop/thirdparty/protobuf/Type$Builder
2024-11-12 13:42:07,997 INFO  EvoClassLoader - Keeping class: org.apache.hadoop.thirdparty.protobuf.Type$Builder
2024-11-12 13:42:07,997 INFO  EvoClassLoader - Seeing class for first time: org.apache.hadoop.thirdparty.protobuf.FieldMask$1
2024-11-12 13:42:07,997 INFO  EvoClassLoader - Instrumenting class 'org.apache.hadoop.thirdparty.protobuf.FieldMask$1'.
2024-11-12 13:42:07,997 INFO  MethodCallReplacementClassAdapter - Adding mock interface to class org/apache/hadoop/thirdparty/protobuf/FieldMask$1
2024-11-12 13:42:07,998 INFO  EvoClassLoader - Keeping class: org.apache.hadoop.thirdparty.protobuf.FieldMask$1
2024-11-12 13:42:07,998 INFO  EvoClassLoader - Seeing class for first time: org.apache.hadoop.thirdparty.protobuf.FieldMask
2024-11-12 13:42:07,998 INFO  EvoClassLoader - Instrumenting class 'org.apache.hadoop.thirdparty.protobuf.FieldMask'.
2024-11-12 13:42:07,998 INFO  MethodCallReplacementClassAdapter - Adding mock interface to class org/apache/hadoop/thirdparty/protobuf/FieldMask
2024-11-12 13:42:07,998 INFO  CreateClassResetClassAdapter - Found static initializer in class org/apache/hadoop/thirdparty/protobuf/FieldMask
2024-11-12 13:42:07,999 INFO  EvoClassLoader - Seeing class for first time: org.apache.hadoop.thirdparty.protobuf.FieldMaskOrBuilder
2024-11-12 13:42:07,999 INFO  EvoClassLoader - Instrumenting class 'org.apache.hadoop.thirdparty.protobuf.FieldMaskOrBuilder'.
2024-11-12 13:42:07,999 INFO  EvoClassLoader - Keeping class: org.apache.hadoop.thirdparty.protobuf.FieldMaskOrBuilder
2024-11-12 13:42:07,999 INFO  EvoClassLoader - Keeping class: org.apache.hadoop.thirdparty.protobuf.FieldMask
2024-11-12 13:42:08,000 INFO  EvoClassLoader - Seeing class for first time: org.apache.hadoop.thirdparty.protobuf.FieldMask$Builder
2024-11-12 13:42:08,000 INFO  EvoClassLoader - Instrumenting class 'org.apache.hadoop.thirdparty.protobuf.FieldMask$Builder'.
2024-11-12 13:42:08,000 INFO  MethodCallReplacementClassAdapter - Adding mock interface to class org/apache/hadoop/thirdparty/protobuf/FieldMask$Builder
2024-11-12 13:42:08,001 INFO  CreateClassResetClassAdapter - Creating brand-new static initializer in class org/apache/hadoop/thirdparty/protobuf/FieldMask$Builder
2024-11-12 13:42:08,001 INFO  EvoClassLoader - Keeping class: org.apache.hadoop.thirdparty.protobuf.FieldMask$Builder
2024-11-12 13:42:08,001 INFO  EvoClassLoader - Seeing class for first time: org.apache.hadoop.thirdparty.protobuf.DescriptorProtos$FileDescriptorSet$1
2024-11-12 13:42:08,001 INFO  EvoClassLoader - Instrumenting class 'org.apache.hadoop.thirdparty.protobuf.DescriptorProtos$FileDescriptorSet$1'.
2024-11-12 13:42:08,001 INFO  MethodCallReplacementClassAdapter - Adding mock interface to class org/apache/hadoop/thirdparty/protobuf/DescriptorProtos$FileDescriptorSet$1
2024-11-12 13:42:08,002 INFO  EvoClassLoader - Keeping class: org.apache.hadoop.thirdparty.protobuf.DescriptorProtos$FileDescriptorSet$1
2024-11-12 13:42:08,002 INFO  EvoClassLoader - Seeing class for first time: org.apache.hadoop.thirdparty.protobuf.DescriptorProtos$FileDescriptorSet
2024-11-12 13:42:08,002 INFO  EvoClassLoader - Instrumenting class 'org.apache.hadoop.thirdparty.protobuf.DescriptorProtos$FileDescriptorSet'.
2024-11-12 13:42:08,002 INFO  MethodCallReplacementClassAdapter - Adding mock interface to class org/apache/hadoop/thirdparty/protobuf/DescriptorProtos$FileDescriptorSet
2024-11-12 13:42:08,002 INFO  CreateClassResetClassAdapter - Found static initializer in class org/apache/hadoop/thirdparty/protobuf/DescriptorProtos$FileDescriptorSet
2024-11-12 13:42:08,003 INFO  EvoClassLoader - Seeing class for first time: org.apache.hadoop.thirdparty.protobuf.DescriptorProtos$FileDescriptorSetOrBuilder
2024-11-12 13:42:08,003 INFO  EvoClassLoader - Instrumenting class 'org.apache.hadoop.thirdparty.protobuf.DescriptorProtos$FileDescriptorSetOrBuilder'.
2024-11-12 13:42:08,003 INFO  EvoClassLoader - Keeping class: org.apache.hadoop.thirdparty.protobuf.DescriptorProtos$FileDescriptorSetOrBuilder
2024-11-12 13:42:08,003 INFO  EvoClassLoader - Keeping class: org.apache.hadoop.thirdparty.protobuf.DescriptorProtos$FileDescriptorSet
2024-11-12 13:42:08,003 INFO  EvoClassLoader - Seeing class for first time: org.apache.hadoop.thirdparty.protobuf.DescriptorProtos$FileDescriptorSet$Builder
2024-11-12 13:42:08,003 INFO  EvoClassLoader - Instrumenting class 'org.apache.hadoop.thirdparty.protobuf.DescriptorProtos$FileDescriptorSet$Builder'.
2024-11-12 13:42:08,004 INFO  MethodCallReplacementClassAdapter - Adding mock interface to class org/apache/hadoop/thirdparty/protobuf/DescriptorProtos$FileDescriptorSet$Builder
2024-11-12 13:42:08,004 INFO  CreateClassResetClassAdapter - Creating brand-new static initializer in class org/apache/hadoop/thirdparty/protobuf/DescriptorProtos$FileDescriptorSet$Builder
2024-11-12 13:42:08,005 INFO  EvoClassLoader - Keeping class: org.apache.hadoop.thirdparty.protobuf.DescriptorProtos$FileDescriptorSet$Builder
2024-11-12 13:42:08,007 INFO  EvoClassLoader - Seeing class for first time: org.eclipse.jetty.io.MappedByteBufferPool
2024-11-12 13:42:08,007 INFO  EvoClassLoader - Instrumenting class 'org.eclipse.jetty.io.MappedByteBufferPool'.
2024-11-12 13:42:08,007 INFO  MethodCallReplacementClassAdapter - Adding mock interface to class org/eclipse/jetty/io/MappedByteBufferPool
2024-11-12 13:42:08,007 INFO  CreateClassResetClassAdapter - Found static initializer in class org/eclipse/jetty/io/MappedByteBufferPool
2024-11-12 13:42:08,008 INFO  EvoClassLoader - Keeping class: org.eclipse.jetty.io.MappedByteBufferPool
2024-11-12 13:42:08,008 INFO  EvoClassLoader - Seeing class for first time: org.eclipse.jetty.io.MappedByteBufferPool$Tagged
2024-11-12 13:42:08,008 INFO  EvoClassLoader - Instrumenting class 'org.eclipse.jetty.io.MappedByteBufferPool$Tagged'.
2024-11-12 13:42:08,008 INFO  MethodCallReplacementClassAdapter - Adding mock interface to class org/eclipse/jetty/io/MappedByteBufferPool$Tagged
2024-11-12 13:42:08,008 INFO  CreateClassResetClassAdapter - Creating brand-new static initializer in class org/eclipse/jetty/io/MappedByteBufferPool$Tagged
2024-11-12 13:42:08,008 INFO  EvoClassLoader - Keeping class: org.eclipse.jetty.io.MappedByteBufferPool$Tagged
2024-11-12 13:42:08,008 INFO  EvoClassLoader - Seeing class for first time: org.eclipse.jetty.util.BufferUtil
2024-11-12 13:42:08,008 INFO  EvoClassLoader - Instrumenting class 'org.eclipse.jetty.util.BufferUtil'.
2024-11-12 13:42:08,009 INFO  MethodCallReplacementClassAdapter - Adding mock interface to class org/eclipse/jetty/util/BufferUtil
2024-11-12 13:42:08,010 INFO  CreateClassResetClassAdapter - Found static initializer in class org/eclipse/jetty/util/BufferUtil
2024-11-12 13:42:08,010 INFO  EvoClassLoader - Keeping class: org.eclipse.jetty.util.BufferUtil
2024-11-12 13:42:08,011 INFO  EvoClassLoader - Seeing class for first time: org.eclipse.jetty.util.resource.Resource
2024-11-12 13:42:08,011 INFO  EvoClassLoader - Instrumenting class 'org.eclipse.jetty.util.resource.Resource'.
2024-11-12 13:42:08,011 INFO  MethodCallReplacementClassAdapter - Adding mock interface to class org/eclipse/jetty/util/resource/Resource
2024-11-12 13:42:08,013 INFO  CreateClassResetClassAdapter - Found static initializer in class org/eclipse/jetty/util/resource/Resource
2024-11-12 13:42:08,013 INFO  EvoClassLoader - Defined package (3): package org.eclipse.jetty.util.resource, -375223495
2024-11-12 13:42:08,013 INFO  EvoClassLoader - Seeing class for first time: org.eclipse.jetty.util.resource.ResourceFactory
2024-11-12 13:42:08,013 INFO  EvoClassLoader - Instrumenting class 'org.eclipse.jetty.util.resource.ResourceFactory'.
2024-11-12 13:42:08,014 INFO  EvoClassLoader - Keeping class: org.eclipse.jetty.util.resource.ResourceFactory
2024-11-12 13:42:08,014 INFO  EvoClassLoader - Keeping class: org.eclipse.jetty.util.resource.Resource
2024-11-12 13:42:08,014 INFO  EvoClassLoader - Seeing class for first time: org.apache.hadoop.thirdparty.protobuf.StringValue$1
2024-11-12 13:42:08,014 INFO  EvoClassLoader - Instrumenting class 'org.apache.hadoop.thirdparty.protobuf.StringValue$1'.
2024-11-12 13:42:08,014 INFO  MethodCallReplacementClassAdapter - Adding mock interface to class org/apache/hadoop/thirdparty/protobuf/StringValue$1
2024-11-12 13:42:08,014 INFO  EvoClassLoader - Keeping class: org.apache.hadoop.thirdparty.protobuf.StringValue$1
2024-11-12 13:42:08,014 INFO  EvoClassLoader - Seeing class for first time: org.apache.hadoop.thirdparty.protobuf.StringValue
2024-11-12 13:42:08,014 INFO  EvoClassLoader - Instrumenting class 'org.apache.hadoop.thirdparty.protobuf.StringValue'.
2024-11-12 13:42:08,014 INFO  MethodCallReplacementClassAdapter - Adding mock interface to class org/apache/hadoop/thirdparty/protobuf/StringValue
2024-11-12 13:42:08,015 INFO  CreateClassResetClassAdapter - Found static initializer in class org/apache/hadoop/thirdparty/protobuf/StringValue
2024-11-12 13:42:08,016 INFO  EvoClassLoader - Seeing class for first time: org.apache.hadoop.thirdparty.protobuf.StringValueOrBuilder
2024-11-12 13:42:08,016 INFO  EvoClassLoader - Instrumenting class 'org.apache.hadoop.thirdparty.protobuf.StringValueOrBuilder'.
2024-11-12 13:42:08,016 INFO  EvoClassLoader - Keeping class: org.apache.hadoop.thirdparty.protobuf.StringValueOrBuilder
2024-11-12 13:42:08,016 INFO  EvoClassLoader - Keeping class: org.apache.hadoop.thirdparty.protobuf.StringValue
2024-11-12 13:42:08,017 INFO  EvoClassLoader - Seeing class for first time: org.apache.hadoop.thirdparty.protobuf.StringValue$Builder
2024-11-12 13:42:08,017 INFO  EvoClassLoader - Instrumenting class 'org.apache.hadoop.thirdparty.protobuf.StringValue$Builder'.
2024-11-12 13:42:08,017 INFO  MethodCallReplacementClassAdapter - Adding mock interface to class org/apache/hadoop/thirdparty/protobuf/StringValue$Builder
2024-11-12 13:42:08,018 INFO  CreateClassResetClassAdapter - Creating brand-new static initializer in class org/apache/hadoop/thirdparty/protobuf/StringValue$Builder
2024-11-12 13:42:08,018 INFO  EvoClassLoader - Keeping class: org.apache.hadoop.thirdparty.protobuf.StringValue$Builder
2024-11-12 13:42:08,019 INFO  EvoClassLoader - Seeing class for first time: org.apache.hadoop.thirdparty.protobuf.TypeProto$1
2024-11-12 13:42:08,019 INFO  EvoClassLoader - Instrumenting class 'org.apache.hadoop.thirdparty.protobuf.TypeProto$1'.
2024-11-12 13:42:08,020 INFO  MethodCallReplacementClassAdapter - Adding mock interface to class org/apache/hadoop/thirdparty/protobuf/TypeProto$1
2024-11-12 13:42:08,020 INFO  EvoClassLoader - Keeping class: org.apache.hadoop.thirdparty.protobuf.TypeProto$1
2024-11-12 13:42:08,020 INFO  EvoClassLoader - Seeing class for first time: org.apache.hadoop.thirdparty.protobuf.TypeProto
2024-11-12 13:42:08,020 INFO  EvoClassLoader - Instrumenting class 'org.apache.hadoop.thirdparty.protobuf.TypeProto'.
2024-11-12 13:42:08,020 INFO  MethodCallReplacementClassAdapter - Adding mock interface to class org/apache/hadoop/thirdparty/protobuf/TypeProto
2024-11-12 13:42:08,020 INFO  CreateClassResetClassAdapter - Found static initializer in class org/apache/hadoop/thirdparty/protobuf/TypeProto
2024-11-12 13:42:08,020 INFO  EvoClassLoader - Keeping class: org.apache.hadoop.thirdparty.protobuf.TypeProto
2024-11-12 13:42:08,020 INFO  EvoClassLoader - Seeing class for first time: org.apache.hadoop.thirdparty.protobuf.AnyProto$1
2024-11-12 13:42:08,020 INFO  EvoClassLoader - Instrumenting class 'org.apache.hadoop.thirdparty.protobuf.AnyProto$1'.
2024-11-12 13:42:08,021 INFO  MethodCallReplacementClassAdapter - Adding mock interface to class org/apache/hadoop/thirdparty/protobuf/AnyProto$1
2024-11-12 13:42:08,021 INFO  EvoClassLoader - Keeping class: org.apache.hadoop.thirdparty.protobuf.AnyProto$1
2024-11-12 13:42:08,021 INFO  EvoClassLoader - Seeing class for first time: org.apache.hadoop.thirdparty.protobuf.AnyProto
2024-11-12 13:42:08,021 INFO  EvoClassLoader - Instrumenting class 'org.apache.hadoop.thirdparty.protobuf.AnyProto'.
2024-11-12 13:42:08,021 INFO  MethodCallReplacementClassAdapter - Adding mock interface to class org/apache/hadoop/thirdparty/protobuf/AnyProto
2024-11-12 13:42:08,021 INFO  CreateClassResetClassAdapter - Found static initializer in class org/apache/hadoop/thirdparty/protobuf/AnyProto
2024-11-12 13:42:08,021 INFO  EvoClassLoader - Keeping class: org.apache.hadoop.thirdparty.protobuf.AnyProto
2024-11-12 13:42:08,021 INFO  EvoClassLoader - Seeing class for first time: org.apache.hadoop.thirdparty.protobuf.SourceContextProto$1
2024-11-12 13:42:08,021 INFO  EvoClassLoader - Instrumenting class 'org.apache.hadoop.thirdparty.protobuf.SourceContextProto$1'.
2024-11-12 13:42:08,022 INFO  MethodCallReplacementClassAdapter - Adding mock interface to class org/apache/hadoop/thirdparty/protobuf/SourceContextProto$1
2024-11-12 13:42:08,022 INFO  EvoClassLoader - Keeping class: org.apache.hadoop.thirdparty.protobuf.SourceContextProto$1
2024-11-12 13:42:08,022 INFO  EvoClassLoader - Seeing class for first time: org.apache.hadoop.thirdparty.protobuf.SourceContextProto
2024-11-12 13:42:08,022 INFO  EvoClassLoader - Instrumenting class 'org.apache.hadoop.thirdparty.protobuf.SourceContextProto'.
2024-11-12 13:42:08,022 INFO  MethodCallReplacementClassAdapter - Adding mock interface to class org/apache/hadoop/thirdparty/protobuf/SourceContextProto
2024-11-12 13:42:08,022 INFO  CreateClassResetClassAdapter - Found static initializer in class org/apache/hadoop/thirdparty/protobuf/SourceContextProto
2024-11-12 13:42:08,022 INFO  EvoClassLoader - Keeping class: org.apache.hadoop.thirdparty.protobuf.SourceContextProto
2024-11-12 13:42:08,024 INFO  EvoClassLoader - Seeing class for first time: org.eclipse.jetty.io.NullByteBufferPool
2024-11-12 13:42:08,024 INFO  EvoClassLoader - Instrumenting class 'org.eclipse.jetty.io.NullByteBufferPool'.
2024-11-12 13:42:08,024 INFO  MethodCallReplacementClassAdapter - Adding mock interface to class org/eclipse/jetty/io/NullByteBufferPool
2024-11-12 13:42:08,025 INFO  CreateClassResetClassAdapter - Creating brand-new static initializer in class org/eclipse/jetty/io/NullByteBufferPool
2024-11-12 13:42:08,025 INFO  EvoClassLoader - Keeping class: org.eclipse.jetty.io.NullByteBufferPool
2024-11-12 13:42:08,025 INFO  EvoClassLoader - Seeing class for first time: org.eclipse.jetty.util.component.AbstractLifeCycle
2024-11-12 13:42:08,025 INFO  EvoClassLoader - Instrumenting class 'org.eclipse.jetty.util.component.AbstractLifeCycle'.
2024-11-12 13:42:08,025 INFO  MethodCallReplacementClassAdapter - Adding mock interface to class org/eclipse/jetty/util/component/AbstractLifeCycle
2024-11-12 13:42:08,025 INFO  CreateClassResetClassAdapter - Found static initializer in class org/eclipse/jetty/util/component/AbstractLifeCycle
2024-11-12 13:42:08,026 INFO  EvoClassLoader - Seeing class for first time: org.eclipse.jetty.util.component.LifeCycle
2024-11-12 13:42:08,026 INFO  EvoClassLoader - Instrumenting class 'org.eclipse.jetty.util.component.LifeCycle'.
2024-11-12 13:42:08,026 INFO  EvoClassLoader - Keeping class: org.eclipse.jetty.util.component.LifeCycle
2024-11-12 13:42:08,026 INFO  EvoClassLoader - Keeping class: org.eclipse.jetty.util.component.AbstractLifeCycle
2024-11-12 13:42:08,027 INFO  EvoClassLoader - Seeing class for first time: org.eclipse.jetty.util.component.LifeCycle$Listener
2024-11-12 13:42:08,027 INFO  EvoClassLoader - Instrumenting class 'org.eclipse.jetty.util.component.LifeCycle$Listener'.
2024-11-12 13:42:08,027 INFO  EvoClassLoader - Keeping class: org.eclipse.jetty.util.component.LifeCycle$Listener
2024-11-12 13:42:08,027 INFO  EvoClassLoader - Seeing class for first time: org.eclipse.jetty.util.component.ContainerLifeCycle
2024-11-12 13:42:08,027 INFO  EvoClassLoader - Instrumenting class 'org.eclipse.jetty.util.component.ContainerLifeCycle'.
2024-11-12 13:42:08,027 INFO  MethodCallReplacementClassAdapter - Adding mock interface to class org/eclipse/jetty/util/component/ContainerLifeCycle
2024-11-12 13:42:08,030 INFO  CreateClassResetClassAdapter - Found static initializer in class org/eclipse/jetty/util/component/ContainerLifeCycle
2024-11-12 13:42:08,031 INFO  EvoClassLoader - Seeing class for first time: org.eclipse.jetty.util.component.Container
2024-11-12 13:42:08,031 INFO  EvoClassLoader - Instrumenting class 'org.eclipse.jetty.util.component.Container'.
2024-11-12 13:42:08,032 INFO  EvoClassLoader - Keeping class: org.eclipse.jetty.util.component.Container
2024-11-12 13:42:08,032 INFO  EvoClassLoader - Seeing class for first time: org.eclipse.jetty.util.component.Destroyable
2024-11-12 13:42:08,032 INFO  EvoClassLoader - Instrumenting class 'org.eclipse.jetty.util.component.Destroyable'.
2024-11-12 13:42:08,032 INFO  EvoClassLoader - Keeping class: org.eclipse.jetty.util.component.Destroyable
2024-11-12 13:42:08,032 INFO  EvoClassLoader - Seeing class for first time: org.eclipse.jetty.util.component.Dumpable$DumpableContainer
2024-11-12 13:42:08,032 INFO  EvoClassLoader - Instrumenting class 'org.eclipse.jetty.util.component.Dumpable$DumpableContainer'.
2024-11-12 13:42:08,033 INFO  EvoClassLoader - Keeping class: org.eclipse.jetty.util.component.Dumpable$DumpableContainer
2024-11-12 13:42:08,033 INFO  EvoClassLoader - Keeping class: org.eclipse.jetty.util.component.ContainerLifeCycle
2024-11-12 13:42:08,034 INFO  EvoClassLoader - Seeing class for first time: org.eclipse.jetty.util.component.ContainerLifeCycle$Bean
2024-11-12 13:42:08,034 INFO  EvoClassLoader - Instrumenting class 'org.eclipse.jetty.util.component.ContainerLifeCycle$Bean'.
2024-11-12 13:42:08,034 INFO  MethodCallReplacementClassAdapter - Adding mock interface to class org/eclipse/jetty/util/component/ContainerLifeCycle$Bean
2024-11-12 13:42:08,035 INFO  CreateClassResetClassAdapter - Creating brand-new static initializer in class org/eclipse/jetty/util/component/ContainerLifeCycle$Bean
2024-11-12 13:42:08,035 INFO  EvoClassLoader - Keeping class: org.eclipse.jetty.util.component.ContainerLifeCycle$Bean
2024-11-12 13:42:08,035 INFO  EvoClassLoader - Seeing class for first time: org.eclipse.jetty.util.component.ContainerLifeCycle$Managed
2024-11-12 13:42:08,035 INFO  EvoClassLoader - Instrumenting class 'org.eclipse.jetty.util.component.ContainerLifeCycle$Managed'.
2024-11-12 13:42:08,035 INFO  MethodCallReplacementClassAdapter - Adding mock interface to class org/eclipse/jetty/util/component/ContainerLifeCycle$Managed
2024-11-12 13:42:08,036 INFO  CreateClassResetClassAdapter - Found static initializer in class org/eclipse/jetty/util/component/ContainerLifeCycle$Managed
2024-11-12 13:42:08,036 INFO  EvoClassLoader - Keeping class: org.eclipse.jetty.util.component.ContainerLifeCycle$Managed
2024-11-12 13:42:08,036 INFO  EvoClassLoader - Seeing class for first time: org.eclipse.jetty.util.component.Container$Listener
2024-11-12 13:42:08,036 INFO  EvoClassLoader - Instrumenting class 'org.eclipse.jetty.util.component.Container$Listener'.
2024-11-12 13:42:08,036 INFO  EvoClassLoader - Keeping class: org.eclipse.jetty.util.component.Container$Listener
2024-11-12 13:42:08,036 INFO  EvoClassLoader - Seeing class for first time: org.eclipse.jetty.io.LeakTrackingByteBufferPool
2024-11-12 13:42:08,036 INFO  EvoClassLoader - Instrumenting class 'org.eclipse.jetty.io.LeakTrackingByteBufferPool'.
2024-11-12 13:42:08,037 INFO  MethodCallReplacementClassAdapter - Adding mock interface to class org/eclipse/jetty/io/LeakTrackingByteBufferPool
2024-11-12 13:42:08,037 INFO  CreateClassResetClassAdapter - Found static initializer in class org/eclipse/jetty/io/LeakTrackingByteBufferPool
2024-11-12 13:42:08,037 INFO  EvoClassLoader - Keeping class: org.eclipse.jetty.io.LeakTrackingByteBufferPool
2024-11-12 13:42:08,038 INFO  EvoClassLoader - Seeing class for first time: org.eclipse.jetty.util.LeakDetector
2024-11-12 13:42:08,038 INFO  EvoClassLoader - Instrumenting class 'org.eclipse.jetty.util.LeakDetector'.
2024-11-12 13:42:08,038 INFO  MethodCallReplacementClassAdapter - Adding mock interface to class org/eclipse/jetty/util/LeakDetector
2024-11-12 13:42:08,038 INFO  CreateClassResetClassAdapter - Found static initializer in class org/eclipse/jetty/util/LeakDetector
2024-11-12 13:42:08,038 INFO  EvoClassLoader - Keeping class: org.eclipse.jetty.util.LeakDetector
2024-11-12 13:42:08,038 INFO  EvoClassLoader - Seeing class for first time: org.eclipse.jetty.io.LeakTrackingByteBufferPool$1
2024-11-12 13:42:08,038 INFO  EvoClassLoader - Instrumenting class 'org.eclipse.jetty.io.LeakTrackingByteBufferPool$1'.
2024-11-12 13:42:08,039 INFO  MethodCallReplacementClassAdapter - Adding mock interface to class org/eclipse/jetty/io/LeakTrackingByteBufferPool$1
2024-11-12 13:42:08,039 INFO  EvoClassLoader - Keeping class: org.eclipse.jetty.io.LeakTrackingByteBufferPool$1
2024-11-12 13:42:08,039 INFO  EvoClassLoader - Seeing class for first time: org.eclipse.jetty.util.LeakDetector$LeakInfo
2024-11-12 13:42:08,039 INFO  EvoClassLoader - Instrumenting class 'org.eclipse.jetty.util.LeakDetector$LeakInfo'.
2024-11-12 13:42:08,039 INFO  MethodCallReplacementClassAdapter - Adding mock interface to class org/eclipse/jetty/util/LeakDetector$LeakInfo
2024-11-12 13:42:08,039 INFO  CreateClassResetClassAdapter - Creating brand-new static initializer in class org/eclipse/jetty/util/LeakDetector$LeakInfo
2024-11-12 13:42:08,039 INFO  EvoClassLoader - Keeping class: org.eclipse.jetty.util.LeakDetector$LeakInfo
2024-11-12 13:42:08,040 INFO  EvoClassLoader - Seeing class for first time: org.eclipse.jetty.util.component.ContainerLifeCycle$1
2024-11-12 13:42:08,040 INFO  EvoClassLoader - Instrumenting class 'org.eclipse.jetty.util.component.ContainerLifeCycle$1'.
2024-11-12 13:42:08,040 INFO  MethodCallReplacementClassAdapter - Adding mock interface to class org/eclipse/jetty/util/component/ContainerLifeCycle$1
2024-11-12 13:42:08,040 INFO  EvoClassLoader - Keeping class: org.eclipse.jetty.util.component.ContainerLifeCycle$1
2024-11-12 13:42:08,040 INFO  EvoClassLoader - Seeing class for first time: io.netty.util.ResourceLeakDetectorFactory$DefaultResourceLeakDetectorFactory
2024-11-12 13:42:08,040 INFO  EvoClassLoader - Instrumenting class 'io.netty.util.ResourceLeakDetectorFactory$DefaultResourceLeakDetectorFactory'.
2024-11-12 13:42:08,040 INFO  MethodCallReplacementClassAdapter - Adding mock interface to class io/netty/util/ResourceLeakDetectorFactory$DefaultResourceLeakDetectorFactory
2024-11-12 13:42:08,040 INFO  CreateClassResetClassAdapter - Creating brand-new static initializer in class io/netty/util/ResourceLeakDetectorFactory$DefaultResourceLeakDetectorFactory
2024-11-12 13:42:08,040 INFO  EvoClassLoader - Seeing class for first time: io.netty.util.ResourceLeakDetectorFactory
2024-11-12 13:42:08,040 INFO  EvoClassLoader - Instrumenting class 'io.netty.util.ResourceLeakDetectorFactory'.
2024-11-12 13:42:08,041 INFO  MethodCallReplacementClassAdapter - Adding mock interface to class io/netty/util/ResourceLeakDetectorFactory
2024-11-12 13:42:08,041 INFO  CreateClassResetClassAdapter - Found static initializer in class io/netty/util/ResourceLeakDetectorFactory
2024-11-12 13:42:08,041 INFO  EvoClassLoader - Keeping class: io.netty.util.ResourceLeakDetectorFactory
2024-11-12 13:42:08,041 INFO  EvoClassLoader - Keeping class: io.netty.util.ResourceLeakDetectorFactory$DefaultResourceLeakDetectorFactory
2024-11-12 13:42:08,041 INFO  EvoClassLoader - Seeing class for first time: io.netty.util.IllegalReferenceCountException
2024-11-12 13:42:08,041 INFO  EvoClassLoader - Instrumenting class 'io.netty.util.IllegalReferenceCountException'.
2024-11-12 13:42:08,041 INFO  MethodCallReplacementClassAdapter - Adding mock interface to class io/netty/util/IllegalReferenceCountException
2024-11-12 13:42:08,041 INFO  CreateClassResetClassAdapter - Creating brand-new static initializer in class io/netty/util/IllegalReferenceCountException
2024-11-12 13:42:08,041 INFO  EvoClassLoader - Keeping class: io.netty.util.IllegalReferenceCountException
2024-11-12 13:42:08,042 INFO  EvoClassLoader - Seeing class for first time: io.netty.buffer.UnpooledDuplicatedByteBuf
2024-11-12 13:42:08,042 INFO  EvoClassLoader - Instrumenting class 'io.netty.buffer.UnpooledDuplicatedByteBuf'.
2024-11-12 13:42:08,042 INFO  MethodCallReplacementClassAdapter - Adding mock interface to class io/netty/buffer/UnpooledDuplicatedByteBuf
2024-11-12 13:42:08,042 INFO  CreateClassResetClassAdapter - Creating brand-new static initializer in class io/netty/buffer/UnpooledDuplicatedByteBuf
2024-11-12 13:42:08,042 INFO  EvoClassLoader - Seeing class for first time: io.netty.buffer.DuplicatedByteBuf
2024-11-12 13:42:08,042 INFO  EvoClassLoader - Instrumenting class 'io.netty.buffer.DuplicatedByteBuf'.
2024-11-12 13:42:08,042 INFO  MethodCallReplacementClassAdapter - Adding mock interface to class io/netty/buffer/DuplicatedByteBuf
2024-11-12 13:42:08,043 INFO  CreateClassResetClassAdapter - Creating brand-new static initializer in class io/netty/buffer/DuplicatedByteBuf
2024-11-12 13:42:08,043 INFO  EvoClassLoader - Seeing class for first time: io.netty.buffer.AbstractDerivedByteBuf
2024-11-12 13:42:08,043 INFO  EvoClassLoader - Instrumenting class 'io.netty.buffer.AbstractDerivedByteBuf'.
2024-11-12 13:42:08,043 INFO  MethodCallReplacementClassAdapter - Adding mock interface to class io/netty/buffer/AbstractDerivedByteBuf
2024-11-12 13:42:08,043 INFO  CreateClassResetClassAdapter - Creating brand-new static initializer in class io/netty/buffer/AbstractDerivedByteBuf
2024-11-12 13:42:08,043 INFO  EvoClassLoader - Keeping class: io.netty.buffer.AbstractDerivedByteBuf
2024-11-12 13:42:08,043 INFO  EvoClassLoader - Keeping class: io.netty.buffer.DuplicatedByteBuf
2024-11-12 13:42:08,043 INFO  EvoClassLoader - Keeping class: io.netty.buffer.UnpooledDuplicatedByteBuf
2024-11-12 13:42:08,043 INFO  EvoClassLoader - Seeing class for first time: io.netty.buffer.UnpooledSlicedByteBuf
2024-11-12 13:42:08,043 INFO  EvoClassLoader - Instrumenting class 'io.netty.buffer.UnpooledSlicedByteBuf'.
2024-11-12 13:42:08,044 INFO  MethodCallReplacementClassAdapter - Adding mock interface to class io/netty/buffer/UnpooledSlicedByteBuf
2024-11-12 13:42:08,044 INFO  CreateClassResetClassAdapter - Creating brand-new static initializer in class io/netty/buffer/UnpooledSlicedByteBuf
2024-11-12 13:42:08,044 INFO  EvoClassLoader - Seeing class for first time: io.netty.buffer.AbstractUnpooledSlicedByteBuf
2024-11-12 13:42:08,044 INFO  EvoClassLoader - Instrumenting class 'io.netty.buffer.AbstractUnpooledSlicedByteBuf'.
2024-11-12 13:42:08,044 INFO  MethodCallReplacementClassAdapter - Adding mock interface to class io/netty/buffer/AbstractUnpooledSlicedByteBuf
2024-11-12 13:42:08,044 INFO  CreateClassResetClassAdapter - Creating brand-new static initializer in class io/netty/buffer/AbstractUnpooledSlicedByteBuf
2024-11-12 13:42:08,044 INFO  EvoClassLoader - Keeping class: io.netty.buffer.AbstractUnpooledSlicedByteBuf
2024-11-12 13:42:08,044 INFO  EvoClassLoader - Keeping class: io.netty.buffer.UnpooledSlicedByteBuf
2024-11-12 13:42:08,044 INFO  EvoClassLoader - Seeing class for first time: io.netty.buffer.SwappedByteBuf
2024-11-12 13:42:08,044 INFO  EvoClassLoader - Instrumenting class 'io.netty.buffer.SwappedByteBuf'.
2024-11-12 13:42:08,045 INFO  MethodCallReplacementClassAdapter - Adding mock interface to class io/netty/buffer/SwappedByteBuf
2024-11-12 13:42:08,045 INFO  CreateClassResetClassAdapter - Creating brand-new static initializer in class io/netty/buffer/SwappedByteBuf
2024-11-12 13:42:08,046 INFO  EvoClassLoader - Keeping class: io.netty.buffer.SwappedByteBuf
2024-11-12 13:42:08,046 INFO  EvoClassLoader - Seeing class for first time: io.netty.util.internal.ReferenceCountUpdater
2024-11-12 13:42:08,046 INFO  EvoClassLoader - Instrumenting class 'io.netty.util.internal.ReferenceCountUpdater'.
2024-11-12 13:42:08,046 INFO  MethodCallReplacementClassAdapter - Adding mock interface to class io/netty/util/internal/ReferenceCountUpdater
2024-11-12 13:42:08,046 INFO  CreateClassResetClassAdapter - Creating brand-new static initializer in class io/netty/util/internal/ReferenceCountUpdater
2024-11-12 13:42:08,047 INFO  EvoClassLoader - Keeping class: io.netty.util.internal.ReferenceCountUpdater
2024-11-12 13:42:08,047 INFO  EvoClassLoader - Seeing class for first time: io.netty.buffer.AbstractReferenceCountedByteBuf$1
2024-11-12 13:42:08,047 INFO  EvoClassLoader - Instrumenting class 'io.netty.buffer.AbstractReferenceCountedByteBuf$1'.
2024-11-12 13:42:08,047 INFO  MethodCallReplacementClassAdapter - Adding mock interface to class io/netty/buffer/AbstractReferenceCountedByteBuf$1
2024-11-12 13:42:08,047 INFO  EvoClassLoader - Keeping class: io.netty.buffer.AbstractReferenceCountedByteBuf$1
2024-11-12 13:42:08,048 INFO  EvoClassLoader - Seeing class for first time: io.netty.buffer.UnsafeDirectSwappedByteBuf
2024-11-12 13:42:08,048 INFO  EvoClassLoader - Instrumenting class 'io.netty.buffer.UnsafeDirectSwappedByteBuf'.
2024-11-12 13:42:08,048 INFO  MethodCallReplacementClassAdapter - Adding mock interface to class io/netty/buffer/UnsafeDirectSwappedByteBuf
2024-11-12 13:42:08,048 INFO  CreateClassResetClassAdapter - Creating brand-new static initializer in class io/netty/buffer/UnsafeDirectSwappedByteBuf
2024-11-12 13:42:08,048 INFO  EvoClassLoader - Seeing class for first time: io.netty.buffer.AbstractUnsafeSwappedByteBuf
2024-11-12 13:42:08,048 INFO  EvoClassLoader - Instrumenting class 'io.netty.buffer.AbstractUnsafeSwappedByteBuf'.
2024-11-12 13:42:08,048 INFO  MethodCallReplacementClassAdapter - Adding mock interface to class io/netty/buffer/AbstractUnsafeSwappedByteBuf
2024-11-12 13:42:08,048 INFO  CreateClassResetClassAdapter - Found static initializer in class io/netty/buffer/AbstractUnsafeSwappedByteBuf
2024-11-12 13:42:08,049 INFO  EvoClassLoader - Keeping class: io.netty.buffer.AbstractUnsafeSwappedByteBuf
2024-11-12 13:42:08,049 INFO  EvoClassLoader - Keeping class: io.netty.buffer.UnsafeDirectSwappedByteBuf
2024-11-12 13:42:08,049 INFO  EvoClassLoader - Seeing class for first time: org.apache.hadoop.thirdparty.protobuf.UInt64Value$1
2024-11-12 13:42:08,049 INFO  EvoClassLoader - Instrumenting class 'org.apache.hadoop.thirdparty.protobuf.UInt64Value$1'.
2024-11-12 13:42:08,049 INFO  MethodCallReplacementClassAdapter - Adding mock interface to class org/apache/hadoop/thirdparty/protobuf/UInt64Value$1
2024-11-12 13:42:08,049 INFO  EvoClassLoader - Keeping class: org.apache.hadoop.thirdparty.protobuf.UInt64Value$1
2024-11-12 13:42:08,049 INFO  EvoClassLoader - Seeing class for first time: org.apache.hadoop.thirdparty.protobuf.UInt64Value
2024-11-12 13:42:08,049 INFO  EvoClassLoader - Instrumenting class 'org.apache.hadoop.thirdparty.protobuf.UInt64Value'.
2024-11-12 13:42:08,050 INFO  MethodCallReplacementClassAdapter - Adding mock interface to class org/apache/hadoop/thirdparty/protobuf/UInt64Value
2024-11-12 13:42:08,050 INFO  CreateClassResetClassAdapter - Found static initializer in class org/apache/hadoop/thirdparty/protobuf/UInt64Value
2024-11-12 13:42:08,050 INFO  EvoClassLoader - Seeing class for first time: org.apache.hadoop.thirdparty.protobuf.UInt64ValueOrBuilder
2024-11-12 13:42:08,050 INFO  EvoClassLoader - Instrumenting class 'org.apache.hadoop.thirdparty.protobuf.UInt64ValueOrBuilder'.
2024-11-12 13:42:08,051 INFO  EvoClassLoader - Keeping class: org.apache.hadoop.thirdparty.protobuf.UInt64ValueOrBuilder
2024-11-12 13:42:08,051 INFO  EvoClassLoader - Keeping class: org.apache.hadoop.thirdparty.protobuf.UInt64Value
2024-11-12 13:42:08,051 INFO  EvoClassLoader - Seeing class for first time: org.apache.hadoop.thirdparty.protobuf.UInt64Value$Builder
2024-11-12 13:42:08,051 INFO  EvoClassLoader - Instrumenting class 'org.apache.hadoop.thirdparty.protobuf.UInt64Value$Builder'.
2024-11-12 13:42:08,051 INFO  MethodCallReplacementClassAdapter - Adding mock interface to class org/apache/hadoop/thirdparty/protobuf/UInt64Value$Builder
2024-11-12 13:42:08,051 INFO  CreateClassResetClassAdapter - Creating brand-new static initializer in class org/apache/hadoop/thirdparty/protobuf/UInt64Value$Builder
2024-11-12 13:42:08,052 INFO  EvoClassLoader - Keeping class: org.apache.hadoop.thirdparty.protobuf.UInt64Value$Builder
2024-11-12 13:42:08,052 INFO  EvoClassLoader - Seeing class for first time: org.apache.hadoop.thirdparty.protobuf.Any$Builder
2024-11-12 13:42:08,052 INFO  EvoClassLoader - Instrumenting class 'org.apache.hadoop.thirdparty.protobuf.Any$Builder'.
2024-11-12 13:42:08,052 INFO  MethodCallReplacementClassAdapter - Adding mock interface to class org/apache/hadoop/thirdparty/protobuf/Any$Builder
2024-11-12 13:42:08,053 INFO  CreateClassResetClassAdapter - Creating brand-new static initializer in class org/apache/hadoop/thirdparty/protobuf/Any$Builder
2024-11-12 13:42:08,054 INFO  EvoClassLoader - Seeing class for first time: org.apache.hadoop.thirdparty.protobuf.AnyOrBuilder
2024-11-12 13:42:08,054 INFO  EvoClassLoader - Instrumenting class 'org.apache.hadoop.thirdparty.protobuf.AnyOrBuilder'.
2024-11-12 13:42:08,054 INFO  EvoClassLoader - Keeping class: org.apache.hadoop.thirdparty.protobuf.AnyOrBuilder
2024-11-12 13:42:08,054 INFO  EvoClassLoader - Keeping class: org.apache.hadoop.thirdparty.protobuf.Any$Builder
2024-11-12 13:42:08,054 INFO  EvoClassLoader - Seeing class for first time: org.apache.hadoop.thirdparty.protobuf.Any
2024-11-12 13:42:08,054 INFO  EvoClassLoader - Instrumenting class 'org.apache.hadoop.thirdparty.protobuf.Any'.
2024-11-12 13:42:08,054 INFO  MethodCallReplacementClassAdapter - Adding mock interface to class org/apache/hadoop/thirdparty/protobuf/Any
2024-11-12 13:42:08,055 INFO  CreateClassResetClassAdapter - Found static initializer in class org/apache/hadoop/thirdparty/protobuf/Any
2024-11-12 13:42:08,056 INFO  EvoClassLoader - Keeping class: org.apache.hadoop.thirdparty.protobuf.Any
2024-11-12 13:42:08,057 INFO  EvoClassLoader - Seeing class for first time: org.eclipse.jetty.io.LogarithmicArrayByteBufferPool
2024-11-12 13:42:08,057 INFO  EvoClassLoader - Instrumenting class 'org.eclipse.jetty.io.LogarithmicArrayByteBufferPool'.
2024-11-12 13:42:08,057 INFO  MethodCallReplacementClassAdapter - Adding mock interface to class org/eclipse/jetty/io/LogarithmicArrayByteBufferPool
2024-11-12 13:42:08,058 INFO  CreateClassResetClassAdapter - Creating brand-new static initializer in class org/eclipse/jetty/io/LogarithmicArrayByteBufferPool
2024-11-12 13:42:08,058 INFO  EvoClassLoader - Keeping class: org.eclipse.jetty.io.LogarithmicArrayByteBufferPool
2024-11-12 13:42:08,058 INFO  EvoClassLoader - Seeing class for first time: io.netty.buffer.UnpooledByteBufAllocator$UnpooledByteBufAllocatorMetric
2024-11-12 13:42:08,058 INFO  EvoClassLoader - Instrumenting class 'io.netty.buffer.UnpooledByteBufAllocator$UnpooledByteBufAllocatorMetric'.
2024-11-12 13:42:08,059 INFO  MethodCallReplacementClassAdapter - Adding mock interface to class io/netty/buffer/UnpooledByteBufAllocator$UnpooledByteBufAllocatorMetric
2024-11-12 13:42:08,059 INFO  CreateClassResetClassAdapter - Creating brand-new static initializer in class io/netty/buffer/UnpooledByteBufAllocator$UnpooledByteBufAllocatorMetric
2024-11-12 13:42:08,059 INFO  EvoClassLoader - Keeping class: io.netty.buffer.UnpooledByteBufAllocator$UnpooledByteBufAllocatorMetric
2024-11-12 13:42:08,059 INFO  EvoClassLoader - Seeing class for first time: io.netty.buffer.UnpooledByteBufAllocator
2024-11-12 13:42:08,059 INFO  EvoClassLoader - Instrumenting class 'io.netty.buffer.UnpooledByteBufAllocator'.
2024-11-12 13:42:08,060 INFO  MethodCallReplacementClassAdapter - Adding mock interface to class io/netty/buffer/UnpooledByteBufAllocator
2024-11-12 13:42:08,070 INFO  CreateClassResetClassAdapter - Found static initializer in class io/netty/buffer/UnpooledByteBufAllocator
2024-11-12 13:42:08,070 INFO  EvoClassLoader - Keeping class: io.netty.buffer.UnpooledByteBufAllocator
2024-11-12 13:42:08,070 INFO  EvoClassLoader - Seeing class for first time: io.netty.buffer.UnpooledByteBufAllocator$InstrumentedUnpooledUnsafeHeapByteBuf
2024-11-12 13:42:08,070 INFO  EvoClassLoader - Instrumenting class 'io.netty.buffer.UnpooledByteBufAllocator$InstrumentedUnpooledUnsafeHeapByteBuf'.
2024-11-12 13:42:08,071 INFO  MethodCallReplacementClassAdapter - Adding mock interface to class io/netty/buffer/UnpooledByteBufAllocator$InstrumentedUnpooledUnsafeHeapByteBuf
2024-11-12 13:42:08,071 INFO  CreateClassResetClassAdapter - Creating brand-new static initializer in class io/netty/buffer/UnpooledByteBufAllocator$InstrumentedUnpooledUnsafeHeapByteBuf
2024-11-12 13:42:08,071 INFO  EvoClassLoader - Keeping class: io.netty.buffer.UnpooledByteBufAllocator$InstrumentedUnpooledUnsafeHeapByteBuf
2024-11-12 13:42:08,071 INFO  EvoClassLoader - Seeing class for first time: io.netty.buffer.UnpooledByteBufAllocator$InstrumentedUnpooledHeapByteBuf
2024-11-12 13:42:08,071 INFO  EvoClassLoader - Instrumenting class 'io.netty.buffer.UnpooledByteBufAllocator$InstrumentedUnpooledHeapByteBuf'.
2024-11-12 13:42:08,071 INFO  MethodCallReplacementClassAdapter - Adding mock interface to class io/netty/buffer/UnpooledByteBufAllocator$InstrumentedUnpooledHeapByteBuf
2024-11-12 13:42:08,071 INFO  CreateClassResetClassAdapter - Creating brand-new static initializer in class io/netty/buffer/UnpooledByteBufAllocator$InstrumentedUnpooledHeapByteBuf
2024-11-12 13:42:08,071 INFO  EvoClassLoader - Keeping class: io.netty.buffer.UnpooledByteBufAllocator$InstrumentedUnpooledHeapByteBuf
2024-11-12 13:42:08,071 INFO  EvoClassLoader - Seeing class for first time: io.netty.buffer.UnpooledByteBufAllocator$InstrumentedUnpooledUnsafeNoCleanerDirectByteBuf
2024-11-12 13:42:08,071 INFO  EvoClassLoader - Instrumenting class 'io.netty.buffer.UnpooledByteBufAllocator$InstrumentedUnpooledUnsafeNoCleanerDirectByteBuf'.
2024-11-12 13:42:08,071 INFO  MethodCallReplacementClassAdapter - Adding mock interface to class io/netty/buffer/UnpooledByteBufAllocator$InstrumentedUnpooledUnsafeNoCleanerDirectByteBuf
2024-11-12 13:42:08,071 INFO  CreateClassResetClassAdapter - Creating brand-new static initializer in class io/netty/buffer/UnpooledByteBufAllocator$InstrumentedUnpooledUnsafeNoCleanerDirectByteBuf
2024-11-12 13:42:08,071 INFO  EvoClassLoader - Seeing class for first time: io.netty.buffer.UnpooledUnsafeNoCleanerDirectByteBuf
2024-11-12 13:42:08,071 INFO  EvoClassLoader - Instrumenting class 'io.netty.buffer.UnpooledUnsafeNoCleanerDirectByteBuf'.
2024-11-12 13:42:08,071 INFO  MethodCallReplacementClassAdapter - Adding mock interface to class io/netty/buffer/UnpooledUnsafeNoCleanerDirectByteBuf
2024-11-12 13:42:08,071 INFO  CreateClassResetClassAdapter - Creating brand-new static initializer in class io/netty/buffer/UnpooledUnsafeNoCleanerDirectByteBuf
2024-11-12 13:42:08,071 INFO  EvoClassLoader - Keeping class: io.netty.buffer.UnpooledUnsafeNoCleanerDirectByteBuf
2024-11-12 13:42:08,071 INFO  EvoClassLoader - Keeping class: io.netty.buffer.UnpooledByteBufAllocator$InstrumentedUnpooledUnsafeNoCleanerDirectByteBuf
2024-11-12 13:42:08,071 INFO  EvoClassLoader - Seeing class for first time: io.netty.buffer.UnpooledByteBufAllocator$InstrumentedUnpooledUnsafeDirectByteBuf
2024-11-12 13:42:08,071 INFO  EvoClassLoader - Instrumenting class 'io.netty.buffer.UnpooledByteBufAllocator$InstrumentedUnpooledUnsafeDirectByteBuf'.
2024-11-12 13:42:08,072 INFO  MethodCallReplacementClassAdapter - Adding mock interface to class io/netty/buffer/UnpooledByteBufAllocator$InstrumentedUnpooledUnsafeDirectByteBuf
2024-11-12 13:42:08,072 INFO  CreateClassResetClassAdapter - Creating brand-new static initializer in class io/netty/buffer/UnpooledByteBufAllocator$InstrumentedUnpooledUnsafeDirectByteBuf
2024-11-12 13:42:08,072 INFO  EvoClassLoader - Keeping class: io.netty.buffer.UnpooledByteBufAllocator$InstrumentedUnpooledUnsafeDirectByteBuf
2024-11-12 13:42:08,072 INFO  EvoClassLoader - Seeing class for first time: io.netty.buffer.UnpooledByteBufAllocator$InstrumentedUnpooledDirectByteBuf
2024-11-12 13:42:08,072 INFO  EvoClassLoader - Instrumenting class 'io.netty.buffer.UnpooledByteBufAllocator$InstrumentedUnpooledDirectByteBuf'.
2024-11-12 13:42:08,072 INFO  MethodCallReplacementClassAdapter - Adding mock interface to class io/netty/buffer/UnpooledByteBufAllocator$InstrumentedUnpooledDirectByteBuf
2024-11-12 13:42:08,072 INFO  CreateClassResetClassAdapter - Creating brand-new static initializer in class io/netty/buffer/UnpooledByteBufAllocator$InstrumentedUnpooledDirectByteBuf
2024-11-12 13:42:08,072 INFO  EvoClassLoader - Keeping class: io.netty.buffer.UnpooledByteBufAllocator$InstrumentedUnpooledDirectByteBuf
2024-11-12 13:42:08,072 INFO  EvoClassLoader - Seeing class for first time: io.netty.util.internal.MathUtil
2024-11-12 13:42:08,072 INFO  EvoClassLoader - Instrumenting class 'io.netty.util.internal.MathUtil'.
2024-11-12 13:42:08,072 INFO  MethodCallReplacementClassAdapter - Adding mock interface to class io/netty/util/internal/MathUtil
2024-11-12 13:42:08,072 INFO  CreateClassResetClassAdapter - Found static initializer in class io/netty/util/internal/MathUtil
2024-11-12 13:42:08,072 INFO  EvoClassLoader - Keeping class: io.netty.util.internal.MathUtil
2024-11-12 13:42:08,073 INFO  EvoClassLoader - Seeing class for first time: org.apache.hadoop.hdfs.protocol.proto.HdfsProtos$SnapshotDiffReportListingProto
2024-11-12 13:42:08,073 INFO  EvoClassLoader - Instrumenting class 'org.apache.hadoop.hdfs.protocol.proto.HdfsProtos$SnapshotDiffReportListingProto'.
2024-11-12 13:42:08,073 INFO  MethodCallReplacementClassAdapter - Adding mock interface to class org/apache/hadoop/hdfs/protocol/proto/HdfsProtos$SnapshotDiffReportListingProto
2024-11-12 13:42:08,074 INFO  CreateClassResetClassAdapter - Found static initializer in class org/apache/hadoop/hdfs/protocol/proto/HdfsProtos$SnapshotDiffReportListingProto
2024-11-12 13:42:08,074 INFO  EvoClassLoader - Seeing class for first time: org.apache.hadoop.hdfs.protocol.proto.HdfsProtos$SnapshotDiffReportListingProtoOrBuilder
2024-11-12 13:42:08,074 INFO  EvoClassLoader - Instrumenting class 'org.apache.hadoop.hdfs.protocol.proto.HdfsProtos$SnapshotDiffReportListingProtoOrBuilder'.
2024-11-12 13:42:08,075 INFO  EvoClassLoader - Keeping class: org.apache.hadoop.hdfs.protocol.proto.HdfsProtos$SnapshotDiffReportListingProtoOrBuilder
2024-11-12 13:42:08,075 INFO  EvoClassLoader - Keeping class: org.apache.hadoop.hdfs.protocol.proto.HdfsProtos$SnapshotDiffReportListingProto
2024-11-12 13:42:08,075 INFO  EvoClassLoader - Seeing class for first time: org.apache.hadoop.hdfs.protocol.proto.HdfsProtos$SnapshotDiffReportCursorProto
2024-11-12 13:42:08,075 INFO  EvoClassLoader - Instrumenting class 'org.apache.hadoop.hdfs.protocol.proto.HdfsProtos$SnapshotDiffReportCursorProto'.
2024-11-12 13:42:08,075 INFO  MethodCallReplacementClassAdapter - Adding mock interface to class org/apache/hadoop/hdfs/protocol/proto/HdfsProtos$SnapshotDiffReportCursorProto
2024-11-12 13:42:08,076 INFO  CreateClassResetClassAdapter - Found static initializer in class org/apache/hadoop/hdfs/protocol/proto/HdfsProtos$SnapshotDiffReportCursorProto
2024-11-12 13:42:08,076 INFO  EvoClassLoader - Seeing class for first time: org.apache.hadoop.hdfs.protocol.proto.HdfsProtos$SnapshotDiffReportCursorProtoOrBuilder
2024-11-12 13:42:08,076 INFO  EvoClassLoader - Instrumenting class 'org.apache.hadoop.hdfs.protocol.proto.HdfsProtos$SnapshotDiffReportCursorProtoOrBuilder'.
2024-11-12 13:42:08,076 INFO  EvoClassLoader - Keeping class: org.apache.hadoop.hdfs.protocol.proto.HdfsProtos$SnapshotDiffReportCursorProtoOrBuilder
2024-11-12 13:42:08,076 INFO  EvoClassLoader - Keeping class: org.apache.hadoop.hdfs.protocol.proto.HdfsProtos$SnapshotDiffReportCursorProto
2024-11-12 13:42:08,076 INFO  EvoClassLoader - Seeing class for first time: org.apache.hadoop.hdfs.protocol.proto.HdfsProtos$SnapshotDiffReportListingEntryProto
2024-11-12 13:42:08,076 INFO  EvoClassLoader - Instrumenting class 'org.apache.hadoop.hdfs.protocol.proto.HdfsProtos$SnapshotDiffReportListingEntryProto'.
2024-11-12 13:42:08,076 INFO  MethodCallReplacementClassAdapter - Adding mock interface to class org/apache/hadoop/hdfs/protocol/proto/HdfsProtos$SnapshotDiffReportListingEntryProto
2024-11-12 13:42:08,077 INFO  CreateClassResetClassAdapter - Found static initializer in class org/apache/hadoop/hdfs/protocol/proto/HdfsProtos$SnapshotDiffReportListingEntryProto
2024-11-12 13:42:08,077 INFO  EvoClassLoader - Seeing class for first time: org.apache.hadoop.hdfs.protocol.proto.HdfsProtos$SnapshotDiffReportListingEntryProtoOrBuilder
2024-11-12 13:42:08,077 INFO  EvoClassLoader - Instrumenting class 'org.apache.hadoop.hdfs.protocol.proto.HdfsProtos$SnapshotDiffReportListingEntryProtoOrBuilder'.
2024-11-12 13:42:08,078 INFO  EvoClassLoader - Keeping class: org.apache.hadoop.hdfs.protocol.proto.HdfsProtos$SnapshotDiffReportListingEntryProtoOrBuilder
2024-11-12 13:42:08,078 INFO  EvoClassLoader - Keeping class: org.apache.hadoop.hdfs.protocol.proto.HdfsProtos$SnapshotDiffReportListingEntryProto
2024-11-12 13:42:08,078 INFO  EvoClassLoader - Seeing class for first time: org.apache.hadoop.hdfs.protocol.proto.HdfsProtos$SnapshotDiffReportProto
2024-11-12 13:42:08,078 INFO  EvoClassLoader - Instrumenting class 'org.apache.hadoop.hdfs.protocol.proto.HdfsProtos$SnapshotDiffReportProto'.
2024-11-12 13:42:08,078 INFO  MethodCallReplacementClassAdapter - Adding mock interface to class org/apache/hadoop/hdfs/protocol/proto/HdfsProtos$SnapshotDiffReportProto
2024-11-12 13:42:08,079 INFO  CreateClassResetClassAdapter - Found static initializer in class org/apache/hadoop/hdfs/protocol/proto/HdfsProtos$SnapshotDiffReportProto
2024-11-12 13:42:08,079 INFO  EvoClassLoader - Seeing class for first time: org.apache.hadoop.hdfs.protocol.proto.HdfsProtos$SnapshotDiffReportProtoOrBuilder
2024-11-12 13:42:08,079 INFO  EvoClassLoader - Instrumenting class 'org.apache.hadoop.hdfs.protocol.proto.HdfsProtos$SnapshotDiffReportProtoOrBuilder'.
2024-11-12 13:42:08,080 INFO  EvoClassLoader - Keeping class: org.apache.hadoop.hdfs.protocol.proto.HdfsProtos$SnapshotDiffReportProtoOrBuilder
2024-11-12 13:42:08,080 INFO  EvoClassLoader - Keeping class: org.apache.hadoop.hdfs.protocol.proto.HdfsProtos$SnapshotDiffReportProto
2024-11-12 13:42:08,080 INFO  EvoClassLoader - Seeing class for first time: org.apache.hadoop.hdfs.protocol.proto.HdfsProtos$SnapshotDiffReportEntryProto
2024-11-12 13:42:08,080 INFO  EvoClassLoader - Instrumenting class 'org.apache.hadoop.hdfs.protocol.proto.HdfsProtos$SnapshotDiffReportEntryProto'.
2024-11-12 13:42:08,080 INFO  MethodCallReplacementClassAdapter - Adding mock interface to class org/apache/hadoop/hdfs/protocol/proto/HdfsProtos$SnapshotDiffReportEntryProto
2024-11-12 13:42:08,081 INFO  CreateClassResetClassAdapter - Found static initializer in class org/apache/hadoop/hdfs/protocol/proto/HdfsProtos$SnapshotDiffReportEntryProto
2024-11-12 13:42:08,081 INFO  EvoClassLoader - Seeing class for first time: org.apache.hadoop.hdfs.protocol.proto.HdfsProtos$SnapshotDiffReportEntryProtoOrBuilder
2024-11-12 13:42:08,081 INFO  EvoClassLoader - Instrumenting class 'org.apache.hadoop.hdfs.protocol.proto.HdfsProtos$SnapshotDiffReportEntryProtoOrBuilder'.
2024-11-12 13:42:08,081 INFO  EvoClassLoader - Keeping class: org.apache.hadoop.hdfs.protocol.proto.HdfsProtos$SnapshotDiffReportEntryProtoOrBuilder
2024-11-12 13:42:08,081 INFO  EvoClassLoader - Keeping class: org.apache.hadoop.hdfs.protocol.proto.HdfsProtos$SnapshotDiffReportEntryProto
2024-11-12 13:42:08,081 INFO  EvoClassLoader - Seeing class for first time: org.apache.hadoop.hdfs.protocol.proto.HdfsProtos$SnapshottableDirectoryListingProto
2024-11-12 13:42:08,081 INFO  EvoClassLoader - Instrumenting class 'org.apache.hadoop.hdfs.protocol.proto.HdfsProtos$SnapshottableDirectoryListingProto'.
2024-11-12 13:42:08,081 INFO  MethodCallReplacementClassAdapter - Adding mock interface to class org/apache/hadoop/hdfs/protocol/proto/HdfsProtos$SnapshottableDirectoryListingProto
2024-11-12 13:42:08,082 INFO  CreateClassResetClassAdapter - Found static initializer in class org/apache/hadoop/hdfs/protocol/proto/HdfsProtos$SnapshottableDirectoryListingProto
2024-11-12 13:42:08,082 INFO  EvoClassLoader - Seeing class for first time: org.apache.hadoop.hdfs.protocol.proto.HdfsProtos$SnapshottableDirectoryListingProtoOrBuilder
2024-11-12 13:42:08,082 INFO  EvoClassLoader - Instrumenting class 'org.apache.hadoop.hdfs.protocol.proto.HdfsProtos$SnapshottableDirectoryListingProtoOrBuilder'.
2024-11-12 13:42:08,082 INFO  EvoClassLoader - Keeping class: org.apache.hadoop.hdfs.protocol.proto.HdfsProtos$SnapshottableDirectoryListingProtoOrBuilder
2024-11-12 13:42:08,083 INFO  EvoClassLoader - Keeping class: org.apache.hadoop.hdfs.protocol.proto.HdfsProtos$SnapshottableDirectoryListingProto
2024-11-12 13:42:08,083 INFO  EvoClassLoader - Seeing class for first time: org.apache.hadoop.hdfs.protocol.proto.HdfsProtos$SnapshottableDirectoryStatusProto
2024-11-12 13:42:08,083 INFO  EvoClassLoader - Instrumenting class 'org.apache.hadoop.hdfs.protocol.proto.HdfsProtos$SnapshottableDirectoryStatusProto'.
2024-11-12 13:42:08,083 INFO  MethodCallReplacementClassAdapter - Adding mock interface to class org/apache/hadoop/hdfs/protocol/proto/HdfsProtos$SnapshottableDirectoryStatusProto
2024-11-12 13:42:08,084 INFO  CreateClassResetClassAdapter - Found static initializer in class org/apache/hadoop/hdfs/protocol/proto/HdfsProtos$SnapshottableDirectoryStatusProto
2024-11-12 13:42:08,084 INFO  EvoClassLoader - Seeing class for first time: org.apache.hadoop.hdfs.protocol.proto.HdfsProtos$SnapshottableDirectoryStatusProtoOrBuilder
2024-11-12 13:42:08,084 INFO  EvoClassLoader - Instrumenting class 'org.apache.hadoop.hdfs.protocol.proto.HdfsProtos$SnapshottableDirectoryStatusProtoOrBuilder'.
2024-11-12 13:42:08,085 INFO  EvoClassLoader - Keeping class: org.apache.hadoop.hdfs.protocol.proto.HdfsProtos$SnapshottableDirectoryStatusProtoOrBuilder
2024-11-12 13:42:08,085 INFO  EvoClassLoader - Keeping class: org.apache.hadoop.hdfs.protocol.proto.HdfsProtos$SnapshottableDirectoryStatusProto
2024-11-12 13:42:08,085 INFO  EvoClassLoader - Seeing class for first time: org.apache.hadoop.hdfs.protocol.proto.HdfsProtos$BatchedDirectoryListingProto
2024-11-12 13:42:08,085 INFO  EvoClassLoader - Instrumenting class 'org.apache.hadoop.hdfs.protocol.proto.HdfsProtos$BatchedDirectoryListingProto'.
2024-11-12 13:42:08,085 INFO  MethodCallReplacementClassAdapter - Adding mock interface to class org/apache/hadoop/hdfs/protocol/proto/HdfsProtos$BatchedDirectoryListingProto
2024-11-12 13:42:08,086 INFO  CreateClassResetClassAdapter - Found static initializer in class org/apache/hadoop/hdfs/protocol/proto/HdfsProtos$BatchedDirectoryListingProto
2024-11-12 13:42:08,086 INFO  EvoClassLoader - Seeing class for first time: org.apache.hadoop.hdfs.protocol.proto.HdfsProtos$BatchedDirectoryListingProtoOrBuilder
2024-11-12 13:42:08,086 INFO  EvoClassLoader - Instrumenting class 'org.apache.hadoop.hdfs.protocol.proto.HdfsProtos$BatchedDirectoryListingProtoOrBuilder'.
2024-11-12 13:42:08,086 INFO  EvoClassLoader - Keeping class: org.apache.hadoop.hdfs.protocol.proto.HdfsProtos$BatchedDirectoryListingProtoOrBuilder
2024-11-12 13:42:08,086 INFO  EvoClassLoader - Keeping class: org.apache.hadoop.hdfs.protocol.proto.HdfsProtos$BatchedDirectoryListingProto
2024-11-12 13:42:08,086 INFO  EvoClassLoader - Seeing class for first time: org.apache.hadoop.hdfs.protocol.proto.HdfsProtos$RemoteExceptionProto
2024-11-12 13:42:08,086 INFO  EvoClassLoader - Instrumenting class 'org.apache.hadoop.hdfs.protocol.proto.HdfsProtos$RemoteExceptionProto'.
2024-11-12 13:42:08,086 INFO  MethodCallReplacementClassAdapter - Adding mock interface to class org/apache/hadoop/hdfs/protocol/proto/HdfsProtos$RemoteExceptionProto
2024-11-12 13:42:08,087 INFO  CreateClassResetClassAdapter - Found static initializer in class org/apache/hadoop/hdfs/protocol/proto/HdfsProtos$RemoteExceptionProto
2024-11-12 13:42:08,088 INFO  EvoClassLoader - Seeing class for first time: org.apache.hadoop.hdfs.protocol.proto.HdfsProtos$RemoteExceptionProtoOrBuilder
2024-11-12 13:42:08,088 INFO  EvoClassLoader - Instrumenting class 'org.apache.hadoop.hdfs.protocol.proto.HdfsProtos$RemoteExceptionProtoOrBuilder'.
2024-11-12 13:42:08,088 INFO  EvoClassLoader - Keeping class: org.apache.hadoop.hdfs.protocol.proto.HdfsProtos$RemoteExceptionProtoOrBuilder
2024-11-12 13:42:08,088 INFO  EvoClassLoader - Keeping class: org.apache.hadoop.hdfs.protocol.proto.HdfsProtos$RemoteExceptionProto
2024-11-12 13:42:08,089 INFO  EvoClassLoader - Seeing class for first time: org.apache.hadoop.hdfs.protocol.proto.HdfsProtos$DirectoryListingProto
2024-11-12 13:42:08,089 INFO  EvoClassLoader - Instrumenting class 'org.apache.hadoop.hdfs.protocol.proto.HdfsProtos$DirectoryListingProto'.
2024-11-12 13:42:08,089 INFO  MethodCallReplacementClassAdapter - Adding mock interface to class org/apache/hadoop/hdfs/protocol/proto/HdfsProtos$DirectoryListingProto
2024-11-12 13:42:08,090 INFO  CreateClassResetClassAdapter - Found static initializer in class org/apache/hadoop/hdfs/protocol/proto/HdfsProtos$DirectoryListingProto
2024-11-12 13:42:08,091 INFO  EvoClassLoader - Seeing class for first time: org.apache.hadoop.hdfs.protocol.proto.HdfsProtos$DirectoryListingProtoOrBuilder
2024-11-12 13:42:08,091 INFO  EvoClassLoader - Instrumenting class 'org.apache.hadoop.hdfs.protocol.proto.HdfsProtos$DirectoryListingProtoOrBuilder'.
2024-11-12 13:42:08,091 INFO  EvoClassLoader - Keeping class: org.apache.hadoop.hdfs.protocol.proto.HdfsProtos$DirectoryListingProtoOrBuilder
2024-11-12 13:42:08,091 INFO  EvoClassLoader - Keeping class: org.apache.hadoop.hdfs.protocol.proto.HdfsProtos$DirectoryListingProto
2024-11-12 13:42:08,091 INFO  EvoClassLoader - Seeing class for first time: org.apache.hadoop.hdfs.protocol.proto.HdfsProtos$FsServerDefaultsProto
2024-11-12 13:42:08,091 INFO  EvoClassLoader - Instrumenting class 'org.apache.hadoop.hdfs.protocol.proto.HdfsProtos$FsServerDefaultsProto'.
2024-11-12 13:42:08,092 INFO  MethodCallReplacementClassAdapter - Adding mock interface to class org/apache/hadoop/hdfs/protocol/proto/HdfsProtos$FsServerDefaultsProto
2024-11-12 13:42:08,094 INFO  CreateClassResetClassAdapter - Found static initializer in class org/apache/hadoop/hdfs/protocol/proto/HdfsProtos$FsServerDefaultsProto
2024-11-12 13:42:08,096 INFO  EvoClassLoader - Seeing class for first time: org.apache.hadoop.hdfs.protocol.proto.HdfsProtos$FsServerDefaultsProtoOrBuilder
2024-11-12 13:42:08,096 INFO  EvoClassLoader - Instrumenting class 'org.apache.hadoop.hdfs.protocol.proto.HdfsProtos$FsServerDefaultsProtoOrBuilder'.
2024-11-12 13:42:08,098 INFO  EvoClassLoader - Keeping class: org.apache.hadoop.hdfs.protocol.proto.HdfsProtos$FsServerDefaultsProtoOrBuilder
2024-11-12 13:42:08,098 INFO  EvoClassLoader - Keeping class: org.apache.hadoop.hdfs.protocol.proto.HdfsProtos$FsServerDefaultsProto
2024-11-12 13:42:08,098 INFO  EvoClassLoader - Seeing class for first time: org.apache.hadoop.hdfs.protocol.proto.HdfsProtos$BlockChecksumOptionsProto
2024-11-12 13:42:08,098 INFO  EvoClassLoader - Instrumenting class 'org.apache.hadoop.hdfs.protocol.proto.HdfsProtos$BlockChecksumOptionsProto'.
2024-11-12 13:42:08,098 INFO  MethodCallReplacementClassAdapter - Adding mock interface to class org/apache/hadoop/hdfs/protocol/proto/HdfsProtos$BlockChecksumOptionsProto
2024-11-12 13:42:08,100 INFO  CreateClassResetClassAdapter - Found static initializer in class org/apache/hadoop/hdfs/protocol/proto/HdfsProtos$BlockChecksumOptionsProto
2024-11-12 13:42:08,102 INFO  EvoClassLoader - Seeing class for first time: org.apache.hadoop.hdfs.protocol.proto.HdfsProtos$BlockChecksumOptionsProtoOrBuilder
2024-11-12 13:42:08,102 INFO  EvoClassLoader - Instrumenting class 'org.apache.hadoop.hdfs.protocol.proto.HdfsProtos$BlockChecksumOptionsProtoOrBuilder'.
2024-11-12 13:42:08,103 INFO  EvoClassLoader - Keeping class: org.apache.hadoop.hdfs.protocol.proto.HdfsProtos$BlockChecksumOptionsProtoOrBuilder
2024-11-12 13:42:08,103 INFO  EvoClassLoader - Keeping class: org.apache.hadoop.hdfs.protocol.proto.HdfsProtos$BlockChecksumOptionsProto
2024-11-12 13:42:08,103 INFO  EvoClassLoader - Seeing class for first time: org.apache.hadoop.hdfs.protocol.proto.HdfsProtos$HdfsFileStatusProto
2024-11-12 13:42:08,103 INFO  EvoClassLoader - Instrumenting class 'org.apache.hadoop.hdfs.protocol.proto.HdfsProtos$HdfsFileStatusProto'.
2024-11-12 13:42:08,103 INFO  MethodCallReplacementClassAdapter - Adding mock interface to class org/apache/hadoop/hdfs/protocol/proto/HdfsProtos$HdfsFileStatusProto
2024-11-12 13:42:08,106 INFO  CreateClassResetClassAdapter - Found static initializer in class org/apache/hadoop/hdfs/protocol/proto/HdfsProtos$HdfsFileStatusProto
2024-11-12 13:42:08,107 INFO  EvoClassLoader - Seeing class for first time: org.apache.hadoop.hdfs.protocol.proto.HdfsProtos$HdfsFileStatusProtoOrBuilder
2024-11-12 13:42:08,107 INFO  EvoClassLoader - Instrumenting class 'org.apache.hadoop.hdfs.protocol.proto.HdfsProtos$HdfsFileStatusProtoOrBuilder'.
2024-11-12 13:42:08,107 INFO  EvoClassLoader - Keeping class: org.apache.hadoop.hdfs.protocol.proto.HdfsProtos$HdfsFileStatusProtoOrBuilder
2024-11-12 13:42:08,108 INFO  EvoClassLoader - Keeping class: org.apache.hadoop.hdfs.protocol.proto.HdfsProtos$HdfsFileStatusProto
2024-11-12 13:42:08,108 INFO  EvoClassLoader - Seeing class for first time: org.apache.hadoop.hdfs.protocol.proto.HdfsProtos$HdfsPathHandleProto
2024-11-12 13:42:08,108 INFO  EvoClassLoader - Instrumenting class 'org.apache.hadoop.hdfs.protocol.proto.HdfsProtos$HdfsPathHandleProto'.
2024-11-12 13:42:08,108 INFO  MethodCallReplacementClassAdapter - Adding mock interface to class org/apache/hadoop/hdfs/protocol/proto/HdfsProtos$HdfsPathHandleProto
2024-11-12 13:42:08,109 INFO  CreateClassResetClassAdapter - Found static initializer in class org/apache/hadoop/hdfs/protocol/proto/HdfsProtos$HdfsPathHandleProto
2024-11-12 13:42:08,109 INFO  EvoClassLoader - Seeing class for first time: org.apache.hadoop.hdfs.protocol.proto.HdfsProtos$HdfsPathHandleProtoOrBuilder
2024-11-12 13:42:08,110 INFO  EvoClassLoader - Instrumenting class 'org.apache.hadoop.hdfs.protocol.proto.HdfsProtos$HdfsPathHandleProtoOrBuilder'.
2024-11-12 13:42:08,110 INFO  EvoClassLoader - Keeping class: org.apache.hadoop.hdfs.protocol.proto.HdfsProtos$HdfsPathHandleProtoOrBuilder
2024-11-12 13:42:08,110 INFO  EvoClassLoader - Keeping class: org.apache.hadoop.hdfs.protocol.proto.HdfsProtos$HdfsPathHandleProto
2024-11-12 13:42:08,110 INFO  EvoClassLoader - Seeing class for first time: org.apache.hadoop.hdfs.protocol.proto.HdfsProtos$ECTopologyVerifierResultProto
2024-11-12 13:42:08,110 INFO  EvoClassLoader - Instrumenting class 'org.apache.hadoop.hdfs.protocol.proto.HdfsProtos$ECTopologyVerifierResultProto'.
2024-11-12 13:42:08,110 INFO  MethodCallReplacementClassAdapter - Adding mock interface to class org/apache/hadoop/hdfs/protocol/proto/HdfsProtos$ECTopologyVerifierResultProto
2024-11-12 13:42:08,111 INFO  CreateClassResetClassAdapter - Found static initializer in class org/apache/hadoop/hdfs/protocol/proto/HdfsProtos$ECTopologyVerifierResultProto
2024-11-12 13:42:08,111 INFO  EvoClassLoader - Seeing class for first time: org.apache.hadoop.hdfs.protocol.proto.HdfsProtos$ECTopologyVerifierResultProtoOrBuilder
2024-11-12 13:42:08,111 INFO  EvoClassLoader - Instrumenting class 'org.apache.hadoop.hdfs.protocol.proto.HdfsProtos$ECTopologyVerifierResultProtoOrBuilder'.
2024-11-12 13:42:08,111 INFO  EvoClassLoader - Keeping class: org.apache.hadoop.hdfs.protocol.proto.HdfsProtos$ECTopologyVerifierResultProtoOrBuilder
2024-11-12 13:42:08,112 INFO  EvoClassLoader - Keeping class: org.apache.hadoop.hdfs.protocol.proto.HdfsProtos$ECTopologyVerifierResultProto
2024-11-12 13:42:08,112 INFO  EvoClassLoader - Seeing class for first time: org.apache.hadoop.hdfs.protocol.proto.HdfsProtos$AddErasureCodingPolicyResponseProto
2024-11-12 13:42:08,112 INFO  EvoClassLoader - Instrumenting class 'org.apache.hadoop.hdfs.protocol.proto.HdfsProtos$AddErasureCodingPolicyResponseProto'.
2024-11-12 13:42:08,112 INFO  MethodCallReplacementClassAdapter - Adding mock interface to class org/apache/hadoop/hdfs/protocol/proto/HdfsProtos$AddErasureCodingPolicyResponseProto
2024-11-12 13:42:08,113 INFO  CreateClassResetClassAdapter - Found static initializer in class org/apache/hadoop/hdfs/protocol/proto/HdfsProtos$AddErasureCodingPolicyResponseProto
2024-11-12 13:42:08,113 INFO  EvoClassLoader - Seeing class for first time: org.apache.hadoop.hdfs.protocol.proto.HdfsProtos$AddErasureCodingPolicyResponseProtoOrBuilder
2024-11-12 13:42:08,113 INFO  EvoClassLoader - Instrumenting class 'org.apache.hadoop.hdfs.protocol.proto.HdfsProtos$AddErasureCodingPolicyResponseProtoOrBuilder'.
2024-11-12 13:42:08,113 INFO  EvoClassLoader - Keeping class: org.apache.hadoop.hdfs.protocol.proto.HdfsProtos$AddErasureCodingPolicyResponseProtoOrBuilder
2024-11-12 13:42:08,113 INFO  EvoClassLoader - Keeping class: org.apache.hadoop.hdfs.protocol.proto.HdfsProtos$AddErasureCodingPolicyResponseProto
2024-11-12 13:42:08,113 INFO  EvoClassLoader - Seeing class for first time: org.apache.hadoop.hdfs.protocol.proto.HdfsProtos$ECSchemaProto
2024-11-12 13:42:08,113 INFO  EvoClassLoader - Instrumenting class 'org.apache.hadoop.hdfs.protocol.proto.HdfsProtos$ECSchemaProto'.
2024-11-12 13:42:08,114 INFO  MethodCallReplacementClassAdapter - Adding mock interface to class org/apache/hadoop/hdfs/protocol/proto/HdfsProtos$ECSchemaProto
2024-11-12 13:42:08,115 INFO  CreateClassResetClassAdapter - Found static initializer in class org/apache/hadoop/hdfs/protocol/proto/HdfsProtos$ECSchemaProto
2024-11-12 13:42:08,116 INFO  EvoClassLoader - Seeing class for first time: org.apache.hadoop.hdfs.protocol.proto.HdfsProtos$ECSchemaProtoOrBuilder
2024-11-12 13:42:08,116 INFO  EvoClassLoader - Instrumenting class 'org.apache.hadoop.hdfs.protocol.proto.HdfsProtos$ECSchemaProtoOrBuilder'.
2024-11-12 13:42:08,117 INFO  EvoClassLoader - Keeping class: org.apache.hadoop.hdfs.protocol.proto.HdfsProtos$ECSchemaProtoOrBuilder
2024-11-12 13:42:08,117 INFO  EvoClassLoader - Keeping class: org.apache.hadoop.hdfs.protocol.proto.HdfsProtos$ECSchemaProto
2024-11-12 13:42:08,117 INFO  EvoClassLoader - Seeing class for first time: org.apache.hadoop.hdfs.protocol.proto.HdfsProtos$ECSchemaOptionEntryProto
2024-11-12 13:42:08,117 INFO  EvoClassLoader - Instrumenting class 'org.apache.hadoop.hdfs.protocol.proto.HdfsProtos$ECSchemaOptionEntryProto'.
2024-11-12 13:42:08,117 INFO  MethodCallReplacementClassAdapter - Adding mock interface to class org/apache/hadoop/hdfs/protocol/proto/HdfsProtos$ECSchemaOptionEntryProto
2024-11-12 13:42:08,118 INFO  CreateClassResetClassAdapter - Found static initializer in class org/apache/hadoop/hdfs/protocol/proto/HdfsProtos$ECSchemaOptionEntryProto
2024-11-12 13:42:08,119 INFO  EvoClassLoader - Seeing class for first time: org.apache.hadoop.hdfs.protocol.proto.HdfsProtos$ECSchemaOptionEntryProtoOrBuilder
2024-11-12 13:42:08,119 INFO  EvoClassLoader - Instrumenting class 'org.apache.hadoop.hdfs.protocol.proto.HdfsProtos$ECSchemaOptionEntryProtoOrBuilder'.
2024-11-12 13:42:08,119 INFO  EvoClassLoader - Keeping class: org.apache.hadoop.hdfs.protocol.proto.HdfsProtos$ECSchemaOptionEntryProtoOrBuilder
2024-11-12 13:42:08,119 INFO  EvoClassLoader - Keeping class: org.apache.hadoop.hdfs.protocol.proto.HdfsProtos$ECSchemaOptionEntryProto
2024-11-12 13:42:08,119 INFO  EvoClassLoader - Seeing class for first time: org.apache.hadoop.hdfs.protocol.proto.HdfsProtos$LocatedBlocksProto
2024-11-12 13:42:08,119 INFO  EvoClassLoader - Instrumenting class 'org.apache.hadoop.hdfs.protocol.proto.HdfsProtos$LocatedBlocksProto'.
2024-11-12 13:42:08,120 INFO  MethodCallReplacementClassAdapter - Adding mock interface to class org/apache/hadoop/hdfs/protocol/proto/HdfsProtos$LocatedBlocksProto
2024-11-12 13:42:08,122 INFO  CreateClassResetClassAdapter - Found static initializer in class org/apache/hadoop/hdfs/protocol/proto/HdfsProtos$LocatedBlocksProto
2024-11-12 13:42:08,122 INFO  EvoClassLoader - Seeing class for first time: org.apache.hadoop.hdfs.protocol.proto.HdfsProtos$LocatedBlocksProtoOrBuilder
2024-11-12 13:42:08,122 INFO  EvoClassLoader - Instrumenting class 'org.apache.hadoop.hdfs.protocol.proto.HdfsProtos$LocatedBlocksProtoOrBuilder'.
2024-11-12 13:42:08,123 INFO  EvoClassLoader - Keeping class: org.apache.hadoop.hdfs.protocol.proto.HdfsProtos$LocatedBlocksProtoOrBuilder
2024-11-12 13:42:08,124 INFO  EvoClassLoader - Keeping class: org.apache.hadoop.hdfs.protocol.proto.HdfsProtos$LocatedBlocksProto
2024-11-12 13:42:08,124 INFO  EvoClassLoader - Seeing class for first time: org.apache.hadoop.hdfs.protocol.proto.HdfsProtos$CipherOptionProto
2024-11-12 13:42:08,124 INFO  EvoClassLoader - Instrumenting class 'org.apache.hadoop.hdfs.protocol.proto.HdfsProtos$CipherOptionProto'.
2024-11-12 13:42:08,124 INFO  MethodCallReplacementClassAdapter - Adding mock interface to class org/apache/hadoop/hdfs/protocol/proto/HdfsProtos$CipherOptionProto
2024-11-12 13:42:08,125 INFO  CreateClassResetClassAdapter - Found static initializer in class org/apache/hadoop/hdfs/protocol/proto/HdfsProtos$CipherOptionProto
2024-11-12 13:42:08,126 INFO  EvoClassLoader - Seeing class for first time: org.apache.hadoop.hdfs.protocol.proto.HdfsProtos$CipherOptionProtoOrBuilder
2024-11-12 13:42:08,126 INFO  EvoClassLoader - Instrumenting class 'org.apache.hadoop.hdfs.protocol.proto.HdfsProtos$CipherOptionProtoOrBuilder'.
2024-11-12 13:42:08,126 INFO  EvoClassLoader - Keeping class: org.apache.hadoop.hdfs.protocol.proto.HdfsProtos$CipherOptionProtoOrBuilder
2024-11-12 13:42:08,126 INFO  EvoClassLoader - Keeping class: org.apache.hadoop.hdfs.protocol.proto.HdfsProtos$CipherOptionProto
2024-11-12 13:42:08,126 INFO  EvoClassLoader - Seeing class for first time: org.apache.hadoop.hdfs.protocol.proto.HdfsProtos$ReencryptionInfoProto
2024-11-12 13:42:08,126 INFO  EvoClassLoader - Instrumenting class 'org.apache.hadoop.hdfs.protocol.proto.HdfsProtos$ReencryptionInfoProto'.
2024-11-12 13:42:08,127 INFO  MethodCallReplacementClassAdapter - Adding mock interface to class org/apache/hadoop/hdfs/protocol/proto/HdfsProtos$ReencryptionInfoProto
2024-11-12 13:42:08,128 INFO  CreateClassResetClassAdapter - Found static initializer in class org/apache/hadoop/hdfs/protocol/proto/HdfsProtos$ReencryptionInfoProto
2024-11-12 13:42:08,129 INFO  EvoClassLoader - Seeing class for first time: org.apache.hadoop.hdfs.protocol.proto.HdfsProtos$ReencryptionInfoProtoOrBuilder
2024-11-12 13:42:08,129 INFO  EvoClassLoader - Instrumenting class 'org.apache.hadoop.hdfs.protocol.proto.HdfsProtos$ReencryptionInfoProtoOrBuilder'.
2024-11-12 13:42:08,129 INFO  EvoClassLoader - Keeping class: org.apache.hadoop.hdfs.protocol.proto.HdfsProtos$ReencryptionInfoProtoOrBuilder
2024-11-12 13:42:08,129 INFO  EvoClassLoader - Keeping class: org.apache.hadoop.hdfs.protocol.proto.HdfsProtos$ReencryptionInfoProto
2024-11-12 13:42:08,129 INFO  EvoClassLoader - Seeing class for first time: org.apache.hadoop.hdfs.protocol.proto.HdfsProtos$ZoneEncryptionInfoProto
2024-11-12 13:42:08,129 INFO  EvoClassLoader - Instrumenting class 'org.apache.hadoop.hdfs.protocol.proto.HdfsProtos$ZoneEncryptionInfoProto'.
2024-11-12 13:42:08,130 INFO  MethodCallReplacementClassAdapter - Adding mock interface to class org/apache/hadoop/hdfs/protocol/proto/HdfsProtos$ZoneEncryptionInfoProto
2024-11-12 13:42:08,131 INFO  CreateClassResetClassAdapter - Found static initializer in class org/apache/hadoop/hdfs/protocol/proto/HdfsProtos$ZoneEncryptionInfoProto
2024-11-12 13:42:08,131 INFO  EvoClassLoader - Seeing class for first time: org.apache.hadoop.hdfs.protocol.proto.HdfsProtos$ZoneEncryptionInfoProtoOrBuilder
2024-11-12 13:42:08,131 INFO  EvoClassLoader - Instrumenting class 'org.apache.hadoop.hdfs.protocol.proto.HdfsProtos$ZoneEncryptionInfoProtoOrBuilder'.
2024-11-12 13:42:08,132 INFO  EvoClassLoader - Keeping class: org.apache.hadoop.hdfs.protocol.proto.HdfsProtos$ZoneEncryptionInfoProtoOrBuilder
2024-11-12 13:42:08,132 INFO  EvoClassLoader - Keeping class: org.apache.hadoop.hdfs.protocol.proto.HdfsProtos$ZoneEncryptionInfoProto
2024-11-12 13:42:08,132 INFO  EvoClassLoader - Seeing class for first time: org.apache.hadoop.hdfs.protocol.proto.HdfsProtos$PerFileEncryptionInfoProto
2024-11-12 13:42:08,132 INFO  EvoClassLoader - Instrumenting class 'org.apache.hadoop.hdfs.protocol.proto.HdfsProtos$PerFileEncryptionInfoProto'.
2024-11-12 13:42:08,132 INFO  MethodCallReplacementClassAdapter - Adding mock interface to class org/apache/hadoop/hdfs/protocol/proto/HdfsProtos$PerFileEncryptionInfoProto
2024-11-12 13:42:08,133 INFO  CreateClassResetClassAdapter - Found static initializer in class org/apache/hadoop/hdfs/protocol/proto/HdfsProtos$PerFileEncryptionInfoProto
2024-11-12 13:42:08,133 INFO  EvoClassLoader - Seeing class for first time: org.apache.hadoop.hdfs.protocol.proto.HdfsProtos$PerFileEncryptionInfoProtoOrBuilder
2024-11-12 13:42:08,133 INFO  EvoClassLoader - Instrumenting class 'org.apache.hadoop.hdfs.protocol.proto.HdfsProtos$PerFileEncryptionInfoProtoOrBuilder'.
2024-11-12 13:42:08,134 INFO  EvoClassLoader - Keeping class: org.apache.hadoop.hdfs.protocol.proto.HdfsProtos$PerFileEncryptionInfoProtoOrBuilder
2024-11-12 13:42:08,134 INFO  EvoClassLoader - Keeping class: org.apache.hadoop.hdfs.protocol.proto.HdfsProtos$PerFileEncryptionInfoProto
2024-11-12 13:42:08,134 INFO  EvoClassLoader - Seeing class for first time: org.apache.hadoop.hdfs.protocol.proto.HdfsProtos$FileEncryptionInfoProto
2024-11-12 13:42:08,134 INFO  EvoClassLoader - Instrumenting class 'org.apache.hadoop.hdfs.protocol.proto.HdfsProtos$FileEncryptionInfoProto'.
2024-11-12 13:42:08,134 INFO  MethodCallReplacementClassAdapter - Adding mock interface to class org/apache/hadoop/hdfs/protocol/proto/HdfsProtos$FileEncryptionInfoProto
2024-11-12 13:42:08,135 INFO  CreateClassResetClassAdapter - Found static initializer in class org/apache/hadoop/hdfs/protocol/proto/HdfsProtos$FileEncryptionInfoProto
2024-11-12 13:42:08,135 INFO  EvoClassLoader - Seeing class for first time: org.apache.hadoop.hdfs.protocol.proto.HdfsProtos$FileEncryptionInfoProtoOrBuilder
2024-11-12 13:42:08,135 INFO  EvoClassLoader - Instrumenting class 'org.apache.hadoop.hdfs.protocol.proto.HdfsProtos$FileEncryptionInfoProtoOrBuilder'.
2024-11-12 13:42:08,135 INFO  EvoClassLoader - Keeping class: org.apache.hadoop.hdfs.protocol.proto.HdfsProtos$FileEncryptionInfoProtoOrBuilder
2024-11-12 13:42:08,136 INFO  EvoClassLoader - Keeping class: org.apache.hadoop.hdfs.protocol.proto.HdfsProtos$FileEncryptionInfoProto
2024-11-12 13:42:08,136 INFO  EvoClassLoader - Seeing class for first time: org.apache.hadoop.hdfs.protocol.proto.HdfsProtos$DataEncryptionKeyProto
2024-11-12 13:42:08,136 INFO  EvoClassLoader - Instrumenting class 'org.apache.hadoop.hdfs.protocol.proto.HdfsProtos$DataEncryptionKeyProto'.
2024-11-12 13:42:08,136 INFO  MethodCallReplacementClassAdapter - Adding mock interface to class org/apache/hadoop/hdfs/protocol/proto/HdfsProtos$DataEncryptionKeyProto
2024-11-12 13:42:08,137 INFO  CreateClassResetClassAdapter - Found static initializer in class org/apache/hadoop/hdfs/protocol/proto/HdfsProtos$DataEncryptionKeyProto
2024-11-12 13:42:08,137 INFO  EvoClassLoader - Seeing class for first time: org.apache.hadoop.hdfs.protocol.proto.HdfsProtos$DataEncryptionKeyProtoOrBuilder
2024-11-12 13:42:08,137 INFO  EvoClassLoader - Instrumenting class 'org.apache.hadoop.hdfs.protocol.proto.HdfsProtos$DataEncryptionKeyProtoOrBuilder'.
2024-11-12 13:42:08,137 INFO  EvoClassLoader - Keeping class: org.apache.hadoop.hdfs.protocol.proto.HdfsProtos$DataEncryptionKeyProtoOrBuilder
2024-11-12 13:42:08,137 INFO  EvoClassLoader - Keeping class: org.apache.hadoop.hdfs.protocol.proto.HdfsProtos$DataEncryptionKeyProto
2024-11-12 13:42:08,137 INFO  EvoClassLoader - Seeing class for first time: org.apache.hadoop.hdfs.protocol.proto.HdfsProtos$BatchedListingKeyProto
2024-11-12 13:42:08,137 INFO  EvoClassLoader - Instrumenting class 'org.apache.hadoop.hdfs.protocol.proto.HdfsProtos$BatchedListingKeyProto'.
2024-11-12 13:42:08,138 INFO  MethodCallReplacementClassAdapter - Adding mock interface to class org/apache/hadoop/hdfs/protocol/proto/HdfsProtos$BatchedListingKeyProto
2024-11-12 13:42:08,138 INFO  CreateClassResetClassAdapter - Found static initializer in class org/apache/hadoop/hdfs/protocol/proto/HdfsProtos$BatchedListingKeyProto
2024-11-12 13:42:08,138 INFO  EvoClassLoader - Seeing class for first time: org.apache.hadoop.hdfs.protocol.proto.HdfsProtos$BatchedListingKeyProtoOrBuilder
2024-11-12 13:42:08,138 INFO  EvoClassLoader - Instrumenting class 'org.apache.hadoop.hdfs.protocol.proto.HdfsProtos$BatchedListingKeyProtoOrBuilder'.
2024-11-12 13:42:08,139 INFO  EvoClassLoader - Keeping class: org.apache.hadoop.hdfs.protocol.proto.HdfsProtos$BatchedListingKeyProtoOrBuilder
2024-11-12 13:42:08,139 INFO  EvoClassLoader - Keeping class: org.apache.hadoop.hdfs.protocol.proto.HdfsProtos$BatchedListingKeyProto
2024-11-12 13:42:08,139 INFO  EvoClassLoader - Seeing class for first time: org.apache.hadoop.hdfs.protocol.proto.HdfsProtos$LocatedBlockProto
2024-11-12 13:42:08,139 INFO  EvoClassLoader - Instrumenting class 'org.apache.hadoop.hdfs.protocol.proto.HdfsProtos$LocatedBlockProto'.
2024-11-12 13:42:08,139 INFO  MethodCallReplacementClassAdapter - Adding mock interface to class org/apache/hadoop/hdfs/protocol/proto/HdfsProtos$LocatedBlockProto
2024-11-12 13:42:08,140 INFO  CreateClassResetClassAdapter - Found static initializer in class org/apache/hadoop/hdfs/protocol/proto/HdfsProtos$LocatedBlockProto
2024-11-12 13:42:08,141 INFO  EvoClassLoader - Seeing class for first time: org.apache.hadoop.hdfs.protocol.proto.HdfsProtos$LocatedBlockProtoOrBuilder
2024-11-12 13:42:08,141 INFO  EvoClassLoader - Instrumenting class 'org.apache.hadoop.hdfs.protocol.proto.HdfsProtos$LocatedBlockProtoOrBuilder'.
2024-11-12 13:42:08,141 INFO  EvoClassLoader - Keeping class: org.apache.hadoop.hdfs.protocol.proto.HdfsProtos$LocatedBlockProtoOrBuilder
2024-11-12 13:42:08,141 INFO  EvoClassLoader - Keeping class: org.apache.hadoop.hdfs.protocol.proto.HdfsProtos$LocatedBlockProto
2024-11-12 13:42:08,141 INFO  EvoClassLoader - Seeing class for first time: org.apache.hadoop.hdfs.protocol.proto.HdfsProtos$BlockStoragePolicyProto
2024-11-12 13:42:08,141 INFO  EvoClassLoader - Instrumenting class 'org.apache.hadoop.hdfs.protocol.proto.HdfsProtos$BlockStoragePolicyProto'.
2024-11-12 13:42:08,141 INFO  MethodCallReplacementClassAdapter - Adding mock interface to class org/apache/hadoop/hdfs/protocol/proto/HdfsProtos$BlockStoragePolicyProto
2024-11-12 13:42:08,142 INFO  CreateClassResetClassAdapter - Found static initializer in class org/apache/hadoop/hdfs/protocol/proto/HdfsProtos$BlockStoragePolicyProto
2024-11-12 13:42:08,142 INFO  EvoClassLoader - Seeing class for first time: org.apache.hadoop.hdfs.protocol.proto.HdfsProtos$BlockStoragePolicyProtoOrBuilder
2024-11-12 13:42:08,142 INFO  EvoClassLoader - Instrumenting class 'org.apache.hadoop.hdfs.protocol.proto.HdfsProtos$BlockStoragePolicyProtoOrBuilder'.
2024-11-12 13:42:08,143 INFO  EvoClassLoader - Keeping class: org.apache.hadoop.hdfs.protocol.proto.HdfsProtos$BlockStoragePolicyProtoOrBuilder
2024-11-12 13:42:08,143 INFO  EvoClassLoader - Keeping class: org.apache.hadoop.hdfs.protocol.proto.HdfsProtos$BlockStoragePolicyProto
2024-11-12 13:42:08,143 INFO  EvoClassLoader - Seeing class for first time: org.apache.hadoop.hdfs.protocol.proto.HdfsProtos$StorageTypesProto
2024-11-12 13:42:08,143 INFO  EvoClassLoader - Instrumenting class 'org.apache.hadoop.hdfs.protocol.proto.HdfsProtos$StorageTypesProto'.
2024-11-12 13:42:08,143 INFO  MethodCallReplacementClassAdapter - Adding mock interface to class org/apache/hadoop/hdfs/protocol/proto/HdfsProtos$StorageTypesProto
2024-11-12 13:42:08,144 INFO  CreateClassResetClassAdapter - Found static initializer in class org/apache/hadoop/hdfs/protocol/proto/HdfsProtos$StorageTypesProto
2024-11-12 13:42:08,144 INFO  EvoClassLoader - Seeing class for first time: org.apache.hadoop.hdfs.protocol.proto.HdfsProtos$StorageTypesProtoOrBuilder
2024-11-12 13:42:08,144 INFO  EvoClassLoader - Instrumenting class 'org.apache.hadoop.hdfs.protocol.proto.HdfsProtos$StorageTypesProtoOrBuilder'.
2024-11-12 13:42:08,144 INFO  EvoClassLoader - Keeping class: org.apache.hadoop.hdfs.protocol.proto.HdfsProtos$StorageTypesProtoOrBuilder
2024-11-12 13:42:08,144 INFO  EvoClassLoader - Keeping class: org.apache.hadoop.hdfs.protocol.proto.HdfsProtos$StorageTypesProto
2024-11-12 13:42:08,144 INFO  EvoClassLoader - Seeing class for first time: org.apache.hadoop.hdfs.protocol.proto.HdfsProtos$CorruptFileBlocksProto
2024-11-12 13:42:08,144 INFO  EvoClassLoader - Instrumenting class 'org.apache.hadoop.hdfs.protocol.proto.HdfsProtos$CorruptFileBlocksProto'.
2024-11-12 13:42:08,145 INFO  MethodCallReplacementClassAdapter - Adding mock interface to class org/apache/hadoop/hdfs/protocol/proto/HdfsProtos$CorruptFileBlocksProto
2024-11-12 13:42:08,145 INFO  CreateClassResetClassAdapter - Found static initializer in class org/apache/hadoop/hdfs/protocol/proto/HdfsProtos$CorruptFileBlocksProto
2024-11-12 13:42:08,145 INFO  EvoClassLoader - Seeing class for first time: org.apache.hadoop.hdfs.protocol.proto.HdfsProtos$CorruptFileBlocksProtoOrBuilder
2024-11-12 13:42:08,145 INFO  EvoClassLoader - Instrumenting class 'org.apache.hadoop.hdfs.protocol.proto.HdfsProtos$CorruptFileBlocksProtoOrBuilder'.
2024-11-12 13:42:08,146 INFO  EvoClassLoader - Keeping class: org.apache.hadoop.hdfs.protocol.proto.HdfsProtos$CorruptFileBlocksProtoOrBuilder
2024-11-12 13:42:08,146 INFO  EvoClassLoader - Keeping class: org.apache.hadoop.hdfs.protocol.proto.HdfsProtos$CorruptFileBlocksProto
2024-11-12 13:42:08,146 INFO  EvoClassLoader - Seeing class for first time: org.apache.hadoop.hdfs.protocol.proto.HdfsProtos$StorageTypeQuotaInfoProto
2024-11-12 13:42:08,146 INFO  EvoClassLoader - Instrumenting class 'org.apache.hadoop.hdfs.protocol.proto.HdfsProtos$StorageTypeQuotaInfoProto'.
2024-11-12 13:42:08,146 INFO  MethodCallReplacementClassAdapter - Adding mock interface to class org/apache/hadoop/hdfs/protocol/proto/HdfsProtos$StorageTypeQuotaInfoProto
2024-11-12 13:42:08,147 INFO  CreateClassResetClassAdapter - Found static initializer in class org/apache/hadoop/hdfs/protocol/proto/HdfsProtos$StorageTypeQuotaInfoProto
2024-11-12 13:42:08,147 INFO  EvoClassLoader - Seeing class for first time: org.apache.hadoop.hdfs.protocol.proto.HdfsProtos$StorageTypeQuotaInfoProtoOrBuilder
2024-11-12 13:42:08,147 INFO  EvoClassLoader - Instrumenting class 'org.apache.hadoop.hdfs.protocol.proto.HdfsProtos$StorageTypeQuotaInfoProtoOrBuilder'.
2024-11-12 13:42:08,147 INFO  EvoClassLoader - Keeping class: org.apache.hadoop.hdfs.protocol.proto.HdfsProtos$StorageTypeQuotaInfoProtoOrBuilder
2024-11-12 13:42:08,147 INFO  EvoClassLoader - Keeping class: org.apache.hadoop.hdfs.protocol.proto.HdfsProtos$StorageTypeQuotaInfoProto
2024-11-12 13:42:08,147 INFO  EvoClassLoader - Seeing class for first time: org.apache.hadoop.hdfs.protocol.proto.HdfsProtos$StorageTypeQuotaInfosProto
2024-11-12 13:42:08,147 INFO  EvoClassLoader - Instrumenting class 'org.apache.hadoop.hdfs.protocol.proto.HdfsProtos$StorageTypeQuotaInfosProto'.
2024-11-12 13:42:08,148 INFO  MethodCallReplacementClassAdapter - Adding mock interface to class org/apache/hadoop/hdfs/protocol/proto/HdfsProtos$StorageTypeQuotaInfosProto
2024-11-12 13:42:08,148 INFO  CreateClassResetClassAdapter - Found static initializer in class org/apache/hadoop/hdfs/protocol/proto/HdfsProtos$StorageTypeQuotaInfosProto
2024-11-12 13:42:08,149 INFO  EvoClassLoader - Seeing class for first time: org.apache.hadoop.hdfs.protocol.proto.HdfsProtos$StorageTypeQuotaInfosProtoOrBuilder
2024-11-12 13:42:08,149 INFO  EvoClassLoader - Instrumenting class 'org.apache.hadoop.hdfs.protocol.proto.HdfsProtos$StorageTypeQuotaInfosProtoOrBuilder'.
2024-11-12 13:42:08,149 INFO  EvoClassLoader - Keeping class: org.apache.hadoop.hdfs.protocol.proto.HdfsProtos$StorageTypeQuotaInfosProtoOrBuilder
2024-11-12 13:42:08,149 INFO  EvoClassLoader - Keeping class: org.apache.hadoop.hdfs.protocol.proto.HdfsProtos$StorageTypeQuotaInfosProto
2024-11-12 13:42:08,149 INFO  EvoClassLoader - Seeing class for first time: org.apache.hadoop.hdfs.protocol.proto.HdfsProtos$QuotaUsageProto
2024-11-12 13:42:08,149 INFO  EvoClassLoader - Instrumenting class 'org.apache.hadoop.hdfs.protocol.proto.HdfsProtos$QuotaUsageProto'.
2024-11-12 13:42:08,149 INFO  MethodCallReplacementClassAdapter - Adding mock interface to class org/apache/hadoop/hdfs/protocol/proto/HdfsProtos$QuotaUsageProto
2024-11-12 13:42:08,150 INFO  CreateClassResetClassAdapter - Found static initializer in class org/apache/hadoop/hdfs/protocol/proto/HdfsProtos$QuotaUsageProto
2024-11-12 13:42:08,151 INFO  EvoClassLoader - Seeing class for first time: org.apache.hadoop.hdfs.protocol.proto.HdfsProtos$QuotaUsageProtoOrBuilder
2024-11-12 13:42:08,151 INFO  EvoClassLoader - Instrumenting class 'org.apache.hadoop.hdfs.protocol.proto.HdfsProtos$QuotaUsageProtoOrBuilder'.
2024-11-12 13:42:08,151 INFO  EvoClassLoader - Keeping class: org.apache.hadoop.hdfs.protocol.proto.HdfsProtos$QuotaUsageProtoOrBuilder
2024-11-12 13:42:08,151 INFO  EvoClassLoader - Keeping class: org.apache.hadoop.hdfs.protocol.proto.HdfsProtos$QuotaUsageProto
2024-11-12 13:42:08,151 INFO  EvoClassLoader - Seeing class for first time: org.apache.hadoop.hdfs.protocol.proto.HdfsProtos$ContentSummaryProto
2024-11-12 13:42:08,151 INFO  EvoClassLoader - Instrumenting class 'org.apache.hadoop.hdfs.protocol.proto.HdfsProtos$ContentSummaryProto'.
2024-11-12 13:42:08,151 INFO  MethodCallReplacementClassAdapter - Adding mock interface to class org/apache/hadoop/hdfs/protocol/proto/HdfsProtos$ContentSummaryProto
2024-11-12 13:42:08,152 INFO  CreateClassResetClassAdapter - Found static initializer in class org/apache/hadoop/hdfs/protocol/proto/HdfsProtos$ContentSummaryProto
2024-11-12 13:42:08,152 INFO  EvoClassLoader - Seeing class for first time: org.apache.hadoop.hdfs.protocol.proto.HdfsProtos$ContentSummaryProtoOrBuilder
2024-11-12 13:42:08,152 INFO  EvoClassLoader - Instrumenting class 'org.apache.hadoop.hdfs.protocol.proto.HdfsProtos$ContentSummaryProtoOrBuilder'.
2024-11-12 13:42:08,153 INFO  EvoClassLoader - Keeping class: org.apache.hadoop.hdfs.protocol.proto.HdfsProtos$ContentSummaryProtoOrBuilder
2024-11-12 13:42:08,153 INFO  EvoClassLoader - Keeping class: org.apache.hadoop.hdfs.protocol.proto.HdfsProtos$ContentSummaryProto
2024-11-12 13:42:08,153 INFO  EvoClassLoader - Seeing class for first time: org.apache.hadoop.hdfs.protocol.proto.HdfsProtos$StorageReportProto
2024-11-12 13:42:08,153 INFO  EvoClassLoader - Instrumenting class 'org.apache.hadoop.hdfs.protocol.proto.HdfsProtos$StorageReportProto'.
2024-11-12 13:42:08,153 INFO  MethodCallReplacementClassAdapter - Adding mock interface to class org/apache/hadoop/hdfs/protocol/proto/HdfsProtos$StorageReportProto
2024-11-12 13:42:08,154 INFO  CreateClassResetClassAdapter - Found static initializer in class org/apache/hadoop/hdfs/protocol/proto/HdfsProtos$StorageReportProto
2024-11-12 13:42:08,155 INFO  EvoClassLoader - Seeing class for first time: org.apache.hadoop.hdfs.protocol.proto.HdfsProtos$StorageReportProtoOrBuilder
2024-11-12 13:42:08,155 INFO  EvoClassLoader - Instrumenting class 'org.apache.hadoop.hdfs.protocol.proto.HdfsProtos$StorageReportProtoOrBuilder'.
2024-11-12 13:42:08,155 INFO  EvoClassLoader - Keeping class: org.apache.hadoop.hdfs.protocol.proto.HdfsProtos$StorageReportProtoOrBuilder
2024-11-12 13:42:08,155 INFO  EvoClassLoader - Keeping class: org.apache.hadoop.hdfs.protocol.proto.HdfsProtos$StorageReportProto
2024-11-12 13:42:08,155 INFO  EvoClassLoader - Seeing class for first time: org.apache.hadoop.hdfs.protocol.proto.HdfsProtos$DatanodeStorageProto
2024-11-12 13:42:08,155 INFO  EvoClassLoader - Instrumenting class 'org.apache.hadoop.hdfs.protocol.proto.HdfsProtos$DatanodeStorageProto'.
2024-11-12 13:42:08,156 INFO  MethodCallReplacementClassAdapter - Adding mock interface to class org/apache/hadoop/hdfs/protocol/proto/HdfsProtos$DatanodeStorageProto
2024-11-12 13:42:08,156 INFO  CreateClassResetClassAdapter - Found static initializer in class org/apache/hadoop/hdfs/protocol/proto/HdfsProtos$DatanodeStorageProto
2024-11-12 13:42:08,157 INFO  EvoClassLoader - Seeing class for first time: org.apache.hadoop.hdfs.protocol.proto.HdfsProtos$DatanodeStorageProtoOrBuilder
2024-11-12 13:42:08,157 INFO  EvoClassLoader - Instrumenting class 'org.apache.hadoop.hdfs.protocol.proto.HdfsProtos$DatanodeStorageProtoOrBuilder'.
2024-11-12 13:42:08,157 INFO  EvoClassLoader - Keeping class: org.apache.hadoop.hdfs.protocol.proto.HdfsProtos$DatanodeStorageProtoOrBuilder
2024-11-12 13:42:08,157 INFO  EvoClassLoader - Keeping class: org.apache.hadoop.hdfs.protocol.proto.HdfsProtos$DatanodeStorageProto
2024-11-12 13:42:08,157 INFO  EvoClassLoader - Seeing class for first time: org.apache.hadoop.hdfs.protocol.proto.HdfsProtos$DatanodeInfoProto
2024-11-12 13:42:08,157 INFO  EvoClassLoader - Instrumenting class 'org.apache.hadoop.hdfs.protocol.proto.HdfsProtos$DatanodeInfoProto'.
2024-11-12 13:42:08,158 INFO  MethodCallReplacementClassAdapter - Adding mock interface to class org/apache/hadoop/hdfs/protocol/proto/HdfsProtos$DatanodeInfoProto
2024-11-12 13:42:08,158 INFO  CreateClassResetClassAdapter - Found static initializer in class org/apache/hadoop/hdfs/protocol/proto/HdfsProtos$DatanodeInfoProto
2024-11-12 13:42:08,159 INFO  EvoClassLoader - Seeing class for first time: org.apache.hadoop.hdfs.protocol.proto.HdfsProtos$DatanodeInfoProtoOrBuilder
2024-11-12 13:42:08,159 INFO  EvoClassLoader - Instrumenting class 'org.apache.hadoop.hdfs.protocol.proto.HdfsProtos$DatanodeInfoProtoOrBuilder'.
2024-11-12 13:42:08,159 INFO  EvoClassLoader - Keeping class: org.apache.hadoop.hdfs.protocol.proto.HdfsProtos$DatanodeInfoProtoOrBuilder
2024-11-12 13:42:08,160 INFO  EvoClassLoader - Keeping class: org.apache.hadoop.hdfs.protocol.proto.HdfsProtos$DatanodeInfoProto
2024-11-12 13:42:08,160 INFO  EvoClassLoader - Seeing class for first time: org.apache.hadoop.hdfs.protocol.proto.HdfsProtos$DatanodeInfosProto
2024-11-12 13:42:08,160 INFO  EvoClassLoader - Instrumenting class 'org.apache.hadoop.hdfs.protocol.proto.HdfsProtos$DatanodeInfosProto'.
2024-11-12 13:42:08,160 INFO  MethodCallReplacementClassAdapter - Adding mock interface to class org/apache/hadoop/hdfs/protocol/proto/HdfsProtos$DatanodeInfosProto
2024-11-12 13:42:08,161 INFO  CreateClassResetClassAdapter - Found static initializer in class org/apache/hadoop/hdfs/protocol/proto/HdfsProtos$DatanodeInfosProto
2024-11-12 13:42:08,162 INFO  EvoClassLoader - Seeing class for first time: org.apache.hadoop.hdfs.protocol.proto.HdfsProtos$DatanodeInfosProtoOrBuilder
2024-11-12 13:42:08,162 INFO  EvoClassLoader - Instrumenting class 'org.apache.hadoop.hdfs.protocol.proto.HdfsProtos$DatanodeInfosProtoOrBuilder'.
2024-11-12 13:42:08,162 INFO  EvoClassLoader - Keeping class: org.apache.hadoop.hdfs.protocol.proto.HdfsProtos$DatanodeInfosProtoOrBuilder
2024-11-12 13:42:08,162 INFO  EvoClassLoader - Keeping class: org.apache.hadoop.hdfs.protocol.proto.HdfsProtos$DatanodeInfosProto
2024-11-12 13:42:08,162 INFO  EvoClassLoader - Seeing class for first time: org.apache.hadoop.hdfs.protocol.proto.HdfsProtos$DatanodeVolumeInfoProto
2024-11-12 13:42:08,162 INFO  EvoClassLoader - Instrumenting class 'org.apache.hadoop.hdfs.protocol.proto.HdfsProtos$DatanodeVolumeInfoProto'.
2024-11-12 13:42:08,162 INFO  MethodCallReplacementClassAdapter - Adding mock interface to class org/apache/hadoop/hdfs/protocol/proto/HdfsProtos$DatanodeVolumeInfoProto
2024-11-12 13:42:08,163 INFO  CreateClassResetClassAdapter - Found static initializer in class org/apache/hadoop/hdfs/protocol/proto/HdfsProtos$DatanodeVolumeInfoProto
2024-11-12 13:42:08,164 INFO  EvoClassLoader - Seeing class for first time: org.apache.hadoop.hdfs.protocol.proto.HdfsProtos$DatanodeVolumeInfoProtoOrBuilder
2024-11-12 13:42:08,164 INFO  EvoClassLoader - Instrumenting class 'org.apache.hadoop.hdfs.protocol.proto.HdfsProtos$DatanodeVolumeInfoProtoOrBuilder'.
2024-11-12 13:42:08,164 INFO  EvoClassLoader - Keeping class: org.apache.hadoop.hdfs.protocol.proto.HdfsProtos$DatanodeVolumeInfoProtoOrBuilder
2024-11-12 13:42:08,165 INFO  EvoClassLoader - Keeping class: org.apache.hadoop.hdfs.protocol.proto.HdfsProtos$DatanodeVolumeInfoProto
2024-11-12 13:42:08,165 INFO  EvoClassLoader - Seeing class for first time: org.apache.hadoop.hdfs.protocol.proto.HdfsProtos$DatanodeLocalInfoProto
2024-11-12 13:42:08,165 INFO  EvoClassLoader - Instrumenting class 'org.apache.hadoop.hdfs.protocol.proto.HdfsProtos$DatanodeLocalInfoProto'.
2024-11-12 13:42:08,165 INFO  MethodCallReplacementClassAdapter - Adding mock interface to class org/apache/hadoop/hdfs/protocol/proto/HdfsProtos$DatanodeLocalInfoProto
2024-11-12 13:42:08,166 INFO  CreateClassResetClassAdapter - Found static initializer in class org/apache/hadoop/hdfs/protocol/proto/HdfsProtos$DatanodeLocalInfoProto
2024-11-12 13:42:08,167 INFO  EvoClassLoader - Seeing class for first time: org.apache.hadoop.hdfs.protocol.proto.HdfsProtos$DatanodeLocalInfoProtoOrBuilder
2024-11-12 13:42:08,167 INFO  EvoClassLoader - Instrumenting class 'org.apache.hadoop.hdfs.protocol.proto.HdfsProtos$DatanodeLocalInfoProtoOrBuilder'.
2024-11-12 13:42:08,167 INFO  EvoClassLoader - Keeping class: org.apache.hadoop.hdfs.protocol.proto.HdfsProtos$DatanodeLocalInfoProtoOrBuilder
2024-11-12 13:42:08,167 INFO  EvoClassLoader - Keeping class: org.apache.hadoop.hdfs.protocol.proto.HdfsProtos$DatanodeLocalInfoProto
2024-11-12 13:42:08,167 INFO  EvoClassLoader - Seeing class for first time: org.apache.hadoop.hdfs.protocol.proto.HdfsProtos$DatanodeIDProto
2024-11-12 13:42:08,167 INFO  EvoClassLoader - Instrumenting class 'org.apache.hadoop.hdfs.protocol.proto.HdfsProtos$DatanodeIDProto'.
2024-11-12 13:42:08,168 INFO  MethodCallReplacementClassAdapter - Adding mock interface to class org/apache/hadoop/hdfs/protocol/proto/HdfsProtos$DatanodeIDProto
2024-11-12 13:42:08,168 INFO  CreateClassResetClassAdapter - Found static initializer in class org/apache/hadoop/hdfs/protocol/proto/HdfsProtos$DatanodeIDProto
2024-11-12 13:42:08,169 INFO  EvoClassLoader - Seeing class for first time: org.apache.hadoop.hdfs.protocol.proto.HdfsProtos$DatanodeIDProtoOrBuilder
2024-11-12 13:42:08,169 INFO  EvoClassLoader - Instrumenting class 'org.apache.hadoop.hdfs.protocol.proto.HdfsProtos$DatanodeIDProtoOrBuilder'.
2024-11-12 13:42:08,169 INFO  EvoClassLoader - Keeping class: org.apache.hadoop.hdfs.protocol.proto.HdfsProtos$DatanodeIDProtoOrBuilder
2024-11-12 13:42:08,169 INFO  EvoClassLoader - Keeping class: org.apache.hadoop.hdfs.protocol.proto.HdfsProtos$DatanodeIDProto
2024-11-12 13:42:08,169 INFO  EvoClassLoader - Seeing class for first time: org.apache.hadoop.hdfs.protocol.proto.HdfsProtos$ProvidedStorageLocationProto
2024-11-12 13:42:08,169 INFO  EvoClassLoader - Instrumenting class 'org.apache.hadoop.hdfs.protocol.proto.HdfsProtos$ProvidedStorageLocationProto'.
2024-11-12 13:42:08,170 INFO  MethodCallReplacementClassAdapter - Adding mock interface to class org/apache/hadoop/hdfs/protocol/proto/HdfsProtos$ProvidedStorageLocationProto
2024-11-12 13:42:08,170 INFO  CreateClassResetClassAdapter - Found static initializer in class org/apache/hadoop/hdfs/protocol/proto/HdfsProtos$ProvidedStorageLocationProto
2024-11-12 13:42:08,171 INFO  EvoClassLoader - Seeing class for first time: org.apache.hadoop.hdfs.protocol.proto.HdfsProtos$ProvidedStorageLocationProtoOrBuilder
2024-11-12 13:42:08,171 INFO  EvoClassLoader - Instrumenting class 'org.apache.hadoop.hdfs.protocol.proto.HdfsProtos$ProvidedStorageLocationProtoOrBuilder'.
2024-11-12 13:42:08,171 INFO  EvoClassLoader - Keeping class: org.apache.hadoop.hdfs.protocol.proto.HdfsProtos$ProvidedStorageLocationProtoOrBuilder
2024-11-12 13:42:08,171 INFO  EvoClassLoader - Keeping class: org.apache.hadoop.hdfs.protocol.proto.HdfsProtos$ProvidedStorageLocationProto
2024-11-12 13:42:08,171 INFO  EvoClassLoader - Seeing class for first time: org.apache.hadoop.hdfs.protocol.proto.HdfsProtos$ExtendedBlockProto
2024-11-12 13:42:08,171 INFO  EvoClassLoader - Instrumenting class 'org.apache.hadoop.hdfs.protocol.proto.HdfsProtos$ExtendedBlockProto'.
2024-11-12 13:42:08,171 INFO  MethodCallReplacementClassAdapter - Adding mock interface to class org/apache/hadoop/hdfs/protocol/proto/HdfsProtos$ExtendedBlockProto
2024-11-12 13:42:08,172 INFO  CreateClassResetClassAdapter - Found static initializer in class org/apache/hadoop/hdfs/protocol/proto/HdfsProtos$ExtendedBlockProto
2024-11-12 13:42:08,172 INFO  EvoClassLoader - Seeing class for first time: org.apache.hadoop.hdfs.protocol.proto.HdfsProtos$ExtendedBlockProtoOrBuilder
2024-11-12 13:42:08,172 INFO  EvoClassLoader - Instrumenting class 'org.apache.hadoop.hdfs.protocol.proto.HdfsProtos$ExtendedBlockProtoOrBuilder'.
2024-11-12 13:42:08,173 INFO  EvoClassLoader - Keeping class: org.apache.hadoop.hdfs.protocol.proto.HdfsProtos$ExtendedBlockProtoOrBuilder
2024-11-12 13:42:08,173 INFO  EvoClassLoader - Keeping class: org.apache.hadoop.hdfs.protocol.proto.HdfsProtos$ExtendedBlockProto
2024-11-12 13:42:08,173 INFO  EvoClassLoader - Seeing class for first time: org.apache.hadoop.hdfs.protocol.proto.HdfsProtos$AccessModeProto
2024-11-12 13:42:08,173 INFO  EvoClassLoader - Instrumenting class 'org.apache.hadoop.hdfs.protocol.proto.HdfsProtos$AccessModeProto'.
2024-11-12 13:42:08,173 INFO  MethodCallReplacementClassAdapter - Adding mock interface to class org/apache/hadoop/hdfs/protocol/proto/HdfsProtos$AccessModeProto
2024-11-12 13:42:08,174 INFO  CreateClassResetClassAdapter - Found static initializer in class org/apache/hadoop/hdfs/protocol/proto/HdfsProtos$AccessModeProto
2024-11-12 13:42:08,174 INFO  EvoClassLoader - Keeping class: org.apache.hadoop.hdfs.protocol.proto.HdfsProtos$AccessModeProto
2024-11-12 13:42:08,174 INFO  EvoClassLoader - Seeing class for first time: org.apache.hadoop.hdfs.protocol.proto.HdfsProtos$BlockChecksumTypeProto
2024-11-12 13:42:08,174 INFO  EvoClassLoader - Instrumenting class 'org.apache.hadoop.hdfs.protocol.proto.HdfsProtos$BlockChecksumTypeProto'.
2024-11-12 13:42:08,175 INFO  MethodCallReplacementClassAdapter - Adding mock interface to class org/apache/hadoop/hdfs/protocol/proto/HdfsProtos$BlockChecksumTypeProto
2024-11-12 13:42:08,175 INFO  CreateClassResetClassAdapter - Found static initializer in class org/apache/hadoop/hdfs/protocol/proto/HdfsProtos$BlockChecksumTypeProto
2024-11-12 13:42:08,175 INFO  EvoClassLoader - Keeping class: org.apache.hadoop.hdfs.protocol.proto.HdfsProtos$BlockChecksumTypeProto
2024-11-12 13:42:08,175 INFO  EvoClassLoader - Seeing class for first time: org.apache.hadoop.hdfs.protocol.proto.HdfsProtos$ChecksumTypeProto
2024-11-12 13:42:08,175 INFO  EvoClassLoader - Instrumenting class 'org.apache.hadoop.hdfs.protocol.proto.HdfsProtos$ChecksumTypeProto'.
2024-11-12 13:42:08,176 INFO  MethodCallReplacementClassAdapter - Adding mock interface to class org/apache/hadoop/hdfs/protocol/proto/HdfsProtos$ChecksumTypeProto
2024-11-12 13:42:08,176 INFO  CreateClassResetClassAdapter - Found static initializer in class org/apache/hadoop/hdfs/protocol/proto/HdfsProtos$ChecksumTypeProto
2024-11-12 13:42:08,176 INFO  EvoClassLoader - Keeping class: org.apache.hadoop.hdfs.protocol.proto.HdfsProtos$ChecksumTypeProto
2024-11-12 13:42:08,176 INFO  EvoClassLoader - Seeing class for first time: org.apache.hadoop.hdfs.protocol.proto.HdfsProtos$ErasureCodingPolicyState
2024-11-12 13:42:08,176 INFO  EvoClassLoader - Instrumenting class 'org.apache.hadoop.hdfs.protocol.proto.HdfsProtos$ErasureCodingPolicyState'.
2024-11-12 13:42:08,176 INFO  MethodCallReplacementClassAdapter - Adding mock interface to class org/apache/hadoop/hdfs/protocol/proto/HdfsProtos$ErasureCodingPolicyState
2024-11-12 13:42:08,177 INFO  CreateClassResetClassAdapter - Found static initializer in class org/apache/hadoop/hdfs/protocol/proto/HdfsProtos$ErasureCodingPolicyState
2024-11-12 13:42:08,177 INFO  EvoClassLoader - Keeping class: org.apache.hadoop.hdfs.protocol.proto.HdfsProtos$ErasureCodingPolicyState
2024-11-12 13:42:08,177 INFO  EvoClassLoader - Seeing class for first time: org.apache.hadoop.hdfs.protocol.proto.HdfsProtos$CryptoProtocolVersionProto
2024-11-12 13:42:08,177 INFO  EvoClassLoader - Instrumenting class 'org.apache.hadoop.hdfs.protocol.proto.HdfsProtos$CryptoProtocolVersionProto'.
2024-11-12 13:42:08,177 INFO  MethodCallReplacementClassAdapter - Adding mock interface to class org/apache/hadoop/hdfs/protocol/proto/HdfsProtos$CryptoProtocolVersionProto
2024-11-12 13:42:08,177 INFO  CreateClassResetClassAdapter - Found static initializer in class org/apache/hadoop/hdfs/protocol/proto/HdfsProtos$CryptoProtocolVersionProto
2024-11-12 13:42:08,177 INFO  EvoClassLoader - Keeping class: org.apache.hadoop.hdfs.protocol.proto.HdfsProtos$CryptoProtocolVersionProto
2024-11-12 13:42:08,177 INFO  EvoClassLoader - Seeing class for first time: org.apache.hadoop.hdfs.protocol.proto.HdfsProtos$CipherSuiteProto
2024-11-12 13:42:08,177 INFO  EvoClassLoader - Instrumenting class 'org.apache.hadoop.hdfs.protocol.proto.HdfsProtos$CipherSuiteProto'.
2024-11-12 13:42:08,177 INFO  MethodCallReplacementClassAdapter - Adding mock interface to class org/apache/hadoop/hdfs/protocol/proto/HdfsProtos$CipherSuiteProto
2024-11-12 13:42:08,178 INFO  CreateClassResetClassAdapter - Found static initializer in class org/apache/hadoop/hdfs/protocol/proto/HdfsProtos$CipherSuiteProto
2024-11-12 13:42:08,178 INFO  EvoClassLoader - Keeping class: org.apache.hadoop.hdfs.protocol.proto.HdfsProtos$CipherSuiteProto
]]></system-out>
  </testcase>
  <testcase name="test13" classname="org.apache.hadoop.hdfs.tools.offlineImageViewer.FSImageLoader_ESTest" time="0.005">
    <system-out><![CDATA[2024-11-12 13:42:08,180 INFO  FSImageHandler - Loading inode references
2024-11-12 13:42:08,181 INFO  FSImageHandler - Loaded 7 inode references
2024-11-12 13:42:08,187 INFO  FSDirectory - GLOBAL serial map: bits=29 maxEntries=536870911
2024-11-12 13:42:08,187 INFO  FSDirectory - USER serial map: bits=24 maxEntries=16777215
2024-11-12 13:42:08,187 INFO  FSDirectory - GROUP serial map: bits=24 maxEntries=16777215
2024-11-12 13:42:08,187 INFO  FSDirectory - XATTR serial map: bits=24 maxEntries=16777215
2024-11-12 13:42:08,187 INFO  EvoClassLoader - Seeing class for first time: libcore.io.Memory
2024-11-12 13:42:08,187 INFO  EvoClassLoader - Instrumenting class 'libcore.io.Memory'.
2024-11-12 13:42:08,187 INFO  EvoClassLoader - Error while loading class: java.lang.ClassNotFoundException: Class 'libcore/io/Memory.class' should be in target project, but could not be found!
2024-11-12 13:42:08,188 INFO  EvoClassLoader - Seeing class for first time: org.robolectric.Robolectric
2024-11-12 13:42:08,188 INFO  EvoClassLoader - Instrumenting class 'org.robolectric.Robolectric'.
2024-11-12 13:42:08,188 INFO  EvoClassLoader - Error while loading class: java.lang.ClassNotFoundException: Class 'org/robolectric/Robolectric.class' should be in target project, but could not be found!
2024-11-12 13:42:08,199 INFO  log - Logging initialized @25658ms to org.eclipse.jetty.util.log.Slf4jLog
]]></system-out>
  </testcase>
  <testcase name="test03" classname="org.apache.hadoop.hdfs.tools.offlineImageViewer.FSImageLoader_ESTest" time="0.016">
    <system-out><![CDATA[2024-11-12 13:42:08,218 INFO  FSDirectory - GLOBAL serial map: bits=29 maxEntries=536870911
2024-11-12 13:42:08,219 INFO  FSDirectory - USER serial map: bits=24 maxEntries=16777215
2024-11-12 13:42:08,219 INFO  FSDirectory - GROUP serial map: bits=24 maxEntries=16777215
2024-11-12 13:42:08,219 INFO  FSDirectory - XATTR serial map: bits=24 maxEntries=16777215
2024-11-12 13:42:08,219 INFO  EvoClassLoader - Seeing class for first time: libcore.io.Memory
2024-11-12 13:42:08,219 INFO  EvoClassLoader - Instrumenting class 'libcore.io.Memory'.
2024-11-12 13:42:08,220 INFO  EvoClassLoader - Error while loading class: java.lang.ClassNotFoundException: Class 'libcore/io/Memory.class' should be in target project, but could not be found!
2024-11-12 13:42:08,221 INFO  EvoClassLoader - Seeing class for first time: org.robolectric.Robolectric
2024-11-12 13:42:08,221 INFO  EvoClassLoader - Instrumenting class 'org.robolectric.Robolectric'.
2024-11-12 13:42:08,221 INFO  EvoClassLoader - Error while loading class: java.lang.ClassNotFoundException: Class 'org/robolectric/Robolectric.class' should be in target project, but could not be found!
2024-11-12 13:42:08,229 INFO  log - Logging initialized @25688ms to org.eclipse.jetty.util.log.Slf4jLog
]]></system-out>
  </testcase>
  <testcase name="test14" classname="org.apache.hadoop.hdfs.tools.offlineImageViewer.FSImageLoader_ESTest" time="0.029">
    <system-out><![CDATA[2024-11-12 13:42:08,266 INFO  FSDirectory - GLOBAL serial map: bits=29 maxEntries=536870911
2024-11-12 13:42:08,266 INFO  FSDirectory - USER serial map: bits=24 maxEntries=16777215
2024-11-12 13:42:08,266 INFO  FSDirectory - GROUP serial map: bits=24 maxEntries=16777215
2024-11-12 13:42:08,266 INFO  FSDirectory - XATTR serial map: bits=24 maxEntries=16777215
2024-11-12 13:42:08,266 INFO  EvoClassLoader - Seeing class for first time: libcore.io.Memory
2024-11-12 13:42:08,266 INFO  EvoClassLoader - Instrumenting class 'libcore.io.Memory'.
2024-11-12 13:42:08,266 INFO  EvoClassLoader - Error while loading class: java.lang.ClassNotFoundException: Class 'libcore/io/Memory.class' should be in target project, but could not be found!
2024-11-12 13:42:08,266 INFO  EvoClassLoader - Seeing class for first time: org.robolectric.Robolectric
2024-11-12 13:42:08,266 INFO  EvoClassLoader - Instrumenting class 'org.robolectric.Robolectric'.
2024-11-12 13:42:08,267 INFO  EvoClassLoader - Error while loading class: java.lang.ClassNotFoundException: Class 'org/robolectric/Robolectric.class' should be in target project, but could not be found!
2024-11-12 13:42:08,273 INFO  log - Logging initialized @25732ms to org.eclipse.jetty.util.log.Slf4jLog
]]></system-out>
  </testcase>
  <testcase name="test04" classname="org.apache.hadoop.hdfs.tools.offlineImageViewer.FSImageLoader_ESTest" time="0.02">
    <system-out><![CDATA[2024-11-12 13:42:08,282 INFO  FSImageHandler - Loading inode references
2024-11-12 13:42:08,284 INFO  FSDirectory - GLOBAL serial map: bits=29 maxEntries=536870911
2024-11-12 13:42:08,284 INFO  FSDirectory - USER serial map: bits=24 maxEntries=16777215
2024-11-12 13:42:08,284 INFO  FSDirectory - GROUP serial map: bits=24 maxEntries=16777215
2024-11-12 13:42:08,284 INFO  FSDirectory - XATTR serial map: bits=24 maxEntries=16777215
2024-11-12 13:42:08,284 INFO  EvoClassLoader - Seeing class for first time: libcore.io.Memory
2024-11-12 13:42:08,284 INFO  EvoClassLoader - Instrumenting class 'libcore.io.Memory'.
2024-11-12 13:42:08,285 INFO  EvoClassLoader - Error while loading class: java.lang.ClassNotFoundException: Class 'libcore/io/Memory.class' should be in target project, but could not be found!
2024-11-12 13:42:08,285 INFO  EvoClassLoader - Seeing class for first time: org.robolectric.Robolectric
2024-11-12 13:42:08,285 INFO  EvoClassLoader - Instrumenting class 'org.robolectric.Robolectric'.
2024-11-12 13:42:08,285 INFO  EvoClassLoader - Error while loading class: java.lang.ClassNotFoundException: Class 'org/robolectric/Robolectric.class' should be in target project, but could not be found!
2024-11-12 13:42:08,290 INFO  log - Logging initialized @25749ms to org.eclipse.jetty.util.log.Slf4jLog
]]></system-out>
  </testcase>
  <testcase name="test05" classname="org.apache.hadoop.hdfs.tools.offlineImageViewer.FSImageLoader_ESTest" time="0.03">
    <system-out><![CDATA[2024-11-12 13:42:08,299 INFO  FSImageHandler - Loading inode references
2024-11-12 13:42:08,302 INFO  FSDirectory - GLOBAL serial map: bits=29 maxEntries=536870911
2024-11-12 13:42:08,302 INFO  FSDirectory - USER serial map: bits=24 maxEntries=16777215
2024-11-12 13:42:08,302 INFO  FSDirectory - GROUP serial map: bits=24 maxEntries=16777215
2024-11-12 13:42:08,302 INFO  FSDirectory - XATTR serial map: bits=24 maxEntries=16777215
2024-11-12 13:42:08,303 INFO  EvoClassLoader - Seeing class for first time: libcore.io.Memory
2024-11-12 13:42:08,303 INFO  EvoClassLoader - Instrumenting class 'libcore.io.Memory'.
2024-11-12 13:42:08,303 INFO  EvoClassLoader - Error while loading class: java.lang.ClassNotFoundException: Class 'libcore/io/Memory.class' should be in target project, but could not be found!
2024-11-12 13:42:08,303 INFO  EvoClassLoader - Seeing class for first time: org.robolectric.Robolectric
2024-11-12 13:42:08,303 INFO  EvoClassLoader - Instrumenting class 'org.robolectric.Robolectric'.
2024-11-12 13:42:08,303 INFO  EvoClassLoader - Error while loading class: java.lang.ClassNotFoundException: Class 'org/robolectric/Robolectric.class' should be in target project, but could not be found!
2024-11-12 13:42:08,312 INFO  log - Logging initialized @25771ms to org.eclipse.jetty.util.log.Slf4jLog
]]></system-out>
  </testcase>
  <testcase name="test10" classname="org.apache.hadoop.hdfs.tools.offlineImageViewer.FSImageLoader_ESTest" time="0.017">
    <system-out><![CDATA[2024-11-12 13:42:08,327 INFO  FSDirectory - GLOBAL serial map: bits=29 maxEntries=536870911
2024-11-12 13:42:08,327 INFO  FSDirectory - USER serial map: bits=24 maxEntries=16777215
2024-11-12 13:42:08,327 INFO  FSDirectory - GROUP serial map: bits=24 maxEntries=16777215
2024-11-12 13:42:08,327 INFO  FSDirectory - XATTR serial map: bits=24 maxEntries=16777215
2024-11-12 13:42:08,327 INFO  EvoClassLoader - Seeing class for first time: libcore.io.Memory
2024-11-12 13:42:08,327 INFO  EvoClassLoader - Instrumenting class 'libcore.io.Memory'.
2024-11-12 13:42:08,327 INFO  EvoClassLoader - Error while loading class: java.lang.ClassNotFoundException: Class 'libcore/io/Memory.class' should be in target project, but could not be found!
2024-11-12 13:42:08,327 INFO  EvoClassLoader - Seeing class for first time: org.robolectric.Robolectric
2024-11-12 13:42:08,327 INFO  EvoClassLoader - Instrumenting class 'org.robolectric.Robolectric'.
2024-11-12 13:42:08,327 INFO  EvoClassLoader - Error while loading class: java.lang.ClassNotFoundException: Class 'org/robolectric/Robolectric.class' should be in target project, but could not be found!
2024-11-12 13:42:08,335 INFO  log - Logging initialized @25794ms to org.eclipse.jetty.util.log.Slf4jLog
]]></system-out>
  </testcase>
  <testcase name="test00" classname="org.apache.hadoop.hdfs.tools.offlineImageViewer.FSImageLoader_ESTest" time="0.017">
    <system-out><![CDATA[2024-11-12 13:42:08,346 INFO  FSDirectory - GLOBAL serial map: bits=29 maxEntries=536870911
2024-11-12 13:42:08,346 INFO  FSDirectory - USER serial map: bits=24 maxEntries=16777215
2024-11-12 13:42:08,346 INFO  FSDirectory - GROUP serial map: bits=24 maxEntries=16777215
2024-11-12 13:42:08,346 INFO  FSDirectory - XATTR serial map: bits=24 maxEntries=16777215
2024-11-12 13:42:08,346 INFO  EvoClassLoader - Seeing class for first time: libcore.io.Memory
2024-11-12 13:42:08,346 INFO  EvoClassLoader - Instrumenting class 'libcore.io.Memory'.
2024-11-12 13:42:08,346 INFO  EvoClassLoader - Error while loading class: java.lang.ClassNotFoundException: Class 'libcore/io/Memory.class' should be in target project, but could not be found!
2024-11-12 13:42:08,347 INFO  EvoClassLoader - Seeing class for first time: org.robolectric.Robolectric
2024-11-12 13:42:08,347 INFO  EvoClassLoader - Instrumenting class 'org.robolectric.Robolectric'.
2024-11-12 13:42:08,347 INFO  EvoClassLoader - Error while loading class: java.lang.ClassNotFoundException: Class 'org/robolectric/Robolectric.class' should be in target project, but could not be found!
2024-11-12 13:42:08,353 INFO  log - Logging initialized @25812ms to org.eclipse.jetty.util.log.Slf4jLog
]]></system-out>
  </testcase>
  <testcase name="test11" classname="org.apache.hadoop.hdfs.tools.offlineImageViewer.FSImageLoader_ESTest" time="0.034">
    <system-out><![CDATA[2024-11-12 13:42:08,370 INFO  FSDirectory - GLOBAL serial map: bits=29 maxEntries=536870911
2024-11-12 13:42:08,370 INFO  FSDirectory - USER serial map: bits=24 maxEntries=16777215
2024-11-12 13:42:08,370 INFO  FSDirectory - GROUP serial map: bits=24 maxEntries=16777215
2024-11-12 13:42:08,370 INFO  FSDirectory - XATTR serial map: bits=24 maxEntries=16777215
2024-11-12 13:42:08,370 INFO  EvoClassLoader - Seeing class for first time: libcore.io.Memory
2024-11-12 13:42:08,370 INFO  EvoClassLoader - Instrumenting class 'libcore.io.Memory'.
2024-11-12 13:42:08,371 INFO  EvoClassLoader - Error while loading class: java.lang.ClassNotFoundException: Class 'libcore/io/Memory.class' should be in target project, but could not be found!
2024-11-12 13:42:08,371 INFO  EvoClassLoader - Seeing class for first time: org.robolectric.Robolectric
2024-11-12 13:42:08,371 INFO  EvoClassLoader - Instrumenting class 'org.robolectric.Robolectric'.
2024-11-12 13:42:08,371 INFO  EvoClassLoader - Error while loading class: java.lang.ClassNotFoundException: Class 'org/robolectric/Robolectric.class' should be in target project, but could not be found!
2024-11-12 13:42:08,385 INFO  log - Logging initialized @25844ms to org.eclipse.jetty.util.log.Slf4jLog
]]></system-out>
  </testcase>
  <testcase name="test01" classname="org.apache.hadoop.hdfs.tools.offlineImageViewer.FSImageLoader_ESTest" time="0.029">
    <system-out><![CDATA[2024-11-12 13:42:08,407 INFO  FSDirectory - GLOBAL serial map: bits=29 maxEntries=536870911
2024-11-12 13:42:08,407 INFO  FSDirectory - USER serial map: bits=24 maxEntries=16777215
2024-11-12 13:42:08,407 INFO  FSDirectory - GROUP serial map: bits=24 maxEntries=16777215
2024-11-12 13:42:08,407 INFO  FSDirectory - XATTR serial map: bits=24 maxEntries=16777215
2024-11-12 13:42:08,407 INFO  EvoClassLoader - Seeing class for first time: libcore.io.Memory
2024-11-12 13:42:08,407 INFO  EvoClassLoader - Instrumenting class 'libcore.io.Memory'.
2024-11-12 13:42:08,407 INFO  EvoClassLoader - Error while loading class: java.lang.ClassNotFoundException: Class 'libcore/io/Memory.class' should be in target project, but could not be found!
2024-11-12 13:42:08,407 INFO  EvoClassLoader - Seeing class for first time: org.robolectric.Robolectric
2024-11-12 13:42:08,407 INFO  EvoClassLoader - Instrumenting class 'org.robolectric.Robolectric'.
2024-11-12 13:42:08,407 INFO  EvoClassLoader - Error while loading class: java.lang.ClassNotFoundException: Class 'org/robolectric/Robolectric.class' should be in target project, but could not be found!
2024-11-12 13:42:08,414 INFO  log - Logging initialized @25872ms to org.eclipse.jetty.util.log.Slf4jLog
]]></system-out>
  </testcase>
  <testcase name="test12" classname="org.apache.hadoop.hdfs.tools.offlineImageViewer.FSImageLoader_ESTest" time="0.016">
    <system-out><![CDATA[2024-11-12 13:42:08,429 INFO  FSImageHandler - Loading 0 strings
2024-11-12 13:42:08,429 INFO  ThreadStopper - Found new thread
2024-11-12 13:42:08,431 INFO  FSDirectory - GLOBAL serial map: bits=29 maxEntries=536870911
2024-11-12 13:42:08,431 INFO  FSDirectory - USER serial map: bits=24 maxEntries=16777215
2024-11-12 13:42:08,431 INFO  FSDirectory - GROUP serial map: bits=24 maxEntries=16777215
2024-11-12 13:42:08,431 INFO  FSDirectory - XATTR serial map: bits=24 maxEntries=16777215
2024-11-12 13:42:08,431 INFO  EvoClassLoader - Seeing class for first time: libcore.io.Memory
2024-11-12 13:42:08,431 INFO  EvoClassLoader - Instrumenting class 'libcore.io.Memory'.
2024-11-12 13:42:08,432 INFO  EvoClassLoader - Error while loading class: java.lang.ClassNotFoundException: Class 'libcore/io/Memory.class' should be in target project, but could not be found!
2024-11-12 13:42:08,432 INFO  EvoClassLoader - Seeing class for first time: org.robolectric.Robolectric
2024-11-12 13:42:08,432 INFO  EvoClassLoader - Instrumenting class 'org.robolectric.Robolectric'.
2024-11-12 13:42:08,432 INFO  EvoClassLoader - Error while loading class: java.lang.ClassNotFoundException: Class 'org/robolectric/Robolectric.class' should be in target project, but could not be found!
2024-11-12 13:42:08,439 INFO  log - Logging initialized @25898ms to org.eclipse.jetty.util.log.Slf4jLog
]]></system-out>
  </testcase>
  <testcase name="test06" classname="org.apache.hadoop.hdfs.tools.offlineImageViewer.FSImageLoader_ESTest" time="0.016">
    <system-out><![CDATA[2024-11-12 13:42:08,445 INFO  FSImageHandler - Loading inode references
2024-11-12 13:42:08,446 INFO  FSDirectory - GLOBAL serial map: bits=29 maxEntries=536870911
2024-11-12 13:42:08,446 INFO  FSDirectory - USER serial map: bits=24 maxEntries=16777215
2024-11-12 13:42:08,446 INFO  FSDirectory - GROUP serial map: bits=24 maxEntries=16777215
2024-11-12 13:42:08,446 INFO  FSDirectory - XATTR serial map: bits=24 maxEntries=16777215
2024-11-12 13:42:08,446 INFO  EvoClassLoader - Seeing class for first time: libcore.io.Memory
2024-11-12 13:42:08,446 INFO  EvoClassLoader - Instrumenting class 'libcore.io.Memory'.
2024-11-12 13:42:08,447 INFO  EvoClassLoader - Error while loading class: java.lang.ClassNotFoundException: Class 'libcore/io/Memory.class' should be in target project, but could not be found!
2024-11-12 13:42:08,447 INFO  EvoClassLoader - Seeing class for first time: org.robolectric.Robolectric
2024-11-12 13:42:08,447 INFO  EvoClassLoader - Instrumenting class 'org.robolectric.Robolectric'.
2024-11-12 13:42:08,447 INFO  EvoClassLoader - Error while loading class: java.lang.ClassNotFoundException: Class 'org/robolectric/Robolectric.class' should be in target project, but could not be found!
2024-11-12 13:42:08,452 INFO  log - Logging initialized @25911ms to org.eclipse.jetty.util.log.Slf4jLog
]]></system-out>
  </testcase>
  <testcase name="test07" classname="org.apache.hadoop.hdfs.tools.offlineImageViewer.FSImageLoader_ESTest" time="0.012">
    <system-out><![CDATA[2024-11-12 13:42:08,460 INFO  FSImageHandler - Loading inode references
2024-11-12 13:42:08,461 INFO  FSDirectory - GLOBAL serial map: bits=29 maxEntries=536870911
2024-11-12 13:42:08,461 INFO  FSDirectory - USER serial map: bits=24 maxEntries=16777215
2024-11-12 13:42:08,461 INFO  FSDirectory - GROUP serial map: bits=24 maxEntries=16777215
2024-11-12 13:42:08,461 INFO  FSDirectory - XATTR serial map: bits=24 maxEntries=16777215
2024-11-12 13:42:08,461 INFO  EvoClassLoader - Seeing class for first time: libcore.io.Memory
2024-11-12 13:42:08,461 INFO  EvoClassLoader - Instrumenting class 'libcore.io.Memory'.
2024-11-12 13:42:08,461 INFO  EvoClassLoader - Error while loading class: java.lang.ClassNotFoundException: Class 'libcore/io/Memory.class' should be in target project, but could not be found!
2024-11-12 13:42:08,461 INFO  EvoClassLoader - Seeing class for first time: org.robolectric.Robolectric
2024-11-12 13:42:08,461 INFO  EvoClassLoader - Instrumenting class 'org.robolectric.Robolectric'.
2024-11-12 13:42:08,461 INFO  EvoClassLoader - Error while loading class: java.lang.ClassNotFoundException: Class 'org/robolectric/Robolectric.class' should be in target project, but could not be found!
2024-11-12 13:42:08,466 INFO  log - Logging initialized @25925ms to org.eclipse.jetty.util.log.Slf4jLog
]]></system-out>
  </testcase>
  <testcase name="test08" classname="org.apache.hadoop.hdfs.tools.offlineImageViewer.FSImageLoader_ESTest" time="0.022">
    <system-out><![CDATA[2024-11-12 13:42:08,477 INFO  FSDirectory - GLOBAL serial map: bits=29 maxEntries=536870911
2024-11-12 13:42:08,477 INFO  FSDirectory - USER serial map: bits=24 maxEntries=16777215
2024-11-12 13:42:08,477 INFO  FSDirectory - GROUP serial map: bits=24 maxEntries=16777215
2024-11-12 13:42:08,477 INFO  FSDirectory - XATTR serial map: bits=24 maxEntries=16777215
2024-11-12 13:42:08,477 INFO  EvoClassLoader - Seeing class for first time: libcore.io.Memory
2024-11-12 13:42:08,477 INFO  EvoClassLoader - Instrumenting class 'libcore.io.Memory'.
2024-11-12 13:42:08,477 INFO  EvoClassLoader - Error while loading class: java.lang.ClassNotFoundException: Class 'libcore/io/Memory.class' should be in target project, but could not be found!
2024-11-12 13:42:08,477 INFO  EvoClassLoader - Seeing class for first time: org.robolectric.Robolectric
2024-11-12 13:42:08,477 INFO  EvoClassLoader - Instrumenting class 'org.robolectric.Robolectric'.
2024-11-12 13:42:08,478 INFO  EvoClassLoader - Error while loading class: java.lang.ClassNotFoundException: Class 'org/robolectric/Robolectric.class' should be in target project, but could not be found!
2024-11-12 13:42:08,482 INFO  log - Logging initialized @25941ms to org.eclipse.jetty.util.log.Slf4jLog
]]></system-out>
  </testcase>
  <testcase name="test09" classname="org.apache.hadoop.hdfs.tools.offlineImageViewer.FSImageLoader_ESTest" time="0.021">
    <system-out><![CDATA[2024-11-12 13:42:08,496 INFO  FSDirectory - GLOBAL serial map: bits=29 maxEntries=536870911
2024-11-12 13:42:08,496 INFO  FSDirectory - USER serial map: bits=24 maxEntries=16777215
2024-11-12 13:42:08,496 INFO  FSDirectory - GROUP serial map: bits=24 maxEntries=16777215
2024-11-12 13:42:08,496 INFO  FSDirectory - XATTR serial map: bits=24 maxEntries=16777215
2024-11-12 13:42:08,497 INFO  EvoClassLoader - Seeing class for first time: libcore.io.Memory
2024-11-12 13:42:08,497 INFO  EvoClassLoader - Instrumenting class 'libcore.io.Memory'.
2024-11-12 13:42:08,497 INFO  EvoClassLoader - Error while loading class: java.lang.ClassNotFoundException: Class 'libcore/io/Memory.class' should be in target project, but could not be found!
2024-11-12 13:42:08,497 INFO  EvoClassLoader - Seeing class for first time: org.robolectric.Robolectric
2024-11-12 13:42:08,497 INFO  EvoClassLoader - Instrumenting class 'org.robolectric.Robolectric'.
2024-11-12 13:42:08,498 INFO  EvoClassLoader - Error while loading class: java.lang.ClassNotFoundException: Class 'org/robolectric/Robolectric.class' should be in target project, but could not be found!
2024-11-12 13:42:08,504 INFO  log - Logging initialized @25963ms to org.eclipse.jetty.util.log.Slf4jLog
]]></system-out>
  </testcase>
</testsuite>