<?xml version="1.0" encoding="UTF-8"?>
<testsuite xmlns:xsi="http://www.w3.org/2001/XMLSchema-instance" xsi:noNamespaceSchemaLocation="https://maven.apache.org/surefire/maven-surefire-plugin/xsd/surefire-test-report-3.0.xsd" version="3.0" name="org.apache.hadoop.hdfs.tools.DFSAdmin_ESTest" time="4.672" tests="107" errors="0" skipped="0" failures="0">
  <properties>
    <property name="awt.toolkit" value="sun.awt.X11.XToolkit"/>
    <property name="file.encoding.pkg" value="sun.io"/>
    <property name="java.specification.version" value="1.8"/>
    <property name="sun.cpu.isalist" value=""/>
    <property name="sun.jnu.encoding" value="UTF-8"/>
    <property name="java.class.path" value="/home/wtwhite/code/regression-test-generation-NON-SOURCE-EQUIV/find-diff-classes/compile/gaoss/org/apache/hadoop/hadoop-hdfs/3.3.6/target/test-classes:/home/wtwhite/code/regression-test-generation-NON-SOURCE-EQUIV/find-diff-classes/compile/gaoss/org/apache/hadoop/hadoop-hdfs/3.3.6/target/classes:/home/wtwhite/code/craw-redhat-oss/wget/crawl/google-aoss/org/apache/hadoop/hadoop-hdfs/3.3.6/hadoop-hdfs-3.3.6.jar:/home/wtwhite/code/regression-test-generation-NON-SOURCE-EQUIV/find-diff-classes/compile/gaoss/org/apache/hadoop/hadoop-hdfs/3.3.6/t/dependency/AppleJavaExtensions-1.4.jar:/home/wtwhite/code/regression-test-generation-NON-SOURCE-EQUIV/find-diff-classes/compile/gaoss/org/apache/hadoop/hadoop-hdfs/3.3.6/t/dependency/animal-sniffer-annotations-1.17.jar:/home/wtwhite/code/regression-test-generation-NON-SOURCE-EQUIV/find-diff-classes/compile/gaoss/org/apache/hadoop/hadoop-hdfs/3.3.6/t/dependency/apiguardian-api-1.1.2.jar:/home/wtwhite/code/regression-test-generation-NON-SOURCE-EQUIV/find-diff-classes/compile/gaoss/org/apache/hadoop/hadoop-hdfs/3.3.6/t/dependency/asm-5.0.4.jar:/home/wtwhite/code/regression-test-generation-NON-SOURCE-EQUIV/find-diff-classes/compile/gaoss/org/apache/hadoop/hadoop-hdfs/3.3.6/t/dependency/asm-commons-5.0.2.jar:/home/wtwhite/code/regression-test-generation-NON-SOURCE-EQUIV/find-diff-classes/compile/gaoss/org/apache/hadoop/hadoop-hdfs/3.3.6/t/dependency/asm-debug-all-5.0.2.jar:/home/wtwhite/code/regression-test-generation-NON-SOURCE-EQUIV/find-diff-classes/compile/gaoss/org/apache/hadoop/hadoop-hdfs/3.3.6/t/dependency/asm-tree-5.0.2.jar:/home/wtwhite/code/regression-test-generation-NON-SOURCE-EQUIV/find-diff-classes/compile/gaoss/org/apache/hadoop/hadoop-hdfs/3.3.6/t/dependency/assertj-core-3.12.2.jar:/home/wtwhite/code/regression-test-generation-NON-SOURCE-EQUIV/find-diff-classes/compile/gaoss/org/apache/hadoop/hadoop-hdfs/3.3.6/t/dependency/audience-annotations-0.5.0.jar:/home/wtwhite/code/regression-test-generation-NON-SOURCE-EQUIV/find-diff-classes/compile/gaoss/org/apache/hadoop/hadoop-hdfs/3.3.6/t/dependency/avro-1.7.7.jar:/home/wtwhite/code/regression-test-generation-NON-SOURCE-EQUIV/find-diff-classes/compile/gaoss/org/apache/hadoop/hadoop-hdfs/3.3.6/t/dependency/bcel-findbugs-6.0.jar:/home/wtwhite/code/regression-test-generation-NON-SOURCE-EQUIV/find-diff-classes/compile/gaoss/org/apache/hadoop/hadoop-hdfs/3.3.6/t/dependency/bcprov-jdk15on-1.68.jar:/home/wtwhite/code/regression-test-generation-NON-SOURCE-EQUIV/find-diff-classes/compile/gaoss/org/apache/hadoop/hadoop-hdfs/3.3.6/t/dependency/byte-buddy-1.9.10.jar:/home/wtwhite/code/regression-test-generation-NON-SOURCE-EQUIV/find-diff-classes/compile/gaoss/org/apache/hadoop/hadoop-hdfs/3.3.6/t/dependency/byte-buddy-agent-1.9.10.jar:/home/wtwhite/code/regression-test-generation-NON-SOURCE-EQUIV/find-diff-classes/compile/gaoss/org/apache/hadoop/hadoop-hdfs/3.3.6/t/dependency/checker-qual-2.5.2.jar:/home/wtwhite/code/regression-test-generation-NON-SOURCE-EQUIV/find-diff-classes/compile/gaoss/org/apache/hadoop/hadoop-hdfs/3.3.6/t/dependency/commons-beanutils-1.9.4.jar:/home/wtwhite/code/regression-test-generation-NON-SOURCE-EQUIV/find-diff-classes/compile/gaoss/org/apache/hadoop/hadoop-hdfs/3.3.6/t/dependency/commons-cli-1.2.jar:/home/wtwhite/code/regression-test-generation-NON-SOURCE-EQUIV/find-diff-classes/compile/gaoss/org/apache/hadoop/hadoop-hdfs/3.3.6/t/dependency/commons-codec-1.15.jar:/home/wtwhite/code/regression-test-generation-NON-SOURCE-EQUIV/find-diff-classes/compile/gaoss/org/apache/hadoop/hadoop-hdfs/3.3.6/t/dependency/commons-collections-3.2.2.jar:/home/wtwhite/code/regression-test-generation-NON-SOURCE-EQUIV/find-diff-classes/compile/gaoss/org/apache/hadoop/hadoop-hdfs/3.3.6/t/dependency/commons-compress-1.21.jar:/home/wtwhite/code/regression-test-generation-NON-SOURCE-EQUIV/find-diff-classes/compile/gaoss/org/apache/hadoop/hadoop-hdfs/3.3.6/t/dependency/commons-configuration2-2.8.0.jar:/home/wtwhite/code/regression-test-generation-NON-SOURCE-EQUIV/find-diff-classes/compile/gaoss/org/apache/hadoop/hadoop-hdfs/3.3.6/t/dependency/commons-daemon-1.0.13.jar:/home/wtwhite/code/regression-test-generation-NON-SOURCE-EQUIV/find-diff-classes/compile/gaoss/org/apache/hadoop/hadoop-hdfs/3.3.6/t/dependency/commons-io-2.8.0.jar:/home/wtwhite/code/regression-test-generation-NON-SOURCE-EQUIV/find-diff-classes/compile/gaoss/org/apache/hadoop/hadoop-hdfs/3.3.6/t/dependency/commons-lang-2.6.jar:/home/wtwhite/code/regression-test-generation-NON-SOURCE-EQUIV/find-diff-classes/compile/gaoss/org/apache/hadoop/hadoop-hdfs/3.3.6/t/dependency/commons-lang3-3.12.0.jar:/home/wtwhite/code/regression-test-generation-NON-SOURCE-EQUIV/find-diff-classes/compile/gaoss/org/apache/hadoop/hadoop-hdfs/3.3.6/t/dependency/commons-logging-1.1.3.jar:/home/wtwhite/code/regression-test-generation-NON-SOURCE-EQUIV/find-diff-classes/compile/gaoss/org/apache/hadoop/hadoop-hdfs/3.3.6/t/dependency/commons-math3-3.1.1.jar:/home/wtwhite/code/regression-test-generation-NON-SOURCE-EQUIV/find-diff-classes/compile/gaoss/org/apache/hadoop/hadoop-hdfs/3.3.6/t/dependency/commons-net-3.9.0.jar:/home/wtwhite/code/regression-test-generation-NON-SOURCE-EQUIV/find-diff-classes/compile/gaoss/org/apache/hadoop/hadoop-hdfs/3.3.6/t/dependency/commons-text-1.10.0.jar:/home/wtwhite/code/regression-test-generation-NON-SOURCE-EQUIV/find-diff-classes/compile/gaoss/org/apache/hadoop/hadoop-hdfs/3.3.6/t/dependency/curator-client-5.2.0.jar:/home/wtwhite/code/regression-test-generation-NON-SOURCE-EQUIV/find-diff-classes/compile/gaoss/org/apache/hadoop/hadoop-hdfs/3.3.6/t/dependency/curator-framework-5.2.0.jar:/home/wtwhite/code/regression-test-generation-NON-SOURCE-EQUIV/find-diff-classes/compile/gaoss/org/apache/hadoop/hadoop-hdfs/3.3.6/t/dependency/curator-recipes-5.2.0.jar:/home/wtwhite/code/regression-test-generation-NON-SOURCE-EQUIV/find-diff-classes/compile/gaoss/org/apache/hadoop/hadoop-hdfs/3.3.6/t/dependency/curator-test-5.2.0.jar:/home/wtwhite/code/regression-test-generation-NON-SOURCE-EQUIV/find-diff-classes/compile/gaoss/org/apache/hadoop/hadoop-hdfs/3.3.6/t/dependency/dnsjava-2.1.7.jar:/home/wtwhite/code/regression-test-generation-NON-SOURCE-EQUIV/find-diff-classes/compile/gaoss/org/apache/hadoop/hadoop-hdfs/3.3.6/t/dependency/dom4j-1.6.1.jar:/home/wtwhite/code/regression-test-generation-NON-SOURCE-EQUIV/find-diff-classes/compile/gaoss/org/apache/hadoop/hadoop-hdfs/3.3.6/t/dependency/failureaccess-1.0.jar:/home/wtwhite/code/regression-test-generation-NON-SOURCE-EQUIV/find-diff-classes/compile/gaoss/org/apache/hadoop/hadoop-hdfs/3.3.6/t/dependency/findbugs-3.0.1.jar:/home/wtwhite/code/regression-test-generation-NON-SOURCE-EQUIV/find-diff-classes/compile/gaoss/org/apache/hadoop/hadoop-hdfs/3.3.6/t/dependency/gson-2.9.0.jar:/home/wtwhite/code/regression-test-generation-NON-SOURCE-EQUIV/find-diff-classes/compile/gaoss/org/apache/hadoop/hadoop-hdfs/3.3.6/t/dependency/guava-27.0-jre.jar:/home/wtwhite/code/regression-test-generation-NON-SOURCE-EQUIV/find-diff-classes/compile/gaoss/org/apache/hadoop/hadoop-hdfs/3.3.6/t/dependency/hadoop-annotations-3.3.6.jar:/home/wtwhite/code/regression-test-generation-NON-SOURCE-EQUIV/find-diff-classes/compile/gaoss/org/apache/hadoop/hadoop-hdfs/3.3.6/t/dependency/hadoop-auth-3.3.6.jar:/home/wtwhite/code/regression-test-generation-NON-SOURCE-EQUIV/find-diff-classes/compile/gaoss/org/apache/hadoop/hadoop-hdfs/3.3.6/t/dependency/hadoop-common-3.3.6-tests.jar:/home/wtwhite/code/regression-test-generation-NON-SOURCE-EQUIV/find-diff-classes/compile/gaoss/org/apache/hadoop/hadoop-hdfs/3.3.6/t/dependency/hadoop-common-3.3.6.jar:/home/wtwhite/code/regression-test-generation-NON-SOURCE-EQUIV/find-diff-classes/compile/gaoss/org/apache/hadoop/hadoop-hdfs/3.3.6/t/dependency/hadoop-hdfs-client-3.3.6.jar:/home/wtwhite/code/regression-test-generation-NON-SOURCE-EQUIV/find-diff-classes/compile/gaoss/org/apache/hadoop/hadoop-hdfs/3.3.6/t/dependency/hadoop-kms-3.3.6-tests.jar:/home/wtwhite/code/regression-test-generation-NON-SOURCE-EQUIV/find-diff-classes/compile/gaoss/org/apache/hadoop/hadoop-hdfs/3.3.6/t/dependency/hadoop-kms-3.3.6.jar:/home/wtwhite/code/regression-test-generation-NON-SOURCE-EQUIV/find-diff-classes/compile/gaoss/org/apache/hadoop/hadoop-hdfs/3.3.6/t/dependency/hadoop-minikdc-3.3.6.jar:/home/wtwhite/code/regression-test-generation-NON-SOURCE-EQUIV/find-diff-classes/compile/gaoss/org/apache/hadoop/hadoop-hdfs/3.3.6/t/dependency/hadoop-shaded-guava-1.1.1.jar:/home/wtwhite/code/regression-test-generation-NON-SOURCE-EQUIV/find-diff-classes/compile/gaoss/org/apache/hadoop/hadoop-hdfs/3.3.6/t/dependency/hadoop-shaded-protobuf_3_7-1.1.1.jar:/home/wtwhite/code/regression-test-generation-NON-SOURCE-EQUIV/find-diff-classes/compile/gaoss/org/apache/hadoop/hadoop-hdfs/3.3.6/t/dependency/hamcrest-core-1.3.jar:/home/wtwhite/code/regression-test-generation-NON-SOURCE-EQUIV/find-diff-classes/compile/gaoss/org/apache/hadoop/hadoop-hdfs/3.3.6/t/dependency/httpclient-4.5.13.jar:/home/wtwhite/code/regression-test-generation-NON-SOURCE-EQUIV/find-diff-classes/compile/gaoss/org/apache/hadoop/hadoop-hdfs/3.3.6/t/dependency/httpcore-4.4.13.jar:/home/wtwhite/code/regression-test-generation-NON-SOURCE-EQUIV/find-diff-classes/compile/gaoss/org/apache/hadoop/hadoop-hdfs/3.3.6/t/dependency/j2objc-annotations-1.1.jar:/home/wtwhite/code/regression-test-generation-NON-SOURCE-EQUIV/find-diff-classes/compile/gaoss/org/apache/hadoop/hadoop-hdfs/3.3.6/t/dependency/jFormatString-2.0.1.jar:/home/wtwhite/code/regression-test-generation-NON-SOURCE-EQUIV/find-diff-classes/compile/gaoss/org/apache/hadoop/hadoop-hdfs/3.3.6/t/dependency/jackson-annotations-2.12.7.jar:/home/wtwhite/code/regression-test-generation-NON-SOURCE-EQUIV/find-diff-classes/compile/gaoss/org/apache/hadoop/hadoop-hdfs/3.3.6/t/dependency/jackson-core-2.12.7.jar:/home/wtwhite/code/regression-test-generation-NON-SOURCE-EQUIV/find-diff-classes/compile/gaoss/org/apache/hadoop/hadoop-hdfs/3.3.6/t/dependency/jackson-core-asl-1.9.13.jar:/home/wtwhite/code/regression-test-generation-NON-SOURCE-EQUIV/find-diff-classes/compile/gaoss/org/apache/hadoop/hadoop-hdfs/3.3.6/t/dependency/jackson-databind-2.12.7.1.jar:/home/wtwhite/code/regression-test-generation-NON-SOURCE-EQUIV/find-diff-classes/compile/gaoss/org/apache/hadoop/hadoop-hdfs/3.3.6/t/dependency/jackson-mapper-asl-1.9.13.jar:/home/wtwhite/code/regression-test-generation-NON-SOURCE-EQUIV/find-diff-classes/compile/gaoss/org/apache/hadoop/hadoop-hdfs/3.3.6/t/dependency/jakarta.activation-api-1.2.1.jar:/home/wtwhite/code/regression-test-generation-NON-SOURCE-EQUIV/find-diff-classes/compile/gaoss/org/apache/hadoop/hadoop-hdfs/3.3.6/t/dependency/javax.servlet-api-3.1.0.jar:/home/wtwhite/code/regression-test-generation-NON-SOURCE-EQUIV/find-diff-classes/compile/gaoss/org/apache/hadoop/hadoop-hdfs/3.3.6/t/dependency/jaxb-api-2.2.11.jar:/home/wtwhite/code/regression-test-generation-NON-SOURCE-EQUIV/find-diff-classes/compile/gaoss/org/apache/hadoop/hadoop-hdfs/3.3.6/t/dependency/jaxb-impl-2.2.3-1.jar:/home/wtwhite/code/regression-test-generation-NON-SOURCE-EQUIV/find-diff-classes/compile/gaoss/org/apache/hadoop/hadoop-hdfs/3.3.6/t/dependency/jaxen-1.1.6.jar:/home/wtwhite/code/regression-test-generation-NON-SOURCE-EQUIV/find-diff-classes/compile/gaoss/org/apache/hadoop/hadoop-hdfs/3.3.6/t/dependency/jcip-annotations-1.0-1.jar:/home/wtwhite/code/regression-test-generation-NON-SOURCE-EQUIV/find-diff-classes/compile/gaoss/org/apache/hadoop/hadoop-hdfs/3.3.6/t/dependency/jcip-annotations-1.0.jar:/home/wtwhite/code/regression-test-generation-NON-SOURCE-EQUIV/find-diff-classes/compile/gaoss/org/apache/hadoop/hadoop-hdfs/3.3.6/t/dependency/jdk.tools-1.8.jar:/home/wtwhite/code/regression-test-generation-NON-SOURCE-EQUIV/find-diff-classes/compile/gaoss/org/apache/hadoop/hadoop-hdfs/3.3.6/t/dependency/jersey-core-1.19.4.jar:/home/wtwhite/code/regression-test-generation-NON-SOURCE-EQUIV/find-diff-classes/compile/gaoss/org/apache/hadoop/hadoop-hdfs/3.3.6/t/dependency/jersey-json-1.20.jar:/home/wtwhite/code/regression-test-generation-NON-SOURCE-EQUIV/find-diff-classes/compile/gaoss/org/apache/hadoop/hadoop-hdfs/3.3.6/t/dependency/jersey-server-1.19.4.jar:/home/wtwhite/code/regression-test-generation-NON-SOURCE-EQUIV/find-diff-classes/compile/gaoss/org/apache/hadoop/hadoop-hdfs/3.3.6/t/dependency/jersey-servlet-1.19.4.jar:/home/wtwhite/code/regression-test-generation-NON-SOURCE-EQUIV/find-diff-classes/compile/gaoss/org/apache/hadoop/hadoop-hdfs/3.3.6/t/dependency/jettison-1.5.4.jar:/home/wtwhite/code/regression-test-generation-NON-SOURCE-EQUIV/find-diff-classes/compile/gaoss/org/apache/hadoop/hadoop-hdfs/3.3.6/t/dependency/jetty-http-9.4.51.v20230217.jar:/home/wtwhite/code/regression-test-generation-NON-SOURCE-EQUIV/find-diff-classes/compile/gaoss/org/apache/hadoop/hadoop-hdfs/3.3.6/t/dependency/jetty-io-9.4.51.v20230217.jar:/home/wtwhite/code/regression-test-generation-NON-SOURCE-EQUIV/find-diff-classes/compile/gaoss/org/apache/hadoop/hadoop-hdfs/3.3.6/t/dependency/jetty-security-9.4.51.v20230217.jar:/home/wtwhite/code/regression-test-generation-NON-SOURCE-EQUIV/find-diff-classes/compile/gaoss/org/apache/hadoop/hadoop-hdfs/3.3.6/t/dependency/jetty-server-9.4.51.v20230217.jar:/home/wtwhite/code/regression-test-generation-NON-SOURCE-EQUIV/find-diff-classes/compile/gaoss/org/apache/hadoop/hadoop-hdfs/3.3.6/t/dependency/jetty-servlet-9.4.51.v20230217.jar:/home/wtwhite/code/regression-test-generation-NON-SOURCE-EQUIV/find-diff-classes/compile/gaoss/org/apache/hadoop/hadoop-hdfs/3.3.6/t/dependency/jetty-util-9.4.51.v20230217.jar:/home/wtwhite/code/regression-test-generation-NON-SOURCE-EQUIV/find-diff-classes/compile/gaoss/org/apache/hadoop/hadoop-hdfs/3.3.6/t/dependency/jetty-util-ajax-9.4.51.v20230217.jar:/home/wtwhite/code/regression-test-generation-NON-SOURCE-EQUIV/find-diff-classes/compile/gaoss/org/apache/hadoop/hadoop-hdfs/3.3.6/t/dependency/jetty-webapp-9.4.51.v20230217.jar:/home/wtwhite/code/regression-test-generation-NON-SOURCE-EQUIV/find-diff-classes/compile/gaoss/org/apache/hadoop/hadoop-hdfs/3.3.6/t/dependency/jetty-xml-9.4.51.v20230217.jar:/home/wtwhite/code/regression-test-generation-NON-SOURCE-EQUIV/find-diff-classes/compile/gaoss/org/apache/hadoop/hadoop-hdfs/3.3.6/t/dependency/jsch-0.1.55.jar:/home/wtwhite/code/regression-test-generation-NON-SOURCE-EQUIV/find-diff-classes/compile/gaoss/org/apache/hadoop/hadoop-hdfs/3.3.6/t/dependency/jsp-api-2.1.jar:/home/wtwhite/code/regression-test-generation-NON-SOURCE-EQUIV/find-diff-classes/compile/gaoss/org/apache/hadoop/hadoop-hdfs/3.3.6/t/dependency/jsr305-3.0.2.jar:/home/wtwhite/code/regression-test-generation-NON-SOURCE-EQUIV/find-diff-classes/compile/gaoss/org/apache/hadoop/hadoop-hdfs/3.3.6/t/dependency/jsr311-api-1.1.1.jar:/home/wtwhite/code/regression-test-generation-NON-SOURCE-EQUIV/find-diff-classes/compile/gaoss/org/apache/hadoop/hadoop-hdfs/3.3.6/t/dependency/jul-to-slf4j-1.7.36.jar:/home/wtwhite/code/regression-test-generation-NON-SOURCE-EQUIV/find-diff-classes/compile/gaoss/org/apache/hadoop/hadoop-hdfs/3.3.6/t/dependency/junit-4.13.2.jar:/home/wtwhite/code/regression-test-generation-NON-SOURCE-EQUIV/find-diff-classes/compile/gaoss/org/apache/hadoop/hadoop-hdfs/3.3.6/t/dependency/junit-jupiter-api-5.8.2.jar:/home/wtwhite/code/regression-test-generation-NON-SOURCE-EQUIV/find-diff-classes/compile/gaoss/org/apache/hadoop/hadoop-hdfs/3.3.6/t/dependency/junit-platform-commons-1.8.2.jar:/home/wtwhite/code/regression-test-generation-NON-SOURCE-EQUIV/find-diff-classes/compile/gaoss/org/apache/hadoop/hadoop-hdfs/3.3.6/t/dependency/kerb-admin-1.0.1.jar:/home/wtwhite/code/regression-test-generation-NON-SOURCE-EQUIV/find-diff-classes/compile/gaoss/org/apache/hadoop/hadoop-hdfs/3.3.6/t/dependency/kerb-client-1.0.1.jar:/home/wtwhite/code/regression-test-generation-NON-SOURCE-EQUIV/find-diff-classes/compile/gaoss/org/apache/hadoop/hadoop-hdfs/3.3.6/t/dependency/kerb-common-1.0.1.jar:/home/wtwhite/code/regression-test-generation-NON-SOURCE-EQUIV/find-diff-classes/compile/gaoss/org/apache/hadoop/hadoop-hdfs/3.3.6/t/dependency/kerb-core-1.0.1.jar:/home/wtwhite/code/regression-test-generation-NON-SOURCE-EQUIV/find-diff-classes/compile/gaoss/org/apache/hadoop/hadoop-hdfs/3.3.6/t/dependency/kerb-crypto-1.0.1.jar:/home/wtwhite/code/regression-test-generation-NON-SOURCE-EQUIV/find-diff-classes/compile/gaoss/org/apache/hadoop/hadoop-hdfs/3.3.6/t/dependency/kerb-identity-1.0.1.jar:/home/wtwhite/code/regression-test-generation-NON-SOURCE-EQUIV/find-diff-classes/compile/gaoss/org/apache/hadoop/hadoop-hdfs/3.3.6/t/dependency/kerb-server-1.0.1.jar:/home/wtwhite/code/regression-test-generation-NON-SOURCE-EQUIV/find-diff-classes/compile/gaoss/org/apache/hadoop/hadoop-hdfs/3.3.6/t/dependency/kerb-simplekdc-1.0.1.jar:/home/wtwhite/code/regression-test-generation-NON-SOURCE-EQUIV/find-diff-classes/compile/gaoss/org/apache/hadoop/hadoop-hdfs/3.3.6/t/dependency/kerb-util-1.0.1.jar:/home/wtwhite/code/regression-test-generation-NON-SOURCE-EQUIV/find-diff-classes/compile/gaoss/org/apache/hadoop/hadoop-hdfs/3.3.6/t/dependency/kerby-asn1-1.0.1.jar:/home/wtwhite/code/regression-test-generation-NON-SOURCE-EQUIV/find-diff-classes/compile/gaoss/org/apache/hadoop/hadoop-hdfs/3.3.6/t/dependency/kerby-config-1.0.1.jar:/home/wtwhite/code/regression-test-generation-NON-SOURCE-EQUIV/find-diff-classes/compile/gaoss/org/apache/hadoop/hadoop-hdfs/3.3.6/t/dependency/kerby-pkix-1.0.1.jar:/home/wtwhite/code/regression-test-generation-NON-SOURCE-EQUIV/find-diff-classes/compile/gaoss/org/apache/hadoop/hadoop-hdfs/3.3.6/t/dependency/kerby-util-1.0.1.jar:/home/wtwhite/code/regression-test-generation-NON-SOURCE-EQUIV/find-diff-classes/compile/gaoss/org/apache/hadoop/hadoop-hdfs/3.3.6/t/dependency/kerby-xdr-1.0.1.jar:/home/wtwhite/code/regression-test-generation-NON-SOURCE-EQUIV/find-diff-classes/compile/gaoss/org/apache/hadoop/hadoop-hdfs/3.3.6/t/dependency/kotlin-stdlib-1.4.10.jar:/home/wtwhite/code/regression-test-generation-NON-SOURCE-EQUIV/find-diff-classes/compile/gaoss/org/apache/hadoop/hadoop-hdfs/3.3.6/t/dependency/kotlin-stdlib-common-1.4.10.jar:/home/wtwhite/code/regression-test-generation-NON-SOURCE-EQUIV/find-diff-classes/compile/gaoss/org/apache/hadoop/hadoop-hdfs/3.3.6/t/dependency/leveldbjni-all-1.8.jar:/home/wtwhite/code/regression-test-generation-NON-SOURCE-EQUIV/find-diff-classes/compile/gaoss/org/apache/hadoop/hadoop-hdfs/3.3.6/t/dependency/listenablefuture-9999.0-empty-to-avoid-conflict-with-guava.jar:/home/wtwhite/code/regression-test-generation-NON-SOURCE-EQUIV/find-diff-classes/compile/gaoss/org/apache/hadoop/hadoop-hdfs/3.3.6/t/dependency/lz4-java-1.7.1.jar:/home/wtwhite/code/regression-test-generation-NON-SOURCE-EQUIV/find-diff-classes/compile/gaoss/org/apache/hadoop/hadoop-hdfs/3.3.6/t/dependency/metrics-core-3.2.4.jar:/home/wtwhite/code/regression-test-generation-NON-SOURCE-EQUIV/find-diff-classes/compile/gaoss/org/apache/hadoop/hadoop-hdfs/3.3.6/t/dependency/mockito-core-2.28.2.jar:/home/wtwhite/code/regression-test-generation-NON-SOURCE-EQUIV/find-diff-classes/compile/gaoss/org/apache/hadoop/hadoop-hdfs/3.3.6/t/dependency/netty-3.10.6.Final.jar:/home/wtwhite/code/regression-test-generation-NON-SOURCE-EQUIV/find-diff-classes/compile/gaoss/org/apache/hadoop/hadoop-hdfs/3.3.6/t/dependency/netty-all-4.1.89.Final.jar:/home/wtwhite/code/regression-test-generation-NON-SOURCE-EQUIV/find-diff-classes/compile/gaoss/org/apache/hadoop/hadoop-hdfs/3.3.6/t/dependency/netty-buffer-4.1.89.Final.jar:/home/wtwhite/code/regression-test-generation-NON-SOURCE-EQUIV/find-diff-classes/compile/gaoss/org/apache/hadoop/hadoop-hdfs/3.3.6/t/dependency/netty-codec-4.1.89.Final.jar:/home/wtwhite/code/regression-test-generation-NON-SOURCE-EQUIV/find-diff-classes/compile/gaoss/org/apache/hadoop/hadoop-hdfs/3.3.6/t/dependency/netty-codec-dns-4.1.89.Final.jar:/home/wtwhite/code/regression-test-generation-NON-SOURCE-EQUIV/find-diff-classes/compile/gaoss/org/apache/hadoop/hadoop-hdfs/3.3.6/t/dependency/netty-codec-haproxy-4.1.89.Final.jar:/home/wtwhite/code/regression-test-generation-NON-SOURCE-EQUIV/find-diff-classes/compile/gaoss/org/apache/hadoop/hadoop-hdfs/3.3.6/t/dependency/netty-codec-http-4.1.89.Final.jar:/home/wtwhite/code/regression-test-generation-NON-SOURCE-EQUIV/find-diff-classes/compile/gaoss/org/apache/hadoop/hadoop-hdfs/3.3.6/t/dependency/netty-codec-http2-4.1.89.Final.jar:/home/wtwhite/code/regression-test-generation-NON-SOURCE-EQUIV/find-diff-classes/compile/gaoss/org/apache/hadoop/hadoop-hdfs/3.3.6/t/dependency/netty-codec-memcache-4.1.89.Final.jar:/home/wtwhite/code/regression-test-generation-NON-SOURCE-EQUIV/find-diff-classes/compile/gaoss/org/apache/hadoop/hadoop-hdfs/3.3.6/t/dependency/netty-codec-mqtt-4.1.89.Final.jar:/home/wtwhite/code/regression-test-generation-NON-SOURCE-EQUIV/find-diff-classes/compile/gaoss/org/apache/hadoop/hadoop-hdfs/3.3.6/t/dependency/netty-codec-redis-4.1.89.Final.jar:/home/wtwhite/code/regression-test-generation-NON-SOURCE-EQUIV/find-diff-classes/compile/gaoss/org/apache/hadoop/hadoop-hdfs/3.3.6/t/dependency/netty-codec-smtp-4.1.89.Final.jar:/home/wtwhite/code/regression-test-generation-NON-SOURCE-EQUIV/find-diff-classes/compile/gaoss/org/apache/hadoop/hadoop-hdfs/3.3.6/t/dependency/netty-codec-socks-4.1.89.Final.jar:/home/wtwhite/code/regression-test-generation-NON-SOURCE-EQUIV/find-diff-classes/compile/gaoss/org/apache/hadoop/hadoop-hdfs/3.3.6/t/dependency/netty-codec-stomp-4.1.89.Final.jar:/home/wtwhite/code/regression-test-generation-NON-SOURCE-EQUIV/find-diff-classes/compile/gaoss/org/apache/hadoop/hadoop-hdfs/3.3.6/t/dependency/netty-codec-xml-4.1.89.Final.jar:/home/wtwhite/code/regression-test-generation-NON-SOURCE-EQUIV/find-diff-classes/compile/gaoss/org/apache/hadoop/hadoop-hdfs/3.3.6/t/dependency/netty-common-4.1.89.Final.jar:/home/wtwhite/code/regression-test-generation-NON-SOURCE-EQUIV/find-diff-classes/compile/gaoss/org/apache/hadoop/hadoop-hdfs/3.3.6/t/dependency/netty-handler-4.1.89.Final.jar:/home/wtwhite/code/regression-test-generation-NON-SOURCE-EQUIV/find-diff-classes/compile/gaoss/org/apache/hadoop/hadoop-hdfs/3.3.6/t/dependency/netty-handler-proxy-4.1.89.Final.jar:/home/wtwhite/code/regression-test-generation-NON-SOURCE-EQUIV/find-diff-classes/compile/gaoss/org/apache/hadoop/hadoop-hdfs/3.3.6/t/dependency/netty-handler-ssl-ocsp-4.1.89.Final.jar:/home/wtwhite/code/regression-test-generation-NON-SOURCE-EQUIV/find-diff-classes/compile/gaoss/org/apache/hadoop/hadoop-hdfs/3.3.6/t/dependency/netty-resolver-4.1.89.Final.jar:/home/wtwhite/code/regression-test-generation-NON-SOURCE-EQUIV/find-diff-classes/compile/gaoss/org/apache/hadoop/hadoop-hdfs/3.3.6/t/dependency/netty-resolver-dns-4.1.89.Final.jar:/home/wtwhite/code/regression-test-generation-NON-SOURCE-EQUIV/find-diff-classes/compile/gaoss/org/apache/hadoop/hadoop-hdfs/3.3.6/t/dependency/netty-resolver-dns-classes-macos-4.1.89.Final.jar:/home/wtwhite/code/regression-test-generation-NON-SOURCE-EQUIV/find-diff-classes/compile/gaoss/org/apache/hadoop/hadoop-hdfs/3.3.6/t/dependency/netty-resolver-dns-native-macos-4.1.89.Final-osx-aarch_64.jar:/home/wtwhite/code/regression-test-generation-NON-SOURCE-EQUIV/find-diff-classes/compile/gaoss/org/apache/hadoop/hadoop-hdfs/3.3.6/t/dependency/netty-resolver-dns-native-macos-4.1.89.Final-osx-x86_64.jar:/home/wtwhite/code/regression-test-generation-NON-SOURCE-EQUIV/find-diff-classes/compile/gaoss/org/apache/hadoop/hadoop-hdfs/3.3.6/t/dependency/netty-transport-4.1.89.Final.jar:/home/wtwhite/code/regression-test-generation-NON-SOURCE-EQUIV/find-diff-classes/compile/gaoss/org/apache/hadoop/hadoop-hdfs/3.3.6/t/dependency/netty-transport-classes-epoll-4.1.89.Final.jar:/home/wtwhite/code/regression-test-generation-NON-SOURCE-EQUIV/find-diff-classes/compile/gaoss/org/apache/hadoop/hadoop-hdfs/3.3.6/t/dependency/netty-transport-classes-kqueue-4.1.89.Final.jar:/home/wtwhite/code/regression-test-generation-NON-SOURCE-EQUIV/find-diff-classes/compile/gaoss/org/apache/hadoop/hadoop-hdfs/3.3.6/t/dependency/netty-transport-native-epoll-4.1.89.Final-linux-aarch_64.jar:/home/wtwhite/code/regression-test-generation-NON-SOURCE-EQUIV/find-diff-classes/compile/gaoss/org/apache/hadoop/hadoop-hdfs/3.3.6/t/dependency/netty-transport-native-epoll-4.1.89.Final-linux-x86_64.jar:/home/wtwhite/code/regression-test-generation-NON-SOURCE-EQUIV/find-diff-classes/compile/gaoss/org/apache/hadoop/hadoop-hdfs/3.3.6/t/dependency/netty-transport-native-kqueue-4.1.89.Final-osx-aarch_64.jar:/home/wtwhite/code/regression-test-generation-NON-SOURCE-EQUIV/find-diff-classes/compile/gaoss/org/apache/hadoop/hadoop-hdfs/3.3.6/t/dependency/netty-transport-native-kqueue-4.1.89.Final-osx-x86_64.jar:/home/wtwhite/code/regression-test-generation-NON-SOURCE-EQUIV/find-diff-classes/compile/gaoss/org/apache/hadoop/hadoop-hdfs/3.3.6/t/dependency/netty-transport-native-unix-common-4.1.89.Final.jar:/home/wtwhite/code/regression-test-generation-NON-SOURCE-EQUIV/find-diff-classes/compile/gaoss/org/apache/hadoop/hadoop-hdfs/3.3.6/t/dependency/netty-transport-rxtx-4.1.89.Final.jar:/home/wtwhite/code/regression-test-generation-NON-SOURCE-EQUIV/find-diff-classes/compile/gaoss/org/apache/hadoop/hadoop-hdfs/3.3.6/t/dependency/netty-transport-sctp-4.1.89.Final.jar:/home/wtwhite/code/regression-test-generation-NON-SOURCE-EQUIV/find-diff-classes/compile/gaoss/org/apache/hadoop/hadoop-hdfs/3.3.6/t/dependency/netty-transport-udt-4.1.89.Final.jar:/home/wtwhite/code/regression-test-generation-NON-SOURCE-EQUIV/find-diff-classes/compile/gaoss/org/apache/hadoop/hadoop-hdfs/3.3.6/t/dependency/nimbus-jose-jwt-9.8.1.jar:/home/wtwhite/code/regression-test-generation-NON-SOURCE-EQUIV/find-diff-classes/compile/gaoss/org/apache/hadoop/hadoop-hdfs/3.3.6/t/dependency/objenesis-2.6.jar:/home/wtwhite/code/regression-test-generation-NON-SOURCE-EQUIV/find-diff-classes/compile/gaoss/org/apache/hadoop/hadoop-hdfs/3.3.6/t/dependency/okhttp-4.9.3.jar:/home/wtwhite/code/regression-test-generation-NON-SOURCE-EQUIV/find-diff-classes/compile/gaoss/org/apache/hadoop/hadoop-hdfs/3.3.6/t/dependency/okio-2.8.0.jar:/home/wtwhite/code/regression-test-generation-NON-SOURCE-EQUIV/find-diff-classes/compile/gaoss/org/apache/hadoop/hadoop-hdfs/3.3.6/t/dependency/opentest4j-1.2.0.jar:/home/wtwhite/code/regression-test-generation-NON-SOURCE-EQUIV/find-diff-classes/compile/gaoss/org/apache/hadoop/hadoop-hdfs/3.3.6/t/dependency/paranamer-2.3.jar:/home/wtwhite/code/regression-test-generation-NON-SOURCE-EQUIV/find-diff-classes/compile/gaoss/org/apache/hadoop/hadoop-hdfs/3.3.6/t/dependency/protobuf-java-2.5.0.jar:/home/wtwhite/code/regression-test-generation-NON-SOURCE-EQUIV/find-diff-classes/compile/gaoss/org/apache/hadoop/hadoop-hdfs/3.3.6/t/dependency/re2j-1.1.jar:/home/wtwhite/code/regression-test-generation-NON-SOURCE-EQUIV/find-diff-classes/compile/gaoss/org/apache/hadoop/hadoop-hdfs/3.3.6/t/dependency/reload4j-1.2.22.jar:/home/wtwhite/code/regression-test-generation-NON-SOURCE-EQUIV/find-diff-classes/compile/gaoss/org/apache/hadoop/hadoop-hdfs/3.3.6/t/dependency/slf4j-api-1.7.36.jar:/home/wtwhite/code/regression-test-generation-NON-SOURCE-EQUIV/find-diff-classes/compile/gaoss/org/apache/hadoop/hadoop-hdfs/3.3.6/t/dependency/slf4j-reload4j-1.7.36.jar:/home/wtwhite/code/regression-test-generation-NON-SOURCE-EQUIV/find-diff-classes/compile/gaoss/org/apache/hadoop/hadoop-hdfs/3.3.6/t/dependency/snappy-java-1.1.8.2.jar:/home/wtwhite/code/regression-test-generation-NON-SOURCE-EQUIV/find-diff-classes/compile/gaoss/org/apache/hadoop/hadoop-hdfs/3.3.6/t/dependency/stax2-api-4.2.1.jar:/home/wtwhite/code/regression-test-generation-NON-SOURCE-EQUIV/find-diff-classes/compile/gaoss/org/apache/hadoop/hadoop-hdfs/3.3.6/t/dependency/token-provider-1.0.1.jar:/home/wtwhite/code/regression-test-generation-NON-SOURCE-EQUIV/find-diff-classes/compile/gaoss/org/apache/hadoop/hadoop-hdfs/3.3.6/t/dependency/woodstox-core-5.4.0.jar:/home/wtwhite/code/regression-test-generation-NON-SOURCE-EQUIV/find-diff-classes/compile/gaoss/org/apache/hadoop/hadoop-hdfs/3.3.6/t/dependency/zookeeper-3.6.3-tests.jar:/home/wtwhite/code/regression-test-generation-NON-SOURCE-EQUIV/find-diff-classes/compile/gaoss/org/apache/hadoop/hadoop-hdfs/3.3.6/t/dependency/zookeeper-3.6.3.jar:/home/wtwhite/code/regression-test-generation-NON-SOURCE-EQUIV/find-diff-classes/compile/gaoss/org/apache/hadoop/hadoop-hdfs/3.3.6/t/dependency/zookeeper-jute-3.6.3.jar:/home/wtwhite/code/regression-test-generation/evosuite/evosuite-standalone-runtime-1.2.0.jar:/home/wtwhite/.m2/repository/junit/junit/4.13.2/junit-4.13.2.jar:/home/wtwhite/.m2/repository/org/hamcrest/hamcrest-core/1.3/hamcrest-core-1.3.jar:"/>
    <property name="java.vm.vendor" value="Private Build"/>
    <property name="sun.arch.data.model" value="64"/>
    <property name="java.vendor.url" value="http://java.oracle.com/"/>
    <property name="user.timezone" value="Pacific/Auckland"/>
    <property name="java.vm.specification.version" value="1.8"/>
    <property name="os.name" value="Linux"/>
    <property name="RUNDIR" value="/home/wtwhite/code/regression-test-generation-NON-SOURCE-EQUIV/find-diff-classes/run-mvn"/>
    <property name="user.country" value="NZ"/>
    <property name="sun.java.launcher" value="SUN_STANDARD"/>
    <property name="sun.boot.library.path" value="/usr/lib/jvm/java-8-openjdk-amd64/jre/lib/amd64"/>
    <property name="sun.java.command" value="/home/wtwhite/code/regression-test-generation-NON-SOURCE-EQUIV/find-diff-classes/compile/gaoss/org/apache/hadoop/hadoop-hdfs/3.3.6/target/surefire/surefirebooter-20241112134142455_3.jar /home/wtwhite/code/regression-test-generation-NON-SOURCE-EQUIV/find-diff-classes/compile/gaoss/org/apache/hadoop/hadoop-hdfs/3.3.6/target/surefire 2024-11-12T13-41-42_270-jvmRun1 surefire-20241112134142455_1tmp surefire_0-20241112134142455_2tmp"/>
    <property name="surefire.test.class.path" value="/home/wtwhite/code/regression-test-generation-NON-SOURCE-EQUIV/find-diff-classes/compile/gaoss/org/apache/hadoop/hadoop-hdfs/3.3.6/target/test-classes:/home/wtwhite/code/regression-test-generation-NON-SOURCE-EQUIV/find-diff-classes/compile/gaoss/org/apache/hadoop/hadoop-hdfs/3.3.6/target/classes:/home/wtwhite/code/craw-redhat-oss/wget/crawl/google-aoss/org/apache/hadoop/hadoop-hdfs/3.3.6/hadoop-hdfs-3.3.6.jar:/home/wtwhite/code/regression-test-generation-NON-SOURCE-EQUIV/find-diff-classes/compile/gaoss/org/apache/hadoop/hadoop-hdfs/3.3.6/t/dependency/AppleJavaExtensions-1.4.jar:/home/wtwhite/code/regression-test-generation-NON-SOURCE-EQUIV/find-diff-classes/compile/gaoss/org/apache/hadoop/hadoop-hdfs/3.3.6/t/dependency/animal-sniffer-annotations-1.17.jar:/home/wtwhite/code/regression-test-generation-NON-SOURCE-EQUIV/find-diff-classes/compile/gaoss/org/apache/hadoop/hadoop-hdfs/3.3.6/t/dependency/apiguardian-api-1.1.2.jar:/home/wtwhite/code/regression-test-generation-NON-SOURCE-EQUIV/find-diff-classes/compile/gaoss/org/apache/hadoop/hadoop-hdfs/3.3.6/t/dependency/asm-5.0.4.jar:/home/wtwhite/code/regression-test-generation-NON-SOURCE-EQUIV/find-diff-classes/compile/gaoss/org/apache/hadoop/hadoop-hdfs/3.3.6/t/dependency/asm-commons-5.0.2.jar:/home/wtwhite/code/regression-test-generation-NON-SOURCE-EQUIV/find-diff-classes/compile/gaoss/org/apache/hadoop/hadoop-hdfs/3.3.6/t/dependency/asm-debug-all-5.0.2.jar:/home/wtwhite/code/regression-test-generation-NON-SOURCE-EQUIV/find-diff-classes/compile/gaoss/org/apache/hadoop/hadoop-hdfs/3.3.6/t/dependency/asm-tree-5.0.2.jar:/home/wtwhite/code/regression-test-generation-NON-SOURCE-EQUIV/find-diff-classes/compile/gaoss/org/apache/hadoop/hadoop-hdfs/3.3.6/t/dependency/assertj-core-3.12.2.jar:/home/wtwhite/code/regression-test-generation-NON-SOURCE-EQUIV/find-diff-classes/compile/gaoss/org/apache/hadoop/hadoop-hdfs/3.3.6/t/dependency/audience-annotations-0.5.0.jar:/home/wtwhite/code/regression-test-generation-NON-SOURCE-EQUIV/find-diff-classes/compile/gaoss/org/apache/hadoop/hadoop-hdfs/3.3.6/t/dependency/avro-1.7.7.jar:/home/wtwhite/code/regression-test-generation-NON-SOURCE-EQUIV/find-diff-classes/compile/gaoss/org/apache/hadoop/hadoop-hdfs/3.3.6/t/dependency/bcel-findbugs-6.0.jar:/home/wtwhite/code/regression-test-generation-NON-SOURCE-EQUIV/find-diff-classes/compile/gaoss/org/apache/hadoop/hadoop-hdfs/3.3.6/t/dependency/bcprov-jdk15on-1.68.jar:/home/wtwhite/code/regression-test-generation-NON-SOURCE-EQUIV/find-diff-classes/compile/gaoss/org/apache/hadoop/hadoop-hdfs/3.3.6/t/dependency/byte-buddy-1.9.10.jar:/home/wtwhite/code/regression-test-generation-NON-SOURCE-EQUIV/find-diff-classes/compile/gaoss/org/apache/hadoop/hadoop-hdfs/3.3.6/t/dependency/byte-buddy-agent-1.9.10.jar:/home/wtwhite/code/regression-test-generation-NON-SOURCE-EQUIV/find-diff-classes/compile/gaoss/org/apache/hadoop/hadoop-hdfs/3.3.6/t/dependency/checker-qual-2.5.2.jar:/home/wtwhite/code/regression-test-generation-NON-SOURCE-EQUIV/find-diff-classes/compile/gaoss/org/apache/hadoop/hadoop-hdfs/3.3.6/t/dependency/commons-beanutils-1.9.4.jar:/home/wtwhite/code/regression-test-generation-NON-SOURCE-EQUIV/find-diff-classes/compile/gaoss/org/apache/hadoop/hadoop-hdfs/3.3.6/t/dependency/commons-cli-1.2.jar:/home/wtwhite/code/regression-test-generation-NON-SOURCE-EQUIV/find-diff-classes/compile/gaoss/org/apache/hadoop/hadoop-hdfs/3.3.6/t/dependency/commons-codec-1.15.jar:/home/wtwhite/code/regression-test-generation-NON-SOURCE-EQUIV/find-diff-classes/compile/gaoss/org/apache/hadoop/hadoop-hdfs/3.3.6/t/dependency/commons-collections-3.2.2.jar:/home/wtwhite/code/regression-test-generation-NON-SOURCE-EQUIV/find-diff-classes/compile/gaoss/org/apache/hadoop/hadoop-hdfs/3.3.6/t/dependency/commons-compress-1.21.jar:/home/wtwhite/code/regression-test-generation-NON-SOURCE-EQUIV/find-diff-classes/compile/gaoss/org/apache/hadoop/hadoop-hdfs/3.3.6/t/dependency/commons-configuration2-2.8.0.jar:/home/wtwhite/code/regression-test-generation-NON-SOURCE-EQUIV/find-diff-classes/compile/gaoss/org/apache/hadoop/hadoop-hdfs/3.3.6/t/dependency/commons-daemon-1.0.13.jar:/home/wtwhite/code/regression-test-generation-NON-SOURCE-EQUIV/find-diff-classes/compile/gaoss/org/apache/hadoop/hadoop-hdfs/3.3.6/t/dependency/commons-io-2.8.0.jar:/home/wtwhite/code/regression-test-generation-NON-SOURCE-EQUIV/find-diff-classes/compile/gaoss/org/apache/hadoop/hadoop-hdfs/3.3.6/t/dependency/commons-lang-2.6.jar:/home/wtwhite/code/regression-test-generation-NON-SOURCE-EQUIV/find-diff-classes/compile/gaoss/org/apache/hadoop/hadoop-hdfs/3.3.6/t/dependency/commons-lang3-3.12.0.jar:/home/wtwhite/code/regression-test-generation-NON-SOURCE-EQUIV/find-diff-classes/compile/gaoss/org/apache/hadoop/hadoop-hdfs/3.3.6/t/dependency/commons-logging-1.1.3.jar:/home/wtwhite/code/regression-test-generation-NON-SOURCE-EQUIV/find-diff-classes/compile/gaoss/org/apache/hadoop/hadoop-hdfs/3.3.6/t/dependency/commons-math3-3.1.1.jar:/home/wtwhite/code/regression-test-generation-NON-SOURCE-EQUIV/find-diff-classes/compile/gaoss/org/apache/hadoop/hadoop-hdfs/3.3.6/t/dependency/commons-net-3.9.0.jar:/home/wtwhite/code/regression-test-generation-NON-SOURCE-EQUIV/find-diff-classes/compile/gaoss/org/apache/hadoop/hadoop-hdfs/3.3.6/t/dependency/commons-text-1.10.0.jar:/home/wtwhite/code/regression-test-generation-NON-SOURCE-EQUIV/find-diff-classes/compile/gaoss/org/apache/hadoop/hadoop-hdfs/3.3.6/t/dependency/curator-client-5.2.0.jar:/home/wtwhite/code/regression-test-generation-NON-SOURCE-EQUIV/find-diff-classes/compile/gaoss/org/apache/hadoop/hadoop-hdfs/3.3.6/t/dependency/curator-framework-5.2.0.jar:/home/wtwhite/code/regression-test-generation-NON-SOURCE-EQUIV/find-diff-classes/compile/gaoss/org/apache/hadoop/hadoop-hdfs/3.3.6/t/dependency/curator-recipes-5.2.0.jar:/home/wtwhite/code/regression-test-generation-NON-SOURCE-EQUIV/find-diff-classes/compile/gaoss/org/apache/hadoop/hadoop-hdfs/3.3.6/t/dependency/curator-test-5.2.0.jar:/home/wtwhite/code/regression-test-generation-NON-SOURCE-EQUIV/find-diff-classes/compile/gaoss/org/apache/hadoop/hadoop-hdfs/3.3.6/t/dependency/dnsjava-2.1.7.jar:/home/wtwhite/code/regression-test-generation-NON-SOURCE-EQUIV/find-diff-classes/compile/gaoss/org/apache/hadoop/hadoop-hdfs/3.3.6/t/dependency/dom4j-1.6.1.jar:/home/wtwhite/code/regression-test-generation-NON-SOURCE-EQUIV/find-diff-classes/compile/gaoss/org/apache/hadoop/hadoop-hdfs/3.3.6/t/dependency/failureaccess-1.0.jar:/home/wtwhite/code/regression-test-generation-NON-SOURCE-EQUIV/find-diff-classes/compile/gaoss/org/apache/hadoop/hadoop-hdfs/3.3.6/t/dependency/findbugs-3.0.1.jar:/home/wtwhite/code/regression-test-generation-NON-SOURCE-EQUIV/find-diff-classes/compile/gaoss/org/apache/hadoop/hadoop-hdfs/3.3.6/t/dependency/gson-2.9.0.jar:/home/wtwhite/code/regression-test-generation-NON-SOURCE-EQUIV/find-diff-classes/compile/gaoss/org/apache/hadoop/hadoop-hdfs/3.3.6/t/dependency/guava-27.0-jre.jar:/home/wtwhite/code/regression-test-generation-NON-SOURCE-EQUIV/find-diff-classes/compile/gaoss/org/apache/hadoop/hadoop-hdfs/3.3.6/t/dependency/hadoop-annotations-3.3.6.jar:/home/wtwhite/code/regression-test-generation-NON-SOURCE-EQUIV/find-diff-classes/compile/gaoss/org/apache/hadoop/hadoop-hdfs/3.3.6/t/dependency/hadoop-auth-3.3.6.jar:/home/wtwhite/code/regression-test-generation-NON-SOURCE-EQUIV/find-diff-classes/compile/gaoss/org/apache/hadoop/hadoop-hdfs/3.3.6/t/dependency/hadoop-common-3.3.6-tests.jar:/home/wtwhite/code/regression-test-generation-NON-SOURCE-EQUIV/find-diff-classes/compile/gaoss/org/apache/hadoop/hadoop-hdfs/3.3.6/t/dependency/hadoop-common-3.3.6.jar:/home/wtwhite/code/regression-test-generation-NON-SOURCE-EQUIV/find-diff-classes/compile/gaoss/org/apache/hadoop/hadoop-hdfs/3.3.6/t/dependency/hadoop-hdfs-client-3.3.6.jar:/home/wtwhite/code/regression-test-generation-NON-SOURCE-EQUIV/find-diff-classes/compile/gaoss/org/apache/hadoop/hadoop-hdfs/3.3.6/t/dependency/hadoop-kms-3.3.6-tests.jar:/home/wtwhite/code/regression-test-generation-NON-SOURCE-EQUIV/find-diff-classes/compile/gaoss/org/apache/hadoop/hadoop-hdfs/3.3.6/t/dependency/hadoop-kms-3.3.6.jar:/home/wtwhite/code/regression-test-generation-NON-SOURCE-EQUIV/find-diff-classes/compile/gaoss/org/apache/hadoop/hadoop-hdfs/3.3.6/t/dependency/hadoop-minikdc-3.3.6.jar:/home/wtwhite/code/regression-test-generation-NON-SOURCE-EQUIV/find-diff-classes/compile/gaoss/org/apache/hadoop/hadoop-hdfs/3.3.6/t/dependency/hadoop-shaded-guava-1.1.1.jar:/home/wtwhite/code/regression-test-generation-NON-SOURCE-EQUIV/find-diff-classes/compile/gaoss/org/apache/hadoop/hadoop-hdfs/3.3.6/t/dependency/hadoop-shaded-protobuf_3_7-1.1.1.jar:/home/wtwhite/code/regression-test-generation-NON-SOURCE-EQUIV/find-diff-classes/compile/gaoss/org/apache/hadoop/hadoop-hdfs/3.3.6/t/dependency/hamcrest-core-1.3.jar:/home/wtwhite/code/regression-test-generation-NON-SOURCE-EQUIV/find-diff-classes/compile/gaoss/org/apache/hadoop/hadoop-hdfs/3.3.6/t/dependency/httpclient-4.5.13.jar:/home/wtwhite/code/regression-test-generation-NON-SOURCE-EQUIV/find-diff-classes/compile/gaoss/org/apache/hadoop/hadoop-hdfs/3.3.6/t/dependency/httpcore-4.4.13.jar:/home/wtwhite/code/regression-test-generation-NON-SOURCE-EQUIV/find-diff-classes/compile/gaoss/org/apache/hadoop/hadoop-hdfs/3.3.6/t/dependency/j2objc-annotations-1.1.jar:/home/wtwhite/code/regression-test-generation-NON-SOURCE-EQUIV/find-diff-classes/compile/gaoss/org/apache/hadoop/hadoop-hdfs/3.3.6/t/dependency/jFormatString-2.0.1.jar:/home/wtwhite/code/regression-test-generation-NON-SOURCE-EQUIV/find-diff-classes/compile/gaoss/org/apache/hadoop/hadoop-hdfs/3.3.6/t/dependency/jackson-annotations-2.12.7.jar:/home/wtwhite/code/regression-test-generation-NON-SOURCE-EQUIV/find-diff-classes/compile/gaoss/org/apache/hadoop/hadoop-hdfs/3.3.6/t/dependency/jackson-core-2.12.7.jar:/home/wtwhite/code/regression-test-generation-NON-SOURCE-EQUIV/find-diff-classes/compile/gaoss/org/apache/hadoop/hadoop-hdfs/3.3.6/t/dependency/jackson-core-asl-1.9.13.jar:/home/wtwhite/code/regression-test-generation-NON-SOURCE-EQUIV/find-diff-classes/compile/gaoss/org/apache/hadoop/hadoop-hdfs/3.3.6/t/dependency/jackson-databind-2.12.7.1.jar:/home/wtwhite/code/regression-test-generation-NON-SOURCE-EQUIV/find-diff-classes/compile/gaoss/org/apache/hadoop/hadoop-hdfs/3.3.6/t/dependency/jackson-mapper-asl-1.9.13.jar:/home/wtwhite/code/regression-test-generation-NON-SOURCE-EQUIV/find-diff-classes/compile/gaoss/org/apache/hadoop/hadoop-hdfs/3.3.6/t/dependency/jakarta.activation-api-1.2.1.jar:/home/wtwhite/code/regression-test-generation-NON-SOURCE-EQUIV/find-diff-classes/compile/gaoss/org/apache/hadoop/hadoop-hdfs/3.3.6/t/dependency/javax.servlet-api-3.1.0.jar:/home/wtwhite/code/regression-test-generation-NON-SOURCE-EQUIV/find-diff-classes/compile/gaoss/org/apache/hadoop/hadoop-hdfs/3.3.6/t/dependency/jaxb-api-2.2.11.jar:/home/wtwhite/code/regression-test-generation-NON-SOURCE-EQUIV/find-diff-classes/compile/gaoss/org/apache/hadoop/hadoop-hdfs/3.3.6/t/dependency/jaxb-impl-2.2.3-1.jar:/home/wtwhite/code/regression-test-generation-NON-SOURCE-EQUIV/find-diff-classes/compile/gaoss/org/apache/hadoop/hadoop-hdfs/3.3.6/t/dependency/jaxen-1.1.6.jar:/home/wtwhite/code/regression-test-generation-NON-SOURCE-EQUIV/find-diff-classes/compile/gaoss/org/apache/hadoop/hadoop-hdfs/3.3.6/t/dependency/jcip-annotations-1.0-1.jar:/home/wtwhite/code/regression-test-generation-NON-SOURCE-EQUIV/find-diff-classes/compile/gaoss/org/apache/hadoop/hadoop-hdfs/3.3.6/t/dependency/jcip-annotations-1.0.jar:/home/wtwhite/code/regression-test-generation-NON-SOURCE-EQUIV/find-diff-classes/compile/gaoss/org/apache/hadoop/hadoop-hdfs/3.3.6/t/dependency/jdk.tools-1.8.jar:/home/wtwhite/code/regression-test-generation-NON-SOURCE-EQUIV/find-diff-classes/compile/gaoss/org/apache/hadoop/hadoop-hdfs/3.3.6/t/dependency/jersey-core-1.19.4.jar:/home/wtwhite/code/regression-test-generation-NON-SOURCE-EQUIV/find-diff-classes/compile/gaoss/org/apache/hadoop/hadoop-hdfs/3.3.6/t/dependency/jersey-json-1.20.jar:/home/wtwhite/code/regression-test-generation-NON-SOURCE-EQUIV/find-diff-classes/compile/gaoss/org/apache/hadoop/hadoop-hdfs/3.3.6/t/dependency/jersey-server-1.19.4.jar:/home/wtwhite/code/regression-test-generation-NON-SOURCE-EQUIV/find-diff-classes/compile/gaoss/org/apache/hadoop/hadoop-hdfs/3.3.6/t/dependency/jersey-servlet-1.19.4.jar:/home/wtwhite/code/regression-test-generation-NON-SOURCE-EQUIV/find-diff-classes/compile/gaoss/org/apache/hadoop/hadoop-hdfs/3.3.6/t/dependency/jettison-1.5.4.jar:/home/wtwhite/code/regression-test-generation-NON-SOURCE-EQUIV/find-diff-classes/compile/gaoss/org/apache/hadoop/hadoop-hdfs/3.3.6/t/dependency/jetty-http-9.4.51.v20230217.jar:/home/wtwhite/code/regression-test-generation-NON-SOURCE-EQUIV/find-diff-classes/compile/gaoss/org/apache/hadoop/hadoop-hdfs/3.3.6/t/dependency/jetty-io-9.4.51.v20230217.jar:/home/wtwhite/code/regression-test-generation-NON-SOURCE-EQUIV/find-diff-classes/compile/gaoss/org/apache/hadoop/hadoop-hdfs/3.3.6/t/dependency/jetty-security-9.4.51.v20230217.jar:/home/wtwhite/code/regression-test-generation-NON-SOURCE-EQUIV/find-diff-classes/compile/gaoss/org/apache/hadoop/hadoop-hdfs/3.3.6/t/dependency/jetty-server-9.4.51.v20230217.jar:/home/wtwhite/code/regression-test-generation-NON-SOURCE-EQUIV/find-diff-classes/compile/gaoss/org/apache/hadoop/hadoop-hdfs/3.3.6/t/dependency/jetty-servlet-9.4.51.v20230217.jar:/home/wtwhite/code/regression-test-generation-NON-SOURCE-EQUIV/find-diff-classes/compile/gaoss/org/apache/hadoop/hadoop-hdfs/3.3.6/t/dependency/jetty-util-9.4.51.v20230217.jar:/home/wtwhite/code/regression-test-generation-NON-SOURCE-EQUIV/find-diff-classes/compile/gaoss/org/apache/hadoop/hadoop-hdfs/3.3.6/t/dependency/jetty-util-ajax-9.4.51.v20230217.jar:/home/wtwhite/code/regression-test-generation-NON-SOURCE-EQUIV/find-diff-classes/compile/gaoss/org/apache/hadoop/hadoop-hdfs/3.3.6/t/dependency/jetty-webapp-9.4.51.v20230217.jar:/home/wtwhite/code/regression-test-generation-NON-SOURCE-EQUIV/find-diff-classes/compile/gaoss/org/apache/hadoop/hadoop-hdfs/3.3.6/t/dependency/jetty-xml-9.4.51.v20230217.jar:/home/wtwhite/code/regression-test-generation-NON-SOURCE-EQUIV/find-diff-classes/compile/gaoss/org/apache/hadoop/hadoop-hdfs/3.3.6/t/dependency/jsch-0.1.55.jar:/home/wtwhite/code/regression-test-generation-NON-SOURCE-EQUIV/find-diff-classes/compile/gaoss/org/apache/hadoop/hadoop-hdfs/3.3.6/t/dependency/jsp-api-2.1.jar:/home/wtwhite/code/regression-test-generation-NON-SOURCE-EQUIV/find-diff-classes/compile/gaoss/org/apache/hadoop/hadoop-hdfs/3.3.6/t/dependency/jsr305-3.0.2.jar:/home/wtwhite/code/regression-test-generation-NON-SOURCE-EQUIV/find-diff-classes/compile/gaoss/org/apache/hadoop/hadoop-hdfs/3.3.6/t/dependency/jsr311-api-1.1.1.jar:/home/wtwhite/code/regression-test-generation-NON-SOURCE-EQUIV/find-diff-classes/compile/gaoss/org/apache/hadoop/hadoop-hdfs/3.3.6/t/dependency/jul-to-slf4j-1.7.36.jar:/home/wtwhite/code/regression-test-generation-NON-SOURCE-EQUIV/find-diff-classes/compile/gaoss/org/apache/hadoop/hadoop-hdfs/3.3.6/t/dependency/junit-4.13.2.jar:/home/wtwhite/code/regression-test-generation-NON-SOURCE-EQUIV/find-diff-classes/compile/gaoss/org/apache/hadoop/hadoop-hdfs/3.3.6/t/dependency/junit-jupiter-api-5.8.2.jar:/home/wtwhite/code/regression-test-generation-NON-SOURCE-EQUIV/find-diff-classes/compile/gaoss/org/apache/hadoop/hadoop-hdfs/3.3.6/t/dependency/junit-platform-commons-1.8.2.jar:/home/wtwhite/code/regression-test-generation-NON-SOURCE-EQUIV/find-diff-classes/compile/gaoss/org/apache/hadoop/hadoop-hdfs/3.3.6/t/dependency/kerb-admin-1.0.1.jar:/home/wtwhite/code/regression-test-generation-NON-SOURCE-EQUIV/find-diff-classes/compile/gaoss/org/apache/hadoop/hadoop-hdfs/3.3.6/t/dependency/kerb-client-1.0.1.jar:/home/wtwhite/code/regression-test-generation-NON-SOURCE-EQUIV/find-diff-classes/compile/gaoss/org/apache/hadoop/hadoop-hdfs/3.3.6/t/dependency/kerb-common-1.0.1.jar:/home/wtwhite/code/regression-test-generation-NON-SOURCE-EQUIV/find-diff-classes/compile/gaoss/org/apache/hadoop/hadoop-hdfs/3.3.6/t/dependency/kerb-core-1.0.1.jar:/home/wtwhite/code/regression-test-generation-NON-SOURCE-EQUIV/find-diff-classes/compile/gaoss/org/apache/hadoop/hadoop-hdfs/3.3.6/t/dependency/kerb-crypto-1.0.1.jar:/home/wtwhite/code/regression-test-generation-NON-SOURCE-EQUIV/find-diff-classes/compile/gaoss/org/apache/hadoop/hadoop-hdfs/3.3.6/t/dependency/kerb-identity-1.0.1.jar:/home/wtwhite/code/regression-test-generation-NON-SOURCE-EQUIV/find-diff-classes/compile/gaoss/org/apache/hadoop/hadoop-hdfs/3.3.6/t/dependency/kerb-server-1.0.1.jar:/home/wtwhite/code/regression-test-generation-NON-SOURCE-EQUIV/find-diff-classes/compile/gaoss/org/apache/hadoop/hadoop-hdfs/3.3.6/t/dependency/kerb-simplekdc-1.0.1.jar:/home/wtwhite/code/regression-test-generation-NON-SOURCE-EQUIV/find-diff-classes/compile/gaoss/org/apache/hadoop/hadoop-hdfs/3.3.6/t/dependency/kerb-util-1.0.1.jar:/home/wtwhite/code/regression-test-generation-NON-SOURCE-EQUIV/find-diff-classes/compile/gaoss/org/apache/hadoop/hadoop-hdfs/3.3.6/t/dependency/kerby-asn1-1.0.1.jar:/home/wtwhite/code/regression-test-generation-NON-SOURCE-EQUIV/find-diff-classes/compile/gaoss/org/apache/hadoop/hadoop-hdfs/3.3.6/t/dependency/kerby-config-1.0.1.jar:/home/wtwhite/code/regression-test-generation-NON-SOURCE-EQUIV/find-diff-classes/compile/gaoss/org/apache/hadoop/hadoop-hdfs/3.3.6/t/dependency/kerby-pkix-1.0.1.jar:/home/wtwhite/code/regression-test-generation-NON-SOURCE-EQUIV/find-diff-classes/compile/gaoss/org/apache/hadoop/hadoop-hdfs/3.3.6/t/dependency/kerby-util-1.0.1.jar:/home/wtwhite/code/regression-test-generation-NON-SOURCE-EQUIV/find-diff-classes/compile/gaoss/org/apache/hadoop/hadoop-hdfs/3.3.6/t/dependency/kerby-xdr-1.0.1.jar:/home/wtwhite/code/regression-test-generation-NON-SOURCE-EQUIV/find-diff-classes/compile/gaoss/org/apache/hadoop/hadoop-hdfs/3.3.6/t/dependency/kotlin-stdlib-1.4.10.jar:/home/wtwhite/code/regression-test-generation-NON-SOURCE-EQUIV/find-diff-classes/compile/gaoss/org/apache/hadoop/hadoop-hdfs/3.3.6/t/dependency/kotlin-stdlib-common-1.4.10.jar:/home/wtwhite/code/regression-test-generation-NON-SOURCE-EQUIV/find-diff-classes/compile/gaoss/org/apache/hadoop/hadoop-hdfs/3.3.6/t/dependency/leveldbjni-all-1.8.jar:/home/wtwhite/code/regression-test-generation-NON-SOURCE-EQUIV/find-diff-classes/compile/gaoss/org/apache/hadoop/hadoop-hdfs/3.3.6/t/dependency/listenablefuture-9999.0-empty-to-avoid-conflict-with-guava.jar:/home/wtwhite/code/regression-test-generation-NON-SOURCE-EQUIV/find-diff-classes/compile/gaoss/org/apache/hadoop/hadoop-hdfs/3.3.6/t/dependency/lz4-java-1.7.1.jar:/home/wtwhite/code/regression-test-generation-NON-SOURCE-EQUIV/find-diff-classes/compile/gaoss/org/apache/hadoop/hadoop-hdfs/3.3.6/t/dependency/metrics-core-3.2.4.jar:/home/wtwhite/code/regression-test-generation-NON-SOURCE-EQUIV/find-diff-classes/compile/gaoss/org/apache/hadoop/hadoop-hdfs/3.3.6/t/dependency/mockito-core-2.28.2.jar:/home/wtwhite/code/regression-test-generation-NON-SOURCE-EQUIV/find-diff-classes/compile/gaoss/org/apache/hadoop/hadoop-hdfs/3.3.6/t/dependency/netty-3.10.6.Final.jar:/home/wtwhite/code/regression-test-generation-NON-SOURCE-EQUIV/find-diff-classes/compile/gaoss/org/apache/hadoop/hadoop-hdfs/3.3.6/t/dependency/netty-all-4.1.89.Final.jar:/home/wtwhite/code/regression-test-generation-NON-SOURCE-EQUIV/find-diff-classes/compile/gaoss/org/apache/hadoop/hadoop-hdfs/3.3.6/t/dependency/netty-buffer-4.1.89.Final.jar:/home/wtwhite/code/regression-test-generation-NON-SOURCE-EQUIV/find-diff-classes/compile/gaoss/org/apache/hadoop/hadoop-hdfs/3.3.6/t/dependency/netty-codec-4.1.89.Final.jar:/home/wtwhite/code/regression-test-generation-NON-SOURCE-EQUIV/find-diff-classes/compile/gaoss/org/apache/hadoop/hadoop-hdfs/3.3.6/t/dependency/netty-codec-dns-4.1.89.Final.jar:/home/wtwhite/code/regression-test-generation-NON-SOURCE-EQUIV/find-diff-classes/compile/gaoss/org/apache/hadoop/hadoop-hdfs/3.3.6/t/dependency/netty-codec-haproxy-4.1.89.Final.jar:/home/wtwhite/code/regression-test-generation-NON-SOURCE-EQUIV/find-diff-classes/compile/gaoss/org/apache/hadoop/hadoop-hdfs/3.3.6/t/dependency/netty-codec-http-4.1.89.Final.jar:/home/wtwhite/code/regression-test-generation-NON-SOURCE-EQUIV/find-diff-classes/compile/gaoss/org/apache/hadoop/hadoop-hdfs/3.3.6/t/dependency/netty-codec-http2-4.1.89.Final.jar:/home/wtwhite/code/regression-test-generation-NON-SOURCE-EQUIV/find-diff-classes/compile/gaoss/org/apache/hadoop/hadoop-hdfs/3.3.6/t/dependency/netty-codec-memcache-4.1.89.Final.jar:/home/wtwhite/code/regression-test-generation-NON-SOURCE-EQUIV/find-diff-classes/compile/gaoss/org/apache/hadoop/hadoop-hdfs/3.3.6/t/dependency/netty-codec-mqtt-4.1.89.Final.jar:/home/wtwhite/code/regression-test-generation-NON-SOURCE-EQUIV/find-diff-classes/compile/gaoss/org/apache/hadoop/hadoop-hdfs/3.3.6/t/dependency/netty-codec-redis-4.1.89.Final.jar:/home/wtwhite/code/regression-test-generation-NON-SOURCE-EQUIV/find-diff-classes/compile/gaoss/org/apache/hadoop/hadoop-hdfs/3.3.6/t/dependency/netty-codec-smtp-4.1.89.Final.jar:/home/wtwhite/code/regression-test-generation-NON-SOURCE-EQUIV/find-diff-classes/compile/gaoss/org/apache/hadoop/hadoop-hdfs/3.3.6/t/dependency/netty-codec-socks-4.1.89.Final.jar:/home/wtwhite/code/regression-test-generation-NON-SOURCE-EQUIV/find-diff-classes/compile/gaoss/org/apache/hadoop/hadoop-hdfs/3.3.6/t/dependency/netty-codec-stomp-4.1.89.Final.jar:/home/wtwhite/code/regression-test-generation-NON-SOURCE-EQUIV/find-diff-classes/compile/gaoss/org/apache/hadoop/hadoop-hdfs/3.3.6/t/dependency/netty-codec-xml-4.1.89.Final.jar:/home/wtwhite/code/regression-test-generation-NON-SOURCE-EQUIV/find-diff-classes/compile/gaoss/org/apache/hadoop/hadoop-hdfs/3.3.6/t/dependency/netty-common-4.1.89.Final.jar:/home/wtwhite/code/regression-test-generation-NON-SOURCE-EQUIV/find-diff-classes/compile/gaoss/org/apache/hadoop/hadoop-hdfs/3.3.6/t/dependency/netty-handler-4.1.89.Final.jar:/home/wtwhite/code/regression-test-generation-NON-SOURCE-EQUIV/find-diff-classes/compile/gaoss/org/apache/hadoop/hadoop-hdfs/3.3.6/t/dependency/netty-handler-proxy-4.1.89.Final.jar:/home/wtwhite/code/regression-test-generation-NON-SOURCE-EQUIV/find-diff-classes/compile/gaoss/org/apache/hadoop/hadoop-hdfs/3.3.6/t/dependency/netty-handler-ssl-ocsp-4.1.89.Final.jar:/home/wtwhite/code/regression-test-generation-NON-SOURCE-EQUIV/find-diff-classes/compile/gaoss/org/apache/hadoop/hadoop-hdfs/3.3.6/t/dependency/netty-resolver-4.1.89.Final.jar:/home/wtwhite/code/regression-test-generation-NON-SOURCE-EQUIV/find-diff-classes/compile/gaoss/org/apache/hadoop/hadoop-hdfs/3.3.6/t/dependency/netty-resolver-dns-4.1.89.Final.jar:/home/wtwhite/code/regression-test-generation-NON-SOURCE-EQUIV/find-diff-classes/compile/gaoss/org/apache/hadoop/hadoop-hdfs/3.3.6/t/dependency/netty-resolver-dns-classes-macos-4.1.89.Final.jar:/home/wtwhite/code/regression-test-generation-NON-SOURCE-EQUIV/find-diff-classes/compile/gaoss/org/apache/hadoop/hadoop-hdfs/3.3.6/t/dependency/netty-resolver-dns-native-macos-4.1.89.Final-osx-aarch_64.jar:/home/wtwhite/code/regression-test-generation-NON-SOURCE-EQUIV/find-diff-classes/compile/gaoss/org/apache/hadoop/hadoop-hdfs/3.3.6/t/dependency/netty-resolver-dns-native-macos-4.1.89.Final-osx-x86_64.jar:/home/wtwhite/code/regression-test-generation-NON-SOURCE-EQUIV/find-diff-classes/compile/gaoss/org/apache/hadoop/hadoop-hdfs/3.3.6/t/dependency/netty-transport-4.1.89.Final.jar:/home/wtwhite/code/regression-test-generation-NON-SOURCE-EQUIV/find-diff-classes/compile/gaoss/org/apache/hadoop/hadoop-hdfs/3.3.6/t/dependency/netty-transport-classes-epoll-4.1.89.Final.jar:/home/wtwhite/code/regression-test-generation-NON-SOURCE-EQUIV/find-diff-classes/compile/gaoss/org/apache/hadoop/hadoop-hdfs/3.3.6/t/dependency/netty-transport-classes-kqueue-4.1.89.Final.jar:/home/wtwhite/code/regression-test-generation-NON-SOURCE-EQUIV/find-diff-classes/compile/gaoss/org/apache/hadoop/hadoop-hdfs/3.3.6/t/dependency/netty-transport-native-epoll-4.1.89.Final-linux-aarch_64.jar:/home/wtwhite/code/regression-test-generation-NON-SOURCE-EQUIV/find-diff-classes/compile/gaoss/org/apache/hadoop/hadoop-hdfs/3.3.6/t/dependency/netty-transport-native-epoll-4.1.89.Final-linux-x86_64.jar:/home/wtwhite/code/regression-test-generation-NON-SOURCE-EQUIV/find-diff-classes/compile/gaoss/org/apache/hadoop/hadoop-hdfs/3.3.6/t/dependency/netty-transport-native-kqueue-4.1.89.Final-osx-aarch_64.jar:/home/wtwhite/code/regression-test-generation-NON-SOURCE-EQUIV/find-diff-classes/compile/gaoss/org/apache/hadoop/hadoop-hdfs/3.3.6/t/dependency/netty-transport-native-kqueue-4.1.89.Final-osx-x86_64.jar:/home/wtwhite/code/regression-test-generation-NON-SOURCE-EQUIV/find-diff-classes/compile/gaoss/org/apache/hadoop/hadoop-hdfs/3.3.6/t/dependency/netty-transport-native-unix-common-4.1.89.Final.jar:/home/wtwhite/code/regression-test-generation-NON-SOURCE-EQUIV/find-diff-classes/compile/gaoss/org/apache/hadoop/hadoop-hdfs/3.3.6/t/dependency/netty-transport-rxtx-4.1.89.Final.jar:/home/wtwhite/code/regression-test-generation-NON-SOURCE-EQUIV/find-diff-classes/compile/gaoss/org/apache/hadoop/hadoop-hdfs/3.3.6/t/dependency/netty-transport-sctp-4.1.89.Final.jar:/home/wtwhite/code/regression-test-generation-NON-SOURCE-EQUIV/find-diff-classes/compile/gaoss/org/apache/hadoop/hadoop-hdfs/3.3.6/t/dependency/netty-transport-udt-4.1.89.Final.jar:/home/wtwhite/code/regression-test-generation-NON-SOURCE-EQUIV/find-diff-classes/compile/gaoss/org/apache/hadoop/hadoop-hdfs/3.3.6/t/dependency/nimbus-jose-jwt-9.8.1.jar:/home/wtwhite/code/regression-test-generation-NON-SOURCE-EQUIV/find-diff-classes/compile/gaoss/org/apache/hadoop/hadoop-hdfs/3.3.6/t/dependency/objenesis-2.6.jar:/home/wtwhite/code/regression-test-generation-NON-SOURCE-EQUIV/find-diff-classes/compile/gaoss/org/apache/hadoop/hadoop-hdfs/3.3.6/t/dependency/okhttp-4.9.3.jar:/home/wtwhite/code/regression-test-generation-NON-SOURCE-EQUIV/find-diff-classes/compile/gaoss/org/apache/hadoop/hadoop-hdfs/3.3.6/t/dependency/okio-2.8.0.jar:/home/wtwhite/code/regression-test-generation-NON-SOURCE-EQUIV/find-diff-classes/compile/gaoss/org/apache/hadoop/hadoop-hdfs/3.3.6/t/dependency/opentest4j-1.2.0.jar:/home/wtwhite/code/regression-test-generation-NON-SOURCE-EQUIV/find-diff-classes/compile/gaoss/org/apache/hadoop/hadoop-hdfs/3.3.6/t/dependency/paranamer-2.3.jar:/home/wtwhite/code/regression-test-generation-NON-SOURCE-EQUIV/find-diff-classes/compile/gaoss/org/apache/hadoop/hadoop-hdfs/3.3.6/t/dependency/protobuf-java-2.5.0.jar:/home/wtwhite/code/regression-test-generation-NON-SOURCE-EQUIV/find-diff-classes/compile/gaoss/org/apache/hadoop/hadoop-hdfs/3.3.6/t/dependency/re2j-1.1.jar:/home/wtwhite/code/regression-test-generation-NON-SOURCE-EQUIV/find-diff-classes/compile/gaoss/org/apache/hadoop/hadoop-hdfs/3.3.6/t/dependency/reload4j-1.2.22.jar:/home/wtwhite/code/regression-test-generation-NON-SOURCE-EQUIV/find-diff-classes/compile/gaoss/org/apache/hadoop/hadoop-hdfs/3.3.6/t/dependency/slf4j-api-1.7.36.jar:/home/wtwhite/code/regression-test-generation-NON-SOURCE-EQUIV/find-diff-classes/compile/gaoss/org/apache/hadoop/hadoop-hdfs/3.3.6/t/dependency/slf4j-reload4j-1.7.36.jar:/home/wtwhite/code/regression-test-generation-NON-SOURCE-EQUIV/find-diff-classes/compile/gaoss/org/apache/hadoop/hadoop-hdfs/3.3.6/t/dependency/snappy-java-1.1.8.2.jar:/home/wtwhite/code/regression-test-generation-NON-SOURCE-EQUIV/find-diff-classes/compile/gaoss/org/apache/hadoop/hadoop-hdfs/3.3.6/t/dependency/stax2-api-4.2.1.jar:/home/wtwhite/code/regression-test-generation-NON-SOURCE-EQUIV/find-diff-classes/compile/gaoss/org/apache/hadoop/hadoop-hdfs/3.3.6/t/dependency/token-provider-1.0.1.jar:/home/wtwhite/code/regression-test-generation-NON-SOURCE-EQUIV/find-diff-classes/compile/gaoss/org/apache/hadoop/hadoop-hdfs/3.3.6/t/dependency/woodstox-core-5.4.0.jar:/home/wtwhite/code/regression-test-generation-NON-SOURCE-EQUIV/find-diff-classes/compile/gaoss/org/apache/hadoop/hadoop-hdfs/3.3.6/t/dependency/zookeeper-3.6.3-tests.jar:/home/wtwhite/code/regression-test-generation-NON-SOURCE-EQUIV/find-diff-classes/compile/gaoss/org/apache/hadoop/hadoop-hdfs/3.3.6/t/dependency/zookeeper-3.6.3.jar:/home/wtwhite/code/regression-test-generation-NON-SOURCE-EQUIV/find-diff-classes/compile/gaoss/org/apache/hadoop/hadoop-hdfs/3.3.6/t/dependency/zookeeper-jute-3.6.3.jar:/home/wtwhite/code/regression-test-generation/evosuite/evosuite-standalone-runtime-1.2.0.jar:/home/wtwhite/.m2/repository/junit/junit/4.13.2/junit-4.13.2.jar:/home/wtwhite/.m2/repository/org/hamcrest/hamcrest-core/1.3/hamcrest-core-1.3.jar:"/>
    <property name="sun.cpu.endian" value="little"/>
    <property name="user.home" value="/home/wtwhite"/>
    <property name="user.language" value="en"/>
    <property name="java.specification.vendor" value="Oracle Corporation"/>
    <property name="java.home" value="/usr/lib/jvm/java-8-openjdk-amd64/jre"/>
    <property name="basedir" value="/home/wtwhite/code/regression-test-generation-NON-SOURCE-EQUIV/find-diff-classes/compile/gaoss/org/apache/hadoop/hadoop-hdfs/3.3.6"/>
    <property name="file.separator" value="/"/>
    <property name="line.separator" value="&#10;"/>
    <property name="java.vm.specification.vendor" value="Oracle Corporation"/>
    <property name="java.specification.name" value="Java Platform API Specification"/>
    <property name="java.awt.graphicsenv" value="sun.awt.X11GraphicsEnvironment"/>
    <property name="surefire.real.class.path" value="/home/wtwhite/code/regression-test-generation-NON-SOURCE-EQUIV/find-diff-classes/compile/gaoss/org/apache/hadoop/hadoop-hdfs/3.3.6/target/surefire/surefirebooter-20241112134142455_3.jar"/>
    <property name="sun.boot.class.path" value="/usr/lib/jvm/java-8-openjdk-amd64/jre/lib/resources.jar:/usr/lib/jvm/java-8-openjdk-amd64/jre/lib/rt.jar:/usr/lib/jvm/java-8-openjdk-amd64/jre/lib/sunrsasign.jar:/usr/lib/jvm/java-8-openjdk-amd64/jre/lib/jsse.jar:/usr/lib/jvm/java-8-openjdk-amd64/jre/lib/jce.jar:/usr/lib/jvm/java-8-openjdk-amd64/jre/lib/charsets.jar:/usr/lib/jvm/java-8-openjdk-amd64/jre/lib/jfr.jar:/usr/lib/jvm/java-8-openjdk-amd64/jre/classes"/>
    <property name="sun.management.compiler" value="HotSpot 64-Bit Tiered Compilers"/>
    <property name="java.runtime.version" value="1.8.0_382-8u382-ga-1~22.04.1-b05"/>
    <property name="user.name" value="wtwhite"/>
    <property name="path.separator" value=":"/>
    <property name="os.version" value="5.15.0-87-generic"/>
    <property name="java.endorsed.dirs" value="/usr/lib/jvm/java-8-openjdk-amd64/jre/lib/endorsed"/>
    <property name="java.runtime.name" value="OpenJDK Runtime Environment"/>
    <property name="file.encoding" value="UTF-8"/>
    <property name="java.vm.name" value="OpenJDK 64-Bit Server VM"/>
    <property name="localRepository" value="/home/wtwhite/.m2/repository"/>
    <property name="java.vendor.url.bug" value="http://bugreport.sun.com/bugreport/"/>
    <property name="java.io.tmpdir" value="/tmp"/>
    <property name="java.version" value="1.8.0_382"/>
    <property name="user.dir" value="/home/wtwhite/code/regression-test-generation-NON-SOURCE-EQUIV/find-diff-classes/compile/gaoss/org/apache/hadoop/hadoop-hdfs/3.3.6"/>
    <property name="os.arch" value="amd64"/>
    <property name="java.vm.specification.name" value="Java Virtual Machine Specification"/>
    <property name="java.awt.printerjob" value="sun.print.PSPrinterJob"/>
    <property name="sun.os.patch.level" value="unknown"/>
    <property name="java.library.path" value="/usr/java/packages/lib/amd64:/usr/lib/x86_64-linux-gnu/jni:/lib/x86_64-linux-gnu:/usr/lib/x86_64-linux-gnu:/usr/lib/jni:/lib:/usr/lib"/>
    <property name="java.vm.info" value="mixed mode"/>
    <property name="java.vendor" value="Private Build"/>
    <property name="java.vm.version" value="25.382-b05"/>
    <property name="java.specification.maintenance.version" value="5"/>
    <property name="java.ext.dirs" value="/usr/lib/jvm/java-8-openjdk-amd64/jre/lib/ext:/usr/java/packages/lib/ext"/>
    <property name="sun.io.unicode.encoding" value="UnicodeLittle"/>
    <property name="java.class.version" value="52.0"/>
  </properties>
  <testcase name="test049" classname="org.apache.hadoop.hdfs.tools.DFSAdmin_ESTest" time="0.456">
    <system-out><![CDATA[2024-11-12 13:42:08,512 INFO  EvoClassLoader - Seeing class for first time: org.apache.hadoop.hdfs.tools.DFSAdmin_ESTest
2024-11-12 13:42:08,512 INFO  EvoClassLoader - Instrumenting class 'org.apache.hadoop.hdfs.tools.DFSAdmin_ESTest'.
2024-11-12 13:42:08,514 INFO  EvoClassLoader - Seeing class for first time: org.apache.hadoop.hdfs.tools.DFSAdmin_ESTest_scaffolding
2024-11-12 13:42:08,514 INFO  EvoClassLoader - Instrumenting class 'org.apache.hadoop.hdfs.tools.DFSAdmin_ESTest_scaffolding'.
2024-11-12 13:42:08,517 INFO  EvoClassLoader - Keeping class: org.apache.hadoop.hdfs.tools.DFSAdmin_ESTest_scaffolding
2024-11-12 13:42:08,517 INFO  EvoClassLoader - Keeping class: org.apache.hadoop.hdfs.tools.DFSAdmin_ESTest
2024-11-12 13:42:08,525 INFO  EvoClassLoader - Seeing class for first time: org.apache.hadoop.util.Shell$OSType
2024-11-12 13:42:08,525 INFO  EvoClassLoader - Instrumenting class 'org.apache.hadoop.util.Shell$OSType'.
2024-11-12 13:42:08,527 INFO  MethodCallReplacementClassAdapter - Adding mock interface to class org/apache/hadoop/util/Shell$OSType
2024-11-12 13:42:08,527 INFO  CreateClassResetClassAdapter - Found static initializer in class org/apache/hadoop/util/Shell$OSType
2024-11-12 13:42:08,528 INFO  EvoClassLoader - Keeping class: org.apache.hadoop.util.Shell$OSType
2024-11-12 13:42:08,528 INFO  EvoClassLoader - Seeing class for first time: com.ctc.wstx.sr.CompactNsContext
2024-11-12 13:42:08,528 INFO  EvoClassLoader - Instrumenting class 'com.ctc.wstx.sr.CompactNsContext'.
2024-11-12 13:42:08,529 INFO  MethodCallReplacementClassAdapter - Adding mock interface to class com/ctc/wstx/sr/CompactNsContext
2024-11-12 13:42:08,529 INFO  CreateClassResetClassAdapter - Creating brand-new static initializer in class com/ctc/wstx/sr/CompactNsContext
2024-11-12 13:42:08,529 INFO  EvoClassLoader - Defined package (3): package com.ctc.wstx.sr, 1195124708
2024-11-12 13:42:08,530 INFO  EvoClassLoader - Seeing class for first time: com.ctc.wstx.util.BaseNsContext
2024-11-12 13:42:08,530 INFO  EvoClassLoader - Instrumenting class 'com.ctc.wstx.util.BaseNsContext'.
2024-11-12 13:42:08,530 INFO  MethodCallReplacementClassAdapter - Adding mock interface to class com/ctc/wstx/util/BaseNsContext
2024-11-12 13:42:08,532 INFO  CreateClassResetClassAdapter - Creating brand-new static initializer in class com/ctc/wstx/util/BaseNsContext
2024-11-12 13:42:08,532 INFO  CreateClassResetClassAdapter - Adding bytecode for initializing field UNDECLARED_NS_URI
2024-11-12 13:42:08,532 INFO  EvoClassLoader - Defined package (3): package com.ctc.wstx.util, 1758641223
2024-11-12 13:42:08,532 INFO  EvoClassLoader - Keeping class: com.ctc.wstx.util.BaseNsContext
2024-11-12 13:42:08,532 INFO  EvoClassLoader - Keeping class: com.ctc.wstx.sr.CompactNsContext
2024-11-12 13:42:08,533 INFO  EvoClassLoader - Seeing class for first time: org.apache.hadoop.fs.FileSystem
2024-11-12 13:42:08,533 INFO  EvoClassLoader - Instrumenting class 'org.apache.hadoop.fs.FileSystem'.
2024-11-12 13:42:08,534 INFO  MethodCallReplacementClassAdapter - Adding mock interface to class org/apache/hadoop/fs/FileSystem
2024-11-12 13:42:08,541 INFO  CreateClassResetClassAdapter - Found static initializer in class org/apache/hadoop/fs/FileSystem
2024-11-12 13:42:08,541 INFO  EvoClassLoader - Defined package (3): package org.apache.hadoop.fs, -40118176
2024-11-12 13:42:08,542 INFO  EvoClassLoader - Seeing class for first time: org.apache.hadoop.security.token.DelegationTokenIssuer
2024-11-12 13:42:08,542 INFO  EvoClassLoader - Instrumenting class 'org.apache.hadoop.security.token.DelegationTokenIssuer'.
2024-11-12 13:42:08,542 INFO  EvoClassLoader - Defined package (3): package org.apache.hadoop.security.token, -540953378
2024-11-12 13:42:08,543 INFO  EvoClassLoader - Keeping class: org.apache.hadoop.security.token.DelegationTokenIssuer
2024-11-12 13:42:08,543 INFO  EvoClassLoader - Seeing class for first time: org.apache.hadoop.fs.PathCapabilities
2024-11-12 13:42:08,543 INFO  EvoClassLoader - Instrumenting class 'org.apache.hadoop.fs.PathCapabilities'.
2024-11-12 13:42:08,543 INFO  EvoClassLoader - Keeping class: org.apache.hadoop.fs.PathCapabilities
2024-11-12 13:42:08,543 INFO  EvoClassLoader - Seeing class for first time: org.apache.hadoop.conf.Configured
2024-11-12 13:42:08,543 INFO  EvoClassLoader - Instrumenting class 'org.apache.hadoop.conf.Configured'.
2024-11-12 13:42:08,543 INFO  MethodCallReplacementClassAdapter - Adding mock interface to class org/apache/hadoop/conf/Configured
2024-11-12 13:42:08,543 INFO  CreateClassResetClassAdapter - Creating brand-new static initializer in class org/apache/hadoop/conf/Configured
2024-11-12 13:42:08,543 INFO  EvoClassLoader - Defined package (3): package org.apache.hadoop.conf, 101048823
2024-11-12 13:42:08,543 INFO  EvoClassLoader - Seeing class for first time: org.apache.hadoop.conf.Configurable
2024-11-12 13:42:08,543 INFO  EvoClassLoader - Instrumenting class 'org.apache.hadoop.conf.Configurable'.
2024-11-12 13:42:08,544 INFO  EvoClassLoader - Keeping class: org.apache.hadoop.conf.Configurable
2024-11-12 13:42:08,544 INFO  EvoClassLoader - Keeping class: org.apache.hadoop.conf.Configured
2024-11-12 13:42:08,544 INFO  EvoClassLoader - Keeping class: org.apache.hadoop.fs.FileSystem
2024-11-12 13:42:08,544 INFO  EvoClassLoader - Seeing class for first time: org.apache.hadoop.fs.PathFilter
2024-11-12 13:42:08,544 INFO  EvoClassLoader - Instrumenting class 'org.apache.hadoop.fs.PathFilter'.
2024-11-12 13:42:08,544 INFO  EvoClassLoader - Keeping class: org.apache.hadoop.fs.PathFilter
2024-11-12 13:42:08,544 INFO  EvoClassLoader - Seeing class for first time: org.apache.hadoop.fs.GlobalStorageStatistics$StorageStatisticsProvider
2024-11-12 13:42:08,544 INFO  EvoClassLoader - Instrumenting class 'org.apache.hadoop.fs.GlobalStorageStatistics$StorageStatisticsProvider'.
2024-11-12 13:42:08,544 INFO  EvoClassLoader - Keeping class: org.apache.hadoop.fs.GlobalStorageStatistics$StorageStatisticsProvider
2024-11-12 13:42:08,545 INFO  EvoClassLoader - Seeing class for first time: org.apache.hadoop.fs.ParentNotDirectoryException
2024-11-12 13:42:08,545 INFO  EvoClassLoader - Instrumenting class 'org.apache.hadoop.fs.ParentNotDirectoryException'.
2024-11-12 13:42:08,546 INFO  MethodCallReplacementClassAdapter - Adding mock interface to class org/apache/hadoop/fs/ParentNotDirectoryException
2024-11-12 13:42:08,546 INFO  CreateClassResetClassAdapter - Creating brand-new static initializer in class org/apache/hadoop/fs/ParentNotDirectoryException
2024-11-12 13:42:08,546 INFO  EvoClassLoader - Keeping class: org.apache.hadoop.fs.ParentNotDirectoryException
2024-11-12 13:42:08,546 INFO  EvoClassLoader - Seeing class for first time: org.apache.hadoop.fs.CreateFlag
2024-11-12 13:42:08,546 INFO  EvoClassLoader - Instrumenting class 'org.apache.hadoop.fs.CreateFlag'.
2024-11-12 13:42:08,546 INFO  MethodCallReplacementClassAdapter - Adding mock interface to class org/apache/hadoop/fs/CreateFlag
2024-11-12 13:42:08,547 INFO  CreateClassResetClassAdapter - Found static initializer in class org/apache/hadoop/fs/CreateFlag
2024-11-12 13:42:08,547 INFO  EvoClassLoader - Keeping class: org.apache.hadoop.fs.CreateFlag
2024-11-12 13:42:08,547 INFO  EvoClassLoader - Seeing class for first time: org.apache.hadoop.fs.QuotaUsage
2024-11-12 13:42:08,547 INFO  EvoClassLoader - Instrumenting class 'org.apache.hadoop.fs.QuotaUsage'.
2024-11-12 13:42:08,548 INFO  MethodCallReplacementClassAdapter - Adding mock interface to class org/apache/hadoop/fs/QuotaUsage
2024-11-12 13:42:08,548 INFO  CreateClassResetClassAdapter - Found static initializer in class org/apache/hadoop/fs/QuotaUsage
2024-11-12 13:42:08,548 INFO  EvoClassLoader - Keeping class: org.apache.hadoop.fs.QuotaUsage
2024-11-12 13:42:08,548 INFO  EvoClassLoader - Seeing class for first time: org.apache.hadoop.fs.ContentSummary
2024-11-12 13:42:08,548 INFO  EvoClassLoader - Instrumenting class 'org.apache.hadoop.fs.ContentSummary'.
2024-11-12 13:42:08,548 INFO  MethodCallReplacementClassAdapter - Adding mock interface to class org/apache/hadoop/fs/ContentSummary
2024-11-12 13:42:08,549 INFO  CreateClassResetClassAdapter - Found static initializer in class org/apache/hadoop/fs/ContentSummary
2024-11-12 13:42:08,549 INFO  EvoClassLoader - Seeing class for first time: org.apache.hadoop.io.Writable
2024-11-12 13:42:08,549 INFO  EvoClassLoader - Instrumenting class 'org.apache.hadoop.io.Writable'.
2024-11-12 13:42:08,549 INFO  EvoClassLoader - Defined package (3): package org.apache.hadoop.io, -40118087
2024-11-12 13:42:08,549 INFO  EvoClassLoader - Keeping class: org.apache.hadoop.io.Writable
2024-11-12 13:42:08,549 INFO  EvoClassLoader - Keeping class: org.apache.hadoop.fs.ContentSummary
2024-11-12 13:42:08,549 INFO  EvoClassLoader - Seeing class for first time: org.apache.hadoop.fs.RemoteIterator
2024-11-12 13:42:08,549 INFO  EvoClassLoader - Instrumenting class 'org.apache.hadoop.fs.RemoteIterator'.
2024-11-12 13:42:08,550 INFO  EvoClassLoader - Keeping class: org.apache.hadoop.fs.RemoteIterator
2024-11-12 13:42:08,550 INFO  EvoClassLoader - Seeing class for first time: org.apache.hadoop.fs.LocalFileSystem
2024-11-12 13:42:08,550 INFO  EvoClassLoader - Instrumenting class 'org.apache.hadoop.fs.LocalFileSystem'.
2024-11-12 13:42:08,550 INFO  MethodCallReplacementClassAdapter - Adding mock interface to class org/apache/hadoop/fs/LocalFileSystem
2024-11-12 13:42:08,551 INFO  CreateClassResetClassAdapter - Found static initializer in class org/apache/hadoop/fs/LocalFileSystem
2024-11-12 13:42:08,552 INFO  EvoClassLoader - Seeing class for first time: org.apache.hadoop.fs.ChecksumFileSystem
2024-11-12 13:42:08,552 INFO  EvoClassLoader - Instrumenting class 'org.apache.hadoop.fs.ChecksumFileSystem'.
2024-11-12 13:42:08,553 INFO  MethodCallReplacementClassAdapter - Adding mock interface to class org/apache/hadoop/fs/ChecksumFileSystem
2024-11-12 13:42:08,557 INFO  CreateClassResetClassAdapter - Found static initializer in class org/apache/hadoop/fs/ChecksumFileSystem
2024-11-12 13:42:08,558 INFO  EvoClassLoader - Seeing class for first time: org.apache.hadoop.fs.FilterFileSystem
2024-11-12 13:42:08,558 INFO  EvoClassLoader - Instrumenting class 'org.apache.hadoop.fs.FilterFileSystem'.
2024-11-12 13:42:08,559 INFO  MethodCallReplacementClassAdapter - Adding mock interface to class org/apache/hadoop/fs/FilterFileSystem
2024-11-12 13:42:08,561 INFO  CreateClassResetClassAdapter - Creating brand-new static initializer in class org/apache/hadoop/fs/FilterFileSystem
2024-11-12 13:42:08,562 INFO  EvoClassLoader - Keeping class: org.apache.hadoop.fs.FilterFileSystem
2024-11-12 13:42:08,562 INFO  EvoClassLoader - Keeping class: org.apache.hadoop.fs.ChecksumFileSystem
2024-11-12 13:42:08,562 INFO  EvoClassLoader - Keeping class: org.apache.hadoop.fs.LocalFileSystem
2024-11-12 13:42:08,562 INFO  EvoClassLoader - Seeing class for first time: org.apache.hadoop.security.AccessControlException
2024-11-12 13:42:08,562 INFO  EvoClassLoader - Instrumenting class 'org.apache.hadoop.security.AccessControlException'.
2024-11-12 13:42:08,562 INFO  MethodCallReplacementClassAdapter - Adding mock interface to class org/apache/hadoop/security/AccessControlException
2024-11-12 13:42:08,562 INFO  CreateClassResetClassAdapter - Creating brand-new static initializer in class org/apache/hadoop/security/AccessControlException
2024-11-12 13:42:08,562 INFO  EvoClassLoader - Defined package (3): package org.apache.hadoop.security, 1193150611
2024-11-12 13:42:08,562 INFO  EvoClassLoader - Keeping class: org.apache.hadoop.security.AccessControlException
2024-11-12 13:42:08,562 INFO  EvoClassLoader - Seeing class for first time: org.apache.hadoop.fs.XAttrSetFlag
2024-11-12 13:42:08,562 INFO  EvoClassLoader - Instrumenting class 'org.apache.hadoop.fs.XAttrSetFlag'.
2024-11-12 13:42:08,563 INFO  MethodCallReplacementClassAdapter - Adding mock interface to class org/apache/hadoop/fs/XAttrSetFlag
2024-11-12 13:42:08,563 INFO  CreateClassResetClassAdapter - Found static initializer in class org/apache/hadoop/fs/XAttrSetFlag
2024-11-12 13:42:08,563 INFO  EvoClassLoader - Keeping class: org.apache.hadoop.fs.XAttrSetFlag
2024-11-12 13:42:08,564 INFO  EvoClassLoader - Seeing class for first time: org.apache.hadoop.fs.UnsupportedFileSystemException
2024-11-12 13:42:08,564 INFO  EvoClassLoader - Instrumenting class 'org.apache.hadoop.fs.UnsupportedFileSystemException'.
2024-11-12 13:42:08,564 INFO  MethodCallReplacementClassAdapter - Adding mock interface to class org/apache/hadoop/fs/UnsupportedFileSystemException
2024-11-12 13:42:08,564 INFO  CreateClassResetClassAdapter - Creating brand-new static initializer in class org/apache/hadoop/fs/UnsupportedFileSystemException
2024-11-12 13:42:08,564 INFO  EvoClassLoader - Keeping class: org.apache.hadoop.fs.UnsupportedFileSystemException
2024-11-12 13:42:08,564 INFO  EvoClassLoader - Seeing class for first time: org.apache.hadoop.fs.StorageStatistics
2024-11-12 13:42:08,564 INFO  EvoClassLoader - Instrumenting class 'org.apache.hadoop.fs.StorageStatistics'.
2024-11-12 13:42:08,564 INFO  MethodCallReplacementClassAdapter - Adding mock interface to class org/apache/hadoop/fs/StorageStatistics
2024-11-12 13:42:08,564 INFO  CreateClassResetClassAdapter - Creating brand-new static initializer in class org/apache/hadoop/fs/StorageStatistics
2024-11-12 13:42:08,564 INFO  EvoClassLoader - Keeping class: org.apache.hadoop.fs.StorageStatistics
2024-11-12 13:42:08,564 INFO  EvoClassLoader - Seeing class for first time: org.apache.hadoop.fs.EmptyStorageStatistics
2024-11-12 13:42:08,564 INFO  EvoClassLoader - Instrumenting class 'org.apache.hadoop.fs.EmptyStorageStatistics'.
2024-11-12 13:42:08,564 INFO  MethodCallReplacementClassAdapter - Adding mock interface to class org/apache/hadoop/fs/EmptyStorageStatistics
2024-11-12 13:42:08,564 INFO  CreateClassResetClassAdapter - Creating brand-new static initializer in class org/apache/hadoop/fs/EmptyStorageStatistics
2024-11-12 13:42:08,564 INFO  EvoClassLoader - Keeping class: org.apache.hadoop.fs.EmptyStorageStatistics
2024-11-12 13:42:08,564 INFO  EvoClassLoader - Seeing class for first time: org.apache.hadoop.fs.FSDataOutputStreamBuilder
2024-11-12 13:42:08,564 INFO  EvoClassLoader - Instrumenting class 'org.apache.hadoop.fs.FSDataOutputStreamBuilder'.
2024-11-12 13:42:08,565 INFO  MethodCallReplacementClassAdapter - Adding mock interface to class org/apache/hadoop/fs/FSDataOutputStreamBuilder
2024-11-12 13:42:08,565 INFO  CreateClassResetClassAdapter - Creating brand-new static initializer in class org/apache/hadoop/fs/FSDataOutputStreamBuilder
2024-11-12 13:42:08,565 INFO  EvoClassLoader - Seeing class for first time: org.apache.hadoop.fs.impl.AbstractFSBuilderImpl
2024-11-12 13:42:08,565 INFO  EvoClassLoader - Instrumenting class 'org.apache.hadoop.fs.impl.AbstractFSBuilderImpl'.
2024-11-12 13:42:08,565 INFO  MethodCallReplacementClassAdapter - Adding mock interface to class org/apache/hadoop/fs/impl/AbstractFSBuilderImpl
2024-11-12 13:42:08,566 INFO  CreateClassResetClassAdapter - Creating brand-new static initializer in class org/apache/hadoop/fs/impl/AbstractFSBuilderImpl
2024-11-12 13:42:08,566 INFO  CreateClassResetClassAdapter - Adding bytecode for initializing field UNKNOWN_MANDATORY_KEY
2024-11-12 13:42:08,566 INFO  CreateClassResetClassAdapter - Adding bytecode for initializing field E_BOTH_A_PATH_AND_A_PATH_HANDLE
2024-11-12 13:42:08,566 INFO  EvoClassLoader - Defined package (3): package org.apache.hadoop.fs.impl, -2003435794
2024-11-12 13:42:08,566 INFO  EvoClassLoader - Seeing class for first time: org.apache.hadoop.fs.FSBuilder
2024-11-12 13:42:08,566 INFO  EvoClassLoader - Instrumenting class 'org.apache.hadoop.fs.FSBuilder'.
2024-11-12 13:42:08,567 INFO  EvoClassLoader - Keeping class: org.apache.hadoop.fs.FSBuilder
2024-11-12 13:42:08,567 INFO  EvoClassLoader - Keeping class: org.apache.hadoop.fs.impl.AbstractFSBuilderImpl
2024-11-12 13:42:08,567 INFO  EvoClassLoader - Keeping class: org.apache.hadoop.fs.FSDataOutputStreamBuilder
2024-11-12 13:42:08,567 INFO  EvoClassLoader - Seeing class for first time: org.apache.hadoop.fs.FileSystem$FileSystemDataOutputStreamBuilder
2024-11-12 13:42:08,567 INFO  EvoClassLoader - Instrumenting class 'org.apache.hadoop.fs.FileSystem$FileSystemDataOutputStreamBuilder'.
2024-11-12 13:42:08,567 INFO  MethodCallReplacementClassAdapter - Adding mock interface to class org/apache/hadoop/fs/FileSystem$FileSystemDataOutputStreamBuilder
2024-11-12 13:42:08,567 INFO  CreateClassResetClassAdapter - Creating brand-new static initializer in class org/apache/hadoop/fs/FileSystem$FileSystemDataOutputStreamBuilder
2024-11-12 13:42:08,567 INFO  EvoClassLoader - Keeping class: org.apache.hadoop.fs.FileSystem$FileSystemDataOutputStreamBuilder
2024-11-12 13:42:08,568 INFO  EvoClassLoader - Seeing class for first time: org.apache.hadoop.fs.FileAlreadyExistsException
2024-11-12 13:42:08,568 INFO  EvoClassLoader - Instrumenting class 'org.apache.hadoop.fs.FileAlreadyExistsException'.
2024-11-12 13:42:08,568 INFO  MethodCallReplacementClassAdapter - Adding mock interface to class org/apache/hadoop/fs/FileAlreadyExistsException
2024-11-12 13:42:08,568 INFO  CreateClassResetClassAdapter - Creating brand-new static initializer in class org/apache/hadoop/fs/FileAlreadyExistsException
2024-11-12 13:42:08,568 INFO  EvoClassLoader - Keeping class: org.apache.hadoop.fs.FileAlreadyExistsException
2024-11-12 13:42:08,569 INFO  EvoClassLoader - Seeing class for first time: org.apache.commons.logging.impl.Log4JLogger
2024-11-12 13:42:08,569 INFO  EvoClassLoader - Instrumenting class 'org.apache.commons.logging.impl.Log4JLogger'.
2024-11-12 13:42:08,569 INFO  MethodCallReplacementClassAdapter - Adding mock interface to class org/apache/commons/logging/impl/Log4JLogger
2024-11-12 13:42:08,570 INFO  CreateClassResetClassAdapter - Found static initializer in class org/apache/commons/logging/impl/Log4JLogger
2024-11-12 13:42:08,570 INFO  EvoClassLoader - Keeping class: org.apache.commons.logging.impl.Log4JLogger
2024-11-12 13:42:08,571 INFO  EvoClassLoader - Seeing class for first time: org.apache.log4j.Category
2024-11-12 13:42:08,571 INFO  EvoClassLoader - Instrumenting class 'org.apache.log4j.Category'.
2024-11-12 13:42:08,571 INFO  MethodCallReplacementClassAdapter - Adding mock interface to class org/apache/log4j/Category
2024-11-12 13:42:08,572 INFO  CreateClassResetClassAdapter - Found static initializer in class org/apache/log4j/Category
2024-11-12 13:42:08,572 INFO  EvoClassLoader - Seeing class for first time: org.apache.log4j.spi.AppenderAttachable
2024-11-12 13:42:08,572 INFO  EvoClassLoader - Instrumenting class 'org.apache.log4j.spi.AppenderAttachable'.
2024-11-12 13:42:08,572 INFO  EvoClassLoader - Keeping class: org.apache.log4j.spi.AppenderAttachable
2024-11-12 13:42:08,572 INFO  EvoClassLoader - Keeping class: org.apache.log4j.Category
2024-11-12 13:42:08,572 INFO  EvoClassLoader - Seeing class for first time: org.apache.log4j.Logger
2024-11-12 13:42:08,572 INFO  EvoClassLoader - Instrumenting class 'org.apache.log4j.Logger'.
2024-11-12 13:42:08,573 INFO  MethodCallReplacementClassAdapter - Adding mock interface to class org/apache/log4j/Logger
2024-11-12 13:42:08,573 INFO  CreateClassResetClassAdapter - Found static initializer in class org/apache/log4j/Logger
2024-11-12 13:42:08,573 INFO  EvoClassLoader - Keeping class: org.apache.log4j.Logger
2024-11-12 13:42:08,573 INFO  EvoClassLoader - Seeing class for first time: org.apache.log4j.Priority
2024-11-12 13:42:08,573 INFO  EvoClassLoader - Instrumenting class 'org.apache.log4j.Priority'.
2024-11-12 13:42:08,573 INFO  MethodCallReplacementClassAdapter - Adding mock interface to class org/apache/log4j/Priority
2024-11-12 13:42:08,573 INFO  CreateClassResetClassAdapter - Found static initializer in class org/apache/log4j/Priority
2024-11-12 13:42:08,573 INFO  EvoClassLoader - Keeping class: org.apache.log4j.Priority
2024-11-12 13:42:08,573 INFO  EvoClassLoader - Seeing class for first time: org.apache.log4j.Level
2024-11-12 13:42:08,573 INFO  EvoClassLoader - Instrumenting class 'org.apache.log4j.Level'.
2024-11-12 13:42:08,574 INFO  MethodCallReplacementClassAdapter - Adding mock interface to class org/apache/log4j/Level
2024-11-12 13:42:08,574 INFO  CreateClassResetClassAdapter - Found static initializer in class org/apache/log4j/Level
2024-11-12 13:42:08,574 INFO  EvoClassLoader - Keeping class: org.apache.log4j.Level
2024-11-12 13:42:08,575 INFO  EvoClassLoader - Seeing class for first time: org.apache.log4j.LogManager
2024-11-12 13:42:08,575 INFO  EvoClassLoader - Instrumenting class 'org.apache.log4j.LogManager'.
2024-11-12 13:42:08,575 INFO  MethodCallReplacementClassAdapter - Adding mock interface to class org/apache/log4j/LogManager
2024-11-12 13:42:08,576 INFO  CreateClassResetClassAdapter - Found static initializer in class org/apache/log4j/LogManager
2024-11-12 13:42:08,577 INFO  EvoClassLoader - Keeping class: org.apache.log4j.LogManager
2024-11-12 13:42:08,577 INFO  EvoClassLoader - Seeing class for first time: org.apache.log4j.spi.RootLogger
2024-11-12 13:42:08,577 INFO  EvoClassLoader - Instrumenting class 'org.apache.log4j.spi.RootLogger'.
2024-11-12 13:42:08,577 INFO  MethodCallReplacementClassAdapter - Adding mock interface to class org/apache/log4j/spi/RootLogger
2024-11-12 13:42:08,577 INFO  CreateClassResetClassAdapter - Creating brand-new static initializer in class org/apache/log4j/spi/RootLogger
2024-11-12 13:42:08,578 INFO  EvoClassLoader - Keeping class: org.apache.log4j.spi.RootLogger
2024-11-12 13:42:08,578 INFO  EvoClassLoader - Seeing class for first time: org.apache.log4j.spi.LoggerRepository
2024-11-12 13:42:08,578 INFO  EvoClassLoader - Instrumenting class 'org.apache.log4j.spi.LoggerRepository'.
2024-11-12 13:42:08,578 INFO  EvoClassLoader - Keeping class: org.apache.log4j.spi.LoggerRepository
2024-11-12 13:42:08,578 INFO  EvoClassLoader - Seeing class for first time: org.apache.log4j.spi.RepositorySelector
2024-11-12 13:42:08,578 INFO  EvoClassLoader - Instrumenting class 'org.apache.log4j.spi.RepositorySelector'.
2024-11-12 13:42:08,578 INFO  EvoClassLoader - Keeping class: org.apache.log4j.spi.RepositorySelector
2024-11-12 13:42:08,578 INFO  EvoClassLoader - Seeing class for first time: org.apache.log4j.Hierarchy
2024-11-12 13:42:08,578 INFO  EvoClassLoader - Instrumenting class 'org.apache.log4j.Hierarchy'.
2024-11-12 13:42:08,579 INFO  MethodCallReplacementClassAdapter - Adding mock interface to class org/apache/log4j/Hierarchy
2024-11-12 13:42:08,579 INFO  CreateClassResetClassAdapter - Creating brand-new static initializer in class org/apache/log4j/Hierarchy
2024-11-12 13:42:08,580 INFO  EvoClassLoader - Seeing class for first time: org.apache.log4j.spi.RendererSupport
2024-11-12 13:42:08,580 INFO  EvoClassLoader - Instrumenting class 'org.apache.log4j.spi.RendererSupport'.
2024-11-12 13:42:08,580 INFO  EvoClassLoader - Keeping class: org.apache.log4j.spi.RendererSupport
2024-11-12 13:42:08,580 INFO  EvoClassLoader - Seeing class for first time: org.apache.log4j.spi.ThrowableRendererSupport
2024-11-12 13:42:08,580 INFO  EvoClassLoader - Instrumenting class 'org.apache.log4j.spi.ThrowableRendererSupport'.
2024-11-12 13:42:08,580 INFO  EvoClassLoader - Keeping class: org.apache.log4j.spi.ThrowableRendererSupport
2024-11-12 13:42:08,580 INFO  EvoClassLoader - Keeping class: org.apache.log4j.Hierarchy
2024-11-12 13:42:08,580 INFO  EvoClassLoader - Seeing class for first time: org.apache.log4j.spi.LoggerFactory
2024-11-12 13:42:08,580 INFO  EvoClassLoader - Instrumenting class 'org.apache.log4j.spi.LoggerFactory'.
2024-11-12 13:42:08,580 INFO  EvoClassLoader - Keeping class: org.apache.log4j.spi.LoggerFactory
2024-11-12 13:42:08,581 INFO  EvoClassLoader - Seeing class for first time: org.apache.log4j.or.RendererMap
2024-11-12 13:42:08,581 INFO  EvoClassLoader - Instrumenting class 'org.apache.log4j.or.RendererMap'.
2024-11-12 13:42:08,581 INFO  MethodCallReplacementClassAdapter - Adding mock interface to class org/apache/log4j/or/RendererMap
2024-11-12 13:42:08,582 INFO  CreateClassResetClassAdapter - Found static initializer in class org/apache/log4j/or/RendererMap
2024-11-12 13:42:08,583 INFO  EvoClassLoader - Keeping class: org.apache.log4j.or.RendererMap
2024-11-12 13:42:08,583 INFO  EvoClassLoader - Seeing class for first time: org.apache.log4j.or.ObjectRenderer
2024-11-12 13:42:08,583 INFO  EvoClassLoader - Instrumenting class 'org.apache.log4j.or.ObjectRenderer'.
2024-11-12 13:42:08,583 INFO  EvoClassLoader - Keeping class: org.apache.log4j.or.ObjectRenderer
2024-11-12 13:42:08,584 INFO  EvoClassLoader - Seeing class for first time: org.apache.log4j.or.DefaultRenderer
2024-11-12 13:42:08,584 INFO  EvoClassLoader - Instrumenting class 'org.apache.log4j.or.DefaultRenderer'.
2024-11-12 13:42:08,584 INFO  MethodCallReplacementClassAdapter - Adding mock interface to class org/apache/log4j/or/DefaultRenderer
2024-11-12 13:42:08,584 INFO  CreateClassResetClassAdapter - Creating brand-new static initializer in class org/apache/log4j/or/DefaultRenderer
2024-11-12 13:42:08,584 INFO  EvoClassLoader - Keeping class: org.apache.log4j.or.DefaultRenderer
2024-11-12 13:42:08,584 INFO  EvoClassLoader - Seeing class for first time: org.apache.log4j.DefaultCategoryFactory
2024-11-12 13:42:08,584 INFO  EvoClassLoader - Instrumenting class 'org.apache.log4j.DefaultCategoryFactory'.
2024-11-12 13:42:08,585 INFO  MethodCallReplacementClassAdapter - Adding mock interface to class org/apache/log4j/DefaultCategoryFactory
2024-11-12 13:42:08,585 INFO  CreateClassResetClassAdapter - Creating brand-new static initializer in class org/apache/log4j/DefaultCategoryFactory
2024-11-12 13:42:08,585 INFO  EvoClassLoader - Keeping class: org.apache.log4j.DefaultCategoryFactory
2024-11-12 13:42:08,585 INFO  EvoClassLoader - Seeing class for first time: org.apache.log4j.spi.DefaultRepositorySelector
2024-11-12 13:42:08,585 INFO  EvoClassLoader - Instrumenting class 'org.apache.log4j.spi.DefaultRepositorySelector'.
2024-11-12 13:42:08,585 INFO  MethodCallReplacementClassAdapter - Adding mock interface to class org/apache/log4j/spi/DefaultRepositorySelector
2024-11-12 13:42:08,585 INFO  CreateClassResetClassAdapter - Creating brand-new static initializer in class org/apache/log4j/spi/DefaultRepositorySelector
2024-11-12 13:42:08,585 INFO  EvoClassLoader - Keeping class: org.apache.log4j.spi.DefaultRepositorySelector
2024-11-12 13:42:08,585 INFO  EvoClassLoader - Seeing class for first time: org.apache.log4j.helpers.OptionConverter
2024-11-12 13:42:08,585 INFO  EvoClassLoader - Instrumenting class 'org.apache.log4j.helpers.OptionConverter'.
2024-11-12 13:42:08,586 INFO  MethodCallReplacementClassAdapter - Adding mock interface to class org/apache/log4j/helpers/OptionConverter
2024-11-12 13:42:08,588 INFO  CreateClassResetClassAdapter - Found static initializer in class org/apache/log4j/helpers/OptionConverter
2024-11-12 13:42:08,588 INFO  EvoClassLoader - Keeping class: org.apache.log4j.helpers.OptionConverter
2024-11-12 13:42:08,588 INFO  EvoClassLoader - Seeing class for first time: org.apache.log4j.spi.Configurator
2024-11-12 13:42:08,588 INFO  EvoClassLoader - Instrumenting class 'org.apache.log4j.spi.Configurator'.
2024-11-12 13:42:08,589 INFO  EvoClassLoader - Keeping class: org.apache.log4j.spi.Configurator
2024-11-12 13:42:08,589 INFO  EvoClassLoader - Seeing class for first time: org.apache.log4j.helpers.Loader
2024-11-12 13:42:08,589 INFO  EvoClassLoader - Instrumenting class 'org.apache.log4j.helpers.Loader'.
2024-11-12 13:42:08,589 INFO  MethodCallReplacementClassAdapter - Adding mock interface to class org/apache/log4j/helpers/Loader
2024-11-12 13:42:08,590 INFO  CreateClassResetClassAdapter - Found static initializer in class org/apache/log4j/helpers/Loader
2024-11-12 13:42:08,590 INFO  EvoClassLoader - Keeping class: org.apache.log4j.helpers.Loader
2024-11-12 13:42:08,590 INFO  EvoClassLoader - Seeing class for first time: org.apache.log4j.helpers.LogLog
2024-11-12 13:42:08,590 INFO  EvoClassLoader - Instrumenting class 'org.apache.log4j.helpers.LogLog'.
2024-11-12 13:42:08,591 INFO  MethodCallReplacementClassAdapter - Adding mock interface to class org/apache/log4j/helpers/LogLog
2024-11-12 13:42:08,591 INFO  CreateClassResetClassAdapter - Found static initializer in class org/apache/log4j/helpers/LogLog
2024-11-12 13:42:08,591 INFO  EvoClassLoader - Keeping class: org.apache.log4j.helpers.LogLog
2024-11-12 13:42:08,591 INFO  EvoClassLoader - Seeing class for first time: org.apache.log4j.PropertyConfigurator
2024-11-12 13:42:08,591 INFO  EvoClassLoader - Instrumenting class 'org.apache.log4j.PropertyConfigurator'.
2024-11-12 13:42:08,592 INFO  MethodCallReplacementClassAdapter - Adding mock interface to class org/apache/log4j/PropertyConfigurator
2024-11-12 13:42:08,593 INFO  CreateClassResetClassAdapter - Creating brand-new static initializer in class org/apache/log4j/PropertyConfigurator
2024-11-12 13:42:08,593 INFO  CreateClassResetClassAdapter - Adding bytecode for initializing field CATEGORY_PREFIX
2024-11-12 13:42:08,593 INFO  CreateClassResetClassAdapter - Adding bytecode for initializing field LOGGER_PREFIX
2024-11-12 13:42:08,593 INFO  CreateClassResetClassAdapter - Adding bytecode for initializing field FACTORY_PREFIX
2024-11-12 13:42:08,593 INFO  CreateClassResetClassAdapter - Adding bytecode for initializing field ADDITIVITY_PREFIX
2024-11-12 13:42:08,593 INFO  CreateClassResetClassAdapter - Adding bytecode for initializing field ROOT_CATEGORY_PREFIX
2024-11-12 13:42:08,593 INFO  CreateClassResetClassAdapter - Adding bytecode for initializing field ROOT_LOGGER_PREFIX
2024-11-12 13:42:08,593 INFO  CreateClassResetClassAdapter - Adding bytecode for initializing field APPENDER_PREFIX
2024-11-12 13:42:08,593 INFO  CreateClassResetClassAdapter - Adding bytecode for initializing field RENDERER_PREFIX
2024-11-12 13:42:08,593 INFO  CreateClassResetClassAdapter - Adding bytecode for initializing field THRESHOLD_PREFIX
2024-11-12 13:42:08,593 INFO  CreateClassResetClassAdapter - Adding bytecode for initializing field THROWABLE_RENDERER_PREFIX
2024-11-12 13:42:08,593 INFO  CreateClassResetClassAdapter - Adding bytecode for initializing field LOGGER_REF
2024-11-12 13:42:08,593 INFO  CreateClassResetClassAdapter - Adding bytecode for initializing field ROOT_REF
2024-11-12 13:42:08,593 INFO  CreateClassResetClassAdapter - Adding bytecode for initializing field APPENDER_REF_TAG
2024-11-12 13:42:08,593 INFO  CreateClassResetClassAdapter - Adding bytecode for initializing field LOGGER_FACTORY_KEY
2024-11-12 13:42:08,593 INFO  CreateClassResetClassAdapter - Adding bytecode for initializing field RESET_KEY
2024-11-12 13:42:08,593 INFO  CreateClassResetClassAdapter - Adding bytecode for initializing field INTERNAL_ROOT_NAME
2024-11-12 13:42:08,594 INFO  EvoClassLoader - Keeping class: org.apache.log4j.PropertyConfigurator
2024-11-12 13:42:08,595 INFO  EvoClassLoader - Seeing class for first time: org.apache.log4j.CategoryKey
2024-11-12 13:42:08,595 INFO  EvoClassLoader - Instrumenting class 'org.apache.log4j.CategoryKey'.
2024-11-12 13:42:08,596 INFO  MethodCallReplacementClassAdapter - Adding mock interface to class org/apache/log4j/CategoryKey
2024-11-12 13:42:08,596 INFO  CreateClassResetClassAdapter - Creating brand-new static initializer in class org/apache/log4j/CategoryKey
2024-11-12 13:42:08,596 INFO  EvoClassLoader - Keeping class: org.apache.log4j.CategoryKey
2024-11-12 13:42:08,596 INFO  EvoClassLoader - Seeing class for first time: org.apache.log4j.ProvisionNode
2024-11-12 13:42:08,596 INFO  EvoClassLoader - Instrumenting class 'org.apache.log4j.ProvisionNode'.
2024-11-12 13:42:08,596 INFO  MethodCallReplacementClassAdapter - Adding mock interface to class org/apache/log4j/ProvisionNode
2024-11-12 13:42:08,596 INFO  CreateClassResetClassAdapter - Creating brand-new static initializer in class org/apache/log4j/ProvisionNode
2024-11-12 13:42:08,596 INFO  EvoClassLoader - Keeping class: org.apache.log4j.ProvisionNode
2024-11-12 13:42:08,596 INFO  EvoClassLoader - Seeing class for first time: org.apache.hadoop.fs.FileSystem$Cache
2024-11-12 13:42:08,596 INFO  EvoClassLoader - Instrumenting class 'org.apache.hadoop.fs.FileSystem$Cache'.
2024-11-12 13:42:08,597 INFO  MethodCallReplacementClassAdapter - Adding mock interface to class org/apache/hadoop/fs/FileSystem$Cache
2024-11-12 13:42:08,598 INFO  CreateClassResetClassAdapter - Found static initializer in class org/apache/hadoop/fs/FileSystem$Cache
2024-11-12 13:42:08,598 INFO  EvoClassLoader - Keeping class: org.apache.hadoop.fs.FileSystem$Cache
2024-11-12 13:42:08,599 INFO  EvoClassLoader - Seeing class for first time: org.apache.hadoop.conf.Configuration
2024-11-12 13:42:08,599 INFO  EvoClassLoader - Instrumenting class 'org.apache.hadoop.conf.Configuration'.
2024-11-12 13:42:08,600 INFO  MethodCallReplacementClassAdapter - Adding mock interface to class org/apache/hadoop/conf/Configuration
2024-11-12 13:42:08,604 INFO  CreateClassResetClassAdapter - Found static initializer in class org/apache/hadoop/conf/Configuration
2024-11-12 13:42:08,607 INFO  EvoClassLoader - Keeping class: org.apache.hadoop.conf.Configuration
2024-11-12 13:42:08,610 INFO  EvoClassLoader - Seeing class for first time: com.ctc.wstx.io.InputBootstrapper
2024-11-12 13:42:08,610 INFO  EvoClassLoader - Instrumenting class 'com.ctc.wstx.io.InputBootstrapper'.
2024-11-12 13:42:08,610 INFO  MethodCallReplacementClassAdapter - Adding mock interface to class com/ctc/wstx/io/InputBootstrapper
2024-11-12 13:42:08,611 INFO  CreateClassResetClassAdapter - Creating brand-new static initializer in class com/ctc/wstx/io/InputBootstrapper
2024-11-12 13:42:08,611 INFO  CreateClassResetClassAdapter - Adding bytecode for initializing field ERR_XMLDECL_KW_VERSION
2024-11-12 13:42:08,611 INFO  CreateClassResetClassAdapter - Adding bytecode for initializing field ERR_XMLDECL_KW_ENCODING
2024-11-12 13:42:08,611 INFO  CreateClassResetClassAdapter - Adding bytecode for initializing field ERR_XMLDECL_KW_STANDALONE
2024-11-12 13:42:08,611 INFO  CreateClassResetClassAdapter - Adding bytecode for initializing field ERR_XMLDECL_END_MARKER
2024-11-12 13:42:08,611 INFO  CreateClassResetClassAdapter - Adding bytecode for initializing field ERR_XMLDECL_EXP_SPACE
2024-11-12 13:42:08,611 INFO  CreateClassResetClassAdapter - Adding bytecode for initializing field ERR_XMLDECL_EXP_EQ
2024-11-12 13:42:08,611 INFO  CreateClassResetClassAdapter - Adding bytecode for initializing field ERR_XMLDECL_EXP_ATTRVAL
2024-11-12 13:42:08,611 INFO  CreateClassResetClassAdapter - Adding bytecode for initializing field CHAR_NULL
2024-11-12 13:42:08,611 INFO  CreateClassResetClassAdapter - Adding bytecode for initializing field CHAR_SPACE
2024-11-12 13:42:08,611 INFO  CreateClassResetClassAdapter - Adding bytecode for initializing field CHAR_NEL
2024-11-12 13:42:08,611 INFO  CreateClassResetClassAdapter - Adding bytecode for initializing field CHAR_CR
2024-11-12 13:42:08,611 INFO  CreateClassResetClassAdapter - Adding bytecode for initializing field CHAR_LF
2024-11-12 13:42:08,611 INFO  CreateClassResetClassAdapter - Adding bytecode for initializing field BYTE_NULL
2024-11-12 13:42:08,611 INFO  CreateClassResetClassAdapter - Adding bytecode for initializing field BYTE_CR
2024-11-12 13:42:08,611 INFO  CreateClassResetClassAdapter - Adding bytecode for initializing field BYTE_LF
2024-11-12 13:42:08,611 INFO  EvoClassLoader - Defined package (3): package com.ctc.wstx.io, 1195124395
2024-11-12 13:42:08,611 INFO  EvoClassLoader - Keeping class: com.ctc.wstx.io.InputBootstrapper
2024-11-12 13:42:08,611 INFO  EvoClassLoader - Seeing class for first time: com.ctc.wstx.io.StreamBootstrapper
2024-11-12 13:42:08,611 INFO  EvoClassLoader - Instrumenting class 'com.ctc.wstx.io.StreamBootstrapper'.
2024-11-12 13:42:08,612 INFO  MethodCallReplacementClassAdapter - Adding mock interface to class com/ctc/wstx/io/StreamBootstrapper
2024-11-12 13:42:08,616 INFO  CreateClassResetClassAdapter - Creating brand-new static initializer in class com/ctc/wstx/io/StreamBootstrapper
2024-11-12 13:42:08,616 INFO  CreateClassResetClassAdapter - Adding bytecode for initializing field MIN_BUF_SIZE
2024-11-12 13:42:08,616 INFO  EvoClassLoader - Keeping class: com.ctc.wstx.io.StreamBootstrapper
2024-11-12 13:42:08,617 INFO  EvoClassLoader - Seeing class for first time: org.apache.hadoop.conf.Configuration$NegativeCacheSentinel
2024-11-12 13:42:08,617 INFO  EvoClassLoader - Instrumenting class 'org.apache.hadoop.conf.Configuration$NegativeCacheSentinel'.
2024-11-12 13:42:08,617 INFO  MethodCallReplacementClassAdapter - Adding mock interface to class org/apache/hadoop/conf/Configuration$NegativeCacheSentinel
2024-11-12 13:42:08,617 INFO  CreateClassResetClassAdapter - Creating brand-new static initializer in class org/apache/hadoop/conf/Configuration$NegativeCacheSentinel
2024-11-12 13:42:08,617 INFO  EvoClassLoader - Keeping class: org.apache.hadoop.conf.Configuration$NegativeCacheSentinel
2024-11-12 13:42:08,617 INFO  EvoClassLoader - Seeing class for first time: com.ctc.wstx.stax.WstxInputFactory
2024-11-12 13:42:08,617 INFO  EvoClassLoader - Instrumenting class 'com.ctc.wstx.stax.WstxInputFactory'.
2024-11-12 13:42:08,617 INFO  MethodCallReplacementClassAdapter - Adding mock interface to class com/ctc/wstx/stax/WstxInputFactory
2024-11-12 13:42:08,620 INFO  CreateClassResetClassAdapter - Found static initializer in class com/ctc/wstx/stax/WstxInputFactory
2024-11-12 13:42:08,621 INFO  EvoClassLoader - Defined package (3): package com.ctc.wstx.stax, 1758581405
2024-11-12 13:42:08,621 INFO  EvoClassLoader - Seeing class for first time: com.ctc.wstx.sr.ReaderCreator
2024-11-12 13:42:08,621 INFO  EvoClassLoader - Instrumenting class 'com.ctc.wstx.sr.ReaderCreator'.
2024-11-12 13:42:08,621 INFO  EvoClassLoader - Keeping class: com.ctc.wstx.sr.ReaderCreator
2024-11-12 13:42:08,621 INFO  EvoClassLoader - Seeing class for first time: com.ctc.wstx.cfg.InputConfigFlags
2024-11-12 13:42:08,621 INFO  EvoClassLoader - Instrumenting class 'com.ctc.wstx.cfg.InputConfigFlags'.
2024-11-12 13:42:08,621 INFO  EvoClassLoader - Defined package (3): package com.ctc.wstx.cfg, -1605855361
2024-11-12 13:42:08,622 INFO  EvoClassLoader - Keeping class: com.ctc.wstx.cfg.InputConfigFlags
2024-11-12 13:42:08,622 INFO  EvoClassLoader - Seeing class for first time: org.codehaus.stax2.XMLInputFactory2
2024-11-12 13:42:08,622 INFO  EvoClassLoader - Instrumenting class 'org.codehaus.stax2.XMLInputFactory2'.
2024-11-12 13:42:08,622 INFO  MethodCallReplacementClassAdapter - Adding mock interface to class org/codehaus/stax2/XMLInputFactory2
2024-11-12 13:42:08,622 INFO  CreateClassResetClassAdapter - Creating brand-new static initializer in class org/codehaus/stax2/XMLInputFactory2
2024-11-12 13:42:08,622 INFO  CreateClassResetClassAdapter - Adding bytecode for initializing field P_REPORT_PROLOG_WHITESPACE
2024-11-12 13:42:08,622 INFO  CreateClassResetClassAdapter - Adding bytecode for initializing field P_REPORT_CDATA
2024-11-12 13:42:08,622 INFO  CreateClassResetClassAdapter - Adding bytecode for initializing field P_LAZY_PARSING
2024-11-12 13:42:08,622 INFO  CreateClassResetClassAdapter - Adding bytecode for initializing field P_INTERN_NAMES
2024-11-12 13:42:08,622 INFO  CreateClassResetClassAdapter - Adding bytecode for initializing field P_INTERN_NS_URIS
2024-11-12 13:42:08,622 INFO  CreateClassResetClassAdapter - Adding bytecode for initializing field P_PRESERVE_LOCATION
2024-11-12 13:42:08,622 INFO  CreateClassResetClassAdapter - Adding bytecode for initializing field P_AUTO_CLOSE_INPUT
2024-11-12 13:42:08,622 INFO  CreateClassResetClassAdapter - Adding bytecode for initializing field P_DTD_OVERRIDE
2024-11-12 13:42:08,622 INFO  EvoClassLoader - Defined package (3): package org.codehaus.stax2, -1889860742
2024-11-12 13:42:08,622 INFO  EvoClassLoader - Seeing class for first time: org.codehaus.stax2.XMLStreamProperties
2024-11-12 13:42:08,622 INFO  EvoClassLoader - Instrumenting class 'org.codehaus.stax2.XMLStreamProperties'.
2024-11-12 13:42:08,622 INFO  EvoClassLoader - Keeping class: org.codehaus.stax2.XMLStreamProperties
2024-11-12 13:42:08,623 INFO  EvoClassLoader - Keeping class: org.codehaus.stax2.XMLInputFactory2
2024-11-12 13:42:08,623 INFO  EvoClassLoader - Keeping class: com.ctc.wstx.stax.WstxInputFactory
2024-11-12 13:42:08,623 INFO  EvoClassLoader - Seeing class for first time: com.ctc.wstx.exc.WstxIOException
2024-11-12 13:42:08,623 INFO  EvoClassLoader - Instrumenting class 'com.ctc.wstx.exc.WstxIOException'.
2024-11-12 13:42:08,623 INFO  MethodCallReplacementClassAdapter - Adding mock interface to class com/ctc/wstx/exc/WstxIOException
2024-11-12 13:42:08,623 INFO  CreateClassResetClassAdapter - Creating brand-new static initializer in class com/ctc/wstx/exc/WstxIOException
2024-11-12 13:42:08,623 INFO  EvoClassLoader - Defined package (3): package com.ctc.wstx.exc, -1605852885
2024-11-12 13:42:08,623 INFO  EvoClassLoader - Seeing class for first time: com.ctc.wstx.exc.WstxException
2024-11-12 13:42:08,623 INFO  EvoClassLoader - Instrumenting class 'com.ctc.wstx.exc.WstxException'.
2024-11-12 13:42:08,623 INFO  MethodCallReplacementClassAdapter - Adding mock interface to class com/ctc/wstx/exc/WstxException
2024-11-12 13:42:08,623 INFO  CreateClassResetClassAdapter - Creating brand-new static initializer in class com/ctc/wstx/exc/WstxException
2024-11-12 13:42:08,623 INFO  EvoClassLoader - Keeping class: com.ctc.wstx.exc.WstxException
2024-11-12 13:42:08,624 INFO  EvoClassLoader - Keeping class: com.ctc.wstx.exc.WstxIOException
2024-11-12 13:42:08,624 INFO  EvoClassLoader - Seeing class for first time: org.codehaus.stax2.XMLStreamReader2
2024-11-12 13:42:08,624 INFO  EvoClassLoader - Instrumenting class 'org.codehaus.stax2.XMLStreamReader2'.
2024-11-12 13:42:08,624 INFO  EvoClassLoader - Seeing class for first time: org.codehaus.stax2.typed.TypedXMLStreamReader
2024-11-12 13:42:08,624 INFO  EvoClassLoader - Instrumenting class 'org.codehaus.stax2.typed.TypedXMLStreamReader'.
2024-11-12 13:42:08,624 INFO  EvoClassLoader - Defined package (3): package org.codehaus.stax2.typed, -1667283722
2024-11-12 13:42:08,624 INFO  EvoClassLoader - Keeping class: org.codehaus.stax2.typed.TypedXMLStreamReader
2024-11-12 13:42:08,624 INFO  EvoClassLoader - Seeing class for first time: org.codehaus.stax2.validation.Validatable
2024-11-12 13:42:08,624 INFO  EvoClassLoader - Instrumenting class 'org.codehaus.stax2.validation.Validatable'.
2024-11-12 13:42:08,624 INFO  EvoClassLoader - Defined package (3): package org.codehaus.stax2.validation, 1474122605
2024-11-12 13:42:08,624 INFO  EvoClassLoader - Keeping class: org.codehaus.stax2.validation.Validatable
2024-11-12 13:42:08,625 INFO  EvoClassLoader - Keeping class: org.codehaus.stax2.XMLStreamReader2
2024-11-12 13:42:08,625 INFO  EvoClassLoader - Seeing class for first time: com.ctc.wstx.io.ReaderBootstrapper
2024-11-12 13:42:08,625 INFO  EvoClassLoader - Instrumenting class 'com.ctc.wstx.io.ReaderBootstrapper'.
2024-11-12 13:42:08,625 INFO  MethodCallReplacementClassAdapter - Adding mock interface to class com/ctc/wstx/io/ReaderBootstrapper
2024-11-12 13:42:08,625 INFO  CreateClassResetClassAdapter - Creating brand-new static initializer in class com/ctc/wstx/io/ReaderBootstrapper
2024-11-12 13:42:08,625 INFO  CreateClassResetClassAdapter - Adding bytecode for initializing field CHAR_BOM_MARKER
2024-11-12 13:42:08,625 INFO  EvoClassLoader - Keeping class: com.ctc.wstx.io.ReaderBootstrapper
2024-11-12 13:42:08,625 INFO  EvoClassLoader - Seeing class for first time: org.codehaus.stax2.XMLEventReader2
2024-11-12 13:42:08,625 INFO  EvoClassLoader - Instrumenting class 'org.codehaus.stax2.XMLEventReader2'.
2024-11-12 13:42:08,626 INFO  EvoClassLoader - Keeping class: org.codehaus.stax2.XMLEventReader2
2024-11-12 13:42:08,626 INFO  EvoClassLoader - Seeing class for first time: com.ctc.wstx.util.DefaultXmlSymbolTable
2024-11-12 13:42:08,626 INFO  EvoClassLoader - Instrumenting class 'com.ctc.wstx.util.DefaultXmlSymbolTable'.
2024-11-12 13:42:08,626 INFO  MethodCallReplacementClassAdapter - Adding mock interface to class com/ctc/wstx/util/DefaultXmlSymbolTable
2024-11-12 13:42:08,626 INFO  CreateClassResetClassAdapter - Found static initializer in class com/ctc/wstx/util/DefaultXmlSymbolTable
2024-11-12 13:42:08,626 INFO  EvoClassLoader - Keeping class: com.ctc.wstx.util.DefaultXmlSymbolTable
2024-11-12 13:42:08,626 INFO  EvoClassLoader - Seeing class for first time: com.ctc.wstx.util.SymbolTable
2024-11-12 13:42:08,626 INFO  EvoClassLoader - Instrumenting class 'com.ctc.wstx.util.SymbolTable'.
2024-11-12 13:42:08,626 INFO  MethodCallReplacementClassAdapter - Adding mock interface to class com/ctc/wstx/util/SymbolTable
2024-11-12 13:42:08,628 INFO  CreateClassResetClassAdapter - Creating brand-new static initializer in class com/ctc/wstx/util/SymbolTable
2024-11-12 13:42:08,628 INFO  CreateClassResetClassAdapter - Adding bytecode for initializing field DEFAULT_TABLE_SIZE
2024-11-12 13:42:08,628 INFO  CreateClassResetClassAdapter - Adding bytecode for initializing field DEFAULT_FILL_FACTOR
2024-11-12 13:42:08,628 INFO  CreateClassResetClassAdapter - Adding bytecode for initializing field EMPTY_STRING
2024-11-12 13:42:08,628 INFO  EvoClassLoader - Keeping class: com.ctc.wstx.util.SymbolTable
2024-11-12 13:42:08,628 INFO  EvoClassLoader - Seeing class for first time: com.ctc.wstx.util.SymbolTable$Bucket
2024-11-12 13:42:08,628 INFO  EvoClassLoader - Instrumenting class 'com.ctc.wstx.util.SymbolTable$Bucket'.
2024-11-12 13:42:08,629 INFO  MethodCallReplacementClassAdapter - Adding mock interface to class com/ctc/wstx/util/SymbolTable$Bucket
2024-11-12 13:42:08,629 INFO  CreateClassResetClassAdapter - Creating brand-new static initializer in class com/ctc/wstx/util/SymbolTable$Bucket
2024-11-12 13:42:08,629 INFO  EvoClassLoader - Keeping class: com.ctc.wstx.util.SymbolTable$Bucket
2024-11-12 13:42:08,629 INFO  EvoClassLoader - Seeing class for first time: com.ctc.wstx.api.ReaderConfig
2024-11-12 13:42:08,629 INFO  EvoClassLoader - Instrumenting class 'com.ctc.wstx.api.ReaderConfig'.
2024-11-12 13:42:08,630 INFO  MethodCallReplacementClassAdapter - Adding mock interface to class com/ctc/wstx/api/ReaderConfig
2024-11-12 13:42:08,633 INFO  CreateClassResetClassAdapter - Found static initializer in class com/ctc/wstx/api/ReaderConfig
2024-11-12 13:42:08,633 INFO  EvoClassLoader - Defined package (3): package com.ctc.wstx.api, -1605856971
2024-11-12 13:42:08,635 INFO  EvoClassLoader - Seeing class for first time: com.ctc.wstx.api.CommonConfig
2024-11-12 13:42:08,635 INFO  EvoClassLoader - Instrumenting class 'com.ctc.wstx.api.CommonConfig'.
2024-11-12 13:42:08,635 INFO  MethodCallReplacementClassAdapter - Adding mock interface to class com/ctc/wstx/api/CommonConfig
2024-11-12 13:42:08,637 INFO  CreateClassResetClassAdapter - Found static initializer in class com/ctc/wstx/api/CommonConfig
2024-11-12 13:42:08,637 INFO  EvoClassLoader - Keeping class: com.ctc.wstx.api.CommonConfig
2024-11-12 13:42:08,637 INFO  EvoClassLoader - Keeping class: com.ctc.wstx.api.ReaderConfig
2024-11-12 13:42:08,639 INFO  EvoClassLoader - Seeing class for first time: com.ctc.wstx.api.WstxInputProperties
2024-11-12 13:42:08,639 INFO  EvoClassLoader - Instrumenting class 'com.ctc.wstx.api.WstxInputProperties'.
2024-11-12 13:42:08,639 INFO  MethodCallReplacementClassAdapter - Adding mock interface to class com/ctc/wstx/api/WstxInputProperties
2024-11-12 13:42:08,640 INFO  CreateClassResetClassAdapter - Found static initializer in class com/ctc/wstx/api/WstxInputProperties
2024-11-12 13:42:08,640 INFO  EvoClassLoader - Keeping class: com.ctc.wstx.api.WstxInputProperties
2024-11-12 13:42:08,640 INFO  EvoClassLoader - Seeing class for first time: com.ctc.wstx.api.WstxInputProperties$ParsingMode
2024-11-12 13:42:08,640 INFO  EvoClassLoader - Instrumenting class 'com.ctc.wstx.api.WstxInputProperties$ParsingMode'.
2024-11-12 13:42:08,640 INFO  MethodCallReplacementClassAdapter - Adding mock interface to class com/ctc/wstx/api/WstxInputProperties$ParsingMode
2024-11-12 13:42:08,640 INFO  CreateClassResetClassAdapter - Creating brand-new static initializer in class com/ctc/wstx/api/WstxInputProperties$ParsingMode
2024-11-12 13:42:08,641 INFO  EvoClassLoader - Keeping class: com.ctc.wstx.api.WstxInputProperties$ParsingMode
2024-11-12 13:42:08,641 INFO  EvoClassLoader - Seeing class for first time: org.apache.hadoop.conf.Configuration$DeprecationDelta
2024-11-12 13:42:08,641 INFO  EvoClassLoader - Instrumenting class 'org.apache.hadoop.conf.Configuration$DeprecationDelta'.
2024-11-12 13:42:08,641 INFO  MethodCallReplacementClassAdapter - Adding mock interface to class org/apache/hadoop/conf/Configuration$DeprecationDelta
2024-11-12 13:42:08,641 INFO  CreateClassResetClassAdapter - Creating brand-new static initializer in class org/apache/hadoop/conf/Configuration$DeprecationDelta
2024-11-12 13:42:08,641 INFO  EvoClassLoader - Keeping class: org.apache.hadoop.conf.Configuration$DeprecationDelta
2024-11-12 13:42:08,641 INFO  EvoClassLoader - Seeing class for first time: org.apache.hadoop.util.Preconditions
2024-11-12 13:42:08,641 INFO  EvoClassLoader - Instrumenting class 'org.apache.hadoop.util.Preconditions'.
2024-11-12 13:42:08,642 INFO  MethodCallReplacementClassAdapter - Adding mock interface to class org/apache/hadoop/util/Preconditions
2024-11-12 13:42:08,644 INFO  CreateClassResetClassAdapter - Found static initializer in class org/apache/hadoop/util/Preconditions
2024-11-12 13:42:08,644 INFO  EvoClassLoader - Keeping class: org.apache.hadoop.util.Preconditions
2024-11-12 13:42:08,644 INFO  EvoClassLoader - Seeing class for first time: org.apache.hadoop.conf.Configuration$DeprecationContext
2024-11-12 13:42:08,644 INFO  EvoClassLoader - Instrumenting class 'org.apache.hadoop.conf.Configuration$DeprecationContext'.
2024-11-12 13:42:08,645 INFO  MethodCallReplacementClassAdapter - Adding mock interface to class org/apache/hadoop/conf/Configuration$DeprecationContext
2024-11-12 13:42:08,645 INFO  CreateClassResetClassAdapter - Creating brand-new static initializer in class org/apache/hadoop/conf/Configuration$DeprecationContext
2024-11-12 13:42:08,645 INFO  EvoClassLoader - Keeping class: org.apache.hadoop.conf.Configuration$DeprecationContext
2024-11-12 13:42:08,645 INFO  EvoClassLoader - Seeing class for first time: org.apache.hadoop.conf.Configuration$DeprecatedKeyInfo
2024-11-12 13:42:08,645 INFO  EvoClassLoader - Instrumenting class 'org.apache.hadoop.conf.Configuration$DeprecatedKeyInfo'.
2024-11-12 13:42:08,646 INFO  MethodCallReplacementClassAdapter - Adding mock interface to class org/apache/hadoop/conf/Configuration$DeprecatedKeyInfo
2024-11-12 13:42:08,646 INFO  CreateClassResetClassAdapter - Creating brand-new static initializer in class org/apache/hadoop/conf/Configuration$DeprecatedKeyInfo
2024-11-12 13:42:08,646 INFO  EvoClassLoader - Keeping class: org.apache.hadoop.conf.Configuration$DeprecatedKeyInfo
2024-11-12 13:42:08,646 INFO  EvoClassLoader - Seeing class for first time: org.apache.commons.collections.map.UnmodifiableMap
2024-11-12 13:42:08,646 INFO  EvoClassLoader - Instrumenting class 'org.apache.commons.collections.map.UnmodifiableMap'.
2024-11-12 13:42:08,647 INFO  MethodCallReplacementClassAdapter - Adding mock interface to class org/apache/commons/collections/map/UnmodifiableMap
2024-11-12 13:42:08,647 INFO  CreateClassResetClassAdapter - Creating brand-new static initializer in class org/apache/commons/collections/map/UnmodifiableMap
2024-11-12 13:42:08,647 INFO  EvoClassLoader - Defined package (3): package org.apache.commons.collections.map, -1340437721
2024-11-12 13:42:08,647 INFO  EvoClassLoader - Seeing class for first time: org.apache.commons.collections.IterableMap
2024-11-12 13:42:08,647 INFO  EvoClassLoader - Instrumenting class 'org.apache.commons.collections.IterableMap'.
2024-11-12 13:42:08,647 INFO  EvoClassLoader - Defined package (3): package org.apache.commons.collections, -177651399
2024-11-12 13:42:08,647 INFO  EvoClassLoader - Keeping class: org.apache.commons.collections.IterableMap
2024-11-12 13:42:08,647 INFO  EvoClassLoader - Seeing class for first time: org.apache.commons.collections.Unmodifiable
2024-11-12 13:42:08,647 INFO  EvoClassLoader - Instrumenting class 'org.apache.commons.collections.Unmodifiable'.
2024-11-12 13:42:08,648 INFO  EvoClassLoader - Keeping class: org.apache.commons.collections.Unmodifiable
2024-11-12 13:42:08,648 INFO  EvoClassLoader - Seeing class for first time: org.apache.commons.collections.map.AbstractMapDecorator
2024-11-12 13:42:08,648 INFO  EvoClassLoader - Instrumenting class 'org.apache.commons.collections.map.AbstractMapDecorator'.
2024-11-12 13:42:08,648 INFO  MethodCallReplacementClassAdapter - Adding mock interface to class org/apache/commons/collections/map/AbstractMapDecorator
2024-11-12 13:42:08,649 INFO  CreateClassResetClassAdapter - Creating brand-new static initializer in class org/apache/commons/collections/map/AbstractMapDecorator
2024-11-12 13:42:08,649 INFO  EvoClassLoader - Keeping class: org.apache.commons.collections.map.AbstractMapDecorator
2024-11-12 13:42:08,649 INFO  EvoClassLoader - Keeping class: org.apache.commons.collections.map.UnmodifiableMap
2024-11-12 13:42:08,650 INFO  EvoClassLoader - Seeing class for first time: org.apache.commons.collections.MapIterator
2024-11-12 13:42:08,650 INFO  EvoClassLoader - Instrumenting class 'org.apache.commons.collections.MapIterator'.
2024-11-12 13:42:08,650 INFO  EvoClassLoader - Keeping class: org.apache.commons.collections.MapIterator
2024-11-12 13:42:08,651 INFO  EvoClassLoader - Seeing class for first time: org.apache.hadoop.fs.FileSystem$Cache$ClientFinalizer
2024-11-12 13:42:08,651 INFO  EvoClassLoader - Instrumenting class 'org.apache.hadoop.fs.FileSystem$Cache$ClientFinalizer'.
2024-11-12 13:42:08,651 INFO  MethodCallReplacementClassAdapter - Adding mock interface to class org/apache/hadoop/fs/FileSystem$Cache$ClientFinalizer
2024-11-12 13:42:08,651 INFO  CreateClassResetClassAdapter - Creating brand-new static initializer in class org/apache/hadoop/fs/FileSystem$Cache$ClientFinalizer
2024-11-12 13:42:08,651 INFO  EvoClassLoader - Keeping class: org.apache.hadoop.fs.FileSystem$Cache$ClientFinalizer
2024-11-12 13:42:08,651 INFO  EvoClassLoader - Seeing class for first time: org.apache.hadoop.conf.Configuration$Resource
2024-11-12 13:42:08,651 INFO  EvoClassLoader - Instrumenting class 'org.apache.hadoop.conf.Configuration$Resource'.
2024-11-12 13:42:08,652 INFO  MethodCallReplacementClassAdapter - Adding mock interface to class org/apache/hadoop/conf/Configuration$Resource
2024-11-12 13:42:08,652 INFO  CreateClassResetClassAdapter - Creating brand-new static initializer in class org/apache/hadoop/conf/Configuration$Resource
2024-11-12 13:42:08,652 INFO  EvoClassLoader - Keeping class: org.apache.hadoop.conf.Configuration$Resource
2024-11-12 13:42:08,653 INFO  EvoClassLoader - Seeing class for first time: com.ctc.wstx.io.SystemId
2024-11-12 13:42:08,653 INFO  EvoClassLoader - Instrumenting class 'com.ctc.wstx.io.SystemId'.
2024-11-12 13:42:08,654 INFO  MethodCallReplacementClassAdapter - Adding mock interface to class com/ctc/wstx/io/SystemId
2024-11-12 13:42:08,655 INFO  CreateClassResetClassAdapter - Creating brand-new static initializer in class com/ctc/wstx/io/SystemId
2024-11-12 13:42:08,656 INFO  EvoClassLoader - Keeping class: com.ctc.wstx.io.SystemId
2024-11-12 13:42:08,656 INFO  EvoClassLoader - Seeing class for first time: com.ctc.wstx.exc.WstxUnexpectedCharException
2024-11-12 13:42:08,656 INFO  EvoClassLoader - Instrumenting class 'com.ctc.wstx.exc.WstxUnexpectedCharException'.
2024-11-12 13:42:08,656 INFO  MethodCallReplacementClassAdapter - Adding mock interface to class com/ctc/wstx/exc/WstxUnexpectedCharException
2024-11-12 13:42:08,656 INFO  CreateClassResetClassAdapter - Creating brand-new static initializer in class com/ctc/wstx/exc/WstxUnexpectedCharException
2024-11-12 13:42:08,656 INFO  EvoClassLoader - Seeing class for first time: com.ctc.wstx.exc.WstxParsingException
2024-11-12 13:42:08,656 INFO  EvoClassLoader - Instrumenting class 'com.ctc.wstx.exc.WstxParsingException'.
2024-11-12 13:42:08,656 INFO  MethodCallReplacementClassAdapter - Adding mock interface to class com/ctc/wstx/exc/WstxParsingException
2024-11-12 13:42:08,657 INFO  CreateClassResetClassAdapter - Creating brand-new static initializer in class com/ctc/wstx/exc/WstxParsingException
2024-11-12 13:42:08,657 INFO  EvoClassLoader - Keeping class: com.ctc.wstx.exc.WstxParsingException
2024-11-12 13:42:08,657 INFO  EvoClassLoader - Keeping class: com.ctc.wstx.exc.WstxUnexpectedCharException
2024-11-12 13:42:08,657 INFO  EvoClassLoader - Seeing class for first time: com.ctc.wstx.exc.WstxEOFException
2024-11-12 13:42:08,657 INFO  EvoClassLoader - Instrumenting class 'com.ctc.wstx.exc.WstxEOFException'.
2024-11-12 13:42:08,657 INFO  MethodCallReplacementClassAdapter - Adding mock interface to class com/ctc/wstx/exc/WstxEOFException
2024-11-12 13:42:08,657 INFO  CreateClassResetClassAdapter - Creating brand-new static initializer in class com/ctc/wstx/exc/WstxEOFException
2024-11-12 13:42:08,658 INFO  EvoClassLoader - Keeping class: com.ctc.wstx.exc.WstxEOFException
2024-11-12 13:42:08,658 INFO  EvoClassLoader - Seeing class for first time: com.ctc.wstx.io.BaseReader
2024-11-12 13:42:08,658 INFO  EvoClassLoader - Instrumenting class 'com.ctc.wstx.io.BaseReader'.
2024-11-12 13:42:08,658 INFO  MethodCallReplacementClassAdapter - Adding mock interface to class com/ctc/wstx/io/BaseReader
2024-11-12 13:42:08,659 INFO  CreateClassResetClassAdapter - Creating brand-new static initializer in class com/ctc/wstx/io/BaseReader
2024-11-12 13:42:08,659 INFO  CreateClassResetClassAdapter - Adding bytecode for initializing field NULL_CHAR
2024-11-12 13:42:08,659 INFO  CreateClassResetClassAdapter - Adding bytecode for initializing field NULL_BYTE
2024-11-12 13:42:08,659 INFO  CreateClassResetClassAdapter - Adding bytecode for initializing field CONVERT_NEL_TO
2024-11-12 13:42:08,659 INFO  CreateClassResetClassAdapter - Adding bytecode for initializing field CONVERT_LSEP_TO
2024-11-12 13:42:08,659 INFO  CreateClassResetClassAdapter - Adding bytecode for initializing field CHAR_DEL
2024-11-12 13:42:08,659 INFO  EvoClassLoader - Keeping class: com.ctc.wstx.io.BaseReader
2024-11-12 13:42:08,659 INFO  EvoClassLoader - Seeing class for first time: com.ctc.wstx.io.UTF8Reader
2024-11-12 13:42:08,659 INFO  EvoClassLoader - Instrumenting class 'com.ctc.wstx.io.UTF8Reader'.
2024-11-12 13:42:08,659 INFO  MethodCallReplacementClassAdapter - Adding mock interface to class com/ctc/wstx/io/UTF8Reader
2024-11-12 13:42:08,659 INFO  CreateClassResetClassAdapter - Creating brand-new static initializer in class com/ctc/wstx/io/UTF8Reader
2024-11-12 13:42:08,660 INFO  EvoClassLoader - Keeping class: com.ctc.wstx.io.UTF8Reader
2024-11-12 13:42:08,660 INFO  EvoClassLoader - Seeing class for first time: com.ctc.wstx.io.ISOLatinReader
2024-11-12 13:42:08,660 INFO  EvoClassLoader - Instrumenting class 'com.ctc.wstx.io.ISOLatinReader'.
2024-11-12 13:42:08,660 INFO  MethodCallReplacementClassAdapter - Adding mock interface to class com/ctc/wstx/io/ISOLatinReader
2024-11-12 13:42:08,660 INFO  CreateClassResetClassAdapter - Creating brand-new static initializer in class com/ctc/wstx/io/ISOLatinReader
2024-11-12 13:42:08,660 INFO  EvoClassLoader - Keeping class: com.ctc.wstx.io.ISOLatinReader
2024-11-12 13:42:08,660 INFO  EvoClassLoader - Seeing class for first time: com.ctc.wstx.io.AsciiReader
2024-11-12 13:42:08,660 INFO  EvoClassLoader - Instrumenting class 'com.ctc.wstx.io.AsciiReader'.
2024-11-12 13:42:08,660 INFO  MethodCallReplacementClassAdapter - Adding mock interface to class com/ctc/wstx/io/AsciiReader
2024-11-12 13:42:08,660 INFO  CreateClassResetClassAdapter - Creating brand-new static initializer in class com/ctc/wstx/io/AsciiReader
2024-11-12 13:42:08,661 INFO  EvoClassLoader - Keeping class: com.ctc.wstx.io.AsciiReader
2024-11-12 13:42:08,661 INFO  EvoClassLoader - Seeing class for first time: com.ctc.wstx.io.UTF32Reader
2024-11-12 13:42:08,661 INFO  EvoClassLoader - Instrumenting class 'com.ctc.wstx.io.UTF32Reader'.
2024-11-12 13:42:08,661 INFO  MethodCallReplacementClassAdapter - Adding mock interface to class com/ctc/wstx/io/UTF32Reader
2024-11-12 13:42:08,661 INFO  CreateClassResetClassAdapter - Creating brand-new static initializer in class com/ctc/wstx/io/UTF32Reader
2024-11-12 13:42:08,661 INFO  EvoClassLoader - Keeping class: com.ctc.wstx.io.UTF32Reader
2024-11-12 13:42:08,661 INFO  EvoClassLoader - Seeing class for first time: com.ctc.wstx.io.MergedStream
2024-11-12 13:42:08,661 INFO  EvoClassLoader - Instrumenting class 'com.ctc.wstx.io.MergedStream'.
2024-11-12 13:42:08,661 INFO  MethodCallReplacementClassAdapter - Adding mock interface to class com/ctc/wstx/io/MergedStream
2024-11-12 13:42:08,662 INFO  CreateClassResetClassAdapter - Creating brand-new static initializer in class com/ctc/wstx/io/MergedStream
2024-11-12 13:42:08,662 INFO  EvoClassLoader - Keeping class: com.ctc.wstx.io.MergedStream
2024-11-12 13:42:08,662 INFO  EvoClassLoader - Seeing class for first time: com.ctc.wstx.io.InputSourceFactory
2024-11-12 13:42:08,662 INFO  EvoClassLoader - Instrumenting class 'com.ctc.wstx.io.InputSourceFactory'.
2024-11-12 13:42:08,663 INFO  MethodCallReplacementClassAdapter - Adding mock interface to class com/ctc/wstx/io/InputSourceFactory
2024-11-12 13:42:08,663 INFO  CreateClassResetClassAdapter - Creating brand-new static initializer in class com/ctc/wstx/io/InputSourceFactory
2024-11-12 13:42:08,663 INFO  EvoClassLoader - Keeping class: com.ctc.wstx.io.InputSourceFactory
2024-11-12 13:42:08,663 INFO  EvoClassLoader - Seeing class for first time: com.ctc.wstx.io.WstxInputSource
2024-11-12 13:42:08,663 INFO  EvoClassLoader - Instrumenting class 'com.ctc.wstx.io.WstxInputSource'.
2024-11-12 13:42:08,664 INFO  MethodCallReplacementClassAdapter - Adding mock interface to class com/ctc/wstx/io/WstxInputSource
2024-11-12 13:42:08,664 INFO  CreateClassResetClassAdapter - Creating brand-new static initializer in class com/ctc/wstx/io/WstxInputSource
2024-11-12 13:42:08,665 INFO  EvoClassLoader - Keeping class: com.ctc.wstx.io.WstxInputSource
2024-11-12 13:42:08,665 INFO  EvoClassLoader - Seeing class for first time: com.ctc.wstx.io.CharArraySource
2024-11-12 13:42:08,665 INFO  EvoClassLoader - Instrumenting class 'com.ctc.wstx.io.CharArraySource'.
2024-11-12 13:42:08,665 INFO  MethodCallReplacementClassAdapter - Adding mock interface to class com/ctc/wstx/io/CharArraySource
2024-11-12 13:42:08,665 INFO  CreateClassResetClassAdapter - Creating brand-new static initializer in class com/ctc/wstx/io/CharArraySource
2024-11-12 13:42:08,665 INFO  EvoClassLoader - Seeing class for first time: com.ctc.wstx.io.BaseInputSource
2024-11-12 13:42:08,665 INFO  EvoClassLoader - Instrumenting class 'com.ctc.wstx.io.BaseInputSource'.
2024-11-12 13:42:08,666 INFO  MethodCallReplacementClassAdapter - Adding mock interface to class com/ctc/wstx/io/BaseInputSource
2024-11-12 13:42:08,666 INFO  CreateClassResetClassAdapter - Creating brand-new static initializer in class com/ctc/wstx/io/BaseInputSource
2024-11-12 13:42:08,666 INFO  EvoClassLoader - Keeping class: com.ctc.wstx.io.BaseInputSource
2024-11-12 13:42:08,666 INFO  EvoClassLoader - Keeping class: com.ctc.wstx.io.CharArraySource
2024-11-12 13:42:08,666 INFO  EvoClassLoader - Seeing class for first time: com.ctc.wstx.io.BranchingReaderSource
2024-11-12 13:42:08,666 INFO  EvoClassLoader - Instrumenting class 'com.ctc.wstx.io.BranchingReaderSource'.
2024-11-12 13:42:08,667 INFO  MethodCallReplacementClassAdapter - Adding mock interface to class com/ctc/wstx/io/BranchingReaderSource
2024-11-12 13:42:08,667 INFO  CreateClassResetClassAdapter - Creating brand-new static initializer in class com/ctc/wstx/io/BranchingReaderSource
2024-11-12 13:42:08,667 INFO  EvoClassLoader - Seeing class for first time: com.ctc.wstx.io.ReaderSource
2024-11-12 13:42:08,667 INFO  EvoClassLoader - Instrumenting class 'com.ctc.wstx.io.ReaderSource'.
2024-11-12 13:42:08,667 INFO  MethodCallReplacementClassAdapter - Adding mock interface to class com/ctc/wstx/io/ReaderSource
2024-11-12 13:42:08,668 INFO  CreateClassResetClassAdapter - Creating brand-new static initializer in class com/ctc/wstx/io/ReaderSource
2024-11-12 13:42:08,668 INFO  EvoClassLoader - Keeping class: com.ctc.wstx.io.ReaderSource
2024-11-12 13:42:08,668 INFO  EvoClassLoader - Keeping class: com.ctc.wstx.io.BranchingReaderSource
2024-11-12 13:42:08,668 INFO  EvoClassLoader - Seeing class for first time: com.ctc.wstx.sr.ValidatingStreamReader
2024-11-12 13:42:08,668 INFO  EvoClassLoader - Instrumenting class 'com.ctc.wstx.sr.ValidatingStreamReader'.
2024-11-12 13:42:08,669 INFO  MethodCallReplacementClassAdapter - Adding mock interface to class com/ctc/wstx/sr/ValidatingStreamReader
2024-11-12 13:42:08,671 INFO  CreateClassResetClassAdapter - Creating brand-new static initializer in class com/ctc/wstx/sr/ValidatingStreamReader
2024-11-12 13:42:08,671 INFO  CreateClassResetClassAdapter - Adding bytecode for initializing field STAX_PROP_ENTITIES
2024-11-12 13:42:08,671 INFO  CreateClassResetClassAdapter - Adding bytecode for initializing field STAX_PROP_NOTATIONS
2024-11-12 13:42:08,671 INFO  EvoClassLoader - Seeing class for first time: com.ctc.wstx.sr.TypedStreamReader
2024-11-12 13:42:08,671 INFO  EvoClassLoader - Instrumenting class 'com.ctc.wstx.sr.TypedStreamReader'.
2024-11-12 13:42:08,672 INFO  MethodCallReplacementClassAdapter - Adding mock interface to class com/ctc/wstx/sr/TypedStreamReader
2024-11-12 13:42:08,673 INFO  CreateClassResetClassAdapter - Creating brand-new static initializer in class com/ctc/wstx/sr/TypedStreamReader
2024-11-12 13:42:08,673 INFO  CreateClassResetClassAdapter - Adding bytecode for initializing field MASK_TYPED_ACCESS_ARRAY
2024-11-12 13:42:08,673 INFO  CreateClassResetClassAdapter - Adding bytecode for initializing field MASK_TYPED_ACCESS_BINARY
2024-11-12 13:42:08,673 INFO  CreateClassResetClassAdapter - Adding bytecode for initializing field MIN_BINARY_CHUNK
2024-11-12 13:42:08,674 INFO  EvoClassLoader - Seeing class for first time: com.ctc.wstx.sr.BasicStreamReader
2024-11-12 13:42:08,674 INFO  EvoClassLoader - Instrumenting class 'com.ctc.wstx.sr.BasicStreamReader'.
2024-11-12 13:42:08,675 INFO  MethodCallReplacementClassAdapter - Adding mock interface to class com/ctc/wstx/sr/BasicStreamReader
2024-11-12 13:42:08,679 INFO  CreateClassResetClassAdapter - Found static initializer in class com/ctc/wstx/sr/BasicStreamReader
2024-11-12 13:42:08,680 INFO  EvoClassLoader - Seeing class for first time: com.ctc.wstx.sr.StreamReaderImpl
2024-11-12 13:42:08,680 INFO  EvoClassLoader - Instrumenting class 'com.ctc.wstx.sr.StreamReaderImpl'.
2024-11-12 13:42:08,680 INFO  EvoClassLoader - Keeping class: com.ctc.wstx.sr.StreamReaderImpl
2024-11-12 13:42:08,680 INFO  EvoClassLoader - Seeing class for first time: org.codehaus.stax2.DTDInfo
2024-11-12 13:42:08,680 INFO  EvoClassLoader - Instrumenting class 'org.codehaus.stax2.DTDInfo'.
2024-11-12 13:42:08,680 INFO  EvoClassLoader - Keeping class: org.codehaus.stax2.DTDInfo
2024-11-12 13:42:08,680 INFO  EvoClassLoader - Seeing class for first time: org.codehaus.stax2.LocationInfo
2024-11-12 13:42:08,680 INFO  EvoClassLoader - Instrumenting class 'org.codehaus.stax2.LocationInfo'.
2024-11-12 13:42:08,680 INFO  EvoClassLoader - Keeping class: org.codehaus.stax2.LocationInfo
2024-11-12 13:42:08,681 INFO  EvoClassLoader - Seeing class for first time: com.ctc.wstx.sr.StreamScanner
2024-11-12 13:42:08,681 INFO  EvoClassLoader - Instrumenting class 'com.ctc.wstx.sr.StreamScanner'.
2024-11-12 13:42:08,681 INFO  MethodCallReplacementClassAdapter - Adding mock interface to class com/ctc/wstx/sr/StreamScanner
2024-11-12 13:42:08,684 INFO  CreateClassResetClassAdapter - Found static initializer in class com/ctc/wstx/sr/StreamScanner
2024-11-12 13:42:08,685 INFO  EvoClassLoader - Seeing class for first time: com.ctc.wstx.sr.InputProblemReporter
2024-11-12 13:42:08,685 INFO  EvoClassLoader - Instrumenting class 'com.ctc.wstx.sr.InputProblemReporter'.
2024-11-12 13:42:08,685 INFO  EvoClassLoader - Keeping class: com.ctc.wstx.sr.InputProblemReporter
2024-11-12 13:42:08,685 INFO  EvoClassLoader - Seeing class for first time: com.ctc.wstx.cfg.ParsingErrorMsgs
2024-11-12 13:42:08,685 INFO  EvoClassLoader - Instrumenting class 'com.ctc.wstx.cfg.ParsingErrorMsgs'.
2024-11-12 13:42:08,686 INFO  EvoClassLoader - Keeping class: com.ctc.wstx.cfg.ParsingErrorMsgs
2024-11-12 13:42:08,686 INFO  EvoClassLoader - Seeing class for first time: com.ctc.wstx.io.WstxInputData
2024-11-12 13:42:08,686 INFO  EvoClassLoader - Instrumenting class 'com.ctc.wstx.io.WstxInputData'.
2024-11-12 13:42:08,686 INFO  MethodCallReplacementClassAdapter - Adding mock interface to class com/ctc/wstx/io/WstxInputData
2024-11-12 13:42:08,686 INFO  CreateClassResetClassAdapter - Found static initializer in class com/ctc/wstx/io/WstxInputData
2024-11-12 13:42:08,686 INFO  EvoClassLoader - Keeping class: com.ctc.wstx.io.WstxInputData
2024-11-12 13:42:08,687 INFO  EvoClassLoader - Keeping class: com.ctc.wstx.sr.StreamScanner
2024-11-12 13:42:08,687 INFO  EvoClassLoader - Keeping class: com.ctc.wstx.sr.BasicStreamReader
2024-11-12 13:42:08,687 INFO  EvoClassLoader - Keeping class: com.ctc.wstx.sr.TypedStreamReader
2024-11-12 13:42:08,687 INFO  EvoClassLoader - Keeping class: com.ctc.wstx.sr.ValidatingStreamReader
2024-11-12 13:42:08,687 INFO  EvoClassLoader - Seeing class for first time: com.ctc.wstx.exc.WstxValidationException
2024-11-12 13:42:08,687 INFO  EvoClassLoader - Instrumenting class 'com.ctc.wstx.exc.WstxValidationException'.
2024-11-12 13:42:08,687 INFO  MethodCallReplacementClassAdapter - Adding mock interface to class com/ctc/wstx/exc/WstxValidationException
2024-11-12 13:42:08,687 INFO  CreateClassResetClassAdapter - Creating brand-new static initializer in class com/ctc/wstx/exc/WstxValidationException
2024-11-12 13:42:08,688 INFO  EvoClassLoader - Seeing class for first time: org.codehaus.stax2.validation.XMLValidationException
2024-11-12 13:42:08,688 INFO  EvoClassLoader - Instrumenting class 'org.codehaus.stax2.validation.XMLValidationException'.
2024-11-12 13:42:08,688 INFO  MethodCallReplacementClassAdapter - Adding mock interface to class org/codehaus/stax2/validation/XMLValidationException
2024-11-12 13:42:08,688 INFO  CreateClassResetClassAdapter - Creating brand-new static initializer in class org/codehaus/stax2/validation/XMLValidationException
2024-11-12 13:42:08,688 INFO  EvoClassLoader - Keeping class: org.codehaus.stax2.validation.XMLValidationException
2024-11-12 13:42:08,688 INFO  EvoClassLoader - Keeping class: com.ctc.wstx.exc.WstxValidationException
2024-11-12 13:42:08,689 INFO  EvoClassLoader - Seeing class for first time: org.codehaus.stax2.XMLStreamLocation2
2024-11-12 13:42:08,689 INFO  EvoClassLoader - Instrumenting class 'org.codehaus.stax2.XMLStreamLocation2'.
2024-11-12 13:42:08,689 INFO  EvoClassLoader - Keeping class: org.codehaus.stax2.XMLStreamLocation2
2024-11-12 13:42:08,689 INFO  EvoClassLoader - Seeing class for first time: com.ctc.wstx.ent.EntityDecl
2024-11-12 13:42:08,689 INFO  EvoClassLoader - Instrumenting class 'com.ctc.wstx.ent.EntityDecl'.
2024-11-12 13:42:08,690 INFO  MethodCallReplacementClassAdapter - Adding mock interface to class com/ctc/wstx/ent/EntityDecl
2024-11-12 13:42:08,690 INFO  CreateClassResetClassAdapter - Creating brand-new static initializer in class com/ctc/wstx/ent/EntityDecl
2024-11-12 13:42:08,690 INFO  EvoClassLoader - Defined package (3): package com.ctc.wstx.ent, -1605853178
2024-11-12 13:42:08,690 INFO  EvoClassLoader - Seeing class for first time: com.ctc.wstx.evt.WEntityDeclaration
2024-11-12 13:42:08,690 INFO  EvoClassLoader - Instrumenting class 'com.ctc.wstx.evt.WEntityDeclaration'.
2024-11-12 13:42:08,690 INFO  MethodCallReplacementClassAdapter - Adding mock interface to class com/ctc/wstx/evt/WEntityDeclaration
2024-11-12 13:42:08,690 INFO  CreateClassResetClassAdapter - Creating brand-new static initializer in class com/ctc/wstx/evt/WEntityDeclaration
2024-11-12 13:42:08,690 INFO  EvoClassLoader - Defined package (3): package com.ctc.wstx.evt, -1605852930
2024-11-12 13:42:08,690 INFO  EvoClassLoader - Seeing class for first time: org.codehaus.stax2.ri.evt.BaseEventImpl
2024-11-12 13:42:08,690 INFO  EvoClassLoader - Instrumenting class 'org.codehaus.stax2.ri.evt.BaseEventImpl'.
2024-11-12 13:42:08,691 INFO  MethodCallReplacementClassAdapter - Adding mock interface to class org/codehaus/stax2/ri/evt/BaseEventImpl
2024-11-12 13:42:08,691 INFO  CreateClassResetClassAdapter - Creating brand-new static initializer in class org/codehaus/stax2/ri/evt/BaseEventImpl
2024-11-12 13:42:08,691 INFO  EvoClassLoader - Defined package (3): package org.codehaus.stax2.ri.evt, -220188000
2024-11-12 13:42:08,691 INFO  EvoClassLoader - Seeing class for first time: org.codehaus.stax2.evt.XMLEvent2
2024-11-12 13:42:08,691 INFO  EvoClassLoader - Instrumenting class 'org.codehaus.stax2.evt.XMLEvent2'.
2024-11-12 13:42:08,691 INFO  EvoClassLoader - Defined package (3): package org.codehaus.stax2.evt, -1695602321
2024-11-12 13:42:08,692 INFO  EvoClassLoader - Keeping class: org.codehaus.stax2.evt.XMLEvent2
2024-11-12 13:42:08,692 INFO  EvoClassLoader - Keeping class: org.codehaus.stax2.ri.evt.BaseEventImpl
2024-11-12 13:42:08,692 INFO  EvoClassLoader - Keeping class: com.ctc.wstx.evt.WEntityDeclaration
2024-11-12 13:42:08,692 INFO  EvoClassLoader - Keeping class: com.ctc.wstx.ent.EntityDecl
2024-11-12 13:42:08,692 INFO  EvoClassLoader - Seeing class for first time: com.ctc.wstx.ent.IntEntity
2024-11-12 13:42:08,692 INFO  EvoClassLoader - Instrumenting class 'com.ctc.wstx.ent.IntEntity'.
2024-11-12 13:42:08,693 INFO  MethodCallReplacementClassAdapter - Adding mock interface to class com/ctc/wstx/ent/IntEntity
2024-11-12 13:42:08,693 INFO  CreateClassResetClassAdapter - Creating brand-new static initializer in class com/ctc/wstx/ent/IntEntity
2024-11-12 13:42:08,693 INFO  EvoClassLoader - Keeping class: com.ctc.wstx.ent.IntEntity
2024-11-12 13:42:08,694 INFO  EvoClassLoader - Seeing class for first time: org.codehaus.stax2.AttributeInfo
2024-11-12 13:42:08,694 INFO  EvoClassLoader - Instrumenting class 'org.codehaus.stax2.AttributeInfo'.
2024-11-12 13:42:08,695 INFO  EvoClassLoader - Keeping class: org.codehaus.stax2.AttributeInfo
2024-11-12 13:42:08,695 INFO  EvoClassLoader - Seeing class for first time: org.codehaus.stax2.typed.TypedXMLStreamException
2024-11-12 13:42:08,695 INFO  EvoClassLoader - Instrumenting class 'org.codehaus.stax2.typed.TypedXMLStreamException'.
2024-11-12 13:42:08,695 INFO  MethodCallReplacementClassAdapter - Adding mock interface to class org/codehaus/stax2/typed/TypedXMLStreamException
2024-11-12 13:42:08,695 INFO  CreateClassResetClassAdapter - Creating brand-new static initializer in class org/codehaus/stax2/typed/TypedXMLStreamException
2024-11-12 13:42:08,695 INFO  EvoClassLoader - Keeping class: org.codehaus.stax2.typed.TypedXMLStreamException
2024-11-12 13:42:08,697 INFO  EvoClassLoader - Seeing class for first time: org.codehaus.stax2.typed.TypedValueDecoder
2024-11-12 13:42:08,697 INFO  EvoClassLoader - Instrumenting class 'org.codehaus.stax2.typed.TypedValueDecoder'.
2024-11-12 13:42:08,698 INFO  MethodCallReplacementClassAdapter - Adding mock interface to class org/codehaus/stax2/typed/TypedValueDecoder
2024-11-12 13:42:08,698 INFO  CreateClassResetClassAdapter - Creating brand-new static initializer in class org/codehaus/stax2/typed/TypedValueDecoder
2024-11-12 13:42:08,698 INFO  EvoClassLoader - Keeping class: org.codehaus.stax2.typed.TypedValueDecoder
2024-11-12 13:42:08,698 INFO  EvoClassLoader - Seeing class for first time: org.codehaus.stax2.ri.typed.ValueDecoderFactory$IntDecoder
2024-11-12 13:42:08,698 INFO  EvoClassLoader - Instrumenting class 'org.codehaus.stax2.ri.typed.ValueDecoderFactory$IntDecoder'.
2024-11-12 13:42:08,698 INFO  MethodCallReplacementClassAdapter - Adding mock interface to class org/codehaus/stax2/ri/typed/ValueDecoderFactory$IntDecoder
2024-11-12 13:42:08,699 INFO  CreateClassResetClassAdapter - Creating brand-new static initializer in class org/codehaus/stax2/ri/typed/ValueDecoderFactory$IntDecoder
2024-11-12 13:42:08,699 INFO  EvoClassLoader - Defined package (3): package org.codehaus.stax2.ri.typed, -1133328921
2024-11-12 13:42:08,699 INFO  EvoClassLoader - Seeing class for first time: org.codehaus.stax2.ri.typed.ValueDecoderFactory$DecoderBase
2024-11-12 13:42:08,699 INFO  EvoClassLoader - Instrumenting class 'org.codehaus.stax2.ri.typed.ValueDecoderFactory$DecoderBase'.
2024-11-12 13:42:08,700 INFO  MethodCallReplacementClassAdapter - Adding mock interface to class org/codehaus/stax2/ri/typed/ValueDecoderFactory$DecoderBase
2024-11-12 13:42:08,701 INFO  CreateClassResetClassAdapter - Found static initializer in class org/codehaus/stax2/ri/typed/ValueDecoderFactory$DecoderBase
2024-11-12 13:42:08,701 INFO  EvoClassLoader - Keeping class: org.codehaus.stax2.ri.typed.ValueDecoderFactory$DecoderBase
2024-11-12 13:42:08,701 INFO  EvoClassLoader - Keeping class: org.codehaus.stax2.ri.typed.ValueDecoderFactory$IntDecoder
2024-11-12 13:42:08,701 INFO  EvoClassLoader - Seeing class for first time: org.codehaus.stax2.ri.typed.ValueDecoderFactory$BooleanDecoder
2024-11-12 13:42:08,701 INFO  EvoClassLoader - Instrumenting class 'org.codehaus.stax2.ri.typed.ValueDecoderFactory$BooleanDecoder'.
2024-11-12 13:42:08,702 INFO  MethodCallReplacementClassAdapter - Adding mock interface to class org/codehaus/stax2/ri/typed/ValueDecoderFactory$BooleanDecoder
2024-11-12 13:42:08,702 INFO  CreateClassResetClassAdapter - Creating brand-new static initializer in class org/codehaus/stax2/ri/typed/ValueDecoderFactory$BooleanDecoder
2024-11-12 13:42:08,702 INFO  EvoClassLoader - Keeping class: org.codehaus.stax2.ri.typed.ValueDecoderFactory$BooleanDecoder
2024-11-12 13:42:08,702 INFO  EvoClassLoader - Seeing class for first time: org.codehaus.stax2.ri.typed.ValueDecoderFactory$LongDecoder
2024-11-12 13:42:08,702 INFO  EvoClassLoader - Instrumenting class 'org.codehaus.stax2.ri.typed.ValueDecoderFactory$LongDecoder'.
2024-11-12 13:42:08,703 INFO  MethodCallReplacementClassAdapter - Adding mock interface to class org/codehaus/stax2/ri/typed/ValueDecoderFactory$LongDecoder
2024-11-12 13:42:08,704 INFO  CreateClassResetClassAdapter - Creating brand-new static initializer in class org/codehaus/stax2/ri/typed/ValueDecoderFactory$LongDecoder
2024-11-12 13:42:08,704 INFO  EvoClassLoader - Keeping class: org.codehaus.stax2.ri.typed.ValueDecoderFactory$LongDecoder
2024-11-12 13:42:08,704 INFO  EvoClassLoader - Seeing class for first time: org.codehaus.stax2.ri.typed.ValueDecoderFactory$FloatDecoder
2024-11-12 13:42:08,704 INFO  EvoClassLoader - Instrumenting class 'org.codehaus.stax2.ri.typed.ValueDecoderFactory$FloatDecoder'.
2024-11-12 13:42:08,705 INFO  MethodCallReplacementClassAdapter - Adding mock interface to class org/codehaus/stax2/ri/typed/ValueDecoderFactory$FloatDecoder
2024-11-12 13:42:08,705 INFO  CreateClassResetClassAdapter - Creating brand-new static initializer in class org/codehaus/stax2/ri/typed/ValueDecoderFactory$FloatDecoder
2024-11-12 13:42:08,705 INFO  EvoClassLoader - Keeping class: org.codehaus.stax2.ri.typed.ValueDecoderFactory$FloatDecoder
2024-11-12 13:42:08,706 INFO  EvoClassLoader - Seeing class for first time: org.codehaus.stax2.ri.typed.ValueDecoderFactory$DoubleDecoder
2024-11-12 13:42:08,706 INFO  EvoClassLoader - Instrumenting class 'org.codehaus.stax2.ri.typed.ValueDecoderFactory$DoubleDecoder'.
2024-11-12 13:42:08,706 INFO  MethodCallReplacementClassAdapter - Adding mock interface to class org/codehaus/stax2/ri/typed/ValueDecoderFactory$DoubleDecoder
2024-11-12 13:42:08,706 INFO  CreateClassResetClassAdapter - Creating brand-new static initializer in class org/codehaus/stax2/ri/typed/ValueDecoderFactory$DoubleDecoder
2024-11-12 13:42:08,706 INFO  EvoClassLoader - Keeping class: org.codehaus.stax2.ri.typed.ValueDecoderFactory$DoubleDecoder
2024-11-12 13:42:08,706 INFO  EvoClassLoader - Seeing class for first time: org.codehaus.stax2.ri.typed.ValueDecoderFactory$IntegerDecoder
2024-11-12 13:42:08,706 INFO  EvoClassLoader - Instrumenting class 'org.codehaus.stax2.ri.typed.ValueDecoderFactory$IntegerDecoder'.
2024-11-12 13:42:08,706 INFO  MethodCallReplacementClassAdapter - Adding mock interface to class org/codehaus/stax2/ri/typed/ValueDecoderFactory$IntegerDecoder
2024-11-12 13:42:08,706 INFO  CreateClassResetClassAdapter - Creating brand-new static initializer in class org/codehaus/stax2/ri/typed/ValueDecoderFactory$IntegerDecoder
2024-11-12 13:42:08,706 INFO  EvoClassLoader - Keeping class: org.codehaus.stax2.ri.typed.ValueDecoderFactory$IntegerDecoder
2024-11-12 13:42:08,706 INFO  EvoClassLoader - Seeing class for first time: org.codehaus.stax2.ri.typed.ValueDecoderFactory$DecimalDecoder
2024-11-12 13:42:08,706 INFO  EvoClassLoader - Instrumenting class 'org.codehaus.stax2.ri.typed.ValueDecoderFactory$DecimalDecoder'.
2024-11-12 13:42:08,707 INFO  MethodCallReplacementClassAdapter - Adding mock interface to class org/codehaus/stax2/ri/typed/ValueDecoderFactory$DecimalDecoder
2024-11-12 13:42:08,707 INFO  CreateClassResetClassAdapter - Creating brand-new static initializer in class org/codehaus/stax2/ri/typed/ValueDecoderFactory$DecimalDecoder
2024-11-12 13:42:08,707 INFO  EvoClassLoader - Keeping class: org.codehaus.stax2.ri.typed.ValueDecoderFactory$DecimalDecoder
2024-11-12 13:42:08,707 INFO  EvoClassLoader - Seeing class for first time: org.codehaus.stax2.ri.typed.ValueDecoderFactory$QNameDecoder
2024-11-12 13:42:08,707 INFO  EvoClassLoader - Instrumenting class 'org.codehaus.stax2.ri.typed.ValueDecoderFactory$QNameDecoder'.
2024-11-12 13:42:08,707 INFO  MethodCallReplacementClassAdapter - Adding mock interface to class org/codehaus/stax2/ri/typed/ValueDecoderFactory$QNameDecoder
2024-11-12 13:42:08,708 INFO  CreateClassResetClassAdapter - Creating brand-new static initializer in class org/codehaus/stax2/ri/typed/ValueDecoderFactory$QNameDecoder
2024-11-12 13:42:08,708 INFO  EvoClassLoader - Keeping class: org.codehaus.stax2.ri.typed.ValueDecoderFactory$QNameDecoder
2024-11-12 13:42:08,708 INFO  EvoClassLoader - Seeing class for first time: org.codehaus.stax2.typed.TypedArrayDecoder
2024-11-12 13:42:08,708 INFO  EvoClassLoader - Instrumenting class 'org.codehaus.stax2.typed.TypedArrayDecoder'.
2024-11-12 13:42:08,708 INFO  MethodCallReplacementClassAdapter - Adding mock interface to class org/codehaus/stax2/typed/TypedArrayDecoder
2024-11-12 13:42:08,708 INFO  CreateClassResetClassAdapter - Creating brand-new static initializer in class org/codehaus/stax2/typed/TypedArrayDecoder
2024-11-12 13:42:08,709 INFO  EvoClassLoader - Keeping class: org.codehaus.stax2.typed.TypedArrayDecoder
2024-11-12 13:42:08,709 INFO  EvoClassLoader - Seeing class for first time: org.codehaus.stax2.ri.typed.ValueDecoderFactory$IntArrayDecoder
2024-11-12 13:42:08,709 INFO  EvoClassLoader - Instrumenting class 'org.codehaus.stax2.ri.typed.ValueDecoderFactory$IntArrayDecoder'.
2024-11-12 13:42:08,709 INFO  MethodCallReplacementClassAdapter - Adding mock interface to class org/codehaus/stax2/ri/typed/ValueDecoderFactory$IntArrayDecoder
2024-11-12 13:42:08,709 INFO  CreateClassResetClassAdapter - Creating brand-new static initializer in class org/codehaus/stax2/ri/typed/ValueDecoderFactory$IntArrayDecoder
2024-11-12 13:42:08,709 INFO  EvoClassLoader - Seeing class for first time: org.codehaus.stax2.ri.typed.ValueDecoderFactory$BaseArrayDecoder
2024-11-12 13:42:08,709 INFO  EvoClassLoader - Instrumenting class 'org.codehaus.stax2.ri.typed.ValueDecoderFactory$BaseArrayDecoder'.
2024-11-12 13:42:08,709 INFO  MethodCallReplacementClassAdapter - Adding mock interface to class org/codehaus/stax2/ri/typed/ValueDecoderFactory$BaseArrayDecoder
2024-11-12 13:42:08,709 INFO  CreateClassResetClassAdapter - Creating brand-new static initializer in class org/codehaus/stax2/ri/typed/ValueDecoderFactory$BaseArrayDecoder
2024-11-12 13:42:08,709 INFO  CreateClassResetClassAdapter - Adding bytecode for initializing field INITIAL_RESULT_BUFFER_SIZE
2024-11-12 13:42:08,709 INFO  CreateClassResetClassAdapter - Adding bytecode for initializing field SMALL_RESULT_BUFFER_SIZE
2024-11-12 13:42:08,709 INFO  EvoClassLoader - Keeping class: org.codehaus.stax2.ri.typed.ValueDecoderFactory$BaseArrayDecoder
2024-11-12 13:42:08,709 INFO  EvoClassLoader - Keeping class: org.codehaus.stax2.ri.typed.ValueDecoderFactory$IntArrayDecoder
2024-11-12 13:42:08,709 INFO  EvoClassLoader - Seeing class for first time: org.codehaus.stax2.ri.typed.ValueDecoderFactory$LongArrayDecoder
2024-11-12 13:42:08,709 INFO  EvoClassLoader - Instrumenting class 'org.codehaus.stax2.ri.typed.ValueDecoderFactory$LongArrayDecoder'.
2024-11-12 13:42:08,710 INFO  MethodCallReplacementClassAdapter - Adding mock interface to class org/codehaus/stax2/ri/typed/ValueDecoderFactory$LongArrayDecoder
2024-11-12 13:42:08,710 INFO  CreateClassResetClassAdapter - Creating brand-new static initializer in class org/codehaus/stax2/ri/typed/ValueDecoderFactory$LongArrayDecoder
2024-11-12 13:42:08,710 INFO  EvoClassLoader - Keeping class: org.codehaus.stax2.ri.typed.ValueDecoderFactory$LongArrayDecoder
2024-11-12 13:42:08,710 INFO  EvoClassLoader - Seeing class for first time: org.codehaus.stax2.ri.typed.ValueDecoderFactory$FloatArrayDecoder
2024-11-12 13:42:08,710 INFO  EvoClassLoader - Instrumenting class 'org.codehaus.stax2.ri.typed.ValueDecoderFactory$FloatArrayDecoder'.
2024-11-12 13:42:08,710 INFO  MethodCallReplacementClassAdapter - Adding mock interface to class org/codehaus/stax2/ri/typed/ValueDecoderFactory$FloatArrayDecoder
2024-11-12 13:42:08,710 INFO  CreateClassResetClassAdapter - Creating brand-new static initializer in class org/codehaus/stax2/ri/typed/ValueDecoderFactory$FloatArrayDecoder
2024-11-12 13:42:08,710 INFO  EvoClassLoader - Keeping class: org.codehaus.stax2.ri.typed.ValueDecoderFactory$FloatArrayDecoder
2024-11-12 13:42:08,710 INFO  EvoClassLoader - Seeing class for first time: org.codehaus.stax2.ri.typed.ValueDecoderFactory$DoubleArrayDecoder
2024-11-12 13:42:08,710 INFO  EvoClassLoader - Instrumenting class 'org.codehaus.stax2.ri.typed.ValueDecoderFactory$DoubleArrayDecoder'.
2024-11-12 13:42:08,710 INFO  MethodCallReplacementClassAdapter - Adding mock interface to class org/codehaus/stax2/ri/typed/ValueDecoderFactory$DoubleArrayDecoder
2024-11-12 13:42:08,710 INFO  CreateClassResetClassAdapter - Creating brand-new static initializer in class org/codehaus/stax2/ri/typed/ValueDecoderFactory$DoubleArrayDecoder
2024-11-12 13:42:08,711 INFO  EvoClassLoader - Keeping class: org.codehaus.stax2.ri.typed.ValueDecoderFactory$DoubleArrayDecoder
2024-11-12 13:42:08,711 INFO  EvoClassLoader - Seeing class for first time: org.codehaus.stax2.validation.DTDValidationSchema
2024-11-12 13:42:08,711 INFO  EvoClassLoader - Instrumenting class 'org.codehaus.stax2.validation.DTDValidationSchema'.
2024-11-12 13:42:08,711 INFO  EvoClassLoader - Seeing class for first time: org.codehaus.stax2.validation.XMLValidationSchema
2024-11-12 13:42:08,711 INFO  EvoClassLoader - Instrumenting class 'org.codehaus.stax2.validation.XMLValidationSchema'.
2024-11-12 13:42:08,712 INFO  EvoClassLoader - Keeping class: org.codehaus.stax2.validation.XMLValidationSchema
2024-11-12 13:42:08,712 INFO  EvoClassLoader - Keeping class: org.codehaus.stax2.validation.DTDValidationSchema
2024-11-12 13:42:08,712 INFO  EvoClassLoader - Seeing class for first time: org.codehaus.stax2.validation.ValidationContext
2024-11-12 13:42:08,712 INFO  EvoClassLoader - Instrumenting class 'org.codehaus.stax2.validation.ValidationContext'.
2024-11-12 13:42:08,712 INFO  EvoClassLoader - Keeping class: org.codehaus.stax2.validation.ValidationContext
2024-11-12 13:42:08,712 INFO  EvoClassLoader - Seeing class for first time: com.ctc.wstx.sr.NsDefaultProvider
2024-11-12 13:42:08,712 INFO  EvoClassLoader - Instrumenting class 'com.ctc.wstx.sr.NsDefaultProvider'.
2024-11-12 13:42:08,712 INFO  EvoClassLoader - Keeping class: com.ctc.wstx.sr.NsDefaultProvider
2024-11-12 13:42:08,713 INFO  EvoClassLoader - Seeing class for first time: com.ctc.wstx.sr.InputElementStack
2024-11-12 13:42:08,713 INFO  EvoClassLoader - Instrumenting class 'com.ctc.wstx.sr.InputElementStack'.
2024-11-12 13:42:08,713 INFO  MethodCallReplacementClassAdapter - Adding mock interface to class com/ctc/wstx/sr/InputElementStack
2024-11-12 13:42:08,714 INFO  CreateClassResetClassAdapter - Creating brand-new static initializer in class com/ctc/wstx/sr/InputElementStack
2024-11-12 13:42:08,714 INFO  CreateClassResetClassAdapter - Adding bytecode for initializing field ID_ATTR_NONE
2024-11-12 13:42:08,715 INFO  EvoClassLoader - Keeping class: com.ctc.wstx.sr.InputElementStack
2024-11-12 13:42:08,715 INFO  EvoClassLoader - Seeing class for first time: org.codehaus.stax2.validation.XMLValidator
2024-11-12 13:42:08,715 INFO  EvoClassLoader - Instrumenting class 'org.codehaus.stax2.validation.XMLValidator'.
2024-11-12 13:42:08,715 INFO  MethodCallReplacementClassAdapter - Adding mock interface to class org/codehaus/stax2/validation/XMLValidator
2024-11-12 13:42:08,715 INFO  CreateClassResetClassAdapter - Creating brand-new static initializer in class org/codehaus/stax2/validation/XMLValidator
2024-11-12 13:42:08,715 INFO  CreateClassResetClassAdapter - Adding bytecode for initializing field CONTENT_ALLOW_NONE
2024-11-12 13:42:08,715 INFO  CreateClassResetClassAdapter - Adding bytecode for initializing field CONTENT_ALLOW_WS
2024-11-12 13:42:08,715 INFO  CreateClassResetClassAdapter - Adding bytecode for initializing field CONTENT_ALLOW_WS_NONSTRICT
2024-11-12 13:42:08,715 INFO  CreateClassResetClassAdapter - Adding bytecode for initializing field CONTENT_ALLOW_VALIDATABLE_TEXT
2024-11-12 13:42:08,715 INFO  CreateClassResetClassAdapter - Adding bytecode for initializing field CONTENT_ALLOW_ANY_TEXT
2024-11-12 13:42:08,715 INFO  CreateClassResetClassAdapter - Adding bytecode for initializing field CONTENT_ALLOW_UNDEFINED
2024-11-12 13:42:08,716 INFO  EvoClassLoader - Keeping class: org.codehaus.stax2.validation.XMLValidator
2024-11-12 13:42:08,716 INFO  EvoClassLoader - Seeing class for first time: org.codehaus.stax2.validation.ValidatorPair
2024-11-12 13:42:08,716 INFO  EvoClassLoader - Instrumenting class 'org.codehaus.stax2.validation.ValidatorPair'.
2024-11-12 13:42:08,716 INFO  MethodCallReplacementClassAdapter - Adding mock interface to class org/codehaus/stax2/validation/ValidatorPair
2024-11-12 13:42:08,716 INFO  CreateClassResetClassAdapter - Creating brand-new static initializer in class org/codehaus/stax2/validation/ValidatorPair
2024-11-12 13:42:08,716 INFO  CreateClassResetClassAdapter - Adding bytecode for initializing field ATTR_TYPE_DEFAULT
2024-11-12 13:42:08,717 INFO  EvoClassLoader - Keeping class: org.codehaus.stax2.validation.ValidatorPair
2024-11-12 13:42:08,717 INFO  EvoClassLoader - Seeing class for first time: com.ctc.wstx.util.EmptyNamespaceContext
2024-11-12 13:42:08,717 INFO  EvoClassLoader - Instrumenting class 'com.ctc.wstx.util.EmptyNamespaceContext'.
2024-11-12 13:42:08,717 INFO  MethodCallReplacementClassAdapter - Adding mock interface to class com/ctc/wstx/util/EmptyNamespaceContext
2024-11-12 13:42:08,717 INFO  CreateClassResetClassAdapter - Found static initializer in class com/ctc/wstx/util/EmptyNamespaceContext
2024-11-12 13:42:08,717 INFO  EvoClassLoader - Keeping class: com.ctc.wstx.util.EmptyNamespaceContext
2024-11-12 13:42:08,717 INFO  EvoClassLoader - Seeing class for first time: com.ctc.wstx.util.StringVector
2024-11-12 13:42:08,717 INFO  EvoClassLoader - Instrumenting class 'com.ctc.wstx.util.StringVector'.
2024-11-12 13:42:08,717 INFO  MethodCallReplacementClassAdapter - Adding mock interface to class com/ctc/wstx/util/StringVector
2024-11-12 13:42:08,718 INFO  CreateClassResetClassAdapter - Creating brand-new static initializer in class com/ctc/wstx/util/StringVector
2024-11-12 13:42:08,718 INFO  EvoClassLoader - Keeping class: com.ctc.wstx.util.StringVector
2024-11-12 13:42:08,718 INFO  EvoClassLoader - Seeing class for first time: com.ctc.wstx.sr.AttributeCollector
2024-11-12 13:42:08,718 INFO  EvoClassLoader - Instrumenting class 'com.ctc.wstx.sr.AttributeCollector'.
2024-11-12 13:42:08,719 INFO  MethodCallReplacementClassAdapter - Adding mock interface to class com/ctc/wstx/sr/AttributeCollector
2024-11-12 13:42:08,720 INFO  CreateClassResetClassAdapter - Found static initializer in class com/ctc/wstx/sr/AttributeCollector
2024-11-12 13:42:08,721 INFO  EvoClassLoader - Keeping class: com.ctc.wstx.sr.AttributeCollector
2024-11-12 13:42:08,722 INFO  EvoClassLoader - Seeing class for first time: com.ctc.wstx.util.InternCache
2024-11-12 13:42:08,722 INFO  EvoClassLoader - Instrumenting class 'com.ctc.wstx.util.InternCache'.
2024-11-12 13:42:08,722 INFO  MethodCallReplacementClassAdapter - Adding mock interface to class com/ctc/wstx/util/InternCache
2024-11-12 13:42:08,722 INFO  CreateClassResetClassAdapter - Found static initializer in class com/ctc/wstx/util/InternCache
2024-11-12 13:42:08,723 INFO  EvoClassLoader - Keeping class: com.ctc.wstx.util.InternCache
2024-11-12 13:42:08,723 INFO  EvoClassLoader - Seeing class for first time: com.ctc.wstx.util.TextBuilder
2024-11-12 13:42:08,723 INFO  EvoClassLoader - Instrumenting class 'com.ctc.wstx.util.TextBuilder'.
2024-11-12 13:42:08,724 INFO  MethodCallReplacementClassAdapter - Adding mock interface to class com/ctc/wstx/util/TextBuilder
2024-11-12 13:42:08,724 INFO  CreateClassResetClassAdapter - Creating brand-new static initializer in class com/ctc/wstx/util/TextBuilder
2024-11-12 13:42:08,724 INFO  CreateClassResetClassAdapter - Adding bytecode for initializing field MIN_LEN
2024-11-12 13:42:08,724 INFO  CreateClassResetClassAdapter - Adding bytecode for initializing field MAX_LEN
2024-11-12 13:42:08,724 INFO  EvoClassLoader - Keeping class: com.ctc.wstx.util.TextBuilder
2024-11-12 13:42:08,725 INFO  EvoClassLoader - Seeing class for first time: com.ctc.wstx.util.TextBuffer
2024-11-12 13:42:08,725 INFO  EvoClassLoader - Instrumenting class 'com.ctc.wstx.util.TextBuffer'.
2024-11-12 13:42:08,725 INFO  MethodCallReplacementClassAdapter - Adding mock interface to class com/ctc/wstx/util/TextBuffer
2024-11-12 13:42:08,726 INFO  CreateClassResetClassAdapter - Found static initializer in class com/ctc/wstx/util/TextBuffer
2024-11-12 13:42:08,727 INFO  EvoClassLoader - Keeping class: com.ctc.wstx.util.TextBuffer
2024-11-12 13:42:08,727 INFO  EvoClassLoader - Seeing class for first time: com.ctc.wstx.util.TextBuffer$BufferReader
2024-11-12 13:42:08,727 INFO  EvoClassLoader - Instrumenting class 'com.ctc.wstx.util.TextBuffer$BufferReader'.
2024-11-12 13:42:08,728 INFO  MethodCallReplacementClassAdapter - Adding mock interface to class com/ctc/wstx/util/TextBuffer$BufferReader
2024-11-12 13:42:08,729 INFO  CreateClassResetClassAdapter - Creating brand-new static initializer in class com/ctc/wstx/util/TextBuffer$BufferReader
2024-11-12 13:42:08,729 INFO  EvoClassLoader - Keeping class: com.ctc.wstx.util.TextBuffer$BufferReader
2024-11-12 13:42:08,730 INFO  EvoClassLoader - Seeing class for first time: org.apache.hadoop.conf.Configuration$Parser
2024-11-12 13:42:08,730 INFO  EvoClassLoader - Instrumenting class 'org.apache.hadoop.conf.Configuration$Parser'.
2024-11-12 13:42:08,730 INFO  MethodCallReplacementClassAdapter - Adding mock interface to class org/apache/hadoop/conf/Configuration$Parser
2024-11-12 13:42:08,734 INFO  CreateClassResetClassAdapter - Creating brand-new static initializer in class org/apache/hadoop/conf/Configuration$Parser
2024-11-12 13:42:08,734 INFO  EvoClassLoader - Keeping class: org.apache.hadoop.conf.Configuration$Parser
2024-11-12 13:42:08,736 INFO  EvoClassLoader - Seeing class for first time: com.ctc.wstx.sr.Element
2024-11-12 13:42:08,736 INFO  EvoClassLoader - Instrumenting class 'com.ctc.wstx.sr.Element'.
2024-11-12 13:42:08,736 INFO  MethodCallReplacementClassAdapter - Adding mock interface to class com/ctc/wstx/sr/Element
2024-11-12 13:42:08,736 INFO  CreateClassResetClassAdapter - Creating brand-new static initializer in class com/ctc/wstx/sr/Element
2024-11-12 13:42:08,736 INFO  EvoClassLoader - Keeping class: com.ctc.wstx.sr.Element
2024-11-12 13:42:08,736 INFO  EvoClassLoader - Seeing class for first time: org.apache.hadoop.util.StringInterner
2024-11-12 13:42:08,736 INFO  EvoClassLoader - Instrumenting class 'org.apache.hadoop.util.StringInterner'.
2024-11-12 13:42:08,736 INFO  MethodCallReplacementClassAdapter - Adding mock interface to class org/apache/hadoop/util/StringInterner
2024-11-12 13:42:08,736 INFO  CreateClassResetClassAdapter - Found static initializer in class org/apache/hadoop/util/StringInterner
2024-11-12 13:42:08,737 INFO  EvoClassLoader - Keeping class: org.apache.hadoop.util.StringInterner
2024-11-12 13:42:08,737 INFO  EvoClassLoader - Seeing class for first time: org.apache.hadoop.thirdparty.com.google.common.collect.Interners
2024-11-12 13:42:08,737 INFO  EvoClassLoader - Instrumenting class 'org.apache.hadoop.thirdparty.com.google.common.collect.Interners'.
2024-11-12 13:42:08,737 INFO  MethodCallReplacementClassAdapter - Adding mock interface to class org/apache/hadoop/thirdparty/com/google/common/collect/Interners
2024-11-12 13:42:08,737 INFO  CreateClassResetClassAdapter - Creating brand-new static initializer in class org/apache/hadoop/thirdparty/com/google/common/collect/Interners
2024-11-12 13:42:08,737 INFO  EvoClassLoader - Defined package (3): package org.apache.hadoop.thirdparty.com.google.common.collect, -347820205
2024-11-12 13:42:08,737 INFO  EvoClassLoader - Keeping class: org.apache.hadoop.thirdparty.com.google.common.collect.Interners
2024-11-12 13:42:08,737 INFO  EvoClassLoader - Seeing class for first time: org.apache.hadoop.thirdparty.com.google.common.base.Function
2024-11-12 13:42:08,737 INFO  EvoClassLoader - Instrumenting class 'org.apache.hadoop.thirdparty.com.google.common.base.Function'.
2024-11-12 13:42:08,737 INFO  EvoClassLoader - Defined package (3): package org.apache.hadoop.thirdparty.com.google.common.base, -2047700664
2024-11-12 13:42:08,737 INFO  EvoClassLoader - Keeping class: org.apache.hadoop.thirdparty.com.google.common.base.Function
2024-11-12 13:42:08,737 INFO  EvoClassLoader - Seeing class for first time: org.apache.hadoop.thirdparty.com.google.common.collect.Interners$InternerBuilder
2024-11-12 13:42:08,737 INFO  EvoClassLoader - Instrumenting class 'org.apache.hadoop.thirdparty.com.google.common.collect.Interners$InternerBuilder'.
2024-11-12 13:42:08,738 INFO  MethodCallReplacementClassAdapter - Adding mock interface to class org/apache/hadoop/thirdparty/com/google/common/collect/Interners$InternerBuilder
2024-11-12 13:42:08,738 INFO  CreateClassResetClassAdapter - Creating brand-new static initializer in class org/apache/hadoop/thirdparty/com/google/common/collect/Interners$InternerBuilder
2024-11-12 13:42:08,738 INFO  EvoClassLoader - Keeping class: org.apache.hadoop.thirdparty.com.google.common.collect.Interners$InternerBuilder
2024-11-12 13:42:08,738 INFO  EvoClassLoader - Seeing class for first time: org.apache.hadoop.thirdparty.com.google.common.collect.Interner
2024-11-12 13:42:08,738 INFO  EvoClassLoader - Instrumenting class 'org.apache.hadoop.thirdparty.com.google.common.collect.Interner'.
2024-11-12 13:42:08,738 INFO  EvoClassLoader - Keeping class: org.apache.hadoop.thirdparty.com.google.common.collect.Interner
2024-11-12 13:42:08,738 INFO  EvoClassLoader - Seeing class for first time: org.apache.hadoop.thirdparty.com.google.common.collect.MapMaker
2024-11-12 13:42:08,738 INFO  EvoClassLoader - Instrumenting class 'org.apache.hadoop.thirdparty.com.google.common.collect.MapMaker'.
2024-11-12 13:42:08,738 INFO  MethodCallReplacementClassAdapter - Adding mock interface to class org/apache/hadoop/thirdparty/com/google/common/collect/MapMaker
2024-11-12 13:42:08,738 INFO  CreateClassResetClassAdapter - Creating brand-new static initializer in class org/apache/hadoop/thirdparty/com/google/common/collect/MapMaker
2024-11-12 13:42:08,738 INFO  CreateClassResetClassAdapter - Adding bytecode for initializing field DEFAULT_INITIAL_CAPACITY
2024-11-12 13:42:08,738 INFO  CreateClassResetClassAdapter - Adding bytecode for initializing field DEFAULT_CONCURRENCY_LEVEL
2024-11-12 13:42:08,738 INFO  CreateClassResetClassAdapter - Adding bytecode for initializing field UNSET_INT
2024-11-12 13:42:08,739 INFO  EvoClassLoader - Keeping class: org.apache.hadoop.thirdparty.com.google.common.collect.MapMaker
2024-11-12 13:42:08,739 INFO  EvoClassLoader - Seeing class for first time: org.apache.hadoop.thirdparty.com.google.common.collect.Interners$InternerImpl
2024-11-12 13:42:08,739 INFO  EvoClassLoader - Instrumenting class 'org.apache.hadoop.thirdparty.com.google.common.collect.Interners$InternerImpl'.
2024-11-12 13:42:08,739 INFO  MethodCallReplacementClassAdapter - Adding mock interface to class org/apache/hadoop/thirdparty/com/google/common/collect/Interners$InternerImpl
2024-11-12 13:42:08,739 INFO  CreateClassResetClassAdapter - Creating brand-new static initializer in class org/apache/hadoop/thirdparty/com/google/common/collect/Interners$InternerImpl
2024-11-12 13:42:08,739 INFO  EvoClassLoader - Keeping class: org.apache.hadoop.thirdparty.com.google.common.collect.Interners$InternerImpl
2024-11-12 13:42:08,739 INFO  EvoClassLoader - Seeing class for first time: org.apache.hadoop.thirdparty.com.google.common.base.Equivalence
2024-11-12 13:42:08,739 INFO  EvoClassLoader - Instrumenting class 'org.apache.hadoop.thirdparty.com.google.common.base.Equivalence'.
2024-11-12 13:42:08,739 INFO  MethodCallReplacementClassAdapter - Adding mock interface to class org/apache/hadoop/thirdparty/com/google/common/base/Equivalence
2024-11-12 13:42:08,739 INFO  CreateClassResetClassAdapter - Creating brand-new static initializer in class org/apache/hadoop/thirdparty/com/google/common/base/Equivalence
2024-11-12 13:42:08,740 INFO  EvoClassLoader - Keeping class: org.apache.hadoop.thirdparty.com.google.common.base.Equivalence
2024-11-12 13:42:08,740 INFO  EvoClassLoader - Seeing class for first time: org.apache.hadoop.thirdparty.com.google.common.base.FunctionalEquivalence
2024-11-12 13:42:08,740 INFO  EvoClassLoader - Instrumenting class 'org.apache.hadoop.thirdparty.com.google.common.base.FunctionalEquivalence'.
2024-11-12 13:42:08,740 INFO  MethodCallReplacementClassAdapter - Adding mock interface to class org/apache/hadoop/thirdparty/com/google/common/base/FunctionalEquivalence
2024-11-12 13:42:08,740 INFO  CreateClassResetClassAdapter - Creating brand-new static initializer in class org/apache/hadoop/thirdparty/com/google/common/base/FunctionalEquivalence
2024-11-12 13:42:08,740 INFO  EvoClassLoader - Keeping class: org.apache.hadoop.thirdparty.com.google.common.base.FunctionalEquivalence
2024-11-12 13:42:08,740 INFO  EvoClassLoader - Seeing class for first time: org.apache.hadoop.thirdparty.com.google.common.base.PairwiseEquivalence
2024-11-12 13:42:08,740 INFO  EvoClassLoader - Instrumenting class 'org.apache.hadoop.thirdparty.com.google.common.base.PairwiseEquivalence'.
2024-11-12 13:42:08,740 INFO  MethodCallReplacementClassAdapter - Adding mock interface to class org/apache/hadoop/thirdparty/com/google/common/base/PairwiseEquivalence
2024-11-12 13:42:08,740 INFO  CreateClassResetClassAdapter - Creating brand-new static initializer in class org/apache/hadoop/thirdparty/com/google/common/base/PairwiseEquivalence
2024-11-12 13:42:08,740 INFO  EvoClassLoader - Keeping class: org.apache.hadoop.thirdparty.com.google.common.base.PairwiseEquivalence
2024-11-12 13:42:08,741 INFO  EvoClassLoader - Seeing class for first time: org.apache.hadoop.thirdparty.com.google.common.base.Predicate
2024-11-12 13:42:08,741 INFO  EvoClassLoader - Instrumenting class 'org.apache.hadoop.thirdparty.com.google.common.base.Predicate'.
2024-11-12 13:42:08,741 INFO  EvoClassLoader - Keeping class: org.apache.hadoop.thirdparty.com.google.common.base.Predicate
2024-11-12 13:42:08,741 INFO  EvoClassLoader - Seeing class for first time: org.apache.hadoop.thirdparty.com.google.common.base.Equivalence$Equals
2024-11-12 13:42:08,741 INFO  EvoClassLoader - Instrumenting class 'org.apache.hadoop.thirdparty.com.google.common.base.Equivalence$Equals'.
2024-11-12 13:42:08,741 INFO  MethodCallReplacementClassAdapter - Adding mock interface to class org/apache/hadoop/thirdparty/com/google/common/base/Equivalence$Equals
2024-11-12 13:42:08,741 INFO  CreateClassResetClassAdapter - Found static initializer in class org/apache/hadoop/thirdparty/com/google/common/base/Equivalence$Equals
2024-11-12 13:42:08,741 INFO  EvoClassLoader - Keeping class: org.apache.hadoop.thirdparty.com.google.common.base.Equivalence$Equals
2024-11-12 13:42:08,741 INFO  EvoClassLoader - Seeing class for first time: org.apache.hadoop.thirdparty.com.google.common.base.Equivalence$Identity
2024-11-12 13:42:08,741 INFO  EvoClassLoader - Instrumenting class 'org.apache.hadoop.thirdparty.com.google.common.base.Equivalence$Identity'.
2024-11-12 13:42:08,741 INFO  MethodCallReplacementClassAdapter - Adding mock interface to class org/apache/hadoop/thirdparty/com/google/common/base/Equivalence$Identity
2024-11-12 13:42:08,742 INFO  CreateClassResetClassAdapter - Found static initializer in class org/apache/hadoop/thirdparty/com/google/common/base/Equivalence$Identity
2024-11-12 13:42:08,742 INFO  EvoClassLoader - Keeping class: org.apache.hadoop.thirdparty.com.google.common.base.Equivalence$Identity
2024-11-12 13:42:08,742 INFO  EvoClassLoader - Seeing class for first time: org.apache.hadoop.thirdparty.com.google.common.base.Preconditions
2024-11-12 13:42:08,742 INFO  EvoClassLoader - Instrumenting class 'org.apache.hadoop.thirdparty.com.google.common.base.Preconditions'.
2024-11-12 13:42:08,742 INFO  MethodCallReplacementClassAdapter - Adding mock interface to class org/apache/hadoop/thirdparty/com/google/common/base/Preconditions
2024-11-12 13:42:08,744 INFO  CreateClassResetClassAdapter - Found static initializer in class org/apache/hadoop/thirdparty/com/google/common/base/Preconditions
2024-11-12 13:42:08,744 INFO  EvoClassLoader - Keeping class: org.apache.hadoop.thirdparty.com.google.common.base.Preconditions
2024-11-12 13:42:08,745 INFO  EvoClassLoader - Seeing class for first time: org.apache.hadoop.thirdparty.com.google.common.base.Java8Usage
2024-11-12 13:42:08,745 INFO  EvoClassLoader - Instrumenting class 'org.apache.hadoop.thirdparty.com.google.common.base.Java8Usage'.
2024-11-12 13:42:08,745 INFO  MethodCallReplacementClassAdapter - Adding mock interface to class org/apache/hadoop/thirdparty/com/google/common/base/Java8Usage
2024-11-12 13:42:08,745 INFO  CreateClassResetClassAdapter - Creating brand-new static initializer in class org/apache/hadoop/thirdparty/com/google/common/base/Java8Usage
2024-11-12 13:42:08,745 INFO  EvoClassLoader - Keeping class: org.apache.hadoop.thirdparty.com.google.common.base.Java8Usage
2024-11-12 13:42:08,745 INFO  EvoClassLoader - Seeing class for first time: org.apache.hadoop.thirdparty.com.google.common.collect.MapMakerInternalMap
2024-11-12 13:42:08,745 INFO  EvoClassLoader - Instrumenting class 'org.apache.hadoop.thirdparty.com.google.common.collect.MapMakerInternalMap'.
2024-11-12 13:42:08,746 INFO  MethodCallReplacementClassAdapter - Adding mock interface to class org/apache/hadoop/thirdparty/com/google/common/collect/MapMakerInternalMap
2024-11-12 13:42:08,747 INFO  CreateClassResetClassAdapter - Found static initializer in class org/apache/hadoop/thirdparty/com/google/common/collect/MapMakerInternalMap
2024-11-12 13:42:08,748 INFO  EvoClassLoader - Keeping class: org.apache.hadoop.thirdparty.com.google.common.collect.MapMakerInternalMap
2024-11-12 13:42:08,748 INFO  EvoClassLoader - Seeing class for first time: org.apache.hadoop.thirdparty.com.google.common.collect.MapMakerInternalMap$WeakValueReference
2024-11-12 13:42:08,748 INFO  EvoClassLoader - Instrumenting class 'org.apache.hadoop.thirdparty.com.google.common.collect.MapMakerInternalMap$WeakValueReference'.
2024-11-12 13:42:08,748 INFO  EvoClassLoader - Keeping class: org.apache.hadoop.thirdparty.com.google.common.collect.MapMakerInternalMap$WeakValueReference
2024-11-12 13:42:08,748 INFO  EvoClassLoader - Seeing class for first time: org.apache.hadoop.thirdparty.com.google.common.collect.MapMakerInternalMap$InternalEntryHelper
2024-11-12 13:42:08,748 INFO  EvoClassLoader - Instrumenting class 'org.apache.hadoop.thirdparty.com.google.common.collect.MapMakerInternalMap$InternalEntryHelper'.
2024-11-12 13:42:08,748 INFO  EvoClassLoader - Keeping class: org.apache.hadoop.thirdparty.com.google.common.collect.MapMakerInternalMap$InternalEntryHelper
2024-11-12 13:42:08,749 INFO  EvoClassLoader - Seeing class for first time: org.apache.hadoop.thirdparty.com.google.common.collect.MapMakerInternalMap$1
2024-11-12 13:42:08,749 INFO  EvoClassLoader - Instrumenting class 'org.apache.hadoop.thirdparty.com.google.common.collect.MapMakerInternalMap$1'.
2024-11-12 13:42:08,749 INFO  MethodCallReplacementClassAdapter - Adding mock interface to class org/apache/hadoop/thirdparty/com/google/common/collect/MapMakerInternalMap$1
2024-11-12 13:42:08,749 INFO  EvoClassLoader - Keeping class: org.apache.hadoop.thirdparty.com.google.common.collect.MapMakerInternalMap$1
2024-11-12 13:42:08,749 INFO  EvoClassLoader - Seeing class for first time: org.apache.hadoop.thirdparty.com.google.common.collect.MapMakerInternalMap$InternalEntry
2024-11-12 13:42:08,749 INFO  EvoClassLoader - Instrumenting class 'org.apache.hadoop.thirdparty.com.google.common.collect.MapMakerInternalMap$InternalEntry'.
2024-11-12 13:42:08,749 INFO  EvoClassLoader - Keeping class: org.apache.hadoop.thirdparty.com.google.common.collect.MapMakerInternalMap$InternalEntry
2024-11-12 13:42:08,749 INFO  EvoClassLoader - Seeing class for first time: org.apache.hadoop.thirdparty.com.google.common.collect.MapMakerInternalMap$Strength
2024-11-12 13:42:08,749 INFO  EvoClassLoader - Instrumenting class 'org.apache.hadoop.thirdparty.com.google.common.collect.MapMakerInternalMap$Strength'.
2024-11-12 13:42:08,750 INFO  MethodCallReplacementClassAdapter - Adding mock interface to class org/apache/hadoop/thirdparty/com/google/common/collect/MapMakerInternalMap$Strength
2024-11-12 13:42:08,750 INFO  CreateClassResetClassAdapter - Found static initializer in class org/apache/hadoop/thirdparty/com/google/common/collect/MapMakerInternalMap$Strength
2024-11-12 13:42:08,750 INFO  EvoClassLoader - Keeping class: org.apache.hadoop.thirdparty.com.google.common.collect.MapMakerInternalMap$Strength
2024-11-12 13:42:08,750 INFO  EvoClassLoader - Seeing class for first time: org.apache.hadoop.thirdparty.com.google.common.collect.MapMakerInternalMap$Strength$1
2024-11-12 13:42:08,750 INFO  EvoClassLoader - Instrumenting class 'org.apache.hadoop.thirdparty.com.google.common.collect.MapMakerInternalMap$Strength$1'.
2024-11-12 13:42:08,750 INFO  MethodCallReplacementClassAdapter - Adding mock interface to class org/apache/hadoop/thirdparty/com/google/common/collect/MapMakerInternalMap$Strength$1
2024-11-12 13:42:08,750 INFO  EvoClassLoader - Keeping class: org.apache.hadoop.thirdparty.com.google.common.collect.MapMakerInternalMap$Strength$1
2024-11-12 13:42:08,750 INFO  EvoClassLoader - Seeing class for first time: org.apache.hadoop.thirdparty.com.google.common.collect.MapMakerInternalMap$Strength$2
2024-11-12 13:42:08,750 INFO  EvoClassLoader - Instrumenting class 'org.apache.hadoop.thirdparty.com.google.common.collect.MapMakerInternalMap$Strength$2'.
2024-11-12 13:42:08,750 INFO  MethodCallReplacementClassAdapter - Adding mock interface to class org/apache/hadoop/thirdparty/com/google/common/collect/MapMakerInternalMap$Strength$2
2024-11-12 13:42:08,750 INFO  EvoClassLoader - Keeping class: org.apache.hadoop.thirdparty.com.google.common.collect.MapMakerInternalMap$Strength$2
2024-11-12 13:42:08,750 INFO  EvoClassLoader - Seeing class for first time: org.apache.hadoop.thirdparty.com.google.common.base.MoreObjects
2024-11-12 13:42:08,750 INFO  EvoClassLoader - Instrumenting class 'org.apache.hadoop.thirdparty.com.google.common.base.MoreObjects'.
2024-11-12 13:42:08,751 INFO  MethodCallReplacementClassAdapter - Adding mock interface to class org/apache/hadoop/thirdparty/com/google/common/base/MoreObjects
2024-11-12 13:42:08,751 INFO  CreateClassResetClassAdapter - Creating brand-new static initializer in class org/apache/hadoop/thirdparty/com/google/common/base/MoreObjects
2024-11-12 13:42:08,751 INFO  EvoClassLoader - Keeping class: org.apache.hadoop.thirdparty.com.google.common.base.MoreObjects
2024-11-12 13:42:08,751 INFO  EvoClassLoader - Seeing class for first time: org.apache.hadoop.thirdparty.com.google.common.collect.MapMakerInternalMap$StrongKeyDummyValueEntry$Helper
2024-11-12 13:42:08,751 INFO  EvoClassLoader - Instrumenting class 'org.apache.hadoop.thirdparty.com.google.common.collect.MapMakerInternalMap$StrongKeyDummyValueEntry$Helper'.
2024-11-12 13:42:08,751 INFO  MethodCallReplacementClassAdapter - Adding mock interface to class org/apache/hadoop/thirdparty/com/google/common/collect/MapMakerInternalMap$StrongKeyDummyValueEntry$Helper
2024-11-12 13:42:08,752 INFO  CreateClassResetClassAdapter - Found static initializer in class org/apache/hadoop/thirdparty/com/google/common/collect/MapMakerInternalMap$StrongKeyDummyValueEntry$Helper
2024-11-12 13:42:08,752 INFO  EvoClassLoader - Keeping class: org.apache.hadoop.thirdparty.com.google.common.collect.MapMakerInternalMap$StrongKeyDummyValueEntry$Helper
2024-11-12 13:42:08,752 INFO  EvoClassLoader - Seeing class for first time: org.apache.hadoop.thirdparty.com.google.common.collect.MapMakerInternalMap$Segment
2024-11-12 13:42:08,752 INFO  EvoClassLoader - Instrumenting class 'org.apache.hadoop.thirdparty.com.google.common.collect.MapMakerInternalMap$Segment'.
2024-11-12 13:42:08,752 INFO  MethodCallReplacementClassAdapter - Adding mock interface to class org/apache/hadoop/thirdparty/com/google/common/collect/MapMakerInternalMap$Segment
2024-11-12 13:42:08,753 INFO  CreateClassResetClassAdapter - Creating brand-new static initializer in class org/apache/hadoop/thirdparty/com/google/common/collect/MapMakerInternalMap$Segment
2024-11-12 13:42:08,753 INFO  EvoClassLoader - Keeping class: org.apache.hadoop.thirdparty.com.google.common.collect.MapMakerInternalMap$Segment
2024-11-12 13:42:08,754 INFO  EvoClassLoader - Seeing class for first time: org.apache.hadoop.thirdparty.com.google.common.collect.MapMakerInternalMap$StrongKeyDummyValueSegment
2024-11-12 13:42:08,754 INFO  EvoClassLoader - Instrumenting class 'org.apache.hadoop.thirdparty.com.google.common.collect.MapMakerInternalMap$StrongKeyDummyValueSegment'.
2024-11-12 13:42:08,754 INFO  MethodCallReplacementClassAdapter - Adding mock interface to class org/apache/hadoop/thirdparty/com/google/common/collect/MapMakerInternalMap$StrongKeyDummyValueSegment
2024-11-12 13:42:08,754 INFO  CreateClassResetClassAdapter - Creating brand-new static initializer in class org/apache/hadoop/thirdparty/com/google/common/collect/MapMakerInternalMap$StrongKeyDummyValueSegment
2024-11-12 13:42:08,754 INFO  EvoClassLoader - Keeping class: org.apache.hadoop.thirdparty.com.google.common.collect.MapMakerInternalMap$StrongKeyDummyValueSegment
2024-11-12 13:42:08,755 INFO  EvoClassLoader - Seeing class for first time: org.apache.hadoop.conf.Configuration$ParsedItem
2024-11-12 13:42:08,755 INFO  EvoClassLoader - Instrumenting class 'org.apache.hadoop.conf.Configuration$ParsedItem'.
2024-11-12 13:42:08,755 INFO  MethodCallReplacementClassAdapter - Adding mock interface to class org/apache/hadoop/conf/Configuration$ParsedItem
2024-11-12 13:42:08,755 INFO  CreateClassResetClassAdapter - Creating brand-new static initializer in class org/apache/hadoop/conf/Configuration$ParsedItem
2024-11-12 13:42:08,755 INFO  EvoClassLoader - Keeping class: org.apache.hadoop.conf.Configuration$ParsedItem
2024-11-12 13:42:08,808 INFO  EvoClassLoader - Seeing class for first time: com.ctc.wstx.io.BufferRecycler
2024-11-12 13:42:08,808 INFO  EvoClassLoader - Instrumenting class 'com.ctc.wstx.io.BufferRecycler'.
2024-11-12 13:42:08,809 INFO  MethodCallReplacementClassAdapter - Adding mock interface to class com/ctc/wstx/io/BufferRecycler
2024-11-12 13:42:08,809 INFO  CreateClassResetClassAdapter - Creating brand-new static initializer in class com/ctc/wstx/io/BufferRecycler
2024-11-12 13:42:08,809 INFO  EvoClassLoader - Keeping class: com.ctc.wstx.io.BufferRecycler
2024-11-12 13:42:08,811 INFO  EvoClassLoader - Seeing class for first time: org.apache.hadoop.fs.FileSystem$3
2024-11-12 13:42:08,811 INFO  EvoClassLoader - Instrumenting class 'org.apache.hadoop.fs.FileSystem$3'.
2024-11-12 13:42:08,812 INFO  MethodCallReplacementClassAdapter - Adding mock interface to class org/apache/hadoop/fs/FileSystem$3
2024-11-12 13:42:08,812 INFO  EvoClassLoader - Keeping class: org.apache.hadoop.fs.FileSystem$3
2024-11-12 13:42:08,812 INFO  EvoClassLoader - Seeing class for first time: org.apache.hadoop.security.KerberosAuthException
2024-11-12 13:42:08,812 INFO  EvoClassLoader - Instrumenting class 'org.apache.hadoop.security.KerberosAuthException'.
2024-11-12 13:42:08,812 INFO  MethodCallReplacementClassAdapter - Adding mock interface to class org/apache/hadoop/security/KerberosAuthException
2024-11-12 13:42:08,812 INFO  CreateClassResetClassAdapter - Creating brand-new static initializer in class org/apache/hadoop/security/KerberosAuthException
2024-11-12 13:42:08,812 INFO  EvoClassLoader - Keeping class: org.apache.hadoop.security.KerberosAuthException
2024-11-12 13:42:08,812 INFO  EvoClassLoader - Seeing class for first time: org.apache.hadoop.metrics2.lib.MutableQuantiles
2024-11-12 13:42:08,812 INFO  EvoClassLoader - Instrumenting class 'org.apache.hadoop.metrics2.lib.MutableQuantiles'.
2024-11-12 13:42:08,813 INFO  MethodCallReplacementClassAdapter - Adding mock interface to class org/apache/hadoop/metrics2/lib/MutableQuantiles
2024-11-12 13:42:08,813 INFO  CreateClassResetClassAdapter - Found static initializer in class org/apache/hadoop/metrics2/lib/MutableQuantiles
2024-11-12 13:42:08,813 INFO  EvoClassLoader - Defined package (3): package org.apache.hadoop.metrics2.lib, 1694766009
2024-11-12 13:42:08,813 INFO  EvoClassLoader - Seeing class for first time: org.apache.hadoop.metrics2.lib.MutableMetric
2024-11-12 13:42:08,813 INFO  EvoClassLoader - Instrumenting class 'org.apache.hadoop.metrics2.lib.MutableMetric'.
2024-11-12 13:42:08,813 INFO  MethodCallReplacementClassAdapter - Adding mock interface to class org/apache/hadoop/metrics2/lib/MutableMetric
2024-11-12 13:42:08,813 INFO  CreateClassResetClassAdapter - Creating brand-new static initializer in class org/apache/hadoop/metrics2/lib/MutableMetric
2024-11-12 13:42:08,813 INFO  EvoClassLoader - Keeping class: org.apache.hadoop.metrics2.lib.MutableMetric
2024-11-12 13:42:08,813 INFO  EvoClassLoader - Keeping class: org.apache.hadoop.metrics2.lib.MutableQuantiles
2024-11-12 13:42:08,814 INFO  EvoClassLoader - Seeing class for first time: org.apache.hadoop.metrics2.util.QuantileEstimator
2024-11-12 13:42:08,814 INFO  EvoClassLoader - Instrumenting class 'org.apache.hadoop.metrics2.util.QuantileEstimator'.
2024-11-12 13:42:08,814 INFO  EvoClassLoader - Defined package (3): package org.apache.hadoop.metrics2.util, 998417742
2024-11-12 13:42:08,814 INFO  EvoClassLoader - Keeping class: org.apache.hadoop.metrics2.util.QuantileEstimator
2024-11-12 13:42:08,814 INFO  EvoClassLoader - Seeing class for first time: org.apache.hadoop.metrics2.util.Quantile
2024-11-12 13:42:08,814 INFO  EvoClassLoader - Instrumenting class 'org.apache.hadoop.metrics2.util.Quantile'.
2024-11-12 13:42:08,815 INFO  MethodCallReplacementClassAdapter - Adding mock interface to class org/apache/hadoop/metrics2/util/Quantile
2024-11-12 13:42:08,815 INFO  CreateClassResetClassAdapter - Creating brand-new static initializer in class org/apache/hadoop/metrics2/util/Quantile
2024-11-12 13:42:08,816 INFO  EvoClassLoader - Keeping class: org.apache.hadoop.metrics2.util.Quantile
2024-11-12 13:42:08,816 INFO  EvoClassLoader - Seeing class for first time: org.apache.hadoop.thirdparty.com.google.common.util.concurrent.ThreadFactoryBuilder
2024-11-12 13:42:08,816 INFO  EvoClassLoader - Instrumenting class 'org.apache.hadoop.thirdparty.com.google.common.util.concurrent.ThreadFactoryBuilder'.
2024-11-12 13:42:08,817 INFO  MethodCallReplacementClassAdapter - Adding mock interface to class org/apache/hadoop/thirdparty/com/google/common/util/concurrent/ThreadFactoryBuilder
2024-11-12 13:42:08,817 INFO  CreateClassResetClassAdapter - Creating brand-new static initializer in class org/apache/hadoop/thirdparty/com/google/common/util/concurrent/ThreadFactoryBuilder
2024-11-12 13:42:08,817 INFO  EvoClassLoader - Defined package (3): package org.apache.hadoop.thirdparty.com.google.common.util.concurrent, 872641612
2024-11-12 13:42:08,817 INFO  EvoClassLoader - Keeping class: org.apache.hadoop.thirdparty.com.google.common.util.concurrent.ThreadFactoryBuilder
2024-11-12 13:42:08,818 INFO  EvoClassLoader - Seeing class for first time: org.apache.hadoop.thirdparty.com.google.common.util.concurrent.ThreadFactoryBuilder$1
2024-11-12 13:42:08,818 INFO  EvoClassLoader - Instrumenting class 'org.apache.hadoop.thirdparty.com.google.common.util.concurrent.ThreadFactoryBuilder$1'.
2024-11-12 13:42:08,818 INFO  MethodCallReplacementClassAdapter - Adding mock interface to class org/apache/hadoop/thirdparty/com/google/common/util/concurrent/ThreadFactoryBuilder$1
2024-11-12 13:42:08,818 INFO  EvoClassLoader - Keeping class: org.apache.hadoop.thirdparty.com.google.common.util.concurrent.ThreadFactoryBuilder$1
2024-11-12 13:42:08,819 INFO  EvoClassLoader - Seeing class for first time: org.apache.commons.lang3.StringUtils
2024-11-12 13:42:08,819 INFO  EvoClassLoader - Instrumenting class 'org.apache.commons.lang3.StringUtils'.
2024-11-12 13:42:08,819 INFO  MethodCallReplacementClassAdapter - Adding mock interface to class org/apache/commons/lang3/StringUtils
2024-11-12 13:42:08,822 INFO  CreateClassResetClassAdapter - Found static initializer in class org/apache/commons/lang3/StringUtils
2024-11-12 13:42:08,822 INFO  EvoClassLoader - Defined package (3): package org.apache.commons.lang3, -899722583
2024-11-12 13:42:08,824 INFO  EvoClassLoader - Keeping class: org.apache.commons.lang3.StringUtils
2024-11-12 13:42:08,825 INFO  EvoClassLoader - Seeing class for first time: org.apache.hadoop.thirdparty.com.google.common.cache.LocalCache$AbstractCacheSet
2024-11-12 13:42:08,825 INFO  EvoClassLoader - Instrumenting class 'org.apache.hadoop.thirdparty.com.google.common.cache.LocalCache$AbstractCacheSet'.
2024-11-12 13:42:08,826 INFO  MethodCallReplacementClassAdapter - Adding mock interface to class org/apache/hadoop/thirdparty/com/google/common/cache/LocalCache$AbstractCacheSet
2024-11-12 13:42:08,826 INFO  CreateClassResetClassAdapter - Creating brand-new static initializer in class org/apache/hadoop/thirdparty/com/google/common/cache/LocalCache$AbstractCacheSet
2024-11-12 13:42:08,826 INFO  EvoClassLoader - Defined package (3): package org.apache.hadoop.thirdparty.com.google.common.cache, 946697195
2024-11-12 13:42:08,826 INFO  EvoClassLoader - Keeping class: org.apache.hadoop.thirdparty.com.google.common.cache.LocalCache$AbstractCacheSet
2024-11-12 13:42:08,826 INFO  EvoClassLoader - Seeing class for first time: org.apache.hadoop.ipc.CallerContext
2024-11-12 13:42:08,826 INFO  EvoClassLoader - Instrumenting class 'org.apache.hadoop.ipc.CallerContext'.
2024-11-12 13:42:08,826 INFO  MethodCallReplacementClassAdapter - Adding mock interface to class org/apache/hadoop/ipc/CallerContext
2024-11-12 13:42:08,826 INFO  CreateClassResetClassAdapter - Found static initializer in class org/apache/hadoop/ipc/CallerContext
2024-11-12 13:42:08,826 INFO  EvoClassLoader - Defined package (3): package org.apache.hadoop.ipc, -1243660567
2024-11-12 13:42:08,827 INFO  EvoClassLoader - Keeping class: org.apache.hadoop.ipc.CallerContext
2024-11-12 13:42:08,827 INFO  EvoClassLoader - Seeing class for first time: org.apache.hadoop.thirdparty.com.google.common.collect.SortedMapDifference
2024-11-12 13:42:08,827 INFO  EvoClassLoader - Instrumenting class 'org.apache.hadoop.thirdparty.com.google.common.collect.SortedMapDifference'.
2024-11-12 13:42:08,827 INFO  EvoClassLoader - Seeing class for first time: org.apache.hadoop.thirdparty.com.google.common.collect.MapDifference
2024-11-12 13:42:08,827 INFO  EvoClassLoader - Instrumenting class 'org.apache.hadoop.thirdparty.com.google.common.collect.MapDifference'.
2024-11-12 13:42:08,827 INFO  EvoClassLoader - Keeping class: org.apache.hadoop.thirdparty.com.google.common.collect.MapDifference
2024-11-12 13:42:08,827 INFO  EvoClassLoader - Keeping class: org.apache.hadoop.thirdparty.com.google.common.collect.SortedMapDifference
2024-11-12 13:42:08,827 INFO  EvoClassLoader - Seeing class for first time: org.apache.hadoop.fs.LeaseRecoverable
2024-11-12 13:42:08,827 INFO  EvoClassLoader - Instrumenting class 'org.apache.hadoop.fs.LeaseRecoverable'.
2024-11-12 13:42:08,828 INFO  EvoClassLoader - Keeping class: org.apache.hadoop.fs.LeaseRecoverable
2024-11-12 13:42:08,828 INFO  EvoClassLoader - Seeing class for first time: org.apache.hadoop.net.DomainNameResolverFactory
2024-11-12 13:42:08,828 INFO  EvoClassLoader - Instrumenting class 'org.apache.hadoop.net.DomainNameResolverFactory'.
2024-11-12 13:42:08,828 INFO  MethodCallReplacementClassAdapter - Adding mock interface to class org/apache/hadoop/net/DomainNameResolverFactory
2024-11-12 13:42:08,828 INFO  CreateClassResetClassAdapter - Creating brand-new static initializer in class org/apache/hadoop/net/DomainNameResolverFactory
2024-11-12 13:42:08,828 INFO  EvoClassLoader - Defined package (3): package org.apache.hadoop.net, -1243656086
2024-11-12 13:42:08,828 INFO  EvoClassLoader - Keeping class: org.apache.hadoop.net.DomainNameResolverFactory
2024-11-12 13:42:08,828 INFO  EvoClassLoader - Seeing class for first time: org.apache.hadoop.security.Credentials
2024-11-12 13:42:08,828 INFO  EvoClassLoader - Instrumenting class 'org.apache.hadoop.security.Credentials'.
2024-11-12 13:42:08,828 INFO  MethodCallReplacementClassAdapter - Adding mock interface to class org/apache/hadoop/security/Credentials
2024-11-12 13:42:08,829 INFO  CreateClassResetClassAdapter - Found static initializer in class org/apache/hadoop/security/Credentials
2024-11-12 13:42:08,830 INFO  EvoClassLoader - Keeping class: org.apache.hadoop.security.Credentials
2024-11-12 13:42:08,830 INFO  EvoClassLoader - Seeing class for first time: org.apache.hadoop.fs.FSDataInputStream
2024-11-12 13:42:08,830 INFO  EvoClassLoader - Instrumenting class 'org.apache.hadoop.fs.FSDataInputStream'.
2024-11-12 13:42:08,831 INFO  MethodCallReplacementClassAdapter - Adding mock interface to class org/apache/hadoop/fs/FSDataInputStream
2024-11-12 13:42:08,832 INFO  CreateClassResetClassAdapter - Found static initializer in class org/apache/hadoop/fs/FSDataInputStream
2024-11-12 13:42:08,832 INFO  EvoClassLoader - Seeing class for first time: org.apache.hadoop.fs.Seekable
2024-11-12 13:42:08,832 INFO  EvoClassLoader - Instrumenting class 'org.apache.hadoop.fs.Seekable'.
2024-11-12 13:42:08,833 INFO  EvoClassLoader - Keeping class: org.apache.hadoop.fs.Seekable
2024-11-12 13:42:08,833 INFO  EvoClassLoader - Seeing class for first time: org.apache.hadoop.fs.PositionedReadable
2024-11-12 13:42:08,833 INFO  EvoClassLoader - Instrumenting class 'org.apache.hadoop.fs.PositionedReadable'.
2024-11-12 13:42:08,833 INFO  EvoClassLoader - Keeping class: org.apache.hadoop.fs.PositionedReadable
2024-11-12 13:42:08,833 INFO  EvoClassLoader - Seeing class for first time: org.apache.hadoop.fs.ByteBufferReadable
2024-11-12 13:42:08,833 INFO  EvoClassLoader - Instrumenting class 'org.apache.hadoop.fs.ByteBufferReadable'.
2024-11-12 13:42:08,833 INFO  EvoClassLoader - Keeping class: org.apache.hadoop.fs.ByteBufferReadable
2024-11-12 13:42:08,833 INFO  EvoClassLoader - Seeing class for first time: org.apache.hadoop.fs.HasFileDescriptor
2024-11-12 13:42:08,833 INFO  EvoClassLoader - Instrumenting class 'org.apache.hadoop.fs.HasFileDescriptor'.
2024-11-12 13:42:08,834 INFO  EvoClassLoader - Keeping class: org.apache.hadoop.fs.HasFileDescriptor
2024-11-12 13:42:08,834 INFO  EvoClassLoader - Seeing class for first time: org.apache.hadoop.fs.CanSetDropBehind
2024-11-12 13:42:08,834 INFO  EvoClassLoader - Instrumenting class 'org.apache.hadoop.fs.CanSetDropBehind'.
2024-11-12 13:42:08,834 INFO  EvoClassLoader - Keeping class: org.apache.hadoop.fs.CanSetDropBehind
2024-11-12 13:42:08,834 INFO  EvoClassLoader - Seeing class for first time: org.apache.hadoop.fs.CanSetReadahead
2024-11-12 13:42:08,834 INFO  EvoClassLoader - Instrumenting class 'org.apache.hadoop.fs.CanSetReadahead'.
2024-11-12 13:42:08,834 INFO  EvoClassLoader - Keeping class: org.apache.hadoop.fs.CanSetReadahead
2024-11-12 13:42:08,834 INFO  EvoClassLoader - Seeing class for first time: org.apache.hadoop.fs.HasEnhancedByteBufferAccess
2024-11-12 13:42:08,834 INFO  EvoClassLoader - Instrumenting class 'org.apache.hadoop.fs.HasEnhancedByteBufferAccess'.
2024-11-12 13:42:08,834 INFO  EvoClassLoader - Keeping class: org.apache.hadoop.fs.HasEnhancedByteBufferAccess
2024-11-12 13:42:08,834 INFO  EvoClassLoader - Seeing class for first time: org.apache.hadoop.fs.CanUnbuffer
2024-11-12 13:42:08,834 INFO  EvoClassLoader - Instrumenting class 'org.apache.hadoop.fs.CanUnbuffer'.
2024-11-12 13:42:08,834 INFO  EvoClassLoader - Keeping class: org.apache.hadoop.fs.CanUnbuffer
2024-11-12 13:42:08,834 INFO  EvoClassLoader - Seeing class for first time: org.apache.hadoop.fs.StreamCapabilities
2024-11-12 13:42:08,834 INFO  EvoClassLoader - Instrumenting class 'org.apache.hadoop.fs.StreamCapabilities'.
2024-11-12 13:42:08,834 INFO  EvoClassLoader - Keeping class: org.apache.hadoop.fs.StreamCapabilities
2024-11-12 13:42:08,834 INFO  EvoClassLoader - Seeing class for first time: org.apache.hadoop.fs.ByteBufferPositionedReadable
2024-11-12 13:42:08,834 INFO  EvoClassLoader - Instrumenting class 'org.apache.hadoop.fs.ByteBufferPositionedReadable'.
2024-11-12 13:42:08,834 INFO  EvoClassLoader - Keeping class: org.apache.hadoop.fs.ByteBufferPositionedReadable
2024-11-12 13:42:08,834 INFO  EvoClassLoader - Seeing class for first time: org.apache.hadoop.fs.statistics.IOStatisticsSource
2024-11-12 13:42:08,834 INFO  EvoClassLoader - Instrumenting class 'org.apache.hadoop.fs.statistics.IOStatisticsSource'.
2024-11-12 13:42:08,835 INFO  EvoClassLoader - Defined package (3): package org.apache.hadoop.fs.statistics, -2061501583
2024-11-12 13:42:08,835 INFO  EvoClassLoader - Keeping class: org.apache.hadoop.fs.statistics.IOStatisticsSource
2024-11-12 13:42:08,835 INFO  EvoClassLoader - Keeping class: org.apache.hadoop.fs.FSDataInputStream
2024-11-12 13:42:08,836 INFO  EvoClassLoader - Seeing class for first time: org.apache.hadoop.fs.FSDataOutputStream
2024-11-12 13:42:08,836 INFO  EvoClassLoader - Instrumenting class 'org.apache.hadoop.fs.FSDataOutputStream'.
2024-11-12 13:42:08,836 INFO  MethodCallReplacementClassAdapter - Adding mock interface to class org/apache/hadoop/fs/FSDataOutputStream
2024-11-12 13:42:08,837 INFO  CreateClassResetClassAdapter - Creating brand-new static initializer in class org/apache/hadoop/fs/FSDataOutputStream
2024-11-12 13:42:08,837 INFO  EvoClassLoader - Seeing class for first time: org.apache.hadoop.fs.Syncable
2024-11-12 13:42:08,837 INFO  EvoClassLoader - Instrumenting class 'org.apache.hadoop.fs.Syncable'.
2024-11-12 13:42:08,837 INFO  EvoClassLoader - Keeping class: org.apache.hadoop.fs.Syncable
2024-11-12 13:42:08,837 INFO  EvoClassLoader - Seeing class for first time: org.apache.hadoop.fs.Abortable
2024-11-12 13:42:08,837 INFO  EvoClassLoader - Instrumenting class 'org.apache.hadoop.fs.Abortable'.
2024-11-12 13:42:08,838 INFO  EvoClassLoader - Keeping class: org.apache.hadoop.fs.Abortable
2024-11-12 13:42:08,838 INFO  EvoClassLoader - Keeping class: org.apache.hadoop.fs.FSDataOutputStream
2024-11-12 13:42:08,838 INFO  EvoClassLoader - Seeing class for first time: org.apache.hadoop.thirdparty.com.google.common.collect.Lists$StringAsImmutableList
2024-11-12 13:42:08,838 INFO  EvoClassLoader - Instrumenting class 'org.apache.hadoop.thirdparty.com.google.common.collect.Lists$StringAsImmutableList'.
2024-11-12 13:42:08,839 INFO  MethodCallReplacementClassAdapter - Adding mock interface to class org/apache/hadoop/thirdparty/com/google/common/collect/Lists$StringAsImmutableList
2024-11-12 13:42:08,839 INFO  CreateClassResetClassAdapter - Creating brand-new static initializer in class org/apache/hadoop/thirdparty/com/google/common/collect/Lists$StringAsImmutableList
2024-11-12 13:42:08,839 INFO  EvoClassLoader - Seeing class for first time: org.apache.hadoop.thirdparty.com.google.common.collect.ImmutableList
2024-11-12 13:42:08,839 INFO  EvoClassLoader - Instrumenting class 'org.apache.hadoop.thirdparty.com.google.common.collect.ImmutableList'.
2024-11-12 13:42:08,840 INFO  MethodCallReplacementClassAdapter - Adding mock interface to class org/apache/hadoop/thirdparty/com/google/common/collect/ImmutableList
2024-11-12 13:42:08,842 INFO  CreateClassResetClassAdapter - Creating brand-new static initializer in class org/apache/hadoop/thirdparty/com/google/common/collect/ImmutableList
2024-11-12 13:42:08,843 INFO  EvoClassLoader - Seeing class for first time: org.apache.hadoop.thirdparty.com.google.common.collect.ImmutableCollection
2024-11-12 13:42:08,843 INFO  EvoClassLoader - Instrumenting class 'org.apache.hadoop.thirdparty.com.google.common.collect.ImmutableCollection'.
2024-11-12 13:42:08,843 INFO  MethodCallReplacementClassAdapter - Adding mock interface to class org/apache/hadoop/thirdparty/com/google/common/collect/ImmutableCollection
2024-11-12 13:42:08,843 INFO  CreateClassResetClassAdapter - Found static initializer in class org/apache/hadoop/thirdparty/com/google/common/collect/ImmutableCollection
2024-11-12 13:42:08,844 INFO  EvoClassLoader - Keeping class: org.apache.hadoop.thirdparty.com.google.common.collect.ImmutableCollection
2024-11-12 13:42:08,844 INFO  EvoClassLoader - Keeping class: org.apache.hadoop.thirdparty.com.google.common.collect.ImmutableList
2024-11-12 13:42:08,844 INFO  EvoClassLoader - Keeping class: org.apache.hadoop.thirdparty.com.google.common.collect.Lists$StringAsImmutableList
2024-11-12 13:42:08,844 INFO  EvoClassLoader - Seeing class for first time: org.apache.hadoop.thirdparty.com.google.common.collect.RegularImmutableAsList
2024-11-12 13:42:08,844 INFO  EvoClassLoader - Instrumenting class 'org.apache.hadoop.thirdparty.com.google.common.collect.RegularImmutableAsList'.
2024-11-12 13:42:08,845 INFO  MethodCallReplacementClassAdapter - Adding mock interface to class org/apache/hadoop/thirdparty/com/google/common/collect/RegularImmutableAsList
2024-11-12 13:42:08,845 INFO  CreateClassResetClassAdapter - Creating brand-new static initializer in class org/apache/hadoop/thirdparty/com/google/common/collect/RegularImmutableAsList
2024-11-12 13:42:08,845 INFO  EvoClassLoader - Seeing class for first time: org.apache.hadoop.thirdparty.com.google.common.collect.ImmutableAsList
2024-11-12 13:42:08,845 INFO  EvoClassLoader - Instrumenting class 'org.apache.hadoop.thirdparty.com.google.common.collect.ImmutableAsList'.
2024-11-12 13:42:08,845 INFO  MethodCallReplacementClassAdapter - Adding mock interface to class org/apache/hadoop/thirdparty/com/google/common/collect/ImmutableAsList
2024-11-12 13:42:08,845 INFO  CreateClassResetClassAdapter - Creating brand-new static initializer in class org/apache/hadoop/thirdparty/com/google/common/collect/ImmutableAsList
2024-11-12 13:42:08,845 INFO  EvoClassLoader - Keeping class: org.apache.hadoop.thirdparty.com.google.common.collect.ImmutableAsList
2024-11-12 13:42:08,845 INFO  EvoClassLoader - Keeping class: org.apache.hadoop.thirdparty.com.google.common.collect.RegularImmutableAsList
2024-11-12 13:42:08,846 INFO  EvoClassLoader - Seeing class for first time: org.apache.hadoop.thirdparty.com.google.common.collect.RegularImmutableList
2024-11-12 13:42:08,846 INFO  EvoClassLoader - Instrumenting class 'org.apache.hadoop.thirdparty.com.google.common.collect.RegularImmutableList'.
2024-11-12 13:42:08,846 INFO  MethodCallReplacementClassAdapter - Adding mock interface to class org/apache/hadoop/thirdparty/com/google/common/collect/RegularImmutableList
2024-11-12 13:42:08,846 INFO  CreateClassResetClassAdapter - Found static initializer in class org/apache/hadoop/thirdparty/com/google/common/collect/RegularImmutableList
2024-11-12 13:42:08,846 INFO  EvoClassLoader - Keeping class: org.apache.hadoop.thirdparty.com.google.common.collect.RegularImmutableList
2024-11-12 13:42:08,846 INFO  EvoClassLoader - Seeing class for first time: org.apache.hadoop.thirdparty.com.google.common.collect.ImmutableList$SubList
2024-11-12 13:42:08,846 INFO  EvoClassLoader - Instrumenting class 'org.apache.hadoop.thirdparty.com.google.common.collect.ImmutableList$SubList'.
2024-11-12 13:42:08,846 INFO  MethodCallReplacementClassAdapter - Adding mock interface to class org/apache/hadoop/thirdparty/com/google/common/collect/ImmutableList$SubList
2024-11-12 13:42:08,846 INFO  CreateClassResetClassAdapter - Creating brand-new static initializer in class org/apache/hadoop/thirdparty/com/google/common/collect/ImmutableList$SubList
2024-11-12 13:42:08,846 INFO  EvoClassLoader - Keeping class: org.apache.hadoop.thirdparty.com.google.common.collect.ImmutableList$SubList
2024-11-12 13:42:08,847 INFO  EvoClassLoader - Seeing class for first time: org.apache.hadoop.thirdparty.com.google.common.collect.UnmodifiableIterator
2024-11-12 13:42:08,847 INFO  EvoClassLoader - Instrumenting class 'org.apache.hadoop.thirdparty.com.google.common.collect.UnmodifiableIterator'.
2024-11-12 13:42:08,847 INFO  MethodCallReplacementClassAdapter - Adding mock interface to class org/apache/hadoop/thirdparty/com/google/common/collect/UnmodifiableIterator
2024-11-12 13:42:08,847 INFO  CreateClassResetClassAdapter - Creating brand-new static initializer in class org/apache/hadoop/thirdparty/com/google/common/collect/UnmodifiableIterator
2024-11-12 13:42:08,847 INFO  EvoClassLoader - Keeping class: org.apache.hadoop.thirdparty.com.google.common.collect.UnmodifiableIterator
2024-11-12 13:42:08,847 INFO  EvoClassLoader - Seeing class for first time: org.apache.hadoop.thirdparty.com.google.common.collect.UnmodifiableListIterator
2024-11-12 13:42:08,847 INFO  EvoClassLoader - Instrumenting class 'org.apache.hadoop.thirdparty.com.google.common.collect.UnmodifiableListIterator'.
2024-11-12 13:42:08,847 INFO  MethodCallReplacementClassAdapter - Adding mock interface to class org/apache/hadoop/thirdparty/com/google/common/collect/UnmodifiableListIterator
2024-11-12 13:42:08,847 INFO  CreateClassResetClassAdapter - Creating brand-new static initializer in class org/apache/hadoop/thirdparty/com/google/common/collect/UnmodifiableListIterator
2024-11-12 13:42:08,847 INFO  EvoClassLoader - Keeping class: org.apache.hadoop.thirdparty.com.google.common.collect.UnmodifiableListIterator
2024-11-12 13:42:08,847 INFO  EvoClassLoader - Seeing class for first time: org.apache.hadoop.thirdparty.com.google.common.collect.ImmutableList$ReverseImmutableList
2024-11-12 13:42:08,847 INFO  EvoClassLoader - Instrumenting class 'org.apache.hadoop.thirdparty.com.google.common.collect.ImmutableList$ReverseImmutableList'.
2024-11-12 13:42:08,847 INFO  MethodCallReplacementClassAdapter - Adding mock interface to class org/apache/hadoop/thirdparty/com/google/common/collect/ImmutableList$ReverseImmutableList
2024-11-12 13:42:08,847 INFO  CreateClassResetClassAdapter - Creating brand-new static initializer in class org/apache/hadoop/thirdparty/com/google/common/collect/ImmutableList$ReverseImmutableList
2024-11-12 13:42:08,848 INFO  EvoClassLoader - Keeping class: org.apache.hadoop.thirdparty.com.google.common.collect.ImmutableList$ReverseImmutableList
2024-11-12 13:42:08,848 INFO  EvoClassLoader - Seeing class for first time: org.apache.hadoop.thirdparty.com.google.common.collect.SingletonImmutableList
2024-11-12 13:42:08,848 INFO  EvoClassLoader - Instrumenting class 'org.apache.hadoop.thirdparty.com.google.common.collect.SingletonImmutableList'.
2024-11-12 13:42:08,848 INFO  MethodCallReplacementClassAdapter - Adding mock interface to class org/apache/hadoop/thirdparty/com/google/common/collect/SingletonImmutableList
2024-11-12 13:42:08,849 INFO  CreateClassResetClassAdapter - Creating brand-new static initializer in class org/apache/hadoop/thirdparty/com/google/common/collect/SingletonImmutableList
2024-11-12 13:42:08,849 INFO  EvoClassLoader - Keeping class: org.apache.hadoop.thirdparty.com.google.common.collect.SingletonImmutableList
2024-11-12 13:42:08,849 INFO  EvoClassLoader - Seeing class for first time: org.apache.hadoop.thirdparty.com.google.common.collect.ImmutableList$1
2024-11-12 13:42:08,849 INFO  EvoClassLoader - Instrumenting class 'org.apache.hadoop.thirdparty.com.google.common.collect.ImmutableList$1'.
2024-11-12 13:42:08,849 INFO  MethodCallReplacementClassAdapter - Adding mock interface to class org/apache/hadoop/thirdparty/com/google/common/collect/ImmutableList$1
2024-11-12 13:42:08,850 INFO  EvoClassLoader - Seeing class for first time: org.apache.hadoop.thirdparty.com.google.common.collect.AbstractIndexedListIterator
2024-11-12 13:42:08,850 INFO  EvoClassLoader - Instrumenting class 'org.apache.hadoop.thirdparty.com.google.common.collect.AbstractIndexedListIterator'.
2024-11-12 13:42:08,850 INFO  MethodCallReplacementClassAdapter - Adding mock interface to class org/apache/hadoop/thirdparty/com/google/common/collect/AbstractIndexedListIterator
2024-11-12 13:42:08,850 INFO  CreateClassResetClassAdapter - Creating brand-new static initializer in class org/apache/hadoop/thirdparty/com/google/common/collect/AbstractIndexedListIterator
2024-11-12 13:42:08,850 INFO  EvoClassLoader - Keeping class: org.apache.hadoop.thirdparty.com.google.common.collect.AbstractIndexedListIterator
2024-11-12 13:42:08,850 INFO  EvoClassLoader - Keeping class: org.apache.hadoop.thirdparty.com.google.common.collect.ImmutableList$1
2024-11-12 13:42:08,851 INFO  EvoClassLoader - Seeing class for first time: org.apache.hadoop.classification.InterfaceStability$Stable
2024-11-12 13:42:08,851 INFO  EvoClassLoader - Instrumenting class 'org.apache.hadoop.classification.InterfaceStability$Stable'.
2024-11-12 13:42:08,852 INFO  EvoClassLoader - Defined package (3): package org.apache.hadoop.classification, 1598700281
2024-11-12 13:42:08,852 INFO  EvoClassLoader - Keeping class: org.apache.hadoop.classification.InterfaceStability$Stable
2024-11-12 13:42:08,852 INFO  EvoClassLoader - Seeing class for first time: org.apache.hadoop.metrics2.lib.Interns$Info
2024-11-12 13:42:08,852 INFO  EvoClassLoader - Instrumenting class 'org.apache.hadoop.metrics2.lib.Interns$Info'.
2024-11-12 13:42:08,852 INFO  MethodCallReplacementClassAdapter - Adding mock interface to class org/apache/hadoop/metrics2/lib/Interns$Info
2024-11-12 13:42:08,852 INFO  CreateClassResetClassAdapter - Found static initializer in class org/apache/hadoop/metrics2/lib/Interns$Info
2024-11-12 13:42:08,852 INFO  EvoClassLoader - Keeping class: org.apache.hadoop.metrics2.lib.Interns$Info
2024-11-12 13:42:08,852 INFO  EvoClassLoader - Seeing class for first time: org.apache.hadoop.metrics2.lib.Interns$CacheWith2Keys
2024-11-12 13:42:08,852 INFO  EvoClassLoader - Instrumenting class 'org.apache.hadoop.metrics2.lib.Interns$CacheWith2Keys'.
2024-11-12 13:42:08,852 INFO  MethodCallReplacementClassAdapter - Adding mock interface to class org/apache/hadoop/metrics2/lib/Interns$CacheWith2Keys
2024-11-12 13:42:08,853 INFO  CreateClassResetClassAdapter - Creating brand-new static initializer in class org/apache/hadoop/metrics2/lib/Interns$CacheWith2Keys
2024-11-12 13:42:08,855 INFO  EvoClassLoader - Keeping class: org.apache.hadoop.metrics2.lib.Interns$CacheWith2Keys
2024-11-12 13:42:08,855 INFO  EvoClassLoader - Seeing class for first time: org.apache.hadoop.metrics2.lib.Interns$Info$1
2024-11-12 13:42:08,855 INFO  EvoClassLoader - Instrumenting class 'org.apache.hadoop.metrics2.lib.Interns$Info$1'.
2024-11-12 13:42:08,856 INFO  MethodCallReplacementClassAdapter - Adding mock interface to class org/apache/hadoop/metrics2/lib/Interns$Info$1
2024-11-12 13:42:08,856 INFO  EvoClassLoader - Keeping class: org.apache.hadoop.metrics2.lib.Interns$Info$1
2024-11-12 13:42:08,856 INFO  EvoClassLoader - Seeing class for first time: org.apache.hadoop.metrics2.MetricsInfo
2024-11-12 13:42:08,856 INFO  EvoClassLoader - Instrumenting class 'org.apache.hadoop.metrics2.MetricsInfo'.
2024-11-12 13:42:08,856 INFO  EvoClassLoader - Defined package (3): package org.apache.hadoop.metrics2, -190125790
2024-11-12 13:42:08,856 INFO  EvoClassLoader - Keeping class: org.apache.hadoop.metrics2.MetricsInfo
2024-11-12 13:42:08,856 INFO  EvoClassLoader - Seeing class for first time: org.apache.hadoop.metrics2.lib.Interns$CacheWith2Keys$1
2024-11-12 13:42:08,856 INFO  EvoClassLoader - Instrumenting class 'org.apache.hadoop.metrics2.lib.Interns$CacheWith2Keys$1'.
2024-11-12 13:42:08,857 INFO  MethodCallReplacementClassAdapter - Adding mock interface to class org/apache/hadoop/metrics2/lib/Interns$CacheWith2Keys$1
2024-11-12 13:42:08,857 INFO  EvoClassLoader - Keeping class: org.apache.hadoop.metrics2.lib.Interns$CacheWith2Keys$1
2024-11-12 13:42:08,857 INFO  EvoClassLoader - Seeing class for first time: org.apache.hadoop.thirdparty.com.google.common.cache.LoadingCache
2024-11-12 13:42:08,857 INFO  EvoClassLoader - Instrumenting class 'org.apache.hadoop.thirdparty.com.google.common.cache.LoadingCache'.
2024-11-12 13:42:08,858 INFO  EvoClassLoader - Seeing class for first time: org.apache.hadoop.thirdparty.com.google.common.cache.Cache
2024-11-12 13:42:08,858 INFO  EvoClassLoader - Instrumenting class 'org.apache.hadoop.thirdparty.com.google.common.cache.Cache'.
2024-11-12 13:42:08,858 INFO  EvoClassLoader - Keeping class: org.apache.hadoop.thirdparty.com.google.common.cache.Cache
2024-11-12 13:42:08,858 INFO  EvoClassLoader - Keeping class: org.apache.hadoop.thirdparty.com.google.common.cache.LoadingCache
2024-11-12 13:42:08,858 INFO  EvoClassLoader - Seeing class for first time: org.apache.commons.cli.UnrecognizedOptionException
2024-11-12 13:42:08,858 INFO  EvoClassLoader - Instrumenting class 'org.apache.commons.cli.UnrecognizedOptionException'.
2024-11-12 13:42:08,859 INFO  MethodCallReplacementClassAdapter - Adding mock interface to class org/apache/commons/cli/UnrecognizedOptionException
2024-11-12 13:42:08,859 INFO  CreateClassResetClassAdapter - Creating brand-new static initializer in class org/apache/commons/cli/UnrecognizedOptionException
2024-11-12 13:42:08,859 INFO  EvoClassLoader - Defined package (3): package org.apache.commons.cli, -528318268
2024-11-12 13:42:08,859 INFO  EvoClassLoader - Seeing class for first time: org.apache.commons.cli.ParseException
2024-11-12 13:42:08,859 INFO  EvoClassLoader - Instrumenting class 'org.apache.commons.cli.ParseException'.
2024-11-12 13:42:08,859 INFO  MethodCallReplacementClassAdapter - Adding mock interface to class org/apache/commons/cli/ParseException
2024-11-12 13:42:08,859 INFO  CreateClassResetClassAdapter - Creating brand-new static initializer in class org/apache/commons/cli/ParseException
2024-11-12 13:42:08,859 INFO  EvoClassLoader - Keeping class: org.apache.commons.cli.ParseException
2024-11-12 13:42:08,859 INFO  EvoClassLoader - Keeping class: org.apache.commons.cli.UnrecognizedOptionException
2024-11-12 13:42:08,859 INFO  EvoClassLoader - Seeing class for first time: org.apache.hadoop.metrics2.lib.UniqueNames$Count
2024-11-12 13:42:08,859 INFO  EvoClassLoader - Instrumenting class 'org.apache.hadoop.metrics2.lib.UniqueNames$Count'.
2024-11-12 13:42:08,860 INFO  MethodCallReplacementClassAdapter - Adding mock interface to class org/apache/hadoop/metrics2/lib/UniqueNames$Count
2024-11-12 13:42:08,860 INFO  CreateClassResetClassAdapter - Creating brand-new static initializer in class org/apache/hadoop/metrics2/lib/UniqueNames$Count
2024-11-12 13:42:08,860 INFO  EvoClassLoader - Keeping class: org.apache.hadoop.metrics2.lib.UniqueNames$Count
2024-11-12 13:42:08,860 INFO  EvoClassLoader - Seeing class for first time: org.apache.commons.collections.map.UnmodifiableEntrySet$UnmodifiableEntrySetIterator
2024-11-12 13:42:08,860 INFO  EvoClassLoader - Instrumenting class 'org.apache.commons.collections.map.UnmodifiableEntrySet$UnmodifiableEntrySetIterator'.
2024-11-12 13:42:08,860 INFO  MethodCallReplacementClassAdapter - Adding mock interface to class org/apache/commons/collections/map/UnmodifiableEntrySet$UnmodifiableEntrySetIterator
2024-11-12 13:42:08,860 INFO  CreateClassResetClassAdapter - Creating brand-new static initializer in class org/apache/commons/collections/map/UnmodifiableEntrySet$UnmodifiableEntrySetIterator
2024-11-12 13:42:08,860 INFO  EvoClassLoader - Seeing class for first time: org.apache.commons.collections.iterators.AbstractIteratorDecorator
2024-11-12 13:42:08,860 INFO  EvoClassLoader - Instrumenting class 'org.apache.commons.collections.iterators.AbstractIteratorDecorator'.
2024-11-12 13:42:08,860 INFO  MethodCallReplacementClassAdapter - Adding mock interface to class org/apache/commons/collections/iterators/AbstractIteratorDecorator
2024-11-12 13:42:08,861 INFO  CreateClassResetClassAdapter - Creating brand-new static initializer in class org/apache/commons/collections/iterators/AbstractIteratorDecorator
2024-11-12 13:42:08,861 INFO  EvoClassLoader - Defined package (3): package org.apache.commons.collections.iterators, -1397807280
2024-11-12 13:42:08,862 INFO  EvoClassLoader - Keeping class: org.apache.commons.collections.iterators.AbstractIteratorDecorator
2024-11-12 13:42:08,862 INFO  EvoClassLoader - Keeping class: org.apache.commons.collections.map.UnmodifiableEntrySet$UnmodifiableEntrySetIterator
2024-11-12 13:42:08,862 INFO  EvoClassLoader - Seeing class for first time: org.apache.hadoop.thirdparty.com.google.common.cache.LocalCache$Strength$1
2024-11-12 13:42:08,862 INFO  EvoClassLoader - Instrumenting class 'org.apache.hadoop.thirdparty.com.google.common.cache.LocalCache$Strength$1'.
2024-11-12 13:42:08,862 INFO  MethodCallReplacementClassAdapter - Adding mock interface to class org/apache/hadoop/thirdparty/com/google/common/cache/LocalCache$Strength$1
2024-11-12 13:42:08,864 INFO  EvoClassLoader - Seeing class for first time: org.apache.hadoop.thirdparty.com.google.common.cache.LocalCache$Strength
2024-11-12 13:42:08,864 INFO  EvoClassLoader - Instrumenting class 'org.apache.hadoop.thirdparty.com.google.common.cache.LocalCache$Strength'.
2024-11-12 13:42:08,864 INFO  MethodCallReplacementClassAdapter - Adding mock interface to class org/apache/hadoop/thirdparty/com/google/common/cache/LocalCache$Strength
2024-11-12 13:42:08,864 INFO  CreateClassResetClassAdapter - Found static initializer in class org/apache/hadoop/thirdparty/com/google/common/cache/LocalCache$Strength
2024-11-12 13:42:08,866 INFO  EvoClassLoader - Keeping class: org.apache.hadoop.thirdparty.com.google.common.cache.LocalCache$Strength
2024-11-12 13:42:08,866 INFO  EvoClassLoader - Keeping class: org.apache.hadoop.thirdparty.com.google.common.cache.LocalCache$Strength$1
2024-11-12 13:42:08,866 INFO  EvoClassLoader - Seeing class for first time: org.apache.hadoop.thirdparty.com.google.common.cache.LocalCache$Strength$2
2024-11-12 13:42:08,866 INFO  EvoClassLoader - Instrumenting class 'org.apache.hadoop.thirdparty.com.google.common.cache.LocalCache$Strength$2'.
2024-11-12 13:42:08,866 INFO  MethodCallReplacementClassAdapter - Adding mock interface to class org/apache/hadoop/thirdparty/com/google/common/cache/LocalCache$Strength$2
2024-11-12 13:42:08,868 INFO  EvoClassLoader - Keeping class: org.apache.hadoop.thirdparty.com.google.common.cache.LocalCache$Strength$2
2024-11-12 13:42:08,868 INFO  EvoClassLoader - Seeing class for first time: org.apache.hadoop.thirdparty.com.google.common.cache.LocalCache$Strength$3
2024-11-12 13:42:08,868 INFO  EvoClassLoader - Instrumenting class 'org.apache.hadoop.thirdparty.com.google.common.cache.LocalCache$Strength$3'.
2024-11-12 13:42:08,868 INFO  MethodCallReplacementClassAdapter - Adding mock interface to class org/apache/hadoop/thirdparty/com/google/common/cache/LocalCache$Strength$3
2024-11-12 13:42:08,869 INFO  EvoClassLoader - Keeping class: org.apache.hadoop.thirdparty.com.google.common.cache.LocalCache$Strength$3
2024-11-12 13:42:08,869 INFO  EvoClassLoader - Seeing class for first time: org.apache.hadoop.thirdparty.com.google.common.cache.LocalCache$StrongValueReference
2024-11-12 13:42:08,869 INFO  EvoClassLoader - Instrumenting class 'org.apache.hadoop.thirdparty.com.google.common.cache.LocalCache$StrongValueReference'.
2024-11-12 13:42:08,869 INFO  MethodCallReplacementClassAdapter - Adding mock interface to class org/apache/hadoop/thirdparty/com/google/common/cache/LocalCache$StrongValueReference
2024-11-12 13:42:08,869 INFO  CreateClassResetClassAdapter - Creating brand-new static initializer in class org/apache/hadoop/thirdparty/com/google/common/cache/LocalCache$StrongValueReference
2024-11-12 13:42:08,870 INFO  EvoClassLoader - Seeing class for first time: org.apache.hadoop.thirdparty.com.google.common.cache.LocalCache$ValueReference
2024-11-12 13:42:08,870 INFO  EvoClassLoader - Instrumenting class 'org.apache.hadoop.thirdparty.com.google.common.cache.LocalCache$ValueReference'.
2024-11-12 13:42:08,870 INFO  EvoClassLoader - Keeping class: org.apache.hadoop.thirdparty.com.google.common.cache.LocalCache$ValueReference
2024-11-12 13:42:08,870 INFO  EvoClassLoader - Keeping class: org.apache.hadoop.thirdparty.com.google.common.cache.LocalCache$StrongValueReference
2024-11-12 13:42:08,870 INFO  EvoClassLoader - Seeing class for first time: org.apache.hadoop.thirdparty.com.google.common.cache.LocalCache$WeightedStrongValueReference
2024-11-12 13:42:08,870 INFO  EvoClassLoader - Instrumenting class 'org.apache.hadoop.thirdparty.com.google.common.cache.LocalCache$WeightedStrongValueReference'.
2024-11-12 13:42:08,870 INFO  MethodCallReplacementClassAdapter - Adding mock interface to class org/apache/hadoop/thirdparty/com/google/common/cache/LocalCache$WeightedStrongValueReference
2024-11-12 13:42:08,870 INFO  CreateClassResetClassAdapter - Creating brand-new static initializer in class org/apache/hadoop/thirdparty/com/google/common/cache/LocalCache$WeightedStrongValueReference
2024-11-12 13:42:08,871 INFO  EvoClassLoader - Keeping class: org.apache.hadoop.thirdparty.com.google.common.cache.LocalCache$WeightedStrongValueReference
2024-11-12 13:42:08,871 INFO  EvoClassLoader - Seeing class for first time: org.apache.hadoop.thirdparty.com.google.common.cache.LocalCache$SoftValueReference
2024-11-12 13:42:08,871 INFO  EvoClassLoader - Instrumenting class 'org.apache.hadoop.thirdparty.com.google.common.cache.LocalCache$SoftValueReference'.
2024-11-12 13:42:08,871 INFO  MethodCallReplacementClassAdapter - Adding mock interface to class org/apache/hadoop/thirdparty/com/google/common/cache/LocalCache$SoftValueReference
2024-11-12 13:42:08,871 INFO  CreateClassResetClassAdapter - Creating brand-new static initializer in class org/apache/hadoop/thirdparty/com/google/common/cache/LocalCache$SoftValueReference
2024-11-12 13:42:08,871 INFO  EvoClassLoader - Keeping class: org.apache.hadoop.thirdparty.com.google.common.cache.LocalCache$SoftValueReference
2024-11-12 13:42:08,871 INFO  EvoClassLoader - Seeing class for first time: org.apache.hadoop.thirdparty.com.google.common.cache.LocalCache$WeightedSoftValueReference
2024-11-12 13:42:08,871 INFO  EvoClassLoader - Instrumenting class 'org.apache.hadoop.thirdparty.com.google.common.cache.LocalCache$WeightedSoftValueReference'.
2024-11-12 13:42:08,872 INFO  MethodCallReplacementClassAdapter - Adding mock interface to class org/apache/hadoop/thirdparty/com/google/common/cache/LocalCache$WeightedSoftValueReference
2024-11-12 13:42:08,872 INFO  CreateClassResetClassAdapter - Creating brand-new static initializer in class org/apache/hadoop/thirdparty/com/google/common/cache/LocalCache$WeightedSoftValueReference
2024-11-12 13:42:08,872 INFO  EvoClassLoader - Keeping class: org.apache.hadoop.thirdparty.com.google.common.cache.LocalCache$WeightedSoftValueReference
2024-11-12 13:42:08,872 INFO  EvoClassLoader - Seeing class for first time: org.apache.hadoop.thirdparty.com.google.common.cache.LocalCache$WeakValueReference
2024-11-12 13:42:08,872 INFO  EvoClassLoader - Instrumenting class 'org.apache.hadoop.thirdparty.com.google.common.cache.LocalCache$WeakValueReference'.
2024-11-12 13:42:08,872 INFO  MethodCallReplacementClassAdapter - Adding mock interface to class org/apache/hadoop/thirdparty/com/google/common/cache/LocalCache$WeakValueReference
2024-11-12 13:42:08,872 INFO  CreateClassResetClassAdapter - Creating brand-new static initializer in class org/apache/hadoop/thirdparty/com/google/common/cache/LocalCache$WeakValueReference
2024-11-12 13:42:08,872 INFO  EvoClassLoader - Keeping class: org.apache.hadoop.thirdparty.com.google.common.cache.LocalCache$WeakValueReference
2024-11-12 13:42:08,872 INFO  EvoClassLoader - Seeing class for first time: org.apache.hadoop.thirdparty.com.google.common.cache.LocalCache$WeightedWeakValueReference
2024-11-12 13:42:08,872 INFO  EvoClassLoader - Instrumenting class 'org.apache.hadoop.thirdparty.com.google.common.cache.LocalCache$WeightedWeakValueReference'.
2024-11-12 13:42:08,873 INFO  MethodCallReplacementClassAdapter - Adding mock interface to class org/apache/hadoop/thirdparty/com/google/common/cache/LocalCache$WeightedWeakValueReference
2024-11-12 13:42:08,873 INFO  CreateClassResetClassAdapter - Creating brand-new static initializer in class org/apache/hadoop/thirdparty/com/google/common/cache/LocalCache$WeightedWeakValueReference
2024-11-12 13:42:08,873 INFO  EvoClassLoader - Keeping class: org.apache.hadoop.thirdparty.com.google.common.cache.LocalCache$WeightedWeakValueReference
2024-11-12 13:42:08,873 INFO  EvoClassLoader - Seeing class for first time: org.apache.hadoop.metrics2.impl.MetricsConfigException
2024-11-12 13:42:08,873 INFO  EvoClassLoader - Instrumenting class 'org.apache.hadoop.metrics2.impl.MetricsConfigException'.
2024-11-12 13:42:08,874 INFO  MethodCallReplacementClassAdapter - Adding mock interface to class org/apache/hadoop/metrics2/impl/MetricsConfigException
2024-11-12 13:42:08,874 INFO  CreateClassResetClassAdapter - Creating brand-new static initializer in class org/apache/hadoop/metrics2/impl/MetricsConfigException
2024-11-12 13:42:08,874 INFO  EvoClassLoader - Defined package (3): package org.apache.hadoop.metrics2.impl, 998053740
2024-11-12 13:42:08,874 INFO  EvoClassLoader - Seeing class for first time: org.apache.hadoop.metrics2.MetricsException
2024-11-12 13:42:08,874 INFO  EvoClassLoader - Instrumenting class 'org.apache.hadoop.metrics2.MetricsException'.
2024-11-12 13:42:08,874 INFO  MethodCallReplacementClassAdapter - Adding mock interface to class org/apache/hadoop/metrics2/MetricsException
2024-11-12 13:42:08,874 INFO  CreateClassResetClassAdapter - Creating brand-new static initializer in class org/apache/hadoop/metrics2/MetricsException
2024-11-12 13:42:08,874 INFO  EvoClassLoader - Keeping class: org.apache.hadoop.metrics2.MetricsException
2024-11-12 13:42:08,874 INFO  EvoClassLoader - Keeping class: org.apache.hadoop.metrics2.impl.MetricsConfigException
2024-11-12 13:42:08,875 INFO  EvoClassLoader - Seeing class for first time: org.apache.hadoop.metrics2.lib.UniqueNames
2024-11-12 13:42:08,875 INFO  EvoClassLoader - Instrumenting class 'org.apache.hadoop.metrics2.lib.UniqueNames'.
2024-11-12 13:42:08,875 INFO  MethodCallReplacementClassAdapter - Adding mock interface to class org/apache/hadoop/metrics2/lib/UniqueNames
2024-11-12 13:42:08,875 INFO  CreateClassResetClassAdapter - Found static initializer in class org/apache/hadoop/metrics2/lib/UniqueNames
2024-11-12 13:42:08,875 INFO  EvoClassLoader - Keeping class: org.apache.hadoop.metrics2.lib.UniqueNames
2024-11-12 13:42:08,875 INFO  EvoClassLoader - Seeing class for first time: org.apache.hadoop.thirdparty.com.google.common.base.Joiner
2024-11-12 13:42:08,875 INFO  EvoClassLoader - Instrumenting class 'org.apache.hadoop.thirdparty.com.google.common.base.Joiner'.
2024-11-12 13:42:08,876 INFO  MethodCallReplacementClassAdapter - Adding mock interface to class org/apache/hadoop/thirdparty/com/google/common/base/Joiner
2024-11-12 13:42:08,876 INFO  CreateClassResetClassAdapter - Creating brand-new static initializer in class org/apache/hadoop/thirdparty/com/google/common/base/Joiner
2024-11-12 13:42:08,876 INFO  EvoClassLoader - Keeping class: org.apache.hadoop.thirdparty.com.google.common.base.Joiner
2024-11-12 13:42:08,876 INFO  EvoClassLoader - Seeing class for first time: org.apache.hadoop.thirdparty.com.google.common.base.Joiner$2
2024-11-12 13:42:08,876 INFO  EvoClassLoader - Instrumenting class 'org.apache.hadoop.thirdparty.com.google.common.base.Joiner$2'.
2024-11-12 13:42:08,877 INFO  MethodCallReplacementClassAdapter - Adding mock interface to class org/apache/hadoop/thirdparty/com/google/common/base/Joiner$2
2024-11-12 13:42:08,877 INFO  EvoClassLoader - Keeping class: org.apache.hadoop.thirdparty.com.google.common.base.Joiner$2
2024-11-12 13:42:08,877 INFO  EvoClassLoader - Seeing class for first time: org.apache.hadoop.thirdparty.com.google.common.base.Joiner$1
2024-11-12 13:42:08,877 INFO  EvoClassLoader - Instrumenting class 'org.apache.hadoop.thirdparty.com.google.common.base.Joiner$1'.
2024-11-12 13:42:08,877 INFO  MethodCallReplacementClassAdapter - Adding mock interface to class org/apache/hadoop/thirdparty/com/google/common/base/Joiner$1
2024-11-12 13:42:08,878 INFO  EvoClassLoader - Keeping class: org.apache.hadoop.thirdparty.com.google.common.base.Joiner$1
2024-11-12 13:42:08,878 INFO  EvoClassLoader - Seeing class for first time: org.apache.hadoop.thirdparty.com.google.common.collect.Maps$EntryTransformer
2024-11-12 13:42:08,878 INFO  EvoClassLoader - Instrumenting class 'org.apache.hadoop.thirdparty.com.google.common.collect.Maps$EntryTransformer'.
2024-11-12 13:42:08,879 INFO  EvoClassLoader - Keeping class: org.apache.hadoop.thirdparty.com.google.common.collect.Maps$EntryTransformer
2024-11-12 13:42:08,879 INFO  EvoClassLoader - Seeing class for first time: org.apache.hadoop.thirdparty.com.google.common.cache.CacheLoader$UnsupportedLoadingOperationException
2024-11-12 13:42:08,879 INFO  EvoClassLoader - Instrumenting class 'org.apache.hadoop.thirdparty.com.google.common.cache.CacheLoader$UnsupportedLoadingOperationException'.
2024-11-12 13:42:08,880 INFO  MethodCallReplacementClassAdapter - Adding mock interface to class org/apache/hadoop/thirdparty/com/google/common/cache/CacheLoader$UnsupportedLoadingOperationException
2024-11-12 13:42:08,880 INFO  CreateClassResetClassAdapter - Creating brand-new static initializer in class org/apache/hadoop/thirdparty/com/google/common/cache/CacheLoader$UnsupportedLoadingOperationException
2024-11-12 13:42:08,880 INFO  EvoClassLoader - Keeping class: org.apache.hadoop.thirdparty.com.google.common.cache.CacheLoader$UnsupportedLoadingOperationException
2024-11-12 13:42:08,880 INFO  EvoClassLoader - Seeing class for first time: org.apache.hadoop.security.authentication.util.KerberosName
2024-11-12 13:42:08,880 INFO  EvoClassLoader - Instrumenting class 'org.apache.hadoop.security.authentication.util.KerberosName'.
2024-11-12 13:42:08,881 INFO  MethodCallReplacementClassAdapter - Adding mock interface to class org/apache/hadoop/security/authentication/util/KerberosName
2024-11-12 13:42:08,881 INFO  CreateClassResetClassAdapter - Found static initializer in class org/apache/hadoop/security/authentication/util/KerberosName
2024-11-12 13:42:08,881 INFO  EvoClassLoader - Defined package (3): package org.apache.hadoop.security.authentication.util, 2083362781
2024-11-12 13:42:08,882 INFO  EvoClassLoader - Keeping class: org.apache.hadoop.security.authentication.util.KerberosName
2024-11-12 13:42:08,882 INFO  EvoClassLoader - Seeing class for first time: org.apache.hadoop.security.authentication.util.KerberosName$NoMatchingRule
2024-11-12 13:42:08,882 INFO  EvoClassLoader - Instrumenting class 'org.apache.hadoop.security.authentication.util.KerberosName$NoMatchingRule'.
2024-11-12 13:42:08,882 INFO  MethodCallReplacementClassAdapter - Adding mock interface to class org/apache/hadoop/security/authentication/util/KerberosName$NoMatchingRule
2024-11-12 13:42:08,882 INFO  CreateClassResetClassAdapter - Creating brand-new static initializer in class org/apache/hadoop/security/authentication/util/KerberosName$NoMatchingRule
2024-11-12 13:42:08,882 INFO  EvoClassLoader - Keeping class: org.apache.hadoop.security.authentication.util.KerberosName$NoMatchingRule
2024-11-12 13:42:08,882 INFO  EvoClassLoader - Seeing class for first time: org.apache.hadoop.io.DataInputBuffer
2024-11-12 13:42:08,882 INFO  EvoClassLoader - Instrumenting class 'org.apache.hadoop.io.DataInputBuffer'.
2024-11-12 13:42:08,883 INFO  MethodCallReplacementClassAdapter - Adding mock interface to class org/apache/hadoop/io/DataInputBuffer
2024-11-12 13:42:08,883 INFO  CreateClassResetClassAdapter - Creating brand-new static initializer in class org/apache/hadoop/io/DataInputBuffer
2024-11-12 13:42:08,883 INFO  EvoClassLoader - Keeping class: org.apache.hadoop.io.DataInputBuffer
2024-11-12 13:42:08,883 INFO  EvoClassLoader - Seeing class for first time: org.apache.hadoop.io.DataInputBuffer$Buffer
2024-11-12 13:42:08,883 INFO  EvoClassLoader - Instrumenting class 'org.apache.hadoop.io.DataInputBuffer$Buffer'.
2024-11-12 13:42:08,883 INFO  MethodCallReplacementClassAdapter - Adding mock interface to class org/apache/hadoop/io/DataInputBuffer$Buffer
2024-11-12 13:42:08,884 INFO  CreateClassResetClassAdapter - Creating brand-new static initializer in class org/apache/hadoop/io/DataInputBuffer$Buffer
2024-11-12 13:42:08,884 INFO  EvoClassLoader - Keeping class: org.apache.hadoop.io.DataInputBuffer$Buffer
2024-11-12 13:42:08,884 INFO  EvoClassLoader - Seeing class for first time: org.apache.hadoop.fs.shell.FsCommand
2024-11-12 13:42:08,884 INFO  EvoClassLoader - Instrumenting class 'org.apache.hadoop.fs.shell.FsCommand'.
2024-11-12 13:42:08,884 INFO  MethodCallReplacementClassAdapter - Adding mock interface to class org/apache/hadoop/fs/shell/FsCommand
2024-11-12 13:42:08,884 INFO  CreateClassResetClassAdapter - Creating brand-new static initializer in class org/apache/hadoop/fs/shell/FsCommand
2024-11-12 13:42:08,884 INFO  EvoClassLoader - Defined package (3): package org.apache.hadoop.fs.shell, -1967891678
2024-11-12 13:42:08,885 INFO  EvoClassLoader - Seeing class for first time: org.apache.hadoop.fs.shell.Command
2024-11-12 13:42:08,885 INFO  EvoClassLoader - Instrumenting class 'org.apache.hadoop.fs.shell.Command'.
2024-11-12 13:42:08,885 INFO  MethodCallReplacementClassAdapter - Adding mock interface to class org/apache/hadoop/fs/shell/Command
2024-11-12 13:42:08,885 INFO  CreateClassResetClassAdapter - Found static initializer in class org/apache/hadoop/fs/shell/Command
2024-11-12 13:42:08,886 INFO  EvoClassLoader - Keeping class: org.apache.hadoop.fs.shell.Command
2024-11-12 13:42:08,886 INFO  EvoClassLoader - Keeping class: org.apache.hadoop.fs.shell.FsCommand
2024-11-12 13:42:08,886 INFO  EvoClassLoader - Seeing class for first time: org.apache.hadoop.fs.shell.Command$CommandInterruptException
2024-11-12 13:42:08,886 INFO  EvoClassLoader - Instrumenting class 'org.apache.hadoop.fs.shell.Command$CommandInterruptException'.
2024-11-12 13:42:08,886 INFO  MethodCallReplacementClassAdapter - Adding mock interface to class org/apache/hadoop/fs/shell/Command$CommandInterruptException
2024-11-12 13:42:08,886 INFO  CreateClassResetClassAdapter - Creating brand-new static initializer in class org/apache/hadoop/fs/shell/Command$CommandInterruptException
2024-11-12 13:42:08,886 INFO  EvoClassLoader - Keeping class: org.apache.hadoop.fs.shell.Command$CommandInterruptException
2024-11-12 13:42:08,886 INFO  EvoClassLoader - Seeing class for first time: org.apache.hadoop.fs.PathNotFoundException
2024-11-12 13:42:08,886 INFO  EvoClassLoader - Instrumenting class 'org.apache.hadoop.fs.PathNotFoundException'.
2024-11-12 13:42:08,887 INFO  MethodCallReplacementClassAdapter - Adding mock interface to class org/apache/hadoop/fs/PathNotFoundException
2024-11-12 13:42:08,887 INFO  CreateClassResetClassAdapter - Creating brand-new static initializer in class org/apache/hadoop/fs/PathNotFoundException
2024-11-12 13:42:08,887 INFO  EvoClassLoader - Seeing class for first time: org.apache.hadoop.fs.PathIOException
2024-11-12 13:42:08,887 INFO  EvoClassLoader - Instrumenting class 'org.apache.hadoop.fs.PathIOException'.
2024-11-12 13:42:08,887 INFO  MethodCallReplacementClassAdapter - Adding mock interface to class org/apache/hadoop/fs/PathIOException
2024-11-12 13:42:08,887 INFO  CreateClassResetClassAdapter - Creating brand-new static initializer in class org/apache/hadoop/fs/PathIOException
2024-11-12 13:42:08,887 INFO  CreateClassResetClassAdapter - Adding bytecode for initializing field EIO
2024-11-12 13:42:08,887 INFO  EvoClassLoader - Keeping class: org.apache.hadoop.fs.PathIOException
2024-11-12 13:42:08,887 INFO  EvoClassLoader - Keeping class: org.apache.hadoop.fs.PathNotFoundException
2024-11-12 13:42:08,887 INFO  EvoClassLoader - Seeing class for first time: org.apache.hadoop.security.ShellBasedUnixGroupsMapping$PartialGroupNameException
2024-11-12 13:42:08,887 INFO  EvoClassLoader - Instrumenting class 'org.apache.hadoop.security.ShellBasedUnixGroupsMapping$PartialGroupNameException'.
2024-11-12 13:42:08,887 INFO  MethodCallReplacementClassAdapter - Adding mock interface to class org/apache/hadoop/security/ShellBasedUnixGroupsMapping$PartialGroupNameException
2024-11-12 13:42:08,888 INFO  CreateClassResetClassAdapter - Creating brand-new static initializer in class org/apache/hadoop/security/ShellBasedUnixGroupsMapping$PartialGroupNameException
2024-11-12 13:42:08,888 INFO  EvoClassLoader - Keeping class: org.apache.hadoop.security.ShellBasedUnixGroupsMapping$PartialGroupNameException
2024-11-12 13:42:08,888 INFO  EvoClassLoader - Seeing class for first time: org.apache.hadoop.security.HadoopKerberosName
2024-11-12 13:42:08,888 INFO  EvoClassLoader - Instrumenting class 'org.apache.hadoop.security.HadoopKerberosName'.
2024-11-12 13:42:08,888 INFO  MethodCallReplacementClassAdapter - Adding mock interface to class org/apache/hadoop/security/HadoopKerberosName
2024-11-12 13:42:08,888 INFO  CreateClassResetClassAdapter - Found static initializer in class org/apache/hadoop/security/HadoopKerberosName
2024-11-12 13:42:08,888 INFO  EvoClassLoader - Keeping class: org.apache.hadoop.security.HadoopKerberosName
2024-11-12 13:42:08,888 INFO  EvoClassLoader - Seeing class for first time: org.apache.commons.configuration2.Configuration
2024-11-12 13:42:08,888 INFO  EvoClassLoader - Instrumenting class 'org.apache.commons.configuration2.Configuration'.
2024-11-12 13:42:08,889 INFO  EvoClassLoader - Defined package (3): package org.apache.commons.configuration2, -1539130408
2024-11-12 13:42:08,889 INFO  EvoClassLoader - Seeing class for first time: org.apache.commons.configuration2.ImmutableConfiguration
2024-11-12 13:42:08,889 INFO  EvoClassLoader - Instrumenting class 'org.apache.commons.configuration2.ImmutableConfiguration'.
2024-11-12 13:42:08,889 INFO  EvoClassLoader - Keeping class: org.apache.commons.configuration2.ImmutableConfiguration
2024-11-12 13:42:08,889 INFO  EvoClassLoader - Seeing class for first time: org.apache.commons.configuration2.sync.SynchronizerSupport
2024-11-12 13:42:08,889 INFO  EvoClassLoader - Instrumenting class 'org.apache.commons.configuration2.sync.SynchronizerSupport'.
2024-11-12 13:42:08,889 INFO  EvoClassLoader - Defined package (3): package org.apache.commons.configuration2.sync, 1116684017
2024-11-12 13:42:08,889 INFO  EvoClassLoader - Keeping class: org.apache.commons.configuration2.sync.SynchronizerSupport
2024-11-12 13:42:08,890 INFO  EvoClassLoader - Keeping class: org.apache.commons.configuration2.Configuration
2024-11-12 13:42:08,890 INFO  EvoClassLoader - Seeing class for first time: org.apache.commons.configuration2.ex.ConversionException
2024-11-12 13:42:08,890 INFO  EvoClassLoader - Instrumenting class 'org.apache.commons.configuration2.ex.ConversionException'.
2024-11-12 13:42:08,890 INFO  MethodCallReplacementClassAdapter - Adding mock interface to class org/apache/commons/configuration2/ex/ConversionException
2024-11-12 13:42:08,890 INFO  CreateClassResetClassAdapter - Creating brand-new static initializer in class org/apache/commons/configuration2/ex/ConversionException
2024-11-12 13:42:08,890 INFO  EvoClassLoader - Defined package (3): package org.apache.commons.configuration2.ex, 836914825
2024-11-12 13:42:08,890 INFO  EvoClassLoader - Seeing class for first time: org.apache.commons.configuration2.ex.ConfigurationRuntimeException
2024-11-12 13:42:08,890 INFO  EvoClassLoader - Instrumenting class 'org.apache.commons.configuration2.ex.ConfigurationRuntimeException'.
2024-11-12 13:42:08,890 INFO  MethodCallReplacementClassAdapter - Adding mock interface to class org/apache/commons/configuration2/ex/ConfigurationRuntimeException
2024-11-12 13:42:08,890 INFO  CreateClassResetClassAdapter - Creating brand-new static initializer in class org/apache/commons/configuration2/ex/ConfigurationRuntimeException
2024-11-12 13:42:08,890 INFO  EvoClassLoader - Keeping class: org.apache.commons.configuration2.ex.ConfigurationRuntimeException
2024-11-12 13:42:08,890 INFO  EvoClassLoader - Keeping class: org.apache.commons.configuration2.ex.ConversionException
2024-11-12 13:42:08,890 INFO  EvoClassLoader - Seeing class for first time: org.apache.hadoop.util.ZKUtil$BadAuthFormatException
2024-11-12 13:42:08,890 INFO  EvoClassLoader - Instrumenting class 'org.apache.hadoop.util.ZKUtil$BadAuthFormatException'.
2024-11-12 13:42:08,890 INFO  MethodCallReplacementClassAdapter - Adding mock interface to class org/apache/hadoop/util/ZKUtil$BadAuthFormatException
2024-11-12 13:42:08,890 INFO  CreateClassResetClassAdapter - Creating brand-new static initializer in class org/apache/hadoop/util/ZKUtil$BadAuthFormatException
2024-11-12 13:42:08,890 INFO  EvoClassLoader - Seeing class for first time: org.apache.hadoop.HadoopIllegalArgumentException
2024-11-12 13:42:08,890 INFO  EvoClassLoader - Instrumenting class 'org.apache.hadoop.HadoopIllegalArgumentException'.
2024-11-12 13:42:08,891 INFO  MethodCallReplacementClassAdapter - Adding mock interface to class org/apache/hadoop/HadoopIllegalArgumentException
2024-11-12 13:42:08,891 INFO  CreateClassResetClassAdapter - Creating brand-new static initializer in class org/apache/hadoop/HadoopIllegalArgumentException
2024-11-12 13:42:08,891 INFO  EvoClassLoader - Defined package (3): package org.apache.hadoop, 975885115
2024-11-12 13:42:08,891 INFO  EvoClassLoader - Keeping class: org.apache.hadoop.HadoopIllegalArgumentException
2024-11-12 13:42:08,891 INFO  EvoClassLoader - Keeping class: org.apache.hadoop.util.ZKUtil$BadAuthFormatException
2024-11-12 13:42:08,891 INFO  EvoClassLoader - Seeing class for first time: org.apache.hadoop.thirdparty.com.google.common.collect.Lists$RandomAccessPartition
2024-11-12 13:42:08,891 INFO  EvoClassLoader - Instrumenting class 'org.apache.hadoop.thirdparty.com.google.common.collect.Lists$RandomAccessPartition'.
2024-11-12 13:42:08,891 INFO  MethodCallReplacementClassAdapter - Adding mock interface to class org/apache/hadoop/thirdparty/com/google/common/collect/Lists$RandomAccessPartition
2024-11-12 13:42:08,891 INFO  CreateClassResetClassAdapter - Creating brand-new static initializer in class org/apache/hadoop/thirdparty/com/google/common/collect/Lists$RandomAccessPartition
2024-11-12 13:42:08,891 INFO  EvoClassLoader - Seeing class for first time: org.apache.hadoop.thirdparty.com.google.common.collect.Lists$Partition
2024-11-12 13:42:08,891 INFO  EvoClassLoader - Instrumenting class 'org.apache.hadoop.thirdparty.com.google.common.collect.Lists$Partition'.
2024-11-12 13:42:08,891 INFO  MethodCallReplacementClassAdapter - Adding mock interface to class org/apache/hadoop/thirdparty/com/google/common/collect/Lists$Partition
2024-11-12 13:42:08,891 INFO  CreateClassResetClassAdapter - Creating brand-new static initializer in class org/apache/hadoop/thirdparty/com/google/common/collect/Lists$Partition
2024-11-12 13:42:08,892 INFO  EvoClassLoader - Keeping class: org.apache.hadoop.thirdparty.com.google.common.collect.Lists$Partition
2024-11-12 13:42:08,892 INFO  EvoClassLoader - Keeping class: org.apache.hadoop.thirdparty.com.google.common.collect.Lists$RandomAccessPartition
2024-11-12 13:42:08,892 INFO  EvoClassLoader - Seeing class for first time: org.apache.hadoop.security.Groups
2024-11-12 13:42:08,892 INFO  EvoClassLoader - Instrumenting class 'org.apache.hadoop.security.Groups'.
2024-11-12 13:42:08,892 INFO  MethodCallReplacementClassAdapter - Adding mock interface to class org/apache/hadoop/security/Groups
2024-11-12 13:42:08,893 INFO  CreateClassResetClassAdapter - Found static initializer in class org/apache/hadoop/security/Groups
2024-11-12 13:42:08,893 INFO  EvoClassLoader - Keeping class: org.apache.hadoop.security.Groups
2024-11-12 13:42:08,893 INFO  EvoClassLoader - Seeing class for first time: org.apache.hadoop.thirdparty.com.google.common.base.Ticker
2024-11-12 13:42:08,893 INFO  EvoClassLoader - Instrumenting class 'org.apache.hadoop.thirdparty.com.google.common.base.Ticker'.
2024-11-12 13:42:08,894 INFO  MethodCallReplacementClassAdapter - Adding mock interface to class org/apache/hadoop/thirdparty/com/google/common/base/Ticker
2024-11-12 13:42:08,894 INFO  CreateClassResetClassAdapter - Found static initializer in class org/apache/hadoop/thirdparty/com/google/common/base/Ticker
2024-11-12 13:42:08,894 INFO  EvoClassLoader - Keeping class: org.apache.hadoop.thirdparty.com.google.common.base.Ticker
2024-11-12 13:42:08,894 INFO  EvoClassLoader - Seeing class for first time: org.apache.hadoop.security.Groups$TimerToTickerAdapter
2024-11-12 13:42:08,894 INFO  EvoClassLoader - Instrumenting class 'org.apache.hadoop.security.Groups$TimerToTickerAdapter'.
2024-11-12 13:42:08,894 INFO  MethodCallReplacementClassAdapter - Adding mock interface to class org/apache/hadoop/security/Groups$TimerToTickerAdapter
2024-11-12 13:42:08,894 INFO  CreateClassResetClassAdapter - Creating brand-new static initializer in class org/apache/hadoop/security/Groups$TimerToTickerAdapter
2024-11-12 13:42:08,894 INFO  EvoClassLoader - Keeping class: org.apache.hadoop.security.Groups$TimerToTickerAdapter
2024-11-12 13:42:08,894 INFO  EvoClassLoader - Seeing class for first time: org.apache.hadoop.thirdparty.com.google.common.cache.CacheLoader
2024-11-12 13:42:08,894 INFO  EvoClassLoader - Instrumenting class 'org.apache.hadoop.thirdparty.com.google.common.cache.CacheLoader'.
2024-11-12 13:42:08,894 INFO  MethodCallReplacementClassAdapter - Adding mock interface to class org/apache/hadoop/thirdparty/com/google/common/cache/CacheLoader
2024-11-12 13:42:08,894 INFO  CreateClassResetClassAdapter - Creating brand-new static initializer in class org/apache/hadoop/thirdparty/com/google/common/cache/CacheLoader
2024-11-12 13:42:08,895 INFO  EvoClassLoader - Keeping class: org.apache.hadoop.thirdparty.com.google.common.cache.CacheLoader
2024-11-12 13:42:08,895 INFO  EvoClassLoader - Seeing class for first time: org.apache.hadoop.security.Groups$GroupCacheLoader
2024-11-12 13:42:08,895 INFO  EvoClassLoader - Instrumenting class 'org.apache.hadoop.security.Groups$GroupCacheLoader'.
2024-11-12 13:42:08,895 INFO  MethodCallReplacementClassAdapter - Adding mock interface to class org/apache/hadoop/security/Groups$GroupCacheLoader
2024-11-12 13:42:08,895 INFO  CreateClassResetClassAdapter - Creating brand-new static initializer in class org/apache/hadoop/security/Groups$GroupCacheLoader
2024-11-12 13:42:08,895 INFO  EvoClassLoader - Keeping class: org.apache.hadoop.security.Groups$GroupCacheLoader
2024-11-12 13:42:08,895 INFO  EvoClassLoader - Seeing class for first time: org.apache.hadoop.net.SocketInputStream
2024-11-12 13:42:08,895 INFO  EvoClassLoader - Instrumenting class 'org.apache.hadoop.net.SocketInputStream'.
2024-11-12 13:42:08,896 INFO  MethodCallReplacementClassAdapter - Adding mock interface to class org/apache/hadoop/net/SocketInputStream
2024-11-12 13:42:08,896 INFO  CreateClassResetClassAdapter - Creating brand-new static initializer in class org/apache/hadoop/net/SocketInputStream
2024-11-12 13:42:08,896 INFO  EvoClassLoader - Keeping class: org.apache.hadoop.net.SocketInputStream
2024-11-12 13:42:08,896 INFO  EvoClassLoader - Seeing class for first time: org.apache.hadoop.metrics2.MetricsSystem$Callback
2024-11-12 13:42:08,896 INFO  EvoClassLoader - Instrumenting class 'org.apache.hadoop.metrics2.MetricsSystem$Callback'.
2024-11-12 13:42:08,896 INFO  EvoClassLoader - Keeping class: org.apache.hadoop.metrics2.MetricsSystem$Callback
2024-11-12 13:42:08,897 INFO  EvoClassLoader - Seeing class for first time: org.apache.hadoop.thirdparty.com.google.common.collect.Lists$TransformingSequentialList
2024-11-12 13:42:08,897 INFO  EvoClassLoader - Instrumenting class 'org.apache.hadoop.thirdparty.com.google.common.collect.Lists$TransformingSequentialList'.
2024-11-12 13:42:08,897 INFO  MethodCallReplacementClassAdapter - Adding mock interface to class org/apache/hadoop/thirdparty/com/google/common/collect/Lists$TransformingSequentialList
2024-11-12 13:42:08,897 INFO  CreateClassResetClassAdapter - Creating brand-new static initializer in class org/apache/hadoop/thirdparty/com/google/common/collect/Lists$TransformingSequentialList
2024-11-12 13:42:08,897 INFO  EvoClassLoader - Keeping class: org.apache.hadoop.thirdparty.com.google.common.collect.Lists$TransformingSequentialList
2024-11-12 13:42:08,897 INFO  EvoClassLoader - Seeing class for first time: org.apache.hadoop.thirdparty.com.google.common.cache.RemovalListener
2024-11-12 13:42:08,897 INFO  EvoClassLoader - Instrumenting class 'org.apache.hadoop.thirdparty.com.google.common.cache.RemovalListener'.
2024-11-12 13:42:08,897 INFO  EvoClassLoader - Keeping class: org.apache.hadoop.thirdparty.com.google.common.cache.RemovalListener
2024-11-12 13:42:08,897 INFO  EvoClassLoader - Seeing class for first time: org.apache.hadoop.thirdparty.com.google.common.cache.LocalCache$AccessQueue
2024-11-12 13:42:08,897 INFO  EvoClassLoader - Instrumenting class 'org.apache.hadoop.thirdparty.com.google.common.cache.LocalCache$AccessQueue'.
2024-11-12 13:42:08,898 INFO  MethodCallReplacementClassAdapter - Adding mock interface to class org/apache/hadoop/thirdparty/com/google/common/cache/LocalCache$AccessQueue
2024-11-12 13:42:08,898 INFO  CreateClassResetClassAdapter - Creating brand-new static initializer in class org/apache/hadoop/thirdparty/com/google/common/cache/LocalCache$AccessQueue
2024-11-12 13:42:08,898 INFO  EvoClassLoader - Keeping class: org.apache.hadoop.thirdparty.com.google.common.cache.LocalCache$AccessQueue
2024-11-12 13:42:08,898 INFO  EvoClassLoader - Seeing class for first time: org.apache.hadoop.thirdparty.com.google.common.cache.ReferenceEntry
2024-11-12 13:42:08,898 INFO  EvoClassLoader - Instrumenting class 'org.apache.hadoop.thirdparty.com.google.common.cache.ReferenceEntry'.
2024-11-12 13:42:08,898 INFO  EvoClassLoader - Keeping class: org.apache.hadoop.thirdparty.com.google.common.cache.ReferenceEntry
2024-11-12 13:42:08,898 INFO  EvoClassLoader - Seeing class for first time: org.apache.hadoop.util.Timer
2024-11-12 13:42:08,898 INFO  EvoClassLoader - Instrumenting class 'org.apache.hadoop.util.Timer'.
2024-11-12 13:42:08,898 INFO  MethodCallReplacementClassAdapter - Adding mock interface to class org/apache/hadoop/util/Timer
2024-11-12 13:42:08,898 INFO  CreateClassResetClassAdapter - Creating brand-new static initializer in class org/apache/hadoop/util/Timer
2024-11-12 13:42:08,898 INFO  EvoClassLoader - Keeping class: org.apache.hadoop.util.Timer
2024-11-12 13:42:08,899 INFO  EvoClassLoader - Seeing class for first time: org.apache.hadoop.security.SecurityUtil$StandardHostResolver
2024-11-12 13:42:08,899 INFO  EvoClassLoader - Instrumenting class 'org.apache.hadoop.security.SecurityUtil$StandardHostResolver'.
2024-11-12 13:42:08,899 INFO  MethodCallReplacementClassAdapter - Adding mock interface to class org/apache/hadoop/security/SecurityUtil$StandardHostResolver
2024-11-12 13:42:08,899 INFO  CreateClassResetClassAdapter - Creating brand-new static initializer in class org/apache/hadoop/security/SecurityUtil$StandardHostResolver
2024-11-12 13:42:08,899 INFO  EvoClassLoader - Seeing class for first time: org.apache.hadoop.security.SecurityUtil$HostResolver
2024-11-12 13:42:08,899 INFO  EvoClassLoader - Instrumenting class 'org.apache.hadoop.security.SecurityUtil$HostResolver'.
2024-11-12 13:42:08,899 INFO  EvoClassLoader - Keeping class: org.apache.hadoop.security.SecurityUtil$HostResolver
2024-11-12 13:42:08,899 INFO  EvoClassLoader - Keeping class: org.apache.hadoop.security.SecurityUtil$StandardHostResolver
2024-11-12 13:42:08,899 INFO  EvoClassLoader - Seeing class for first time: org.apache.hadoop.io.retry.RetryPolicy
2024-11-12 13:42:08,899 INFO  EvoClassLoader - Instrumenting class 'org.apache.hadoop.io.retry.RetryPolicy'.
2024-11-12 13:42:08,899 INFO  EvoClassLoader - Defined package (3): package org.apache.hadoop.io.retry, -290473677
2024-11-12 13:42:08,899 INFO  EvoClassLoader - Keeping class: org.apache.hadoop.io.retry.RetryPolicy
2024-11-12 13:42:08,899 INFO  EvoClassLoader - Seeing class for first time: org.apache.hadoop.fs.BatchListingOperations
2024-11-12 13:42:08,899 INFO  EvoClassLoader - Instrumenting class 'org.apache.hadoop.fs.BatchListingOperations'.
2024-11-12 13:42:08,900 INFO  EvoClassLoader - Keeping class: org.apache.hadoop.fs.BatchListingOperations
2024-11-12 13:42:08,900 INFO  EvoClassLoader - Seeing class for first time: org.apache.hadoop.hdfs.tools.AdminHelper$Command
2024-11-12 13:42:08,900 INFO  EvoClassLoader - Instrumenting class 'org.apache.hadoop.hdfs.tools.AdminHelper$Command'.
2024-11-12 13:42:08,900 INFO  EvoClassLoader - Keeping class: org.apache.hadoop.hdfs.tools.AdminHelper$Command
2024-11-12 13:42:08,900 INFO  EvoClassLoader - Seeing class for first time: org.apache.hadoop.util.Shell$1
2024-11-12 13:42:08,900 INFO  EvoClassLoader - Instrumenting class 'org.apache.hadoop.util.Shell$1'.
2024-11-12 13:42:08,900 INFO  MethodCallReplacementClassAdapter - Adding mock interface to class org/apache/hadoop/util/Shell$1
2024-11-12 13:42:08,900 INFO  EvoClassLoader - Keeping class: org.apache.hadoop.util.Shell$1
2024-11-12 13:42:08,900 INFO  EvoClassLoader - Seeing class for first time: org.apache.hadoop.thirdparty.com.google.common.base.Converter
2024-11-12 13:42:08,900 INFO  EvoClassLoader - Instrumenting class 'org.apache.hadoop.thirdparty.com.google.common.base.Converter'.
2024-11-12 13:42:08,901 INFO  MethodCallReplacementClassAdapter - Adding mock interface to class org/apache/hadoop/thirdparty/com/google/common/base/Converter
2024-11-12 13:42:08,901 INFO  CreateClassResetClassAdapter - Creating brand-new static initializer in class org/apache/hadoop/thirdparty/com/google/common/base/Converter
2024-11-12 13:42:08,901 INFO  EvoClassLoader - Keeping class: org.apache.hadoop.thirdparty.com.google.common.base.Converter
2024-11-12 13:42:08,901 INFO  EvoClassLoader - Seeing class for first time: org.apache.hadoop.thirdparty.com.google.common.base.Converter$FunctionBasedConverter
2024-11-12 13:42:08,901 INFO  EvoClassLoader - Instrumenting class 'org.apache.hadoop.thirdparty.com.google.common.base.Converter$FunctionBasedConverter'.
2024-11-12 13:42:08,902 INFO  MethodCallReplacementClassAdapter - Adding mock interface to class org/apache/hadoop/thirdparty/com/google/common/base/Converter$FunctionBasedConverter
2024-11-12 13:42:08,902 INFO  CreateClassResetClassAdapter - Creating brand-new static initializer in class org/apache/hadoop/thirdparty/com/google/common/base/Converter$FunctionBasedConverter
2024-11-12 13:42:08,902 INFO  EvoClassLoader - Keeping class: org.apache.hadoop.thirdparty.com.google.common.base.Converter$FunctionBasedConverter
2024-11-12 13:42:08,902 INFO  EvoClassLoader - Seeing class for first time: org.apache.hadoop.thirdparty.com.google.common.base.Converter$ConverterComposition
2024-11-12 13:42:08,902 INFO  EvoClassLoader - Instrumenting class 'org.apache.hadoop.thirdparty.com.google.common.base.Converter$ConverterComposition'.
2024-11-12 13:42:08,902 INFO  MethodCallReplacementClassAdapter - Adding mock interface to class org/apache/hadoop/thirdparty/com/google/common/base/Converter$ConverterComposition
2024-11-12 13:42:08,902 INFO  CreateClassResetClassAdapter - Creating brand-new static initializer in class org/apache/hadoop/thirdparty/com/google/common/base/Converter$ConverterComposition
2024-11-12 13:42:08,902 INFO  EvoClassLoader - Keeping class: org.apache.hadoop.thirdparty.com.google.common.base.Converter$ConverterComposition
2024-11-12 13:42:08,902 INFO  EvoClassLoader - Seeing class for first time: org.apache.hadoop.thirdparty.com.google.common.base.Converter$IdentityConverter
2024-11-12 13:42:08,902 INFO  EvoClassLoader - Instrumenting class 'org.apache.hadoop.thirdparty.com.google.common.base.Converter$IdentityConverter'.
2024-11-12 13:42:08,903 INFO  MethodCallReplacementClassAdapter - Adding mock interface to class org/apache/hadoop/thirdparty/com/google/common/base/Converter$IdentityConverter
2024-11-12 13:42:08,903 INFO  CreateClassResetClassAdapter - Found static initializer in class org/apache/hadoop/thirdparty/com/google/common/base/Converter$IdentityConverter
2024-11-12 13:42:08,903 INFO  EvoClassLoader - Keeping class: org.apache.hadoop.thirdparty.com.google.common.base.Converter$IdentityConverter
2024-11-12 13:42:08,903 INFO  EvoClassLoader - Seeing class for first time: org.apache.hadoop.thirdparty.com.google.common.base.Converter$ReverseConverter
2024-11-12 13:42:08,903 INFO  EvoClassLoader - Instrumenting class 'org.apache.hadoop.thirdparty.com.google.common.base.Converter$ReverseConverter'.
2024-11-12 13:42:08,903 INFO  MethodCallReplacementClassAdapter - Adding mock interface to class org/apache/hadoop/thirdparty/com/google/common/base/Converter$ReverseConverter
2024-11-12 13:42:08,903 INFO  CreateClassResetClassAdapter - Creating brand-new static initializer in class org/apache/hadoop/thirdparty/com/google/common/base/Converter$ReverseConverter
2024-11-12 13:42:08,903 INFO  EvoClassLoader - Keeping class: org.apache.hadoop.thirdparty.com.google.common.base.Converter$ReverseConverter
2024-11-12 13:42:08,903 INFO  EvoClassLoader - Seeing class for first time: org.apache.hadoop.hdfs.protocol.ClientDatanodeProtocol
2024-11-12 13:42:08,903 INFO  EvoClassLoader - Instrumenting class 'org.apache.hadoop.hdfs.protocol.ClientDatanodeProtocol'.
2024-11-12 13:42:08,904 INFO  EvoClassLoader - Defined package (3): package org.apache.hadoop.hdfs.protocol, -1396960598
2024-11-12 13:42:08,904 INFO  EvoClassLoader - Keeping class: org.apache.hadoop.hdfs.protocol.ClientDatanodeProtocol
2024-11-12 13:42:08,904 INFO  EvoClassLoader - Seeing class for first time: org.apache.hadoop.hdfs.protocol.SnapshotException
2024-11-12 13:42:08,904 INFO  EvoClassLoader - Instrumenting class 'org.apache.hadoop.hdfs.protocol.SnapshotException'.
2024-11-12 13:42:08,905 INFO  MethodCallReplacementClassAdapter - Adding mock interface to class org/apache/hadoop/hdfs/protocol/SnapshotException
2024-11-12 13:42:08,905 INFO  CreateClassResetClassAdapter - Creating brand-new static initializer in class org/apache/hadoop/hdfs/protocol/SnapshotException
2024-11-12 13:42:08,905 INFO  EvoClassLoader - Keeping class: org.apache.hadoop.hdfs.protocol.SnapshotException
2024-11-12 13:42:08,905 INFO  EvoClassLoader - Seeing class for first time: org.apache.hadoop.thirdparty.com.google.common.util.concurrent.FutureCallback
2024-11-12 13:42:08,905 INFO  EvoClassLoader - Instrumenting class 'org.apache.hadoop.thirdparty.com.google.common.util.concurrent.FutureCallback'.
2024-11-12 13:42:08,906 INFO  EvoClassLoader - Keeping class: org.apache.hadoop.thirdparty.com.google.common.util.concurrent.FutureCallback
2024-11-12 13:42:08,906 INFO  EvoClassLoader - Seeing class for first time: org.apache.hadoop.util.Shell$ExitCodeException
2024-11-12 13:42:08,906 INFO  EvoClassLoader - Instrumenting class 'org.apache.hadoop.util.Shell$ExitCodeException'.
2024-11-12 13:42:08,906 INFO  MethodCallReplacementClassAdapter - Adding mock interface to class org/apache/hadoop/util/Shell$ExitCodeException
2024-11-12 13:42:08,906 INFO  CreateClassResetClassAdapter - Creating brand-new static initializer in class org/apache/hadoop/util/Shell$ExitCodeException
2024-11-12 13:42:08,907 INFO  EvoClassLoader - Keeping class: org.apache.hadoop.util.Shell$ExitCodeException
2024-11-12 13:42:08,907 INFO  EvoClassLoader - Seeing class for first time: org.apache.hadoop.conf.StorageUnit
2024-11-12 13:42:08,907 INFO  EvoClassLoader - Instrumenting class 'org.apache.hadoop.conf.StorageUnit'.
2024-11-12 13:42:08,907 INFO  MethodCallReplacementClassAdapter - Adding mock interface to class org/apache/hadoop/conf/StorageUnit
2024-11-12 13:42:08,907 INFO  CreateClassResetClassAdapter - Found static initializer in class org/apache/hadoop/conf/StorageUnit
2024-11-12 13:42:08,907 INFO  EvoClassLoader - Keeping class: org.apache.hadoop.conf.StorageUnit
2024-11-12 13:42:08,907 INFO  EvoClassLoader - Seeing class for first time: org.apache.hadoop.conf.StorageUnit$1
2024-11-12 13:42:08,907 INFO  EvoClassLoader - Instrumenting class 'org.apache.hadoop.conf.StorageUnit$1'.
2024-11-12 13:42:08,908 INFO  MethodCallReplacementClassAdapter - Adding mock interface to class org/apache/hadoop/conf/StorageUnit$1
2024-11-12 13:42:08,908 INFO  EvoClassLoader - Keeping class: org.apache.hadoop.conf.StorageUnit$1
2024-11-12 13:42:08,908 INFO  EvoClassLoader - Seeing class for first time: org.apache.hadoop.conf.StorageUnit$2
2024-11-12 13:42:08,908 INFO  EvoClassLoader - Instrumenting class 'org.apache.hadoop.conf.StorageUnit$2'.
2024-11-12 13:42:08,908 INFO  MethodCallReplacementClassAdapter - Adding mock interface to class org/apache/hadoop/conf/StorageUnit$2
2024-11-12 13:42:08,908 INFO  EvoClassLoader - Keeping class: org.apache.hadoop.conf.StorageUnit$2
2024-11-12 13:42:08,908 INFO  EvoClassLoader - Seeing class for first time: org.apache.hadoop.conf.StorageUnit$3
2024-11-12 13:42:08,908 INFO  EvoClassLoader - Instrumenting class 'org.apache.hadoop.conf.StorageUnit$3'.
2024-11-12 13:42:08,909 INFO  MethodCallReplacementClassAdapter - Adding mock interface to class org/apache/hadoop/conf/StorageUnit$3
2024-11-12 13:42:08,909 INFO  EvoClassLoader - Keeping class: org.apache.hadoop.conf.StorageUnit$3
2024-11-12 13:42:08,909 INFO  EvoClassLoader - Seeing class for first time: org.apache.hadoop.conf.StorageUnit$4
2024-11-12 13:42:08,909 INFO  EvoClassLoader - Instrumenting class 'org.apache.hadoop.conf.StorageUnit$4'.
2024-11-12 13:42:08,909 INFO  MethodCallReplacementClassAdapter - Adding mock interface to class org/apache/hadoop/conf/StorageUnit$4
2024-11-12 13:42:08,909 INFO  EvoClassLoader - Keeping class: org.apache.hadoop.conf.StorageUnit$4
2024-11-12 13:42:08,909 INFO  EvoClassLoader - Seeing class for first time: org.apache.hadoop.conf.StorageUnit$5
2024-11-12 13:42:08,909 INFO  EvoClassLoader - Instrumenting class 'org.apache.hadoop.conf.StorageUnit$5'.
2024-11-12 13:42:08,909 INFO  MethodCallReplacementClassAdapter - Adding mock interface to class org/apache/hadoop/conf/StorageUnit$5
2024-11-12 13:42:08,910 INFO  EvoClassLoader - Keeping class: org.apache.hadoop.conf.StorageUnit$5
2024-11-12 13:42:08,910 INFO  EvoClassLoader - Seeing class for first time: org.apache.hadoop.conf.StorageUnit$6
2024-11-12 13:42:08,910 INFO  EvoClassLoader - Instrumenting class 'org.apache.hadoop.conf.StorageUnit$6'.
2024-11-12 13:42:08,910 INFO  MethodCallReplacementClassAdapter - Adding mock interface to class org/apache/hadoop/conf/StorageUnit$6
2024-11-12 13:42:08,910 INFO  EvoClassLoader - Keeping class: org.apache.hadoop.conf.StorageUnit$6
2024-11-12 13:42:08,910 INFO  EvoClassLoader - Seeing class for first time: org.apache.hadoop.conf.StorageUnit$7
2024-11-12 13:42:08,910 INFO  EvoClassLoader - Instrumenting class 'org.apache.hadoop.conf.StorageUnit$7'.
2024-11-12 13:42:08,910 INFO  MethodCallReplacementClassAdapter - Adding mock interface to class org/apache/hadoop/conf/StorageUnit$7
2024-11-12 13:42:08,911 INFO  EvoClassLoader - Keeping class: org.apache.hadoop.conf.StorageUnit$7
2024-11-12 13:42:08,911 INFO  EvoClassLoader - Seeing class for first time: org.apache.hadoop.thirdparty.com.google.common.base.Ticker$1
2024-11-12 13:42:08,911 INFO  EvoClassLoader - Instrumenting class 'org.apache.hadoop.thirdparty.com.google.common.base.Ticker$1'.
2024-11-12 13:42:08,912 INFO  MethodCallReplacementClassAdapter - Adding mock interface to class org/apache/hadoop/thirdparty/com/google/common/base/Ticker$1
2024-11-12 13:42:08,912 INFO  EvoClassLoader - Keeping class: org.apache.hadoop.thirdparty.com.google.common.base.Ticker$1
2024-11-12 13:42:08,912 INFO  EvoClassLoader - Seeing class for first time: org.apache.hadoop.util.Tool
2024-11-12 13:42:08,912 INFO  EvoClassLoader - Instrumenting class 'org.apache.hadoop.util.Tool'.
2024-11-12 13:42:08,913 INFO  EvoClassLoader - Keeping class: org.apache.hadoop.util.Tool
2024-11-12 13:42:08,913 INFO  EvoClassLoader - Seeing class for first time: org.apache.hadoop.fs.audit.CommonAuditContext
2024-11-12 13:42:08,913 INFO  EvoClassLoader - Instrumenting class 'org.apache.hadoop.fs.audit.CommonAuditContext'.
2024-11-12 13:42:08,913 INFO  MethodCallReplacementClassAdapter - Adding mock interface to class org/apache/hadoop/fs/audit/CommonAuditContext
2024-11-12 13:42:08,914 INFO  CreateClassResetClassAdapter - Found static initializer in class org/apache/hadoop/fs/audit/CommonAuditContext
2024-11-12 13:42:08,914 INFO  EvoClassLoader - Defined package (3): package org.apache.hadoop.fs.audit, -1984128819
2024-11-12 13:42:08,914 INFO  EvoClassLoader - Keeping class: org.apache.hadoop.fs.audit.CommonAuditContext
2024-11-12 13:42:08,915 INFO  EvoClassLoader - Seeing class for first time: org.apache.hadoop.io.DataOutputBuffer
2024-11-12 13:42:08,915 INFO  EvoClassLoader - Instrumenting class 'org.apache.hadoop.io.DataOutputBuffer'.
2024-11-12 13:42:08,916 INFO  MethodCallReplacementClassAdapter - Adding mock interface to class org/apache/hadoop/io/DataOutputBuffer
2024-11-12 13:42:08,916 INFO  CreateClassResetClassAdapter - Creating brand-new static initializer in class org/apache/hadoop/io/DataOutputBuffer
2024-11-12 13:42:08,916 INFO  EvoClassLoader - Keeping class: org.apache.hadoop.io.DataOutputBuffer
2024-11-12 13:42:08,916 INFO  EvoClassLoader - Seeing class for first time: org.apache.hadoop.io.DataOutputBuffer$Buffer
2024-11-12 13:42:08,916 INFO  EvoClassLoader - Instrumenting class 'org.apache.hadoop.io.DataOutputBuffer$Buffer'.
2024-11-12 13:42:08,917 INFO  MethodCallReplacementClassAdapter - Adding mock interface to class org/apache/hadoop/io/DataOutputBuffer$Buffer
2024-11-12 13:42:08,917 INFO  CreateClassResetClassAdapter - Creating brand-new static initializer in class org/apache/hadoop/io/DataOutputBuffer$Buffer
2024-11-12 13:42:08,917 INFO  EvoClassLoader - Keeping class: org.apache.hadoop.io.DataOutputBuffer$Buffer
2024-11-12 13:42:08,917 INFO  EvoClassLoader - Seeing class for first time: org.apache.hadoop.thirdparty.com.google.common.cache.CacheBuilder$OneWeigher
2024-11-12 13:42:08,917 INFO  EvoClassLoader - Instrumenting class 'org.apache.hadoop.thirdparty.com.google.common.cache.CacheBuilder$OneWeigher'.
2024-11-12 13:42:08,918 INFO  MethodCallReplacementClassAdapter - Adding mock interface to class org/apache/hadoop/thirdparty/com/google/common/cache/CacheBuilder$OneWeigher
2024-11-12 13:42:08,918 INFO  CreateClassResetClassAdapter - Found static initializer in class org/apache/hadoop/thirdparty/com/google/common/cache/CacheBuilder$OneWeigher
2024-11-12 13:42:08,918 INFO  EvoClassLoader - Seeing class for first time: org.apache.hadoop.thirdparty.com.google.common.cache.Weigher
2024-11-12 13:42:08,918 INFO  EvoClassLoader - Instrumenting class 'org.apache.hadoop.thirdparty.com.google.common.cache.Weigher'.
2024-11-12 13:42:08,918 INFO  EvoClassLoader - Keeping class: org.apache.hadoop.thirdparty.com.google.common.cache.Weigher
2024-11-12 13:42:08,918 INFO  EvoClassLoader - Keeping class: org.apache.hadoop.thirdparty.com.google.common.cache.CacheBuilder$OneWeigher
2024-11-12 13:42:08,919 INFO  EvoClassLoader - Seeing class for first time: org.apache.hadoop.metrics2.util.SampleStat
2024-11-12 13:42:08,919 INFO  EvoClassLoader - Instrumenting class 'org.apache.hadoop.metrics2.util.SampleStat'.
2024-11-12 13:42:08,919 INFO  MethodCallReplacementClassAdapter - Adding mock interface to class org/apache/hadoop/metrics2/util/SampleStat
2024-11-12 13:42:08,919 INFO  CreateClassResetClassAdapter - Creating brand-new static initializer in class org/apache/hadoop/metrics2/util/SampleStat
2024-11-12 13:42:08,919 INFO  EvoClassLoader - Keeping class: org.apache.hadoop.metrics2.util.SampleStat
2024-11-12 13:42:08,920 INFO  EvoClassLoader - Seeing class for first time: org.apache.hadoop.metrics2.lib.MutableRate
2024-11-12 13:42:08,920 INFO  EvoClassLoader - Instrumenting class 'org.apache.hadoop.metrics2.lib.MutableRate'.
2024-11-12 13:42:08,920 INFO  MethodCallReplacementClassAdapter - Adding mock interface to class org/apache/hadoop/metrics2/lib/MutableRate
2024-11-12 13:42:08,920 INFO  CreateClassResetClassAdapter - Creating brand-new static initializer in class org/apache/hadoop/metrics2/lib/MutableRate
2024-11-12 13:42:08,920 INFO  EvoClassLoader - Seeing class for first time: org.apache.hadoop.metrics2.lib.MutableStat
2024-11-12 13:42:08,920 INFO  EvoClassLoader - Instrumenting class 'org.apache.hadoop.metrics2.lib.MutableStat'.
2024-11-12 13:42:08,920 INFO  MethodCallReplacementClassAdapter - Adding mock interface to class org/apache/hadoop/metrics2/lib/MutableStat
2024-11-12 13:42:08,920 INFO  CreateClassResetClassAdapter - Creating brand-new static initializer in class org/apache/hadoop/metrics2/lib/MutableStat
2024-11-12 13:42:08,920 INFO  EvoClassLoader - Keeping class: org.apache.hadoop.metrics2.lib.MutableStat
2024-11-12 13:42:08,920 INFO  EvoClassLoader - Keeping class: org.apache.hadoop.metrics2.lib.MutableRate
2024-11-12 13:42:08,921 INFO  EvoClassLoader - Seeing class for first time: org.apache.hadoop.hdfs.tools.DFSAdmin$ClearQuotaCommand
2024-11-12 13:42:08,921 INFO  EvoClassLoader - Instrumenting class 'org.apache.hadoop.hdfs.tools.DFSAdmin$ClearQuotaCommand'.
2024-11-12 13:42:08,921 INFO  MethodCallReplacementClassAdapter - Adding mock interface to class org/apache/hadoop/hdfs/tools/DFSAdmin$ClearQuotaCommand
2024-11-12 13:42:08,921 INFO  CreateClassResetClassAdapter - Creating brand-new static initializer in class org/apache/hadoop/hdfs/tools/DFSAdmin$ClearQuotaCommand
2024-11-12 13:42:08,921 INFO  CreateClassResetClassAdapter - Adding bytecode for initializing field NAME
2024-11-12 13:42:08,921 INFO  CreateClassResetClassAdapter - Adding bytecode for initializing field USAGE
2024-11-12 13:42:08,921 INFO  CreateClassResetClassAdapter - Adding bytecode for initializing field DESCRIPTION
2024-11-12 13:42:08,921 INFO  EvoClassLoader - Seeing class for first time: org.apache.hadoop.hdfs.tools.DFSAdmin$DFSAdminCommand
2024-11-12 13:42:08,921 INFO  EvoClassLoader - Instrumenting class 'org.apache.hadoop.hdfs.tools.DFSAdmin$DFSAdminCommand'.
2024-11-12 13:42:08,921 INFO  MethodCallReplacementClassAdapter - Adding mock interface to class org/apache/hadoop/hdfs/tools/DFSAdmin$DFSAdminCommand
2024-11-12 13:42:08,921 INFO  CreateClassResetClassAdapter - Creating brand-new static initializer in class org/apache/hadoop/hdfs/tools/DFSAdmin$DFSAdminCommand
2024-11-12 13:42:08,921 INFO  EvoClassLoader - Keeping class: org.apache.hadoop.hdfs.tools.DFSAdmin$DFSAdminCommand
2024-11-12 13:42:08,921 INFO  EvoClassLoader - Keeping class: org.apache.hadoop.hdfs.tools.DFSAdmin$ClearQuotaCommand
2024-11-12 13:42:08,921 INFO  EvoClassLoader - Seeing class for first time: org.apache.hadoop.metrics2.lib.DefaultMetricsFactory
2024-11-12 13:42:08,921 INFO  EvoClassLoader - Instrumenting class 'org.apache.hadoop.metrics2.lib.DefaultMetricsFactory'.
2024-11-12 13:42:08,921 INFO  MethodCallReplacementClassAdapter - Adding mock interface to class org/apache/hadoop/metrics2/lib/DefaultMetricsFactory
2024-11-12 13:42:08,922 INFO  CreateClassResetClassAdapter - Found static initializer in class org/apache/hadoop/metrics2/lib/DefaultMetricsFactory
2024-11-12 13:42:08,922 INFO  EvoClassLoader - Keeping class: org.apache.hadoop.metrics2.lib.DefaultMetricsFactory
2024-11-12 13:42:08,922 INFO  EvoClassLoader - Seeing class for first time: org.apache.hadoop.hdfs.tools.DFSAdmin$SetSpaceQuotaCommand
2024-11-12 13:42:08,922 INFO  EvoClassLoader - Instrumenting class 'org.apache.hadoop.hdfs.tools.DFSAdmin$SetSpaceQuotaCommand'.
2024-11-12 13:42:08,922 INFO  MethodCallReplacementClassAdapter - Adding mock interface to class org/apache/hadoop/hdfs/tools/DFSAdmin$SetSpaceQuotaCommand
2024-11-12 13:42:08,923 INFO  CreateClassResetClassAdapter - Creating brand-new static initializer in class org/apache/hadoop/hdfs/tools/DFSAdmin$SetSpaceQuotaCommand
2024-11-12 13:42:08,923 INFO  CreateClassResetClassAdapter - Adding bytecode for initializing field NAME
2024-11-12 13:42:08,923 INFO  CreateClassResetClassAdapter - Adding bytecode for initializing field USAGE
2024-11-12 13:42:08,923 INFO  CreateClassResetClassAdapter - Adding bytecode for initializing field DESCRIPTION
2024-11-12 13:42:08,923 INFO  EvoClassLoader - Keeping class: org.apache.hadoop.hdfs.tools.DFSAdmin$SetSpaceQuotaCommand
2024-11-12 13:42:08,923 INFO  EvoClassLoader - Seeing class for first time: org.apache.hadoop.util.StringUtils
2024-11-12 13:42:08,923 INFO  EvoClassLoader - Instrumenting class 'org.apache.hadoop.util.StringUtils'.
2024-11-12 13:42:08,924 INFO  MethodCallReplacementClassAdapter - Adding mock interface to class org/apache/hadoop/util/StringUtils
2024-11-12 13:42:08,925 INFO  CreateClassResetClassAdapter - Found static initializer in class org/apache/hadoop/util/StringUtils
2024-11-12 13:42:08,926 INFO  EvoClassLoader - Keeping class: org.apache.hadoop.util.StringUtils
2024-11-12 13:42:08,927 INFO  EvoClassLoader - Seeing class for first time: org.apache.hadoop.util.Shell
2024-11-12 13:42:08,927 INFO  EvoClassLoader - Instrumenting class 'org.apache.hadoop.util.Shell'.
2024-11-12 13:42:08,927 INFO  MethodCallReplacementClassAdapter - Adding mock interface to class org/apache/hadoop/util/Shell
2024-11-12 13:42:08,930 INFO  CreateClassResetClassAdapter - Found static initializer in class org/apache/hadoop/util/Shell
2024-11-12 13:42:08,931 INFO  EvoClassLoader - Keeping class: org.apache.hadoop.util.Shell
2024-11-12 13:42:08,932 INFO  EvoClassLoader - Seeing class for first time: org.apache.hadoop.util.Shell$ShellTimeoutTimerTask
2024-11-12 13:42:08,932 INFO  EvoClassLoader - Instrumenting class 'org.apache.hadoop.util.Shell$ShellTimeoutTimerTask'.
2024-11-12 13:42:08,932 INFO  MethodCallReplacementClassAdapter - Adding mock interface to class org/apache/hadoop/util/Shell$ShellTimeoutTimerTask
2024-11-12 13:42:08,932 INFO  CreateClassResetClassAdapter - Creating brand-new static initializer in class org/apache/hadoop/util/Shell$ShellTimeoutTimerTask
2024-11-12 13:42:08,933 INFO  EvoClassLoader - Keeping class: org.apache.hadoop.util.Shell$ShellTimeoutTimerTask
2024-11-12 13:42:08,934 INFO  EvoClassLoader - Seeing class for first time: org.apache.hadoop.util.Shell$ShellCommandExecutor
2024-11-12 13:42:08,934 INFO  EvoClassLoader - Instrumenting class 'org.apache.hadoop.util.Shell$ShellCommandExecutor'.
2024-11-12 13:42:08,934 INFO  MethodCallReplacementClassAdapter - Adding mock interface to class org/apache/hadoop/util/Shell$ShellCommandExecutor
2024-11-12 13:42:08,935 INFO  CreateClassResetClassAdapter - Creating brand-new static initializer in class org/apache/hadoop/util/Shell$ShellCommandExecutor
2024-11-12 13:42:08,935 INFO  EvoClassLoader - Seeing class for first time: org.apache.hadoop.util.Shell$CommandExecutor
2024-11-12 13:42:08,935 INFO  EvoClassLoader - Instrumenting class 'org.apache.hadoop.util.Shell$CommandExecutor'.
2024-11-12 13:42:08,936 INFO  EvoClassLoader - Keeping class: org.apache.hadoop.util.Shell$CommandExecutor
2024-11-12 13:42:08,936 INFO  EvoClassLoader - Keeping class: org.apache.hadoop.util.Shell$ShellCommandExecutor
2024-11-12 13:42:08,936 INFO  EvoClassLoader - Seeing class for first time: org.apache.hadoop.util.Time
2024-11-12 13:42:08,936 INFO  EvoClassLoader - Instrumenting class 'org.apache.hadoop.util.Time'.
2024-11-12 13:42:08,936 INFO  MethodCallReplacementClassAdapter - Adding mock interface to class org/apache/hadoop/util/Time
2024-11-12 13:42:08,936 INFO  CreateClassResetClassAdapter - Found static initializer in class org/apache/hadoop/util/Time
2024-11-12 13:42:08,937 INFO  EvoClassLoader - Keeping class: org.apache.hadoop.util.Time
2024-11-12 13:42:08,937 INFO  EvoClassLoader - Seeing class for first time: org.apache.hadoop.util.Time$1
2024-11-12 13:42:08,937 INFO  EvoClassLoader - Instrumenting class 'org.apache.hadoop.util.Time$1'.
2024-11-12 13:42:08,937 INFO  MethodCallReplacementClassAdapter - Adding mock interface to class org/apache/hadoop/util/Time$1
2024-11-12 13:42:08,938 INFO  EvoClassLoader - Keeping class: org.apache.hadoop.util.Time$1
2024-11-12 13:42:08,940 INFO  EvoClassLoader - Seeing class for first time: org.apache.commons.cli.CommandLine
2024-11-12 13:42:08,940 INFO  EvoClassLoader - Instrumenting class 'org.apache.commons.cli.CommandLine'.
2024-11-12 13:42:08,940 INFO  MethodCallReplacementClassAdapter - Adding mock interface to class org/apache/commons/cli/CommandLine
2024-11-12 13:42:08,940 INFO  CreateClassResetClassAdapter - Creating brand-new static initializer in class org/apache/commons/cli/CommandLine
2024-11-12 13:42:08,941 INFO  EvoClassLoader - Keeping class: org.apache.commons.cli.CommandLine
2024-11-12 13:42:08,941 INFO  EvoClassLoader - Seeing class for first time: org.apache.hadoop.security.JniBasedUnixGroupsMappingWithFallback
2024-11-12 13:42:08,941 INFO  EvoClassLoader - Instrumenting class 'org.apache.hadoop.security.JniBasedUnixGroupsMappingWithFallback'.
2024-11-12 13:42:08,942 INFO  MethodCallReplacementClassAdapter - Adding mock interface to class org/apache/hadoop/security/JniBasedUnixGroupsMappingWithFallback
2024-11-12 13:42:08,942 INFO  CreateClassResetClassAdapter - Found static initializer in class org/apache/hadoop/security/JniBasedUnixGroupsMappingWithFallback
2024-11-12 13:42:08,942 INFO  EvoClassLoader - Seeing class for first time: org.apache.hadoop.security.GroupMappingServiceProvider
2024-11-12 13:42:08,942 INFO  EvoClassLoader - Instrumenting class 'org.apache.hadoop.security.GroupMappingServiceProvider'.
2024-11-12 13:42:08,942 INFO  EvoClassLoader - Keeping class: org.apache.hadoop.security.GroupMappingServiceProvider
2024-11-12 13:42:08,943 INFO  EvoClassLoader - Keeping class: org.apache.hadoop.security.JniBasedUnixGroupsMappingWithFallback
2024-11-12 13:42:08,943 INFO  EvoClassLoader - Seeing class for first time: org.apache.hadoop.hdfs.protocol.ClientProtocol
2024-11-12 13:42:08,943 INFO  EvoClassLoader - Instrumenting class 'org.apache.hadoop.hdfs.protocol.ClientProtocol'.
2024-11-12 13:42:08,944 INFO  EvoClassLoader - Keeping class: org.apache.hadoop.hdfs.protocol.ClientProtocol
2024-11-12 13:42:08,944 INFO  EvoClassLoader - Seeing class for first time: org.apache.hadoop.hdfs.DistributedFileSystem
2024-11-12 13:42:08,944 INFO  EvoClassLoader - Instrumenting class 'org.apache.hadoop.hdfs.DistributedFileSystem'.
2024-11-12 13:42:08,945 INFO  MethodCallReplacementClassAdapter - Adding mock interface to class org/apache/hadoop/hdfs/DistributedFileSystem
2024-11-12 13:42:08,947 INFO  CreateClassResetClassAdapter - Found static initializer in class org/apache/hadoop/hdfs/DistributedFileSystem
2024-11-12 13:42:08,947 INFO  EvoClassLoader - Defined package (3): package org.apache.hadoop.hdfs, 101186972
2024-11-12 13:42:08,949 INFO  EvoClassLoader - Seeing class for first time: org.apache.hadoop.crypto.key.KeyProviderTokenIssuer
2024-11-12 13:42:08,949 INFO  EvoClassLoader - Instrumenting class 'org.apache.hadoop.crypto.key.KeyProviderTokenIssuer'.
2024-11-12 13:42:08,950 INFO  EvoClassLoader - Defined package (3): package org.apache.hadoop.crypto.key, 588888133
2024-11-12 13:42:08,950 INFO  EvoClassLoader - Keeping class: org.apache.hadoop.crypto.key.KeyProviderTokenIssuer
2024-11-12 13:42:08,950 INFO  EvoClassLoader - Seeing class for first time: org.apache.hadoop.fs.SafeMode
2024-11-12 13:42:08,950 INFO  EvoClassLoader - Instrumenting class 'org.apache.hadoop.fs.SafeMode'.
2024-11-12 13:42:08,950 INFO  EvoClassLoader - Keeping class: org.apache.hadoop.fs.SafeMode
2024-11-12 13:42:08,950 INFO  EvoClassLoader - Keeping class: org.apache.hadoop.hdfs.DistributedFileSystem
2024-11-12 13:42:08,951 INFO  EvoClassLoader - Seeing class for first time: org.apache.hadoop.hdfs.DistributedFileSystem$HdfsDataOutputStreamBuilder
2024-11-12 13:42:08,951 INFO  EvoClassLoader - Instrumenting class 'org.apache.hadoop.hdfs.DistributedFileSystem$HdfsDataOutputStreamBuilder'.
2024-11-12 13:42:08,951 INFO  MethodCallReplacementClassAdapter - Adding mock interface to class org/apache/hadoop/hdfs/DistributedFileSystem$HdfsDataOutputStreamBuilder
2024-11-12 13:42:08,951 INFO  CreateClassResetClassAdapter - Creating brand-new static initializer in class org/apache/hadoop/hdfs/DistributedFileSystem$HdfsDataOutputStreamBuilder
2024-11-12 13:42:08,952 INFO  EvoClassLoader - Keeping class: org.apache.hadoop.hdfs.DistributedFileSystem$HdfsDataOutputStreamBuilder
2024-11-12 13:42:08,952 INFO  EvoClassLoader - Seeing class for first time: org.apache.hadoop.fs.PathHandle
2024-11-12 13:42:08,952 INFO  EvoClassLoader - Instrumenting class 'org.apache.hadoop.fs.PathHandle'.
2024-11-12 13:42:08,952 INFO  EvoClassLoader - Keeping class: org.apache.hadoop.fs.PathHandle
2024-11-12 13:42:08,952 INFO  EvoClassLoader - Seeing class for first time: org.apache.hadoop.hdfs.client.HdfsDataOutputStream
2024-11-12 13:42:08,952 INFO  EvoClassLoader - Instrumenting class 'org.apache.hadoop.hdfs.client.HdfsDataOutputStream'.
2024-11-12 13:42:08,952 INFO  MethodCallReplacementClassAdapter - Adding mock interface to class org/apache/hadoop/hdfs/client/HdfsDataOutputStream
2024-11-12 13:42:08,953 INFO  CreateClassResetClassAdapter - Creating brand-new static initializer in class org/apache/hadoop/hdfs/client/HdfsDataOutputStream
2024-11-12 13:42:08,953 INFO  EvoClassLoader - Defined package (3): package org.apache.hadoop.hdfs.client, 2065323101
2024-11-12 13:42:08,953 INFO  EvoClassLoader - Keeping class: org.apache.hadoop.hdfs.client.HdfsDataOutputStream
2024-11-12 13:42:08,953 INFO  EvoClassLoader - Seeing class for first time: org.apache.hadoop.fs.MultipartUploaderBuilder
2024-11-12 13:42:08,953 INFO  EvoClassLoader - Instrumenting class 'org.apache.hadoop.fs.MultipartUploaderBuilder'.
2024-11-12 13:42:08,954 INFO  EvoClassLoader - Keeping class: org.apache.hadoop.fs.MultipartUploaderBuilder
2024-11-12 13:42:08,954 INFO  EvoClassLoader - Seeing class for first time: org.apache.hadoop.ipc.RpcNoSuchMethodException
2024-11-12 13:42:08,954 INFO  EvoClassLoader - Instrumenting class 'org.apache.hadoop.ipc.RpcNoSuchMethodException'.
2024-11-12 13:42:08,954 INFO  MethodCallReplacementClassAdapter - Adding mock interface to class org/apache/hadoop/ipc/RpcNoSuchMethodException
2024-11-12 13:42:08,954 INFO  CreateClassResetClassAdapter - Creating brand-new static initializer in class org/apache/hadoop/ipc/RpcNoSuchMethodException
2024-11-12 13:42:08,954 INFO  EvoClassLoader - Seeing class for first time: org.apache.hadoop.ipc.RpcServerException
2024-11-12 13:42:08,954 INFO  EvoClassLoader - Instrumenting class 'org.apache.hadoop.ipc.RpcServerException'.
2024-11-12 13:42:08,954 INFO  MethodCallReplacementClassAdapter - Adding mock interface to class org/apache/hadoop/ipc/RpcServerException
2024-11-12 13:42:08,954 INFO  CreateClassResetClassAdapter - Creating brand-new static initializer in class org/apache/hadoop/ipc/RpcServerException
2024-11-12 13:42:08,954 INFO  EvoClassLoader - Seeing class for first time: org.apache.hadoop.ipc.RpcException
2024-11-12 13:42:08,954 INFO  EvoClassLoader - Instrumenting class 'org.apache.hadoop.ipc.RpcException'.
2024-11-12 13:42:08,954 INFO  MethodCallReplacementClassAdapter - Adding mock interface to class org/apache/hadoop/ipc/RpcException
2024-11-12 13:42:08,954 INFO  CreateClassResetClassAdapter - Creating brand-new static initializer in class org/apache/hadoop/ipc/RpcException
2024-11-12 13:42:08,954 INFO  EvoClassLoader - Keeping class: org.apache.hadoop.ipc.RpcException
2024-11-12 13:42:08,954 INFO  EvoClassLoader - Keeping class: org.apache.hadoop.ipc.RpcServerException
2024-11-12 13:42:08,954 INFO  EvoClassLoader - Keeping class: org.apache.hadoop.ipc.RpcNoSuchMethodException
2024-11-12 13:42:08,955 INFO  EvoClassLoader - Seeing class for first time: org.apache.hadoop.fs.UnresolvedLinkException
2024-11-12 13:42:08,955 INFO  EvoClassLoader - Instrumenting class 'org.apache.hadoop.fs.UnresolvedLinkException'.
2024-11-12 13:42:08,955 INFO  MethodCallReplacementClassAdapter - Adding mock interface to class org/apache/hadoop/fs/UnresolvedLinkException
2024-11-12 13:42:08,955 INFO  CreateClassResetClassAdapter - Creating brand-new static initializer in class org/apache/hadoop/fs/UnresolvedLinkException
2024-11-12 13:42:08,955 INFO  EvoClassLoader - Keeping class: org.apache.hadoop.fs.UnresolvedLinkException
2024-11-12 13:42:08,955 INFO  EvoClassLoader - Seeing class for first time: org.apache.hadoop.hdfs.client.HdfsDataInputStream
2024-11-12 13:42:08,955 INFO  EvoClassLoader - Instrumenting class 'org.apache.hadoop.hdfs.client.HdfsDataInputStream'.
2024-11-12 13:42:08,955 INFO  MethodCallReplacementClassAdapter - Adding mock interface to class org/apache/hadoop/hdfs/client/HdfsDataInputStream
2024-11-12 13:42:08,955 INFO  CreateClassResetClassAdapter - Creating brand-new static initializer in class org/apache/hadoop/hdfs/client/HdfsDataInputStream
2024-11-12 13:42:08,956 INFO  EvoClassLoader - Keeping class: org.apache.hadoop.hdfs.client.HdfsDataInputStream
2024-11-12 13:42:08,956 INFO  EvoClassLoader - Seeing class for first time: org.apache.hadoop.hdfs.HdfsConfiguration
2024-11-12 13:42:08,956 INFO  EvoClassLoader - Instrumenting class 'org.apache.hadoop.hdfs.HdfsConfiguration'.
2024-11-12 13:42:08,956 INFO  MethodCallReplacementClassAdapter - Adding mock interface to class org/apache/hadoop/hdfs/HdfsConfiguration
2024-11-12 13:42:08,956 INFO  CreateClassResetClassAdapter - Found static initializer in class org/apache/hadoop/hdfs/HdfsConfiguration
2024-11-12 13:42:08,957 INFO  EvoClassLoader - Keeping class: org.apache.hadoop.hdfs.HdfsConfiguration
2024-11-12 13:42:08,957 INFO  EvoClassLoader - Seeing class for first time: org.apache.commons.collections.map.UnmodifiableEntrySet
2024-11-12 13:42:08,957 INFO  EvoClassLoader - Instrumenting class 'org.apache.commons.collections.map.UnmodifiableEntrySet'.
2024-11-12 13:42:08,958 INFO  MethodCallReplacementClassAdapter - Adding mock interface to class org/apache/commons/collections/map/UnmodifiableEntrySet
2024-11-12 13:42:08,958 INFO  CreateClassResetClassAdapter - Creating brand-new static initializer in class org/apache/commons/collections/map/UnmodifiableEntrySet
2024-11-12 13:42:08,958 INFO  EvoClassLoader - Seeing class for first time: org.apache.commons.collections.set.AbstractSetDecorator
2024-11-12 13:42:08,958 INFO  EvoClassLoader - Instrumenting class 'org.apache.commons.collections.set.AbstractSetDecorator'.
2024-11-12 13:42:08,958 INFO  MethodCallReplacementClassAdapter - Adding mock interface to class org/apache/commons/collections/set/AbstractSetDecorator
2024-11-12 13:42:08,958 INFO  CreateClassResetClassAdapter - Creating brand-new static initializer in class org/apache/commons/collections/set/AbstractSetDecorator
2024-11-12 13:42:08,958 INFO  EvoClassLoader - Defined package (3): package org.apache.commons.collections.set, -1340431827
2024-11-12 13:42:08,959 INFO  EvoClassLoader - Seeing class for first time: org.apache.commons.collections.collection.AbstractCollectionDecorator
2024-11-12 13:42:08,959 INFO  EvoClassLoader - Instrumenting class 'org.apache.commons.collections.collection.AbstractCollectionDecorator'.
2024-11-12 13:42:08,959 INFO  MethodCallReplacementClassAdapter - Adding mock interface to class org/apache/commons/collections/collection/AbstractCollectionDecorator
2024-11-12 13:42:08,960 INFO  CreateClassResetClassAdapter - Creating brand-new static initializer in class org/apache/commons/collections/collection/AbstractCollectionDecorator
2024-11-12 13:42:08,960 INFO  EvoClassLoader - Defined package (3): package org.apache.commons.collections.collection, -372261261
2024-11-12 13:42:08,960 INFO  EvoClassLoader - Keeping class: org.apache.commons.collections.collection.AbstractCollectionDecorator
2024-11-12 13:42:08,960 INFO  EvoClassLoader - Keeping class: org.apache.commons.collections.set.AbstractSetDecorator
2024-11-12 13:42:08,960 INFO  EvoClassLoader - Keeping class: org.apache.commons.collections.map.UnmodifiableEntrySet
2024-11-12 13:42:08,960 INFO  EvoClassLoader - Seeing class for first time: org.apache.commons.collections.map.UnmodifiableEntrySet$UnmodifiableEntry
2024-11-12 13:42:08,960 INFO  EvoClassLoader - Instrumenting class 'org.apache.commons.collections.map.UnmodifiableEntrySet$UnmodifiableEntry'.
2024-11-12 13:42:08,960 INFO  MethodCallReplacementClassAdapter - Adding mock interface to class org/apache/commons/collections/map/UnmodifiableEntrySet$UnmodifiableEntry
2024-11-12 13:42:08,960 INFO  CreateClassResetClassAdapter - Creating brand-new static initializer in class org/apache/commons/collections/map/UnmodifiableEntrySet$UnmodifiableEntry
2024-11-12 13:42:08,960 INFO  EvoClassLoader - Seeing class for first time: org.apache.commons.collections.keyvalue.AbstractMapEntryDecorator
2024-11-12 13:42:08,960 INFO  EvoClassLoader - Instrumenting class 'org.apache.commons.collections.keyvalue.AbstractMapEntryDecorator'.
2024-11-12 13:42:08,960 INFO  MethodCallReplacementClassAdapter - Adding mock interface to class org/apache/commons/collections/keyvalue/AbstractMapEntryDecorator
2024-11-12 13:42:08,961 INFO  CreateClassResetClassAdapter - Creating brand-new static initializer in class org/apache/commons/collections/keyvalue/AbstractMapEntryDecorator
2024-11-12 13:42:08,961 INFO  EvoClassLoader - Defined package (3): package org.apache.commons.collections.keyvalue, -567273593
2024-11-12 13:42:08,961 INFO  EvoClassLoader - Seeing class for first time: org.apache.commons.collections.KeyValue
2024-11-12 13:42:08,961 INFO  EvoClassLoader - Instrumenting class 'org.apache.commons.collections.KeyValue'.
2024-11-12 13:42:08,961 INFO  EvoClassLoader - Keeping class: org.apache.commons.collections.KeyValue
2024-11-12 13:42:08,961 INFO  EvoClassLoader - Keeping class: org.apache.commons.collections.keyvalue.AbstractMapEntryDecorator
2024-11-12 13:42:08,961 INFO  EvoClassLoader - Keeping class: org.apache.commons.collections.map.UnmodifiableEntrySet$UnmodifiableEntry
2024-11-12 13:42:08,961 INFO  EvoClassLoader - Seeing class for first time: org.apache.hadoop.hdfs.DistributedFileSystem$PartialListingIterator
2024-11-12 13:42:08,961 INFO  EvoClassLoader - Instrumenting class 'org.apache.hadoop.hdfs.DistributedFileSystem$PartialListingIterator'.
2024-11-12 13:42:08,962 INFO  MethodCallReplacementClassAdapter - Adding mock interface to class org/apache/hadoop/hdfs/DistributedFileSystem$PartialListingIterator
2024-11-12 13:42:08,962 INFO  CreateClassResetClassAdapter - Creating brand-new static initializer in class org/apache/hadoop/hdfs/DistributedFileSystem$PartialListingIterator
2024-11-12 13:42:08,962 INFO  EvoClassLoader - Keeping class: org.apache.hadoop.hdfs.DistributedFileSystem$PartialListingIterator
2024-11-12 13:42:08,962 INFO  EvoClassLoader - Seeing class for first time: org.apache.hadoop.metrics2.MetricsSource
2024-11-12 13:42:08,962 INFO  EvoClassLoader - Instrumenting class 'org.apache.hadoop.metrics2.MetricsSource'.
2024-11-12 13:42:08,963 INFO  EvoClassLoader - Keeping class: org.apache.hadoop.metrics2.MetricsSource
2024-11-12 13:42:08,963 INFO  EvoClassLoader - Seeing class for first time: org.apache.hadoop.security.authentication.util.KerberosName$Rule
2024-11-12 13:42:08,963 INFO  EvoClassLoader - Instrumenting class 'org.apache.hadoop.security.authentication.util.KerberosName$Rule'.
2024-11-12 13:42:08,963 INFO  MethodCallReplacementClassAdapter - Adding mock interface to class org/apache/hadoop/security/authentication/util/KerberosName$Rule
2024-11-12 13:42:08,963 INFO  CreateClassResetClassAdapter - Creating brand-new static initializer in class org/apache/hadoop/security/authentication/util/KerberosName$Rule
2024-11-12 13:42:08,964 INFO  EvoClassLoader - Keeping class: org.apache.hadoop.security.authentication.util.KerberosName$Rule
2024-11-12 13:42:08,964 INFO  EvoClassLoader - Seeing class for first time: org.apache.hadoop.security.authentication.util.KerberosName$BadFormatString
2024-11-12 13:42:08,964 INFO  EvoClassLoader - Instrumenting class 'org.apache.hadoop.security.authentication.util.KerberosName$BadFormatString'.
2024-11-12 13:42:08,964 INFO  MethodCallReplacementClassAdapter - Adding mock interface to class org/apache/hadoop/security/authentication/util/KerberosName$BadFormatString
2024-11-12 13:42:08,964 INFO  CreateClassResetClassAdapter - Creating brand-new static initializer in class org/apache/hadoop/security/authentication/util/KerberosName$BadFormatString
2024-11-12 13:42:08,964 INFO  EvoClassLoader - Keeping class: org.apache.hadoop.security.authentication.util.KerberosName$BadFormatString
2024-11-12 13:42:08,964 INFO  EvoClassLoader - Seeing class for first time: org.apache.hadoop.fs.shell.CommandFactory
2024-11-12 13:42:08,964 INFO  EvoClassLoader - Instrumenting class 'org.apache.hadoop.fs.shell.CommandFactory'.
2024-11-12 13:42:08,964 INFO  MethodCallReplacementClassAdapter - Adding mock interface to class org/apache/hadoop/fs/shell/CommandFactory
2024-11-12 13:42:08,965 INFO  CreateClassResetClassAdapter - Creating brand-new static initializer in class org/apache/hadoop/fs/shell/CommandFactory
2024-11-12 13:42:08,965 INFO  EvoClassLoader - Keeping class: org.apache.hadoop.fs.shell.CommandFactory
2024-11-12 13:42:08,965 INFO  EvoClassLoader - Seeing class for first time: org.apache.hadoop.io.Text
2024-11-12 13:42:08,965 INFO  EvoClassLoader - Instrumenting class 'org.apache.hadoop.io.Text'.
2024-11-12 13:42:08,966 INFO  MethodCallReplacementClassAdapter - Adding mock interface to class org/apache/hadoop/io/Text
2024-11-12 13:42:08,967 INFO  CreateClassResetClassAdapter - Found static initializer in class org/apache/hadoop/io/Text
2024-11-12 13:42:08,967 INFO  EvoClassLoader - Seeing class for first time: org.apache.hadoop.io.WritableComparable
2024-11-12 13:42:08,967 INFO  EvoClassLoader - Instrumenting class 'org.apache.hadoop.io.WritableComparable'.
2024-11-12 13:42:08,968 INFO  EvoClassLoader - Keeping class: org.apache.hadoop.io.WritableComparable
2024-11-12 13:42:08,968 INFO  EvoClassLoader - Seeing class for first time: org.apache.hadoop.io.BinaryComparable
2024-11-12 13:42:08,968 INFO  EvoClassLoader - Instrumenting class 'org.apache.hadoop.io.BinaryComparable'.
2024-11-12 13:42:08,968 INFO  MethodCallReplacementClassAdapter - Adding mock interface to class org/apache/hadoop/io/BinaryComparable
2024-11-12 13:42:08,968 INFO  CreateClassResetClassAdapter - Creating brand-new static initializer in class org/apache/hadoop/io/BinaryComparable
2024-11-12 13:42:08,968 INFO  EvoClassLoader - Keeping class: org.apache.hadoop.io.BinaryComparable
2024-11-12 13:42:08,968 INFO  EvoClassLoader - Keeping class: org.apache.hadoop.io.Text
2024-11-12 13:42:08,969 INFO  EvoClassLoader - Seeing class for first time: org.apache.hadoop.io.Text$1
2024-11-12 13:42:08,969 INFO  EvoClassLoader - Instrumenting class 'org.apache.hadoop.io.Text$1'.
2024-11-12 13:42:08,969 INFO  MethodCallReplacementClassAdapter - Adding mock interface to class org/apache/hadoop/io/Text$1
2024-11-12 13:42:08,969 INFO  EvoClassLoader - Keeping class: org.apache.hadoop.io.Text$1
2024-11-12 13:42:08,969 INFO  EvoClassLoader - Seeing class for first time: org.apache.hadoop.io.Text$2
2024-11-12 13:42:08,969 INFO  EvoClassLoader - Instrumenting class 'org.apache.hadoop.io.Text$2'.
2024-11-12 13:42:08,969 INFO  MethodCallReplacementClassAdapter - Adding mock interface to class org/apache/hadoop/io/Text$2
2024-11-12 13:42:08,970 INFO  EvoClassLoader - Keeping class: org.apache.hadoop.io.Text$2
2024-11-12 13:42:08,970 INFO  EvoClassLoader - Seeing class for first time: org.apache.hadoop.io.WritableComparator
2024-11-12 13:42:08,970 INFO  EvoClassLoader - Instrumenting class 'org.apache.hadoop.io.WritableComparator'.
2024-11-12 13:42:08,970 INFO  MethodCallReplacementClassAdapter - Adding mock interface to class org/apache/hadoop/io/WritableComparator
2024-11-12 13:42:08,971 INFO  CreateClassResetClassAdapter - Found static initializer in class org/apache/hadoop/io/WritableComparator
2024-11-12 13:42:08,972 INFO  EvoClassLoader - Seeing class for first time: org.apache.hadoop.io.RawComparator
2024-11-12 13:42:08,972 INFO  EvoClassLoader - Instrumenting class 'org.apache.hadoop.io.RawComparator'.
2024-11-12 13:42:08,972 INFO  EvoClassLoader - Keeping class: org.apache.hadoop.io.RawComparator
2024-11-12 13:42:08,972 INFO  EvoClassLoader - Keeping class: org.apache.hadoop.io.WritableComparator
2024-11-12 13:42:08,972 INFO  EvoClassLoader - Seeing class for first time: org.apache.hadoop.io.Text$Comparator
2024-11-12 13:42:08,972 INFO  EvoClassLoader - Instrumenting class 'org.apache.hadoop.io.Text$Comparator'.
2024-11-12 13:42:08,972 INFO  MethodCallReplacementClassAdapter - Adding mock interface to class org/apache/hadoop/io/Text$Comparator
2024-11-12 13:42:08,972 INFO  CreateClassResetClassAdapter - Creating brand-new static initializer in class org/apache/hadoop/io/Text$Comparator
2024-11-12 13:42:08,972 INFO  EvoClassLoader - Keeping class: org.apache.hadoop.io.Text$Comparator
2024-11-12 13:42:08,973 INFO  EvoClassLoader - Seeing class for first time: org.apache.hadoop.fs.Trash
2024-11-12 13:42:08,973 INFO  EvoClassLoader - Instrumenting class 'org.apache.hadoop.fs.Trash'.
2024-11-12 13:42:08,973 INFO  MethodCallReplacementClassAdapter - Adding mock interface to class org/apache/hadoop/fs/Trash
2024-11-12 13:42:08,983 INFO  CreateClassResetClassAdapter - Found static initializer in class org/apache/hadoop/fs/Trash
2024-11-12 13:42:08,983 INFO  EvoClassLoader - Keeping class: org.apache.hadoop.fs.Trash
2024-11-12 13:42:08,983 INFO  EvoClassLoader - Seeing class for first time: org.apache.hadoop.security.UserGroupInformation$AutoRenewalForUserCredsRunnable
2024-11-12 13:42:08,983 INFO  EvoClassLoader - Instrumenting class 'org.apache.hadoop.security.UserGroupInformation$AutoRenewalForUserCredsRunnable'.
2024-11-12 13:42:08,984 INFO  MethodCallReplacementClassAdapter - Adding mock interface to class org/apache/hadoop/security/UserGroupInformation$AutoRenewalForUserCredsRunnable
2024-11-12 13:42:08,984 INFO  CreateClassResetClassAdapter - Creating brand-new static initializer in class org/apache/hadoop/security/UserGroupInformation$AutoRenewalForUserCredsRunnable
2024-11-12 13:42:08,984 INFO  EvoClassLoader - Keeping class: org.apache.hadoop.security.UserGroupInformation$AutoRenewalForUserCredsRunnable
2024-11-12 13:42:08,984 INFO  EvoClassLoader - Seeing class for first time: org.apache.hadoop.metrics2.lib.MutableGaugeInt
2024-11-12 13:42:08,984 INFO  EvoClassLoader - Instrumenting class 'org.apache.hadoop.metrics2.lib.MutableGaugeInt'.
2024-11-12 13:42:08,985 INFO  MethodCallReplacementClassAdapter - Adding mock interface to class org/apache/hadoop/metrics2/lib/MutableGaugeInt
2024-11-12 13:42:08,985 INFO  CreateClassResetClassAdapter - Creating brand-new static initializer in class org/apache/hadoop/metrics2/lib/MutableGaugeInt
2024-11-12 13:42:08,985 INFO  EvoClassLoader - Seeing class for first time: org.apache.hadoop.metrics2.lib.MutableGauge
2024-11-12 13:42:08,985 INFO  EvoClassLoader - Instrumenting class 'org.apache.hadoop.metrics2.lib.MutableGauge'.
2024-11-12 13:42:08,985 INFO  MethodCallReplacementClassAdapter - Adding mock interface to class org/apache/hadoop/metrics2/lib/MutableGauge
2024-11-12 13:42:08,985 INFO  CreateClassResetClassAdapter - Creating brand-new static initializer in class org/apache/hadoop/metrics2/lib/MutableGauge
2024-11-12 13:42:08,985 INFO  EvoClassLoader - Keeping class: org.apache.hadoop.metrics2.lib.MutableGauge
2024-11-12 13:42:08,985 INFO  EvoClassLoader - Keeping class: org.apache.hadoop.metrics2.lib.MutableGaugeInt
2024-11-12 13:42:08,985 INFO  EvoClassLoader - Seeing class for first time: org.apache.hadoop.security.ShellBasedUnixGroupsMapping
2024-11-12 13:42:08,985 INFO  EvoClassLoader - Instrumenting class 'org.apache.hadoop.security.ShellBasedUnixGroupsMapping'.
2024-11-12 13:42:08,986 INFO  MethodCallReplacementClassAdapter - Adding mock interface to class org/apache/hadoop/security/ShellBasedUnixGroupsMapping
2024-11-12 13:42:08,986 INFO  CreateClassResetClassAdapter - Found static initializer in class org/apache/hadoop/security/ShellBasedUnixGroupsMapping
2024-11-12 13:42:08,986 INFO  EvoClassLoader - Keeping class: org.apache.hadoop.security.ShellBasedUnixGroupsMapping
2024-11-12 13:42:08,986 INFO  EvoClassLoader - Seeing class for first time: org.apache.hadoop.metrics2.util.SampleStat$MinMax
2024-11-12 13:42:08,986 INFO  EvoClassLoader - Instrumenting class 'org.apache.hadoop.metrics2.util.SampleStat$MinMax'.
2024-11-12 13:42:08,986 INFO  MethodCallReplacementClassAdapter - Adding mock interface to class org/apache/hadoop/metrics2/util/SampleStat$MinMax
2024-11-12 13:42:08,987 INFO  CreateClassResetClassAdapter - Creating brand-new static initializer in class org/apache/hadoop/metrics2/util/SampleStat$MinMax
2024-11-12 13:42:08,987 INFO  CreateClassResetClassAdapter - Adding bytecode for initializing field DEFAULT_MIN_VALUE
2024-11-12 13:42:08,987 INFO  CreateClassResetClassAdapter - Adding bytecode for initializing field DEFAULT_MAX_VALUE
2024-11-12 13:42:08,987 INFO  EvoClassLoader - Keeping class: org.apache.hadoop.metrics2.util.SampleStat$MinMax
2024-11-12 13:42:08,987 INFO  EvoClassLoader - Seeing class for first time: com.ctc.wstx.io.MergedReader
2024-11-12 13:42:08,987 INFO  EvoClassLoader - Instrumenting class 'com.ctc.wstx.io.MergedReader'.
2024-11-12 13:42:08,987 INFO  MethodCallReplacementClassAdapter - Adding mock interface to class com/ctc/wstx/io/MergedReader
2024-11-12 13:42:08,988 INFO  CreateClassResetClassAdapter - Creating brand-new static initializer in class com/ctc/wstx/io/MergedReader
2024-11-12 13:42:08,988 INFO  EvoClassLoader - Keeping class: com.ctc.wstx.io.MergedReader
2024-11-12 13:42:08,988 INFO  EvoClassLoader - Seeing class for first time: org.apache.hadoop.thirdparty.com.google.common.cache.LocalCache$EntryFactory$1
2024-11-12 13:42:08,988 INFO  EvoClassLoader - Instrumenting class 'org.apache.hadoop.thirdparty.com.google.common.cache.LocalCache$EntryFactory$1'.
2024-11-12 13:42:08,988 INFO  MethodCallReplacementClassAdapter - Adding mock interface to class org/apache/hadoop/thirdparty/com/google/common/cache/LocalCache$EntryFactory$1
2024-11-12 13:42:08,988 INFO  EvoClassLoader - Seeing class for first time: org.apache.hadoop.thirdparty.com.google.common.cache.LocalCache$EntryFactory
2024-11-12 13:42:08,988 INFO  EvoClassLoader - Instrumenting class 'org.apache.hadoop.thirdparty.com.google.common.cache.LocalCache$EntryFactory'.
2024-11-12 13:42:08,989 INFO  MethodCallReplacementClassAdapter - Adding mock interface to class org/apache/hadoop/thirdparty/com/google/common/cache/LocalCache$EntryFactory
2024-11-12 13:42:08,989 INFO  CreateClassResetClassAdapter - Found static initializer in class org/apache/hadoop/thirdparty/com/google/common/cache/LocalCache$EntryFactory
2024-11-12 13:42:08,989 INFO  EvoClassLoader - Keeping class: org.apache.hadoop.thirdparty.com.google.common.cache.LocalCache$EntryFactory
2024-11-12 13:42:08,989 INFO  EvoClassLoader - Keeping class: org.apache.hadoop.thirdparty.com.google.common.cache.LocalCache$EntryFactory$1
2024-11-12 13:42:08,989 INFO  EvoClassLoader - Seeing class for first time: org.apache.hadoop.thirdparty.com.google.common.cache.LocalCache$EntryFactory$2
2024-11-12 13:42:08,989 INFO  EvoClassLoader - Instrumenting class 'org.apache.hadoop.thirdparty.com.google.common.cache.LocalCache$EntryFactory$2'.
2024-11-12 13:42:08,989 INFO  MethodCallReplacementClassAdapter - Adding mock interface to class org/apache/hadoop/thirdparty/com/google/common/cache/LocalCache$EntryFactory$2
2024-11-12 13:42:08,989 INFO  EvoClassLoader - Keeping class: org.apache.hadoop.thirdparty.com.google.common.cache.LocalCache$EntryFactory$2
2024-11-12 13:42:08,989 INFO  EvoClassLoader - Seeing class for first time: org.apache.hadoop.thirdparty.com.google.common.cache.LocalCache$EntryFactory$3
2024-11-12 13:42:08,989 INFO  EvoClassLoader - Instrumenting class 'org.apache.hadoop.thirdparty.com.google.common.cache.LocalCache$EntryFactory$3'.
2024-11-12 13:42:08,990 INFO  MethodCallReplacementClassAdapter - Adding mock interface to class org/apache/hadoop/thirdparty/com/google/common/cache/LocalCache$EntryFactory$3
2024-11-12 13:42:08,990 INFO  EvoClassLoader - Keeping class: org.apache.hadoop.thirdparty.com.google.common.cache.LocalCache$EntryFactory$3
2024-11-12 13:42:08,990 INFO  EvoClassLoader - Seeing class for first time: org.apache.hadoop.thirdparty.com.google.common.cache.LocalCache$EntryFactory$4
2024-11-12 13:42:08,990 INFO  EvoClassLoader - Instrumenting class 'org.apache.hadoop.thirdparty.com.google.common.cache.LocalCache$EntryFactory$4'.
2024-11-12 13:42:08,990 INFO  MethodCallReplacementClassAdapter - Adding mock interface to class org/apache/hadoop/thirdparty/com/google/common/cache/LocalCache$EntryFactory$4
2024-11-12 13:42:08,990 INFO  EvoClassLoader - Keeping class: org.apache.hadoop.thirdparty.com.google.common.cache.LocalCache$EntryFactory$4
2024-11-12 13:42:08,990 INFO  EvoClassLoader - Seeing class for first time: org.apache.hadoop.thirdparty.com.google.common.cache.LocalCache$EntryFactory$5
2024-11-12 13:42:08,990 INFO  EvoClassLoader - Instrumenting class 'org.apache.hadoop.thirdparty.com.google.common.cache.LocalCache$EntryFactory$5'.
2024-11-12 13:42:08,990 INFO  MethodCallReplacementClassAdapter - Adding mock interface to class org/apache/hadoop/thirdparty/com/google/common/cache/LocalCache$EntryFactory$5
2024-11-12 13:42:08,990 INFO  EvoClassLoader - Keeping class: org.apache.hadoop.thirdparty.com.google.common.cache.LocalCache$EntryFactory$5
2024-11-12 13:42:08,990 INFO  EvoClassLoader - Seeing class for first time: org.apache.hadoop.thirdparty.com.google.common.cache.LocalCache$EntryFactory$6
2024-11-12 13:42:08,990 INFO  EvoClassLoader - Instrumenting class 'org.apache.hadoop.thirdparty.com.google.common.cache.LocalCache$EntryFactory$6'.
2024-11-12 13:42:08,990 INFO  MethodCallReplacementClassAdapter - Adding mock interface to class org/apache/hadoop/thirdparty/com/google/common/cache/LocalCache$EntryFactory$6
2024-11-12 13:42:08,990 INFO  EvoClassLoader - Keeping class: org.apache.hadoop.thirdparty.com.google.common.cache.LocalCache$EntryFactory$6
2024-11-12 13:42:08,990 INFO  EvoClassLoader - Seeing class for first time: org.apache.hadoop.thirdparty.com.google.common.cache.LocalCache$EntryFactory$7
2024-11-12 13:42:08,990 INFO  EvoClassLoader - Instrumenting class 'org.apache.hadoop.thirdparty.com.google.common.cache.LocalCache$EntryFactory$7'.
2024-11-12 13:42:08,991 INFO  MethodCallReplacementClassAdapter - Adding mock interface to class org/apache/hadoop/thirdparty/com/google/common/cache/LocalCache$EntryFactory$7
2024-11-12 13:42:08,991 INFO  EvoClassLoader - Keeping class: org.apache.hadoop.thirdparty.com.google.common.cache.LocalCache$EntryFactory$7
2024-11-12 13:42:08,991 INFO  EvoClassLoader - Seeing class for first time: org.apache.hadoop.thirdparty.com.google.common.cache.LocalCache$EntryFactory$8
2024-11-12 13:42:08,991 INFO  EvoClassLoader - Instrumenting class 'org.apache.hadoop.thirdparty.com.google.common.cache.LocalCache$EntryFactory$8'.
2024-11-12 13:42:08,991 INFO  MethodCallReplacementClassAdapter - Adding mock interface to class org/apache/hadoop/thirdparty/com/google/common/cache/LocalCache$EntryFactory$8
2024-11-12 13:42:08,991 INFO  EvoClassLoader - Keeping class: org.apache.hadoop.thirdparty.com.google.common.cache.LocalCache$EntryFactory$8
2024-11-12 13:42:08,992 INFO  EvoClassLoader - Seeing class for first time: org.apache.hadoop.fs.impl.FutureDataInputStreamBuilderImpl
2024-11-12 13:42:08,992 INFO  EvoClassLoader - Instrumenting class 'org.apache.hadoop.fs.impl.FutureDataInputStreamBuilderImpl'.
2024-11-12 13:42:08,992 INFO  MethodCallReplacementClassAdapter - Adding mock interface to class org/apache/hadoop/fs/impl/FutureDataInputStreamBuilderImpl
2024-11-12 13:42:08,992 INFO  CreateClassResetClassAdapter - Creating brand-new static initializer in class org/apache/hadoop/fs/impl/FutureDataInputStreamBuilderImpl
2024-11-12 13:42:08,993 INFO  EvoClassLoader - Seeing class for first time: org.apache.hadoop.fs.FutureDataInputStreamBuilder
2024-11-12 13:42:08,993 INFO  EvoClassLoader - Instrumenting class 'org.apache.hadoop.fs.FutureDataInputStreamBuilder'.
2024-11-12 13:42:08,993 INFO  EvoClassLoader - Keeping class: org.apache.hadoop.fs.FutureDataInputStreamBuilder
2024-11-12 13:42:08,993 INFO  EvoClassLoader - Keeping class: org.apache.hadoop.fs.impl.FutureDataInputStreamBuilderImpl
2024-11-12 13:42:08,993 INFO  EvoClassLoader - Seeing class for first time: org.apache.hadoop.fs.FileSystem$FSDataInputStreamBuilder
2024-11-12 13:42:08,993 INFO  EvoClassLoader - Instrumenting class 'org.apache.hadoop.fs.FileSystem$FSDataInputStreamBuilder'.
2024-11-12 13:42:08,993 INFO  MethodCallReplacementClassAdapter - Adding mock interface to class org/apache/hadoop/fs/FileSystem$FSDataInputStreamBuilder
2024-11-12 13:42:08,993 INFO  CreateClassResetClassAdapter - Creating brand-new static initializer in class org/apache/hadoop/fs/FileSystem$FSDataInputStreamBuilder
2024-11-12 13:42:08,993 INFO  EvoClassLoader - Keeping class: org.apache.hadoop.fs.FileSystem$FSDataInputStreamBuilder
2024-11-12 13:42:08,993 INFO  EvoClassLoader - Seeing class for first time: org.apache.hadoop.fs.ChecksumFileSystem$ChecksumFSOutputSummer
2024-11-12 13:42:08,993 INFO  EvoClassLoader - Instrumenting class 'org.apache.hadoop.fs.ChecksumFileSystem$ChecksumFSOutputSummer'.
2024-11-12 13:42:08,994 INFO  MethodCallReplacementClassAdapter - Adding mock interface to class org/apache/hadoop/fs/ChecksumFileSystem$ChecksumFSOutputSummer
2024-11-12 13:42:08,994 INFO  CreateClassResetClassAdapter - Creating brand-new static initializer in class org/apache/hadoop/fs/ChecksumFileSystem$ChecksumFSOutputSummer
2024-11-12 13:42:08,994 INFO  CreateClassResetClassAdapter - Adding bytecode for initializing field CHKSUM_AS_FRACTION
2024-11-12 13:42:08,994 INFO  EvoClassLoader - Seeing class for first time: org.apache.hadoop.fs.FSOutputSummer
2024-11-12 13:42:08,994 INFO  EvoClassLoader - Instrumenting class 'org.apache.hadoop.fs.FSOutputSummer'.
2024-11-12 13:42:08,994 INFO  MethodCallReplacementClassAdapter - Adding mock interface to class org/apache/hadoop/fs/FSOutputSummer
2024-11-12 13:42:08,995 INFO  CreateClassResetClassAdapter - Creating brand-new static initializer in class org/apache/hadoop/fs/FSOutputSummer
2024-11-12 13:42:08,995 INFO  CreateClassResetClassAdapter - Adding bytecode for initializing field BUFFER_NUM_CHUNKS
2024-11-12 13:42:08,995 INFO  EvoClassLoader - Keeping class: org.apache.hadoop.fs.FSOutputSummer
2024-11-12 13:42:08,995 INFO  EvoClassLoader - Keeping class: org.apache.hadoop.fs.ChecksumFileSystem$ChecksumFSOutputSummer
2024-11-12 13:42:08,995 INFO  EvoClassLoader - Seeing class for first time: org.apache.hadoop.fs.ChecksumFileSystem$ChecksumFSInputChecker
2024-11-12 13:42:08,995 INFO  EvoClassLoader - Instrumenting class 'org.apache.hadoop.fs.ChecksumFileSystem$ChecksumFSInputChecker'.
2024-11-12 13:42:08,996 INFO  MethodCallReplacementClassAdapter - Adding mock interface to class org/apache/hadoop/fs/ChecksumFileSystem$ChecksumFSInputChecker
2024-11-12 13:42:08,996 INFO  CreateClassResetClassAdapter - Found static initializer in class org/apache/hadoop/fs/ChecksumFileSystem$ChecksumFSInputChecker
2024-11-12 13:42:08,997 INFO  EvoClassLoader - Seeing class for first time: org.apache.hadoop.fs.FSInputChecker
2024-11-12 13:42:08,997 INFO  EvoClassLoader - Instrumenting class 'org.apache.hadoop.fs.FSInputChecker'.
2024-11-12 13:42:08,997 INFO  MethodCallReplacementClassAdapter - Adding mock interface to class org/apache/hadoop/fs/FSInputChecker
2024-11-12 13:42:08,997 INFO  CreateClassResetClassAdapter - Found static initializer in class org/apache/hadoop/fs/FSInputChecker
2024-11-12 13:42:08,998 INFO  EvoClassLoader - Seeing class for first time: org.apache.hadoop.fs.FSInputStream
2024-11-12 13:42:08,998 INFO  EvoClassLoader - Instrumenting class 'org.apache.hadoop.fs.FSInputStream'.
2024-11-12 13:42:08,998 INFO  MethodCallReplacementClassAdapter - Adding mock interface to class org/apache/hadoop/fs/FSInputStream
2024-11-12 13:42:08,998 INFO  CreateClassResetClassAdapter - Found static initializer in class org/apache/hadoop/fs/FSInputStream
2024-11-12 13:42:08,998 INFO  EvoClassLoader - Keeping class: org.apache.hadoop.fs.FSInputStream
2024-11-12 13:42:08,998 INFO  EvoClassLoader - Keeping class: org.apache.hadoop.fs.FSInputChecker
2024-11-12 13:42:08,998 INFO  EvoClassLoader - Keeping class: org.apache.hadoop.fs.ChecksumFileSystem$ChecksumFSInputChecker
2024-11-12 13:42:08,998 INFO  EvoClassLoader - Seeing class for first time: org.apache.hadoop.fs.ChecksumFileSystem$FSDataBoundedInputStream
2024-11-12 13:42:08,998 INFO  EvoClassLoader - Instrumenting class 'org.apache.hadoop.fs.ChecksumFileSystem$FSDataBoundedInputStream'.
2024-11-12 13:42:08,998 INFO  MethodCallReplacementClassAdapter - Adding mock interface to class org/apache/hadoop/fs/ChecksumFileSystem$FSDataBoundedInputStream
2024-11-12 13:42:08,999 INFO  CreateClassResetClassAdapter - Creating brand-new static initializer in class org/apache/hadoop/fs/ChecksumFileSystem$FSDataBoundedInputStream
2024-11-12 13:42:08,999 INFO  EvoClassLoader - Keeping class: org.apache.hadoop.fs.ChecksumFileSystem$FSDataBoundedInputStream
2024-11-12 13:42:08,999 INFO  EvoClassLoader - Seeing class for first time: org.apache.hadoop.fs.ChecksumFileSystem$9
2024-11-12 13:42:08,999 INFO  EvoClassLoader - Instrumenting class 'org.apache.hadoop.fs.ChecksumFileSystem$9'.
2024-11-12 13:42:09,000 INFO  MethodCallReplacementClassAdapter - Adding mock interface to class org/apache/hadoop/fs/ChecksumFileSystem$9
2024-11-12 13:42:09,000 INFO  EvoClassLoader - Keeping class: org.apache.hadoop.fs.ChecksumFileSystem$9
2024-11-12 13:42:09,000 INFO  EvoClassLoader - Seeing class for first time: org.apache.hadoop.util.ReflectionUtils$2
2024-11-12 13:42:09,000 INFO  EvoClassLoader - Instrumenting class 'org.apache.hadoop.util.ReflectionUtils$2'.
2024-11-12 13:42:09,000 INFO  MethodCallReplacementClassAdapter - Adding mock interface to class org/apache/hadoop/util/ReflectionUtils$2
2024-11-12 13:42:09,000 INFO  EvoClassLoader - Keeping class: org.apache.hadoop.util.ReflectionUtils$2
2024-11-12 13:42:09,000 INFO  EvoClassLoader - Seeing class for first time: org.apache.hadoop.util.ReflectionUtils$1
2024-11-12 13:42:09,000 INFO  EvoClassLoader - Instrumenting class 'org.apache.hadoop.util.ReflectionUtils$1'.
2024-11-12 13:42:09,000 INFO  MethodCallReplacementClassAdapter - Adding mock interface to class org/apache/hadoop/util/ReflectionUtils$1
2024-11-12 13:42:09,001 INFO  EvoClassLoader - Keeping class: org.apache.hadoop.util.ReflectionUtils$1
2024-11-12 13:42:09,001 INFO  EvoClassLoader - Seeing class for first time: org.apache.commons.cli.Util
2024-11-12 13:42:09,001 INFO  EvoClassLoader - Instrumenting class 'org.apache.commons.cli.Util'.
2024-11-12 13:42:09,001 INFO  MethodCallReplacementClassAdapter - Adding mock interface to class org/apache/commons/cli/Util
2024-11-12 13:42:09,001 INFO  CreateClassResetClassAdapter - Creating brand-new static initializer in class org/apache/commons/cli/Util
2024-11-12 13:42:09,001 INFO  EvoClassLoader - Keeping class: org.apache.commons.cli.Util
2024-11-12 13:42:09,001 INFO  EvoClassLoader - Seeing class for first time: org.apache.hadoop.metrics2.lib.MutableCounter
2024-11-12 13:42:09,001 INFO  EvoClassLoader - Instrumenting class 'org.apache.hadoop.metrics2.lib.MutableCounter'.
2024-11-12 13:42:09,001 INFO  MethodCallReplacementClassAdapter - Adding mock interface to class org/apache/hadoop/metrics2/lib/MutableCounter
2024-11-12 13:42:09,001 INFO  CreateClassResetClassAdapter - Creating brand-new static initializer in class org/apache/hadoop/metrics2/lib/MutableCounter
2024-11-12 13:42:09,001 INFO  EvoClassLoader - Keeping class: org.apache.hadoop.metrics2.lib.MutableCounter
2024-11-12 13:42:09,001 INFO  EvoClassLoader - Seeing class for first time: org.apache.hadoop.hdfs.protocol.HdfsConstants$DatanodeReportType
2024-11-12 13:42:09,001 INFO  EvoClassLoader - Instrumenting class 'org.apache.hadoop.hdfs.protocol.HdfsConstants$DatanodeReportType'.
2024-11-12 13:42:09,002 INFO  MethodCallReplacementClassAdapter - Adding mock interface to class org/apache/hadoop/hdfs/protocol/HdfsConstants$DatanodeReportType
2024-11-12 13:42:09,002 INFO  CreateClassResetClassAdapter - Found static initializer in class org/apache/hadoop/hdfs/protocol/HdfsConstants$DatanodeReportType
2024-11-12 13:42:09,002 INFO  EvoClassLoader - Keeping class: org.apache.hadoop.hdfs.protocol.HdfsConstants$DatanodeReportType
2024-11-12 13:42:09,002 INFO  EvoClassLoader - Seeing class for first time: org.apache.hadoop.thirdparty.com.google.common.collect.ImmutableEnumMap
2024-11-12 13:42:09,002 INFO  EvoClassLoader - Instrumenting class 'org.apache.hadoop.thirdparty.com.google.common.collect.ImmutableEnumMap'.
2024-11-12 13:42:09,002 INFO  MethodCallReplacementClassAdapter - Adding mock interface to class org/apache/hadoop/thirdparty/com/google/common/collect/ImmutableEnumMap
2024-11-12 13:42:09,003 INFO  CreateClassResetClassAdapter - Creating brand-new static initializer in class org/apache/hadoop/thirdparty/com/google/common/collect/ImmutableEnumMap
2024-11-12 13:42:09,003 INFO  EvoClassLoader - Seeing class for first time: org.apache.hadoop.thirdparty.com.google.common.collect.ImmutableMap$IteratorBasedImmutableMap
2024-11-12 13:42:09,003 INFO  EvoClassLoader - Instrumenting class 'org.apache.hadoop.thirdparty.com.google.common.collect.ImmutableMap$IteratorBasedImmutableMap'.
2024-11-12 13:42:09,003 INFO  MethodCallReplacementClassAdapter - Adding mock interface to class org/apache/hadoop/thirdparty/com/google/common/collect/ImmutableMap$IteratorBasedImmutableMap
2024-11-12 13:42:09,003 INFO  CreateClassResetClassAdapter - Creating brand-new static initializer in class org/apache/hadoop/thirdparty/com/google/common/collect/ImmutableMap$IteratorBasedImmutableMap
2024-11-12 13:42:09,003 INFO  EvoClassLoader - Seeing class for first time: org.apache.hadoop.thirdparty.com.google.common.collect.ImmutableMap
2024-11-12 13:42:09,003 INFO  EvoClassLoader - Instrumenting class 'org.apache.hadoop.thirdparty.com.google.common.collect.ImmutableMap'.
2024-11-12 13:42:09,004 INFO  MethodCallReplacementClassAdapter - Adding mock interface to class org/apache/hadoop/thirdparty/com/google/common/collect/ImmutableMap
2024-11-12 13:42:09,004 INFO  CreateClassResetClassAdapter - Found static initializer in class org/apache/hadoop/thirdparty/com/google/common/collect/ImmutableMap
2024-11-12 13:42:09,005 INFO  EvoClassLoader - Keeping class: org.apache.hadoop.thirdparty.com.google.common.collect.ImmutableMap
2024-11-12 13:42:09,005 INFO  EvoClassLoader - Keeping class: org.apache.hadoop.thirdparty.com.google.common.collect.ImmutableMap$IteratorBasedImmutableMap
2024-11-12 13:42:09,005 INFO  EvoClassLoader - Keeping class: org.apache.hadoop.thirdparty.com.google.common.collect.ImmutableEnumMap
2024-11-12 13:42:09,005 INFO  EvoClassLoader - Seeing class for first time: org.apache.hadoop.thirdparty.com.google.common.collect.ImmutableMap$1
2024-11-12 13:42:09,005 INFO  EvoClassLoader - Instrumenting class 'org.apache.hadoop.thirdparty.com.google.common.collect.ImmutableMap$1'.
2024-11-12 13:42:09,005 INFO  MethodCallReplacementClassAdapter - Adding mock interface to class org/apache/hadoop/thirdparty/com/google/common/collect/ImmutableMap$1
2024-11-12 13:42:09,006 INFO  EvoClassLoader - Keeping class: org.apache.hadoop.thirdparty.com.google.common.collect.ImmutableMap$1
2024-11-12 13:42:09,006 INFO  EvoClassLoader - Seeing class for first time: org.apache.hadoop.thirdparty.com.google.common.collect.ImmutableMap$MapViewOfValuesAsSingletonSets
2024-11-12 13:42:09,006 INFO  EvoClassLoader - Instrumenting class 'org.apache.hadoop.thirdparty.com.google.common.collect.ImmutableMap$MapViewOfValuesAsSingletonSets'.
2024-11-12 13:42:09,006 INFO  MethodCallReplacementClassAdapter - Adding mock interface to class org/apache/hadoop/thirdparty/com/google/common/collect/ImmutableMap$MapViewOfValuesAsSingletonSets
2024-11-12 13:42:09,006 INFO  CreateClassResetClassAdapter - Creating brand-new static initializer in class org/apache/hadoop/thirdparty/com/google/common/collect/ImmutableMap$MapViewOfValuesAsSingletonSets
2024-11-12 13:42:09,006 INFO  EvoClassLoader - Keeping class: org.apache.hadoop.thirdparty.com.google.common.collect.ImmutableMap$MapViewOfValuesAsSingletonSets
2024-11-12 13:42:09,006 INFO  EvoClassLoader - Seeing class for first time: org.apache.hadoop.thirdparty.com.google.common.collect.ImmutableBiMap
2024-11-12 13:42:09,006 INFO  EvoClassLoader - Instrumenting class 'org.apache.hadoop.thirdparty.com.google.common.collect.ImmutableBiMap'.
2024-11-12 13:42:09,006 INFO  MethodCallReplacementClassAdapter - Adding mock interface to class org/apache/hadoop/thirdparty/com/google/common/collect/ImmutableBiMap
2024-11-12 13:42:09,007 INFO  CreateClassResetClassAdapter - Creating brand-new static initializer in class org/apache/hadoop/thirdparty/com/google/common/collect/ImmutableBiMap
2024-11-12 13:42:09,007 INFO  EvoClassLoader - Seeing class for first time: org.apache.hadoop.thirdparty.com.google.common.collect.BiMap
2024-11-12 13:42:09,007 INFO  EvoClassLoader - Instrumenting class 'org.apache.hadoop.thirdparty.com.google.common.collect.BiMap'.
2024-11-12 13:42:09,007 INFO  EvoClassLoader - Keeping class: org.apache.hadoop.thirdparty.com.google.common.collect.BiMap
2024-11-12 13:42:09,007 INFO  EvoClassLoader - Seeing class for first time: org.apache.hadoop.thirdparty.com.google.common.collect.ImmutableBiMapFauxverideShim
2024-11-12 13:42:09,007 INFO  EvoClassLoader - Instrumenting class 'org.apache.hadoop.thirdparty.com.google.common.collect.ImmutableBiMapFauxverideShim'.
2024-11-12 13:42:09,007 INFO  MethodCallReplacementClassAdapter - Adding mock interface to class org/apache/hadoop/thirdparty/com/google/common/collect/ImmutableBiMapFauxverideShim
2024-11-12 13:42:09,008 INFO  CreateClassResetClassAdapter - Creating brand-new static initializer in class org/apache/hadoop/thirdparty/com/google/common/collect/ImmutableBiMapFauxverideShim
2024-11-12 13:42:09,008 INFO  EvoClassLoader - Keeping class: org.apache.hadoop.thirdparty.com.google.common.collect.ImmutableBiMapFauxverideShim
2024-11-12 13:42:09,008 INFO  EvoClassLoader - Keeping class: org.apache.hadoop.thirdparty.com.google.common.collect.ImmutableBiMap
2024-11-12 13:42:09,008 INFO  EvoClassLoader - Seeing class for first time: org.apache.hadoop.thirdparty.com.google.common.collect.ImmutableSet
2024-11-12 13:42:09,008 INFO  EvoClassLoader - Instrumenting class 'org.apache.hadoop.thirdparty.com.google.common.collect.ImmutableSet'.
2024-11-12 13:42:09,008 INFO  MethodCallReplacementClassAdapter - Adding mock interface to class org/apache/hadoop/thirdparty/com/google/common/collect/ImmutableSet
2024-11-12 13:42:09,009 INFO  CreateClassResetClassAdapter - Creating brand-new static initializer in class org/apache/hadoop/thirdparty/com/google/common/collect/ImmutableSet
2024-11-12 13:42:09,009 INFO  CreateClassResetClassAdapter - Adding bytecode for initializing field SPLITERATOR_CHARACTERISTICS
2024-11-12 13:42:09,009 INFO  CreateClassResetClassAdapter - Adding bytecode for initializing field MAX_TABLE_SIZE
2024-11-12 13:42:09,009 INFO  CreateClassResetClassAdapter - Adding bytecode for initializing field DESIRED_LOAD_FACTOR
2024-11-12 13:42:09,009 INFO  CreateClassResetClassAdapter - Adding bytecode for initializing field CUTOFF
2024-11-12 13:42:09,009 INFO  CreateClassResetClassAdapter - Adding bytecode for initializing field HASH_FLOODING_FPP
2024-11-12 13:42:09,009 INFO  CreateClassResetClassAdapter - Adding bytecode for initializing field MAX_RUN_MULTIPLIER
2024-11-12 13:42:09,009 INFO  EvoClassLoader - Keeping class: org.apache.hadoop.thirdparty.com.google.common.collect.ImmutableSet
2024-11-12 13:42:09,009 INFO  EvoClassLoader - Seeing class for first time: org.apache.hadoop.thirdparty.com.google.common.collect.ImmutableMap$IteratorBasedImmutableMap$1EntrySetImpl
2024-11-12 13:42:09,009 INFO  EvoClassLoader - Instrumenting class 'org.apache.hadoop.thirdparty.com.google.common.collect.ImmutableMap$IteratorBasedImmutableMap$1EntrySetImpl'.
2024-11-12 13:42:09,009 INFO  MethodCallReplacementClassAdapter - Adding mock interface to class org/apache/hadoop/thirdparty/com/google/common/collect/ImmutableMap$IteratorBasedImmutableMap$1EntrySetImpl
2024-11-12 13:42:09,010 INFO  EvoClassLoader - Seeing class for first time: org.apache.hadoop.thirdparty.com.google.common.collect.ImmutableMapEntrySet
2024-11-12 13:42:09,010 INFO  EvoClassLoader - Instrumenting class 'org.apache.hadoop.thirdparty.com.google.common.collect.ImmutableMapEntrySet'.
2024-11-12 13:42:09,010 INFO  MethodCallReplacementClassAdapter - Adding mock interface to class org/apache/hadoop/thirdparty/com/google/common/collect/ImmutableMapEntrySet
2024-11-12 13:42:09,010 INFO  CreateClassResetClassAdapter - Creating brand-new static initializer in class org/apache/hadoop/thirdparty/com/google/common/collect/ImmutableMapEntrySet
2024-11-12 13:42:09,010 INFO  EvoClassLoader - Keeping class: org.apache.hadoop.thirdparty.com.google.common.collect.ImmutableMapEntrySet
2024-11-12 13:42:09,010 INFO  EvoClassLoader - Keeping class: org.apache.hadoop.thirdparty.com.google.common.collect.ImmutableMap$IteratorBasedImmutableMap$1EntrySetImpl
2024-11-12 13:42:09,010 INFO  EvoClassLoader - Seeing class for first time: org.apache.hadoop.thirdparty.com.google.common.collect.ImmutableMapKeySet
2024-11-12 13:42:09,010 INFO  EvoClassLoader - Instrumenting class 'org.apache.hadoop.thirdparty.com.google.common.collect.ImmutableMapKeySet'.
2024-11-12 13:42:09,010 INFO  MethodCallReplacementClassAdapter - Adding mock interface to class org/apache/hadoop/thirdparty/com/google/common/collect/ImmutableMapKeySet
2024-11-12 13:42:09,010 INFO  CreateClassResetClassAdapter - Creating brand-new static initializer in class org/apache/hadoop/thirdparty/com/google/common/collect/ImmutableMapKeySet
2024-11-12 13:42:09,010 INFO  EvoClassLoader - Seeing class for first time: org.apache.hadoop.thirdparty.com.google.common.collect.IndexedImmutableSet
2024-11-12 13:42:09,010 INFO  EvoClassLoader - Instrumenting class 'org.apache.hadoop.thirdparty.com.google.common.collect.IndexedImmutableSet'.
2024-11-12 13:42:09,011 INFO  MethodCallReplacementClassAdapter - Adding mock interface to class org/apache/hadoop/thirdparty/com/google/common/collect/IndexedImmutableSet
2024-11-12 13:42:09,011 INFO  CreateClassResetClassAdapter - Creating brand-new static initializer in class org/apache/hadoop/thirdparty/com/google/common/collect/IndexedImmutableSet
2024-11-12 13:42:09,011 INFO  EvoClassLoader - Keeping class: org.apache.hadoop.thirdparty.com.google.common.collect.IndexedImmutableSet
2024-11-12 13:42:09,011 INFO  EvoClassLoader - Keeping class: org.apache.hadoop.thirdparty.com.google.common.collect.ImmutableMapKeySet
2024-11-12 13:42:09,011 INFO  EvoClassLoader - Seeing class for first time: org.apache.hadoop.thirdparty.com.google.common.collect.ImmutableMapValues
2024-11-12 13:42:09,011 INFO  EvoClassLoader - Instrumenting class 'org.apache.hadoop.thirdparty.com.google.common.collect.ImmutableMapValues'.
2024-11-12 13:42:09,011 INFO  MethodCallReplacementClassAdapter - Adding mock interface to class org/apache/hadoop/thirdparty/com/google/common/collect/ImmutableMapValues
2024-11-12 13:42:09,011 INFO  CreateClassResetClassAdapter - Creating brand-new static initializer in class org/apache/hadoop/thirdparty/com/google/common/collect/ImmutableMapValues
2024-11-12 13:42:09,011 INFO  EvoClassLoader - Keeping class: org.apache.hadoop.thirdparty.com.google.common.collect.ImmutableMapValues
2024-11-12 13:42:09,012 INFO  EvoClassLoader - Seeing class for first time: org.apache.hadoop.classification.InterfaceStability$Evolving
2024-11-12 13:42:09,012 INFO  EvoClassLoader - Instrumenting class 'org.apache.hadoop.classification.InterfaceStability$Evolving'.
2024-11-12 13:42:09,012 INFO  EvoClassLoader - Keeping class: org.apache.hadoop.classification.InterfaceStability$Evolving
2024-11-12 13:42:09,012 INFO  EvoClassLoader - Seeing class for first time: org.apache.hadoop.metrics2.lib.Interns$Tags$1
2024-11-12 13:42:09,012 INFO  EvoClassLoader - Instrumenting class 'org.apache.hadoop.metrics2.lib.Interns$Tags$1'.
2024-11-12 13:42:09,012 INFO  MethodCallReplacementClassAdapter - Adding mock interface to class org/apache/hadoop/metrics2/lib/Interns$Tags$1
2024-11-12 13:42:09,012 INFO  EvoClassLoader - Keeping class: org.apache.hadoop.metrics2.lib.Interns$Tags$1
2024-11-12 13:42:09,012 INFO  EvoClassLoader - Seeing class for first time: org.apache.hadoop.thirdparty.com.google.common.collect.Lists
2024-11-12 13:42:09,012 INFO  EvoClassLoader - Instrumenting class 'org.apache.hadoop.thirdparty.com.google.common.collect.Lists'.
2024-11-12 13:42:09,013 INFO  MethodCallReplacementClassAdapter - Adding mock interface to class org/apache/hadoop/thirdparty/com/google/common/collect/Lists
2024-11-12 13:42:09,015 INFO  CreateClassResetClassAdapter - Creating brand-new static initializer in class org/apache/hadoop/thirdparty/com/google/common/collect/Lists
2024-11-12 13:42:09,015 INFO  EvoClassLoader - Keeping class: org.apache.hadoop.thirdparty.com.google.common.collect.Lists
2024-11-12 13:42:09,015 INFO  EvoClassLoader - Seeing class for first time: org.apache.hadoop.thirdparty.com.google.common.collect.Lists$TransformingRandomAccessList
2024-11-12 13:42:09,015 INFO  EvoClassLoader - Instrumenting class 'org.apache.hadoop.thirdparty.com.google.common.collect.Lists$TransformingRandomAccessList'.
2024-11-12 13:42:09,015 INFO  MethodCallReplacementClassAdapter - Adding mock interface to class org/apache/hadoop/thirdparty/com/google/common/collect/Lists$TransformingRandomAccessList
2024-11-12 13:42:09,015 INFO  CreateClassResetClassAdapter - Creating brand-new static initializer in class org/apache/hadoop/thirdparty/com/google/common/collect/Lists$TransformingRandomAccessList
2024-11-12 13:42:09,016 INFO  EvoClassLoader - Keeping class: org.apache.hadoop.thirdparty.com.google.common.collect.Lists$TransformingRandomAccessList
2024-11-12 13:42:09,016 INFO  EvoClassLoader - Seeing class for first time: org.apache.hadoop.thirdparty.com.google.common.collect.Lists$AbstractListWrapper
2024-11-12 13:42:09,016 INFO  EvoClassLoader - Instrumenting class 'org.apache.hadoop.thirdparty.com.google.common.collect.Lists$AbstractListWrapper'.
2024-11-12 13:42:09,016 INFO  MethodCallReplacementClassAdapter - Adding mock interface to class org/apache/hadoop/thirdparty/com/google/common/collect/Lists$AbstractListWrapper
2024-11-12 13:42:09,016 INFO  CreateClassResetClassAdapter - Creating brand-new static initializer in class org/apache/hadoop/thirdparty/com/google/common/collect/Lists$AbstractListWrapper
2024-11-12 13:42:09,017 INFO  EvoClassLoader - Keeping class: org.apache.hadoop.thirdparty.com.google.common.collect.Lists$AbstractListWrapper
2024-11-12 13:42:09,017 INFO  EvoClassLoader - Seeing class for first time: org.apache.hadoop.thirdparty.com.google.common.collect.Lists$1
2024-11-12 13:42:09,017 INFO  EvoClassLoader - Instrumenting class 'org.apache.hadoop.thirdparty.com.google.common.collect.Lists$1'.
2024-11-12 13:42:09,017 INFO  MethodCallReplacementClassAdapter - Adding mock interface to class org/apache/hadoop/thirdparty/com/google/common/collect/Lists$1
2024-11-12 13:42:09,017 INFO  EvoClassLoader - Seeing class for first time: org.apache.hadoop.thirdparty.com.google.common.collect.Lists$RandomAccessListWrapper
2024-11-12 13:42:09,017 INFO  EvoClassLoader - Instrumenting class 'org.apache.hadoop.thirdparty.com.google.common.collect.Lists$RandomAccessListWrapper'.
2024-11-12 13:42:09,017 INFO  MethodCallReplacementClassAdapter - Adding mock interface to class org/apache/hadoop/thirdparty/com/google/common/collect/Lists$RandomAccessListWrapper
2024-11-12 13:42:09,017 INFO  CreateClassResetClassAdapter - Creating brand-new static initializer in class org/apache/hadoop/thirdparty/com/google/common/collect/Lists$RandomAccessListWrapper
2024-11-12 13:42:09,017 INFO  EvoClassLoader - Keeping class: org.apache.hadoop.thirdparty.com.google.common.collect.Lists$RandomAccessListWrapper
2024-11-12 13:42:09,017 INFO  EvoClassLoader - Keeping class: org.apache.hadoop.thirdparty.com.google.common.collect.Lists$1
2024-11-12 13:42:09,017 INFO  EvoClassLoader - Seeing class for first time: org.apache.hadoop.thirdparty.com.google.common.collect.Lists$2
2024-11-12 13:42:09,017 INFO  EvoClassLoader - Instrumenting class 'org.apache.hadoop.thirdparty.com.google.common.collect.Lists$2'.
2024-11-12 13:42:09,017 INFO  MethodCallReplacementClassAdapter - Adding mock interface to class org/apache/hadoop/thirdparty/com/google/common/collect/Lists$2
2024-11-12 13:42:09,018 INFO  EvoClassLoader - Keeping class: org.apache.hadoop.thirdparty.com.google.common.collect.Lists$2
2024-11-12 13:42:09,018 INFO  EvoClassLoader - Seeing class for first time: org.apache.hadoop.thirdparty.com.google.common.cache.LocalCache$LoadingValueReference
2024-11-12 13:42:09,018 INFO  EvoClassLoader - Instrumenting class 'org.apache.hadoop.thirdparty.com.google.common.cache.LocalCache$LoadingValueReference'.
2024-11-12 13:42:09,018 INFO  MethodCallReplacementClassAdapter - Adding mock interface to class org/apache/hadoop/thirdparty/com/google/common/cache/LocalCache$LoadingValueReference
2024-11-12 13:42:09,020 INFO  CreateClassResetClassAdapter - Creating brand-new static initializer in class org/apache/hadoop/thirdparty/com/google/common/cache/LocalCache$LoadingValueReference
2024-11-12 13:42:09,020 INFO  EvoClassLoader - Keeping class: org.apache.hadoop.thirdparty.com.google.common.cache.LocalCache$LoadingValueReference
2024-11-12 13:42:09,020 INFO  EvoClassLoader - Seeing class for first time: org.apache.hadoop.thirdparty.com.google.common.util.concurrent.ListenableFuture
2024-11-12 13:42:09,020 INFO  EvoClassLoader - Instrumenting class 'org.apache.hadoop.thirdparty.com.google.common.util.concurrent.ListenableFuture'.
2024-11-12 13:42:09,020 INFO  EvoClassLoader - Keeping class: org.apache.hadoop.thirdparty.com.google.common.util.concurrent.ListenableFuture
2024-11-12 13:42:09,021 INFO  EvoClassLoader - Seeing class for first time: org.apache.hadoop.security.token.TokenIdentifier
2024-11-12 13:42:09,021 INFO  EvoClassLoader - Instrumenting class 'org.apache.hadoop.security.token.TokenIdentifier'.
2024-11-12 13:42:09,021 INFO  MethodCallReplacementClassAdapter - Adding mock interface to class org/apache/hadoop/security/token/TokenIdentifier
2024-11-12 13:42:09,021 INFO  CreateClassResetClassAdapter - Creating brand-new static initializer in class org/apache/hadoop/security/token/TokenIdentifier
2024-11-12 13:42:09,021 INFO  EvoClassLoader - Keeping class: org.apache.hadoop.security.token.TokenIdentifier
2024-11-12 13:42:09,022 INFO  EvoClassLoader - Seeing class for first time: org.apache.hadoop.metrics2.lib.Interns$CacheWith2Keys$2
2024-11-12 13:42:09,022 INFO  EvoClassLoader - Instrumenting class 'org.apache.hadoop.metrics2.lib.Interns$CacheWith2Keys$2'.
2024-11-12 13:42:09,022 INFO  MethodCallReplacementClassAdapter - Adding mock interface to class org/apache/hadoop/metrics2/lib/Interns$CacheWith2Keys$2
2024-11-12 13:42:09,022 INFO  EvoClassLoader - Keeping class: org.apache.hadoop.metrics2.lib.Interns$CacheWith2Keys$2
2024-11-12 13:42:09,022 INFO  EvoClassLoader - Seeing class for first time: org.apache.hadoop.security.UserGroupInformation$KeytabRenewalRunnable
2024-11-12 13:42:09,022 INFO  EvoClassLoader - Instrumenting class 'org.apache.hadoop.security.UserGroupInformation$KeytabRenewalRunnable'.
2024-11-12 13:42:09,022 INFO  MethodCallReplacementClassAdapter - Adding mock interface to class org/apache/hadoop/security/UserGroupInformation$KeytabRenewalRunnable
2024-11-12 13:42:09,022 INFO  CreateClassResetClassAdapter - Creating brand-new static initializer in class org/apache/hadoop/security/UserGroupInformation$KeytabRenewalRunnable
2024-11-12 13:42:09,022 INFO  EvoClassLoader - Keeping class: org.apache.hadoop.security.UserGroupInformation$KeytabRenewalRunnable
2024-11-12 13:42:09,022 INFO  EvoClassLoader - Seeing class for first time: org.apache.hadoop.conf.Configuration$IntegerRanges
2024-11-12 13:42:09,023 INFO  EvoClassLoader - Instrumenting class 'org.apache.hadoop.conf.Configuration$IntegerRanges'.
2024-11-12 13:42:09,023 INFO  MethodCallReplacementClassAdapter - Adding mock interface to class org/apache/hadoop/conf/Configuration$IntegerRanges
2024-11-12 13:42:09,023 INFO  CreateClassResetClassAdapter - Creating brand-new static initializer in class org/apache/hadoop/conf/Configuration$IntegerRanges
2024-11-12 13:42:09,023 INFO  EvoClassLoader - Keeping class: org.apache.hadoop.conf.Configuration$IntegerRanges
2024-11-12 13:42:09,024 INFO  EvoClassLoader - Seeing class for first time: org.apache.hadoop.thirdparty.com.google.common.cache.CacheBuilder
2024-11-12 13:42:09,024 INFO  EvoClassLoader - Instrumenting class 'org.apache.hadoop.thirdparty.com.google.common.cache.CacheBuilder'.
2024-11-12 13:42:09,024 INFO  MethodCallReplacementClassAdapter - Adding mock interface to class org/apache/hadoop/thirdparty/com/google/common/cache/CacheBuilder
2024-11-12 13:42:09,025 INFO  CreateClassResetClassAdapter - Found static initializer in class org/apache/hadoop/thirdparty/com/google/common/cache/CacheBuilder
2024-11-12 13:42:09,025 INFO  EvoClassLoader - Keeping class: org.apache.hadoop.thirdparty.com.google.common.cache.CacheBuilder
2024-11-12 13:42:09,026 INFO  EvoClassLoader - Seeing class for first time: org.apache.hadoop.thirdparty.com.google.common.base.Supplier
2024-11-12 13:42:09,026 INFO  EvoClassLoader - Instrumenting class 'org.apache.hadoop.thirdparty.com.google.common.base.Supplier'.
2024-11-12 13:42:09,026 INFO  EvoClassLoader - Keeping class: org.apache.hadoop.thirdparty.com.google.common.base.Supplier
2024-11-12 13:42:09,026 INFO  EvoClassLoader - Seeing class for first time: org.apache.hadoop.thirdparty.com.google.common.cache.CacheBuilder$3
2024-11-12 13:42:09,026 INFO  EvoClassLoader - Instrumenting class 'org.apache.hadoop.thirdparty.com.google.common.cache.CacheBuilder$3'.
2024-11-12 13:42:09,026 INFO  MethodCallReplacementClassAdapter - Adding mock interface to class org/apache/hadoop/thirdparty/com/google/common/cache/CacheBuilder$3
2024-11-12 13:42:09,027 INFO  EvoClassLoader - Keeping class: org.apache.hadoop.thirdparty.com.google.common.cache.CacheBuilder$3
2024-11-12 13:42:09,027 INFO  EvoClassLoader - Seeing class for first time: org.apache.hadoop.thirdparty.com.google.common.cache.CacheBuilder$1
2024-11-12 13:42:09,027 INFO  EvoClassLoader - Instrumenting class 'org.apache.hadoop.thirdparty.com.google.common.cache.CacheBuilder$1'.
2024-11-12 13:42:09,027 INFO  MethodCallReplacementClassAdapter - Adding mock interface to class org/apache/hadoop/thirdparty/com/google/common/cache/CacheBuilder$1
2024-11-12 13:42:09,027 INFO  EvoClassLoader - Seeing class for first time: org.apache.hadoop.thirdparty.com.google.common.cache.AbstractCache$StatsCounter
2024-11-12 13:42:09,027 INFO  EvoClassLoader - Instrumenting class 'org.apache.hadoop.thirdparty.com.google.common.cache.AbstractCache$StatsCounter'.
2024-11-12 13:42:09,028 INFO  EvoClassLoader - Keeping class: org.apache.hadoop.thirdparty.com.google.common.cache.AbstractCache$StatsCounter
2024-11-12 13:42:09,028 INFO  EvoClassLoader - Keeping class: org.apache.hadoop.thirdparty.com.google.common.cache.CacheBuilder$1
2024-11-12 13:42:09,028 INFO  EvoClassLoader - Seeing class for first time: org.apache.hadoop.thirdparty.com.google.common.base.Suppliers
2024-11-12 13:42:09,028 INFO  EvoClassLoader - Instrumenting class 'org.apache.hadoop.thirdparty.com.google.common.base.Suppliers'.
2024-11-12 13:42:09,028 INFO  MethodCallReplacementClassAdapter - Adding mock interface to class org/apache/hadoop/thirdparty/com/google/common/base/Suppliers
2024-11-12 13:42:09,029 INFO  CreateClassResetClassAdapter - Creating brand-new static initializer in class org/apache/hadoop/thirdparty/com/google/common/base/Suppliers
2024-11-12 13:42:09,029 INFO  EvoClassLoader - Keeping class: org.apache.hadoop.thirdparty.com.google.common.base.Suppliers
2024-11-12 13:42:09,029 INFO  EvoClassLoader - Seeing class for first time: org.apache.hadoop.thirdparty.com.google.common.base.Suppliers$SupplierOfInstance
2024-11-12 13:42:09,029 INFO  EvoClassLoader - Instrumenting class 'org.apache.hadoop.thirdparty.com.google.common.base.Suppliers$SupplierOfInstance'.
2024-11-12 13:42:09,030 INFO  MethodCallReplacementClassAdapter - Adding mock interface to class org/apache/hadoop/thirdparty/com/google/common/base/Suppliers$SupplierOfInstance
2024-11-12 13:42:09,030 INFO  CreateClassResetClassAdapter - Creating brand-new static initializer in class org/apache/hadoop/thirdparty/com/google/common/base/Suppliers$SupplierOfInstance
2024-11-12 13:42:09,030 INFO  EvoClassLoader - Keeping class: org.apache.hadoop.thirdparty.com.google.common.base.Suppliers$SupplierOfInstance
2024-11-12 13:42:09,030 INFO  EvoClassLoader - Seeing class for first time: org.apache.hadoop.thirdparty.com.google.common.cache.CacheStats
2024-11-12 13:42:09,030 INFO  EvoClassLoader - Instrumenting class 'org.apache.hadoop.thirdparty.com.google.common.cache.CacheStats'.
2024-11-12 13:42:09,031 INFO  MethodCallReplacementClassAdapter - Adding mock interface to class org/apache/hadoop/thirdparty/com/google/common/cache/CacheStats
2024-11-12 13:42:09,031 INFO  CreateClassResetClassAdapter - Creating brand-new static initializer in class org/apache/hadoop/thirdparty/com/google/common/cache/CacheStats
2024-11-12 13:42:09,031 INFO  EvoClassLoader - Keeping class: org.apache.hadoop.thirdparty.com.google.common.cache.CacheStats
2024-11-12 13:42:09,031 INFO  EvoClassLoader - Seeing class for first time: org.apache.hadoop.thirdparty.com.google.common.cache.CacheBuilder$2
2024-11-12 13:42:09,031 INFO  EvoClassLoader - Instrumenting class 'org.apache.hadoop.thirdparty.com.google.common.cache.CacheBuilder$2'.
2024-11-12 13:42:09,032 INFO  MethodCallReplacementClassAdapter - Adding mock interface to class org/apache/hadoop/thirdparty/com/google/common/cache/CacheBuilder$2
2024-11-12 13:42:09,032 INFO  EvoClassLoader - Keeping class: org.apache.hadoop.thirdparty.com.google.common.cache.CacheBuilder$2
2024-11-12 13:42:09,032 INFO  EvoClassLoader - Seeing class for first time: org.apache.commons.cli.MissingOptionException
2024-11-12 13:42:09,032 INFO  EvoClassLoader - Instrumenting class 'org.apache.commons.cli.MissingOptionException'.
2024-11-12 13:42:09,032 INFO  MethodCallReplacementClassAdapter - Adding mock interface to class org/apache/commons/cli/MissingOptionException
2024-11-12 13:42:09,032 INFO  CreateClassResetClassAdapter - Creating brand-new static initializer in class org/apache/commons/cli/MissingOptionException
2024-11-12 13:42:09,033 INFO  EvoClassLoader - Keeping class: org.apache.commons.cli.MissingOptionException
2024-11-12 13:42:09,033 INFO  EvoClassLoader - Seeing class for first time: org.apache.hadoop.net.NetUtils
2024-11-12 13:42:09,033 INFO  EvoClassLoader - Instrumenting class 'org.apache.hadoop.net.NetUtils'.
2024-11-12 13:42:09,033 INFO  MethodCallReplacementClassAdapter - Adding mock interface to class org/apache/hadoop/net/NetUtils
2024-11-12 13:42:09,038 INFO  CreateClassResetClassAdapter - Found static initializer in class org/apache/hadoop/net/NetUtils
2024-11-12 13:42:09,039 INFO  EvoClassLoader - Keeping class: org.apache.hadoop.net.NetUtils
2024-11-12 13:42:09,039 INFO  EvoClassLoader - Seeing class for first time: org.apache.hadoop.net.SocketOutputStream
2024-11-12 13:42:09,039 INFO  EvoClassLoader - Instrumenting class 'org.apache.hadoop.net.SocketOutputStream'.
2024-11-12 13:42:09,039 INFO  MethodCallReplacementClassAdapter - Adding mock interface to class org/apache/hadoop/net/SocketOutputStream
2024-11-12 13:42:09,040 INFO  CreateClassResetClassAdapter - Creating brand-new static initializer in class org/apache/hadoop/net/SocketOutputStream
2024-11-12 13:42:09,040 INFO  EvoClassLoader - Keeping class: org.apache.hadoop.net.SocketOutputStream
2024-11-12 13:42:09,041 INFO  EvoClassLoader - Seeing class for first time: org.apache.hadoop.net.ConnectTimeoutException
2024-11-12 13:42:09,041 INFO  EvoClassLoader - Instrumenting class 'org.apache.hadoop.net.ConnectTimeoutException'.
2024-11-12 13:42:09,041 INFO  MethodCallReplacementClassAdapter - Adding mock interface to class org/apache/hadoop/net/ConnectTimeoutException
2024-11-12 13:42:09,041 INFO  CreateClassResetClassAdapter - Creating brand-new static initializer in class org/apache/hadoop/net/ConnectTimeoutException
2024-11-12 13:42:09,041 INFO  EvoClassLoader - Keeping class: org.apache.hadoop.net.ConnectTimeoutException
2024-11-12 13:42:09,041 INFO  EvoClassLoader - Seeing class for first time: org.apache.hadoop.thirdparty.com.google.common.cache.LocalCache$LocalManualCache
2024-11-12 13:42:09,041 INFO  EvoClassLoader - Instrumenting class 'org.apache.hadoop.thirdparty.com.google.common.cache.LocalCache$LocalManualCache'.
2024-11-12 13:42:09,041 INFO  MethodCallReplacementClassAdapter - Adding mock interface to class org/apache/hadoop/thirdparty/com/google/common/cache/LocalCache$LocalManualCache
2024-11-12 13:42:09,042 INFO  CreateClassResetClassAdapter - Creating brand-new static initializer in class org/apache/hadoop/thirdparty/com/google/common/cache/LocalCache$LocalManualCache
2024-11-12 13:42:09,042 INFO  EvoClassLoader - Keeping class: org.apache.hadoop.thirdparty.com.google.common.cache.LocalCache$LocalManualCache
2024-11-12 13:42:09,042 INFO  EvoClassLoader - Seeing class for first time: org.apache.hadoop.thirdparty.com.google.common.cache.LocalCache$LocalManualCache$1
2024-11-12 13:42:09,042 INFO  EvoClassLoader - Instrumenting class 'org.apache.hadoop.thirdparty.com.google.common.cache.LocalCache$LocalManualCache$1'.
2024-11-12 13:42:09,042 INFO  MethodCallReplacementClassAdapter - Adding mock interface to class org/apache/hadoop/thirdparty/com/google/common/cache/LocalCache$LocalManualCache$1
2024-11-12 13:42:09,042 INFO  EvoClassLoader - Keeping class: org.apache.hadoop.thirdparty.com.google.common.cache.LocalCache$LocalManualCache$1
2024-11-12 13:42:09,042 INFO  EvoClassLoader - Seeing class for first time: org.apache.hadoop.thirdparty.com.google.common.cache.LocalCache
2024-11-12 13:42:09,042 INFO  EvoClassLoader - Instrumenting class 'org.apache.hadoop.thirdparty.com.google.common.cache.LocalCache'.
2024-11-12 13:42:09,043 INFO  MethodCallReplacementClassAdapter - Adding mock interface to class org/apache/hadoop/thirdparty/com/google/common/cache/LocalCache
2024-11-12 13:42:09,045 INFO  CreateClassResetClassAdapter - Found static initializer in class org/apache/hadoop/thirdparty/com/google/common/cache/LocalCache
2024-11-12 13:42:09,046 INFO  EvoClassLoader - Keeping class: org.apache.hadoop.thirdparty.com.google.common.cache.LocalCache
2024-11-12 13:42:09,046 INFO  EvoClassLoader - Seeing class for first time: org.apache.hadoop.thirdparty.com.google.common.cache.CacheLoader$InvalidCacheLoadException
2024-11-12 13:42:09,046 INFO  EvoClassLoader - Instrumenting class 'org.apache.hadoop.thirdparty.com.google.common.cache.CacheLoader$InvalidCacheLoadException'.
2024-11-12 13:42:09,046 INFO  MethodCallReplacementClassAdapter - Adding mock interface to class org/apache/hadoop/thirdparty/com/google/common/cache/CacheLoader$InvalidCacheLoadException
2024-11-12 13:42:09,046 INFO  CreateClassResetClassAdapter - Creating brand-new static initializer in class org/apache/hadoop/thirdparty/com/google/common/cache/CacheLoader$InvalidCacheLoadException
2024-11-12 13:42:09,046 INFO  EvoClassLoader - Keeping class: org.apache.hadoop.thirdparty.com.google.common.cache.CacheLoader$InvalidCacheLoadException
2024-11-12 13:42:09,046 INFO  EvoClassLoader - Seeing class for first time: org.apache.hadoop.thirdparty.com.google.common.util.concurrent.UncheckedExecutionException
2024-11-12 13:42:09,046 INFO  EvoClassLoader - Instrumenting class 'org.apache.hadoop.thirdparty.com.google.common.util.concurrent.UncheckedExecutionException'.
2024-11-12 13:42:09,046 INFO  MethodCallReplacementClassAdapter - Adding mock interface to class org/apache/hadoop/thirdparty/com/google/common/util/concurrent/UncheckedExecutionException
2024-11-12 13:42:09,046 INFO  CreateClassResetClassAdapter - Creating brand-new static initializer in class org/apache/hadoop/thirdparty/com/google/common/util/concurrent/UncheckedExecutionException
2024-11-12 13:42:09,046 INFO  EvoClassLoader - Keeping class: org.apache.hadoop.thirdparty.com.google.common.util.concurrent.UncheckedExecutionException
2024-11-12 13:42:09,046 INFO  EvoClassLoader - Seeing class for first time: org.apache.hadoop.thirdparty.com.google.common.util.concurrent.ExecutionError
2024-11-12 13:42:09,046 INFO  EvoClassLoader - Instrumenting class 'org.apache.hadoop.thirdparty.com.google.common.util.concurrent.ExecutionError'.
2024-11-12 13:42:09,047 INFO  MethodCallReplacementClassAdapter - Adding mock interface to class org/apache/hadoop/thirdparty/com/google/common/util/concurrent/ExecutionError
2024-11-12 13:42:09,047 INFO  CreateClassResetClassAdapter - Creating brand-new static initializer in class org/apache/hadoop/thirdparty/com/google/common/util/concurrent/ExecutionError
2024-11-12 13:42:09,047 INFO  EvoClassLoader - Keeping class: org.apache.hadoop.thirdparty.com.google.common.util.concurrent.ExecutionError
2024-11-12 13:42:09,047 INFO  EvoClassLoader - Seeing class for first time: org.apache.hadoop.thirdparty.com.google.common.cache.LocalCache$1
2024-11-12 13:42:09,047 INFO  EvoClassLoader - Instrumenting class 'org.apache.hadoop.thirdparty.com.google.common.cache.LocalCache$1'.
2024-11-12 13:42:09,048 INFO  MethodCallReplacementClassAdapter - Adding mock interface to class org/apache/hadoop/thirdparty/com/google/common/cache/LocalCache$1
2024-11-12 13:42:09,048 INFO  EvoClassLoader - Keeping class: org.apache.hadoop.thirdparty.com.google.common.cache.LocalCache$1
2024-11-12 13:42:09,048 INFO  EvoClassLoader - Seeing class for first time: org.apache.hadoop.thirdparty.com.google.common.cache.LocalCache$2
2024-11-12 13:42:09,048 INFO  EvoClassLoader - Instrumenting class 'org.apache.hadoop.thirdparty.com.google.common.cache.LocalCache$2'.
2024-11-12 13:42:09,048 INFO  MethodCallReplacementClassAdapter - Adding mock interface to class org/apache/hadoop/thirdparty/com/google/common/cache/LocalCache$2
2024-11-12 13:42:09,048 INFO  EvoClassLoader - Keeping class: org.apache.hadoop.thirdparty.com.google.common.cache.LocalCache$2
2024-11-12 13:42:09,048 INFO  EvoClassLoader - Seeing class for first time: org.apache.hadoop.thirdparty.com.google.common.cache.CacheBuilder$NullListener
2024-11-12 13:42:09,048 INFO  EvoClassLoader - Instrumenting class 'org.apache.hadoop.thirdparty.com.google.common.cache.CacheBuilder$NullListener'.
2024-11-12 13:42:09,049 INFO  MethodCallReplacementClassAdapter - Adding mock interface to class org/apache/hadoop/thirdparty/com/google/common/cache/CacheBuilder$NullListener
2024-11-12 13:42:09,049 INFO  CreateClassResetClassAdapter - Found static initializer in class org/apache/hadoop/thirdparty/com/google/common/cache/CacheBuilder$NullListener
2024-11-12 13:42:09,049 INFO  EvoClassLoader - Keeping class: org.apache.hadoop.thirdparty.com.google.common.cache.CacheBuilder$NullListener
2024-11-12 13:42:09,049 INFO  EvoClassLoader - Seeing class for first time: org.apache.hadoop.thirdparty.com.google.common.cache.LocalCache$Segment
2024-11-12 13:42:09,049 INFO  EvoClassLoader - Instrumenting class 'org.apache.hadoop.thirdparty.com.google.common.cache.LocalCache$Segment'.
2024-11-12 13:42:09,050 INFO  MethodCallReplacementClassAdapter - Adding mock interface to class org/apache/hadoop/thirdparty/com/google/common/cache/LocalCache$Segment
2024-11-12 13:42:09,051 INFO  CreateClassResetClassAdapter - Creating brand-new static initializer in class org/apache/hadoop/thirdparty/com/google/common/cache/LocalCache$Segment
2024-11-12 13:42:09,052 INFO  EvoClassLoader - Keeping class: org.apache.hadoop.thirdparty.com.google.common.cache.LocalCache$Segment
2024-11-12 13:42:09,053 INFO  EvoClassLoader - Seeing class for first time: org.apache.hadoop.thirdparty.com.google.common.cache.LocalCache$ComputingValueReference
2024-11-12 13:42:09,053 INFO  EvoClassLoader - Instrumenting class 'org.apache.hadoop.thirdparty.com.google.common.cache.LocalCache$ComputingValueReference'.
2024-11-12 13:42:09,053 INFO  MethodCallReplacementClassAdapter - Adding mock interface to class org/apache/hadoop/thirdparty/com/google/common/cache/LocalCache$ComputingValueReference
2024-11-12 13:42:09,053 INFO  CreateClassResetClassAdapter - Creating brand-new static initializer in class org/apache/hadoop/thirdparty/com/google/common/cache/LocalCache$ComputingValueReference
2024-11-12 13:42:09,053 INFO  EvoClassLoader - Keeping class: org.apache.hadoop.thirdparty.com.google.common.cache.LocalCache$ComputingValueReference
2024-11-12 13:42:09,054 INFO  EvoClassLoader - Seeing class for first time: org.apache.hadoop.thirdparty.com.google.common.cache.LocalCache$WriteQueue
2024-11-12 13:42:09,054 INFO  EvoClassLoader - Instrumenting class 'org.apache.hadoop.thirdparty.com.google.common.cache.LocalCache$WriteQueue'.
2024-11-12 13:42:09,054 INFO  MethodCallReplacementClassAdapter - Adding mock interface to class org/apache/hadoop/thirdparty/com/google/common/cache/LocalCache$WriteQueue
2024-11-12 13:42:09,054 INFO  CreateClassResetClassAdapter - Creating brand-new static initializer in class org/apache/hadoop/thirdparty/com/google/common/cache/LocalCache$WriteQueue
2024-11-12 13:42:09,054 INFO  EvoClassLoader - Keeping class: org.apache.hadoop.thirdparty.com.google.common.cache.LocalCache$WriteQueue
2024-11-12 13:42:09,054 INFO  EvoClassLoader - Seeing class for first time: org.apache.hadoop.thirdparty.com.google.common.cache.LocalCache$WriteQueue$1
2024-11-12 13:42:09,054 INFO  EvoClassLoader - Instrumenting class 'org.apache.hadoop.thirdparty.com.google.common.cache.LocalCache$WriteQueue$1'.
2024-11-12 13:42:09,054 INFO  MethodCallReplacementClassAdapter - Adding mock interface to class org/apache/hadoop/thirdparty/com/google/common/cache/LocalCache$WriteQueue$1
2024-11-12 13:42:09,055 INFO  EvoClassLoader - Seeing class for first time: org.apache.hadoop.thirdparty.com.google.common.cache.LocalCache$AbstractReferenceEntry
2024-11-12 13:42:09,055 INFO  EvoClassLoader - Instrumenting class 'org.apache.hadoop.thirdparty.com.google.common.cache.LocalCache$AbstractReferenceEntry'.
2024-11-12 13:42:09,055 INFO  MethodCallReplacementClassAdapter - Adding mock interface to class org/apache/hadoop/thirdparty/com/google/common/cache/LocalCache$AbstractReferenceEntry
2024-11-12 13:42:09,055 INFO  CreateClassResetClassAdapter - Creating brand-new static initializer in class org/apache/hadoop/thirdparty/com/google/common/cache/LocalCache$AbstractReferenceEntry
2024-11-12 13:42:09,055 INFO  EvoClassLoader - Keeping class: org.apache.hadoop.thirdparty.com.google.common.cache.LocalCache$AbstractReferenceEntry
2024-11-12 13:42:09,055 INFO  EvoClassLoader - Keeping class: org.apache.hadoop.thirdparty.com.google.common.cache.LocalCache$WriteQueue$1
2024-11-12 13:42:09,055 INFO  EvoClassLoader - Seeing class for first time: org.apache.hadoop.thirdparty.com.google.common.cache.LocalCache$AccessQueue$1
2024-11-12 13:42:09,055 INFO  EvoClassLoader - Instrumenting class 'org.apache.hadoop.thirdparty.com.google.common.cache.LocalCache$AccessQueue$1'.
2024-11-12 13:42:09,055 INFO  MethodCallReplacementClassAdapter - Adding mock interface to class org/apache/hadoop/thirdparty/com/google/common/cache/LocalCache$AccessQueue$1
2024-11-12 13:42:09,056 INFO  EvoClassLoader - Keeping class: org.apache.hadoop.thirdparty.com.google.common.cache.LocalCache$AccessQueue$1
2024-11-12 13:42:09,056 INFO  EvoClassLoader - Seeing class for first time: org.apache.hadoop.tools.TableListing
2024-11-12 13:42:09,056 INFO  EvoClassLoader - Instrumenting class 'org.apache.hadoop.tools.TableListing'.
2024-11-12 13:42:09,056 INFO  MethodCallReplacementClassAdapter - Adding mock interface to class org/apache/hadoop/tools/TableListing
2024-11-12 13:42:09,057 INFO  CreateClassResetClassAdapter - Creating brand-new static initializer in class org/apache/hadoop/tools/TableListing
2024-11-12 13:42:09,057 INFO  EvoClassLoader - Defined package (3): package org.apache.hadoop.tools, -1146752664
2024-11-12 13:42:09,057 INFO  EvoClassLoader - Keeping class: org.apache.hadoop.tools.TableListing
2024-11-12 13:42:09,057 INFO  EvoClassLoader - Seeing class for first time: org.apache.hadoop.metrics2.lib.MutableRatesWithAggregation
2024-11-12 13:42:09,057 INFO  EvoClassLoader - Instrumenting class 'org.apache.hadoop.metrics2.lib.MutableRatesWithAggregation'.
2024-11-12 13:42:09,057 INFO  MethodCallReplacementClassAdapter - Adding mock interface to class org/apache/hadoop/metrics2/lib/MutableRatesWithAggregation
2024-11-12 13:42:09,058 INFO  CreateClassResetClassAdapter - Found static initializer in class org/apache/hadoop/metrics2/lib/MutableRatesWithAggregation
2024-11-12 13:42:09,058 INFO  EvoClassLoader - Keeping class: org.apache.hadoop.metrics2.lib.MutableRatesWithAggregation
2024-11-12 13:42:09,058 INFO  EvoClassLoader - Seeing class for first time: org.apache.hadoop.metrics2.annotation.Metric
2024-11-12 13:42:09,058 INFO  EvoClassLoader - Instrumenting class 'org.apache.hadoop.metrics2.annotation.Metric'.
2024-11-12 13:42:09,058 INFO  EvoClassLoader - Defined package (3): package org.apache.hadoop.metrics2.annotation, 1989769083
2024-11-12 13:42:09,058 INFO  EvoClassLoader - Keeping class: org.apache.hadoop.metrics2.annotation.Metric
2024-11-12 13:42:09,059 INFO  EvoClassLoader - Seeing class for first time: org.apache.hadoop.hdfs.protocol.DatanodeID
2024-11-12 13:42:09,059 INFO  EvoClassLoader - Instrumenting class 'org.apache.hadoop.hdfs.protocol.DatanodeID'.
2024-11-12 13:42:09,059 INFO  MethodCallReplacementClassAdapter - Adding mock interface to class org/apache/hadoop/hdfs/protocol/DatanodeID
2024-11-12 13:42:09,059 INFO  CreateClassResetClassAdapter - Found static initializer in class org/apache/hadoop/hdfs/protocol/DatanodeID
2024-11-12 13:42:09,060 INFO  EvoClassLoader - Keeping class: org.apache.hadoop.hdfs.protocol.DatanodeID
2024-11-12 13:42:09,060 INFO  EvoClassLoader - Seeing class for first time: org.apache.hadoop.thirdparty.protobuf.ByteString
2024-11-12 13:42:09,060 INFO  EvoClassLoader - Instrumenting class 'org.apache.hadoop.thirdparty.protobuf.ByteString'.
2024-11-12 13:42:09,060 INFO  MethodCallReplacementClassAdapter - Adding mock interface to class org/apache/hadoop/thirdparty/protobuf/ByteString
2024-11-12 13:42:09,061 INFO  CreateClassResetClassAdapter - Found static initializer in class org/apache/hadoop/thirdparty/protobuf/ByteString
2024-11-12 13:42:09,062 INFO  EvoClassLoader - Defined package (3): package org.apache.hadoop.thirdparty.protobuf, -1105315961
2024-11-12 13:42:09,062 INFO  EvoClassLoader - Keeping class: org.apache.hadoop.thirdparty.protobuf.ByteString
2024-11-12 13:42:09,062 INFO  EvoClassLoader - Seeing class for first time: org.apache.hadoop.thirdparty.protobuf.ByteString$LiteralByteString
2024-11-12 13:42:09,062 INFO  EvoClassLoader - Instrumenting class 'org.apache.hadoop.thirdparty.protobuf.ByteString$LiteralByteString'.
2024-11-12 13:42:09,062 INFO  MethodCallReplacementClassAdapter - Adding mock interface to class org/apache/hadoop/thirdparty/protobuf/ByteString$LiteralByteString
2024-11-12 13:42:09,064 INFO  CreateClassResetClassAdapter - Creating brand-new static initializer in class org/apache/hadoop/thirdparty/protobuf/ByteString$LiteralByteString
2024-11-12 13:42:09,064 INFO  EvoClassLoader - Seeing class for first time: org.apache.hadoop.thirdparty.protobuf.ByteString$LeafByteString
2024-11-12 13:42:09,064 INFO  EvoClassLoader - Instrumenting class 'org.apache.hadoop.thirdparty.protobuf.ByteString$LeafByteString'.
2024-11-12 13:42:09,064 INFO  MethodCallReplacementClassAdapter - Adding mock interface to class org/apache/hadoop/thirdparty/protobuf/ByteString$LeafByteString
2024-11-12 13:42:09,064 INFO  CreateClassResetClassAdapter - Creating brand-new static initializer in class org/apache/hadoop/thirdparty/protobuf/ByteString$LeafByteString
2024-11-12 13:42:09,064 INFO  EvoClassLoader - Keeping class: org.apache.hadoop.thirdparty.protobuf.ByteString$LeafByteString
2024-11-12 13:42:09,064 INFO  EvoClassLoader - Keeping class: org.apache.hadoop.thirdparty.protobuf.ByteString$LiteralByteString
2024-11-12 13:42:09,064 INFO  EvoClassLoader - Seeing class for first time: org.apache.hadoop.thirdparty.protobuf.ByteString$ByteArrayCopier
2024-11-12 13:42:09,064 INFO  EvoClassLoader - Instrumenting class 'org.apache.hadoop.thirdparty.protobuf.ByteString$ByteArrayCopier'.
2024-11-12 13:42:09,065 INFO  EvoClassLoader - Keeping class: org.apache.hadoop.thirdparty.protobuf.ByteString$ByteArrayCopier
2024-11-12 13:42:09,065 INFO  EvoClassLoader - Seeing class for first time: org.apache.hadoop.thirdparty.protobuf.ByteString$ByteIterator
2024-11-12 13:42:09,065 INFO  EvoClassLoader - Instrumenting class 'org.apache.hadoop.thirdparty.protobuf.ByteString$ByteIterator'.
2024-11-12 13:42:09,065 INFO  EvoClassLoader - Keeping class: org.apache.hadoop.thirdparty.protobuf.ByteString$ByteIterator
2024-11-12 13:42:09,065 INFO  EvoClassLoader - Seeing class for first time: org.apache.hadoop.thirdparty.protobuf.NioByteString
2024-11-12 13:42:09,065 INFO  EvoClassLoader - Instrumenting class 'org.apache.hadoop.thirdparty.protobuf.NioByteString'.
2024-11-12 13:42:09,065 INFO  MethodCallReplacementClassAdapter - Adding mock interface to class org/apache/hadoop/thirdparty/protobuf/NioByteString
2024-11-12 13:42:09,066 INFO  CreateClassResetClassAdapter - Creating brand-new static initializer in class org/apache/hadoop/thirdparty/protobuf/NioByteString
2024-11-12 13:42:09,066 INFO  EvoClassLoader - Keeping class: org.apache.hadoop.thirdparty.protobuf.NioByteString
2024-11-12 13:42:09,066 INFO  EvoClassLoader - Seeing class for first time: org.apache.hadoop.thirdparty.protobuf.ByteString$BoundedByteString
2024-11-12 13:42:09,066 INFO  EvoClassLoader - Instrumenting class 'org.apache.hadoop.thirdparty.protobuf.ByteString$BoundedByteString'.
2024-11-12 13:42:09,067 INFO  MethodCallReplacementClassAdapter - Adding mock interface to class org/apache/hadoop/thirdparty/protobuf/ByteString$BoundedByteString
2024-11-12 13:42:09,067 INFO  CreateClassResetClassAdapter - Creating brand-new static initializer in class org/apache/hadoop/thirdparty/protobuf/ByteString$BoundedByteString
2024-11-12 13:42:09,067 INFO  EvoClassLoader - Keeping class: org.apache.hadoop.thirdparty.protobuf.ByteString$BoundedByteString
2024-11-12 13:42:09,067 INFO  EvoClassLoader - Seeing class for first time: org.apache.hadoop.thirdparty.protobuf.Internal
2024-11-12 13:42:09,067 INFO  EvoClassLoader - Instrumenting class 'org.apache.hadoop.thirdparty.protobuf.Internal'.
2024-11-12 13:42:09,067 INFO  MethodCallReplacementClassAdapter - Adding mock interface to class org/apache/hadoop/thirdparty/protobuf/Internal
2024-11-12 13:42:09,068 INFO  CreateClassResetClassAdapter - Found static initializer in class org/apache/hadoop/thirdparty/protobuf/Internal
2024-11-12 13:42:09,068 INFO  EvoClassLoader - Keeping class: org.apache.hadoop.thirdparty.protobuf.Internal
2024-11-12 13:42:09,069 INFO  EvoClassLoader - Seeing class for first time: org.apache.hadoop.thirdparty.protobuf.CodedInputStream
2024-11-12 13:42:09,069 INFO  EvoClassLoader - Instrumenting class 'org.apache.hadoop.thirdparty.protobuf.CodedInputStream'.
2024-11-12 13:42:09,069 INFO  MethodCallReplacementClassAdapter - Adding mock interface to class org/apache/hadoop/thirdparty/protobuf/CodedInputStream
2024-11-12 13:42:09,070 INFO  CreateClassResetClassAdapter - Creating brand-new static initializer in class org/apache/hadoop/thirdparty/protobuf/CodedInputStream
2024-11-12 13:42:09,070 INFO  CreateClassResetClassAdapter - Adding bytecode for initializing field DEFAULT_BUFFER_SIZE
2024-11-12 13:42:09,070 INFO  CreateClassResetClassAdapter - Adding bytecode for initializing field DEFAULT_RECURSION_LIMIT
2024-11-12 13:42:09,070 INFO  CreateClassResetClassAdapter - Adding bytecode for initializing field DEFAULT_SIZE_LIMIT
2024-11-12 13:42:09,070 INFO  EvoClassLoader - Keeping class: org.apache.hadoop.thirdparty.protobuf.CodedInputStream
2024-11-12 13:42:09,070 INFO  EvoClassLoader - Seeing class for first time: org.apache.hadoop.thirdparty.protobuf.InvalidProtocolBufferException
2024-11-12 13:42:09,070 INFO  EvoClassLoader - Instrumenting class 'org.apache.hadoop.thirdparty.protobuf.InvalidProtocolBufferException'.
2024-11-12 13:42:09,070 INFO  MethodCallReplacementClassAdapter - Adding mock interface to class org/apache/hadoop/thirdparty/protobuf/InvalidProtocolBufferException
2024-11-12 13:42:09,070 INFO  CreateClassResetClassAdapter - Creating brand-new static initializer in class org/apache/hadoop/thirdparty/protobuf/InvalidProtocolBufferException
2024-11-12 13:42:09,070 INFO  EvoClassLoader - Keeping class: org.apache.hadoop.thirdparty.protobuf.InvalidProtocolBufferException
2024-11-12 13:42:09,070 INFO  EvoClassLoader - Seeing class for first time: org.apache.hadoop.thirdparty.protobuf.CodedInputStream$ArrayDecoder
2024-11-12 13:42:09,070 INFO  EvoClassLoader - Instrumenting class 'org.apache.hadoop.thirdparty.protobuf.CodedInputStream$ArrayDecoder'.
2024-11-12 13:42:09,071 INFO  MethodCallReplacementClassAdapter - Adding mock interface to class org/apache/hadoop/thirdparty/protobuf/CodedInputStream$ArrayDecoder
2024-11-12 13:42:09,071 INFO  CreateClassResetClassAdapter - Creating brand-new static initializer in class org/apache/hadoop/thirdparty/protobuf/CodedInputStream$ArrayDecoder
2024-11-12 13:42:09,072 INFO  EvoClassLoader - Keeping class: org.apache.hadoop.thirdparty.protobuf.CodedInputStream$ArrayDecoder
2024-11-12 13:42:09,072 INFO  EvoClassLoader - Seeing class for first time: org.apache.hadoop.thirdparty.protobuf.CodedInputStream$UnsafeDirectNioDecoder
2024-11-12 13:42:09,072 INFO  EvoClassLoader - Instrumenting class 'org.apache.hadoop.thirdparty.protobuf.CodedInputStream$UnsafeDirectNioDecoder'.
2024-11-12 13:42:09,073 INFO  MethodCallReplacementClassAdapter - Adding mock interface to class org/apache/hadoop/thirdparty/protobuf/CodedInputStream$UnsafeDirectNioDecoder
2024-11-12 13:42:09,074 INFO  CreateClassResetClassAdapter - Creating brand-new static initializer in class org/apache/hadoop/thirdparty/protobuf/CodedInputStream$UnsafeDirectNioDecoder
2024-11-12 13:42:09,075 INFO  EvoClassLoader - Keeping class: org.apache.hadoop.thirdparty.protobuf.CodedInputStream$UnsafeDirectNioDecoder
2024-11-12 13:42:09,075 INFO  EvoClassLoader - Seeing class for first time: org.apache.hadoop.thirdparty.protobuf.CodedInputStream$StreamDecoder
2024-11-12 13:42:09,075 INFO  EvoClassLoader - Instrumenting class 'org.apache.hadoop.thirdparty.protobuf.CodedInputStream$StreamDecoder'.
2024-11-12 13:42:09,076 INFO  MethodCallReplacementClassAdapter - Adding mock interface to class org/apache/hadoop/thirdparty/protobuf/CodedInputStream$StreamDecoder
2024-11-12 13:42:09,077 INFO  CreateClassResetClassAdapter - Creating brand-new static initializer in class org/apache/hadoop/thirdparty/protobuf/CodedInputStream$StreamDecoder
2024-11-12 13:42:09,078 INFO  EvoClassLoader - Keeping class: org.apache.hadoop.thirdparty.protobuf.CodedInputStream$StreamDecoder
2024-11-12 13:42:09,078 INFO  EvoClassLoader - Seeing class for first time: org.apache.hadoop.thirdparty.protobuf.IterableByteBufferInputStream
2024-11-12 13:42:09,078 INFO  EvoClassLoader - Instrumenting class 'org.apache.hadoop.thirdparty.protobuf.IterableByteBufferInputStream'.
2024-11-12 13:42:09,078 INFO  MethodCallReplacementClassAdapter - Adding mock interface to class org/apache/hadoop/thirdparty/protobuf/IterableByteBufferInputStream
2024-11-12 13:42:09,079 INFO  CreateClassResetClassAdapter - Creating brand-new static initializer in class org/apache/hadoop/thirdparty/protobuf/IterableByteBufferInputStream
2024-11-12 13:42:09,079 INFO  EvoClassLoader - Keeping class: org.apache.hadoop.thirdparty.protobuf.IterableByteBufferInputStream
2024-11-12 13:42:09,079 INFO  EvoClassLoader - Seeing class for first time: org.apache.hadoop.thirdparty.protobuf.CodedInputStream$IterableDirectByteBufferDecoder
2024-11-12 13:42:09,079 INFO  EvoClassLoader - Instrumenting class 'org.apache.hadoop.thirdparty.protobuf.CodedInputStream$IterableDirectByteBufferDecoder'.
2024-11-12 13:42:09,079 INFO  MethodCallReplacementClassAdapter - Adding mock interface to class org/apache/hadoop/thirdparty/protobuf/CodedInputStream$IterableDirectByteBufferDecoder
2024-11-12 13:42:09,080 INFO  CreateClassResetClassAdapter - Creating brand-new static initializer in class org/apache/hadoop/thirdparty/protobuf/CodedInputStream$IterableDirectByteBufferDecoder
2024-11-12 13:42:09,080 INFO  EvoClassLoader - Keeping class: org.apache.hadoop.thirdparty.protobuf.CodedInputStream$IterableDirectByteBufferDecoder
2024-11-12 13:42:09,080 INFO  EvoClassLoader - Seeing class for first time: org.apache.hadoop.thirdparty.protobuf.InvalidProtocolBufferException$InvalidWireTypeException
2024-11-12 13:42:09,080 INFO  EvoClassLoader - Instrumenting class 'org.apache.hadoop.thirdparty.protobuf.InvalidProtocolBufferException$InvalidWireTypeException'.
2024-11-12 13:42:09,080 INFO  MethodCallReplacementClassAdapter - Adding mock interface to class org/apache/hadoop/thirdparty/protobuf/InvalidProtocolBufferException$InvalidWireTypeException
2024-11-12 13:42:09,080 INFO  CreateClassResetClassAdapter - Creating brand-new static initializer in class org/apache/hadoop/thirdparty/protobuf/InvalidProtocolBufferException$InvalidWireTypeException
2024-11-12 13:42:09,080 INFO  EvoClassLoader - Keeping class: org.apache.hadoop.thirdparty.protobuf.InvalidProtocolBufferException$InvalidWireTypeException
2024-11-12 13:42:09,081 INFO  EvoClassLoader - Seeing class for first time: org.apache.hadoop.thirdparty.protobuf.Android
2024-11-12 13:42:09,081 INFO  EvoClassLoader - Instrumenting class 'org.apache.hadoop.thirdparty.protobuf.Android'.
2024-11-12 13:42:09,081 INFO  MethodCallReplacementClassAdapter - Adding mock interface to class org/apache/hadoop/thirdparty/protobuf/Android
2024-11-12 13:42:09,081 INFO  CreateClassResetClassAdapter - Found static initializer in class org/apache/hadoop/thirdparty/protobuf/Android
2024-11-12 13:42:09,081 INFO  EvoClassLoader - Keeping class: org.apache.hadoop.thirdparty.protobuf.Android
2024-11-12 13:42:09,081 INFO  EvoClassLoader - Seeing class for first time: libcore.io.Memory
2024-11-12 13:42:09,081 INFO  EvoClassLoader - Instrumenting class 'libcore.io.Memory'.
2024-11-12 13:42:09,081 INFO  EvoClassLoader - Error while loading class: java.lang.ClassNotFoundException: Class 'libcore/io/Memory.class' should be in target project, but could not be found!
2024-11-12 13:42:09,081 INFO  EvoClassLoader - Seeing class for first time: org.robolectric.Robolectric
2024-11-12 13:42:09,081 INFO  EvoClassLoader - Instrumenting class 'org.robolectric.Robolectric'.
2024-11-12 13:42:09,082 INFO  EvoClassLoader - Error while loading class: java.lang.ClassNotFoundException: Class 'org/robolectric/Robolectric.class' should be in target project, but could not be found!
2024-11-12 13:42:09,082 INFO  EvoClassLoader - Seeing class for first time: org.apache.hadoop.thirdparty.protobuf.ByteString$ArraysByteArrayCopier
2024-11-12 13:42:09,082 INFO  EvoClassLoader - Instrumenting class 'org.apache.hadoop.thirdparty.protobuf.ByteString$ArraysByteArrayCopier'.
2024-11-12 13:42:09,082 INFO  MethodCallReplacementClassAdapter - Adding mock interface to class org/apache/hadoop/thirdparty/protobuf/ByteString$ArraysByteArrayCopier
2024-11-12 13:42:09,082 INFO  CreateClassResetClassAdapter - Creating brand-new static initializer in class org/apache/hadoop/thirdparty/protobuf/ByteString$ArraysByteArrayCopier
2024-11-12 13:42:09,082 INFO  EvoClassLoader - Keeping class: org.apache.hadoop.thirdparty.protobuf.ByteString$ArraysByteArrayCopier
2024-11-12 13:42:09,082 INFO  EvoClassLoader - Seeing class for first time: org.apache.hadoop.thirdparty.protobuf.ByteString$2
2024-11-12 13:42:09,082 INFO  EvoClassLoader - Instrumenting class 'org.apache.hadoop.thirdparty.protobuf.ByteString$2'.
2024-11-12 13:42:09,082 INFO  MethodCallReplacementClassAdapter - Adding mock interface to class org/apache/hadoop/thirdparty/protobuf/ByteString$2
2024-11-12 13:42:09,083 INFO  EvoClassLoader - Keeping class: org.apache.hadoop.thirdparty.protobuf.ByteString$2
2024-11-12 13:42:09,083 INFO  EvoClassLoader - Seeing class for first time: org.apache.hadoop.metrics2.MetricsTag
2024-11-12 13:42:09,083 INFO  EvoClassLoader - Instrumenting class 'org.apache.hadoop.metrics2.MetricsTag'.
2024-11-12 13:42:09,083 INFO  MethodCallReplacementClassAdapter - Adding mock interface to class org/apache/hadoop/metrics2/MetricsTag
2024-11-12 13:42:09,084 INFO  CreateClassResetClassAdapter - Creating brand-new static initializer in class org/apache/hadoop/metrics2/MetricsTag
2024-11-12 13:42:09,084 INFO  EvoClassLoader - Keeping class: org.apache.hadoop.metrics2.MetricsTag
2024-11-12 13:42:09,084 INFO  EvoClassLoader - Seeing class for first time: org.apache.hadoop.metrics2.annotation.Metrics
2024-11-12 13:42:09,084 INFO  EvoClassLoader - Instrumenting class 'org.apache.hadoop.metrics2.annotation.Metrics'.
2024-11-12 13:42:09,085 INFO  EvoClassLoader - Keeping class: org.apache.hadoop.metrics2.annotation.Metrics
2024-11-12 13:42:09,085 INFO  EvoClassLoader - Seeing class for first time: org.apache.hadoop.fs.Path
2024-11-12 13:42:09,085 INFO  EvoClassLoader - Instrumenting class 'org.apache.hadoop.fs.Path'.
2024-11-12 13:42:09,086 INFO  MethodCallReplacementClassAdapter - Adding mock interface to class org/apache/hadoop/fs/Path
2024-11-12 13:42:09,087 INFO  CreateClassResetClassAdapter - Found static initializer in class org/apache/hadoop/fs/Path
2024-11-12 13:42:09,088 INFO  EvoClassLoader - Keeping class: org.apache.hadoop.fs.Path
2024-11-12 13:42:09,088 INFO  EvoClassLoader - Seeing class for first time: org.apache.hadoop.classification.InterfaceAudience$Public
2024-11-12 13:42:09,088 INFO  EvoClassLoader - Instrumenting class 'org.apache.hadoop.classification.InterfaceAudience$Public'.
2024-11-12 13:42:09,089 INFO  EvoClassLoader - Keeping class: org.apache.hadoop.classification.InterfaceAudience$Public
2024-11-12 13:42:09,089 INFO  EvoClassLoader - Seeing class for first time: org.apache.hadoop.metrics2.lib.MetricsSourceBuilder$1
2024-11-12 13:42:09,089 INFO  EvoClassLoader - Instrumenting class 'org.apache.hadoop.metrics2.lib.MetricsSourceBuilder$1'.
2024-11-12 13:42:09,089 INFO  MethodCallReplacementClassAdapter - Adding mock interface to class org/apache/hadoop/metrics2/lib/MetricsSourceBuilder$1
2024-11-12 13:42:09,089 INFO  EvoClassLoader - Keeping class: org.apache.hadoop.metrics2.lib.MetricsSourceBuilder$1
2024-11-12 13:42:09,089 INFO  EvoClassLoader - Seeing class for first time: org.apache.hadoop.metrics2.MetricsSystemMXBean
2024-11-12 13:42:09,089 INFO  EvoClassLoader - Instrumenting class 'org.apache.hadoop.metrics2.MetricsSystemMXBean'.
2024-11-12 13:42:09,089 INFO  EvoClassLoader - Keeping class: org.apache.hadoop.metrics2.MetricsSystemMXBean
2024-11-12 13:42:09,089 INFO  EvoClassLoader - Seeing class for first time: org.apache.hadoop.metrics2.impl.MetricsRecordBuilderImpl
2024-11-12 13:42:09,089 INFO  EvoClassLoader - Instrumenting class 'org.apache.hadoop.metrics2.impl.MetricsRecordBuilderImpl'.
2024-11-12 13:42:09,090 INFO  MethodCallReplacementClassAdapter - Adding mock interface to class org/apache/hadoop/metrics2/impl/MetricsRecordBuilderImpl
2024-11-12 13:42:09,090 INFO  CreateClassResetClassAdapter - Creating brand-new static initializer in class org/apache/hadoop/metrics2/impl/MetricsRecordBuilderImpl
2024-11-12 13:42:09,090 INFO  EvoClassLoader - Seeing class for first time: org.apache.hadoop.metrics2.MetricsRecordBuilder
2024-11-12 13:42:09,090 INFO  EvoClassLoader - Instrumenting class 'org.apache.hadoop.metrics2.MetricsRecordBuilder'.
2024-11-12 13:42:09,090 INFO  MethodCallReplacementClassAdapter - Adding mock interface to class org/apache/hadoop/metrics2/MetricsRecordBuilder
2024-11-12 13:42:09,090 INFO  CreateClassResetClassAdapter - Creating brand-new static initializer in class org/apache/hadoop/metrics2/MetricsRecordBuilder
2024-11-12 13:42:09,090 INFO  EvoClassLoader - Keeping class: org.apache.hadoop.metrics2.MetricsRecordBuilder
2024-11-12 13:42:09,090 INFO  EvoClassLoader - Keeping class: org.apache.hadoop.metrics2.impl.MetricsRecordBuilderImpl
2024-11-12 13:42:09,090 INFO  EvoClassLoader - Seeing class for first time: org.apache.hadoop.util.PlatformName
2024-11-12 13:42:09,090 INFO  EvoClassLoader - Instrumenting class 'org.apache.hadoop.util.PlatformName'.
2024-11-12 13:42:09,091 INFO  MethodCallReplacementClassAdapter - Adding mock interface to class org/apache/hadoop/util/PlatformName
2024-11-12 13:42:09,091 INFO  CreateClassResetClassAdapter - Found static initializer in class org/apache/hadoop/util/PlatformName
2024-11-12 13:42:09,091 INFO  EvoClassLoader - Keeping class: org.apache.hadoop.util.PlatformName
2024-11-12 13:42:09,091 INFO  EvoClassLoader - Seeing class for first time: org.apache.hadoop.util.NativeCodeLoader
2024-11-12 13:42:09,092 INFO  EvoClassLoader - Instrumenting class 'org.apache.hadoop.util.NativeCodeLoader'.
2024-11-12 13:42:09,092 INFO  MethodCallReplacementClassAdapter - Adding mock interface to class org/apache/hadoop/util/NativeCodeLoader
2024-11-12 13:42:09,092 INFO  CreateClassResetClassAdapter - Found static initializer in class org/apache/hadoop/util/NativeCodeLoader
2024-11-12 13:42:09,092 INFO  EvoClassLoader - Keeping class: org.apache.hadoop.util.NativeCodeLoader
2024-11-12 13:42:09,093 INFO  EvoClassLoader - Seeing class for first time: org.apache.hadoop.util.GenericOptionsParser
2024-11-12 13:42:09,093 INFO  EvoClassLoader - Instrumenting class 'org.apache.hadoop.util.GenericOptionsParser'.
2024-11-12 13:42:09,094 INFO  MethodCallReplacementClassAdapter - Adding mock interface to class org/apache/hadoop/util/GenericOptionsParser
2024-11-12 13:42:09,096 INFO  CreateClassResetClassAdapter - Found static initializer in class org/apache/hadoop/util/GenericOptionsParser
2024-11-12 13:42:09,097 INFO  EvoClassLoader - Keeping class: org.apache.hadoop.util.GenericOptionsParser
2024-11-12 13:42:09,097 INFO  EvoClassLoader - Seeing class for first time: org.apache.commons.cli.CommandLineParser
2024-11-12 13:42:09,097 INFO  EvoClassLoader - Instrumenting class 'org.apache.commons.cli.CommandLineParser'.
2024-11-12 13:42:09,097 INFO  EvoClassLoader - Keeping class: org.apache.commons.cli.CommandLineParser
2024-11-12 13:42:09,098 INFO  EvoClassLoader - Seeing class for first time: org.apache.hadoop.metrics2.impl.MetricsSystemImpl
2024-11-12 13:42:09,098 INFO  EvoClassLoader - Instrumenting class 'org.apache.hadoop.metrics2.impl.MetricsSystemImpl'.
2024-11-12 13:42:09,099 INFO  MethodCallReplacementClassAdapter - Adding mock interface to class org/apache/hadoop/metrics2/impl/MetricsSystemImpl
2024-11-12 13:42:09,101 INFO  CreateClassResetClassAdapter - Found static initializer in class org/apache/hadoop/metrics2/impl/MetricsSystemImpl
2024-11-12 13:42:09,102 INFO  EvoClassLoader - Seeing class for first time: org.apache.hadoop.metrics2.MetricsSystem
2024-11-12 13:42:09,102 INFO  EvoClassLoader - Instrumenting class 'org.apache.hadoop.metrics2.MetricsSystem'.
2024-11-12 13:42:09,102 INFO  MethodCallReplacementClassAdapter - Adding mock interface to class org/apache/hadoop/metrics2/MetricsSystem
2024-11-12 13:42:09,102 INFO  CreateClassResetClassAdapter - Creating brand-new static initializer in class org/apache/hadoop/metrics2/MetricsSystem
2024-11-12 13:42:09,103 INFO  EvoClassLoader - Keeping class: org.apache.hadoop.metrics2.MetricsSystem
2024-11-12 13:42:09,103 INFO  EvoClassLoader - Keeping class: org.apache.hadoop.metrics2.impl.MetricsSystemImpl
2024-11-12 13:42:09,103 INFO  EvoClassLoader - Seeing class for first time: org.apache.hadoop.metrics2.impl.MetricsSystemImpl$4
2024-11-12 13:42:09,103 INFO  EvoClassLoader - Instrumenting class 'org.apache.hadoop.metrics2.impl.MetricsSystemImpl$4'.
2024-11-12 13:42:09,103 INFO  MethodCallReplacementClassAdapter - Adding mock interface to class org/apache/hadoop/metrics2/impl/MetricsSystemImpl$4
2024-11-12 13:42:09,103 INFO  EvoClassLoader - Keeping class: org.apache.hadoop.metrics2.impl.MetricsSystemImpl$4
2024-11-12 13:42:09,104 INFO  EvoClassLoader - Seeing class for first time: org.apache.commons.cli.GnuParser
2024-11-12 13:42:09,104 INFO  EvoClassLoader - Instrumenting class 'org.apache.commons.cli.GnuParser'.
2024-11-12 13:42:09,104 INFO  MethodCallReplacementClassAdapter - Adding mock interface to class org/apache/commons/cli/GnuParser
2024-11-12 13:42:09,104 INFO  CreateClassResetClassAdapter - Creating brand-new static initializer in class org/apache/commons/cli/GnuParser
2024-11-12 13:42:09,105 INFO  EvoClassLoader - Seeing class for first time: org.apache.commons.cli.Parser
2024-11-12 13:42:09,105 INFO  EvoClassLoader - Instrumenting class 'org.apache.commons.cli.Parser'.
2024-11-12 13:42:09,105 INFO  MethodCallReplacementClassAdapter - Adding mock interface to class org/apache/commons/cli/Parser
2024-11-12 13:42:09,105 INFO  CreateClassResetClassAdapter - Creating brand-new static initializer in class org/apache/commons/cli/Parser
2024-11-12 13:42:09,105 INFO  EvoClassLoader - Keeping class: org.apache.commons.cli.Parser
2024-11-12 13:42:09,105 INFO  EvoClassLoader - Keeping class: org.apache.commons.cli.GnuParser
2024-11-12 13:42:09,105 INFO  EvoClassLoader - Seeing class for first time: org.apache.commons.cli.MissingArgumentException
2024-11-12 13:42:09,105 INFO  EvoClassLoader - Instrumenting class 'org.apache.commons.cli.MissingArgumentException'.
2024-11-12 13:42:09,105 INFO  MethodCallReplacementClassAdapter - Adding mock interface to class org/apache/commons/cli/MissingArgumentException
2024-11-12 13:42:09,106 INFO  CreateClassResetClassAdapter - Creating brand-new static initializer in class org/apache/commons/cli/MissingArgumentException
2024-11-12 13:42:09,106 INFO  EvoClassLoader - Keeping class: org.apache.commons.cli.MissingArgumentException
2024-11-12 13:42:09,106 INFO  EvoClassLoader - Seeing class for first time: org.apache.commons.cli.OptionValidator
2024-11-12 13:42:09,106 INFO  EvoClassLoader - Instrumenting class 'org.apache.commons.cli.OptionValidator'.
2024-11-12 13:42:09,106 INFO  MethodCallReplacementClassAdapter - Adding mock interface to class org/apache/commons/cli/OptionValidator
2024-11-12 13:42:09,106 INFO  CreateClassResetClassAdapter - Creating brand-new static initializer in class org/apache/commons/cli/OptionValidator
2024-11-12 13:42:09,107 INFO  EvoClassLoader - Keeping class: org.apache.commons.cli.OptionValidator
2024-11-12 13:42:09,107 INFO  EvoClassLoader - Seeing class for first time: org.apache.hadoop.fs.FsShell
2024-11-12 13:42:09,107 INFO  EvoClassLoader - Instrumenting class 'org.apache.hadoop.fs.FsShell'.
2024-11-12 13:42:09,107 INFO  MethodCallReplacementClassAdapter - Adding mock interface to class org/apache/hadoop/fs/FsShell
2024-11-12 13:42:09,109 INFO  CreateClassResetClassAdapter - Found static initializer in class org/apache/hadoop/fs/FsShell
2024-11-12 13:42:09,110 INFO  EvoClassLoader - Keeping class: org.apache.hadoop.fs.FsShell
2024-11-12 13:42:09,110 INFO  EvoClassLoader - Seeing class for first time: org.apache.hadoop.fs.FsShell$UnknownCommandException
2024-11-12 13:42:09,110 INFO  EvoClassLoader - Instrumenting class 'org.apache.hadoop.fs.FsShell$UnknownCommandException'.
2024-11-12 13:42:09,111 INFO  MethodCallReplacementClassAdapter - Adding mock interface to class org/apache/hadoop/fs/FsShell$UnknownCommandException
2024-11-12 13:42:09,111 INFO  CreateClassResetClassAdapter - Creating brand-new static initializer in class org/apache/hadoop/fs/FsShell$UnknownCommandException
2024-11-12 13:42:09,111 INFO  EvoClassLoader - Keeping class: org.apache.hadoop.fs.FsShell$UnknownCommandException
2024-11-12 13:42:09,111 INFO  EvoClassLoader - Seeing class for first time: org.apache.hadoop.fs.FsShell$Help
2024-11-12 13:42:09,111 INFO  EvoClassLoader - Instrumenting class 'org.apache.hadoop.fs.FsShell$Help'.
2024-11-12 13:42:09,111 INFO  MethodCallReplacementClassAdapter - Adding mock interface to class org/apache/hadoop/fs/FsShell$Help
2024-11-12 13:42:09,112 INFO  CreateClassResetClassAdapter - Creating brand-new static initializer in class org/apache/hadoop/fs/FsShell$Help
2024-11-12 13:42:09,112 INFO  CreateClassResetClassAdapter - Adding bytecode for initializing field NAME
2024-11-12 13:42:09,112 INFO  CreateClassResetClassAdapter - Adding bytecode for initializing field USAGE
2024-11-12 13:42:09,112 INFO  CreateClassResetClassAdapter - Adding bytecode for initializing field DESCRIPTION
2024-11-12 13:42:09,112 INFO  EvoClassLoader - Keeping class: org.apache.hadoop.fs.FsShell$Help
2024-11-12 13:42:09,112 INFO  EvoClassLoader - Seeing class for first time: org.apache.hadoop.fs.FsShell$Usage
2024-11-12 13:42:09,112 INFO  EvoClassLoader - Instrumenting class 'org.apache.hadoop.fs.FsShell$Usage'.
2024-11-12 13:42:09,112 INFO  MethodCallReplacementClassAdapter - Adding mock interface to class org/apache/hadoop/fs/FsShell$Usage
2024-11-12 13:42:09,112 INFO  CreateClassResetClassAdapter - Creating brand-new static initializer in class org/apache/hadoop/fs/FsShell$Usage
2024-11-12 13:42:09,112 INFO  CreateClassResetClassAdapter - Adding bytecode for initializing field NAME
2024-11-12 13:42:09,112 INFO  CreateClassResetClassAdapter - Adding bytecode for initializing field USAGE
2024-11-12 13:42:09,112 INFO  CreateClassResetClassAdapter - Adding bytecode for initializing field DESCRIPTION
2024-11-12 13:42:09,112 INFO  EvoClassLoader - Keeping class: org.apache.hadoop.fs.FsShell$Usage
2024-11-12 13:42:09,113 INFO  EvoClassLoader - Seeing class for first time: org.apache.hadoop.hdfs.protocol.DatanodeInfo
2024-11-12 13:42:09,113 INFO  EvoClassLoader - Instrumenting class 'org.apache.hadoop.hdfs.protocol.DatanodeInfo'.
2024-11-12 13:42:09,113 INFO  MethodCallReplacementClassAdapter - Adding mock interface to class org/apache/hadoop/hdfs/protocol/DatanodeInfo
2024-11-12 13:42:09,114 INFO  CreateClassResetClassAdapter - Found static initializer in class org/apache/hadoop/hdfs/protocol/DatanodeInfo
2024-11-12 13:42:09,115 INFO  EvoClassLoader - Seeing class for first time: org.apache.hadoop.net.Node
2024-11-12 13:42:09,115 INFO  EvoClassLoader - Instrumenting class 'org.apache.hadoop.net.Node'.
2024-11-12 13:42:09,116 INFO  EvoClassLoader - Keeping class: org.apache.hadoop.net.Node
2024-11-12 13:42:09,116 INFO  EvoClassLoader - Keeping class: org.apache.hadoop.hdfs.protocol.DatanodeInfo
2024-11-12 13:42:09,117 INFO  EvoClassLoader - Seeing class for first time: org.apache.hadoop.thirdparty.com.google.common.cache.CacheLoader$SupplierToCacheLoader
2024-11-12 13:42:09,117 INFO  EvoClassLoader - Instrumenting class 'org.apache.hadoop.thirdparty.com.google.common.cache.CacheLoader$SupplierToCacheLoader'.
2024-11-12 13:42:09,117 INFO  MethodCallReplacementClassAdapter - Adding mock interface to class org/apache/hadoop/thirdparty/com/google/common/cache/CacheLoader$SupplierToCacheLoader
2024-11-12 13:42:09,117 INFO  CreateClassResetClassAdapter - Creating brand-new static initializer in class org/apache/hadoop/thirdparty/com/google/common/cache/CacheLoader$SupplierToCacheLoader
2024-11-12 13:42:09,117 INFO  EvoClassLoader - Keeping class: org.apache.hadoop.thirdparty.com.google.common.cache.CacheLoader$SupplierToCacheLoader
2024-11-12 13:42:09,117 INFO  EvoClassLoader - Seeing class for first time: org.apache.hadoop.thirdparty.com.google.common.cache.CacheLoader$FunctionToCacheLoader
2024-11-12 13:42:09,117 INFO  EvoClassLoader - Instrumenting class 'org.apache.hadoop.thirdparty.com.google.common.cache.CacheLoader$FunctionToCacheLoader'.
2024-11-12 13:42:09,118 INFO  MethodCallReplacementClassAdapter - Adding mock interface to class org/apache/hadoop/thirdparty/com/google/common/cache/CacheLoader$FunctionToCacheLoader
2024-11-12 13:42:09,118 INFO  CreateClassResetClassAdapter - Creating brand-new static initializer in class org/apache/hadoop/thirdparty/com/google/common/cache/CacheLoader$FunctionToCacheLoader
2024-11-12 13:42:09,118 INFO  EvoClassLoader - Keeping class: org.apache.hadoop.thirdparty.com.google.common.cache.CacheLoader$FunctionToCacheLoader
2024-11-12 13:42:09,118 INFO  EvoClassLoader - Seeing class for first time: org.apache.hadoop.thirdparty.com.google.common.cache.CacheLoader$1
2024-11-12 13:42:09,118 INFO  EvoClassLoader - Instrumenting class 'org.apache.hadoop.thirdparty.com.google.common.cache.CacheLoader$1'.
2024-11-12 13:42:09,118 INFO  MethodCallReplacementClassAdapter - Adding mock interface to class org/apache/hadoop/thirdparty/com/google/common/cache/CacheLoader$1
2024-11-12 13:42:09,118 INFO  EvoClassLoader - Keeping class: org.apache.hadoop.thirdparty.com.google.common.cache.CacheLoader$1
2024-11-12 13:42:09,119 INFO  EvoClassLoader - Seeing class for first time: org.apache.hadoop.security.UserGroupInformation$HadoopLoginContext
2024-11-12 13:42:09,119 INFO  EvoClassLoader - Instrumenting class 'org.apache.hadoop.security.UserGroupInformation$HadoopLoginContext'.
2024-11-12 13:42:09,119 INFO  MethodCallReplacementClassAdapter - Adding mock interface to class org/apache/hadoop/security/UserGroupInformation$HadoopLoginContext
2024-11-12 13:42:09,120 INFO  CreateClassResetClassAdapter - Creating brand-new static initializer in class org/apache/hadoop/security/UserGroupInformation$HadoopLoginContext
2024-11-12 13:42:09,120 INFO  EvoClassLoader - Keeping class: org.apache.hadoop.security.UserGroupInformation$HadoopLoginContext
2024-11-12 13:42:09,120 INFO  EvoClassLoader - Seeing class for first time: org.apache.hadoop.security.UserGroupInformation$HadoopConfiguration
2024-11-12 13:42:09,120 INFO  EvoClassLoader - Instrumenting class 'org.apache.hadoop.security.UserGroupInformation$HadoopConfiguration'.
2024-11-12 13:42:09,120 INFO  MethodCallReplacementClassAdapter - Adding mock interface to class org/apache/hadoop/security/UserGroupInformation$HadoopConfiguration
2024-11-12 13:42:09,120 INFO  CreateClassResetClassAdapter - Found static initializer in class org/apache/hadoop/security/UserGroupInformation$HadoopConfiguration
2024-11-12 13:42:09,121 INFO  EvoClassLoader - Keeping class: org.apache.hadoop.security.UserGroupInformation$HadoopConfiguration
2024-11-12 13:42:09,121 INFO  EvoClassLoader - Seeing class for first time: org.apache.hadoop.security.UserGroupInformation$HadoopLoginModule
2024-11-12 13:42:09,121 INFO  EvoClassLoader - Instrumenting class 'org.apache.hadoop.security.UserGroupInformation$HadoopLoginModule'.
2024-11-12 13:42:09,121 INFO  MethodCallReplacementClassAdapter - Adding mock interface to class org/apache/hadoop/security/UserGroupInformation$HadoopLoginModule
2024-11-12 13:42:09,121 INFO  CreateClassResetClassAdapter - Creating brand-new static initializer in class org/apache/hadoop/security/UserGroupInformation$HadoopLoginModule
2024-11-12 13:42:09,122 INFO  EvoClassLoader - Keeping class: org.apache.hadoop.security.UserGroupInformation$HadoopLoginModule
2024-11-12 13:42:09,122 INFO  EvoClassLoader - Seeing class for first time: org.apache.hadoop.hdfs.tools.DFSAdmin$SetQuotaCommand
2024-11-12 13:42:09,122 INFO  EvoClassLoader - Instrumenting class 'org.apache.hadoop.hdfs.tools.DFSAdmin$SetQuotaCommand'.
2024-11-12 13:42:09,123 INFO  MethodCallReplacementClassAdapter - Adding mock interface to class org/apache/hadoop/hdfs/tools/DFSAdmin$SetQuotaCommand
2024-11-12 13:42:09,123 INFO  CreateClassResetClassAdapter - Creating brand-new static initializer in class org/apache/hadoop/hdfs/tools/DFSAdmin$SetQuotaCommand
2024-11-12 13:42:09,123 INFO  CreateClassResetClassAdapter - Adding bytecode for initializing field NAME
2024-11-12 13:42:09,123 INFO  CreateClassResetClassAdapter - Adding bytecode for initializing field USAGE
2024-11-12 13:42:09,123 INFO  CreateClassResetClassAdapter - Adding bytecode for initializing field DESCRIPTION
2024-11-12 13:42:09,123 INFO  EvoClassLoader - Keeping class: org.apache.hadoop.hdfs.tools.DFSAdmin$SetQuotaCommand
2024-11-12 13:42:09,123 INFO  EvoClassLoader - Seeing class for first time: org.apache.hadoop.security.KerberosInfo
2024-11-12 13:42:09,123 INFO  EvoClassLoader - Instrumenting class 'org.apache.hadoop.security.KerberosInfo'.
2024-11-12 13:42:09,124 INFO  EvoClassLoader - Keeping class: org.apache.hadoop.security.KerberosInfo
2024-11-12 13:42:09,124 INFO  EvoClassLoader - Seeing class for first time: org.apache.hadoop.hdfs.tools.DFSAdmin$2
2024-11-12 13:42:09,124 INFO  EvoClassLoader - Instrumenting class 'org.apache.hadoop.hdfs.tools.DFSAdmin$2'.
2024-11-12 13:42:09,124 INFO  MethodCallReplacementClassAdapter - Adding mock interface to class org/apache/hadoop/hdfs/tools/DFSAdmin$2
2024-11-12 13:42:09,124 INFO  EvoClassLoader - Keeping class: org.apache.hadoop.hdfs.tools.DFSAdmin$2
2024-11-12 13:42:09,124 INFO  EvoClassLoader - Seeing class for first time: org.apache.hadoop.hdfs.protocol.HdfsConstants$UpgradeAction
2024-11-12 13:42:09,124 INFO  EvoClassLoader - Instrumenting class 'org.apache.hadoop.hdfs.protocol.HdfsConstants$UpgradeAction'.
2024-11-12 13:42:09,124 INFO  MethodCallReplacementClassAdapter - Adding mock interface to class org/apache/hadoop/hdfs/protocol/HdfsConstants$UpgradeAction
2024-11-12 13:42:09,124 INFO  CreateClassResetClassAdapter - Found static initializer in class org/apache/hadoop/hdfs/protocol/HdfsConstants$UpgradeAction
2024-11-12 13:42:09,124 INFO  EvoClassLoader - Keeping class: org.apache.hadoop.hdfs.protocol.HdfsConstants$UpgradeAction
2024-11-12 13:42:09,124 INFO  EvoClassLoader - Seeing class for first time: org.apache.hadoop.hdfs.protocol.HdfsConstants$RollingUpgradeAction
2024-11-12 13:42:09,125 INFO  EvoClassLoader - Instrumenting class 'org.apache.hadoop.hdfs.protocol.HdfsConstants$RollingUpgradeAction'.
2024-11-12 13:42:09,125 INFO  MethodCallReplacementClassAdapter - Adding mock interface to class org/apache/hadoop/hdfs/protocol/HdfsConstants$RollingUpgradeAction
2024-11-12 13:42:09,125 INFO  CreateClassResetClassAdapter - Found static initializer in class org/apache/hadoop/hdfs/protocol/HdfsConstants$RollingUpgradeAction
2024-11-12 13:42:09,125 INFO  EvoClassLoader - Keeping class: org.apache.hadoop.hdfs.protocol.HdfsConstants$RollingUpgradeAction
2024-11-12 13:42:09,125 INFO  EvoClassLoader - Seeing class for first time: org.apache.hadoop.classification.InterfaceAudience$Private
2024-11-12 13:42:09,125 INFO  EvoClassLoader - Instrumenting class 'org.apache.hadoop.classification.InterfaceAudience$Private'.
2024-11-12 13:42:09,125 INFO  EvoClassLoader - Keeping class: org.apache.hadoop.classification.InterfaceAudience$Private
2024-11-12 13:42:09,125 INFO  EvoClassLoader - Seeing class for first time: org.apache.hadoop.thirdparty.com.google.common.cache.LocalCache$LocalLoadingCache
2024-11-12 13:42:09,125 INFO  EvoClassLoader - Instrumenting class 'org.apache.hadoop.thirdparty.com.google.common.cache.LocalCache$LocalLoadingCache'.
2024-11-12 13:42:09,126 INFO  MethodCallReplacementClassAdapter - Adding mock interface to class org/apache/hadoop/thirdparty/com/google/common/cache/LocalCache$LocalLoadingCache
2024-11-12 13:42:09,126 INFO  CreateClassResetClassAdapter - Creating brand-new static initializer in class org/apache/hadoop/thirdparty/com/google/common/cache/LocalCache$LocalLoadingCache
2024-11-12 13:42:09,126 INFO  EvoClassLoader - Keeping class: org.apache.hadoop.thirdparty.com.google.common.cache.LocalCache$LocalLoadingCache
2024-11-12 13:42:09,126 INFO  EvoClassLoader - Seeing class for first time: org.apache.hadoop.security.UserGroupInformation$AuthenticationMethod
2024-11-12 13:42:09,126 INFO  EvoClassLoader - Instrumenting class 'org.apache.hadoop.security.UserGroupInformation$AuthenticationMethod'.
2024-11-12 13:42:09,126 INFO  MethodCallReplacementClassAdapter - Adding mock interface to class org/apache/hadoop/security/UserGroupInformation$AuthenticationMethod
2024-11-12 13:42:09,126 INFO  CreateClassResetClassAdapter - Found static initializer in class org/apache/hadoop/security/UserGroupInformation$AuthenticationMethod
2024-11-12 13:42:09,127 INFO  EvoClassLoader - Keeping class: org.apache.hadoop.security.UserGroupInformation$AuthenticationMethod
2024-11-12 13:42:09,127 INFO  EvoClassLoader - Seeing class for first time: org.apache.hadoop.security.SaslRpcServer$AuthMethod
2024-11-12 13:42:09,127 INFO  EvoClassLoader - Instrumenting class 'org.apache.hadoop.security.SaslRpcServer$AuthMethod'.
2024-11-12 13:42:09,127 INFO  MethodCallReplacementClassAdapter - Adding mock interface to class org/apache/hadoop/security/SaslRpcServer$AuthMethod
2024-11-12 13:42:09,127 INFO  CreateClassResetClassAdapter - Found static initializer in class org/apache/hadoop/security/SaslRpcServer$AuthMethod
2024-11-12 13:42:09,127 INFO  EvoClassLoader - Keeping class: org.apache.hadoop.security.SaslRpcServer$AuthMethod
2024-11-12 13:42:09,127 INFO  EvoClassLoader - Seeing class for first time: org.apache.hadoop.metrics2.impl.MetricsSystemImpl$3
2024-11-12 13:42:09,127 INFO  EvoClassLoader - Instrumenting class 'org.apache.hadoop.metrics2.impl.MetricsSystemImpl$3'.
2024-11-12 13:42:09,128 INFO  MethodCallReplacementClassAdapter - Adding mock interface to class org/apache/hadoop/metrics2/impl/MetricsSystemImpl$3
2024-11-12 13:42:09,128 INFO  EvoClassLoader - Keeping class: org.apache.hadoop.metrics2.impl.MetricsSystemImpl$3
2024-11-12 13:42:09,128 INFO  EvoClassLoader - Seeing class for first time: org.apache.hadoop.conf.ReconfigurationTaskStatus
2024-11-12 13:42:09,128 INFO  EvoClassLoader - Instrumenting class 'org.apache.hadoop.conf.ReconfigurationTaskStatus'.
2024-11-12 13:42:09,128 INFO  MethodCallReplacementClassAdapter - Adding mock interface to class org/apache/hadoop/conf/ReconfigurationTaskStatus
2024-11-12 13:42:09,129 INFO  CreateClassResetClassAdapter - Creating brand-new static initializer in class org/apache/hadoop/conf/ReconfigurationTaskStatus
2024-11-12 13:42:09,129 INFO  EvoClassLoader - Keeping class: org.apache.hadoop.conf.ReconfigurationTaskStatus
2024-11-12 13:42:09,129 INFO  EvoClassLoader - Seeing class for first time: org.apache.hadoop.metrics2.impl.MetricsSystemImpl$1
2024-11-12 13:42:09,129 INFO  EvoClassLoader - Instrumenting class 'org.apache.hadoop.metrics2.impl.MetricsSystemImpl$1'.
2024-11-12 13:42:09,129 INFO  MethodCallReplacementClassAdapter - Adding mock interface to class org/apache/hadoop/metrics2/impl/MetricsSystemImpl$1
2024-11-12 13:42:09,129 INFO  EvoClassLoader - Seeing class for first time: org.apache.hadoop.metrics2.MetricsSystem$AbstractCallback
2024-11-12 13:42:09,129 INFO  EvoClassLoader - Instrumenting class 'org.apache.hadoop.metrics2.MetricsSystem$AbstractCallback'.
2024-11-12 13:42:09,130 INFO  MethodCallReplacementClassAdapter - Adding mock interface to class org/apache/hadoop/metrics2/MetricsSystem$AbstractCallback
2024-11-12 13:42:09,130 INFO  CreateClassResetClassAdapter - Creating brand-new static initializer in class org/apache/hadoop/metrics2/MetricsSystem$AbstractCallback
2024-11-12 13:42:09,130 INFO  EvoClassLoader - Keeping class: org.apache.hadoop.metrics2.MetricsSystem$AbstractCallback
2024-11-12 13:42:09,130 INFO  EvoClassLoader - Keeping class: org.apache.hadoop.metrics2.impl.MetricsSystemImpl$1
2024-11-12 13:42:09,130 INFO  EvoClassLoader - Seeing class for first time: org.apache.hadoop.hdfs.protocol.OpenFilesIterator$OpenFilesType
2024-11-12 13:42:09,130 INFO  EvoClassLoader - Instrumenting class 'org.apache.hadoop.hdfs.protocol.OpenFilesIterator$OpenFilesType'.
2024-11-12 13:42:09,130 INFO  MethodCallReplacementClassAdapter - Adding mock interface to class org/apache/hadoop/hdfs/protocol/OpenFilesIterator$OpenFilesType
2024-11-12 13:42:09,131 INFO  CreateClassResetClassAdapter - Found static initializer in class org/apache/hadoop/hdfs/protocol/OpenFilesIterator$OpenFilesType
2024-11-12 13:42:09,131 INFO  EvoClassLoader - Keeping class: org.apache.hadoop.hdfs.protocol.OpenFilesIterator$OpenFilesType
2024-11-12 13:42:09,131 INFO  EvoClassLoader - Seeing class for first time: org.apache.hadoop.metrics2.lib.MetricsSourceBuilder
2024-11-12 13:42:09,131 INFO  EvoClassLoader - Instrumenting class 'org.apache.hadoop.metrics2.lib.MetricsSourceBuilder'.
2024-11-12 13:42:09,132 INFO  MethodCallReplacementClassAdapter - Adding mock interface to class org/apache/hadoop/metrics2/lib/MetricsSourceBuilder
2024-11-12 13:42:09,132 INFO  CreateClassResetClassAdapter - Found static initializer in class org/apache/hadoop/metrics2/lib/MetricsSourceBuilder
2024-11-12 13:42:09,133 INFO  EvoClassLoader - Keeping class: org.apache.hadoop.metrics2.lib.MetricsSourceBuilder
2024-11-12 13:42:09,133 INFO  EvoClassLoader - Seeing class for first time: org.apache.hadoop.ipc.CallerContext$Builder
2024-11-12 13:42:09,133 INFO  EvoClassLoader - Instrumenting class 'org.apache.hadoop.ipc.CallerContext$Builder'.
2024-11-12 13:42:09,134 INFO  MethodCallReplacementClassAdapter - Adding mock interface to class org/apache/hadoop/ipc/CallerContext$Builder
2024-11-12 13:42:09,135 INFO  CreateClassResetClassAdapter - Found static initializer in class org/apache/hadoop/ipc/CallerContext$Builder
2024-11-12 13:42:09,135 INFO  EvoClassLoader - Keeping class: org.apache.hadoop.ipc.CallerContext$Builder
2024-11-12 13:42:09,135 INFO  EvoClassLoader - Seeing class for first time: org.apache.hadoop.security.UserGroupInformation$TestingGroups
2024-11-12 13:42:09,135 INFO  EvoClassLoader - Instrumenting class 'org.apache.hadoop.security.UserGroupInformation$TestingGroups'.
2024-11-12 13:42:09,136 INFO  MethodCallReplacementClassAdapter - Adding mock interface to class org/apache/hadoop/security/UserGroupInformation$TestingGroups
2024-11-12 13:42:09,136 INFO  CreateClassResetClassAdapter - Creating brand-new static initializer in class org/apache/hadoop/security/UserGroupInformation$TestingGroups
2024-11-12 13:42:09,136 INFO  EvoClassLoader - Keeping class: org.apache.hadoop.security.UserGroupInformation$TestingGroups
2024-11-12 13:42:09,137 INFO  EvoClassLoader - Seeing class for first time: org.apache.hadoop.security.UserGroupInformation
2024-11-12 13:42:09,137 INFO  EvoClassLoader - Instrumenting class 'org.apache.hadoop.security.UserGroupInformation'.
2024-11-12 13:42:09,138 INFO  MethodCallReplacementClassAdapter - Adding mock interface to class org/apache/hadoop/security/UserGroupInformation
2024-11-12 13:42:09,143 INFO  CreateClassResetClassAdapter - Found static initializer in class org/apache/hadoop/security/UserGroupInformation
2024-11-12 13:42:09,145 INFO  EvoClassLoader - Keeping class: org.apache.hadoop.security.UserGroupInformation
2024-11-12 13:42:09,145 INFO  EvoClassLoader - Seeing class for first time: org.apache.hadoop.security.UserGroupInformation$TicketCacheRenewalRunnable
2024-11-12 13:42:09,145 INFO  EvoClassLoader - Instrumenting class 'org.apache.hadoop.security.UserGroupInformation$TicketCacheRenewalRunnable'.
2024-11-12 13:42:09,146 INFO  MethodCallReplacementClassAdapter - Adding mock interface to class org/apache/hadoop/security/UserGroupInformation$TicketCacheRenewalRunnable
2024-11-12 13:42:09,146 INFO  CreateClassResetClassAdapter - Creating brand-new static initializer in class org/apache/hadoop/security/UserGroupInformation$TicketCacheRenewalRunnable
2024-11-12 13:42:09,146 INFO  EvoClassLoader - Keeping class: org.apache.hadoop.security.UserGroupInformation$TicketCacheRenewalRunnable
2024-11-12 13:42:09,147 INFO  EvoClassLoader - Seeing class for first time: org.apache.hadoop.security.UserGroupInformation$UgiMetrics
2024-11-12 13:42:09,147 INFO  EvoClassLoader - Instrumenting class 'org.apache.hadoop.security.UserGroupInformation$UgiMetrics'.
2024-11-12 13:42:09,147 INFO  MethodCallReplacementClassAdapter - Adding mock interface to class org/apache/hadoop/security/UserGroupInformation$UgiMetrics
2024-11-12 13:42:09,147 INFO  CreateClassResetClassAdapter - Creating brand-new static initializer in class org/apache/hadoop/security/UserGroupInformation$UgiMetrics
2024-11-12 13:42:09,148 INFO  EvoClassLoader - Keeping class: org.apache.hadoop.security.UserGroupInformation$UgiMetrics
2024-11-12 13:42:09,148 INFO  EvoClassLoader - Seeing class for first time: org.apache.hadoop.metrics2.lib.DefaultMetricsSystem
2024-11-12 13:42:09,148 INFO  EvoClassLoader - Instrumenting class 'org.apache.hadoop.metrics2.lib.DefaultMetricsSystem'.
2024-11-12 13:42:09,148 INFO  MethodCallReplacementClassAdapter - Adding mock interface to class org/apache/hadoop/metrics2/lib/DefaultMetricsSystem
2024-11-12 13:42:09,148 INFO  CreateClassResetClassAdapter - Found static initializer in class org/apache/hadoop/metrics2/lib/DefaultMetricsSystem
2024-11-12 13:42:09,149 INFO  EvoClassLoader - Keeping class: org.apache.hadoop.metrics2.lib.DefaultMetricsSystem
2024-11-12 13:42:09,149 INFO  EvoClassLoader - Seeing class for first time: org.apache.hadoop.metrics2.lib.MetricsRegistry
2024-11-12 13:42:09,149 INFO  EvoClassLoader - Instrumenting class 'org.apache.hadoop.metrics2.lib.MetricsRegistry'.
2024-11-12 13:42:09,149 INFO  MethodCallReplacementClassAdapter - Adding mock interface to class org/apache/hadoop/metrics2/lib/MetricsRegistry
2024-11-12 13:42:09,150 INFO  CreateClassResetClassAdapter - Creating brand-new static initializer in class org/apache/hadoop/metrics2/lib/MetricsRegistry
2024-11-12 13:42:09,150 INFO  EvoClassLoader - Keeping class: org.apache.hadoop.metrics2.lib.MetricsRegistry
2024-11-12 13:42:09,151 INFO  EvoClassLoader - Seeing class for first time: org.apache.hadoop.thirdparty.com.google.common.collect.Maps
2024-11-12 13:42:09,151 INFO  EvoClassLoader - Instrumenting class 'org.apache.hadoop.thirdparty.com.google.common.collect.Maps'.
2024-11-12 13:42:09,152 INFO  MethodCallReplacementClassAdapter - Adding mock interface to class org/apache/hadoop/thirdparty/com/google/common/collect/Maps
2024-11-12 13:42:09,155 INFO  CreateClassResetClassAdapter - Creating brand-new static initializer in class org/apache/hadoop/thirdparty/com/google/common/collect/Maps
2024-11-12 13:42:09,156 INFO  EvoClassLoader - Keeping class: org.apache.hadoop.thirdparty.com.google.common.collect.Maps
2024-11-12 13:42:09,156 INFO  EvoClassLoader - Seeing class for first time: org.apache.hadoop.thirdparty.com.google.common.collect.Maps$8
2024-11-12 13:42:09,156 INFO  EvoClassLoader - Instrumenting class 'org.apache.hadoop.thirdparty.com.google.common.collect.Maps$8'.
2024-11-12 13:42:09,157 INFO  MethodCallReplacementClassAdapter - Adding mock interface to class org/apache/hadoop/thirdparty/com/google/common/collect/Maps$8
2024-11-12 13:42:09,157 INFO  EvoClassLoader - Keeping class: org.apache.hadoop.thirdparty.com.google.common.collect.Maps$8
2024-11-12 13:42:09,157 INFO  EvoClassLoader - Seeing class for first time: org.apache.hadoop.thirdparty.com.google.common.collect.Maps$BiMapConverter
2024-11-12 13:42:09,157 INFO  EvoClassLoader - Instrumenting class 'org.apache.hadoop.thirdparty.com.google.common.collect.Maps$BiMapConverter'.
2024-11-12 13:42:09,157 INFO  MethodCallReplacementClassAdapter - Adding mock interface to class org/apache/hadoop/thirdparty/com/google/common/collect/Maps$BiMapConverter
2024-11-12 13:42:09,157 INFO  CreateClassResetClassAdapter - Creating brand-new static initializer in class org/apache/hadoop/thirdparty/com/google/common/collect/Maps$BiMapConverter
2024-11-12 13:42:09,158 INFO  EvoClassLoader - Keeping class: org.apache.hadoop.thirdparty.com.google.common.collect.Maps$BiMapConverter
2024-11-12 13:42:09,158 INFO  EvoClassLoader - Seeing class for first time: org.apache.hadoop.metrics2.lib.Interns
2024-11-12 13:42:09,158 INFO  EvoClassLoader - Instrumenting class 'org.apache.hadoop.metrics2.lib.Interns'.
2024-11-12 13:42:09,158 INFO  MethodCallReplacementClassAdapter - Adding mock interface to class org/apache/hadoop/metrics2/lib/Interns
2024-11-12 13:42:09,158 INFO  CreateClassResetClassAdapter - Found static initializer in class org/apache/hadoop/metrics2/lib/Interns
2024-11-12 13:42:09,158 INFO  EvoClassLoader - Keeping class: org.apache.hadoop.metrics2.lib.Interns
2024-11-12 13:42:09,159 INFO  EvoClassLoader - Seeing class for first time: org.apache.hadoop.metrics2.lib.MetricsInfoImpl
2024-11-12 13:42:09,159 INFO  EvoClassLoader - Instrumenting class 'org.apache.hadoop.metrics2.lib.MetricsInfoImpl'.
2024-11-12 13:42:09,159 INFO  MethodCallReplacementClassAdapter - Adding mock interface to class org/apache/hadoop/metrics2/lib/MetricsInfoImpl
2024-11-12 13:42:09,159 INFO  CreateClassResetClassAdapter - Creating brand-new static initializer in class org/apache/hadoop/metrics2/lib/MetricsInfoImpl
2024-11-12 13:42:09,159 INFO  EvoClassLoader - Keeping class: org.apache.hadoop.metrics2.lib.MetricsInfoImpl
2024-11-12 13:42:09,159 INFO  EvoClassLoader - Seeing class for first time: org.apache.hadoop.metrics2.impl.MetricsCollectorImpl
2024-11-12 13:42:09,159 INFO  EvoClassLoader - Instrumenting class 'org.apache.hadoop.metrics2.impl.MetricsCollectorImpl'.
2024-11-12 13:42:09,159 INFO  MethodCallReplacementClassAdapter - Adding mock interface to class org/apache/hadoop/metrics2/impl/MetricsCollectorImpl
2024-11-12 13:42:09,159 INFO  CreateClassResetClassAdapter - Creating brand-new static initializer in class org/apache/hadoop/metrics2/impl/MetricsCollectorImpl
2024-11-12 13:42:09,160 INFO  EvoClassLoader - Seeing class for first time: org.apache.hadoop.metrics2.MetricsCollector
2024-11-12 13:42:09,160 INFO  EvoClassLoader - Instrumenting class 'org.apache.hadoop.metrics2.MetricsCollector'.
2024-11-12 13:42:09,160 INFO  EvoClassLoader - Keeping class: org.apache.hadoop.metrics2.MetricsCollector
2024-11-12 13:42:09,160 INFO  EvoClassLoader - Keeping class: org.apache.hadoop.metrics2.impl.MetricsCollectorImpl
2024-11-12 13:42:09,160 INFO  EvoClassLoader - Seeing class for first time: org.apache.hadoop.metrics2.lib.MetricsAnnotations
2024-11-12 13:42:09,160 INFO  EvoClassLoader - Instrumenting class 'org.apache.hadoop.metrics2.lib.MetricsAnnotations'.
2024-11-12 13:42:09,161 INFO  MethodCallReplacementClassAdapter - Adding mock interface to class org/apache/hadoop/metrics2/lib/MetricsAnnotations
2024-11-12 13:42:09,161 INFO  CreateClassResetClassAdapter - Creating brand-new static initializer in class org/apache/hadoop/metrics2/lib/MetricsAnnotations
2024-11-12 13:42:09,161 INFO  EvoClassLoader - Keeping class: org.apache.hadoop.metrics2.lib.MetricsAnnotations
2024-11-12 13:42:09,161 INFO  EvoClassLoader - Seeing class for first time: org.apache.hadoop.metrics2.lib.MutableMetricsFactory
2024-11-12 13:42:09,161 INFO  EvoClassLoader - Instrumenting class 'org.apache.hadoop.metrics2.lib.MutableMetricsFactory'.
2024-11-12 13:42:09,161 INFO  MethodCallReplacementClassAdapter - Adding mock interface to class org/apache/hadoop/metrics2/lib/MutableMetricsFactory
2024-11-12 13:42:09,162 INFO  CreateClassResetClassAdapter - Found static initializer in class org/apache/hadoop/metrics2/lib/MutableMetricsFactory
2024-11-12 13:42:09,163 INFO  EvoClassLoader - Keeping class: org.apache.hadoop.metrics2.lib.MutableMetricsFactory
2024-11-12 13:42:09,163 INFO  EvoClassLoader - Seeing class for first time: org.apache.hadoop.metrics2.lib.MutableCounterInt
2024-11-12 13:42:09,163 INFO  EvoClassLoader - Instrumenting class 'org.apache.hadoop.metrics2.lib.MutableCounterInt'.
2024-11-12 13:42:09,163 INFO  MethodCallReplacementClassAdapter - Adding mock interface to class org/apache/hadoop/metrics2/lib/MutableCounterInt
2024-11-12 13:42:09,164 INFO  CreateClassResetClassAdapter - Creating brand-new static initializer in class org/apache/hadoop/metrics2/lib/MutableCounterInt
2024-11-12 13:42:09,164 INFO  EvoClassLoader - Keeping class: org.apache.hadoop.metrics2.lib.MutableCounterInt
2024-11-12 13:42:09,164 INFO  EvoClassLoader - Seeing class for first time: org.apache.hadoop.metrics2.lib.MutableCounterLong
2024-11-12 13:42:09,164 INFO  EvoClassLoader - Instrumenting class 'org.apache.hadoop.metrics2.lib.MutableCounterLong'.
2024-11-12 13:42:09,164 INFO  MethodCallReplacementClassAdapter - Adding mock interface to class org/apache/hadoop/metrics2/lib/MutableCounterLong
2024-11-12 13:42:09,164 INFO  CreateClassResetClassAdapter - Creating brand-new static initializer in class org/apache/hadoop/metrics2/lib/MutableCounterLong
2024-11-12 13:42:09,164 INFO  EvoClassLoader - Keeping class: org.apache.hadoop.metrics2.lib.MutableCounterLong
2024-11-12 13:42:09,164 INFO  EvoClassLoader - Seeing class for first time: org.apache.hadoop.metrics2.lib.MutableGaugeLong
2024-11-12 13:42:09,164 INFO  EvoClassLoader - Instrumenting class 'org.apache.hadoop.metrics2.lib.MutableGaugeLong'.
2024-11-12 13:42:09,165 INFO  MethodCallReplacementClassAdapter - Adding mock interface to class org/apache/hadoop/metrics2/lib/MutableGaugeLong
2024-11-12 13:42:09,165 INFO  CreateClassResetClassAdapter - Creating brand-new static initializer in class org/apache/hadoop/metrics2/lib/MutableGaugeLong
2024-11-12 13:42:09,165 INFO  EvoClassLoader - Keeping class: org.apache.hadoop.metrics2.lib.MutableGaugeLong
2024-11-12 13:42:09,165 INFO  EvoClassLoader - Seeing class for first time: org.apache.hadoop.metrics2.lib.MutableGaugeFloat
2024-11-12 13:42:09,165 INFO  EvoClassLoader - Instrumenting class 'org.apache.hadoop.metrics2.lib.MutableGaugeFloat'.
2024-11-12 13:42:09,165 INFO  MethodCallReplacementClassAdapter - Adding mock interface to class org/apache/hadoop/metrics2/lib/MutableGaugeFloat
2024-11-12 13:42:09,165 INFO  CreateClassResetClassAdapter - Creating brand-new static initializer in class org/apache/hadoop/metrics2/lib/MutableGaugeFloat
2024-11-12 13:42:09,166 INFO  EvoClassLoader - Keeping class: org.apache.hadoop.metrics2.lib.MutableGaugeFloat
2024-11-12 13:42:09,166 INFO  EvoClassLoader - Seeing class for first time: org.apache.hadoop.metrics2.lib.MutableRates
2024-11-12 13:42:09,166 INFO  EvoClassLoader - Instrumenting class 'org.apache.hadoop.metrics2.lib.MutableRates'.
2024-11-12 13:42:09,166 INFO  MethodCallReplacementClassAdapter - Adding mock interface to class org/apache/hadoop/metrics2/lib/MutableRates
2024-11-12 13:42:09,166 INFO  CreateClassResetClassAdapter - Found static initializer in class org/apache/hadoop/metrics2/lib/MutableRates
2024-11-12 13:42:09,167 INFO  EvoClassLoader - Keeping class: org.apache.hadoop.metrics2.lib.MutableRates
2024-11-12 13:42:09,167 INFO  EvoClassLoader - Seeing class for first time: org.apache.hadoop.metrics2.lib.MutableRollingAverages
2024-11-12 13:42:09,167 INFO  EvoClassLoader - Instrumenting class 'org.apache.hadoop.metrics2.lib.MutableRollingAverages'.
2024-11-12 13:42:09,168 INFO  MethodCallReplacementClassAdapter - Adding mock interface to class org/apache/hadoop/metrics2/lib/MutableRollingAverages
2024-11-12 13:42:09,168 INFO  CreateClassResetClassAdapter - Found static initializer in class org/apache/hadoop/metrics2/lib/MutableRollingAverages
2024-11-12 13:42:09,168 INFO  EvoClassLoader - Keeping class: org.apache.hadoop.metrics2.lib.MutableRollingAverages
2024-11-12 13:42:09,169 INFO  EvoClassLoader - Seeing class for first time: org.apache.hadoop.metrics2.lib.MethodMetric
2024-11-12 13:42:09,169 INFO  EvoClassLoader - Instrumenting class 'org.apache.hadoop.metrics2.lib.MethodMetric'.
2024-11-12 13:42:09,169 INFO  MethodCallReplacementClassAdapter - Adding mock interface to class org/apache/hadoop/metrics2/lib/MethodMetric
2024-11-12 13:42:09,169 INFO  CreateClassResetClassAdapter - Found static initializer in class org/apache/hadoop/metrics2/lib/MethodMetric
2024-11-12 13:42:09,170 INFO  EvoClassLoader - Keeping class: org.apache.hadoop.metrics2.lib.MethodMetric
2024-11-12 13:42:09,170 INFO  EvoClassLoader - Seeing class for first time: org.apache.hadoop.util.ReflectionUtils
2024-11-12 13:42:09,170 INFO  EvoClassLoader - Instrumenting class 'org.apache.hadoop.util.ReflectionUtils'.
2024-11-12 13:42:09,171 INFO  MethodCallReplacementClassAdapter - Adding mock interface to class org/apache/hadoop/util/ReflectionUtils
2024-11-12 13:42:09,172 INFO  CreateClassResetClassAdapter - Found static initializer in class org/apache/hadoop/util/ReflectionUtils
2024-11-12 13:42:09,173 INFO  EvoClassLoader - Keeping class: org.apache.hadoop.util.ReflectionUtils
2024-11-12 13:42:09,175 INFO  EvoClassLoader - Seeing class for first time: org.apache.hadoop.security.UserGroupInformation$LoginParams
2024-11-12 13:42:09,175 INFO  EvoClassLoader - Instrumenting class 'org.apache.hadoop.security.UserGroupInformation$LoginParams'.
2024-11-12 13:42:09,176 INFO  MethodCallReplacementClassAdapter - Adding mock interface to class org/apache/hadoop/security/UserGroupInformation$LoginParams
2024-11-12 13:42:09,176 INFO  CreateClassResetClassAdapter - Creating brand-new static initializer in class org/apache/hadoop/security/UserGroupInformation$LoginParams
2024-11-12 13:42:09,176 INFO  EvoClassLoader - Keeping class: org.apache.hadoop.security.UserGroupInformation$LoginParams
2024-11-12 13:42:09,176 INFO  EvoClassLoader - Seeing class for first time: org.apache.hadoop.security.UserGroupInformation$LoginParam
2024-11-12 13:42:09,176 INFO  EvoClassLoader - Instrumenting class 'org.apache.hadoop.security.UserGroupInformation$LoginParam'.
2024-11-12 13:42:09,176 INFO  MethodCallReplacementClassAdapter - Adding mock interface to class org/apache/hadoop/security/UserGroupInformation$LoginParam
2024-11-12 13:42:09,176 INFO  CreateClassResetClassAdapter - Found static initializer in class org/apache/hadoop/security/UserGroupInformation$LoginParam
2024-11-12 13:42:09,176 INFO  EvoClassLoader - Keeping class: org.apache.hadoop.security.UserGroupInformation$LoginParam
2024-11-12 13:42:09,176 INFO  EvoClassLoader - Seeing class for first time: org.apache.hadoop.security.UserGroupInformation$RealUser
2024-11-12 13:42:09,176 INFO  EvoClassLoader - Instrumenting class 'org.apache.hadoop.security.UserGroupInformation$RealUser'.
2024-11-12 13:42:09,177 INFO  MethodCallReplacementClassAdapter - Adding mock interface to class org/apache/hadoop/security/UserGroupInformation$RealUser
2024-11-12 13:42:09,177 INFO  CreateClassResetClassAdapter - Creating brand-new static initializer in class org/apache/hadoop/security/UserGroupInformation$RealUser
2024-11-12 13:42:09,177 INFO  EvoClassLoader - Keeping class: org.apache.hadoop.security.UserGroupInformation$RealUser
2024-11-12 13:42:09,177 INFO  EvoClassLoader - Seeing class for first time: org.apache.hadoop.metrics2.impl.MsInfo
2024-11-12 13:42:09,177 INFO  EvoClassLoader - Instrumenting class 'org.apache.hadoop.metrics2.impl.MsInfo'.
2024-11-12 13:42:09,177 INFO  MethodCallReplacementClassAdapter - Adding mock interface to class org/apache/hadoop/metrics2/impl/MsInfo
2024-11-12 13:42:09,177 INFO  CreateClassResetClassAdapter - Found static initializer in class org/apache/hadoop/metrics2/impl/MsInfo
2024-11-12 13:42:09,177 INFO  EvoClassLoader - Keeping class: org.apache.hadoop.metrics2.impl.MsInfo
2024-11-12 13:42:09,177 INFO  EvoClassLoader - Seeing class for first time: org.apache.hadoop.metrics2.lib.Interns$Tags
2024-11-12 13:42:09,177 INFO  EvoClassLoader - Instrumenting class 'org.apache.hadoop.metrics2.lib.Interns$Tags'.
2024-11-12 13:42:09,177 INFO  MethodCallReplacementClassAdapter - Adding mock interface to class org/apache/hadoop/metrics2/lib/Interns$Tags
2024-11-12 13:42:09,178 INFO  CreateClassResetClassAdapter - Found static initializer in class org/apache/hadoop/metrics2/lib/Interns$Tags
2024-11-12 13:42:09,178 INFO  EvoClassLoader - Keeping class: org.apache.hadoop.metrics2.lib.Interns$Tags
2024-11-12 13:42:09,178 INFO  EvoClassLoader - Seeing class for first time: org.apache.hadoop.metrics2.annotation.Metric$Type
2024-11-12 13:42:09,178 INFO  EvoClassLoader - Instrumenting class 'org.apache.hadoop.metrics2.annotation.Metric$Type'.
2024-11-12 13:42:09,178 INFO  MethodCallReplacementClassAdapter - Adding mock interface to class org/apache/hadoop/metrics2/annotation/Metric$Type
2024-11-12 13:42:09,178 INFO  CreateClassResetClassAdapter - Found static initializer in class org/apache/hadoop/metrics2/annotation/Metric$Type
2024-11-12 13:42:09,178 INFO  EvoClassLoader - Keeping class: org.apache.hadoop.metrics2.annotation.Metric$Type
2024-11-12 13:42:09,181 INFO  EvoClassLoader - Seeing class for first time: org.apache.commons.cli.Option
2024-11-12 13:42:09,181 INFO  EvoClassLoader - Instrumenting class 'org.apache.commons.cli.Option'.
2024-11-12 13:42:09,181 INFO  MethodCallReplacementClassAdapter - Adding mock interface to class org/apache/commons/cli/Option
2024-11-12 13:42:09,182 INFO  CreateClassResetClassAdapter - Creating brand-new static initializer in class org/apache/commons/cli/Option
2024-11-12 13:42:09,182 INFO  CreateClassResetClassAdapter - Adding bytecode for initializing field UNINITIALIZED
2024-11-12 13:42:09,182 INFO  CreateClassResetClassAdapter - Adding bytecode for initializing field UNLIMITED_VALUES
2024-11-12 13:42:09,182 INFO  EvoClassLoader - Keeping class: org.apache.commons.cli.Option
2024-11-12 13:42:09,183 INFO  EvoClassLoader - Seeing class for first time: org.apache.hadoop.net.DomainNameResolver
2024-11-12 13:42:09,183 INFO  EvoClassLoader - Instrumenting class 'org.apache.hadoop.net.DomainNameResolver'.
2024-11-12 13:42:09,183 INFO  EvoClassLoader - Keeping class: org.apache.hadoop.net.DomainNameResolver
2024-11-12 13:42:09,183 INFO  EvoClassLoader - Seeing class for first time: org.apache.hadoop.fs.FileSystem$Cache$Key
2024-11-12 13:42:09,183 INFO  EvoClassLoader - Instrumenting class 'org.apache.hadoop.fs.FileSystem$Cache$Key'.
2024-11-12 13:42:09,183 INFO  MethodCallReplacementClassAdapter - Adding mock interface to class org/apache/hadoop/fs/FileSystem$Cache$Key
2024-11-12 13:42:09,183 INFO  CreateClassResetClassAdapter - Creating brand-new static initializer in class org/apache/hadoop/fs/FileSystem$Cache$Key
2024-11-12 13:42:09,184 INFO  EvoClassLoader - Keeping class: org.apache.hadoop.fs.FileSystem$Cache$Key
2024-11-12 13:42:09,184 INFO  EvoClassLoader - Seeing class for first time: org.apache.hadoop.security.SecurityInfo
2024-11-12 13:42:09,184 INFO  EvoClassLoader - Instrumenting class 'org.apache.hadoop.security.SecurityInfo'.
2024-11-12 13:42:09,184 INFO  MethodCallReplacementClassAdapter - Adding mock interface to class org/apache/hadoop/security/SecurityInfo
2024-11-12 13:42:09,184 INFO  CreateClassResetClassAdapter - Creating brand-new static initializer in class org/apache/hadoop/security/SecurityInfo
2024-11-12 13:42:09,184 INFO  EvoClassLoader - Keeping class: org.apache.hadoop.security.SecurityInfo
2024-11-12 13:42:09,184 INFO  EvoClassLoader - Seeing class for first time: org.apache.hadoop.security.token.TokenInfo
2024-11-12 13:42:09,184 INFO  EvoClassLoader - Instrumenting class 'org.apache.hadoop.security.token.TokenInfo'.
2024-11-12 13:42:09,184 INFO  EvoClassLoader - Keeping class: org.apache.hadoop.security.token.TokenInfo
2024-11-12 13:42:09,185 INFO  EvoClassLoader - Seeing class for first time: org.apache.hadoop.hdfs.tools.DFSAdmin$RollingUpgradeCommand
2024-11-12 13:42:09,185 INFO  EvoClassLoader - Instrumenting class 'org.apache.hadoop.hdfs.tools.DFSAdmin$RollingUpgradeCommand'.
2024-11-12 13:42:09,185 INFO  MethodCallReplacementClassAdapter - Adding mock interface to class org/apache/hadoop/hdfs/tools/DFSAdmin$RollingUpgradeCommand
2024-11-12 13:42:09,186 INFO  CreateClassResetClassAdapter - Creating brand-new static initializer in class org/apache/hadoop/hdfs/tools/DFSAdmin$RollingUpgradeCommand
2024-11-12 13:42:09,186 INFO  CreateClassResetClassAdapter - Adding bytecode for initializing field NAME
2024-11-12 13:42:09,186 INFO  CreateClassResetClassAdapter - Adding bytecode for initializing field USAGE
2024-11-12 13:42:09,186 INFO  CreateClassResetClassAdapter - Adding bytecode for initializing field DESCRIPTION
2024-11-12 13:42:09,186 INFO  EvoClassLoader - Keeping class: org.apache.hadoop.hdfs.tools.DFSAdmin$RollingUpgradeCommand
2024-11-12 13:42:09,186 INFO  EvoClassLoader - Seeing class for first time: org.apache.commons.cli.Options
2024-11-12 13:42:09,186 INFO  EvoClassLoader - Instrumenting class 'org.apache.commons.cli.Options'.
2024-11-12 13:42:09,187 INFO  MethodCallReplacementClassAdapter - Adding mock interface to class org/apache/commons/cli/Options
2024-11-12 13:42:09,187 INFO  CreateClassResetClassAdapter - Creating brand-new static initializer in class org/apache/commons/cli/Options
2024-11-12 13:42:09,187 INFO  EvoClassLoader - Keeping class: org.apache.commons.cli.Options
2024-11-12 13:42:09,188 INFO  EvoClassLoader - Seeing class for first time: org.apache.commons.cli.OptionBuilder
2024-11-12 13:42:09,188 INFO  EvoClassLoader - Instrumenting class 'org.apache.commons.cli.OptionBuilder'.
2024-11-12 13:42:09,188 INFO  MethodCallReplacementClassAdapter - Adding mock interface to class org/apache/commons/cli/OptionBuilder
2024-11-12 13:42:09,188 INFO  CreateClassResetClassAdapter - Found static initializer in class org/apache/commons/cli/OptionBuilder
2024-11-12 13:42:09,188 INFO  EvoClassLoader - Keeping class: org.apache.commons.cli.OptionBuilder
2024-11-12 13:42:09,189 INFO  EvoClassLoader - Seeing class for first time: org.apache.hadoop.util.PerformanceAdvisory
2024-11-12 13:42:09,189 INFO  EvoClassLoader - Instrumenting class 'org.apache.hadoop.util.PerformanceAdvisory'.
2024-11-12 13:42:09,189 INFO  MethodCallReplacementClassAdapter - Adding mock interface to class org/apache/hadoop/util/PerformanceAdvisory
2024-11-12 13:42:09,189 INFO  CreateClassResetClassAdapter - Found static initializer in class org/apache/hadoop/util/PerformanceAdvisory
2024-11-12 13:42:09,189 INFO  EvoClassLoader - Keeping class: org.apache.hadoop.util.PerformanceAdvisory
2024-11-12 13:42:09,189 INFO  EvoClassLoader - Seeing class for first time: org.apache.hadoop.util.ToolRunner
2024-11-12 13:42:09,189 INFO  EvoClassLoader - Instrumenting class 'org.apache.hadoop.util.ToolRunner'.
2024-11-12 13:42:09,189 INFO  MethodCallReplacementClassAdapter - Adding mock interface to class org/apache/hadoop/util/ToolRunner
2024-11-12 13:42:09,190 INFO  CreateClassResetClassAdapter - Creating brand-new static initializer in class org/apache/hadoop/util/ToolRunner
2024-11-12 13:42:09,190 INFO  EvoClassLoader - Keeping class: org.apache.hadoop.util.ToolRunner
2024-11-12 13:42:09,190 INFO  EvoClassLoader - Seeing class for first time: org.apache.hadoop.ipc.RemoteException
2024-11-12 13:42:09,190 INFO  EvoClassLoader - Instrumenting class 'org.apache.hadoop.ipc.RemoteException'.
2024-11-12 13:42:09,190 INFO  MethodCallReplacementClassAdapter - Adding mock interface to class org/apache/hadoop/ipc/RemoteException
2024-11-12 13:42:09,190 INFO  CreateClassResetClassAdapter - Creating brand-new static initializer in class org/apache/hadoop/ipc/RemoteException
2024-11-12 13:42:09,190 INFO  CreateClassResetClassAdapter - Adding bytecode for initializing field UNSPECIFIED_ERROR
2024-11-12 13:42:09,190 INFO  EvoClassLoader - Keeping class: org.apache.hadoop.ipc.RemoteException
2024-11-12 13:42:09,191 INFO  EvoClassLoader - Seeing class for first time: org.apache.hadoop.security.authentication.util.KerberosUtil
2024-11-12 13:42:09,191 INFO  EvoClassLoader - Instrumenting class 'org.apache.hadoop.security.authentication.util.KerberosUtil'.
2024-11-12 13:42:09,191 INFO  MethodCallReplacementClassAdapter - Adding mock interface to class org/apache/hadoop/security/authentication/util/KerberosUtil
2024-11-12 13:42:09,192 INFO  CreateClassResetClassAdapter - Found static initializer in class org/apache/hadoop/security/authentication/util/KerberosUtil
2024-11-12 13:42:09,192 INFO  EvoClassLoader - Keeping class: org.apache.hadoop.security.authentication.util.KerberosUtil
2024-11-12 13:42:09,192 INFO  EvoClassLoader - Seeing class for first time: org.ietf.jgss.GSSException
2024-11-12 13:42:09,192 INFO  EvoClassLoader - Instrumenting class 'org.ietf.jgss.GSSException'.
2024-11-12 13:42:09,192 INFO  MethodCallReplacementClassAdapter - Adding mock interface to class org/ietf/jgss/GSSException
2024-11-12 13:42:09,192 INFO  CreateClassResetClassAdapter - Found static initializer in class org/ietf/jgss/GSSException
2024-11-12 13:42:09,193 INFO  EvoClassLoader - Defined package (3): package org.ietf.jgss, 438637363
2024-11-12 13:42:09,193 INFO  EvoClassLoader - Keeping class: org.ietf.jgss.GSSException
2024-11-12 13:42:09,193 INFO  EvoClassLoader - Seeing class for first time: org.ietf.jgss.Oid
2024-11-12 13:42:09,193 INFO  EvoClassLoader - Instrumenting class 'org.ietf.jgss.Oid'.
2024-11-12 13:42:09,193 INFO  MethodCallReplacementClassAdapter - Adding mock interface to class org/ietf/jgss/Oid
2024-11-12 13:42:09,193 INFO  CreateClassResetClassAdapter - Creating brand-new static initializer in class org/ietf/jgss/Oid
2024-11-12 13:42:09,193 INFO  EvoClassLoader - Keeping class: org.ietf.jgss.Oid
2024-11-12 13:42:09,194 INFO  EvoClassLoader - Seeing class for first time: org.apache.hadoop.security.SecurityUtil
2024-11-12 13:42:09,194 INFO  EvoClassLoader - Instrumenting class 'org.apache.hadoop.security.SecurityUtil'.
2024-11-12 13:42:09,195 INFO  MethodCallReplacementClassAdapter - Adding mock interface to class org/apache/hadoop/security/SecurityUtil
2024-11-12 13:42:09,196 INFO  CreateClassResetClassAdapter - Found static initializer in class org/apache/hadoop/security/SecurityUtil
2024-11-12 13:42:09,197 INFO  EvoClassLoader - Keeping class: org.apache.hadoop.security.SecurityUtil
2024-11-12 13:42:09,275 INFO  EvoClassLoader - Seeing class for first time: org.apache.hadoop.net.DNSDomainNameResolver
2024-11-12 13:42:09,275 INFO  EvoClassLoader - Instrumenting class 'org.apache.hadoop.net.DNSDomainNameResolver'.
2024-11-12 13:42:09,276 INFO  MethodCallReplacementClassAdapter - Adding mock interface to class org/apache/hadoop/net/DNSDomainNameResolver
2024-11-12 13:42:09,276 INFO  CreateClassResetClassAdapter - Found static initializer in class org/apache/hadoop/net/DNSDomainNameResolver
2024-11-12 13:42:09,276 INFO  EvoClassLoader - Keeping class: org.apache.hadoop.net.DNSDomainNameResolver
2024-11-12 13:42:09,276 INFO  EvoClassLoader - Seeing class for first time: org.apache.hadoop.mapred.JobConf
2024-11-12 13:42:09,276 INFO  EvoClassLoader - Instrumenting class 'org.apache.hadoop.mapred.JobConf'.
2024-11-12 13:42:09,276 INFO  EvoClassLoader - Error while loading class: java.lang.ClassNotFoundException: Class 'org/apache/hadoop/mapred/JobConf.class' should be in target project, but could not be found!
2024-11-12 13:42:09,277 INFO  EvoClassLoader - Seeing class for first time: org.apache.hadoop.hdfs.tools.AdminHelper
2024-11-12 13:42:09,277 INFO  EvoClassLoader - Instrumenting class 'org.apache.hadoop.hdfs.tools.AdminHelper'.
2024-11-12 13:42:09,277 INFO  MethodCallReplacementClassAdapter - Adding mock interface to class org/apache/hadoop/hdfs/tools/AdminHelper
2024-11-12 13:42:09,277 INFO  CreateClassResetClassAdapter - Creating brand-new static initializer in class org/apache/hadoop/hdfs/tools/AdminHelper
2024-11-12 13:42:09,277 INFO  CreateClassResetClassAdapter - Adding bytecode for initializing field MAX_LINE_WIDTH
2024-11-12 13:42:09,277 INFO  CreateClassResetClassAdapter - Adding bytecode for initializing field HELP_COMMAND_NAME
2024-11-12 13:42:09,278 INFO  EvoClassLoader - Keeping class: org.apache.hadoop.hdfs.tools.AdminHelper
2024-11-12 13:42:09,278 INFO  EvoClassLoader - Seeing class for first time: org.apache.hadoop.hdfs.tools.DFSAdmin$ClearSpaceQuotaCommand
2024-11-12 13:42:09,278 INFO  EvoClassLoader - Instrumenting class 'org.apache.hadoop.hdfs.tools.DFSAdmin$ClearSpaceQuotaCommand'.
2024-11-12 13:42:09,278 INFO  MethodCallReplacementClassAdapter - Adding mock interface to class org/apache/hadoop/hdfs/tools/DFSAdmin$ClearSpaceQuotaCommand
2024-11-12 13:42:09,278 INFO  CreateClassResetClassAdapter - Creating brand-new static initializer in class org/apache/hadoop/hdfs/tools/DFSAdmin$ClearSpaceQuotaCommand
2024-11-12 13:42:09,278 INFO  CreateClassResetClassAdapter - Adding bytecode for initializing field NAME
2024-11-12 13:42:09,278 INFO  CreateClassResetClassAdapter - Adding bytecode for initializing field USAGE
2024-11-12 13:42:09,278 INFO  CreateClassResetClassAdapter - Adding bytecode for initializing field DESCRIPTION
2024-11-12 13:42:09,279 INFO  EvoClassLoader - Keeping class: org.apache.hadoop.hdfs.tools.DFSAdmin$ClearSpaceQuotaCommand
2024-11-12 13:42:09,279 INFO  EvoClassLoader - Seeing class for first time: org.apache.hadoop.hdfs.protocol.HdfsConstants$SafeModeAction
2024-11-12 13:42:09,279 INFO  EvoClassLoader - Instrumenting class 'org.apache.hadoop.hdfs.protocol.HdfsConstants$SafeModeAction'.
2024-11-12 13:42:09,279 INFO  MethodCallReplacementClassAdapter - Adding mock interface to class org/apache/hadoop/hdfs/protocol/HdfsConstants$SafeModeAction
2024-11-12 13:42:09,279 INFO  CreateClassResetClassAdapter - Found static initializer in class org/apache/hadoop/hdfs/protocol/HdfsConstants$SafeModeAction
2024-11-12 13:42:09,279 INFO  EvoClassLoader - Keeping class: org.apache.hadoop.hdfs.protocol.HdfsConstants$SafeModeAction
2024-11-12 13:42:09,279 INFO  EvoClassLoader - Seeing class for first time: org.apache.hadoop.thirdparty.com.google.common.cache.LocalCache$KeySet
2024-11-12 13:42:09,279 INFO  EvoClassLoader - Instrumenting class 'org.apache.hadoop.thirdparty.com.google.common.cache.LocalCache$KeySet'.
2024-11-12 13:42:09,279 INFO  MethodCallReplacementClassAdapter - Adding mock interface to class org/apache/hadoop/thirdparty/com/google/common/cache/LocalCache$KeySet
2024-11-12 13:42:09,280 INFO  CreateClassResetClassAdapter - Creating brand-new static initializer in class org/apache/hadoop/thirdparty/com/google/common/cache/LocalCache$KeySet
2024-11-12 13:42:09,280 INFO  EvoClassLoader - Keeping class: org.apache.hadoop.thirdparty.com.google.common.cache.LocalCache$KeySet
2024-11-12 13:42:09,280 INFO  EvoClassLoader - Seeing class for first time: org.apache.hadoop.fs.QuotaUsage$Builder
2024-11-12 13:42:09,280 INFO  EvoClassLoader - Instrumenting class 'org.apache.hadoop.fs.QuotaUsage$Builder'.
2024-11-12 13:42:09,280 INFO  MethodCallReplacementClassAdapter - Adding mock interface to class org/apache/hadoop/fs/QuotaUsage$Builder
2024-11-12 13:42:09,280 INFO  CreateClassResetClassAdapter - Creating brand-new static initializer in class org/apache/hadoop/fs/QuotaUsage$Builder
2024-11-12 13:42:09,280 INFO  EvoClassLoader - Keeping class: org.apache.hadoop.fs.QuotaUsage$Builder
2024-11-12 13:42:09,280 INFO  EvoClassLoader - Seeing class for first time: org.apache.hadoop.fs.ContentSummary$Builder
2024-11-12 13:42:09,280 INFO  EvoClassLoader - Instrumenting class 'org.apache.hadoop.fs.ContentSummary$Builder'.
2024-11-12 13:42:09,280 INFO  MethodCallReplacementClassAdapter - Adding mock interface to class org/apache/hadoop/fs/ContentSummary$Builder
2024-11-12 13:42:09,280 INFO  CreateClassResetClassAdapter - Creating brand-new static initializer in class org/apache/hadoop/fs/ContentSummary$Builder
2024-11-12 13:42:09,281 INFO  EvoClassLoader - Keeping class: org.apache.hadoop.fs.ContentSummary$Builder
2024-11-12 13:42:09,281 INFO  EvoClassLoader - Seeing class for first time: org.apache.hadoop.security.token.Token
2024-11-12 13:42:09,281 INFO  EvoClassLoader - Instrumenting class 'org.apache.hadoop.security.token.Token'.
2024-11-12 13:42:09,281 INFO  MethodCallReplacementClassAdapter - Adding mock interface to class org/apache/hadoop/security/token/Token
2024-11-12 13:42:09,282 INFO  CreateClassResetClassAdapter - Found static initializer in class org/apache/hadoop/security/token/Token
2024-11-12 13:42:09,282 INFO  EvoClassLoader - Keeping class: org.apache.hadoop.security.token.Token
2024-11-12 13:42:09,282 INFO  EvoClassLoader - Seeing class for first time: org.apache.hadoop.security.token.TokenRenewer
2024-11-12 13:42:09,282 INFO  EvoClassLoader - Instrumenting class 'org.apache.hadoop.security.token.TokenRenewer'.
2024-11-12 13:42:09,283 INFO  MethodCallReplacementClassAdapter - Adding mock interface to class org/apache/hadoop/security/token/TokenRenewer
2024-11-12 13:42:09,283 INFO  CreateClassResetClassAdapter - Creating brand-new static initializer in class org/apache/hadoop/security/token/TokenRenewer
2024-11-12 13:42:09,283 INFO  EvoClassLoader - Keeping class: org.apache.hadoop.security.token.TokenRenewer
2024-11-12 13:42:09,283 INFO  EvoClassLoader - Seeing class for first time: org.apache.hadoop.security.token.Token$TrivialRenewer
2024-11-12 13:42:09,283 INFO  EvoClassLoader - Instrumenting class 'org.apache.hadoop.security.token.Token$TrivialRenewer'.
2024-11-12 13:42:09,283 INFO  MethodCallReplacementClassAdapter - Adding mock interface to class org/apache/hadoop/security/token/Token$TrivialRenewer
2024-11-12 13:42:09,283 INFO  CreateClassResetClassAdapter - Creating brand-new static initializer in class org/apache/hadoop/security/token/Token$TrivialRenewer
2024-11-12 13:42:09,283 INFO  EvoClassLoader - Keeping class: org.apache.hadoop.security.token.Token$TrivialRenewer
2024-11-12 13:42:09,283 INFO  EvoClassLoader - Seeing class for first time: org.apache.hadoop.security.token.Token$PrivateToken
2024-11-12 13:42:09,283 INFO  EvoClassLoader - Instrumenting class 'org.apache.hadoop.security.token.Token$PrivateToken'.
2024-11-12 13:42:09,283 INFO  MethodCallReplacementClassAdapter - Adding mock interface to class org/apache/hadoop/security/token/Token$PrivateToken
2024-11-12 13:42:09,284 INFO  CreateClassResetClassAdapter - Found static initializer in class org/apache/hadoop/security/token/Token$PrivateToken
2024-11-12 13:42:09,284 INFO  EvoClassLoader - Keeping class: org.apache.hadoop.security.token.Token$PrivateToken
2024-11-12 13:42:09,284 INFO  EvoClassLoader - Seeing class for first time: org.apache.hadoop.ipc.CallerContext$CurrentCallerContextHolder
2024-11-12 13:42:09,284 INFO  EvoClassLoader - Instrumenting class 'org.apache.hadoop.ipc.CallerContext$CurrentCallerContextHolder'.
2024-11-12 13:42:09,285 INFO  MethodCallReplacementClassAdapter - Adding mock interface to class org/apache/hadoop/ipc/CallerContext$CurrentCallerContextHolder
2024-11-12 13:42:09,285 INFO  CreateClassResetClassAdapter - Found static initializer in class org/apache/hadoop/ipc/CallerContext$CurrentCallerContextHolder
2024-11-12 13:42:09,285 INFO  EvoClassLoader - Keeping class: org.apache.hadoop.ipc.CallerContext$CurrentCallerContextHolder
2024-11-12 13:42:09,285 INFO  EvoClassLoader - Seeing class for first time: org.apache.hadoop.classification.InterfaceAudience$LimitedPrivate
2024-11-12 13:42:09,285 INFO  EvoClassLoader - Instrumenting class 'org.apache.hadoop.classification.InterfaceAudience$LimitedPrivate'.
2024-11-12 13:42:09,285 INFO  EvoClassLoader - Keeping class: org.apache.hadoop.classification.InterfaceAudience$LimitedPrivate
2024-11-12 13:42:09,286 INFO  EvoClassLoader - Seeing class for first time: org.apache.hadoop.metrics2.lib.MethodMetric$3
2024-11-12 13:42:09,286 INFO  EvoClassLoader - Instrumenting class 'org.apache.hadoop.metrics2.lib.MethodMetric$3'.
2024-11-12 13:42:09,286 INFO  MethodCallReplacementClassAdapter - Adding mock interface to class org/apache/hadoop/metrics2/lib/MethodMetric$3
2024-11-12 13:42:09,287 INFO  EvoClassLoader - Keeping class: org.apache.hadoop.metrics2.lib.MethodMetric$3
2024-11-12 13:42:09,287 INFO  EvoClassLoader - Seeing class for first time: org.apache.hadoop.metrics2.lib.MethodMetric$1
2024-11-12 13:42:09,287 INFO  EvoClassLoader - Instrumenting class 'org.apache.hadoop.metrics2.lib.MethodMetric$1'.
2024-11-12 13:42:09,288 INFO  MethodCallReplacementClassAdapter - Adding mock interface to class org/apache/hadoop/metrics2/lib/MethodMetric$1
2024-11-12 13:42:09,288 INFO  EvoClassLoader - Keeping class: org.apache.hadoop.metrics2.lib.MethodMetric$1
2024-11-12 13:42:09,288 INFO  EvoClassLoader - Seeing class for first time: org.apache.hadoop.metrics2.lib.MethodMetric$2
2024-11-12 13:42:09,288 INFO  EvoClassLoader - Instrumenting class 'org.apache.hadoop.metrics2.lib.MethodMetric$2'.
2024-11-12 13:42:09,288 INFO  MethodCallReplacementClassAdapter - Adding mock interface to class org/apache/hadoop/metrics2/lib/MethodMetric$2
2024-11-12 13:42:09,289 INFO  EvoClassLoader - Keeping class: org.apache.hadoop.metrics2.lib.MethodMetric$2
2024-11-12 13:42:09,289 INFO  EvoClassLoader - Seeing class for first time: org.apache.hadoop.security.HadoopKerberosName$1
2024-11-12 13:42:09,289 INFO  EvoClassLoader - Instrumenting class 'org.apache.hadoop.security.HadoopKerberosName$1'.
2024-11-12 13:42:09,289 INFO  MethodCallReplacementClassAdapter - Adding mock interface to class org/apache/hadoop/security/HadoopKerberosName$1
2024-11-12 13:42:09,289 INFO  EvoClassLoader - Keeping class: org.apache.hadoop.security.HadoopKerberosName$1
2024-11-12 13:42:09,290 INFO  EvoClassLoader - Seeing class for first time: org.apache.hadoop.hdfs.protocol.ReconfigurationProtocol
2024-11-12 13:42:09,290 INFO  EvoClassLoader - Instrumenting class 'org.apache.hadoop.hdfs.protocol.ReconfigurationProtocol'.
2024-11-12 13:42:09,290 INFO  EvoClassLoader - Keeping class: org.apache.hadoop.hdfs.protocol.ReconfigurationProtocol
2024-11-12 13:42:09,290 INFO  EvoClassLoader - Seeing class for first time: org.codehaus.stax2.XMLStreamLocation2$1
2024-11-12 13:42:09,290 INFO  EvoClassLoader - Instrumenting class 'org.codehaus.stax2.XMLStreamLocation2$1'.
2024-11-12 13:42:09,290 INFO  MethodCallReplacementClassAdapter - Adding mock interface to class org/codehaus/stax2/XMLStreamLocation2$1
2024-11-12 13:42:09,291 INFO  EvoClassLoader - Keeping class: org.codehaus.stax2.XMLStreamLocation2$1
2024-11-12 13:42:09,291 INFO  EvoClassLoader - Seeing class for first time: org.apache.hadoop.classification.InterfaceStability$Unstable
2024-11-12 13:42:09,291 INFO  EvoClassLoader - Instrumenting class 'org.apache.hadoop.classification.InterfaceStability$Unstable'.
2024-11-12 13:42:09,291 INFO  EvoClassLoader - Keeping class: org.apache.hadoop.classification.InterfaceStability$Unstable
2024-11-12 13:42:09,291 INFO  EvoClassLoader - Seeing class for first time: org.apache.hadoop.hdfs.tools.DFSAdmin
2024-11-12 13:42:09,291 INFO  EvoClassLoader - Instrumenting class 'org.apache.hadoop.hdfs.tools.DFSAdmin'.
2024-11-12 13:42:09,293 INFO  MethodCallReplacementClassAdapter - Adding mock interface to class org/apache/hadoop/hdfs/tools/DFSAdmin
2024-11-12 13:42:09,299 INFO  CreateClassResetClassAdapter - Found static initializer in class org/apache/hadoop/hdfs/tools/DFSAdmin
2024-11-12 13:42:09,301 INFO  EvoClassLoader - Keeping class: org.apache.hadoop.hdfs.tools.DFSAdmin
2024-11-12 13:42:09,304 INFO  EvoClassLoader - Seeing class for first time: org.apache.hadoop.fs.RawLocalFileSystem
2024-11-12 13:42:09,304 INFO  EvoClassLoader - Instrumenting class 'org.apache.hadoop.fs.RawLocalFileSystem'.
2024-11-12 13:42:09,304 INFO  MethodCallReplacementClassAdapter - Adding mock interface to class org/apache/hadoop/fs/RawLocalFileSystem
2024-11-12 13:42:09,307 INFO  CreateClassResetClassAdapter - Found static initializer in class org/apache/hadoop/fs/RawLocalFileSystem
2024-11-12 13:42:09,307 INFO  EvoClassLoader - Keeping class: org.apache.hadoop.fs.RawLocalFileSystem
2024-11-12 13:42:09,308 INFO  EvoClassLoader - Seeing class for first time: org.apache.hadoop.fs.FileSystem$Statistics
2024-11-12 13:42:09,308 INFO  EvoClassLoader - Instrumenting class 'org.apache.hadoop.fs.FileSystem$Statistics'.
2024-11-12 13:42:09,308 INFO  MethodCallReplacementClassAdapter - Adding mock interface to class org/apache/hadoop/fs/FileSystem$Statistics
2024-11-12 13:42:09,308 INFO  CreateClassResetClassAdapter - Found static initializer in class org/apache/hadoop/fs/FileSystem$Statistics
2024-11-12 13:42:09,309 INFO  EvoClassLoader - Keeping class: org.apache.hadoop.fs.FileSystem$Statistics
2024-11-12 13:42:09,309 INFO  EvoClassLoader - Seeing class for first time: org.apache.hadoop.fs.BlockLocation
2024-11-12 13:42:09,309 INFO  EvoClassLoader - Instrumenting class 'org.apache.hadoop.fs.BlockLocation'.
2024-11-12 13:42:09,309 INFO  MethodCallReplacementClassAdapter - Adding mock interface to class org/apache/hadoop/fs/BlockLocation
2024-11-12 13:42:09,309 INFO  CreateClassResetClassAdapter - Found static initializer in class org/apache/hadoop/fs/BlockLocation
2024-11-12 13:42:09,310 INFO  EvoClassLoader - Keeping class: org.apache.hadoop.fs.BlockLocation
2024-11-12 13:42:09,310 INFO  EvoClassLoader - Seeing class for first time: org.apache.hadoop.fs.FileStatus
2024-11-12 13:42:09,310 INFO  EvoClassLoader - Instrumenting class 'org.apache.hadoop.fs.FileStatus'.
2024-11-12 13:42:09,310 INFO  MethodCallReplacementClassAdapter - Adding mock interface to class org/apache/hadoop/fs/FileStatus
2024-11-12 13:42:09,311 INFO  CreateClassResetClassAdapter - Found static initializer in class org/apache/hadoop/fs/FileStatus
2024-11-12 13:42:09,311 INFO  EvoClassLoader - Keeping class: org.apache.hadoop.fs.FileStatus
2024-11-12 13:42:09,311 INFO  EvoClassLoader - Seeing class for first time: org.apache.hadoop.fs.FsServerDefaults
2024-11-12 13:42:09,311 INFO  EvoClassLoader - Instrumenting class 'org.apache.hadoop.fs.FsServerDefaults'.
2024-11-12 13:42:09,312 INFO  MethodCallReplacementClassAdapter - Adding mock interface to class org/apache/hadoop/fs/FsServerDefaults
2024-11-12 13:42:09,312 INFO  CreateClassResetClassAdapter - Found static initializer in class org/apache/hadoop/fs/FsServerDefaults
2024-11-12 13:42:09,312 INFO  EvoClassLoader - Keeping class: org.apache.hadoop.fs.FsServerDefaults
2024-11-12 13:42:09,312 INFO  EvoClassLoader - Seeing class for first time: org.apache.hadoop.fs.Options$HandleOpt
2024-11-12 13:42:09,312 INFO  EvoClassLoader - Instrumenting class 'org.apache.hadoop.fs.Options$HandleOpt'.
2024-11-12 13:42:09,312 INFO  MethodCallReplacementClassAdapter - Adding mock interface to class org/apache/hadoop/fs/Options$HandleOpt
2024-11-12 13:42:09,312 INFO  CreateClassResetClassAdapter - Creating brand-new static initializer in class org/apache/hadoop/fs/Options$HandleOpt
2024-11-12 13:42:09,313 INFO  EvoClassLoader - Keeping class: org.apache.hadoop.fs.Options$HandleOpt
2024-11-12 13:42:09,313 INFO  EvoClassLoader - Seeing class for first time: org.apache.hadoop.fs.permission.FsPermission
2024-11-12 13:42:09,313 INFO  EvoClassLoader - Instrumenting class 'org.apache.hadoop.fs.permission.FsPermission'.
2024-11-12 13:42:09,313 INFO  MethodCallReplacementClassAdapter - Adding mock interface to class org/apache/hadoop/fs/permission/FsPermission
2024-11-12 13:42:09,313 INFO  CreateClassResetClassAdapter - Found static initializer in class org/apache/hadoop/fs/permission/FsPermission
2024-11-12 13:42:09,313 INFO  EvoClassLoader - Defined package (3): package org.apache.hadoop.fs.permission, 1810436125
2024-11-12 13:42:09,314 INFO  EvoClassLoader - Keeping class: org.apache.hadoop.fs.permission.FsPermission
2024-11-12 13:42:09,314 INFO  EvoClassLoader - Seeing class for first time: org.apache.hadoop.util.Progressable
2024-11-12 13:42:09,314 INFO  EvoClassLoader - Instrumenting class 'org.apache.hadoop.util.Progressable'.
2024-11-12 13:42:09,314 INFO  EvoClassLoader - Keeping class: org.apache.hadoop.util.Progressable
2024-11-12 13:42:09,314 INFO  EvoClassLoader - Seeing class for first time: org.apache.hadoop.fs.Options$ChecksumOpt
2024-11-12 13:42:09,314 INFO  EvoClassLoader - Instrumenting class 'org.apache.hadoop.fs.Options$ChecksumOpt'.
2024-11-12 13:42:09,314 INFO  MethodCallReplacementClassAdapter - Adding mock interface to class org/apache/hadoop/fs/Options$ChecksumOpt
2024-11-12 13:42:09,314 INFO  CreateClassResetClassAdapter - Creating brand-new static initializer in class org/apache/hadoop/fs/Options$ChecksumOpt
2024-11-12 13:42:09,314 INFO  EvoClassLoader - Keeping class: org.apache.hadoop.fs.Options$ChecksumOpt
2024-11-12 13:42:09,314 INFO  EvoClassLoader - Seeing class for first time: org.apache.hadoop.fs.StorageType
2024-11-12 13:42:09,314 INFO  EvoClassLoader - Instrumenting class 'org.apache.hadoop.fs.StorageType'.
2024-11-12 13:42:09,315 INFO  MethodCallReplacementClassAdapter - Adding mock interface to class org/apache/hadoop/fs/StorageType
2024-11-12 13:42:09,315 INFO  CreateClassResetClassAdapter - Found static initializer in class org/apache/hadoop/fs/StorageType
2024-11-12 13:42:09,315 INFO  EvoClassLoader - Keeping class: org.apache.hadoop.fs.StorageType
2024-11-12 13:42:09,315 INFO  EvoClassLoader - Seeing class for first time: org.apache.hadoop.fs.FileSystem$DirectoryEntries
2024-11-12 13:42:09,315 INFO  EvoClassLoader - Instrumenting class 'org.apache.hadoop.fs.FileSystem$DirectoryEntries'.
2024-11-12 13:42:09,315 INFO  MethodCallReplacementClassAdapter - Adding mock interface to class org/apache/hadoop/fs/FileSystem$DirectoryEntries
2024-11-12 13:42:09,315 INFO  CreateClassResetClassAdapter - Creating brand-new static initializer in class org/apache/hadoop/fs/FileSystem$DirectoryEntries
2024-11-12 13:42:09,315 INFO  EvoClassLoader - Keeping class: org.apache.hadoop.fs.FileSystem$DirectoryEntries
2024-11-12 13:42:09,315 INFO  EvoClassLoader - Seeing class for first time: org.apache.hadoop.fs.permission.FsAction
2024-11-12 13:42:09,315 INFO  EvoClassLoader - Instrumenting class 'org.apache.hadoop.fs.permission.FsAction'.
2024-11-12 13:42:09,316 INFO  MethodCallReplacementClassAdapter - Adding mock interface to class org/apache/hadoop/fs/permission/FsAction
2024-11-12 13:42:09,316 INFO  CreateClassResetClassAdapter - Found static initializer in class org/apache/hadoop/fs/permission/FsAction
2024-11-12 13:42:09,316 INFO  EvoClassLoader - Keeping class: org.apache.hadoop.fs.permission.FsAction
2024-11-12 13:42:09,316 INFO  EvoClassLoader - Seeing class for first time: org.apache.hadoop.fs.FileChecksum
2024-11-12 13:42:09,316 INFO  EvoClassLoader - Instrumenting class 'org.apache.hadoop.fs.FileChecksum'.
2024-11-12 13:42:09,316 INFO  MethodCallReplacementClassAdapter - Adding mock interface to class org/apache/hadoop/fs/FileChecksum
2024-11-12 13:42:09,316 INFO  CreateClassResetClassAdapter - Creating brand-new static initializer in class org/apache/hadoop/fs/FileChecksum
2024-11-12 13:42:09,316 INFO  EvoClassLoader - Keeping class: org.apache.hadoop.fs.FileChecksum
2024-11-12 13:42:09,316 INFO  EvoClassLoader - Seeing class for first time: org.apache.hadoop.fs.FsStatus
2024-11-12 13:42:09,316 INFO  EvoClassLoader - Instrumenting class 'org.apache.hadoop.fs.FsStatus'.
2024-11-12 13:42:09,316 INFO  MethodCallReplacementClassAdapter - Adding mock interface to class org/apache/hadoop/fs/FsStatus
2024-11-12 13:42:09,316 INFO  CreateClassResetClassAdapter - Creating brand-new static initializer in class org/apache/hadoop/fs/FsStatus
2024-11-12 13:42:09,316 INFO  EvoClassLoader - Keeping class: org.apache.hadoop.fs.FsStatus
2024-11-12 13:42:09,316 INFO  EvoClassLoader - Seeing class for first time: org.apache.hadoop.fs.permission.AclStatus
2024-11-12 13:42:09,316 INFO  EvoClassLoader - Instrumenting class 'org.apache.hadoop.fs.permission.AclStatus'.
2024-11-12 13:42:09,317 INFO  MethodCallReplacementClassAdapter - Adding mock interface to class org/apache/hadoop/fs/permission/AclStatus
2024-11-12 13:42:09,317 INFO  CreateClassResetClassAdapter - Creating brand-new static initializer in class org/apache/hadoop/fs/permission/AclStatus
2024-11-12 13:42:09,317 INFO  EvoClassLoader - Keeping class: org.apache.hadoop.fs.permission.AclStatus
2024-11-12 13:42:09,317 INFO  EvoClassLoader - Seeing class for first time: org.apache.hadoop.fs.BlockStoragePolicySpi
2024-11-12 13:42:09,317 INFO  EvoClassLoader - Instrumenting class 'org.apache.hadoop.fs.BlockStoragePolicySpi'.
2024-11-12 13:42:09,317 INFO  EvoClassLoader - Keeping class: org.apache.hadoop.fs.BlockStoragePolicySpi
2024-11-12 13:42:09,317 INFO  EvoClassLoader - Seeing class for first time: org.apache.hadoop.fs.GlobalStorageStatistics
2024-11-12 13:42:09,317 INFO  EvoClassLoader - Instrumenting class 'org.apache.hadoop.fs.GlobalStorageStatistics'.
2024-11-12 13:42:09,318 INFO  MethodCallReplacementClassAdapter - Adding mock interface to class org/apache/hadoop/fs/GlobalStorageStatistics
2024-11-12 13:42:09,318 INFO  CreateClassResetClassAdapter - Found static initializer in class org/apache/hadoop/fs/GlobalStorageStatistics
2024-11-12 13:42:09,319 INFO  EvoClassLoader - Keeping class: org.apache.hadoop.fs.GlobalStorageStatistics
2024-11-12 13:42:09,319 INFO  EvoClassLoader - Seeing class for first time: org.apache.hadoop.fs.impl.OpenFileParameters
2024-11-12 13:42:09,319 INFO  EvoClassLoader - Instrumenting class 'org.apache.hadoop.fs.impl.OpenFileParameters'.
2024-11-12 13:42:09,319 INFO  MethodCallReplacementClassAdapter - Adding mock interface to class org/apache/hadoop/fs/impl/OpenFileParameters
2024-11-12 13:42:09,320 INFO  CreateClassResetClassAdapter - Creating brand-new static initializer in class org/apache/hadoop/fs/impl/OpenFileParameters
2024-11-12 13:42:09,320 INFO  EvoClassLoader - Keeping class: org.apache.hadoop.fs.impl.OpenFileParameters
2024-11-12 13:42:09,320 INFO  EvoClassLoader - Seeing class for first time: org.apache.hadoop.fs.Options$Rename
2024-11-12 13:42:09,321 INFO  EvoClassLoader - Instrumenting class 'org.apache.hadoop.fs.Options$Rename'.
2024-11-12 13:42:09,321 INFO  MethodCallReplacementClassAdapter - Adding mock interface to class org/apache/hadoop/fs/Options$Rename
2024-11-12 13:42:09,321 INFO  CreateClassResetClassAdapter - Found static initializer in class org/apache/hadoop/fs/Options$Rename
2024-11-12 13:42:09,321 INFO  EvoClassLoader - Keeping class: org.apache.hadoop.fs.Options$Rename
2024-11-12 13:42:09,322 INFO  EvoClassLoader - Seeing class for first time: org.apache.commons.lang3.function.ToBooleanBiFunction
2024-11-12 13:42:09,322 INFO  EvoClassLoader - Instrumenting class 'org.apache.commons.lang3.function.ToBooleanBiFunction'.
2024-11-12 13:42:09,322 INFO  EvoClassLoader - Defined package (3): package org.apache.commons.lang3.function, 835977597
2024-11-12 13:42:09,322 INFO  EvoClassLoader - Keeping class: org.apache.commons.lang3.function.ToBooleanBiFunction
2024-11-12 13:42:09,323 INFO  EvoClassLoader - Seeing class for first time: org.apache.hadoop.security.alias.CredentialProvider
2024-11-12 13:42:09,323 INFO  EvoClassLoader - Instrumenting class 'org.apache.hadoop.security.alias.CredentialProvider'.
2024-11-12 13:42:09,323 INFO  MethodCallReplacementClassAdapter - Adding mock interface to class org/apache/hadoop/security/alias/CredentialProvider
2024-11-12 13:42:09,323 INFO  CreateClassResetClassAdapter - Creating brand-new static initializer in class org/apache/hadoop/security/alias/CredentialProvider
2024-11-12 13:42:09,323 INFO  CreateClassResetClassAdapter - Adding bytecode for initializing field CLEAR_TEXT_FALLBACK
2024-11-12 13:42:09,323 INFO  EvoClassLoader - Defined package (3): package org.apache.hadoop.security.alias, -558591691
2024-11-12 13:42:09,324 INFO  EvoClassLoader - Keeping class: org.apache.hadoop.security.alias.CredentialProvider
2024-11-12 13:42:09,324 INFO  EvoClassLoader - Seeing class for first time: org.apache.hadoop.security.alias.CredentialProvider$CredentialEntry
2024-11-12 13:42:09,324 INFO  EvoClassLoader - Instrumenting class 'org.apache.hadoop.security.alias.CredentialProvider$CredentialEntry'.
2024-11-12 13:42:09,324 INFO  MethodCallReplacementClassAdapter - Adding mock interface to class org/apache/hadoop/security/alias/CredentialProvider$CredentialEntry
2024-11-12 13:42:09,324 INFO  CreateClassResetClassAdapter - Creating brand-new static initializer in class org/apache/hadoop/security/alias/CredentialProvider$CredentialEntry
2024-11-12 13:42:09,324 INFO  EvoClassLoader - Keeping class: org.apache.hadoop.security.alias.CredentialProvider$CredentialEntry
2024-11-12 13:42:09,324 INFO  EvoClassLoader - Seeing class for first time: com.fasterxml.jackson.core.JsonGenerator
2024-11-12 13:42:09,324 INFO  EvoClassLoader - Instrumenting class 'com.fasterxml.jackson.core.JsonGenerator'.
2024-11-12 13:42:09,325 INFO  MethodCallReplacementClassAdapter - Adding mock interface to class com/fasterxml/jackson/core/JsonGenerator
2024-11-12 13:42:09,327 INFO  CreateClassResetClassAdapter - Found static initializer in class com/fasterxml/jackson/core/JsonGenerator
2024-11-12 13:42:09,327 INFO  EvoClassLoader - Defined package (3): package com.fasterxml.jackson.core, 1215208167
2024-11-12 13:42:09,328 INFO  EvoClassLoader - Seeing class for first time: com.fasterxml.jackson.core.Versioned
2024-11-12 13:42:09,328 INFO  EvoClassLoader - Instrumenting class 'com.fasterxml.jackson.core.Versioned'.
2024-11-12 13:42:09,328 INFO  EvoClassLoader - Keeping class: com.fasterxml.jackson.core.Versioned
2024-11-12 13:42:09,329 INFO  EvoClassLoader - Keeping class: com.fasterxml.jackson.core.JsonGenerator
2024-11-12 13:42:09,329 INFO  EvoClassLoader - Seeing class for first time: org.apache.hadoop.conf.ConfigRedactor
2024-11-12 13:42:09,329 INFO  EvoClassLoader - Instrumenting class 'org.apache.hadoop.conf.ConfigRedactor'.
2024-11-12 13:42:09,329 INFO  MethodCallReplacementClassAdapter - Adding mock interface to class org/apache/hadoop/conf/ConfigRedactor
2024-11-12 13:42:09,329 INFO  CreateClassResetClassAdapter - Creating brand-new static initializer in class org/apache/hadoop/conf/ConfigRedactor
2024-11-12 13:42:09,329 INFO  CreateClassResetClassAdapter - Adding bytecode for initializing field REDACTED_TEXT
2024-11-12 13:42:09,332 INFO  EvoClassLoader - Keeping class: org.apache.hadoop.conf.ConfigRedactor
2024-11-12 13:42:09,333 INFO  EvoClassLoader - Seeing class for first time: org.apache.hadoop.security.Credentials$SerializedFormat
2024-11-12 13:42:09,333 INFO  EvoClassLoader - Instrumenting class 'org.apache.hadoop.security.Credentials$SerializedFormat'.
2024-11-12 13:42:09,333 INFO  MethodCallReplacementClassAdapter - Adding mock interface to class org/apache/hadoop/security/Credentials$SerializedFormat
2024-11-12 13:42:09,334 INFO  CreateClassResetClassAdapter - Found static initializer in class org/apache/hadoop/security/Credentials$SerializedFormat
2024-11-12 13:42:09,334 INFO  EvoClassLoader - Keeping class: org.apache.hadoop.security.Credentials$SerializedFormat
2024-11-12 13:42:09,334 INFO  EvoClassLoader - Seeing class for first time: org.codehaus.stax2.typed.Base64Variant
2024-11-12 13:42:09,334 INFO  EvoClassLoader - Instrumenting class 'org.codehaus.stax2.typed.Base64Variant'.
2024-11-12 13:42:09,335 INFO  MethodCallReplacementClassAdapter - Adding mock interface to class org/codehaus/stax2/typed/Base64Variant
2024-11-12 13:42:09,335 INFO  CreateClassResetClassAdapter - Creating brand-new static initializer in class org/codehaus/stax2/typed/Base64Variant
2024-11-12 13:42:09,335 INFO  CreateClassResetClassAdapter - Adding bytecode for initializing field PADDING_CHAR_NONE
2024-11-12 13:42:09,335 INFO  CreateClassResetClassAdapter - Adding bytecode for initializing field BASE64_VALUE_INVALID
2024-11-12 13:42:09,335 INFO  CreateClassResetClassAdapter - Adding bytecode for initializing field BASE64_VALUE_PADDING
2024-11-12 13:42:09,335 INFO  EvoClassLoader - Keeping class: org.codehaus.stax2.typed.Base64Variant
2024-11-12 13:42:09,336 INFO  EvoClassLoader - Seeing class for first time: org.codehaus.stax2.ri.typed.ValueDecoderFactory
2024-11-12 13:42:09,336 INFO  EvoClassLoader - Instrumenting class 'org.codehaus.stax2.ri.typed.ValueDecoderFactory'.
2024-11-12 13:42:09,336 INFO  MethodCallReplacementClassAdapter - Adding mock interface to class org/codehaus/stax2/ri/typed/ValueDecoderFactory
2024-11-12 13:42:09,336 INFO  CreateClassResetClassAdapter - Creating brand-new static initializer in class org/codehaus/stax2/ri/typed/ValueDecoderFactory
2024-11-12 13:42:09,337 INFO  EvoClassLoader - Keeping class: org.codehaus.stax2.ri.typed.ValueDecoderFactory
2024-11-12 13:42:09,337 INFO  EvoClassLoader - Seeing class for first time: org.codehaus.stax2.ri.typed.CharArrayBase64Decoder
2024-11-12 13:42:09,337 INFO  EvoClassLoader - Instrumenting class 'org.codehaus.stax2.ri.typed.CharArrayBase64Decoder'.
2024-11-12 13:42:09,337 INFO  MethodCallReplacementClassAdapter - Adding mock interface to class org/codehaus/stax2/ri/typed/CharArrayBase64Decoder
2024-11-12 13:42:09,338 INFO  CreateClassResetClassAdapter - Creating brand-new static initializer in class org/codehaus/stax2/ri/typed/CharArrayBase64Decoder
2024-11-12 13:42:09,338 INFO  EvoClassLoader - Seeing class for first time: org.codehaus.stax2.ri.typed.Base64DecoderBase
2024-11-12 13:42:09,338 INFO  EvoClassLoader - Instrumenting class 'org.codehaus.stax2.ri.typed.Base64DecoderBase'.
2024-11-12 13:42:09,339 INFO  MethodCallReplacementClassAdapter - Adding mock interface to class org/codehaus/stax2/ri/typed/Base64DecoderBase
2024-11-12 13:42:09,340 INFO  CreateClassResetClassAdapter - Creating brand-new static initializer in class org/codehaus/stax2/ri/typed/Base64DecoderBase
2024-11-12 13:42:09,340 INFO  CreateClassResetClassAdapter - Adding bytecode for initializing field STATE_INITIAL
2024-11-12 13:42:09,340 INFO  CreateClassResetClassAdapter - Adding bytecode for initializing field STATE_VALID_1
2024-11-12 13:42:09,340 INFO  CreateClassResetClassAdapter - Adding bytecode for initializing field STATE_VALID_2
2024-11-12 13:42:09,340 INFO  CreateClassResetClassAdapter - Adding bytecode for initializing field STATE_VALID_3
2024-11-12 13:42:09,340 INFO  CreateClassResetClassAdapter - Adding bytecode for initializing field STATE_OUTPUT_3
2024-11-12 13:42:09,340 INFO  CreateClassResetClassAdapter - Adding bytecode for initializing field STATE_OUTPUT_2
2024-11-12 13:42:09,340 INFO  CreateClassResetClassAdapter - Adding bytecode for initializing field STATE_OUTPUT_1
2024-11-12 13:42:09,340 INFO  CreateClassResetClassAdapter - Adding bytecode for initializing field STATE_VALID_2_AND_PADDING
2024-11-12 13:42:09,340 INFO  CreateClassResetClassAdapter - Adding bytecode for initializing field INT_SPACE
2024-11-12 13:42:09,340 INFO  EvoClassLoader - Keeping class: org.codehaus.stax2.ri.typed.Base64DecoderBase
2024-11-12 13:42:09,340 INFO  EvoClassLoader - Keeping class: org.codehaus.stax2.ri.typed.CharArrayBase64Decoder
2024-11-12 13:42:09,340 INFO  EvoClassLoader - Seeing class for first time: org.codehaus.stax2.validation.XMLValidationProblem
2024-11-12 13:42:09,340 INFO  EvoClassLoader - Instrumenting class 'org.codehaus.stax2.validation.XMLValidationProblem'.
2024-11-12 13:42:09,341 INFO  MethodCallReplacementClassAdapter - Adding mock interface to class org/codehaus/stax2/validation/XMLValidationProblem
2024-11-12 13:42:09,341 INFO  CreateClassResetClassAdapter - Creating brand-new static initializer in class org/codehaus/stax2/validation/XMLValidationProblem
2024-11-12 13:42:09,341 INFO  CreateClassResetClassAdapter - Adding bytecode for initializing field SEVERITY_WARNING
2024-11-12 13:42:09,341 INFO  CreateClassResetClassAdapter - Adding bytecode for initializing field SEVERITY_ERROR
2024-11-12 13:42:09,341 INFO  CreateClassResetClassAdapter - Adding bytecode for initializing field SEVERITY_FATAL
2024-11-12 13:42:09,341 INFO  EvoClassLoader - Keeping class: org.codehaus.stax2.validation.XMLValidationProblem
2024-11-12 13:42:09,341 INFO  EvoClassLoader - Seeing class for first time: org.apache.log4j.Appender
2024-11-12 13:42:09,341 INFO  EvoClassLoader - Instrumenting class 'org.apache.log4j.Appender'.
2024-11-12 13:42:09,341 INFO  EvoClassLoader - Keeping class: org.apache.log4j.Appender
2024-11-12 13:42:09,341 INFO  EvoClassLoader - Seeing class for first time: org.apache.log4j.spi.HierarchyEventListener
2024-11-12 13:42:09,341 INFO  EvoClassLoader - Instrumenting class 'org.apache.log4j.spi.HierarchyEventListener'.
2024-11-12 13:42:09,342 INFO  EvoClassLoader - Keeping class: org.apache.log4j.spi.HierarchyEventListener
2024-11-12 13:42:09,342 INFO  EvoClassLoader - Seeing class for first time: org.apache.log4j.spi.ThrowableRenderer
2024-11-12 13:42:09,342 INFO  EvoClassLoader - Instrumenting class 'org.apache.log4j.spi.ThrowableRenderer'.
2024-11-12 13:42:09,342 INFO  EvoClassLoader - Keeping class: org.apache.log4j.spi.ThrowableRenderer
2024-11-12 13:42:09,342 INFO  EvoClassLoader - Seeing class for first time: org.apache.commons.configuration2.interpol.ConfigurationInterpolator
2024-11-12 13:42:09,342 INFO  EvoClassLoader - Instrumenting class 'org.apache.commons.configuration2.interpol.ConfigurationInterpolator'.
2024-11-12 13:42:09,342 INFO  MethodCallReplacementClassAdapter - Adding mock interface to class org/apache/commons/configuration2/interpol/ConfigurationInterpolator
2024-11-12 13:42:09,344 INFO  CreateClassResetClassAdapter - Found static initializer in class org/apache/commons/configuration2/interpol/ConfigurationInterpolator
2024-11-12 13:42:09,345 INFO  EvoClassLoader - Defined package (3): package org.apache.commons.configuration2.interpol, -1880958649
2024-11-12 13:42:09,345 INFO  EvoClassLoader - Keeping class: org.apache.commons.configuration2.interpol.ConfigurationInterpolator
2024-11-12 13:42:09,346 INFO  EvoClassLoader - Seeing class for first time: org.apache.hadoop.thirdparty.com.google.common.base.Joiner$MapJoiner
2024-11-12 13:42:09,346 INFO  EvoClassLoader - Instrumenting class 'org.apache.hadoop.thirdparty.com.google.common.base.Joiner$MapJoiner'.
2024-11-12 13:42:09,346 INFO  MethodCallReplacementClassAdapter - Adding mock interface to class org/apache/hadoop/thirdparty/com/google/common/base/Joiner$MapJoiner
2024-11-12 13:42:09,346 INFO  CreateClassResetClassAdapter - Creating brand-new static initializer in class org/apache/hadoop/thirdparty/com/google/common/base/Joiner$MapJoiner
2024-11-12 13:42:09,347 INFO  EvoClassLoader - Keeping class: org.apache.hadoop.thirdparty.com.google.common.base.Joiner$MapJoiner
2024-11-12 13:42:09,347 INFO  EvoClassLoader - Seeing class for first time: org.apache.hadoop.thirdparty.com.google.common.cache.RemovalNotification
2024-11-12 13:42:09,347 INFO  EvoClassLoader - Instrumenting class 'org.apache.hadoop.thirdparty.com.google.common.cache.RemovalNotification'.
2024-11-12 13:42:09,348 INFO  MethodCallReplacementClassAdapter - Adding mock interface to class org/apache/hadoop/thirdparty/com/google/common/cache/RemovalNotification
2024-11-12 13:42:09,348 INFO  CreateClassResetClassAdapter - Creating brand-new static initializer in class org/apache/hadoop/thirdparty/com/google/common/cache/RemovalNotification
2024-11-12 13:42:09,348 INFO  EvoClassLoader - Keeping class: org.apache.hadoop.thirdparty.com.google.common.cache.RemovalNotification
2024-11-12 13:42:09,349 INFO  EvoClassLoader - Seeing class for first time: org.apache.hadoop.io.retry.RetryPolicy$RetryAction
2024-11-12 13:42:09,349 INFO  EvoClassLoader - Instrumenting class 'org.apache.hadoop.io.retry.RetryPolicy$RetryAction'.
2024-11-12 13:42:09,349 INFO  MethodCallReplacementClassAdapter - Adding mock interface to class org/apache/hadoop/io/retry/RetryPolicy$RetryAction
2024-11-12 13:42:09,349 INFO  CreateClassResetClassAdapter - Found static initializer in class org/apache/hadoop/io/retry/RetryPolicy$RetryAction
2024-11-12 13:42:09,350 INFO  EvoClassLoader - Keeping class: org.apache.hadoop.io.retry.RetryPolicy$RetryAction
2024-11-12 13:42:09,350 INFO  EvoClassLoader - Seeing class for first time: org.apache.hadoop.hdfs.server.datanode.DiskBalancerWorkStatus
2024-11-12 13:42:09,350 INFO  EvoClassLoader - Instrumenting class 'org.apache.hadoop.hdfs.server.datanode.DiskBalancerWorkStatus'.
2024-11-12 13:42:09,350 INFO  MethodCallReplacementClassAdapter - Adding mock interface to class org/apache/hadoop/hdfs/server/datanode/DiskBalancerWorkStatus
2024-11-12 13:42:09,350 INFO  CreateClassResetClassAdapter - Found static initializer in class org/apache/hadoop/hdfs/server/datanode/DiskBalancerWorkStatus
2024-11-12 13:42:09,350 INFO  EvoClassLoader - Defined package (3): package org.apache.hadoop.hdfs.server.datanode, 2052922021
2024-11-12 13:42:09,351 INFO  EvoClassLoader - Keeping class: org.apache.hadoop.hdfs.server.datanode.DiskBalancerWorkStatus
2024-11-12 13:42:09,351 INFO  EvoClassLoader - Seeing class for first time: org.apache.hadoop.hdfs.protocol.ExtendedBlock
2024-11-12 13:42:09,351 INFO  EvoClassLoader - Instrumenting class 'org.apache.hadoop.hdfs.protocol.ExtendedBlock'.
2024-11-12 13:42:09,351 INFO  MethodCallReplacementClassAdapter - Adding mock interface to class org/apache/hadoop/hdfs/protocol/ExtendedBlock
2024-11-12 13:42:09,351 INFO  CreateClassResetClassAdapter - Creating brand-new static initializer in class org/apache/hadoop/hdfs/protocol/ExtendedBlock
2024-11-12 13:42:09,351 INFO  EvoClassLoader - Keeping class: org.apache.hadoop.hdfs.protocol.ExtendedBlock
2024-11-12 13:42:09,352 INFO  EvoClassLoader - Seeing class for first time: org.apache.hadoop.hdfs.protocol.BlockLocalPathInfo
2024-11-12 13:42:09,352 INFO  EvoClassLoader - Instrumenting class 'org.apache.hadoop.hdfs.protocol.BlockLocalPathInfo'.
2024-11-12 13:42:09,352 INFO  MethodCallReplacementClassAdapter - Adding mock interface to class org/apache/hadoop/hdfs/protocol/BlockLocalPathInfo
2024-11-12 13:42:09,352 INFO  CreateClassResetClassAdapter - Creating brand-new static initializer in class org/apache/hadoop/hdfs/protocol/BlockLocalPathInfo
2024-11-12 13:42:09,352 INFO  EvoClassLoader - Keeping class: org.apache.hadoop.hdfs.protocol.BlockLocalPathInfo
2024-11-12 13:42:09,352 INFO  EvoClassLoader - Seeing class for first time: org.apache.hadoop.hdfs.protocol.DatanodeLocalInfo
2024-11-12 13:42:09,352 INFO  EvoClassLoader - Instrumenting class 'org.apache.hadoop.hdfs.protocol.DatanodeLocalInfo'.
2024-11-12 13:42:09,352 INFO  MethodCallReplacementClassAdapter - Adding mock interface to class org/apache/hadoop/hdfs/protocol/DatanodeLocalInfo
2024-11-12 13:42:09,352 INFO  CreateClassResetClassAdapter - Creating brand-new static initializer in class org/apache/hadoop/hdfs/protocol/DatanodeLocalInfo
2024-11-12 13:42:09,353 INFO  EvoClassLoader - Keeping class: org.apache.hadoop.hdfs.protocol.DatanodeLocalInfo
2024-11-12 13:42:09,353 INFO  EvoClassLoader - Seeing class for first time: org.apache.hadoop.hdfs.client.BlockReportOptions
2024-11-12 13:42:09,353 INFO  EvoClassLoader - Instrumenting class 'org.apache.hadoop.hdfs.client.BlockReportOptions'.
2024-11-12 13:42:09,353 INFO  MethodCallReplacementClassAdapter - Adding mock interface to class org/apache/hadoop/hdfs/client/BlockReportOptions
2024-11-12 13:42:09,353 INFO  CreateClassResetClassAdapter - Creating brand-new static initializer in class org/apache/hadoop/hdfs/client/BlockReportOptions
2024-11-12 13:42:09,353 INFO  EvoClassLoader - Keeping class: org.apache.hadoop.hdfs.client.BlockReportOptions
2024-11-12 13:42:09,353 INFO  EvoClassLoader - Seeing class for first time: org.apache.log4j.spi.LoggingEvent
2024-11-12 13:42:09,353 INFO  EvoClassLoader - Instrumenting class 'org.apache.log4j.spi.LoggingEvent'.
2024-11-12 13:42:09,354 INFO  MethodCallReplacementClassAdapter - Adding mock interface to class org/apache/log4j/spi/LoggingEvent
2024-11-12 13:42:09,356 INFO  CreateClassResetClassAdapter - Found static initializer in class org/apache/log4j/spi/LoggingEvent
2024-11-12 13:42:09,357 INFO  EvoClassLoader - Keeping class: org.apache.log4j.spi.LoggingEvent
2024-11-12 13:42:09,357 INFO  EvoClassLoader - Seeing class for first time: org.codehaus.stax2.XMLStreamWriter2
2024-11-12 13:42:09,357 INFO  EvoClassLoader - Instrumenting class 'org.codehaus.stax2.XMLStreamWriter2'.
2024-11-12 13:42:09,358 INFO  EvoClassLoader - Seeing class for first time: org.codehaus.stax2.typed.TypedXMLStreamWriter
2024-11-12 13:42:09,358 INFO  EvoClassLoader - Instrumenting class 'org.codehaus.stax2.typed.TypedXMLStreamWriter'.
2024-11-12 13:42:09,358 INFO  EvoClassLoader - Keeping class: org.codehaus.stax2.typed.TypedXMLStreamWriter
2024-11-12 13:42:09,358 INFO  EvoClassLoader - Keeping class: org.codehaus.stax2.XMLStreamWriter2
2024-11-12 13:42:09,358 INFO  EvoClassLoader - Seeing class for first time: org.apache.hadoop.util.LogAdapter
2024-11-12 13:42:09,358 INFO  EvoClassLoader - Instrumenting class 'org.apache.hadoop.util.LogAdapter'.
2024-11-12 13:42:09,359 INFO  MethodCallReplacementClassAdapter - Adding mock interface to class org/apache/hadoop/util/LogAdapter
2024-11-12 13:42:09,359 INFO  CreateClassResetClassAdapter - Creating brand-new static initializer in class org/apache/hadoop/util/LogAdapter
2024-11-12 13:42:09,359 INFO  EvoClassLoader - Keeping class: org.apache.hadoop.util.LogAdapter
2024-11-12 13:42:09,359 INFO  EvoClassLoader - Seeing class for first time: org.apache.commons.lang3.time.FastDateFormat
2024-11-12 13:42:09,359 INFO  EvoClassLoader - Instrumenting class 'org.apache.commons.lang3.time.FastDateFormat'.
2024-11-12 13:42:09,359 INFO  MethodCallReplacementClassAdapter - Adding mock interface to class org/apache/commons/lang3/time/FastDateFormat
2024-11-12 13:42:09,359 INFO  CreateClassResetClassAdapter - Found static initializer in class org/apache/commons/lang3/time/FastDateFormat
2024-11-12 13:42:09,359 INFO  EvoClassLoader - Defined package (3): package org.apache.commons.lang3.time, -377128206
2024-11-12 13:42:09,360 INFO  EvoClassLoader - Seeing class for first time: org.apache.commons.lang3.time.DateParser
2024-11-12 13:42:09,360 INFO  EvoClassLoader - Instrumenting class 'org.apache.commons.lang3.time.DateParser'.
2024-11-12 13:42:09,360 INFO  EvoClassLoader - Keeping class: org.apache.commons.lang3.time.DateParser
2024-11-12 13:42:09,360 INFO  EvoClassLoader - Seeing class for first time: org.apache.commons.lang3.time.DatePrinter
2024-11-12 13:42:09,360 INFO  EvoClassLoader - Instrumenting class 'org.apache.commons.lang3.time.DatePrinter'.
2024-11-12 13:42:09,360 INFO  EvoClassLoader - Keeping class: org.apache.commons.lang3.time.DatePrinter
2024-11-12 13:42:09,360 INFO  EvoClassLoader - Keeping class: org.apache.commons.lang3.time.FastDateFormat
2024-11-12 13:42:09,360 INFO  EvoClassLoader - Seeing class for first time: org.apache.hadoop.hdfs.protocol.LocatedBlock
2024-11-12 13:42:09,360 INFO  EvoClassLoader - Instrumenting class 'org.apache.hadoop.hdfs.protocol.LocatedBlock'.
2024-11-12 13:42:09,360 INFO  MethodCallReplacementClassAdapter - Adding mock interface to class org/apache/hadoop/hdfs/protocol/LocatedBlock
2024-11-12 13:42:09,361 INFO  CreateClassResetClassAdapter - Found static initializer in class org/apache/hadoop/hdfs/protocol/LocatedBlock
2024-11-12 13:42:09,362 INFO  EvoClassLoader - Keeping class: org.apache.hadoop.hdfs.protocol.LocatedBlock
2024-11-12 13:42:09,362 INFO  EvoClassLoader - Seeing class for first time: org.apache.hadoop.hdfs.protocol.LocatedBlocks
2024-11-12 13:42:09,362 INFO  EvoClassLoader - Instrumenting class 'org.apache.hadoop.hdfs.protocol.LocatedBlocks'.
2024-11-12 13:42:09,362 INFO  MethodCallReplacementClassAdapter - Adding mock interface to class org/apache/hadoop/hdfs/protocol/LocatedBlocks
2024-11-12 13:42:09,362 INFO  CreateClassResetClassAdapter - Found static initializer in class org/apache/hadoop/hdfs/protocol/LocatedBlocks
2024-11-12 13:42:09,362 INFO  EvoClassLoader - Keeping class: org.apache.hadoop.hdfs.protocol.LocatedBlocks
2024-11-12 13:42:09,362 INFO  EvoClassLoader - Seeing class for first time: org.apache.hadoop.hdfs.protocol.HdfsLocatedFileStatus
2024-11-12 13:42:09,362 INFO  EvoClassLoader - Instrumenting class 'org.apache.hadoop.hdfs.protocol.HdfsLocatedFileStatus'.
2024-11-12 13:42:09,362 INFO  MethodCallReplacementClassAdapter - Adding mock interface to class org/apache/hadoop/hdfs/protocol/HdfsLocatedFileStatus
2024-11-12 13:42:09,363 INFO  CreateClassResetClassAdapter - Creating brand-new static initializer in class org/apache/hadoop/hdfs/protocol/HdfsLocatedFileStatus
2024-11-12 13:42:09,363 INFO  EvoClassLoader - Seeing class for first time: org.apache.hadoop.hdfs.protocol.HdfsFileStatus
2024-11-12 13:42:09,363 INFO  EvoClassLoader - Instrumenting class 'org.apache.hadoop.hdfs.protocol.HdfsFileStatus'.
2024-11-12 13:42:09,364 INFO  EvoClassLoader - Keeping class: org.apache.hadoop.hdfs.protocol.HdfsFileStatus
2024-11-12 13:42:09,364 INFO  EvoClassLoader - Seeing class for first time: org.apache.hadoop.fs.LocatedFileStatus
2024-11-12 13:42:09,364 INFO  EvoClassLoader - Instrumenting class 'org.apache.hadoop.fs.LocatedFileStatus'.
2024-11-12 13:42:09,364 INFO  MethodCallReplacementClassAdapter - Adding mock interface to class org/apache/hadoop/fs/LocatedFileStatus
2024-11-12 13:42:09,365 INFO  CreateClassResetClassAdapter - Creating brand-new static initializer in class org/apache/hadoop/fs/LocatedFileStatus
2024-11-12 13:42:09,365 INFO  EvoClassLoader - Keeping class: org.apache.hadoop.fs.LocatedFileStatus
2024-11-12 13:42:09,365 INFO  EvoClassLoader - Keeping class: org.apache.hadoop.hdfs.protocol.HdfsLocatedFileStatus
2024-11-12 13:42:09,365 INFO  EvoClassLoader - Seeing class for first time: org.apache.hadoop.hdfs.protocol.DirectoryListing
2024-11-12 13:42:09,365 INFO  EvoClassLoader - Instrumenting class 'org.apache.hadoop.hdfs.protocol.DirectoryListing'.
2024-11-12 13:42:09,365 INFO  MethodCallReplacementClassAdapter - Adding mock interface to class org/apache/hadoop/hdfs/protocol/DirectoryListing
2024-11-12 13:42:09,366 INFO  CreateClassResetClassAdapter - Creating brand-new static initializer in class org/apache/hadoop/hdfs/protocol/DirectoryListing
2024-11-12 13:42:09,366 INFO  EvoClassLoader - Keeping class: org.apache.hadoop.hdfs.protocol.DirectoryListing
2024-11-12 13:42:09,366 INFO  EvoClassLoader - Seeing class for first time: org.apache.hadoop.hdfs.protocol.BatchedDirectoryListing
2024-11-12 13:42:09,366 INFO  EvoClassLoader - Instrumenting class 'org.apache.hadoop.hdfs.protocol.BatchedDirectoryListing'.
2024-11-12 13:42:09,366 INFO  MethodCallReplacementClassAdapter - Adding mock interface to class org/apache/hadoop/hdfs/protocol/BatchedDirectoryListing
2024-11-12 13:42:09,366 INFO  CreateClassResetClassAdapter - Creating brand-new static initializer in class org/apache/hadoop/hdfs/protocol/BatchedDirectoryListing
2024-11-12 13:42:09,366 INFO  EvoClassLoader - Keeping class: org.apache.hadoop.hdfs.protocol.BatchedDirectoryListing
2024-11-12 13:42:09,366 INFO  EvoClassLoader - Seeing class for first time: org.apache.hadoop.hdfs.security.token.block.DataEncryptionKey
2024-11-12 13:42:09,366 INFO  EvoClassLoader - Instrumenting class 'org.apache.hadoop.hdfs.security.token.block.DataEncryptionKey'.
2024-11-12 13:42:09,367 INFO  MethodCallReplacementClassAdapter - Adding mock interface to class org/apache/hadoop/hdfs/security/token/block/DataEncryptionKey
2024-11-12 13:42:09,367 INFO  CreateClassResetClassAdapter - Creating brand-new static initializer in class org/apache/hadoop/hdfs/security/token/block/DataEncryptionKey
2024-11-12 13:42:09,367 INFO  EvoClassLoader - Defined package (3): package org.apache.hadoop.hdfs.security.token.block, 2046137276
2024-11-12 13:42:09,367 INFO  EvoClassLoader - Keeping class: org.apache.hadoop.hdfs.security.token.block.DataEncryptionKey
2024-11-12 13:42:09,367 INFO  EvoClassLoader - Seeing class for first time: org.apache.hadoop.hdfs.inotify.EventBatchList
2024-11-12 13:42:09,367 INFO  EvoClassLoader - Instrumenting class 'org.apache.hadoop.hdfs.inotify.EventBatchList'.
2024-11-12 13:42:09,367 INFO  MethodCallReplacementClassAdapter - Adding mock interface to class org/apache/hadoop/hdfs/inotify/EventBatchList
2024-11-12 13:42:09,367 INFO  CreateClassResetClassAdapter - Creating brand-new static initializer in class org/apache/hadoop/hdfs/inotify/EventBatchList
2024-11-12 13:42:09,367 INFO  EvoClassLoader - Defined package (3): package org.apache.hadoop.hdfs.inotify, 693802656
2024-11-12 13:42:09,367 INFO  EvoClassLoader - Keeping class: org.apache.hadoop.hdfs.inotify.EventBatchList
2024-11-12 13:42:09,367 INFO  EvoClassLoader - Seeing class for first time: org.apache.hadoop.hdfs.protocol.ReplicatedBlockStats
2024-11-12 13:42:09,367 INFO  EvoClassLoader - Instrumenting class 'org.apache.hadoop.hdfs.protocol.ReplicatedBlockStats'.
2024-11-12 13:42:09,367 INFO  MethodCallReplacementClassAdapter - Adding mock interface to class org/apache/hadoop/hdfs/protocol/ReplicatedBlockStats
2024-11-12 13:42:09,368 INFO  CreateClassResetClassAdapter - Creating brand-new static initializer in class org/apache/hadoop/hdfs/protocol/ReplicatedBlockStats
2024-11-12 13:42:09,368 INFO  EvoClassLoader - Keeping class: org.apache.hadoop.hdfs.protocol.ReplicatedBlockStats
2024-11-12 13:42:09,368 INFO  EvoClassLoader - Seeing class for first time: org.apache.hadoop.hdfs.protocol.ECBlockGroupStats
2024-11-12 13:42:09,368 INFO  EvoClassLoader - Instrumenting class 'org.apache.hadoop.hdfs.protocol.ECBlockGroupStats'.
2024-11-12 13:42:09,368 INFO  MethodCallReplacementClassAdapter - Adding mock interface to class org/apache/hadoop/hdfs/protocol/ECBlockGroupStats
2024-11-12 13:42:09,368 INFO  CreateClassResetClassAdapter - Creating brand-new static initializer in class org/apache/hadoop/hdfs/protocol/ECBlockGroupStats
2024-11-12 13:42:09,369 INFO  EvoClassLoader - Keeping class: org.apache.hadoop.hdfs.protocol.ECBlockGroupStats
2024-11-12 13:42:09,369 INFO  EvoClassLoader - Seeing class for first time: org.apache.hadoop.fs.BatchedRemoteIterator$BatchedEntries
2024-11-12 13:42:09,369 INFO  EvoClassLoader - Instrumenting class 'org.apache.hadoop.fs.BatchedRemoteIterator$BatchedEntries'.
2024-11-12 13:42:09,369 INFO  EvoClassLoader - Keeping class: org.apache.hadoop.fs.BatchedRemoteIterator$BatchedEntries
2024-11-12 13:42:09,369 INFO  EvoClassLoader - Seeing class for first time: org.apache.hadoop.hdfs.protocol.ErasureCodingPolicy
2024-11-12 13:42:09,369 INFO  EvoClassLoader - Instrumenting class 'org.apache.hadoop.hdfs.protocol.ErasureCodingPolicy'.
2024-11-12 13:42:09,369 INFO  MethodCallReplacementClassAdapter - Adding mock interface to class org/apache/hadoop/hdfs/protocol/ErasureCodingPolicy
2024-11-12 13:42:09,369 INFO  CreateClassResetClassAdapter - Creating brand-new static initializer in class org/apache/hadoop/hdfs/protocol/ErasureCodingPolicy
2024-11-12 13:42:09,369 INFO  EvoClassLoader - Keeping class: org.apache.hadoop.hdfs.protocol.ErasureCodingPolicy
2024-11-12 13:42:09,369 INFO  EvoClassLoader - Seeing class for first time: org.apache.hadoop.hdfs.protocol.CorruptFileBlocks
2024-11-12 13:42:09,369 INFO  EvoClassLoader - Instrumenting class 'org.apache.hadoop.hdfs.protocol.CorruptFileBlocks'.
2024-11-12 13:42:09,369 INFO  MethodCallReplacementClassAdapter - Adding mock interface to class org/apache/hadoop/hdfs/protocol/CorruptFileBlocks
2024-11-12 13:42:09,370 INFO  CreateClassResetClassAdapter - Creating brand-new static initializer in class org/apache/hadoop/hdfs/protocol/CorruptFileBlocks
2024-11-12 13:42:09,370 INFO  CreateClassResetClassAdapter - Adding bytecode for initializing field PRIME
2024-11-12 13:42:09,370 INFO  EvoClassLoader - Keeping class: org.apache.hadoop.hdfs.protocol.CorruptFileBlocks
2024-11-12 13:42:09,370 INFO  EvoClassLoader - Seeing class for first time: org.apache.hadoop.fs.XAttr
2024-11-12 13:42:09,370 INFO  EvoClassLoader - Instrumenting class 'org.apache.hadoop.fs.XAttr'.
2024-11-12 13:42:09,370 INFO  MethodCallReplacementClassAdapter - Adding mock interface to class org/apache/hadoop/fs/XAttr
2024-11-12 13:42:09,370 INFO  CreateClassResetClassAdapter - Creating brand-new static initializer in class org/apache/hadoop/fs/XAttr
2024-11-12 13:42:09,370 INFO  EvoClassLoader - Keeping class: org.apache.hadoop.fs.XAttr
2024-11-12 13:42:09,370 INFO  EvoClassLoader - Seeing class for first time: org.apache.hadoop.hdfs.protocol.BlockStoragePolicy
2024-11-12 13:42:09,370 INFO  EvoClassLoader - Instrumenting class 'org.apache.hadoop.hdfs.protocol.BlockStoragePolicy'.
2024-11-12 13:42:09,370 INFO  MethodCallReplacementClassAdapter - Adding mock interface to class org/apache/hadoop/hdfs/protocol/BlockStoragePolicy
2024-11-12 13:42:09,371 INFO  CreateClassResetClassAdapter - Found static initializer in class org/apache/hadoop/hdfs/protocol/BlockStoragePolicy
2024-11-12 13:42:09,371 INFO  EvoClassLoader - Keeping class: org.apache.hadoop.hdfs.protocol.BlockStoragePolicy
2024-11-12 13:42:09,371 INFO  EvoClassLoader - Seeing class for first time: org.apache.hadoop.ha.HAServiceProtocol$HAServiceState
2024-11-12 13:42:09,371 INFO  EvoClassLoader - Instrumenting class 'org.apache.hadoop.ha.HAServiceProtocol$HAServiceState'.
2024-11-12 13:42:09,371 INFO  MethodCallReplacementClassAdapter - Adding mock interface to class org/apache/hadoop/ha/HAServiceProtocol$HAServiceState
2024-11-12 13:42:09,371 INFO  CreateClassResetClassAdapter - Found static initializer in class org/apache/hadoop/ha/HAServiceProtocol$HAServiceState
2024-11-12 13:42:09,371 INFO  EvoClassLoader - Defined package (3): package org.apache.hadoop.ha, -40118132
2024-11-12 13:42:09,371 INFO  EvoClassLoader - Keeping class: org.apache.hadoop.ha.HAServiceProtocol$HAServiceState
2024-11-12 13:42:09,371 INFO  EvoClassLoader - Seeing class for first time: org.apache.hadoop.hdfs.server.protocol.DatanodeStorageReport
2024-11-12 13:42:09,371 INFO  EvoClassLoader - Instrumenting class 'org.apache.hadoop.hdfs.server.protocol.DatanodeStorageReport'.
2024-11-12 13:42:09,371 INFO  MethodCallReplacementClassAdapter - Adding mock interface to class org/apache/hadoop/hdfs/server/protocol/DatanodeStorageReport
2024-11-12 13:42:09,371 INFO  CreateClassResetClassAdapter - Creating brand-new static initializer in class org/apache/hadoop/hdfs/server/protocol/DatanodeStorageReport
2024-11-12 13:42:09,371 INFO  EvoClassLoader - Defined package (3): package org.apache.hadoop.hdfs.server.protocol, -726077295
2024-11-12 13:42:09,372 INFO  EvoClassLoader - Keeping class: org.apache.hadoop.hdfs.server.protocol.DatanodeStorageReport
2024-11-12 13:42:09,372 INFO  EvoClassLoader - Seeing class for first time: org.apache.hadoop.hdfs.protocol.RollingUpgradeInfo
2024-11-12 13:42:09,372 INFO  EvoClassLoader - Instrumenting class 'org.apache.hadoop.hdfs.protocol.RollingUpgradeInfo'.
2024-11-12 13:42:09,372 INFO  MethodCallReplacementClassAdapter - Adding mock interface to class org/apache/hadoop/hdfs/protocol/RollingUpgradeInfo
2024-11-12 13:42:09,372 INFO  CreateClassResetClassAdapter - Creating brand-new static initializer in class org/apache/hadoop/hdfs/protocol/RollingUpgradeInfo
2024-11-12 13:42:09,372 INFO  EvoClassLoader - Seeing class for first time: org.apache.hadoop.hdfs.protocol.RollingUpgradeStatus
2024-11-12 13:42:09,372 INFO  EvoClassLoader - Instrumenting class 'org.apache.hadoop.hdfs.protocol.RollingUpgradeStatus'.
2024-11-12 13:42:09,373 INFO  MethodCallReplacementClassAdapter - Adding mock interface to class org/apache/hadoop/hdfs/protocol/RollingUpgradeStatus
2024-11-12 13:42:09,373 INFO  CreateClassResetClassAdapter - Creating brand-new static initializer in class org/apache/hadoop/hdfs/protocol/RollingUpgradeStatus
2024-11-12 13:42:09,373 INFO  EvoClassLoader - Keeping class: org.apache.hadoop.hdfs.protocol.RollingUpgradeStatus
2024-11-12 13:42:09,373 INFO  EvoClassLoader - Keeping class: org.apache.hadoop.hdfs.protocol.RollingUpgradeInfo
2024-11-12 13:42:09,373 INFO  EvoClassLoader - Seeing class for first time: org.apache.hadoop.hdfs.protocol.SnapshottableDirectoryStatus
2024-11-12 13:42:09,373 INFO  EvoClassLoader - Instrumenting class 'org.apache.hadoop.hdfs.protocol.SnapshottableDirectoryStatus'.
2024-11-12 13:42:09,373 INFO  MethodCallReplacementClassAdapter - Adding mock interface to class org/apache/hadoop/hdfs/protocol/SnapshottableDirectoryStatus
2024-11-12 13:42:09,374 INFO  CreateClassResetClassAdapter - Found static initializer in class org/apache/hadoop/hdfs/protocol/SnapshottableDirectoryStatus
2024-11-12 13:42:09,374 INFO  EvoClassLoader - Keeping class: org.apache.hadoop.hdfs.protocol.SnapshottableDirectoryStatus
2024-11-12 13:42:09,374 INFO  EvoClassLoader - Seeing class for first time: org.apache.hadoop.hdfs.protocol.SnapshotDiffReport
2024-11-12 13:42:09,374 INFO  EvoClassLoader - Instrumenting class 'org.apache.hadoop.hdfs.protocol.SnapshotDiffReport'.
2024-11-12 13:42:09,374 INFO  MethodCallReplacementClassAdapter - Adding mock interface to class org/apache/hadoop/hdfs/protocol/SnapshotDiffReport
2024-11-12 13:42:09,374 INFO  CreateClassResetClassAdapter - Found static initializer in class org/apache/hadoop/hdfs/protocol/SnapshotDiffReport
2024-11-12 13:42:09,374 INFO  EvoClassLoader - Keeping class: org.apache.hadoop.hdfs.protocol.SnapshotDiffReport
2024-11-12 13:42:09,374 INFO  EvoClassLoader - Seeing class for first time: org.apache.hadoop.hdfs.protocol.SnapshotDiffReportListing
2024-11-12 13:42:09,374 INFO  EvoClassLoader - Instrumenting class 'org.apache.hadoop.hdfs.protocol.SnapshotDiffReportListing'.
2024-11-12 13:42:09,375 INFO  MethodCallReplacementClassAdapter - Adding mock interface to class org/apache/hadoop/hdfs/protocol/SnapshotDiffReportListing
2024-11-12 13:42:09,375 INFO  CreateClassResetClassAdapter - Creating brand-new static initializer in class org/apache/hadoop/hdfs/protocol/SnapshotDiffReportListing
2024-11-12 13:42:09,375 INFO  EvoClassLoader - Keeping class: org.apache.hadoop.hdfs.protocol.SnapshotDiffReportListing
2024-11-12 13:42:09,375 INFO  EvoClassLoader - Seeing class for first time: org.apache.hadoop.hdfs.protocol.CacheDirectiveInfo
2024-11-12 13:42:09,375 INFO  EvoClassLoader - Instrumenting class 'org.apache.hadoop.hdfs.protocol.CacheDirectiveInfo'.
2024-11-12 13:42:09,375 INFO  MethodCallReplacementClassAdapter - Adding mock interface to class org/apache/hadoop/hdfs/protocol/CacheDirectiveInfo
2024-11-12 13:42:09,375 INFO  CreateClassResetClassAdapter - Creating brand-new static initializer in class org/apache/hadoop/hdfs/protocol/CacheDirectiveInfo
2024-11-12 13:42:09,375 INFO  EvoClassLoader - Keeping class: org.apache.hadoop.hdfs.protocol.CacheDirectiveInfo
2024-11-12 13:42:09,375 INFO  EvoClassLoader - Seeing class for first time: org.apache.hadoop.hdfs.protocol.CachePoolInfo
2024-11-12 13:42:09,375 INFO  EvoClassLoader - Instrumenting class 'org.apache.hadoop.hdfs.protocol.CachePoolInfo'.
2024-11-12 13:42:09,376 INFO  MethodCallReplacementClassAdapter - Adding mock interface to class org/apache/hadoop/hdfs/protocol/CachePoolInfo
2024-11-12 13:42:09,376 INFO  CreateClassResetClassAdapter - Creating brand-new static initializer in class org/apache/hadoop/hdfs/protocol/CachePoolInfo
2024-11-12 13:42:09,376 INFO  CreateClassResetClassAdapter - Adding bytecode for initializing field RELATIVE_EXPIRY_NEVER
2024-11-12 13:42:09,376 INFO  CreateClassResetClassAdapter - Adding bytecode for initializing field DEFAULT_MAX_RELATIVE_EXPIRY
2024-11-12 13:42:09,376 INFO  CreateClassResetClassAdapter - Adding bytecode for initializing field LIMIT_UNLIMITED
2024-11-12 13:42:09,376 INFO  CreateClassResetClassAdapter - Adding bytecode for initializing field DEFAULT_LIMIT
2024-11-12 13:42:09,376 INFO  CreateClassResetClassAdapter - Adding bytecode for initializing field DEFAULT_REPLICATION_NUM
2024-11-12 13:42:09,376 INFO  EvoClassLoader - Keeping class: org.apache.hadoop.hdfs.protocol.CachePoolInfo
2024-11-12 13:42:09,376 INFO  EvoClassLoader - Seeing class for first time: org.apache.hadoop.hdfs.protocol.EncryptionZone
2024-11-12 13:42:09,376 INFO  EvoClassLoader - Instrumenting class 'org.apache.hadoop.hdfs.protocol.EncryptionZone'.
2024-11-12 13:42:09,377 INFO  MethodCallReplacementClassAdapter - Adding mock interface to class org/apache/hadoop/hdfs/protocol/EncryptionZone
2024-11-12 13:42:09,377 INFO  CreateClassResetClassAdapter - Creating brand-new static initializer in class org/apache/hadoop/hdfs/protocol/EncryptionZone
2024-11-12 13:42:09,377 INFO  EvoClassLoader - Keeping class: org.apache.hadoop.hdfs.protocol.EncryptionZone
2024-11-12 13:42:09,377 INFO  EvoClassLoader - Seeing class for first time: org.apache.hadoop.hdfs.protocol.HdfsConstants$ReencryptAction
2024-11-12 13:42:09,377 INFO  EvoClassLoader - Instrumenting class 'org.apache.hadoop.hdfs.protocol.HdfsConstants$ReencryptAction'.
2024-11-12 13:42:09,377 INFO  MethodCallReplacementClassAdapter - Adding mock interface to class org/apache/hadoop/hdfs/protocol/HdfsConstants$ReencryptAction
2024-11-12 13:42:09,377 INFO  CreateClassResetClassAdapter - Found static initializer in class org/apache/hadoop/hdfs/protocol/HdfsConstants$ReencryptAction
2024-11-12 13:42:09,377 INFO  EvoClassLoader - Keeping class: org.apache.hadoop.hdfs.protocol.HdfsConstants$ReencryptAction
2024-11-12 13:42:09,377 INFO  EvoClassLoader - Seeing class for first time: org.apache.hadoop.hdfs.protocol.ErasureCodingPolicyInfo
2024-11-12 13:42:09,377 INFO  EvoClassLoader - Instrumenting class 'org.apache.hadoop.hdfs.protocol.ErasureCodingPolicyInfo'.
2024-11-12 13:42:09,377 INFO  MethodCallReplacementClassAdapter - Adding mock interface to class org/apache/hadoop/hdfs/protocol/ErasureCodingPolicyInfo
2024-11-12 13:42:09,377 INFO  CreateClassResetClassAdapter - Creating brand-new static initializer in class org/apache/hadoop/hdfs/protocol/ErasureCodingPolicyInfo
2024-11-12 13:42:09,378 INFO  EvoClassLoader - Keeping class: org.apache.hadoop.hdfs.protocol.ErasureCodingPolicyInfo
2024-11-12 13:42:09,378 INFO  EvoClassLoader - Seeing class for first time: org.apache.hadoop.hdfs.protocol.AddErasureCodingPolicyResponse
2024-11-12 13:42:09,378 INFO  EvoClassLoader - Instrumenting class 'org.apache.hadoop.hdfs.protocol.AddErasureCodingPolicyResponse'.
2024-11-12 13:42:09,378 INFO  MethodCallReplacementClassAdapter - Adding mock interface to class org/apache/hadoop/hdfs/protocol/AddErasureCodingPolicyResponse
2024-11-12 13:42:09,378 INFO  CreateClassResetClassAdapter - Creating brand-new static initializer in class org/apache/hadoop/hdfs/protocol/AddErasureCodingPolicyResponse
2024-11-12 13:42:09,378 INFO  EvoClassLoader - Keeping class: org.apache.hadoop.hdfs.protocol.AddErasureCodingPolicyResponse
2024-11-12 13:42:09,378 INFO  EvoClassLoader - Seeing class for first time: org.apache.hadoop.hdfs.protocol.ECTopologyVerifierResult
2024-11-12 13:42:09,378 INFO  EvoClassLoader - Instrumenting class 'org.apache.hadoop.hdfs.protocol.ECTopologyVerifierResult'.
2024-11-12 13:42:09,378 INFO  MethodCallReplacementClassAdapter - Adding mock interface to class org/apache/hadoop/hdfs/protocol/ECTopologyVerifierResult
2024-11-12 13:42:09,378 INFO  CreateClassResetClassAdapter - Creating brand-new static initializer in class org/apache/hadoop/hdfs/protocol/ECTopologyVerifierResult
2024-11-12 13:42:09,378 INFO  EvoClassLoader - Keeping class: org.apache.hadoop.hdfs.protocol.ECTopologyVerifierResult
2024-11-12 13:42:09,378 INFO  EvoClassLoader - Seeing class for first time: org.apache.hadoop.io.EnumSetWritable
2024-11-12 13:42:09,378 INFO  EvoClassLoader - Instrumenting class 'org.apache.hadoop.io.EnumSetWritable'.
2024-11-12 13:42:09,378 INFO  MethodCallReplacementClassAdapter - Adding mock interface to class org/apache/hadoop/io/EnumSetWritable
2024-11-12 13:42:09,379 INFO  CreateClassResetClassAdapter - Found static initializer in class org/apache/hadoop/io/EnumSetWritable
2024-11-12 13:42:09,380 INFO  EvoClassLoader - Keeping class: org.apache.hadoop.io.EnumSetWritable
2024-11-12 13:42:09,380 INFO  EvoClassLoader - Seeing class for first time: org.apache.hadoop.hdfs.protocol.LastBlockWithStatus
2024-11-12 13:42:09,380 INFO  EvoClassLoader - Instrumenting class 'org.apache.hadoop.hdfs.protocol.LastBlockWithStatus'.
2024-11-12 13:42:09,380 INFO  MethodCallReplacementClassAdapter - Adding mock interface to class org/apache/hadoop/hdfs/protocol/LastBlockWithStatus
2024-11-12 13:42:09,380 INFO  CreateClassResetClassAdapter - Creating brand-new static initializer in class org/apache/hadoop/hdfs/protocol/LastBlockWithStatus
2024-11-12 13:42:09,380 INFO  EvoClassLoader - Keeping class: org.apache.hadoop.hdfs.protocol.LastBlockWithStatus
2024-11-12 13:42:09,380 INFO  EvoClassLoader - Seeing class for first time: org.apache.hadoop.crypto.CryptoProtocolVersion
2024-11-12 13:42:09,380 INFO  EvoClassLoader - Instrumenting class 'org.apache.hadoop.crypto.CryptoProtocolVersion'.
2024-11-12 13:42:09,381 INFO  MethodCallReplacementClassAdapter - Adding mock interface to class org/apache/hadoop/crypto/CryptoProtocolVersion
2024-11-12 13:42:09,381 INFO  CreateClassResetClassAdapter - Found static initializer in class org/apache/hadoop/crypto/CryptoProtocolVersion
2024-11-12 13:42:09,381 INFO  EvoClassLoader - Defined package (3): package org.apache.hadoop.crypto, -1673217324
2024-11-12 13:42:09,381 INFO  EvoClassLoader - Keeping class: org.apache.hadoop.crypto.CryptoProtocolVersion
2024-11-12 13:42:09,381 INFO  EvoClassLoader - Seeing class for first time: org.apache.hadoop.hdfs.DFSOpsCountStatistics
2024-11-12 13:42:09,381 INFO  EvoClassLoader - Instrumenting class 'org.apache.hadoop.hdfs.DFSOpsCountStatistics'.
2024-11-12 13:42:09,382 INFO  MethodCallReplacementClassAdapter - Adding mock interface to class org/apache/hadoop/hdfs/DFSOpsCountStatistics
2024-11-12 13:42:09,382 INFO  CreateClassResetClassAdapter - Creating brand-new static initializer in class org/apache/hadoop/hdfs/DFSOpsCountStatistics
2024-11-12 13:42:09,382 INFO  CreateClassResetClassAdapter - Adding bytecode for initializing field NAME
2024-11-12 13:42:09,382 INFO  EvoClassLoader - Keeping class: org.apache.hadoop.hdfs.DFSOpsCountStatistics
2024-11-12 13:42:09,382 INFO  EvoClassLoader - Seeing class for first time: org.apache.hadoop.fs.SafeModeAction
2024-11-12 13:42:09,382 INFO  EvoClassLoader - Instrumenting class 'org.apache.hadoop.fs.SafeModeAction'.
2024-11-12 13:42:09,382 INFO  MethodCallReplacementClassAdapter - Adding mock interface to class org/apache/hadoop/fs/SafeModeAction
2024-11-12 13:42:09,382 INFO  CreateClassResetClassAdapter - Found static initializer in class org/apache/hadoop/fs/SafeModeAction
2024-11-12 13:42:09,383 INFO  EvoClassLoader - Keeping class: org.apache.hadoop.fs.SafeModeAction
2024-11-12 13:42:09,383 INFO  EvoClassLoader - Seeing class for first time: org.apache.hadoop.hdfs.protocol.HdfsPathHandle
2024-11-12 13:42:09,383 INFO  EvoClassLoader - Instrumenting class 'org.apache.hadoop.hdfs.protocol.HdfsPathHandle'.
2024-11-12 13:42:09,383 INFO  MethodCallReplacementClassAdapter - Adding mock interface to class org/apache/hadoop/hdfs/protocol/HdfsPathHandle
2024-11-12 13:42:09,384 INFO  CreateClassResetClassAdapter - Creating brand-new static initializer in class org/apache/hadoop/hdfs/protocol/HdfsPathHandle
2024-11-12 13:42:09,385 INFO  EvoClassLoader - Keeping class: org.apache.hadoop.hdfs.protocol.HdfsPathHandle
2024-11-12 13:42:09,385 INFO  EvoClassLoader - Seeing class for first time: org.apache.hadoop.crypto.key.KeyProvider
2024-11-12 13:42:09,385 INFO  EvoClassLoader - Instrumenting class 'org.apache.hadoop.crypto.key.KeyProvider'.
2024-11-12 13:42:09,385 INFO  MethodCallReplacementClassAdapter - Adding mock interface to class org/apache/hadoop/crypto/key/KeyProvider
2024-11-12 13:42:09,386 INFO  CreateClassResetClassAdapter - Creating brand-new static initializer in class org/apache/hadoop/crypto/key/KeyProvider
2024-11-12 13:42:09,386 INFO  CreateClassResetClassAdapter - Adding bytecode for initializing field DEFAULT_CIPHER_NAME
2024-11-12 13:42:09,386 INFO  CreateClassResetClassAdapter - Adding bytecode for initializing field DEFAULT_CIPHER
2024-11-12 13:42:09,386 INFO  CreateClassResetClassAdapter - Adding bytecode for initializing field DEFAULT_BITLENGTH_NAME
2024-11-12 13:42:09,386 INFO  CreateClassResetClassAdapter - Adding bytecode for initializing field DEFAULT_BITLENGTH
2024-11-12 13:42:09,386 INFO  CreateClassResetClassAdapter - Adding bytecode for initializing field JCEKS_KEY_SERIALFILTER_DEFAULT
2024-11-12 13:42:09,386 INFO  CreateClassResetClassAdapter - Adding bytecode for initializing field JCEKS_KEY_SERIAL_FILTER
2024-11-12 13:42:09,387 INFO  EvoClassLoader - Keeping class: org.apache.hadoop.crypto.key.KeyProvider
2024-11-12 13:42:09,387 INFO  EvoClassLoader - Seeing class for first time: org.apache.hadoop.hdfs.DFSHedgedReadMetrics
2024-11-12 13:42:09,387 INFO  EvoClassLoader - Instrumenting class 'org.apache.hadoop.hdfs.DFSHedgedReadMetrics'.
2024-11-12 13:42:09,387 INFO  MethodCallReplacementClassAdapter - Adding mock interface to class org/apache/hadoop/hdfs/DFSHedgedReadMetrics
2024-11-12 13:42:09,387 INFO  CreateClassResetClassAdapter - Creating brand-new static initializer in class org/apache/hadoop/hdfs/DFSHedgedReadMetrics
2024-11-12 13:42:09,388 INFO  EvoClassLoader - Keeping class: org.apache.hadoop.hdfs.DFSHedgedReadMetrics
2024-11-12 13:42:09,388 INFO  EvoClassLoader - Seeing class for first time: org.apache.hadoop.hdfs.DFSOutputStream
2024-11-12 13:42:09,388 INFO  EvoClassLoader - Instrumenting class 'org.apache.hadoop.hdfs.DFSOutputStream'.
2024-11-12 13:42:09,389 INFO  MethodCallReplacementClassAdapter - Adding mock interface to class org/apache/hadoop/hdfs/DFSOutputStream
2024-11-12 13:42:09,394 INFO  CreateClassResetClassAdapter - Found static initializer in class org/apache/hadoop/hdfs/DFSOutputStream
2024-11-12 13:42:09,395 INFO  EvoClassLoader - Keeping class: org.apache.hadoop.hdfs.DFSOutputStream
2024-11-12 13:42:09,395 INFO  EvoClassLoader - Seeing class for first time: org.apache.hadoop.hdfs.DFSClient
2024-11-12 13:42:09,395 INFO  EvoClassLoader - Instrumenting class 'org.apache.hadoop.hdfs.DFSClient'.
2024-11-12 13:42:09,397 INFO  MethodCallReplacementClassAdapter - Adding mock interface to class org/apache/hadoop/hdfs/DFSClient
2024-11-12 13:42:09,404 INFO  CreateClassResetClassAdapter - Found static initializer in class org/apache/hadoop/hdfs/DFSClient
2024-11-12 13:42:09,405 INFO  EvoClassLoader - Seeing class for first time: org.apache.hadoop.hdfs.RemotePeerFactory
2024-11-12 13:42:09,405 INFO  EvoClassLoader - Instrumenting class 'org.apache.hadoop.hdfs.RemotePeerFactory'.
2024-11-12 13:42:09,406 INFO  EvoClassLoader - Keeping class: org.apache.hadoop.hdfs.RemotePeerFactory
2024-11-12 13:42:09,406 INFO  EvoClassLoader - Seeing class for first time: org.apache.hadoop.hdfs.protocol.datatransfer.sasl.DataEncryptionKeyFactory
2024-11-12 13:42:09,406 INFO  EvoClassLoader - Instrumenting class 'org.apache.hadoop.hdfs.protocol.datatransfer.sasl.DataEncryptionKeyFactory'.
2024-11-12 13:42:09,406 INFO  EvoClassLoader - Defined package (3): package org.apache.hadoop.hdfs.protocol.datatransfer.sasl, 575598492
2024-11-12 13:42:09,406 INFO  EvoClassLoader - Keeping class: org.apache.hadoop.hdfs.protocol.datatransfer.sasl.DataEncryptionKeyFactory
2024-11-12 13:42:09,406 INFO  EvoClassLoader - Keeping class: org.apache.hadoop.hdfs.DFSClient
2024-11-12 13:42:09,406 INFO  EvoClassLoader - Seeing class for first time: org.apache.hadoop.fs.FileEncryptionInfo
2024-11-12 13:42:09,406 INFO  EvoClassLoader - Instrumenting class 'org.apache.hadoop.fs.FileEncryptionInfo'.
2024-11-12 13:42:09,407 INFO  MethodCallReplacementClassAdapter - Adding mock interface to class org/apache/hadoop/fs/FileEncryptionInfo
2024-11-12 13:42:09,407 INFO  CreateClassResetClassAdapter - Creating brand-new static initializer in class org/apache/hadoop/fs/FileEncryptionInfo
2024-11-12 13:42:09,407 INFO  EvoClassLoader - Keeping class: org.apache.hadoop.fs.FileEncryptionInfo
2024-11-12 13:42:09,407 INFO  EvoClassLoader - Seeing class for first time: org.apache.hadoop.hdfs.DFSInotifyEventInputStream
2024-11-12 13:42:09,407 INFO  EvoClassLoader - Instrumenting class 'org.apache.hadoop.hdfs.DFSInotifyEventInputStream'.
2024-11-12 13:42:09,407 INFO  MethodCallReplacementClassAdapter - Adding mock interface to class org/apache/hadoop/hdfs/DFSInotifyEventInputStream
2024-11-12 13:42:09,408 INFO  CreateClassResetClassAdapter - Found static initializer in class org/apache/hadoop/hdfs/DFSInotifyEventInputStream
2024-11-12 13:42:09,408 INFO  EvoClassLoader - Keeping class: org.apache.hadoop.hdfs.DFSInotifyEventInputStream
2024-11-12 13:42:09,408 INFO  EvoClassLoader - Seeing class for first time: org.apache.hadoop.fs.TrashPolicy
2024-11-12 13:42:09,408 INFO  EvoClassLoader - Instrumenting class 'org.apache.hadoop.fs.TrashPolicy'.
2024-11-12 13:42:09,408 INFO  MethodCallReplacementClassAdapter - Adding mock interface to class org/apache/hadoop/fs/TrashPolicy
2024-11-12 13:42:09,408 INFO  CreateClassResetClassAdapter - Creating brand-new static initializer in class org/apache/hadoop/fs/TrashPolicy
2024-11-12 13:42:09,408 INFO  EvoClassLoader - Keeping class: org.apache.hadoop.fs.TrashPolicy
2024-11-12 13:42:09,409 INFO  EvoClassLoader - Seeing class for first time: org.apache.hadoop.util.ReflectionUtils$CopyInCopyOutBuffer
2024-11-12 13:42:09,409 INFO  EvoClassLoader - Instrumenting class 'org.apache.hadoop.util.ReflectionUtils$CopyInCopyOutBuffer'.
2024-11-12 13:42:09,409 INFO  MethodCallReplacementClassAdapter - Adding mock interface to class org/apache/hadoop/util/ReflectionUtils$CopyInCopyOutBuffer
2024-11-12 13:42:09,409 INFO  CreateClassResetClassAdapter - Creating brand-new static initializer in class org/apache/hadoop/util/ReflectionUtils$CopyInCopyOutBuffer
2024-11-12 13:42:09,409 INFO  EvoClassLoader - Keeping class: org.apache.hadoop.util.ReflectionUtils$CopyInCopyOutBuffer
2024-11-12 13:42:09,409 INFO  EvoClassLoader - Seeing class for first time: org.apache.commons.configuration2.sync.LockMode
2024-11-12 13:42:09,409 INFO  EvoClassLoader - Instrumenting class 'org.apache.commons.configuration2.sync.LockMode'.
2024-11-12 13:42:09,410 INFO  MethodCallReplacementClassAdapter - Adding mock interface to class org/apache/commons/configuration2/sync/LockMode
2024-11-12 13:42:09,410 INFO  CreateClassResetClassAdapter - Found static initializer in class org/apache/commons/configuration2/sync/LockMode
2024-11-12 13:42:09,410 INFO  EvoClassLoader - Keeping class: org.apache.commons.configuration2.sync.LockMode
2024-11-12 13:42:09,410 INFO  EvoClassLoader - Seeing class for first time: org.apache.commons.configuration2.sync.Synchronizer
2024-11-12 13:42:09,410 INFO  EvoClassLoader - Instrumenting class 'org.apache.commons.configuration2.sync.Synchronizer'.
2024-11-12 13:42:09,410 INFO  EvoClassLoader - Keeping class: org.apache.commons.configuration2.sync.Synchronizer
2024-11-12 13:42:09,410 INFO  EvoClassLoader - Seeing class for first time: org.apache.hadoop.thirdparty.com.google.common.collect.MapMakerInternalMap$DummyInternalEntry
2024-11-12 13:42:09,410 INFO  EvoClassLoader - Instrumenting class 'org.apache.hadoop.thirdparty.com.google.common.collect.MapMakerInternalMap$DummyInternalEntry'.
2024-11-12 13:42:09,410 INFO  MethodCallReplacementClassAdapter - Adding mock interface to class org/apache/hadoop/thirdparty/com/google/common/collect/MapMakerInternalMap$DummyInternalEntry
2024-11-12 13:42:09,410 INFO  CreateClassResetClassAdapter - Creating brand-new static initializer in class org/apache/hadoop/thirdparty/com/google/common/collect/MapMakerInternalMap$DummyInternalEntry
2024-11-12 13:42:09,410 INFO  EvoClassLoader - Keeping class: org.apache.hadoop.thirdparty.com.google.common.collect.MapMakerInternalMap$DummyInternalEntry
2024-11-12 13:42:09,411 INFO  EvoClassLoader - Seeing class for first time: org.apache.hadoop.thirdparty.com.google.common.cache.CacheBuilderSpec
2024-11-12 13:42:09,411 INFO  EvoClassLoader - Instrumenting class 'org.apache.hadoop.thirdparty.com.google.common.cache.CacheBuilderSpec'.
2024-11-12 13:42:09,411 INFO  MethodCallReplacementClassAdapter - Adding mock interface to class org/apache/hadoop/thirdparty/com/google/common/cache/CacheBuilderSpec
2024-11-12 13:42:09,411 INFO  CreateClassResetClassAdapter - Found static initializer in class org/apache/hadoop/thirdparty/com/google/common/cache/CacheBuilderSpec
2024-11-12 13:42:09,412 INFO  EvoClassLoader - Keeping class: org.apache.hadoop.thirdparty.com.google.common.cache.CacheBuilderSpec
2024-11-12 13:42:09,412 INFO  EvoClassLoader - Seeing class for first time: org.apache.hadoop.ipc.Server
2024-11-12 13:42:09,412 INFO  EvoClassLoader - Instrumenting class 'org.apache.hadoop.ipc.Server'.
2024-11-12 13:42:09,413 INFO  MethodCallReplacementClassAdapter - Adding mock interface to class org/apache/hadoop/ipc/Server
2024-11-12 13:42:09,418 INFO  CreateClassResetClassAdapter - Found static initializer in class org/apache/hadoop/ipc/Server
2024-11-12 13:42:09,420 INFO  EvoClassLoader - Keeping class: org.apache.hadoop.ipc.Server
2024-11-12 13:42:09,420 INFO  EvoClassLoader - Seeing class for first time: org.apache.commons.net.util.SubnetUtils$SubnetInfo
2024-11-12 13:42:09,420 INFO  EvoClassLoader - Instrumenting class 'org.apache.commons.net.util.SubnetUtils$SubnetInfo'.
2024-11-12 13:42:09,421 INFO  MethodCallReplacementClassAdapter - Adding mock interface to class org/apache/commons/net/util/SubnetUtils$SubnetInfo
2024-11-12 13:42:09,421 INFO  CreateClassResetClassAdapter - Creating brand-new static initializer in class org/apache/commons/net/util/SubnetUtils$SubnetInfo
2024-11-12 13:42:09,421 INFO  CreateClassResetClassAdapter - Adding bytecode for initializing field UNSIGNED_INT_MASK
2024-11-12 13:42:09,422 INFO  EvoClassLoader - Defined package (3): package org.apache.commons.net.util, -177659761
2024-11-12 13:42:09,422 INFO  EvoClassLoader - Keeping class: org.apache.commons.net.util.SubnetUtils$SubnetInfo
2024-11-12 13:42:09,422 INFO  EvoClassLoader - Seeing class for first time: org.apache.hadoop.net.SocketInputWrapper
2024-11-12 13:42:09,422 INFO  EvoClassLoader - Instrumenting class 'org.apache.hadoop.net.SocketInputWrapper'.
2024-11-12 13:42:09,422 INFO  MethodCallReplacementClassAdapter - Adding mock interface to class org/apache/hadoop/net/SocketInputWrapper
2024-11-12 13:42:09,422 INFO  CreateClassResetClassAdapter - Creating brand-new static initializer in class org/apache/hadoop/net/SocketInputWrapper
2024-11-12 13:42:09,422 INFO  EvoClassLoader - Keeping class: org.apache.hadoop.net.SocketInputWrapper
2024-11-12 13:42:09,424 INFO  EvoClassLoader - Seeing class for first time: org.apache.hadoop.thirdparty.com.google.common.collect.ImmutableList$Builder
2024-11-12 13:42:09,424 INFO  EvoClassLoader - Instrumenting class 'org.apache.hadoop.thirdparty.com.google.common.collect.ImmutableList$Builder'.
2024-11-12 13:42:09,424 INFO  MethodCallReplacementClassAdapter - Adding mock interface to class org/apache/hadoop/thirdparty/com/google/common/collect/ImmutableList$Builder
2024-11-12 13:42:09,424 INFO  CreateClassResetClassAdapter - Creating brand-new static initializer in class org/apache/hadoop/thirdparty/com/google/common/collect/ImmutableList$Builder
2024-11-12 13:42:09,424 INFO  EvoClassLoader - Seeing class for first time: org.apache.hadoop.thirdparty.com.google.common.collect.ImmutableCollection$Builder
2024-11-12 13:42:09,424 INFO  EvoClassLoader - Instrumenting class 'org.apache.hadoop.thirdparty.com.google.common.collect.ImmutableCollection$Builder'.
2024-11-12 13:42:09,425 INFO  MethodCallReplacementClassAdapter - Adding mock interface to class org/apache/hadoop/thirdparty/com/google/common/collect/ImmutableCollection$Builder
2024-11-12 13:42:09,425 INFO  CreateClassResetClassAdapter - Creating brand-new static initializer in class org/apache/hadoop/thirdparty/com/google/common/collect/ImmutableCollection$Builder
2024-11-12 13:42:09,425 INFO  CreateClassResetClassAdapter - Adding bytecode for initializing field DEFAULT_INITIAL_CAPACITY
2024-11-12 13:42:09,425 INFO  EvoClassLoader - Keeping class: org.apache.hadoop.thirdparty.com.google.common.collect.ImmutableCollection$Builder
2024-11-12 13:42:09,425 INFO  EvoClassLoader - Keeping class: org.apache.hadoop.thirdparty.com.google.common.collect.ImmutableList$Builder
2024-11-12 13:42:09,425 INFO  EvoClassLoader - Seeing class for first time: com.ctc.wstx.sw.XmlWriter
2024-11-12 13:42:09,425 INFO  EvoClassLoader - Instrumenting class 'com.ctc.wstx.sw.XmlWriter'.
2024-11-12 13:42:09,426 INFO  MethodCallReplacementClassAdapter - Adding mock interface to class com/ctc/wstx/sw/XmlWriter
2024-11-12 13:42:09,426 INFO  CreateClassResetClassAdapter - Creating brand-new static initializer in class com/ctc/wstx/sw/XmlWriter
2024-11-12 13:42:09,426 INFO  CreateClassResetClassAdapter - Adding bytecode for initializing field SURR1_FIRST
2024-11-12 13:42:09,426 INFO  CreateClassResetClassAdapter - Adding bytecode for initializing field SURR1_LAST
2024-11-12 13:42:09,426 INFO  CreateClassResetClassAdapter - Adding bytecode for initializing field SURR2_FIRST
2024-11-12 13:42:09,426 INFO  CreateClassResetClassAdapter - Adding bytecode for initializing field SURR2_LAST
2024-11-12 13:42:09,426 INFO  CreateClassResetClassAdapter - Adding bytecode for initializing field DEFAULT_QUOTE_CHAR
2024-11-12 13:42:09,426 INFO  EvoClassLoader - Defined package (3): package com.ctc.wstx.sw, 1195124713
2024-11-12 13:42:09,427 INFO  EvoClassLoader - Keeping class: com.ctc.wstx.sw.XmlWriter
2024-11-12 13:42:09,427 INFO  EvoClassLoader - Seeing class for first time: com.ctc.wstx.sr.Attribute
2024-11-12 13:42:09,427 INFO  EvoClassLoader - Instrumenting class 'com.ctc.wstx.sr.Attribute'.
2024-11-12 13:42:09,427 INFO  MethodCallReplacementClassAdapter - Adding mock interface to class com/ctc/wstx/sr/Attribute
2024-11-12 13:42:09,427 INFO  CreateClassResetClassAdapter - Creating brand-new static initializer in class com/ctc/wstx/sr/Attribute
2024-11-12 13:42:09,427 INFO  EvoClassLoader - Keeping class: com.ctc.wstx.sr.Attribute
2024-11-12 13:42:09,427 INFO  EvoClassLoader - Seeing class for first time: com.ctc.wstx.sr.ElemAttrs
2024-11-12 13:42:09,427 INFO  EvoClassLoader - Instrumenting class 'com.ctc.wstx.sr.ElemAttrs'.
2024-11-12 13:42:09,427 INFO  MethodCallReplacementClassAdapter - Adding mock interface to class com/ctc/wstx/sr/ElemAttrs
2024-11-12 13:42:09,428 INFO  CreateClassResetClassAdapter - Creating brand-new static initializer in class com/ctc/wstx/sr/ElemAttrs
2024-11-12 13:42:09,428 INFO  CreateClassResetClassAdapter - Adding bytecode for initializing field OFFSET_NS_URI
2024-11-12 13:42:09,428 INFO  EvoClassLoader - Keeping class: com.ctc.wstx.sr.ElemAttrs
2024-11-12 13:42:09,428 INFO  EvoClassLoader - Seeing class for first time: org.apache.hadoop.metrics2.impl.MetricsRecordImpl
2024-11-12 13:42:09,428 INFO  EvoClassLoader - Instrumenting class 'org.apache.hadoop.metrics2.impl.MetricsRecordImpl'.
2024-11-12 13:42:09,428 INFO  MethodCallReplacementClassAdapter - Adding mock interface to class org/apache/hadoop/metrics2/impl/MetricsRecordImpl
2024-11-12 13:42:09,428 INFO  CreateClassResetClassAdapter - Creating brand-new static initializer in class org/apache/hadoop/metrics2/impl/MetricsRecordImpl
2024-11-12 13:42:09,428 INFO  CreateClassResetClassAdapter - Adding bytecode for initializing field DEFAULT_CONTEXT
2024-11-12 13:42:09,428 INFO  EvoClassLoader - Seeing class for first time: org.apache.hadoop.metrics2.impl.AbstractMetricsRecord
2024-11-12 13:42:09,428 INFO  EvoClassLoader - Instrumenting class 'org.apache.hadoop.metrics2.impl.AbstractMetricsRecord'.
2024-11-12 13:42:09,428 INFO  MethodCallReplacementClassAdapter - Adding mock interface to class org/apache/hadoop/metrics2/impl/AbstractMetricsRecord
2024-11-12 13:42:09,428 INFO  CreateClassResetClassAdapter - Creating brand-new static initializer in class org/apache/hadoop/metrics2/impl/AbstractMetricsRecord
2024-11-12 13:42:09,428 INFO  EvoClassLoader - Seeing class for first time: org.apache.hadoop.metrics2.MetricsRecord
2024-11-12 13:42:09,428 INFO  EvoClassLoader - Instrumenting class 'org.apache.hadoop.metrics2.MetricsRecord'.
2024-11-12 13:42:09,429 INFO  EvoClassLoader - Keeping class: org.apache.hadoop.metrics2.MetricsRecord
2024-11-12 13:42:09,429 INFO  EvoClassLoader - Keeping class: org.apache.hadoop.metrics2.impl.AbstractMetricsRecord
2024-11-12 13:42:09,429 INFO  EvoClassLoader - Keeping class: org.apache.hadoop.metrics2.impl.MetricsRecordImpl
2024-11-12 13:42:09,429 INFO  EvoClassLoader - Seeing class for first time: org.apache.hadoop.metrics2.AbstractMetric
2024-11-12 13:42:09,429 INFO  EvoClassLoader - Instrumenting class 'org.apache.hadoop.metrics2.AbstractMetric'.
2024-11-12 13:42:09,429 INFO  MethodCallReplacementClassAdapter - Adding mock interface to class org/apache/hadoop/metrics2/AbstractMetric
2024-11-12 13:42:09,429 INFO  CreateClassResetClassAdapter - Creating brand-new static initializer in class org/apache/hadoop/metrics2/AbstractMetric
2024-11-12 13:42:09,429 INFO  EvoClassLoader - Keeping class: org.apache.hadoop.metrics2.AbstractMetric
2024-11-12 13:42:09,429 INFO  EvoClassLoader - Seeing class for first time: com.ctc.wstx.io.WstxInputLocation
2024-11-12 13:42:09,429 INFO  EvoClassLoader - Instrumenting class 'com.ctc.wstx.io.WstxInputLocation'.
2024-11-12 13:42:09,429 INFO  MethodCallReplacementClassAdapter - Adding mock interface to class com/ctc/wstx/io/WstxInputLocation
2024-11-12 13:42:09,429 INFO  CreateClassResetClassAdapter - Found static initializer in class com/ctc/wstx/io/WstxInputLocation
2024-11-12 13:42:09,430 INFO  EvoClassLoader - Keeping class: com.ctc.wstx.io.WstxInputLocation
2024-11-12 13:42:09,430 INFO  EvoClassLoader - Seeing class for first time: org.apache.log4j.spi.ErrorHandler
2024-11-12 13:42:09,430 INFO  EvoClassLoader - Instrumenting class 'org.apache.log4j.spi.ErrorHandler'.
2024-11-12 13:42:09,430 INFO  EvoClassLoader - Seeing class for first time: org.apache.log4j.spi.OptionHandler
2024-11-12 13:42:09,430 INFO  EvoClassLoader - Instrumenting class 'org.apache.log4j.spi.OptionHandler'.
2024-11-12 13:42:09,430 INFO  EvoClassLoader - Keeping class: org.apache.log4j.spi.OptionHandler
2024-11-12 13:42:09,430 INFO  EvoClassLoader - Keeping class: org.apache.log4j.spi.ErrorHandler
2024-11-12 13:42:09,430 INFO  EvoClassLoader - Seeing class for first time: org.apache.hadoop.fs.shell.PathData
2024-11-12 13:42:09,430 INFO  EvoClassLoader - Instrumenting class 'org.apache.hadoop.fs.shell.PathData'.
2024-11-12 13:42:09,431 INFO  MethodCallReplacementClassAdapter - Adding mock interface to class org/apache/hadoop/fs/shell/PathData
2024-11-12 13:42:09,432 INFO  CreateClassResetClassAdapter - Found static initializer in class org/apache/hadoop/fs/shell/PathData
2024-11-12 13:42:09,433 INFO  EvoClassLoader - Keeping class: org.apache.hadoop.fs.shell.PathData
2024-11-12 13:42:09,433 INFO  EvoClassLoader - Seeing class for first time: org.apache.hadoop.metrics2.MetricsSink
2024-11-12 13:42:09,433 INFO  EvoClassLoader - Instrumenting class 'org.apache.hadoop.metrics2.MetricsSink'.
2024-11-12 13:42:09,434 INFO  EvoClassLoader - Seeing class for first time: org.apache.hadoop.metrics2.MetricsPlugin
2024-11-12 13:42:09,434 INFO  EvoClassLoader - Instrumenting class 'org.apache.hadoop.metrics2.MetricsPlugin'.
2024-11-12 13:42:09,434 INFO  EvoClassLoader - Keeping class: org.apache.hadoop.metrics2.MetricsPlugin
2024-11-12 13:42:09,434 INFO  EvoClassLoader - Keeping class: org.apache.hadoop.metrics2.MetricsSink
2024-11-12 13:42:09,434 INFO  EvoClassLoader - Seeing class for first time: org.apache.hadoop.metrics2.impl.MetricsConfig
2024-11-12 13:42:09,434 INFO  EvoClassLoader - Instrumenting class 'org.apache.hadoop.metrics2.impl.MetricsConfig'.
2024-11-12 13:42:09,434 INFO  MethodCallReplacementClassAdapter - Adding mock interface to class org/apache/hadoop/metrics2/impl/MetricsConfig
2024-11-12 13:42:09,435 INFO  CreateClassResetClassAdapter - Found static initializer in class org/apache/hadoop/metrics2/impl/MetricsConfig
2024-11-12 13:42:09,435 INFO  EvoClassLoader - Seeing class for first time: org.apache.commons.configuration2.SubsetConfiguration
2024-11-12 13:42:09,435 INFO  EvoClassLoader - Instrumenting class 'org.apache.commons.configuration2.SubsetConfiguration'.
2024-11-12 13:42:09,436 INFO  MethodCallReplacementClassAdapter - Adding mock interface to class org/apache/commons/configuration2/SubsetConfiguration
2024-11-12 13:42:09,436 INFO  CreateClassResetClassAdapter - Creating brand-new static initializer in class org/apache/commons/configuration2/SubsetConfiguration
2024-11-12 13:42:09,436 INFO  EvoClassLoader - Seeing class for first time: org.apache.commons.configuration2.AbstractConfiguration
2024-11-12 13:42:09,436 INFO  EvoClassLoader - Instrumenting class 'org.apache.commons.configuration2.AbstractConfiguration'.
2024-11-12 13:42:09,436 INFO  MethodCallReplacementClassAdapter - Adding mock interface to class org/apache/commons/configuration2/AbstractConfiguration
2024-11-12 13:42:09,438 INFO  CreateClassResetClassAdapter - Creating brand-new static initializer in class org/apache/commons/configuration2/AbstractConfiguration
2024-11-12 13:42:09,439 INFO  EvoClassLoader - Seeing class for first time: org.apache.commons.configuration2.event.BaseEventSource
2024-11-12 13:42:09,439 INFO  EvoClassLoader - Instrumenting class 'org.apache.commons.configuration2.event.BaseEventSource'.
2024-11-12 13:42:09,439 INFO  MethodCallReplacementClassAdapter - Adding mock interface to class org/apache/commons/configuration2/event/BaseEventSource
2024-11-12 13:42:09,440 INFO  CreateClassResetClassAdapter - Creating brand-new static initializer in class org/apache/commons/configuration2/event/BaseEventSource
2024-11-12 13:42:09,440 INFO  EvoClassLoader - Defined package (3): package org.apache.commons.configuration2.event, 244439300
2024-11-12 13:42:09,440 INFO  EvoClassLoader - Seeing class for first time: org.apache.commons.configuration2.event.EventSource
2024-11-12 13:42:09,440 INFO  EvoClassLoader - Instrumenting class 'org.apache.commons.configuration2.event.EventSource'.
2024-11-12 13:42:09,441 INFO  EvoClassLoader - Keeping class: org.apache.commons.configuration2.event.EventSource
2024-11-12 13:42:09,441 INFO  EvoClassLoader - Keeping class: org.apache.commons.configuration2.event.BaseEventSource
2024-11-12 13:42:09,441 INFO  EvoClassLoader - Keeping class: org.apache.commons.configuration2.AbstractConfiguration
2024-11-12 13:42:09,441 INFO  EvoClassLoader - Keeping class: org.apache.commons.configuration2.SubsetConfiguration
2024-11-12 13:42:09,441 INFO  EvoClassLoader - Keeping class: org.apache.hadoop.metrics2.impl.MetricsConfig
2024-11-12 13:42:09,441 INFO  EvoClassLoader - Seeing class for first time: org.apache.hadoop.metrics2.impl.MetricsSinkAdapter
2024-11-12 13:42:09,441 INFO  EvoClassLoader - Instrumenting class 'org.apache.hadoop.metrics2.impl.MetricsSinkAdapter'.
2024-11-12 13:42:09,441 INFO  MethodCallReplacementClassAdapter - Adding mock interface to class org/apache/hadoop/metrics2/impl/MetricsSinkAdapter
2024-11-12 13:42:09,443 INFO  CreateClassResetClassAdapter - Found static initializer in class org/apache/hadoop/metrics2/impl/MetricsSinkAdapter
2024-11-12 13:42:09,443 INFO  EvoClassLoader - Seeing class for first time: org.apache.hadoop.metrics2.impl.SinkQueue$Consumer
2024-11-12 13:42:09,443 INFO  EvoClassLoader - Instrumenting class 'org.apache.hadoop.metrics2.impl.SinkQueue$Consumer'.
2024-11-12 13:42:09,444 INFO  EvoClassLoader - Keeping class: org.apache.hadoop.metrics2.impl.SinkQueue$Consumer
2024-11-12 13:42:09,444 INFO  EvoClassLoader - Keeping class: org.apache.hadoop.metrics2.impl.MetricsSinkAdapter
2024-11-12 13:42:09,444 INFO  EvoClassLoader - Seeing class for first time: org.apache.hadoop.metrics2.impl.MetricsBuffer
2024-11-12 13:42:09,444 INFO  EvoClassLoader - Instrumenting class 'org.apache.hadoop.metrics2.impl.MetricsBuffer'.
2024-11-12 13:42:09,444 INFO  MethodCallReplacementClassAdapter - Adding mock interface to class org/apache/hadoop/metrics2/impl/MetricsBuffer
2024-11-12 13:42:09,444 INFO  CreateClassResetClassAdapter - Creating brand-new static initializer in class org/apache/hadoop/metrics2/impl/MetricsBuffer
2024-11-12 13:42:09,444 INFO  EvoClassLoader - Keeping class: org.apache.hadoop.metrics2.impl.MetricsBuffer
2024-11-12 13:42:09,444 INFO  EvoClassLoader - Seeing class for first time: org.apache.hadoop.metrics2.impl.MetricsSourceAdapter
2024-11-12 13:42:09,444 INFO  EvoClassLoader - Instrumenting class 'org.apache.hadoop.metrics2.impl.MetricsSourceAdapter'.
2024-11-12 13:42:09,445 INFO  MethodCallReplacementClassAdapter - Adding mock interface to class org/apache/hadoop/metrics2/impl/MetricsSourceAdapter
2024-11-12 13:42:09,446 INFO  CreateClassResetClassAdapter - Found static initializer in class org/apache/hadoop/metrics2/impl/MetricsSourceAdapter
2024-11-12 13:42:09,446 INFO  EvoClassLoader - Keeping class: org.apache.hadoop.metrics2.impl.MetricsSourceAdapter
2024-11-12 13:42:09,446 INFO  EvoClassLoader - Seeing class for first time: org.apache.hadoop.metrics2.impl.MetricsBufferBuilder
2024-11-12 13:42:09,446 INFO  EvoClassLoader - Instrumenting class 'org.apache.hadoop.metrics2.impl.MetricsBufferBuilder'.
2024-11-12 13:42:09,447 INFO  MethodCallReplacementClassAdapter - Adding mock interface to class org/apache/hadoop/metrics2/impl/MetricsBufferBuilder
2024-11-12 13:42:09,447 INFO  CreateClassResetClassAdapter - Creating brand-new static initializer in class org/apache/hadoop/metrics2/impl/MetricsBufferBuilder
2024-11-12 13:42:09,447 INFO  EvoClassLoader - Keeping class: org.apache.hadoop.metrics2.impl.MetricsBufferBuilder
2024-11-12 13:42:09,448 INFO  EvoClassLoader - Seeing class for first time: org.apache.hadoop.metrics2.impl.MetricsSystemImpl$InitMode
2024-11-12 13:42:09,448 INFO  EvoClassLoader - Instrumenting class 'org.apache.hadoop.metrics2.impl.MetricsSystemImpl$InitMode'.
2024-11-12 13:42:09,448 INFO  MethodCallReplacementClassAdapter - Adding mock interface to class org/apache/hadoop/metrics2/impl/MetricsSystemImpl$InitMode
2024-11-12 13:42:09,448 INFO  CreateClassResetClassAdapter - Found static initializer in class org/apache/hadoop/metrics2/impl/MetricsSystemImpl$InitMode
2024-11-12 13:42:09,448 INFO  EvoClassLoader - Keeping class: org.apache.hadoop.metrics2.impl.MetricsSystemImpl$InitMode
2024-11-12 13:42:09,448 INFO  EvoClassLoader - Seeing class for first time: com.ctc.wstx.dtd.DTDId
2024-11-12 13:42:09,448 INFO  EvoClassLoader - Instrumenting class 'com.ctc.wstx.dtd.DTDId'.
2024-11-12 13:42:09,449 INFO  MethodCallReplacementClassAdapter - Adding mock interface to class com/ctc/wstx/dtd/DTDId
2024-11-12 13:42:09,450 INFO  CreateClassResetClassAdapter - Creating brand-new static initializer in class com/ctc/wstx/dtd/DTDId
2024-11-12 13:42:09,450 INFO  EvoClassLoader - Defined package (3): package com.ctc.wstx.dtd, -1605853969
2024-11-12 13:42:09,450 INFO  EvoClassLoader - Keeping class: com.ctc.wstx.dtd.DTDId
2024-11-12 13:42:09,450 INFO  EvoClassLoader - Seeing class for first time: com.ctc.wstx.dtd.DTDSubset
2024-11-12 13:42:09,450 INFO  EvoClassLoader - Instrumenting class 'com.ctc.wstx.dtd.DTDSubset'.
2024-11-12 13:42:09,451 INFO  MethodCallReplacementClassAdapter - Adding mock interface to class com/ctc/wstx/dtd/DTDSubset
2024-11-12 13:42:09,451 INFO  CreateClassResetClassAdapter - Creating brand-new static initializer in class com/ctc/wstx/dtd/DTDSubset
2024-11-12 13:42:09,451 INFO  EvoClassLoader - Keeping class: com.ctc.wstx.dtd.DTDSubset
2024-11-12 13:42:09,451 INFO  EvoClassLoader - Seeing class for first time: org.apache.hadoop.hdfs.protocol.DatanodeInfo$AdminStates
2024-11-12 13:42:09,451 INFO  EvoClassLoader - Instrumenting class 'org.apache.hadoop.hdfs.protocol.DatanodeInfo$AdminStates'.
2024-11-12 13:42:09,451 INFO  MethodCallReplacementClassAdapter - Adding mock interface to class org/apache/hadoop/hdfs/protocol/DatanodeInfo$AdminStates
2024-11-12 13:42:09,451 INFO  CreateClassResetClassAdapter - Found static initializer in class org/apache/hadoop/hdfs/protocol/DatanodeInfo$AdminStates
2024-11-12 13:42:09,452 INFO  EvoClassLoader - Keeping class: org.apache.hadoop.hdfs.protocol.DatanodeInfo$AdminStates
2024-11-12 13:42:09,452 INFO  EvoClassLoader - Seeing class for first time: org.apache.hadoop.thirdparty.com.google.common.collect.ImmutableMap$Builder
2024-11-12 13:42:09,452 INFO  EvoClassLoader - Instrumenting class 'org.apache.hadoop.thirdparty.com.google.common.collect.ImmutableMap$Builder'.
2024-11-12 13:42:09,452 INFO  MethodCallReplacementClassAdapter - Adding mock interface to class org/apache/hadoop/thirdparty/com/google/common/collect/ImmutableMap$Builder
2024-11-12 13:42:09,452 INFO  CreateClassResetClassAdapter - Creating brand-new static initializer in class org/apache/hadoop/thirdparty/com/google/common/collect/ImmutableMap$Builder
2024-11-12 13:42:09,452 INFO  EvoClassLoader - Keeping class: org.apache.hadoop.thirdparty.com.google.common.collect.ImmutableMap$Builder
2024-11-12 13:42:09,453 INFO  EvoClassLoader - Seeing class for first time: org.apache.hadoop.thirdparty.com.google.common.collect.ImmutableSetMultimap
2024-11-12 13:42:09,453 INFO  EvoClassLoader - Instrumenting class 'org.apache.hadoop.thirdparty.com.google.common.collect.ImmutableSetMultimap'.
2024-11-12 13:42:09,453 INFO  MethodCallReplacementClassAdapter - Adding mock interface to class org/apache/hadoop/thirdparty/com/google/common/collect/ImmutableSetMultimap
2024-11-12 13:42:09,456 INFO  CreateClassResetClassAdapter - Creating brand-new static initializer in class org/apache/hadoop/thirdparty/com/google/common/collect/ImmutableSetMultimap
2024-11-12 13:42:09,457 INFO  EvoClassLoader - Seeing class for first time: org.apache.hadoop.thirdparty.com.google.common.collect.SetMultimap
2024-11-12 13:42:09,457 INFO  EvoClassLoader - Instrumenting class 'org.apache.hadoop.thirdparty.com.google.common.collect.SetMultimap'.
2024-11-12 13:42:09,457 INFO  EvoClassLoader - Seeing class for first time: org.apache.hadoop.thirdparty.com.google.common.collect.Multimap
2024-11-12 13:42:09,457 INFO  EvoClassLoader - Instrumenting class 'org.apache.hadoop.thirdparty.com.google.common.collect.Multimap'.
2024-11-12 13:42:09,458 INFO  EvoClassLoader - Keeping class: org.apache.hadoop.thirdparty.com.google.common.collect.Multimap
2024-11-12 13:42:09,458 INFO  EvoClassLoader - Keeping class: org.apache.hadoop.thirdparty.com.google.common.collect.SetMultimap
2024-11-12 13:42:09,458 INFO  EvoClassLoader - Seeing class for first time: org.apache.hadoop.thirdparty.com.google.common.collect.ImmutableMultimap
2024-11-12 13:42:09,458 INFO  EvoClassLoader - Instrumenting class 'org.apache.hadoop.thirdparty.com.google.common.collect.ImmutableMultimap'.
2024-11-12 13:42:09,458 INFO  MethodCallReplacementClassAdapter - Adding mock interface to class org/apache/hadoop/thirdparty/com/google/common/collect/ImmutableMultimap
2024-11-12 13:42:09,458 INFO  CreateClassResetClassAdapter - Creating brand-new static initializer in class org/apache/hadoop/thirdparty/com/google/common/collect/ImmutableMultimap
2024-11-12 13:42:09,459 INFO  EvoClassLoader - Seeing class for first time: org.apache.hadoop.thirdparty.com.google.common.collect.BaseImmutableMultimap
2024-11-12 13:42:09,459 INFO  EvoClassLoader - Instrumenting class 'org.apache.hadoop.thirdparty.com.google.common.collect.BaseImmutableMultimap'.
2024-11-12 13:42:09,459 INFO  MethodCallReplacementClassAdapter - Adding mock interface to class org/apache/hadoop/thirdparty/com/google/common/collect/BaseImmutableMultimap
2024-11-12 13:42:09,459 INFO  CreateClassResetClassAdapter - Creating brand-new static initializer in class org/apache/hadoop/thirdparty/com/google/common/collect/BaseImmutableMultimap
2024-11-12 13:42:09,459 INFO  EvoClassLoader - Seeing class for first time: org.apache.hadoop.thirdparty.com.google.common.collect.AbstractMultimap
2024-11-12 13:42:09,459 INFO  EvoClassLoader - Instrumenting class 'org.apache.hadoop.thirdparty.com.google.common.collect.AbstractMultimap'.
2024-11-12 13:42:09,459 INFO  MethodCallReplacementClassAdapter - Adding mock interface to class org/apache/hadoop/thirdparty/com/google/common/collect/AbstractMultimap
2024-11-12 13:42:09,460 INFO  CreateClassResetClassAdapter - Creating brand-new static initializer in class org/apache/hadoop/thirdparty/com/google/common/collect/AbstractMultimap
2024-11-12 13:42:09,460 INFO  EvoClassLoader - Keeping class: org.apache.hadoop.thirdparty.com.google.common.collect.AbstractMultimap
2024-11-12 13:42:09,460 INFO  EvoClassLoader - Keeping class: org.apache.hadoop.thirdparty.com.google.common.collect.BaseImmutableMultimap
2024-11-12 13:42:09,460 INFO  EvoClassLoader - Keeping class: org.apache.hadoop.thirdparty.com.google.common.collect.ImmutableMultimap
2024-11-12 13:42:09,460 INFO  EvoClassLoader - Keeping class: org.apache.hadoop.thirdparty.com.google.common.collect.ImmutableSetMultimap
2024-11-12 13:42:09,461 INFO  EvoClassLoader - Seeing class for first time: org.apache.hadoop.io.LongWritable
2024-11-12 13:42:09,461 INFO  EvoClassLoader - Instrumenting class 'org.apache.hadoop.io.LongWritable'.
2024-11-12 13:42:09,461 INFO  MethodCallReplacementClassAdapter - Adding mock interface to class org/apache/hadoop/io/LongWritable
2024-11-12 13:42:09,461 INFO  CreateClassResetClassAdapter - Found static initializer in class org/apache/hadoop/io/LongWritable
2024-11-12 13:42:09,461 INFO  EvoClassLoader - Keeping class: org.apache.hadoop.io.LongWritable
2024-11-12 13:42:09,462 INFO  EvoClassLoader - Seeing class for first time: org.apache.hadoop.io.serializer.SerializationFactory
2024-11-12 13:42:09,462 INFO  EvoClassLoader - Instrumenting class 'org.apache.hadoop.io.serializer.SerializationFactory'.
2024-11-12 13:42:09,462 INFO  MethodCallReplacementClassAdapter - Adding mock interface to class org/apache/hadoop/io/serializer/SerializationFactory
2024-11-12 13:42:09,463 INFO  CreateClassResetClassAdapter - Found static initializer in class org/apache/hadoop/io/serializer/SerializationFactory
2024-11-12 13:42:09,463 INFO  EvoClassLoader - Defined package (3): package org.apache.hadoop.io.serializer, 333528551
2024-11-12 13:42:09,463 INFO  EvoClassLoader - Keeping class: org.apache.hadoop.io.serializer.SerializationFactory
2024-11-12 13:42:09,463 INFO  EvoClassLoader - Seeing class for first time: org.apache.hadoop.thirdparty.com.google.common.collect.MapMakerInternalMap$StrongKeyDummyValueEntry
2024-11-12 13:42:09,463 INFO  EvoClassLoader - Instrumenting class 'org.apache.hadoop.thirdparty.com.google.common.collect.MapMakerInternalMap$StrongKeyDummyValueEntry'.
2024-11-12 13:42:09,464 INFO  MethodCallReplacementClassAdapter - Adding mock interface to class org/apache/hadoop/thirdparty/com/google/common/collect/MapMakerInternalMap$StrongKeyDummyValueEntry
2024-11-12 13:42:09,464 INFO  CreateClassResetClassAdapter - Creating brand-new static initializer in class org/apache/hadoop/thirdparty/com/google/common/collect/MapMakerInternalMap$StrongKeyDummyValueEntry
2024-11-12 13:42:09,464 INFO  EvoClassLoader - Seeing class for first time: org.apache.hadoop.thirdparty.com.google.common.collect.MapMakerInternalMap$StrongValueEntry
2024-11-12 13:42:09,464 INFO  EvoClassLoader - Instrumenting class 'org.apache.hadoop.thirdparty.com.google.common.collect.MapMakerInternalMap$StrongValueEntry'.
2024-11-12 13:42:09,464 INFO  EvoClassLoader - Keeping class: org.apache.hadoop.thirdparty.com.google.common.collect.MapMakerInternalMap$StrongValueEntry
2024-11-12 13:42:09,464 INFO  EvoClassLoader - Seeing class for first time: org.apache.hadoop.thirdparty.com.google.common.collect.MapMakerInternalMap$AbstractStrongKeyEntry
2024-11-12 13:42:09,464 INFO  EvoClassLoader - Instrumenting class 'org.apache.hadoop.thirdparty.com.google.common.collect.MapMakerInternalMap$AbstractStrongKeyEntry'.
2024-11-12 13:42:09,464 INFO  MethodCallReplacementClassAdapter - Adding mock interface to class org/apache/hadoop/thirdparty/com/google/common/collect/MapMakerInternalMap$AbstractStrongKeyEntry
2024-11-12 13:42:09,464 INFO  CreateClassResetClassAdapter - Creating brand-new static initializer in class org/apache/hadoop/thirdparty/com/google/common/collect/MapMakerInternalMap$AbstractStrongKeyEntry
2024-11-12 13:42:09,464 INFO  EvoClassLoader - Keeping class: org.apache.hadoop.thirdparty.com.google.common.collect.MapMakerInternalMap$AbstractStrongKeyEntry
2024-11-12 13:42:09,464 INFO  EvoClassLoader - Keeping class: org.apache.hadoop.thirdparty.com.google.common.collect.MapMakerInternalMap$StrongKeyDummyValueEntry
2024-11-12 13:42:09,464 INFO  EvoClassLoader - Seeing class for first time: org.apache.hadoop.thirdparty.com.google.common.collect.MapMaker$Dummy
2024-11-12 13:42:09,464 INFO  EvoClassLoader - Instrumenting class 'org.apache.hadoop.thirdparty.com.google.common.collect.MapMaker$Dummy'.
2024-11-12 13:42:09,465 INFO  MethodCallReplacementClassAdapter - Adding mock interface to class org/apache/hadoop/thirdparty/com/google/common/collect/MapMaker$Dummy
2024-11-12 13:42:09,465 INFO  CreateClassResetClassAdapter - Found static initializer in class org/apache/hadoop/thirdparty/com/google/common/collect/MapMaker$Dummy
2024-11-12 13:42:09,465 INFO  EvoClassLoader - Keeping class: org.apache.hadoop.thirdparty.com.google.common.collect.MapMaker$Dummy
2024-11-12 13:42:09,465 INFO  EvoClassLoader - Seeing class for first time: org.apache.commons.cli.OptionGroup
2024-11-12 13:42:09,465 INFO  EvoClassLoader - Instrumenting class 'org.apache.commons.cli.OptionGroup'.
2024-11-12 13:42:09,465 INFO  MethodCallReplacementClassAdapter - Adding mock interface to class org/apache/commons/cli/OptionGroup
2024-11-12 13:42:09,465 INFO  CreateClassResetClassAdapter - Creating brand-new static initializer in class org/apache/commons/cli/OptionGroup
2024-11-12 13:42:09,466 INFO  EvoClassLoader - Keeping class: org.apache.commons.cli.OptionGroup
2024-11-12 13:42:09,466 INFO  EvoClassLoader - Seeing class for first time: org.apache.commons.configuration2.ConfigurationDecoder
2024-11-12 13:42:09,466 INFO  EvoClassLoader - Instrumenting class 'org.apache.commons.configuration2.ConfigurationDecoder'.
2024-11-12 13:42:09,466 INFO  EvoClassLoader - Keeping class: org.apache.commons.configuration2.ConfigurationDecoder
2024-11-12 13:42:09,467 INFO  EvoClassLoader - Seeing class for first time: org.apache.hadoop.ipc.protobuf.RpcHeaderProtos$RpcResponseHeaderProto$RpcErrorCodeProto
2024-11-12 13:42:09,467 INFO  EvoClassLoader - Instrumenting class 'org.apache.hadoop.ipc.protobuf.RpcHeaderProtos$RpcResponseHeaderProto$RpcErrorCodeProto'.
2024-11-12 13:42:09,467 INFO  MethodCallReplacementClassAdapter - Adding mock interface to class org/apache/hadoop/ipc/protobuf/RpcHeaderProtos$RpcResponseHeaderProto$RpcErrorCodeProto
2024-11-12 13:42:09,467 INFO  CreateClassResetClassAdapter - Found static initializer in class org/apache/hadoop/ipc/protobuf/RpcHeaderProtos$RpcResponseHeaderProto$RpcErrorCodeProto
2024-11-12 13:42:09,467 INFO  EvoClassLoader - Defined package (3): package org.apache.hadoop.ipc.protobuf, -23792400
2024-11-12 13:42:09,467 INFO  EvoClassLoader - Seeing class for first time: org.apache.hadoop.thirdparty.protobuf.ProtocolMessageEnum
2024-11-12 13:42:09,467 INFO  EvoClassLoader - Instrumenting class 'org.apache.hadoop.thirdparty.protobuf.ProtocolMessageEnum'.
2024-11-12 13:42:09,468 INFO  EvoClassLoader - Seeing class for first time: org.apache.hadoop.thirdparty.protobuf.Internal$EnumLite
2024-11-12 13:42:09,468 INFO  EvoClassLoader - Instrumenting class 'org.apache.hadoop.thirdparty.protobuf.Internal$EnumLite'.
2024-11-12 13:42:09,468 INFO  EvoClassLoader - Keeping class: org.apache.hadoop.thirdparty.protobuf.Internal$EnumLite
2024-11-12 13:42:09,468 INFO  EvoClassLoader - Keeping class: org.apache.hadoop.thirdparty.protobuf.ProtocolMessageEnum
2024-11-12 13:42:09,468 INFO  EvoClassLoader - Keeping class: org.apache.hadoop.ipc.protobuf.RpcHeaderProtos$RpcResponseHeaderProto$RpcErrorCodeProto
2024-11-12 13:42:09,468 INFO  EvoClassLoader - Seeing class for first time: com.ctc.wstx.dtd.DTDEventListener
2024-11-12 13:42:09,468 INFO  EvoClassLoader - Instrumenting class 'com.ctc.wstx.dtd.DTDEventListener'.
2024-11-12 13:42:09,468 INFO  EvoClassLoader - Keeping class: com.ctc.wstx.dtd.DTDEventListener
2024-11-12 13:42:09,469 INFO  EvoClassLoader - Seeing class for first time: org.codehaus.stax2.validation.ValidationProblemHandler
2024-11-12 13:42:09,469 INFO  EvoClassLoader - Instrumenting class 'org.codehaus.stax2.validation.ValidationProblemHandler'.
2024-11-12 13:42:09,469 INFO  EvoClassLoader - Keeping class: org.codehaus.stax2.validation.ValidationProblemHandler
2024-11-12 13:42:09,469 INFO  EvoClassLoader - Seeing class for first time: org.apache.hadoop.thirdparty.com.google.common.cache.RemovalCause
2024-11-12 13:42:09,469 INFO  EvoClassLoader - Instrumenting class 'org.apache.hadoop.thirdparty.com.google.common.cache.RemovalCause'.
2024-11-12 13:42:09,469 INFO  MethodCallReplacementClassAdapter - Adding mock interface to class org/apache/hadoop/thirdparty/com/google/common/cache/RemovalCause
2024-11-12 13:42:09,469 INFO  CreateClassResetClassAdapter - Found static initializer in class org/apache/hadoop/thirdparty/com/google/common/cache/RemovalCause
2024-11-12 13:42:09,469 INFO  EvoClassLoader - Keeping class: org.apache.hadoop.thirdparty.com.google.common.cache.RemovalCause
2024-11-12 13:42:09,470 INFO  EvoClassLoader - Seeing class for first time: com.ctc.wstx.sr.ElemCallback
2024-11-12 13:42:09,470 INFO  EvoClassLoader - Instrumenting class 'com.ctc.wstx.sr.ElemCallback'.
2024-11-12 13:42:09,470 INFO  MethodCallReplacementClassAdapter - Adding mock interface to class com/ctc/wstx/sr/ElemCallback
2024-11-12 13:42:09,470 INFO  CreateClassResetClassAdapter - Creating brand-new static initializer in class com/ctc/wstx/sr/ElemCallback
2024-11-12 13:42:09,470 INFO  EvoClassLoader - Keeping class: com.ctc.wstx.sr.ElemCallback
2024-11-12 13:42:09,471 INFO  EvoClassLoader - Seeing class for first time: org.apache.hadoop.thirdparty.com.google.common.base.MoreObjects$ToStringHelper
2024-11-12 13:42:09,471 INFO  EvoClassLoader - Instrumenting class 'org.apache.hadoop.thirdparty.com.google.common.base.MoreObjects$ToStringHelper'.
2024-11-12 13:42:09,471 INFO  MethodCallReplacementClassAdapter - Adding mock interface to class org/apache/hadoop/thirdparty/com/google/common/base/MoreObjects$ToStringHelper
2024-11-12 13:42:09,471 INFO  CreateClassResetClassAdapter - Creating brand-new static initializer in class org/apache/hadoop/thirdparty/com/google/common/base/MoreObjects$ToStringHelper
2024-11-12 13:42:09,472 INFO  EvoClassLoader - Keeping class: org.apache.hadoop.thirdparty.com.google.common.base.MoreObjects$ToStringHelper
2024-11-12 13:42:09,472 INFO  EvoClassLoader - Seeing class for first time: org.apache.hadoop.thirdparty.com.google.common.base.Equivalence$Wrapper
2024-11-12 13:42:09,472 INFO  EvoClassLoader - Instrumenting class 'org.apache.hadoop.thirdparty.com.google.common.base.Equivalence$Wrapper'.
2024-11-12 13:42:09,472 INFO  MethodCallReplacementClassAdapter - Adding mock interface to class org/apache/hadoop/thirdparty/com/google/common/base/Equivalence$Wrapper
2024-11-12 13:42:09,472 INFO  CreateClassResetClassAdapter - Creating brand-new static initializer in class org/apache/hadoop/thirdparty/com/google/common/base/Equivalence$Wrapper
2024-11-12 13:42:09,472 INFO  EvoClassLoader - Keeping class: org.apache.hadoop.thirdparty.com.google.common.base.Equivalence$Wrapper
2024-11-12 13:42:09,473 INFO  EvoClassLoader - Seeing class for first time: org.apache.hadoop.metrics2.MetricsFilter
2024-11-12 13:42:09,473 INFO  EvoClassLoader - Instrumenting class 'org.apache.hadoop.metrics2.MetricsFilter'.
2024-11-12 13:42:09,473 INFO  MethodCallReplacementClassAdapter - Adding mock interface to class org/apache/hadoop/metrics2/MetricsFilter
2024-11-12 13:42:09,473 INFO  CreateClassResetClassAdapter - Creating brand-new static initializer in class org/apache/hadoop/metrics2/MetricsFilter
2024-11-12 13:42:09,473 INFO  EvoClassLoader - Keeping class: org.apache.hadoop.metrics2.MetricsFilter
2024-11-12 13:42:09,473 INFO  EvoClassLoader - Seeing class for first time: org.apache.hadoop.thirdparty.com.google.common.collect.Range
2024-11-12 13:42:09,473 INFO  EvoClassLoader - Instrumenting class 'org.apache.hadoop.thirdparty.com.google.common.collect.Range'.
2024-11-12 13:42:09,473 INFO  MethodCallReplacementClassAdapter - Adding mock interface to class org/apache/hadoop/thirdparty/com/google/common/collect/Range
2024-11-12 13:42:09,476 INFO  CreateClassResetClassAdapter - Found static initializer in class org/apache/hadoop/thirdparty/com/google/common/collect/Range
2024-11-12 13:42:09,476 INFO  EvoClassLoader - Seeing class for first time: org.apache.hadoop.thirdparty.com.google.common.collect.RangeGwtSerializationDependencies
2024-11-12 13:42:09,476 INFO  EvoClassLoader - Instrumenting class 'org.apache.hadoop.thirdparty.com.google.common.collect.RangeGwtSerializationDependencies'.
2024-11-12 13:42:09,476 INFO  MethodCallReplacementClassAdapter - Adding mock interface to class org/apache/hadoop/thirdparty/com/google/common/collect/RangeGwtSerializationDependencies
2024-11-12 13:42:09,476 INFO  CreateClassResetClassAdapter - Creating brand-new static initializer in class org/apache/hadoop/thirdparty/com/google/common/collect/RangeGwtSerializationDependencies
2024-11-12 13:42:09,476 INFO  EvoClassLoader - Keeping class: org.apache.hadoop.thirdparty.com.google.common.collect.RangeGwtSerializationDependencies
2024-11-12 13:42:09,476 INFO  EvoClassLoader - Keeping class: org.apache.hadoop.thirdparty.com.google.common.collect.Range
2024-11-12 13:42:09,477 INFO  EvoClassLoader - Seeing class for first time: org.apache.hadoop.thirdparty.com.google.common.collect.Maps$AbstractFilteredMap
2024-11-12 13:42:09,477 INFO  EvoClassLoader - Instrumenting class 'org.apache.hadoop.thirdparty.com.google.common.collect.Maps$AbstractFilteredMap'.
2024-11-12 13:42:09,477 INFO  MethodCallReplacementClassAdapter - Adding mock interface to class org/apache/hadoop/thirdparty/com/google/common/collect/Maps$AbstractFilteredMap
2024-11-12 13:42:09,477 INFO  CreateClassResetClassAdapter - Creating brand-new static initializer in class org/apache/hadoop/thirdparty/com/google/common/collect/Maps$AbstractFilteredMap
2024-11-12 13:42:09,477 INFO  EvoClassLoader - Seeing class for first time: org.apache.hadoop.thirdparty.com.google.common.collect.Maps$ViewCachingAbstractMap
2024-11-12 13:42:09,477 INFO  EvoClassLoader - Instrumenting class 'org.apache.hadoop.thirdparty.com.google.common.collect.Maps$ViewCachingAbstractMap'.
2024-11-12 13:42:09,477 INFO  MethodCallReplacementClassAdapter - Adding mock interface to class org/apache/hadoop/thirdparty/com/google/common/collect/Maps$ViewCachingAbstractMap
2024-11-12 13:42:09,477 INFO  CreateClassResetClassAdapter - Creating brand-new static initializer in class org/apache/hadoop/thirdparty/com/google/common/collect/Maps$ViewCachingAbstractMap
2024-11-12 13:42:09,477 INFO  EvoClassLoader - Keeping class: org.apache.hadoop.thirdparty.com.google.common.collect.Maps$ViewCachingAbstractMap
2024-11-12 13:42:09,477 INFO  EvoClassLoader - Keeping class: org.apache.hadoop.thirdparty.com.google.common.collect.Maps$AbstractFilteredMap
2024-11-12 13:42:09,477 INFO  EvoClassLoader - Seeing class for first time: org.apache.hadoop.thirdparty.com.google.common.collect.Maps$FilteredEntrySortedMap
2024-11-12 13:42:09,477 INFO  EvoClassLoader - Instrumenting class 'org.apache.hadoop.thirdparty.com.google.common.collect.Maps$FilteredEntrySortedMap'.
2024-11-12 13:42:09,478 INFO  MethodCallReplacementClassAdapter - Adding mock interface to class org/apache/hadoop/thirdparty/com/google/common/collect/Maps$FilteredEntrySortedMap
2024-11-12 13:42:09,478 INFO  CreateClassResetClassAdapter - Creating brand-new static initializer in class org/apache/hadoop/thirdparty/com/google/common/collect/Maps$FilteredEntrySortedMap
2024-11-12 13:42:09,478 INFO  EvoClassLoader - Seeing class for first time: org.apache.hadoop.thirdparty.com.google.common.collect.Maps$FilteredEntryMap
2024-11-12 13:42:09,478 INFO  EvoClassLoader - Instrumenting class 'org.apache.hadoop.thirdparty.com.google.common.collect.Maps$FilteredEntryMap'.
2024-11-12 13:42:09,478 INFO  MethodCallReplacementClassAdapter - Adding mock interface to class org/apache/hadoop/thirdparty/com/google/common/collect/Maps$FilteredEntryMap
2024-11-12 13:42:09,478 INFO  CreateClassResetClassAdapter - Creating brand-new static initializer in class org/apache/hadoop/thirdparty/com/google/common/collect/Maps$FilteredEntryMap
2024-11-12 13:42:09,478 INFO  EvoClassLoader - Keeping class: org.apache.hadoop.thirdparty.com.google.common.collect.Maps$FilteredEntryMap
2024-11-12 13:42:09,478 INFO  EvoClassLoader - Keeping class: org.apache.hadoop.thirdparty.com.google.common.collect.Maps$FilteredEntrySortedMap
2024-11-12 13:42:09,478 INFO  EvoClassLoader - Seeing class for first time: org.apache.hadoop.thirdparty.com.google.common.collect.Maps$FilteredEntryBiMap
2024-11-12 13:42:09,478 INFO  EvoClassLoader - Instrumenting class 'org.apache.hadoop.thirdparty.com.google.common.collect.Maps$FilteredEntryBiMap'.
2024-11-12 13:42:09,478 INFO  MethodCallReplacementClassAdapter - Adding mock interface to class org/apache/hadoop/thirdparty/com/google/common/collect/Maps$FilteredEntryBiMap
2024-11-12 13:42:09,479 INFO  CreateClassResetClassAdapter - Creating brand-new static initializer in class org/apache/hadoop/thirdparty/com/google/common/collect/Maps$FilteredEntryBiMap
2024-11-12 13:42:09,479 INFO  EvoClassLoader - Keeping class: org.apache.hadoop.thirdparty.com.google.common.collect.Maps$FilteredEntryBiMap
2024-11-12 13:42:09,479 INFO  EvoClassLoader - Seeing class for first time: org.apache.hadoop.thirdparty.com.google.common.collect.Maps$FilteredEntryNavigableMap
2024-11-12 13:42:09,479 INFO  EvoClassLoader - Instrumenting class 'org.apache.hadoop.thirdparty.com.google.common.collect.Maps$FilteredEntryNavigableMap'.
2024-11-12 13:42:09,479 INFO  MethodCallReplacementClassAdapter - Adding mock interface to class org/apache/hadoop/thirdparty/com/google/common/collect/Maps$FilteredEntryNavigableMap
2024-11-12 13:42:09,479 INFO  CreateClassResetClassAdapter - Creating brand-new static initializer in class org/apache/hadoop/thirdparty/com/google/common/collect/Maps$FilteredEntryNavigableMap
2024-11-12 13:42:09,479 INFO  EvoClassLoader - Seeing class for first time: org.apache.hadoop.thirdparty.com.google.common.collect.AbstractNavigableMap
2024-11-12 13:42:09,479 INFO  EvoClassLoader - Instrumenting class 'org.apache.hadoop.thirdparty.com.google.common.collect.AbstractNavigableMap'.
2024-11-12 13:42:09,480 INFO  MethodCallReplacementClassAdapter - Adding mock interface to class org/apache/hadoop/thirdparty/com/google/common/collect/AbstractNavigableMap
2024-11-12 13:42:09,480 INFO  CreateClassResetClassAdapter - Creating brand-new static initializer in class org/apache/hadoop/thirdparty/com/google/common/collect/AbstractNavigableMap
2024-11-12 13:42:09,480 INFO  EvoClassLoader - Seeing class for first time: org.apache.hadoop.thirdparty.com.google.common.collect.Maps$IteratorBasedAbstractMap
2024-11-12 13:42:09,480 INFO  EvoClassLoader - Instrumenting class 'org.apache.hadoop.thirdparty.com.google.common.collect.Maps$IteratorBasedAbstractMap'.
2024-11-12 13:42:09,480 INFO  MethodCallReplacementClassAdapter - Adding mock interface to class org/apache/hadoop/thirdparty/com/google/common/collect/Maps$IteratorBasedAbstractMap
2024-11-12 13:42:09,481 INFO  CreateClassResetClassAdapter - Creating brand-new static initializer in class org/apache/hadoop/thirdparty/com/google/common/collect/Maps$IteratorBasedAbstractMap
2024-11-12 13:42:09,481 INFO  EvoClassLoader - Keeping class: org.apache.hadoop.thirdparty.com.google.common.collect.Maps$IteratorBasedAbstractMap
2024-11-12 13:42:09,481 INFO  EvoClassLoader - Keeping class: org.apache.hadoop.thirdparty.com.google.common.collect.AbstractNavigableMap
2024-11-12 13:42:09,481 INFO  EvoClassLoader - Keeping class: org.apache.hadoop.thirdparty.com.google.common.collect.Maps$FilteredEntryNavigableMap
2024-11-12 13:42:09,487 INFO  EvoClassLoader - Seeing class for first time: org.apache.hadoop.conf.Configuration$ParsedTimeDuration
2024-11-12 13:42:09,487 INFO  EvoClassLoader - Instrumenting class 'org.apache.hadoop.conf.Configuration$ParsedTimeDuration'.
2024-11-12 13:42:09,487 INFO  MethodCallReplacementClassAdapter - Adding mock interface to class org/apache/hadoop/conf/Configuration$ParsedTimeDuration
2024-11-12 13:42:09,488 INFO  CreateClassResetClassAdapter - Found static initializer in class org/apache/hadoop/conf/Configuration$ParsedTimeDuration
2024-11-12 13:42:09,488 INFO  EvoClassLoader - Keeping class: org.apache.hadoop.conf.Configuration$ParsedTimeDuration
2024-11-12 13:42:09,489 INFO  EvoClassLoader - Seeing class for first time: org.apache.hadoop.hdfs.tools.DFSAdmin$1
2024-11-12 13:42:09,490 INFO  EvoClassLoader - Instrumenting class 'org.apache.hadoop.hdfs.tools.DFSAdmin$1'.
2024-11-12 13:42:09,490 INFO  MethodCallReplacementClassAdapter - Adding mock interface to class org/apache/hadoop/hdfs/tools/DFSAdmin$1
2024-11-12 13:42:09,491 INFO  EvoClassLoader - Keeping class: org.apache.hadoop.hdfs.tools.DFSAdmin$1
2024-11-12 13:42:09,492 INFO  EvoClassLoader - Seeing class for first time: org.apache.hadoop.thirdparty.com.google.common.collect.Interners$InternerFunction
2024-11-12 13:42:09,492 INFO  EvoClassLoader - Instrumenting class 'org.apache.hadoop.thirdparty.com.google.common.collect.Interners$InternerFunction'.
2024-11-12 13:42:09,492 INFO  MethodCallReplacementClassAdapter - Adding mock interface to class org/apache/hadoop/thirdparty/com/google/common/collect/Interners$InternerFunction
2024-11-12 13:42:09,493 INFO  CreateClassResetClassAdapter - Creating brand-new static initializer in class org/apache/hadoop/thirdparty/com/google/common/collect/Interners$InternerFunction
2024-11-12 13:42:09,493 INFO  EvoClassLoader - Keeping class: org.apache.hadoop.thirdparty.com.google.common.collect.Interners$InternerFunction
2024-11-12 13:42:09,493 INFO  EvoClassLoader - Seeing class for first time: org.apache.hadoop.thirdparty.com.google.common.collect.MapMakerInternalMap$SerializationProxy
2024-11-12 13:42:09,493 INFO  EvoClassLoader - Instrumenting class 'org.apache.hadoop.thirdparty.com.google.common.collect.MapMakerInternalMap$SerializationProxy'.
2024-11-12 13:42:09,493 INFO  MethodCallReplacementClassAdapter - Adding mock interface to class org/apache/hadoop/thirdparty/com/google/common/collect/MapMakerInternalMap$SerializationProxy
2024-11-12 13:42:09,494 INFO  CreateClassResetClassAdapter - Creating brand-new static initializer in class org/apache/hadoop/thirdparty/com/google/common/collect/MapMakerInternalMap$SerializationProxy
2024-11-12 13:42:09,494 INFO  EvoClassLoader - Seeing class for first time: org.apache.hadoop.thirdparty.com.google.common.collect.MapMakerInternalMap$AbstractSerializationProxy
2024-11-12 13:42:09,494 INFO  EvoClassLoader - Instrumenting class 'org.apache.hadoop.thirdparty.com.google.common.collect.MapMakerInternalMap$AbstractSerializationProxy'.
2024-11-12 13:42:09,494 INFO  MethodCallReplacementClassAdapter - Adding mock interface to class org/apache/hadoop/thirdparty/com/google/common/collect/MapMakerInternalMap$AbstractSerializationProxy
2024-11-12 13:42:09,494 INFO  CreateClassResetClassAdapter - Creating brand-new static initializer in class org/apache/hadoop/thirdparty/com/google/common/collect/MapMakerInternalMap$AbstractSerializationProxy
2024-11-12 13:42:09,494 INFO  EvoClassLoader - Seeing class for first time: org.apache.hadoop.thirdparty.com.google.common.collect.ForwardingConcurrentMap
2024-11-12 13:42:09,494 INFO  EvoClassLoader - Instrumenting class 'org.apache.hadoop.thirdparty.com.google.common.collect.ForwardingConcurrentMap'.
2024-11-12 13:42:09,494 INFO  MethodCallReplacementClassAdapter - Adding mock interface to class org/apache/hadoop/thirdparty/com/google/common/collect/ForwardingConcurrentMap
2024-11-12 13:42:09,494 INFO  CreateClassResetClassAdapter - Creating brand-new static initializer in class org/apache/hadoop/thirdparty/com/google/common/collect/ForwardingConcurrentMap
2024-11-12 13:42:09,495 INFO  EvoClassLoader - Seeing class for first time: org.apache.hadoop.thirdparty.com.google.common.collect.ForwardingMap
2024-11-12 13:42:09,495 INFO  EvoClassLoader - Instrumenting class 'org.apache.hadoop.thirdparty.com.google.common.collect.ForwardingMap'.
2024-11-12 13:42:09,495 INFO  MethodCallReplacementClassAdapter - Adding mock interface to class org/apache/hadoop/thirdparty/com/google/common/collect/ForwardingMap
2024-11-12 13:42:09,495 INFO  CreateClassResetClassAdapter - Creating brand-new static initializer in class org/apache/hadoop/thirdparty/com/google/common/collect/ForwardingMap
2024-11-12 13:42:09,495 INFO  EvoClassLoader - Seeing class for first time: org.apache.hadoop.thirdparty.com.google.common.collect.ForwardingObject
2024-11-12 13:42:09,495 INFO  EvoClassLoader - Instrumenting class 'org.apache.hadoop.thirdparty.com.google.common.collect.ForwardingObject'.
2024-11-12 13:42:09,495 INFO  MethodCallReplacementClassAdapter - Adding mock interface to class org/apache/hadoop/thirdparty/com/google/common/collect/ForwardingObject
2024-11-12 13:42:09,495 INFO  CreateClassResetClassAdapter - Creating brand-new static initializer in class org/apache/hadoop/thirdparty/com/google/common/collect/ForwardingObject
2024-11-12 13:42:09,495 INFO  EvoClassLoader - Keeping class: org.apache.hadoop.thirdparty.com.google.common.collect.ForwardingObject
2024-11-12 13:42:09,495 INFO  EvoClassLoader - Keeping class: org.apache.hadoop.thirdparty.com.google.common.collect.ForwardingMap
2024-11-12 13:42:09,495 INFO  EvoClassLoader - Keeping class: org.apache.hadoop.thirdparty.com.google.common.collect.ForwardingConcurrentMap
2024-11-12 13:42:09,495 INFO  EvoClassLoader - Keeping class: org.apache.hadoop.thirdparty.com.google.common.collect.MapMakerInternalMap$AbstractSerializationProxy
2024-11-12 13:42:09,495 INFO  EvoClassLoader - Keeping class: org.apache.hadoop.thirdparty.com.google.common.collect.MapMakerInternalMap$SerializationProxy
2024-11-12 13:42:09,495 INFO  EvoClassLoader - Seeing class for first time: org.apache.hadoop.thirdparty.com.google.common.collect.MapMakerInternalMap$SafeToArraySet
2024-11-12 13:42:09,495 INFO  EvoClassLoader - Instrumenting class 'org.apache.hadoop.thirdparty.com.google.common.collect.MapMakerInternalMap$SafeToArraySet'.
2024-11-12 13:42:09,496 INFO  MethodCallReplacementClassAdapter - Adding mock interface to class org/apache/hadoop/thirdparty/com/google/common/collect/MapMakerInternalMap$SafeToArraySet
2024-11-12 13:42:09,496 INFO  CreateClassResetClassAdapter - Creating brand-new static initializer in class org/apache/hadoop/thirdparty/com/google/common/collect/MapMakerInternalMap$SafeToArraySet
2024-11-12 13:42:09,496 INFO  EvoClassLoader - Keeping class: org.apache.hadoop.thirdparty.com.google.common.collect.MapMakerInternalMap$SafeToArraySet
2024-11-12 13:42:09,496 INFO  EvoClassLoader - Seeing class for first time: org.apache.hadoop.thirdparty.com.google.common.collect.MapMakerInternalMap$EntrySet
2024-11-12 13:42:09,496 INFO  EvoClassLoader - Instrumenting class 'org.apache.hadoop.thirdparty.com.google.common.collect.MapMakerInternalMap$EntrySet'.
2024-11-12 13:42:09,496 INFO  MethodCallReplacementClassAdapter - Adding mock interface to class org/apache/hadoop/thirdparty/com/google/common/collect/MapMakerInternalMap$EntrySet
2024-11-12 13:42:09,496 INFO  CreateClassResetClassAdapter - Creating brand-new static initializer in class org/apache/hadoop/thirdparty/com/google/common/collect/MapMakerInternalMap$EntrySet
2024-11-12 13:42:09,496 INFO  EvoClassLoader - Keeping class: org.apache.hadoop.thirdparty.com.google.common.collect.MapMakerInternalMap$EntrySet
2024-11-12 13:42:09,496 INFO  EvoClassLoader - Seeing class for first time: org.apache.hadoop.thirdparty.com.google.common.collect.MapMakerInternalMap$Values
2024-11-12 13:42:09,496 INFO  EvoClassLoader - Instrumenting class 'org.apache.hadoop.thirdparty.com.google.common.collect.MapMakerInternalMap$Values'.
2024-11-12 13:42:09,496 INFO  MethodCallReplacementClassAdapter - Adding mock interface to class org/apache/hadoop/thirdparty/com/google/common/collect/MapMakerInternalMap$Values
2024-11-12 13:42:09,496 INFO  CreateClassResetClassAdapter - Creating brand-new static initializer in class org/apache/hadoop/thirdparty/com/google/common/collect/MapMakerInternalMap$Values
2024-11-12 13:42:09,496 INFO  EvoClassLoader - Keeping class: org.apache.hadoop.thirdparty.com.google.common.collect.MapMakerInternalMap$Values
2024-11-12 13:42:09,496 INFO  EvoClassLoader - Seeing class for first time: org.apache.hadoop.thirdparty.com.google.common.collect.MapMakerInternalMap$KeySet
2024-11-12 13:42:09,496 INFO  EvoClassLoader - Instrumenting class 'org.apache.hadoop.thirdparty.com.google.common.collect.MapMakerInternalMap$KeySet'.
2024-11-12 13:42:09,497 INFO  MethodCallReplacementClassAdapter - Adding mock interface to class org/apache/hadoop/thirdparty/com/google/common/collect/MapMakerInternalMap$KeySet
2024-11-12 13:42:09,497 INFO  CreateClassResetClassAdapter - Creating brand-new static initializer in class org/apache/hadoop/thirdparty/com/google/common/collect/MapMakerInternalMap$KeySet
2024-11-12 13:42:09,497 INFO  EvoClassLoader - Keeping class: org.apache.hadoop.thirdparty.com.google.common.collect.MapMakerInternalMap$KeySet
2024-11-12 13:42:09,497 INFO  EvoClassLoader - Seeing class for first time: org.apache.hadoop.thirdparty.com.google.common.collect.MapMakerInternalMap$EntryIterator
2024-11-12 13:42:09,497 INFO  EvoClassLoader - Instrumenting class 'org.apache.hadoop.thirdparty.com.google.common.collect.MapMakerInternalMap$EntryIterator'.
2024-11-12 13:42:09,497 INFO  MethodCallReplacementClassAdapter - Adding mock interface to class org/apache/hadoop/thirdparty/com/google/common/collect/MapMakerInternalMap$EntryIterator
2024-11-12 13:42:09,497 INFO  CreateClassResetClassAdapter - Creating brand-new static initializer in class org/apache/hadoop/thirdparty/com/google/common/collect/MapMakerInternalMap$EntryIterator
2024-11-12 13:42:09,497 INFO  EvoClassLoader - Seeing class for first time: org.apache.hadoop.thirdparty.com.google.common.collect.MapMakerInternalMap$HashIterator
2024-11-12 13:42:09,497 INFO  EvoClassLoader - Instrumenting class 'org.apache.hadoop.thirdparty.com.google.common.collect.MapMakerInternalMap$HashIterator'.
2024-11-12 13:42:09,497 INFO  MethodCallReplacementClassAdapter - Adding mock interface to class org/apache/hadoop/thirdparty/com/google/common/collect/MapMakerInternalMap$HashIterator
2024-11-12 13:42:09,497 INFO  CreateClassResetClassAdapter - Creating brand-new static initializer in class org/apache/hadoop/thirdparty/com/google/common/collect/MapMakerInternalMap$HashIterator
2024-11-12 13:42:09,497 INFO  EvoClassLoader - Keeping class: org.apache.hadoop.thirdparty.com.google.common.collect.MapMakerInternalMap$HashIterator
2024-11-12 13:42:09,497 INFO  EvoClassLoader - Keeping class: org.apache.hadoop.thirdparty.com.google.common.collect.MapMakerInternalMap$EntryIterator
2024-11-12 13:42:09,497 INFO  EvoClassLoader - Seeing class for first time: org.apache.hadoop.thirdparty.com.google.common.collect.MapMakerInternalMap$WriteThroughEntry
2024-11-12 13:42:09,497 INFO  EvoClassLoader - Instrumenting class 'org.apache.hadoop.thirdparty.com.google.common.collect.MapMakerInternalMap$WriteThroughEntry'.
2024-11-12 13:42:09,498 INFO  MethodCallReplacementClassAdapter - Adding mock interface to class org/apache/hadoop/thirdparty/com/google/common/collect/MapMakerInternalMap$WriteThroughEntry
2024-11-12 13:42:09,498 INFO  CreateClassResetClassAdapter - Creating brand-new static initializer in class org/apache/hadoop/thirdparty/com/google/common/collect/MapMakerInternalMap$WriteThroughEntry
2024-11-12 13:42:09,498 INFO  EvoClassLoader - Seeing class for first time: org.apache.hadoop.thirdparty.com.google.common.collect.AbstractMapEntry
2024-11-12 13:42:09,498 INFO  EvoClassLoader - Instrumenting class 'org.apache.hadoop.thirdparty.com.google.common.collect.AbstractMapEntry'.
2024-11-12 13:42:09,498 INFO  MethodCallReplacementClassAdapter - Adding mock interface to class org/apache/hadoop/thirdparty/com/google/common/collect/AbstractMapEntry
2024-11-12 13:42:09,498 INFO  CreateClassResetClassAdapter - Creating brand-new static initializer in class org/apache/hadoop/thirdparty/com/google/common/collect/AbstractMapEntry
2024-11-12 13:42:09,498 INFO  EvoClassLoader - Keeping class: org.apache.hadoop.thirdparty.com.google.common.collect.AbstractMapEntry
2024-11-12 13:42:09,498 INFO  EvoClassLoader - Keeping class: org.apache.hadoop.thirdparty.com.google.common.collect.MapMakerInternalMap$WriteThroughEntry
2024-11-12 13:42:09,498 INFO  EvoClassLoader - Seeing class for first time: org.apache.hadoop.thirdparty.com.google.common.collect.MapMakerInternalMap$ValueIterator
2024-11-12 13:42:09,498 INFO  EvoClassLoader - Instrumenting class 'org.apache.hadoop.thirdparty.com.google.common.collect.MapMakerInternalMap$ValueIterator'.
2024-11-12 13:42:09,498 INFO  MethodCallReplacementClassAdapter - Adding mock interface to class org/apache/hadoop/thirdparty/com/google/common/collect/MapMakerInternalMap$ValueIterator
2024-11-12 13:42:09,498 INFO  CreateClassResetClassAdapter - Creating brand-new static initializer in class org/apache/hadoop/thirdparty/com/google/common/collect/MapMakerInternalMap$ValueIterator
2024-11-12 13:42:09,498 INFO  EvoClassLoader - Keeping class: org.apache.hadoop.thirdparty.com.google.common.collect.MapMakerInternalMap$ValueIterator
2024-11-12 13:42:09,498 INFO  EvoClassLoader - Seeing class for first time: org.apache.hadoop.thirdparty.com.google.common.collect.MapMakerInternalMap$KeyIterator
2024-11-12 13:42:09,498 INFO  EvoClassLoader - Instrumenting class 'org.apache.hadoop.thirdparty.com.google.common.collect.MapMakerInternalMap$KeyIterator'.
2024-11-12 13:42:09,499 INFO  MethodCallReplacementClassAdapter - Adding mock interface to class org/apache/hadoop/thirdparty/com/google/common/collect/MapMakerInternalMap$KeyIterator
2024-11-12 13:42:09,499 INFO  CreateClassResetClassAdapter - Creating brand-new static initializer in class org/apache/hadoop/thirdparty/com/google/common/collect/MapMakerInternalMap$KeyIterator
2024-11-12 13:42:09,499 INFO  EvoClassLoader - Keeping class: org.apache.hadoop.thirdparty.com.google.common.collect.MapMakerInternalMap$KeyIterator
2024-11-12 13:42:09,499 INFO  EvoClassLoader - Seeing class for first time: org.apache.hadoop.thirdparty.com.google.common.collect.MapMakerInternalMap$CleanupMapTask
2024-11-12 13:42:09,499 INFO  EvoClassLoader - Instrumenting class 'org.apache.hadoop.thirdparty.com.google.common.collect.MapMakerInternalMap$CleanupMapTask'.
2024-11-12 13:42:09,499 INFO  MethodCallReplacementClassAdapter - Adding mock interface to class org/apache/hadoop/thirdparty/com/google/common/collect/MapMakerInternalMap$CleanupMapTask
2024-11-12 13:42:09,499 INFO  CreateClassResetClassAdapter - Creating brand-new static initializer in class org/apache/hadoop/thirdparty/com/google/common/collect/MapMakerInternalMap$CleanupMapTask
2024-11-12 13:42:09,499 INFO  EvoClassLoader - Keeping class: org.apache.hadoop.thirdparty.com.google.common.collect.MapMakerInternalMap$CleanupMapTask
2024-11-12 13:42:09,499 INFO  EvoClassLoader - Seeing class for first time: org.apache.hadoop.thirdparty.com.google.common.collect.MapMakerInternalMap$WeakKeyDummyValueSegment
2024-11-12 13:42:09,499 INFO  EvoClassLoader - Instrumenting class 'org.apache.hadoop.thirdparty.com.google.common.collect.MapMakerInternalMap$WeakKeyDummyValueSegment'.
2024-11-12 13:42:09,499 INFO  MethodCallReplacementClassAdapter - Adding mock interface to class org/apache/hadoop/thirdparty/com/google/common/collect/MapMakerInternalMap$WeakKeyDummyValueSegment
2024-11-12 13:42:09,499 INFO  CreateClassResetClassAdapter - Creating brand-new static initializer in class org/apache/hadoop/thirdparty/com/google/common/collect/MapMakerInternalMap$WeakKeyDummyValueSegment
2024-11-12 13:42:09,500 INFO  EvoClassLoader - Keeping class: org.apache.hadoop.thirdparty.com.google.common.collect.MapMakerInternalMap$WeakKeyDummyValueSegment
2024-11-12 13:42:09,500 INFO  EvoClassLoader - Seeing class for first time: org.apache.hadoop.thirdparty.com.google.common.collect.MapMakerInternalMap$WeakKeyWeakValueSegment
2024-11-12 13:42:09,500 INFO  EvoClassLoader - Instrumenting class 'org.apache.hadoop.thirdparty.com.google.common.collect.MapMakerInternalMap$WeakKeyWeakValueSegment'.
2024-11-12 13:42:09,500 INFO  MethodCallReplacementClassAdapter - Adding mock interface to class org/apache/hadoop/thirdparty/com/google/common/collect/MapMakerInternalMap$WeakKeyWeakValueSegment
2024-11-12 13:42:09,500 INFO  CreateClassResetClassAdapter - Creating brand-new static initializer in class org/apache/hadoop/thirdparty/com/google/common/collect/MapMakerInternalMap$WeakKeyWeakValueSegment
2024-11-12 13:42:09,500 INFO  EvoClassLoader - Keeping class: org.apache.hadoop.thirdparty.com.google.common.collect.MapMakerInternalMap$WeakKeyWeakValueSegment
2024-11-12 13:42:09,500 INFO  EvoClassLoader - Seeing class for first time: org.apache.hadoop.thirdparty.com.google.common.collect.MapMakerInternalMap$WeakKeyStrongValueSegment
2024-11-12 13:42:09,500 INFO  EvoClassLoader - Instrumenting class 'org.apache.hadoop.thirdparty.com.google.common.collect.MapMakerInternalMap$WeakKeyStrongValueSegment'.
2024-11-12 13:42:09,500 INFO  MethodCallReplacementClassAdapter - Adding mock interface to class org/apache/hadoop/thirdparty/com/google/common/collect/MapMakerInternalMap$WeakKeyStrongValueSegment
2024-11-12 13:42:09,500 INFO  CreateClassResetClassAdapter - Creating brand-new static initializer in class org/apache/hadoop/thirdparty/com/google/common/collect/MapMakerInternalMap$WeakKeyStrongValueSegment
2024-11-12 13:42:09,500 INFO  EvoClassLoader - Keeping class: org.apache.hadoop.thirdparty.com.google.common.collect.MapMakerInternalMap$WeakKeyStrongValueSegment
2024-11-12 13:42:09,500 INFO  EvoClassLoader - Seeing class for first time: org.apache.hadoop.thirdparty.com.google.common.collect.MapMakerInternalMap$StrongKeyWeakValueSegment
2024-11-12 13:42:09,500 INFO  EvoClassLoader - Instrumenting class 'org.apache.hadoop.thirdparty.com.google.common.collect.MapMakerInternalMap$StrongKeyWeakValueSegment'.
2024-11-12 13:42:09,501 INFO  MethodCallReplacementClassAdapter - Adding mock interface to class org/apache/hadoop/thirdparty/com/google/common/collect/MapMakerInternalMap$StrongKeyWeakValueSegment
2024-11-12 13:42:09,501 INFO  CreateClassResetClassAdapter - Creating brand-new static initializer in class org/apache/hadoop/thirdparty/com/google/common/collect/MapMakerInternalMap$StrongKeyWeakValueSegment
2024-11-12 13:42:09,501 INFO  EvoClassLoader - Keeping class: org.apache.hadoop.thirdparty.com.google.common.collect.MapMakerInternalMap$StrongKeyWeakValueSegment
2024-11-12 13:42:09,501 INFO  EvoClassLoader - Seeing class for first time: org.apache.hadoop.thirdparty.com.google.common.collect.MapMakerInternalMap$StrongKeyStrongValueSegment
2024-11-12 13:42:09,501 INFO  EvoClassLoader - Instrumenting class 'org.apache.hadoop.thirdparty.com.google.common.collect.MapMakerInternalMap$StrongKeyStrongValueSegment'.
2024-11-12 13:42:09,501 INFO  MethodCallReplacementClassAdapter - Adding mock interface to class org/apache/hadoop/thirdparty/com/google/common/collect/MapMakerInternalMap$StrongKeyStrongValueSegment
2024-11-12 13:42:09,501 INFO  CreateClassResetClassAdapter - Creating brand-new static initializer in class org/apache/hadoop/thirdparty/com/google/common/collect/MapMakerInternalMap$StrongKeyStrongValueSegment
2024-11-12 13:42:09,501 INFO  EvoClassLoader - Keeping class: org.apache.hadoop.thirdparty.com.google.common.collect.MapMakerInternalMap$StrongKeyStrongValueSegment
2024-11-12 13:42:09,501 INFO  EvoClassLoader - Seeing class for first time: org.apache.hadoop.thirdparty.com.google.common.collect.MapMakerInternalMap$WeakValueReferenceImpl
2024-11-12 13:42:09,501 INFO  EvoClassLoader - Instrumenting class 'org.apache.hadoop.thirdparty.com.google.common.collect.MapMakerInternalMap$WeakValueReferenceImpl'.
2024-11-12 13:42:09,501 INFO  MethodCallReplacementClassAdapter - Adding mock interface to class org/apache/hadoop/thirdparty/com/google/common/collect/MapMakerInternalMap$WeakValueReferenceImpl
2024-11-12 13:42:09,501 INFO  CreateClassResetClassAdapter - Creating brand-new static initializer in class org/apache/hadoop/thirdparty/com/google/common/collect/MapMakerInternalMap$WeakValueReferenceImpl
2024-11-12 13:42:09,501 INFO  EvoClassLoader - Keeping class: org.apache.hadoop.thirdparty.com.google.common.collect.MapMakerInternalMap$WeakValueReferenceImpl
2024-11-12 13:42:09,501 INFO  EvoClassLoader - Seeing class for first time: org.apache.hadoop.thirdparty.com.google.common.collect.MapMakerInternalMap$WeakKeyWeakValueEntry
2024-11-12 13:42:09,501 INFO  EvoClassLoader - Instrumenting class 'org.apache.hadoop.thirdparty.com.google.common.collect.MapMakerInternalMap$WeakKeyWeakValueEntry'.
2024-11-12 13:42:09,502 INFO  MethodCallReplacementClassAdapter - Adding mock interface to class org/apache/hadoop/thirdparty/com/google/common/collect/MapMakerInternalMap$WeakKeyWeakValueEntry
2024-11-12 13:42:09,502 INFO  CreateClassResetClassAdapter - Creating brand-new static initializer in class org/apache/hadoop/thirdparty/com/google/common/collect/MapMakerInternalMap$WeakKeyWeakValueEntry
2024-11-12 13:42:09,502 INFO  EvoClassLoader - Seeing class for first time: org.apache.hadoop.thirdparty.com.google.common.collect.MapMakerInternalMap$WeakValueEntry
2024-11-12 13:42:09,502 INFO  EvoClassLoader - Instrumenting class 'org.apache.hadoop.thirdparty.com.google.common.collect.MapMakerInternalMap$WeakValueEntry'.
2024-11-12 13:42:09,502 INFO  EvoClassLoader - Keeping class: org.apache.hadoop.thirdparty.com.google.common.collect.MapMakerInternalMap$WeakValueEntry
2024-11-12 13:42:09,502 INFO  EvoClassLoader - Seeing class for first time: org.apache.hadoop.thirdparty.com.google.common.collect.MapMakerInternalMap$AbstractWeakKeyEntry
2024-11-12 13:42:09,502 INFO  EvoClassLoader - Instrumenting class 'org.apache.hadoop.thirdparty.com.google.common.collect.MapMakerInternalMap$AbstractWeakKeyEntry'.
2024-11-12 13:42:09,502 INFO  MethodCallReplacementClassAdapter - Adding mock interface to class org/apache/hadoop/thirdparty/com/google/common/collect/MapMakerInternalMap$AbstractWeakKeyEntry
2024-11-12 13:42:09,502 INFO  CreateClassResetClassAdapter - Creating brand-new static initializer in class org/apache/hadoop/thirdparty/com/google/common/collect/MapMakerInternalMap$AbstractWeakKeyEntry
2024-11-12 13:42:09,503 INFO  EvoClassLoader - Keeping class: org.apache.hadoop.thirdparty.com.google.common.collect.MapMakerInternalMap$AbstractWeakKeyEntry
2024-11-12 13:42:09,503 INFO  EvoClassLoader - Keeping class: org.apache.hadoop.thirdparty.com.google.common.collect.MapMakerInternalMap$WeakKeyWeakValueEntry
2024-11-12 13:42:09,503 INFO  EvoClassLoader - Seeing class for first time: org.apache.hadoop.thirdparty.com.google.common.collect.MapMakerInternalMap$WeakKeyStrongValueEntry
2024-11-12 13:42:09,503 INFO  EvoClassLoader - Instrumenting class 'org.apache.hadoop.thirdparty.com.google.common.collect.MapMakerInternalMap$WeakKeyStrongValueEntry'.
2024-11-12 13:42:09,503 INFO  MethodCallReplacementClassAdapter - Adding mock interface to class org/apache/hadoop/thirdparty/com/google/common/collect/MapMakerInternalMap$WeakKeyStrongValueEntry
2024-11-12 13:42:09,503 INFO  CreateClassResetClassAdapter - Creating brand-new static initializer in class org/apache/hadoop/thirdparty/com/google/common/collect/MapMakerInternalMap$WeakKeyStrongValueEntry
2024-11-12 13:42:09,503 INFO  EvoClassLoader - Keeping class: org.apache.hadoop.thirdparty.com.google.common.collect.MapMakerInternalMap$WeakKeyStrongValueEntry
2024-11-12 13:42:09,503 INFO  EvoClassLoader - Seeing class for first time: org.apache.hadoop.thirdparty.com.google.common.collect.MapMakerInternalMap$WeakKeyDummyValueEntry
2024-11-12 13:42:09,503 INFO  EvoClassLoader - Instrumenting class 'org.apache.hadoop.thirdparty.com.google.common.collect.MapMakerInternalMap$WeakKeyDummyValueEntry'.
2024-11-12 13:42:09,503 INFO  MethodCallReplacementClassAdapter - Adding mock interface to class org/apache/hadoop/thirdparty/com/google/common/collect/MapMakerInternalMap$WeakKeyDummyValueEntry
2024-11-12 13:42:09,503 INFO  CreateClassResetClassAdapter - Creating brand-new static initializer in class org/apache/hadoop/thirdparty/com/google/common/collect/MapMakerInternalMap$WeakKeyDummyValueEntry
2024-11-12 13:42:09,503 INFO  EvoClassLoader - Keeping class: org.apache.hadoop.thirdparty.com.google.common.collect.MapMakerInternalMap$WeakKeyDummyValueEntry
2024-11-12 13:42:09,503 INFO  EvoClassLoader - Seeing class for first time: org.apache.hadoop.thirdparty.com.google.common.collect.MapMakerInternalMap$StrongKeyWeakValueEntry
2024-11-12 13:42:09,503 INFO  EvoClassLoader - Instrumenting class 'org.apache.hadoop.thirdparty.com.google.common.collect.MapMakerInternalMap$StrongKeyWeakValueEntry'.
2024-11-12 13:42:09,503 INFO  MethodCallReplacementClassAdapter - Adding mock interface to class org/apache/hadoop/thirdparty/com/google/common/collect/MapMakerInternalMap$StrongKeyWeakValueEntry
2024-11-12 13:42:09,504 INFO  CreateClassResetClassAdapter - Creating brand-new static initializer in class org/apache/hadoop/thirdparty/com/google/common/collect/MapMakerInternalMap$StrongKeyWeakValueEntry
2024-11-12 13:42:09,504 INFO  EvoClassLoader - Keeping class: org.apache.hadoop.thirdparty.com.google.common.collect.MapMakerInternalMap$StrongKeyWeakValueEntry
2024-11-12 13:42:09,504 INFO  EvoClassLoader - Seeing class for first time: org.apache.hadoop.thirdparty.com.google.common.collect.MapMakerInternalMap$StrongKeyStrongValueEntry
2024-11-12 13:42:09,504 INFO  EvoClassLoader - Instrumenting class 'org.apache.hadoop.thirdparty.com.google.common.collect.MapMakerInternalMap$StrongKeyStrongValueEntry'.
2024-11-12 13:42:09,504 INFO  MethodCallReplacementClassAdapter - Adding mock interface to class org/apache/hadoop/thirdparty/com/google/common/collect/MapMakerInternalMap$StrongKeyStrongValueEntry
2024-11-12 13:42:09,504 INFO  CreateClassResetClassAdapter - Creating brand-new static initializer in class org/apache/hadoop/thirdparty/com/google/common/collect/MapMakerInternalMap$StrongKeyStrongValueEntry
2024-11-12 13:42:09,504 INFO  EvoClassLoader - Keeping class: org.apache.hadoop.thirdparty.com.google.common.collect.MapMakerInternalMap$StrongKeyStrongValueEntry
2024-11-12 13:42:09,557 INFO  EvoClassLoader - Seeing class for first time: org.apache.hadoop.hdfs.protocol.HdfsConstants
2024-11-12 13:42:09,557 INFO  EvoClassLoader - Instrumenting class 'org.apache.hadoop.hdfs.protocol.HdfsConstants'.
2024-11-12 13:42:09,557 INFO  MethodCallReplacementClassAdapter - Adding mock interface to class org/apache/hadoop/hdfs/protocol/HdfsConstants
2024-11-12 13:42:09,557 INFO  CreateClassResetClassAdapter - Creating brand-new static initializer in class org/apache/hadoop/hdfs/protocol/HdfsConstants
2024-11-12 13:42:09,557 INFO  CreateClassResetClassAdapter - Adding bytecode for initializing field QUOTA_DONT_SET
2024-11-12 13:42:09,557 INFO  CreateClassResetClassAdapter - Adding bytecode for initializing field QUOTA_RESET
2024-11-12 13:42:09,557 INFO  CreateClassResetClassAdapter - Adding bytecode for initializing field BYTES_IN_INTEGER
2024-11-12 13:42:09,557 INFO  CreateClassResetClassAdapter - Adding bytecode for initializing field HDFS_URI_SCHEME
2024-11-12 13:42:09,557 INFO  CreateClassResetClassAdapter - Adding bytecode for initializing field MEMORY_STORAGE_POLICY_ID
2024-11-12 13:42:09,557 INFO  CreateClassResetClassAdapter - Adding bytecode for initializing field MEMORY_STORAGE_POLICY_NAME
2024-11-12 13:42:09,557 INFO  CreateClassResetClassAdapter - Adding bytecode for initializing field ALLSSD_STORAGE_POLICY_ID
2024-11-12 13:42:09,557 INFO  CreateClassResetClassAdapter - Adding bytecode for initializing field ALLSSD_STORAGE_POLICY_NAME
2024-11-12 13:42:09,557 INFO  CreateClassResetClassAdapter - Adding bytecode for initializing field ONESSD_STORAGE_POLICY_ID
2024-11-12 13:42:09,557 INFO  CreateClassResetClassAdapter - Adding bytecode for initializing field ONESSD_STORAGE_POLICY_NAME
2024-11-12 13:42:09,557 INFO  CreateClassResetClassAdapter - Adding bytecode for initializing field HOT_STORAGE_POLICY_ID
2024-11-12 13:42:09,557 INFO  CreateClassResetClassAdapter - Adding bytecode for initializing field HOT_STORAGE_POLICY_NAME
2024-11-12 13:42:09,557 INFO  CreateClassResetClassAdapter - Adding bytecode for initializing field WARM_STORAGE_POLICY_ID
2024-11-12 13:42:09,557 INFO  CreateClassResetClassAdapter - Adding bytecode for initializing field WARM_STORAGE_POLICY_NAME
2024-11-12 13:42:09,557 INFO  CreateClassResetClassAdapter - Adding bytecode for initializing field COLD_STORAGE_POLICY_ID
2024-11-12 13:42:09,557 INFO  CreateClassResetClassAdapter - Adding bytecode for initializing field COLD_STORAGE_POLICY_NAME
2024-11-12 13:42:09,557 INFO  CreateClassResetClassAdapter - Adding bytecode for initializing field PROVIDED_STORAGE_POLICY_ID
2024-11-12 13:42:09,557 INFO  CreateClassResetClassAdapter - Adding bytecode for initializing field PROVIDED_STORAGE_POLICY_NAME
2024-11-12 13:42:09,557 INFO  CreateClassResetClassAdapter - Adding bytecode for initializing field DEFAULT_DATA_SOCKET_SIZE
2024-11-12 13:42:09,557 INFO  CreateClassResetClassAdapter - Adding bytecode for initializing field DOT_SNAPSHOT_DIR
2024-11-12 13:42:09,557 INFO  CreateClassResetClassAdapter - Adding bytecode for initializing field SEPARATOR_DOT_SNAPSHOT_DIR
2024-11-12 13:42:09,557 INFO  CreateClassResetClassAdapter - Adding bytecode for initializing field SEPARATOR_DOT_SNAPSHOT_DIR_SEPARATOR
2024-11-12 13:42:09,557 INFO  CreateClassResetClassAdapter - Adding bytecode for initializing field DOT_RESERVED_STRING
2024-11-12 13:42:09,557 INFO  CreateClassResetClassAdapter - Adding bytecode for initializing field DOT_RESERVED_PATH_PREFIX
2024-11-12 13:42:09,557 INFO  CreateClassResetClassAdapter - Adding bytecode for initializing field DOT_INODES_STRING
2024-11-12 13:42:09,557 INFO  CreateClassResetClassAdapter - Adding bytecode for initializing field GRANDFATHER_GENERATION_STAMP
2024-11-12 13:42:09,557 INFO  CreateClassResetClassAdapter - Adding bytecode for initializing field GRANDFATHER_INODE_ID
2024-11-12 13:42:09,557 INFO  CreateClassResetClassAdapter - Adding bytecode for initializing field BLOCK_STORAGE_POLICY_ID_UNSPECIFIED
2024-11-12 13:42:09,557 INFO  CreateClassResetClassAdapter - Adding bytecode for initializing field HA_DT_SERVICE_PREFIX
2024-11-12 13:42:09,557 INFO  CreateClassResetClassAdapter - Adding bytecode for initializing field SAFEMODE_EXCEPTION_CLASS_NAME
2024-11-12 13:42:09,557 INFO  CreateClassResetClassAdapter - Adding bytecode for initializing field CLIENT_NAMENODE_PROTOCOL_NAME
2024-11-12 13:42:09,557 INFO  CreateClassResetClassAdapter - Adding bytecode for initializing field ROUTER_ADMIN_PROTOCOL_NAME
2024-11-12 13:42:09,557 INFO  CreateClassResetClassAdapter - Adding bytecode for initializing field READ_TIMEOUT
2024-11-12 13:42:09,557 INFO  CreateClassResetClassAdapter - Adding bytecode for initializing field READ_TIMEOUT_EXTENSION
2024-11-12 13:42:09,557 INFO  CreateClassResetClassAdapter - Adding bytecode for initializing field WRITE_TIMEOUT
2024-11-12 13:42:09,557 INFO  CreateClassResetClassAdapter - Adding bytecode for initializing field WRITE_TIMEOUT_EXTENSION
2024-11-12 13:42:09,557 INFO  CreateClassResetClassAdapter - Adding bytecode for initializing field LEASE_SOFTLIMIT_PERIOD
2024-11-12 13:42:09,558 INFO  EvoClassLoader - Keeping class: org.apache.hadoop.hdfs.protocol.HdfsConstants
2024-11-12 13:42:09,558 INFO  EvoClassLoader - Seeing class for first time: org.apache.hadoop.hdfs.protocol.HdfsConstants$StoragePolicySatisfierMode
2024-11-12 13:42:09,558 INFO  EvoClassLoader - Instrumenting class 'org.apache.hadoop.hdfs.protocol.HdfsConstants$StoragePolicySatisfierMode'.
2024-11-12 13:42:09,558 INFO  MethodCallReplacementClassAdapter - Adding mock interface to class org/apache/hadoop/hdfs/protocol/HdfsConstants$StoragePolicySatisfierMode
2024-11-12 13:42:09,558 INFO  CreateClassResetClassAdapter - Found static initializer in class org/apache/hadoop/hdfs/protocol/HdfsConstants$StoragePolicySatisfierMode
2024-11-12 13:42:09,558 INFO  EvoClassLoader - Keeping class: org.apache.hadoop.hdfs.protocol.HdfsConstants$StoragePolicySatisfierMode
2024-11-12 13:42:09,559 INFO  EvoClassLoader - Seeing class for first time: org.apache.hadoop.util.StringUtils$TraditionalBinaryPrefix
2024-11-12 13:42:09,559 INFO  EvoClassLoader - Instrumenting class 'org.apache.hadoop.util.StringUtils$TraditionalBinaryPrefix'.
2024-11-12 13:42:09,559 INFO  MethodCallReplacementClassAdapter - Adding mock interface to class org/apache/hadoop/util/StringUtils$TraditionalBinaryPrefix
2024-11-12 13:42:09,559 INFO  CreateClassResetClassAdapter - Found static initializer in class org/apache/hadoop/util/StringUtils$TraditionalBinaryPrefix
2024-11-12 13:42:09,560 INFO  EvoClassLoader - Keeping class: org.apache.hadoop.util.StringUtils$TraditionalBinaryPrefix
2024-11-12 13:42:09,560 INFO  EvoClassLoader - Seeing class for first time: org.apache.hadoop.hdfs.DFSUtil$1
2024-11-12 13:42:09,560 INFO  EvoClassLoader - Instrumenting class 'org.apache.hadoop.hdfs.DFSUtil$1'.
2024-11-12 13:42:09,560 INFO  MethodCallReplacementClassAdapter - Adding mock interface to class org/apache/hadoop/hdfs/DFSUtil$1
2024-11-12 13:42:09,561 INFO  EvoClassLoader - Keeping class: org.apache.hadoop.hdfs.DFSUtil$1
2024-11-12 13:42:09,561 INFO  EvoClassLoader - Seeing class for first time: org.apache.hadoop.hdfs.DFSUtil
2024-11-12 13:42:09,561 INFO  EvoClassLoader - Instrumenting class 'org.apache.hadoop.hdfs.DFSUtil'.
2024-11-12 13:42:09,561 INFO  MethodCallReplacementClassAdapter - Adding mock interface to class org/apache/hadoop/hdfs/DFSUtil
2024-11-12 13:42:09,565 INFO  CreateClassResetClassAdapter - Found static initializer in class org/apache/hadoop/hdfs/DFSUtil
2024-11-12 13:42:09,566 INFO  EvoClassLoader - Keeping class: org.apache.hadoop.hdfs.DFSUtil
2024-11-12 13:42:09,566 INFO  EvoClassLoader - Seeing class for first time: org.apache.hadoop.hdfs.DFSUtil$2
2024-11-12 13:42:09,566 INFO  EvoClassLoader - Instrumenting class 'org.apache.hadoop.hdfs.DFSUtil$2'.
2024-11-12 13:42:09,566 INFO  MethodCallReplacementClassAdapter - Adding mock interface to class org/apache/hadoop/hdfs/DFSUtil$2
2024-11-12 13:42:09,567 INFO  EvoClassLoader - Seeing class for first time: org.apache.hadoop.hdfs.DFSUtil$AddressMatcher
2024-11-12 13:42:09,567 INFO  EvoClassLoader - Instrumenting class 'org.apache.hadoop.hdfs.DFSUtil$AddressMatcher'.
2024-11-12 13:42:09,567 INFO  EvoClassLoader - Keeping class: org.apache.hadoop.hdfs.DFSUtil$AddressMatcher
2024-11-12 13:42:09,567 INFO  EvoClassLoader - Keeping class: org.apache.hadoop.hdfs.DFSUtil$2
2024-11-12 13:42:09,568 INFO  EvoClassLoader - Seeing class for first time: org.apache.hadoop.http.HttpServer2$Builder
2024-11-12 13:42:09,568 INFO  EvoClassLoader - Instrumenting class 'org.apache.hadoop.http.HttpServer2$Builder'.
2024-11-12 13:42:09,568 INFO  MethodCallReplacementClassAdapter - Adding mock interface to class org/apache/hadoop/http/HttpServer2$Builder
2024-11-12 13:42:09,570 INFO  CreateClassResetClassAdapter - Creating brand-new static initializer in class org/apache/hadoop/http/HttpServer2$Builder
2024-11-12 13:42:09,570 INFO  EvoClassLoader - Defined package (3): package org.apache.hadoop.http, 101202779
2024-11-12 13:42:09,570 INFO  EvoClassLoader - Keeping class: org.apache.hadoop.http.HttpServer2$Builder
2024-11-12 13:42:09,570 INFO  EvoClassLoader - Seeing class for first time: org.apache.hadoop.crypto.key.KeyProviderCryptoExtension
2024-11-12 13:42:09,570 INFO  EvoClassLoader - Instrumenting class 'org.apache.hadoop.crypto.key.KeyProviderCryptoExtension'.
2024-11-12 13:42:09,571 INFO  MethodCallReplacementClassAdapter - Adding mock interface to class org/apache/hadoop/crypto/key/KeyProviderCryptoExtension
2024-11-12 13:42:09,571 INFO  CreateClassResetClassAdapter - Creating brand-new static initializer in class org/apache/hadoop/crypto/key/KeyProviderCryptoExtension
2024-11-12 13:42:09,571 INFO  CreateClassResetClassAdapter - Adding bytecode for initializing field EEK
2024-11-12 13:42:09,571 INFO  CreateClassResetClassAdapter - Adding bytecode for initializing field EK
2024-11-12 13:42:09,571 INFO  EvoClassLoader - Seeing class for first time: org.apache.hadoop.crypto.key.KeyProviderExtension
2024-11-12 13:42:09,571 INFO  EvoClassLoader - Instrumenting class 'org.apache.hadoop.crypto.key.KeyProviderExtension'.
2024-11-12 13:42:09,571 INFO  MethodCallReplacementClassAdapter - Adding mock interface to class org/apache/hadoop/crypto/key/KeyProviderExtension
2024-11-12 13:42:09,571 INFO  CreateClassResetClassAdapter - Creating brand-new static initializer in class org/apache/hadoop/crypto/key/KeyProviderExtension
2024-11-12 13:42:09,572 INFO  EvoClassLoader - Keeping class: org.apache.hadoop.crypto.key.KeyProviderExtension
2024-11-12 13:42:09,572 INFO  EvoClassLoader - Keeping class: org.apache.hadoop.crypto.key.KeyProviderCryptoExtension
2024-11-12 13:42:09,572 INFO  EvoClassLoader - Seeing class for first time: org.apache.hadoop.hdfs.security.token.delegation.DelegationTokenIdentifier
2024-11-12 13:42:09,572 INFO  EvoClassLoader - Instrumenting class 'org.apache.hadoop.hdfs.security.token.delegation.DelegationTokenIdentifier'.
2024-11-12 13:42:09,572 INFO  MethodCallReplacementClassAdapter - Adding mock interface to class org/apache/hadoop/hdfs/security/token/delegation/DelegationTokenIdentifier
2024-11-12 13:42:09,572 INFO  CreateClassResetClassAdapter - Found static initializer in class org/apache/hadoop/hdfs/security/token/delegation/DelegationTokenIdentifier
2024-11-12 13:42:09,572 INFO  EvoClassLoader - Defined package (3): package org.apache.hadoop.hdfs.security.token.delegation, -1678507175
2024-11-12 13:42:09,572 INFO  EvoClassLoader - Seeing class for first time: org.apache.hadoop.security.token.delegation.AbstractDelegationTokenIdentifier
2024-11-12 13:42:09,572 INFO  EvoClassLoader - Instrumenting class 'org.apache.hadoop.security.token.delegation.AbstractDelegationTokenIdentifier'.
2024-11-12 13:42:09,572 INFO  MethodCallReplacementClassAdapter - Adding mock interface to class org/apache/hadoop/security/token/delegation/AbstractDelegationTokenIdentifier
2024-11-12 13:42:09,573 INFO  CreateClassResetClassAdapter - Creating brand-new static initializer in class org/apache/hadoop/security/token/delegation/AbstractDelegationTokenIdentifier
2024-11-12 13:42:09,573 INFO  CreateClassResetClassAdapter - Adding bytecode for initializing field VERSION
2024-11-12 13:42:09,573 INFO  EvoClassLoader - Defined package (3): package org.apache.hadoop.security.token.delegation, 367001656
2024-11-12 13:42:09,573 INFO  EvoClassLoader - Keeping class: org.apache.hadoop.security.token.delegation.AbstractDelegationTokenIdentifier
2024-11-12 13:42:09,573 INFO  EvoClassLoader - Keeping class: org.apache.hadoop.hdfs.security.token.delegation.DelegationTokenIdentifier
2024-11-12 13:42:09,573 INFO  EvoClassLoader - Seeing class for first time: org.apache.hadoop.hdfs.server.namenode.FSDirectory
2024-11-12 13:42:09,573 INFO  EvoClassLoader - Instrumenting class 'org.apache.hadoop.hdfs.server.namenode.FSDirectory'.
2024-11-12 13:42:09,576 INFO  MethodCallReplacementClassAdapter - Adding mock interface to class org/apache/hadoop/hdfs/server/namenode/FSDirectory
2024-11-12 13:42:09,580 INFO  CreateClassResetClassAdapter - Found static initializer in class org/apache/hadoop/hdfs/server/namenode/FSDirectory
2024-11-12 13:42:09,581 INFO  EvoClassLoader - Keeping class: org.apache.hadoop.hdfs.server.namenode.FSDirectory
2024-11-12 13:42:09,581 INFO  EvoClassLoader - Seeing class for first time: org.apache.hadoop.hdfs.server.namenode.INodesInPath
2024-11-12 13:42:09,581 INFO  EvoClassLoader - Instrumenting class 'org.apache.hadoop.hdfs.server.namenode.INodesInPath'.
2024-11-12 13:42:09,581 INFO  MethodCallReplacementClassAdapter - Adding mock interface to class org/apache/hadoop/hdfs/server/namenode/INodesInPath
2024-11-12 13:42:09,583 INFO  CreateClassResetClassAdapter - Found static initializer in class org/apache/hadoop/hdfs/server/namenode/INodesInPath
2024-11-12 13:42:09,584 INFO  EvoClassLoader - Keeping class: org.apache.hadoop.hdfs.server.namenode.INodesInPath
2024-11-12 13:42:09,584 INFO  EvoClassLoader - Seeing class for first time: org.apache.hadoop.hdfs.server.datanode.metrics.DataNodeMetrics
2024-11-12 13:42:09,584 INFO  EvoClassLoader - Instrumenting class 'org.apache.hadoop.hdfs.server.datanode.metrics.DataNodeMetrics'.
2024-11-12 13:42:09,584 INFO  MethodCallReplacementClassAdapter - Adding mock interface to class org/apache/hadoop/hdfs/server/datanode/metrics/DataNodeMetrics
2024-11-12 13:42:09,584 INFO  CreateClassResetClassAdapter - Creating brand-new static initializer in class org/apache/hadoop/hdfs/server/datanode/metrics/DataNodeMetrics
2024-11-12 13:42:09,584 INFO  EvoClassLoader - Defined package (3): package org.apache.hadoop.hdfs.server.datanode.metrics, 875394682
2024-11-12 13:42:09,585 INFO  EvoClassLoader - Keeping class: org.apache.hadoop.hdfs.server.datanode.metrics.DataNodeMetrics
2024-11-12 13:42:09,585 INFO  EvoClassLoader - Seeing class for first time: org.apache.hadoop.http.HttpConfig$Policy
2024-11-12 13:42:09,585 INFO  EvoClassLoader - Instrumenting class 'org.apache.hadoop.http.HttpConfig$Policy'.
2024-11-12 13:42:09,585 INFO  MethodCallReplacementClassAdapter - Adding mock interface to class org/apache/hadoop/http/HttpConfig$Policy
2024-11-12 13:42:09,585 INFO  CreateClassResetClassAdapter - Found static initializer in class org/apache/hadoop/http/HttpConfig$Policy
2024-11-12 13:42:09,585 INFO  EvoClassLoader - Keeping class: org.apache.hadoop.http.HttpConfig$Policy
2024-11-12 13:42:09,585 INFO  EvoClassLoader - Seeing class for first time: org.apache.hadoop.thirdparty.protobuf.BlockingService
2024-11-12 13:42:09,585 INFO  EvoClassLoader - Instrumenting class 'org.apache.hadoop.thirdparty.protobuf.BlockingService'.
2024-11-12 13:42:09,586 INFO  EvoClassLoader - Keeping class: org.apache.hadoop.thirdparty.protobuf.BlockingService
2024-11-12 13:42:09,586 INFO  EvoClassLoader - Seeing class for first time: org.apache.hadoop.ipc.RPC$Server
2024-11-12 13:42:09,586 INFO  EvoClassLoader - Instrumenting class 'org.apache.hadoop.ipc.RPC$Server'.
2024-11-12 13:42:09,586 INFO  MethodCallReplacementClassAdapter - Adding mock interface to class org/apache/hadoop/ipc/RPC$Server
2024-11-12 13:42:09,586 INFO  CreateClassResetClassAdapter - Found static initializer in class org/apache/hadoop/ipc/RPC$Server
2024-11-12 13:42:09,586 INFO  EvoClassLoader - Keeping class: org.apache.hadoop.ipc.RPC$Server
2024-11-12 13:42:09,586 INFO  EvoClassLoader - Seeing class for first time: com.google.protobuf.BlockingService
2024-11-12 13:42:09,586 INFO  EvoClassLoader - Instrumenting class 'com.google.protobuf.BlockingService'.
2024-11-12 13:42:09,587 INFO  EvoClassLoader - Defined package (3): package com.google.protobuf, -650818253
2024-11-12 13:42:09,587 INFO  EvoClassLoader - Keeping class: com.google.protobuf.BlockingService
2024-11-12 13:42:09,587 INFO  EvoClassLoader - Seeing class for first time: org.apache.hadoop.hdfs.DFSUtilClient
2024-11-12 13:42:09,587 INFO  EvoClassLoader - Instrumenting class 'org.apache.hadoop.hdfs.DFSUtilClient'.
2024-11-12 13:42:09,587 INFO  MethodCallReplacementClassAdapter - Adding mock interface to class org/apache/hadoop/hdfs/DFSUtilClient
2024-11-12 13:42:09,590 INFO  CreateClassResetClassAdapter - Found static initializer in class org/apache/hadoop/hdfs/DFSUtilClient
2024-11-12 13:42:09,591 INFO  EvoClassLoader - Keeping class: org.apache.hadoop.hdfs.DFSUtilClient
2024-11-12 13:42:09,591 INFO  EvoClassLoader - Seeing class for first time: org.apache.hadoop.hdfs.protocol.DatanodeInfoWithStorage
2024-11-12 13:42:09,591 INFO  EvoClassLoader - Instrumenting class 'org.apache.hadoop.hdfs.protocol.DatanodeInfoWithStorage'.
2024-11-12 13:42:09,591 INFO  MethodCallReplacementClassAdapter - Adding mock interface to class org/apache/hadoop/hdfs/protocol/DatanodeInfoWithStorage
2024-11-12 13:42:09,591 INFO  CreateClassResetClassAdapter - Creating brand-new static initializer in class org/apache/hadoop/hdfs/protocol/DatanodeInfoWithStorage
2024-11-12 13:42:09,591 INFO  EvoClassLoader - Keeping class: org.apache.hadoop.hdfs.protocol.DatanodeInfoWithStorage
2024-11-12 13:42:09,591 INFO  EvoClassLoader - Seeing class for first time: org.apache.hadoop.hdfs.net.Peer
2024-11-12 13:42:09,591 INFO  EvoClassLoader - Instrumenting class 'org.apache.hadoop.hdfs.net.Peer'.
2024-11-12 13:42:09,591 INFO  EvoClassLoader - Defined package (3): package org.apache.hadoop.hdfs.net, -1603378613
2024-11-12 13:42:09,591 INFO  EvoClassLoader - Keeping class: org.apache.hadoop.hdfs.net.Peer
2024-11-12 13:42:09,592 INFO  EvoClassLoader - Seeing class for first time: org.apache.hadoop.hdfs.protocol.datatransfer.sasl.SaslDataTransferClient
2024-11-12 13:42:09,592 INFO  EvoClassLoader - Instrumenting class 'org.apache.hadoop.hdfs.protocol.datatransfer.sasl.SaslDataTransferClient'.
2024-11-12 13:42:09,592 INFO  MethodCallReplacementClassAdapter - Adding mock interface to class org/apache/hadoop/hdfs/protocol/datatransfer/sasl/SaslDataTransferClient
2024-11-12 13:42:09,593 INFO  CreateClassResetClassAdapter - Found static initializer in class org/apache/hadoop/hdfs/protocol/datatransfer/sasl/SaslDataTransferClient
2024-11-12 13:42:09,593 INFO  EvoClassLoader - Keeping class: org.apache.hadoop.hdfs.protocol.datatransfer.sasl.SaslDataTransferClient
2024-11-12 13:42:09,593 INFO  EvoClassLoader - Seeing class for first time: org.apache.hadoop.hdfs.protocol.datatransfer.IOStreamPair
2024-11-12 13:42:09,593 INFO  EvoClassLoader - Instrumenting class 'org.apache.hadoop.hdfs.protocol.datatransfer.IOStreamPair'.
2024-11-12 13:42:09,593 INFO  MethodCallReplacementClassAdapter - Adding mock interface to class org/apache/hadoop/hdfs/protocol/datatransfer/IOStreamPair
2024-11-12 13:42:09,594 INFO  CreateClassResetClassAdapter - Creating brand-new static initializer in class org/apache/hadoop/hdfs/protocol/datatransfer/IOStreamPair
2024-11-12 13:42:09,594 INFO  EvoClassLoader - Defined package (3): package org.apache.hadoop.hdfs.protocol.datatransfer, -312567207
2024-11-12 13:42:09,594 INFO  EvoClassLoader - Keeping class: org.apache.hadoop.hdfs.protocol.datatransfer.IOStreamPair
2024-11-12 13:42:09,594 INFO  EvoClassLoader - Seeing class for first time: org.apache.hadoop.thirdparty.com.google.common.base.Suppliers$SupplierFunctionImpl
2024-11-12 13:42:09,594 INFO  EvoClassLoader - Instrumenting class 'org.apache.hadoop.thirdparty.com.google.common.base.Suppliers$SupplierFunctionImpl'.
2024-11-12 13:42:09,594 INFO  MethodCallReplacementClassAdapter - Adding mock interface to class org/apache/hadoop/thirdparty/com/google/common/base/Suppliers$SupplierFunctionImpl
2024-11-12 13:42:09,594 INFO  CreateClassResetClassAdapter - Found static initializer in class org/apache/hadoop/thirdparty/com/google/common/base/Suppliers$SupplierFunctionImpl
2024-11-12 13:42:09,594 INFO  EvoClassLoader - Seeing class for first time: org.apache.hadoop.thirdparty.com.google.common.base.Suppliers$SupplierFunction
2024-11-12 13:42:09,594 INFO  EvoClassLoader - Instrumenting class 'org.apache.hadoop.thirdparty.com.google.common.base.Suppliers$SupplierFunction'.
2024-11-12 13:42:09,594 INFO  EvoClassLoader - Keeping class: org.apache.hadoop.thirdparty.com.google.common.base.Suppliers$SupplierFunction
2024-11-12 13:42:09,594 INFO  EvoClassLoader - Keeping class: org.apache.hadoop.thirdparty.com.google.common.base.Suppliers$SupplierFunctionImpl
2024-11-12 13:42:09,594 INFO  EvoClassLoader - Seeing class for first time: org.apache.hadoop.thirdparty.com.google.common.base.Suppliers$ThreadSafeSupplier
2024-11-12 13:42:09,594 INFO  EvoClassLoader - Instrumenting class 'org.apache.hadoop.thirdparty.com.google.common.base.Suppliers$ThreadSafeSupplier'.
2024-11-12 13:42:09,595 INFO  MethodCallReplacementClassAdapter - Adding mock interface to class org/apache/hadoop/thirdparty/com/google/common/base/Suppliers$ThreadSafeSupplier
2024-11-12 13:42:09,595 INFO  CreateClassResetClassAdapter - Creating brand-new static initializer in class org/apache/hadoop/thirdparty/com/google/common/base/Suppliers$ThreadSafeSupplier
2024-11-12 13:42:09,595 INFO  EvoClassLoader - Keeping class: org.apache.hadoop.thirdparty.com.google.common.base.Suppliers$ThreadSafeSupplier
2024-11-12 13:42:09,595 INFO  EvoClassLoader - Seeing class for first time: org.apache.hadoop.thirdparty.com.google.common.cache.LocalCache$LoadingSerializationProxy
2024-11-12 13:42:09,595 INFO  EvoClassLoader - Instrumenting class 'org.apache.hadoop.thirdparty.com.google.common.cache.LocalCache$LoadingSerializationProxy'.
2024-11-12 13:42:09,595 INFO  MethodCallReplacementClassAdapter - Adding mock interface to class org/apache/hadoop/thirdparty/com/google/common/cache/LocalCache$LoadingSerializationProxy
2024-11-12 13:42:09,595 INFO  CreateClassResetClassAdapter - Creating brand-new static initializer in class org/apache/hadoop/thirdparty/com/google/common/cache/LocalCache$LoadingSerializationProxy
2024-11-12 13:42:09,595 INFO  EvoClassLoader - Seeing class for first time: org.apache.hadoop.thirdparty.com.google.common.cache.LocalCache$ManualSerializationProxy
2024-11-12 13:42:09,595 INFO  EvoClassLoader - Instrumenting class 'org.apache.hadoop.thirdparty.com.google.common.cache.LocalCache$ManualSerializationProxy'.
2024-11-12 13:42:09,596 INFO  MethodCallReplacementClassAdapter - Adding mock interface to class org/apache/hadoop/thirdparty/com/google/common/cache/LocalCache$ManualSerializationProxy
2024-11-12 13:42:09,596 INFO  CreateClassResetClassAdapter - Creating brand-new static initializer in class org/apache/hadoop/thirdparty/com/google/common/cache/LocalCache$ManualSerializationProxy
2024-11-12 13:42:09,596 INFO  EvoClassLoader - Seeing class for first time: org.apache.hadoop.thirdparty.com.google.common.cache.ForwardingCache
2024-11-12 13:42:09,596 INFO  EvoClassLoader - Instrumenting class 'org.apache.hadoop.thirdparty.com.google.common.cache.ForwardingCache'.
2024-11-12 13:42:09,596 INFO  MethodCallReplacementClassAdapter - Adding mock interface to class org/apache/hadoop/thirdparty/com/google/common/cache/ForwardingCache
2024-11-12 13:42:09,596 INFO  CreateClassResetClassAdapter - Creating brand-new static initializer in class org/apache/hadoop/thirdparty/com/google/common/cache/ForwardingCache
2024-11-12 13:42:09,596 INFO  EvoClassLoader - Keeping class: org.apache.hadoop.thirdparty.com.google.common.cache.ForwardingCache
2024-11-12 13:42:09,596 INFO  EvoClassLoader - Keeping class: org.apache.hadoop.thirdparty.com.google.common.cache.LocalCache$ManualSerializationProxy
2024-11-12 13:42:09,596 INFO  EvoClassLoader - Keeping class: org.apache.hadoop.thirdparty.com.google.common.cache.LocalCache$LoadingSerializationProxy
2024-11-12 13:42:09,596 INFO  EvoClassLoader - Seeing class for first time: org.apache.hadoop.thirdparty.com.google.common.cache.LocalCache$EntrySet
2024-11-12 13:42:09,596 INFO  EvoClassLoader - Instrumenting class 'org.apache.hadoop.thirdparty.com.google.common.cache.LocalCache$EntrySet'.
2024-11-12 13:42:09,597 INFO  MethodCallReplacementClassAdapter - Adding mock interface to class org/apache/hadoop/thirdparty/com/google/common/cache/LocalCache$EntrySet
2024-11-12 13:42:09,597 INFO  CreateClassResetClassAdapter - Creating brand-new static initializer in class org/apache/hadoop/thirdparty/com/google/common/cache/LocalCache$EntrySet
2024-11-12 13:42:09,597 INFO  EvoClassLoader - Keeping class: org.apache.hadoop.thirdparty.com.google.common.cache.LocalCache$EntrySet
2024-11-12 13:42:09,597 INFO  EvoClassLoader - Seeing class for first time: org.apache.hadoop.thirdparty.com.google.common.cache.LocalCache$Values
2024-11-12 13:42:09,597 INFO  EvoClassLoader - Instrumenting class 'org.apache.hadoop.thirdparty.com.google.common.cache.LocalCache$Values'.
2024-11-12 13:42:09,597 INFO  MethodCallReplacementClassAdapter - Adding mock interface to class org/apache/hadoop/thirdparty/com/google/common/cache/LocalCache$Values
2024-11-12 13:42:09,597 INFO  CreateClassResetClassAdapter - Creating brand-new static initializer in class org/apache/hadoop/thirdparty/com/google/common/cache/LocalCache$Values
2024-11-12 13:42:09,597 INFO  EvoClassLoader - Keeping class: org.apache.hadoop.thirdparty.com.google.common.cache.LocalCache$Values
2024-11-12 13:42:09,597 INFO  EvoClassLoader - Seeing class for first time: org.apache.hadoop.thirdparty.com.google.common.cache.LocalCache$EntryIterator
2024-11-12 13:42:09,597 INFO  EvoClassLoader - Instrumenting class 'org.apache.hadoop.thirdparty.com.google.common.cache.LocalCache$EntryIterator'.
2024-11-12 13:42:09,597 INFO  MethodCallReplacementClassAdapter - Adding mock interface to class org/apache/hadoop/thirdparty/com/google/common/cache/LocalCache$EntryIterator
2024-11-12 13:42:09,597 INFO  CreateClassResetClassAdapter - Creating brand-new static initializer in class org/apache/hadoop/thirdparty/com/google/common/cache/LocalCache$EntryIterator
2024-11-12 13:42:09,598 INFO  EvoClassLoader - Seeing class for first time: org.apache.hadoop.thirdparty.com.google.common.cache.LocalCache$HashIterator
2024-11-12 13:42:09,598 INFO  EvoClassLoader - Instrumenting class 'org.apache.hadoop.thirdparty.com.google.common.cache.LocalCache$HashIterator'.
2024-11-12 13:42:09,598 INFO  MethodCallReplacementClassAdapter - Adding mock interface to class org/apache/hadoop/thirdparty/com/google/common/cache/LocalCache$HashIterator
2024-11-12 13:42:09,598 INFO  CreateClassResetClassAdapter - Creating brand-new static initializer in class org/apache/hadoop/thirdparty/com/google/common/cache/LocalCache$HashIterator
2024-11-12 13:42:09,598 INFO  EvoClassLoader - Keeping class: org.apache.hadoop.thirdparty.com.google.common.cache.LocalCache$HashIterator
2024-11-12 13:42:09,598 INFO  EvoClassLoader - Keeping class: org.apache.hadoop.thirdparty.com.google.common.cache.LocalCache$EntryIterator
2024-11-12 13:42:09,598 INFO  EvoClassLoader - Seeing class for first time: org.apache.hadoop.thirdparty.com.google.common.cache.LocalCache$WriteThroughEntry
2024-11-12 13:42:09,598 INFO  EvoClassLoader - Instrumenting class 'org.apache.hadoop.thirdparty.com.google.common.cache.LocalCache$WriteThroughEntry'.
2024-11-12 13:42:09,598 INFO  MethodCallReplacementClassAdapter - Adding mock interface to class org/apache/hadoop/thirdparty/com/google/common/cache/LocalCache$WriteThroughEntry
2024-11-12 13:42:09,598 INFO  CreateClassResetClassAdapter - Creating brand-new static initializer in class org/apache/hadoop/thirdparty/com/google/common/cache/LocalCache$WriteThroughEntry
2024-11-12 13:42:09,598 INFO  EvoClassLoader - Keeping class: org.apache.hadoop.thirdparty.com.google.common.cache.LocalCache$WriteThroughEntry
2024-11-12 13:42:09,598 INFO  EvoClassLoader - Seeing class for first time: org.apache.hadoop.thirdparty.com.google.common.cache.LocalCache$ValueIterator
2024-11-12 13:42:09,598 INFO  EvoClassLoader - Instrumenting class 'org.apache.hadoop.thirdparty.com.google.common.cache.LocalCache$ValueIterator'.
2024-11-12 13:42:09,598 INFO  MethodCallReplacementClassAdapter - Adding mock interface to class org/apache/hadoop/thirdparty/com/google/common/cache/LocalCache$ValueIterator
2024-11-12 13:42:09,599 INFO  CreateClassResetClassAdapter - Creating brand-new static initializer in class org/apache/hadoop/thirdparty/com/google/common/cache/LocalCache$ValueIterator
2024-11-12 13:42:09,599 INFO  EvoClassLoader - Keeping class: org.apache.hadoop.thirdparty.com.google.common.cache.LocalCache$ValueIterator
2024-11-12 13:42:09,599 INFO  EvoClassLoader - Seeing class for first time: org.apache.hadoop.thirdparty.com.google.common.cache.LocalCache$KeyIterator
2024-11-12 13:42:09,599 INFO  EvoClassLoader - Instrumenting class 'org.apache.hadoop.thirdparty.com.google.common.cache.LocalCache$KeyIterator'.
2024-11-12 13:42:09,599 INFO  MethodCallReplacementClassAdapter - Adding mock interface to class org/apache/hadoop/thirdparty/com/google/common/cache/LocalCache$KeyIterator
2024-11-12 13:42:09,599 INFO  CreateClassResetClassAdapter - Creating brand-new static initializer in class org/apache/hadoop/thirdparty/com/google/common/cache/LocalCache$KeyIterator
2024-11-12 13:42:09,599 INFO  EvoClassLoader - Keeping class: org.apache.hadoop.thirdparty.com.google.common.cache.LocalCache$KeyIterator
2024-11-12 13:42:09,599 INFO  EvoClassLoader - Seeing class for first time: org.apache.hadoop.thirdparty.com.google.common.cache.LocalCache$WeakAccessWriteEntry
2024-11-12 13:42:09,599 INFO  EvoClassLoader - Instrumenting class 'org.apache.hadoop.thirdparty.com.google.common.cache.LocalCache$WeakAccessWriteEntry'.
2024-11-12 13:42:09,599 INFO  MethodCallReplacementClassAdapter - Adding mock interface to class org/apache/hadoop/thirdparty/com/google/common/cache/LocalCache$WeakAccessWriteEntry
2024-11-12 13:42:09,599 INFO  CreateClassResetClassAdapter - Creating brand-new static initializer in class org/apache/hadoop/thirdparty/com/google/common/cache/LocalCache$WeakAccessWriteEntry
2024-11-12 13:42:09,599 INFO  EvoClassLoader - Seeing class for first time: org.apache.hadoop.thirdparty.com.google.common.cache.LocalCache$WeakEntry
2024-11-12 13:42:09,599 INFO  EvoClassLoader - Instrumenting class 'org.apache.hadoop.thirdparty.com.google.common.cache.LocalCache$WeakEntry'.
2024-11-12 13:42:09,600 INFO  MethodCallReplacementClassAdapter - Adding mock interface to class org/apache/hadoop/thirdparty/com/google/common/cache/LocalCache$WeakEntry
2024-11-12 13:42:09,600 INFO  CreateClassResetClassAdapter - Creating brand-new static initializer in class org/apache/hadoop/thirdparty/com/google/common/cache/LocalCache$WeakEntry
2024-11-12 13:42:09,600 INFO  EvoClassLoader - Keeping class: org.apache.hadoop.thirdparty.com.google.common.cache.LocalCache$WeakEntry
2024-11-12 13:42:09,600 INFO  EvoClassLoader - Keeping class: org.apache.hadoop.thirdparty.com.google.common.cache.LocalCache$WeakAccessWriteEntry
2024-11-12 13:42:09,600 INFO  EvoClassLoader - Seeing class for first time: org.apache.hadoop.thirdparty.com.google.common.cache.LocalCache$WeakWriteEntry
2024-11-12 13:42:09,600 INFO  EvoClassLoader - Instrumenting class 'org.apache.hadoop.thirdparty.com.google.common.cache.LocalCache$WeakWriteEntry'.
2024-11-12 13:42:09,600 INFO  MethodCallReplacementClassAdapter - Adding mock interface to class org/apache/hadoop/thirdparty/com/google/common/cache/LocalCache$WeakWriteEntry
2024-11-12 13:42:09,601 INFO  CreateClassResetClassAdapter - Creating brand-new static initializer in class org/apache/hadoop/thirdparty/com/google/common/cache/LocalCache$WeakWriteEntry
2024-11-12 13:42:09,601 INFO  EvoClassLoader - Keeping class: org.apache.hadoop.thirdparty.com.google.common.cache.LocalCache$WeakWriteEntry
2024-11-12 13:42:09,601 INFO  EvoClassLoader - Seeing class for first time: org.apache.hadoop.thirdparty.com.google.common.cache.LocalCache$WeakAccessEntry
2024-11-12 13:42:09,601 INFO  EvoClassLoader - Instrumenting class 'org.apache.hadoop.thirdparty.com.google.common.cache.LocalCache$WeakAccessEntry'.
2024-11-12 13:42:09,601 INFO  MethodCallReplacementClassAdapter - Adding mock interface to class org/apache/hadoop/thirdparty/com/google/common/cache/LocalCache$WeakAccessEntry
2024-11-12 13:42:09,601 INFO  CreateClassResetClassAdapter - Creating brand-new static initializer in class org/apache/hadoop/thirdparty/com/google/common/cache/LocalCache$WeakAccessEntry
2024-11-12 13:42:09,601 INFO  EvoClassLoader - Keeping class: org.apache.hadoop.thirdparty.com.google.common.cache.LocalCache$WeakAccessEntry
2024-11-12 13:42:09,601 INFO  EvoClassLoader - Seeing class for first time: org.apache.hadoop.thirdparty.com.google.common.cache.LocalCache$StrongAccessWriteEntry
2024-11-12 13:42:09,601 INFO  EvoClassLoader - Instrumenting class 'org.apache.hadoop.thirdparty.com.google.common.cache.LocalCache$StrongAccessWriteEntry'.
2024-11-12 13:42:09,602 INFO  MethodCallReplacementClassAdapter - Adding mock interface to class org/apache/hadoop/thirdparty/com/google/common/cache/LocalCache$StrongAccessWriteEntry
2024-11-12 13:42:09,602 INFO  CreateClassResetClassAdapter - Creating brand-new static initializer in class org/apache/hadoop/thirdparty/com/google/common/cache/LocalCache$StrongAccessWriteEntry
2024-11-12 13:42:09,602 INFO  EvoClassLoader - Seeing class for first time: org.apache.hadoop.thirdparty.com.google.common.cache.LocalCache$StrongEntry
2024-11-12 13:42:09,602 INFO  EvoClassLoader - Instrumenting class 'org.apache.hadoop.thirdparty.com.google.common.cache.LocalCache$StrongEntry'.
2024-11-12 13:42:09,602 INFO  MethodCallReplacementClassAdapter - Adding mock interface to class org/apache/hadoop/thirdparty/com/google/common/cache/LocalCache$StrongEntry
2024-11-12 13:42:09,602 INFO  CreateClassResetClassAdapter - Creating brand-new static initializer in class org/apache/hadoop/thirdparty/com/google/common/cache/LocalCache$StrongEntry
2024-11-12 13:42:09,602 INFO  EvoClassLoader - Keeping class: org.apache.hadoop.thirdparty.com.google.common.cache.LocalCache$StrongEntry
2024-11-12 13:42:09,603 INFO  EvoClassLoader - Keeping class: org.apache.hadoop.thirdparty.com.google.common.cache.LocalCache$StrongAccessWriteEntry
2024-11-12 13:42:09,603 INFO  EvoClassLoader - Seeing class for first time: org.apache.hadoop.thirdparty.com.google.common.cache.LocalCache$StrongWriteEntry
2024-11-12 13:42:09,603 INFO  EvoClassLoader - Instrumenting class 'org.apache.hadoop.thirdparty.com.google.common.cache.LocalCache$StrongWriteEntry'.
2024-11-12 13:42:09,603 INFO  MethodCallReplacementClassAdapter - Adding mock interface to class org/apache/hadoop/thirdparty/com/google/common/cache/LocalCache$StrongWriteEntry
2024-11-12 13:42:09,603 INFO  CreateClassResetClassAdapter - Creating brand-new static initializer in class org/apache/hadoop/thirdparty/com/google/common/cache/LocalCache$StrongWriteEntry
2024-11-12 13:42:09,603 INFO  EvoClassLoader - Keeping class: org.apache.hadoop.thirdparty.com.google.common.cache.LocalCache$StrongWriteEntry
2024-11-12 13:42:09,603 INFO  EvoClassLoader - Seeing class for first time: org.apache.hadoop.thirdparty.com.google.common.cache.LocalCache$StrongAccessEntry
2024-11-12 13:42:09,603 INFO  EvoClassLoader - Instrumenting class 'org.apache.hadoop.thirdparty.com.google.common.cache.LocalCache$StrongAccessEntry'.
2024-11-12 13:42:09,603 INFO  MethodCallReplacementClassAdapter - Adding mock interface to class org/apache/hadoop/thirdparty/com/google/common/cache/LocalCache$StrongAccessEntry
2024-11-12 13:42:09,604 INFO  CreateClassResetClassAdapter - Creating brand-new static initializer in class org/apache/hadoop/thirdparty/com/google/common/cache/LocalCache$StrongAccessEntry
2024-11-12 13:42:09,604 INFO  EvoClassLoader - Keeping class: org.apache.hadoop.thirdparty.com.google.common.cache.LocalCache$StrongAccessEntry
2024-11-12 13:42:09,604 INFO  EvoClassLoader - Seeing class for first time: org.apache.hadoop.thirdparty.com.google.common.cache.LocalCache$NullEntry
2024-11-12 13:42:09,604 INFO  EvoClassLoader - Instrumenting class 'org.apache.hadoop.thirdparty.com.google.common.cache.LocalCache$NullEntry'.
2024-11-12 13:42:09,604 INFO  MethodCallReplacementClassAdapter - Adding mock interface to class org/apache/hadoop/thirdparty/com/google/common/cache/LocalCache$NullEntry
2024-11-12 13:42:09,604 INFO  CreateClassResetClassAdapter - Found static initializer in class org/apache/hadoop/thirdparty/com/google/common/cache/LocalCache$NullEntry
2024-11-12 13:42:09,604 INFO  EvoClassLoader - Keeping class: org.apache.hadoop.thirdparty.com.google.common.cache.LocalCache$NullEntry
2024-11-12 13:42:09,605 INFO  EvoClassLoader - Seeing class for first time: org.apache.hadoop.security.SecurityUtil$QualifiedHostResolver
2024-11-12 13:42:09,605 INFO  EvoClassLoader - Instrumenting class 'org.apache.hadoop.security.SecurityUtil$QualifiedHostResolver'.
2024-11-12 13:42:09,605 INFO  MethodCallReplacementClassAdapter - Adding mock interface to class org/apache/hadoop/security/SecurityUtil$QualifiedHostResolver
2024-11-12 13:42:09,606 INFO  CreateClassResetClassAdapter - Creating brand-new static initializer in class org/apache/hadoop/security/SecurityUtil$QualifiedHostResolver
2024-11-12 13:42:09,606 INFO  EvoClassLoader - Keeping class: org.apache.hadoop.security.SecurityUtil$QualifiedHostResolver
2024-11-12 13:42:09,637 INFO  EvoClassLoader - Seeing class for first time: org.apache.hadoop.mapred.JobConf
2024-11-12 13:42:09,637 INFO  EvoClassLoader - Instrumenting class 'org.apache.hadoop.mapred.JobConf'.
2024-11-12 13:42:09,637 INFO  EvoClassLoader - Error while loading class: java.lang.ClassNotFoundException: Class 'org/apache/hadoop/mapred/JobConf.class' should be in target project, but could not be found!
2024-11-12 13:42:09,638 INFO  EvoClassLoader - Seeing class for first time: org.apache.hadoop.security.SaslRpcServer
2024-11-12 13:42:09,638 INFO  EvoClassLoader - Instrumenting class 'org.apache.hadoop.security.SaslRpcServer'.
2024-11-12 13:42:09,639 INFO  MethodCallReplacementClassAdapter - Adding mock interface to class org/apache/hadoop/security/SaslRpcServer
2024-11-12 13:42:09,640 INFO  CreateClassResetClassAdapter - Found static initializer in class org/apache/hadoop/security/SaslRpcServer
2024-11-12 13:42:09,641 INFO  EvoClassLoader - Keeping class: org.apache.hadoop.security.SaslRpcServer
2024-11-12 13:42:09,641 INFO  EvoClassLoader - Seeing class for first time: org.apache.hadoop.security.SaslRpcServer$SaslGssCallbackHandler
2024-11-12 13:42:09,641 INFO  EvoClassLoader - Instrumenting class 'org.apache.hadoop.security.SaslRpcServer$SaslGssCallbackHandler'.
2024-11-12 13:42:09,641 INFO  MethodCallReplacementClassAdapter - Adding mock interface to class org/apache/hadoop/security/SaslRpcServer$SaslGssCallbackHandler
2024-11-12 13:42:09,641 INFO  CreateClassResetClassAdapter - Creating brand-new static initializer in class org/apache/hadoop/security/SaslRpcServer$SaslGssCallbackHandler
2024-11-12 13:42:09,641 INFO  EvoClassLoader - Keeping class: org.apache.hadoop.security.SaslRpcServer$SaslGssCallbackHandler
2024-11-12 13:42:09,641 INFO  EvoClassLoader - Seeing class for first time: org.apache.hadoop.security.SaslRpcServer$SaslDigestCallbackHandler
2024-11-12 13:42:09,641 INFO  EvoClassLoader - Instrumenting class 'org.apache.hadoop.security.SaslRpcServer$SaslDigestCallbackHandler'.
2024-11-12 13:42:09,641 INFO  MethodCallReplacementClassAdapter - Adding mock interface to class org/apache/hadoop/security/SaslRpcServer$SaslDigestCallbackHandler
2024-11-12 13:42:09,642 INFO  CreateClassResetClassAdapter - Creating brand-new static initializer in class org/apache/hadoop/security/SaslRpcServer$SaslDigestCallbackHandler
2024-11-12 13:42:09,642 INFO  EvoClassLoader - Keeping class: org.apache.hadoop.security.SaslRpcServer$SaslDigestCallbackHandler
2024-11-12 13:42:09,642 INFO  EvoClassLoader - Seeing class for first time: org.apache.hadoop.io.retry.RetryPolicies$TryOnceThenFail
2024-11-12 13:42:09,642 INFO  EvoClassLoader - Instrumenting class 'org.apache.hadoop.io.retry.RetryPolicies$TryOnceThenFail'.
2024-11-12 13:42:09,643 INFO  MethodCallReplacementClassAdapter - Adding mock interface to class org/apache/hadoop/io/retry/RetryPolicies$TryOnceThenFail
2024-11-12 13:42:09,643 INFO  CreateClassResetClassAdapter - Creating brand-new static initializer in class org/apache/hadoop/io/retry/RetryPolicies$TryOnceThenFail
2024-11-12 13:42:09,643 INFO  EvoClassLoader - Keeping class: org.apache.hadoop.io.retry.RetryPolicies$TryOnceThenFail
2024-11-12 13:42:09,643 INFO  EvoClassLoader - Seeing class for first time: org.apache.hadoop.io.retry.RetryPolicies
2024-11-12 13:42:09,643 INFO  EvoClassLoader - Instrumenting class 'org.apache.hadoop.io.retry.RetryPolicies'.
2024-11-12 13:42:09,643 INFO  MethodCallReplacementClassAdapter - Adding mock interface to class org/apache/hadoop/io/retry/RetryPolicies
2024-11-12 13:42:09,644 INFO  CreateClassResetClassAdapter - Found static initializer in class org/apache/hadoop/io/retry/RetryPolicies
2024-11-12 13:42:09,645 INFO  EvoClassLoader - Keeping class: org.apache.hadoop.io.retry.RetryPolicies
2024-11-12 13:42:09,645 INFO  EvoClassLoader - Seeing class for first time: org.apache.hadoop.io.retry.RetryPolicies$FailoverOnNetworkExceptionRetry
2024-11-12 13:42:09,645 INFO  EvoClassLoader - Instrumenting class 'org.apache.hadoop.io.retry.RetryPolicies$FailoverOnNetworkExceptionRetry'.
2024-11-12 13:42:09,645 INFO  MethodCallReplacementClassAdapter - Adding mock interface to class org/apache/hadoop/io/retry/RetryPolicies$FailoverOnNetworkExceptionRetry
2024-11-12 13:42:09,645 INFO  CreateClassResetClassAdapter - Creating brand-new static initializer in class org/apache/hadoop/io/retry/RetryPolicies$FailoverOnNetworkExceptionRetry
2024-11-12 13:42:09,646 INFO  EvoClassLoader - Keeping class: org.apache.hadoop.io.retry.RetryPolicies$FailoverOnNetworkExceptionRetry
2024-11-12 13:42:09,646 INFO  EvoClassLoader - Seeing class for first time: org.apache.hadoop.io.retry.RetryPolicies$ExponentialBackoffRetry
2024-11-12 13:42:09,646 INFO  EvoClassLoader - Instrumenting class 'org.apache.hadoop.io.retry.RetryPolicies$ExponentialBackoffRetry'.
2024-11-12 13:42:09,646 INFO  MethodCallReplacementClassAdapter - Adding mock interface to class org/apache/hadoop/io/retry/RetryPolicies$ExponentialBackoffRetry
2024-11-12 13:42:09,647 INFO  CreateClassResetClassAdapter - Creating brand-new static initializer in class org/apache/hadoop/io/retry/RetryPolicies$ExponentialBackoffRetry
2024-11-12 13:42:09,647 INFO  EvoClassLoader - Seeing class for first time: org.apache.hadoop.io.retry.RetryPolicies$RetryLimited
2024-11-12 13:42:09,647 INFO  EvoClassLoader - Instrumenting class 'org.apache.hadoop.io.retry.RetryPolicies$RetryLimited'.
2024-11-12 13:42:09,647 INFO  MethodCallReplacementClassAdapter - Adding mock interface to class org/apache/hadoop/io/retry/RetryPolicies$RetryLimited
2024-11-12 13:42:09,648 INFO  CreateClassResetClassAdapter - Creating brand-new static initializer in class org/apache/hadoop/io/retry/RetryPolicies$RetryLimited
2024-11-12 13:42:09,649 INFO  EvoClassLoader - Keeping class: org.apache.hadoop.io.retry.RetryPolicies$RetryLimited
2024-11-12 13:42:09,649 INFO  EvoClassLoader - Keeping class: org.apache.hadoop.io.retry.RetryPolicies$ExponentialBackoffRetry
2024-11-12 13:42:09,649 INFO  EvoClassLoader - Seeing class for first time: org.apache.hadoop.io.retry.RetryPolicies$OtherThanRemoteExceptionDependentRetry
2024-11-12 13:42:09,649 INFO  EvoClassLoader - Instrumenting class 'org.apache.hadoop.io.retry.RetryPolicies$OtherThanRemoteExceptionDependentRetry'.
2024-11-12 13:42:09,649 INFO  MethodCallReplacementClassAdapter - Adding mock interface to class org/apache/hadoop/io/retry/RetryPolicies$OtherThanRemoteExceptionDependentRetry
2024-11-12 13:42:09,649 INFO  CreateClassResetClassAdapter - Creating brand-new static initializer in class org/apache/hadoop/io/retry/RetryPolicies$OtherThanRemoteExceptionDependentRetry
2024-11-12 13:42:09,650 INFO  EvoClassLoader - Keeping class: org.apache.hadoop.io.retry.RetryPolicies$OtherThanRemoteExceptionDependentRetry
2024-11-12 13:42:09,650 INFO  EvoClassLoader - Seeing class for first time: org.apache.hadoop.io.retry.RetryPolicies$RemoteExceptionDependentRetry
2024-11-12 13:42:09,650 INFO  EvoClassLoader - Instrumenting class 'org.apache.hadoop.io.retry.RetryPolicies$RemoteExceptionDependentRetry'.
2024-11-12 13:42:09,650 INFO  MethodCallReplacementClassAdapter - Adding mock interface to class org/apache/hadoop/io/retry/RetryPolicies$RemoteExceptionDependentRetry
2024-11-12 13:42:09,650 INFO  CreateClassResetClassAdapter - Creating brand-new static initializer in class org/apache/hadoop/io/retry/RetryPolicies$RemoteExceptionDependentRetry
2024-11-12 13:42:09,650 INFO  EvoClassLoader - Keeping class: org.apache.hadoop.io.retry.RetryPolicies$RemoteExceptionDependentRetry
2024-11-12 13:42:09,650 INFO  EvoClassLoader - Seeing class for first time: org.apache.hadoop.io.retry.RetryPolicies$ExceptionDependentRetry
2024-11-12 13:42:09,650 INFO  EvoClassLoader - Instrumenting class 'org.apache.hadoop.io.retry.RetryPolicies$ExceptionDependentRetry'.
2024-11-12 13:42:09,650 INFO  MethodCallReplacementClassAdapter - Adding mock interface to class org/apache/hadoop/io/retry/RetryPolicies$ExceptionDependentRetry
2024-11-12 13:42:09,650 INFO  CreateClassResetClassAdapter - Creating brand-new static initializer in class org/apache/hadoop/io/retry/RetryPolicies$ExceptionDependentRetry
2024-11-12 13:42:09,650 INFO  EvoClassLoader - Keeping class: org.apache.hadoop.io.retry.RetryPolicies$ExceptionDependentRetry
2024-11-12 13:42:09,650 INFO  EvoClassLoader - Seeing class for first time: org.apache.hadoop.io.retry.RetryPolicies$MultipleLinearRandomRetry
2024-11-12 13:42:09,650 INFO  EvoClassLoader - Instrumenting class 'org.apache.hadoop.io.retry.RetryPolicies$MultipleLinearRandomRetry'.
2024-11-12 13:42:09,650 INFO  MethodCallReplacementClassAdapter - Adding mock interface to class org/apache/hadoop/io/retry/RetryPolicies$MultipleLinearRandomRetry
2024-11-12 13:42:09,651 INFO  CreateClassResetClassAdapter - Creating brand-new static initializer in class org/apache/hadoop/io/retry/RetryPolicies$MultipleLinearRandomRetry
2024-11-12 13:42:09,651 INFO  EvoClassLoader - Keeping class: org.apache.hadoop.io.retry.RetryPolicies$MultipleLinearRandomRetry
2024-11-12 13:42:09,651 INFO  EvoClassLoader - Seeing class for first time: org.apache.hadoop.io.retry.RetryPolicies$RetryUpToMaximumCountWithProportionalSleep
2024-11-12 13:42:09,651 INFO  EvoClassLoader - Instrumenting class 'org.apache.hadoop.io.retry.RetryPolicies$RetryUpToMaximumCountWithProportionalSleep'.
2024-11-12 13:42:09,651 INFO  MethodCallReplacementClassAdapter - Adding mock interface to class org/apache/hadoop/io/retry/RetryPolicies$RetryUpToMaximumCountWithProportionalSleep
2024-11-12 13:42:09,651 INFO  CreateClassResetClassAdapter - Creating brand-new static initializer in class org/apache/hadoop/io/retry/RetryPolicies$RetryUpToMaximumCountWithProportionalSleep
2024-11-12 13:42:09,651 INFO  EvoClassLoader - Keeping class: org.apache.hadoop.io.retry.RetryPolicies$RetryUpToMaximumCountWithProportionalSleep
2024-11-12 13:42:09,651 INFO  EvoClassLoader - Seeing class for first time: org.apache.hadoop.io.retry.RetryPolicies$RetryUpToMaximumTimeWithFixedSleep
2024-11-12 13:42:09,651 INFO  EvoClassLoader - Instrumenting class 'org.apache.hadoop.io.retry.RetryPolicies$RetryUpToMaximumTimeWithFixedSleep'.
2024-11-12 13:42:09,652 INFO  MethodCallReplacementClassAdapter - Adding mock interface to class org/apache/hadoop/io/retry/RetryPolicies$RetryUpToMaximumTimeWithFixedSleep
2024-11-12 13:42:09,652 INFO  CreateClassResetClassAdapter - Creating brand-new static initializer in class org/apache/hadoop/io/retry/RetryPolicies$RetryUpToMaximumTimeWithFixedSleep
2024-11-12 13:42:09,652 INFO  EvoClassLoader - Seeing class for first time: org.apache.hadoop.io.retry.RetryPolicies$RetryUpToMaximumCountWithFixedSleep
2024-11-12 13:42:09,652 INFO  EvoClassLoader - Instrumenting class 'org.apache.hadoop.io.retry.RetryPolicies$RetryUpToMaximumCountWithFixedSleep'.
2024-11-12 13:42:09,652 INFO  MethodCallReplacementClassAdapter - Adding mock interface to class org/apache/hadoop/io/retry/RetryPolicies$RetryUpToMaximumCountWithFixedSleep
2024-11-12 13:42:09,652 INFO  CreateClassResetClassAdapter - Creating brand-new static initializer in class org/apache/hadoop/io/retry/RetryPolicies$RetryUpToMaximumCountWithFixedSleep
2024-11-12 13:42:09,652 INFO  EvoClassLoader - Keeping class: org.apache.hadoop.io.retry.RetryPolicies$RetryUpToMaximumCountWithFixedSleep
2024-11-12 13:42:09,652 INFO  EvoClassLoader - Keeping class: org.apache.hadoop.io.retry.RetryPolicies$RetryUpToMaximumTimeWithFixedSleep
2024-11-12 13:42:09,652 INFO  EvoClassLoader - Seeing class for first time: org.apache.hadoop.io.retry.RetryPolicies$RetryForever
2024-11-12 13:42:09,652 INFO  EvoClassLoader - Instrumenting class 'org.apache.hadoop.io.retry.RetryPolicies$RetryForever'.
2024-11-12 13:42:09,652 INFO  MethodCallReplacementClassAdapter - Adding mock interface to class org/apache/hadoop/io/retry/RetryPolicies$RetryForever
2024-11-12 13:42:09,652 INFO  CreateClassResetClassAdapter - Creating brand-new static initializer in class org/apache/hadoop/io/retry/RetryPolicies$RetryForever
2024-11-12 13:42:09,652 INFO  EvoClassLoader - Keeping class: org.apache.hadoop.io.retry.RetryPolicies$RetryForever
2024-11-12 13:42:09,653 INFO  EvoClassLoader - Seeing class for first time: org.apache.hadoop.ipc.RetriableException
2024-11-12 13:42:09,653 INFO  EvoClassLoader - Instrumenting class 'org.apache.hadoop.ipc.RetriableException'.
2024-11-12 13:42:09,653 INFO  MethodCallReplacementClassAdapter - Adding mock interface to class org/apache/hadoop/ipc/RetriableException
2024-11-12 13:42:09,653 INFO  CreateClassResetClassAdapter - Creating brand-new static initializer in class org/apache/hadoop/ipc/RetriableException
2024-11-12 13:42:09,653 INFO  EvoClassLoader - Keeping class: org.apache.hadoop.ipc.RetriableException
2024-11-12 13:42:09,653 INFO  EvoClassLoader - Seeing class for first time: org.apache.hadoop.io.retry.RetryUtils
2024-11-12 13:42:09,653 INFO  EvoClassLoader - Instrumenting class 'org.apache.hadoop.io.retry.RetryUtils'.
2024-11-12 13:42:09,653 INFO  MethodCallReplacementClassAdapter - Adding mock interface to class org/apache/hadoop/io/retry/RetryUtils
2024-11-12 13:42:09,653 INFO  CreateClassResetClassAdapter - Found static initializer in class org/apache/hadoop/io/retry/RetryUtils
2024-11-12 13:42:09,653 INFO  EvoClassLoader - Keeping class: org.apache.hadoop.io.retry.RetryUtils
2024-11-12 13:42:09,654 INFO  EvoClassLoader - Seeing class for first time: org.apache.hadoop.security.token.SecretManager$InvalidToken
2024-11-12 13:42:09,654 INFO  EvoClassLoader - Instrumenting class 'org.apache.hadoop.security.token.SecretManager$InvalidToken'.
2024-11-12 13:42:09,654 INFO  MethodCallReplacementClassAdapter - Adding mock interface to class org/apache/hadoop/security/token/SecretManager$InvalidToken
2024-11-12 13:42:09,654 INFO  CreateClassResetClassAdapter - Creating brand-new static initializer in class org/apache/hadoop/security/token/SecretManager$InvalidToken
2024-11-12 13:42:09,654 INFO  EvoClassLoader - Keeping class: org.apache.hadoop.security.token.SecretManager$InvalidToken
2024-11-12 13:42:09,654 INFO  EvoClassLoader - Seeing class for first time: org.apache.hadoop.security.SaslPlainServer$SecurityProvider
2024-11-12 13:42:09,654 INFO  EvoClassLoader - Instrumenting class 'org.apache.hadoop.security.SaslPlainServer$SecurityProvider'.
2024-11-12 13:42:09,654 INFO  MethodCallReplacementClassAdapter - Adding mock interface to class org/apache/hadoop/security/SaslPlainServer$SecurityProvider
2024-11-12 13:42:09,654 INFO  CreateClassResetClassAdapter - Creating brand-new static initializer in class org/apache/hadoop/security/SaslPlainServer$SecurityProvider
2024-11-12 13:42:09,654 INFO  EvoClassLoader - Keeping class: org.apache.hadoop.security.SaslPlainServer$SecurityProvider
2024-11-12 13:42:09,655 INFO  EvoClassLoader - Seeing class for first time: org.apache.hadoop.security.token.SecretManager
2024-11-12 13:42:09,655 INFO  EvoClassLoader - Instrumenting class 'org.apache.hadoop.security.token.SecretManager'.
2024-11-12 13:42:09,655 INFO  MethodCallReplacementClassAdapter - Adding mock interface to class org/apache/hadoop/security/token/SecretManager
2024-11-12 13:42:09,655 INFO  CreateClassResetClassAdapter - Found static initializer in class org/apache/hadoop/security/token/SecretManager
2024-11-12 13:42:09,655 INFO  EvoClassLoader - Keeping class: org.apache.hadoop.security.token.SecretManager
2024-11-12 13:42:09,655 INFO  EvoClassLoader - Seeing class for first time: org.apache.hadoop.ipc.Server$Connection
2024-11-12 13:42:09,655 INFO  EvoClassLoader - Instrumenting class 'org.apache.hadoop.ipc.Server$Connection'.
2024-11-12 13:42:09,656 INFO  MethodCallReplacementClassAdapter - Adding mock interface to class org/apache/hadoop/ipc/Server$Connection
2024-11-12 13:42:09,660 INFO  CreateClassResetClassAdapter - Creating brand-new static initializer in class org/apache/hadoop/ipc/Server$Connection
2024-11-12 13:42:09,661 INFO  EvoClassLoader - Keeping class: org.apache.hadoop.ipc.Server$Connection
2024-11-12 13:42:09,661 INFO  EvoClassLoader - Seeing class for first time: org.apache.hadoop.ipc.RPC
2024-11-12 13:42:09,661 INFO  EvoClassLoader - Instrumenting class 'org.apache.hadoop.ipc.RPC'.
2024-11-12 13:42:09,662 INFO  MethodCallReplacementClassAdapter - Adding mock interface to class org/apache/hadoop/ipc/RPC
2024-11-12 13:42:09,663 INFO  CreateClassResetClassAdapter - Found static initializer in class org/apache/hadoop/ipc/RPC
2024-11-12 13:42:09,664 INFO  EvoClassLoader - Keeping class: org.apache.hadoop.ipc.RPC
2024-11-12 13:42:09,665 INFO  EvoClassLoader - Seeing class for first time: org.apache.hadoop.ipc.ProtocolProxy
2024-11-12 13:42:09,665 INFO  EvoClassLoader - Instrumenting class 'org.apache.hadoop.ipc.ProtocolProxy'.
2024-11-12 13:42:09,665 INFO  MethodCallReplacementClassAdapter - Adding mock interface to class org/apache/hadoop/ipc/ProtocolProxy
2024-11-12 13:42:09,666 INFO  CreateClassResetClassAdapter - Creating brand-new static initializer in class org/apache/hadoop/ipc/ProtocolProxy
2024-11-12 13:42:09,666 INFO  EvoClassLoader - Keeping class: org.apache.hadoop.ipc.ProtocolProxy
2024-11-12 13:42:09,666 INFO  EvoClassLoader - Seeing class for first time: org.apache.hadoop.ipc.Client$ConnectionId
2024-11-12 13:42:09,666 INFO  EvoClassLoader - Instrumenting class 'org.apache.hadoop.ipc.Client$ConnectionId'.
2024-11-12 13:42:09,666 INFO  MethodCallReplacementClassAdapter - Adding mock interface to class org/apache/hadoop/ipc/Client$ConnectionId
2024-11-12 13:42:09,667 INFO  CreateClassResetClassAdapter - Creating brand-new static initializer in class org/apache/hadoop/ipc/Client$ConnectionId
2024-11-12 13:42:09,667 INFO  CreateClassResetClassAdapter - Adding bytecode for initializing field PRIME
2024-11-12 13:42:09,667 INFO  EvoClassLoader - Keeping class: org.apache.hadoop.ipc.Client$ConnectionId
2024-11-12 13:42:09,667 INFO  EvoClassLoader - Seeing class for first time: org.apache.hadoop.ipc.AlignmentContext
2024-11-12 13:42:09,667 INFO  EvoClassLoader - Instrumenting class 'org.apache.hadoop.ipc.AlignmentContext'.
2024-11-12 13:42:09,668 INFO  EvoClassLoader - Keeping class: org.apache.hadoop.ipc.AlignmentContext
2024-11-12 13:42:09,668 INFO  EvoClassLoader - Seeing class for first time: org.apache.hadoop.ipc.RpcEngine
2024-11-12 13:42:09,668 INFO  EvoClassLoader - Instrumenting class 'org.apache.hadoop.ipc.RpcEngine'.
2024-11-12 13:42:09,668 INFO  EvoClassLoader - Keeping class: org.apache.hadoop.ipc.RpcEngine
2024-11-12 13:42:09,668 INFO  EvoClassLoader - Seeing class for first time: org.apache.hadoop.hdfs.NameNodeProxies
2024-11-12 13:42:09,668 INFO  EvoClassLoader - Instrumenting class 'org.apache.hadoop.hdfs.NameNodeProxies'.
2024-11-12 13:42:09,668 INFO  MethodCallReplacementClassAdapter - Adding mock interface to class org/apache/hadoop/hdfs/NameNodeProxies
2024-11-12 13:42:09,670 INFO  CreateClassResetClassAdapter - Found static initializer in class org/apache/hadoop/hdfs/NameNodeProxies
2024-11-12 13:42:09,670 INFO  EvoClassLoader - Keeping class: org.apache.hadoop.hdfs.NameNodeProxies
2024-11-12 13:42:09,670 INFO  EvoClassLoader - Seeing class for first time: org.apache.hadoop.hdfs.server.namenode.ha.HAProxyFactory
2024-11-12 13:42:09,670 INFO  EvoClassLoader - Instrumenting class 'org.apache.hadoop.hdfs.server.namenode.ha.HAProxyFactory'.
2024-11-12 13:42:09,671 INFO  EvoClassLoader - Defined package (3): package org.apache.hadoop.hdfs.server.namenode.ha, -80410911
2024-11-12 13:42:09,671 INFO  EvoClassLoader - Keeping class: org.apache.hadoop.hdfs.server.namenode.ha.HAProxyFactory
2024-11-12 13:42:09,671 INFO  EvoClassLoader - Seeing class for first time: org.apache.hadoop.hdfs.server.protocol.JournalProtocol
2024-11-12 13:42:09,671 INFO  EvoClassLoader - Instrumenting class 'org.apache.hadoop.hdfs.server.protocol.JournalProtocol'.
2024-11-12 13:42:09,671 INFO  EvoClassLoader - Keeping class: org.apache.hadoop.hdfs.server.protocol.JournalProtocol
2024-11-12 13:42:09,671 INFO  EvoClassLoader - Seeing class for first time: org.apache.hadoop.hdfs.server.protocol.NamenodeProtocol
2024-11-12 13:42:09,671 INFO  EvoClassLoader - Instrumenting class 'org.apache.hadoop.hdfs.server.protocol.NamenodeProtocol'.
2024-11-12 13:42:09,671 INFO  EvoClassLoader - Keeping class: org.apache.hadoop.hdfs.server.protocol.NamenodeProtocol
2024-11-12 13:42:09,671 INFO  EvoClassLoader - Seeing class for first time: org.apache.hadoop.tools.GetUserMappingsProtocol
2024-11-12 13:42:09,671 INFO  EvoClassLoader - Instrumenting class 'org.apache.hadoop.tools.GetUserMappingsProtocol'.
2024-11-12 13:42:09,671 INFO  EvoClassLoader - Keeping class: org.apache.hadoop.tools.GetUserMappingsProtocol
2024-11-12 13:42:09,671 INFO  EvoClassLoader - Seeing class for first time: org.apache.hadoop.security.RefreshUserMappingsProtocol
2024-11-12 13:42:09,671 INFO  EvoClassLoader - Instrumenting class 'org.apache.hadoop.security.RefreshUserMappingsProtocol'.
2024-11-12 13:42:09,671 INFO  EvoClassLoader - Keeping class: org.apache.hadoop.security.RefreshUserMappingsProtocol
2024-11-12 13:42:09,671 INFO  EvoClassLoader - Seeing class for first time: org.apache.hadoop.security.authorize.RefreshAuthorizationPolicyProtocol
2024-11-12 13:42:09,671 INFO  EvoClassLoader - Instrumenting class 'org.apache.hadoop.security.authorize.RefreshAuthorizationPolicyProtocol'.
2024-11-12 13:42:09,671 INFO  EvoClassLoader - Defined package (3): package org.apache.hadoop.security.authorize, 1538066510
2024-11-12 13:42:09,671 INFO  EvoClassLoader - Keeping class: org.apache.hadoop.security.authorize.RefreshAuthorizationPolicyProtocol
2024-11-12 13:42:09,671 INFO  EvoClassLoader - Seeing class for first time: org.apache.hadoop.ipc.RefreshCallQueueProtocol
2024-11-12 13:42:09,671 INFO  EvoClassLoader - Instrumenting class 'org.apache.hadoop.ipc.RefreshCallQueueProtocol'.
2024-11-12 13:42:09,672 INFO  EvoClassLoader - Keeping class: org.apache.hadoop.ipc.RefreshCallQueueProtocol
2024-11-12 13:42:09,672 INFO  EvoClassLoader - Seeing class for first time: org.apache.hadoop.hdfs.server.aliasmap.InMemoryAliasMapProtocol
2024-11-12 13:42:09,672 INFO  EvoClassLoader - Instrumenting class 'org.apache.hadoop.hdfs.server.aliasmap.InMemoryAliasMapProtocol'.
2024-11-12 13:42:09,672 INFO  EvoClassLoader - Defined package (3): package org.apache.hadoop.hdfs.server.aliasmap, 1977290501
2024-11-12 13:42:09,672 INFO  EvoClassLoader - Keeping class: org.apache.hadoop.hdfs.server.aliasmap.InMemoryAliasMapProtocol
2024-11-12 13:42:09,672 INFO  EvoClassLoader - Seeing class for first time: org.apache.hadoop.hdfs.NameNodeProxiesClient$ProxyAndInfo
2024-11-12 13:42:09,672 INFO  EvoClassLoader - Instrumenting class 'org.apache.hadoop.hdfs.NameNodeProxiesClient$ProxyAndInfo'.
2024-11-12 13:42:09,672 INFO  MethodCallReplacementClassAdapter - Adding mock interface to class org/apache/hadoop/hdfs/NameNodeProxiesClient$ProxyAndInfo
2024-11-12 13:42:09,672 INFO  CreateClassResetClassAdapter - Creating brand-new static initializer in class org/apache/hadoop/hdfs/NameNodeProxiesClient$ProxyAndInfo
2024-11-12 13:42:09,672 INFO  EvoClassLoader - Keeping class: org.apache.hadoop.hdfs.NameNodeProxiesClient$ProxyAndInfo
2024-11-12 13:42:09,672 INFO  EvoClassLoader - Seeing class for first time: org.apache.hadoop.hdfs.server.protocol.BalancerProtocols
2024-11-12 13:42:09,672 INFO  EvoClassLoader - Instrumenting class 'org.apache.hadoop.hdfs.server.protocol.BalancerProtocols'.
2024-11-12 13:42:09,672 INFO  EvoClassLoader - Keeping class: org.apache.hadoop.hdfs.server.protocol.BalancerProtocols
2024-11-12 13:42:09,672 INFO  EvoClassLoader - Seeing class for first time: org.apache.hadoop.fs.FsTracer
2024-11-12 13:42:09,672 INFO  EvoClassLoader - Instrumenting class 'org.apache.hadoop.fs.FsTracer'.
2024-11-12 13:42:09,673 INFO  MethodCallReplacementClassAdapter - Adding mock interface to class org/apache/hadoop/fs/FsTracer
2024-11-12 13:42:09,673 INFO  CreateClassResetClassAdapter - Creating brand-new static initializer in class org/apache/hadoop/fs/FsTracer
2024-11-12 13:42:09,673 INFO  CreateClassResetClassAdapter - Adding bytecode for initializing field instance
2024-11-12 13:42:09,673 INFO  EvoClassLoader - Keeping class: org.apache.hadoop.fs.FsTracer
2024-11-12 13:42:09,673 INFO  EvoClassLoader - Seeing class for first time: org.apache.hadoop.tracing.Tracer
2024-11-12 13:42:09,673 INFO  EvoClassLoader - Instrumenting class 'org.apache.hadoop.tracing.Tracer'.
2024-11-12 13:42:09,673 INFO  MethodCallReplacementClassAdapter - Adding mock interface to class org/apache/hadoop/tracing/Tracer
2024-11-12 13:42:09,673 INFO  CreateClassResetClassAdapter - Found static initializer in class org/apache/hadoop/tracing/Tracer
2024-11-12 13:42:09,673 INFO  EvoClassLoader - Defined package (3): package org.apache.hadoop.tracing, 1849968911
2024-11-12 13:42:09,673 INFO  EvoClassLoader - Keeping class: org.apache.hadoop.tracing.Tracer
2024-11-12 13:42:09,673 INFO  EvoClassLoader - Seeing class for first time: org.apache.hadoop.hdfs.protocol.OpenFilesIterator
2024-11-12 13:42:09,673 INFO  EvoClassLoader - Instrumenting class 'org.apache.hadoop.hdfs.protocol.OpenFilesIterator'.
2024-11-12 13:42:09,673 INFO  MethodCallReplacementClassAdapter - Adding mock interface to class org/apache/hadoop/hdfs/protocol/OpenFilesIterator
2024-11-12 13:42:09,673 INFO  CreateClassResetClassAdapter - Creating brand-new static initializer in class org/apache/hadoop/hdfs/protocol/OpenFilesIterator
2024-11-12 13:42:09,673 INFO  CreateClassResetClassAdapter - Adding bytecode for initializing field FILTER_PATH_DEFAULT
2024-11-12 13:42:09,674 INFO  EvoClassLoader - Seeing class for first time: org.apache.hadoop.fs.BatchedRemoteIterator
2024-11-12 13:42:09,674 INFO  EvoClassLoader - Instrumenting class 'org.apache.hadoop.fs.BatchedRemoteIterator'.
2024-11-12 13:42:09,674 INFO  MethodCallReplacementClassAdapter - Adding mock interface to class org/apache/hadoop/fs/BatchedRemoteIterator
2024-11-12 13:42:09,674 INFO  CreateClassResetClassAdapter - Creating brand-new static initializer in class org/apache/hadoop/fs/BatchedRemoteIterator
2024-11-12 13:42:09,674 INFO  EvoClassLoader - Keeping class: org.apache.hadoop.fs.BatchedRemoteIterator
2024-11-12 13:42:09,674 INFO  EvoClassLoader - Keeping class: org.apache.hadoop.hdfs.protocol.OpenFilesIterator
2024-11-12 13:42:09,674 INFO  EvoClassLoader - Seeing class for first time: org.apache.hadoop.ha.HAServiceProtocol
2024-11-12 13:42:09,674 INFO  EvoClassLoader - Instrumenting class 'org.apache.hadoop.ha.HAServiceProtocol'.
2024-11-12 13:42:09,674 INFO  EvoClassLoader - Keeping class: org.apache.hadoop.ha.HAServiceProtocol
2024-11-12 13:42:09,674 INFO  EvoClassLoader - Seeing class for first time: org.apache.hadoop.ha.HAServiceProtocol$StateChangeRequestInfo
2024-11-12 13:42:09,674 INFO  EvoClassLoader - Instrumenting class 'org.apache.hadoop.ha.HAServiceProtocol$StateChangeRequestInfo'.
2024-11-12 13:42:09,674 INFO  MethodCallReplacementClassAdapter - Adding mock interface to class org/apache/hadoop/ha/HAServiceProtocol$StateChangeRequestInfo
2024-11-12 13:42:09,674 INFO  CreateClassResetClassAdapter - Creating brand-new static initializer in class org/apache/hadoop/ha/HAServiceProtocol$StateChangeRequestInfo
2024-11-12 13:42:09,674 INFO  EvoClassLoader - Keeping class: org.apache.hadoop.ha.HAServiceProtocol$StateChangeRequestInfo
2024-11-12 13:42:09,674 INFO  EvoClassLoader - Seeing class for first time: org.apache.hadoop.ha.HAServiceProtocol$RequestSource
2024-11-12 13:42:09,674 INFO  EvoClassLoader - Instrumenting class 'org.apache.hadoop.ha.HAServiceProtocol$RequestSource'.
2024-11-12 13:42:09,675 INFO  MethodCallReplacementClassAdapter - Adding mock interface to class org/apache/hadoop/ha/HAServiceProtocol$RequestSource
2024-11-12 13:42:09,675 INFO  CreateClassResetClassAdapter - Found static initializer in class org/apache/hadoop/ha/HAServiceProtocol$RequestSource
2024-11-12 13:42:09,675 INFO  EvoClassLoader - Keeping class: org.apache.hadoop.ha.HAServiceProtocol$RequestSource
2024-11-12 13:42:09,675 INFO  EvoClassLoader - Seeing class for first time: org.apache.hadoop.hdfs.HAUtil
2024-11-12 13:42:09,675 INFO  EvoClassLoader - Instrumenting class 'org.apache.hadoop.hdfs.HAUtil'.
2024-11-12 13:42:09,675 INFO  MethodCallReplacementClassAdapter - Adding mock interface to class org/apache/hadoop/hdfs/HAUtil
2024-11-12 13:42:09,677 INFO  CreateClassResetClassAdapter - Found static initializer in class org/apache/hadoop/hdfs/HAUtil
2024-11-12 13:42:09,678 INFO  EvoClassLoader - Keeping class: org.apache.hadoop.hdfs.HAUtil
2024-11-12 13:42:09,678 INFO  EvoClassLoader - Seeing class for first time: org.apache.hadoop.http.HttpConfig
2024-11-12 13:42:09,678 INFO  EvoClassLoader - Instrumenting class 'org.apache.hadoop.http.HttpConfig'.
2024-11-12 13:42:09,678 INFO  MethodCallReplacementClassAdapter - Adding mock interface to class org/apache/hadoop/http/HttpConfig
2024-11-12 13:42:09,678 INFO  CreateClassResetClassAdapter - Creating brand-new static initializer in class org/apache/hadoop/http/HttpConfig
2024-11-12 13:42:09,678 INFO  EvoClassLoader - Keeping class: org.apache.hadoop.http.HttpConfig
2024-11-12 13:42:09,678 INFO  EvoClassLoader - Seeing class for first time: org.apache.hadoop.hdfs.client.HdfsClientConfigKeys$Read$ShortCircuit
2024-11-12 13:42:09,678 INFO  EvoClassLoader - Instrumenting class 'org.apache.hadoop.hdfs.client.HdfsClientConfigKeys$Read$ShortCircuit'.
2024-11-12 13:42:09,679 INFO  EvoClassLoader - Keeping class: org.apache.hadoop.hdfs.client.HdfsClientConfigKeys$Read$ShortCircuit
2024-11-12 13:42:09,679 INFO  EvoClassLoader - Seeing class for first time: org.apache.hadoop.hdfs.client.HdfsClientConfigKeys
2024-11-12 13:42:09,679 INFO  EvoClassLoader - Instrumenting class 'org.apache.hadoop.hdfs.client.HdfsClientConfigKeys'.
2024-11-12 13:42:09,679 INFO  EvoClassLoader - Keeping class: org.apache.hadoop.hdfs.client.HdfsClientConfigKeys
2024-11-12 13:42:09,679 INFO  EvoClassLoader - Seeing class for first time: org.apache.hadoop.crypto.CipherSuite
2024-11-12 13:42:09,679 INFO  EvoClassLoader - Instrumenting class 'org.apache.hadoop.crypto.CipherSuite'.
2024-11-12 13:42:09,679 INFO  MethodCallReplacementClassAdapter - Adding mock interface to class org/apache/hadoop/crypto/CipherSuite
2024-11-12 13:42:09,680 INFO  CreateClassResetClassAdapter - Found static initializer in class org/apache/hadoop/crypto/CipherSuite
2024-11-12 13:42:09,680 INFO  EvoClassLoader - Keeping class: org.apache.hadoop.crypto.CipherSuite
2024-11-12 13:42:09,680 INFO  EvoClassLoader - Seeing class for first time: org.apache.hadoop.fs.CommonConfigurationKeysPublic
2024-11-12 13:42:09,680 INFO  EvoClassLoader - Instrumenting class 'org.apache.hadoop.fs.CommonConfigurationKeysPublic'.
2024-11-12 13:42:09,680 INFO  MethodCallReplacementClassAdapter - Adding mock interface to class org/apache/hadoop/fs/CommonConfigurationKeysPublic
2024-11-12 13:42:09,680 INFO  CreateClassResetClassAdapter - Found static initializer in class org/apache/hadoop/fs/CommonConfigurationKeysPublic
2024-11-12 13:42:09,681 INFO  EvoClassLoader - Keeping class: org.apache.hadoop.fs.CommonConfigurationKeysPublic
2024-11-12 13:42:09,682 INFO  EvoClassLoader - Seeing class for first time: org.apache.hadoop.crypto.OpensslAesCtrCryptoCodec
2024-11-12 13:42:09,682 INFO  EvoClassLoader - Instrumenting class 'org.apache.hadoop.crypto.OpensslAesCtrCryptoCodec'.
2024-11-12 13:42:09,682 INFO  MethodCallReplacementClassAdapter - Adding mock interface to class org/apache/hadoop/crypto/OpensslAesCtrCryptoCodec
2024-11-12 13:42:09,683 INFO  CreateClassResetClassAdapter - Found static initializer in class org/apache/hadoop/crypto/OpensslAesCtrCryptoCodec
2024-11-12 13:42:09,683 INFO  EvoClassLoader - Seeing class for first time: org.apache.hadoop.crypto.AesCtrCryptoCodec
2024-11-12 13:42:09,683 INFO  EvoClassLoader - Instrumenting class 'org.apache.hadoop.crypto.AesCtrCryptoCodec'.
2024-11-12 13:42:09,683 INFO  MethodCallReplacementClassAdapter - Adding mock interface to class org/apache/hadoop/crypto/AesCtrCryptoCodec
2024-11-12 13:42:09,683 INFO  CreateClassResetClassAdapter - Found static initializer in class org/apache/hadoop/crypto/AesCtrCryptoCodec
2024-11-12 13:42:09,683 INFO  EvoClassLoader - Seeing class for first time: org.apache.hadoop.crypto.CryptoCodec
2024-11-12 13:42:09,683 INFO  EvoClassLoader - Instrumenting class 'org.apache.hadoop.crypto.CryptoCodec'.
2024-11-12 13:42:09,684 INFO  MethodCallReplacementClassAdapter - Adding mock interface to class org/apache/hadoop/crypto/CryptoCodec
2024-11-12 13:42:09,684 INFO  CreateClassResetClassAdapter - Found static initializer in class org/apache/hadoop/crypto/CryptoCodec
2024-11-12 13:42:09,684 INFO  EvoClassLoader - Keeping class: org.apache.hadoop.crypto.CryptoCodec
2024-11-12 13:42:09,684 INFO  EvoClassLoader - Keeping class: org.apache.hadoop.crypto.AesCtrCryptoCodec
2024-11-12 13:42:09,684 INFO  EvoClassLoader - Keeping class: org.apache.hadoop.crypto.OpensslAesCtrCryptoCodec
2024-11-12 13:42:09,684 INFO  EvoClassLoader - Seeing class for first time: org.apache.hadoop.crypto.JceAesCtrCryptoCodec
2024-11-12 13:42:09,684 INFO  EvoClassLoader - Instrumenting class 'org.apache.hadoop.crypto.JceAesCtrCryptoCodec'.
2024-11-12 13:42:09,685 INFO  MethodCallReplacementClassAdapter - Adding mock interface to class org/apache/hadoop/crypto/JceAesCtrCryptoCodec
2024-11-12 13:42:09,685 INFO  CreateClassResetClassAdapter - Found static initializer in class org/apache/hadoop/crypto/JceAesCtrCryptoCodec
2024-11-12 13:42:09,685 INFO  EvoClassLoader - Keeping class: org.apache.hadoop.crypto.JceAesCtrCryptoCodec
2024-11-12 13:42:09,686 INFO  EvoClassLoader - Seeing class for first time: org.apache.hadoop.fs.CommonConfigurationKeys
2024-11-12 13:42:09,686 INFO  EvoClassLoader - Instrumenting class 'org.apache.hadoop.fs.CommonConfigurationKeys'.
2024-11-12 13:42:09,686 INFO  MethodCallReplacementClassAdapter - Adding mock interface to class org/apache/hadoop/fs/CommonConfigurationKeys
2024-11-12 13:42:09,686 INFO  CreateClassResetClassAdapter - Found static initializer in class org/apache/hadoop/fs/CommonConfigurationKeys
2024-11-12 13:42:09,687 INFO  EvoClassLoader - Keeping class: org.apache.hadoop.fs.CommonConfigurationKeys
2024-11-12 13:42:09,687 INFO  EvoClassLoader - Seeing class for first time: org.apache.hadoop.hdfs.DFSConfigKeys
2024-11-12 13:42:09,687 INFO  EvoClassLoader - Instrumenting class 'org.apache.hadoop.hdfs.DFSConfigKeys'.
2024-11-12 13:42:09,688 INFO  MethodCallReplacementClassAdapter - Adding mock interface to class org/apache/hadoop/hdfs/DFSConfigKeys
2024-11-12 13:42:09,688 INFO  CreateClassResetClassAdapter - Found static initializer in class org/apache/hadoop/hdfs/DFSConfigKeys
2024-11-12 13:42:09,694 INFO  EvoClassLoader - Keeping class: org.apache.hadoop.hdfs.DFSConfigKeys
2024-11-12 13:42:09,701 INFO  EvoClassLoader - Seeing class for first time: org.apache.hadoop.hdfs.server.datanode.fsdataset.impl.RamDiskReplicaLruTracker
2024-11-12 13:42:09,701 INFO  EvoClassLoader - Instrumenting class 'org.apache.hadoop.hdfs.server.datanode.fsdataset.impl.RamDiskReplicaLruTracker'.
2024-11-12 13:42:09,701 INFO  MethodCallReplacementClassAdapter - Adding mock interface to class org/apache/hadoop/hdfs/server/datanode/fsdataset/impl/RamDiskReplicaLruTracker
2024-11-12 13:42:09,702 INFO  CreateClassResetClassAdapter - Creating brand-new static initializer in class org/apache/hadoop/hdfs/server/datanode/fsdataset/impl/RamDiskReplicaLruTracker
2024-11-12 13:42:09,703 INFO  EvoClassLoader - Defined package (3): package org.apache.hadoop.hdfs.server.datanode.fsdataset.impl, -115281524
2024-11-12 13:42:09,703 INFO  EvoClassLoader - Seeing class for first time: org.apache.hadoop.hdfs.server.datanode.fsdataset.impl.RamDiskReplicaTracker
2024-11-12 13:42:09,703 INFO  EvoClassLoader - Instrumenting class 'org.apache.hadoop.hdfs.server.datanode.fsdataset.impl.RamDiskReplicaTracker'.
2024-11-12 13:42:09,703 INFO  MethodCallReplacementClassAdapter - Adding mock interface to class org/apache/hadoop/hdfs/server/datanode/fsdataset/impl/RamDiskReplicaTracker
2024-11-12 13:42:09,703 INFO  CreateClassResetClassAdapter - Found static initializer in class org/apache/hadoop/hdfs/server/datanode/fsdataset/impl/RamDiskReplicaTracker
2024-11-12 13:42:09,704 INFO  EvoClassLoader - Keeping class: org.apache.hadoop.hdfs.server.datanode.fsdataset.impl.RamDiskReplicaTracker
2024-11-12 13:42:09,704 INFO  EvoClassLoader - Keeping class: org.apache.hadoop.hdfs.server.datanode.fsdataset.impl.RamDiskReplicaLruTracker
2024-11-12 13:42:09,704 INFO  EvoClassLoader - Seeing class for first time: org.apache.hadoop.hdfs.server.datanode.fsdataset.impl.ReservedSpaceCalculator$ReservedSpaceCalculatorAbsolute
2024-11-12 13:42:09,704 INFO  EvoClassLoader - Instrumenting class 'org.apache.hadoop.hdfs.server.datanode.fsdataset.impl.ReservedSpaceCalculator$ReservedSpaceCalculatorAbsolute'.
2024-11-12 13:42:09,704 INFO  MethodCallReplacementClassAdapter - Adding mock interface to class org/apache/hadoop/hdfs/server/datanode/fsdataset/impl/ReservedSpaceCalculator$ReservedSpaceCalculatorAbsolute
2024-11-12 13:42:09,704 INFO  CreateClassResetClassAdapter - Creating brand-new static initializer in class org/apache/hadoop/hdfs/server/datanode/fsdataset/impl/ReservedSpaceCalculator$ReservedSpaceCalculatorAbsolute
2024-11-12 13:42:09,704 INFO  EvoClassLoader - Seeing class for first time: org.apache.hadoop.hdfs.server.datanode.fsdataset.impl.ReservedSpaceCalculator
2024-11-12 13:42:09,704 INFO  EvoClassLoader - Instrumenting class 'org.apache.hadoop.hdfs.server.datanode.fsdataset.impl.ReservedSpaceCalculator'.
2024-11-12 13:42:09,704 INFO  MethodCallReplacementClassAdapter - Adding mock interface to class org/apache/hadoop/hdfs/server/datanode/fsdataset/impl/ReservedSpaceCalculator
2024-11-12 13:42:09,704 INFO  CreateClassResetClassAdapter - Creating brand-new static initializer in class org/apache/hadoop/hdfs/server/datanode/fsdataset/impl/ReservedSpaceCalculator
2024-11-12 13:42:09,704 INFO  EvoClassLoader - Keeping class: org.apache.hadoop.hdfs.server.datanode.fsdataset.impl.ReservedSpaceCalculator
2024-11-12 13:42:09,704 INFO  EvoClassLoader - Keeping class: org.apache.hadoop.hdfs.server.datanode.fsdataset.impl.ReservedSpaceCalculator$ReservedSpaceCalculatorAbsolute
2024-11-12 13:42:09,704 INFO  EvoClassLoader - Seeing class for first time: org.apache.hadoop.hdfs.server.blockmanagement.BlockPlacementPolicyDefault
2024-11-12 13:42:09,704 INFO  EvoClassLoader - Instrumenting class 'org.apache.hadoop.hdfs.server.blockmanagement.BlockPlacementPolicyDefault'.
2024-11-12 13:42:09,705 INFO  MethodCallReplacementClassAdapter - Adding mock interface to class org/apache/hadoop/hdfs/server/blockmanagement/BlockPlacementPolicyDefault
2024-11-12 13:42:09,708 INFO  CreateClassResetClassAdapter - Found static initializer in class org/apache/hadoop/hdfs/server/blockmanagement/BlockPlacementPolicyDefault
2024-11-12 13:42:09,708 INFO  EvoClassLoader - Defined package (3): package org.apache.hadoop.hdfs.server.blockmanagement, -789130121
2024-11-12 13:42:09,709 INFO  EvoClassLoader - Seeing class for first time: org.apache.hadoop.hdfs.server.blockmanagement.BlockPlacementPolicy
2024-11-12 13:42:09,709 INFO  EvoClassLoader - Instrumenting class 'org.apache.hadoop.hdfs.server.blockmanagement.BlockPlacementPolicy'.
2024-11-12 13:42:09,709 INFO  MethodCallReplacementClassAdapter - Adding mock interface to class org/apache/hadoop/hdfs/server/blockmanagement/BlockPlacementPolicy
2024-11-12 13:42:09,709 INFO  CreateClassResetClassAdapter - Found static initializer in class org/apache/hadoop/hdfs/server/blockmanagement/BlockPlacementPolicy
2024-11-12 13:42:09,709 INFO  EvoClassLoader - Keeping class: org.apache.hadoop.hdfs.server.blockmanagement.BlockPlacementPolicy
2024-11-12 13:42:09,709 INFO  EvoClassLoader - Keeping class: org.apache.hadoop.hdfs.server.blockmanagement.BlockPlacementPolicyDefault
2024-11-12 13:42:09,709 INFO  EvoClassLoader - Seeing class for first time: org.apache.hadoop.hdfs.server.blockmanagement.BlockPlacementPolicyRackFaultTolerant
2024-11-12 13:42:09,709 INFO  EvoClassLoader - Instrumenting class 'org.apache.hadoop.hdfs.server.blockmanagement.BlockPlacementPolicyRackFaultTolerant'.
2024-11-12 13:42:09,709 INFO  MethodCallReplacementClassAdapter - Adding mock interface to class org/apache/hadoop/hdfs/server/blockmanagement/BlockPlacementPolicyRackFaultTolerant
2024-11-12 13:42:09,710 INFO  CreateClassResetClassAdapter - Found static initializer in class org/apache/hadoop/hdfs/server/blockmanagement/BlockPlacementPolicyRackFaultTolerant
2024-11-12 13:42:09,711 INFO  EvoClassLoader - Keeping class: org.apache.hadoop.hdfs.server.blockmanagement.BlockPlacementPolicyRackFaultTolerant
2024-11-12 13:42:09,711 INFO  EvoClassLoader - Seeing class for first time: org.apache.hadoop.hdfs.net.DFSNetworkTopology
2024-11-12 13:42:09,711 INFO  EvoClassLoader - Instrumenting class 'org.apache.hadoop.hdfs.net.DFSNetworkTopology'.
2024-11-12 13:42:09,711 INFO  MethodCallReplacementClassAdapter - Adding mock interface to class org/apache/hadoop/hdfs/net/DFSNetworkTopology
2024-11-12 13:42:09,711 INFO  CreateClassResetClassAdapter - Found static initializer in class org/apache/hadoop/hdfs/net/DFSNetworkTopology
2024-11-12 13:42:09,712 INFO  EvoClassLoader - Seeing class for first time: org.apache.hadoop.net.NetworkTopology
2024-11-12 13:42:09,712 INFO  EvoClassLoader - Instrumenting class 'org.apache.hadoop.net.NetworkTopology'.
2024-11-12 13:42:09,713 INFO  MethodCallReplacementClassAdapter - Adding mock interface to class org/apache/hadoop/net/NetworkTopology
2024-11-12 13:42:09,715 INFO  CreateClassResetClassAdapter - Found static initializer in class org/apache/hadoop/net/NetworkTopology
2024-11-12 13:42:09,716 INFO  EvoClassLoader - Keeping class: org.apache.hadoop.net.NetworkTopology
2024-11-12 13:42:09,716 INFO  EvoClassLoader - Keeping class: org.apache.hadoop.hdfs.net.DFSNetworkTopology
2024-11-12 13:42:09,720 INFO  EvoClassLoader - Seeing class for first time: org.apache.hadoop.hdfs.NameNodeProxiesClient
2024-11-12 13:42:09,720 INFO  EvoClassLoader - Instrumenting class 'org.apache.hadoop.hdfs.NameNodeProxiesClient'.
2024-11-12 13:42:09,720 INFO  MethodCallReplacementClassAdapter - Adding mock interface to class org/apache/hadoop/hdfs/NameNodeProxiesClient
2024-11-12 13:42:09,722 INFO  CreateClassResetClassAdapter - Found static initializer in class org/apache/hadoop/hdfs/NameNodeProxiesClient
2024-11-12 13:42:09,722 INFO  EvoClassLoader - Keeping class: org.apache.hadoop.hdfs.NameNodeProxiesClient
2024-11-12 13:42:09,722 INFO  EvoClassLoader - Seeing class for first time: org.apache.hadoop.io.retry.FailoverProxyProvider
2024-11-12 13:42:09,722 INFO  EvoClassLoader - Instrumenting class 'org.apache.hadoop.io.retry.FailoverProxyProvider'.
2024-11-12 13:42:09,722 INFO  EvoClassLoader - Keeping class: org.apache.hadoop.io.retry.FailoverProxyProvider
2024-11-12 13:42:09,723 INFO  EvoClassLoader - Seeing class for first time: org.apache.hadoop.hdfs.server.namenode.ha.AbstractNNFailoverProxyProvider
2024-11-12 13:42:09,723 INFO  EvoClassLoader - Instrumenting class 'org.apache.hadoop.hdfs.server.namenode.ha.AbstractNNFailoverProxyProvider'.
2024-11-12 13:42:09,723 INFO  MethodCallReplacementClassAdapter - Adding mock interface to class org/apache/hadoop/hdfs/server/namenode/ha/AbstractNNFailoverProxyProvider
2024-11-12 13:42:09,724 INFO  CreateClassResetClassAdapter - Found static initializer in class org/apache/hadoop/hdfs/server/namenode/ha/AbstractNNFailoverProxyProvider
2024-11-12 13:42:09,725 INFO  EvoClassLoader - Keeping class: org.apache.hadoop.hdfs.server.namenode.ha.AbstractNNFailoverProxyProvider
2024-11-12 13:42:09,725 INFO  EvoClassLoader - Seeing class for first time: org.apache.hadoop.hdfs.server.namenode.ha.WrappedFailoverProxyProvider
2024-11-12 13:42:09,725 INFO  EvoClassLoader - Instrumenting class 'org.apache.hadoop.hdfs.server.namenode.ha.WrappedFailoverProxyProvider'.
2024-11-12 13:42:09,725 INFO  MethodCallReplacementClassAdapter - Adding mock interface to class org/apache/hadoop/hdfs/server/namenode/ha/WrappedFailoverProxyProvider
2024-11-12 13:42:09,725 INFO  CreateClassResetClassAdapter - Creating brand-new static initializer in class org/apache/hadoop/hdfs/server/namenode/ha/WrappedFailoverProxyProvider
2024-11-12 13:42:09,725 INFO  EvoClassLoader - Keeping class: org.apache.hadoop.hdfs.server.namenode.ha.WrappedFailoverProxyProvider
2024-11-12 13:42:09,726 INFO  EvoClassLoader - Seeing class for first time: net.bytebuddy.build.HashCodeAndEqualsPlugin$Enhance$InvokeSuper
2024-11-12 13:42:09,726 INFO  EvoClassLoader - Instrumenting class 'net.bytebuddy.build.HashCodeAndEqualsPlugin$Enhance$InvokeSuper'.
2024-11-12 13:42:09,727 INFO  MethodCallReplacementClassAdapter - Adding mock interface to class net/bytebuddy/build/HashCodeAndEqualsPlugin$Enhance$InvokeSuper
2024-11-12 13:42:09,727 INFO  CreateClassResetClassAdapter - Found static initializer in class net/bytebuddy/build/HashCodeAndEqualsPlugin$Enhance$InvokeSuper
2024-11-12 13:42:09,727 INFO  EvoClassLoader - Defined package (3): package net.bytebuddy.build, -1091202835
2024-11-12 13:42:09,727 INFO  EvoClassLoader - Keeping class: net.bytebuddy.build.HashCodeAndEqualsPlugin$Enhance$InvokeSuper
2024-11-12 13:42:09,727 INFO  EvoClassLoader - Seeing class for first time: net.bytebuddy.build.HashCodeAndEqualsPlugin$Enhance
2024-11-12 13:42:09,727 INFO  EvoClassLoader - Instrumenting class 'net.bytebuddy.build.HashCodeAndEqualsPlugin$Enhance'.
2024-11-12 13:42:09,728 INFO  EvoClassLoader - Keeping class: net.bytebuddy.build.HashCodeAndEqualsPlugin$Enhance
2024-11-12 13:42:09,728 INFO  EvoClassLoader - Seeing class for first time: net.bytebuddy.build.HashCodeAndEqualsPlugin
2024-11-12 13:42:09,728 INFO  EvoClassLoader - Instrumenting class 'net.bytebuddy.build.HashCodeAndEqualsPlugin'.
2024-11-12 13:42:09,728 INFO  MethodCallReplacementClassAdapter - Adding mock interface to class net/bytebuddy/build/HashCodeAndEqualsPlugin
2024-11-12 13:42:09,729 INFO  CreateClassResetClassAdapter - Creating brand-new static initializer in class net/bytebuddy/build/HashCodeAndEqualsPlugin
2024-11-12 13:42:09,729 INFO  EvoClassLoader - Seeing class for first time: net.bytebuddy.build.Plugin
2024-11-12 13:42:09,729 INFO  EvoClassLoader - Instrumenting class 'net.bytebuddy.build.Plugin'.
2024-11-12 13:42:09,729 INFO  EvoClassLoader - Seeing class for first time: net.bytebuddy.matcher.ElementMatcher
2024-11-12 13:42:09,729 INFO  EvoClassLoader - Instrumenting class 'net.bytebuddy.matcher.ElementMatcher'.
2024-11-12 13:42:09,729 INFO  EvoClassLoader - Defined package (3): package net.bytebuddy.matcher, -63983631
2024-11-12 13:42:09,729 INFO  EvoClassLoader - Keeping class: net.bytebuddy.matcher.ElementMatcher
2024-11-12 13:42:09,729 INFO  EvoClassLoader - Keeping class: net.bytebuddy.build.Plugin
2024-11-12 13:42:09,729 INFO  EvoClassLoader - Seeing class for first time: net.bytebuddy.build.Plugin$Factory
2024-11-12 13:42:09,729 INFO  EvoClassLoader - Instrumenting class 'net.bytebuddy.build.Plugin$Factory'.
2024-11-12 13:42:09,729 INFO  EvoClassLoader - Keeping class: net.bytebuddy.build.Plugin$Factory
2024-11-12 13:42:09,729 INFO  EvoClassLoader - Keeping class: net.bytebuddy.build.HashCodeAndEqualsPlugin
2024-11-12 13:42:09,729 INFO  EvoClassLoader - Seeing class for first time: net.bytebuddy.build.HashCodeAndEqualsPlugin$Enhance$InvokeSuper$1
2024-11-12 13:42:09,729 INFO  EvoClassLoader - Instrumenting class 'net.bytebuddy.build.HashCodeAndEqualsPlugin$Enhance$InvokeSuper$1'.
2024-11-12 13:42:09,730 INFO  MethodCallReplacementClassAdapter - Adding mock interface to class net/bytebuddy/build/HashCodeAndEqualsPlugin$Enhance$InvokeSuper$1
2024-11-12 13:42:09,732 INFO  EvoClassLoader - Keeping class: net.bytebuddy.build.HashCodeAndEqualsPlugin$Enhance$InvokeSuper$1
2024-11-12 13:42:09,732 INFO  EvoClassLoader - Seeing class for first time: net.bytebuddy.build.HashCodeAndEqualsPlugin$Enhance$InvokeSuper$2
2024-11-12 13:42:09,732 INFO  EvoClassLoader - Instrumenting class 'net.bytebuddy.build.HashCodeAndEqualsPlugin$Enhance$InvokeSuper$2'.
2024-11-12 13:42:09,732 INFO  MethodCallReplacementClassAdapter - Adding mock interface to class net/bytebuddy/build/HashCodeAndEqualsPlugin$Enhance$InvokeSuper$2
2024-11-12 13:42:09,733 INFO  EvoClassLoader - Keeping class: net.bytebuddy.build.HashCodeAndEqualsPlugin$Enhance$InvokeSuper$2
2024-11-12 13:42:09,733 INFO  EvoClassLoader - Seeing class for first time: net.bytebuddy.build.HashCodeAndEqualsPlugin$Enhance$InvokeSuper$3
2024-11-12 13:42:09,733 INFO  EvoClassLoader - Instrumenting class 'net.bytebuddy.build.HashCodeAndEqualsPlugin$Enhance$InvokeSuper$3'.
2024-11-12 13:42:09,733 INFO  MethodCallReplacementClassAdapter - Adding mock interface to class net/bytebuddy/build/HashCodeAndEqualsPlugin$Enhance$InvokeSuper$3
2024-11-12 13:42:09,733 INFO  EvoClassLoader - Keeping class: net.bytebuddy.build.HashCodeAndEqualsPlugin$Enhance$InvokeSuper$3
2024-11-12 13:42:09,733 INFO  EvoClassLoader - Seeing class for first time: net.bytebuddy.build.HashCodeAndEqualsPlugin$Enhance$InvokeSuper$4
2024-11-12 13:42:09,733 INFO  EvoClassLoader - Instrumenting class 'net.bytebuddy.build.HashCodeAndEqualsPlugin$Enhance$InvokeSuper$4'.
2024-11-12 13:42:09,733 INFO  MethodCallReplacementClassAdapter - Adding mock interface to class net/bytebuddy/build/HashCodeAndEqualsPlugin$Enhance$InvokeSuper$4
2024-11-12 13:42:09,733 INFO  EvoClassLoader - Keeping class: net.bytebuddy.build.HashCodeAndEqualsPlugin$Enhance$InvokeSuper$4
2024-11-12 13:42:09,733 INFO  EvoClassLoader - Seeing class for first time: net.bytebuddy.description.type.TypeDescription
2024-11-12 13:42:09,733 INFO  EvoClassLoader - Instrumenting class 'net.bytebuddy.description.type.TypeDescription'.
2024-11-12 13:42:09,733 INFO  EvoClassLoader - Defined package (3): package net.bytebuddy.description.type, 1043161613
2024-11-12 13:42:09,733 INFO  EvoClassLoader - Seeing class for first time: net.bytebuddy.description.type.TypeDefinition
2024-11-12 13:42:09,733 INFO  EvoClassLoader - Instrumenting class 'net.bytebuddy.description.type.TypeDefinition'.
2024-11-12 13:42:09,734 INFO  EvoClassLoader - Seeing class for first time: net.bytebuddy.description.NamedElement
2024-11-12 13:42:09,734 INFO  EvoClassLoader - Instrumenting class 'net.bytebuddy.description.NamedElement'.
2024-11-12 13:42:09,734 INFO  EvoClassLoader - Defined package (3): package net.bytebuddy.description, 348599099
2024-11-12 13:42:09,734 INFO  EvoClassLoader - Keeping class: net.bytebuddy.description.NamedElement
2024-11-12 13:42:09,734 INFO  EvoClassLoader - Seeing class for first time: net.bytebuddy.description.ModifierReviewable$ForTypeDefinition
2024-11-12 13:42:09,734 INFO  EvoClassLoader - Instrumenting class 'net.bytebuddy.description.ModifierReviewable$ForTypeDefinition'.
2024-11-12 13:42:09,734 INFO  EvoClassLoader - Seeing class for first time: net.bytebuddy.description.ModifierReviewable$OfAbstraction
2024-11-12 13:42:09,734 INFO  EvoClassLoader - Instrumenting class 'net.bytebuddy.description.ModifierReviewable$OfAbstraction'.
2024-11-12 13:42:09,734 INFO  EvoClassLoader - Seeing class for first time: net.bytebuddy.description.ModifierReviewable$OfByteCodeElement
2024-11-12 13:42:09,734 INFO  EvoClassLoader - Instrumenting class 'net.bytebuddy.description.ModifierReviewable$OfByteCodeElement'.
2024-11-12 13:42:09,734 INFO  EvoClassLoader - Seeing class for first time: net.bytebuddy.description.ModifierReviewable
2024-11-12 13:42:09,734 INFO  EvoClassLoader - Instrumenting class 'net.bytebuddy.description.ModifierReviewable'.
2024-11-12 13:42:09,734 INFO  EvoClassLoader - Keeping class: net.bytebuddy.description.ModifierReviewable
2024-11-12 13:42:09,734 INFO  EvoClassLoader - Keeping class: net.bytebuddy.description.ModifierReviewable$OfByteCodeElement
2024-11-12 13:42:09,734 INFO  EvoClassLoader - Keeping class: net.bytebuddy.description.ModifierReviewable$OfAbstraction
2024-11-12 13:42:09,734 INFO  EvoClassLoader - Seeing class for first time: net.bytebuddy.description.ModifierReviewable$OfEnumeration
2024-11-12 13:42:09,734 INFO  EvoClassLoader - Instrumenting class 'net.bytebuddy.description.ModifierReviewable$OfEnumeration'.
2024-11-12 13:42:09,734 INFO  EvoClassLoader - Keeping class: net.bytebuddy.description.ModifierReviewable$OfEnumeration
2024-11-12 13:42:09,734 INFO  EvoClassLoader - Keeping class: net.bytebuddy.description.ModifierReviewable$ForTypeDefinition
2024-11-12 13:42:09,734 INFO  EvoClassLoader - Keeping class: net.bytebuddy.description.type.TypeDefinition
2024-11-12 13:42:09,734 INFO  EvoClassLoader - Seeing class for first time: net.bytebuddy.description.ByteCodeElement
2024-11-12 13:42:09,734 INFO  EvoClassLoader - Instrumenting class 'net.bytebuddy.description.ByteCodeElement'.
2024-11-12 13:42:09,735 INFO  EvoClassLoader - Seeing class for first time: net.bytebuddy.description.NamedElement$WithRuntimeName
2024-11-12 13:42:09,735 INFO  EvoClassLoader - Instrumenting class 'net.bytebuddy.description.NamedElement$WithRuntimeName'.
2024-11-12 13:42:09,735 INFO  EvoClassLoader - Keeping class: net.bytebuddy.description.NamedElement$WithRuntimeName
2024-11-12 13:42:09,735 INFO  EvoClassLoader - Seeing class for first time: net.bytebuddy.description.DeclaredByType
2024-11-12 13:42:09,735 INFO  EvoClassLoader - Instrumenting class 'net.bytebuddy.description.DeclaredByType'.
2024-11-12 13:42:09,735 INFO  EvoClassLoader - Keeping class: net.bytebuddy.description.DeclaredByType
2024-11-12 13:42:09,735 INFO  EvoClassLoader - Seeing class for first time: net.bytebuddy.description.annotation.AnnotationSource
2024-11-12 13:42:09,735 INFO  EvoClassLoader - Instrumenting class 'net.bytebuddy.description.annotation.AnnotationSource'.
2024-11-12 13:42:09,735 INFO  EvoClassLoader - Defined package (3): package net.bytebuddy.description.annotation, -2027678782
2024-11-12 13:42:09,735 INFO  EvoClassLoader - Keeping class: net.bytebuddy.description.annotation.AnnotationSource
2024-11-12 13:42:09,735 INFO  EvoClassLoader - Keeping class: net.bytebuddy.description.ByteCodeElement
2024-11-12 13:42:09,735 INFO  EvoClassLoader - Seeing class for first time: net.bytebuddy.description.TypeVariableSource
2024-11-12 13:42:09,735 INFO  EvoClassLoader - Instrumenting class 'net.bytebuddy.description.TypeVariableSource'.
2024-11-12 13:42:09,735 INFO  EvoClassLoader - Keeping class: net.bytebuddy.description.TypeVariableSource
2024-11-12 13:42:09,735 INFO  EvoClassLoader - Keeping class: net.bytebuddy.description.type.TypeDescription
2024-11-12 13:42:09,735 INFO  EvoClassLoader - Seeing class for first time: net.bytebuddy.implementation.HashCodeMethod
2024-11-12 13:42:09,735 INFO  EvoClassLoader - Instrumenting class 'net.bytebuddy.implementation.HashCodeMethod'.
2024-11-12 13:42:09,735 INFO  MethodCallReplacementClassAdapter - Adding mock interface to class net/bytebuddy/implementation/HashCodeMethod
2024-11-12 13:42:09,736 INFO  CreateClassResetClassAdapter - Found static initializer in class net/bytebuddy/implementation/HashCodeMethod
2024-11-12 13:42:09,736 INFO  EvoClassLoader - Defined package (3): package net.bytebuddy.implementation, 1120813075
2024-11-12 13:42:09,737 INFO  EvoClassLoader - Seeing class for first time: net.bytebuddy.implementation.Implementation
2024-11-12 13:42:09,737 INFO  EvoClassLoader - Instrumenting class 'net.bytebuddy.implementation.Implementation'.
2024-11-12 13:42:09,737 INFO  EvoClassLoader - Seeing class for first time: net.bytebuddy.dynamic.scaffold.InstrumentedType$Prepareable
2024-11-12 13:42:09,737 INFO  EvoClassLoader - Instrumenting class 'net.bytebuddy.dynamic.scaffold.InstrumentedType$Prepareable'.
2024-11-12 13:42:09,737 INFO  EvoClassLoader - Defined package (3): package net.bytebuddy.dynamic.scaffold, 1693317350
2024-11-12 13:42:09,737 INFO  EvoClassLoader - Keeping class: net.bytebuddy.dynamic.scaffold.InstrumentedType$Prepareable
2024-11-12 13:42:09,737 INFO  EvoClassLoader - Keeping class: net.bytebuddy.implementation.Implementation
2024-11-12 13:42:09,737 INFO  EvoClassLoader - Keeping class: net.bytebuddy.implementation.HashCodeMethod
2024-11-12 13:42:09,737 INFO  EvoClassLoader - Seeing class for first time: net.bytebuddy.implementation.EqualsMethod
2024-11-12 13:42:09,737 INFO  EvoClassLoader - Instrumenting class 'net.bytebuddy.implementation.EqualsMethod'.
2024-11-12 13:42:09,737 INFO  MethodCallReplacementClassAdapter - Adding mock interface to class net/bytebuddy/implementation/EqualsMethod
2024-11-12 13:42:09,738 INFO  CreateClassResetClassAdapter - Found static initializer in class net/bytebuddy/implementation/EqualsMethod
2024-11-12 13:42:09,738 INFO  EvoClassLoader - Keeping class: net.bytebuddy.implementation.EqualsMethod
2024-11-12 13:42:09,738 INFO  EvoClassLoader - Seeing class for first time: net.bytebuddy.description.type.TypeDescription$Generic
2024-11-12 13:42:09,738 INFO  EvoClassLoader - Instrumenting class 'net.bytebuddy.description.type.TypeDescription$Generic'.
2024-11-12 13:42:09,738 INFO  EvoClassLoader - Keeping class: net.bytebuddy.description.type.TypeDescription$Generic
2024-11-12 13:42:09,739 INFO  EvoClassLoader - Seeing class for first time: org.assertj.core.internal.bytebuddy.build.HashCodeAndEqualsPlugin$Enhance$InvokeSuper
2024-11-12 13:42:09,739 INFO  EvoClassLoader - Instrumenting class 'org.assertj.core.internal.bytebuddy.build.HashCodeAndEqualsPlugin$Enhance$InvokeSuper'.
2024-11-12 13:42:09,739 INFO  MethodCallReplacementClassAdapter - Adding mock interface to class org/assertj/core/internal/bytebuddy/build/HashCodeAndEqualsPlugin$Enhance$InvokeSuper
2024-11-12 13:42:09,739 INFO  CreateClassResetClassAdapter - Found static initializer in class org/assertj/core/internal/bytebuddy/build/HashCodeAndEqualsPlugin$Enhance$InvokeSuper
2024-11-12 13:42:09,739 INFO  EvoClassLoader - Defined package (3): package org.assertj.core.internal.bytebuddy.build, -2103311512
2024-11-12 13:42:09,739 INFO  EvoClassLoader - Keeping class: org.assertj.core.internal.bytebuddy.build.HashCodeAndEqualsPlugin$Enhance$InvokeSuper
2024-11-12 13:42:09,739 INFO  EvoClassLoader - Seeing class for first time: org.assertj.core.internal.bytebuddy.build.HashCodeAndEqualsPlugin$Enhance
2024-11-12 13:42:09,739 INFO  EvoClassLoader - Instrumenting class 'org.assertj.core.internal.bytebuddy.build.HashCodeAndEqualsPlugin$Enhance'.
2024-11-12 13:42:09,739 INFO  EvoClassLoader - Keeping class: org.assertj.core.internal.bytebuddy.build.HashCodeAndEqualsPlugin$Enhance
2024-11-12 13:42:09,739 INFO  EvoClassLoader - Seeing class for first time: org.assertj.core.internal.bytebuddy.build.HashCodeAndEqualsPlugin
2024-11-12 13:42:09,739 INFO  EvoClassLoader - Instrumenting class 'org.assertj.core.internal.bytebuddy.build.HashCodeAndEqualsPlugin'.
2024-11-12 13:42:09,739 INFO  MethodCallReplacementClassAdapter - Adding mock interface to class org/assertj/core/internal/bytebuddy/build/HashCodeAndEqualsPlugin
2024-11-12 13:42:09,740 INFO  CreateClassResetClassAdapter - Creating brand-new static initializer in class org/assertj/core/internal/bytebuddy/build/HashCodeAndEqualsPlugin
2024-11-12 13:42:09,741 INFO  EvoClassLoader - Seeing class for first time: org.assertj.core.internal.bytebuddy.build.Plugin
2024-11-12 13:42:09,741 INFO  EvoClassLoader - Instrumenting class 'org.assertj.core.internal.bytebuddy.build.Plugin'.
2024-11-12 13:42:09,741 INFO  EvoClassLoader - Seeing class for first time: org.assertj.core.internal.bytebuddy.matcher.ElementMatcher
2024-11-12 13:42:09,741 INFO  EvoClassLoader - Instrumenting class 'org.assertj.core.internal.bytebuddy.matcher.ElementMatcher'.
2024-11-12 13:42:09,741 INFO  EvoClassLoader - Defined package (3): package org.assertj.core.internal.bytebuddy.matcher, -2037813332
2024-11-12 13:42:09,741 INFO  EvoClassLoader - Keeping class: org.assertj.core.internal.bytebuddy.matcher.ElementMatcher
2024-11-12 13:42:09,741 INFO  EvoClassLoader - Keeping class: org.assertj.core.internal.bytebuddy.build.Plugin
2024-11-12 13:42:09,741 INFO  EvoClassLoader - Seeing class for first time: org.assertj.core.internal.bytebuddy.build.Plugin$Factory
2024-11-12 13:42:09,741 INFO  EvoClassLoader - Instrumenting class 'org.assertj.core.internal.bytebuddy.build.Plugin$Factory'.
2024-11-12 13:42:09,741 INFO  EvoClassLoader - Keeping class: org.assertj.core.internal.bytebuddy.build.Plugin$Factory
2024-11-12 13:42:09,741 INFO  EvoClassLoader - Keeping class: org.assertj.core.internal.bytebuddy.build.HashCodeAndEqualsPlugin
2024-11-12 13:42:09,741 INFO  EvoClassLoader - Seeing class for first time: org.assertj.core.internal.bytebuddy.build.HashCodeAndEqualsPlugin$Enhance$InvokeSuper$1
2024-11-12 13:42:09,741 INFO  EvoClassLoader - Instrumenting class 'org.assertj.core.internal.bytebuddy.build.HashCodeAndEqualsPlugin$Enhance$InvokeSuper$1'.
2024-11-12 13:42:09,741 INFO  MethodCallReplacementClassAdapter - Adding mock interface to class org/assertj/core/internal/bytebuddy/build/HashCodeAndEqualsPlugin$Enhance$InvokeSuper$1
2024-11-12 13:42:09,744 INFO  EvoClassLoader - Keeping class: org.assertj.core.internal.bytebuddy.build.HashCodeAndEqualsPlugin$Enhance$InvokeSuper$1
2024-11-12 13:42:09,744 INFO  EvoClassLoader - Seeing class for first time: org.assertj.core.internal.bytebuddy.build.HashCodeAndEqualsPlugin$Enhance$InvokeSuper$2
2024-11-12 13:42:09,744 INFO  EvoClassLoader - Instrumenting class 'org.assertj.core.internal.bytebuddy.build.HashCodeAndEqualsPlugin$Enhance$InvokeSuper$2'.
2024-11-12 13:42:09,744 INFO  MethodCallReplacementClassAdapter - Adding mock interface to class org/assertj/core/internal/bytebuddy/build/HashCodeAndEqualsPlugin$Enhance$InvokeSuper$2
2024-11-12 13:42:09,744 INFO  EvoClassLoader - Keeping class: org.assertj.core.internal.bytebuddy.build.HashCodeAndEqualsPlugin$Enhance$InvokeSuper$2
2024-11-12 13:42:09,744 INFO  EvoClassLoader - Seeing class for first time: org.assertj.core.internal.bytebuddy.build.HashCodeAndEqualsPlugin$Enhance$InvokeSuper$3
2024-11-12 13:42:09,744 INFO  EvoClassLoader - Instrumenting class 'org.assertj.core.internal.bytebuddy.build.HashCodeAndEqualsPlugin$Enhance$InvokeSuper$3'.
2024-11-12 13:42:09,745 INFO  MethodCallReplacementClassAdapter - Adding mock interface to class org/assertj/core/internal/bytebuddy/build/HashCodeAndEqualsPlugin$Enhance$InvokeSuper$3
2024-11-12 13:42:09,745 INFO  EvoClassLoader - Keeping class: org.assertj.core.internal.bytebuddy.build.HashCodeAndEqualsPlugin$Enhance$InvokeSuper$3
2024-11-12 13:42:09,745 INFO  EvoClassLoader - Seeing class for first time: org.assertj.core.internal.bytebuddy.build.HashCodeAndEqualsPlugin$Enhance$InvokeSuper$4
2024-11-12 13:42:09,745 INFO  EvoClassLoader - Instrumenting class 'org.assertj.core.internal.bytebuddy.build.HashCodeAndEqualsPlugin$Enhance$InvokeSuper$4'.
2024-11-12 13:42:09,745 INFO  MethodCallReplacementClassAdapter - Adding mock interface to class org/assertj/core/internal/bytebuddy/build/HashCodeAndEqualsPlugin$Enhance$InvokeSuper$4
2024-11-12 13:42:09,745 INFO  EvoClassLoader - Keeping class: org.assertj.core.internal.bytebuddy.build.HashCodeAndEqualsPlugin$Enhance$InvokeSuper$4
2024-11-12 13:42:09,745 INFO  EvoClassLoader - Seeing class for first time: org.assertj.core.internal.bytebuddy.description.type.TypeDescription
2024-11-12 13:42:09,745 INFO  EvoClassLoader - Instrumenting class 'org.assertj.core.internal.bytebuddy.description.type.TypeDescription'.
2024-11-12 13:42:09,745 INFO  EvoClassLoader - Defined package (3): package org.assertj.core.internal.bytebuddy.description.type, -2063588174
2024-11-12 13:42:09,745 INFO  EvoClassLoader - Seeing class for first time: org.assertj.core.internal.bytebuddy.description.type.TypeDefinition
2024-11-12 13:42:09,745 INFO  EvoClassLoader - Instrumenting class 'org.assertj.core.internal.bytebuddy.description.type.TypeDefinition'.
2024-11-12 13:42:09,746 INFO  EvoClassLoader - Seeing class for first time: org.assertj.core.internal.bytebuddy.description.NamedElement
2024-11-12 13:42:09,746 INFO  EvoClassLoader - Instrumenting class 'org.assertj.core.internal.bytebuddy.description.NamedElement'.
2024-11-12 13:42:09,746 INFO  EvoClassLoader - Defined package (3): package org.assertj.core.internal.bytebuddy.description, 1484037494
2024-11-12 13:42:09,746 INFO  EvoClassLoader - Keeping class: org.assertj.core.internal.bytebuddy.description.NamedElement
2024-11-12 13:42:09,746 INFO  EvoClassLoader - Seeing class for first time: org.assertj.core.internal.bytebuddy.description.ModifierReviewable$ForTypeDefinition
2024-11-12 13:42:09,746 INFO  EvoClassLoader - Instrumenting class 'org.assertj.core.internal.bytebuddy.description.ModifierReviewable$ForTypeDefinition'.
2024-11-12 13:42:09,746 INFO  EvoClassLoader - Seeing class for first time: org.assertj.core.internal.bytebuddy.description.ModifierReviewable$OfAbstraction
2024-11-12 13:42:09,746 INFO  EvoClassLoader - Instrumenting class 'org.assertj.core.internal.bytebuddy.description.ModifierReviewable$OfAbstraction'.
2024-11-12 13:42:09,746 INFO  EvoClassLoader - Seeing class for first time: org.assertj.core.internal.bytebuddy.description.ModifierReviewable$OfByteCodeElement
2024-11-12 13:42:09,746 INFO  EvoClassLoader - Instrumenting class 'org.assertj.core.internal.bytebuddy.description.ModifierReviewable$OfByteCodeElement'.
2024-11-12 13:42:09,746 INFO  EvoClassLoader - Seeing class for first time: org.assertj.core.internal.bytebuddy.description.ModifierReviewable
2024-11-12 13:42:09,746 INFO  EvoClassLoader - Instrumenting class 'org.assertj.core.internal.bytebuddy.description.ModifierReviewable'.
2024-11-12 13:42:09,746 INFO  EvoClassLoader - Keeping class: org.assertj.core.internal.bytebuddy.description.ModifierReviewable
2024-11-12 13:42:09,746 INFO  EvoClassLoader - Keeping class: org.assertj.core.internal.bytebuddy.description.ModifierReviewable$OfByteCodeElement
2024-11-12 13:42:09,746 INFO  EvoClassLoader - Keeping class: org.assertj.core.internal.bytebuddy.description.ModifierReviewable$OfAbstraction
2024-11-12 13:42:09,746 INFO  EvoClassLoader - Seeing class for first time: org.assertj.core.internal.bytebuddy.description.ModifierReviewable$OfEnumeration
2024-11-12 13:42:09,746 INFO  EvoClassLoader - Instrumenting class 'org.assertj.core.internal.bytebuddy.description.ModifierReviewable$OfEnumeration'.
2024-11-12 13:42:09,746 INFO  EvoClassLoader - Keeping class: org.assertj.core.internal.bytebuddy.description.ModifierReviewable$OfEnumeration
2024-11-12 13:42:09,746 INFO  EvoClassLoader - Keeping class: org.assertj.core.internal.bytebuddy.description.ModifierReviewable$ForTypeDefinition
2024-11-12 13:42:09,746 INFO  EvoClassLoader - Keeping class: org.assertj.core.internal.bytebuddy.description.type.TypeDefinition
2024-11-12 13:42:09,746 INFO  EvoClassLoader - Seeing class for first time: org.assertj.core.internal.bytebuddy.description.ByteCodeElement
2024-11-12 13:42:09,746 INFO  EvoClassLoader - Instrumenting class 'org.assertj.core.internal.bytebuddy.description.ByteCodeElement'.
2024-11-12 13:42:09,746 INFO  EvoClassLoader - Seeing class for first time: org.assertj.core.internal.bytebuddy.description.NamedElement$WithRuntimeName
2024-11-12 13:42:09,746 INFO  EvoClassLoader - Instrumenting class 'org.assertj.core.internal.bytebuddy.description.NamedElement$WithRuntimeName'.
2024-11-12 13:42:09,747 INFO  EvoClassLoader - Keeping class: org.assertj.core.internal.bytebuddy.description.NamedElement$WithRuntimeName
2024-11-12 13:42:09,747 INFO  EvoClassLoader - Seeing class for first time: org.assertj.core.internal.bytebuddy.description.DeclaredByType
2024-11-12 13:42:09,747 INFO  EvoClassLoader - Instrumenting class 'org.assertj.core.internal.bytebuddy.description.DeclaredByType'.
2024-11-12 13:42:09,747 INFO  EvoClassLoader - Keeping class: org.assertj.core.internal.bytebuddy.description.DeclaredByType
2024-11-12 13:42:09,747 INFO  EvoClassLoader - Seeing class for first time: org.assertj.core.internal.bytebuddy.description.annotation.AnnotationSource
2024-11-12 13:42:09,747 INFO  EvoClassLoader - Instrumenting class 'org.assertj.core.internal.bytebuddy.description.annotation.AnnotationSource'.
2024-11-12 13:42:09,747 INFO  EvoClassLoader - Defined package (3): package org.assertj.core.internal.bytebuddy.description.annotation, 2042726055
2024-11-12 13:42:09,747 INFO  EvoClassLoader - Keeping class: org.assertj.core.internal.bytebuddy.description.annotation.AnnotationSource
2024-11-12 13:42:09,747 INFO  EvoClassLoader - Keeping class: org.assertj.core.internal.bytebuddy.description.ByteCodeElement
2024-11-12 13:42:09,747 INFO  EvoClassLoader - Seeing class for first time: org.assertj.core.internal.bytebuddy.description.TypeVariableSource
2024-11-12 13:42:09,747 INFO  EvoClassLoader - Instrumenting class 'org.assertj.core.internal.bytebuddy.description.TypeVariableSource'.
2024-11-12 13:42:09,747 INFO  EvoClassLoader - Keeping class: org.assertj.core.internal.bytebuddy.description.TypeVariableSource
2024-11-12 13:42:09,747 INFO  EvoClassLoader - Keeping class: org.assertj.core.internal.bytebuddy.description.type.TypeDescription
2024-11-12 13:42:09,747 INFO  EvoClassLoader - Seeing class for first time: org.assertj.core.internal.bytebuddy.implementation.HashCodeMethod
2024-11-12 13:42:09,747 INFO  EvoClassLoader - Instrumenting class 'org.assertj.core.internal.bytebuddy.implementation.HashCodeMethod'.
2024-11-12 13:42:09,748 INFO  MethodCallReplacementClassAdapter - Adding mock interface to class org/assertj/core/internal/bytebuddy/implementation/HashCodeMethod
2024-11-12 13:42:09,749 INFO  CreateClassResetClassAdapter - Found static initializer in class org/assertj/core/internal/bytebuddy/implementation/HashCodeMethod
2024-11-12 13:42:09,749 INFO  EvoClassLoader - Defined package (3): package org.assertj.core.internal.bytebuddy.implementation, -196384776
2024-11-12 13:42:09,750 INFO  EvoClassLoader - Seeing class for first time: org.assertj.core.internal.bytebuddy.implementation.Implementation
2024-11-12 13:42:09,750 INFO  EvoClassLoader - Instrumenting class 'org.assertj.core.internal.bytebuddy.implementation.Implementation'.
2024-11-12 13:42:09,750 INFO  EvoClassLoader - Seeing class for first time: org.assertj.core.internal.bytebuddy.dynamic.scaffold.InstrumentedType$Prepareable
2024-11-12 13:42:09,750 INFO  EvoClassLoader - Instrumenting class 'org.assertj.core.internal.bytebuddy.dynamic.scaffold.InstrumentedType$Prepareable'.
2024-11-12 13:42:09,750 INFO  EvoClassLoader - Defined package (3): package org.assertj.core.internal.bytebuddy.dynamic.scaffold, -1413432437
2024-11-12 13:42:09,750 INFO  EvoClassLoader - Keeping class: org.assertj.core.internal.bytebuddy.dynamic.scaffold.InstrumentedType$Prepareable
2024-11-12 13:42:09,750 INFO  EvoClassLoader - Keeping class: org.assertj.core.internal.bytebuddy.implementation.Implementation
2024-11-12 13:42:09,750 INFO  EvoClassLoader - Keeping class: org.assertj.core.internal.bytebuddy.implementation.HashCodeMethod
2024-11-12 13:42:09,750 INFO  EvoClassLoader - Seeing class for first time: org.assertj.core.internal.bytebuddy.implementation.EqualsMethod
2024-11-12 13:42:09,750 INFO  EvoClassLoader - Instrumenting class 'org.assertj.core.internal.bytebuddy.implementation.EqualsMethod'.
2024-11-12 13:42:09,751 INFO  MethodCallReplacementClassAdapter - Adding mock interface to class org/assertj/core/internal/bytebuddy/implementation/EqualsMethod
2024-11-12 13:42:09,752 INFO  CreateClassResetClassAdapter - Found static initializer in class org/assertj/core/internal/bytebuddy/implementation/EqualsMethod
2024-11-12 13:42:09,752 INFO  EvoClassLoader - Keeping class: org.assertj.core.internal.bytebuddy.implementation.EqualsMethod
2024-11-12 13:42:09,752 INFO  EvoClassLoader - Seeing class for first time: org.assertj.core.internal.bytebuddy.description.type.TypeDescription$Generic
2024-11-12 13:42:09,752 INFO  EvoClassLoader - Instrumenting class 'org.assertj.core.internal.bytebuddy.description.type.TypeDescription$Generic'.
2024-11-12 13:42:09,753 INFO  EvoClassLoader - Keeping class: org.assertj.core.internal.bytebuddy.description.type.TypeDescription$Generic
2024-11-12 13:42:09,753 INFO  EvoClassLoader - Seeing class for first time: org.apache.hadoop.io.TestGenericWritable$Bar
2024-11-12 13:42:09,753 INFO  EvoClassLoader - Instrumenting class 'org.apache.hadoop.io.TestGenericWritable$Bar'.
2024-11-12 13:42:09,753 INFO  MethodCallReplacementClassAdapter - Adding mock interface to class org/apache/hadoop/io/TestGenericWritable$Bar
2024-11-12 13:42:09,753 INFO  CreateClassResetClassAdapter - Creating brand-new static initializer in class org/apache/hadoop/io/TestGenericWritable$Bar
2024-11-12 13:42:09,753 INFO  EvoClassLoader - Keeping class: org.apache.hadoop.io.TestGenericWritable$Bar
2024-11-12 13:42:09,753 INFO  EvoClassLoader - Seeing class for first time: org.apache.hadoop.io.TestGenericWritable
2024-11-12 13:42:09,753 INFO  EvoClassLoader - Instrumenting class 'org.apache.hadoop.io.TestGenericWritable'.
2024-11-12 13:42:09,754 INFO  MethodCallReplacementClassAdapter - Adding mock interface to class org/apache/hadoop/io/TestGenericWritable
2024-11-12 13:42:09,754 INFO  CreateClassResetClassAdapter - Creating brand-new static initializer in class org/apache/hadoop/io/TestGenericWritable
2024-11-12 13:42:09,754 INFO  CreateClassResetClassAdapter - Adding bytecode for initializing field CONF_TEST_KEY
2024-11-12 13:42:09,754 INFO  CreateClassResetClassAdapter - Adding bytecode for initializing field CONF_TEST_VALUE
2024-11-12 13:42:09,754 INFO  EvoClassLoader - Keeping class: org.apache.hadoop.io.TestGenericWritable
2024-11-12 13:42:09,754 INFO  EvoClassLoader - Seeing class for first time: org.apache.hadoop.io.TestGenericWritable$FooGenericWritable
2024-11-12 13:42:09,754 INFO  EvoClassLoader - Instrumenting class 'org.apache.hadoop.io.TestGenericWritable$FooGenericWritable'.
2024-11-12 13:42:09,754 INFO  MethodCallReplacementClassAdapter - Adding mock interface to class org/apache/hadoop/io/TestGenericWritable$FooGenericWritable
2024-11-12 13:42:09,754 INFO  CreateClassResetClassAdapter - Creating brand-new static initializer in class org/apache/hadoop/io/TestGenericWritable$FooGenericWritable
2024-11-12 13:42:09,754 INFO  EvoClassLoader - Seeing class for first time: org.apache.hadoop.io.GenericWritable
2024-11-12 13:42:09,754 INFO  EvoClassLoader - Instrumenting class 'org.apache.hadoop.io.GenericWritable'.
2024-11-12 13:42:09,754 INFO  MethodCallReplacementClassAdapter - Adding mock interface to class org/apache/hadoop/io/GenericWritable
2024-11-12 13:42:09,756 INFO  CreateClassResetClassAdapter - Creating brand-new static initializer in class org/apache/hadoop/io/GenericWritable
2024-11-12 13:42:09,756 INFO  CreateClassResetClassAdapter - Adding bytecode for initializing field NOT_SET
2024-11-12 13:42:09,756 INFO  EvoClassLoader - Keeping class: org.apache.hadoop.io.GenericWritable
2024-11-12 13:42:09,756 INFO  EvoClassLoader - Keeping class: org.apache.hadoop.io.TestGenericWritable$FooGenericWritable
2024-11-12 13:42:09,756 INFO  EvoClassLoader - Seeing class for first time: org.apache.hadoop.io.TestGenericWritable$Baz
2024-11-12 13:42:09,756 INFO  EvoClassLoader - Instrumenting class 'org.apache.hadoop.io.TestGenericWritable$Baz'.
2024-11-12 13:42:09,756 INFO  MethodCallReplacementClassAdapter - Adding mock interface to class org/apache/hadoop/io/TestGenericWritable$Baz
2024-11-12 13:42:09,756 INFO  CreateClassResetClassAdapter - Creating brand-new static initializer in class org/apache/hadoop/io/TestGenericWritable$Baz
2024-11-12 13:42:09,756 INFO  EvoClassLoader - Keeping class: org.apache.hadoop.io.TestGenericWritable$Baz
2024-11-12 13:42:09,757 INFO  EvoClassLoader - Seeing class for first time: org.apache.hadoop.hdfs.protocol.Block$1
2024-11-12 13:42:09,757 INFO  EvoClassLoader - Instrumenting class 'org.apache.hadoop.hdfs.protocol.Block$1'.
2024-11-12 13:42:09,757 INFO  MethodCallReplacementClassAdapter - Adding mock interface to class org/apache/hadoop/hdfs/protocol/Block$1
2024-11-12 13:42:09,757 INFO  EvoClassLoader - Seeing class for first time: org.apache.hadoop.io.WritableFactory
2024-11-12 13:42:09,757 INFO  EvoClassLoader - Instrumenting class 'org.apache.hadoop.io.WritableFactory'.
2024-11-12 13:42:09,757 INFO  EvoClassLoader - Keeping class: org.apache.hadoop.io.WritableFactory
2024-11-12 13:42:09,758 INFO  EvoClassLoader - Keeping class: org.apache.hadoop.hdfs.protocol.Block$1
2024-11-12 13:42:09,758 INFO  EvoClassLoader - Seeing class for first time: org.apache.hadoop.hdfs.protocol.Block
2024-11-12 13:42:09,758 INFO  EvoClassLoader - Instrumenting class 'org.apache.hadoop.hdfs.protocol.Block'.
2024-11-12 13:42:09,758 INFO  MethodCallReplacementClassAdapter - Adding mock interface to class org/apache/hadoop/hdfs/protocol/Block
2024-11-12 13:42:09,760 INFO  CreateClassResetClassAdapter - Found static initializer in class org/apache/hadoop/hdfs/protocol/Block
2024-11-12 13:42:09,760 INFO  EvoClassLoader - Keeping class: org.apache.hadoop.hdfs.protocol.Block
2024-11-12 13:42:09,760 INFO  EvoClassLoader - Seeing class for first time: org.apache.hadoop.io.WritableFactories
2024-11-12 13:42:09,760 INFO  EvoClassLoader - Instrumenting class 'org.apache.hadoop.io.WritableFactories'.
2024-11-12 13:42:09,760 INFO  MethodCallReplacementClassAdapter - Adding mock interface to class org/apache/hadoop/io/WritableFactories
2024-11-12 13:42:09,761 INFO  CreateClassResetClassAdapter - Found static initializer in class org/apache/hadoop/io/WritableFactories
2024-11-12 13:42:09,761 INFO  EvoClassLoader - Keeping class: org.apache.hadoop.io.WritableFactories
2024-11-12 13:42:09,761 INFO  EvoClassLoader - Seeing class for first time: io.netty.util.ResourceLeakDetector$Level
2024-11-12 13:42:09,761 INFO  EvoClassLoader - Instrumenting class 'io.netty.util.ResourceLeakDetector$Level'.
2024-11-12 13:42:09,761 INFO  MethodCallReplacementClassAdapter - Adding mock interface to class io/netty/util/ResourceLeakDetector$Level
2024-11-12 13:42:09,762 INFO  CreateClassResetClassAdapter - Found static initializer in class io/netty/util/ResourceLeakDetector$Level
2024-11-12 13:42:09,762 INFO  EvoClassLoader - Defined package (3): package io.netty.util, 1023385430
2024-11-12 13:42:09,762 INFO  EvoClassLoader - Keeping class: io.netty.util.ResourceLeakDetector$Level
2024-11-12 13:42:09,762 INFO  EvoClassLoader - Seeing class for first time: io.netty.util.ResourceLeakDetector
2024-11-12 13:42:09,762 INFO  EvoClassLoader - Instrumenting class 'io.netty.util.ResourceLeakDetector'.
2024-11-12 13:42:09,762 INFO  MethodCallReplacementClassAdapter - Adding mock interface to class io/netty/util/ResourceLeakDetector
2024-11-12 13:42:09,763 INFO  CreateClassResetClassAdapter - Found static initializer in class io/netty/util/ResourceLeakDetector
2024-11-12 13:42:09,764 INFO  EvoClassLoader - Keeping class: io.netty.util.ResourceLeakDetector
2024-11-12 13:42:09,764 INFO  EvoClassLoader - Seeing class for first time: io.netty.util.ResourceLeakDetector$TraceRecord
2024-11-12 13:42:09,764 INFO  EvoClassLoader - Instrumenting class 'io.netty.util.ResourceLeakDetector$TraceRecord'.
2024-11-12 13:42:09,764 INFO  MethodCallReplacementClassAdapter - Adding mock interface to class io/netty/util/ResourceLeakDetector$TraceRecord
2024-11-12 13:42:09,765 INFO  CreateClassResetClassAdapter - Found static initializer in class io/netty/util/ResourceLeakDetector$TraceRecord
2024-11-12 13:42:09,765 INFO  EvoClassLoader - Keeping class: io.netty.util.ResourceLeakDetector$TraceRecord
2024-11-12 13:42:09,765 INFO  EvoClassLoader - Seeing class for first time: io.netty.util.ResourceLeakDetector$DefaultResourceLeak
2024-11-12 13:42:09,765 INFO  EvoClassLoader - Instrumenting class 'io.netty.util.ResourceLeakDetector$DefaultResourceLeak'.
2024-11-12 13:42:09,766 INFO  MethodCallReplacementClassAdapter - Adding mock interface to class io/netty/util/ResourceLeakDetector$DefaultResourceLeak
2024-11-12 13:42:09,766 INFO  CreateClassResetClassAdapter - Found static initializer in class io/netty/util/ResourceLeakDetector$DefaultResourceLeak
2024-11-12 13:42:09,766 INFO  EvoClassLoader - Seeing class for first time: io.netty.util.ResourceLeakTracker
2024-11-12 13:42:09,766 INFO  EvoClassLoader - Instrumenting class 'io.netty.util.ResourceLeakTracker'.
2024-11-12 13:42:09,766 INFO  EvoClassLoader - Keeping class: io.netty.util.ResourceLeakTracker
2024-11-12 13:42:09,766 INFO  EvoClassLoader - Seeing class for first time: io.netty.util.ResourceLeak
2024-11-12 13:42:09,766 INFO  EvoClassLoader - Instrumenting class 'io.netty.util.ResourceLeak'.
2024-11-12 13:42:09,767 INFO  EvoClassLoader - Keeping class: io.netty.util.ResourceLeak
2024-11-12 13:42:09,767 INFO  EvoClassLoader - Keeping class: io.netty.util.ResourceLeakDetector$DefaultResourceLeak
2024-11-12 13:42:09,767 INFO  EvoClassLoader - Seeing class for first time: io.netty.util.internal.logging.InternalLoggerFactory
2024-11-12 13:42:09,767 INFO  EvoClassLoader - Instrumenting class 'io.netty.util.internal.logging.InternalLoggerFactory'.
2024-11-12 13:42:09,767 INFO  MethodCallReplacementClassAdapter - Adding mock interface to class io/netty/util/internal/logging/InternalLoggerFactory
2024-11-12 13:42:09,767 INFO  CreateClassResetClassAdapter - Creating brand-new static initializer in class io/netty/util/internal/logging/InternalLoggerFactory
2024-11-12 13:42:09,767 INFO  CreateClassResetClassAdapter - Adding bytecode for initializing field defaultFactory
2024-11-12 13:42:09,767 INFO  EvoClassLoader - Defined package (3): package io.netty.util.internal.logging, 2048307398
2024-11-12 13:42:09,768 INFO  EvoClassLoader - Keeping class: io.netty.util.internal.logging.InternalLoggerFactory
2024-11-12 13:42:09,768 INFO  EvoClassLoader - Seeing class for first time: io.netty.util.internal.logging.InternalLogger
2024-11-12 13:42:09,768 INFO  EvoClassLoader - Instrumenting class 'io.netty.util.internal.logging.InternalLogger'.
2024-11-12 13:42:09,768 INFO  EvoClassLoader - Keeping class: io.netty.util.internal.logging.InternalLogger
2024-11-12 13:42:09,768 INFO  EvoClassLoader - Seeing class for first time: io.netty.util.internal.logging.Slf4JLoggerFactory
2024-11-12 13:42:09,768 INFO  EvoClassLoader - Instrumenting class 'io.netty.util.internal.logging.Slf4JLoggerFactory'.
2024-11-12 13:42:09,769 INFO  MethodCallReplacementClassAdapter - Adding mock interface to class io/netty/util/internal/logging/Slf4JLoggerFactory
2024-11-12 13:42:09,769 INFO  CreateClassResetClassAdapter - Found static initializer in class io/netty/util/internal/logging/Slf4JLoggerFactory
2024-11-12 13:42:09,770 INFO  EvoClassLoader - Keeping class: io.netty.util.internal.logging.Slf4JLoggerFactory
2024-11-12 13:42:09,770 INFO  EvoClassLoader - Seeing class for first time: io.netty.util.internal.logging.AbstractInternalLogger
2024-11-12 13:42:09,770 INFO  EvoClassLoader - Instrumenting class 'io.netty.util.internal.logging.AbstractInternalLogger'.
2024-11-12 13:42:09,770 INFO  MethodCallReplacementClassAdapter - Adding mock interface to class io/netty/util/internal/logging/AbstractInternalLogger
2024-11-12 13:42:09,770 INFO  CreateClassResetClassAdapter - Creating brand-new static initializer in class io/netty/util/internal/logging/AbstractInternalLogger
2024-11-12 13:42:09,770 INFO  CreateClassResetClassAdapter - Adding bytecode for initializing field EXCEPTION_MESSAGE
2024-11-12 13:42:09,770 INFO  EvoClassLoader - Keeping class: io.netty.util.internal.logging.AbstractInternalLogger
2024-11-12 13:42:09,770 INFO  EvoClassLoader - Seeing class for first time: io.netty.util.internal.logging.LocationAwareSlf4JLogger
2024-11-12 13:42:09,770 INFO  EvoClassLoader - Instrumenting class 'io.netty.util.internal.logging.LocationAwareSlf4JLogger'.
2024-11-12 13:42:09,771 INFO  MethodCallReplacementClassAdapter - Adding mock interface to class io/netty/util/internal/logging/LocationAwareSlf4JLogger
2024-11-12 13:42:09,771 INFO  CreateClassResetClassAdapter - Found static initializer in class io/netty/util/internal/logging/LocationAwareSlf4JLogger
2024-11-12 13:42:09,771 INFO  EvoClassLoader - Keeping class: io.netty.util.internal.logging.LocationAwareSlf4JLogger
2024-11-12 13:42:09,771 INFO  EvoClassLoader - Seeing class for first time: io.netty.util.internal.logging.Slf4JLogger
2024-11-12 13:42:09,771 INFO  EvoClassLoader - Instrumenting class 'io.netty.util.internal.logging.Slf4JLogger'.
2024-11-12 13:42:09,771 INFO  MethodCallReplacementClassAdapter - Adding mock interface to class io/netty/util/internal/logging/Slf4JLogger
2024-11-12 13:42:09,771 INFO  CreateClassResetClassAdapter - Creating brand-new static initializer in class io/netty/util/internal/logging/Slf4JLogger
2024-11-12 13:42:09,771 INFO  EvoClassLoader - Keeping class: io.netty.util.internal.logging.Slf4JLogger
2024-11-12 13:42:09,772 INFO  EvoClassLoader - Seeing class for first time: io.netty.util.internal.logging.Slf4JLoggerFactory$NopInstanceHolder
2024-11-12 13:42:09,772 INFO  EvoClassLoader - Instrumenting class 'io.netty.util.internal.logging.Slf4JLoggerFactory$NopInstanceHolder'.
2024-11-12 13:42:09,772 INFO  MethodCallReplacementClassAdapter - Adding mock interface to class io/netty/util/internal/logging/Slf4JLoggerFactory$NopInstanceHolder
2024-11-12 13:42:09,772 INFO  CreateClassResetClassAdapter - Found static initializer in class io/netty/util/internal/logging/Slf4JLoggerFactory$NopInstanceHolder
2024-11-12 13:42:09,772 INFO  EvoClassLoader - Keeping class: io.netty.util.internal.logging.Slf4JLoggerFactory$NopInstanceHolder
2024-11-12 13:42:09,773 INFO  EvoClassLoader - Seeing class for first time: io.netty.util.internal.logging.InternalLogLevel
2024-11-12 13:42:09,773 INFO  EvoClassLoader - Instrumenting class 'io.netty.util.internal.logging.InternalLogLevel'.
2024-11-12 13:42:09,773 INFO  MethodCallReplacementClassAdapter - Adding mock interface to class io/netty/util/internal/logging/InternalLogLevel
2024-11-12 13:42:09,773 INFO  CreateClassResetClassAdapter - Found static initializer in class io/netty/util/internal/logging/InternalLogLevel
2024-11-12 13:42:09,773 INFO  EvoClassLoader - Keeping class: io.netty.util.internal.logging.InternalLogLevel
2024-11-12 13:42:09,774 INFO  EvoClassLoader - Seeing class for first time: io.netty.util.internal.ObjectUtil
2024-11-12 13:42:09,774 INFO  EvoClassLoader - Instrumenting class 'io.netty.util.internal.ObjectUtil'.
2024-11-12 13:42:09,774 INFO  MethodCallReplacementClassAdapter - Adding mock interface to class io/netty/util/internal/ObjectUtil
2024-11-12 13:42:09,775 INFO  CreateClassResetClassAdapter - Creating brand-new static initializer in class io/netty/util/internal/ObjectUtil
2024-11-12 13:42:09,775 INFO  CreateClassResetClassAdapter - Adding bytecode for initializing field FLOAT_ZERO
2024-11-12 13:42:09,775 INFO  CreateClassResetClassAdapter - Adding bytecode for initializing field DOUBLE_ZERO
2024-11-12 13:42:09,775 INFO  CreateClassResetClassAdapter - Adding bytecode for initializing field LONG_ZERO
2024-11-12 13:42:09,775 INFO  CreateClassResetClassAdapter - Adding bytecode for initializing field INT_ZERO
2024-11-12 13:42:09,775 INFO  EvoClassLoader - Defined package (3): package io.netty.util.internal, 1713044053
2024-11-12 13:42:09,776 INFO  EvoClassLoader - Keeping class: io.netty.util.internal.ObjectUtil
2024-11-12 13:42:09,776 INFO  EvoClassLoader - Seeing class for first time: io.netty.util.internal.SystemPropertyUtil
2024-11-12 13:42:09,776 INFO  EvoClassLoader - Instrumenting class 'io.netty.util.internal.SystemPropertyUtil'.
2024-11-12 13:42:09,776 INFO  MethodCallReplacementClassAdapter - Adding mock interface to class io/netty/util/internal/SystemPropertyUtil
2024-11-12 13:42:09,776 INFO  CreateClassResetClassAdapter - Found static initializer in class io/netty/util/internal/SystemPropertyUtil
2024-11-12 13:42:09,777 INFO  EvoClassLoader - Keeping class: io.netty.util.internal.SystemPropertyUtil
2024-11-12 13:42:09,777 INFO  EvoClassLoader - Seeing class for first time: io.netty.util.internal.SystemPropertyUtil$1
2024-11-12 13:42:09,777 INFO  EvoClassLoader - Instrumenting class 'io.netty.util.internal.SystemPropertyUtil$1'.
2024-11-12 13:42:09,777 INFO  MethodCallReplacementClassAdapter - Adding mock interface to class io/netty/util/internal/SystemPropertyUtil$1
2024-11-12 13:42:09,777 INFO  EvoClassLoader - Keeping class: io.netty.util.internal.SystemPropertyUtil$1
2024-11-12 13:42:09,777 INFO  EvoClassLoader - Seeing class for first time: io.netty.util.internal.EmptyArrays
2024-11-12 13:42:09,777 INFO  EvoClassLoader - Instrumenting class 'io.netty.util.internal.EmptyArrays'.
2024-11-12 13:42:09,777 INFO  MethodCallReplacementClassAdapter - Adding mock interface to class io/netty/util/internal/EmptyArrays
2024-11-12 13:42:09,777 INFO  CreateClassResetClassAdapter - Found static initializer in class io/netty/util/internal/EmptyArrays
2024-11-12 13:42:09,777 INFO  EvoClassLoader - Keeping class: io.netty.util.internal.EmptyArrays
2024-11-12 13:42:09,778 INFO  EvoClassLoader - Seeing class for first time: io.netty.util.AsciiString
2024-11-12 13:42:09,778 INFO  EvoClassLoader - Instrumenting class 'io.netty.util.AsciiString'.
2024-11-12 13:42:09,778 INFO  MethodCallReplacementClassAdapter - Adding mock interface to class io/netty/util/AsciiString
2024-11-12 13:42:09,780 INFO  CreateClassResetClassAdapter - Found static initializer in class io/netty/util/AsciiString
2024-11-12 13:42:09,781 INFO  EvoClassLoader - Keeping class: io.netty.util.AsciiString
2024-11-12 13:42:09,782 INFO  EvoClassLoader - Seeing class for first time: io.netty.buffer.AbstractByteBufAllocator
2024-11-12 13:42:09,782 INFO  EvoClassLoader - Instrumenting class 'io.netty.buffer.AbstractByteBufAllocator'.
2024-11-12 13:42:09,783 INFO  MethodCallReplacementClassAdapter - Adding mock interface to class io/netty/buffer/AbstractByteBufAllocator
2024-11-12 13:42:09,790 INFO  CreateClassResetClassAdapter - Found static initializer in class io/netty/buffer/AbstractByteBufAllocator
2024-11-12 13:42:09,791 INFO  EvoClassLoader - Defined package (3): package io.netty.buffer, -617234796
2024-11-12 13:42:09,791 INFO  EvoClassLoader - Seeing class for first time: io.netty.buffer.ByteBufAllocator
2024-11-12 13:42:09,791 INFO  EvoClassLoader - Instrumenting class 'io.netty.buffer.ByteBufAllocator'.
2024-11-12 13:42:09,791 INFO  EvoClassLoader - Keeping class: io.netty.buffer.ByteBufAllocator
2024-11-12 13:42:09,791 INFO  EvoClassLoader - Keeping class: io.netty.buffer.AbstractByteBufAllocator
2024-11-12 13:42:09,791 INFO  EvoClassLoader - Seeing class for first time: io.netty.buffer.ByteBuf
2024-11-12 13:42:09,791 INFO  EvoClassLoader - Instrumenting class 'io.netty.buffer.ByteBuf'.
2024-11-12 13:42:09,792 INFO  MethodCallReplacementClassAdapter - Adding mock interface to class io/netty/buffer/ByteBuf
2024-11-12 13:42:09,792 INFO  CreateClassResetClassAdapter - Creating brand-new static initializer in class io/netty/buffer/ByteBuf
2024-11-12 13:42:09,792 INFO  EvoClassLoader - Seeing class for first time: io.netty.util.ReferenceCounted
2024-11-12 13:42:09,792 INFO  EvoClassLoader - Instrumenting class 'io.netty.util.ReferenceCounted'.
2024-11-12 13:42:09,792 INFO  EvoClassLoader - Keeping class: io.netty.util.ReferenceCounted
2024-11-12 13:42:09,792 INFO  EvoClassLoader - Seeing class for first time: io.netty.buffer.ByteBufConvertible
2024-11-12 13:42:09,792 INFO  EvoClassLoader - Instrumenting class 'io.netty.buffer.ByteBufConvertible'.
2024-11-12 13:42:09,792 INFO  EvoClassLoader - Keeping class: io.netty.buffer.ByteBufConvertible
2024-11-12 13:42:09,793 INFO  EvoClassLoader - Keeping class: io.netty.buffer.ByteBuf
2024-11-12 13:42:09,793 INFO  EvoClassLoader - Seeing class for first time: io.netty.buffer.SimpleLeakAwareByteBuf
2024-11-12 13:42:09,793 INFO  EvoClassLoader - Instrumenting class 'io.netty.buffer.SimpleLeakAwareByteBuf'.
2024-11-12 13:42:09,793 INFO  MethodCallReplacementClassAdapter - Adding mock interface to class io/netty/buffer/SimpleLeakAwareByteBuf
2024-11-12 13:42:09,793 INFO  CreateClassResetClassAdapter - Found static initializer in class io/netty/buffer/SimpleLeakAwareByteBuf
2024-11-12 13:42:09,793 INFO  EvoClassLoader - Seeing class for first time: io.netty.buffer.WrappedByteBuf
2024-11-12 13:42:09,793 INFO  EvoClassLoader - Instrumenting class 'io.netty.buffer.WrappedByteBuf'.
2024-11-12 13:42:09,793 INFO  MethodCallReplacementClassAdapter - Adding mock interface to class io/netty/buffer/WrappedByteBuf
2024-11-12 13:42:09,794 INFO  CreateClassResetClassAdapter - Creating brand-new static initializer in class io/netty/buffer/WrappedByteBuf
2024-11-12 13:42:09,794 INFO  EvoClassLoader - Keeping class: io.netty.buffer.WrappedByteBuf
2024-11-12 13:42:09,794 INFO  EvoClassLoader - Keeping class: io.netty.buffer.SimpleLeakAwareByteBuf
2024-11-12 13:42:09,794 INFO  EvoClassLoader - Seeing class for first time: io.netty.buffer.AdvancedLeakAwareByteBuf
2024-11-12 13:42:09,794 INFO  EvoClassLoader - Instrumenting class 'io.netty.buffer.AdvancedLeakAwareByteBuf'.
2024-11-12 13:42:09,795 INFO  MethodCallReplacementClassAdapter - Adding mock interface to class io/netty/buffer/AdvancedLeakAwareByteBuf
2024-11-12 13:42:09,795 INFO  CreateClassResetClassAdapter - Found static initializer in class io/netty/buffer/AdvancedLeakAwareByteBuf
2024-11-12 13:42:09,796 INFO  EvoClassLoader - Keeping class: io.netty.buffer.AdvancedLeakAwareByteBuf
2024-11-12 13:42:09,796 INFO  EvoClassLoader - Seeing class for first time: io.netty.buffer.CompositeByteBuf
2024-11-12 13:42:09,796 INFO  EvoClassLoader - Instrumenting class 'io.netty.buffer.CompositeByteBuf'.
2024-11-12 13:42:09,796 INFO  MethodCallReplacementClassAdapter - Adding mock interface to class io/netty/buffer/CompositeByteBuf
2024-11-12 13:42:09,799 INFO  CreateClassResetClassAdapter - Found static initializer in class io/netty/buffer/CompositeByteBuf
2024-11-12 13:42:09,800 INFO  EvoClassLoader - Seeing class for first time: io.netty.buffer.AbstractReferenceCountedByteBuf
2024-11-12 13:42:09,800 INFO  EvoClassLoader - Instrumenting class 'io.netty.buffer.AbstractReferenceCountedByteBuf'.
2024-11-12 13:42:09,801 INFO  MethodCallReplacementClassAdapter - Adding mock interface to class io/netty/buffer/AbstractReferenceCountedByteBuf
2024-11-12 13:42:09,801 INFO  CreateClassResetClassAdapter - Found static initializer in class io/netty/buffer/AbstractReferenceCountedByteBuf
2024-11-12 13:42:09,801 INFO  EvoClassLoader - Seeing class for first time: io.netty.buffer.AbstractByteBuf
2024-11-12 13:42:09,801 INFO  EvoClassLoader - Instrumenting class 'io.netty.buffer.AbstractByteBuf'.
2024-11-12 13:42:09,801 INFO  MethodCallReplacementClassAdapter - Adding mock interface to class io/netty/buffer/AbstractByteBuf
2024-11-12 13:42:09,802 INFO  CreateClassResetClassAdapter - Found static initializer in class io/netty/buffer/AbstractByteBuf
2024-11-12 13:42:09,803 INFO  EvoClassLoader - Keeping class: io.netty.buffer.AbstractByteBuf
2024-11-12 13:42:09,803 INFO  EvoClassLoader - Keeping class: io.netty.buffer.AbstractReferenceCountedByteBuf
2024-11-12 13:42:09,803 INFO  EvoClassLoader - Keeping class: io.netty.buffer.CompositeByteBuf
2024-11-12 13:42:09,803 INFO  EvoClassLoader - Seeing class for first time: io.netty.buffer.SimpleLeakAwareCompositeByteBuf
2024-11-12 13:42:09,803 INFO  EvoClassLoader - Instrumenting class 'io.netty.buffer.SimpleLeakAwareCompositeByteBuf'.
2024-11-12 13:42:09,804 INFO  MethodCallReplacementClassAdapter - Adding mock interface to class io/netty/buffer/SimpleLeakAwareCompositeByteBuf
2024-11-12 13:42:09,804 INFO  CreateClassResetClassAdapter - Found static initializer in class io/netty/buffer/SimpleLeakAwareCompositeByteBuf
2024-11-12 13:42:09,804 INFO  EvoClassLoader - Seeing class for first time: io.netty.buffer.WrappedCompositeByteBuf
2024-11-12 13:42:09,804 INFO  EvoClassLoader - Instrumenting class 'io.netty.buffer.WrappedCompositeByteBuf'.
2024-11-12 13:42:09,804 INFO  MethodCallReplacementClassAdapter - Adding mock interface to class io/netty/buffer/WrappedCompositeByteBuf
2024-11-12 13:42:09,805 INFO  CreateClassResetClassAdapter - Creating brand-new static initializer in class io/netty/buffer/WrappedCompositeByteBuf
2024-11-12 13:42:09,805 INFO  EvoClassLoader - Keeping class: io.netty.buffer.WrappedCompositeByteBuf
2024-11-12 13:42:09,805 INFO  EvoClassLoader - Keeping class: io.netty.buffer.SimpleLeakAwareCompositeByteBuf
2024-11-12 13:42:09,805 INFO  EvoClassLoader - Seeing class for first time: io.netty.buffer.AdvancedLeakAwareCompositeByteBuf
2024-11-12 13:42:09,805 INFO  EvoClassLoader - Instrumenting class 'io.netty.buffer.AdvancedLeakAwareCompositeByteBuf'.
2024-11-12 13:42:09,806 INFO  MethodCallReplacementClassAdapter - Adding mock interface to class io/netty/buffer/AdvancedLeakAwareCompositeByteBuf
2024-11-12 13:42:09,806 INFO  CreateClassResetClassAdapter - Creating brand-new static initializer in class io/netty/buffer/AdvancedLeakAwareCompositeByteBuf
2024-11-12 13:42:09,806 INFO  EvoClassLoader - Keeping class: io.netty.buffer.AdvancedLeakAwareCompositeByteBuf
2024-11-12 13:42:09,807 INFO  EvoClassLoader - Seeing class for first time: io.netty.buffer.EmptyByteBuf
2024-11-12 13:42:09,807 INFO  EvoClassLoader - Instrumenting class 'io.netty.buffer.EmptyByteBuf'.
2024-11-12 13:42:09,807 INFO  MethodCallReplacementClassAdapter - Adding mock interface to class io/netty/buffer/EmptyByteBuf
2024-11-12 13:42:09,808 INFO  CreateClassResetClassAdapter - Found static initializer in class io/netty/buffer/EmptyByteBuf
2024-11-12 13:42:09,808 INFO  EvoClassLoader - Keeping class: io.netty.buffer.EmptyByteBuf
2024-11-12 13:42:09,809 INFO  EvoClassLoader - Seeing class for first time: io.netty.util.NettyRuntime$AvailableProcessorsHolder
2024-11-12 13:42:09,809 INFO  EvoClassLoader - Instrumenting class 'io.netty.util.NettyRuntime$AvailableProcessorsHolder'.
2024-11-12 13:42:09,809 INFO  MethodCallReplacementClassAdapter - Adding mock interface to class io/netty/util/NettyRuntime$AvailableProcessorsHolder
2024-11-12 13:42:09,809 INFO  CreateClassResetClassAdapter - Creating brand-new static initializer in class io/netty/util/NettyRuntime$AvailableProcessorsHolder
2024-11-12 13:42:09,810 INFO  EvoClassLoader - Keeping class: io.netty.util.NettyRuntime$AvailableProcessorsHolder
2024-11-12 13:42:09,810 INFO  EvoClassLoader - Seeing class for first time: io.netty.util.NettyRuntime
2024-11-12 13:42:09,810 INFO  EvoClassLoader - Instrumenting class 'io.netty.util.NettyRuntime'.
2024-11-12 13:42:09,810 INFO  MethodCallReplacementClassAdapter - Adding mock interface to class io/netty/util/NettyRuntime
2024-11-12 13:42:09,810 INFO  CreateClassResetClassAdapter - Found static initializer in class io/netty/util/NettyRuntime
2024-11-12 13:42:09,810 INFO  EvoClassLoader - Keeping class: io.netty.util.NettyRuntime
2024-11-12 13:42:09,810 INFO  EvoClassLoader - Seeing class for first time: io.netty.util.internal.PlatformDependent0$1
2024-11-12 13:42:09,810 INFO  EvoClassLoader - Instrumenting class 'io.netty.util.internal.PlatformDependent0$1'.
2024-11-12 13:42:09,810 INFO  MethodCallReplacementClassAdapter - Adding mock interface to class io/netty/util/internal/PlatformDependent0$1
2024-11-12 13:42:09,810 INFO  EvoClassLoader - Keeping class: io.netty.util.internal.PlatformDependent0$1
2024-11-12 13:42:09,810 INFO  EvoClassLoader - Seeing class for first time: io.netty.util.internal.PlatformDependent0
2024-11-12 13:42:09,810 INFO  EvoClassLoader - Instrumenting class 'io.netty.util.internal.PlatformDependent0'.
2024-11-12 13:42:09,811 INFO  MethodCallReplacementClassAdapter - Adding mock interface to class io/netty/util/internal/PlatformDependent0
2024-11-12 13:42:09,811 INFO  CreateClassResetClassAdapter - Found static initializer in class io/netty/util/internal/PlatformDependent0
2024-11-12 13:42:09,813 INFO  EvoClassLoader - Keeping class: io.netty.util.internal.PlatformDependent0
2024-11-12 13:42:09,813 INFO  EvoClassLoader - Seeing class for first time: io.netty.util.internal.ReflectionUtil
2024-11-12 13:42:09,813 INFO  EvoClassLoader - Instrumenting class 'io.netty.util.internal.ReflectionUtil'.
2024-11-12 13:42:09,813 INFO  MethodCallReplacementClassAdapter - Adding mock interface to class io/netty/util/internal/ReflectionUtil
2024-11-12 13:42:09,813 INFO  CreateClassResetClassAdapter - Creating brand-new static initializer in class io/netty/util/internal/ReflectionUtil
2024-11-12 13:42:09,813 INFO  EvoClassLoader - Keeping class: io.netty.util.internal.ReflectionUtil
2024-11-12 13:42:09,813 INFO  EvoClassLoader - Seeing class for first time: io.netty.util.internal.PlatformDependent0$2
2024-11-12 13:42:09,813 INFO  EvoClassLoader - Instrumenting class 'io.netty.util.internal.PlatformDependent0$2'.
2024-11-12 13:42:09,813 INFO  MethodCallReplacementClassAdapter - Adding mock interface to class io/netty/util/internal/PlatformDependent0$2
2024-11-12 13:42:09,814 INFO  EvoClassLoader - Keeping class: io.netty.util.internal.PlatformDependent0$2
2024-11-12 13:42:09,814 INFO  EvoClassLoader - Seeing class for first time: io.netty.util.internal.PlatformDependent0$3
2024-11-12 13:42:09,814 INFO  EvoClassLoader - Instrumenting class 'io.netty.util.internal.PlatformDependent0$3'.
2024-11-12 13:42:09,814 INFO  MethodCallReplacementClassAdapter - Adding mock interface to class io/netty/util/internal/PlatformDependent0$3
2024-11-12 13:42:09,814 INFO  EvoClassLoader - Keeping class: io.netty.util.internal.PlatformDependent0$3
2024-11-12 13:42:09,814 INFO  EvoClassLoader - Seeing class for first time: io.netty.util.internal.PlatformDependent0$4
2024-11-12 13:42:09,814 INFO  EvoClassLoader - Instrumenting class 'io.netty.util.internal.PlatformDependent0$4'.
2024-11-12 13:42:09,814 INFO  MethodCallReplacementClassAdapter - Adding mock interface to class io/netty/util/internal/PlatformDependent0$4
2024-11-12 13:42:09,814 INFO  EvoClassLoader - Keeping class: io.netty.util.internal.PlatformDependent0$4
2024-11-12 13:42:09,814 INFO  EvoClassLoader - Seeing class for first time: io.netty.util.internal.PlatformDependent0$5
2024-11-12 13:42:09,814 INFO  EvoClassLoader - Instrumenting class 'io.netty.util.internal.PlatformDependent0$5'.
2024-11-12 13:42:09,814 INFO  MethodCallReplacementClassAdapter - Adding mock interface to class io/netty/util/internal/PlatformDependent0$5
2024-11-12 13:42:09,815 INFO  EvoClassLoader - Keeping class: io.netty.util.internal.PlatformDependent0$5
2024-11-12 13:42:09,815 INFO  EvoClassLoader - Seeing class for first time: io.netty.util.internal.PlatformDependent0$6
2024-11-12 13:42:09,815 INFO  EvoClassLoader - Instrumenting class 'io.netty.util.internal.PlatformDependent0$6'.
2024-11-12 13:42:09,815 INFO  MethodCallReplacementClassAdapter - Adding mock interface to class io/netty/util/internal/PlatformDependent0$6
2024-11-12 13:42:09,815 INFO  EvoClassLoader - Keeping class: io.netty.util.internal.PlatformDependent0$6
2024-11-12 13:42:09,815 INFO  EvoClassLoader - Seeing class for first time: io.netty.util.internal.PlatformDependent0$12
2024-11-12 13:42:09,815 INFO  EvoClassLoader - Instrumenting class 'io.netty.util.internal.PlatformDependent0$12'.
2024-11-12 13:42:09,815 INFO  MethodCallReplacementClassAdapter - Adding mock interface to class io/netty/util/internal/PlatformDependent0$12
2024-11-12 13:42:09,815 INFO  EvoClassLoader - Keeping class: io.netty.util.internal.PlatformDependent0$12
2024-11-12 13:42:09,817 INFO  EvoClassLoader - Seeing class for first time: io.netty.util.internal.PlatformDependent$1
2024-11-12 13:42:09,817 INFO  EvoClassLoader - Instrumenting class 'io.netty.util.internal.PlatformDependent$1'.
2024-11-12 13:42:09,817 INFO  MethodCallReplacementClassAdapter - Adding mock interface to class io/netty/util/internal/PlatformDependent$1
2024-11-12 13:42:09,817 INFO  EvoClassLoader - Seeing class for first time: io.netty.util.internal.Cleaner
2024-11-12 13:42:09,817 INFO  EvoClassLoader - Instrumenting class 'io.netty.util.internal.Cleaner'.
2024-11-12 13:42:09,817 INFO  EvoClassLoader - Keeping class: io.netty.util.internal.Cleaner
2024-11-12 13:42:09,817 INFO  EvoClassLoader - Keeping class: io.netty.util.internal.PlatformDependent$1
2024-11-12 13:42:09,817 INFO  EvoClassLoader - Seeing class for first time: io.netty.util.internal.PlatformDependent
2024-11-12 13:42:09,817 INFO  EvoClassLoader - Instrumenting class 'io.netty.util.internal.PlatformDependent'.
2024-11-12 13:42:09,818 INFO  MethodCallReplacementClassAdapter - Adding mock interface to class io/netty/util/internal/PlatformDependent
2024-11-12 13:42:09,828 INFO  CreateClassResetClassAdapter - Found static initializer in class io/netty/util/internal/PlatformDependent
2024-11-12 13:42:09,831 INFO  EvoClassLoader - Keeping class: io.netty.util.internal.PlatformDependent
2024-11-12 13:42:09,831 INFO  EvoClassLoader - Seeing class for first time: io.netty.util.internal.PlatformDependent$2
2024-11-12 13:42:09,831 INFO  EvoClassLoader - Instrumenting class 'io.netty.util.internal.PlatformDependent$2'.
2024-11-12 13:42:09,831 INFO  MethodCallReplacementClassAdapter - Adding mock interface to class io/netty/util/internal/PlatformDependent$2
2024-11-12 13:42:09,831 INFO  EvoClassLoader - Seeing class for first time: io.netty.util.internal.PlatformDependent$ThreadLocalRandomProvider
2024-11-12 13:42:09,831 INFO  EvoClassLoader - Instrumenting class 'io.netty.util.internal.PlatformDependent$ThreadLocalRandomProvider'.
2024-11-12 13:42:09,831 INFO  EvoClassLoader - Keeping class: io.netty.util.internal.PlatformDependent$ThreadLocalRandomProvider
2024-11-12 13:42:09,831 INFO  EvoClassLoader - Keeping class: io.netty.util.internal.PlatformDependent$2
2024-11-12 13:42:09,831 INFO  EvoClassLoader - Seeing class for first time: io.netty.util.internal.CleanerJava6$1
2024-11-12 13:42:09,831 INFO  EvoClassLoader - Instrumenting class 'io.netty.util.internal.CleanerJava6$1'.
2024-11-12 13:42:09,832 INFO  MethodCallReplacementClassAdapter - Adding mock interface to class io/netty/util/internal/CleanerJava6$1
2024-11-12 13:42:09,832 INFO  EvoClassLoader - Keeping class: io.netty.util.internal.CleanerJava6$1
2024-11-12 13:42:09,832 INFO  EvoClassLoader - Seeing class for first time: io.netty.util.internal.CleanerJava6
2024-11-12 13:42:09,832 INFO  EvoClassLoader - Instrumenting class 'io.netty.util.internal.CleanerJava6'.
2024-11-12 13:42:09,832 INFO  MethodCallReplacementClassAdapter - Adding mock interface to class io/netty/util/internal/CleanerJava6
2024-11-12 13:42:09,832 INFO  CreateClassResetClassAdapter - Found static initializer in class io/netty/util/internal/CleanerJava6
2024-11-12 13:42:09,832 INFO  EvoClassLoader - Keeping class: io.netty.util.internal.CleanerJava6
2024-11-12 13:42:09,833 INFO  EvoClassLoader - Seeing class for first time: io.netty.util.internal.shaded.org.jctools.queues.SpscLinkedQueue
2024-11-12 13:42:09,833 INFO  EvoClassLoader - Instrumenting class 'io.netty.util.internal.shaded.org.jctools.queues.SpscLinkedQueue'.
2024-11-12 13:42:09,833 INFO  MethodCallReplacementClassAdapter - Adding mock interface to class io/netty/util/internal/shaded/org/jctools/queues/SpscLinkedQueue
2024-11-12 13:42:09,834 INFO  CreateClassResetClassAdapter - Creating brand-new static initializer in class io/netty/util/internal/shaded/org/jctools/queues/SpscLinkedQueue
2024-11-12 13:42:09,834 INFO  EvoClassLoader - Defined package (3): package io.netty.util.internal.shaded.org.jctools.queues, 1012279830
2024-11-12 13:42:09,834 INFO  EvoClassLoader - Seeing class for first time: io.netty.util.internal.shaded.org.jctools.queues.BaseLinkedQueue
2024-11-12 13:42:09,834 INFO  EvoClassLoader - Instrumenting class 'io.netty.util.internal.shaded.org.jctools.queues.BaseLinkedQueue'.
2024-11-12 13:42:09,834 INFO  MethodCallReplacementClassAdapter - Adding mock interface to class io/netty/util/internal/shaded/org/jctools/queues/BaseLinkedQueue
2024-11-12 13:42:09,835 INFO  CreateClassResetClassAdapter - Creating brand-new static initializer in class io/netty/util/internal/shaded/org/jctools/queues/BaseLinkedQueue
2024-11-12 13:42:09,835 INFO  EvoClassLoader - Seeing class for first time: io.netty.util.internal.shaded.org.jctools.queues.BaseLinkedQueuePad2
2024-11-12 13:42:09,835 INFO  EvoClassLoader - Instrumenting class 'io.netty.util.internal.shaded.org.jctools.queues.BaseLinkedQueuePad2'.
2024-11-12 13:42:09,835 INFO  MethodCallReplacementClassAdapter - Adding mock interface to class io/netty/util/internal/shaded/org/jctools/queues/BaseLinkedQueuePad2
2024-11-12 13:42:09,835 INFO  CreateClassResetClassAdapter - Creating brand-new static initializer in class io/netty/util/internal/shaded/org/jctools/queues/BaseLinkedQueuePad2
2024-11-12 13:42:09,835 INFO  EvoClassLoader - Seeing class for first time: io.netty.util.internal.shaded.org.jctools.queues.BaseLinkedQueueConsumerNodeRef
2024-11-12 13:42:09,835 INFO  EvoClassLoader - Instrumenting class 'io.netty.util.internal.shaded.org.jctools.queues.BaseLinkedQueueConsumerNodeRef'.
2024-11-12 13:42:09,835 INFO  MethodCallReplacementClassAdapter - Adding mock interface to class io/netty/util/internal/shaded/org/jctools/queues/BaseLinkedQueueConsumerNodeRef
2024-11-12 13:42:09,835 INFO  CreateClassResetClassAdapter - Found static initializer in class io/netty/util/internal/shaded/org/jctools/queues/BaseLinkedQueueConsumerNodeRef
2024-11-12 13:42:09,835 INFO  EvoClassLoader - Seeing class for first time: io.netty.util.internal.shaded.org.jctools.queues.BaseLinkedQueuePad1
2024-11-12 13:42:09,835 INFO  EvoClassLoader - Instrumenting class 'io.netty.util.internal.shaded.org.jctools.queues.BaseLinkedQueuePad1'.
2024-11-12 13:42:09,835 INFO  MethodCallReplacementClassAdapter - Adding mock interface to class io/netty/util/internal/shaded/org/jctools/queues/BaseLinkedQueuePad1
2024-11-12 13:42:09,835 INFO  CreateClassResetClassAdapter - Creating brand-new static initializer in class io/netty/util/internal/shaded/org/jctools/queues/BaseLinkedQueuePad1
2024-11-12 13:42:09,835 INFO  EvoClassLoader - Seeing class for first time: io.netty.util.internal.shaded.org.jctools.queues.BaseLinkedQueueProducerNodeRef
2024-11-12 13:42:09,835 INFO  EvoClassLoader - Instrumenting class 'io.netty.util.internal.shaded.org.jctools.queues.BaseLinkedQueueProducerNodeRef'.
2024-11-12 13:42:09,836 INFO  MethodCallReplacementClassAdapter - Adding mock interface to class io/netty/util/internal/shaded/org/jctools/queues/BaseLinkedQueueProducerNodeRef
2024-11-12 13:42:09,836 INFO  CreateClassResetClassAdapter - Found static initializer in class io/netty/util/internal/shaded/org/jctools/queues/BaseLinkedQueueProducerNodeRef
2024-11-12 13:42:09,836 INFO  EvoClassLoader - Seeing class for first time: io.netty.util.internal.shaded.org.jctools.queues.BaseLinkedQueuePad0
2024-11-12 13:42:09,836 INFO  EvoClassLoader - Instrumenting class 'io.netty.util.internal.shaded.org.jctools.queues.BaseLinkedQueuePad0'.
2024-11-12 13:42:09,836 INFO  MethodCallReplacementClassAdapter - Adding mock interface to class io/netty/util/internal/shaded/org/jctools/queues/BaseLinkedQueuePad0
2024-11-12 13:42:09,836 INFO  CreateClassResetClassAdapter - Creating brand-new static initializer in class io/netty/util/internal/shaded/org/jctools/queues/BaseLinkedQueuePad0
2024-11-12 13:42:09,836 INFO  EvoClassLoader - Seeing class for first time: io.netty.util.internal.shaded.org.jctools.queues.MessagePassingQueue
2024-11-12 13:42:09,836 INFO  EvoClassLoader - Instrumenting class 'io.netty.util.internal.shaded.org.jctools.queues.MessagePassingQueue'.
2024-11-12 13:42:09,836 INFO  EvoClassLoader - Keeping class: io.netty.util.internal.shaded.org.jctools.queues.MessagePassingQueue
2024-11-12 13:42:09,836 INFO  EvoClassLoader - Keeping class: io.netty.util.internal.shaded.org.jctools.queues.BaseLinkedQueuePad0
2024-11-12 13:42:09,836 INFO  EvoClassLoader - Keeping class: io.netty.util.internal.shaded.org.jctools.queues.BaseLinkedQueueProducerNodeRef
2024-11-12 13:42:09,836 INFO  EvoClassLoader - Keeping class: io.netty.util.internal.shaded.org.jctools.queues.BaseLinkedQueuePad1
2024-11-12 13:42:09,836 INFO  EvoClassLoader - Keeping class: io.netty.util.internal.shaded.org.jctools.queues.BaseLinkedQueueConsumerNodeRef
2024-11-12 13:42:09,837 INFO  EvoClassLoader - Keeping class: io.netty.util.internal.shaded.org.jctools.queues.BaseLinkedQueuePad2
2024-11-12 13:42:09,837 INFO  EvoClassLoader - Keeping class: io.netty.util.internal.shaded.org.jctools.queues.BaseLinkedQueue
2024-11-12 13:42:09,837 INFO  EvoClassLoader - Keeping class: io.netty.util.internal.shaded.org.jctools.queues.SpscLinkedQueue
2024-11-12 13:42:09,837 INFO  EvoClassLoader - Seeing class for first time: io.netty.util.internal.shaded.org.jctools.queues.atomic.SpscLinkedAtomicQueue
2024-11-12 13:42:09,837 INFO  EvoClassLoader - Instrumenting class 'io.netty.util.internal.shaded.org.jctools.queues.atomic.SpscLinkedAtomicQueue'.
2024-11-12 13:42:09,837 INFO  MethodCallReplacementClassAdapter - Adding mock interface to class io/netty/util/internal/shaded/org/jctools/queues/atomic/SpscLinkedAtomicQueue
2024-11-12 13:42:09,837 INFO  CreateClassResetClassAdapter - Creating brand-new static initializer in class io/netty/util/internal/shaded/org/jctools/queues/atomic/SpscLinkedAtomicQueue
2024-11-12 13:42:09,837 INFO  EvoClassLoader - Defined package (3): package io.netty.util.internal.shaded.org.jctools.queues.atomic, 1662774531
2024-11-12 13:42:09,837 INFO  EvoClassLoader - Seeing class for first time: io.netty.util.internal.shaded.org.jctools.queues.atomic.BaseLinkedAtomicQueue
2024-11-12 13:42:09,837 INFO  EvoClassLoader - Instrumenting class 'io.netty.util.internal.shaded.org.jctools.queues.atomic.BaseLinkedAtomicQueue'.
2024-11-12 13:42:09,838 INFO  MethodCallReplacementClassAdapter - Adding mock interface to class io/netty/util/internal/shaded/org/jctools/queues/atomic/BaseLinkedAtomicQueue
2024-11-12 13:42:09,838 INFO  CreateClassResetClassAdapter - Creating brand-new static initializer in class io/netty/util/internal/shaded/org/jctools/queues/atomic/BaseLinkedAtomicQueue
2024-11-12 13:42:09,838 INFO  EvoClassLoader - Seeing class for first time: io.netty.util.internal.shaded.org.jctools.queues.atomic.BaseLinkedAtomicQueuePad2
2024-11-12 13:42:09,838 INFO  EvoClassLoader - Instrumenting class 'io.netty.util.internal.shaded.org.jctools.queues.atomic.BaseLinkedAtomicQueuePad2'.
2024-11-12 13:42:09,838 INFO  MethodCallReplacementClassAdapter - Adding mock interface to class io/netty/util/internal/shaded/org/jctools/queues/atomic/BaseLinkedAtomicQueuePad2
2024-11-12 13:42:09,838 INFO  CreateClassResetClassAdapter - Creating brand-new static initializer in class io/netty/util/internal/shaded/org/jctools/queues/atomic/BaseLinkedAtomicQueuePad2
2024-11-12 13:42:09,838 INFO  EvoClassLoader - Seeing class for first time: io.netty.util.internal.shaded.org.jctools.queues.atomic.BaseLinkedAtomicQueueConsumerNodeRef
2024-11-12 13:42:09,838 INFO  EvoClassLoader - Instrumenting class 'io.netty.util.internal.shaded.org.jctools.queues.atomic.BaseLinkedAtomicQueueConsumerNodeRef'.
2024-11-12 13:42:09,838 INFO  MethodCallReplacementClassAdapter - Adding mock interface to class io/netty/util/internal/shaded/org/jctools/queues/atomic/BaseLinkedAtomicQueueConsumerNodeRef
2024-11-12 13:42:09,838 INFO  CreateClassResetClassAdapter - Found static initializer in class io/netty/util/internal/shaded/org/jctools/queues/atomic/BaseLinkedAtomicQueueConsumerNodeRef
2024-11-12 13:42:09,839 INFO  EvoClassLoader - Seeing class for first time: io.netty.util.internal.shaded.org.jctools.queues.atomic.BaseLinkedAtomicQueuePad1
2024-11-12 13:42:09,839 INFO  EvoClassLoader - Instrumenting class 'io.netty.util.internal.shaded.org.jctools.queues.atomic.BaseLinkedAtomicQueuePad1'.
2024-11-12 13:42:09,839 INFO  MethodCallReplacementClassAdapter - Adding mock interface to class io/netty/util/internal/shaded/org/jctools/queues/atomic/BaseLinkedAtomicQueuePad1
2024-11-12 13:42:09,839 INFO  CreateClassResetClassAdapter - Creating brand-new static initializer in class io/netty/util/internal/shaded/org/jctools/queues/atomic/BaseLinkedAtomicQueuePad1
2024-11-12 13:42:09,839 INFO  EvoClassLoader - Seeing class for first time: io.netty.util.internal.shaded.org.jctools.queues.atomic.BaseLinkedAtomicQueueProducerNodeRef
2024-11-12 13:42:09,839 INFO  EvoClassLoader - Instrumenting class 'io.netty.util.internal.shaded.org.jctools.queues.atomic.BaseLinkedAtomicQueueProducerNodeRef'.
2024-11-12 13:42:09,839 INFO  MethodCallReplacementClassAdapter - Adding mock interface to class io/netty/util/internal/shaded/org/jctools/queues/atomic/BaseLinkedAtomicQueueProducerNodeRef
2024-11-12 13:42:09,839 INFO  CreateClassResetClassAdapter - Found static initializer in class io/netty/util/internal/shaded/org/jctools/queues/atomic/BaseLinkedAtomicQueueProducerNodeRef
2024-11-12 13:42:09,839 INFO  EvoClassLoader - Seeing class for first time: io.netty.util.internal.shaded.org.jctools.queues.atomic.BaseLinkedAtomicQueuePad0
2024-11-12 13:42:09,839 INFO  EvoClassLoader - Instrumenting class 'io.netty.util.internal.shaded.org.jctools.queues.atomic.BaseLinkedAtomicQueuePad0'.
2024-11-12 13:42:09,839 INFO  MethodCallReplacementClassAdapter - Adding mock interface to class io/netty/util/internal/shaded/org/jctools/queues/atomic/BaseLinkedAtomicQueuePad0
2024-11-12 13:42:09,839 INFO  CreateClassResetClassAdapter - Creating brand-new static initializer in class io/netty/util/internal/shaded/org/jctools/queues/atomic/BaseLinkedAtomicQueuePad0
2024-11-12 13:42:09,840 INFO  EvoClassLoader - Keeping class: io.netty.util.internal.shaded.org.jctools.queues.atomic.BaseLinkedAtomicQueuePad0
2024-11-12 13:42:09,840 INFO  EvoClassLoader - Keeping class: io.netty.util.internal.shaded.org.jctools.queues.atomic.BaseLinkedAtomicQueueProducerNodeRef
2024-11-12 13:42:09,840 INFO  EvoClassLoader - Keeping class: io.netty.util.internal.shaded.org.jctools.queues.atomic.BaseLinkedAtomicQueuePad1
2024-11-12 13:42:09,840 INFO  EvoClassLoader - Keeping class: io.netty.util.internal.shaded.org.jctools.queues.atomic.BaseLinkedAtomicQueueConsumerNodeRef
2024-11-12 13:42:09,840 INFO  EvoClassLoader - Keeping class: io.netty.util.internal.shaded.org.jctools.queues.atomic.BaseLinkedAtomicQueuePad2
2024-11-12 13:42:09,840 INFO  EvoClassLoader - Keeping class: io.netty.util.internal.shaded.org.jctools.queues.atomic.BaseLinkedAtomicQueue
2024-11-12 13:42:09,840 INFO  EvoClassLoader - Keeping class: io.netty.util.internal.shaded.org.jctools.queues.atomic.SpscLinkedAtomicQueue
2024-11-12 13:42:09,840 INFO  EvoClassLoader - Seeing class for first time: io.netty.util.internal.shaded.org.jctools.queues.MpscArrayQueue
2024-11-12 13:42:09,840 INFO  EvoClassLoader - Instrumenting class 'io.netty.util.internal.shaded.org.jctools.queues.MpscArrayQueue'.
2024-11-12 13:42:09,840 INFO  MethodCallReplacementClassAdapter - Adding mock interface to class io/netty/util/internal/shaded/org/jctools/queues/MpscArrayQueue
2024-11-12 13:42:09,841 INFO  CreateClassResetClassAdapter - Creating brand-new static initializer in class io/netty/util/internal/shaded/org/jctools/queues/MpscArrayQueue
2024-11-12 13:42:09,841 INFO  EvoClassLoader - Seeing class for first time: io.netty.util.internal.shaded.org.jctools.queues.MpscArrayQueueL3Pad
2024-11-12 13:42:09,841 INFO  EvoClassLoader - Instrumenting class 'io.netty.util.internal.shaded.org.jctools.queues.MpscArrayQueueL3Pad'.
2024-11-12 13:42:09,841 INFO  MethodCallReplacementClassAdapter - Adding mock interface to class io/netty/util/internal/shaded/org/jctools/queues/MpscArrayQueueL3Pad
2024-11-12 13:42:09,841 INFO  CreateClassResetClassAdapter - Creating brand-new static initializer in class io/netty/util/internal/shaded/org/jctools/queues/MpscArrayQueueL3Pad
2024-11-12 13:42:09,841 INFO  EvoClassLoader - Seeing class for first time: io.netty.util.internal.shaded.org.jctools.queues.MpscArrayQueueConsumerIndexField
2024-11-12 13:42:09,841 INFO  EvoClassLoader - Instrumenting class 'io.netty.util.internal.shaded.org.jctools.queues.MpscArrayQueueConsumerIndexField'.
2024-11-12 13:42:09,842 INFO  MethodCallReplacementClassAdapter - Adding mock interface to class io/netty/util/internal/shaded/org/jctools/queues/MpscArrayQueueConsumerIndexField
2024-11-12 13:42:09,842 INFO  CreateClassResetClassAdapter - Found static initializer in class io/netty/util/internal/shaded/org/jctools/queues/MpscArrayQueueConsumerIndexField
2024-11-12 13:42:09,842 INFO  EvoClassLoader - Seeing class for first time: io.netty.util.internal.shaded.org.jctools.queues.MpscArrayQueueL2Pad
2024-11-12 13:42:09,842 INFO  EvoClassLoader - Instrumenting class 'io.netty.util.internal.shaded.org.jctools.queues.MpscArrayQueueL2Pad'.
2024-11-12 13:42:09,842 INFO  MethodCallReplacementClassAdapter - Adding mock interface to class io/netty/util/internal/shaded/org/jctools/queues/MpscArrayQueueL2Pad
2024-11-12 13:42:09,842 INFO  CreateClassResetClassAdapter - Creating brand-new static initializer in class io/netty/util/internal/shaded/org/jctools/queues/MpscArrayQueueL2Pad
2024-11-12 13:42:09,842 INFO  EvoClassLoader - Seeing class for first time: io.netty.util.internal.shaded.org.jctools.queues.MpscArrayQueueProducerLimitField
2024-11-12 13:42:09,842 INFO  EvoClassLoader - Instrumenting class 'io.netty.util.internal.shaded.org.jctools.queues.MpscArrayQueueProducerLimitField'.
2024-11-12 13:42:09,842 INFO  MethodCallReplacementClassAdapter - Adding mock interface to class io/netty/util/internal/shaded/org/jctools/queues/MpscArrayQueueProducerLimitField
2024-11-12 13:42:09,842 INFO  CreateClassResetClassAdapter - Found static initializer in class io/netty/util/internal/shaded/org/jctools/queues/MpscArrayQueueProducerLimitField
2024-11-12 13:42:09,842 INFO  EvoClassLoader - Seeing class for first time: io.netty.util.internal.shaded.org.jctools.queues.MpscArrayQueueMidPad
2024-11-12 13:42:09,842 INFO  EvoClassLoader - Instrumenting class 'io.netty.util.internal.shaded.org.jctools.queues.MpscArrayQueueMidPad'.
2024-11-12 13:42:09,842 INFO  MethodCallReplacementClassAdapter - Adding mock interface to class io/netty/util/internal/shaded/org/jctools/queues/MpscArrayQueueMidPad
2024-11-12 13:42:09,842 INFO  CreateClassResetClassAdapter - Creating brand-new static initializer in class io/netty/util/internal/shaded/org/jctools/queues/MpscArrayQueueMidPad
2024-11-12 13:42:09,842 INFO  EvoClassLoader - Seeing class for first time: io.netty.util.internal.shaded.org.jctools.queues.MpscArrayQueueProducerIndexField
2024-11-12 13:42:09,842 INFO  EvoClassLoader - Instrumenting class 'io.netty.util.internal.shaded.org.jctools.queues.MpscArrayQueueProducerIndexField'.
2024-11-12 13:42:09,843 INFO  MethodCallReplacementClassAdapter - Adding mock interface to class io/netty/util/internal/shaded/org/jctools/queues/MpscArrayQueueProducerIndexField
2024-11-12 13:42:09,843 INFO  CreateClassResetClassAdapter - Found static initializer in class io/netty/util/internal/shaded/org/jctools/queues/MpscArrayQueueProducerIndexField
2024-11-12 13:42:09,843 INFO  EvoClassLoader - Seeing class for first time: io.netty.util.internal.shaded.org.jctools.queues.MpscArrayQueueL1Pad
2024-11-12 13:42:09,843 INFO  EvoClassLoader - Instrumenting class 'io.netty.util.internal.shaded.org.jctools.queues.MpscArrayQueueL1Pad'.
2024-11-12 13:42:09,843 INFO  MethodCallReplacementClassAdapter - Adding mock interface to class io/netty/util/internal/shaded/org/jctools/queues/MpscArrayQueueL1Pad
2024-11-12 13:42:09,843 INFO  CreateClassResetClassAdapter - Creating brand-new static initializer in class io/netty/util/internal/shaded/org/jctools/queues/MpscArrayQueueL1Pad
2024-11-12 13:42:09,843 INFO  EvoClassLoader - Seeing class for first time: io.netty.util.internal.shaded.org.jctools.queues.ConcurrentCircularArrayQueue
2024-11-12 13:42:09,843 INFO  EvoClassLoader - Instrumenting class 'io.netty.util.internal.shaded.org.jctools.queues.ConcurrentCircularArrayQueue'.
2024-11-12 13:42:09,843 INFO  MethodCallReplacementClassAdapter - Adding mock interface to class io/netty/util/internal/shaded/org/jctools/queues/ConcurrentCircularArrayQueue
2024-11-12 13:42:09,843 INFO  CreateClassResetClassAdapter - Creating brand-new static initializer in class io/netty/util/internal/shaded/org/jctools/queues/ConcurrentCircularArrayQueue
2024-11-12 13:42:09,843 INFO  EvoClassLoader - Seeing class for first time: io.netty.util.internal.shaded.org.jctools.queues.IndexedQueueSizeUtil$IndexedQueue
2024-11-12 13:42:09,843 INFO  EvoClassLoader - Instrumenting class 'io.netty.util.internal.shaded.org.jctools.queues.IndexedQueueSizeUtil$IndexedQueue'.
2024-11-12 13:42:09,843 INFO  EvoClassLoader - Keeping class: io.netty.util.internal.shaded.org.jctools.queues.IndexedQueueSizeUtil$IndexedQueue
2024-11-12 13:42:09,843 INFO  EvoClassLoader - Seeing class for first time: io.netty.util.internal.shaded.org.jctools.queues.QueueProgressIndicators
2024-11-12 13:42:09,843 INFO  EvoClassLoader - Instrumenting class 'io.netty.util.internal.shaded.org.jctools.queues.QueueProgressIndicators'.
2024-11-12 13:42:09,844 INFO  EvoClassLoader - Keeping class: io.netty.util.internal.shaded.org.jctools.queues.QueueProgressIndicators
2024-11-12 13:42:09,844 INFO  EvoClassLoader - Seeing class for first time: io.netty.util.internal.shaded.org.jctools.queues.SupportsIterator
2024-11-12 13:42:09,844 INFO  EvoClassLoader - Instrumenting class 'io.netty.util.internal.shaded.org.jctools.queues.SupportsIterator'.
2024-11-12 13:42:09,844 INFO  EvoClassLoader - Keeping class: io.netty.util.internal.shaded.org.jctools.queues.SupportsIterator
2024-11-12 13:42:09,844 INFO  EvoClassLoader - Seeing class for first time: io.netty.util.internal.shaded.org.jctools.queues.ConcurrentCircularArrayQueueL0Pad
2024-11-12 13:42:09,844 INFO  EvoClassLoader - Instrumenting class 'io.netty.util.internal.shaded.org.jctools.queues.ConcurrentCircularArrayQueueL0Pad'.
2024-11-12 13:42:09,844 INFO  MethodCallReplacementClassAdapter - Adding mock interface to class io/netty/util/internal/shaded/org/jctools/queues/ConcurrentCircularArrayQueueL0Pad
2024-11-12 13:42:09,844 INFO  CreateClassResetClassAdapter - Creating brand-new static initializer in class io/netty/util/internal/shaded/org/jctools/queues/ConcurrentCircularArrayQueueL0Pad
2024-11-12 13:42:09,844 INFO  EvoClassLoader - Keeping class: io.netty.util.internal.shaded.org.jctools.queues.ConcurrentCircularArrayQueueL0Pad
2024-11-12 13:42:09,844 INFO  EvoClassLoader - Keeping class: io.netty.util.internal.shaded.org.jctools.queues.ConcurrentCircularArrayQueue
2024-11-12 13:42:09,844 INFO  EvoClassLoader - Keeping class: io.netty.util.internal.shaded.org.jctools.queues.MpscArrayQueueL1Pad
2024-11-12 13:42:09,844 INFO  EvoClassLoader - Keeping class: io.netty.util.internal.shaded.org.jctools.queues.MpscArrayQueueProducerIndexField
2024-11-12 13:42:09,844 INFO  EvoClassLoader - Keeping class: io.netty.util.internal.shaded.org.jctools.queues.MpscArrayQueueMidPad
2024-11-12 13:42:09,844 INFO  EvoClassLoader - Keeping class: io.netty.util.internal.shaded.org.jctools.queues.MpscArrayQueueProducerLimitField
2024-11-12 13:42:09,844 INFO  EvoClassLoader - Keeping class: io.netty.util.internal.shaded.org.jctools.queues.MpscArrayQueueL2Pad
2024-11-12 13:42:09,845 INFO  EvoClassLoader - Keeping class: io.netty.util.internal.shaded.org.jctools.queues.MpscArrayQueueConsumerIndexField
2024-11-12 13:42:09,845 INFO  EvoClassLoader - Keeping class: io.netty.util.internal.shaded.org.jctools.queues.MpscArrayQueueL3Pad
2024-11-12 13:42:09,845 INFO  EvoClassLoader - Keeping class: io.netty.util.internal.shaded.org.jctools.queues.MpscArrayQueue
2024-11-12 13:42:09,845 INFO  EvoClassLoader - Seeing class for first time: io.netty.util.internal.shaded.org.jctools.queues.atomic.MpscAtomicArrayQueue
2024-11-12 13:42:09,845 INFO  EvoClassLoader - Instrumenting class 'io.netty.util.internal.shaded.org.jctools.queues.atomic.MpscAtomicArrayQueue'.
2024-11-12 13:42:09,845 INFO  MethodCallReplacementClassAdapter - Adding mock interface to class io/netty/util/internal/shaded/org/jctools/queues/atomic/MpscAtomicArrayQueue
2024-11-12 13:42:09,846 INFO  CreateClassResetClassAdapter - Creating brand-new static initializer in class io/netty/util/internal/shaded/org/jctools/queues/atomic/MpscAtomicArrayQueue
2024-11-12 13:42:09,846 INFO  EvoClassLoader - Seeing class for first time: io.netty.util.internal.shaded.org.jctools.queues.atomic.MpscAtomicArrayQueueL3Pad
2024-11-12 13:42:09,846 INFO  EvoClassLoader - Instrumenting class 'io.netty.util.internal.shaded.org.jctools.queues.atomic.MpscAtomicArrayQueueL3Pad'.
2024-11-12 13:42:09,846 INFO  MethodCallReplacementClassAdapter - Adding mock interface to class io/netty/util/internal/shaded/org/jctools/queues/atomic/MpscAtomicArrayQueueL3Pad
2024-11-12 13:42:09,846 INFO  CreateClassResetClassAdapter - Creating brand-new static initializer in class io/netty/util/internal/shaded/org/jctools/queues/atomic/MpscAtomicArrayQueueL3Pad
2024-11-12 13:42:09,846 INFO  EvoClassLoader - Seeing class for first time: io.netty.util.internal.shaded.org.jctools.queues.atomic.MpscAtomicArrayQueueConsumerIndexField
2024-11-12 13:42:09,846 INFO  EvoClassLoader - Instrumenting class 'io.netty.util.internal.shaded.org.jctools.queues.atomic.MpscAtomicArrayQueueConsumerIndexField'.
2024-11-12 13:42:09,846 INFO  MethodCallReplacementClassAdapter - Adding mock interface to class io/netty/util/internal/shaded/org/jctools/queues/atomic/MpscAtomicArrayQueueConsumerIndexField
2024-11-12 13:42:09,846 INFO  CreateClassResetClassAdapter - Found static initializer in class io/netty/util/internal/shaded/org/jctools/queues/atomic/MpscAtomicArrayQueueConsumerIndexField
2024-11-12 13:42:09,846 INFO  EvoClassLoader - Seeing class for first time: io.netty.util.internal.shaded.org.jctools.queues.atomic.MpscAtomicArrayQueueL2Pad
2024-11-12 13:42:09,846 INFO  EvoClassLoader - Instrumenting class 'io.netty.util.internal.shaded.org.jctools.queues.atomic.MpscAtomicArrayQueueL2Pad'.
2024-11-12 13:42:09,847 INFO  MethodCallReplacementClassAdapter - Adding mock interface to class io/netty/util/internal/shaded/org/jctools/queues/atomic/MpscAtomicArrayQueueL2Pad
2024-11-12 13:42:09,847 INFO  CreateClassResetClassAdapter - Creating brand-new static initializer in class io/netty/util/internal/shaded/org/jctools/queues/atomic/MpscAtomicArrayQueueL2Pad
2024-11-12 13:42:09,847 INFO  EvoClassLoader - Seeing class for first time: io.netty.util.internal.shaded.org.jctools.queues.atomic.MpscAtomicArrayQueueProducerLimitField
2024-11-12 13:42:09,847 INFO  EvoClassLoader - Instrumenting class 'io.netty.util.internal.shaded.org.jctools.queues.atomic.MpscAtomicArrayQueueProducerLimitField'.
2024-11-12 13:42:09,847 INFO  MethodCallReplacementClassAdapter - Adding mock interface to class io/netty/util/internal/shaded/org/jctools/queues/atomic/MpscAtomicArrayQueueProducerLimitField
2024-11-12 13:42:09,847 INFO  CreateClassResetClassAdapter - Found static initializer in class io/netty/util/internal/shaded/org/jctools/queues/atomic/MpscAtomicArrayQueueProducerLimitField
2024-11-12 13:42:09,847 INFO  EvoClassLoader - Seeing class for first time: io.netty.util.internal.shaded.org.jctools.queues.atomic.MpscAtomicArrayQueueMidPad
2024-11-12 13:42:09,847 INFO  EvoClassLoader - Instrumenting class 'io.netty.util.internal.shaded.org.jctools.queues.atomic.MpscAtomicArrayQueueMidPad'.
2024-11-12 13:42:09,847 INFO  MethodCallReplacementClassAdapter - Adding mock interface to class io/netty/util/internal/shaded/org/jctools/queues/atomic/MpscAtomicArrayQueueMidPad
2024-11-12 13:42:09,847 INFO  CreateClassResetClassAdapter - Creating brand-new static initializer in class io/netty/util/internal/shaded/org/jctools/queues/atomic/MpscAtomicArrayQueueMidPad
2024-11-12 13:42:09,847 INFO  EvoClassLoader - Seeing class for first time: io.netty.util.internal.shaded.org.jctools.queues.atomic.MpscAtomicArrayQueueProducerIndexField
2024-11-12 13:42:09,847 INFO  EvoClassLoader - Instrumenting class 'io.netty.util.internal.shaded.org.jctools.queues.atomic.MpscAtomicArrayQueueProducerIndexField'.
2024-11-12 13:42:09,847 INFO  MethodCallReplacementClassAdapter - Adding mock interface to class io/netty/util/internal/shaded/org/jctools/queues/atomic/MpscAtomicArrayQueueProducerIndexField
2024-11-12 13:42:09,847 INFO  CreateClassResetClassAdapter - Found static initializer in class io/netty/util/internal/shaded/org/jctools/queues/atomic/MpscAtomicArrayQueueProducerIndexField
2024-11-12 13:42:09,847 INFO  EvoClassLoader - Seeing class for first time: io.netty.util.internal.shaded.org.jctools.queues.atomic.MpscAtomicArrayQueueL1Pad
2024-11-12 13:42:09,847 INFO  EvoClassLoader - Instrumenting class 'io.netty.util.internal.shaded.org.jctools.queues.atomic.MpscAtomicArrayQueueL1Pad'.
2024-11-12 13:42:09,848 INFO  MethodCallReplacementClassAdapter - Adding mock interface to class io/netty/util/internal/shaded/org/jctools/queues/atomic/MpscAtomicArrayQueueL1Pad
2024-11-12 13:42:09,848 INFO  CreateClassResetClassAdapter - Creating brand-new static initializer in class io/netty/util/internal/shaded/org/jctools/queues/atomic/MpscAtomicArrayQueueL1Pad
2024-11-12 13:42:09,848 INFO  EvoClassLoader - Seeing class for first time: io.netty.util.internal.shaded.org.jctools.queues.atomic.AtomicReferenceArrayQueue
2024-11-12 13:42:09,848 INFO  EvoClassLoader - Instrumenting class 'io.netty.util.internal.shaded.org.jctools.queues.atomic.AtomicReferenceArrayQueue'.
2024-11-12 13:42:09,848 INFO  MethodCallReplacementClassAdapter - Adding mock interface to class io/netty/util/internal/shaded/org/jctools/queues/atomic/AtomicReferenceArrayQueue
2024-11-12 13:42:09,848 INFO  CreateClassResetClassAdapter - Creating brand-new static initializer in class io/netty/util/internal/shaded/org/jctools/queues/atomic/AtomicReferenceArrayQueue
2024-11-12 13:42:09,849 INFO  EvoClassLoader - Keeping class: io.netty.util.internal.shaded.org.jctools.queues.atomic.AtomicReferenceArrayQueue
2024-11-12 13:42:09,849 INFO  EvoClassLoader - Keeping class: io.netty.util.internal.shaded.org.jctools.queues.atomic.MpscAtomicArrayQueueL1Pad
2024-11-12 13:42:09,849 INFO  EvoClassLoader - Keeping class: io.netty.util.internal.shaded.org.jctools.queues.atomic.MpscAtomicArrayQueueProducerIndexField
2024-11-12 13:42:09,849 INFO  EvoClassLoader - Keeping class: io.netty.util.internal.shaded.org.jctools.queues.atomic.MpscAtomicArrayQueueMidPad
2024-11-12 13:42:09,849 INFO  EvoClassLoader - Keeping class: io.netty.util.internal.shaded.org.jctools.queues.atomic.MpscAtomicArrayQueueProducerLimitField
2024-11-12 13:42:09,849 INFO  EvoClassLoader - Keeping class: io.netty.util.internal.shaded.org.jctools.queues.atomic.MpscAtomicArrayQueueL2Pad
2024-11-12 13:42:09,849 INFO  EvoClassLoader - Keeping class: io.netty.util.internal.shaded.org.jctools.queues.atomic.MpscAtomicArrayQueueConsumerIndexField
2024-11-12 13:42:09,849 INFO  EvoClassLoader - Keeping class: io.netty.util.internal.shaded.org.jctools.queues.atomic.MpscAtomicArrayQueueL3Pad
2024-11-12 13:42:09,849 INFO  EvoClassLoader - Keeping class: io.netty.util.internal.shaded.org.jctools.queues.atomic.MpscAtomicArrayQueue
2024-11-12 13:42:09,850 INFO  EvoClassLoader - Seeing class for first time: io.netty.util.internal.LongCounter
2024-11-12 13:42:09,850 INFO  EvoClassLoader - Instrumenting class 'io.netty.util.internal.LongCounter'.
2024-11-12 13:42:09,850 INFO  EvoClassLoader - Keeping class: io.netty.util.internal.LongCounter
2024-11-12 13:42:09,850 INFO  EvoClassLoader - Seeing class for first time: io.netty.util.internal.OutOfDirectMemoryError
2024-11-12 13:42:09,850 INFO  EvoClassLoader - Instrumenting class 'io.netty.util.internal.OutOfDirectMemoryError'.
2024-11-12 13:42:09,850 INFO  MethodCallReplacementClassAdapter - Adding mock interface to class io/netty/util/internal/OutOfDirectMemoryError
2024-11-12 13:42:09,850 INFO  CreateClassResetClassAdapter - Creating brand-new static initializer in class io/netty/util/internal/OutOfDirectMemoryError
2024-11-12 13:42:09,851 INFO  EvoClassLoader - Keeping class: io.netty.util.internal.OutOfDirectMemoryError
2024-11-12 13:42:09,852 INFO  EvoClassLoader - Seeing class for first time: io.netty.util.internal.PlatformDependent$4
2024-11-12 13:42:09,852 INFO  EvoClassLoader - Instrumenting class 'io.netty.util.internal.PlatformDependent$4'.
2024-11-12 13:42:09,852 INFO  MethodCallReplacementClassAdapter - Adding mock interface to class io/netty/util/internal/PlatformDependent$4
2024-11-12 13:42:09,853 INFO  EvoClassLoader - Keeping class: io.netty.util.internal.PlatformDependent$4
2024-11-12 13:42:09,854 INFO  EvoClassLoader - Seeing class for first time: io.netty.util.ByteProcessor
2024-11-12 13:42:09,854 INFO  EvoClassLoader - Instrumenting class 'io.netty.util.ByteProcessor'.
2024-11-12 13:42:09,854 INFO  EvoClassLoader - Keeping class: io.netty.util.ByteProcessor
2024-11-12 13:42:09,855 INFO  EvoClassLoader - Seeing class for first time: io.netty.util.internal.StringUtil
2024-11-12 13:42:09,855 INFO  EvoClassLoader - Instrumenting class 'io.netty.util.internal.StringUtil'.
2024-11-12 13:42:09,856 INFO  MethodCallReplacementClassAdapter - Adding mock interface to class io/netty/util/internal/StringUtil
2024-11-12 13:42:09,856 INFO  CreateClassResetClassAdapter - Found static initializer in class io/netty/util/internal/StringUtil
2024-11-12 13:42:09,857 INFO  EvoClassLoader - Keeping class: io.netty.util.internal.StringUtil
2024-11-12 13:42:09,858 INFO  EvoClassLoader - Seeing class for first time: io.netty.buffer.PooledByteBufAllocator$1
2024-11-12 13:42:09,858 INFO  EvoClassLoader - Instrumenting class 'io.netty.buffer.PooledByteBufAllocator$1'.
2024-11-12 13:42:09,858 INFO  MethodCallReplacementClassAdapter - Adding mock interface to class io/netty/buffer/PooledByteBufAllocator$1
2024-11-12 13:42:09,858 INFO  EvoClassLoader - Keeping class: io.netty.buffer.PooledByteBufAllocator$1
2024-11-12 13:42:09,858 INFO  EvoClassLoader - Seeing class for first time: io.netty.buffer.PooledByteBufAllocator
2024-11-12 13:42:09,858 INFO  EvoClassLoader - Instrumenting class 'io.netty.buffer.PooledByteBufAllocator'.
2024-11-12 13:42:09,858 INFO  MethodCallReplacementClassAdapter - Adding mock interface to class io/netty/buffer/PooledByteBufAllocator
2024-11-12 13:42:09,867 INFO  CreateClassResetClassAdapter - Found static initializer in class io/netty/buffer/PooledByteBufAllocator
2024-11-12 13:42:09,868 INFO  EvoClassLoader - Seeing class for first time: io.netty.buffer.ByteBufAllocatorMetricProvider
2024-11-12 13:42:09,868 INFO  EvoClassLoader - Instrumenting class 'io.netty.buffer.ByteBufAllocatorMetricProvider'.
2024-11-12 13:42:09,868 INFO  EvoClassLoader - Keeping class: io.netty.buffer.ByteBufAllocatorMetricProvider
2024-11-12 13:42:09,868 INFO  EvoClassLoader - Keeping class: io.netty.buffer.PooledByteBufAllocator
2024-11-12 13:42:09,868 INFO  EvoClassLoader - Seeing class for first time: io.netty.util.concurrent.FastThreadLocal
2024-11-12 13:42:09,868 INFO  EvoClassLoader - Instrumenting class 'io.netty.util.concurrent.FastThreadLocal'.
2024-11-12 13:42:09,869 INFO  MethodCallReplacementClassAdapter - Adding mock interface to class io/netty/util/concurrent/FastThreadLocal
2024-11-12 13:42:09,869 INFO  CreateClassResetClassAdapter - Creating brand-new static initializer in class io/netty/util/concurrent/FastThreadLocal
2024-11-12 13:42:09,869 INFO  EvoClassLoader - Defined package (3): package io.netty.util.concurrent, 1377604431
2024-11-12 13:42:09,869 INFO  EvoClassLoader - Keeping class: io.netty.util.concurrent.FastThreadLocal
2024-11-12 13:42:09,870 INFO  EvoClassLoader - Seeing class for first time: io.netty.util.internal.InternalThreadLocalMap
2024-11-12 13:42:09,870 INFO  EvoClassLoader - Instrumenting class 'io.netty.util.internal.InternalThreadLocalMap'.
2024-11-12 13:42:09,870 INFO  MethodCallReplacementClassAdapter - Adding mock interface to class io/netty/util/internal/InternalThreadLocalMap
2024-11-12 13:42:09,871 INFO  CreateClassResetClassAdapter - Found static initializer in class io/netty/util/internal/InternalThreadLocalMap
2024-11-12 13:42:09,871 INFO  EvoClassLoader - Seeing class for first time: io.netty.util.internal.UnpaddedInternalThreadLocalMap
2024-11-12 13:42:09,871 INFO  EvoClassLoader - Instrumenting class 'io.netty.util.internal.UnpaddedInternalThreadLocalMap'.
2024-11-12 13:42:09,871 INFO  MethodCallReplacementClassAdapter - Adding mock interface to class io/netty/util/internal/UnpaddedInternalThreadLocalMap
2024-11-12 13:42:09,871 INFO  CreateClassResetClassAdapter - Creating brand-new static initializer in class io/netty/util/internal/UnpaddedInternalThreadLocalMap
2024-11-12 13:42:09,871 INFO  EvoClassLoader - Keeping class: io.netty.util.internal.UnpaddedInternalThreadLocalMap
2024-11-12 13:42:09,871 INFO  EvoClassLoader - Keeping class: io.netty.util.internal.InternalThreadLocalMap
2024-11-12 13:42:09,871 INFO  EvoClassLoader - Seeing class for first time: io.netty.buffer.PooledByteBufAllocator$PoolThreadLocalCache
2024-11-12 13:42:09,871 INFO  EvoClassLoader - Instrumenting class 'io.netty.buffer.PooledByteBufAllocator$PoolThreadLocalCache'.
2024-11-12 13:42:09,871 INFO  MethodCallReplacementClassAdapter - Adding mock interface to class io/netty/buffer/PooledByteBufAllocator$PoolThreadLocalCache
2024-11-12 13:42:09,872 INFO  CreateClassResetClassAdapter - Creating brand-new static initializer in class io/netty/buffer/PooledByteBufAllocator$PoolThreadLocalCache
2024-11-12 13:42:09,872 INFO  EvoClassLoader - Keeping class: io.netty.buffer.PooledByteBufAllocator$PoolThreadLocalCache
2024-11-12 13:42:09,872 INFO  EvoClassLoader - Seeing class for first time: io.netty.buffer.PoolArena
2024-11-12 13:42:09,872 INFO  EvoClassLoader - Instrumenting class 'io.netty.buffer.PoolArena'.
2024-11-12 13:42:09,872 INFO  MethodCallReplacementClassAdapter - Adding mock interface to class io/netty/buffer/PoolArena
2024-11-12 13:42:09,873 INFO  CreateClassResetClassAdapter - Found static initializer in class io/netty/buffer/PoolArena
2024-11-12 13:42:09,874 INFO  EvoClassLoader - Seeing class for first time: io.netty.buffer.PoolArenaMetric
2024-11-12 13:42:09,874 INFO  EvoClassLoader - Instrumenting class 'io.netty.buffer.PoolArenaMetric'.
2024-11-12 13:42:09,874 INFO  EvoClassLoader - Seeing class for first time: io.netty.buffer.SizeClassesMetric
2024-11-12 13:42:09,874 INFO  EvoClassLoader - Instrumenting class 'io.netty.buffer.SizeClassesMetric'.
2024-11-12 13:42:09,874 INFO  EvoClassLoader - Keeping class: io.netty.buffer.SizeClassesMetric
2024-11-12 13:42:09,874 INFO  EvoClassLoader - Keeping class: io.netty.buffer.PoolArenaMetric
2024-11-12 13:42:09,874 INFO  EvoClassLoader - Seeing class for first time: io.netty.buffer.SizeClasses
2024-11-12 13:42:09,874 INFO  EvoClassLoader - Instrumenting class 'io.netty.buffer.SizeClasses'.
2024-11-12 13:42:09,874 INFO  MethodCallReplacementClassAdapter - Adding mock interface to class io/netty/buffer/SizeClasses
2024-11-12 13:42:09,875 INFO  CreateClassResetClassAdapter - Found static initializer in class io/netty/buffer/SizeClasses
2024-11-12 13:42:09,875 INFO  EvoClassLoader - Keeping class: io.netty.buffer.SizeClasses
2024-11-12 13:42:09,875 INFO  EvoClassLoader - Keeping class: io.netty.buffer.PoolArena
2024-11-12 13:42:09,875 INFO  EvoClassLoader - Seeing class for first time: io.netty.buffer.PoolThreadCache
2024-11-12 13:42:09,875 INFO  EvoClassLoader - Instrumenting class 'io.netty.buffer.PoolThreadCache'.
2024-11-12 13:42:09,875 INFO  MethodCallReplacementClassAdapter - Adding mock interface to class io/netty/buffer/PoolThreadCache
2024-11-12 13:42:09,876 INFO  CreateClassResetClassAdapter - Found static initializer in class io/netty/buffer/PoolThreadCache
2024-11-12 13:42:09,876 INFO  EvoClassLoader - Keeping class: io.netty.buffer.PoolThreadCache
2024-11-12 13:42:09,877 INFO  EvoClassLoader - Seeing class for first time: io.netty.util.internal.IntegerHolder
2024-11-12 13:42:09,877 INFO  EvoClassLoader - Instrumenting class 'io.netty.util.internal.IntegerHolder'.
2024-11-12 13:42:09,877 INFO  MethodCallReplacementClassAdapter - Adding mock interface to class io/netty/util/internal/IntegerHolder
2024-11-12 13:42:09,877 INFO  CreateClassResetClassAdapter - Creating brand-new static initializer in class io/netty/util/internal/IntegerHolder
2024-11-12 13:42:09,877 INFO  EvoClassLoader - Keeping class: io.netty.util.internal.IntegerHolder
2024-11-12 13:42:09,877 INFO  EvoClassLoader - Seeing class for first time: io.netty.util.concurrent.FastThreadLocalThread
2024-11-12 13:42:09,877 INFO  EvoClassLoader - Instrumenting class 'io.netty.util.concurrent.FastThreadLocalThread'.
2024-11-12 13:42:09,877 INFO  MethodCallReplacementClassAdapter - Adding mock interface to class io/netty/util/concurrent/FastThreadLocalThread
2024-11-12 13:42:09,877 INFO  CreateClassResetClassAdapter - Found static initializer in class io/netty/util/concurrent/FastThreadLocalThread
2024-11-12 13:42:09,878 INFO  EvoClassLoader - Keeping class: io.netty.util.concurrent.FastThreadLocalThread
2024-11-12 13:42:09,878 INFO  EvoClassLoader - Seeing class for first time: io.netty.util.internal.ThreadLocalRandom
2024-11-12 13:42:09,878 INFO  EvoClassLoader - Instrumenting class 'io.netty.util.internal.ThreadLocalRandom'.
2024-11-12 13:42:09,878 INFO  MethodCallReplacementClassAdapter - Adding mock interface to class io/netty/util/internal/ThreadLocalRandom
2024-11-12 13:42:09,878 INFO  CreateClassResetClassAdapter - Found static initializer in class io/netty/util/internal/ThreadLocalRandom
2024-11-12 13:42:09,879 INFO  EvoClassLoader - Keeping class: io.netty.util.internal.ThreadLocalRandom
2024-11-12 13:42:09,880 INFO  EvoClassLoader - Seeing class for first time: io.netty.buffer.PoolChunk
2024-11-12 13:42:09,880 INFO  EvoClassLoader - Instrumenting class 'io.netty.buffer.PoolChunk'.
2024-11-12 13:42:09,880 INFO  MethodCallReplacementClassAdapter - Adding mock interface to class io/netty/buffer/PoolChunk
2024-11-12 13:42:09,880 INFO  CreateClassResetClassAdapter - Found static initializer in class io/netty/buffer/PoolChunk
2024-11-12 13:42:09,881 INFO  EvoClassLoader - Seeing class for first time: io.netty.buffer.PoolChunkMetric
2024-11-12 13:42:09,881 INFO  EvoClassLoader - Instrumenting class 'io.netty.buffer.PoolChunkMetric'.
2024-11-12 13:42:09,881 INFO  EvoClassLoader - Keeping class: io.netty.buffer.PoolChunkMetric
2024-11-12 13:42:09,881 INFO  EvoClassLoader - Keeping class: io.netty.buffer.PoolChunk
2024-11-12 13:42:09,881 INFO  EvoClassLoader - Seeing class for first time: io.netty.buffer.PoolSubpage
2024-11-12 13:42:09,881 INFO  EvoClassLoader - Instrumenting class 'io.netty.buffer.PoolSubpage'.
2024-11-12 13:42:09,881 INFO  MethodCallReplacementClassAdapter - Adding mock interface to class io/netty/buffer/PoolSubpage
2024-11-12 13:42:09,882 INFO  CreateClassResetClassAdapter - Found static initializer in class io/netty/buffer/PoolSubpage
2024-11-12 13:42:09,882 INFO  EvoClassLoader - Seeing class for first time: io.netty.buffer.PoolSubpageMetric
2024-11-12 13:42:09,882 INFO  EvoClassLoader - Instrumenting class 'io.netty.buffer.PoolSubpageMetric'.
2024-11-12 13:42:09,882 INFO  EvoClassLoader - Keeping class: io.netty.buffer.PoolSubpageMetric
2024-11-12 13:42:09,882 INFO  EvoClassLoader - Keeping class: io.netty.buffer.PoolSubpage
2024-11-12 13:42:09,882 INFO  EvoClassLoader - Seeing class for first time: io.netty.buffer.PooledByteBuf
2024-11-12 13:42:09,882 INFO  EvoClassLoader - Instrumenting class 'io.netty.buffer.PooledByteBuf'.
2024-11-12 13:42:09,882 INFO  MethodCallReplacementClassAdapter - Adding mock interface to class io/netty/buffer/PooledByteBuf
2024-11-12 13:42:09,883 INFO  CreateClassResetClassAdapter - Found static initializer in class io/netty/buffer/PooledByteBuf
2024-11-12 13:42:09,883 INFO  EvoClassLoader - Keeping class: io.netty.buffer.PooledByteBuf
2024-11-12 13:42:09,884 INFO  EvoClassLoader - Seeing class for first time: io.netty.buffer.PoolArena$SizeClass
2024-11-12 13:42:09,884 INFO  EvoClassLoader - Instrumenting class 'io.netty.buffer.PoolArena$SizeClass'.
2024-11-12 13:42:09,884 INFO  MethodCallReplacementClassAdapter - Adding mock interface to class io/netty/buffer/PoolArena$SizeClass
2024-11-12 13:42:09,884 INFO  CreateClassResetClassAdapter - Found static initializer in class io/netty/buffer/PoolArena$SizeClass
2024-11-12 13:42:09,884 INFO  EvoClassLoader - Keeping class: io.netty.buffer.PoolArena$SizeClass
2024-11-12 13:42:09,884 INFO  EvoClassLoader - Seeing class for first time: io.netty.buffer.PoolChunkList
2024-11-12 13:42:09,884 INFO  EvoClassLoader - Instrumenting class 'io.netty.buffer.PoolChunkList'.
2024-11-12 13:42:09,884 INFO  MethodCallReplacementClassAdapter - Adding mock interface to class io/netty/buffer/PoolChunkList
2024-11-12 13:42:09,884 INFO  CreateClassResetClassAdapter - Found static initializer in class io/netty/buffer/PoolChunkList
2024-11-12 13:42:09,884 INFO  EvoClassLoader - Seeing class for first time: io.netty.buffer.PoolChunkListMetric
2024-11-12 13:42:09,884 INFO  EvoClassLoader - Instrumenting class 'io.netty.buffer.PoolChunkListMetric'.
2024-11-12 13:42:09,885 INFO  EvoClassLoader - Keeping class: io.netty.buffer.PoolChunkListMetric
2024-11-12 13:42:09,885 INFO  EvoClassLoader - Keeping class: io.netty.buffer.PoolChunkList
2024-11-12 13:42:09,885 INFO  EvoClassLoader - Seeing class for first time: io.netty.buffer.PoolArena$DirectArena
2024-11-12 13:42:09,885 INFO  EvoClassLoader - Instrumenting class 'io.netty.buffer.PoolArena$DirectArena'.
2024-11-12 13:42:09,885 INFO  MethodCallReplacementClassAdapter - Adding mock interface to class io/netty/buffer/PoolArena$DirectArena
2024-11-12 13:42:09,885 INFO  CreateClassResetClassAdapter - Creating brand-new static initializer in class io/netty/buffer/PoolArena$DirectArena
2024-11-12 13:42:09,885 INFO  EvoClassLoader - Keeping class: io.netty.buffer.PoolArena$DirectArena
2024-11-12 13:42:09,885 INFO  EvoClassLoader - Seeing class for first time: io.netty.buffer.PooledUnsafeDirectByteBuf
2024-11-12 13:42:09,885 INFO  EvoClassLoader - Instrumenting class 'io.netty.buffer.PooledUnsafeDirectByteBuf'.
2024-11-12 13:42:09,886 INFO  MethodCallReplacementClassAdapter - Adding mock interface to class io/netty/buffer/PooledUnsafeDirectByteBuf
2024-11-12 13:42:09,886 INFO  CreateClassResetClassAdapter - Found static initializer in class io/netty/buffer/PooledUnsafeDirectByteBuf
2024-11-12 13:42:09,886 INFO  EvoClassLoader - Keeping class: io.netty.buffer.PooledUnsafeDirectByteBuf
2024-11-12 13:42:09,886 INFO  EvoClassLoader - Seeing class for first time: io.netty.buffer.PooledDirectByteBuf
2024-11-12 13:42:09,886 INFO  EvoClassLoader - Instrumenting class 'io.netty.buffer.PooledDirectByteBuf'.
2024-11-12 13:42:09,886 INFO  MethodCallReplacementClassAdapter - Adding mock interface to class io/netty/buffer/PooledDirectByteBuf
2024-11-12 13:42:09,886 INFO  CreateClassResetClassAdapter - Found static initializer in class io/netty/buffer/PooledDirectByteBuf
2024-11-12 13:42:09,887 INFO  EvoClassLoader - Keeping class: io.netty.buffer.PooledDirectByteBuf
2024-11-12 13:42:09,887 INFO  EvoClassLoader - Seeing class for first time: io.netty.buffer.PoolThreadCache$MemoryRegionCache
2024-11-12 13:42:09,887 INFO  EvoClassLoader - Instrumenting class 'io.netty.buffer.PoolThreadCache$MemoryRegionCache'.
2024-11-12 13:42:09,887 INFO  MethodCallReplacementClassAdapter - Adding mock interface to class io/netty/buffer/PoolThreadCache$MemoryRegionCache
2024-11-12 13:42:09,887 INFO  CreateClassResetClassAdapter - Found static initializer in class io/netty/buffer/PoolThreadCache$MemoryRegionCache
2024-11-12 13:42:09,888 INFO  EvoClassLoader - Keeping class: io.netty.buffer.PoolThreadCache$MemoryRegionCache
2024-11-12 13:42:09,888 INFO  EvoClassLoader - Seeing class for first time: io.netty.util.internal.LongAdderCounter
2024-11-12 13:42:09,888 INFO  EvoClassLoader - Instrumenting class 'io.netty.util.internal.LongAdderCounter'.
2024-11-12 13:42:09,888 INFO  MethodCallReplacementClassAdapter - Adding mock interface to class io/netty/util/internal/LongAdderCounter
2024-11-12 13:42:09,888 INFO  CreateClassResetClassAdapter - Creating brand-new static initializer in class io/netty/util/internal/LongAdderCounter
2024-11-12 13:42:09,888 INFO  EvoClassLoader - Keeping class: io.netty.util.internal.LongAdderCounter
2024-11-12 13:42:09,889 INFO  EvoClassLoader - Seeing class for first time: io.netty.buffer.PooledByteBufAllocatorMetric
2024-11-12 13:42:09,889 INFO  EvoClassLoader - Instrumenting class 'io.netty.buffer.PooledByteBufAllocatorMetric'.
2024-11-12 13:42:09,889 INFO  MethodCallReplacementClassAdapter - Adding mock interface to class io/netty/buffer/PooledByteBufAllocatorMetric
2024-11-12 13:42:09,890 INFO  CreateClassResetClassAdapter - Creating brand-new static initializer in class io/netty/buffer/PooledByteBufAllocatorMetric
2024-11-12 13:42:09,890 INFO  EvoClassLoader - Seeing class for first time: io.netty.buffer.ByteBufAllocatorMetric
2024-11-12 13:42:09,890 INFO  EvoClassLoader - Instrumenting class 'io.netty.buffer.ByteBufAllocatorMetric'.
2024-11-12 13:42:09,890 INFO  EvoClassLoader - Keeping class: io.netty.buffer.ByteBufAllocatorMetric
2024-11-12 13:42:09,890 INFO  EvoClassLoader - Keeping class: io.netty.buffer.PooledByteBufAllocatorMetric
2024-11-12 13:42:09,890 INFO  EvoClassLoader - Seeing class for first time: io.netty.buffer.UnpooledHeapByteBuf
2024-11-12 13:42:09,890 INFO  EvoClassLoader - Instrumenting class 'io.netty.buffer.UnpooledHeapByteBuf'.
2024-11-12 13:42:09,890 INFO  MethodCallReplacementClassAdapter - Adding mock interface to class io/netty/buffer/UnpooledHeapByteBuf
2024-11-12 13:42:09,891 INFO  CreateClassResetClassAdapter - Creating brand-new static initializer in class io/netty/buffer/UnpooledHeapByteBuf
2024-11-12 13:42:09,891 INFO  EvoClassLoader - Keeping class: io.netty.buffer.UnpooledHeapByteBuf
2024-11-12 13:42:09,891 INFO  EvoClassLoader - Seeing class for first time: io.netty.buffer.UnpooledUnsafeHeapByteBuf
2024-11-12 13:42:09,891 INFO  EvoClassLoader - Instrumenting class 'io.netty.buffer.UnpooledUnsafeHeapByteBuf'.
2024-11-12 13:42:09,892 INFO  MethodCallReplacementClassAdapter - Adding mock interface to class io/netty/buffer/UnpooledUnsafeHeapByteBuf
2024-11-12 13:42:09,892 INFO  CreateClassResetClassAdapter - Creating brand-new static initializer in class io/netty/buffer/UnpooledUnsafeHeapByteBuf
2024-11-12 13:42:09,892 INFO  EvoClassLoader - Keeping class: io.netty.buffer.UnpooledUnsafeHeapByteBuf
2024-11-12 13:42:09,892 INFO  EvoClassLoader - Seeing class for first time: io.netty.buffer.UnpooledDirectByteBuf
2024-11-12 13:42:09,892 INFO  EvoClassLoader - Instrumenting class 'io.netty.buffer.UnpooledDirectByteBuf'.
2024-11-12 13:42:09,893 INFO  MethodCallReplacementClassAdapter - Adding mock interface to class io/netty/buffer/UnpooledDirectByteBuf
2024-11-12 13:42:09,894 INFO  CreateClassResetClassAdapter - Creating brand-new static initializer in class io/netty/buffer/UnpooledDirectByteBuf
2024-11-12 13:42:09,894 INFO  EvoClassLoader - Keeping class: io.netty.buffer.UnpooledDirectByteBuf
2024-11-12 13:42:09,894 INFO  EvoClassLoader - Seeing class for first time: io.netty.buffer.UnpooledUnsafeDirectByteBuf
2024-11-12 13:42:09,894 INFO  EvoClassLoader - Instrumenting class 'io.netty.buffer.UnpooledUnsafeDirectByteBuf'.
2024-11-12 13:42:09,895 INFO  MethodCallReplacementClassAdapter - Adding mock interface to class io/netty/buffer/UnpooledUnsafeDirectByteBuf
2024-11-12 13:42:09,895 INFO  CreateClassResetClassAdapter - Creating brand-new static initializer in class io/netty/buffer/UnpooledUnsafeDirectByteBuf
2024-11-12 13:42:09,896 INFO  EvoClassLoader - Keeping class: io.netty.buffer.UnpooledUnsafeDirectByteBuf
2024-11-12 13:42:09,899 INFO  EvoClassLoader - Seeing class for first time: io.netty.util.ResourceLeakDetectorFactory$DefaultResourceLeakDetectorFactory
2024-11-12 13:42:09,899 INFO  EvoClassLoader - Instrumenting class 'io.netty.util.ResourceLeakDetectorFactory$DefaultResourceLeakDetectorFactory'.
2024-11-12 13:42:09,900 INFO  MethodCallReplacementClassAdapter - Adding mock interface to class io/netty/util/ResourceLeakDetectorFactory$DefaultResourceLeakDetectorFactory
2024-11-12 13:42:09,900 INFO  CreateClassResetClassAdapter - Creating brand-new static initializer in class io/netty/util/ResourceLeakDetectorFactory$DefaultResourceLeakDetectorFactory
2024-11-12 13:42:09,900 INFO  EvoClassLoader - Seeing class for first time: io.netty.util.ResourceLeakDetectorFactory
2024-11-12 13:42:09,900 INFO  EvoClassLoader - Instrumenting class 'io.netty.util.ResourceLeakDetectorFactory'.
2024-11-12 13:42:09,901 INFO  MethodCallReplacementClassAdapter - Adding mock interface to class io/netty/util/ResourceLeakDetectorFactory
2024-11-12 13:42:09,901 INFO  CreateClassResetClassAdapter - Found static initializer in class io/netty/util/ResourceLeakDetectorFactory
2024-11-12 13:42:09,901 INFO  EvoClassLoader - Keeping class: io.netty.util.ResourceLeakDetectorFactory
2024-11-12 13:42:09,901 INFO  EvoClassLoader - Keeping class: io.netty.util.ResourceLeakDetectorFactory$DefaultResourceLeakDetectorFactory
2024-11-12 13:42:09,902 INFO  EvoClassLoader - Seeing class for first time: io.netty.util.IllegalReferenceCountException
2024-11-12 13:42:09,902 INFO  EvoClassLoader - Instrumenting class 'io.netty.util.IllegalReferenceCountException'.
2024-11-12 13:42:09,902 INFO  MethodCallReplacementClassAdapter - Adding mock interface to class io/netty/util/IllegalReferenceCountException
2024-11-12 13:42:09,902 INFO  CreateClassResetClassAdapter - Creating brand-new static initializer in class io/netty/util/IllegalReferenceCountException
2024-11-12 13:42:09,902 INFO  EvoClassLoader - Keeping class: io.netty.util.IllegalReferenceCountException
2024-11-12 13:42:09,903 INFO  EvoClassLoader - Seeing class for first time: io.netty.buffer.UnpooledDuplicatedByteBuf
2024-11-12 13:42:09,903 INFO  EvoClassLoader - Instrumenting class 'io.netty.buffer.UnpooledDuplicatedByteBuf'.
2024-11-12 13:42:09,903 INFO  MethodCallReplacementClassAdapter - Adding mock interface to class io/netty/buffer/UnpooledDuplicatedByteBuf
2024-11-12 13:42:09,904 INFO  CreateClassResetClassAdapter - Creating brand-new static initializer in class io/netty/buffer/UnpooledDuplicatedByteBuf
2024-11-12 13:42:09,904 INFO  EvoClassLoader - Seeing class for first time: io.netty.buffer.DuplicatedByteBuf
2024-11-12 13:42:09,904 INFO  EvoClassLoader - Instrumenting class 'io.netty.buffer.DuplicatedByteBuf'.
2024-11-12 13:42:09,904 INFO  MethodCallReplacementClassAdapter - Adding mock interface to class io/netty/buffer/DuplicatedByteBuf
2024-11-12 13:42:09,905 INFO  CreateClassResetClassAdapter - Creating brand-new static initializer in class io/netty/buffer/DuplicatedByteBuf
2024-11-12 13:42:09,905 INFO  EvoClassLoader - Seeing class for first time: io.netty.buffer.AbstractDerivedByteBuf
2024-11-12 13:42:09,905 INFO  EvoClassLoader - Instrumenting class 'io.netty.buffer.AbstractDerivedByteBuf'.
2024-11-12 13:42:09,905 INFO  MethodCallReplacementClassAdapter - Adding mock interface to class io/netty/buffer/AbstractDerivedByteBuf
2024-11-12 13:42:09,906 INFO  CreateClassResetClassAdapter - Creating brand-new static initializer in class io/netty/buffer/AbstractDerivedByteBuf
2024-11-12 13:42:09,906 INFO  EvoClassLoader - Keeping class: io.netty.buffer.AbstractDerivedByteBuf
2024-11-12 13:42:09,906 INFO  EvoClassLoader - Keeping class: io.netty.buffer.DuplicatedByteBuf
2024-11-12 13:42:09,906 INFO  EvoClassLoader - Keeping class: io.netty.buffer.UnpooledDuplicatedByteBuf
2024-11-12 13:42:09,906 INFO  EvoClassLoader - Seeing class for first time: io.netty.buffer.UnpooledSlicedByteBuf
2024-11-12 13:42:09,906 INFO  EvoClassLoader - Instrumenting class 'io.netty.buffer.UnpooledSlicedByteBuf'.
2024-11-12 13:42:09,906 INFO  MethodCallReplacementClassAdapter - Adding mock interface to class io/netty/buffer/UnpooledSlicedByteBuf
2024-11-12 13:42:09,906 INFO  CreateClassResetClassAdapter - Creating brand-new static initializer in class io/netty/buffer/UnpooledSlicedByteBuf
2024-11-12 13:42:09,907 INFO  EvoClassLoader - Seeing class for first time: io.netty.buffer.AbstractUnpooledSlicedByteBuf
2024-11-12 13:42:09,907 INFO  EvoClassLoader - Instrumenting class 'io.netty.buffer.AbstractUnpooledSlicedByteBuf'.
2024-11-12 13:42:09,907 INFO  MethodCallReplacementClassAdapter - Adding mock interface to class io/netty/buffer/AbstractUnpooledSlicedByteBuf
2024-11-12 13:42:09,907 INFO  CreateClassResetClassAdapter - Creating brand-new static initializer in class io/netty/buffer/AbstractUnpooledSlicedByteBuf
2024-11-12 13:42:09,907 INFO  EvoClassLoader - Keeping class: io.netty.buffer.AbstractUnpooledSlicedByteBuf
2024-11-12 13:42:09,907 INFO  EvoClassLoader - Keeping class: io.netty.buffer.UnpooledSlicedByteBuf
2024-11-12 13:42:09,907 INFO  EvoClassLoader - Seeing class for first time: io.netty.buffer.SwappedByteBuf
2024-11-12 13:42:09,907 INFO  EvoClassLoader - Instrumenting class 'io.netty.buffer.SwappedByteBuf'.
2024-11-12 13:42:09,908 INFO  MethodCallReplacementClassAdapter - Adding mock interface to class io/netty/buffer/SwappedByteBuf
2024-11-12 13:42:09,908 INFO  CreateClassResetClassAdapter - Creating brand-new static initializer in class io/netty/buffer/SwappedByteBuf
2024-11-12 13:42:09,909 INFO  EvoClassLoader - Keeping class: io.netty.buffer.SwappedByteBuf
2024-11-12 13:42:09,909 INFO  EvoClassLoader - Seeing class for first time: io.netty.util.internal.ReferenceCountUpdater
2024-11-12 13:42:09,909 INFO  EvoClassLoader - Instrumenting class 'io.netty.util.internal.ReferenceCountUpdater'.
2024-11-12 13:42:09,910 INFO  MethodCallReplacementClassAdapter - Adding mock interface to class io/netty/util/internal/ReferenceCountUpdater
2024-11-12 13:42:09,910 INFO  CreateClassResetClassAdapter - Creating brand-new static initializer in class io/netty/util/internal/ReferenceCountUpdater
2024-11-12 13:42:09,910 INFO  EvoClassLoader - Keeping class: io.netty.util.internal.ReferenceCountUpdater
2024-11-12 13:42:09,910 INFO  EvoClassLoader - Seeing class for first time: io.netty.buffer.AbstractReferenceCountedByteBuf$1
2024-11-12 13:42:09,910 INFO  EvoClassLoader - Instrumenting class 'io.netty.buffer.AbstractReferenceCountedByteBuf$1'.
2024-11-12 13:42:09,910 INFO  MethodCallReplacementClassAdapter - Adding mock interface to class io/netty/buffer/AbstractReferenceCountedByteBuf$1
2024-11-12 13:42:09,910 INFO  EvoClassLoader - Keeping class: io.netty.buffer.AbstractReferenceCountedByteBuf$1
2024-11-12 13:42:09,911 INFO  EvoClassLoader - Seeing class for first time: io.netty.buffer.UnsafeHeapSwappedByteBuf
2024-11-12 13:42:09,911 INFO  EvoClassLoader - Instrumenting class 'io.netty.buffer.UnsafeHeapSwappedByteBuf'.
2024-11-12 13:42:09,911 INFO  MethodCallReplacementClassAdapter - Adding mock interface to class io/netty/buffer/UnsafeHeapSwappedByteBuf
2024-11-12 13:42:09,911 INFO  CreateClassResetClassAdapter - Creating brand-new static initializer in class io/netty/buffer/UnsafeHeapSwappedByteBuf
2024-11-12 13:42:09,911 INFO  EvoClassLoader - Seeing class for first time: io.netty.buffer.AbstractUnsafeSwappedByteBuf
2024-11-12 13:42:09,911 INFO  EvoClassLoader - Instrumenting class 'io.netty.buffer.AbstractUnsafeSwappedByteBuf'.
2024-11-12 13:42:09,912 INFO  MethodCallReplacementClassAdapter - Adding mock interface to class io/netty/buffer/AbstractUnsafeSwappedByteBuf
2024-11-12 13:42:09,912 INFO  CreateClassResetClassAdapter - Found static initializer in class io/netty/buffer/AbstractUnsafeSwappedByteBuf
2024-11-12 13:42:09,912 INFO  EvoClassLoader - Keeping class: io.netty.buffer.AbstractUnsafeSwappedByteBuf
2024-11-12 13:42:09,912 INFO  EvoClassLoader - Keeping class: io.netty.buffer.UnsafeHeapSwappedByteBuf
2024-11-12 13:42:09,912 INFO  EvoClassLoader - Seeing class for first time: org.apache.hadoop.io.TestWritable$SimpleWritable
2024-11-12 13:42:09,912 INFO  EvoClassLoader - Instrumenting class 'org.apache.hadoop.io.TestWritable$SimpleWritable'.
2024-11-12 13:42:09,912 INFO  MethodCallReplacementClassAdapter - Adding mock interface to class org/apache/hadoop/io/TestWritable$SimpleWritable
2024-11-12 13:42:09,912 INFO  CreateClassResetClassAdapter - Found static initializer in class org/apache/hadoop/io/TestWritable$SimpleWritable
2024-11-12 13:42:09,913 INFO  EvoClassLoader - Keeping class: org.apache.hadoop.io.TestWritable$SimpleWritable
2024-11-12 13:42:09,913 INFO  EvoClassLoader - Seeing class for first time: org.apache.hadoop.io.TestWritable
2024-11-12 13:42:09,913 INFO  EvoClassLoader - Instrumenting class 'org.apache.hadoop.io.TestWritable'.
2024-11-12 13:42:09,913 INFO  MethodCallReplacementClassAdapter - Adding mock interface to class org/apache/hadoop/io/TestWritable
2024-11-12 13:42:09,913 INFO  CreateClassResetClassAdapter - Found static initializer in class org/apache/hadoop/io/TestWritable
2024-11-12 13:42:09,913 INFO  EvoClassLoader - Keeping class: org.apache.hadoop.io.TestWritable
2024-11-12 13:42:09,914 INFO  EvoClassLoader - Seeing class for first time: org.apache.hadoop.io.TestWritable$Frob
2024-11-12 13:42:09,914 INFO  EvoClassLoader - Instrumenting class 'org.apache.hadoop.io.TestWritable$Frob'.
2024-11-12 13:42:09,914 INFO  MethodCallReplacementClassAdapter - Adding mock interface to class org/apache/hadoop/io/TestWritable$Frob
2024-11-12 13:42:09,914 INFO  CreateClassResetClassAdapter - Found static initializer in class org/apache/hadoop/io/TestWritable$Frob
2024-11-12 13:42:09,914 INFO  EvoClassLoader - Keeping class: org.apache.hadoop.io.TestWritable$Frob
2024-11-12 13:42:09,914 INFO  EvoClassLoader - Seeing class for first time: org.apache.hadoop.io.TestWritable$FrobComparator
2024-11-12 13:42:09,914 INFO  EvoClassLoader - Instrumenting class 'org.apache.hadoop.io.TestWritable$FrobComparator'.
2024-11-12 13:42:09,914 INFO  MethodCallReplacementClassAdapter - Adding mock interface to class org/apache/hadoop/io/TestWritable$FrobComparator
2024-11-12 13:42:09,914 INFO  CreateClassResetClassAdapter - Creating brand-new static initializer in class org/apache/hadoop/io/TestWritable$FrobComparator
2024-11-12 13:42:09,914 INFO  EvoClassLoader - Keeping class: org.apache.hadoop.io.TestWritable$FrobComparator
2024-11-12 13:42:09,914 INFO  EvoClassLoader - Seeing class for first time: org.apache.hadoop.io.TestWritable$SimpleWritableComparable
2024-11-12 13:42:09,914 INFO  EvoClassLoader - Instrumenting class 'org.apache.hadoop.io.TestWritable$SimpleWritableComparable'.
2024-11-12 13:42:09,914 INFO  MethodCallReplacementClassAdapter - Adding mock interface to class org/apache/hadoop/io/TestWritable$SimpleWritableComparable
2024-11-12 13:42:09,914 INFO  CreateClassResetClassAdapter - Creating brand-new static initializer in class org/apache/hadoop/io/TestWritable$SimpleWritableComparable
2024-11-12 13:42:09,914 INFO  EvoClassLoader - Keeping class: org.apache.hadoop.io.TestWritable$SimpleWritableComparable
2024-11-12 13:42:09,914 INFO  EvoClassLoader - Seeing class for first time: org.apache.hadoop.io.EnumSetWritable$1
2024-11-12 13:42:09,914 INFO  EvoClassLoader - Instrumenting class 'org.apache.hadoop.io.EnumSetWritable$1'.
2024-11-12 13:42:09,915 INFO  MethodCallReplacementClassAdapter - Adding mock interface to class org/apache/hadoop/io/EnumSetWritable$1
2024-11-12 13:42:09,915 INFO  EvoClassLoader - Keeping class: org.apache.hadoop.io.EnumSetWritable$1
2024-11-12 13:42:09,915 INFO  EvoClassLoader - Seeing class for first time: org.apache.hadoop.io.ObjectWritable
2024-11-12 13:42:09,915 INFO  EvoClassLoader - Instrumenting class 'org.apache.hadoop.io.ObjectWritable'.
2024-11-12 13:42:09,916 INFO  MethodCallReplacementClassAdapter - Adding mock interface to class org/apache/hadoop/io/ObjectWritable
2024-11-12 13:42:09,918 INFO  CreateClassResetClassAdapter - Found static initializer in class org/apache/hadoop/io/ObjectWritable
2024-11-12 13:42:09,919 INFO  EvoClassLoader - Keeping class: org.apache.hadoop.io.ObjectWritable
2024-11-12 13:42:09,919 INFO  EvoClassLoader - Seeing class for first time: org.apache.hadoop.thirdparty.protobuf.Message
2024-11-12 13:42:09,919 INFO  EvoClassLoader - Instrumenting class 'org.apache.hadoop.thirdparty.protobuf.Message'.
2024-11-12 13:42:09,920 INFO  EvoClassLoader - Seeing class for first time: org.apache.hadoop.thirdparty.protobuf.MessageLite
2024-11-12 13:42:09,920 INFO  EvoClassLoader - Instrumenting class 'org.apache.hadoop.thirdparty.protobuf.MessageLite'.
2024-11-12 13:42:09,920 INFO  EvoClassLoader - Seeing class for first time: org.apache.hadoop.thirdparty.protobuf.MessageLiteOrBuilder
2024-11-12 13:42:09,920 INFO  EvoClassLoader - Instrumenting class 'org.apache.hadoop.thirdparty.protobuf.MessageLiteOrBuilder'.
2024-11-12 13:42:09,920 INFO  EvoClassLoader - Keeping class: org.apache.hadoop.thirdparty.protobuf.MessageLiteOrBuilder
2024-11-12 13:42:09,920 INFO  EvoClassLoader - Keeping class: org.apache.hadoop.thirdparty.protobuf.MessageLite
2024-11-12 13:42:09,920 INFO  EvoClassLoader - Seeing class for first time: org.apache.hadoop.thirdparty.protobuf.MessageOrBuilder
2024-11-12 13:42:09,920 INFO  EvoClassLoader - Instrumenting class 'org.apache.hadoop.thirdparty.protobuf.MessageOrBuilder'.
2024-11-12 13:42:09,920 INFO  EvoClassLoader - Keeping class: org.apache.hadoop.thirdparty.protobuf.MessageOrBuilder
2024-11-12 13:42:09,920 INFO  EvoClassLoader - Keeping class: org.apache.hadoop.thirdparty.protobuf.Message
2024-11-12 13:42:09,920 INFO  EvoClassLoader - Seeing class for first time: org.apache.hadoop.thirdparty.protobuf.ByteString$CodedBuilder
2024-11-12 13:42:09,920 INFO  EvoClassLoader - Instrumenting class 'org.apache.hadoop.thirdparty.protobuf.ByteString$CodedBuilder'.
2024-11-12 13:42:09,920 INFO  MethodCallReplacementClassAdapter - Adding mock interface to class org/apache/hadoop/thirdparty/protobuf/ByteString$CodedBuilder
2024-11-12 13:42:09,920 INFO  CreateClassResetClassAdapter - Creating brand-new static initializer in class org/apache/hadoop/thirdparty/protobuf/ByteString$CodedBuilder
2024-11-12 13:42:09,921 INFO  EvoClassLoader - Keeping class: org.apache.hadoop.thirdparty.protobuf.ByteString$CodedBuilder
2024-11-12 13:42:09,921 INFO  EvoClassLoader - Seeing class for first time: org.apache.hadoop.thirdparty.protobuf.ByteString$Output
2024-11-12 13:42:09,921 INFO  EvoClassLoader - Instrumenting class 'org.apache.hadoop.thirdparty.protobuf.ByteString$Output'.
2024-11-12 13:42:09,921 INFO  MethodCallReplacementClassAdapter - Adding mock interface to class org/apache/hadoop/thirdparty/protobuf/ByteString$Output
2024-11-12 13:42:09,921 INFO  CreateClassResetClassAdapter - Found static initializer in class org/apache/hadoop/thirdparty/protobuf/ByteString$Output
2024-11-12 13:42:09,921 INFO  EvoClassLoader - Keeping class: org.apache.hadoop.thirdparty.protobuf.ByteString$Output
2024-11-12 13:42:09,921 INFO  EvoClassLoader - Seeing class for first time: org.apache.hadoop.thirdparty.protobuf.ByteOutput
2024-11-12 13:42:09,921 INFO  EvoClassLoader - Instrumenting class 'org.apache.hadoop.thirdparty.protobuf.ByteOutput'.
2024-11-12 13:42:09,922 INFO  MethodCallReplacementClassAdapter - Adding mock interface to class org/apache/hadoop/thirdparty/protobuf/ByteOutput
2024-11-12 13:42:09,922 INFO  CreateClassResetClassAdapter - Creating brand-new static initializer in class org/apache/hadoop/thirdparty/protobuf/ByteOutput
2024-11-12 13:42:09,922 INFO  EvoClassLoader - Keeping class: org.apache.hadoop.thirdparty.protobuf.ByteOutput
2024-11-12 13:42:09,922 INFO  EvoClassLoader - Seeing class for first time: org.apache.hadoop.thirdparty.protobuf.CodedOutputStream
2024-11-12 13:42:09,922 INFO  EvoClassLoader - Instrumenting class 'org.apache.hadoop.thirdparty.protobuf.CodedOutputStream'.
2024-11-12 13:42:09,922 INFO  MethodCallReplacementClassAdapter - Adding mock interface to class org/apache/hadoop/thirdparty/protobuf/CodedOutputStream
2024-11-12 13:42:09,923 INFO  CreateClassResetClassAdapter - Found static initializer in class org/apache/hadoop/thirdparty/protobuf/CodedOutputStream
2024-11-12 13:42:09,923 INFO  EvoClassLoader - Keeping class: org.apache.hadoop.thirdparty.protobuf.CodedOutputStream
2024-11-12 13:42:09,923 INFO  EvoClassLoader - Seeing class for first time: org.apache.hadoop.thirdparty.protobuf.MessageLite$Builder
2024-11-12 13:42:09,923 INFO  EvoClassLoader - Instrumenting class 'org.apache.hadoop.thirdparty.protobuf.MessageLite$Builder'.
2024-11-12 13:42:09,924 INFO  EvoClassLoader - Keeping class: org.apache.hadoop.thirdparty.protobuf.MessageLite$Builder
2024-11-12 13:42:09,924 INFO  EvoClassLoader - Seeing class for first time: org.apache.hadoop.thirdparty.protobuf.ExtensionRegistryLite
2024-11-12 13:42:09,924 INFO  EvoClassLoader - Instrumenting class 'org.apache.hadoop.thirdparty.protobuf.ExtensionRegistryLite'.
2024-11-12 13:42:09,924 INFO  MethodCallReplacementClassAdapter - Adding mock interface to class org/apache/hadoop/thirdparty/protobuf/ExtensionRegistryLite
2024-11-12 13:42:09,924 INFO  CreateClassResetClassAdapter - Found static initializer in class org/apache/hadoop/thirdparty/protobuf/ExtensionRegistryLite
2024-11-12 13:42:09,924 INFO  EvoClassLoader - Keeping class: org.apache.hadoop.thirdparty.protobuf.ExtensionRegistryLite
2024-11-12 13:42:09,925 INFO  EvoClassLoader - Seeing class for first time: org.apache.hadoop.thirdparty.protobuf.Parser
2024-11-12 13:42:09,925 INFO  EvoClassLoader - Instrumenting class 'org.apache.hadoop.thirdparty.protobuf.Parser'.
2024-11-12 13:42:09,925 INFO  EvoClassLoader - Keeping class: org.apache.hadoop.thirdparty.protobuf.Parser
2024-11-12 13:42:09,925 INFO  EvoClassLoader - Seeing class for first time: libcore.io.Memory
2024-11-12 13:42:09,925 INFO  EvoClassLoader - Instrumenting class 'libcore.io.Memory'.
2024-11-12 13:42:09,925 INFO  EvoClassLoader - Error while loading class: java.lang.ClassNotFoundException: Class 'libcore/io/Memory.class' should be in target project, but could not be found!
2024-11-12 13:42:09,925 INFO  EvoClassLoader - Seeing class for first time: org.robolectric.Robolectric
2024-11-12 13:42:09,925 INFO  EvoClassLoader - Instrumenting class 'org.robolectric.Robolectric'.
2024-11-12 13:42:09,925 INFO  EvoClassLoader - Error while loading class: java.lang.ClassNotFoundException: Class 'org/robolectric/Robolectric.class' should be in target project, but could not be found!
2024-11-12 13:42:09,925 INFO  EvoClassLoader - Seeing class for first time: org.apache.hadoop.thirdparty.protobuf.ByteString$AbstractByteIterator
2024-11-12 13:42:09,925 INFO  EvoClassLoader - Instrumenting class 'org.apache.hadoop.thirdparty.protobuf.ByteString$AbstractByteIterator'.
2024-11-12 13:42:09,925 INFO  MethodCallReplacementClassAdapter - Adding mock interface to class org/apache/hadoop/thirdparty/protobuf/ByteString$AbstractByteIterator
2024-11-12 13:42:09,925 INFO  CreateClassResetClassAdapter - Creating brand-new static initializer in class org/apache/hadoop/thirdparty/protobuf/ByteString$AbstractByteIterator
2024-11-12 13:42:09,925 INFO  EvoClassLoader - Keeping class: org.apache.hadoop.thirdparty.protobuf.ByteString$AbstractByteIterator
2024-11-12 13:42:09,926 INFO  EvoClassLoader - Seeing class for first time: org.apache.hadoop.io.AbstractMapWritable
2024-11-12 13:42:09,926 INFO  EvoClassLoader - Instrumenting class 'org.apache.hadoop.io.AbstractMapWritable'.
2024-11-12 13:42:09,926 INFO  MethodCallReplacementClassAdapter - Adding mock interface to class org/apache/hadoop/io/AbstractMapWritable
2024-11-12 13:42:09,926 INFO  CreateClassResetClassAdapter - Creating brand-new static initializer in class org/apache/hadoop/io/AbstractMapWritable
2024-11-12 13:42:09,927 INFO  EvoClassLoader - Keeping class: org.apache.hadoop.io.AbstractMapWritable
2024-11-12 13:42:09,927 INFO  EvoClassLoader - Seeing class for first time: org.apache.hadoop.io.MapWritable
2024-11-12 13:42:09,927 INFO  EvoClassLoader - Instrumenting class 'org.apache.hadoop.io.MapWritable'.
2024-11-12 13:42:09,927 INFO  MethodCallReplacementClassAdapter - Adding mock interface to class org/apache/hadoop/io/MapWritable
2024-11-12 13:42:09,927 INFO  CreateClassResetClassAdapter - Creating brand-new static initializer in class org/apache/hadoop/io/MapWritable
2024-11-12 13:42:09,927 INFO  EvoClassLoader - Keeping class: org.apache.hadoop.io.MapWritable
2024-11-12 13:42:09,928 INFO  EvoClassLoader - Seeing class for first time: org.apache.hadoop.tracing.Tracer$Builder
2024-11-12 13:42:09,928 INFO  EvoClassLoader - Instrumenting class 'org.apache.hadoop.tracing.Tracer$Builder'.
2024-11-12 13:42:09,928 INFO  MethodCallReplacementClassAdapter - Adding mock interface to class org/apache/hadoop/tracing/Tracer$Builder
2024-11-12 13:42:09,928 INFO  CreateClassResetClassAdapter - Creating brand-new static initializer in class org/apache/hadoop/tracing/Tracer$Builder
2024-11-12 13:42:09,928 INFO  CreateClassResetClassAdapter - Adding bytecode for initializing field globalTracer
2024-11-12 13:42:09,928 INFO  EvoClassLoader - Keeping class: org.apache.hadoop.tracing.Tracer$Builder
2024-11-12 13:42:09,928 INFO  EvoClassLoader - Seeing class for first time: org.apache.hadoop.tracing.TraceConfiguration
2024-11-12 13:42:09,928 INFO  EvoClassLoader - Instrumenting class 'org.apache.hadoop.tracing.TraceConfiguration'.
2024-11-12 13:42:09,928 INFO  MethodCallReplacementClassAdapter - Adding mock interface to class org/apache/hadoop/tracing/TraceConfiguration
2024-11-12 13:42:09,928 INFO  CreateClassResetClassAdapter - Creating brand-new static initializer in class org/apache/hadoop/tracing/TraceConfiguration
2024-11-12 13:42:09,928 INFO  EvoClassLoader - Keeping class: org.apache.hadoop.tracing.TraceConfiguration
2024-11-12 13:42:09,928 INFO  EvoClassLoader - Seeing class for first time: org.apache.hadoop.tracing.TraceUtils
2024-11-12 13:42:09,928 INFO  EvoClassLoader - Instrumenting class 'org.apache.hadoop.tracing.TraceUtils'.
2024-11-12 13:42:09,928 INFO  MethodCallReplacementClassAdapter - Adding mock interface to class org/apache/hadoop/tracing/TraceUtils
2024-11-12 13:42:09,928 INFO  CreateClassResetClassAdapter - Creating brand-new static initializer in class org/apache/hadoop/tracing/TraceUtils
2024-11-12 13:42:09,928 INFO  CreateClassResetClassAdapter - Adding bytecode for initializing field DEFAULT_HADOOP_TRACE_PREFIX
2024-11-12 13:42:09,929 INFO  EvoClassLoader - Keeping class: org.apache.hadoop.tracing.TraceUtils
2024-11-12 13:42:09,929 INFO  EvoClassLoader - Seeing class for first time: org.apache.hadoop.tracing.SpanContext
2024-11-12 13:42:09,929 INFO  EvoClassLoader - Instrumenting class 'org.apache.hadoop.tracing.SpanContext'.
2024-11-12 13:42:09,929 INFO  MethodCallReplacementClassAdapter - Adding mock interface to class org/apache/hadoop/tracing/SpanContext
2024-11-12 13:42:09,929 INFO  CreateClassResetClassAdapter - Creating brand-new static initializer in class org/apache/hadoop/tracing/SpanContext
2024-11-12 13:42:09,929 INFO  EvoClassLoader - Keeping class: org.apache.hadoop.tracing.SpanContext
2024-11-12 13:42:09,929 INFO  EvoClassLoader - Seeing class for first time: org.apache.hadoop.tracing.TraceScope
2024-11-12 13:42:09,929 INFO  EvoClassLoader - Instrumenting class 'org.apache.hadoop.tracing.TraceScope'.
2024-11-12 13:42:09,929 INFO  MethodCallReplacementClassAdapter - Adding mock interface to class org/apache/hadoop/tracing/TraceScope
2024-11-12 13:42:09,929 INFO  CreateClassResetClassAdapter - Creating brand-new static initializer in class org/apache/hadoop/tracing/TraceScope
2024-11-12 13:42:09,929 INFO  EvoClassLoader - Keeping class: org.apache.hadoop.tracing.TraceScope
2024-11-12 13:42:09,929 INFO  EvoClassLoader - Seeing class for first time: org.apache.hadoop.tracing.NullTraceScope
2024-11-12 13:42:09,929 INFO  EvoClassLoader - Instrumenting class 'org.apache.hadoop.tracing.NullTraceScope'.
2024-11-12 13:42:09,929 INFO  MethodCallReplacementClassAdapter - Adding mock interface to class org/apache/hadoop/tracing/NullTraceScope
2024-11-12 13:42:09,929 INFO  CreateClassResetClassAdapter - Found static initializer in class org/apache/hadoop/tracing/NullTraceScope
2024-11-12 13:42:09,929 INFO  EvoClassLoader - Keeping class: org.apache.hadoop.tracing.NullTraceScope
2024-11-12 13:42:09,929 INFO  EvoClassLoader - Seeing class for first time: org.apache.hadoop.tracing.Span
2024-11-12 13:42:09,929 INFO  EvoClassLoader - Instrumenting class 'org.apache.hadoop.tracing.Span'.
2024-11-12 13:42:09,929 INFO  MethodCallReplacementClassAdapter - Adding mock interface to class org/apache/hadoop/tracing/Span
2024-11-12 13:42:09,930 INFO  CreateClassResetClassAdapter - Creating brand-new static initializer in class org/apache/hadoop/tracing/Span
2024-11-12 13:42:09,930 INFO  EvoClassLoader - Keeping class: org.apache.hadoop.tracing.Span
2024-11-12 13:42:09,930 INFO  EvoClassLoader - Seeing class for first time: org.apache.hadoop.security.User
2024-11-12 13:42:09,930 INFO  EvoClassLoader - Instrumenting class 'org.apache.hadoop.security.User'.
2024-11-12 13:42:09,930 INFO  MethodCallReplacementClassAdapter - Adding mock interface to class org/apache/hadoop/security/User
2024-11-12 13:42:09,931 INFO  CreateClassResetClassAdapter - Creating brand-new static initializer in class org/apache/hadoop/security/User
2024-11-12 13:42:09,931 INFO  EvoClassLoader - Keeping class: org.apache.hadoop.security.User
2024-11-12 13:42:09,931 INFO  EvoClassLoader - Seeing class for first time: org.apache.hadoop.security.SaslPlainServer
2024-11-12 13:42:09,931 INFO  EvoClassLoader - Instrumenting class 'org.apache.hadoop.security.SaslPlainServer'.
2024-11-12 13:42:09,931 INFO  MethodCallReplacementClassAdapter - Adding mock interface to class org/apache/hadoop/security/SaslPlainServer
2024-11-12 13:42:09,932 INFO  CreateClassResetClassAdapter - Creating brand-new static initializer in class org/apache/hadoop/security/SaslPlainServer
2024-11-12 13:42:09,932 INFO  EvoClassLoader - Keeping class: org.apache.hadoop.security.SaslPlainServer
2024-11-12 13:42:09,932 INFO  EvoClassLoader - Seeing class for first time: org.apache.hadoop.security.SaslPlainServer$SaslPlainServerFactory
2024-11-12 13:42:09,932 INFO  EvoClassLoader - Instrumenting class 'org.apache.hadoop.security.SaslPlainServer$SaslPlainServerFactory'.
2024-11-12 13:42:09,932 INFO  MethodCallReplacementClassAdapter - Adding mock interface to class org/apache/hadoop/security/SaslPlainServer$SaslPlainServerFactory
2024-11-12 13:42:09,932 INFO  CreateClassResetClassAdapter - Creating brand-new static initializer in class org/apache/hadoop/security/SaslPlainServer$SaslPlainServerFactory
2024-11-12 13:42:09,932 INFO  EvoClassLoader - Keeping class: org.apache.hadoop.security.SaslPlainServer$SaslPlainServerFactory
2024-11-12 13:42:09,932 INFO  EvoClassLoader - Seeing class for first time: org.apache.hadoop.io.ByteWritable$Comparator
2024-11-12 13:42:09,932 INFO  EvoClassLoader - Instrumenting class 'org.apache.hadoop.io.ByteWritable$Comparator'.
2024-11-12 13:42:09,933 INFO  MethodCallReplacementClassAdapter - Adding mock interface to class org/apache/hadoop/io/ByteWritable$Comparator
2024-11-12 13:42:09,933 INFO  CreateClassResetClassAdapter - Creating brand-new static initializer in class org/apache/hadoop/io/ByteWritable$Comparator
2024-11-12 13:42:09,933 INFO  EvoClassLoader - Keeping class: org.apache.hadoop.io.ByteWritable$Comparator
2024-11-12 13:42:09,933 INFO  EvoClassLoader - Seeing class for first time: org.apache.hadoop.io.ByteWritable
2024-11-12 13:42:09,933 INFO  EvoClassLoader - Instrumenting class 'org.apache.hadoop.io.ByteWritable'.
2024-11-12 13:42:09,933 INFO  MethodCallReplacementClassAdapter - Adding mock interface to class org/apache/hadoop/io/ByteWritable
2024-11-12 13:42:09,933 INFO  CreateClassResetClassAdapter - Found static initializer in class org/apache/hadoop/io/ByteWritable
2024-11-12 13:42:09,933 INFO  EvoClassLoader - Keeping class: org.apache.hadoop.io.ByteWritable
2024-11-12 13:42:09,933 INFO  EvoClassLoader - Seeing class for first time: org.apache.hadoop.security.token.delegation.TestDelegationToken$TestDelegationTokenIdentifier
2024-11-12 13:42:09,933 INFO  EvoClassLoader - Instrumenting class 'org.apache.hadoop.security.token.delegation.TestDelegationToken$TestDelegationTokenIdentifier'.
2024-11-12 13:42:09,934 INFO  MethodCallReplacementClassAdapter - Adding mock interface to class org/apache/hadoop/security/token/delegation/TestDelegationToken$TestDelegationTokenIdentifier
2024-11-12 13:42:09,934 INFO  CreateClassResetClassAdapter - Creating brand-new static initializer in class org/apache/hadoop/security/token/delegation/TestDelegationToken$TestDelegationTokenIdentifier
2024-11-12 13:42:09,934 INFO  EvoClassLoader - Keeping class: org.apache.hadoop.security.token.delegation.TestDelegationToken$TestDelegationTokenIdentifier
2024-11-12 13:42:09,934 INFO  EvoClassLoader - Seeing class for first time: org.apache.hadoop.security.token.delegation.TestDelegationToken
2024-11-12 13:42:09,934 INFO  EvoClassLoader - Instrumenting class 'org.apache.hadoop.security.token.delegation.TestDelegationToken'.
2024-11-12 13:42:09,934 INFO  MethodCallReplacementClassAdapter - Adding mock interface to class org/apache/hadoop/security/token/delegation/TestDelegationToken
2024-11-12 13:42:09,935 INFO  CreateClassResetClassAdapter - Found static initializer in class org/apache/hadoop/security/token/delegation/TestDelegationToken
2024-11-12 13:42:09,936 INFO  EvoClassLoader - Keeping class: org.apache.hadoop.security.token.delegation.TestDelegationToken
2024-11-12 13:42:09,936 INFO  EvoClassLoader - Seeing class for first time: org.apache.hadoop.security.token.delegation.TestDelegationToken$TokenSelector
2024-11-12 13:42:09,936 INFO  EvoClassLoader - Instrumenting class 'org.apache.hadoop.security.token.delegation.TestDelegationToken$TokenSelector'.
2024-11-12 13:42:09,936 INFO  MethodCallReplacementClassAdapter - Adding mock interface to class org/apache/hadoop/security/token/delegation/TestDelegationToken$TokenSelector
2024-11-12 13:42:09,936 INFO  CreateClassResetClassAdapter - Creating brand-new static initializer in class org/apache/hadoop/security/token/delegation/TestDelegationToken$TokenSelector
2024-11-12 13:42:09,936 INFO  EvoClassLoader - Seeing class for first time: org.apache.hadoop.security.token.delegation.AbstractDelegationTokenSelector
2024-11-12 13:42:09,936 INFO  EvoClassLoader - Instrumenting class 'org.apache.hadoop.security.token.delegation.AbstractDelegationTokenSelector'.
2024-11-12 13:42:09,936 INFO  MethodCallReplacementClassAdapter - Adding mock interface to class org/apache/hadoop/security/token/delegation/AbstractDelegationTokenSelector
2024-11-12 13:42:09,937 INFO  CreateClassResetClassAdapter - Creating brand-new static initializer in class org/apache/hadoop/security/token/delegation/AbstractDelegationTokenSelector
2024-11-12 13:42:09,937 INFO  EvoClassLoader - Seeing class for first time: org.apache.hadoop.security.token.TokenSelector
2024-11-12 13:42:09,937 INFO  EvoClassLoader - Instrumenting class 'org.apache.hadoop.security.token.TokenSelector'.
2024-11-12 13:42:09,937 INFO  EvoClassLoader - Keeping class: org.apache.hadoop.security.token.TokenSelector
2024-11-12 13:42:09,937 INFO  EvoClassLoader - Keeping class: org.apache.hadoop.security.token.delegation.AbstractDelegationTokenSelector
2024-11-12 13:42:09,937 INFO  EvoClassLoader - Keeping class: org.apache.hadoop.security.token.delegation.TestDelegationToken$TokenSelector
2024-11-12 13:42:09,937 INFO  EvoClassLoader - Seeing class for first time: org.apache.hadoop.security.token.delegation.TestDelegationToken$TestFailureDelegationTokenSecretManager
2024-11-12 13:42:09,937 INFO  EvoClassLoader - Instrumenting class 'org.apache.hadoop.security.token.delegation.TestDelegationToken$TestFailureDelegationTokenSecretManager'.
2024-11-12 13:42:09,937 INFO  MethodCallReplacementClassAdapter - Adding mock interface to class org/apache/hadoop/security/token/delegation/TestDelegationToken$TestFailureDelegationTokenSecretManager
2024-11-12 13:42:09,938 INFO  CreateClassResetClassAdapter - Creating brand-new static initializer in class org/apache/hadoop/security/token/delegation/TestDelegationToken$TestFailureDelegationTokenSecretManager
2024-11-12 13:42:09,938 INFO  EvoClassLoader - Seeing class for first time: org.apache.hadoop.security.token.delegation.TestDelegationToken$TestDelegationTokenSecretManager
2024-11-12 13:42:09,938 INFO  EvoClassLoader - Instrumenting class 'org.apache.hadoop.security.token.delegation.TestDelegationToken$TestDelegationTokenSecretManager'.
2024-11-12 13:42:09,938 INFO  MethodCallReplacementClassAdapter - Adding mock interface to class org/apache/hadoop/security/token/delegation/TestDelegationToken$TestDelegationTokenSecretManager
2024-11-12 13:42:09,938 INFO  CreateClassResetClassAdapter - Creating brand-new static initializer in class org/apache/hadoop/security/token/delegation/TestDelegationToken$TestDelegationTokenSecretManager
2024-11-12 13:42:09,938 INFO  EvoClassLoader - Seeing class for first time: org.apache.hadoop.security.token.delegation.AbstractDelegationTokenSecretManager
2024-11-12 13:42:09,938 INFO  EvoClassLoader - Instrumenting class 'org.apache.hadoop.security.token.delegation.AbstractDelegationTokenSecretManager'.
2024-11-12 13:42:09,939 INFO  MethodCallReplacementClassAdapter - Adding mock interface to class org/apache/hadoop/security/token/delegation/AbstractDelegationTokenSecretManager
2024-11-12 13:42:09,940 INFO  CreateClassResetClassAdapter - Found static initializer in class org/apache/hadoop/security/token/delegation/AbstractDelegationTokenSecretManager
2024-11-12 13:42:09,941 INFO  EvoClassLoader - Keeping class: org.apache.hadoop.security.token.delegation.AbstractDelegationTokenSecretManager
2024-11-12 13:42:09,941 INFO  EvoClassLoader - Keeping class: org.apache.hadoop.security.token.delegation.TestDelegationToken$TestDelegationTokenSecretManager
2024-11-12 13:42:09,941 INFO  EvoClassLoader - Keeping class: org.apache.hadoop.security.token.delegation.TestDelegationToken$TestFailureDelegationTokenSecretManager
2024-11-12 13:42:09,941 INFO  EvoClassLoader - Seeing class for first time: org.apache.hadoop.ipc.Server$Call
2024-11-12 13:42:09,941 INFO  EvoClassLoader - Instrumenting class 'org.apache.hadoop.ipc.Server$Call'.
2024-11-12 13:42:09,941 INFO  MethodCallReplacementClassAdapter - Adding mock interface to class org/apache/hadoop/ipc/Server$Call
2024-11-12 13:42:09,941 INFO  CreateClassResetClassAdapter - Found static initializer in class org/apache/hadoop/ipc/Server$Call
2024-11-12 13:42:09,942 INFO  EvoClassLoader - Seeing class for first time: org.apache.hadoop.ipc.Schedulable
2024-11-12 13:42:09,942 INFO  EvoClassLoader - Instrumenting class 'org.apache.hadoop.ipc.Schedulable'.
2024-11-12 13:42:09,942 INFO  EvoClassLoader - Keeping class: org.apache.hadoop.ipc.Schedulable
2024-11-12 13:42:09,942 INFO  EvoClassLoader - Keeping class: org.apache.hadoop.ipc.Server$Call
2024-11-12 13:42:09,942 INFO  EvoClassLoader - Seeing class for first time: org.apache.hadoop.ipc.Server$MetricsUpdateRunner
2024-11-12 13:42:09,942 INFO  EvoClassLoader - Instrumenting class 'org.apache.hadoop.ipc.Server$MetricsUpdateRunner'.
2024-11-12 13:42:09,942 INFO  MethodCallReplacementClassAdapter - Adding mock interface to class org/apache/hadoop/ipc/Server$MetricsUpdateRunner
2024-11-12 13:42:09,942 INFO  CreateClassResetClassAdapter - Creating brand-new static initializer in class org/apache/hadoop/ipc/Server$MetricsUpdateRunner
2024-11-12 13:42:09,942 INFO  EvoClassLoader - Keeping class: org.apache.hadoop.ipc.Server$MetricsUpdateRunner
2024-11-12 13:42:09,942 INFO  EvoClassLoader - Seeing class for first time: org.apache.hadoop.ipc.Server$ConnectionManager
2024-11-12 13:42:09,942 INFO  EvoClassLoader - Instrumenting class 'org.apache.hadoop.ipc.Server$ConnectionManager'.
2024-11-12 13:42:09,942 INFO  MethodCallReplacementClassAdapter - Adding mock interface to class org/apache/hadoop/ipc/Server$ConnectionManager
2024-11-12 13:42:09,943 INFO  CreateClassResetClassAdapter - Creating brand-new static initializer in class org/apache/hadoop/ipc/Server$ConnectionManager
2024-11-12 13:42:09,943 INFO  EvoClassLoader - Keeping class: org.apache.hadoop.ipc.Server$ConnectionManager
2024-11-12 13:42:09,943 INFO  EvoClassLoader - Seeing class for first time: org.apache.hadoop.ipc.Server$Handler
2024-11-12 13:42:09,943 INFO  EvoClassLoader - Instrumenting class 'org.apache.hadoop.ipc.Server$Handler'.
2024-11-12 13:42:09,944 INFO  MethodCallReplacementClassAdapter - Adding mock interface to class org/apache/hadoop/ipc/Server$Handler
2024-11-12 13:42:09,944 INFO  CreateClassResetClassAdapter - Creating brand-new static initializer in class org/apache/hadoop/ipc/Server$Handler
2024-11-12 13:42:09,944 INFO  EvoClassLoader - Keeping class: org.apache.hadoop.ipc.Server$Handler
2024-11-12 13:42:09,944 INFO  EvoClassLoader - Seeing class for first time: org.apache.hadoop.ipc.Server$FatalRpcServerException
2024-11-12 13:42:09,944 INFO  EvoClassLoader - Instrumenting class 'org.apache.hadoop.ipc.Server$FatalRpcServerException'.
2024-11-12 13:42:09,945 INFO  MethodCallReplacementClassAdapter - Adding mock interface to class org/apache/hadoop/ipc/Server$FatalRpcServerException
2024-11-12 13:42:09,945 INFO  CreateClassResetClassAdapter - Creating brand-new static initializer in class org/apache/hadoop/ipc/Server$FatalRpcServerException
2024-11-12 13:42:09,945 INFO  EvoClassLoader - Keeping class: org.apache.hadoop.ipc.Server$FatalRpcServerException
2024-11-12 13:42:09,945 INFO  EvoClassLoader - Seeing class for first time: org.apache.hadoop.ipc.Server$AuthProtocol
2024-11-12 13:42:09,945 INFO  EvoClassLoader - Instrumenting class 'org.apache.hadoop.ipc.Server$AuthProtocol'.
2024-11-12 13:42:09,945 INFO  MethodCallReplacementClassAdapter - Adding mock interface to class org/apache/hadoop/ipc/Server$AuthProtocol
2024-11-12 13:42:09,945 INFO  CreateClassResetClassAdapter - Found static initializer in class org/apache/hadoop/ipc/Server$AuthProtocol
2024-11-12 13:42:09,945 INFO  EvoClassLoader - Keeping class: org.apache.hadoop.ipc.Server$AuthProtocol
2024-11-12 13:42:09,945 INFO  EvoClassLoader - Seeing class for first time: org.apache.hadoop.ipc.Server$Responder
2024-11-12 13:42:09,945 INFO  EvoClassLoader - Instrumenting class 'org.apache.hadoop.ipc.Server$Responder'.
2024-11-12 13:42:09,945 INFO  MethodCallReplacementClassAdapter - Adding mock interface to class org/apache/hadoop/ipc/Server$Responder
2024-11-12 13:42:09,946 INFO  CreateClassResetClassAdapter - Creating brand-new static initializer in class org/apache/hadoop/ipc/Server$Responder
2024-11-12 13:42:09,946 INFO  EvoClassLoader - Keeping class: org.apache.hadoop.ipc.Server$Responder
2024-11-12 13:42:09,946 INFO  EvoClassLoader - Seeing class for first time: org.apache.hadoop.ipc.Server$Listener
2024-11-12 13:42:09,946 INFO  EvoClassLoader - Instrumenting class 'org.apache.hadoop.ipc.Server$Listener'.
2024-11-12 13:42:09,946 INFO  MethodCallReplacementClassAdapter - Adding mock interface to class org/apache/hadoop/ipc/Server$Listener
2024-11-12 13:42:09,947 INFO  CreateClassResetClassAdapter - Creating brand-new static initializer in class org/apache/hadoop/ipc/Server$Listener
2024-11-12 13:42:09,947 INFO  EvoClassLoader - Keeping class: org.apache.hadoop.ipc.Server$Listener
2024-11-12 13:42:09,947 INFO  EvoClassLoader - Seeing class for first time: org.apache.hadoop.ipc.Server$RpcCall
2024-11-12 13:42:09,947 INFO  EvoClassLoader - Instrumenting class 'org.apache.hadoop.ipc.Server$RpcCall'.
2024-11-12 13:42:09,948 INFO  MethodCallReplacementClassAdapter - Adding mock interface to class org/apache/hadoop/ipc/Server$RpcCall
2024-11-12 13:42:09,948 INFO  CreateClassResetClassAdapter - Creating brand-new static initializer in class org/apache/hadoop/ipc/Server$RpcCall
2024-11-12 13:42:09,949 INFO  EvoClassLoader - Keeping class: org.apache.hadoop.ipc.Server$RpcCall
2024-11-12 13:42:09,949 INFO  EvoClassLoader - Seeing class for first time: org.apache.hadoop.ipc.ProcessingDetails
2024-11-12 13:42:09,949 INFO  EvoClassLoader - Instrumenting class 'org.apache.hadoop.ipc.ProcessingDetails'.
2024-11-12 13:42:09,949 INFO  MethodCallReplacementClassAdapter - Adding mock interface to class org/apache/hadoop/ipc/ProcessingDetails
2024-11-12 13:42:09,950 INFO  CreateClassResetClassAdapter - Found static initializer in class org/apache/hadoop/ipc/ProcessingDetails
2024-11-12 13:42:09,950 INFO  EvoClassLoader - Keeping class: org.apache.hadoop.ipc.ProcessingDetails
2024-11-12 13:42:09,950 INFO  EvoClassLoader - Seeing class for first time: org.apache.hadoop.ipc.protobuf.RpcHeaderProtos$RpcResponseHeaderProto$RpcStatusProto
2024-11-12 13:42:09,950 INFO  EvoClassLoader - Instrumenting class 'org.apache.hadoop.ipc.protobuf.RpcHeaderProtos$RpcResponseHeaderProto$RpcStatusProto'.
2024-11-12 13:42:09,950 INFO  MethodCallReplacementClassAdapter - Adding mock interface to class org/apache/hadoop/ipc/protobuf/RpcHeaderProtos$RpcResponseHeaderProto$RpcStatusProto
2024-11-12 13:42:09,950 INFO  CreateClassResetClassAdapter - Found static initializer in class org/apache/hadoop/ipc/protobuf/RpcHeaderProtos$RpcResponseHeaderProto$RpcStatusProto
2024-11-12 13:42:09,951 INFO  EvoClassLoader - Keeping class: org.apache.hadoop.ipc.protobuf.RpcHeaderProtos$RpcResponseHeaderProto$RpcStatusProto
2024-11-12 13:42:09,951 INFO  EvoClassLoader - Seeing class for first time: org.apache.hadoop.ipc.ProcessingDetails$Timing
2024-11-12 13:42:09,951 INFO  EvoClassLoader - Instrumenting class 'org.apache.hadoop.ipc.ProcessingDetails$Timing'.
2024-11-12 13:42:09,951 INFO  MethodCallReplacementClassAdapter - Adding mock interface to class org/apache/hadoop/ipc/ProcessingDetails$Timing
2024-11-12 13:42:09,951 INFO  CreateClassResetClassAdapter - Found static initializer in class org/apache/hadoop/ipc/ProcessingDetails$Timing
2024-11-12 13:42:09,951 INFO  EvoClassLoader - Keeping class: org.apache.hadoop.ipc.ProcessingDetails$Timing
2024-11-12 13:42:09,951 INFO  EvoClassLoader - Seeing class for first time: org.apache.hadoop.io.WritableUtils
2024-11-12 13:42:09,951 INFO  EvoClassLoader - Instrumenting class 'org.apache.hadoop.io.WritableUtils'.
2024-11-12 13:42:09,951 INFO  MethodCallReplacementClassAdapter - Adding mock interface to class org/apache/hadoop/io/WritableUtils
2024-11-12 13:42:09,952 INFO  CreateClassResetClassAdapter - Creating brand-new static initializer in class org/apache/hadoop/io/WritableUtils
2024-11-12 13:42:09,953 INFO  EvoClassLoader - Keeping class: org.apache.hadoop.io.WritableUtils
]]></system-out>
  </testcase>
  <testcase name="test048" classname="org.apache.hadoop.hdfs.tools.DFSAdmin_ESTest" time="0.028">
    <system-out><![CDATA[2024-11-12 13:42:10,015 INFO  EvoClassLoader - Seeing class for first time: org.apache.hadoop.mapred.JobConf
2024-11-12 13:42:10,015 INFO  EvoClassLoader - Instrumenting class 'org.apache.hadoop.mapred.JobConf'.
2024-11-12 13:42:10,015 INFO  EvoClassLoader - Error while loading class: java.lang.ClassNotFoundException: Class 'org/apache/hadoop/mapred/JobConf.class' should be in target project, but could not be found!
2024-11-12 13:42:10,018 INFO  EvoClassLoader - Seeing class for first time: libcore.io.Memory
2024-11-12 13:42:10,018 INFO  EvoClassLoader - Instrumenting class 'libcore.io.Memory'.
2024-11-12 13:42:10,018 INFO  EvoClassLoader - Error while loading class: java.lang.ClassNotFoundException: Class 'libcore/io/Memory.class' should be in target project, but could not be found!
2024-11-12 13:42:10,018 INFO  EvoClassLoader - Seeing class for first time: org.robolectric.Robolectric
2024-11-12 13:42:10,018 INFO  EvoClassLoader - Instrumenting class 'org.robolectric.Robolectric'.
2024-11-12 13:42:10,018 INFO  EvoClassLoader - Error while loading class: java.lang.ClassNotFoundException: Class 'org/robolectric/Robolectric.class' should be in target project, but could not be found!
]]></system-out>
  </testcase>
  <testcase name="test047" classname="org.apache.hadoop.hdfs.tools.DFSAdmin_ESTest" time="0.033">
    <system-out><![CDATA[2024-11-12 13:42:10,050 INFO  EvoClassLoader - Seeing class for first time: org.apache.hadoop.mapred.JobConf
2024-11-12 13:42:10,050 INFO  EvoClassLoader - Instrumenting class 'org.apache.hadoop.mapred.JobConf'.
2024-11-12 13:42:10,050 INFO  EvoClassLoader - Error while loading class: java.lang.ClassNotFoundException: Class 'org/apache/hadoop/mapred/JobConf.class' should be in target project, but could not be found!
2024-11-12 13:42:10,052 INFO  EvoClassLoader - Seeing class for first time: libcore.io.Memory
2024-11-12 13:42:10,052 INFO  EvoClassLoader - Instrumenting class 'libcore.io.Memory'.
2024-11-12 13:42:10,052 INFO  EvoClassLoader - Error while loading class: java.lang.ClassNotFoundException: Class 'libcore/io/Memory.class' should be in target project, but could not be found!
2024-11-12 13:42:10,052 INFO  EvoClassLoader - Seeing class for first time: org.robolectric.Robolectric
2024-11-12 13:42:10,052 INFO  EvoClassLoader - Instrumenting class 'org.robolectric.Robolectric'.
2024-11-12 13:42:10,052 INFO  EvoClassLoader - Error while loading class: java.lang.ClassNotFoundException: Class 'org/robolectric/Robolectric.class' should be in target project, but could not be found!
]]></system-out>
  </testcase>
  <testcase name="test046" classname="org.apache.hadoop.hdfs.tools.DFSAdmin_ESTest" time="0.037">
    <system-out><![CDATA[2024-11-12 13:42:10,087 INFO  EvoClassLoader - Seeing class for first time: org.apache.hadoop.mapred.JobConf
2024-11-12 13:42:10,087 INFO  EvoClassLoader - Instrumenting class 'org.apache.hadoop.mapred.JobConf'.
2024-11-12 13:42:10,087 INFO  EvoClassLoader - Error while loading class: java.lang.ClassNotFoundException: Class 'org/apache/hadoop/mapred/JobConf.class' should be in target project, but could not be found!
2024-11-12 13:42:10,089 INFO  EvoClassLoader - Seeing class for first time: libcore.io.Memory
2024-11-12 13:42:10,089 INFO  EvoClassLoader - Instrumenting class 'libcore.io.Memory'.
2024-11-12 13:42:10,090 INFO  EvoClassLoader - Error while loading class: java.lang.ClassNotFoundException: Class 'libcore/io/Memory.class' should be in target project, but could not be found!
2024-11-12 13:42:10,090 INFO  EvoClassLoader - Seeing class for first time: org.robolectric.Robolectric
2024-11-12 13:42:10,090 INFO  EvoClassLoader - Instrumenting class 'org.robolectric.Robolectric'.
2024-11-12 13:42:10,090 INFO  EvoClassLoader - Error while loading class: java.lang.ClassNotFoundException: Class 'org/robolectric/Robolectric.class' should be in target project, but could not be found!
]]></system-out>
  </testcase>
  <testcase name="test052" classname="org.apache.hadoop.hdfs.tools.DFSAdmin_ESTest" time="0.029">
    <system-out><![CDATA[2024-11-12 13:42:10,117 INFO  EvoClassLoader - Seeing class for first time: org.apache.hadoop.mapred.JobConf
2024-11-12 13:42:10,117 INFO  EvoClassLoader - Instrumenting class 'org.apache.hadoop.mapred.JobConf'.
2024-11-12 13:42:10,117 INFO  EvoClassLoader - Error while loading class: java.lang.ClassNotFoundException: Class 'org/apache/hadoop/mapred/JobConf.class' should be in target project, but could not be found!
2024-11-12 13:42:10,119 INFO  EvoClassLoader - Seeing class for first time: libcore.io.Memory
2024-11-12 13:42:10,119 INFO  EvoClassLoader - Instrumenting class 'libcore.io.Memory'.
2024-11-12 13:42:10,119 INFO  EvoClassLoader - Error while loading class: java.lang.ClassNotFoundException: Class 'libcore/io/Memory.class' should be in target project, but could not be found!
2024-11-12 13:42:10,119 INFO  EvoClassLoader - Seeing class for first time: org.robolectric.Robolectric
2024-11-12 13:42:10,119 INFO  EvoClassLoader - Instrumenting class 'org.robolectric.Robolectric'.
2024-11-12 13:42:10,119 INFO  EvoClassLoader - Error while loading class: java.lang.ClassNotFoundException: Class 'org/robolectric/Robolectric.class' should be in target project, but could not be found!
]]></system-out>
  </testcase>
  <testcase name="test051" classname="org.apache.hadoop.hdfs.tools.DFSAdmin_ESTest" time="0.033">
    <system-out><![CDATA[2024-11-12 13:42:10,149 INFO  EvoClassLoader - Seeing class for first time: org.apache.hadoop.mapred.JobConf
2024-11-12 13:42:10,149 INFO  EvoClassLoader - Instrumenting class 'org.apache.hadoop.mapred.JobConf'.
2024-11-12 13:42:10,149 INFO  EvoClassLoader - Error while loading class: java.lang.ClassNotFoundException: Class 'org/apache/hadoop/mapred/JobConf.class' should be in target project, but could not be found!
2024-11-12 13:42:10,151 INFO  EvoClassLoader - Seeing class for first time: libcore.io.Memory
2024-11-12 13:42:10,151 INFO  EvoClassLoader - Instrumenting class 'libcore.io.Memory'.
2024-11-12 13:42:10,151 INFO  EvoClassLoader - Error while loading class: java.lang.ClassNotFoundException: Class 'libcore/io/Memory.class' should be in target project, but could not be found!
2024-11-12 13:42:10,151 INFO  EvoClassLoader - Seeing class for first time: org.robolectric.Robolectric
2024-11-12 13:42:10,151 INFO  EvoClassLoader - Instrumenting class 'org.robolectric.Robolectric'.
2024-11-12 13:42:10,151 INFO  EvoClassLoader - Error while loading class: java.lang.ClassNotFoundException: Class 'org/robolectric/Robolectric.class' should be in target project, but could not be found!
]]></system-out>
  </testcase>
  <testcase name="test050" classname="org.apache.hadoop.hdfs.tools.DFSAdmin_ESTest" time="0.033">
    <system-out><![CDATA[2024-11-12 13:42:10,180 INFO  EvoClassLoader - Seeing class for first time: org.apache.hadoop.mapred.JobConf
2024-11-12 13:42:10,180 INFO  EvoClassLoader - Instrumenting class 'org.apache.hadoop.mapred.JobConf'.
2024-11-12 13:42:10,180 INFO  EvoClassLoader - Error while loading class: java.lang.ClassNotFoundException: Class 'org/apache/hadoop/mapred/JobConf.class' should be in target project, but could not be found!
2024-11-12 13:42:10,183 INFO  EvoClassLoader - Seeing class for first time: libcore.io.Memory
2024-11-12 13:42:10,183 INFO  EvoClassLoader - Instrumenting class 'libcore.io.Memory'.
2024-11-12 13:42:10,183 INFO  EvoClassLoader - Error while loading class: java.lang.ClassNotFoundException: Class 'libcore/io/Memory.class' should be in target project, but could not be found!
2024-11-12 13:42:10,183 INFO  EvoClassLoader - Seeing class for first time: org.robolectric.Robolectric
2024-11-12 13:42:10,183 INFO  EvoClassLoader - Instrumenting class 'org.robolectric.Robolectric'.
2024-11-12 13:42:10,183 INFO  EvoClassLoader - Error while loading class: java.lang.ClassNotFoundException: Class 'org/robolectric/Robolectric.class' should be in target project, but could not be found!
]]></system-out>
  </testcase>
  <testcase name="test056" classname="org.apache.hadoop.hdfs.tools.DFSAdmin_ESTest" time="0.031">
    <system-out><![CDATA[2024-11-12 13:42:10,213 INFO  EvoClassLoader - Seeing class for first time: org.apache.hadoop.mapred.JobConf
2024-11-12 13:42:10,213 INFO  EvoClassLoader - Instrumenting class 'org.apache.hadoop.mapred.JobConf'.
2024-11-12 13:42:10,213 INFO  EvoClassLoader - Error while loading class: java.lang.ClassNotFoundException: Class 'org/apache/hadoop/mapred/JobConf.class' should be in target project, but could not be found!
2024-11-12 13:42:10,216 INFO  EvoClassLoader - Seeing class for first time: libcore.io.Memory
2024-11-12 13:42:10,216 INFO  EvoClassLoader - Instrumenting class 'libcore.io.Memory'.
2024-11-12 13:42:10,216 INFO  EvoClassLoader - Error while loading class: java.lang.ClassNotFoundException: Class 'libcore/io/Memory.class' should be in target project, but could not be found!
2024-11-12 13:42:10,216 INFO  EvoClassLoader - Seeing class for first time: org.robolectric.Robolectric
2024-11-12 13:42:10,216 INFO  EvoClassLoader - Instrumenting class 'org.robolectric.Robolectric'.
2024-11-12 13:42:10,216 INFO  EvoClassLoader - Error while loading class: java.lang.ClassNotFoundException: Class 'org/robolectric/Robolectric.class' should be in target project, but could not be found!
]]></system-out>
  </testcase>
  <testcase name="test055" classname="org.apache.hadoop.hdfs.tools.DFSAdmin_ESTest" time="0.032">
    <system-out><![CDATA[2024-11-12 13:42:10,246 INFO  EvoClassLoader - Seeing class for first time: org.apache.hadoop.mapred.JobConf
2024-11-12 13:42:10,246 INFO  EvoClassLoader - Instrumenting class 'org.apache.hadoop.mapred.JobConf'.
2024-11-12 13:42:10,246 INFO  EvoClassLoader - Error while loading class: java.lang.ClassNotFoundException: Class 'org/apache/hadoop/mapred/JobConf.class' should be in target project, but could not be found!
2024-11-12 13:42:10,248 INFO  EvoClassLoader - Seeing class for first time: libcore.io.Memory
2024-11-12 13:42:10,248 INFO  EvoClassLoader - Instrumenting class 'libcore.io.Memory'.
2024-11-12 13:42:10,248 INFO  EvoClassLoader - Error while loading class: java.lang.ClassNotFoundException: Class 'libcore/io/Memory.class' should be in target project, but could not be found!
2024-11-12 13:42:10,248 INFO  EvoClassLoader - Seeing class for first time: org.robolectric.Robolectric
2024-11-12 13:42:10,248 INFO  EvoClassLoader - Instrumenting class 'org.robolectric.Robolectric'.
2024-11-12 13:42:10,248 INFO  EvoClassLoader - Error while loading class: java.lang.ClassNotFoundException: Class 'org/robolectric/Robolectric.class' should be in target project, but could not be found!
]]></system-out>
  </testcase>
  <testcase name="test054" classname="org.apache.hadoop.hdfs.tools.DFSAdmin_ESTest" time="0.028">
    <system-out><![CDATA[2024-11-12 13:42:10,275 INFO  EvoClassLoader - Seeing class for first time: org.apache.hadoop.mapred.JobConf
2024-11-12 13:42:10,275 INFO  EvoClassLoader - Instrumenting class 'org.apache.hadoop.mapred.JobConf'.
2024-11-12 13:42:10,275 INFO  EvoClassLoader - Error while loading class: java.lang.ClassNotFoundException: Class 'org/apache/hadoop/mapred/JobConf.class' should be in target project, but could not be found!
2024-11-12 13:42:10,277 INFO  EvoClassLoader - Seeing class for first time: libcore.io.Memory
2024-11-12 13:42:10,277 INFO  EvoClassLoader - Instrumenting class 'libcore.io.Memory'.
2024-11-12 13:42:10,277 INFO  EvoClassLoader - Error while loading class: java.lang.ClassNotFoundException: Class 'libcore/io/Memory.class' should be in target project, but could not be found!
2024-11-12 13:42:10,277 INFO  EvoClassLoader - Seeing class for first time: org.robolectric.Robolectric
2024-11-12 13:42:10,277 INFO  EvoClassLoader - Instrumenting class 'org.robolectric.Robolectric'.
2024-11-12 13:42:10,277 INFO  EvoClassLoader - Error while loading class: java.lang.ClassNotFoundException: Class 'org/robolectric/Robolectric.class' should be in target project, but could not be found!
]]></system-out>
  </testcase>
  <testcase name="test053" classname="org.apache.hadoop.hdfs.tools.DFSAdmin_ESTest" time="0.031">
    <system-out><![CDATA[2024-11-12 13:42:10,306 INFO  EvoClassLoader - Seeing class for first time: org.apache.hadoop.mapred.JobConf
2024-11-12 13:42:10,306 INFO  EvoClassLoader - Instrumenting class 'org.apache.hadoop.mapred.JobConf'.
2024-11-12 13:42:10,306 INFO  EvoClassLoader - Error while loading class: java.lang.ClassNotFoundException: Class 'org/apache/hadoop/mapred/JobConf.class' should be in target project, but could not be found!
2024-11-12 13:42:10,308 INFO  EvoClassLoader - Seeing class for first time: libcore.io.Memory
2024-11-12 13:42:10,308 INFO  EvoClassLoader - Instrumenting class 'libcore.io.Memory'.
2024-11-12 13:42:10,308 INFO  EvoClassLoader - Error while loading class: java.lang.ClassNotFoundException: Class 'libcore/io/Memory.class' should be in target project, but could not be found!
2024-11-12 13:42:10,308 INFO  EvoClassLoader - Seeing class for first time: org.robolectric.Robolectric
2024-11-12 13:42:10,308 INFO  EvoClassLoader - Instrumenting class 'org.robolectric.Robolectric'.
2024-11-12 13:42:10,308 INFO  EvoClassLoader - Error while loading class: java.lang.ClassNotFoundException: Class 'org/robolectric/Robolectric.class' should be in target project, but could not be found!
]]></system-out>
  </testcase>
  <testcase name="test038" classname="org.apache.hadoop.hdfs.tools.DFSAdmin_ESTest" time="0.042">
    <system-out><![CDATA[2024-11-12 13:42:10,343 INFO  EvoClassLoader - Seeing class for first time: org.apache.hadoop.mapred.JobConf
2024-11-12 13:42:10,343 INFO  EvoClassLoader - Instrumenting class 'org.apache.hadoop.mapred.JobConf'.
2024-11-12 13:42:10,344 INFO  EvoClassLoader - Error while loading class: java.lang.ClassNotFoundException: Class 'org/apache/hadoop/mapred/JobConf.class' should be in target project, but could not be found!
2024-11-12 13:42:10,350 INFO  EvoClassLoader - Seeing class for first time: libcore.io.Memory
2024-11-12 13:42:10,350 INFO  EvoClassLoader - Instrumenting class 'libcore.io.Memory'.
2024-11-12 13:42:10,350 INFO  EvoClassLoader - Error while loading class: java.lang.ClassNotFoundException: Class 'libcore/io/Memory.class' should be in target project, but could not be found!
2024-11-12 13:42:10,350 INFO  EvoClassLoader - Seeing class for first time: org.robolectric.Robolectric
2024-11-12 13:42:10,350 INFO  EvoClassLoader - Instrumenting class 'org.robolectric.Robolectric'.
2024-11-12 13:42:10,350 INFO  EvoClassLoader - Error while loading class: java.lang.ClassNotFoundException: Class 'org/robolectric/Robolectric.class' should be in target project, but could not be found!
]]></system-out>
  </testcase>
  <testcase name="test037" classname="org.apache.hadoop.hdfs.tools.DFSAdmin_ESTest" time="0.025">
    <system-out><![CDATA[2024-11-12 13:42:10,374 INFO  EvoClassLoader - Seeing class for first time: org.apache.hadoop.mapred.JobConf
2024-11-12 13:42:10,374 INFO  EvoClassLoader - Instrumenting class 'org.apache.hadoop.mapred.JobConf'.
2024-11-12 13:42:10,374 INFO  EvoClassLoader - Error while loading class: java.lang.ClassNotFoundException: Class 'org/apache/hadoop/mapred/JobConf.class' should be in target project, but could not be found!
2024-11-12 13:42:10,376 INFO  EvoClassLoader - Seeing class for first time: libcore.io.Memory
2024-11-12 13:42:10,376 INFO  EvoClassLoader - Instrumenting class 'libcore.io.Memory'.
2024-11-12 13:42:10,376 INFO  EvoClassLoader - Error while loading class: java.lang.ClassNotFoundException: Class 'libcore/io/Memory.class' should be in target project, but could not be found!
2024-11-12 13:42:10,376 INFO  EvoClassLoader - Seeing class for first time: org.robolectric.Robolectric
2024-11-12 13:42:10,376 INFO  EvoClassLoader - Instrumenting class 'org.robolectric.Robolectric'.
2024-11-12 13:42:10,376 INFO  EvoClassLoader - Error while loading class: java.lang.ClassNotFoundException: Class 'org/robolectric/Robolectric.class' should be in target project, but could not be found!
]]></system-out>
  </testcase>
  <testcase name="test036" classname="org.apache.hadoop.hdfs.tools.DFSAdmin_ESTest" time="0.029">
    <system-out><![CDATA[2024-11-12 13:42:10,402 INFO  EvoClassLoader - Seeing class for first time: org.apache.hadoop.mapred.JobConf
2024-11-12 13:42:10,402 INFO  EvoClassLoader - Instrumenting class 'org.apache.hadoop.mapred.JobConf'.
2024-11-12 13:42:10,402 INFO  EvoClassLoader - Error while loading class: java.lang.ClassNotFoundException: Class 'org/apache/hadoop/mapred/JobConf.class' should be in target project, but could not be found!
2024-11-12 13:42:10,405 INFO  EvoClassLoader - Seeing class for first time: libcore.io.Memory
2024-11-12 13:42:10,405 INFO  EvoClassLoader - Instrumenting class 'libcore.io.Memory'.
2024-11-12 13:42:10,405 INFO  EvoClassLoader - Error while loading class: java.lang.ClassNotFoundException: Class 'libcore/io/Memory.class' should be in target project, but could not be found!
2024-11-12 13:42:10,405 INFO  EvoClassLoader - Seeing class for first time: org.robolectric.Robolectric
2024-11-12 13:42:10,405 INFO  EvoClassLoader - Instrumenting class 'org.robolectric.Robolectric'.
2024-11-12 13:42:10,405 INFO  EvoClassLoader - Error while loading class: java.lang.ClassNotFoundException: Class 'org/robolectric/Robolectric.class' should be in target project, but could not be found!
]]></system-out>
  </testcase>
  <testcase name="test035" classname="org.apache.hadoop.hdfs.tools.DFSAdmin_ESTest" time="0.028">
    <system-out><![CDATA[2024-11-12 13:42:10,432 INFO  EvoClassLoader - Seeing class for first time: org.apache.hadoop.mapred.JobConf
2024-11-12 13:42:10,432 INFO  EvoClassLoader - Instrumenting class 'org.apache.hadoop.mapred.JobConf'.
2024-11-12 13:42:10,432 INFO  EvoClassLoader - Error while loading class: java.lang.ClassNotFoundException: Class 'org/apache/hadoop/mapred/JobConf.class' should be in target project, but could not be found!
2024-11-12 13:42:10,435 INFO  EvoClassLoader - Seeing class for first time: libcore.io.Memory
2024-11-12 13:42:10,435 INFO  EvoClassLoader - Instrumenting class 'libcore.io.Memory'.
2024-11-12 13:42:10,435 INFO  EvoClassLoader - Error while loading class: java.lang.ClassNotFoundException: Class 'libcore/io/Memory.class' should be in target project, but could not be found!
2024-11-12 13:42:10,435 INFO  EvoClassLoader - Seeing class for first time: org.robolectric.Robolectric
2024-11-12 13:42:10,435 INFO  EvoClassLoader - Instrumenting class 'org.robolectric.Robolectric'.
2024-11-12 13:42:10,435 INFO  EvoClassLoader - Error while loading class: java.lang.ClassNotFoundException: Class 'org/robolectric/Robolectric.class' should be in target project, but could not be found!
]]></system-out>
  </testcase>
  <testcase name="test039" classname="org.apache.hadoop.hdfs.tools.DFSAdmin_ESTest" time="0.049">
    <system-out><![CDATA[2024-11-12 13:42:10,467 INFO  EvoClassLoader - Seeing class for first time: org.apache.hadoop.mapred.JobConf
2024-11-12 13:42:10,467 INFO  EvoClassLoader - Instrumenting class 'org.apache.hadoop.mapred.JobConf'.
2024-11-12 13:42:10,467 INFO  EvoClassLoader - Error while loading class: java.lang.ClassNotFoundException: Class 'org/apache/hadoop/mapred/JobConf.class' should be in target project, but could not be found!
2024-11-12 13:42:10,481 INFO  EvoClassLoader - Seeing class for first time: libcore.io.Memory
2024-11-12 13:42:10,481 INFO  EvoClassLoader - Instrumenting class 'libcore.io.Memory'.
2024-11-12 13:42:10,481 INFO  EvoClassLoader - Error while loading class: java.lang.ClassNotFoundException: Class 'libcore/io/Memory.class' should be in target project, but could not be found!
2024-11-12 13:42:10,481 INFO  EvoClassLoader - Seeing class for first time: org.robolectric.Robolectric
2024-11-12 13:42:10,481 INFO  EvoClassLoader - Instrumenting class 'org.robolectric.Robolectric'.
2024-11-12 13:42:10,481 INFO  EvoClassLoader - Error while loading class: java.lang.ClassNotFoundException: Class 'org/robolectric/Robolectric.class' should be in target project, but could not be found!
]]></system-out>
  </testcase>
  <testcase name="test041" classname="org.apache.hadoop.hdfs.tools.DFSAdmin_ESTest" time="0.027">
    <system-out><![CDATA[2024-11-12 13:42:10,509 INFO  EvoClassLoader - Seeing class for first time: org.apache.hadoop.mapred.JobConf
2024-11-12 13:42:10,509 INFO  EvoClassLoader - Instrumenting class 'org.apache.hadoop.mapred.JobConf'.
2024-11-12 13:42:10,509 INFO  EvoClassLoader - Error while loading class: java.lang.ClassNotFoundException: Class 'org/apache/hadoop/mapred/JobConf.class' should be in target project, but could not be found!
2024-11-12 13:42:10,511 INFO  EvoClassLoader - Seeing class for first time: libcore.io.Memory
2024-11-12 13:42:10,511 INFO  EvoClassLoader - Instrumenting class 'libcore.io.Memory'.
2024-11-12 13:42:10,511 INFO  EvoClassLoader - Error while loading class: java.lang.ClassNotFoundException: Class 'libcore/io/Memory.class' should be in target project, but could not be found!
2024-11-12 13:42:10,511 INFO  EvoClassLoader - Seeing class for first time: org.robolectric.Robolectric
2024-11-12 13:42:10,511 INFO  EvoClassLoader - Instrumenting class 'org.robolectric.Robolectric'.
2024-11-12 13:42:10,511 INFO  EvoClassLoader - Error while loading class: java.lang.ClassNotFoundException: Class 'org/robolectric/Robolectric.class' should be in target project, but could not be found!
]]></system-out>
  </testcase>
  <testcase name="test040" classname="org.apache.hadoop.hdfs.tools.DFSAdmin_ESTest" time="0.028">
    <system-out><![CDATA[2024-11-12 13:42:10,537 INFO  EvoClassLoader - Seeing class for first time: org.apache.hadoop.mapred.JobConf
2024-11-12 13:42:10,537 INFO  EvoClassLoader - Instrumenting class 'org.apache.hadoop.mapred.JobConf'.
2024-11-12 13:42:10,537 INFO  EvoClassLoader - Error while loading class: java.lang.ClassNotFoundException: Class 'org/apache/hadoop/mapred/JobConf.class' should be in target project, but could not be found!
2024-11-12 13:42:10,539 INFO  EvoClassLoader - Seeing class for first time: libcore.io.Memory
2024-11-12 13:42:10,539 INFO  EvoClassLoader - Instrumenting class 'libcore.io.Memory'.
2024-11-12 13:42:10,539 INFO  EvoClassLoader - Error while loading class: java.lang.ClassNotFoundException: Class 'libcore/io/Memory.class' should be in target project, but could not be found!
2024-11-12 13:42:10,539 INFO  EvoClassLoader - Seeing class for first time: org.robolectric.Robolectric
2024-11-12 13:42:10,539 INFO  EvoClassLoader - Instrumenting class 'org.robolectric.Robolectric'.
2024-11-12 13:42:10,539 INFO  EvoClassLoader - Error while loading class: java.lang.ClassNotFoundException: Class 'org/robolectric/Robolectric.class' should be in target project, but could not be found!
]]></system-out>
  </testcase>
  <testcase name="test045" classname="org.apache.hadoop.hdfs.tools.DFSAdmin_ESTest" time="0.027">
    <system-out><![CDATA[2024-11-12 13:42:10,563 INFO  EvoClassLoader - Seeing class for first time: org.apache.hadoop.mapred.JobConf
2024-11-12 13:42:10,563 INFO  EvoClassLoader - Instrumenting class 'org.apache.hadoop.mapred.JobConf'.
2024-11-12 13:42:10,564 INFO  EvoClassLoader - Error while loading class: java.lang.ClassNotFoundException: Class 'org/apache/hadoop/mapred/JobConf.class' should be in target project, but could not be found!
2024-11-12 13:42:10,566 INFO  EvoClassLoader - Seeing class for first time: libcore.io.Memory
2024-11-12 13:42:10,566 INFO  EvoClassLoader - Instrumenting class 'libcore.io.Memory'.
2024-11-12 13:42:10,566 INFO  EvoClassLoader - Error while loading class: java.lang.ClassNotFoundException: Class 'libcore/io/Memory.class' should be in target project, but could not be found!
2024-11-12 13:42:10,566 INFO  EvoClassLoader - Seeing class for first time: org.robolectric.Robolectric
2024-11-12 13:42:10,566 INFO  EvoClassLoader - Instrumenting class 'org.robolectric.Robolectric'.
2024-11-12 13:42:10,566 INFO  EvoClassLoader - Error while loading class: java.lang.ClassNotFoundException: Class 'org/robolectric/Robolectric.class' should be in target project, but could not be found!
]]></system-out>
  </testcase>
  <testcase name="test044" classname="org.apache.hadoop.hdfs.tools.DFSAdmin_ESTest" time="0.03">
    <system-out><![CDATA[2024-11-12 13:42:10,591 INFO  EvoClassLoader - Seeing class for first time: org.apache.hadoop.mapred.JobConf
2024-11-12 13:42:10,591 INFO  EvoClassLoader - Instrumenting class 'org.apache.hadoop.mapred.JobConf'.
2024-11-12 13:42:10,591 INFO  EvoClassLoader - Error while loading class: java.lang.ClassNotFoundException: Class 'org/apache/hadoop/mapred/JobConf.class' should be in target project, but could not be found!
2024-11-12 13:42:10,593 INFO  EvoClassLoader - Seeing class for first time: libcore.io.Memory
2024-11-12 13:42:10,593 INFO  EvoClassLoader - Instrumenting class 'libcore.io.Memory'.
2024-11-12 13:42:10,593 INFO  EvoClassLoader - Error while loading class: java.lang.ClassNotFoundException: Class 'libcore/io/Memory.class' should be in target project, but could not be found!
2024-11-12 13:42:10,593 INFO  EvoClassLoader - Seeing class for first time: org.robolectric.Robolectric
2024-11-12 13:42:10,593 INFO  EvoClassLoader - Instrumenting class 'org.robolectric.Robolectric'.
2024-11-12 13:42:10,593 INFO  EvoClassLoader - Error while loading class: java.lang.ClassNotFoundException: Class 'org/robolectric/Robolectric.class' should be in target project, but could not be found!
]]></system-out>
  </testcase>
  <testcase name="test043" classname="org.apache.hadoop.hdfs.tools.DFSAdmin_ESTest" time="0.025">
    <system-out><![CDATA[2024-11-12 13:42:10,619 INFO  EvoClassLoader - Seeing class for first time: org.apache.hadoop.mapred.JobConf
2024-11-12 13:42:10,619 INFO  EvoClassLoader - Instrumenting class 'org.apache.hadoop.mapred.JobConf'.
2024-11-12 13:42:10,619 INFO  EvoClassLoader - Error while loading class: java.lang.ClassNotFoundException: Class 'org/apache/hadoop/mapred/JobConf.class' should be in target project, but could not be found!
2024-11-12 13:42:10,621 INFO  EvoClassLoader - Seeing class for first time: libcore.io.Memory
2024-11-12 13:42:10,621 INFO  EvoClassLoader - Instrumenting class 'libcore.io.Memory'.
2024-11-12 13:42:10,621 INFO  EvoClassLoader - Error while loading class: java.lang.ClassNotFoundException: Class 'libcore/io/Memory.class' should be in target project, but could not be found!
2024-11-12 13:42:10,621 INFO  EvoClassLoader - Seeing class for first time: org.robolectric.Robolectric
2024-11-12 13:42:10,621 INFO  EvoClassLoader - Instrumenting class 'org.robolectric.Robolectric'.
2024-11-12 13:42:10,622 INFO  EvoClassLoader - Error while loading class: java.lang.ClassNotFoundException: Class 'org/robolectric/Robolectric.class' should be in target project, but could not be found!
]]></system-out>
  </testcase>
  <testcase name="test042" classname="org.apache.hadoop.hdfs.tools.DFSAdmin_ESTest" time="0.029">
    <system-out><![CDATA[2024-11-12 13:42:10,647 INFO  EvoClassLoader - Seeing class for first time: org.apache.hadoop.mapred.JobConf
2024-11-12 13:42:10,647 INFO  EvoClassLoader - Instrumenting class 'org.apache.hadoop.mapred.JobConf'.
2024-11-12 13:42:10,647 INFO  EvoClassLoader - Error while loading class: java.lang.ClassNotFoundException: Class 'org/apache/hadoop/mapred/JobConf.class' should be in target project, but could not be found!
2024-11-12 13:42:10,650 INFO  EvoClassLoader - Seeing class for first time: libcore.io.Memory
2024-11-12 13:42:10,650 INFO  EvoClassLoader - Instrumenting class 'libcore.io.Memory'.
2024-11-12 13:42:10,650 INFO  EvoClassLoader - Error while loading class: java.lang.ClassNotFoundException: Class 'libcore/io/Memory.class' should be in target project, but could not be found!
2024-11-12 13:42:10,650 INFO  EvoClassLoader - Seeing class for first time: org.robolectric.Robolectric
2024-11-12 13:42:10,650 INFO  EvoClassLoader - Instrumenting class 'org.robolectric.Robolectric'.
2024-11-12 13:42:10,651 INFO  EvoClassLoader - Error while loading class: java.lang.ClassNotFoundException: Class 'org/robolectric/Robolectric.class' should be in target project, but could not be found!
]]></system-out>
  </testcase>
  <testcase name="test027" classname="org.apache.hadoop.hdfs.tools.DFSAdmin_ESTest" time="0.039">
    <system-out><![CDATA[2024-11-12 13:42:10,687 INFO  EvoClassLoader - Seeing class for first time: org.apache.hadoop.mapred.JobConf
2024-11-12 13:42:10,687 INFO  EvoClassLoader - Instrumenting class 'org.apache.hadoop.mapred.JobConf'.
2024-11-12 13:42:10,687 INFO  EvoClassLoader - Error while loading class: java.lang.ClassNotFoundException: Class 'org/apache/hadoop/mapred/JobConf.class' should be in target project, but could not be found!
2024-11-12 13:42:10,689 INFO  EvoClassLoader - Seeing class for first time: libcore.io.Memory
2024-11-12 13:42:10,689 INFO  EvoClassLoader - Instrumenting class 'libcore.io.Memory'.
2024-11-12 13:42:10,689 INFO  EvoClassLoader - Error while loading class: java.lang.ClassNotFoundException: Class 'libcore/io/Memory.class' should be in target project, but could not be found!
2024-11-12 13:42:10,689 INFO  EvoClassLoader - Seeing class for first time: org.robolectric.Robolectric
2024-11-12 13:42:10,689 INFO  EvoClassLoader - Instrumenting class 'org.robolectric.Robolectric'.
2024-11-12 13:42:10,689 INFO  EvoClassLoader - Error while loading class: java.lang.ClassNotFoundException: Class 'org/robolectric/Robolectric.class' should be in target project, but could not be found!
]]></system-out>
  </testcase>
  <testcase name="test026" classname="org.apache.hadoop.hdfs.tools.DFSAdmin_ESTest" time="0.042">
    <system-out><![CDATA[2024-11-12 13:42:10,728 INFO  EvoClassLoader - Seeing class for first time: org.apache.hadoop.mapred.JobConf
2024-11-12 13:42:10,728 INFO  EvoClassLoader - Instrumenting class 'org.apache.hadoop.mapred.JobConf'.
2024-11-12 13:42:10,729 INFO  EvoClassLoader - Error while loading class: java.lang.ClassNotFoundException: Class 'org/apache/hadoop/mapred/JobConf.class' should be in target project, but could not be found!
2024-11-12 13:42:10,731 INFO  EvoClassLoader - Seeing class for first time: libcore.io.Memory
2024-11-12 13:42:10,731 INFO  EvoClassLoader - Instrumenting class 'libcore.io.Memory'.
2024-11-12 13:42:10,731 INFO  EvoClassLoader - Error while loading class: java.lang.ClassNotFoundException: Class 'libcore/io/Memory.class' should be in target project, but could not be found!
2024-11-12 13:42:10,731 INFO  EvoClassLoader - Seeing class for first time: org.robolectric.Robolectric
2024-11-12 13:42:10,731 INFO  EvoClassLoader - Instrumenting class 'org.robolectric.Robolectric'.
2024-11-12 13:42:10,731 INFO  EvoClassLoader - Error while loading class: java.lang.ClassNotFoundException: Class 'org/robolectric/Robolectric.class' should be in target project, but could not be found!
]]></system-out>
  </testcase>
  <testcase name="test025" classname="org.apache.hadoop.hdfs.tools.DFSAdmin_ESTest" time="0.027">
    <system-out><![CDATA[2024-11-12 13:42:10,757 INFO  EvoClassLoader - Seeing class for first time: org.apache.hadoop.mapred.JobConf
2024-11-12 13:42:10,757 INFO  EvoClassLoader - Instrumenting class 'org.apache.hadoop.mapred.JobConf'.
2024-11-12 13:42:10,757 INFO  EvoClassLoader - Error while loading class: java.lang.ClassNotFoundException: Class 'org/apache/hadoop/mapred/JobConf.class' should be in target project, but could not be found!
2024-11-12 13:42:10,759 INFO  EvoClassLoader - Seeing class for first time: libcore.io.Memory
2024-11-12 13:42:10,759 INFO  EvoClassLoader - Instrumenting class 'libcore.io.Memory'.
2024-11-12 13:42:10,759 INFO  EvoClassLoader - Error while loading class: java.lang.ClassNotFoundException: Class 'libcore/io/Memory.class' should be in target project, but could not be found!
2024-11-12 13:42:10,759 INFO  EvoClassLoader - Seeing class for first time: org.robolectric.Robolectric
2024-11-12 13:42:10,759 INFO  EvoClassLoader - Instrumenting class 'org.robolectric.Robolectric'.
2024-11-12 13:42:10,760 INFO  EvoClassLoader - Error while loading class: java.lang.ClassNotFoundException: Class 'org/robolectric/Robolectric.class' should be in target project, but could not be found!
]]></system-out>
  </testcase>
  <testcase name="test024" classname="org.apache.hadoop.hdfs.tools.DFSAdmin_ESTest" time="0.029">
    <system-out><![CDATA[2024-11-12 13:42:10,786 INFO  EvoClassLoader - Seeing class for first time: org.apache.hadoop.mapred.JobConf
2024-11-12 13:42:10,786 INFO  EvoClassLoader - Instrumenting class 'org.apache.hadoop.mapred.JobConf'.
2024-11-12 13:42:10,786 INFO  EvoClassLoader - Error while loading class: java.lang.ClassNotFoundException: Class 'org/apache/hadoop/mapred/JobConf.class' should be in target project, but could not be found!
2024-11-12 13:42:10,789 INFO  EvoClassLoader - Seeing class for first time: libcore.io.Memory
2024-11-12 13:42:10,789 INFO  EvoClassLoader - Instrumenting class 'libcore.io.Memory'.
2024-11-12 13:42:10,789 INFO  EvoClassLoader - Error while loading class: java.lang.ClassNotFoundException: Class 'libcore/io/Memory.class' should be in target project, but could not be found!
2024-11-12 13:42:10,789 INFO  EvoClassLoader - Seeing class for first time: org.robolectric.Robolectric
2024-11-12 13:42:10,789 INFO  EvoClassLoader - Instrumenting class 'org.robolectric.Robolectric'.
2024-11-12 13:42:10,789 INFO  EvoClassLoader - Error while loading class: java.lang.ClassNotFoundException: Class 'org/robolectric/Robolectric.class' should be in target project, but could not be found!
]]></system-out>
  </testcase>
  <testcase name="test029" classname="org.apache.hadoop.hdfs.tools.DFSAdmin_ESTest" time="0.028">
    <system-out><![CDATA[2024-11-12 13:42:10,814 INFO  EvoClassLoader - Seeing class for first time: org.apache.hadoop.mapred.JobConf
2024-11-12 13:42:10,814 INFO  EvoClassLoader - Instrumenting class 'org.apache.hadoop.mapred.JobConf'.
2024-11-12 13:42:10,815 INFO  EvoClassLoader - Error while loading class: java.lang.ClassNotFoundException: Class 'org/apache/hadoop/mapred/JobConf.class' should be in target project, but could not be found!
2024-11-12 13:42:10,817 INFO  EvoClassLoader - Seeing class for first time: libcore.io.Memory
2024-11-12 13:42:10,817 INFO  EvoClassLoader - Instrumenting class 'libcore.io.Memory'.
2024-11-12 13:42:10,817 INFO  EvoClassLoader - Error while loading class: java.lang.ClassNotFoundException: Class 'libcore/io/Memory.class' should be in target project, but could not be found!
2024-11-12 13:42:10,817 INFO  EvoClassLoader - Seeing class for first time: org.robolectric.Robolectric
2024-11-12 13:42:10,817 INFO  EvoClassLoader - Instrumenting class 'org.robolectric.Robolectric'.
2024-11-12 13:42:10,817 INFO  EvoClassLoader - Error while loading class: java.lang.ClassNotFoundException: Class 'org/robolectric/Robolectric.class' should be in target project, but could not be found!
]]></system-out>
  </testcase>
  <testcase name="test028" classname="org.apache.hadoop.hdfs.tools.DFSAdmin_ESTest" time="0.03">
    <system-out><![CDATA[2024-11-12 13:42:10,843 INFO  EvoClassLoader - Seeing class for first time: org.apache.hadoop.mapred.JobConf
2024-11-12 13:42:10,843 INFO  EvoClassLoader - Instrumenting class 'org.apache.hadoop.mapred.JobConf'.
2024-11-12 13:42:10,843 INFO  EvoClassLoader - Error while loading class: java.lang.ClassNotFoundException: Class 'org/apache/hadoop/mapred/JobConf.class' should be in target project, but could not be found!
2024-11-12 13:42:10,845 INFO  EvoClassLoader - Seeing class for first time: libcore.io.Memory
2024-11-12 13:42:10,845 INFO  EvoClassLoader - Instrumenting class 'libcore.io.Memory'.
2024-11-12 13:42:10,845 INFO  EvoClassLoader - Error while loading class: java.lang.ClassNotFoundException: Class 'libcore/io/Memory.class' should be in target project, but could not be found!
2024-11-12 13:42:10,845 INFO  EvoClassLoader - Seeing class for first time: org.robolectric.Robolectric
2024-11-12 13:42:10,845 INFO  EvoClassLoader - Instrumenting class 'org.robolectric.Robolectric'.
2024-11-12 13:42:10,845 INFO  EvoClassLoader - Error while loading class: java.lang.ClassNotFoundException: Class 'org/robolectric/Robolectric.class' should be in target project, but could not be found!
]]></system-out>
  </testcase>
  <testcase name="test030" classname="org.apache.hadoop.hdfs.tools.DFSAdmin_ESTest" time="0.028">
    <system-out><![CDATA[2024-11-12 13:42:10,871 INFO  EvoClassLoader - Seeing class for first time: org.apache.hadoop.mapred.JobConf
2024-11-12 13:42:10,871 INFO  EvoClassLoader - Instrumenting class 'org.apache.hadoop.mapred.JobConf'.
2024-11-12 13:42:10,872 INFO  EvoClassLoader - Error while loading class: java.lang.ClassNotFoundException: Class 'org/apache/hadoop/mapred/JobConf.class' should be in target project, but could not be found!
2024-11-12 13:42:10,874 INFO  EvoClassLoader - Seeing class for first time: libcore.io.Memory
2024-11-12 13:42:10,874 INFO  EvoClassLoader - Instrumenting class 'libcore.io.Memory'.
2024-11-12 13:42:10,874 INFO  EvoClassLoader - Error while loading class: java.lang.ClassNotFoundException: Class 'libcore/io/Memory.class' should be in target project, but could not be found!
2024-11-12 13:42:10,874 INFO  EvoClassLoader - Seeing class for first time: org.robolectric.Robolectric
2024-11-12 13:42:10,874 INFO  EvoClassLoader - Instrumenting class 'org.robolectric.Robolectric'.
2024-11-12 13:42:10,874 INFO  EvoClassLoader - Error while loading class: java.lang.ClassNotFoundException: Class 'org/robolectric/Robolectric.class' should be in target project, but could not be found!
]]></system-out>
  </testcase>
  <testcase name="test034" classname="org.apache.hadoop.hdfs.tools.DFSAdmin_ESTest" time="0.043">
    <system-out><![CDATA[2024-11-12 13:42:10,901 INFO  EvoClassLoader - Seeing class for first time: org.apache.hadoop.mapred.JobConf
2024-11-12 13:42:10,901 INFO  EvoClassLoader - Instrumenting class 'org.apache.hadoop.mapred.JobConf'.
2024-11-12 13:42:10,901 INFO  EvoClassLoader - Error while loading class: java.lang.ClassNotFoundException: Class 'org/apache/hadoop/mapred/JobConf.class' should be in target project, but could not be found!
2024-11-12 13:42:10,903 INFO  EvoClassLoader - Seeing class for first time: libcore.io.Memory
2024-11-12 13:42:10,903 INFO  EvoClassLoader - Instrumenting class 'libcore.io.Memory'.
2024-11-12 13:42:10,904 INFO  EvoClassLoader - Error while loading class: java.lang.ClassNotFoundException: Class 'libcore/io/Memory.class' should be in target project, but could not be found!
2024-11-12 13:42:10,904 INFO  EvoClassLoader - Seeing class for first time: org.robolectric.Robolectric
2024-11-12 13:42:10,904 INFO  EvoClassLoader - Instrumenting class 'org.robolectric.Robolectric'.
2024-11-12 13:42:10,904 INFO  EvoClassLoader - Error while loading class: java.lang.ClassNotFoundException: Class 'org/robolectric/Robolectric.class' should be in target project, but could not be found!
]]></system-out>
  </testcase>
  <testcase name="test033" classname="org.apache.hadoop.hdfs.tools.DFSAdmin_ESTest" time="0.053">
    <system-out><![CDATA[2024-11-12 13:42:10,969 INFO  EvoClassLoader - Seeing class for first time: org.apache.hadoop.mapred.JobConf
2024-11-12 13:42:10,969 INFO  EvoClassLoader - Instrumenting class 'org.apache.hadoop.mapred.JobConf'.
2024-11-12 13:42:10,969 INFO  EvoClassLoader - Error while loading class: java.lang.ClassNotFoundException: Class 'org/apache/hadoop/mapred/JobConf.class' should be in target project, but could not be found!
2024-11-12 13:42:10,971 INFO  EvoClassLoader - Seeing class for first time: libcore.io.Memory
2024-11-12 13:42:10,971 INFO  EvoClassLoader - Instrumenting class 'libcore.io.Memory'.
2024-11-12 13:42:10,971 INFO  EvoClassLoader - Error while loading class: java.lang.ClassNotFoundException: Class 'libcore/io/Memory.class' should be in target project, but could not be found!
2024-11-12 13:42:10,971 INFO  EvoClassLoader - Seeing class for first time: org.robolectric.Robolectric
2024-11-12 13:42:10,971 INFO  EvoClassLoader - Instrumenting class 'org.robolectric.Robolectric'.
2024-11-12 13:42:10,971 INFO  EvoClassLoader - Error while loading class: java.lang.ClassNotFoundException: Class 'org/robolectric/Robolectric.class' should be in target project, but could not be found!
]]></system-out>
  </testcase>
  <testcase name="test032" classname="org.apache.hadoop.hdfs.tools.DFSAdmin_ESTest" time="0.026">
    <system-out><![CDATA[2024-11-12 13:42:10,995 INFO  EvoClassLoader - Seeing class for first time: org.apache.hadoop.mapred.JobConf
2024-11-12 13:42:10,995 INFO  EvoClassLoader - Instrumenting class 'org.apache.hadoop.mapred.JobConf'.
2024-11-12 13:42:10,995 INFO  EvoClassLoader - Error while loading class: java.lang.ClassNotFoundException: Class 'org/apache/hadoop/mapred/JobConf.class' should be in target project, but could not be found!
2024-11-12 13:42:10,997 INFO  EvoClassLoader - Seeing class for first time: libcore.io.Memory
2024-11-12 13:42:10,997 INFO  EvoClassLoader - Instrumenting class 'libcore.io.Memory'.
2024-11-12 13:42:10,997 INFO  EvoClassLoader - Error while loading class: java.lang.ClassNotFoundException: Class 'libcore/io/Memory.class' should be in target project, but could not be found!
2024-11-12 13:42:10,997 INFO  EvoClassLoader - Seeing class for first time: org.robolectric.Robolectric
2024-11-12 13:42:10,997 INFO  EvoClassLoader - Instrumenting class 'org.robolectric.Robolectric'.
2024-11-12 13:42:10,997 INFO  EvoClassLoader - Error while loading class: java.lang.ClassNotFoundException: Class 'org/robolectric/Robolectric.class' should be in target project, but could not be found!
]]></system-out>
  </testcase>
  <testcase name="test031" classname="org.apache.hadoop.hdfs.tools.DFSAdmin_ESTest" time="0.027">
    <system-out><![CDATA[2024-11-12 13:42:11,023 INFO  EvoClassLoader - Seeing class for first time: org.apache.hadoop.mapred.JobConf
2024-11-12 13:42:11,023 INFO  EvoClassLoader - Instrumenting class 'org.apache.hadoop.mapred.JobConf'.
2024-11-12 13:42:11,023 INFO  EvoClassLoader - Error while loading class: java.lang.ClassNotFoundException: Class 'org/apache/hadoop/mapred/JobConf.class' should be in target project, but could not be found!
2024-11-12 13:42:11,025 INFO  EvoClassLoader - Seeing class for first time: libcore.io.Memory
2024-11-12 13:42:11,025 INFO  EvoClassLoader - Instrumenting class 'libcore.io.Memory'.
2024-11-12 13:42:11,025 INFO  EvoClassLoader - Error while loading class: java.lang.ClassNotFoundException: Class 'libcore/io/Memory.class' should be in target project, but could not be found!
2024-11-12 13:42:11,025 INFO  EvoClassLoader - Seeing class for first time: org.robolectric.Robolectric
2024-11-12 13:42:11,025 INFO  EvoClassLoader - Instrumenting class 'org.robolectric.Robolectric'.
2024-11-12 13:42:11,025 INFO  EvoClassLoader - Error while loading class: java.lang.ClassNotFoundException: Class 'org/robolectric/Robolectric.class' should be in target project, but could not be found!
]]></system-out>
  </testcase>
  <testcase name="test016" classname="org.apache.hadoop.hdfs.tools.DFSAdmin_ESTest" time="0.029">
    <system-out><![CDATA[2024-11-12 13:42:11,052 INFO  EvoClassLoader - Seeing class for first time: org.apache.hadoop.mapred.JobConf
2024-11-12 13:42:11,052 INFO  EvoClassLoader - Instrumenting class 'org.apache.hadoop.mapred.JobConf'.
2024-11-12 13:42:11,052 INFO  EvoClassLoader - Error while loading class: java.lang.ClassNotFoundException: Class 'org/apache/hadoop/mapred/JobConf.class' should be in target project, but could not be found!
2024-11-12 13:42:11,054 INFO  EvoClassLoader - Seeing class for first time: libcore.io.Memory
2024-11-12 13:42:11,054 INFO  EvoClassLoader - Instrumenting class 'libcore.io.Memory'.
2024-11-12 13:42:11,054 INFO  EvoClassLoader - Error while loading class: java.lang.ClassNotFoundException: Class 'libcore/io/Memory.class' should be in target project, but could not be found!
2024-11-12 13:42:11,054 INFO  EvoClassLoader - Seeing class for first time: org.robolectric.Robolectric
2024-11-12 13:42:11,054 INFO  EvoClassLoader - Instrumenting class 'org.robolectric.Robolectric'.
2024-11-12 13:42:11,054 INFO  EvoClassLoader - Error while loading class: java.lang.ClassNotFoundException: Class 'org/robolectric/Robolectric.class' should be in target project, but could not be found!
]]></system-out>
  </testcase>
  <testcase name="test015" classname="org.apache.hadoop.hdfs.tools.DFSAdmin_ESTest" time="0.029">
    <system-out><![CDATA[2024-11-12 13:42:11,080 INFO  EvoClassLoader - Seeing class for first time: org.apache.hadoop.mapred.JobConf
2024-11-12 13:42:11,081 INFO  EvoClassLoader - Instrumenting class 'org.apache.hadoop.mapred.JobConf'.
2024-11-12 13:42:11,081 INFO  EvoClassLoader - Error while loading class: java.lang.ClassNotFoundException: Class 'org/apache/hadoop/mapred/JobConf.class' should be in target project, but could not be found!
2024-11-12 13:42:11,083 INFO  EvoClassLoader - Seeing class for first time: libcore.io.Memory
2024-11-12 13:42:11,083 INFO  EvoClassLoader - Instrumenting class 'libcore.io.Memory'.
2024-11-12 13:42:11,084 INFO  EvoClassLoader - Error while loading class: java.lang.ClassNotFoundException: Class 'libcore/io/Memory.class' should be in target project, but could not be found!
2024-11-12 13:42:11,084 INFO  EvoClassLoader - Seeing class for first time: org.robolectric.Robolectric
2024-11-12 13:42:11,084 INFO  EvoClassLoader - Instrumenting class 'org.robolectric.Robolectric'.
2024-11-12 13:42:11,084 INFO  EvoClassLoader - Error while loading class: java.lang.ClassNotFoundException: Class 'org/robolectric/Robolectric.class' should be in target project, but could not be found!
]]></system-out>
  </testcase>
  <testcase name="test014" classname="org.apache.hadoop.hdfs.tools.DFSAdmin_ESTest" time="0.028">
    <system-out><![CDATA[2024-11-12 13:42:11,109 INFO  EvoClassLoader - Seeing class for first time: org.apache.hadoop.mapred.JobConf
2024-11-12 13:42:11,109 INFO  EvoClassLoader - Instrumenting class 'org.apache.hadoop.mapred.JobConf'.
2024-11-12 13:42:11,109 INFO  EvoClassLoader - Error while loading class: java.lang.ClassNotFoundException: Class 'org/apache/hadoop/mapred/JobConf.class' should be in target project, but could not be found!
2024-11-12 13:42:11,111 INFO  EvoClassLoader - Seeing class for first time: libcore.io.Memory
2024-11-12 13:42:11,111 INFO  EvoClassLoader - Instrumenting class 'libcore.io.Memory'.
2024-11-12 13:42:11,111 INFO  EvoClassLoader - Error while loading class: java.lang.ClassNotFoundException: Class 'libcore/io/Memory.class' should be in target project, but could not be found!
2024-11-12 13:42:11,111 INFO  EvoClassLoader - Seeing class for first time: org.robolectric.Robolectric
2024-11-12 13:42:11,111 INFO  EvoClassLoader - Instrumenting class 'org.robolectric.Robolectric'.
2024-11-12 13:42:11,111 INFO  EvoClassLoader - Error while loading class: java.lang.ClassNotFoundException: Class 'org/robolectric/Robolectric.class' should be in target project, but could not be found!
]]></system-out>
  </testcase>
  <testcase name="test013" classname="org.apache.hadoop.hdfs.tools.DFSAdmin_ESTest" time="0.028">
    <system-out><![CDATA[2024-11-12 13:42:11,135 INFO  EvoClassLoader - Seeing class for first time: org.apache.hadoop.mapred.JobConf
2024-11-12 13:42:11,135 INFO  EvoClassLoader - Instrumenting class 'org.apache.hadoop.mapred.JobConf'.
2024-11-12 13:42:11,136 INFO  EvoClassLoader - Error while loading class: java.lang.ClassNotFoundException: Class 'org/apache/hadoop/mapred/JobConf.class' should be in target project, but could not be found!
2024-11-12 13:42:11,138 INFO  EvoClassLoader - Seeing class for first time: libcore.io.Memory
2024-11-12 13:42:11,138 INFO  EvoClassLoader - Instrumenting class 'libcore.io.Memory'.
2024-11-12 13:42:11,138 INFO  EvoClassLoader - Error while loading class: java.lang.ClassNotFoundException: Class 'libcore/io/Memory.class' should be in target project, but could not be found!
2024-11-12 13:42:11,138 INFO  EvoClassLoader - Seeing class for first time: org.robolectric.Robolectric
2024-11-12 13:42:11,138 INFO  EvoClassLoader - Instrumenting class 'org.robolectric.Robolectric'.
2024-11-12 13:42:11,138 INFO  EvoClassLoader - Error while loading class: java.lang.ClassNotFoundException: Class 'org/robolectric/Robolectric.class' should be in target project, but could not be found!
]]></system-out>
  </testcase>
  <testcase name="test019" classname="org.apache.hadoop.hdfs.tools.DFSAdmin_ESTest" time="0.03">
    <system-out><![CDATA[2024-11-12 13:42:11,165 INFO  EvoClassLoader - Seeing class for first time: org.apache.hadoop.mapred.JobConf
2024-11-12 13:42:11,165 INFO  EvoClassLoader - Instrumenting class 'org.apache.hadoop.mapred.JobConf'.
2024-11-12 13:42:11,165 INFO  EvoClassLoader - Error while loading class: java.lang.ClassNotFoundException: Class 'org/apache/hadoop/mapred/JobConf.class' should be in target project, but could not be found!
2024-11-12 13:42:11,167 INFO  EvoClassLoader - Seeing class for first time: libcore.io.Memory
2024-11-12 13:42:11,167 INFO  EvoClassLoader - Instrumenting class 'libcore.io.Memory'.
2024-11-12 13:42:11,168 INFO  EvoClassLoader - Error while loading class: java.lang.ClassNotFoundException: Class 'libcore/io/Memory.class' should be in target project, but could not be found!
2024-11-12 13:42:11,168 INFO  EvoClassLoader - Seeing class for first time: org.robolectric.Robolectric
2024-11-12 13:42:11,168 INFO  EvoClassLoader - Instrumenting class 'org.robolectric.Robolectric'.
2024-11-12 13:42:11,168 INFO  EvoClassLoader - Error while loading class: java.lang.ClassNotFoundException: Class 'org/robolectric/Robolectric.class' should be in target project, but could not be found!
]]></system-out>
  </testcase>
  <testcase name="test018" classname="org.apache.hadoop.hdfs.tools.DFSAdmin_ESTest" time="0.04">
    <system-out><![CDATA[2024-11-12 13:42:11,201 INFO  EvoClassLoader - Seeing class for first time: org.apache.hadoop.mapred.JobConf
2024-11-12 13:42:11,201 INFO  EvoClassLoader - Instrumenting class 'org.apache.hadoop.mapred.JobConf'.
2024-11-12 13:42:11,201 INFO  EvoClassLoader - Error while loading class: java.lang.ClassNotFoundException: Class 'org/apache/hadoop/mapred/JobConf.class' should be in target project, but could not be found!
2024-11-12 13:42:11,204 INFO  EvoClassLoader - Seeing class for first time: libcore.io.Memory
2024-11-12 13:42:11,204 INFO  EvoClassLoader - Instrumenting class 'libcore.io.Memory'.
2024-11-12 13:42:11,204 INFO  EvoClassLoader - Error while loading class: java.lang.ClassNotFoundException: Class 'libcore/io/Memory.class' should be in target project, but could not be found!
2024-11-12 13:42:11,204 INFO  EvoClassLoader - Seeing class for first time: org.robolectric.Robolectric
2024-11-12 13:42:11,204 INFO  EvoClassLoader - Instrumenting class 'org.robolectric.Robolectric'.
2024-11-12 13:42:11,204 INFO  EvoClassLoader - Error while loading class: java.lang.ClassNotFoundException: Class 'org/robolectric/Robolectric.class' should be in target project, but could not be found!
]]></system-out>
  </testcase>
  <testcase name="test017" classname="org.apache.hadoop.hdfs.tools.DFSAdmin_ESTest" time="0.031">
    <system-out><![CDATA[2024-11-12 13:42:11,232 INFO  EvoClassLoader - Seeing class for first time: org.apache.hadoop.mapred.JobConf
2024-11-12 13:42:11,232 INFO  EvoClassLoader - Instrumenting class 'org.apache.hadoop.mapred.JobConf'.
2024-11-12 13:42:11,233 INFO  EvoClassLoader - Error while loading class: java.lang.ClassNotFoundException: Class 'org/apache/hadoop/mapred/JobConf.class' should be in target project, but could not be found!
2024-11-12 13:42:11,235 INFO  EvoClassLoader - Seeing class for first time: libcore.io.Memory
2024-11-12 13:42:11,235 INFO  EvoClassLoader - Instrumenting class 'libcore.io.Memory'.
2024-11-12 13:42:11,236 INFO  EvoClassLoader - Error while loading class: java.lang.ClassNotFoundException: Class 'libcore/io/Memory.class' should be in target project, but could not be found!
2024-11-12 13:42:11,236 INFO  EvoClassLoader - Seeing class for first time: org.robolectric.Robolectric
2024-11-12 13:42:11,236 INFO  EvoClassLoader - Instrumenting class 'org.robolectric.Robolectric'.
2024-11-12 13:42:11,236 INFO  EvoClassLoader - Error while loading class: java.lang.ClassNotFoundException: Class 'org/robolectric/Robolectric.class' should be in target project, but could not be found!
]]></system-out>
  </testcase>
  <testcase name="test023" classname="org.apache.hadoop.hdfs.tools.DFSAdmin_ESTest" time="0.034">
    <system-out><![CDATA[2024-11-12 13:42:11,267 INFO  EvoClassLoader - Seeing class for first time: org.apache.hadoop.mapred.JobConf
2024-11-12 13:42:11,267 INFO  EvoClassLoader - Instrumenting class 'org.apache.hadoop.mapred.JobConf'.
2024-11-12 13:42:11,267 INFO  EvoClassLoader - Error while loading class: java.lang.ClassNotFoundException: Class 'org/apache/hadoop/mapred/JobConf.class' should be in target project, but could not be found!
2024-11-12 13:42:11,269 INFO  EvoClassLoader - Seeing class for first time: libcore.io.Memory
2024-11-12 13:42:11,269 INFO  EvoClassLoader - Instrumenting class 'libcore.io.Memory'.
2024-11-12 13:42:11,270 INFO  EvoClassLoader - Error while loading class: java.lang.ClassNotFoundException: Class 'libcore/io/Memory.class' should be in target project, but could not be found!
2024-11-12 13:42:11,270 INFO  EvoClassLoader - Seeing class for first time: org.robolectric.Robolectric
2024-11-12 13:42:11,270 INFO  EvoClassLoader - Instrumenting class 'org.robolectric.Robolectric'.
2024-11-12 13:42:11,270 INFO  EvoClassLoader - Error while loading class: java.lang.ClassNotFoundException: Class 'org/robolectric/Robolectric.class' should be in target project, but could not be found!
]]></system-out>
  </testcase>
  <testcase name="test022" classname="org.apache.hadoop.hdfs.tools.DFSAdmin_ESTest" time="0.03">
    <system-out><![CDATA[2024-11-12 13:42:11,298 INFO  EvoClassLoader - Seeing class for first time: org.apache.hadoop.mapred.JobConf
2024-11-12 13:42:11,298 INFO  EvoClassLoader - Instrumenting class 'org.apache.hadoop.mapred.JobConf'.
2024-11-12 13:42:11,298 INFO  EvoClassLoader - Error while loading class: java.lang.ClassNotFoundException: Class 'org/apache/hadoop/mapred/JobConf.class' should be in target project, but could not be found!
2024-11-12 13:42:11,301 INFO  EvoClassLoader - Seeing class for first time: libcore.io.Memory
2024-11-12 13:42:11,301 INFO  EvoClassLoader - Instrumenting class 'libcore.io.Memory'.
2024-11-12 13:42:11,302 INFO  EvoClassLoader - Error while loading class: java.lang.ClassNotFoundException: Class 'libcore/io/Memory.class' should be in target project, but could not be found!
2024-11-12 13:42:11,302 INFO  EvoClassLoader - Seeing class for first time: org.robolectric.Robolectric
2024-11-12 13:42:11,302 INFO  EvoClassLoader - Instrumenting class 'org.robolectric.Robolectric'.
2024-11-12 13:42:11,302 INFO  EvoClassLoader - Error while loading class: java.lang.ClassNotFoundException: Class 'org/robolectric/Robolectric.class' should be in target project, but could not be found!
]]></system-out>
  </testcase>
  <testcase name="test021" classname="org.apache.hadoop.hdfs.tools.DFSAdmin_ESTest" time="0.03">
    <system-out><![CDATA[2024-11-12 13:42:11,326 INFO  EvoClassLoader - Seeing class for first time: org.apache.hadoop.mapred.JobConf
2024-11-12 13:42:11,326 INFO  EvoClassLoader - Instrumenting class 'org.apache.hadoop.mapred.JobConf'.
2024-11-12 13:42:11,326 INFO  EvoClassLoader - Error while loading class: java.lang.ClassNotFoundException: Class 'org/apache/hadoop/mapred/JobConf.class' should be in target project, but could not be found!
2024-11-12 13:42:11,329 INFO  EvoClassLoader - Seeing class for first time: libcore.io.Memory
2024-11-12 13:42:11,329 INFO  EvoClassLoader - Instrumenting class 'libcore.io.Memory'.
2024-11-12 13:42:11,329 INFO  EvoClassLoader - Error while loading class: java.lang.ClassNotFoundException: Class 'libcore/io/Memory.class' should be in target project, but could not be found!
2024-11-12 13:42:11,329 INFO  EvoClassLoader - Seeing class for first time: org.robolectric.Robolectric
2024-11-12 13:42:11,329 INFO  EvoClassLoader - Instrumenting class 'org.robolectric.Robolectric'.
2024-11-12 13:42:11,329 INFO  EvoClassLoader - Error while loading class: java.lang.ClassNotFoundException: Class 'org/robolectric/Robolectric.class' should be in target project, but could not be found!
]]></system-out>
  </testcase>
  <testcase name="test020" classname="org.apache.hadoop.hdfs.tools.DFSAdmin_ESTest" time="0.03">
    <system-out><![CDATA[2024-11-12 13:42:11,358 INFO  EvoClassLoader - Seeing class for first time: org.apache.hadoop.mapred.JobConf
2024-11-12 13:42:11,358 INFO  EvoClassLoader - Instrumenting class 'org.apache.hadoop.mapred.JobConf'.
2024-11-12 13:42:11,358 INFO  EvoClassLoader - Error while loading class: java.lang.ClassNotFoundException: Class 'org/apache/hadoop/mapred/JobConf.class' should be in target project, but could not be found!
2024-11-12 13:42:11,360 INFO  EvoClassLoader - Seeing class for first time: libcore.io.Memory
2024-11-12 13:42:11,360 INFO  EvoClassLoader - Instrumenting class 'libcore.io.Memory'.
2024-11-12 13:42:11,360 INFO  EvoClassLoader - Error while loading class: java.lang.ClassNotFoundException: Class 'libcore/io/Memory.class' should be in target project, but could not be found!
2024-11-12 13:42:11,360 INFO  EvoClassLoader - Seeing class for first time: org.robolectric.Robolectric
2024-11-12 13:42:11,360 INFO  EvoClassLoader - Instrumenting class 'org.robolectric.Robolectric'.
2024-11-12 13:42:11,360 INFO  EvoClassLoader - Error while loading class: java.lang.ClassNotFoundException: Class 'org/robolectric/Robolectric.class' should be in target project, but could not be found!
]]></system-out>
  </testcase>
  <testcase name="test005" classname="org.apache.hadoop.hdfs.tools.DFSAdmin_ESTest" time="0.039">
    <system-out><![CDATA[2024-11-12 13:42:11,398 INFO  EvoClassLoader - Seeing class for first time: org.apache.hadoop.mapred.JobConf
2024-11-12 13:42:11,398 INFO  EvoClassLoader - Instrumenting class 'org.apache.hadoop.mapred.JobConf'.
2024-11-12 13:42:11,398 INFO  EvoClassLoader - Error while loading class: java.lang.ClassNotFoundException: Class 'org/apache/hadoop/mapred/JobConf.class' should be in target project, but could not be found!
2024-11-12 13:42:11,401 INFO  EvoClassLoader - Seeing class for first time: libcore.io.Memory
2024-11-12 13:42:11,401 INFO  EvoClassLoader - Instrumenting class 'libcore.io.Memory'.
2024-11-12 13:42:11,401 INFO  EvoClassLoader - Error while loading class: java.lang.ClassNotFoundException: Class 'libcore/io/Memory.class' should be in target project, but could not be found!
2024-11-12 13:42:11,401 INFO  EvoClassLoader - Seeing class for first time: org.robolectric.Robolectric
2024-11-12 13:42:11,401 INFO  EvoClassLoader - Instrumenting class 'org.robolectric.Robolectric'.
2024-11-12 13:42:11,401 INFO  EvoClassLoader - Error while loading class: java.lang.ClassNotFoundException: Class 'org/robolectric/Robolectric.class' should be in target project, but could not be found!
]]></system-out>
    <system-err><![CDATA[Node type -j=p@rsJ9k Z does not support reconfiguration.
]]></system-err>
  </testcase>
  <testcase name="test004" classname="org.apache.hadoop.hdfs.tools.DFSAdmin_ESTest" time="0.033">
    <system-out><![CDATA[2024-11-12 13:42:11,428 INFO  EvoClassLoader - Seeing class for first time: org.apache.hadoop.mapred.JobConf
2024-11-12 13:42:11,428 INFO  EvoClassLoader - Instrumenting class 'org.apache.hadoop.mapred.JobConf'.
2024-11-12 13:42:11,428 INFO  EvoClassLoader - Error while loading class: java.lang.ClassNotFoundException: Class 'org/apache/hadoop/mapred/JobConf.class' should be in target project, but could not be found!
2024-11-12 13:42:11,431 INFO  EvoClassLoader - Seeing class for first time: libcore.io.Memory
2024-11-12 13:42:11,431 INFO  EvoClassLoader - Instrumenting class 'libcore.io.Memory'.
2024-11-12 13:42:11,431 INFO  EvoClassLoader - Error while loading class: java.lang.ClassNotFoundException: Class 'libcore/io/Memory.class' should be in target project, but could not be found!
2024-11-12 13:42:11,431 INFO  EvoClassLoader - Seeing class for first time: org.robolectric.Robolectric
2024-11-12 13:42:11,431 INFO  EvoClassLoader - Instrumenting class 'org.robolectric.Robolectric'.
2024-11-12 13:42:11,431 INFO  EvoClassLoader - Error while loading class: java.lang.ClassNotFoundException: Class 'org/robolectric/Robolectric.class' should be in target project, but could not be found!
]]></system-out>
    <system-err><![CDATA[Node type z%SOPF7[%6E does not support reconfiguration.
]]></system-err>
  </testcase>
  <testcase name="test003" classname="org.apache.hadoop.hdfs.tools.DFSAdmin_ESTest" time="0.025">
    <system-out><![CDATA[2024-11-12 13:42:11,458 INFO  EvoClassLoader - Seeing class for first time: org.apache.hadoop.mapred.JobConf
2024-11-12 13:42:11,458 INFO  EvoClassLoader - Instrumenting class 'org.apache.hadoop.mapred.JobConf'.
2024-11-12 13:42:11,458 INFO  EvoClassLoader - Error while loading class: java.lang.ClassNotFoundException: Class 'org/apache/hadoop/mapred/JobConf.class' should be in target project, but could not be found!
2024-11-12 13:42:11,460 INFO  EvoClassLoader - Seeing class for first time: libcore.io.Memory
2024-11-12 13:42:11,460 INFO  EvoClassLoader - Instrumenting class 'libcore.io.Memory'.
2024-11-12 13:42:11,460 INFO  EvoClassLoader - Error while loading class: java.lang.ClassNotFoundException: Class 'libcore/io/Memory.class' should be in target project, but could not be found!
2024-11-12 13:42:11,460 INFO  EvoClassLoader - Seeing class for first time: org.robolectric.Robolectric
2024-11-12 13:42:11,460 INFO  EvoClassLoader - Instrumenting class 'org.robolectric.Robolectric'.
2024-11-12 13:42:11,460 INFO  EvoClassLoader - Error while loading class: java.lang.ClassNotFoundException: Class 'org/robolectric/Robolectric.class' should be in target project, but could not be found!
]]></system-out>
    <system-err><![CDATA[Usage: hdfs dfsadmin [-safemode enter | leave | get | wait | forceExit]
]]></system-err>
  </testcase>
  <testcase name="test002" classname="org.apache.hadoop.hdfs.tools.DFSAdmin_ESTest" time="0.03">
    <system-out><![CDATA[2024-11-12 13:42:11,487 INFO  EvoClassLoader - Seeing class for first time: org.apache.hadoop.mapred.JobConf
2024-11-12 13:42:11,487 INFO  EvoClassLoader - Instrumenting class 'org.apache.hadoop.mapred.JobConf'.
2024-11-12 13:42:11,487 INFO  EvoClassLoader - Error while loading class: java.lang.ClassNotFoundException: Class 'org/apache/hadoop/mapred/JobConf.class' should be in target project, but could not be found!
2024-11-12 13:42:11,490 INFO  EvoClassLoader - Seeing class for first time: libcore.io.Memory
2024-11-12 13:42:11,490 INFO  EvoClassLoader - Instrumenting class 'libcore.io.Memory'.
2024-11-12 13:42:11,490 INFO  EvoClassLoader - Error while loading class: java.lang.ClassNotFoundException: Class 'libcore/io/Memory.class' should be in target project, but could not be found!
2024-11-12 13:42:11,490 INFO  EvoClassLoader - Seeing class for first time: org.robolectric.Robolectric
2024-11-12 13:42:11,490 INFO  EvoClassLoader - Instrumenting class 'org.robolectric.Robolectric'.
2024-11-12 13:42:11,490 INFO  EvoClassLoader - Error while loading class: java.lang.ClassNotFoundException: Class 'org/robolectric/Robolectric.class' should be in target project, but could not be found!
]]></system-out>
    <system-err><![CDATA[You must specify a host:port pair.
]]></system-err>
  </testcase>
  <testcase name="test009" classname="org.apache.hadoop.hdfs.tools.DFSAdmin_ESTest" time="0.03">
    <system-out><![CDATA[2024-11-12 13:42:11,516 INFO  EvoClassLoader - Seeing class for first time: org.apache.hadoop.mapred.JobConf
2024-11-12 13:42:11,516 INFO  EvoClassLoader - Instrumenting class 'org.apache.hadoop.mapred.JobConf'.
2024-11-12 13:42:11,516 INFO  EvoClassLoader - Error while loading class: java.lang.ClassNotFoundException: Class 'org/apache/hadoop/mapred/JobConf.class' should be in target project, but could not be found!
2024-11-12 13:42:11,518 INFO  EvoClassLoader - Seeing class for first time: libcore.io.Memory
2024-11-12 13:42:11,518 INFO  EvoClassLoader - Instrumenting class 'libcore.io.Memory'.
2024-11-12 13:42:11,518 INFO  EvoClassLoader - Error while loading class: java.lang.ClassNotFoundException: Class 'libcore/io/Memory.class' should be in target project, but could not be found!
2024-11-12 13:42:11,518 INFO  EvoClassLoader - Seeing class for first time: org.robolectric.Robolectric
2024-11-12 13:42:11,518 INFO  EvoClassLoader - Instrumenting class 'org.robolectric.Robolectric'.
2024-11-12 13:42:11,518 INFO  EvoClassLoader - Error while loading class: java.lang.ClassNotFoundException: Class 'org/robolectric/Robolectric.class' should be in target project, but could not be found!
]]></system-out>
  </testcase>
  <testcase name="test008" classname="org.apache.hadoop.hdfs.tools.DFSAdmin_ESTest" time="0.029">
    <system-out><![CDATA[2024-11-12 13:42:11,548 INFO  EvoClassLoader - Seeing class for first time: org.apache.hadoop.mapred.JobConf
2024-11-12 13:42:11,548 INFO  EvoClassLoader - Instrumenting class 'org.apache.hadoop.mapred.JobConf'.
2024-11-12 13:42:11,548 INFO  EvoClassLoader - Error while loading class: java.lang.ClassNotFoundException: Class 'org/apache/hadoop/mapred/JobConf.class' should be in target project, but could not be found!
2024-11-12 13:42:11,550 INFO  EvoClassLoader - Seeing class for first time: libcore.io.Memory
2024-11-12 13:42:11,550 INFO  EvoClassLoader - Instrumenting class 'libcore.io.Memory'.
2024-11-12 13:42:11,550 INFO  EvoClassLoader - Error while loading class: java.lang.ClassNotFoundException: Class 'libcore/io/Memory.class' should be in target project, but could not be found!
2024-11-12 13:42:11,550 INFO  EvoClassLoader - Seeing class for first time: org.robolectric.Robolectric
2024-11-12 13:42:11,550 INFO  EvoClassLoader - Instrumenting class 'org.robolectric.Robolectric'.
2024-11-12 13:42:11,550 INFO  EvoClassLoader - Error while loading class: java.lang.ClassNotFoundException: Class 'org/robolectric/Robolectric.class' should be in target project, but could not be found!
]]></system-out>
  </testcase>
  <testcase name="test007" classname="org.apache.hadoop.hdfs.tools.DFSAdmin_ESTest" time="0.031">
    <system-out><![CDATA[2024-11-12 13:42:11,578 INFO  EvoClassLoader - Seeing class for first time: org.apache.hadoop.mapred.JobConf
2024-11-12 13:42:11,578 INFO  EvoClassLoader - Instrumenting class 'org.apache.hadoop.mapred.JobConf'.
2024-11-12 13:42:11,579 INFO  EvoClassLoader - Error while loading class: java.lang.ClassNotFoundException: Class 'org/apache/hadoop/mapred/JobConf.class' should be in target project, but could not be found!
2024-11-12 13:42:11,580 INFO  EvoClassLoader - Seeing class for first time: libcore.io.Memory
2024-11-12 13:42:11,580 INFO  EvoClassLoader - Instrumenting class 'libcore.io.Memory'.
2024-11-12 13:42:11,580 INFO  EvoClassLoader - Error while loading class: java.lang.ClassNotFoundException: Class 'libcore/io/Memory.class' should be in target project, but could not be found!
2024-11-12 13:42:11,580 INFO  EvoClassLoader - Seeing class for first time: org.robolectric.Robolectric
2024-11-12 13:42:11,580 INFO  EvoClassLoader - Instrumenting class 'org.robolectric.Robolectric'.
2024-11-12 13:42:11,581 INFO  EvoClassLoader - Error while loading class: java.lang.ClassNotFoundException: Class 'org/robolectric/Robolectric.class' should be in target project, but could not be found!
]]></system-out>
  </testcase>
  <testcase name="test006" classname="org.apache.hadoop.hdfs.tools.DFSAdmin_ESTest" time="0.028">
    <system-out><![CDATA[Started reconfiguration task on node [4>2!&].
2024-11-12 13:42:11,607 INFO  EvoClassLoader - Seeing class for first time: org.apache.hadoop.mapred.JobConf
2024-11-12 13:42:11,607 INFO  EvoClassLoader - Instrumenting class 'org.apache.hadoop.mapred.JobConf'.
2024-11-12 13:42:11,607 INFO  EvoClassLoader - Error while loading class: java.lang.ClassNotFoundException: Class 'org/apache/hadoop/mapred/JobConf.class' should be in target project, but could not be found!
2024-11-12 13:42:11,609 INFO  EvoClassLoader - Seeing class for first time: libcore.io.Memory
2024-11-12 13:42:11,609 INFO  EvoClassLoader - Instrumenting class 'libcore.io.Memory'.
2024-11-12 13:42:11,609 INFO  EvoClassLoader - Error while loading class: java.lang.ClassNotFoundException: Class 'libcore/io/Memory.class' should be in target project, but could not be found!
2024-11-12 13:42:11,609 INFO  EvoClassLoader - Seeing class for first time: org.robolectric.Robolectric
2024-11-12 13:42:11,609 INFO  EvoClassLoader - Instrumenting class 'org.robolectric.Robolectric'.
2024-11-12 13:42:11,609 INFO  EvoClassLoader - Error while loading class: java.lang.ClassNotFoundException: Class 'org/robolectric/Robolectric.class' should be in target project, but could not be found!
]]></system-out>
    <system-err><![CDATA[Node type 4>2!& does not support reconfiguration.
]]></system-err>
  </testcase>
  <testcase name="test096" classname="org.apache.hadoop.hdfs.tools.DFSAdmin_ESTest" time="0.03">
    <system-out><![CDATA[2024-11-12 13:42:11,634 INFO  EvoClassLoader - Seeing class for first time: org.apache.hadoop.mapred.JobConf
2024-11-12 13:42:11,634 INFO  EvoClassLoader - Instrumenting class 'org.apache.hadoop.mapred.JobConf'.
2024-11-12 13:42:11,634 INFO  EvoClassLoader - Error while loading class: java.lang.ClassNotFoundException: Class 'org/apache/hadoop/mapred/JobConf.class' should be in target project, but could not be found!
2024-11-12 13:42:11,637 INFO  EvoClassLoader - Seeing class for first time: libcore.io.Memory
2024-11-12 13:42:11,637 INFO  EvoClassLoader - Instrumenting class 'libcore.io.Memory'.
2024-11-12 13:42:11,637 INFO  EvoClassLoader - Error while loading class: java.lang.ClassNotFoundException: Class 'libcore/io/Memory.class' should be in target project, but could not be found!
2024-11-12 13:42:11,637 INFO  EvoClassLoader - Seeing class for first time: org.robolectric.Robolectric
2024-11-12 13:42:11,637 INFO  EvoClassLoader - Instrumenting class 'org.robolectric.Robolectric'.
2024-11-12 13:42:11,637 INFO  EvoClassLoader - Error while loading class: java.lang.ClassNotFoundException: Class 'org/robolectric/Robolectric.class' should be in target project, but could not be found!
]]></system-out>
    <system-err><![CDATA[Usage: hdfs dfsadmin [-safemode enter | leave | get | wait | forceExit]
]]></system-err>
  </testcase>
  <testcase name="test095" classname="org.apache.hadoop.hdfs.tools.DFSAdmin_ESTest" time="0.049">
    <system-out><![CDATA[2024-11-12 13:42:11,683 INFO  EvoClassLoader - Seeing class for first time: org.apache.hadoop.mapred.JobConf
2024-11-12 13:42:11,683 INFO  EvoClassLoader - Instrumenting class 'org.apache.hadoop.mapred.JobConf'.
2024-11-12 13:42:11,683 INFO  EvoClassLoader - Error while loading class: java.lang.ClassNotFoundException: Class 'org/apache/hadoop/mapred/JobConf.class' should be in target project, but could not be found!
2024-11-12 13:42:11,685 INFO  EvoClassLoader - Seeing class for first time: libcore.io.Memory
2024-11-12 13:42:11,685 INFO  EvoClassLoader - Instrumenting class 'libcore.io.Memory'.
2024-11-12 13:42:11,685 INFO  EvoClassLoader - Error while loading class: java.lang.ClassNotFoundException: Class 'libcore/io/Memory.class' should be in target project, but could not be found!
2024-11-12 13:42:11,685 INFO  EvoClassLoader - Seeing class for first time: org.robolectric.Robolectric
2024-11-12 13:42:11,685 INFO  EvoClassLoader - Instrumenting class 'org.robolectric.Robolectric'.
2024-11-12 13:42:11,685 INFO  EvoClassLoader - Error while loading class: java.lang.ClassNotFoundException: Class 'org/robolectric/Robolectric.class' should be in target project, but could not be found!
]]></system-out>
    <system-err><![CDATA[Usage: hdfs dfsadmin [-safemode enter | leave | get | wait | forceExit]
]]></system-err>
  </testcase>
  <testcase name="test094" classname="org.apache.hadoop.hdfs.tools.DFSAdmin_ESTest" time="0.026">
    <system-out><![CDATA[2024-11-12 13:42:11,710 INFO  EvoClassLoader - Seeing class for first time: org.apache.hadoop.mapred.JobConf
2024-11-12 13:42:11,710 INFO  EvoClassLoader - Instrumenting class 'org.apache.hadoop.mapred.JobConf'.
2024-11-12 13:42:11,710 INFO  EvoClassLoader - Error while loading class: java.lang.ClassNotFoundException: Class 'org/apache/hadoop/mapred/JobConf.class' should be in target project, but could not be found!
2024-11-12 13:42:11,712 INFO  EvoClassLoader - Seeing class for first time: libcore.io.Memory
2024-11-12 13:42:11,712 INFO  EvoClassLoader - Instrumenting class 'libcore.io.Memory'.
2024-11-12 13:42:11,712 INFO  EvoClassLoader - Error while loading class: java.lang.ClassNotFoundException: Class 'libcore/io/Memory.class' should be in target project, but could not be found!
2024-11-12 13:42:11,712 INFO  EvoClassLoader - Seeing class for first time: org.robolectric.Robolectric
2024-11-12 13:42:11,712 INFO  EvoClassLoader - Instrumenting class 'org.robolectric.Robolectric'.
2024-11-12 13:42:11,712 INFO  EvoClassLoader - Error while loading class: java.lang.ClassNotFoundException: Class 'org/robolectric/Robolectric.class' should be in target project, but could not be found!
]]></system-out>
  </testcase>
  <testcase name="test093" classname="org.apache.hadoop.hdfs.tools.DFSAdmin_ESTest" time="0.026">
    <system-out><![CDATA[2024-11-12 13:42:11,737 INFO  EvoClassLoader - Seeing class for first time: org.apache.hadoop.mapred.JobConf
2024-11-12 13:42:11,737 INFO  EvoClassLoader - Instrumenting class 'org.apache.hadoop.mapred.JobConf'.
2024-11-12 13:42:11,737 INFO  EvoClassLoader - Error while loading class: java.lang.ClassNotFoundException: Class 'org/apache/hadoop/mapred/JobConf.class' should be in target project, but could not be found!
2024-11-12 13:42:11,739 INFO  EvoClassLoader - Seeing class for first time: libcore.io.Memory
2024-11-12 13:42:11,739 INFO  EvoClassLoader - Instrumenting class 'libcore.io.Memory'.
2024-11-12 13:42:11,739 INFO  EvoClassLoader - Error while loading class: java.lang.ClassNotFoundException: Class 'libcore/io/Memory.class' should be in target project, but could not be found!
2024-11-12 13:42:11,739 INFO  EvoClassLoader - Seeing class for first time: org.robolectric.Robolectric
2024-11-12 13:42:11,739 INFO  EvoClassLoader - Instrumenting class 'org.robolectric.Robolectric'.
2024-11-12 13:42:11,739 INFO  EvoClassLoader - Error while loading class: java.lang.ClassNotFoundException: Class 'org/robolectric/Robolectric.class' should be in target project, but could not be found!
]]></system-out>
    <system-err><![CDATA[Can't understand arguments: rename2 w0pIxdd[ N9"c5FY]fmr"CW
]]></system-err>
  </testcase>
  <testcase name="test012" classname="org.apache.hadoop.hdfs.tools.DFSAdmin_ESTest" time="0.028">
    <system-out><![CDATA[2024-11-12 13:42:11,766 INFO  EvoClassLoader - Seeing class for first time: org.apache.hadoop.mapred.JobConf
2024-11-12 13:42:11,766 INFO  EvoClassLoader - Instrumenting class 'org.apache.hadoop.mapred.JobConf'.
2024-11-12 13:42:11,766 INFO  EvoClassLoader - Error while loading class: java.lang.ClassNotFoundException: Class 'org/apache/hadoop/mapred/JobConf.class' should be in target project, but could not be found!
2024-11-12 13:42:11,768 INFO  EvoClassLoader - Seeing class for first time: libcore.io.Memory
2024-11-12 13:42:11,768 INFO  EvoClassLoader - Instrumenting class 'libcore.io.Memory'.
2024-11-12 13:42:11,768 INFO  EvoClassLoader - Error while loading class: java.lang.ClassNotFoundException: Class 'libcore/io/Memory.class' should be in target project, but could not be found!
2024-11-12 13:42:11,768 INFO  EvoClassLoader - Seeing class for first time: org.robolectric.Robolectric
2024-11-12 13:42:11,768 INFO  EvoClassLoader - Instrumenting class 'org.robolectric.Robolectric'.
2024-11-12 13:42:11,768 INFO  EvoClassLoader - Error while loading class: java.lang.ClassNotFoundException: Class 'org/robolectric/Robolectric.class' should be in target project, but could not be found!
]]></system-out>
  </testcase>
  <testcase name="test011" classname="org.apache.hadoop.hdfs.tools.DFSAdmin_ESTest" time="0.033">
    <system-out><![CDATA[2024-11-12 13:42:11,799 INFO  EvoClassLoader - Seeing class for first time: org.apache.hadoop.mapred.JobConf
2024-11-12 13:42:11,799 INFO  EvoClassLoader - Instrumenting class 'org.apache.hadoop.mapred.JobConf'.
2024-11-12 13:42:11,799 INFO  EvoClassLoader - Error while loading class: java.lang.ClassNotFoundException: Class 'org/apache/hadoop/mapred/JobConf.class' should be in target project, but could not be found!
2024-11-12 13:42:11,801 INFO  EvoClassLoader - Seeing class for first time: libcore.io.Memory
2024-11-12 13:42:11,801 INFO  EvoClassLoader - Instrumenting class 'libcore.io.Memory'.
2024-11-12 13:42:11,801 INFO  EvoClassLoader - Error while loading class: java.lang.ClassNotFoundException: Class 'libcore/io/Memory.class' should be in target project, but could not be found!
2024-11-12 13:42:11,801 INFO  EvoClassLoader - Seeing class for first time: org.robolectric.Robolectric
2024-11-12 13:42:11,801 INFO  EvoClassLoader - Instrumenting class 'org.robolectric.Robolectric'.
2024-11-12 13:42:11,801 INFO  EvoClassLoader - Error while loading class: java.lang.ClassNotFoundException: Class 'org/robolectric/Robolectric.class' should be in target project, but could not be found!
]]></system-out>
    <system-err><![CDATA[Node type setSpaceQuota does not support reconfiguration.
]]></system-err>
  </testcase>
  <testcase name="test099" classname="org.apache.hadoop.hdfs.tools.DFSAdmin_ESTest" time="0.027">
    <system-out><![CDATA[2024-11-12 13:42:11,826 INFO  EvoClassLoader - Seeing class for first time: org.apache.hadoop.mapred.JobConf
2024-11-12 13:42:11,826 INFO  EvoClassLoader - Instrumenting class 'org.apache.hadoop.mapred.JobConf'.
2024-11-12 13:42:11,826 INFO  EvoClassLoader - Error while loading class: java.lang.ClassNotFoundException: Class 'org/apache/hadoop/mapred/JobConf.class' should be in target project, but could not be found!
2024-11-12 13:42:11,828 INFO  EvoClassLoader - Seeing class for first time: libcore.io.Memory
2024-11-12 13:42:11,828 INFO  EvoClassLoader - Instrumenting class 'libcore.io.Memory'.
2024-11-12 13:42:11,828 INFO  EvoClassLoader - Error while loading class: java.lang.ClassNotFoundException: Class 'libcore/io/Memory.class' should be in target project, but could not be found!
2024-11-12 13:42:11,828 INFO  EvoClassLoader - Seeing class for first time: org.robolectric.Robolectric
2024-11-12 13:42:11,828 INFO  EvoClassLoader - Instrumenting class 'org.robolectric.Robolectric'.
2024-11-12 13:42:11,828 INFO  EvoClassLoader - Error while loading class: java.lang.ClassNotFoundException: Class 'org/robolectric/Robolectric.class' should be in target project, but could not be found!
]]></system-out>
  </testcase>
  <testcase name="test010" classname="org.apache.hadoop.hdfs.tools.DFSAdmin_ESTest" time="0.026">
    <system-out><![CDATA[2024-11-12 13:42:11,852 INFO  EvoClassLoader - Seeing class for first time: org.apache.hadoop.mapred.JobConf
2024-11-12 13:42:11,852 INFO  EvoClassLoader - Instrumenting class 'org.apache.hadoop.mapred.JobConf'.
2024-11-12 13:42:11,852 INFO  EvoClassLoader - Error while loading class: java.lang.ClassNotFoundException: Class 'org/apache/hadoop/mapred/JobConf.class' should be in target project, but could not be found!
2024-11-12 13:42:11,854 INFO  EvoClassLoader - Seeing class for first time: libcore.io.Memory
2024-11-12 13:42:11,855 INFO  EvoClassLoader - Instrumenting class 'libcore.io.Memory'.
2024-11-12 13:42:11,855 INFO  EvoClassLoader - Error while loading class: java.lang.ClassNotFoundException: Class 'libcore/io/Memory.class' should be in target project, but could not be found!
2024-11-12 13:42:11,855 INFO  EvoClassLoader - Seeing class for first time: org.robolectric.Robolectric
2024-11-12 13:42:11,855 INFO  EvoClassLoader - Instrumenting class 'org.robolectric.Robolectric'.
2024-11-12 13:42:11,855 INFO  EvoClassLoader - Error while loading class: java.lang.ClassNotFoundException: Class 'org/robolectric/Robolectric.class' should be in target project, but could not be found!
]]></system-out>
  </testcase>
  <testcase name="test098" classname="org.apache.hadoop.hdfs.tools.DFSAdmin_ESTest" time="0.033">
    <system-out><![CDATA[2024-11-12 13:42:11,885 INFO  EvoClassLoader - Seeing class for first time: org.apache.hadoop.mapred.JobConf
2024-11-12 13:42:11,885 INFO  EvoClassLoader - Instrumenting class 'org.apache.hadoop.mapred.JobConf'.
2024-11-12 13:42:11,885 INFO  EvoClassLoader - Error while loading class: java.lang.ClassNotFoundException: Class 'org/apache/hadoop/mapred/JobConf.class' should be in target project, but could not be found!
2024-11-12 13:42:11,887 INFO  EvoClassLoader - Seeing class for first time: libcore.io.Memory
2024-11-12 13:42:11,887 INFO  EvoClassLoader - Instrumenting class 'libcore.io.Memory'.
2024-11-12 13:42:11,888 INFO  EvoClassLoader - Error while loading class: java.lang.ClassNotFoundException: Class 'libcore/io/Memory.class' should be in target project, but could not be found!
2024-11-12 13:42:11,888 INFO  EvoClassLoader - Seeing class for first time: org.robolectric.Robolectric
2024-11-12 13:42:11,888 INFO  EvoClassLoader - Instrumenting class 'org.robolectric.Robolectric'.
2024-11-12 13:42:11,888 INFO  EvoClassLoader - Error while loading class: java.lang.ClassNotFoundException: Class 'org/robolectric/Robolectric.class' should be in target project, but could not be found!
]]></system-out>
  </testcase>
  <testcase name="test097" classname="org.apache.hadoop.hdfs.tools.DFSAdmin_ESTest" time="0.028">
    <system-out><![CDATA[2024-11-12 13:42:11,914 INFO  EvoClassLoader - Seeing class for first time: org.apache.hadoop.mapred.JobConf
2024-11-12 13:42:11,914 INFO  EvoClassLoader - Instrumenting class 'org.apache.hadoop.mapred.JobConf'.
2024-11-12 13:42:11,914 INFO  EvoClassLoader - Error while loading class: java.lang.ClassNotFoundException: Class 'org/apache/hadoop/mapred/JobConf.class' should be in target project, but could not be found!
2024-11-12 13:42:11,917 INFO  EvoClassLoader - Seeing class for first time: libcore.io.Memory
2024-11-12 13:42:11,917 INFO  EvoClassLoader - Instrumenting class 'libcore.io.Memory'.
2024-11-12 13:42:11,917 INFO  EvoClassLoader - Error while loading class: java.lang.ClassNotFoundException: Class 'libcore/io/Memory.class' should be in target project, but could not be found!
2024-11-12 13:42:11,917 INFO  EvoClassLoader - Seeing class for first time: org.robolectric.Robolectric
2024-11-12 13:42:11,917 INFO  EvoClassLoader - Instrumenting class 'org.robolectric.Robolectric'.
2024-11-12 13:42:11,917 INFO  EvoClassLoader - Error while loading class: java.lang.ClassNotFoundException: Class 'org/robolectric/Robolectric.class' should be in target project, but could not be found!
]]></system-out>
    <system-err><![CDATA[Usage: hdfs dfsadmin
Note: Administrative commands can only be run as the HDFS superuser.
	[-report [-live] [-dead] [-decommissioning] [-enteringmaintenance] [-inmaintenance] [-slownodes]]
	[-safemode <enter | leave | get | wait | forceExit>]
	[-saveNamespace [-beforeShutdown]]
	[-rollEdits]
	[-restoreFailedStorage true|false|check]
	[-refreshNodes]
	[-setQuota <quota> <dirname>...<dirname>]
	[-clrQuota <dirname>...<dirname>]
	[-setSpaceQuota <quota> [-storageType <storagetype>] <dirname>...<dirname>]
	[-clrSpaceQuota [-storageType <storagetype>] <dirname>...<dirname>]
	[-finalizeUpgrade]
	[-rollingUpgrade [<query|prepare|finalize>]]
	[-upgrade <query | finalize>]
	[-refreshServiceAcl]
	[-refreshUserToGroupsMappings]
	[-refreshSuperUserGroupsConfiguration]
	[-refreshCallQueue]
	[-refresh <host:ipc_port> <key> [arg1..argn]
	[-reconfig <namenode|datanode> <host:ipc_port|livenodes> <start|status|properties>]
	[-printTopology]
	[-refreshNamenodes datanode_host:ipc_port]
	[-getVolumeReport datanode_host:ipc_port]
	[-deleteBlockPool datanode_host:ipc_port blockpoolId [force]]
	[-setBalancerBandwidth <bandwidth in bytes per second>]
	[-getBalancerBandwidth <datanode_host:ipc_port>]
	[-fetchImage <local directory>]
	[-allowSnapshot <snapshotDir>]
	[-disallowSnapshot <snapshotDir>]
	[-shutdownDatanode <datanode_host:ipc_port> [upgrade]]
	[-evictWriters <datanode_host:ipc_port>]
	[-getDatanodeInfo <datanode_host:ipc_port>]
	[-metasave filename]
	[-triggerBlockReport [-incremental] <datanode_host:ipc_port> [-namenode <namenode_host:ipc_port>]]
	[-listOpenFiles [-blockingDecommission] [-path <path>]]
	[-help [cmd]]

Generic options supported are:
-conf <configuration file>        specify an application configuration file
-D <property=value>               define a value for a given property
-fs <file:///|hdfs://namenode:port> specify default filesystem URL to use, overrides 'fs.defaultFS' property from configurations.
-jt <local|resourcemanager:port>  specify a ResourceManager
-files <file1,...>                specify a comma-separated list of files to be copied to the map reduce cluster
-libjars <jar1,...>               specify a comma-separated list of jar files to be included in the classpath
-archives <archive1,...>          specify a comma-separated list of archives to be unarchived on the compute machines

The general command line syntax is:
command [genericOptions] [commandOptions]

]]></system-err>
  </testcase>
  <testcase name="test092" classname="org.apache.hadoop.hdfs.tools.DFSAdmin_ESTest" time="0.032">
    <system-out><![CDATA[2024-11-12 13:42:11,945 INFO  EvoClassLoader - Seeing class for first time: org.apache.hadoop.mapred.JobConf
2024-11-12 13:42:11,945 INFO  EvoClassLoader - Instrumenting class 'org.apache.hadoop.mapred.JobConf'.
2024-11-12 13:42:11,945 INFO  EvoClassLoader - Error while loading class: java.lang.ClassNotFoundException: Class 'org/apache/hadoop/mapred/JobConf.class' should be in target project, but could not be found!
2024-11-12 13:42:11,948 INFO  EvoClassLoader - Seeing class for first time: libcore.io.Memory
2024-11-12 13:42:11,948 INFO  EvoClassLoader - Instrumenting class 'libcore.io.Memory'.
2024-11-12 13:42:11,949 INFO  EvoClassLoader - Error while loading class: java.lang.ClassNotFoundException: Class 'libcore/io/Memory.class' should be in target project, but could not be found!
2024-11-12 13:42:11,949 INFO  EvoClassLoader - Seeing class for first time: org.robolectric.Robolectric
2024-11-12 13:42:11,949 INFO  EvoClassLoader - Instrumenting class 'org.robolectric.Robolectric'.
2024-11-12 13:42:11,949 INFO  EvoClassLoader - Error while loading class: java.lang.ClassNotFoundException: Class 'org/robolectric/Robolectric.class' should be in target project, but could not be found!
]]></system-out>
  </testcase>
  <testcase name="test091" classname="org.apache.hadoop.hdfs.tools.DFSAdmin_ESTest" time="0.036">
    <system-out><![CDATA[2024-11-12 13:42:11,982 INFO  EvoClassLoader - Seeing class for first time: org.apache.hadoop.mapred.JobConf
2024-11-12 13:42:11,982 INFO  EvoClassLoader - Instrumenting class 'org.apache.hadoop.mapred.JobConf'.
2024-11-12 13:42:11,982 INFO  EvoClassLoader - Error while loading class: java.lang.ClassNotFoundException: Class 'org/apache/hadoop/mapred/JobConf.class' should be in target project, but could not be found!
2024-11-12 13:42:11,985 INFO  EvoClassLoader - Seeing class for first time: libcore.io.Memory
2024-11-12 13:42:11,985 INFO  EvoClassLoader - Instrumenting class 'libcore.io.Memory'.
2024-11-12 13:42:11,985 INFO  EvoClassLoader - Error while loading class: java.lang.ClassNotFoundException: Class 'libcore/io/Memory.class' should be in target project, but could not be found!
2024-11-12 13:42:11,985 INFO  EvoClassLoader - Seeing class for first time: org.robolectric.Robolectric
2024-11-12 13:42:11,985 INFO  EvoClassLoader - Instrumenting class 'org.robolectric.Robolectric'.
2024-11-12 13:42:11,986 INFO  EvoClassLoader - Error while loading class: java.lang.ClassNotFoundException: Class 'org/robolectric/Robolectric.class' should be in target project, but could not be found!
]]></system-out>
    <system-err><![CDATA[restoreFailedStorage valid args are true|false|check
]]></system-err>
  </testcase>
  <testcase name="test090" classname="org.apache.hadoop.hdfs.tools.DFSAdmin_ESTest" time="0.028">
    <system-out><![CDATA[2024-11-12 13:42:12,010 INFO  EvoClassLoader - Seeing class for first time: org.apache.hadoop.mapred.JobConf
2024-11-12 13:42:12,010 INFO  EvoClassLoader - Instrumenting class 'org.apache.hadoop.mapred.JobConf'.
2024-11-12 13:42:12,010 INFO  EvoClassLoader - Error while loading class: java.lang.ClassNotFoundException: Class 'org/apache/hadoop/mapred/JobConf.class' should be in target project, but could not be found!
2024-11-12 13:42:12,012 INFO  EvoClassLoader - Seeing class for first time: libcore.io.Memory
2024-11-12 13:42:12,012 INFO  EvoClassLoader - Instrumenting class 'libcore.io.Memory'.
2024-11-12 13:42:12,012 INFO  EvoClassLoader - Error while loading class: java.lang.ClassNotFoundException: Class 'libcore/io/Memory.class' should be in target project, but could not be found!
2024-11-12 13:42:12,012 INFO  EvoClassLoader - Seeing class for first time: org.robolectric.Robolectric
2024-11-12 13:42:12,012 INFO  EvoClassLoader - Instrumenting class 'org.robolectric.Robolectric'.
2024-11-12 13:42:12,012 INFO  EvoClassLoader - Error while loading class: java.lang.ClassNotFoundException: Class 'org/robolectric/Robolectric.class' should be in target project, but could not be found!
]]></system-out>
  </testcase>
  <testcase name="test079" classname="org.apache.hadoop.hdfs.tools.DFSAdmin_ESTest" time="0.024">
    <system-out><![CDATA[2024-11-12 13:42:12,037 INFO  EvoClassLoader - Seeing class for first time: org.apache.hadoop.mapred.JobConf
2024-11-12 13:42:12,037 INFO  EvoClassLoader - Instrumenting class 'org.apache.hadoop.mapred.JobConf'.
2024-11-12 13:42:12,037 INFO  EvoClassLoader - Error while loading class: java.lang.ClassNotFoundException: Class 'org/apache/hadoop/mapred/JobConf.class' should be in target project, but could not be found!
2024-11-12 13:42:12,039 INFO  EvoClassLoader - Seeing class for first time: libcore.io.Memory
2024-11-12 13:42:12,039 INFO  EvoClassLoader - Instrumenting class 'libcore.io.Memory'.
2024-11-12 13:42:12,039 INFO  EvoClassLoader - Error while loading class: java.lang.ClassNotFoundException: Class 'libcore/io/Memory.class' should be in target project, but could not be found!
2024-11-12 13:42:12,039 INFO  EvoClassLoader - Seeing class for first time: org.robolectric.Robolectric
2024-11-12 13:42:12,039 INFO  EvoClassLoader - Instrumenting class 'org.robolectric.Robolectric'.
2024-11-12 13:42:12,039 INFO  EvoClassLoader - Error while loading class: java.lang.ClassNotFoundException: Class 'org/robolectric/Robolectric.class' should be in target project, but could not be found!
]]></system-out>
    <system-err><![CDATA[Usage: hdfs dfsadmin [-refreshUserToGroupsMappings]
]]></system-err>
  </testcase>
  <testcase name="test085" classname="org.apache.hadoop.hdfs.tools.DFSAdmin_ESTest" time="0.027">
    <system-out><![CDATA[2024-11-12 13:42:12,064 INFO  EvoClassLoader - Seeing class for first time: org.apache.hadoop.mapred.JobConf
2024-11-12 13:42:12,064 INFO  EvoClassLoader - Instrumenting class 'org.apache.hadoop.mapred.JobConf'.
2024-11-12 13:42:12,064 INFO  EvoClassLoader - Error while loading class: java.lang.ClassNotFoundException: Class 'org/apache/hadoop/mapred/JobConf.class' should be in target project, but could not be found!
2024-11-12 13:42:12,066 INFO  EvoClassLoader - Seeing class for first time: libcore.io.Memory
2024-11-12 13:42:12,066 INFO  EvoClassLoader - Instrumenting class 'libcore.io.Memory'.
2024-11-12 13:42:12,066 INFO  EvoClassLoader - Error while loading class: java.lang.ClassNotFoundException: Class 'libcore/io/Memory.class' should be in target project, but could not be found!
2024-11-12 13:42:12,066 INFO  EvoClassLoader - Seeing class for first time: org.robolectric.Robolectric
2024-11-12 13:42:12,066 INFO  EvoClassLoader - Instrumenting class 'org.robolectric.Robolectric'.
2024-11-12 13:42:12,067 INFO  EvoClassLoader - Error while loading class: java.lang.ClassNotFoundException: Class 'org/robolectric/Robolectric.class' should be in target project, but could not be found!
]]></system-out>
  </testcase>
  <testcase name="test084" classname="org.apache.hadoop.hdfs.tools.DFSAdmin_ESTest" time="0.028">
    <system-out><![CDATA[2024-11-12 13:42:12,089 INFO  EvoClassLoader - Seeing class for first time: org.apache.hadoop.mapred.JobConf
2024-11-12 13:42:12,089 INFO  EvoClassLoader - Instrumenting class 'org.apache.hadoop.mapred.JobConf'.
2024-11-12 13:42:12,089 INFO  EvoClassLoader - Error while loading class: java.lang.ClassNotFoundException: Class 'org/apache/hadoop/mapred/JobConf.class' should be in target project, but could not be found!
2024-11-12 13:42:12,091 INFO  EvoClassLoader - Seeing class for first time: libcore.io.Memory
2024-11-12 13:42:12,091 INFO  EvoClassLoader - Instrumenting class 'libcore.io.Memory'.
2024-11-12 13:42:12,092 INFO  EvoClassLoader - Error while loading class: java.lang.ClassNotFoundException: Class 'libcore/io/Memory.class' should be in target project, but could not be found!
2024-11-12 13:42:12,092 INFO  EvoClassLoader - Seeing class for first time: org.robolectric.Robolectric
2024-11-12 13:42:12,092 INFO  EvoClassLoader - Instrumenting class 'org.robolectric.Robolectric'.
2024-11-12 13:42:12,092 INFO  EvoClassLoader - Error while loading class: java.lang.ClassNotFoundException: Class 'org/robolectric/Robolectric.class' should be in target project, but could not be found!
]]></system-out>
    <system-err><![CDATA[Usage: hdfs dfsadmin [-allowSnapshot <snapshotDir>]
]]></system-err>
  </testcase>
  <testcase name="test083" classname="org.apache.hadoop.hdfs.tools.DFSAdmin_ESTest" time="0.026">
    <system-out><![CDATA[2024-11-12 13:42:12,117 INFO  EvoClassLoader - Seeing class for first time: org.apache.hadoop.mapred.JobConf
2024-11-12 13:42:12,117 INFO  EvoClassLoader - Instrumenting class 'org.apache.hadoop.mapred.JobConf'.
2024-11-12 13:42:12,118 INFO  EvoClassLoader - Error while loading class: java.lang.ClassNotFoundException: Class 'org/apache/hadoop/mapred/JobConf.class' should be in target project, but could not be found!
2024-11-12 13:42:12,121 INFO  EvoClassLoader - Seeing class for first time: libcore.io.Memory
2024-11-12 13:42:12,121 INFO  EvoClassLoader - Instrumenting class 'libcore.io.Memory'.
2024-11-12 13:42:12,121 INFO  EvoClassLoader - Error while loading class: java.lang.ClassNotFoundException: Class 'libcore/io/Memory.class' should be in target project, but could not be found!
2024-11-12 13:42:12,121 INFO  EvoClassLoader - Seeing class for first time: org.robolectric.Robolectric
2024-11-12 13:42:12,121 INFO  EvoClassLoader - Instrumenting class 'org.robolectric.Robolectric'.
2024-11-12 13:42:12,122 INFO  EvoClassLoader - Error while loading class: java.lang.ClassNotFoundException: Class 'org/robolectric/Robolectric.class' should be in target project, but could not be found!
]]></system-out>
    <system-err><![CDATA[Usage: hdfs dfsadmin [-rollEdits]
]]></system-err>
  </testcase>
  <testcase name="test082" classname="org.apache.hadoop.hdfs.tools.DFSAdmin_ESTest" time="0.026">
    <system-out><![CDATA[2024-11-12 13:42:12,145 INFO  EvoClassLoader - Seeing class for first time: org.apache.hadoop.mapred.JobConf
2024-11-12 13:42:12,145 INFO  EvoClassLoader - Instrumenting class 'org.apache.hadoop.mapred.JobConf'.
2024-11-12 13:42:12,145 INFO  EvoClassLoader - Error while loading class: java.lang.ClassNotFoundException: Class 'org/apache/hadoop/mapred/JobConf.class' should be in target project, but could not be found!
2024-11-12 13:42:12,147 INFO  EvoClassLoader - Seeing class for first time: libcore.io.Memory
2024-11-12 13:42:12,147 INFO  EvoClassLoader - Instrumenting class 'libcore.io.Memory'.
2024-11-12 13:42:12,147 INFO  EvoClassLoader - Error while loading class: java.lang.ClassNotFoundException: Class 'libcore/io/Memory.class' should be in target project, but could not be found!
2024-11-12 13:42:12,147 INFO  EvoClassLoader - Seeing class for first time: org.robolectric.Robolectric
2024-11-12 13:42:12,147 INFO  EvoClassLoader - Instrumenting class 'org.robolectric.Robolectric'.
2024-11-12 13:42:12,147 INFO  EvoClassLoader - Error while loading class: java.lang.ClassNotFoundException: Class 'org/robolectric/Robolectric.class' should be in target project, but could not be found!
]]></system-out>
    <system-err><![CDATA[Usage: hdfs dfsadmin [-refreshNodes]
]]></system-err>
  </testcase>
  <testcase name="test001" classname="org.apache.hadoop.hdfs.tools.DFSAdmin_ESTest" time="0.027">
    <system-out><![CDATA[2024-11-12 13:42:12,170 INFO  EvoClassLoader - Seeing class for first time: org.apache.hadoop.mapred.JobConf
2024-11-12 13:42:12,170 INFO  EvoClassLoader - Instrumenting class 'org.apache.hadoop.mapred.JobConf'.
2024-11-12 13:42:12,171 INFO  EvoClassLoader - Error while loading class: java.lang.ClassNotFoundException: Class 'org/apache/hadoop/mapred/JobConf.class' should be in target project, but could not be found!
2024-11-12 13:42:12,172 INFO  EvoClassLoader - Seeing class for first time: libcore.io.Memory
2024-11-12 13:42:12,172 INFO  EvoClassLoader - Instrumenting class 'libcore.io.Memory'.
2024-11-12 13:42:12,173 INFO  EvoClassLoader - Error while loading class: java.lang.ClassNotFoundException: Class 'libcore/io/Memory.class' should be in target project, but could not be found!
2024-11-12 13:42:12,173 INFO  EvoClassLoader - Seeing class for first time: org.robolectric.Robolectric
2024-11-12 13:42:12,173 INFO  EvoClassLoader - Instrumenting class 'org.robolectric.Robolectric'.
2024-11-12 13:42:12,173 INFO  EvoClassLoader - Error while loading class: java.lang.ClassNotFoundException: Class 'org/robolectric/Robolectric.class' should be in target project, but could not be found!
]]></system-out>
    <system-err><![CDATA[Usage: hdfs dfsadmin [-safemode enter | leave | get | wait | forceExit]
]]></system-err>
  </testcase>
  <testcase name="test089" classname="org.apache.hadoop.hdfs.tools.DFSAdmin_ESTest" time="0.04">
    <system-out><![CDATA[2024-11-12 13:42:12,210 INFO  EvoClassLoader - Seeing class for first time: org.apache.hadoop.mapred.JobConf
2024-11-12 13:42:12,211 INFO  EvoClassLoader - Instrumenting class 'org.apache.hadoop.mapred.JobConf'.
2024-11-12 13:42:12,211 INFO  EvoClassLoader - Error while loading class: java.lang.ClassNotFoundException: Class 'org/apache/hadoop/mapred/JobConf.class' should be in target project, but could not be found!
2024-11-12 13:42:12,213 INFO  EvoClassLoader - Seeing class for first time: libcore.io.Memory
2024-11-12 13:42:12,213 INFO  EvoClassLoader - Instrumenting class 'libcore.io.Memory'.
2024-11-12 13:42:12,213 INFO  EvoClassLoader - Error while loading class: java.lang.ClassNotFoundException: Class 'libcore/io/Memory.class' should be in target project, but could not be found!
2024-11-12 13:42:12,213 INFO  EvoClassLoader - Seeing class for first time: org.robolectric.Robolectric
2024-11-12 13:42:12,213 INFO  EvoClassLoader - Instrumenting class 'org.robolectric.Robolectric'.
2024-11-12 13:42:12,213 INFO  EvoClassLoader - Error while loading class: java.lang.ClassNotFoundException: Class 'org/robolectric/Robolectric.class' should be in target project, but could not be found!
]]></system-out>
    <system-err><![CDATA[Usage: hdfs dfsadmin [-upgrade query | finalize]
]]></system-err>
  </testcase>
  <testcase name="test000" classname="org.apache.hadoop.hdfs.tools.DFSAdmin_ESTest" time="0.03">
    <system-out><![CDATA[2024-11-12 13:42:12,241 INFO  EvoClassLoader - Seeing class for first time: org.apache.hadoop.mapred.JobConf
2024-11-12 13:42:12,241 INFO  EvoClassLoader - Instrumenting class 'org.apache.hadoop.mapred.JobConf'.
2024-11-12 13:42:12,241 INFO  EvoClassLoader - Error while loading class: java.lang.ClassNotFoundException: Class 'org/apache/hadoop/mapred/JobConf.class' should be in target project, but could not be found!
2024-11-12 13:42:12,244 INFO  EvoClassLoader - Seeing class for first time: libcore.io.Memory
2024-11-12 13:42:12,244 INFO  EvoClassLoader - Instrumenting class 'libcore.io.Memory'.
2024-11-12 13:42:12,244 INFO  EvoClassLoader - Error while loading class: java.lang.ClassNotFoundException: Class 'libcore/io/Memory.class' should be in target project, but could not be found!
2024-11-12 13:42:12,244 INFO  EvoClassLoader - Seeing class for first time: org.robolectric.Robolectric
2024-11-12 13:42:12,244 INFO  EvoClassLoader - Instrumenting class 'org.robolectric.Robolectric'.
2024-11-12 13:42:12,244 INFO  EvoClassLoader - Error while loading class: java.lang.ClassNotFoundException: Class 'org/robolectric/Robolectric.class' should be in target project, but could not be found!
]]></system-out>
    <system-err><![CDATA[Usage: hdfs dfsadmin [-allowSnapshot <snapshotDir>]
]]></system-err>
  </testcase>
  <testcase name="test088" classname="org.apache.hadoop.hdfs.tools.DFSAdmin_ESTest" time="0.028">
    <system-out><![CDATA[2024-11-12 13:42:12,270 INFO  EvoClassLoader - Seeing class for first time: org.apache.hadoop.mapred.JobConf
2024-11-12 13:42:12,270 INFO  EvoClassLoader - Instrumenting class 'org.apache.hadoop.mapred.JobConf'.
2024-11-12 13:42:12,270 INFO  EvoClassLoader - Error while loading class: java.lang.ClassNotFoundException: Class 'org/apache/hadoop/mapred/JobConf.class' should be in target project, but could not be found!
2024-11-12 13:42:12,272 INFO  EvoClassLoader - Seeing class for first time: libcore.io.Memory
2024-11-12 13:42:12,272 INFO  EvoClassLoader - Instrumenting class 'libcore.io.Memory'.
2024-11-12 13:42:12,273 INFO  EvoClassLoader - Error while loading class: java.lang.ClassNotFoundException: Class 'libcore/io/Memory.class' should be in target project, but could not be found!
2024-11-12 13:42:12,273 INFO  EvoClassLoader - Seeing class for first time: org.robolectric.Robolectric
2024-11-12 13:42:12,273 INFO  EvoClassLoader - Instrumenting class 'org.robolectric.Robolectric'.
2024-11-12 13:42:12,273 INFO  EvoClassLoader - Error while loading class: java.lang.ClassNotFoundException: Class 'org/robolectric/Robolectric.class' should be in target project, but could not be found!
]]></system-out>
    <system-err><![CDATA[Unknown operation: -slownodes
]]></system-err>
  </testcase>
  <testcase name="test087" classname="org.apache.hadoop.hdfs.tools.DFSAdmin_ESTest" time="0.032">
    <system-out><![CDATA[2024-11-12 13:42:12,301 INFO  EvoClassLoader - Seeing class for first time: org.apache.hadoop.mapred.JobConf
2024-11-12 13:42:12,301 INFO  EvoClassLoader - Instrumenting class 'org.apache.hadoop.mapred.JobConf'.
2024-11-12 13:42:12,301 INFO  EvoClassLoader - Error while loading class: java.lang.ClassNotFoundException: Class 'org/apache/hadoop/mapred/JobConf.class' should be in target project, but could not be found!
2024-11-12 13:42:12,303 INFO  EvoClassLoader - Seeing class for first time: libcore.io.Memory
2024-11-12 13:42:12,303 INFO  EvoClassLoader - Instrumenting class 'libcore.io.Memory'.
2024-11-12 13:42:12,304 INFO  EvoClassLoader - Error while loading class: java.lang.ClassNotFoundException: Class 'libcore/io/Memory.class' should be in target project, but could not be found!
2024-11-12 13:42:12,304 INFO  EvoClassLoader - Seeing class for first time: org.robolectric.Robolectric
2024-11-12 13:42:12,304 INFO  EvoClassLoader - Instrumenting class 'org.robolectric.Robolectric'.
2024-11-12 13:42:12,304 INFO  EvoClassLoader - Error while loading class: java.lang.ClassNotFoundException: Class 'org/robolectric/Robolectric.class' should be in target project, but could not be found!
]]></system-out>
    <system-err><![CDATA[Node type Save namespace failed for  does not support reconfiguration.
]]></system-err>
  </testcase>
  <testcase name="test086" classname="org.apache.hadoop.hdfs.tools.DFSAdmin_ESTest" time="0.026">
    <system-out><![CDATA[2024-11-12 13:42:12,329 INFO  EvoClassLoader - Seeing class for first time: org.apache.hadoop.mapred.JobConf
2024-11-12 13:42:12,329 INFO  EvoClassLoader - Instrumenting class 'org.apache.hadoop.mapred.JobConf'.
2024-11-12 13:42:12,329 INFO  EvoClassLoader - Error while loading class: java.lang.ClassNotFoundException: Class 'org/apache/hadoop/mapred/JobConf.class' should be in target project, but could not be found!
2024-11-12 13:42:12,331 INFO  EvoClassLoader - Seeing class for first time: libcore.io.Memory
2024-11-12 13:42:12,331 INFO  EvoClassLoader - Instrumenting class 'libcore.io.Memory'.
2024-11-12 13:42:12,331 INFO  EvoClassLoader - Error while loading class: java.lang.ClassNotFoundException: Class 'libcore/io/Memory.class' should be in target project, but could not be found!
2024-11-12 13:42:12,331 INFO  EvoClassLoader - Seeing class for first time: org.robolectric.Robolectric
2024-11-12 13:42:12,331 INFO  EvoClassLoader - Instrumenting class 'org.robolectric.Robolectric'.
2024-11-12 13:42:12,331 INFO  EvoClassLoader - Error while loading class: java.lang.ClassNotFoundException: Class 'org/robolectric/Robolectric.class' should be in target project, but could not be found!
]]></system-out>
  </testcase>
  <testcase name="test081" classname="org.apache.hadoop.hdfs.tools.DFSAdmin_ESTest" time="0.027">
    <system-out><![CDATA[2024-11-12 13:42:12,356 INFO  EvoClassLoader - Seeing class for first time: org.apache.hadoop.mapred.JobConf
2024-11-12 13:42:12,356 INFO  EvoClassLoader - Instrumenting class 'org.apache.hadoop.mapred.JobConf'.
2024-11-12 13:42:12,356 INFO  EvoClassLoader - Error while loading class: java.lang.ClassNotFoundException: Class 'org/apache/hadoop/mapred/JobConf.class' should be in target project, but could not be found!
2024-11-12 13:42:12,358 INFO  EvoClassLoader - Seeing class for first time: libcore.io.Memory
2024-11-12 13:42:12,358 INFO  EvoClassLoader - Instrumenting class 'libcore.io.Memory'.
2024-11-12 13:42:12,358 INFO  EvoClassLoader - Error while loading class: java.lang.ClassNotFoundException: Class 'libcore/io/Memory.class' should be in target project, but could not be found!
2024-11-12 13:42:12,358 INFO  EvoClassLoader - Seeing class for first time: org.robolectric.Robolectric
2024-11-12 13:42:12,358 INFO  EvoClassLoader - Instrumenting class 'org.robolectric.Robolectric'.
2024-11-12 13:42:12,358 INFO  EvoClassLoader - Error while loading class: java.lang.ClassNotFoundException: Class 'org/robolectric/Robolectric.class' should be in target project, but could not be found!
]]></system-out>
    <system-err><![CDATA[Usage: hdfs dfsadmin [-finalizeUpgrade]
]]></system-err>
  </testcase>
  <testcase name="test080" classname="org.apache.hadoop.hdfs.tools.DFSAdmin_ESTest" time="0.026">
    <system-out><![CDATA[2024-11-12 13:42:12,382 INFO  EvoClassLoader - Seeing class for first time: org.apache.hadoop.mapred.JobConf
2024-11-12 13:42:12,382 INFO  EvoClassLoader - Instrumenting class 'org.apache.hadoop.mapred.JobConf'.
2024-11-12 13:42:12,383 INFO  EvoClassLoader - Error while loading class: java.lang.ClassNotFoundException: Class 'org/apache/hadoop/mapred/JobConf.class' should be in target project, but could not be found!
2024-11-12 13:42:12,385 INFO  EvoClassLoader - Seeing class for first time: libcore.io.Memory
2024-11-12 13:42:12,385 INFO  EvoClassLoader - Instrumenting class 'libcore.io.Memory'.
2024-11-12 13:42:12,385 INFO  EvoClassLoader - Error while loading class: java.lang.ClassNotFoundException: Class 'libcore/io/Memory.class' should be in target project, but could not be found!
2024-11-12 13:42:12,385 INFO  EvoClassLoader - Seeing class for first time: org.robolectric.Robolectric
2024-11-12 13:42:12,385 INFO  EvoClassLoader - Instrumenting class 'org.robolectric.Robolectric'.
2024-11-12 13:42:12,385 INFO  EvoClassLoader - Error while loading class: java.lang.ClassNotFoundException: Class 'org/robolectric/Robolectric.class' should be in target project, but could not be found!
]]></system-out>
    <system-err><![CDATA[Usage: hdfs dfsadmin [-metasave filename]
]]></system-err>
  </testcase>
  <testcase name="test104" classname="org.apache.hadoop.hdfs.tools.DFSAdmin_ESTest" time="0.028">
    <system-out><![CDATA[2024-11-12 13:42:12,410 INFO  EvoClassLoader - Seeing class for first time: org.apache.hadoop.mapred.JobConf
2024-11-12 13:42:12,410 INFO  EvoClassLoader - Instrumenting class 'org.apache.hadoop.mapred.JobConf'.
2024-11-12 13:42:12,410 INFO  EvoClassLoader - Error while loading class: java.lang.ClassNotFoundException: Class 'org/apache/hadoop/mapred/JobConf.class' should be in target project, but could not be found!
2024-11-12 13:42:12,412 INFO  EvoClassLoader - Seeing class for first time: libcore.io.Memory
2024-11-12 13:42:12,412 INFO  EvoClassLoader - Instrumenting class 'libcore.io.Memory'.
2024-11-12 13:42:12,412 INFO  EvoClassLoader - Error while loading class: java.lang.ClassNotFoundException: Class 'libcore/io/Memory.class' should be in target project, but could not be found!
2024-11-12 13:42:12,412 INFO  EvoClassLoader - Seeing class for first time: org.robolectric.Robolectric
2024-11-12 13:42:12,412 INFO  EvoClassLoader - Instrumenting class 'org.robolectric.Robolectric'.
2024-11-12 13:42:12,413 INFO  EvoClassLoader - Error while loading class: java.lang.ClassNotFoundException: Class 'org/robolectric/Robolectric.class' should be in target project, but could not be found!
]]></system-out>
  </testcase>
  <testcase name="test103" classname="org.apache.hadoop.hdfs.tools.DFSAdmin_ESTest" time="0.031">
    <system-out><![CDATA[2024-11-12 13:42:12,441 INFO  EvoClassLoader - Seeing class for first time: org.apache.hadoop.mapred.JobConf
2024-11-12 13:42:12,441 INFO  EvoClassLoader - Instrumenting class 'org.apache.hadoop.mapred.JobConf'.
2024-11-12 13:42:12,441 INFO  EvoClassLoader - Error while loading class: java.lang.ClassNotFoundException: Class 'org/apache/hadoop/mapred/JobConf.class' should be in target project, but could not be found!
2024-11-12 13:42:12,443 INFO  EvoClassLoader - Seeing class for first time: libcore.io.Memory
2024-11-12 13:42:12,443 INFO  EvoClassLoader - Instrumenting class 'libcore.io.Memory'.
2024-11-12 13:42:12,443 INFO  EvoClassLoader - Error while loading class: java.lang.ClassNotFoundException: Class 'libcore/io/Memory.class' should be in target project, but could not be found!
2024-11-12 13:42:12,443 INFO  EvoClassLoader - Seeing class for first time: org.robolectric.Robolectric
2024-11-12 13:42:12,443 INFO  EvoClassLoader - Instrumenting class 'org.robolectric.Robolectric'.
2024-11-12 13:42:12,443 INFO  EvoClassLoader - Error while loading class: java.lang.ClassNotFoundException: Class 'org/robolectric/Robolectric.class' should be in target project, but could not be found!
]]></system-out>
  </testcase>
  <testcase name="test069" classname="org.apache.hadoop.hdfs.tools.DFSAdmin_ESTest" time="0.026">
    <system-out><![CDATA[2024-11-12 13:42:12,467 INFO  EvoClassLoader - Seeing class for first time: org.apache.hadoop.mapred.JobConf
2024-11-12 13:42:12,467 INFO  EvoClassLoader - Instrumenting class 'org.apache.hadoop.mapred.JobConf'.
2024-11-12 13:42:12,467 INFO  EvoClassLoader - Error while loading class: java.lang.ClassNotFoundException: Class 'org/apache/hadoop/mapred/JobConf.class' should be in target project, but could not be found!
2024-11-12 13:42:12,469 INFO  EvoClassLoader - Seeing class for first time: libcore.io.Memory
2024-11-12 13:42:12,469 INFO  EvoClassLoader - Instrumenting class 'libcore.io.Memory'.
2024-11-12 13:42:12,469 INFO  EvoClassLoader - Error while loading class: java.lang.ClassNotFoundException: Class 'libcore/io/Memory.class' should be in target project, but could not be found!
2024-11-12 13:42:12,469 INFO  EvoClassLoader - Seeing class for first time: org.robolectric.Robolectric
2024-11-12 13:42:12,469 INFO  EvoClassLoader - Instrumenting class 'org.robolectric.Robolectric'.
2024-11-12 13:42:12,469 INFO  EvoClassLoader - Error while loading class: java.lang.ClassNotFoundException: Class 'org/robolectric/Robolectric.class' should be in target project, but could not be found!
]]></system-out>
  </testcase>
  <testcase name="test102" classname="org.apache.hadoop.hdfs.tools.DFSAdmin_ESTest" time="0.026">
    <system-out><![CDATA[2024-11-12 13:42:12,493 INFO  EvoClassLoader - Seeing class for first time: org.apache.hadoop.mapred.JobConf
2024-11-12 13:42:12,493 INFO  EvoClassLoader - Instrumenting class 'org.apache.hadoop.mapred.JobConf'.
2024-11-12 13:42:12,493 INFO  EvoClassLoader - Error while loading class: java.lang.ClassNotFoundException: Class 'org/apache/hadoop/mapred/JobConf.class' should be in target project, but could not be found!
2024-11-12 13:42:12,495 INFO  EvoClassLoader - Seeing class for first time: libcore.io.Memory
2024-11-12 13:42:12,495 INFO  EvoClassLoader - Instrumenting class 'libcore.io.Memory'.
2024-11-12 13:42:12,495 INFO  EvoClassLoader - Error while loading class: java.lang.ClassNotFoundException: Class 'libcore/io/Memory.class' should be in target project, but could not be found!
2024-11-12 13:42:12,495 INFO  EvoClassLoader - Seeing class for first time: org.robolectric.Robolectric
2024-11-12 13:42:12,495 INFO  EvoClassLoader - Instrumenting class 'org.robolectric.Robolectric'.
2024-11-12 13:42:12,495 INFO  EvoClassLoader - Error while loading class: java.lang.ClassNotFoundException: Class 'org/robolectric/Robolectric.class' should be in target project, but could not be found!
]]></system-out>
  </testcase>
  <testcase name="test068" classname="org.apache.hadoop.hdfs.tools.DFSAdmin_ESTest" time="0.027">
    <system-out><![CDATA[2024-11-12 13:42:12,521 INFO  EvoClassLoader - Seeing class for first time: org.apache.hadoop.mapred.JobConf
2024-11-12 13:42:12,521 INFO  EvoClassLoader - Instrumenting class 'org.apache.hadoop.mapred.JobConf'.
2024-11-12 13:42:12,521 INFO  EvoClassLoader - Error while loading class: java.lang.ClassNotFoundException: Class 'org/apache/hadoop/mapred/JobConf.class' should be in target project, but could not be found!
2024-11-12 13:42:12,522 INFO  EvoClassLoader - Seeing class for first time: libcore.io.Memory
2024-11-12 13:42:12,522 INFO  EvoClassLoader - Instrumenting class 'libcore.io.Memory'.
2024-11-12 13:42:12,522 INFO  EvoClassLoader - Error while loading class: java.lang.ClassNotFoundException: Class 'libcore/io/Memory.class' should be in target project, but could not be found!
2024-11-12 13:42:12,522 INFO  EvoClassLoader - Seeing class for first time: org.robolectric.Robolectric
2024-11-12 13:42:12,522 INFO  EvoClassLoader - Instrumenting class 'org.robolectric.Robolectric'.
2024-11-12 13:42:12,523 INFO  EvoClassLoader - Error while loading class: java.lang.ClassNotFoundException: Class 'org/robolectric/Robolectric.class' should be in target project, but could not be found!
]]></system-out>
    <system-err><![CDATA[Usage: hdfs dfsadmin [-upgrade query | finalize]
]]></system-err>
  </testcase>
  <testcase name="test101" classname="org.apache.hadoop.hdfs.tools.DFSAdmin_ESTest" time="0.028">
    <system-out><![CDATA[2024-11-12 13:42:12,546 INFO  EvoClassLoader - Seeing class for first time: org.apache.hadoop.mapred.JobConf
2024-11-12 13:42:12,546 INFO  EvoClassLoader - Instrumenting class 'org.apache.hadoop.mapred.JobConf'.
2024-11-12 13:42:12,546 INFO  EvoClassLoader - Error while loading class: java.lang.ClassNotFoundException: Class 'org/apache/hadoop/mapred/JobConf.class' should be in target project, but could not be found!
2024-11-12 13:42:12,548 INFO  EvoClassLoader - Seeing class for first time: libcore.io.Memory
2024-11-12 13:42:12,548 INFO  EvoClassLoader - Instrumenting class 'libcore.io.Memory'.
2024-11-12 13:42:12,549 INFO  EvoClassLoader - Error while loading class: java.lang.ClassNotFoundException: Class 'libcore/io/Memory.class' should be in target project, but could not be found!
2024-11-12 13:42:12,549 INFO  EvoClassLoader - Seeing class for first time: org.robolectric.Robolectric
2024-11-12 13:42:12,549 INFO  EvoClassLoader - Instrumenting class 'org.robolectric.Robolectric'.
2024-11-12 13:42:12,549 INFO  EvoClassLoader - Error while loading class: java.lang.ClassNotFoundException: Class 'org/robolectric/Robolectric.class' should be in target project, but could not be found!
]]></system-out>
  </testcase>
  <testcase name="test106" classname="org.apache.hadoop.hdfs.tools.DFSAdmin_ESTest" time="0.033">
    <system-out><![CDATA[2024-11-12 13:42:12,578 INFO  EvoClassLoader - Seeing class for first time: org.apache.hadoop.mapred.JobConf
2024-11-12 13:42:12,578 INFO  EvoClassLoader - Instrumenting class 'org.apache.hadoop.mapred.JobConf'.
2024-11-12 13:42:12,578 INFO  EvoClassLoader - Error while loading class: java.lang.ClassNotFoundException: Class 'org/apache/hadoop/mapred/JobConf.class' should be in target project, but could not be found!
2024-11-12 13:42:12,580 INFO  EvoClassLoader - Seeing class for first time: libcore.io.Memory
2024-11-12 13:42:12,580 INFO  EvoClassLoader - Instrumenting class 'libcore.io.Memory'.
2024-11-12 13:42:12,580 INFO  EvoClassLoader - Error while loading class: java.lang.ClassNotFoundException: Class 'libcore/io/Memory.class' should be in target project, but could not be found!
2024-11-12 13:42:12,580 INFO  EvoClassLoader - Seeing class for first time: org.robolectric.Robolectric
2024-11-12 13:42:12,580 INFO  EvoClassLoader - Instrumenting class 'org.robolectric.Robolectric'.
2024-11-12 13:42:12,580 INFO  EvoClassLoader - Error while loading class: java.lang.ClassNotFoundException: Class 'org/robolectric/Robolectric.class' should be in target project, but could not be found!
]]></system-out>
  </testcase>
  <testcase name="test105" classname="org.apache.hadoop.hdfs.tools.DFSAdmin_ESTest" time="0.024">
    <system-out><![CDATA[2024-11-12 13:42:12,606 INFO  EvoClassLoader - Seeing class for first time: org.apache.hadoop.mapred.JobConf
2024-11-12 13:42:12,606 INFO  EvoClassLoader - Instrumenting class 'org.apache.hadoop.mapred.JobConf'.
2024-11-12 13:42:12,606 INFO  EvoClassLoader - Error while loading class: java.lang.ClassNotFoundException: Class 'org/apache/hadoop/mapred/JobConf.class' should be in target project, but could not be found!
2024-11-12 13:42:12,608 INFO  EvoClassLoader - Seeing class for first time: libcore.io.Memory
2024-11-12 13:42:12,608 INFO  EvoClassLoader - Instrumenting class 'libcore.io.Memory'.
2024-11-12 13:42:12,608 INFO  EvoClassLoader - Error while loading class: java.lang.ClassNotFoundException: Class 'libcore/io/Memory.class' should be in target project, but could not be found!
2024-11-12 13:42:12,608 INFO  EvoClassLoader - Seeing class for first time: org.robolectric.Robolectric
2024-11-12 13:42:12,608 INFO  EvoClassLoader - Instrumenting class 'org.robolectric.Robolectric'.
2024-11-12 13:42:12,608 INFO  EvoClassLoader - Error while loading class: java.lang.ClassNotFoundException: Class 'org/robolectric/Robolectric.class' should be in target project, but could not be found!
]]></system-out>
  </testcase>
  <testcase name="test074" classname="org.apache.hadoop.hdfs.tools.DFSAdmin_ESTest" time="0.029">
    <system-out><![CDATA[2024-11-12 13:42:12,632 INFO  EvoClassLoader - Seeing class for first time: org.apache.hadoop.mapred.JobConf
2024-11-12 13:42:12,632 INFO  EvoClassLoader - Instrumenting class 'org.apache.hadoop.mapred.JobConf'.
2024-11-12 13:42:12,632 INFO  EvoClassLoader - Error while loading class: java.lang.ClassNotFoundException: Class 'org/apache/hadoop/mapred/JobConf.class' should be in target project, but could not be found!
2024-11-12 13:42:12,634 INFO  EvoClassLoader - Seeing class for first time: libcore.io.Memory
2024-11-12 13:42:12,634 INFO  EvoClassLoader - Instrumenting class 'libcore.io.Memory'.
2024-11-12 13:42:12,635 INFO  EvoClassLoader - Error while loading class: java.lang.ClassNotFoundException: Class 'libcore/io/Memory.class' should be in target project, but could not be found!
2024-11-12 13:42:12,635 INFO  EvoClassLoader - Seeing class for first time: org.robolectric.Robolectric
2024-11-12 13:42:12,635 INFO  EvoClassLoader - Instrumenting class 'org.robolectric.Robolectric'.
2024-11-12 13:42:12,635 INFO  EvoClassLoader - Error while loading class: java.lang.ClassNotFoundException: Class 'org/robolectric/Robolectric.class' should be in target project, but could not be found!
]]></system-out>
    <system-err><![CDATA[Usage: hdfs dfsadmin [-getBalancerBandwidth <datanode_host:ipc_port>]
]]></system-err>
  </testcase>
  <testcase name="test073" classname="org.apache.hadoop.hdfs.tools.DFSAdmin_ESTest" time="0.035">
    <system-out><![CDATA[2024-11-12 13:42:12,661 INFO  EvoClassLoader - Seeing class for first time: org.apache.hadoop.mapred.JobConf
2024-11-12 13:42:12,661 INFO  EvoClassLoader - Instrumenting class 'org.apache.hadoop.mapred.JobConf'.
2024-11-12 13:42:12,661 INFO  EvoClassLoader - Error while loading class: java.lang.ClassNotFoundException: Class 'org/apache/hadoop/mapred/JobConf.class' should be in target project, but could not be found!
2024-11-12 13:42:12,662 INFO  EvoClassLoader - Seeing class for first time: libcore.io.Memory
2024-11-12 13:42:12,663 INFO  EvoClassLoader - Instrumenting class 'libcore.io.Memory'.
2024-11-12 13:42:12,663 INFO  EvoClassLoader - Error while loading class: java.lang.ClassNotFoundException: Class 'libcore/io/Memory.class' should be in target project, but could not be found!
2024-11-12 13:42:12,663 INFO  EvoClassLoader - Seeing class for first time: org.robolectric.Robolectric
2024-11-12 13:42:12,663 INFO  EvoClassLoader - Instrumenting class 'org.robolectric.Robolectric'.
2024-11-12 13:42:12,663 INFO  EvoClassLoader - Error while loading class: java.lang.ClassNotFoundException: Class 'org/robolectric/Robolectric.class' should be in target project, but could not be found!
]]></system-out>
    <system-err><![CDATA[Usage: hdfs dfsadmin [-triggerBlockReport [-incremental] <datanode_host:ipc_port> [-namenode <namenode_host:ipc_port>]]
]]></system-err>
  </testcase>
  <testcase name="test072" classname="org.apache.hadoop.hdfs.tools.DFSAdmin_ESTest" time="0.023">
    <system-out><![CDATA[2024-11-12 13:42:12,690 INFO  EvoClassLoader - Seeing class for first time: org.apache.hadoop.mapred.JobConf
2024-11-12 13:42:12,690 INFO  EvoClassLoader - Instrumenting class 'org.apache.hadoop.mapred.JobConf'.
2024-11-12 13:42:12,690 INFO  EvoClassLoader - Error while loading class: java.lang.ClassNotFoundException: Class 'org/apache/hadoop/mapred/JobConf.class' should be in target project, but could not be found!
2024-11-12 13:42:12,692 INFO  EvoClassLoader - Seeing class for first time: libcore.io.Memory
2024-11-12 13:42:12,692 INFO  EvoClassLoader - Instrumenting class 'libcore.io.Memory'.
2024-11-12 13:42:12,692 INFO  EvoClassLoader - Error while loading class: java.lang.ClassNotFoundException: Class 'libcore/io/Memory.class' should be in target project, but could not be found!
2024-11-12 13:42:12,692 INFO  EvoClassLoader - Seeing class for first time: org.robolectric.Robolectric
2024-11-12 13:42:12,692 INFO  EvoClassLoader - Instrumenting class 'org.robolectric.Robolectric'.
2024-11-12 13:42:12,693 INFO  EvoClassLoader - Error while loading class: java.lang.ClassNotFoundException: Class 'org/robolectric/Robolectric.class' should be in target project, but could not be found!
]]></system-out>
    <system-err><![CDATA[Usage: hdfs dfsadmin [-listOpenFiles [-blockingDecommission] [-path <path>]]
]]></system-err>
  </testcase>
  <testcase name="test071" classname="org.apache.hadoop.hdfs.tools.DFSAdmin_ESTest" time="0.029">
    <system-out><![CDATA[2024-11-12 13:42:12,718 INFO  EvoClassLoader - Seeing class for first time: org.apache.hadoop.mapred.JobConf
2024-11-12 13:42:12,718 INFO  EvoClassLoader - Instrumenting class 'org.apache.hadoop.mapred.JobConf'.
2024-11-12 13:42:12,719 INFO  EvoClassLoader - Error while loading class: java.lang.ClassNotFoundException: Class 'org/apache/hadoop/mapred/JobConf.class' should be in target project, but could not be found!
2024-11-12 13:42:12,721 INFO  EvoClassLoader - Seeing class for first time: libcore.io.Memory
2024-11-12 13:42:12,721 INFO  EvoClassLoader - Instrumenting class 'libcore.io.Memory'.
2024-11-12 13:42:12,721 INFO  EvoClassLoader - Error while loading class: java.lang.ClassNotFoundException: Class 'libcore/io/Memory.class' should be in target project, but could not be found!
2024-11-12 13:42:12,721 INFO  EvoClassLoader - Seeing class for first time: org.robolectric.Robolectric
2024-11-12 13:42:12,721 INFO  EvoClassLoader - Instrumenting class 'org.robolectric.Robolectric'.
2024-11-12 13:42:12,721 INFO  EvoClassLoader - Error while loading class: java.lang.ClassNotFoundException: Class 'org/robolectric/Robolectric.class' should be in target project, but could not be found!
]]></system-out>
    <system-err><![CDATA[Usage: hdfs dfsadmin [-safemode enter | leave | get | wait | forceExit]
]]></system-err>
  </testcase>
  <testcase name="test078" classname="org.apache.hadoop.hdfs.tools.DFSAdmin_ESTest" time="0.027">
    <system-out><![CDATA[2024-11-12 13:42:12,748 INFO  EvoClassLoader - Seeing class for first time: org.apache.hadoop.mapred.JobConf
2024-11-12 13:42:12,748 INFO  EvoClassLoader - Instrumenting class 'org.apache.hadoop.mapred.JobConf'.
2024-11-12 13:42:12,748 INFO  EvoClassLoader - Error while loading class: java.lang.ClassNotFoundException: Class 'org/apache/hadoop/mapred/JobConf.class' should be in target project, but could not be found!
2024-11-12 13:42:12,750 INFO  EvoClassLoader - Seeing class for first time: libcore.io.Memory
2024-11-12 13:42:12,750 INFO  EvoClassLoader - Instrumenting class 'libcore.io.Memory'.
2024-11-12 13:42:12,750 INFO  EvoClassLoader - Error while loading class: java.lang.ClassNotFoundException: Class 'libcore/io/Memory.class' should be in target project, but could not be found!
2024-11-12 13:42:12,750 INFO  EvoClassLoader - Seeing class for first time: org.robolectric.Robolectric
2024-11-12 13:42:12,750 INFO  EvoClassLoader - Instrumenting class 'org.robolectric.Robolectric'.
2024-11-12 13:42:12,750 INFO  EvoClassLoader - Error while loading class: java.lang.ClassNotFoundException: Class 'org/robolectric/Robolectric.class' should be in target project, but could not be found!
]]></system-out>
    <system-err><![CDATA[Usage: hdfs dfsadmin [-reconfig <namenode|datanode> <host:ipc_port|livenodes> <start|status|properties>]
]]></system-err>
  </testcase>
  <testcase name="test077" classname="org.apache.hadoop.hdfs.tools.DFSAdmin_ESTest" time="0.03">
    <system-out><![CDATA[2024-11-12 13:42:12,779 INFO  EvoClassLoader - Seeing class for first time: org.apache.hadoop.mapred.JobConf
2024-11-12 13:42:12,779 INFO  EvoClassLoader - Instrumenting class 'org.apache.hadoop.mapred.JobConf'.
2024-11-12 13:42:12,779 INFO  EvoClassLoader - Error while loading class: java.lang.ClassNotFoundException: Class 'org/apache/hadoop/mapred/JobConf.class' should be in target project, but could not be found!
2024-11-12 13:42:12,781 INFO  EvoClassLoader - Seeing class for first time: libcore.io.Memory
2024-11-12 13:42:12,781 INFO  EvoClassLoader - Instrumenting class 'libcore.io.Memory'.
2024-11-12 13:42:12,781 INFO  EvoClassLoader - Error while loading class: java.lang.ClassNotFoundException: Class 'libcore/io/Memory.class' should be in target project, but could not be found!
2024-11-12 13:42:12,781 INFO  EvoClassLoader - Seeing class for first time: org.robolectric.Robolectric
2024-11-12 13:42:12,781 INFO  EvoClassLoader - Instrumenting class 'org.robolectric.Robolectric'.
2024-11-12 13:42:12,781 INFO  EvoClassLoader - Error while loading class: java.lang.ClassNotFoundException: Class 'org/robolectric/Robolectric.class' should be in target project, but could not be found!
]]></system-out>
    <system-err><![CDATA[Usage: hdfs dfsadmin [-refresh <hostname:ipc_port> <resource_identifier> [arg1..argn]
]]></system-err>
  </testcase>
  <testcase name="test076" classname="org.apache.hadoop.hdfs.tools.DFSAdmin_ESTest" time="0.025">
    <system-out><![CDATA[2024-11-12 13:42:12,805 INFO  EvoClassLoader - Seeing class for first time: org.apache.hadoop.mapred.JobConf
2024-11-12 13:42:12,805 INFO  EvoClassLoader - Instrumenting class 'org.apache.hadoop.mapred.JobConf'.
2024-11-12 13:42:12,805 INFO  EvoClassLoader - Error while loading class: java.lang.ClassNotFoundException: Class 'org/apache/hadoop/mapred/JobConf.class' should be in target project, but could not be found!
2024-11-12 13:42:12,807 INFO  EvoClassLoader - Seeing class for first time: libcore.io.Memory
2024-11-12 13:42:12,807 INFO  EvoClassLoader - Instrumenting class 'libcore.io.Memory'.
2024-11-12 13:42:12,807 INFO  EvoClassLoader - Error while loading class: java.lang.ClassNotFoundException: Class 'libcore/io/Memory.class' should be in target project, but could not be found!
2024-11-12 13:42:12,807 INFO  EvoClassLoader - Seeing class for first time: org.robolectric.Robolectric
2024-11-12 13:42:12,807 INFO  EvoClassLoader - Instrumenting class 'org.robolectric.Robolectric'.
2024-11-12 13:42:12,807 INFO  EvoClassLoader - Error while loading class: java.lang.ClassNotFoundException: Class 'org/robolectric/Robolectric.class' should be in target project, but could not be found!
]]></system-out>
    <system-err><![CDATA[Usage: hdfs dfsadmin [-getVolumeReport datanode-host:ipc_port]
]]></system-err>
  </testcase>
  <testcase name="test075" classname="org.apache.hadoop.hdfs.tools.DFSAdmin_ESTest" time="0.03">
    <system-out><![CDATA[2024-11-12 13:42:12,831 INFO  EvoClassLoader - Seeing class for first time: org.apache.hadoop.mapred.JobConf
2024-11-12 13:42:12,831 INFO  EvoClassLoader - Instrumenting class 'org.apache.hadoop.mapred.JobConf'.
2024-11-12 13:42:12,832 INFO  EvoClassLoader - Error while loading class: java.lang.ClassNotFoundException: Class 'org/apache/hadoop/mapred/JobConf.class' should be in target project, but could not be found!
2024-11-12 13:42:12,833 INFO  EvoClassLoader - Seeing class for first time: libcore.io.Memory
2024-11-12 13:42:12,833 INFO  EvoClassLoader - Instrumenting class 'libcore.io.Memory'.
2024-11-12 13:42:12,834 INFO  EvoClassLoader - Error while loading class: java.lang.ClassNotFoundException: Class 'libcore/io/Memory.class' should be in target project, but could not be found!
2024-11-12 13:42:12,834 INFO  EvoClassLoader - Seeing class for first time: org.robolectric.Robolectric
2024-11-12 13:42:12,834 INFO  EvoClassLoader - Instrumenting class 'org.robolectric.Robolectric'.
2024-11-12 13:42:12,834 INFO  EvoClassLoader - Error while loading class: java.lang.ClassNotFoundException: Class 'org/robolectric/Robolectric.class' should be in target project, but could not be found!
]]></system-out>
    <system-err><![CDATA[Usage: hdfs dfsadmin [-deleteBlockPool datanode-host:ipc_port blockpoolId [force]]
]]></system-err>
  </testcase>
  <testcase name="test070" classname="org.apache.hadoop.hdfs.tools.DFSAdmin_ESTest" time="0.026">
    <system-out><![CDATA[2024-11-12 13:42:12,859 INFO  EvoClassLoader - Seeing class for first time: org.apache.hadoop.mapred.JobConf
2024-11-12 13:42:12,859 INFO  EvoClassLoader - Instrumenting class 'org.apache.hadoop.mapred.JobConf'.
2024-11-12 13:42:12,859 INFO  EvoClassLoader - Error while loading class: java.lang.ClassNotFoundException: Class 'org/apache/hadoop/mapred/JobConf.class' should be in target project, but could not be found!
2024-11-12 13:42:12,861 INFO  EvoClassLoader - Seeing class for first time: libcore.io.Memory
2024-11-12 13:42:12,861 INFO  EvoClassLoader - Instrumenting class 'libcore.io.Memory'.
2024-11-12 13:42:12,861 INFO  EvoClassLoader - Error while loading class: java.lang.ClassNotFoundException: Class 'libcore/io/Memory.class' should be in target project, but could not be found!
2024-11-12 13:42:12,861 INFO  EvoClassLoader - Seeing class for first time: org.robolectric.Robolectric
2024-11-12 13:42:12,861 INFO  EvoClassLoader - Instrumenting class 'org.robolectric.Robolectric'.
2024-11-12 13:42:12,861 INFO  EvoClassLoader - Error while loading class: java.lang.ClassNotFoundException: Class 'org/robolectric/Robolectric.class' should be in target project, but could not be found!
]]></system-out>
  </testcase>
  <testcase name="test059" classname="org.apache.hadoop.hdfs.tools.DFSAdmin_ESTest" time="0.038">
    <system-out><![CDATA[2024-11-12 13:42:12,898 INFO  EvoClassLoader - Seeing class for first time: org.apache.hadoop.mapred.JobConf
2024-11-12 13:42:12,898 INFO  EvoClassLoader - Instrumenting class 'org.apache.hadoop.mapred.JobConf'.
2024-11-12 13:42:12,898 INFO  EvoClassLoader - Error while loading class: java.lang.ClassNotFoundException: Class 'org/apache/hadoop/mapred/JobConf.class' should be in target project, but could not be found!
2024-11-12 13:42:12,900 INFO  EvoClassLoader - Seeing class for first time: libcore.io.Memory
2024-11-12 13:42:12,900 INFO  EvoClassLoader - Instrumenting class 'libcore.io.Memory'.
2024-11-12 13:42:12,901 INFO  EvoClassLoader - Error while loading class: java.lang.ClassNotFoundException: Class 'libcore/io/Memory.class' should be in target project, but could not be found!
2024-11-12 13:42:12,901 INFO  EvoClassLoader - Seeing class for first time: org.robolectric.Robolectric
2024-11-12 13:42:12,901 INFO  EvoClassLoader - Instrumenting class 'org.robolectric.Robolectric'.
2024-11-12 13:42:12,901 INFO  EvoClassLoader - Error while loading class: java.lang.ClassNotFoundException: Class 'org/robolectric/Robolectric.class' should be in target project, but could not be found!
]]></system-out>
  </testcase>
  <testcase name="test058" classname="org.apache.hadoop.hdfs.tools.DFSAdmin_ESTest" time="0.029">
    <system-out><![CDATA[2024-11-12 13:42:12,926 INFO  EvoClassLoader - Seeing class for first time: org.apache.hadoop.mapred.JobConf
2024-11-12 13:42:12,926 INFO  EvoClassLoader - Instrumenting class 'org.apache.hadoop.mapred.JobConf'.
2024-11-12 13:42:12,927 INFO  EvoClassLoader - Error while loading class: java.lang.ClassNotFoundException: Class 'org/apache/hadoop/mapred/JobConf.class' should be in target project, but could not be found!
2024-11-12 13:42:12,928 INFO  EvoClassLoader - Seeing class for first time: libcore.io.Memory
2024-11-12 13:42:12,928 INFO  EvoClassLoader - Instrumenting class 'libcore.io.Memory'.
2024-11-12 13:42:12,929 INFO  EvoClassLoader - Error while loading class: java.lang.ClassNotFoundException: Class 'libcore/io/Memory.class' should be in target project, but could not be found!
2024-11-12 13:42:12,929 INFO  EvoClassLoader - Seeing class for first time: org.robolectric.Robolectric
2024-11-12 13:42:12,929 INFO  EvoClassLoader - Instrumenting class 'org.robolectric.Robolectric'.
2024-11-12 13:42:12,929 INFO  EvoClassLoader - Error while loading class: java.lang.ClassNotFoundException: Class 'org/robolectric/Robolectric.class' should be in target project, but could not be found!
]]></system-out>
  </testcase>
  <testcase name="test057" classname="org.apache.hadoop.hdfs.tools.DFSAdmin_ESTest" time="0.027">
    <system-out><![CDATA[2024-11-12 13:42:12,953 INFO  EvoClassLoader - Seeing class for first time: org.apache.hadoop.mapred.JobConf
2024-11-12 13:42:12,953 INFO  EvoClassLoader - Instrumenting class 'org.apache.hadoop.mapred.JobConf'.
2024-11-12 13:42:12,953 INFO  EvoClassLoader - Error while loading class: java.lang.ClassNotFoundException: Class 'org/apache/hadoop/mapred/JobConf.class' should be in target project, but could not be found!
2024-11-12 13:42:12,955 INFO  EvoClassLoader - Seeing class for first time: libcore.io.Memory
2024-11-12 13:42:12,955 INFO  EvoClassLoader - Instrumenting class 'libcore.io.Memory'.
2024-11-12 13:42:12,955 INFO  EvoClassLoader - Error while loading class: java.lang.ClassNotFoundException: Class 'libcore/io/Memory.class' should be in target project, but could not be found!
2024-11-12 13:42:12,955 INFO  EvoClassLoader - Seeing class for first time: org.robolectric.Robolectric
2024-11-12 13:42:12,955 INFO  EvoClassLoader - Instrumenting class 'org.robolectric.Robolectric'.
2024-11-12 13:42:12,955 INFO  EvoClassLoader - Error while loading class: java.lang.ClassNotFoundException: Class 'org/robolectric/Robolectric.class' should be in target project, but could not be found!
]]></system-out>
  </testcase>
  <testcase name="test063" classname="org.apache.hadoop.hdfs.tools.DFSAdmin_ESTest" time="0.03">
    <system-out><![CDATA[2024-11-12 13:42:12,981 INFO  EvoClassLoader - Seeing class for first time: org.apache.hadoop.mapred.JobConf
2024-11-12 13:42:12,981 INFO  EvoClassLoader - Instrumenting class 'org.apache.hadoop.mapred.JobConf'.
2024-11-12 13:42:12,982 INFO  EvoClassLoader - Error while loading class: java.lang.ClassNotFoundException: Class 'org/apache/hadoop/mapred/JobConf.class' should be in target project, but could not be found!
2024-11-12 13:42:12,984 INFO  EvoClassLoader - Seeing class for first time: libcore.io.Memory
2024-11-12 13:42:12,984 INFO  EvoClassLoader - Instrumenting class 'libcore.io.Memory'.
2024-11-12 13:42:12,984 INFO  EvoClassLoader - Error while loading class: java.lang.ClassNotFoundException: Class 'libcore/io/Memory.class' should be in target project, but could not be found!
2024-11-12 13:42:12,985 INFO  EvoClassLoader - Seeing class for first time: org.robolectric.Robolectric
2024-11-12 13:42:12,985 INFO  EvoClassLoader - Instrumenting class 'org.robolectric.Robolectric'.
2024-11-12 13:42:12,985 INFO  EvoClassLoader - Error while loading class: java.lang.ClassNotFoundException: Class 'org/robolectric/Robolectric.class' should be in target project, but could not be found!
]]></system-out>
  </testcase>
  <testcase name="test062" classname="org.apache.hadoop.hdfs.tools.DFSAdmin_ESTest" time="0.028">
    <system-out><![CDATA[2024-11-12 13:42:13,011 INFO  EvoClassLoader - Seeing class for first time: org.apache.hadoop.mapred.JobConf
2024-11-12 13:42:13,011 INFO  EvoClassLoader - Instrumenting class 'org.apache.hadoop.mapred.JobConf'.
2024-11-12 13:42:13,011 INFO  EvoClassLoader - Error while loading class: java.lang.ClassNotFoundException: Class 'org/apache/hadoop/mapred/JobConf.class' should be in target project, but could not be found!
2024-11-12 13:42:13,013 INFO  EvoClassLoader - Seeing class for first time: libcore.io.Memory
2024-11-12 13:42:13,013 INFO  EvoClassLoader - Instrumenting class 'libcore.io.Memory'.
2024-11-12 13:42:13,013 INFO  EvoClassLoader - Error while loading class: java.lang.ClassNotFoundException: Class 'libcore/io/Memory.class' should be in target project, but could not be found!
2024-11-12 13:42:13,013 INFO  EvoClassLoader - Seeing class for first time: org.robolectric.Robolectric
2024-11-12 13:42:13,013 INFO  EvoClassLoader - Instrumenting class 'org.robolectric.Robolectric'.
2024-11-12 13:42:13,013 INFO  EvoClassLoader - Error while loading class: java.lang.ClassNotFoundException: Class 'org/robolectric/Robolectric.class' should be in target project, but could not be found!
]]></system-out>
  </testcase>
  <testcase name="test061" classname="org.apache.hadoop.hdfs.tools.DFSAdmin_ESTest" time="0.027">
    <system-out><![CDATA[2024-11-12 13:42:13,038 INFO  EvoClassLoader - Seeing class for first time: org.apache.hadoop.mapred.JobConf
2024-11-12 13:42:13,038 INFO  EvoClassLoader - Instrumenting class 'org.apache.hadoop.mapred.JobConf'.
2024-11-12 13:42:13,038 INFO  EvoClassLoader - Error while loading class: java.lang.ClassNotFoundException: Class 'org/apache/hadoop/mapred/JobConf.class' should be in target project, but could not be found!
2024-11-12 13:42:13,040 INFO  EvoClassLoader - Seeing class for first time: libcore.io.Memory
2024-11-12 13:42:13,040 INFO  EvoClassLoader - Instrumenting class 'libcore.io.Memory'.
2024-11-12 13:42:13,040 INFO  EvoClassLoader - Error while loading class: java.lang.ClassNotFoundException: Class 'libcore/io/Memory.class' should be in target project, but could not be found!
2024-11-12 13:42:13,040 INFO  EvoClassLoader - Seeing class for first time: org.robolectric.Robolectric
2024-11-12 13:42:13,040 INFO  EvoClassLoader - Instrumenting class 'org.robolectric.Robolectric'.
2024-11-12 13:42:13,040 INFO  EvoClassLoader - Error while loading class: java.lang.ClassNotFoundException: Class 'org/robolectric/Robolectric.class' should be in target project, but could not be found!
]]></system-out>
  </testcase>
  <testcase name="test060" classname="org.apache.hadoop.hdfs.tools.DFSAdmin_ESTest" time="0.027">
    <system-out><![CDATA[2024-11-12 13:42:13,065 INFO  EvoClassLoader - Seeing class for first time: org.apache.hadoop.mapred.JobConf
2024-11-12 13:42:13,065 INFO  EvoClassLoader - Instrumenting class 'org.apache.hadoop.mapred.JobConf'.
2024-11-12 13:42:13,065 INFO  EvoClassLoader - Error while loading class: java.lang.ClassNotFoundException: Class 'org/apache/hadoop/mapred/JobConf.class' should be in target project, but could not be found!
2024-11-12 13:42:13,067 INFO  EvoClassLoader - Seeing class for first time: libcore.io.Memory
2024-11-12 13:42:13,067 INFO  EvoClassLoader - Instrumenting class 'libcore.io.Memory'.
2024-11-12 13:42:13,067 INFO  EvoClassLoader - Error while loading class: java.lang.ClassNotFoundException: Class 'libcore/io/Memory.class' should be in target project, but could not be found!
2024-11-12 13:42:13,067 INFO  EvoClassLoader - Seeing class for first time: org.robolectric.Robolectric
2024-11-12 13:42:13,067 INFO  EvoClassLoader - Instrumenting class 'org.robolectric.Robolectric'.
2024-11-12 13:42:13,068 INFO  EvoClassLoader - Error while loading class: java.lang.ClassNotFoundException: Class 'org/robolectric/Robolectric.class' should be in target project, but could not be found!
]]></system-out>
  </testcase>
  <testcase name="test067" classname="org.apache.hadoop.hdfs.tools.DFSAdmin_ESTest" time="0.032">
    <system-out><![CDATA[2024-11-12 13:42:13,094 INFO  EvoClassLoader - Seeing class for first time: org.apache.hadoop.mapred.JobConf
2024-11-12 13:42:13,094 INFO  EvoClassLoader - Instrumenting class 'org.apache.hadoop.mapred.JobConf'.
2024-11-12 13:42:13,094 INFO  EvoClassLoader - Error while loading class: java.lang.ClassNotFoundException: Class 'org/apache/hadoop/mapred/JobConf.class' should be in target project, but could not be found!
2024-11-12 13:42:13,096 INFO  EvoClassLoader - Seeing class for first time: libcore.io.Memory
2024-11-12 13:42:13,096 INFO  EvoClassLoader - Instrumenting class 'libcore.io.Memory'.
2024-11-12 13:42:13,096 INFO  EvoClassLoader - Error while loading class: java.lang.ClassNotFoundException: Class 'libcore/io/Memory.class' should be in target project, but could not be found!
2024-11-12 13:42:13,096 INFO  EvoClassLoader - Seeing class for first time: org.robolectric.Robolectric
2024-11-12 13:42:13,096 INFO  EvoClassLoader - Instrumenting class 'org.robolectric.Robolectric'.
2024-11-12 13:42:13,096 INFO  EvoClassLoader - Error while loading class: java.lang.ClassNotFoundException: Class 'org/robolectric/Robolectric.class' should be in target project, but could not be found!
]]></system-out>
  </testcase>
  <testcase name="test100" classname="org.apache.hadoop.hdfs.tools.DFSAdmin_ESTest" time="0.026">
    <system-out><![CDATA[2024-11-12 13:42:13,123 INFO  EvoClassLoader - Seeing class for first time: org.apache.hadoop.mapred.JobConf
2024-11-12 13:42:13,123 INFO  EvoClassLoader - Instrumenting class 'org.apache.hadoop.mapred.JobConf'.
2024-11-12 13:42:13,123 INFO  EvoClassLoader - Error while loading class: java.lang.ClassNotFoundException: Class 'org/apache/hadoop/mapred/JobConf.class' should be in target project, but could not be found!
2024-11-12 13:42:13,125 INFO  EvoClassLoader - Seeing class for first time: libcore.io.Memory
2024-11-12 13:42:13,125 INFO  EvoClassLoader - Instrumenting class 'libcore.io.Memory'.
2024-11-12 13:42:13,126 INFO  EvoClassLoader - Error while loading class: java.lang.ClassNotFoundException: Class 'libcore/io/Memory.class' should be in target project, but could not be found!
2024-11-12 13:42:13,126 INFO  EvoClassLoader - Seeing class for first time: org.robolectric.Robolectric
2024-11-12 13:42:13,126 INFO  EvoClassLoader - Instrumenting class 'org.robolectric.Robolectric'.
2024-11-12 13:42:13,126 INFO  EvoClassLoader - Error while loading class: java.lang.ClassNotFoundException: Class 'org/robolectric/Robolectric.class' should be in target project, but could not be found!
]]></system-out>
  </testcase>
  <testcase name="test066" classname="org.apache.hadoop.hdfs.tools.DFSAdmin_ESTest" time="0.028">
    <system-out><![CDATA[2024-11-12 13:42:13,150 INFO  EvoClassLoader - Seeing class for first time: org.apache.hadoop.mapred.JobConf
2024-11-12 13:42:13,150 INFO  EvoClassLoader - Instrumenting class 'org.apache.hadoop.mapred.JobConf'.
2024-11-12 13:42:13,150 INFO  EvoClassLoader - Error while loading class: java.lang.ClassNotFoundException: Class 'org/apache/hadoop/mapred/JobConf.class' should be in target project, but could not be found!
2024-11-12 13:42:13,152 INFO  EvoClassLoader - Seeing class for first time: libcore.io.Memory
2024-11-12 13:42:13,152 INFO  EvoClassLoader - Instrumenting class 'libcore.io.Memory'.
2024-11-12 13:42:13,152 INFO  EvoClassLoader - Error while loading class: java.lang.ClassNotFoundException: Class 'libcore/io/Memory.class' should be in target project, but could not be found!
2024-11-12 13:42:13,152 INFO  EvoClassLoader - Seeing class for first time: org.robolectric.Robolectric
2024-11-12 13:42:13,152 INFO  EvoClassLoader - Instrumenting class 'org.robolectric.Robolectric'.
2024-11-12 13:42:13,152 INFO  EvoClassLoader - Error while loading class: java.lang.ClassNotFoundException: Class 'org/robolectric/Robolectric.class' should be in target project, but could not be found!
]]></system-out>
  </testcase>
  <testcase name="test065" classname="org.apache.hadoop.hdfs.tools.DFSAdmin_ESTest" time="0.031">
    <system-out><![CDATA[2024-11-12 13:42:13,180 INFO  EvoClassLoader - Seeing class for first time: org.apache.hadoop.mapred.JobConf
2024-11-12 13:42:13,180 INFO  EvoClassLoader - Instrumenting class 'org.apache.hadoop.mapred.JobConf'.
2024-11-12 13:42:13,180 INFO  EvoClassLoader - Error while loading class: java.lang.ClassNotFoundException: Class 'org/apache/hadoop/mapred/JobConf.class' should be in target project, but could not be found!
2024-11-12 13:42:13,184 INFO  EvoClassLoader - Seeing class for first time: libcore.io.Memory
2024-11-12 13:42:13,184 INFO  EvoClassLoader - Instrumenting class 'libcore.io.Memory'.
2024-11-12 13:42:13,184 INFO  EvoClassLoader - Error while loading class: java.lang.ClassNotFoundException: Class 'libcore/io/Memory.class' should be in target project, but could not be found!
2024-11-12 13:42:13,184 INFO  EvoClassLoader - Seeing class for first time: org.robolectric.Robolectric
2024-11-12 13:42:13,184 INFO  EvoClassLoader - Instrumenting class 'org.robolectric.Robolectric'.
2024-11-12 13:42:13,184 INFO  EvoClassLoader - Error while loading class: java.lang.ClassNotFoundException: Class 'org/robolectric/Robolectric.class' should be in target project, but could not be found!
]]></system-out>
  </testcase>
  <testcase name="test064" classname="org.apache.hadoop.hdfs.tools.DFSAdmin_ESTest" time="0.029">
    <system-out><![CDATA[2024-11-12 13:42:13,211 INFO  EvoClassLoader - Seeing class for first time: org.apache.hadoop.mapred.JobConf
2024-11-12 13:42:13,211 INFO  EvoClassLoader - Instrumenting class 'org.apache.hadoop.mapred.JobConf'.
2024-11-12 13:42:13,211 INFO  EvoClassLoader - Error while loading class: java.lang.ClassNotFoundException: Class 'org/apache/hadoop/mapred/JobConf.class' should be in target project, but could not be found!
2024-11-12 13:42:13,214 INFO  EvoClassLoader - Seeing class for first time: libcore.io.Memory
2024-11-12 13:42:13,214 INFO  EvoClassLoader - Instrumenting class 'libcore.io.Memory'.
2024-11-12 13:42:13,214 INFO  EvoClassLoader - Error while loading class: java.lang.ClassNotFoundException: Class 'libcore/io/Memory.class' should be in target project, but could not be found!
2024-11-12 13:42:13,214 INFO  EvoClassLoader - Seeing class for first time: org.robolectric.Robolectric
2024-11-12 13:42:13,214 INFO  EvoClassLoader - Instrumenting class 'org.robolectric.Robolectric'.
2024-11-12 13:42:13,214 INFO  EvoClassLoader - Error while loading class: java.lang.ClassNotFoundException: Class 'org/robolectric/Robolectric.class' should be in target project, but could not be found!
]]></system-out>
  </testcase>
</testsuite>