<?xml version="1.0" encoding="UTF-8"?>
<testsuite xmlns:xsi="http://www.w3.org/2001/XMLSchema-instance" xsi:noNamespaceSchemaLocation="https://maven.apache.org/surefire/maven-surefire-plugin/xsd/surefire-test-report-3.0.xsd" version="3.0" name="org.apache.hadoop.hdfs.server.balancer.Dispatcher_ESTest" time="0.253" tests="1" errors="1" skipped="0" failures="0">
  <properties>
    <property name="java.specification.version" value="17"/>
    <property name="sun.jnu.encoding" value="UTF-8"/>
    <property name="java.class.path" value="/home/wtwhite/code/regression-test-generation/find-diff-classes/compile/mvnc/org/apache/hadoop/hadoop-hdfs/3.3.6/target/test-classes:/home/wtwhite/code/regression-test-generation/find-diff-classes/compile/mvnc/org/apache/hadoop/hadoop-hdfs/3.3.6/target/classes:/home/wtwhite/code/craw-redhat-oss/wget/crawl/repo1.maven.org/maven2/org/apache/hadoop/hadoop-hdfs/3.3.6/hadoop-hdfs-3.3.6.jar:/home/wtwhite/code/regression-test-generation/find-diff-classes/compile/mvnc/org/apache/hadoop/hadoop-hdfs/3.3.6/t/dependency/AppleJavaExtensions-1.4.jar:/home/wtwhite/code/regression-test-generation/find-diff-classes/compile/mvnc/org/apache/hadoop/hadoop-hdfs/3.3.6/t/dependency/animal-sniffer-annotations-1.17.jar:/home/wtwhite/code/regression-test-generation/find-diff-classes/compile/mvnc/org/apache/hadoop/hadoop-hdfs/3.3.6/t/dependency/apiguardian-api-1.1.2.jar:/home/wtwhite/code/regression-test-generation/find-diff-classes/compile/mvnc/org/apache/hadoop/hadoop-hdfs/3.3.6/t/dependency/asm-5.0.4.jar:/home/wtwhite/code/regression-test-generation/find-diff-classes/compile/mvnc/org/apache/hadoop/hadoop-hdfs/3.3.6/t/dependency/asm-commons-5.0.2.jar:/home/wtwhite/code/regression-test-generation/find-diff-classes/compile/mvnc/org/apache/hadoop/hadoop-hdfs/3.3.6/t/dependency/asm-debug-all-5.0.2.jar:/home/wtwhite/code/regression-test-generation/find-diff-classes/compile/mvnc/org/apache/hadoop/hadoop-hdfs/3.3.6/t/dependency/asm-tree-5.0.2.jar:/home/wtwhite/code/regression-test-generation/find-diff-classes/compile/mvnc/org/apache/hadoop/hadoop-hdfs/3.3.6/t/dependency/assertj-core-3.12.2.jar:/home/wtwhite/code/regression-test-generation/find-diff-classes/compile/mvnc/org/apache/hadoop/hadoop-hdfs/3.3.6/t/dependency/audience-annotations-0.5.0.jar:/home/wtwhite/code/regression-test-generation/find-diff-classes/compile/mvnc/org/apache/hadoop/hadoop-hdfs/3.3.6/t/dependency/avro-1.7.7.jar:/home/wtwhite/code/regression-test-generation/find-diff-classes/compile/mvnc/org/apache/hadoop/hadoop-hdfs/3.3.6/t/dependency/bcel-findbugs-6.0.jar:/home/wtwhite/code/regression-test-generation/find-diff-classes/compile/mvnc/org/apache/hadoop/hadoop-hdfs/3.3.6/t/dependency/bcprov-jdk15on-1.68.jar:/home/wtwhite/code/regression-test-generation/find-diff-classes/compile/mvnc/org/apache/hadoop/hadoop-hdfs/3.3.6/t/dependency/byte-buddy-1.9.10.jar:/home/wtwhite/code/regression-test-generation/find-diff-classes/compile/mvnc/org/apache/hadoop/hadoop-hdfs/3.3.6/t/dependency/byte-buddy-agent-1.9.10.jar:/home/wtwhite/code/regression-test-generation/find-diff-classes/compile/mvnc/org/apache/hadoop/hadoop-hdfs/3.3.6/t/dependency/checker-qual-2.5.2.jar:/home/wtwhite/code/regression-test-generation/find-diff-classes/compile/mvnc/org/apache/hadoop/hadoop-hdfs/3.3.6/t/dependency/commons-beanutils-1.9.4.jar:/home/wtwhite/code/regression-test-generation/find-diff-classes/compile/mvnc/org/apache/hadoop/hadoop-hdfs/3.3.6/t/dependency/commons-cli-1.2.jar:/home/wtwhite/code/regression-test-generation/find-diff-classes/compile/mvnc/org/apache/hadoop/hadoop-hdfs/3.3.6/t/dependency/commons-codec-1.15.jar:/home/wtwhite/code/regression-test-generation/find-diff-classes/compile/mvnc/org/apache/hadoop/hadoop-hdfs/3.3.6/t/dependency/commons-collections-3.2.2.jar:/home/wtwhite/code/regression-test-generation/find-diff-classes/compile/mvnc/org/apache/hadoop/hadoop-hdfs/3.3.6/t/dependency/commons-compress-1.21.jar:/home/wtwhite/code/regression-test-generation/find-diff-classes/compile/mvnc/org/apache/hadoop/hadoop-hdfs/3.3.6/t/dependency/commons-configuration2-2.8.0.jar:/home/wtwhite/code/regression-test-generation/find-diff-classes/compile/mvnc/org/apache/hadoop/hadoop-hdfs/3.3.6/t/dependency/commons-daemon-1.0.13.jar:/home/wtwhite/code/regression-test-generation/find-diff-classes/compile/mvnc/org/apache/hadoop/hadoop-hdfs/3.3.6/t/dependency/commons-io-2.8.0.jar:/home/wtwhite/code/regression-test-generation/find-diff-classes/compile/mvnc/org/apache/hadoop/hadoop-hdfs/3.3.6/t/dependency/commons-lang-2.6.jar:/home/wtwhite/code/regression-test-generation/find-diff-classes/compile/mvnc/org/apache/hadoop/hadoop-hdfs/3.3.6/t/dependency/commons-lang3-3.12.0.jar:/home/wtwhite/code/regression-test-generation/find-diff-classes/compile/mvnc/org/apache/hadoop/hadoop-hdfs/3.3.6/t/dependency/commons-logging-1.1.3.jar:/home/wtwhite/code/regression-test-generation/find-diff-classes/compile/mvnc/org/apache/hadoop/hadoop-hdfs/3.3.6/t/dependency/commons-math3-3.1.1.jar:/home/wtwhite/code/regression-test-generation/find-diff-classes/compile/mvnc/org/apache/hadoop/hadoop-hdfs/3.3.6/t/dependency/commons-net-3.9.0.jar:/home/wtwhite/code/regression-test-generation/find-diff-classes/compile/mvnc/org/apache/hadoop/hadoop-hdfs/3.3.6/t/dependency/commons-text-1.10.0.jar:/home/wtwhite/code/regression-test-generation/find-diff-classes/compile/mvnc/org/apache/hadoop/hadoop-hdfs/3.3.6/t/dependency/curator-client-5.2.0.jar:/home/wtwhite/code/regression-test-generation/find-diff-classes/compile/mvnc/org/apache/hadoop/hadoop-hdfs/3.3.6/t/dependency/curator-framework-5.2.0.jar:/home/wtwhite/code/regression-test-generation/find-diff-classes/compile/mvnc/org/apache/hadoop/hadoop-hdfs/3.3.6/t/dependency/curator-recipes-5.2.0.jar:/home/wtwhite/code/regression-test-generation/find-diff-classes/compile/mvnc/org/apache/hadoop/hadoop-hdfs/3.3.6/t/dependency/curator-test-5.2.0.jar:/home/wtwhite/code/regression-test-generation/find-diff-classes/compile/mvnc/org/apache/hadoop/hadoop-hdfs/3.3.6/t/dependency/dnsjava-2.1.7.jar:/home/wtwhite/code/regression-test-generation/find-diff-classes/compile/mvnc/org/apache/hadoop/hadoop-hdfs/3.3.6/t/dependency/dom4j-1.6.1.jar:/home/wtwhite/code/regression-test-generation/find-diff-classes/compile/mvnc/org/apache/hadoop/hadoop-hdfs/3.3.6/t/dependency/failureaccess-1.0.jar:/home/wtwhite/code/regression-test-generation/find-diff-classes/compile/mvnc/org/apache/hadoop/hadoop-hdfs/3.3.6/t/dependency/findbugs-3.0.1.jar:/home/wtwhite/code/regression-test-generation/find-diff-classes/compile/mvnc/org/apache/hadoop/hadoop-hdfs/3.3.6/t/dependency/gson-2.9.0.jar:/home/wtwhite/code/regression-test-generation/find-diff-classes/compile/mvnc/org/apache/hadoop/hadoop-hdfs/3.3.6/t/dependency/guava-27.0-jre.jar:/home/wtwhite/code/regression-test-generation/find-diff-classes/compile/mvnc/org/apache/hadoop/hadoop-hdfs/3.3.6/t/dependency/hadoop-annotations-3.3.6.jar:/home/wtwhite/code/regression-test-generation/find-diff-classes/compile/mvnc/org/apache/hadoop/hadoop-hdfs/3.3.6/t/dependency/hadoop-auth-3.3.6.jar:/home/wtwhite/code/regression-test-generation/find-diff-classes/compile/mvnc/org/apache/hadoop/hadoop-hdfs/3.3.6/t/dependency/hadoop-common-3.3.6-tests.jar:/home/wtwhite/code/regression-test-generation/find-diff-classes/compile/mvnc/org/apache/hadoop/hadoop-hdfs/3.3.6/t/dependency/hadoop-common-3.3.6.jar:/home/wtwhite/code/regression-test-generation/find-diff-classes/compile/mvnc/org/apache/hadoop/hadoop-hdfs/3.3.6/t/dependency/hadoop-hdfs-client-3.3.6.jar:/home/wtwhite/code/regression-test-generation/find-diff-classes/compile/mvnc/org/apache/hadoop/hadoop-hdfs/3.3.6/t/dependency/hadoop-kms-3.3.6-tests.jar:/home/wtwhite/code/regression-test-generation/find-diff-classes/compile/mvnc/org/apache/hadoop/hadoop-hdfs/3.3.6/t/dependency/hadoop-kms-3.3.6.jar:/home/wtwhite/code/regression-test-generation/find-diff-classes/compile/mvnc/org/apache/hadoop/hadoop-hdfs/3.3.6/t/dependency/hadoop-minikdc-3.3.6.jar:/home/wtwhite/code/regression-test-generation/find-diff-classes/compile/mvnc/org/apache/hadoop/hadoop-hdfs/3.3.6/t/dependency/hadoop-shaded-guava-1.1.1.jar:/home/wtwhite/code/regression-test-generation/find-diff-classes/compile/mvnc/org/apache/hadoop/hadoop-hdfs/3.3.6/t/dependency/hadoop-shaded-protobuf_3_7-1.1.1.jar:/home/wtwhite/code/regression-test-generation/find-diff-classes/compile/mvnc/org/apache/hadoop/hadoop-hdfs/3.3.6/t/dependency/hamcrest-core-1.3.jar:/home/wtwhite/code/regression-test-generation/find-diff-classes/compile/mvnc/org/apache/hadoop/hadoop-hdfs/3.3.6/t/dependency/httpclient-4.5.13.jar:/home/wtwhite/code/regression-test-generation/find-diff-classes/compile/mvnc/org/apache/hadoop/hadoop-hdfs/3.3.6/t/dependency/httpcore-4.4.13.jar:/home/wtwhite/code/regression-test-generation/find-diff-classes/compile/mvnc/org/apache/hadoop/hadoop-hdfs/3.3.6/t/dependency/j2objc-annotations-1.1.jar:/home/wtwhite/code/regression-test-generation/find-diff-classes/compile/mvnc/org/apache/hadoop/hadoop-hdfs/3.3.6/t/dependency/jFormatString-2.0.1.jar:/home/wtwhite/code/regression-test-generation/find-diff-classes/compile/mvnc/org/apache/hadoop/hadoop-hdfs/3.3.6/t/dependency/jackson-annotations-2.12.7.jar:/home/wtwhite/code/regression-test-generation/find-diff-classes/compile/mvnc/org/apache/hadoop/hadoop-hdfs/3.3.6/t/dependency/jackson-core-2.12.7.jar:/home/wtwhite/code/regression-test-generation/find-diff-classes/compile/mvnc/org/apache/hadoop/hadoop-hdfs/3.3.6/t/dependency/jackson-core-asl-1.9.13.jar:/home/wtwhite/code/regression-test-generation/find-diff-classes/compile/mvnc/org/apache/hadoop/hadoop-hdfs/3.3.6/t/dependency/jackson-databind-2.12.7.1.jar:/home/wtwhite/code/regression-test-generation/find-diff-classes/compile/mvnc/org/apache/hadoop/hadoop-hdfs/3.3.6/t/dependency/jackson-mapper-asl-1.9.13.jar:/home/wtwhite/code/regression-test-generation/find-diff-classes/compile/mvnc/org/apache/hadoop/hadoop-hdfs/3.3.6/t/dependency/jakarta.activation-api-1.2.1.jar:/home/wtwhite/code/regression-test-generation/find-diff-classes/compile/mvnc/org/apache/hadoop/hadoop-hdfs/3.3.6/t/dependency/javax.servlet-api-3.1.0.jar:/home/wtwhite/code/regression-test-generation/find-diff-classes/compile/mvnc/org/apache/hadoop/hadoop-hdfs/3.3.6/t/dependency/jaxb-api-2.2.11.jar:/home/wtwhite/code/regression-test-generation/find-diff-classes/compile/mvnc/org/apache/hadoop/hadoop-hdfs/3.3.6/t/dependency/jaxb-impl-2.2.3-1.jar:/home/wtwhite/code/regression-test-generation/find-diff-classes/compile/mvnc/org/apache/hadoop/hadoop-hdfs/3.3.6/t/dependency/jaxen-1.1.6.jar:/home/wtwhite/code/regression-test-generation/find-diff-classes/compile/mvnc/org/apache/hadoop/hadoop-hdfs/3.3.6/t/dependency/jcip-annotations-1.0-1.jar:/home/wtwhite/code/regression-test-generation/find-diff-classes/compile/mvnc/org/apache/hadoop/hadoop-hdfs/3.3.6/t/dependency/jcip-annotations-1.0.jar:/home/wtwhite/code/regression-test-generation/find-diff-classes/compile/mvnc/org/apache/hadoop/hadoop-hdfs/3.3.6/t/dependency/jdk.tools-1.8.jar:/home/wtwhite/code/regression-test-generation/find-diff-classes/compile/mvnc/org/apache/hadoop/hadoop-hdfs/3.3.6/t/dependency/jersey-core-1.19.4.jar:/home/wtwhite/code/regression-test-generation/find-diff-classes/compile/mvnc/org/apache/hadoop/hadoop-hdfs/3.3.6/t/dependency/jersey-json-1.20.jar:/home/wtwhite/code/regression-test-generation/find-diff-classes/compile/mvnc/org/apache/hadoop/hadoop-hdfs/3.3.6/t/dependency/jersey-server-1.19.4.jar:/home/wtwhite/code/regression-test-generation/find-diff-classes/compile/mvnc/org/apache/hadoop/hadoop-hdfs/3.3.6/t/dependency/jersey-servlet-1.19.4.jar:/home/wtwhite/code/regression-test-generation/find-diff-classes/compile/mvnc/org/apache/hadoop/hadoop-hdfs/3.3.6/t/dependency/jettison-1.5.4.jar:/home/wtwhite/code/regression-test-generation/find-diff-classes/compile/mvnc/org/apache/hadoop/hadoop-hdfs/3.3.6/t/dependency/jetty-http-9.4.51.v20230217.jar:/home/wtwhite/code/regression-test-generation/find-diff-classes/compile/mvnc/org/apache/hadoop/hadoop-hdfs/3.3.6/t/dependency/jetty-io-9.4.51.v20230217.jar:/home/wtwhite/code/regression-test-generation/find-diff-classes/compile/mvnc/org/apache/hadoop/hadoop-hdfs/3.3.6/t/dependency/jetty-security-9.4.51.v20230217.jar:/home/wtwhite/code/regression-test-generation/find-diff-classes/compile/mvnc/org/apache/hadoop/hadoop-hdfs/3.3.6/t/dependency/jetty-server-9.4.51.v20230217.jar:/home/wtwhite/code/regression-test-generation/find-diff-classes/compile/mvnc/org/apache/hadoop/hadoop-hdfs/3.3.6/t/dependency/jetty-servlet-9.4.51.v20230217.jar:/home/wtwhite/code/regression-test-generation/find-diff-classes/compile/mvnc/org/apache/hadoop/hadoop-hdfs/3.3.6/t/dependency/jetty-util-9.4.51.v20230217.jar:/home/wtwhite/code/regression-test-generation/find-diff-classes/compile/mvnc/org/apache/hadoop/hadoop-hdfs/3.3.6/t/dependency/jetty-util-ajax-9.4.51.v20230217.jar:/home/wtwhite/code/regression-test-generation/find-diff-classes/compile/mvnc/org/apache/hadoop/hadoop-hdfs/3.3.6/t/dependency/jetty-webapp-9.4.51.v20230217.jar:/home/wtwhite/code/regression-test-generation/find-diff-classes/compile/mvnc/org/apache/hadoop/hadoop-hdfs/3.3.6/t/dependency/jetty-xml-9.4.51.v20230217.jar:/home/wtwhite/code/regression-test-generation/find-diff-classes/compile/mvnc/org/apache/hadoop/hadoop-hdfs/3.3.6/t/dependency/jsch-0.1.55.jar:/home/wtwhite/code/regression-test-generation/find-diff-classes/compile/mvnc/org/apache/hadoop/hadoop-hdfs/3.3.6/t/dependency/jsp-api-2.1.jar:/home/wtwhite/code/regression-test-generation/find-diff-classes/compile/mvnc/org/apache/hadoop/hadoop-hdfs/3.3.6/t/dependency/jsr305-3.0.2.jar:/home/wtwhite/code/regression-test-generation/find-diff-classes/compile/mvnc/org/apache/hadoop/hadoop-hdfs/3.3.6/t/dependency/jsr311-api-1.1.1.jar:/home/wtwhite/code/regression-test-generation/find-diff-classes/compile/mvnc/org/apache/hadoop/hadoop-hdfs/3.3.6/t/dependency/jul-to-slf4j-1.7.36.jar:/home/wtwhite/code/regression-test-generation/find-diff-classes/compile/mvnc/org/apache/hadoop/hadoop-hdfs/3.3.6/t/dependency/junit-4.13.2.jar:/home/wtwhite/code/regression-test-generation/find-diff-classes/compile/mvnc/org/apache/hadoop/hadoop-hdfs/3.3.6/t/dependency/junit-jupiter-api-5.8.2.jar:/home/wtwhite/code/regression-test-generation/find-diff-classes/compile/mvnc/org/apache/hadoop/hadoop-hdfs/3.3.6/t/dependency/junit-platform-commons-1.8.2.jar:/home/wtwhite/code/regression-test-generation/find-diff-classes/compile/mvnc/org/apache/hadoop/hadoop-hdfs/3.3.6/t/dependency/kerb-admin-1.0.1.jar:/home/wtwhite/code/regression-test-generation/find-diff-classes/compile/mvnc/org/apache/hadoop/hadoop-hdfs/3.3.6/t/dependency/kerb-client-1.0.1.jar:/home/wtwhite/code/regression-test-generation/find-diff-classes/compile/mvnc/org/apache/hadoop/hadoop-hdfs/3.3.6/t/dependency/kerb-common-1.0.1.jar:/home/wtwhite/code/regression-test-generation/find-diff-classes/compile/mvnc/org/apache/hadoop/hadoop-hdfs/3.3.6/t/dependency/kerb-core-1.0.1.jar:/home/wtwhite/code/regression-test-generation/find-diff-classes/compile/mvnc/org/apache/hadoop/hadoop-hdfs/3.3.6/t/dependency/kerb-crypto-1.0.1.jar:/home/wtwhite/code/regression-test-generation/find-diff-classes/compile/mvnc/org/apache/hadoop/hadoop-hdfs/3.3.6/t/dependency/kerb-identity-1.0.1.jar:/home/wtwhite/code/regression-test-generation/find-diff-classes/compile/mvnc/org/apache/hadoop/hadoop-hdfs/3.3.6/t/dependency/kerb-server-1.0.1.jar:/home/wtwhite/code/regression-test-generation/find-diff-classes/compile/mvnc/org/apache/hadoop/hadoop-hdfs/3.3.6/t/dependency/kerb-simplekdc-1.0.1.jar:/home/wtwhite/code/regression-test-generation/find-diff-classes/compile/mvnc/org/apache/hadoop/hadoop-hdfs/3.3.6/t/dependency/kerb-util-1.0.1.jar:/home/wtwhite/code/regression-test-generation/find-diff-classes/compile/mvnc/org/apache/hadoop/hadoop-hdfs/3.3.6/t/dependency/kerby-asn1-1.0.1.jar:/home/wtwhite/code/regression-test-generation/find-diff-classes/compile/mvnc/org/apache/hadoop/hadoop-hdfs/3.3.6/t/dependency/kerby-config-1.0.1.jar:/home/wtwhite/code/regression-test-generation/find-diff-classes/compile/mvnc/org/apache/hadoop/hadoop-hdfs/3.3.6/t/dependency/kerby-pkix-1.0.1.jar:/home/wtwhite/code/regression-test-generation/find-diff-classes/compile/mvnc/org/apache/hadoop/hadoop-hdfs/3.3.6/t/dependency/kerby-util-1.0.1.jar:/home/wtwhite/code/regression-test-generation/find-diff-classes/compile/mvnc/org/apache/hadoop/hadoop-hdfs/3.3.6/t/dependency/kerby-xdr-1.0.1.jar:/home/wtwhite/code/regression-test-generation/find-diff-classes/compile/mvnc/org/apache/hadoop/hadoop-hdfs/3.3.6/t/dependency/kotlin-stdlib-1.4.10.jar:/home/wtwhite/code/regression-test-generation/find-diff-classes/compile/mvnc/org/apache/hadoop/hadoop-hdfs/3.3.6/t/dependency/kotlin-stdlib-common-1.4.10.jar:/home/wtwhite/code/regression-test-generation/find-diff-classes/compile/mvnc/org/apache/hadoop/hadoop-hdfs/3.3.6/t/dependency/leveldbjni-all-1.8.jar:/home/wtwhite/code/regression-test-generation/find-diff-classes/compile/mvnc/org/apache/hadoop/hadoop-hdfs/3.3.6/t/dependency/listenablefuture-9999.0-empty-to-avoid-conflict-with-guava.jar:/home/wtwhite/code/regression-test-generation/find-diff-classes/compile/mvnc/org/apache/hadoop/hadoop-hdfs/3.3.6/t/dependency/lz4-java-1.7.1.jar:/home/wtwhite/code/regression-test-generation/find-diff-classes/compile/mvnc/org/apache/hadoop/hadoop-hdfs/3.3.6/t/dependency/metrics-core-3.2.4.jar:/home/wtwhite/code/regression-test-generation/find-diff-classes/compile/mvnc/org/apache/hadoop/hadoop-hdfs/3.3.6/t/dependency/mockito-core-2.28.2.jar:/home/wtwhite/code/regression-test-generation/find-diff-classes/compile/mvnc/org/apache/hadoop/hadoop-hdfs/3.3.6/t/dependency/netty-3.10.6.Final.jar:/home/wtwhite/code/regression-test-generation/find-diff-classes/compile/mvnc/org/apache/hadoop/hadoop-hdfs/3.3.6/t/dependency/netty-all-4.1.89.Final.jar:/home/wtwhite/code/regression-test-generation/find-diff-classes/compile/mvnc/org/apache/hadoop/hadoop-hdfs/3.3.6/t/dependency/netty-buffer-4.1.89.Final.jar:/home/wtwhite/code/regression-test-generation/find-diff-classes/compile/mvnc/org/apache/hadoop/hadoop-hdfs/3.3.6/t/dependency/netty-codec-4.1.89.Final.jar:/home/wtwhite/code/regression-test-generation/find-diff-classes/compile/mvnc/org/apache/hadoop/hadoop-hdfs/3.3.6/t/dependency/netty-codec-dns-4.1.89.Final.jar:/home/wtwhite/code/regression-test-generation/find-diff-classes/compile/mvnc/org/apache/hadoop/hadoop-hdfs/3.3.6/t/dependency/netty-codec-haproxy-4.1.89.Final.jar:/home/wtwhite/code/regression-test-generation/find-diff-classes/compile/mvnc/org/apache/hadoop/hadoop-hdfs/3.3.6/t/dependency/netty-codec-http-4.1.89.Final.jar:/home/wtwhite/code/regression-test-generation/find-diff-classes/compile/mvnc/org/apache/hadoop/hadoop-hdfs/3.3.6/t/dependency/netty-codec-http2-4.1.89.Final.jar:/home/wtwhite/code/regression-test-generation/find-diff-classes/compile/mvnc/org/apache/hadoop/hadoop-hdfs/3.3.6/t/dependency/netty-codec-memcache-4.1.89.Final.jar:/home/wtwhite/code/regression-test-generation/find-diff-classes/compile/mvnc/org/apache/hadoop/hadoop-hdfs/3.3.6/t/dependency/netty-codec-mqtt-4.1.89.Final.jar:/home/wtwhite/code/regression-test-generation/find-diff-classes/compile/mvnc/org/apache/hadoop/hadoop-hdfs/3.3.6/t/dependency/netty-codec-redis-4.1.89.Final.jar:/home/wtwhite/code/regression-test-generation/find-diff-classes/compile/mvnc/org/apache/hadoop/hadoop-hdfs/3.3.6/t/dependency/netty-codec-smtp-4.1.89.Final.jar:/home/wtwhite/code/regression-test-generation/find-diff-classes/compile/mvnc/org/apache/hadoop/hadoop-hdfs/3.3.6/t/dependency/netty-codec-socks-4.1.89.Final.jar:/home/wtwhite/code/regression-test-generation/find-diff-classes/compile/mvnc/org/apache/hadoop/hadoop-hdfs/3.3.6/t/dependency/netty-codec-stomp-4.1.89.Final.jar:/home/wtwhite/code/regression-test-generation/find-diff-classes/compile/mvnc/org/apache/hadoop/hadoop-hdfs/3.3.6/t/dependency/netty-codec-xml-4.1.89.Final.jar:/home/wtwhite/code/regression-test-generation/find-diff-classes/compile/mvnc/org/apache/hadoop/hadoop-hdfs/3.3.6/t/dependency/netty-common-4.1.89.Final.jar:/home/wtwhite/code/regression-test-generation/find-diff-classes/compile/mvnc/org/apache/hadoop/hadoop-hdfs/3.3.6/t/dependency/netty-handler-4.1.89.Final.jar:/home/wtwhite/code/regression-test-generation/find-diff-classes/compile/mvnc/org/apache/hadoop/hadoop-hdfs/3.3.6/t/dependency/netty-handler-proxy-4.1.89.Final.jar:/home/wtwhite/code/regression-test-generation/find-diff-classes/compile/mvnc/org/apache/hadoop/hadoop-hdfs/3.3.6/t/dependency/netty-handler-ssl-ocsp-4.1.89.Final.jar:/home/wtwhite/code/regression-test-generation/find-diff-classes/compile/mvnc/org/apache/hadoop/hadoop-hdfs/3.3.6/t/dependency/netty-resolver-4.1.89.Final.jar:/home/wtwhite/code/regression-test-generation/find-diff-classes/compile/mvnc/org/apache/hadoop/hadoop-hdfs/3.3.6/t/dependency/netty-resolver-dns-4.1.89.Final.jar:/home/wtwhite/code/regression-test-generation/find-diff-classes/compile/mvnc/org/apache/hadoop/hadoop-hdfs/3.3.6/t/dependency/netty-resolver-dns-classes-macos-4.1.89.Final.jar:/home/wtwhite/code/regression-test-generation/find-diff-classes/compile/mvnc/org/apache/hadoop/hadoop-hdfs/3.3.6/t/dependency/netty-resolver-dns-native-macos-4.1.89.Final-osx-aarch_64.jar:/home/wtwhite/code/regression-test-generation/find-diff-classes/compile/mvnc/org/apache/hadoop/hadoop-hdfs/3.3.6/t/dependency/netty-resolver-dns-native-macos-4.1.89.Final-osx-x86_64.jar:/home/wtwhite/code/regression-test-generation/find-diff-classes/compile/mvnc/org/apache/hadoop/hadoop-hdfs/3.3.6/t/dependency/netty-transport-4.1.89.Final.jar:/home/wtwhite/code/regression-test-generation/find-diff-classes/compile/mvnc/org/apache/hadoop/hadoop-hdfs/3.3.6/t/dependency/netty-transport-classes-epoll-4.1.89.Final.jar:/home/wtwhite/code/regression-test-generation/find-diff-classes/compile/mvnc/org/apache/hadoop/hadoop-hdfs/3.3.6/t/dependency/netty-transport-classes-kqueue-4.1.89.Final.jar:/home/wtwhite/code/regression-test-generation/find-diff-classes/compile/mvnc/org/apache/hadoop/hadoop-hdfs/3.3.6/t/dependency/netty-transport-native-epoll-4.1.89.Final-linux-aarch_64.jar:/home/wtwhite/code/regression-test-generation/find-diff-classes/compile/mvnc/org/apache/hadoop/hadoop-hdfs/3.3.6/t/dependency/netty-transport-native-epoll-4.1.89.Final-linux-x86_64.jar:/home/wtwhite/code/regression-test-generation/find-diff-classes/compile/mvnc/org/apache/hadoop/hadoop-hdfs/3.3.6/t/dependency/netty-transport-native-kqueue-4.1.89.Final-osx-aarch_64.jar:/home/wtwhite/code/regression-test-generation/find-diff-classes/compile/mvnc/org/apache/hadoop/hadoop-hdfs/3.3.6/t/dependency/netty-transport-native-kqueue-4.1.89.Final-osx-x86_64.jar:/home/wtwhite/code/regression-test-generation/find-diff-classes/compile/mvnc/org/apache/hadoop/hadoop-hdfs/3.3.6/t/dependency/netty-transport-native-unix-common-4.1.89.Final.jar:/home/wtwhite/code/regression-test-generation/find-diff-classes/compile/mvnc/org/apache/hadoop/hadoop-hdfs/3.3.6/t/dependency/netty-transport-rxtx-4.1.89.Final.jar:/home/wtwhite/code/regression-test-generation/find-diff-classes/compile/mvnc/org/apache/hadoop/hadoop-hdfs/3.3.6/t/dependency/netty-transport-sctp-4.1.89.Final.jar:/home/wtwhite/code/regression-test-generation/find-diff-classes/compile/mvnc/org/apache/hadoop/hadoop-hdfs/3.3.6/t/dependency/netty-transport-udt-4.1.89.Final.jar:/home/wtwhite/code/regression-test-generation/find-diff-classes/compile/mvnc/org/apache/hadoop/hadoop-hdfs/3.3.6/t/dependency/nimbus-jose-jwt-9.8.1.jar:/home/wtwhite/code/regression-test-generation/find-diff-classes/compile/mvnc/org/apache/hadoop/hadoop-hdfs/3.3.6/t/dependency/objenesis-2.6.jar:/home/wtwhite/code/regression-test-generation/find-diff-classes/compile/mvnc/org/apache/hadoop/hadoop-hdfs/3.3.6/t/dependency/okhttp-4.9.3.jar:/home/wtwhite/code/regression-test-generation/find-diff-classes/compile/mvnc/org/apache/hadoop/hadoop-hdfs/3.3.6/t/dependency/okio-2.8.0.jar:/home/wtwhite/code/regression-test-generation/find-diff-classes/compile/mvnc/org/apache/hadoop/hadoop-hdfs/3.3.6/t/dependency/opentest4j-1.2.0.jar:/home/wtwhite/code/regression-test-generation/find-diff-classes/compile/mvnc/org/apache/hadoop/hadoop-hdfs/3.3.6/t/dependency/paranamer-2.3.jar:/home/wtwhite/code/regression-test-generation/find-diff-classes/compile/mvnc/org/apache/hadoop/hadoop-hdfs/3.3.6/t/dependency/protobuf-java-2.5.0.jar:/home/wtwhite/code/regression-test-generation/find-diff-classes/compile/mvnc/org/apache/hadoop/hadoop-hdfs/3.3.6/t/dependency/re2j-1.1.jar:/home/wtwhite/code/regression-test-generation/find-diff-classes/compile/mvnc/org/apache/hadoop/hadoop-hdfs/3.3.6/t/dependency/reload4j-1.2.22.jar:/home/wtwhite/code/regression-test-generation/find-diff-classes/compile/mvnc/org/apache/hadoop/hadoop-hdfs/3.3.6/t/dependency/slf4j-api-1.7.36.jar:/home/wtwhite/code/regression-test-generation/find-diff-classes/compile/mvnc/org/apache/hadoop/hadoop-hdfs/3.3.6/t/dependency/slf4j-reload4j-1.7.36.jar:/home/wtwhite/code/regression-test-generation/find-diff-classes/compile/mvnc/org/apache/hadoop/hadoop-hdfs/3.3.6/t/dependency/snappy-java-1.1.8.2.jar:/home/wtwhite/code/regression-test-generation/find-diff-classes/compile/mvnc/org/apache/hadoop/hadoop-hdfs/3.3.6/t/dependency/stax2-api-4.2.1.jar:/home/wtwhite/code/regression-test-generation/find-diff-classes/compile/mvnc/org/apache/hadoop/hadoop-hdfs/3.3.6/t/dependency/token-provider-1.0.1.jar:/home/wtwhite/code/regression-test-generation/find-diff-classes/compile/mvnc/org/apache/hadoop/hadoop-hdfs/3.3.6/t/dependency/woodstox-core-5.4.0.jar:/home/wtwhite/code/regression-test-generation/find-diff-classes/compile/mvnc/org/apache/hadoop/hadoop-hdfs/3.3.6/t/dependency/zookeeper-3.6.3-tests.jar:/home/wtwhite/code/regression-test-generation/find-diff-classes/compile/mvnc/org/apache/hadoop/hadoop-hdfs/3.3.6/t/dependency/zookeeper-3.6.3.jar:/home/wtwhite/code/regression-test-generation/find-diff-classes/compile/mvnc/org/apache/hadoop/hadoop-hdfs/3.3.6/t/dependency/zookeeper-jute-3.6.3.jar:/home/wtwhite/code/regression-test-generation/evosuite/evosuite-standalone-runtime-1.2.0.jar:/home/wtwhite/.m2/repository/junit/junit/4.13.2/junit-4.13.2.jar:/home/wtwhite/.m2/repository/org/hamcrest/hamcrest-core/1.3/hamcrest-core-1.3.jar:"/>
    <property name="java.vm.vendor" value="Private Build"/>
    <property name="sun.arch.data.model" value="64"/>
    <property name="java.vendor.url" value="Unknown"/>
    <property name="os.name" value="Linux"/>
    <property name="java.vm.specification.version" value="17"/>
    <property name="RUNDIR" value="/home/wtwhite/code/regression-test-generation/find-diff-classes/run-mvn"/>
    <property name="sun.java.launcher" value="SUN_STANDARD"/>
    <property name="user.country" value="NZ"/>
    <property name="sun.boot.library.path" value="/usr/lib/jvm/java-17-openjdk-amd64/lib"/>
    <property name="sun.java.command" value="/home/wtwhite/code/regression-test-generation/find-diff-classes/compile/mvnc/org/apache/hadoop/hadoop-hdfs/3.3.6/target/surefire/surefirebooter-20241121184233011_3.jar /home/wtwhite/code/regression-test-generation/find-diff-classes/compile/mvnc/org/apache/hadoop/hadoop-hdfs/3.3.6/target/surefire 2024-11-21T18-42-32_940-jvmRun1 surefire-20241121184233011_1tmp surefire_0-20241121184233011_2tmp"/>
    <property name="jdk.debug" value="release"/>
    <property name="surefire.test.class.path" value="/home/wtwhite/code/regression-test-generation/find-diff-classes/compile/mvnc/org/apache/hadoop/hadoop-hdfs/3.3.6/target/test-classes:/home/wtwhite/code/regression-test-generation/find-diff-classes/compile/mvnc/org/apache/hadoop/hadoop-hdfs/3.3.6/target/classes:/home/wtwhite/code/craw-redhat-oss/wget/crawl/repo1.maven.org/maven2/org/apache/hadoop/hadoop-hdfs/3.3.6/hadoop-hdfs-3.3.6.jar:/home/wtwhite/code/regression-test-generation/find-diff-classes/compile/mvnc/org/apache/hadoop/hadoop-hdfs/3.3.6/t/dependency/AppleJavaExtensions-1.4.jar:/home/wtwhite/code/regression-test-generation/find-diff-classes/compile/mvnc/org/apache/hadoop/hadoop-hdfs/3.3.6/t/dependency/animal-sniffer-annotations-1.17.jar:/home/wtwhite/code/regression-test-generation/find-diff-classes/compile/mvnc/org/apache/hadoop/hadoop-hdfs/3.3.6/t/dependency/apiguardian-api-1.1.2.jar:/home/wtwhite/code/regression-test-generation/find-diff-classes/compile/mvnc/org/apache/hadoop/hadoop-hdfs/3.3.6/t/dependency/asm-5.0.4.jar:/home/wtwhite/code/regression-test-generation/find-diff-classes/compile/mvnc/org/apache/hadoop/hadoop-hdfs/3.3.6/t/dependency/asm-commons-5.0.2.jar:/home/wtwhite/code/regression-test-generation/find-diff-classes/compile/mvnc/org/apache/hadoop/hadoop-hdfs/3.3.6/t/dependency/asm-debug-all-5.0.2.jar:/home/wtwhite/code/regression-test-generation/find-diff-classes/compile/mvnc/org/apache/hadoop/hadoop-hdfs/3.3.6/t/dependency/asm-tree-5.0.2.jar:/home/wtwhite/code/regression-test-generation/find-diff-classes/compile/mvnc/org/apache/hadoop/hadoop-hdfs/3.3.6/t/dependency/assertj-core-3.12.2.jar:/home/wtwhite/code/regression-test-generation/find-diff-classes/compile/mvnc/org/apache/hadoop/hadoop-hdfs/3.3.6/t/dependency/audience-annotations-0.5.0.jar:/home/wtwhite/code/regression-test-generation/find-diff-classes/compile/mvnc/org/apache/hadoop/hadoop-hdfs/3.3.6/t/dependency/avro-1.7.7.jar:/home/wtwhite/code/regression-test-generation/find-diff-classes/compile/mvnc/org/apache/hadoop/hadoop-hdfs/3.3.6/t/dependency/bcel-findbugs-6.0.jar:/home/wtwhite/code/regression-test-generation/find-diff-classes/compile/mvnc/org/apache/hadoop/hadoop-hdfs/3.3.6/t/dependency/bcprov-jdk15on-1.68.jar:/home/wtwhite/code/regression-test-generation/find-diff-classes/compile/mvnc/org/apache/hadoop/hadoop-hdfs/3.3.6/t/dependency/byte-buddy-1.9.10.jar:/home/wtwhite/code/regression-test-generation/find-diff-classes/compile/mvnc/org/apache/hadoop/hadoop-hdfs/3.3.6/t/dependency/byte-buddy-agent-1.9.10.jar:/home/wtwhite/code/regression-test-generation/find-diff-classes/compile/mvnc/org/apache/hadoop/hadoop-hdfs/3.3.6/t/dependency/checker-qual-2.5.2.jar:/home/wtwhite/code/regression-test-generation/find-diff-classes/compile/mvnc/org/apache/hadoop/hadoop-hdfs/3.3.6/t/dependency/commons-beanutils-1.9.4.jar:/home/wtwhite/code/regression-test-generation/find-diff-classes/compile/mvnc/org/apache/hadoop/hadoop-hdfs/3.3.6/t/dependency/commons-cli-1.2.jar:/home/wtwhite/code/regression-test-generation/find-diff-classes/compile/mvnc/org/apache/hadoop/hadoop-hdfs/3.3.6/t/dependency/commons-codec-1.15.jar:/home/wtwhite/code/regression-test-generation/find-diff-classes/compile/mvnc/org/apache/hadoop/hadoop-hdfs/3.3.6/t/dependency/commons-collections-3.2.2.jar:/home/wtwhite/code/regression-test-generation/find-diff-classes/compile/mvnc/org/apache/hadoop/hadoop-hdfs/3.3.6/t/dependency/commons-compress-1.21.jar:/home/wtwhite/code/regression-test-generation/find-diff-classes/compile/mvnc/org/apache/hadoop/hadoop-hdfs/3.3.6/t/dependency/commons-configuration2-2.8.0.jar:/home/wtwhite/code/regression-test-generation/find-diff-classes/compile/mvnc/org/apache/hadoop/hadoop-hdfs/3.3.6/t/dependency/commons-daemon-1.0.13.jar:/home/wtwhite/code/regression-test-generation/find-diff-classes/compile/mvnc/org/apache/hadoop/hadoop-hdfs/3.3.6/t/dependency/commons-io-2.8.0.jar:/home/wtwhite/code/regression-test-generation/find-diff-classes/compile/mvnc/org/apache/hadoop/hadoop-hdfs/3.3.6/t/dependency/commons-lang-2.6.jar:/home/wtwhite/code/regression-test-generation/find-diff-classes/compile/mvnc/org/apache/hadoop/hadoop-hdfs/3.3.6/t/dependency/commons-lang3-3.12.0.jar:/home/wtwhite/code/regression-test-generation/find-diff-classes/compile/mvnc/org/apache/hadoop/hadoop-hdfs/3.3.6/t/dependency/commons-logging-1.1.3.jar:/home/wtwhite/code/regression-test-generation/find-diff-classes/compile/mvnc/org/apache/hadoop/hadoop-hdfs/3.3.6/t/dependency/commons-math3-3.1.1.jar:/home/wtwhite/code/regression-test-generation/find-diff-classes/compile/mvnc/org/apache/hadoop/hadoop-hdfs/3.3.6/t/dependency/commons-net-3.9.0.jar:/home/wtwhite/code/regression-test-generation/find-diff-classes/compile/mvnc/org/apache/hadoop/hadoop-hdfs/3.3.6/t/dependency/commons-text-1.10.0.jar:/home/wtwhite/code/regression-test-generation/find-diff-classes/compile/mvnc/org/apache/hadoop/hadoop-hdfs/3.3.6/t/dependency/curator-client-5.2.0.jar:/home/wtwhite/code/regression-test-generation/find-diff-classes/compile/mvnc/org/apache/hadoop/hadoop-hdfs/3.3.6/t/dependency/curator-framework-5.2.0.jar:/home/wtwhite/code/regression-test-generation/find-diff-classes/compile/mvnc/org/apache/hadoop/hadoop-hdfs/3.3.6/t/dependency/curator-recipes-5.2.0.jar:/home/wtwhite/code/regression-test-generation/find-diff-classes/compile/mvnc/org/apache/hadoop/hadoop-hdfs/3.3.6/t/dependency/curator-test-5.2.0.jar:/home/wtwhite/code/regression-test-generation/find-diff-classes/compile/mvnc/org/apache/hadoop/hadoop-hdfs/3.3.6/t/dependency/dnsjava-2.1.7.jar:/home/wtwhite/code/regression-test-generation/find-diff-classes/compile/mvnc/org/apache/hadoop/hadoop-hdfs/3.3.6/t/dependency/dom4j-1.6.1.jar:/home/wtwhite/code/regression-test-generation/find-diff-classes/compile/mvnc/org/apache/hadoop/hadoop-hdfs/3.3.6/t/dependency/failureaccess-1.0.jar:/home/wtwhite/code/regression-test-generation/find-diff-classes/compile/mvnc/org/apache/hadoop/hadoop-hdfs/3.3.6/t/dependency/findbugs-3.0.1.jar:/home/wtwhite/code/regression-test-generation/find-diff-classes/compile/mvnc/org/apache/hadoop/hadoop-hdfs/3.3.6/t/dependency/gson-2.9.0.jar:/home/wtwhite/code/regression-test-generation/find-diff-classes/compile/mvnc/org/apache/hadoop/hadoop-hdfs/3.3.6/t/dependency/guava-27.0-jre.jar:/home/wtwhite/code/regression-test-generation/find-diff-classes/compile/mvnc/org/apache/hadoop/hadoop-hdfs/3.3.6/t/dependency/hadoop-annotations-3.3.6.jar:/home/wtwhite/code/regression-test-generation/find-diff-classes/compile/mvnc/org/apache/hadoop/hadoop-hdfs/3.3.6/t/dependency/hadoop-auth-3.3.6.jar:/home/wtwhite/code/regression-test-generation/find-diff-classes/compile/mvnc/org/apache/hadoop/hadoop-hdfs/3.3.6/t/dependency/hadoop-common-3.3.6-tests.jar:/home/wtwhite/code/regression-test-generation/find-diff-classes/compile/mvnc/org/apache/hadoop/hadoop-hdfs/3.3.6/t/dependency/hadoop-common-3.3.6.jar:/home/wtwhite/code/regression-test-generation/find-diff-classes/compile/mvnc/org/apache/hadoop/hadoop-hdfs/3.3.6/t/dependency/hadoop-hdfs-client-3.3.6.jar:/home/wtwhite/code/regression-test-generation/find-diff-classes/compile/mvnc/org/apache/hadoop/hadoop-hdfs/3.3.6/t/dependency/hadoop-kms-3.3.6-tests.jar:/home/wtwhite/code/regression-test-generation/find-diff-classes/compile/mvnc/org/apache/hadoop/hadoop-hdfs/3.3.6/t/dependency/hadoop-kms-3.3.6.jar:/home/wtwhite/code/regression-test-generation/find-diff-classes/compile/mvnc/org/apache/hadoop/hadoop-hdfs/3.3.6/t/dependency/hadoop-minikdc-3.3.6.jar:/home/wtwhite/code/regression-test-generation/find-diff-classes/compile/mvnc/org/apache/hadoop/hadoop-hdfs/3.3.6/t/dependency/hadoop-shaded-guava-1.1.1.jar:/home/wtwhite/code/regression-test-generation/find-diff-classes/compile/mvnc/org/apache/hadoop/hadoop-hdfs/3.3.6/t/dependency/hadoop-shaded-protobuf_3_7-1.1.1.jar:/home/wtwhite/code/regression-test-generation/find-diff-classes/compile/mvnc/org/apache/hadoop/hadoop-hdfs/3.3.6/t/dependency/hamcrest-core-1.3.jar:/home/wtwhite/code/regression-test-generation/find-diff-classes/compile/mvnc/org/apache/hadoop/hadoop-hdfs/3.3.6/t/dependency/httpclient-4.5.13.jar:/home/wtwhite/code/regression-test-generation/find-diff-classes/compile/mvnc/org/apache/hadoop/hadoop-hdfs/3.3.6/t/dependency/httpcore-4.4.13.jar:/home/wtwhite/code/regression-test-generation/find-diff-classes/compile/mvnc/org/apache/hadoop/hadoop-hdfs/3.3.6/t/dependency/j2objc-annotations-1.1.jar:/home/wtwhite/code/regression-test-generation/find-diff-classes/compile/mvnc/org/apache/hadoop/hadoop-hdfs/3.3.6/t/dependency/jFormatString-2.0.1.jar:/home/wtwhite/code/regression-test-generation/find-diff-classes/compile/mvnc/org/apache/hadoop/hadoop-hdfs/3.3.6/t/dependency/jackson-annotations-2.12.7.jar:/home/wtwhite/code/regression-test-generation/find-diff-classes/compile/mvnc/org/apache/hadoop/hadoop-hdfs/3.3.6/t/dependency/jackson-core-2.12.7.jar:/home/wtwhite/code/regression-test-generation/find-diff-classes/compile/mvnc/org/apache/hadoop/hadoop-hdfs/3.3.6/t/dependency/jackson-core-asl-1.9.13.jar:/home/wtwhite/code/regression-test-generation/find-diff-classes/compile/mvnc/org/apache/hadoop/hadoop-hdfs/3.3.6/t/dependency/jackson-databind-2.12.7.1.jar:/home/wtwhite/code/regression-test-generation/find-diff-classes/compile/mvnc/org/apache/hadoop/hadoop-hdfs/3.3.6/t/dependency/jackson-mapper-asl-1.9.13.jar:/home/wtwhite/code/regression-test-generation/find-diff-classes/compile/mvnc/org/apache/hadoop/hadoop-hdfs/3.3.6/t/dependency/jakarta.activation-api-1.2.1.jar:/home/wtwhite/code/regression-test-generation/find-diff-classes/compile/mvnc/org/apache/hadoop/hadoop-hdfs/3.3.6/t/dependency/javax.servlet-api-3.1.0.jar:/home/wtwhite/code/regression-test-generation/find-diff-classes/compile/mvnc/org/apache/hadoop/hadoop-hdfs/3.3.6/t/dependency/jaxb-api-2.2.11.jar:/home/wtwhite/code/regression-test-generation/find-diff-classes/compile/mvnc/org/apache/hadoop/hadoop-hdfs/3.3.6/t/dependency/jaxb-impl-2.2.3-1.jar:/home/wtwhite/code/regression-test-generation/find-diff-classes/compile/mvnc/org/apache/hadoop/hadoop-hdfs/3.3.6/t/dependency/jaxen-1.1.6.jar:/home/wtwhite/code/regression-test-generation/find-diff-classes/compile/mvnc/org/apache/hadoop/hadoop-hdfs/3.3.6/t/dependency/jcip-annotations-1.0-1.jar:/home/wtwhite/code/regression-test-generation/find-diff-classes/compile/mvnc/org/apache/hadoop/hadoop-hdfs/3.3.6/t/dependency/jcip-annotations-1.0.jar:/home/wtwhite/code/regression-test-generation/find-diff-classes/compile/mvnc/org/apache/hadoop/hadoop-hdfs/3.3.6/t/dependency/jdk.tools-1.8.jar:/home/wtwhite/code/regression-test-generation/find-diff-classes/compile/mvnc/org/apache/hadoop/hadoop-hdfs/3.3.6/t/dependency/jersey-core-1.19.4.jar:/home/wtwhite/code/regression-test-generation/find-diff-classes/compile/mvnc/org/apache/hadoop/hadoop-hdfs/3.3.6/t/dependency/jersey-json-1.20.jar:/home/wtwhite/code/regression-test-generation/find-diff-classes/compile/mvnc/org/apache/hadoop/hadoop-hdfs/3.3.6/t/dependency/jersey-server-1.19.4.jar:/home/wtwhite/code/regression-test-generation/find-diff-classes/compile/mvnc/org/apache/hadoop/hadoop-hdfs/3.3.6/t/dependency/jersey-servlet-1.19.4.jar:/home/wtwhite/code/regression-test-generation/find-diff-classes/compile/mvnc/org/apache/hadoop/hadoop-hdfs/3.3.6/t/dependency/jettison-1.5.4.jar:/home/wtwhite/code/regression-test-generation/find-diff-classes/compile/mvnc/org/apache/hadoop/hadoop-hdfs/3.3.6/t/dependency/jetty-http-9.4.51.v20230217.jar:/home/wtwhite/code/regression-test-generation/find-diff-classes/compile/mvnc/org/apache/hadoop/hadoop-hdfs/3.3.6/t/dependency/jetty-io-9.4.51.v20230217.jar:/home/wtwhite/code/regression-test-generation/find-diff-classes/compile/mvnc/org/apache/hadoop/hadoop-hdfs/3.3.6/t/dependency/jetty-security-9.4.51.v20230217.jar:/home/wtwhite/code/regression-test-generation/find-diff-classes/compile/mvnc/org/apache/hadoop/hadoop-hdfs/3.3.6/t/dependency/jetty-server-9.4.51.v20230217.jar:/home/wtwhite/code/regression-test-generation/find-diff-classes/compile/mvnc/org/apache/hadoop/hadoop-hdfs/3.3.6/t/dependency/jetty-servlet-9.4.51.v20230217.jar:/home/wtwhite/code/regression-test-generation/find-diff-classes/compile/mvnc/org/apache/hadoop/hadoop-hdfs/3.3.6/t/dependency/jetty-util-9.4.51.v20230217.jar:/home/wtwhite/code/regression-test-generation/find-diff-classes/compile/mvnc/org/apache/hadoop/hadoop-hdfs/3.3.6/t/dependency/jetty-util-ajax-9.4.51.v20230217.jar:/home/wtwhite/code/regression-test-generation/find-diff-classes/compile/mvnc/org/apache/hadoop/hadoop-hdfs/3.3.6/t/dependency/jetty-webapp-9.4.51.v20230217.jar:/home/wtwhite/code/regression-test-generation/find-diff-classes/compile/mvnc/org/apache/hadoop/hadoop-hdfs/3.3.6/t/dependency/jetty-xml-9.4.51.v20230217.jar:/home/wtwhite/code/regression-test-generation/find-diff-classes/compile/mvnc/org/apache/hadoop/hadoop-hdfs/3.3.6/t/dependency/jsch-0.1.55.jar:/home/wtwhite/code/regression-test-generation/find-diff-classes/compile/mvnc/org/apache/hadoop/hadoop-hdfs/3.3.6/t/dependency/jsp-api-2.1.jar:/home/wtwhite/code/regression-test-generation/find-diff-classes/compile/mvnc/org/apache/hadoop/hadoop-hdfs/3.3.6/t/dependency/jsr305-3.0.2.jar:/home/wtwhite/code/regression-test-generation/find-diff-classes/compile/mvnc/org/apache/hadoop/hadoop-hdfs/3.3.6/t/dependency/jsr311-api-1.1.1.jar:/home/wtwhite/code/regression-test-generation/find-diff-classes/compile/mvnc/org/apache/hadoop/hadoop-hdfs/3.3.6/t/dependency/jul-to-slf4j-1.7.36.jar:/home/wtwhite/code/regression-test-generation/find-diff-classes/compile/mvnc/org/apache/hadoop/hadoop-hdfs/3.3.6/t/dependency/junit-4.13.2.jar:/home/wtwhite/code/regression-test-generation/find-diff-classes/compile/mvnc/org/apache/hadoop/hadoop-hdfs/3.3.6/t/dependency/junit-jupiter-api-5.8.2.jar:/home/wtwhite/code/regression-test-generation/find-diff-classes/compile/mvnc/org/apache/hadoop/hadoop-hdfs/3.3.6/t/dependency/junit-platform-commons-1.8.2.jar:/home/wtwhite/code/regression-test-generation/find-diff-classes/compile/mvnc/org/apache/hadoop/hadoop-hdfs/3.3.6/t/dependency/kerb-admin-1.0.1.jar:/home/wtwhite/code/regression-test-generation/find-diff-classes/compile/mvnc/org/apache/hadoop/hadoop-hdfs/3.3.6/t/dependency/kerb-client-1.0.1.jar:/home/wtwhite/code/regression-test-generation/find-diff-classes/compile/mvnc/org/apache/hadoop/hadoop-hdfs/3.3.6/t/dependency/kerb-common-1.0.1.jar:/home/wtwhite/code/regression-test-generation/find-diff-classes/compile/mvnc/org/apache/hadoop/hadoop-hdfs/3.3.6/t/dependency/kerb-core-1.0.1.jar:/home/wtwhite/code/regression-test-generation/find-diff-classes/compile/mvnc/org/apache/hadoop/hadoop-hdfs/3.3.6/t/dependency/kerb-crypto-1.0.1.jar:/home/wtwhite/code/regression-test-generation/find-diff-classes/compile/mvnc/org/apache/hadoop/hadoop-hdfs/3.3.6/t/dependency/kerb-identity-1.0.1.jar:/home/wtwhite/code/regression-test-generation/find-diff-classes/compile/mvnc/org/apache/hadoop/hadoop-hdfs/3.3.6/t/dependency/kerb-server-1.0.1.jar:/home/wtwhite/code/regression-test-generation/find-diff-classes/compile/mvnc/org/apache/hadoop/hadoop-hdfs/3.3.6/t/dependency/kerb-simplekdc-1.0.1.jar:/home/wtwhite/code/regression-test-generation/find-diff-classes/compile/mvnc/org/apache/hadoop/hadoop-hdfs/3.3.6/t/dependency/kerb-util-1.0.1.jar:/home/wtwhite/code/regression-test-generation/find-diff-classes/compile/mvnc/org/apache/hadoop/hadoop-hdfs/3.3.6/t/dependency/kerby-asn1-1.0.1.jar:/home/wtwhite/code/regression-test-generation/find-diff-classes/compile/mvnc/org/apache/hadoop/hadoop-hdfs/3.3.6/t/dependency/kerby-config-1.0.1.jar:/home/wtwhite/code/regression-test-generation/find-diff-classes/compile/mvnc/org/apache/hadoop/hadoop-hdfs/3.3.6/t/dependency/kerby-pkix-1.0.1.jar:/home/wtwhite/code/regression-test-generation/find-diff-classes/compile/mvnc/org/apache/hadoop/hadoop-hdfs/3.3.6/t/dependency/kerby-util-1.0.1.jar:/home/wtwhite/code/regression-test-generation/find-diff-classes/compile/mvnc/org/apache/hadoop/hadoop-hdfs/3.3.6/t/dependency/kerby-xdr-1.0.1.jar:/home/wtwhite/code/regression-test-generation/find-diff-classes/compile/mvnc/org/apache/hadoop/hadoop-hdfs/3.3.6/t/dependency/kotlin-stdlib-1.4.10.jar:/home/wtwhite/code/regression-test-generation/find-diff-classes/compile/mvnc/org/apache/hadoop/hadoop-hdfs/3.3.6/t/dependency/kotlin-stdlib-common-1.4.10.jar:/home/wtwhite/code/regression-test-generation/find-diff-classes/compile/mvnc/org/apache/hadoop/hadoop-hdfs/3.3.6/t/dependency/leveldbjni-all-1.8.jar:/home/wtwhite/code/regression-test-generation/find-diff-classes/compile/mvnc/org/apache/hadoop/hadoop-hdfs/3.3.6/t/dependency/listenablefuture-9999.0-empty-to-avoid-conflict-with-guava.jar:/home/wtwhite/code/regression-test-generation/find-diff-classes/compile/mvnc/org/apache/hadoop/hadoop-hdfs/3.3.6/t/dependency/lz4-java-1.7.1.jar:/home/wtwhite/code/regression-test-generation/find-diff-classes/compile/mvnc/org/apache/hadoop/hadoop-hdfs/3.3.6/t/dependency/metrics-core-3.2.4.jar:/home/wtwhite/code/regression-test-generation/find-diff-classes/compile/mvnc/org/apache/hadoop/hadoop-hdfs/3.3.6/t/dependency/mockito-core-2.28.2.jar:/home/wtwhite/code/regression-test-generation/find-diff-classes/compile/mvnc/org/apache/hadoop/hadoop-hdfs/3.3.6/t/dependency/netty-3.10.6.Final.jar:/home/wtwhite/code/regression-test-generation/find-diff-classes/compile/mvnc/org/apache/hadoop/hadoop-hdfs/3.3.6/t/dependency/netty-all-4.1.89.Final.jar:/home/wtwhite/code/regression-test-generation/find-diff-classes/compile/mvnc/org/apache/hadoop/hadoop-hdfs/3.3.6/t/dependency/netty-buffer-4.1.89.Final.jar:/home/wtwhite/code/regression-test-generation/find-diff-classes/compile/mvnc/org/apache/hadoop/hadoop-hdfs/3.3.6/t/dependency/netty-codec-4.1.89.Final.jar:/home/wtwhite/code/regression-test-generation/find-diff-classes/compile/mvnc/org/apache/hadoop/hadoop-hdfs/3.3.6/t/dependency/netty-codec-dns-4.1.89.Final.jar:/home/wtwhite/code/regression-test-generation/find-diff-classes/compile/mvnc/org/apache/hadoop/hadoop-hdfs/3.3.6/t/dependency/netty-codec-haproxy-4.1.89.Final.jar:/home/wtwhite/code/regression-test-generation/find-diff-classes/compile/mvnc/org/apache/hadoop/hadoop-hdfs/3.3.6/t/dependency/netty-codec-http-4.1.89.Final.jar:/home/wtwhite/code/regression-test-generation/find-diff-classes/compile/mvnc/org/apache/hadoop/hadoop-hdfs/3.3.6/t/dependency/netty-codec-http2-4.1.89.Final.jar:/home/wtwhite/code/regression-test-generation/find-diff-classes/compile/mvnc/org/apache/hadoop/hadoop-hdfs/3.3.6/t/dependency/netty-codec-memcache-4.1.89.Final.jar:/home/wtwhite/code/regression-test-generation/find-diff-classes/compile/mvnc/org/apache/hadoop/hadoop-hdfs/3.3.6/t/dependency/netty-codec-mqtt-4.1.89.Final.jar:/home/wtwhite/code/regression-test-generation/find-diff-classes/compile/mvnc/org/apache/hadoop/hadoop-hdfs/3.3.6/t/dependency/netty-codec-redis-4.1.89.Final.jar:/home/wtwhite/code/regression-test-generation/find-diff-classes/compile/mvnc/org/apache/hadoop/hadoop-hdfs/3.3.6/t/dependency/netty-codec-smtp-4.1.89.Final.jar:/home/wtwhite/code/regression-test-generation/find-diff-classes/compile/mvnc/org/apache/hadoop/hadoop-hdfs/3.3.6/t/dependency/netty-codec-socks-4.1.89.Final.jar:/home/wtwhite/code/regression-test-generation/find-diff-classes/compile/mvnc/org/apache/hadoop/hadoop-hdfs/3.3.6/t/dependency/netty-codec-stomp-4.1.89.Final.jar:/home/wtwhite/code/regression-test-generation/find-diff-classes/compile/mvnc/org/apache/hadoop/hadoop-hdfs/3.3.6/t/dependency/netty-codec-xml-4.1.89.Final.jar:/home/wtwhite/code/regression-test-generation/find-diff-classes/compile/mvnc/org/apache/hadoop/hadoop-hdfs/3.3.6/t/dependency/netty-common-4.1.89.Final.jar:/home/wtwhite/code/regression-test-generation/find-diff-classes/compile/mvnc/org/apache/hadoop/hadoop-hdfs/3.3.6/t/dependency/netty-handler-4.1.89.Final.jar:/home/wtwhite/code/regression-test-generation/find-diff-classes/compile/mvnc/org/apache/hadoop/hadoop-hdfs/3.3.6/t/dependency/netty-handler-proxy-4.1.89.Final.jar:/home/wtwhite/code/regression-test-generation/find-diff-classes/compile/mvnc/org/apache/hadoop/hadoop-hdfs/3.3.6/t/dependency/netty-handler-ssl-ocsp-4.1.89.Final.jar:/home/wtwhite/code/regression-test-generation/find-diff-classes/compile/mvnc/org/apache/hadoop/hadoop-hdfs/3.3.6/t/dependency/netty-resolver-4.1.89.Final.jar:/home/wtwhite/code/regression-test-generation/find-diff-classes/compile/mvnc/org/apache/hadoop/hadoop-hdfs/3.3.6/t/dependency/netty-resolver-dns-4.1.89.Final.jar:/home/wtwhite/code/regression-test-generation/find-diff-classes/compile/mvnc/org/apache/hadoop/hadoop-hdfs/3.3.6/t/dependency/netty-resolver-dns-classes-macos-4.1.89.Final.jar:/home/wtwhite/code/regression-test-generation/find-diff-classes/compile/mvnc/org/apache/hadoop/hadoop-hdfs/3.3.6/t/dependency/netty-resolver-dns-native-macos-4.1.89.Final-osx-aarch_64.jar:/home/wtwhite/code/regression-test-generation/find-diff-classes/compile/mvnc/org/apache/hadoop/hadoop-hdfs/3.3.6/t/dependency/netty-resolver-dns-native-macos-4.1.89.Final-osx-x86_64.jar:/home/wtwhite/code/regression-test-generation/find-diff-classes/compile/mvnc/org/apache/hadoop/hadoop-hdfs/3.3.6/t/dependency/netty-transport-4.1.89.Final.jar:/home/wtwhite/code/regression-test-generation/find-diff-classes/compile/mvnc/org/apache/hadoop/hadoop-hdfs/3.3.6/t/dependency/netty-transport-classes-epoll-4.1.89.Final.jar:/home/wtwhite/code/regression-test-generation/find-diff-classes/compile/mvnc/org/apache/hadoop/hadoop-hdfs/3.3.6/t/dependency/netty-transport-classes-kqueue-4.1.89.Final.jar:/home/wtwhite/code/regression-test-generation/find-diff-classes/compile/mvnc/org/apache/hadoop/hadoop-hdfs/3.3.6/t/dependency/netty-transport-native-epoll-4.1.89.Final-linux-aarch_64.jar:/home/wtwhite/code/regression-test-generation/find-diff-classes/compile/mvnc/org/apache/hadoop/hadoop-hdfs/3.3.6/t/dependency/netty-transport-native-epoll-4.1.89.Final-linux-x86_64.jar:/home/wtwhite/code/regression-test-generation/find-diff-classes/compile/mvnc/org/apache/hadoop/hadoop-hdfs/3.3.6/t/dependency/netty-transport-native-kqueue-4.1.89.Final-osx-aarch_64.jar:/home/wtwhite/code/regression-test-generation/find-diff-classes/compile/mvnc/org/apache/hadoop/hadoop-hdfs/3.3.6/t/dependency/netty-transport-native-kqueue-4.1.89.Final-osx-x86_64.jar:/home/wtwhite/code/regression-test-generation/find-diff-classes/compile/mvnc/org/apache/hadoop/hadoop-hdfs/3.3.6/t/dependency/netty-transport-native-unix-common-4.1.89.Final.jar:/home/wtwhite/code/regression-test-generation/find-diff-classes/compile/mvnc/org/apache/hadoop/hadoop-hdfs/3.3.6/t/dependency/netty-transport-rxtx-4.1.89.Final.jar:/home/wtwhite/code/regression-test-generation/find-diff-classes/compile/mvnc/org/apache/hadoop/hadoop-hdfs/3.3.6/t/dependency/netty-transport-sctp-4.1.89.Final.jar:/home/wtwhite/code/regression-test-generation/find-diff-classes/compile/mvnc/org/apache/hadoop/hadoop-hdfs/3.3.6/t/dependency/netty-transport-udt-4.1.89.Final.jar:/home/wtwhite/code/regression-test-generation/find-diff-classes/compile/mvnc/org/apache/hadoop/hadoop-hdfs/3.3.6/t/dependency/nimbus-jose-jwt-9.8.1.jar:/home/wtwhite/code/regression-test-generation/find-diff-classes/compile/mvnc/org/apache/hadoop/hadoop-hdfs/3.3.6/t/dependency/objenesis-2.6.jar:/home/wtwhite/code/regression-test-generation/find-diff-classes/compile/mvnc/org/apache/hadoop/hadoop-hdfs/3.3.6/t/dependency/okhttp-4.9.3.jar:/home/wtwhite/code/regression-test-generation/find-diff-classes/compile/mvnc/org/apache/hadoop/hadoop-hdfs/3.3.6/t/dependency/okio-2.8.0.jar:/home/wtwhite/code/regression-test-generation/find-diff-classes/compile/mvnc/org/apache/hadoop/hadoop-hdfs/3.3.6/t/dependency/opentest4j-1.2.0.jar:/home/wtwhite/code/regression-test-generation/find-diff-classes/compile/mvnc/org/apache/hadoop/hadoop-hdfs/3.3.6/t/dependency/paranamer-2.3.jar:/home/wtwhite/code/regression-test-generation/find-diff-classes/compile/mvnc/org/apache/hadoop/hadoop-hdfs/3.3.6/t/dependency/protobuf-java-2.5.0.jar:/home/wtwhite/code/regression-test-generation/find-diff-classes/compile/mvnc/org/apache/hadoop/hadoop-hdfs/3.3.6/t/dependency/re2j-1.1.jar:/home/wtwhite/code/regression-test-generation/find-diff-classes/compile/mvnc/org/apache/hadoop/hadoop-hdfs/3.3.6/t/dependency/reload4j-1.2.22.jar:/home/wtwhite/code/regression-test-generation/find-diff-classes/compile/mvnc/org/apache/hadoop/hadoop-hdfs/3.3.6/t/dependency/slf4j-api-1.7.36.jar:/home/wtwhite/code/regression-test-generation/find-diff-classes/compile/mvnc/org/apache/hadoop/hadoop-hdfs/3.3.6/t/dependency/slf4j-reload4j-1.7.36.jar:/home/wtwhite/code/regression-test-generation/find-diff-classes/compile/mvnc/org/apache/hadoop/hadoop-hdfs/3.3.6/t/dependency/snappy-java-1.1.8.2.jar:/home/wtwhite/code/regression-test-generation/find-diff-classes/compile/mvnc/org/apache/hadoop/hadoop-hdfs/3.3.6/t/dependency/stax2-api-4.2.1.jar:/home/wtwhite/code/regression-test-generation/find-diff-classes/compile/mvnc/org/apache/hadoop/hadoop-hdfs/3.3.6/t/dependency/token-provider-1.0.1.jar:/home/wtwhite/code/regression-test-generation/find-diff-classes/compile/mvnc/org/apache/hadoop/hadoop-hdfs/3.3.6/t/dependency/woodstox-core-5.4.0.jar:/home/wtwhite/code/regression-test-generation/find-diff-classes/compile/mvnc/org/apache/hadoop/hadoop-hdfs/3.3.6/t/dependency/zookeeper-3.6.3-tests.jar:/home/wtwhite/code/regression-test-generation/find-diff-classes/compile/mvnc/org/apache/hadoop/hadoop-hdfs/3.3.6/t/dependency/zookeeper-3.6.3.jar:/home/wtwhite/code/regression-test-generation/find-diff-classes/compile/mvnc/org/apache/hadoop/hadoop-hdfs/3.3.6/t/dependency/zookeeper-jute-3.6.3.jar:/home/wtwhite/code/regression-test-generation/evosuite/evosuite-standalone-runtime-1.2.0.jar:/home/wtwhite/.m2/repository/junit/junit/4.13.2/junit-4.13.2.jar:/home/wtwhite/.m2/repository/org/hamcrest/hamcrest-core/1.3/hamcrest-core-1.3.jar:"/>
    <property name="sun.cpu.endian" value="little"/>
    <property name="user.home" value="/home/wtwhite"/>
    <property name="user.language" value="en"/>
    <property name="java.specification.vendor" value="Oracle Corporation"/>
    <property name="java.version.date" value="2023-08-24"/>
    <property name="java.home" value="/usr/lib/jvm/java-17-openjdk-amd64"/>
    <property name="file.separator" value="/"/>
    <property name="basedir" value="/home/wtwhite/code/regression-test-generation/find-diff-classes/compile/mvnc/org/apache/hadoop/hadoop-hdfs/3.3.6"/>
    <property name="java.vm.compressedOopsMode" value="Zero based"/>
    <property name="line.separator" value="&#10;"/>
    <property name="java.vm.specification.vendor" value="Oracle Corporation"/>
    <property name="java.specification.name" value="Java Platform API Specification"/>
    <property name="surefire.real.class.path" value="/home/wtwhite/code/regression-test-generation/find-diff-classes/compile/mvnc/org/apache/hadoop/hadoop-hdfs/3.3.6/target/surefire/surefirebooter-20241121184233011_3.jar"/>
    <property name="sun.management.compiler" value="HotSpot 64-Bit Tiered Compilers"/>
    <property name="java.runtime.version" value="17.0.8.1+1-Ubuntu-0ubuntu122.04"/>
    <property name="user.name" value="wtwhite"/>
    <property name="path.separator" value=":"/>
    <property name="os.version" value="5.15.0-87-generic"/>
    <property name="java.runtime.name" value="OpenJDK Runtime Environment"/>
    <property name="file.encoding" value="UTF-8"/>
    <property name="java.vm.name" value="OpenJDK 64-Bit Server VM"/>
    <property name="localRepository" value="/home/wtwhite/.m2/repository"/>
    <property name="java.vendor.url.bug" value="Unknown"/>
    <property name="java.io.tmpdir" value="/tmp"/>
    <property name="java.version" value="17.0.8.1"/>
    <property name="user.dir" value="/home/wtwhite/code/regression-test-generation/find-diff-classes/compile/mvnc/org/apache/hadoop/hadoop-hdfs/3.3.6"/>
    <property name="os.arch" value="amd64"/>
    <property name="java.vm.specification.name" value="Java Virtual Machine Specification"/>
    <property name="native.encoding" value="UTF-8"/>
    <property name="java.library.path" value="/usr/java/packages/lib:/usr/lib/x86_64-linux-gnu/jni:/lib/x86_64-linux-gnu:/usr/lib/x86_64-linux-gnu:/usr/lib/jni:/lib:/usr/lib"/>
    <property name="java.vm.info" value="mixed mode, sharing"/>
    <property name="java.vendor" value="Private Build"/>
    <property name="java.vm.version" value="17.0.8.1+1-Ubuntu-0ubuntu122.04"/>
    <property name="sun.io.unicode.encoding" value="UnicodeLittle"/>
    <property name="java.class.version" value="61.0"/>
  </properties>
  <testcase name="" classname="org.apache.hadoop.hdfs.server.balancer.Dispatcher_ESTest" time="0.248">
    <error type="java.lang.ExceptionInInitializerError"><![CDATA[java.lang.ExceptionInInitializerError
	at org.apache.hadoop.hdfs.server.balancer.Dispatcher_ESTest_scaffolding.initEvoSuiteFramework(Dispatcher_ESTest_scaffolding.java:31)
	at java.base/jdk.internal.reflect.NativeMethodAccessorImpl.invoke0(Native Method)
	at java.base/jdk.internal.reflect.NativeMethodAccessorImpl.invoke(NativeMethodAccessorImpl.java:77)
	at java.base/jdk.internal.reflect.DelegatingMethodAccessorImpl.invoke(DelegatingMethodAccessorImpl.java:43)
	at java.base/java.lang.reflect.Method.invoke(Method.java:568)
	at org.junit.runners.model.FrameworkMethod$1.runReflectiveCall(FrameworkMethod.java:59)
	at org.junit.internal.runners.model.ReflectiveCallable.run(ReflectiveCallable.java:12)
	at org.junit.runners.model.FrameworkMethod.invokeExplosively(FrameworkMethod.java:56)
	at org.junit.internal.runners.statements.RunBefores.invokeMethod(RunBefores.java:33)
	at org.junit.internal.runners.statements.RunBefores.evaluate(RunBefores.java:24)
	at org.junit.internal.runners.statements.RunAfters.evaluate(RunAfters.java:27)
	at org.junit.runners.ParentRunner$3.evaluate(ParentRunner.java:306)
	at org.junit.runners.ParentRunner.run(ParentRunner.java:413)
	at org.apache.maven.surefire.junit4.JUnit4Provider.execute(JUnit4Provider.java:316)
	at org.apache.maven.surefire.junit4.JUnit4Provider.executeWithRerun(JUnit4Provider.java:240)
	at org.apache.maven.surefire.junit4.JUnit4Provider.executeTestSet(JUnit4Provider.java:214)
	at org.apache.maven.surefire.junit4.JUnit4Provider.invoke(JUnit4Provider.java:155)
	at org.apache.maven.surefire.booter.ForkedBooter.runSuitesInProcess(ForkedBooter.java:385)
	at org.apache.maven.surefire.booter.ForkedBooter.execute(ForkedBooter.java:162)
	at org.apache.maven.surefire.booter.ForkedBooter.run(ForkedBooter.java:507)
	at org.apache.maven.surefire.booter.ForkedBooter.main(ForkedBooter.java:495)
Caused by: java.lang.reflect.InaccessibleObjectException: Unable to make field private static java.lang.Boolean java.awt.GraphicsEnvironment.headless accessible: module java.desktop does not "opens java.awt" to unnamed module @2ba867a6
	at java.base/java.lang.reflect.AccessibleObject.checkCanSetAccessible(AccessibleObject.java:354)
	at java.base/java.lang.reflect.AccessibleObject.checkCanSetAccessible(AccessibleObject.java:297)
	at java.base/java.lang.reflect.Field.checkCanSetAccessible(Field.java:178)
	at java.base/java.lang.reflect.Field.setAccessible(Field.java:172)
	at org.evosuite.runtime.GuiSupport.<clinit>(GuiSupport.java:50)
	... 21 more
]]></error>
    <system-out><![CDATA[2024-11-21 18:42:33,447 INFO  EvoClassLoader - Seeing class for first time: org.apache.hadoop.hdfs.server.balancer.Dispatcher_ESTest
2024-11-21 18:42:33,448 INFO  EvoClassLoader - Instrumenting class 'org.apache.hadoop.hdfs.server.balancer.Dispatcher_ESTest'.
2024-11-21 18:42:33,472 INFO  EvoClassLoader - Seeing class for first time: org.apache.hadoop.hdfs.server.balancer.Dispatcher_ESTest_scaffolding
2024-11-21 18:42:33,472 INFO  EvoClassLoader - Instrumenting class 'org.apache.hadoop.hdfs.server.balancer.Dispatcher_ESTest_scaffolding'.
2024-11-21 18:42:33,479 INFO  EvoClassLoader - Keeping class: org.apache.hadoop.hdfs.server.balancer.Dispatcher_ESTest_scaffolding
2024-11-21 18:42:33,479 INFO  EvoClassLoader - Keeping class: org.apache.hadoop.hdfs.server.balancer.Dispatcher_ESTest
2024-11-21 18:42:33,479 INFO  EvoClassLoader - Seeing class for first time: org.apache.hadoop.hdfs.server.balancer.Dispatcher$DDatanode$StorageGroup
2024-11-21 18:42:33,479 INFO  EvoClassLoader - Instrumenting class 'org.apache.hadoop.hdfs.server.balancer.Dispatcher$DDatanode$StorageGroup'.
2024-11-21 18:42:33,482 INFO  MethodCallReplacementClassAdapter - Adding mock interface to class org/apache/hadoop/hdfs/server/balancer/Dispatcher$DDatanode$StorageGroup
2024-11-21 18:42:33,562 INFO  CreateClassResetClassAdapter - Creating brand-new static initializer in class org/apache/hadoop/hdfs/server/balancer/Dispatcher$DDatanode$StorageGroup
2024-11-21 18:42:33,564 INFO  EvoClassLoader - Keeping class: org.apache.hadoop.hdfs.server.balancer.Dispatcher$DDatanode$StorageGroup
2024-11-21 18:42:33,564 INFO  EvoClassLoader - Seeing class for first time: org.apache.hadoop.hdfs.server.balancer.Dispatcher$Source
2024-11-21 18:42:33,564 INFO  EvoClassLoader - Instrumenting class 'org.apache.hadoop.hdfs.server.balancer.Dispatcher$Source'.
2024-11-21 18:42:33,565 INFO  MethodCallReplacementClassAdapter - Adding mock interface to class org/apache/hadoop/hdfs/server/balancer/Dispatcher$Source
2024-11-21 18:42:33,571 INFO  CreateClassResetClassAdapter - Creating brand-new static initializer in class org/apache/hadoop/hdfs/server/balancer/Dispatcher$Source
2024-11-21 18:42:33,572 INFO  EvoClassLoader - Keeping class: org.apache.hadoop.hdfs.server.balancer.Dispatcher$Source
]]></system-out>
  </testcase>
</testsuite>