<?xml version="1.0" encoding="UTF-8"?>
<testsuite xmlns:xsi="http://www.w3.org/2001/XMLSchema-instance" xsi:noNamespaceSchemaLocation="https://maven.apache.org/surefire/maven-surefire-plugin/xsd/surefire-test-report-3.0.xsd" version="3.0" name="org.apache.logging.log4j.spi.DefaultThreadContextStack_ESTest" time="1.666" tests="50" errors="0" skipped="0" failures="1">
  <properties>
    <property name="awt.toolkit" value="sun.awt.X11.XToolkit"/>
    <property name="file.encoding.pkg" value="sun.io"/>
    <property name="java.specification.version" value="1.8"/>
    <property name="sun.cpu.isalist" value=""/>
    <property name="sun.jnu.encoding" value="UTF-8"/>
    <property name="java.class.path" value="/home/wtwhite/code/regression-test-generation/find-diff-classes/compile/mvnc/org/apache/logging/log4j/log4j-api/2.17.1/target/test-classes:/home/wtwhite/code/regression-test-generation/find-diff-classes/compile/mvnc/org/apache/logging/log4j/log4j-api/2.17.1/target/classes:/home/wtwhite/code/craw-redhat-oss/wget/crawl/repo1.maven.org/maven2/org/apache/logging/log4j/log4j-api/2.17.1/log4j-api-2.17.1.jar:/home/wtwhite/code/regression-test-generation/find-diff-classes/compile/mvnc/org/apache/logging/log4j/log4j-api/2.17.1/t/dependency/animal-sniffer-annotations-1.14.jar:/home/wtwhite/code/regression-test-generation/find-diff-classes/compile/mvnc/org/apache/logging/log4j/log4j-api/2.17.1/t/dependency/aopalliance-1.0.jar:/home/wtwhite/code/regression-test-generation/find-diff-classes/compile/mvnc/org/apache/logging/log4j/log4j-api/2.17.1/t/dependency/apiguardian-api-1.1.0.jar:/home/wtwhite/code/regression-test-generation/find-diff-classes/compile/mvnc/org/apache/logging/log4j/log4j-api/2.17.1/t/dependency/assertj-core-3.20.2.jar:/home/wtwhite/code/regression-test-generation/find-diff-classes/compile/mvnc/org/apache/logging/log4j/log4j-api/2.17.1/t/dependency/cdi-api-1.0.jar:/home/wtwhite/code/regression-test-generation/find-diff-classes/compile/mvnc/org/apache/logging/log4j/log4j-api/2.17.1/t/dependency/checker-compat-qual-2.0.0.jar:/home/wtwhite/code/regression-test-generation/find-diff-classes/compile/mvnc/org/apache/logging/log4j/log4j-api/2.17.1/t/dependency/commons-io-2.11.0.jar:/home/wtwhite/code/regression-test-generation/find-diff-classes/compile/mvnc/org/apache/logging/log4j/log4j-api/2.17.1/t/dependency/commons-lang3-3.12.0.jar:/home/wtwhite/code/regression-test-generation/find-diff-classes/compile/mvnc/org/apache/logging/log4j/log4j-api/2.17.1/t/dependency/error_prone_annotations-2.1.3.jar:/home/wtwhite/code/regression-test-generation/find-diff-classes/compile/mvnc/org/apache/logging/log4j/log4j-api/2.17.1/t/dependency/guava-25.1-android.jar:/home/wtwhite/code/regression-test-generation/find-diff-classes/compile/mvnc/org/apache/logging/log4j/log4j-api/2.17.1/t/dependency/guice-4.2.1-no_aop.jar:/home/wtwhite/code/regression-test-generation/find-diff-classes/compile/mvnc/org/apache/logging/log4j/log4j-api/2.17.1/t/dependency/hamcrest-core-1.3.jar:/home/wtwhite/code/regression-test-generation/find-diff-classes/compile/mvnc/org/apache/logging/log4j/log4j-api/2.17.1/t/dependency/j2objc-annotations-1.1.jar:/home/wtwhite/code/regression-test-generation/find-diff-classes/compile/mvnc/org/apache/logging/log4j/log4j-api/2.17.1/t/dependency/jackson-annotations-2.12.4.jar:/home/wtwhite/code/regression-test-generation/find-diff-classes/compile/mvnc/org/apache/logging/log4j/log4j-api/2.17.1/t/dependency/jackson-core-2.12.4.jar:/home/wtwhite/code/regression-test-generation/find-diff-classes/compile/mvnc/org/apache/logging/log4j/log4j-api/2.17.1/t/dependency/jackson-databind-2.12.4.jar:/home/wtwhite/code/regression-test-generation/find-diff-classes/compile/mvnc/org/apache/logging/log4j/log4j-api/2.17.1/t/dependency/javax.inject-1.jar:/home/wtwhite/code/regression-test-generation/find-diff-classes/compile/mvnc/org/apache/logging/log4j/log4j-api/2.17.1/t/dependency/jsr250-api-1.0.jar:/home/wtwhite/code/regression-test-generation/find-diff-classes/compile/mvnc/org/apache/logging/log4j/log4j-api/2.17.1/t/dependency/jsr305-3.0.2.jar:/home/wtwhite/code/regression-test-generation/find-diff-classes/compile/mvnc/org/apache/logging/log4j/log4j-api/2.17.1/t/dependency/junit-4.13.2.jar:/home/wtwhite/code/regression-test-generation/find-diff-classes/compile/mvnc/org/apache/logging/log4j/log4j-api/2.17.1/t/dependency/junit-jupiter-api-5.7.2.jar:/home/wtwhite/code/regression-test-generation/find-diff-classes/compile/mvnc/org/apache/logging/log4j/log4j-api/2.17.1/t/dependency/junit-jupiter-engine-5.7.2.jar:/home/wtwhite/code/regression-test-generation/find-diff-classes/compile/mvnc/org/apache/logging/log4j/log4j-api/2.17.1/t/dependency/junit-jupiter-migrationsupport-5.7.2.jar:/home/wtwhite/code/regression-test-generation/find-diff-classes/compile/mvnc/org/apache/logging/log4j/log4j-api/2.17.1/t/dependency/junit-jupiter-params-5.7.2.jar:/home/wtwhite/code/regression-test-generation/find-diff-classes/compile/mvnc/org/apache/logging/log4j/log4j-api/2.17.1/t/dependency/junit-platform-commons-1.7.2.jar:/home/wtwhite/code/regression-test-generation/find-diff-classes/compile/mvnc/org/apache/logging/log4j/log4j-api/2.17.1/t/dependency/junit-platform-engine-1.7.2.jar:/home/wtwhite/code/regression-test-generation/find-diff-classes/compile/mvnc/org/apache/logging/log4j/log4j-api/2.17.1/t/dependency/junit-vintage-engine-5.7.2.jar:/home/wtwhite/code/regression-test-generation/find-diff-classes/compile/mvnc/org/apache/logging/log4j/log4j-api/2.17.1/t/dependency/maven-artifact-3.6.3.jar:/home/wtwhite/code/regression-test-generation/find-diff-classes/compile/mvnc/org/apache/logging/log4j/log4j-api/2.17.1/t/dependency/maven-builder-support-3.6.3.jar:/home/wtwhite/code/regression-test-generation/find-diff-classes/compile/mvnc/org/apache/logging/log4j/log4j-api/2.17.1/t/dependency/maven-core-3.6.3.jar:/home/wtwhite/code/regression-test-generation/find-diff-classes/compile/mvnc/org/apache/logging/log4j/log4j-api/2.17.1/t/dependency/maven-model-3.6.3.jar:/home/wtwhite/code/regression-test-generation/find-diff-classes/compile/mvnc/org/apache/logging/log4j/log4j-api/2.17.1/t/dependency/maven-model-builder-3.6.3.jar:/home/wtwhite/code/regression-test-generation/find-diff-classes/compile/mvnc/org/apache/logging/log4j/log4j-api/2.17.1/t/dependency/maven-plugin-api-3.6.3.jar:/home/wtwhite/code/regression-test-generation/find-diff-classes/compile/mvnc/org/apache/logging/log4j/log4j-api/2.17.1/t/dependency/maven-repository-metadata-3.6.3.jar:/home/wtwhite/code/regression-test-generation/find-diff-classes/compile/mvnc/org/apache/logging/log4j/log4j-api/2.17.1/t/dependency/maven-resolver-api-1.4.1.jar:/home/wtwhite/code/regression-test-generation/find-diff-classes/compile/mvnc/org/apache/logging/log4j/log4j-api/2.17.1/t/dependency/maven-resolver-impl-1.4.1.jar:/home/wtwhite/code/regression-test-generation/find-diff-classes/compile/mvnc/org/apache/logging/log4j/log4j-api/2.17.1/t/dependency/maven-resolver-provider-3.6.3.jar:/home/wtwhite/code/regression-test-generation/find-diff-classes/compile/mvnc/org/apache/logging/log4j/log4j-api/2.17.1/t/dependency/maven-resolver-spi-1.4.1.jar:/home/wtwhite/code/regression-test-generation/find-diff-classes/compile/mvnc/org/apache/logging/log4j/log4j-api/2.17.1/t/dependency/maven-resolver-util-1.4.1.jar:/home/wtwhite/code/regression-test-generation/find-diff-classes/compile/mvnc/org/apache/logging/log4j/log4j-api/2.17.1/t/dependency/maven-settings-3.6.3.jar:/home/wtwhite/code/regression-test-generation/find-diff-classes/compile/mvnc/org/apache/logging/log4j/log4j-api/2.17.1/t/dependency/maven-settings-builder-3.6.3.jar:/home/wtwhite/code/regression-test-generation/find-diff-classes/compile/mvnc/org/apache/logging/log4j/log4j-api/2.17.1/t/dependency/maven-shared-utils-3.2.1.jar:/home/wtwhite/code/regression-test-generation/find-diff-classes/compile/mvnc/org/apache/logging/log4j/log4j-api/2.17.1/t/dependency/opentest4j-1.2.0.jar:/home/wtwhite/code/regression-test-generation/find-diff-classes/compile/mvnc/org/apache/logging/log4j/log4j-api/2.17.1/t/dependency/org.apache.felix.framework-5.6.12.jar:/home/wtwhite/code/regression-test-generation/find-diff-classes/compile/mvnc/org/apache/logging/log4j/log4j-api/2.17.1/t/dependency/org.eclipse.osgi-3.13.0.v20180226-1711.jar:/home/wtwhite/code/regression-test-generation/find-diff-classes/compile/mvnc/org/apache/logging/log4j/log4j-api/2.17.1/t/dependency/org.eclipse.sisu.inject-0.3.4.jar:/home/wtwhite/code/regression-test-generation/find-diff-classes/compile/mvnc/org/apache/logging/log4j/log4j-api/2.17.1/t/dependency/org.eclipse.sisu.plexus-0.3.4.jar:/home/wtwhite/code/regression-test-generation/find-diff-classes/compile/mvnc/org/apache/logging/log4j/log4j-api/2.17.1/t/dependency/org.osgi.core-4.3.1.jar:/home/wtwhite/code/regression-test-generation/find-diff-classes/compile/mvnc/org/apache/logging/log4j/log4j-api/2.17.1/t/dependency/plexus-cipher-1.4.jar:/home/wtwhite/code/regression-test-generation/find-diff-classes/compile/mvnc/org/apache/logging/log4j/log4j-api/2.17.1/t/dependency/plexus-classworlds-2.6.0.jar:/home/wtwhite/code/regression-test-generation/find-diff-classes/compile/mvnc/org/apache/logging/log4j/log4j-api/2.17.1/t/dependency/plexus-component-annotations-2.1.0.jar:/home/wtwhite/code/regression-test-generation/find-diff-classes/compile/mvnc/org/apache/logging/log4j/log4j-api/2.17.1/t/dependency/plexus-interpolation-1.25.jar:/home/wtwhite/code/regression-test-generation/find-diff-classes/compile/mvnc/org/apache/logging/log4j/log4j-api/2.17.1/t/dependency/plexus-sec-dispatcher-1.4.jar:/home/wtwhite/code/regression-test-generation/find-diff-classes/compile/mvnc/org/apache/logging/log4j/log4j-api/2.17.1/t/dependency/plexus-utils-3.4.0.jar:/home/wtwhite/code/regression-test-generation/find-diff-classes/compile/mvnc/org/apache/logging/log4j/log4j-api/2.17.1/t/dependency/slf4j-api-1.7.25.jar:/home/wtwhite/code/regression-test-generation/evosuite/evosuite-standalone-runtime-1.2.0.jar:/home/wtwhite/.m2/repository/junit/junit/4.13.2/junit-4.13.2.jar:/home/wtwhite/.m2/repository/org/hamcrest/hamcrest-core/1.3/hamcrest-core-1.3.jar:"/>
    <property name="java.vm.vendor" value="Private Build"/>
    <property name="sun.arch.data.model" value="64"/>
    <property name="java.vendor.url" value="http://java.oracle.com/"/>
    <property name="user.timezone" value=""/>
    <property name="java.vm.specification.version" value="1.8"/>
    <property name="os.name" value="Linux"/>
    <property name="RUNDIR" value="/home/wtwhite/code/regression-test-generation/find-diff-classes/run-mvn"/>
    <property name="user.country" value="NZ"/>
    <property name="sun.java.launcher" value="SUN_STANDARD"/>
    <property name="sun.boot.library.path" value="/usr/lib/jvm/java-8-openjdk-amd64/jre/lib/amd64"/>
    <property name="sun.java.command" value="/home/wtwhite/code/regression-test-generation/find-diff-classes/compile/mvnc/org/apache/logging/log4j/log4j-api/2.17.1/target/surefire/surefirebooter-20241106133811255_3.jar /home/wtwhite/code/regression-test-generation/find-diff-classes/compile/mvnc/org/apache/logging/log4j/log4j-api/2.17.1/target/surefire 2024-11-06T13-38-11_040-jvmRun1 surefire-20241106133811255_1tmp surefire_0-20241106133811255_2tmp"/>
    <property name="surefire.test.class.path" value="/home/wtwhite/code/regression-test-generation/find-diff-classes/compile/mvnc/org/apache/logging/log4j/log4j-api/2.17.1/target/test-classes:/home/wtwhite/code/regression-test-generation/find-diff-classes/compile/mvnc/org/apache/logging/log4j/log4j-api/2.17.1/target/classes:/home/wtwhite/code/craw-redhat-oss/wget/crawl/repo1.maven.org/maven2/org/apache/logging/log4j/log4j-api/2.17.1/log4j-api-2.17.1.jar:/home/wtwhite/code/regression-test-generation/find-diff-classes/compile/mvnc/org/apache/logging/log4j/log4j-api/2.17.1/t/dependency/animal-sniffer-annotations-1.14.jar:/home/wtwhite/code/regression-test-generation/find-diff-classes/compile/mvnc/org/apache/logging/log4j/log4j-api/2.17.1/t/dependency/aopalliance-1.0.jar:/home/wtwhite/code/regression-test-generation/find-diff-classes/compile/mvnc/org/apache/logging/log4j/log4j-api/2.17.1/t/dependency/apiguardian-api-1.1.0.jar:/home/wtwhite/code/regression-test-generation/find-diff-classes/compile/mvnc/org/apache/logging/log4j/log4j-api/2.17.1/t/dependency/assertj-core-3.20.2.jar:/home/wtwhite/code/regression-test-generation/find-diff-classes/compile/mvnc/org/apache/logging/log4j/log4j-api/2.17.1/t/dependency/cdi-api-1.0.jar:/home/wtwhite/code/regression-test-generation/find-diff-classes/compile/mvnc/org/apache/logging/log4j/log4j-api/2.17.1/t/dependency/checker-compat-qual-2.0.0.jar:/home/wtwhite/code/regression-test-generation/find-diff-classes/compile/mvnc/org/apache/logging/log4j/log4j-api/2.17.1/t/dependency/commons-io-2.11.0.jar:/home/wtwhite/code/regression-test-generation/find-diff-classes/compile/mvnc/org/apache/logging/log4j/log4j-api/2.17.1/t/dependency/commons-lang3-3.12.0.jar:/home/wtwhite/code/regression-test-generation/find-diff-classes/compile/mvnc/org/apache/logging/log4j/log4j-api/2.17.1/t/dependency/error_prone_annotations-2.1.3.jar:/home/wtwhite/code/regression-test-generation/find-diff-classes/compile/mvnc/org/apache/logging/log4j/log4j-api/2.17.1/t/dependency/guava-25.1-android.jar:/home/wtwhite/code/regression-test-generation/find-diff-classes/compile/mvnc/org/apache/logging/log4j/log4j-api/2.17.1/t/dependency/guice-4.2.1-no_aop.jar:/home/wtwhite/code/regression-test-generation/find-diff-classes/compile/mvnc/org/apache/logging/log4j/log4j-api/2.17.1/t/dependency/hamcrest-core-1.3.jar:/home/wtwhite/code/regression-test-generation/find-diff-classes/compile/mvnc/org/apache/logging/log4j/log4j-api/2.17.1/t/dependency/j2objc-annotations-1.1.jar:/home/wtwhite/code/regression-test-generation/find-diff-classes/compile/mvnc/org/apache/logging/log4j/log4j-api/2.17.1/t/dependency/jackson-annotations-2.12.4.jar:/home/wtwhite/code/regression-test-generation/find-diff-classes/compile/mvnc/org/apache/logging/log4j/log4j-api/2.17.1/t/dependency/jackson-core-2.12.4.jar:/home/wtwhite/code/regression-test-generation/find-diff-classes/compile/mvnc/org/apache/logging/log4j/log4j-api/2.17.1/t/dependency/jackson-databind-2.12.4.jar:/home/wtwhite/code/regression-test-generation/find-diff-classes/compile/mvnc/org/apache/logging/log4j/log4j-api/2.17.1/t/dependency/javax.inject-1.jar:/home/wtwhite/code/regression-test-generation/find-diff-classes/compile/mvnc/org/apache/logging/log4j/log4j-api/2.17.1/t/dependency/jsr250-api-1.0.jar:/home/wtwhite/code/regression-test-generation/find-diff-classes/compile/mvnc/org/apache/logging/log4j/log4j-api/2.17.1/t/dependency/jsr305-3.0.2.jar:/home/wtwhite/code/regression-test-generation/find-diff-classes/compile/mvnc/org/apache/logging/log4j/log4j-api/2.17.1/t/dependency/junit-4.13.2.jar:/home/wtwhite/code/regression-test-generation/find-diff-classes/compile/mvnc/org/apache/logging/log4j/log4j-api/2.17.1/t/dependency/junit-jupiter-api-5.7.2.jar:/home/wtwhite/code/regression-test-generation/find-diff-classes/compile/mvnc/org/apache/logging/log4j/log4j-api/2.17.1/t/dependency/junit-jupiter-engine-5.7.2.jar:/home/wtwhite/code/regression-test-generation/find-diff-classes/compile/mvnc/org/apache/logging/log4j/log4j-api/2.17.1/t/dependency/junit-jupiter-migrationsupport-5.7.2.jar:/home/wtwhite/code/regression-test-generation/find-diff-classes/compile/mvnc/org/apache/logging/log4j/log4j-api/2.17.1/t/dependency/junit-jupiter-params-5.7.2.jar:/home/wtwhite/code/regression-test-generation/find-diff-classes/compile/mvnc/org/apache/logging/log4j/log4j-api/2.17.1/t/dependency/junit-platform-commons-1.7.2.jar:/home/wtwhite/code/regression-test-generation/find-diff-classes/compile/mvnc/org/apache/logging/log4j/log4j-api/2.17.1/t/dependency/junit-platform-engine-1.7.2.jar:/home/wtwhite/code/regression-test-generation/find-diff-classes/compile/mvnc/org/apache/logging/log4j/log4j-api/2.17.1/t/dependency/junit-vintage-engine-5.7.2.jar:/home/wtwhite/code/regression-test-generation/find-diff-classes/compile/mvnc/org/apache/logging/log4j/log4j-api/2.17.1/t/dependency/maven-artifact-3.6.3.jar:/home/wtwhite/code/regression-test-generation/find-diff-classes/compile/mvnc/org/apache/logging/log4j/log4j-api/2.17.1/t/dependency/maven-builder-support-3.6.3.jar:/home/wtwhite/code/regression-test-generation/find-diff-classes/compile/mvnc/org/apache/logging/log4j/log4j-api/2.17.1/t/dependency/maven-core-3.6.3.jar:/home/wtwhite/code/regression-test-generation/find-diff-classes/compile/mvnc/org/apache/logging/log4j/log4j-api/2.17.1/t/dependency/maven-model-3.6.3.jar:/home/wtwhite/code/regression-test-generation/find-diff-classes/compile/mvnc/org/apache/logging/log4j/log4j-api/2.17.1/t/dependency/maven-model-builder-3.6.3.jar:/home/wtwhite/code/regression-test-generation/find-diff-classes/compile/mvnc/org/apache/logging/log4j/log4j-api/2.17.1/t/dependency/maven-plugin-api-3.6.3.jar:/home/wtwhite/code/regression-test-generation/find-diff-classes/compile/mvnc/org/apache/logging/log4j/log4j-api/2.17.1/t/dependency/maven-repository-metadata-3.6.3.jar:/home/wtwhite/code/regression-test-generation/find-diff-classes/compile/mvnc/org/apache/logging/log4j/log4j-api/2.17.1/t/dependency/maven-resolver-api-1.4.1.jar:/home/wtwhite/code/regression-test-generation/find-diff-classes/compile/mvnc/org/apache/logging/log4j/log4j-api/2.17.1/t/dependency/maven-resolver-impl-1.4.1.jar:/home/wtwhite/code/regression-test-generation/find-diff-classes/compile/mvnc/org/apache/logging/log4j/log4j-api/2.17.1/t/dependency/maven-resolver-provider-3.6.3.jar:/home/wtwhite/code/regression-test-generation/find-diff-classes/compile/mvnc/org/apache/logging/log4j/log4j-api/2.17.1/t/dependency/maven-resolver-spi-1.4.1.jar:/home/wtwhite/code/regression-test-generation/find-diff-classes/compile/mvnc/org/apache/logging/log4j/log4j-api/2.17.1/t/dependency/maven-resolver-util-1.4.1.jar:/home/wtwhite/code/regression-test-generation/find-diff-classes/compile/mvnc/org/apache/logging/log4j/log4j-api/2.17.1/t/dependency/maven-settings-3.6.3.jar:/home/wtwhite/code/regression-test-generation/find-diff-classes/compile/mvnc/org/apache/logging/log4j/log4j-api/2.17.1/t/dependency/maven-settings-builder-3.6.3.jar:/home/wtwhite/code/regression-test-generation/find-diff-classes/compile/mvnc/org/apache/logging/log4j/log4j-api/2.17.1/t/dependency/maven-shared-utils-3.2.1.jar:/home/wtwhite/code/regression-test-generation/find-diff-classes/compile/mvnc/org/apache/logging/log4j/log4j-api/2.17.1/t/dependency/opentest4j-1.2.0.jar:/home/wtwhite/code/regression-test-generation/find-diff-classes/compile/mvnc/org/apache/logging/log4j/log4j-api/2.17.1/t/dependency/org.apache.felix.framework-5.6.12.jar:/home/wtwhite/code/regression-test-generation/find-diff-classes/compile/mvnc/org/apache/logging/log4j/log4j-api/2.17.1/t/dependency/org.eclipse.osgi-3.13.0.v20180226-1711.jar:/home/wtwhite/code/regression-test-generation/find-diff-classes/compile/mvnc/org/apache/logging/log4j/log4j-api/2.17.1/t/dependency/org.eclipse.sisu.inject-0.3.4.jar:/home/wtwhite/code/regression-test-generation/find-diff-classes/compile/mvnc/org/apache/logging/log4j/log4j-api/2.17.1/t/dependency/org.eclipse.sisu.plexus-0.3.4.jar:/home/wtwhite/code/regression-test-generation/find-diff-classes/compile/mvnc/org/apache/logging/log4j/log4j-api/2.17.1/t/dependency/org.osgi.core-4.3.1.jar:/home/wtwhite/code/regression-test-generation/find-diff-classes/compile/mvnc/org/apache/logging/log4j/log4j-api/2.17.1/t/dependency/plexus-cipher-1.4.jar:/home/wtwhite/code/regression-test-generation/find-diff-classes/compile/mvnc/org/apache/logging/log4j/log4j-api/2.17.1/t/dependency/plexus-classworlds-2.6.0.jar:/home/wtwhite/code/regression-test-generation/find-diff-classes/compile/mvnc/org/apache/logging/log4j/log4j-api/2.17.1/t/dependency/plexus-component-annotations-2.1.0.jar:/home/wtwhite/code/regression-test-generation/find-diff-classes/compile/mvnc/org/apache/logging/log4j/log4j-api/2.17.1/t/dependency/plexus-interpolation-1.25.jar:/home/wtwhite/code/regression-test-generation/find-diff-classes/compile/mvnc/org/apache/logging/log4j/log4j-api/2.17.1/t/dependency/plexus-sec-dispatcher-1.4.jar:/home/wtwhite/code/regression-test-generation/find-diff-classes/compile/mvnc/org/apache/logging/log4j/log4j-api/2.17.1/t/dependency/plexus-utils-3.4.0.jar:/home/wtwhite/code/regression-test-generation/find-diff-classes/compile/mvnc/org/apache/logging/log4j/log4j-api/2.17.1/t/dependency/slf4j-api-1.7.25.jar:/home/wtwhite/code/regression-test-generation/evosuite/evosuite-standalone-runtime-1.2.0.jar:/home/wtwhite/.m2/repository/junit/junit/4.13.2/junit-4.13.2.jar:/home/wtwhite/.m2/repository/org/hamcrest/hamcrest-core/1.3/hamcrest-core-1.3.jar:"/>
    <property name="sun.cpu.endian" value="little"/>
    <property name="user.home" value="/home/wtwhite"/>
    <property name="user.language" value="en"/>
    <property name="java.specification.vendor" value="Oracle Corporation"/>
    <property name="java.home" value="/usr/lib/jvm/java-8-openjdk-amd64/jre"/>
    <property name="basedir" value="/home/wtwhite/code/regression-test-generation/find-diff-classes/compile/mvnc/org/apache/logging/log4j/log4j-api/2.17.1"/>
    <property name="file.separator" value="/"/>
    <property name="line.separator" value="&#10;"/>
    <property name="java.vm.specification.vendor" value="Oracle Corporation"/>
    <property name="java.specification.name" value="Java Platform API Specification"/>
    <property name="java.awt.graphicsenv" value="sun.awt.X11GraphicsEnvironment"/>
    <property name="surefire.real.class.path" value="/home/wtwhite/code/regression-test-generation/find-diff-classes/compile/mvnc/org/apache/logging/log4j/log4j-api/2.17.1/target/surefire/surefirebooter-20241106133811255_3.jar"/>
    <property name="sun.boot.class.path" value="/usr/lib/jvm/java-8-openjdk-amd64/jre/lib/resources.jar:/usr/lib/jvm/java-8-openjdk-amd64/jre/lib/rt.jar:/usr/lib/jvm/java-8-openjdk-amd64/jre/lib/sunrsasign.jar:/usr/lib/jvm/java-8-openjdk-amd64/jre/lib/jsse.jar:/usr/lib/jvm/java-8-openjdk-amd64/jre/lib/jce.jar:/usr/lib/jvm/java-8-openjdk-amd64/jre/lib/charsets.jar:/usr/lib/jvm/java-8-openjdk-amd64/jre/lib/jfr.jar:/usr/lib/jvm/java-8-openjdk-amd64/jre/classes"/>
    <property name="sun.management.compiler" value="HotSpot 64-Bit Tiered Compilers"/>
    <property name="java.runtime.version" value="1.8.0_382-8u382-ga-1~22.04.1-b05"/>
    <property name="user.name" value="wtwhite"/>
    <property name="path.separator" value=":"/>
    <property name="os.version" value="5.15.0-87-generic"/>
    <property name="java.endorsed.dirs" value="/usr/lib/jvm/java-8-openjdk-amd64/jre/lib/endorsed"/>
    <property name="java.runtime.name" value="OpenJDK Runtime Environment"/>
    <property name="file.encoding" value="UTF-8"/>
    <property name="java.vm.name" value="OpenJDK 64-Bit Server VM"/>
    <property name="localRepository" value="/home/wtwhite/.m2/repository"/>
    <property name="java.vendor.url.bug" value="http://bugreport.sun.com/bugreport/"/>
    <property name="java.io.tmpdir" value="/tmp"/>
    <property name="java.version" value="1.8.0_382"/>
    <property name="user.dir" value="/home/wtwhite/code/regression-test-generation/find-diff-classes/compile/mvnc/org/apache/logging/log4j/log4j-api/2.17.1"/>
    <property name="os.arch" value="amd64"/>
    <property name="java.vm.specification.name" value="Java Virtual Machine Specification"/>
    <property name="java.awt.printerjob" value="sun.print.PSPrinterJob"/>
    <property name="sun.os.patch.level" value="unknown"/>
    <property name="java.library.path" value="/usr/java/packages/lib/amd64:/usr/lib/x86_64-linux-gnu/jni:/lib/x86_64-linux-gnu:/usr/lib/x86_64-linux-gnu:/usr/lib/jni:/lib:/usr/lib"/>
    <property name="java.vm.info" value="mixed mode"/>
    <property name="java.vendor" value="Private Build"/>
    <property name="java.vm.version" value="25.382-b05"/>
    <property name="java.specification.maintenance.version" value="5"/>
    <property name="java.ext.dirs" value="/usr/lib/jvm/java-8-openjdk-amd64/jre/lib/ext:/usr/java/packages/lib/ext"/>
    <property name="sun.io.unicode.encoding" value="UnicodeLittle"/>
    <property name="java.class.version" value="52.0"/>
  </properties>
  <testcase name="test18" classname="org.apache.logging.log4j.spi.DefaultThreadContextStack_ESTest" time="0.048">
    <system-err><![CDATA[SLF4J: Failed to load class "org.slf4j.impl.StaticLoggerBinder".
SLF4J: Defaulting to no-operation (NOP) logger implementation
SLF4J: See http://www.slf4j.org/codes.html#StaticLoggerBinder for further details.
]]></system-err>
  </testcase>
  <testcase name="test17" classname="org.apache.logging.log4j.spi.DefaultThreadContextStack_ESTest" time="0.015"/>
  <testcase name="test19" classname="org.apache.logging.log4j.spi.DefaultThreadContextStack_ESTest" time="0.018"/>
  <testcase name="test10" classname="org.apache.logging.log4j.spi.DefaultThreadContextStack_ESTest" time="0.015"/>
  <testcase name="test12" classname="org.apache.logging.log4j.spi.DefaultThreadContextStack_ESTest" time="0.008"/>
  <testcase name="test11" classname="org.apache.logging.log4j.spi.DefaultThreadContextStack_ESTest" time="0.012"/>
  <testcase name="test14" classname="org.apache.logging.log4j.spi.DefaultThreadContextStack_ESTest" time="0.011"/>
  <testcase name="test13" classname="org.apache.logging.log4j.spi.DefaultThreadContextStack_ESTest" time="0.007"/>
  <testcase name="test16" classname="org.apache.logging.log4j.spi.DefaultThreadContextStack_ESTest" time="0.013"/>
  <testcase name="test15" classname="org.apache.logging.log4j.spi.DefaultThreadContextStack_ESTest" time="0.012"/>
  <testcase name="test41" classname="org.apache.logging.log4j.spi.DefaultThreadContextStack_ESTest" time="0.012"/>
  <testcase name="test40" classname="org.apache.logging.log4j.spi.DefaultThreadContextStack_ESTest" time="0.013"/>
  <testcase name="test07" classname="org.apache.logging.log4j.spi.DefaultThreadContextStack_ESTest" time="0.014"/>
  <testcase name="test06" classname="org.apache.logging.log4j.spi.DefaultThreadContextStack_ESTest" time="0.014"/>
  <testcase name="test09" classname="org.apache.logging.log4j.spi.DefaultThreadContextStack_ESTest" time="0.013"/>
  <testcase name="test08" classname="org.apache.logging.log4j.spi.DefaultThreadContextStack_ESTest" time="0.017"/>
  <testcase name="test43" classname="org.apache.logging.log4j.spi.DefaultThreadContextStack_ESTest" time="0.013"/>
  <testcase name="test42" classname="org.apache.logging.log4j.spi.DefaultThreadContextStack_ESTest" time="0.01"/>
  <testcase name="test01" classname="org.apache.logging.log4j.spi.DefaultThreadContextStack_ESTest" time="0.013"/>
  <testcase name="test45" classname="org.apache.logging.log4j.spi.DefaultThreadContextStack_ESTest" time="0.03"/>
  <testcase name="test00" classname="org.apache.logging.log4j.spi.DefaultThreadContextStack_ESTest" time="0.008"/>
  <testcase name="test44" classname="org.apache.logging.log4j.spi.DefaultThreadContextStack_ESTest" time="0.006"/>
  <testcase name="test03" classname="org.apache.logging.log4j.spi.DefaultThreadContextStack_ESTest" time="0.008"/>
  <testcase name="test47" classname="org.apache.logging.log4j.spi.DefaultThreadContextStack_ESTest" time="0.009"/>
  <testcase name="test02" classname="org.apache.logging.log4j.spi.DefaultThreadContextStack_ESTest" time="0.008"/>
  <testcase name="test46" classname="org.apache.logging.log4j.spi.DefaultThreadContextStack_ESTest" time="0.009"/>
  <testcase name="test05" classname="org.apache.logging.log4j.spi.DefaultThreadContextStack_ESTest" time="0.008"/>
  <testcase name="test49" classname="org.apache.logging.log4j.spi.DefaultThreadContextStack_ESTest" time="0.01"/>
  <testcase name="test04" classname="org.apache.logging.log4j.spi.DefaultThreadContextStack_ESTest" time="0.009"/>
  <testcase name="test48" classname="org.apache.logging.log4j.spi.DefaultThreadContextStack_ESTest" time="0.008"/>
  <testcase name="test30" classname="org.apache.logging.log4j.spi.DefaultThreadContextStack_ESTest" time="0.005"/>
  <testcase name="test39" classname="org.apache.logging.log4j.spi.DefaultThreadContextStack_ESTest" time="0.007"/>
  <testcase name="test32" classname="org.apache.logging.log4j.spi.DefaultThreadContextStack_ESTest" time="0.008"/>
  <testcase name="test31" classname="org.apache.logging.log4j.spi.DefaultThreadContextStack_ESTest" time="0.006"/>
  <testcase name="test34" classname="org.apache.logging.log4j.spi.DefaultThreadContextStack_ESTest" time="0.006"/>
  <testcase name="test33" classname="org.apache.logging.log4j.spi.DefaultThreadContextStack_ESTest" time="0.011"/>
  <testcase name="test36" classname="org.apache.logging.log4j.spi.DefaultThreadContextStack_ESTest" time="0.01"/>
  <testcase name="test35" classname="org.apache.logging.log4j.spi.DefaultThreadContextStack_ESTest" time="0.007"/>
  <testcase name="test38" classname="org.apache.logging.log4j.spi.DefaultThreadContextStack_ESTest" time="0.006"/>
  <testcase name="test37" classname="org.apache.logging.log4j.spi.DefaultThreadContextStack_ESTest" time="0.003"/>
  <testcase name="test29" classname="org.apache.logging.log4j.spi.DefaultThreadContextStack_ESTest" time="0.005"/>
  <testcase name="test28" classname="org.apache.logging.log4j.spi.DefaultThreadContextStack_ESTest" time="0.005"/>
  <testcase name="test21" classname="org.apache.logging.log4j.spi.DefaultThreadContextStack_ESTest" time="0.004"/>
  <testcase name="test20" classname="org.apache.logging.log4j.spi.DefaultThreadContextStack_ESTest" time="0.021">
    <failure message="Exception was not thrown in org.apache.logging.log4j.spi.MutableThreadContextStack but in org.apache.logging.log4j.spi.DefaultThreadContextStack.formatTo(DefaultThreadContextStack.java:289): java.lang.NullPointerException" type="java.lang.AssertionError"><![CDATA[java.lang.AssertionError: Exception was not thrown in org.apache.logging.log4j.spi.MutableThreadContextStack but in org.apache.logging.log4j.spi.DefaultThreadContextStack.formatTo(DefaultThreadContextStack.java:289): java.lang.NullPointerException
	at org.evosuite.runtime.EvoAssertions.assertThrownBy(EvoAssertions.java:111)
	at org.evosuite.runtime.EvoAssertions.verifyException(EvoAssertions.java:48)
	at org.apache.logging.log4j.spi.DefaultThreadContextStack_ESTest.test20(DefaultThreadContextStack_ESTest.java:253)
	at sun.reflect.NativeMethodAccessorImpl.invoke0(Native Method)
	at sun.reflect.NativeMethodAccessorImpl.invoke(NativeMethodAccessorImpl.java:62)
	at sun.reflect.DelegatingMethodAccessorImpl.invoke(DelegatingMethodAccessorImpl.java:43)
	at java.lang.reflect.Method.invoke(Method.java:498)
	at org.junit.runners.model.FrameworkMethod$1.runReflectiveCall(FrameworkMethod.java:59)
	at org.junit.internal.runners.model.ReflectiveCallable.run(ReflectiveCallable.java:12)
	at org.junit.runners.model.FrameworkMethod.invokeExplosively(FrameworkMethod.java:56)
	at org.junit.internal.runners.statements.InvokeMethod.evaluate(InvokeMethod.java:17)
	at org.junit.internal.runners.statements.FailOnTimeout$CallableStatement.call(FailOnTimeout.java:299)
	at org.junit.internal.runners.statements.FailOnTimeout$CallableStatement.call(FailOnTimeout.java:293)
	at java.util.concurrent.FutureTask.run(FutureTask.java:266)
	at java.lang.Thread.run(Thread.java:750)
]]></failure>
  </testcase>
  <testcase name="test23" classname="org.apache.logging.log4j.spi.DefaultThreadContextStack_ESTest" time="0.004"/>
  <testcase name="test22" classname="org.apache.logging.log4j.spi.DefaultThreadContextStack_ESTest" time="0.005"/>
  <testcase name="test25" classname="org.apache.logging.log4j.spi.DefaultThreadContextStack_ESTest" time="0.006"/>
  <testcase name="test24" classname="org.apache.logging.log4j.spi.DefaultThreadContextStack_ESTest" time="0.004"/>
  <testcase name="test27" classname="org.apache.logging.log4j.spi.DefaultThreadContextStack_ESTest" time="0.006"/>
  <testcase name="test26" classname="org.apache.logging.log4j.spi.DefaultThreadContextStack_ESTest" time="0.005"/>
</testsuite>