<?xml version="1.0" encoding="UTF-8"?>
<testsuite xmlns:xsi="http://www.w3.org/2001/XMLSchema-instance" xsi:noNamespaceSchemaLocation="https://maven.apache.org/surefire/maven-surefire-plugin/xsd/surefire-test-report-3.0.xsd" version="3.0" name="org.glassfish.jersey.grizzly2.httpserver.internal.LocalizationMessages_ESTest" time="0.112" tests="1" errors="1" skipped="0" failures="0">
  <properties>
    <property name="java.specification.version" value="17"/>
    <property name="sun.jnu.encoding" value="UTF-8"/>
    <property name="java.class.path" value="/home/wtwhite/code/regression-test-generation/find-diff-classes/compile/mvnc/org/glassfish/jersey/containers/jersey-container-grizzly2-http/3.0.12/target/test-classes:/home/wtwhite/code/regression-test-generation/find-diff-classes/compile/mvnc/org/glassfish/jersey/containers/jersey-container-grizzly2-http/3.0.12/target/classes:/home/wtwhite/code/craw-redhat-oss/wget/crawl/repo1.maven.org/maven2/org/glassfish/jersey/containers/jersey-container-grizzly2-http/3.0.12/jersey-container-grizzly2-http-3.0.12.jar:/home/wtwhite/code/regression-test-generation/find-diff-classes/compile/mvnc/org/glassfish/jersey/containers/jersey-container-grizzly2-http/3.0.12/t/dependency/aopalliance-repackaged-3.0.3.jar:/home/wtwhite/code/regression-test-generation/find-diff-classes/compile/mvnc/org/glassfish/jersey/containers/jersey-container-grizzly2-http/3.0.12/t/dependency/apiguardian-api-1.1.2.jar:/home/wtwhite/code/regression-test-generation/find-diff-classes/compile/mvnc/org/glassfish/jersey/containers/jersey-container-grizzly2-http/3.0.12/t/dependency/bcmail-jdk15on-1.70.jar:/home/wtwhite/code/regression-test-generation/find-diff-classes/compile/mvnc/org/glassfish/jersey/containers/jersey-container-grizzly2-http/3.0.12/t/dependency/bcpkix-jdk15on-1.70.jar:/home/wtwhite/code/regression-test-generation/find-diff-classes/compile/mvnc/org/glassfish/jersey/containers/jersey-container-grizzly2-http/3.0.12/t/dependency/bcprov-jdk15on-1.70.jar:/home/wtwhite/code/regression-test-generation/find-diff-classes/compile/mvnc/org/glassfish/jersey/containers/jersey-container-grizzly2-http/3.0.12/t/dependency/bcutil-jdk15on-1.70.jar:/home/wtwhite/code/regression-test-generation/find-diff-classes/compile/mvnc/org/glassfish/jersey/containers/jersey-container-grizzly2-http/3.0.12/t/dependency/grizzly-framework-3.0.1.jar:/home/wtwhite/code/regression-test-generation/find-diff-classes/compile/mvnc/org/glassfish/jersey/containers/jersey-container-grizzly2-http/3.0.12/t/dependency/grizzly-http-3.0.1.jar:/home/wtwhite/code/regression-test-generation/find-diff-classes/compile/mvnc/org/glassfish/jersey/containers/jersey-container-grizzly2-http/3.0.12/t/dependency/grizzly-http-server-3.0.1.jar:/home/wtwhite/code/regression-test-generation/find-diff-classes/compile/mvnc/org/glassfish/jersey/containers/jersey-container-grizzly2-http/3.0.12/t/dependency/grizzly-http2-3.0.1.jar:/home/wtwhite/code/regression-test-generation/find-diff-classes/compile/mvnc/org/glassfish/jersey/containers/jersey-container-grizzly2-http/3.0.12/t/dependency/grizzly-npn-api-2.0.0.jar:/home/wtwhite/code/regression-test-generation/find-diff-classes/compile/mvnc/org/glassfish/jersey/containers/jersey-container-grizzly2-http/3.0.12/t/dependency/hk2-api-3.0.3.jar:/home/wtwhite/code/regression-test-generation/find-diff-classes/compile/mvnc/org/glassfish/jersey/containers/jersey-container-grizzly2-http/3.0.12/t/dependency/hk2-locator-3.0.3.jar:/home/wtwhite/code/regression-test-generation/find-diff-classes/compile/mvnc/org/glassfish/jersey/containers/jersey-container-grizzly2-http/3.0.12/t/dependency/hk2-utils-3.0.3.jar:/home/wtwhite/code/regression-test-generation/find-diff-classes/compile/mvnc/org/glassfish/jersey/containers/jersey-container-grizzly2-http/3.0.12/t/dependency/http2-client-11.0.18.jar:/home/wtwhite/code/regression-test-generation/find-diff-classes/compile/mvnc/org/glassfish/jersey/containers/jersey-container-grizzly2-http/3.0.12/t/dependency/http2-common-11.0.18.jar:/home/wtwhite/code/regression-test-generation/find-diff-classes/compile/mvnc/org/glassfish/jersey/containers/jersey-container-grizzly2-http/3.0.12/t/dependency/http2-hpack-11.0.18.jar:/home/wtwhite/code/regression-test-generation/find-diff-classes/compile/mvnc/org/glassfish/jersey/containers/jersey-container-grizzly2-http/3.0.12/t/dependency/http2-http-client-transport-11.0.18.jar:/home/wtwhite/code/regression-test-generation/find-diff-classes/compile/mvnc/org/glassfish/jersey/containers/jersey-container-grizzly2-http/3.0.12/t/dependency/jakarta.annotation-api-2.0.0.jar:/home/wtwhite/code/regression-test-generation/find-diff-classes/compile/mvnc/org/glassfish/jersey/containers/jersey-container-grizzly2-http/3.0.12/t/dependency/jakarta.inject-api-2.0.1.jar:/home/wtwhite/code/regression-test-generation/find-diff-classes/compile/mvnc/org/glassfish/jersey/containers/jersey-container-grizzly2-http/3.0.12/t/dependency/jakarta.validation-api-3.0.2.jar:/home/wtwhite/code/regression-test-generation/find-diff-classes/compile/mvnc/org/glassfish/jersey/containers/jersey-container-grizzly2-http/3.0.12/t/dependency/jakarta.ws.rs-api-3.0.0.jar:/home/wtwhite/code/regression-test-generation/find-diff-classes/compile/mvnc/org/glassfish/jersey/containers/jersey-container-grizzly2-http/3.0.12/t/dependency/javassist-3.29.2-GA.jar:/home/wtwhite/code/regression-test-generation/find-diff-classes/compile/mvnc/org/glassfish/jersey/containers/jersey-container-grizzly2-http/3.0.12/t/dependency/jersey-client-3.0.12.jar:/home/wtwhite/code/regression-test-generation/find-diff-classes/compile/mvnc/org/glassfish/jersey/containers/jersey-container-grizzly2-http/3.0.12/t/dependency/jersey-common-3.0.12.jar:/home/wtwhite/code/regression-test-generation/find-diff-classes/compile/mvnc/org/glassfish/jersey/containers/jersey-container-grizzly2-http/3.0.12/t/dependency/jersey-hk2-3.0.12.jar:/home/wtwhite/code/regression-test-generation/find-diff-classes/compile/mvnc/org/glassfish/jersey/containers/jersey-container-grizzly2-http/3.0.12/t/dependency/jersey-server-3.0.12.jar:/home/wtwhite/code/regression-test-generation/find-diff-classes/compile/mvnc/org/glassfish/jersey/containers/jersey-container-grizzly2-http/3.0.12/t/dependency/jetty-alpn-client-11.0.18.jar:/home/wtwhite/code/regression-test-generation/find-diff-classes/compile/mvnc/org/glassfish/jersey/containers/jersey-container-grizzly2-http/3.0.12/t/dependency/jetty-alpn-java-client-11.0.18.jar:/home/wtwhite/code/regression-test-generation/find-diff-classes/compile/mvnc/org/glassfish/jersey/containers/jersey-container-grizzly2-http/3.0.12/t/dependency/jetty-client-11.0.18.jar:/home/wtwhite/code/regression-test-generation/find-diff-classes/compile/mvnc/org/glassfish/jersey/containers/jersey-container-grizzly2-http/3.0.12/t/dependency/jetty-http-11.0.18.jar:/home/wtwhite/code/regression-test-generation/find-diff-classes/compile/mvnc/org/glassfish/jersey/containers/jersey-container-grizzly2-http/3.0.12/t/dependency/jetty-io-11.0.18.jar:/home/wtwhite/code/regression-test-generation/find-diff-classes/compile/mvnc/org/glassfish/jersey/containers/jersey-container-grizzly2-http/3.0.12/t/dependency/jetty-util-11.0.18.jar:/home/wtwhite/code/regression-test-generation/find-diff-classes/compile/mvnc/org/glassfish/jersey/containers/jersey-container-grizzly2-http/3.0.12/t/dependency/junit-jupiter-5.10.0.jar:/home/wtwhite/code/regression-test-generation/find-diff-classes/compile/mvnc/org/glassfish/jersey/containers/jersey-container-grizzly2-http/3.0.12/t/dependency/junit-jupiter-api-5.10.0.jar:/home/wtwhite/code/regression-test-generation/find-diff-classes/compile/mvnc/org/glassfish/jersey/containers/jersey-container-grizzly2-http/3.0.12/t/dependency/junit-jupiter-engine-5.10.0.jar:/home/wtwhite/code/regression-test-generation/find-diff-classes/compile/mvnc/org/glassfish/jersey/containers/jersey-container-grizzly2-http/3.0.12/t/dependency/junit-jupiter-params-5.10.0.jar:/home/wtwhite/code/regression-test-generation/find-diff-classes/compile/mvnc/org/glassfish/jersey/containers/jersey-container-grizzly2-http/3.0.12/t/dependency/junit-platform-commons-1.10.0.jar:/home/wtwhite/code/regression-test-generation/find-diff-classes/compile/mvnc/org/glassfish/jersey/containers/jersey-container-grizzly2-http/3.0.12/t/dependency/junit-platform-engine-1.10.0.jar:/home/wtwhite/code/regression-test-generation/find-diff-classes/compile/mvnc/org/glassfish/jersey/containers/jersey-container-grizzly2-http/3.0.12/t/dependency/opentest4j-1.3.0.jar:/home/wtwhite/code/regression-test-generation/find-diff-classes/compile/mvnc/org/glassfish/jersey/containers/jersey-container-grizzly2-http/3.0.12/t/dependency/osgi-resource-locator-1.0.3.jar:/home/wtwhite/code/regression-test-generation/find-diff-classes/compile/mvnc/org/glassfish/jersey/containers/jersey-container-grizzly2-http/3.0.12/t/dependency/slf4j-api-2.0.5.jar:/home/wtwhite/code/regression-test-generation/evosuite/evosuite-standalone-runtime-1.2.0.jar:/home/wtwhite/.m2/repository/junit/junit/4.13.2/junit-4.13.2.jar:/home/wtwhite/.m2/repository/org/hamcrest/hamcrest-core/1.3/hamcrest-core-1.3.jar:"/>
    <property name="java.vm.vendor" value="Private Build"/>
    <property name="sun.arch.data.model" value="64"/>
    <property name="java.vendor.url" value="Unknown"/>
    <property name="os.name" value="Linux"/>
    <property name="java.vm.specification.version" value="17"/>
    <property name="RUNDIR" value="/home/wtwhite/code/regression-test-generation/find-diff-classes/run-mvn"/>
    <property name="sun.java.launcher" value="SUN_STANDARD"/>
    <property name="user.country" value="NZ"/>
    <property name="sun.boot.library.path" value="/usr/lib/jvm/java-17-openjdk-amd64/lib"/>
    <property name="sun.java.command" value="/home/wtwhite/code/regression-test-generation/find-diff-classes/compile/mvnc/org/glassfish/jersey/containers/jersey-container-grizzly2-http/3.0.12/target/surefire/surefirebooter-20241121184244040_3.jar /home/wtwhite/code/regression-test-generation/find-diff-classes/compile/mvnc/org/glassfish/jersey/containers/jersey-container-grizzly2-http/3.0.12/target/surefire 2024-11-21T18-42-43_959-jvmRun1 surefire-20241121184244040_1tmp surefire_0-20241121184244040_2tmp"/>
    <property name="jdk.debug" value="release"/>
    <property name="surefire.test.class.path" value="/home/wtwhite/code/regression-test-generation/find-diff-classes/compile/mvnc/org/glassfish/jersey/containers/jersey-container-grizzly2-http/3.0.12/target/test-classes:/home/wtwhite/code/regression-test-generation/find-diff-classes/compile/mvnc/org/glassfish/jersey/containers/jersey-container-grizzly2-http/3.0.12/target/classes:/home/wtwhite/code/craw-redhat-oss/wget/crawl/repo1.maven.org/maven2/org/glassfish/jersey/containers/jersey-container-grizzly2-http/3.0.12/jersey-container-grizzly2-http-3.0.12.jar:/home/wtwhite/code/regression-test-generation/find-diff-classes/compile/mvnc/org/glassfish/jersey/containers/jersey-container-grizzly2-http/3.0.12/t/dependency/aopalliance-repackaged-3.0.3.jar:/home/wtwhite/code/regression-test-generation/find-diff-classes/compile/mvnc/org/glassfish/jersey/containers/jersey-container-grizzly2-http/3.0.12/t/dependency/apiguardian-api-1.1.2.jar:/home/wtwhite/code/regression-test-generation/find-diff-classes/compile/mvnc/org/glassfish/jersey/containers/jersey-container-grizzly2-http/3.0.12/t/dependency/bcmail-jdk15on-1.70.jar:/home/wtwhite/code/regression-test-generation/find-diff-classes/compile/mvnc/org/glassfish/jersey/containers/jersey-container-grizzly2-http/3.0.12/t/dependency/bcpkix-jdk15on-1.70.jar:/home/wtwhite/code/regression-test-generation/find-diff-classes/compile/mvnc/org/glassfish/jersey/containers/jersey-container-grizzly2-http/3.0.12/t/dependency/bcprov-jdk15on-1.70.jar:/home/wtwhite/code/regression-test-generation/find-diff-classes/compile/mvnc/org/glassfish/jersey/containers/jersey-container-grizzly2-http/3.0.12/t/dependency/bcutil-jdk15on-1.70.jar:/home/wtwhite/code/regression-test-generation/find-diff-classes/compile/mvnc/org/glassfish/jersey/containers/jersey-container-grizzly2-http/3.0.12/t/dependency/grizzly-framework-3.0.1.jar:/home/wtwhite/code/regression-test-generation/find-diff-classes/compile/mvnc/org/glassfish/jersey/containers/jersey-container-grizzly2-http/3.0.12/t/dependency/grizzly-http-3.0.1.jar:/home/wtwhite/code/regression-test-generation/find-diff-classes/compile/mvnc/org/glassfish/jersey/containers/jersey-container-grizzly2-http/3.0.12/t/dependency/grizzly-http-server-3.0.1.jar:/home/wtwhite/code/regression-test-generation/find-diff-classes/compile/mvnc/org/glassfish/jersey/containers/jersey-container-grizzly2-http/3.0.12/t/dependency/grizzly-http2-3.0.1.jar:/home/wtwhite/code/regression-test-generation/find-diff-classes/compile/mvnc/org/glassfish/jersey/containers/jersey-container-grizzly2-http/3.0.12/t/dependency/grizzly-npn-api-2.0.0.jar:/home/wtwhite/code/regression-test-generation/find-diff-classes/compile/mvnc/org/glassfish/jersey/containers/jersey-container-grizzly2-http/3.0.12/t/dependency/hk2-api-3.0.3.jar:/home/wtwhite/code/regression-test-generation/find-diff-classes/compile/mvnc/org/glassfish/jersey/containers/jersey-container-grizzly2-http/3.0.12/t/dependency/hk2-locator-3.0.3.jar:/home/wtwhite/code/regression-test-generation/find-diff-classes/compile/mvnc/org/glassfish/jersey/containers/jersey-container-grizzly2-http/3.0.12/t/dependency/hk2-utils-3.0.3.jar:/home/wtwhite/code/regression-test-generation/find-diff-classes/compile/mvnc/org/glassfish/jersey/containers/jersey-container-grizzly2-http/3.0.12/t/dependency/http2-client-11.0.18.jar:/home/wtwhite/code/regression-test-generation/find-diff-classes/compile/mvnc/org/glassfish/jersey/containers/jersey-container-grizzly2-http/3.0.12/t/dependency/http2-common-11.0.18.jar:/home/wtwhite/code/regression-test-generation/find-diff-classes/compile/mvnc/org/glassfish/jersey/containers/jersey-container-grizzly2-http/3.0.12/t/dependency/http2-hpack-11.0.18.jar:/home/wtwhite/code/regression-test-generation/find-diff-classes/compile/mvnc/org/glassfish/jersey/containers/jersey-container-grizzly2-http/3.0.12/t/dependency/http2-http-client-transport-11.0.18.jar:/home/wtwhite/code/regression-test-generation/find-diff-classes/compile/mvnc/org/glassfish/jersey/containers/jersey-container-grizzly2-http/3.0.12/t/dependency/jakarta.annotation-api-2.0.0.jar:/home/wtwhite/code/regression-test-generation/find-diff-classes/compile/mvnc/org/glassfish/jersey/containers/jersey-container-grizzly2-http/3.0.12/t/dependency/jakarta.inject-api-2.0.1.jar:/home/wtwhite/code/regression-test-generation/find-diff-classes/compile/mvnc/org/glassfish/jersey/containers/jersey-container-grizzly2-http/3.0.12/t/dependency/jakarta.validation-api-3.0.2.jar:/home/wtwhite/code/regression-test-generation/find-diff-classes/compile/mvnc/org/glassfish/jersey/containers/jersey-container-grizzly2-http/3.0.12/t/dependency/jakarta.ws.rs-api-3.0.0.jar:/home/wtwhite/code/regression-test-generation/find-diff-classes/compile/mvnc/org/glassfish/jersey/containers/jersey-container-grizzly2-http/3.0.12/t/dependency/javassist-3.29.2-GA.jar:/home/wtwhite/code/regression-test-generation/find-diff-classes/compile/mvnc/org/glassfish/jersey/containers/jersey-container-grizzly2-http/3.0.12/t/dependency/jersey-client-3.0.12.jar:/home/wtwhite/code/regression-test-generation/find-diff-classes/compile/mvnc/org/glassfish/jersey/containers/jersey-container-grizzly2-http/3.0.12/t/dependency/jersey-common-3.0.12.jar:/home/wtwhite/code/regression-test-generation/find-diff-classes/compile/mvnc/org/glassfish/jersey/containers/jersey-container-grizzly2-http/3.0.12/t/dependency/jersey-hk2-3.0.12.jar:/home/wtwhite/code/regression-test-generation/find-diff-classes/compile/mvnc/org/glassfish/jersey/containers/jersey-container-grizzly2-http/3.0.12/t/dependency/jersey-server-3.0.12.jar:/home/wtwhite/code/regression-test-generation/find-diff-classes/compile/mvnc/org/glassfish/jersey/containers/jersey-container-grizzly2-http/3.0.12/t/dependency/jetty-alpn-client-11.0.18.jar:/home/wtwhite/code/regression-test-generation/find-diff-classes/compile/mvnc/org/glassfish/jersey/containers/jersey-container-grizzly2-http/3.0.12/t/dependency/jetty-alpn-java-client-11.0.18.jar:/home/wtwhite/code/regression-test-generation/find-diff-classes/compile/mvnc/org/glassfish/jersey/containers/jersey-container-grizzly2-http/3.0.12/t/dependency/jetty-client-11.0.18.jar:/home/wtwhite/code/regression-test-generation/find-diff-classes/compile/mvnc/org/glassfish/jersey/containers/jersey-container-grizzly2-http/3.0.12/t/dependency/jetty-http-11.0.18.jar:/home/wtwhite/code/regression-test-generation/find-diff-classes/compile/mvnc/org/glassfish/jersey/containers/jersey-container-grizzly2-http/3.0.12/t/dependency/jetty-io-11.0.18.jar:/home/wtwhite/code/regression-test-generation/find-diff-classes/compile/mvnc/org/glassfish/jersey/containers/jersey-container-grizzly2-http/3.0.12/t/dependency/jetty-util-11.0.18.jar:/home/wtwhite/code/regression-test-generation/find-diff-classes/compile/mvnc/org/glassfish/jersey/containers/jersey-container-grizzly2-http/3.0.12/t/dependency/junit-jupiter-5.10.0.jar:/home/wtwhite/code/regression-test-generation/find-diff-classes/compile/mvnc/org/glassfish/jersey/containers/jersey-container-grizzly2-http/3.0.12/t/dependency/junit-jupiter-api-5.10.0.jar:/home/wtwhite/code/regression-test-generation/find-diff-classes/compile/mvnc/org/glassfish/jersey/containers/jersey-container-grizzly2-http/3.0.12/t/dependency/junit-jupiter-engine-5.10.0.jar:/home/wtwhite/code/regression-test-generation/find-diff-classes/compile/mvnc/org/glassfish/jersey/containers/jersey-container-grizzly2-http/3.0.12/t/dependency/junit-jupiter-params-5.10.0.jar:/home/wtwhite/code/regression-test-generation/find-diff-classes/compile/mvnc/org/glassfish/jersey/containers/jersey-container-grizzly2-http/3.0.12/t/dependency/junit-platform-commons-1.10.0.jar:/home/wtwhite/code/regression-test-generation/find-diff-classes/compile/mvnc/org/glassfish/jersey/containers/jersey-container-grizzly2-http/3.0.12/t/dependency/junit-platform-engine-1.10.0.jar:/home/wtwhite/code/regression-test-generation/find-diff-classes/compile/mvnc/org/glassfish/jersey/containers/jersey-container-grizzly2-http/3.0.12/t/dependency/opentest4j-1.3.0.jar:/home/wtwhite/code/regression-test-generation/find-diff-classes/compile/mvnc/org/glassfish/jersey/containers/jersey-container-grizzly2-http/3.0.12/t/dependency/osgi-resource-locator-1.0.3.jar:/home/wtwhite/code/regression-test-generation/find-diff-classes/compile/mvnc/org/glassfish/jersey/containers/jersey-container-grizzly2-http/3.0.12/t/dependency/slf4j-api-2.0.5.jar:/home/wtwhite/code/regression-test-generation/evosuite/evosuite-standalone-runtime-1.2.0.jar:/home/wtwhite/.m2/repository/junit/junit/4.13.2/junit-4.13.2.jar:/home/wtwhite/.m2/repository/org/hamcrest/hamcrest-core/1.3/hamcrest-core-1.3.jar:"/>
    <property name="sun.cpu.endian" value="little"/>
    <property name="user.home" value="/home/wtwhite"/>
    <property name="user.language" value="en"/>
    <property name="java.specification.vendor" value="Oracle Corporation"/>
    <property name="java.version.date" value="2023-08-24"/>
    <property name="java.home" value="/usr/lib/jvm/java-17-openjdk-amd64"/>
    <property name="file.separator" value="/"/>
    <property name="basedir" value="/home/wtwhite/code/regression-test-generation/find-diff-classes/compile/mvnc/org/glassfish/jersey/containers/jersey-container-grizzly2-http/3.0.12"/>
    <property name="java.vm.compressedOopsMode" value="Zero based"/>
    <property name="line.separator" value="&#10;"/>
    <property name="java.vm.specification.vendor" value="Oracle Corporation"/>
    <property name="java.specification.name" value="Java Platform API Specification"/>
    <property name="surefire.real.class.path" value="/home/wtwhite/code/regression-test-generation/find-diff-classes/compile/mvnc/org/glassfish/jersey/containers/jersey-container-grizzly2-http/3.0.12/target/surefire/surefirebooter-20241121184244040_3.jar"/>
    <property name="sun.management.compiler" value="HotSpot 64-Bit Tiered Compilers"/>
    <property name="java.runtime.version" value="17.0.8.1+1-Ubuntu-0ubuntu122.04"/>
    <property name="user.name" value="wtwhite"/>
    <property name="path.separator" value=":"/>
    <property name="os.version" value="5.15.0-87-generic"/>
    <property name="java.runtime.name" value="OpenJDK Runtime Environment"/>
    <property name="file.encoding" value="UTF-8"/>
    <property name="java.vm.name" value="OpenJDK 64-Bit Server VM"/>
    <property name="localRepository" value="/home/wtwhite/.m2/repository"/>
    <property name="java.vendor.url.bug" value="Unknown"/>
    <property name="java.io.tmpdir" value="/tmp"/>
    <property name="java.version" value="17.0.8.1"/>
    <property name="user.dir" value="/home/wtwhite/code/regression-test-generation/find-diff-classes/compile/mvnc/org/glassfish/jersey/containers/jersey-container-grizzly2-http/3.0.12"/>
    <property name="os.arch" value="amd64"/>
    <property name="java.vm.specification.name" value="Java Virtual Machine Specification"/>
    <property name="native.encoding" value="UTF-8"/>
    <property name="java.library.path" value="/usr/java/packages/lib:/usr/lib/x86_64-linux-gnu/jni:/lib/x86_64-linux-gnu:/usr/lib/x86_64-linux-gnu:/usr/lib/jni:/lib:/usr/lib"/>
    <property name="java.vm.info" value="mixed mode, sharing"/>
    <property name="java.vendor" value="Private Build"/>
    <property name="java.vm.version" value="17.0.8.1+1-Ubuntu-0ubuntu122.04"/>
    <property name="sun.io.unicode.encoding" value="UnicodeLittle"/>
    <property name="java.class.version" value="61.0"/>
  </properties>
  <testcase name="" classname="org.glassfish.jersey.grizzly2.httpserver.internal.LocalizationMessages_ESTest" time="0.108">
    <error type="java.lang.ExceptionInInitializerError"><![CDATA[java.lang.ExceptionInInitializerError
	at org.glassfish.jersey.grizzly2.httpserver.internal.LocalizationMessages_ESTest_scaffolding.initEvoSuiteFramework(LocalizationMessages_ESTest_scaffolding.java:31)
	at java.base/jdk.internal.reflect.NativeMethodAccessorImpl.invoke0(Native Method)
	at java.base/jdk.internal.reflect.NativeMethodAccessorImpl.invoke(NativeMethodAccessorImpl.java:77)
	at java.base/jdk.internal.reflect.DelegatingMethodAccessorImpl.invoke(DelegatingMethodAccessorImpl.java:43)
	at java.base/java.lang.reflect.Method.invoke(Method.java:568)
	at org.junit.runners.model.FrameworkMethod$1.runReflectiveCall(FrameworkMethod.java:59)
	at org.junit.internal.runners.model.ReflectiveCallable.run(ReflectiveCallable.java:12)
	at org.junit.runners.model.FrameworkMethod.invokeExplosively(FrameworkMethod.java:56)
	at org.junit.internal.runners.statements.RunBefores.invokeMethod(RunBefores.java:33)
	at org.junit.internal.runners.statements.RunBefores.evaluate(RunBefores.java:24)
	at org.junit.internal.runners.statements.RunAfters.evaluate(RunAfters.java:27)
	at org.junit.runners.ParentRunner$3.evaluate(ParentRunner.java:306)
	at org.junit.runners.ParentRunner.run(ParentRunner.java:413)
	at org.apache.maven.surefire.junit4.JUnit4Provider.execute(JUnit4Provider.java:316)
	at org.apache.maven.surefire.junit4.JUnit4Provider.executeWithRerun(JUnit4Provider.java:240)
	at org.apache.maven.surefire.junit4.JUnit4Provider.executeTestSet(JUnit4Provider.java:214)
	at org.apache.maven.surefire.junit4.JUnit4Provider.invoke(JUnit4Provider.java:155)
	at org.apache.maven.surefire.booter.ForkedBooter.runSuitesInProcess(ForkedBooter.java:385)
	at org.apache.maven.surefire.booter.ForkedBooter.execute(ForkedBooter.java:162)
	at org.apache.maven.surefire.booter.ForkedBooter.run(ForkedBooter.java:507)
	at org.apache.maven.surefire.booter.ForkedBooter.main(ForkedBooter.java:495)
Caused by: java.lang.reflect.InaccessibleObjectException: Unable to make field private static java.lang.Boolean java.awt.GraphicsEnvironment.headless accessible: module java.desktop does not "opens java.awt" to unnamed module @2ba867a6
	at java.base/java.lang.reflect.AccessibleObject.checkCanSetAccessible(AccessibleObject.java:354)
	at java.base/java.lang.reflect.AccessibleObject.checkCanSetAccessible(AccessibleObject.java:297)
	at java.base/java.lang.reflect.Field.checkCanSetAccessible(Field.java:178)
	at java.base/java.lang.reflect.Field.setAccessible(Field.java:172)
	at org.evosuite.runtime.GuiSupport.<clinit>(GuiSupport.java:50)
	... 21 more
]]></error>
    <system-err><![CDATA[SLF4J: No SLF4J providers were found.
SLF4J: Defaulting to no-operation (NOP) logger implementation
SLF4J: See https://www.slf4j.org/codes.html#noProviders for further details.
]]></system-err>
  </testcase>
</testsuite>