<?xml version="1.0" encoding="UTF-8"?>
<testsuite xmlns:xsi="http://www.w3.org/2001/XMLSchema-instance" xsi:noNamespaceSchemaLocation="https://maven.apache.org/surefire/maven-surefire-plugin/xsd/surefire-test-report-3.0.xsd" version="3.0" name="org.flywaydb.core.api.configuration.ClassicConfiguration_ESTest" time="39.993" tests="282" errors="0" skipped="0" failures="0">
  <properties>
    <property name="awt.toolkit" value="sun.awt.X11.XToolkit"/>
    <property name="file.encoding.pkg" value="sun.io"/>
    <property name="java.specification.version" value="1.8"/>
    <property name="sun.cpu.isalist" value=""/>
    <property name="sun.jnu.encoding" value="UTF-8"/>
    <property name="java.class.path" value="/home/wtwhite/code/regression-test-generation/find-diff-classes/compile/mvnc/org/flywaydb/flyway-core/9.20.1/target/test-classes:/home/wtwhite/code/regression-test-generation/find-diff-classes/compile/mvnc/org/flywaydb/flyway-core/9.20.1/target/classes:/home/wtwhite/code/craw-redhat-oss/wget/crawl/repo1.maven.org/maven2/org/flywaydb/flyway-core/9.20.1/flyway-core-9.20.1.jar:/home/wtwhite/code/regression-test-generation/find-diff-classes/compile/mvnc/org/flywaydb/flyway-core/9.20.1/t/dependency/animal-sniffer-annotations-1.23.jar:/home/wtwhite/code/regression-test-generation/find-diff-classes/compile/mvnc/org/flywaydb/flyway-core/9.20.1/t/dependency/annotations-2.20.94.jar:/home/wtwhite/code/regression-test-generation/find-diff-classes/compile/mvnc/org/flywaydb/flyway-core/9.20.1/t/dependency/annotations-4.1.1.4.jar:/home/wtwhite/code/regression-test-generation/find-diff-classes/compile/mvnc/org/flywaydb/flyway-core/9.20.1/t/dependency/apache-client-2.20.94.jar:/home/wtwhite/code/regression-test-generation/find-diff-classes/compile/mvnc/org/flywaydb/flyway-core/9.20.1/t/dependency/api-common-2.13.0.jar:/home/wtwhite/code/regression-test-generation/find-diff-classes/compile/mvnc/org/flywaydb/flyway-core/9.20.1/t/dependency/arns-2.20.94.jar:/home/wtwhite/code/regression-test-generation/find-diff-classes/compile/mvnc/org/flywaydb/flyway-core/9.20.1/t/dependency/auth-2.20.94.jar:/home/wtwhite/code/regression-test-generation/find-diff-classes/compile/mvnc/org/flywaydb/flyway-core/9.20.1/t/dependency/auto-value-annotations-1.10.1.jar:/home/wtwhite/code/regression-test-generation/find-diff-classes/compile/mvnc/org/flywaydb/flyway-core/9.20.1/t/dependency/aws-core-2.20.94.jar:/home/wtwhite/code/regression-test-generation/find-diff-classes/compile/mvnc/org/flywaydb/flyway-core/9.20.1/t/dependency/aws-java-sdk-core-1.12.252.jar:/home/wtwhite/code/regression-test-generation/find-diff-classes/compile/mvnc/org/flywaydb/flyway-core/9.20.1/t/dependency/aws-java-sdk-secretsmanager-1.12.252.jar:/home/wtwhite/code/regression-test-generation/find-diff-classes/compile/mvnc/org/flywaydb/flyway-core/9.20.1/t/dependency/aws-query-protocol-2.20.94.jar:/home/wtwhite/code/regression-test-generation/find-diff-classes/compile/mvnc/org/flywaydb/flyway-core/9.20.1/t/dependency/aws-secretsmanager-caching-java-1.0.2.jar:/home/wtwhite/code/regression-test-generation/find-diff-classes/compile/mvnc/org/flywaydb/flyway-core/9.20.1/t/dependency/aws-secretsmanager-jdbc-1.0.9.jar:/home/wtwhite/code/regression-test-generation/find-diff-classes/compile/mvnc/org/flywaydb/flyway-core/9.20.1/t/dependency/aws-xml-protocol-2.20.94.jar:/home/wtwhite/code/regression-test-generation/find-diff-classes/compile/mvnc/org/flywaydb/flyway-core/9.20.1/t/dependency/checker-qual-3.33.0.jar:/home/wtwhite/code/regression-test-generation/find-diff-classes/compile/mvnc/org/flywaydb/flyway-core/9.20.1/t/dependency/commons-codec-1.15.jar:/home/wtwhite/code/regression-test-generation/find-diff-classes/compile/mvnc/org/flywaydb/flyway-core/9.20.1/t/dependency/commons-lang3-3.12.0.jar:/home/wtwhite/code/regression-test-generation/find-diff-classes/compile/mvnc/org/flywaydb/flyway-core/9.20.1/t/dependency/commons-logging-1.2.jar:/home/wtwhite/code/regression-test-generation/find-diff-classes/compile/mvnc/org/flywaydb/flyway-core/9.20.1/t/dependency/commons-text-1.10.0.jar:/home/wtwhite/code/regression-test-generation/find-diff-classes/compile/mvnc/org/flywaydb/flyway-core/9.20.1/t/dependency/conscrypt-openjdk-uber-2.5.2.jar:/home/wtwhite/code/regression-test-generation/find-diff-classes/compile/mvnc/org/flywaydb/flyway-core/9.20.1/t/dependency/crt-core-2.20.94.jar:/home/wtwhite/code/regression-test-generation/find-diff-classes/compile/mvnc/org/flywaydb/flyway-core/9.20.1/t/dependency/endpoints-spi-2.20.94.jar:/home/wtwhite/code/regression-test-generation/find-diff-classes/compile/mvnc/org/flywaydb/flyway-core/9.20.1/t/dependency/error_prone_annotations-2.18.0.jar:/home/wtwhite/code/regression-test-generation/find-diff-classes/compile/mvnc/org/flywaydb/flyway-core/9.20.1/t/dependency/eventstream-1.0.1.jar:/home/wtwhite/code/regression-test-generation/find-diff-classes/compile/mvnc/org/flywaydb/flyway-core/9.20.1/t/dependency/failureaccess-1.0.1.jar:/home/wtwhite/code/regression-test-generation/find-diff-classes/compile/mvnc/org/flywaydb/flyway-core/9.20.1/t/dependency/gapic-google-cloud-storage-v2-2.22.5-alpha.jar:/home/wtwhite/code/regression-test-generation/find-diff-classes/compile/mvnc/org/flywaydb/flyway-core/9.20.1/t/dependency/gax-2.30.0.jar:/home/wtwhite/code/regression-test-generation/find-diff-classes/compile/mvnc/org/flywaydb/flyway-core/9.20.1/t/dependency/gax-grpc-2.30.0.jar:/home/wtwhite/code/regression-test-generation/find-diff-classes/compile/mvnc/org/flywaydb/flyway-core/9.20.1/t/dependency/gax-httpjson-2.30.0.jar:/home/wtwhite/code/regression-test-generation/find-diff-classes/compile/mvnc/org/flywaydb/flyway-core/9.20.1/t/dependency/google-api-client-2.2.0.jar:/home/wtwhite/code/regression-test-generation/find-diff-classes/compile/mvnc/org/flywaydb/flyway-core/9.20.1/t/dependency/google-api-services-storage-v1-rev20230301-2.0.0.jar:/home/wtwhite/code/regression-test-generation/find-diff-classes/compile/mvnc/org/flywaydb/flyway-core/9.20.1/t/dependency/google-auth-library-credentials-1.18.0.jar:/home/wtwhite/code/regression-test-generation/find-diff-classes/compile/mvnc/org/flywaydb/flyway-core/9.20.1/t/dependency/google-auth-library-oauth2-http-1.18.0.jar:/home/wtwhite/code/regression-test-generation/find-diff-classes/compile/mvnc/org/flywaydb/flyway-core/9.20.1/t/dependency/google-cloud-core-2.20.0.jar:/home/wtwhite/code/regression-test-generation/find-diff-classes/compile/mvnc/org/flywaydb/flyway-core/9.20.1/t/dependency/google-cloud-core-grpc-2.20.0.jar:/home/wtwhite/code/regression-test-generation/find-diff-classes/compile/mvnc/org/flywaydb/flyway-core/9.20.1/t/dependency/google-cloud-core-http-2.20.0.jar:/home/wtwhite/code/regression-test-generation/find-diff-classes/compile/mvnc/org/flywaydb/flyway-core/9.20.1/t/dependency/google-cloud-storage-2.22.5.jar:/home/wtwhite/code/regression-test-generation/find-diff-classes/compile/mvnc/org/flywaydb/flyway-core/9.20.1/t/dependency/google-http-client-1.43.3.jar:/home/wtwhite/code/regression-test-generation/find-diff-classes/compile/mvnc/org/flywaydb/flyway-core/9.20.1/t/dependency/google-http-client-apache-v2-1.43.3.jar:/home/wtwhite/code/regression-test-generation/find-diff-classes/compile/mvnc/org/flywaydb/flyway-core/9.20.1/t/dependency/google-http-client-appengine-1.43.3.jar:/home/wtwhite/code/regression-test-generation/find-diff-classes/compile/mvnc/org/flywaydb/flyway-core/9.20.1/t/dependency/google-http-client-gson-1.43.3.jar:/home/wtwhite/code/regression-test-generation/find-diff-classes/compile/mvnc/org/flywaydb/flyway-core/9.20.1/t/dependency/google-http-client-jackson2-1.43.3.jar:/home/wtwhite/code/regression-test-generation/find-diff-classes/compile/mvnc/org/flywaydb/flyway-core/9.20.1/t/dependency/google-oauth-client-1.34.1.jar:/home/wtwhite/code/regression-test-generation/find-diff-classes/compile/mvnc/org/flywaydb/flyway-core/9.20.1/t/dependency/grpc-alts-1.55.1.jar:/home/wtwhite/code/regression-test-generation/find-diff-classes/compile/mvnc/org/flywaydb/flyway-core/9.20.1/t/dependency/grpc-api-1.55.1.jar:/home/wtwhite/code/regression-test-generation/find-diff-classes/compile/mvnc/org/flywaydb/flyway-core/9.20.1/t/dependency/grpc-auth-1.55.1.jar:/home/wtwhite/code/regression-test-generation/find-diff-classes/compile/mvnc/org/flywaydb/flyway-core/9.20.1/t/dependency/grpc-context-1.55.1.jar:/home/wtwhite/code/regression-test-generation/find-diff-classes/compile/mvnc/org/flywaydb/flyway-core/9.20.1/t/dependency/grpc-core-1.55.1.jar:/home/wtwhite/code/regression-test-generation/find-diff-classes/compile/mvnc/org/flywaydb/flyway-core/9.20.1/t/dependency/grpc-google-cloud-storage-v2-2.22.5-alpha.jar:/home/wtwhite/code/regression-test-generation/find-diff-classes/compile/mvnc/org/flywaydb/flyway-core/9.20.1/t/dependency/grpc-googleapis-1.55.1.jar:/home/wtwhite/code/regression-test-generation/find-diff-classes/compile/mvnc/org/flywaydb/flyway-core/9.20.1/t/dependency/grpc-grpclb-1.55.1.jar:/home/wtwhite/code/regression-test-generation/find-diff-classes/compile/mvnc/org/flywaydb/flyway-core/9.20.1/t/dependency/grpc-netty-shaded-1.55.1.jar:/home/wtwhite/code/regression-test-generation/find-diff-classes/compile/mvnc/org/flywaydb/flyway-core/9.20.1/t/dependency/grpc-protobuf-1.55.1.jar:/home/wtwhite/code/regression-test-generation/find-diff-classes/compile/mvnc/org/flywaydb/flyway-core/9.20.1/t/dependency/grpc-protobuf-lite-1.55.1.jar:/home/wtwhite/code/regression-test-generation/find-diff-classes/compile/mvnc/org/flywaydb/flyway-core/9.20.1/t/dependency/grpc-rls-1.55.1.jar:/home/wtwhite/code/regression-test-generation/find-diff-classes/compile/mvnc/org/flywaydb/flyway-core/9.20.1/t/dependency/grpc-services-1.55.1.jar:/home/wtwhite/code/regression-test-generation/find-diff-classes/compile/mvnc/org/flywaydb/flyway-core/9.20.1/t/dependency/grpc-stub-1.55.1.jar:/home/wtwhite/code/regression-test-generation/find-diff-classes/compile/mvnc/org/flywaydb/flyway-core/9.20.1/t/dependency/grpc-xds-1.55.1.jar:/home/wtwhite/code/regression-test-generation/find-diff-classes/compile/mvnc/org/flywaydb/flyway-core/9.20.1/t/dependency/gson-2.10.1.jar:/home/wtwhite/code/regression-test-generation/find-diff-classes/compile/mvnc/org/flywaydb/flyway-core/9.20.1/t/dependency/guava-32.0.1-jre.jar:/home/wtwhite/code/regression-test-generation/find-diff-classes/compile/mvnc/org/flywaydb/flyway-core/9.20.1/t/dependency/http-client-spi-2.20.94.jar:/home/wtwhite/code/regression-test-generation/find-diff-classes/compile/mvnc/org/flywaydb/flyway-core/9.20.1/t/dependency/httpclient-4.5.13.jar:/home/wtwhite/code/regression-test-generation/find-diff-classes/compile/mvnc/org/flywaydb/flyway-core/9.20.1/t/dependency/httpcore-4.4.13.jar:/home/wtwhite/code/regression-test-generation/find-diff-classes/compile/mvnc/org/flywaydb/flyway-core/9.20.1/t/dependency/ion-java-1.0.2.jar:/home/wtwhite/code/regression-test-generation/find-diff-classes/compile/mvnc/org/flywaydb/flyway-core/9.20.1/t/dependency/j2objc-annotations-2.8.jar:/home/wtwhite/code/regression-test-generation/find-diff-classes/compile/mvnc/org/flywaydb/flyway-core/9.20.1/t/dependency/jackson-annotations-2.14.0.jar:/home/wtwhite/code/regression-test-generation/find-diff-classes/compile/mvnc/org/flywaydb/flyway-core/9.20.1/t/dependency/jackson-core-2.14.0.jar:/home/wtwhite/code/regression-test-generation/find-diff-classes/compile/mvnc/org/flywaydb/flyway-core/9.20.1/t/dependency/jackson-databind-2.14.0.jar:/home/wtwhite/code/regression-test-generation/find-diff-classes/compile/mvnc/org/flywaydb/flyway-core/9.20.1/t/dependency/jackson-dataformat-cbor-2.12.6.jar:/home/wtwhite/code/regression-test-generation/find-diff-classes/compile/mvnc/org/flywaydb/flyway-core/9.20.1/t/dependency/jackson-dataformat-toml-2.14.0.jar:/home/wtwhite/code/regression-test-generation/find-diff-classes/compile/mvnc/org/flywaydb/flyway-core/9.20.1/t/dependency/javax.annotation-api-1.3.2.jar:/home/wtwhite/code/regression-test-generation/find-diff-classes/compile/mvnc/org/flywaydb/flyway-core/9.20.1/t/dependency/jboss-logging-3.1.4.GA.jar:/home/wtwhite/code/regression-test-generation/find-diff-classes/compile/mvnc/org/flywaydb/flyway-core/9.20.1/t/dependency/jboss-vfs-3.2.15.Final.jar:/home/wtwhite/code/regression-test-generation/find-diff-classes/compile/mvnc/org/flywaydb/flyway-core/9.20.1/t/dependency/jmespath-java-1.12.252.jar:/home/wtwhite/code/regression-test-generation/find-diff-classes/compile/mvnc/org/flywaydb/flyway-core/9.20.1/t/dependency/joda-time-2.8.1.jar:/home/wtwhite/code/regression-test-generation/find-diff-classes/compile/mvnc/org/flywaydb/flyway-core/9.20.1/t/dependency/json-utils-2.20.94.jar:/home/wtwhite/code/regression-test-generation/find-diff-classes/compile/mvnc/org/flywaydb/flyway-core/9.20.1/t/dependency/jsr305-3.0.2.jar:/home/wtwhite/code/regression-test-generation/find-diff-classes/compile/mvnc/org/flywaydb/flyway-core/9.20.1/t/dependency/listenablefuture-9999.0-empty-to-avoid-conflict-with-guava.jar:/home/wtwhite/code/regression-test-generation/find-diff-classes/compile/mvnc/org/flywaydb/flyway-core/9.20.1/t/dependency/log4j-api-2.17.1.jar:/home/wtwhite/code/regression-test-generation/find-diff-classes/compile/mvnc/org/flywaydb/flyway-core/9.20.1/t/dependency/lombok-1.18.20.jar:/home/wtwhite/code/regression-test-generation/find-diff-classes/compile/mvnc/org/flywaydb/flyway-core/9.20.1/t/dependency/metrics-spi-2.20.94.jar:/home/wtwhite/code/regression-test-generation/find-diff-classes/compile/mvnc/org/flywaydb/flyway-core/9.20.1/t/dependency/netty-buffer-4.1.94.Final.jar:/home/wtwhite/code/regression-test-generation/find-diff-classes/compile/mvnc/org/flywaydb/flyway-core/9.20.1/t/dependency/netty-codec-4.1.94.Final.jar:/home/wtwhite/code/regression-test-generation/find-diff-classes/compile/mvnc/org/flywaydb/flyway-core/9.20.1/t/dependency/netty-codec-http-4.1.94.Final.jar:/home/wtwhite/code/regression-test-generation/find-diff-classes/compile/mvnc/org/flywaydb/flyway-core/9.20.1/t/dependency/netty-codec-http2-4.1.94.Final.jar:/home/wtwhite/code/regression-test-generation/find-diff-classes/compile/mvnc/org/flywaydb/flyway-core/9.20.1/t/dependency/netty-common-4.1.94.Final.jar:/home/wtwhite/code/regression-test-generation/find-diff-classes/compile/mvnc/org/flywaydb/flyway-core/9.20.1/t/dependency/netty-handler-4.1.94.Final.jar:/home/wtwhite/code/regression-test-generation/find-diff-classes/compile/mvnc/org/flywaydb/flyway-core/9.20.1/t/dependency/netty-nio-client-2.20.94.jar:/home/wtwhite/code/regression-test-generation/find-diff-classes/compile/mvnc/org/flywaydb/flyway-core/9.20.1/t/dependency/netty-resolver-4.1.94.Final.jar:/home/wtwhite/code/regression-test-generation/find-diff-classes/compile/mvnc/org/flywaydb/flyway-core/9.20.1/t/dependency/netty-transport-4.1.94.Final.jar:/home/wtwhite/code/regression-test-generation/find-diff-classes/compile/mvnc/org/flywaydb/flyway-core/9.20.1/t/dependency/netty-transport-classes-epoll-4.1.94.Final.jar:/home/wtwhite/code/regression-test-generation/find-diff-classes/compile/mvnc/org/flywaydb/flyway-core/9.20.1/t/dependency/netty-transport-native-unix-common-4.1.94.Final.jar:/home/wtwhite/code/regression-test-generation/find-diff-classes/compile/mvnc/org/flywaydb/flyway-core/9.20.1/t/dependency/ojdbc8-19.6.0.0.jar:/home/wtwhite/code/regression-test-generation/find-diff-classes/compile/mvnc/org/flywaydb/flyway-core/9.20.1/t/dependency/ons-19.6.0.0.jar:/home/wtwhite/code/regression-test-generation/find-diff-classes/compile/mvnc/org/flywaydb/flyway-core/9.20.1/t/dependency/opencensus-api-0.31.1.jar:/home/wtwhite/code/regression-test-generation/find-diff-classes/compile/mvnc/org/flywaydb/flyway-core/9.20.1/t/dependency/opencensus-contrib-http-util-0.31.1.jar:/home/wtwhite/code/regression-test-generation/find-diff-classes/compile/mvnc/org/flywaydb/flyway-core/9.20.1/t/dependency/opencensus-proto-0.2.0.jar:/home/wtwhite/code/regression-test-generation/find-diff-classes/compile/mvnc/org/flywaydb/flyway-core/9.20.1/t/dependency/oraclepki-19.6.0.0.jar:/home/wtwhite/code/regression-test-generation/find-diff-classes/compile/mvnc/org/flywaydb/flyway-core/9.20.1/t/dependency/org.jacoco.agent-0.8.8-runtime.jar:/home/wtwhite/code/regression-test-generation/find-diff-classes/compile/mvnc/org/flywaydb/flyway-core/9.20.1/t/dependency/org.osgi.core-4.3.1.jar:/home/wtwhite/code/regression-test-generation/find-diff-classes/compile/mvnc/org/flywaydb/flyway-core/9.20.1/t/dependency/osdt_cert-19.6.0.0.jar:/home/wtwhite/code/regression-test-generation/find-diff-classes/compile/mvnc/org/flywaydb/flyway-core/9.20.1/t/dependency/osdt_core-19.6.0.0.jar:/home/wtwhite/code/regression-test-generation/find-diff-classes/compile/mvnc/org/flywaydb/flyway-core/9.20.1/t/dependency/perfmark-api-0.26.0.jar:/home/wtwhite/code/regression-test-generation/find-diff-classes/compile/mvnc/org/flywaydb/flyway-core/9.20.1/t/dependency/postgresql-42.4.3.jar:/home/wtwhite/code/regression-test-generation/find-diff-classes/compile/mvnc/org/flywaydb/flyway-core/9.20.1/t/dependency/profiles-2.20.94.jar:/home/wtwhite/code/regression-test-generation/find-diff-classes/compile/mvnc/org/flywaydb/flyway-core/9.20.1/t/dependency/proto-google-cloud-storage-v2-2.22.5-alpha.jar:/home/wtwhite/code/regression-test-generation/find-diff-classes/compile/mvnc/org/flywaydb/flyway-core/9.20.1/t/dependency/proto-google-common-protos-2.21.0.jar:/home/wtwhite/code/regression-test-generation/find-diff-classes/compile/mvnc/org/flywaydb/flyway-core/9.20.1/t/dependency/proto-google-iam-v1-1.16.0.jar:/home/wtwhite/code/regression-test-generation/find-diff-classes/compile/mvnc/org/flywaydb/flyway-core/9.20.1/t/dependency/protobuf-java-3.23.2.jar:/home/wtwhite/code/regression-test-generation/find-diff-classes/compile/mvnc/org/flywaydb/flyway-core/9.20.1/t/dependency/protobuf-java-util-3.23.2.jar:/home/wtwhite/code/regression-test-generation/find-diff-classes/compile/mvnc/org/flywaydb/flyway-core/9.20.1/t/dependency/protocol-core-2.20.94.jar:/home/wtwhite/code/regression-test-generation/find-diff-classes/compile/mvnc/org/flywaydb/flyway-core/9.20.1/t/dependency/re2j-1.6.jar:/home/wtwhite/code/regression-test-generation/find-diff-classes/compile/mvnc/org/flywaydb/flyway-core/9.20.1/t/dependency/reactive-streams-1.0.3.jar:/home/wtwhite/code/regression-test-generation/find-diff-classes/compile/mvnc/org/flywaydb/flyway-core/9.20.1/t/dependency/regions-2.20.94.jar:/home/wtwhite/code/regression-test-generation/find-diff-classes/compile/mvnc/org/flywaydb/flyway-core/9.20.1/t/dependency/s3-2.20.94.jar:/home/wtwhite/code/regression-test-generation/find-diff-classes/compile/mvnc/org/flywaydb/flyway-core/9.20.1/t/dependency/sdk-core-2.20.94.jar:/home/wtwhite/code/regression-test-generation/find-diff-classes/compile/mvnc/org/flywaydb/flyway-core/9.20.1/t/dependency/simplefan-19.6.0.0.jar:/home/wtwhite/code/regression-test-generation/find-diff-classes/compile/mvnc/org/flywaydb/flyway-core/9.20.1/t/dependency/slf4j-api-1.7.30.jar:/home/wtwhite/code/regression-test-generation/find-diff-classes/compile/mvnc/org/flywaydb/flyway-core/9.20.1/t/dependency/third-party-jackson-core-2.20.94.jar:/home/wtwhite/code/regression-test-generation/find-diff-classes/compile/mvnc/org/flywaydb/flyway-core/9.20.1/t/dependency/threetenbp-1.6.8.jar:/home/wtwhite/code/regression-test-generation/find-diff-classes/compile/mvnc/org/flywaydb/flyway-core/9.20.1/t/dependency/ucp-19.6.0.0.jar:/home/wtwhite/code/regression-test-generation/find-diff-classes/compile/mvnc/org/flywaydb/flyway-core/9.20.1/t/dependency/utils-2.20.94.jar:/home/wtwhite/code/regression-test-generation/evosuite/evosuite-standalone-runtime-1.2.0.jar:/home/wtwhite/.m2/repository/junit/junit/4.13.2/junit-4.13.2.jar:/home/wtwhite/.m2/repository/org/hamcrest/hamcrest-core/1.3/hamcrest-core-1.3.jar:"/>
    <property name="java.vm.vendor" value="Private Build"/>
    <property name="sun.arch.data.model" value="64"/>
    <property name="java.vendor.url" value="http://java.oracle.com/"/>
    <property name="user.timezone" value=""/>
    <property name="java.vm.specification.version" value="1.8"/>
    <property name="os.name" value="Linux"/>
    <property name="RUNDIR" value="/home/wtwhite/code/regression-test-generation/find-diff-classes/run-mvn"/>
    <property name="user.country" value="NZ"/>
    <property name="sun.java.launcher" value="SUN_STANDARD"/>
    <property name="sun.boot.library.path" value="/usr/lib/jvm/java-8-openjdk-amd64/jre/lib/amd64"/>
    <property name="sun.java.command" value="/home/wtwhite/code/regression-test-generation/find-diff-classes/compile/mvnc/org/flywaydb/flyway-core/9.20.1/target/surefire/surefirebooter-20241106134349162_3.jar /home/wtwhite/code/regression-test-generation/find-diff-classes/compile/mvnc/org/flywaydb/flyway-core/9.20.1/target/surefire 2024-11-06T13-43-48_948-jvmRun1 surefire-20241106134349162_1tmp surefire_0-20241106134349162_2tmp"/>
    <property name="surefire.test.class.path" value="/home/wtwhite/code/regression-test-generation/find-diff-classes/compile/mvnc/org/flywaydb/flyway-core/9.20.1/target/test-classes:/home/wtwhite/code/regression-test-generation/find-diff-classes/compile/mvnc/org/flywaydb/flyway-core/9.20.1/target/classes:/home/wtwhite/code/craw-redhat-oss/wget/crawl/repo1.maven.org/maven2/org/flywaydb/flyway-core/9.20.1/flyway-core-9.20.1.jar:/home/wtwhite/code/regression-test-generation/find-diff-classes/compile/mvnc/org/flywaydb/flyway-core/9.20.1/t/dependency/animal-sniffer-annotations-1.23.jar:/home/wtwhite/code/regression-test-generation/find-diff-classes/compile/mvnc/org/flywaydb/flyway-core/9.20.1/t/dependency/annotations-2.20.94.jar:/home/wtwhite/code/regression-test-generation/find-diff-classes/compile/mvnc/org/flywaydb/flyway-core/9.20.1/t/dependency/annotations-4.1.1.4.jar:/home/wtwhite/code/regression-test-generation/find-diff-classes/compile/mvnc/org/flywaydb/flyway-core/9.20.1/t/dependency/apache-client-2.20.94.jar:/home/wtwhite/code/regression-test-generation/find-diff-classes/compile/mvnc/org/flywaydb/flyway-core/9.20.1/t/dependency/api-common-2.13.0.jar:/home/wtwhite/code/regression-test-generation/find-diff-classes/compile/mvnc/org/flywaydb/flyway-core/9.20.1/t/dependency/arns-2.20.94.jar:/home/wtwhite/code/regression-test-generation/find-diff-classes/compile/mvnc/org/flywaydb/flyway-core/9.20.1/t/dependency/auth-2.20.94.jar:/home/wtwhite/code/regression-test-generation/find-diff-classes/compile/mvnc/org/flywaydb/flyway-core/9.20.1/t/dependency/auto-value-annotations-1.10.1.jar:/home/wtwhite/code/regression-test-generation/find-diff-classes/compile/mvnc/org/flywaydb/flyway-core/9.20.1/t/dependency/aws-core-2.20.94.jar:/home/wtwhite/code/regression-test-generation/find-diff-classes/compile/mvnc/org/flywaydb/flyway-core/9.20.1/t/dependency/aws-java-sdk-core-1.12.252.jar:/home/wtwhite/code/regression-test-generation/find-diff-classes/compile/mvnc/org/flywaydb/flyway-core/9.20.1/t/dependency/aws-java-sdk-secretsmanager-1.12.252.jar:/home/wtwhite/code/regression-test-generation/find-diff-classes/compile/mvnc/org/flywaydb/flyway-core/9.20.1/t/dependency/aws-query-protocol-2.20.94.jar:/home/wtwhite/code/regression-test-generation/find-diff-classes/compile/mvnc/org/flywaydb/flyway-core/9.20.1/t/dependency/aws-secretsmanager-caching-java-1.0.2.jar:/home/wtwhite/code/regression-test-generation/find-diff-classes/compile/mvnc/org/flywaydb/flyway-core/9.20.1/t/dependency/aws-secretsmanager-jdbc-1.0.9.jar:/home/wtwhite/code/regression-test-generation/find-diff-classes/compile/mvnc/org/flywaydb/flyway-core/9.20.1/t/dependency/aws-xml-protocol-2.20.94.jar:/home/wtwhite/code/regression-test-generation/find-diff-classes/compile/mvnc/org/flywaydb/flyway-core/9.20.1/t/dependency/checker-qual-3.33.0.jar:/home/wtwhite/code/regression-test-generation/find-diff-classes/compile/mvnc/org/flywaydb/flyway-core/9.20.1/t/dependency/commons-codec-1.15.jar:/home/wtwhite/code/regression-test-generation/find-diff-classes/compile/mvnc/org/flywaydb/flyway-core/9.20.1/t/dependency/commons-lang3-3.12.0.jar:/home/wtwhite/code/regression-test-generation/find-diff-classes/compile/mvnc/org/flywaydb/flyway-core/9.20.1/t/dependency/commons-logging-1.2.jar:/home/wtwhite/code/regression-test-generation/find-diff-classes/compile/mvnc/org/flywaydb/flyway-core/9.20.1/t/dependency/commons-text-1.10.0.jar:/home/wtwhite/code/regression-test-generation/find-diff-classes/compile/mvnc/org/flywaydb/flyway-core/9.20.1/t/dependency/conscrypt-openjdk-uber-2.5.2.jar:/home/wtwhite/code/regression-test-generation/find-diff-classes/compile/mvnc/org/flywaydb/flyway-core/9.20.1/t/dependency/crt-core-2.20.94.jar:/home/wtwhite/code/regression-test-generation/find-diff-classes/compile/mvnc/org/flywaydb/flyway-core/9.20.1/t/dependency/endpoints-spi-2.20.94.jar:/home/wtwhite/code/regression-test-generation/find-diff-classes/compile/mvnc/org/flywaydb/flyway-core/9.20.1/t/dependency/error_prone_annotations-2.18.0.jar:/home/wtwhite/code/regression-test-generation/find-diff-classes/compile/mvnc/org/flywaydb/flyway-core/9.20.1/t/dependency/eventstream-1.0.1.jar:/home/wtwhite/code/regression-test-generation/find-diff-classes/compile/mvnc/org/flywaydb/flyway-core/9.20.1/t/dependency/failureaccess-1.0.1.jar:/home/wtwhite/code/regression-test-generation/find-diff-classes/compile/mvnc/org/flywaydb/flyway-core/9.20.1/t/dependency/gapic-google-cloud-storage-v2-2.22.5-alpha.jar:/home/wtwhite/code/regression-test-generation/find-diff-classes/compile/mvnc/org/flywaydb/flyway-core/9.20.1/t/dependency/gax-2.30.0.jar:/home/wtwhite/code/regression-test-generation/find-diff-classes/compile/mvnc/org/flywaydb/flyway-core/9.20.1/t/dependency/gax-grpc-2.30.0.jar:/home/wtwhite/code/regression-test-generation/find-diff-classes/compile/mvnc/org/flywaydb/flyway-core/9.20.1/t/dependency/gax-httpjson-2.30.0.jar:/home/wtwhite/code/regression-test-generation/find-diff-classes/compile/mvnc/org/flywaydb/flyway-core/9.20.1/t/dependency/google-api-client-2.2.0.jar:/home/wtwhite/code/regression-test-generation/find-diff-classes/compile/mvnc/org/flywaydb/flyway-core/9.20.1/t/dependency/google-api-services-storage-v1-rev20230301-2.0.0.jar:/home/wtwhite/code/regression-test-generation/find-diff-classes/compile/mvnc/org/flywaydb/flyway-core/9.20.1/t/dependency/google-auth-library-credentials-1.18.0.jar:/home/wtwhite/code/regression-test-generation/find-diff-classes/compile/mvnc/org/flywaydb/flyway-core/9.20.1/t/dependency/google-auth-library-oauth2-http-1.18.0.jar:/home/wtwhite/code/regression-test-generation/find-diff-classes/compile/mvnc/org/flywaydb/flyway-core/9.20.1/t/dependency/google-cloud-core-2.20.0.jar:/home/wtwhite/code/regression-test-generation/find-diff-classes/compile/mvnc/org/flywaydb/flyway-core/9.20.1/t/dependency/google-cloud-core-grpc-2.20.0.jar:/home/wtwhite/code/regression-test-generation/find-diff-classes/compile/mvnc/org/flywaydb/flyway-core/9.20.1/t/dependency/google-cloud-core-http-2.20.0.jar:/home/wtwhite/code/regression-test-generation/find-diff-classes/compile/mvnc/org/flywaydb/flyway-core/9.20.1/t/dependency/google-cloud-storage-2.22.5.jar:/home/wtwhite/code/regression-test-generation/find-diff-classes/compile/mvnc/org/flywaydb/flyway-core/9.20.1/t/dependency/google-http-client-1.43.3.jar:/home/wtwhite/code/regression-test-generation/find-diff-classes/compile/mvnc/org/flywaydb/flyway-core/9.20.1/t/dependency/google-http-client-apache-v2-1.43.3.jar:/home/wtwhite/code/regression-test-generation/find-diff-classes/compile/mvnc/org/flywaydb/flyway-core/9.20.1/t/dependency/google-http-client-appengine-1.43.3.jar:/home/wtwhite/code/regression-test-generation/find-diff-classes/compile/mvnc/org/flywaydb/flyway-core/9.20.1/t/dependency/google-http-client-gson-1.43.3.jar:/home/wtwhite/code/regression-test-generation/find-diff-classes/compile/mvnc/org/flywaydb/flyway-core/9.20.1/t/dependency/google-http-client-jackson2-1.43.3.jar:/home/wtwhite/code/regression-test-generation/find-diff-classes/compile/mvnc/org/flywaydb/flyway-core/9.20.1/t/dependency/google-oauth-client-1.34.1.jar:/home/wtwhite/code/regression-test-generation/find-diff-classes/compile/mvnc/org/flywaydb/flyway-core/9.20.1/t/dependency/grpc-alts-1.55.1.jar:/home/wtwhite/code/regression-test-generation/find-diff-classes/compile/mvnc/org/flywaydb/flyway-core/9.20.1/t/dependency/grpc-api-1.55.1.jar:/home/wtwhite/code/regression-test-generation/find-diff-classes/compile/mvnc/org/flywaydb/flyway-core/9.20.1/t/dependency/grpc-auth-1.55.1.jar:/home/wtwhite/code/regression-test-generation/find-diff-classes/compile/mvnc/org/flywaydb/flyway-core/9.20.1/t/dependency/grpc-context-1.55.1.jar:/home/wtwhite/code/regression-test-generation/find-diff-classes/compile/mvnc/org/flywaydb/flyway-core/9.20.1/t/dependency/grpc-core-1.55.1.jar:/home/wtwhite/code/regression-test-generation/find-diff-classes/compile/mvnc/org/flywaydb/flyway-core/9.20.1/t/dependency/grpc-google-cloud-storage-v2-2.22.5-alpha.jar:/home/wtwhite/code/regression-test-generation/find-diff-classes/compile/mvnc/org/flywaydb/flyway-core/9.20.1/t/dependency/grpc-googleapis-1.55.1.jar:/home/wtwhite/code/regression-test-generation/find-diff-classes/compile/mvnc/org/flywaydb/flyway-core/9.20.1/t/dependency/grpc-grpclb-1.55.1.jar:/home/wtwhite/code/regression-test-generation/find-diff-classes/compile/mvnc/org/flywaydb/flyway-core/9.20.1/t/dependency/grpc-netty-shaded-1.55.1.jar:/home/wtwhite/code/regression-test-generation/find-diff-classes/compile/mvnc/org/flywaydb/flyway-core/9.20.1/t/dependency/grpc-protobuf-1.55.1.jar:/home/wtwhite/code/regression-test-generation/find-diff-classes/compile/mvnc/org/flywaydb/flyway-core/9.20.1/t/dependency/grpc-protobuf-lite-1.55.1.jar:/home/wtwhite/code/regression-test-generation/find-diff-classes/compile/mvnc/org/flywaydb/flyway-core/9.20.1/t/dependency/grpc-rls-1.55.1.jar:/home/wtwhite/code/regression-test-generation/find-diff-classes/compile/mvnc/org/flywaydb/flyway-core/9.20.1/t/dependency/grpc-services-1.55.1.jar:/home/wtwhite/code/regression-test-generation/find-diff-classes/compile/mvnc/org/flywaydb/flyway-core/9.20.1/t/dependency/grpc-stub-1.55.1.jar:/home/wtwhite/code/regression-test-generation/find-diff-classes/compile/mvnc/org/flywaydb/flyway-core/9.20.1/t/dependency/grpc-xds-1.55.1.jar:/home/wtwhite/code/regression-test-generation/find-diff-classes/compile/mvnc/org/flywaydb/flyway-core/9.20.1/t/dependency/gson-2.10.1.jar:/home/wtwhite/code/regression-test-generation/find-diff-classes/compile/mvnc/org/flywaydb/flyway-core/9.20.1/t/dependency/guava-32.0.1-jre.jar:/home/wtwhite/code/regression-test-generation/find-diff-classes/compile/mvnc/org/flywaydb/flyway-core/9.20.1/t/dependency/http-client-spi-2.20.94.jar:/home/wtwhite/code/regression-test-generation/find-diff-classes/compile/mvnc/org/flywaydb/flyway-core/9.20.1/t/dependency/httpclient-4.5.13.jar:/home/wtwhite/code/regression-test-generation/find-diff-classes/compile/mvnc/org/flywaydb/flyway-core/9.20.1/t/dependency/httpcore-4.4.13.jar:/home/wtwhite/code/regression-test-generation/find-diff-classes/compile/mvnc/org/flywaydb/flyway-core/9.20.1/t/dependency/ion-java-1.0.2.jar:/home/wtwhite/code/regression-test-generation/find-diff-classes/compile/mvnc/org/flywaydb/flyway-core/9.20.1/t/dependency/j2objc-annotations-2.8.jar:/home/wtwhite/code/regression-test-generation/find-diff-classes/compile/mvnc/org/flywaydb/flyway-core/9.20.1/t/dependency/jackson-annotations-2.14.0.jar:/home/wtwhite/code/regression-test-generation/find-diff-classes/compile/mvnc/org/flywaydb/flyway-core/9.20.1/t/dependency/jackson-core-2.14.0.jar:/home/wtwhite/code/regression-test-generation/find-diff-classes/compile/mvnc/org/flywaydb/flyway-core/9.20.1/t/dependency/jackson-databind-2.14.0.jar:/home/wtwhite/code/regression-test-generation/find-diff-classes/compile/mvnc/org/flywaydb/flyway-core/9.20.1/t/dependency/jackson-dataformat-cbor-2.12.6.jar:/home/wtwhite/code/regression-test-generation/find-diff-classes/compile/mvnc/org/flywaydb/flyway-core/9.20.1/t/dependency/jackson-dataformat-toml-2.14.0.jar:/home/wtwhite/code/regression-test-generation/find-diff-classes/compile/mvnc/org/flywaydb/flyway-core/9.20.1/t/dependency/javax.annotation-api-1.3.2.jar:/home/wtwhite/code/regression-test-generation/find-diff-classes/compile/mvnc/org/flywaydb/flyway-core/9.20.1/t/dependency/jboss-logging-3.1.4.GA.jar:/home/wtwhite/code/regression-test-generation/find-diff-classes/compile/mvnc/org/flywaydb/flyway-core/9.20.1/t/dependency/jboss-vfs-3.2.15.Final.jar:/home/wtwhite/code/regression-test-generation/find-diff-classes/compile/mvnc/org/flywaydb/flyway-core/9.20.1/t/dependency/jmespath-java-1.12.252.jar:/home/wtwhite/code/regression-test-generation/find-diff-classes/compile/mvnc/org/flywaydb/flyway-core/9.20.1/t/dependency/joda-time-2.8.1.jar:/home/wtwhite/code/regression-test-generation/find-diff-classes/compile/mvnc/org/flywaydb/flyway-core/9.20.1/t/dependency/json-utils-2.20.94.jar:/home/wtwhite/code/regression-test-generation/find-diff-classes/compile/mvnc/org/flywaydb/flyway-core/9.20.1/t/dependency/jsr305-3.0.2.jar:/home/wtwhite/code/regression-test-generation/find-diff-classes/compile/mvnc/org/flywaydb/flyway-core/9.20.1/t/dependency/listenablefuture-9999.0-empty-to-avoid-conflict-with-guava.jar:/home/wtwhite/code/regression-test-generation/find-diff-classes/compile/mvnc/org/flywaydb/flyway-core/9.20.1/t/dependency/log4j-api-2.17.1.jar:/home/wtwhite/code/regression-test-generation/find-diff-classes/compile/mvnc/org/flywaydb/flyway-core/9.20.1/t/dependency/lombok-1.18.20.jar:/home/wtwhite/code/regression-test-generation/find-diff-classes/compile/mvnc/org/flywaydb/flyway-core/9.20.1/t/dependency/metrics-spi-2.20.94.jar:/home/wtwhite/code/regression-test-generation/find-diff-classes/compile/mvnc/org/flywaydb/flyway-core/9.20.1/t/dependency/netty-buffer-4.1.94.Final.jar:/home/wtwhite/code/regression-test-generation/find-diff-classes/compile/mvnc/org/flywaydb/flyway-core/9.20.1/t/dependency/netty-codec-4.1.94.Final.jar:/home/wtwhite/code/regression-test-generation/find-diff-classes/compile/mvnc/org/flywaydb/flyway-core/9.20.1/t/dependency/netty-codec-http-4.1.94.Final.jar:/home/wtwhite/code/regression-test-generation/find-diff-classes/compile/mvnc/org/flywaydb/flyway-core/9.20.1/t/dependency/netty-codec-http2-4.1.94.Final.jar:/home/wtwhite/code/regression-test-generation/find-diff-classes/compile/mvnc/org/flywaydb/flyway-core/9.20.1/t/dependency/netty-common-4.1.94.Final.jar:/home/wtwhite/code/regression-test-generation/find-diff-classes/compile/mvnc/org/flywaydb/flyway-core/9.20.1/t/dependency/netty-handler-4.1.94.Final.jar:/home/wtwhite/code/regression-test-generation/find-diff-classes/compile/mvnc/org/flywaydb/flyway-core/9.20.1/t/dependency/netty-nio-client-2.20.94.jar:/home/wtwhite/code/regression-test-generation/find-diff-classes/compile/mvnc/org/flywaydb/flyway-core/9.20.1/t/dependency/netty-resolver-4.1.94.Final.jar:/home/wtwhite/code/regression-test-generation/find-diff-classes/compile/mvnc/org/flywaydb/flyway-core/9.20.1/t/dependency/netty-transport-4.1.94.Final.jar:/home/wtwhite/code/regression-test-generation/find-diff-classes/compile/mvnc/org/flywaydb/flyway-core/9.20.1/t/dependency/netty-transport-classes-epoll-4.1.94.Final.jar:/home/wtwhite/code/regression-test-generation/find-diff-classes/compile/mvnc/org/flywaydb/flyway-core/9.20.1/t/dependency/netty-transport-native-unix-common-4.1.94.Final.jar:/home/wtwhite/code/regression-test-generation/find-diff-classes/compile/mvnc/org/flywaydb/flyway-core/9.20.1/t/dependency/ojdbc8-19.6.0.0.jar:/home/wtwhite/code/regression-test-generation/find-diff-classes/compile/mvnc/org/flywaydb/flyway-core/9.20.1/t/dependency/ons-19.6.0.0.jar:/home/wtwhite/code/regression-test-generation/find-diff-classes/compile/mvnc/org/flywaydb/flyway-core/9.20.1/t/dependency/opencensus-api-0.31.1.jar:/home/wtwhite/code/regression-test-generation/find-diff-classes/compile/mvnc/org/flywaydb/flyway-core/9.20.1/t/dependency/opencensus-contrib-http-util-0.31.1.jar:/home/wtwhite/code/regression-test-generation/find-diff-classes/compile/mvnc/org/flywaydb/flyway-core/9.20.1/t/dependency/opencensus-proto-0.2.0.jar:/home/wtwhite/code/regression-test-generation/find-diff-classes/compile/mvnc/org/flywaydb/flyway-core/9.20.1/t/dependency/oraclepki-19.6.0.0.jar:/home/wtwhite/code/regression-test-generation/find-diff-classes/compile/mvnc/org/flywaydb/flyway-core/9.20.1/t/dependency/org.jacoco.agent-0.8.8-runtime.jar:/home/wtwhite/code/regression-test-generation/find-diff-classes/compile/mvnc/org/flywaydb/flyway-core/9.20.1/t/dependency/org.osgi.core-4.3.1.jar:/home/wtwhite/code/regression-test-generation/find-diff-classes/compile/mvnc/org/flywaydb/flyway-core/9.20.1/t/dependency/osdt_cert-19.6.0.0.jar:/home/wtwhite/code/regression-test-generation/find-diff-classes/compile/mvnc/org/flywaydb/flyway-core/9.20.1/t/dependency/osdt_core-19.6.0.0.jar:/home/wtwhite/code/regression-test-generation/find-diff-classes/compile/mvnc/org/flywaydb/flyway-core/9.20.1/t/dependency/perfmark-api-0.26.0.jar:/home/wtwhite/code/regression-test-generation/find-diff-classes/compile/mvnc/org/flywaydb/flyway-core/9.20.1/t/dependency/postgresql-42.4.3.jar:/home/wtwhite/code/regression-test-generation/find-diff-classes/compile/mvnc/org/flywaydb/flyway-core/9.20.1/t/dependency/profiles-2.20.94.jar:/home/wtwhite/code/regression-test-generation/find-diff-classes/compile/mvnc/org/flywaydb/flyway-core/9.20.1/t/dependency/proto-google-cloud-storage-v2-2.22.5-alpha.jar:/home/wtwhite/code/regression-test-generation/find-diff-classes/compile/mvnc/org/flywaydb/flyway-core/9.20.1/t/dependency/proto-google-common-protos-2.21.0.jar:/home/wtwhite/code/regression-test-generation/find-diff-classes/compile/mvnc/org/flywaydb/flyway-core/9.20.1/t/dependency/proto-google-iam-v1-1.16.0.jar:/home/wtwhite/code/regression-test-generation/find-diff-classes/compile/mvnc/org/flywaydb/flyway-core/9.20.1/t/dependency/protobuf-java-3.23.2.jar:/home/wtwhite/code/regression-test-generation/find-diff-classes/compile/mvnc/org/flywaydb/flyway-core/9.20.1/t/dependency/protobuf-java-util-3.23.2.jar:/home/wtwhite/code/regression-test-generation/find-diff-classes/compile/mvnc/org/flywaydb/flyway-core/9.20.1/t/dependency/protocol-core-2.20.94.jar:/home/wtwhite/code/regression-test-generation/find-diff-classes/compile/mvnc/org/flywaydb/flyway-core/9.20.1/t/dependency/re2j-1.6.jar:/home/wtwhite/code/regression-test-generation/find-diff-classes/compile/mvnc/org/flywaydb/flyway-core/9.20.1/t/dependency/reactive-streams-1.0.3.jar:/home/wtwhite/code/regression-test-generation/find-diff-classes/compile/mvnc/org/flywaydb/flyway-core/9.20.1/t/dependency/regions-2.20.94.jar:/home/wtwhite/code/regression-test-generation/find-diff-classes/compile/mvnc/org/flywaydb/flyway-core/9.20.1/t/dependency/s3-2.20.94.jar:/home/wtwhite/code/regression-test-generation/find-diff-classes/compile/mvnc/org/flywaydb/flyway-core/9.20.1/t/dependency/sdk-core-2.20.94.jar:/home/wtwhite/code/regression-test-generation/find-diff-classes/compile/mvnc/org/flywaydb/flyway-core/9.20.1/t/dependency/simplefan-19.6.0.0.jar:/home/wtwhite/code/regression-test-generation/find-diff-classes/compile/mvnc/org/flywaydb/flyway-core/9.20.1/t/dependency/slf4j-api-1.7.30.jar:/home/wtwhite/code/regression-test-generation/find-diff-classes/compile/mvnc/org/flywaydb/flyway-core/9.20.1/t/dependency/third-party-jackson-core-2.20.94.jar:/home/wtwhite/code/regression-test-generation/find-diff-classes/compile/mvnc/org/flywaydb/flyway-core/9.20.1/t/dependency/threetenbp-1.6.8.jar:/home/wtwhite/code/regression-test-generation/find-diff-classes/compile/mvnc/org/flywaydb/flyway-core/9.20.1/t/dependency/ucp-19.6.0.0.jar:/home/wtwhite/code/regression-test-generation/find-diff-classes/compile/mvnc/org/flywaydb/flyway-core/9.20.1/t/dependency/utils-2.20.94.jar:/home/wtwhite/code/regression-test-generation/evosuite/evosuite-standalone-runtime-1.2.0.jar:/home/wtwhite/.m2/repository/junit/junit/4.13.2/junit-4.13.2.jar:/home/wtwhite/.m2/repository/org/hamcrest/hamcrest-core/1.3/hamcrest-core-1.3.jar:"/>
    <property name="sun.cpu.endian" value="little"/>
    <property name="user.home" value="/home/wtwhite"/>
    <property name="user.language" value="en"/>
    <property name="java.specification.vendor" value="Oracle Corporation"/>
    <property name="java.home" value="/usr/lib/jvm/java-8-openjdk-amd64/jre"/>
    <property name="basedir" value="/home/wtwhite/code/regression-test-generation/find-diff-classes/compile/mvnc/org/flywaydb/flyway-core/9.20.1"/>
    <property name="file.separator" value="/"/>
    <property name="line.separator" value="&#10;"/>
    <property name="java.vm.specification.vendor" value="Oracle Corporation"/>
    <property name="java.specification.name" value="Java Platform API Specification"/>
    <property name="java.awt.graphicsenv" value="sun.awt.X11GraphicsEnvironment"/>
    <property name="surefire.real.class.path" value="/home/wtwhite/code/regression-test-generation/find-diff-classes/compile/mvnc/org/flywaydb/flyway-core/9.20.1/target/surefire/surefirebooter-20241106134349162_3.jar"/>
    <property name="sun.boot.class.path" value="/usr/lib/jvm/java-8-openjdk-amd64/jre/lib/resources.jar:/usr/lib/jvm/java-8-openjdk-amd64/jre/lib/rt.jar:/usr/lib/jvm/java-8-openjdk-amd64/jre/lib/sunrsasign.jar:/usr/lib/jvm/java-8-openjdk-amd64/jre/lib/jsse.jar:/usr/lib/jvm/java-8-openjdk-amd64/jre/lib/jce.jar:/usr/lib/jvm/java-8-openjdk-amd64/jre/lib/charsets.jar:/usr/lib/jvm/java-8-openjdk-amd64/jre/lib/jfr.jar:/usr/lib/jvm/java-8-openjdk-amd64/jre/classes"/>
    <property name="sun.management.compiler" value="HotSpot 64-Bit Tiered Compilers"/>
    <property name="java.runtime.version" value="1.8.0_382-8u382-ga-1~22.04.1-b05"/>
    <property name="user.name" value="wtwhite"/>
    <property name="path.separator" value=":"/>
    <property name="os.version" value="5.15.0-87-generic"/>
    <property name="java.endorsed.dirs" value="/usr/lib/jvm/java-8-openjdk-amd64/jre/lib/endorsed"/>
    <property name="java.runtime.name" value="OpenJDK Runtime Environment"/>
    <property name="file.encoding" value="UTF-8"/>
    <property name="java.vm.name" value="OpenJDK 64-Bit Server VM"/>
    <property name="localRepository" value="/home/wtwhite/.m2/repository"/>
    <property name="java.vendor.url.bug" value="http://bugreport.sun.com/bugreport/"/>
    <property name="java.io.tmpdir" value="/tmp"/>
    <property name="java.version" value="1.8.0_382"/>
    <property name="user.dir" value="/home/wtwhite/code/regression-test-generation/find-diff-classes/compile/mvnc/org/flywaydb/flyway-core/9.20.1"/>
    <property name="os.arch" value="amd64"/>
    <property name="java.vm.specification.name" value="Java Virtual Machine Specification"/>
    <property name="java.awt.printerjob" value="sun.print.PSPrinterJob"/>
    <property name="sun.os.patch.level" value="unknown"/>
    <property name="java.library.path" value="/usr/java/packages/lib/amd64:/usr/lib/x86_64-linux-gnu/jni:/lib/x86_64-linux-gnu:/usr/lib/x86_64-linux-gnu:/usr/lib/jni:/lib:/usr/lib"/>
    <property name="java.vm.info" value="mixed mode"/>
    <property name="java.vendor" value="Private Build"/>
    <property name="java.vm.version" value="25.382-b05"/>
    <property name="java.specification.maintenance.version" value="5"/>
    <property name="java.ext.dirs" value="/usr/lib/jvm/java-8-openjdk-amd64/jre/lib/ext:/usr/java/packages/lib/ext"/>
    <property name="sun.io.unicode.encoding" value="UnicodeLittle"/>
    <property name="java.class.version" value="52.0"/>
  </properties>
  <testcase name="test240" classname="org.flywaydb.core.api.configuration.ClassicConfiguration_ESTest" time="2.62">
    <system-err><![CDATA[ERROR StatusLogger Log4j2 could not find a logging implementation. Please add log4j-core to the classpath. Using SimpleLogger to log to the console...
ERROR StatusLogger Log4j2 could not find a logging implementation. Please add log4j-core to the classpath. Using SimpleLogger to log to the console...
]]></system-err>
  </testcase>
  <testcase name="test120" classname="org.flywaydb.core.api.configuration.ClassicConfiguration_ESTest" time="0.202">
    <system-err><![CDATA[ERROR StatusLogger Log4j2 could not find a logging implementation. Please add log4j-core to the classpath. Using SimpleLogger to log to the console...
]]></system-err>
  </testcase>
  <testcase name="test241" classname="org.flywaydb.core.api.configuration.ClassicConfiguration_ESTest" time="0.175">
    <system-err><![CDATA[ERROR StatusLogger Log4j2 could not find a logging implementation. Please add log4j-core to the classpath. Using SimpleLogger to log to the console...
]]></system-err>
  </testcase>
  <testcase name="test000" classname="org.flywaydb.core.api.configuration.ClassicConfiguration_ESTest" time="0.174">
    <system-err><![CDATA[ERROR StatusLogger Log4j2 could not find a logging implementation. Please add log4j-core to the classpath. Using SimpleLogger to log to the console...
]]></system-err>
  </testcase>
  <testcase name="test121" classname="org.flywaydb.core.api.configuration.ClassicConfiguration_ESTest" time="0.174">
    <system-err><![CDATA[ERROR StatusLogger Log4j2 could not find a logging implementation. Please add log4j-core to the classpath. Using SimpleLogger to log to the console...
]]></system-err>
  </testcase>
  <testcase name="test242" classname="org.flywaydb.core.api.configuration.ClassicConfiguration_ESTest" time="0.221">
    <system-err><![CDATA[ERROR StatusLogger Log4j2 could not find a logging implementation. Please add log4j-core to the classpath. Using SimpleLogger to log to the console...
]]></system-err>
  </testcase>
  <testcase name="test001" classname="org.flywaydb.core.api.configuration.ClassicConfiguration_ESTest" time="0.232">
    <system-err><![CDATA[ERROR StatusLogger Log4j2 could not find a logging implementation. Please add log4j-core to the classpath. Using SimpleLogger to log to the console...
]]></system-err>
  </testcase>
  <testcase name="test122" classname="org.flywaydb.core.api.configuration.ClassicConfiguration_ESTest" time="0.183">
    <system-err><![CDATA[ERROR StatusLogger Log4j2 could not find a logging implementation. Please add log4j-core to the classpath. Using SimpleLogger to log to the console...
]]></system-err>
  </testcase>
  <testcase name="test243" classname="org.flywaydb.core.api.configuration.ClassicConfiguration_ESTest" time="0.199">
    <system-err><![CDATA[ERROR StatusLogger Log4j2 could not find a logging implementation. Please add log4j-core to the classpath. Using SimpleLogger to log to the console...
]]></system-err>
  </testcase>
  <testcase name="test116" classname="org.flywaydb.core.api.configuration.ClassicConfiguration_ESTest" time="0.182">
    <system-err><![CDATA[ERROR StatusLogger Log4j2 could not find a logging implementation. Please add log4j-core to the classpath. Using SimpleLogger to log to the console...
]]></system-err>
  </testcase>
  <testcase name="test237" classname="org.flywaydb.core.api.configuration.ClassicConfiguration_ESTest" time="0.159">
    <system-err><![CDATA[ERROR StatusLogger Log4j2 could not find a logging implementation. Please add log4j-core to the classpath. Using SimpleLogger to log to the console...
]]></system-err>
  </testcase>
  <testcase name="test117" classname="org.flywaydb.core.api.configuration.ClassicConfiguration_ESTest" time="0.159">
    <system-err><![CDATA[ERROR StatusLogger Log4j2 could not find a logging implementation. Please add log4j-core to the classpath. Using SimpleLogger to log to the console...
]]></system-err>
  </testcase>
  <testcase name="test238" classname="org.flywaydb.core.api.configuration.ClassicConfiguration_ESTest" time="0.229">
    <system-err><![CDATA[ERROR StatusLogger Log4j2 could not find a logging implementation. Please add log4j-core to the classpath. Using SimpleLogger to log to the console...
]]></system-err>
  </testcase>
  <testcase name="test118" classname="org.flywaydb.core.api.configuration.ClassicConfiguration_ESTest" time="0.185">
    <system-err><![CDATA[ERROR StatusLogger Log4j2 could not find a logging implementation. Please add log4j-core to the classpath. Using SimpleLogger to log to the console...
]]></system-err>
  </testcase>
  <testcase name="test239" classname="org.flywaydb.core.api.configuration.ClassicConfiguration_ESTest" time="0.158">
    <system-err><![CDATA[ERROR StatusLogger Log4j2 could not find a logging implementation. Please add log4j-core to the classpath. Using SimpleLogger to log to the console...
]]></system-err>
  </testcase>
  <testcase name="test119" classname="org.flywaydb.core.api.configuration.ClassicConfiguration_ESTest" time="0.355">
    <system-err><![CDATA[ERROR StatusLogger Log4j2 could not find a logging implementation. Please add log4j-core to the classpath. Using SimpleLogger to log to the console...
]]></system-err>
  </testcase>
  <testcase name="test112" classname="org.flywaydb.core.api.configuration.ClassicConfiguration_ESTest" time="0.17">
    <system-err><![CDATA[ERROR StatusLogger Log4j2 could not find a logging implementation. Please add log4j-core to the classpath. Using SimpleLogger to log to the console...
]]></system-err>
  </testcase>
  <testcase name="test233" classname="org.flywaydb.core.api.configuration.ClassicConfiguration_ESTest" time="0.276">
    <system-err><![CDATA[ERROR StatusLogger Log4j2 could not find a logging implementation. Please add log4j-core to the classpath. Using SimpleLogger to log to the console...
]]></system-err>
  </testcase>
  <testcase name="test113" classname="org.flywaydb.core.api.configuration.ClassicConfiguration_ESTest" time="0.251">
    <system-err><![CDATA[ERROR StatusLogger Log4j2 could not find a logging implementation. Please add log4j-core to the classpath. Using SimpleLogger to log to the console...
]]></system-err>
  </testcase>
  <testcase name="test234" classname="org.flywaydb.core.api.configuration.ClassicConfiguration_ESTest" time="0.17">
    <system-err><![CDATA[ERROR StatusLogger Log4j2 could not find a logging implementation. Please add log4j-core to the classpath. Using SimpleLogger to log to the console...
]]></system-err>
  </testcase>
  <testcase name="test114" classname="org.flywaydb.core.api.configuration.ClassicConfiguration_ESTest" time="0.12">
    <system-err><![CDATA[ERROR StatusLogger Log4j2 could not find a logging implementation. Please add log4j-core to the classpath. Using SimpleLogger to log to the console...
]]></system-err>
  </testcase>
  <testcase name="test235" classname="org.flywaydb.core.api.configuration.ClassicConfiguration_ESTest" time="0.143">
    <system-err><![CDATA[ERROR StatusLogger Log4j2 could not find a logging implementation. Please add log4j-core to the classpath. Using SimpleLogger to log to the console...
]]></system-err>
  </testcase>
  <testcase name="test115" classname="org.flywaydb.core.api.configuration.ClassicConfiguration_ESTest" time="0.133">
    <system-err><![CDATA[ERROR StatusLogger Log4j2 could not find a logging implementation. Please add log4j-core to the classpath. Using SimpleLogger to log to the console...
]]></system-err>
  </testcase>
  <testcase name="test236" classname="org.flywaydb.core.api.configuration.ClassicConfiguration_ESTest" time="0.119">
    <system-err><![CDATA[ERROR StatusLogger Log4j2 could not find a logging implementation. Please add log4j-core to the classpath. Using SimpleLogger to log to the console...
]]></system-err>
  </testcase>
  <testcase name="test130" classname="org.flywaydb.core.api.configuration.ClassicConfiguration_ESTest" time="0.15">
    <system-err><![CDATA[ERROR StatusLogger Log4j2 could not find a logging implementation. Please add log4j-core to the classpath. Using SimpleLogger to log to the console...
]]></system-err>
  </testcase>
  <testcase name="test251" classname="org.flywaydb.core.api.configuration.ClassicConfiguration_ESTest" time="0.128">
    <system-err><![CDATA[ERROR StatusLogger Log4j2 could not find a logging implementation. Please add log4j-core to the classpath. Using SimpleLogger to log to the console...
]]></system-err>
  </testcase>
  <testcase name="test010" classname="org.flywaydb.core.api.configuration.ClassicConfiguration_ESTest" time="0.142">
    <system-err><![CDATA[ERROR StatusLogger Log4j2 could not find a logging implementation. Please add log4j-core to the classpath. Using SimpleLogger to log to the console...
]]></system-err>
  </testcase>
  <testcase name="test131" classname="org.flywaydb.core.api.configuration.ClassicConfiguration_ESTest" time="0.148">
    <system-err><![CDATA[ERROR StatusLogger Log4j2 could not find a logging implementation. Please add log4j-core to the classpath. Using SimpleLogger to log to the console...
]]></system-err>
  </testcase>
  <testcase name="test252" classname="org.flywaydb.core.api.configuration.ClassicConfiguration_ESTest" time="0.142">
    <system-err><![CDATA[ERROR StatusLogger Log4j2 could not find a logging implementation. Please add log4j-core to the classpath. Using SimpleLogger to log to the console...
]]></system-err>
  </testcase>
  <testcase name="test011" classname="org.flywaydb.core.api.configuration.ClassicConfiguration_ESTest" time="0.115">
    <system-err><![CDATA[ERROR StatusLogger Log4j2 could not find a logging implementation. Please add log4j-core to the classpath. Using SimpleLogger to log to the console...
]]></system-err>
  </testcase>
  <testcase name="test132" classname="org.flywaydb.core.api.configuration.ClassicConfiguration_ESTest" time="0.159">
    <system-err><![CDATA[ERROR StatusLogger Log4j2 could not find a logging implementation. Please add log4j-core to the classpath. Using SimpleLogger to log to the console...
]]></system-err>
  </testcase>
  <testcase name="test253" classname="org.flywaydb.core.api.configuration.ClassicConfiguration_ESTest" time="0.144">
    <system-err><![CDATA[ERROR StatusLogger Log4j2 could not find a logging implementation. Please add log4j-core to the classpath. Using SimpleLogger to log to the console...
]]></system-err>
  </testcase>
  <testcase name="test012" classname="org.flywaydb.core.api.configuration.ClassicConfiguration_ESTest" time="0.13">
    <system-err><![CDATA[ERROR StatusLogger Log4j2 could not find a logging implementation. Please add log4j-core to the classpath. Using SimpleLogger to log to the console...
]]></system-err>
  </testcase>
  <testcase name="test133" classname="org.flywaydb.core.api.configuration.ClassicConfiguration_ESTest" time="0.16">
    <system-err><![CDATA[ERROR StatusLogger Log4j2 could not find a logging implementation. Please add log4j-core to the classpath. Using SimpleLogger to log to the console...
]]></system-err>
  </testcase>
  <testcase name="test254" classname="org.flywaydb.core.api.configuration.ClassicConfiguration_ESTest" time="0.156">
    <system-err><![CDATA[ERROR StatusLogger Log4j2 could not find a logging implementation. Please add log4j-core to the classpath. Using SimpleLogger to log to the console...
]]></system-err>
  </testcase>
  <testcase name="test250" classname="org.flywaydb.core.api.configuration.ClassicConfiguration_ESTest" time="0.166">
    <system-err><![CDATA[ERROR StatusLogger Log4j2 could not find a logging implementation. Please add log4j-core to the classpath. Using SimpleLogger to log to the console...
]]></system-err>
  </testcase>
  <testcase name="test006" classname="org.flywaydb.core.api.configuration.ClassicConfiguration_ESTest" time="0.137">
    <system-err><![CDATA[ERROR StatusLogger Log4j2 could not find a logging implementation. Please add log4j-core to the classpath. Using SimpleLogger to log to the console...
]]></system-err>
  </testcase>
  <testcase name="test127" classname="org.flywaydb.core.api.configuration.ClassicConfiguration_ESTest" time="0.113">
    <system-err><![CDATA[ERROR StatusLogger Log4j2 could not find a logging implementation. Please add log4j-core to the classpath. Using SimpleLogger to log to the console...
]]></system-err>
  </testcase>
  <testcase name="test248" classname="org.flywaydb.core.api.configuration.ClassicConfiguration_ESTest" time="0.137">
    <system-err><![CDATA[ERROR StatusLogger Log4j2 could not find a logging implementation. Please add log4j-core to the classpath. Using SimpleLogger to log to the console...
]]></system-err>
  </testcase>
  <testcase name="test007" classname="org.flywaydb.core.api.configuration.ClassicConfiguration_ESTest" time="0.113">
    <system-err><![CDATA[ERROR StatusLogger Log4j2 could not find a logging implementation. Please add log4j-core to the classpath. Using SimpleLogger to log to the console...
]]></system-err>
  </testcase>
  <testcase name="test128" classname="org.flywaydb.core.api.configuration.ClassicConfiguration_ESTest" time="0.135">
    <system-err><![CDATA[ERROR StatusLogger Log4j2 could not find a logging implementation. Please add log4j-core to the classpath. Using SimpleLogger to log to the console...
]]></system-err>
  </testcase>
  <testcase name="test249" classname="org.flywaydb.core.api.configuration.ClassicConfiguration_ESTest" time="0.13">
    <system-err><![CDATA[ERROR StatusLogger Log4j2 could not find a logging implementation. Please add log4j-core to the classpath. Using SimpleLogger to log to the console...
]]></system-err>
  </testcase>
  <testcase name="test008" classname="org.flywaydb.core.api.configuration.ClassicConfiguration_ESTest" time="0.125">
    <system-err><![CDATA[ERROR StatusLogger Log4j2 could not find a logging implementation. Please add log4j-core to the classpath. Using SimpleLogger to log to the console...
]]></system-err>
  </testcase>
  <testcase name="test129" classname="org.flywaydb.core.api.configuration.ClassicConfiguration_ESTest" time="0.11">
    <system-err><![CDATA[ERROR StatusLogger Log4j2 could not find a logging implementation. Please add log4j-core to the classpath. Using SimpleLogger to log to the console...
]]></system-err>
  </testcase>
  <testcase name="test009" classname="org.flywaydb.core.api.configuration.ClassicConfiguration_ESTest" time="0.16">
    <system-err><![CDATA[ERROR StatusLogger Log4j2 could not find a logging implementation. Please add log4j-core to the classpath. Using SimpleLogger to log to the console...
]]></system-err>
  </testcase>
  <testcase name="test002" classname="org.flywaydb.core.api.configuration.ClassicConfiguration_ESTest" time="0.109">
    <system-err><![CDATA[ERROR StatusLogger Log4j2 could not find a logging implementation. Please add log4j-core to the classpath. Using SimpleLogger to log to the console...
]]></system-err>
  </testcase>
  <testcase name="test123" classname="org.flywaydb.core.api.configuration.ClassicConfiguration_ESTest" time="0.118">
    <system-err><![CDATA[ERROR StatusLogger Log4j2 could not find a logging implementation. Please add log4j-core to the classpath. Using SimpleLogger to log to the console...
]]></system-err>
  </testcase>
  <testcase name="test244" classname="org.flywaydb.core.api.configuration.ClassicConfiguration_ESTest" time="0.103">
    <system-err><![CDATA[ERROR StatusLogger Log4j2 could not find a logging implementation. Please add log4j-core to the classpath. Using SimpleLogger to log to the console...
]]></system-err>
  </testcase>
  <testcase name="test003" classname="org.flywaydb.core.api.configuration.ClassicConfiguration_ESTest" time="0.123">
    <system-err><![CDATA[ERROR StatusLogger Log4j2 could not find a logging implementation. Please add log4j-core to the classpath. Using SimpleLogger to log to the console...
]]></system-err>
  </testcase>
  <testcase name="test124" classname="org.flywaydb.core.api.configuration.ClassicConfiguration_ESTest" time="0.116">
    <system-err><![CDATA[ERROR StatusLogger Log4j2 could not find a logging implementation. Please add log4j-core to the classpath. Using SimpleLogger to log to the console...
]]></system-err>
  </testcase>
  <testcase name="test245" classname="org.flywaydb.core.api.configuration.ClassicConfiguration_ESTest" time="0.135">
    <system-err><![CDATA[ERROR StatusLogger Log4j2 could not find a logging implementation. Please add log4j-core to the classpath. Using SimpleLogger to log to the console...
]]></system-err>
  </testcase>
  <testcase name="test004" classname="org.flywaydb.core.api.configuration.ClassicConfiguration_ESTest" time="0.131">
    <system-err><![CDATA[ERROR StatusLogger Log4j2 could not find a logging implementation. Please add log4j-core to the classpath. Using SimpleLogger to log to the console...
]]></system-err>
  </testcase>
  <testcase name="test125" classname="org.flywaydb.core.api.configuration.ClassicConfiguration_ESTest" time="0.155">
    <system-err><![CDATA[ERROR StatusLogger Log4j2 could not find a logging implementation. Please add log4j-core to the classpath. Using SimpleLogger to log to the console...
]]></system-err>
  </testcase>
  <testcase name="test246" classname="org.flywaydb.core.api.configuration.ClassicConfiguration_ESTest" time="0.128">
    <system-err><![CDATA[ERROR StatusLogger Log4j2 could not find a logging implementation. Please add log4j-core to the classpath. Using SimpleLogger to log to the console...
]]></system-err>
  </testcase>
  <testcase name="test005" classname="org.flywaydb.core.api.configuration.ClassicConfiguration_ESTest" time="0.179">
    <system-err><![CDATA[ERROR StatusLogger Log4j2 could not find a logging implementation. Please add log4j-core to the classpath. Using SimpleLogger to log to the console...
]]></system-err>
  </testcase>
  <testcase name="test126" classname="org.flywaydb.core.api.configuration.ClassicConfiguration_ESTest" time="0.174">
    <system-err><![CDATA[ERROR StatusLogger Log4j2 could not find a logging implementation. Please add log4j-core to the classpath. Using SimpleLogger to log to the console...
]]></system-err>
  </testcase>
  <testcase name="test247" classname="org.flywaydb.core.api.configuration.ClassicConfiguration_ESTest" time="0.125">
    <system-err><![CDATA[ERROR StatusLogger Log4j2 could not find a logging implementation. Please add log4j-core to the classpath. Using SimpleLogger to log to the console...
]]></system-err>
  </testcase>
  <testcase name="test220" classname="org.flywaydb.core.api.configuration.ClassicConfiguration_ESTest" time="0.103">
    <system-err><![CDATA[ERROR StatusLogger Log4j2 could not find a logging implementation. Please add log4j-core to the classpath. Using SimpleLogger to log to the console...
]]></system-err>
  </testcase>
  <testcase name="test100" classname="org.flywaydb.core.api.configuration.ClassicConfiguration_ESTest" time="0.116">
    <system-err><![CDATA[ERROR StatusLogger Log4j2 could not find a logging implementation. Please add log4j-core to the classpath. Using SimpleLogger to log to the console...
]]></system-err>
  </testcase>
  <testcase name="test221" classname="org.flywaydb.core.api.configuration.ClassicConfiguration_ESTest" time="0.109">
    <system-err><![CDATA[ERROR StatusLogger Log4j2 could not find a logging implementation. Please add log4j-core to the classpath. Using SimpleLogger to log to the console...
]]></system-err>
  </testcase>
  <testcase name="test219" classname="org.flywaydb.core.api.configuration.ClassicConfiguration_ESTest" time="0.131">
    <system-err><![CDATA[ERROR StatusLogger Log4j2 could not find a logging implementation. Please add log4j-core to the classpath. Using SimpleLogger to log to the console...
]]></system-err>
  </testcase>
  <testcase name="test215" classname="org.flywaydb.core.api.configuration.ClassicConfiguration_ESTest" time="0.111">
    <system-err><![CDATA[ERROR StatusLogger Log4j2 could not find a logging implementation. Please add log4j-core to the classpath. Using SimpleLogger to log to the console...
]]></system-err>
  </testcase>
  <testcase name="test216" classname="org.flywaydb.core.api.configuration.ClassicConfiguration_ESTest" time="0.118">
    <system-err><![CDATA[ERROR StatusLogger Log4j2 could not find a logging implementation. Please add log4j-core to the classpath. Using SimpleLogger to log to the console...
]]></system-err>
  </testcase>
  <testcase name="test217" classname="org.flywaydb.core.api.configuration.ClassicConfiguration_ESTest" time="0.115">
    <system-err><![CDATA[ERROR StatusLogger Log4j2 could not find a logging implementation. Please add log4j-core to the classpath. Using SimpleLogger to log to the console...
]]></system-err>
  </testcase>
  <testcase name="test218" classname="org.flywaydb.core.api.configuration.ClassicConfiguration_ESTest" time="0.111">
    <system-err><![CDATA[ERROR StatusLogger Log4j2 could not find a logging implementation. Please add log4j-core to the classpath. Using SimpleLogger to log to the console...
]]></system-err>
  </testcase>
  <testcase name="test211" classname="org.flywaydb.core.api.configuration.ClassicConfiguration_ESTest" time="0.116">
    <system-err><![CDATA[ERROR StatusLogger Log4j2 could not find a logging implementation. Please add log4j-core to the classpath. Using SimpleLogger to log to the console...
]]></system-err>
  </testcase>
  <testcase name="test212" classname="org.flywaydb.core.api.configuration.ClassicConfiguration_ESTest" time="0.099">
    <system-err><![CDATA[ERROR StatusLogger Log4j2 could not find a logging implementation. Please add log4j-core to the classpath. Using SimpleLogger to log to the console...
]]></system-err>
  </testcase>
  <testcase name="test213" classname="org.flywaydb.core.api.configuration.ClassicConfiguration_ESTest" time="0.114">
    <system-err><![CDATA[ERROR StatusLogger Log4j2 could not find a logging implementation. Please add log4j-core to the classpath. Using SimpleLogger to log to the console...
]]></system-err>
  </testcase>
  <testcase name="test214" classname="org.flywaydb.core.api.configuration.ClassicConfiguration_ESTest" time="0.124">
    <system-err><![CDATA[ERROR StatusLogger Log4j2 could not find a logging implementation. Please add log4j-core to the classpath. Using SimpleLogger to log to the console...
]]></system-err>
  </testcase>
  <testcase name="test230" classname="org.flywaydb.core.api.configuration.ClassicConfiguration_ESTest" time="0.119">
    <system-err><![CDATA[ERROR StatusLogger Log4j2 could not find a logging implementation. Please add log4j-core to the classpath. Using SimpleLogger to log to the console...
]]></system-err>
  </testcase>
  <testcase name="test110" classname="org.flywaydb.core.api.configuration.ClassicConfiguration_ESTest" time="0.112">
    <system-err><![CDATA[ERROR StatusLogger Log4j2 could not find a logging implementation. Please add log4j-core to the classpath. Using SimpleLogger to log to the console...
]]></system-err>
  </testcase>
  <testcase name="test231" classname="org.flywaydb.core.api.configuration.ClassicConfiguration_ESTest" time="0.114">
    <system-err><![CDATA[ERROR StatusLogger Log4j2 could not find a logging implementation. Please add log4j-core to the classpath. Using SimpleLogger to log to the console...
]]></system-err>
  </testcase>
  <testcase name="test111" classname="org.flywaydb.core.api.configuration.ClassicConfiguration_ESTest" time="0.105">
    <system-err><![CDATA[ERROR StatusLogger Log4j2 could not find a logging implementation. Please add log4j-core to the classpath. Using SimpleLogger to log to the console...
]]></system-err>
  </testcase>
  <testcase name="test232" classname="org.flywaydb.core.api.configuration.ClassicConfiguration_ESTest" time="0.109">
    <system-err><![CDATA[ERROR StatusLogger Log4j2 could not find a logging implementation. Please add log4j-core to the classpath. Using SimpleLogger to log to the console...
]]></system-err>
  </testcase>
  <testcase name="test109" classname="org.flywaydb.core.api.configuration.ClassicConfiguration_ESTest" time="0.107">
    <system-err><![CDATA[ERROR StatusLogger Log4j2 could not find a logging implementation. Please add log4j-core to the classpath. Using SimpleLogger to log to the console...
]]></system-err>
  </testcase>
  <testcase name="test105" classname="org.flywaydb.core.api.configuration.ClassicConfiguration_ESTest" time="0.099">
    <system-err><![CDATA[ERROR StatusLogger Log4j2 could not find a logging implementation. Please add log4j-core to the classpath. Using SimpleLogger to log to the console...
]]></system-err>
  </testcase>
  <testcase name="test226" classname="org.flywaydb.core.api.configuration.ClassicConfiguration_ESTest" time="0.099">
    <system-err><![CDATA[ERROR StatusLogger Log4j2 could not find a logging implementation. Please add log4j-core to the classpath. Using SimpleLogger to log to the console...
]]></system-err>
  </testcase>
  <testcase name="test106" classname="org.flywaydb.core.api.configuration.ClassicConfiguration_ESTest" time="0.116">
    <system-err><![CDATA[ERROR StatusLogger Log4j2 could not find a logging implementation. Please add log4j-core to the classpath. Using SimpleLogger to log to the console...
]]></system-err>
  </testcase>
  <testcase name="test227" classname="org.flywaydb.core.api.configuration.ClassicConfiguration_ESTest" time="0.111">
    <system-err><![CDATA[ERROR StatusLogger Log4j2 could not find a logging implementation. Please add log4j-core to the classpath. Using SimpleLogger to log to the console...
]]></system-err>
  </testcase>
  <testcase name="test107" classname="org.flywaydb.core.api.configuration.ClassicConfiguration_ESTest" time="0.121">
    <system-err><![CDATA[ERROR StatusLogger Log4j2 could not find a logging implementation. Please add log4j-core to the classpath. Using SimpleLogger to log to the console...
]]></system-err>
  </testcase>
  <testcase name="test228" classname="org.flywaydb.core.api.configuration.ClassicConfiguration_ESTest" time="0.133">
    <system-err><![CDATA[ERROR StatusLogger Log4j2 could not find a logging implementation. Please add log4j-core to the classpath. Using SimpleLogger to log to the console...
]]></system-err>
  </testcase>
  <testcase name="test108" classname="org.flywaydb.core.api.configuration.ClassicConfiguration_ESTest" time="0.143">
    <system-err><![CDATA[ERROR StatusLogger Log4j2 could not find a logging implementation. Please add log4j-core to the classpath. Using SimpleLogger to log to the console...
]]></system-err>
  </testcase>
  <testcase name="test229" classname="org.flywaydb.core.api.configuration.ClassicConfiguration_ESTest" time="0.13">
    <system-err><![CDATA[ERROR StatusLogger Log4j2 could not find a logging implementation. Please add log4j-core to the classpath. Using SimpleLogger to log to the console...
]]></system-err>
  </testcase>
  <testcase name="test101" classname="org.flywaydb.core.api.configuration.ClassicConfiguration_ESTest" time="0.106">
    <system-err><![CDATA[ERROR StatusLogger Log4j2 could not find a logging implementation. Please add log4j-core to the classpath. Using SimpleLogger to log to the console...
]]></system-err>
  </testcase>
  <testcase name="test222" classname="org.flywaydb.core.api.configuration.ClassicConfiguration_ESTest" time="0.095">
    <system-err><![CDATA[ERROR StatusLogger Log4j2 could not find a logging implementation. Please add log4j-core to the classpath. Using SimpleLogger to log to the console...
]]></system-err>
  </testcase>
  <testcase name="test102" classname="org.flywaydb.core.api.configuration.ClassicConfiguration_ESTest" time="0.103">
    <system-err><![CDATA[ERROR StatusLogger Log4j2 could not find a logging implementation. Please add log4j-core to the classpath. Using SimpleLogger to log to the console...
]]></system-err>
  </testcase>
  <testcase name="test223" classname="org.flywaydb.core.api.configuration.ClassicConfiguration_ESTest" time="0.11">
    <system-err><![CDATA[ERROR StatusLogger Log4j2 could not find a logging implementation. Please add log4j-core to the classpath. Using SimpleLogger to log to the console...
]]></system-err>
  </testcase>
  <testcase name="test103" classname="org.flywaydb.core.api.configuration.ClassicConfiguration_ESTest" time="0.118">
    <system-err><![CDATA[ERROR StatusLogger Log4j2 could not find a logging implementation. Please add log4j-core to the classpath. Using SimpleLogger to log to the console...
]]></system-err>
  </testcase>
  <testcase name="test224" classname="org.flywaydb.core.api.configuration.ClassicConfiguration_ESTest" time="0.106">
    <system-err><![CDATA[ERROR StatusLogger Log4j2 could not find a logging implementation. Please add log4j-core to the classpath. Using SimpleLogger to log to the console...
]]></system-err>
  </testcase>
  <testcase name="test104" classname="org.flywaydb.core.api.configuration.ClassicConfiguration_ESTest" time="0.107">
    <system-err><![CDATA[ERROR StatusLogger Log4j2 could not find a logging implementation. Please add log4j-core to the classpath. Using SimpleLogger to log to the console...
]]></system-err>
  </testcase>
  <testcase name="test225" classname="org.flywaydb.core.api.configuration.ClassicConfiguration_ESTest" time="0.107">
    <system-err><![CDATA[ERROR StatusLogger Log4j2 could not find a logging implementation. Please add log4j-core to the classpath. Using SimpleLogger to log to the console...
]]></system-err>
  </testcase>
  <testcase name="test042" classname="org.flywaydb.core.api.configuration.ClassicConfiguration_ESTest" time="0.109">
    <system-err><![CDATA[ERROR StatusLogger Log4j2 could not find a logging implementation. Please add log4j-core to the classpath. Using SimpleLogger to log to the console...
]]></system-err>
  </testcase>
  <testcase name="test163" classname="org.flywaydb.core.api.configuration.ClassicConfiguration_ESTest" time="0.104">
    <system-err><![CDATA[ERROR StatusLogger Log4j2 could not find a logging implementation. Please add log4j-core to the classpath. Using SimpleLogger to log to the console...
]]></system-err>
  </testcase>
  <testcase name="test043" classname="org.flywaydb.core.api.configuration.ClassicConfiguration_ESTest" time="0.098">
    <system-err><![CDATA[ERROR StatusLogger Log4j2 could not find a logging implementation. Please add log4j-core to the classpath. Using SimpleLogger to log to the console...
]]></system-err>
  </testcase>
  <testcase name="test164" classname="org.flywaydb.core.api.configuration.ClassicConfiguration_ESTest" time="0.104">
    <system-err><![CDATA[ERROR StatusLogger Log4j2 could not find a logging implementation. Please add log4j-core to the classpath. Using SimpleLogger to log to the console...
]]></system-err>
  </testcase>
  <testcase name="test044" classname="org.flywaydb.core.api.configuration.ClassicConfiguration_ESTest" time="0.123">
    <system-err><![CDATA[ERROR StatusLogger Log4j2 could not find a logging implementation. Please add log4j-core to the classpath. Using SimpleLogger to log to the console...
]]></system-err>
  </testcase>
  <testcase name="test165" classname="org.flywaydb.core.api.configuration.ClassicConfiguration_ESTest" time="0.142">
    <system-err><![CDATA[ERROR StatusLogger Log4j2 could not find a logging implementation. Please add log4j-core to the classpath. Using SimpleLogger to log to the console...
]]></system-err>
  </testcase>
  <testcase name="test045" classname="org.flywaydb.core.api.configuration.ClassicConfiguration_ESTest" time="0.098">
    <system-err><![CDATA[ERROR StatusLogger Log4j2 could not find a logging implementation. Please add log4j-core to the classpath. Using SimpleLogger to log to the console...
]]></system-err>
  </testcase>
  <testcase name="test166" classname="org.flywaydb.core.api.configuration.ClassicConfiguration_ESTest" time="0.115">
    <system-err><![CDATA[ERROR StatusLogger Log4j2 could not find a logging implementation. Please add log4j-core to the classpath. Using SimpleLogger to log to the console...
]]></system-err>
  </testcase>
  <testcase name="test280" classname="org.flywaydb.core.api.configuration.ClassicConfiguration_ESTest" time="0.095">
    <system-err><![CDATA[ERROR StatusLogger Log4j2 could not find a logging implementation. Please add log4j-core to the classpath. Using SimpleLogger to log to the console...
]]></system-err>
  </testcase>
  <testcase name="test160" classname="org.flywaydb.core.api.configuration.ClassicConfiguration_ESTest" time="0.11">
    <system-err><![CDATA[ERROR StatusLogger Log4j2 could not find a logging implementation. Please add log4j-core to the classpath. Using SimpleLogger to log to the console...
]]></system-err>
  </testcase>
  <testcase name="test281" classname="org.flywaydb.core.api.configuration.ClassicConfiguration_ESTest" time="0.121">
    <system-err><![CDATA[ERROR StatusLogger Log4j2 could not find a logging implementation. Please add log4j-core to the classpath. Using SimpleLogger to log to the console...
]]></system-err>
  </testcase>
  <testcase name="test040" classname="org.flywaydb.core.api.configuration.ClassicConfiguration_ESTest" time="0.116">
    <system-err><![CDATA[ERROR StatusLogger Log4j2 could not find a logging implementation. Please add log4j-core to the classpath. Using SimpleLogger to log to the console...
]]></system-err>
  </testcase>
  <testcase name="test161" classname="org.flywaydb.core.api.configuration.ClassicConfiguration_ESTest" time="0.117">
    <system-err><![CDATA[ERROR StatusLogger Log4j2 could not find a logging implementation. Please add log4j-core to the classpath. Using SimpleLogger to log to the console...
]]></system-err>
  </testcase>
  <testcase name="test041" classname="org.flywaydb.core.api.configuration.ClassicConfiguration_ESTest" time="0.109">
    <system-err><![CDATA[ERROR StatusLogger Log4j2 could not find a logging implementation. Please add log4j-core to the classpath. Using SimpleLogger to log to the console...
]]></system-err>
  </testcase>
  <testcase name="test162" classname="org.flywaydb.core.api.configuration.ClassicConfiguration_ESTest" time="0.126">
    <system-err><![CDATA[ERROR StatusLogger Log4j2 could not find a logging implementation. Please add log4j-core to the classpath. Using SimpleLogger to log to the console...
]]></system-err>
  </testcase>
  <testcase name="test039" classname="org.flywaydb.core.api.configuration.ClassicConfiguration_ESTest" time="0.095">
    <system-err><![CDATA[ERROR StatusLogger Log4j2 could not find a logging implementation. Please add log4j-core to the classpath. Using SimpleLogger to log to the console...
]]></system-err>
  </testcase>
  <testcase name="test035" classname="org.flywaydb.core.api.configuration.ClassicConfiguration_ESTest" time="0.11">
    <system-err><![CDATA[ERROR StatusLogger Log4j2 could not find a logging implementation. Please add log4j-core to the classpath. Using SimpleLogger to log to the console...
]]></system-err>
  </testcase>
  <testcase name="test156" classname="org.flywaydb.core.api.configuration.ClassicConfiguration_ESTest" time="0.099">
    <system-err><![CDATA[ERROR StatusLogger Log4j2 could not find a logging implementation. Please add log4j-core to the classpath. Using SimpleLogger to log to the console...
]]></system-err>
  </testcase>
  <testcase name="test277" classname="org.flywaydb.core.api.configuration.ClassicConfiguration_ESTest" time="0.097">
    <system-err><![CDATA[ERROR StatusLogger Log4j2 could not find a logging implementation. Please add log4j-core to the classpath. Using SimpleLogger to log to the console...
]]></system-err>
  </testcase>
  <testcase name="test036" classname="org.flywaydb.core.api.configuration.ClassicConfiguration_ESTest" time="0.128">
    <system-err><![CDATA[ERROR StatusLogger Log4j2 could not find a logging implementation. Please add log4j-core to the classpath. Using SimpleLogger to log to the console...
]]></system-err>
  </testcase>
  <testcase name="test157" classname="org.flywaydb.core.api.configuration.ClassicConfiguration_ESTest" time="0.166">
    <system-err><![CDATA[ERROR StatusLogger Log4j2 could not find a logging implementation. Please add log4j-core to the classpath. Using SimpleLogger to log to the console...
]]></system-err>
  </testcase>
  <testcase name="test278" classname="org.flywaydb.core.api.configuration.ClassicConfiguration_ESTest" time="0.14">
    <system-err><![CDATA[ERROR StatusLogger Log4j2 could not find a logging implementation. Please add log4j-core to the classpath. Using SimpleLogger to log to the console...
]]></system-err>
  </testcase>
  <testcase name="test037" classname="org.flywaydb.core.api.configuration.ClassicConfiguration_ESTest" time="0.151">
    <system-err><![CDATA[ERROR StatusLogger Log4j2 could not find a logging implementation. Please add log4j-core to the classpath. Using SimpleLogger to log to the console...
]]></system-err>
  </testcase>
  <testcase name="test158" classname="org.flywaydb.core.api.configuration.ClassicConfiguration_ESTest" time="0.119">
    <system-err><![CDATA[ERROR StatusLogger Log4j2 could not find a logging implementation. Please add log4j-core to the classpath. Using SimpleLogger to log to the console...
]]></system-err>
  </testcase>
  <testcase name="test279" classname="org.flywaydb.core.api.configuration.ClassicConfiguration_ESTest" time="0.113">
    <system-err><![CDATA[ERROR StatusLogger Log4j2 could not find a logging implementation. Please add log4j-core to the classpath. Using SimpleLogger to log to the console...
]]></system-err>
  </testcase>
  <testcase name="test038" classname="org.flywaydb.core.api.configuration.ClassicConfiguration_ESTest" time="0.129">
    <system-err><![CDATA[ERROR StatusLogger Log4j2 could not find a logging implementation. Please add log4j-core to the classpath. Using SimpleLogger to log to the console...
]]></system-err>
  </testcase>
  <testcase name="test159" classname="org.flywaydb.core.api.configuration.ClassicConfiguration_ESTest" time="0.118">
    <system-err><![CDATA[ERROR StatusLogger Log4j2 could not find a logging implementation. Please add log4j-core to the classpath. Using SimpleLogger to log to the console...
]]></system-err>
  </testcase>
  <testcase name="test053" classname="org.flywaydb.core.api.configuration.ClassicConfiguration_ESTest" time="0.12">
    <system-err><![CDATA[ERROR StatusLogger Log4j2 could not find a logging implementation. Please add log4j-core to the classpath. Using SimpleLogger to log to the console...
]]></system-err>
  </testcase>
  <testcase name="test174" classname="org.flywaydb.core.api.configuration.ClassicConfiguration_ESTest" time="0.117">
    <system-err><![CDATA[ERROR StatusLogger Log4j2 could not find a logging implementation. Please add log4j-core to the classpath. Using SimpleLogger to log to the console...
]]></system-err>
  </testcase>
  <testcase name="test054" classname="org.flywaydb.core.api.configuration.ClassicConfiguration_ESTest" time="0.13">
    <system-err><![CDATA[ERROR StatusLogger Log4j2 could not find a logging implementation. Please add log4j-core to the classpath. Using SimpleLogger to log to the console...
]]></system-err>
  </testcase>
  <testcase name="test175" classname="org.flywaydb.core.api.configuration.ClassicConfiguration_ESTest" time="0.112">
    <system-err><![CDATA[ERROR StatusLogger Log4j2 could not find a logging implementation. Please add log4j-core to the classpath. Using SimpleLogger to log to the console...
]]></system-err>
  </testcase>
  <testcase name="test055" classname="org.flywaydb.core.api.configuration.ClassicConfiguration_ESTest" time="0.109">
    <system-err><![CDATA[ERROR StatusLogger Log4j2 could not find a logging implementation. Please add log4j-core to the classpath. Using SimpleLogger to log to the console...
]]></system-err>
  </testcase>
  <testcase name="test176" classname="org.flywaydb.core.api.configuration.ClassicConfiguration_ESTest" time="0.113">
    <system-err><![CDATA[ERROR StatusLogger Log4j2 could not find a logging implementation. Please add log4j-core to the classpath. Using SimpleLogger to log to the console...
]]></system-err>
  </testcase>
  <testcase name="test056" classname="org.flywaydb.core.api.configuration.ClassicConfiguration_ESTest" time="0.099">
    <system-err><![CDATA[ERROR StatusLogger Log4j2 could not find a logging implementation. Please add log4j-core to the classpath. Using SimpleLogger to log to the console...
]]></system-err>
  </testcase>
  <testcase name="test177" classname="org.flywaydb.core.api.configuration.ClassicConfiguration_ESTest" time="0.096">
    <system-err><![CDATA[ERROR StatusLogger Log4j2 could not find a logging implementation. Please add log4j-core to the classpath. Using SimpleLogger to log to the console...
]]></system-err>
  </testcase>
  <testcase name="test170" classname="org.flywaydb.core.api.configuration.ClassicConfiguration_ESTest" time="0.118">
    <system-err><![CDATA[ERROR StatusLogger Log4j2 could not find a logging implementation. Please add log4j-core to the classpath. Using SimpleLogger to log to the console...
]]></system-err>
  </testcase>
  <testcase name="test050" classname="org.flywaydb.core.api.configuration.ClassicConfiguration_ESTest" time="0.103">
    <system-err><![CDATA[ERROR StatusLogger Log4j2 could not find a logging implementation. Please add log4j-core to the classpath. Using SimpleLogger to log to the console...
]]></system-err>
  </testcase>
  <testcase name="test171" classname="org.flywaydb.core.api.configuration.ClassicConfiguration_ESTest" time="0.125">
    <system-err><![CDATA[ERROR StatusLogger Log4j2 could not find a logging implementation. Please add log4j-core to the classpath. Using SimpleLogger to log to the console...
]]></system-err>
  </testcase>
  <testcase name="test051" classname="org.flywaydb.core.api.configuration.ClassicConfiguration_ESTest" time="0.097">
    <system-err><![CDATA[ERROR StatusLogger Log4j2 could not find a logging implementation. Please add log4j-core to the classpath. Using SimpleLogger to log to the console...
]]></system-err>
  </testcase>
  <testcase name="test172" classname="org.flywaydb.core.api.configuration.ClassicConfiguration_ESTest" time="0.117">
    <system-err><![CDATA[ERROR StatusLogger Log4j2 could not find a logging implementation. Please add log4j-core to the classpath. Using SimpleLogger to log to the console...
]]></system-err>
  </testcase>
  <testcase name="test052" classname="org.flywaydb.core.api.configuration.ClassicConfiguration_ESTest" time="0.1">
    <system-err><![CDATA[ERROR StatusLogger Log4j2 could not find a logging implementation. Please add log4j-core to the classpath. Using SimpleLogger to log to the console...
]]></system-err>
  </testcase>
  <testcase name="test173" classname="org.flywaydb.core.api.configuration.ClassicConfiguration_ESTest" time="0.107">
    <system-err><![CDATA[ERROR StatusLogger Log4j2 could not find a logging implementation. Please add log4j-core to the classpath. Using SimpleLogger to log to the console...
]]></system-err>
  </testcase>
  <testcase name="test046" classname="org.flywaydb.core.api.configuration.ClassicConfiguration_ESTest" time="0.101">
    <system-err><![CDATA[ERROR StatusLogger Log4j2 could not find a logging implementation. Please add log4j-core to the classpath. Using SimpleLogger to log to the console...
]]></system-err>
  </testcase>
  <testcase name="test167" classname="org.flywaydb.core.api.configuration.ClassicConfiguration_ESTest" time="0.112">
    <system-err><![CDATA[ERROR StatusLogger Log4j2 could not find a logging implementation. Please add log4j-core to the classpath. Using SimpleLogger to log to the console...
]]></system-err>
  </testcase>
  <testcase name="test047" classname="org.flywaydb.core.api.configuration.ClassicConfiguration_ESTest" time="0.128">
    <system-err><![CDATA[ERROR StatusLogger Log4j2 could not find a logging implementation. Please add log4j-core to the classpath. Using SimpleLogger to log to the console...
]]></system-err>
  </testcase>
  <testcase name="test168" classname="org.flywaydb.core.api.configuration.ClassicConfiguration_ESTest" time="0.119">
    <system-err><![CDATA[ERROR StatusLogger Log4j2 could not find a logging implementation. Please add log4j-core to the classpath. Using SimpleLogger to log to the console...
]]></system-err>
  </testcase>
  <testcase name="test048" classname="org.flywaydb.core.api.configuration.ClassicConfiguration_ESTest" time="0.135">
    <system-err><![CDATA[ERROR StatusLogger Log4j2 could not find a logging implementation. Please add log4j-core to the classpath. Using SimpleLogger to log to the console...
]]></system-err>
  </testcase>
  <testcase name="test169" classname="org.flywaydb.core.api.configuration.ClassicConfiguration_ESTest" time="0.124">
    <system-err><![CDATA[ERROR StatusLogger Log4j2 could not find a logging implementation. Please add log4j-core to the classpath. Using SimpleLogger to log to the console...
]]></system-err>
  </testcase>
  <testcase name="test049" classname="org.flywaydb.core.api.configuration.ClassicConfiguration_ESTest" time="0.12">
    <system-err><![CDATA[ERROR StatusLogger Log4j2 could not find a logging implementation. Please add log4j-core to the classpath. Using SimpleLogger to log to the console...
]]></system-err>
  </testcase>
  <testcase name="test020" classname="org.flywaydb.core.api.configuration.ClassicConfiguration_ESTest" time="0.109">
    <system-err><![CDATA[ERROR StatusLogger Log4j2 could not find a logging implementation. Please add log4j-core to the classpath. Using SimpleLogger to log to the console...
]]></system-err>
  </testcase>
  <testcase name="test141" classname="org.flywaydb.core.api.configuration.ClassicConfiguration_ESTest" time="0.136">
    <system-err><![CDATA[ERROR StatusLogger Log4j2 could not find a logging implementation. Please add log4j-core to the classpath. Using SimpleLogger to log to the console...
]]></system-err>
  </testcase>
  <testcase name="test262" classname="org.flywaydb.core.api.configuration.ClassicConfiguration_ESTest" time="0.097">
    <system-err><![CDATA[ERROR StatusLogger Log4j2 could not find a logging implementation. Please add log4j-core to the classpath. Using SimpleLogger to log to the console...
]]></system-err>
  </testcase>
  <testcase name="test021" classname="org.flywaydb.core.api.configuration.ClassicConfiguration_ESTest" time="0.123">
    <system-err><![CDATA[ERROR StatusLogger Log4j2 could not find a logging implementation. Please add log4j-core to the classpath. Using SimpleLogger to log to the console...
]]></system-err>
  </testcase>
  <testcase name="test142" classname="org.flywaydb.core.api.configuration.ClassicConfiguration_ESTest" time="0.141">
    <system-err><![CDATA[ERROR StatusLogger Log4j2 could not find a logging implementation. Please add log4j-core to the classpath. Using SimpleLogger to log to the console...
]]></system-err>
  </testcase>
  <testcase name="test263" classname="org.flywaydb.core.api.configuration.ClassicConfiguration_ESTest" time="0.164">
    <system-err><![CDATA[ERROR StatusLogger Log4j2 could not find a logging implementation. Please add log4j-core to the classpath. Using SimpleLogger to log to the console...
]]></system-err>
  </testcase>
  <testcase name="test022" classname="org.flywaydb.core.api.configuration.ClassicConfiguration_ESTest" time="0.168">
    <system-err><![CDATA[ERROR StatusLogger Log4j2 could not find a logging implementation. Please add log4j-core to the classpath. Using SimpleLogger to log to the console...
]]></system-err>
  </testcase>
  <testcase name="test143" classname="org.flywaydb.core.api.configuration.ClassicConfiguration_ESTest" time="0.121">
    <system-err><![CDATA[ERROR StatusLogger Log4j2 could not find a logging implementation. Please add log4j-core to the classpath. Using SimpleLogger to log to the console...
]]></system-err>
  </testcase>
  <testcase name="test264" classname="org.flywaydb.core.api.configuration.ClassicConfiguration_ESTest" time="0.099">
    <system-err><![CDATA[ERROR StatusLogger Log4j2 could not find a logging implementation. Please add log4j-core to the classpath. Using SimpleLogger to log to the console...
]]></system-err>
  </testcase>
  <testcase name="test023" classname="org.flywaydb.core.api.configuration.ClassicConfiguration_ESTest" time="0.115">
    <system-err><![CDATA[ERROR StatusLogger Log4j2 could not find a logging implementation. Please add log4j-core to the classpath. Using SimpleLogger to log to the console...
]]></system-err>
  </testcase>
  <testcase name="test144" classname="org.flywaydb.core.api.configuration.ClassicConfiguration_ESTest" time="0.13">
    <system-err><![CDATA[ERROR StatusLogger Log4j2 could not find a logging implementation. Please add log4j-core to the classpath. Using SimpleLogger to log to the console...
]]></system-err>
  </testcase>
  <testcase name="test265" classname="org.flywaydb.core.api.configuration.ClassicConfiguration_ESTest" time="0.091">
    <system-err><![CDATA[ERROR StatusLogger Log4j2 could not find a logging implementation. Please add log4j-core to the classpath. Using SimpleLogger to log to the console...
]]></system-err>
  </testcase>
  <testcase name="test260" classname="org.flywaydb.core.api.configuration.ClassicConfiguration_ESTest" time="0.116">
    <system-err><![CDATA[ERROR StatusLogger Log4j2 could not find a logging implementation. Please add log4j-core to the classpath. Using SimpleLogger to log to the console...
]]></system-err>
  </testcase>
  <testcase name="test140" classname="org.flywaydb.core.api.configuration.ClassicConfiguration_ESTest" time="0.105">
    <system-err><![CDATA[ERROR StatusLogger Log4j2 could not find a logging implementation. Please add log4j-core to the classpath. Using SimpleLogger to log to the console...
]]></system-err>
  </testcase>
  <testcase name="test261" classname="org.flywaydb.core.api.configuration.ClassicConfiguration_ESTest" time="0.128">
    <system-err><![CDATA[ERROR StatusLogger Log4j2 could not find a logging implementation. Please add log4j-core to the classpath. Using SimpleLogger to log to the console...
]]></system-err>
  </testcase>
  <testcase name="test017" classname="org.flywaydb.core.api.configuration.ClassicConfiguration_ESTest" time="0.092">
    <system-err><![CDATA[ERROR StatusLogger Log4j2 could not find a logging implementation. Please add log4j-core to the classpath. Using SimpleLogger to log to the console...
]]></system-err>
  </testcase>
  <testcase name="test138" classname="org.flywaydb.core.api.configuration.ClassicConfiguration_ESTest" time="0.123">
    <system-err><![CDATA[ERROR StatusLogger Log4j2 could not find a logging implementation. Please add log4j-core to the classpath. Using SimpleLogger to log to the console...
]]></system-err>
  </testcase>
  <testcase name="test259" classname="org.flywaydb.core.api.configuration.ClassicConfiguration_ESTest" time="0.095">
    <system-err><![CDATA[ERROR StatusLogger Log4j2 could not find a logging implementation. Please add log4j-core to the classpath. Using SimpleLogger to log to the console...
]]></system-err>
  </testcase>
  <testcase name="test018" classname="org.flywaydb.core.api.configuration.ClassicConfiguration_ESTest" time="0.113">
    <system-err><![CDATA[ERROR StatusLogger Log4j2 could not find a logging implementation. Please add log4j-core to the classpath. Using SimpleLogger to log to the console...
]]></system-err>
  </testcase>
  <testcase name="test139" classname="org.flywaydb.core.api.configuration.ClassicConfiguration_ESTest" time="0.112">
    <system-err><![CDATA[ERROR StatusLogger Log4j2 could not find a logging implementation. Please add log4j-core to the classpath. Using SimpleLogger to log to the console...
]]></system-err>
  </testcase>
  <testcase name="test019" classname="org.flywaydb.core.api.configuration.ClassicConfiguration_ESTest" time="0.122">
    <system-err><![CDATA[ERROR StatusLogger Log4j2 could not find a logging implementation. Please add log4j-core to the classpath. Using SimpleLogger to log to the console...
]]></system-err>
  </testcase>
  <testcase name="test013" classname="org.flywaydb.core.api.configuration.ClassicConfiguration_ESTest" time="0.097">
    <system-err><![CDATA[ERROR StatusLogger Log4j2 could not find a logging implementation. Please add log4j-core to the classpath. Using SimpleLogger to log to the console...
]]></system-err>
  </testcase>
  <testcase name="test134" classname="org.flywaydb.core.api.configuration.ClassicConfiguration_ESTest" time="0.103">
    <system-err><![CDATA[ERROR StatusLogger Log4j2 could not find a logging implementation. Please add log4j-core to the classpath. Using SimpleLogger to log to the console...
]]></system-err>
  </testcase>
  <testcase name="test255" classname="org.flywaydb.core.api.configuration.ClassicConfiguration_ESTest" time="0.12">
    <system-err><![CDATA[ERROR StatusLogger Log4j2 could not find a logging implementation. Please add log4j-core to the classpath. Using SimpleLogger to log to the console...
]]></system-err>
  </testcase>
  <testcase name="test014" classname="org.flywaydb.core.api.configuration.ClassicConfiguration_ESTest" time="0.147">
    <system-err><![CDATA[ERROR StatusLogger Log4j2 could not find a logging implementation. Please add log4j-core to the classpath. Using SimpleLogger to log to the console...
]]></system-err>
  </testcase>
  <testcase name="test135" classname="org.flywaydb.core.api.configuration.ClassicConfiguration_ESTest" time="0.117">
    <system-err><![CDATA[ERROR StatusLogger Log4j2 could not find a logging implementation. Please add log4j-core to the classpath. Using SimpleLogger to log to the console...
]]></system-err>
  </testcase>
  <testcase name="test256" classname="org.flywaydb.core.api.configuration.ClassicConfiguration_ESTest" time="0.112">
    <system-err><![CDATA[ERROR StatusLogger Log4j2 could not find a logging implementation. Please add log4j-core to the classpath. Using SimpleLogger to log to the console...
]]></system-err>
  </testcase>
  <testcase name="test015" classname="org.flywaydb.core.api.configuration.ClassicConfiguration_ESTest" time="0.1">
    <system-err><![CDATA[ERROR StatusLogger Log4j2 could not find a logging implementation. Please add log4j-core to the classpath. Using SimpleLogger to log to the console...
]]></system-err>
  </testcase>
  <testcase name="test136" classname="org.flywaydb.core.api.configuration.ClassicConfiguration_ESTest" time="0.098">
    <system-err><![CDATA[ERROR StatusLogger Log4j2 could not find a logging implementation. Please add log4j-core to the classpath. Using SimpleLogger to log to the console...
]]></system-err>
  </testcase>
  <testcase name="test257" classname="org.flywaydb.core.api.configuration.ClassicConfiguration_ESTest" time="0.102">
    <system-err><![CDATA[ERROR StatusLogger Log4j2 could not find a logging implementation. Please add log4j-core to the classpath. Using SimpleLogger to log to the console...
]]></system-err>
  </testcase>
  <testcase name="test016" classname="org.flywaydb.core.api.configuration.ClassicConfiguration_ESTest" time="0.096">
    <system-err><![CDATA[ERROR StatusLogger Log4j2 could not find a logging implementation. Please add log4j-core to the classpath. Using SimpleLogger to log to the console...
]]></system-err>
  </testcase>
  <testcase name="test137" classname="org.flywaydb.core.api.configuration.ClassicConfiguration_ESTest" time="0.104">
    <system-err><![CDATA[ERROR StatusLogger Log4j2 could not find a logging implementation. Please add log4j-core to the classpath. Using SimpleLogger to log to the console...
]]></system-err>
  </testcase>
  <testcase name="test258" classname="org.flywaydb.core.api.configuration.ClassicConfiguration_ESTest" time="0.086">
    <system-err><![CDATA[ERROR StatusLogger Log4j2 could not find a logging implementation. Please add log4j-core to the classpath. Using SimpleLogger to log to the console...
]]></system-err>
  </testcase>
  <testcase name="test031" classname="org.flywaydb.core.api.configuration.ClassicConfiguration_ESTest" time="0.106">
    <system-err><![CDATA[ERROR StatusLogger Log4j2 could not find a logging implementation. Please add log4j-core to the classpath. Using SimpleLogger to log to the console...
]]></system-err>
  </testcase>
  <testcase name="test152" classname="org.flywaydb.core.api.configuration.ClassicConfiguration_ESTest" time="0.092">
    <system-err><![CDATA[ERROR StatusLogger Log4j2 could not find a logging implementation. Please add log4j-core to the classpath. Using SimpleLogger to log to the console...
]]></system-err>
  </testcase>
  <testcase name="test273" classname="org.flywaydb.core.api.configuration.ClassicConfiguration_ESTest" time="0.096">
    <system-err><![CDATA[ERROR StatusLogger Log4j2 could not find a logging implementation. Please add log4j-core to the classpath. Using SimpleLogger to log to the console...
]]></system-err>
  </testcase>
  <testcase name="test032" classname="org.flywaydb.core.api.configuration.ClassicConfiguration_ESTest" time="0.108">
    <system-err><![CDATA[ERROR StatusLogger Log4j2 could not find a logging implementation. Please add log4j-core to the classpath. Using SimpleLogger to log to the console...
]]></system-err>
  </testcase>
  <testcase name="test153" classname="org.flywaydb.core.api.configuration.ClassicConfiguration_ESTest" time="0.1">
    <system-err><![CDATA[ERROR StatusLogger Log4j2 could not find a logging implementation. Please add log4j-core to the classpath. Using SimpleLogger to log to the console...
]]></system-err>
  </testcase>
  <testcase name="test274" classname="org.flywaydb.core.api.configuration.ClassicConfiguration_ESTest" time="0.106">
    <system-err><![CDATA[ERROR StatusLogger Log4j2 could not find a logging implementation. Please add log4j-core to the classpath. Using SimpleLogger to log to the console...
]]></system-err>
  </testcase>
  <testcase name="test033" classname="org.flywaydb.core.api.configuration.ClassicConfiguration_ESTest" time="0.109">
    <system-err><![CDATA[ERROR StatusLogger Log4j2 could not find a logging implementation. Please add log4j-core to the classpath. Using SimpleLogger to log to the console...
]]></system-err>
  </testcase>
  <testcase name="test154" classname="org.flywaydb.core.api.configuration.ClassicConfiguration_ESTest" time="0.106">
    <system-err><![CDATA[ERROR StatusLogger Log4j2 could not find a logging implementation. Please add log4j-core to the classpath. Using SimpleLogger to log to the console...
]]></system-err>
  </testcase>
  <testcase name="test275" classname="org.flywaydb.core.api.configuration.ClassicConfiguration_ESTest" time="0.128">
    <system-err><![CDATA[ERROR StatusLogger Log4j2 could not find a logging implementation. Please add log4j-core to the classpath. Using SimpleLogger to log to the console...
]]></system-err>
  </testcase>
  <testcase name="test034" classname="org.flywaydb.core.api.configuration.ClassicConfiguration_ESTest" time="0.163">
    <system-err><![CDATA[ERROR StatusLogger Log4j2 could not find a logging implementation. Please add log4j-core to the classpath. Using SimpleLogger to log to the console...
]]></system-err>
  </testcase>
  <testcase name="test155" classname="org.flywaydb.core.api.configuration.ClassicConfiguration_ESTest" time="0.131">
    <system-err><![CDATA[ERROR StatusLogger Log4j2 could not find a logging implementation. Please add log4j-core to the classpath. Using SimpleLogger to log to the console...
]]></system-err>
  </testcase>
  <testcase name="test276" classname="org.flywaydb.core.api.configuration.ClassicConfiguration_ESTest" time="0.123">
    <system-err><![CDATA[ERROR StatusLogger Log4j2 could not find a logging implementation. Please add log4j-core to the classpath. Using SimpleLogger to log to the console...
]]></system-err>
  </testcase>
  <testcase name="test270" classname="org.flywaydb.core.api.configuration.ClassicConfiguration_ESTest" time="0.122">
    <system-err><![CDATA[ERROR StatusLogger Log4j2 could not find a logging implementation. Please add log4j-core to the classpath. Using SimpleLogger to log to the console...
]]></system-err>
  </testcase>
  <testcase name="test150" classname="org.flywaydb.core.api.configuration.ClassicConfiguration_ESTest" time="0.102">
    <system-err><![CDATA[ERROR StatusLogger Log4j2 could not find a logging implementation. Please add log4j-core to the classpath. Using SimpleLogger to log to the console...
]]></system-err>
  </testcase>
  <testcase name="test271" classname="org.flywaydb.core.api.configuration.ClassicConfiguration_ESTest" time="0.097">
    <system-err><![CDATA[ERROR StatusLogger Log4j2 could not find a logging implementation. Please add log4j-core to the classpath. Using SimpleLogger to log to the console...
]]></system-err>
  </testcase>
  <testcase name="test030" classname="org.flywaydb.core.api.configuration.ClassicConfiguration_ESTest" time="0.094">
    <system-err><![CDATA[ERROR StatusLogger Log4j2 could not find a logging implementation. Please add log4j-core to the classpath. Using SimpleLogger to log to the console...
]]></system-err>
  </testcase>
  <testcase name="test151" classname="org.flywaydb.core.api.configuration.ClassicConfiguration_ESTest" time="0.112">
    <system-err><![CDATA[ERROR StatusLogger Log4j2 could not find a logging implementation. Please add log4j-core to the classpath. Using SimpleLogger to log to the console...
]]></system-err>
  </testcase>
  <testcase name="test272" classname="org.flywaydb.core.api.configuration.ClassicConfiguration_ESTest" time="0.09">
    <system-err><![CDATA[ERROR StatusLogger Log4j2 could not find a logging implementation. Please add log4j-core to the classpath. Using SimpleLogger to log to the console...
]]></system-err>
  </testcase>
  <testcase name="test028" classname="org.flywaydb.core.api.configuration.ClassicConfiguration_ESTest" time="0.132">
    <system-err><![CDATA[ERROR StatusLogger Log4j2 could not find a logging implementation. Please add log4j-core to the classpath. Using SimpleLogger to log to the console...
]]></system-err>
  </testcase>
  <testcase name="test149" classname="org.flywaydb.core.api.configuration.ClassicConfiguration_ESTest" time="0.077">
    <system-err><![CDATA[ERROR StatusLogger Log4j2 could not find a logging implementation. Please add log4j-core to the classpath. Using SimpleLogger to log to the console...
]]></system-err>
  </testcase>
  <testcase name="test029" classname="org.flywaydb.core.api.configuration.ClassicConfiguration_ESTest" time="0.109">
    <system-err><![CDATA[ERROR StatusLogger Log4j2 could not find a logging implementation. Please add log4j-core to the classpath. Using SimpleLogger to log to the console...
]]></system-err>
  </testcase>
  <testcase name="test024" classname="org.flywaydb.core.api.configuration.ClassicConfiguration_ESTest" time="0.122">
    <system-err><![CDATA[ERROR StatusLogger Log4j2 could not find a logging implementation. Please add log4j-core to the classpath. Using SimpleLogger to log to the console...
]]></system-err>
  </testcase>
  <testcase name="test145" classname="org.flywaydb.core.api.configuration.ClassicConfiguration_ESTest" time="0.095">
    <system-err><![CDATA[ERROR StatusLogger Log4j2 could not find a logging implementation. Please add log4j-core to the classpath. Using SimpleLogger to log to the console...
]]></system-err>
  </testcase>
  <testcase name="test266" classname="org.flywaydb.core.api.configuration.ClassicConfiguration_ESTest" time="0.128">
    <system-err><![CDATA[ERROR StatusLogger Log4j2 could not find a logging implementation. Please add log4j-core to the classpath. Using SimpleLogger to log to the console...
]]></system-err>
  </testcase>
  <testcase name="test025" classname="org.flywaydb.core.api.configuration.ClassicConfiguration_ESTest" time="0.119">
    <system-err><![CDATA[ERROR StatusLogger Log4j2 could not find a logging implementation. Please add log4j-core to the classpath. Using SimpleLogger to log to the console...
]]></system-err>
  </testcase>
  <testcase name="test146" classname="org.flywaydb.core.api.configuration.ClassicConfiguration_ESTest" time="0.123">
    <system-err><![CDATA[ERROR StatusLogger Log4j2 could not find a logging implementation. Please add log4j-core to the classpath. Using SimpleLogger to log to the console...
]]></system-err>
  </testcase>
  <testcase name="test267" classname="org.flywaydb.core.api.configuration.ClassicConfiguration_ESTest" time="0.116">
    <system-err><![CDATA[ERROR StatusLogger Log4j2 could not find a logging implementation. Please add log4j-core to the classpath. Using SimpleLogger to log to the console...
]]></system-err>
  </testcase>
  <testcase name="test026" classname="org.flywaydb.core.api.configuration.ClassicConfiguration_ESTest" time="0.113">
    <system-err><![CDATA[ERROR StatusLogger Log4j2 could not find a logging implementation. Please add log4j-core to the classpath. Using SimpleLogger to log to the console...
]]></system-err>
  </testcase>
  <testcase name="test147" classname="org.flywaydb.core.api.configuration.ClassicConfiguration_ESTest" time="0.098">
    <system-err><![CDATA[ERROR StatusLogger Log4j2 could not find a logging implementation. Please add log4j-core to the classpath. Using SimpleLogger to log to the console...
]]></system-err>
  </testcase>
  <testcase name="test268" classname="org.flywaydb.core.api.configuration.ClassicConfiguration_ESTest" time="0.132">
    <system-err><![CDATA[ERROR StatusLogger Log4j2 could not find a logging implementation. Please add log4j-core to the classpath. Using SimpleLogger to log to the console...
]]></system-err>
  </testcase>
  <testcase name="test027" classname="org.flywaydb.core.api.configuration.ClassicConfiguration_ESTest" time="0.086">
    <system-err><![CDATA[ERROR StatusLogger Log4j2 could not find a logging implementation. Please add log4j-core to the classpath. Using SimpleLogger to log to the console...
]]></system-err>
  </testcase>
  <testcase name="test148" classname="org.flywaydb.core.api.configuration.ClassicConfiguration_ESTest" time="0.166">
    <system-err><![CDATA[ERROR StatusLogger Log4j2 could not find a logging implementation. Please add log4j-core to the classpath. Using SimpleLogger to log to the console...
]]></system-err>
  </testcase>
  <testcase name="test269" classname="org.flywaydb.core.api.configuration.ClassicConfiguration_ESTest" time="0.104">
    <system-err><![CDATA[ERROR StatusLogger Log4j2 could not find a logging implementation. Please add log4j-core to the classpath. Using SimpleLogger to log to the console...
]]></system-err>
  </testcase>
  <testcase name="test086" classname="org.flywaydb.core.api.configuration.ClassicConfiguration_ESTest" time="0.112">
    <system-err><![CDATA[ERROR StatusLogger Log4j2 could not find a logging implementation. Please add log4j-core to the classpath. Using SimpleLogger to log to the console...
]]></system-err>
  </testcase>
  <testcase name="test087" classname="org.flywaydb.core.api.configuration.ClassicConfiguration_ESTest" time="0.111">
    <system-err><![CDATA[ERROR StatusLogger Log4j2 could not find a logging implementation. Please add log4j-core to the classpath. Using SimpleLogger to log to the console...
]]></system-err>
  </testcase>
  <testcase name="test088" classname="org.flywaydb.core.api.configuration.ClassicConfiguration_ESTest" time="0.14">
    <system-err><![CDATA[ERROR StatusLogger Log4j2 could not find a logging implementation. Please add log4j-core to the classpath. Using SimpleLogger to log to the console...
]]></system-err>
  </testcase>
  <testcase name="test089" classname="org.flywaydb.core.api.configuration.ClassicConfiguration_ESTest" time="0.099">
    <system-err><![CDATA[ERROR StatusLogger Log4j2 could not find a logging implementation. Please add log4j-core to the classpath. Using SimpleLogger to log to the console...
]]></system-err>
  </testcase>
  <testcase name="test082" classname="org.flywaydb.core.api.configuration.ClassicConfiguration_ESTest" time="0.12">
    <system-err><![CDATA[ERROR StatusLogger Log4j2 could not find a logging implementation. Please add log4j-core to the classpath. Using SimpleLogger to log to the console...
]]></system-err>
  </testcase>
  <testcase name="test083" classname="org.flywaydb.core.api.configuration.ClassicConfiguration_ESTest" time="0.088">
    <system-err><![CDATA[ERROR StatusLogger Log4j2 could not find a logging implementation. Please add log4j-core to the classpath. Using SimpleLogger to log to the console...
]]></system-err>
  </testcase>
  <testcase name="test084" classname="org.flywaydb.core.api.configuration.ClassicConfiguration_ESTest" time="0.103">
    <system-err><![CDATA[ERROR StatusLogger Log4j2 could not find a logging implementation. Please add log4j-core to the classpath. Using SimpleLogger to log to the console...
]]></system-err>
  </testcase>
  <testcase name="test085" classname="org.flywaydb.core.api.configuration.ClassicConfiguration_ESTest" time="0.109">
    <system-err><![CDATA[ERROR StatusLogger Log4j2 could not find a logging implementation. Please add log4j-core to the classpath. Using SimpleLogger to log to the console...
]]></system-err>
  </testcase>
  <testcase name="test080" classname="org.flywaydb.core.api.configuration.ClassicConfiguration_ESTest" time="0.102">
    <system-err><![CDATA[ERROR StatusLogger Log4j2 could not find a logging implementation. Please add log4j-core to the classpath. Using SimpleLogger to log to the console...
]]></system-err>
  </testcase>
  <testcase name="test081" classname="org.flywaydb.core.api.configuration.ClassicConfiguration_ESTest" time="0.106">
    <system-err><![CDATA[ERROR StatusLogger Log4j2 could not find a logging implementation. Please add log4j-core to the classpath. Using SimpleLogger to log to the console...
]]></system-err>
  </testcase>
  <testcase name="test079" classname="org.flywaydb.core.api.configuration.ClassicConfiguration_ESTest" time="0.097">
    <system-err><![CDATA[ERROR StatusLogger Log4j2 could not find a logging implementation. Please add log4j-core to the classpath. Using SimpleLogger to log to the console...
]]></system-err>
  </testcase>
  <testcase name="test097" classname="org.flywaydb.core.api.configuration.ClassicConfiguration_ESTest" time="0.106">
    <system-err><![CDATA[ERROR StatusLogger Log4j2 could not find a logging implementation. Please add log4j-core to the classpath. Using SimpleLogger to log to the console...
]]></system-err>
  </testcase>
  <testcase name="test098" classname="org.flywaydb.core.api.configuration.ClassicConfiguration_ESTest" time="0.09">
    <system-err><![CDATA[ERROR StatusLogger Log4j2 could not find a logging implementation. Please add log4j-core to the classpath. Using SimpleLogger to log to the console...
]]></system-err>
  </testcase>
  <testcase name="test099" classname="org.flywaydb.core.api.configuration.ClassicConfiguration_ESTest" time="0.12">
    <system-err><![CDATA[ERROR StatusLogger Log4j2 could not find a logging implementation. Please add log4j-core to the classpath. Using SimpleLogger to log to the console...
]]></system-err>
  </testcase>
  <testcase name="test093" classname="org.flywaydb.core.api.configuration.ClassicConfiguration_ESTest" time="0.103">
    <system-err><![CDATA[ERROR StatusLogger Log4j2 could not find a logging implementation. Please add log4j-core to the classpath. Using SimpleLogger to log to the console...
]]></system-err>
  </testcase>
  <testcase name="test094" classname="org.flywaydb.core.api.configuration.ClassicConfiguration_ESTest" time="0.126">
    <system-err><![CDATA[ERROR StatusLogger Log4j2 could not find a logging implementation. Please add log4j-core to the classpath. Using SimpleLogger to log to the console...
]]></system-err>
  </testcase>
  <testcase name="test095" classname="org.flywaydb.core.api.configuration.ClassicConfiguration_ESTest" time="0.137">
    <system-err><![CDATA[ERROR StatusLogger Log4j2 could not find a logging implementation. Please add log4j-core to the classpath. Using SimpleLogger to log to the console...
]]></system-err>
  </testcase>
  <testcase name="test096" classname="org.flywaydb.core.api.configuration.ClassicConfiguration_ESTest" time="0.167">
    <system-err><![CDATA[ERROR StatusLogger Log4j2 could not find a logging implementation. Please add log4j-core to the classpath. Using SimpleLogger to log to the console...
]]></system-err>
  </testcase>
  <testcase name="test090" classname="org.flywaydb.core.api.configuration.ClassicConfiguration_ESTest" time="0.098">
    <system-err><![CDATA[ERROR StatusLogger Log4j2 could not find a logging implementation. Please add log4j-core to the classpath. Using SimpleLogger to log to the console...
]]></system-err>
  </testcase>
  <testcase name="test091" classname="org.flywaydb.core.api.configuration.ClassicConfiguration_ESTest" time="0.116">
    <system-err><![CDATA[ERROR StatusLogger Log4j2 could not find a logging implementation. Please add log4j-core to the classpath. Using SimpleLogger to log to the console...
]]></system-err>
  </testcase>
  <testcase name="test092" classname="org.flywaydb.core.api.configuration.ClassicConfiguration_ESTest" time="0.102">
    <system-err><![CDATA[ERROR StatusLogger Log4j2 could not find a logging implementation. Please add log4j-core to the classpath. Using SimpleLogger to log to the console...
]]></system-err>
  </testcase>
  <testcase name="test064" classname="org.flywaydb.core.api.configuration.ClassicConfiguration_ESTest" time="0.093">
    <system-err><![CDATA[ERROR StatusLogger Log4j2 could not find a logging implementation. Please add log4j-core to the classpath. Using SimpleLogger to log to the console...
]]></system-err>
  </testcase>
  <testcase name="test185" classname="org.flywaydb.core.api.configuration.ClassicConfiguration_ESTest" time="0.104">
    <system-err><![CDATA[ERROR StatusLogger Log4j2 could not find a logging implementation. Please add log4j-core to the classpath. Using SimpleLogger to log to the console...
]]></system-err>
  </testcase>
  <testcase name="test065" classname="org.flywaydb.core.api.configuration.ClassicConfiguration_ESTest" time="0.099">
    <system-err><![CDATA[ERROR StatusLogger Log4j2 could not find a logging implementation. Please add log4j-core to the classpath. Using SimpleLogger to log to the console...
]]></system-err>
  </testcase>
  <testcase name="test186" classname="org.flywaydb.core.api.configuration.ClassicConfiguration_ESTest" time="0.11">
    <system-err><![CDATA[ERROR StatusLogger Log4j2 could not find a logging implementation. Please add log4j-core to the classpath. Using SimpleLogger to log to the console...
]]></system-err>
  </testcase>
  <testcase name="test066" classname="org.flywaydb.core.api.configuration.ClassicConfiguration_ESTest" time="0.106">
    <system-err><![CDATA[ERROR StatusLogger Log4j2 could not find a logging implementation. Please add log4j-core to the classpath. Using SimpleLogger to log to the console...
]]></system-err>
  </testcase>
  <testcase name="test187" classname="org.flywaydb.core.api.configuration.ClassicConfiguration_ESTest" time="0.129">
    <system-err><![CDATA[ERROR StatusLogger Log4j2 could not find a logging implementation. Please add log4j-core to the classpath. Using SimpleLogger to log to the console...
]]></system-err>
  </testcase>
  <testcase name="test067" classname="org.flywaydb.core.api.configuration.ClassicConfiguration_ESTest" time="0.087">
    <system-err><![CDATA[ERROR StatusLogger Log4j2 could not find a logging implementation. Please add log4j-core to the classpath. Using SimpleLogger to log to the console...
]]></system-err>
  </testcase>
  <testcase name="test188" classname="org.flywaydb.core.api.configuration.ClassicConfiguration_ESTest" time="0.113">
    <system-err><![CDATA[ERROR StatusLogger Log4j2 could not find a logging implementation. Please add log4j-core to the classpath. Using SimpleLogger to log to the console...
]]></system-err>
  </testcase>
  <testcase name="test060" classname="org.flywaydb.core.api.configuration.ClassicConfiguration_ESTest" time="0.129">
    <system-err><![CDATA[ERROR StatusLogger Log4j2 could not find a logging implementation. Please add log4j-core to the classpath. Using SimpleLogger to log to the console...
]]></system-err>
  </testcase>
  <testcase name="test181" classname="org.flywaydb.core.api.configuration.ClassicConfiguration_ESTest" time="0.126">
    <system-err><![CDATA[ERROR StatusLogger Log4j2 could not find a logging implementation. Please add log4j-core to the classpath. Using SimpleLogger to log to the console...
]]></system-err>
  </testcase>
  <testcase name="test061" classname="org.flywaydb.core.api.configuration.ClassicConfiguration_ESTest" time="0.1">
    <system-err><![CDATA[ERROR StatusLogger Log4j2 could not find a logging implementation. Please add log4j-core to the classpath. Using SimpleLogger to log to the console...
]]></system-err>
  </testcase>
  <testcase name="test182" classname="org.flywaydb.core.api.configuration.ClassicConfiguration_ESTest" time="0.124">
    <system-err><![CDATA[ERROR StatusLogger Log4j2 could not find a logging implementation. Please add log4j-core to the classpath. Using SimpleLogger to log to the console...
]]></system-err>
  </testcase>
  <testcase name="test062" classname="org.flywaydb.core.api.configuration.ClassicConfiguration_ESTest" time="0.115">
    <system-err><![CDATA[ERROR StatusLogger Log4j2 could not find a logging implementation. Please add log4j-core to the classpath. Using SimpleLogger to log to the console...
]]></system-err>
  </testcase>
  <testcase name="test183" classname="org.flywaydb.core.api.configuration.ClassicConfiguration_ESTest" time="0.125">
    <system-err><![CDATA[ERROR StatusLogger Log4j2 could not find a logging implementation. Please add log4j-core to the classpath. Using SimpleLogger to log to the console...
]]></system-err>
  </testcase>
  <testcase name="test063" classname="org.flywaydb.core.api.configuration.ClassicConfiguration_ESTest" time="0.115">
    <system-err><![CDATA[ERROR StatusLogger Log4j2 could not find a logging implementation. Please add log4j-core to the classpath. Using SimpleLogger to log to the console...
]]></system-err>
  </testcase>
  <testcase name="test184" classname="org.flywaydb.core.api.configuration.ClassicConfiguration_ESTest" time="0.12">
    <system-err><![CDATA[ERROR StatusLogger Log4j2 could not find a logging implementation. Please add log4j-core to the classpath. Using SimpleLogger to log to the console...
]]></system-err>
  </testcase>
  <testcase name="test180" classname="org.flywaydb.core.api.configuration.ClassicConfiguration_ESTest" time="0.123">
    <system-err><![CDATA[ERROR StatusLogger Log4j2 could not find a logging implementation. Please add log4j-core to the classpath. Using SimpleLogger to log to the console...
]]></system-err>
  </testcase>
  <testcase name="test057" classname="org.flywaydb.core.api.configuration.ClassicConfiguration_ESTest" time="0.152">
    <system-err><![CDATA[ERROR StatusLogger Log4j2 could not find a logging implementation. Please add log4j-core to the classpath. Using SimpleLogger to log to the console...
]]></system-err>
  </testcase>
  <testcase name="test178" classname="org.flywaydb.core.api.configuration.ClassicConfiguration_ESTest" time="0.13">
    <system-err><![CDATA[ERROR StatusLogger Log4j2 could not find a logging implementation. Please add log4j-core to the classpath. Using SimpleLogger to log to the console...
]]></system-err>
  </testcase>
  <testcase name="test058" classname="org.flywaydb.core.api.configuration.ClassicConfiguration_ESTest" time="0.128">
    <system-err><![CDATA[ERROR StatusLogger Log4j2 could not find a logging implementation. Please add log4j-core to the classpath. Using SimpleLogger to log to the console...
]]></system-err>
  </testcase>
  <testcase name="test179" classname="org.flywaydb.core.api.configuration.ClassicConfiguration_ESTest" time="0.148">
    <system-err><![CDATA[ERROR StatusLogger Log4j2 could not find a logging implementation. Please add log4j-core to the classpath. Using SimpleLogger to log to the console...
]]></system-err>
  </testcase>
  <testcase name="test059" classname="org.flywaydb.core.api.configuration.ClassicConfiguration_ESTest" time="0.115">
    <system-err><![CDATA[ERROR StatusLogger Log4j2 could not find a logging implementation. Please add log4j-core to the classpath. Using SimpleLogger to log to the console...
]]></system-err>
  </testcase>
  <testcase name="test075" classname="org.flywaydb.core.api.configuration.ClassicConfiguration_ESTest" time="0.108">
    <system-err><![CDATA[ERROR StatusLogger Log4j2 could not find a logging implementation. Please add log4j-core to the classpath. Using SimpleLogger to log to the console...
]]></system-err>
  </testcase>
  <testcase name="test196" classname="org.flywaydb.core.api.configuration.ClassicConfiguration_ESTest" time="0.124">
    <system-err><![CDATA[ERROR StatusLogger Log4j2 could not find a logging implementation. Please add log4j-core to the classpath. Using SimpleLogger to log to the console...
]]></system-err>
  </testcase>
  <testcase name="test076" classname="org.flywaydb.core.api.configuration.ClassicConfiguration_ESTest" time="0.132">
    <system-err><![CDATA[ERROR StatusLogger Log4j2 could not find a logging implementation. Please add log4j-core to the classpath. Using SimpleLogger to log to the console...
]]></system-err>
  </testcase>
  <testcase name="test197" classname="org.flywaydb.core.api.configuration.ClassicConfiguration_ESTest" time="0.122">
    <system-err><![CDATA[ERROR StatusLogger Log4j2 could not find a logging implementation. Please add log4j-core to the classpath. Using SimpleLogger to log to the console...
]]></system-err>
  </testcase>
  <testcase name="test077" classname="org.flywaydb.core.api.configuration.ClassicConfiguration_ESTest" time="0.135">
    <system-err><![CDATA[ERROR StatusLogger Log4j2 could not find a logging implementation. Please add log4j-core to the classpath. Using SimpleLogger to log to the console...
]]></system-err>
  </testcase>
  <testcase name="test198" classname="org.flywaydb.core.api.configuration.ClassicConfiguration_ESTest" time="0.121">
    <system-err><![CDATA[ERROR StatusLogger Log4j2 could not find a logging implementation. Please add log4j-core to the classpath. Using SimpleLogger to log to the console...
]]></system-err>
  </testcase>
  <testcase name="test078" classname="org.flywaydb.core.api.configuration.ClassicConfiguration_ESTest" time="0.147">
    <system-err><![CDATA[ERROR StatusLogger Log4j2 could not find a logging implementation. Please add log4j-core to the classpath. Using SimpleLogger to log to the console...
]]></system-err>
  </testcase>
  <testcase name="test199" classname="org.flywaydb.core.api.configuration.ClassicConfiguration_ESTest" time="0.105">
    <system-err><![CDATA[ERROR StatusLogger Log4j2 could not find a logging implementation. Please add log4j-core to the classpath. Using SimpleLogger to log to the console...
]]></system-err>
  </testcase>
  <testcase name="test071" classname="org.flywaydb.core.api.configuration.ClassicConfiguration_ESTest" time="0.133">
    <system-err><![CDATA[ERROR StatusLogger Log4j2 could not find a logging implementation. Please add log4j-core to the classpath. Using SimpleLogger to log to the console...
]]></system-err>
  </testcase>
  <testcase name="test192" classname="org.flywaydb.core.api.configuration.ClassicConfiguration_ESTest" time="0.11">
    <system-err><![CDATA[ERROR StatusLogger Log4j2 could not find a logging implementation. Please add log4j-core to the classpath. Using SimpleLogger to log to the console...
]]></system-err>
  </testcase>
  <testcase name="test072" classname="org.flywaydb.core.api.configuration.ClassicConfiguration_ESTest" time="0.155">
    <system-err><![CDATA[ERROR StatusLogger Log4j2 could not find a logging implementation. Please add log4j-core to the classpath. Using SimpleLogger to log to the console...
]]></system-err>
  </testcase>
  <testcase name="test193" classname="org.flywaydb.core.api.configuration.ClassicConfiguration_ESTest" time="0.098">
    <system-err><![CDATA[ERROR StatusLogger Log4j2 could not find a logging implementation. Please add log4j-core to the classpath. Using SimpleLogger to log to the console...
]]></system-err>
  </testcase>
  <testcase name="test073" classname="org.flywaydb.core.api.configuration.ClassicConfiguration_ESTest" time="0.123">
    <system-err><![CDATA[ERROR StatusLogger Log4j2 could not find a logging implementation. Please add log4j-core to the classpath. Using SimpleLogger to log to the console...
]]></system-err>
  </testcase>
  <testcase name="test194" classname="org.flywaydb.core.api.configuration.ClassicConfiguration_ESTest" time="0.105">
    <system-err><![CDATA[ERROR StatusLogger Log4j2 could not find a logging implementation. Please add log4j-core to the classpath. Using SimpleLogger to log to the console...
]]></system-err>
  </testcase>
  <testcase name="test074" classname="org.flywaydb.core.api.configuration.ClassicConfiguration_ESTest" time="0.147">
    <system-err><![CDATA[ERROR StatusLogger Log4j2 could not find a logging implementation. Please add log4j-core to the classpath. Using SimpleLogger to log to the console...
]]></system-err>
  </testcase>
  <testcase name="test195" classname="org.flywaydb.core.api.configuration.ClassicConfiguration_ESTest" time="0.111">
    <system-err><![CDATA[ERROR StatusLogger Log4j2 could not find a logging implementation. Please add log4j-core to the classpath. Using SimpleLogger to log to the console...
]]></system-err>
  </testcase>
  <testcase name="test190" classname="org.flywaydb.core.api.configuration.ClassicConfiguration_ESTest" time="0.168">
    <system-err><![CDATA[ERROR StatusLogger Log4j2 could not find a logging implementation. Please add log4j-core to the classpath. Using SimpleLogger to log to the console...
]]></system-err>
  </testcase>
  <testcase name="test070" classname="org.flywaydb.core.api.configuration.ClassicConfiguration_ESTest" time="0.167">
    <system-err><![CDATA[ERROR StatusLogger Log4j2 could not find a logging implementation. Please add log4j-core to the classpath. Using SimpleLogger to log to the console...
]]></system-err>
  </testcase>
  <testcase name="test191" classname="org.flywaydb.core.api.configuration.ClassicConfiguration_ESTest" time="0.122">
    <system-err><![CDATA[ERROR StatusLogger Log4j2 could not find a logging implementation. Please add log4j-core to the classpath. Using SimpleLogger to log to the console...
]]></system-err>
  </testcase>
  <testcase name="test068" classname="org.flywaydb.core.api.configuration.ClassicConfiguration_ESTest" time="0.122">
    <system-err><![CDATA[ERROR StatusLogger Log4j2 could not find a logging implementation. Please add log4j-core to the classpath. Using SimpleLogger to log to the console...
]]></system-err>
  </testcase>
  <testcase name="test189" classname="org.flywaydb.core.api.configuration.ClassicConfiguration_ESTest" time="0.125">
    <system-err><![CDATA[ERROR StatusLogger Log4j2 could not find a logging implementation. Please add log4j-core to the classpath. Using SimpleLogger to log to the console...
]]></system-err>
  </testcase>
  <testcase name="test069" classname="org.flywaydb.core.api.configuration.ClassicConfiguration_ESTest" time="0.142">
    <system-err><![CDATA[ERROR StatusLogger Log4j2 could not find a logging implementation. Please add log4j-core to the classpath. Using SimpleLogger to log to the console...
]]></system-err>
  </testcase>
  <testcase name="test210" classname="org.flywaydb.core.api.configuration.ClassicConfiguration_ESTest" time="0.121">
    <system-err><![CDATA[ERROR StatusLogger Log4j2 could not find a logging implementation. Please add log4j-core to the classpath. Using SimpleLogger to log to the console...
]]></system-err>
  </testcase>
  <testcase name="test208" classname="org.flywaydb.core.api.configuration.ClassicConfiguration_ESTest" time="0.135">
    <system-err><![CDATA[ERROR StatusLogger Log4j2 could not find a logging implementation. Please add log4j-core to the classpath. Using SimpleLogger to log to the console...
]]></system-err>
  </testcase>
  <testcase name="test209" classname="org.flywaydb.core.api.configuration.ClassicConfiguration_ESTest" time="0.126">
    <system-err><![CDATA[ERROR StatusLogger Log4j2 could not find a logging implementation. Please add log4j-core to the classpath. Using SimpleLogger to log to the console...
]]></system-err>
  </testcase>
  <testcase name="test204" classname="org.flywaydb.core.api.configuration.ClassicConfiguration_ESTest" time="0.118">
    <system-err><![CDATA[ERROR StatusLogger Log4j2 could not find a logging implementation. Please add log4j-core to the classpath. Using SimpleLogger to log to the console...
]]></system-err>
  </testcase>
  <testcase name="test205" classname="org.flywaydb.core.api.configuration.ClassicConfiguration_ESTest" time="0.151">
    <system-err><![CDATA[ERROR StatusLogger Log4j2 could not find a logging implementation. Please add log4j-core to the classpath. Using SimpleLogger to log to the console...
]]></system-err>
  </testcase>
  <testcase name="test206" classname="org.flywaydb.core.api.configuration.ClassicConfiguration_ESTest" time="0.112">
    <system-err><![CDATA[ERROR StatusLogger Log4j2 could not find a logging implementation. Please add log4j-core to the classpath. Using SimpleLogger to log to the console...
]]></system-err>
  </testcase>
  <testcase name="test207" classname="org.flywaydb.core.api.configuration.ClassicConfiguration_ESTest" time="0.142">
    <system-err><![CDATA[ERROR StatusLogger Log4j2 could not find a logging implementation. Please add log4j-core to the classpath. Using SimpleLogger to log to the console...
]]></system-err>
  </testcase>
  <testcase name="test200" classname="org.flywaydb.core.api.configuration.ClassicConfiguration_ESTest" time="0.118">
    <system-err><![CDATA[ERROR StatusLogger Log4j2 could not find a logging implementation. Please add log4j-core to the classpath. Using SimpleLogger to log to the console...
]]></system-err>
  </testcase>
  <testcase name="test201" classname="org.flywaydb.core.api.configuration.ClassicConfiguration_ESTest" time="0.135">
    <system-err><![CDATA[ERROR StatusLogger Log4j2 could not find a logging implementation. Please add log4j-core to the classpath. Using SimpleLogger to log to the console...
]]></system-err>
  </testcase>
  <testcase name="test202" classname="org.flywaydb.core.api.configuration.ClassicConfiguration_ESTest" time="0.116">
    <system-err><![CDATA[ERROR StatusLogger Log4j2 could not find a logging implementation. Please add log4j-core to the classpath. Using SimpleLogger to log to the console...
]]></system-err>
  </testcase>
  <testcase name="test203" classname="org.flywaydb.core.api.configuration.ClassicConfiguration_ESTest" time="0.132">
    <system-err><![CDATA[ERROR StatusLogger Log4j2 could not find a logging implementation. Please add log4j-core to the classpath. Using SimpleLogger to log to the console...
]]></system-err>
  </testcase>
</testsuite>