<?xml version="1.0" encoding="UTF-8"?>
<testsuite xmlns:xsi="http://www.w3.org/2001/XMLSchema-instance" xsi:noNamespaceSchemaLocation="https://maven.apache.org/surefire/maven-surefire-plugin/xsd/surefire-test-report-3.0.xsd" version="3.0" name="io.undertow.servlet.spec.UpgradeServletInputStream_ESTest" time="0.173" tests="1" errors="1" skipped="0" failures="0">
  <properties>
    <property name="java.specification.version" value="17"/>
    <property name="sun.jnu.encoding" value="UTF-8"/>
    <property name="java.class.path" value="/home/wtwhite/code/regression-test-generation/find-diff-classes/compile/mvnc/io/undertow/undertow-servlet/2.2.28.Final/target/test-classes:/home/wtwhite/code/regression-test-generation/find-diff-classes/compile/mvnc/io/undertow/undertow-servlet/2.2.28.Final/target/classes:/home/wtwhite/code/craw-redhat-oss/wget/crawl/repo1.maven.org/maven2/io/undertow/undertow-servlet/2.2.28.Final/undertow-servlet-2.2.28.Final.jar:/home/wtwhite/code/regression-test-generation/find-diff-classes/compile/mvnc/io/undertow/undertow-servlet/2.2.28.Final/t/dependency/commons-codec-1.11.jar:/home/wtwhite/code/regression-test-generation/find-diff-classes/compile/mvnc/io/undertow/undertow-servlet/2.2.28.Final/t/dependency/commons-logging-1.2.jar:/home/wtwhite/code/regression-test-generation/find-diff-classes/compile/mvnc/io/undertow/undertow-servlet/2.2.28.Final/t/dependency/hamcrest-core-1.3.jar:/home/wtwhite/code/regression-test-generation/find-diff-classes/compile/mvnc/io/undertow/undertow-servlet/2.2.28.Final/t/dependency/httpclient-4.5.12.jar:/home/wtwhite/code/regression-test-generation/find-diff-classes/compile/mvnc/io/undertow/undertow-servlet/2.2.28.Final/t/dependency/httpcore-4.4.13.jar:/home/wtwhite/code/regression-test-generation/find-diff-classes/compile/mvnc/io/undertow/undertow-servlet/2.2.28.Final/t/dependency/httpmime-4.5.12.jar:/home/wtwhite/code/regression-test-generation/find-diff-classes/compile/mvnc/io/undertow/undertow-servlet/2.2.28.Final/t/dependency/jboss-annotations-api_1.3_spec-2.0.1.Final.jar:/home/wtwhite/code/regression-test-generation/find-diff-classes/compile/mvnc/io/undertow/undertow-servlet/2.2.28.Final/t/dependency/jboss-logging-3.4.1.Final.jar:/home/wtwhite/code/regression-test-generation/find-diff-classes/compile/mvnc/io/undertow/undertow-servlet/2.2.28.Final/t/dependency/jboss-logging-annotations-2.2.1.Final.jar:/home/wtwhite/code/regression-test-generation/find-diff-classes/compile/mvnc/io/undertow/undertow-servlet/2.2.28.Final/t/dependency/jboss-logging-processor-2.2.1.Final.jar:/home/wtwhite/code/regression-test-generation/find-diff-classes/compile/mvnc/io/undertow/undertow-servlet/2.2.28.Final/t/dependency/jboss-logmanager-2.1.14.Final.jar:/home/wtwhite/code/regression-test-generation/find-diff-classes/compile/mvnc/io/undertow/undertow-servlet/2.2.28.Final/t/dependency/jboss-servlet-api_4.0_spec-2.0.0.Final.jar:/home/wtwhite/code/regression-test-generation/find-diff-classes/compile/mvnc/io/undertow/undertow-servlet/2.2.28.Final/t/dependency/jboss-threads-3.1.0.Final.jar:/home/wtwhite/code/regression-test-generation/find-diff-classes/compile/mvnc/io/undertow/undertow-servlet/2.2.28.Final/t/dependency/jdeparser-2.0.3.Final.jar:/home/wtwhite/code/regression-test-generation/find-diff-classes/compile/mvnc/io/undertow/undertow-servlet/2.2.28.Final/t/dependency/junit-4.13.jar:/home/wtwhite/code/regression-test-generation/find-diff-classes/compile/mvnc/io/undertow/undertow-servlet/2.2.28.Final/t/dependency/netty-all-4.1.50.Final.jar:/home/wtwhite/code/regression-test-generation/find-diff-classes/compile/mvnc/io/undertow/undertow-servlet/2.2.28.Final/t/dependency/undertow-core-2.2.28.Final-tests.jar:/home/wtwhite/code/regression-test-generation/find-diff-classes/compile/mvnc/io/undertow/undertow-servlet/2.2.28.Final/t/dependency/undertow-core-2.2.28.Final.jar:/home/wtwhite/code/regression-test-generation/find-diff-classes/compile/mvnc/io/undertow/undertow-servlet/2.2.28.Final/t/dependency/wildfly-client-config-1.0.1.Final.jar:/home/wtwhite/code/regression-test-generation/find-diff-classes/compile/mvnc/io/undertow/undertow-servlet/2.2.28.Final/t/dependency/wildfly-common-1.5.4.Final.jar:/home/wtwhite/code/regression-test-generation/find-diff-classes/compile/mvnc/io/undertow/undertow-servlet/2.2.28.Final/t/dependency/wildfly-openssl-1.0.4.Final.jar:/home/wtwhite/code/regression-test-generation/find-diff-classes/compile/mvnc/io/undertow/undertow-servlet/2.2.28.Final/t/dependency/xnio-api-3.8.7.Final.jar:/home/wtwhite/code/regression-test-generation/find-diff-classes/compile/mvnc/io/undertow/undertow-servlet/2.2.28.Final/t/dependency/xnio-nio-3.8.7.Final.jar:/home/wtwhite/code/regression-test-generation/evosuite/evosuite-standalone-runtime-1.2.0.jar:/home/wtwhite/.m2/repository/junit/junit/4.13.2/junit-4.13.2.jar:/home/wtwhite/.m2/repository/org/hamcrest/hamcrest-core/1.3/hamcrest-core-1.3.jar:"/>
    <property name="java.vm.vendor" value="Private Build"/>
    <property name="sun.arch.data.model" value="64"/>
    <property name="java.vendor.url" value="Unknown"/>
    <property name="os.name" value="Linux"/>
    <property name="java.vm.specification.version" value="17"/>
    <property name="RUNDIR" value="/home/wtwhite/code/regression-test-generation/find-diff-classes/run-mvn"/>
    <property name="sun.java.launcher" value="SUN_STANDARD"/>
    <property name="user.country" value="NZ"/>
    <property name="sun.boot.library.path" value="/usr/lib/jvm/java-17-openjdk-amd64/lib"/>
    <property name="sun.java.command" value="/home/wtwhite/code/regression-test-generation/find-diff-classes/compile/mvnc/io/undertow/undertow-servlet/2.2.28.Final/target/surefire/surefirebooter-20241121184219938_3.jar /home/wtwhite/code/regression-test-generation/find-diff-classes/compile/mvnc/io/undertow/undertow-servlet/2.2.28.Final/target/surefire 2024-11-21T18-42-19_844-jvmRun1 surefire-20241121184219938_1tmp surefire_0-20241121184219938_2tmp"/>
    <property name="jdk.debug" value="release"/>
    <property name="surefire.test.class.path" value="/home/wtwhite/code/regression-test-generation/find-diff-classes/compile/mvnc/io/undertow/undertow-servlet/2.2.28.Final/target/test-classes:/home/wtwhite/code/regression-test-generation/find-diff-classes/compile/mvnc/io/undertow/undertow-servlet/2.2.28.Final/target/classes:/home/wtwhite/code/craw-redhat-oss/wget/crawl/repo1.maven.org/maven2/io/undertow/undertow-servlet/2.2.28.Final/undertow-servlet-2.2.28.Final.jar:/home/wtwhite/code/regression-test-generation/find-diff-classes/compile/mvnc/io/undertow/undertow-servlet/2.2.28.Final/t/dependency/commons-codec-1.11.jar:/home/wtwhite/code/regression-test-generation/find-diff-classes/compile/mvnc/io/undertow/undertow-servlet/2.2.28.Final/t/dependency/commons-logging-1.2.jar:/home/wtwhite/code/regression-test-generation/find-diff-classes/compile/mvnc/io/undertow/undertow-servlet/2.2.28.Final/t/dependency/hamcrest-core-1.3.jar:/home/wtwhite/code/regression-test-generation/find-diff-classes/compile/mvnc/io/undertow/undertow-servlet/2.2.28.Final/t/dependency/httpclient-4.5.12.jar:/home/wtwhite/code/regression-test-generation/find-diff-classes/compile/mvnc/io/undertow/undertow-servlet/2.2.28.Final/t/dependency/httpcore-4.4.13.jar:/home/wtwhite/code/regression-test-generation/find-diff-classes/compile/mvnc/io/undertow/undertow-servlet/2.2.28.Final/t/dependency/httpmime-4.5.12.jar:/home/wtwhite/code/regression-test-generation/find-diff-classes/compile/mvnc/io/undertow/undertow-servlet/2.2.28.Final/t/dependency/jboss-annotations-api_1.3_spec-2.0.1.Final.jar:/home/wtwhite/code/regression-test-generation/find-diff-classes/compile/mvnc/io/undertow/undertow-servlet/2.2.28.Final/t/dependency/jboss-logging-3.4.1.Final.jar:/home/wtwhite/code/regression-test-generation/find-diff-classes/compile/mvnc/io/undertow/undertow-servlet/2.2.28.Final/t/dependency/jboss-logging-annotations-2.2.1.Final.jar:/home/wtwhite/code/regression-test-generation/find-diff-classes/compile/mvnc/io/undertow/undertow-servlet/2.2.28.Final/t/dependency/jboss-logging-processor-2.2.1.Final.jar:/home/wtwhite/code/regression-test-generation/find-diff-classes/compile/mvnc/io/undertow/undertow-servlet/2.2.28.Final/t/dependency/jboss-logmanager-2.1.14.Final.jar:/home/wtwhite/code/regression-test-generation/find-diff-classes/compile/mvnc/io/undertow/undertow-servlet/2.2.28.Final/t/dependency/jboss-servlet-api_4.0_spec-2.0.0.Final.jar:/home/wtwhite/code/regression-test-generation/find-diff-classes/compile/mvnc/io/undertow/undertow-servlet/2.2.28.Final/t/dependency/jboss-threads-3.1.0.Final.jar:/home/wtwhite/code/regression-test-generation/find-diff-classes/compile/mvnc/io/undertow/undertow-servlet/2.2.28.Final/t/dependency/jdeparser-2.0.3.Final.jar:/home/wtwhite/code/regression-test-generation/find-diff-classes/compile/mvnc/io/undertow/undertow-servlet/2.2.28.Final/t/dependency/junit-4.13.jar:/home/wtwhite/code/regression-test-generation/find-diff-classes/compile/mvnc/io/undertow/undertow-servlet/2.2.28.Final/t/dependency/netty-all-4.1.50.Final.jar:/home/wtwhite/code/regression-test-generation/find-diff-classes/compile/mvnc/io/undertow/undertow-servlet/2.2.28.Final/t/dependency/undertow-core-2.2.28.Final-tests.jar:/home/wtwhite/code/regression-test-generation/find-diff-classes/compile/mvnc/io/undertow/undertow-servlet/2.2.28.Final/t/dependency/undertow-core-2.2.28.Final.jar:/home/wtwhite/code/regression-test-generation/find-diff-classes/compile/mvnc/io/undertow/undertow-servlet/2.2.28.Final/t/dependency/wildfly-client-config-1.0.1.Final.jar:/home/wtwhite/code/regression-test-generation/find-diff-classes/compile/mvnc/io/undertow/undertow-servlet/2.2.28.Final/t/dependency/wildfly-common-1.5.4.Final.jar:/home/wtwhite/code/regression-test-generation/find-diff-classes/compile/mvnc/io/undertow/undertow-servlet/2.2.28.Final/t/dependency/wildfly-openssl-1.0.4.Final.jar:/home/wtwhite/code/regression-test-generation/find-diff-classes/compile/mvnc/io/undertow/undertow-servlet/2.2.28.Final/t/dependency/xnio-api-3.8.7.Final.jar:/home/wtwhite/code/regression-test-generation/find-diff-classes/compile/mvnc/io/undertow/undertow-servlet/2.2.28.Final/t/dependency/xnio-nio-3.8.7.Final.jar:/home/wtwhite/code/regression-test-generation/evosuite/evosuite-standalone-runtime-1.2.0.jar:/home/wtwhite/.m2/repository/junit/junit/4.13.2/junit-4.13.2.jar:/home/wtwhite/.m2/repository/org/hamcrest/hamcrest-core/1.3/hamcrest-core-1.3.jar:"/>
    <property name="sun.cpu.endian" value="little"/>
    <property name="user.home" value="/home/wtwhite"/>
    <property name="user.language" value="en"/>
    <property name="java.specification.vendor" value="Oracle Corporation"/>
    <property name="java.version.date" value="2023-08-24"/>
    <property name="java.home" value="/usr/lib/jvm/java-17-openjdk-amd64"/>
    <property name="file.separator" value="/"/>
    <property name="basedir" value="/home/wtwhite/code/regression-test-generation/find-diff-classes/compile/mvnc/io/undertow/undertow-servlet/2.2.28.Final"/>
    <property name="java.vm.compressedOopsMode" value="Zero based"/>
    <property name="line.separator" value="&#10;"/>
    <property name="java.vm.specification.vendor" value="Oracle Corporation"/>
    <property name="java.specification.name" value="Java Platform API Specification"/>
    <property name="surefire.real.class.path" value="/home/wtwhite/code/regression-test-generation/find-diff-classes/compile/mvnc/io/undertow/undertow-servlet/2.2.28.Final/target/surefire/surefirebooter-20241121184219938_3.jar"/>
    <property name="sun.management.compiler" value="HotSpot 64-Bit Tiered Compilers"/>
    <property name="java.runtime.version" value="17.0.8.1+1-Ubuntu-0ubuntu122.04"/>
    <property name="user.name" value="wtwhite"/>
    <property name="path.separator" value=":"/>
    <property name="os.version" value="5.15.0-87-generic"/>
    <property name="java.runtime.name" value="OpenJDK Runtime Environment"/>
    <property name="file.encoding" value="UTF-8"/>
    <property name="java.vm.name" value="OpenJDK 64-Bit Server VM"/>
    <property name="localRepository" value="/home/wtwhite/.m2/repository"/>
    <property name="java.vendor.url.bug" value="Unknown"/>
    <property name="java.io.tmpdir" value="/tmp"/>
    <property name="java.version" value="17.0.8.1"/>
    <property name="user.dir" value="/home/wtwhite/code/regression-test-generation/find-diff-classes/compile/mvnc/io/undertow/undertow-servlet/2.2.28.Final"/>
    <property name="os.arch" value="amd64"/>
    <property name="java.vm.specification.name" value="Java Virtual Machine Specification"/>
    <property name="native.encoding" value="UTF-8"/>
    <property name="java.library.path" value="/usr/java/packages/lib:/usr/lib/x86_64-linux-gnu/jni:/lib/x86_64-linux-gnu:/usr/lib/x86_64-linux-gnu:/usr/lib/jni:/lib:/usr/lib"/>
    <property name="java.vm.info" value="mixed mode, sharing"/>
    <property name="java.vendor" value="Private Build"/>
    <property name="java.vm.version" value="17.0.8.1+1-Ubuntu-0ubuntu122.04"/>
    <property name="sun.io.unicode.encoding" value="UnicodeLittle"/>
    <property name="java.class.version" value="61.0"/>
  </properties>
  <testcase name="" classname="io.undertow.servlet.spec.UpgradeServletInputStream_ESTest" time="0.161">
    <error type="java.lang.ExceptionInInitializerError"><![CDATA[java.lang.ExceptionInInitializerError
	at io.undertow.servlet.spec.UpgradeServletInputStream_ESTest_scaffolding.initEvoSuiteFramework(UpgradeServletInputStream_ESTest_scaffolding.java:32)
	at java.base/jdk.internal.reflect.NativeMethodAccessorImpl.invoke0(Native Method)
	at java.base/jdk.internal.reflect.NativeMethodAccessorImpl.invoke(NativeMethodAccessorImpl.java:77)
	at java.base/jdk.internal.reflect.DelegatingMethodAccessorImpl.invoke(DelegatingMethodAccessorImpl.java:43)
	at java.base/java.lang.reflect.Method.invoke(Method.java:568)
	at org.junit.runners.model.FrameworkMethod$1.runReflectiveCall(FrameworkMethod.java:59)
	at org.junit.internal.runners.model.ReflectiveCallable.run(ReflectiveCallable.java:12)
	at org.junit.runners.model.FrameworkMethod.invokeExplosively(FrameworkMethod.java:56)
	at org.junit.internal.runners.statements.RunBefores.invokeMethod(RunBefores.java:33)
	at org.junit.internal.runners.statements.RunBefores.evaluate(RunBefores.java:24)
	at org.junit.internal.runners.statements.RunAfters.evaluate(RunAfters.java:27)
	at org.junit.runners.ParentRunner$3.evaluate(ParentRunner.java:306)
	at org.junit.runners.ParentRunner.run(ParentRunner.java:413)
	at org.apache.maven.surefire.junit4.JUnit4Provider.execute(JUnit4Provider.java:316)
	at org.apache.maven.surefire.junit4.JUnit4Provider.executeWithRerun(JUnit4Provider.java:240)
	at org.apache.maven.surefire.junit4.JUnit4Provider.executeTestSet(JUnit4Provider.java:214)
	at org.apache.maven.surefire.junit4.JUnit4Provider.invoke(JUnit4Provider.java:155)
	at org.apache.maven.surefire.booter.ForkedBooter.runSuitesInProcess(ForkedBooter.java:385)
	at org.apache.maven.surefire.booter.ForkedBooter.execute(ForkedBooter.java:162)
	at org.apache.maven.surefire.booter.ForkedBooter.run(ForkedBooter.java:507)
	at org.apache.maven.surefire.booter.ForkedBooter.main(ForkedBooter.java:495)
Caused by: java.lang.reflect.InaccessibleObjectException: Unable to make field private static java.lang.Boolean java.awt.GraphicsEnvironment.headless accessible: module java.desktop does not "opens java.awt" to unnamed module @2ba867a6
	at java.base/java.lang.reflect.AccessibleObject.checkCanSetAccessible(AccessibleObject.java:354)
	at java.base/java.lang.reflect.AccessibleObject.checkCanSetAccessible(AccessibleObject.java:297)
	at java.base/java.lang.reflect.Field.checkCanSetAccessible(Field.java:178)
	at java.base/java.lang.reflect.Field.setAccessible(Field.java:172)
	at org.evosuite.runtime.GuiSupport.<clinit>(GuiSupport.java:50)
	... 21 more
]]></error>
    <system-err><![CDATA[SLF4J: Failed to load class "org.slf4j.impl.StaticLoggerBinder".
SLF4J: Defaulting to no-operation (NOP) logger implementation
SLF4J: See http://www.slf4j.org/codes.html#StaticLoggerBinder for further details.
]]></system-err>
  </testcase>
</testsuite>