<?xml version="1.0" encoding="UTF-8"?>
<testsuite xmlns:xsi="http://www.w3.org/2001/XMLSchema-instance" xsi:noNamespaceSchemaLocation="https://maven.apache.org/surefire/maven-surefire-plugin/xsd/surefire-test-report-3.0.xsd" version="3.0" name="io.netty.handler.codec.compression.ByteBufChecksum_ESTest" time="1.897" tests="19" errors="1" skipped="0" failures="0">
  <properties>
    <property name="awt.toolkit" value="sun.awt.X11.XToolkit"/>
    <property name="file.encoding.pkg" value="sun.io"/>
    <property name="java.specification.version" value="1.8"/>
    <property name="sun.cpu.isalist" value=""/>
    <property name="sun.jnu.encoding" value="UTF-8"/>
    <property name="java.class.path" value="/home/wtwhite/code/regression-test-generation/find-diff-classes/compile/gaoss/io/netty/netty-codec/4.1.102.Final/target/test-classes:/home/wtwhite/code/regression-test-generation/find-diff-classes/compile/gaoss/io/netty/netty-codec/4.1.102.Final/target/classes:/home/wtwhite/code/craw-redhat-oss/wget/crawl/google-aoss/io/netty/netty-codec/4.1.102.Final/netty-codec-4.1.102.Final.jar:/home/wtwhite/code/regression-test-generation/find-diff-classes/compile/gaoss/io/netty/netty-codec/4.1.102.Final/t/dependency/Saxon-HE-9.9.1-6.jar:/home/wtwhite/code/regression-test-generation/find-diff-classes/compile/gaoss/io/netty/netty-codec/4.1.102.Final/t/dependency/antlr-2.7.7.jar:/home/wtwhite/code/regression-test-generation/find-diff-classes/compile/gaoss/io/netty/netty-codec/4.1.102.Final/t/dependency/antlr4-runtime-4.8-1.jar:/home/wtwhite/code/regression-test-generation/find-diff-classes/compile/gaoss/io/netty/netty-codec/4.1.102.Final/t/dependency/apiguardian-api-1.1.2.jar:/home/wtwhite/code/regression-test-generation/find-diff-classes/compile/gaoss/io/netty/netty-codec/4.1.102.Final/t/dependency/assertj-core-3.18.0.jar:/home/wtwhite/code/regression-test-generation/find-diff-classes/compile/gaoss/io/netty/netty-codec/4.1.102.Final/t/dependency/brotli4j-1.13.0.jar:/home/wtwhite/code/regression-test-generation/find-diff-classes/compile/gaoss/io/netty/netty-codec/4.1.102.Final/t/dependency/byte-buddy-1.8.5.jar:/home/wtwhite/code/regression-test-generation/find-diff-classes/compile/gaoss/io/netty/netty-codec/4.1.102.Final/t/dependency/byte-buddy-agent-1.8.5.jar:/home/wtwhite/code/regression-test-generation/find-diff-classes/compile/gaoss/io/netty/netty-codec/4.1.102.Final/t/dependency/checker-qual-2.10.0.jar:/home/wtwhite/code/regression-test-generation/find-diff-classes/compile/gaoss/io/netty/netty-codec/4.1.102.Final/t/dependency/checkstyle-8.29.jar:/home/wtwhite/code/regression-test-generation/find-diff-classes/compile/gaoss/io/netty/netty-codec/4.1.102.Final/t/dependency/commons-beanutils-1.9.4.jar:/home/wtwhite/code/regression-test-generation/find-diff-classes/compile/gaoss/io/netty/netty-codec/4.1.102.Final/t/dependency/commons-collections-3.2.2.jar:/home/wtwhite/code/regression-test-generation/find-diff-classes/compile/gaoss/io/netty/netty-codec/4.1.102.Final/t/dependency/commons-compress-1.21.jar:/home/wtwhite/code/regression-test-generation/find-diff-classes/compile/gaoss/io/netty/netty-codec/4.1.102.Final/t/dependency/commons-logging-1.2.jar:/home/wtwhite/code/regression-test-generation/find-diff-classes/compile/gaoss/io/netty/netty-codec/4.1.102.Final/t/dependency/compress-lzf-1.0.3.jar:/home/wtwhite/code/regression-test-generation/find-diff-classes/compile/gaoss/io/netty/netty-codec/4.1.102.Final/t/dependency/error_prone_annotations-2.3.4.jar:/home/wtwhite/code/regression-test-generation/find-diff-classes/compile/gaoss/io/netty/netty-codec/4.1.102.Final/t/dependency/failureaccess-1.0.1.jar:/home/wtwhite/code/regression-test-generation/find-diff-classes/compile/gaoss/io/netty/netty-codec/4.1.102.Final/t/dependency/gson-2.8.9.jar:/home/wtwhite/code/regression-test-generation/find-diff-classes/compile/gaoss/io/netty/netty-codec/4.1.102.Final/t/dependency/guava-28.2-jre.jar:/home/wtwhite/code/regression-test-generation/find-diff-classes/compile/gaoss/io/netty/netty-codec/4.1.102.Final/t/dependency/hamcrest-core-1.3.jar:/home/wtwhite/code/regression-test-generation/find-diff-classes/compile/gaoss/io/netty/netty-codec/4.1.102.Final/t/dependency/hamcrest-library-1.3.jar:/home/wtwhite/code/regression-test-generation/find-diff-classes/compile/gaoss/io/netty/netty-codec/4.1.102.Final/t/dependency/j2objc-annotations-1.3.jar:/home/wtwhite/code/regression-test-generation/find-diff-classes/compile/gaoss/io/netty/netty-codec/4.1.102.Final/t/dependency/javassist-3.28.0-GA.jar:/home/wtwhite/code/regression-test-generation/find-diff-classes/compile/gaoss/io/netty/netty-codec/4.1.102.Final/t/dependency/jboss-marshalling-1.4.11.Final.jar:/home/wtwhite/code/regression-test-generation/find-diff-classes/compile/gaoss/io/netty/netty-codec/4.1.102.Final/t/dependency/jboss-marshalling-river-1.4.11.Final.jar:/home/wtwhite/code/regression-test-generation/find-diff-classes/compile/gaoss/io/netty/netty-codec/4.1.102.Final/t/dependency/jboss-marshalling-serial-1.4.11.Final.jar:/home/wtwhite/code/regression-test-generation/find-diff-classes/compile/gaoss/io/netty/netty-codec/4.1.102.Final/t/dependency/jsr305-3.0.2.jar:/home/wtwhite/code/regression-test-generation/find-diff-classes/compile/gaoss/io/netty/netty-codec/4.1.102.Final/t/dependency/junit-jupiter-api-5.9.0.jar:/home/wtwhite/code/regression-test-generation/find-diff-classes/compile/gaoss/io/netty/netty-codec/4.1.102.Final/t/dependency/junit-jupiter-engine-5.9.0.jar:/home/wtwhite/code/regression-test-generation/find-diff-classes/compile/gaoss/io/netty/netty-codec/4.1.102.Final/t/dependency/junit-jupiter-params-5.9.0.jar:/home/wtwhite/code/regression-test-generation/find-diff-classes/compile/gaoss/io/netty/netty-codec/4.1.102.Final/t/dependency/junit-platform-commons-1.9.0.jar:/home/wtwhite/code/regression-test-generation/find-diff-classes/compile/gaoss/io/netty/netty-codec/4.1.102.Final/t/dependency/junit-platform-engine-1.9.0.jar:/home/wtwhite/code/regression-test-generation/find-diff-classes/compile/gaoss/io/netty/netty-codec/4.1.102.Final/t/dependency/jzlib-1.1.3.jar:/home/wtwhite/code/regression-test-generation/find-diff-classes/compile/gaoss/io/netty/netty-codec/4.1.102.Final/t/dependency/listenablefuture-9999.0-empty-to-avoid-conflict-with-guava.jar:/home/wtwhite/code/regression-test-generation/find-diff-classes/compile/gaoss/io/netty/netty-codec/4.1.102.Final/t/dependency/logback-classic-1.2.13.jar:/home/wtwhite/code/regression-test-generation/find-diff-classes/compile/gaoss/io/netty/netty-codec/4.1.102.Final/t/dependency/logback-core-1.2.13.jar:/home/wtwhite/code/regression-test-generation/find-diff-classes/compile/gaoss/io/netty/netty-codec/4.1.102.Final/t/dependency/lz4-1.3.0.jar:/home/wtwhite/code/regression-test-generation/find-diff-classes/compile/gaoss/io/netty/netty-codec/4.1.102.Final/t/dependency/lzma-java-1.3.jar:/home/wtwhite/code/regression-test-generation/find-diff-classes/compile/gaoss/io/netty/netty-codec/4.1.102.Final/t/dependency/mockito-core-2.18.3.jar:/home/wtwhite/code/regression-test-generation/find-diff-classes/compile/gaoss/io/netty/netty-codec/4.1.102.Final/t/dependency/native-linux-aarch64-1.13.0.jar:/home/wtwhite/code/regression-test-generation/find-diff-classes/compile/gaoss/io/netty/netty-codec/4.1.102.Final/t/dependency/native-linux-riscv64-1.13.0.jar:/home/wtwhite/code/regression-test-generation/find-diff-classes/compile/gaoss/io/netty/netty-codec/4.1.102.Final/t/dependency/native-linux-x86_64-1.13.0.jar:/home/wtwhite/code/regression-test-generation/find-diff-classes/compile/gaoss/io/netty/netty-codec/4.1.102.Final/t/dependency/native-osx-aarch64-1.13.0.jar:/home/wtwhite/code/regression-test-generation/find-diff-classes/compile/gaoss/io/netty/netty-codec/4.1.102.Final/t/dependency/native-osx-x86_64-1.13.0.jar:/home/wtwhite/code/regression-test-generation/find-diff-classes/compile/gaoss/io/netty/netty-codec/4.1.102.Final/t/dependency/native-windows-x86_64-1.13.0.jar:/home/wtwhite/code/regression-test-generation/find-diff-classes/compile/gaoss/io/netty/netty-codec/4.1.102.Final/t/dependency/netty-buffer-4.1.102.Final.jar:/home/wtwhite/code/regression-test-generation/find-diff-classes/compile/gaoss/io/netty/netty-codec/4.1.102.Final/t/dependency/netty-build-common-31.jar:/home/wtwhite/code/regression-test-generation/find-diff-classes/compile/gaoss/io/netty/netty-codec/4.1.102.Final/t/dependency/netty-common-4.1.102.Final.jar:/home/wtwhite/code/regression-test-generation/find-diff-classes/compile/gaoss/io/netty/netty-codec/4.1.102.Final/t/dependency/netty-resolver-4.1.102.Final.jar:/home/wtwhite/code/regression-test-generation/find-diff-classes/compile/gaoss/io/netty/netty-codec/4.1.102.Final/t/dependency/netty-transport-4.1.102.Final-tests.jar:/home/wtwhite/code/regression-test-generation/find-diff-classes/compile/gaoss/io/netty/netty-codec/4.1.102.Final/t/dependency/netty-transport-4.1.102.Final.jar:/home/wtwhite/code/regression-test-generation/find-diff-classes/compile/gaoss/io/netty/netty-codec/4.1.102.Final/t/dependency/objenesis-2.6.jar:/home/wtwhite/code/regression-test-generation/find-diff-classes/compile/gaoss/io/netty/netty-codec/4.1.102.Final/t/dependency/opentest4j-1.2.0.jar:/home/wtwhite/code/regression-test-generation/find-diff-classes/compile/gaoss/io/netty/netty-codec/4.1.102.Final/t/dependency/picocli-4.1.4.jar:/home/wtwhite/code/regression-test-generation/find-diff-classes/compile/gaoss/io/netty/netty-codec/4.1.102.Final/t/dependency/protobuf-java-2.6.1.jar:/home/wtwhite/code/regression-test-generation/find-diff-classes/compile/gaoss/io/netty/netty-codec/4.1.102.Final/t/dependency/protobuf-javanano-3.0.0-alpha-5.jar:/home/wtwhite/code/regression-test-generation/find-diff-classes/compile/gaoss/io/netty/netty-codec/4.1.102.Final/t/dependency/reflections-0.10.2.jar:/home/wtwhite/code/regression-test-generation/find-diff-classes/compile/gaoss/io/netty/netty-codec/4.1.102.Final/t/dependency/service-1.13.0.jar:/home/wtwhite/code/regression-test-generation/find-diff-classes/compile/gaoss/io/netty/netty-codec/4.1.102.Final/t/dependency/slf4j-api-1.7.30.jar:/home/wtwhite/code/regression-test-generation/find-diff-classes/compile/gaoss/io/netty/netty-codec/4.1.102.Final/t/dependency/zstd-jni-1.5.0-2.jar:/home/wtwhite/code/regression-test-generation/evosuite/evosuite-standalone-runtime-1.2.0.jar:/home/wtwhite/.m2/repository/junit/junit/4.13.2/junit-4.13.2.jar:/home/wtwhite/.m2/repository/org/hamcrest/hamcrest-core/1.3/hamcrest-core-1.3.jar:"/>
    <property name="java.vm.vendor" value="Private Build"/>
    <property name="sun.arch.data.model" value="64"/>
    <property name="java.vendor.url" value="http://java.oracle.com/"/>
    <property name="user.timezone" value="Pacific/Auckland"/>
    <property name="java.vm.specification.version" value="1.8"/>
    <property name="os.name" value="Linux"/>
    <property name="RUNDIR" value="/home/wtwhite/code/regression-test-generation/find-diff-classes/run-mvn"/>
    <property name="user.country" value="NZ"/>
    <property name="sun.java.launcher" value="SUN_STANDARD"/>
    <property name="sun.boot.library.path" value="/usr/lib/jvm/java-8-openjdk-amd64/jre/lib/amd64"/>
    <property name="sun.java.command" value="/home/wtwhite/code/regression-test-generation/find-diff-classes/compile/gaoss/io/netty/netty-codec/4.1.102.Final/target/surefire/surefirebooter-20241106180746681_3.jar /home/wtwhite/code/regression-test-generation/find-diff-classes/compile/gaoss/io/netty/netty-codec/4.1.102.Final/target/surefire 2024-11-06T18-07-46_550-jvmRun1 surefire-20241106180746681_1tmp surefire_0-20241106180746681_2tmp"/>
    <property name="surefire.test.class.path" value="/home/wtwhite/code/regression-test-generation/find-diff-classes/compile/gaoss/io/netty/netty-codec/4.1.102.Final/target/test-classes:/home/wtwhite/code/regression-test-generation/find-diff-classes/compile/gaoss/io/netty/netty-codec/4.1.102.Final/target/classes:/home/wtwhite/code/craw-redhat-oss/wget/crawl/google-aoss/io/netty/netty-codec/4.1.102.Final/netty-codec-4.1.102.Final.jar:/home/wtwhite/code/regression-test-generation/find-diff-classes/compile/gaoss/io/netty/netty-codec/4.1.102.Final/t/dependency/Saxon-HE-9.9.1-6.jar:/home/wtwhite/code/regression-test-generation/find-diff-classes/compile/gaoss/io/netty/netty-codec/4.1.102.Final/t/dependency/antlr-2.7.7.jar:/home/wtwhite/code/regression-test-generation/find-diff-classes/compile/gaoss/io/netty/netty-codec/4.1.102.Final/t/dependency/antlr4-runtime-4.8-1.jar:/home/wtwhite/code/regression-test-generation/find-diff-classes/compile/gaoss/io/netty/netty-codec/4.1.102.Final/t/dependency/apiguardian-api-1.1.2.jar:/home/wtwhite/code/regression-test-generation/find-diff-classes/compile/gaoss/io/netty/netty-codec/4.1.102.Final/t/dependency/assertj-core-3.18.0.jar:/home/wtwhite/code/regression-test-generation/find-diff-classes/compile/gaoss/io/netty/netty-codec/4.1.102.Final/t/dependency/brotli4j-1.13.0.jar:/home/wtwhite/code/regression-test-generation/find-diff-classes/compile/gaoss/io/netty/netty-codec/4.1.102.Final/t/dependency/byte-buddy-1.8.5.jar:/home/wtwhite/code/regression-test-generation/find-diff-classes/compile/gaoss/io/netty/netty-codec/4.1.102.Final/t/dependency/byte-buddy-agent-1.8.5.jar:/home/wtwhite/code/regression-test-generation/find-diff-classes/compile/gaoss/io/netty/netty-codec/4.1.102.Final/t/dependency/checker-qual-2.10.0.jar:/home/wtwhite/code/regression-test-generation/find-diff-classes/compile/gaoss/io/netty/netty-codec/4.1.102.Final/t/dependency/checkstyle-8.29.jar:/home/wtwhite/code/regression-test-generation/find-diff-classes/compile/gaoss/io/netty/netty-codec/4.1.102.Final/t/dependency/commons-beanutils-1.9.4.jar:/home/wtwhite/code/regression-test-generation/find-diff-classes/compile/gaoss/io/netty/netty-codec/4.1.102.Final/t/dependency/commons-collections-3.2.2.jar:/home/wtwhite/code/regression-test-generation/find-diff-classes/compile/gaoss/io/netty/netty-codec/4.1.102.Final/t/dependency/commons-compress-1.21.jar:/home/wtwhite/code/regression-test-generation/find-diff-classes/compile/gaoss/io/netty/netty-codec/4.1.102.Final/t/dependency/commons-logging-1.2.jar:/home/wtwhite/code/regression-test-generation/find-diff-classes/compile/gaoss/io/netty/netty-codec/4.1.102.Final/t/dependency/compress-lzf-1.0.3.jar:/home/wtwhite/code/regression-test-generation/find-diff-classes/compile/gaoss/io/netty/netty-codec/4.1.102.Final/t/dependency/error_prone_annotations-2.3.4.jar:/home/wtwhite/code/regression-test-generation/find-diff-classes/compile/gaoss/io/netty/netty-codec/4.1.102.Final/t/dependency/failureaccess-1.0.1.jar:/home/wtwhite/code/regression-test-generation/find-diff-classes/compile/gaoss/io/netty/netty-codec/4.1.102.Final/t/dependency/gson-2.8.9.jar:/home/wtwhite/code/regression-test-generation/find-diff-classes/compile/gaoss/io/netty/netty-codec/4.1.102.Final/t/dependency/guava-28.2-jre.jar:/home/wtwhite/code/regression-test-generation/find-diff-classes/compile/gaoss/io/netty/netty-codec/4.1.102.Final/t/dependency/hamcrest-core-1.3.jar:/home/wtwhite/code/regression-test-generation/find-diff-classes/compile/gaoss/io/netty/netty-codec/4.1.102.Final/t/dependency/hamcrest-library-1.3.jar:/home/wtwhite/code/regression-test-generation/find-diff-classes/compile/gaoss/io/netty/netty-codec/4.1.102.Final/t/dependency/j2objc-annotations-1.3.jar:/home/wtwhite/code/regression-test-generation/find-diff-classes/compile/gaoss/io/netty/netty-codec/4.1.102.Final/t/dependency/javassist-3.28.0-GA.jar:/home/wtwhite/code/regression-test-generation/find-diff-classes/compile/gaoss/io/netty/netty-codec/4.1.102.Final/t/dependency/jboss-marshalling-1.4.11.Final.jar:/home/wtwhite/code/regression-test-generation/find-diff-classes/compile/gaoss/io/netty/netty-codec/4.1.102.Final/t/dependency/jboss-marshalling-river-1.4.11.Final.jar:/home/wtwhite/code/regression-test-generation/find-diff-classes/compile/gaoss/io/netty/netty-codec/4.1.102.Final/t/dependency/jboss-marshalling-serial-1.4.11.Final.jar:/home/wtwhite/code/regression-test-generation/find-diff-classes/compile/gaoss/io/netty/netty-codec/4.1.102.Final/t/dependency/jsr305-3.0.2.jar:/home/wtwhite/code/regression-test-generation/find-diff-classes/compile/gaoss/io/netty/netty-codec/4.1.102.Final/t/dependency/junit-jupiter-api-5.9.0.jar:/home/wtwhite/code/regression-test-generation/find-diff-classes/compile/gaoss/io/netty/netty-codec/4.1.102.Final/t/dependency/junit-jupiter-engine-5.9.0.jar:/home/wtwhite/code/regression-test-generation/find-diff-classes/compile/gaoss/io/netty/netty-codec/4.1.102.Final/t/dependency/junit-jupiter-params-5.9.0.jar:/home/wtwhite/code/regression-test-generation/find-diff-classes/compile/gaoss/io/netty/netty-codec/4.1.102.Final/t/dependency/junit-platform-commons-1.9.0.jar:/home/wtwhite/code/regression-test-generation/find-diff-classes/compile/gaoss/io/netty/netty-codec/4.1.102.Final/t/dependency/junit-platform-engine-1.9.0.jar:/home/wtwhite/code/regression-test-generation/find-diff-classes/compile/gaoss/io/netty/netty-codec/4.1.102.Final/t/dependency/jzlib-1.1.3.jar:/home/wtwhite/code/regression-test-generation/find-diff-classes/compile/gaoss/io/netty/netty-codec/4.1.102.Final/t/dependency/listenablefuture-9999.0-empty-to-avoid-conflict-with-guava.jar:/home/wtwhite/code/regression-test-generation/find-diff-classes/compile/gaoss/io/netty/netty-codec/4.1.102.Final/t/dependency/logback-classic-1.2.13.jar:/home/wtwhite/code/regression-test-generation/find-diff-classes/compile/gaoss/io/netty/netty-codec/4.1.102.Final/t/dependency/logback-core-1.2.13.jar:/home/wtwhite/code/regression-test-generation/find-diff-classes/compile/gaoss/io/netty/netty-codec/4.1.102.Final/t/dependency/lz4-1.3.0.jar:/home/wtwhite/code/regression-test-generation/find-diff-classes/compile/gaoss/io/netty/netty-codec/4.1.102.Final/t/dependency/lzma-java-1.3.jar:/home/wtwhite/code/regression-test-generation/find-diff-classes/compile/gaoss/io/netty/netty-codec/4.1.102.Final/t/dependency/mockito-core-2.18.3.jar:/home/wtwhite/code/regression-test-generation/find-diff-classes/compile/gaoss/io/netty/netty-codec/4.1.102.Final/t/dependency/native-linux-aarch64-1.13.0.jar:/home/wtwhite/code/regression-test-generation/find-diff-classes/compile/gaoss/io/netty/netty-codec/4.1.102.Final/t/dependency/native-linux-riscv64-1.13.0.jar:/home/wtwhite/code/regression-test-generation/find-diff-classes/compile/gaoss/io/netty/netty-codec/4.1.102.Final/t/dependency/native-linux-x86_64-1.13.0.jar:/home/wtwhite/code/regression-test-generation/find-diff-classes/compile/gaoss/io/netty/netty-codec/4.1.102.Final/t/dependency/native-osx-aarch64-1.13.0.jar:/home/wtwhite/code/regression-test-generation/find-diff-classes/compile/gaoss/io/netty/netty-codec/4.1.102.Final/t/dependency/native-osx-x86_64-1.13.0.jar:/home/wtwhite/code/regression-test-generation/find-diff-classes/compile/gaoss/io/netty/netty-codec/4.1.102.Final/t/dependency/native-windows-x86_64-1.13.0.jar:/home/wtwhite/code/regression-test-generation/find-diff-classes/compile/gaoss/io/netty/netty-codec/4.1.102.Final/t/dependency/netty-buffer-4.1.102.Final.jar:/home/wtwhite/code/regression-test-generation/find-diff-classes/compile/gaoss/io/netty/netty-codec/4.1.102.Final/t/dependency/netty-build-common-31.jar:/home/wtwhite/code/regression-test-generation/find-diff-classes/compile/gaoss/io/netty/netty-codec/4.1.102.Final/t/dependency/netty-common-4.1.102.Final.jar:/home/wtwhite/code/regression-test-generation/find-diff-classes/compile/gaoss/io/netty/netty-codec/4.1.102.Final/t/dependency/netty-resolver-4.1.102.Final.jar:/home/wtwhite/code/regression-test-generation/find-diff-classes/compile/gaoss/io/netty/netty-codec/4.1.102.Final/t/dependency/netty-transport-4.1.102.Final-tests.jar:/home/wtwhite/code/regression-test-generation/find-diff-classes/compile/gaoss/io/netty/netty-codec/4.1.102.Final/t/dependency/netty-transport-4.1.102.Final.jar:/home/wtwhite/code/regression-test-generation/find-diff-classes/compile/gaoss/io/netty/netty-codec/4.1.102.Final/t/dependency/objenesis-2.6.jar:/home/wtwhite/code/regression-test-generation/find-diff-classes/compile/gaoss/io/netty/netty-codec/4.1.102.Final/t/dependency/opentest4j-1.2.0.jar:/home/wtwhite/code/regression-test-generation/find-diff-classes/compile/gaoss/io/netty/netty-codec/4.1.102.Final/t/dependency/picocli-4.1.4.jar:/home/wtwhite/code/regression-test-generation/find-diff-classes/compile/gaoss/io/netty/netty-codec/4.1.102.Final/t/dependency/protobuf-java-2.6.1.jar:/home/wtwhite/code/regression-test-generation/find-diff-classes/compile/gaoss/io/netty/netty-codec/4.1.102.Final/t/dependency/protobuf-javanano-3.0.0-alpha-5.jar:/home/wtwhite/code/regression-test-generation/find-diff-classes/compile/gaoss/io/netty/netty-codec/4.1.102.Final/t/dependency/reflections-0.10.2.jar:/home/wtwhite/code/regression-test-generation/find-diff-classes/compile/gaoss/io/netty/netty-codec/4.1.102.Final/t/dependency/service-1.13.0.jar:/home/wtwhite/code/regression-test-generation/find-diff-classes/compile/gaoss/io/netty/netty-codec/4.1.102.Final/t/dependency/slf4j-api-1.7.30.jar:/home/wtwhite/code/regression-test-generation/find-diff-classes/compile/gaoss/io/netty/netty-codec/4.1.102.Final/t/dependency/zstd-jni-1.5.0-2.jar:/home/wtwhite/code/regression-test-generation/evosuite/evosuite-standalone-runtime-1.2.0.jar:/home/wtwhite/.m2/repository/junit/junit/4.13.2/junit-4.13.2.jar:/home/wtwhite/.m2/repository/org/hamcrest/hamcrest-core/1.3/hamcrest-core-1.3.jar:"/>
    <property name="sun.cpu.endian" value="little"/>
    <property name="user.home" value="/home/wtwhite"/>
    <property name="user.language" value="en"/>
    <property name="java.specification.vendor" value="Oracle Corporation"/>
    <property name="java.home" value="/usr/lib/jvm/java-8-openjdk-amd64/jre"/>
    <property name="basedir" value="/home/wtwhite/code/regression-test-generation/find-diff-classes/compile/gaoss/io/netty/netty-codec/4.1.102.Final"/>
    <property name="file.separator" value="/"/>
    <property name="line.separator" value="&#10;"/>
    <property name="java.vm.specification.vendor" value="Oracle Corporation"/>
    <property name="java.specification.name" value="Java Platform API Specification"/>
    <property name="java.awt.graphicsenv" value="sun.awt.X11GraphicsEnvironment"/>
    <property name="surefire.real.class.path" value="/home/wtwhite/code/regression-test-generation/find-diff-classes/compile/gaoss/io/netty/netty-codec/4.1.102.Final/target/surefire/surefirebooter-20241106180746681_3.jar"/>
    <property name="sun.boot.class.path" value="/usr/lib/jvm/java-8-openjdk-amd64/jre/lib/resources.jar:/usr/lib/jvm/java-8-openjdk-amd64/jre/lib/rt.jar:/usr/lib/jvm/java-8-openjdk-amd64/jre/lib/sunrsasign.jar:/usr/lib/jvm/java-8-openjdk-amd64/jre/lib/jsse.jar:/usr/lib/jvm/java-8-openjdk-amd64/jre/lib/jce.jar:/usr/lib/jvm/java-8-openjdk-amd64/jre/lib/charsets.jar:/usr/lib/jvm/java-8-openjdk-amd64/jre/lib/jfr.jar:/usr/lib/jvm/java-8-openjdk-amd64/jre/classes"/>
    <property name="sun.management.compiler" value="HotSpot 64-Bit Tiered Compilers"/>
    <property name="java.runtime.version" value="1.8.0_382-8u382-ga-1~22.04.1-b05"/>
    <property name="user.name" value="wtwhite"/>
    <property name="path.separator" value=":"/>
    <property name="os.version" value="5.15.0-87-generic"/>
    <property name="java.endorsed.dirs" value="/usr/lib/jvm/java-8-openjdk-amd64/jre/lib/endorsed"/>
    <property name="java.runtime.name" value="OpenJDK Runtime Environment"/>
    <property name="file.encoding" value="UTF-8"/>
    <property name="java.vm.name" value="OpenJDK 64-Bit Server VM"/>
    <property name="localRepository" value="/home/wtwhite/.m2/repository"/>
    <property name="java.vendor.url.bug" value="http://bugreport.sun.com/bugreport/"/>
    <property name="java.io.tmpdir" value="/tmp"/>
    <property name="java.version" value="1.8.0_382"/>
    <property name="user.dir" value="/home/wtwhite/code/regression-test-generation/find-diff-classes/compile/gaoss/io/netty/netty-codec/4.1.102.Final"/>
    <property name="os.arch" value="amd64"/>
    <property name="java.vm.specification.name" value="Java Virtual Machine Specification"/>
    <property name="java.awt.printerjob" value="sun.print.PSPrinterJob"/>
    <property name="sun.os.patch.level" value="unknown"/>
    <property name="java.library.path" value="/usr/java/packages/lib/amd64:/usr/lib/x86_64-linux-gnu/jni:/lib/x86_64-linux-gnu:/usr/lib/x86_64-linux-gnu:/usr/lib/jni:/lib:/usr/lib"/>
    <property name="java.vm.info" value="mixed mode"/>
    <property name="java.vendor" value="Private Build"/>
    <property name="java.vm.version" value="25.382-b05"/>
    <property name="java.specification.maintenance.version" value="5"/>
    <property name="java.ext.dirs" value="/usr/lib/jvm/java-8-openjdk-amd64/jre/lib/ext:/usr/java/packages/lib/ext"/>
    <property name="sun.io.unicode.encoding" value="UnicodeLittle"/>
    <property name="java.class.version" value="52.0"/>
  </properties>
  <testcase name="test07" classname="io.netty.handler.codec.compression.ByteBufChecksum_ESTest" time="0.786">
    <system-out><![CDATA[18:07:48.170 [main] INFO org.evosuite.runtime.instrumentation.EvoClassLoader - Seeing class for first time: io.netty.handler.codec.compression.ByteBufChecksum_ESTest
18:07:48.170 [main] INFO org.evosuite.runtime.instrumentation.EvoClassLoader - Instrumenting class 'io.netty.handler.codec.compression.ByteBufChecksum_ESTest'.
18:07:48.172 [main] INFO org.evosuite.runtime.instrumentation.EvoClassLoader - Seeing class for first time: io.netty.handler.codec.compression.ByteBufChecksum_ESTest_scaffolding
18:07:48.172 [main] INFO org.evosuite.runtime.instrumentation.EvoClassLoader - Instrumenting class 'io.netty.handler.codec.compression.ByteBufChecksum_ESTest_scaffolding'.
18:07:48.175 [main] INFO org.evosuite.runtime.instrumentation.EvoClassLoader - Keeping class: io.netty.handler.codec.compression.ByteBufChecksum_ESTest_scaffolding
18:07:48.175 [main] INFO org.evosuite.runtime.instrumentation.EvoClassLoader - Keeping class: io.netty.handler.codec.compression.ByteBufChecksum_ESTest
18:07:48.175 [main] INFO org.evosuite.runtime.instrumentation.EvoClassLoader - Seeing class for first time: io.netty.buffer.ByteBufAllocator
18:07:48.176 [main] INFO org.evosuite.runtime.instrumentation.EvoClassLoader - Instrumenting class 'io.netty.buffer.ByteBufAllocator'.
18:07:48.177 [main] INFO org.evosuite.runtime.instrumentation.EvoClassLoader - Keeping class: io.netty.buffer.ByteBufAllocator
18:07:48.177 [main] INFO org.evosuite.runtime.instrumentation.EvoClassLoader - Seeing class for first time: io.netty.buffer.ByteBuf
18:07:48.177 [main] INFO org.evosuite.runtime.instrumentation.EvoClassLoader - Instrumenting class 'io.netty.buffer.ByteBuf'.
18:07:48.178 [main] INFO org.evosuite.runtime.instrumentation.MethodCallReplacementClassAdapter - Adding mock interface to class io/netty/buffer/ByteBuf
18:07:48.180 [main] INFO org.evosuite.runtime.instrumentation.CreateClassResetClassAdapter - Creating brand-new static initializer in class io/netty/buffer/ByteBuf
18:07:48.181 [main] INFO org.evosuite.runtime.instrumentation.EvoClassLoader - Seeing class for first time: io.netty.util.ReferenceCounted
18:07:48.181 [main] INFO org.evosuite.runtime.instrumentation.EvoClassLoader - Instrumenting class 'io.netty.util.ReferenceCounted'.
18:07:48.182 [main] INFO org.evosuite.runtime.instrumentation.EvoClassLoader - Keeping class: io.netty.util.ReferenceCounted
18:07:48.182 [main] INFO org.evosuite.runtime.instrumentation.EvoClassLoader - Seeing class for first time: io.netty.buffer.ByteBufConvertible
18:07:48.182 [main] INFO org.evosuite.runtime.instrumentation.EvoClassLoader - Instrumenting class 'io.netty.buffer.ByteBufConvertible'.
18:07:48.183 [main] INFO org.evosuite.runtime.instrumentation.EvoClassLoader - Keeping class: io.netty.buffer.ByteBufConvertible
18:07:48.183 [main] INFO org.evosuite.runtime.instrumentation.EvoClassLoader - Keeping class: io.netty.buffer.ByteBuf
18:07:48.183 [main] INFO org.evosuite.runtime.instrumentation.EvoClassLoader - Seeing class for first time: io.netty.buffer.EmptyByteBuf
18:07:48.183 [main] INFO org.evosuite.runtime.instrumentation.EvoClassLoader - Instrumenting class 'io.netty.buffer.EmptyByteBuf'.
18:07:48.184 [main] INFO org.evosuite.runtime.instrumentation.MethodCallReplacementClassAdapter - Adding mock interface to class io/netty/buffer/EmptyByteBuf
18:07:48.187 [main] INFO org.evosuite.runtime.instrumentation.CreateClassResetClassAdapter - Found static initializer in class io/netty/buffer/EmptyByteBuf
18:07:48.188 [main] INFO org.evosuite.runtime.instrumentation.EvoClassLoader - Keeping class: io.netty.buffer.EmptyByteBuf
18:07:48.188 [main] INFO org.evosuite.runtime.instrumentation.EvoClassLoader - Seeing class for first time: io.netty.buffer.CompositeByteBuf
18:07:48.188 [main] INFO org.evosuite.runtime.instrumentation.EvoClassLoader - Instrumenting class 'io.netty.buffer.CompositeByteBuf'.
18:07:48.190 [main] INFO org.evosuite.runtime.instrumentation.MethodCallReplacementClassAdapter - Adding mock interface to class io/netty/buffer/CompositeByteBuf
18:07:48.204 [main] INFO org.evosuite.runtime.instrumentation.CreateClassResetClassAdapter - Found static initializer in class io/netty/buffer/CompositeByteBuf
18:07:48.206 [main] INFO org.evosuite.runtime.instrumentation.EvoClassLoader - Seeing class for first time: io.netty.buffer.AbstractReferenceCountedByteBuf
18:07:48.206 [main] INFO org.evosuite.runtime.instrumentation.EvoClassLoader - Instrumenting class 'io.netty.buffer.AbstractReferenceCountedByteBuf'.
18:07:48.207 [main] INFO org.evosuite.runtime.instrumentation.MethodCallReplacementClassAdapter - Adding mock interface to class io/netty/buffer/AbstractReferenceCountedByteBuf
18:07:48.208 [main] INFO org.evosuite.runtime.instrumentation.CreateClassResetClassAdapter - Found static initializer in class io/netty/buffer/AbstractReferenceCountedByteBuf
18:07:48.208 [main] INFO org.evosuite.runtime.instrumentation.EvoClassLoader - Seeing class for first time: io.netty.buffer.AbstractByteBuf
18:07:48.208 [main] INFO org.evosuite.runtime.instrumentation.EvoClassLoader - Instrumenting class 'io.netty.buffer.AbstractByteBuf'.
18:07:48.210 [main] INFO org.evosuite.runtime.instrumentation.MethodCallReplacementClassAdapter - Adding mock interface to class io/netty/buffer/AbstractByteBuf
18:07:48.217 [main] INFO org.evosuite.runtime.instrumentation.CreateClassResetClassAdapter - Found static initializer in class io/netty/buffer/AbstractByteBuf
18:07:48.219 [main] INFO org.evosuite.runtime.instrumentation.EvoClassLoader - Keeping class: io.netty.buffer.AbstractByteBuf
18:07:48.219 [main] INFO org.evosuite.runtime.instrumentation.EvoClassLoader - Keeping class: io.netty.buffer.AbstractReferenceCountedByteBuf
18:07:48.219 [main] INFO org.evosuite.runtime.instrumentation.EvoClassLoader - Keeping class: io.netty.buffer.CompositeByteBuf
18:07:48.228 [main] DEBUG org.evosuite.runtime.sandbox.MSecurityManager - Adding privileged thread: "Reference Handler"
18:07:48.228 [main] DEBUG org.evosuite.runtime.sandbox.MSecurityManager - Adding privileged thread: "Finalizer"
18:07:48.228 [main] DEBUG org.evosuite.runtime.sandbox.MSecurityManager - Adding privileged thread: "Signal Dispatcher"
18:07:48.228 [main] DEBUG org.evosuite.runtime.sandbox.MSecurityManager - Adding privileged thread: "Java2D Disposer"
18:07:48.228 [main] DEBUG org.evosuite.runtime.sandbox.MSecurityManager - Adding privileged thread: "AWT-XAWT"
18:07:48.228 [main] DEBUG org.evosuite.runtime.sandbox.MSecurityManager - Adding privileged thread: "process reaper"
18:07:48.228 [main] DEBUG org.evosuite.runtime.sandbox.MSecurityManager - Adding privileged thread: "main"
18:07:48.228 [main] DEBUG org.evosuite.runtime.sandbox.MSecurityManager - Adding privileged thread: "surefire-forkedjvm-stream-flusher"
18:07:48.228 [main] DEBUG org.evosuite.runtime.sandbox.MSecurityManager - Adding privileged thread: "surefire-forkedjvm-command-thread"
18:07:48.230 [main] INFO org.evosuite.runtime.instrumentation.EvoClassLoader - Seeing class for first time: io.netty.util.internal.SystemPropertyUtil$1
18:07:48.230 [main] INFO org.evosuite.runtime.instrumentation.EvoClassLoader - Instrumenting class 'io.netty.util.internal.SystemPropertyUtil$1'.
18:07:48.230 [main] INFO org.evosuite.runtime.instrumentation.MethodCallReplacementClassAdapter - Adding mock interface to class io/netty/util/internal/SystemPropertyUtil$1
18:07:48.231 [main] INFO org.evosuite.runtime.instrumentation.EvoClassLoader - Defined package (3): package io.netty.util.internal, 1713044053
18:07:48.231 [main] INFO org.evosuite.runtime.instrumentation.EvoClassLoader - Keeping class: io.netty.util.internal.SystemPropertyUtil$1
18:07:48.232 [main] INFO org.evosuite.runtime.instrumentation.EvoClassLoader - Seeing class for first time: io.netty.util.internal.shaded.org.jctools.queues.atomic.BaseLinkedAtomicQueueConsumerNodeRef
18:07:48.232 [main] INFO org.evosuite.runtime.instrumentation.EvoClassLoader - Instrumenting class 'io.netty.util.internal.shaded.org.jctools.queues.atomic.BaseLinkedAtomicQueueConsumerNodeRef'.
18:07:48.232 [main] INFO org.evosuite.runtime.instrumentation.MethodCallReplacementClassAdapter - Adding mock interface to class io/netty/util/internal/shaded/org/jctools/queues/atomic/BaseLinkedAtomicQueueConsumerNodeRef
18:07:48.233 [main] INFO org.evosuite.runtime.instrumentation.CreateClassResetClassAdapter - Found static initializer in class io/netty/util/internal/shaded/org/jctools/queues/atomic/BaseLinkedAtomicQueueConsumerNodeRef
18:07:48.233 [main] INFO org.evosuite.runtime.instrumentation.EvoClassLoader - Defined package (3): package io.netty.util.internal.shaded.org.jctools.queues.atomic, 1662774531
18:07:48.233 [main] INFO org.evosuite.runtime.instrumentation.EvoClassLoader - Seeing class for first time: io.netty.util.internal.shaded.org.jctools.queues.atomic.BaseLinkedAtomicQueuePad1
18:07:48.233 [main] INFO org.evosuite.runtime.instrumentation.EvoClassLoader - Instrumenting class 'io.netty.util.internal.shaded.org.jctools.queues.atomic.BaseLinkedAtomicQueuePad1'.
18:07:48.234 [main] INFO org.evosuite.runtime.instrumentation.MethodCallReplacementClassAdapter - Adding mock interface to class io/netty/util/internal/shaded/org/jctools/queues/atomic/BaseLinkedAtomicQueuePad1
18:07:48.234 [main] INFO org.evosuite.runtime.instrumentation.CreateClassResetClassAdapter - Creating brand-new static initializer in class io/netty/util/internal/shaded/org/jctools/queues/atomic/BaseLinkedAtomicQueuePad1
18:07:48.234 [main] INFO org.evosuite.runtime.instrumentation.EvoClassLoader - Seeing class for first time: io.netty.util.internal.shaded.org.jctools.queues.atomic.BaseLinkedAtomicQueueProducerNodeRef
18:07:48.234 [main] INFO org.evosuite.runtime.instrumentation.EvoClassLoader - Instrumenting class 'io.netty.util.internal.shaded.org.jctools.queues.atomic.BaseLinkedAtomicQueueProducerNodeRef'.
18:07:48.235 [main] INFO org.evosuite.runtime.instrumentation.MethodCallReplacementClassAdapter - Adding mock interface to class io/netty/util/internal/shaded/org/jctools/queues/atomic/BaseLinkedAtomicQueueProducerNodeRef
18:07:48.235 [main] INFO org.evosuite.runtime.instrumentation.CreateClassResetClassAdapter - Found static initializer in class io/netty/util/internal/shaded/org/jctools/queues/atomic/BaseLinkedAtomicQueueProducerNodeRef
18:07:48.235 [main] INFO org.evosuite.runtime.instrumentation.EvoClassLoader - Seeing class for first time: io.netty.util.internal.shaded.org.jctools.queues.atomic.BaseLinkedAtomicQueuePad0
18:07:48.235 [main] INFO org.evosuite.runtime.instrumentation.EvoClassLoader - Instrumenting class 'io.netty.util.internal.shaded.org.jctools.queues.atomic.BaseLinkedAtomicQueuePad0'.
18:07:48.236 [main] INFO org.evosuite.runtime.instrumentation.MethodCallReplacementClassAdapter - Adding mock interface to class io/netty/util/internal/shaded/org/jctools/queues/atomic/BaseLinkedAtomicQueuePad0
18:07:48.236 [main] INFO org.evosuite.runtime.instrumentation.CreateClassResetClassAdapter - Creating brand-new static initializer in class io/netty/util/internal/shaded/org/jctools/queues/atomic/BaseLinkedAtomicQueuePad0
18:07:48.236 [main] INFO org.evosuite.runtime.instrumentation.EvoClassLoader - Seeing class for first time: io.netty.util.internal.shaded.org.jctools.queues.MessagePassingQueue
18:07:48.236 [main] INFO org.evosuite.runtime.instrumentation.EvoClassLoader - Instrumenting class 'io.netty.util.internal.shaded.org.jctools.queues.MessagePassingQueue'.
18:07:48.237 [main] INFO org.evosuite.runtime.instrumentation.EvoClassLoader - Defined package (3): package io.netty.util.internal.shaded.org.jctools.queues, 1012279830
18:07:48.237 [main] INFO org.evosuite.runtime.instrumentation.EvoClassLoader - Keeping class: io.netty.util.internal.shaded.org.jctools.queues.MessagePassingQueue
18:07:48.237 [main] INFO org.evosuite.runtime.instrumentation.EvoClassLoader - Keeping class: io.netty.util.internal.shaded.org.jctools.queues.atomic.BaseLinkedAtomicQueuePad0
18:07:48.237 [main] INFO org.evosuite.runtime.instrumentation.EvoClassLoader - Keeping class: io.netty.util.internal.shaded.org.jctools.queues.atomic.BaseLinkedAtomicQueueProducerNodeRef
18:07:48.238 [main] INFO org.evosuite.runtime.instrumentation.EvoClassLoader - Keeping class: io.netty.util.internal.shaded.org.jctools.queues.atomic.BaseLinkedAtomicQueuePad1
18:07:48.238 [main] INFO org.evosuite.runtime.instrumentation.EvoClassLoader - Keeping class: io.netty.util.internal.shaded.org.jctools.queues.atomic.BaseLinkedAtomicQueueConsumerNodeRef
18:07:48.238 [main] INFO org.evosuite.runtime.instrumentation.EvoClassLoader - Seeing class for first time: io.netty.util.internal.shaded.org.jctools.queues.atomic.LinkedQueueAtomicNode
18:07:48.238 [main] INFO org.evosuite.runtime.instrumentation.EvoClassLoader - Instrumenting class 'io.netty.util.internal.shaded.org.jctools.queues.atomic.LinkedQueueAtomicNode'.
18:07:48.239 [main] INFO org.evosuite.runtime.instrumentation.MethodCallReplacementClassAdapter - Adding mock interface to class io/netty/util/internal/shaded/org/jctools/queues/atomic/LinkedQueueAtomicNode
18:07:48.239 [main] INFO org.evosuite.runtime.instrumentation.CreateClassResetClassAdapter - Creating brand-new static initializer in class io/netty/util/internal/shaded/org/jctools/queues/atomic/LinkedQueueAtomicNode
18:07:48.239 [main] INFO org.evosuite.runtime.instrumentation.EvoClassLoader - Keeping class: io.netty.util.internal.shaded.org.jctools.queues.atomic.LinkedQueueAtomicNode
18:07:48.240 [main] INFO org.evosuite.runtime.instrumentation.EvoClassLoader - Seeing class for first time: net.jpountz.util.Native
18:07:48.240 [main] INFO org.evosuite.runtime.instrumentation.EvoClassLoader - Instrumenting class 'net.jpountz.util.Native'.
18:07:48.241 [main] INFO org.evosuite.runtime.instrumentation.MethodCallReplacementClassAdapter - Adding mock interface to class net/jpountz/util/Native
18:07:48.245 [main] INFO org.evosuite.runtime.instrumentation.CreateClassResetClassAdapter - Found static initializer in class net/jpountz/util/Native
18:07:48.245 [main] INFO org.evosuite.runtime.instrumentation.EvoClassLoader - Defined package (3): package net.jpountz.util, 84329625
18:07:48.246 [main] INFO org.evosuite.runtime.instrumentation.EvoClassLoader - Keeping class: net.jpountz.util.Native
18:07:48.247 [main] INFO org.evosuite.runtime.instrumentation.EvoClassLoader - Seeing class for first time: io.netty.buffer.ReadOnlyByteBuf
18:07:48.247 [main] INFO org.evosuite.runtime.instrumentation.EvoClassLoader - Instrumenting class 'io.netty.buffer.ReadOnlyByteBuf'.
18:07:48.249 [main] INFO org.evosuite.runtime.instrumentation.MethodCallReplacementClassAdapter - Adding mock interface to class io/netty/buffer/ReadOnlyByteBuf
18:07:48.251 [main] INFO org.evosuite.runtime.instrumentation.CreateClassResetClassAdapter - Creating brand-new static initializer in class io/netty/buffer/ReadOnlyByteBuf
18:07:48.251 [main] INFO org.evosuite.runtime.instrumentation.EvoClassLoader - Seeing class for first time: io.netty.buffer.AbstractDerivedByteBuf
18:07:48.251 [main] INFO org.evosuite.runtime.instrumentation.EvoClassLoader - Instrumenting class 'io.netty.buffer.AbstractDerivedByteBuf'.
18:07:48.252 [main] INFO org.evosuite.runtime.instrumentation.MethodCallReplacementClassAdapter - Adding mock interface to class io/netty/buffer/AbstractDerivedByteBuf
18:07:48.253 [main] INFO org.evosuite.runtime.instrumentation.CreateClassResetClassAdapter - Creating brand-new static initializer in class io/netty/buffer/AbstractDerivedByteBuf
18:07:48.253 [main] INFO org.evosuite.runtime.instrumentation.EvoClassLoader - Keeping class: io.netty.buffer.AbstractDerivedByteBuf
18:07:48.254 [main] INFO org.evosuite.runtime.instrumentation.EvoClassLoader - Keeping class: io.netty.buffer.ReadOnlyByteBuf
18:07:48.254 [main] INFO org.evosuite.runtime.instrumentation.EvoClassLoader - Seeing class for first time: io.netty.buffer.UnpooledDuplicatedByteBuf
18:07:48.254 [main] INFO org.evosuite.runtime.instrumentation.EvoClassLoader - Instrumenting class 'io.netty.buffer.UnpooledDuplicatedByteBuf'.
18:07:48.255 [main] INFO org.evosuite.runtime.instrumentation.MethodCallReplacementClassAdapter - Adding mock interface to class io/netty/buffer/UnpooledDuplicatedByteBuf
18:07:48.256 [main] INFO org.evosuite.runtime.instrumentation.CreateClassResetClassAdapter - Creating brand-new static initializer in class io/netty/buffer/UnpooledDuplicatedByteBuf
18:07:48.256 [main] INFO org.evosuite.runtime.instrumentation.EvoClassLoader - Seeing class for first time: io.netty.buffer.DuplicatedByteBuf
18:07:48.257 [main] INFO org.evosuite.runtime.instrumentation.EvoClassLoader - Instrumenting class 'io.netty.buffer.DuplicatedByteBuf'.
18:07:48.257 [main] INFO org.evosuite.runtime.instrumentation.MethodCallReplacementClassAdapter - Adding mock interface to class io/netty/buffer/DuplicatedByteBuf
18:07:48.259 [main] INFO org.evosuite.runtime.instrumentation.CreateClassResetClassAdapter - Creating brand-new static initializer in class io/netty/buffer/DuplicatedByteBuf
18:07:48.260 [main] INFO org.evosuite.runtime.instrumentation.EvoClassLoader - Keeping class: io.netty.buffer.DuplicatedByteBuf
18:07:48.260 [main] INFO org.evosuite.runtime.instrumentation.EvoClassLoader - Keeping class: io.netty.buffer.UnpooledDuplicatedByteBuf
18:07:48.260 [main] INFO org.evosuite.runtime.instrumentation.EvoClassLoader - Seeing class for first time: io.netty.buffer.UnpooledSlicedByteBuf
18:07:48.260 [main] INFO org.evosuite.runtime.instrumentation.EvoClassLoader - Instrumenting class 'io.netty.buffer.UnpooledSlicedByteBuf'.
18:07:48.261 [main] INFO org.evosuite.runtime.instrumentation.MethodCallReplacementClassAdapter - Adding mock interface to class io/netty/buffer/UnpooledSlicedByteBuf
18:07:48.262 [main] INFO org.evosuite.runtime.instrumentation.CreateClassResetClassAdapter - Creating brand-new static initializer in class io/netty/buffer/UnpooledSlicedByteBuf
18:07:48.262 [main] INFO org.evosuite.runtime.instrumentation.EvoClassLoader - Seeing class for first time: io.netty.buffer.AbstractUnpooledSlicedByteBuf
18:07:48.262 [main] INFO org.evosuite.runtime.instrumentation.EvoClassLoader - Instrumenting class 'io.netty.buffer.AbstractUnpooledSlicedByteBuf'.
18:07:48.263 [main] INFO org.evosuite.runtime.instrumentation.MethodCallReplacementClassAdapter - Adding mock interface to class io/netty/buffer/AbstractUnpooledSlicedByteBuf
18:07:48.264 [main] INFO org.evosuite.runtime.instrumentation.CreateClassResetClassAdapter - Creating brand-new static initializer in class io/netty/buffer/AbstractUnpooledSlicedByteBuf
18:07:48.265 [main] INFO org.evosuite.runtime.instrumentation.EvoClassLoader - Keeping class: io.netty.buffer.AbstractUnpooledSlicedByteBuf
18:07:48.265 [main] INFO org.evosuite.runtime.instrumentation.EvoClassLoader - Keeping class: io.netty.buffer.UnpooledSlicedByteBuf
18:07:48.265 [main] INFO org.evosuite.runtime.instrumentation.EvoClassLoader - Seeing class for first time: io.netty.buffer.SwappedByteBuf
18:07:48.265 [main] INFO org.evosuite.runtime.instrumentation.EvoClassLoader - Instrumenting class 'io.netty.buffer.SwappedByteBuf'.
18:07:48.266 [main] INFO org.evosuite.runtime.instrumentation.MethodCallReplacementClassAdapter - Adding mock interface to class io/netty/buffer/SwappedByteBuf
18:07:48.267 [main] INFO org.evosuite.runtime.instrumentation.CreateClassResetClassAdapter - Creating brand-new static initializer in class io/netty/buffer/SwappedByteBuf
18:07:48.268 [main] INFO org.evosuite.runtime.instrumentation.EvoClassLoader - Keeping class: io.netty.buffer.SwappedByteBuf
18:07:48.268 [main] INFO org.evosuite.runtime.instrumentation.EvoClassLoader - Seeing class for first time: io.netty.util.IllegalReferenceCountException
18:07:48.268 [main] INFO org.evosuite.runtime.instrumentation.EvoClassLoader - Instrumenting class 'io.netty.util.IllegalReferenceCountException'.
18:07:48.268 [main] INFO org.evosuite.runtime.instrumentation.MethodCallReplacementClassAdapter - Adding mock interface to class io/netty/util/IllegalReferenceCountException
18:07:48.269 [main] INFO org.evosuite.runtime.instrumentation.CreateClassResetClassAdapter - Creating brand-new static initializer in class io/netty/util/IllegalReferenceCountException
18:07:48.269 [main] INFO org.evosuite.runtime.instrumentation.EvoClassLoader - Keeping class: io.netty.util.IllegalReferenceCountException
18:07:48.270 [main] INFO org.evosuite.runtime.instrumentation.EvoClassLoader - Seeing class for first time: io.netty.util.internal.logging.InternalLoggerFactory
18:07:48.270 [main] INFO org.evosuite.runtime.instrumentation.EvoClassLoader - Instrumenting class 'io.netty.util.internal.logging.InternalLoggerFactory'.
18:07:48.270 [main] INFO org.evosuite.runtime.instrumentation.MethodCallReplacementClassAdapter - Adding mock interface to class io/netty/util/internal/logging/InternalLoggerFactory
18:07:48.271 [main] INFO org.evosuite.runtime.instrumentation.CreateClassResetClassAdapter - Creating brand-new static initializer in class io/netty/util/internal/logging/InternalLoggerFactory
18:07:48.271 [main] INFO org.evosuite.runtime.instrumentation.CreateClassResetClassAdapter - Adding bytecode for initializing field defaultFactory
18:07:48.271 [main] INFO org.evosuite.runtime.instrumentation.EvoClassLoader - Defined package (3): package io.netty.util.internal.logging, 2048307398
18:07:48.271 [main] INFO org.evosuite.runtime.instrumentation.EvoClassLoader - Keeping class: io.netty.util.internal.logging.InternalLoggerFactory
18:07:48.271 [main] INFO org.evosuite.runtime.instrumentation.EvoClassLoader - Seeing class for first time: io.netty.util.internal.logging.Slf4JLoggerFactory
18:07:48.271 [main] INFO org.evosuite.runtime.instrumentation.EvoClassLoader - Instrumenting class 'io.netty.util.internal.logging.Slf4JLoggerFactory'.
18:07:48.272 [main] INFO org.evosuite.runtime.instrumentation.MethodCallReplacementClassAdapter - Adding mock interface to class io/netty/util/internal/logging/Slf4JLoggerFactory
18:07:48.273 [main] INFO org.evosuite.runtime.instrumentation.CreateClassResetClassAdapter - Found static initializer in class io/netty/util/internal/logging/Slf4JLoggerFactory
18:07:48.273 [main] INFO org.evosuite.runtime.instrumentation.EvoClassLoader - Keeping class: io.netty.util.internal.logging.Slf4JLoggerFactory
18:07:48.273 [main] INFO org.evosuite.runtime.instrumentation.EvoClassLoader - Seeing class for first time: io.netty.util.internal.logging.AbstractInternalLogger
18:07:48.273 [main] INFO org.evosuite.runtime.instrumentation.EvoClassLoader - Instrumenting class 'io.netty.util.internal.logging.AbstractInternalLogger'.
18:07:48.274 [main] INFO org.evosuite.runtime.instrumentation.MethodCallReplacementClassAdapter - Adding mock interface to class io/netty/util/internal/logging/AbstractInternalLogger
18:07:48.275 [main] INFO org.evosuite.runtime.instrumentation.CreateClassResetClassAdapter - Creating brand-new static initializer in class io/netty/util/internal/logging/AbstractInternalLogger
18:07:48.275 [main] INFO org.evosuite.runtime.instrumentation.CreateClassResetClassAdapter - Adding bytecode for initializing field EXCEPTION_MESSAGE
18:07:48.275 [main] INFO org.evosuite.runtime.instrumentation.EvoClassLoader - Seeing class for first time: io.netty.util.internal.logging.InternalLogger
18:07:48.275 [main] INFO org.evosuite.runtime.instrumentation.EvoClassLoader - Instrumenting class 'io.netty.util.internal.logging.InternalLogger'.
18:07:48.277 [main] INFO org.evosuite.runtime.instrumentation.EvoClassLoader - Keeping class: io.netty.util.internal.logging.InternalLogger
18:07:48.278 [main] INFO org.evosuite.runtime.instrumentation.EvoClassLoader - Keeping class: io.netty.util.internal.logging.AbstractInternalLogger
18:07:48.278 [main] INFO org.evosuite.runtime.instrumentation.EvoClassLoader - Seeing class for first time: io.netty.util.internal.logging.LocationAwareSlf4JLogger
18:07:48.278 [main] INFO org.evosuite.runtime.instrumentation.EvoClassLoader - Instrumenting class 'io.netty.util.internal.logging.LocationAwareSlf4JLogger'.
18:07:48.279 [main] INFO org.evosuite.runtime.instrumentation.MethodCallReplacementClassAdapter - Adding mock interface to class io/netty/util/internal/logging/LocationAwareSlf4JLogger
18:07:48.281 [main] INFO org.evosuite.runtime.instrumentation.CreateClassResetClassAdapter - Found static initializer in class io/netty/util/internal/logging/LocationAwareSlf4JLogger
18:07:48.282 [main] INFO org.evosuite.runtime.instrumentation.EvoClassLoader - Keeping class: io.netty.util.internal.logging.LocationAwareSlf4JLogger
18:07:48.282 [main] INFO org.evosuite.runtime.instrumentation.EvoClassLoader - Seeing class for first time: io.netty.util.internal.logging.Slf4JLogger
18:07:48.282 [main] INFO org.evosuite.runtime.instrumentation.EvoClassLoader - Instrumenting class 'io.netty.util.internal.logging.Slf4JLogger'.
18:07:48.283 [main] INFO org.evosuite.runtime.instrumentation.MethodCallReplacementClassAdapter - Adding mock interface to class io/netty/util/internal/logging/Slf4JLogger
18:07:48.284 [main] INFO org.evosuite.runtime.instrumentation.CreateClassResetClassAdapter - Creating brand-new static initializer in class io/netty/util/internal/logging/Slf4JLogger
18:07:48.284 [main] INFO org.evosuite.runtime.instrumentation.EvoClassLoader - Keeping class: io.netty.util.internal.logging.Slf4JLogger
18:07:48.284 [main] INFO org.evosuite.runtime.instrumentation.EvoClassLoader - Seeing class for first time: io.netty.util.internal.logging.Slf4JLoggerFactory$NopInstanceHolder
18:07:48.284 [main] INFO org.evosuite.runtime.instrumentation.EvoClassLoader - Instrumenting class 'io.netty.util.internal.logging.Slf4JLoggerFactory$NopInstanceHolder'.
18:07:48.285 [main] INFO org.evosuite.runtime.instrumentation.MethodCallReplacementClassAdapter - Adding mock interface to class io/netty/util/internal/logging/Slf4JLoggerFactory$NopInstanceHolder
18:07:48.286 [main] INFO org.evosuite.runtime.instrumentation.CreateClassResetClassAdapter - Found static initializer in class io/netty/util/internal/logging/Slf4JLoggerFactory$NopInstanceHolder
18:07:48.286 [main] INFO org.evosuite.runtime.instrumentation.EvoClassLoader - Keeping class: io.netty.util.internal.logging.Slf4JLoggerFactory$NopInstanceHolder
18:07:48.287 [main] INFO org.evosuite.runtime.instrumentation.EvoClassLoader - Seeing class for first time: io.netty.util.internal.ObjectUtil
18:07:48.287 [main] INFO org.evosuite.runtime.instrumentation.EvoClassLoader - Instrumenting class 'io.netty.util.internal.ObjectUtil'.
18:07:48.288 [main] INFO org.evosuite.runtime.instrumentation.MethodCallReplacementClassAdapter - Adding mock interface to class io/netty/util/internal/ObjectUtil
18:07:48.294 [main] INFO org.evosuite.runtime.instrumentation.CreateClassResetClassAdapter - Creating brand-new static initializer in class io/netty/util/internal/ObjectUtil
18:07:48.294 [main] INFO org.evosuite.runtime.instrumentation.CreateClassResetClassAdapter - Adding bytecode for initializing field FLOAT_ZERO
18:07:48.294 [main] INFO org.evosuite.runtime.instrumentation.CreateClassResetClassAdapter - Adding bytecode for initializing field DOUBLE_ZERO
18:07:48.294 [main] INFO org.evosuite.runtime.instrumentation.CreateClassResetClassAdapter - Adding bytecode for initializing field LONG_ZERO
18:07:48.294 [main] INFO org.evosuite.runtime.instrumentation.CreateClassResetClassAdapter - Adding bytecode for initializing field INT_ZERO
18:07:48.295 [main] INFO org.evosuite.runtime.instrumentation.EvoClassLoader - Keeping class: io.netty.util.internal.ObjectUtil
18:07:48.296 [main] DEBUG io.netty.util.internal.logging.InternalLoggerFactory - Using SLF4J as the default logging framework
18:07:48.296 [main] INFO org.evosuite.runtime.instrumentation.EvoClassLoader - Seeing class for first time: io.netty.util.internal.SystemPropertyUtil
18:07:48.296 [main] INFO org.evosuite.runtime.instrumentation.EvoClassLoader - Instrumenting class 'io.netty.util.internal.SystemPropertyUtil'.
18:07:48.297 [main] INFO org.evosuite.runtime.instrumentation.MethodCallReplacementClassAdapter - Adding mock interface to class io/netty/util/internal/SystemPropertyUtil
18:07:48.298 [main] INFO org.evosuite.runtime.instrumentation.CreateClassResetClassAdapter - Found static initializer in class io/netty/util/internal/SystemPropertyUtil
18:07:48.298 [main] INFO org.evosuite.runtime.instrumentation.EvoClassLoader - Keeping class: io.netty.util.internal.SystemPropertyUtil
18:07:48.299 [main] DEBUG io.netty.buffer.AbstractByteBuf - -Dio.netty.buffer.checkAccessible: true
18:07:48.299 [main] DEBUG io.netty.buffer.AbstractByteBuf - -Dio.netty.buffer.checkBounds: true
18:07:48.299 [main] INFO org.evosuite.runtime.instrumentation.EvoClassLoader - Seeing class for first time: io.netty.util.ResourceLeakDetectorFactory
18:07:48.299 [main] INFO org.evosuite.runtime.instrumentation.EvoClassLoader - Instrumenting class 'io.netty.util.ResourceLeakDetectorFactory'.
18:07:48.300 [main] INFO org.evosuite.runtime.instrumentation.MethodCallReplacementClassAdapter - Adding mock interface to class io/netty/util/ResourceLeakDetectorFactory
18:07:48.301 [main] INFO org.evosuite.runtime.instrumentation.CreateClassResetClassAdapter - Found static initializer in class io/netty/util/ResourceLeakDetectorFactory
18:07:48.301 [main] INFO org.evosuite.runtime.instrumentation.EvoClassLoader - Keeping class: io.netty.util.ResourceLeakDetectorFactory
18:07:48.301 [main] INFO org.evosuite.runtime.instrumentation.EvoClassLoader - Seeing class for first time: io.netty.util.ResourceLeakDetectorFactory$DefaultResourceLeakDetectorFactory
18:07:48.301 [main] INFO org.evosuite.runtime.instrumentation.EvoClassLoader - Instrumenting class 'io.netty.util.ResourceLeakDetectorFactory$DefaultResourceLeakDetectorFactory'.
18:07:48.302 [main] INFO org.evosuite.runtime.instrumentation.MethodCallReplacementClassAdapter - Adding mock interface to class io/netty/util/ResourceLeakDetectorFactory$DefaultResourceLeakDetectorFactory
18:07:48.303 [main] INFO org.evosuite.runtime.instrumentation.CreateClassResetClassAdapter - Creating brand-new static initializer in class io/netty/util/ResourceLeakDetectorFactory$DefaultResourceLeakDetectorFactory
18:07:48.303 [main] INFO org.evosuite.runtime.instrumentation.EvoClassLoader - Keeping class: io.netty.util.ResourceLeakDetectorFactory$DefaultResourceLeakDetectorFactory
18:07:48.303 [main] INFO org.evosuite.runtime.instrumentation.EvoClassLoader - Seeing class for first time: io.netty.util.ResourceLeakDetector
18:07:48.303 [main] INFO org.evosuite.runtime.instrumentation.EvoClassLoader - Instrumenting class 'io.netty.util.ResourceLeakDetector'.
18:07:48.304 [main] INFO org.evosuite.runtime.instrumentation.MethodCallReplacementClassAdapter - Adding mock interface to class io/netty/util/ResourceLeakDetector
18:07:48.305 [main] INFO org.evosuite.runtime.instrumentation.CreateClassResetClassAdapter - Found static initializer in class io/netty/util/ResourceLeakDetector
18:07:48.306 [main] INFO org.evosuite.runtime.instrumentation.EvoClassLoader - Keeping class: io.netty.util.ResourceLeakDetector
18:07:48.306 [main] INFO org.evosuite.runtime.instrumentation.EvoClassLoader - Seeing class for first time: io.netty.util.ResourceLeak
18:07:48.306 [main] INFO org.evosuite.runtime.instrumentation.EvoClassLoader - Instrumenting class 'io.netty.util.ResourceLeak'.
18:07:48.306 [main] INFO org.evosuite.runtime.instrumentation.EvoClassLoader - Keeping class: io.netty.util.ResourceLeak
18:07:48.306 [main] INFO org.evosuite.runtime.instrumentation.EvoClassLoader - Seeing class for first time: io.netty.util.ResourceLeakTracker
18:07:48.306 [main] INFO org.evosuite.runtime.instrumentation.EvoClassLoader - Instrumenting class 'io.netty.util.ResourceLeakTracker'.
18:07:48.307 [main] INFO org.evosuite.runtime.instrumentation.EvoClassLoader - Keeping class: io.netty.util.ResourceLeakTracker
18:07:48.307 [main] INFO org.evosuite.runtime.instrumentation.EvoClassLoader - Seeing class for first time: io.netty.util.ResourceLeakDetector$Level
18:07:48.307 [main] INFO org.evosuite.runtime.instrumentation.EvoClassLoader - Instrumenting class 'io.netty.util.ResourceLeakDetector$Level'.
18:07:48.307 [main] INFO org.evosuite.runtime.instrumentation.MethodCallReplacementClassAdapter - Adding mock interface to class io/netty/util/ResourceLeakDetector$Level
18:07:48.308 [main] INFO org.evosuite.runtime.instrumentation.CreateClassResetClassAdapter - Found static initializer in class io/netty/util/ResourceLeakDetector$Level
18:07:48.308 [main] INFO org.evosuite.runtime.instrumentation.EvoClassLoader - Keeping class: io.netty.util.ResourceLeakDetector$Level
18:07:48.308 [main] DEBUG io.netty.util.ResourceLeakDetector - -Dio.netty.leakDetection.level: simple
18:07:48.309 [main] DEBUG io.netty.util.ResourceLeakDetector - -Dio.netty.leakDetection.targetRecords: 4
18:07:48.309 [main] INFO org.evosuite.runtime.instrumentation.EvoClassLoader - Seeing class for first time: io.netty.util.internal.EmptyArrays
18:07:48.309 [main] INFO org.evosuite.runtime.instrumentation.EvoClassLoader - Instrumenting class 'io.netty.util.internal.EmptyArrays'.
18:07:48.310 [main] INFO org.evosuite.runtime.instrumentation.MethodCallReplacementClassAdapter - Adding mock interface to class io/netty/util/internal/EmptyArrays
18:07:48.310 [main] INFO org.evosuite.runtime.instrumentation.CreateClassResetClassAdapter - Found static initializer in class io/netty/util/internal/EmptyArrays
18:07:48.311 [main] INFO org.evosuite.runtime.instrumentation.EvoClassLoader - Keeping class: io.netty.util.internal.EmptyArrays
18:07:48.311 [main] INFO org.evosuite.runtime.instrumentation.EvoClassLoader - Seeing class for first time: io.netty.util.AsciiString
18:07:48.311 [main] INFO org.evosuite.runtime.instrumentation.EvoClassLoader - Instrumenting class 'io.netty.util.AsciiString'.
18:07:48.313 [main] INFO org.evosuite.runtime.instrumentation.MethodCallReplacementClassAdapter - Adding mock interface to class io/netty/util/AsciiString
18:07:48.323 [main] INFO org.evosuite.runtime.instrumentation.CreateClassResetClassAdapter - Found static initializer in class io/netty/util/AsciiString
18:07:48.324 [main] INFO org.evosuite.runtime.instrumentation.EvoClassLoader - Keeping class: io.netty.util.AsciiString
18:07:48.325 [main] INFO org.evosuite.runtime.instrumentation.EvoClassLoader - Seeing class for first time: io.netty.util.internal.StringUtil
18:07:48.325 [main] INFO org.evosuite.runtime.instrumentation.EvoClassLoader - Instrumenting class 'io.netty.util.internal.StringUtil'.
18:07:48.327 [main] INFO org.evosuite.runtime.instrumentation.MethodCallReplacementClassAdapter - Adding mock interface to class io/netty/util/internal/StringUtil
18:07:48.331 [main] INFO org.evosuite.runtime.instrumentation.CreateClassResetClassAdapter - Found static initializer in class io/netty/util/internal/StringUtil
18:07:48.332 [main] INFO org.evosuite.runtime.instrumentation.EvoClassLoader - Keeping class: io.netty.util.internal.StringUtil
18:07:48.335 [main] DEBUG io.netty.util.ResourceLeakDetectorFactory - Loaded default ResourceLeakDetector: io.netty.util.ResourceLeakDetector@17
18:07:48.336 [main] INFO org.evosuite.runtime.instrumentation.EvoClassLoader - Seeing class for first time: io.netty.util.internal.Cleaner
18:07:48.336 [main] INFO org.evosuite.runtime.instrumentation.EvoClassLoader - Instrumenting class 'io.netty.util.internal.Cleaner'.
18:07:48.337 [main] INFO org.evosuite.runtime.instrumentation.EvoClassLoader - Keeping class: io.netty.util.internal.Cleaner
18:07:48.337 [main] INFO org.evosuite.runtime.instrumentation.EvoClassLoader - Seeing class for first time: net.jpountz.xxhash.StreamingXXHash64$Factory
18:07:48.337 [main] INFO org.evosuite.runtime.instrumentation.EvoClassLoader - Instrumenting class 'net.jpountz.xxhash.StreamingXXHash64$Factory'.
18:07:48.338 [main] INFO org.evosuite.runtime.instrumentation.EvoClassLoader - Defined package (3): package net.jpountz.xxhash, -474064155
18:07:48.338 [main] INFO org.evosuite.runtime.instrumentation.EvoClassLoader - Keeping class: net.jpountz.xxhash.StreamingXXHash64$Factory
18:07:48.343 [main] INFO org.evosuite.runtime.instrumentation.EvoClassLoader - Seeing class for first time: io.netty.util.internal.shaded.org.jctools.queues.MpscArrayQueueL1Pad
18:07:48.343 [main] INFO org.evosuite.runtime.instrumentation.EvoClassLoader - Instrumenting class 'io.netty.util.internal.shaded.org.jctools.queues.MpscArrayQueueL1Pad'.
18:07:48.344 [main] INFO org.evosuite.runtime.instrumentation.MethodCallReplacementClassAdapter - Adding mock interface to class io/netty/util/internal/shaded/org/jctools/queues/MpscArrayQueueL1Pad
18:07:48.344 [main] INFO org.evosuite.runtime.instrumentation.CreateClassResetClassAdapter - Creating brand-new static initializer in class io/netty/util/internal/shaded/org/jctools/queues/MpscArrayQueueL1Pad
18:07:48.345 [main] INFO org.evosuite.runtime.instrumentation.EvoClassLoader - Seeing class for first time: io.netty.util.internal.shaded.org.jctools.queues.ConcurrentCircularArrayQueue
18:07:48.345 [main] INFO org.evosuite.runtime.instrumentation.EvoClassLoader - Instrumenting class 'io.netty.util.internal.shaded.org.jctools.queues.ConcurrentCircularArrayQueue'.
18:07:48.346 [main] INFO org.evosuite.runtime.instrumentation.MethodCallReplacementClassAdapter - Adding mock interface to class io/netty/util/internal/shaded/org/jctools/queues/ConcurrentCircularArrayQueue
18:07:48.346 [main] INFO org.evosuite.runtime.instrumentation.CreateClassResetClassAdapter - Creating brand-new static initializer in class io/netty/util/internal/shaded/org/jctools/queues/ConcurrentCircularArrayQueue
18:07:48.347 [main] INFO org.evosuite.runtime.instrumentation.EvoClassLoader - Seeing class for first time: io.netty.util.internal.shaded.org.jctools.queues.IndexedQueueSizeUtil$IndexedQueue
18:07:48.347 [main] INFO org.evosuite.runtime.instrumentation.EvoClassLoader - Instrumenting class 'io.netty.util.internal.shaded.org.jctools.queues.IndexedQueueSizeUtil$IndexedQueue'.
18:07:48.348 [main] INFO org.evosuite.runtime.instrumentation.EvoClassLoader - Keeping class: io.netty.util.internal.shaded.org.jctools.queues.IndexedQueueSizeUtil$IndexedQueue
18:07:48.348 [main] INFO org.evosuite.runtime.instrumentation.EvoClassLoader - Seeing class for first time: io.netty.util.internal.shaded.org.jctools.queues.QueueProgressIndicators
18:07:48.348 [main] INFO org.evosuite.runtime.instrumentation.EvoClassLoader - Instrumenting class 'io.netty.util.internal.shaded.org.jctools.queues.QueueProgressIndicators'.
18:07:48.386 [main] INFO org.evosuite.runtime.instrumentation.EvoClassLoader - Keeping class: io.netty.util.internal.shaded.org.jctools.queues.QueueProgressIndicators
18:07:48.386 [main] INFO org.evosuite.runtime.instrumentation.EvoClassLoader - Seeing class for first time: io.netty.util.internal.shaded.org.jctools.queues.SupportsIterator
18:07:48.386 [main] INFO org.evosuite.runtime.instrumentation.EvoClassLoader - Instrumenting class 'io.netty.util.internal.shaded.org.jctools.queues.SupportsIterator'.
18:07:48.387 [main] INFO org.evosuite.runtime.instrumentation.EvoClassLoader - Keeping class: io.netty.util.internal.shaded.org.jctools.queues.SupportsIterator
18:07:48.387 [main] INFO org.evosuite.runtime.instrumentation.EvoClassLoader - Seeing class for first time: io.netty.util.internal.shaded.org.jctools.queues.ConcurrentCircularArrayQueueL0Pad
18:07:48.387 [main] INFO org.evosuite.runtime.instrumentation.EvoClassLoader - Instrumenting class 'io.netty.util.internal.shaded.org.jctools.queues.ConcurrentCircularArrayQueueL0Pad'.
18:07:48.388 [main] INFO org.evosuite.runtime.instrumentation.MethodCallReplacementClassAdapter - Adding mock interface to class io/netty/util/internal/shaded/org/jctools/queues/ConcurrentCircularArrayQueueL0Pad
18:07:48.388 [main] INFO org.evosuite.runtime.instrumentation.CreateClassResetClassAdapter - Creating brand-new static initializer in class io/netty/util/internal/shaded/org/jctools/queues/ConcurrentCircularArrayQueueL0Pad
18:07:48.388 [main] INFO org.evosuite.runtime.instrumentation.EvoClassLoader - Keeping class: io.netty.util.internal.shaded.org.jctools.queues.ConcurrentCircularArrayQueueL0Pad
18:07:48.389 [main] INFO org.evosuite.runtime.instrumentation.EvoClassLoader - Keeping class: io.netty.util.internal.shaded.org.jctools.queues.ConcurrentCircularArrayQueue
18:07:48.389 [main] INFO org.evosuite.runtime.instrumentation.EvoClassLoader - Keeping class: io.netty.util.internal.shaded.org.jctools.queues.MpscArrayQueueL1Pad
18:07:48.396 [main] INFO org.evosuite.runtime.instrumentation.EvoClassLoader - Seeing class for first time: net.jpountz.xxhash.StreamingXXHash32$Factory
18:07:48.396 [main] INFO org.evosuite.runtime.instrumentation.EvoClassLoader - Instrumenting class 'net.jpountz.xxhash.StreamingXXHash32$Factory'.
18:07:48.399 [main] INFO org.evosuite.runtime.instrumentation.EvoClassLoader - Keeping class: net.jpountz.xxhash.StreamingXXHash32$Factory
18:07:48.400 [main] INFO org.evosuite.runtime.instrumentation.EvoClassLoader - Seeing class for first time: io.netty.util.internal.PlatformDependent0
18:07:48.400 [main] INFO org.evosuite.runtime.instrumentation.EvoClassLoader - Instrumenting class 'io.netty.util.internal.PlatformDependent0'.
18:07:48.401 [main] INFO org.evosuite.runtime.instrumentation.MethodCallReplacementClassAdapter - Adding mock interface to class io/netty/util/internal/PlatformDependent0
18:07:48.404 [main] INFO org.evosuite.runtime.instrumentation.CreateClassResetClassAdapter - Found static initializer in class io/netty/util/internal/PlatformDependent0
18:07:48.406 [main] INFO org.evosuite.runtime.instrumentation.EvoClassLoader - Keeping class: io.netty.util.internal.PlatformDependent0
18:07:48.407 [main] DEBUG io.netty.util.internal.PlatformDependent0 - -Dio.netty.noUnsafe: false
18:07:48.407 [main] DEBUG io.netty.util.internal.PlatformDependent0 - Java version: 8
18:07:48.407 [main] INFO org.evosuite.runtime.instrumentation.EvoClassLoader - Seeing class for first time: io.netty.util.internal.PlatformDependent0$1
18:07:48.407 [main] INFO org.evosuite.runtime.instrumentation.EvoClassLoader - Instrumenting class 'io.netty.util.internal.PlatformDependent0$1'.
18:07:48.408 [main] INFO org.evosuite.runtime.instrumentation.MethodCallReplacementClassAdapter - Adding mock interface to class io/netty/util/internal/PlatformDependent0$1
18:07:48.408 [main] INFO org.evosuite.runtime.instrumentation.EvoClassLoader - Keeping class: io.netty.util.internal.PlatformDependent0$1
18:07:48.408 [main] INFO org.evosuite.runtime.instrumentation.EvoClassLoader - Seeing class for first time: io.netty.util.internal.ReflectionUtil
18:07:48.408 [main] INFO org.evosuite.runtime.instrumentation.EvoClassLoader - Instrumenting class 'io.netty.util.internal.ReflectionUtil'.
18:07:48.409 [main] INFO org.evosuite.runtime.instrumentation.MethodCallReplacementClassAdapter - Adding mock interface to class io/netty/util/internal/ReflectionUtil
18:07:48.409 [main] INFO org.evosuite.runtime.instrumentation.CreateClassResetClassAdapter - Creating brand-new static initializer in class io/netty/util/internal/ReflectionUtil
18:07:48.409 [main] INFO org.evosuite.runtime.instrumentation.EvoClassLoader - Keeping class: io.netty.util.internal.ReflectionUtil
18:07:48.409 [main] DEBUG io.netty.util.internal.PlatformDependent0 - sun.misc.Unsafe.theUnsafe: available
18:07:48.409 [main] INFO org.evosuite.runtime.instrumentation.EvoClassLoader - Seeing class for first time: io.netty.util.internal.PlatformDependent0$2
18:07:48.409 [main] INFO org.evosuite.runtime.instrumentation.EvoClassLoader - Instrumenting class 'io.netty.util.internal.PlatformDependent0$2'.
18:07:48.409 [main] INFO org.evosuite.runtime.instrumentation.MethodCallReplacementClassAdapter - Adding mock interface to class io/netty/util/internal/PlatformDependent0$2
18:07:48.410 [main] INFO org.evosuite.runtime.instrumentation.EvoClassLoader - Keeping class: io.netty.util.internal.PlatformDependent0$2
18:07:48.410 [main] DEBUG io.netty.util.internal.PlatformDependent0 - sun.misc.Unsafe.copyMemory: available
18:07:48.410 [main] INFO org.evosuite.runtime.instrumentation.EvoClassLoader - Seeing class for first time: io.netty.util.internal.PlatformDependent0$3
18:07:48.410 [main] INFO org.evosuite.runtime.instrumentation.EvoClassLoader - Instrumenting class 'io.netty.util.internal.PlatformDependent0$3'.
18:07:48.411 [main] INFO org.evosuite.runtime.instrumentation.MethodCallReplacementClassAdapter - Adding mock interface to class io/netty/util/internal/PlatformDependent0$3
18:07:48.411 [main] INFO org.evosuite.runtime.instrumentation.EvoClassLoader - Keeping class: io.netty.util.internal.PlatformDependent0$3
18:07:48.412 [main] DEBUG io.netty.util.internal.PlatformDependent0 - sun.misc.Unsafe.storeFence: available
18:07:48.412 [main] INFO org.evosuite.runtime.instrumentation.EvoClassLoader - Seeing class for first time: io.netty.util.internal.PlatformDependent0$4
18:07:48.412 [main] INFO org.evosuite.runtime.instrumentation.EvoClassLoader - Instrumenting class 'io.netty.util.internal.PlatformDependent0$4'.
18:07:48.412 [main] INFO org.evosuite.runtime.instrumentation.MethodCallReplacementClassAdapter - Adding mock interface to class io/netty/util/internal/PlatformDependent0$4
18:07:48.413 [main] INFO org.evosuite.runtime.instrumentation.EvoClassLoader - Keeping class: io.netty.util.internal.PlatformDependent0$4
18:07:48.413 [main] DEBUG io.netty.util.internal.PlatformDependent0 - java.nio.Buffer.address: available
18:07:48.413 [main] INFO org.evosuite.runtime.instrumentation.EvoClassLoader - Seeing class for first time: io.netty.util.internal.PlatformDependent0$5
18:07:48.413 [main] INFO org.evosuite.runtime.instrumentation.EvoClassLoader - Instrumenting class 'io.netty.util.internal.PlatformDependent0$5'.
18:07:48.413 [main] INFO org.evosuite.runtime.instrumentation.MethodCallReplacementClassAdapter - Adding mock interface to class io/netty/util/internal/PlatformDependent0$5
18:07:48.415 [main] INFO org.evosuite.runtime.instrumentation.EvoClassLoader - Keeping class: io.netty.util.internal.PlatformDependent0$5
18:07:48.416 [main] DEBUG io.netty.util.internal.PlatformDependent0 - direct buffer constructor: available
18:07:48.416 [main] INFO org.evosuite.runtime.instrumentation.EvoClassLoader - Seeing class for first time: io.netty.util.internal.PlatformDependent0$6
18:07:48.416 [main] INFO org.evosuite.runtime.instrumentation.EvoClassLoader - Instrumenting class 'io.netty.util.internal.PlatformDependent0$6'.
18:07:48.417 [main] INFO org.evosuite.runtime.instrumentation.MethodCallReplacementClassAdapter - Adding mock interface to class io/netty/util/internal/PlatformDependent0$6
18:07:48.419 [main] INFO org.evosuite.runtime.instrumentation.EvoClassLoader - Keeping class: io.netty.util.internal.PlatformDependent0$6
18:07:48.419 [main] INFO org.evosuite.runtime.instrumentation.EvoClassLoader - Seeing class for first time: io.netty.util.internal.PlatformDependent0$12
18:07:48.419 [main] INFO org.evosuite.runtime.instrumentation.EvoClassLoader - Instrumenting class 'io.netty.util.internal.PlatformDependent0$12'.
18:07:48.420 [main] INFO org.evosuite.runtime.instrumentation.MethodCallReplacementClassAdapter - Adding mock interface to class io/netty/util/internal/PlatformDependent0$12
18:07:48.420 [main] INFO org.evosuite.runtime.instrumentation.EvoClassLoader - Keeping class: io.netty.util.internal.PlatformDependent0$12
18:07:48.421 [main] DEBUG io.netty.util.internal.PlatformDependent0 - java.nio.Bits.unaligned: available, true
18:07:48.421 [main] DEBUG io.netty.util.internal.PlatformDependent0 - jdk.internal.misc.Unsafe.allocateUninitializedArray(int): unavailable prior to Java9
18:07:48.421 [main] DEBUG io.netty.util.internal.PlatformDependent0 - java.nio.DirectByteBuffer.<init>(long, {int,long}): available
18:07:48.421 [main] INFO org.evosuite.runtime.instrumentation.EvoClassLoader - Seeing class for first time: io.netty.util.HashingStrategy
18:07:48.421 [main] INFO org.evosuite.runtime.instrumentation.EvoClassLoader - Instrumenting class 'io.netty.util.HashingStrategy'.
18:07:48.422 [main] INFO org.evosuite.runtime.instrumentation.EvoClassLoader - Keeping class: io.netty.util.HashingStrategy
18:07:48.423 [main] INFO org.evosuite.runtime.instrumentation.EvoClassLoader - Seeing class for first time: io.netty.util.AsciiString$CharEqualityComparator
18:07:48.423 [main] INFO org.evosuite.runtime.instrumentation.EvoClassLoader - Instrumenting class 'io.netty.util.AsciiString$CharEqualityComparator'.
18:07:48.424 [main] INFO org.evosuite.runtime.instrumentation.EvoClassLoader - Keeping class: io.netty.util.AsciiString$CharEqualityComparator
18:07:48.425 [main] INFO org.evosuite.runtime.instrumentation.EvoClassLoader - Seeing class for first time: io.netty.util.internal.MathUtil
18:07:48.425 [main] INFO org.evosuite.runtime.instrumentation.EvoClassLoader - Instrumenting class 'io.netty.util.internal.MathUtil'.
18:07:48.426 [main] INFO org.evosuite.runtime.instrumentation.MethodCallReplacementClassAdapter - Adding mock interface to class io/netty/util/internal/MathUtil
18:07:48.427 [main] INFO org.evosuite.runtime.instrumentation.CreateClassResetClassAdapter - Found static initializer in class io/netty/util/internal/MathUtil
18:07:48.427 [main] INFO org.evosuite.runtime.instrumentation.EvoClassLoader - Keeping class: io.netty.util.internal.MathUtil
18:07:48.428 [main] INFO org.evosuite.runtime.instrumentation.EvoClassLoader - Seeing class for first time: io.netty.util.internal.PlatformDependent
18:07:48.428 [main] INFO org.evosuite.runtime.instrumentation.EvoClassLoader - Instrumenting class 'io.netty.util.internal.PlatformDependent'.
18:07:48.430 [main] INFO org.evosuite.runtime.instrumentation.MethodCallReplacementClassAdapter - Adding mock interface to class io/netty/util/internal/PlatformDependent
18:07:48.470 [main] INFO org.evosuite.runtime.instrumentation.CreateClassResetClassAdapter - Found static initializer in class io/netty/util/internal/PlatformDependent
18:07:48.473 [main] INFO org.evosuite.runtime.instrumentation.EvoClassLoader - Keeping class: io.netty.util.internal.PlatformDependent
18:07:48.473 [main] INFO org.evosuite.runtime.instrumentation.EvoClassLoader - Seeing class for first time: io.netty.util.internal.PlatformDependent$ThreadLocalRandomProvider
18:07:48.473 [main] INFO org.evosuite.runtime.instrumentation.EvoClassLoader - Instrumenting class 'io.netty.util.internal.PlatformDependent$ThreadLocalRandomProvider'.
18:07:48.474 [main] INFO org.evosuite.runtime.instrumentation.EvoClassLoader - Keeping class: io.netty.util.internal.PlatformDependent$ThreadLocalRandomProvider
18:07:48.474 [main] INFO org.evosuite.runtime.instrumentation.EvoClassLoader - Seeing class for first time: io.netty.util.internal.OutOfDirectMemoryError
18:07:48.474 [main] INFO org.evosuite.runtime.instrumentation.EvoClassLoader - Instrumenting class 'io.netty.util.internal.OutOfDirectMemoryError'.
18:07:48.475 [main] INFO org.evosuite.runtime.instrumentation.MethodCallReplacementClassAdapter - Adding mock interface to class io/netty/util/internal/OutOfDirectMemoryError
18:07:48.475 [main] INFO org.evosuite.runtime.instrumentation.CreateClassResetClassAdapter - Creating brand-new static initializer in class io/netty/util/internal/OutOfDirectMemoryError
18:07:48.476 [main] INFO org.evosuite.runtime.instrumentation.EvoClassLoader - Keeping class: io.netty.util.internal.OutOfDirectMemoryError
18:07:48.476 [main] INFO org.evosuite.runtime.instrumentation.EvoClassLoader - Seeing class for first time: io.netty.util.internal.shaded.org.jctools.queues.SpscLinkedQueue
18:07:48.476 [main] INFO org.evosuite.runtime.instrumentation.EvoClassLoader - Instrumenting class 'io.netty.util.internal.shaded.org.jctools.queues.SpscLinkedQueue'.
18:07:48.477 [main] INFO org.evosuite.runtime.instrumentation.MethodCallReplacementClassAdapter - Adding mock interface to class io/netty/util/internal/shaded/org/jctools/queues/SpscLinkedQueue
18:07:48.480 [main] INFO org.evosuite.runtime.instrumentation.CreateClassResetClassAdapter - Creating brand-new static initializer in class io/netty/util/internal/shaded/org/jctools/queues/SpscLinkedQueue
18:07:48.480 [main] INFO org.evosuite.runtime.instrumentation.EvoClassLoader - Seeing class for first time: io.netty.util.internal.shaded.org.jctools.queues.BaseLinkedQueue
18:07:48.480 [main] INFO org.evosuite.runtime.instrumentation.EvoClassLoader - Instrumenting class 'io.netty.util.internal.shaded.org.jctools.queues.BaseLinkedQueue'.
18:07:48.481 [main] INFO org.evosuite.runtime.instrumentation.MethodCallReplacementClassAdapter - Adding mock interface to class io/netty/util/internal/shaded/org/jctools/queues/BaseLinkedQueue
18:07:48.482 [main] INFO org.evosuite.runtime.instrumentation.CreateClassResetClassAdapter - Creating brand-new static initializer in class io/netty/util/internal/shaded/org/jctools/queues/BaseLinkedQueue
18:07:48.482 [main] INFO org.evosuite.runtime.instrumentation.EvoClassLoader - Seeing class for first time: io.netty.util.internal.shaded.org.jctools.queues.BaseLinkedQueuePad2
18:07:48.482 [main] INFO org.evosuite.runtime.instrumentation.EvoClassLoader - Instrumenting class 'io.netty.util.internal.shaded.org.jctools.queues.BaseLinkedQueuePad2'.
18:07:48.483 [main] INFO org.evosuite.runtime.instrumentation.MethodCallReplacementClassAdapter - Adding mock interface to class io/netty/util/internal/shaded/org/jctools/queues/BaseLinkedQueuePad2
18:07:48.483 [main] INFO org.evosuite.runtime.instrumentation.CreateClassResetClassAdapter - Creating brand-new static initializer in class io/netty/util/internal/shaded/org/jctools/queues/BaseLinkedQueuePad2
18:07:48.483 [main] INFO org.evosuite.runtime.instrumentation.EvoClassLoader - Seeing class for first time: io.netty.util.internal.shaded.org.jctools.queues.BaseLinkedQueueConsumerNodeRef
18:07:48.483 [main] INFO org.evosuite.runtime.instrumentation.EvoClassLoader - Instrumenting class 'io.netty.util.internal.shaded.org.jctools.queues.BaseLinkedQueueConsumerNodeRef'.
18:07:48.484 [main] INFO org.evosuite.runtime.instrumentation.MethodCallReplacementClassAdapter - Adding mock interface to class io/netty/util/internal/shaded/org/jctools/queues/BaseLinkedQueueConsumerNodeRef
18:07:48.484 [main] INFO org.evosuite.runtime.instrumentation.CreateClassResetClassAdapter - Found static initializer in class io/netty/util/internal/shaded/org/jctools/queues/BaseLinkedQueueConsumerNodeRef
18:07:48.484 [main] INFO org.evosuite.runtime.instrumentation.EvoClassLoader - Seeing class for first time: io.netty.util.internal.shaded.org.jctools.queues.BaseLinkedQueuePad1
18:07:48.484 [main] INFO org.evosuite.runtime.instrumentation.EvoClassLoader - Instrumenting class 'io.netty.util.internal.shaded.org.jctools.queues.BaseLinkedQueuePad1'.
18:07:48.485 [main] INFO org.evosuite.runtime.instrumentation.MethodCallReplacementClassAdapter - Adding mock interface to class io/netty/util/internal/shaded/org/jctools/queues/BaseLinkedQueuePad1
18:07:48.485 [main] INFO org.evosuite.runtime.instrumentation.CreateClassResetClassAdapter - Creating brand-new static initializer in class io/netty/util/internal/shaded/org/jctools/queues/BaseLinkedQueuePad1
18:07:48.485 [main] INFO org.evosuite.runtime.instrumentation.EvoClassLoader - Seeing class for first time: io.netty.util.internal.shaded.org.jctools.queues.BaseLinkedQueueProducerNodeRef
18:07:48.485 [main] INFO org.evosuite.runtime.instrumentation.EvoClassLoader - Instrumenting class 'io.netty.util.internal.shaded.org.jctools.queues.BaseLinkedQueueProducerNodeRef'.
18:07:48.485 [main] INFO org.evosuite.runtime.instrumentation.MethodCallReplacementClassAdapter - Adding mock interface to class io/netty/util/internal/shaded/org/jctools/queues/BaseLinkedQueueProducerNodeRef
18:07:48.486 [main] INFO org.evosuite.runtime.instrumentation.CreateClassResetClassAdapter - Found static initializer in class io/netty/util/internal/shaded/org/jctools/queues/BaseLinkedQueueProducerNodeRef
18:07:48.486 [main] INFO org.evosuite.runtime.instrumentation.EvoClassLoader - Seeing class for first time: io.netty.util.internal.shaded.org.jctools.queues.BaseLinkedQueuePad0
18:07:48.486 [main] INFO org.evosuite.runtime.instrumentation.EvoClassLoader - Instrumenting class 'io.netty.util.internal.shaded.org.jctools.queues.BaseLinkedQueuePad0'.
18:07:48.486 [main] INFO org.evosuite.runtime.instrumentation.MethodCallReplacementClassAdapter - Adding mock interface to class io/netty/util/internal/shaded/org/jctools/queues/BaseLinkedQueuePad0
18:07:48.487 [main] INFO org.evosuite.runtime.instrumentation.CreateClassResetClassAdapter - Creating brand-new static initializer in class io/netty/util/internal/shaded/org/jctools/queues/BaseLinkedQueuePad0
18:07:48.487 [main] INFO org.evosuite.runtime.instrumentation.EvoClassLoader - Keeping class: io.netty.util.internal.shaded.org.jctools.queues.BaseLinkedQueuePad0
18:07:48.487 [main] INFO org.evosuite.runtime.instrumentation.EvoClassLoader - Keeping class: io.netty.util.internal.shaded.org.jctools.queues.BaseLinkedQueueProducerNodeRef
18:07:48.487 [main] INFO org.evosuite.runtime.instrumentation.EvoClassLoader - Keeping class: io.netty.util.internal.shaded.org.jctools.queues.BaseLinkedQueuePad1
18:07:48.487 [main] INFO org.evosuite.runtime.instrumentation.EvoClassLoader - Keeping class: io.netty.util.internal.shaded.org.jctools.queues.BaseLinkedQueueConsumerNodeRef
18:07:48.488 [main] INFO org.evosuite.runtime.instrumentation.EvoClassLoader - Keeping class: io.netty.util.internal.shaded.org.jctools.queues.BaseLinkedQueuePad2
18:07:48.488 [main] INFO org.evosuite.runtime.instrumentation.EvoClassLoader - Keeping class: io.netty.util.internal.shaded.org.jctools.queues.BaseLinkedQueue
18:07:48.488 [main] INFO org.evosuite.runtime.instrumentation.EvoClassLoader - Keeping class: io.netty.util.internal.shaded.org.jctools.queues.SpscLinkedQueue
18:07:48.488 [main] INFO org.evosuite.runtime.instrumentation.EvoClassLoader - Seeing class for first time: io.netty.util.internal.shaded.org.jctools.queues.atomic.SpscLinkedAtomicQueue
18:07:48.488 [main] INFO org.evosuite.runtime.instrumentation.EvoClassLoader - Instrumenting class 'io.netty.util.internal.shaded.org.jctools.queues.atomic.SpscLinkedAtomicQueue'.
18:07:48.488 [main] INFO org.evosuite.runtime.instrumentation.MethodCallReplacementClassAdapter - Adding mock interface to class io/netty/util/internal/shaded/org/jctools/queues/atomic/SpscLinkedAtomicQueue
18:07:48.490 [main] INFO org.evosuite.runtime.instrumentation.CreateClassResetClassAdapter - Creating brand-new static initializer in class io/netty/util/internal/shaded/org/jctools/queues/atomic/SpscLinkedAtomicQueue
18:07:48.491 [main] INFO org.evosuite.runtime.instrumentation.EvoClassLoader - Seeing class for first time: io.netty.util.internal.shaded.org.jctools.queues.atomic.BaseLinkedAtomicQueue
18:07:48.491 [main] INFO org.evosuite.runtime.instrumentation.EvoClassLoader - Instrumenting class 'io.netty.util.internal.shaded.org.jctools.queues.atomic.BaseLinkedAtomicQueue'.
18:07:48.492 [main] INFO org.evosuite.runtime.instrumentation.MethodCallReplacementClassAdapter - Adding mock interface to class io/netty/util/internal/shaded/org/jctools/queues/atomic/BaseLinkedAtomicQueue
18:07:48.493 [main] INFO org.evosuite.runtime.instrumentation.CreateClassResetClassAdapter - Creating brand-new static initializer in class io/netty/util/internal/shaded/org/jctools/queues/atomic/BaseLinkedAtomicQueue
18:07:48.494 [main] INFO org.evosuite.runtime.instrumentation.EvoClassLoader - Seeing class for first time: io.netty.util.internal.shaded.org.jctools.queues.atomic.BaseLinkedAtomicQueuePad2
18:07:48.494 [main] INFO org.evosuite.runtime.instrumentation.EvoClassLoader - Instrumenting class 'io.netty.util.internal.shaded.org.jctools.queues.atomic.BaseLinkedAtomicQueuePad2'.
18:07:48.494 [main] INFO org.evosuite.runtime.instrumentation.MethodCallReplacementClassAdapter - Adding mock interface to class io/netty/util/internal/shaded/org/jctools/queues/atomic/BaseLinkedAtomicQueuePad2
18:07:48.495 [main] INFO org.evosuite.runtime.instrumentation.CreateClassResetClassAdapter - Creating brand-new static initializer in class io/netty/util/internal/shaded/org/jctools/queues/atomic/BaseLinkedAtomicQueuePad2
18:07:48.495 [main] INFO org.evosuite.runtime.instrumentation.EvoClassLoader - Keeping class: io.netty.util.internal.shaded.org.jctools.queues.atomic.BaseLinkedAtomicQueuePad2
18:07:48.496 [main] INFO org.evosuite.runtime.instrumentation.EvoClassLoader - Keeping class: io.netty.util.internal.shaded.org.jctools.queues.atomic.BaseLinkedAtomicQueue
18:07:48.496 [main] INFO org.evosuite.runtime.instrumentation.EvoClassLoader - Keeping class: io.netty.util.internal.shaded.org.jctools.queues.atomic.SpscLinkedAtomicQueue
18:07:48.496 [main] INFO org.evosuite.runtime.instrumentation.EvoClassLoader - Seeing class for first time: io.netty.util.internal.shaded.org.jctools.queues.MpscArrayQueue
18:07:48.496 [main] INFO org.evosuite.runtime.instrumentation.EvoClassLoader - Instrumenting class 'io.netty.util.internal.shaded.org.jctools.queues.MpscArrayQueue'.
18:07:48.496 [main] INFO org.evosuite.runtime.instrumentation.MethodCallReplacementClassAdapter - Adding mock interface to class io/netty/util/internal/shaded/org/jctools/queues/MpscArrayQueue
18:07:48.499 [main] INFO org.evosuite.runtime.instrumentation.CreateClassResetClassAdapter - Creating brand-new static initializer in class io/netty/util/internal/shaded/org/jctools/queues/MpscArrayQueue
18:07:48.500 [main] INFO org.evosuite.runtime.instrumentation.EvoClassLoader - Seeing class for first time: io.netty.util.internal.shaded.org.jctools.queues.MpscArrayQueueL3Pad
18:07:48.500 [main] INFO org.evosuite.runtime.instrumentation.EvoClassLoader - Instrumenting class 'io.netty.util.internal.shaded.org.jctools.queues.MpscArrayQueueL3Pad'.
18:07:48.500 [main] INFO org.evosuite.runtime.instrumentation.MethodCallReplacementClassAdapter - Adding mock interface to class io/netty/util/internal/shaded/org/jctools/queues/MpscArrayQueueL3Pad
18:07:48.501 [main] INFO org.evosuite.runtime.instrumentation.CreateClassResetClassAdapter - Creating brand-new static initializer in class io/netty/util/internal/shaded/org/jctools/queues/MpscArrayQueueL3Pad
18:07:48.502 [main] INFO org.evosuite.runtime.instrumentation.EvoClassLoader - Seeing class for first time: io.netty.util.internal.shaded.org.jctools.queues.MpscArrayQueueConsumerIndexField
18:07:48.502 [main] INFO org.evosuite.runtime.instrumentation.EvoClassLoader - Instrumenting class 'io.netty.util.internal.shaded.org.jctools.queues.MpscArrayQueueConsumerIndexField'.
18:07:48.504 [main] INFO org.evosuite.runtime.instrumentation.MethodCallReplacementClassAdapter - Adding mock interface to class io/netty/util/internal/shaded/org/jctools/queues/MpscArrayQueueConsumerIndexField
18:07:48.506 [main] INFO org.evosuite.runtime.instrumentation.CreateClassResetClassAdapter - Found static initializer in class io/netty/util/internal/shaded/org/jctools/queues/MpscArrayQueueConsumerIndexField
18:07:48.507 [main] INFO org.evosuite.runtime.instrumentation.EvoClassLoader - Seeing class for first time: io.netty.util.internal.shaded.org.jctools.queues.MpscArrayQueueL2Pad
18:07:48.507 [main] INFO org.evosuite.runtime.instrumentation.EvoClassLoader - Instrumenting class 'io.netty.util.internal.shaded.org.jctools.queues.MpscArrayQueueL2Pad'.
18:07:48.509 [main] INFO org.evosuite.runtime.instrumentation.MethodCallReplacementClassAdapter - Adding mock interface to class io/netty/util/internal/shaded/org/jctools/queues/MpscArrayQueueL2Pad
18:07:48.511 [main] INFO org.evosuite.runtime.instrumentation.CreateClassResetClassAdapter - Creating brand-new static initializer in class io/netty/util/internal/shaded/org/jctools/queues/MpscArrayQueueL2Pad
18:07:48.511 [main] INFO org.evosuite.runtime.instrumentation.EvoClassLoader - Seeing class for first time: io.netty.util.internal.shaded.org.jctools.queues.MpscArrayQueueProducerLimitField
18:07:48.511 [main] INFO org.evosuite.runtime.instrumentation.EvoClassLoader - Instrumenting class 'io.netty.util.internal.shaded.org.jctools.queues.MpscArrayQueueProducerLimitField'.
18:07:48.512 [main] INFO org.evosuite.runtime.instrumentation.MethodCallReplacementClassAdapter - Adding mock interface to class io/netty/util/internal/shaded/org/jctools/queues/MpscArrayQueueProducerLimitField
18:07:48.512 [main] INFO org.evosuite.runtime.instrumentation.CreateClassResetClassAdapter - Found static initializer in class io/netty/util/internal/shaded/org/jctools/queues/MpscArrayQueueProducerLimitField
18:07:48.512 [main] INFO org.evosuite.runtime.instrumentation.EvoClassLoader - Seeing class for first time: io.netty.util.internal.shaded.org.jctools.queues.MpscArrayQueueMidPad
18:07:48.512 [main] INFO org.evosuite.runtime.instrumentation.EvoClassLoader - Instrumenting class 'io.netty.util.internal.shaded.org.jctools.queues.MpscArrayQueueMidPad'.
18:07:48.513 [main] INFO org.evosuite.runtime.instrumentation.MethodCallReplacementClassAdapter - Adding mock interface to class io/netty/util/internal/shaded/org/jctools/queues/MpscArrayQueueMidPad
18:07:48.513 [main] INFO org.evosuite.runtime.instrumentation.CreateClassResetClassAdapter - Creating brand-new static initializer in class io/netty/util/internal/shaded/org/jctools/queues/MpscArrayQueueMidPad
18:07:48.513 [main] INFO org.evosuite.runtime.instrumentation.EvoClassLoader - Seeing class for first time: io.netty.util.internal.shaded.org.jctools.queues.MpscArrayQueueProducerIndexField
18:07:48.513 [main] INFO org.evosuite.runtime.instrumentation.EvoClassLoader - Instrumenting class 'io.netty.util.internal.shaded.org.jctools.queues.MpscArrayQueueProducerIndexField'.
18:07:48.513 [main] INFO org.evosuite.runtime.instrumentation.MethodCallReplacementClassAdapter - Adding mock interface to class io/netty/util/internal/shaded/org/jctools/queues/MpscArrayQueueProducerIndexField
18:07:48.513 [main] INFO org.evosuite.runtime.instrumentation.CreateClassResetClassAdapter - Found static initializer in class io/netty/util/internal/shaded/org/jctools/queues/MpscArrayQueueProducerIndexField
18:07:48.513 [main] INFO org.evosuite.runtime.instrumentation.EvoClassLoader - Keeping class: io.netty.util.internal.shaded.org.jctools.queues.MpscArrayQueueProducerIndexField
18:07:48.513 [main] INFO org.evosuite.runtime.instrumentation.EvoClassLoader - Keeping class: io.netty.util.internal.shaded.org.jctools.queues.MpscArrayQueueMidPad
18:07:48.514 [main] INFO org.evosuite.runtime.instrumentation.EvoClassLoader - Keeping class: io.netty.util.internal.shaded.org.jctools.queues.MpscArrayQueueProducerLimitField
18:07:48.514 [main] INFO org.evosuite.runtime.instrumentation.EvoClassLoader - Keeping class: io.netty.util.internal.shaded.org.jctools.queues.MpscArrayQueueL2Pad
18:07:48.514 [main] INFO org.evosuite.runtime.instrumentation.EvoClassLoader - Keeping class: io.netty.util.internal.shaded.org.jctools.queues.MpscArrayQueueConsumerIndexField
18:07:48.514 [main] INFO org.evosuite.runtime.instrumentation.EvoClassLoader - Keeping class: io.netty.util.internal.shaded.org.jctools.queues.MpscArrayQueueL3Pad
18:07:48.514 [main] INFO org.evosuite.runtime.instrumentation.EvoClassLoader - Keeping class: io.netty.util.internal.shaded.org.jctools.queues.MpscArrayQueue
18:07:48.514 [main] INFO org.evosuite.runtime.instrumentation.EvoClassLoader - Seeing class for first time: io.netty.util.internal.shaded.org.jctools.queues.atomic.MpscAtomicArrayQueue
18:07:48.514 [main] INFO org.evosuite.runtime.instrumentation.EvoClassLoader - Instrumenting class 'io.netty.util.internal.shaded.org.jctools.queues.atomic.MpscAtomicArrayQueue'.
18:07:48.514 [main] INFO org.evosuite.runtime.instrumentation.MethodCallReplacementClassAdapter - Adding mock interface to class io/netty/util/internal/shaded/org/jctools/queues/atomic/MpscAtomicArrayQueue
18:07:48.515 [main] INFO org.evosuite.runtime.instrumentation.CreateClassResetClassAdapter - Creating brand-new static initializer in class io/netty/util/internal/shaded/org/jctools/queues/atomic/MpscAtomicArrayQueue
18:07:48.516 [main] INFO org.evosuite.runtime.instrumentation.EvoClassLoader - Seeing class for first time: io.netty.util.internal.shaded.org.jctools.queues.atomic.MpscAtomicArrayQueueL3Pad
18:07:48.516 [main] INFO org.evosuite.runtime.instrumentation.EvoClassLoader - Instrumenting class 'io.netty.util.internal.shaded.org.jctools.queues.atomic.MpscAtomicArrayQueueL3Pad'.
18:07:48.516 [main] INFO org.evosuite.runtime.instrumentation.MethodCallReplacementClassAdapter - Adding mock interface to class io/netty/util/internal/shaded/org/jctools/queues/atomic/MpscAtomicArrayQueueL3Pad
18:07:48.516 [main] INFO org.evosuite.runtime.instrumentation.CreateClassResetClassAdapter - Creating brand-new static initializer in class io/netty/util/internal/shaded/org/jctools/queues/atomic/MpscAtomicArrayQueueL3Pad
18:07:48.516 [main] INFO org.evosuite.runtime.instrumentation.EvoClassLoader - Seeing class for first time: io.netty.util.internal.shaded.org.jctools.queues.atomic.MpscAtomicArrayQueueConsumerIndexField
18:07:48.516 [main] INFO org.evosuite.runtime.instrumentation.EvoClassLoader - Instrumenting class 'io.netty.util.internal.shaded.org.jctools.queues.atomic.MpscAtomicArrayQueueConsumerIndexField'.
18:07:48.516 [main] INFO org.evosuite.runtime.instrumentation.MethodCallReplacementClassAdapter - Adding mock interface to class io/netty/util/internal/shaded/org/jctools/queues/atomic/MpscAtomicArrayQueueConsumerIndexField
18:07:48.516 [main] INFO org.evosuite.runtime.instrumentation.CreateClassResetClassAdapter - Found static initializer in class io/netty/util/internal/shaded/org/jctools/queues/atomic/MpscAtomicArrayQueueConsumerIndexField
18:07:48.516 [main] INFO org.evosuite.runtime.instrumentation.EvoClassLoader - Seeing class for first time: io.netty.util.internal.shaded.org.jctools.queues.atomic.MpscAtomicArrayQueueL2Pad
18:07:48.516 [main] INFO org.evosuite.runtime.instrumentation.EvoClassLoader - Instrumenting class 'io.netty.util.internal.shaded.org.jctools.queues.atomic.MpscAtomicArrayQueueL2Pad'.
18:07:48.517 [main] INFO org.evosuite.runtime.instrumentation.MethodCallReplacementClassAdapter - Adding mock interface to class io/netty/util/internal/shaded/org/jctools/queues/atomic/MpscAtomicArrayQueueL2Pad
18:07:48.517 [main] INFO org.evosuite.runtime.instrumentation.CreateClassResetClassAdapter - Creating brand-new static initializer in class io/netty/util/internal/shaded/org/jctools/queues/atomic/MpscAtomicArrayQueueL2Pad
18:07:48.517 [main] INFO org.evosuite.runtime.instrumentation.EvoClassLoader - Seeing class for first time: io.netty.util.internal.shaded.org.jctools.queues.atomic.MpscAtomicArrayQueueProducerLimitField
18:07:48.517 [main] INFO org.evosuite.runtime.instrumentation.EvoClassLoader - Instrumenting class 'io.netty.util.internal.shaded.org.jctools.queues.atomic.MpscAtomicArrayQueueProducerLimitField'.
18:07:48.517 [main] INFO org.evosuite.runtime.instrumentation.MethodCallReplacementClassAdapter - Adding mock interface to class io/netty/util/internal/shaded/org/jctools/queues/atomic/MpscAtomicArrayQueueProducerLimitField
18:07:48.517 [main] INFO org.evosuite.runtime.instrumentation.CreateClassResetClassAdapter - Found static initializer in class io/netty/util/internal/shaded/org/jctools/queues/atomic/MpscAtomicArrayQueueProducerLimitField
18:07:48.517 [main] INFO org.evosuite.runtime.instrumentation.EvoClassLoader - Seeing class for first time: io.netty.util.internal.shaded.org.jctools.queues.atomic.MpscAtomicArrayQueueMidPad
18:07:48.517 [main] INFO org.evosuite.runtime.instrumentation.EvoClassLoader - Instrumenting class 'io.netty.util.internal.shaded.org.jctools.queues.atomic.MpscAtomicArrayQueueMidPad'.
18:07:48.517 [main] INFO org.evosuite.runtime.instrumentation.MethodCallReplacementClassAdapter - Adding mock interface to class io/netty/util/internal/shaded/org/jctools/queues/atomic/MpscAtomicArrayQueueMidPad
18:07:48.517 [main] INFO org.evosuite.runtime.instrumentation.CreateClassResetClassAdapter - Creating brand-new static initializer in class io/netty/util/internal/shaded/org/jctools/queues/atomic/MpscAtomicArrayQueueMidPad
18:07:48.518 [main] INFO org.evosuite.runtime.instrumentation.EvoClassLoader - Seeing class for first time: io.netty.util.internal.shaded.org.jctools.queues.atomic.MpscAtomicArrayQueueProducerIndexField
18:07:48.518 [main] INFO org.evosuite.runtime.instrumentation.EvoClassLoader - Instrumenting class 'io.netty.util.internal.shaded.org.jctools.queues.atomic.MpscAtomicArrayQueueProducerIndexField'.
18:07:48.518 [main] INFO org.evosuite.runtime.instrumentation.MethodCallReplacementClassAdapter - Adding mock interface to class io/netty/util/internal/shaded/org/jctools/queues/atomic/MpscAtomicArrayQueueProducerIndexField
18:07:48.518 [main] INFO org.evosuite.runtime.instrumentation.CreateClassResetClassAdapter - Found static initializer in class io/netty/util/internal/shaded/org/jctools/queues/atomic/MpscAtomicArrayQueueProducerIndexField
18:07:48.518 [main] INFO org.evosuite.runtime.instrumentation.EvoClassLoader - Seeing class for first time: io.netty.util.internal.shaded.org.jctools.queues.atomic.MpscAtomicArrayQueueL1Pad
18:07:48.518 [main] INFO org.evosuite.runtime.instrumentation.EvoClassLoader - Instrumenting class 'io.netty.util.internal.shaded.org.jctools.queues.atomic.MpscAtomicArrayQueueL1Pad'.
18:07:48.518 [main] INFO org.evosuite.runtime.instrumentation.MethodCallReplacementClassAdapter - Adding mock interface to class io/netty/util/internal/shaded/org/jctools/queues/atomic/MpscAtomicArrayQueueL1Pad
18:07:48.518 [main] INFO org.evosuite.runtime.instrumentation.CreateClassResetClassAdapter - Creating brand-new static initializer in class io/netty/util/internal/shaded/org/jctools/queues/atomic/MpscAtomicArrayQueueL1Pad
18:07:48.518 [main] INFO org.evosuite.runtime.instrumentation.EvoClassLoader - Seeing class for first time: io.netty.util.internal.shaded.org.jctools.queues.atomic.AtomicReferenceArrayQueue
18:07:48.518 [main] INFO org.evosuite.runtime.instrumentation.EvoClassLoader - Instrumenting class 'io.netty.util.internal.shaded.org.jctools.queues.atomic.AtomicReferenceArrayQueue'.
18:07:48.518 [main] INFO org.evosuite.runtime.instrumentation.MethodCallReplacementClassAdapter - Adding mock interface to class io/netty/util/internal/shaded/org/jctools/queues/atomic/AtomicReferenceArrayQueue
18:07:48.519 [main] INFO org.evosuite.runtime.instrumentation.CreateClassResetClassAdapter - Creating brand-new static initializer in class io/netty/util/internal/shaded/org/jctools/queues/atomic/AtomicReferenceArrayQueue
18:07:48.519 [main] INFO org.evosuite.runtime.instrumentation.EvoClassLoader - Keeping class: io.netty.util.internal.shaded.org.jctools.queues.atomic.AtomicReferenceArrayQueue
18:07:48.519 [main] INFO org.evosuite.runtime.instrumentation.EvoClassLoader - Keeping class: io.netty.util.internal.shaded.org.jctools.queues.atomic.MpscAtomicArrayQueueL1Pad
18:07:48.519 [main] INFO org.evosuite.runtime.instrumentation.EvoClassLoader - Keeping class: io.netty.util.internal.shaded.org.jctools.queues.atomic.MpscAtomicArrayQueueProducerIndexField
18:07:48.519 [main] INFO org.evosuite.runtime.instrumentation.EvoClassLoader - Keeping class: io.netty.util.internal.shaded.org.jctools.queues.atomic.MpscAtomicArrayQueueMidPad
18:07:48.519 [main] INFO org.evosuite.runtime.instrumentation.EvoClassLoader - Keeping class: io.netty.util.internal.shaded.org.jctools.queues.atomic.MpscAtomicArrayQueueProducerLimitField
18:07:48.519 [main] INFO org.evosuite.runtime.instrumentation.EvoClassLoader - Keeping class: io.netty.util.internal.shaded.org.jctools.queues.atomic.MpscAtomicArrayQueueL2Pad
18:07:48.519 [main] INFO org.evosuite.runtime.instrumentation.EvoClassLoader - Keeping class: io.netty.util.internal.shaded.org.jctools.queues.atomic.MpscAtomicArrayQueueConsumerIndexField
18:07:48.519 [main] INFO org.evosuite.runtime.instrumentation.EvoClassLoader - Keeping class: io.netty.util.internal.shaded.org.jctools.queues.atomic.MpscAtomicArrayQueueL3Pad
18:07:48.519 [main] INFO org.evosuite.runtime.instrumentation.EvoClassLoader - Keeping class: io.netty.util.internal.shaded.org.jctools.queues.atomic.MpscAtomicArrayQueue
18:07:48.520 [main] INFO org.evosuite.runtime.instrumentation.EvoClassLoader - Seeing class for first time: io.netty.util.internal.LongCounter
18:07:48.520 [main] INFO org.evosuite.runtime.instrumentation.EvoClassLoader - Instrumenting class 'io.netty.util.internal.LongCounter'.
18:07:48.520 [main] INFO org.evosuite.runtime.instrumentation.EvoClassLoader - Keeping class: io.netty.util.internal.LongCounter
18:07:48.521 [main] DEBUG io.netty.util.internal.PlatformDependent - sun.misc.Unsafe: available
18:07:48.521 [main] DEBUG io.netty.util.internal.PlatformDependent - -Dio.netty.tmpdir: /tmp (java.io.tmpdir)
18:07:48.521 [main] DEBUG io.netty.util.internal.PlatformDependent - -Dio.netty.bitMode: 64 (sun.arch.data.model)
18:07:48.521 [main] INFO org.evosuite.runtime.instrumentation.EvoClassLoader - Seeing class for first time: io.netty.util.internal.PlatformDependent$1
18:07:48.521 [main] INFO org.evosuite.runtime.instrumentation.EvoClassLoader - Instrumenting class 'io.netty.util.internal.PlatformDependent$1'.
18:07:48.522 [main] INFO org.evosuite.runtime.instrumentation.MethodCallReplacementClassAdapter - Adding mock interface to class io/netty/util/internal/PlatformDependent$1
18:07:48.522 [main] INFO org.evosuite.runtime.instrumentation.EvoClassLoader - Keeping class: io.netty.util.internal.PlatformDependent$1
18:07:48.522 [main] INFO org.evosuite.runtime.instrumentation.EvoClassLoader - Seeing class for first time: io.netty.util.internal.PlatformDependent$2
18:07:48.522 [main] INFO org.evosuite.runtime.instrumentation.EvoClassLoader - Instrumenting class 'io.netty.util.internal.PlatformDependent$2'.
18:07:48.522 [main] INFO org.evosuite.runtime.instrumentation.MethodCallReplacementClassAdapter - Adding mock interface to class io/netty/util/internal/PlatformDependent$2
18:07:48.522 [main] INFO org.evosuite.runtime.instrumentation.EvoClassLoader - Keeping class: io.netty.util.internal.PlatformDependent$2
18:07:48.522 [main] DEBUG io.netty.util.internal.PlatformDependent - -Dio.netty.maxDirectMemory: 11420041216 bytes
18:07:48.523 [main] DEBUG io.netty.util.internal.PlatformDependent - -Dio.netty.uninitializedArrayAllocationThreshold: -1
18:07:48.523 [main] INFO org.evosuite.runtime.instrumentation.EvoClassLoader - Seeing class for first time: io.netty.util.internal.CleanerJava6
18:07:48.523 [main] INFO org.evosuite.runtime.instrumentation.EvoClassLoader - Instrumenting class 'io.netty.util.internal.CleanerJava6'.
18:07:48.523 [main] INFO org.evosuite.runtime.instrumentation.MethodCallReplacementClassAdapter - Adding mock interface to class io/netty/util/internal/CleanerJava6
18:07:48.523 [main] INFO org.evosuite.runtime.instrumentation.CreateClassResetClassAdapter - Found static initializer in class io/netty/util/internal/CleanerJava6
18:07:48.524 [main] INFO org.evosuite.runtime.instrumentation.EvoClassLoader - Keeping class: io.netty.util.internal.CleanerJava6
18:07:48.524 [main] INFO org.evosuite.runtime.instrumentation.EvoClassLoader - Seeing class for first time: io.netty.util.internal.CleanerJava6$1
18:07:48.524 [main] INFO org.evosuite.runtime.instrumentation.EvoClassLoader - Instrumenting class 'io.netty.util.internal.CleanerJava6$1'.
18:07:48.524 [main] INFO org.evosuite.runtime.instrumentation.MethodCallReplacementClassAdapter - Adding mock interface to class io/netty/util/internal/CleanerJava6$1
18:07:48.525 [main] INFO org.evosuite.runtime.instrumentation.EvoClassLoader - Keeping class: io.netty.util.internal.CleanerJava6$1
18:07:48.525 [main] DEBUG io.netty.util.internal.CleanerJava6 - java.nio.ByteBuffer.cleaner(): available
18:07:48.525 [main] DEBUG io.netty.util.internal.PlatformDependent - -Dio.netty.noPreferDirect: false
18:07:48.525 [main] INFO org.evosuite.runtime.instrumentation.EvoClassLoader - Seeing class for first time: io.netty.util.internal.PlatformDependent$4
18:07:48.525 [main] INFO org.evosuite.runtime.instrumentation.EvoClassLoader - Instrumenting class 'io.netty.util.internal.PlatformDependent$4'.
18:07:48.526 [main] INFO org.evosuite.runtime.instrumentation.MethodCallReplacementClassAdapter - Adding mock interface to class io/netty/util/internal/PlatformDependent$4
18:07:48.527 [main] INFO org.evosuite.runtime.instrumentation.EvoClassLoader - Keeping class: io.netty.util.internal.PlatformDependent$4
18:07:48.528 [main] INFO org.evosuite.runtime.instrumentation.EvoClassLoader - Seeing class for first time: io.netty.util.AsciiString$1
18:07:48.529 [main] INFO org.evosuite.runtime.instrumentation.EvoClassLoader - Instrumenting class 'io.netty.util.AsciiString$1'.
18:07:48.529 [main] INFO org.evosuite.runtime.instrumentation.MethodCallReplacementClassAdapter - Adding mock interface to class io/netty/util/AsciiString$1
18:07:48.530 [main] INFO org.evosuite.runtime.instrumentation.EvoClassLoader - Keeping class: io.netty.util.AsciiString$1
18:07:48.530 [main] INFO org.evosuite.runtime.instrumentation.EvoClassLoader - Seeing class for first time: io.netty.util.AsciiString$2
18:07:48.530 [main] INFO org.evosuite.runtime.instrumentation.EvoClassLoader - Instrumenting class 'io.netty.util.AsciiString$2'.
18:07:48.530 [main] INFO org.evosuite.runtime.instrumentation.MethodCallReplacementClassAdapter - Adding mock interface to class io/netty/util/AsciiString$2
18:07:48.530 [main] INFO org.evosuite.runtime.instrumentation.EvoClassLoader - Keeping class: io.netty.util.AsciiString$2
18:07:48.531 [main] INFO org.evosuite.runtime.instrumentation.EvoClassLoader - Seeing class for first time: io.netty.util.ResourceLeakDetector$TraceRecord
18:07:48.531 [main] INFO org.evosuite.runtime.instrumentation.EvoClassLoader - Instrumenting class 'io.netty.util.ResourceLeakDetector$TraceRecord'.
18:07:48.531 [main] INFO org.evosuite.runtime.instrumentation.MethodCallReplacementClassAdapter - Adding mock interface to class io/netty/util/ResourceLeakDetector$TraceRecord
18:07:48.531 [main] INFO org.evosuite.runtime.instrumentation.CreateClassResetClassAdapter - Found static initializer in class io/netty/util/ResourceLeakDetector$TraceRecord
18:07:48.532 [main] INFO org.evosuite.runtime.instrumentation.EvoClassLoader - Keeping class: io.netty.util.ResourceLeakDetector$TraceRecord
18:07:48.532 [main] INFO org.evosuite.runtime.instrumentation.EvoClassLoader - Seeing class for first time: io.netty.util.ResourceLeakDetector$TraceRecord$1
18:07:48.532 [main] INFO org.evosuite.runtime.instrumentation.EvoClassLoader - Instrumenting class 'io.netty.util.ResourceLeakDetector$TraceRecord$1'.
18:07:48.533 [main] INFO org.evosuite.runtime.instrumentation.MethodCallReplacementClassAdapter - Adding mock interface to class io/netty/util/ResourceLeakDetector$TraceRecord$1
18:07:48.534 [main] INFO org.evosuite.runtime.instrumentation.EvoClassLoader - Keeping class: io.netty.util.ResourceLeakDetector$TraceRecord$1
18:07:48.534 [main] INFO org.evosuite.runtime.instrumentation.EvoClassLoader - Seeing class for first time: io.netty.buffer.UnpooledByteBufAllocator$InstrumentedUnpooledDirectByteBuf
18:07:48.534 [main] INFO org.evosuite.runtime.instrumentation.EvoClassLoader - Instrumenting class 'io.netty.buffer.UnpooledByteBufAllocator$InstrumentedUnpooledDirectByteBuf'.
18:07:48.535 [main] INFO org.evosuite.runtime.instrumentation.MethodCallReplacementClassAdapter - Adding mock interface to class io/netty/buffer/UnpooledByteBufAllocator$InstrumentedUnpooledDirectByteBuf
18:07:48.535 [main] INFO org.evosuite.runtime.instrumentation.CreateClassResetClassAdapter - Creating brand-new static initializer in class io/netty/buffer/UnpooledByteBufAllocator$InstrumentedUnpooledDirectByteBuf
18:07:48.536 [main] INFO org.evosuite.runtime.instrumentation.EvoClassLoader - Seeing class for first time: io.netty.buffer.UnpooledDirectByteBuf
18:07:48.536 [main] INFO org.evosuite.runtime.instrumentation.EvoClassLoader - Instrumenting class 'io.netty.buffer.UnpooledDirectByteBuf'.
18:07:48.536 [main] INFO org.evosuite.runtime.instrumentation.MethodCallReplacementClassAdapter - Adding mock interface to class io/netty/buffer/UnpooledDirectByteBuf
18:07:48.540 [main] INFO org.evosuite.runtime.instrumentation.CreateClassResetClassAdapter - Creating brand-new static initializer in class io/netty/buffer/UnpooledDirectByteBuf
18:07:48.541 [main] INFO org.evosuite.runtime.instrumentation.EvoClassLoader - Keeping class: io.netty.buffer.UnpooledDirectByteBuf
18:07:48.541 [main] INFO org.evosuite.runtime.instrumentation.EvoClassLoader - Keeping class: io.netty.buffer.UnpooledByteBufAllocator$InstrumentedUnpooledDirectByteBuf
18:07:48.541 [main] INFO org.evosuite.runtime.instrumentation.EvoClassLoader - Seeing class for first time: io.netty.util.internal.ReferenceCountUpdater
18:07:48.541 [main] INFO org.evosuite.runtime.instrumentation.EvoClassLoader - Instrumenting class 'io.netty.util.internal.ReferenceCountUpdater'.
18:07:48.542 [main] INFO org.evosuite.runtime.instrumentation.MethodCallReplacementClassAdapter - Adding mock interface to class io/netty/util/internal/ReferenceCountUpdater
18:07:48.542 [main] INFO org.evosuite.runtime.instrumentation.CreateClassResetClassAdapter - Creating brand-new static initializer in class io/netty/util/internal/ReferenceCountUpdater
18:07:48.543 [main] INFO org.evosuite.runtime.instrumentation.EvoClassLoader - Keeping class: io.netty.util.internal.ReferenceCountUpdater
18:07:48.543 [main] INFO org.evosuite.runtime.instrumentation.EvoClassLoader - Seeing class for first time: io.netty.buffer.AbstractReferenceCountedByteBuf$1
18:07:48.543 [main] INFO org.evosuite.runtime.instrumentation.EvoClassLoader - Instrumenting class 'io.netty.buffer.AbstractReferenceCountedByteBuf$1'.
18:07:48.543 [main] INFO org.evosuite.runtime.instrumentation.MethodCallReplacementClassAdapter - Adding mock interface to class io/netty/buffer/AbstractReferenceCountedByteBuf$1
18:07:48.544 [main] INFO org.evosuite.runtime.instrumentation.EvoClassLoader - Keeping class: io.netty.buffer.AbstractReferenceCountedByteBuf$1
18:07:48.545 [main] INFO org.evosuite.runtime.instrumentation.EvoClassLoader - Seeing class for first time: io.netty.handler.codec.compression.CompressionUtil
18:07:48.546 [main] INFO org.evosuite.runtime.instrumentation.EvoClassLoader - Instrumenting class 'io.netty.handler.codec.compression.CompressionUtil'.
18:07:48.546 [main] INFO org.evosuite.runtime.instrumentation.MethodCallReplacementClassAdapter - Adding mock interface to class io/netty/handler/codec/compression/CompressionUtil
18:07:48.546 [main] INFO org.evosuite.runtime.instrumentation.CreateClassResetClassAdapter - Creating brand-new static initializer in class io/netty/handler/codec/compression/CompressionUtil
18:07:48.546 [main] INFO org.evosuite.runtime.instrumentation.EvoClassLoader - Keeping class: io.netty.handler.codec.compression.CompressionUtil
18:07:48.547 [main] INFO org.evosuite.runtime.instrumentation.EvoClassLoader - Seeing class for first time: io.netty.handler.codec.compression.DecompressionException
18:07:48.547 [main] INFO org.evosuite.runtime.instrumentation.EvoClassLoader - Instrumenting class 'io.netty.handler.codec.compression.DecompressionException'.
18:07:48.547 [main] INFO org.evosuite.runtime.instrumentation.MethodCallReplacementClassAdapter - Adding mock interface to class io/netty/handler/codec/compression/DecompressionException
18:07:48.547 [main] INFO org.evosuite.runtime.instrumentation.CreateClassResetClassAdapter - Creating brand-new static initializer in class io/netty/handler/codec/compression/DecompressionException
18:07:48.547 [main] INFO org.evosuite.runtime.instrumentation.EvoClassLoader - Seeing class for first time: io.netty.handler.codec.DecoderException
18:07:48.547 [main] INFO org.evosuite.runtime.instrumentation.EvoClassLoader - Instrumenting class 'io.netty.handler.codec.DecoderException'.
18:07:48.547 [main] INFO org.evosuite.runtime.instrumentation.MethodCallReplacementClassAdapter - Adding mock interface to class io/netty/handler/codec/DecoderException
18:07:48.548 [main] INFO org.evosuite.runtime.instrumentation.CreateClassResetClassAdapter - Creating brand-new static initializer in class io/netty/handler/codec/DecoderException
18:07:48.548 [main] INFO org.evosuite.runtime.instrumentation.EvoClassLoader - Defined package (3): package io.netty.handler.codec, -1568242786
18:07:48.548 [main] INFO org.evosuite.runtime.instrumentation.EvoClassLoader - Seeing class for first time: io.netty.handler.codec.CodecException
18:07:48.548 [main] INFO org.evosuite.runtime.instrumentation.EvoClassLoader - Instrumenting class 'io.netty.handler.codec.CodecException'.
18:07:48.548 [main] INFO org.evosuite.runtime.instrumentation.MethodCallReplacementClassAdapter - Adding mock interface to class io/netty/handler/codec/CodecException
18:07:48.549 [main] INFO org.evosuite.runtime.instrumentation.CreateClassResetClassAdapter - Creating brand-new static initializer in class io/netty/handler/codec/CodecException
18:07:48.549 [main] INFO org.evosuite.runtime.instrumentation.EvoClassLoader - Keeping class: io.netty.handler.codec.CodecException
18:07:48.549 [main] INFO org.evosuite.runtime.instrumentation.EvoClassLoader - Keeping class: io.netty.handler.codec.DecoderException
18:07:48.549 [main] INFO org.evosuite.runtime.instrumentation.EvoClassLoader - Keeping class: io.netty.handler.codec.compression.DecompressionException
18:07:48.550 [main] INFO org.evosuite.runtime.instrumentation.EvoClassLoader - Seeing class for first time: io.netty.buffer.CompositeByteBuf$Component
18:07:48.550 [main] INFO org.evosuite.runtime.instrumentation.EvoClassLoader - Instrumenting class 'io.netty.buffer.CompositeByteBuf$Component'.
18:07:48.550 [main] INFO org.evosuite.runtime.instrumentation.MethodCallReplacementClassAdapter - Adding mock interface to class io/netty/buffer/CompositeByteBuf$Component
18:07:48.551 [main] INFO org.evosuite.runtime.instrumentation.CreateClassResetClassAdapter - Creating brand-new static initializer in class io/netty/buffer/CompositeByteBuf$Component
18:07:48.551 [main] INFO org.evosuite.runtime.instrumentation.EvoClassLoader - Keeping class: io.netty.buffer.CompositeByteBuf$Component
18:07:48.552 [main] INFO org.evosuite.runtime.instrumentation.EvoClassLoader - Seeing class for first time: io.netty.buffer.UnsafeByteBufUtil
18:07:48.552 [main] INFO org.evosuite.runtime.instrumentation.EvoClassLoader - Instrumenting class 'io.netty.buffer.UnsafeByteBufUtil'.
18:07:48.553 [main] INFO org.evosuite.runtime.instrumentation.MethodCallReplacementClassAdapter - Adding mock interface to class io/netty/buffer/UnsafeByteBufUtil
18:07:48.555 [main] INFO org.evosuite.runtime.instrumentation.CreateClassResetClassAdapter - Found static initializer in class io/netty/buffer/UnsafeByteBufUtil
18:07:48.556 [main] INFO org.evosuite.runtime.instrumentation.EvoClassLoader - Keeping class: io.netty.buffer.UnsafeByteBufUtil
18:07:48.557 [main] INFO org.evosuite.runtime.instrumentation.EvoClassLoader - Seeing class for first time: io.netty.buffer.UnpooledUnsafeDirectByteBuf
18:07:48.557 [main] INFO org.evosuite.runtime.instrumentation.EvoClassLoader - Instrumenting class 'io.netty.buffer.UnpooledUnsafeDirectByteBuf'.
18:07:48.558 [main] INFO org.evosuite.runtime.instrumentation.MethodCallReplacementClassAdapter - Adding mock interface to class io/netty/buffer/UnpooledUnsafeDirectByteBuf
18:07:48.558 [main] INFO org.evosuite.runtime.instrumentation.CreateClassResetClassAdapter - Creating brand-new static initializer in class io/netty/buffer/UnpooledUnsafeDirectByteBuf
18:07:48.559 [main] INFO org.evosuite.runtime.instrumentation.EvoClassLoader - Keeping class: io.netty.buffer.UnpooledUnsafeDirectByteBuf
18:07:48.559 [main] INFO org.evosuite.runtime.instrumentation.EvoClassLoader - Seeing class for first time: io.netty.buffer.UnpooledUnsafeNoCleanerDirectByteBuf
18:07:48.559 [main] INFO org.evosuite.runtime.instrumentation.EvoClassLoader - Instrumenting class 'io.netty.buffer.UnpooledUnsafeNoCleanerDirectByteBuf'.
18:07:48.559 [main] INFO org.evosuite.runtime.instrumentation.MethodCallReplacementClassAdapter - Adding mock interface to class io/netty/buffer/UnpooledUnsafeNoCleanerDirectByteBuf
18:07:48.560 [main] INFO org.evosuite.runtime.instrumentation.CreateClassResetClassAdapter - Creating brand-new static initializer in class io/netty/buffer/UnpooledUnsafeNoCleanerDirectByteBuf
18:07:48.560 [main] INFO org.evosuite.runtime.instrumentation.EvoClassLoader - Keeping class: io.netty.buffer.UnpooledUnsafeNoCleanerDirectByteBuf
18:07:48.560 [main] INFO org.evosuite.runtime.instrumentation.EvoClassLoader - Seeing class for first time: net.jpountz.util.Utils
18:07:48.561 [main] INFO org.evosuite.runtime.instrumentation.EvoClassLoader - Instrumenting class 'net.jpountz.util.Utils'.
18:07:48.561 [main] INFO org.evosuite.runtime.instrumentation.MethodCallReplacementClassAdapter - Adding mock interface to class net/jpountz/util/Utils
18:07:48.561 [main] INFO org.evosuite.runtime.instrumentation.CreateClassResetClassAdapter - Found static initializer in class net/jpountz/util/Utils
18:07:48.561 [main] INFO org.evosuite.runtime.instrumentation.EvoClassLoader - Keeping class: net.jpountz.util.Utils
18:07:48.561 [main] INFO org.evosuite.runtime.instrumentation.EvoClassLoader - Seeing class for first time: io.netty.buffer.PooledDirectByteBuf
18:07:48.561 [main] INFO org.evosuite.runtime.instrumentation.EvoClassLoader - Instrumenting class 'io.netty.buffer.PooledDirectByteBuf'.
18:07:48.562 [main] INFO org.evosuite.runtime.instrumentation.MethodCallReplacementClassAdapter - Adding mock interface to class io/netty/buffer/PooledDirectByteBuf
18:07:48.563 [main] INFO org.evosuite.runtime.instrumentation.CreateClassResetClassAdapter - Found static initializer in class io/netty/buffer/PooledDirectByteBuf
18:07:48.563 [main] INFO org.evosuite.runtime.instrumentation.EvoClassLoader - Seeing class for first time: io.netty.buffer.PooledByteBuf
18:07:48.563 [main] INFO org.evosuite.runtime.instrumentation.EvoClassLoader - Instrumenting class 'io.netty.buffer.PooledByteBuf'.
18:07:48.563 [main] INFO org.evosuite.runtime.instrumentation.MethodCallReplacementClassAdapter - Adding mock interface to class io/netty/buffer/PooledByteBuf
18:07:48.564 [main] INFO org.evosuite.runtime.instrumentation.CreateClassResetClassAdapter - Found static initializer in class io/netty/buffer/PooledByteBuf
18:07:48.564 [main] INFO org.evosuite.runtime.instrumentation.EvoClassLoader - Keeping class: io.netty.buffer.PooledByteBuf
18:07:48.564 [main] INFO org.evosuite.runtime.instrumentation.EvoClassLoader - Keeping class: io.netty.buffer.PooledDirectByteBuf
18:07:48.564 [main] INFO org.evosuite.runtime.instrumentation.EvoClassLoader - Seeing class for first time: io.netty.buffer.PooledSlicedByteBuf
18:07:48.564 [main] INFO org.evosuite.runtime.instrumentation.EvoClassLoader - Instrumenting class 'io.netty.buffer.PooledSlicedByteBuf'.
18:07:48.565 [main] INFO org.evosuite.runtime.instrumentation.MethodCallReplacementClassAdapter - Adding mock interface to class io/netty/buffer/PooledSlicedByteBuf
18:07:48.565 [main] INFO org.evosuite.runtime.instrumentation.CreateClassResetClassAdapter - Found static initializer in class io/netty/buffer/PooledSlicedByteBuf
18:07:48.565 [main] INFO org.evosuite.runtime.instrumentation.EvoClassLoader - Seeing class for first time: io.netty.buffer.AbstractPooledDerivedByteBuf
18:07:48.565 [main] INFO org.evosuite.runtime.instrumentation.EvoClassLoader - Instrumenting class 'io.netty.buffer.AbstractPooledDerivedByteBuf'.
18:07:48.566 [main] INFO org.evosuite.runtime.instrumentation.MethodCallReplacementClassAdapter - Adding mock interface to class io/netty/buffer/AbstractPooledDerivedByteBuf
18:07:48.566 [main] INFO org.evosuite.runtime.instrumentation.CreateClassResetClassAdapter - Found static initializer in class io/netty/buffer/AbstractPooledDerivedByteBuf
18:07:48.566 [main] INFO org.evosuite.runtime.instrumentation.EvoClassLoader - Keeping class: io.netty.buffer.AbstractPooledDerivedByteBuf
18:07:48.566 [main] INFO org.evosuite.runtime.instrumentation.EvoClassLoader - Keeping class: io.netty.buffer.PooledSlicedByteBuf
18:07:48.566 [main] INFO org.evosuite.runtime.instrumentation.EvoClassLoader - Seeing class for first time: io.netty.buffer.PooledDuplicatedByteBuf
18:07:48.566 [main] INFO org.evosuite.runtime.instrumentation.EvoClassLoader - Instrumenting class 'io.netty.buffer.PooledDuplicatedByteBuf'.
18:07:48.567 [main] INFO org.evosuite.runtime.instrumentation.MethodCallReplacementClassAdapter - Adding mock interface to class io/netty/buffer/PooledDuplicatedByteBuf
18:07:48.567 [main] INFO org.evosuite.runtime.instrumentation.CreateClassResetClassAdapter - Found static initializer in class io/netty/buffer/PooledDuplicatedByteBuf
18:07:48.568 [main] INFO org.evosuite.runtime.instrumentation.EvoClassLoader - Keeping class: io.netty.buffer.PooledDuplicatedByteBuf
18:07:48.568 [main] INFO org.evosuite.runtime.instrumentation.EvoClassLoader - Seeing class for first time: io.netty.util.internal.ObjectPool$ObjectCreator
18:07:48.568 [main] INFO org.evosuite.runtime.instrumentation.EvoClassLoader - Instrumenting class 'io.netty.util.internal.ObjectPool$ObjectCreator'.
18:07:48.569 [main] INFO org.evosuite.runtime.instrumentation.EvoClassLoader - Keeping class: io.netty.util.internal.ObjectPool$ObjectCreator
18:07:48.570 [main] INFO org.evosuite.runtime.instrumentation.EvoClassLoader - Seeing class for first time: io.netty.buffer.PooledDirectByteBuf$1
18:07:48.570 [main] INFO org.evosuite.runtime.instrumentation.EvoClassLoader - Instrumenting class 'io.netty.buffer.PooledDirectByteBuf$1'.
18:07:48.571 [main] INFO org.evosuite.runtime.instrumentation.MethodCallReplacementClassAdapter - Adding mock interface to class io/netty/buffer/PooledDirectByteBuf$1
18:07:48.572 [main] INFO org.evosuite.runtime.instrumentation.EvoClassLoader - Keeping class: io.netty.buffer.PooledDirectByteBuf$1
18:07:48.572 [main] INFO org.evosuite.runtime.instrumentation.EvoClassLoader - Seeing class for first time: io.netty.util.internal.ObjectPool
18:07:48.572 [main] INFO org.evosuite.runtime.instrumentation.EvoClassLoader - Instrumenting class 'io.netty.util.internal.ObjectPool'.
18:07:48.573 [main] INFO org.evosuite.runtime.instrumentation.MethodCallReplacementClassAdapter - Adding mock interface to class io/netty/util/internal/ObjectPool
18:07:48.573 [main] INFO org.evosuite.runtime.instrumentation.CreateClassResetClassAdapter - Creating brand-new static initializer in class io/netty/util/internal/ObjectPool
18:07:48.573 [main] INFO org.evosuite.runtime.instrumentation.EvoClassLoader - Keeping class: io.netty.util.internal.ObjectPool
18:07:48.573 [main] INFO org.evosuite.runtime.instrumentation.EvoClassLoader - Seeing class for first time: io.netty.util.internal.ObjectPool$RecyclerObjectPool
18:07:48.573 [main] INFO org.evosuite.runtime.instrumentation.EvoClassLoader - Instrumenting class 'io.netty.util.internal.ObjectPool$RecyclerObjectPool'.
18:07:48.574 [main] INFO org.evosuite.runtime.instrumentation.MethodCallReplacementClassAdapter - Adding mock interface to class io/netty/util/internal/ObjectPool$RecyclerObjectPool
18:07:48.574 [main] INFO org.evosuite.runtime.instrumentation.CreateClassResetClassAdapter - Creating brand-new static initializer in class io/netty/util/internal/ObjectPool$RecyclerObjectPool
18:07:48.575 [main] INFO org.evosuite.runtime.instrumentation.EvoClassLoader - Keeping class: io.netty.util.internal.ObjectPool$RecyclerObjectPool
18:07:48.575 [main] INFO org.evosuite.runtime.instrumentation.EvoClassLoader - Seeing class for first time: io.netty.util.Recycler
18:07:48.575 [main] INFO org.evosuite.runtime.instrumentation.EvoClassLoader - Instrumenting class 'io.netty.util.Recycler'.
18:07:48.576 [main] INFO org.evosuite.runtime.instrumentation.MethodCallReplacementClassAdapter - Adding mock interface to class io/netty/util/Recycler
18:07:48.576 [main] INFO org.evosuite.runtime.instrumentation.CreateClassResetClassAdapter - Found static initializer in class io/netty/util/Recycler
18:07:48.577 [main] INFO org.evosuite.runtime.instrumentation.EvoClassLoader - Keeping class: io.netty.util.Recycler
18:07:48.577 [main] INFO org.evosuite.runtime.instrumentation.EvoClassLoader - Seeing class for first time: io.netty.util.internal.ObjectPool$RecyclerObjectPool$1
18:07:48.577 [main] INFO org.evosuite.runtime.instrumentation.EvoClassLoader - Instrumenting class 'io.netty.util.internal.ObjectPool$RecyclerObjectPool$1'.
18:07:48.578 [main] INFO org.evosuite.runtime.instrumentation.MethodCallReplacementClassAdapter - Adding mock interface to class io/netty/util/internal/ObjectPool$RecyclerObjectPool$1
18:07:48.579 [main] INFO org.evosuite.runtime.instrumentation.EvoClassLoader - Keeping class: io.netty.util.internal.ObjectPool$RecyclerObjectPool$1
18:07:48.579 [main] INFO org.evosuite.runtime.instrumentation.EvoClassLoader - Seeing class for first time: io.netty.util.concurrent.FastThreadLocal
18:07:48.579 [main] INFO org.evosuite.runtime.instrumentation.EvoClassLoader - Instrumenting class 'io.netty.util.concurrent.FastThreadLocal'.
18:07:48.580 [main] INFO org.evosuite.runtime.instrumentation.MethodCallReplacementClassAdapter - Adding mock interface to class io/netty/util/concurrent/FastThreadLocal
18:07:48.582 [main] INFO org.evosuite.runtime.instrumentation.CreateClassResetClassAdapter - Creating brand-new static initializer in class io/netty/util/concurrent/FastThreadLocal
18:07:48.582 [main] INFO org.evosuite.runtime.instrumentation.EvoClassLoader - Defined package (3): package io.netty.util.concurrent, 1377604431
18:07:48.583 [main] INFO org.evosuite.runtime.instrumentation.EvoClassLoader - Keeping class: io.netty.util.concurrent.FastThreadLocal
18:07:48.583 [main] INFO org.evosuite.runtime.instrumentation.EvoClassLoader - Seeing class for first time: io.netty.util.Recycler$2
18:07:48.583 [main] INFO org.evosuite.runtime.instrumentation.EvoClassLoader - Instrumenting class 'io.netty.util.Recycler$2'.
18:07:48.583 [main] INFO org.evosuite.runtime.instrumentation.MethodCallReplacementClassAdapter - Adding mock interface to class io/netty/util/Recycler$2
18:07:48.584 [main] INFO org.evosuite.runtime.instrumentation.EvoClassLoader - Keeping class: io.netty.util.Recycler$2
18:07:48.584 [main] INFO org.evosuite.runtime.instrumentation.EvoClassLoader - Seeing class for first time: io.netty.util.Recycler$EnhancedHandle
18:07:48.584 [main] INFO org.evosuite.runtime.instrumentation.EvoClassLoader - Instrumenting class 'io.netty.util.Recycler$EnhancedHandle'.
18:07:48.585 [main] INFO org.evosuite.runtime.instrumentation.MethodCallReplacementClassAdapter - Adding mock interface to class io/netty/util/Recycler$EnhancedHandle
18:07:48.585 [main] INFO org.evosuite.runtime.instrumentation.CreateClassResetClassAdapter - Creating brand-new static initializer in class io/netty/util/Recycler$EnhancedHandle
18:07:48.585 [main] INFO org.evosuite.runtime.instrumentation.EvoClassLoader - Seeing class for first time: io.netty.util.Recycler$Handle
18:07:48.585 [main] INFO org.evosuite.runtime.instrumentation.EvoClassLoader - Instrumenting class 'io.netty.util.Recycler$Handle'.
18:07:48.586 [main] INFO org.evosuite.runtime.instrumentation.EvoClassLoader - Seeing class for first time: io.netty.util.internal.ObjectPool$Handle
18:07:48.586 [main] INFO org.evosuite.runtime.instrumentation.EvoClassLoader - Instrumenting class 'io.netty.util.internal.ObjectPool$Handle'.
18:07:48.587 [main] INFO org.evosuite.runtime.instrumentation.EvoClassLoader - Keeping class: io.netty.util.internal.ObjectPool$Handle
18:07:48.587 [main] INFO org.evosuite.runtime.instrumentation.EvoClassLoader - Keeping class: io.netty.util.Recycler$Handle
18:07:48.587 [main] INFO org.evosuite.runtime.instrumentation.EvoClassLoader - Keeping class: io.netty.util.Recycler$EnhancedHandle
18:07:48.587 [main] INFO org.evosuite.runtime.instrumentation.EvoClassLoader - Seeing class for first time: io.netty.util.Recycler$1
18:07:48.587 [main] INFO org.evosuite.runtime.instrumentation.EvoClassLoader - Instrumenting class 'io.netty.util.Recycler$1'.
18:07:48.588 [main] INFO org.evosuite.runtime.instrumentation.MethodCallReplacementClassAdapter - Adding mock interface to class io/netty/util/Recycler$1
18:07:48.588 [main] INFO org.evosuite.runtime.instrumentation.EvoClassLoader - Keeping class: io.netty.util.Recycler$1
18:07:48.589 [main] DEBUG io.netty.util.Recycler - -Dio.netty.recycler.maxCapacityPerThread: 4096
18:07:48.589 [main] DEBUG io.netty.util.Recycler - -Dio.netty.recycler.ratio: 8
18:07:48.589 [main] DEBUG io.netty.util.Recycler - -Dio.netty.recycler.chunkSize: 32
18:07:48.589 [main] DEBUG io.netty.util.Recycler - -Dio.netty.recycler.blocking: false
18:07:48.589 [main] DEBUG io.netty.util.Recycler - -Dio.netty.recycler.batchFastThreadLocalOnly: true
18:07:48.590 [main] INFO org.evosuite.runtime.instrumentation.EvoClassLoader - Seeing class for first time: io.netty.util.internal.InternalThreadLocalMap
18:07:48.590 [main] INFO org.evosuite.runtime.instrumentation.EvoClassLoader - Instrumenting class 'io.netty.util.internal.InternalThreadLocalMap'.
18:07:48.591 [main] INFO org.evosuite.runtime.instrumentation.MethodCallReplacementClassAdapter - Adding mock interface to class io/netty/util/internal/InternalThreadLocalMap
18:07:48.594 [main] INFO org.evosuite.runtime.instrumentation.CreateClassResetClassAdapter - Found static initializer in class io/netty/util/internal/InternalThreadLocalMap
18:07:48.595 [main] INFO org.evosuite.runtime.instrumentation.EvoClassLoader - Seeing class for first time: io.netty.util.internal.UnpaddedInternalThreadLocalMap
18:07:48.595 [main] INFO org.evosuite.runtime.instrumentation.EvoClassLoader - Instrumenting class 'io.netty.util.internal.UnpaddedInternalThreadLocalMap'.
18:07:48.596 [main] INFO org.evosuite.runtime.instrumentation.MethodCallReplacementClassAdapter - Adding mock interface to class io/netty/util/internal/UnpaddedInternalThreadLocalMap
18:07:48.596 [main] INFO org.evosuite.runtime.instrumentation.CreateClassResetClassAdapter - Creating brand-new static initializer in class io/netty/util/internal/UnpaddedInternalThreadLocalMap
18:07:48.597 [main] INFO org.evosuite.runtime.instrumentation.EvoClassLoader - Keeping class: io.netty.util.internal.UnpaddedInternalThreadLocalMap
18:07:48.597 [main] INFO org.evosuite.runtime.instrumentation.EvoClassLoader - Keeping class: io.netty.util.internal.InternalThreadLocalMap
18:07:48.597 [main] DEBUG io.netty.util.internal.InternalThreadLocalMap - -Dio.netty.threadLocalMap.stringBuilder.initialSize: 1024
18:07:48.597 [main] DEBUG io.netty.util.internal.InternalThreadLocalMap - -Dio.netty.threadLocalMap.stringBuilder.maxSize: 4096
18:07:48.598 [main] INFO org.evosuite.runtime.instrumentation.EvoClassLoader - Seeing class for first time: io.netty.buffer.AbstractUnsafeSwappedByteBuf
18:07:48.598 [main] INFO org.evosuite.runtime.instrumentation.EvoClassLoader - Instrumenting class 'io.netty.buffer.AbstractUnsafeSwappedByteBuf'.
18:07:48.598 [main] INFO org.evosuite.runtime.instrumentation.MethodCallReplacementClassAdapter - Adding mock interface to class io/netty/buffer/AbstractUnsafeSwappedByteBuf
18:07:48.599 [main] INFO org.evosuite.runtime.instrumentation.CreateClassResetClassAdapter - Found static initializer in class io/netty/buffer/AbstractUnsafeSwappedByteBuf
18:07:48.600 [main] INFO org.evosuite.runtime.instrumentation.EvoClassLoader - Keeping class: io.netty.buffer.AbstractUnsafeSwappedByteBuf
18:07:48.602 [main] INFO org.evosuite.runtime.instrumentation.EvoClassLoader - Seeing class for first time: io.netty.util.internal.shaded.org.jctools.util.UnsafeAccess
18:07:48.602 [main] INFO org.evosuite.runtime.instrumentation.EvoClassLoader - Instrumenting class 'io.netty.util.internal.shaded.org.jctools.util.UnsafeAccess'.
18:07:48.603 [main] INFO org.evosuite.runtime.instrumentation.MethodCallReplacementClassAdapter - Adding mock interface to class io/netty/util/internal/shaded/org/jctools/util/UnsafeAccess
18:07:48.607 [main] INFO org.evosuite.runtime.instrumentation.CreateClassResetClassAdapter - Found static initializer in class io/netty/util/internal/shaded/org/jctools/util/UnsafeAccess
18:07:48.607 [main] INFO org.evosuite.runtime.instrumentation.EvoClassLoader - Defined package (3): package io.netty.util.internal.shaded.org.jctools.util, -1500502634
18:07:48.607 [main] INFO org.evosuite.runtime.instrumentation.EvoClassLoader - Keeping class: io.netty.util.internal.shaded.org.jctools.util.UnsafeAccess
18:07:48.608 [main] INFO org.evosuite.runtime.instrumentation.EvoClassLoader - Seeing class for first time: io.netty.util.internal.shaded.org.jctools.queues.LinkedQueueNode
18:07:48.608 [main] INFO org.evosuite.runtime.instrumentation.EvoClassLoader - Instrumenting class 'io.netty.util.internal.shaded.org.jctools.queues.LinkedQueueNode'.
18:07:48.608 [main] INFO org.evosuite.runtime.instrumentation.MethodCallReplacementClassAdapter - Adding mock interface to class io/netty/util/internal/shaded/org/jctools/queues/LinkedQueueNode
18:07:48.609 [main] INFO org.evosuite.runtime.instrumentation.CreateClassResetClassAdapter - Found static initializer in class io/netty/util/internal/shaded/org/jctools/queues/LinkedQueueNode
18:07:48.609 [main] INFO org.evosuite.runtime.instrumentation.EvoClassLoader - Keeping class: io.netty.util.internal.shaded.org.jctools.queues.LinkedQueueNode
18:07:48.609 [main] INFO org.evosuite.runtime.instrumentation.EvoClassLoader - Seeing class for first time: io.netty.buffer.UnpooledByteBufAllocator$InstrumentedUnpooledUnsafeNoCleanerDirectByteBuf
18:07:48.609 [main] INFO org.evosuite.runtime.instrumentation.EvoClassLoader - Instrumenting class 'io.netty.buffer.UnpooledByteBufAllocator$InstrumentedUnpooledUnsafeNoCleanerDirectByteBuf'.
18:07:48.609 [main] INFO org.evosuite.runtime.instrumentation.MethodCallReplacementClassAdapter - Adding mock interface to class io/netty/buffer/UnpooledByteBufAllocator$InstrumentedUnpooledUnsafeNoCleanerDirectByteBuf
18:07:48.610 [main] INFO org.evosuite.runtime.instrumentation.CreateClassResetClassAdapter - Creating brand-new static initializer in class io/netty/buffer/UnpooledByteBufAllocator$InstrumentedUnpooledUnsafeNoCleanerDirectByteBuf
18:07:48.610 [main] INFO org.evosuite.runtime.instrumentation.EvoClassLoader - Keeping class: io.netty.buffer.UnpooledByteBufAllocator$InstrumentedUnpooledUnsafeNoCleanerDirectByteBuf
18:07:48.610 [main] INFO org.evosuite.runtime.instrumentation.EvoClassLoader - Seeing class for first time: io.netty.buffer.UnsafeDirectSwappedByteBuf
18:07:48.610 [main] INFO org.evosuite.runtime.instrumentation.EvoClassLoader - Instrumenting class 'io.netty.buffer.UnsafeDirectSwappedByteBuf'.
18:07:48.610 [main] INFO org.evosuite.runtime.instrumentation.MethodCallReplacementClassAdapter - Adding mock interface to class io/netty/buffer/UnsafeDirectSwappedByteBuf
18:07:48.610 [main] INFO org.evosuite.runtime.instrumentation.CreateClassResetClassAdapter - Creating brand-new static initializer in class io/netty/buffer/UnsafeDirectSwappedByteBuf
18:07:48.611 [main] INFO org.evosuite.runtime.instrumentation.EvoClassLoader - Keeping class: io.netty.buffer.UnsafeDirectSwappedByteBuf
18:07:48.611 [main] INFO org.evosuite.runtime.instrumentation.EvoClassLoader - Seeing class for first time: net.jpountz.xxhash.StreamingXXHash64
18:07:48.611 [main] INFO org.evosuite.runtime.instrumentation.EvoClassLoader - Instrumenting class 'net.jpountz.xxhash.StreamingXXHash64'.
18:07:48.611 [main] INFO org.evosuite.runtime.instrumentation.MethodCallReplacementClassAdapter - Adding mock interface to class net/jpountz/xxhash/StreamingXXHash64
18:07:48.612 [main] INFO org.evosuite.runtime.instrumentation.CreateClassResetClassAdapter - Creating brand-new static initializer in class net/jpountz/xxhash/StreamingXXHash64
18:07:48.612 [main] INFO org.evosuite.runtime.instrumentation.EvoClassLoader - Keeping class: net.jpountz.xxhash.StreamingXXHash64
18:07:48.612 [main] INFO org.evosuite.runtime.instrumentation.EvoClassLoader - Seeing class for first time: net.jpountz.xxhash.StreamingXXHash32JavaUnsafe
18:07:48.612 [main] INFO org.evosuite.runtime.instrumentation.EvoClassLoader - Instrumenting class 'net.jpountz.xxhash.StreamingXXHash32JavaUnsafe'.
18:07:48.613 [main] INFO org.evosuite.runtime.instrumentation.MethodCallReplacementClassAdapter - Adding mock interface to class net/jpountz/xxhash/StreamingXXHash32JavaUnsafe
18:07:48.613 [main] INFO org.evosuite.runtime.instrumentation.CreateClassResetClassAdapter - Creating brand-new static initializer in class net/jpountz/xxhash/StreamingXXHash32JavaUnsafe
18:07:48.613 [main] INFO org.evosuite.runtime.instrumentation.EvoClassLoader - Seeing class for first time: net.jpountz.xxhash.AbstractStreamingXXHash32Java
18:07:48.613 [main] INFO org.evosuite.runtime.instrumentation.EvoClassLoader - Instrumenting class 'net.jpountz.xxhash.AbstractStreamingXXHash32Java'.
18:07:48.613 [main] INFO org.evosuite.runtime.instrumentation.MethodCallReplacementClassAdapter - Adding mock interface to class net/jpountz/xxhash/AbstractStreamingXXHash32Java
18:07:48.613 [main] INFO org.evosuite.runtime.instrumentation.CreateClassResetClassAdapter - Creating brand-new static initializer in class net/jpountz/xxhash/AbstractStreamingXXHash32Java
18:07:48.614 [main] INFO org.evosuite.runtime.instrumentation.EvoClassLoader - Seeing class for first time: net.jpountz.xxhash.StreamingXXHash32
18:07:48.614 [main] INFO org.evosuite.runtime.instrumentation.EvoClassLoader - Instrumenting class 'net.jpountz.xxhash.StreamingXXHash32'.
18:07:48.614 [main] INFO org.evosuite.runtime.instrumentation.MethodCallReplacementClassAdapter - Adding mock interface to class net/jpountz/xxhash/StreamingXXHash32
18:07:48.614 [main] INFO org.evosuite.runtime.instrumentation.CreateClassResetClassAdapter - Creating brand-new static initializer in class net/jpountz/xxhash/StreamingXXHash32
18:07:48.614 [main] INFO org.evosuite.runtime.instrumentation.EvoClassLoader - Keeping class: net.jpountz.xxhash.StreamingXXHash32
18:07:48.614 [main] INFO org.evosuite.runtime.instrumentation.EvoClassLoader - Keeping class: net.jpountz.xxhash.AbstractStreamingXXHash32Java
18:07:48.614 [main] INFO org.evosuite.runtime.instrumentation.EvoClassLoader - Keeping class: net.jpountz.xxhash.StreamingXXHash32JavaUnsafe
18:07:48.615 [main] INFO org.evosuite.runtime.instrumentation.EvoClassLoader - Seeing class for first time: io.netty.handler.codec.compression.ByteBufChecksum$1
18:07:48.615 [main] INFO org.evosuite.runtime.instrumentation.EvoClassLoader - Instrumenting class 'io.netty.handler.codec.compression.ByteBufChecksum$1'.
18:07:48.615 [main] INFO org.evosuite.runtime.instrumentation.MethodCallReplacementClassAdapter - Adding mock interface to class io/netty/handler/codec/compression/ByteBufChecksum$1
18:07:48.615 [main] INFO org.evosuite.runtime.instrumentation.EvoClassLoader - Seeing class for first time: io.netty.util.ByteProcessor
18:07:48.615 [main] INFO org.evosuite.runtime.instrumentation.EvoClassLoader - Instrumenting class 'io.netty.util.ByteProcessor'.
18:07:48.616 [main] INFO org.evosuite.runtime.instrumentation.EvoClassLoader - Keeping class: io.netty.util.ByteProcessor
18:07:48.616 [main] INFO org.evosuite.runtime.instrumentation.EvoClassLoader - Keeping class: io.netty.handler.codec.compression.ByteBufChecksum$1
18:07:48.616 [main] INFO org.evosuite.runtime.instrumentation.EvoClassLoader - Seeing class for first time: io.netty.util.NettyRuntime
18:07:48.616 [main] INFO org.evosuite.runtime.instrumentation.EvoClassLoader - Instrumenting class 'io.netty.util.NettyRuntime'.
18:07:48.616 [main] INFO org.evosuite.runtime.instrumentation.MethodCallReplacementClassAdapter - Adding mock interface to class io/netty/util/NettyRuntime
18:07:48.616 [main] INFO org.evosuite.runtime.instrumentation.CreateClassResetClassAdapter - Found static initializer in class io/netty/util/NettyRuntime
18:07:48.617 [main] INFO org.evosuite.runtime.instrumentation.EvoClassLoader - Keeping class: io.netty.util.NettyRuntime
18:07:48.617 [main] INFO org.evosuite.runtime.instrumentation.EvoClassLoader - Seeing class for first time: io.netty.util.NettyRuntime$AvailableProcessorsHolder
18:07:48.617 [main] INFO org.evosuite.runtime.instrumentation.EvoClassLoader - Instrumenting class 'io.netty.util.NettyRuntime$AvailableProcessorsHolder'.
18:07:48.617 [main] INFO org.evosuite.runtime.instrumentation.MethodCallReplacementClassAdapter - Adding mock interface to class io/netty/util/NettyRuntime$AvailableProcessorsHolder
18:07:48.618 [main] INFO org.evosuite.runtime.instrumentation.CreateClassResetClassAdapter - Creating brand-new static initializer in class io/netty/util/NettyRuntime$AvailableProcessorsHolder
18:07:48.618 [main] INFO org.evosuite.runtime.instrumentation.EvoClassLoader - Keeping class: io.netty.util.NettyRuntime$AvailableProcessorsHolder
18:07:48.618 [main] INFO org.evosuite.runtime.instrumentation.EvoClassLoader - Seeing class for first time: io.netty.buffer.AbstractPooledDerivedByteBuf$PooledNonRetainedSlicedByteBuf
18:07:48.618 [main] INFO org.evosuite.runtime.instrumentation.EvoClassLoader - Instrumenting class 'io.netty.buffer.AbstractPooledDerivedByteBuf$PooledNonRetainedSlicedByteBuf'.
18:07:48.618 [main] INFO org.evosuite.runtime.instrumentation.MethodCallReplacementClassAdapter - Adding mock interface to class io/netty/buffer/AbstractPooledDerivedByteBuf$PooledNonRetainedSlicedByteBuf
18:07:48.619 [main] INFO org.evosuite.runtime.instrumentation.CreateClassResetClassAdapter - Creating brand-new static initializer in class io/netty/buffer/AbstractPooledDerivedByteBuf$PooledNonRetainedSlicedByteBuf
18:07:48.619 [main] INFO org.evosuite.runtime.instrumentation.EvoClassLoader - Keeping class: io.netty.buffer.AbstractPooledDerivedByteBuf$PooledNonRetainedSlicedByteBuf
18:07:48.619 [main] INFO org.evosuite.runtime.instrumentation.EvoClassLoader - Seeing class for first time: io.netty.buffer.AbstractPooledDerivedByteBuf$PooledNonRetainedDuplicateByteBuf
18:07:48.619 [main] INFO org.evosuite.runtime.instrumentation.EvoClassLoader - Instrumenting class 'io.netty.buffer.AbstractPooledDerivedByteBuf$PooledNonRetainedDuplicateByteBuf'.
18:07:48.619 [main] INFO org.evosuite.runtime.instrumentation.MethodCallReplacementClassAdapter - Adding mock interface to class io/netty/buffer/AbstractPooledDerivedByteBuf$PooledNonRetainedDuplicateByteBuf
18:07:48.620 [main] INFO org.evosuite.runtime.instrumentation.CreateClassResetClassAdapter - Creating brand-new static initializer in class io/netty/buffer/AbstractPooledDerivedByteBuf$PooledNonRetainedDuplicateByteBuf
18:07:48.620 [main] INFO org.evosuite.runtime.instrumentation.EvoClassLoader - Keeping class: io.netty.buffer.AbstractPooledDerivedByteBuf$PooledNonRetainedDuplicateByteBuf
18:07:48.620 [main] INFO org.evosuite.runtime.instrumentation.EvoClassLoader - Seeing class for first time: io.netty.buffer.PooledSlicedByteBuf$1
18:07:48.620 [main] INFO org.evosuite.runtime.instrumentation.EvoClassLoader - Instrumenting class 'io.netty.buffer.PooledSlicedByteBuf$1'.
18:07:48.620 [main] INFO org.evosuite.runtime.instrumentation.MethodCallReplacementClassAdapter - Adding mock interface to class io/netty/buffer/PooledSlicedByteBuf$1
18:07:48.621 [main] INFO org.evosuite.runtime.instrumentation.EvoClassLoader - Keeping class: io.netty.buffer.PooledSlicedByteBuf$1
18:07:48.621 [main] INFO org.evosuite.runtime.instrumentation.EvoClassLoader - Seeing class for first time: io.netty.buffer.UnpooledByteBufAllocator$InstrumentedUnpooledUnsafeDirectByteBuf
18:07:48.621 [main] INFO org.evosuite.runtime.instrumentation.EvoClassLoader - Instrumenting class 'io.netty.buffer.UnpooledByteBufAllocator$InstrumentedUnpooledUnsafeDirectByteBuf'.
18:07:48.621 [main] INFO org.evosuite.runtime.instrumentation.MethodCallReplacementClassAdapter - Adding mock interface to class io/netty/buffer/UnpooledByteBufAllocator$InstrumentedUnpooledUnsafeDirectByteBuf
18:07:48.622 [main] INFO org.evosuite.runtime.instrumentation.CreateClassResetClassAdapter - Creating brand-new static initializer in class io/netty/buffer/UnpooledByteBufAllocator$InstrumentedUnpooledUnsafeDirectByteBuf
18:07:48.622 [main] INFO org.evosuite.runtime.instrumentation.EvoClassLoader - Keeping class: io.netty.buffer.UnpooledByteBufAllocator$InstrumentedUnpooledUnsafeDirectByteBuf
18:07:48.622 [main] INFO org.evosuite.runtime.instrumentation.EvoClassLoader - Seeing class for first time: io.netty.buffer.PooledByteBufAllocator
18:07:48.622 [main] INFO org.evosuite.runtime.instrumentation.EvoClassLoader - Instrumenting class 'io.netty.buffer.PooledByteBufAllocator'.
18:07:48.623 [main] INFO org.evosuite.runtime.instrumentation.MethodCallReplacementClassAdapter - Adding mock interface to class io/netty/buffer/PooledByteBufAllocator
18:07:48.630 [main] INFO org.evosuite.runtime.instrumentation.CreateClassResetClassAdapter - Found static initializer in class io/netty/buffer/PooledByteBufAllocator
18:07:48.631 [main] INFO org.evosuite.runtime.instrumentation.EvoClassLoader - Seeing class for first time: io.netty.buffer.ByteBufAllocatorMetricProvider
18:07:48.631 [main] INFO org.evosuite.runtime.instrumentation.EvoClassLoader - Instrumenting class 'io.netty.buffer.ByteBufAllocatorMetricProvider'.
18:07:48.631 [main] INFO org.evosuite.runtime.instrumentation.EvoClassLoader - Keeping class: io.netty.buffer.ByteBufAllocatorMetricProvider
18:07:48.631 [main] INFO org.evosuite.runtime.instrumentation.EvoClassLoader - Seeing class for first time: io.netty.buffer.AbstractByteBufAllocator
18:07:48.631 [main] INFO org.evosuite.runtime.instrumentation.EvoClassLoader - Instrumenting class 'io.netty.buffer.AbstractByteBufAllocator'.
18:07:48.631 [main] INFO org.evosuite.runtime.instrumentation.MethodCallReplacementClassAdapter - Adding mock interface to class io/netty/buffer/AbstractByteBufAllocator
18:07:48.638 [main] INFO org.evosuite.runtime.instrumentation.CreateClassResetClassAdapter - Found static initializer in class io/netty/buffer/AbstractByteBufAllocator
18:07:48.639 [main] INFO org.evosuite.runtime.instrumentation.EvoClassLoader - Keeping class: io.netty.buffer.AbstractByteBufAllocator
18:07:48.639 [main] INFO org.evosuite.runtime.instrumentation.EvoClassLoader - Keeping class: io.netty.buffer.PooledByteBufAllocator
18:07:48.639 [main] INFO org.evosuite.runtime.instrumentation.EvoClassLoader - Seeing class for first time: io.netty.buffer.SimpleLeakAwareByteBuf
18:07:48.639 [main] INFO org.evosuite.runtime.instrumentation.EvoClassLoader - Instrumenting class 'io.netty.buffer.SimpleLeakAwareByteBuf'.
18:07:48.639 [main] INFO org.evosuite.runtime.instrumentation.MethodCallReplacementClassAdapter - Adding mock interface to class io/netty/buffer/SimpleLeakAwareByteBuf
18:07:48.640 [main] INFO org.evosuite.runtime.instrumentation.CreateClassResetClassAdapter - Found static initializer in class io/netty/buffer/SimpleLeakAwareByteBuf
18:07:48.640 [main] INFO org.evosuite.runtime.instrumentation.EvoClassLoader - Seeing class for first time: io.netty.buffer.WrappedByteBuf
18:07:48.640 [main] INFO org.evosuite.runtime.instrumentation.EvoClassLoader - Instrumenting class 'io.netty.buffer.WrappedByteBuf'.
18:07:48.641 [main] INFO org.evosuite.runtime.instrumentation.MethodCallReplacementClassAdapter - Adding mock interface to class io/netty/buffer/WrappedByteBuf
18:07:48.641 [main] INFO org.evosuite.runtime.instrumentation.CreateClassResetClassAdapter - Creating brand-new static initializer in class io/netty/buffer/WrappedByteBuf
18:07:48.642 [main] INFO org.evosuite.runtime.instrumentation.EvoClassLoader - Keeping class: io.netty.buffer.WrappedByteBuf
18:07:48.642 [main] INFO org.evosuite.runtime.instrumentation.EvoClassLoader - Keeping class: io.netty.buffer.SimpleLeakAwareByteBuf
18:07:48.642 [main] INFO org.evosuite.runtime.instrumentation.EvoClassLoader - Seeing class for first time: io.netty.buffer.AdvancedLeakAwareByteBuf
18:07:48.642 [main] INFO org.evosuite.runtime.instrumentation.EvoClassLoader - Instrumenting class 'io.netty.buffer.AdvancedLeakAwareByteBuf'.
18:07:48.643 [main] INFO org.evosuite.runtime.instrumentation.MethodCallReplacementClassAdapter - Adding mock interface to class io/netty/buffer/AdvancedLeakAwareByteBuf
18:07:48.643 [main] INFO org.evosuite.runtime.instrumentation.CreateClassResetClassAdapter - Found static initializer in class io/netty/buffer/AdvancedLeakAwareByteBuf
18:07:48.644 [main] INFO org.evosuite.runtime.instrumentation.EvoClassLoader - Keeping class: io.netty.buffer.AdvancedLeakAwareByteBuf
18:07:48.644 [main] INFO org.evosuite.runtime.instrumentation.EvoClassLoader - Seeing class for first time: io.netty.buffer.SimpleLeakAwareCompositeByteBuf
18:07:48.644 [main] INFO org.evosuite.runtime.instrumentation.EvoClassLoader - Instrumenting class 'io.netty.buffer.SimpleLeakAwareCompositeByteBuf'.
18:07:48.645 [main] INFO org.evosuite.runtime.instrumentation.MethodCallReplacementClassAdapter - Adding mock interface to class io/netty/buffer/SimpleLeakAwareCompositeByteBuf
18:07:48.646 [main] INFO org.evosuite.runtime.instrumentation.CreateClassResetClassAdapter - Found static initializer in class io/netty/buffer/SimpleLeakAwareCompositeByteBuf
18:07:48.646 [main] INFO org.evosuite.runtime.instrumentation.EvoClassLoader - Seeing class for first time: io.netty.buffer.WrappedCompositeByteBuf
18:07:48.646 [main] INFO org.evosuite.runtime.instrumentation.EvoClassLoader - Instrumenting class 'io.netty.buffer.WrappedCompositeByteBuf'.
18:07:48.647 [main] INFO org.evosuite.runtime.instrumentation.MethodCallReplacementClassAdapter - Adding mock interface to class io/netty/buffer/WrappedCompositeByteBuf
18:07:48.648 [main] INFO org.evosuite.runtime.instrumentation.CreateClassResetClassAdapter - Creating brand-new static initializer in class io/netty/buffer/WrappedCompositeByteBuf
18:07:48.650 [main] INFO org.evosuite.runtime.instrumentation.EvoClassLoader - Keeping class: io.netty.buffer.WrappedCompositeByteBuf
18:07:48.650 [main] INFO org.evosuite.runtime.instrumentation.EvoClassLoader - Keeping class: io.netty.buffer.SimpleLeakAwareCompositeByteBuf
18:07:48.650 [main] INFO org.evosuite.runtime.instrumentation.EvoClassLoader - Seeing class for first time: io.netty.buffer.AdvancedLeakAwareCompositeByteBuf
18:07:48.650 [main] INFO org.evosuite.runtime.instrumentation.EvoClassLoader - Instrumenting class 'io.netty.buffer.AdvancedLeakAwareCompositeByteBuf'.
18:07:48.651 [main] INFO org.evosuite.runtime.instrumentation.MethodCallReplacementClassAdapter - Adding mock interface to class io/netty/buffer/AdvancedLeakAwareCompositeByteBuf
18:07:48.653 [main] INFO org.evosuite.runtime.instrumentation.CreateClassResetClassAdapter - Creating brand-new static initializer in class io/netty/buffer/AdvancedLeakAwareCompositeByteBuf
18:07:48.654 [main] INFO org.evosuite.runtime.instrumentation.EvoClassLoader - Keeping class: io.netty.buffer.AdvancedLeakAwareCompositeByteBuf
18:07:48.655 [main] INFO org.evosuite.runtime.instrumentation.EvoClassLoader - Seeing class for first time: io.netty.buffer.UnpooledHeapByteBuf
18:07:48.655 [main] INFO org.evosuite.runtime.instrumentation.EvoClassLoader - Instrumenting class 'io.netty.buffer.UnpooledHeapByteBuf'.
18:07:48.656 [main] INFO org.evosuite.runtime.instrumentation.MethodCallReplacementClassAdapter - Adding mock interface to class io/netty/buffer/UnpooledHeapByteBuf
18:07:48.657 [main] INFO org.evosuite.runtime.instrumentation.CreateClassResetClassAdapter - Creating brand-new static initializer in class io/netty/buffer/UnpooledHeapByteBuf
18:07:48.658 [main] INFO org.evosuite.runtime.instrumentation.EvoClassLoader - Keeping class: io.netty.buffer.UnpooledHeapByteBuf
18:07:48.658 [main] INFO org.evosuite.runtime.instrumentation.EvoClassLoader - Seeing class for first time: io.netty.buffer.UnpooledUnsafeHeapByteBuf
18:07:48.658 [main] INFO org.evosuite.runtime.instrumentation.EvoClassLoader - Instrumenting class 'io.netty.buffer.UnpooledUnsafeHeapByteBuf'.
18:07:48.658 [main] INFO org.evosuite.runtime.instrumentation.MethodCallReplacementClassAdapter - Adding mock interface to class io/netty/buffer/UnpooledUnsafeHeapByteBuf
18:07:48.659 [main] INFO org.evosuite.runtime.instrumentation.CreateClassResetClassAdapter - Creating brand-new static initializer in class io/netty/buffer/UnpooledUnsafeHeapByteBuf
18:07:48.659 [main] INFO org.evosuite.runtime.instrumentation.EvoClassLoader - Keeping class: io.netty.buffer.UnpooledUnsafeHeapByteBuf
18:07:48.659 [main] INFO org.evosuite.runtime.instrumentation.EvoClassLoader - Seeing class for first time: io.netty.buffer.ByteBufAllocatorMetric
18:07:48.659 [main] INFO org.evosuite.runtime.instrumentation.EvoClassLoader - Instrumenting class 'io.netty.buffer.ByteBufAllocatorMetric'.
18:07:48.659 [main] INFO org.evosuite.runtime.instrumentation.EvoClassLoader - Keeping class: io.netty.buffer.ByteBufAllocatorMetric
18:07:48.661 [main] DEBUG io.netty.buffer.PooledByteBufAllocator - -Dio.netty.allocator.numHeapArenas: 0
18:07:48.661 [main] DEBUG io.netty.buffer.PooledByteBufAllocator - -Dio.netty.allocator.numDirectArenas: 2
18:07:48.661 [main] DEBUG io.netty.buffer.PooledByteBufAllocator - -Dio.netty.allocator.pageSize: 8192
18:07:48.661 [main] DEBUG io.netty.buffer.PooledByteBufAllocator - -Dio.netty.allocator.maxOrder: 9
18:07:48.661 [main] DEBUG io.netty.buffer.PooledByteBufAllocator - -Dio.netty.allocator.chunkSize: 4194304
18:07:48.661 [main] DEBUG io.netty.buffer.PooledByteBufAllocator - -Dio.netty.allocator.smallCacheSize: 256
18:07:48.662 [main] DEBUG io.netty.buffer.PooledByteBufAllocator - -Dio.netty.allocator.normalCacheSize: 64
18:07:48.662 [main] DEBUG io.netty.buffer.PooledByteBufAllocator - -Dio.netty.allocator.maxCachedBufferCapacity: 32768
18:07:48.662 [main] DEBUG io.netty.buffer.PooledByteBufAllocator - -Dio.netty.allocator.cacheTrimInterval: 8192
18:07:48.662 [main] DEBUG io.netty.buffer.PooledByteBufAllocator - -Dio.netty.allocator.cacheTrimIntervalMillis: 0
18:07:48.662 [main] DEBUG io.netty.buffer.PooledByteBufAllocator - -Dio.netty.allocator.useCacheForAllThreads: false
18:07:48.662 [main] DEBUG io.netty.buffer.PooledByteBufAllocator - -Dio.netty.allocator.maxCachedByteBuffersPerChunk: 1023
18:07:48.663 [main] INFO org.evosuite.runtime.instrumentation.EvoClassLoader - Seeing class for first time: io.netty.buffer.PooledByteBufAllocator$1
18:07:48.663 [main] INFO org.evosuite.runtime.instrumentation.EvoClassLoader - Instrumenting class 'io.netty.buffer.PooledByteBufAllocator$1'.
18:07:48.663 [main] INFO org.evosuite.runtime.instrumentation.MethodCallReplacementClassAdapter - Adding mock interface to class io/netty/buffer/PooledByteBufAllocator$1
18:07:48.664 [main] INFO org.evosuite.runtime.instrumentation.EvoClassLoader - Keeping class: io.netty.buffer.PooledByteBufAllocator$1
18:07:48.664 [main] INFO org.evosuite.runtime.instrumentation.EvoClassLoader - Seeing class for first time: io.netty.buffer.PooledByteBufAllocator$PoolThreadLocalCache
18:07:48.664 [main] INFO org.evosuite.runtime.instrumentation.EvoClassLoader - Instrumenting class 'io.netty.buffer.PooledByteBufAllocator$PoolThreadLocalCache'.
18:07:48.665 [main] INFO org.evosuite.runtime.instrumentation.MethodCallReplacementClassAdapter - Adding mock interface to class io/netty/buffer/PooledByteBufAllocator$PoolThreadLocalCache
18:07:48.665 [main] INFO org.evosuite.runtime.instrumentation.CreateClassResetClassAdapter - Creating brand-new static initializer in class io/netty/buffer/PooledByteBufAllocator$PoolThreadLocalCache
18:07:48.666 [main] INFO org.evosuite.runtime.instrumentation.EvoClassLoader - Keeping class: io.netty.buffer.PooledByteBufAllocator$PoolThreadLocalCache
18:07:48.666 [main] INFO org.evosuite.runtime.instrumentation.EvoClassLoader - Seeing class for first time: io.netty.buffer.PoolArena
18:07:48.666 [main] INFO org.evosuite.runtime.instrumentation.EvoClassLoader - Instrumenting class 'io.netty.buffer.PoolArena'.
18:07:48.667 [main] INFO org.evosuite.runtime.instrumentation.MethodCallReplacementClassAdapter - Adding mock interface to class io/netty/buffer/PoolArena
18:07:48.670 [main] INFO org.evosuite.runtime.instrumentation.CreateClassResetClassAdapter - Found static initializer in class io/netty/buffer/PoolArena
18:07:48.670 [main] INFO org.evosuite.runtime.instrumentation.EvoClassLoader - Seeing class for first time: io.netty.buffer.PoolArenaMetric
18:07:48.670 [main] INFO org.evosuite.runtime.instrumentation.EvoClassLoader - Instrumenting class 'io.netty.buffer.PoolArenaMetric'.
18:07:48.672 [main] INFO org.evosuite.runtime.instrumentation.EvoClassLoader - Seeing class for first time: io.netty.buffer.SizeClassesMetric
18:07:48.672 [main] INFO org.evosuite.runtime.instrumentation.EvoClassLoader - Instrumenting class 'io.netty.buffer.SizeClassesMetric'.
18:07:48.673 [main] INFO org.evosuite.runtime.instrumentation.EvoClassLoader - Keeping class: io.netty.buffer.SizeClassesMetric
18:07:48.673 [main] INFO org.evosuite.runtime.instrumentation.EvoClassLoader - Keeping class: io.netty.buffer.PoolArenaMetric
18:07:48.673 [main] INFO org.evosuite.runtime.instrumentation.EvoClassLoader - Keeping class: io.netty.buffer.PoolArena
18:07:48.673 [main] INFO org.evosuite.runtime.instrumentation.EvoClassLoader - Seeing class for first time: io.netty.buffer.SizeClasses
18:07:48.673 [main] INFO org.evosuite.runtime.instrumentation.EvoClassLoader - Instrumenting class 'io.netty.buffer.SizeClasses'.
18:07:48.674 [main] INFO org.evosuite.runtime.instrumentation.MethodCallReplacementClassAdapter - Adding mock interface to class io/netty/buffer/SizeClasses
18:07:48.676 [main] INFO org.evosuite.runtime.instrumentation.CreateClassResetClassAdapter - Found static initializer in class io/netty/buffer/SizeClasses
18:07:48.676 [main] INFO org.evosuite.runtime.instrumentation.EvoClassLoader - Keeping class: io.netty.buffer.SizeClasses
18:07:48.677 [main] INFO org.evosuite.runtime.instrumentation.EvoClassLoader - Seeing class for first time: io.netty.buffer.PoolThreadCache
18:07:48.677 [main] INFO org.evosuite.runtime.instrumentation.EvoClassLoader - Instrumenting class 'io.netty.buffer.PoolThreadCache'.
18:07:48.678 [main] INFO org.evosuite.runtime.instrumentation.MethodCallReplacementClassAdapter - Adding mock interface to class io/netty/buffer/PoolThreadCache
18:07:48.681 [main] INFO org.evosuite.runtime.instrumentation.CreateClassResetClassAdapter - Found static initializer in class io/netty/buffer/PoolThreadCache
18:07:48.682 [main] INFO org.evosuite.runtime.instrumentation.EvoClassLoader - Keeping class: io.netty.buffer.PoolThreadCache
18:07:48.683 [main] INFO org.evosuite.runtime.instrumentation.EvoClassLoader - Seeing class for first time: io.netty.buffer.PoolArena$DirectArena
18:07:48.683 [main] INFO org.evosuite.runtime.instrumentation.EvoClassLoader - Instrumenting class 'io.netty.buffer.PoolArena$DirectArena'.
18:07:48.684 [main] INFO org.evosuite.runtime.instrumentation.MethodCallReplacementClassAdapter - Adding mock interface to class io/netty/buffer/PoolArena$DirectArena
18:07:48.684 [main] INFO org.evosuite.runtime.instrumentation.CreateClassResetClassAdapter - Creating brand-new static initializer in class io/netty/buffer/PoolArena$DirectArena
18:07:48.685 [main] INFO org.evosuite.runtime.instrumentation.EvoClassLoader - Keeping class: io.netty.buffer.PoolArena$DirectArena
18:07:48.686 [main] INFO org.evosuite.runtime.instrumentation.EvoClassLoader - Seeing class for first time: io.netty.buffer.PooledUnsafeDirectByteBuf
18:07:48.686 [main] INFO org.evosuite.runtime.instrumentation.EvoClassLoader - Instrumenting class 'io.netty.buffer.PooledUnsafeDirectByteBuf'.
18:07:48.686 [main] INFO org.evosuite.runtime.instrumentation.MethodCallReplacementClassAdapter - Adding mock interface to class io/netty/buffer/PooledUnsafeDirectByteBuf
18:07:48.687 [main] INFO org.evosuite.runtime.instrumentation.CreateClassResetClassAdapter - Found static initializer in class io/netty/buffer/PooledUnsafeDirectByteBuf
18:07:48.688 [main] INFO org.evosuite.runtime.instrumentation.EvoClassLoader - Keeping class: io.netty.buffer.PooledUnsafeDirectByteBuf
18:07:48.688 [main] INFO org.evosuite.runtime.instrumentation.EvoClassLoader - Seeing class for first time: io.netty.util.internal.LongAdderCounter
18:07:48.688 [main] INFO org.evosuite.runtime.instrumentation.EvoClassLoader - Instrumenting class 'io.netty.util.internal.LongAdderCounter'.
18:07:48.689 [main] INFO org.evosuite.runtime.instrumentation.MethodCallReplacementClassAdapter - Adding mock interface to class io/netty/util/internal/LongAdderCounter
18:07:48.689 [main] INFO org.evosuite.runtime.instrumentation.CreateClassResetClassAdapter - Creating brand-new static initializer in class io/netty/util/internal/LongAdderCounter
18:07:48.689 [main] INFO org.evosuite.runtime.instrumentation.EvoClassLoader - Keeping class: io.netty.util.internal.LongAdderCounter
18:07:48.690 [main] INFO org.evosuite.runtime.instrumentation.EvoClassLoader - Seeing class for first time: io.netty.buffer.PoolSubpage
18:07:48.690 [main] INFO org.evosuite.runtime.instrumentation.EvoClassLoader - Instrumenting class 'io.netty.buffer.PoolSubpage'.
18:07:48.690 [main] INFO org.evosuite.runtime.instrumentation.MethodCallReplacementClassAdapter - Adding mock interface to class io/netty/buffer/PoolSubpage
18:07:48.692 [main] INFO org.evosuite.runtime.instrumentation.CreateClassResetClassAdapter - Found static initializer in class io/netty/buffer/PoolSubpage
18:07:48.692 [main] INFO org.evosuite.runtime.instrumentation.EvoClassLoader - Seeing class for first time: io.netty.buffer.PoolSubpageMetric
18:07:48.692 [main] INFO org.evosuite.runtime.instrumentation.EvoClassLoader - Instrumenting class 'io.netty.buffer.PoolSubpageMetric'.
18:07:48.693 [main] INFO org.evosuite.runtime.instrumentation.EvoClassLoader - Keeping class: io.netty.buffer.PoolSubpageMetric
18:07:48.693 [main] INFO org.evosuite.runtime.instrumentation.EvoClassLoader - Keeping class: io.netty.buffer.PoolSubpage
18:07:48.694 [main] INFO org.evosuite.runtime.instrumentation.EvoClassLoader - Seeing class for first time: io.netty.buffer.PoolChunkList
18:07:48.694 [main] INFO org.evosuite.runtime.instrumentation.EvoClassLoader - Instrumenting class 'io.netty.buffer.PoolChunkList'.
18:07:48.695 [main] INFO org.evosuite.runtime.instrumentation.MethodCallReplacementClassAdapter - Adding mock interface to class io/netty/buffer/PoolChunkList
18:07:48.696 [main] INFO org.evosuite.runtime.instrumentation.CreateClassResetClassAdapter - Found static initializer in class io/netty/buffer/PoolChunkList
18:07:48.696 [main] INFO org.evosuite.runtime.instrumentation.EvoClassLoader - Seeing class for first time: io.netty.buffer.PoolChunkListMetric
18:07:48.696 [main] INFO org.evosuite.runtime.instrumentation.EvoClassLoader - Instrumenting class 'io.netty.buffer.PoolChunkListMetric'.
18:07:48.697 [main] INFO org.evosuite.runtime.instrumentation.EvoClassLoader - Keeping class: io.netty.buffer.PoolChunkListMetric
18:07:48.697 [main] INFO org.evosuite.runtime.instrumentation.EvoClassLoader - Keeping class: io.netty.buffer.PoolChunkList
18:07:48.697 [main] INFO org.evosuite.runtime.instrumentation.EvoClassLoader - Seeing class for first time: io.netty.buffer.PooledByteBufAllocatorMetric
18:07:48.697 [main] INFO org.evosuite.runtime.instrumentation.EvoClassLoader - Instrumenting class 'io.netty.buffer.PooledByteBufAllocatorMetric'.
18:07:48.698 [main] INFO org.evosuite.runtime.instrumentation.MethodCallReplacementClassAdapter - Adding mock interface to class io/netty/buffer/PooledByteBufAllocatorMetric
18:07:48.699 [main] INFO org.evosuite.runtime.instrumentation.CreateClassResetClassAdapter - Creating brand-new static initializer in class io/netty/buffer/PooledByteBufAllocatorMetric
18:07:48.699 [main] INFO org.evosuite.runtime.instrumentation.EvoClassLoader - Keeping class: io.netty.buffer.PooledByteBufAllocatorMetric
18:07:48.700 [main] INFO org.evosuite.runtime.instrumentation.EvoClassLoader - Seeing class for first time: net.jpountz.xxhash.StreamingXXHash32JavaUnsafe$Factory
18:07:48.700 [main] INFO org.evosuite.runtime.instrumentation.EvoClassLoader - Instrumenting class 'net.jpountz.xxhash.StreamingXXHash32JavaUnsafe$Factory'.
18:07:48.701 [main] INFO org.evosuite.runtime.instrumentation.MethodCallReplacementClassAdapter - Adding mock interface to class net/jpountz/xxhash/StreamingXXHash32JavaUnsafe$Factory
18:07:48.701 [main] INFO org.evosuite.runtime.instrumentation.CreateClassResetClassAdapter - Found static initializer in class net/jpountz/xxhash/StreamingXXHash32JavaUnsafe$Factory
18:07:48.701 [main] INFO org.evosuite.runtime.instrumentation.EvoClassLoader - Keeping class: net.jpountz.xxhash.StreamingXXHash32JavaUnsafe$Factory
18:07:48.702 [main] INFO org.evosuite.runtime.instrumentation.EvoClassLoader - Seeing class for first time: io.netty.buffer.UnpooledByteBufAllocator$UnpooledByteBufAllocatorMetric
18:07:48.702 [main] INFO org.evosuite.runtime.instrumentation.EvoClassLoader - Instrumenting class 'io.netty.buffer.UnpooledByteBufAllocator$UnpooledByteBufAllocatorMetric'.
18:07:48.702 [main] INFO org.evosuite.runtime.instrumentation.MethodCallReplacementClassAdapter - Adding mock interface to class io/netty/buffer/UnpooledByteBufAllocator$UnpooledByteBufAllocatorMetric
18:07:48.703 [main] INFO org.evosuite.runtime.instrumentation.CreateClassResetClassAdapter - Creating brand-new static initializer in class io/netty/buffer/UnpooledByteBufAllocator$UnpooledByteBufAllocatorMetric
18:07:48.703 [main] INFO org.evosuite.runtime.instrumentation.EvoClassLoader - Keeping class: io.netty.buffer.UnpooledByteBufAllocator$UnpooledByteBufAllocatorMetric
18:07:48.704 [main] INFO org.evosuite.runtime.instrumentation.EvoClassLoader - Seeing class for first time: io.netty.buffer.UnpooledByteBufAllocator
18:07:48.704 [main] INFO org.evosuite.runtime.instrumentation.EvoClassLoader - Instrumenting class 'io.netty.buffer.UnpooledByteBufAllocator'.
18:07:48.705 [main] INFO org.evosuite.runtime.instrumentation.MethodCallReplacementClassAdapter - Adding mock interface to class io/netty/buffer/UnpooledByteBufAllocator
18:07:48.723 [main] INFO org.evosuite.runtime.instrumentation.CreateClassResetClassAdapter - Found static initializer in class io/netty/buffer/UnpooledByteBufAllocator
18:07:48.723 [main] INFO org.evosuite.runtime.instrumentation.EvoClassLoader - Keeping class: io.netty.buffer.UnpooledByteBufAllocator
18:07:48.723 [main] INFO org.evosuite.runtime.instrumentation.EvoClassLoader - Seeing class for first time: io.netty.buffer.UnpooledByteBufAllocator$InstrumentedUnpooledUnsafeHeapByteBuf
18:07:48.723 [main] INFO org.evosuite.runtime.instrumentation.EvoClassLoader - Instrumenting class 'io.netty.buffer.UnpooledByteBufAllocator$InstrumentedUnpooledUnsafeHeapByteBuf'.
18:07:48.724 [main] INFO org.evosuite.runtime.instrumentation.MethodCallReplacementClassAdapter - Adding mock interface to class io/netty/buffer/UnpooledByteBufAllocator$InstrumentedUnpooledUnsafeHeapByteBuf
18:07:48.724 [main] INFO org.evosuite.runtime.instrumentation.CreateClassResetClassAdapter - Creating brand-new static initializer in class io/netty/buffer/UnpooledByteBufAllocator$InstrumentedUnpooledUnsafeHeapByteBuf
18:07:48.725 [main] INFO org.evosuite.runtime.instrumentation.EvoClassLoader - Keeping class: io.netty.buffer.UnpooledByteBufAllocator$InstrumentedUnpooledUnsafeHeapByteBuf
18:07:48.725 [main] INFO org.evosuite.runtime.instrumentation.EvoClassLoader - Seeing class for first time: io.netty.buffer.UnpooledByteBufAllocator$InstrumentedUnpooledHeapByteBuf
18:07:48.725 [main] INFO org.evosuite.runtime.instrumentation.EvoClassLoader - Instrumenting class 'io.netty.buffer.UnpooledByteBufAllocator$InstrumentedUnpooledHeapByteBuf'.
18:07:48.725 [main] INFO org.evosuite.runtime.instrumentation.MethodCallReplacementClassAdapter - Adding mock interface to class io/netty/buffer/UnpooledByteBufAllocator$InstrumentedUnpooledHeapByteBuf
18:07:48.726 [main] INFO org.evosuite.runtime.instrumentation.CreateClassResetClassAdapter - Creating brand-new static initializer in class io/netty/buffer/UnpooledByteBufAllocator$InstrumentedUnpooledHeapByteBuf
18:07:48.726 [main] INFO org.evosuite.runtime.instrumentation.EvoClassLoader - Keeping class: io.netty.buffer.UnpooledByteBufAllocator$InstrumentedUnpooledHeapByteBuf
18:07:48.727 [main] INFO org.evosuite.runtime.instrumentation.EvoClassLoader - Seeing class for first time: net.jpountz.xxhash.AbstractStreamingXXHash64Java
18:07:48.727 [main] INFO org.evosuite.runtime.instrumentation.EvoClassLoader - Instrumenting class 'net.jpountz.xxhash.AbstractStreamingXXHash64Java'.
18:07:48.727 [main] INFO org.evosuite.runtime.instrumentation.MethodCallReplacementClassAdapter - Adding mock interface to class net/jpountz/xxhash/AbstractStreamingXXHash64Java
18:07:48.728 [main] INFO org.evosuite.runtime.instrumentation.CreateClassResetClassAdapter - Creating brand-new static initializer in class net/jpountz/xxhash/AbstractStreamingXXHash64Java
18:07:48.728 [main] INFO org.evosuite.runtime.instrumentation.EvoClassLoader - Keeping class: net.jpountz.xxhash.AbstractStreamingXXHash64Java
18:07:48.729 [main] INFO org.evosuite.runtime.instrumentation.EvoClassLoader - Seeing class for first time: io.netty.handler.codec.compression.Crc32c
18:07:48.729 [main] INFO org.evosuite.runtime.instrumentation.EvoClassLoader - Instrumenting class 'io.netty.handler.codec.compression.Crc32c'.
18:07:48.729 [main] INFO org.evosuite.runtime.instrumentation.MethodCallReplacementClassAdapter - Adding mock interface to class io/netty/handler/codec/compression/Crc32c
18:07:48.730 [main] INFO org.evosuite.runtime.instrumentation.CreateClassResetClassAdapter - Found static initializer in class io/netty/handler/codec/compression/Crc32c
18:07:48.730 [main] INFO org.evosuite.runtime.instrumentation.EvoClassLoader - Seeing class for first time: io.netty.handler.codec.compression.ByteBufChecksum
18:07:48.730 [main] INFO org.evosuite.runtime.instrumentation.EvoClassLoader - Instrumenting class 'io.netty.handler.codec.compression.ByteBufChecksum'.
18:07:48.731 [main] INFO org.evosuite.runtime.instrumentation.MethodCallReplacementClassAdapter - Adding mock interface to class io/netty/handler/codec/compression/ByteBufChecksum
18:07:48.731 [main] INFO org.evosuite.runtime.instrumentation.CreateClassResetClassAdapter - Found static initializer in class io/netty/handler/codec/compression/ByteBufChecksum
18:07:48.732 [main] INFO org.evosuite.runtime.instrumentation.EvoClassLoader - Keeping class: io.netty.handler.codec.compression.ByteBufChecksum
18:07:48.732 [main] INFO org.evosuite.runtime.instrumentation.EvoClassLoader - Keeping class: io.netty.handler.codec.compression.Crc32c
18:07:48.732 [main] INFO org.evosuite.runtime.instrumentation.EvoClassLoader - Seeing class for first time: io.netty.handler.codec.compression.ByteBufChecksum$ReflectiveByteBufChecksum
18:07:48.732 [main] INFO org.evosuite.runtime.instrumentation.EvoClassLoader - Instrumenting class 'io.netty.handler.codec.compression.ByteBufChecksum$ReflectiveByteBufChecksum'.
18:07:48.732 [main] INFO org.evosuite.runtime.instrumentation.MethodCallReplacementClassAdapter - Adding mock interface to class io/netty/handler/codec/compression/ByteBufChecksum$ReflectiveByteBufChecksum
18:07:48.733 [main] INFO org.evosuite.runtime.instrumentation.CreateClassResetClassAdapter - Creating brand-new static initializer in class io/netty/handler/codec/compression/ByteBufChecksum$ReflectiveByteBufChecksum
18:07:48.733 [main] INFO org.evosuite.runtime.instrumentation.EvoClassLoader - Seeing class for first time: io.netty.handler.codec.compression.ByteBufChecksum$SlowByteBufChecksum
18:07:48.733 [main] INFO org.evosuite.runtime.instrumentation.EvoClassLoader - Instrumenting class 'io.netty.handler.codec.compression.ByteBufChecksum$SlowByteBufChecksum'.
18:07:48.734 [main] INFO org.evosuite.runtime.instrumentation.MethodCallReplacementClassAdapter - Adding mock interface to class io/netty/handler/codec/compression/ByteBufChecksum$SlowByteBufChecksum
18:07:48.734 [main] INFO org.evosuite.runtime.instrumentation.CreateClassResetClassAdapter - Creating brand-new static initializer in class io/netty/handler/codec/compression/ByteBufChecksum$SlowByteBufChecksum
18:07:48.734 [main] INFO org.evosuite.runtime.instrumentation.EvoClassLoader - Keeping class: io.netty.handler.codec.compression.ByteBufChecksum$SlowByteBufChecksum
18:07:48.734 [main] INFO org.evosuite.runtime.instrumentation.EvoClassLoader - Keeping class: io.netty.handler.codec.compression.ByteBufChecksum$ReflectiveByteBufChecksum
18:07:48.736 [main] INFO org.evosuite.runtime.instrumentation.EvoClassLoader - Seeing class for first time: io.netty.util.ResourceLeakDetector$DefaultResourceLeak
18:07:48.736 [main] INFO org.evosuite.runtime.instrumentation.EvoClassLoader - Instrumenting class 'io.netty.util.ResourceLeakDetector$DefaultResourceLeak'.
18:07:48.736 [main] INFO org.evosuite.runtime.instrumentation.MethodCallReplacementClassAdapter - Adding mock interface to class io/netty/util/ResourceLeakDetector$DefaultResourceLeak
18:07:48.737 [main] INFO org.evosuite.runtime.instrumentation.CreateClassResetClassAdapter - Found static initializer in class io/netty/util/ResourceLeakDetector$DefaultResourceLeak
18:07:48.737 [main] INFO org.evosuite.runtime.instrumentation.EvoClassLoader - Keeping class: io.netty.util.ResourceLeakDetector$DefaultResourceLeak
18:07:48.742 [main] DEBUG io.netty.buffer.AdvancedLeakAwareByteBuf - -Dio.netty.leakDetection.acquireAndReleaseOnly: false
18:07:48.746 [main] INFO org.evosuite.runtime.instrumentation.EvoClassLoader - Seeing class for first time: io.netty.buffer.FixedCompositeByteBuf
18:07:48.746 [main] INFO org.evosuite.runtime.instrumentation.EvoClassLoader - Instrumenting class 'io.netty.buffer.FixedCompositeByteBuf'.
18:07:48.747 [main] INFO org.evosuite.runtime.instrumentation.MethodCallReplacementClassAdapter - Adding mock interface to class io/netty/buffer/FixedCompositeByteBuf
18:07:48.749 [main] INFO org.evosuite.runtime.instrumentation.CreateClassResetClassAdapter - Found static initializer in class io/netty/buffer/FixedCompositeByteBuf
18:07:48.749 [main] INFO org.evosuite.runtime.instrumentation.EvoClassLoader - Keeping class: io.netty.buffer.FixedCompositeByteBuf
18:07:48.750 [main] INFO org.evosuite.runtime.instrumentation.EvoClassLoader - Seeing class for first time: io.netty.buffer.Unpooled
18:07:48.750 [main] INFO org.evosuite.runtime.instrumentation.EvoClassLoader - Instrumenting class 'io.netty.buffer.Unpooled'.
18:07:48.750 [main] INFO org.evosuite.runtime.instrumentation.MethodCallReplacementClassAdapter - Adding mock interface to class io/netty/buffer/Unpooled
18:07:48.752 [main] INFO org.evosuite.runtime.instrumentation.CreateClassResetClassAdapter - Found static initializer in class io/netty/buffer/Unpooled
18:07:48.753 [main] INFO org.evosuite.runtime.instrumentation.EvoClassLoader - Keeping class: io.netty.buffer.Unpooled
18:07:48.753 [main] INFO org.evosuite.runtime.instrumentation.EvoClassLoader - Seeing class for first time: io.netty.buffer.UnreleasableByteBuf
18:07:48.754 [main] INFO org.evosuite.runtime.instrumentation.EvoClassLoader - Instrumenting class 'io.netty.buffer.UnreleasableByteBuf'.
18:07:48.754 [main] INFO org.evosuite.runtime.instrumentation.MethodCallReplacementClassAdapter - Adding mock interface to class io/netty/buffer/UnreleasableByteBuf
18:07:48.755 [main] INFO org.evosuite.runtime.instrumentation.CreateClassResetClassAdapter - Creating brand-new static initializer in class io/netty/buffer/UnreleasableByteBuf
18:07:48.755 [main] INFO org.evosuite.runtime.instrumentation.EvoClassLoader - Keeping class: io.netty.buffer.UnreleasableByteBuf
18:07:48.755 [main] INFO org.evosuite.runtime.instrumentation.EvoClassLoader - Seeing class for first time: io.netty.buffer.WrappedUnpooledUnsafeDirectByteBuf
18:07:48.755 [main] INFO org.evosuite.runtime.instrumentation.EvoClassLoader - Instrumenting class 'io.netty.buffer.WrappedUnpooledUnsafeDirectByteBuf'.
18:07:48.756 [main] INFO org.evosuite.runtime.instrumentation.MethodCallReplacementClassAdapter - Adding mock interface to class io/netty/buffer/WrappedUnpooledUnsafeDirectByteBuf
18:07:48.756 [main] INFO org.evosuite.runtime.instrumentation.CreateClassResetClassAdapter - Creating brand-new static initializer in class io/netty/buffer/WrappedUnpooledUnsafeDirectByteBuf
18:07:48.756 [main] INFO org.evosuite.runtime.instrumentation.EvoClassLoader - Keeping class: io.netty.buffer.WrappedUnpooledUnsafeDirectByteBuf
18:07:48.757 [main] INFO org.evosuite.runtime.instrumentation.EvoClassLoader - Seeing class for first time: io.netty.buffer.ReadOnlyUnsafeDirectByteBuf
18:07:48.757 [main] INFO org.evosuite.runtime.instrumentation.EvoClassLoader - Instrumenting class 'io.netty.buffer.ReadOnlyUnsafeDirectByteBuf'.
18:07:48.757 [main] INFO org.evosuite.runtime.instrumentation.MethodCallReplacementClassAdapter - Adding mock interface to class io/netty/buffer/ReadOnlyUnsafeDirectByteBuf
18:07:48.758 [main] INFO org.evosuite.runtime.instrumentation.CreateClassResetClassAdapter - Creating brand-new static initializer in class io/netty/buffer/ReadOnlyUnsafeDirectByteBuf
18:07:48.758 [main] INFO org.evosuite.runtime.instrumentation.EvoClassLoader - Seeing class for first time: io.netty.buffer.ReadOnlyByteBufferBuf
18:07:48.758 [main] INFO org.evosuite.runtime.instrumentation.EvoClassLoader - Instrumenting class 'io.netty.buffer.ReadOnlyByteBufferBuf'.
18:07:48.759 [main] INFO org.evosuite.runtime.instrumentation.MethodCallReplacementClassAdapter - Adding mock interface to class io/netty/buffer/ReadOnlyByteBufferBuf
18:07:48.761 [main] INFO org.evosuite.runtime.instrumentation.CreateClassResetClassAdapter - Creating brand-new static initializer in class io/netty/buffer/ReadOnlyByteBufferBuf
18:07:48.761 [main] INFO org.evosuite.runtime.instrumentation.EvoClassLoader - Keeping class: io.netty.buffer.ReadOnlyByteBufferBuf
18:07:48.762 [main] INFO org.evosuite.runtime.instrumentation.EvoClassLoader - Keeping class: io.netty.buffer.ReadOnlyUnsafeDirectByteBuf
18:07:48.763 [main] INFO org.evosuite.runtime.instrumentation.EvoClassLoader - Seeing class for first time: net.jpountz.xxhash.XXHash32
18:07:48.763 [main] INFO org.evosuite.runtime.instrumentation.EvoClassLoader - Instrumenting class 'net.jpountz.xxhash.XXHash32'.
18:07:48.763 [main] INFO org.evosuite.runtime.instrumentation.MethodCallReplacementClassAdapter - Adding mock interface to class net/jpountz/xxhash/XXHash32
18:07:48.763 [main] INFO org.evosuite.runtime.instrumentation.CreateClassResetClassAdapter - Creating brand-new static initializer in class net/jpountz/xxhash/XXHash32
18:07:48.763 [main] INFO org.evosuite.runtime.instrumentation.EvoClassLoader - Keeping class: net.jpountz.xxhash.XXHash32
18:07:48.764 [main] INFO org.evosuite.runtime.instrumentation.EvoClassLoader - Seeing class for first time: net.jpountz.util.SafeUtils
18:07:48.764 [main] INFO org.evosuite.runtime.instrumentation.EvoClassLoader - Instrumenting class 'net.jpountz.util.SafeUtils'.
18:07:48.764 [main] INFO org.evosuite.runtime.instrumentation.MethodCallReplacementClassAdapter - Adding mock interface to class net/jpountz/util/SafeUtils
18:07:48.765 [main] INFO org.evosuite.runtime.instrumentation.CreateClassResetClassAdapter - Found static initializer in class net/jpountz/util/SafeUtils
18:07:48.765 [main] INFO org.evosuite.runtime.instrumentation.EvoClassLoader - Keeping class: net.jpountz.util.SafeUtils
18:07:48.766 [main] INFO org.evosuite.runtime.instrumentation.EvoClassLoader - Seeing class for first time: net.jpountz.xxhash.StreamingXXHash64JavaUnsafe$Factory
18:07:48.766 [main] INFO org.evosuite.runtime.instrumentation.EvoClassLoader - Instrumenting class 'net.jpountz.xxhash.StreamingXXHash64JavaUnsafe$Factory'.
18:07:48.766 [main] INFO org.evosuite.runtime.instrumentation.MethodCallReplacementClassAdapter - Adding mock interface to class net/jpountz/xxhash/StreamingXXHash64JavaUnsafe$Factory
18:07:48.766 [main] INFO org.evosuite.runtime.instrumentation.CreateClassResetClassAdapter - Found static initializer in class net/jpountz/xxhash/StreamingXXHash64JavaUnsafe$Factory
18:07:48.766 [main] INFO org.evosuite.runtime.instrumentation.EvoClassLoader - Keeping class: net.jpountz.xxhash.StreamingXXHash64JavaUnsafe$Factory
18:07:48.766 [main] INFO org.evosuite.runtime.instrumentation.EvoClassLoader - Seeing class for first time: net.jpountz.xxhash.StreamingXXHash64JavaUnsafe
18:07:48.766 [main] INFO org.evosuite.runtime.instrumentation.EvoClassLoader - Instrumenting class 'net.jpountz.xxhash.StreamingXXHash64JavaUnsafe'.
18:07:48.767 [main] INFO org.evosuite.runtime.instrumentation.MethodCallReplacementClassAdapter - Adding mock interface to class net/jpountz/xxhash/StreamingXXHash64JavaUnsafe
18:07:48.767 [main] INFO org.evosuite.runtime.instrumentation.CreateClassResetClassAdapter - Creating brand-new static initializer in class net/jpountz/xxhash/StreamingXXHash64JavaUnsafe
18:07:48.767 [main] INFO org.evosuite.runtime.instrumentation.EvoClassLoader - Keeping class: net.jpountz.xxhash.StreamingXXHash64JavaUnsafe
18:07:48.768 [main] INFO org.evosuite.runtime.instrumentation.EvoClassLoader - Seeing class for first time: io.netty.buffer.UnsafeHeapSwappedByteBuf
18:07:48.768 [main] INFO org.evosuite.runtime.instrumentation.EvoClassLoader - Instrumenting class 'io.netty.buffer.UnsafeHeapSwappedByteBuf'.
18:07:48.768 [main] INFO org.evosuite.runtime.instrumentation.MethodCallReplacementClassAdapter - Adding mock interface to class io/netty/buffer/UnsafeHeapSwappedByteBuf
18:07:48.769 [main] INFO org.evosuite.runtime.instrumentation.CreateClassResetClassAdapter - Creating brand-new static initializer in class io/netty/buffer/UnsafeHeapSwappedByteBuf
18:07:48.769 [main] INFO org.evosuite.runtime.instrumentation.EvoClassLoader - Keeping class: io.netty.buffer.UnsafeHeapSwappedByteBuf
18:07:48.770 [main] INFO org.evosuite.runtime.instrumentation.EvoClassLoader - Seeing class for first time: io.netty.util.ByteProcessor$IndexOfProcessor
18:07:48.770 [main] INFO org.evosuite.runtime.instrumentation.EvoClassLoader - Instrumenting class 'io.netty.util.ByteProcessor$IndexOfProcessor'.
18:07:48.771 [main] INFO org.evosuite.runtime.instrumentation.MethodCallReplacementClassAdapter - Adding mock interface to class io/netty/util/ByteProcessor$IndexOfProcessor
18:07:48.771 [main] INFO org.evosuite.runtime.instrumentation.CreateClassResetClassAdapter - Creating brand-new static initializer in class io/netty/util/ByteProcessor$IndexOfProcessor
18:07:48.771 [main] INFO org.evosuite.runtime.instrumentation.EvoClassLoader - Keeping class: io.netty.util.ByteProcessor$IndexOfProcessor
18:07:48.772 [main] INFO org.evosuite.runtime.instrumentation.EvoClassLoader - Seeing class for first time: io.netty.util.ByteProcessor$IndexNotOfProcessor
18:07:48.772 [main] INFO org.evosuite.runtime.instrumentation.EvoClassLoader - Instrumenting class 'io.netty.util.ByteProcessor$IndexNotOfProcessor'.
18:07:48.772 [main] INFO org.evosuite.runtime.instrumentation.MethodCallReplacementClassAdapter - Adding mock interface to class io/netty/util/ByteProcessor$IndexNotOfProcessor
18:07:48.773 [main] INFO org.evosuite.runtime.instrumentation.CreateClassResetClassAdapter - Creating brand-new static initializer in class io/netty/util/ByteProcessor$IndexNotOfProcessor
18:07:48.773 [main] INFO org.evosuite.runtime.instrumentation.EvoClassLoader - Keeping class: io.netty.util.ByteProcessor$IndexNotOfProcessor
18:07:48.773 [main] INFO org.evosuite.runtime.instrumentation.EvoClassLoader - Seeing class for first time: io.netty.util.ByteProcessor$1
18:07:48.773 [main] INFO org.evosuite.runtime.instrumentation.EvoClassLoader - Instrumenting class 'io.netty.util.ByteProcessor$1'.
18:07:48.774 [main] INFO org.evosuite.runtime.instrumentation.MethodCallReplacementClassAdapter - Adding mock interface to class io/netty/util/ByteProcessor$1
18:07:48.774 [main] INFO org.evosuite.runtime.instrumentation.EvoClassLoader - Keeping class: io.netty.util.ByteProcessor$1
18:07:48.774 [main] INFO org.evosuite.runtime.instrumentation.EvoClassLoader - Seeing class for first time: io.netty.util.ByteProcessor$2
18:07:48.774 [main] INFO org.evosuite.runtime.instrumentation.EvoClassLoader - Instrumenting class 'io.netty.util.ByteProcessor$2'.
18:07:48.775 [main] INFO org.evosuite.runtime.instrumentation.MethodCallReplacementClassAdapter - Adding mock interface to class io/netty/util/ByteProcessor$2
18:07:48.775 [main] INFO org.evosuite.runtime.instrumentation.EvoClassLoader - Keeping class: io.netty.util.ByteProcessor$2
18:07:48.775 [main] INFO org.evosuite.runtime.instrumentation.EvoClassLoader - Seeing class for first time: io.netty.util.ByteProcessor$3
18:07:48.775 [main] INFO org.evosuite.runtime.instrumentation.EvoClassLoader - Instrumenting class 'io.netty.util.ByteProcessor$3'.
18:07:48.775 [main] INFO org.evosuite.runtime.instrumentation.MethodCallReplacementClassAdapter - Adding mock interface to class io/netty/util/ByteProcessor$3
18:07:48.776 [main] INFO org.evosuite.runtime.instrumentation.EvoClassLoader - Keeping class: io.netty.util.ByteProcessor$3
18:07:48.776 [main] INFO org.evosuite.runtime.instrumentation.EvoClassLoader - Seeing class for first time: io.netty.util.ByteProcessor$4
18:07:48.776 [main] INFO org.evosuite.runtime.instrumentation.EvoClassLoader - Instrumenting class 'io.netty.util.ByteProcessor$4'.
18:07:48.776 [main] INFO org.evosuite.runtime.instrumentation.MethodCallReplacementClassAdapter - Adding mock interface to class io/netty/util/ByteProcessor$4
18:07:48.777 [main] INFO org.evosuite.runtime.instrumentation.EvoClassLoader - Keeping class: io.netty.util.ByteProcessor$4
18:07:48.778 [main] INFO org.evosuite.runtime.instrumentation.EvoClassLoader - Seeing class for first time: net.jpountz.util.UnsafeUtils
18:07:48.778 [main] INFO org.evosuite.runtime.instrumentation.EvoClassLoader - Instrumenting class 'net.jpountz.util.UnsafeUtils'.
18:07:48.779 [main] INFO org.evosuite.runtime.instrumentation.MethodCallReplacementClassAdapter - Adding mock interface to class net/jpountz/util/UnsafeUtils
18:07:48.780 [main] INFO org.evosuite.runtime.instrumentation.CreateClassResetClassAdapter - Found static initializer in class net/jpountz/util/UnsafeUtils
18:07:48.780 [main] INFO org.evosuite.runtime.instrumentation.EvoClassLoader - Keeping class: net.jpountz.util.UnsafeUtils
18:07:48.782 [main] INFO org.evosuite.runtime.instrumentation.EvoClassLoader - Seeing class for first time: io.netty.buffer.CompositeByteBuf$ByteWrapper
18:07:48.782 [main] INFO org.evosuite.runtime.instrumentation.EvoClassLoader - Instrumenting class 'io.netty.buffer.CompositeByteBuf$ByteWrapper'.
18:07:48.784 [main] INFO org.evosuite.runtime.instrumentation.EvoClassLoader - Keeping class: io.netty.buffer.CompositeByteBuf$ByteWrapper
18:07:48.789 [main] INFO org.evosuite.runtime.instrumentation.EvoClassLoader - Seeing class for first time: io.netty.buffer.CompositeByteBuf$1
18:07:48.790 [main] INFO org.evosuite.runtime.instrumentation.EvoClassLoader - Instrumenting class 'io.netty.buffer.CompositeByteBuf$1'.
18:07:48.790 [main] INFO org.evosuite.runtime.instrumentation.MethodCallReplacementClassAdapter - Adding mock interface to class io/netty/buffer/CompositeByteBuf$1
18:07:48.791 [main] INFO org.evosuite.runtime.instrumentation.EvoClassLoader - Keeping class: io.netty.buffer.CompositeByteBuf$1
18:07:48.791 [main] INFO org.evosuite.runtime.instrumentation.EvoClassLoader - Seeing class for first time: io.netty.buffer.CompositeByteBuf$2
18:07:48.791 [main] INFO org.evosuite.runtime.instrumentation.EvoClassLoader - Instrumenting class 'io.netty.buffer.CompositeByteBuf$2'.
18:07:48.792 [main] INFO org.evosuite.runtime.instrumentation.MethodCallReplacementClassAdapter - Adding mock interface to class io/netty/buffer/CompositeByteBuf$2
18:07:48.792 [main] INFO org.evosuite.runtime.instrumentation.EvoClassLoader - Keeping class: io.netty.buffer.CompositeByteBuf$2
18:07:48.793 [main] INFO org.evosuite.runtime.instrumentation.EvoClassLoader - Seeing class for first time: io.netty.buffer.ByteBufUtil
18:07:48.793 [main] INFO org.evosuite.runtime.instrumentation.EvoClassLoader - Instrumenting class 'io.netty.buffer.ByteBufUtil'.
18:07:48.794 [main] INFO org.evosuite.runtime.instrumentation.MethodCallReplacementClassAdapter - Adding mock interface to class io/netty/buffer/ByteBufUtil
18:07:48.797 [main] INFO org.evosuite.runtime.instrumentation.CreateClassResetClassAdapter - Found static initializer in class io/netty/buffer/ByteBufUtil
18:07:48.861 [main] INFO org.evosuite.runtime.instrumentation.EvoClassLoader - Keeping class: io.netty.buffer.ByteBufUtil
18:07:48.862 [main] INFO org.evosuite.runtime.instrumentation.EvoClassLoader - Seeing class for first time: io.netty.buffer.ByteBufUtil$1
18:07:48.862 [main] INFO org.evosuite.runtime.instrumentation.EvoClassLoader - Instrumenting class 'io.netty.buffer.ByteBufUtil$1'.
18:07:48.862 [main] INFO org.evosuite.runtime.instrumentation.MethodCallReplacementClassAdapter - Adding mock interface to class io/netty/buffer/ByteBufUtil$1
18:07:48.863 [main] INFO org.evosuite.runtime.instrumentation.EvoClassLoader - Keeping class: io.netty.buffer.ByteBufUtil$1
18:07:48.864 [main] INFO org.evosuite.runtime.instrumentation.EvoClassLoader - Seeing class for first time: io.netty.buffer.ByteBufUtil$ThreadLocalUnsafeDirectByteBuf
18:07:48.864 [main] INFO org.evosuite.runtime.instrumentation.EvoClassLoader - Instrumenting class 'io.netty.buffer.ByteBufUtil$ThreadLocalUnsafeDirectByteBuf'.
18:07:48.865 [main] INFO org.evosuite.runtime.instrumentation.MethodCallReplacementClassAdapter - Adding mock interface to class io/netty/buffer/ByteBufUtil$ThreadLocalUnsafeDirectByteBuf
18:07:48.865 [main] INFO org.evosuite.runtime.instrumentation.CreateClassResetClassAdapter - Found static initializer in class io/netty/buffer/ByteBufUtil$ThreadLocalUnsafeDirectByteBuf
18:07:48.865 [main] INFO org.evosuite.runtime.instrumentation.EvoClassLoader - Keeping class: io.netty.buffer.ByteBufUtil$ThreadLocalUnsafeDirectByteBuf
18:07:48.866 [main] INFO org.evosuite.runtime.instrumentation.EvoClassLoader - Seeing class for first time: io.netty.buffer.ByteBufUtil$ThreadLocalDirectByteBuf
18:07:48.866 [main] INFO org.evosuite.runtime.instrumentation.EvoClassLoader - Instrumenting class 'io.netty.buffer.ByteBufUtil$ThreadLocalDirectByteBuf'.
18:07:48.866 [main] INFO org.evosuite.runtime.instrumentation.MethodCallReplacementClassAdapter - Adding mock interface to class io/netty/buffer/ByteBufUtil$ThreadLocalDirectByteBuf
18:07:48.866 [main] INFO org.evosuite.runtime.instrumentation.CreateClassResetClassAdapter - Found static initializer in class io/netty/buffer/ByteBufUtil$ThreadLocalDirectByteBuf
18:07:48.867 [main] INFO org.evosuite.runtime.instrumentation.EvoClassLoader - Keeping class: io.netty.buffer.ByteBufUtil$ThreadLocalDirectByteBuf
18:07:48.867 [main] INFO org.evosuite.runtime.instrumentation.EvoClassLoader - Seeing class for first time: io.netty.util.CharsetUtil
18:07:48.867 [main] INFO org.evosuite.runtime.instrumentation.EvoClassLoader - Instrumenting class 'io.netty.util.CharsetUtil'.
18:07:48.868 [main] INFO org.evosuite.runtime.instrumentation.MethodCallReplacementClassAdapter - Adding mock interface to class io/netty/util/CharsetUtil
18:07:48.868 [main] INFO org.evosuite.runtime.instrumentation.CreateClassResetClassAdapter - Found static initializer in class io/netty/util/CharsetUtil
18:07:48.869 [main] INFO org.evosuite.runtime.instrumentation.EvoClassLoader - Keeping class: io.netty.util.CharsetUtil
18:07:48.870 [main] INFO org.evosuite.runtime.instrumentation.EvoClassLoader - Seeing class for first time: io.netty.util.concurrent.FastThreadLocalThread
18:07:48.870 [main] INFO org.evosuite.runtime.instrumentation.EvoClassLoader - Instrumenting class 'io.netty.util.concurrent.FastThreadLocalThread'.
18:07:48.870 [main] INFO org.evosuite.runtime.instrumentation.MethodCallReplacementClassAdapter - Adding mock interface to class io/netty/util/concurrent/FastThreadLocalThread
18:07:48.872 [main] INFO org.evosuite.runtime.instrumentation.CreateClassResetClassAdapter - Found static initializer in class io/netty/util/concurrent/FastThreadLocalThread
18:07:48.872 [main] INFO org.evosuite.runtime.instrumentation.EvoClassLoader - Keeping class: io.netty.util.concurrent.FastThreadLocalThread
18:07:48.872 [main] DEBUG io.netty.buffer.ByteBufUtil - -Dio.netty.allocator.type: pooled
18:07:48.872 [main] DEBUG io.netty.buffer.ByteBufUtil - -Dio.netty.threadLocalDirectBufferSize: 0
18:07:48.872 [main] DEBUG io.netty.buffer.ByteBufUtil - -Dio.netty.maxThreadLocalCharBufferSize: 16384
18:07:48.872 [main] INFO org.evosuite.runtime.instrumentation.EvoClassLoader - Seeing class for first time: io.netty.buffer.ByteBufUtil$2
18:07:48.872 [main] INFO org.evosuite.runtime.instrumentation.EvoClassLoader - Instrumenting class 'io.netty.buffer.ByteBufUtil$2'.
18:07:48.873 [main] INFO org.evosuite.runtime.instrumentation.MethodCallReplacementClassAdapter - Adding mock interface to class io/netty/buffer/ByteBufUtil$2
18:07:48.873 [main] INFO org.evosuite.runtime.instrumentation.EvoClassLoader - Keeping class: io.netty.buffer.ByteBufUtil$2
18:07:48.875 [main] INFO org.evosuite.runtime.instrumentation.EvoClassLoader - Seeing class for first time: net.jpountz.xxhash.XXHash32JavaUnsafe
18:07:48.875 [main] INFO org.evosuite.runtime.instrumentation.EvoClassLoader - Instrumenting class 'net.jpountz.xxhash.XXHash32JavaUnsafe'.
18:07:48.876 [main] INFO org.evosuite.runtime.instrumentation.MethodCallReplacementClassAdapter - Adding mock interface to class net/jpountz/xxhash/XXHash32JavaUnsafe
18:07:48.877 [main] INFO org.evosuite.runtime.instrumentation.CreateClassResetClassAdapter - Found static initializer in class net/jpountz/xxhash/XXHash32JavaUnsafe
18:07:48.877 [main] INFO org.evosuite.runtime.instrumentation.EvoClassLoader - Keeping class: net.jpountz.xxhash.XXHash32JavaUnsafe
18:07:48.878 [main] INFO org.evosuite.runtime.instrumentation.EvoClassLoader - Seeing class for first time: net.jpountz.xxhash.XXHash64JavaUnsafe
18:07:48.878 [main] INFO org.evosuite.runtime.instrumentation.EvoClassLoader - Instrumenting class 'net.jpountz.xxhash.XXHash64JavaUnsafe'.
18:07:48.880 [main] INFO org.evosuite.runtime.instrumentation.MethodCallReplacementClassAdapter - Adding mock interface to class net/jpountz/xxhash/XXHash64JavaUnsafe
18:07:48.880 [main] INFO org.evosuite.runtime.instrumentation.CreateClassResetClassAdapter - Found static initializer in class net/jpountz/xxhash/XXHash64JavaUnsafe
18:07:48.881 [main] INFO org.evosuite.runtime.instrumentation.EvoClassLoader - Seeing class for first time: net.jpountz.xxhash.XXHash64
18:07:48.881 [main] INFO org.evosuite.runtime.instrumentation.EvoClassLoader - Instrumenting class 'net.jpountz.xxhash.XXHash64'.
18:07:48.881 [main] INFO org.evosuite.runtime.instrumentation.MethodCallReplacementClassAdapter - Adding mock interface to class net/jpountz/xxhash/XXHash64
18:07:48.882 [main] INFO org.evosuite.runtime.instrumentation.CreateClassResetClassAdapter - Creating brand-new static initializer in class net/jpountz/xxhash/XXHash64
18:07:48.882 [main] INFO org.evosuite.runtime.instrumentation.EvoClassLoader - Keeping class: net.jpountz.xxhash.XXHash64
18:07:48.882 [main] INFO org.evosuite.runtime.instrumentation.EvoClassLoader - Keeping class: net.jpountz.xxhash.XXHash64JavaUnsafe
18:07:48.884 [main] INFO org.evosuite.runtime.instrumentation.EvoClassLoader - Seeing class for first time: io.netty.buffer.PooledDuplicatedByteBuf$1
18:07:48.884 [main] INFO org.evosuite.runtime.instrumentation.EvoClassLoader - Instrumenting class 'io.netty.buffer.PooledDuplicatedByteBuf$1'.
18:07:48.884 [main] INFO org.evosuite.runtime.instrumentation.MethodCallReplacementClassAdapter - Adding mock interface to class io/netty/buffer/PooledDuplicatedByteBuf$1
18:07:48.885 [main] INFO org.evosuite.runtime.instrumentation.EvoClassLoader - Keeping class: io.netty.buffer.PooledDuplicatedByteBuf$1
18:07:48.887 [main] INFO org.evosuite.runtime.instrumentation.EvoClassLoader - Seeing class for first time: io.netty.buffer.AbstractByteBufAllocator$1
18:07:48.887 [main] INFO org.evosuite.runtime.instrumentation.EvoClassLoader - Instrumenting class 'io.netty.buffer.AbstractByteBufAllocator$1'.
18:07:48.887 [main] INFO org.evosuite.runtime.instrumentation.MethodCallReplacementClassAdapter - Adding mock interface to class io/netty/buffer/AbstractByteBufAllocator$1
18:07:48.888 [main] INFO org.evosuite.runtime.instrumentation.EvoClassLoader - Keeping class: io.netty.buffer.AbstractByteBufAllocator$1
18:07:48.889 [main] INFO org.evosuite.runtime.instrumentation.EvoClassLoader - Seeing class for first time: io.netty.buffer.PooledUnsafeDirectByteBuf$1
18:07:48.889 [main] INFO org.evosuite.runtime.instrumentation.EvoClassLoader - Instrumenting class 'io.netty.buffer.PooledUnsafeDirectByteBuf$1'.
18:07:48.890 [main] INFO org.evosuite.runtime.instrumentation.MethodCallReplacementClassAdapter - Adding mock interface to class io/netty/buffer/PooledUnsafeDirectByteBuf$1
18:07:48.890 [main] INFO org.evosuite.runtime.instrumentation.EvoClassLoader - Keeping class: io.netty.buffer.PooledUnsafeDirectByteBuf$1
18:07:48.892 [main] INFO org.evosuite.runtime.instrumentation.EvoClassLoader - Seeing class for first time: net.jpountz.xxhash.XXHashFactory
18:07:48.892 [main] INFO org.evosuite.runtime.instrumentation.EvoClassLoader - Instrumenting class 'net.jpountz.xxhash.XXHashFactory'.
18:07:48.893 [main] INFO org.evosuite.runtime.instrumentation.MethodCallReplacementClassAdapter - Adding mock interface to class net/jpountz/xxhash/XXHashFactory
18:07:48.894 [main] INFO org.evosuite.runtime.instrumentation.CreateClassResetClassAdapter - Creating brand-new static initializer in class net/jpountz/xxhash/XXHashFactory
18:07:48.894 [main] INFO org.evosuite.runtime.instrumentation.CreateClassResetClassAdapter - Adding bytecode for initializing field NATIVE_INSTANCE
18:07:48.894 [main] INFO org.evosuite.runtime.instrumentation.CreateClassResetClassAdapter - Adding bytecode for initializing field JAVA_UNSAFE_INSTANCE
18:07:48.894 [main] INFO org.evosuite.runtime.instrumentation.CreateClassResetClassAdapter - Adding bytecode for initializing field JAVA_SAFE_INSTANCE
18:07:48.895 [main] INFO org.evosuite.runtime.instrumentation.EvoClassLoader - Keeping class: net.jpountz.xxhash.XXHashFactory
18:07:48.896 [main] INFO org.evosuite.runtime.instrumentation.EvoClassLoader - Seeing class for first time: io.netty.handler.codec.compression.Lz4XXHash32
18:07:48.896 [main] INFO org.evosuite.runtime.instrumentation.EvoClassLoader - Instrumenting class 'io.netty.handler.codec.compression.Lz4XXHash32'.
18:07:48.896 [main] INFO org.evosuite.runtime.instrumentation.MethodCallReplacementClassAdapter - Adding mock interface to class io/netty/handler/codec/compression/Lz4XXHash32
18:07:48.898 [main] INFO org.evosuite.runtime.instrumentation.CreateClassResetClassAdapter - Found static initializer in class io/netty/handler/codec/compression/Lz4XXHash32
18:07:48.898 [main] INFO org.evosuite.runtime.instrumentation.EvoClassLoader - Keeping class: io.netty.handler.codec.compression.Lz4XXHash32
18:07:48.900 [main] INFO org.evosuite.runtime.instrumentation.EvoClassLoader - Seeing class for first time: net.jpountz.util.Native$OS
18:07:48.900 [main] INFO org.evosuite.runtime.instrumentation.EvoClassLoader - Instrumenting class 'net.jpountz.util.Native$OS'.
18:07:48.901 [main] INFO org.evosuite.runtime.instrumentation.MethodCallReplacementClassAdapter - Adding mock interface to class net/jpountz/util/Native$OS
18:07:48.901 [main] INFO org.evosuite.runtime.instrumentation.CreateClassResetClassAdapter - Found static initializer in class net/jpountz/util/Native$OS
18:07:48.901 [main] INFO org.evosuite.runtime.instrumentation.EvoClassLoader - Keeping class: net.jpountz.util.Native$OS
18:07:48.903 [main] INFO org.evosuite.runtime.instrumentation.EvoClassLoader - Seeing class for first time: io.netty.util.internal.shaded.org.jctools.queues.MessagePassingQueue$Consumer
18:07:48.903 [main] INFO org.evosuite.runtime.instrumentation.EvoClassLoader - Instrumenting class 'io.netty.util.internal.shaded.org.jctools.queues.MessagePassingQueue$Consumer'.
18:07:48.904 [main] INFO org.evosuite.runtime.instrumentation.EvoClassLoader - Keeping class: io.netty.util.internal.shaded.org.jctools.queues.MessagePassingQueue$Consumer
18:07:48.904 [main] INFO org.evosuite.runtime.instrumentation.EvoClassLoader - Seeing class for first time: io.netty.util.internal.shaded.org.jctools.queues.MessagePassingQueue$WaitStrategy
18:07:48.904 [main] INFO org.evosuite.runtime.instrumentation.EvoClassLoader - Instrumenting class 'io.netty.util.internal.shaded.org.jctools.queues.MessagePassingQueue$WaitStrategy'.
18:07:48.905 [main] INFO org.evosuite.runtime.instrumentation.EvoClassLoader - Keeping class: io.netty.util.internal.shaded.org.jctools.queues.MessagePassingQueue$WaitStrategy
18:07:48.905 [main] INFO org.evosuite.runtime.instrumentation.EvoClassLoader - Seeing class for first time: io.netty.util.internal.shaded.org.jctools.queues.MessagePassingQueue$ExitCondition
18:07:48.905 [main] INFO org.evosuite.runtime.instrumentation.EvoClassLoader - Instrumenting class 'io.netty.util.internal.shaded.org.jctools.queues.MessagePassingQueue$ExitCondition'.
18:07:48.906 [main] INFO org.evosuite.runtime.instrumentation.EvoClassLoader - Keeping class: io.netty.util.internal.shaded.org.jctools.queues.MessagePassingQueue$ExitCondition
18:07:48.906 [main] INFO org.evosuite.runtime.instrumentation.EvoClassLoader - Seeing class for first time: io.netty.util.internal.shaded.org.jctools.queues.MessagePassingQueue$Supplier
18:07:48.906 [main] INFO org.evosuite.runtime.instrumentation.EvoClassLoader - Instrumenting class 'io.netty.util.internal.shaded.org.jctools.queues.MessagePassingQueue$Supplier'.
18:07:48.908 [main] INFO org.evosuite.runtime.instrumentation.EvoClassLoader - Keeping class: io.netty.util.internal.shaded.org.jctools.queues.MessagePassingQueue$Supplier
18:07:48.909 [main] INFO org.evosuite.runtime.instrumentation.EvoClassLoader - Seeing class for first time: io.netty.util.internal.logging.InternalLogLevel
18:07:48.909 [main] INFO org.evosuite.runtime.instrumentation.EvoClassLoader - Instrumenting class 'io.netty.util.internal.logging.InternalLogLevel'.
18:07:48.909 [main] INFO org.evosuite.runtime.instrumentation.MethodCallReplacementClassAdapter - Adding mock interface to class io/netty/util/internal/logging/InternalLogLevel
18:07:48.910 [main] INFO org.evosuite.runtime.instrumentation.CreateClassResetClassAdapter - Found static initializer in class io/netty/util/internal/logging/InternalLogLevel
18:07:48.910 [main] INFO org.evosuite.runtime.instrumentation.EvoClassLoader - Keeping class: io.netty.util.internal.logging.InternalLogLevel
18:07:48.912 [main] INFO org.evosuite.runtime.instrumentation.EvoClassLoader - Seeing class for first time: io.netty.buffer.FixedCompositeByteBuf$Component
18:07:48.912 [main] INFO org.evosuite.runtime.instrumentation.EvoClassLoader - Instrumenting class 'io.netty.buffer.FixedCompositeByteBuf$Component'.
18:07:48.913 [main] INFO org.evosuite.runtime.instrumentation.MethodCallReplacementClassAdapter - Adding mock interface to class io/netty/buffer/FixedCompositeByteBuf$Component
18:07:48.913 [main] INFO org.evosuite.runtime.instrumentation.CreateClassResetClassAdapter - Creating brand-new static initializer in class io/netty/buffer/FixedCompositeByteBuf$Component
18:07:48.913 [main] INFO org.evosuite.runtime.instrumentation.EvoClassLoader - Keeping class: io.netty.buffer.FixedCompositeByteBuf$Component
18:07:48.913 [main] INFO org.evosuite.runtime.instrumentation.EvoClassLoader - Seeing class for first time: io.netty.buffer.PoolChunk
18:07:48.913 [main] INFO org.evosuite.runtime.instrumentation.EvoClassLoader - Instrumenting class 'io.netty.buffer.PoolChunk'.
18:07:48.914 [main] INFO org.evosuite.runtime.instrumentation.MethodCallReplacementClassAdapter - Adding mock interface to class io/netty/buffer/PoolChunk
18:07:48.915 [main] INFO org.evosuite.runtime.instrumentation.CreateClassResetClassAdapter - Found static initializer in class io/netty/buffer/PoolChunk
18:07:48.916 [main] INFO org.evosuite.runtime.instrumentation.EvoClassLoader - Seeing class for first time: io.netty.buffer.PoolChunkMetric
18:07:48.916 [main] INFO org.evosuite.runtime.instrumentation.EvoClassLoader - Instrumenting class 'io.netty.buffer.PoolChunkMetric'.
18:07:48.916 [main] INFO org.evosuite.runtime.instrumentation.EvoClassLoader - Keeping class: io.netty.buffer.PoolChunkMetric
18:07:48.917 [main] INFO org.evosuite.runtime.instrumentation.EvoClassLoader - Keeping class: io.netty.buffer.PoolChunk
18:07:48.919 [main] INFO org.evosuite.runtime.instrumentation.EvoClassLoader - Seeing class for first time: io.netty.buffer.PoolArena$SizeClass
18:07:48.919 [main] INFO org.evosuite.runtime.instrumentation.EvoClassLoader - Instrumenting class 'io.netty.buffer.PoolArena$SizeClass'.
18:07:48.920 [main] INFO org.evosuite.runtime.instrumentation.MethodCallReplacementClassAdapter - Adding mock interface to class io/netty/buffer/PoolArena$SizeClass
18:07:48.920 [main] INFO org.evosuite.runtime.instrumentation.CreateClassResetClassAdapter - Found static initializer in class io/netty/buffer/PoolArena$SizeClass
18:07:48.920 [main] INFO org.evosuite.runtime.instrumentation.EvoClassLoader - Keeping class: io.netty.buffer.PoolArena$SizeClass
18:07:48.921 [main] INFO org.evosuite.runtime.instrumentation.EvoClassLoader - Seeing class for first time: io.netty.util.ResourceLeakDetector$LeakListener
18:07:48.921 [main] INFO org.evosuite.runtime.instrumentation.EvoClassLoader - Instrumenting class 'io.netty.util.ResourceLeakDetector$LeakListener'.
18:07:48.921 [main] INFO org.evosuite.runtime.instrumentation.EvoClassLoader - Keeping class: io.netty.util.ResourceLeakDetector$LeakListener
18:07:48.922 [main] INFO org.evosuite.runtime.instrumentation.EvoClassLoader - Seeing class for first time: io.netty.buffer.PoolThreadCache$MemoryRegionCache
18:07:48.922 [main] INFO org.evosuite.runtime.instrumentation.EvoClassLoader - Instrumenting class 'io.netty.buffer.PoolThreadCache$MemoryRegionCache'.
18:07:48.923 [main] INFO org.evosuite.runtime.instrumentation.MethodCallReplacementClassAdapter - Adding mock interface to class io/netty/buffer/PoolThreadCache$MemoryRegionCache
18:07:48.923 [main] INFO org.evosuite.runtime.instrumentation.CreateClassResetClassAdapter - Found static initializer in class io/netty/buffer/PoolThreadCache$MemoryRegionCache
18:07:48.924 [main] INFO org.evosuite.runtime.instrumentation.EvoClassLoader - Keeping class: io.netty.buffer.PoolThreadCache$MemoryRegionCache
18:07:48.924 [main] INFO org.evosuite.runtime.instrumentation.EvoClassLoader - Seeing class for first time: io.netty.util.internal.ThreadLocalRandom
18:07:48.924 [main] INFO org.evosuite.runtime.instrumentation.EvoClassLoader - Instrumenting class 'io.netty.util.internal.ThreadLocalRandom'.
18:07:48.925 [main] INFO org.evosuite.runtime.instrumentation.MethodCallReplacementClassAdapter - Adding mock interface to class io/netty/util/internal/ThreadLocalRandom
18:07:48.927 [main] INFO org.evosuite.runtime.instrumentation.CreateClassResetClassAdapter - Found static initializer in class io/netty/util/internal/ThreadLocalRandom
18:07:48.928 [main] INFO org.evosuite.runtime.instrumentation.EvoClassLoader - Keeping class: io.netty.util.internal.ThreadLocalRandom
18:07:48.928 [main] INFO org.evosuite.runtime.instrumentation.EvoClassLoader - Seeing class for first time: io.netty.util.internal.IntegerHolder
18:07:48.928 [main] INFO org.evosuite.runtime.instrumentation.EvoClassLoader - Instrumenting class 'io.netty.util.internal.IntegerHolder'.
18:07:48.928 [main] INFO org.evosuite.runtime.instrumentation.MethodCallReplacementClassAdapter - Adding mock interface to class io/netty/util/internal/IntegerHolder
18:07:48.929 [main] INFO org.evosuite.runtime.instrumentation.CreateClassResetClassAdapter - Creating brand-new static initializer in class io/netty/util/internal/IntegerHolder
18:07:48.929 [main] INFO org.evosuite.runtime.instrumentation.EvoClassLoader - Keeping class: io.netty.util.internal.IntegerHolder
18:07:48.943 [main] DEBUG io.netty.util.internal.logging.InternalLoggerFactory - Using SLF4J as the default logging framework
18:07:48.944 [main] DEBUG io.netty.util.internal.PlatformDependent0 - -Dio.netty.noUnsafe: false
18:07:48.944 [main] DEBUG io.netty.util.internal.PlatformDependent0 - Java version: 8
18:07:48.944 [main] DEBUG io.netty.util.internal.PlatformDependent0 - sun.misc.Unsafe.theUnsafe: available
18:07:48.944 [main] DEBUG io.netty.util.internal.PlatformDependent0 - sun.misc.Unsafe.copyMemory: available
18:07:48.944 [main] DEBUG io.netty.util.internal.PlatformDependent0 - sun.misc.Unsafe.storeFence: available
18:07:48.944 [main] DEBUG io.netty.util.internal.PlatformDependent0 - java.nio.Buffer.address: available
18:07:48.944 [main] DEBUG io.netty.util.internal.PlatformDependent0 - direct buffer constructor: available
18:07:48.944 [main] DEBUG io.netty.util.internal.PlatformDependent0 - java.nio.Bits.unaligned: available, true
18:07:48.944 [main] DEBUG io.netty.util.internal.PlatformDependent0 - jdk.internal.misc.Unsafe.allocateUninitializedArray(int): unavailable prior to Java9
18:07:48.944 [main] DEBUG io.netty.util.internal.PlatformDependent0 - java.nio.DirectByteBuffer.<init>(long, {int,long}): available
18:07:48.945 [main] DEBUG io.netty.util.internal.CleanerJava6 - java.nio.ByteBuffer.cleaner(): available
18:07:48.945 [main] DEBUG io.netty.util.internal.PlatformDependent - sun.misc.Unsafe: available
18:07:48.945 [main] DEBUG io.netty.util.internal.PlatformDependent - -Dio.netty.tmpdir: /tmp (java.io.tmpdir)
18:07:48.945 [main] DEBUG io.netty.util.internal.PlatformDependent - -Dio.netty.bitMode: 64 (sun.arch.data.model)
18:07:48.946 [main] DEBUG io.netty.util.internal.PlatformDependent - -Dio.netty.maxDirectMemory: 11420041216 bytes
18:07:48.946 [main] DEBUG io.netty.util.internal.PlatformDependent - -Dio.netty.uninitializedArrayAllocationThreshold: -1
18:07:48.946 [main] DEBUG io.netty.util.internal.PlatformDependent - -Dio.netty.noPreferDirect: false
18:07:48.946 [main] INFO org.evosuite.runtime.instrumentation.EvoClassLoader - Seeing class for first time: io.netty.util.internal.logging.Log4J2LoggerFactory
18:07:48.946 [main] INFO org.evosuite.runtime.instrumentation.EvoClassLoader - Instrumenting class 'io.netty.util.internal.logging.Log4J2LoggerFactory'.
18:07:48.947 [main] INFO org.evosuite.runtime.instrumentation.MethodCallReplacementClassAdapter - Adding mock interface to class io/netty/util/internal/logging/Log4J2LoggerFactory
18:07:48.947 [main] INFO org.evosuite.runtime.instrumentation.CreateClassResetClassAdapter - Found static initializer in class io/netty/util/internal/logging/Log4J2LoggerFactory
18:07:48.948 [main] INFO org.evosuite.runtime.instrumentation.EvoClassLoader - Keeping class: io.netty.util.internal.logging.Log4J2LoggerFactory
18:07:48.948 [main] INFO org.evosuite.runtime.instrumentation.EvoClassLoader - Seeing class for first time: io.netty.util.internal.logging.Log4JLoggerFactory
18:07:48.948 [main] INFO org.evosuite.runtime.instrumentation.EvoClassLoader - Instrumenting class 'io.netty.util.internal.logging.Log4JLoggerFactory'.
18:07:48.949 [main] INFO org.evosuite.runtime.instrumentation.MethodCallReplacementClassAdapter - Adding mock interface to class io/netty/util/internal/logging/Log4JLoggerFactory
18:07:48.949 [main] INFO org.evosuite.runtime.instrumentation.CreateClassResetClassAdapter - Found static initializer in class io/netty/util/internal/logging/Log4JLoggerFactory
18:07:48.949 [main] INFO org.evosuite.runtime.instrumentation.EvoClassLoader - Keeping class: io.netty.util.internal.logging.Log4JLoggerFactory
18:07:48.949 [main] INFO org.evosuite.runtime.instrumentation.EvoClassLoader - Seeing class for first time: io.netty.util.internal.logging.JdkLoggerFactory
18:07:48.949 [main] INFO org.evosuite.runtime.instrumentation.EvoClassLoader - Instrumenting class 'io.netty.util.internal.logging.JdkLoggerFactory'.
18:07:48.950 [main] INFO org.evosuite.runtime.instrumentation.MethodCallReplacementClassAdapter - Adding mock interface to class io/netty/util/internal/logging/JdkLoggerFactory
18:07:48.950 [main] INFO org.evosuite.runtime.instrumentation.CreateClassResetClassAdapter - Found static initializer in class io/netty/util/internal/logging/JdkLoggerFactory
18:07:48.950 [main] INFO org.evosuite.runtime.instrumentation.EvoClassLoader - Keeping class: io.netty.util.internal.logging.JdkLoggerFactory
18:07:48.950 [main] INFO org.evosuite.runtime.instrumentation.EvoClassLoader - Seeing class for first time: io.netty.util.internal.CleanerJava9$1
18:07:48.950 [main] INFO org.evosuite.runtime.instrumentation.EvoClassLoader - Instrumenting class 'io.netty.util.internal.CleanerJava9$1'.
18:07:48.951 [main] INFO org.evosuite.runtime.instrumentation.MethodCallReplacementClassAdapter - Adding mock interface to class io/netty/util/internal/CleanerJava9$1
18:07:48.951 [main] INFO org.evosuite.runtime.instrumentation.EvoClassLoader - Keeping class: io.netty.util.internal.CleanerJava9$1
18:07:48.952 [main] INFO org.evosuite.runtime.instrumentation.EvoClassLoader - Seeing class for first time: io.netty.util.internal.CleanerJava9
18:07:48.952 [main] INFO org.evosuite.runtime.instrumentation.EvoClassLoader - Instrumenting class 'io.netty.util.internal.CleanerJava9'.
18:07:48.952 [main] INFO org.evosuite.runtime.instrumentation.MethodCallReplacementClassAdapter - Adding mock interface to class io/netty/util/internal/CleanerJava9
18:07:48.952 [main] INFO org.evosuite.runtime.instrumentation.CreateClassResetClassAdapter - Found static initializer in class io/netty/util/internal/CleanerJava9
18:07:48.953 [main] INFO org.evosuite.runtime.instrumentation.EvoClassLoader - Keeping class: io.netty.util.internal.CleanerJava9
18:07:48.953 [main] DEBUG io.netty.util.internal.CleanerJava9 - java.nio.ByteBuffer.cleaner(): unavailable
java.lang.NoSuchMethodException: sun.misc.Unsafe.invokeCleaner(java.nio.ByteBuffer)
	at java.lang.Class.getDeclaredMethod(Class.java:2130)
	at io.netty.util.internal.CleanerJava9$1.run(CleanerJava9.java:45)
	at java.security.AccessController.doPrivileged(Native Method)
	at io.netty.util.internal.CleanerJava9.<clinit>(CleanerJava9.java)
	at sun.reflect.NativeMethodAccessorImpl.invoke0(Native Method)
	at sun.reflect.NativeMethodAccessorImpl.invoke(NativeMethodAccessorImpl.java:62)
	at sun.reflect.DelegatingMethodAccessorImpl.invoke(DelegatingMethodAccessorImpl.java:43)
	at java.lang.reflect.Method.invoke(Method.java:498)
	at org.evosuite.runtime.classhandling.ClassResetter.reset(ClassResetter.java:159)
	at org.evosuite.runtime.classhandling.ClassStateSupport.resetClasses(ClassStateSupport.java:137)
	at io.netty.handler.codec.compression.ByteBufChecksum_ESTest_scaffolding.resetClasses(ByteBufChecksum_ESTest_scaffolding.java:278)
	at io.netty.handler.codec.compression.ByteBufChecksum_ESTest_scaffolding.doneWithTestCase(ByteBufChecksum_ESTest_scaffolding.java:66)
	at sun.reflect.NativeMethodAccessorImpl.invoke0(Native Method)
	at sun.reflect.NativeMethodAccessorImpl.invoke(NativeMethodAccessorImpl.java:62)
	at sun.reflect.DelegatingMethodAccessorImpl.invoke(DelegatingMethodAccessorImpl.java:43)
	at java.lang.reflect.Method.invoke(Method.java:498)
	at org.junit.runners.model.FrameworkMethod$1.runReflectiveCall(FrameworkMethod.java:59)
	at org.junit.internal.runners.model.ReflectiveCallable.run(ReflectiveCallable.java:12)
	at org.junit.runners.model.FrameworkMethod.invokeExplosively(FrameworkMethod.java:56)
	at org.junit.internal.runners.statements.RunAfters.invokeMethod(RunAfters.java:46)
	at org.junit.internal.runners.statements.RunAfters.evaluate(RunAfters.java:33)
	at org.evosuite.runtime.vnet.NonFunctionalRequirementRule$1.evaluate(NonFunctionalRequirementRule.java:41)
	at org.junit.runners.ParentRunner$3.evaluate(ParentRunner.java:306)
	at org.junit.runners.BlockJUnit4ClassRunner$1.evaluate(BlockJUnit4ClassRunner.java:100)
	at org.junit.runners.ParentRunner.runLeaf(ParentRunner.java:366)
	at org.junit.runners.BlockJUnit4ClassRunner.runChild(BlockJUnit4ClassRunner.java:103)
	at org.junit.runners.BlockJUnit4ClassRunner.runChild(BlockJUnit4ClassRunner.java:63)
	at org.junit.runners.ParentRunner$4.run(ParentRunner.java:331)
	at org.junit.runners.ParentRunner$1.schedule(ParentRunner.java:79)
	at org.junit.runners.ParentRunner.runChildren(ParentRunner.java:329)
	at org.junit.runners.ParentRunner.access$100(ParentRunner.java:66)
	at org.junit.runners.ParentRunner$2.evaluate(ParentRunner.java:293)
	at org.junit.internal.runners.statements.RunBefores.evaluate(RunBefores.java:26)
	at org.junit.internal.runners.statements.RunAfters.evaluate(RunAfters.java:27)
	at org.junit.runners.ParentRunner$3.evaluate(ParentRunner.java:306)
	at org.junit.runners.ParentRunner.run(ParentRunner.java:413)
	at org.apache.maven.surefire.junit4.JUnit4Provider.execute(JUnit4Provider.java:316)
	at org.apache.maven.surefire.junit4.JUnit4Provider.executeWithRerun(JUnit4Provider.java:240)
	at org.apache.maven.surefire.junit4.JUnit4Provider.executeTestSet(JUnit4Provider.java:214)
	at org.apache.maven.surefire.junit4.JUnit4Provider.invoke(JUnit4Provider.java:155)
	at org.apache.maven.surefire.booter.ForkedBooter.runSuitesInProcess(ForkedBooter.java:385)
	at org.apache.maven.surefire.booter.ForkedBooter.execute(ForkedBooter.java:162)
	at org.apache.maven.surefire.booter.ForkedBooter.run(ForkedBooter.java:507)
	at org.apache.maven.surefire.booter.ForkedBooter.main(ForkedBooter.java:495)
18:07:48.954 [main] DEBUG io.netty.util.internal.CleanerJava9 - java.nio.ByteBuffer.cleaner(): unavailable
java.lang.NoSuchMethodException: sun.misc.Unsafe.invokeCleaner(java.nio.ByteBuffer)
	at java.lang.Class.getDeclaredMethod(Class.java:2130)
	at io.netty.util.internal.CleanerJava9$1.run(CleanerJava9.java:45)
	at java.security.AccessController.doPrivileged(Native Method)
	at io.netty.util.internal.CleanerJava9.__STATIC_RESET(CleanerJava9.java:40)
	at sun.reflect.NativeMethodAccessorImpl.invoke0(Native Method)
	at sun.reflect.NativeMethodAccessorImpl.invoke(NativeMethodAccessorImpl.java:62)
	at sun.reflect.DelegatingMethodAccessorImpl.invoke(DelegatingMethodAccessorImpl.java:43)
	at java.lang.reflect.Method.invoke(Method.java:498)
	at org.evosuite.runtime.classhandling.ClassResetter.reset(ClassResetter.java:159)
	at org.evosuite.runtime.classhandling.ClassStateSupport.resetClasses(ClassStateSupport.java:137)
	at io.netty.handler.codec.compression.ByteBufChecksum_ESTest_scaffolding.resetClasses(ByteBufChecksum_ESTest_scaffolding.java:278)
	at io.netty.handler.codec.compression.ByteBufChecksum_ESTest_scaffolding.doneWithTestCase(ByteBufChecksum_ESTest_scaffolding.java:66)
	at sun.reflect.NativeMethodAccessorImpl.invoke0(Native Method)
	at sun.reflect.NativeMethodAccessorImpl.invoke(NativeMethodAccessorImpl.java:62)
	at sun.reflect.DelegatingMethodAccessorImpl.invoke(DelegatingMethodAccessorImpl.java:43)
	at java.lang.reflect.Method.invoke(Method.java:498)
	at org.junit.runners.model.FrameworkMethod$1.runReflectiveCall(FrameworkMethod.java:59)
	at org.junit.internal.runners.model.ReflectiveCallable.run(ReflectiveCallable.java:12)
	at org.junit.runners.model.FrameworkMethod.invokeExplosively(FrameworkMethod.java:56)
	at org.junit.internal.runners.statements.RunAfters.invokeMethod(RunAfters.java:46)
	at org.junit.internal.runners.statements.RunAfters.evaluate(RunAfters.java:33)
	at org.evosuite.runtime.vnet.NonFunctionalRequirementRule$1.evaluate(NonFunctionalRequirementRule.java:41)
	at org.junit.runners.ParentRunner$3.evaluate(ParentRunner.java:306)
	at org.junit.runners.BlockJUnit4ClassRunner$1.evaluate(BlockJUnit4ClassRunner.java:100)
	at org.junit.runners.ParentRunner.runLeaf(ParentRunner.java:366)
	at org.junit.runners.BlockJUnit4ClassRunner.runChild(BlockJUnit4ClassRunner.java:103)
	at org.junit.runners.BlockJUnit4ClassRunner.runChild(BlockJUnit4ClassRunner.java:63)
	at org.junit.runners.ParentRunner$4.run(ParentRunner.java:331)
	at org.junit.runners.ParentRunner$1.schedule(ParentRunner.java:79)
	at org.junit.runners.ParentRunner.runChildren(ParentRunner.java:329)
	at org.junit.runners.ParentRunner.access$100(ParentRunner.java:66)
	at org.junit.runners.ParentRunner$2.evaluate(ParentRunner.java:293)
	at org.junit.internal.runners.statements.RunBefores.evaluate(RunBefores.java:26)
	at org.junit.internal.runners.statements.RunAfters.evaluate(RunAfters.java:27)
	at org.junit.runners.ParentRunner$3.evaluate(ParentRunner.java:306)
	at org.junit.runners.ParentRunner.run(ParentRunner.java:413)
	at org.apache.maven.surefire.junit4.JUnit4Provider.execute(JUnit4Provider.java:316)
	at org.apache.maven.surefire.junit4.JUnit4Provider.executeWithRerun(JUnit4Provider.java:240)
	at org.apache.maven.surefire.junit4.JUnit4Provider.executeTestSet(JUnit4Provider.java:214)
	at org.apache.maven.surefire.junit4.JUnit4Provider.invoke(JUnit4Provider.java:155)
	at org.apache.maven.surefire.booter.ForkedBooter.runSuitesInProcess(ForkedBooter.java:385)
	at org.apache.maven.surefire.booter.ForkedBooter.execute(ForkedBooter.java:162)
	at org.apache.maven.surefire.booter.ForkedBooter.run(ForkedBooter.java:507)
	at org.apache.maven.surefire.booter.ForkedBooter.main(ForkedBooter.java:495)
18:07:48.957 [main] DEBUG io.netty.util.ResourceLeakDetector - -Dio.netty.leakDetection.level: simple
18:07:48.957 [main] DEBUG io.netty.util.ResourceLeakDetector - -Dio.netty.leakDetection.targetRecords: 4
18:07:48.958 [main] DEBUG io.netty.util.internal.InternalThreadLocalMap - -Dio.netty.threadLocalMap.stringBuilder.initialSize: 1024
18:07:48.958 [main] DEBUG io.netty.util.internal.InternalThreadLocalMap - -Dio.netty.threadLocalMap.stringBuilder.maxSize: 4096
18:07:48.958 [main] DEBUG io.netty.buffer.PooledByteBufAllocator - -Dio.netty.allocator.numHeapArenas: 0
18:07:48.958 [main] DEBUG io.netty.buffer.PooledByteBufAllocator - -Dio.netty.allocator.numDirectArenas: 2
18:07:48.958 [main] DEBUG io.netty.buffer.PooledByteBufAllocator - -Dio.netty.allocator.pageSize: 8192
18:07:48.958 [main] DEBUG io.netty.buffer.PooledByteBufAllocator - -Dio.netty.allocator.maxOrder: 9
18:07:48.958 [main] DEBUG io.netty.buffer.PooledByteBufAllocator - -Dio.netty.allocator.chunkSize: 4194304
18:07:48.958 [main] DEBUG io.netty.buffer.PooledByteBufAllocator - -Dio.netty.allocator.smallCacheSize: 256
18:07:48.958 [main] DEBUG io.netty.buffer.PooledByteBufAllocator - -Dio.netty.allocator.normalCacheSize: 64
18:07:48.958 [main] DEBUG io.netty.buffer.PooledByteBufAllocator - -Dio.netty.allocator.maxCachedBufferCapacity: 32768
18:07:48.959 [main] DEBUG io.netty.buffer.PooledByteBufAllocator - -Dio.netty.allocator.cacheTrimInterval: 8192
18:07:48.959 [main] DEBUG io.netty.buffer.PooledByteBufAllocator - -Dio.netty.allocator.cacheTrimIntervalMillis: 0
18:07:48.959 [main] DEBUG io.netty.buffer.PooledByteBufAllocator - -Dio.netty.allocator.useCacheForAllThreads: false
18:07:48.959 [main] DEBUG io.netty.buffer.PooledByteBufAllocator - -Dio.netty.allocator.maxCachedByteBuffersPerChunk: 1023
18:07:48.959 [main] DEBUG io.netty.buffer.AbstractByteBuf - -Dio.netty.buffer.checkAccessible: true
18:07:48.959 [main] DEBUG io.netty.buffer.AbstractByteBuf - -Dio.netty.buffer.checkBounds: true
18:07:48.959 [main] DEBUG io.netty.util.ResourceLeakDetectorFactory - Loaded default ResourceLeakDetector: io.netty.util.ResourceLeakDetector@5
18:07:48.960 [main] INFO org.evosuite.runtime.instrumentation.EvoClassLoader - Seeing class for first time: io.netty.util.internal.ThreadExecutorMap
18:07:48.960 [main] INFO org.evosuite.runtime.instrumentation.EvoClassLoader - Instrumenting class 'io.netty.util.internal.ThreadExecutorMap'.
18:07:48.960 [main] INFO org.evosuite.runtime.instrumentation.MethodCallReplacementClassAdapter - Adding mock interface to class io/netty/util/internal/ThreadExecutorMap
18:07:48.961 [main] INFO org.evosuite.runtime.instrumentation.CreateClassResetClassAdapter - Found static initializer in class io/netty/util/internal/ThreadExecutorMap
18:07:48.961 [main] INFO org.evosuite.runtime.instrumentation.EvoClassLoader - Keeping class: io.netty.util.internal.ThreadExecutorMap
18:07:48.961 [main] INFO org.evosuite.runtime.instrumentation.EvoClassLoader - Seeing class for first time: io.netty.util.concurrent.EventExecutor
18:07:48.961 [main] INFO org.evosuite.runtime.instrumentation.EvoClassLoader - Instrumenting class 'io.netty.util.concurrent.EventExecutor'.
18:07:48.962 [main] INFO org.evosuite.runtime.instrumentation.EvoClassLoader - Seeing class for first time: io.netty.util.concurrent.EventExecutorGroup
18:07:48.962 [main] INFO org.evosuite.runtime.instrumentation.EvoClassLoader - Instrumenting class 'io.netty.util.concurrent.EventExecutorGroup'.
18:07:48.963 [main] INFO org.evosuite.runtime.instrumentation.EvoClassLoader - Keeping class: io.netty.util.concurrent.EventExecutorGroup
18:07:48.963 [main] INFO org.evosuite.runtime.instrumentation.EvoClassLoader - Keeping class: io.netty.util.concurrent.EventExecutor
18:07:48.964 [main] DEBUG io.netty.util.Recycler - -Dio.netty.recycler.maxCapacityPerThread: 4096
18:07:48.964 [main] DEBUG io.netty.util.Recycler - -Dio.netty.recycler.ratio: 8
18:07:48.964 [main] DEBUG io.netty.util.Recycler - -Dio.netty.recycler.chunkSize: 32
18:07:48.964 [main] DEBUG io.netty.util.Recycler - -Dio.netty.recycler.blocking: false
18:07:48.964 [main] DEBUG io.netty.util.Recycler - -Dio.netty.recycler.batchFastThreadLocalOnly: true
18:07:48.964 [main] INFO org.evosuite.runtime.instrumentation.EvoClassLoader - Seeing class for first time: io.netty.util.Recycler$LocalPool
18:07:48.964 [main] INFO org.evosuite.runtime.instrumentation.EvoClassLoader - Instrumenting class 'io.netty.util.Recycler$LocalPool'.
18:07:48.964 [main] INFO org.evosuite.runtime.instrumentation.MethodCallReplacementClassAdapter - Adding mock interface to class io/netty/util/Recycler$LocalPool
18:07:48.965 [main] INFO org.evosuite.runtime.instrumentation.CreateClassResetClassAdapter - Creating brand-new static initializer in class io/netty/util/Recycler$LocalPool
18:07:48.965 [main] INFO org.evosuite.runtime.instrumentation.EvoClassLoader - Keeping class: io.netty.util.Recycler$LocalPool
18:07:48.965 [main] INFO org.evosuite.runtime.instrumentation.EvoClassLoader - Seeing class for first time: io.netty.util.Recycler$DefaultHandle
18:07:48.965 [main] INFO org.evosuite.runtime.instrumentation.EvoClassLoader - Instrumenting class 'io.netty.util.Recycler$DefaultHandle'.
18:07:48.965 [main] INFO org.evosuite.runtime.instrumentation.MethodCallReplacementClassAdapter - Adding mock interface to class io/netty/util/Recycler$DefaultHandle
18:07:48.966 [main] INFO org.evosuite.runtime.instrumentation.CreateClassResetClassAdapter - Found static initializer in class io/netty/util/Recycler$DefaultHandle
18:07:48.966 [main] INFO org.evosuite.runtime.instrumentation.EvoClassLoader - Keeping class: io.netty.util.Recycler$DefaultHandle
18:07:48.967 [main] INFO org.evosuite.runtime.instrumentation.EvoClassLoader - Seeing class for first time: io.netty.util.internal.PlatformDependent$Mpsc$1
18:07:48.967 [main] INFO org.evosuite.runtime.instrumentation.EvoClassLoader - Instrumenting class 'io.netty.util.internal.PlatformDependent$Mpsc$1'.
18:07:48.967 [main] INFO org.evosuite.runtime.instrumentation.MethodCallReplacementClassAdapter - Adding mock interface to class io/netty/util/internal/PlatformDependent$Mpsc$1
18:07:48.967 [main] INFO org.evosuite.runtime.instrumentation.EvoClassLoader - Keeping class: io.netty.util.internal.PlatformDependent$Mpsc$1
18:07:48.967 [main] INFO org.evosuite.runtime.instrumentation.EvoClassLoader - Seeing class for first time: io.netty.util.internal.PlatformDependent$Mpsc
18:07:48.967 [main] INFO org.evosuite.runtime.instrumentation.EvoClassLoader - Instrumenting class 'io.netty.util.internal.PlatformDependent$Mpsc'.
18:07:48.968 [main] INFO org.evosuite.runtime.instrumentation.MethodCallReplacementClassAdapter - Adding mock interface to class io/netty/util/internal/PlatformDependent$Mpsc
18:07:48.973 [main] INFO org.evosuite.runtime.instrumentation.CreateClassResetClassAdapter - Found static initializer in class io/netty/util/internal/PlatformDependent$Mpsc
18:07:48.973 [main] INFO org.evosuite.runtime.instrumentation.EvoClassLoader - Keeping class: io.netty.util.internal.PlatformDependent$Mpsc
18:07:48.973 [main] INFO org.evosuite.runtime.instrumentation.EvoClassLoader - Seeing class for first time: io.netty.util.internal.PlatformDependent$AtomicLongCounter
18:07:48.973 [main] INFO org.evosuite.runtime.instrumentation.EvoClassLoader - Instrumenting class 'io.netty.util.internal.PlatformDependent$AtomicLongCounter'.
18:07:48.974 [main] INFO org.evosuite.runtime.instrumentation.MethodCallReplacementClassAdapter - Adding mock interface to class io/netty/util/internal/PlatformDependent$AtomicLongCounter
18:07:48.974 [main] INFO org.evosuite.runtime.instrumentation.CreateClassResetClassAdapter - Creating brand-new static initializer in class io/netty/util/internal/PlatformDependent$AtomicLongCounter
18:07:48.975 [main] INFO org.evosuite.runtime.instrumentation.EvoClassLoader - Keeping class: io.netty.util.internal.PlatformDependent$AtomicLongCounter
18:07:48.975 [main] INFO org.evosuite.runtime.instrumentation.EvoClassLoader - Seeing class for first time: io.netty.util.internal.shaded.org.jctools.queues.MpscUnboundedArrayQueue
18:07:48.975 [main] INFO org.evosuite.runtime.instrumentation.EvoClassLoader - Instrumenting class 'io.netty.util.internal.shaded.org.jctools.queues.MpscUnboundedArrayQueue'.
18:07:48.976 [main] INFO org.evosuite.runtime.instrumentation.MethodCallReplacementClassAdapter - Adding mock interface to class io/netty/util/internal/shaded/org/jctools/queues/MpscUnboundedArrayQueue
18:07:48.976 [main] INFO org.evosuite.runtime.instrumentation.CreateClassResetClassAdapter - Creating brand-new static initializer in class io/netty/util/internal/shaded/org/jctools/queues/MpscUnboundedArrayQueue
18:07:48.977 [main] INFO org.evosuite.runtime.instrumentation.EvoClassLoader - Seeing class for first time: io.netty.util.internal.shaded.org.jctools.queues.BaseMpscLinkedArrayQueue
18:07:48.977 [main] INFO org.evosuite.runtime.instrumentation.EvoClassLoader - Instrumenting class 'io.netty.util.internal.shaded.org.jctools.queues.BaseMpscLinkedArrayQueue'.
18:07:48.977 [main] INFO org.evosuite.runtime.instrumentation.MethodCallReplacementClassAdapter - Adding mock interface to class io/netty/util/internal/shaded/org/jctools/queues/BaseMpscLinkedArrayQueue
18:07:48.981 [main] INFO org.evosuite.runtime.instrumentation.CreateClassResetClassAdapter - Found static initializer in class io/netty/util/internal/shaded/org/jctools/queues/BaseMpscLinkedArrayQueue
18:07:48.981 [main] INFO org.evosuite.runtime.instrumentation.EvoClassLoader - Seeing class for first time: io.netty.util.internal.shaded.org.jctools.queues.BaseMpscLinkedArrayQueueColdProducerFields
18:07:48.981 [main] INFO org.evosuite.runtime.instrumentation.EvoClassLoader - Instrumenting class 'io.netty.util.internal.shaded.org.jctools.queues.BaseMpscLinkedArrayQueueColdProducerFields'.
18:07:48.982 [main] INFO org.evosuite.runtime.instrumentation.MethodCallReplacementClassAdapter - Adding mock interface to class io/netty/util/internal/shaded/org/jctools/queues/BaseMpscLinkedArrayQueueColdProducerFields
18:07:48.982 [main] INFO org.evosuite.runtime.instrumentation.CreateClassResetClassAdapter - Found static initializer in class io/netty/util/internal/shaded/org/jctools/queues/BaseMpscLinkedArrayQueueColdProducerFields
18:07:48.982 [main] INFO org.evosuite.runtime.instrumentation.EvoClassLoader - Seeing class for first time: io.netty.util.internal.shaded.org.jctools.queues.BaseMpscLinkedArrayQueuePad3
18:07:48.982 [main] INFO org.evosuite.runtime.instrumentation.EvoClassLoader - Instrumenting class 'io.netty.util.internal.shaded.org.jctools.queues.BaseMpscLinkedArrayQueuePad3'.
18:07:48.982 [main] INFO org.evosuite.runtime.instrumentation.MethodCallReplacementClassAdapter - Adding mock interface to class io/netty/util/internal/shaded/org/jctools/queues/BaseMpscLinkedArrayQueuePad3
18:07:48.983 [main] INFO org.evosuite.runtime.instrumentation.CreateClassResetClassAdapter - Creating brand-new static initializer in class io/netty/util/internal/shaded/org/jctools/queues/BaseMpscLinkedArrayQueuePad3
18:07:48.983 [main] INFO org.evosuite.runtime.instrumentation.EvoClassLoader - Seeing class for first time: io.netty.util.internal.shaded.org.jctools.queues.BaseMpscLinkedArrayQueueConsumerFields
18:07:48.983 [main] INFO org.evosuite.runtime.instrumentation.EvoClassLoader - Instrumenting class 'io.netty.util.internal.shaded.org.jctools.queues.BaseMpscLinkedArrayQueueConsumerFields'.
18:07:48.983 [main] INFO org.evosuite.runtime.instrumentation.MethodCallReplacementClassAdapter - Adding mock interface to class io/netty/util/internal/shaded/org/jctools/queues/BaseMpscLinkedArrayQueueConsumerFields
18:07:48.983 [main] INFO org.evosuite.runtime.instrumentation.CreateClassResetClassAdapter - Found static initializer in class io/netty/util/internal/shaded/org/jctools/queues/BaseMpscLinkedArrayQueueConsumerFields
18:07:48.984 [main] INFO org.evosuite.runtime.instrumentation.EvoClassLoader - Seeing class for first time: io.netty.util.internal.shaded.org.jctools.queues.BaseMpscLinkedArrayQueuePad2
18:07:48.984 [main] INFO org.evosuite.runtime.instrumentation.EvoClassLoader - Instrumenting class 'io.netty.util.internal.shaded.org.jctools.queues.BaseMpscLinkedArrayQueuePad2'.
18:07:48.984 [main] INFO org.evosuite.runtime.instrumentation.MethodCallReplacementClassAdapter - Adding mock interface to class io/netty/util/internal/shaded/org/jctools/queues/BaseMpscLinkedArrayQueuePad2
18:07:48.984 [main] INFO org.evosuite.runtime.instrumentation.CreateClassResetClassAdapter - Creating brand-new static initializer in class io/netty/util/internal/shaded/org/jctools/queues/BaseMpscLinkedArrayQueuePad2
18:07:48.984 [main] INFO org.evosuite.runtime.instrumentation.EvoClassLoader - Seeing class for first time: io.netty.util.internal.shaded.org.jctools.queues.BaseMpscLinkedArrayQueueProducerFields
18:07:48.984 [main] INFO org.evosuite.runtime.instrumentation.EvoClassLoader - Instrumenting class 'io.netty.util.internal.shaded.org.jctools.queues.BaseMpscLinkedArrayQueueProducerFields'.
18:07:48.985 [main] INFO org.evosuite.runtime.instrumentation.MethodCallReplacementClassAdapter - Adding mock interface to class io/netty/util/internal/shaded/org/jctools/queues/BaseMpscLinkedArrayQueueProducerFields
18:07:48.985 [main] INFO org.evosuite.runtime.instrumentation.CreateClassResetClassAdapter - Found static initializer in class io/netty/util/internal/shaded/org/jctools/queues/BaseMpscLinkedArrayQueueProducerFields
18:07:48.985 [main] INFO org.evosuite.runtime.instrumentation.EvoClassLoader - Seeing class for first time: io.netty.util.internal.shaded.org.jctools.queues.BaseMpscLinkedArrayQueuePad1
18:07:48.985 [main] INFO org.evosuite.runtime.instrumentation.EvoClassLoader - Instrumenting class 'io.netty.util.internal.shaded.org.jctools.queues.BaseMpscLinkedArrayQueuePad1'.
18:07:48.985 [main] INFO org.evosuite.runtime.instrumentation.MethodCallReplacementClassAdapter - Adding mock interface to class io/netty/util/internal/shaded/org/jctools/queues/BaseMpscLinkedArrayQueuePad1
18:07:48.985 [main] INFO org.evosuite.runtime.instrumentation.CreateClassResetClassAdapter - Creating brand-new static initializer in class io/netty/util/internal/shaded/org/jctools/queues/BaseMpscLinkedArrayQueuePad1
18:07:48.986 [main] INFO org.evosuite.runtime.instrumentation.EvoClassLoader - Keeping class: io.netty.util.internal.shaded.org.jctools.queues.BaseMpscLinkedArrayQueuePad1
18:07:48.986 [main] INFO org.evosuite.runtime.instrumentation.EvoClassLoader - Keeping class: io.netty.util.internal.shaded.org.jctools.queues.BaseMpscLinkedArrayQueueProducerFields
18:07:48.986 [main] INFO org.evosuite.runtime.instrumentation.EvoClassLoader - Keeping class: io.netty.util.internal.shaded.org.jctools.queues.BaseMpscLinkedArrayQueuePad2
18:07:48.986 [main] INFO org.evosuite.runtime.instrumentation.EvoClassLoader - Keeping class: io.netty.util.internal.shaded.org.jctools.queues.BaseMpscLinkedArrayQueueConsumerFields
18:07:48.986 [main] INFO org.evosuite.runtime.instrumentation.EvoClassLoader - Keeping class: io.netty.util.internal.shaded.org.jctools.queues.BaseMpscLinkedArrayQueuePad3
18:07:48.986 [main] INFO org.evosuite.runtime.instrumentation.EvoClassLoader - Keeping class: io.netty.util.internal.shaded.org.jctools.queues.BaseMpscLinkedArrayQueueColdProducerFields
18:07:48.986 [main] INFO org.evosuite.runtime.instrumentation.EvoClassLoader - Keeping class: io.netty.util.internal.shaded.org.jctools.queues.BaseMpscLinkedArrayQueue
18:07:48.986 [main] INFO org.evosuite.runtime.instrumentation.EvoClassLoader - Keeping class: io.netty.util.internal.shaded.org.jctools.queues.MpscUnboundedArrayQueue
18:07:48.986 [main] INFO org.evosuite.runtime.instrumentation.EvoClassLoader - Seeing class for first time: io.netty.util.internal.shaded.org.jctools.queues.atomic.MpscUnboundedAtomicArrayQueue
18:07:48.986 [main] INFO org.evosuite.runtime.instrumentation.EvoClassLoader - Instrumenting class 'io.netty.util.internal.shaded.org.jctools.queues.atomic.MpscUnboundedAtomicArrayQueue'.
18:07:48.987 [main] INFO org.evosuite.runtime.instrumentation.MethodCallReplacementClassAdapter - Adding mock interface to class io/netty/util/internal/shaded/org/jctools/queues/atomic/MpscUnboundedAtomicArrayQueue
18:07:48.987 [main] INFO org.evosuite.runtime.instrumentation.CreateClassResetClassAdapter - Creating brand-new static initializer in class io/netty/util/internal/shaded/org/jctools/queues/atomic/MpscUnboundedAtomicArrayQueue
18:07:48.987 [main] INFO org.evosuite.runtime.instrumentation.EvoClassLoader - Seeing class for first time: io.netty.util.internal.shaded.org.jctools.queues.atomic.BaseMpscLinkedAtomicArrayQueue
18:07:48.988 [main] INFO org.evosuite.runtime.instrumentation.EvoClassLoader - Instrumenting class 'io.netty.util.internal.shaded.org.jctools.queues.atomic.BaseMpscLinkedAtomicArrayQueue'.
18:07:48.988 [main] INFO org.evosuite.runtime.instrumentation.MethodCallReplacementClassAdapter - Adding mock interface to class io/netty/util/internal/shaded/org/jctools/queues/atomic/BaseMpscLinkedAtomicArrayQueue
18:07:48.991 [main] INFO org.evosuite.runtime.instrumentation.CreateClassResetClassAdapter - Found static initializer in class io/netty/util/internal/shaded/org/jctools/queues/atomic/BaseMpscLinkedAtomicArrayQueue
18:07:48.991 [main] INFO org.evosuite.runtime.instrumentation.EvoClassLoader - Seeing class for first time: io.netty.util.internal.shaded.org.jctools.queues.atomic.BaseMpscLinkedAtomicArrayQueueColdProducerFields
18:07:48.991 [main] INFO org.evosuite.runtime.instrumentation.EvoClassLoader - Instrumenting class 'io.netty.util.internal.shaded.org.jctools.queues.atomic.BaseMpscLinkedAtomicArrayQueueColdProducerFields'.
18:07:48.992 [main] INFO org.evosuite.runtime.instrumentation.MethodCallReplacementClassAdapter - Adding mock interface to class io/netty/util/internal/shaded/org/jctools/queues/atomic/BaseMpscLinkedAtomicArrayQueueColdProducerFields
18:07:48.992 [main] INFO org.evosuite.runtime.instrumentation.CreateClassResetClassAdapter - Found static initializer in class io/netty/util/internal/shaded/org/jctools/queues/atomic/BaseMpscLinkedAtomicArrayQueueColdProducerFields
18:07:48.993 [main] INFO org.evosuite.runtime.instrumentation.EvoClassLoader - Seeing class for first time: io.netty.util.internal.shaded.org.jctools.queues.atomic.BaseMpscLinkedAtomicArrayQueuePad3
18:07:48.993 [main] INFO org.evosuite.runtime.instrumentation.EvoClassLoader - Instrumenting class 'io.netty.util.internal.shaded.org.jctools.queues.atomic.BaseMpscLinkedAtomicArrayQueuePad3'.
18:07:48.993 [main] INFO org.evosuite.runtime.instrumentation.MethodCallReplacementClassAdapter - Adding mock interface to class io/netty/util/internal/shaded/org/jctools/queues/atomic/BaseMpscLinkedAtomicArrayQueuePad3
18:07:48.993 [main] INFO org.evosuite.runtime.instrumentation.CreateClassResetClassAdapter - Creating brand-new static initializer in class io/netty/util/internal/shaded/org/jctools/queues/atomic/BaseMpscLinkedAtomicArrayQueuePad3
18:07:48.994 [main] INFO org.evosuite.runtime.instrumentation.EvoClassLoader - Seeing class for first time: io.netty.util.internal.shaded.org.jctools.queues.atomic.BaseMpscLinkedAtomicArrayQueueConsumerFields
18:07:48.994 [main] INFO org.evosuite.runtime.instrumentation.EvoClassLoader - Instrumenting class 'io.netty.util.internal.shaded.org.jctools.queues.atomic.BaseMpscLinkedAtomicArrayQueueConsumerFields'.
18:07:48.994 [main] INFO org.evosuite.runtime.instrumentation.MethodCallReplacementClassAdapter - Adding mock interface to class io/netty/util/internal/shaded/org/jctools/queues/atomic/BaseMpscLinkedAtomicArrayQueueConsumerFields
18:07:48.995 [main] INFO org.evosuite.runtime.instrumentation.CreateClassResetClassAdapter - Found static initializer in class io/netty/util/internal/shaded/org/jctools/queues/atomic/BaseMpscLinkedAtomicArrayQueueConsumerFields
18:07:48.995 [main] INFO org.evosuite.runtime.instrumentation.EvoClassLoader - Seeing class for first time: io.netty.util.internal.shaded.org.jctools.queues.atomic.BaseMpscLinkedAtomicArrayQueuePad2
18:07:48.995 [main] INFO org.evosuite.runtime.instrumentation.EvoClassLoader - Instrumenting class 'io.netty.util.internal.shaded.org.jctools.queues.atomic.BaseMpscLinkedAtomicArrayQueuePad2'.
18:07:48.996 [main] INFO org.evosuite.runtime.instrumentation.MethodCallReplacementClassAdapter - Adding mock interface to class io/netty/util/internal/shaded/org/jctools/queues/atomic/BaseMpscLinkedAtomicArrayQueuePad2
18:07:48.996 [main] INFO org.evosuite.runtime.instrumentation.CreateClassResetClassAdapter - Creating brand-new static initializer in class io/netty/util/internal/shaded/org/jctools/queues/atomic/BaseMpscLinkedAtomicArrayQueuePad2
18:07:48.996 [main] INFO org.evosuite.runtime.instrumentation.EvoClassLoader - Seeing class for first time: io.netty.util.internal.shaded.org.jctools.queues.atomic.BaseMpscLinkedAtomicArrayQueueProducerFields
18:07:48.996 [main] INFO org.evosuite.runtime.instrumentation.EvoClassLoader - Instrumenting class 'io.netty.util.internal.shaded.org.jctools.queues.atomic.BaseMpscLinkedAtomicArrayQueueProducerFields'.
18:07:48.997 [main] INFO org.evosuite.runtime.instrumentation.MethodCallReplacementClassAdapter - Adding mock interface to class io/netty/util/internal/shaded/org/jctools/queues/atomic/BaseMpscLinkedAtomicArrayQueueProducerFields
18:07:48.997 [main] INFO org.evosuite.runtime.instrumentation.CreateClassResetClassAdapter - Found static initializer in class io/netty/util/internal/shaded/org/jctools/queues/atomic/BaseMpscLinkedAtomicArrayQueueProducerFields
18:07:48.997 [main] INFO org.evosuite.runtime.instrumentation.EvoClassLoader - Seeing class for first time: io.netty.util.internal.shaded.org.jctools.queues.atomic.BaseMpscLinkedAtomicArrayQueuePad1
18:07:48.997 [main] INFO org.evosuite.runtime.instrumentation.EvoClassLoader - Instrumenting class 'io.netty.util.internal.shaded.org.jctools.queues.atomic.BaseMpscLinkedAtomicArrayQueuePad1'.
18:07:48.997 [main] INFO org.evosuite.runtime.instrumentation.MethodCallReplacementClassAdapter - Adding mock interface to class io/netty/util/internal/shaded/org/jctools/queues/atomic/BaseMpscLinkedAtomicArrayQueuePad1
18:07:48.998 [main] INFO org.evosuite.runtime.instrumentation.CreateClassResetClassAdapter - Creating brand-new static initializer in class io/netty/util/internal/shaded/org/jctools/queues/atomic/BaseMpscLinkedAtomicArrayQueuePad1
18:07:48.998 [main] INFO org.evosuite.runtime.instrumentation.EvoClassLoader - Keeping class: io.netty.util.internal.shaded.org.jctools.queues.atomic.BaseMpscLinkedAtomicArrayQueuePad1
18:07:48.998 [main] INFO org.evosuite.runtime.instrumentation.EvoClassLoader - Keeping class: io.netty.util.internal.shaded.org.jctools.queues.atomic.BaseMpscLinkedAtomicArrayQueueProducerFields
18:07:48.998 [main] INFO org.evosuite.runtime.instrumentation.EvoClassLoader - Keeping class: io.netty.util.internal.shaded.org.jctools.queues.atomic.BaseMpscLinkedAtomicArrayQueuePad2
18:07:48.998 [main] INFO org.evosuite.runtime.instrumentation.EvoClassLoader - Keeping class: io.netty.util.internal.shaded.org.jctools.queues.atomic.BaseMpscLinkedAtomicArrayQueueConsumerFields
18:07:48.998 [main] INFO org.evosuite.runtime.instrumentation.EvoClassLoader - Keeping class: io.netty.util.internal.shaded.org.jctools.queues.atomic.BaseMpscLinkedAtomicArrayQueuePad3
18:07:48.998 [main] INFO org.evosuite.runtime.instrumentation.EvoClassLoader - Keeping class: io.netty.util.internal.shaded.org.jctools.queues.atomic.BaseMpscLinkedAtomicArrayQueueColdProducerFields
18:07:48.998 [main] INFO org.evosuite.runtime.instrumentation.EvoClassLoader - Keeping class: io.netty.util.internal.shaded.org.jctools.queues.atomic.BaseMpscLinkedAtomicArrayQueue
18:07:48.999 [main] INFO org.evosuite.runtime.instrumentation.EvoClassLoader - Keeping class: io.netty.util.internal.shaded.org.jctools.queues.atomic.MpscUnboundedAtomicArrayQueue
18:07:48.999 [main] INFO org.evosuite.runtime.instrumentation.EvoClassLoader - Seeing class for first time: io.netty.util.internal.shaded.org.jctools.queues.MpscChunkedArrayQueue
18:07:48.999 [main] INFO org.evosuite.runtime.instrumentation.EvoClassLoader - Instrumenting class 'io.netty.util.internal.shaded.org.jctools.queues.MpscChunkedArrayQueue'.
18:07:48.999 [main] INFO org.evosuite.runtime.instrumentation.MethodCallReplacementClassAdapter - Adding mock interface to class io/netty/util/internal/shaded/org/jctools/queues/MpscChunkedArrayQueue
18:07:48.999 [main] INFO org.evosuite.runtime.instrumentation.CreateClassResetClassAdapter - Creating brand-new static initializer in class io/netty/util/internal/shaded/org/jctools/queues/MpscChunkedArrayQueue
18:07:49.000 [main] INFO org.evosuite.runtime.instrumentation.EvoClassLoader - Seeing class for first time: io.netty.util.internal.shaded.org.jctools.queues.MpscChunkedArrayQueueColdProducerFields
18:07:49.000 [main] INFO org.evosuite.runtime.instrumentation.EvoClassLoader - Instrumenting class 'io.netty.util.internal.shaded.org.jctools.queues.MpscChunkedArrayQueueColdProducerFields'.
18:07:49.000 [main] INFO org.evosuite.runtime.instrumentation.MethodCallReplacementClassAdapter - Adding mock interface to class io/netty/util/internal/shaded/org/jctools/queues/MpscChunkedArrayQueueColdProducerFields
18:07:49.000 [main] INFO org.evosuite.runtime.instrumentation.CreateClassResetClassAdapter - Creating brand-new static initializer in class io/netty/util/internal/shaded/org/jctools/queues/MpscChunkedArrayQueueColdProducerFields
18:07:49.000 [main] INFO org.evosuite.runtime.instrumentation.EvoClassLoader - Keeping class: io.netty.util.internal.shaded.org.jctools.queues.MpscChunkedArrayQueueColdProducerFields
18:07:49.001 [main] INFO org.evosuite.runtime.instrumentation.EvoClassLoader - Keeping class: io.netty.util.internal.shaded.org.jctools.queues.MpscChunkedArrayQueue
18:07:49.001 [main] INFO org.evosuite.runtime.instrumentation.EvoClassLoader - Seeing class for first time: io.netty.util.internal.shaded.org.jctools.queues.atomic.MpscChunkedAtomicArrayQueue
18:07:49.001 [main] INFO org.evosuite.runtime.instrumentation.EvoClassLoader - Instrumenting class 'io.netty.util.internal.shaded.org.jctools.queues.atomic.MpscChunkedAtomicArrayQueue'.
18:07:49.001 [main] INFO org.evosuite.runtime.instrumentation.MethodCallReplacementClassAdapter - Adding mock interface to class io/netty/util/internal/shaded/org/jctools/queues/atomic/MpscChunkedAtomicArrayQueue
18:07:49.001 [main] INFO org.evosuite.runtime.instrumentation.CreateClassResetClassAdapter - Creating brand-new static initializer in class io/netty/util/internal/shaded/org/jctools/queues/atomic/MpscChunkedAtomicArrayQueue
18:07:49.002 [main] INFO org.evosuite.runtime.instrumentation.EvoClassLoader - Seeing class for first time: io.netty.util.internal.shaded.org.jctools.queues.atomic.MpscChunkedAtomicArrayQueueColdProducerFields
18:07:49.002 [main] INFO org.evosuite.runtime.instrumentation.EvoClassLoader - Instrumenting class 'io.netty.util.internal.shaded.org.jctools.queues.atomic.MpscChunkedAtomicArrayQueueColdProducerFields'.
18:07:49.002 [main] INFO org.evosuite.runtime.instrumentation.MethodCallReplacementClassAdapter - Adding mock interface to class io/netty/util/internal/shaded/org/jctools/queues/atomic/MpscChunkedAtomicArrayQueueColdProducerFields
18:07:49.002 [main] INFO org.evosuite.runtime.instrumentation.CreateClassResetClassAdapter - Creating brand-new static initializer in class io/netty/util/internal/shaded/org/jctools/queues/atomic/MpscChunkedAtomicArrayQueueColdProducerFields
18:07:49.002 [main] INFO org.evosuite.runtime.instrumentation.EvoClassLoader - Keeping class: io.netty.util.internal.shaded.org.jctools.queues.atomic.MpscChunkedAtomicArrayQueueColdProducerFields
18:07:49.002 [main] INFO org.evosuite.runtime.instrumentation.EvoClassLoader - Keeping class: io.netty.util.internal.shaded.org.jctools.queues.atomic.MpscChunkedAtomicArrayQueue
18:07:49.003 [main] DEBUG io.netty.util.internal.PlatformDependent - org.jctools-core.MpscChunkedArrayQueue: available
18:07:49.003 [main] DEBUG io.netty.util.internal.PlatformDependent - org.jctools-core.MpscChunkedArrayQueue: available
18:07:49.004 [main] INFO org.evosuite.runtime.instrumentation.EvoClassLoader - Seeing class for first time: io.netty.util.internal.shaded.org.jctools.util.RangeUtil
18:07:49.004 [main] INFO org.evosuite.runtime.instrumentation.EvoClassLoader - Instrumenting class 'io.netty.util.internal.shaded.org.jctools.util.RangeUtil'.
18:07:49.005 [main] INFO org.evosuite.runtime.instrumentation.MethodCallReplacementClassAdapter - Adding mock interface to class io/netty/util/internal/shaded/org/jctools/util/RangeUtil
18:07:49.005 [main] INFO org.evosuite.runtime.instrumentation.CreateClassResetClassAdapter - Creating brand-new static initializer in class io/netty/util/internal/shaded/org/jctools/util/RangeUtil
18:07:49.006 [main] INFO org.evosuite.runtime.instrumentation.EvoClassLoader - Keeping class: io.netty.util.internal.shaded.org.jctools.util.RangeUtil
18:07:49.006 [main] INFO org.evosuite.runtime.instrumentation.EvoClassLoader - Seeing class for first time: io.netty.util.internal.shaded.org.jctools.util.Pow2
18:07:49.006 [main] INFO org.evosuite.runtime.instrumentation.EvoClassLoader - Instrumenting class 'io.netty.util.internal.shaded.org.jctools.util.Pow2'.
18:07:49.006 [main] INFO org.evosuite.runtime.instrumentation.MethodCallReplacementClassAdapter - Adding mock interface to class io/netty/util/internal/shaded/org/jctools/util/Pow2
18:07:49.007 [main] INFO org.evosuite.runtime.instrumentation.CreateClassResetClassAdapter - Creating brand-new static initializer in class io/netty/util/internal/shaded/org/jctools/util/Pow2
18:07:49.007 [main] INFO org.evosuite.runtime.instrumentation.CreateClassResetClassAdapter - Adding bytecode for initializing field MAX_POW2
18:07:49.007 [main] INFO org.evosuite.runtime.instrumentation.EvoClassLoader - Keeping class: io.netty.util.internal.shaded.org.jctools.util.Pow2
18:07:49.007 [main] INFO org.evosuite.runtime.instrumentation.EvoClassLoader - Seeing class for first time: io.netty.util.internal.shaded.org.jctools.util.UnsafeRefArrayAccess
18:07:49.007 [main] INFO org.evosuite.runtime.instrumentation.EvoClassLoader - Instrumenting class 'io.netty.util.internal.shaded.org.jctools.util.UnsafeRefArrayAccess'.
18:07:49.008 [main] INFO org.evosuite.runtime.instrumentation.MethodCallReplacementClassAdapter - Adding mock interface to class io/netty/util/internal/shaded/org/jctools/util/UnsafeRefArrayAccess
18:07:49.008 [main] INFO org.evosuite.runtime.instrumentation.CreateClassResetClassAdapter - Found static initializer in class io/netty/util/internal/shaded/org/jctools/util/UnsafeRefArrayAccess
18:07:49.008 [main] INFO org.evosuite.runtime.instrumentation.EvoClassLoader - Keeping class: io.netty.util.internal.shaded.org.jctools.util.UnsafeRefArrayAccess
18:07:49.009 [main] INFO org.evosuite.runtime.instrumentation.EvoClassLoader - Seeing class for first time: io.netty.util.internal.shaded.org.jctools.queues.MessagePassingQueueUtil
18:07:49.009 [main] INFO org.evosuite.runtime.instrumentation.EvoClassLoader - Instrumenting class 'io.netty.util.internal.shaded.org.jctools.queues.MessagePassingQueueUtil'.
18:07:49.009 [main] INFO org.evosuite.runtime.instrumentation.MethodCallReplacementClassAdapter - Adding mock interface to class io/netty/util/internal/shaded/org/jctools/queues/MessagePassingQueueUtil
18:07:49.010 [main] INFO org.evosuite.runtime.instrumentation.CreateClassResetClassAdapter - Creating brand-new static initializer in class io/netty/util/internal/shaded/org/jctools/queues/MessagePassingQueueUtil
18:07:49.010 [main] INFO org.evosuite.runtime.instrumentation.EvoClassLoader - Keeping class: io.netty.util.internal.shaded.org.jctools.queues.MessagePassingQueueUtil
18:07:49.011 [main] INFO org.evosuite.runtime.instrumentation.EvoClassLoader - Seeing class for first time: io.netty.util.internal.shaded.org.jctools.queues.LinkedArrayQueueUtil
18:07:49.011 [main] INFO org.evosuite.runtime.instrumentation.EvoClassLoader - Instrumenting class 'io.netty.util.internal.shaded.org.jctools.queues.LinkedArrayQueueUtil'.
18:07:49.011 [main] INFO org.evosuite.runtime.instrumentation.MethodCallReplacementClassAdapter - Adding mock interface to class io/netty/util/internal/shaded/org/jctools/queues/LinkedArrayQueueUtil
18:07:49.011 [main] INFO org.evosuite.runtime.instrumentation.CreateClassResetClassAdapter - Creating brand-new static initializer in class io/netty/util/internal/shaded/org/jctools/queues/LinkedArrayQueueUtil
18:07:49.011 [main] INFO org.evosuite.runtime.instrumentation.EvoClassLoader - Keeping class: io.netty.util.internal.shaded.org.jctools.queues.LinkedArrayQueueUtil
18:07:49.012 [main] INFO org.evosuite.runtime.instrumentation.EvoClassLoader - Seeing class for first time: io.netty.buffer.IntPriorityQueue
18:07:49.012 [main] INFO org.evosuite.runtime.instrumentation.EvoClassLoader - Instrumenting class 'io.netty.buffer.IntPriorityQueue'.
18:07:49.013 [main] INFO org.evosuite.runtime.instrumentation.MethodCallReplacementClassAdapter - Adding mock interface to class io/netty/buffer/IntPriorityQueue
18:07:49.014 [main] INFO org.evosuite.runtime.instrumentation.CreateClassResetClassAdapter - Creating brand-new static initializer in class io/netty/buffer/IntPriorityQueue
18:07:49.014 [main] INFO org.evosuite.runtime.instrumentation.CreateClassResetClassAdapter - Adding bytecode for initializing field NO_VALUE
18:07:49.014 [main] INFO org.evosuite.runtime.instrumentation.EvoClassLoader - Keeping class: io.netty.buffer.IntPriorityQueue
18:07:49.014 [main] INFO org.evosuite.runtime.instrumentation.EvoClassLoader - Seeing class for first time: io.netty.buffer.LongLongHashMap
18:07:49.014 [main] INFO org.evosuite.runtime.instrumentation.EvoClassLoader - Instrumenting class 'io.netty.buffer.LongLongHashMap'.
18:07:49.014 [main] INFO org.evosuite.runtime.instrumentation.MethodCallReplacementClassAdapter - Adding mock interface to class io/netty/buffer/LongLongHashMap
18:07:49.015 [main] INFO org.evosuite.runtime.instrumentation.CreateClassResetClassAdapter - Creating brand-new static initializer in class io/netty/buffer/LongLongHashMap
18:07:49.015 [main] INFO org.evosuite.runtime.instrumentation.CreateClassResetClassAdapter - Adding bytecode for initializing field MASK_TEMPLATE
18:07:49.015 [main] INFO org.evosuite.runtime.instrumentation.EvoClassLoader - Keeping class: io.netty.buffer.LongLongHashMap
18:07:49.016 [main] INFO org.evosuite.runtime.instrumentation.EvoClassLoader - Seeing class for first time: io.netty.buffer.HeapByteBufUtil
18:07:49.016 [main] INFO org.evosuite.runtime.instrumentation.EvoClassLoader - Instrumenting class 'io.netty.buffer.HeapByteBufUtil'.
18:07:49.016 [main] INFO org.evosuite.runtime.instrumentation.MethodCallReplacementClassAdapter - Adding mock interface to class io/netty/buffer/HeapByteBufUtil
18:07:49.016 [main] INFO org.evosuite.runtime.instrumentation.CreateClassResetClassAdapter - Creating brand-new static initializer in class io/netty/buffer/HeapByteBufUtil
18:07:49.017 [main] INFO org.evosuite.runtime.instrumentation.EvoClassLoader - Keeping class: io.netty.buffer.HeapByteBufUtil
18:07:49.017 [main] DEBUG io.netty.buffer.ByteBufUtil - -Dio.netty.allocator.type: pooled
18:07:49.017 [main] DEBUG io.netty.buffer.ByteBufUtil - -Dio.netty.threadLocalDirectBufferSize: 0
18:07:49.017 [main] DEBUG io.netty.buffer.ByteBufUtil - -Dio.netty.maxThreadLocalCharBufferSize: 16384
18:07:49.017 [main] INFO org.evosuite.runtime.instrumentation.EvoClassLoader - Seeing class for first time: io.netty.util.ReferenceCountUtil
18:07:49.017 [main] INFO org.evosuite.runtime.instrumentation.EvoClassLoader - Instrumenting class 'io.netty.util.ReferenceCountUtil'.
18:07:49.018 [main] INFO org.evosuite.runtime.instrumentation.MethodCallReplacementClassAdapter - Adding mock interface to class io/netty/util/ReferenceCountUtil
18:07:49.018 [main] INFO org.evosuite.runtime.instrumentation.CreateClassResetClassAdapter - Found static initializer in class io/netty/util/ReferenceCountUtil
18:07:49.018 [main] INFO org.evosuite.runtime.instrumentation.EvoClassLoader - Keeping class: io.netty.util.ReferenceCountUtil
18:07:49.019 [main] INFO org.evosuite.runtime.instrumentation.EvoClassLoader - Seeing class for first time: net.jpountz.util.ByteBufferUtils
18:07:49.019 [main] INFO org.evosuite.runtime.instrumentation.EvoClassLoader - Instrumenting class 'net.jpountz.util.ByteBufferUtils'.
18:07:49.019 [main] INFO org.evosuite.runtime.instrumentation.MethodCallReplacementClassAdapter - Adding mock interface to class net/jpountz/util/ByteBufferUtils
18:07:49.020 [main] INFO org.evosuite.runtime.instrumentation.CreateClassResetClassAdapter - Found static initializer in class net/jpountz/util/ByteBufferUtils
18:07:49.021 [main] INFO org.evosuite.runtime.instrumentation.EvoClassLoader - Keeping class: net.jpountz.util.ByteBufferUtils
18:07:49.021 [main] INFO org.evosuite.runtime.instrumentation.EvoClassLoader - Seeing class for first time: net.sf.saxon.tree.tiny.CharSlice
18:07:49.021 [main] INFO org.evosuite.runtime.instrumentation.EvoClassLoader - Instrumenting class 'net.sf.saxon.tree.tiny.CharSlice'.
18:07:49.181 [main] INFO org.evosuite.runtime.instrumentation.MethodCallReplacementClassAdapter - Adding mock interface to class net/sf/saxon/tree/tiny/CharSlice
18:07:49.182 [main] INFO org.evosuite.runtime.instrumentation.CreateClassResetClassAdapter - Creating brand-new static initializer in class net/sf/saxon/tree/tiny/CharSlice
18:07:49.182 [main] INFO org.evosuite.runtime.instrumentation.EvoClassLoader - Defined package (3): package net.sf.saxon.tree.tiny, -1645783743
18:07:49.182 [main] INFO org.evosuite.runtime.instrumentation.EvoClassLoader - Keeping class: net.sf.saxon.tree.tiny.CharSlice
18:07:49.183 [main] INFO org.evosuite.runtime.instrumentation.EvoClassLoader - Seeing class for first time: net.sf.saxon.tree.tiny.Statistics
18:07:49.183 [main] INFO org.evosuite.runtime.instrumentation.EvoClassLoader - Instrumenting class 'net.sf.saxon.tree.tiny.Statistics'.
18:07:49.184 [main] INFO org.evosuite.runtime.instrumentation.MethodCallReplacementClassAdapter - Adding mock interface to class net/sf/saxon/tree/tiny/Statistics
18:07:49.185 [main] INFO org.evosuite.runtime.instrumentation.CreateClassResetClassAdapter - Creating brand-new static initializer in class net/sf/saxon/tree/tiny/Statistics
18:07:49.185 [main] INFO org.evosuite.runtime.instrumentation.EvoClassLoader - Keeping class: net.sf.saxon.tree.tiny.Statistics
18:07:49.185 [main] INFO org.evosuite.runtime.instrumentation.EvoClassLoader - Seeing class for first time: net.sf.saxon.om.GenericTreeInfo
18:07:49.185 [main] INFO org.evosuite.runtime.instrumentation.EvoClassLoader - Instrumenting class 'net.sf.saxon.om.GenericTreeInfo'.
18:07:49.186 [main] INFO org.evosuite.runtime.instrumentation.MethodCallReplacementClassAdapter - Adding mock interface to class net/sf/saxon/om/GenericTreeInfo
18:07:49.188 [main] INFO org.evosuite.runtime.instrumentation.CreateClassResetClassAdapter - Creating brand-new static initializer in class net/sf/saxon/om/GenericTreeInfo
18:07:49.188 [main] INFO org.evosuite.runtime.instrumentation.EvoClassLoader - Defined package (3): package net.sf.saxon.om, -1831452403
18:07:49.188 [main] INFO org.evosuite.runtime.instrumentation.EvoClassLoader - Seeing class for first time: net.sf.saxon.om.TreeInfo
18:07:49.188 [main] INFO org.evosuite.runtime.instrumentation.EvoClassLoader - Instrumenting class 'net.sf.saxon.om.TreeInfo'.
18:07:49.190 [main] INFO org.evosuite.runtime.instrumentation.EvoClassLoader - Keeping class: net.sf.saxon.om.TreeInfo
18:07:49.190 [main] INFO org.evosuite.runtime.instrumentation.EvoClassLoader - Keeping class: net.sf.saxon.om.GenericTreeInfo
18:07:49.190 [main] INFO org.evosuite.runtime.instrumentation.EvoClassLoader - Seeing class for first time: net.sf.saxon.om.SpaceStrippingRule
18:07:49.190 [main] INFO org.evosuite.runtime.instrumentation.EvoClassLoader - Instrumenting class 'net.sf.saxon.om.SpaceStrippingRule'.
18:07:49.191 [main] INFO org.evosuite.runtime.instrumentation.EvoClassLoader - Keeping class: net.sf.saxon.om.SpaceStrippingRule
18:07:49.191 [main] INFO org.evosuite.runtime.instrumentation.EvoClassLoader - Seeing class for first time: net.sf.saxon.om.NodeInfo
18:07:49.191 [main] INFO org.evosuite.runtime.instrumentation.EvoClassLoader - Instrumenting class 'net.sf.saxon.om.NodeInfo'.
18:07:49.193 [main] INFO org.evosuite.runtime.instrumentation.EvoClassLoader - Seeing class for first time: net.sf.saxon.om.Item
18:07:49.193 [main] INFO org.evosuite.runtime.instrumentation.EvoClassLoader - Instrumenting class 'net.sf.saxon.om.Item'.
18:07:49.196 [main] INFO org.evosuite.runtime.instrumentation.EvoClassLoader - Seeing class for first time: net.sf.saxon.om.GroundedValue
18:07:49.196 [main] INFO org.evosuite.runtime.instrumentation.EvoClassLoader - Instrumenting class 'net.sf.saxon.om.GroundedValue'.
18:07:49.197 [main] INFO org.evosuite.runtime.instrumentation.EvoClassLoader - Seeing class for first time: net.sf.saxon.om.Sequence
18:07:49.197 [main] INFO org.evosuite.runtime.instrumentation.EvoClassLoader - Instrumenting class 'net.sf.saxon.om.Sequence'.
18:07:49.198 [main] INFO org.evosuite.runtime.instrumentation.EvoClassLoader - Keeping class: net.sf.saxon.om.Sequence
18:07:49.198 [main] INFO org.evosuite.runtime.instrumentation.EvoClassLoader - Keeping class: net.sf.saxon.om.GroundedValue
18:07:49.198 [main] INFO org.evosuite.runtime.instrumentation.EvoClassLoader - Keeping class: net.sf.saxon.om.Item
18:07:49.198 [main] INFO org.evosuite.runtime.instrumentation.EvoClassLoader - Seeing class for first time: net.sf.saxon.expr.parser.Location
18:07:49.198 [main] INFO org.evosuite.runtime.instrumentation.EvoClassLoader - Instrumenting class 'net.sf.saxon.expr.parser.Location'.
18:07:49.199 [main] INFO org.evosuite.runtime.instrumentation.EvoClassLoader - Defined package (3): package net.sf.saxon.expr.parser, 1607920617
18:07:49.199 [main] INFO org.evosuite.runtime.instrumentation.EvoClassLoader - Keeping class: net.sf.saxon.expr.parser.Location
18:07:49.200 [main] INFO org.evosuite.runtime.instrumentation.EvoClassLoader - Keeping class: net.sf.saxon.om.NodeInfo
18:07:49.200 [main] INFO org.evosuite.runtime.instrumentation.EvoClassLoader - Seeing class for first time: net.sf.saxon.Configuration
18:07:49.200 [main] INFO org.evosuite.runtime.instrumentation.EvoClassLoader - Instrumenting class 'net.sf.saxon.Configuration'.
18:07:49.209 [main] INFO org.evosuite.runtime.instrumentation.MethodCallReplacementClassAdapter - Adding mock interface to class net/sf/saxon/Configuration
18:07:49.227 [main] INFO org.evosuite.runtime.instrumentation.CreateClassResetClassAdapter - Found static initializer in class net/sf/saxon/Configuration
18:07:49.227 [main] INFO org.evosuite.runtime.instrumentation.EvoClassLoader - Defined package (3): package net.sf.saxon, 1963389215
18:07:49.229 [main] INFO org.evosuite.runtime.instrumentation.EvoClassLoader - Seeing class for first time: net.sf.saxon.lib.SourceResolver
18:07:49.229 [main] INFO org.evosuite.runtime.instrumentation.EvoClassLoader - Instrumenting class 'net.sf.saxon.lib.SourceResolver'.
18:07:49.230 [main] INFO org.evosuite.runtime.instrumentation.EvoClassLoader - Defined package (3): package net.sf.saxon.lib, -940452554
18:07:49.230 [main] INFO org.evosuite.runtime.instrumentation.EvoClassLoader - Keeping class: net.sf.saxon.lib.SourceResolver
18:07:49.230 [main] INFO org.evosuite.runtime.instrumentation.EvoClassLoader - Seeing class for first time: net.sf.saxon.om.NotationSet
18:07:49.230 [main] INFO org.evosuite.runtime.instrumentation.EvoClassLoader - Instrumenting class 'net.sf.saxon.om.NotationSet'.
18:07:49.231 [main] INFO org.evosuite.runtime.instrumentation.EvoClassLoader - Keeping class: net.sf.saxon.om.NotationSet
18:07:49.231 [main] INFO org.evosuite.runtime.instrumentation.EvoClassLoader - Keeping class: net.sf.saxon.Configuration
18:07:49.231 [main] INFO org.evosuite.runtime.instrumentation.EvoClassLoader - Seeing class for first time: net.sf.saxon.tree.tiny.TinyTree
18:07:49.231 [main] INFO org.evosuite.runtime.instrumentation.EvoClassLoader - Instrumenting class 'net.sf.saxon.tree.tiny.TinyTree'.
18:07:49.233 [main] INFO org.evosuite.runtime.instrumentation.MethodCallReplacementClassAdapter - Adding mock interface to class net/sf/saxon/tree/tiny/TinyTree
18:07:49.236 [main] INFO org.evosuite.runtime.instrumentation.CreateClassResetClassAdapter - Found static initializer in class net/sf/saxon/tree/tiny/TinyTree
18:07:49.237 [main] INFO org.evosuite.runtime.instrumentation.EvoClassLoader - Seeing class for first time: net.sf.saxon.tree.tiny.NodeVectorTree
18:07:49.237 [main] INFO org.evosuite.runtime.instrumentation.EvoClassLoader - Instrumenting class 'net.sf.saxon.tree.tiny.NodeVectorTree'.
18:07:49.237 [main] INFO org.evosuite.runtime.instrumentation.EvoClassLoader - Keeping class: net.sf.saxon.tree.tiny.NodeVectorTree
18:07:49.237 [main] INFO org.evosuite.runtime.instrumentation.EvoClassLoader - Keeping class: net.sf.saxon.tree.tiny.TinyTree
18:07:49.238 [main] INFO org.evosuite.runtime.instrumentation.EvoClassLoader - Seeing class for first time: net.sf.saxon.type.MissingComponentException
18:07:49.238 [main] INFO org.evosuite.runtime.instrumentation.EvoClassLoader - Instrumenting class 'net.sf.saxon.type.MissingComponentException'.
18:07:49.238 [main] INFO org.evosuite.runtime.instrumentation.MethodCallReplacementClassAdapter - Adding mock interface to class net/sf/saxon/type/MissingComponentException
18:07:49.238 [main] INFO org.evosuite.runtime.instrumentation.CreateClassResetClassAdapter - Creating brand-new static initializer in class net/sf/saxon/type/MissingComponentException
18:07:49.238 [main] INFO org.evosuite.runtime.instrumentation.EvoClassLoader - Defined package (3): package net.sf.saxon.type, 910996137
18:07:49.238 [main] INFO org.evosuite.runtime.instrumentation.EvoClassLoader - Seeing class for first time: net.sf.saxon.type.SchemaException
18:07:49.238 [main] INFO org.evosuite.runtime.instrumentation.EvoClassLoader - Instrumenting class 'net.sf.saxon.type.SchemaException'.
18:07:49.238 [main] INFO org.evosuite.runtime.instrumentation.MethodCallReplacementClassAdapter - Adding mock interface to class net/sf/saxon/type/SchemaException
18:07:49.239 [main] INFO org.evosuite.runtime.instrumentation.CreateClassResetClassAdapter - Creating brand-new static initializer in class net/sf/saxon/type/SchemaException
18:07:49.239 [main] INFO org.evosuite.runtime.instrumentation.EvoClassLoader - Seeing class for first time: net.sf.saxon.trans.XPathException
18:07:49.239 [main] INFO org.evosuite.runtime.instrumentation.EvoClassLoader - Instrumenting class 'net.sf.saxon.trans.XPathException'.
18:07:49.239 [main] INFO org.evosuite.runtime.instrumentation.MethodCallReplacementClassAdapter - Adding mock interface to class net/sf/saxon/trans/XPathException
18:07:49.240 [main] INFO org.evosuite.runtime.instrumentation.CreateClassResetClassAdapter - Creating brand-new static initializer in class net/sf/saxon/trans/XPathException
18:07:49.240 [main] INFO org.evosuite.runtime.instrumentation.EvoClassLoader - Defined package (3): package net.sf.saxon.trans, -1824113383
18:07:49.241 [main] INFO org.evosuite.runtime.instrumentation.EvoClassLoader - Keeping class: net.sf.saxon.trans.XPathException
18:07:49.241 [main] INFO org.evosuite.runtime.instrumentation.EvoClassLoader - Keeping class: net.sf.saxon.type.SchemaException
18:07:49.241 [main] INFO org.evosuite.runtime.instrumentation.EvoClassLoader - Keeping class: net.sf.saxon.type.MissingComponentException
18:07:49.241 [main] INFO org.evosuite.runtime.instrumentation.EvoClassLoader - Seeing class for first time: net.sf.saxon.type.ValidationException
18:07:49.241 [main] INFO org.evosuite.runtime.instrumentation.EvoClassLoader - Instrumenting class 'net.sf.saxon.type.ValidationException'.
18:07:49.241 [main] INFO org.evosuite.runtime.instrumentation.MethodCallReplacementClassAdapter - Adding mock interface to class net/sf/saxon/type/ValidationException
18:07:49.242 [main] INFO org.evosuite.runtime.instrumentation.CreateClassResetClassAdapter - Creating brand-new static initializer in class net/sf/saxon/type/ValidationException
18:07:49.242 [main] INFO org.evosuite.runtime.instrumentation.EvoClassLoader - Keeping class: net.sf.saxon.type.ValidationException
18:07:49.242 [main] INFO org.evosuite.runtime.instrumentation.EvoClassLoader - Seeing class for first time: net.sf.saxon.z.IntSet
18:07:49.242 [main] INFO org.evosuite.runtime.instrumentation.EvoClassLoader - Instrumenting class 'net.sf.saxon.z.IntSet'.
18:07:49.244 [main] INFO org.evosuite.runtime.instrumentation.EvoClassLoader - Defined package (3): package net.sf.saxon.z, 1326394219
18:07:49.244 [main] INFO org.evosuite.runtime.instrumentation.EvoClassLoader - Keeping class: net.sf.saxon.z.IntSet
18:07:49.244 [main] INFO org.evosuite.runtime.instrumentation.EvoClassLoader - Seeing class for first time: net.sf.saxon.tree.tiny.AppendableCharSequence
18:07:49.244 [main] INFO org.evosuite.runtime.instrumentation.EvoClassLoader - Instrumenting class 'net.sf.saxon.tree.tiny.AppendableCharSequence'.
18:07:49.245 [main] INFO org.evosuite.runtime.instrumentation.EvoClassLoader - Keeping class: net.sf.saxon.tree.tiny.AppendableCharSequence
18:07:49.245 [main] INFO org.evosuite.runtime.instrumentation.EvoClassLoader - Seeing class for first time: net.sf.saxon.tree.tiny.TinyNodeImpl
18:07:49.245 [main] INFO org.evosuite.runtime.instrumentation.EvoClassLoader - Instrumenting class 'net.sf.saxon.tree.tiny.TinyNodeImpl'.
18:07:49.246 [main] INFO org.evosuite.runtime.instrumentation.MethodCallReplacementClassAdapter - Adding mock interface to class net/sf/saxon/tree/tiny/TinyNodeImpl
18:07:49.248 [main] INFO org.evosuite.runtime.instrumentation.CreateClassResetClassAdapter - Found static initializer in class net/sf/saxon/tree/tiny/TinyNodeImpl
18:07:49.248 [main] INFO org.evosuite.runtime.instrumentation.EvoClassLoader - Keeping class: net.sf.saxon.tree.tiny.TinyNodeImpl
18:07:49.248 [main] INFO org.evosuite.runtime.instrumentation.EvoClassLoader - Seeing class for first time: net.sf.saxon.tree.tiny.TinyDocumentImpl
18:07:49.248 [main] INFO org.evosuite.runtime.instrumentation.EvoClassLoader - Instrumenting class 'net.sf.saxon.tree.tiny.TinyDocumentImpl'.
18:07:49.249 [main] INFO org.evosuite.runtime.instrumentation.MethodCallReplacementClassAdapter - Adding mock interface to class net/sf/saxon/tree/tiny/TinyDocumentImpl
18:07:49.250 [main] INFO org.evosuite.runtime.instrumentation.CreateClassResetClassAdapter - Creating brand-new static initializer in class net/sf/saxon/tree/tiny/TinyDocumentImpl
18:07:49.250 [main] INFO org.evosuite.runtime.instrumentation.EvoClassLoader - Seeing class for first time: net.sf.saxon.tree.tiny.TinyParentNodeImpl
18:07:49.250 [main] INFO org.evosuite.runtime.instrumentation.EvoClassLoader - Instrumenting class 'net.sf.saxon.tree.tiny.TinyParentNodeImpl'.
18:07:49.251 [main] INFO org.evosuite.runtime.instrumentation.MethodCallReplacementClassAdapter - Adding mock interface to class net/sf/saxon/tree/tiny/TinyParentNodeImpl
18:07:49.251 [main] INFO org.evosuite.runtime.instrumentation.CreateClassResetClassAdapter - Creating brand-new static initializer in class net/sf/saxon/tree/tiny/TinyParentNodeImpl
18:07:49.252 [main] INFO org.evosuite.runtime.instrumentation.EvoClassLoader - Keeping class: net.sf.saxon.tree.tiny.TinyParentNodeImpl
18:07:49.252 [main] INFO org.evosuite.runtime.instrumentation.EvoClassLoader - Keeping class: net.sf.saxon.tree.tiny.TinyDocumentImpl
18:07:49.252 [main] INFO org.evosuite.runtime.instrumentation.EvoClassLoader - Seeing class for first time: net.sf.saxon.tree.tiny.TinyElementImpl
18:07:49.252 [main] INFO org.evosuite.runtime.instrumentation.EvoClassLoader - Instrumenting class 'net.sf.saxon.tree.tiny.TinyElementImpl'.
18:07:49.253 [main] INFO org.evosuite.runtime.instrumentation.MethodCallReplacementClassAdapter - Adding mock interface to class net/sf/saxon/tree/tiny/TinyElementImpl
18:07:49.258 [main] INFO org.evosuite.runtime.instrumentation.CreateClassResetClassAdapter - Creating brand-new static initializer in class net/sf/saxon/tree/tiny/TinyElementImpl
18:07:49.258 [main] INFO org.evosuite.runtime.instrumentation.EvoClassLoader - Keeping class: net.sf.saxon.tree.tiny.TinyElementImpl
18:07:49.258 [main] INFO org.evosuite.runtime.instrumentation.EvoClassLoader - Seeing class for first time: net.sf.saxon.tree.tiny.TinyTextualElement
18:07:49.258 [main] INFO org.evosuite.runtime.instrumentation.EvoClassLoader - Instrumenting class 'net.sf.saxon.tree.tiny.TinyTextualElement'.
18:07:49.260 [main] INFO org.evosuite.runtime.instrumentation.MethodCallReplacementClassAdapter - Adding mock interface to class net/sf/saxon/tree/tiny/TinyTextualElement
18:07:49.262 [main] INFO org.evosuite.runtime.instrumentation.CreateClassResetClassAdapter - Creating brand-new static initializer in class net/sf/saxon/tree/tiny/TinyTextualElement
18:07:49.262 [main] INFO org.evosuite.runtime.instrumentation.EvoClassLoader - Keeping class: net.sf.saxon.tree.tiny.TinyTextualElement
18:07:49.262 [main] INFO org.evosuite.runtime.instrumentation.EvoClassLoader - Seeing class for first time: net.sf.saxon.tree.tiny.TinyTextImpl
18:07:49.262 [main] INFO org.evosuite.runtime.instrumentation.EvoClassLoader - Instrumenting class 'net.sf.saxon.tree.tiny.TinyTextImpl'.
18:07:49.263 [main] INFO org.evosuite.runtime.instrumentation.MethodCallReplacementClassAdapter - Adding mock interface to class net/sf/saxon/tree/tiny/TinyTextImpl
18:07:49.264 [main] INFO org.evosuite.runtime.instrumentation.CreateClassResetClassAdapter - Creating brand-new static initializer in class net/sf/saxon/tree/tiny/TinyTextImpl
18:07:49.264 [main] INFO org.evosuite.runtime.instrumentation.EvoClassLoader - Keeping class: net.sf.saxon.tree.tiny.TinyTextImpl
18:07:49.264 [main] INFO org.evosuite.runtime.instrumentation.EvoClassLoader - Seeing class for first time: net.sf.saxon.tree.tiny.WhitespaceTextImpl
18:07:49.264 [main] INFO org.evosuite.runtime.instrumentation.EvoClassLoader - Instrumenting class 'net.sf.saxon.tree.tiny.WhitespaceTextImpl'.
18:07:49.265 [main] INFO org.evosuite.runtime.instrumentation.MethodCallReplacementClassAdapter - Adding mock interface to class net/sf/saxon/tree/tiny/WhitespaceTextImpl
18:07:49.265 [main] INFO org.evosuite.runtime.instrumentation.CreateClassResetClassAdapter - Creating brand-new static initializer in class net/sf/saxon/tree/tiny/WhitespaceTextImpl
18:07:49.266 [main] INFO org.evosuite.runtime.instrumentation.EvoClassLoader - Keeping class: net.sf.saxon.tree.tiny.WhitespaceTextImpl
18:07:49.266 [main] INFO org.evosuite.runtime.instrumentation.EvoClassLoader - Seeing class for first time: net.sf.saxon.tree.tiny.TinyCommentImpl
18:07:49.266 [main] INFO org.evosuite.runtime.instrumentation.EvoClassLoader - Instrumenting class 'net.sf.saxon.tree.tiny.TinyCommentImpl'.
18:07:49.266 [main] INFO org.evosuite.runtime.instrumentation.MethodCallReplacementClassAdapter - Adding mock interface to class net/sf/saxon/tree/tiny/TinyCommentImpl
18:07:49.267 [main] INFO org.evosuite.runtime.instrumentation.CreateClassResetClassAdapter - Creating brand-new static initializer in class net/sf/saxon/tree/tiny/TinyCommentImpl
18:07:49.267 [main] INFO org.evosuite.runtime.instrumentation.EvoClassLoader - Keeping class: net.sf.saxon.tree.tiny.TinyCommentImpl
18:07:49.267 [main] INFO org.evosuite.runtime.instrumentation.EvoClassLoader - Seeing class for first time: net.sf.saxon.tree.tiny.TinyProcInstImpl
18:07:49.267 [main] INFO org.evosuite.runtime.instrumentation.EvoClassLoader - Instrumenting class 'net.sf.saxon.tree.tiny.TinyProcInstImpl'.
18:07:49.268 [main] INFO org.evosuite.runtime.instrumentation.MethodCallReplacementClassAdapter - Adding mock interface to class net/sf/saxon/tree/tiny/TinyProcInstImpl
18:07:49.269 [main] INFO org.evosuite.runtime.instrumentation.CreateClassResetClassAdapter - Creating brand-new static initializer in class net/sf/saxon/tree/tiny/TinyProcInstImpl
18:07:49.269 [main] INFO org.evosuite.runtime.instrumentation.EvoClassLoader - Keeping class: net.sf.saxon.tree.tiny.TinyProcInstImpl
18:07:49.269 [main] INFO org.evosuite.runtime.instrumentation.EvoClassLoader - Seeing class for first time: net.sf.saxon.value.AtomicValue
18:07:49.269 [main] INFO org.evosuite.runtime.instrumentation.EvoClassLoader - Instrumenting class 'net.sf.saxon.value.AtomicValue'.
18:07:49.270 [main] INFO org.evosuite.runtime.instrumentation.MethodCallReplacementClassAdapter - Adding mock interface to class net/sf/saxon/value/AtomicValue
18:07:49.272 [main] INFO org.evosuite.runtime.instrumentation.CreateClassResetClassAdapter - Creating brand-new static initializer in class net/sf/saxon/value/AtomicValue
18:07:49.272 [main] INFO org.evosuite.runtime.instrumentation.EvoClassLoader - Defined package (3): package net.sf.saxon.value, -1822762014
18:07:49.273 [main] INFO org.evosuite.runtime.instrumentation.EvoClassLoader - Seeing class for first time: net.sf.saxon.om.AtomicSequence
18:07:49.273 [main] INFO org.evosuite.runtime.instrumentation.EvoClassLoader - Instrumenting class 'net.sf.saxon.om.AtomicSequence'.
18:07:49.274 [main] INFO org.evosuite.runtime.instrumentation.EvoClassLoader - Keeping class: net.sf.saxon.om.AtomicSequence
18:07:49.274 [main] INFO org.evosuite.runtime.instrumentation.EvoClassLoader - Seeing class for first time: net.sf.saxon.type.ConversionResult
18:07:49.274 [main] INFO org.evosuite.runtime.instrumentation.EvoClassLoader - Instrumenting class 'net.sf.saxon.type.ConversionResult'.
18:07:49.274 [main] INFO org.evosuite.runtime.instrumentation.EvoClassLoader - Keeping class: net.sf.saxon.type.ConversionResult
18:07:49.275 [main] INFO org.evosuite.runtime.instrumentation.EvoClassLoader - Seeing class for first time: net.sf.saxon.om.IdentityComparable
18:07:49.275 [main] INFO org.evosuite.runtime.instrumentation.EvoClassLoader - Instrumenting class 'net.sf.saxon.om.IdentityComparable'.
18:07:49.275 [main] INFO org.evosuite.runtime.instrumentation.EvoClassLoader - Keeping class: net.sf.saxon.om.IdentityComparable
18:07:49.276 [main] INFO org.evosuite.runtime.instrumentation.EvoClassLoader - Keeping class: net.sf.saxon.value.AtomicValue
18:07:49.276 [main] INFO org.evosuite.runtime.instrumentation.EvoClassLoader - Seeing class for first time: net.sf.saxon.value.UntypedAtomicValue
18:07:49.276 [main] INFO org.evosuite.runtime.instrumentation.EvoClassLoader - Instrumenting class 'net.sf.saxon.value.UntypedAtomicValue'.
18:07:49.276 [main] INFO org.evosuite.runtime.instrumentation.MethodCallReplacementClassAdapter - Adding mock interface to class net/sf/saxon/value/UntypedAtomicValue
18:07:49.277 [main] INFO org.evosuite.runtime.instrumentation.CreateClassResetClassAdapter - Found static initializer in class net/sf/saxon/value/UntypedAtomicValue
18:07:49.278 [main] INFO org.evosuite.runtime.instrumentation.EvoClassLoader - Seeing class for first time: net.sf.saxon.value.StringValue
18:07:49.278 [main] INFO org.evosuite.runtime.instrumentation.EvoClassLoader - Instrumenting class 'net.sf.saxon.value.StringValue'.
18:07:49.279 [main] INFO org.evosuite.runtime.instrumentation.MethodCallReplacementClassAdapter - Adding mock interface to class net/sf/saxon/value/StringValue
18:07:49.280 [main] INFO org.evosuite.runtime.instrumentation.CreateClassResetClassAdapter - Found static initializer in class net/sf/saxon/value/StringValue
18:07:49.281 [main] INFO org.evosuite.runtime.instrumentation.EvoClassLoader - Keeping class: net.sf.saxon.value.StringValue
18:07:49.281 [main] INFO org.evosuite.runtime.instrumentation.EvoClassLoader - Keeping class: net.sf.saxon.value.UntypedAtomicValue
18:07:49.282 [main] INFO org.evosuite.runtime.instrumentation.EvoClassLoader - Seeing class for first time: net.sf.saxon.type.SchemaType
18:07:49.282 [main] INFO org.evosuite.runtime.instrumentation.EvoClassLoader - Instrumenting class 'net.sf.saxon.type.SchemaType'.
18:07:49.283 [main] INFO org.evosuite.runtime.instrumentation.EvoClassLoader - Seeing class for first time: net.sf.saxon.type.SchemaComponent
18:07:49.283 [main] INFO org.evosuite.runtime.instrumentation.EvoClassLoader - Instrumenting class 'net.sf.saxon.type.SchemaComponent'.
18:07:49.284 [main] INFO org.evosuite.runtime.instrumentation.EvoClassLoader - Keeping class: net.sf.saxon.type.SchemaComponent
18:07:49.284 [main] INFO org.evosuite.runtime.instrumentation.EvoClassLoader - Keeping class: net.sf.saxon.type.SchemaType
18:07:49.284 [main] INFO org.evosuite.runtime.instrumentation.EvoClassLoader - Seeing class for first time: net.sf.saxon.type.AtomicType
18:07:49.284 [main] INFO org.evosuite.runtime.instrumentation.EvoClassLoader - Instrumenting class 'net.sf.saxon.type.AtomicType'.
18:07:49.285 [main] INFO org.evosuite.runtime.instrumentation.EvoClassLoader - Seeing class for first time: net.sf.saxon.type.SimpleType
18:07:49.285 [main] INFO org.evosuite.runtime.instrumentation.EvoClassLoader - Instrumenting class 'net.sf.saxon.type.SimpleType'.
18:07:49.286 [main] INFO org.evosuite.runtime.instrumentation.EvoClassLoader - Keeping class: net.sf.saxon.type.SimpleType
18:07:49.286 [main] INFO org.evosuite.runtime.instrumentation.EvoClassLoader - Seeing class for first time: net.sf.saxon.type.PlainType
18:07:49.286 [main] INFO org.evosuite.runtime.instrumentation.EvoClassLoader - Instrumenting class 'net.sf.saxon.type.PlainType'.
18:07:49.287 [main] INFO org.evosuite.runtime.instrumentation.EvoClassLoader - Seeing class for first time: net.sf.saxon.type.ItemType
18:07:49.287 [main] INFO org.evosuite.runtime.instrumentation.EvoClassLoader - Instrumenting class 'net.sf.saxon.type.ItemType'.
18:07:49.288 [main] INFO org.evosuite.runtime.instrumentation.EvoClassLoader - Keeping class: net.sf.saxon.type.ItemType
18:07:49.288 [main] INFO org.evosuite.runtime.instrumentation.EvoClassLoader - Keeping class: net.sf.saxon.type.PlainType
18:07:49.289 [main] INFO org.evosuite.runtime.instrumentation.EvoClassLoader - Keeping class: net.sf.saxon.type.AtomicType
18:07:49.289 [main] INFO org.evosuite.runtime.instrumentation.EvoClassLoader - Seeing class for first time: net.sf.saxon.tree.tiny.TinyAttributeImpl
18:07:49.289 [main] INFO org.evosuite.runtime.instrumentation.EvoClassLoader - Instrumenting class 'net.sf.saxon.tree.tiny.TinyAttributeImpl'.
18:07:49.290 [main] INFO org.evosuite.runtime.instrumentation.MethodCallReplacementClassAdapter - Adding mock interface to class net/sf/saxon/tree/tiny/TinyAttributeImpl
18:07:49.293 [main] INFO org.evosuite.runtime.instrumentation.CreateClassResetClassAdapter - Creating brand-new static initializer in class net/sf/saxon/tree/tiny/TinyAttributeImpl
18:07:49.293 [main] INFO org.evosuite.runtime.instrumentation.EvoClassLoader - Keeping class: net.sf.saxon.tree.tiny.TinyAttributeImpl
18:07:49.294 [main] INFO org.evosuite.runtime.instrumentation.EvoClassLoader - Seeing class for first time: net.sf.saxon.om.NamespaceBinding
18:07:49.294 [main] INFO org.evosuite.runtime.instrumentation.EvoClassLoader - Instrumenting class 'net.sf.saxon.om.NamespaceBinding'.
18:07:49.294 [main] INFO org.evosuite.runtime.instrumentation.MethodCallReplacementClassAdapter - Adding mock interface to class net/sf/saxon/om/NamespaceBinding
18:07:49.296 [main] INFO org.evosuite.runtime.instrumentation.CreateClassResetClassAdapter - Found static initializer in class net/sf/saxon/om/NamespaceBinding
18:07:49.296 [main] INFO org.evosuite.runtime.instrumentation.EvoClassLoader - Seeing class for first time: net.sf.saxon.om.NamespaceBindingSet
18:07:49.296 [main] INFO org.evosuite.runtime.instrumentation.EvoClassLoader - Instrumenting class 'net.sf.saxon.om.NamespaceBindingSet'.
18:07:49.297 [main] INFO org.evosuite.runtime.instrumentation.EvoClassLoader - Keeping class: net.sf.saxon.om.NamespaceBindingSet
18:07:49.297 [main] INFO org.evosuite.runtime.instrumentation.EvoClassLoader - Keeping class: net.sf.saxon.om.NamespaceBinding
18:07:49.298 [main] INFO org.evosuite.runtime.instrumentation.EvoClassLoader - Seeing class for first time: net.sf.saxon.om.NamePool
18:07:49.298 [main] INFO org.evosuite.runtime.instrumentation.EvoClassLoader - Instrumenting class 'net.sf.saxon.om.NamePool'.
18:07:49.299 [main] INFO org.evosuite.runtime.instrumentation.MethodCallReplacementClassAdapter - Adding mock interface to class net/sf/saxon/om/NamePool
18:07:49.300 [main] INFO org.evosuite.runtime.instrumentation.CreateClassResetClassAdapter - Creating brand-new static initializer in class net/sf/saxon/om/NamePool
18:07:49.300 [main] INFO org.evosuite.runtime.instrumentation.CreateClassResetClassAdapter - Adding bytecode for initializing field FP_MASK
18:07:49.300 [main] INFO org.evosuite.runtime.instrumentation.CreateClassResetClassAdapter - Adding bytecode for initializing field USER_DEFINED_MASK
18:07:49.300 [main] INFO org.evosuite.runtime.instrumentation.CreateClassResetClassAdapter - Adding bytecode for initializing field MAX_FINGERPRINT
18:07:49.300 [main] INFO org.evosuite.runtime.instrumentation.EvoClassLoader - Keeping class: net.sf.saxon.om.NamePool
18:07:49.300 [main] INFO org.evosuite.runtime.instrumentation.EvoClassLoader - Seeing class for first time: net.sf.saxon.om.PrefixPool
18:07:49.300 [main] INFO org.evosuite.runtime.instrumentation.EvoClassLoader - Instrumenting class 'net.sf.saxon.om.PrefixPool'.
18:07:49.300 [main] INFO org.evosuite.runtime.instrumentation.MethodCallReplacementClassAdapter - Adding mock interface to class net/sf/saxon/om/PrefixPool
18:07:49.301 [main] INFO org.evosuite.runtime.instrumentation.CreateClassResetClassAdapter - Creating brand-new static initializer in class net/sf/saxon/om/PrefixPool
18:07:49.301 [main] INFO org.evosuite.runtime.instrumentation.EvoClassLoader - Keeping class: net.sf.saxon.om.PrefixPool
18:07:49.301 [main] INFO org.evosuite.runtime.instrumentation.EvoClassLoader - Seeing class for first time: net.sf.saxon.om.NoElementsSpaceStrippingRule
18:07:49.301 [main] INFO org.evosuite.runtime.instrumentation.EvoClassLoader - Instrumenting class 'net.sf.saxon.om.NoElementsSpaceStrippingRule'.
18:07:49.302 [main] INFO org.evosuite.runtime.instrumentation.MethodCallReplacementClassAdapter - Adding mock interface to class net/sf/saxon/om/NoElementsSpaceStrippingRule
18:07:49.302 [main] INFO org.evosuite.runtime.instrumentation.CreateClassResetClassAdapter - Found static initializer in class net/sf/saxon/om/NoElementsSpaceStrippingRule
18:07:49.302 [main] INFO org.evosuite.runtime.instrumentation.EvoClassLoader - Keeping class: net.sf.saxon.om.NoElementsSpaceStrippingRule
18:07:49.302 [main] INFO org.evosuite.runtime.instrumentation.EvoClassLoader - Seeing class for first time: net.sf.saxon.trace.ExpressionPresenter
18:07:49.302 [main] INFO org.evosuite.runtime.instrumentation.EvoClassLoader - Instrumenting class 'net.sf.saxon.trace.ExpressionPresenter'.
18:07:49.303 [main] INFO org.evosuite.runtime.instrumentation.MethodCallReplacementClassAdapter - Adding mock interface to class net/sf/saxon/trace/ExpressionPresenter
18:07:49.307 [main] INFO org.evosuite.runtime.instrumentation.CreateClassResetClassAdapter - Creating brand-new static initializer in class net/sf/saxon/trace/ExpressionPresenter
18:07:49.307 [main] INFO org.evosuite.runtime.instrumentation.EvoClassLoader - Defined package (3): package net.sf.saxon.trace, -1824113738
18:07:49.308 [main] INFO org.evosuite.runtime.instrumentation.EvoClassLoader - Keeping class: net.sf.saxon.trace.ExpressionPresenter
18:07:49.308 [main] INFO org.evosuite.runtime.instrumentation.EvoClassLoader - Seeing class for first time: net.sf.saxon.event.Receiver
18:07:49.308 [main] INFO org.evosuite.runtime.instrumentation.EvoClassLoader - Instrumenting class 'net.sf.saxon.event.Receiver'.
18:07:49.309 [main] INFO org.evosuite.runtime.instrumentation.EvoClassLoader - Defined package (3): package net.sf.saxon.event, -1837843189
18:07:49.310 [main] INFO org.evosuite.runtime.instrumentation.EvoClassLoader - Keeping class: net.sf.saxon.event.Receiver
18:07:49.310 [main] INFO org.evosuite.runtime.instrumentation.EvoClassLoader - Seeing class for first time: net.sf.saxon.event.ProxyReceiver
18:07:49.310 [main] INFO org.evosuite.runtime.instrumentation.EvoClassLoader - Instrumenting class 'net.sf.saxon.event.ProxyReceiver'.
18:07:49.311 [main] INFO org.evosuite.runtime.instrumentation.MethodCallReplacementClassAdapter - Adding mock interface to class net/sf/saxon/event/ProxyReceiver
18:07:49.311 [main] INFO org.evosuite.runtime.instrumentation.CreateClassResetClassAdapter - Creating brand-new static initializer in class net/sf/saxon/event/ProxyReceiver
18:07:49.312 [main] INFO org.evosuite.runtime.instrumentation.EvoClassLoader - Seeing class for first time: net.sf.saxon.event.SequenceReceiver
18:07:49.312 [main] INFO org.evosuite.runtime.instrumentation.EvoClassLoader - Instrumenting class 'net.sf.saxon.event.SequenceReceiver'.
18:07:49.313 [main] INFO org.evosuite.runtime.instrumentation.MethodCallReplacementClassAdapter - Adding mock interface to class net/sf/saxon/event/SequenceReceiver
18:07:49.314 [main] INFO org.evosuite.runtime.instrumentation.CreateClassResetClassAdapter - Creating brand-new static initializer in class net/sf/saxon/event/SequenceReceiver
18:07:49.315 [main] INFO org.evosuite.runtime.instrumentation.EvoClassLoader - Keeping class: net.sf.saxon.event.SequenceReceiver
18:07:49.315 [main] INFO org.evosuite.runtime.instrumentation.EvoClassLoader - Keeping class: net.sf.saxon.event.ProxyReceiver
18:07:49.315 [main] INFO org.evosuite.runtime.instrumentation.EvoClassLoader - Seeing class for first time: net.sf.saxon.om.NodeName
18:07:49.315 [main] INFO org.evosuite.runtime.instrumentation.EvoClassLoader - Instrumenting class 'net.sf.saxon.om.NodeName'.
18:07:49.316 [main] INFO org.evosuite.runtime.instrumentation.EvoClassLoader - Keeping class: net.sf.saxon.om.NodeName
18:07:49.317 [main] INFO org.evosuite.runtime.instrumentation.EvoClassLoader - Seeing class for first time: net.sf.saxon.tree.util.FastStringBuffer
18:07:49.317 [main] INFO org.evosuite.runtime.instrumentation.EvoClassLoader - Instrumenting class 'net.sf.saxon.tree.util.FastStringBuffer'.
18:07:49.319 [main] INFO org.evosuite.runtime.instrumentation.MethodCallReplacementClassAdapter - Adding mock interface to class net/sf/saxon/tree/util/FastStringBuffer
18:07:49.320 [main] INFO org.evosuite.runtime.instrumentation.CreateClassResetClassAdapter - Creating brand-new static initializer in class net/sf/saxon/tree/util/FastStringBuffer
18:07:49.320 [main] INFO org.evosuite.runtime.instrumentation.CreateClassResetClassAdapter - Adding bytecode for initializing field C16
18:07:49.320 [main] INFO org.evosuite.runtime.instrumentation.CreateClassResetClassAdapter - Adding bytecode for initializing field C64
18:07:49.320 [main] INFO org.evosuite.runtime.instrumentation.CreateClassResetClassAdapter - Adding bytecode for initializing field C256
18:07:49.320 [main] INFO org.evosuite.runtime.instrumentation.CreateClassResetClassAdapter - Adding bytecode for initializing field C1024
18:07:49.320 [main] INFO org.evosuite.runtime.instrumentation.EvoClassLoader - Defined package (3): package net.sf.saxon.tree.util, -1645743549
18:07:49.320 [main] INFO org.evosuite.runtime.instrumentation.EvoClassLoader - Keeping class: net.sf.saxon.tree.util.FastStringBuffer
18:07:49.320 [main] INFO org.evosuite.runtime.instrumentation.EvoClassLoader - Seeing class for first time: net.sf.saxon.regex.UnicodeString
18:07:49.320 [main] INFO org.evosuite.runtime.instrumentation.EvoClassLoader - Instrumenting class 'net.sf.saxon.regex.UnicodeString'.
18:07:49.321 [main] INFO org.evosuite.runtime.instrumentation.MethodCallReplacementClassAdapter - Adding mock interface to class net/sf/saxon/regex/UnicodeString
18:07:49.321 [main] INFO org.evosuite.runtime.instrumentation.CreateClassResetClassAdapter - Creating brand-new static initializer in class net/sf/saxon/regex/UnicodeString
18:07:49.321 [main] INFO org.evosuite.runtime.instrumentation.EvoClassLoader - Defined package (3): package net.sf.saxon.regex, -1826342216
18:07:49.322 [main] INFO org.evosuite.runtime.instrumentation.EvoClassLoader - Keeping class: net.sf.saxon.regex.UnicodeString
18:07:49.322 [main] INFO org.evosuite.runtime.instrumentation.EvoClassLoader - Seeing class for first time: io.netty.buffer.PoolThreadCache$1
18:07:49.322 [main] INFO org.evosuite.runtime.instrumentation.EvoClassLoader - Instrumenting class 'io.netty.buffer.PoolThreadCache$1'.
18:07:49.322 [main] INFO org.evosuite.runtime.instrumentation.MethodCallReplacementClassAdapter - Adding mock interface to class io/netty/buffer/PoolThreadCache$1
18:07:49.323 [main] INFO org.evosuite.runtime.instrumentation.EvoClassLoader - Keeping class: io.netty.buffer.PoolThreadCache$1
18:07:49.323 [main] INFO org.evosuite.runtime.instrumentation.EvoClassLoader - Seeing class for first time: io.netty.buffer.PoolArena$1
18:07:49.323 [main] INFO org.evosuite.runtime.instrumentation.EvoClassLoader - Instrumenting class 'io.netty.buffer.PoolArena$1'.
18:07:49.323 [main] INFO org.evosuite.runtime.instrumentation.MethodCallReplacementClassAdapter - Adding mock interface to class io/netty/buffer/PoolArena$1
18:07:49.324 [main] INFO org.evosuite.runtime.instrumentation.EvoClassLoader - Keeping class: io.netty.buffer.PoolArena$1
18:07:49.324 [main] INFO org.evosuite.runtime.instrumentation.EvoClassLoader - Seeing class for first time: net.sf.saxon.om.SequenceIterator
18:07:49.324 [main] INFO org.evosuite.runtime.instrumentation.EvoClassLoader - Instrumenting class 'net.sf.saxon.om.SequenceIterator'.
18:07:49.325 [main] INFO org.evosuite.runtime.instrumentation.EvoClassLoader - Keeping class: net.sf.saxon.om.SequenceIterator
18:07:49.325 [main] INFO org.evosuite.runtime.instrumentation.EvoClassLoader - Seeing class for first time: net.sf.saxon.tree.iter.UnfailingIterator
18:07:49.325 [main] INFO org.evosuite.runtime.instrumentation.EvoClassLoader - Instrumenting class 'net.sf.saxon.tree.iter.UnfailingIterator'.
18:07:49.325 [main] INFO org.evosuite.runtime.instrumentation.EvoClassLoader - Defined package (3): package net.sf.saxon.tree.iter, -1646101159
18:07:49.325 [main] INFO org.evosuite.runtime.instrumentation.EvoClassLoader - Keeping class: net.sf.saxon.tree.iter.UnfailingIterator
18:07:49.325 [main] INFO org.evosuite.runtime.instrumentation.EvoClassLoader - Seeing class for first time: net.sf.saxon.tree.iter.AtomicIterator
18:07:49.325 [main] INFO org.evosuite.runtime.instrumentation.EvoClassLoader - Instrumenting class 'net.sf.saxon.tree.iter.AtomicIterator'.
18:07:49.326 [main] INFO org.evosuite.runtime.instrumentation.EvoClassLoader - Keeping class: net.sf.saxon.tree.iter.AtomicIterator
18:07:49.326 [main] INFO org.evosuite.runtime.instrumentation.EvoClassLoader - Seeing class for first time: net.sf.saxon.trans.NoDynamicContextException
18:07:49.326 [main] INFO org.evosuite.runtime.instrumentation.EvoClassLoader - Instrumenting class 'net.sf.saxon.trans.NoDynamicContextException'.
18:07:49.326 [main] INFO org.evosuite.runtime.instrumentation.MethodCallReplacementClassAdapter - Adding mock interface to class net/sf/saxon/trans/NoDynamicContextException
18:07:49.326 [main] INFO org.evosuite.runtime.instrumentation.CreateClassResetClassAdapter - Creating brand-new static initializer in class net/sf/saxon/trans/NoDynamicContextException
18:07:49.326 [main] INFO org.evosuite.runtime.instrumentation.EvoClassLoader - Keeping class: net.sf.saxon.trans.NoDynamicContextException
18:07:49.326 [main] INFO org.evosuite.runtime.instrumentation.EvoClassLoader - Seeing class for first time: net.sf.saxon.lib.StringCollator
18:07:49.326 [main] INFO org.evosuite.runtime.instrumentation.EvoClassLoader - Instrumenting class 'net.sf.saxon.lib.StringCollator'.
18:07:49.327 [main] INFO org.evosuite.runtime.instrumentation.EvoClassLoader - Keeping class: net.sf.saxon.lib.StringCollator
18:07:49.327 [main] INFO org.evosuite.runtime.instrumentation.EvoClassLoader - Seeing class for first time: net.sf.saxon.tree.iter.SingleAtomicIterator
18:07:49.327 [main] INFO org.evosuite.runtime.instrumentation.EvoClassLoader - Instrumenting class 'net.sf.saxon.tree.iter.SingleAtomicIterator'.
18:07:49.327 [main] INFO org.evosuite.runtime.instrumentation.MethodCallReplacementClassAdapter - Adding mock interface to class net/sf/saxon/tree/iter/SingleAtomicIterator
18:07:49.329 [main] INFO org.evosuite.runtime.instrumentation.CreateClassResetClassAdapter - Creating brand-new static initializer in class net/sf/saxon/tree/iter/SingleAtomicIterator
18:07:49.329 [main] INFO org.evosuite.runtime.instrumentation.EvoClassLoader - Seeing class for first time: net.sf.saxon.tree.iter.ReversibleIterator
18:07:49.329 [main] INFO org.evosuite.runtime.instrumentation.EvoClassLoader - Instrumenting class 'net.sf.saxon.tree.iter.ReversibleIterator'.
18:07:49.330 [main] INFO org.evosuite.runtime.instrumentation.EvoClassLoader - Keeping class: net.sf.saxon.tree.iter.ReversibleIterator
18:07:49.330 [main] INFO org.evosuite.runtime.instrumentation.EvoClassLoader - Seeing class for first time: net.sf.saxon.expr.LastPositionFinder
18:07:49.330 [main] INFO org.evosuite.runtime.instrumentation.EvoClassLoader - Instrumenting class 'net.sf.saxon.expr.LastPositionFinder'.
18:07:49.330 [main] INFO org.evosuite.runtime.instrumentation.EvoClassLoader - Defined package (3): package net.sf.saxon.expr, 910548324
18:07:49.331 [main] INFO org.evosuite.runtime.instrumentation.EvoClassLoader - Keeping class: net.sf.saxon.expr.LastPositionFinder
18:07:49.331 [main] INFO org.evosuite.runtime.instrumentation.EvoClassLoader - Seeing class for first time: net.sf.saxon.tree.iter.GroundedIterator
18:07:49.331 [main] INFO org.evosuite.runtime.instrumentation.EvoClassLoader - Instrumenting class 'net.sf.saxon.tree.iter.GroundedIterator'.
18:07:49.331 [main] INFO org.evosuite.runtime.instrumentation.EvoClassLoader - Keeping class: net.sf.saxon.tree.iter.GroundedIterator
18:07:49.331 [main] INFO org.evosuite.runtime.instrumentation.EvoClassLoader - Seeing class for first time: net.sf.saxon.tree.iter.LookaheadIterator
18:07:49.331 [main] INFO org.evosuite.runtime.instrumentation.EvoClassLoader - Instrumenting class 'net.sf.saxon.tree.iter.LookaheadIterator'.
18:07:49.332 [main] INFO org.evosuite.runtime.instrumentation.EvoClassLoader - Keeping class: net.sf.saxon.tree.iter.LookaheadIterator
18:07:49.332 [main] INFO org.evosuite.runtime.instrumentation.EvoClassLoader - Keeping class: net.sf.saxon.tree.iter.SingleAtomicIterator
18:07:49.332 [main] INFO org.evosuite.runtime.instrumentation.EvoClassLoader - Seeing class for first time: net.sf.saxon.expr.XPathContext
18:07:49.332 [main] INFO org.evosuite.runtime.instrumentation.EvoClassLoader - Instrumenting class 'net.sf.saxon.expr.XPathContext'.
18:07:49.333 [main] INFO org.evosuite.runtime.instrumentation.EvoClassLoader - Keeping class: net.sf.saxon.expr.XPathContext
18:07:49.333 [main] INFO org.evosuite.runtime.instrumentation.EvoClassLoader - Seeing class for first time: net.sf.saxon.functions.AccessorFn$Component
18:07:49.333 [main] INFO org.evosuite.runtime.instrumentation.EvoClassLoader - Instrumenting class 'net.sf.saxon.functions.AccessorFn$Component'.
18:07:49.334 [main] INFO org.evosuite.runtime.instrumentation.MethodCallReplacementClassAdapter - Adding mock interface to class net/sf/saxon/functions/AccessorFn$Component
18:07:49.334 [main] INFO org.evosuite.runtime.instrumentation.CreateClassResetClassAdapter - Found static initializer in class net/sf/saxon/functions/AccessorFn$Component
18:07:49.334 [main] INFO org.evosuite.runtime.instrumentation.EvoClassLoader - Defined package (3): package net.sf.saxon.functions, -1773096564
18:07:49.334 [main] INFO org.evosuite.runtime.instrumentation.EvoClassLoader - Keeping class: net.sf.saxon.functions.AccessorFn$Component
18:07:49.334 [main] INFO org.evosuite.runtime.instrumentation.EvoClassLoader - Seeing class for first time: net.sf.saxon.om.Genre
18:07:49.334 [main] INFO org.evosuite.runtime.instrumentation.EvoClassLoader - Instrumenting class 'net.sf.saxon.om.Genre'.
18:07:49.335 [main] INFO org.evosuite.runtime.instrumentation.MethodCallReplacementClassAdapter - Adding mock interface to class net/sf/saxon/om/Genre
18:07:49.336 [main] INFO org.evosuite.runtime.instrumentation.CreateClassResetClassAdapter - Found static initializer in class net/sf/saxon/om/Genre
18:07:49.336 [main] INFO org.evosuite.runtime.instrumentation.EvoClassLoader - Keeping class: net.sf.saxon.om.Genre
18:07:49.336 [main] INFO org.evosuite.runtime.instrumentation.EvoClassLoader - Seeing class for first time: net.sf.saxon.expr.sort.AtomicMatchKey
18:07:49.336 [main] INFO org.evosuite.runtime.instrumentation.EvoClassLoader - Instrumenting class 'net.sf.saxon.expr.sort.AtomicMatchKey'.
18:07:49.337 [main] INFO org.evosuite.runtime.instrumentation.EvoClassLoader - Defined package (3): package net.sf.saxon.expr.sort, -1187049496
18:07:49.337 [main] INFO org.evosuite.runtime.instrumentation.EvoClassLoader - Keeping class: net.sf.saxon.expr.sort.AtomicMatchKey
18:07:49.337 [main] INFO org.evosuite.runtime.instrumentation.EvoClassLoader - Seeing class for first time: net.sf.saxon.type.UType
18:07:49.337 [main] INFO org.evosuite.runtime.instrumentation.EvoClassLoader - Instrumenting class 'net.sf.saxon.type.UType'.
18:07:49.338 [main] INFO org.evosuite.runtime.instrumentation.MethodCallReplacementClassAdapter - Adding mock interface to class net/sf/saxon/type/UType
18:07:49.340 [main] INFO org.evosuite.runtime.instrumentation.CreateClassResetClassAdapter - Found static initializer in class net/sf/saxon/type/UType
18:07:49.340 [main] INFO org.evosuite.runtime.instrumentation.EvoClassLoader - Keeping class: net.sf.saxon.type.UType
18:07:49.340 [main] INFO org.evosuite.runtime.instrumentation.EvoClassLoader - Seeing class for first time: net.sf.saxon.type.BuiltInAtomicType
18:07:49.340 [main] INFO org.evosuite.runtime.instrumentation.EvoClassLoader - Instrumenting class 'net.sf.saxon.type.BuiltInAtomicType'.
18:07:49.342 [main] INFO org.evosuite.runtime.instrumentation.MethodCallReplacementClassAdapter - Adding mock interface to class net/sf/saxon/type/BuiltInAtomicType
18:07:49.345 [main] INFO org.evosuite.runtime.instrumentation.CreateClassResetClassAdapter - Found static initializer in class net/sf/saxon/type/BuiltInAtomicType
18:07:49.347 [main] INFO org.evosuite.runtime.instrumentation.EvoClassLoader - Seeing class for first time: net.sf.saxon.type.ItemType$WithSequenceTypeCache
18:07:49.347 [main] INFO org.evosuite.runtime.instrumentation.EvoClassLoader - Instrumenting class 'net.sf.saxon.type.ItemType$WithSequenceTypeCache'.
18:07:49.349 [main] INFO org.evosuite.runtime.instrumentation.EvoClassLoader - Keeping class: net.sf.saxon.type.ItemType$WithSequenceTypeCache
18:07:49.349 [main] INFO org.evosuite.runtime.instrumentation.EvoClassLoader - Keeping class: net.sf.saxon.type.BuiltInAtomicType
18:07:49.349 [main] INFO org.evosuite.runtime.instrumentation.EvoClassLoader - Seeing class for first time: net.sf.saxon.expr.StaticContext
18:07:49.349 [main] INFO org.evosuite.runtime.instrumentation.EvoClassLoader - Instrumenting class 'net.sf.saxon.expr.StaticContext'.
18:07:49.350 [main] INFO org.evosuite.runtime.instrumentation.EvoClassLoader - Keeping class: net.sf.saxon.expr.StaticContext
18:07:49.350 [main] INFO org.evosuite.runtime.instrumentation.EvoClassLoader - Seeing class for first time: net.sf.saxon.value.NumericValue
18:07:49.350 [main] INFO org.evosuite.runtime.instrumentation.EvoClassLoader - Instrumenting class 'net.sf.saxon.value.NumericValue'.
18:07:49.350 [main] INFO org.evosuite.runtime.instrumentation.MethodCallReplacementClassAdapter - Adding mock interface to class net/sf/saxon/value/NumericValue
18:07:49.350 [main] INFO org.evosuite.runtime.instrumentation.CreateClassResetClassAdapter - Creating brand-new static initializer in class net/sf/saxon/value/NumericValue
18:07:49.351 [main] INFO org.evosuite.runtime.instrumentation.EvoClassLoader - Keeping class: net.sf.saxon.value.NumericValue
18:07:49.351 [main] INFO org.evosuite.runtime.instrumentation.EvoClassLoader - Seeing class for first time: net.sf.saxon.value.DoubleValue
18:07:49.351 [main] INFO org.evosuite.runtime.instrumentation.EvoClassLoader - Instrumenting class 'net.sf.saxon.value.DoubleValue'.
18:07:49.351 [main] INFO org.evosuite.runtime.instrumentation.MethodCallReplacementClassAdapter - Adding mock interface to class net/sf/saxon/value/DoubleValue
18:07:49.352 [main] INFO org.evosuite.runtime.instrumentation.CreateClassResetClassAdapter - Found static initializer in class net/sf/saxon/value/DoubleValue
18:07:49.353 [main] INFO org.evosuite.runtime.instrumentation.EvoClassLoader - Keeping class: net.sf.saxon.value.DoubleValue
18:07:49.353 [main] INFO org.evosuite.runtime.instrumentation.EvoClassLoader - Seeing class for first time: net.sf.saxon.om.StructuredQName
18:07:49.353 [main] INFO org.evosuite.runtime.instrumentation.EvoClassLoader - Instrumenting class 'net.sf.saxon.om.StructuredQName'.
18:07:49.355 [main] INFO org.evosuite.runtime.instrumentation.MethodCallReplacementClassAdapter - Adding mock interface to class net/sf/saxon/om/StructuredQName
18:07:49.357 [main] INFO org.evosuite.runtime.instrumentation.CreateClassResetClassAdapter - Creating brand-new static initializer in class net/sf/saxon/om/StructuredQName
18:07:49.358 [main] INFO org.evosuite.runtime.instrumentation.EvoClassLoader - Keeping class: net.sf.saxon.om.StructuredQName
18:07:49.358 [main] INFO org.evosuite.runtime.instrumentation.EvoClassLoader - Seeing class for first time: net.sf.saxon.om.QNameException
18:07:49.358 [main] INFO org.evosuite.runtime.instrumentation.EvoClassLoader - Instrumenting class 'net.sf.saxon.om.QNameException'.
18:07:49.359 [main] INFO org.evosuite.runtime.instrumentation.MethodCallReplacementClassAdapter - Adding mock interface to class net/sf/saxon/om/QNameException
18:07:49.359 [main] INFO org.evosuite.runtime.instrumentation.CreateClassResetClassAdapter - Creating brand-new static initializer in class net/sf/saxon/om/QNameException
18:07:49.359 [main] INFO org.evosuite.runtime.instrumentation.EvoClassLoader - Keeping class: net.sf.saxon.om.QNameException
18:07:49.360 [main] INFO org.evosuite.runtime.instrumentation.EvoClassLoader - Seeing class for first time: net.sf.saxon.om.NamespaceResolver
18:07:49.360 [main] INFO org.evosuite.runtime.instrumentation.EvoClassLoader - Instrumenting class 'net.sf.saxon.om.NamespaceResolver'.
18:07:49.360 [main] INFO org.evosuite.runtime.instrumentation.EvoClassLoader - Keeping class: net.sf.saxon.om.NamespaceResolver
18:07:49.361 [main] INFO org.evosuite.runtime.instrumentation.EvoClassLoader - Seeing class for first time: net.sf.saxon.type.AnySimpleType
18:07:49.361 [main] INFO org.evosuite.runtime.instrumentation.EvoClassLoader - Instrumenting class 'net.sf.saxon.type.AnySimpleType'.
18:07:49.362 [main] INFO org.evosuite.runtime.instrumentation.MethodCallReplacementClassAdapter - Adding mock interface to class net/sf/saxon/type/AnySimpleType
18:07:49.363 [main] INFO org.evosuite.runtime.instrumentation.CreateClassResetClassAdapter - Found static initializer in class net/sf/saxon/type/AnySimpleType
18:07:49.363 [main] INFO org.evosuite.runtime.instrumentation.EvoClassLoader - Keeping class: net.sf.saxon.type.AnySimpleType
18:07:49.363 [main] INFO org.evosuite.runtime.instrumentation.EvoClassLoader - Seeing class for first time: net.sf.saxon.lib.ConversionRules
18:07:49.363 [main] INFO org.evosuite.runtime.instrumentation.EvoClassLoader - Instrumenting class 'net.sf.saxon.lib.ConversionRules'.
18:07:49.365 [main] INFO org.evosuite.runtime.instrumentation.MethodCallReplacementClassAdapter - Adding mock interface to class net/sf/saxon/lib/ConversionRules
18:07:49.367 [main] INFO org.evosuite.runtime.instrumentation.CreateClassResetClassAdapter - Found static initializer in class net/sf/saxon/lib/ConversionRules
18:07:49.368 [main] INFO org.evosuite.runtime.instrumentation.EvoClassLoader - Keeping class: net.sf.saxon.lib.ConversionRules
18:07:49.368 [main] INFO org.evosuite.runtime.instrumentation.EvoClassLoader - Seeing class for first time: net.sf.saxon.type.ValidationFailure
18:07:49.368 [main] INFO org.evosuite.runtime.instrumentation.EvoClassLoader - Instrumenting class 'net.sf.saxon.type.ValidationFailure'.
18:07:49.370 [main] INFO org.evosuite.runtime.instrumentation.MethodCallReplacementClassAdapter - Adding mock interface to class net/sf/saxon/type/ValidationFailure
18:07:49.371 [main] INFO org.evosuite.runtime.instrumentation.CreateClassResetClassAdapter - Creating brand-new static initializer in class net/sf/saxon/type/ValidationFailure
18:07:49.371 [main] INFO org.evosuite.runtime.instrumentation.EvoClassLoader - Seeing class for first time: net.sf.saxon.lib.Invalidity
18:07:49.371 [main] INFO org.evosuite.runtime.instrumentation.EvoClassLoader - Instrumenting class 'net.sf.saxon.lib.Invalidity'.
18:07:49.372 [main] INFO org.evosuite.runtime.instrumentation.EvoClassLoader - Keeping class: net.sf.saxon.lib.Invalidity
18:07:49.372 [main] INFO org.evosuite.runtime.instrumentation.EvoClassLoader - Keeping class: net.sf.saxon.type.ValidationFailure
18:07:49.373 [main] INFO org.evosuite.runtime.instrumentation.EvoClassLoader - Seeing class for first time: net.sf.saxon.type.SchemaComponent$ValidationStatus
18:07:49.373 [main] INFO org.evosuite.runtime.instrumentation.EvoClassLoader - Instrumenting class 'net.sf.saxon.type.SchemaComponent$ValidationStatus'.
18:07:49.373 [main] INFO org.evosuite.runtime.instrumentation.MethodCallReplacementClassAdapter - Adding mock interface to class net/sf/saxon/type/SchemaComponent$ValidationStatus
18:07:49.374 [main] INFO org.evosuite.runtime.instrumentation.CreateClassResetClassAdapter - Found static initializer in class net/sf/saxon/type/SchemaComponent$ValidationStatus
18:07:49.374 [main] INFO org.evosuite.runtime.instrumentation.EvoClassLoader - Keeping class: net.sf.saxon.type.SchemaComponent$ValidationStatus
18:07:49.374 [main] INFO org.evosuite.runtime.instrumentation.EvoClassLoader - Seeing class for first time: net.sf.saxon.expr.Expression
18:07:49.374 [main] INFO org.evosuite.runtime.instrumentation.EvoClassLoader - Instrumenting class 'net.sf.saxon.expr.Expression'.
18:07:49.376 [main] INFO org.evosuite.runtime.instrumentation.MethodCallReplacementClassAdapter - Adding mock interface to class net/sf/saxon/expr/Expression
18:07:49.384 [main] INFO org.evosuite.runtime.instrumentation.CreateClassResetClassAdapter - Found static initializer in class net/sf/saxon/expr/Expression
18:07:49.384 [main] INFO org.evosuite.runtime.instrumentation.EvoClassLoader - Seeing class for first time: net.sf.saxon.expr.ExportAgent
18:07:49.384 [main] INFO org.evosuite.runtime.instrumentation.EvoClassLoader - Instrumenting class 'net.sf.saxon.expr.ExportAgent'.
18:07:49.385 [main] INFO org.evosuite.runtime.instrumentation.EvoClassLoader - Keeping class: net.sf.saxon.expr.ExportAgent
18:07:49.385 [main] INFO org.evosuite.runtime.instrumentation.EvoClassLoader - Seeing class for first time: net.sf.saxon.expr.Locatable
18:07:49.385 [main] INFO org.evosuite.runtime.instrumentation.EvoClassLoader - Instrumenting class 'net.sf.saxon.expr.Locatable'.
18:07:49.385 [main] INFO org.evosuite.runtime.instrumentation.EvoClassLoader - Keeping class: net.sf.saxon.expr.Locatable
18:07:49.386 [main] INFO org.evosuite.runtime.instrumentation.EvoClassLoader - Keeping class: net.sf.saxon.expr.Expression
18:07:49.386 [main] INFO org.evosuite.runtime.instrumentation.EvoClassLoader - Seeing class for first time: net.sf.saxon.pattern.NodeTest
18:07:49.386 [main] INFO org.evosuite.runtime.instrumentation.EvoClassLoader - Instrumenting class 'net.sf.saxon.pattern.NodeTest'.
18:07:49.386 [main] INFO org.evosuite.runtime.instrumentation.MethodCallReplacementClassAdapter - Adding mock interface to class net/sf/saxon/pattern/NodeTest
18:07:49.387 [main] INFO org.evosuite.runtime.instrumentation.CreateClassResetClassAdapter - Creating brand-new static initializer in class net/sf/saxon/pattern/NodeTest
18:07:49.387 [main] INFO org.evosuite.runtime.instrumentation.EvoClassLoader - Defined package (3): package net.sf.saxon.pattern, -350331455
18:07:49.387 [main] INFO org.evosuite.runtime.instrumentation.EvoClassLoader - Keeping class: net.sf.saxon.pattern.NodeTest
18:07:49.387 [main] INFO org.evosuite.runtime.instrumentation.EvoClassLoader - Seeing class for first time: net.sf.saxon.type.TypeHierarchy
18:07:49.387 [main] INFO org.evosuite.runtime.instrumentation.EvoClassLoader - Instrumenting class 'net.sf.saxon.type.TypeHierarchy'.
18:07:49.390 [main] INFO org.evosuite.runtime.instrumentation.MethodCallReplacementClassAdapter - Adding mock interface to class net/sf/saxon/type/TypeHierarchy
18:07:49.396 [main] INFO org.evosuite.runtime.instrumentation.CreateClassResetClassAdapter - Creating brand-new static initializer in class net/sf/saxon/type/TypeHierarchy
18:07:49.396 [main] INFO org.evosuite.runtime.instrumentation.CreateClassResetClassAdapter - Adding bytecode for initializing field SAME_TYPE
18:07:49.396 [main] INFO org.evosuite.runtime.instrumentation.CreateClassResetClassAdapter - Adding bytecode for initializing field SUBSUMES
18:07:49.396 [main] INFO org.evosuite.runtime.instrumentation.CreateClassResetClassAdapter - Adding bytecode for initializing field SUBSUMED_BY
18:07:49.396 [main] INFO org.evosuite.runtime.instrumentation.CreateClassResetClassAdapter - Adding bytecode for initializing field OVERLAPS
18:07:49.396 [main] INFO org.evosuite.runtime.instrumentation.CreateClassResetClassAdapter - Adding bytecode for initializing field DISJOINT
18:07:49.396 [main] INFO org.evosuite.runtime.instrumentation.EvoClassLoader - Keeping class: net.sf.saxon.type.TypeHierarchy
18:07:49.397 [main] INFO org.evosuite.runtime.instrumentation.EvoClassLoader - Seeing class for first time: net.sf.saxon.value.SequenceType
18:07:49.397 [main] INFO org.evosuite.runtime.instrumentation.EvoClassLoader - Instrumenting class 'net.sf.saxon.value.SequenceType'.
18:07:49.398 [main] INFO org.evosuite.runtime.instrumentation.MethodCallReplacementClassAdapter - Adding mock interface to class net/sf/saxon/value/SequenceType
18:07:49.399 [main] INFO org.evosuite.runtime.instrumentation.CreateClassResetClassAdapter - Found static initializer in class net/sf/saxon/value/SequenceType
18:07:49.399 [main] INFO org.evosuite.runtime.instrumentation.EvoClassLoader - Keeping class: net.sf.saxon.value.SequenceType
18:07:49.400 [main] INFO org.evosuite.runtime.instrumentation.EvoClassLoader - Seeing class for first time: net.sf.saxon.pattern.AnyNodeTest
18:07:49.400 [main] INFO org.evosuite.runtime.instrumentation.EvoClassLoader - Instrumenting class 'net.sf.saxon.pattern.AnyNodeTest'.
18:07:49.401 [main] INFO org.evosuite.runtime.instrumentation.MethodCallReplacementClassAdapter - Adding mock interface to class net/sf/saxon/pattern/AnyNodeTest
18:07:49.401 [main] INFO org.evosuite.runtime.instrumentation.CreateClassResetClassAdapter - Found static initializer in class net/sf/saxon/pattern/AnyNodeTest
18:07:49.401 [main] INFO org.evosuite.runtime.instrumentation.EvoClassLoader - Seeing class for first time: net.sf.saxon.pattern.QNameTest
18:07:49.401 [main] INFO org.evosuite.runtime.instrumentation.EvoClassLoader - Instrumenting class 'net.sf.saxon.pattern.QNameTest'.
18:07:49.402 [main] INFO org.evosuite.runtime.instrumentation.EvoClassLoader - Keeping class: net.sf.saxon.pattern.QNameTest
18:07:49.402 [main] INFO org.evosuite.runtime.instrumentation.EvoClassLoader - Keeping class: net.sf.saxon.pattern.AnyNodeTest
18:07:49.403 [main] INFO org.evosuite.runtime.instrumentation.EvoClassLoader - Seeing class for first time: net.sf.saxon.type.AnyItemType
18:07:49.403 [main] INFO org.evosuite.runtime.instrumentation.EvoClassLoader - Instrumenting class 'net.sf.saxon.type.AnyItemType'.
18:07:49.404 [main] INFO org.evosuite.runtime.instrumentation.MethodCallReplacementClassAdapter - Adding mock interface to class net/sf/saxon/type/AnyItemType
18:07:49.404 [main] INFO org.evosuite.runtime.instrumentation.CreateClassResetClassAdapter - Found static initializer in class net/sf/saxon/type/AnyItemType
18:07:49.404 [main] INFO org.evosuite.runtime.instrumentation.EvoClassLoader - Keeping class: net.sf.saxon.type.AnyItemType
18:07:49.404 [main] INFO org.evosuite.runtime.instrumentation.EvoClassLoader - Seeing class for first time: net.sf.saxon.type.Type
18:07:49.405 [main] INFO org.evosuite.runtime.instrumentation.EvoClassLoader - Instrumenting class 'net.sf.saxon.type.Type'.
18:07:49.405 [main] INFO org.evosuite.runtime.instrumentation.MethodCallReplacementClassAdapter - Adding mock interface to class net/sf/saxon/type/Type
18:07:49.407 [main] INFO org.evosuite.runtime.instrumentation.CreateClassResetClassAdapter - Found static initializer in class net/sf/saxon/type/Type
18:07:49.408 [main] INFO org.evosuite.runtime.instrumentation.EvoClassLoader - Keeping class: net.sf.saxon.type.Type
18:07:49.409 [main] INFO org.evosuite.runtime.instrumentation.EvoClassLoader - Seeing class for first time: net.sf.saxon.pattern.ContentTypeTest
18:07:49.409 [main] INFO org.evosuite.runtime.instrumentation.EvoClassLoader - Instrumenting class 'net.sf.saxon.pattern.ContentTypeTest'.
18:07:49.410 [main] INFO org.evosuite.runtime.instrumentation.MethodCallReplacementClassAdapter - Adding mock interface to class net/sf/saxon/pattern/ContentTypeTest
18:07:49.411 [main] INFO org.evosuite.runtime.instrumentation.CreateClassResetClassAdapter - Found static initializer in class net/sf/saxon/pattern/ContentTypeTest
18:07:49.411 [main] INFO org.evosuite.runtime.instrumentation.EvoClassLoader - Keeping class: net.sf.saxon.pattern.ContentTypeTest
18:07:49.411 [main] INFO org.evosuite.runtime.instrumentation.EvoClassLoader - Seeing class for first time: net.sf.saxon.pattern.SameNameTest
18:07:49.412 [main] INFO org.evosuite.runtime.instrumentation.EvoClassLoader - Instrumenting class 'net.sf.saxon.pattern.SameNameTest'.
18:07:49.413 [main] INFO org.evosuite.runtime.instrumentation.MethodCallReplacementClassAdapter - Adding mock interface to class net/sf/saxon/pattern/SameNameTest
18:07:49.413 [main] INFO org.evosuite.runtime.instrumentation.CreateClassResetClassAdapter - Creating brand-new static initializer in class net/sf/saxon/pattern/SameNameTest
18:07:49.414 [main] INFO org.evosuite.runtime.instrumentation.EvoClassLoader - Keeping class: net.sf.saxon.pattern.SameNameTest
18:07:49.414 [main] INFO org.evosuite.runtime.instrumentation.EvoClassLoader - Seeing class for first time: net.sf.saxon.type.PrimitiveUType
18:07:49.414 [main] INFO org.evosuite.runtime.instrumentation.EvoClassLoader - Instrumenting class 'net.sf.saxon.type.PrimitiveUType'.
18:07:49.415 [main] INFO org.evosuite.runtime.instrumentation.MethodCallReplacementClassAdapter - Adding mock interface to class net/sf/saxon/type/PrimitiveUType
18:07:49.416 [main] INFO org.evosuite.runtime.instrumentation.CreateClassResetClassAdapter - Found static initializer in class net/sf/saxon/type/PrimitiveUType
18:07:49.417 [main] INFO org.evosuite.runtime.instrumentation.EvoClassLoader - Keeping class: net.sf.saxon.type.PrimitiveUType
18:07:49.418 [main] INFO org.evosuite.runtime.instrumentation.EvoClassLoader - Seeing class for first time: net.sf.saxon.z.IntHashMap
18:07:49.418 [main] INFO org.evosuite.runtime.instrumentation.EvoClassLoader - Instrumenting class 'net.sf.saxon.z.IntHashMap'.
18:07:49.420 [main] INFO org.evosuite.runtime.instrumentation.MethodCallReplacementClassAdapter - Adding mock interface to class net/sf/saxon/z/IntHashMap
18:07:49.422 [main] INFO org.evosuite.runtime.instrumentation.CreateClassResetClassAdapter - Creating brand-new static initializer in class net/sf/saxon/z/IntHashMap
18:07:49.422 [main] INFO org.evosuite.runtime.instrumentation.CreateClassResetClassAdapter - Adding bytecode for initializing field NBIT
18:07:49.422 [main] INFO org.evosuite.runtime.instrumentation.CreateClassResetClassAdapter - Adding bytecode for initializing field NMAX
18:07:49.423 [main] INFO org.evosuite.runtime.instrumentation.EvoClassLoader - Keeping class: net.sf.saxon.z.IntHashMap
18:07:49.423 [main] INFO org.evosuite.runtime.instrumentation.EvoClassLoader - Seeing class for first time: net.sf.saxon.z.IntIterator
18:07:49.423 [main] INFO org.evosuite.runtime.instrumentation.EvoClassLoader - Instrumenting class 'net.sf.saxon.z.IntIterator'.
18:07:49.424 [main] INFO org.evosuite.runtime.instrumentation.EvoClassLoader - Keeping class: net.sf.saxon.z.IntIterator
18:07:49.424 [main] INFO org.evosuite.runtime.instrumentation.EvoClassLoader - Seeing class for first time: net.sf.saxon.type.AnyType
18:07:49.424 [main] INFO org.evosuite.runtime.instrumentation.EvoClassLoader - Instrumenting class 'net.sf.saxon.type.AnyType'.
18:07:49.425 [main] INFO org.evosuite.runtime.instrumentation.MethodCallReplacementClassAdapter - Adding mock interface to class net/sf/saxon/type/AnyType
18:07:49.425 [main] INFO org.evosuite.runtime.instrumentation.CreateClassResetClassAdapter - Found static initializer in class net/sf/saxon/type/AnyType
18:07:49.425 [main] INFO org.evosuite.runtime.instrumentation.EvoClassLoader - Seeing class for first time: net.sf.saxon.type.ComplexType
18:07:49.425 [main] INFO org.evosuite.runtime.instrumentation.EvoClassLoader - Instrumenting class 'net.sf.saxon.type.ComplexType'.
18:07:49.426 [main] INFO org.evosuite.runtime.instrumentation.EvoClassLoader - Keeping class: net.sf.saxon.type.ComplexType
18:07:49.426 [main] INFO org.evosuite.runtime.instrumentation.EvoClassLoader - Keeping class: net.sf.saxon.type.AnyType
18:07:49.426 [main] INFO org.evosuite.runtime.instrumentation.EvoClassLoader - Seeing class for first time: net.sf.saxon.z.IntHashSet
18:07:49.426 [main] INFO org.evosuite.runtime.instrumentation.EvoClassLoader - Instrumenting class 'net.sf.saxon.z.IntHashSet'.
18:07:49.427 [main] INFO org.evosuite.runtime.instrumentation.MethodCallReplacementClassAdapter - Adding mock interface to class net/sf/saxon/z/IntHashSet
18:07:49.429 [main] INFO org.evosuite.runtime.instrumentation.CreateClassResetClassAdapter - Creating brand-new static initializer in class net/sf/saxon/z/IntHashSet
18:07:49.429 [main] INFO org.evosuite.runtime.instrumentation.CreateClassResetClassAdapter - Adding bytecode for initializing field NBIT
18:07:49.429 [main] INFO org.evosuite.runtime.instrumentation.CreateClassResetClassAdapter - Adding bytecode for initializing field MAX_SIZE
18:07:49.430 [main] INFO org.evosuite.runtime.instrumentation.EvoClassLoader - Keeping class: net.sf.saxon.z.IntHashSet
18:07:49.430 [main] INFO org.evosuite.runtime.instrumentation.EvoClassLoader - Seeing class for first time: net.sf.saxon.type.Untyped
18:07:49.430 [main] INFO org.evosuite.runtime.instrumentation.EvoClassLoader - Instrumenting class 'net.sf.saxon.type.Untyped'.
18:07:49.431 [main] INFO org.evosuite.runtime.instrumentation.MethodCallReplacementClassAdapter - Adding mock interface to class net/sf/saxon/type/Untyped
18:07:49.431 [main] INFO org.evosuite.runtime.instrumentation.CreateClassResetClassAdapter - Found static initializer in class net/sf/saxon/type/Untyped
18:07:49.432 [main] INFO org.evosuite.runtime.instrumentation.EvoClassLoader - Keeping class: net.sf.saxon.type.Untyped
18:07:49.432 [main] INFO org.evosuite.runtime.instrumentation.EvoClassLoader - Seeing class for first time: net.sf.saxon.type.ErrorType
18:07:49.432 [main] INFO org.evosuite.runtime.instrumentation.EvoClassLoader - Instrumenting class 'net.sf.saxon.type.ErrorType'.
18:07:49.433 [main] INFO org.evosuite.runtime.instrumentation.MethodCallReplacementClassAdapter - Adding mock interface to class net/sf/saxon/type/ErrorType
18:07:49.434 [main] INFO org.evosuite.runtime.instrumentation.CreateClassResetClassAdapter - Found static initializer in class net/sf/saxon/type/ErrorType
18:07:49.434 [main] INFO org.evosuite.runtime.instrumentation.EvoClassLoader - Seeing class for first time: net.sf.saxon.type.UnionType
18:07:49.434 [main] INFO org.evosuite.runtime.instrumentation.EvoClassLoader - Instrumenting class 'net.sf.saxon.type.UnionType'.
18:07:49.437 [main] INFO org.evosuite.runtime.instrumentation.EvoClassLoader - Keeping class: net.sf.saxon.type.UnionType
18:07:49.438 [main] INFO org.evosuite.runtime.instrumentation.EvoClassLoader - Keeping class: net.sf.saxon.type.ErrorType
18:07:49.438 [main] INFO org.evosuite.runtime.instrumentation.EvoClassLoader - Seeing class for first time: net.sf.saxon.type.StringConverter
18:07:49.438 [main] INFO org.evosuite.runtime.instrumentation.EvoClassLoader - Instrumenting class 'net.sf.saxon.type.StringConverter'.
18:07:49.439 [main] INFO org.evosuite.runtime.instrumentation.MethodCallReplacementClassAdapter - Adding mock interface to class net/sf/saxon/type/StringConverter
18:07:49.439 [main] INFO org.evosuite.runtime.instrumentation.CreateClassResetClassAdapter - Creating brand-new static initializer in class net/sf/saxon/type/StringConverter
18:07:49.440 [main] INFO org.evosuite.runtime.instrumentation.EvoClassLoader - Seeing class for first time: net.sf.saxon.type.Converter
18:07:49.440 [main] INFO org.evosuite.runtime.instrumentation.EvoClassLoader - Instrumenting class 'net.sf.saxon.type.Converter'.
18:07:49.440 [main] INFO org.evosuite.runtime.instrumentation.MethodCallReplacementClassAdapter - Adding mock interface to class net/sf/saxon/type/Converter
18:07:49.440 [main] INFO org.evosuite.runtime.instrumentation.CreateClassResetClassAdapter - Creating brand-new static initializer in class net/sf/saxon/type/Converter
18:07:49.440 [main] INFO org.evosuite.runtime.instrumentation.EvoClassLoader - Keeping class: net.sf.saxon.type.Converter
18:07:49.440 [main] INFO org.evosuite.runtime.instrumentation.EvoClassLoader - Keeping class: net.sf.saxon.type.StringConverter
18:07:49.441 [main] INFO org.evosuite.runtime.instrumentation.EvoClassLoader - Seeing class for first time: net.sf.saxon.type.NumericType
18:07:49.441 [main] INFO org.evosuite.runtime.instrumentation.EvoClassLoader - Instrumenting class 'net.sf.saxon.type.NumericType'.
18:07:49.441 [main] INFO org.evosuite.runtime.instrumentation.MethodCallReplacementClassAdapter - Adding mock interface to class net/sf/saxon/type/NumericType
18:07:49.442 [main] INFO org.evosuite.runtime.instrumentation.CreateClassResetClassAdapter - Found static initializer in class net/sf/saxon/type/NumericType
18:07:49.442 [main] INFO org.evosuite.runtime.instrumentation.EvoClassLoader - Keeping class: net.sf.saxon.type.NumericType
18:07:49.442 [main] INFO org.evosuite.runtime.instrumentation.EvoClassLoader - Seeing class for first time: net.sf.saxon.type.BuiltInType
18:07:49.442 [main] INFO org.evosuite.runtime.instrumentation.EvoClassLoader - Instrumenting class 'net.sf.saxon.type.BuiltInType'.
18:07:49.443 [main] INFO org.evosuite.runtime.instrumentation.MethodCallReplacementClassAdapter - Adding mock interface to class net/sf/saxon/type/BuiltInType
18:07:49.444 [main] INFO org.evosuite.runtime.instrumentation.CreateClassResetClassAdapter - Found static initializer in class net/sf/saxon/type/BuiltInType
18:07:49.444 [main] INFO org.evosuite.runtime.instrumentation.EvoClassLoader - Keeping class: net.sf.saxon.type.BuiltInType
18:07:49.445 [main] INFO org.evosuite.runtime.instrumentation.EvoClassLoader - Seeing class for first time: net.sf.saxon.om.FingerprintedQName
18:07:49.445 [main] INFO org.evosuite.runtime.instrumentation.EvoClassLoader - Instrumenting class 'net.sf.saxon.om.FingerprintedQName'.
18:07:49.446 [main] INFO org.evosuite.runtime.instrumentation.MethodCallReplacementClassAdapter - Adding mock interface to class net/sf/saxon/om/FingerprintedQName
18:07:49.447 [main] INFO org.evosuite.runtime.instrumentation.CreateClassResetClassAdapter - Creating brand-new static initializer in class net/sf/saxon/om/FingerprintedQName
18:07:49.447 [main] INFO org.evosuite.runtime.instrumentation.EvoClassLoader - Keeping class: net.sf.saxon.om.FingerprintedQName
18:07:49.448 [main] INFO org.evosuite.runtime.instrumentation.EvoClassLoader - Seeing class for first time: net.sf.saxon.om.StandardNames
18:07:49.448 [main] INFO org.evosuite.runtime.instrumentation.EvoClassLoader - Instrumenting class 'net.sf.saxon.om.StandardNames'.
18:07:49.449 [main] INFO org.evosuite.runtime.instrumentation.MethodCallReplacementClassAdapter - Adding mock interface to class net/sf/saxon/om/StandardNames
18:07:49.451 [main] INFO org.evosuite.runtime.instrumentation.CreateClassResetClassAdapter - Found static initializer in class net/sf/saxon/om/StandardNames
18:07:49.452 [main] INFO org.evosuite.runtime.instrumentation.EvoClassLoader - Keeping class: net.sf.saxon.om.StandardNames
18:07:49.455 [main] INFO org.evosuite.runtime.instrumentation.EvoClassLoader - Seeing class for first time: net.sf.saxon.type.StringConverter$StringToString
18:07:49.455 [main] INFO org.evosuite.runtime.instrumentation.EvoClassLoader - Instrumenting class 'net.sf.saxon.type.StringConverter$StringToString'.
18:07:49.456 [main] INFO org.evosuite.runtime.instrumentation.MethodCallReplacementClassAdapter - Adding mock interface to class net/sf/saxon/type/StringConverter$StringToString
18:07:49.457 [main] INFO org.evosuite.runtime.instrumentation.CreateClassResetClassAdapter - Found static initializer in class net/sf/saxon/type/StringConverter$StringToString
18:07:49.457 [main] INFO org.evosuite.runtime.instrumentation.EvoClassLoader - Keeping class: net.sf.saxon.type.StringConverter$StringToString
18:07:49.457 [main] INFO org.evosuite.runtime.instrumentation.EvoClassLoader - Seeing class for first time: net.sf.saxon.type.StringConverter$StringToUnionConverter
18:07:49.457 [main] INFO org.evosuite.runtime.instrumentation.EvoClassLoader - Instrumenting class 'net.sf.saxon.type.StringConverter$StringToUnionConverter'.
18:07:49.458 [main] INFO org.evosuite.runtime.instrumentation.MethodCallReplacementClassAdapter - Adding mock interface to class net/sf/saxon/type/StringConverter$StringToUnionConverter
18:07:49.458 [main] INFO org.evosuite.runtime.instrumentation.CreateClassResetClassAdapter - Creating brand-new static initializer in class net/sf/saxon/type/StringConverter$StringToUnionConverter
18:07:49.458 [main] INFO org.evosuite.runtime.instrumentation.EvoClassLoader - Keeping class: net.sf.saxon.type.StringConverter$StringToUnionConverter
18:07:49.458 [main] INFO org.evosuite.runtime.instrumentation.EvoClassLoader - Seeing class for first time: net.sf.saxon.type.StringConverter$StringToAnyURI
18:07:49.458 [main] INFO org.evosuite.runtime.instrumentation.EvoClassLoader - Instrumenting class 'net.sf.saxon.type.StringConverter$StringToAnyURI'.
18:07:49.459 [main] INFO org.evosuite.runtime.instrumentation.MethodCallReplacementClassAdapter - Adding mock interface to class net/sf/saxon/type/StringConverter$StringToAnyURI
18:07:49.459 [main] INFO org.evosuite.runtime.instrumentation.CreateClassResetClassAdapter - Creating brand-new static initializer in class net/sf/saxon/type/StringConverter$StringToAnyURI
18:07:49.459 [main] INFO org.evosuite.runtime.instrumentation.EvoClassLoader - Keeping class: net.sf.saxon.type.StringConverter$StringToAnyURI
18:07:49.459 [main] INFO org.evosuite.runtime.instrumentation.EvoClassLoader - Seeing class for first time: net.sf.saxon.type.StringConverter$StringToNotation
18:07:49.459 [main] INFO org.evosuite.runtime.instrumentation.EvoClassLoader - Instrumenting class 'net.sf.saxon.type.StringConverter$StringToNotation'.
18:07:49.460 [main] INFO org.evosuite.runtime.instrumentation.MethodCallReplacementClassAdapter - Adding mock interface to class net/sf/saxon/type/StringConverter$StringToNotation
18:07:49.460 [main] INFO org.evosuite.runtime.instrumentation.CreateClassResetClassAdapter - Creating brand-new static initializer in class net/sf/saxon/type/StringConverter$StringToNotation
18:07:49.460 [main] INFO org.evosuite.runtime.instrumentation.EvoClassLoader - Keeping class: net.sf.saxon.type.StringConverter$StringToNotation
18:07:49.460 [main] INFO org.evosuite.runtime.instrumentation.EvoClassLoader - Seeing class for first time: net.sf.saxon.type.StringConverter$StringToQName
18:07:49.460 [main] INFO org.evosuite.runtime.instrumentation.EvoClassLoader - Instrumenting class 'net.sf.saxon.type.StringConverter$StringToQName'.
18:07:49.460 [main] INFO org.evosuite.runtime.instrumentation.MethodCallReplacementClassAdapter - Adding mock interface to class net/sf/saxon/type/StringConverter$StringToQName
18:07:49.460 [main] INFO org.evosuite.runtime.instrumentation.CreateClassResetClassAdapter - Creating brand-new static initializer in class net/sf/saxon/type/StringConverter$StringToQName
18:07:49.461 [main] INFO org.evosuite.runtime.instrumentation.EvoClassLoader - Keeping class: net.sf.saxon.type.StringConverter$StringToQName
18:07:49.461 [main] INFO org.evosuite.runtime.instrumentation.EvoClassLoader - Seeing class for first time: net.sf.saxon.type.StringConverter$StringToBase64Binary
18:07:49.461 [main] INFO org.evosuite.runtime.instrumentation.EvoClassLoader - Instrumenting class 'net.sf.saxon.type.StringConverter$StringToBase64Binary'.
18:07:49.461 [main] INFO org.evosuite.runtime.instrumentation.MethodCallReplacementClassAdapter - Adding mock interface to class net/sf/saxon/type/StringConverter$StringToBase64Binary
18:07:49.461 [main] INFO org.evosuite.runtime.instrumentation.CreateClassResetClassAdapter - Found static initializer in class net/sf/saxon/type/StringConverter$StringToBase64Binary
18:07:49.461 [main] INFO org.evosuite.runtime.instrumentation.EvoClassLoader - Keeping class: net.sf.saxon.type.StringConverter$StringToBase64Binary
18:07:49.461 [main] INFO org.evosuite.runtime.instrumentation.EvoClassLoader - Seeing class for first time: net.sf.saxon.type.StringConverter$StringToHexBinary
18:07:49.461 [main] INFO org.evosuite.runtime.instrumentation.EvoClassLoader - Instrumenting class 'net.sf.saxon.type.StringConverter$StringToHexBinary'.
18:07:49.462 [main] INFO org.evosuite.runtime.instrumentation.MethodCallReplacementClassAdapter - Adding mock interface to class net/sf/saxon/type/StringConverter$StringToHexBinary
18:07:49.462 [main] INFO org.evosuite.runtime.instrumentation.CreateClassResetClassAdapter - Found static initializer in class net/sf/saxon/type/StringConverter$StringToHexBinary
18:07:49.462 [main] INFO org.evosuite.runtime.instrumentation.EvoClassLoader - Keeping class: net.sf.saxon.type.StringConverter$StringToHexBinary
18:07:49.462 [main] INFO org.evosuite.runtime.instrumentation.EvoClassLoader - Seeing class for first time: net.sf.saxon.type.StringConverter$StringToBoolean
18:07:49.462 [main] INFO org.evosuite.runtime.instrumentation.EvoClassLoader - Instrumenting class 'net.sf.saxon.type.StringConverter$StringToBoolean'.
18:07:49.462 [main] INFO org.evosuite.runtime.instrumentation.MethodCallReplacementClassAdapter - Adding mock interface to class net/sf/saxon/type/StringConverter$StringToBoolean
18:07:49.463 [main] INFO org.evosuite.runtime.instrumentation.CreateClassResetClassAdapter - Found static initializer in class net/sf/saxon/type/StringConverter$StringToBoolean
18:07:49.463 [main] INFO org.evosuite.runtime.instrumentation.EvoClassLoader - Keeping class: net.sf.saxon.type.StringConverter$StringToBoolean
18:07:49.463 [main] INFO org.evosuite.runtime.instrumentation.EvoClassLoader - Seeing class for first time: net.sf.saxon.type.StringConverter$StringToTime
18:07:49.463 [main] INFO org.evosuite.runtime.instrumentation.EvoClassLoader - Instrumenting class 'net.sf.saxon.type.StringConverter$StringToTime'.
18:07:49.463 [main] INFO org.evosuite.runtime.instrumentation.MethodCallReplacementClassAdapter - Adding mock interface to class net/sf/saxon/type/StringConverter$StringToTime
18:07:49.463 [main] INFO org.evosuite.runtime.instrumentation.CreateClassResetClassAdapter - Found static initializer in class net/sf/saxon/type/StringConverter$StringToTime
18:07:49.463 [main] INFO org.evosuite.runtime.instrumentation.EvoClassLoader - Keeping class: net.sf.saxon.type.StringConverter$StringToTime
18:07:49.463 [main] INFO org.evosuite.runtime.instrumentation.EvoClassLoader - Seeing class for first time: net.sf.saxon.type.StringConverter$StringToGDay
18:07:49.463 [main] INFO org.evosuite.runtime.instrumentation.EvoClassLoader - Instrumenting class 'net.sf.saxon.type.StringConverter$StringToGDay'.
18:07:49.463 [main] INFO org.evosuite.runtime.instrumentation.MethodCallReplacementClassAdapter - Adding mock interface to class net/sf/saxon/type/StringConverter$StringToGDay
18:07:49.464 [main] INFO org.evosuite.runtime.instrumentation.CreateClassResetClassAdapter - Found static initializer in class net/sf/saxon/type/StringConverter$StringToGDay
18:07:49.464 [main] INFO org.evosuite.runtime.instrumentation.EvoClassLoader - Keeping class: net.sf.saxon.type.StringConverter$StringToGDay
18:07:49.464 [main] INFO org.evosuite.runtime.instrumentation.EvoClassLoader - Seeing class for first time: net.sf.saxon.type.StringConverter$StringToGMonthDay
18:07:49.464 [main] INFO org.evosuite.runtime.instrumentation.EvoClassLoader - Instrumenting class 'net.sf.saxon.type.StringConverter$StringToGMonthDay'.
18:07:49.464 [main] INFO org.evosuite.runtime.instrumentation.MethodCallReplacementClassAdapter - Adding mock interface to class net/sf/saxon/type/StringConverter$StringToGMonthDay
18:07:49.464 [main] INFO org.evosuite.runtime.instrumentation.CreateClassResetClassAdapter - Found static initializer in class net/sf/saxon/type/StringConverter$StringToGMonthDay
18:07:49.464 [main] INFO org.evosuite.runtime.instrumentation.EvoClassLoader - Keeping class: net.sf.saxon.type.StringConverter$StringToGMonthDay
18:07:49.464 [main] INFO org.evosuite.runtime.instrumentation.EvoClassLoader - Seeing class for first time: net.sf.saxon.type.StringConverter$StringToGYear
18:07:49.464 [main] INFO org.evosuite.runtime.instrumentation.EvoClassLoader - Instrumenting class 'net.sf.saxon.type.StringConverter$StringToGYear'.
18:07:49.464 [main] INFO org.evosuite.runtime.instrumentation.MethodCallReplacementClassAdapter - Adding mock interface to class net/sf/saxon/type/StringConverter$StringToGYear
18:07:49.464 [main] INFO org.evosuite.runtime.instrumentation.CreateClassResetClassAdapter - Creating brand-new static initializer in class net/sf/saxon/type/StringConverter$StringToGYear
18:07:49.464 [main] INFO org.evosuite.runtime.instrumentation.EvoClassLoader - Keeping class: net.sf.saxon.type.StringConverter$StringToGYear
18:07:49.464 [main] INFO org.evosuite.runtime.instrumentation.EvoClassLoader - Seeing class for first time: net.sf.saxon.type.StringConverter$StringToGYearMonth
18:07:49.464 [main] INFO org.evosuite.runtime.instrumentation.EvoClassLoader - Instrumenting class 'net.sf.saxon.type.StringConverter$StringToGYearMonth'.
18:07:49.465 [main] INFO org.evosuite.runtime.instrumentation.MethodCallReplacementClassAdapter - Adding mock interface to class net/sf/saxon/type/StringConverter$StringToGYearMonth
18:07:49.465 [main] INFO org.evosuite.runtime.instrumentation.CreateClassResetClassAdapter - Creating brand-new static initializer in class net/sf/saxon/type/StringConverter$StringToGYearMonth
18:07:49.465 [main] INFO org.evosuite.runtime.instrumentation.EvoClassLoader - Keeping class: net.sf.saxon.type.StringConverter$StringToGYearMonth
18:07:49.465 [main] INFO org.evosuite.runtime.instrumentation.EvoClassLoader - Seeing class for first time: net.sf.saxon.type.StringConverter$StringToGMonth
18:07:49.465 [main] INFO org.evosuite.runtime.instrumentation.EvoClassLoader - Instrumenting class 'net.sf.saxon.type.StringConverter$StringToGMonth'.
18:07:49.465 [main] INFO org.evosuite.runtime.instrumentation.MethodCallReplacementClassAdapter - Adding mock interface to class net/sf/saxon/type/StringConverter$StringToGMonth
18:07:49.465 [main] INFO org.evosuite.runtime.instrumentation.CreateClassResetClassAdapter - Found static initializer in class net/sf/saxon/type/StringConverter$StringToGMonth
18:07:49.465 [main] INFO org.evosuite.runtime.instrumentation.EvoClassLoader - Keeping class: net.sf.saxon.type.StringConverter$StringToGMonth
18:07:49.465 [main] INFO org.evosuite.runtime.instrumentation.EvoClassLoader - Seeing class for first time: net.sf.saxon.type.StringConverter$StringToDate
18:07:49.465 [main] INFO org.evosuite.runtime.instrumentation.EvoClassLoader - Instrumenting class 'net.sf.saxon.type.StringConverter$StringToDate'.
18:07:49.466 [main] INFO org.evosuite.runtime.instrumentation.MethodCallReplacementClassAdapter - Adding mock interface to class net/sf/saxon/type/StringConverter$StringToDate
18:07:49.466 [main] INFO org.evosuite.runtime.instrumentation.CreateClassResetClassAdapter - Creating brand-new static initializer in class net/sf/saxon/type/StringConverter$StringToDate
18:07:49.466 [main] INFO org.evosuite.runtime.instrumentation.EvoClassLoader - Keeping class: net.sf.saxon.type.StringConverter$StringToDate
18:07:49.466 [main] INFO org.evosuite.runtime.instrumentation.EvoClassLoader - Seeing class for first time: net.sf.saxon.type.StringConverter$StringToDateTimeStamp
18:07:49.466 [main] INFO org.evosuite.runtime.instrumentation.EvoClassLoader - Instrumenting class 'net.sf.saxon.type.StringConverter$StringToDateTimeStamp'.
18:07:49.466 [main] INFO org.evosuite.runtime.instrumentation.MethodCallReplacementClassAdapter - Adding mock interface to class net/sf/saxon/type/StringConverter$StringToDateTimeStamp
18:07:49.466 [main] INFO org.evosuite.runtime.instrumentation.CreateClassResetClassAdapter - Creating brand-new static initializer in class net/sf/saxon/type/StringConverter$StringToDateTimeStamp
18:07:49.466 [main] INFO org.evosuite.runtime.instrumentation.EvoClassLoader - Keeping class: net.sf.saxon.type.StringConverter$StringToDateTimeStamp
18:07:49.466 [main] INFO org.evosuite.runtime.instrumentation.EvoClassLoader - Seeing class for first time: net.sf.saxon.type.StringConverter$StringToDateTime
18:07:49.466 [main] INFO org.evosuite.runtime.instrumentation.EvoClassLoader - Instrumenting class 'net.sf.saxon.type.StringConverter$StringToDateTime'.
18:07:49.466 [main] INFO org.evosuite.runtime.instrumentation.MethodCallReplacementClassAdapter - Adding mock interface to class net/sf/saxon/type/StringConverter$StringToDateTime
18:07:49.467 [main] INFO org.evosuite.runtime.instrumentation.CreateClassResetClassAdapter - Creating brand-new static initializer in class net/sf/saxon/type/StringConverter$StringToDateTime
18:07:49.467 [main] INFO org.evosuite.runtime.instrumentation.EvoClassLoader - Keeping class: net.sf.saxon.type.StringConverter$StringToDateTime
18:07:49.467 [main] INFO org.evosuite.runtime.instrumentation.EvoClassLoader - Seeing class for first time: net.sf.saxon.type.StringConverter$StringToYearMonthDuration
18:07:49.467 [main] INFO org.evosuite.runtime.instrumentation.EvoClassLoader - Instrumenting class 'net.sf.saxon.type.StringConverter$StringToYearMonthDuration'.
18:07:49.467 [main] INFO org.evosuite.runtime.instrumentation.MethodCallReplacementClassAdapter - Adding mock interface to class net/sf/saxon/type/StringConverter$StringToYearMonthDuration
18:07:49.467 [main] INFO org.evosuite.runtime.instrumentation.CreateClassResetClassAdapter - Found static initializer in class net/sf/saxon/type/StringConverter$StringToYearMonthDuration
18:07:49.467 [main] INFO org.evosuite.runtime.instrumentation.EvoClassLoader - Keeping class: net.sf.saxon.type.StringConverter$StringToYearMonthDuration
18:07:49.467 [main] INFO org.evosuite.runtime.instrumentation.EvoClassLoader - Seeing class for first time: net.sf.saxon.type.StringConverter$StringToDayTimeDuration
18:07:49.467 [main] INFO org.evosuite.runtime.instrumentation.EvoClassLoader - Instrumenting class 'net.sf.saxon.type.StringConverter$StringToDayTimeDuration'.
18:07:49.468 [main] INFO org.evosuite.runtime.instrumentation.MethodCallReplacementClassAdapter - Adding mock interface to class net/sf/saxon/type/StringConverter$StringToDayTimeDuration
18:07:49.468 [main] INFO org.evosuite.runtime.instrumentation.CreateClassResetClassAdapter - Found static initializer in class net/sf/saxon/type/StringConverter$StringToDayTimeDuration
18:07:49.469 [main] INFO org.evosuite.runtime.instrumentation.EvoClassLoader - Keeping class: net.sf.saxon.type.StringConverter$StringToDayTimeDuration
18:07:49.469 [main] INFO org.evosuite.runtime.instrumentation.EvoClassLoader - Seeing class for first time: net.sf.saxon.type.StringConverter$StringToDuration
18:07:49.469 [main] INFO org.evosuite.runtime.instrumentation.EvoClassLoader - Instrumenting class 'net.sf.saxon.type.StringConverter$StringToDuration'.
18:07:49.469 [main] INFO org.evosuite.runtime.instrumentation.MethodCallReplacementClassAdapter - Adding mock interface to class net/sf/saxon/type/StringConverter$StringToDuration
18:07:49.470 [main] INFO org.evosuite.runtime.instrumentation.CreateClassResetClassAdapter - Found static initializer in class net/sf/saxon/type/StringConverter$StringToDuration
18:07:49.470 [main] INFO org.evosuite.runtime.instrumentation.EvoClassLoader - Keeping class: net.sf.saxon.type.StringConverter$StringToDuration
18:07:49.470 [main] INFO org.evosuite.runtime.instrumentation.EvoClassLoader - Seeing class for first time: net.sf.saxon.type.StringConverter$StringToIntegerSubtype
18:07:49.470 [main] INFO org.evosuite.runtime.instrumentation.EvoClassLoader - Instrumenting class 'net.sf.saxon.type.StringConverter$StringToIntegerSubtype'.
18:07:49.471 [main] INFO org.evosuite.runtime.instrumentation.MethodCallReplacementClassAdapter - Adding mock interface to class net/sf/saxon/type/StringConverter$StringToIntegerSubtype
18:07:49.472 [main] INFO org.evosuite.runtime.instrumentation.CreateClassResetClassAdapter - Found static initializer in class net/sf/saxon/type/StringConverter$StringToIntegerSubtype
18:07:49.472 [main] INFO org.evosuite.runtime.instrumentation.EvoClassLoader - Keeping class: net.sf.saxon.type.StringConverter$StringToIntegerSubtype
18:07:49.472 [main] INFO org.evosuite.runtime.instrumentation.EvoClassLoader - Seeing class for first time: net.sf.saxon.type.StringConverter$StringToInteger
18:07:49.472 [main] INFO org.evosuite.runtime.instrumentation.EvoClassLoader - Instrumenting class 'net.sf.saxon.type.StringConverter$StringToInteger'.
18:07:49.473 [main] INFO org.evosuite.runtime.instrumentation.MethodCallReplacementClassAdapter - Adding mock interface to class net/sf/saxon/type/StringConverter$StringToInteger
18:07:49.473 [main] INFO org.evosuite.runtime.instrumentation.CreateClassResetClassAdapter - Found static initializer in class net/sf/saxon/type/StringConverter$StringToInteger
18:07:49.473 [main] INFO org.evosuite.runtime.instrumentation.EvoClassLoader - Keeping class: net.sf.saxon.type.StringConverter$StringToInteger
18:07:49.474 [main] INFO org.evosuite.runtime.instrumentation.EvoClassLoader - Seeing class for first time: net.sf.saxon.type.StringConverter$StringToDecimal
18:07:49.474 [main] INFO org.evosuite.runtime.instrumentation.EvoClassLoader - Instrumenting class 'net.sf.saxon.type.StringConverter$StringToDecimal'.
18:07:49.474 [main] INFO org.evosuite.runtime.instrumentation.MethodCallReplacementClassAdapter - Adding mock interface to class net/sf/saxon/type/StringConverter$StringToDecimal
18:07:49.475 [main] INFO org.evosuite.runtime.instrumentation.CreateClassResetClassAdapter - Found static initializer in class net/sf/saxon/type/StringConverter$StringToDecimal
18:07:49.475 [main] INFO org.evosuite.runtime.instrumentation.EvoClassLoader - Keeping class: net.sf.saxon.type.StringConverter$StringToDecimal
18:07:49.475 [main] INFO org.evosuite.runtime.instrumentation.EvoClassLoader - Seeing class for first time: net.sf.saxon.type.StringConverter$StringToFloat
18:07:49.475 [main] INFO org.evosuite.runtime.instrumentation.EvoClassLoader - Instrumenting class 'net.sf.saxon.type.StringConverter$StringToFloat'.
18:07:49.476 [main] INFO org.evosuite.runtime.instrumentation.MethodCallReplacementClassAdapter - Adding mock interface to class net/sf/saxon/type/StringConverter$StringToFloat
18:07:49.476 [main] INFO org.evosuite.runtime.instrumentation.CreateClassResetClassAdapter - Creating brand-new static initializer in class net/sf/saxon/type/StringConverter$StringToFloat
18:07:49.476 [main] INFO org.evosuite.runtime.instrumentation.EvoClassLoader - Keeping class: net.sf.saxon.type.StringConverter$StringToFloat
18:07:49.476 [main] INFO org.evosuite.runtime.instrumentation.EvoClassLoader - Seeing class for first time: net.sf.saxon.type.StringConverter$StringToDerivedStringSubtype
18:07:49.476 [main] INFO org.evosuite.runtime.instrumentation.EvoClassLoader - Instrumenting class 'net.sf.saxon.type.StringConverter$StringToDerivedStringSubtype'.
18:07:49.477 [main] INFO org.evosuite.runtime.instrumentation.MethodCallReplacementClassAdapter - Adding mock interface to class net/sf/saxon/type/StringConverter$StringToDerivedStringSubtype
18:07:49.477 [main] INFO org.evosuite.runtime.instrumentation.CreateClassResetClassAdapter - Creating brand-new static initializer in class net/sf/saxon/type/StringConverter$StringToDerivedStringSubtype
18:07:49.478 [main] INFO org.evosuite.runtime.instrumentation.EvoClassLoader - Keeping class: net.sf.saxon.type.StringConverter$StringToDerivedStringSubtype
18:07:49.478 [main] INFO org.evosuite.runtime.instrumentation.EvoClassLoader - Seeing class for first time: net.sf.saxon.type.StringConverter$StringToStringSubtype
18:07:49.478 [main] INFO org.evosuite.runtime.instrumentation.EvoClassLoader - Instrumenting class 'net.sf.saxon.type.StringConverter$StringToStringSubtype'.
18:07:49.478 [main] INFO org.evosuite.runtime.instrumentation.MethodCallReplacementClassAdapter - Adding mock interface to class net/sf/saxon/type/StringConverter$StringToStringSubtype
18:07:49.479 [main] INFO org.evosuite.runtime.instrumentation.CreateClassResetClassAdapter - Creating brand-new static initializer in class net/sf/saxon/type/StringConverter$StringToStringSubtype
18:07:49.479 [main] INFO org.evosuite.runtime.instrumentation.EvoClassLoader - Keeping class: net.sf.saxon.type.StringConverter$StringToStringSubtype
18:07:49.479 [main] INFO org.evosuite.runtime.instrumentation.EvoClassLoader - Seeing class for first time: net.sf.saxon.type.StringConverter$StringToName
18:07:49.479 [main] INFO org.evosuite.runtime.instrumentation.EvoClassLoader - Instrumenting class 'net.sf.saxon.type.StringConverter$StringToName'.
18:07:49.480 [main] INFO org.evosuite.runtime.instrumentation.MethodCallReplacementClassAdapter - Adding mock interface to class net/sf/saxon/type/StringConverter$StringToName
18:07:49.480 [main] INFO org.evosuite.runtime.instrumentation.CreateClassResetClassAdapter - Found static initializer in class net/sf/saxon/type/StringConverter$StringToName
18:07:49.480 [main] INFO org.evosuite.runtime.instrumentation.EvoClassLoader - Seeing class for first time: net.sf.saxon.type.StringConverter$StringToNCName
18:07:49.480 [main] INFO org.evosuite.runtime.instrumentation.EvoClassLoader - Instrumenting class 'net.sf.saxon.type.StringConverter$StringToNCName'.
18:07:49.481 [main] INFO org.evosuite.runtime.instrumentation.MethodCallReplacementClassAdapter - Adding mock interface to class net/sf/saxon/type/StringConverter$StringToNCName
18:07:49.481 [main] INFO org.evosuite.runtime.instrumentation.CreateClassResetClassAdapter - Found static initializer in class net/sf/saxon/type/StringConverter$StringToNCName
18:07:49.481 [main] INFO org.evosuite.runtime.instrumentation.EvoClassLoader - Keeping class: net.sf.saxon.type.StringConverter$StringToNCName
18:07:49.481 [main] INFO org.evosuite.runtime.instrumentation.EvoClassLoader - Keeping class: net.sf.saxon.type.StringConverter$StringToName
18:07:49.481 [main] INFO org.evosuite.runtime.instrumentation.EvoClassLoader - Seeing class for first time: net.sf.saxon.type.StringConverter$StringToNMTOKEN
18:07:49.481 [main] INFO org.evosuite.runtime.instrumentation.EvoClassLoader - Instrumenting class 'net.sf.saxon.type.StringConverter$StringToNMTOKEN'.
18:07:49.481 [main] INFO org.evosuite.runtime.instrumentation.MethodCallReplacementClassAdapter - Adding mock interface to class net/sf/saxon/type/StringConverter$StringToNMTOKEN
18:07:49.481 [main] INFO org.evosuite.runtime.instrumentation.CreateClassResetClassAdapter - Found static initializer in class net/sf/saxon/type/StringConverter$StringToNMTOKEN
18:07:49.481 [main] INFO org.evosuite.runtime.instrumentation.EvoClassLoader - Keeping class: net.sf.saxon.type.StringConverter$StringToNMTOKEN
18:07:49.481 [main] INFO org.evosuite.runtime.instrumentation.EvoClassLoader - Seeing class for first time: net.sf.saxon.type.StringConverter$StringToLanguage
18:07:49.481 [main] INFO org.evosuite.runtime.instrumentation.EvoClassLoader - Instrumenting class 'net.sf.saxon.type.StringConverter$StringToLanguage'.
18:07:49.482 [main] INFO org.evosuite.runtime.instrumentation.MethodCallReplacementClassAdapter - Adding mock interface to class net/sf/saxon/type/StringConverter$StringToLanguage
18:07:49.482 [main] INFO org.evosuite.runtime.instrumentation.CreateClassResetClassAdapter - Found static initializer in class net/sf/saxon/type/StringConverter$StringToLanguage
18:07:49.482 [main] INFO org.evosuite.runtime.instrumentation.EvoClassLoader - Keeping class: net.sf.saxon.type.StringConverter$StringToLanguage
18:07:49.482 [main] INFO org.evosuite.runtime.instrumentation.EvoClassLoader - Seeing class for first time: net.sf.saxon.type.StringConverter$StringToToken
18:07:49.482 [main] INFO org.evosuite.runtime.instrumentation.EvoClassLoader - Instrumenting class 'net.sf.saxon.type.StringConverter$StringToToken'.
18:07:49.482 [main] INFO org.evosuite.runtime.instrumentation.MethodCallReplacementClassAdapter - Adding mock interface to class net/sf/saxon/type/StringConverter$StringToToken
18:07:49.482 [main] INFO org.evosuite.runtime.instrumentation.CreateClassResetClassAdapter - Found static initializer in class net/sf/saxon/type/StringConverter$StringToToken
18:07:49.482 [main] INFO org.evosuite.runtime.instrumentation.EvoClassLoader - Keeping class: net.sf.saxon.type.StringConverter$StringToToken
18:07:49.482 [main] INFO org.evosuite.runtime.instrumentation.EvoClassLoader - Seeing class for first time: net.sf.saxon.type.StringConverter$StringToNormalizedString
18:07:49.482 [main] INFO org.evosuite.runtime.instrumentation.EvoClassLoader - Instrumenting class 'net.sf.saxon.type.StringConverter$StringToNormalizedString'.
18:07:49.483 [main] INFO org.evosuite.runtime.instrumentation.MethodCallReplacementClassAdapter - Adding mock interface to class net/sf/saxon/type/StringConverter$StringToNormalizedString
18:07:49.483 [main] INFO org.evosuite.runtime.instrumentation.CreateClassResetClassAdapter - Found static initializer in class net/sf/saxon/type/StringConverter$StringToNormalizedString
18:07:49.483 [main] INFO org.evosuite.runtime.instrumentation.EvoClassLoader - Keeping class: net.sf.saxon.type.StringConverter$StringToNormalizedString
18:07:49.483 [main] INFO org.evosuite.runtime.instrumentation.EvoClassLoader - Seeing class for first time: net.sf.saxon.type.StringConverter$StringToUntypedAtomic
18:07:49.483 [main] INFO org.evosuite.runtime.instrumentation.EvoClassLoader - Instrumenting class 'net.sf.saxon.type.StringConverter$StringToUntypedAtomic'.
18:07:49.483 [main] INFO org.evosuite.runtime.instrumentation.MethodCallReplacementClassAdapter - Adding mock interface to class net/sf/saxon/type/StringConverter$StringToUntypedAtomic
18:07:49.483 [main] INFO org.evosuite.runtime.instrumentation.CreateClassResetClassAdapter - Found static initializer in class net/sf/saxon/type/StringConverter$StringToUntypedAtomic
18:07:49.483 [main] INFO org.evosuite.runtime.instrumentation.EvoClassLoader - Keeping class: net.sf.saxon.type.StringConverter$StringToUntypedAtomic
18:07:49.484 [main] INFO org.evosuite.runtime.instrumentation.EvoClassLoader - Seeing class for first time: net.sf.saxon.type.StringToDouble
18:07:49.484 [main] INFO org.evosuite.runtime.instrumentation.EvoClassLoader - Instrumenting class 'net.sf.saxon.type.StringToDouble'.
18:07:49.485 [main] INFO org.evosuite.runtime.instrumentation.MethodCallReplacementClassAdapter - Adding mock interface to class net/sf/saxon/type/StringToDouble
18:07:49.485 [main] INFO org.evosuite.runtime.instrumentation.CreateClassResetClassAdapter - Found static initializer in class net/sf/saxon/type/StringToDouble
18:07:49.486 [main] INFO org.evosuite.runtime.instrumentation.EvoClassLoader - Keeping class: net.sf.saxon.type.StringToDouble
18:07:49.488 [main] INFO org.evosuite.runtime.instrumentation.EvoClassLoader - Seeing class for first time: net.sf.saxon.value.FloatValue
18:07:49.488 [main] INFO org.evosuite.runtime.instrumentation.EvoClassLoader - Instrumenting class 'net.sf.saxon.value.FloatValue'.
18:07:49.488 [main] INFO org.evosuite.runtime.instrumentation.MethodCallReplacementClassAdapter - Adding mock interface to class net/sf/saxon/value/FloatValue
18:07:49.489 [main] INFO org.evosuite.runtime.instrumentation.CreateClassResetClassAdapter - Found static initializer in class net/sf/saxon/value/FloatValue
18:07:49.489 [main] INFO org.evosuite.runtime.instrumentation.EvoClassLoader - Keeping class: net.sf.saxon.value.FloatValue
18:07:49.489 [main] INFO org.evosuite.runtime.instrumentation.EvoClassLoader - Seeing class for first time: net.sf.saxon.value.FloatingPointConverter
18:07:49.490 [main] INFO org.evosuite.runtime.instrumentation.EvoClassLoader - Instrumenting class 'net.sf.saxon.value.FloatingPointConverter'.
18:07:49.490 [main] INFO org.evosuite.runtime.instrumentation.MethodCallReplacementClassAdapter - Adding mock interface to class net/sf/saxon/value/FloatingPointConverter
18:07:49.491 [main] INFO org.evosuite.runtime.instrumentation.CreateClassResetClassAdapter - Found static initializer in class net/sf/saxon/value/FloatingPointConverter
18:07:49.491 [main] INFO org.evosuite.runtime.instrumentation.EvoClassLoader - Keeping class: net.sf.saxon.value.FloatingPointConverter
18:07:49.492 [main] INFO org.evosuite.runtime.instrumentation.EvoClassLoader - Seeing class for first time: net.sf.saxon.expr.flwor.Clause
18:07:49.492 [main] INFO org.evosuite.runtime.instrumentation.EvoClassLoader - Instrumenting class 'net.sf.saxon.expr.flwor.Clause'.
18:07:49.493 [main] INFO org.evosuite.runtime.instrumentation.MethodCallReplacementClassAdapter - Adding mock interface to class net/sf/saxon/expr/flwor/Clause
18:07:49.493 [main] INFO org.evosuite.runtime.instrumentation.CreateClassResetClassAdapter - Creating brand-new static initializer in class net/sf/saxon/expr/flwor/Clause
18:07:49.493 [main] INFO org.evosuite.runtime.instrumentation.CreateClassResetClassAdapter - Adding bytecode for initializing field FOR
18:07:49.493 [main] INFO org.evosuite.runtime.instrumentation.CreateClassResetClassAdapter - Adding bytecode for initializing field LET
18:07:49.493 [main] INFO org.evosuite.runtime.instrumentation.CreateClassResetClassAdapter - Adding bytecode for initializing field WINDOW
18:07:49.493 [main] INFO org.evosuite.runtime.instrumentation.CreateClassResetClassAdapter - Adding bytecode for initializing field GROUPBYCLAUSE
18:07:49.493 [main] INFO org.evosuite.runtime.instrumentation.CreateClassResetClassAdapter - Adding bytecode for initializing field COUNT
18:07:49.493 [main] INFO org.evosuite.runtime.instrumentation.CreateClassResetClassAdapter - Adding bytecode for initializing field ORDERBYCLAUSE
18:07:49.493 [main] INFO org.evosuite.runtime.instrumentation.CreateClassResetClassAdapter - Adding bytecode for initializing field WHERE
18:07:49.493 [main] INFO org.evosuite.runtime.instrumentation.CreateClassResetClassAdapter - Adding bytecode for initializing field TRACE
18:07:49.494 [main] INFO org.evosuite.runtime.instrumentation.EvoClassLoader - Defined package (3): package net.sf.saxon.expr.flwor, 1844080906
18:07:49.494 [main] INFO org.evosuite.runtime.instrumentation.EvoClassLoader - Keeping class: net.sf.saxon.expr.flwor.Clause
18:07:49.494 [main] INFO org.evosuite.runtime.instrumentation.EvoClassLoader - Seeing class for first time: net.sf.saxon.expr.parser.ExpressionVisitor
18:07:49.494 [main] INFO org.evosuite.runtime.instrumentation.EvoClassLoader - Instrumenting class 'net.sf.saxon.expr.parser.ExpressionVisitor'.
18:07:49.495 [main] INFO org.evosuite.runtime.instrumentation.MethodCallReplacementClassAdapter - Adding mock interface to class net/sf/saxon/expr/parser/ExpressionVisitor
18:07:49.496 [main] INFO org.evosuite.runtime.instrumentation.CreateClassResetClassAdapter - Creating brand-new static initializer in class net/sf/saxon/expr/parser/ExpressionVisitor
18:07:49.496 [main] INFO org.evosuite.runtime.instrumentation.CreateClassResetClassAdapter - Adding bytecode for initializing field MAX_DEPTH
18:07:49.496 [main] INFO org.evosuite.runtime.instrumentation.EvoClassLoader - Keeping class: net.sf.saxon.expr.parser.ExpressionVisitor
18:07:49.496 [main] INFO org.evosuite.runtime.instrumentation.EvoClassLoader - Seeing class for first time: net.sf.saxon.expr.parser.ContextItemStaticInfo
18:07:49.496 [main] INFO org.evosuite.runtime.instrumentation.EvoClassLoader - Instrumenting class 'net.sf.saxon.expr.parser.ContextItemStaticInfo'.
18:07:49.497 [main] INFO org.evosuite.runtime.instrumentation.MethodCallReplacementClassAdapter - Adding mock interface to class net/sf/saxon/expr/parser/ContextItemStaticInfo
18:07:49.497 [main] INFO org.evosuite.runtime.instrumentation.CreateClassResetClassAdapter - Found static initializer in class net/sf/saxon/expr/parser/ContextItemStaticInfo
18:07:49.497 [main] INFO org.evosuite.runtime.instrumentation.EvoClassLoader - Keeping class: net.sf.saxon.expr.parser.ContextItemStaticInfo
18:07:49.497 [main] INFO org.evosuite.runtime.instrumentation.EvoClassLoader - Seeing class for first time: net.sf.saxon.expr.flwor.FLWORExpression
18:07:49.497 [main] INFO org.evosuite.runtime.instrumentation.EvoClassLoader - Instrumenting class 'net.sf.saxon.expr.flwor.FLWORExpression'.
18:07:49.499 [main] INFO org.evosuite.runtime.instrumentation.MethodCallReplacementClassAdapter - Adding mock interface to class net/sf/saxon/expr/flwor/FLWORExpression
18:07:49.531 [main] INFO org.evosuite.runtime.instrumentation.CreateClassResetClassAdapter - Found static initializer in class net/sf/saxon/expr/flwor/FLWORExpression
18:07:49.531 [main] INFO org.evosuite.runtime.instrumentation.EvoClassLoader - Keeping class: net.sf.saxon.expr.flwor.FLWORExpression
18:07:49.531 [main] INFO org.evosuite.runtime.instrumentation.EvoClassLoader - Seeing class for first time: net.sf.saxon.expr.parser.RebindingMap
18:07:49.531 [main] INFO org.evosuite.runtime.instrumentation.EvoClassLoader - Instrumenting class 'net.sf.saxon.expr.parser.RebindingMap'.
18:07:49.532 [main] INFO org.evosuite.runtime.instrumentation.MethodCallReplacementClassAdapter - Adding mock interface to class net/sf/saxon/expr/parser/RebindingMap
18:07:49.532 [main] INFO org.evosuite.runtime.instrumentation.CreateClassResetClassAdapter - Creating brand-new static initializer in class net/sf/saxon/expr/parser/RebindingMap
18:07:49.532 [main] INFO org.evosuite.runtime.instrumentation.EvoClassLoader - Keeping class: net.sf.saxon.expr.parser.RebindingMap
18:07:49.532 [main] INFO org.evosuite.runtime.instrumentation.EvoClassLoader - Seeing class for first time: net.sf.saxon.expr.parser.PathMap
18:07:49.532 [main] INFO org.evosuite.runtime.instrumentation.EvoClassLoader - Instrumenting class 'net.sf.saxon.expr.parser.PathMap'.
18:07:49.533 [main] INFO org.evosuite.runtime.instrumentation.MethodCallReplacementClassAdapter - Adding mock interface to class net/sf/saxon/expr/parser/PathMap
18:07:49.534 [main] INFO org.evosuite.runtime.instrumentation.CreateClassResetClassAdapter - Creating brand-new static initializer in class net/sf/saxon/expr/parser/PathMap
18:07:49.534 [main] INFO org.evosuite.runtime.instrumentation.EvoClassLoader - Keeping class: net.sf.saxon.expr.parser.PathMap
18:07:49.534 [main] INFO org.evosuite.runtime.instrumentation.EvoClassLoader - Seeing class for first time: net.sf.saxon.expr.parser.PathMap$PathMapNodeSet
18:07:49.534 [main] INFO org.evosuite.runtime.instrumentation.EvoClassLoader - Instrumenting class 'net.sf.saxon.expr.parser.PathMap$PathMapNodeSet'.
18:07:49.535 [main] INFO org.evosuite.runtime.instrumentation.MethodCallReplacementClassAdapter - Adding mock interface to class net/sf/saxon/expr/parser/PathMap$PathMapNodeSet
18:07:49.535 [main] INFO org.evosuite.runtime.instrumentation.CreateClassResetClassAdapter - Creating brand-new static initializer in class net/sf/saxon/expr/parser/PathMap$PathMapNodeSet
18:07:49.535 [main] INFO org.evosuite.runtime.instrumentation.EvoClassLoader - Keeping class: net.sf.saxon.expr.parser.PathMap$PathMapNodeSet
18:07:49.535 [main] INFO org.evosuite.runtime.instrumentation.EvoClassLoader - Seeing class for first time: net.sf.saxon.expr.PackageData
18:07:49.535 [main] INFO org.evosuite.runtime.instrumentation.EvoClassLoader - Instrumenting class 'net.sf.saxon.expr.PackageData'.
18:07:49.536 [main] INFO org.evosuite.runtime.instrumentation.MethodCallReplacementClassAdapter - Adding mock interface to class net/sf/saxon/expr/PackageData
18:07:49.536 [main] INFO org.evosuite.runtime.instrumentation.CreateClassResetClassAdapter - Creating brand-new static initializer in class net/sf/saxon/expr/PackageData
18:07:49.537 [main] INFO org.evosuite.runtime.instrumentation.EvoClassLoader - Keeping class: net.sf.saxon.expr.PackageData
18:07:49.537 [main] INFO org.evosuite.runtime.instrumentation.EvoClassLoader - Seeing class for first time: net.sf.saxon.expr.flwor.TuplePull
18:07:49.537 [main] INFO org.evosuite.runtime.instrumentation.EvoClassLoader - Instrumenting class 'net.sf.saxon.expr.flwor.TuplePull'.
18:07:49.537 [main] INFO org.evosuite.runtime.instrumentation.MethodCallReplacementClassAdapter - Adding mock interface to class net/sf/saxon/expr/flwor/TuplePull
18:07:49.537 [main] INFO org.evosuite.runtime.instrumentation.CreateClassResetClassAdapter - Creating brand-new static initializer in class net/sf/saxon/expr/flwor/TuplePull
18:07:49.537 [main] INFO org.evosuite.runtime.instrumentation.EvoClassLoader - Keeping class: net.sf.saxon.expr.flwor.TuplePull
18:07:49.537 [main] INFO org.evosuite.runtime.instrumentation.EvoClassLoader - Seeing class for first time: net.sf.saxon.expr.flwor.TuplePush
18:07:49.537 [main] INFO org.evosuite.runtime.instrumentation.EvoClassLoader - Instrumenting class 'net.sf.saxon.expr.flwor.TuplePush'.
18:07:49.538 [main] INFO org.evosuite.runtime.instrumentation.MethodCallReplacementClassAdapter - Adding mock interface to class net/sf/saxon/expr/flwor/TuplePush
18:07:49.538 [main] INFO org.evosuite.runtime.instrumentation.CreateClassResetClassAdapter - Creating brand-new static initializer in class net/sf/saxon/expr/flwor/TuplePush
18:07:49.538 [main] INFO org.evosuite.runtime.instrumentation.EvoClassLoader - Keeping class: net.sf.saxon.expr.flwor.TuplePush
18:07:49.538 [main] INFO org.evosuite.runtime.instrumentation.EvoClassLoader - Seeing class for first time: net.sf.saxon.expr.flwor.OperandProcessor
18:07:49.538 [main] INFO org.evosuite.runtime.instrumentation.EvoClassLoader - Instrumenting class 'net.sf.saxon.expr.flwor.OperandProcessor'.
18:07:49.539 [main] INFO org.evosuite.runtime.instrumentation.EvoClassLoader - Keeping class: net.sf.saxon.expr.flwor.OperandProcessor
18:07:49.540 [main] INFO org.evosuite.runtime.instrumentation.EvoClassLoader - Seeing class for first time: net.sf.saxon.expr.flwor.LocalVariableBinding
18:07:49.540 [main] INFO org.evosuite.runtime.instrumentation.EvoClassLoader - Instrumenting class 'net.sf.saxon.expr.flwor.LocalVariableBinding'.
18:07:49.540 [main] INFO org.evosuite.runtime.instrumentation.MethodCallReplacementClassAdapter - Adding mock interface to class net/sf/saxon/expr/flwor/LocalVariableBinding
18:07:49.541 [main] INFO org.evosuite.runtime.instrumentation.CreateClassResetClassAdapter - Creating brand-new static initializer in class net/sf/saxon/expr/flwor/LocalVariableBinding
18:07:49.541 [main] INFO org.evosuite.runtime.instrumentation.EvoClassLoader - Seeing class for first time: net.sf.saxon.expr.LocalBinding
18:07:49.541 [main] INFO org.evosuite.runtime.instrumentation.EvoClassLoader - Instrumenting class 'net.sf.saxon.expr.LocalBinding'.
18:07:49.542 [main] INFO org.evosuite.runtime.instrumentation.EvoClassLoader - Seeing class for first time: net.sf.saxon.expr.Binding
18:07:49.542 [main] INFO org.evosuite.runtime.instrumentation.EvoClassLoader - Instrumenting class 'net.sf.saxon.expr.Binding'.
18:07:49.542 [main] INFO org.evosuite.runtime.instrumentation.EvoClassLoader - Keeping class: net.sf.saxon.expr.Binding
18:07:49.542 [main] INFO org.evosuite.runtime.instrumentation.EvoClassLoader - Keeping class: net.sf.saxon.expr.LocalBinding
18:07:49.542 [main] INFO org.evosuite.runtime.instrumentation.EvoClassLoader - Keeping class: net.sf.saxon.expr.flwor.LocalVariableBinding
18:07:49.542 [main] INFO org.evosuite.runtime.instrumentation.EvoClassLoader - Seeing class for first time: net.sf.saxon.expr.flwor.ForClause
18:07:49.543 [main] INFO org.evosuite.runtime.instrumentation.EvoClassLoader - Instrumenting class 'net.sf.saxon.expr.flwor.ForClause'.
18:07:49.544 [main] INFO org.evosuite.runtime.instrumentation.MethodCallReplacementClassAdapter - Adding mock interface to class net/sf/saxon/expr/flwor/ForClause
18:07:49.547 [main] INFO org.evosuite.runtime.instrumentation.CreateClassResetClassAdapter - Found static initializer in class net/sf/saxon/expr/flwor/ForClause
18:07:49.548 [main] INFO org.evosuite.runtime.instrumentation.EvoClassLoader - Keeping class: net.sf.saxon.expr.flwor.ForClause
18:07:49.548 [main] INFO org.evosuite.runtime.instrumentation.EvoClassLoader - Seeing class for first time: net.sf.saxon.expr.SlashExpression
18:07:49.548 [main] INFO org.evosuite.runtime.instrumentation.EvoClassLoader - Instrumenting class 'net.sf.saxon.expr.SlashExpression'.
18:07:49.550 [main] INFO org.evosuite.runtime.instrumentation.MethodCallReplacementClassAdapter - Adding mock interface to class net/sf/saxon/expr/SlashExpression
18:07:49.566 [main] INFO org.evosuite.runtime.instrumentation.CreateClassResetClassAdapter - Creating brand-new static initializer in class net/sf/saxon/expr/SlashExpression
18:07:49.567 [main] INFO org.evosuite.runtime.instrumentation.EvoClassLoader - Seeing class for first time: net.sf.saxon.expr.ContextSwitchingExpression
18:07:49.567 [main] INFO org.evosuite.runtime.instrumentation.EvoClassLoader - Instrumenting class 'net.sf.saxon.expr.ContextSwitchingExpression'.
18:07:49.568 [main] INFO org.evosuite.runtime.instrumentation.EvoClassLoader - Seeing class for first time: net.sf.saxon.expr.ContextOriginator
18:07:49.568 [main] INFO org.evosuite.runtime.instrumentation.EvoClassLoader - Instrumenting class 'net.sf.saxon.expr.ContextOriginator'.
18:07:49.569 [main] INFO org.evosuite.runtime.instrumentation.EvoClassLoader - Keeping class: net.sf.saxon.expr.ContextOriginator
18:07:49.569 [main] INFO org.evosuite.runtime.instrumentation.EvoClassLoader - Keeping class: net.sf.saxon.expr.ContextSwitchingExpression
18:07:49.569 [main] INFO org.evosuite.runtime.instrumentation.EvoClassLoader - Seeing class for first time: net.sf.saxon.expr.BinaryExpression
18:07:49.569 [main] INFO org.evosuite.runtime.instrumentation.EvoClassLoader - Instrumenting class 'net.sf.saxon.expr.BinaryExpression'.
18:07:49.570 [main] INFO org.evosuite.runtime.instrumentation.MethodCallReplacementClassAdapter - Adding mock interface to class net/sf/saxon/expr/BinaryExpression
18:07:49.571 [main] INFO org.evosuite.runtime.instrumentation.CreateClassResetClassAdapter - Creating brand-new static initializer in class net/sf/saxon/expr/BinaryExpression
18:07:49.572 [main] INFO org.evosuite.runtime.instrumentation.EvoClassLoader - Keeping class: net.sf.saxon.expr.BinaryExpression
18:07:49.572 [main] INFO org.evosuite.runtime.instrumentation.EvoClassLoader - Keeping class: net.sf.saxon.expr.SlashExpression
18:07:49.572 [main] INFO org.evosuite.runtime.instrumentation.EvoClassLoader - Seeing class for first time: net.sf.saxon.expr.FilterExpression
18:07:49.572 [main] INFO org.evosuite.runtime.instrumentation.EvoClassLoader - Instrumenting class 'net.sf.saxon.expr.FilterExpression'.
18:07:49.574 [main] INFO org.evosuite.runtime.instrumentation.MethodCallReplacementClassAdapter - Adding mock interface to class net/sf/saxon/expr/FilterExpression
18:07:49.585 [main] INFO org.evosuite.runtime.instrumentation.CreateClassResetClassAdapter - Found static initializer in class net/sf/saxon/expr/FilterExpression
18:07:49.586 [main] INFO org.evosuite.runtime.instrumentation.EvoClassLoader - Keeping class: net.sf.saxon.expr.FilterExpression
18:07:49.587 [main] INFO org.evosuite.runtime.instrumentation.EvoClassLoader - Seeing class for first time: net.sf.saxon.expr.ContextItemExpression
18:07:49.587 [main] INFO org.evosuite.runtime.instrumentation.EvoClassLoader - Instrumenting class 'net.sf.saxon.expr.ContextItemExpression'.
18:07:49.588 [main] INFO org.evosuite.runtime.instrumentation.MethodCallReplacementClassAdapter - Adding mock interface to class net/sf/saxon/expr/ContextItemExpression
18:07:49.588 [main] INFO org.evosuite.runtime.instrumentation.CreateClassResetClassAdapter - Creating brand-new static initializer in class net/sf/saxon/expr/ContextItemExpression
18:07:49.589 [main] INFO org.evosuite.runtime.instrumentation.EvoClassLoader - Keeping class: net.sf.saxon.expr.ContextItemExpression
18:07:49.589 [main] INFO org.evosuite.runtime.instrumentation.EvoClassLoader - Seeing class for first time: net.sf.saxon.expr.flwor.ForClauseOuterPull
18:07:49.589 [main] INFO org.evosuite.runtime.instrumentation.EvoClassLoader - Instrumenting class 'net.sf.saxon.expr.flwor.ForClauseOuterPull'.
18:07:49.589 [main] INFO org.evosuite.runtime.instrumentation.MethodCallReplacementClassAdapter - Adding mock interface to class net/sf/saxon/expr/flwor/ForClauseOuterPull
18:07:49.590 [main] INFO org.evosuite.runtime.instrumentation.CreateClassResetClassAdapter - Creating brand-new static initializer in class net/sf/saxon/expr/flwor/ForClauseOuterPull
18:07:49.590 [main] INFO org.evosuite.runtime.instrumentation.EvoClassLoader - Seeing class for first time: net.sf.saxon.expr.flwor.ForClausePull
18:07:49.590 [main] INFO org.evosuite.runtime.instrumentation.EvoClassLoader - Instrumenting class 'net.sf.saxon.expr.flwor.ForClausePull'.
18:07:49.590 [main] INFO org.evosuite.runtime.instrumentation.MethodCallReplacementClassAdapter - Adding mock interface to class net/sf/saxon/expr/flwor/ForClausePull
18:07:49.591 [main] INFO org.evosuite.runtime.instrumentation.CreateClassResetClassAdapter - Creating brand-new static initializer in class net/sf/saxon/expr/flwor/ForClausePull
18:07:49.591 [main] INFO org.evosuite.runtime.instrumentation.EvoClassLoader - Keeping class: net.sf.saxon.expr.flwor.ForClausePull
18:07:49.591 [main] INFO org.evosuite.runtime.instrumentation.EvoClassLoader - Keeping class: net.sf.saxon.expr.flwor.ForClauseOuterPull
18:07:49.591 [main] INFO org.evosuite.runtime.instrumentation.EvoClassLoader - Seeing class for first time: net.sf.saxon.expr.flwor.ForClauseOuterPush
18:07:49.591 [main] INFO org.evosuite.runtime.instrumentation.EvoClassLoader - Instrumenting class 'net.sf.saxon.expr.flwor.ForClauseOuterPush'.
18:07:49.592 [main] INFO org.evosuite.runtime.instrumentation.MethodCallReplacementClassAdapter - Adding mock interface to class net/sf/saxon/expr/flwor/ForClauseOuterPush
18:07:49.592 [main] INFO org.evosuite.runtime.instrumentation.CreateClassResetClassAdapter - Creating brand-new static initializer in class net/sf/saxon/expr/flwor/ForClauseOuterPush
18:07:49.592 [main] INFO org.evosuite.runtime.instrumentation.EvoClassLoader - Keeping class: net.sf.saxon.expr.flwor.ForClauseOuterPush
18:07:49.592 [main] INFO org.evosuite.runtime.instrumentation.EvoClassLoader - Seeing class for first time: net.sf.saxon.expr.flwor.ForClausePush
18:07:49.592 [main] INFO org.evosuite.runtime.instrumentation.EvoClassLoader - Instrumenting class 'net.sf.saxon.expr.flwor.ForClausePush'.
18:07:49.593 [main] INFO org.evosuite.runtime.instrumentation.MethodCallReplacementClassAdapter - Adding mock interface to class net/sf/saxon/expr/flwor/ForClausePush
18:07:49.593 [main] INFO org.evosuite.runtime.instrumentation.CreateClassResetClassAdapter - Creating brand-new static initializer in class net/sf/saxon/expr/flwor/ForClausePush
18:07:49.593 [main] INFO org.evosuite.runtime.instrumentation.EvoClassLoader - Keeping class: net.sf.saxon.expr.flwor.ForClausePush
18:07:49.594 [main] INFO org.evosuite.runtime.instrumentation.EvoClassLoader - Seeing class for first time: net.sf.saxon.functions.AbstractFunction
18:07:49.594 [main] INFO org.evosuite.runtime.instrumentation.EvoClassLoader - Instrumenting class 'net.sf.saxon.functions.AbstractFunction'.
18:07:49.595 [main] INFO org.evosuite.runtime.instrumentation.MethodCallReplacementClassAdapter - Adding mock interface to class net/sf/saxon/functions/AbstractFunction
18:07:49.595 [main] INFO org.evosuite.runtime.instrumentation.CreateClassResetClassAdapter - Creating brand-new static initializer in class net/sf/saxon/functions/AbstractFunction
18:07:49.595 [main] INFO org.evosuite.runtime.instrumentation.EvoClassLoader - Seeing class for first time: net.sf.saxon.om.Function
18:07:49.595 [main] INFO org.evosuite.runtime.instrumentation.EvoClassLoader - Instrumenting class 'net.sf.saxon.om.Function'.
18:07:49.597 [main] INFO org.evosuite.runtime.instrumentation.EvoClassLoader - Seeing class for first time: net.sf.saxon.expr.Callable
18:07:49.597 [main] INFO org.evosuite.runtime.instrumentation.EvoClassLoader - Instrumenting class 'net.sf.saxon.expr.Callable'.
18:07:49.597 [main] INFO org.evosuite.runtime.instrumentation.EvoClassLoader - Keeping class: net.sf.saxon.expr.Callable
18:07:49.598 [main] INFO org.evosuite.runtime.instrumentation.EvoClassLoader - Keeping class: net.sf.saxon.om.Function
18:07:49.598 [main] INFO org.evosuite.runtime.instrumentation.EvoClassLoader - Keeping class: net.sf.saxon.functions.AbstractFunction
18:07:49.598 [main] INFO org.evosuite.runtime.instrumentation.EvoClassLoader - Seeing class for first time: net.sf.saxon.query.AnnotationList
18:07:49.598 [main] INFO org.evosuite.runtime.instrumentation.EvoClassLoader - Instrumenting class 'net.sf.saxon.query.AnnotationList'.
18:07:49.599 [main] INFO org.evosuite.runtime.instrumentation.MethodCallReplacementClassAdapter - Adding mock interface to class net/sf/saxon/query/AnnotationList
18:07:49.600 [main] INFO org.evosuite.runtime.instrumentation.CreateClassResetClassAdapter - Found static initializer in class net/sf/saxon/query/AnnotationList
18:07:49.600 [main] INFO org.evosuite.runtime.instrumentation.EvoClassLoader - Defined package (3): package net.sf.saxon.query, -1826790599
18:07:49.600 [main] INFO org.evosuite.runtime.instrumentation.EvoClassLoader - Keeping class: net.sf.saxon.query.AnnotationList
18:07:49.600 [main] INFO org.evosuite.runtime.instrumentation.EvoClassLoader - Seeing class for first time: net.sf.saxon.expr.sort.AtomicComparer
18:07:49.600 [main] INFO org.evosuite.runtime.instrumentation.EvoClassLoader - Instrumenting class 'net.sf.saxon.expr.sort.AtomicComparer'.
18:07:49.601 [main] INFO org.evosuite.runtime.instrumentation.EvoClassLoader - Keeping class: net.sf.saxon.expr.sort.AtomicComparer
18:07:49.601 [main] INFO org.evosuite.runtime.instrumentation.EvoClassLoader - Seeing class for first time: net.sf.saxon.expr.OperandRole
18:07:49.601 [main] INFO org.evosuite.runtime.instrumentation.EvoClassLoader - Instrumenting class 'net.sf.saxon.expr.OperandRole'.
18:07:49.602 [main] INFO org.evosuite.runtime.instrumentation.MethodCallReplacementClassAdapter - Adding mock interface to class net/sf/saxon/expr/OperandRole
18:07:49.602 [main] INFO org.evosuite.runtime.instrumentation.CreateClassResetClassAdapter - Found static initializer in class net/sf/saxon/expr/OperandRole
18:07:49.603 [main] INFO org.evosuite.runtime.instrumentation.EvoClassLoader - Keeping class: net.sf.saxon.expr.OperandRole
18:07:49.603 [main] INFO org.evosuite.runtime.instrumentation.EvoClassLoader - Seeing class for first time: net.sf.saxon.functions.SystemFunction
18:07:49.603 [main] INFO org.evosuite.runtime.instrumentation.EvoClassLoader - Instrumenting class 'net.sf.saxon.functions.SystemFunction'.
18:07:49.604 [main] INFO org.evosuite.runtime.instrumentation.MethodCallReplacementClassAdapter - Adding mock interface to class net/sf/saxon/functions/SystemFunction
18:07:49.607 [main] INFO org.evosuite.runtime.instrumentation.CreateClassResetClassAdapter - Creating brand-new static initializer in class net/sf/saxon/functions/SystemFunction
18:07:49.607 [main] INFO org.evosuite.runtime.instrumentation.EvoClassLoader - Keeping class: net.sf.saxon.functions.SystemFunction
18:07:49.608 [main] INFO org.evosuite.runtime.instrumentation.EvoClassLoader - Seeing class for first time: net.sf.saxon.expr.Literal
18:07:49.608 [main] INFO org.evosuite.runtime.instrumentation.EvoClassLoader - Instrumenting class 'net.sf.saxon.expr.Literal'.
18:07:49.609 [main] INFO org.evosuite.runtime.instrumentation.MethodCallReplacementClassAdapter - Adding mock interface to class net/sf/saxon/expr/Literal
18:07:49.611 [main] INFO org.evosuite.runtime.instrumentation.CreateClassResetClassAdapter - Found static initializer in class net/sf/saxon/expr/Literal
18:07:49.612 [main] INFO org.evosuite.runtime.instrumentation.EvoClassLoader - Keeping class: net.sf.saxon.expr.Literal
18:07:49.612 [main] INFO org.evosuite.runtime.instrumentation.EvoClassLoader - Seeing class for first time: net.sf.saxon.expr.FunctionCall
18:07:49.613 [main] INFO org.evosuite.runtime.instrumentation.EvoClassLoader - Instrumenting class 'net.sf.saxon.expr.FunctionCall'.
18:07:49.613 [main] INFO org.evosuite.runtime.instrumentation.MethodCallReplacementClassAdapter - Adding mock interface to class net/sf/saxon/expr/FunctionCall
18:07:49.615 [main] INFO org.evosuite.runtime.instrumentation.CreateClassResetClassAdapter - Creating brand-new static initializer in class net/sf/saxon/expr/FunctionCall
18:07:49.616 [main] INFO org.evosuite.runtime.instrumentation.EvoClassLoader - Keeping class: net.sf.saxon.expr.FunctionCall
18:07:49.616 [main] INFO org.evosuite.runtime.instrumentation.EvoClassLoader - Seeing class for first time: net.sf.saxon.expr.SystemFunctionCall
18:07:49.616 [main] INFO org.evosuite.runtime.instrumentation.EvoClassLoader - Instrumenting class 'net.sf.saxon.expr.SystemFunctionCall'.
18:07:49.617 [main] INFO org.evosuite.runtime.instrumentation.MethodCallReplacementClassAdapter - Adding mock interface to class net/sf/saxon/expr/SystemFunctionCall
18:07:49.618 [main] INFO org.evosuite.runtime.instrumentation.CreateClassResetClassAdapter - Creating brand-new static initializer in class net/sf/saxon/expr/SystemFunctionCall
18:07:49.618 [main] INFO org.evosuite.runtime.instrumentation.EvoClassLoader - Seeing class for first time: net.sf.saxon.expr.Negatable
18:07:49.618 [main] INFO org.evosuite.runtime.instrumentation.EvoClassLoader - Instrumenting class 'net.sf.saxon.expr.Negatable'.
18:07:49.619 [main] INFO org.evosuite.runtime.instrumentation.EvoClassLoader - Keeping class: net.sf.saxon.expr.Negatable
18:07:49.619 [main] INFO org.evosuite.runtime.instrumentation.EvoClassLoader - Seeing class for first time: net.sf.saxon.expr.StaticFunctionCall
18:07:49.619 [main] INFO org.evosuite.runtime.instrumentation.EvoClassLoader - Instrumenting class 'net.sf.saxon.expr.StaticFunctionCall'.
18:07:49.619 [main] INFO org.evosuite.runtime.instrumentation.MethodCallReplacementClassAdapter - Adding mock interface to class net/sf/saxon/expr/StaticFunctionCall
18:07:49.620 [main] INFO org.evosuite.runtime.instrumentation.CreateClassResetClassAdapter - Creating brand-new static initializer in class net/sf/saxon/expr/StaticFunctionCall
18:07:49.620 [main] INFO org.evosuite.runtime.instrumentation.EvoClassLoader - Keeping class: net.sf.saxon.expr.StaticFunctionCall
18:07:49.620 [main] INFO org.evosuite.runtime.instrumentation.EvoClassLoader - Keeping class: net.sf.saxon.expr.SystemFunctionCall
18:07:49.620 [main] INFO org.evosuite.runtime.instrumentation.EvoClassLoader - Seeing class for first time: net.sf.saxon.type.FunctionItemType
18:07:49.620 [main] INFO org.evosuite.runtime.instrumentation.EvoClassLoader - Instrumenting class 'net.sf.saxon.type.FunctionItemType'.
18:07:49.621 [main] INFO org.evosuite.runtime.instrumentation.EvoClassLoader - Keeping class: net.sf.saxon.type.FunctionItemType
18:07:49.621 [main] INFO org.evosuite.runtime.instrumentation.EvoClassLoader - Seeing class for first time: net.sf.saxon.functions.registry.BuiltInFunctionSet$Entry
18:07:49.621 [main] INFO org.evosuite.runtime.instrumentation.EvoClassLoader - Instrumenting class 'net.sf.saxon.functions.registry.BuiltInFunctionSet$Entry'.
18:07:49.621 [main] INFO org.evosuite.runtime.instrumentation.MethodCallReplacementClassAdapter - Adding mock interface to class net/sf/saxon/functions/registry/BuiltInFunctionSet$Entry
18:07:49.622 [main] INFO org.evosuite.runtime.instrumentation.CreateClassResetClassAdapter - Creating brand-new static initializer in class net/sf/saxon/functions/registry/BuiltInFunctionSet$Entry
18:07:49.622 [main] INFO org.evosuite.runtime.instrumentation.EvoClassLoader - Defined package (3): package net.sf.saxon.functions.registry, 1580756575
18:07:49.622 [main] INFO org.evosuite.runtime.instrumentation.EvoClassLoader - Keeping class: net.sf.saxon.functions.registry.BuiltInFunctionSet$Entry
18:07:49.622 [main] INFO org.evosuite.runtime.instrumentation.EvoClassLoader - Seeing class for first time: net.sf.saxon.expr.parser.RetainedStaticContext
18:07:49.622 [main] INFO org.evosuite.runtime.instrumentation.EvoClassLoader - Instrumenting class 'net.sf.saxon.expr.parser.RetainedStaticContext'.
18:07:49.622 [main] INFO org.evosuite.runtime.instrumentation.MethodCallReplacementClassAdapter - Adding mock interface to class net/sf/saxon/expr/parser/RetainedStaticContext
18:07:49.623 [main] INFO org.evosuite.runtime.instrumentation.CreateClassResetClassAdapter - Creating brand-new static initializer in class net/sf/saxon/expr/parser/RetainedStaticContext
18:07:49.623 [main] INFO org.evosuite.runtime.instrumentation.EvoClassLoader - Keeping class: net.sf.saxon.expr.parser.RetainedStaticContext
18:07:49.623 [main] INFO org.evosuite.runtime.instrumentation.EvoClassLoader - Seeing class for first time: net.sf.saxon.value.IntegerValue
18:07:49.623 [main] INFO org.evosuite.runtime.instrumentation.EvoClassLoader - Instrumenting class 'net.sf.saxon.value.IntegerValue'.
18:07:49.624 [main] INFO org.evosuite.runtime.instrumentation.MethodCallReplacementClassAdapter - Adding mock interface to class net/sf/saxon/value/IntegerValue
18:07:49.625 [main] INFO org.evosuite.runtime.instrumentation.CreateClassResetClassAdapter - Found static initializer in class net/sf/saxon/value/IntegerValue
18:07:49.625 [main] INFO org.evosuite.runtime.instrumentation.EvoClassLoader - Seeing class for first time: net.sf.saxon.value.DecimalValue
18:07:49.625 [main] INFO org.evosuite.runtime.instrumentation.EvoClassLoader - Instrumenting class 'net.sf.saxon.value.DecimalValue'.
18:07:49.625 [main] INFO org.evosuite.runtime.instrumentation.MethodCallReplacementClassAdapter - Adding mock interface to class net/sf/saxon/value/DecimalValue
18:07:49.626 [main] INFO org.evosuite.runtime.instrumentation.CreateClassResetClassAdapter - Creating brand-new static initializer in class net/sf/saxon/value/DecimalValue
18:07:49.626 [main] INFO org.evosuite.runtime.instrumentation.EvoClassLoader - Keeping class: net.sf.saxon.value.DecimalValue
18:07:49.626 [main] INFO org.evosuite.runtime.instrumentation.EvoClassLoader - Keeping class: net.sf.saxon.value.IntegerValue
18:07:49.626 [main] INFO org.evosuite.runtime.instrumentation.EvoClassLoader - Seeing class for first time: net.sf.saxon.functions.ResolveURI
18:07:49.626 [main] INFO org.evosuite.runtime.instrumentation.EvoClassLoader - Instrumenting class 'net.sf.saxon.functions.ResolveURI'.
18:07:49.626 [main] INFO org.evosuite.runtime.instrumentation.MethodCallReplacementClassAdapter - Adding mock interface to class net/sf/saxon/functions/ResolveURI
18:07:49.628 [main] INFO org.evosuite.runtime.instrumentation.CreateClassResetClassAdapter - Creating brand-new static initializer in class net/sf/saxon/functions/ResolveURI
18:07:49.629 [main] INFO org.evosuite.runtime.instrumentation.EvoClassLoader - Keeping class: net.sf.saxon.functions.ResolveURI
18:07:49.629 [main] INFO org.evosuite.runtime.instrumentation.EvoClassLoader - Seeing class for first time: net.sf.saxon.om.ZeroOrOne
18:07:49.629 [main] INFO org.evosuite.runtime.instrumentation.EvoClassLoader - Instrumenting class 'net.sf.saxon.om.ZeroOrOne'.
18:07:49.630 [main] INFO org.evosuite.runtime.instrumentation.MethodCallReplacementClassAdapter - Adding mock interface to class net/sf/saxon/om/ZeroOrOne
18:07:49.631 [main] INFO org.evosuite.runtime.instrumentation.CreateClassResetClassAdapter - Found static initializer in class net/sf/saxon/om/ZeroOrOne
18:07:49.632 [main] INFO org.evosuite.runtime.instrumentation.EvoClassLoader - Keeping class: net.sf.saxon.om.ZeroOrOne
18:07:49.632 [main] INFO org.evosuite.runtime.instrumentation.EvoClassLoader - Seeing class for first time: net.sf.saxon.value.AnyURIValue
18:07:49.632 [main] INFO org.evosuite.runtime.instrumentation.EvoClassLoader - Instrumenting class 'net.sf.saxon.value.AnyURIValue'.
18:07:49.633 [main] INFO org.evosuite.runtime.instrumentation.MethodCallReplacementClassAdapter - Adding mock interface to class net/sf/saxon/value/AnyURIValue
18:07:49.633 [main] INFO org.evosuite.runtime.instrumentation.CreateClassResetClassAdapter - Found static initializer in class net/sf/saxon/value/AnyURIValue
18:07:49.634 [main] INFO org.evosuite.runtime.instrumentation.EvoClassLoader - Keeping class: net.sf.saxon.value.AnyURIValue
18:07:49.634 [main] INFO org.evosuite.runtime.instrumentation.EvoClassLoader - Seeing class for first time: net.sf.saxon.expr.number.AbstractNumberer
18:07:49.634 [main] INFO org.evosuite.runtime.instrumentation.EvoClassLoader - Instrumenting class 'net.sf.saxon.expr.number.AbstractNumberer'.
18:07:49.636 [main] INFO org.evosuite.runtime.instrumentation.MethodCallReplacementClassAdapter - Adding mock interface to class net/sf/saxon/expr/number/AbstractNumberer
18:07:49.638 [main] INFO org.evosuite.runtime.instrumentation.CreateClassResetClassAdapter - Found static initializer in class net/sf/saxon/expr/number/AbstractNumberer
18:07:49.638 [main] INFO org.evosuite.runtime.instrumentation.EvoClassLoader - Defined package (3): package net.sf.saxon.expr.number, 1568967443
18:07:49.639 [main] INFO org.evosuite.runtime.instrumentation.EvoClassLoader - Seeing class for first time: net.sf.saxon.lib.Numberer
18:07:49.639 [main] INFO org.evosuite.runtime.instrumentation.EvoClassLoader - Instrumenting class 'net.sf.saxon.lib.Numberer'.
18:07:49.640 [main] INFO org.evosuite.runtime.instrumentation.EvoClassLoader - Keeping class: net.sf.saxon.lib.Numberer
18:07:49.640 [main] INFO org.evosuite.runtime.instrumentation.EvoClassLoader - Keeping class: net.sf.saxon.expr.number.AbstractNumberer
18:07:49.640 [main] INFO org.evosuite.runtime.instrumentation.EvoClassLoader - Seeing class for first time: net.sf.saxon.regex.EmptyString
18:07:49.640 [main] INFO org.evosuite.runtime.instrumentation.EvoClassLoader - Instrumenting class 'net.sf.saxon.regex.EmptyString'.
18:07:49.641 [main] INFO org.evosuite.runtime.instrumentation.MethodCallReplacementClassAdapter - Adding mock interface to class net/sf/saxon/regex/EmptyString
18:07:49.641 [main] INFO org.evosuite.runtime.instrumentation.CreateClassResetClassAdapter - Found static initializer in class net/sf/saxon/regex/EmptyString
18:07:49.641 [main] INFO org.evosuite.runtime.instrumentation.EvoClassLoader - Keeping class: net.sf.saxon.regex.EmptyString
18:07:49.642 [main] INFO org.evosuite.runtime.instrumentation.EvoClassLoader - Seeing class for first time: net.sf.saxon.expr.number.NumericGroupFormatter
18:07:49.642 [main] INFO org.evosuite.runtime.instrumentation.EvoClassLoader - Instrumenting class 'net.sf.saxon.expr.number.NumericGroupFormatter'.
18:07:49.642 [main] INFO org.evosuite.runtime.instrumentation.MethodCallReplacementClassAdapter - Adding mock interface to class net/sf/saxon/expr/number/NumericGroupFormatter
18:07:49.642 [main] INFO org.evosuite.runtime.instrumentation.CreateClassResetClassAdapter - Creating brand-new static initializer in class net/sf/saxon/expr/number/NumericGroupFormatter
18:07:49.642 [main] INFO org.evosuite.runtime.instrumentation.EvoClassLoader - Keeping class: net.sf.saxon.expr.number.NumericGroupFormatter
18:07:49.642 [main] INFO org.evosuite.runtime.instrumentation.EvoClassLoader - Seeing class for first time: net.sf.saxon.expr.number.RegularGroupFormatter
18:07:49.642 [main] INFO org.evosuite.runtime.instrumentation.EvoClassLoader - Instrumenting class 'net.sf.saxon.expr.number.RegularGroupFormatter'.
18:07:49.643 [main] INFO org.evosuite.runtime.instrumentation.MethodCallReplacementClassAdapter - Adding mock interface to class net/sf/saxon/expr/number/RegularGroupFormatter
18:07:49.643 [main] INFO org.evosuite.runtime.instrumentation.CreateClassResetClassAdapter - Creating brand-new static initializer in class net/sf/saxon/expr/number/RegularGroupFormatter
18:07:49.644 [main] INFO org.evosuite.runtime.instrumentation.EvoClassLoader - Keeping class: net.sf.saxon.expr.number.RegularGroupFormatter
18:07:49.644 [main] INFO org.evosuite.runtime.instrumentation.EvoClassLoader - Seeing class for first time: net.sf.saxon.regex.GeneralUnicodeString
18:07:49.644 [main] INFO org.evosuite.runtime.instrumentation.EvoClassLoader - Instrumenting class 'net.sf.saxon.regex.GeneralUnicodeString'.
18:07:49.646 [main] INFO org.evosuite.runtime.instrumentation.MethodCallReplacementClassAdapter - Adding mock interface to class net/sf/saxon/regex/GeneralUnicodeString
18:07:49.646 [main] INFO org.evosuite.runtime.instrumentation.CreateClassResetClassAdapter - Creating brand-new static initializer in class net/sf/saxon/regex/GeneralUnicodeString
18:07:49.646 [main] INFO org.evosuite.runtime.instrumentation.EvoClassLoader - Keeping class: net.sf.saxon.regex.GeneralUnicodeString
18:07:49.647 [main] INFO org.evosuite.runtime.instrumentation.EvoClassLoader - Seeing class for first time: net.sf.saxon.regex.BMPString
18:07:49.647 [main] INFO org.evosuite.runtime.instrumentation.EvoClassLoader - Instrumenting class 'net.sf.saxon.regex.BMPString'.
18:07:49.647 [main] INFO org.evosuite.runtime.instrumentation.MethodCallReplacementClassAdapter - Adding mock interface to class net/sf/saxon/regex/BMPString
18:07:49.648 [main] INFO org.evosuite.runtime.instrumentation.CreateClassResetClassAdapter - Creating brand-new static initializer in class net/sf/saxon/regex/BMPString
18:07:49.648 [main] INFO org.evosuite.runtime.instrumentation.EvoClassLoader - Keeping class: net.sf.saxon.regex.BMPString
18:07:49.648 [main] INFO org.evosuite.runtime.instrumentation.EvoClassLoader - Seeing class for first time: net.sf.saxon.regex.LatinString
18:07:49.648 [main] INFO org.evosuite.runtime.instrumentation.EvoClassLoader - Instrumenting class 'net.sf.saxon.regex.LatinString'.
18:07:49.649 [main] INFO org.evosuite.runtime.instrumentation.MethodCallReplacementClassAdapter - Adding mock interface to class net/sf/saxon/regex/LatinString
18:07:49.650 [main] INFO org.evosuite.runtime.instrumentation.CreateClassResetClassAdapter - Found static initializer in class net/sf/saxon/regex/LatinString
18:07:49.650 [main] INFO org.evosuite.runtime.instrumentation.EvoClassLoader - Keeping class: net.sf.saxon.regex.LatinString
18:07:49.652 [main] INFO org.evosuite.runtime.instrumentation.EvoClassLoader - Seeing class for first time: net.sf.saxon.value.Int64Value
18:07:49.652 [main] INFO org.evosuite.runtime.instrumentation.EvoClassLoader - Instrumenting class 'net.sf.saxon.value.Int64Value'.
18:07:49.653 [main] INFO org.evosuite.runtime.instrumentation.MethodCallReplacementClassAdapter - Adding mock interface to class net/sf/saxon/value/Int64Value
18:07:49.655 [main] INFO org.evosuite.runtime.instrumentation.CreateClassResetClassAdapter - Found static initializer in class net/sf/saxon/value/Int64Value
18:07:49.656 [main] INFO org.evosuite.runtime.instrumentation.EvoClassLoader - Keeping class: net.sf.saxon.value.Int64Value
18:07:49.656 [main] INFO org.evosuite.runtime.instrumentation.EvoClassLoader - Seeing class for first time: net.sf.saxon.value.BigIntegerValue
18:07:49.656 [main] INFO org.evosuite.runtime.instrumentation.EvoClassLoader - Instrumenting class 'net.sf.saxon.value.BigIntegerValue'.
18:07:49.657 [main] INFO org.evosuite.runtime.instrumentation.MethodCallReplacementClassAdapter - Adding mock interface to class net/sf/saxon/value/BigIntegerValue
18:07:49.658 [main] INFO org.evosuite.runtime.instrumentation.CreateClassResetClassAdapter - Found static initializer in class net/sf/saxon/value/BigIntegerValue
18:07:49.659 [main] INFO org.evosuite.runtime.instrumentation.EvoClassLoader - Keeping class: net.sf.saxon.value.BigIntegerValue
18:07:49.660 [main] INFO org.evosuite.runtime.instrumentation.EvoClassLoader - Seeing class for first time: net.sf.saxon.value.BigDecimalValue
18:07:49.660 [main] INFO org.evosuite.runtime.instrumentation.EvoClassLoader - Instrumenting class 'net.sf.saxon.value.BigDecimalValue'.
18:07:49.662 [main] INFO org.evosuite.runtime.instrumentation.MethodCallReplacementClassAdapter - Adding mock interface to class net/sf/saxon/value/BigDecimalValue
18:07:49.663 [main] INFO org.evosuite.runtime.instrumentation.CreateClassResetClassAdapter - Found static initializer in class net/sf/saxon/value/BigDecimalValue
18:07:49.664 [main] INFO org.evosuite.runtime.instrumentation.EvoClassLoader - Keeping class: net.sf.saxon.value.BigDecimalValue
18:07:49.665 [main] INFO org.evosuite.runtime.instrumentation.EvoClassLoader - Seeing class for first time: net.sf.saxon.functions.Substring
18:07:49.665 [main] INFO org.evosuite.runtime.instrumentation.EvoClassLoader - Instrumenting class 'net.sf.saxon.functions.Substring'.
18:07:49.666 [main] INFO org.evosuite.runtime.instrumentation.MethodCallReplacementClassAdapter - Adding mock interface to class net/sf/saxon/functions/Substring
18:07:49.667 [main] INFO org.evosuite.runtime.instrumentation.CreateClassResetClassAdapter - Creating brand-new static initializer in class net/sf/saxon/functions/Substring
18:07:49.667 [main] INFO org.evosuite.runtime.instrumentation.EvoClassLoader - Keeping class: net.sf.saxon.functions.Substring
18:07:49.668 [main] INFO org.evosuite.runtime.instrumentation.EvoClassLoader - Seeing class for first time: net.sf.saxon.om.One
18:07:49.668 [main] INFO org.evosuite.runtime.instrumentation.EvoClassLoader - Instrumenting class 'net.sf.saxon.om.One'.
18:07:49.668 [main] INFO org.evosuite.runtime.instrumentation.MethodCallReplacementClassAdapter - Adding mock interface to class net/sf/saxon/om/One
18:07:49.669 [main] INFO org.evosuite.runtime.instrumentation.CreateClassResetClassAdapter - Creating brand-new static initializer in class net/sf/saxon/om/One
18:07:49.669 [main] INFO org.evosuite.runtime.instrumentation.EvoClassLoader - Keeping class: net.sf.saxon.om.One
18:07:49.669 [main] INFO org.evosuite.runtime.instrumentation.EvoClassLoader - Seeing class for first time: net.sf.saxon.value.Base64BinaryValue
18:07:49.669 [main] INFO org.evosuite.runtime.instrumentation.EvoClassLoader - Instrumenting class 'net.sf.saxon.value.Base64BinaryValue'.
18:07:49.670 [main] INFO org.evosuite.runtime.instrumentation.MethodCallReplacementClassAdapter - Adding mock interface to class net/sf/saxon/value/Base64BinaryValue
18:07:49.671 [main] INFO org.evosuite.runtime.instrumentation.CreateClassResetClassAdapter - Found static initializer in class net/sf/saxon/value/Base64BinaryValue
18:07:49.671 [main] INFO org.evosuite.runtime.instrumentation.EvoClassLoader - Keeping class: net.sf.saxon.value.Base64BinaryValue
]]></system-out>
  </testcase>
  <testcase name="test18" classname="io.netty.handler.codec.compression.ByteBufChecksum_ESTest" time="0.041">
    <system-out><![CDATA[18:07:49.675 [main] DEBUG io.netty.util.internal.logging.InternalLoggerFactory - Using SLF4J as the default logging framework
18:07:49.675 [main] DEBUG io.netty.util.internal.PlatformDependent0 - -Dio.netty.noUnsafe: false
18:07:49.675 [main] DEBUG io.netty.util.internal.PlatformDependent0 - Java version: 8
18:07:49.675 [main] DEBUG io.netty.util.internal.PlatformDependent0 - sun.misc.Unsafe.theUnsafe: available
18:07:49.675 [main] DEBUG io.netty.util.internal.PlatformDependent0 - sun.misc.Unsafe.copyMemory: available
18:07:49.675 [main] DEBUG io.netty.util.internal.PlatformDependent0 - sun.misc.Unsafe.storeFence: available
18:07:49.676 [main] DEBUG io.netty.util.internal.PlatformDependent0 - java.nio.Buffer.address: available
18:07:49.676 [main] DEBUG io.netty.util.internal.PlatformDependent0 - direct buffer constructor: available
18:07:49.676 [main] DEBUG io.netty.util.internal.PlatformDependent0 - java.nio.Bits.unaligned: available, true
18:07:49.676 [main] DEBUG io.netty.util.internal.PlatformDependent0 - jdk.internal.misc.Unsafe.allocateUninitializedArray(int): unavailable prior to Java9
18:07:49.676 [main] DEBUG io.netty.util.internal.PlatformDependent0 - java.nio.DirectByteBuffer.<init>(long, {int,long}): available
18:07:49.676 [main] DEBUG io.netty.util.internal.CleanerJava6 - java.nio.ByteBuffer.cleaner(): available
18:07:49.676 [main] DEBUG io.netty.util.internal.PlatformDependent - sun.misc.Unsafe: available
18:07:49.676 [main] DEBUG io.netty.util.internal.PlatformDependent - -Dio.netty.tmpdir: /tmp (java.io.tmpdir)
18:07:49.676 [main] DEBUG io.netty.util.internal.PlatformDependent - -Dio.netty.bitMode: 64 (sun.arch.data.model)
18:07:49.676 [main] DEBUG io.netty.util.internal.PlatformDependent - -Dio.netty.maxDirectMemory: 11420041216 bytes
18:07:49.676 [main] DEBUG io.netty.util.internal.PlatformDependent - -Dio.netty.uninitializedArrayAllocationThreshold: -1
18:07:49.676 [main] DEBUG io.netty.util.internal.PlatformDependent - -Dio.netty.noPreferDirect: false
18:07:49.676 [main] DEBUG io.netty.util.internal.CleanerJava9 - java.nio.ByteBuffer.cleaner(): unavailable
java.lang.NoSuchMethodException: sun.misc.Unsafe.invokeCleaner(java.nio.ByteBuffer)
	at java.lang.Class.getDeclaredMethod(Class.java:2130)
	at io.netty.util.internal.CleanerJava9$1.run(CleanerJava9.java:45)
	at java.security.AccessController.doPrivileged(Native Method)
	at io.netty.util.internal.CleanerJava9.__STATIC_RESET(CleanerJava9.java:40)
	at sun.reflect.NativeMethodAccessorImpl.invoke0(Native Method)
	at sun.reflect.NativeMethodAccessorImpl.invoke(NativeMethodAccessorImpl.java:62)
	at sun.reflect.DelegatingMethodAccessorImpl.invoke(DelegatingMethodAccessorImpl.java:43)
	at java.lang.reflect.Method.invoke(Method.java:498)
	at org.evosuite.runtime.classhandling.ClassResetter.reset(ClassResetter.java:159)
	at org.evosuite.runtime.classhandling.ClassStateSupport.resetClasses(ClassStateSupport.java:137)
	at io.netty.handler.codec.compression.ByteBufChecksum_ESTest_scaffolding.resetClasses(ByteBufChecksum_ESTest_scaffolding.java:278)
	at io.netty.handler.codec.compression.ByteBufChecksum_ESTest_scaffolding.doneWithTestCase(ByteBufChecksum_ESTest_scaffolding.java:66)
	at sun.reflect.NativeMethodAccessorImpl.invoke0(Native Method)
	at sun.reflect.NativeMethodAccessorImpl.invoke(NativeMethodAccessorImpl.java:62)
	at sun.reflect.DelegatingMethodAccessorImpl.invoke(DelegatingMethodAccessorImpl.java:43)
	at java.lang.reflect.Method.invoke(Method.java:498)
	at org.junit.runners.model.FrameworkMethod$1.runReflectiveCall(FrameworkMethod.java:59)
	at org.junit.internal.runners.model.ReflectiveCallable.run(ReflectiveCallable.java:12)
	at org.junit.runners.model.FrameworkMethod.invokeExplosively(FrameworkMethod.java:56)
	at org.junit.internal.runners.statements.RunAfters.invokeMethod(RunAfters.java:46)
	at org.junit.internal.runners.statements.RunAfters.evaluate(RunAfters.java:33)
	at org.evosuite.runtime.vnet.NonFunctionalRequirementRule$1.evaluate(NonFunctionalRequirementRule.java:41)
	at org.junit.runners.ParentRunner$3.evaluate(ParentRunner.java:306)
	at org.junit.runners.BlockJUnit4ClassRunner$1.evaluate(BlockJUnit4ClassRunner.java:100)
	at org.junit.runners.ParentRunner.runLeaf(ParentRunner.java:366)
	at org.junit.runners.BlockJUnit4ClassRunner.runChild(BlockJUnit4ClassRunner.java:103)
	at org.junit.runners.BlockJUnit4ClassRunner.runChild(BlockJUnit4ClassRunner.java:63)
	at org.junit.runners.ParentRunner$4.run(ParentRunner.java:331)
	at org.junit.runners.ParentRunner$1.schedule(ParentRunner.java:79)
	at org.junit.runners.ParentRunner.runChildren(ParentRunner.java:329)
	at org.junit.runners.ParentRunner.access$100(ParentRunner.java:66)
	at org.junit.runners.ParentRunner$2.evaluate(ParentRunner.java:293)
	at org.junit.internal.runners.statements.RunBefores.evaluate(RunBefores.java:26)
	at org.junit.internal.runners.statements.RunAfters.evaluate(RunAfters.java:27)
	at org.junit.runners.ParentRunner$3.evaluate(ParentRunner.java:306)
	at org.junit.runners.ParentRunner.run(ParentRunner.java:413)
	at org.apache.maven.surefire.junit4.JUnit4Provider.execute(JUnit4Provider.java:316)
	at org.apache.maven.surefire.junit4.JUnit4Provider.executeWithRerun(JUnit4Provider.java:240)
	at org.apache.maven.surefire.junit4.JUnit4Provider.executeTestSet(JUnit4Provider.java:214)
	at org.apache.maven.surefire.junit4.JUnit4Provider.invoke(JUnit4Provider.java:155)
	at org.apache.maven.surefire.booter.ForkedBooter.runSuitesInProcess(ForkedBooter.java:385)
	at org.apache.maven.surefire.booter.ForkedBooter.execute(ForkedBooter.java:162)
	at org.apache.maven.surefire.booter.ForkedBooter.run(ForkedBooter.java:507)
	at org.apache.maven.surefire.booter.ForkedBooter.main(ForkedBooter.java:495)
18:07:49.677 [main] DEBUG io.netty.util.ResourceLeakDetector - -Dio.netty.leakDetection.level: simple
18:07:49.677 [main] DEBUG io.netty.util.ResourceLeakDetector - -Dio.netty.leakDetection.targetRecords: 4
18:07:49.678 [main] DEBUG io.netty.util.internal.InternalThreadLocalMap - -Dio.netty.threadLocalMap.stringBuilder.initialSize: 1024
18:07:49.678 [main] DEBUG io.netty.util.internal.InternalThreadLocalMap - -Dio.netty.threadLocalMap.stringBuilder.maxSize: 4096
18:07:49.678 [main] DEBUG io.netty.buffer.PooledByteBufAllocator - -Dio.netty.allocator.numHeapArenas: 0
18:07:49.678 [main] DEBUG io.netty.buffer.PooledByteBufAllocator - -Dio.netty.allocator.numDirectArenas: 2
18:07:49.678 [main] DEBUG io.netty.buffer.PooledByteBufAllocator - -Dio.netty.allocator.pageSize: 8192
18:07:49.678 [main] DEBUG io.netty.buffer.PooledByteBufAllocator - -Dio.netty.allocator.maxOrder: 9
18:07:49.678 [main] DEBUG io.netty.buffer.PooledByteBufAllocator - -Dio.netty.allocator.chunkSize: 4194304
18:07:49.678 [main] DEBUG io.netty.buffer.PooledByteBufAllocator - -Dio.netty.allocator.smallCacheSize: 256
18:07:49.678 [main] DEBUG io.netty.buffer.PooledByteBufAllocator - -Dio.netty.allocator.normalCacheSize: 64
18:07:49.678 [main] DEBUG io.netty.buffer.PooledByteBufAllocator - -Dio.netty.allocator.maxCachedBufferCapacity: 32768
18:07:49.678 [main] DEBUG io.netty.buffer.PooledByteBufAllocator - -Dio.netty.allocator.cacheTrimInterval: 8192
18:07:49.678 [main] DEBUG io.netty.buffer.PooledByteBufAllocator - -Dio.netty.allocator.cacheTrimIntervalMillis: 0
18:07:49.678 [main] DEBUG io.netty.buffer.PooledByteBufAllocator - -Dio.netty.allocator.useCacheForAllThreads: false
18:07:49.678 [main] DEBUG io.netty.buffer.PooledByteBufAllocator - -Dio.netty.allocator.maxCachedByteBuffersPerChunk: 1023
18:07:49.679 [main] DEBUG io.netty.buffer.AbstractByteBuf - -Dio.netty.buffer.checkAccessible: true
18:07:49.679 [main] DEBUG io.netty.buffer.AbstractByteBuf - -Dio.netty.buffer.checkBounds: true
18:07:49.680 [main] DEBUG io.netty.util.ResourceLeakDetectorFactory - Loaded default ResourceLeakDetector: io.netty.util.ResourceLeakDetector@5
18:07:49.681 [main] DEBUG io.netty.util.Recycler - -Dio.netty.recycler.maxCapacityPerThread: 4096
18:07:49.681 [main] DEBUG io.netty.util.Recycler - -Dio.netty.recycler.ratio: 8
18:07:49.681 [main] DEBUG io.netty.util.Recycler - -Dio.netty.recycler.chunkSize: 32
18:07:49.681 [main] DEBUG io.netty.util.Recycler - -Dio.netty.recycler.blocking: false
18:07:49.681 [main] DEBUG io.netty.util.Recycler - -Dio.netty.recycler.batchFastThreadLocalOnly: true
18:07:49.681 [main] DEBUG io.netty.util.internal.PlatformDependent - org.jctools-core.MpscChunkedArrayQueue: available
18:07:49.683 [main] DEBUG io.netty.buffer.ByteBufUtil - -Dio.netty.allocator.type: pooled
18:07:49.683 [main] DEBUG io.netty.buffer.ByteBufUtil - -Dio.netty.threadLocalDirectBufferSize: 0
18:07:49.683 [main] DEBUG io.netty.buffer.ByteBufUtil - -Dio.netty.maxThreadLocalCharBufferSize: 16384
]]></system-out>
  </testcase>
  <testcase name="test06" classname="io.netty.handler.codec.compression.ByteBufChecksum_ESTest" time="0.025">
    <error type="java.lang.StackOverflowError"><![CDATA[java.lang.StackOverflowError
	at io.netty.buffer.CompositeByteBuf.nioBufferCount(CompositeByteBuf.java:1642)
	at io.netty.buffer.CompositeByteBuf.nioBufferCount(CompositeByteBuf.java:1643)
	at io.netty.buffer.CompositeByteBuf.nioBufferCount(CompositeByteBuf.java:1643)
	at io.netty.buffer.CompositeByteBuf.nioBufferCount(CompositeByteBuf.java:1643)
	at io.netty.buffer.CompositeByteBuf.nioBufferCount(CompositeByteBuf.java:1643)
	at io.netty.buffer.CompositeByteBuf.nioBufferCount(CompositeByteBuf.java:1643)
	at io.netty.buffer.CompositeByteBuf.nioBufferCount(CompositeByteBuf.java:1643)
	at io.netty.buffer.CompositeByteBuf.nioBufferCount(CompositeByteBuf.java:1643)
	at io.netty.buffer.CompositeByteBuf.nioBufferCount(CompositeByteBuf.java:1643)
	at io.netty.buffer.CompositeByteBuf.nioBufferCount(CompositeByteBuf.java:1643)
	at io.netty.buffer.CompositeByteBuf.nioBufferCount(CompositeByteBuf.java:1643)
	at io.netty.buffer.CompositeByteBuf.nioBufferCount(CompositeByteBuf.java:1643)
	at io.netty.buffer.CompositeByteBuf.nioBufferCount(CompositeByteBuf.java:1643)
	at io.netty.buffer.CompositeByteBuf.nioBufferCount(CompositeByteBuf.java:1643)
	at io.netty.buffer.CompositeByteBuf.nioBufferCount(CompositeByteBuf.java:1643)
	at io.netty.buffer.CompositeByteBuf.nioBufferCount(CompositeByteBuf.java:1643)
	at io.netty.buffer.CompositeByteBuf.nioBufferCount(CompositeByteBuf.java:1643)
	at io.netty.buffer.CompositeByteBuf.nioBufferCount(CompositeByteBuf.java:1643)
	at io.netty.buffer.CompositeByteBuf.nioBufferCount(CompositeByteBuf.java:1643)
	at io.netty.buffer.CompositeByteBuf.nioBufferCount(CompositeByteBuf.java:1643)
	at io.netty.buffer.CompositeByteBuf.nioBufferCount(CompositeByteBuf.java:1643)
	at io.netty.buffer.CompositeByteBuf.nioBufferCount(CompositeByteBuf.java:1643)
	at io.netty.buffer.CompositeByteBuf.nioBufferCount(CompositeByteBuf.java:1643)
	at io.netty.buffer.CompositeByteBuf.nioBufferCount(CompositeByteBuf.java:1643)
	at io.netty.buffer.CompositeByteBuf.nioBufferCount(CompositeByteBuf.java:1643)
	at io.netty.buffer.CompositeByteBuf.nioBufferCount(CompositeByteBuf.java:1643)
	at io.netty.buffer.CompositeByteBuf.nioBufferCount(CompositeByteBuf.java:1643)
	at io.netty.buffer.CompositeByteBuf.nioBufferCount(CompositeByteBuf.java:1643)
	at io.netty.buffer.CompositeByteBuf.nioBufferCount(CompositeByteBuf.java:1643)
	at io.netty.buffer.CompositeByteBuf.nioBufferCount(CompositeByteBuf.java:1643)
	at io.netty.buffer.CompositeByteBuf.nioBufferCount(CompositeByteBuf.java:1643)
	at io.netty.buffer.CompositeByteBuf.nioBufferCount(CompositeByteBuf.java:1643)
	at io.netty.buffer.CompositeByteBuf.nioBufferCount(CompositeByteBuf.java:1643)
	at io.netty.buffer.CompositeByteBuf.nioBufferCount(CompositeByteBuf.java:1643)
	at io.netty.buffer.CompositeByteBuf.nioBufferCount(CompositeByteBuf.java:1643)
	at io.netty.buffer.CompositeByteBuf.nioBufferCount(CompositeByteBuf.java:1643)
	at io.netty.buffer.CompositeByteBuf.nioBufferCount(CompositeByteBuf.java:1643)
	at io.netty.buffer.CompositeByteBuf.nioBufferCount(CompositeByteBuf.java:1643)
	at io.netty.buffer.CompositeByteBuf.nioBufferCount(CompositeByteBuf.java:1643)
	at io.netty.buffer.CompositeByteBuf.nioBufferCount(CompositeByteBuf.java:1643)
	at io.netty.buffer.CompositeByteBuf.nioBufferCount(CompositeByteBuf.java:1643)
	at io.netty.buffer.CompositeByteBuf.nioBufferCount(CompositeByteBuf.java:1643)
	at io.netty.buffer.CompositeByteBuf.nioBufferCount(CompositeByteBuf.java:1643)
	at io.netty.buffer.CompositeByteBuf.nioBufferCount(CompositeByteBuf.java:1643)
	at io.netty.buffer.CompositeByteBuf.nioBufferCount(CompositeByteBuf.java:1643)
	at io.netty.buffer.CompositeByteBuf.nioBufferCount(CompositeByteBuf.java:1643)
	at io.netty.buffer.CompositeByteBuf.nioBufferCount(CompositeByteBuf.java:1643)
	at io.netty.buffer.CompositeByteBuf.nioBufferCount(CompositeByteBuf.java:1643)
	at io.netty.buffer.CompositeByteBuf.nioBufferCount(CompositeByteBuf.java:1643)
	at io.netty.buffer.CompositeByteBuf.nioBufferCount(CompositeByteBuf.java:1643)
	at io.netty.buffer.CompositeByteBuf.nioBufferCount(CompositeByteBuf.java:1643)
	at io.netty.buffer.CompositeByteBuf.nioBufferCount(CompositeByteBuf.java:1643)
	at io.netty.buffer.CompositeByteBuf.nioBufferCount(CompositeByteBuf.java:1643)
	at io.netty.buffer.CompositeByteBuf.nioBufferCount(CompositeByteBuf.java:1643)
	at io.netty.buffer.CompositeByteBuf.nioBufferCount(CompositeByteBuf.java:1643)
	at io.netty.buffer.CompositeByteBuf.nioBufferCount(CompositeByteBuf.java:1643)
	at io.netty.buffer.CompositeByteBuf.nioBufferCount(CompositeByteBuf.java:1643)
	at io.netty.buffer.CompositeByteBuf.nioBufferCount(CompositeByteBuf.java:1643)
	at io.netty.buffer.CompositeByteBuf.nioBufferCount(CompositeByteBuf.java:1643)
	at io.netty.buffer.CompositeByteBuf.nioBufferCount(CompositeByteBuf.java:1643)
	at io.netty.buffer.CompositeByteBuf.nioBufferCount(CompositeByteBuf.java:1643)
	at io.netty.buffer.CompositeByteBuf.nioBufferCount(CompositeByteBuf.java:1643)
	at io.netty.buffer.CompositeByteBuf.nioBufferCount(CompositeByteBuf.java:1643)
	at io.netty.buffer.CompositeByteBuf.nioBufferCount(CompositeByteBuf.java:1643)
	at io.netty.buffer.CompositeByteBuf.nioBufferCount(CompositeByteBuf.java:1643)
	at io.netty.buffer.CompositeByteBuf.nioBufferCount(CompositeByteBuf.java:1643)
	at io.netty.buffer.CompositeByteBuf.nioBufferCount(CompositeByteBuf.java:1643)
	at io.netty.buffer.CompositeByteBuf.nioBufferCount(CompositeByteBuf.java:1643)
	at io.netty.buffer.CompositeByteBuf.nioBufferCount(CompositeByteBuf.java:1643)
	at io.netty.buffer.CompositeByteBuf.nioBufferCount(CompositeByteBuf.java:1643)
	at io.netty.buffer.CompositeByteBuf.nioBufferCount(CompositeByteBuf.java:1643)
	at io.netty.buffer.CompositeByteBuf.nioBufferCount(CompositeByteBuf.java:1643)
	at io.netty.buffer.CompositeByteBuf.nioBufferCount(CompositeByteBuf.java:1643)
	at io.netty.buffer.CompositeByteBuf.nioBufferCount(CompositeByteBuf.java:1643)
	at io.netty.buffer.CompositeByteBuf.nioBufferCount(CompositeByteBuf.java:1643)
	at io.netty.buffer.CompositeByteBuf.nioBufferCount(CompositeByteBuf.java:1643)
	at io.netty.buffer.CompositeByteBuf.nioBufferCount(CompositeByteBuf.java:1643)
	at io.netty.buffer.CompositeByteBuf.nioBufferCount(CompositeByteBuf.java:1643)
	at io.netty.buffer.CompositeByteBuf.nioBufferCount(CompositeByteBuf.java:1643)
	at io.netty.buffer.CompositeByteBuf.nioBufferCount(CompositeByteBuf.java:1643)
	at io.netty.buffer.CompositeByteBuf.nioBufferCount(CompositeByteBuf.java:1643)
	at io.netty.buffer.CompositeByteBuf.nioBufferCount(CompositeByteBuf.java:1643)
	at io.netty.buffer.CompositeByteBuf.nioBufferCount(CompositeByteBuf.java:1643)
	at io.netty.buffer.CompositeByteBuf.nioBufferCount(CompositeByteBuf.java:1643)
	at io.netty.buffer.CompositeByteBuf.nioBufferCount(CompositeByteBuf.java:1643)
	at io.netty.buffer.CompositeByteBuf.nioBufferCount(CompositeByteBuf.java:1643)
	at io.netty.buffer.CompositeByteBuf.nioBufferCount(CompositeByteBuf.java:1643)
	at io.netty.buffer.CompositeByteBuf.nioBufferCount(CompositeByteBuf.java:1643)
	at io.netty.buffer.CompositeByteBuf.nioBufferCount(CompositeByteBuf.java:1643)
	at io.netty.buffer.CompositeByteBuf.nioBufferCount(CompositeByteBuf.java:1643)
	at io.netty.buffer.CompositeByteBuf.nioBufferCount(CompositeByteBuf.java:1643)
	at io.netty.buffer.CompositeByteBuf.nioBufferCount(CompositeByteBuf.java:1643)
	at io.netty.buffer.CompositeByteBuf.nioBufferCount(CompositeByteBuf.java:1643)
	at io.netty.buffer.CompositeByteBuf.nioBufferCount(CompositeByteBuf.java:1643)
	at io.netty.buffer.CompositeByteBuf.nioBufferCount(CompositeByteBuf.java:1643)
	at io.netty.buffer.CompositeByteBuf.nioBufferCount(CompositeByteBuf.java:1643)
	at io.netty.buffer.CompositeByteBuf.nioBufferCount(CompositeByteBuf.java:1643)
	at io.netty.buffer.CompositeByteBuf.nioBufferCount(CompositeByteBuf.java:1643)
	at io.netty.buffer.CompositeByteBuf.nioBufferCount(CompositeByteBuf.java:1643)
	at io.netty.buffer.CompositeByteBuf.nioBufferCount(CompositeByteBuf.java:1643)
	at io.netty.buffer.CompositeByteBuf.nioBufferCount(CompositeByteBuf.java:1643)
	at io.netty.buffer.CompositeByteBuf.nioBufferCount(CompositeByteBuf.java:1643)
	at io.netty.buffer.CompositeByteBuf.nioBufferCount(CompositeByteBuf.java:1643)
	at io.netty.buffer.CompositeByteBuf.nioBufferCount(CompositeByteBuf.java:1643)
	at io.netty.buffer.CompositeByteBuf.nioBufferCount(CompositeByteBuf.java:1643)
	at io.netty.buffer.CompositeByteBuf.nioBufferCount(CompositeByteBuf.java:1643)
	at io.netty.buffer.CompositeByteBuf.nioBufferCount(CompositeByteBuf.java:1643)
	at io.netty.buffer.CompositeByteBuf.nioBufferCount(CompositeByteBuf.java:1643)
	at io.netty.buffer.CompositeByteBuf.nioBufferCount(CompositeByteBuf.java:1643)
	at io.netty.buffer.CompositeByteBuf.nioBufferCount(CompositeByteBuf.java:1643)
	at io.netty.buffer.CompositeByteBuf.nioBufferCount(CompositeByteBuf.java:1643)
	at io.netty.buffer.CompositeByteBuf.nioBufferCount(CompositeByteBuf.java:1643)
	at io.netty.buffer.CompositeByteBuf.nioBufferCount(CompositeByteBuf.java:1643)
	at io.netty.buffer.CompositeByteBuf.nioBufferCount(CompositeByteBuf.java:1643)
	at io.netty.buffer.CompositeByteBuf.nioBufferCount(CompositeByteBuf.java:1643)
	at io.netty.buffer.CompositeByteBuf.nioBufferCount(CompositeByteBuf.java:1643)
	at io.netty.buffer.CompositeByteBuf.nioBufferCount(CompositeByteBuf.java:1643)
	at io.netty.buffer.CompositeByteBuf.nioBufferCount(CompositeByteBuf.java:1643)
	at io.netty.buffer.CompositeByteBuf.nioBufferCount(CompositeByteBuf.java:1643)
	at io.netty.buffer.CompositeByteBuf.nioBufferCount(CompositeByteBuf.java:1643)
	at io.netty.buffer.CompositeByteBuf.nioBufferCount(CompositeByteBuf.java:1643)
	at io.netty.buffer.CompositeByteBuf.nioBufferCount(CompositeByteBuf.java:1643)
	at io.netty.buffer.CompositeByteBuf.nioBufferCount(CompositeByteBuf.java:1643)
	at io.netty.buffer.CompositeByteBuf.nioBufferCount(CompositeByteBuf.java:1643)
	at io.netty.buffer.CompositeByteBuf.nioBufferCount(CompositeByteBuf.java:1643)
	at io.netty.buffer.CompositeByteBuf.nioBufferCount(CompositeByteBuf.java:1643)
	at io.netty.buffer.CompositeByteBuf.nioBufferCount(CompositeByteBuf.java:1643)
	at io.netty.buffer.CompositeByteBuf.nioBufferCount(CompositeByteBuf.java:1643)
	at io.netty.buffer.CompositeByteBuf.nioBufferCount(CompositeByteBuf.java:1643)
	at io.netty.buffer.CompositeByteBuf.nioBufferCount(CompositeByteBuf.java:1643)
	at io.netty.buffer.CompositeByteBuf.nioBufferCount(CompositeByteBuf.java:1643)
	at io.netty.buffer.CompositeByteBuf.nioBufferCount(CompositeByteBuf.java:1643)
	at io.netty.buffer.CompositeByteBuf.nioBufferCount(CompositeByteBuf.java:1643)
	at io.netty.buffer.CompositeByteBuf.nioBufferCount(CompositeByteBuf.java:1643)
	at io.netty.buffer.CompositeByteBuf.nioBufferCount(CompositeByteBuf.java:1643)
	at io.netty.buffer.CompositeByteBuf.nioBufferCount(CompositeByteBuf.java:1643)
	at io.netty.buffer.CompositeByteBuf.nioBufferCount(CompositeByteBuf.java:1643)
	at io.netty.buffer.CompositeByteBuf.nioBufferCount(CompositeByteBuf.java:1643)
	at io.netty.buffer.CompositeByteBuf.nioBufferCount(CompositeByteBuf.java:1643)
	at io.netty.buffer.CompositeByteBuf.nioBufferCount(CompositeByteBuf.java:1643)
	at io.netty.buffer.CompositeByteBuf.nioBufferCount(CompositeByteBuf.java:1643)
	at io.netty.buffer.CompositeByteBuf.nioBufferCount(CompositeByteBuf.java:1643)
	at io.netty.buffer.CompositeByteBuf.nioBufferCount(CompositeByteBuf.java:1643)
	at io.netty.buffer.CompositeByteBuf.nioBufferCount(CompositeByteBuf.java:1643)
	at io.netty.buffer.CompositeByteBuf.nioBufferCount(CompositeByteBuf.java:1643)
	at io.netty.buffer.CompositeByteBuf.nioBufferCount(CompositeByteBuf.java:1643)
	at io.netty.buffer.CompositeByteBuf.nioBufferCount(CompositeByteBuf.java:1643)
	at io.netty.buffer.CompositeByteBuf.nioBufferCount(CompositeByteBuf.java:1643)
	at io.netty.buffer.CompositeByteBuf.nioBufferCount(CompositeByteBuf.java:1643)
	at io.netty.buffer.CompositeByteBuf.nioBufferCount(CompositeByteBuf.java:1643)
	at io.netty.buffer.CompositeByteBuf.nioBufferCount(CompositeByteBuf.java:1643)
	at io.netty.buffer.CompositeByteBuf.nioBufferCount(CompositeByteBuf.java:1643)
	at io.netty.buffer.CompositeByteBuf.nioBufferCount(CompositeByteBuf.java:1643)
	at io.netty.buffer.CompositeByteBuf.nioBufferCount(CompositeByteBuf.java:1643)
	at io.netty.buffer.CompositeByteBuf.nioBufferCount(CompositeByteBuf.java:1643)
	at io.netty.buffer.CompositeByteBuf.nioBufferCount(CompositeByteBuf.java:1643)
	at io.netty.buffer.CompositeByteBuf.nioBufferCount(CompositeByteBuf.java:1643)
	at io.netty.buffer.CompositeByteBuf.nioBufferCount(CompositeByteBuf.java:1643)
	at io.netty.buffer.CompositeByteBuf.nioBufferCount(CompositeByteBuf.java:1643)
	at io.netty.buffer.CompositeByteBuf.nioBufferCount(CompositeByteBuf.java:1643)
	at io.netty.buffer.CompositeByteBuf.nioBufferCount(CompositeByteBuf.java:1643)
	at io.netty.buffer.CompositeByteBuf.nioBufferCount(CompositeByteBuf.java:1643)
	at io.netty.buffer.CompositeByteBuf.nioBufferCount(CompositeByteBuf.java:1643)
	at io.netty.buffer.CompositeByteBuf.nioBufferCount(CompositeByteBuf.java:1643)
	at io.netty.buffer.CompositeByteBuf.nioBufferCount(CompositeByteBuf.java:1643)
	at io.netty.buffer.CompositeByteBuf.nioBufferCount(CompositeByteBuf.java:1643)
	at io.netty.buffer.CompositeByteBuf.nioBufferCount(CompositeByteBuf.java:1643)
	at io.netty.buffer.CompositeByteBuf.nioBufferCount(CompositeByteBuf.java:1643)
	at io.netty.buffer.CompositeByteBuf.nioBufferCount(CompositeByteBuf.java:1643)
	at io.netty.buffer.CompositeByteBuf.nioBufferCount(CompositeByteBuf.java:1643)
	at io.netty.buffer.CompositeByteBuf.nioBufferCount(CompositeByteBuf.java:1643)
	at io.netty.buffer.CompositeByteBuf.nioBufferCount(CompositeByteBuf.java:1643)
	at io.netty.buffer.CompositeByteBuf.nioBufferCount(CompositeByteBuf.java:1643)
	at io.netty.buffer.CompositeByteBuf.nioBufferCount(CompositeByteBuf.java:1643)
	at io.netty.buffer.CompositeByteBuf.nioBufferCount(CompositeByteBuf.java:1643)
	at io.netty.buffer.CompositeByteBuf.nioBufferCount(CompositeByteBuf.java:1643)
	at io.netty.buffer.CompositeByteBuf.nioBufferCount(CompositeByteBuf.java:1643)
	at io.netty.buffer.CompositeByteBuf.nioBufferCount(CompositeByteBuf.java:1643)
	at io.netty.buffer.CompositeByteBuf.nioBufferCount(CompositeByteBuf.java:1643)
	at io.netty.buffer.CompositeByteBuf.nioBufferCount(CompositeByteBuf.java:1643)
	at io.netty.buffer.CompositeByteBuf.nioBufferCount(CompositeByteBuf.java:1643)
	at io.netty.buffer.CompositeByteBuf.nioBufferCount(CompositeByteBuf.java:1643)
	at io.netty.buffer.CompositeByteBuf.nioBufferCount(CompositeByteBuf.java:1643)
	at io.netty.buffer.CompositeByteBuf.nioBufferCount(CompositeByteBuf.java:1643)
	at io.netty.buffer.CompositeByteBuf.nioBufferCount(CompositeByteBuf.java:1643)
	at io.netty.buffer.CompositeByteBuf.nioBufferCount(CompositeByteBuf.java:1643)
	at io.netty.buffer.CompositeByteBuf.nioBufferCount(CompositeByteBuf.java:1643)
	at io.netty.buffer.CompositeByteBuf.nioBufferCount(CompositeByteBuf.java:1643)
	at io.netty.buffer.CompositeByteBuf.nioBufferCount(CompositeByteBuf.java:1643)
	at io.netty.buffer.CompositeByteBuf.nioBufferCount(CompositeByteBuf.java:1643)
	at io.netty.buffer.CompositeByteBuf.nioBufferCount(CompositeByteBuf.java:1643)
	at io.netty.buffer.CompositeByteBuf.nioBufferCount(CompositeByteBuf.java:1643)
	at io.netty.buffer.CompositeByteBuf.nioBufferCount(CompositeByteBuf.java:1643)
	at io.netty.buffer.CompositeByteBuf.nioBufferCount(CompositeByteBuf.java:1643)
	at io.netty.buffer.CompositeByteBuf.nioBufferCount(CompositeByteBuf.java:1643)
	at io.netty.buffer.CompositeByteBuf.nioBufferCount(CompositeByteBuf.java:1643)
	at io.netty.buffer.CompositeByteBuf.nioBufferCount(CompositeByteBuf.java:1643)
	at io.netty.buffer.CompositeByteBuf.nioBufferCount(CompositeByteBuf.java:1643)
	at io.netty.buffer.CompositeByteBuf.nioBufferCount(CompositeByteBuf.java:1643)
	at io.netty.buffer.CompositeByteBuf.nioBufferCount(CompositeByteBuf.java:1643)
	at io.netty.buffer.CompositeByteBuf.nioBufferCount(CompositeByteBuf.java:1643)
	at io.netty.buffer.CompositeByteBuf.nioBufferCount(CompositeByteBuf.java:1643)
	at io.netty.buffer.CompositeByteBuf.nioBufferCount(CompositeByteBuf.java:1643)
	at io.netty.buffer.CompositeByteBuf.nioBufferCount(CompositeByteBuf.java:1643)
	at io.netty.buffer.CompositeByteBuf.nioBufferCount(CompositeByteBuf.java:1643)
	at io.netty.buffer.CompositeByteBuf.nioBufferCount(CompositeByteBuf.java:1643)
	at io.netty.buffer.CompositeByteBuf.nioBufferCount(CompositeByteBuf.java:1643)
	at io.netty.buffer.CompositeByteBuf.nioBufferCount(CompositeByteBuf.java:1643)
	at io.netty.buffer.CompositeByteBuf.nioBufferCount(CompositeByteBuf.java:1643)
	at io.netty.buffer.CompositeByteBuf.nioBufferCount(CompositeByteBuf.java:1643)
	at io.netty.buffer.CompositeByteBuf.nioBufferCount(CompositeByteBuf.java:1643)
	at io.netty.buffer.CompositeByteBuf.nioBufferCount(CompositeByteBuf.java:1643)
	at io.netty.buffer.CompositeByteBuf.nioBufferCount(CompositeByteBuf.java:1643)
	at io.netty.buffer.CompositeByteBuf.nioBufferCount(CompositeByteBuf.java:1643)
	at io.netty.buffer.CompositeByteBuf.nioBufferCount(CompositeByteBuf.java:1643)
	at io.netty.buffer.CompositeByteBuf.nioBufferCount(CompositeByteBuf.java:1643)
	at io.netty.buffer.CompositeByteBuf.nioBufferCount(CompositeByteBuf.java:1643)
	at io.netty.buffer.CompositeByteBuf.nioBufferCount(CompositeByteBuf.java:1643)
	at io.netty.buffer.CompositeByteBuf.nioBufferCount(CompositeByteBuf.java:1643)
	at io.netty.buffer.CompositeByteBuf.nioBufferCount(CompositeByteBuf.java:1643)
	at io.netty.buffer.CompositeByteBuf.nioBufferCount(CompositeByteBuf.java:1643)
	at io.netty.buffer.CompositeByteBuf.nioBufferCount(CompositeByteBuf.java:1643)
	at io.netty.buffer.CompositeByteBuf.nioBufferCount(CompositeByteBuf.java:1643)
	at io.netty.buffer.CompositeByteBuf.nioBufferCount(CompositeByteBuf.java:1643)
	at io.netty.buffer.CompositeByteBuf.nioBufferCount(CompositeByteBuf.java:1643)
	at io.netty.buffer.CompositeByteBuf.nioBufferCount(CompositeByteBuf.java:1643)
	at io.netty.buffer.CompositeByteBuf.nioBufferCount(CompositeByteBuf.java:1643)
	at io.netty.buffer.CompositeByteBuf.nioBufferCount(CompositeByteBuf.java:1643)
	at io.netty.buffer.CompositeByteBuf.nioBufferCount(CompositeByteBuf.java:1643)
	at io.netty.buffer.CompositeByteBuf.nioBufferCount(CompositeByteBuf.java:1643)
	at io.netty.buffer.CompositeByteBuf.nioBufferCount(CompositeByteBuf.java:1643)
	at io.netty.buffer.CompositeByteBuf.nioBufferCount(CompositeByteBuf.java:1643)
	at io.netty.buffer.CompositeByteBuf.nioBufferCount(CompositeByteBuf.java:1643)
	at io.netty.buffer.CompositeByteBuf.nioBufferCount(CompositeByteBuf.java:1643)
	at io.netty.buffer.CompositeByteBuf.nioBufferCount(CompositeByteBuf.java:1643)
	at io.netty.buffer.CompositeByteBuf.nioBufferCount(CompositeByteBuf.java:1643)
	at io.netty.buffer.CompositeByteBuf.nioBufferCount(CompositeByteBuf.java:1643)
	at io.netty.buffer.CompositeByteBuf.nioBufferCount(CompositeByteBuf.java:1643)
	at io.netty.buffer.CompositeByteBuf.nioBufferCount(CompositeByteBuf.java:1643)
	at io.netty.buffer.CompositeByteBuf.nioBufferCount(CompositeByteBuf.java:1643)
	at io.netty.buffer.CompositeByteBuf.nioBufferCount(CompositeByteBuf.java:1643)
	at io.netty.buffer.CompositeByteBuf.nioBufferCount(CompositeByteBuf.java:1643)
	at io.netty.buffer.CompositeByteBuf.nioBufferCount(CompositeByteBuf.java:1643)
	at io.netty.buffer.CompositeByteBuf.nioBufferCount(CompositeByteBuf.java:1643)
	at io.netty.buffer.CompositeByteBuf.nioBufferCount(CompositeByteBuf.java:1643)
	at io.netty.buffer.CompositeByteBuf.nioBufferCount(CompositeByteBuf.java:1643)
	at io.netty.buffer.CompositeByteBuf.nioBufferCount(CompositeByteBuf.java:1643)
	at io.netty.buffer.CompositeByteBuf.nioBufferCount(CompositeByteBuf.java:1643)
	at io.netty.buffer.CompositeByteBuf.nioBufferCount(CompositeByteBuf.java:1643)
	at io.netty.buffer.CompositeByteBuf.nioBufferCount(CompositeByteBuf.java:1643)
	at io.netty.buffer.CompositeByteBuf.nioBufferCount(CompositeByteBuf.java:1643)
	at io.netty.buffer.CompositeByteBuf.nioBufferCount(CompositeByteBuf.java:1643)
	at io.netty.buffer.CompositeByteBuf.nioBufferCount(CompositeByteBuf.java:1643)
	at io.netty.buffer.CompositeByteBuf.nioBufferCount(CompositeByteBuf.java:1643)
	at io.netty.buffer.CompositeByteBuf.nioBufferCount(CompositeByteBuf.java:1643)
	at io.netty.buffer.CompositeByteBuf.nioBufferCount(CompositeByteBuf.java:1643)
	at io.netty.buffer.CompositeByteBuf.nioBufferCount(CompositeByteBuf.java:1643)
	at io.netty.buffer.CompositeByteBuf.nioBufferCount(CompositeByteBuf.java:1643)
	at io.netty.buffer.CompositeByteBuf.nioBufferCount(CompositeByteBuf.java:1643)
	at io.netty.buffer.CompositeByteBuf.nioBufferCount(CompositeByteBuf.java:1643)
	at io.netty.buffer.CompositeByteBuf.nioBufferCount(CompositeByteBuf.java:1643)
	at io.netty.buffer.CompositeByteBuf.nioBufferCount(CompositeByteBuf.java:1643)
	at io.netty.buffer.CompositeByteBuf.nioBufferCount(CompositeByteBuf.java:1643)
	at io.netty.buffer.CompositeByteBuf.nioBufferCount(CompositeByteBuf.java:1643)
	at io.netty.buffer.CompositeByteBuf.nioBufferCount(CompositeByteBuf.java:1643)
	at io.netty.buffer.CompositeByteBuf.nioBufferCount(CompositeByteBuf.java:1643)
	at io.netty.buffer.CompositeByteBuf.nioBufferCount(CompositeByteBuf.java:1643)
	at io.netty.buffer.CompositeByteBuf.nioBufferCount(CompositeByteBuf.java:1643)
	at io.netty.buffer.CompositeByteBuf.nioBufferCount(CompositeByteBuf.java:1643)
	at io.netty.buffer.CompositeByteBuf.nioBufferCount(CompositeByteBuf.java:1643)
	at io.netty.buffer.CompositeByteBuf.nioBufferCount(CompositeByteBuf.java:1643)
	at io.netty.buffer.CompositeByteBuf.nioBufferCount(CompositeByteBuf.java:1643)
	at io.netty.buffer.CompositeByteBuf.nioBufferCount(CompositeByteBuf.java:1643)
	at io.netty.buffer.CompositeByteBuf.nioBufferCount(CompositeByteBuf.java:1643)
	at io.netty.buffer.CompositeByteBuf.nioBufferCount(CompositeByteBuf.java:1643)
	at io.netty.buffer.CompositeByteBuf.nioBufferCount(CompositeByteBuf.java:1643)
	at io.netty.buffer.CompositeByteBuf.nioBufferCount(CompositeByteBuf.java:1643)
	at io.netty.buffer.CompositeByteBuf.nioBufferCount(CompositeByteBuf.java:1643)
	at io.netty.buffer.CompositeByteBuf.nioBufferCount(CompositeByteBuf.java:1643)
	at io.netty.buffer.CompositeByteBuf.nioBufferCount(CompositeByteBuf.java:1643)
	at io.netty.buffer.CompositeByteBuf.nioBufferCount(CompositeByteBuf.java:1643)
	at io.netty.buffer.CompositeByteBuf.nioBufferCount(CompositeByteBuf.java:1643)
	at io.netty.buffer.CompositeByteBuf.nioBufferCount(CompositeByteBuf.java:1643)
	at io.netty.buffer.CompositeByteBuf.nioBufferCount(CompositeByteBuf.java:1643)
	at io.netty.buffer.CompositeByteBuf.nioBufferCount(CompositeByteBuf.java:1643)
	at io.netty.buffer.CompositeByteBuf.nioBufferCount(CompositeByteBuf.java:1643)
	at io.netty.buffer.CompositeByteBuf.nioBufferCount(CompositeByteBuf.java:1643)
	at io.netty.buffer.CompositeByteBuf.nioBufferCount(CompositeByteBuf.java:1643)
	at io.netty.buffer.CompositeByteBuf.nioBufferCount(CompositeByteBuf.java:1643)
	at io.netty.buffer.CompositeByteBuf.nioBufferCount(CompositeByteBuf.java:1643)
	at io.netty.buffer.CompositeByteBuf.nioBufferCount(CompositeByteBuf.java:1643)
	at io.netty.buffer.CompositeByteBuf.nioBufferCount(CompositeByteBuf.java:1643)
	at io.netty.buffer.CompositeByteBuf.nioBufferCount(CompositeByteBuf.java:1643)
	at io.netty.buffer.CompositeByteBuf.nioBufferCount(CompositeByteBuf.java:1643)
	at io.netty.buffer.CompositeByteBuf.nioBufferCount(CompositeByteBuf.java:1643)
	at io.netty.buffer.CompositeByteBuf.nioBufferCount(CompositeByteBuf.java:1643)
	at io.netty.buffer.CompositeByteBuf.nioBufferCount(CompositeByteBuf.java:1643)
	at io.netty.buffer.CompositeByteBuf.nioBufferCount(CompositeByteBuf.java:1643)
	at io.netty.buffer.CompositeByteBuf.nioBufferCount(CompositeByteBuf.java:1643)
	at io.netty.buffer.CompositeByteBuf.nioBufferCount(CompositeByteBuf.java:1643)
	at io.netty.buffer.CompositeByteBuf.nioBufferCount(CompositeByteBuf.java:1643)
	at io.netty.buffer.CompositeByteBuf.nioBufferCount(CompositeByteBuf.java:1643)
	at io.netty.buffer.CompositeByteBuf.nioBufferCount(CompositeByteBuf.java:1643)
	at io.netty.buffer.CompositeByteBuf.nioBufferCount(CompositeByteBuf.java:1643)
	at io.netty.buffer.CompositeByteBuf.nioBufferCount(CompositeByteBuf.java:1643)
	at io.netty.buffer.CompositeByteBuf.nioBufferCount(CompositeByteBuf.java:1643)
	at io.netty.buffer.CompositeByteBuf.nioBufferCount(CompositeByteBuf.java:1643)
	at io.netty.buffer.CompositeByteBuf.nioBufferCount(CompositeByteBuf.java:1643)
	at io.netty.buffer.CompositeByteBuf.nioBufferCount(CompositeByteBuf.java:1643)
	at io.netty.buffer.CompositeByteBuf.nioBufferCount(CompositeByteBuf.java:1643)
	at io.netty.buffer.CompositeByteBuf.nioBufferCount(CompositeByteBuf.java:1643)
	at io.netty.buffer.CompositeByteBuf.nioBufferCount(CompositeByteBuf.java:1643)
	at io.netty.buffer.CompositeByteBuf.nioBufferCount(CompositeByteBuf.java:1643)
	at io.netty.buffer.CompositeByteBuf.nioBufferCount(CompositeByteBuf.java:1643)
	at io.netty.buffer.CompositeByteBuf.nioBufferCount(CompositeByteBuf.java:1643)
	at io.netty.buffer.CompositeByteBuf.nioBufferCount(CompositeByteBuf.java:1643)
	at io.netty.buffer.CompositeByteBuf.nioBufferCount(CompositeByteBuf.java:1643)
	at io.netty.buffer.CompositeByteBuf.nioBufferCount(CompositeByteBuf.java:1643)
	at io.netty.buffer.CompositeByteBuf.nioBufferCount(CompositeByteBuf.java:1643)
	at io.netty.buffer.CompositeByteBuf.nioBufferCount(CompositeByteBuf.java:1643)
	at io.netty.buffer.CompositeByteBuf.nioBufferCount(CompositeByteBuf.java:1643)
	at io.netty.buffer.CompositeByteBuf.nioBufferCount(CompositeByteBuf.java:1643)
	at io.netty.buffer.CompositeByteBuf.nioBufferCount(CompositeByteBuf.java:1643)
	at io.netty.buffer.CompositeByteBuf.nioBufferCount(CompositeByteBuf.java:1643)
	at io.netty.buffer.CompositeByteBuf.nioBufferCount(CompositeByteBuf.java:1643)
	at io.netty.buffer.CompositeByteBuf.nioBufferCount(CompositeByteBuf.java:1643)
	at io.netty.buffer.CompositeByteBuf.nioBufferCount(CompositeByteBuf.java:1643)
	at io.netty.buffer.CompositeByteBuf.nioBufferCount(CompositeByteBuf.java:1643)
	at io.netty.buffer.CompositeByteBuf.nioBufferCount(CompositeByteBuf.java:1643)
	at io.netty.buffer.CompositeByteBuf.nioBufferCount(CompositeByteBuf.java:1643)
	at io.netty.buffer.CompositeByteBuf.nioBufferCount(CompositeByteBuf.java:1643)
	at io.netty.buffer.CompositeByteBuf.nioBufferCount(CompositeByteBuf.java:1643)
	at io.netty.buffer.CompositeByteBuf.nioBufferCount(CompositeByteBuf.java:1643)
	at io.netty.buffer.CompositeByteBuf.nioBufferCount(CompositeByteBuf.java:1643)
	at io.netty.buffer.CompositeByteBuf.nioBufferCount(CompositeByteBuf.java:1643)
	at io.netty.buffer.CompositeByteBuf.nioBufferCount(CompositeByteBuf.java:1643)
	at io.netty.buffer.CompositeByteBuf.nioBufferCount(CompositeByteBuf.java:1643)
	at io.netty.buffer.CompositeByteBuf.nioBufferCount(CompositeByteBuf.java:1643)
	at io.netty.buffer.CompositeByteBuf.nioBufferCount(CompositeByteBuf.java:1643)
	at io.netty.buffer.CompositeByteBuf.nioBufferCount(CompositeByteBuf.java:1643)
	at io.netty.buffer.CompositeByteBuf.nioBufferCount(CompositeByteBuf.java:1643)
	at io.netty.buffer.CompositeByteBuf.nioBufferCount(CompositeByteBuf.java:1643)
	at io.netty.buffer.CompositeByteBuf.nioBufferCount(CompositeByteBuf.java:1643)
	at io.netty.buffer.CompositeByteBuf.nioBufferCount(CompositeByteBuf.java:1643)
	at io.netty.buffer.CompositeByteBuf.nioBufferCount(CompositeByteBuf.java:1643)
	at io.netty.buffer.CompositeByteBuf.nioBufferCount(CompositeByteBuf.java:1643)
	at io.netty.buffer.CompositeByteBuf.nioBufferCount(CompositeByteBuf.java:1643)
	at io.netty.buffer.CompositeByteBuf.nioBufferCount(CompositeByteBuf.java:1643)
	at io.netty.buffer.CompositeByteBuf.nioBufferCount(CompositeByteBuf.java:1643)
	at io.netty.buffer.CompositeByteBuf.nioBufferCount(CompositeByteBuf.java:1643)
	at io.netty.buffer.CompositeByteBuf.nioBufferCount(CompositeByteBuf.java:1643)
	at io.netty.buffer.CompositeByteBuf.nioBufferCount(CompositeByteBuf.java:1643)
	at io.netty.buffer.CompositeByteBuf.nioBufferCount(CompositeByteBuf.java:1643)
	at io.netty.buffer.CompositeByteBuf.nioBufferCount(CompositeByteBuf.java:1643)
	at io.netty.buffer.CompositeByteBuf.nioBufferCount(CompositeByteBuf.java:1643)
	at io.netty.buffer.CompositeByteBuf.nioBufferCount(CompositeByteBuf.java:1643)
	at io.netty.buffer.CompositeByteBuf.nioBufferCount(CompositeByteBuf.java:1643)
	at io.netty.buffer.CompositeByteBuf.nioBufferCount(CompositeByteBuf.java:1643)
	at io.netty.buffer.CompositeByteBuf.nioBufferCount(CompositeByteBuf.java:1643)
	at io.netty.buffer.CompositeByteBuf.nioBufferCount(CompositeByteBuf.java:1643)
	at io.netty.buffer.CompositeByteBuf.nioBufferCount(CompositeByteBuf.java:1643)
	at io.netty.buffer.CompositeByteBuf.nioBufferCount(CompositeByteBuf.java:1643)
	at io.netty.buffer.CompositeByteBuf.nioBufferCount(CompositeByteBuf.java:1643)
	at io.netty.buffer.CompositeByteBuf.nioBufferCount(CompositeByteBuf.java:1643)
	at io.netty.buffer.CompositeByteBuf.nioBufferCount(CompositeByteBuf.java:1643)
	at io.netty.buffer.CompositeByteBuf.nioBufferCount(CompositeByteBuf.java:1643)
	at io.netty.buffer.CompositeByteBuf.nioBufferCount(CompositeByteBuf.java:1643)
	at io.netty.buffer.CompositeByteBuf.nioBufferCount(CompositeByteBuf.java:1643)
	at io.netty.buffer.CompositeByteBuf.nioBufferCount(CompositeByteBuf.java:1643)
	at io.netty.buffer.CompositeByteBuf.nioBufferCount(CompositeByteBuf.java:1643)
	at io.netty.buffer.CompositeByteBuf.nioBufferCount(CompositeByteBuf.java:1643)
	at io.netty.buffer.CompositeByteBuf.nioBufferCount(CompositeByteBuf.java:1643)
	at io.netty.buffer.CompositeByteBuf.nioBufferCount(CompositeByteBuf.java:1643)
	at io.netty.buffer.CompositeByteBuf.nioBufferCount(CompositeByteBuf.java:1643)
	at io.netty.buffer.CompositeByteBuf.nioBufferCount(CompositeByteBuf.java:1643)
	at io.netty.buffer.CompositeByteBuf.nioBufferCount(CompositeByteBuf.java:1643)
	at io.netty.buffer.CompositeByteBuf.nioBufferCount(CompositeByteBuf.java:1643)
	at io.netty.buffer.CompositeByteBuf.nioBufferCount(CompositeByteBuf.java:1643)
	at io.netty.buffer.CompositeByteBuf.nioBufferCount(CompositeByteBuf.java:1643)
	at io.netty.buffer.CompositeByteBuf.nioBufferCount(CompositeByteBuf.java:1643)
	at io.netty.buffer.CompositeByteBuf.nioBufferCount(CompositeByteBuf.java:1643)
	at io.netty.buffer.CompositeByteBuf.nioBufferCount(CompositeByteBuf.java:1643)
	at io.netty.buffer.CompositeByteBuf.nioBufferCount(CompositeByteBuf.java:1643)
	at io.netty.buffer.CompositeByteBuf.nioBufferCount(CompositeByteBuf.java:1643)
	at io.netty.buffer.CompositeByteBuf.nioBufferCount(CompositeByteBuf.java:1643)
	at io.netty.buffer.CompositeByteBuf.nioBufferCount(CompositeByteBuf.java:1643)
	at io.netty.buffer.CompositeByteBuf.nioBufferCount(CompositeByteBuf.java:1643)
	at io.netty.buffer.CompositeByteBuf.nioBufferCount(CompositeByteBuf.java:1643)
	at io.netty.buffer.CompositeByteBuf.nioBufferCount(CompositeByteBuf.java:1643)
	at io.netty.buffer.CompositeByteBuf.nioBufferCount(CompositeByteBuf.java:1643)
	at io.netty.buffer.CompositeByteBuf.nioBufferCount(CompositeByteBuf.java:1643)
	at io.netty.buffer.CompositeByteBuf.nioBufferCount(CompositeByteBuf.java:1643)
	at io.netty.buffer.CompositeByteBuf.nioBufferCount(CompositeByteBuf.java:1643)
	at io.netty.buffer.CompositeByteBuf.nioBufferCount(CompositeByteBuf.java:1643)
	at io.netty.buffer.CompositeByteBuf.nioBufferCount(CompositeByteBuf.java:1643)
	at io.netty.buffer.CompositeByteBuf.nioBufferCount(CompositeByteBuf.java:1643)
	at io.netty.buffer.CompositeByteBuf.nioBufferCount(CompositeByteBuf.java:1643)
	at io.netty.buffer.CompositeByteBuf.nioBufferCount(CompositeByteBuf.java:1643)
	at io.netty.buffer.CompositeByteBuf.nioBufferCount(CompositeByteBuf.java:1643)
	at io.netty.buffer.CompositeByteBuf.nioBufferCount(CompositeByteBuf.java:1643)
	at io.netty.buffer.CompositeByteBuf.nioBufferCount(CompositeByteBuf.java:1643)
	at io.netty.buffer.CompositeByteBuf.nioBufferCount(CompositeByteBuf.java:1643)
	at io.netty.buffer.CompositeByteBuf.nioBufferCount(CompositeByteBuf.java:1643)
	at io.netty.buffer.CompositeByteBuf.nioBufferCount(CompositeByteBuf.java:1643)
	at io.netty.buffer.CompositeByteBuf.nioBufferCount(CompositeByteBuf.java:1643)
	at io.netty.buffer.CompositeByteBuf.nioBufferCount(CompositeByteBuf.java:1643)
	at io.netty.buffer.CompositeByteBuf.nioBufferCount(CompositeByteBuf.java:1643)
	at io.netty.buffer.CompositeByteBuf.nioBufferCount(CompositeByteBuf.java:1643)
	at io.netty.buffer.CompositeByteBuf.nioBufferCount(CompositeByteBuf.java:1643)
	at io.netty.buffer.CompositeByteBuf.nioBufferCount(CompositeByteBuf.java:1643)
	at io.netty.buffer.CompositeByteBuf.nioBufferCount(CompositeByteBuf.java:1643)
	at io.netty.buffer.CompositeByteBuf.nioBufferCount(CompositeByteBuf.java:1643)
	at io.netty.buffer.CompositeByteBuf.nioBufferCount(CompositeByteBuf.java:1643)
	at io.netty.buffer.CompositeByteBuf.nioBufferCount(CompositeByteBuf.java:1643)
	at io.netty.buffer.CompositeByteBuf.nioBufferCount(CompositeByteBuf.java:1643)
	at io.netty.buffer.CompositeByteBuf.nioBufferCount(CompositeByteBuf.java:1643)
	at io.netty.buffer.CompositeByteBuf.nioBufferCount(CompositeByteBuf.java:1643)
	at io.netty.buffer.CompositeByteBuf.nioBufferCount(CompositeByteBuf.java:1643)
	at io.netty.buffer.CompositeByteBuf.nioBufferCount(CompositeByteBuf.java:1643)
	at io.netty.buffer.CompositeByteBuf.nioBufferCount(CompositeByteBuf.java:1643)
	at io.netty.buffer.CompositeByteBuf.nioBufferCount(CompositeByteBuf.java:1643)
	at io.netty.buffer.CompositeByteBuf.nioBufferCount(CompositeByteBuf.java:1643)
	at io.netty.buffer.CompositeByteBuf.nioBufferCount(CompositeByteBuf.java:1643)
	at io.netty.buffer.CompositeByteBuf.nioBufferCount(CompositeByteBuf.java:1643)
	at io.netty.buffer.CompositeByteBuf.nioBufferCount(CompositeByteBuf.java:1643)
	at io.netty.buffer.CompositeByteBuf.nioBufferCount(CompositeByteBuf.java:1643)
	at io.netty.buffer.CompositeByteBuf.nioBufferCount(CompositeByteBuf.java:1643)
	at io.netty.buffer.CompositeByteBuf.nioBufferCount(CompositeByteBuf.java:1643)
	at io.netty.buffer.CompositeByteBuf.nioBufferCount(CompositeByteBuf.java:1643)
	at io.netty.buffer.CompositeByteBuf.nioBufferCount(CompositeByteBuf.java:1643)
	at io.netty.buffer.CompositeByteBuf.nioBufferCount(CompositeByteBuf.java:1643)
	at io.netty.buffer.CompositeByteBuf.nioBufferCount(CompositeByteBuf.java:1643)
	at io.netty.buffer.CompositeByteBuf.nioBufferCount(CompositeByteBuf.java:1643)
	at io.netty.buffer.CompositeByteBuf.nioBufferCount(CompositeByteBuf.java:1643)
	at io.netty.buffer.CompositeByteBuf.nioBufferCount(CompositeByteBuf.java:1643)
	at io.netty.buffer.CompositeByteBuf.nioBufferCount(CompositeByteBuf.java:1643)
	at io.netty.buffer.CompositeByteBuf.nioBufferCount(CompositeByteBuf.java:1643)
	at io.netty.buffer.CompositeByteBuf.nioBufferCount(CompositeByteBuf.java:1643)
	at io.netty.buffer.CompositeByteBuf.nioBufferCount(CompositeByteBuf.java:1643)
	at io.netty.buffer.CompositeByteBuf.nioBufferCount(CompositeByteBuf.java:1643)
	at io.netty.buffer.CompositeByteBuf.nioBufferCount(CompositeByteBuf.java:1643)
	at io.netty.buffer.CompositeByteBuf.nioBufferCount(CompositeByteBuf.java:1643)
	at io.netty.buffer.CompositeByteBuf.nioBufferCount(CompositeByteBuf.java:1643)
	at io.netty.buffer.CompositeByteBuf.nioBufferCount(CompositeByteBuf.java:1643)
	at io.netty.buffer.CompositeByteBuf.nioBufferCount(CompositeByteBuf.java:1643)
	at io.netty.buffer.CompositeByteBuf.nioBufferCount(CompositeByteBuf.java:1643)
	at io.netty.buffer.CompositeByteBuf.nioBufferCount(CompositeByteBuf.java:1643)
	at io.netty.buffer.CompositeByteBuf.nioBufferCount(CompositeByteBuf.java:1643)
	at io.netty.buffer.CompositeByteBuf.nioBufferCount(CompositeByteBuf.java:1643)
	at io.netty.buffer.CompositeByteBuf.nioBufferCount(CompositeByteBuf.java:1643)
	at io.netty.buffer.CompositeByteBuf.nioBufferCount(CompositeByteBuf.java:1643)
	at io.netty.buffer.CompositeByteBuf.nioBufferCount(CompositeByteBuf.java:1643)
	at io.netty.buffer.CompositeByteBuf.nioBufferCount(CompositeByteBuf.java:1643)
	at io.netty.buffer.CompositeByteBuf.nioBufferCount(CompositeByteBuf.java:1643)
	at io.netty.buffer.CompositeByteBuf.nioBufferCount(CompositeByteBuf.java:1643)
	at io.netty.buffer.CompositeByteBuf.nioBufferCount(CompositeByteBuf.java:1643)
	at io.netty.buffer.CompositeByteBuf.nioBufferCount(CompositeByteBuf.java:1643)
	at io.netty.buffer.CompositeByteBuf.nioBufferCount(CompositeByteBuf.java:1643)
	at io.netty.buffer.CompositeByteBuf.nioBufferCount(CompositeByteBuf.java:1643)
	at io.netty.buffer.CompositeByteBuf.nioBufferCount(CompositeByteBuf.java:1643)
	at io.netty.buffer.CompositeByteBuf.nioBufferCount(CompositeByteBuf.java:1643)
	at io.netty.buffer.CompositeByteBuf.nioBufferCount(CompositeByteBuf.java:1643)
	at io.netty.buffer.CompositeByteBuf.nioBufferCount(CompositeByteBuf.java:1643)
	at io.netty.buffer.CompositeByteBuf.nioBufferCount(CompositeByteBuf.java:1643)
	at io.netty.buffer.CompositeByteBuf.nioBufferCount(CompositeByteBuf.java:1643)
	at io.netty.buffer.CompositeByteBuf.nioBufferCount(CompositeByteBuf.java:1643)
	at io.netty.buffer.CompositeByteBuf.nioBufferCount(CompositeByteBuf.java:1643)
	at io.netty.buffer.CompositeByteBuf.nioBufferCount(CompositeByteBuf.java:1643)
	at io.netty.buffer.CompositeByteBuf.nioBufferCount(CompositeByteBuf.java:1643)
	at io.netty.buffer.CompositeByteBuf.nioBufferCount(CompositeByteBuf.java:1643)
	at io.netty.buffer.CompositeByteBuf.nioBufferCount(CompositeByteBuf.java:1643)
	at io.netty.buffer.CompositeByteBuf.nioBufferCount(CompositeByteBuf.java:1643)
	at io.netty.buffer.CompositeByteBuf.nioBufferCount(CompositeByteBuf.java:1643)
	at io.netty.buffer.CompositeByteBuf.nioBufferCount(CompositeByteBuf.java:1643)
	at io.netty.buffer.CompositeByteBuf.nioBufferCount(CompositeByteBuf.java:1643)
	at io.netty.buffer.CompositeByteBuf.nioBufferCount(CompositeByteBuf.java:1643)
	at io.netty.buffer.CompositeByteBuf.nioBufferCount(CompositeByteBuf.java:1643)
	at io.netty.buffer.CompositeByteBuf.nioBufferCount(CompositeByteBuf.java:1643)
	at io.netty.buffer.CompositeByteBuf.nioBufferCount(CompositeByteBuf.java:1643)
	at io.netty.buffer.CompositeByteBuf.nioBufferCount(CompositeByteBuf.java:1643)
	at io.netty.buffer.CompositeByteBuf.nioBufferCount(CompositeByteBuf.java:1643)
	at io.netty.buffer.CompositeByteBuf.nioBufferCount(CompositeByteBuf.java:1643)
	at io.netty.buffer.CompositeByteBuf.nioBufferCount(CompositeByteBuf.java:1643)
	at io.netty.buffer.CompositeByteBuf.nioBufferCount(CompositeByteBuf.java:1643)
	at io.netty.buffer.CompositeByteBuf.nioBufferCount(CompositeByteBuf.java:1643)
	at io.netty.buffer.CompositeByteBuf.nioBufferCount(CompositeByteBuf.java:1643)
	at io.netty.buffer.CompositeByteBuf.nioBufferCount(CompositeByteBuf.java:1643)
	at io.netty.buffer.CompositeByteBuf.nioBufferCount(CompositeByteBuf.java:1643)
	at io.netty.buffer.CompositeByteBuf.nioBufferCount(CompositeByteBuf.java:1643)
	at io.netty.buffer.CompositeByteBuf.nioBufferCount(CompositeByteBuf.java:1643)
	at io.netty.buffer.CompositeByteBuf.nioBufferCount(CompositeByteBuf.java:1643)
	at io.netty.buffer.CompositeByteBuf.nioBufferCount(CompositeByteBuf.java:1643)
	at io.netty.buffer.CompositeByteBuf.nioBufferCount(CompositeByteBuf.java:1643)
	at io.netty.buffer.CompositeByteBuf.nioBufferCount(CompositeByteBuf.java:1643)
	at io.netty.buffer.CompositeByteBuf.nioBufferCount(CompositeByteBuf.java:1643)
	at io.netty.buffer.CompositeByteBuf.nioBufferCount(CompositeByteBuf.java:1643)
	at io.netty.buffer.CompositeByteBuf.nioBufferCount(CompositeByteBuf.java:1643)
	at io.netty.buffer.CompositeByteBuf.nioBufferCount(CompositeByteBuf.java:1643)
	at io.netty.buffer.CompositeByteBuf.nioBufferCount(CompositeByteBuf.java:1643)
	at io.netty.buffer.CompositeByteBuf.nioBufferCount(CompositeByteBuf.java:1643)
	at io.netty.buffer.CompositeByteBuf.nioBufferCount(CompositeByteBuf.java:1643)
	at io.netty.buffer.CompositeByteBuf.nioBufferCount(CompositeByteBuf.java:1643)
	at io.netty.buffer.CompositeByteBuf.nioBufferCount(CompositeByteBuf.java:1643)
	at io.netty.buffer.CompositeByteBuf.nioBufferCount(CompositeByteBuf.java:1643)
	at io.netty.buffer.CompositeByteBuf.nioBufferCount(CompositeByteBuf.java:1643)
	at io.netty.buffer.CompositeByteBuf.nioBufferCount(CompositeByteBuf.java:1643)
	at io.netty.buffer.CompositeByteBuf.nioBufferCount(CompositeByteBuf.java:1643)
	at io.netty.buffer.CompositeByteBuf.nioBufferCount(CompositeByteBuf.java:1643)
	at io.netty.buffer.CompositeByteBuf.nioBufferCount(CompositeByteBuf.java:1643)
	at io.netty.buffer.CompositeByteBuf.nioBufferCount(CompositeByteBuf.java:1643)
	at io.netty.buffer.CompositeByteBuf.nioBufferCount(CompositeByteBuf.java:1643)
	at io.netty.buffer.CompositeByteBuf.nioBufferCount(CompositeByteBuf.java:1643)
	at io.netty.buffer.CompositeByteBuf.nioBufferCount(CompositeByteBuf.java:1643)
	at io.netty.buffer.CompositeByteBuf.nioBufferCount(CompositeByteBuf.java:1643)
	at io.netty.buffer.CompositeByteBuf.nioBufferCount(CompositeByteBuf.java:1643)
	at io.netty.buffer.CompositeByteBuf.nioBufferCount(CompositeByteBuf.java:1643)
	at io.netty.buffer.CompositeByteBuf.nioBufferCount(CompositeByteBuf.java:1643)
	at io.netty.buffer.CompositeByteBuf.nioBufferCount(CompositeByteBuf.java:1643)
	at io.netty.buffer.CompositeByteBuf.nioBufferCount(CompositeByteBuf.java:1643)
	at io.netty.buffer.CompositeByteBuf.nioBufferCount(CompositeByteBuf.java:1643)
	at io.netty.buffer.CompositeByteBuf.nioBufferCount(CompositeByteBuf.java:1643)
	at io.netty.buffer.CompositeByteBuf.nioBufferCount(CompositeByteBuf.java:1643)
	at io.netty.buffer.CompositeByteBuf.nioBufferCount(CompositeByteBuf.java:1643)
	at io.netty.buffer.CompositeByteBuf.nioBufferCount(CompositeByteBuf.java:1643)
	at io.netty.buffer.CompositeByteBuf.nioBufferCount(CompositeByteBuf.java:1643)
	at io.netty.buffer.CompositeByteBuf.nioBufferCount(CompositeByteBuf.java:1643)
	at io.netty.buffer.CompositeByteBuf.nioBufferCount(CompositeByteBuf.java:1643)
	at io.netty.buffer.CompositeByteBuf.nioBufferCount(CompositeByteBuf.java:1643)
	at io.netty.buffer.CompositeByteBuf.nioBufferCount(CompositeByteBuf.java:1643)
	at io.netty.buffer.CompositeByteBuf.nioBufferCount(CompositeByteBuf.java:1643)
	at io.netty.buffer.CompositeByteBuf.nioBufferCount(CompositeByteBuf.java:1643)
	at io.netty.buffer.CompositeByteBuf.nioBufferCount(CompositeByteBuf.java:1643)
	at io.netty.buffer.CompositeByteBuf.nioBufferCount(CompositeByteBuf.java:1643)
	at io.netty.buffer.CompositeByteBuf.nioBufferCount(CompositeByteBuf.java:1643)
	at io.netty.buffer.CompositeByteBuf.nioBufferCount(CompositeByteBuf.java:1643)
	at io.netty.buffer.CompositeByteBuf.nioBufferCount(CompositeByteBuf.java:1643)
	at io.netty.buffer.CompositeByteBuf.nioBufferCount(CompositeByteBuf.java:1643)
	at io.netty.buffer.CompositeByteBuf.nioBufferCount(CompositeByteBuf.java:1643)
	at io.netty.buffer.CompositeByteBuf.nioBufferCount(CompositeByteBuf.java:1643)
	at io.netty.buffer.CompositeByteBuf.nioBufferCount(CompositeByteBuf.java:1643)
	at io.netty.buffer.CompositeByteBuf.nioBufferCount(CompositeByteBuf.java:1643)
	at io.netty.buffer.CompositeByteBuf.nioBufferCount(CompositeByteBuf.java:1643)
	at io.netty.buffer.CompositeByteBuf.nioBufferCount(CompositeByteBuf.java:1643)
	at io.netty.buffer.CompositeByteBuf.nioBufferCount(CompositeByteBuf.java:1643)
	at io.netty.buffer.CompositeByteBuf.nioBufferCount(CompositeByteBuf.java:1643)
	at io.netty.buffer.CompositeByteBuf.nioBufferCount(CompositeByteBuf.java:1643)
	at io.netty.buffer.CompositeByteBuf.nioBufferCount(CompositeByteBuf.java:1643)
	at io.netty.buffer.CompositeByteBuf.nioBufferCount(CompositeByteBuf.java:1643)
	at io.netty.buffer.CompositeByteBuf.nioBufferCount(CompositeByteBuf.java:1643)
	at io.netty.buffer.CompositeByteBuf.nioBufferCount(CompositeByteBuf.java:1643)
	at io.netty.buffer.CompositeByteBuf.nioBufferCount(CompositeByteBuf.java:1643)
	at io.netty.buffer.CompositeByteBuf.nioBufferCount(CompositeByteBuf.java:1643)
	at io.netty.buffer.CompositeByteBuf.nioBufferCount(CompositeByteBuf.java:1643)
	at io.netty.buffer.CompositeByteBuf.nioBufferCount(CompositeByteBuf.java:1643)
	at io.netty.buffer.CompositeByteBuf.nioBufferCount(CompositeByteBuf.java:1643)
	at io.netty.buffer.CompositeByteBuf.nioBufferCount(CompositeByteBuf.java:1643)
	at io.netty.buffer.CompositeByteBuf.nioBufferCount(CompositeByteBuf.java:1643)
	at io.netty.buffer.CompositeByteBuf.nioBufferCount(CompositeByteBuf.java:1643)
	at io.netty.buffer.CompositeByteBuf.nioBufferCount(CompositeByteBuf.java:1643)
	at io.netty.buffer.CompositeByteBuf.nioBufferCount(CompositeByteBuf.java:1643)
	at io.netty.buffer.CompositeByteBuf.nioBufferCount(CompositeByteBuf.java:1643)
	at io.netty.buffer.CompositeByteBuf.nioBufferCount(CompositeByteBuf.java:1643)
	at io.netty.buffer.CompositeByteBuf.nioBufferCount(CompositeByteBuf.java:1643)
	at io.netty.buffer.CompositeByteBuf.nioBufferCount(CompositeByteBuf.java:1643)
	at io.netty.buffer.CompositeByteBuf.nioBufferCount(CompositeByteBuf.java:1643)
	at io.netty.buffer.CompositeByteBuf.nioBufferCount(CompositeByteBuf.java:1643)
	at io.netty.buffer.CompositeByteBuf.nioBufferCount(CompositeByteBuf.java:1643)
	at io.netty.buffer.CompositeByteBuf.nioBufferCount(CompositeByteBuf.java:1643)
	at io.netty.buffer.CompositeByteBuf.nioBufferCount(CompositeByteBuf.java:1643)
	at io.netty.buffer.CompositeByteBuf.nioBufferCount(CompositeByteBuf.java:1643)
	at io.netty.buffer.CompositeByteBuf.nioBufferCount(CompositeByteBuf.java:1643)
	at io.netty.buffer.CompositeByteBuf.nioBufferCount(CompositeByteBuf.java:1643)
	at io.netty.buffer.CompositeByteBuf.nioBufferCount(CompositeByteBuf.java:1643)
	at io.netty.buffer.CompositeByteBuf.nioBufferCount(CompositeByteBuf.java:1643)
	at io.netty.buffer.CompositeByteBuf.nioBufferCount(CompositeByteBuf.java:1643)
	at io.netty.buffer.CompositeByteBuf.nioBufferCount(CompositeByteBuf.java:1643)
	at io.netty.buffer.CompositeByteBuf.nioBufferCount(CompositeByteBuf.java:1643)
	at io.netty.buffer.CompositeByteBuf.nioBufferCount(CompositeByteBuf.java:1643)
	at io.netty.buffer.CompositeByteBuf.nioBufferCount(CompositeByteBuf.java:1643)
	at io.netty.buffer.CompositeByteBuf.nioBufferCount(CompositeByteBuf.java:1643)
	at io.netty.buffer.CompositeByteBuf.nioBufferCount(CompositeByteBuf.java:1643)
	at io.netty.buffer.CompositeByteBuf.nioBufferCount(CompositeByteBuf.java:1643)
	at io.netty.buffer.CompositeByteBuf.nioBufferCount(CompositeByteBuf.java:1643)
	at io.netty.buffer.CompositeByteBuf.nioBufferCount(CompositeByteBuf.java:1643)
	at io.netty.buffer.CompositeByteBuf.nioBufferCount(CompositeByteBuf.java:1643)
	at io.netty.buffer.CompositeByteBuf.nioBufferCount(CompositeByteBuf.java:1643)
	at io.netty.buffer.CompositeByteBuf.nioBufferCount(CompositeByteBuf.java:1643)
	at io.netty.buffer.CompositeByteBuf.nioBufferCount(CompositeByteBuf.java:1643)
	at io.netty.buffer.CompositeByteBuf.nioBufferCount(CompositeByteBuf.java:1643)
	at io.netty.buffer.CompositeByteBuf.nioBufferCount(CompositeByteBuf.java:1643)
	at io.netty.buffer.CompositeByteBuf.nioBufferCount(CompositeByteBuf.java:1643)
	at io.netty.buffer.CompositeByteBuf.nioBufferCount(CompositeByteBuf.java:1643)
	at io.netty.buffer.CompositeByteBuf.nioBufferCount(CompositeByteBuf.java:1643)
	at io.netty.buffer.CompositeByteBuf.nioBufferCount(CompositeByteBuf.java:1643)
	at io.netty.buffer.CompositeByteBuf.nioBufferCount(CompositeByteBuf.java:1643)
	at io.netty.buffer.CompositeByteBuf.nioBufferCount(CompositeByteBuf.java:1643)
	at io.netty.buffer.CompositeByteBuf.nioBufferCount(CompositeByteBuf.java:1643)
	at io.netty.buffer.CompositeByteBuf.nioBufferCount(CompositeByteBuf.java:1643)
	at io.netty.buffer.CompositeByteBuf.nioBufferCount(CompositeByteBuf.java:1643)
	at io.netty.buffer.CompositeByteBuf.nioBufferCount(CompositeByteBuf.java:1643)
	at io.netty.buffer.CompositeByteBuf.nioBufferCount(CompositeByteBuf.java:1643)
	at io.netty.buffer.CompositeByteBuf.nioBufferCount(CompositeByteBuf.java:1643)
	at io.netty.buffer.CompositeByteBuf.nioBufferCount(CompositeByteBuf.java:1643)
	at io.netty.buffer.CompositeByteBuf.nioBufferCount(CompositeByteBuf.java:1643)
	at io.netty.buffer.CompositeByteBuf.nioBufferCount(CompositeByteBuf.java:1643)
	at io.netty.buffer.CompositeByteBuf.nioBufferCount(CompositeByteBuf.java:1643)
	at io.netty.buffer.CompositeByteBuf.nioBufferCount(CompositeByteBuf.java:1643)
	at io.netty.buffer.CompositeByteBuf.nioBufferCount(CompositeByteBuf.java:1643)
	at io.netty.buffer.CompositeByteBuf.nioBufferCount(CompositeByteBuf.java:1643)
	at io.netty.buffer.CompositeByteBuf.nioBufferCount(CompositeByteBuf.java:1643)
	at io.netty.buffer.CompositeByteBuf.nioBufferCount(CompositeByteBuf.java:1643)
	at io.netty.buffer.CompositeByteBuf.nioBufferCount(CompositeByteBuf.java:1643)
	at io.netty.buffer.CompositeByteBuf.nioBufferCount(CompositeByteBuf.java:1643)
	at io.netty.buffer.CompositeByteBuf.nioBufferCount(CompositeByteBuf.java:1643)
	at io.netty.buffer.CompositeByteBuf.nioBufferCount(CompositeByteBuf.java:1643)
	at io.netty.buffer.CompositeByteBuf.nioBufferCount(CompositeByteBuf.java:1643)
	at io.netty.buffer.CompositeByteBuf.nioBufferCount(CompositeByteBuf.java:1643)
	at io.netty.buffer.CompositeByteBuf.nioBufferCount(CompositeByteBuf.java:1643)
	at io.netty.buffer.CompositeByteBuf.nioBufferCount(CompositeByteBuf.java:1643)
	at io.netty.buffer.CompositeByteBuf.nioBufferCount(CompositeByteBuf.java:1643)
	at io.netty.buffer.CompositeByteBuf.nioBufferCount(CompositeByteBuf.java:1643)
	at io.netty.buffer.CompositeByteBuf.nioBufferCount(CompositeByteBuf.java:1643)
	at io.netty.buffer.CompositeByteBuf.nioBufferCount(CompositeByteBuf.java:1643)
	at io.netty.buffer.CompositeByteBuf.nioBufferCount(CompositeByteBuf.java:1643)
	at io.netty.buffer.CompositeByteBuf.nioBufferCount(CompositeByteBuf.java:1643)
	at io.netty.buffer.CompositeByteBuf.nioBufferCount(CompositeByteBuf.java:1643)
	at io.netty.buffer.CompositeByteBuf.nioBufferCount(CompositeByteBuf.java:1643)
	at io.netty.buffer.CompositeByteBuf.nioBufferCount(CompositeByteBuf.java:1643)
	at io.netty.buffer.CompositeByteBuf.nioBufferCount(CompositeByteBuf.java:1643)
	at io.netty.buffer.CompositeByteBuf.nioBufferCount(CompositeByteBuf.java:1643)
	at io.netty.buffer.CompositeByteBuf.nioBufferCount(CompositeByteBuf.java:1643)
	at io.netty.buffer.CompositeByteBuf.nioBufferCount(CompositeByteBuf.java:1643)
	at io.netty.buffer.CompositeByteBuf.nioBufferCount(CompositeByteBuf.java:1643)
	at io.netty.buffer.CompositeByteBuf.nioBufferCount(CompositeByteBuf.java:1643)
	at io.netty.buffer.CompositeByteBuf.nioBufferCount(CompositeByteBuf.java:1643)
	at io.netty.buffer.CompositeByteBuf.nioBufferCount(CompositeByteBuf.java:1643)
	at io.netty.buffer.CompositeByteBuf.nioBufferCount(CompositeByteBuf.java:1643)
	at io.netty.buffer.CompositeByteBuf.nioBufferCount(CompositeByteBuf.java:1643)
	at io.netty.buffer.CompositeByteBuf.nioBufferCount(CompositeByteBuf.java:1643)
	at io.netty.buffer.CompositeByteBuf.nioBufferCount(CompositeByteBuf.java:1643)
	at io.netty.buffer.CompositeByteBuf.nioBufferCount(CompositeByteBuf.java:1643)
	at io.netty.buffer.CompositeByteBuf.nioBufferCount(CompositeByteBuf.java:1643)
	at io.netty.buffer.CompositeByteBuf.nioBufferCount(CompositeByteBuf.java:1643)
	at io.netty.buffer.CompositeByteBuf.nioBufferCount(CompositeByteBuf.java:1643)
	at io.netty.buffer.CompositeByteBuf.nioBufferCount(CompositeByteBuf.java:1643)
	at io.netty.buffer.CompositeByteBuf.nioBufferCount(CompositeByteBuf.java:1643)
	at io.netty.buffer.CompositeByteBuf.nioBufferCount(CompositeByteBuf.java:1643)
	at io.netty.buffer.CompositeByteBuf.nioBufferCount(CompositeByteBuf.java:1643)
	at io.netty.buffer.CompositeByteBuf.nioBufferCount(CompositeByteBuf.java:1643)
	at io.netty.buffer.CompositeByteBuf.nioBufferCount(CompositeByteBuf.java:1643)
	at io.netty.buffer.CompositeByteBuf.nioBufferCount(CompositeByteBuf.java:1643)
	at io.netty.buffer.CompositeByteBuf.nioBufferCount(CompositeByteBuf.java:1643)
	at io.netty.buffer.CompositeByteBuf.nioBufferCount(CompositeByteBuf.java:1643)
	at io.netty.buffer.CompositeByteBuf.nioBufferCount(CompositeByteBuf.java:1643)
	at io.netty.buffer.CompositeByteBuf.nioBufferCount(CompositeByteBuf.java:1643)
	at io.netty.buffer.CompositeByteBuf.nioBufferCount(CompositeByteBuf.java:1643)
	at io.netty.buffer.CompositeByteBuf.nioBufferCount(CompositeByteBuf.java:1643)
	at io.netty.buffer.CompositeByteBuf.nioBufferCount(CompositeByteBuf.java:1643)
	at io.netty.buffer.CompositeByteBuf.nioBufferCount(CompositeByteBuf.java:1643)
	at io.netty.buffer.CompositeByteBuf.nioBufferCount(CompositeByteBuf.java:1643)
	at io.netty.buffer.CompositeByteBuf.nioBufferCount(CompositeByteBuf.java:1643)
	at io.netty.buffer.CompositeByteBuf.nioBufferCount(CompositeByteBuf.java:1643)
	at io.netty.buffer.CompositeByteBuf.nioBufferCount(CompositeByteBuf.java:1643)
	at io.netty.buffer.CompositeByteBuf.nioBufferCount(CompositeByteBuf.java:1643)
	at io.netty.buffer.CompositeByteBuf.nioBufferCount(CompositeByteBuf.java:1643)
	at io.netty.buffer.CompositeByteBuf.nioBufferCount(CompositeByteBuf.java:1643)
	at io.netty.buffer.CompositeByteBuf.nioBufferCount(CompositeByteBuf.java:1643)
	at io.netty.buffer.CompositeByteBuf.nioBufferCount(CompositeByteBuf.java:1643)
	at io.netty.buffer.CompositeByteBuf.nioBufferCount(CompositeByteBuf.java:1643)
	at io.netty.buffer.CompositeByteBuf.nioBufferCount(CompositeByteBuf.java:1643)
	at io.netty.buffer.CompositeByteBuf.nioBufferCount(CompositeByteBuf.java:1643)
	at io.netty.buffer.CompositeByteBuf.nioBufferCount(CompositeByteBuf.java:1643)
	at io.netty.buffer.CompositeByteBuf.nioBufferCount(CompositeByteBuf.java:1643)
	at io.netty.buffer.CompositeByteBuf.nioBufferCount(CompositeByteBuf.java:1643)
	at io.netty.buffer.CompositeByteBuf.nioBufferCount(CompositeByteBuf.java:1643)
	at io.netty.buffer.CompositeByteBuf.nioBufferCount(CompositeByteBuf.java:1643)
	at io.netty.buffer.CompositeByteBuf.nioBufferCount(CompositeByteBuf.java:1643)
	at io.netty.buffer.CompositeByteBuf.nioBufferCount(CompositeByteBuf.java:1643)
	at io.netty.buffer.CompositeByteBuf.nioBufferCount(CompositeByteBuf.java:1643)
	at io.netty.buffer.CompositeByteBuf.nioBufferCount(CompositeByteBuf.java:1643)
	at io.netty.buffer.CompositeByteBuf.nioBufferCount(CompositeByteBuf.java:1643)
	at io.netty.buffer.CompositeByteBuf.nioBufferCount(CompositeByteBuf.java:1643)
	at io.netty.buffer.CompositeByteBuf.nioBufferCount(CompositeByteBuf.java:1643)
	at io.netty.buffer.CompositeByteBuf.nioBufferCount(CompositeByteBuf.java:1643)
	at io.netty.buffer.CompositeByteBuf.nioBufferCount(CompositeByteBuf.java:1643)
	at io.netty.buffer.CompositeByteBuf.nioBufferCount(CompositeByteBuf.java:1643)
	at io.netty.buffer.CompositeByteBuf.nioBufferCount(CompositeByteBuf.java:1643)
	at io.netty.buffer.CompositeByteBuf.nioBufferCount(CompositeByteBuf.java:1643)
	at io.netty.buffer.CompositeByteBuf.nioBufferCount(CompositeByteBuf.java:1643)
	at io.netty.buffer.CompositeByteBuf.nioBufferCount(CompositeByteBuf.java:1643)
	at io.netty.buffer.CompositeByteBuf.nioBufferCount(CompositeByteBuf.java:1643)
	at io.netty.buffer.CompositeByteBuf.nioBufferCount(CompositeByteBuf.java:1643)
	at io.netty.buffer.CompositeByteBuf.nioBufferCount(CompositeByteBuf.java:1643)
	at io.netty.buffer.CompositeByteBuf.nioBufferCount(CompositeByteBuf.java:1643)
	at io.netty.buffer.CompositeByteBuf.nioBufferCount(CompositeByteBuf.java:1643)
	at io.netty.buffer.CompositeByteBuf.nioBufferCount(CompositeByteBuf.java:1643)
	at io.netty.buffer.CompositeByteBuf.nioBufferCount(CompositeByteBuf.java:1643)
	at io.netty.buffer.CompositeByteBuf.nioBufferCount(CompositeByteBuf.java:1643)
	at io.netty.buffer.CompositeByteBuf.nioBufferCount(CompositeByteBuf.java:1643)
	at io.netty.buffer.CompositeByteBuf.nioBufferCount(CompositeByteBuf.java:1643)
	at io.netty.buffer.CompositeByteBuf.nioBufferCount(CompositeByteBuf.java:1643)
	at io.netty.buffer.CompositeByteBuf.nioBufferCount(CompositeByteBuf.java:1643)
	at io.netty.buffer.CompositeByteBuf.nioBufferCount(CompositeByteBuf.java:1643)
	at io.netty.buffer.CompositeByteBuf.nioBufferCount(CompositeByteBuf.java:1643)
	at io.netty.buffer.CompositeByteBuf.nioBufferCount(CompositeByteBuf.java:1643)
	at io.netty.buffer.CompositeByteBuf.nioBufferCount(CompositeByteBuf.java:1643)
	at io.netty.buffer.CompositeByteBuf.nioBufferCount(CompositeByteBuf.java:1643)
	at io.netty.buffer.CompositeByteBuf.nioBufferCount(CompositeByteBuf.java:1643)
	at io.netty.buffer.CompositeByteBuf.nioBufferCount(CompositeByteBuf.java:1643)
	at io.netty.buffer.CompositeByteBuf.nioBufferCount(CompositeByteBuf.java:1643)
	at io.netty.buffer.CompositeByteBuf.nioBufferCount(CompositeByteBuf.java:1643)
	at io.netty.buffer.CompositeByteBuf.nioBufferCount(CompositeByteBuf.java:1643)
	at io.netty.buffer.CompositeByteBuf.nioBufferCount(CompositeByteBuf.java:1643)
	at io.netty.buffer.CompositeByteBuf.nioBufferCount(CompositeByteBuf.java:1643)
	at io.netty.buffer.CompositeByteBuf.nioBufferCount(CompositeByteBuf.java:1643)
	at io.netty.buffer.CompositeByteBuf.nioBufferCount(CompositeByteBuf.java:1643)
	at io.netty.buffer.CompositeByteBuf.nioBufferCount(CompositeByteBuf.java:1643)
	at io.netty.buffer.CompositeByteBuf.nioBufferCount(CompositeByteBuf.java:1643)
	at io.netty.buffer.CompositeByteBuf.nioBufferCount(CompositeByteBuf.java:1643)
	at io.netty.buffer.CompositeByteBuf.nioBufferCount(CompositeByteBuf.java:1643)
	at io.netty.buffer.CompositeByteBuf.nioBufferCount(CompositeByteBuf.java:1643)
	at io.netty.buffer.CompositeByteBuf.nioBufferCount(CompositeByteBuf.java:1643)
	at io.netty.buffer.CompositeByteBuf.nioBufferCount(CompositeByteBuf.java:1643)
	at io.netty.buffer.CompositeByteBuf.nioBufferCount(CompositeByteBuf.java:1643)
	at io.netty.buffer.CompositeByteBuf.nioBufferCount(CompositeByteBuf.java:1643)
	at io.netty.buffer.CompositeByteBuf.nioBufferCount(CompositeByteBuf.java:1643)
	at io.netty.buffer.CompositeByteBuf.nioBufferCount(CompositeByteBuf.java:1643)
	at io.netty.buffer.CompositeByteBuf.nioBufferCount(CompositeByteBuf.java:1643)
	at io.netty.buffer.CompositeByteBuf.nioBufferCount(CompositeByteBuf.java:1643)
	at io.netty.buffer.CompositeByteBuf.nioBufferCount(CompositeByteBuf.java:1643)
	at io.netty.buffer.CompositeByteBuf.nioBufferCount(CompositeByteBuf.java:1643)
	at io.netty.buffer.CompositeByteBuf.nioBufferCount(CompositeByteBuf.java:1643)
	at io.netty.buffer.CompositeByteBuf.nioBufferCount(CompositeByteBuf.java:1643)
	at io.netty.buffer.CompositeByteBuf.nioBufferCount(CompositeByteBuf.java:1643)
	at io.netty.buffer.CompositeByteBuf.nioBufferCount(CompositeByteBuf.java:1643)
	at io.netty.buffer.CompositeByteBuf.nioBufferCount(CompositeByteBuf.java:1643)
	at io.netty.buffer.CompositeByteBuf.nioBufferCount(CompositeByteBuf.java:1643)
	at io.netty.buffer.CompositeByteBuf.nioBufferCount(CompositeByteBuf.java:1643)
	at io.netty.buffer.CompositeByteBuf.nioBufferCount(CompositeByteBuf.java:1643)
	at io.netty.buffer.CompositeByteBuf.nioBufferCount(CompositeByteBuf.java:1643)
	at io.netty.buffer.CompositeByteBuf.nioBufferCount(CompositeByteBuf.java:1643)
	at io.netty.buffer.CompositeByteBuf.nioBufferCount(CompositeByteBuf.java:1643)
	at io.netty.buffer.CompositeByteBuf.nioBufferCount(CompositeByteBuf.java:1643)
	at io.netty.buffer.CompositeByteBuf.nioBufferCount(CompositeByteBuf.java:1643)
	at io.netty.buffer.CompositeByteBuf.nioBufferCount(CompositeByteBuf.java:1643)
	at io.netty.buffer.CompositeByteBuf.nioBufferCount(CompositeByteBuf.java:1643)
	at io.netty.buffer.CompositeByteBuf.nioBufferCount(CompositeByteBuf.java:1643)
	at io.netty.buffer.CompositeByteBuf.nioBufferCount(CompositeByteBuf.java:1643)
	at io.netty.buffer.CompositeByteBuf.nioBufferCount(CompositeByteBuf.java:1643)
	at io.netty.buffer.CompositeByteBuf.nioBufferCount(CompositeByteBuf.java:1643)
	at io.netty.buffer.CompositeByteBuf.nioBufferCount(CompositeByteBuf.java:1643)
	at io.netty.buffer.CompositeByteBuf.nioBufferCount(CompositeByteBuf.java:1643)
	at io.netty.buffer.CompositeByteBuf.nioBufferCount(CompositeByteBuf.java:1643)
	at io.netty.buffer.CompositeByteBuf.nioBufferCount(CompositeByteBuf.java:1643)
	at io.netty.buffer.CompositeByteBuf.nioBufferCount(CompositeByteBuf.java:1643)
	at io.netty.buffer.CompositeByteBuf.nioBufferCount(CompositeByteBuf.java:1643)
	at io.netty.buffer.CompositeByteBuf.nioBufferCount(CompositeByteBuf.java:1643)
	at io.netty.buffer.CompositeByteBuf.nioBufferCount(CompositeByteBuf.java:1643)
	at io.netty.buffer.CompositeByteBuf.nioBufferCount(CompositeByteBuf.java:1643)
	at io.netty.buffer.CompositeByteBuf.nioBufferCount(CompositeByteBuf.java:1643)
	at io.netty.buffer.CompositeByteBuf.nioBufferCount(CompositeByteBuf.java:1643)
	at io.netty.buffer.CompositeByteBuf.nioBufferCount(CompositeByteBuf.java:1643)
	at io.netty.buffer.CompositeByteBuf.nioBufferCount(CompositeByteBuf.java:1643)
	at io.netty.buffer.CompositeByteBuf.nioBufferCount(CompositeByteBuf.java:1643)
	at io.netty.buffer.CompositeByteBuf.nioBufferCount(CompositeByteBuf.java:1643)
	at io.netty.buffer.CompositeByteBuf.nioBufferCount(CompositeByteBuf.java:1643)
	at io.netty.buffer.CompositeByteBuf.nioBufferCount(CompositeByteBuf.java:1643)
	at io.netty.buffer.CompositeByteBuf.nioBufferCount(CompositeByteBuf.java:1643)
	at io.netty.buffer.CompositeByteBuf.nioBufferCount(CompositeByteBuf.java:1643)
	at io.netty.buffer.CompositeByteBuf.nioBufferCount(CompositeByteBuf.java:1643)
	at io.netty.buffer.CompositeByteBuf.nioBufferCount(CompositeByteBuf.java:1643)
	at io.netty.buffer.CompositeByteBuf.nioBufferCount(CompositeByteBuf.java:1643)
	at io.netty.buffer.CompositeByteBuf.nioBufferCount(CompositeByteBuf.java:1643)
	at io.netty.buffer.CompositeByteBuf.nioBufferCount(CompositeByteBuf.java:1643)
	at io.netty.buffer.CompositeByteBuf.nioBufferCount(CompositeByteBuf.java:1643)
	at io.netty.buffer.CompositeByteBuf.nioBufferCount(CompositeByteBuf.java:1643)
	at io.netty.buffer.CompositeByteBuf.nioBufferCount(CompositeByteBuf.java:1643)
	at io.netty.buffer.CompositeByteBuf.nioBufferCount(CompositeByteBuf.java:1643)
	at io.netty.buffer.CompositeByteBuf.nioBufferCount(CompositeByteBuf.java:1643)
	at io.netty.buffer.CompositeByteBuf.nioBufferCount(CompositeByteBuf.java:1643)
	at io.netty.buffer.CompositeByteBuf.nioBufferCount(CompositeByteBuf.java:1643)
	at io.netty.buffer.CompositeByteBuf.nioBufferCount(CompositeByteBuf.java:1643)
	at io.netty.buffer.CompositeByteBuf.nioBufferCount(CompositeByteBuf.java:1643)
	at io.netty.buffer.CompositeByteBuf.nioBufferCount(CompositeByteBuf.java:1643)
	at io.netty.buffer.CompositeByteBuf.nioBufferCount(CompositeByteBuf.java:1643)
	at io.netty.buffer.CompositeByteBuf.nioBufferCount(CompositeByteBuf.java:1643)
	at io.netty.buffer.CompositeByteBuf.nioBufferCount(CompositeByteBuf.java:1643)
	at io.netty.buffer.CompositeByteBuf.nioBufferCount(CompositeByteBuf.java:1643)
	at io.netty.buffer.CompositeByteBuf.nioBufferCount(CompositeByteBuf.java:1643)
	at io.netty.buffer.CompositeByteBuf.nioBufferCount(CompositeByteBuf.java:1643)
	at io.netty.buffer.CompositeByteBuf.nioBufferCount(CompositeByteBuf.java:1643)
	at io.netty.buffer.CompositeByteBuf.nioBufferCount(CompositeByteBuf.java:1643)
	at io.netty.buffer.CompositeByteBuf.nioBufferCount(CompositeByteBuf.java:1643)
	at io.netty.buffer.CompositeByteBuf.nioBufferCount(CompositeByteBuf.java:1643)
	at io.netty.buffer.CompositeByteBuf.nioBufferCount(CompositeByteBuf.java:1643)
	at io.netty.buffer.CompositeByteBuf.nioBufferCount(CompositeByteBuf.java:1643)
	at io.netty.buffer.CompositeByteBuf.nioBufferCount(CompositeByteBuf.java:1643)
	at io.netty.buffer.CompositeByteBuf.nioBufferCount(CompositeByteBuf.java:1643)
	at io.netty.buffer.CompositeByteBuf.nioBufferCount(CompositeByteBuf.java:1643)
	at io.netty.buffer.CompositeByteBuf.nioBufferCount(CompositeByteBuf.java:1643)
	at io.netty.buffer.CompositeByteBuf.nioBufferCount(CompositeByteBuf.java:1643)
	at io.netty.buffer.CompositeByteBuf.nioBufferCount(CompositeByteBuf.java:1643)
	at io.netty.buffer.CompositeByteBuf.nioBufferCount(CompositeByteBuf.java:1643)
	at io.netty.buffer.CompositeByteBuf.nioBufferCount(CompositeByteBuf.java:1643)
	at io.netty.buffer.CompositeByteBuf.nioBufferCount(CompositeByteBuf.java:1643)
	at io.netty.buffer.CompositeByteBuf.nioBufferCount(CompositeByteBuf.java:1643)
	at io.netty.buffer.CompositeByteBuf.nioBufferCount(CompositeByteBuf.java:1643)
	at io.netty.buffer.CompositeByteBuf.nioBufferCount(CompositeByteBuf.java:1643)
	at io.netty.buffer.CompositeByteBuf.nioBufferCount(CompositeByteBuf.java:1643)
	at io.netty.buffer.CompositeByteBuf.nioBufferCount(CompositeByteBuf.java:1643)
	at io.netty.buffer.CompositeByteBuf.nioBufferCount(CompositeByteBuf.java:1643)
	at io.netty.buffer.CompositeByteBuf.nioBufferCount(CompositeByteBuf.java:1643)
	at io.netty.buffer.CompositeByteBuf.nioBufferCount(CompositeByteBuf.java:1643)
	at io.netty.buffer.CompositeByteBuf.nioBufferCount(CompositeByteBuf.java:1643)
	at io.netty.buffer.CompositeByteBuf.nioBufferCount(CompositeByteBuf.java:1643)
	at io.netty.buffer.CompositeByteBuf.nioBufferCount(CompositeByteBuf.java:1643)
	at io.netty.buffer.CompositeByteBuf.nioBufferCount(CompositeByteBuf.java:1643)
	at io.netty.buffer.CompositeByteBuf.nioBufferCount(CompositeByteBuf.java:1643)
	at io.netty.buffer.CompositeByteBuf.nioBufferCount(CompositeByteBuf.java:1643)
	at io.netty.buffer.CompositeByteBuf.nioBufferCount(CompositeByteBuf.java:1643)
	at io.netty.buffer.CompositeByteBuf.nioBufferCount(CompositeByteBuf.java:1643)
	at io.netty.buffer.CompositeByteBuf.nioBufferCount(CompositeByteBuf.java:1643)
	at io.netty.buffer.CompositeByteBuf.nioBufferCount(CompositeByteBuf.java:1643)
	at io.netty.buffer.CompositeByteBuf.nioBufferCount(CompositeByteBuf.java:1643)
	at io.netty.buffer.CompositeByteBuf.nioBufferCount(CompositeByteBuf.java:1643)
	at io.netty.buffer.CompositeByteBuf.nioBufferCount(CompositeByteBuf.java:1643)
	at io.netty.buffer.CompositeByteBuf.nioBufferCount(CompositeByteBuf.java:1643)
	at io.netty.buffer.CompositeByteBuf.nioBufferCount(CompositeByteBuf.java:1643)
	at io.netty.buffer.CompositeByteBuf.nioBufferCount(CompositeByteBuf.java:1643)
	at io.netty.buffer.CompositeByteBuf.nioBufferCount(CompositeByteBuf.java:1643)
	at io.netty.buffer.CompositeByteBuf.nioBufferCount(CompositeByteBuf.java:1643)
	at io.netty.buffer.CompositeByteBuf.nioBufferCount(CompositeByteBuf.java:1643)
	at io.netty.buffer.CompositeByteBuf.nioBufferCount(CompositeByteBuf.java:1643)
	at io.netty.buffer.CompositeByteBuf.nioBufferCount(CompositeByteBuf.java:1643)
	at io.netty.buffer.CompositeByteBuf.nioBufferCount(CompositeByteBuf.java:1643)
	at io.netty.buffer.CompositeByteBuf.nioBufferCount(CompositeByteBuf.java:1643)
	at io.netty.buffer.CompositeByteBuf.nioBufferCount(CompositeByteBuf.java:1643)
	at io.netty.buffer.CompositeByteBuf.nioBufferCount(CompositeByteBuf.java:1643)
	at io.netty.buffer.CompositeByteBuf.nioBufferCount(CompositeByteBuf.java:1643)
	at io.netty.buffer.CompositeByteBuf.nioBufferCount(CompositeByteBuf.java:1643)
	at io.netty.buffer.CompositeByteBuf.nioBufferCount(CompositeByteBuf.java:1643)
	at io.netty.buffer.CompositeByteBuf.nioBufferCount(CompositeByteBuf.java:1643)
	at io.netty.buffer.CompositeByteBuf.nioBufferCount(CompositeByteBuf.java:1643)
	at io.netty.buffer.CompositeByteBuf.nioBufferCount(CompositeByteBuf.java:1643)
	at io.netty.buffer.CompositeByteBuf.nioBufferCount(CompositeByteBuf.java:1643)
	at io.netty.buffer.CompositeByteBuf.nioBufferCount(CompositeByteBuf.java:1643)
	at io.netty.buffer.CompositeByteBuf.nioBufferCount(CompositeByteBuf.java:1643)
	at io.netty.buffer.CompositeByteBuf.nioBufferCount(CompositeByteBuf.java:1643)
	at io.netty.buffer.CompositeByteBuf.nioBufferCount(CompositeByteBuf.java:1643)
	at io.netty.buffer.CompositeByteBuf.nioBufferCount(CompositeByteBuf.java:1643)
	at io.netty.buffer.CompositeByteBuf.nioBufferCount(CompositeByteBuf.java:1643)
	at io.netty.buffer.CompositeByteBuf.nioBufferCount(CompositeByteBuf.java:1643)
	at io.netty.buffer.CompositeByteBuf.nioBufferCount(CompositeByteBuf.java:1643)
	at io.netty.buffer.CompositeByteBuf.nioBufferCount(CompositeByteBuf.java:1643)
	at io.netty.buffer.CompositeByteBuf.nioBufferCount(CompositeByteBuf.java:1643)
	at io.netty.buffer.CompositeByteBuf.nioBufferCount(CompositeByteBuf.java:1643)
	at io.netty.buffer.CompositeByteBuf.nioBufferCount(CompositeByteBuf.java:1643)
	at io.netty.buffer.CompositeByteBuf.nioBufferCount(CompositeByteBuf.java:1643)
	at io.netty.buffer.CompositeByteBuf.nioBufferCount(CompositeByteBuf.java:1643)
	at io.netty.buffer.CompositeByteBuf.nioBufferCount(CompositeByteBuf.java:1643)
	at io.netty.buffer.CompositeByteBuf.nioBufferCount(CompositeByteBuf.java:1643)
	at io.netty.buffer.CompositeByteBuf.nioBufferCount(CompositeByteBuf.java:1643)
	at io.netty.buffer.CompositeByteBuf.nioBufferCount(CompositeByteBuf.java:1643)
	at io.netty.buffer.CompositeByteBuf.nioBufferCount(CompositeByteBuf.java:1643)
	at io.netty.buffer.CompositeByteBuf.nioBufferCount(CompositeByteBuf.java:1643)
	at io.netty.buffer.CompositeByteBuf.nioBufferCount(CompositeByteBuf.java:1643)
	at io.netty.buffer.CompositeByteBuf.nioBufferCount(CompositeByteBuf.java:1643)
	at io.netty.buffer.CompositeByteBuf.nioBufferCount(CompositeByteBuf.java:1643)
	at io.netty.buffer.CompositeByteBuf.nioBufferCount(CompositeByteBuf.java:1643)
	at io.netty.buffer.CompositeByteBuf.nioBufferCount(CompositeByteBuf.java:1643)
	at io.netty.buffer.CompositeByteBuf.nioBufferCount(CompositeByteBuf.java:1643)
	at io.netty.buffer.CompositeByteBuf.nioBufferCount(CompositeByteBuf.java:1643)
	at io.netty.buffer.CompositeByteBuf.nioBufferCount(CompositeByteBuf.java:1643)
	at io.netty.buffer.CompositeByteBuf.nioBufferCount(CompositeByteBuf.java:1643)
	at io.netty.buffer.CompositeByteBuf.nioBufferCount(CompositeByteBuf.java:1643)
	at io.netty.buffer.CompositeByteBuf.nioBufferCount(CompositeByteBuf.java:1643)
	at io.netty.buffer.CompositeByteBuf.nioBufferCount(CompositeByteBuf.java:1643)
	at io.netty.buffer.CompositeByteBuf.nioBufferCount(CompositeByteBuf.java:1643)
	at io.netty.buffer.CompositeByteBuf.nioBufferCount(CompositeByteBuf.java:1643)
	at io.netty.buffer.CompositeByteBuf.nioBufferCount(CompositeByteBuf.java:1643)
	at io.netty.buffer.CompositeByteBuf.nioBufferCount(CompositeByteBuf.java:1643)
	at io.netty.buffer.CompositeByteBuf.nioBufferCount(CompositeByteBuf.java:1643)
	at io.netty.buffer.CompositeByteBuf.nioBufferCount(CompositeByteBuf.java:1643)
	at io.netty.buffer.CompositeByteBuf.nioBufferCount(CompositeByteBuf.java:1643)
	at io.netty.buffer.CompositeByteBuf.nioBufferCount(CompositeByteBuf.java:1643)
	at io.netty.buffer.CompositeByteBuf.nioBufferCount(CompositeByteBuf.java:1643)
	at io.netty.buffer.CompositeByteBuf.nioBufferCount(CompositeByteBuf.java:1643)
	at io.netty.buffer.CompositeByteBuf.nioBufferCount(CompositeByteBuf.java:1643)
	at io.netty.buffer.CompositeByteBuf.nioBufferCount(CompositeByteBuf.java:1643)
	at io.netty.buffer.CompositeByteBuf.nioBufferCount(CompositeByteBuf.java:1643)
	at io.netty.buffer.CompositeByteBuf.nioBufferCount(CompositeByteBuf.java:1643)
	at io.netty.buffer.CompositeByteBuf.nioBufferCount(CompositeByteBuf.java:1643)
	at io.netty.buffer.CompositeByteBuf.nioBufferCount(CompositeByteBuf.java:1643)
	at io.netty.buffer.CompositeByteBuf.nioBufferCount(CompositeByteBuf.java:1643)
	at io.netty.buffer.CompositeByteBuf.nioBufferCount(CompositeByteBuf.java:1643)
	at io.netty.buffer.CompositeByteBuf.nioBufferCount(CompositeByteBuf.java:1643)
	at io.netty.buffer.CompositeByteBuf.nioBufferCount(CompositeByteBuf.java:1643)
	at io.netty.buffer.CompositeByteBuf.nioBufferCount(CompositeByteBuf.java:1643)
	at io.netty.buffer.CompositeByteBuf.nioBufferCount(CompositeByteBuf.java:1643)
	at io.netty.buffer.CompositeByteBuf.nioBufferCount(CompositeByteBuf.java:1643)
	at io.netty.buffer.CompositeByteBuf.nioBufferCount(CompositeByteBuf.java:1643)
	at io.netty.buffer.CompositeByteBuf.nioBufferCount(CompositeByteBuf.java:1643)
	at io.netty.buffer.CompositeByteBuf.nioBufferCount(CompositeByteBuf.java:1643)
	at io.netty.buffer.CompositeByteBuf.nioBufferCount(CompositeByteBuf.java:1643)
	at io.netty.buffer.CompositeByteBuf.nioBufferCount(CompositeByteBuf.java:1643)
	at io.netty.buffer.CompositeByteBuf.nioBufferCount(CompositeByteBuf.java:1643)
	at io.netty.buffer.CompositeByteBuf.nioBufferCount(CompositeByteBuf.java:1643)
	at io.netty.buffer.CompositeByteBuf.nioBufferCount(CompositeByteBuf.java:1643)
	at io.netty.buffer.CompositeByteBuf.nioBufferCount(CompositeByteBuf.java:1643)
	at io.netty.buffer.CompositeByteBuf.nioBufferCount(CompositeByteBuf.java:1643)
	at io.netty.buffer.CompositeByteBuf.nioBufferCount(CompositeByteBuf.java:1643)
	at io.netty.buffer.CompositeByteBuf.nioBufferCount(CompositeByteBuf.java:1643)
	at io.netty.buffer.CompositeByteBuf.nioBufferCount(CompositeByteBuf.java:1643)
	at io.netty.buffer.CompositeByteBuf.nioBufferCount(CompositeByteBuf.java:1643)
	at io.netty.buffer.CompositeByteBuf.nioBufferCount(CompositeByteBuf.java:1643)
	at io.netty.buffer.CompositeByteBuf.nioBufferCount(CompositeByteBuf.java:1643)
	at io.netty.buffer.CompositeByteBuf.nioBufferCount(CompositeByteBuf.java:1643)
	at io.netty.buffer.CompositeByteBuf.nioBufferCount(CompositeByteBuf.java:1643)
	at io.netty.buffer.CompositeByteBuf.nioBufferCount(CompositeByteBuf.java:1643)
	at io.netty.buffer.CompositeByteBuf.nioBufferCount(CompositeByteBuf.java:1643)
	at io.netty.buffer.CompositeByteBuf.nioBufferCount(CompositeByteBuf.java:1643)
	at io.netty.buffer.CompositeByteBuf.nioBufferCount(CompositeByteBuf.java:1643)
	at io.netty.buffer.CompositeByteBuf.nioBufferCount(CompositeByteBuf.java:1643)
	at io.netty.buffer.CompositeByteBuf.nioBufferCount(CompositeByteBuf.java:1643)
	at io.netty.buffer.CompositeByteBuf.nioBufferCount(CompositeByteBuf.java:1643)
	at io.netty.buffer.CompositeByteBuf.nioBufferCount(CompositeByteBuf.java:1643)
	at io.netty.buffer.CompositeByteBuf.nioBufferCount(CompositeByteBuf.java:1643)
	at io.netty.buffer.CompositeByteBuf.nioBufferCount(CompositeByteBuf.java:1643)
	at io.netty.buffer.CompositeByteBuf.nioBufferCount(CompositeByteBuf.java:1643)
	at io.netty.buffer.CompositeByteBuf.nioBufferCount(CompositeByteBuf.java:1643)
	at io.netty.buffer.CompositeByteBuf.nioBufferCount(CompositeByteBuf.java:1643)
	at io.netty.buffer.CompositeByteBuf.nioBufferCount(CompositeByteBuf.java:1643)
	at io.netty.buffer.CompositeByteBuf.nioBufferCount(CompositeByteBuf.java:1643)
	at io.netty.buffer.CompositeByteBuf.nioBufferCount(CompositeByteBuf.java:1643)
	at io.netty.buffer.CompositeByteBuf.nioBufferCount(CompositeByteBuf.java:1643)
	at io.netty.buffer.CompositeByteBuf.nioBufferCount(CompositeByteBuf.java:1643)
	at io.netty.buffer.CompositeByteBuf.nioBufferCount(CompositeByteBuf.java:1643)
	at io.netty.buffer.CompositeByteBuf.nioBufferCount(CompositeByteBuf.java:1643)
	at io.netty.buffer.CompositeByteBuf.nioBufferCount(CompositeByteBuf.java:1643)
	at io.netty.buffer.CompositeByteBuf.nioBufferCount(CompositeByteBuf.java:1643)
	at io.netty.buffer.CompositeByteBuf.nioBufferCount(CompositeByteBuf.java:1643)
	at io.netty.buffer.CompositeByteBuf.nioBufferCount(CompositeByteBuf.java:1643)
	at io.netty.buffer.CompositeByteBuf.nioBufferCount(CompositeByteBuf.java:1643)
	at io.netty.buffer.CompositeByteBuf.nioBufferCount(CompositeByteBuf.java:1643)
	at io.netty.buffer.CompositeByteBuf.nioBufferCount(CompositeByteBuf.java:1643)
	at io.netty.buffer.CompositeByteBuf.nioBufferCount(CompositeByteBuf.java:1643)
	at io.netty.buffer.CompositeByteBuf.nioBufferCount(CompositeByteBuf.java:1643)
	at io.netty.buffer.CompositeByteBuf.nioBufferCount(CompositeByteBuf.java:1643)
	at io.netty.buffer.CompositeByteBuf.nioBufferCount(CompositeByteBuf.java:1643)
	at io.netty.buffer.CompositeByteBuf.nioBufferCount(CompositeByteBuf.java:1643)
	at io.netty.buffer.CompositeByteBuf.nioBufferCount(CompositeByteBuf.java:1643)
	at io.netty.buffer.CompositeByteBuf.nioBufferCount(CompositeByteBuf.java:1643)
	at io.netty.buffer.CompositeByteBuf.nioBufferCount(CompositeByteBuf.java:1643)
	at io.netty.buffer.CompositeByteBuf.nioBufferCount(CompositeByteBuf.java:1643)
	at io.netty.buffer.CompositeByteBuf.nioBufferCount(CompositeByteBuf.java:1643)
	at io.netty.buffer.CompositeByteBuf.nioBufferCount(CompositeByteBuf.java:1643)
	at io.netty.buffer.CompositeByteBuf.nioBufferCount(CompositeByteBuf.java:1643)
	at io.netty.buffer.CompositeByteBuf.nioBufferCount(CompositeByteBuf.java:1643)
	at io.netty.buffer.CompositeByteBuf.nioBufferCount(CompositeByteBuf.java:1643)
	at io.netty.buffer.CompositeByteBuf.nioBufferCount(CompositeByteBuf.java:1643)
	at io.netty.buffer.CompositeByteBuf.nioBufferCount(CompositeByteBuf.java:1643)
	at io.netty.buffer.CompositeByteBuf.nioBufferCount(CompositeByteBuf.java:1643)
	at io.netty.buffer.CompositeByteBuf.nioBufferCount(CompositeByteBuf.java:1643)
	at io.netty.buffer.CompositeByteBuf.nioBufferCount(CompositeByteBuf.java:1643)
	at io.netty.buffer.CompositeByteBuf.nioBufferCount(CompositeByteBuf.java:1643)
	at io.netty.buffer.CompositeByteBuf.nioBufferCount(CompositeByteBuf.java:1643)
	at io.netty.buffer.CompositeByteBuf.nioBufferCount(CompositeByteBuf.java:1643)
	at io.netty.buffer.CompositeByteBuf.nioBufferCount(CompositeByteBuf.java:1643)
	at io.netty.buffer.CompositeByteBuf.nioBufferCount(CompositeByteBuf.java:1643)
	at io.netty.buffer.CompositeByteBuf.nioBufferCount(CompositeByteBuf.java:1643)
	at io.netty.buffer.CompositeByteBuf.nioBufferCount(CompositeByteBuf.java:1643)
	at io.netty.buffer.CompositeByteBuf.nioBufferCount(CompositeByteBuf.java:1643)
	at io.netty.buffer.CompositeByteBuf.nioBufferCount(CompositeByteBuf.java:1643)
	at io.netty.buffer.CompositeByteBuf.nioBufferCount(CompositeByteBuf.java:1643)
	at io.netty.buffer.CompositeByteBuf.nioBufferCount(CompositeByteBuf.java:1643)
	at io.netty.buffer.CompositeByteBuf.nioBufferCount(CompositeByteBuf.java:1643)
	at io.netty.buffer.CompositeByteBuf.nioBufferCount(CompositeByteBuf.java:1643)
	at io.netty.buffer.CompositeByteBuf.nioBufferCount(CompositeByteBuf.java:1643)
	at io.netty.buffer.CompositeByteBuf.nioBufferCount(CompositeByteBuf.java:1643)
	at io.netty.buffer.CompositeByteBuf.nioBufferCount(CompositeByteBuf.java:1643)
	at io.netty.buffer.CompositeByteBuf.nioBufferCount(CompositeByteBuf.java:1643)
	at io.netty.buffer.CompositeByteBuf.nioBufferCount(CompositeByteBuf.java:1643)
	at io.netty.buffer.CompositeByteBuf.nioBufferCount(CompositeByteBuf.java:1643)
	at io.netty.buffer.CompositeByteBuf.nioBufferCount(CompositeByteBuf.java:1643)
	at io.netty.buffer.CompositeByteBuf.nioBufferCount(CompositeByteBuf.java:1643)
	at io.netty.buffer.CompositeByteBuf.nioBufferCount(CompositeByteBuf.java:1643)
	at io.netty.buffer.CompositeByteBuf.nioBufferCount(CompositeByteBuf.java:1643)
	at io.netty.buffer.CompositeByteBuf.nioBufferCount(CompositeByteBuf.java:1643)
	at io.netty.buffer.CompositeByteBuf.nioBufferCount(CompositeByteBuf.java:1643)
	at io.netty.buffer.CompositeByteBuf.nioBufferCount(CompositeByteBuf.java:1643)
	at io.netty.buffer.CompositeByteBuf.nioBufferCount(CompositeByteBuf.java:1643)
	at io.netty.buffer.CompositeByteBuf.nioBufferCount(CompositeByteBuf.java:1643)
	at io.netty.buffer.CompositeByteBuf.nioBufferCount(CompositeByteBuf.java:1643)
	at io.netty.buffer.CompositeByteBuf.nioBufferCount(CompositeByteBuf.java:1643)
	at io.netty.buffer.CompositeByteBuf.nioBufferCount(CompositeByteBuf.java:1643)
	at io.netty.buffer.CompositeByteBuf.nioBufferCount(CompositeByteBuf.java:1643)
	at io.netty.buffer.CompositeByteBuf.nioBufferCount(CompositeByteBuf.java:1643)
	at io.netty.buffer.CompositeByteBuf.nioBufferCount(CompositeByteBuf.java:1643)
	at io.netty.buffer.CompositeByteBuf.nioBufferCount(CompositeByteBuf.java:1643)
	at io.netty.buffer.CompositeByteBuf.nioBufferCount(CompositeByteBuf.java:1643)
	at io.netty.buffer.CompositeByteBuf.nioBufferCount(CompositeByteBuf.java:1643)
	at io.netty.buffer.CompositeByteBuf.nioBufferCount(CompositeByteBuf.java:1643)
	at io.netty.buffer.CompositeByteBuf.nioBufferCount(CompositeByteBuf.java:1643)
	at io.netty.buffer.CompositeByteBuf.nioBufferCount(CompositeByteBuf.java:1643)
	at io.netty.buffer.CompositeByteBuf.nioBufferCount(CompositeByteBuf.java:1643)
	at io.netty.buffer.CompositeByteBuf.nioBufferCount(CompositeByteBuf.java:1643)
	at io.netty.buffer.CompositeByteBuf.nioBufferCount(CompositeByteBuf.java:1643)
	at io.netty.buffer.CompositeByteBuf.nioBufferCount(CompositeByteBuf.java:1643)
	at io.netty.buffer.CompositeByteBuf.nioBufferCount(CompositeByteBuf.java:1643)
	at io.netty.buffer.CompositeByteBuf.nioBufferCount(CompositeByteBuf.java:1643)
	at io.netty.buffer.CompositeByteBuf.nioBufferCount(CompositeByteBuf.java:1643)
	at io.netty.buffer.CompositeByteBuf.nioBufferCount(CompositeByteBuf.java:1643)
	at io.netty.buffer.CompositeByteBuf.nioBufferCount(CompositeByteBuf.java:1643)
	at io.netty.buffer.CompositeByteBuf.nioBufferCount(CompositeByteBuf.java:1643)
	at io.netty.buffer.CompositeByteBuf.nioBufferCount(CompositeByteBuf.java:1643)
	at io.netty.buffer.CompositeByteBuf.nioBufferCount(CompositeByteBuf.java:1643)
	at io.netty.buffer.CompositeByteBuf.nioBufferCount(CompositeByteBuf.java:1643)
	at io.netty.buffer.CompositeByteBuf.nioBufferCount(CompositeByteBuf.java:1643)
	at io.netty.buffer.CompositeByteBuf.nioBufferCount(CompositeByteBuf.java:1643)
	at io.netty.buffer.CompositeByteBuf.nioBufferCount(CompositeByteBuf.java:1643)
	at io.netty.buffer.CompositeByteBuf.nioBufferCount(CompositeByteBuf.java:1643)
	at io.netty.buffer.CompositeByteBuf.nioBufferCount(CompositeByteBuf.java:1643)
	at io.netty.buffer.CompositeByteBuf.nioBufferCount(CompositeByteBuf.java:1643)
	at io.netty.buffer.CompositeByteBuf.nioBufferCount(CompositeByteBuf.java:1643)
]]></error>
    <system-out><![CDATA[18:07:49.694 [main] DEBUG io.netty.util.internal.logging.InternalLoggerFactory - Using SLF4J as the default logging framework
18:07:49.694 [main] DEBUG io.netty.util.internal.PlatformDependent0 - -Dio.netty.noUnsafe: false
18:07:49.694 [main] DEBUG io.netty.util.internal.PlatformDependent0 - Java version: 8
18:07:49.694 [main] DEBUG io.netty.util.internal.PlatformDependent0 - sun.misc.Unsafe.theUnsafe: available
18:07:49.694 [main] DEBUG io.netty.util.internal.PlatformDependent0 - sun.misc.Unsafe.copyMemory: available
18:07:49.694 [main] DEBUG io.netty.util.internal.PlatformDependent0 - sun.misc.Unsafe.storeFence: available
18:07:49.694 [main] DEBUG io.netty.util.internal.PlatformDependent0 - java.nio.Buffer.address: available
18:07:49.695 [main] DEBUG io.netty.util.internal.PlatformDependent0 - direct buffer constructor: available
18:07:49.695 [main] DEBUG io.netty.util.internal.PlatformDependent0 - java.nio.Bits.unaligned: available, true
18:07:49.695 [main] DEBUG io.netty.util.internal.PlatformDependent0 - jdk.internal.misc.Unsafe.allocateUninitializedArray(int): unavailable prior to Java9
18:07:49.695 [main] DEBUG io.netty.util.internal.PlatformDependent0 - java.nio.DirectByteBuffer.<init>(long, {int,long}): available
18:07:49.695 [main] DEBUG io.netty.util.internal.CleanerJava6 - java.nio.ByteBuffer.cleaner(): available
18:07:49.695 [main] DEBUG io.netty.util.internal.PlatformDependent - sun.misc.Unsafe: available
18:07:49.695 [main] DEBUG io.netty.util.internal.PlatformDependent - -Dio.netty.tmpdir: /tmp (java.io.tmpdir)
18:07:49.695 [main] DEBUG io.netty.util.internal.PlatformDependent - -Dio.netty.bitMode: 64 (sun.arch.data.model)
18:07:49.696 [main] DEBUG io.netty.util.internal.PlatformDependent - -Dio.netty.maxDirectMemory: 11420041216 bytes
18:07:49.696 [main] DEBUG io.netty.util.internal.PlatformDependent - -Dio.netty.uninitializedArrayAllocationThreshold: -1
18:07:49.696 [main] DEBUG io.netty.util.internal.PlatformDependent - -Dio.netty.noPreferDirect: false
18:07:49.696 [main] DEBUG io.netty.util.internal.CleanerJava9 - java.nio.ByteBuffer.cleaner(): unavailable
java.lang.NoSuchMethodException: sun.misc.Unsafe.invokeCleaner(java.nio.ByteBuffer)
	at java.lang.Class.getDeclaredMethod(Class.java:2130)
	at io.netty.util.internal.CleanerJava9$1.run(CleanerJava9.java:45)
	at java.security.AccessController.doPrivileged(Native Method)
	at io.netty.util.internal.CleanerJava9.__STATIC_RESET(CleanerJava9.java:40)
	at sun.reflect.NativeMethodAccessorImpl.invoke0(Native Method)
	at sun.reflect.NativeMethodAccessorImpl.invoke(NativeMethodAccessorImpl.java:62)
	at sun.reflect.DelegatingMethodAccessorImpl.invoke(DelegatingMethodAccessorImpl.java:43)
	at java.lang.reflect.Method.invoke(Method.java:498)
	at org.evosuite.runtime.classhandling.ClassResetter.reset(ClassResetter.java:159)
	at org.evosuite.runtime.classhandling.ClassStateSupport.resetClasses(ClassStateSupport.java:137)
	at io.netty.handler.codec.compression.ByteBufChecksum_ESTest_scaffolding.resetClasses(ByteBufChecksum_ESTest_scaffolding.java:278)
	at io.netty.handler.codec.compression.ByteBufChecksum_ESTest_scaffolding.doneWithTestCase(ByteBufChecksum_ESTest_scaffolding.java:66)
	at sun.reflect.NativeMethodAccessorImpl.invoke0(Native Method)
	at sun.reflect.NativeMethodAccessorImpl.invoke(NativeMethodAccessorImpl.java:62)
	at sun.reflect.DelegatingMethodAccessorImpl.invoke(DelegatingMethodAccessorImpl.java:43)
	at java.lang.reflect.Method.invoke(Method.java:498)
	at org.junit.runners.model.FrameworkMethod$1.runReflectiveCall(FrameworkMethod.java:59)
	at org.junit.internal.runners.model.ReflectiveCallable.run(ReflectiveCallable.java:12)
	at org.junit.runners.model.FrameworkMethod.invokeExplosively(FrameworkMethod.java:56)
	at org.junit.internal.runners.statements.RunAfters.invokeMethod(RunAfters.java:46)
	at org.junit.internal.runners.statements.RunAfters.evaluate(RunAfters.java:33)
	at org.evosuite.runtime.vnet.NonFunctionalRequirementRule$1.evaluate(NonFunctionalRequirementRule.java:41)
	at org.junit.runners.ParentRunner$3.evaluate(ParentRunner.java:306)
	at org.junit.runners.BlockJUnit4ClassRunner$1.evaluate(BlockJUnit4ClassRunner.java:100)
	at org.junit.runners.ParentRunner.runLeaf(ParentRunner.java:366)
	at org.junit.runners.BlockJUnit4ClassRunner.runChild(BlockJUnit4ClassRunner.java:103)
	at org.junit.runners.BlockJUnit4ClassRunner.runChild(BlockJUnit4ClassRunner.java:63)
	at org.junit.runners.ParentRunner$4.run(ParentRunner.java:331)
	at org.junit.runners.ParentRunner$1.schedule(ParentRunner.java:79)
	at org.junit.runners.ParentRunner.runChildren(ParentRunner.java:329)
	at org.junit.runners.ParentRunner.access$100(ParentRunner.java:66)
	at org.junit.runners.ParentRunner$2.evaluate(ParentRunner.java:293)
	at org.junit.internal.runners.statements.RunBefores.evaluate(RunBefores.java:26)
	at org.junit.internal.runners.statements.RunAfters.evaluate(RunAfters.java:27)
	at org.junit.runners.ParentRunner$3.evaluate(ParentRunner.java:306)
	at org.junit.runners.ParentRunner.run(ParentRunner.java:413)
	at org.apache.maven.surefire.junit4.JUnit4Provider.execute(JUnit4Provider.java:316)
	at org.apache.maven.surefire.junit4.JUnit4Provider.executeWithRerun(JUnit4Provider.java:240)
	at org.apache.maven.surefire.junit4.JUnit4Provider.executeTestSet(JUnit4Provider.java:214)
	at org.apache.maven.surefire.junit4.JUnit4Provider.invoke(JUnit4Provider.java:155)
	at org.apache.maven.surefire.booter.ForkedBooter.runSuitesInProcess(ForkedBooter.java:385)
	at org.apache.maven.surefire.booter.ForkedBooter.execute(ForkedBooter.java:162)
	at org.apache.maven.surefire.booter.ForkedBooter.run(ForkedBooter.java:507)
	at org.apache.maven.surefire.booter.ForkedBooter.main(ForkedBooter.java:495)
18:07:49.698 [main] DEBUG io.netty.util.ResourceLeakDetector - -Dio.netty.leakDetection.level: simple
18:07:49.698 [main] DEBUG io.netty.util.ResourceLeakDetector - -Dio.netty.leakDetection.targetRecords: 4
18:07:49.699 [main] DEBUG io.netty.util.internal.InternalThreadLocalMap - -Dio.netty.threadLocalMap.stringBuilder.initialSize: 1024
18:07:49.699 [main] DEBUG io.netty.util.internal.InternalThreadLocalMap - -Dio.netty.threadLocalMap.stringBuilder.maxSize: 4096
18:07:49.699 [main] DEBUG io.netty.buffer.PooledByteBufAllocator - -Dio.netty.allocator.numHeapArenas: 0
18:07:49.699 [main] DEBUG io.netty.buffer.PooledByteBufAllocator - -Dio.netty.allocator.numDirectArenas: 2
18:07:49.699 [main] DEBUG io.netty.buffer.PooledByteBufAllocator - -Dio.netty.allocator.pageSize: 8192
18:07:49.699 [main] DEBUG io.netty.buffer.PooledByteBufAllocator - -Dio.netty.allocator.maxOrder: 9
18:07:49.699 [main] DEBUG io.netty.buffer.PooledByteBufAllocator - -Dio.netty.allocator.chunkSize: 4194304
18:07:49.699 [main] DEBUG io.netty.buffer.PooledByteBufAllocator - -Dio.netty.allocator.smallCacheSize: 256
18:07:49.699 [main] DEBUG io.netty.buffer.PooledByteBufAllocator - -Dio.netty.allocator.normalCacheSize: 64
18:07:49.699 [main] DEBUG io.netty.buffer.PooledByteBufAllocator - -Dio.netty.allocator.maxCachedBufferCapacity: 32768
18:07:49.699 [main] DEBUG io.netty.buffer.PooledByteBufAllocator - -Dio.netty.allocator.cacheTrimInterval: 8192
18:07:49.699 [main] DEBUG io.netty.buffer.PooledByteBufAllocator - -Dio.netty.allocator.cacheTrimIntervalMillis: 0
18:07:49.699 [main] DEBUG io.netty.buffer.PooledByteBufAllocator - -Dio.netty.allocator.useCacheForAllThreads: false
18:07:49.699 [main] DEBUG io.netty.buffer.PooledByteBufAllocator - -Dio.netty.allocator.maxCachedByteBuffersPerChunk: 1023
18:07:49.700 [main] DEBUG io.netty.buffer.AbstractByteBuf - -Dio.netty.buffer.checkAccessible: true
18:07:49.700 [main] DEBUG io.netty.buffer.AbstractByteBuf - -Dio.netty.buffer.checkBounds: true
18:07:49.700 [main] DEBUG io.netty.util.ResourceLeakDetectorFactory - Loaded default ResourceLeakDetector: io.netty.util.ResourceLeakDetector@5
18:07:49.701 [main] DEBUG io.netty.util.Recycler - -Dio.netty.recycler.maxCapacityPerThread: 4096
18:07:49.701 [main] DEBUG io.netty.util.Recycler - -Dio.netty.recycler.ratio: 8
18:07:49.701 [main] DEBUG io.netty.util.Recycler - -Dio.netty.recycler.chunkSize: 32
18:07:49.701 [main] DEBUG io.netty.util.Recycler - -Dio.netty.recycler.blocking: false
18:07:49.701 [main] DEBUG io.netty.util.Recycler - -Dio.netty.recycler.batchFastThreadLocalOnly: true
18:07:49.701 [main] DEBUG io.netty.util.internal.PlatformDependent - org.jctools-core.MpscChunkedArrayQueue: available
18:07:49.702 [main] DEBUG io.netty.buffer.ByteBufUtil - -Dio.netty.allocator.type: pooled
18:07:49.702 [main] DEBUG io.netty.buffer.ByteBufUtil - -Dio.netty.threadLocalDirectBufferSize: 0
18:07:49.702 [main] DEBUG io.netty.buffer.ByteBufUtil - -Dio.netty.maxThreadLocalCharBufferSize: 16384
]]></system-out>
  </testcase>
  <testcase name="test17" classname="io.netty.handler.codec.compression.ByteBufChecksum_ESTest" time="0.031">
    <system-out><![CDATA[18:07:49.720 [main] DEBUG io.netty.util.internal.logging.InternalLoggerFactory - Using SLF4J as the default logging framework
18:07:49.720 [main] DEBUG io.netty.util.internal.PlatformDependent0 - -Dio.netty.noUnsafe: false
18:07:49.720 [main] DEBUG io.netty.util.internal.PlatformDependent0 - Java version: 8
18:07:49.721 [main] DEBUG io.netty.util.internal.PlatformDependent0 - sun.misc.Unsafe.theUnsafe: available
18:07:49.721 [main] DEBUG io.netty.util.internal.PlatformDependent0 - sun.misc.Unsafe.copyMemory: available
18:07:49.721 [main] DEBUG io.netty.util.internal.PlatformDependent0 - sun.misc.Unsafe.storeFence: available
18:07:49.721 [main] DEBUG io.netty.util.internal.PlatformDependent0 - java.nio.Buffer.address: available
18:07:49.721 [main] DEBUG io.netty.util.internal.PlatformDependent0 - direct buffer constructor: available
18:07:49.721 [main] DEBUG io.netty.util.internal.PlatformDependent0 - java.nio.Bits.unaligned: available, true
18:07:49.721 [main] DEBUG io.netty.util.internal.PlatformDependent0 - jdk.internal.misc.Unsafe.allocateUninitializedArray(int): unavailable prior to Java9
18:07:49.721 [main] DEBUG io.netty.util.internal.PlatformDependent0 - java.nio.DirectByteBuffer.<init>(long, {int,long}): available
18:07:49.721 [main] DEBUG io.netty.util.internal.CleanerJava6 - java.nio.ByteBuffer.cleaner(): available
18:07:49.721 [main] DEBUG io.netty.util.internal.PlatformDependent - sun.misc.Unsafe: available
18:07:49.721 [main] DEBUG io.netty.util.internal.PlatformDependent - -Dio.netty.tmpdir: /tmp (java.io.tmpdir)
18:07:49.721 [main] DEBUG io.netty.util.internal.PlatformDependent - -Dio.netty.bitMode: 64 (sun.arch.data.model)
18:07:49.721 [main] DEBUG io.netty.util.internal.PlatformDependent - -Dio.netty.maxDirectMemory: 11420041216 bytes
18:07:49.721 [main] DEBUG io.netty.util.internal.PlatformDependent - -Dio.netty.uninitializedArrayAllocationThreshold: -1
18:07:49.722 [main] DEBUG io.netty.util.internal.PlatformDependent - -Dio.netty.noPreferDirect: false
18:07:49.722 [main] DEBUG io.netty.util.internal.CleanerJava9 - java.nio.ByteBuffer.cleaner(): unavailable
java.lang.NoSuchMethodException: sun.misc.Unsafe.invokeCleaner(java.nio.ByteBuffer)
	at java.lang.Class.getDeclaredMethod(Class.java:2130)
	at io.netty.util.internal.CleanerJava9$1.run(CleanerJava9.java:45)
	at java.security.AccessController.doPrivileged(Native Method)
	at io.netty.util.internal.CleanerJava9.__STATIC_RESET(CleanerJava9.java:40)
	at sun.reflect.NativeMethodAccessorImpl.invoke0(Native Method)
	at sun.reflect.NativeMethodAccessorImpl.invoke(NativeMethodAccessorImpl.java:62)
	at sun.reflect.DelegatingMethodAccessorImpl.invoke(DelegatingMethodAccessorImpl.java:43)
	at java.lang.reflect.Method.invoke(Method.java:498)
	at org.evosuite.runtime.classhandling.ClassResetter.reset(ClassResetter.java:159)
	at org.evosuite.runtime.classhandling.ClassStateSupport.resetClasses(ClassStateSupport.java:137)
	at io.netty.handler.codec.compression.ByteBufChecksum_ESTest_scaffolding.resetClasses(ByteBufChecksum_ESTest_scaffolding.java:278)
	at io.netty.handler.codec.compression.ByteBufChecksum_ESTest_scaffolding.doneWithTestCase(ByteBufChecksum_ESTest_scaffolding.java:66)
	at sun.reflect.NativeMethodAccessorImpl.invoke0(Native Method)
	at sun.reflect.NativeMethodAccessorImpl.invoke(NativeMethodAccessorImpl.java:62)
	at sun.reflect.DelegatingMethodAccessorImpl.invoke(DelegatingMethodAccessorImpl.java:43)
	at java.lang.reflect.Method.invoke(Method.java:498)
	at org.junit.runners.model.FrameworkMethod$1.runReflectiveCall(FrameworkMethod.java:59)
	at org.junit.internal.runners.model.ReflectiveCallable.run(ReflectiveCallable.java:12)
	at org.junit.runners.model.FrameworkMethod.invokeExplosively(FrameworkMethod.java:56)
	at org.junit.internal.runners.statements.RunAfters.invokeMethod(RunAfters.java:46)
	at org.junit.internal.runners.statements.RunAfters.evaluate(RunAfters.java:33)
	at org.evosuite.runtime.vnet.NonFunctionalRequirementRule$1.evaluate(NonFunctionalRequirementRule.java:41)
	at org.junit.runners.ParentRunner$3.evaluate(ParentRunner.java:306)
	at org.junit.runners.BlockJUnit4ClassRunner$1.evaluate(BlockJUnit4ClassRunner.java:100)
	at org.junit.runners.ParentRunner.runLeaf(ParentRunner.java:366)
	at org.junit.runners.BlockJUnit4ClassRunner.runChild(BlockJUnit4ClassRunner.java:103)
	at org.junit.runners.BlockJUnit4ClassRunner.runChild(BlockJUnit4ClassRunner.java:63)
	at org.junit.runners.ParentRunner$4.run(ParentRunner.java:331)
	at org.junit.runners.ParentRunner$1.schedule(ParentRunner.java:79)
	at org.junit.runners.ParentRunner.runChildren(ParentRunner.java:329)
	at org.junit.runners.ParentRunner.access$100(ParentRunner.java:66)
	at org.junit.runners.ParentRunner$2.evaluate(ParentRunner.java:293)
	at org.junit.internal.runners.statements.RunBefores.evaluate(RunBefores.java:26)
	at org.junit.internal.runners.statements.RunAfters.evaluate(RunAfters.java:27)
	at org.junit.runners.ParentRunner$3.evaluate(ParentRunner.java:306)
	at org.junit.runners.ParentRunner.run(ParentRunner.java:413)
	at org.apache.maven.surefire.junit4.JUnit4Provider.execute(JUnit4Provider.java:316)
	at org.apache.maven.surefire.junit4.JUnit4Provider.executeWithRerun(JUnit4Provider.java:240)
	at org.apache.maven.surefire.junit4.JUnit4Provider.executeTestSet(JUnit4Provider.java:214)
	at org.apache.maven.surefire.junit4.JUnit4Provider.invoke(JUnit4Provider.java:155)
	at org.apache.maven.surefire.booter.ForkedBooter.runSuitesInProcess(ForkedBooter.java:385)
	at org.apache.maven.surefire.booter.ForkedBooter.execute(ForkedBooter.java:162)
	at org.apache.maven.surefire.booter.ForkedBooter.run(ForkedBooter.java:507)
	at org.apache.maven.surefire.booter.ForkedBooter.main(ForkedBooter.java:495)
18:07:49.724 [main] DEBUG io.netty.util.ResourceLeakDetector - -Dio.netty.leakDetection.level: simple
18:07:49.724 [main] DEBUG io.netty.util.ResourceLeakDetector - -Dio.netty.leakDetection.targetRecords: 4
18:07:49.724 [main] DEBUG io.netty.util.internal.InternalThreadLocalMap - -Dio.netty.threadLocalMap.stringBuilder.initialSize: 1024
18:07:49.724 [main] DEBUG io.netty.util.internal.InternalThreadLocalMap - -Dio.netty.threadLocalMap.stringBuilder.maxSize: 4096
18:07:49.725 [main] DEBUG io.netty.buffer.PooledByteBufAllocator - -Dio.netty.allocator.numHeapArenas: 0
18:07:49.725 [main] DEBUG io.netty.buffer.PooledByteBufAllocator - -Dio.netty.allocator.numDirectArenas: 2
18:07:49.725 [main] DEBUG io.netty.buffer.PooledByteBufAllocator - -Dio.netty.allocator.pageSize: 8192
18:07:49.725 [main] DEBUG io.netty.buffer.PooledByteBufAllocator - -Dio.netty.allocator.maxOrder: 9
18:07:49.725 [main] DEBUG io.netty.buffer.PooledByteBufAllocator - -Dio.netty.allocator.chunkSize: 4194304
18:07:49.725 [main] DEBUG io.netty.buffer.PooledByteBufAllocator - -Dio.netty.allocator.smallCacheSize: 256
18:07:49.725 [main] DEBUG io.netty.buffer.PooledByteBufAllocator - -Dio.netty.allocator.normalCacheSize: 64
18:07:49.725 [main] DEBUG io.netty.buffer.PooledByteBufAllocator - -Dio.netty.allocator.maxCachedBufferCapacity: 32768
18:07:49.725 [main] DEBUG io.netty.buffer.PooledByteBufAllocator - -Dio.netty.allocator.cacheTrimInterval: 8192
18:07:49.725 [main] DEBUG io.netty.buffer.PooledByteBufAllocator - -Dio.netty.allocator.cacheTrimIntervalMillis: 0
18:07:49.725 [main] DEBUG io.netty.buffer.PooledByteBufAllocator - -Dio.netty.allocator.useCacheForAllThreads: false
18:07:49.725 [main] DEBUG io.netty.buffer.PooledByteBufAllocator - -Dio.netty.allocator.maxCachedByteBuffersPerChunk: 1023
18:07:49.726 [main] DEBUG io.netty.buffer.AbstractByteBuf - -Dio.netty.buffer.checkAccessible: true
18:07:49.726 [main] DEBUG io.netty.buffer.AbstractByteBuf - -Dio.netty.buffer.checkBounds: true
18:07:49.726 [main] DEBUG io.netty.util.ResourceLeakDetectorFactory - Loaded default ResourceLeakDetector: io.netty.util.ResourceLeakDetector@5
18:07:49.726 [main] DEBUG io.netty.util.Recycler - -Dio.netty.recycler.maxCapacityPerThread: 4096
18:07:49.726 [main] DEBUG io.netty.util.Recycler - -Dio.netty.recycler.ratio: 8
18:07:49.726 [main] DEBUG io.netty.util.Recycler - -Dio.netty.recycler.chunkSize: 32
18:07:49.727 [main] DEBUG io.netty.util.Recycler - -Dio.netty.recycler.blocking: false
18:07:49.727 [main] DEBUG io.netty.util.Recycler - -Dio.netty.recycler.batchFastThreadLocalOnly: true
18:07:49.727 [main] DEBUG io.netty.util.internal.PlatformDependent - org.jctools-core.MpscChunkedArrayQueue: available
18:07:49.728 [main] DEBUG io.netty.buffer.ByteBufUtil - -Dio.netty.allocator.type: pooled
18:07:49.728 [main] DEBUG io.netty.buffer.ByteBufUtil - -Dio.netty.threadLocalDirectBufferSize: 0
18:07:49.728 [main] DEBUG io.netty.buffer.ByteBufUtil - -Dio.netty.maxThreadLocalCharBufferSize: 16384
]]></system-out>
  </testcase>
  <testcase name="test09" classname="io.netty.handler.codec.compression.ByteBufChecksum_ESTest" time="0.019">
    <system-out><![CDATA[18:07:49.743 [main] DEBUG io.netty.util.internal.logging.InternalLoggerFactory - Using SLF4J as the default logging framework
18:07:49.743 [main] DEBUG io.netty.util.internal.PlatformDependent0 - -Dio.netty.noUnsafe: false
18:07:49.743 [main] DEBUG io.netty.util.internal.PlatformDependent0 - Java version: 8
18:07:49.743 [main] DEBUG io.netty.util.internal.PlatformDependent0 - sun.misc.Unsafe.theUnsafe: available
18:07:49.743 [main] DEBUG io.netty.util.internal.PlatformDependent0 - sun.misc.Unsafe.copyMemory: available
18:07:49.743 [main] DEBUG io.netty.util.internal.PlatformDependent0 - sun.misc.Unsafe.storeFence: available
18:07:49.743 [main] DEBUG io.netty.util.internal.PlatformDependent0 - java.nio.Buffer.address: available
18:07:49.744 [main] DEBUG io.netty.util.internal.PlatformDependent0 - direct buffer constructor: available
18:07:49.744 [main] DEBUG io.netty.util.internal.PlatformDependent0 - java.nio.Bits.unaligned: available, true
18:07:49.744 [main] DEBUG io.netty.util.internal.PlatformDependent0 - jdk.internal.misc.Unsafe.allocateUninitializedArray(int): unavailable prior to Java9
18:07:49.744 [main] DEBUG io.netty.util.internal.PlatformDependent0 - java.nio.DirectByteBuffer.<init>(long, {int,long}): available
18:07:49.744 [main] DEBUG io.netty.util.internal.CleanerJava6 - java.nio.ByteBuffer.cleaner(): available
18:07:49.744 [main] DEBUG io.netty.util.internal.PlatformDependent - sun.misc.Unsafe: available
18:07:49.744 [main] DEBUG io.netty.util.internal.PlatformDependent - -Dio.netty.tmpdir: /tmp (java.io.tmpdir)
18:07:49.744 [main] DEBUG io.netty.util.internal.PlatformDependent - -Dio.netty.bitMode: 64 (sun.arch.data.model)
18:07:49.745 [main] DEBUG io.netty.util.internal.PlatformDependent - -Dio.netty.maxDirectMemory: 11420041216 bytes
18:07:49.745 [main] DEBUG io.netty.util.internal.PlatformDependent - -Dio.netty.uninitializedArrayAllocationThreshold: -1
18:07:49.745 [main] DEBUG io.netty.util.internal.PlatformDependent - -Dio.netty.noPreferDirect: false
18:07:49.745 [main] DEBUG io.netty.util.internal.CleanerJava9 - java.nio.ByteBuffer.cleaner(): unavailable
java.lang.NoSuchMethodException: sun.misc.Unsafe.invokeCleaner(java.nio.ByteBuffer)
	at java.lang.Class.getDeclaredMethod(Class.java:2130)
	at io.netty.util.internal.CleanerJava9$1.run(CleanerJava9.java:45)
	at java.security.AccessController.doPrivileged(Native Method)
	at io.netty.util.internal.CleanerJava9.__STATIC_RESET(CleanerJava9.java:40)
	at sun.reflect.NativeMethodAccessorImpl.invoke0(Native Method)
	at sun.reflect.NativeMethodAccessorImpl.invoke(NativeMethodAccessorImpl.java:62)
	at sun.reflect.DelegatingMethodAccessorImpl.invoke(DelegatingMethodAccessorImpl.java:43)
	at java.lang.reflect.Method.invoke(Method.java:498)
	at org.evosuite.runtime.classhandling.ClassResetter.reset(ClassResetter.java:159)
	at org.evosuite.runtime.classhandling.ClassStateSupport.resetClasses(ClassStateSupport.java:137)
	at io.netty.handler.codec.compression.ByteBufChecksum_ESTest_scaffolding.resetClasses(ByteBufChecksum_ESTest_scaffolding.java:278)
	at io.netty.handler.codec.compression.ByteBufChecksum_ESTest_scaffolding.doneWithTestCase(ByteBufChecksum_ESTest_scaffolding.java:66)
	at sun.reflect.NativeMethodAccessorImpl.invoke0(Native Method)
	at sun.reflect.NativeMethodAccessorImpl.invoke(NativeMethodAccessorImpl.java:62)
	at sun.reflect.DelegatingMethodAccessorImpl.invoke(DelegatingMethodAccessorImpl.java:43)
	at java.lang.reflect.Method.invoke(Method.java:498)
	at org.junit.runners.model.FrameworkMethod$1.runReflectiveCall(FrameworkMethod.java:59)
	at org.junit.internal.runners.model.ReflectiveCallable.run(ReflectiveCallable.java:12)
	at org.junit.runners.model.FrameworkMethod.invokeExplosively(FrameworkMethod.java:56)
	at org.junit.internal.runners.statements.RunAfters.invokeMethod(RunAfters.java:46)
	at org.junit.internal.runners.statements.RunAfters.evaluate(RunAfters.java:33)
	at org.evosuite.runtime.vnet.NonFunctionalRequirementRule$1.evaluate(NonFunctionalRequirementRule.java:41)
	at org.junit.runners.ParentRunner$3.evaluate(ParentRunner.java:306)
	at org.junit.runners.BlockJUnit4ClassRunner$1.evaluate(BlockJUnit4ClassRunner.java:100)
	at org.junit.runners.ParentRunner.runLeaf(ParentRunner.java:366)
	at org.junit.runners.BlockJUnit4ClassRunner.runChild(BlockJUnit4ClassRunner.java:103)
	at org.junit.runners.BlockJUnit4ClassRunner.runChild(BlockJUnit4ClassRunner.java:63)
	at org.junit.runners.ParentRunner$4.run(ParentRunner.java:331)
	at org.junit.runners.ParentRunner$1.schedule(ParentRunner.java:79)
	at org.junit.runners.ParentRunner.runChildren(ParentRunner.java:329)
	at org.junit.runners.ParentRunner.access$100(ParentRunner.java:66)
	at org.junit.runners.ParentRunner$2.evaluate(ParentRunner.java:293)
	at org.junit.internal.runners.statements.RunBefores.evaluate(RunBefores.java:26)
	at org.junit.internal.runners.statements.RunAfters.evaluate(RunAfters.java:27)
	at org.junit.runners.ParentRunner$3.evaluate(ParentRunner.java:306)
	at org.junit.runners.ParentRunner.run(ParentRunner.java:413)
	at org.apache.maven.surefire.junit4.JUnit4Provider.execute(JUnit4Provider.java:316)
	at org.apache.maven.surefire.junit4.JUnit4Provider.executeWithRerun(JUnit4Provider.java:240)
	at org.apache.maven.surefire.junit4.JUnit4Provider.executeTestSet(JUnit4Provider.java:214)
	at org.apache.maven.surefire.junit4.JUnit4Provider.invoke(JUnit4Provider.java:155)
	at org.apache.maven.surefire.booter.ForkedBooter.runSuitesInProcess(ForkedBooter.java:385)
	at org.apache.maven.surefire.booter.ForkedBooter.execute(ForkedBooter.java:162)
	at org.apache.maven.surefire.booter.ForkedBooter.run(ForkedBooter.java:507)
	at org.apache.maven.surefire.booter.ForkedBooter.main(ForkedBooter.java:495)
18:07:49.747 [main] DEBUG io.netty.util.ResourceLeakDetector - -Dio.netty.leakDetection.level: simple
18:07:49.747 [main] DEBUG io.netty.util.ResourceLeakDetector - -Dio.netty.leakDetection.targetRecords: 4
18:07:49.748 [main] DEBUG io.netty.util.internal.InternalThreadLocalMap - -Dio.netty.threadLocalMap.stringBuilder.initialSize: 1024
18:07:49.748 [main] DEBUG io.netty.util.internal.InternalThreadLocalMap - -Dio.netty.threadLocalMap.stringBuilder.maxSize: 4096
18:07:49.748 [main] DEBUG io.netty.buffer.PooledByteBufAllocator - -Dio.netty.allocator.numHeapArenas: 0
18:07:49.748 [main] DEBUG io.netty.buffer.PooledByteBufAllocator - -Dio.netty.allocator.numDirectArenas: 2
18:07:49.748 [main] DEBUG io.netty.buffer.PooledByteBufAllocator - -Dio.netty.allocator.pageSize: 8192
18:07:49.748 [main] DEBUG io.netty.buffer.PooledByteBufAllocator - -Dio.netty.allocator.maxOrder: 9
18:07:49.748 [main] DEBUG io.netty.buffer.PooledByteBufAllocator - -Dio.netty.allocator.chunkSize: 4194304
18:07:49.749 [main] DEBUG io.netty.buffer.PooledByteBufAllocator - -Dio.netty.allocator.smallCacheSize: 256
18:07:49.749 [main] DEBUG io.netty.buffer.PooledByteBufAllocator - -Dio.netty.allocator.normalCacheSize: 64
18:07:49.749 [main] DEBUG io.netty.buffer.PooledByteBufAllocator - -Dio.netty.allocator.maxCachedBufferCapacity: 32768
18:07:49.749 [main] DEBUG io.netty.buffer.PooledByteBufAllocator - -Dio.netty.allocator.cacheTrimInterval: 8192
18:07:49.749 [main] DEBUG io.netty.buffer.PooledByteBufAllocator - -Dio.netty.allocator.cacheTrimIntervalMillis: 0
18:07:49.749 [main] DEBUG io.netty.buffer.PooledByteBufAllocator - -Dio.netty.allocator.useCacheForAllThreads: false
18:07:49.749 [main] DEBUG io.netty.buffer.PooledByteBufAllocator - -Dio.netty.allocator.maxCachedByteBuffersPerChunk: 1023
18:07:49.749 [main] DEBUG io.netty.buffer.AbstractByteBuf - -Dio.netty.buffer.checkAccessible: true
18:07:49.749 [main] DEBUG io.netty.buffer.AbstractByteBuf - -Dio.netty.buffer.checkBounds: true
18:07:49.750 [main] DEBUG io.netty.util.ResourceLeakDetectorFactory - Loaded default ResourceLeakDetector: io.netty.util.ResourceLeakDetector@5
18:07:49.750 [main] DEBUG io.netty.util.Recycler - -Dio.netty.recycler.maxCapacityPerThread: 4096
18:07:49.750 [main] DEBUG io.netty.util.Recycler - -Dio.netty.recycler.ratio: 8
18:07:49.750 [main] DEBUG io.netty.util.Recycler - -Dio.netty.recycler.chunkSize: 32
18:07:49.750 [main] DEBUG io.netty.util.Recycler - -Dio.netty.recycler.blocking: false
18:07:49.750 [main] DEBUG io.netty.util.Recycler - -Dio.netty.recycler.batchFastThreadLocalOnly: true
18:07:49.751 [main] DEBUG io.netty.util.internal.PlatformDependent - org.jctools-core.MpscChunkedArrayQueue: available
18:07:49.752 [main] DEBUG io.netty.buffer.ByteBufUtil - -Dio.netty.allocator.type: pooled
18:07:49.752 [main] DEBUG io.netty.buffer.ByteBufUtil - -Dio.netty.threadLocalDirectBufferSize: 0
18:07:49.752 [main] DEBUG io.netty.buffer.ByteBufUtil - -Dio.netty.maxThreadLocalCharBufferSize: 16384
]]></system-out>
  </testcase>
  <testcase name="test08" classname="io.netty.handler.codec.compression.ByteBufChecksum_ESTest" time="0.017">
    <system-out><![CDATA[18:07:49.759 [main] DEBUG io.netty.util.internal.logging.InternalLoggerFactory - Using SLF4J as the default logging framework
18:07:49.759 [main] DEBUG io.netty.util.internal.PlatformDependent0 - -Dio.netty.noUnsafe: false
18:07:49.759 [main] DEBUG io.netty.util.internal.PlatformDependent0 - Java version: 8
18:07:49.760 [main] DEBUG io.netty.util.internal.PlatformDependent0 - sun.misc.Unsafe.theUnsafe: available
18:07:49.760 [main] DEBUG io.netty.util.internal.PlatformDependent0 - sun.misc.Unsafe.copyMemory: available
18:07:49.760 [main] DEBUG io.netty.util.internal.PlatformDependent0 - sun.misc.Unsafe.storeFence: available
18:07:49.760 [main] DEBUG io.netty.util.internal.PlatformDependent0 - java.nio.Buffer.address: available
18:07:49.760 [main] DEBUG io.netty.util.internal.PlatformDependent0 - direct buffer constructor: available
18:07:49.760 [main] DEBUG io.netty.util.internal.PlatformDependent0 - java.nio.Bits.unaligned: available, true
18:07:49.760 [main] DEBUG io.netty.util.internal.PlatformDependent0 - jdk.internal.misc.Unsafe.allocateUninitializedArray(int): unavailable prior to Java9
18:07:49.760 [main] DEBUG io.netty.util.internal.PlatformDependent0 - java.nio.DirectByteBuffer.<init>(long, {int,long}): available
18:07:49.760 [main] DEBUG io.netty.util.internal.CleanerJava6 - java.nio.ByteBuffer.cleaner(): available
18:07:49.760 [main] DEBUG io.netty.util.internal.PlatformDependent - sun.misc.Unsafe: available
18:07:49.760 [main] DEBUG io.netty.util.internal.PlatformDependent - -Dio.netty.tmpdir: /tmp (java.io.tmpdir)
18:07:49.760 [main] DEBUG io.netty.util.internal.PlatformDependent - -Dio.netty.bitMode: 64 (sun.arch.data.model)
18:07:49.760 [main] DEBUG io.netty.util.internal.PlatformDependent - -Dio.netty.maxDirectMemory: 11420041216 bytes
18:07:49.760 [main] DEBUG io.netty.util.internal.PlatformDependent - -Dio.netty.uninitializedArrayAllocationThreshold: -1
18:07:49.761 [main] DEBUG io.netty.util.internal.PlatformDependent - -Dio.netty.noPreferDirect: false
18:07:49.761 [main] DEBUG io.netty.util.internal.CleanerJava9 - java.nio.ByteBuffer.cleaner(): unavailable
java.lang.NoSuchMethodException: sun.misc.Unsafe.invokeCleaner(java.nio.ByteBuffer)
	at java.lang.Class.getDeclaredMethod(Class.java:2130)
	at io.netty.util.internal.CleanerJava9$1.run(CleanerJava9.java:45)
	at java.security.AccessController.doPrivileged(Native Method)
	at io.netty.util.internal.CleanerJava9.__STATIC_RESET(CleanerJava9.java:40)
	at sun.reflect.NativeMethodAccessorImpl.invoke0(Native Method)
	at sun.reflect.NativeMethodAccessorImpl.invoke(NativeMethodAccessorImpl.java:62)
	at sun.reflect.DelegatingMethodAccessorImpl.invoke(DelegatingMethodAccessorImpl.java:43)
	at java.lang.reflect.Method.invoke(Method.java:498)
	at org.evosuite.runtime.classhandling.ClassResetter.reset(ClassResetter.java:159)
	at org.evosuite.runtime.classhandling.ClassStateSupport.resetClasses(ClassStateSupport.java:137)
	at io.netty.handler.codec.compression.ByteBufChecksum_ESTest_scaffolding.resetClasses(ByteBufChecksum_ESTest_scaffolding.java:278)
	at io.netty.handler.codec.compression.ByteBufChecksum_ESTest_scaffolding.doneWithTestCase(ByteBufChecksum_ESTest_scaffolding.java:66)
	at sun.reflect.NativeMethodAccessorImpl.invoke0(Native Method)
	at sun.reflect.NativeMethodAccessorImpl.invoke(NativeMethodAccessorImpl.java:62)
	at sun.reflect.DelegatingMethodAccessorImpl.invoke(DelegatingMethodAccessorImpl.java:43)
	at java.lang.reflect.Method.invoke(Method.java:498)
	at org.junit.runners.model.FrameworkMethod$1.runReflectiveCall(FrameworkMethod.java:59)
	at org.junit.internal.runners.model.ReflectiveCallable.run(ReflectiveCallable.java:12)
	at org.junit.runners.model.FrameworkMethod.invokeExplosively(FrameworkMethod.java:56)
	at org.junit.internal.runners.statements.RunAfters.invokeMethod(RunAfters.java:46)
	at org.junit.internal.runners.statements.RunAfters.evaluate(RunAfters.java:33)
	at org.evosuite.runtime.vnet.NonFunctionalRequirementRule$1.evaluate(NonFunctionalRequirementRule.java:41)
	at org.junit.runners.ParentRunner$3.evaluate(ParentRunner.java:306)
	at org.junit.runners.BlockJUnit4ClassRunner$1.evaluate(BlockJUnit4ClassRunner.java:100)
	at org.junit.runners.ParentRunner.runLeaf(ParentRunner.java:366)
	at org.junit.runners.BlockJUnit4ClassRunner.runChild(BlockJUnit4ClassRunner.java:103)
	at org.junit.runners.BlockJUnit4ClassRunner.runChild(BlockJUnit4ClassRunner.java:63)
	at org.junit.runners.ParentRunner$4.run(ParentRunner.java:331)
	at org.junit.runners.ParentRunner$1.schedule(ParentRunner.java:79)
	at org.junit.runners.ParentRunner.runChildren(ParentRunner.java:329)
	at org.junit.runners.ParentRunner.access$100(ParentRunner.java:66)
	at org.junit.runners.ParentRunner$2.evaluate(ParentRunner.java:293)
	at org.junit.internal.runners.statements.RunBefores.evaluate(RunBefores.java:26)
	at org.junit.internal.runners.statements.RunAfters.evaluate(RunAfters.java:27)
	at org.junit.runners.ParentRunner$3.evaluate(ParentRunner.java:306)
	at org.junit.runners.ParentRunner.run(ParentRunner.java:413)
	at org.apache.maven.surefire.junit4.JUnit4Provider.execute(JUnit4Provider.java:316)
	at org.apache.maven.surefire.junit4.JUnit4Provider.executeWithRerun(JUnit4Provider.java:240)
	at org.apache.maven.surefire.junit4.JUnit4Provider.executeTestSet(JUnit4Provider.java:214)
	at org.apache.maven.surefire.junit4.JUnit4Provider.invoke(JUnit4Provider.java:155)
	at org.apache.maven.surefire.booter.ForkedBooter.runSuitesInProcess(ForkedBooter.java:385)
	at org.apache.maven.surefire.booter.ForkedBooter.execute(ForkedBooter.java:162)
	at org.apache.maven.surefire.booter.ForkedBooter.run(ForkedBooter.java:507)
	at org.apache.maven.surefire.booter.ForkedBooter.main(ForkedBooter.java:495)
18:07:49.763 [main] DEBUG io.netty.util.ResourceLeakDetector - -Dio.netty.leakDetection.level: simple
18:07:49.763 [main] DEBUG io.netty.util.ResourceLeakDetector - -Dio.netty.leakDetection.targetRecords: 4
18:07:49.764 [main] DEBUG io.netty.util.internal.InternalThreadLocalMap - -Dio.netty.threadLocalMap.stringBuilder.initialSize: 1024
18:07:49.764 [main] DEBUG io.netty.util.internal.InternalThreadLocalMap - -Dio.netty.threadLocalMap.stringBuilder.maxSize: 4096
18:07:49.764 [main] DEBUG io.netty.buffer.PooledByteBufAllocator - -Dio.netty.allocator.numHeapArenas: 0
18:07:49.764 [main] DEBUG io.netty.buffer.PooledByteBufAllocator - -Dio.netty.allocator.numDirectArenas: 2
18:07:49.764 [main] DEBUG io.netty.buffer.PooledByteBufAllocator - -Dio.netty.allocator.pageSize: 8192
18:07:49.764 [main] DEBUG io.netty.buffer.PooledByteBufAllocator - -Dio.netty.allocator.maxOrder: 9
18:07:49.764 [main] DEBUG io.netty.buffer.PooledByteBufAllocator - -Dio.netty.allocator.chunkSize: 4194304
18:07:49.764 [main] DEBUG io.netty.buffer.PooledByteBufAllocator - -Dio.netty.allocator.smallCacheSize: 256
18:07:49.764 [main] DEBUG io.netty.buffer.PooledByteBufAllocator - -Dio.netty.allocator.normalCacheSize: 64
18:07:49.764 [main] DEBUG io.netty.buffer.PooledByteBufAllocator - -Dio.netty.allocator.maxCachedBufferCapacity: 32768
18:07:49.764 [main] DEBUG io.netty.buffer.PooledByteBufAllocator - -Dio.netty.allocator.cacheTrimInterval: 8192
18:07:49.764 [main] DEBUG io.netty.buffer.PooledByteBufAllocator - -Dio.netty.allocator.cacheTrimIntervalMillis: 0
18:07:49.764 [main] DEBUG io.netty.buffer.PooledByteBufAllocator - -Dio.netty.allocator.useCacheForAllThreads: false
18:07:49.764 [main] DEBUG io.netty.buffer.PooledByteBufAllocator - -Dio.netty.allocator.maxCachedByteBuffersPerChunk: 1023
18:07:49.765 [main] DEBUG io.netty.buffer.AbstractByteBuf - -Dio.netty.buffer.checkAccessible: true
18:07:49.765 [main] DEBUG io.netty.buffer.AbstractByteBuf - -Dio.netty.buffer.checkBounds: true
18:07:49.765 [main] DEBUG io.netty.util.ResourceLeakDetectorFactory - Loaded default ResourceLeakDetector: io.netty.util.ResourceLeakDetector@5
18:07:49.766 [main] DEBUG io.netty.util.Recycler - -Dio.netty.recycler.maxCapacityPerThread: 4096
18:07:49.766 [main] DEBUG io.netty.util.Recycler - -Dio.netty.recycler.ratio: 8
18:07:49.766 [main] DEBUG io.netty.util.Recycler - -Dio.netty.recycler.chunkSize: 32
18:07:49.766 [main] DEBUG io.netty.util.Recycler - -Dio.netty.recycler.blocking: false
18:07:49.766 [main] DEBUG io.netty.util.Recycler - -Dio.netty.recycler.batchFastThreadLocalOnly: true
18:07:49.766 [main] DEBUG io.netty.util.internal.PlatformDependent - org.jctools-core.MpscChunkedArrayQueue: available
18:07:49.767 [main] DEBUG io.netty.buffer.ByteBufUtil - -Dio.netty.allocator.type: pooled
18:07:49.767 [main] DEBUG io.netty.buffer.ByteBufUtil - -Dio.netty.threadLocalDirectBufferSize: 0
18:07:49.767 [main] DEBUG io.netty.buffer.ByteBufUtil - -Dio.netty.maxThreadLocalCharBufferSize: 16384
]]></system-out>
  </testcase>
  <testcase name="test03" classname="io.netty.handler.codec.compression.ByteBufChecksum_ESTest" time="0.014">
    <system-out><![CDATA[18:07:49.783 [main] DEBUG io.netty.util.internal.logging.InternalLoggerFactory - Using SLF4J as the default logging framework
18:07:49.784 [main] DEBUG io.netty.util.internal.PlatformDependent0 - -Dio.netty.noUnsafe: false
18:07:49.784 [main] DEBUG io.netty.util.internal.PlatformDependent0 - Java version: 8
18:07:49.784 [main] DEBUG io.netty.util.internal.PlatformDependent0 - sun.misc.Unsafe.theUnsafe: available
18:07:49.784 [main] DEBUG io.netty.util.internal.PlatformDependent0 - sun.misc.Unsafe.copyMemory: available
18:07:49.784 [main] DEBUG io.netty.util.internal.PlatformDependent0 - sun.misc.Unsafe.storeFence: available
18:07:49.784 [main] DEBUG io.netty.util.internal.PlatformDependent0 - java.nio.Buffer.address: available
18:07:49.784 [main] DEBUG io.netty.util.internal.PlatformDependent0 - direct buffer constructor: available
18:07:49.784 [main] DEBUG io.netty.util.internal.PlatformDependent0 - java.nio.Bits.unaligned: available, true
18:07:49.784 [main] DEBUG io.netty.util.internal.PlatformDependent0 - jdk.internal.misc.Unsafe.allocateUninitializedArray(int): unavailable prior to Java9
18:07:49.784 [main] DEBUG io.netty.util.internal.PlatformDependent0 - java.nio.DirectByteBuffer.<init>(long, {int,long}): available
18:07:49.785 [main] DEBUG io.netty.util.internal.CleanerJava6 - java.nio.ByteBuffer.cleaner(): available
18:07:49.785 [main] DEBUG io.netty.util.internal.PlatformDependent - sun.misc.Unsafe: available
18:07:49.785 [main] DEBUG io.netty.util.internal.PlatformDependent - -Dio.netty.tmpdir: /tmp (java.io.tmpdir)
18:07:49.785 [main] DEBUG io.netty.util.internal.PlatformDependent - -Dio.netty.bitMode: 64 (sun.arch.data.model)
18:07:49.785 [main] DEBUG io.netty.util.internal.PlatformDependent - -Dio.netty.maxDirectMemory: 11420041216 bytes
18:07:49.785 [main] DEBUG io.netty.util.internal.PlatformDependent - -Dio.netty.uninitializedArrayAllocationThreshold: -1
18:07:49.785 [main] DEBUG io.netty.util.internal.PlatformDependent - -Dio.netty.noPreferDirect: false
18:07:49.786 [main] DEBUG io.netty.util.internal.CleanerJava9 - java.nio.ByteBuffer.cleaner(): unavailable
java.lang.NoSuchMethodException: sun.misc.Unsafe.invokeCleaner(java.nio.ByteBuffer)
	at java.lang.Class.getDeclaredMethod(Class.java:2130)
	at io.netty.util.internal.CleanerJava9$1.run(CleanerJava9.java:45)
	at java.security.AccessController.doPrivileged(Native Method)
	at io.netty.util.internal.CleanerJava9.__STATIC_RESET(CleanerJava9.java:40)
	at sun.reflect.NativeMethodAccessorImpl.invoke0(Native Method)
	at sun.reflect.NativeMethodAccessorImpl.invoke(NativeMethodAccessorImpl.java:62)
	at sun.reflect.DelegatingMethodAccessorImpl.invoke(DelegatingMethodAccessorImpl.java:43)
	at java.lang.reflect.Method.invoke(Method.java:498)
	at org.evosuite.runtime.classhandling.ClassResetter.reset(ClassResetter.java:159)
	at org.evosuite.runtime.classhandling.ClassStateSupport.resetClasses(ClassStateSupport.java:137)
	at io.netty.handler.codec.compression.ByteBufChecksum_ESTest_scaffolding.resetClasses(ByteBufChecksum_ESTest_scaffolding.java:278)
	at io.netty.handler.codec.compression.ByteBufChecksum_ESTest_scaffolding.doneWithTestCase(ByteBufChecksum_ESTest_scaffolding.java:66)
	at sun.reflect.NativeMethodAccessorImpl.invoke0(Native Method)
	at sun.reflect.NativeMethodAccessorImpl.invoke(NativeMethodAccessorImpl.java:62)
	at sun.reflect.DelegatingMethodAccessorImpl.invoke(DelegatingMethodAccessorImpl.java:43)
	at java.lang.reflect.Method.invoke(Method.java:498)
	at org.junit.runners.model.FrameworkMethod$1.runReflectiveCall(FrameworkMethod.java:59)
	at org.junit.internal.runners.model.ReflectiveCallable.run(ReflectiveCallable.java:12)
	at org.junit.runners.model.FrameworkMethod.invokeExplosively(FrameworkMethod.java:56)
	at org.junit.internal.runners.statements.RunAfters.invokeMethod(RunAfters.java:46)
	at org.junit.internal.runners.statements.RunAfters.evaluate(RunAfters.java:33)
	at org.evosuite.runtime.vnet.NonFunctionalRequirementRule$1.evaluate(NonFunctionalRequirementRule.java:41)
	at org.junit.runners.ParentRunner$3.evaluate(ParentRunner.java:306)
	at org.junit.runners.BlockJUnit4ClassRunner$1.evaluate(BlockJUnit4ClassRunner.java:100)
	at org.junit.runners.ParentRunner.runLeaf(ParentRunner.java:366)
	at org.junit.runners.BlockJUnit4ClassRunner.runChild(BlockJUnit4ClassRunner.java:103)
	at org.junit.runners.BlockJUnit4ClassRunner.runChild(BlockJUnit4ClassRunner.java:63)
	at org.junit.runners.ParentRunner$4.run(ParentRunner.java:331)
	at org.junit.runners.ParentRunner$1.schedule(ParentRunner.java:79)
	at org.junit.runners.ParentRunner.runChildren(ParentRunner.java:329)
	at org.junit.runners.ParentRunner.access$100(ParentRunner.java:66)
	at org.junit.runners.ParentRunner$2.evaluate(ParentRunner.java:293)
	at org.junit.internal.runners.statements.RunBefores.evaluate(RunBefores.java:26)
	at org.junit.internal.runners.statements.RunAfters.evaluate(RunAfters.java:27)
	at org.junit.runners.ParentRunner$3.evaluate(ParentRunner.java:306)
	at org.junit.runners.ParentRunner.run(ParentRunner.java:413)
	at org.apache.maven.surefire.junit4.JUnit4Provider.execute(JUnit4Provider.java:316)
	at org.apache.maven.surefire.junit4.JUnit4Provider.executeWithRerun(JUnit4Provider.java:240)
	at org.apache.maven.surefire.junit4.JUnit4Provider.executeTestSet(JUnit4Provider.java:214)
	at org.apache.maven.surefire.junit4.JUnit4Provider.invoke(JUnit4Provider.java:155)
	at org.apache.maven.surefire.booter.ForkedBooter.runSuitesInProcess(ForkedBooter.java:385)
	at org.apache.maven.surefire.booter.ForkedBooter.execute(ForkedBooter.java:162)
	at org.apache.maven.surefire.booter.ForkedBooter.run(ForkedBooter.java:507)
	at org.apache.maven.surefire.booter.ForkedBooter.main(ForkedBooter.java:495)
18:07:49.787 [main] DEBUG io.netty.util.ResourceLeakDetector - -Dio.netty.leakDetection.level: simple
18:07:49.787 [main] DEBUG io.netty.util.ResourceLeakDetector - -Dio.netty.leakDetection.targetRecords: 4
18:07:49.787 [main] DEBUG io.netty.util.internal.InternalThreadLocalMap - -Dio.netty.threadLocalMap.stringBuilder.initialSize: 1024
18:07:49.787 [main] DEBUG io.netty.util.internal.InternalThreadLocalMap - -Dio.netty.threadLocalMap.stringBuilder.maxSize: 4096
18:07:49.788 [main] DEBUG io.netty.buffer.PooledByteBufAllocator - -Dio.netty.allocator.numHeapArenas: 0
18:07:49.788 [main] DEBUG io.netty.buffer.PooledByteBufAllocator - -Dio.netty.allocator.numDirectArenas: 2
18:07:49.788 [main] DEBUG io.netty.buffer.PooledByteBufAllocator - -Dio.netty.allocator.pageSize: 8192
18:07:49.788 [main] DEBUG io.netty.buffer.PooledByteBufAllocator - -Dio.netty.allocator.maxOrder: 9
18:07:49.788 [main] DEBUG io.netty.buffer.PooledByteBufAllocator - -Dio.netty.allocator.chunkSize: 4194304
18:07:49.788 [main] DEBUG io.netty.buffer.PooledByteBufAllocator - -Dio.netty.allocator.smallCacheSize: 256
18:07:49.788 [main] DEBUG io.netty.buffer.PooledByteBufAllocator - -Dio.netty.allocator.normalCacheSize: 64
18:07:49.788 [main] DEBUG io.netty.buffer.PooledByteBufAllocator - -Dio.netty.allocator.maxCachedBufferCapacity: 32768
18:07:49.788 [main] DEBUG io.netty.buffer.PooledByteBufAllocator - -Dio.netty.allocator.cacheTrimInterval: 8192
18:07:49.788 [main] DEBUG io.netty.buffer.PooledByteBufAllocator - -Dio.netty.allocator.cacheTrimIntervalMillis: 0
18:07:49.788 [main] DEBUG io.netty.buffer.PooledByteBufAllocator - -Dio.netty.allocator.useCacheForAllThreads: false
18:07:49.788 [main] DEBUG io.netty.buffer.PooledByteBufAllocator - -Dio.netty.allocator.maxCachedByteBuffersPerChunk: 1023
18:07:49.788 [main] DEBUG io.netty.buffer.AbstractByteBuf - -Dio.netty.buffer.checkAccessible: true
18:07:49.788 [main] DEBUG io.netty.buffer.AbstractByteBuf - -Dio.netty.buffer.checkBounds: true
18:07:49.788 [main] DEBUG io.netty.util.ResourceLeakDetectorFactory - Loaded default ResourceLeakDetector: io.netty.util.ResourceLeakDetector@5
18:07:49.788 [main] DEBUG io.netty.util.Recycler - -Dio.netty.recycler.maxCapacityPerThread: 4096
18:07:49.788 [main] DEBUG io.netty.util.Recycler - -Dio.netty.recycler.ratio: 8
18:07:49.788 [main] DEBUG io.netty.util.Recycler - -Dio.netty.recycler.chunkSize: 32
18:07:49.788 [main] DEBUG io.netty.util.Recycler - -Dio.netty.recycler.blocking: false
18:07:49.788 [main] DEBUG io.netty.util.Recycler - -Dio.netty.recycler.batchFastThreadLocalOnly: true
18:07:49.788 [main] DEBUG io.netty.util.internal.PlatformDependent - org.jctools-core.MpscChunkedArrayQueue: available
18:07:49.789 [main] DEBUG io.netty.buffer.ByteBufUtil - -Dio.netty.allocator.type: pooled
18:07:49.789 [main] DEBUG io.netty.buffer.ByteBufUtil - -Dio.netty.threadLocalDirectBufferSize: 0
18:07:49.789 [main] DEBUG io.netty.buffer.ByteBufUtil - -Dio.netty.maxThreadLocalCharBufferSize: 16384
]]></system-out>
  </testcase>
  <testcase name="test14" classname="io.netty.handler.codec.compression.ByteBufChecksum_ESTest" time="0.016">
    <system-out><![CDATA[18:07:49.796 [main] DEBUG io.netty.util.internal.logging.InternalLoggerFactory - Using SLF4J as the default logging framework
18:07:49.797 [main] DEBUG io.netty.util.internal.PlatformDependent0 - -Dio.netty.noUnsafe: false
18:07:49.797 [main] DEBUG io.netty.util.internal.PlatformDependent0 - Java version: 8
18:07:49.797 [main] DEBUG io.netty.util.internal.PlatformDependent0 - sun.misc.Unsafe.theUnsafe: available
18:07:49.797 [main] DEBUG io.netty.util.internal.PlatformDependent0 - sun.misc.Unsafe.copyMemory: available
18:07:49.797 [main] DEBUG io.netty.util.internal.PlatformDependent0 - sun.misc.Unsafe.storeFence: available
18:07:49.797 [main] DEBUG io.netty.util.internal.PlatformDependent0 - java.nio.Buffer.address: available
18:07:49.797 [main] DEBUG io.netty.util.internal.PlatformDependent0 - direct buffer constructor: available
18:07:49.797 [main] DEBUG io.netty.util.internal.PlatformDependent0 - java.nio.Bits.unaligned: available, true
18:07:49.797 [main] DEBUG io.netty.util.internal.PlatformDependent0 - jdk.internal.misc.Unsafe.allocateUninitializedArray(int): unavailable prior to Java9
18:07:49.797 [main] DEBUG io.netty.util.internal.PlatformDependent0 - java.nio.DirectByteBuffer.<init>(long, {int,long}): available
18:07:49.797 [main] DEBUG io.netty.util.internal.CleanerJava6 - java.nio.ByteBuffer.cleaner(): available
18:07:49.797 [main] DEBUG io.netty.util.internal.PlatformDependent - sun.misc.Unsafe: available
18:07:49.797 [main] DEBUG io.netty.util.internal.PlatformDependent - -Dio.netty.tmpdir: /tmp (java.io.tmpdir)
18:07:49.797 [main] DEBUG io.netty.util.internal.PlatformDependent - -Dio.netty.bitMode: 64 (sun.arch.data.model)
18:07:49.798 [main] DEBUG io.netty.util.internal.PlatformDependent - -Dio.netty.maxDirectMemory: 11420041216 bytes
18:07:49.798 [main] DEBUG io.netty.util.internal.PlatformDependent - -Dio.netty.uninitializedArrayAllocationThreshold: -1
18:07:49.798 [main] DEBUG io.netty.util.internal.PlatformDependent - -Dio.netty.noPreferDirect: false
18:07:49.798 [main] DEBUG io.netty.util.internal.CleanerJava9 - java.nio.ByteBuffer.cleaner(): unavailable
java.lang.NoSuchMethodException: sun.misc.Unsafe.invokeCleaner(java.nio.ByteBuffer)
	at java.lang.Class.getDeclaredMethod(Class.java:2130)
	at io.netty.util.internal.CleanerJava9$1.run(CleanerJava9.java:45)
	at java.security.AccessController.doPrivileged(Native Method)
	at io.netty.util.internal.CleanerJava9.__STATIC_RESET(CleanerJava9.java:40)
	at sun.reflect.NativeMethodAccessorImpl.invoke0(Native Method)
	at sun.reflect.NativeMethodAccessorImpl.invoke(NativeMethodAccessorImpl.java:62)
	at sun.reflect.DelegatingMethodAccessorImpl.invoke(DelegatingMethodAccessorImpl.java:43)
	at java.lang.reflect.Method.invoke(Method.java:498)
	at org.evosuite.runtime.classhandling.ClassResetter.reset(ClassResetter.java:159)
	at org.evosuite.runtime.classhandling.ClassStateSupport.resetClasses(ClassStateSupport.java:137)
	at io.netty.handler.codec.compression.ByteBufChecksum_ESTest_scaffolding.resetClasses(ByteBufChecksum_ESTest_scaffolding.java:278)
	at io.netty.handler.codec.compression.ByteBufChecksum_ESTest_scaffolding.doneWithTestCase(ByteBufChecksum_ESTest_scaffolding.java:66)
	at sun.reflect.NativeMethodAccessorImpl.invoke0(Native Method)
	at sun.reflect.NativeMethodAccessorImpl.invoke(NativeMethodAccessorImpl.java:62)
	at sun.reflect.DelegatingMethodAccessorImpl.invoke(DelegatingMethodAccessorImpl.java:43)
	at java.lang.reflect.Method.invoke(Method.java:498)
	at org.junit.runners.model.FrameworkMethod$1.runReflectiveCall(FrameworkMethod.java:59)
	at org.junit.internal.runners.model.ReflectiveCallable.run(ReflectiveCallable.java:12)
	at org.junit.runners.model.FrameworkMethod.invokeExplosively(FrameworkMethod.java:56)
	at org.junit.internal.runners.statements.RunAfters.invokeMethod(RunAfters.java:46)
	at org.junit.internal.runners.statements.RunAfters.evaluate(RunAfters.java:33)
	at org.evosuite.runtime.vnet.NonFunctionalRequirementRule$1.evaluate(NonFunctionalRequirementRule.java:41)
	at org.junit.runners.ParentRunner$3.evaluate(ParentRunner.java:306)
	at org.junit.runners.BlockJUnit4ClassRunner$1.evaluate(BlockJUnit4ClassRunner.java:100)
	at org.junit.runners.ParentRunner.runLeaf(ParentRunner.java:366)
	at org.junit.runners.BlockJUnit4ClassRunner.runChild(BlockJUnit4ClassRunner.java:103)
	at org.junit.runners.BlockJUnit4ClassRunner.runChild(BlockJUnit4ClassRunner.java:63)
	at org.junit.runners.ParentRunner$4.run(ParentRunner.java:331)
	at org.junit.runners.ParentRunner$1.schedule(ParentRunner.java:79)
	at org.junit.runners.ParentRunner.runChildren(ParentRunner.java:329)
	at org.junit.runners.ParentRunner.access$100(ParentRunner.java:66)
	at org.junit.runners.ParentRunner$2.evaluate(ParentRunner.java:293)
	at org.junit.internal.runners.statements.RunBefores.evaluate(RunBefores.java:26)
	at org.junit.internal.runners.statements.RunAfters.evaluate(RunAfters.java:27)
	at org.junit.runners.ParentRunner$3.evaluate(ParentRunner.java:306)
	at org.junit.runners.ParentRunner.run(ParentRunner.java:413)
	at org.apache.maven.surefire.junit4.JUnit4Provider.execute(JUnit4Provider.java:316)
	at org.apache.maven.surefire.junit4.JUnit4Provider.executeWithRerun(JUnit4Provider.java:240)
	at org.apache.maven.surefire.junit4.JUnit4Provider.executeTestSet(JUnit4Provider.java:214)
	at org.apache.maven.surefire.junit4.JUnit4Provider.invoke(JUnit4Provider.java:155)
	at org.apache.maven.surefire.booter.ForkedBooter.runSuitesInProcess(ForkedBooter.java:385)
	at org.apache.maven.surefire.booter.ForkedBooter.execute(ForkedBooter.java:162)
	at org.apache.maven.surefire.booter.ForkedBooter.run(ForkedBooter.java:507)
	at org.apache.maven.surefire.booter.ForkedBooter.main(ForkedBooter.java:495)
18:07:49.799 [main] DEBUG io.netty.util.ResourceLeakDetector - -Dio.netty.leakDetection.level: simple
18:07:49.800 [main] DEBUG io.netty.util.ResourceLeakDetector - -Dio.netty.leakDetection.targetRecords: 4
18:07:49.800 [main] DEBUG io.netty.util.internal.InternalThreadLocalMap - -Dio.netty.threadLocalMap.stringBuilder.initialSize: 1024
18:07:49.800 [main] DEBUG io.netty.util.internal.InternalThreadLocalMap - -Dio.netty.threadLocalMap.stringBuilder.maxSize: 4096
18:07:49.801 [main] DEBUG io.netty.buffer.PooledByteBufAllocator - -Dio.netty.allocator.numHeapArenas: 0
18:07:49.801 [main] DEBUG io.netty.buffer.PooledByteBufAllocator - -Dio.netty.allocator.numDirectArenas: 2
18:07:49.801 [main] DEBUG io.netty.buffer.PooledByteBufAllocator - -Dio.netty.allocator.pageSize: 8192
18:07:49.801 [main] DEBUG io.netty.buffer.PooledByteBufAllocator - -Dio.netty.allocator.maxOrder: 9
18:07:49.801 [main] DEBUG io.netty.buffer.PooledByteBufAllocator - -Dio.netty.allocator.chunkSize: 4194304
18:07:49.801 [main] DEBUG io.netty.buffer.PooledByteBufAllocator - -Dio.netty.allocator.smallCacheSize: 256
18:07:49.801 [main] DEBUG io.netty.buffer.PooledByteBufAllocator - -Dio.netty.allocator.normalCacheSize: 64
18:07:49.801 [main] DEBUG io.netty.buffer.PooledByteBufAllocator - -Dio.netty.allocator.maxCachedBufferCapacity: 32768
18:07:49.801 [main] DEBUG io.netty.buffer.PooledByteBufAllocator - -Dio.netty.allocator.cacheTrimInterval: 8192
18:07:49.801 [main] DEBUG io.netty.buffer.PooledByteBufAllocator - -Dio.netty.allocator.cacheTrimIntervalMillis: 0
18:07:49.801 [main] DEBUG io.netty.buffer.PooledByteBufAllocator - -Dio.netty.allocator.useCacheForAllThreads: false
18:07:49.801 [main] DEBUG io.netty.buffer.PooledByteBufAllocator - -Dio.netty.allocator.maxCachedByteBuffersPerChunk: 1023
18:07:49.802 [main] DEBUG io.netty.buffer.AbstractByteBuf - -Dio.netty.buffer.checkAccessible: true
18:07:49.802 [main] DEBUG io.netty.buffer.AbstractByteBuf - -Dio.netty.buffer.checkBounds: true
18:07:49.802 [main] DEBUG io.netty.util.ResourceLeakDetectorFactory - Loaded default ResourceLeakDetector: io.netty.util.ResourceLeakDetector@5
18:07:49.803 [main] DEBUG io.netty.util.Recycler - -Dio.netty.recycler.maxCapacityPerThread: 4096
18:07:49.803 [main] DEBUG io.netty.util.Recycler - -Dio.netty.recycler.ratio: 8
18:07:49.803 [main] DEBUG io.netty.util.Recycler - -Dio.netty.recycler.chunkSize: 32
18:07:49.803 [main] DEBUG io.netty.util.Recycler - -Dio.netty.recycler.blocking: false
18:07:49.803 [main] DEBUG io.netty.util.Recycler - -Dio.netty.recycler.batchFastThreadLocalOnly: true
18:07:49.803 [main] DEBUG io.netty.util.internal.PlatformDependent - org.jctools-core.MpscChunkedArrayQueue: available
18:07:49.804 [main] DEBUG io.netty.buffer.ByteBufUtil - -Dio.netty.allocator.type: pooled
18:07:49.804 [main] DEBUG io.netty.buffer.ByteBufUtil - -Dio.netty.threadLocalDirectBufferSize: 0
18:07:49.804 [main] DEBUG io.netty.buffer.ByteBufUtil - -Dio.netty.maxThreadLocalCharBufferSize: 16384
]]></system-out>
  </testcase>
  <testcase name="test02" classname="io.netty.handler.codec.compression.ByteBufChecksum_ESTest" time="0.014">
    <system-out><![CDATA[18:07:49.813 [main] DEBUG io.netty.util.internal.logging.InternalLoggerFactory - Using SLF4J as the default logging framework
18:07:49.814 [main] DEBUG io.netty.util.internal.PlatformDependent0 - -Dio.netty.noUnsafe: false
18:07:49.814 [main] DEBUG io.netty.util.internal.PlatformDependent0 - Java version: 8
18:07:49.814 [main] DEBUG io.netty.util.internal.PlatformDependent0 - sun.misc.Unsafe.theUnsafe: available
18:07:49.814 [main] DEBUG io.netty.util.internal.PlatformDependent0 - sun.misc.Unsafe.copyMemory: available
18:07:49.814 [main] DEBUG io.netty.util.internal.PlatformDependent0 - sun.misc.Unsafe.storeFence: available
18:07:49.814 [main] DEBUG io.netty.util.internal.PlatformDependent0 - java.nio.Buffer.address: available
18:07:49.814 [main] DEBUG io.netty.util.internal.PlatformDependent0 - direct buffer constructor: available
18:07:49.814 [main] DEBUG io.netty.util.internal.PlatformDependent0 - java.nio.Bits.unaligned: available, true
18:07:49.814 [main] DEBUG io.netty.util.internal.PlatformDependent0 - jdk.internal.misc.Unsafe.allocateUninitializedArray(int): unavailable prior to Java9
18:07:49.814 [main] DEBUG io.netty.util.internal.PlatformDependent0 - java.nio.DirectByteBuffer.<init>(long, {int,long}): available
18:07:49.814 [main] DEBUG io.netty.util.internal.CleanerJava6 - java.nio.ByteBuffer.cleaner(): available
18:07:49.814 [main] DEBUG io.netty.util.internal.PlatformDependent - sun.misc.Unsafe: available
18:07:49.814 [main] DEBUG io.netty.util.internal.PlatformDependent - -Dio.netty.tmpdir: /tmp (java.io.tmpdir)
18:07:49.814 [main] DEBUG io.netty.util.internal.PlatformDependent - -Dio.netty.bitMode: 64 (sun.arch.data.model)
18:07:49.815 [main] DEBUG io.netty.util.internal.PlatformDependent - -Dio.netty.maxDirectMemory: 11420041216 bytes
18:07:49.815 [main] DEBUG io.netty.util.internal.PlatformDependent - -Dio.netty.uninitializedArrayAllocationThreshold: -1
18:07:49.815 [main] DEBUG io.netty.util.internal.PlatformDependent - -Dio.netty.noPreferDirect: false
18:07:49.815 [main] DEBUG io.netty.util.internal.CleanerJava9 - java.nio.ByteBuffer.cleaner(): unavailable
java.lang.NoSuchMethodException: sun.misc.Unsafe.invokeCleaner(java.nio.ByteBuffer)
	at java.lang.Class.getDeclaredMethod(Class.java:2130)
	at io.netty.util.internal.CleanerJava9$1.run(CleanerJava9.java:45)
	at java.security.AccessController.doPrivileged(Native Method)
	at io.netty.util.internal.CleanerJava9.__STATIC_RESET(CleanerJava9.java:40)
	at sun.reflect.NativeMethodAccessorImpl.invoke0(Native Method)
	at sun.reflect.NativeMethodAccessorImpl.invoke(NativeMethodAccessorImpl.java:62)
	at sun.reflect.DelegatingMethodAccessorImpl.invoke(DelegatingMethodAccessorImpl.java:43)
	at java.lang.reflect.Method.invoke(Method.java:498)
	at org.evosuite.runtime.classhandling.ClassResetter.reset(ClassResetter.java:159)
	at org.evosuite.runtime.classhandling.ClassStateSupport.resetClasses(ClassStateSupport.java:137)
	at io.netty.handler.codec.compression.ByteBufChecksum_ESTest_scaffolding.resetClasses(ByteBufChecksum_ESTest_scaffolding.java:278)
	at io.netty.handler.codec.compression.ByteBufChecksum_ESTest_scaffolding.doneWithTestCase(ByteBufChecksum_ESTest_scaffolding.java:66)
	at sun.reflect.NativeMethodAccessorImpl.invoke0(Native Method)
	at sun.reflect.NativeMethodAccessorImpl.invoke(NativeMethodAccessorImpl.java:62)
	at sun.reflect.DelegatingMethodAccessorImpl.invoke(DelegatingMethodAccessorImpl.java:43)
	at java.lang.reflect.Method.invoke(Method.java:498)
	at org.junit.runners.model.FrameworkMethod$1.runReflectiveCall(FrameworkMethod.java:59)
	at org.junit.internal.runners.model.ReflectiveCallable.run(ReflectiveCallable.java:12)
	at org.junit.runners.model.FrameworkMethod.invokeExplosively(FrameworkMethod.java:56)
	at org.junit.internal.runners.statements.RunAfters.invokeMethod(RunAfters.java:46)
	at org.junit.internal.runners.statements.RunAfters.evaluate(RunAfters.java:33)
	at org.evosuite.runtime.vnet.NonFunctionalRequirementRule$1.evaluate(NonFunctionalRequirementRule.java:41)
	at org.junit.runners.ParentRunner$3.evaluate(ParentRunner.java:306)
	at org.junit.runners.BlockJUnit4ClassRunner$1.evaluate(BlockJUnit4ClassRunner.java:100)
	at org.junit.runners.ParentRunner.runLeaf(ParentRunner.java:366)
	at org.junit.runners.BlockJUnit4ClassRunner.runChild(BlockJUnit4ClassRunner.java:103)
	at org.junit.runners.BlockJUnit4ClassRunner.runChild(BlockJUnit4ClassRunner.java:63)
	at org.junit.runners.ParentRunner$4.run(ParentRunner.java:331)
	at org.junit.runners.ParentRunner$1.schedule(ParentRunner.java:79)
	at org.junit.runners.ParentRunner.runChildren(ParentRunner.java:329)
	at org.junit.runners.ParentRunner.access$100(ParentRunner.java:66)
	at org.junit.runners.ParentRunner$2.evaluate(ParentRunner.java:293)
	at org.junit.internal.runners.statements.RunBefores.evaluate(RunBefores.java:26)
	at org.junit.internal.runners.statements.RunAfters.evaluate(RunAfters.java:27)
	at org.junit.runners.ParentRunner$3.evaluate(ParentRunner.java:306)
	at org.junit.runners.ParentRunner.run(ParentRunner.java:413)
	at org.apache.maven.surefire.junit4.JUnit4Provider.execute(JUnit4Provider.java:316)
	at org.apache.maven.surefire.junit4.JUnit4Provider.executeWithRerun(JUnit4Provider.java:240)
	at org.apache.maven.surefire.junit4.JUnit4Provider.executeTestSet(JUnit4Provider.java:214)
	at org.apache.maven.surefire.junit4.JUnit4Provider.invoke(JUnit4Provider.java:155)
	at org.apache.maven.surefire.booter.ForkedBooter.runSuitesInProcess(ForkedBooter.java:385)
	at org.apache.maven.surefire.booter.ForkedBooter.execute(ForkedBooter.java:162)
	at org.apache.maven.surefire.booter.ForkedBooter.run(ForkedBooter.java:507)
	at org.apache.maven.surefire.booter.ForkedBooter.main(ForkedBooter.java:495)
18:07:49.817 [main] DEBUG io.netty.util.ResourceLeakDetector - -Dio.netty.leakDetection.level: simple
18:07:49.817 [main] DEBUG io.netty.util.ResourceLeakDetector - -Dio.netty.leakDetection.targetRecords: 4
18:07:49.818 [main] DEBUG io.netty.util.internal.InternalThreadLocalMap - -Dio.netty.threadLocalMap.stringBuilder.initialSize: 1024
18:07:49.818 [main] DEBUG io.netty.util.internal.InternalThreadLocalMap - -Dio.netty.threadLocalMap.stringBuilder.maxSize: 4096
18:07:49.818 [main] DEBUG io.netty.buffer.PooledByteBufAllocator - -Dio.netty.allocator.numHeapArenas: 0
18:07:49.818 [main] DEBUG io.netty.buffer.PooledByteBufAllocator - -Dio.netty.allocator.numDirectArenas: 2
18:07:49.818 [main] DEBUG io.netty.buffer.PooledByteBufAllocator - -Dio.netty.allocator.pageSize: 8192
18:07:49.818 [main] DEBUG io.netty.buffer.PooledByteBufAllocator - -Dio.netty.allocator.maxOrder: 9
18:07:49.818 [main] DEBUG io.netty.buffer.PooledByteBufAllocator - -Dio.netty.allocator.chunkSize: 4194304
18:07:49.818 [main] DEBUG io.netty.buffer.PooledByteBufAllocator - -Dio.netty.allocator.smallCacheSize: 256
18:07:49.818 [main] DEBUG io.netty.buffer.PooledByteBufAllocator - -Dio.netty.allocator.normalCacheSize: 64
18:07:49.818 [main] DEBUG io.netty.buffer.PooledByteBufAllocator - -Dio.netty.allocator.maxCachedBufferCapacity: 32768
18:07:49.818 [main] DEBUG io.netty.buffer.PooledByteBufAllocator - -Dio.netty.allocator.cacheTrimInterval: 8192
18:07:49.818 [main] DEBUG io.netty.buffer.PooledByteBufAllocator - -Dio.netty.allocator.cacheTrimIntervalMillis: 0
18:07:49.818 [main] DEBUG io.netty.buffer.PooledByteBufAllocator - -Dio.netty.allocator.useCacheForAllThreads: false
18:07:49.818 [main] DEBUG io.netty.buffer.PooledByteBufAllocator - -Dio.netty.allocator.maxCachedByteBuffersPerChunk: 1023
18:07:49.819 [main] DEBUG io.netty.buffer.AbstractByteBuf - -Dio.netty.buffer.checkAccessible: true
18:07:49.819 [main] DEBUG io.netty.buffer.AbstractByteBuf - -Dio.netty.buffer.checkBounds: true
18:07:49.819 [main] DEBUG io.netty.util.ResourceLeakDetectorFactory - Loaded default ResourceLeakDetector: io.netty.util.ResourceLeakDetector@5
18:07:49.820 [main] DEBUG io.netty.util.Recycler - -Dio.netty.recycler.maxCapacityPerThread: 4096
18:07:49.820 [main] DEBUG io.netty.util.Recycler - -Dio.netty.recycler.ratio: 8
18:07:49.820 [main] DEBUG io.netty.util.Recycler - -Dio.netty.recycler.chunkSize: 32
18:07:49.820 [main] DEBUG io.netty.util.Recycler - -Dio.netty.recycler.blocking: false
18:07:49.820 [main] DEBUG io.netty.util.Recycler - -Dio.netty.recycler.batchFastThreadLocalOnly: true
18:07:49.820 [main] DEBUG io.netty.util.internal.PlatformDependent - org.jctools-core.MpscChunkedArrayQueue: available
18:07:49.821 [main] DEBUG io.netty.buffer.ByteBufUtil - -Dio.netty.allocator.type: pooled
18:07:49.821 [main] DEBUG io.netty.buffer.ByteBufUtil - -Dio.netty.threadLocalDirectBufferSize: 0
18:07:49.821 [main] DEBUG io.netty.buffer.ByteBufUtil - -Dio.netty.maxThreadLocalCharBufferSize: 16384
]]></system-out>
  </testcase>
  <testcase name="test13" classname="io.netty.handler.codec.compression.ByteBufChecksum_ESTest" time="0.01">
    <system-out><![CDATA[18:07:49.827 [main] INFO org.evosuite.runtime.thread.ThreadStopper - Found new thread
18:07:49.828 [main] DEBUG io.netty.util.internal.logging.InternalLoggerFactory - Using SLF4J as the default logging framework
18:07:49.828 [main] DEBUG io.netty.util.internal.PlatformDependent0 - -Dio.netty.noUnsafe: false
18:07:49.828 [main] DEBUG io.netty.util.internal.PlatformDependent0 - Java version: 8
18:07:49.828 [main] DEBUG io.netty.util.internal.PlatformDependent0 - sun.misc.Unsafe.theUnsafe: available
18:07:49.828 [main] DEBUG io.netty.util.internal.PlatformDependent0 - sun.misc.Unsafe.copyMemory: available
18:07:49.828 [main] DEBUG io.netty.util.internal.PlatformDependent0 - sun.misc.Unsafe.storeFence: available
18:07:49.828 [main] DEBUG io.netty.util.internal.PlatformDependent0 - java.nio.Buffer.address: available
18:07:49.829 [main] DEBUG io.netty.util.internal.PlatformDependent0 - direct buffer constructor: available
18:07:49.829 [main] DEBUG io.netty.util.internal.PlatformDependent0 - java.nio.Bits.unaligned: available, true
18:07:49.829 [main] DEBUG io.netty.util.internal.PlatformDependent0 - jdk.internal.misc.Unsafe.allocateUninitializedArray(int): unavailable prior to Java9
18:07:49.829 [main] DEBUG io.netty.util.internal.PlatformDependent0 - java.nio.DirectByteBuffer.<init>(long, {int,long}): available
18:07:49.829 [main] DEBUG io.netty.util.internal.CleanerJava6 - java.nio.ByteBuffer.cleaner(): available
18:07:49.829 [main] DEBUG io.netty.util.internal.PlatformDependent - sun.misc.Unsafe: available
18:07:49.829 [main] DEBUG io.netty.util.internal.PlatformDependent - -Dio.netty.tmpdir: /tmp (java.io.tmpdir)
18:07:49.829 [main] DEBUG io.netty.util.internal.PlatformDependent - -Dio.netty.bitMode: 64 (sun.arch.data.model)
18:07:49.830 [main] DEBUG io.netty.util.internal.PlatformDependent - -Dio.netty.maxDirectMemory: 11420041216 bytes
18:07:49.830 [main] DEBUG io.netty.util.internal.PlatformDependent - -Dio.netty.uninitializedArrayAllocationThreshold: -1
18:07:49.830 [main] DEBUG io.netty.util.internal.PlatformDependent - -Dio.netty.noPreferDirect: false
18:07:49.830 [main] DEBUG io.netty.util.internal.CleanerJava9 - java.nio.ByteBuffer.cleaner(): unavailable
java.lang.NoSuchMethodException: sun.misc.Unsafe.invokeCleaner(java.nio.ByteBuffer)
	at java.lang.Class.getDeclaredMethod(Class.java:2130)
	at io.netty.util.internal.CleanerJava9$1.run(CleanerJava9.java:45)
	at java.security.AccessController.doPrivileged(Native Method)
	at io.netty.util.internal.CleanerJava9.__STATIC_RESET(CleanerJava9.java:40)
	at sun.reflect.NativeMethodAccessorImpl.invoke0(Native Method)
	at sun.reflect.NativeMethodAccessorImpl.invoke(NativeMethodAccessorImpl.java:62)
	at sun.reflect.DelegatingMethodAccessorImpl.invoke(DelegatingMethodAccessorImpl.java:43)
	at java.lang.reflect.Method.invoke(Method.java:498)
	at org.evosuite.runtime.classhandling.ClassResetter.reset(ClassResetter.java:159)
	at org.evosuite.runtime.classhandling.ClassStateSupport.resetClasses(ClassStateSupport.java:137)
	at io.netty.handler.codec.compression.ByteBufChecksum_ESTest_scaffolding.resetClasses(ByteBufChecksum_ESTest_scaffolding.java:278)
	at io.netty.handler.codec.compression.ByteBufChecksum_ESTest_scaffolding.doneWithTestCase(ByteBufChecksum_ESTest_scaffolding.java:66)
	at sun.reflect.NativeMethodAccessorImpl.invoke0(Native Method)
	at sun.reflect.NativeMethodAccessorImpl.invoke(NativeMethodAccessorImpl.java:62)
	at sun.reflect.DelegatingMethodAccessorImpl.invoke(DelegatingMethodAccessorImpl.java:43)
	at java.lang.reflect.Method.invoke(Method.java:498)
	at org.junit.runners.model.FrameworkMethod$1.runReflectiveCall(FrameworkMethod.java:59)
	at org.junit.internal.runners.model.ReflectiveCallable.run(ReflectiveCallable.java:12)
	at org.junit.runners.model.FrameworkMethod.invokeExplosively(FrameworkMethod.java:56)
	at org.junit.internal.runners.statements.RunAfters.invokeMethod(RunAfters.java:46)
	at org.junit.internal.runners.statements.RunAfters.evaluate(RunAfters.java:33)
	at org.evosuite.runtime.vnet.NonFunctionalRequirementRule$1.evaluate(NonFunctionalRequirementRule.java:41)
	at org.junit.runners.ParentRunner$3.evaluate(ParentRunner.java:306)
	at org.junit.runners.BlockJUnit4ClassRunner$1.evaluate(BlockJUnit4ClassRunner.java:100)
	at org.junit.runners.ParentRunner.runLeaf(ParentRunner.java:366)
	at org.junit.runners.BlockJUnit4ClassRunner.runChild(BlockJUnit4ClassRunner.java:103)
	at org.junit.runners.BlockJUnit4ClassRunner.runChild(BlockJUnit4ClassRunner.java:63)
	at org.junit.runners.ParentRunner$4.run(ParentRunner.java:331)
	at org.junit.runners.ParentRunner$1.schedule(ParentRunner.java:79)
	at org.junit.runners.ParentRunner.runChildren(ParentRunner.java:329)
	at org.junit.runners.ParentRunner.access$100(ParentRunner.java:66)
	at org.junit.runners.ParentRunner$2.evaluate(ParentRunner.java:293)
	at org.junit.internal.runners.statements.RunBefores.evaluate(RunBefores.java:26)
	at org.junit.internal.runners.statements.RunAfters.evaluate(RunAfters.java:27)
	at org.junit.runners.ParentRunner$3.evaluate(ParentRunner.java:306)
	at org.junit.runners.ParentRunner.run(ParentRunner.java:413)
	at org.apache.maven.surefire.junit4.JUnit4Provider.execute(JUnit4Provider.java:316)
	at org.apache.maven.surefire.junit4.JUnit4Provider.executeWithRerun(JUnit4Provider.java:240)
	at org.apache.maven.surefire.junit4.JUnit4Provider.executeTestSet(JUnit4Provider.java:214)
	at org.apache.maven.surefire.junit4.JUnit4Provider.invoke(JUnit4Provider.java:155)
	at org.apache.maven.surefire.booter.ForkedBooter.runSuitesInProcess(ForkedBooter.java:385)
	at org.apache.maven.surefire.booter.ForkedBooter.execute(ForkedBooter.java:162)
	at org.apache.maven.surefire.booter.ForkedBooter.run(ForkedBooter.java:507)
	at org.apache.maven.surefire.booter.ForkedBooter.main(ForkedBooter.java:495)
18:07:49.832 [main] DEBUG io.netty.util.ResourceLeakDetector - -Dio.netty.leakDetection.level: simple
18:07:49.832 [main] DEBUG io.netty.util.ResourceLeakDetector - -Dio.netty.leakDetection.targetRecords: 4
18:07:49.833 [main] DEBUG io.netty.util.internal.InternalThreadLocalMap - -Dio.netty.threadLocalMap.stringBuilder.initialSize: 1024
18:07:49.833 [main] DEBUG io.netty.util.internal.InternalThreadLocalMap - -Dio.netty.threadLocalMap.stringBuilder.maxSize: 4096
18:07:49.833 [main] DEBUG io.netty.buffer.PooledByteBufAllocator - -Dio.netty.allocator.numHeapArenas: 0
18:07:49.833 [main] DEBUG io.netty.buffer.PooledByteBufAllocator - -Dio.netty.allocator.numDirectArenas: 2
18:07:49.833 [main] DEBUG io.netty.buffer.PooledByteBufAllocator - -Dio.netty.allocator.pageSize: 8192
18:07:49.833 [main] DEBUG io.netty.buffer.PooledByteBufAllocator - -Dio.netty.allocator.maxOrder: 9
18:07:49.833 [main] DEBUG io.netty.buffer.PooledByteBufAllocator - -Dio.netty.allocator.chunkSize: 4194304
18:07:49.833 [main] DEBUG io.netty.buffer.PooledByteBufAllocator - -Dio.netty.allocator.smallCacheSize: 256
18:07:49.833 [main] DEBUG io.netty.buffer.PooledByteBufAllocator - -Dio.netty.allocator.normalCacheSize: 64
18:07:49.833 [main] DEBUG io.netty.buffer.PooledByteBufAllocator - -Dio.netty.allocator.maxCachedBufferCapacity: 32768
18:07:49.833 [main] DEBUG io.netty.buffer.PooledByteBufAllocator - -Dio.netty.allocator.cacheTrimInterval: 8192
18:07:49.833 [main] DEBUG io.netty.buffer.PooledByteBufAllocator - -Dio.netty.allocator.cacheTrimIntervalMillis: 0
18:07:49.833 [main] DEBUG io.netty.buffer.PooledByteBufAllocator - -Dio.netty.allocator.useCacheForAllThreads: false
18:07:49.833 [main] DEBUG io.netty.buffer.PooledByteBufAllocator - -Dio.netty.allocator.maxCachedByteBuffersPerChunk: 1023
18:07:49.834 [main] DEBUG io.netty.buffer.AbstractByteBuf - -Dio.netty.buffer.checkAccessible: true
18:07:49.834 [main] DEBUG io.netty.buffer.AbstractByteBuf - -Dio.netty.buffer.checkBounds: true
18:07:49.834 [main] DEBUG io.netty.util.ResourceLeakDetectorFactory - Loaded default ResourceLeakDetector: io.netty.util.ResourceLeakDetector@5
18:07:49.835 [main] DEBUG io.netty.util.Recycler - -Dio.netty.recycler.maxCapacityPerThread: 4096
18:07:49.835 [main] DEBUG io.netty.util.Recycler - -Dio.netty.recycler.ratio: 8
18:07:49.835 [main] DEBUG io.netty.util.Recycler - -Dio.netty.recycler.chunkSize: 32
18:07:49.835 [main] DEBUG io.netty.util.Recycler - -Dio.netty.recycler.blocking: false
18:07:49.835 [main] DEBUG io.netty.util.Recycler - -Dio.netty.recycler.batchFastThreadLocalOnly: true
18:07:49.836 [main] DEBUG io.netty.util.internal.PlatformDependent - org.jctools-core.MpscChunkedArrayQueue: available
18:07:49.837 [main] DEBUG io.netty.buffer.ByteBufUtil - -Dio.netty.allocator.type: pooled
18:07:49.837 [main] DEBUG io.netty.buffer.ByteBufUtil - -Dio.netty.threadLocalDirectBufferSize: 0
18:07:49.837 [main] DEBUG io.netty.buffer.ByteBufUtil - -Dio.netty.maxThreadLocalCharBufferSize: 16384
]]></system-out>
  </testcase>
  <testcase name="test05" classname="io.netty.handler.codec.compression.ByteBufChecksum_ESTest" time="0.024">
    <system-out><![CDATA[18:07:49.842 [main] DEBUG io.netty.util.internal.logging.InternalLoggerFactory - Using SLF4J as the default logging framework
18:07:49.842 [main] DEBUG io.netty.util.internal.PlatformDependent0 - -Dio.netty.noUnsafe: false
18:07:49.843 [main] DEBUG io.netty.util.internal.PlatformDependent0 - Java version: 8
18:07:49.843 [main] DEBUG io.netty.util.internal.PlatformDependent0 - sun.misc.Unsafe.theUnsafe: available
18:07:49.843 [main] DEBUG io.netty.util.internal.PlatformDependent0 - sun.misc.Unsafe.copyMemory: available
18:07:49.843 [main] DEBUG io.netty.util.internal.PlatformDependent0 - sun.misc.Unsafe.storeFence: available
18:07:49.843 [main] DEBUG io.netty.util.internal.PlatformDependent0 - java.nio.Buffer.address: available
18:07:49.843 [main] DEBUG io.netty.util.internal.PlatformDependent0 - direct buffer constructor: available
18:07:49.843 [main] DEBUG io.netty.util.internal.PlatformDependent0 - java.nio.Bits.unaligned: available, true
18:07:49.843 [main] DEBUG io.netty.util.internal.PlatformDependent0 - jdk.internal.misc.Unsafe.allocateUninitializedArray(int): unavailable prior to Java9
18:07:49.843 [main] DEBUG io.netty.util.internal.PlatformDependent0 - java.nio.DirectByteBuffer.<init>(long, {int,long}): available
18:07:49.843 [main] DEBUG io.netty.util.internal.CleanerJava6 - java.nio.ByteBuffer.cleaner(): available
18:07:49.843 [main] DEBUG io.netty.util.internal.PlatformDependent - sun.misc.Unsafe: available
18:07:49.843 [main] DEBUG io.netty.util.internal.PlatformDependent - -Dio.netty.tmpdir: /tmp (java.io.tmpdir)
18:07:49.843 [main] DEBUG io.netty.util.internal.PlatformDependent - -Dio.netty.bitMode: 64 (sun.arch.data.model)
18:07:49.843 [main] DEBUG io.netty.util.internal.PlatformDependent - -Dio.netty.maxDirectMemory: 11420041216 bytes
18:07:49.843 [main] DEBUG io.netty.util.internal.PlatformDependent - -Dio.netty.uninitializedArrayAllocationThreshold: -1
18:07:49.843 [main] DEBUG io.netty.util.internal.PlatformDependent - -Dio.netty.noPreferDirect: false
18:07:49.844 [main] DEBUG io.netty.util.internal.CleanerJava9 - java.nio.ByteBuffer.cleaner(): unavailable
java.lang.NoSuchMethodException: sun.misc.Unsafe.invokeCleaner(java.nio.ByteBuffer)
	at java.lang.Class.getDeclaredMethod(Class.java:2130)
	at io.netty.util.internal.CleanerJava9$1.run(CleanerJava9.java:45)
	at java.security.AccessController.doPrivileged(Native Method)
	at io.netty.util.internal.CleanerJava9.__STATIC_RESET(CleanerJava9.java:40)
	at sun.reflect.NativeMethodAccessorImpl.invoke0(Native Method)
	at sun.reflect.NativeMethodAccessorImpl.invoke(NativeMethodAccessorImpl.java:62)
	at sun.reflect.DelegatingMethodAccessorImpl.invoke(DelegatingMethodAccessorImpl.java:43)
	at java.lang.reflect.Method.invoke(Method.java:498)
	at org.evosuite.runtime.classhandling.ClassResetter.reset(ClassResetter.java:159)
	at org.evosuite.runtime.classhandling.ClassStateSupport.resetClasses(ClassStateSupport.java:137)
	at io.netty.handler.codec.compression.ByteBufChecksum_ESTest_scaffolding.resetClasses(ByteBufChecksum_ESTest_scaffolding.java:278)
	at io.netty.handler.codec.compression.ByteBufChecksum_ESTest_scaffolding.doneWithTestCase(ByteBufChecksum_ESTest_scaffolding.java:66)
	at sun.reflect.NativeMethodAccessorImpl.invoke0(Native Method)
	at sun.reflect.NativeMethodAccessorImpl.invoke(NativeMethodAccessorImpl.java:62)
	at sun.reflect.DelegatingMethodAccessorImpl.invoke(DelegatingMethodAccessorImpl.java:43)
	at java.lang.reflect.Method.invoke(Method.java:498)
	at org.junit.runners.model.FrameworkMethod$1.runReflectiveCall(FrameworkMethod.java:59)
	at org.junit.internal.runners.model.ReflectiveCallable.run(ReflectiveCallable.java:12)
	at org.junit.runners.model.FrameworkMethod.invokeExplosively(FrameworkMethod.java:56)
	at org.junit.internal.runners.statements.RunAfters.invokeMethod(RunAfters.java:46)
	at org.junit.internal.runners.statements.RunAfters.evaluate(RunAfters.java:33)
	at org.evosuite.runtime.vnet.NonFunctionalRequirementRule$1.evaluate(NonFunctionalRequirementRule.java:41)
	at org.junit.runners.ParentRunner$3.evaluate(ParentRunner.java:306)
	at org.junit.runners.BlockJUnit4ClassRunner$1.evaluate(BlockJUnit4ClassRunner.java:100)
	at org.junit.runners.ParentRunner.runLeaf(ParentRunner.java:366)
	at org.junit.runners.BlockJUnit4ClassRunner.runChild(BlockJUnit4ClassRunner.java:103)
	at org.junit.runners.BlockJUnit4ClassRunner.runChild(BlockJUnit4ClassRunner.java:63)
	at org.junit.runners.ParentRunner$4.run(ParentRunner.java:331)
	at org.junit.runners.ParentRunner$1.schedule(ParentRunner.java:79)
	at org.junit.runners.ParentRunner.runChildren(ParentRunner.java:329)
	at org.junit.runners.ParentRunner.access$100(ParentRunner.java:66)
	at org.junit.runners.ParentRunner$2.evaluate(ParentRunner.java:293)
	at org.junit.internal.runners.statements.RunBefores.evaluate(RunBefores.java:26)
	at org.junit.internal.runners.statements.RunAfters.evaluate(RunAfters.java:27)
	at org.junit.runners.ParentRunner$3.evaluate(ParentRunner.java:306)
	at org.junit.runners.ParentRunner.run(ParentRunner.java:413)
	at org.apache.maven.surefire.junit4.JUnit4Provider.execute(JUnit4Provider.java:316)
	at org.apache.maven.surefire.junit4.JUnit4Provider.executeWithRerun(JUnit4Provider.java:240)
	at org.apache.maven.surefire.junit4.JUnit4Provider.executeTestSet(JUnit4Provider.java:214)
	at org.apache.maven.surefire.junit4.JUnit4Provider.invoke(JUnit4Provider.java:155)
	at org.apache.maven.surefire.booter.ForkedBooter.runSuitesInProcess(ForkedBooter.java:385)
	at org.apache.maven.surefire.booter.ForkedBooter.execute(ForkedBooter.java:162)
	at org.apache.maven.surefire.booter.ForkedBooter.run(ForkedBooter.java:507)
	at org.apache.maven.surefire.booter.ForkedBooter.main(ForkedBooter.java:495)
18:07:49.845 [main] DEBUG io.netty.util.ResourceLeakDetector - -Dio.netty.leakDetection.level: simple
18:07:49.845 [main] DEBUG io.netty.util.ResourceLeakDetector - -Dio.netty.leakDetection.targetRecords: 4
18:07:49.845 [main] DEBUG io.netty.util.internal.InternalThreadLocalMap - -Dio.netty.threadLocalMap.stringBuilder.initialSize: 1024
18:07:49.845 [main] DEBUG io.netty.util.internal.InternalThreadLocalMap - -Dio.netty.threadLocalMap.stringBuilder.maxSize: 4096
18:07:49.845 [main] DEBUG io.netty.buffer.PooledByteBufAllocator - -Dio.netty.allocator.numHeapArenas: 0
18:07:49.845 [main] DEBUG io.netty.buffer.PooledByteBufAllocator - -Dio.netty.allocator.numDirectArenas: 2
18:07:49.845 [main] DEBUG io.netty.buffer.PooledByteBufAllocator - -Dio.netty.allocator.pageSize: 8192
18:07:49.845 [main] DEBUG io.netty.buffer.PooledByteBufAllocator - -Dio.netty.allocator.maxOrder: 9
18:07:49.845 [main] DEBUG io.netty.buffer.PooledByteBufAllocator - -Dio.netty.allocator.chunkSize: 4194304
18:07:49.845 [main] DEBUG io.netty.buffer.PooledByteBufAllocator - -Dio.netty.allocator.smallCacheSize: 256
18:07:49.845 [main] DEBUG io.netty.buffer.PooledByteBufAllocator - -Dio.netty.allocator.normalCacheSize: 64
18:07:49.845 [main] DEBUG io.netty.buffer.PooledByteBufAllocator - -Dio.netty.allocator.maxCachedBufferCapacity: 32768
18:07:49.845 [main] DEBUG io.netty.buffer.PooledByteBufAllocator - -Dio.netty.allocator.cacheTrimInterval: 8192
18:07:49.845 [main] DEBUG io.netty.buffer.PooledByteBufAllocator - -Dio.netty.allocator.cacheTrimIntervalMillis: 0
18:07:49.846 [main] DEBUG io.netty.buffer.PooledByteBufAllocator - -Dio.netty.allocator.useCacheForAllThreads: false
18:07:49.846 [main] DEBUG io.netty.buffer.PooledByteBufAllocator - -Dio.netty.allocator.maxCachedByteBuffersPerChunk: 1023
18:07:49.846 [main] DEBUG io.netty.buffer.AbstractByteBuf - -Dio.netty.buffer.checkAccessible: true
18:07:49.846 [main] DEBUG io.netty.buffer.AbstractByteBuf - -Dio.netty.buffer.checkBounds: true
18:07:49.846 [main] DEBUG io.netty.util.ResourceLeakDetectorFactory - Loaded default ResourceLeakDetector: io.netty.util.ResourceLeakDetector@5
18:07:49.846 [main] DEBUG io.netty.util.Recycler - -Dio.netty.recycler.maxCapacityPerThread: 4096
18:07:49.846 [main] DEBUG io.netty.util.Recycler - -Dio.netty.recycler.ratio: 8
18:07:49.846 [main] DEBUG io.netty.util.Recycler - -Dio.netty.recycler.chunkSize: 32
18:07:49.846 [main] DEBUG io.netty.util.Recycler - -Dio.netty.recycler.blocking: false
18:07:49.846 [main] DEBUG io.netty.util.Recycler - -Dio.netty.recycler.batchFastThreadLocalOnly: true
18:07:49.846 [main] DEBUG io.netty.util.internal.PlatformDependent - org.jctools-core.MpscChunkedArrayQueue: available
18:07:49.847 [main] DEBUG io.netty.buffer.ByteBufUtil - -Dio.netty.allocator.type: pooled
18:07:49.847 [main] DEBUG io.netty.buffer.ByteBufUtil - -Dio.netty.threadLocalDirectBufferSize: 0
18:07:49.847 [main] DEBUG io.netty.buffer.ByteBufUtil - -Dio.netty.maxThreadLocalCharBufferSize: 16384
]]></system-out>
  </testcase>
  <testcase name="test16" classname="io.netty.handler.codec.compression.ByteBufChecksum_ESTest" time="0.021">
    <system-out><![CDATA[18:07:49.853 [main] INFO org.evosuite.runtime.thread.ThreadStopper - Found new thread
18:07:49.854 [main] DEBUG io.netty.util.internal.logging.InternalLoggerFactory - Using SLF4J as the default logging framework
18:07:49.854 [main] DEBUG io.netty.util.internal.PlatformDependent0 - -Dio.netty.noUnsafe: false
18:07:49.854 [main] DEBUG io.netty.util.internal.PlatformDependent0 - Java version: 8
18:07:49.854 [main] DEBUG io.netty.util.internal.PlatformDependent0 - sun.misc.Unsafe.theUnsafe: available
18:07:49.854 [main] DEBUG io.netty.util.internal.PlatformDependent0 - sun.misc.Unsafe.copyMemory: available
18:07:49.854 [main] DEBUG io.netty.util.internal.PlatformDependent0 - sun.misc.Unsafe.storeFence: available
18:07:49.854 [main] DEBUG io.netty.util.internal.PlatformDependent0 - java.nio.Buffer.address: available
18:07:49.854 [main] DEBUG io.netty.util.internal.PlatformDependent0 - direct buffer constructor: available
18:07:49.854 [main] DEBUG io.netty.util.internal.PlatformDependent0 - java.nio.Bits.unaligned: available, true
18:07:49.854 [main] DEBUG io.netty.util.internal.PlatformDependent0 - jdk.internal.misc.Unsafe.allocateUninitializedArray(int): unavailable prior to Java9
18:07:49.854 [main] DEBUG io.netty.util.internal.PlatformDependent0 - java.nio.DirectByteBuffer.<init>(long, {int,long}): available
18:07:49.854 [main] DEBUG io.netty.util.internal.CleanerJava6 - java.nio.ByteBuffer.cleaner(): available
18:07:49.854 [main] DEBUG io.netty.util.internal.PlatformDependent - sun.misc.Unsafe: available
18:07:49.855 [main] DEBUG io.netty.util.internal.PlatformDependent - -Dio.netty.tmpdir: /tmp (java.io.tmpdir)
18:07:49.855 [main] DEBUG io.netty.util.internal.PlatformDependent - -Dio.netty.bitMode: 64 (sun.arch.data.model)
18:07:49.855 [main] DEBUG io.netty.util.internal.PlatformDependent - -Dio.netty.maxDirectMemory: 11420041216 bytes
18:07:49.855 [main] DEBUG io.netty.util.internal.PlatformDependent - -Dio.netty.uninitializedArrayAllocationThreshold: -1
18:07:49.855 [main] DEBUG io.netty.util.internal.PlatformDependent - -Dio.netty.noPreferDirect: false
18:07:49.856 [main] DEBUG io.netty.util.internal.CleanerJava9 - java.nio.ByteBuffer.cleaner(): unavailable
java.lang.NoSuchMethodException: sun.misc.Unsafe.invokeCleaner(java.nio.ByteBuffer)
	at java.lang.Class.getDeclaredMethod(Class.java:2130)
	at io.netty.util.internal.CleanerJava9$1.run(CleanerJava9.java:45)
	at java.security.AccessController.doPrivileged(Native Method)
	at io.netty.util.internal.CleanerJava9.__STATIC_RESET(CleanerJava9.java:40)
	at sun.reflect.NativeMethodAccessorImpl.invoke0(Native Method)
	at sun.reflect.NativeMethodAccessorImpl.invoke(NativeMethodAccessorImpl.java:62)
	at sun.reflect.DelegatingMethodAccessorImpl.invoke(DelegatingMethodAccessorImpl.java:43)
	at java.lang.reflect.Method.invoke(Method.java:498)
	at org.evosuite.runtime.classhandling.ClassResetter.reset(ClassResetter.java:159)
	at org.evosuite.runtime.classhandling.ClassStateSupport.resetClasses(ClassStateSupport.java:137)
	at io.netty.handler.codec.compression.ByteBufChecksum_ESTest_scaffolding.resetClasses(ByteBufChecksum_ESTest_scaffolding.java:278)
	at io.netty.handler.codec.compression.ByteBufChecksum_ESTest_scaffolding.doneWithTestCase(ByteBufChecksum_ESTest_scaffolding.java:66)
	at sun.reflect.NativeMethodAccessorImpl.invoke0(Native Method)
	at sun.reflect.NativeMethodAccessorImpl.invoke(NativeMethodAccessorImpl.java:62)
	at sun.reflect.DelegatingMethodAccessorImpl.invoke(DelegatingMethodAccessorImpl.java:43)
	at java.lang.reflect.Method.invoke(Method.java:498)
	at org.junit.runners.model.FrameworkMethod$1.runReflectiveCall(FrameworkMethod.java:59)
	at org.junit.internal.runners.model.ReflectiveCallable.run(ReflectiveCallable.java:12)
	at org.junit.runners.model.FrameworkMethod.invokeExplosively(FrameworkMethod.java:56)
	at org.junit.internal.runners.statements.RunAfters.invokeMethod(RunAfters.java:46)
	at org.junit.internal.runners.statements.RunAfters.evaluate(RunAfters.java:33)
	at org.evosuite.runtime.vnet.NonFunctionalRequirementRule$1.evaluate(NonFunctionalRequirementRule.java:41)
	at org.junit.runners.ParentRunner$3.evaluate(ParentRunner.java:306)
	at org.junit.runners.BlockJUnit4ClassRunner$1.evaluate(BlockJUnit4ClassRunner.java:100)
	at org.junit.runners.ParentRunner.runLeaf(ParentRunner.java:366)
	at org.junit.runners.BlockJUnit4ClassRunner.runChild(BlockJUnit4ClassRunner.java:103)
	at org.junit.runners.BlockJUnit4ClassRunner.runChild(BlockJUnit4ClassRunner.java:63)
	at org.junit.runners.ParentRunner$4.run(ParentRunner.java:331)
	at org.junit.runners.ParentRunner$1.schedule(ParentRunner.java:79)
	at org.junit.runners.ParentRunner.runChildren(ParentRunner.java:329)
	at org.junit.runners.ParentRunner.access$100(ParentRunner.java:66)
	at org.junit.runners.ParentRunner$2.evaluate(ParentRunner.java:293)
	at org.junit.internal.runners.statements.RunBefores.evaluate(RunBefores.java:26)
	at org.junit.internal.runners.statements.RunAfters.evaluate(RunAfters.java:27)
	at org.junit.runners.ParentRunner$3.evaluate(ParentRunner.java:306)
	at org.junit.runners.ParentRunner.run(ParentRunner.java:413)
	at org.apache.maven.surefire.junit4.JUnit4Provider.execute(JUnit4Provider.java:316)
	at org.apache.maven.surefire.junit4.JUnit4Provider.executeWithRerun(JUnit4Provider.java:240)
	at org.apache.maven.surefire.junit4.JUnit4Provider.executeTestSet(JUnit4Provider.java:214)
	at org.apache.maven.surefire.junit4.JUnit4Provider.invoke(JUnit4Provider.java:155)
	at org.apache.maven.surefire.booter.ForkedBooter.runSuitesInProcess(ForkedBooter.java:385)
	at org.apache.maven.surefire.booter.ForkedBooter.execute(ForkedBooter.java:162)
	at org.apache.maven.surefire.booter.ForkedBooter.run(ForkedBooter.java:507)
	at org.apache.maven.surefire.booter.ForkedBooter.main(ForkedBooter.java:495)
18:07:49.856 [main] DEBUG io.netty.util.ResourceLeakDetector - -Dio.netty.leakDetection.level: simple
18:07:49.856 [main] DEBUG io.netty.util.ResourceLeakDetector - -Dio.netty.leakDetection.targetRecords: 4
18:07:49.856 [main] DEBUG io.netty.util.internal.InternalThreadLocalMap - -Dio.netty.threadLocalMap.stringBuilder.initialSize: 1024
18:07:49.856 [main] DEBUG io.netty.util.internal.InternalThreadLocalMap - -Dio.netty.threadLocalMap.stringBuilder.maxSize: 4096
18:07:49.857 [main] DEBUG io.netty.buffer.PooledByteBufAllocator - -Dio.netty.allocator.numHeapArenas: 0
18:07:49.857 [main] DEBUG io.netty.buffer.PooledByteBufAllocator - -Dio.netty.allocator.numDirectArenas: 2
18:07:49.857 [main] DEBUG io.netty.buffer.PooledByteBufAllocator - -Dio.netty.allocator.pageSize: 8192
18:07:49.857 [main] DEBUG io.netty.buffer.PooledByteBufAllocator - -Dio.netty.allocator.maxOrder: 9
18:07:49.857 [main] DEBUG io.netty.buffer.PooledByteBufAllocator - -Dio.netty.allocator.chunkSize: 4194304
18:07:49.857 [main] DEBUG io.netty.buffer.PooledByteBufAllocator - -Dio.netty.allocator.smallCacheSize: 256
18:07:49.857 [main] DEBUG io.netty.buffer.PooledByteBufAllocator - -Dio.netty.allocator.normalCacheSize: 64
18:07:49.857 [main] DEBUG io.netty.buffer.PooledByteBufAllocator - -Dio.netty.allocator.maxCachedBufferCapacity: 32768
18:07:49.857 [main] DEBUG io.netty.buffer.PooledByteBufAllocator - -Dio.netty.allocator.cacheTrimInterval: 8192
18:07:49.857 [main] DEBUG io.netty.buffer.PooledByteBufAllocator - -Dio.netty.allocator.cacheTrimIntervalMillis: 0
18:07:49.857 [main] DEBUG io.netty.buffer.PooledByteBufAllocator - -Dio.netty.allocator.useCacheForAllThreads: false
18:07:49.857 [main] DEBUG io.netty.buffer.PooledByteBufAllocator - -Dio.netty.allocator.maxCachedByteBuffersPerChunk: 1023
18:07:49.857 [main] DEBUG io.netty.buffer.AbstractByteBuf - -Dio.netty.buffer.checkAccessible: true
18:07:49.857 [main] DEBUG io.netty.buffer.AbstractByteBuf - -Dio.netty.buffer.checkBounds: true
18:07:49.857 [main] DEBUG io.netty.util.ResourceLeakDetectorFactory - Loaded default ResourceLeakDetector: io.netty.util.ResourceLeakDetector@5
18:07:49.857 [main] DEBUG io.netty.util.Recycler - -Dio.netty.recycler.maxCapacityPerThread: 4096
18:07:49.857 [main] DEBUG io.netty.util.Recycler - -Dio.netty.recycler.ratio: 8
18:07:49.857 [main] DEBUG io.netty.util.Recycler - -Dio.netty.recycler.chunkSize: 32
18:07:49.857 [main] DEBUG io.netty.util.Recycler - -Dio.netty.recycler.blocking: false
18:07:49.857 [main] DEBUG io.netty.util.Recycler - -Dio.netty.recycler.batchFastThreadLocalOnly: true
18:07:49.857 [main] DEBUG io.netty.util.internal.PlatformDependent - org.jctools-core.MpscChunkedArrayQueue: available
18:07:49.858 [main] DEBUG io.netty.buffer.ByteBufUtil - -Dio.netty.allocator.type: pooled
18:07:49.858 [main] DEBUG io.netty.buffer.ByteBufUtil - -Dio.netty.threadLocalDirectBufferSize: 0
18:07:49.858 [main] DEBUG io.netty.buffer.ByteBufUtil - -Dio.netty.maxThreadLocalCharBufferSize: 16384
]]></system-out>
  </testcase>
  <testcase name="test04" classname="io.netty.handler.codec.compression.ByteBufChecksum_ESTest" time="0.011">
    <system-out><![CDATA[18:07:49.866 [main] DEBUG io.netty.util.internal.logging.InternalLoggerFactory - Using SLF4J as the default logging framework
18:07:49.866 [main] DEBUG io.netty.util.internal.PlatformDependent0 - -Dio.netty.noUnsafe: false
18:07:49.866 [main] DEBUG io.netty.util.internal.PlatformDependent0 - Java version: 8
18:07:49.866 [main] DEBUG io.netty.util.internal.PlatformDependent0 - sun.misc.Unsafe.theUnsafe: available
18:07:49.866 [main] DEBUG io.netty.util.internal.PlatformDependent0 - sun.misc.Unsafe.copyMemory: available
18:07:49.866 [main] DEBUG io.netty.util.internal.PlatformDependent0 - sun.misc.Unsafe.storeFence: available
18:07:49.866 [main] DEBUG io.netty.util.internal.PlatformDependent0 - java.nio.Buffer.address: available
18:07:49.866 [main] DEBUG io.netty.util.internal.PlatformDependent0 - direct buffer constructor: available
18:07:49.867 [main] DEBUG io.netty.util.internal.PlatformDependent0 - java.nio.Bits.unaligned: available, true
18:07:49.867 [main] DEBUG io.netty.util.internal.PlatformDependent0 - jdk.internal.misc.Unsafe.allocateUninitializedArray(int): unavailable prior to Java9
18:07:49.867 [main] DEBUG io.netty.util.internal.PlatformDependent0 - java.nio.DirectByteBuffer.<init>(long, {int,long}): available
18:07:49.868 [main] DEBUG io.netty.util.internal.CleanerJava6 - java.nio.ByteBuffer.cleaner(): available
18:07:49.868 [main] DEBUG io.netty.util.internal.PlatformDependent - sun.misc.Unsafe: available
18:07:49.869 [main] DEBUG io.netty.util.internal.PlatformDependent - -Dio.netty.tmpdir: /tmp (java.io.tmpdir)
18:07:49.869 [main] DEBUG io.netty.util.internal.PlatformDependent - -Dio.netty.bitMode: 64 (sun.arch.data.model)
18:07:49.869 [main] DEBUG io.netty.util.internal.PlatformDependent - -Dio.netty.maxDirectMemory: 11420041216 bytes
18:07:49.869 [main] DEBUG io.netty.util.internal.PlatformDependent - -Dio.netty.uninitializedArrayAllocationThreshold: -1
18:07:49.869 [main] DEBUG io.netty.util.internal.PlatformDependent - -Dio.netty.noPreferDirect: false
18:07:49.870 [main] DEBUG io.netty.util.internal.CleanerJava9 - java.nio.ByteBuffer.cleaner(): unavailable
java.lang.NoSuchMethodException: sun.misc.Unsafe.invokeCleaner(java.nio.ByteBuffer)
	at java.lang.Class.getDeclaredMethod(Class.java:2130)
	at io.netty.util.internal.CleanerJava9$1.run(CleanerJava9.java:45)
	at java.security.AccessController.doPrivileged(Native Method)
	at io.netty.util.internal.CleanerJava9.__STATIC_RESET(CleanerJava9.java:40)
	at sun.reflect.NativeMethodAccessorImpl.invoke0(Native Method)
	at sun.reflect.NativeMethodAccessorImpl.invoke(NativeMethodAccessorImpl.java:62)
	at sun.reflect.DelegatingMethodAccessorImpl.invoke(DelegatingMethodAccessorImpl.java:43)
	at java.lang.reflect.Method.invoke(Method.java:498)
	at org.evosuite.runtime.classhandling.ClassResetter.reset(ClassResetter.java:159)
	at org.evosuite.runtime.classhandling.ClassStateSupport.resetClasses(ClassStateSupport.java:137)
	at io.netty.handler.codec.compression.ByteBufChecksum_ESTest_scaffolding.resetClasses(ByteBufChecksum_ESTest_scaffolding.java:278)
	at io.netty.handler.codec.compression.ByteBufChecksum_ESTest_scaffolding.doneWithTestCase(ByteBufChecksum_ESTest_scaffolding.java:66)
	at sun.reflect.NativeMethodAccessorImpl.invoke0(Native Method)
	at sun.reflect.NativeMethodAccessorImpl.invoke(NativeMethodAccessorImpl.java:62)
	at sun.reflect.DelegatingMethodAccessorImpl.invoke(DelegatingMethodAccessorImpl.java:43)
	at java.lang.reflect.Method.invoke(Method.java:498)
	at org.junit.runners.model.FrameworkMethod$1.runReflectiveCall(FrameworkMethod.java:59)
	at org.junit.internal.runners.model.ReflectiveCallable.run(ReflectiveCallable.java:12)
	at org.junit.runners.model.FrameworkMethod.invokeExplosively(FrameworkMethod.java:56)
	at org.junit.internal.runners.statements.RunAfters.invokeMethod(RunAfters.java:46)
	at org.junit.internal.runners.statements.RunAfters.evaluate(RunAfters.java:33)
	at org.evosuite.runtime.vnet.NonFunctionalRequirementRule$1.evaluate(NonFunctionalRequirementRule.java:41)
	at org.junit.runners.ParentRunner$3.evaluate(ParentRunner.java:306)
	at org.junit.runners.BlockJUnit4ClassRunner$1.evaluate(BlockJUnit4ClassRunner.java:100)
	at org.junit.runners.ParentRunner.runLeaf(ParentRunner.java:366)
	at org.junit.runners.BlockJUnit4ClassRunner.runChild(BlockJUnit4ClassRunner.java:103)
	at org.junit.runners.BlockJUnit4ClassRunner.runChild(BlockJUnit4ClassRunner.java:63)
	at org.junit.runners.ParentRunner$4.run(ParentRunner.java:331)
	at org.junit.runners.ParentRunner$1.schedule(ParentRunner.java:79)
	at org.junit.runners.ParentRunner.runChildren(ParentRunner.java:329)
	at org.junit.runners.ParentRunner.access$100(ParentRunner.java:66)
	at org.junit.runners.ParentRunner$2.evaluate(ParentRunner.java:293)
	at org.junit.internal.runners.statements.RunBefores.evaluate(RunBefores.java:26)
	at org.junit.internal.runners.statements.RunAfters.evaluate(RunAfters.java:27)
	at org.junit.runners.ParentRunner$3.evaluate(ParentRunner.java:306)
	at org.junit.runners.ParentRunner.run(ParentRunner.java:413)
	at org.apache.maven.surefire.junit4.JUnit4Provider.execute(JUnit4Provider.java:316)
	at org.apache.maven.surefire.junit4.JUnit4Provider.executeWithRerun(JUnit4Provider.java:240)
	at org.apache.maven.surefire.junit4.JUnit4Provider.executeTestSet(JUnit4Provider.java:214)
	at org.apache.maven.surefire.junit4.JUnit4Provider.invoke(JUnit4Provider.java:155)
	at org.apache.maven.surefire.booter.ForkedBooter.runSuitesInProcess(ForkedBooter.java:385)
	at org.apache.maven.surefire.booter.ForkedBooter.execute(ForkedBooter.java:162)
	at org.apache.maven.surefire.booter.ForkedBooter.run(ForkedBooter.java:507)
	at org.apache.maven.surefire.booter.ForkedBooter.main(ForkedBooter.java:495)
18:07:49.872 [main] DEBUG io.netty.util.ResourceLeakDetector - -Dio.netty.leakDetection.level: simple
18:07:49.872 [main] DEBUG io.netty.util.ResourceLeakDetector - -Dio.netty.leakDetection.targetRecords: 4
18:07:49.872 [main] DEBUG io.netty.util.internal.InternalThreadLocalMap - -Dio.netty.threadLocalMap.stringBuilder.initialSize: 1024
18:07:49.872 [main] DEBUG io.netty.util.internal.InternalThreadLocalMap - -Dio.netty.threadLocalMap.stringBuilder.maxSize: 4096
18:07:49.873 [main] DEBUG io.netty.buffer.PooledByteBufAllocator - -Dio.netty.allocator.numHeapArenas: 0
18:07:49.873 [main] DEBUG io.netty.buffer.PooledByteBufAllocator - -Dio.netty.allocator.numDirectArenas: 2
18:07:49.873 [main] DEBUG io.netty.buffer.PooledByteBufAllocator - -Dio.netty.allocator.pageSize: 8192
18:07:49.873 [main] DEBUG io.netty.buffer.PooledByteBufAllocator - -Dio.netty.allocator.maxOrder: 9
18:07:49.873 [main] DEBUG io.netty.buffer.PooledByteBufAllocator - -Dio.netty.allocator.chunkSize: 4194304
18:07:49.873 [main] DEBUG io.netty.buffer.PooledByteBufAllocator - -Dio.netty.allocator.smallCacheSize: 256
18:07:49.873 [main] DEBUG io.netty.buffer.PooledByteBufAllocator - -Dio.netty.allocator.normalCacheSize: 64
18:07:49.873 [main] DEBUG io.netty.buffer.PooledByteBufAllocator - -Dio.netty.allocator.maxCachedBufferCapacity: 32768
18:07:49.873 [main] DEBUG io.netty.buffer.PooledByteBufAllocator - -Dio.netty.allocator.cacheTrimInterval: 8192
18:07:49.873 [main] DEBUG io.netty.buffer.PooledByteBufAllocator - -Dio.netty.allocator.cacheTrimIntervalMillis: 0
18:07:49.873 [main] DEBUG io.netty.buffer.PooledByteBufAllocator - -Dio.netty.allocator.useCacheForAllThreads: false
18:07:49.873 [main] DEBUG io.netty.buffer.PooledByteBufAllocator - -Dio.netty.allocator.maxCachedByteBuffersPerChunk: 1023
18:07:49.873 [main] DEBUG io.netty.buffer.AbstractByteBuf - -Dio.netty.buffer.checkAccessible: true
18:07:49.873 [main] DEBUG io.netty.buffer.AbstractByteBuf - -Dio.netty.buffer.checkBounds: true
18:07:49.874 [main] DEBUG io.netty.util.ResourceLeakDetectorFactory - Loaded default ResourceLeakDetector: io.netty.util.ResourceLeakDetector@5
18:07:49.874 [main] DEBUG io.netty.util.Recycler - -Dio.netty.recycler.maxCapacityPerThread: 4096
18:07:49.874 [main] DEBUG io.netty.util.Recycler - -Dio.netty.recycler.ratio: 8
18:07:49.874 [main] DEBUG io.netty.util.Recycler - -Dio.netty.recycler.chunkSize: 32
18:07:49.874 [main] DEBUG io.netty.util.Recycler - -Dio.netty.recycler.blocking: false
18:07:49.874 [main] DEBUG io.netty.util.Recycler - -Dio.netty.recycler.batchFastThreadLocalOnly: true
18:07:49.874 [main] DEBUG io.netty.util.internal.PlatformDependent - org.jctools-core.MpscChunkedArrayQueue: available
18:07:49.875 [main] DEBUG io.netty.buffer.ByteBufUtil - -Dio.netty.allocator.type: pooled
18:07:49.875 [main] DEBUG io.netty.buffer.ByteBufUtil - -Dio.netty.threadLocalDirectBufferSize: 0
18:07:49.875 [main] DEBUG io.netty.buffer.ByteBufUtil - -Dio.netty.maxThreadLocalCharBufferSize: 16384
]]></system-out>
  </testcase>
  <testcase name="test15" classname="io.netty.handler.codec.compression.ByteBufChecksum_ESTest" time="0.01">
    <system-out><![CDATA[18:07:49.882 [main] INFO org.evosuite.runtime.thread.ThreadStopper - Found new thread
18:07:49.882 [main] DEBUG io.netty.util.internal.logging.InternalLoggerFactory - Using SLF4J as the default logging framework
18:07:49.882 [main] DEBUG io.netty.util.internal.PlatformDependent0 - -Dio.netty.noUnsafe: false
18:07:49.883 [main] DEBUG io.netty.util.internal.PlatformDependent0 - Java version: 8
18:07:49.883 [main] DEBUG io.netty.util.internal.PlatformDependent0 - sun.misc.Unsafe.theUnsafe: available
18:07:49.883 [main] DEBUG io.netty.util.internal.PlatformDependent0 - sun.misc.Unsafe.copyMemory: available
18:07:49.883 [main] DEBUG io.netty.util.internal.PlatformDependent0 - sun.misc.Unsafe.storeFence: available
18:07:49.883 [main] DEBUG io.netty.util.internal.PlatformDependent0 - java.nio.Buffer.address: available
18:07:49.883 [main] DEBUG io.netty.util.internal.PlatformDependent0 - direct buffer constructor: available
18:07:49.883 [main] DEBUG io.netty.util.internal.PlatformDependent0 - java.nio.Bits.unaligned: available, true
18:07:49.883 [main] DEBUG io.netty.util.internal.PlatformDependent0 - jdk.internal.misc.Unsafe.allocateUninitializedArray(int): unavailable prior to Java9
18:07:49.883 [main] DEBUG io.netty.util.internal.PlatformDependent0 - java.nio.DirectByteBuffer.<init>(long, {int,long}): available
18:07:49.883 [main] DEBUG io.netty.util.internal.CleanerJava6 - java.nio.ByteBuffer.cleaner(): available
18:07:49.883 [main] DEBUG io.netty.util.internal.PlatformDependent - sun.misc.Unsafe: available
18:07:49.883 [main] DEBUG io.netty.util.internal.PlatformDependent - -Dio.netty.tmpdir: /tmp (java.io.tmpdir)
18:07:49.883 [main] DEBUG io.netty.util.internal.PlatformDependent - -Dio.netty.bitMode: 64 (sun.arch.data.model)
18:07:49.884 [main] DEBUG io.netty.util.internal.PlatformDependent - -Dio.netty.maxDirectMemory: 11420041216 bytes
18:07:49.884 [main] DEBUG io.netty.util.internal.PlatformDependent - -Dio.netty.uninitializedArrayAllocationThreshold: -1
18:07:49.884 [main] DEBUG io.netty.util.internal.PlatformDependent - -Dio.netty.noPreferDirect: false
18:07:49.884 [main] DEBUG io.netty.util.internal.CleanerJava9 - java.nio.ByteBuffer.cleaner(): unavailable
java.lang.NoSuchMethodException: sun.misc.Unsafe.invokeCleaner(java.nio.ByteBuffer)
	at java.lang.Class.getDeclaredMethod(Class.java:2130)
	at io.netty.util.internal.CleanerJava9$1.run(CleanerJava9.java:45)
	at java.security.AccessController.doPrivileged(Native Method)
	at io.netty.util.internal.CleanerJava9.__STATIC_RESET(CleanerJava9.java:40)
	at sun.reflect.NativeMethodAccessorImpl.invoke0(Native Method)
	at sun.reflect.NativeMethodAccessorImpl.invoke(NativeMethodAccessorImpl.java:62)
	at sun.reflect.DelegatingMethodAccessorImpl.invoke(DelegatingMethodAccessorImpl.java:43)
	at java.lang.reflect.Method.invoke(Method.java:498)
	at org.evosuite.runtime.classhandling.ClassResetter.reset(ClassResetter.java:159)
	at org.evosuite.runtime.classhandling.ClassStateSupport.resetClasses(ClassStateSupport.java:137)
	at io.netty.handler.codec.compression.ByteBufChecksum_ESTest_scaffolding.resetClasses(ByteBufChecksum_ESTest_scaffolding.java:278)
	at io.netty.handler.codec.compression.ByteBufChecksum_ESTest_scaffolding.doneWithTestCase(ByteBufChecksum_ESTest_scaffolding.java:66)
	at sun.reflect.NativeMethodAccessorImpl.invoke0(Native Method)
	at sun.reflect.NativeMethodAccessorImpl.invoke(NativeMethodAccessorImpl.java:62)
	at sun.reflect.DelegatingMethodAccessorImpl.invoke(DelegatingMethodAccessorImpl.java:43)
	at java.lang.reflect.Method.invoke(Method.java:498)
	at org.junit.runners.model.FrameworkMethod$1.runReflectiveCall(FrameworkMethod.java:59)
	at org.junit.internal.runners.model.ReflectiveCallable.run(ReflectiveCallable.java:12)
	at org.junit.runners.model.FrameworkMethod.invokeExplosively(FrameworkMethod.java:56)
	at org.junit.internal.runners.statements.RunAfters.invokeMethod(RunAfters.java:46)
	at org.junit.internal.runners.statements.RunAfters.evaluate(RunAfters.java:33)
	at org.evosuite.runtime.vnet.NonFunctionalRequirementRule$1.evaluate(NonFunctionalRequirementRule.java:41)
	at org.junit.runners.ParentRunner$3.evaluate(ParentRunner.java:306)
	at org.junit.runners.BlockJUnit4ClassRunner$1.evaluate(BlockJUnit4ClassRunner.java:100)
	at org.junit.runners.ParentRunner.runLeaf(ParentRunner.java:366)
	at org.junit.runners.BlockJUnit4ClassRunner.runChild(BlockJUnit4ClassRunner.java:103)
	at org.junit.runners.BlockJUnit4ClassRunner.runChild(BlockJUnit4ClassRunner.java:63)
	at org.junit.runners.ParentRunner$4.run(ParentRunner.java:331)
	at org.junit.runners.ParentRunner$1.schedule(ParentRunner.java:79)
	at org.junit.runners.ParentRunner.runChildren(ParentRunner.java:329)
	at org.junit.runners.ParentRunner.access$100(ParentRunner.java:66)
	at org.junit.runners.ParentRunner$2.evaluate(ParentRunner.java:293)
	at org.junit.internal.runners.statements.RunBefores.evaluate(RunBefores.java:26)
	at org.junit.internal.runners.statements.RunAfters.evaluate(RunAfters.java:27)
	at org.junit.runners.ParentRunner$3.evaluate(ParentRunner.java:306)
	at org.junit.runners.ParentRunner.run(ParentRunner.java:413)
	at org.apache.maven.surefire.junit4.JUnit4Provider.execute(JUnit4Provider.java:316)
	at org.apache.maven.surefire.junit4.JUnit4Provider.executeWithRerun(JUnit4Provider.java:240)
	at org.apache.maven.surefire.junit4.JUnit4Provider.executeTestSet(JUnit4Provider.java:214)
	at org.apache.maven.surefire.junit4.JUnit4Provider.invoke(JUnit4Provider.java:155)
	at org.apache.maven.surefire.booter.ForkedBooter.runSuitesInProcess(ForkedBooter.java:385)
	at org.apache.maven.surefire.booter.ForkedBooter.execute(ForkedBooter.java:162)
	at org.apache.maven.surefire.booter.ForkedBooter.run(ForkedBooter.java:507)
	at org.apache.maven.surefire.booter.ForkedBooter.main(ForkedBooter.java:495)
18:07:49.885 [main] DEBUG io.netty.util.ResourceLeakDetector - -Dio.netty.leakDetection.level: simple
18:07:49.885 [main] DEBUG io.netty.util.ResourceLeakDetector - -Dio.netty.leakDetection.targetRecords: 4
18:07:49.886 [main] DEBUG io.netty.util.internal.InternalThreadLocalMap - -Dio.netty.threadLocalMap.stringBuilder.initialSize: 1024
18:07:49.886 [main] DEBUG io.netty.util.internal.InternalThreadLocalMap - -Dio.netty.threadLocalMap.stringBuilder.maxSize: 4096
18:07:49.886 [main] DEBUG io.netty.buffer.PooledByteBufAllocator - -Dio.netty.allocator.numHeapArenas: 0
18:07:49.887 [main] DEBUG io.netty.buffer.PooledByteBufAllocator - -Dio.netty.allocator.numDirectArenas: 2
18:07:49.887 [main] DEBUG io.netty.buffer.PooledByteBufAllocator - -Dio.netty.allocator.pageSize: 8192
18:07:49.887 [main] DEBUG io.netty.buffer.PooledByteBufAllocator - -Dio.netty.allocator.maxOrder: 9
18:07:49.887 [main] DEBUG io.netty.buffer.PooledByteBufAllocator - -Dio.netty.allocator.chunkSize: 4194304
18:07:49.887 [main] DEBUG io.netty.buffer.PooledByteBufAllocator - -Dio.netty.allocator.smallCacheSize: 256
18:07:49.887 [main] DEBUG io.netty.buffer.PooledByteBufAllocator - -Dio.netty.allocator.normalCacheSize: 64
18:07:49.887 [main] DEBUG io.netty.buffer.PooledByteBufAllocator - -Dio.netty.allocator.maxCachedBufferCapacity: 32768
18:07:49.887 [main] DEBUG io.netty.buffer.PooledByteBufAllocator - -Dio.netty.allocator.cacheTrimInterval: 8192
18:07:49.887 [main] DEBUG io.netty.buffer.PooledByteBufAllocator - -Dio.netty.allocator.cacheTrimIntervalMillis: 0
18:07:49.887 [main] DEBUG io.netty.buffer.PooledByteBufAllocator - -Dio.netty.allocator.useCacheForAllThreads: false
18:07:49.887 [main] DEBUG io.netty.buffer.PooledByteBufAllocator - -Dio.netty.allocator.maxCachedByteBuffersPerChunk: 1023
18:07:49.887 [main] DEBUG io.netty.buffer.AbstractByteBuf - -Dio.netty.buffer.checkAccessible: true
18:07:49.887 [main] DEBUG io.netty.buffer.AbstractByteBuf - -Dio.netty.buffer.checkBounds: true
18:07:49.887 [main] DEBUG io.netty.util.ResourceLeakDetectorFactory - Loaded default ResourceLeakDetector: io.netty.util.ResourceLeakDetector@5
18:07:49.888 [main] DEBUG io.netty.util.Recycler - -Dio.netty.recycler.maxCapacityPerThread: 4096
18:07:49.888 [main] DEBUG io.netty.util.Recycler - -Dio.netty.recycler.ratio: 8
18:07:49.888 [main] DEBUG io.netty.util.Recycler - -Dio.netty.recycler.chunkSize: 32
18:07:49.888 [main] DEBUG io.netty.util.Recycler - -Dio.netty.recycler.blocking: false
18:07:49.888 [main] DEBUG io.netty.util.Recycler - -Dio.netty.recycler.batchFastThreadLocalOnly: true
18:07:49.888 [main] DEBUG io.netty.util.internal.PlatformDependent - org.jctools-core.MpscChunkedArrayQueue: available
18:07:49.889 [main] DEBUG io.netty.buffer.ByteBufUtil - -Dio.netty.allocator.type: pooled
18:07:49.889 [main] DEBUG io.netty.buffer.ByteBufUtil - -Dio.netty.threadLocalDirectBufferSize: 0
18:07:49.889 [main] DEBUG io.netty.buffer.ByteBufUtil - -Dio.netty.maxThreadLocalCharBufferSize: 16384
]]></system-out>
  </testcase>
  <testcase name="test10" classname="io.netty.handler.codec.compression.ByteBufChecksum_ESTest" time="0.013">
    <system-out><![CDATA[18:07:49.901 [main] DEBUG io.netty.util.internal.logging.InternalLoggerFactory - Using SLF4J as the default logging framework
18:07:49.901 [main] DEBUG io.netty.util.internal.PlatformDependent0 - -Dio.netty.noUnsafe: false
18:07:49.901 [main] DEBUG io.netty.util.internal.PlatformDependent0 - Java version: 8
18:07:49.901 [main] DEBUG io.netty.util.internal.PlatformDependent0 - sun.misc.Unsafe.theUnsafe: available
18:07:49.901 [main] DEBUG io.netty.util.internal.PlatformDependent0 - sun.misc.Unsafe.copyMemory: available
18:07:49.901 [main] DEBUG io.netty.util.internal.PlatformDependent0 - sun.misc.Unsafe.storeFence: available
18:07:49.901 [main] DEBUG io.netty.util.internal.PlatformDependent0 - java.nio.Buffer.address: available
18:07:49.901 [main] DEBUG io.netty.util.internal.PlatformDependent0 - direct buffer constructor: available
18:07:49.901 [main] DEBUG io.netty.util.internal.PlatformDependent0 - java.nio.Bits.unaligned: available, true
18:07:49.901 [main] DEBUG io.netty.util.internal.PlatformDependent0 - jdk.internal.misc.Unsafe.allocateUninitializedArray(int): unavailable prior to Java9
18:07:49.902 [main] DEBUG io.netty.util.internal.PlatformDependent0 - java.nio.DirectByteBuffer.<init>(long, {int,long}): available
18:07:49.902 [main] DEBUG io.netty.util.internal.CleanerJava6 - java.nio.ByteBuffer.cleaner(): available
18:07:49.902 [main] DEBUG io.netty.util.internal.PlatformDependent - sun.misc.Unsafe: available
18:07:49.902 [main] DEBUG io.netty.util.internal.PlatformDependent - -Dio.netty.tmpdir: /tmp (java.io.tmpdir)
18:07:49.902 [main] DEBUG io.netty.util.internal.PlatformDependent - -Dio.netty.bitMode: 64 (sun.arch.data.model)
18:07:49.902 [main] DEBUG io.netty.util.internal.PlatformDependent - -Dio.netty.maxDirectMemory: 11420041216 bytes
18:07:49.902 [main] DEBUG io.netty.util.internal.PlatformDependent - -Dio.netty.uninitializedArrayAllocationThreshold: -1
18:07:49.902 [main] DEBUG io.netty.util.internal.PlatformDependent - -Dio.netty.noPreferDirect: false
18:07:49.904 [main] DEBUG io.netty.util.internal.CleanerJava9 - java.nio.ByteBuffer.cleaner(): unavailable
java.lang.NoSuchMethodException: sun.misc.Unsafe.invokeCleaner(java.nio.ByteBuffer)
	at java.lang.Class.getDeclaredMethod(Class.java:2130)
	at io.netty.util.internal.CleanerJava9$1.run(CleanerJava9.java:45)
	at java.security.AccessController.doPrivileged(Native Method)
	at io.netty.util.internal.CleanerJava9.__STATIC_RESET(CleanerJava9.java:40)
	at sun.reflect.NativeMethodAccessorImpl.invoke0(Native Method)
	at sun.reflect.NativeMethodAccessorImpl.invoke(NativeMethodAccessorImpl.java:62)
	at sun.reflect.DelegatingMethodAccessorImpl.invoke(DelegatingMethodAccessorImpl.java:43)
	at java.lang.reflect.Method.invoke(Method.java:498)
	at org.evosuite.runtime.classhandling.ClassResetter.reset(ClassResetter.java:159)
	at org.evosuite.runtime.classhandling.ClassStateSupport.resetClasses(ClassStateSupport.java:137)
	at io.netty.handler.codec.compression.ByteBufChecksum_ESTest_scaffolding.resetClasses(ByteBufChecksum_ESTest_scaffolding.java:278)
	at io.netty.handler.codec.compression.ByteBufChecksum_ESTest_scaffolding.doneWithTestCase(ByteBufChecksum_ESTest_scaffolding.java:66)
	at sun.reflect.NativeMethodAccessorImpl.invoke0(Native Method)
	at sun.reflect.NativeMethodAccessorImpl.invoke(NativeMethodAccessorImpl.java:62)
	at sun.reflect.DelegatingMethodAccessorImpl.invoke(DelegatingMethodAccessorImpl.java:43)
	at java.lang.reflect.Method.invoke(Method.java:498)
	at org.junit.runners.model.FrameworkMethod$1.runReflectiveCall(FrameworkMethod.java:59)
	at org.junit.internal.runners.model.ReflectiveCallable.run(ReflectiveCallable.java:12)
	at org.junit.runners.model.FrameworkMethod.invokeExplosively(FrameworkMethod.java:56)
	at org.junit.internal.runners.statements.RunAfters.invokeMethod(RunAfters.java:46)
	at org.junit.internal.runners.statements.RunAfters.evaluate(RunAfters.java:33)
	at org.evosuite.runtime.vnet.NonFunctionalRequirementRule$1.evaluate(NonFunctionalRequirementRule.java:41)
	at org.junit.runners.ParentRunner$3.evaluate(ParentRunner.java:306)
	at org.junit.runners.BlockJUnit4ClassRunner$1.evaluate(BlockJUnit4ClassRunner.java:100)
	at org.junit.runners.ParentRunner.runLeaf(ParentRunner.java:366)
	at org.junit.runners.BlockJUnit4ClassRunner.runChild(BlockJUnit4ClassRunner.java:103)
	at org.junit.runners.BlockJUnit4ClassRunner.runChild(BlockJUnit4ClassRunner.java:63)
	at org.junit.runners.ParentRunner$4.run(ParentRunner.java:331)
	at org.junit.runners.ParentRunner$1.schedule(ParentRunner.java:79)
	at org.junit.runners.ParentRunner.runChildren(ParentRunner.java:329)
	at org.junit.runners.ParentRunner.access$100(ParentRunner.java:66)
	at org.junit.runners.ParentRunner$2.evaluate(ParentRunner.java:293)
	at org.junit.internal.runners.statements.RunBefores.evaluate(RunBefores.java:26)
	at org.junit.internal.runners.statements.RunAfters.evaluate(RunAfters.java:27)
	at org.junit.runners.ParentRunner$3.evaluate(ParentRunner.java:306)
	at org.junit.runners.ParentRunner.run(ParentRunner.java:413)
	at org.apache.maven.surefire.junit4.JUnit4Provider.execute(JUnit4Provider.java:316)
	at org.apache.maven.surefire.junit4.JUnit4Provider.executeWithRerun(JUnit4Provider.java:240)
	at org.apache.maven.surefire.junit4.JUnit4Provider.executeTestSet(JUnit4Provider.java:214)
	at org.apache.maven.surefire.junit4.JUnit4Provider.invoke(JUnit4Provider.java:155)
	at org.apache.maven.surefire.booter.ForkedBooter.runSuitesInProcess(ForkedBooter.java:385)
	at org.apache.maven.surefire.booter.ForkedBooter.execute(ForkedBooter.java:162)
	at org.apache.maven.surefire.booter.ForkedBooter.run(ForkedBooter.java:507)
	at org.apache.maven.surefire.booter.ForkedBooter.main(ForkedBooter.java:495)
18:07:49.905 [main] DEBUG io.netty.util.ResourceLeakDetector - -Dio.netty.leakDetection.level: simple
18:07:49.905 [main] DEBUG io.netty.util.ResourceLeakDetector - -Dio.netty.leakDetection.targetRecords: 4
18:07:49.905 [main] DEBUG io.netty.util.internal.InternalThreadLocalMap - -Dio.netty.threadLocalMap.stringBuilder.initialSize: 1024
18:07:49.905 [main] DEBUG io.netty.util.internal.InternalThreadLocalMap - -Dio.netty.threadLocalMap.stringBuilder.maxSize: 4096
18:07:49.906 [main] DEBUG io.netty.buffer.PooledByteBufAllocator - -Dio.netty.allocator.numHeapArenas: 0
18:07:49.906 [main] DEBUG io.netty.buffer.PooledByteBufAllocator - -Dio.netty.allocator.numDirectArenas: 2
18:07:49.906 [main] DEBUG io.netty.buffer.PooledByteBufAllocator - -Dio.netty.allocator.pageSize: 8192
18:07:49.906 [main] DEBUG io.netty.buffer.PooledByteBufAllocator - -Dio.netty.allocator.maxOrder: 9
18:07:49.906 [main] DEBUG io.netty.buffer.PooledByteBufAllocator - -Dio.netty.allocator.chunkSize: 4194304
18:07:49.906 [main] DEBUG io.netty.buffer.PooledByteBufAllocator - -Dio.netty.allocator.smallCacheSize: 256
18:07:49.906 [main] DEBUG io.netty.buffer.PooledByteBufAllocator - -Dio.netty.allocator.normalCacheSize: 64
18:07:49.906 [main] DEBUG io.netty.buffer.PooledByteBufAllocator - -Dio.netty.allocator.maxCachedBufferCapacity: 32768
18:07:49.906 [main] DEBUG io.netty.buffer.PooledByteBufAllocator - -Dio.netty.allocator.cacheTrimInterval: 8192
18:07:49.906 [main] DEBUG io.netty.buffer.PooledByteBufAllocator - -Dio.netty.allocator.cacheTrimIntervalMillis: 0
18:07:49.906 [main] DEBUG io.netty.buffer.PooledByteBufAllocator - -Dio.netty.allocator.useCacheForAllThreads: false
18:07:49.906 [main] DEBUG io.netty.buffer.PooledByteBufAllocator - -Dio.netty.allocator.maxCachedByteBuffersPerChunk: 1023
18:07:49.907 [main] DEBUG io.netty.buffer.AbstractByteBuf - -Dio.netty.buffer.checkAccessible: true
18:07:49.907 [main] DEBUG io.netty.buffer.AbstractByteBuf - -Dio.netty.buffer.checkBounds: true
18:07:49.907 [main] DEBUG io.netty.util.ResourceLeakDetectorFactory - Loaded default ResourceLeakDetector: io.netty.util.ResourceLeakDetector@5
18:07:49.908 [main] DEBUG io.netty.util.Recycler - -Dio.netty.recycler.maxCapacityPerThread: 4096
18:07:49.908 [main] DEBUG io.netty.util.Recycler - -Dio.netty.recycler.ratio: 8
18:07:49.908 [main] DEBUG io.netty.util.Recycler - -Dio.netty.recycler.chunkSize: 32
18:07:49.908 [main] DEBUG io.netty.util.Recycler - -Dio.netty.recycler.blocking: false
18:07:49.908 [main] DEBUG io.netty.util.Recycler - -Dio.netty.recycler.batchFastThreadLocalOnly: true
18:07:49.909 [main] DEBUG io.netty.util.internal.PlatformDependent - org.jctools-core.MpscChunkedArrayQueue: available
18:07:49.910 [main] DEBUG io.netty.buffer.ByteBufUtil - -Dio.netty.allocator.type: pooled
18:07:49.910 [main] DEBUG io.netty.buffer.ByteBufUtil - -Dio.netty.threadLocalDirectBufferSize: 0
18:07:49.911 [main] DEBUG io.netty.buffer.ByteBufUtil - -Dio.netty.maxThreadLocalCharBufferSize: 16384
]]></system-out>
  </testcase>
  <testcase name="test01" classname="io.netty.handler.codec.compression.ByteBufChecksum_ESTest" time="0.015">
    <system-out><![CDATA[18:07:49.921 [main] INFO org.evosuite.runtime.thread.ThreadStopper - Found new thread
18:07:49.925 [main] DEBUG io.netty.util.internal.logging.InternalLoggerFactory - Using SLF4J as the default logging framework
18:07:49.926 [main] DEBUG io.netty.util.internal.PlatformDependent0 - -Dio.netty.noUnsafe: false
18:07:49.926 [main] DEBUG io.netty.util.internal.PlatformDependent0 - Java version: 8
18:07:49.926 [main] DEBUG io.netty.util.internal.PlatformDependent0 - sun.misc.Unsafe.theUnsafe: available
18:07:49.926 [main] DEBUG io.netty.util.internal.PlatformDependent0 - sun.misc.Unsafe.copyMemory: available
18:07:49.926 [main] DEBUG io.netty.util.internal.PlatformDependent0 - sun.misc.Unsafe.storeFence: available
18:07:49.926 [main] DEBUG io.netty.util.internal.PlatformDependent0 - java.nio.Buffer.address: available
18:07:49.926 [main] DEBUG io.netty.util.internal.PlatformDependent0 - direct buffer constructor: available
18:07:49.926 [main] DEBUG io.netty.util.internal.PlatformDependent0 - java.nio.Bits.unaligned: available, true
18:07:49.926 [main] DEBUG io.netty.util.internal.PlatformDependent0 - jdk.internal.misc.Unsafe.allocateUninitializedArray(int): unavailable prior to Java9
18:07:49.926 [main] DEBUG io.netty.util.internal.PlatformDependent0 - java.nio.DirectByteBuffer.<init>(long, {int,long}): available
18:07:49.927 [main] DEBUG io.netty.util.internal.CleanerJava6 - java.nio.ByteBuffer.cleaner(): available
18:07:49.927 [main] DEBUG io.netty.util.internal.PlatformDependent - sun.misc.Unsafe: available
18:07:49.928 [main] DEBUG io.netty.util.internal.PlatformDependent - -Dio.netty.tmpdir: /tmp (java.io.tmpdir)
18:07:49.928 [main] DEBUG io.netty.util.internal.PlatformDependent - -Dio.netty.bitMode: 64 (sun.arch.data.model)
18:07:49.928 [main] DEBUG io.netty.util.internal.PlatformDependent - -Dio.netty.maxDirectMemory: 11420041216 bytes
18:07:49.928 [main] DEBUG io.netty.util.internal.PlatformDependent - -Dio.netty.uninitializedArrayAllocationThreshold: -1
18:07:49.928 [main] DEBUG io.netty.util.internal.PlatformDependent - -Dio.netty.noPreferDirect: false
18:07:49.930 [main] DEBUG io.netty.util.internal.CleanerJava9 - java.nio.ByteBuffer.cleaner(): unavailable
java.lang.NoSuchMethodException: sun.misc.Unsafe.invokeCleaner(java.nio.ByteBuffer)
	at java.lang.Class.getDeclaredMethod(Class.java:2130)
	at io.netty.util.internal.CleanerJava9$1.run(CleanerJava9.java:45)
	at java.security.AccessController.doPrivileged(Native Method)
	at io.netty.util.internal.CleanerJava9.__STATIC_RESET(CleanerJava9.java:40)
	at sun.reflect.NativeMethodAccessorImpl.invoke0(Native Method)
	at sun.reflect.NativeMethodAccessorImpl.invoke(NativeMethodAccessorImpl.java:62)
	at sun.reflect.DelegatingMethodAccessorImpl.invoke(DelegatingMethodAccessorImpl.java:43)
	at java.lang.reflect.Method.invoke(Method.java:498)
	at org.evosuite.runtime.classhandling.ClassResetter.reset(ClassResetter.java:159)
	at org.evosuite.runtime.classhandling.ClassStateSupport.resetClasses(ClassStateSupport.java:137)
	at io.netty.handler.codec.compression.ByteBufChecksum_ESTest_scaffolding.resetClasses(ByteBufChecksum_ESTest_scaffolding.java:278)
	at io.netty.handler.codec.compression.ByteBufChecksum_ESTest_scaffolding.doneWithTestCase(ByteBufChecksum_ESTest_scaffolding.java:66)
	at sun.reflect.NativeMethodAccessorImpl.invoke0(Native Method)
	at sun.reflect.NativeMethodAccessorImpl.invoke(NativeMethodAccessorImpl.java:62)
	at sun.reflect.DelegatingMethodAccessorImpl.invoke(DelegatingMethodAccessorImpl.java:43)
	at java.lang.reflect.Method.invoke(Method.java:498)
	at org.junit.runners.model.FrameworkMethod$1.runReflectiveCall(FrameworkMethod.java:59)
	at org.junit.internal.runners.model.ReflectiveCallable.run(ReflectiveCallable.java:12)
	at org.junit.runners.model.FrameworkMethod.invokeExplosively(FrameworkMethod.java:56)
	at org.junit.internal.runners.statements.RunAfters.invokeMethod(RunAfters.java:46)
	at org.junit.internal.runners.statements.RunAfters.evaluate(RunAfters.java:33)
	at org.evosuite.runtime.vnet.NonFunctionalRequirementRule$1.evaluate(NonFunctionalRequirementRule.java:41)
	at org.junit.runners.ParentRunner$3.evaluate(ParentRunner.java:306)
	at org.junit.runners.BlockJUnit4ClassRunner$1.evaluate(BlockJUnit4ClassRunner.java:100)
	at org.junit.runners.ParentRunner.runLeaf(ParentRunner.java:366)
	at org.junit.runners.BlockJUnit4ClassRunner.runChild(BlockJUnit4ClassRunner.java:103)
	at org.junit.runners.BlockJUnit4ClassRunner.runChild(BlockJUnit4ClassRunner.java:63)
	at org.junit.runners.ParentRunner$4.run(ParentRunner.java:331)
	at org.junit.runners.ParentRunner$1.schedule(ParentRunner.java:79)
	at org.junit.runners.ParentRunner.runChildren(ParentRunner.java:329)
	at org.junit.runners.ParentRunner.access$100(ParentRunner.java:66)
	at org.junit.runners.ParentRunner$2.evaluate(ParentRunner.java:293)
	at org.junit.internal.runners.statements.RunBefores.evaluate(RunBefores.java:26)
	at org.junit.internal.runners.statements.RunAfters.evaluate(RunAfters.java:27)
	at org.junit.runners.ParentRunner$3.evaluate(ParentRunner.java:306)
	at org.junit.runners.ParentRunner.run(ParentRunner.java:413)
	at org.apache.maven.surefire.junit4.JUnit4Provider.execute(JUnit4Provider.java:316)
	at org.apache.maven.surefire.junit4.JUnit4Provider.executeWithRerun(JUnit4Provider.java:240)
	at org.apache.maven.surefire.junit4.JUnit4Provider.executeTestSet(JUnit4Provider.java:214)
	at org.apache.maven.surefire.junit4.JUnit4Provider.invoke(JUnit4Provider.java:155)
	at org.apache.maven.surefire.booter.ForkedBooter.runSuitesInProcess(ForkedBooter.java:385)
	at org.apache.maven.surefire.booter.ForkedBooter.execute(ForkedBooter.java:162)
	at org.apache.maven.surefire.booter.ForkedBooter.run(ForkedBooter.java:507)
	at org.apache.maven.surefire.booter.ForkedBooter.main(ForkedBooter.java:495)
18:07:49.933 [main] DEBUG io.netty.util.ResourceLeakDetector - -Dio.netty.leakDetection.level: simple
18:07:49.933 [main] DEBUG io.netty.util.ResourceLeakDetector - -Dio.netty.leakDetection.targetRecords: 4
18:07:49.936 [main] DEBUG io.netty.util.internal.InternalThreadLocalMap - -Dio.netty.threadLocalMap.stringBuilder.initialSize: 1024
18:07:49.936 [main] DEBUG io.netty.util.internal.InternalThreadLocalMap - -Dio.netty.threadLocalMap.stringBuilder.maxSize: 4096
18:07:49.937 [main] DEBUG io.netty.buffer.PooledByteBufAllocator - -Dio.netty.allocator.numHeapArenas: 0
18:07:49.937 [main] DEBUG io.netty.buffer.PooledByteBufAllocator - -Dio.netty.allocator.numDirectArenas: 2
18:07:49.937 [main] DEBUG io.netty.buffer.PooledByteBufAllocator - -Dio.netty.allocator.pageSize: 8192
18:07:49.937 [main] DEBUG io.netty.buffer.PooledByteBufAllocator - -Dio.netty.allocator.maxOrder: 9
18:07:49.937 [main] DEBUG io.netty.buffer.PooledByteBufAllocator - -Dio.netty.allocator.chunkSize: 4194304
18:07:49.937 [main] DEBUG io.netty.buffer.PooledByteBufAllocator - -Dio.netty.allocator.smallCacheSize: 256
18:07:49.937 [main] DEBUG io.netty.buffer.PooledByteBufAllocator - -Dio.netty.allocator.normalCacheSize: 64
18:07:49.937 [main] DEBUG io.netty.buffer.PooledByteBufAllocator - -Dio.netty.allocator.maxCachedBufferCapacity: 32768
18:07:49.937 [main] DEBUG io.netty.buffer.PooledByteBufAllocator - -Dio.netty.allocator.cacheTrimInterval: 8192
18:07:49.937 [main] DEBUG io.netty.buffer.PooledByteBufAllocator - -Dio.netty.allocator.cacheTrimIntervalMillis: 0
18:07:49.937 [main] DEBUG io.netty.buffer.PooledByteBufAllocator - -Dio.netty.allocator.useCacheForAllThreads: false
18:07:49.937 [main] DEBUG io.netty.buffer.PooledByteBufAllocator - -Dio.netty.allocator.maxCachedByteBuffersPerChunk: 1023
18:07:49.938 [main] DEBUG io.netty.buffer.AbstractByteBuf - -Dio.netty.buffer.checkAccessible: true
18:07:49.938 [main] DEBUG io.netty.buffer.AbstractByteBuf - -Dio.netty.buffer.checkBounds: true
18:07:49.938 [main] DEBUG io.netty.util.ResourceLeakDetectorFactory - Loaded default ResourceLeakDetector: io.netty.util.ResourceLeakDetector@5
18:07:49.939 [main] DEBUG io.netty.util.Recycler - -Dio.netty.recycler.maxCapacityPerThread: 4096
18:07:49.939 [main] DEBUG io.netty.util.Recycler - -Dio.netty.recycler.ratio: 8
18:07:49.939 [main] DEBUG io.netty.util.Recycler - -Dio.netty.recycler.chunkSize: 32
18:07:49.939 [main] DEBUG io.netty.util.Recycler - -Dio.netty.recycler.blocking: false
18:07:49.939 [main] DEBUG io.netty.util.Recycler - -Dio.netty.recycler.batchFastThreadLocalOnly: true
18:07:49.940 [main] DEBUG io.netty.util.internal.PlatformDependent - org.jctools-core.MpscChunkedArrayQueue: available
18:07:49.944 [main] DEBUG io.netty.buffer.ByteBufUtil - -Dio.netty.allocator.type: pooled
18:07:49.944 [main] DEBUG io.netty.buffer.ByteBufUtil - -Dio.netty.threadLocalDirectBufferSize: 0
18:07:49.944 [main] DEBUG io.netty.buffer.ByteBufUtil - -Dio.netty.maxThreadLocalCharBufferSize: 16384
]]></system-out>
  </testcase>
  <testcase name="test12" classname="io.netty.handler.codec.compression.ByteBufChecksum_ESTest" time="0.013">
    <system-out><![CDATA[18:07:49.987 [main] DEBUG io.netty.util.internal.logging.InternalLoggerFactory - Using SLF4J as the default logging framework
18:07:49.987 [main] DEBUG io.netty.util.internal.PlatformDependent0 - -Dio.netty.noUnsafe: false
18:07:49.987 [main] DEBUG io.netty.util.internal.PlatformDependent0 - Java version: 8
18:07:49.987 [main] DEBUG io.netty.util.internal.PlatformDependent0 - sun.misc.Unsafe.theUnsafe: available
18:07:49.987 [main] DEBUG io.netty.util.internal.PlatformDependent0 - sun.misc.Unsafe.copyMemory: available
18:07:49.987 [main] DEBUG io.netty.util.internal.PlatformDependent0 - sun.misc.Unsafe.storeFence: available
18:07:49.987 [main] DEBUG io.netty.util.internal.PlatformDependent0 - java.nio.Buffer.address: available
18:07:49.988 [main] DEBUG io.netty.util.internal.PlatformDependent0 - direct buffer constructor: available
18:07:49.988 [main] DEBUG io.netty.util.internal.PlatformDependent0 - java.nio.Bits.unaligned: available, true
18:07:49.988 [main] DEBUG io.netty.util.internal.PlatformDependent0 - jdk.internal.misc.Unsafe.allocateUninitializedArray(int): unavailable prior to Java9
18:07:49.988 [main] DEBUG io.netty.util.internal.PlatformDependent0 - java.nio.DirectByteBuffer.<init>(long, {int,long}): available
18:07:49.988 [main] DEBUG io.netty.util.internal.CleanerJava6 - java.nio.ByteBuffer.cleaner(): available
18:07:49.988 [main] DEBUG io.netty.util.internal.PlatformDependent - sun.misc.Unsafe: available
18:07:49.988 [main] DEBUG io.netty.util.internal.PlatformDependent - -Dio.netty.tmpdir: /tmp (java.io.tmpdir)
18:07:49.988 [main] DEBUG io.netty.util.internal.PlatformDependent - -Dio.netty.bitMode: 64 (sun.arch.data.model)
18:07:49.989 [main] DEBUG io.netty.util.internal.PlatformDependent - -Dio.netty.maxDirectMemory: 11420041216 bytes
18:07:49.989 [main] DEBUG io.netty.util.internal.PlatformDependent - -Dio.netty.uninitializedArrayAllocationThreshold: -1
18:07:49.989 [main] DEBUG io.netty.util.internal.PlatformDependent - -Dio.netty.noPreferDirect: false
18:07:49.990 [main] DEBUG io.netty.util.internal.CleanerJava9 - java.nio.ByteBuffer.cleaner(): unavailable
java.lang.NoSuchMethodException: sun.misc.Unsafe.invokeCleaner(java.nio.ByteBuffer)
	at java.lang.Class.getDeclaredMethod(Class.java:2130)
	at io.netty.util.internal.CleanerJava9$1.run(CleanerJava9.java:45)
	at java.security.AccessController.doPrivileged(Native Method)
	at io.netty.util.internal.CleanerJava9.__STATIC_RESET(CleanerJava9.java:40)
	at sun.reflect.GeneratedMethodAccessor26.invoke(Unknown Source)
	at sun.reflect.DelegatingMethodAccessorImpl.invoke(DelegatingMethodAccessorImpl.java:43)
	at java.lang.reflect.Method.invoke(Method.java:498)
	at org.evosuite.runtime.classhandling.ClassResetter.reset(ClassResetter.java:159)
	at org.evosuite.runtime.classhandling.ClassStateSupport.resetClasses(ClassStateSupport.java:137)
	at io.netty.handler.codec.compression.ByteBufChecksum_ESTest_scaffolding.resetClasses(ByteBufChecksum_ESTest_scaffolding.java:278)
	at io.netty.handler.codec.compression.ByteBufChecksum_ESTest_scaffolding.doneWithTestCase(ByteBufChecksum_ESTest_scaffolding.java:66)
	at sun.reflect.GeneratedMethodAccessor8.invoke(Unknown Source)
	at sun.reflect.DelegatingMethodAccessorImpl.invoke(DelegatingMethodAccessorImpl.java:43)
	at java.lang.reflect.Method.invoke(Method.java:498)
	at org.junit.runners.model.FrameworkMethod$1.runReflectiveCall(FrameworkMethod.java:59)
	at org.junit.internal.runners.model.ReflectiveCallable.run(ReflectiveCallable.java:12)
	at org.junit.runners.model.FrameworkMethod.invokeExplosively(FrameworkMethod.java:56)
	at org.junit.internal.runners.statements.RunAfters.invokeMethod(RunAfters.java:46)
	at org.junit.internal.runners.statements.RunAfters.evaluate(RunAfters.java:33)
	at org.evosuite.runtime.vnet.NonFunctionalRequirementRule$1.evaluate(NonFunctionalRequirementRule.java:41)
	at org.junit.runners.ParentRunner$3.evaluate(ParentRunner.java:306)
	at org.junit.runners.BlockJUnit4ClassRunner$1.evaluate(BlockJUnit4ClassRunner.java:100)
	at org.junit.runners.ParentRunner.runLeaf(ParentRunner.java:366)
	at org.junit.runners.BlockJUnit4ClassRunner.runChild(BlockJUnit4ClassRunner.java:103)
	at org.junit.runners.BlockJUnit4ClassRunner.runChild(BlockJUnit4ClassRunner.java:63)
	at org.junit.runners.ParentRunner$4.run(ParentRunner.java:331)
	at org.junit.runners.ParentRunner$1.schedule(ParentRunner.java:79)
	at org.junit.runners.ParentRunner.runChildren(ParentRunner.java:329)
	at org.junit.runners.ParentRunner.access$100(ParentRunner.java:66)
	at org.junit.runners.ParentRunner$2.evaluate(ParentRunner.java:293)
	at org.junit.internal.runners.statements.RunBefores.evaluate(RunBefores.java:26)
	at org.junit.internal.runners.statements.RunAfters.evaluate(RunAfters.java:27)
	at org.junit.runners.ParentRunner$3.evaluate(ParentRunner.java:306)
	at org.junit.runners.ParentRunner.run(ParentRunner.java:413)
	at org.apache.maven.surefire.junit4.JUnit4Provider.execute(JUnit4Provider.java:316)
	at org.apache.maven.surefire.junit4.JUnit4Provider.executeWithRerun(JUnit4Provider.java:240)
	at org.apache.maven.surefire.junit4.JUnit4Provider.executeTestSet(JUnit4Provider.java:214)
	at org.apache.maven.surefire.junit4.JUnit4Provider.invoke(JUnit4Provider.java:155)
	at org.apache.maven.surefire.booter.ForkedBooter.runSuitesInProcess(ForkedBooter.java:385)
	at org.apache.maven.surefire.booter.ForkedBooter.execute(ForkedBooter.java:162)
	at org.apache.maven.surefire.booter.ForkedBooter.run(ForkedBooter.java:507)
	at org.apache.maven.surefire.booter.ForkedBooter.main(ForkedBooter.java:495)
18:07:49.992 [main] DEBUG io.netty.util.ResourceLeakDetector - -Dio.netty.leakDetection.level: simple
18:07:49.992 [main] DEBUG io.netty.util.ResourceLeakDetector - -Dio.netty.leakDetection.targetRecords: 4
18:07:49.993 [main] DEBUG io.netty.util.internal.InternalThreadLocalMap - -Dio.netty.threadLocalMap.stringBuilder.initialSize: 1024
18:07:49.993 [main] DEBUG io.netty.util.internal.InternalThreadLocalMap - -Dio.netty.threadLocalMap.stringBuilder.maxSize: 4096
18:07:49.994 [main] DEBUG io.netty.buffer.PooledByteBufAllocator - -Dio.netty.allocator.numHeapArenas: 0
18:07:49.994 [main] DEBUG io.netty.buffer.PooledByteBufAllocator - -Dio.netty.allocator.numDirectArenas: 2
18:07:49.994 [main] DEBUG io.netty.buffer.PooledByteBufAllocator - -Dio.netty.allocator.pageSize: 8192
18:07:49.994 [main] DEBUG io.netty.buffer.PooledByteBufAllocator - -Dio.netty.allocator.maxOrder: 9
18:07:49.994 [main] DEBUG io.netty.buffer.PooledByteBufAllocator - -Dio.netty.allocator.chunkSize: 4194304
18:07:49.994 [main] DEBUG io.netty.buffer.PooledByteBufAllocator - -Dio.netty.allocator.smallCacheSize: 256
18:07:49.994 [main] DEBUG io.netty.buffer.PooledByteBufAllocator - -Dio.netty.allocator.normalCacheSize: 64
18:07:49.994 [main] DEBUG io.netty.buffer.PooledByteBufAllocator - -Dio.netty.allocator.maxCachedBufferCapacity: 32768
18:07:49.994 [main] DEBUG io.netty.buffer.PooledByteBufAllocator - -Dio.netty.allocator.cacheTrimInterval: 8192
18:07:49.994 [main] DEBUG io.netty.buffer.PooledByteBufAllocator - -Dio.netty.allocator.cacheTrimIntervalMillis: 0
18:07:49.994 [main] DEBUG io.netty.buffer.PooledByteBufAllocator - -Dio.netty.allocator.useCacheForAllThreads: false
18:07:49.994 [main] DEBUG io.netty.buffer.PooledByteBufAllocator - -Dio.netty.allocator.maxCachedByteBuffersPerChunk: 1023
18:07:49.996 [main] DEBUG io.netty.buffer.AbstractByteBuf - -Dio.netty.buffer.checkAccessible: true
18:07:49.996 [main] DEBUG io.netty.buffer.AbstractByteBuf - -Dio.netty.buffer.checkBounds: true
18:07:49.996 [main] DEBUG io.netty.util.ResourceLeakDetectorFactory - Loaded default ResourceLeakDetector: io.netty.util.ResourceLeakDetector@5
18:07:49.997 [main] DEBUG io.netty.util.Recycler - -Dio.netty.recycler.maxCapacityPerThread: 4096
18:07:49.997 [main] DEBUG io.netty.util.Recycler - -Dio.netty.recycler.ratio: 8
18:07:49.997 [main] DEBUG io.netty.util.Recycler - -Dio.netty.recycler.chunkSize: 32
18:07:49.997 [main] DEBUG io.netty.util.Recycler - -Dio.netty.recycler.blocking: false
18:07:49.997 [main] DEBUG io.netty.util.Recycler - -Dio.netty.recycler.batchFastThreadLocalOnly: true
18:07:49.998 [main] DEBUG io.netty.util.internal.PlatformDependent - org.jctools-core.MpscChunkedArrayQueue: available
18:07:49.999 [main] DEBUG io.netty.buffer.ByteBufUtil - -Dio.netty.allocator.type: pooled
18:07:49.999 [main] DEBUG io.netty.buffer.ByteBufUtil - -Dio.netty.threadLocalDirectBufferSize: 0
18:07:49.999 [main] DEBUG io.netty.buffer.ByteBufUtil - -Dio.netty.maxThreadLocalCharBufferSize: 16384
]]></system-out>
  </testcase>
  <testcase name="test00" classname="io.netty.handler.codec.compression.ByteBufChecksum_ESTest" time="0.01">
    <system-out><![CDATA[18:07:50.005 [main] DEBUG io.netty.util.internal.logging.InternalLoggerFactory - Using SLF4J as the default logging framework
18:07:50.005 [main] DEBUG io.netty.util.internal.PlatformDependent0 - -Dio.netty.noUnsafe: false
18:07:50.005 [main] DEBUG io.netty.util.internal.PlatformDependent0 - Java version: 8
18:07:50.006 [main] DEBUG io.netty.util.internal.PlatformDependent0 - sun.misc.Unsafe.theUnsafe: available
18:07:50.006 [main] DEBUG io.netty.util.internal.PlatformDependent0 - sun.misc.Unsafe.copyMemory: available
18:07:50.006 [main] DEBUG io.netty.util.internal.PlatformDependent0 - sun.misc.Unsafe.storeFence: available
18:07:50.006 [main] DEBUG io.netty.util.internal.PlatformDependent0 - java.nio.Buffer.address: available
18:07:50.006 [main] DEBUG io.netty.util.internal.PlatformDependent0 - direct buffer constructor: available
18:07:50.006 [main] DEBUG io.netty.util.internal.PlatformDependent0 - java.nio.Bits.unaligned: available, true
18:07:50.006 [main] DEBUG io.netty.util.internal.PlatformDependent0 - jdk.internal.misc.Unsafe.allocateUninitializedArray(int): unavailable prior to Java9
18:07:50.006 [main] DEBUG io.netty.util.internal.PlatformDependent0 - java.nio.DirectByteBuffer.<init>(long, {int,long}): available
18:07:50.006 [main] DEBUG io.netty.util.internal.CleanerJava6 - java.nio.ByteBuffer.cleaner(): available
18:07:50.006 [main] DEBUG io.netty.util.internal.PlatformDependent - sun.misc.Unsafe: available
18:07:50.006 [main] DEBUG io.netty.util.internal.PlatformDependent - -Dio.netty.tmpdir: /tmp (java.io.tmpdir)
18:07:50.006 [main] DEBUG io.netty.util.internal.PlatformDependent - -Dio.netty.bitMode: 64 (sun.arch.data.model)
18:07:50.007 [main] DEBUG io.netty.util.internal.PlatformDependent - -Dio.netty.maxDirectMemory: 11420041216 bytes
18:07:50.007 [main] DEBUG io.netty.util.internal.PlatformDependent - -Dio.netty.uninitializedArrayAllocationThreshold: -1
18:07:50.007 [main] DEBUG io.netty.util.internal.PlatformDependent - -Dio.netty.noPreferDirect: false
18:07:50.008 [main] DEBUG io.netty.util.internal.CleanerJava9 - java.nio.ByteBuffer.cleaner(): unavailable
java.lang.NoSuchMethodException: sun.misc.Unsafe.invokeCleaner(java.nio.ByteBuffer)
	at java.lang.Class.getDeclaredMethod(Class.java:2130)
	at io.netty.util.internal.CleanerJava9$1.run(CleanerJava9.java:45)
	at java.security.AccessController.doPrivileged(Native Method)
	at io.netty.util.internal.CleanerJava9.__STATIC_RESET(CleanerJava9.java:40)
	at sun.reflect.GeneratedMethodAccessor26.invoke(Unknown Source)
	at sun.reflect.DelegatingMethodAccessorImpl.invoke(DelegatingMethodAccessorImpl.java:43)
	at java.lang.reflect.Method.invoke(Method.java:498)
	at org.evosuite.runtime.classhandling.ClassResetter.reset(ClassResetter.java:159)
	at org.evosuite.runtime.classhandling.ClassStateSupport.resetClasses(ClassStateSupport.java:137)
	at io.netty.handler.codec.compression.ByteBufChecksum_ESTest_scaffolding.resetClasses(ByteBufChecksum_ESTest_scaffolding.java:278)
	at io.netty.handler.codec.compression.ByteBufChecksum_ESTest_scaffolding.doneWithTestCase(ByteBufChecksum_ESTest_scaffolding.java:66)
	at sun.reflect.GeneratedMethodAccessor8.invoke(Unknown Source)
	at sun.reflect.DelegatingMethodAccessorImpl.invoke(DelegatingMethodAccessorImpl.java:43)
	at java.lang.reflect.Method.invoke(Method.java:498)
	at org.junit.runners.model.FrameworkMethod$1.runReflectiveCall(FrameworkMethod.java:59)
	at org.junit.internal.runners.model.ReflectiveCallable.run(ReflectiveCallable.java:12)
	at org.junit.runners.model.FrameworkMethod.invokeExplosively(FrameworkMethod.java:56)
	at org.junit.internal.runners.statements.RunAfters.invokeMethod(RunAfters.java:46)
	at org.junit.internal.runners.statements.RunAfters.evaluate(RunAfters.java:33)
	at org.evosuite.runtime.vnet.NonFunctionalRequirementRule$1.evaluate(NonFunctionalRequirementRule.java:41)
	at org.junit.runners.ParentRunner$3.evaluate(ParentRunner.java:306)
	at org.junit.runners.BlockJUnit4ClassRunner$1.evaluate(BlockJUnit4ClassRunner.java:100)
	at org.junit.runners.ParentRunner.runLeaf(ParentRunner.java:366)
	at org.junit.runners.BlockJUnit4ClassRunner.runChild(BlockJUnit4ClassRunner.java:103)
	at org.junit.runners.BlockJUnit4ClassRunner.runChild(BlockJUnit4ClassRunner.java:63)
	at org.junit.runners.ParentRunner$4.run(ParentRunner.java:331)
	at org.junit.runners.ParentRunner$1.schedule(ParentRunner.java:79)
	at org.junit.runners.ParentRunner.runChildren(ParentRunner.java:329)
	at org.junit.runners.ParentRunner.access$100(ParentRunner.java:66)
	at org.junit.runners.ParentRunner$2.evaluate(ParentRunner.java:293)
	at org.junit.internal.runners.statements.RunBefores.evaluate(RunBefores.java:26)
	at org.junit.internal.runners.statements.RunAfters.evaluate(RunAfters.java:27)
	at org.junit.runners.ParentRunner$3.evaluate(ParentRunner.java:306)
	at org.junit.runners.ParentRunner.run(ParentRunner.java:413)
	at org.apache.maven.surefire.junit4.JUnit4Provider.execute(JUnit4Provider.java:316)
	at org.apache.maven.surefire.junit4.JUnit4Provider.executeWithRerun(JUnit4Provider.java:240)
	at org.apache.maven.surefire.junit4.JUnit4Provider.executeTestSet(JUnit4Provider.java:214)
	at org.apache.maven.surefire.junit4.JUnit4Provider.invoke(JUnit4Provider.java:155)
	at org.apache.maven.surefire.booter.ForkedBooter.runSuitesInProcess(ForkedBooter.java:385)
	at org.apache.maven.surefire.booter.ForkedBooter.execute(ForkedBooter.java:162)
	at org.apache.maven.surefire.booter.ForkedBooter.run(ForkedBooter.java:507)
	at org.apache.maven.surefire.booter.ForkedBooter.main(ForkedBooter.java:495)
18:07:50.009 [main] DEBUG io.netty.util.ResourceLeakDetector - -Dio.netty.leakDetection.level: simple
18:07:50.009 [main] DEBUG io.netty.util.ResourceLeakDetector - -Dio.netty.leakDetection.targetRecords: 4
18:07:50.011 [main] DEBUG io.netty.util.internal.InternalThreadLocalMap - -Dio.netty.threadLocalMap.stringBuilder.initialSize: 1024
18:07:50.011 [main] DEBUG io.netty.util.internal.InternalThreadLocalMap - -Dio.netty.threadLocalMap.stringBuilder.maxSize: 4096
18:07:50.012 [main] DEBUG io.netty.buffer.PooledByteBufAllocator - -Dio.netty.allocator.numHeapArenas: 0
18:07:50.012 [main] DEBUG io.netty.buffer.PooledByteBufAllocator - -Dio.netty.allocator.numDirectArenas: 2
18:07:50.012 [main] DEBUG io.netty.buffer.PooledByteBufAllocator - -Dio.netty.allocator.pageSize: 8192
18:07:50.012 [main] DEBUG io.netty.buffer.PooledByteBufAllocator - -Dio.netty.allocator.maxOrder: 9
18:07:50.012 [main] DEBUG io.netty.buffer.PooledByteBufAllocator - -Dio.netty.allocator.chunkSize: 4194304
18:07:50.012 [main] DEBUG io.netty.buffer.PooledByteBufAllocator - -Dio.netty.allocator.smallCacheSize: 256
18:07:50.012 [main] DEBUG io.netty.buffer.PooledByteBufAllocator - -Dio.netty.allocator.normalCacheSize: 64
18:07:50.012 [main] DEBUG io.netty.buffer.PooledByteBufAllocator - -Dio.netty.allocator.maxCachedBufferCapacity: 32768
18:07:50.012 [main] DEBUG io.netty.buffer.PooledByteBufAllocator - -Dio.netty.allocator.cacheTrimInterval: 8192
18:07:50.012 [main] DEBUG io.netty.buffer.PooledByteBufAllocator - -Dio.netty.allocator.cacheTrimIntervalMillis: 0
18:07:50.012 [main] DEBUG io.netty.buffer.PooledByteBufAllocator - -Dio.netty.allocator.useCacheForAllThreads: false
18:07:50.012 [main] DEBUG io.netty.buffer.PooledByteBufAllocator - -Dio.netty.allocator.maxCachedByteBuffersPerChunk: 1023
18:07:50.013 [main] DEBUG io.netty.buffer.AbstractByteBuf - -Dio.netty.buffer.checkAccessible: true
18:07:50.013 [main] DEBUG io.netty.buffer.AbstractByteBuf - -Dio.netty.buffer.checkBounds: true
18:07:50.013 [main] DEBUG io.netty.util.ResourceLeakDetectorFactory - Loaded default ResourceLeakDetector: io.netty.util.ResourceLeakDetector@5
18:07:50.014 [main] DEBUG io.netty.util.Recycler - -Dio.netty.recycler.maxCapacityPerThread: 4096
18:07:50.014 [main] DEBUG io.netty.util.Recycler - -Dio.netty.recycler.ratio: 8
18:07:50.014 [main] DEBUG io.netty.util.Recycler - -Dio.netty.recycler.chunkSize: 32
18:07:50.014 [main] DEBUG io.netty.util.Recycler - -Dio.netty.recycler.blocking: false
18:07:50.014 [main] DEBUG io.netty.util.Recycler - -Dio.netty.recycler.batchFastThreadLocalOnly: true
18:07:50.015 [main] DEBUG io.netty.util.internal.PlatformDependent - org.jctools-core.MpscChunkedArrayQueue: available
18:07:50.020 [main] DEBUG io.netty.buffer.ByteBufUtil - -Dio.netty.allocator.type: pooled
18:07:50.020 [main] DEBUG io.netty.buffer.ByteBufUtil - -Dio.netty.threadLocalDirectBufferSize: 0
18:07:50.020 [main] DEBUG io.netty.buffer.ByteBufUtil - -Dio.netty.maxThreadLocalCharBufferSize: 16384
]]></system-out>
  </testcase>
  <testcase name="test11" classname="io.netty.handler.codec.compression.ByteBufChecksum_ESTest" time="0.012">
    <system-out><![CDATA[18:07:50.042 [main] DEBUG io.netty.util.internal.logging.InternalLoggerFactory - Using SLF4J as the default logging framework
18:07:50.042 [main] DEBUG io.netty.util.internal.PlatformDependent0 - -Dio.netty.noUnsafe: false
18:07:50.043 [main] DEBUG io.netty.util.internal.PlatformDependent0 - Java version: 8
18:07:50.043 [main] DEBUG io.netty.util.internal.PlatformDependent0 - sun.misc.Unsafe.theUnsafe: available
18:07:50.043 [main] DEBUG io.netty.util.internal.PlatformDependent0 - sun.misc.Unsafe.copyMemory: available
18:07:50.043 [main] DEBUG io.netty.util.internal.PlatformDependent0 - sun.misc.Unsafe.storeFence: available
18:07:50.043 [main] DEBUG io.netty.util.internal.PlatformDependent0 - java.nio.Buffer.address: available
18:07:50.043 [main] DEBUG io.netty.util.internal.PlatformDependent0 - direct buffer constructor: available
18:07:50.043 [main] DEBUG io.netty.util.internal.PlatformDependent0 - java.nio.Bits.unaligned: available, true
18:07:50.043 [main] DEBUG io.netty.util.internal.PlatformDependent0 - jdk.internal.misc.Unsafe.allocateUninitializedArray(int): unavailable prior to Java9
18:07:50.043 [main] DEBUG io.netty.util.internal.PlatformDependent0 - java.nio.DirectByteBuffer.<init>(long, {int,long}): available
18:07:50.044 [main] DEBUG io.netty.util.internal.CleanerJava6 - java.nio.ByteBuffer.cleaner(): available
18:07:50.044 [main] DEBUG io.netty.util.internal.PlatformDependent - sun.misc.Unsafe: available
18:07:50.044 [main] DEBUG io.netty.util.internal.PlatformDependent - -Dio.netty.tmpdir: /tmp (java.io.tmpdir)
18:07:50.044 [main] DEBUG io.netty.util.internal.PlatformDependent - -Dio.netty.bitMode: 64 (sun.arch.data.model)
18:07:50.045 [main] DEBUG io.netty.util.internal.PlatformDependent - -Dio.netty.maxDirectMemory: 11420041216 bytes
18:07:50.045 [main] DEBUG io.netty.util.internal.PlatformDependent - -Dio.netty.uninitializedArrayAllocationThreshold: -1
18:07:50.045 [main] DEBUG io.netty.util.internal.PlatformDependent - -Dio.netty.noPreferDirect: false
18:07:50.046 [main] DEBUG io.netty.util.internal.CleanerJava9 - java.nio.ByteBuffer.cleaner(): unavailable
java.lang.NoSuchMethodException: sun.misc.Unsafe.invokeCleaner(java.nio.ByteBuffer)
	at java.lang.Class.getDeclaredMethod(Class.java:2130)
	at io.netty.util.internal.CleanerJava9$1.run(CleanerJava9.java:45)
	at java.security.AccessController.doPrivileged(Native Method)
	at io.netty.util.internal.CleanerJava9.__STATIC_RESET(CleanerJava9.java:40)
	at sun.reflect.GeneratedMethodAccessor26.invoke(Unknown Source)
	at sun.reflect.DelegatingMethodAccessorImpl.invoke(DelegatingMethodAccessorImpl.java:43)
	at java.lang.reflect.Method.invoke(Method.java:498)
	at org.evosuite.runtime.classhandling.ClassResetter.reset(ClassResetter.java:159)
	at org.evosuite.runtime.classhandling.ClassStateSupport.resetClasses(ClassStateSupport.java:137)
	at io.netty.handler.codec.compression.ByteBufChecksum_ESTest_scaffolding.resetClasses(ByteBufChecksum_ESTest_scaffolding.java:278)
	at io.netty.handler.codec.compression.ByteBufChecksum_ESTest_scaffolding.doneWithTestCase(ByteBufChecksum_ESTest_scaffolding.java:66)
	at sun.reflect.GeneratedMethodAccessor8.invoke(Unknown Source)
	at sun.reflect.DelegatingMethodAccessorImpl.invoke(DelegatingMethodAccessorImpl.java:43)
	at java.lang.reflect.Method.invoke(Method.java:498)
	at org.junit.runners.model.FrameworkMethod$1.runReflectiveCall(FrameworkMethod.java:59)
	at org.junit.internal.runners.model.ReflectiveCallable.run(ReflectiveCallable.java:12)
	at org.junit.runners.model.FrameworkMethod.invokeExplosively(FrameworkMethod.java:56)
	at org.junit.internal.runners.statements.RunAfters.invokeMethod(RunAfters.java:46)
	at org.junit.internal.runners.statements.RunAfters.evaluate(RunAfters.java:33)
	at org.evosuite.runtime.vnet.NonFunctionalRequirementRule$1.evaluate(NonFunctionalRequirementRule.java:41)
	at org.junit.runners.ParentRunner$3.evaluate(ParentRunner.java:306)
	at org.junit.runners.BlockJUnit4ClassRunner$1.evaluate(BlockJUnit4ClassRunner.java:100)
	at org.junit.runners.ParentRunner.runLeaf(ParentRunner.java:366)
	at org.junit.runners.BlockJUnit4ClassRunner.runChild(BlockJUnit4ClassRunner.java:103)
	at org.junit.runners.BlockJUnit4ClassRunner.runChild(BlockJUnit4ClassRunner.java:63)
	at org.junit.runners.ParentRunner$4.run(ParentRunner.java:331)
	at org.junit.runners.ParentRunner$1.schedule(ParentRunner.java:79)
	at org.junit.runners.ParentRunner.runChildren(ParentRunner.java:329)
	at org.junit.runners.ParentRunner.access$100(ParentRunner.java:66)
	at org.junit.runners.ParentRunner$2.evaluate(ParentRunner.java:293)
	at org.junit.internal.runners.statements.RunBefores.evaluate(RunBefores.java:26)
	at org.junit.internal.runners.statements.RunAfters.evaluate(RunAfters.java:27)
	at org.junit.runners.ParentRunner$3.evaluate(ParentRunner.java:306)
	at org.junit.runners.ParentRunner.run(ParentRunner.java:413)
	at org.apache.maven.surefire.junit4.JUnit4Provider.execute(JUnit4Provider.java:316)
	at org.apache.maven.surefire.junit4.JUnit4Provider.executeWithRerun(JUnit4Provider.java:240)
	at org.apache.maven.surefire.junit4.JUnit4Provider.executeTestSet(JUnit4Provider.java:214)
	at org.apache.maven.surefire.junit4.JUnit4Provider.invoke(JUnit4Provider.java:155)
	at org.apache.maven.surefire.booter.ForkedBooter.runSuitesInProcess(ForkedBooter.java:385)
	at org.apache.maven.surefire.booter.ForkedBooter.execute(ForkedBooter.java:162)
	at org.apache.maven.surefire.booter.ForkedBooter.run(ForkedBooter.java:507)
	at org.apache.maven.surefire.booter.ForkedBooter.main(ForkedBooter.java:495)
18:07:50.048 [main] DEBUG io.netty.util.ResourceLeakDetector - -Dio.netty.leakDetection.level: simple
18:07:50.048 [main] DEBUG io.netty.util.ResourceLeakDetector - -Dio.netty.leakDetection.targetRecords: 4
18:07:50.049 [main] DEBUG io.netty.util.internal.InternalThreadLocalMap - -Dio.netty.threadLocalMap.stringBuilder.initialSize: 1024
18:07:50.049 [main] DEBUG io.netty.util.internal.InternalThreadLocalMap - -Dio.netty.threadLocalMap.stringBuilder.maxSize: 4096
18:07:50.050 [main] DEBUG io.netty.buffer.PooledByteBufAllocator - -Dio.netty.allocator.numHeapArenas: 0
18:07:50.050 [main] DEBUG io.netty.buffer.PooledByteBufAllocator - -Dio.netty.allocator.numDirectArenas: 2
18:07:50.050 [main] DEBUG io.netty.buffer.PooledByteBufAllocator - -Dio.netty.allocator.pageSize: 8192
18:07:50.050 [main] DEBUG io.netty.buffer.PooledByteBufAllocator - -Dio.netty.allocator.maxOrder: 9
18:07:50.050 [main] DEBUG io.netty.buffer.PooledByteBufAllocator - -Dio.netty.allocator.chunkSize: 4194304
18:07:50.050 [main] DEBUG io.netty.buffer.PooledByteBufAllocator - -Dio.netty.allocator.smallCacheSize: 256
18:07:50.050 [main] DEBUG io.netty.buffer.PooledByteBufAllocator - -Dio.netty.allocator.normalCacheSize: 64
18:07:50.050 [main] DEBUG io.netty.buffer.PooledByteBufAllocator - -Dio.netty.allocator.maxCachedBufferCapacity: 32768
18:07:50.050 [main] DEBUG io.netty.buffer.PooledByteBufAllocator - -Dio.netty.allocator.cacheTrimInterval: 8192
18:07:50.050 [main] DEBUG io.netty.buffer.PooledByteBufAllocator - -Dio.netty.allocator.cacheTrimIntervalMillis: 0
18:07:50.050 [main] DEBUG io.netty.buffer.PooledByteBufAllocator - -Dio.netty.allocator.useCacheForAllThreads: false
18:07:50.050 [main] DEBUG io.netty.buffer.PooledByteBufAllocator - -Dio.netty.allocator.maxCachedByteBuffersPerChunk: 1023
18:07:50.051 [main] DEBUG io.netty.buffer.AbstractByteBuf - -Dio.netty.buffer.checkAccessible: true
18:07:50.051 [main] DEBUG io.netty.buffer.AbstractByteBuf - -Dio.netty.buffer.checkBounds: true
18:07:50.051 [main] DEBUG io.netty.util.ResourceLeakDetectorFactory - Loaded default ResourceLeakDetector: io.netty.util.ResourceLeakDetector@5
18:07:50.052 [main] DEBUG io.netty.util.Recycler - -Dio.netty.recycler.maxCapacityPerThread: 4096
18:07:50.052 [main] DEBUG io.netty.util.Recycler - -Dio.netty.recycler.ratio: 8
18:07:50.052 [main] DEBUG io.netty.util.Recycler - -Dio.netty.recycler.chunkSize: 32
18:07:50.052 [main] DEBUG io.netty.util.Recycler - -Dio.netty.recycler.blocking: false
18:07:50.052 [main] DEBUG io.netty.util.Recycler - -Dio.netty.recycler.batchFastThreadLocalOnly: true
18:07:50.052 [main] DEBUG io.netty.util.internal.PlatformDependent - org.jctools-core.MpscChunkedArrayQueue: available
18:07:50.053 [main] DEBUG io.netty.buffer.ByteBufUtil - -Dio.netty.allocator.type: pooled
18:07:50.053 [main] DEBUG io.netty.buffer.ByteBufUtil - -Dio.netty.threadLocalDirectBufferSize: 0
18:07:50.053 [main] DEBUG io.netty.buffer.ByteBufUtil - -Dio.netty.maxThreadLocalCharBufferSize: 16384
]]></system-out>
  </testcase>
</testsuite>