<?xml version="1.0" encoding="UTF-8"?>
<testsuite xmlns:xsi="http://www.w3.org/2001/XMLSchema-instance" xsi:noNamespaceSchemaLocation="https://maven.apache.org/surefire/maven-surefire-plugin/xsd/surefire-test-report-3.0.xsd" version="3.0" name="org.threeten.bp.chrono.ChronoLocalDate_ESTest" time="3.636" tests="87" errors="0" skipped="0" failures="0">
  <properties>
    <property name="awt.toolkit" value="sun.awt.X11.XToolkit"/>
    <property name="file.encoding.pkg" value="sun.io"/>
    <property name="java.specification.version" value="1.8"/>
    <property name="sun.cpu.isalist" value=""/>
    <property name="sun.jnu.encoding" value="UTF-8"/>
    <property name="java.class.path" value="/home/wtwhite/code/regression-test-generation/find-diff-classes/compile/mvnc/org/threeten/threetenbp/1.6.5/target/test-classes:/home/wtwhite/code/regression-test-generation/find-diff-classes/compile/mvnc/org/threeten/threetenbp/1.6.5/target/classes:/home/wtwhite/code/craw-redhat-oss/wget/crawl/repo1.maven.org/maven2/org/threeten/threetenbp/1.6.5/threetenbp-1.6.5.jar:/home/wtwhite/code/regression-test-generation/find-diff-classes/compile/mvnc/org/threeten/threetenbp/1.6.5/t/dependency/jcommander-1.27.jar:/home/wtwhite/code/regression-test-generation/find-diff-classes/compile/mvnc/org/threeten/threetenbp/1.6.5/t/dependency/testng-6.8.21.jar:/home/wtwhite/code/regression-test-generation/evosuite/evosuite-standalone-runtime-1.2.0.jar:/home/wtwhite/.m2/repository/junit/junit/4.13.2/junit-4.13.2.jar:/home/wtwhite/.m2/repository/org/hamcrest/hamcrest-core/1.3/hamcrest-core-1.3.jar:"/>
    <property name="java.vm.vendor" value="Private Build"/>
    <property name="sun.arch.data.model" value="64"/>
    <property name="java.vendor.url" value="http://java.oracle.com/"/>
    <property name="user.timezone" value=""/>
    <property name="java.vm.specification.version" value="1.8"/>
    <property name="os.name" value="Linux"/>
    <property name="RUNDIR" value="/home/wtwhite/code/regression-test-generation/find-diff-classes/run-mvn"/>
    <property name="user.country" value="NZ"/>
    <property name="sun.java.launcher" value="SUN_STANDARD"/>
    <property name="sun.boot.library.path" value="/usr/lib/jvm/java-8-openjdk-amd64/jre/lib/amd64"/>
    <property name="sun.java.command" value="/home/wtwhite/code/regression-test-generation/find-diff-classes/compile/mvnc/org/threeten/threetenbp/1.6.5/target/surefire/surefirebooter-20241106134456138_3.jar /home/wtwhite/code/regression-test-generation/find-diff-classes/compile/mvnc/org/threeten/threetenbp/1.6.5/target/surefire 2024-11-06T13-44-55_935-jvmRun1 surefire-20241106134456138_1tmp surefire_0-20241106134456138_2tmp"/>
    <property name="surefire.test.class.path" value="/home/wtwhite/code/regression-test-generation/find-diff-classes/compile/mvnc/org/threeten/threetenbp/1.6.5/target/test-classes:/home/wtwhite/code/regression-test-generation/find-diff-classes/compile/mvnc/org/threeten/threetenbp/1.6.5/target/classes:/home/wtwhite/code/craw-redhat-oss/wget/crawl/repo1.maven.org/maven2/org/threeten/threetenbp/1.6.5/threetenbp-1.6.5.jar:/home/wtwhite/code/regression-test-generation/find-diff-classes/compile/mvnc/org/threeten/threetenbp/1.6.5/t/dependency/jcommander-1.27.jar:/home/wtwhite/code/regression-test-generation/find-diff-classes/compile/mvnc/org/threeten/threetenbp/1.6.5/t/dependency/testng-6.8.21.jar:/home/wtwhite/code/regression-test-generation/evosuite/evosuite-standalone-runtime-1.2.0.jar:/home/wtwhite/.m2/repository/junit/junit/4.13.2/junit-4.13.2.jar:/home/wtwhite/.m2/repository/org/hamcrest/hamcrest-core/1.3/hamcrest-core-1.3.jar:"/>
    <property name="sun.cpu.endian" value="little"/>
    <property name="user.home" value="/home/wtwhite"/>
    <property name="user.language" value="en"/>
    <property name="java.specification.vendor" value="Oracle Corporation"/>
    <property name="java.home" value="/usr/lib/jvm/java-8-openjdk-amd64/jre"/>
    <property name="basedir" value="/home/wtwhite/code/regression-test-generation/find-diff-classes/compile/mvnc/org/threeten/threetenbp/1.6.5"/>
    <property name="file.separator" value="/"/>
    <property name="line.separator" value="&#10;"/>
    <property name="java.vm.specification.vendor" value="Oracle Corporation"/>
    <property name="java.specification.name" value="Java Platform API Specification"/>
    <property name="java.awt.graphicsenv" value="sun.awt.X11GraphicsEnvironment"/>
    <property name="surefire.real.class.path" value="/home/wtwhite/code/regression-test-generation/find-diff-classes/compile/mvnc/org/threeten/threetenbp/1.6.5/target/surefire/surefirebooter-20241106134456138_3.jar"/>
    <property name="sun.boot.class.path" value="/usr/lib/jvm/java-8-openjdk-amd64/jre/lib/resources.jar:/usr/lib/jvm/java-8-openjdk-amd64/jre/lib/rt.jar:/usr/lib/jvm/java-8-openjdk-amd64/jre/lib/sunrsasign.jar:/usr/lib/jvm/java-8-openjdk-amd64/jre/lib/jsse.jar:/usr/lib/jvm/java-8-openjdk-amd64/jre/lib/jce.jar:/usr/lib/jvm/java-8-openjdk-amd64/jre/lib/charsets.jar:/usr/lib/jvm/java-8-openjdk-amd64/jre/lib/jfr.jar:/usr/lib/jvm/java-8-openjdk-amd64/jre/classes"/>
    <property name="sun.management.compiler" value="HotSpot 64-Bit Tiered Compilers"/>
    <property name="java.runtime.version" value="1.8.0_382-8u382-ga-1~22.04.1-b05"/>
    <property name="user.name" value="wtwhite"/>
    <property name="path.separator" value=":"/>
    <property name="os.version" value="5.15.0-87-generic"/>
    <property name="java.endorsed.dirs" value="/usr/lib/jvm/java-8-openjdk-amd64/jre/lib/endorsed"/>
    <property name="java.runtime.name" value="OpenJDK Runtime Environment"/>
    <property name="file.encoding" value="UTF-8"/>
    <property name="java.vm.name" value="OpenJDK 64-Bit Server VM"/>
    <property name="localRepository" value="/home/wtwhite/.m2/repository"/>
    <property name="java.vendor.url.bug" value="http://bugreport.sun.com/bugreport/"/>
    <property name="java.io.tmpdir" value="/tmp"/>
    <property name="java.version" value="1.8.0_382"/>
    <property name="user.dir" value="/home/wtwhite/code/regression-test-generation/find-diff-classes/compile/mvnc/org/threeten/threetenbp/1.6.5"/>
    <property name="os.arch" value="amd64"/>
    <property name="java.vm.specification.name" value="Java Virtual Machine Specification"/>
    <property name="java.awt.printerjob" value="sun.print.PSPrinterJob"/>
    <property name="sun.os.patch.level" value="unknown"/>
    <property name="java.library.path" value="/usr/java/packages/lib/amd64:/usr/lib/x86_64-linux-gnu/jni:/lib/x86_64-linux-gnu:/usr/lib/x86_64-linux-gnu:/usr/lib/jni:/lib:/usr/lib"/>
    <property name="java.vm.info" value="mixed mode"/>
    <property name="java.vendor" value="Private Build"/>
    <property name="java.vm.version" value="25.382-b05"/>
    <property name="java.specification.maintenance.version" value="5"/>
    <property name="java.ext.dirs" value="/usr/lib/jvm/java-8-openjdk-amd64/jre/lib/ext:/usr/java/packages/lib/ext"/>
    <property name="sun.io.unicode.encoding" value="UnicodeLittle"/>
    <property name="java.class.version" value="52.0"/>
  </properties>
  <testcase name="test83" classname="org.threeten.bp.chrono.ChronoLocalDate_ESTest" time="0.114">
    <system-err><![CDATA[SLF4J: Failed to load class "org.slf4j.impl.StaticLoggerBinder".
SLF4J: Defaulting to no-operation (NOP) logger implementation
SLF4J: See http://www.slf4j.org/codes.html#StaticLoggerBinder for further details.
]]></system-err>
  </testcase>
  <testcase name="test82" classname="org.threeten.bp.chrono.ChronoLocalDate_ESTest" time="0.026"/>
  <testcase name="test41" classname="org.threeten.bp.chrono.ChronoLocalDate_ESTest" time="0.027"/>
  <testcase name="test85" classname="org.threeten.bp.chrono.ChronoLocalDate_ESTest" time="0.022"/>
  <testcase name="test40" classname="org.threeten.bp.chrono.ChronoLocalDate_ESTest" time="0.022"/>
  <testcase name="test84" classname="org.threeten.bp.chrono.ChronoLocalDate_ESTest" time="0.022"/>
  <testcase name="test81" classname="org.threeten.bp.chrono.ChronoLocalDate_ESTest" time="0.021"/>
  <testcase name="test80" classname="org.threeten.bp.chrono.ChronoLocalDate_ESTest" time="0.031"/>
  <testcase name="test03" classname="org.threeten.bp.chrono.ChronoLocalDate_ESTest" time="0.039"/>
  <testcase name="test47" classname="org.threeten.bp.chrono.ChronoLocalDate_ESTest" time="0.012"/>
  <testcase name="test02" classname="org.threeten.bp.chrono.ChronoLocalDate_ESTest" time="0.015"/>
  <testcase name="test46" classname="org.threeten.bp.chrono.ChronoLocalDate_ESTest" time="0.021"/>
  <testcase name="test05" classname="org.threeten.bp.chrono.ChronoLocalDate_ESTest" time="0.022"/>
  <testcase name="test49" classname="org.threeten.bp.chrono.ChronoLocalDate_ESTest" time="0.015"/>
  <testcase name="test04" classname="org.threeten.bp.chrono.ChronoLocalDate_ESTest" time="0.018"/>
  <testcase name="test48" classname="org.threeten.bp.chrono.ChronoLocalDate_ESTest" time="0.051"/>
  <testcase name="test43" classname="org.threeten.bp.chrono.ChronoLocalDate_ESTest" time="0.012"/>
  <testcase name="test42" classname="org.threeten.bp.chrono.ChronoLocalDate_ESTest" time="0.012"/>
  <testcase name="test86" classname="org.threeten.bp.chrono.ChronoLocalDate_ESTest" time="0.012"/>
  <testcase name="test01" classname="org.threeten.bp.chrono.ChronoLocalDate_ESTest" time="0.012"/>
  <testcase name="test45" classname="org.threeten.bp.chrono.ChronoLocalDate_ESTest" time="0.011"/>
  <testcase name="test00" classname="org.threeten.bp.chrono.ChronoLocalDate_ESTest" time="0.012"/>
  <testcase name="test44" classname="org.threeten.bp.chrono.ChronoLocalDate_ESTest" time="0.009"/>
  <testcase name="test07" classname="org.threeten.bp.chrono.ChronoLocalDate_ESTest" time="0.009"/>
  <testcase name="test06" classname="org.threeten.bp.chrono.ChronoLocalDate_ESTest" time="0.013"/>
  <testcase name="test09" classname="org.threeten.bp.chrono.ChronoLocalDate_ESTest" time="0.012"/>
  <testcase name="test08" classname="org.threeten.bp.chrono.ChronoLocalDate_ESTest" time="0.009"/>
  <testcase name="test50" classname="org.threeten.bp.chrono.ChronoLocalDate_ESTest" time="0.012"/>
  <testcase name="test52" classname="org.threeten.bp.chrono.ChronoLocalDate_ESTest" time="0.014"/>
  <testcase name="test51" classname="org.threeten.bp.chrono.ChronoLocalDate_ESTest" time="0.011"/>
  <testcase name="test14" classname="org.threeten.bp.chrono.ChronoLocalDate_ESTest" time="0.013"/>
  <testcase name="test58" classname="org.threeten.bp.chrono.ChronoLocalDate_ESTest" time="0.014"/>
  <testcase name="test13" classname="org.threeten.bp.chrono.ChronoLocalDate_ESTest" time="0.044"/>
  <testcase name="test57" classname="org.threeten.bp.chrono.ChronoLocalDate_ESTest" time="0.01"/>
  <testcase name="test16" classname="org.threeten.bp.chrono.ChronoLocalDate_ESTest" time="0.009"/>
  <testcase name="test15" classname="org.threeten.bp.chrono.ChronoLocalDate_ESTest" time="0.009"/>
  <testcase name="test59" classname="org.threeten.bp.chrono.ChronoLocalDate_ESTest" time="0.01"/>
  <testcase name="test10" classname="org.threeten.bp.chrono.ChronoLocalDate_ESTest" time="0.01"/>
  <testcase name="test54" classname="org.threeten.bp.chrono.ChronoLocalDate_ESTest" time="0.01"/>
  <testcase name="test53" classname="org.threeten.bp.chrono.ChronoLocalDate_ESTest" time="0.01"/>
  <testcase name="test12" classname="org.threeten.bp.chrono.ChronoLocalDate_ESTest" time="0.009"/>
  <testcase name="test56" classname="org.threeten.bp.chrono.ChronoLocalDate_ESTest" time="0.009"/>
  <testcase name="test11" classname="org.threeten.bp.chrono.ChronoLocalDate_ESTest" time="0.011"/>
  <testcase name="test55" classname="org.threeten.bp.chrono.ChronoLocalDate_ESTest" time="0.022"/>
  <testcase name="test18" classname="org.threeten.bp.chrono.ChronoLocalDate_ESTest" time="0.01"/>
  <testcase name="test17" classname="org.threeten.bp.chrono.ChronoLocalDate_ESTest" time="0.011"/>
  <testcase name="test19" classname="org.threeten.bp.chrono.ChronoLocalDate_ESTest" time="0.01"/>
  <testcase name="test61" classname="org.threeten.bp.chrono.ChronoLocalDate_ESTest" time="0.01"/>
  <testcase name="test60" classname="org.threeten.bp.chrono.ChronoLocalDate_ESTest" time="0.012"/>
  <testcase name="test63" classname="org.threeten.bp.chrono.ChronoLocalDate_ESTest" time="0.013"/>
  <testcase name="test62" classname="org.threeten.bp.chrono.ChronoLocalDate_ESTest" time="0.015"/>
  <testcase name="test25" classname="org.threeten.bp.chrono.ChronoLocalDate_ESTest" time="0.013"/>
  <testcase name="test69" classname="org.threeten.bp.chrono.ChronoLocalDate_ESTest" time="0.013"/>
  <testcase name="test24" classname="org.threeten.bp.chrono.ChronoLocalDate_ESTest" time="0.011"/>
  <testcase name="test68" classname="org.threeten.bp.chrono.ChronoLocalDate_ESTest" time="0.014"/>
  <testcase name="test27" classname="org.threeten.bp.chrono.ChronoLocalDate_ESTest" time="0.013"/>
  <testcase name="test26" classname="org.threeten.bp.chrono.ChronoLocalDate_ESTest" time="0.011"/>
  <testcase name="test21" classname="org.threeten.bp.chrono.ChronoLocalDate_ESTest" time="0.007"/>
  <testcase name="test65" classname="org.threeten.bp.chrono.ChronoLocalDate_ESTest" time="0.01"/>
  <testcase name="test20" classname="org.threeten.bp.chrono.ChronoLocalDate_ESTest" time="0.013"/>
  <testcase name="test64" classname="org.threeten.bp.chrono.ChronoLocalDate_ESTest" time="0.012"/>
  <testcase name="test23" classname="org.threeten.bp.chrono.ChronoLocalDate_ESTest" time="0.019"/>
  <testcase name="test67" classname="org.threeten.bp.chrono.ChronoLocalDate_ESTest" time="0.014"/>
  <testcase name="test22" classname="org.threeten.bp.chrono.ChronoLocalDate_ESTest" time="0.012"/>
  <testcase name="test66" classname="org.threeten.bp.chrono.ChronoLocalDate_ESTest" time="0.014"/>
  <testcase name="test29" classname="org.threeten.bp.chrono.ChronoLocalDate_ESTest" time="0.01"/>
  <testcase name="test28" classname="org.threeten.bp.chrono.ChronoLocalDate_ESTest" time="0.011"/>
  <testcase name="test72" classname="org.threeten.bp.chrono.ChronoLocalDate_ESTest" time="0.011"/>
  <testcase name="test71" classname="org.threeten.bp.chrono.ChronoLocalDate_ESTest" time="0.011"/>
  <testcase name="test30" classname="org.threeten.bp.chrono.ChronoLocalDate_ESTest" time="0.01"/>
  <testcase name="test74" classname="org.threeten.bp.chrono.ChronoLocalDate_ESTest" time="0.01"/>
  <testcase name="test73" classname="org.threeten.bp.chrono.ChronoLocalDate_ESTest" time="0.011"/>
  <testcase name="test70" classname="org.threeten.bp.chrono.ChronoLocalDate_ESTest" time="0.01"/>
  <testcase name="test36" classname="org.threeten.bp.chrono.ChronoLocalDate_ESTest" time="0.011"/>
  <testcase name="test35" classname="org.threeten.bp.chrono.ChronoLocalDate_ESTest" time="0.011"/>
  <testcase name="test79" classname="org.threeten.bp.chrono.ChronoLocalDate_ESTest" time="0.012"/>
  <testcase name="test38" classname="org.threeten.bp.chrono.ChronoLocalDate_ESTest" time="0.011"/>
  <testcase name="test37" classname="org.threeten.bp.chrono.ChronoLocalDate_ESTest" time="0.008"/>
  <testcase name="test32" classname="org.threeten.bp.chrono.ChronoLocalDate_ESTest" time="0.01"/>
  <testcase name="test76" classname="org.threeten.bp.chrono.ChronoLocalDate_ESTest" time="0.012"/>
  <testcase name="test31" classname="org.threeten.bp.chrono.ChronoLocalDate_ESTest" time="0.01"/>
  <testcase name="test75" classname="org.threeten.bp.chrono.ChronoLocalDate_ESTest" time="0.011"/>
  <testcase name="test34" classname="org.threeten.bp.chrono.ChronoLocalDate_ESTest" time="0.013"/>
  <testcase name="test78" classname="org.threeten.bp.chrono.ChronoLocalDate_ESTest" time="0.023"/>
  <testcase name="test33" classname="org.threeten.bp.chrono.ChronoLocalDate_ESTest" time="0.012"/>
  <testcase name="test77" classname="org.threeten.bp.chrono.ChronoLocalDate_ESTest" time="0.01"/>
  <testcase name="test39" classname="org.threeten.bp.chrono.ChronoLocalDate_ESTest" time="0.013"/>
</testsuite>