<?xml version="1.0" encoding="UTF-8"?>
<testsuite xmlns:xsi="http://www.w3.org/2001/XMLSchema-instance" xsi:noNamespaceSchemaLocation="https://maven.apache.org/surefire/maven-surefire-plugin/xsd/surefire-test-report-3.0.xsd" version="3.0" name="org.apache.hadoop.hdfs.protocol.proto.NamenodeProtocolProtos_ESTest" time="5.175" tests="111" errors="0" skipped="0" failures="0">
  <properties>
    <property name="awt.toolkit" value="sun.awt.X11.XToolkit"/>
    <property name="file.encoding.pkg" value="sun.io"/>
    <property name="java.specification.version" value="1.8"/>
    <property name="sun.cpu.isalist" value=""/>
    <property name="sun.jnu.encoding" value="UTF-8"/>
    <property name="java.class.path" value="/home/wtwhite/code/regression-test-generation-NON-SOURCE-EQUIV/find-diff-classes/compile/gaoss/org/apache/hadoop/hadoop-hdfs/3.4.0/target/test-classes:/home/wtwhite/code/regression-test-generation-NON-SOURCE-EQUIV/find-diff-classes/compile/gaoss/org/apache/hadoop/hadoop-hdfs/3.4.0/target/classes:/home/wtwhite/code/craw-redhat-oss/wget/crawl/google-aoss/org/apache/hadoop/hadoop-hdfs/3.4.0/hadoop-hdfs-3.4.0.jar:/home/wtwhite/code/regression-test-generation-NON-SOURCE-EQUIV/find-diff-classes/compile/gaoss/org/apache/hadoop/hadoop-hdfs/3.4.0/t/dependency/AppleJavaExtensions-1.4.jar:/home/wtwhite/code/regression-test-generation-NON-SOURCE-EQUIV/find-diff-classes/compile/gaoss/org/apache/hadoop/hadoop-hdfs/3.4.0/t/dependency/animal-sniffer-annotations-1.17.jar:/home/wtwhite/code/regression-test-generation-NON-SOURCE-EQUIV/find-diff-classes/compile/gaoss/org/apache/hadoop/hadoop-hdfs/3.4.0/t/dependency/apiguardian-api-1.1.2.jar:/home/wtwhite/code/regression-test-generation-NON-SOURCE-EQUIV/find-diff-classes/compile/gaoss/org/apache/hadoop/hadoop-hdfs/3.4.0/t/dependency/asm-5.0.4.jar:/home/wtwhite/code/regression-test-generation-NON-SOURCE-EQUIV/find-diff-classes/compile/gaoss/org/apache/hadoop/hadoop-hdfs/3.4.0/t/dependency/asm-commons-5.0.2.jar:/home/wtwhite/code/regression-test-generation-NON-SOURCE-EQUIV/find-diff-classes/compile/gaoss/org/apache/hadoop/hadoop-hdfs/3.4.0/t/dependency/asm-debug-all-5.0.2.jar:/home/wtwhite/code/regression-test-generation-NON-SOURCE-EQUIV/find-diff-classes/compile/gaoss/org/apache/hadoop/hadoop-hdfs/3.4.0/t/dependency/asm-tree-5.0.2.jar:/home/wtwhite/code/regression-test-generation-NON-SOURCE-EQUIV/find-diff-classes/compile/gaoss/org/apache/hadoop/hadoop-hdfs/3.4.0/t/dependency/assertj-core-3.12.2.jar:/home/wtwhite/code/regression-test-generation-NON-SOURCE-EQUIV/find-diff-classes/compile/gaoss/org/apache/hadoop/hadoop-hdfs/3.4.0/t/dependency/audience-annotations-0.12.0.jar:/home/wtwhite/code/regression-test-generation-NON-SOURCE-EQUIV/find-diff-classes/compile/gaoss/org/apache/hadoop/hadoop-hdfs/3.4.0/t/dependency/avro-1.9.2.jar:/home/wtwhite/code/regression-test-generation-NON-SOURCE-EQUIV/find-diff-classes/compile/gaoss/org/apache/hadoop/hadoop-hdfs/3.4.0/t/dependency/bcel-findbugs-6.0.jar:/home/wtwhite/code/regression-test-generation-NON-SOURCE-EQUIV/find-diff-classes/compile/gaoss/org/apache/hadoop/hadoop-hdfs/3.4.0/t/dependency/bcprov-jdk15on-1.70.jar:/home/wtwhite/code/regression-test-generation-NON-SOURCE-EQUIV/find-diff-classes/compile/gaoss/org/apache/hadoop/hadoop-hdfs/3.4.0/t/dependency/byte-buddy-1.9.10.jar:/home/wtwhite/code/regression-test-generation-NON-SOURCE-EQUIV/find-diff-classes/compile/gaoss/org/apache/hadoop/hadoop-hdfs/3.4.0/t/dependency/byte-buddy-agent-1.9.10.jar:/home/wtwhite/code/regression-test-generation-NON-SOURCE-EQUIV/find-diff-classes/compile/gaoss/org/apache/hadoop/hadoop-hdfs/3.4.0/t/dependency/checker-qual-2.5.2.jar:/home/wtwhite/code/regression-test-generation-NON-SOURCE-EQUIV/find-diff-classes/compile/gaoss/org/apache/hadoop/hadoop-hdfs/3.4.0/t/dependency/commons-beanutils-1.9.4.jar:/home/wtwhite/code/regression-test-generation-NON-SOURCE-EQUIV/find-diff-classes/compile/gaoss/org/apache/hadoop/hadoop-hdfs/3.4.0/t/dependency/commons-cli-1.5.0.jar:/home/wtwhite/code/regression-test-generation-NON-SOURCE-EQUIV/find-diff-classes/compile/gaoss/org/apache/hadoop/hadoop-hdfs/3.4.0/t/dependency/commons-codec-1.15.jar:/home/wtwhite/code/regression-test-generation-NON-SOURCE-EQUIV/find-diff-classes/compile/gaoss/org/apache/hadoop/hadoop-hdfs/3.4.0/t/dependency/commons-collections-3.2.2.jar:/home/wtwhite/code/regression-test-generation-NON-SOURCE-EQUIV/find-diff-classes/compile/gaoss/org/apache/hadoop/hadoop-hdfs/3.4.0/t/dependency/commons-compress-1.24.0.jar:/home/wtwhite/code/regression-test-generation-NON-SOURCE-EQUIV/find-diff-classes/compile/gaoss/org/apache/hadoop/hadoop-hdfs/3.4.0/t/dependency/commons-configuration2-2.8.0.jar:/home/wtwhite/code/regression-test-generation-NON-SOURCE-EQUIV/find-diff-classes/compile/gaoss/org/apache/hadoop/hadoop-hdfs/3.4.0/t/dependency/commons-daemon-1.0.13.jar:/home/wtwhite/code/regression-test-generation-NON-SOURCE-EQUIV/find-diff-classes/compile/gaoss/org/apache/hadoop/hadoop-hdfs/3.4.0/t/dependency/commons-io-2.14.0.jar:/home/wtwhite/code/regression-test-generation-NON-SOURCE-EQUIV/find-diff-classes/compile/gaoss/org/apache/hadoop/hadoop-hdfs/3.4.0/t/dependency/commons-lang-2.6.jar:/home/wtwhite/code/regression-test-generation-NON-SOURCE-EQUIV/find-diff-classes/compile/gaoss/org/apache/hadoop/hadoop-hdfs/3.4.0/t/dependency/commons-lang3-3.12.0.jar:/home/wtwhite/code/regression-test-generation-NON-SOURCE-EQUIV/find-diff-classes/compile/gaoss/org/apache/hadoop/hadoop-hdfs/3.4.0/t/dependency/commons-logging-1.2.jar:/home/wtwhite/code/regression-test-generation-NON-SOURCE-EQUIV/find-diff-classes/compile/gaoss/org/apache/hadoop/hadoop-hdfs/3.4.0/t/dependency/commons-math3-3.6.1.jar:/home/wtwhite/code/regression-test-generation-NON-SOURCE-EQUIV/find-diff-classes/compile/gaoss/org/apache/hadoop/hadoop-hdfs/3.4.0/t/dependency/commons-net-3.9.0.jar:/home/wtwhite/code/regression-test-generation-NON-SOURCE-EQUIV/find-diff-classes/compile/gaoss/org/apache/hadoop/hadoop-hdfs/3.4.0/t/dependency/commons-text-1.10.0.jar:/home/wtwhite/code/regression-test-generation-NON-SOURCE-EQUIV/find-diff-classes/compile/gaoss/org/apache/hadoop/hadoop-hdfs/3.4.0/t/dependency/curator-client-5.2.0.jar:/home/wtwhite/code/regression-test-generation-NON-SOURCE-EQUIV/find-diff-classes/compile/gaoss/org/apache/hadoop/hadoop-hdfs/3.4.0/t/dependency/curator-framework-5.2.0.jar:/home/wtwhite/code/regression-test-generation-NON-SOURCE-EQUIV/find-diff-classes/compile/gaoss/org/apache/hadoop/hadoop-hdfs/3.4.0/t/dependency/curator-recipes-5.2.0.jar:/home/wtwhite/code/regression-test-generation-NON-SOURCE-EQUIV/find-diff-classes/compile/gaoss/org/apache/hadoop/hadoop-hdfs/3.4.0/t/dependency/curator-test-5.2.0.jar:/home/wtwhite/code/regression-test-generation-NON-SOURCE-EQUIV/find-diff-classes/compile/gaoss/org/apache/hadoop/hadoop-hdfs/3.4.0/t/dependency/dnsjava-3.4.0.jar:/home/wtwhite/code/regression-test-generation-NON-SOURCE-EQUIV/find-diff-classes/compile/gaoss/org/apache/hadoop/hadoop-hdfs/3.4.0/t/dependency/dom4j-1.6.1.jar:/home/wtwhite/code/regression-test-generation-NON-SOURCE-EQUIV/find-diff-classes/compile/gaoss/org/apache/hadoop/hadoop-hdfs/3.4.0/t/dependency/failureaccess-1.0.jar:/home/wtwhite/code/regression-test-generation-NON-SOURCE-EQUIV/find-diff-classes/compile/gaoss/org/apache/hadoop/hadoop-hdfs/3.4.0/t/dependency/findbugs-3.0.1.jar:/home/wtwhite/code/regression-test-generation-NON-SOURCE-EQUIV/find-diff-classes/compile/gaoss/org/apache/hadoop/hadoop-hdfs/3.4.0/t/dependency/gson-2.9.0.jar:/home/wtwhite/code/regression-test-generation-NON-SOURCE-EQUIV/find-diff-classes/compile/gaoss/org/apache/hadoop/hadoop-hdfs/3.4.0/t/dependency/guava-27.0-jre.jar:/home/wtwhite/code/regression-test-generation-NON-SOURCE-EQUIV/find-diff-classes/compile/gaoss/org/apache/hadoop/hadoop-hdfs/3.4.0/t/dependency/hadoop-annotations-3.4.0.jar:/home/wtwhite/code/regression-test-generation-NON-SOURCE-EQUIV/find-diff-classes/compile/gaoss/org/apache/hadoop/hadoop-hdfs/3.4.0/t/dependency/hadoop-auth-3.4.0.jar:/home/wtwhite/code/regression-test-generation-NON-SOURCE-EQUIV/find-diff-classes/compile/gaoss/org/apache/hadoop/hadoop-hdfs/3.4.0/t/dependency/hadoop-common-3.4.0-tests.jar:/home/wtwhite/code/regression-test-generation-NON-SOURCE-EQUIV/find-diff-classes/compile/gaoss/org/apache/hadoop/hadoop-hdfs/3.4.0/t/dependency/hadoop-common-3.4.0.jar:/home/wtwhite/code/regression-test-generation-NON-SOURCE-EQUIV/find-diff-classes/compile/gaoss/org/apache/hadoop/hadoop-hdfs/3.4.0/t/dependency/hadoop-hdfs-client-3.4.0.jar:/home/wtwhite/code/regression-test-generation-NON-SOURCE-EQUIV/find-diff-classes/compile/gaoss/org/apache/hadoop/hadoop-hdfs/3.4.0/t/dependency/hadoop-kms-3.4.0-tests.jar:/home/wtwhite/code/regression-test-generation-NON-SOURCE-EQUIV/find-diff-classes/compile/gaoss/org/apache/hadoop/hadoop-hdfs/3.4.0/t/dependency/hadoop-kms-3.4.0.jar:/home/wtwhite/code/regression-test-generation-NON-SOURCE-EQUIV/find-diff-classes/compile/gaoss/org/apache/hadoop/hadoop-hdfs/3.4.0/t/dependency/hadoop-minikdc-3.4.0.jar:/home/wtwhite/code/regression-test-generation-NON-SOURCE-EQUIV/find-diff-classes/compile/gaoss/org/apache/hadoop/hadoop-hdfs/3.4.0/t/dependency/hadoop-shaded-guava-1.2.0.jar:/home/wtwhite/code/regression-test-generation-NON-SOURCE-EQUIV/find-diff-classes/compile/gaoss/org/apache/hadoop/hadoop-hdfs/3.4.0/t/dependency/hadoop-shaded-protobuf_3_21-1.2.0.jar:/home/wtwhite/code/regression-test-generation-NON-SOURCE-EQUIV/find-diff-classes/compile/gaoss/org/apache/hadoop/hadoop-hdfs/3.4.0/t/dependency/hamcrest-core-1.3.jar:/home/wtwhite/code/regression-test-generation-NON-SOURCE-EQUIV/find-diff-classes/compile/gaoss/org/apache/hadoop/hadoop-hdfs/3.4.0/t/dependency/httpclient-4.5.13.jar:/home/wtwhite/code/regression-test-generation-NON-SOURCE-EQUIV/find-diff-classes/compile/gaoss/org/apache/hadoop/hadoop-hdfs/3.4.0/t/dependency/httpcore-4.4.13.jar:/home/wtwhite/code/regression-test-generation-NON-SOURCE-EQUIV/find-diff-classes/compile/gaoss/org/apache/hadoop/hadoop-hdfs/3.4.0/t/dependency/j2objc-annotations-1.1.jar:/home/wtwhite/code/regression-test-generation-NON-SOURCE-EQUIV/find-diff-classes/compile/gaoss/org/apache/hadoop/hadoop-hdfs/3.4.0/t/dependency/jFormatString-2.0.1.jar:/home/wtwhite/code/regression-test-generation-NON-SOURCE-EQUIV/find-diff-classes/compile/gaoss/org/apache/hadoop/hadoop-hdfs/3.4.0/t/dependency/jackson-annotations-2.12.7.jar:/home/wtwhite/code/regression-test-generation-NON-SOURCE-EQUIV/find-diff-classes/compile/gaoss/org/apache/hadoop/hadoop-hdfs/3.4.0/t/dependency/jackson-core-2.12.7.jar:/home/wtwhite/code/regression-test-generation-NON-SOURCE-EQUIV/find-diff-classes/compile/gaoss/org/apache/hadoop/hadoop-hdfs/3.4.0/t/dependency/jackson-databind-2.12.7.1.jar:/home/wtwhite/code/regression-test-generation-NON-SOURCE-EQUIV/find-diff-classes/compile/gaoss/org/apache/hadoop/hadoop-hdfs/3.4.0/t/dependency/jakarta.activation-api-1.2.1.jar:/home/wtwhite/code/regression-test-generation-NON-SOURCE-EQUIV/find-diff-classes/compile/gaoss/org/apache/hadoop/hadoop-hdfs/3.4.0/t/dependency/javax.servlet-api-3.1.0.jar:/home/wtwhite/code/regression-test-generation-NON-SOURCE-EQUIV/find-diff-classes/compile/gaoss/org/apache/hadoop/hadoop-hdfs/3.4.0/t/dependency/jaxb-api-2.2.11.jar:/home/wtwhite/code/regression-test-generation-NON-SOURCE-EQUIV/find-diff-classes/compile/gaoss/org/apache/hadoop/hadoop-hdfs/3.4.0/t/dependency/jaxb-impl-2.2.3-1.jar:/home/wtwhite/code/regression-test-generation-NON-SOURCE-EQUIV/find-diff-classes/compile/gaoss/org/apache/hadoop/hadoop-hdfs/3.4.0/t/dependency/jaxen-1.1.6.jar:/home/wtwhite/code/regression-test-generation-NON-SOURCE-EQUIV/find-diff-classes/compile/gaoss/org/apache/hadoop/hadoop-hdfs/3.4.0/t/dependency/jcip-annotations-1.0-1.jar:/home/wtwhite/code/regression-test-generation-NON-SOURCE-EQUIV/find-diff-classes/compile/gaoss/org/apache/hadoop/hadoop-hdfs/3.4.0/t/dependency/jcip-annotations-1.0.jar:/home/wtwhite/code/regression-test-generation-NON-SOURCE-EQUIV/find-diff-classes/compile/gaoss/org/apache/hadoop/hadoop-hdfs/3.4.0/t/dependency/jdk.tools-1.8.jar:/home/wtwhite/code/regression-test-generation-NON-SOURCE-EQUIV/find-diff-classes/compile/gaoss/org/apache/hadoop/hadoop-hdfs/3.4.0/t/dependency/jersey-core-1.19.4.jar:/home/wtwhite/code/regression-test-generation-NON-SOURCE-EQUIV/find-diff-classes/compile/gaoss/org/apache/hadoop/hadoop-hdfs/3.4.0/t/dependency/jersey-json-1.20.jar:/home/wtwhite/code/regression-test-generation-NON-SOURCE-EQUIV/find-diff-classes/compile/gaoss/org/apache/hadoop/hadoop-hdfs/3.4.0/t/dependency/jersey-server-1.19.4.jar:/home/wtwhite/code/regression-test-generation-NON-SOURCE-EQUIV/find-diff-classes/compile/gaoss/org/apache/hadoop/hadoop-hdfs/3.4.0/t/dependency/jersey-servlet-1.19.4.jar:/home/wtwhite/code/regression-test-generation-NON-SOURCE-EQUIV/find-diff-classes/compile/gaoss/org/apache/hadoop/hadoop-hdfs/3.4.0/t/dependency/jettison-1.5.4.jar:/home/wtwhite/code/regression-test-generation-NON-SOURCE-EQUIV/find-diff-classes/compile/gaoss/org/apache/hadoop/hadoop-hdfs/3.4.0/t/dependency/jetty-http-9.4.53.v20231009.jar:/home/wtwhite/code/regression-test-generation-NON-SOURCE-EQUIV/find-diff-classes/compile/gaoss/org/apache/hadoop/hadoop-hdfs/3.4.0/t/dependency/jetty-io-9.4.53.v20231009.jar:/home/wtwhite/code/regression-test-generation-NON-SOURCE-EQUIV/find-diff-classes/compile/gaoss/org/apache/hadoop/hadoop-hdfs/3.4.0/t/dependency/jetty-security-9.4.53.v20231009.jar:/home/wtwhite/code/regression-test-generation-NON-SOURCE-EQUIV/find-diff-classes/compile/gaoss/org/apache/hadoop/hadoop-hdfs/3.4.0/t/dependency/jetty-server-9.4.53.v20231009.jar:/home/wtwhite/code/regression-test-generation-NON-SOURCE-EQUIV/find-diff-classes/compile/gaoss/org/apache/hadoop/hadoop-hdfs/3.4.0/t/dependency/jetty-servlet-9.4.53.v20231009.jar:/home/wtwhite/code/regression-test-generation-NON-SOURCE-EQUIV/find-diff-classes/compile/gaoss/org/apache/hadoop/hadoop-hdfs/3.4.0/t/dependency/jetty-util-9.4.53.v20231009.jar:/home/wtwhite/code/regression-test-generation-NON-SOURCE-EQUIV/find-diff-classes/compile/gaoss/org/apache/hadoop/hadoop-hdfs/3.4.0/t/dependency/jetty-util-ajax-9.4.53.v20231009.jar:/home/wtwhite/code/regression-test-generation-NON-SOURCE-EQUIV/find-diff-classes/compile/gaoss/org/apache/hadoop/hadoop-hdfs/3.4.0/t/dependency/jetty-webapp-9.4.53.v20231009.jar:/home/wtwhite/code/regression-test-generation-NON-SOURCE-EQUIV/find-diff-classes/compile/gaoss/org/apache/hadoop/hadoop-hdfs/3.4.0/t/dependency/jetty-xml-9.4.53.v20231009.jar:/home/wtwhite/code/regression-test-generation-NON-SOURCE-EQUIV/find-diff-classes/compile/gaoss/org/apache/hadoop/hadoop-hdfs/3.4.0/t/dependency/jline-3.9.0.jar:/home/wtwhite/code/regression-test-generation-NON-SOURCE-EQUIV/find-diff-classes/compile/gaoss/org/apache/hadoop/hadoop-hdfs/3.4.0/t/dependency/jsch-0.1.55.jar:/home/wtwhite/code/regression-test-generation-NON-SOURCE-EQUIV/find-diff-classes/compile/gaoss/org/apache/hadoop/hadoop-hdfs/3.4.0/t/dependency/jsp-api-2.1.jar:/home/wtwhite/code/regression-test-generation-NON-SOURCE-EQUIV/find-diff-classes/compile/gaoss/org/apache/hadoop/hadoop-hdfs/3.4.0/t/dependency/jsr305-3.0.2.jar:/home/wtwhite/code/regression-test-generation-NON-SOURCE-EQUIV/find-diff-classes/compile/gaoss/org/apache/hadoop/hadoop-hdfs/3.4.0/t/dependency/jsr311-api-1.1.1.jar:/home/wtwhite/code/regression-test-generation-NON-SOURCE-EQUIV/find-diff-classes/compile/gaoss/org/apache/hadoop/hadoop-hdfs/3.4.0/t/dependency/jul-to-slf4j-1.7.36.jar:/home/wtwhite/code/regression-test-generation-NON-SOURCE-EQUIV/find-diff-classes/compile/gaoss/org/apache/hadoop/hadoop-hdfs/3.4.0/t/dependency/junit-4.13.2.jar:/home/wtwhite/code/regression-test-generation-NON-SOURCE-EQUIV/find-diff-classes/compile/gaoss/org/apache/hadoop/hadoop-hdfs/3.4.0/t/dependency/junit-jupiter-api-5.8.2.jar:/home/wtwhite/code/regression-test-generation-NON-SOURCE-EQUIV/find-diff-classes/compile/gaoss/org/apache/hadoop/hadoop-hdfs/3.4.0/t/dependency/junit-platform-commons-1.8.2.jar:/home/wtwhite/code/regression-test-generation-NON-SOURCE-EQUIV/find-diff-classes/compile/gaoss/org/apache/hadoop/hadoop-hdfs/3.4.0/t/dependency/kerb-admin-2.0.3.jar:/home/wtwhite/code/regression-test-generation-NON-SOURCE-EQUIV/find-diff-classes/compile/gaoss/org/apache/hadoop/hadoop-hdfs/3.4.0/t/dependency/kerb-client-2.0.3.jar:/home/wtwhite/code/regression-test-generation-NON-SOURCE-EQUIV/find-diff-classes/compile/gaoss/org/apache/hadoop/hadoop-hdfs/3.4.0/t/dependency/kerb-common-2.0.3.jar:/home/wtwhite/code/regression-test-generation-NON-SOURCE-EQUIV/find-diff-classes/compile/gaoss/org/apache/hadoop/hadoop-hdfs/3.4.0/t/dependency/kerb-core-2.0.3.jar:/home/wtwhite/code/regression-test-generation-NON-SOURCE-EQUIV/find-diff-classes/compile/gaoss/org/apache/hadoop/hadoop-hdfs/3.4.0/t/dependency/kerb-crypto-2.0.3.jar:/home/wtwhite/code/regression-test-generation-NON-SOURCE-EQUIV/find-diff-classes/compile/gaoss/org/apache/hadoop/hadoop-hdfs/3.4.0/t/dependency/kerb-identity-2.0.3.jar:/home/wtwhite/code/regression-test-generation-NON-SOURCE-EQUIV/find-diff-classes/compile/gaoss/org/apache/hadoop/hadoop-hdfs/3.4.0/t/dependency/kerb-server-2.0.3.jar:/home/wtwhite/code/regression-test-generation-NON-SOURCE-EQUIV/find-diff-classes/compile/gaoss/org/apache/hadoop/hadoop-hdfs/3.4.0/t/dependency/kerb-simplekdc-2.0.3.jar:/home/wtwhite/code/regression-test-generation-NON-SOURCE-EQUIV/find-diff-classes/compile/gaoss/org/apache/hadoop/hadoop-hdfs/3.4.0/t/dependency/kerb-util-2.0.3.jar:/home/wtwhite/code/regression-test-generation-NON-SOURCE-EQUIV/find-diff-classes/compile/gaoss/org/apache/hadoop/hadoop-hdfs/3.4.0/t/dependency/kerby-asn1-2.0.3.jar:/home/wtwhite/code/regression-test-generation-NON-SOURCE-EQUIV/find-diff-classes/compile/gaoss/org/apache/hadoop/hadoop-hdfs/3.4.0/t/dependency/kerby-config-2.0.3.jar:/home/wtwhite/code/regression-test-generation-NON-SOURCE-EQUIV/find-diff-classes/compile/gaoss/org/apache/hadoop/hadoop-hdfs/3.4.0/t/dependency/kerby-pkix-2.0.3.jar:/home/wtwhite/code/regression-test-generation-NON-SOURCE-EQUIV/find-diff-classes/compile/gaoss/org/apache/hadoop/hadoop-hdfs/3.4.0/t/dependency/kerby-util-2.0.3.jar:/home/wtwhite/code/regression-test-generation-NON-SOURCE-EQUIV/find-diff-classes/compile/gaoss/org/apache/hadoop/hadoop-hdfs/3.4.0/t/dependency/kerby-xdr-2.0.3.jar:/home/wtwhite/code/regression-test-generation-NON-SOURCE-EQUIV/find-diff-classes/compile/gaoss/org/apache/hadoop/hadoop-hdfs/3.4.0/t/dependency/leveldbjni-all-1.8.jar:/home/wtwhite/code/regression-test-generation-NON-SOURCE-EQUIV/find-diff-classes/compile/gaoss/org/apache/hadoop/hadoop-hdfs/3.4.0/t/dependency/listenablefuture-9999.0-empty-to-avoid-conflict-with-guava.jar:/home/wtwhite/code/regression-test-generation-NON-SOURCE-EQUIV/find-diff-classes/compile/gaoss/org/apache/hadoop/hadoop-hdfs/3.4.0/t/dependency/lz4-java-1.7.1.jar:/home/wtwhite/code/regression-test-generation-NON-SOURCE-EQUIV/find-diff-classes/compile/gaoss/org/apache/hadoop/hadoop-hdfs/3.4.0/t/dependency/metrics-core-3.2.4.jar:/home/wtwhite/code/regression-test-generation-NON-SOURCE-EQUIV/find-diff-classes/compile/gaoss/org/apache/hadoop/hadoop-hdfs/3.4.0/t/dependency/mockito-core-2.28.2.jar:/home/wtwhite/code/regression-test-generation-NON-SOURCE-EQUIV/find-diff-classes/compile/gaoss/org/apache/hadoop/hadoop-hdfs/3.4.0/t/dependency/netty-all-4.1.100.Final.jar:/home/wtwhite/code/regression-test-generation-NON-SOURCE-EQUIV/find-diff-classes/compile/gaoss/org/apache/hadoop/hadoop-hdfs/3.4.0/t/dependency/netty-buffer-4.1.100.Final.jar:/home/wtwhite/code/regression-test-generation-NON-SOURCE-EQUIV/find-diff-classes/compile/gaoss/org/apache/hadoop/hadoop-hdfs/3.4.0/t/dependency/netty-codec-4.1.100.Final.jar:/home/wtwhite/code/regression-test-generation-NON-SOURCE-EQUIV/find-diff-classes/compile/gaoss/org/apache/hadoop/hadoop-hdfs/3.4.0/t/dependency/netty-codec-dns-4.1.100.Final.jar:/home/wtwhite/code/regression-test-generation-NON-SOURCE-EQUIV/find-diff-classes/compile/gaoss/org/apache/hadoop/hadoop-hdfs/3.4.0/t/dependency/netty-codec-haproxy-4.1.100.Final.jar:/home/wtwhite/code/regression-test-generation-NON-SOURCE-EQUIV/find-diff-classes/compile/gaoss/org/apache/hadoop/hadoop-hdfs/3.4.0/t/dependency/netty-codec-http-4.1.100.Final.jar:/home/wtwhite/code/regression-test-generation-NON-SOURCE-EQUIV/find-diff-classes/compile/gaoss/org/apache/hadoop/hadoop-hdfs/3.4.0/t/dependency/netty-codec-http2-4.1.100.Final.jar:/home/wtwhite/code/regression-test-generation-NON-SOURCE-EQUIV/find-diff-classes/compile/gaoss/org/apache/hadoop/hadoop-hdfs/3.4.0/t/dependency/netty-codec-memcache-4.1.100.Final.jar:/home/wtwhite/code/regression-test-generation-NON-SOURCE-EQUIV/find-diff-classes/compile/gaoss/org/apache/hadoop/hadoop-hdfs/3.4.0/t/dependency/netty-codec-mqtt-4.1.100.Final.jar:/home/wtwhite/code/regression-test-generation-NON-SOURCE-EQUIV/find-diff-classes/compile/gaoss/org/apache/hadoop/hadoop-hdfs/3.4.0/t/dependency/netty-codec-redis-4.1.100.Final.jar:/home/wtwhite/code/regression-test-generation-NON-SOURCE-EQUIV/find-diff-classes/compile/gaoss/org/apache/hadoop/hadoop-hdfs/3.4.0/t/dependency/netty-codec-smtp-4.1.100.Final.jar:/home/wtwhite/code/regression-test-generation-NON-SOURCE-EQUIV/find-diff-classes/compile/gaoss/org/apache/hadoop/hadoop-hdfs/3.4.0/t/dependency/netty-codec-socks-4.1.100.Final.jar:/home/wtwhite/code/regression-test-generation-NON-SOURCE-EQUIV/find-diff-classes/compile/gaoss/org/apache/hadoop/hadoop-hdfs/3.4.0/t/dependency/netty-codec-stomp-4.1.100.Final.jar:/home/wtwhite/code/regression-test-generation-NON-SOURCE-EQUIV/find-diff-classes/compile/gaoss/org/apache/hadoop/hadoop-hdfs/3.4.0/t/dependency/netty-codec-xml-4.1.100.Final.jar:/home/wtwhite/code/regression-test-generation-NON-SOURCE-EQUIV/find-diff-classes/compile/gaoss/org/apache/hadoop/hadoop-hdfs/3.4.0/t/dependency/netty-common-4.1.100.Final.jar:/home/wtwhite/code/regression-test-generation-NON-SOURCE-EQUIV/find-diff-classes/compile/gaoss/org/apache/hadoop/hadoop-hdfs/3.4.0/t/dependency/netty-handler-4.1.100.Final.jar:/home/wtwhite/code/regression-test-generation-NON-SOURCE-EQUIV/find-diff-classes/compile/gaoss/org/apache/hadoop/hadoop-hdfs/3.4.0/t/dependency/netty-handler-proxy-4.1.100.Final.jar:/home/wtwhite/code/regression-test-generation-NON-SOURCE-EQUIV/find-diff-classes/compile/gaoss/org/apache/hadoop/hadoop-hdfs/3.4.0/t/dependency/netty-handler-ssl-ocsp-4.1.100.Final.jar:/home/wtwhite/code/regression-test-generation-NON-SOURCE-EQUIV/find-diff-classes/compile/gaoss/org/apache/hadoop/hadoop-hdfs/3.4.0/t/dependency/netty-resolver-4.1.100.Final.jar:/home/wtwhite/code/regression-test-generation-NON-SOURCE-EQUIV/find-diff-classes/compile/gaoss/org/apache/hadoop/hadoop-hdfs/3.4.0/t/dependency/netty-resolver-dns-4.1.100.Final.jar:/home/wtwhite/code/regression-test-generation-NON-SOURCE-EQUIV/find-diff-classes/compile/gaoss/org/apache/hadoop/hadoop-hdfs/3.4.0/t/dependency/netty-resolver-dns-classes-macos-4.1.100.Final.jar:/home/wtwhite/code/regression-test-generation-NON-SOURCE-EQUIV/find-diff-classes/compile/gaoss/org/apache/hadoop/hadoop-hdfs/3.4.0/t/dependency/netty-resolver-dns-native-macos-4.1.100.Final-osx-aarch_64.jar:/home/wtwhite/code/regression-test-generation-NON-SOURCE-EQUIV/find-diff-classes/compile/gaoss/org/apache/hadoop/hadoop-hdfs/3.4.0/t/dependency/netty-resolver-dns-native-macos-4.1.100.Final-osx-x86_64.jar:/home/wtwhite/code/regression-test-generation-NON-SOURCE-EQUIV/find-diff-classes/compile/gaoss/org/apache/hadoop/hadoop-hdfs/3.4.0/t/dependency/netty-transport-4.1.100.Final.jar:/home/wtwhite/code/regression-test-generation-NON-SOURCE-EQUIV/find-diff-classes/compile/gaoss/org/apache/hadoop/hadoop-hdfs/3.4.0/t/dependency/netty-transport-classes-epoll-4.1.100.Final.jar:/home/wtwhite/code/regression-test-generation-NON-SOURCE-EQUIV/find-diff-classes/compile/gaoss/org/apache/hadoop/hadoop-hdfs/3.4.0/t/dependency/netty-transport-classes-kqueue-4.1.100.Final.jar:/home/wtwhite/code/regression-test-generation-NON-SOURCE-EQUIV/find-diff-classes/compile/gaoss/org/apache/hadoop/hadoop-hdfs/3.4.0/t/dependency/netty-transport-native-epoll-4.1.100.Final-linux-aarch_64.jar:/home/wtwhite/code/regression-test-generation-NON-SOURCE-EQUIV/find-diff-classes/compile/gaoss/org/apache/hadoop/hadoop-hdfs/3.4.0/t/dependency/netty-transport-native-epoll-4.1.100.Final-linux-x86_64.jar:/home/wtwhite/code/regression-test-generation-NON-SOURCE-EQUIV/find-diff-classes/compile/gaoss/org/apache/hadoop/hadoop-hdfs/3.4.0/t/dependency/netty-transport-native-epoll-4.1.100.Final.jar:/home/wtwhite/code/regression-test-generation-NON-SOURCE-EQUIV/find-diff-classes/compile/gaoss/org/apache/hadoop/hadoop-hdfs/3.4.0/t/dependency/netty-transport-native-kqueue-4.1.100.Final-osx-aarch_64.jar:/home/wtwhite/code/regression-test-generation-NON-SOURCE-EQUIV/find-diff-classes/compile/gaoss/org/apache/hadoop/hadoop-hdfs/3.4.0/t/dependency/netty-transport-native-kqueue-4.1.100.Final-osx-x86_64.jar:/home/wtwhite/code/regression-test-generation-NON-SOURCE-EQUIV/find-diff-classes/compile/gaoss/org/apache/hadoop/hadoop-hdfs/3.4.0/t/dependency/netty-transport-native-unix-common-4.1.100.Final.jar:/home/wtwhite/code/regression-test-generation-NON-SOURCE-EQUIV/find-diff-classes/compile/gaoss/org/apache/hadoop/hadoop-hdfs/3.4.0/t/dependency/netty-transport-rxtx-4.1.100.Final.jar:/home/wtwhite/code/regression-test-generation-NON-SOURCE-EQUIV/find-diff-classes/compile/gaoss/org/apache/hadoop/hadoop-hdfs/3.4.0/t/dependency/netty-transport-sctp-4.1.100.Final.jar:/home/wtwhite/code/regression-test-generation-NON-SOURCE-EQUIV/find-diff-classes/compile/gaoss/org/apache/hadoop/hadoop-hdfs/3.4.0/t/dependency/netty-transport-udt-4.1.100.Final.jar:/home/wtwhite/code/regression-test-generation-NON-SOURCE-EQUIV/find-diff-classes/compile/gaoss/org/apache/hadoop/hadoop-hdfs/3.4.0/t/dependency/nimbus-jose-jwt-9.31.jar:/home/wtwhite/code/regression-test-generation-NON-SOURCE-EQUIV/find-diff-classes/compile/gaoss/org/apache/hadoop/hadoop-hdfs/3.4.0/t/dependency/objenesis-2.6.jar:/home/wtwhite/code/regression-test-generation-NON-SOURCE-EQUIV/find-diff-classes/compile/gaoss/org/apache/hadoop/hadoop-hdfs/3.4.0/t/dependency/opentest4j-1.2.0.jar:/home/wtwhite/code/regression-test-generation-NON-SOURCE-EQUIV/find-diff-classes/compile/gaoss/org/apache/hadoop/hadoop-hdfs/3.4.0/t/dependency/protobuf-java-2.5.0.jar:/home/wtwhite/code/regression-test-generation-NON-SOURCE-EQUIV/find-diff-classes/compile/gaoss/org/apache/hadoop/hadoop-hdfs/3.4.0/t/dependency/re2j-1.1.jar:/home/wtwhite/code/regression-test-generation-NON-SOURCE-EQUIV/find-diff-classes/compile/gaoss/org/apache/hadoop/hadoop-hdfs/3.4.0/t/dependency/reload4j-1.2.22.jar:/home/wtwhite/code/regression-test-generation-NON-SOURCE-EQUIV/find-diff-classes/compile/gaoss/org/apache/hadoop/hadoop-hdfs/3.4.0/t/dependency/slf4j-api-1.7.36.jar:/home/wtwhite/code/regression-test-generation-NON-SOURCE-EQUIV/find-diff-classes/compile/gaoss/org/apache/hadoop/hadoop-hdfs/3.4.0/t/dependency/slf4j-reload4j-1.7.36.jar:/home/wtwhite/code/regression-test-generation-NON-SOURCE-EQUIV/find-diff-classes/compile/gaoss/org/apache/hadoop/hadoop-hdfs/3.4.0/t/dependency/snappy-java-1.1.10.4.jar:/home/wtwhite/code/regression-test-generation-NON-SOURCE-EQUIV/find-diff-classes/compile/gaoss/org/apache/hadoop/hadoop-hdfs/3.4.0/t/dependency/stax2-api-4.2.1.jar:/home/wtwhite/code/regression-test-generation-NON-SOURCE-EQUIV/find-diff-classes/compile/gaoss/org/apache/hadoop/hadoop-hdfs/3.4.0/t/dependency/token-provider-2.0.3.jar:/home/wtwhite/code/regression-test-generation-NON-SOURCE-EQUIV/find-diff-classes/compile/gaoss/org/apache/hadoop/hadoop-hdfs/3.4.0/t/dependency/woodstox-core-5.4.0.jar:/home/wtwhite/code/regression-test-generation-NON-SOURCE-EQUIV/find-diff-classes/compile/gaoss/org/apache/hadoop/hadoop-hdfs/3.4.0/t/dependency/zookeeper-3.8.3-tests.jar:/home/wtwhite/code/regression-test-generation-NON-SOURCE-EQUIV/find-diff-classes/compile/gaoss/org/apache/hadoop/hadoop-hdfs/3.4.0/t/dependency/zookeeper-3.8.3.jar:/home/wtwhite/code/regression-test-generation-NON-SOURCE-EQUIV/find-diff-classes/compile/gaoss/org/apache/hadoop/hadoop-hdfs/3.4.0/t/dependency/zookeeper-jute-3.8.3.jar:/home/wtwhite/code/regression-test-generation/evosuite/evosuite-standalone-runtime-1.2.0.jar:/home/wtwhite/.m2/repository/junit/junit/4.13.2/junit-4.13.2.jar:/home/wtwhite/.m2/repository/org/hamcrest/hamcrest-core/1.3/hamcrest-core-1.3.jar:"/>
    <property name="java.vm.vendor" value="Private Build"/>
    <property name="sun.arch.data.model" value="64"/>
    <property name="java.vendor.url" value="http://java.oracle.com/"/>
    <property name="user.timezone" value="Pacific/Auckland"/>
    <property name="java.vm.specification.version" value="1.8"/>
    <property name="os.name" value="Linux"/>
    <property name="RUNDIR" value="/home/wtwhite/code/regression-test-generation-NON-SOURCE-EQUIV/find-diff-classes/run-mvn"/>
    <property name="user.country" value="NZ"/>
    <property name="sun.java.launcher" value="SUN_STANDARD"/>
    <property name="sun.boot.library.path" value="/usr/lib/jvm/java-8-openjdk-amd64/jre/lib/amd64"/>
    <property name="sun.java.command" value="/home/wtwhite/code/regression-test-generation-NON-SOURCE-EQUIV/find-diff-classes/compile/gaoss/org/apache/hadoop/hadoop-hdfs/3.4.0/target/surefire/surefirebooter-20241112134217976_3.jar /home/wtwhite/code/regression-test-generation-NON-SOURCE-EQUIV/find-diff-classes/compile/gaoss/org/apache/hadoop/hadoop-hdfs/3.4.0/target/surefire 2024-11-12T13-42-17_849-jvmRun1 surefire-20241112134217976_1tmp surefire_0-20241112134217976_2tmp"/>
    <property name="surefire.test.class.path" value="/home/wtwhite/code/regression-test-generation-NON-SOURCE-EQUIV/find-diff-classes/compile/gaoss/org/apache/hadoop/hadoop-hdfs/3.4.0/target/test-classes:/home/wtwhite/code/regression-test-generation-NON-SOURCE-EQUIV/find-diff-classes/compile/gaoss/org/apache/hadoop/hadoop-hdfs/3.4.0/target/classes:/home/wtwhite/code/craw-redhat-oss/wget/crawl/google-aoss/org/apache/hadoop/hadoop-hdfs/3.4.0/hadoop-hdfs-3.4.0.jar:/home/wtwhite/code/regression-test-generation-NON-SOURCE-EQUIV/find-diff-classes/compile/gaoss/org/apache/hadoop/hadoop-hdfs/3.4.0/t/dependency/AppleJavaExtensions-1.4.jar:/home/wtwhite/code/regression-test-generation-NON-SOURCE-EQUIV/find-diff-classes/compile/gaoss/org/apache/hadoop/hadoop-hdfs/3.4.0/t/dependency/animal-sniffer-annotations-1.17.jar:/home/wtwhite/code/regression-test-generation-NON-SOURCE-EQUIV/find-diff-classes/compile/gaoss/org/apache/hadoop/hadoop-hdfs/3.4.0/t/dependency/apiguardian-api-1.1.2.jar:/home/wtwhite/code/regression-test-generation-NON-SOURCE-EQUIV/find-diff-classes/compile/gaoss/org/apache/hadoop/hadoop-hdfs/3.4.0/t/dependency/asm-5.0.4.jar:/home/wtwhite/code/regression-test-generation-NON-SOURCE-EQUIV/find-diff-classes/compile/gaoss/org/apache/hadoop/hadoop-hdfs/3.4.0/t/dependency/asm-commons-5.0.2.jar:/home/wtwhite/code/regression-test-generation-NON-SOURCE-EQUIV/find-diff-classes/compile/gaoss/org/apache/hadoop/hadoop-hdfs/3.4.0/t/dependency/asm-debug-all-5.0.2.jar:/home/wtwhite/code/regression-test-generation-NON-SOURCE-EQUIV/find-diff-classes/compile/gaoss/org/apache/hadoop/hadoop-hdfs/3.4.0/t/dependency/asm-tree-5.0.2.jar:/home/wtwhite/code/regression-test-generation-NON-SOURCE-EQUIV/find-diff-classes/compile/gaoss/org/apache/hadoop/hadoop-hdfs/3.4.0/t/dependency/assertj-core-3.12.2.jar:/home/wtwhite/code/regression-test-generation-NON-SOURCE-EQUIV/find-diff-classes/compile/gaoss/org/apache/hadoop/hadoop-hdfs/3.4.0/t/dependency/audience-annotations-0.12.0.jar:/home/wtwhite/code/regression-test-generation-NON-SOURCE-EQUIV/find-diff-classes/compile/gaoss/org/apache/hadoop/hadoop-hdfs/3.4.0/t/dependency/avro-1.9.2.jar:/home/wtwhite/code/regression-test-generation-NON-SOURCE-EQUIV/find-diff-classes/compile/gaoss/org/apache/hadoop/hadoop-hdfs/3.4.0/t/dependency/bcel-findbugs-6.0.jar:/home/wtwhite/code/regression-test-generation-NON-SOURCE-EQUIV/find-diff-classes/compile/gaoss/org/apache/hadoop/hadoop-hdfs/3.4.0/t/dependency/bcprov-jdk15on-1.70.jar:/home/wtwhite/code/regression-test-generation-NON-SOURCE-EQUIV/find-diff-classes/compile/gaoss/org/apache/hadoop/hadoop-hdfs/3.4.0/t/dependency/byte-buddy-1.9.10.jar:/home/wtwhite/code/regression-test-generation-NON-SOURCE-EQUIV/find-diff-classes/compile/gaoss/org/apache/hadoop/hadoop-hdfs/3.4.0/t/dependency/byte-buddy-agent-1.9.10.jar:/home/wtwhite/code/regression-test-generation-NON-SOURCE-EQUIV/find-diff-classes/compile/gaoss/org/apache/hadoop/hadoop-hdfs/3.4.0/t/dependency/checker-qual-2.5.2.jar:/home/wtwhite/code/regression-test-generation-NON-SOURCE-EQUIV/find-diff-classes/compile/gaoss/org/apache/hadoop/hadoop-hdfs/3.4.0/t/dependency/commons-beanutils-1.9.4.jar:/home/wtwhite/code/regression-test-generation-NON-SOURCE-EQUIV/find-diff-classes/compile/gaoss/org/apache/hadoop/hadoop-hdfs/3.4.0/t/dependency/commons-cli-1.5.0.jar:/home/wtwhite/code/regression-test-generation-NON-SOURCE-EQUIV/find-diff-classes/compile/gaoss/org/apache/hadoop/hadoop-hdfs/3.4.0/t/dependency/commons-codec-1.15.jar:/home/wtwhite/code/regression-test-generation-NON-SOURCE-EQUIV/find-diff-classes/compile/gaoss/org/apache/hadoop/hadoop-hdfs/3.4.0/t/dependency/commons-collections-3.2.2.jar:/home/wtwhite/code/regression-test-generation-NON-SOURCE-EQUIV/find-diff-classes/compile/gaoss/org/apache/hadoop/hadoop-hdfs/3.4.0/t/dependency/commons-compress-1.24.0.jar:/home/wtwhite/code/regression-test-generation-NON-SOURCE-EQUIV/find-diff-classes/compile/gaoss/org/apache/hadoop/hadoop-hdfs/3.4.0/t/dependency/commons-configuration2-2.8.0.jar:/home/wtwhite/code/regression-test-generation-NON-SOURCE-EQUIV/find-diff-classes/compile/gaoss/org/apache/hadoop/hadoop-hdfs/3.4.0/t/dependency/commons-daemon-1.0.13.jar:/home/wtwhite/code/regression-test-generation-NON-SOURCE-EQUIV/find-diff-classes/compile/gaoss/org/apache/hadoop/hadoop-hdfs/3.4.0/t/dependency/commons-io-2.14.0.jar:/home/wtwhite/code/regression-test-generation-NON-SOURCE-EQUIV/find-diff-classes/compile/gaoss/org/apache/hadoop/hadoop-hdfs/3.4.0/t/dependency/commons-lang-2.6.jar:/home/wtwhite/code/regression-test-generation-NON-SOURCE-EQUIV/find-diff-classes/compile/gaoss/org/apache/hadoop/hadoop-hdfs/3.4.0/t/dependency/commons-lang3-3.12.0.jar:/home/wtwhite/code/regression-test-generation-NON-SOURCE-EQUIV/find-diff-classes/compile/gaoss/org/apache/hadoop/hadoop-hdfs/3.4.0/t/dependency/commons-logging-1.2.jar:/home/wtwhite/code/regression-test-generation-NON-SOURCE-EQUIV/find-diff-classes/compile/gaoss/org/apache/hadoop/hadoop-hdfs/3.4.0/t/dependency/commons-math3-3.6.1.jar:/home/wtwhite/code/regression-test-generation-NON-SOURCE-EQUIV/find-diff-classes/compile/gaoss/org/apache/hadoop/hadoop-hdfs/3.4.0/t/dependency/commons-net-3.9.0.jar:/home/wtwhite/code/regression-test-generation-NON-SOURCE-EQUIV/find-diff-classes/compile/gaoss/org/apache/hadoop/hadoop-hdfs/3.4.0/t/dependency/commons-text-1.10.0.jar:/home/wtwhite/code/regression-test-generation-NON-SOURCE-EQUIV/find-diff-classes/compile/gaoss/org/apache/hadoop/hadoop-hdfs/3.4.0/t/dependency/curator-client-5.2.0.jar:/home/wtwhite/code/regression-test-generation-NON-SOURCE-EQUIV/find-diff-classes/compile/gaoss/org/apache/hadoop/hadoop-hdfs/3.4.0/t/dependency/curator-framework-5.2.0.jar:/home/wtwhite/code/regression-test-generation-NON-SOURCE-EQUIV/find-diff-classes/compile/gaoss/org/apache/hadoop/hadoop-hdfs/3.4.0/t/dependency/curator-recipes-5.2.0.jar:/home/wtwhite/code/regression-test-generation-NON-SOURCE-EQUIV/find-diff-classes/compile/gaoss/org/apache/hadoop/hadoop-hdfs/3.4.0/t/dependency/curator-test-5.2.0.jar:/home/wtwhite/code/regression-test-generation-NON-SOURCE-EQUIV/find-diff-classes/compile/gaoss/org/apache/hadoop/hadoop-hdfs/3.4.0/t/dependency/dnsjava-3.4.0.jar:/home/wtwhite/code/regression-test-generation-NON-SOURCE-EQUIV/find-diff-classes/compile/gaoss/org/apache/hadoop/hadoop-hdfs/3.4.0/t/dependency/dom4j-1.6.1.jar:/home/wtwhite/code/regression-test-generation-NON-SOURCE-EQUIV/find-diff-classes/compile/gaoss/org/apache/hadoop/hadoop-hdfs/3.4.0/t/dependency/failureaccess-1.0.jar:/home/wtwhite/code/regression-test-generation-NON-SOURCE-EQUIV/find-diff-classes/compile/gaoss/org/apache/hadoop/hadoop-hdfs/3.4.0/t/dependency/findbugs-3.0.1.jar:/home/wtwhite/code/regression-test-generation-NON-SOURCE-EQUIV/find-diff-classes/compile/gaoss/org/apache/hadoop/hadoop-hdfs/3.4.0/t/dependency/gson-2.9.0.jar:/home/wtwhite/code/regression-test-generation-NON-SOURCE-EQUIV/find-diff-classes/compile/gaoss/org/apache/hadoop/hadoop-hdfs/3.4.0/t/dependency/guava-27.0-jre.jar:/home/wtwhite/code/regression-test-generation-NON-SOURCE-EQUIV/find-diff-classes/compile/gaoss/org/apache/hadoop/hadoop-hdfs/3.4.0/t/dependency/hadoop-annotations-3.4.0.jar:/home/wtwhite/code/regression-test-generation-NON-SOURCE-EQUIV/find-diff-classes/compile/gaoss/org/apache/hadoop/hadoop-hdfs/3.4.0/t/dependency/hadoop-auth-3.4.0.jar:/home/wtwhite/code/regression-test-generation-NON-SOURCE-EQUIV/find-diff-classes/compile/gaoss/org/apache/hadoop/hadoop-hdfs/3.4.0/t/dependency/hadoop-common-3.4.0-tests.jar:/home/wtwhite/code/regression-test-generation-NON-SOURCE-EQUIV/find-diff-classes/compile/gaoss/org/apache/hadoop/hadoop-hdfs/3.4.0/t/dependency/hadoop-common-3.4.0.jar:/home/wtwhite/code/regression-test-generation-NON-SOURCE-EQUIV/find-diff-classes/compile/gaoss/org/apache/hadoop/hadoop-hdfs/3.4.0/t/dependency/hadoop-hdfs-client-3.4.0.jar:/home/wtwhite/code/regression-test-generation-NON-SOURCE-EQUIV/find-diff-classes/compile/gaoss/org/apache/hadoop/hadoop-hdfs/3.4.0/t/dependency/hadoop-kms-3.4.0-tests.jar:/home/wtwhite/code/regression-test-generation-NON-SOURCE-EQUIV/find-diff-classes/compile/gaoss/org/apache/hadoop/hadoop-hdfs/3.4.0/t/dependency/hadoop-kms-3.4.0.jar:/home/wtwhite/code/regression-test-generation-NON-SOURCE-EQUIV/find-diff-classes/compile/gaoss/org/apache/hadoop/hadoop-hdfs/3.4.0/t/dependency/hadoop-minikdc-3.4.0.jar:/home/wtwhite/code/regression-test-generation-NON-SOURCE-EQUIV/find-diff-classes/compile/gaoss/org/apache/hadoop/hadoop-hdfs/3.4.0/t/dependency/hadoop-shaded-guava-1.2.0.jar:/home/wtwhite/code/regression-test-generation-NON-SOURCE-EQUIV/find-diff-classes/compile/gaoss/org/apache/hadoop/hadoop-hdfs/3.4.0/t/dependency/hadoop-shaded-protobuf_3_21-1.2.0.jar:/home/wtwhite/code/regression-test-generation-NON-SOURCE-EQUIV/find-diff-classes/compile/gaoss/org/apache/hadoop/hadoop-hdfs/3.4.0/t/dependency/hamcrest-core-1.3.jar:/home/wtwhite/code/regression-test-generation-NON-SOURCE-EQUIV/find-diff-classes/compile/gaoss/org/apache/hadoop/hadoop-hdfs/3.4.0/t/dependency/httpclient-4.5.13.jar:/home/wtwhite/code/regression-test-generation-NON-SOURCE-EQUIV/find-diff-classes/compile/gaoss/org/apache/hadoop/hadoop-hdfs/3.4.0/t/dependency/httpcore-4.4.13.jar:/home/wtwhite/code/regression-test-generation-NON-SOURCE-EQUIV/find-diff-classes/compile/gaoss/org/apache/hadoop/hadoop-hdfs/3.4.0/t/dependency/j2objc-annotations-1.1.jar:/home/wtwhite/code/regression-test-generation-NON-SOURCE-EQUIV/find-diff-classes/compile/gaoss/org/apache/hadoop/hadoop-hdfs/3.4.0/t/dependency/jFormatString-2.0.1.jar:/home/wtwhite/code/regression-test-generation-NON-SOURCE-EQUIV/find-diff-classes/compile/gaoss/org/apache/hadoop/hadoop-hdfs/3.4.0/t/dependency/jackson-annotations-2.12.7.jar:/home/wtwhite/code/regression-test-generation-NON-SOURCE-EQUIV/find-diff-classes/compile/gaoss/org/apache/hadoop/hadoop-hdfs/3.4.0/t/dependency/jackson-core-2.12.7.jar:/home/wtwhite/code/regression-test-generation-NON-SOURCE-EQUIV/find-diff-classes/compile/gaoss/org/apache/hadoop/hadoop-hdfs/3.4.0/t/dependency/jackson-databind-2.12.7.1.jar:/home/wtwhite/code/regression-test-generation-NON-SOURCE-EQUIV/find-diff-classes/compile/gaoss/org/apache/hadoop/hadoop-hdfs/3.4.0/t/dependency/jakarta.activation-api-1.2.1.jar:/home/wtwhite/code/regression-test-generation-NON-SOURCE-EQUIV/find-diff-classes/compile/gaoss/org/apache/hadoop/hadoop-hdfs/3.4.0/t/dependency/javax.servlet-api-3.1.0.jar:/home/wtwhite/code/regression-test-generation-NON-SOURCE-EQUIV/find-diff-classes/compile/gaoss/org/apache/hadoop/hadoop-hdfs/3.4.0/t/dependency/jaxb-api-2.2.11.jar:/home/wtwhite/code/regression-test-generation-NON-SOURCE-EQUIV/find-diff-classes/compile/gaoss/org/apache/hadoop/hadoop-hdfs/3.4.0/t/dependency/jaxb-impl-2.2.3-1.jar:/home/wtwhite/code/regression-test-generation-NON-SOURCE-EQUIV/find-diff-classes/compile/gaoss/org/apache/hadoop/hadoop-hdfs/3.4.0/t/dependency/jaxen-1.1.6.jar:/home/wtwhite/code/regression-test-generation-NON-SOURCE-EQUIV/find-diff-classes/compile/gaoss/org/apache/hadoop/hadoop-hdfs/3.4.0/t/dependency/jcip-annotations-1.0-1.jar:/home/wtwhite/code/regression-test-generation-NON-SOURCE-EQUIV/find-diff-classes/compile/gaoss/org/apache/hadoop/hadoop-hdfs/3.4.0/t/dependency/jcip-annotations-1.0.jar:/home/wtwhite/code/regression-test-generation-NON-SOURCE-EQUIV/find-diff-classes/compile/gaoss/org/apache/hadoop/hadoop-hdfs/3.4.0/t/dependency/jdk.tools-1.8.jar:/home/wtwhite/code/regression-test-generation-NON-SOURCE-EQUIV/find-diff-classes/compile/gaoss/org/apache/hadoop/hadoop-hdfs/3.4.0/t/dependency/jersey-core-1.19.4.jar:/home/wtwhite/code/regression-test-generation-NON-SOURCE-EQUIV/find-diff-classes/compile/gaoss/org/apache/hadoop/hadoop-hdfs/3.4.0/t/dependency/jersey-json-1.20.jar:/home/wtwhite/code/regression-test-generation-NON-SOURCE-EQUIV/find-diff-classes/compile/gaoss/org/apache/hadoop/hadoop-hdfs/3.4.0/t/dependency/jersey-server-1.19.4.jar:/home/wtwhite/code/regression-test-generation-NON-SOURCE-EQUIV/find-diff-classes/compile/gaoss/org/apache/hadoop/hadoop-hdfs/3.4.0/t/dependency/jersey-servlet-1.19.4.jar:/home/wtwhite/code/regression-test-generation-NON-SOURCE-EQUIV/find-diff-classes/compile/gaoss/org/apache/hadoop/hadoop-hdfs/3.4.0/t/dependency/jettison-1.5.4.jar:/home/wtwhite/code/regression-test-generation-NON-SOURCE-EQUIV/find-diff-classes/compile/gaoss/org/apache/hadoop/hadoop-hdfs/3.4.0/t/dependency/jetty-http-9.4.53.v20231009.jar:/home/wtwhite/code/regression-test-generation-NON-SOURCE-EQUIV/find-diff-classes/compile/gaoss/org/apache/hadoop/hadoop-hdfs/3.4.0/t/dependency/jetty-io-9.4.53.v20231009.jar:/home/wtwhite/code/regression-test-generation-NON-SOURCE-EQUIV/find-diff-classes/compile/gaoss/org/apache/hadoop/hadoop-hdfs/3.4.0/t/dependency/jetty-security-9.4.53.v20231009.jar:/home/wtwhite/code/regression-test-generation-NON-SOURCE-EQUIV/find-diff-classes/compile/gaoss/org/apache/hadoop/hadoop-hdfs/3.4.0/t/dependency/jetty-server-9.4.53.v20231009.jar:/home/wtwhite/code/regression-test-generation-NON-SOURCE-EQUIV/find-diff-classes/compile/gaoss/org/apache/hadoop/hadoop-hdfs/3.4.0/t/dependency/jetty-servlet-9.4.53.v20231009.jar:/home/wtwhite/code/regression-test-generation-NON-SOURCE-EQUIV/find-diff-classes/compile/gaoss/org/apache/hadoop/hadoop-hdfs/3.4.0/t/dependency/jetty-util-9.4.53.v20231009.jar:/home/wtwhite/code/regression-test-generation-NON-SOURCE-EQUIV/find-diff-classes/compile/gaoss/org/apache/hadoop/hadoop-hdfs/3.4.0/t/dependency/jetty-util-ajax-9.4.53.v20231009.jar:/home/wtwhite/code/regression-test-generation-NON-SOURCE-EQUIV/find-diff-classes/compile/gaoss/org/apache/hadoop/hadoop-hdfs/3.4.0/t/dependency/jetty-webapp-9.4.53.v20231009.jar:/home/wtwhite/code/regression-test-generation-NON-SOURCE-EQUIV/find-diff-classes/compile/gaoss/org/apache/hadoop/hadoop-hdfs/3.4.0/t/dependency/jetty-xml-9.4.53.v20231009.jar:/home/wtwhite/code/regression-test-generation-NON-SOURCE-EQUIV/find-diff-classes/compile/gaoss/org/apache/hadoop/hadoop-hdfs/3.4.0/t/dependency/jline-3.9.0.jar:/home/wtwhite/code/regression-test-generation-NON-SOURCE-EQUIV/find-diff-classes/compile/gaoss/org/apache/hadoop/hadoop-hdfs/3.4.0/t/dependency/jsch-0.1.55.jar:/home/wtwhite/code/regression-test-generation-NON-SOURCE-EQUIV/find-diff-classes/compile/gaoss/org/apache/hadoop/hadoop-hdfs/3.4.0/t/dependency/jsp-api-2.1.jar:/home/wtwhite/code/regression-test-generation-NON-SOURCE-EQUIV/find-diff-classes/compile/gaoss/org/apache/hadoop/hadoop-hdfs/3.4.0/t/dependency/jsr305-3.0.2.jar:/home/wtwhite/code/regression-test-generation-NON-SOURCE-EQUIV/find-diff-classes/compile/gaoss/org/apache/hadoop/hadoop-hdfs/3.4.0/t/dependency/jsr311-api-1.1.1.jar:/home/wtwhite/code/regression-test-generation-NON-SOURCE-EQUIV/find-diff-classes/compile/gaoss/org/apache/hadoop/hadoop-hdfs/3.4.0/t/dependency/jul-to-slf4j-1.7.36.jar:/home/wtwhite/code/regression-test-generation-NON-SOURCE-EQUIV/find-diff-classes/compile/gaoss/org/apache/hadoop/hadoop-hdfs/3.4.0/t/dependency/junit-4.13.2.jar:/home/wtwhite/code/regression-test-generation-NON-SOURCE-EQUIV/find-diff-classes/compile/gaoss/org/apache/hadoop/hadoop-hdfs/3.4.0/t/dependency/junit-jupiter-api-5.8.2.jar:/home/wtwhite/code/regression-test-generation-NON-SOURCE-EQUIV/find-diff-classes/compile/gaoss/org/apache/hadoop/hadoop-hdfs/3.4.0/t/dependency/junit-platform-commons-1.8.2.jar:/home/wtwhite/code/regression-test-generation-NON-SOURCE-EQUIV/find-diff-classes/compile/gaoss/org/apache/hadoop/hadoop-hdfs/3.4.0/t/dependency/kerb-admin-2.0.3.jar:/home/wtwhite/code/regression-test-generation-NON-SOURCE-EQUIV/find-diff-classes/compile/gaoss/org/apache/hadoop/hadoop-hdfs/3.4.0/t/dependency/kerb-client-2.0.3.jar:/home/wtwhite/code/regression-test-generation-NON-SOURCE-EQUIV/find-diff-classes/compile/gaoss/org/apache/hadoop/hadoop-hdfs/3.4.0/t/dependency/kerb-common-2.0.3.jar:/home/wtwhite/code/regression-test-generation-NON-SOURCE-EQUIV/find-diff-classes/compile/gaoss/org/apache/hadoop/hadoop-hdfs/3.4.0/t/dependency/kerb-core-2.0.3.jar:/home/wtwhite/code/regression-test-generation-NON-SOURCE-EQUIV/find-diff-classes/compile/gaoss/org/apache/hadoop/hadoop-hdfs/3.4.0/t/dependency/kerb-crypto-2.0.3.jar:/home/wtwhite/code/regression-test-generation-NON-SOURCE-EQUIV/find-diff-classes/compile/gaoss/org/apache/hadoop/hadoop-hdfs/3.4.0/t/dependency/kerb-identity-2.0.3.jar:/home/wtwhite/code/regression-test-generation-NON-SOURCE-EQUIV/find-diff-classes/compile/gaoss/org/apache/hadoop/hadoop-hdfs/3.4.0/t/dependency/kerb-server-2.0.3.jar:/home/wtwhite/code/regression-test-generation-NON-SOURCE-EQUIV/find-diff-classes/compile/gaoss/org/apache/hadoop/hadoop-hdfs/3.4.0/t/dependency/kerb-simplekdc-2.0.3.jar:/home/wtwhite/code/regression-test-generation-NON-SOURCE-EQUIV/find-diff-classes/compile/gaoss/org/apache/hadoop/hadoop-hdfs/3.4.0/t/dependency/kerb-util-2.0.3.jar:/home/wtwhite/code/regression-test-generation-NON-SOURCE-EQUIV/find-diff-classes/compile/gaoss/org/apache/hadoop/hadoop-hdfs/3.4.0/t/dependency/kerby-asn1-2.0.3.jar:/home/wtwhite/code/regression-test-generation-NON-SOURCE-EQUIV/find-diff-classes/compile/gaoss/org/apache/hadoop/hadoop-hdfs/3.4.0/t/dependency/kerby-config-2.0.3.jar:/home/wtwhite/code/regression-test-generation-NON-SOURCE-EQUIV/find-diff-classes/compile/gaoss/org/apache/hadoop/hadoop-hdfs/3.4.0/t/dependency/kerby-pkix-2.0.3.jar:/home/wtwhite/code/regression-test-generation-NON-SOURCE-EQUIV/find-diff-classes/compile/gaoss/org/apache/hadoop/hadoop-hdfs/3.4.0/t/dependency/kerby-util-2.0.3.jar:/home/wtwhite/code/regression-test-generation-NON-SOURCE-EQUIV/find-diff-classes/compile/gaoss/org/apache/hadoop/hadoop-hdfs/3.4.0/t/dependency/kerby-xdr-2.0.3.jar:/home/wtwhite/code/regression-test-generation-NON-SOURCE-EQUIV/find-diff-classes/compile/gaoss/org/apache/hadoop/hadoop-hdfs/3.4.0/t/dependency/leveldbjni-all-1.8.jar:/home/wtwhite/code/regression-test-generation-NON-SOURCE-EQUIV/find-diff-classes/compile/gaoss/org/apache/hadoop/hadoop-hdfs/3.4.0/t/dependency/listenablefuture-9999.0-empty-to-avoid-conflict-with-guava.jar:/home/wtwhite/code/regression-test-generation-NON-SOURCE-EQUIV/find-diff-classes/compile/gaoss/org/apache/hadoop/hadoop-hdfs/3.4.0/t/dependency/lz4-java-1.7.1.jar:/home/wtwhite/code/regression-test-generation-NON-SOURCE-EQUIV/find-diff-classes/compile/gaoss/org/apache/hadoop/hadoop-hdfs/3.4.0/t/dependency/metrics-core-3.2.4.jar:/home/wtwhite/code/regression-test-generation-NON-SOURCE-EQUIV/find-diff-classes/compile/gaoss/org/apache/hadoop/hadoop-hdfs/3.4.0/t/dependency/mockito-core-2.28.2.jar:/home/wtwhite/code/regression-test-generation-NON-SOURCE-EQUIV/find-diff-classes/compile/gaoss/org/apache/hadoop/hadoop-hdfs/3.4.0/t/dependency/netty-all-4.1.100.Final.jar:/home/wtwhite/code/regression-test-generation-NON-SOURCE-EQUIV/find-diff-classes/compile/gaoss/org/apache/hadoop/hadoop-hdfs/3.4.0/t/dependency/netty-buffer-4.1.100.Final.jar:/home/wtwhite/code/regression-test-generation-NON-SOURCE-EQUIV/find-diff-classes/compile/gaoss/org/apache/hadoop/hadoop-hdfs/3.4.0/t/dependency/netty-codec-4.1.100.Final.jar:/home/wtwhite/code/regression-test-generation-NON-SOURCE-EQUIV/find-diff-classes/compile/gaoss/org/apache/hadoop/hadoop-hdfs/3.4.0/t/dependency/netty-codec-dns-4.1.100.Final.jar:/home/wtwhite/code/regression-test-generation-NON-SOURCE-EQUIV/find-diff-classes/compile/gaoss/org/apache/hadoop/hadoop-hdfs/3.4.0/t/dependency/netty-codec-haproxy-4.1.100.Final.jar:/home/wtwhite/code/regression-test-generation-NON-SOURCE-EQUIV/find-diff-classes/compile/gaoss/org/apache/hadoop/hadoop-hdfs/3.4.0/t/dependency/netty-codec-http-4.1.100.Final.jar:/home/wtwhite/code/regression-test-generation-NON-SOURCE-EQUIV/find-diff-classes/compile/gaoss/org/apache/hadoop/hadoop-hdfs/3.4.0/t/dependency/netty-codec-http2-4.1.100.Final.jar:/home/wtwhite/code/regression-test-generation-NON-SOURCE-EQUIV/find-diff-classes/compile/gaoss/org/apache/hadoop/hadoop-hdfs/3.4.0/t/dependency/netty-codec-memcache-4.1.100.Final.jar:/home/wtwhite/code/regression-test-generation-NON-SOURCE-EQUIV/find-diff-classes/compile/gaoss/org/apache/hadoop/hadoop-hdfs/3.4.0/t/dependency/netty-codec-mqtt-4.1.100.Final.jar:/home/wtwhite/code/regression-test-generation-NON-SOURCE-EQUIV/find-diff-classes/compile/gaoss/org/apache/hadoop/hadoop-hdfs/3.4.0/t/dependency/netty-codec-redis-4.1.100.Final.jar:/home/wtwhite/code/regression-test-generation-NON-SOURCE-EQUIV/find-diff-classes/compile/gaoss/org/apache/hadoop/hadoop-hdfs/3.4.0/t/dependency/netty-codec-smtp-4.1.100.Final.jar:/home/wtwhite/code/regression-test-generation-NON-SOURCE-EQUIV/find-diff-classes/compile/gaoss/org/apache/hadoop/hadoop-hdfs/3.4.0/t/dependency/netty-codec-socks-4.1.100.Final.jar:/home/wtwhite/code/regression-test-generation-NON-SOURCE-EQUIV/find-diff-classes/compile/gaoss/org/apache/hadoop/hadoop-hdfs/3.4.0/t/dependency/netty-codec-stomp-4.1.100.Final.jar:/home/wtwhite/code/regression-test-generation-NON-SOURCE-EQUIV/find-diff-classes/compile/gaoss/org/apache/hadoop/hadoop-hdfs/3.4.0/t/dependency/netty-codec-xml-4.1.100.Final.jar:/home/wtwhite/code/regression-test-generation-NON-SOURCE-EQUIV/find-diff-classes/compile/gaoss/org/apache/hadoop/hadoop-hdfs/3.4.0/t/dependency/netty-common-4.1.100.Final.jar:/home/wtwhite/code/regression-test-generation-NON-SOURCE-EQUIV/find-diff-classes/compile/gaoss/org/apache/hadoop/hadoop-hdfs/3.4.0/t/dependency/netty-handler-4.1.100.Final.jar:/home/wtwhite/code/regression-test-generation-NON-SOURCE-EQUIV/find-diff-classes/compile/gaoss/org/apache/hadoop/hadoop-hdfs/3.4.0/t/dependency/netty-handler-proxy-4.1.100.Final.jar:/home/wtwhite/code/regression-test-generation-NON-SOURCE-EQUIV/find-diff-classes/compile/gaoss/org/apache/hadoop/hadoop-hdfs/3.4.0/t/dependency/netty-handler-ssl-ocsp-4.1.100.Final.jar:/home/wtwhite/code/regression-test-generation-NON-SOURCE-EQUIV/find-diff-classes/compile/gaoss/org/apache/hadoop/hadoop-hdfs/3.4.0/t/dependency/netty-resolver-4.1.100.Final.jar:/home/wtwhite/code/regression-test-generation-NON-SOURCE-EQUIV/find-diff-classes/compile/gaoss/org/apache/hadoop/hadoop-hdfs/3.4.0/t/dependency/netty-resolver-dns-4.1.100.Final.jar:/home/wtwhite/code/regression-test-generation-NON-SOURCE-EQUIV/find-diff-classes/compile/gaoss/org/apache/hadoop/hadoop-hdfs/3.4.0/t/dependency/netty-resolver-dns-classes-macos-4.1.100.Final.jar:/home/wtwhite/code/regression-test-generation-NON-SOURCE-EQUIV/find-diff-classes/compile/gaoss/org/apache/hadoop/hadoop-hdfs/3.4.0/t/dependency/netty-resolver-dns-native-macos-4.1.100.Final-osx-aarch_64.jar:/home/wtwhite/code/regression-test-generation-NON-SOURCE-EQUIV/find-diff-classes/compile/gaoss/org/apache/hadoop/hadoop-hdfs/3.4.0/t/dependency/netty-resolver-dns-native-macos-4.1.100.Final-osx-x86_64.jar:/home/wtwhite/code/regression-test-generation-NON-SOURCE-EQUIV/find-diff-classes/compile/gaoss/org/apache/hadoop/hadoop-hdfs/3.4.0/t/dependency/netty-transport-4.1.100.Final.jar:/home/wtwhite/code/regression-test-generation-NON-SOURCE-EQUIV/find-diff-classes/compile/gaoss/org/apache/hadoop/hadoop-hdfs/3.4.0/t/dependency/netty-transport-classes-epoll-4.1.100.Final.jar:/home/wtwhite/code/regression-test-generation-NON-SOURCE-EQUIV/find-diff-classes/compile/gaoss/org/apache/hadoop/hadoop-hdfs/3.4.0/t/dependency/netty-transport-classes-kqueue-4.1.100.Final.jar:/home/wtwhite/code/regression-test-generation-NON-SOURCE-EQUIV/find-diff-classes/compile/gaoss/org/apache/hadoop/hadoop-hdfs/3.4.0/t/dependency/netty-transport-native-epoll-4.1.100.Final-linux-aarch_64.jar:/home/wtwhite/code/regression-test-generation-NON-SOURCE-EQUIV/find-diff-classes/compile/gaoss/org/apache/hadoop/hadoop-hdfs/3.4.0/t/dependency/netty-transport-native-epoll-4.1.100.Final-linux-x86_64.jar:/home/wtwhite/code/regression-test-generation-NON-SOURCE-EQUIV/find-diff-classes/compile/gaoss/org/apache/hadoop/hadoop-hdfs/3.4.0/t/dependency/netty-transport-native-epoll-4.1.100.Final.jar:/home/wtwhite/code/regression-test-generation-NON-SOURCE-EQUIV/find-diff-classes/compile/gaoss/org/apache/hadoop/hadoop-hdfs/3.4.0/t/dependency/netty-transport-native-kqueue-4.1.100.Final-osx-aarch_64.jar:/home/wtwhite/code/regression-test-generation-NON-SOURCE-EQUIV/find-diff-classes/compile/gaoss/org/apache/hadoop/hadoop-hdfs/3.4.0/t/dependency/netty-transport-native-kqueue-4.1.100.Final-osx-x86_64.jar:/home/wtwhite/code/regression-test-generation-NON-SOURCE-EQUIV/find-diff-classes/compile/gaoss/org/apache/hadoop/hadoop-hdfs/3.4.0/t/dependency/netty-transport-native-unix-common-4.1.100.Final.jar:/home/wtwhite/code/regression-test-generation-NON-SOURCE-EQUIV/find-diff-classes/compile/gaoss/org/apache/hadoop/hadoop-hdfs/3.4.0/t/dependency/netty-transport-rxtx-4.1.100.Final.jar:/home/wtwhite/code/regression-test-generation-NON-SOURCE-EQUIV/find-diff-classes/compile/gaoss/org/apache/hadoop/hadoop-hdfs/3.4.0/t/dependency/netty-transport-sctp-4.1.100.Final.jar:/home/wtwhite/code/regression-test-generation-NON-SOURCE-EQUIV/find-diff-classes/compile/gaoss/org/apache/hadoop/hadoop-hdfs/3.4.0/t/dependency/netty-transport-udt-4.1.100.Final.jar:/home/wtwhite/code/regression-test-generation-NON-SOURCE-EQUIV/find-diff-classes/compile/gaoss/org/apache/hadoop/hadoop-hdfs/3.4.0/t/dependency/nimbus-jose-jwt-9.31.jar:/home/wtwhite/code/regression-test-generation-NON-SOURCE-EQUIV/find-diff-classes/compile/gaoss/org/apache/hadoop/hadoop-hdfs/3.4.0/t/dependency/objenesis-2.6.jar:/home/wtwhite/code/regression-test-generation-NON-SOURCE-EQUIV/find-diff-classes/compile/gaoss/org/apache/hadoop/hadoop-hdfs/3.4.0/t/dependency/opentest4j-1.2.0.jar:/home/wtwhite/code/regression-test-generation-NON-SOURCE-EQUIV/find-diff-classes/compile/gaoss/org/apache/hadoop/hadoop-hdfs/3.4.0/t/dependency/protobuf-java-2.5.0.jar:/home/wtwhite/code/regression-test-generation-NON-SOURCE-EQUIV/find-diff-classes/compile/gaoss/org/apache/hadoop/hadoop-hdfs/3.4.0/t/dependency/re2j-1.1.jar:/home/wtwhite/code/regression-test-generation-NON-SOURCE-EQUIV/find-diff-classes/compile/gaoss/org/apache/hadoop/hadoop-hdfs/3.4.0/t/dependency/reload4j-1.2.22.jar:/home/wtwhite/code/regression-test-generation-NON-SOURCE-EQUIV/find-diff-classes/compile/gaoss/org/apache/hadoop/hadoop-hdfs/3.4.0/t/dependency/slf4j-api-1.7.36.jar:/home/wtwhite/code/regression-test-generation-NON-SOURCE-EQUIV/find-diff-classes/compile/gaoss/org/apache/hadoop/hadoop-hdfs/3.4.0/t/dependency/slf4j-reload4j-1.7.36.jar:/home/wtwhite/code/regression-test-generation-NON-SOURCE-EQUIV/find-diff-classes/compile/gaoss/org/apache/hadoop/hadoop-hdfs/3.4.0/t/dependency/snappy-java-1.1.10.4.jar:/home/wtwhite/code/regression-test-generation-NON-SOURCE-EQUIV/find-diff-classes/compile/gaoss/org/apache/hadoop/hadoop-hdfs/3.4.0/t/dependency/stax2-api-4.2.1.jar:/home/wtwhite/code/regression-test-generation-NON-SOURCE-EQUIV/find-diff-classes/compile/gaoss/org/apache/hadoop/hadoop-hdfs/3.4.0/t/dependency/token-provider-2.0.3.jar:/home/wtwhite/code/regression-test-generation-NON-SOURCE-EQUIV/find-diff-classes/compile/gaoss/org/apache/hadoop/hadoop-hdfs/3.4.0/t/dependency/woodstox-core-5.4.0.jar:/home/wtwhite/code/regression-test-generation-NON-SOURCE-EQUIV/find-diff-classes/compile/gaoss/org/apache/hadoop/hadoop-hdfs/3.4.0/t/dependency/zookeeper-3.8.3-tests.jar:/home/wtwhite/code/regression-test-generation-NON-SOURCE-EQUIV/find-diff-classes/compile/gaoss/org/apache/hadoop/hadoop-hdfs/3.4.0/t/dependency/zookeeper-3.8.3.jar:/home/wtwhite/code/regression-test-generation-NON-SOURCE-EQUIV/find-diff-classes/compile/gaoss/org/apache/hadoop/hadoop-hdfs/3.4.0/t/dependency/zookeeper-jute-3.8.3.jar:/home/wtwhite/code/regression-test-generation/evosuite/evosuite-standalone-runtime-1.2.0.jar:/home/wtwhite/.m2/repository/junit/junit/4.13.2/junit-4.13.2.jar:/home/wtwhite/.m2/repository/org/hamcrest/hamcrest-core/1.3/hamcrest-core-1.3.jar:"/>
    <property name="sun.cpu.endian" value="little"/>
    <property name="user.home" value="/home/wtwhite"/>
    <property name="user.language" value="en"/>
    <property name="java.specification.vendor" value="Oracle Corporation"/>
    <property name="java.home" value="/usr/lib/jvm/java-8-openjdk-amd64/jre"/>
    <property name="basedir" value="/home/wtwhite/code/regression-test-generation-NON-SOURCE-EQUIV/find-diff-classes/compile/gaoss/org/apache/hadoop/hadoop-hdfs/3.4.0"/>
    <property name="file.separator" value="/"/>
    <property name="line.separator" value="&#10;"/>
    <property name="java.vm.specification.vendor" value="Oracle Corporation"/>
    <property name="java.specification.name" value="Java Platform API Specification"/>
    <property name="java.awt.graphicsenv" value="sun.awt.X11GraphicsEnvironment"/>
    <property name="surefire.real.class.path" value="/home/wtwhite/code/regression-test-generation-NON-SOURCE-EQUIV/find-diff-classes/compile/gaoss/org/apache/hadoop/hadoop-hdfs/3.4.0/target/surefire/surefirebooter-20241112134217976_3.jar"/>
    <property name="sun.boot.class.path" value="/usr/lib/jvm/java-8-openjdk-amd64/jre/lib/resources.jar:/usr/lib/jvm/java-8-openjdk-amd64/jre/lib/rt.jar:/usr/lib/jvm/java-8-openjdk-amd64/jre/lib/sunrsasign.jar:/usr/lib/jvm/java-8-openjdk-amd64/jre/lib/jsse.jar:/usr/lib/jvm/java-8-openjdk-amd64/jre/lib/jce.jar:/usr/lib/jvm/java-8-openjdk-amd64/jre/lib/charsets.jar:/usr/lib/jvm/java-8-openjdk-amd64/jre/lib/jfr.jar:/usr/lib/jvm/java-8-openjdk-amd64/jre/classes"/>
    <property name="sun.management.compiler" value="HotSpot 64-Bit Tiered Compilers"/>
    <property name="java.runtime.version" value="1.8.0_382-8u382-ga-1~22.04.1-b05"/>
    <property name="user.name" value="wtwhite"/>
    <property name="path.separator" value=":"/>
    <property name="os.version" value="5.15.0-87-generic"/>
    <property name="java.endorsed.dirs" value="/usr/lib/jvm/java-8-openjdk-amd64/jre/lib/endorsed"/>
    <property name="java.runtime.name" value="OpenJDK Runtime Environment"/>
    <property name="file.encoding" value="UTF-8"/>
    <property name="java.vm.name" value="OpenJDK 64-Bit Server VM"/>
    <property name="localRepository" value="/home/wtwhite/.m2/repository"/>
    <property name="java.vendor.url.bug" value="http://bugreport.sun.com/bugreport/"/>
    <property name="java.io.tmpdir" value="/tmp"/>
    <property name="java.version" value="1.8.0_382"/>
    <property name="user.dir" value="/home/wtwhite/code/regression-test-generation-NON-SOURCE-EQUIV/find-diff-classes/compile/gaoss/org/apache/hadoop/hadoop-hdfs/3.4.0"/>
    <property name="os.arch" value="amd64"/>
    <property name="java.vm.specification.name" value="Java Virtual Machine Specification"/>
    <property name="java.awt.printerjob" value="sun.print.PSPrinterJob"/>
    <property name="sun.os.patch.level" value="unknown"/>
    <property name="java.library.path" value="/usr/java/packages/lib/amd64:/usr/lib/x86_64-linux-gnu/jni:/lib/x86_64-linux-gnu:/usr/lib/x86_64-linux-gnu:/usr/lib/jni:/lib:/usr/lib"/>
    <property name="java.vm.info" value="mixed mode"/>
    <property name="java.vendor" value="Private Build"/>
    <property name="java.vm.version" value="25.382-b05"/>
    <property name="java.specification.maintenance.version" value="5"/>
    <property name="java.ext.dirs" value="/usr/lib/jvm/java-8-openjdk-amd64/jre/lib/ext:/usr/java/packages/lib/ext"/>
    <property name="sun.io.unicode.encoding" value="UnicodeLittle"/>
    <property name="java.class.version" value="52.0"/>
  </properties>
  <testcase name="test108" classname="org.apache.hadoop.hdfs.protocol.proto.NamenodeProtocolProtos_ESTest" time="0.779">
    <system-out><![CDATA[2024-11-12 13:42:54,230 INFO  EvoClassLoader - Seeing class for first time: org.apache.hadoop.hdfs.protocol.proto.NamenodeProtocolProtos_ESTest
2024-11-12 13:42:54,230 INFO  EvoClassLoader - Instrumenting class 'org.apache.hadoop.hdfs.protocol.proto.NamenodeProtocolProtos_ESTest'.
2024-11-12 13:42:54,233 INFO  EvoClassLoader - Seeing class for first time: org.apache.hadoop.hdfs.protocol.proto.NamenodeProtocolProtos_ESTest_scaffolding
2024-11-12 13:42:54,233 INFO  EvoClassLoader - Instrumenting class 'org.apache.hadoop.hdfs.protocol.proto.NamenodeProtocolProtos_ESTest_scaffolding'.
2024-11-12 13:42:54,235 INFO  EvoClassLoader - Keeping class: org.apache.hadoop.hdfs.protocol.proto.NamenodeProtocolProtos_ESTest_scaffolding
2024-11-12 13:42:54,235 INFO  EvoClassLoader - Keeping class: org.apache.hadoop.hdfs.protocol.proto.NamenodeProtocolProtos_ESTest
2024-11-12 13:42:54,237 INFO  EvoClassLoader - Seeing class for first time: org.apache.hadoop.thirdparty.protobuf.ExtensionRegistryLite
2024-11-12 13:42:54,237 INFO  EvoClassLoader - Instrumenting class 'org.apache.hadoop.thirdparty.protobuf.ExtensionRegistryLite'.
2024-11-12 13:42:54,238 INFO  MethodCallReplacementClassAdapter - Adding mock interface to class org/apache/hadoop/thirdparty/protobuf/ExtensionRegistryLite
2024-11-12 13:42:54,239 INFO  CreateClassResetClassAdapter - Found static initializer in class org/apache/hadoop/thirdparty/protobuf/ExtensionRegistryLite
2024-11-12 13:42:54,242 INFO  EvoClassLoader - Keeping class: org.apache.hadoop.thirdparty.protobuf.ExtensionRegistryLite
2024-11-12 13:42:54,242 INFO  EvoClassLoader - Seeing class for first time: org.apache.hadoop.thirdparty.protobuf.ExtensionRegistry
2024-11-12 13:42:54,242 INFO  EvoClassLoader - Instrumenting class 'org.apache.hadoop.thirdparty.protobuf.ExtensionRegistry'.
2024-11-12 13:42:54,242 INFO  MethodCallReplacementClassAdapter - Adding mock interface to class org/apache/hadoop/thirdparty/protobuf/ExtensionRegistry
2024-11-12 13:42:54,244 INFO  CreateClassResetClassAdapter - Found static initializer in class org/apache/hadoop/thirdparty/protobuf/ExtensionRegistry
2024-11-12 13:42:54,245 INFO  EvoClassLoader - Keeping class: org.apache.hadoop.thirdparty.protobuf.ExtensionRegistry
2024-11-12 13:42:54,265 INFO  EvoClassLoader - Seeing class for first time: org.apache.hadoop.hdfs.protocol.BlockListAsLongs$BufferDecoder
2024-11-12 13:42:54,265 INFO  EvoClassLoader - Instrumenting class 'org.apache.hadoop.hdfs.protocol.BlockListAsLongs$BufferDecoder'.
2024-11-12 13:42:54,265 INFO  MethodCallReplacementClassAdapter - Adding mock interface to class org/apache/hadoop/hdfs/protocol/BlockListAsLongs$BufferDecoder
2024-11-12 13:42:54,266 INFO  CreateClassResetClassAdapter - Found static initializer in class org/apache/hadoop/hdfs/protocol/BlockListAsLongs$BufferDecoder
2024-11-12 13:42:54,266 INFO  EvoClassLoader - Defined package (3): package org.apache.hadoop.hdfs.protocol, -1396960598
2024-11-12 13:42:54,267 INFO  EvoClassLoader - Seeing class for first time: org.apache.hadoop.hdfs.protocol.BlockListAsLongs
2024-11-12 13:42:54,267 INFO  EvoClassLoader - Instrumenting class 'org.apache.hadoop.hdfs.protocol.BlockListAsLongs'.
2024-11-12 13:42:54,267 INFO  MethodCallReplacementClassAdapter - Adding mock interface to class org/apache/hadoop/hdfs/protocol/BlockListAsLongs
2024-11-12 13:42:54,268 INFO  CreateClassResetClassAdapter - Found static initializer in class org/apache/hadoop/hdfs/protocol/BlockListAsLongs
2024-11-12 13:42:54,269 INFO  EvoClassLoader - Keeping class: org.apache.hadoop.hdfs.protocol.BlockListAsLongs
2024-11-12 13:42:54,269 INFO  EvoClassLoader - Keeping class: org.apache.hadoop.hdfs.protocol.BlockListAsLongs$BufferDecoder
2024-11-12 13:42:54,269 INFO  EvoClassLoader - Seeing class for first time: org.apache.hadoop.hdfs.protocol.BlockListAsLongs$LongsDecoder
2024-11-12 13:42:54,269 INFO  EvoClassLoader - Instrumenting class 'org.apache.hadoop.hdfs.protocol.BlockListAsLongs$LongsDecoder'.
2024-11-12 13:42:54,269 INFO  MethodCallReplacementClassAdapter - Adding mock interface to class org/apache/hadoop/hdfs/protocol/BlockListAsLongs$LongsDecoder
2024-11-12 13:42:54,269 INFO  CreateClassResetClassAdapter - Creating brand-new static initializer in class org/apache/hadoop/hdfs/protocol/BlockListAsLongs$LongsDecoder
2024-11-12 13:42:54,270 INFO  EvoClassLoader - Keeping class: org.apache.hadoop.hdfs.protocol.BlockListAsLongs$LongsDecoder
2024-11-12 13:42:54,270 INFO  EvoClassLoader - Seeing class for first time: org.apache.hadoop.hdfs.protocol.BlockListAsLongs$1
2024-11-12 13:42:54,270 INFO  EvoClassLoader - Instrumenting class 'org.apache.hadoop.hdfs.protocol.BlockListAsLongs$1'.
2024-11-12 13:42:54,270 INFO  MethodCallReplacementClassAdapter - Adding mock interface to class org/apache/hadoop/hdfs/protocol/BlockListAsLongs$1
2024-11-12 13:42:54,271 INFO  EvoClassLoader - Keeping class: org.apache.hadoop.hdfs.protocol.BlockListAsLongs$1
2024-11-12 13:42:54,272 INFO  EvoClassLoader - Seeing class for first time: org.apache.hadoop.hdfs.protocol.proto.NamenodeProtocolProtos$NamenodeProtocolService
2024-11-12 13:42:54,272 INFO  EvoClassLoader - Instrumenting class 'org.apache.hadoop.hdfs.protocol.proto.NamenodeProtocolProtos$NamenodeProtocolService'.
2024-11-12 13:42:54,273 INFO  MethodCallReplacementClassAdapter - Adding mock interface to class org/apache/hadoop/hdfs/protocol/proto/NamenodeProtocolProtos$NamenodeProtocolService
2024-11-12 13:42:54,274 INFO  CreateClassResetClassAdapter - Creating brand-new static initializer in class org/apache/hadoop/hdfs/protocol/proto/NamenodeProtocolProtos$NamenodeProtocolService
2024-11-12 13:42:54,275 INFO  EvoClassLoader - Seeing class for first time: org.apache.hadoop.thirdparty.protobuf.Service
2024-11-12 13:42:54,275 INFO  EvoClassLoader - Instrumenting class 'org.apache.hadoop.thirdparty.protobuf.Service'.
2024-11-12 13:42:54,275 INFO  EvoClassLoader - Keeping class: org.apache.hadoop.thirdparty.protobuf.Service
2024-11-12 13:42:54,275 INFO  EvoClassLoader - Keeping class: org.apache.hadoop.hdfs.protocol.proto.NamenodeProtocolProtos$NamenodeProtocolService
2024-11-12 13:42:54,275 INFO  EvoClassLoader - Seeing class for first time: org.apache.hadoop.thirdparty.protobuf.Message
2024-11-12 13:42:54,275 INFO  EvoClassLoader - Instrumenting class 'org.apache.hadoop.thirdparty.protobuf.Message'.
2024-11-12 13:42:54,275 INFO  EvoClassLoader - Seeing class for first time: org.apache.hadoop.thirdparty.protobuf.MessageLite
2024-11-12 13:42:54,275 INFO  EvoClassLoader - Instrumenting class 'org.apache.hadoop.thirdparty.protobuf.MessageLite'.
2024-11-12 13:42:54,275 INFO  EvoClassLoader - Seeing class for first time: org.apache.hadoop.thirdparty.protobuf.MessageLiteOrBuilder
2024-11-12 13:42:54,275 INFO  EvoClassLoader - Instrumenting class 'org.apache.hadoop.thirdparty.protobuf.MessageLiteOrBuilder'.
2024-11-12 13:42:54,276 INFO  EvoClassLoader - Keeping class: org.apache.hadoop.thirdparty.protobuf.MessageLiteOrBuilder
2024-11-12 13:42:54,276 INFO  EvoClassLoader - Keeping class: org.apache.hadoop.thirdparty.protobuf.MessageLite
2024-11-12 13:42:54,276 INFO  EvoClassLoader - Seeing class for first time: org.apache.hadoop.thirdparty.protobuf.MessageOrBuilder
2024-11-12 13:42:54,276 INFO  EvoClassLoader - Instrumenting class 'org.apache.hadoop.thirdparty.protobuf.MessageOrBuilder'.
2024-11-12 13:42:54,276 INFO  EvoClassLoader - Keeping class: org.apache.hadoop.thirdparty.protobuf.MessageOrBuilder
2024-11-12 13:42:54,276 INFO  EvoClassLoader - Keeping class: org.apache.hadoop.thirdparty.protobuf.Message
2024-11-12 13:42:54,276 INFO  EvoClassLoader - Seeing class for first time: org.apache.hadoop.hdfs.protocol.proto.NamenodeProtocolProtos$NamenodeProtocolService$BlockingInterface
2024-11-12 13:42:54,276 INFO  EvoClassLoader - Instrumenting class 'org.apache.hadoop.hdfs.protocol.proto.NamenodeProtocolProtos$NamenodeProtocolService$BlockingInterface'.
2024-11-12 13:42:54,276 INFO  EvoClassLoader - Keeping class: org.apache.hadoop.hdfs.protocol.proto.NamenodeProtocolProtos$NamenodeProtocolService$BlockingInterface
2024-11-12 13:42:54,276 INFO  EvoClassLoader - Seeing class for first time: org.apache.hadoop.thirdparty.protobuf.BlockingService
2024-11-12 13:42:54,276 INFO  EvoClassLoader - Instrumenting class 'org.apache.hadoop.thirdparty.protobuf.BlockingService'.
2024-11-12 13:42:54,277 INFO  EvoClassLoader - Keeping class: org.apache.hadoop.thirdparty.protobuf.BlockingService
2024-11-12 13:42:54,277 INFO  EvoClassLoader - Seeing class for first time: org.apache.hadoop.thirdparty.protobuf.ByteString$Output
2024-11-12 13:42:54,277 INFO  EvoClassLoader - Instrumenting class 'org.apache.hadoop.thirdparty.protobuf.ByteString$Output'.
2024-11-12 13:42:54,277 INFO  MethodCallReplacementClassAdapter - Adding mock interface to class org/apache/hadoop/thirdparty/protobuf/ByteString$Output
2024-11-12 13:42:54,277 INFO  CreateClassResetClassAdapter - Found static initializer in class org/apache/hadoop/thirdparty/protobuf/ByteString$Output
2024-11-12 13:42:54,278 INFO  EvoClassLoader - Keeping class: org.apache.hadoop.thirdparty.protobuf.ByteString$Output
2024-11-12 13:42:54,278 INFO  EvoClassLoader - Seeing class for first time: org.apache.hadoop.fs.FileSystem
2024-11-12 13:42:54,278 INFO  EvoClassLoader - Instrumenting class 'org.apache.hadoop.fs.FileSystem'.
2024-11-12 13:42:54,278 INFO  MethodCallReplacementClassAdapter - Adding mock interface to class org/apache/hadoop/fs/FileSystem
2024-11-12 13:42:54,284 INFO  CreateClassResetClassAdapter - Found static initializer in class org/apache/hadoop/fs/FileSystem
2024-11-12 13:42:54,284 INFO  EvoClassLoader - Defined package (3): package org.apache.hadoop.fs, -40118176
2024-11-12 13:42:54,286 INFO  EvoClassLoader - Seeing class for first time: org.apache.hadoop.security.token.DelegationTokenIssuer
2024-11-12 13:42:54,286 INFO  EvoClassLoader - Instrumenting class 'org.apache.hadoop.security.token.DelegationTokenIssuer'.
2024-11-12 13:42:54,286 INFO  EvoClassLoader - Defined package (3): package org.apache.hadoop.security.token, -540953378
2024-11-12 13:42:54,287 INFO  EvoClassLoader - Keeping class: org.apache.hadoop.security.token.DelegationTokenIssuer
2024-11-12 13:42:54,287 INFO  EvoClassLoader - Seeing class for first time: org.apache.hadoop.fs.PathCapabilities
2024-11-12 13:42:54,287 INFO  EvoClassLoader - Instrumenting class 'org.apache.hadoop.fs.PathCapabilities'.
2024-11-12 13:42:54,287 INFO  EvoClassLoader - Keeping class: org.apache.hadoop.fs.PathCapabilities
2024-11-12 13:42:54,287 INFO  EvoClassLoader - Seeing class for first time: org.apache.hadoop.conf.Configured
2024-11-12 13:42:54,287 INFO  EvoClassLoader - Instrumenting class 'org.apache.hadoop.conf.Configured'.
2024-11-12 13:42:54,287 INFO  MethodCallReplacementClassAdapter - Adding mock interface to class org/apache/hadoop/conf/Configured
2024-11-12 13:42:54,287 INFO  CreateClassResetClassAdapter - Creating brand-new static initializer in class org/apache/hadoop/conf/Configured
2024-11-12 13:42:54,287 INFO  EvoClassLoader - Defined package (3): package org.apache.hadoop.conf, 101048823
2024-11-12 13:42:54,288 INFO  EvoClassLoader - Seeing class for first time: org.apache.hadoop.conf.Configurable
2024-11-12 13:42:54,288 INFO  EvoClassLoader - Instrumenting class 'org.apache.hadoop.conf.Configurable'.
2024-11-12 13:42:54,288 INFO  EvoClassLoader - Keeping class: org.apache.hadoop.conf.Configurable
2024-11-12 13:42:54,288 INFO  EvoClassLoader - Keeping class: org.apache.hadoop.conf.Configured
2024-11-12 13:42:54,288 INFO  EvoClassLoader - Keeping class: org.apache.hadoop.fs.FileSystem
2024-11-12 13:42:54,288 INFO  EvoClassLoader - Seeing class for first time: org.apache.hadoop.fs.PathFilter
2024-11-12 13:42:54,288 INFO  EvoClassLoader - Instrumenting class 'org.apache.hadoop.fs.PathFilter'.
2024-11-12 13:42:54,288 INFO  EvoClassLoader - Keeping class: org.apache.hadoop.fs.PathFilter
2024-11-12 13:42:54,288 INFO  EvoClassLoader - Seeing class for first time: org.apache.hadoop.fs.GlobalStorageStatistics$StorageStatisticsProvider
2024-11-12 13:42:54,288 INFO  EvoClassLoader - Instrumenting class 'org.apache.hadoop.fs.GlobalStorageStatistics$StorageStatisticsProvider'.
2024-11-12 13:42:54,289 INFO  EvoClassLoader - Keeping class: org.apache.hadoop.fs.GlobalStorageStatistics$StorageStatisticsProvider
2024-11-12 13:42:54,289 INFO  EvoClassLoader - Seeing class for first time: org.apache.hadoop.fs.ParentNotDirectoryException
2024-11-12 13:42:54,289 INFO  EvoClassLoader - Instrumenting class 'org.apache.hadoop.fs.ParentNotDirectoryException'.
2024-11-12 13:42:54,289 INFO  MethodCallReplacementClassAdapter - Adding mock interface to class org/apache/hadoop/fs/ParentNotDirectoryException
2024-11-12 13:42:54,289 INFO  CreateClassResetClassAdapter - Creating brand-new static initializer in class org/apache/hadoop/fs/ParentNotDirectoryException
2024-11-12 13:42:54,289 INFO  EvoClassLoader - Keeping class: org.apache.hadoop.fs.ParentNotDirectoryException
2024-11-12 13:42:54,289 INFO  EvoClassLoader - Seeing class for first time: org.apache.hadoop.fs.CreateFlag
2024-11-12 13:42:54,289 INFO  EvoClassLoader - Instrumenting class 'org.apache.hadoop.fs.CreateFlag'.
2024-11-12 13:42:54,290 INFO  MethodCallReplacementClassAdapter - Adding mock interface to class org/apache/hadoop/fs/CreateFlag
2024-11-12 13:42:54,290 INFO  CreateClassResetClassAdapter - Found static initializer in class org/apache/hadoop/fs/CreateFlag
2024-11-12 13:42:54,290 INFO  EvoClassLoader - Keeping class: org.apache.hadoop.fs.CreateFlag
2024-11-12 13:42:54,290 INFO  EvoClassLoader - Seeing class for first time: org.apache.hadoop.fs.QuotaUsage
2024-11-12 13:42:54,290 INFO  EvoClassLoader - Instrumenting class 'org.apache.hadoop.fs.QuotaUsage'.
2024-11-12 13:42:54,290 INFO  MethodCallReplacementClassAdapter - Adding mock interface to class org/apache/hadoop/fs/QuotaUsage
2024-11-12 13:42:54,290 INFO  CreateClassResetClassAdapter - Found static initializer in class org/apache/hadoop/fs/QuotaUsage
2024-11-12 13:42:54,291 INFO  EvoClassLoader - Keeping class: org.apache.hadoop.fs.QuotaUsage
2024-11-12 13:42:54,291 INFO  EvoClassLoader - Seeing class for first time: org.apache.hadoop.fs.ContentSummary
2024-11-12 13:42:54,291 INFO  EvoClassLoader - Instrumenting class 'org.apache.hadoop.fs.ContentSummary'.
2024-11-12 13:42:54,291 INFO  MethodCallReplacementClassAdapter - Adding mock interface to class org/apache/hadoop/fs/ContentSummary
2024-11-12 13:42:54,291 INFO  CreateClassResetClassAdapter - Found static initializer in class org/apache/hadoop/fs/ContentSummary
2024-11-12 13:42:54,292 INFO  EvoClassLoader - Seeing class for first time: org.apache.hadoop.io.Writable
2024-11-12 13:42:54,292 INFO  EvoClassLoader - Instrumenting class 'org.apache.hadoop.io.Writable'.
2024-11-12 13:42:54,292 INFO  EvoClassLoader - Defined package (3): package org.apache.hadoop.io, -40118087
2024-11-12 13:42:54,292 INFO  EvoClassLoader - Keeping class: org.apache.hadoop.io.Writable
2024-11-12 13:42:54,292 INFO  EvoClassLoader - Keeping class: org.apache.hadoop.fs.ContentSummary
2024-11-12 13:42:54,292 INFO  EvoClassLoader - Seeing class for first time: org.apache.hadoop.fs.RemoteIterator
2024-11-12 13:42:54,292 INFO  EvoClassLoader - Instrumenting class 'org.apache.hadoop.fs.RemoteIterator'.
2024-11-12 13:42:54,292 INFO  EvoClassLoader - Keeping class: org.apache.hadoop.fs.RemoteIterator
2024-11-12 13:42:54,293 INFO  EvoClassLoader - Seeing class for first time: org.apache.hadoop.fs.LocalFileSystem
2024-11-12 13:42:54,293 INFO  EvoClassLoader - Instrumenting class 'org.apache.hadoop.fs.LocalFileSystem'.
2024-11-12 13:42:54,293 INFO  MethodCallReplacementClassAdapter - Adding mock interface to class org/apache/hadoop/fs/LocalFileSystem
2024-11-12 13:42:54,294 INFO  CreateClassResetClassAdapter - Found static initializer in class org/apache/hadoop/fs/LocalFileSystem
2024-11-12 13:42:54,294 INFO  EvoClassLoader - Seeing class for first time: org.apache.hadoop.fs.ChecksumFileSystem
2024-11-12 13:42:54,294 INFO  EvoClassLoader - Instrumenting class 'org.apache.hadoop.fs.ChecksumFileSystem'.
2024-11-12 13:42:54,295 INFO  MethodCallReplacementClassAdapter - Adding mock interface to class org/apache/hadoop/fs/ChecksumFileSystem
2024-11-12 13:42:54,297 INFO  CreateClassResetClassAdapter - Found static initializer in class org/apache/hadoop/fs/ChecksumFileSystem
2024-11-12 13:42:54,297 INFO  EvoClassLoader - Seeing class for first time: org.apache.hadoop.fs.FilterFileSystem
2024-11-12 13:42:54,297 INFO  EvoClassLoader - Instrumenting class 'org.apache.hadoop.fs.FilterFileSystem'.
2024-11-12 13:42:54,298 INFO  MethodCallReplacementClassAdapter - Adding mock interface to class org/apache/hadoop/fs/FilterFileSystem
2024-11-12 13:42:54,298 INFO  CreateClassResetClassAdapter - Creating brand-new static initializer in class org/apache/hadoop/fs/FilterFileSystem
2024-11-12 13:42:54,299 INFO  EvoClassLoader - Keeping class: org.apache.hadoop.fs.FilterFileSystem
2024-11-12 13:42:54,299 INFO  EvoClassLoader - Keeping class: org.apache.hadoop.fs.ChecksumFileSystem
2024-11-12 13:42:54,299 INFO  EvoClassLoader - Keeping class: org.apache.hadoop.fs.LocalFileSystem
2024-11-12 13:42:54,299 INFO  EvoClassLoader - Seeing class for first time: org.apache.hadoop.security.AccessControlException
2024-11-12 13:42:54,299 INFO  EvoClassLoader - Instrumenting class 'org.apache.hadoop.security.AccessControlException'.
2024-11-12 13:42:54,299 INFO  MethodCallReplacementClassAdapter - Adding mock interface to class org/apache/hadoop/security/AccessControlException
2024-11-12 13:42:54,299 INFO  CreateClassResetClassAdapter - Creating brand-new static initializer in class org/apache/hadoop/security/AccessControlException
2024-11-12 13:42:54,299 INFO  EvoClassLoader - Defined package (3): package org.apache.hadoop.security, 1193150611
2024-11-12 13:42:54,299 INFO  EvoClassLoader - Keeping class: org.apache.hadoop.security.AccessControlException
2024-11-12 13:42:54,300 INFO  EvoClassLoader - Seeing class for first time: org.apache.hadoop.fs.XAttrSetFlag
2024-11-12 13:42:54,300 INFO  EvoClassLoader - Instrumenting class 'org.apache.hadoop.fs.XAttrSetFlag'.
2024-11-12 13:42:54,300 INFO  MethodCallReplacementClassAdapter - Adding mock interface to class org/apache/hadoop/fs/XAttrSetFlag
2024-11-12 13:42:54,300 INFO  CreateClassResetClassAdapter - Found static initializer in class org/apache/hadoop/fs/XAttrSetFlag
2024-11-12 13:42:54,300 INFO  EvoClassLoader - Keeping class: org.apache.hadoop.fs.XAttrSetFlag
2024-11-12 13:42:54,301 INFO  EvoClassLoader - Seeing class for first time: org.apache.hadoop.fs.UnsupportedFileSystemException
2024-11-12 13:42:54,301 INFO  EvoClassLoader - Instrumenting class 'org.apache.hadoop.fs.UnsupportedFileSystemException'.
2024-11-12 13:42:54,301 INFO  MethodCallReplacementClassAdapter - Adding mock interface to class org/apache/hadoop/fs/UnsupportedFileSystemException
2024-11-12 13:42:54,301 INFO  CreateClassResetClassAdapter - Creating brand-new static initializer in class org/apache/hadoop/fs/UnsupportedFileSystemException
2024-11-12 13:42:54,301 INFO  EvoClassLoader - Keeping class: org.apache.hadoop.fs.UnsupportedFileSystemException
2024-11-12 13:42:54,301 INFO  EvoClassLoader - Seeing class for first time: org.apache.hadoop.fs.StorageStatistics
2024-11-12 13:42:54,301 INFO  EvoClassLoader - Instrumenting class 'org.apache.hadoop.fs.StorageStatistics'.
2024-11-12 13:42:54,301 INFO  MethodCallReplacementClassAdapter - Adding mock interface to class org/apache/hadoop/fs/StorageStatistics
2024-11-12 13:42:54,301 INFO  CreateClassResetClassAdapter - Creating brand-new static initializer in class org/apache/hadoop/fs/StorageStatistics
2024-11-12 13:42:54,301 INFO  EvoClassLoader - Keeping class: org.apache.hadoop.fs.StorageStatistics
2024-11-12 13:42:54,301 INFO  EvoClassLoader - Seeing class for first time: org.apache.hadoop.fs.EmptyStorageStatistics
2024-11-12 13:42:54,301 INFO  EvoClassLoader - Instrumenting class 'org.apache.hadoop.fs.EmptyStorageStatistics'.
2024-11-12 13:42:54,301 INFO  MethodCallReplacementClassAdapter - Adding mock interface to class org/apache/hadoop/fs/EmptyStorageStatistics
2024-11-12 13:42:54,301 INFO  CreateClassResetClassAdapter - Creating brand-new static initializer in class org/apache/hadoop/fs/EmptyStorageStatistics
2024-11-12 13:42:54,301 INFO  EvoClassLoader - Keeping class: org.apache.hadoop.fs.EmptyStorageStatistics
2024-11-12 13:42:54,301 INFO  EvoClassLoader - Seeing class for first time: org.apache.hadoop.fs.FSDataOutputStreamBuilder
2024-11-12 13:42:54,301 INFO  EvoClassLoader - Instrumenting class 'org.apache.hadoop.fs.FSDataOutputStreamBuilder'.
2024-11-12 13:42:54,301 INFO  MethodCallReplacementClassAdapter - Adding mock interface to class org/apache/hadoop/fs/FSDataOutputStreamBuilder
2024-11-12 13:42:54,302 INFO  CreateClassResetClassAdapter - Creating brand-new static initializer in class org/apache/hadoop/fs/FSDataOutputStreamBuilder
2024-11-12 13:42:54,302 INFO  EvoClassLoader - Seeing class for first time: org.apache.hadoop.fs.impl.AbstractFSBuilderImpl
2024-11-12 13:42:54,302 INFO  EvoClassLoader - Instrumenting class 'org.apache.hadoop.fs.impl.AbstractFSBuilderImpl'.
2024-11-12 13:42:54,302 INFO  MethodCallReplacementClassAdapter - Adding mock interface to class org/apache/hadoop/fs/impl/AbstractFSBuilderImpl
2024-11-12 13:42:54,302 INFO  CreateClassResetClassAdapter - Creating brand-new static initializer in class org/apache/hadoop/fs/impl/AbstractFSBuilderImpl
2024-11-12 13:42:54,302 INFO  CreateClassResetClassAdapter - Adding bytecode for initializing field UNKNOWN_MANDATORY_KEY
2024-11-12 13:42:54,302 INFO  CreateClassResetClassAdapter - Adding bytecode for initializing field E_BOTH_A_PATH_AND_A_PATH_HANDLE
2024-11-12 13:42:54,302 INFO  EvoClassLoader - Defined package (3): package org.apache.hadoop.fs.impl, -2003435794
2024-11-12 13:42:54,303 INFO  EvoClassLoader - Seeing class for first time: org.apache.hadoop.fs.FSBuilder
2024-11-12 13:42:54,303 INFO  EvoClassLoader - Instrumenting class 'org.apache.hadoop.fs.FSBuilder'.
2024-11-12 13:42:54,303 INFO  EvoClassLoader - Keeping class: org.apache.hadoop.fs.FSBuilder
2024-11-12 13:42:54,304 INFO  EvoClassLoader - Keeping class: org.apache.hadoop.fs.impl.AbstractFSBuilderImpl
2024-11-12 13:42:54,304 INFO  EvoClassLoader - Keeping class: org.apache.hadoop.fs.FSDataOutputStreamBuilder
2024-11-12 13:42:54,304 INFO  EvoClassLoader - Seeing class for first time: org.apache.hadoop.fs.FileSystem$FileSystemDataOutputStreamBuilder
2024-11-12 13:42:54,304 INFO  EvoClassLoader - Instrumenting class 'org.apache.hadoop.fs.FileSystem$FileSystemDataOutputStreamBuilder'.
2024-11-12 13:42:54,304 INFO  MethodCallReplacementClassAdapter - Adding mock interface to class org/apache/hadoop/fs/FileSystem$FileSystemDataOutputStreamBuilder
2024-11-12 13:42:54,304 INFO  CreateClassResetClassAdapter - Creating brand-new static initializer in class org/apache/hadoop/fs/FileSystem$FileSystemDataOutputStreamBuilder
2024-11-12 13:42:54,304 INFO  EvoClassLoader - Keeping class: org.apache.hadoop.fs.FileSystem$FileSystemDataOutputStreamBuilder
2024-11-12 13:42:54,304 INFO  EvoClassLoader - Seeing class for first time: org.apache.hadoop.fs.FileAlreadyExistsException
2024-11-12 13:42:54,304 INFO  EvoClassLoader - Instrumenting class 'org.apache.hadoop.fs.FileAlreadyExistsException'.
2024-11-12 13:42:54,305 INFO  MethodCallReplacementClassAdapter - Adding mock interface to class org/apache/hadoop/fs/FileAlreadyExistsException
2024-11-12 13:42:54,305 INFO  CreateClassResetClassAdapter - Creating brand-new static initializer in class org/apache/hadoop/fs/FileAlreadyExistsException
2024-11-12 13:42:54,305 INFO  EvoClassLoader - Keeping class: org.apache.hadoop.fs.FileAlreadyExistsException
2024-11-12 13:42:54,305 INFO  EvoClassLoader - Seeing class for first time: org.apache.hadoop.fs.FileSystem$Cache
2024-11-12 13:42:54,305 INFO  EvoClassLoader - Instrumenting class 'org.apache.hadoop.fs.FileSystem$Cache'.
2024-11-12 13:42:54,305 INFO  MethodCallReplacementClassAdapter - Adding mock interface to class org/apache/hadoop/fs/FileSystem$Cache
2024-11-12 13:42:54,306 INFO  CreateClassResetClassAdapter - Found static initializer in class org/apache/hadoop/fs/FileSystem$Cache
2024-11-12 13:42:54,306 INFO  EvoClassLoader - Keeping class: org.apache.hadoop.fs.FileSystem$Cache
2024-11-12 13:42:54,307 INFO  EvoClassLoader - Seeing class for first time: org.apache.hadoop.conf.Configuration
2024-11-12 13:42:54,307 INFO  EvoClassLoader - Instrumenting class 'org.apache.hadoop.conf.Configuration'.
2024-11-12 13:42:54,307 INFO  MethodCallReplacementClassAdapter - Adding mock interface to class org/apache/hadoop/conf/Configuration
2024-11-12 13:42:54,311 INFO  CreateClassResetClassAdapter - Found static initializer in class org/apache/hadoop/conf/Configuration
2024-11-12 13:42:54,313 INFO  EvoClassLoader - Keeping class: org.apache.hadoop.conf.Configuration
2024-11-12 13:42:54,314 INFO  EvoClassLoader - Seeing class for first time: com.ctc.wstx.io.InputBootstrapper
2024-11-12 13:42:54,314 INFO  EvoClassLoader - Instrumenting class 'com.ctc.wstx.io.InputBootstrapper'.
2024-11-12 13:42:54,315 INFO  MethodCallReplacementClassAdapter - Adding mock interface to class com/ctc/wstx/io/InputBootstrapper
2024-11-12 13:42:54,315 INFO  CreateClassResetClassAdapter - Creating brand-new static initializer in class com/ctc/wstx/io/InputBootstrapper
2024-11-12 13:42:54,315 INFO  CreateClassResetClassAdapter - Adding bytecode for initializing field ERR_XMLDECL_KW_VERSION
2024-11-12 13:42:54,315 INFO  CreateClassResetClassAdapter - Adding bytecode for initializing field ERR_XMLDECL_KW_ENCODING
2024-11-12 13:42:54,315 INFO  CreateClassResetClassAdapter - Adding bytecode for initializing field ERR_XMLDECL_KW_STANDALONE
2024-11-12 13:42:54,315 INFO  CreateClassResetClassAdapter - Adding bytecode for initializing field ERR_XMLDECL_END_MARKER
2024-11-12 13:42:54,315 INFO  CreateClassResetClassAdapter - Adding bytecode for initializing field ERR_XMLDECL_EXP_SPACE
2024-11-12 13:42:54,315 INFO  CreateClassResetClassAdapter - Adding bytecode for initializing field ERR_XMLDECL_EXP_EQ
2024-11-12 13:42:54,315 INFO  CreateClassResetClassAdapter - Adding bytecode for initializing field ERR_XMLDECL_EXP_ATTRVAL
2024-11-12 13:42:54,315 INFO  CreateClassResetClassAdapter - Adding bytecode for initializing field CHAR_NULL
2024-11-12 13:42:54,315 INFO  CreateClassResetClassAdapter - Adding bytecode for initializing field CHAR_SPACE
2024-11-12 13:42:54,315 INFO  CreateClassResetClassAdapter - Adding bytecode for initializing field CHAR_NEL
2024-11-12 13:42:54,315 INFO  CreateClassResetClassAdapter - Adding bytecode for initializing field CHAR_CR
2024-11-12 13:42:54,315 INFO  CreateClassResetClassAdapter - Adding bytecode for initializing field CHAR_LF
2024-11-12 13:42:54,315 INFO  CreateClassResetClassAdapter - Adding bytecode for initializing field BYTE_NULL
2024-11-12 13:42:54,315 INFO  CreateClassResetClassAdapter - Adding bytecode for initializing field BYTE_CR
2024-11-12 13:42:54,315 INFO  CreateClassResetClassAdapter - Adding bytecode for initializing field BYTE_LF
2024-11-12 13:42:54,315 INFO  EvoClassLoader - Defined package (3): package com.ctc.wstx.io, 1195124395
2024-11-12 13:42:54,315 INFO  EvoClassLoader - Keeping class: com.ctc.wstx.io.InputBootstrapper
2024-11-12 13:42:54,315 INFO  EvoClassLoader - Seeing class for first time: com.ctc.wstx.io.StreamBootstrapper
2024-11-12 13:42:54,315 INFO  EvoClassLoader - Instrumenting class 'com.ctc.wstx.io.StreamBootstrapper'.
2024-11-12 13:42:54,316 INFO  MethodCallReplacementClassAdapter - Adding mock interface to class com/ctc/wstx/io/StreamBootstrapper
2024-11-12 13:42:54,318 INFO  CreateClassResetClassAdapter - Creating brand-new static initializer in class com/ctc/wstx/io/StreamBootstrapper
2024-11-12 13:42:54,318 INFO  CreateClassResetClassAdapter - Adding bytecode for initializing field MIN_BUF_SIZE
2024-11-12 13:42:54,319 INFO  EvoClassLoader - Keeping class: com.ctc.wstx.io.StreamBootstrapper
2024-11-12 13:42:54,319 INFO  EvoClassLoader - Seeing class for first time: org.apache.hadoop.conf.Configuration$NegativeCacheSentinel
2024-11-12 13:42:54,319 INFO  EvoClassLoader - Instrumenting class 'org.apache.hadoop.conf.Configuration$NegativeCacheSentinel'.
2024-11-12 13:42:54,319 INFO  MethodCallReplacementClassAdapter - Adding mock interface to class org/apache/hadoop/conf/Configuration$NegativeCacheSentinel
2024-11-12 13:42:54,319 INFO  CreateClassResetClassAdapter - Creating brand-new static initializer in class org/apache/hadoop/conf/Configuration$NegativeCacheSentinel
2024-11-12 13:42:54,319 INFO  EvoClassLoader - Keeping class: org.apache.hadoop.conf.Configuration$NegativeCacheSentinel
2024-11-12 13:42:54,319 INFO  EvoClassLoader - Seeing class for first time: com.ctc.wstx.stax.WstxInputFactory
2024-11-12 13:42:54,319 INFO  EvoClassLoader - Instrumenting class 'com.ctc.wstx.stax.WstxInputFactory'.
2024-11-12 13:42:54,320 INFO  MethodCallReplacementClassAdapter - Adding mock interface to class com/ctc/wstx/stax/WstxInputFactory
2024-11-12 13:42:54,323 INFO  CreateClassResetClassAdapter - Found static initializer in class com/ctc/wstx/stax/WstxInputFactory
2024-11-12 13:42:54,323 INFO  EvoClassLoader - Defined package (3): package com.ctc.wstx.stax, 1758581405
2024-11-12 13:42:54,324 INFO  EvoClassLoader - Seeing class for first time: com.ctc.wstx.sr.ReaderCreator
2024-11-12 13:42:54,324 INFO  EvoClassLoader - Instrumenting class 'com.ctc.wstx.sr.ReaderCreator'.
2024-11-12 13:42:54,324 INFO  EvoClassLoader - Defined package (3): package com.ctc.wstx.sr, 1195124708
2024-11-12 13:42:54,324 INFO  EvoClassLoader - Keeping class: com.ctc.wstx.sr.ReaderCreator
2024-11-12 13:42:54,324 INFO  EvoClassLoader - Seeing class for first time: com.ctc.wstx.cfg.InputConfigFlags
2024-11-12 13:42:54,324 INFO  EvoClassLoader - Instrumenting class 'com.ctc.wstx.cfg.InputConfigFlags'.
2024-11-12 13:42:54,324 INFO  EvoClassLoader - Defined package (3): package com.ctc.wstx.cfg, -1605855361
2024-11-12 13:42:54,324 INFO  EvoClassLoader - Keeping class: com.ctc.wstx.cfg.InputConfigFlags
2024-11-12 13:42:54,324 INFO  EvoClassLoader - Seeing class for first time: org.codehaus.stax2.XMLInputFactory2
2024-11-12 13:42:54,324 INFO  EvoClassLoader - Instrumenting class 'org.codehaus.stax2.XMLInputFactory2'.
2024-11-12 13:42:54,325 INFO  MethodCallReplacementClassAdapter - Adding mock interface to class org/codehaus/stax2/XMLInputFactory2
2024-11-12 13:42:54,325 INFO  CreateClassResetClassAdapter - Creating brand-new static initializer in class org/codehaus/stax2/XMLInputFactory2
2024-11-12 13:42:54,325 INFO  CreateClassResetClassAdapter - Adding bytecode for initializing field P_REPORT_PROLOG_WHITESPACE
2024-11-12 13:42:54,325 INFO  CreateClassResetClassAdapter - Adding bytecode for initializing field P_REPORT_CDATA
2024-11-12 13:42:54,325 INFO  CreateClassResetClassAdapter - Adding bytecode for initializing field P_LAZY_PARSING
2024-11-12 13:42:54,325 INFO  CreateClassResetClassAdapter - Adding bytecode for initializing field P_INTERN_NAMES
2024-11-12 13:42:54,325 INFO  CreateClassResetClassAdapter - Adding bytecode for initializing field P_INTERN_NS_URIS
2024-11-12 13:42:54,325 INFO  CreateClassResetClassAdapter - Adding bytecode for initializing field P_PRESERVE_LOCATION
2024-11-12 13:42:54,325 INFO  CreateClassResetClassAdapter - Adding bytecode for initializing field P_AUTO_CLOSE_INPUT
2024-11-12 13:42:54,325 INFO  CreateClassResetClassAdapter - Adding bytecode for initializing field P_DTD_OVERRIDE
2024-11-12 13:42:54,325 INFO  EvoClassLoader - Defined package (3): package org.codehaus.stax2, -1889860742
2024-11-12 13:42:54,325 INFO  EvoClassLoader - Seeing class for first time: org.codehaus.stax2.XMLStreamProperties
2024-11-12 13:42:54,325 INFO  EvoClassLoader - Instrumenting class 'org.codehaus.stax2.XMLStreamProperties'.
2024-11-12 13:42:54,325 INFO  EvoClassLoader - Keeping class: org.codehaus.stax2.XMLStreamProperties
2024-11-12 13:42:54,325 INFO  EvoClassLoader - Keeping class: org.codehaus.stax2.XMLInputFactory2
2024-11-12 13:42:54,325 INFO  EvoClassLoader - Keeping class: com.ctc.wstx.stax.WstxInputFactory
2024-11-12 13:42:54,325 INFO  EvoClassLoader - Seeing class for first time: org.codehaus.stax2.XMLEventReader2
2024-11-12 13:42:54,325 INFO  EvoClassLoader - Instrumenting class 'org.codehaus.stax2.XMLEventReader2'.
2024-11-12 13:42:54,326 INFO  EvoClassLoader - Keeping class: org.codehaus.stax2.XMLEventReader2
2024-11-12 13:42:54,326 INFO  EvoClassLoader - Seeing class for first time: com.ctc.wstx.exc.WstxIOException
2024-11-12 13:42:54,326 INFO  EvoClassLoader - Instrumenting class 'com.ctc.wstx.exc.WstxIOException'.
2024-11-12 13:42:54,326 INFO  MethodCallReplacementClassAdapter - Adding mock interface to class com/ctc/wstx/exc/WstxIOException
2024-11-12 13:42:54,326 INFO  CreateClassResetClassAdapter - Creating brand-new static initializer in class com/ctc/wstx/exc/WstxIOException
2024-11-12 13:42:54,326 INFO  EvoClassLoader - Defined package (3): package com.ctc.wstx.exc, -1605852885
2024-11-12 13:42:54,326 INFO  EvoClassLoader - Seeing class for first time: com.ctc.wstx.exc.WstxException
2024-11-12 13:42:54,326 INFO  EvoClassLoader - Instrumenting class 'com.ctc.wstx.exc.WstxException'.
2024-11-12 13:42:54,326 INFO  MethodCallReplacementClassAdapter - Adding mock interface to class com/ctc/wstx/exc/WstxException
2024-11-12 13:42:54,326 INFO  CreateClassResetClassAdapter - Creating brand-new static initializer in class com/ctc/wstx/exc/WstxException
2024-11-12 13:42:54,326 INFO  EvoClassLoader - Keeping class: com.ctc.wstx.exc.WstxException
2024-11-12 13:42:54,326 INFO  EvoClassLoader - Keeping class: com.ctc.wstx.exc.WstxIOException
2024-11-12 13:42:54,326 INFO  EvoClassLoader - Seeing class for first time: org.codehaus.stax2.XMLStreamReader2
2024-11-12 13:42:54,326 INFO  EvoClassLoader - Instrumenting class 'org.codehaus.stax2.XMLStreamReader2'.
2024-11-12 13:42:54,327 INFO  EvoClassLoader - Seeing class for first time: org.codehaus.stax2.typed.TypedXMLStreamReader
2024-11-12 13:42:54,327 INFO  EvoClassLoader - Instrumenting class 'org.codehaus.stax2.typed.TypedXMLStreamReader'.
2024-11-12 13:42:54,327 INFO  EvoClassLoader - Defined package (3): package org.codehaus.stax2.typed, -1667283722
2024-11-12 13:42:54,327 INFO  EvoClassLoader - Keeping class: org.codehaus.stax2.typed.TypedXMLStreamReader
2024-11-12 13:42:54,327 INFO  EvoClassLoader - Seeing class for first time: org.codehaus.stax2.validation.Validatable
2024-11-12 13:42:54,327 INFO  EvoClassLoader - Instrumenting class 'org.codehaus.stax2.validation.Validatable'.
2024-11-12 13:42:54,327 INFO  EvoClassLoader - Defined package (3): package org.codehaus.stax2.validation, 1474122605
2024-11-12 13:42:54,327 INFO  EvoClassLoader - Keeping class: org.codehaus.stax2.validation.Validatable
2024-11-12 13:42:54,327 INFO  EvoClassLoader - Keeping class: org.codehaus.stax2.XMLStreamReader2
2024-11-12 13:42:54,327 INFO  EvoClassLoader - Seeing class for first time: com.ctc.wstx.io.ReaderBootstrapper
2024-11-12 13:42:54,327 INFO  EvoClassLoader - Instrumenting class 'com.ctc.wstx.io.ReaderBootstrapper'.
2024-11-12 13:42:54,328 INFO  MethodCallReplacementClassAdapter - Adding mock interface to class com/ctc/wstx/io/ReaderBootstrapper
2024-11-12 13:42:54,328 INFO  CreateClassResetClassAdapter - Creating brand-new static initializer in class com/ctc/wstx/io/ReaderBootstrapper
2024-11-12 13:42:54,328 INFO  CreateClassResetClassAdapter - Adding bytecode for initializing field CHAR_BOM_MARKER
2024-11-12 13:42:54,328 INFO  EvoClassLoader - Keeping class: com.ctc.wstx.io.ReaderBootstrapper
2024-11-12 13:42:54,328 INFO  EvoClassLoader - Seeing class for first time: com.ctc.wstx.util.DefaultXmlSymbolTable
2024-11-12 13:42:54,328 INFO  EvoClassLoader - Instrumenting class 'com.ctc.wstx.util.DefaultXmlSymbolTable'.
2024-11-12 13:42:54,329 INFO  MethodCallReplacementClassAdapter - Adding mock interface to class com/ctc/wstx/util/DefaultXmlSymbolTable
2024-11-12 13:42:54,329 INFO  CreateClassResetClassAdapter - Found static initializer in class com/ctc/wstx/util/DefaultXmlSymbolTable
2024-11-12 13:42:54,329 INFO  EvoClassLoader - Defined package (3): package com.ctc.wstx.util, 1758641223
2024-11-12 13:42:54,329 INFO  EvoClassLoader - Keeping class: com.ctc.wstx.util.DefaultXmlSymbolTable
2024-11-12 13:42:54,329 INFO  EvoClassLoader - Seeing class for first time: com.ctc.wstx.util.SymbolTable
2024-11-12 13:42:54,329 INFO  EvoClassLoader - Instrumenting class 'com.ctc.wstx.util.SymbolTable'.
2024-11-12 13:42:54,329 INFO  MethodCallReplacementClassAdapter - Adding mock interface to class com/ctc/wstx/util/SymbolTable
2024-11-12 13:42:54,330 INFO  CreateClassResetClassAdapter - Creating brand-new static initializer in class com/ctc/wstx/util/SymbolTable
2024-11-12 13:42:54,330 INFO  CreateClassResetClassAdapter - Adding bytecode for initializing field DEFAULT_TABLE_SIZE
2024-11-12 13:42:54,330 INFO  CreateClassResetClassAdapter - Adding bytecode for initializing field DEFAULT_FILL_FACTOR
2024-11-12 13:42:54,330 INFO  CreateClassResetClassAdapter - Adding bytecode for initializing field EMPTY_STRING
2024-11-12 13:42:54,330 INFO  EvoClassLoader - Keeping class: com.ctc.wstx.util.SymbolTable
2024-11-12 13:42:54,330 INFO  EvoClassLoader - Seeing class for first time: com.ctc.wstx.util.SymbolTable$Bucket
2024-11-12 13:42:54,330 INFO  EvoClassLoader - Instrumenting class 'com.ctc.wstx.util.SymbolTable$Bucket'.
2024-11-12 13:42:54,330 INFO  MethodCallReplacementClassAdapter - Adding mock interface to class com/ctc/wstx/util/SymbolTable$Bucket
2024-11-12 13:42:54,330 INFO  CreateClassResetClassAdapter - Creating brand-new static initializer in class com/ctc/wstx/util/SymbolTable$Bucket
2024-11-12 13:42:54,331 INFO  EvoClassLoader - Keeping class: com.ctc.wstx.util.SymbolTable$Bucket
2024-11-12 13:42:54,331 INFO  EvoClassLoader - Seeing class for first time: com.ctc.wstx.api.ReaderConfig
2024-11-12 13:42:54,331 INFO  EvoClassLoader - Instrumenting class 'com.ctc.wstx.api.ReaderConfig'.
2024-11-12 13:42:54,331 INFO  MethodCallReplacementClassAdapter - Adding mock interface to class com/ctc/wstx/api/ReaderConfig
2024-11-12 13:42:54,333 INFO  CreateClassResetClassAdapter - Found static initializer in class com/ctc/wstx/api/ReaderConfig
2024-11-12 13:42:54,333 INFO  EvoClassLoader - Defined package (3): package com.ctc.wstx.api, -1605856971
2024-11-12 13:42:54,334 INFO  EvoClassLoader - Seeing class for first time: com.ctc.wstx.api.CommonConfig
2024-11-12 13:42:54,334 INFO  EvoClassLoader - Instrumenting class 'com.ctc.wstx.api.CommonConfig'.
2024-11-12 13:42:54,334 INFO  MethodCallReplacementClassAdapter - Adding mock interface to class com/ctc/wstx/api/CommonConfig
2024-11-12 13:42:54,335 INFO  CreateClassResetClassAdapter - Found static initializer in class com/ctc/wstx/api/CommonConfig
2024-11-12 13:42:54,335 INFO  EvoClassLoader - Keeping class: com.ctc.wstx.api.CommonConfig
2024-11-12 13:42:54,335 INFO  EvoClassLoader - Keeping class: com.ctc.wstx.api.ReaderConfig
2024-11-12 13:42:54,336 INFO  EvoClassLoader - Seeing class for first time: com.ctc.wstx.api.WstxInputProperties
2024-11-12 13:42:54,336 INFO  EvoClassLoader - Instrumenting class 'com.ctc.wstx.api.WstxInputProperties'.
2024-11-12 13:42:54,336 INFO  MethodCallReplacementClassAdapter - Adding mock interface to class com/ctc/wstx/api/WstxInputProperties
2024-11-12 13:42:54,336 INFO  CreateClassResetClassAdapter - Found static initializer in class com/ctc/wstx/api/WstxInputProperties
2024-11-12 13:42:54,336 INFO  EvoClassLoader - Keeping class: com.ctc.wstx.api.WstxInputProperties
2024-11-12 13:42:54,337 INFO  EvoClassLoader - Seeing class for first time: com.ctc.wstx.api.WstxInputProperties$ParsingMode
2024-11-12 13:42:54,337 INFO  EvoClassLoader - Instrumenting class 'com.ctc.wstx.api.WstxInputProperties$ParsingMode'.
2024-11-12 13:42:54,337 INFO  MethodCallReplacementClassAdapter - Adding mock interface to class com/ctc/wstx/api/WstxInputProperties$ParsingMode
2024-11-12 13:42:54,337 INFO  CreateClassResetClassAdapter - Creating brand-new static initializer in class com/ctc/wstx/api/WstxInputProperties$ParsingMode
2024-11-12 13:42:54,337 INFO  EvoClassLoader - Keeping class: com.ctc.wstx.api.WstxInputProperties$ParsingMode
2024-11-12 13:42:54,337 INFO  EvoClassLoader - Seeing class for first time: org.apache.hadoop.conf.Configuration$DeprecationDelta
2024-11-12 13:42:54,337 INFO  EvoClassLoader - Instrumenting class 'org.apache.hadoop.conf.Configuration$DeprecationDelta'.
2024-11-12 13:42:54,337 INFO  MethodCallReplacementClassAdapter - Adding mock interface to class org/apache/hadoop/conf/Configuration$DeprecationDelta
2024-11-12 13:42:54,337 INFO  CreateClassResetClassAdapter - Creating brand-new static initializer in class org/apache/hadoop/conf/Configuration$DeprecationDelta
2024-11-12 13:42:54,337 INFO  EvoClassLoader - Keeping class: org.apache.hadoop.conf.Configuration$DeprecationDelta
2024-11-12 13:42:54,337 INFO  EvoClassLoader - Seeing class for first time: org.apache.hadoop.util.Preconditions
2024-11-12 13:42:54,337 INFO  EvoClassLoader - Instrumenting class 'org.apache.hadoop.util.Preconditions'.
2024-11-12 13:42:54,337 INFO  MethodCallReplacementClassAdapter - Adding mock interface to class org/apache/hadoop/util/Preconditions
2024-11-12 13:42:54,338 INFO  CreateClassResetClassAdapter - Found static initializer in class org/apache/hadoop/util/Preconditions
2024-11-12 13:42:54,338 INFO  EvoClassLoader - Keeping class: org.apache.hadoop.util.Preconditions
2024-11-12 13:42:54,339 INFO  EvoClassLoader - Seeing class for first time: org.apache.hadoop.conf.Configuration$DeprecationContext
2024-11-12 13:42:54,339 INFO  EvoClassLoader - Instrumenting class 'org.apache.hadoop.conf.Configuration$DeprecationContext'.
2024-11-12 13:42:54,339 INFO  MethodCallReplacementClassAdapter - Adding mock interface to class org/apache/hadoop/conf/Configuration$DeprecationContext
2024-11-12 13:42:54,339 INFO  CreateClassResetClassAdapter - Creating brand-new static initializer in class org/apache/hadoop/conf/Configuration$DeprecationContext
2024-11-12 13:42:54,339 INFO  EvoClassLoader - Keeping class: org.apache.hadoop.conf.Configuration$DeprecationContext
2024-11-12 13:42:54,339 INFO  EvoClassLoader - Seeing class for first time: org.apache.hadoop.conf.Configuration$DeprecatedKeyInfo
2024-11-12 13:42:54,339 INFO  EvoClassLoader - Instrumenting class 'org.apache.hadoop.conf.Configuration$DeprecatedKeyInfo'.
2024-11-12 13:42:54,339 INFO  MethodCallReplacementClassAdapter - Adding mock interface to class org/apache/hadoop/conf/Configuration$DeprecatedKeyInfo
2024-11-12 13:42:54,339 INFO  CreateClassResetClassAdapter - Creating brand-new static initializer in class org/apache/hadoop/conf/Configuration$DeprecatedKeyInfo
2024-11-12 13:42:54,339 INFO  EvoClassLoader - Keeping class: org.apache.hadoop.conf.Configuration$DeprecatedKeyInfo
2024-11-12 13:42:54,340 INFO  EvoClassLoader - Seeing class for first time: org.apache.commons.collections.map.UnmodifiableMap
2024-11-12 13:42:54,340 INFO  EvoClassLoader - Instrumenting class 'org.apache.commons.collections.map.UnmodifiableMap'.
2024-11-12 13:42:54,340 INFO  MethodCallReplacementClassAdapter - Adding mock interface to class org/apache/commons/collections/map/UnmodifiableMap
2024-11-12 13:42:54,340 INFO  CreateClassResetClassAdapter - Creating brand-new static initializer in class org/apache/commons/collections/map/UnmodifiableMap
2024-11-12 13:42:54,340 INFO  EvoClassLoader - Defined package (3): package org.apache.commons.collections.map, -1340437721
2024-11-12 13:42:54,340 INFO  EvoClassLoader - Seeing class for first time: org.apache.commons.collections.IterableMap
2024-11-12 13:42:54,340 INFO  EvoClassLoader - Instrumenting class 'org.apache.commons.collections.IterableMap'.
2024-11-12 13:42:54,340 INFO  EvoClassLoader - Defined package (3): package org.apache.commons.collections, -177651399
2024-11-12 13:42:54,340 INFO  EvoClassLoader - Keeping class: org.apache.commons.collections.IterableMap
2024-11-12 13:42:54,340 INFO  EvoClassLoader - Seeing class for first time: org.apache.commons.collections.Unmodifiable
2024-11-12 13:42:54,340 INFO  EvoClassLoader - Instrumenting class 'org.apache.commons.collections.Unmodifiable'.
2024-11-12 13:42:54,340 INFO  EvoClassLoader - Keeping class: org.apache.commons.collections.Unmodifiable
2024-11-12 13:42:54,340 INFO  EvoClassLoader - Seeing class for first time: org.apache.commons.collections.map.AbstractMapDecorator
2024-11-12 13:42:54,340 INFO  EvoClassLoader - Instrumenting class 'org.apache.commons.collections.map.AbstractMapDecorator'.
2024-11-12 13:42:54,340 INFO  MethodCallReplacementClassAdapter - Adding mock interface to class org/apache/commons/collections/map/AbstractMapDecorator
2024-11-12 13:42:54,341 INFO  CreateClassResetClassAdapter - Creating brand-new static initializer in class org/apache/commons/collections/map/AbstractMapDecorator
2024-11-12 13:42:54,341 INFO  EvoClassLoader - Keeping class: org.apache.commons.collections.map.AbstractMapDecorator
2024-11-12 13:42:54,341 INFO  EvoClassLoader - Keeping class: org.apache.commons.collections.map.UnmodifiableMap
2024-11-12 13:42:54,341 INFO  EvoClassLoader - Seeing class for first time: org.apache.commons.collections.MapIterator
2024-11-12 13:42:54,341 INFO  EvoClassLoader - Instrumenting class 'org.apache.commons.collections.MapIterator'.
2024-11-12 13:42:54,342 INFO  EvoClassLoader - Keeping class: org.apache.commons.collections.MapIterator
2024-11-12 13:42:54,342 INFO  EvoClassLoader - Seeing class for first time: org.apache.hadoop.fs.FileSystem$Cache$ClientFinalizer
2024-11-12 13:42:54,342 INFO  EvoClassLoader - Instrumenting class 'org.apache.hadoop.fs.FileSystem$Cache$ClientFinalizer'.
2024-11-12 13:42:54,342 INFO  MethodCallReplacementClassAdapter - Adding mock interface to class org/apache/hadoop/fs/FileSystem$Cache$ClientFinalizer
2024-11-12 13:42:54,343 INFO  CreateClassResetClassAdapter - Creating brand-new static initializer in class org/apache/hadoop/fs/FileSystem$Cache$ClientFinalizer
2024-11-12 13:42:54,343 INFO  EvoClassLoader - Keeping class: org.apache.hadoop.fs.FileSystem$Cache$ClientFinalizer
2024-11-12 13:42:54,343 INFO  EvoClassLoader - Seeing class for first time: org.apache.hadoop.conf.Configuration$Resource
2024-11-12 13:42:54,343 INFO  EvoClassLoader - Instrumenting class 'org.apache.hadoop.conf.Configuration$Resource'.
2024-11-12 13:42:54,343 INFO  MethodCallReplacementClassAdapter - Adding mock interface to class org/apache/hadoop/conf/Configuration$Resource
2024-11-12 13:42:54,343 INFO  CreateClassResetClassAdapter - Creating brand-new static initializer in class org/apache/hadoop/conf/Configuration$Resource
2024-11-12 13:42:54,343 INFO  EvoClassLoader - Keeping class: org.apache.hadoop.conf.Configuration$Resource
2024-11-12 13:42:54,344 INFO  EvoClassLoader - Seeing class for first time: com.ctc.wstx.io.SystemId
2024-11-12 13:42:54,344 INFO  EvoClassLoader - Instrumenting class 'com.ctc.wstx.io.SystemId'.
2024-11-12 13:42:54,344 INFO  MethodCallReplacementClassAdapter - Adding mock interface to class com/ctc/wstx/io/SystemId
2024-11-12 13:42:54,344 INFO  CreateClassResetClassAdapter - Creating brand-new static initializer in class com/ctc/wstx/io/SystemId
2024-11-12 13:42:54,344 INFO  EvoClassLoader - Keeping class: com.ctc.wstx.io.SystemId
2024-11-12 13:42:54,345 INFO  EvoClassLoader - Seeing class for first time: com.ctc.wstx.exc.WstxParsingException
2024-11-12 13:42:54,345 INFO  EvoClassLoader - Instrumenting class 'com.ctc.wstx.exc.WstxParsingException'.
2024-11-12 13:42:54,345 INFO  MethodCallReplacementClassAdapter - Adding mock interface to class com/ctc/wstx/exc/WstxParsingException
2024-11-12 13:42:54,345 INFO  CreateClassResetClassAdapter - Creating brand-new static initializer in class com/ctc/wstx/exc/WstxParsingException
2024-11-12 13:42:54,345 INFO  EvoClassLoader - Keeping class: com.ctc.wstx.exc.WstxParsingException
2024-11-12 13:42:54,345 INFO  EvoClassLoader - Seeing class for first time: com.ctc.wstx.exc.WstxUnexpectedCharException
2024-11-12 13:42:54,345 INFO  EvoClassLoader - Instrumenting class 'com.ctc.wstx.exc.WstxUnexpectedCharException'.
2024-11-12 13:42:54,345 INFO  MethodCallReplacementClassAdapter - Adding mock interface to class com/ctc/wstx/exc/WstxUnexpectedCharException
2024-11-12 13:42:54,345 INFO  CreateClassResetClassAdapter - Creating brand-new static initializer in class com/ctc/wstx/exc/WstxUnexpectedCharException
2024-11-12 13:42:54,345 INFO  EvoClassLoader - Keeping class: com.ctc.wstx.exc.WstxUnexpectedCharException
2024-11-12 13:42:54,345 INFO  EvoClassLoader - Seeing class for first time: com.ctc.wstx.exc.WstxEOFException
2024-11-12 13:42:54,345 INFO  EvoClassLoader - Instrumenting class 'com.ctc.wstx.exc.WstxEOFException'.
2024-11-12 13:42:54,345 INFO  MethodCallReplacementClassAdapter - Adding mock interface to class com/ctc/wstx/exc/WstxEOFException
2024-11-12 13:42:54,345 INFO  CreateClassResetClassAdapter - Creating brand-new static initializer in class com/ctc/wstx/exc/WstxEOFException
2024-11-12 13:42:54,346 INFO  EvoClassLoader - Keeping class: com.ctc.wstx.exc.WstxEOFException
2024-11-12 13:42:54,346 INFO  EvoClassLoader - Seeing class for first time: com.ctc.wstx.io.BaseReader
2024-11-12 13:42:54,346 INFO  EvoClassLoader - Instrumenting class 'com.ctc.wstx.io.BaseReader'.
2024-11-12 13:42:54,346 INFO  MethodCallReplacementClassAdapter - Adding mock interface to class com/ctc/wstx/io/BaseReader
2024-11-12 13:42:54,346 INFO  CreateClassResetClassAdapter - Creating brand-new static initializer in class com/ctc/wstx/io/BaseReader
2024-11-12 13:42:54,346 INFO  CreateClassResetClassAdapter - Adding bytecode for initializing field NULL_CHAR
2024-11-12 13:42:54,346 INFO  CreateClassResetClassAdapter - Adding bytecode for initializing field NULL_BYTE
2024-11-12 13:42:54,346 INFO  CreateClassResetClassAdapter - Adding bytecode for initializing field CONVERT_NEL_TO
2024-11-12 13:42:54,346 INFO  CreateClassResetClassAdapter - Adding bytecode for initializing field CONVERT_LSEP_TO
2024-11-12 13:42:54,346 INFO  CreateClassResetClassAdapter - Adding bytecode for initializing field CHAR_DEL
2024-11-12 13:42:54,347 INFO  EvoClassLoader - Keeping class: com.ctc.wstx.io.BaseReader
2024-11-12 13:42:54,347 INFO  EvoClassLoader - Seeing class for first time: com.ctc.wstx.io.UTF8Reader
2024-11-12 13:42:54,347 INFO  EvoClassLoader - Instrumenting class 'com.ctc.wstx.io.UTF8Reader'.
2024-11-12 13:42:54,347 INFO  MethodCallReplacementClassAdapter - Adding mock interface to class com/ctc/wstx/io/UTF8Reader
2024-11-12 13:42:54,347 INFO  CreateClassResetClassAdapter - Creating brand-new static initializer in class com/ctc/wstx/io/UTF8Reader
2024-11-12 13:42:54,347 INFO  EvoClassLoader - Keeping class: com.ctc.wstx.io.UTF8Reader
2024-11-12 13:42:54,347 INFO  EvoClassLoader - Seeing class for first time: com.ctc.wstx.io.ISOLatinReader
2024-11-12 13:42:54,347 INFO  EvoClassLoader - Instrumenting class 'com.ctc.wstx.io.ISOLatinReader'.
2024-11-12 13:42:54,347 INFO  MethodCallReplacementClassAdapter - Adding mock interface to class com/ctc/wstx/io/ISOLatinReader
2024-11-12 13:42:54,348 INFO  CreateClassResetClassAdapter - Creating brand-new static initializer in class com/ctc/wstx/io/ISOLatinReader
2024-11-12 13:42:54,348 INFO  EvoClassLoader - Keeping class: com.ctc.wstx.io.ISOLatinReader
2024-11-12 13:42:54,348 INFO  EvoClassLoader - Seeing class for first time: com.ctc.wstx.io.AsciiReader
2024-11-12 13:42:54,348 INFO  EvoClassLoader - Instrumenting class 'com.ctc.wstx.io.AsciiReader'.
2024-11-12 13:42:54,348 INFO  MethodCallReplacementClassAdapter - Adding mock interface to class com/ctc/wstx/io/AsciiReader
2024-11-12 13:42:54,348 INFO  CreateClassResetClassAdapter - Creating brand-new static initializer in class com/ctc/wstx/io/AsciiReader
2024-11-12 13:42:54,348 INFO  EvoClassLoader - Keeping class: com.ctc.wstx.io.AsciiReader
2024-11-12 13:42:54,348 INFO  EvoClassLoader - Seeing class for first time: com.ctc.wstx.io.UTF32Reader
2024-11-12 13:42:54,348 INFO  EvoClassLoader - Instrumenting class 'com.ctc.wstx.io.UTF32Reader'.
2024-11-12 13:42:54,349 INFO  MethodCallReplacementClassAdapter - Adding mock interface to class com/ctc/wstx/io/UTF32Reader
2024-11-12 13:42:54,349 INFO  CreateClassResetClassAdapter - Creating brand-new static initializer in class com/ctc/wstx/io/UTF32Reader
2024-11-12 13:42:54,349 INFO  EvoClassLoader - Keeping class: com.ctc.wstx.io.UTF32Reader
2024-11-12 13:42:54,349 INFO  EvoClassLoader - Seeing class for first time: com.ctc.wstx.io.MergedStream
2024-11-12 13:42:54,349 INFO  EvoClassLoader - Instrumenting class 'com.ctc.wstx.io.MergedStream'.
2024-11-12 13:42:54,349 INFO  MethodCallReplacementClassAdapter - Adding mock interface to class com/ctc/wstx/io/MergedStream
2024-11-12 13:42:54,350 INFO  CreateClassResetClassAdapter - Creating brand-new static initializer in class com/ctc/wstx/io/MergedStream
2024-11-12 13:42:54,350 INFO  EvoClassLoader - Keeping class: com.ctc.wstx.io.MergedStream
2024-11-12 13:42:54,350 INFO  EvoClassLoader - Seeing class for first time: com.ctc.wstx.io.InputSourceFactory
2024-11-12 13:42:54,350 INFO  EvoClassLoader - Instrumenting class 'com.ctc.wstx.io.InputSourceFactory'.
2024-11-12 13:42:54,351 INFO  MethodCallReplacementClassAdapter - Adding mock interface to class com/ctc/wstx/io/InputSourceFactory
2024-11-12 13:42:54,351 INFO  CreateClassResetClassAdapter - Creating brand-new static initializer in class com/ctc/wstx/io/InputSourceFactory
2024-11-12 13:42:54,351 INFO  EvoClassLoader - Keeping class: com.ctc.wstx.io.InputSourceFactory
2024-11-12 13:42:54,351 INFO  EvoClassLoader - Seeing class for first time: com.ctc.wstx.io.WstxInputSource
2024-11-12 13:42:54,351 INFO  EvoClassLoader - Instrumenting class 'com.ctc.wstx.io.WstxInputSource'.
2024-11-12 13:42:54,351 INFO  MethodCallReplacementClassAdapter - Adding mock interface to class com/ctc/wstx/io/WstxInputSource
2024-11-12 13:42:54,351 INFO  CreateClassResetClassAdapter - Creating brand-new static initializer in class com/ctc/wstx/io/WstxInputSource
2024-11-12 13:42:54,351 INFO  EvoClassLoader - Keeping class: com.ctc.wstx.io.WstxInputSource
2024-11-12 13:42:54,351 INFO  EvoClassLoader - Seeing class for first time: com.ctc.wstx.io.CharArraySource
2024-11-12 13:42:54,351 INFO  EvoClassLoader - Instrumenting class 'com.ctc.wstx.io.CharArraySource'.
2024-11-12 13:42:54,352 INFO  MethodCallReplacementClassAdapter - Adding mock interface to class com/ctc/wstx/io/CharArraySource
2024-11-12 13:42:54,352 INFO  CreateClassResetClassAdapter - Creating brand-new static initializer in class com/ctc/wstx/io/CharArraySource
2024-11-12 13:42:54,352 INFO  EvoClassLoader - Seeing class for first time: com.ctc.wstx.io.BaseInputSource
2024-11-12 13:42:54,352 INFO  EvoClassLoader - Instrumenting class 'com.ctc.wstx.io.BaseInputSource'.
2024-11-12 13:42:54,352 INFO  MethodCallReplacementClassAdapter - Adding mock interface to class com/ctc/wstx/io/BaseInputSource
2024-11-12 13:42:54,352 INFO  CreateClassResetClassAdapter - Creating brand-new static initializer in class com/ctc/wstx/io/BaseInputSource
2024-11-12 13:42:54,352 INFO  EvoClassLoader - Keeping class: com.ctc.wstx.io.BaseInputSource
2024-11-12 13:42:54,352 INFO  EvoClassLoader - Keeping class: com.ctc.wstx.io.CharArraySource
2024-11-12 13:42:54,352 INFO  EvoClassLoader - Seeing class for first time: com.ctc.wstx.io.BranchingReaderSource
2024-11-12 13:42:54,352 INFO  EvoClassLoader - Instrumenting class 'com.ctc.wstx.io.BranchingReaderSource'.
2024-11-12 13:42:54,353 INFO  MethodCallReplacementClassAdapter - Adding mock interface to class com/ctc/wstx/io/BranchingReaderSource
2024-11-12 13:42:54,353 INFO  CreateClassResetClassAdapter - Creating brand-new static initializer in class com/ctc/wstx/io/BranchingReaderSource
2024-11-12 13:42:54,353 INFO  EvoClassLoader - Seeing class for first time: com.ctc.wstx.io.ReaderSource
2024-11-12 13:42:54,353 INFO  EvoClassLoader - Instrumenting class 'com.ctc.wstx.io.ReaderSource'.
2024-11-12 13:42:54,353 INFO  MethodCallReplacementClassAdapter - Adding mock interface to class com/ctc/wstx/io/ReaderSource
2024-11-12 13:42:54,353 INFO  CreateClassResetClassAdapter - Creating brand-new static initializer in class com/ctc/wstx/io/ReaderSource
2024-11-12 13:42:54,354 INFO  EvoClassLoader - Keeping class: com.ctc.wstx.io.ReaderSource
2024-11-12 13:42:54,354 INFO  EvoClassLoader - Keeping class: com.ctc.wstx.io.BranchingReaderSource
2024-11-12 13:42:54,354 INFO  EvoClassLoader - Seeing class for first time: com.ctc.wstx.sr.ValidatingStreamReader
2024-11-12 13:42:54,354 INFO  EvoClassLoader - Instrumenting class 'com.ctc.wstx.sr.ValidatingStreamReader'.
2024-11-12 13:42:54,354 INFO  MethodCallReplacementClassAdapter - Adding mock interface to class com/ctc/wstx/sr/ValidatingStreamReader
2024-11-12 13:42:54,356 INFO  CreateClassResetClassAdapter - Creating brand-new static initializer in class com/ctc/wstx/sr/ValidatingStreamReader
2024-11-12 13:42:54,356 INFO  CreateClassResetClassAdapter - Adding bytecode for initializing field STAX_PROP_ENTITIES
2024-11-12 13:42:54,356 INFO  CreateClassResetClassAdapter - Adding bytecode for initializing field STAX_PROP_NOTATIONS
2024-11-12 13:42:54,356 INFO  EvoClassLoader - Seeing class for first time: com.ctc.wstx.sr.TypedStreamReader
2024-11-12 13:42:54,356 INFO  EvoClassLoader - Instrumenting class 'com.ctc.wstx.sr.TypedStreamReader'.
2024-11-12 13:42:54,357 INFO  MethodCallReplacementClassAdapter - Adding mock interface to class com/ctc/wstx/sr/TypedStreamReader
2024-11-12 13:42:54,358 INFO  CreateClassResetClassAdapter - Creating brand-new static initializer in class com/ctc/wstx/sr/TypedStreamReader
2024-11-12 13:42:54,358 INFO  CreateClassResetClassAdapter - Adding bytecode for initializing field MASK_TYPED_ACCESS_ARRAY
2024-11-12 13:42:54,358 INFO  CreateClassResetClassAdapter - Adding bytecode for initializing field MASK_TYPED_ACCESS_BINARY
2024-11-12 13:42:54,358 INFO  CreateClassResetClassAdapter - Adding bytecode for initializing field MIN_BINARY_CHUNK
2024-11-12 13:42:54,359 INFO  EvoClassLoader - Seeing class for first time: com.ctc.wstx.sr.BasicStreamReader
2024-11-12 13:42:54,359 INFO  EvoClassLoader - Instrumenting class 'com.ctc.wstx.sr.BasicStreamReader'.
2024-11-12 13:42:54,361 INFO  MethodCallReplacementClassAdapter - Adding mock interface to class com/ctc/wstx/sr/BasicStreamReader
2024-11-12 13:42:54,365 INFO  CreateClassResetClassAdapter - Found static initializer in class com/ctc/wstx/sr/BasicStreamReader
2024-11-12 13:42:54,366 INFO  EvoClassLoader - Seeing class for first time: com.ctc.wstx.sr.StreamReaderImpl
2024-11-12 13:42:54,366 INFO  EvoClassLoader - Instrumenting class 'com.ctc.wstx.sr.StreamReaderImpl'.
2024-11-12 13:42:54,366 INFO  EvoClassLoader - Keeping class: com.ctc.wstx.sr.StreamReaderImpl
2024-11-12 13:42:54,366 INFO  EvoClassLoader - Seeing class for first time: org.codehaus.stax2.DTDInfo
2024-11-12 13:42:54,366 INFO  EvoClassLoader - Instrumenting class 'org.codehaus.stax2.DTDInfo'.
2024-11-12 13:42:54,367 INFO  EvoClassLoader - Keeping class: org.codehaus.stax2.DTDInfo
2024-11-12 13:42:54,367 INFO  EvoClassLoader - Seeing class for first time: org.codehaus.stax2.LocationInfo
2024-11-12 13:42:54,367 INFO  EvoClassLoader - Instrumenting class 'org.codehaus.stax2.LocationInfo'.
2024-11-12 13:42:54,367 INFO  EvoClassLoader - Keeping class: org.codehaus.stax2.LocationInfo
2024-11-12 13:42:54,367 INFO  EvoClassLoader - Seeing class for first time: com.ctc.wstx.sr.StreamScanner
2024-11-12 13:42:54,367 INFO  EvoClassLoader - Instrumenting class 'com.ctc.wstx.sr.StreamScanner'.
2024-11-12 13:42:54,368 INFO  MethodCallReplacementClassAdapter - Adding mock interface to class com/ctc/wstx/sr/StreamScanner
2024-11-12 13:42:54,371 INFO  CreateClassResetClassAdapter - Found static initializer in class com/ctc/wstx/sr/StreamScanner
2024-11-12 13:42:54,371 INFO  EvoClassLoader - Seeing class for first time: com.ctc.wstx.sr.InputProblemReporter
2024-11-12 13:42:54,371 INFO  EvoClassLoader - Instrumenting class 'com.ctc.wstx.sr.InputProblemReporter'.
2024-11-12 13:42:54,372 INFO  EvoClassLoader - Keeping class: com.ctc.wstx.sr.InputProblemReporter
2024-11-12 13:42:54,372 INFO  EvoClassLoader - Seeing class for first time: com.ctc.wstx.cfg.ParsingErrorMsgs
2024-11-12 13:42:54,372 INFO  EvoClassLoader - Instrumenting class 'com.ctc.wstx.cfg.ParsingErrorMsgs'.
2024-11-12 13:42:54,372 INFO  EvoClassLoader - Keeping class: com.ctc.wstx.cfg.ParsingErrorMsgs
2024-11-12 13:42:54,372 INFO  EvoClassLoader - Seeing class for first time: com.ctc.wstx.io.WstxInputData
2024-11-12 13:42:54,372 INFO  EvoClassLoader - Instrumenting class 'com.ctc.wstx.io.WstxInputData'.
2024-11-12 13:42:54,372 INFO  MethodCallReplacementClassAdapter - Adding mock interface to class com/ctc/wstx/io/WstxInputData
2024-11-12 13:42:54,373 INFO  CreateClassResetClassAdapter - Found static initializer in class com/ctc/wstx/io/WstxInputData
2024-11-12 13:42:54,373 INFO  EvoClassLoader - Keeping class: com.ctc.wstx.io.WstxInputData
2024-11-12 13:42:54,373 INFO  EvoClassLoader - Keeping class: com.ctc.wstx.sr.StreamScanner
2024-11-12 13:42:54,373 INFO  EvoClassLoader - Keeping class: com.ctc.wstx.sr.BasicStreamReader
2024-11-12 13:42:54,373 INFO  EvoClassLoader - Keeping class: com.ctc.wstx.sr.TypedStreamReader
2024-11-12 13:42:54,373 INFO  EvoClassLoader - Keeping class: com.ctc.wstx.sr.ValidatingStreamReader
2024-11-12 13:42:54,389 INFO  EvoClassLoader - Seeing class for first time: com.ctc.wstx.exc.WstxValidationException
2024-11-12 13:42:54,389 INFO  EvoClassLoader - Instrumenting class 'com.ctc.wstx.exc.WstxValidationException'.
2024-11-12 13:42:54,389 INFO  MethodCallReplacementClassAdapter - Adding mock interface to class com/ctc/wstx/exc/WstxValidationException
2024-11-12 13:42:54,390 INFO  CreateClassResetClassAdapter - Creating brand-new static initializer in class com/ctc/wstx/exc/WstxValidationException
2024-11-12 13:42:54,390 INFO  EvoClassLoader - Seeing class for first time: org.codehaus.stax2.validation.XMLValidationException
2024-11-12 13:42:54,390 INFO  EvoClassLoader - Instrumenting class 'org.codehaus.stax2.validation.XMLValidationException'.
2024-11-12 13:42:54,390 INFO  MethodCallReplacementClassAdapter - Adding mock interface to class org/codehaus/stax2/validation/XMLValidationException
2024-11-12 13:42:54,391 INFO  CreateClassResetClassAdapter - Creating brand-new static initializer in class org/codehaus/stax2/validation/XMLValidationException
2024-11-12 13:42:54,391 INFO  EvoClassLoader - Keeping class: org.codehaus.stax2.validation.XMLValidationException
2024-11-12 13:42:54,391 INFO  EvoClassLoader - Keeping class: com.ctc.wstx.exc.WstxValidationException
2024-11-12 13:42:54,391 INFO  EvoClassLoader - Seeing class for first time: org.codehaus.stax2.XMLStreamLocation2
2024-11-12 13:42:54,391 INFO  EvoClassLoader - Instrumenting class 'org.codehaus.stax2.XMLStreamLocation2'.
2024-11-12 13:42:54,391 INFO  EvoClassLoader - Keeping class: org.codehaus.stax2.XMLStreamLocation2
2024-11-12 13:42:54,391 INFO  EvoClassLoader - Seeing class for first time: com.ctc.wstx.ent.EntityDecl
2024-11-12 13:42:54,391 INFO  EvoClassLoader - Instrumenting class 'com.ctc.wstx.ent.EntityDecl'.
2024-11-12 13:42:54,391 INFO  MethodCallReplacementClassAdapter - Adding mock interface to class com/ctc/wstx/ent/EntityDecl
2024-11-12 13:42:54,392 INFO  CreateClassResetClassAdapter - Creating brand-new static initializer in class com/ctc/wstx/ent/EntityDecl
2024-11-12 13:42:54,392 INFO  EvoClassLoader - Defined package (3): package com.ctc.wstx.ent, -1605853178
2024-11-12 13:42:54,392 INFO  EvoClassLoader - Seeing class for first time: com.ctc.wstx.evt.WEntityDeclaration
2024-11-12 13:42:54,392 INFO  EvoClassLoader - Instrumenting class 'com.ctc.wstx.evt.WEntityDeclaration'.
2024-11-12 13:42:54,392 INFO  MethodCallReplacementClassAdapter - Adding mock interface to class com/ctc/wstx/evt/WEntityDeclaration
2024-11-12 13:42:54,392 INFO  CreateClassResetClassAdapter - Creating brand-new static initializer in class com/ctc/wstx/evt/WEntityDeclaration
2024-11-12 13:42:54,392 INFO  EvoClassLoader - Defined package (3): package com.ctc.wstx.evt, -1605852930
2024-11-12 13:42:54,392 INFO  EvoClassLoader - Seeing class for first time: org.codehaus.stax2.ri.evt.BaseEventImpl
2024-11-12 13:42:54,392 INFO  EvoClassLoader - Instrumenting class 'org.codehaus.stax2.ri.evt.BaseEventImpl'.
2024-11-12 13:42:54,392 INFO  MethodCallReplacementClassAdapter - Adding mock interface to class org/codehaus/stax2/ri/evt/BaseEventImpl
2024-11-12 13:42:54,392 INFO  CreateClassResetClassAdapter - Creating brand-new static initializer in class org/codehaus/stax2/ri/evt/BaseEventImpl
2024-11-12 13:42:54,392 INFO  EvoClassLoader - Defined package (3): package org.codehaus.stax2.ri.evt, -220188000
2024-11-12 13:42:54,392 INFO  EvoClassLoader - Seeing class for first time: org.codehaus.stax2.evt.XMLEvent2
2024-11-12 13:42:54,392 INFO  EvoClassLoader - Instrumenting class 'org.codehaus.stax2.evt.XMLEvent2'.
2024-11-12 13:42:54,393 INFO  EvoClassLoader - Defined package (3): package org.codehaus.stax2.evt, -1695602321
2024-11-12 13:42:54,393 INFO  EvoClassLoader - Keeping class: org.codehaus.stax2.evt.XMLEvent2
2024-11-12 13:42:54,393 INFO  EvoClassLoader - Keeping class: org.codehaus.stax2.ri.evt.BaseEventImpl
2024-11-12 13:42:54,393 INFO  EvoClassLoader - Keeping class: com.ctc.wstx.evt.WEntityDeclaration
2024-11-12 13:42:54,393 INFO  EvoClassLoader - Keeping class: com.ctc.wstx.ent.EntityDecl
2024-11-12 13:42:54,393 INFO  EvoClassLoader - Seeing class for first time: com.ctc.wstx.ent.IntEntity
2024-11-12 13:42:54,393 INFO  EvoClassLoader - Instrumenting class 'com.ctc.wstx.ent.IntEntity'.
2024-11-12 13:42:54,393 INFO  MethodCallReplacementClassAdapter - Adding mock interface to class com/ctc/wstx/ent/IntEntity
2024-11-12 13:42:54,393 INFO  CreateClassResetClassAdapter - Creating brand-new static initializer in class com/ctc/wstx/ent/IntEntity
2024-11-12 13:42:54,393 INFO  EvoClassLoader - Keeping class: com.ctc.wstx.ent.IntEntity
2024-11-12 13:42:54,394 INFO  EvoClassLoader - Seeing class for first time: org.codehaus.stax2.AttributeInfo
2024-11-12 13:42:54,394 INFO  EvoClassLoader - Instrumenting class 'org.codehaus.stax2.AttributeInfo'.
2024-11-12 13:42:54,395 INFO  EvoClassLoader - Keeping class: org.codehaus.stax2.AttributeInfo
2024-11-12 13:42:54,395 INFO  EvoClassLoader - Seeing class for first time: org.codehaus.stax2.typed.TypedXMLStreamException
2024-11-12 13:42:54,395 INFO  EvoClassLoader - Instrumenting class 'org.codehaus.stax2.typed.TypedXMLStreamException'.
2024-11-12 13:42:54,396 INFO  MethodCallReplacementClassAdapter - Adding mock interface to class org/codehaus/stax2/typed/TypedXMLStreamException
2024-11-12 13:42:54,396 INFO  CreateClassResetClassAdapter - Creating brand-new static initializer in class org/codehaus/stax2/typed/TypedXMLStreamException
2024-11-12 13:42:54,396 INFO  EvoClassLoader - Keeping class: org.codehaus.stax2.typed.TypedXMLStreamException
2024-11-12 13:42:54,397 INFO  EvoClassLoader - Seeing class for first time: org.codehaus.stax2.typed.TypedValueDecoder
2024-11-12 13:42:54,397 INFO  EvoClassLoader - Instrumenting class 'org.codehaus.stax2.typed.TypedValueDecoder'.
2024-11-12 13:42:54,398 INFO  MethodCallReplacementClassAdapter - Adding mock interface to class org/codehaus/stax2/typed/TypedValueDecoder
2024-11-12 13:42:54,398 INFO  CreateClassResetClassAdapter - Creating brand-new static initializer in class org/codehaus/stax2/typed/TypedValueDecoder
2024-11-12 13:42:54,398 INFO  EvoClassLoader - Keeping class: org.codehaus.stax2.typed.TypedValueDecoder
2024-11-12 13:42:54,398 INFO  EvoClassLoader - Seeing class for first time: org.codehaus.stax2.ri.typed.ValueDecoderFactory$IntDecoder
2024-11-12 13:42:54,398 INFO  EvoClassLoader - Instrumenting class 'org.codehaus.stax2.ri.typed.ValueDecoderFactory$IntDecoder'.
2024-11-12 13:42:54,398 INFO  MethodCallReplacementClassAdapter - Adding mock interface to class org/codehaus/stax2/ri/typed/ValueDecoderFactory$IntDecoder
2024-11-12 13:42:54,399 INFO  CreateClassResetClassAdapter - Creating brand-new static initializer in class org/codehaus/stax2/ri/typed/ValueDecoderFactory$IntDecoder
2024-11-12 13:42:54,399 INFO  EvoClassLoader - Defined package (3): package org.codehaus.stax2.ri.typed, -1133328921
2024-11-12 13:42:54,399 INFO  EvoClassLoader - Seeing class for first time: org.codehaus.stax2.ri.typed.ValueDecoderFactory$DecoderBase
2024-11-12 13:42:54,399 INFO  EvoClassLoader - Instrumenting class 'org.codehaus.stax2.ri.typed.ValueDecoderFactory$DecoderBase'.
2024-11-12 13:42:54,400 INFO  MethodCallReplacementClassAdapter - Adding mock interface to class org/codehaus/stax2/ri/typed/ValueDecoderFactory$DecoderBase
2024-11-12 13:42:54,400 INFO  CreateClassResetClassAdapter - Found static initializer in class org/codehaus/stax2/ri/typed/ValueDecoderFactory$DecoderBase
2024-11-12 13:42:54,401 INFO  EvoClassLoader - Keeping class: org.codehaus.stax2.ri.typed.ValueDecoderFactory$DecoderBase
2024-11-12 13:42:54,401 INFO  EvoClassLoader - Keeping class: org.codehaus.stax2.ri.typed.ValueDecoderFactory$IntDecoder
2024-11-12 13:42:54,401 INFO  EvoClassLoader - Seeing class for first time: org.codehaus.stax2.ri.typed.ValueDecoderFactory$BooleanDecoder
2024-11-12 13:42:54,401 INFO  EvoClassLoader - Instrumenting class 'org.codehaus.stax2.ri.typed.ValueDecoderFactory$BooleanDecoder'.
2024-11-12 13:42:54,401 INFO  MethodCallReplacementClassAdapter - Adding mock interface to class org/codehaus/stax2/ri/typed/ValueDecoderFactory$BooleanDecoder
2024-11-12 13:42:54,401 INFO  CreateClassResetClassAdapter - Creating brand-new static initializer in class org/codehaus/stax2/ri/typed/ValueDecoderFactory$BooleanDecoder
2024-11-12 13:42:54,401 INFO  EvoClassLoader - Keeping class: org.codehaus.stax2.ri.typed.ValueDecoderFactory$BooleanDecoder
2024-11-12 13:42:54,401 INFO  EvoClassLoader - Seeing class for first time: org.codehaus.stax2.ri.typed.ValueDecoderFactory$LongDecoder
2024-11-12 13:42:54,401 INFO  EvoClassLoader - Instrumenting class 'org.codehaus.stax2.ri.typed.ValueDecoderFactory$LongDecoder'.
2024-11-12 13:42:54,402 INFO  MethodCallReplacementClassAdapter - Adding mock interface to class org/codehaus/stax2/ri/typed/ValueDecoderFactory$LongDecoder
2024-11-12 13:42:54,402 INFO  CreateClassResetClassAdapter - Creating brand-new static initializer in class org/codehaus/stax2/ri/typed/ValueDecoderFactory$LongDecoder
2024-11-12 13:42:54,402 INFO  EvoClassLoader - Keeping class: org.codehaus.stax2.ri.typed.ValueDecoderFactory$LongDecoder
2024-11-12 13:42:54,402 INFO  EvoClassLoader - Seeing class for first time: org.codehaus.stax2.ri.typed.ValueDecoderFactory$FloatDecoder
2024-11-12 13:42:54,402 INFO  EvoClassLoader - Instrumenting class 'org.codehaus.stax2.ri.typed.ValueDecoderFactory$FloatDecoder'.
2024-11-12 13:42:54,402 INFO  MethodCallReplacementClassAdapter - Adding mock interface to class org/codehaus/stax2/ri/typed/ValueDecoderFactory$FloatDecoder
2024-11-12 13:42:54,403 INFO  CreateClassResetClassAdapter - Creating brand-new static initializer in class org/codehaus/stax2/ri/typed/ValueDecoderFactory$FloatDecoder
2024-11-12 13:42:54,403 INFO  EvoClassLoader - Keeping class: org.codehaus.stax2.ri.typed.ValueDecoderFactory$FloatDecoder
2024-11-12 13:42:54,403 INFO  EvoClassLoader - Seeing class for first time: org.codehaus.stax2.ri.typed.ValueDecoderFactory$DoubleDecoder
2024-11-12 13:42:54,403 INFO  EvoClassLoader - Instrumenting class 'org.codehaus.stax2.ri.typed.ValueDecoderFactory$DoubleDecoder'.
2024-11-12 13:42:54,403 INFO  MethodCallReplacementClassAdapter - Adding mock interface to class org/codehaus/stax2/ri/typed/ValueDecoderFactory$DoubleDecoder
2024-11-12 13:42:54,403 INFO  CreateClassResetClassAdapter - Creating brand-new static initializer in class org/codehaus/stax2/ri/typed/ValueDecoderFactory$DoubleDecoder
2024-11-12 13:42:54,403 INFO  EvoClassLoader - Keeping class: org.codehaus.stax2.ri.typed.ValueDecoderFactory$DoubleDecoder
2024-11-12 13:42:54,403 INFO  EvoClassLoader - Seeing class for first time: org.codehaus.stax2.ri.typed.ValueDecoderFactory$IntegerDecoder
2024-11-12 13:42:54,403 INFO  EvoClassLoader - Instrumenting class 'org.codehaus.stax2.ri.typed.ValueDecoderFactory$IntegerDecoder'.
2024-11-12 13:42:54,404 INFO  MethodCallReplacementClassAdapter - Adding mock interface to class org/codehaus/stax2/ri/typed/ValueDecoderFactory$IntegerDecoder
2024-11-12 13:42:54,404 INFO  CreateClassResetClassAdapter - Creating brand-new static initializer in class org/codehaus/stax2/ri/typed/ValueDecoderFactory$IntegerDecoder
2024-11-12 13:42:54,404 INFO  EvoClassLoader - Keeping class: org.codehaus.stax2.ri.typed.ValueDecoderFactory$IntegerDecoder
2024-11-12 13:42:54,404 INFO  EvoClassLoader - Seeing class for first time: org.codehaus.stax2.ri.typed.ValueDecoderFactory$DecimalDecoder
2024-11-12 13:42:54,404 INFO  EvoClassLoader - Instrumenting class 'org.codehaus.stax2.ri.typed.ValueDecoderFactory$DecimalDecoder'.
2024-11-12 13:42:54,404 INFO  MethodCallReplacementClassAdapter - Adding mock interface to class org/codehaus/stax2/ri/typed/ValueDecoderFactory$DecimalDecoder
2024-11-12 13:42:54,404 INFO  CreateClassResetClassAdapter - Creating brand-new static initializer in class org/codehaus/stax2/ri/typed/ValueDecoderFactory$DecimalDecoder
2024-11-12 13:42:54,405 INFO  EvoClassLoader - Keeping class: org.codehaus.stax2.ri.typed.ValueDecoderFactory$DecimalDecoder
2024-11-12 13:42:54,405 INFO  EvoClassLoader - Seeing class for first time: org.codehaus.stax2.ri.typed.ValueDecoderFactory$QNameDecoder
2024-11-12 13:42:54,405 INFO  EvoClassLoader - Instrumenting class 'org.codehaus.stax2.ri.typed.ValueDecoderFactory$QNameDecoder'.
2024-11-12 13:42:54,405 INFO  MethodCallReplacementClassAdapter - Adding mock interface to class org/codehaus/stax2/ri/typed/ValueDecoderFactory$QNameDecoder
2024-11-12 13:42:54,406 INFO  CreateClassResetClassAdapter - Creating brand-new static initializer in class org/codehaus/stax2/ri/typed/ValueDecoderFactory$QNameDecoder
2024-11-12 13:42:54,406 INFO  EvoClassLoader - Keeping class: org.codehaus.stax2.ri.typed.ValueDecoderFactory$QNameDecoder
2024-11-12 13:42:54,406 INFO  EvoClassLoader - Seeing class for first time: org.codehaus.stax2.typed.TypedArrayDecoder
2024-11-12 13:42:54,406 INFO  EvoClassLoader - Instrumenting class 'org.codehaus.stax2.typed.TypedArrayDecoder'.
2024-11-12 13:42:54,406 INFO  MethodCallReplacementClassAdapter - Adding mock interface to class org/codehaus/stax2/typed/TypedArrayDecoder
2024-11-12 13:42:54,406 INFO  CreateClassResetClassAdapter - Creating brand-new static initializer in class org/codehaus/stax2/typed/TypedArrayDecoder
2024-11-12 13:42:54,406 INFO  EvoClassLoader - Keeping class: org.codehaus.stax2.typed.TypedArrayDecoder
2024-11-12 13:42:54,406 INFO  EvoClassLoader - Seeing class for first time: org.codehaus.stax2.ri.typed.ValueDecoderFactory$IntArrayDecoder
2024-11-12 13:42:54,406 INFO  EvoClassLoader - Instrumenting class 'org.codehaus.stax2.ri.typed.ValueDecoderFactory$IntArrayDecoder'.
2024-11-12 13:42:54,406 INFO  MethodCallReplacementClassAdapter - Adding mock interface to class org/codehaus/stax2/ri/typed/ValueDecoderFactory$IntArrayDecoder
2024-11-12 13:42:54,406 INFO  CreateClassResetClassAdapter - Creating brand-new static initializer in class org/codehaus/stax2/ri/typed/ValueDecoderFactory$IntArrayDecoder
2024-11-12 13:42:54,407 INFO  EvoClassLoader - Seeing class for first time: org.codehaus.stax2.ri.typed.ValueDecoderFactory$BaseArrayDecoder
2024-11-12 13:42:54,407 INFO  EvoClassLoader - Instrumenting class 'org.codehaus.stax2.ri.typed.ValueDecoderFactory$BaseArrayDecoder'.
2024-11-12 13:42:54,407 INFO  MethodCallReplacementClassAdapter - Adding mock interface to class org/codehaus/stax2/ri/typed/ValueDecoderFactory$BaseArrayDecoder
2024-11-12 13:42:54,407 INFO  CreateClassResetClassAdapter - Creating brand-new static initializer in class org/codehaus/stax2/ri/typed/ValueDecoderFactory$BaseArrayDecoder
2024-11-12 13:42:54,407 INFO  CreateClassResetClassAdapter - Adding bytecode for initializing field INITIAL_RESULT_BUFFER_SIZE
2024-11-12 13:42:54,407 INFO  CreateClassResetClassAdapter - Adding bytecode for initializing field SMALL_RESULT_BUFFER_SIZE
2024-11-12 13:42:54,407 INFO  EvoClassLoader - Keeping class: org.codehaus.stax2.ri.typed.ValueDecoderFactory$BaseArrayDecoder
2024-11-12 13:42:54,407 INFO  EvoClassLoader - Keeping class: org.codehaus.stax2.ri.typed.ValueDecoderFactory$IntArrayDecoder
2024-11-12 13:42:54,407 INFO  EvoClassLoader - Seeing class for first time: org.codehaus.stax2.ri.typed.ValueDecoderFactory$LongArrayDecoder
2024-11-12 13:42:54,407 INFO  EvoClassLoader - Instrumenting class 'org.codehaus.stax2.ri.typed.ValueDecoderFactory$LongArrayDecoder'.
2024-11-12 13:42:54,407 INFO  MethodCallReplacementClassAdapter - Adding mock interface to class org/codehaus/stax2/ri/typed/ValueDecoderFactory$LongArrayDecoder
2024-11-12 13:42:54,407 INFO  CreateClassResetClassAdapter - Creating brand-new static initializer in class org/codehaus/stax2/ri/typed/ValueDecoderFactory$LongArrayDecoder
2024-11-12 13:42:54,408 INFO  EvoClassLoader - Keeping class: org.codehaus.stax2.ri.typed.ValueDecoderFactory$LongArrayDecoder
2024-11-12 13:42:54,408 INFO  EvoClassLoader - Seeing class for first time: org.codehaus.stax2.ri.typed.ValueDecoderFactory$FloatArrayDecoder
2024-11-12 13:42:54,408 INFO  EvoClassLoader - Instrumenting class 'org.codehaus.stax2.ri.typed.ValueDecoderFactory$FloatArrayDecoder'.
2024-11-12 13:42:54,408 INFO  MethodCallReplacementClassAdapter - Adding mock interface to class org/codehaus/stax2/ri/typed/ValueDecoderFactory$FloatArrayDecoder
2024-11-12 13:42:54,408 INFO  CreateClassResetClassAdapter - Creating brand-new static initializer in class org/codehaus/stax2/ri/typed/ValueDecoderFactory$FloatArrayDecoder
2024-11-12 13:42:54,408 INFO  EvoClassLoader - Keeping class: org.codehaus.stax2.ri.typed.ValueDecoderFactory$FloatArrayDecoder
2024-11-12 13:42:54,408 INFO  EvoClassLoader - Seeing class for first time: org.codehaus.stax2.ri.typed.ValueDecoderFactory$DoubleArrayDecoder
2024-11-12 13:42:54,408 INFO  EvoClassLoader - Instrumenting class 'org.codehaus.stax2.ri.typed.ValueDecoderFactory$DoubleArrayDecoder'.
2024-11-12 13:42:54,408 INFO  MethodCallReplacementClassAdapter - Adding mock interface to class org/codehaus/stax2/ri/typed/ValueDecoderFactory$DoubleArrayDecoder
2024-11-12 13:42:54,408 INFO  CreateClassResetClassAdapter - Creating brand-new static initializer in class org/codehaus/stax2/ri/typed/ValueDecoderFactory$DoubleArrayDecoder
2024-11-12 13:42:54,408 INFO  EvoClassLoader - Keeping class: org.codehaus.stax2.ri.typed.ValueDecoderFactory$DoubleArrayDecoder
2024-11-12 13:42:54,409 INFO  EvoClassLoader - Seeing class for first time: org.codehaus.stax2.validation.DTDValidationSchema
2024-11-12 13:42:54,409 INFO  EvoClassLoader - Instrumenting class 'org.codehaus.stax2.validation.DTDValidationSchema'.
2024-11-12 13:42:54,409 INFO  EvoClassLoader - Seeing class for first time: org.codehaus.stax2.validation.XMLValidationSchema
2024-11-12 13:42:54,409 INFO  EvoClassLoader - Instrumenting class 'org.codehaus.stax2.validation.XMLValidationSchema'.
2024-11-12 13:42:54,409 INFO  EvoClassLoader - Keeping class: org.codehaus.stax2.validation.XMLValidationSchema
2024-11-12 13:42:54,409 INFO  EvoClassLoader - Keeping class: org.codehaus.stax2.validation.DTDValidationSchema
2024-11-12 13:42:54,409 INFO  EvoClassLoader - Seeing class for first time: org.codehaus.stax2.validation.ValidationContext
2024-11-12 13:42:54,409 INFO  EvoClassLoader - Instrumenting class 'org.codehaus.stax2.validation.ValidationContext'.
2024-11-12 13:42:54,409 INFO  EvoClassLoader - Keeping class: org.codehaus.stax2.validation.ValidationContext
2024-11-12 13:42:54,409 INFO  EvoClassLoader - Seeing class for first time: com.ctc.wstx.sr.NsDefaultProvider
2024-11-12 13:42:54,409 INFO  EvoClassLoader - Instrumenting class 'com.ctc.wstx.sr.NsDefaultProvider'.
2024-11-12 13:42:54,409 INFO  EvoClassLoader - Keeping class: com.ctc.wstx.sr.NsDefaultProvider
2024-11-12 13:42:54,410 INFO  EvoClassLoader - Seeing class for first time: com.ctc.wstx.sr.InputElementStack
2024-11-12 13:42:54,410 INFO  EvoClassLoader - Instrumenting class 'com.ctc.wstx.sr.InputElementStack'.
2024-11-12 13:42:54,410 INFO  MethodCallReplacementClassAdapter - Adding mock interface to class com/ctc/wstx/sr/InputElementStack
2024-11-12 13:42:54,412 INFO  CreateClassResetClassAdapter - Creating brand-new static initializer in class com/ctc/wstx/sr/InputElementStack
2024-11-12 13:42:54,412 INFO  CreateClassResetClassAdapter - Adding bytecode for initializing field ID_ATTR_NONE
2024-11-12 13:42:54,412 INFO  EvoClassLoader - Keeping class: com.ctc.wstx.sr.InputElementStack
2024-11-12 13:42:54,413 INFO  EvoClassLoader - Seeing class for first time: com.ctc.wstx.util.BaseNsContext
2024-11-12 13:42:54,413 INFO  EvoClassLoader - Instrumenting class 'com.ctc.wstx.util.BaseNsContext'.
2024-11-12 13:42:54,413 INFO  MethodCallReplacementClassAdapter - Adding mock interface to class com/ctc/wstx/util/BaseNsContext
2024-11-12 13:42:54,413 INFO  CreateClassResetClassAdapter - Creating brand-new static initializer in class com/ctc/wstx/util/BaseNsContext
2024-11-12 13:42:54,413 INFO  CreateClassResetClassAdapter - Adding bytecode for initializing field UNDECLARED_NS_URI
2024-11-12 13:42:54,413 INFO  EvoClassLoader - Keeping class: com.ctc.wstx.util.BaseNsContext
2024-11-12 13:42:54,413 INFO  EvoClassLoader - Seeing class for first time: com.ctc.wstx.util.EmptyNamespaceContext
2024-11-12 13:42:54,413 INFO  EvoClassLoader - Instrumenting class 'com.ctc.wstx.util.EmptyNamespaceContext'.
2024-11-12 13:42:54,413 INFO  MethodCallReplacementClassAdapter - Adding mock interface to class com/ctc/wstx/util/EmptyNamespaceContext
2024-11-12 13:42:54,413 INFO  CreateClassResetClassAdapter - Found static initializer in class com/ctc/wstx/util/EmptyNamespaceContext
2024-11-12 13:42:54,413 INFO  EvoClassLoader - Keeping class: com.ctc.wstx.util.EmptyNamespaceContext
2024-11-12 13:42:54,413 INFO  EvoClassLoader - Seeing class for first time: com.ctc.wstx.sr.CompactNsContext
2024-11-12 13:42:54,413 INFO  EvoClassLoader - Instrumenting class 'com.ctc.wstx.sr.CompactNsContext'.
2024-11-12 13:42:54,414 INFO  MethodCallReplacementClassAdapter - Adding mock interface to class com/ctc/wstx/sr/CompactNsContext
2024-11-12 13:42:54,414 INFO  CreateClassResetClassAdapter - Creating brand-new static initializer in class com/ctc/wstx/sr/CompactNsContext
2024-11-12 13:42:54,414 INFO  EvoClassLoader - Keeping class: com.ctc.wstx.sr.CompactNsContext
2024-11-12 13:42:54,414 INFO  EvoClassLoader - Seeing class for first time: org.codehaus.stax2.validation.XMLValidator
2024-11-12 13:42:54,414 INFO  EvoClassLoader - Instrumenting class 'org.codehaus.stax2.validation.XMLValidator'.
2024-11-12 13:42:54,414 INFO  MethodCallReplacementClassAdapter - Adding mock interface to class org/codehaus/stax2/validation/XMLValidator
2024-11-12 13:42:54,414 INFO  CreateClassResetClassAdapter - Creating brand-new static initializer in class org/codehaus/stax2/validation/XMLValidator
2024-11-12 13:42:54,414 INFO  CreateClassResetClassAdapter - Adding bytecode for initializing field CONTENT_ALLOW_NONE
2024-11-12 13:42:54,414 INFO  CreateClassResetClassAdapter - Adding bytecode for initializing field CONTENT_ALLOW_WS
2024-11-12 13:42:54,414 INFO  CreateClassResetClassAdapter - Adding bytecode for initializing field CONTENT_ALLOW_WS_NONSTRICT
2024-11-12 13:42:54,414 INFO  CreateClassResetClassAdapter - Adding bytecode for initializing field CONTENT_ALLOW_VALIDATABLE_TEXT
2024-11-12 13:42:54,414 INFO  CreateClassResetClassAdapter - Adding bytecode for initializing field CONTENT_ALLOW_ANY_TEXT
2024-11-12 13:42:54,414 INFO  CreateClassResetClassAdapter - Adding bytecode for initializing field CONTENT_ALLOW_UNDEFINED
2024-11-12 13:42:54,414 INFO  EvoClassLoader - Keeping class: org.codehaus.stax2.validation.XMLValidator
2024-11-12 13:42:54,414 INFO  EvoClassLoader - Seeing class for first time: org.codehaus.stax2.validation.ValidatorPair
2024-11-12 13:42:54,414 INFO  EvoClassLoader - Instrumenting class 'org.codehaus.stax2.validation.ValidatorPair'.
2024-11-12 13:42:54,414 INFO  MethodCallReplacementClassAdapter - Adding mock interface to class org/codehaus/stax2/validation/ValidatorPair
2024-11-12 13:42:54,415 INFO  CreateClassResetClassAdapter - Creating brand-new static initializer in class org/codehaus/stax2/validation/ValidatorPair
2024-11-12 13:42:54,415 INFO  CreateClassResetClassAdapter - Adding bytecode for initializing field ATTR_TYPE_DEFAULT
2024-11-12 13:42:54,415 INFO  EvoClassLoader - Keeping class: org.codehaus.stax2.validation.ValidatorPair
2024-11-12 13:42:54,415 INFO  EvoClassLoader - Seeing class for first time: com.ctc.wstx.util.StringVector
2024-11-12 13:42:54,415 INFO  EvoClassLoader - Instrumenting class 'com.ctc.wstx.util.StringVector'.
2024-11-12 13:42:54,416 INFO  MethodCallReplacementClassAdapter - Adding mock interface to class com/ctc/wstx/util/StringVector
2024-11-12 13:42:54,416 INFO  CreateClassResetClassAdapter - Creating brand-new static initializer in class com/ctc/wstx/util/StringVector
2024-11-12 13:42:54,417 INFO  EvoClassLoader - Keeping class: com.ctc.wstx.util.StringVector
2024-11-12 13:42:54,417 INFO  EvoClassLoader - Seeing class for first time: com.ctc.wstx.sr.AttributeCollector
2024-11-12 13:42:54,417 INFO  EvoClassLoader - Instrumenting class 'com.ctc.wstx.sr.AttributeCollector'.
2024-11-12 13:42:54,417 INFO  MethodCallReplacementClassAdapter - Adding mock interface to class com/ctc/wstx/sr/AttributeCollector
2024-11-12 13:42:54,418 INFO  CreateClassResetClassAdapter - Found static initializer in class com/ctc/wstx/sr/AttributeCollector
2024-11-12 13:42:54,419 INFO  EvoClassLoader - Keeping class: com.ctc.wstx.sr.AttributeCollector
2024-11-12 13:42:54,419 INFO  EvoClassLoader - Seeing class for first time: com.ctc.wstx.util.InternCache
2024-11-12 13:42:54,419 INFO  EvoClassLoader - Instrumenting class 'com.ctc.wstx.util.InternCache'.
2024-11-12 13:42:54,419 INFO  MethodCallReplacementClassAdapter - Adding mock interface to class com/ctc/wstx/util/InternCache
2024-11-12 13:42:54,420 INFO  CreateClassResetClassAdapter - Found static initializer in class com/ctc/wstx/util/InternCache
2024-11-12 13:42:54,420 INFO  EvoClassLoader - Keeping class: com.ctc.wstx.util.InternCache
2024-11-12 13:42:54,420 INFO  EvoClassLoader - Seeing class for first time: com.ctc.wstx.util.TextBuilder
2024-11-12 13:42:54,420 INFO  EvoClassLoader - Instrumenting class 'com.ctc.wstx.util.TextBuilder'.
2024-11-12 13:42:54,421 INFO  MethodCallReplacementClassAdapter - Adding mock interface to class com/ctc/wstx/util/TextBuilder
2024-11-12 13:42:54,421 INFO  CreateClassResetClassAdapter - Creating brand-new static initializer in class com/ctc/wstx/util/TextBuilder
2024-11-12 13:42:54,421 INFO  CreateClassResetClassAdapter - Adding bytecode for initializing field MIN_LEN
2024-11-12 13:42:54,421 INFO  CreateClassResetClassAdapter - Adding bytecode for initializing field MAX_LEN
2024-11-12 13:42:54,421 INFO  EvoClassLoader - Keeping class: com.ctc.wstx.util.TextBuilder
2024-11-12 13:42:54,422 INFO  EvoClassLoader - Seeing class for first time: com.ctc.wstx.util.TextBuffer
2024-11-12 13:42:54,422 INFO  EvoClassLoader - Instrumenting class 'com.ctc.wstx.util.TextBuffer'.
2024-11-12 13:42:54,422 INFO  MethodCallReplacementClassAdapter - Adding mock interface to class com/ctc/wstx/util/TextBuffer
2024-11-12 13:42:54,423 INFO  CreateClassResetClassAdapter - Found static initializer in class com/ctc/wstx/util/TextBuffer
2024-11-12 13:42:54,424 INFO  EvoClassLoader - Keeping class: com.ctc.wstx.util.TextBuffer
2024-11-12 13:42:54,425 INFO  EvoClassLoader - Seeing class for first time: com.ctc.wstx.util.TextBuffer$BufferReader
2024-11-12 13:42:54,425 INFO  EvoClassLoader - Instrumenting class 'com.ctc.wstx.util.TextBuffer$BufferReader'.
2024-11-12 13:42:54,425 INFO  MethodCallReplacementClassAdapter - Adding mock interface to class com/ctc/wstx/util/TextBuffer$BufferReader
2024-11-12 13:42:54,426 INFO  CreateClassResetClassAdapter - Creating brand-new static initializer in class com/ctc/wstx/util/TextBuffer$BufferReader
2024-11-12 13:42:54,426 INFO  EvoClassLoader - Keeping class: com.ctc.wstx.util.TextBuffer$BufferReader
2024-11-12 13:42:54,427 INFO  EvoClassLoader - Seeing class for first time: org.apache.hadoop.conf.Configuration$Parser
2024-11-12 13:42:54,427 INFO  EvoClassLoader - Instrumenting class 'org.apache.hadoop.conf.Configuration$Parser'.
2024-11-12 13:42:54,427 INFO  MethodCallReplacementClassAdapter - Adding mock interface to class org/apache/hadoop/conf/Configuration$Parser
2024-11-12 13:42:54,430 INFO  CreateClassResetClassAdapter - Creating brand-new static initializer in class org/apache/hadoop/conf/Configuration$Parser
2024-11-12 13:42:54,430 INFO  EvoClassLoader - Keeping class: org.apache.hadoop.conf.Configuration$Parser
2024-11-12 13:42:54,431 INFO  EvoClassLoader - Seeing class for first time: com.ctc.wstx.sr.Element
2024-11-12 13:42:54,431 INFO  EvoClassLoader - Instrumenting class 'com.ctc.wstx.sr.Element'.
2024-11-12 13:42:54,431 INFO  MethodCallReplacementClassAdapter - Adding mock interface to class com/ctc/wstx/sr/Element
2024-11-12 13:42:54,432 INFO  CreateClassResetClassAdapter - Creating brand-new static initializer in class com/ctc/wstx/sr/Element
2024-11-12 13:42:54,432 INFO  EvoClassLoader - Keeping class: com.ctc.wstx.sr.Element
2024-11-12 13:42:54,432 INFO  EvoClassLoader - Seeing class for first time: org.apache.hadoop.util.StringInterner
2024-11-12 13:42:54,432 INFO  EvoClassLoader - Instrumenting class 'org.apache.hadoop.util.StringInterner'.
2024-11-12 13:42:54,432 INFO  MethodCallReplacementClassAdapter - Adding mock interface to class org/apache/hadoop/util/StringInterner
2024-11-12 13:42:54,433 INFO  CreateClassResetClassAdapter - Found static initializer in class org/apache/hadoop/util/StringInterner
2024-11-12 13:42:54,433 INFO  EvoClassLoader - Keeping class: org.apache.hadoop.util.StringInterner
2024-11-12 13:42:54,433 INFO  EvoClassLoader - Seeing class for first time: org.apache.hadoop.thirdparty.com.google.common.collect.Interners
2024-11-12 13:42:54,433 INFO  EvoClassLoader - Instrumenting class 'org.apache.hadoop.thirdparty.com.google.common.collect.Interners'.
2024-11-12 13:42:54,433 INFO  MethodCallReplacementClassAdapter - Adding mock interface to class org/apache/hadoop/thirdparty/com/google/common/collect/Interners
2024-11-12 13:42:54,433 INFO  CreateClassResetClassAdapter - Creating brand-new static initializer in class org/apache/hadoop/thirdparty/com/google/common/collect/Interners
2024-11-12 13:42:54,433 INFO  EvoClassLoader - Defined package (3): package org.apache.hadoop.thirdparty.com.google.common.collect, -347820205
2024-11-12 13:42:54,433 INFO  EvoClassLoader - Keeping class: org.apache.hadoop.thirdparty.com.google.common.collect.Interners
2024-11-12 13:42:54,433 INFO  EvoClassLoader - Seeing class for first time: org.apache.hadoop.thirdparty.com.google.common.base.Function
2024-11-12 13:42:54,433 INFO  EvoClassLoader - Instrumenting class 'org.apache.hadoop.thirdparty.com.google.common.base.Function'.
2024-11-12 13:42:54,434 INFO  EvoClassLoader - Defined package (3): package org.apache.hadoop.thirdparty.com.google.common.base, -2047700664
2024-11-12 13:42:54,434 INFO  EvoClassLoader - Keeping class: org.apache.hadoop.thirdparty.com.google.common.base.Function
2024-11-12 13:42:54,434 INFO  EvoClassLoader - Seeing class for first time: org.apache.hadoop.thirdparty.com.google.common.collect.Interners$InternerBuilder
2024-11-12 13:42:54,434 INFO  EvoClassLoader - Instrumenting class 'org.apache.hadoop.thirdparty.com.google.common.collect.Interners$InternerBuilder'.
2024-11-12 13:42:54,434 INFO  MethodCallReplacementClassAdapter - Adding mock interface to class org/apache/hadoop/thirdparty/com/google/common/collect/Interners$InternerBuilder
2024-11-12 13:42:54,434 INFO  CreateClassResetClassAdapter - Creating brand-new static initializer in class org/apache/hadoop/thirdparty/com/google/common/collect/Interners$InternerBuilder
2024-11-12 13:42:54,434 INFO  EvoClassLoader - Keeping class: org.apache.hadoop.thirdparty.com.google.common.collect.Interners$InternerBuilder
2024-11-12 13:42:54,434 INFO  EvoClassLoader - Seeing class for first time: org.apache.hadoop.thirdparty.com.google.common.collect.Interner
2024-11-12 13:42:54,434 INFO  EvoClassLoader - Instrumenting class 'org.apache.hadoop.thirdparty.com.google.common.collect.Interner'.
2024-11-12 13:42:54,434 INFO  EvoClassLoader - Keeping class: org.apache.hadoop.thirdparty.com.google.common.collect.Interner
2024-11-12 13:42:54,434 INFO  EvoClassLoader - Seeing class for first time: org.apache.hadoop.thirdparty.com.google.common.collect.MapMaker
2024-11-12 13:42:54,434 INFO  EvoClassLoader - Instrumenting class 'org.apache.hadoop.thirdparty.com.google.common.collect.MapMaker'.
2024-11-12 13:42:54,434 INFO  MethodCallReplacementClassAdapter - Adding mock interface to class org/apache/hadoop/thirdparty/com/google/common/collect/MapMaker
2024-11-12 13:42:54,435 INFO  CreateClassResetClassAdapter - Creating brand-new static initializer in class org/apache/hadoop/thirdparty/com/google/common/collect/MapMaker
2024-11-12 13:42:54,435 INFO  CreateClassResetClassAdapter - Adding bytecode for initializing field DEFAULT_INITIAL_CAPACITY
2024-11-12 13:42:54,435 INFO  CreateClassResetClassAdapter - Adding bytecode for initializing field DEFAULT_CONCURRENCY_LEVEL
2024-11-12 13:42:54,435 INFO  CreateClassResetClassAdapter - Adding bytecode for initializing field UNSET_INT
2024-11-12 13:42:54,435 INFO  EvoClassLoader - Keeping class: org.apache.hadoop.thirdparty.com.google.common.collect.MapMaker
2024-11-12 13:42:54,435 INFO  EvoClassLoader - Seeing class for first time: org.apache.hadoop.thirdparty.com.google.common.collect.Interners$InternerImpl
2024-11-12 13:42:54,435 INFO  EvoClassLoader - Instrumenting class 'org.apache.hadoop.thirdparty.com.google.common.collect.Interners$InternerImpl'.
2024-11-12 13:42:54,435 INFO  MethodCallReplacementClassAdapter - Adding mock interface to class org/apache/hadoop/thirdparty/com/google/common/collect/Interners$InternerImpl
2024-11-12 13:42:54,435 INFO  CreateClassResetClassAdapter - Creating brand-new static initializer in class org/apache/hadoop/thirdparty/com/google/common/collect/Interners$InternerImpl
2024-11-12 13:42:54,436 INFO  EvoClassLoader - Keeping class: org.apache.hadoop.thirdparty.com.google.common.collect.Interners$InternerImpl
2024-11-12 13:42:54,436 INFO  EvoClassLoader - Seeing class for first time: org.apache.hadoop.thirdparty.com.google.common.base.Equivalence
2024-11-12 13:42:54,436 INFO  EvoClassLoader - Instrumenting class 'org.apache.hadoop.thirdparty.com.google.common.base.Equivalence'.
2024-11-12 13:42:54,436 INFO  MethodCallReplacementClassAdapter - Adding mock interface to class org/apache/hadoop/thirdparty/com/google/common/base/Equivalence
2024-11-12 13:42:54,436 INFO  CreateClassResetClassAdapter - Creating brand-new static initializer in class org/apache/hadoop/thirdparty/com/google/common/base/Equivalence
2024-11-12 13:42:54,437 INFO  EvoClassLoader - Keeping class: org.apache.hadoop.thirdparty.com.google.common.base.Equivalence
2024-11-12 13:42:54,437 INFO  EvoClassLoader - Seeing class for first time: org.apache.hadoop.thirdparty.com.google.common.base.PairwiseEquivalence
2024-11-12 13:42:54,437 INFO  EvoClassLoader - Instrumenting class 'org.apache.hadoop.thirdparty.com.google.common.base.PairwiseEquivalence'.
2024-11-12 13:42:54,437 INFO  MethodCallReplacementClassAdapter - Adding mock interface to class org/apache/hadoop/thirdparty/com/google/common/base/PairwiseEquivalence
2024-11-12 13:42:54,437 INFO  CreateClassResetClassAdapter - Creating brand-new static initializer in class org/apache/hadoop/thirdparty/com/google/common/base/PairwiseEquivalence
2024-11-12 13:42:54,437 INFO  EvoClassLoader - Keeping class: org.apache.hadoop.thirdparty.com.google.common.base.PairwiseEquivalence
2024-11-12 13:42:54,437 INFO  EvoClassLoader - Seeing class for first time: org.apache.hadoop.thirdparty.com.google.common.base.Predicate
2024-11-12 13:42:54,437 INFO  EvoClassLoader - Instrumenting class 'org.apache.hadoop.thirdparty.com.google.common.base.Predicate'.
2024-11-12 13:42:54,438 INFO  EvoClassLoader - Keeping class: org.apache.hadoop.thirdparty.com.google.common.base.Predicate
2024-11-12 13:42:54,438 INFO  EvoClassLoader - Seeing class for first time: org.apache.hadoop.thirdparty.com.google.common.base.FunctionalEquivalence
2024-11-12 13:42:54,438 INFO  EvoClassLoader - Instrumenting class 'org.apache.hadoop.thirdparty.com.google.common.base.FunctionalEquivalence'.
2024-11-12 13:42:54,438 INFO  MethodCallReplacementClassAdapter - Adding mock interface to class org/apache/hadoop/thirdparty/com/google/common/base/FunctionalEquivalence
2024-11-12 13:42:54,438 INFO  CreateClassResetClassAdapter - Creating brand-new static initializer in class org/apache/hadoop/thirdparty/com/google/common/base/FunctionalEquivalence
2024-11-12 13:42:54,438 INFO  EvoClassLoader - Keeping class: org.apache.hadoop.thirdparty.com.google.common.base.FunctionalEquivalence
2024-11-12 13:42:54,438 INFO  EvoClassLoader - Seeing class for first time: org.apache.hadoop.thirdparty.com.google.common.base.Equivalence$Equals
2024-11-12 13:42:54,438 INFO  EvoClassLoader - Instrumenting class 'org.apache.hadoop.thirdparty.com.google.common.base.Equivalence$Equals'.
2024-11-12 13:42:54,438 INFO  MethodCallReplacementClassAdapter - Adding mock interface to class org/apache/hadoop/thirdparty/com/google/common/base/Equivalence$Equals
2024-11-12 13:42:54,438 INFO  CreateClassResetClassAdapter - Found static initializer in class org/apache/hadoop/thirdparty/com/google/common/base/Equivalence$Equals
2024-11-12 13:42:54,439 INFO  EvoClassLoader - Keeping class: org.apache.hadoop.thirdparty.com.google.common.base.Equivalence$Equals
2024-11-12 13:42:54,439 INFO  EvoClassLoader - Seeing class for first time: org.apache.hadoop.thirdparty.com.google.common.base.Equivalence$Identity
2024-11-12 13:42:54,439 INFO  EvoClassLoader - Instrumenting class 'org.apache.hadoop.thirdparty.com.google.common.base.Equivalence$Identity'.
2024-11-12 13:42:54,439 INFO  MethodCallReplacementClassAdapter - Adding mock interface to class org/apache/hadoop/thirdparty/com/google/common/base/Equivalence$Identity
2024-11-12 13:42:54,439 INFO  CreateClassResetClassAdapter - Found static initializer in class org/apache/hadoop/thirdparty/com/google/common/base/Equivalence$Identity
2024-11-12 13:42:54,439 INFO  EvoClassLoader - Keeping class: org.apache.hadoop.thirdparty.com.google.common.base.Equivalence$Identity
2024-11-12 13:42:54,439 INFO  EvoClassLoader - Seeing class for first time: org.apache.hadoop.thirdparty.com.google.common.base.Preconditions
2024-11-12 13:42:54,439 INFO  EvoClassLoader - Instrumenting class 'org.apache.hadoop.thirdparty.com.google.common.base.Preconditions'.
2024-11-12 13:42:54,439 INFO  MethodCallReplacementClassAdapter - Adding mock interface to class org/apache/hadoop/thirdparty/com/google/common/base/Preconditions
2024-11-12 13:42:54,441 INFO  CreateClassResetClassAdapter - Creating brand-new static initializer in class org/apache/hadoop/thirdparty/com/google/common/base/Preconditions
2024-11-12 13:42:54,441 INFO  EvoClassLoader - Keeping class: org.apache.hadoop.thirdparty.com.google.common.base.Preconditions
2024-11-12 13:42:54,441 INFO  EvoClassLoader - Seeing class for first time: org.apache.hadoop.thirdparty.com.google.common.collect.MapMakerInternalMap
2024-11-12 13:42:54,441 INFO  EvoClassLoader - Instrumenting class 'org.apache.hadoop.thirdparty.com.google.common.collect.MapMakerInternalMap'.
2024-11-12 13:42:54,442 INFO  MethodCallReplacementClassAdapter - Adding mock interface to class org/apache/hadoop/thirdparty/com/google/common/collect/MapMakerInternalMap
2024-11-12 13:42:54,444 INFO  CreateClassResetClassAdapter - Found static initializer in class org/apache/hadoop/thirdparty/com/google/common/collect/MapMakerInternalMap
2024-11-12 13:42:54,444 INFO  EvoClassLoader - Keeping class: org.apache.hadoop.thirdparty.com.google.common.collect.MapMakerInternalMap
2024-11-12 13:42:54,444 INFO  EvoClassLoader - Seeing class for first time: org.apache.hadoop.thirdparty.com.google.common.collect.MapMakerInternalMap$WeakValueReference
2024-11-12 13:42:54,444 INFO  EvoClassLoader - Instrumenting class 'org.apache.hadoop.thirdparty.com.google.common.collect.MapMakerInternalMap$WeakValueReference'.
2024-11-12 13:42:54,445 INFO  EvoClassLoader - Keeping class: org.apache.hadoop.thirdparty.com.google.common.collect.MapMakerInternalMap$WeakValueReference
2024-11-12 13:42:54,445 INFO  EvoClassLoader - Seeing class for first time: org.apache.hadoop.thirdparty.com.google.common.collect.MapMakerInternalMap$InternalEntryHelper
2024-11-12 13:42:54,445 INFO  EvoClassLoader - Instrumenting class 'org.apache.hadoop.thirdparty.com.google.common.collect.MapMakerInternalMap$InternalEntryHelper'.
2024-11-12 13:42:54,445 INFO  EvoClassLoader - Keeping class: org.apache.hadoop.thirdparty.com.google.common.collect.MapMakerInternalMap$InternalEntryHelper
2024-11-12 13:42:54,445 INFO  EvoClassLoader - Seeing class for first time: org.apache.hadoop.thirdparty.com.google.common.collect.MapMakerInternalMap$1
2024-11-12 13:42:54,445 INFO  EvoClassLoader - Instrumenting class 'org.apache.hadoop.thirdparty.com.google.common.collect.MapMakerInternalMap$1'.
2024-11-12 13:42:54,445 INFO  MethodCallReplacementClassAdapter - Adding mock interface to class org/apache/hadoop/thirdparty/com/google/common/collect/MapMakerInternalMap$1
2024-11-12 13:42:54,445 INFO  EvoClassLoader - Keeping class: org.apache.hadoop.thirdparty.com.google.common.collect.MapMakerInternalMap$1
2024-11-12 13:42:54,445 INFO  EvoClassLoader - Seeing class for first time: org.apache.hadoop.thirdparty.com.google.common.collect.MapMakerInternalMap$InternalEntry
2024-11-12 13:42:54,445 INFO  EvoClassLoader - Instrumenting class 'org.apache.hadoop.thirdparty.com.google.common.collect.MapMakerInternalMap$InternalEntry'.
2024-11-12 13:42:54,446 INFO  EvoClassLoader - Keeping class: org.apache.hadoop.thirdparty.com.google.common.collect.MapMakerInternalMap$InternalEntry
2024-11-12 13:42:54,446 INFO  EvoClassLoader - Seeing class for first time: org.apache.hadoop.thirdparty.com.google.common.collect.MapMakerInternalMap$Strength
2024-11-12 13:42:54,446 INFO  EvoClassLoader - Instrumenting class 'org.apache.hadoop.thirdparty.com.google.common.collect.MapMakerInternalMap$Strength'.
2024-11-12 13:42:54,446 INFO  MethodCallReplacementClassAdapter - Adding mock interface to class org/apache/hadoop/thirdparty/com/google/common/collect/MapMakerInternalMap$Strength
2024-11-12 13:42:54,446 INFO  CreateClassResetClassAdapter - Found static initializer in class org/apache/hadoop/thirdparty/com/google/common/collect/MapMakerInternalMap$Strength
2024-11-12 13:42:54,446 INFO  EvoClassLoader - Keeping class: org.apache.hadoop.thirdparty.com.google.common.collect.MapMakerInternalMap$Strength
2024-11-12 13:42:54,446 INFO  EvoClassLoader - Seeing class for first time: org.apache.hadoop.thirdparty.com.google.common.collect.MapMakerInternalMap$Strength$1
2024-11-12 13:42:54,446 INFO  EvoClassLoader - Instrumenting class 'org.apache.hadoop.thirdparty.com.google.common.collect.MapMakerInternalMap$Strength$1'.
2024-11-12 13:42:54,446 INFO  MethodCallReplacementClassAdapter - Adding mock interface to class org/apache/hadoop/thirdparty/com/google/common/collect/MapMakerInternalMap$Strength$1
2024-11-12 13:42:54,446 INFO  EvoClassLoader - Keeping class: org.apache.hadoop.thirdparty.com.google.common.collect.MapMakerInternalMap$Strength$1
2024-11-12 13:42:54,446 INFO  EvoClassLoader - Seeing class for first time: org.apache.hadoop.thirdparty.com.google.common.collect.MapMakerInternalMap$Strength$2
2024-11-12 13:42:54,446 INFO  EvoClassLoader - Instrumenting class 'org.apache.hadoop.thirdparty.com.google.common.collect.MapMakerInternalMap$Strength$2'.
2024-11-12 13:42:54,446 INFO  MethodCallReplacementClassAdapter - Adding mock interface to class org/apache/hadoop/thirdparty/com/google/common/collect/MapMakerInternalMap$Strength$2
2024-11-12 13:42:54,446 INFO  EvoClassLoader - Keeping class: org.apache.hadoop.thirdparty.com.google.common.collect.MapMakerInternalMap$Strength$2
2024-11-12 13:42:54,447 INFO  EvoClassLoader - Seeing class for first time: org.apache.hadoop.thirdparty.com.google.common.base.MoreObjects
2024-11-12 13:42:54,447 INFO  EvoClassLoader - Instrumenting class 'org.apache.hadoop.thirdparty.com.google.common.base.MoreObjects'.
2024-11-12 13:42:54,447 INFO  MethodCallReplacementClassAdapter - Adding mock interface to class org/apache/hadoop/thirdparty/com/google/common/base/MoreObjects
2024-11-12 13:42:54,448 INFO  CreateClassResetClassAdapter - Creating brand-new static initializer in class org/apache/hadoop/thirdparty/com/google/common/base/MoreObjects
2024-11-12 13:42:54,448 INFO  EvoClassLoader - Keeping class: org.apache.hadoop.thirdparty.com.google.common.base.MoreObjects
2024-11-12 13:42:54,448 INFO  EvoClassLoader - Seeing class for first time: org.apache.hadoop.thirdparty.com.google.common.collect.MapMakerInternalMap$StrongKeyDummyValueEntry$Helper
2024-11-12 13:42:54,448 INFO  EvoClassLoader - Instrumenting class 'org.apache.hadoop.thirdparty.com.google.common.collect.MapMakerInternalMap$StrongKeyDummyValueEntry$Helper'.
2024-11-12 13:42:54,448 INFO  MethodCallReplacementClassAdapter - Adding mock interface to class org/apache/hadoop/thirdparty/com/google/common/collect/MapMakerInternalMap$StrongKeyDummyValueEntry$Helper
2024-11-12 13:42:54,449 INFO  CreateClassResetClassAdapter - Found static initializer in class org/apache/hadoop/thirdparty/com/google/common/collect/MapMakerInternalMap$StrongKeyDummyValueEntry$Helper
2024-11-12 13:42:54,449 INFO  EvoClassLoader - Keeping class: org.apache.hadoop.thirdparty.com.google.common.collect.MapMakerInternalMap$StrongKeyDummyValueEntry$Helper
2024-11-12 13:42:54,449 INFO  EvoClassLoader - Seeing class for first time: org.apache.hadoop.thirdparty.com.google.common.collect.MapMakerInternalMap$StrongKeyDummyValueEntry
2024-11-12 13:42:54,449 INFO  EvoClassLoader - Instrumenting class 'org.apache.hadoop.thirdparty.com.google.common.collect.MapMakerInternalMap$StrongKeyDummyValueEntry'.
2024-11-12 13:42:54,449 INFO  MethodCallReplacementClassAdapter - Adding mock interface to class org/apache/hadoop/thirdparty/com/google/common/collect/MapMakerInternalMap$StrongKeyDummyValueEntry
2024-11-12 13:42:54,449 INFO  CreateClassResetClassAdapter - Creating brand-new static initializer in class org/apache/hadoop/thirdparty/com/google/common/collect/MapMakerInternalMap$StrongKeyDummyValueEntry
2024-11-12 13:42:54,449 INFO  EvoClassLoader - Seeing class for first time: org.apache.hadoop.thirdparty.com.google.common.collect.MapMakerInternalMap$StrongValueEntry
2024-11-12 13:42:54,449 INFO  EvoClassLoader - Instrumenting class 'org.apache.hadoop.thirdparty.com.google.common.collect.MapMakerInternalMap$StrongValueEntry'.
2024-11-12 13:42:54,449 INFO  EvoClassLoader - Keeping class: org.apache.hadoop.thirdparty.com.google.common.collect.MapMakerInternalMap$StrongValueEntry
2024-11-12 13:42:54,449 INFO  EvoClassLoader - Seeing class for first time: org.apache.hadoop.thirdparty.com.google.common.collect.MapMakerInternalMap$AbstractStrongKeyEntry
2024-11-12 13:42:54,449 INFO  EvoClassLoader - Instrumenting class 'org.apache.hadoop.thirdparty.com.google.common.collect.MapMakerInternalMap$AbstractStrongKeyEntry'.
2024-11-12 13:42:54,449 INFO  MethodCallReplacementClassAdapter - Adding mock interface to class org/apache/hadoop/thirdparty/com/google/common/collect/MapMakerInternalMap$AbstractStrongKeyEntry
2024-11-12 13:42:54,450 INFO  CreateClassResetClassAdapter - Creating brand-new static initializer in class org/apache/hadoop/thirdparty/com/google/common/collect/MapMakerInternalMap$AbstractStrongKeyEntry
2024-11-12 13:42:54,450 INFO  EvoClassLoader - Keeping class: org.apache.hadoop.thirdparty.com.google.common.collect.MapMakerInternalMap$AbstractStrongKeyEntry
2024-11-12 13:42:54,450 INFO  EvoClassLoader - Keeping class: org.apache.hadoop.thirdparty.com.google.common.collect.MapMakerInternalMap$StrongKeyDummyValueEntry
2024-11-12 13:42:54,450 INFO  EvoClassLoader - Seeing class for first time: org.apache.hadoop.thirdparty.com.google.common.collect.MapMakerInternalMap$StrongKeyDummyValueEntry$LinkedStrongKeyDummyValueEntry
2024-11-12 13:42:54,450 INFO  EvoClassLoader - Instrumenting class 'org.apache.hadoop.thirdparty.com.google.common.collect.MapMakerInternalMap$StrongKeyDummyValueEntry$LinkedStrongKeyDummyValueEntry'.
2024-11-12 13:42:54,450 INFO  MethodCallReplacementClassAdapter - Adding mock interface to class org/apache/hadoop/thirdparty/com/google/common/collect/MapMakerInternalMap$StrongKeyDummyValueEntry$LinkedStrongKeyDummyValueEntry
2024-11-12 13:42:54,450 INFO  CreateClassResetClassAdapter - Creating brand-new static initializer in class org/apache/hadoop/thirdparty/com/google/common/collect/MapMakerInternalMap$StrongKeyDummyValueEntry$LinkedStrongKeyDummyValueEntry
2024-11-12 13:42:54,450 INFO  EvoClassLoader - Keeping class: org.apache.hadoop.thirdparty.com.google.common.collect.MapMakerInternalMap$StrongKeyDummyValueEntry$LinkedStrongKeyDummyValueEntry
2024-11-12 13:42:54,450 INFO  EvoClassLoader - Seeing class for first time: org.apache.hadoop.thirdparty.com.google.common.collect.MapMakerInternalMap$Segment
2024-11-12 13:42:54,450 INFO  EvoClassLoader - Instrumenting class 'org.apache.hadoop.thirdparty.com.google.common.collect.MapMakerInternalMap$Segment'.
2024-11-12 13:42:54,450 INFO  MethodCallReplacementClassAdapter - Adding mock interface to class org/apache/hadoop/thirdparty/com/google/common/collect/MapMakerInternalMap$Segment
2024-11-12 13:42:54,451 INFO  CreateClassResetClassAdapter - Creating brand-new static initializer in class org/apache/hadoop/thirdparty/com/google/common/collect/MapMakerInternalMap$Segment
2024-11-12 13:42:54,452 INFO  EvoClassLoader - Keeping class: org.apache.hadoop.thirdparty.com.google.common.collect.MapMakerInternalMap$Segment
2024-11-12 13:42:54,452 INFO  EvoClassLoader - Seeing class for first time: org.apache.hadoop.thirdparty.com.google.common.collect.MapMakerInternalMap$StrongKeyDummyValueSegment
2024-11-12 13:42:54,452 INFO  EvoClassLoader - Instrumenting class 'org.apache.hadoop.thirdparty.com.google.common.collect.MapMakerInternalMap$StrongKeyDummyValueSegment'.
2024-11-12 13:42:54,452 INFO  MethodCallReplacementClassAdapter - Adding mock interface to class org/apache/hadoop/thirdparty/com/google/common/collect/MapMakerInternalMap$StrongKeyDummyValueSegment
2024-11-12 13:42:54,452 INFO  CreateClassResetClassAdapter - Creating brand-new static initializer in class org/apache/hadoop/thirdparty/com/google/common/collect/MapMakerInternalMap$StrongKeyDummyValueSegment
2024-11-12 13:42:54,452 INFO  EvoClassLoader - Keeping class: org.apache.hadoop.thirdparty.com.google.common.collect.MapMakerInternalMap$StrongKeyDummyValueSegment
2024-11-12 13:42:54,453 INFO  EvoClassLoader - Seeing class for first time: org.apache.hadoop.conf.Configuration$ParsedItem
2024-11-12 13:42:54,453 INFO  EvoClassLoader - Instrumenting class 'org.apache.hadoop.conf.Configuration$ParsedItem'.
2024-11-12 13:42:54,453 INFO  MethodCallReplacementClassAdapter - Adding mock interface to class org/apache/hadoop/conf/Configuration$ParsedItem
2024-11-12 13:42:54,453 INFO  CreateClassResetClassAdapter - Creating brand-new static initializer in class org/apache/hadoop/conf/Configuration$ParsedItem
2024-11-12 13:42:54,454 INFO  EvoClassLoader - Keeping class: org.apache.hadoop.conf.Configuration$ParsedItem
2024-11-12 13:42:54,520 INFO  EvoClassLoader - Seeing class for first time: com.ctc.wstx.io.BufferRecycler
2024-11-12 13:42:54,520 INFO  EvoClassLoader - Instrumenting class 'com.ctc.wstx.io.BufferRecycler'.
2024-11-12 13:42:54,521 INFO  MethodCallReplacementClassAdapter - Adding mock interface to class com/ctc/wstx/io/BufferRecycler
2024-11-12 13:42:54,521 INFO  CreateClassResetClassAdapter - Creating brand-new static initializer in class com/ctc/wstx/io/BufferRecycler
2024-11-12 13:42:54,521 INFO  EvoClassLoader - Keeping class: com.ctc.wstx.io.BufferRecycler
2024-11-12 13:42:54,523 INFO  EvoClassLoader - Seeing class for first time: org.apache.hadoop.fs.FileSystem$3
2024-11-12 13:42:54,523 INFO  EvoClassLoader - Instrumenting class 'org.apache.hadoop.fs.FileSystem$3'.
2024-11-12 13:42:54,524 INFO  MethodCallReplacementClassAdapter - Adding mock interface to class org/apache/hadoop/fs/FileSystem$3
2024-11-12 13:42:54,525 INFO  EvoClassLoader - Keeping class: org.apache.hadoop.fs.FileSystem$3
2024-11-12 13:42:54,525 INFO  EvoClassLoader - Seeing class for first time: org.apache.hadoop.hdfs.protocol.proto.NamenodeProtocolProtos$IsUpgradeFinalizedRequestProto
2024-11-12 13:42:54,525 INFO  EvoClassLoader - Instrumenting class 'org.apache.hadoop.hdfs.protocol.proto.NamenodeProtocolProtos$IsUpgradeFinalizedRequestProto'.
2024-11-12 13:42:54,525 INFO  MethodCallReplacementClassAdapter - Adding mock interface to class org/apache/hadoop/hdfs/protocol/proto/NamenodeProtocolProtos$IsUpgradeFinalizedRequestProto
2024-11-12 13:42:54,526 INFO  CreateClassResetClassAdapter - Found static initializer in class org/apache/hadoop/hdfs/protocol/proto/NamenodeProtocolProtos$IsUpgradeFinalizedRequestProto
2024-11-12 13:42:54,526 INFO  EvoClassLoader - Seeing class for first time: org.apache.hadoop.hdfs.protocol.proto.NamenodeProtocolProtos$IsUpgradeFinalizedRequestProtoOrBuilder
2024-11-12 13:42:54,526 INFO  EvoClassLoader - Instrumenting class 'org.apache.hadoop.hdfs.protocol.proto.NamenodeProtocolProtos$IsUpgradeFinalizedRequestProtoOrBuilder'.
2024-11-12 13:42:54,527 INFO  EvoClassLoader - Keeping class: org.apache.hadoop.hdfs.protocol.proto.NamenodeProtocolProtos$IsUpgradeFinalizedRequestProtoOrBuilder
2024-11-12 13:42:54,527 INFO  EvoClassLoader - Seeing class for first time: org.apache.hadoop.thirdparty.protobuf.GeneratedMessageV3
2024-11-12 13:42:54,527 INFO  EvoClassLoader - Instrumenting class 'org.apache.hadoop.thirdparty.protobuf.GeneratedMessageV3'.
2024-11-12 13:42:54,528 INFO  MethodCallReplacementClassAdapter - Adding mock interface to class org/apache/hadoop/thirdparty/protobuf/GeneratedMessageV3
2024-11-12 13:42:54,530 INFO  CreateClassResetClassAdapter - Found static initializer in class org/apache/hadoop/thirdparty/protobuf/GeneratedMessageV3
2024-11-12 13:42:54,532 INFO  EvoClassLoader - Seeing class for first time: org.apache.hadoop.thirdparty.protobuf.AbstractMessage
2024-11-12 13:42:54,532 INFO  EvoClassLoader - Instrumenting class 'org.apache.hadoop.thirdparty.protobuf.AbstractMessage'.
2024-11-12 13:42:54,532 INFO  MethodCallReplacementClassAdapter - Adding mock interface to class org/apache/hadoop/thirdparty/protobuf/AbstractMessage
2024-11-12 13:42:54,533 INFO  CreateClassResetClassAdapter - Creating brand-new static initializer in class org/apache/hadoop/thirdparty/protobuf/AbstractMessage
2024-11-12 13:42:54,533 INFO  EvoClassLoader - Seeing class for first time: org.apache.hadoop.thirdparty.protobuf.AbstractMessageLite
2024-11-12 13:42:54,533 INFO  EvoClassLoader - Instrumenting class 'org.apache.hadoop.thirdparty.protobuf.AbstractMessageLite'.
2024-11-12 13:42:54,534 INFO  MethodCallReplacementClassAdapter - Adding mock interface to class org/apache/hadoop/thirdparty/protobuf/AbstractMessageLite
2024-11-12 13:42:54,534 INFO  CreateClassResetClassAdapter - Creating brand-new static initializer in class org/apache/hadoop/thirdparty/protobuf/AbstractMessageLite
2024-11-12 13:42:54,535 INFO  EvoClassLoader - Keeping class: org.apache.hadoop.thirdparty.protobuf.AbstractMessageLite
2024-11-12 13:42:54,535 INFO  EvoClassLoader - Keeping class: org.apache.hadoop.thirdparty.protobuf.AbstractMessage
2024-11-12 13:42:54,536 INFO  EvoClassLoader - Keeping class: org.apache.hadoop.thirdparty.protobuf.GeneratedMessageV3
2024-11-12 13:42:54,536 INFO  EvoClassLoader - Keeping class: org.apache.hadoop.hdfs.protocol.proto.NamenodeProtocolProtos$IsUpgradeFinalizedRequestProto
2024-11-12 13:42:54,536 INFO  EvoClassLoader - Seeing class for first time: org.apache.hadoop.thirdparty.protobuf.InvalidProtocolBufferException
2024-11-12 13:42:54,536 INFO  EvoClassLoader - Instrumenting class 'org.apache.hadoop.thirdparty.protobuf.InvalidProtocolBufferException'.
2024-11-12 13:42:54,537 INFO  MethodCallReplacementClassAdapter - Adding mock interface to class org/apache/hadoop/thirdparty/protobuf/InvalidProtocolBufferException
2024-11-12 13:42:54,537 INFO  CreateClassResetClassAdapter - Creating brand-new static initializer in class org/apache/hadoop/thirdparty/protobuf/InvalidProtocolBufferException
2024-11-12 13:42:54,538 INFO  EvoClassLoader - Keeping class: org.apache.hadoop.thirdparty.protobuf.InvalidProtocolBufferException
2024-11-12 13:42:54,538 INFO  EvoClassLoader - Seeing class for first time: org.apache.hadoop.thirdparty.protobuf.Internal$IntList
2024-11-12 13:42:54,538 INFO  EvoClassLoader - Instrumenting class 'org.apache.hadoop.thirdparty.protobuf.Internal$IntList'.
2024-11-12 13:42:54,538 INFO  EvoClassLoader - Seeing class for first time: org.apache.hadoop.thirdparty.protobuf.Internal$ProtobufList
2024-11-12 13:42:54,538 INFO  EvoClassLoader - Instrumenting class 'org.apache.hadoop.thirdparty.protobuf.Internal$ProtobufList'.
2024-11-12 13:42:54,539 INFO  EvoClassLoader - Keeping class: org.apache.hadoop.thirdparty.protobuf.Internal$ProtobufList
2024-11-12 13:42:54,539 INFO  EvoClassLoader - Keeping class: org.apache.hadoop.thirdparty.protobuf.Internal$IntList
2024-11-12 13:42:54,539 INFO  EvoClassLoader - Seeing class for first time: org.apache.hadoop.thirdparty.protobuf.Internal$LongList
2024-11-12 13:42:54,539 INFO  EvoClassLoader - Instrumenting class 'org.apache.hadoop.thirdparty.protobuf.Internal$LongList'.
2024-11-12 13:42:54,539 INFO  EvoClassLoader - Keeping class: org.apache.hadoop.thirdparty.protobuf.Internal$LongList
2024-11-12 13:42:54,540 INFO  EvoClassLoader - Seeing class for first time: org.apache.hadoop.thirdparty.protobuf.Reader
2024-11-12 13:42:54,540 INFO  EvoClassLoader - Instrumenting class 'org.apache.hadoop.thirdparty.protobuf.Reader'.
2024-11-12 13:42:54,540 INFO  EvoClassLoader - Keeping class: org.apache.hadoop.thirdparty.protobuf.Reader
2024-11-12 13:42:54,540 INFO  EvoClassLoader - Seeing class for first time: org.apache.hadoop.thirdparty.protobuf.Internal$FloatList
2024-11-12 13:42:54,540 INFO  EvoClassLoader - Instrumenting class 'org.apache.hadoop.thirdparty.protobuf.Internal$FloatList'.
2024-11-12 13:42:54,540 INFO  EvoClassLoader - Keeping class: org.apache.hadoop.thirdparty.protobuf.Internal$FloatList
2024-11-12 13:42:54,540 INFO  EvoClassLoader - Seeing class for first time: org.apache.hadoop.thirdparty.protobuf.Internal$DoubleList
2024-11-12 13:42:54,540 INFO  EvoClassLoader - Instrumenting class 'org.apache.hadoop.thirdparty.protobuf.Internal$DoubleList'.
2024-11-12 13:42:54,541 INFO  EvoClassLoader - Keeping class: org.apache.hadoop.thirdparty.protobuf.Internal$DoubleList
2024-11-12 13:42:54,541 INFO  EvoClassLoader - Seeing class for first time: org.apache.hadoop.thirdparty.protobuf.Internal$BooleanList
2024-11-12 13:42:54,541 INFO  EvoClassLoader - Instrumenting class 'org.apache.hadoop.thirdparty.protobuf.Internal$BooleanList'.
2024-11-12 13:42:54,541 INFO  EvoClassLoader - Keeping class: org.apache.hadoop.thirdparty.protobuf.Internal$BooleanList
2024-11-12 13:42:54,541 INFO  EvoClassLoader - Seeing class for first time: org.apache.hadoop.thirdparty.protobuf.GeneratedMessageV3$BuilderParent
2024-11-12 13:42:54,541 INFO  EvoClassLoader - Instrumenting class 'org.apache.hadoop.thirdparty.protobuf.GeneratedMessageV3$BuilderParent'.
2024-11-12 13:42:54,541 INFO  EvoClassLoader - Seeing class for first time: org.apache.hadoop.thirdparty.protobuf.AbstractMessage$BuilderParent
2024-11-12 13:42:54,541 INFO  EvoClassLoader - Instrumenting class 'org.apache.hadoop.thirdparty.protobuf.AbstractMessage$BuilderParent'.
2024-11-12 13:42:54,542 INFO  EvoClassLoader - Keeping class: org.apache.hadoop.thirdparty.protobuf.AbstractMessage$BuilderParent
2024-11-12 13:42:54,542 INFO  EvoClassLoader - Keeping class: org.apache.hadoop.thirdparty.protobuf.GeneratedMessageV3$BuilderParent
2024-11-12 13:42:54,542 INFO  EvoClassLoader - Seeing class for first time: org.apache.hadoop.thirdparty.protobuf.Message$Builder
2024-11-12 13:42:54,542 INFO  EvoClassLoader - Instrumenting class 'org.apache.hadoop.thirdparty.protobuf.Message$Builder'.
2024-11-12 13:42:54,542 INFO  EvoClassLoader - Seeing class for first time: org.apache.hadoop.thirdparty.protobuf.MessageLite$Builder
2024-11-12 13:42:54,542 INFO  EvoClassLoader - Instrumenting class 'org.apache.hadoop.thirdparty.protobuf.MessageLite$Builder'.
2024-11-12 13:42:54,542 INFO  EvoClassLoader - Keeping class: org.apache.hadoop.thirdparty.protobuf.MessageLite$Builder
2024-11-12 13:42:54,542 INFO  EvoClassLoader - Keeping class: org.apache.hadoop.thirdparty.protobuf.Message$Builder
2024-11-12 13:42:54,542 INFO  EvoClassLoader - Seeing class for first time: org.apache.hadoop.thirdparty.protobuf.Parser
2024-11-12 13:42:54,542 INFO  EvoClassLoader - Instrumenting class 'org.apache.hadoop.thirdparty.protobuf.Parser'.
2024-11-12 13:42:54,543 INFO  EvoClassLoader - Keeping class: org.apache.hadoop.thirdparty.protobuf.Parser
2024-11-12 13:42:54,543 INFO  EvoClassLoader - Seeing class for first time: org.apache.hadoop.thirdparty.protobuf.UnknownFieldSet
2024-11-12 13:42:54,543 INFO  EvoClassLoader - Instrumenting class 'org.apache.hadoop.thirdparty.protobuf.UnknownFieldSet'.
2024-11-12 13:42:54,543 INFO  MethodCallReplacementClassAdapter - Adding mock interface to class org/apache/hadoop/thirdparty/protobuf/UnknownFieldSet
2024-11-12 13:42:54,544 INFO  CreateClassResetClassAdapter - Found static initializer in class org/apache/hadoop/thirdparty/protobuf/UnknownFieldSet
2024-11-12 13:42:54,544 INFO  EvoClassLoader - Keeping class: org.apache.hadoop.thirdparty.protobuf.UnknownFieldSet
2024-11-12 13:42:54,544 INFO  EvoClassLoader - Seeing class for first time: org.apache.hadoop.thirdparty.protobuf.UnknownFieldSet$Parser
2024-11-12 13:42:54,544 INFO  EvoClassLoader - Instrumenting class 'org.apache.hadoop.thirdparty.protobuf.UnknownFieldSet$Parser'.
2024-11-12 13:42:54,544 INFO  MethodCallReplacementClassAdapter - Adding mock interface to class org/apache/hadoop/thirdparty/protobuf/UnknownFieldSet$Parser
2024-11-12 13:42:54,544 INFO  CreateClassResetClassAdapter - Creating brand-new static initializer in class org/apache/hadoop/thirdparty/protobuf/UnknownFieldSet$Parser
2024-11-12 13:42:54,545 INFO  EvoClassLoader - Seeing class for first time: org.apache.hadoop.thirdparty.protobuf.AbstractParser
2024-11-12 13:42:54,545 INFO  EvoClassLoader - Instrumenting class 'org.apache.hadoop.thirdparty.protobuf.AbstractParser'.
2024-11-12 13:42:54,545 INFO  MethodCallReplacementClassAdapter - Adding mock interface to class org/apache/hadoop/thirdparty/protobuf/AbstractParser
2024-11-12 13:42:54,545 INFO  CreateClassResetClassAdapter - Found static initializer in class org/apache/hadoop/thirdparty/protobuf/AbstractParser
2024-11-12 13:42:54,545 INFO  EvoClassLoader - Keeping class: org.apache.hadoop.thirdparty.protobuf.AbstractParser
2024-11-12 13:42:54,545 INFO  EvoClassLoader - Keeping class: org.apache.hadoop.thirdparty.protobuf.UnknownFieldSet$Parser
2024-11-12 13:42:54,545 INFO  EvoClassLoader - Seeing class for first time: org.apache.hadoop.thirdparty.protobuf.AbstractMessageLite$Builder$LimitedInputStream
2024-11-12 13:42:54,545 INFO  EvoClassLoader - Instrumenting class 'org.apache.hadoop.thirdparty.protobuf.AbstractMessageLite$Builder$LimitedInputStream'.
2024-11-12 13:42:54,546 INFO  MethodCallReplacementClassAdapter - Adding mock interface to class org/apache/hadoop/thirdparty/protobuf/AbstractMessageLite$Builder$LimitedInputStream
2024-11-12 13:42:54,546 INFO  CreateClassResetClassAdapter - Creating brand-new static initializer in class org/apache/hadoop/thirdparty/protobuf/AbstractMessageLite$Builder$LimitedInputStream
2024-11-12 13:42:54,546 INFO  EvoClassLoader - Keeping class: org.apache.hadoop.thirdparty.protobuf.AbstractMessageLite$Builder$LimitedInputStream
2024-11-12 13:42:54,546 INFO  EvoClassLoader - Seeing class for first time: org.apache.hadoop.thirdparty.protobuf.ExtensionRegistryFactory
2024-11-12 13:42:54,546 INFO  EvoClassLoader - Instrumenting class 'org.apache.hadoop.thirdparty.protobuf.ExtensionRegistryFactory'.
2024-11-12 13:42:54,546 INFO  MethodCallReplacementClassAdapter - Adding mock interface to class org/apache/hadoop/thirdparty/protobuf/ExtensionRegistryFactory
2024-11-12 13:42:54,546 INFO  CreateClassResetClassAdapter - Found static initializer in class org/apache/hadoop/thirdparty/protobuf/ExtensionRegistryFactory
2024-11-12 13:42:54,546 INFO  EvoClassLoader - Keeping class: org.apache.hadoop.thirdparty.protobuf.ExtensionRegistryFactory
2024-11-12 13:42:54,547 INFO  EvoClassLoader - Seeing class for first time: org.apache.hadoop.thirdparty.protobuf.Extension
2024-11-12 13:42:54,547 INFO  EvoClassLoader - Instrumenting class 'org.apache.hadoop.thirdparty.protobuf.Extension'.
2024-11-12 13:42:54,547 INFO  MethodCallReplacementClassAdapter - Adding mock interface to class org/apache/hadoop/thirdparty/protobuf/Extension
2024-11-12 13:42:54,547 INFO  CreateClassResetClassAdapter - Creating brand-new static initializer in class org/apache/hadoop/thirdparty/protobuf/Extension
2024-11-12 13:42:54,547 INFO  EvoClassLoader - Seeing class for first time: org.apache.hadoop.thirdparty.protobuf.ExtensionLite
2024-11-12 13:42:54,547 INFO  EvoClassLoader - Instrumenting class 'org.apache.hadoop.thirdparty.protobuf.ExtensionLite'.
2024-11-12 13:42:54,547 INFO  MethodCallReplacementClassAdapter - Adding mock interface to class org/apache/hadoop/thirdparty/protobuf/ExtensionLite
2024-11-12 13:42:54,547 INFO  CreateClassResetClassAdapter - Creating brand-new static initializer in class org/apache/hadoop/thirdparty/protobuf/ExtensionLite
2024-11-12 13:42:54,547 INFO  EvoClassLoader - Keeping class: org.apache.hadoop.thirdparty.protobuf.ExtensionLite
2024-11-12 13:42:54,547 INFO  EvoClassLoader - Keeping class: org.apache.hadoop.thirdparty.protobuf.Extension
2024-11-12 13:42:54,547 INFO  EvoClassLoader - Seeing class for first time: org.apache.hadoop.thirdparty.protobuf.GeneratedMessage$GeneratedExtension
2024-11-12 13:42:54,547 INFO  EvoClassLoader - Instrumenting class 'org.apache.hadoop.thirdparty.protobuf.GeneratedMessage$GeneratedExtension'.
2024-11-12 13:42:54,548 INFO  MethodCallReplacementClassAdapter - Adding mock interface to class org/apache/hadoop/thirdparty/protobuf/GeneratedMessage$GeneratedExtension
2024-11-12 13:42:54,548 INFO  CreateClassResetClassAdapter - Creating brand-new static initializer in class org/apache/hadoop/thirdparty/protobuf/GeneratedMessage$GeneratedExtension
2024-11-12 13:42:54,549 INFO  EvoClassLoader - Keeping class: org.apache.hadoop.thirdparty.protobuf.GeneratedMessage$GeneratedExtension
2024-11-12 13:42:54,549 INFO  EvoClassLoader - Seeing class for first time: org.apache.hadoop.thirdparty.protobuf.ExtensionRegistry$ExtensionInfo
2024-11-12 13:42:54,549 INFO  EvoClassLoader - Instrumenting class 'org.apache.hadoop.thirdparty.protobuf.ExtensionRegistry$ExtensionInfo'.
2024-11-12 13:42:54,549 INFO  MethodCallReplacementClassAdapter - Adding mock interface to class org/apache/hadoop/thirdparty/protobuf/ExtensionRegistry$ExtensionInfo
2024-11-12 13:42:54,549 INFO  CreateClassResetClassAdapter - Creating brand-new static initializer in class org/apache/hadoop/thirdparty/protobuf/ExtensionRegistry$ExtensionInfo
2024-11-12 13:42:54,549 INFO  EvoClassLoader - Keeping class: org.apache.hadoop.thirdparty.protobuf.ExtensionRegistry$ExtensionInfo
2024-11-12 13:42:54,549 INFO  EvoClassLoader - Seeing class for first time: org.apache.hadoop.thirdparty.protobuf.Descriptors$Descriptor
2024-11-12 13:42:54,549 INFO  EvoClassLoader - Instrumenting class 'org.apache.hadoop.thirdparty.protobuf.Descriptors$Descriptor'.
2024-11-12 13:42:54,550 INFO  MethodCallReplacementClassAdapter - Adding mock interface to class org/apache/hadoop/thirdparty/protobuf/Descriptors$Descriptor
2024-11-12 13:42:54,550 INFO  CreateClassResetClassAdapter - Creating brand-new static initializer in class org/apache/hadoop/thirdparty/protobuf/Descriptors$Descriptor
2024-11-12 13:42:54,551 INFO  EvoClassLoader - Seeing class for first time: org.apache.hadoop.thirdparty.protobuf.Descriptors$GenericDescriptor
2024-11-12 13:42:54,551 INFO  EvoClassLoader - Instrumenting class 'org.apache.hadoop.thirdparty.protobuf.Descriptors$GenericDescriptor'.
2024-11-12 13:42:54,551 INFO  MethodCallReplacementClassAdapter - Adding mock interface to class org/apache/hadoop/thirdparty/protobuf/Descriptors$GenericDescriptor
2024-11-12 13:42:54,551 INFO  CreateClassResetClassAdapter - Creating brand-new static initializer in class org/apache/hadoop/thirdparty/protobuf/Descriptors$GenericDescriptor
2024-11-12 13:42:54,551 INFO  EvoClassLoader - Keeping class: org.apache.hadoop.thirdparty.protobuf.Descriptors$GenericDescriptor
2024-11-12 13:42:54,551 INFO  EvoClassLoader - Keeping class: org.apache.hadoop.thirdparty.protobuf.Descriptors$Descriptor
2024-11-12 13:42:54,551 INFO  EvoClassLoader - Seeing class for first time: org.apache.hadoop.thirdparty.protobuf.Extension$ExtensionType
2024-11-12 13:42:54,551 INFO  EvoClassLoader - Instrumenting class 'org.apache.hadoop.thirdparty.protobuf.Extension$ExtensionType'.
2024-11-12 13:42:54,552 INFO  MethodCallReplacementClassAdapter - Adding mock interface to class org/apache/hadoop/thirdparty/protobuf/Extension$ExtensionType
2024-11-12 13:42:54,552 INFO  CreateClassResetClassAdapter - Found static initializer in class org/apache/hadoop/thirdparty/protobuf/Extension$ExtensionType
2024-11-12 13:42:54,553 INFO  EvoClassLoader - Keeping class: org.apache.hadoop.thirdparty.protobuf.Extension$ExtensionType
2024-11-12 13:42:54,553 INFO  EvoClassLoader - Seeing class for first time: org.apache.hadoop.thirdparty.protobuf.Descriptors$FieldDescriptor
2024-11-12 13:42:54,553 INFO  EvoClassLoader - Instrumenting class 'org.apache.hadoop.thirdparty.protobuf.Descriptors$FieldDescriptor'.
2024-11-12 13:42:54,553 INFO  MethodCallReplacementClassAdapter - Adding mock interface to class org/apache/hadoop/thirdparty/protobuf/Descriptors$FieldDescriptor
2024-11-12 13:42:54,555 INFO  CreateClassResetClassAdapter - Found static initializer in class org/apache/hadoop/thirdparty/protobuf/Descriptors$FieldDescriptor
2024-11-12 13:42:54,556 INFO  EvoClassLoader - Seeing class for first time: org.apache.hadoop.thirdparty.protobuf.FieldSet$FieldDescriptorLite
2024-11-12 13:42:54,556 INFO  EvoClassLoader - Instrumenting class 'org.apache.hadoop.thirdparty.protobuf.FieldSet$FieldDescriptorLite'.
2024-11-12 13:42:54,557 INFO  EvoClassLoader - Keeping class: org.apache.hadoop.thirdparty.protobuf.FieldSet$FieldDescriptorLite
2024-11-12 13:42:54,557 INFO  EvoClassLoader - Keeping class: org.apache.hadoop.thirdparty.protobuf.Descriptors$FieldDescriptor
2024-11-12 13:42:54,557 INFO  EvoClassLoader - Seeing class for first time: org.apache.hadoop.hdfs.protocol.proto.NamenodeProtocolProtos$IsUpgradeFinalizedRequestProto$1
2024-11-12 13:42:54,557 INFO  EvoClassLoader - Instrumenting class 'org.apache.hadoop.hdfs.protocol.proto.NamenodeProtocolProtos$IsUpgradeFinalizedRequestProto$1'.
2024-11-12 13:42:54,557 INFO  MethodCallReplacementClassAdapter - Adding mock interface to class org/apache/hadoop/hdfs/protocol/proto/NamenodeProtocolProtos$IsUpgradeFinalizedRequestProto$1
2024-11-12 13:42:54,558 INFO  EvoClassLoader - Keeping class: org.apache.hadoop.hdfs.protocol.proto.NamenodeProtocolProtos$IsUpgradeFinalizedRequestProto$1
2024-11-12 13:42:54,558 INFO  EvoClassLoader - Seeing class for first time: org.apache.hadoop.thirdparty.protobuf.UninitializedMessageException
2024-11-12 13:42:54,558 INFO  EvoClassLoader - Instrumenting class 'org.apache.hadoop.thirdparty.protobuf.UninitializedMessageException'.
2024-11-12 13:42:54,558 INFO  MethodCallReplacementClassAdapter - Adding mock interface to class org/apache/hadoop/thirdparty/protobuf/UninitializedMessageException
2024-11-12 13:42:54,558 INFO  CreateClassResetClassAdapter - Creating brand-new static initializer in class org/apache/hadoop/thirdparty/protobuf/UninitializedMessageException
2024-11-12 13:42:54,559 INFO  EvoClassLoader - Keeping class: org.apache.hadoop.thirdparty.protobuf.UninitializedMessageException
2024-11-12 13:42:54,559 INFO  EvoClassLoader - Seeing class for first time: org.apache.hadoop.hdfs.protocol.proto.NamenodeProtocolProtos$ErrorReportResponseProtoOrBuilder
2024-11-12 13:42:54,559 INFO  EvoClassLoader - Instrumenting class 'org.apache.hadoop.hdfs.protocol.proto.NamenodeProtocolProtos$ErrorReportResponseProtoOrBuilder'.
2024-11-12 13:42:54,559 INFO  EvoClassLoader - Keeping class: org.apache.hadoop.hdfs.protocol.proto.NamenodeProtocolProtos$ErrorReportResponseProtoOrBuilder
2024-11-12 13:42:54,559 INFO  EvoClassLoader - Seeing class for first time: org.apache.hadoop.thirdparty.protobuf.Writer
2024-11-12 13:42:54,559 INFO  EvoClassLoader - Instrumenting class 'org.apache.hadoop.thirdparty.protobuf.Writer'.
2024-11-12 13:42:54,561 INFO  EvoClassLoader - Keeping class: org.apache.hadoop.thirdparty.protobuf.Writer
2024-11-12 13:42:54,561 INFO  EvoClassLoader - Seeing class for first time: org.apache.hadoop.thirdparty.protobuf.TextFormatEscaper
2024-11-12 13:42:54,561 INFO  EvoClassLoader - Instrumenting class 'org.apache.hadoop.thirdparty.protobuf.TextFormatEscaper'.
2024-11-12 13:42:54,561 INFO  MethodCallReplacementClassAdapter - Adding mock interface to class org/apache/hadoop/thirdparty/protobuf/TextFormatEscaper
2024-11-12 13:42:54,561 INFO  CreateClassResetClassAdapter - Creating brand-new static initializer in class org/apache/hadoop/thirdparty/protobuf/TextFormatEscaper
2024-11-12 13:42:54,562 INFO  EvoClassLoader - Keeping class: org.apache.hadoop.thirdparty.protobuf.TextFormatEscaper
2024-11-12 13:42:54,562 INFO  EvoClassLoader - Seeing class for first time: org.apache.hadoop.thirdparty.protobuf.TextFormatEscaper$ByteSequence
2024-11-12 13:42:54,562 INFO  EvoClassLoader - Instrumenting class 'org.apache.hadoop.thirdparty.protobuf.TextFormatEscaper$ByteSequence'.
2024-11-12 13:42:54,562 INFO  EvoClassLoader - Keeping class: org.apache.hadoop.thirdparty.protobuf.TextFormatEscaper$ByteSequence
2024-11-12 13:42:54,562 INFO  EvoClassLoader - Seeing class for first time: org.apache.hadoop.hdfs.protocol.proto.NamenodeProtocolProtos$GetNextSPSPathRequestProto
2024-11-12 13:42:54,562 INFO  EvoClassLoader - Instrumenting class 'org.apache.hadoop.hdfs.protocol.proto.NamenodeProtocolProtos$GetNextSPSPathRequestProto'.
2024-11-12 13:42:54,563 INFO  MethodCallReplacementClassAdapter - Adding mock interface to class org/apache/hadoop/hdfs/protocol/proto/NamenodeProtocolProtos$GetNextSPSPathRequestProto
2024-11-12 13:42:54,563 INFO  CreateClassResetClassAdapter - Found static initializer in class org/apache/hadoop/hdfs/protocol/proto/NamenodeProtocolProtos$GetNextSPSPathRequestProto
2024-11-12 13:42:54,564 INFO  EvoClassLoader - Seeing class for first time: org.apache.hadoop.hdfs.protocol.proto.NamenodeProtocolProtos$GetNextSPSPathRequestProtoOrBuilder
2024-11-12 13:42:54,564 INFO  EvoClassLoader - Instrumenting class 'org.apache.hadoop.hdfs.protocol.proto.NamenodeProtocolProtos$GetNextSPSPathRequestProtoOrBuilder'.
2024-11-12 13:42:54,564 INFO  EvoClassLoader - Keeping class: org.apache.hadoop.hdfs.protocol.proto.NamenodeProtocolProtos$GetNextSPSPathRequestProtoOrBuilder
2024-11-12 13:42:54,564 INFO  EvoClassLoader - Keeping class: org.apache.hadoop.hdfs.protocol.proto.NamenodeProtocolProtos$GetNextSPSPathRequestProto
2024-11-12 13:42:54,564 INFO  EvoClassLoader - Seeing class for first time: org.apache.hadoop.hdfs.protocol.proto.NamenodeProtocolProtos$GetNextSPSPathRequestProto$1
2024-11-12 13:42:54,564 INFO  EvoClassLoader - Instrumenting class 'org.apache.hadoop.hdfs.protocol.proto.NamenodeProtocolProtos$GetNextSPSPathRequestProto$1'.
2024-11-12 13:42:54,564 INFO  MethodCallReplacementClassAdapter - Adding mock interface to class org/apache/hadoop/hdfs/protocol/proto/NamenodeProtocolProtos$GetNextSPSPathRequestProto$1
2024-11-12 13:42:54,565 INFO  EvoClassLoader - Keeping class: org.apache.hadoop.hdfs.protocol.proto.NamenodeProtocolProtos$GetNextSPSPathRequestProto$1
2024-11-12 13:42:54,565 INFO  EvoClassLoader - Seeing class for first time: org.apache.hadoop.hdfs.protocol.proto.NamenodeProtocolProtos$GetTransactionIdRequestProto
2024-11-12 13:42:54,565 INFO  EvoClassLoader - Instrumenting class 'org.apache.hadoop.hdfs.protocol.proto.NamenodeProtocolProtos$GetTransactionIdRequestProto'.
2024-11-12 13:42:54,565 INFO  MethodCallReplacementClassAdapter - Adding mock interface to class org/apache/hadoop/hdfs/protocol/proto/NamenodeProtocolProtos$GetTransactionIdRequestProto
2024-11-12 13:42:54,565 INFO  CreateClassResetClassAdapter - Found static initializer in class org/apache/hadoop/hdfs/protocol/proto/NamenodeProtocolProtos$GetTransactionIdRequestProto
2024-11-12 13:42:54,565 INFO  EvoClassLoader - Seeing class for first time: org.apache.hadoop.hdfs.protocol.proto.NamenodeProtocolProtos$GetTransactionIdRequestProtoOrBuilder
2024-11-12 13:42:54,565 INFO  EvoClassLoader - Instrumenting class 'org.apache.hadoop.hdfs.protocol.proto.NamenodeProtocolProtos$GetTransactionIdRequestProtoOrBuilder'.
2024-11-12 13:42:54,566 INFO  EvoClassLoader - Keeping class: org.apache.hadoop.hdfs.protocol.proto.NamenodeProtocolProtos$GetTransactionIdRequestProtoOrBuilder
2024-11-12 13:42:54,566 INFO  EvoClassLoader - Keeping class: org.apache.hadoop.hdfs.protocol.proto.NamenodeProtocolProtos$GetTransactionIdRequestProto
2024-11-12 13:42:54,566 INFO  EvoClassLoader - Seeing class for first time: org.apache.hadoop.hdfs.protocol.proto.NamenodeProtocolProtos$GetTransactionIdRequestProto$1
2024-11-12 13:42:54,566 INFO  EvoClassLoader - Instrumenting class 'org.apache.hadoop.hdfs.protocol.proto.NamenodeProtocolProtos$GetTransactionIdRequestProto$1'.
2024-11-12 13:42:54,566 INFO  MethodCallReplacementClassAdapter - Adding mock interface to class org/apache/hadoop/hdfs/protocol/proto/NamenodeProtocolProtos$GetTransactionIdRequestProto$1
2024-11-12 13:42:54,566 INFO  EvoClassLoader - Keeping class: org.apache.hadoop.hdfs.protocol.proto.NamenodeProtocolProtos$GetTransactionIdRequestProto$1
2024-11-12 13:42:54,566 INFO  EvoClassLoader - Seeing class for first time: org.apache.hadoop.thirdparty.protobuf.TypeRegistry
2024-11-12 13:42:54,566 INFO  EvoClassLoader - Instrumenting class 'org.apache.hadoop.thirdparty.protobuf.TypeRegistry'.
2024-11-12 13:42:54,567 INFO  MethodCallReplacementClassAdapter - Adding mock interface to class org/apache/hadoop/thirdparty/protobuf/TypeRegistry
2024-11-12 13:42:54,567 INFO  CreateClassResetClassAdapter - Found static initializer in class org/apache/hadoop/thirdparty/protobuf/TypeRegistry
2024-11-12 13:42:54,567 INFO  EvoClassLoader - Keeping class: org.apache.hadoop.thirdparty.protobuf.TypeRegistry
2024-11-12 13:42:54,567 INFO  EvoClassLoader - Seeing class for first time: org.apache.hadoop.thirdparty.protobuf.MapEntry
2024-11-12 13:42:54,567 INFO  EvoClassLoader - Instrumenting class 'org.apache.hadoop.thirdparty.protobuf.MapEntry'.
2024-11-12 13:42:54,567 INFO  MethodCallReplacementClassAdapter - Adding mock interface to class org/apache/hadoop/thirdparty/protobuf/MapEntry
2024-11-12 13:42:54,568 INFO  CreateClassResetClassAdapter - Creating brand-new static initializer in class org/apache/hadoop/thirdparty/protobuf/MapEntry
2024-11-12 13:42:54,569 INFO  EvoClassLoader - Keeping class: org.apache.hadoop.thirdparty.protobuf.MapEntry
2024-11-12 13:42:54,569 INFO  EvoClassLoader - Seeing class for first time: org.apache.hadoop.thirdparty.protobuf.MapEntryLite$Metadata
2024-11-12 13:42:54,569 INFO  EvoClassLoader - Instrumenting class 'org.apache.hadoop.thirdparty.protobuf.MapEntryLite$Metadata'.
2024-11-12 13:42:54,569 INFO  MethodCallReplacementClassAdapter - Adding mock interface to class org/apache/hadoop/thirdparty/protobuf/MapEntryLite$Metadata
2024-11-12 13:42:54,569 INFO  CreateClassResetClassAdapter - Creating brand-new static initializer in class org/apache/hadoop/thirdparty/protobuf/MapEntryLite$Metadata
2024-11-12 13:42:54,569 INFO  EvoClassLoader - Keeping class: org.apache.hadoop.thirdparty.protobuf.MapEntryLite$Metadata
2024-11-12 13:42:54,569 INFO  EvoClassLoader - Seeing class for first time: org.apache.hadoop.thirdparty.protobuf.MapEntry$Metadata
2024-11-12 13:42:54,569 INFO  EvoClassLoader - Instrumenting class 'org.apache.hadoop.thirdparty.protobuf.MapEntry$Metadata'.
2024-11-12 13:42:54,569 INFO  MethodCallReplacementClassAdapter - Adding mock interface to class org/apache/hadoop/thirdparty/protobuf/MapEntry$Metadata
2024-11-12 13:42:54,569 INFO  CreateClassResetClassAdapter - Creating brand-new static initializer in class org/apache/hadoop/thirdparty/protobuf/MapEntry$Metadata
2024-11-12 13:42:54,569 INFO  EvoClassLoader - Keeping class: org.apache.hadoop.thirdparty.protobuf.MapEntry$Metadata
2024-11-12 13:42:54,569 INFO  EvoClassLoader - Seeing class for first time: org.apache.hadoop.thirdparty.protobuf.DescriptorProtos$FileOptions$OptimizeMode$1
2024-11-12 13:42:54,569 INFO  EvoClassLoader - Instrumenting class 'org.apache.hadoop.thirdparty.protobuf.DescriptorProtos$FileOptions$OptimizeMode$1'.
2024-11-12 13:42:54,570 INFO  MethodCallReplacementClassAdapter - Adding mock interface to class org/apache/hadoop/thirdparty/protobuf/DescriptorProtos$FileOptions$OptimizeMode$1
2024-11-12 13:42:54,570 INFO  EvoClassLoader - Seeing class for first time: org.apache.hadoop.thirdparty.protobuf.Internal$EnumLiteMap
2024-11-12 13:42:54,570 INFO  EvoClassLoader - Instrumenting class 'org.apache.hadoop.thirdparty.protobuf.Internal$EnumLiteMap'.
2024-11-12 13:42:54,570 INFO  EvoClassLoader - Keeping class: org.apache.hadoop.thirdparty.protobuf.Internal$EnumLiteMap
2024-11-12 13:42:54,570 INFO  EvoClassLoader - Keeping class: org.apache.hadoop.thirdparty.protobuf.DescriptorProtos$FileOptions$OptimizeMode$1
2024-11-12 13:42:54,570 INFO  EvoClassLoader - Seeing class for first time: org.apache.hadoop.thirdparty.protobuf.Internal$EnumLite
2024-11-12 13:42:54,570 INFO  EvoClassLoader - Instrumenting class 'org.apache.hadoop.thirdparty.protobuf.Internal$EnumLite'.
2024-11-12 13:42:54,570 INFO  EvoClassLoader - Keeping class: org.apache.hadoop.thirdparty.protobuf.Internal$EnumLite
2024-11-12 13:42:54,570 INFO  EvoClassLoader - Seeing class for first time: org.apache.hadoop.thirdparty.protobuf.GeneratedMessage$ExtensionDescriptorRetriever
2024-11-12 13:42:54,570 INFO  EvoClassLoader - Instrumenting class 'org.apache.hadoop.thirdparty.protobuf.GeneratedMessage$ExtensionDescriptorRetriever'.
2024-11-12 13:42:54,570 INFO  EvoClassLoader - Keeping class: org.apache.hadoop.thirdparty.protobuf.GeneratedMessage$ExtensionDescriptorRetriever
2024-11-12 13:42:54,570 INFO  EvoClassLoader - Seeing class for first time: org.apache.hadoop.fs.ByteBufferPositionedReadable
2024-11-12 13:42:54,570 INFO  EvoClassLoader - Instrumenting class 'org.apache.hadoop.fs.ByteBufferPositionedReadable'.
2024-11-12 13:42:54,571 INFO  EvoClassLoader - Keeping class: org.apache.hadoop.fs.ByteBufferPositionedReadable
2024-11-12 13:42:54,571 INFO  EvoClassLoader - Seeing class for first time: org.apache.hadoop.hdfs.protocol.proto.HdfsServerProtos$NamenodeCommandProtoOrBuilder
2024-11-12 13:42:54,571 INFO  EvoClassLoader - Instrumenting class 'org.apache.hadoop.hdfs.protocol.proto.HdfsServerProtos$NamenodeCommandProtoOrBuilder'.
2024-11-12 13:42:54,571 INFO  EvoClassLoader - Keeping class: org.apache.hadoop.hdfs.protocol.proto.HdfsServerProtos$NamenodeCommandProtoOrBuilder
2024-11-12 13:42:54,571 INFO  EvoClassLoader - Seeing class for first time: org.apache.hadoop.thirdparty.protobuf.CodedInputStream
2024-11-12 13:42:54,571 INFO  EvoClassLoader - Instrumenting class 'org.apache.hadoop.thirdparty.protobuf.CodedInputStream'.
2024-11-12 13:42:54,571 INFO  MethodCallReplacementClassAdapter - Adding mock interface to class org/apache/hadoop/thirdparty/protobuf/CodedInputStream
2024-11-12 13:42:54,572 INFO  CreateClassResetClassAdapter - Found static initializer in class org/apache/hadoop/thirdparty/protobuf/CodedInputStream
2024-11-12 13:42:54,572 INFO  EvoClassLoader - Keeping class: org.apache.hadoop.thirdparty.protobuf.CodedInputStream
2024-11-12 13:42:54,572 INFO  EvoClassLoader - Seeing class for first time: org.apache.hadoop.thirdparty.protobuf.IterableByteBufferInputStream
2024-11-12 13:42:54,572 INFO  EvoClassLoader - Instrumenting class 'org.apache.hadoop.thirdparty.protobuf.IterableByteBufferInputStream'.
2024-11-12 13:42:54,573 INFO  MethodCallReplacementClassAdapter - Adding mock interface to class org/apache/hadoop/thirdparty/protobuf/IterableByteBufferInputStream
2024-11-12 13:42:54,573 INFO  CreateClassResetClassAdapter - Creating brand-new static initializer in class org/apache/hadoop/thirdparty/protobuf/IterableByteBufferInputStream
2024-11-12 13:42:54,573 INFO  EvoClassLoader - Keeping class: org.apache.hadoop.thirdparty.protobuf.IterableByteBufferInputStream
2024-11-12 13:42:54,573 INFO  EvoClassLoader - Seeing class for first time: org.apache.hadoop.thirdparty.protobuf.CodedInputStream$IterableDirectByteBufferDecoder
2024-11-12 13:42:54,573 INFO  EvoClassLoader - Instrumenting class 'org.apache.hadoop.thirdparty.protobuf.CodedInputStream$IterableDirectByteBufferDecoder'.
2024-11-12 13:42:54,574 INFO  MethodCallReplacementClassAdapter - Adding mock interface to class org/apache/hadoop/thirdparty/protobuf/CodedInputStream$IterableDirectByteBufferDecoder
2024-11-12 13:42:54,575 INFO  CreateClassResetClassAdapter - Creating brand-new static initializer in class org/apache/hadoop/thirdparty/protobuf/CodedInputStream$IterableDirectByteBufferDecoder
2024-11-12 13:42:54,575 INFO  EvoClassLoader - Keeping class: org.apache.hadoop.thirdparty.protobuf.CodedInputStream$IterableDirectByteBufferDecoder
2024-11-12 13:42:54,575 INFO  EvoClassLoader - Seeing class for first time: org.apache.hadoop.thirdparty.protobuf.CodedInputStream$StreamDecoder
2024-11-12 13:42:54,575 INFO  EvoClassLoader - Instrumenting class 'org.apache.hadoop.thirdparty.protobuf.CodedInputStream$StreamDecoder'.
2024-11-12 13:42:54,576 INFO  MethodCallReplacementClassAdapter - Adding mock interface to class org/apache/hadoop/thirdparty/protobuf/CodedInputStream$StreamDecoder
2024-11-12 13:42:54,577 INFO  CreateClassResetClassAdapter - Creating brand-new static initializer in class org/apache/hadoop/thirdparty/protobuf/CodedInputStream$StreamDecoder
2024-11-12 13:42:54,578 INFO  EvoClassLoader - Keeping class: org.apache.hadoop.thirdparty.protobuf.CodedInputStream$StreamDecoder
2024-11-12 13:42:54,578 INFO  EvoClassLoader - Seeing class for first time: org.apache.hadoop.thirdparty.protobuf.CodedInputStream$UnsafeDirectNioDecoder
2024-11-12 13:42:54,578 INFO  EvoClassLoader - Instrumenting class 'org.apache.hadoop.thirdparty.protobuf.CodedInputStream$UnsafeDirectNioDecoder'.
2024-11-12 13:42:54,578 INFO  MethodCallReplacementClassAdapter - Adding mock interface to class org/apache/hadoop/thirdparty/protobuf/CodedInputStream$UnsafeDirectNioDecoder
2024-11-12 13:42:54,579 INFO  CreateClassResetClassAdapter - Creating brand-new static initializer in class org/apache/hadoop/thirdparty/protobuf/CodedInputStream$UnsafeDirectNioDecoder
2024-11-12 13:42:54,579 INFO  EvoClassLoader - Keeping class: org.apache.hadoop.thirdparty.protobuf.CodedInputStream$UnsafeDirectNioDecoder
2024-11-12 13:42:54,579 INFO  EvoClassLoader - Seeing class for first time: org.apache.hadoop.thirdparty.protobuf.CodedInputStream$ArrayDecoder
2024-11-12 13:42:54,579 INFO  EvoClassLoader - Instrumenting class 'org.apache.hadoop.thirdparty.protobuf.CodedInputStream$ArrayDecoder'.
2024-11-12 13:42:54,580 INFO  MethodCallReplacementClassAdapter - Adding mock interface to class org/apache/hadoop/thirdparty/protobuf/CodedInputStream$ArrayDecoder
2024-11-12 13:42:54,580 INFO  CreateClassResetClassAdapter - Creating brand-new static initializer in class org/apache/hadoop/thirdparty/protobuf/CodedInputStream$ArrayDecoder
2024-11-12 13:42:54,580 INFO  EvoClassLoader - Keeping class: org.apache.hadoop.thirdparty.protobuf.CodedInputStream$ArrayDecoder
2024-11-12 13:42:54,581 INFO  EvoClassLoader - Seeing class for first time: org.apache.hadoop.thirdparty.protobuf.DescriptorProtos$FileOptions
2024-11-12 13:42:54,581 INFO  EvoClassLoader - Instrumenting class 'org.apache.hadoop.thirdparty.protobuf.DescriptorProtos$FileOptions'.
2024-11-12 13:42:54,581 INFO  MethodCallReplacementClassAdapter - Adding mock interface to class org/apache/hadoop/thirdparty/protobuf/DescriptorProtos$FileOptions
2024-11-12 13:42:54,583 INFO  CreateClassResetClassAdapter - Found static initializer in class org/apache/hadoop/thirdparty/protobuf/DescriptorProtos$FileOptions
2024-11-12 13:42:54,584 INFO  EvoClassLoader - Seeing class for first time: org.apache.hadoop.thirdparty.protobuf.DescriptorProtos$FileOptionsOrBuilder
2024-11-12 13:42:54,584 INFO  EvoClassLoader - Instrumenting class 'org.apache.hadoop.thirdparty.protobuf.DescriptorProtos$FileOptionsOrBuilder'.
2024-11-12 13:42:54,584 INFO  EvoClassLoader - Seeing class for first time: org.apache.hadoop.thirdparty.protobuf.GeneratedMessageV3$ExtendableMessageOrBuilder
2024-11-12 13:42:54,584 INFO  EvoClassLoader - Instrumenting class 'org.apache.hadoop.thirdparty.protobuf.GeneratedMessageV3$ExtendableMessageOrBuilder'.
2024-11-12 13:42:54,585 INFO  EvoClassLoader - Keeping class: org.apache.hadoop.thirdparty.protobuf.GeneratedMessageV3$ExtendableMessageOrBuilder
2024-11-12 13:42:54,585 INFO  EvoClassLoader - Keeping class: org.apache.hadoop.thirdparty.protobuf.DescriptorProtos$FileOptionsOrBuilder
2024-11-12 13:42:54,585 INFO  EvoClassLoader - Seeing class for first time: org.apache.hadoop.thirdparty.protobuf.GeneratedMessageV3$ExtendableMessage
2024-11-12 13:42:54,585 INFO  EvoClassLoader - Instrumenting class 'org.apache.hadoop.thirdparty.protobuf.GeneratedMessageV3$ExtendableMessage'.
2024-11-12 13:42:54,585 INFO  MethodCallReplacementClassAdapter - Adding mock interface to class org/apache/hadoop/thirdparty/protobuf/GeneratedMessageV3$ExtendableMessage
2024-11-12 13:42:54,586 INFO  CreateClassResetClassAdapter - Creating brand-new static initializer in class org/apache/hadoop/thirdparty/protobuf/GeneratedMessageV3$ExtendableMessage
2024-11-12 13:42:54,586 INFO  EvoClassLoader - Keeping class: org.apache.hadoop.thirdparty.protobuf.GeneratedMessageV3$ExtendableMessage
2024-11-12 13:42:54,586 INFO  EvoClassLoader - Keeping class: org.apache.hadoop.thirdparty.protobuf.DescriptorProtos$FileOptions
2024-11-12 13:42:54,586 INFO  EvoClassLoader - Seeing class for first time: org.apache.hadoop.thirdparty.protobuf.MessageReflection$MergeTarget
2024-11-12 13:42:54,586 INFO  EvoClassLoader - Instrumenting class 'org.apache.hadoop.thirdparty.protobuf.MessageReflection$MergeTarget'.
2024-11-12 13:42:54,587 INFO  EvoClassLoader - Keeping class: org.apache.hadoop.thirdparty.protobuf.MessageReflection$MergeTarget
2024-11-12 13:42:54,587 INFO  EvoClassLoader - Seeing class for first time: org.apache.hadoop.thirdparty.protobuf.GeneratedMessageV3$Builder
2024-11-12 13:42:54,587 INFO  EvoClassLoader - Instrumenting class 'org.apache.hadoop.thirdparty.protobuf.GeneratedMessageV3$Builder'.
2024-11-12 13:42:54,587 INFO  MethodCallReplacementClassAdapter - Adding mock interface to class org/apache/hadoop/thirdparty/protobuf/GeneratedMessageV3$Builder
2024-11-12 13:42:54,588 INFO  CreateClassResetClassAdapter - Creating brand-new static initializer in class org/apache/hadoop/thirdparty/protobuf/GeneratedMessageV3$Builder
2024-11-12 13:42:54,588 INFO  EvoClassLoader - Seeing class for first time: org.apache.hadoop.thirdparty.protobuf.AbstractMessage$Builder
2024-11-12 13:42:54,588 INFO  EvoClassLoader - Instrumenting class 'org.apache.hadoop.thirdparty.protobuf.AbstractMessage$Builder'.
2024-11-12 13:42:54,589 INFO  MethodCallReplacementClassAdapter - Adding mock interface to class org/apache/hadoop/thirdparty/protobuf/AbstractMessage$Builder
2024-11-12 13:42:54,589 INFO  CreateClassResetClassAdapter - Creating brand-new static initializer in class org/apache/hadoop/thirdparty/protobuf/AbstractMessage$Builder
2024-11-12 13:42:54,590 INFO  EvoClassLoader - Seeing class for first time: org.apache.hadoop.thirdparty.protobuf.AbstractMessageLite$Builder
2024-11-12 13:42:54,590 INFO  EvoClassLoader - Instrumenting class 'org.apache.hadoop.thirdparty.protobuf.AbstractMessageLite$Builder'.
2024-11-12 13:42:54,590 INFO  MethodCallReplacementClassAdapter - Adding mock interface to class org/apache/hadoop/thirdparty/protobuf/AbstractMessageLite$Builder
2024-11-12 13:42:54,591 INFO  CreateClassResetClassAdapter - Creating brand-new static initializer in class org/apache/hadoop/thirdparty/protobuf/AbstractMessageLite$Builder
2024-11-12 13:42:54,592 INFO  EvoClassLoader - Keeping class: org.apache.hadoop.thirdparty.protobuf.AbstractMessageLite$Builder
2024-11-12 13:42:54,592 INFO  EvoClassLoader - Keeping class: org.apache.hadoop.thirdparty.protobuf.AbstractMessage$Builder
2024-11-12 13:42:54,592 INFO  EvoClassLoader - Keeping class: org.apache.hadoop.thirdparty.protobuf.GeneratedMessageV3$Builder
2024-11-12 13:42:54,592 INFO  EvoClassLoader - Seeing class for first time: org.apache.hadoop.thirdparty.protobuf.GeneratedMessageV3$ExtendableBuilder
2024-11-12 13:42:54,592 INFO  EvoClassLoader - Instrumenting class 'org.apache.hadoop.thirdparty.protobuf.GeneratedMessageV3$ExtendableBuilder'.
2024-11-12 13:42:54,593 INFO  MethodCallReplacementClassAdapter - Adding mock interface to class org/apache/hadoop/thirdparty/protobuf/GeneratedMessageV3$ExtendableBuilder
2024-11-12 13:42:54,594 INFO  CreateClassResetClassAdapter - Creating brand-new static initializer in class org/apache/hadoop/thirdparty/protobuf/GeneratedMessageV3$ExtendableBuilder
2024-11-12 13:42:54,595 INFO  EvoClassLoader - Keeping class: org.apache.hadoop.thirdparty.protobuf.GeneratedMessageV3$ExtendableBuilder
2024-11-12 13:42:54,596 INFO  EvoClassLoader - Seeing class for first time: org.apache.hadoop.thirdparty.protobuf.FieldSet
2024-11-12 13:42:54,596 INFO  EvoClassLoader - Instrumenting class 'org.apache.hadoop.thirdparty.protobuf.FieldSet'.
2024-11-12 13:42:54,597 INFO  MethodCallReplacementClassAdapter - Adding mock interface to class org/apache/hadoop/thirdparty/protobuf/FieldSet
2024-11-12 13:42:54,600 INFO  CreateClassResetClassAdapter - Found static initializer in class org/apache/hadoop/thirdparty/protobuf/FieldSet
2024-11-12 13:42:54,601 INFO  EvoClassLoader - Keeping class: org.apache.hadoop.thirdparty.protobuf.FieldSet
2024-11-12 13:42:54,602 INFO  EvoClassLoader - Seeing class for first time: org.apache.hadoop.thirdparty.protobuf.LazyFieldLite
2024-11-12 13:42:54,602 INFO  EvoClassLoader - Instrumenting class 'org.apache.hadoop.thirdparty.protobuf.LazyFieldLite'.
2024-11-12 13:42:54,602 INFO  MethodCallReplacementClassAdapter - Adding mock interface to class org/apache/hadoop/thirdparty/protobuf/LazyFieldLite
2024-11-12 13:42:54,603 INFO  CreateClassResetClassAdapter - Found static initializer in class org/apache/hadoop/thirdparty/protobuf/LazyFieldLite
2024-11-12 13:42:54,603 INFO  EvoClassLoader - Keeping class: org.apache.hadoop.thirdparty.protobuf.LazyFieldLite
2024-11-12 13:42:54,603 INFO  EvoClassLoader - Seeing class for first time: org.apache.hadoop.thirdparty.protobuf.LazyField
2024-11-12 13:42:54,603 INFO  EvoClassLoader - Instrumenting class 'org.apache.hadoop.thirdparty.protobuf.LazyField'.
2024-11-12 13:42:54,603 INFO  MethodCallReplacementClassAdapter - Adding mock interface to class org/apache/hadoop/thirdparty/protobuf/LazyField
2024-11-12 13:42:54,603 INFO  CreateClassResetClassAdapter - Creating brand-new static initializer in class org/apache/hadoop/thirdparty/protobuf/LazyField
2024-11-12 13:42:54,603 INFO  EvoClassLoader - Keeping class: org.apache.hadoop.thirdparty.protobuf.LazyField
2024-11-12 13:42:54,604 INFO  EvoClassLoader - Seeing class for first time: org.apache.hadoop.thirdparty.protobuf.SmallSortedMap
2024-11-12 13:42:54,604 INFO  EvoClassLoader - Instrumenting class 'org.apache.hadoop.thirdparty.protobuf.SmallSortedMap'.
2024-11-12 13:42:54,604 INFO  MethodCallReplacementClassAdapter - Adding mock interface to class org/apache/hadoop/thirdparty/protobuf/SmallSortedMap
2024-11-12 13:42:54,604 INFO  CreateClassResetClassAdapter - Creating brand-new static initializer in class org/apache/hadoop/thirdparty/protobuf/SmallSortedMap
2024-11-12 13:42:54,604 INFO  EvoClassLoader - Keeping class: org.apache.hadoop.thirdparty.protobuf.SmallSortedMap
2024-11-12 13:42:54,605 INFO  EvoClassLoader - Seeing class for first time: org.apache.hadoop.thirdparty.protobuf.SmallSortedMap$1
2024-11-12 13:42:54,605 INFO  EvoClassLoader - Instrumenting class 'org.apache.hadoop.thirdparty.protobuf.SmallSortedMap$1'.
2024-11-12 13:42:54,605 INFO  MethodCallReplacementClassAdapter - Adding mock interface to class org/apache/hadoop/thirdparty/protobuf/SmallSortedMap$1
2024-11-12 13:42:54,605 INFO  EvoClassLoader - Keeping class: org.apache.hadoop.thirdparty.protobuf.SmallSortedMap$1
2024-11-12 13:42:54,605 INFO  EvoClassLoader - Seeing class for first time: org.apache.hadoop.thirdparty.protobuf.SmallSortedMap$EmptySet
2024-11-12 13:42:54,605 INFO  EvoClassLoader - Instrumenting class 'org.apache.hadoop.thirdparty.protobuf.SmallSortedMap$EmptySet'.
2024-11-12 13:42:54,605 INFO  MethodCallReplacementClassAdapter - Adding mock interface to class org/apache/hadoop/thirdparty/protobuf/SmallSortedMap$EmptySet
2024-11-12 13:42:54,605 INFO  CreateClassResetClassAdapter - Found static initializer in class org/apache/hadoop/thirdparty/protobuf/SmallSortedMap$EmptySet
2024-11-12 13:42:54,605 INFO  EvoClassLoader - Keeping class: org.apache.hadoop.thirdparty.protobuf.SmallSortedMap$EmptySet
2024-11-12 13:42:54,605 INFO  EvoClassLoader - Seeing class for first time: org.apache.hadoop.thirdparty.protobuf.SmallSortedMap$EmptySet$1
2024-11-12 13:42:54,605 INFO  EvoClassLoader - Instrumenting class 'org.apache.hadoop.thirdparty.protobuf.SmallSortedMap$EmptySet$1'.
2024-11-12 13:42:54,606 INFO  MethodCallReplacementClassAdapter - Adding mock interface to class org/apache/hadoop/thirdparty/protobuf/SmallSortedMap$EmptySet$1
2024-11-12 13:42:54,606 INFO  EvoClassLoader - Keeping class: org.apache.hadoop.thirdparty.protobuf.SmallSortedMap$EmptySet$1
2024-11-12 13:42:54,606 INFO  EvoClassLoader - Seeing class for first time: org.apache.hadoop.thirdparty.protobuf.SmallSortedMap$EmptySet$2
2024-11-12 13:42:54,606 INFO  EvoClassLoader - Instrumenting class 'org.apache.hadoop.thirdparty.protobuf.SmallSortedMap$EmptySet$2'.
2024-11-12 13:42:54,606 INFO  MethodCallReplacementClassAdapter - Adding mock interface to class org/apache/hadoop/thirdparty/protobuf/SmallSortedMap$EmptySet$2
2024-11-12 13:42:54,606 INFO  EvoClassLoader - Keeping class: org.apache.hadoop.thirdparty.protobuf.SmallSortedMap$EmptySet$2
2024-11-12 13:42:54,606 INFO  EvoClassLoader - Seeing class for first time: org.apache.hadoop.thirdparty.protobuf.DescriptorProtos$FileOptions$1
2024-11-12 13:42:54,606 INFO  EvoClassLoader - Instrumenting class 'org.apache.hadoop.thirdparty.protobuf.DescriptorProtos$FileOptions$1'.
2024-11-12 13:42:54,606 INFO  MethodCallReplacementClassAdapter - Adding mock interface to class org/apache/hadoop/thirdparty/protobuf/DescriptorProtos$FileOptions$1
2024-11-12 13:42:54,606 INFO  EvoClassLoader - Keeping class: org.apache.hadoop.thirdparty.protobuf.DescriptorProtos$FileOptions$1
2024-11-12 13:42:54,606 INFO  EvoClassLoader - Seeing class for first time: org.apache.hadoop.hdfs.protocol.proto.NamenodeProtocolProtos$ErrorReportRequestProto$1
2024-11-12 13:42:54,606 INFO  EvoClassLoader - Instrumenting class 'org.apache.hadoop.hdfs.protocol.proto.NamenodeProtocolProtos$ErrorReportRequestProto$1'.
2024-11-12 13:42:54,607 INFO  MethodCallReplacementClassAdapter - Adding mock interface to class org/apache/hadoop/hdfs/protocol/proto/NamenodeProtocolProtos$ErrorReportRequestProto$1
2024-11-12 13:42:54,607 INFO  EvoClassLoader - Keeping class: org.apache.hadoop.hdfs.protocol.proto.NamenodeProtocolProtos$ErrorReportRequestProto$1
2024-11-12 13:42:54,607 INFO  EvoClassLoader - Seeing class for first time: org.apache.hadoop.thirdparty.protobuf.DescriptorProtos$OneofDescriptorProto
2024-11-12 13:42:54,607 INFO  EvoClassLoader - Instrumenting class 'org.apache.hadoop.thirdparty.protobuf.DescriptorProtos$OneofDescriptorProto'.
2024-11-12 13:42:54,607 INFO  MethodCallReplacementClassAdapter - Adding mock interface to class org/apache/hadoop/thirdparty/protobuf/DescriptorProtos$OneofDescriptorProto
2024-11-12 13:42:54,607 INFO  CreateClassResetClassAdapter - Found static initializer in class org/apache/hadoop/thirdparty/protobuf/DescriptorProtos$OneofDescriptorProto
2024-11-12 13:42:54,608 INFO  EvoClassLoader - Seeing class for first time: org.apache.hadoop.thirdparty.protobuf.DescriptorProtos$OneofDescriptorProtoOrBuilder
2024-11-12 13:42:54,608 INFO  EvoClassLoader - Instrumenting class 'org.apache.hadoop.thirdparty.protobuf.DescriptorProtos$OneofDescriptorProtoOrBuilder'.
2024-11-12 13:42:54,608 INFO  EvoClassLoader - Keeping class: org.apache.hadoop.thirdparty.protobuf.DescriptorProtos$OneofDescriptorProtoOrBuilder
2024-11-12 13:42:54,608 INFO  EvoClassLoader - Keeping class: org.apache.hadoop.thirdparty.protobuf.DescriptorProtos$OneofDescriptorProto
2024-11-12 13:42:54,608 INFO  EvoClassLoader - Seeing class for first time: org.apache.hadoop.thirdparty.protobuf.DescriptorProtos$OneofOptionsOrBuilder
2024-11-12 13:42:54,608 INFO  EvoClassLoader - Instrumenting class 'org.apache.hadoop.thirdparty.protobuf.DescriptorProtos$OneofOptionsOrBuilder'.
2024-11-12 13:42:54,608 INFO  EvoClassLoader - Keeping class: org.apache.hadoop.thirdparty.protobuf.DescriptorProtos$OneofOptionsOrBuilder
2024-11-12 13:42:54,608 INFO  EvoClassLoader - Seeing class for first time: org.apache.hadoop.thirdparty.protobuf.DescriptorProtos$OneofDescriptorProto$1
2024-11-12 13:42:54,608 INFO  EvoClassLoader - Instrumenting class 'org.apache.hadoop.thirdparty.protobuf.DescriptorProtos$OneofDescriptorProto$1'.
2024-11-12 13:42:54,609 INFO  MethodCallReplacementClassAdapter - Adding mock interface to class org/apache/hadoop/thirdparty/protobuf/DescriptorProtos$OneofDescriptorProto$1
2024-11-12 13:42:54,609 INFO  EvoClassLoader - Keeping class: org.apache.hadoop.thirdparty.protobuf.DescriptorProtos$OneofDescriptorProto$1
2024-11-12 13:42:54,609 INFO  EvoClassLoader - Seeing class for first time: org.apache.hadoop.hdfs.protocol.proto.NamenodeProtocolProtos$GetBlocksResponseProtoOrBuilder
2024-11-12 13:42:54,609 INFO  EvoClassLoader - Instrumenting class 'org.apache.hadoop.hdfs.protocol.proto.NamenodeProtocolProtos$GetBlocksResponseProtoOrBuilder'.
2024-11-12 13:42:54,609 INFO  EvoClassLoader - Keeping class: org.apache.hadoop.hdfs.protocol.proto.NamenodeProtocolProtos$GetBlocksResponseProtoOrBuilder
2024-11-12 13:42:54,609 INFO  EvoClassLoader - Seeing class for first time: org.apache.hadoop.thirdparty.protobuf.CodedOutputStream
2024-11-12 13:42:54,609 INFO  EvoClassLoader - Instrumenting class 'org.apache.hadoop.thirdparty.protobuf.CodedOutputStream'.
2024-11-12 13:42:54,609 INFO  MethodCallReplacementClassAdapter - Adding mock interface to class org/apache/hadoop/thirdparty/protobuf/CodedOutputStream
2024-11-12 13:42:54,610 INFO  CreateClassResetClassAdapter - Found static initializer in class org/apache/hadoop/thirdparty/protobuf/CodedOutputStream
2024-11-12 13:42:54,611 INFO  EvoClassLoader - Seeing class for first time: org.apache.hadoop.thirdparty.protobuf.ByteOutput
2024-11-12 13:42:54,611 INFO  EvoClassLoader - Instrumenting class 'org.apache.hadoop.thirdparty.protobuf.ByteOutput'.
2024-11-12 13:42:54,611 INFO  MethodCallReplacementClassAdapter - Adding mock interface to class org/apache/hadoop/thirdparty/protobuf/ByteOutput
2024-11-12 13:42:54,611 INFO  CreateClassResetClassAdapter - Creating brand-new static initializer in class org/apache/hadoop/thirdparty/protobuf/ByteOutput
2024-11-12 13:42:54,611 INFO  EvoClassLoader - Keeping class: org.apache.hadoop.thirdparty.protobuf.ByteOutput
2024-11-12 13:42:54,611 INFO  EvoClassLoader - Keeping class: org.apache.hadoop.thirdparty.protobuf.CodedOutputStream
2024-11-12 13:42:54,611 INFO  EvoClassLoader - Seeing class for first time: org.apache.hadoop.thirdparty.protobuf.Utf8$UnpairedSurrogateException
2024-11-12 13:42:54,611 INFO  EvoClassLoader - Instrumenting class 'org.apache.hadoop.thirdparty.protobuf.Utf8$UnpairedSurrogateException'.
2024-11-12 13:42:54,611 INFO  MethodCallReplacementClassAdapter - Adding mock interface to class org/apache/hadoop/thirdparty/protobuf/Utf8$UnpairedSurrogateException
2024-11-12 13:42:54,611 INFO  CreateClassResetClassAdapter - Creating brand-new static initializer in class org/apache/hadoop/thirdparty/protobuf/Utf8$UnpairedSurrogateException
2024-11-12 13:42:54,611 INFO  EvoClassLoader - Keeping class: org.apache.hadoop.thirdparty.protobuf.Utf8$UnpairedSurrogateException
2024-11-12 13:42:54,612 INFO  EvoClassLoader - Seeing class for first time: org.apache.hadoop.thirdparty.protobuf.CodedOutputStream$SafeDirectNioEncoder
2024-11-12 13:42:54,612 INFO  EvoClassLoader - Instrumenting class 'org.apache.hadoop.thirdparty.protobuf.CodedOutputStream$SafeDirectNioEncoder'.
2024-11-12 13:42:54,612 INFO  MethodCallReplacementClassAdapter - Adding mock interface to class org/apache/hadoop/thirdparty/protobuf/CodedOutputStream$SafeDirectNioEncoder
2024-11-12 13:42:54,612 INFO  CreateClassResetClassAdapter - Creating brand-new static initializer in class org/apache/hadoop/thirdparty/protobuf/CodedOutputStream$SafeDirectNioEncoder
2024-11-12 13:42:54,612 INFO  EvoClassLoader - Keeping class: org.apache.hadoop.thirdparty.protobuf.CodedOutputStream$SafeDirectNioEncoder
2024-11-12 13:42:54,612 INFO  EvoClassLoader - Seeing class for first time: org.apache.hadoop.thirdparty.protobuf.CodedOutputStream$UnsafeDirectNioEncoder
2024-11-12 13:42:54,612 INFO  EvoClassLoader - Instrumenting class 'org.apache.hadoop.thirdparty.protobuf.CodedOutputStream$UnsafeDirectNioEncoder'.
2024-11-12 13:42:54,613 INFO  MethodCallReplacementClassAdapter - Adding mock interface to class org/apache/hadoop/thirdparty/protobuf/CodedOutputStream$UnsafeDirectNioEncoder
2024-11-12 13:42:54,613 INFO  CreateClassResetClassAdapter - Creating brand-new static initializer in class org/apache/hadoop/thirdparty/protobuf/CodedOutputStream$UnsafeDirectNioEncoder
2024-11-12 13:42:54,613 INFO  EvoClassLoader - Keeping class: org.apache.hadoop.thirdparty.protobuf.CodedOutputStream$UnsafeDirectNioEncoder
2024-11-12 13:42:54,613 INFO  EvoClassLoader - Seeing class for first time: org.apache.hadoop.thirdparty.protobuf.CodedOutputStream$OutOfSpaceException
2024-11-12 13:42:54,613 INFO  EvoClassLoader - Instrumenting class 'org.apache.hadoop.thirdparty.protobuf.CodedOutputStream$OutOfSpaceException'.
2024-11-12 13:42:54,614 INFO  MethodCallReplacementClassAdapter - Adding mock interface to class org/apache/hadoop/thirdparty/protobuf/CodedOutputStream$OutOfSpaceException
2024-11-12 13:42:54,614 INFO  CreateClassResetClassAdapter - Creating brand-new static initializer in class org/apache/hadoop/thirdparty/protobuf/CodedOutputStream$OutOfSpaceException
2024-11-12 13:42:54,614 INFO  CreateClassResetClassAdapter - Adding bytecode for initializing field MESSAGE
2024-11-12 13:42:54,614 INFO  EvoClassLoader - Keeping class: org.apache.hadoop.thirdparty.protobuf.CodedOutputStream$OutOfSpaceException
2024-11-12 13:42:54,614 INFO  EvoClassLoader - Seeing class for first time: org.apache.hadoop.thirdparty.protobuf.CodedOutputStream$ByteOutputEncoder
2024-11-12 13:42:54,614 INFO  EvoClassLoader - Instrumenting class 'org.apache.hadoop.thirdparty.protobuf.CodedOutputStream$ByteOutputEncoder'.
2024-11-12 13:42:54,614 INFO  MethodCallReplacementClassAdapter - Adding mock interface to class org/apache/hadoop/thirdparty/protobuf/CodedOutputStream$ByteOutputEncoder
2024-11-12 13:42:54,615 INFO  CreateClassResetClassAdapter - Creating brand-new static initializer in class org/apache/hadoop/thirdparty/protobuf/CodedOutputStream$ByteOutputEncoder
2024-11-12 13:42:54,615 INFO  EvoClassLoader - Seeing class for first time: org.apache.hadoop.thirdparty.protobuf.CodedOutputStream$AbstractBufferedEncoder
2024-11-12 13:42:54,615 INFO  EvoClassLoader - Instrumenting class 'org.apache.hadoop.thirdparty.protobuf.CodedOutputStream$AbstractBufferedEncoder'.
2024-11-12 13:42:54,615 INFO  MethodCallReplacementClassAdapter - Adding mock interface to class org/apache/hadoop/thirdparty/protobuf/CodedOutputStream$AbstractBufferedEncoder
2024-11-12 13:42:54,615 INFO  CreateClassResetClassAdapter - Creating brand-new static initializer in class org/apache/hadoop/thirdparty/protobuf/CodedOutputStream$AbstractBufferedEncoder
2024-11-12 13:42:54,616 INFO  EvoClassLoader - Keeping class: org.apache.hadoop.thirdparty.protobuf.CodedOutputStream$AbstractBufferedEncoder
2024-11-12 13:42:54,616 INFO  EvoClassLoader - Keeping class: org.apache.hadoop.thirdparty.protobuf.CodedOutputStream$ByteOutputEncoder
2024-11-12 13:42:54,616 INFO  EvoClassLoader - Seeing class for first time: org.apache.hadoop.thirdparty.protobuf.CodedOutputStream$HeapNioEncoder
2024-11-12 13:42:54,616 INFO  EvoClassLoader - Instrumenting class 'org.apache.hadoop.thirdparty.protobuf.CodedOutputStream$HeapNioEncoder'.
2024-11-12 13:42:54,616 INFO  MethodCallReplacementClassAdapter - Adding mock interface to class org/apache/hadoop/thirdparty/protobuf/CodedOutputStream$HeapNioEncoder
2024-11-12 13:42:54,616 INFO  CreateClassResetClassAdapter - Creating brand-new static initializer in class org/apache/hadoop/thirdparty/protobuf/CodedOutputStream$HeapNioEncoder
2024-11-12 13:42:54,616 INFO  EvoClassLoader - Seeing class for first time: org.apache.hadoop.thirdparty.protobuf.CodedOutputStream$ArrayEncoder
2024-11-12 13:42:54,616 INFO  EvoClassLoader - Instrumenting class 'org.apache.hadoop.thirdparty.protobuf.CodedOutputStream$ArrayEncoder'.
2024-11-12 13:42:54,617 INFO  MethodCallReplacementClassAdapter - Adding mock interface to class org/apache/hadoop/thirdparty/protobuf/CodedOutputStream$ArrayEncoder
2024-11-12 13:42:54,618 INFO  CreateClassResetClassAdapter - Creating brand-new static initializer in class org/apache/hadoop/thirdparty/protobuf/CodedOutputStream$ArrayEncoder
2024-11-12 13:42:54,618 INFO  EvoClassLoader - Keeping class: org.apache.hadoop.thirdparty.protobuf.CodedOutputStream$ArrayEncoder
2024-11-12 13:42:54,618 INFO  EvoClassLoader - Keeping class: org.apache.hadoop.thirdparty.protobuf.CodedOutputStream$HeapNioEncoder
2024-11-12 13:42:54,618 INFO  EvoClassLoader - Seeing class for first time: org.apache.hadoop.thirdparty.protobuf.CodedOutputStream$OutputStreamEncoder
2024-11-12 13:42:54,618 INFO  EvoClassLoader - Instrumenting class 'org.apache.hadoop.thirdparty.protobuf.CodedOutputStream$OutputStreamEncoder'.
2024-11-12 13:42:54,619 INFO  MethodCallReplacementClassAdapter - Adding mock interface to class org/apache/hadoop/thirdparty/protobuf/CodedOutputStream$OutputStreamEncoder
2024-11-12 13:42:54,619 INFO  CreateClassResetClassAdapter - Creating brand-new static initializer in class org/apache/hadoop/thirdparty/protobuf/CodedOutputStream$OutputStreamEncoder
2024-11-12 13:42:54,620 INFO  EvoClassLoader - Keeping class: org.apache.hadoop.thirdparty.protobuf.CodedOutputStream$OutputStreamEncoder
2024-11-12 13:42:54,620 INFO  EvoClassLoader - Seeing class for first time: org.apache.hadoop.thirdparty.protobuf.UnsafeUtil
2024-11-12 13:42:54,620 INFO  EvoClassLoader - Instrumenting class 'org.apache.hadoop.thirdparty.protobuf.UnsafeUtil'.
2024-11-12 13:42:54,620 INFO  MethodCallReplacementClassAdapter - Adding mock interface to class org/apache/hadoop/thirdparty/protobuf/UnsafeUtil
2024-11-12 13:42:54,621 INFO  CreateClassResetClassAdapter - Found static initializer in class org/apache/hadoop/thirdparty/protobuf/UnsafeUtil
2024-11-12 13:42:54,621 INFO  EvoClassLoader - Keeping class: org.apache.hadoop.thirdparty.protobuf.UnsafeUtil
2024-11-12 13:42:54,622 INFO  EvoClassLoader - Seeing class for first time: org.apache.hadoop.thirdparty.protobuf.UnsafeUtil$MemoryAccessor
2024-11-12 13:42:54,622 INFO  EvoClassLoader - Instrumenting class 'org.apache.hadoop.thirdparty.protobuf.UnsafeUtil$MemoryAccessor'.
2024-11-12 13:42:54,622 INFO  MethodCallReplacementClassAdapter - Adding mock interface to class org/apache/hadoop/thirdparty/protobuf/UnsafeUtil$MemoryAccessor
2024-11-12 13:42:54,622 INFO  CreateClassResetClassAdapter - Creating brand-new static initializer in class org/apache/hadoop/thirdparty/protobuf/UnsafeUtil$MemoryAccessor
2024-11-12 13:42:54,622 INFO  EvoClassLoader - Keeping class: org.apache.hadoop.thirdparty.protobuf.UnsafeUtil$MemoryAccessor
2024-11-12 13:42:54,622 INFO  EvoClassLoader - Seeing class for first time: org.apache.hadoop.thirdparty.protobuf.UnsafeUtil$Android64MemoryAccessor
2024-11-12 13:42:54,622 INFO  EvoClassLoader - Instrumenting class 'org.apache.hadoop.thirdparty.protobuf.UnsafeUtil$Android64MemoryAccessor'.
2024-11-12 13:42:54,622 INFO  MethodCallReplacementClassAdapter - Adding mock interface to class org/apache/hadoop/thirdparty/protobuf/UnsafeUtil$Android64MemoryAccessor
2024-11-12 13:42:54,622 INFO  CreateClassResetClassAdapter - Creating brand-new static initializer in class org/apache/hadoop/thirdparty/protobuf/UnsafeUtil$Android64MemoryAccessor
2024-11-12 13:42:54,622 INFO  EvoClassLoader - Keeping class: org.apache.hadoop.thirdparty.protobuf.UnsafeUtil$Android64MemoryAccessor
2024-11-12 13:42:54,622 INFO  EvoClassLoader - Seeing class for first time: org.apache.hadoop.thirdparty.protobuf.UnsafeUtil$Android32MemoryAccessor
2024-11-12 13:42:54,622 INFO  EvoClassLoader - Instrumenting class 'org.apache.hadoop.thirdparty.protobuf.UnsafeUtil$Android32MemoryAccessor'.
2024-11-12 13:42:54,623 INFO  MethodCallReplacementClassAdapter - Adding mock interface to class org/apache/hadoop/thirdparty/protobuf/UnsafeUtil$Android32MemoryAccessor
2024-11-12 13:42:54,623 INFO  CreateClassResetClassAdapter - Creating brand-new static initializer in class org/apache/hadoop/thirdparty/protobuf/UnsafeUtil$Android32MemoryAccessor
2024-11-12 13:42:54,623 INFO  CreateClassResetClassAdapter - Adding bytecode for initializing field SMALL_ADDRESS_MASK
2024-11-12 13:42:54,623 INFO  EvoClassLoader - Keeping class: org.apache.hadoop.thirdparty.protobuf.UnsafeUtil$Android32MemoryAccessor
2024-11-12 13:42:54,623 INFO  EvoClassLoader - Seeing class for first time: org.apache.hadoop.thirdparty.protobuf.UnsafeUtil$JvmMemoryAccessor
2024-11-12 13:42:54,623 INFO  EvoClassLoader - Instrumenting class 'org.apache.hadoop.thirdparty.protobuf.UnsafeUtil$JvmMemoryAccessor'.
2024-11-12 13:42:54,623 INFO  MethodCallReplacementClassAdapter - Adding mock interface to class org/apache/hadoop/thirdparty/protobuf/UnsafeUtil$JvmMemoryAccessor
2024-11-12 13:42:54,623 INFO  CreateClassResetClassAdapter - Creating brand-new static initializer in class org/apache/hadoop/thirdparty/protobuf/UnsafeUtil$JvmMemoryAccessor
2024-11-12 13:42:54,624 INFO  EvoClassLoader - Keeping class: org.apache.hadoop.thirdparty.protobuf.UnsafeUtil$JvmMemoryAccessor
2024-11-12 13:42:54,624 INFO  EvoClassLoader - Seeing class for first time: org.apache.hadoop.thirdparty.protobuf.UnsafeUtil$1
2024-11-12 13:42:54,624 INFO  EvoClassLoader - Instrumenting class 'org.apache.hadoop.thirdparty.protobuf.UnsafeUtil$1'.
2024-11-12 13:42:54,624 INFO  MethodCallReplacementClassAdapter - Adding mock interface to class org/apache/hadoop/thirdparty/protobuf/UnsafeUtil$1
2024-11-12 13:42:54,625 INFO  EvoClassLoader - Keeping class: org.apache.hadoop.thirdparty.protobuf.UnsafeUtil$1
2024-11-12 13:42:54,625 INFO  EvoClassLoader - Seeing class for first time: org.apache.hadoop.thirdparty.protobuf.Android
2024-11-12 13:42:54,625 INFO  EvoClassLoader - Instrumenting class 'org.apache.hadoop.thirdparty.protobuf.Android'.
2024-11-12 13:42:54,625 INFO  MethodCallReplacementClassAdapter - Adding mock interface to class org/apache/hadoop/thirdparty/protobuf/Android
2024-11-12 13:42:54,626 INFO  CreateClassResetClassAdapter - Found static initializer in class org/apache/hadoop/thirdparty/protobuf/Android
2024-11-12 13:42:54,626 INFO  EvoClassLoader - Keeping class: org.apache.hadoop.thirdparty.protobuf.Android
2024-11-12 13:42:54,626 INFO  EvoClassLoader - Seeing class for first time: libcore.io.Memory
2024-11-12 13:42:54,626 INFO  EvoClassLoader - Instrumenting class 'libcore.io.Memory'.
2024-11-12 13:42:54,626 INFO  EvoClassLoader - Error while loading class: java.lang.ClassNotFoundException: Class 'libcore/io/Memory.class' should be in target project, but could not be found!
2024-11-12 13:42:54,626 INFO  EvoClassLoader - Seeing class for first time: org.robolectric.Robolectric
2024-11-12 13:42:54,626 INFO  EvoClassLoader - Instrumenting class 'org.robolectric.Robolectric'.
2024-11-12 13:42:54,626 INFO  EvoClassLoader - Error while loading class: java.lang.ClassNotFoundException: Class 'org/robolectric/Robolectric.class' should be in target project, but could not be found!
2024-11-12 13:42:54,628 INFO  EvoClassLoader - Seeing class for first time: org.apache.hadoop.hdfs.protocol.proto.NamenodeProtocolProtos$GetMostRecentCheckpointTxIdResponseProto
2024-11-12 13:42:54,628 INFO  EvoClassLoader - Instrumenting class 'org.apache.hadoop.hdfs.protocol.proto.NamenodeProtocolProtos$GetMostRecentCheckpointTxIdResponseProto'.
2024-11-12 13:42:54,628 INFO  MethodCallReplacementClassAdapter - Adding mock interface to class org/apache/hadoop/hdfs/protocol/proto/NamenodeProtocolProtos$GetMostRecentCheckpointTxIdResponseProto
2024-11-12 13:42:54,629 INFO  CreateClassResetClassAdapter - Found static initializer in class org/apache/hadoop/hdfs/protocol/proto/NamenodeProtocolProtos$GetMostRecentCheckpointTxIdResponseProto
2024-11-12 13:42:54,630 INFO  EvoClassLoader - Seeing class for first time: org.apache.hadoop.hdfs.protocol.proto.NamenodeProtocolProtos$GetMostRecentCheckpointTxIdResponseProtoOrBuilder
2024-11-12 13:42:54,630 INFO  EvoClassLoader - Instrumenting class 'org.apache.hadoop.hdfs.protocol.proto.NamenodeProtocolProtos$GetMostRecentCheckpointTxIdResponseProtoOrBuilder'.
2024-11-12 13:42:54,630 INFO  EvoClassLoader - Keeping class: org.apache.hadoop.hdfs.protocol.proto.NamenodeProtocolProtos$GetMostRecentCheckpointTxIdResponseProtoOrBuilder
2024-11-12 13:42:54,630 INFO  EvoClassLoader - Keeping class: org.apache.hadoop.hdfs.protocol.proto.NamenodeProtocolProtos$GetMostRecentCheckpointTxIdResponseProto
2024-11-12 13:42:54,631 INFO  EvoClassLoader - Seeing class for first time: org.apache.hadoop.hdfs.protocol.proto.NamenodeProtocolProtos$GetMostRecentCheckpointTxIdResponseProto$1
2024-11-12 13:42:54,631 INFO  EvoClassLoader - Instrumenting class 'org.apache.hadoop.hdfs.protocol.proto.NamenodeProtocolProtos$GetMostRecentCheckpointTxIdResponseProto$1'.
2024-11-12 13:42:54,631 INFO  MethodCallReplacementClassAdapter - Adding mock interface to class org/apache/hadoop/hdfs/protocol/proto/NamenodeProtocolProtos$GetMostRecentCheckpointTxIdResponseProto$1
2024-11-12 13:42:54,631 INFO  EvoClassLoader - Keeping class: org.apache.hadoop.hdfs.protocol.proto.NamenodeProtocolProtos$GetMostRecentCheckpointTxIdResponseProto$1
2024-11-12 13:42:54,631 INFO  EvoClassLoader - Seeing class for first time: org.apache.hadoop.hdfs.protocol.proto.HdfsProtos$BlockProto
2024-11-12 13:42:54,631 INFO  EvoClassLoader - Instrumenting class 'org.apache.hadoop.hdfs.protocol.proto.HdfsProtos$BlockProto'.
2024-11-12 13:42:54,632 INFO  MethodCallReplacementClassAdapter - Adding mock interface to class org/apache/hadoop/hdfs/protocol/proto/HdfsProtos$BlockProto
2024-11-12 13:42:54,633 INFO  CreateClassResetClassAdapter - Found static initializer in class org/apache/hadoop/hdfs/protocol/proto/HdfsProtos$BlockProto
2024-11-12 13:42:54,633 INFO  EvoClassLoader - Seeing class for first time: org.apache.hadoop.hdfs.protocol.proto.HdfsProtos$BlockProtoOrBuilder
2024-11-12 13:42:54,633 INFO  EvoClassLoader - Instrumenting class 'org.apache.hadoop.hdfs.protocol.proto.HdfsProtos$BlockProtoOrBuilder'.
2024-11-12 13:42:54,633 INFO  EvoClassLoader - Keeping class: org.apache.hadoop.hdfs.protocol.proto.HdfsProtos$BlockProtoOrBuilder
2024-11-12 13:42:54,634 INFO  EvoClassLoader - Keeping class: org.apache.hadoop.hdfs.protocol.proto.HdfsProtos$BlockProto
2024-11-12 13:42:54,634 INFO  EvoClassLoader - Seeing class for first time: org.apache.hadoop.hdfs.protocol.proto.HdfsProtos$BlockProto$1
2024-11-12 13:42:54,634 INFO  EvoClassLoader - Instrumenting class 'org.apache.hadoop.hdfs.protocol.proto.HdfsProtos$BlockProto$1'.
2024-11-12 13:42:54,634 INFO  MethodCallReplacementClassAdapter - Adding mock interface to class org/apache/hadoop/hdfs/protocol/proto/HdfsProtos$BlockProto$1
2024-11-12 13:42:54,634 INFO  EvoClassLoader - Keeping class: org.apache.hadoop.hdfs.protocol.proto.HdfsProtos$BlockProto$1
2024-11-12 13:42:54,634 INFO  EvoClassLoader - Seeing class for first time: org.apache.hadoop.hdfs.protocol.proto.NamenodeProtocolProtos$RollEditLogRequestProto$Builder
2024-11-12 13:42:54,634 INFO  EvoClassLoader - Instrumenting class 'org.apache.hadoop.hdfs.protocol.proto.NamenodeProtocolProtos$RollEditLogRequestProto$Builder'.
2024-11-12 13:42:54,634 INFO  MethodCallReplacementClassAdapter - Adding mock interface to class org/apache/hadoop/hdfs/protocol/proto/NamenodeProtocolProtos$RollEditLogRequestProto$Builder
2024-11-12 13:42:54,635 INFO  CreateClassResetClassAdapter - Creating brand-new static initializer in class org/apache/hadoop/hdfs/protocol/proto/NamenodeProtocolProtos$RollEditLogRequestProto$Builder
2024-11-12 13:42:54,635 INFO  EvoClassLoader - Seeing class for first time: org.apache.hadoop.hdfs.protocol.proto.NamenodeProtocolProtos$RollEditLogRequestProtoOrBuilder
2024-11-12 13:42:54,635 INFO  EvoClassLoader - Instrumenting class 'org.apache.hadoop.hdfs.protocol.proto.NamenodeProtocolProtos$RollEditLogRequestProtoOrBuilder'.
2024-11-12 13:42:54,636 INFO  EvoClassLoader - Keeping class: org.apache.hadoop.hdfs.protocol.proto.NamenodeProtocolProtos$RollEditLogRequestProtoOrBuilder
2024-11-12 13:42:54,636 INFO  EvoClassLoader - Keeping class: org.apache.hadoop.hdfs.protocol.proto.NamenodeProtocolProtos$RollEditLogRequestProto$Builder
2024-11-12 13:42:54,637 INFO  EvoClassLoader - Seeing class for first time: org.apache.hadoop.hdfs.protocol.proto.NamenodeProtocolProtos$GetBlocksResponseProto$Builder
2024-11-12 13:42:54,637 INFO  EvoClassLoader - Instrumenting class 'org.apache.hadoop.hdfs.protocol.proto.NamenodeProtocolProtos$GetBlocksResponseProto$Builder'.
2024-11-12 13:42:54,637 INFO  MethodCallReplacementClassAdapter - Adding mock interface to class org/apache/hadoop/hdfs/protocol/proto/NamenodeProtocolProtos$GetBlocksResponseProto$Builder
2024-11-12 13:42:54,638 INFO  CreateClassResetClassAdapter - Creating brand-new static initializer in class org/apache/hadoop/hdfs/protocol/proto/NamenodeProtocolProtos$GetBlocksResponseProto$Builder
2024-11-12 13:42:54,638 INFO  EvoClassLoader - Keeping class: org.apache.hadoop.hdfs.protocol.proto.NamenodeProtocolProtos$GetBlocksResponseProto$Builder
2024-11-12 13:42:54,638 INFO  EvoClassLoader - Seeing class for first time: org.apache.hadoop.hdfs.protocol.proto.HdfsServerProtos$BlocksWithLocationsProto
2024-11-12 13:42:54,638 INFO  EvoClassLoader - Instrumenting class 'org.apache.hadoop.hdfs.protocol.proto.HdfsServerProtos$BlocksWithLocationsProto'.
2024-11-12 13:42:54,639 INFO  MethodCallReplacementClassAdapter - Adding mock interface to class org/apache/hadoop/hdfs/protocol/proto/HdfsServerProtos$BlocksWithLocationsProto
2024-11-12 13:42:54,639 INFO  CreateClassResetClassAdapter - Found static initializer in class org/apache/hadoop/hdfs/protocol/proto/HdfsServerProtos$BlocksWithLocationsProto
2024-11-12 13:42:54,639 INFO  EvoClassLoader - Seeing class for first time: org.apache.hadoop.hdfs.protocol.proto.HdfsServerProtos$BlocksWithLocationsProtoOrBuilder
2024-11-12 13:42:54,639 INFO  EvoClassLoader - Instrumenting class 'org.apache.hadoop.hdfs.protocol.proto.HdfsServerProtos$BlocksWithLocationsProtoOrBuilder'.
2024-11-12 13:42:54,639 INFO  EvoClassLoader - Keeping class: org.apache.hadoop.hdfs.protocol.proto.HdfsServerProtos$BlocksWithLocationsProtoOrBuilder
2024-11-12 13:42:54,639 INFO  EvoClassLoader - Keeping class: org.apache.hadoop.hdfs.protocol.proto.HdfsServerProtos$BlocksWithLocationsProto
2024-11-12 13:42:54,640 INFO  EvoClassLoader - Seeing class for first time: org.apache.hadoop.hdfs.protocol.proto.NamenodeProtocolProtos$RollEditLogRequestProto
2024-11-12 13:42:54,640 INFO  EvoClassLoader - Instrumenting class 'org.apache.hadoop.hdfs.protocol.proto.NamenodeProtocolProtos$RollEditLogRequestProto'.
2024-11-12 13:42:54,640 INFO  MethodCallReplacementClassAdapter - Adding mock interface to class org/apache/hadoop/hdfs/protocol/proto/NamenodeProtocolProtos$RollEditLogRequestProto
2024-11-12 13:42:54,641 INFO  CreateClassResetClassAdapter - Found static initializer in class org/apache/hadoop/hdfs/protocol/proto/NamenodeProtocolProtos$RollEditLogRequestProto
2024-11-12 13:42:54,641 INFO  EvoClassLoader - Keeping class: org.apache.hadoop.hdfs.protocol.proto.NamenodeProtocolProtos$RollEditLogRequestProto
2024-11-12 13:42:54,641 INFO  EvoClassLoader - Seeing class for first time: org.apache.hadoop.hdfs.protocol.proto.NamenodeProtocolProtos$RollEditLogRequestProto$1
2024-11-12 13:42:54,641 INFO  EvoClassLoader - Instrumenting class 'org.apache.hadoop.hdfs.protocol.proto.NamenodeProtocolProtos$RollEditLogRequestProto$1'.
2024-11-12 13:42:54,641 INFO  MethodCallReplacementClassAdapter - Adding mock interface to class org/apache/hadoop/hdfs/protocol/proto/NamenodeProtocolProtos$RollEditLogRequestProto$1
2024-11-12 13:42:54,642 INFO  EvoClassLoader - Keeping class: org.apache.hadoop.hdfs.protocol.proto.NamenodeProtocolProtos$RollEditLogRequestProto$1
2024-11-12 13:42:54,642 INFO  EvoClassLoader - Seeing class for first time: org.apache.hadoop.thirdparty.protobuf.DescriptorProtos$ServiceOptions
2024-11-12 13:42:54,642 INFO  EvoClassLoader - Instrumenting class 'org.apache.hadoop.thirdparty.protobuf.DescriptorProtos$ServiceOptions'.
2024-11-12 13:42:54,642 INFO  MethodCallReplacementClassAdapter - Adding mock interface to class org/apache/hadoop/thirdparty/protobuf/DescriptorProtos$ServiceOptions
2024-11-12 13:42:54,642 INFO  CreateClassResetClassAdapter - Found static initializer in class org/apache/hadoop/thirdparty/protobuf/DescriptorProtos$ServiceOptions
2024-11-12 13:42:54,643 INFO  EvoClassLoader - Seeing class for first time: org.apache.hadoop.thirdparty.protobuf.DescriptorProtos$ServiceOptionsOrBuilder
2024-11-12 13:42:54,643 INFO  EvoClassLoader - Instrumenting class 'org.apache.hadoop.thirdparty.protobuf.DescriptorProtos$ServiceOptionsOrBuilder'.
2024-11-12 13:42:54,643 INFO  EvoClassLoader - Keeping class: org.apache.hadoop.thirdparty.protobuf.DescriptorProtos$ServiceOptionsOrBuilder
2024-11-12 13:42:54,643 INFO  EvoClassLoader - Keeping class: org.apache.hadoop.thirdparty.protobuf.DescriptorProtos$ServiceOptions
2024-11-12 13:42:54,643 INFO  EvoClassLoader - Seeing class for first time: org.apache.hadoop.thirdparty.protobuf.DescriptorProtos$ServiceOptions$1
2024-11-12 13:42:54,643 INFO  EvoClassLoader - Instrumenting class 'org.apache.hadoop.thirdparty.protobuf.DescriptorProtos$ServiceOptions$1'.
2024-11-12 13:42:54,643 INFO  MethodCallReplacementClassAdapter - Adding mock interface to class org/apache/hadoop/thirdparty/protobuf/DescriptorProtos$ServiceOptions$1
2024-11-12 13:42:54,644 INFO  EvoClassLoader - Keeping class: org.apache.hadoop.thirdparty.protobuf.DescriptorProtos$ServiceOptions$1
2024-11-12 13:42:54,644 INFO  EvoClassLoader - Seeing class for first time: org.apache.hadoop.thirdparty.protobuf.UnmodifiableLazyStringList
2024-11-12 13:42:54,644 INFO  EvoClassLoader - Instrumenting class 'org.apache.hadoop.thirdparty.protobuf.UnmodifiableLazyStringList'.
2024-11-12 13:42:54,644 INFO  MethodCallReplacementClassAdapter - Adding mock interface to class org/apache/hadoop/thirdparty/protobuf/UnmodifiableLazyStringList
2024-11-12 13:42:54,644 INFO  CreateClassResetClassAdapter - Creating brand-new static initializer in class org/apache/hadoop/thirdparty/protobuf/UnmodifiableLazyStringList
2024-11-12 13:42:54,645 INFO  EvoClassLoader - Seeing class for first time: org.apache.hadoop.thirdparty.protobuf.LazyStringList
2024-11-12 13:42:54,645 INFO  EvoClassLoader - Instrumenting class 'org.apache.hadoop.thirdparty.protobuf.LazyStringList'.
2024-11-12 13:42:54,645 INFO  EvoClassLoader - Seeing class for first time: org.apache.hadoop.thirdparty.protobuf.ProtocolStringList
2024-11-12 13:42:54,645 INFO  EvoClassLoader - Instrumenting class 'org.apache.hadoop.thirdparty.protobuf.ProtocolStringList'.
2024-11-12 13:42:54,645 INFO  EvoClassLoader - Keeping class: org.apache.hadoop.thirdparty.protobuf.ProtocolStringList
2024-11-12 13:42:54,645 INFO  EvoClassLoader - Keeping class: org.apache.hadoop.thirdparty.protobuf.LazyStringList
2024-11-12 13:42:54,645 INFO  EvoClassLoader - Keeping class: org.apache.hadoop.thirdparty.protobuf.UnmodifiableLazyStringList
2024-11-12 13:42:54,646 INFO  EvoClassLoader - Seeing class for first time: org.apache.hadoop.hdfs.protocol.proto.NamenodeProtocolProtos$GetBlockKeysRequestProto$Builder
2024-11-12 13:42:54,646 INFO  EvoClassLoader - Instrumenting class 'org.apache.hadoop.hdfs.protocol.proto.NamenodeProtocolProtos$GetBlockKeysRequestProto$Builder'.
2024-11-12 13:42:54,646 INFO  MethodCallReplacementClassAdapter - Adding mock interface to class org/apache/hadoop/hdfs/protocol/proto/NamenodeProtocolProtos$GetBlockKeysRequestProto$Builder
2024-11-12 13:42:54,647 INFO  CreateClassResetClassAdapter - Creating brand-new static initializer in class org/apache/hadoop/hdfs/protocol/proto/NamenodeProtocolProtos$GetBlockKeysRequestProto$Builder
2024-11-12 13:42:54,648 INFO  EvoClassLoader - Seeing class for first time: org.apache.hadoop.hdfs.protocol.proto.NamenodeProtocolProtos$GetBlockKeysRequestProtoOrBuilder
2024-11-12 13:42:54,648 INFO  EvoClassLoader - Instrumenting class 'org.apache.hadoop.hdfs.protocol.proto.NamenodeProtocolProtos$GetBlockKeysRequestProtoOrBuilder'.
2024-11-12 13:42:54,648 INFO  EvoClassLoader - Keeping class: org.apache.hadoop.hdfs.protocol.proto.NamenodeProtocolProtos$GetBlockKeysRequestProtoOrBuilder
2024-11-12 13:42:54,649 INFO  EvoClassLoader - Keeping class: org.apache.hadoop.hdfs.protocol.proto.NamenodeProtocolProtos$GetBlockKeysRequestProto$Builder
2024-11-12 13:42:54,649 INFO  EvoClassLoader - Seeing class for first time: org.apache.hadoop.hdfs.protocol.proto.HdfsServerProtos$NamenodeCommandProto
2024-11-12 13:42:54,649 INFO  EvoClassLoader - Instrumenting class 'org.apache.hadoop.hdfs.protocol.proto.HdfsServerProtos$NamenodeCommandProto'.
2024-11-12 13:42:54,650 INFO  MethodCallReplacementClassAdapter - Adding mock interface to class org/apache/hadoop/hdfs/protocol/proto/HdfsServerProtos$NamenodeCommandProto
2024-11-12 13:42:54,650 INFO  CreateClassResetClassAdapter - Found static initializer in class org/apache/hadoop/hdfs/protocol/proto/HdfsServerProtos$NamenodeCommandProto
2024-11-12 13:42:54,651 INFO  EvoClassLoader - Keeping class: org.apache.hadoop.hdfs.protocol.proto.HdfsServerProtos$NamenodeCommandProto
2024-11-12 13:42:54,652 INFO  EvoClassLoader - Seeing class for first time: org.apache.hadoop.hdfs.protocol.proto.HdfsServerProtos$CheckpointCommandProtoOrBuilder
2024-11-12 13:42:54,652 INFO  EvoClassLoader - Instrumenting class 'org.apache.hadoop.hdfs.protocol.proto.HdfsServerProtos$CheckpointCommandProtoOrBuilder'.
2024-11-12 13:42:54,652 INFO  EvoClassLoader - Keeping class: org.apache.hadoop.hdfs.protocol.proto.HdfsServerProtos$CheckpointCommandProtoOrBuilder
2024-11-12 13:42:54,653 INFO  EvoClassLoader - Seeing class for first time: org.apache.hadoop.hdfs.protocol.proto.HdfsServerProtos$NamenodeCommandProto$1
2024-11-12 13:42:54,653 INFO  EvoClassLoader - Instrumenting class 'org.apache.hadoop.hdfs.protocol.proto.HdfsServerProtos$NamenodeCommandProto$1'.
2024-11-12 13:42:54,653 INFO  MethodCallReplacementClassAdapter - Adding mock interface to class org/apache/hadoop/hdfs/protocol/proto/HdfsServerProtos$NamenodeCommandProto$1
2024-11-12 13:42:54,654 INFO  EvoClassLoader - Keeping class: org.apache.hadoop.hdfs.protocol.proto.HdfsServerProtos$NamenodeCommandProto$1
2024-11-12 13:42:54,654 INFO  EvoClassLoader - Seeing class for first time: org.apache.hadoop.thirdparty.protobuf.DescriptorProtos$FieldDescriptorProto$Label
2024-11-12 13:42:54,654 INFO  EvoClassLoader - Instrumenting class 'org.apache.hadoop.thirdparty.protobuf.DescriptorProtos$FieldDescriptorProto$Label'.
2024-11-12 13:42:54,654 INFO  MethodCallReplacementClassAdapter - Adding mock interface to class org/apache/hadoop/thirdparty/protobuf/DescriptorProtos$FieldDescriptorProto$Label
2024-11-12 13:42:54,655 INFO  CreateClassResetClassAdapter - Found static initializer in class org/apache/hadoop/thirdparty/protobuf/DescriptorProtos$FieldDescriptorProto$Label
2024-11-12 13:42:54,655 INFO  EvoClassLoader - Seeing class for first time: org.apache.hadoop.thirdparty.protobuf.ProtocolMessageEnum
2024-11-12 13:42:54,655 INFO  EvoClassLoader - Instrumenting class 'org.apache.hadoop.thirdparty.protobuf.ProtocolMessageEnum'.
2024-11-12 13:42:54,656 INFO  EvoClassLoader - Keeping class: org.apache.hadoop.thirdparty.protobuf.ProtocolMessageEnum
2024-11-12 13:42:54,656 INFO  EvoClassLoader - Keeping class: org.apache.hadoop.thirdparty.protobuf.DescriptorProtos$FieldDescriptorProto$Label
2024-11-12 13:42:54,656 INFO  EvoClassLoader - Seeing class for first time: org.apache.hadoop.thirdparty.protobuf.DescriptorProtos$FieldDescriptorProto$Label$1
2024-11-12 13:42:54,656 INFO  EvoClassLoader - Instrumenting class 'org.apache.hadoop.thirdparty.protobuf.DescriptorProtos$FieldDescriptorProto$Label$1'.
2024-11-12 13:42:54,656 INFO  MethodCallReplacementClassAdapter - Adding mock interface to class org/apache/hadoop/thirdparty/protobuf/DescriptorProtos$FieldDescriptorProto$Label$1
2024-11-12 13:42:54,656 INFO  EvoClassLoader - Keeping class: org.apache.hadoop.thirdparty.protobuf.DescriptorProtos$FieldDescriptorProto$Label$1
2024-11-12 13:42:54,656 INFO  EvoClassLoader - Seeing class for first time: org.apache.hadoop.hdfs.protocol.proto.HdfsServerProtos$ExportedBlockKeysProto
2024-11-12 13:42:54,656 INFO  EvoClassLoader - Instrumenting class 'org.apache.hadoop.hdfs.protocol.proto.HdfsServerProtos$ExportedBlockKeysProto'.
2024-11-12 13:42:54,657 INFO  MethodCallReplacementClassAdapter - Adding mock interface to class org/apache/hadoop/hdfs/protocol/proto/HdfsServerProtos$ExportedBlockKeysProto
2024-11-12 13:42:54,657 INFO  CreateClassResetClassAdapter - Found static initializer in class org/apache/hadoop/hdfs/protocol/proto/HdfsServerProtos$ExportedBlockKeysProto
2024-11-12 13:42:54,658 INFO  EvoClassLoader - Seeing class for first time: org.apache.hadoop.hdfs.protocol.proto.HdfsServerProtos$ExportedBlockKeysProtoOrBuilder
2024-11-12 13:42:54,658 INFO  EvoClassLoader - Instrumenting class 'org.apache.hadoop.hdfs.protocol.proto.HdfsServerProtos$ExportedBlockKeysProtoOrBuilder'.
2024-11-12 13:42:54,658 INFO  EvoClassLoader - Keeping class: org.apache.hadoop.hdfs.protocol.proto.HdfsServerProtos$ExportedBlockKeysProtoOrBuilder
2024-11-12 13:42:54,658 INFO  EvoClassLoader - Keeping class: org.apache.hadoop.hdfs.protocol.proto.HdfsServerProtos$ExportedBlockKeysProto
2024-11-12 13:42:54,658 INFO  EvoClassLoader - Seeing class for first time: org.apache.hadoop.hdfs.protocol.proto.HdfsServerProtos$BlockKeyProtoOrBuilder
2024-11-12 13:42:54,658 INFO  EvoClassLoader - Instrumenting class 'org.apache.hadoop.hdfs.protocol.proto.HdfsServerProtos$BlockKeyProtoOrBuilder'.
2024-11-12 13:42:54,659 INFO  EvoClassLoader - Keeping class: org.apache.hadoop.hdfs.protocol.proto.HdfsServerProtos$BlockKeyProtoOrBuilder
2024-11-12 13:42:54,659 INFO  EvoClassLoader - Seeing class for first time: org.apache.hadoop.hdfs.protocol.proto.HdfsServerProtos$ExportedBlockKeysProto$1
2024-11-12 13:42:54,659 INFO  EvoClassLoader - Instrumenting class 'org.apache.hadoop.hdfs.protocol.proto.HdfsServerProtos$ExportedBlockKeysProto$1'.
2024-11-12 13:42:54,659 INFO  MethodCallReplacementClassAdapter - Adding mock interface to class org/apache/hadoop/hdfs/protocol/proto/HdfsServerProtos$ExportedBlockKeysProto$1
2024-11-12 13:42:54,660 INFO  EvoClassLoader - Keeping class: org.apache.hadoop.hdfs.protocol.proto.HdfsServerProtos$ExportedBlockKeysProto$1
2024-11-12 13:42:54,660 INFO  EvoClassLoader - Seeing class for first time: org.apache.hadoop.thirdparty.protobuf.DescriptorProtos$MessageOptionsOrBuilder
2024-11-12 13:42:54,660 INFO  EvoClassLoader - Instrumenting class 'org.apache.hadoop.thirdparty.protobuf.DescriptorProtos$MessageOptionsOrBuilder'.
2024-11-12 13:42:54,661 INFO  EvoClassLoader - Keeping class: org.apache.hadoop.thirdparty.protobuf.DescriptorProtos$MessageOptionsOrBuilder
2024-11-12 13:42:54,661 INFO  EvoClassLoader - Seeing class for first time: org.apache.hadoop.thirdparty.protobuf.DescriptorProtos$FieldOptionsOrBuilder
2024-11-12 13:42:54,661 INFO  EvoClassLoader - Instrumenting class 'org.apache.hadoop.thirdparty.protobuf.DescriptorProtos$FieldOptionsOrBuilder'.
2024-11-12 13:42:54,661 INFO  EvoClassLoader - Keeping class: org.apache.hadoop.thirdparty.protobuf.DescriptorProtos$FieldOptionsOrBuilder
2024-11-12 13:42:54,662 INFO  EvoClassLoader - Seeing class for first time: org.apache.hadoop.hdfs.protocol.proto.HdfsServerProtos$VersionResponseProtoOrBuilder
2024-11-12 13:42:54,662 INFO  EvoClassLoader - Instrumenting class 'org.apache.hadoop.hdfs.protocol.proto.HdfsServerProtos$VersionResponseProtoOrBuilder'.
2024-11-12 13:42:54,662 INFO  EvoClassLoader - Keeping class: org.apache.hadoop.hdfs.protocol.proto.HdfsServerProtos$VersionResponseProtoOrBuilder
2024-11-12 13:42:54,662 INFO  EvoClassLoader - Seeing class for first time: org.apache.hadoop.thirdparty.protobuf.DescriptorProtos$EnumDescriptorProto$1
2024-11-12 13:42:54,662 INFO  EvoClassLoader - Instrumenting class 'org.apache.hadoop.thirdparty.protobuf.DescriptorProtos$EnumDescriptorProto$1'.
2024-11-12 13:42:54,662 INFO  MethodCallReplacementClassAdapter - Adding mock interface to class org/apache/hadoop/thirdparty/protobuf/DescriptorProtos$EnumDescriptorProto$1
2024-11-12 13:42:54,663 INFO  EvoClassLoader - Keeping class: org.apache.hadoop.thirdparty.protobuf.DescriptorProtos$EnumDescriptorProto$1
2024-11-12 13:42:54,663 INFO  EvoClassLoader - Seeing class for first time: org.eclipse.jetty.util.component.Destroyable
2024-11-12 13:42:54,663 INFO  EvoClassLoader - Instrumenting class 'org.eclipse.jetty.util.component.Destroyable'.
2024-11-12 13:42:54,663 INFO  EvoClassLoader - Defined package (3): package org.eclipse.jetty.util.component, 1836137266
2024-11-12 13:42:54,663 INFO  EvoClassLoader - Keeping class: org.eclipse.jetty.util.component.Destroyable
2024-11-12 13:42:54,664 INFO  EvoClassLoader - Seeing class for first time: org.apache.hadoop.thirdparty.protobuf.DescriptorProtos$DescriptorProto$1
2024-11-12 13:42:54,664 INFO  EvoClassLoader - Instrumenting class 'org.apache.hadoop.thirdparty.protobuf.DescriptorProtos$DescriptorProto$1'.
2024-11-12 13:42:54,664 INFO  MethodCallReplacementClassAdapter - Adding mock interface to class org/apache/hadoop/thirdparty/protobuf/DescriptorProtos$DescriptorProto$1
2024-11-12 13:42:54,664 INFO  EvoClassLoader - Keeping class: org.apache.hadoop.thirdparty.protobuf.DescriptorProtos$DescriptorProto$1
2024-11-12 13:42:54,664 INFO  EvoClassLoader - Seeing class for first time: org.apache.hadoop.thirdparty.protobuf.DescriptorProtos$ExtensionRangeOptions
2024-11-12 13:42:54,664 INFO  EvoClassLoader - Instrumenting class 'org.apache.hadoop.thirdparty.protobuf.DescriptorProtos$ExtensionRangeOptions'.
2024-11-12 13:42:54,665 INFO  MethodCallReplacementClassAdapter - Adding mock interface to class org/apache/hadoop/thirdparty/protobuf/DescriptorProtos$ExtensionRangeOptions
2024-11-12 13:42:54,665 INFO  CreateClassResetClassAdapter - Found static initializer in class org/apache/hadoop/thirdparty/protobuf/DescriptorProtos$ExtensionRangeOptions
2024-11-12 13:42:54,665 INFO  EvoClassLoader - Seeing class for first time: org.apache.hadoop.thirdparty.protobuf.DescriptorProtos$ExtensionRangeOptionsOrBuilder
2024-11-12 13:42:54,666 INFO  EvoClassLoader - Instrumenting class 'org.apache.hadoop.thirdparty.protobuf.DescriptorProtos$ExtensionRangeOptionsOrBuilder'.
2024-11-12 13:42:54,666 INFO  EvoClassLoader - Keeping class: org.apache.hadoop.thirdparty.protobuf.DescriptorProtos$ExtensionRangeOptionsOrBuilder
2024-11-12 13:42:54,666 INFO  EvoClassLoader - Keeping class: org.apache.hadoop.thirdparty.protobuf.DescriptorProtos$ExtensionRangeOptions
2024-11-12 13:42:54,666 INFO  EvoClassLoader - Seeing class for first time: org.apache.hadoop.thirdparty.protobuf.DescriptorProtos$ExtensionRangeOptions$1
2024-11-12 13:42:54,666 INFO  EvoClassLoader - Instrumenting class 'org.apache.hadoop.thirdparty.protobuf.DescriptorProtos$ExtensionRangeOptions$1'.
2024-11-12 13:42:54,667 INFO  MethodCallReplacementClassAdapter - Adding mock interface to class org/apache/hadoop/thirdparty/protobuf/DescriptorProtos$ExtensionRangeOptions$1
2024-11-12 13:42:54,667 INFO  EvoClassLoader - Keeping class: org.apache.hadoop.thirdparty.protobuf.DescriptorProtos$ExtensionRangeOptions$1
2024-11-12 13:42:54,667 INFO  EvoClassLoader - Seeing class for first time: org.apache.hadoop.thirdparty.protobuf.BlockingRpcChannel
2024-11-12 13:42:54,667 INFO  EvoClassLoader - Instrumenting class 'org.apache.hadoop.thirdparty.protobuf.BlockingRpcChannel'.
2024-11-12 13:42:54,668 INFO  EvoClassLoader - Keeping class: org.apache.hadoop.thirdparty.protobuf.BlockingRpcChannel
2024-11-12 13:42:54,668 INFO  EvoClassLoader - Seeing class for first time: org.apache.hadoop.hdfs.protocol.proto.NamenodeProtocolProtos$EndCheckpointRequestProtoOrBuilder
2024-11-12 13:42:54,668 INFO  EvoClassLoader - Instrumenting class 'org.apache.hadoop.hdfs.protocol.proto.NamenodeProtocolProtos$EndCheckpointRequestProtoOrBuilder'.
2024-11-12 13:42:54,668 INFO  EvoClassLoader - Keeping class: org.apache.hadoop.hdfs.protocol.proto.NamenodeProtocolProtos$EndCheckpointRequestProtoOrBuilder
2024-11-12 13:42:54,668 INFO  EvoClassLoader - Seeing class for first time: org.apache.hadoop.thirdparty.protobuf.TextFormat
2024-11-12 13:42:54,668 INFO  EvoClassLoader - Instrumenting class 'org.apache.hadoop.thirdparty.protobuf.TextFormat'.
2024-11-12 13:42:54,668 INFO  MethodCallReplacementClassAdapter - Adding mock interface to class org/apache/hadoop/thirdparty/protobuf/TextFormat
2024-11-12 13:42:54,669 INFO  CreateClassResetClassAdapter - Found static initializer in class org/apache/hadoop/thirdparty/protobuf/TextFormat
2024-11-12 13:42:54,670 INFO  EvoClassLoader - Keeping class: org.apache.hadoop.thirdparty.protobuf.TextFormat
2024-11-12 13:42:54,670 INFO  EvoClassLoader - Seeing class for first time: org.apache.hadoop.thirdparty.protobuf.TextFormat$InvalidEscapeSequenceException
2024-11-12 13:42:54,670 INFO  EvoClassLoader - Instrumenting class 'org.apache.hadoop.thirdparty.protobuf.TextFormat$InvalidEscapeSequenceException'.
2024-11-12 13:42:54,670 INFO  MethodCallReplacementClassAdapter - Adding mock interface to class org/apache/hadoop/thirdparty/protobuf/TextFormat$InvalidEscapeSequenceException
2024-11-12 13:42:54,670 INFO  CreateClassResetClassAdapter - Creating brand-new static initializer in class org/apache/hadoop/thirdparty/protobuf/TextFormat$InvalidEscapeSequenceException
2024-11-12 13:42:54,670 INFO  EvoClassLoader - Keeping class: org.apache.hadoop.thirdparty.protobuf.TextFormat$InvalidEscapeSequenceException
2024-11-12 13:42:54,671 INFO  EvoClassLoader - Seeing class for first time: org.apache.hadoop.thirdparty.protobuf.TextFormat$Parser
2024-11-12 13:42:54,671 INFO  EvoClassLoader - Instrumenting class 'org.apache.hadoop.thirdparty.protobuf.TextFormat$Parser'.
2024-11-12 13:42:54,671 INFO  MethodCallReplacementClassAdapter - Adding mock interface to class org/apache/hadoop/thirdparty/protobuf/TextFormat$Parser
2024-11-12 13:42:54,675 INFO  CreateClassResetClassAdapter - Creating brand-new static initializer in class org/apache/hadoop/thirdparty/protobuf/TextFormat$Parser
2024-11-12 13:42:54,675 INFO  CreateClassResetClassAdapter - Adding bytecode for initializing field BUFFER_SIZE
2024-11-12 13:42:54,676 INFO  EvoClassLoader - Keeping class: org.apache.hadoop.thirdparty.protobuf.TextFormat$Parser
2024-11-12 13:42:54,676 INFO  EvoClassLoader - Seeing class for first time: org.apache.hadoop.thirdparty.protobuf.TextFormat$ParseException
2024-11-12 13:42:54,676 INFO  EvoClassLoader - Instrumenting class 'org.apache.hadoop.thirdparty.protobuf.TextFormat$ParseException'.
2024-11-12 13:42:54,676 INFO  MethodCallReplacementClassAdapter - Adding mock interface to class org/apache/hadoop/thirdparty/protobuf/TextFormat$ParseException
2024-11-12 13:42:54,676 INFO  CreateClassResetClassAdapter - Creating brand-new static initializer in class org/apache/hadoop/thirdparty/protobuf/TextFormat$ParseException
2024-11-12 13:42:54,676 INFO  EvoClassLoader - Keeping class: org.apache.hadoop.thirdparty.protobuf.TextFormat$ParseException
2024-11-12 13:42:54,677 INFO  EvoClassLoader - Seeing class for first time: org.apache.hadoop.thirdparty.protobuf.TextFormat$Parser$Builder
2024-11-12 13:42:54,677 INFO  EvoClassLoader - Instrumenting class 'org.apache.hadoop.thirdparty.protobuf.TextFormat$Parser$Builder'.
2024-11-12 13:42:54,677 INFO  MethodCallReplacementClassAdapter - Adding mock interface to class org/apache/hadoop/thirdparty/protobuf/TextFormat$Parser$Builder
2024-11-12 13:42:54,677 INFO  CreateClassResetClassAdapter - Creating brand-new static initializer in class org/apache/hadoop/thirdparty/protobuf/TextFormat$Parser$Builder
2024-11-12 13:42:54,677 INFO  EvoClassLoader - Keeping class: org.apache.hadoop.thirdparty.protobuf.TextFormat$Parser$Builder
2024-11-12 13:42:54,677 INFO  EvoClassLoader - Seeing class for first time: org.apache.hadoop.thirdparty.protobuf.TextFormat$Parser$SingularOverwritePolicy
2024-11-12 13:42:54,677 INFO  EvoClassLoader - Instrumenting class 'org.apache.hadoop.thirdparty.protobuf.TextFormat$Parser$SingularOverwritePolicy'.
2024-11-12 13:42:54,678 INFO  MethodCallReplacementClassAdapter - Adding mock interface to class org/apache/hadoop/thirdparty/protobuf/TextFormat$Parser$SingularOverwritePolicy
2024-11-12 13:42:54,678 INFO  CreateClassResetClassAdapter - Found static initializer in class org/apache/hadoop/thirdparty/protobuf/TextFormat$Parser$SingularOverwritePolicy
2024-11-12 13:42:54,678 INFO  EvoClassLoader - Keeping class: org.apache.hadoop.thirdparty.protobuf.TextFormat$Parser$SingularOverwritePolicy
2024-11-12 13:42:54,678 INFO  EvoClassLoader - Seeing class for first time: org.apache.hadoop.thirdparty.protobuf.TypeRegistry$EmptyTypeRegistryHolder
2024-11-12 13:42:54,678 INFO  EvoClassLoader - Instrumenting class 'org.apache.hadoop.thirdparty.protobuf.TypeRegistry$EmptyTypeRegistryHolder'.
2024-11-12 13:42:54,678 INFO  MethodCallReplacementClassAdapter - Adding mock interface to class org/apache/hadoop/thirdparty/protobuf/TypeRegistry$EmptyTypeRegistryHolder
2024-11-12 13:42:54,678 INFO  CreateClassResetClassAdapter - Found static initializer in class org/apache/hadoop/thirdparty/protobuf/TypeRegistry$EmptyTypeRegistryHolder
2024-11-12 13:42:54,679 INFO  EvoClassLoader - Keeping class: org.apache.hadoop.thirdparty.protobuf.TypeRegistry$EmptyTypeRegistryHolder
2024-11-12 13:42:54,679 INFO  EvoClassLoader - Seeing class for first time: org.apache.hadoop.hdfs.protocol.proto.HdfsProtos$DatanodeIDProto
2024-11-12 13:42:54,679 INFO  EvoClassLoader - Instrumenting class 'org.apache.hadoop.hdfs.protocol.proto.HdfsProtos$DatanodeIDProto'.
2024-11-12 13:42:54,679 INFO  MethodCallReplacementClassAdapter - Adding mock interface to class org/apache/hadoop/hdfs/protocol/proto/HdfsProtos$DatanodeIDProto
2024-11-12 13:42:54,680 INFO  CreateClassResetClassAdapter - Found static initializer in class org/apache/hadoop/hdfs/protocol/proto/HdfsProtos$DatanodeIDProto
2024-11-12 13:42:54,680 INFO  EvoClassLoader - Seeing class for first time: org.apache.hadoop.hdfs.protocol.proto.HdfsProtos$DatanodeIDProtoOrBuilder
2024-11-12 13:42:54,680 INFO  EvoClassLoader - Instrumenting class 'org.apache.hadoop.hdfs.protocol.proto.HdfsProtos$DatanodeIDProtoOrBuilder'.
2024-11-12 13:42:54,681 INFO  EvoClassLoader - Keeping class: org.apache.hadoop.hdfs.protocol.proto.HdfsProtos$DatanodeIDProtoOrBuilder
2024-11-12 13:42:54,681 INFO  EvoClassLoader - Keeping class: org.apache.hadoop.hdfs.protocol.proto.HdfsProtos$DatanodeIDProto
2024-11-12 13:42:54,681 INFO  EvoClassLoader - Seeing class for first time: org.apache.hadoop.hdfs.protocol.proto.HdfsProtos$DatanodeIDProto$1
2024-11-12 13:42:54,681 INFO  EvoClassLoader - Instrumenting class 'org.apache.hadoop.hdfs.protocol.proto.HdfsProtos$DatanodeIDProto$1'.
2024-11-12 13:42:54,682 INFO  MethodCallReplacementClassAdapter - Adding mock interface to class org/apache/hadoop/hdfs/protocol/proto/HdfsProtos$DatanodeIDProto$1
2024-11-12 13:42:54,682 INFO  EvoClassLoader - Keeping class: org.apache.hadoop.hdfs.protocol.proto.HdfsProtos$DatanodeIDProto$1
2024-11-12 13:42:54,683 INFO  EvoClassLoader - Seeing class for first time: org.apache.hadoop.thirdparty.protobuf.GeneratedMessageV3$ExtendableMessage$ExtensionWriter
2024-11-12 13:42:54,683 INFO  EvoClassLoader - Instrumenting class 'org.apache.hadoop.thirdparty.protobuf.GeneratedMessageV3$ExtendableMessage$ExtensionWriter'.
2024-11-12 13:42:54,683 INFO  MethodCallReplacementClassAdapter - Adding mock interface to class org/apache/hadoop/thirdparty/protobuf/GeneratedMessageV3$ExtendableMessage$ExtensionWriter
2024-11-12 13:42:54,683 INFO  CreateClassResetClassAdapter - Creating brand-new static initializer in class org/apache/hadoop/thirdparty/protobuf/GeneratedMessageV3$ExtendableMessage$ExtensionWriter
2024-11-12 13:42:54,684 INFO  EvoClassLoader - Keeping class: org.apache.hadoop.thirdparty.protobuf.GeneratedMessageV3$ExtendableMessage$ExtensionWriter
2024-11-12 13:42:54,684 INFO  EvoClassLoader - Seeing class for first time: org.apache.hadoop.hdfs.protocol.proto.NamenodeProtocolProtos$IsRollingUpgradeRequestProtoOrBuilder
2024-11-12 13:42:54,684 INFO  EvoClassLoader - Instrumenting class 'org.apache.hadoop.hdfs.protocol.proto.NamenodeProtocolProtos$IsRollingUpgradeRequestProtoOrBuilder'.
2024-11-12 13:42:54,684 INFO  EvoClassLoader - Keeping class: org.apache.hadoop.hdfs.protocol.proto.NamenodeProtocolProtos$IsRollingUpgradeRequestProtoOrBuilder
2024-11-12 13:42:54,684 INFO  EvoClassLoader - Seeing class for first time: org.apache.hadoop.hdfs.protocol.proto.HdfsServerProtos$RemoteEditLogManifestProtoOrBuilder
2024-11-12 13:42:54,684 INFO  EvoClassLoader - Instrumenting class 'org.apache.hadoop.hdfs.protocol.proto.HdfsServerProtos$RemoteEditLogManifestProtoOrBuilder'.
2024-11-12 13:42:54,685 INFO  EvoClassLoader - Keeping class: org.apache.hadoop.hdfs.protocol.proto.HdfsServerProtos$RemoteEditLogManifestProtoOrBuilder
2024-11-12 13:42:54,685 INFO  EvoClassLoader - Seeing class for first time: org.apache.hadoop.hdfs.protocol.proto.HdfsServerProtos$RecoveringBlockProtoOrBuilder
2024-11-12 13:42:54,685 INFO  EvoClassLoader - Instrumenting class 'org.apache.hadoop.hdfs.protocol.proto.HdfsServerProtos$RecoveringBlockProtoOrBuilder'.
2024-11-12 13:42:54,685 INFO  EvoClassLoader - Keeping class: org.apache.hadoop.hdfs.protocol.proto.HdfsServerProtos$RecoveringBlockProtoOrBuilder
2024-11-12 13:42:54,685 INFO  EvoClassLoader - Seeing class for first time: org.apache.hadoop.thirdparty.protobuf.DescriptorProtos$EnumValueDescriptorProtoOrBuilder
2024-11-12 13:42:54,685 INFO  EvoClassLoader - Instrumenting class 'org.apache.hadoop.thirdparty.protobuf.DescriptorProtos$EnumValueDescriptorProtoOrBuilder'.
2024-11-12 13:42:54,686 INFO  EvoClassLoader - Keeping class: org.apache.hadoop.thirdparty.protobuf.DescriptorProtos$EnumValueDescriptorProtoOrBuilder
2024-11-12 13:42:54,686 INFO  EvoClassLoader - Seeing class for first time: org.apache.hadoop.thirdparty.protobuf.GeneratedMessageV3$FieldAccessorTable$SingularStringFieldAccessor
2024-11-12 13:42:54,686 INFO  EvoClassLoader - Instrumenting class 'org.apache.hadoop.thirdparty.protobuf.GeneratedMessageV3$FieldAccessorTable$SingularStringFieldAccessor'.
2024-11-12 13:42:54,686 INFO  MethodCallReplacementClassAdapter - Adding mock interface to class org/apache/hadoop/thirdparty/protobuf/GeneratedMessageV3$FieldAccessorTable$SingularStringFieldAccessor
2024-11-12 13:42:54,686 INFO  CreateClassResetClassAdapter - Creating brand-new static initializer in class org/apache/hadoop/thirdparty/protobuf/GeneratedMessageV3$FieldAccessorTable$SingularStringFieldAccessor
2024-11-12 13:42:54,686 INFO  EvoClassLoader - Seeing class for first time: org.apache.hadoop.thirdparty.protobuf.GeneratedMessageV3$FieldAccessorTable$SingularFieldAccessor
2024-11-12 13:42:54,686 INFO  EvoClassLoader - Instrumenting class 'org.apache.hadoop.thirdparty.protobuf.GeneratedMessageV3$FieldAccessorTable$SingularFieldAccessor'.
2024-11-12 13:42:54,686 INFO  MethodCallReplacementClassAdapter - Adding mock interface to class org/apache/hadoop/thirdparty/protobuf/GeneratedMessageV3$FieldAccessorTable$SingularFieldAccessor
2024-11-12 13:42:54,686 INFO  CreateClassResetClassAdapter - Creating brand-new static initializer in class org/apache/hadoop/thirdparty/protobuf/GeneratedMessageV3$FieldAccessorTable$SingularFieldAccessor
2024-11-12 13:42:54,687 INFO  EvoClassLoader - Seeing class for first time: org.apache.hadoop.thirdparty.protobuf.GeneratedMessageV3$FieldAccessorTable$FieldAccessor
2024-11-12 13:42:54,687 INFO  EvoClassLoader - Instrumenting class 'org.apache.hadoop.thirdparty.protobuf.GeneratedMessageV3$FieldAccessorTable$FieldAccessor'.
2024-11-12 13:42:54,687 INFO  EvoClassLoader - Keeping class: org.apache.hadoop.thirdparty.protobuf.GeneratedMessageV3$FieldAccessorTable$FieldAccessor
2024-11-12 13:42:54,687 INFO  EvoClassLoader - Keeping class: org.apache.hadoop.thirdparty.protobuf.GeneratedMessageV3$FieldAccessorTable$SingularFieldAccessor
2024-11-12 13:42:54,687 INFO  EvoClassLoader - Keeping class: org.apache.hadoop.thirdparty.protobuf.GeneratedMessageV3$FieldAccessorTable$SingularStringFieldAccessor
2024-11-12 13:42:54,687 INFO  EvoClassLoader - Seeing class for first time: org.apache.hadoop.thirdparty.protobuf.GeneratedMessageV3$FieldAccessorTable$SingularFieldAccessor$MethodInvoker
2024-11-12 13:42:54,687 INFO  EvoClassLoader - Instrumenting class 'org.apache.hadoop.thirdparty.protobuf.GeneratedMessageV3$FieldAccessorTable$SingularFieldAccessor$MethodInvoker'.
2024-11-12 13:42:54,687 INFO  EvoClassLoader - Keeping class: org.apache.hadoop.thirdparty.protobuf.GeneratedMessageV3$FieldAccessorTable$SingularFieldAccessor$MethodInvoker
2024-11-12 13:42:54,688 INFO  EvoClassLoader - Seeing class for first time: org.apache.hadoop.hdfs.protocol.proto.HdfsServerProtos$RemoteEditLogManifestProto$1
2024-11-12 13:42:54,688 INFO  EvoClassLoader - Instrumenting class 'org.apache.hadoop.hdfs.protocol.proto.HdfsServerProtos$RemoteEditLogManifestProto$1'.
2024-11-12 13:42:54,688 INFO  MethodCallReplacementClassAdapter - Adding mock interface to class org/apache/hadoop/hdfs/protocol/proto/HdfsServerProtos$RemoteEditLogManifestProto$1
2024-11-12 13:42:54,688 INFO  EvoClassLoader - Keeping class: org.apache.hadoop.hdfs.protocol.proto.HdfsServerProtos$RemoteEditLogManifestProto$1
2024-11-12 13:42:54,688 INFO  EvoClassLoader - Seeing class for first time: org.apache.hadoop.thirdparty.protobuf.Descriptors$NumberGetter
2024-11-12 13:42:54,688 INFO  EvoClassLoader - Instrumenting class 'org.apache.hadoop.thirdparty.protobuf.Descriptors$NumberGetter'.
2024-11-12 13:42:54,688 INFO  EvoClassLoader - Keeping class: org.apache.hadoop.thirdparty.protobuf.Descriptors$NumberGetter
2024-11-12 13:42:54,689 INFO  EvoClassLoader - Seeing class for first time: org.apache.hadoop.thirdparty.protobuf.Descriptors$DescriptorValidationException
2024-11-12 13:42:54,689 INFO  EvoClassLoader - Instrumenting class 'org.apache.hadoop.thirdparty.protobuf.Descriptors$DescriptorValidationException'.
2024-11-12 13:42:54,689 INFO  MethodCallReplacementClassAdapter - Adding mock interface to class org/apache/hadoop/thirdparty/protobuf/Descriptors$DescriptorValidationException
2024-11-12 13:42:54,689 INFO  CreateClassResetClassAdapter - Creating brand-new static initializer in class org/apache/hadoop/thirdparty/protobuf/Descriptors$DescriptorValidationException
2024-11-12 13:42:54,689 INFO  EvoClassLoader - Keeping class: org.apache.hadoop.thirdparty.protobuf.Descriptors$DescriptorValidationException
2024-11-12 13:42:54,690 INFO  EvoClassLoader - Seeing class for first time: org.apache.hadoop.thirdparty.protobuf.Descriptors$FieldDescriptor$1
2024-11-12 13:42:54,690 INFO  EvoClassLoader - Instrumenting class 'org.apache.hadoop.thirdparty.protobuf.Descriptors$FieldDescriptor$1'.
2024-11-12 13:42:54,690 INFO  MethodCallReplacementClassAdapter - Adding mock interface to class org/apache/hadoop/thirdparty/protobuf/Descriptors$FieldDescriptor$1
2024-11-12 13:42:54,690 INFO  EvoClassLoader - Keeping class: org.apache.hadoop.thirdparty.protobuf.Descriptors$FieldDescriptor$1
2024-11-12 13:42:54,690 INFO  EvoClassLoader - Seeing class for first time: org.apache.hadoop.thirdparty.protobuf.WireFormat$FieldType
2024-11-12 13:42:54,690 INFO  EvoClassLoader - Instrumenting class 'org.apache.hadoop.thirdparty.protobuf.WireFormat$FieldType'.
2024-11-12 13:42:54,690 INFO  MethodCallReplacementClassAdapter - Adding mock interface to class org/apache/hadoop/thirdparty/protobuf/WireFormat$FieldType
2024-11-12 13:42:54,690 INFO  CreateClassResetClassAdapter - Found static initializer in class org/apache/hadoop/thirdparty/protobuf/WireFormat$FieldType
2024-11-12 13:42:54,690 INFO  EvoClassLoader - Keeping class: org.apache.hadoop.thirdparty.protobuf.WireFormat$FieldType
2024-11-12 13:42:54,690 INFO  EvoClassLoader - Seeing class for first time: org.apache.hadoop.thirdparty.protobuf.WireFormat$FieldType$1
2024-11-12 13:42:54,690 INFO  EvoClassLoader - Instrumenting class 'org.apache.hadoop.thirdparty.protobuf.WireFormat$FieldType$1'.
2024-11-12 13:42:54,691 INFO  MethodCallReplacementClassAdapter - Adding mock interface to class org/apache/hadoop/thirdparty/protobuf/WireFormat$FieldType$1
2024-11-12 13:42:54,691 INFO  EvoClassLoader - Keeping class: org.apache.hadoop.thirdparty.protobuf.WireFormat$FieldType$1
2024-11-12 13:42:54,691 INFO  EvoClassLoader - Seeing class for first time: org.apache.hadoop.thirdparty.protobuf.WireFormat$FieldType$2
2024-11-12 13:42:54,691 INFO  EvoClassLoader - Instrumenting class 'org.apache.hadoop.thirdparty.protobuf.WireFormat$FieldType$2'.
2024-11-12 13:42:54,691 INFO  MethodCallReplacementClassAdapter - Adding mock interface to class org/apache/hadoop/thirdparty/protobuf/WireFormat$FieldType$2
2024-11-12 13:42:54,691 INFO  EvoClassLoader - Keeping class: org.apache.hadoop.thirdparty.protobuf.WireFormat$FieldType$2
2024-11-12 13:42:54,691 INFO  EvoClassLoader - Seeing class for first time: org.apache.hadoop.thirdparty.protobuf.WireFormat$FieldType$3
2024-11-12 13:42:54,691 INFO  EvoClassLoader - Instrumenting class 'org.apache.hadoop.thirdparty.protobuf.WireFormat$FieldType$3'.
2024-11-12 13:42:54,691 INFO  MethodCallReplacementClassAdapter - Adding mock interface to class org/apache/hadoop/thirdparty/protobuf/WireFormat$FieldType$3
2024-11-12 13:42:54,691 INFO  EvoClassLoader - Keeping class: org.apache.hadoop.thirdparty.protobuf.WireFormat$FieldType$3
2024-11-12 13:42:54,691 INFO  EvoClassLoader - Seeing class for first time: org.apache.hadoop.thirdparty.protobuf.WireFormat$FieldType$4
2024-11-12 13:42:54,691 INFO  EvoClassLoader - Instrumenting class 'org.apache.hadoop.thirdparty.protobuf.WireFormat$FieldType$4'.
2024-11-12 13:42:54,691 INFO  MethodCallReplacementClassAdapter - Adding mock interface to class org/apache/hadoop/thirdparty/protobuf/WireFormat$FieldType$4
2024-11-12 13:42:54,691 INFO  EvoClassLoader - Keeping class: org.apache.hadoop.thirdparty.protobuf.WireFormat$FieldType$4
2024-11-12 13:42:54,691 INFO  EvoClassLoader - Seeing class for first time: org.apache.hadoop.thirdparty.protobuf.WireFormat$JavaType
2024-11-12 13:42:54,691 INFO  EvoClassLoader - Instrumenting class 'org.apache.hadoop.thirdparty.protobuf.WireFormat$JavaType'.
2024-11-12 13:42:54,692 INFO  MethodCallReplacementClassAdapter - Adding mock interface to class org/apache/hadoop/thirdparty/protobuf/WireFormat$JavaType
2024-11-12 13:42:54,692 INFO  CreateClassResetClassAdapter - Found static initializer in class org/apache/hadoop/thirdparty/protobuf/WireFormat$JavaType
2024-11-12 13:42:54,692 INFO  EvoClassLoader - Keeping class: org.apache.hadoop.thirdparty.protobuf.WireFormat$JavaType
2024-11-12 13:42:54,692 INFO  EvoClassLoader - Seeing class for first time: org.apache.hadoop.thirdparty.protobuf.ByteString
2024-11-12 13:42:54,692 INFO  EvoClassLoader - Instrumenting class 'org.apache.hadoop.thirdparty.protobuf.ByteString'.
2024-11-12 13:42:54,692 INFO  MethodCallReplacementClassAdapter - Adding mock interface to class org/apache/hadoop/thirdparty/protobuf/ByteString
2024-11-12 13:42:54,693 INFO  CreateClassResetClassAdapter - Found static initializer in class org/apache/hadoop/thirdparty/protobuf/ByteString
2024-11-12 13:42:54,694 INFO  EvoClassLoader - Keeping class: org.apache.hadoop.thirdparty.protobuf.ByteString
2024-11-12 13:42:54,694 INFO  EvoClassLoader - Seeing class for first time: org.apache.hadoop.thirdparty.protobuf.ByteString$LiteralByteString
2024-11-12 13:42:54,694 INFO  EvoClassLoader - Instrumenting class 'org.apache.hadoop.thirdparty.protobuf.ByteString$LiteralByteString'.
2024-11-12 13:42:54,695 INFO  MethodCallReplacementClassAdapter - Adding mock interface to class org/apache/hadoop/thirdparty/protobuf/ByteString$LiteralByteString
2024-11-12 13:42:54,696 INFO  CreateClassResetClassAdapter - Creating brand-new static initializer in class org/apache/hadoop/thirdparty/protobuf/ByteString$LiteralByteString
2024-11-12 13:42:54,696 INFO  EvoClassLoader - Seeing class for first time: org.apache.hadoop.thirdparty.protobuf.ByteString$LeafByteString
2024-11-12 13:42:54,696 INFO  EvoClassLoader - Instrumenting class 'org.apache.hadoop.thirdparty.protobuf.ByteString$LeafByteString'.
2024-11-12 13:42:54,697 INFO  MethodCallReplacementClassAdapter - Adding mock interface to class org/apache/hadoop/thirdparty/protobuf/ByteString$LeafByteString
2024-11-12 13:42:54,697 INFO  CreateClassResetClassAdapter - Creating brand-new static initializer in class org/apache/hadoop/thirdparty/protobuf/ByteString$LeafByteString
2024-11-12 13:42:54,697 INFO  EvoClassLoader - Keeping class: org.apache.hadoop.thirdparty.protobuf.ByteString$LeafByteString
2024-11-12 13:42:54,697 INFO  EvoClassLoader - Keeping class: org.apache.hadoop.thirdparty.protobuf.ByteString$LiteralByteString
2024-11-12 13:42:54,698 INFO  EvoClassLoader - Seeing class for first time: org.apache.hadoop.thirdparty.protobuf.ByteString$ByteArrayCopier
2024-11-12 13:42:54,698 INFO  EvoClassLoader - Instrumenting class 'org.apache.hadoop.thirdparty.protobuf.ByteString$ByteArrayCopier'.
2024-11-12 13:42:54,698 INFO  EvoClassLoader - Keeping class: org.apache.hadoop.thirdparty.protobuf.ByteString$ByteArrayCopier
2024-11-12 13:42:54,698 INFO  EvoClassLoader - Seeing class for first time: org.apache.hadoop.thirdparty.protobuf.ByteString$ByteIterator
2024-11-12 13:42:54,698 INFO  EvoClassLoader - Instrumenting class 'org.apache.hadoop.thirdparty.protobuf.ByteString$ByteIterator'.
2024-11-12 13:42:54,699 INFO  EvoClassLoader - Keeping class: org.apache.hadoop.thirdparty.protobuf.ByteString$ByteIterator
2024-11-12 13:42:54,699 INFO  EvoClassLoader - Seeing class for first time: org.apache.hadoop.thirdparty.protobuf.NioByteString
2024-11-12 13:42:54,699 INFO  EvoClassLoader - Instrumenting class 'org.apache.hadoop.thirdparty.protobuf.NioByteString'.
2024-11-12 13:42:54,699 INFO  MethodCallReplacementClassAdapter - Adding mock interface to class org/apache/hadoop/thirdparty/protobuf/NioByteString
2024-11-12 13:42:54,700 INFO  CreateClassResetClassAdapter - Creating brand-new static initializer in class org/apache/hadoop/thirdparty/protobuf/NioByteString
2024-11-12 13:42:54,701 INFO  EvoClassLoader - Keeping class: org.apache.hadoop.thirdparty.protobuf.NioByteString
2024-11-12 13:42:54,701 INFO  EvoClassLoader - Seeing class for first time: org.apache.hadoop.thirdparty.protobuf.ByteString$BoundedByteString
2024-11-12 13:42:54,701 INFO  EvoClassLoader - Instrumenting class 'org.apache.hadoop.thirdparty.protobuf.ByteString$BoundedByteString'.
2024-11-12 13:42:54,701 INFO  MethodCallReplacementClassAdapter - Adding mock interface to class org/apache/hadoop/thirdparty/protobuf/ByteString$BoundedByteString
2024-11-12 13:42:54,701 INFO  CreateClassResetClassAdapter - Creating brand-new static initializer in class org/apache/hadoop/thirdparty/protobuf/ByteString$BoundedByteString
2024-11-12 13:42:54,701 INFO  EvoClassLoader - Keeping class: org.apache.hadoop.thirdparty.protobuf.ByteString$BoundedByteString
2024-11-12 13:42:54,701 INFO  EvoClassLoader - Seeing class for first time: org.apache.hadoop.thirdparty.protobuf.Internal
2024-11-12 13:42:54,701 INFO  EvoClassLoader - Instrumenting class 'org.apache.hadoop.thirdparty.protobuf.Internal'.
2024-11-12 13:42:54,702 INFO  MethodCallReplacementClassAdapter - Adding mock interface to class org/apache/hadoop/thirdparty/protobuf/Internal
2024-11-12 13:42:54,702 INFO  CreateClassResetClassAdapter - Found static initializer in class org/apache/hadoop/thirdparty/protobuf/Internal
2024-11-12 13:42:54,703 INFO  EvoClassLoader - Keeping class: org.apache.hadoop.thirdparty.protobuf.Internal
2024-11-12 13:42:54,703 INFO  EvoClassLoader - Seeing class for first time: org.apache.hadoop.thirdparty.protobuf.InvalidProtocolBufferException$InvalidWireTypeException
2024-11-12 13:42:54,703 INFO  EvoClassLoader - Instrumenting class 'org.apache.hadoop.thirdparty.protobuf.InvalidProtocolBufferException$InvalidWireTypeException'.
2024-11-12 13:42:54,703 INFO  MethodCallReplacementClassAdapter - Adding mock interface to class org/apache/hadoop/thirdparty/protobuf/InvalidProtocolBufferException$InvalidWireTypeException
2024-11-12 13:42:54,703 INFO  CreateClassResetClassAdapter - Creating brand-new static initializer in class org/apache/hadoop/thirdparty/protobuf/InvalidProtocolBufferException$InvalidWireTypeException
2024-11-12 13:42:54,704 INFO  EvoClassLoader - Keeping class: org.apache.hadoop.thirdparty.protobuf.InvalidProtocolBufferException$InvalidWireTypeException
2024-11-12 13:42:54,704 INFO  EvoClassLoader - Seeing class for first time: org.apache.hadoop.thirdparty.protobuf.ByteString$ArraysByteArrayCopier
2024-11-12 13:42:54,704 INFO  EvoClassLoader - Instrumenting class 'org.apache.hadoop.thirdparty.protobuf.ByteString$ArraysByteArrayCopier'.
2024-11-12 13:42:54,704 INFO  MethodCallReplacementClassAdapter - Adding mock interface to class org/apache/hadoop/thirdparty/protobuf/ByteString$ArraysByteArrayCopier
2024-11-12 13:42:54,704 INFO  CreateClassResetClassAdapter - Creating brand-new static initializer in class org/apache/hadoop/thirdparty/protobuf/ByteString$ArraysByteArrayCopier
2024-11-12 13:42:54,704 INFO  EvoClassLoader - Keeping class: org.apache.hadoop.thirdparty.protobuf.ByteString$ArraysByteArrayCopier
2024-11-12 13:42:54,704 INFO  EvoClassLoader - Seeing class for first time: org.apache.hadoop.thirdparty.protobuf.ByteString$2
2024-11-12 13:42:54,704 INFO  EvoClassLoader - Instrumenting class 'org.apache.hadoop.thirdparty.protobuf.ByteString$2'.
2024-11-12 13:42:54,704 INFO  MethodCallReplacementClassAdapter - Adding mock interface to class org/apache/hadoop/thirdparty/protobuf/ByteString$2
2024-11-12 13:42:54,704 INFO  EvoClassLoader - Keeping class: org.apache.hadoop.thirdparty.protobuf.ByteString$2
2024-11-12 13:42:54,705 INFO  EvoClassLoader - Seeing class for first time: org.apache.hadoop.thirdparty.protobuf.Descriptors$FieldDescriptor$Type
2024-11-12 13:42:54,705 INFO  EvoClassLoader - Instrumenting class 'org.apache.hadoop.thirdparty.protobuf.Descriptors$FieldDescriptor$Type'.
2024-11-12 13:42:54,705 INFO  MethodCallReplacementClassAdapter - Adding mock interface to class org/apache/hadoop/thirdparty/protobuf/Descriptors$FieldDescriptor$Type
2024-11-12 13:42:54,705 INFO  CreateClassResetClassAdapter - Found static initializer in class org/apache/hadoop/thirdparty/protobuf/Descriptors$FieldDescriptor$Type
2024-11-12 13:42:54,705 INFO  EvoClassLoader - Keeping class: org.apache.hadoop.thirdparty.protobuf.Descriptors$FieldDescriptor$Type
2024-11-12 13:42:54,705 INFO  EvoClassLoader - Seeing class for first time: org.apache.hadoop.thirdparty.protobuf.Descriptors$FieldDescriptor$JavaType
2024-11-12 13:42:54,705 INFO  EvoClassLoader - Instrumenting class 'org.apache.hadoop.thirdparty.protobuf.Descriptors$FieldDescriptor$JavaType'.
2024-11-12 13:42:54,705 INFO  MethodCallReplacementClassAdapter - Adding mock interface to class org/apache/hadoop/thirdparty/protobuf/Descriptors$FieldDescriptor$JavaType
2024-11-12 13:42:54,705 INFO  CreateClassResetClassAdapter - Found static initializer in class org/apache/hadoop/thirdparty/protobuf/Descriptors$FieldDescriptor$JavaType
2024-11-12 13:42:54,705 INFO  EvoClassLoader - Keeping class: org.apache.hadoop.thirdparty.protobuf.Descriptors$FieldDescriptor$JavaType
2024-11-12 13:42:54,706 INFO  EvoClassLoader - Seeing class for first time: org.apache.hadoop.thirdparty.protobuf.DescriptorProtos$FieldDescriptorProto$Type
2024-11-12 13:42:54,706 INFO  EvoClassLoader - Instrumenting class 'org.apache.hadoop.thirdparty.protobuf.DescriptorProtos$FieldDescriptorProto$Type'.
2024-11-12 13:42:54,706 INFO  MethodCallReplacementClassAdapter - Adding mock interface to class org/apache/hadoop/thirdparty/protobuf/DescriptorProtos$FieldDescriptorProto$Type
2024-11-12 13:42:54,706 INFO  CreateClassResetClassAdapter - Found static initializer in class org/apache/hadoop/thirdparty/protobuf/DescriptorProtos$FieldDescriptorProto$Type
2024-11-12 13:42:54,707 INFO  EvoClassLoader - Keeping class: org.apache.hadoop.thirdparty.protobuf.DescriptorProtos$FieldDescriptorProto$Type
2024-11-12 13:42:54,707 INFO  EvoClassLoader - Seeing class for first time: org.apache.hadoop.thirdparty.protobuf.DescriptorProtos$FieldDescriptorProto$Type$1
2024-11-12 13:42:54,707 INFO  EvoClassLoader - Instrumenting class 'org.apache.hadoop.thirdparty.protobuf.DescriptorProtos$FieldDescriptorProto$Type$1'.
2024-11-12 13:42:54,707 INFO  MethodCallReplacementClassAdapter - Adding mock interface to class org/apache/hadoop/thirdparty/protobuf/DescriptorProtos$FieldDescriptorProto$Type$1
2024-11-12 13:42:54,707 INFO  EvoClassLoader - Keeping class: org.apache.hadoop.thirdparty.protobuf.DescriptorProtos$FieldDescriptorProto$Type$1
2024-11-12 13:42:54,707 INFO  EvoClassLoader - Seeing class for first time: org.apache.hadoop.thirdparty.protobuf.DescriptorProtos$DescriptorProto$ExtensionRangeOrBuilder
2024-11-12 13:42:54,707 INFO  EvoClassLoader - Instrumenting class 'org.apache.hadoop.thirdparty.protobuf.DescriptorProtos$DescriptorProto$ExtensionRangeOrBuilder'.
2024-11-12 13:42:54,707 INFO  EvoClassLoader - Keeping class: org.apache.hadoop.thirdparty.protobuf.DescriptorProtos$DescriptorProto$ExtensionRangeOrBuilder
2024-11-12 13:42:54,707 INFO  EvoClassLoader - Seeing class for first time: org.apache.hadoop.hdfs.protocol.proto.NamenodeProtocolProtos
2024-11-12 13:42:54,707 INFO  EvoClassLoader - Instrumenting class 'org.apache.hadoop.hdfs.protocol.proto.NamenodeProtocolProtos'.
2024-11-12 13:42:54,708 INFO  MethodCallReplacementClassAdapter - Adding mock interface to class org/apache/hadoop/hdfs/protocol/proto/NamenodeProtocolProtos
2024-11-12 13:42:54,708 INFO  CreateClassResetClassAdapter - Found static initializer in class org/apache/hadoop/hdfs/protocol/proto/NamenodeProtocolProtos
2024-11-12 13:42:54,709 INFO  EvoClassLoader - Keeping class: org.apache.hadoop.hdfs.protocol.proto.NamenodeProtocolProtos
2024-11-12 13:42:54,709 INFO  EvoClassLoader - Seeing class for first time: org.apache.hadoop.thirdparty.protobuf.Descriptors$FileDescriptor
2024-11-12 13:42:54,709 INFO  EvoClassLoader - Instrumenting class 'org.apache.hadoop.thirdparty.protobuf.Descriptors$FileDescriptor'.
2024-11-12 13:42:54,710 INFO  MethodCallReplacementClassAdapter - Adding mock interface to class org/apache/hadoop/thirdparty/protobuf/Descriptors$FileDescriptor
2024-11-12 13:42:54,711 INFO  CreateClassResetClassAdapter - Creating brand-new static initializer in class org/apache/hadoop/thirdparty/protobuf/Descriptors$FileDescriptor
2024-11-12 13:42:54,711 INFO  EvoClassLoader - Keeping class: org.apache.hadoop.thirdparty.protobuf.Descriptors$FileDescriptor
2024-11-12 13:42:54,711 INFO  EvoClassLoader - Seeing class for first time: org.apache.hadoop.hdfs.protocol.proto.HdfsProtos
2024-11-12 13:42:54,711 INFO  EvoClassLoader - Instrumenting class 'org.apache.hadoop.hdfs.protocol.proto.HdfsProtos'.
2024-11-12 13:42:54,712 INFO  MethodCallReplacementClassAdapter - Adding mock interface to class org/apache/hadoop/hdfs/protocol/proto/HdfsProtos
2024-11-12 13:42:54,712 INFO  CreateClassResetClassAdapter - Found static initializer in class org/apache/hadoop/hdfs/protocol/proto/HdfsProtos
2024-11-12 13:42:54,713 INFO  EvoClassLoader - Keeping class: org.apache.hadoop.hdfs.protocol.proto.HdfsProtos
2024-11-12 13:42:54,714 INFO  EvoClassLoader - Seeing class for first time: org.apache.hadoop.security.proto.SecurityProtos
2024-11-12 13:42:54,714 INFO  EvoClassLoader - Instrumenting class 'org.apache.hadoop.security.proto.SecurityProtos'.
2024-11-12 13:42:54,714 INFO  MethodCallReplacementClassAdapter - Adding mock interface to class org/apache/hadoop/security/proto/SecurityProtos
2024-11-12 13:42:54,715 INFO  CreateClassResetClassAdapter - Found static initializer in class org/apache/hadoop/security/proto/SecurityProtos
2024-11-12 13:42:54,715 INFO  EvoClassLoader - Defined package (3): package org.apache.hadoop.security.proto, -544553779
2024-11-12 13:42:54,715 INFO  EvoClassLoader - Keeping class: org.apache.hadoop.security.proto.SecurityProtos
2024-11-12 13:42:54,716 INFO  EvoClassLoader - Seeing class for first time: org.apache.hadoop.thirdparty.protobuf.DescriptorProtos$FileDescriptorProto
2024-11-12 13:42:54,716 INFO  EvoClassLoader - Instrumenting class 'org.apache.hadoop.thirdparty.protobuf.DescriptorProtos$FileDescriptorProto'.
2024-11-12 13:42:54,717 INFO  MethodCallReplacementClassAdapter - Adding mock interface to class org/apache/hadoop/thirdparty/protobuf/DescriptorProtos$FileDescriptorProto
2024-11-12 13:42:54,717 INFO  CreateClassResetClassAdapter - Found static initializer in class org/apache/hadoop/thirdparty/protobuf/DescriptorProtos$FileDescriptorProto
2024-11-12 13:42:54,718 INFO  EvoClassLoader - Seeing class for first time: org.apache.hadoop.thirdparty.protobuf.DescriptorProtos$FileDescriptorProtoOrBuilder
2024-11-12 13:42:54,718 INFO  EvoClassLoader - Instrumenting class 'org.apache.hadoop.thirdparty.protobuf.DescriptorProtos$FileDescriptorProtoOrBuilder'.
2024-11-12 13:42:54,718 INFO  EvoClassLoader - Keeping class: org.apache.hadoop.thirdparty.protobuf.DescriptorProtos$FileDescriptorProtoOrBuilder
2024-11-12 13:42:54,719 INFO  EvoClassLoader - Keeping class: org.apache.hadoop.thirdparty.protobuf.DescriptorProtos$FileDescriptorProto
2024-11-12 13:42:54,719 INFO  EvoClassLoader - Seeing class for first time: org.apache.hadoop.thirdparty.protobuf.DescriptorProtos$SourceCodeInfoOrBuilder
2024-11-12 13:42:54,719 INFO  EvoClassLoader - Instrumenting class 'org.apache.hadoop.thirdparty.protobuf.DescriptorProtos$SourceCodeInfoOrBuilder'.
2024-11-12 13:42:54,719 INFO  EvoClassLoader - Keeping class: org.apache.hadoop.thirdparty.protobuf.DescriptorProtos$SourceCodeInfoOrBuilder
2024-11-12 13:42:54,720 INFO  EvoClassLoader - Seeing class for first time: org.apache.hadoop.thirdparty.protobuf.LazyStringArrayList
2024-11-12 13:42:54,720 INFO  EvoClassLoader - Instrumenting class 'org.apache.hadoop.thirdparty.protobuf.LazyStringArrayList'.
2024-11-12 13:42:54,720 INFO  MethodCallReplacementClassAdapter - Adding mock interface to class org/apache/hadoop/thirdparty/protobuf/LazyStringArrayList
2024-11-12 13:42:54,720 INFO  CreateClassResetClassAdapter - Found static initializer in class org/apache/hadoop/thirdparty/protobuf/LazyStringArrayList
2024-11-12 13:42:54,721 INFO  EvoClassLoader - Seeing class for first time: org.apache.hadoop.thirdparty.protobuf.AbstractProtobufList
2024-11-12 13:42:54,721 INFO  EvoClassLoader - Instrumenting class 'org.apache.hadoop.thirdparty.protobuf.AbstractProtobufList'.
2024-11-12 13:42:54,721 INFO  MethodCallReplacementClassAdapter - Adding mock interface to class org/apache/hadoop/thirdparty/protobuf/AbstractProtobufList
2024-11-12 13:42:54,721 INFO  CreateClassResetClassAdapter - Creating brand-new static initializer in class org/apache/hadoop/thirdparty/protobuf/AbstractProtobufList
2024-11-12 13:42:54,721 INFO  CreateClassResetClassAdapter - Adding bytecode for initializing field DEFAULT_CAPACITY
2024-11-12 13:42:54,721 INFO  EvoClassLoader - Keeping class: org.apache.hadoop.thirdparty.protobuf.AbstractProtobufList
2024-11-12 13:42:54,721 INFO  EvoClassLoader - Keeping class: org.apache.hadoop.thirdparty.protobuf.LazyStringArrayList
2024-11-12 13:42:54,722 INFO  EvoClassLoader - Seeing class for first time: org.apache.hadoop.thirdparty.protobuf.IntArrayList
2024-11-12 13:42:54,722 INFO  EvoClassLoader - Instrumenting class 'org.apache.hadoop.thirdparty.protobuf.IntArrayList'.
2024-11-12 13:42:54,722 INFO  MethodCallReplacementClassAdapter - Adding mock interface to class org/apache/hadoop/thirdparty/protobuf/IntArrayList
2024-11-12 13:42:54,723 INFO  CreateClassResetClassAdapter - Found static initializer in class org/apache/hadoop/thirdparty/protobuf/IntArrayList
2024-11-12 13:42:54,723 INFO  EvoClassLoader - Seeing class for first time: org.apache.hadoop.thirdparty.protobuf.PrimitiveNonBoxingCollection
2024-11-12 13:42:54,723 INFO  EvoClassLoader - Instrumenting class 'org.apache.hadoop.thirdparty.protobuf.PrimitiveNonBoxingCollection'.
2024-11-12 13:42:54,724 INFO  EvoClassLoader - Keeping class: org.apache.hadoop.thirdparty.protobuf.PrimitiveNonBoxingCollection
2024-11-12 13:42:54,724 INFO  EvoClassLoader - Keeping class: org.apache.hadoop.thirdparty.protobuf.IntArrayList
2024-11-12 13:42:54,725 INFO  EvoClassLoader - Seeing class for first time: org.apache.hadoop.thirdparty.protobuf.DescriptorProtos$FileDescriptorProto$1
2024-11-12 13:42:54,725 INFO  EvoClassLoader - Instrumenting class 'org.apache.hadoop.thirdparty.protobuf.DescriptorProtos$FileDescriptorProto$1'.
2024-11-12 13:42:54,725 INFO  MethodCallReplacementClassAdapter - Adding mock interface to class org/apache/hadoop/thirdparty/protobuf/DescriptorProtos$FileDescriptorProto$1
2024-11-12 13:42:54,726 INFO  EvoClassLoader - Keeping class: org.apache.hadoop.thirdparty.protobuf.DescriptorProtos$FileDescriptorProto$1
2024-11-12 13:42:54,726 INFO  EvoClassLoader - Seeing class for first time: org.apache.hadoop.thirdparty.protobuf.DescriptorProtos$FileDescriptorProto$Builder
2024-11-12 13:42:54,726 INFO  EvoClassLoader - Instrumenting class 'org.apache.hadoop.thirdparty.protobuf.DescriptorProtos$FileDescriptorProto$Builder'.
2024-11-12 13:42:54,726 INFO  MethodCallReplacementClassAdapter - Adding mock interface to class org/apache/hadoop/thirdparty/protobuf/DescriptorProtos$FileDescriptorProto$Builder
2024-11-12 13:42:54,729 INFO  CreateClassResetClassAdapter - Creating brand-new static initializer in class org/apache/hadoop/thirdparty/protobuf/DescriptorProtos$FileDescriptorProto$Builder
2024-11-12 13:42:54,731 INFO  EvoClassLoader - Keeping class: org.apache.hadoop.thirdparty.protobuf.DescriptorProtos$FileDescriptorProto$Builder
2024-11-12 13:42:54,731 INFO  EvoClassLoader - Seeing class for first time: org.apache.hadoop.thirdparty.protobuf.DescriptorProtos$DescriptorProto
2024-11-12 13:42:54,731 INFO  EvoClassLoader - Instrumenting class 'org.apache.hadoop.thirdparty.protobuf.DescriptorProtos$DescriptorProto'.
2024-11-12 13:42:54,731 INFO  MethodCallReplacementClassAdapter - Adding mock interface to class org/apache/hadoop/thirdparty/protobuf/DescriptorProtos$DescriptorProto
2024-11-12 13:42:54,732 INFO  CreateClassResetClassAdapter - Found static initializer in class org/apache/hadoop/thirdparty/protobuf/DescriptorProtos$DescriptorProto
2024-11-12 13:42:54,733 INFO  EvoClassLoader - Seeing class for first time: org.apache.hadoop.thirdparty.protobuf.DescriptorProtos$DescriptorProtoOrBuilder
2024-11-12 13:42:54,733 INFO  EvoClassLoader - Instrumenting class 'org.apache.hadoop.thirdparty.protobuf.DescriptorProtos$DescriptorProtoOrBuilder'.
2024-11-12 13:42:54,734 INFO  EvoClassLoader - Keeping class: org.apache.hadoop.thirdparty.protobuf.DescriptorProtos$DescriptorProtoOrBuilder
2024-11-12 13:42:54,734 INFO  EvoClassLoader - Keeping class: org.apache.hadoop.thirdparty.protobuf.DescriptorProtos$DescriptorProto
2024-11-12 13:42:54,734 INFO  EvoClassLoader - Seeing class for first time: org.apache.hadoop.thirdparty.protobuf.DescriptorProtos$EnumDescriptorProto
2024-11-12 13:42:54,734 INFO  EvoClassLoader - Instrumenting class 'org.apache.hadoop.thirdparty.protobuf.DescriptorProtos$EnumDescriptorProto'.
2024-11-12 13:42:54,735 INFO  MethodCallReplacementClassAdapter - Adding mock interface to class org/apache/hadoop/thirdparty/protobuf/DescriptorProtos$EnumDescriptorProto
2024-11-12 13:42:54,735 INFO  CreateClassResetClassAdapter - Found static initializer in class org/apache/hadoop/thirdparty/protobuf/DescriptorProtos$EnumDescriptorProto
2024-11-12 13:42:54,735 INFO  EvoClassLoader - Seeing class for first time: org.apache.hadoop.thirdparty.protobuf.DescriptorProtos$EnumDescriptorProtoOrBuilder
2024-11-12 13:42:54,736 INFO  EvoClassLoader - Instrumenting class 'org.apache.hadoop.thirdparty.protobuf.DescriptorProtos$EnumDescriptorProtoOrBuilder'.
2024-11-12 13:42:54,736 INFO  EvoClassLoader - Keeping class: org.apache.hadoop.thirdparty.protobuf.DescriptorProtos$EnumDescriptorProtoOrBuilder
2024-11-12 13:42:54,736 INFO  EvoClassLoader - Keeping class: org.apache.hadoop.thirdparty.protobuf.DescriptorProtos$EnumDescriptorProto
2024-11-12 13:42:54,736 INFO  EvoClassLoader - Seeing class for first time: org.apache.hadoop.thirdparty.protobuf.DescriptorProtos$ServiceDescriptorProto
2024-11-12 13:42:54,736 INFO  EvoClassLoader - Instrumenting class 'org.apache.hadoop.thirdparty.protobuf.DescriptorProtos$ServiceDescriptorProto'.
2024-11-12 13:42:54,736 INFO  MethodCallReplacementClassAdapter - Adding mock interface to class org/apache/hadoop/thirdparty/protobuf/DescriptorProtos$ServiceDescriptorProto
2024-11-12 13:42:54,737 INFO  CreateClassResetClassAdapter - Found static initializer in class org/apache/hadoop/thirdparty/protobuf/DescriptorProtos$ServiceDescriptorProto
2024-11-12 13:42:54,737 INFO  EvoClassLoader - Seeing class for first time: org.apache.hadoop.thirdparty.protobuf.DescriptorProtos$ServiceDescriptorProtoOrBuilder
2024-11-12 13:42:54,737 INFO  EvoClassLoader - Instrumenting class 'org.apache.hadoop.thirdparty.protobuf.DescriptorProtos$ServiceDescriptorProtoOrBuilder'.
2024-11-12 13:42:54,737 INFO  EvoClassLoader - Keeping class: org.apache.hadoop.thirdparty.protobuf.DescriptorProtos$ServiceDescriptorProtoOrBuilder
2024-11-12 13:42:54,737 INFO  EvoClassLoader - Keeping class: org.apache.hadoop.thirdparty.protobuf.DescriptorProtos$ServiceDescriptorProto
2024-11-12 13:42:54,737 INFO  EvoClassLoader - Seeing class for first time: org.apache.hadoop.thirdparty.protobuf.DescriptorProtos$FieldDescriptorProto
2024-11-12 13:42:54,737 INFO  EvoClassLoader - Instrumenting class 'org.apache.hadoop.thirdparty.protobuf.DescriptorProtos$FieldDescriptorProto'.
2024-11-12 13:42:54,738 INFO  MethodCallReplacementClassAdapter - Adding mock interface to class org/apache/hadoop/thirdparty/protobuf/DescriptorProtos$FieldDescriptorProto
2024-11-12 13:42:54,738 INFO  CreateClassResetClassAdapter - Found static initializer in class org/apache/hadoop/thirdparty/protobuf/DescriptorProtos$FieldDescriptorProto
2024-11-12 13:42:54,738 INFO  EvoClassLoader - Seeing class for first time: org.apache.hadoop.thirdparty.protobuf.DescriptorProtos$FieldDescriptorProtoOrBuilder
2024-11-12 13:42:54,738 INFO  EvoClassLoader - Instrumenting class 'org.apache.hadoop.thirdparty.protobuf.DescriptorProtos$FieldDescriptorProtoOrBuilder'.
2024-11-12 13:42:54,739 INFO  EvoClassLoader - Keeping class: org.apache.hadoop.thirdparty.protobuf.DescriptorProtos$FieldDescriptorProtoOrBuilder
2024-11-12 13:42:54,739 INFO  EvoClassLoader - Keeping class: org.apache.hadoop.thirdparty.protobuf.DescriptorProtos$FieldDescriptorProto
2024-11-12 13:42:54,739 INFO  EvoClassLoader - Seeing class for first time: org.apache.hadoop.thirdparty.protobuf.DescriptorProtos$SourceCodeInfo
2024-11-12 13:42:54,739 INFO  EvoClassLoader - Instrumenting class 'org.apache.hadoop.thirdparty.protobuf.DescriptorProtos$SourceCodeInfo'.
2024-11-12 13:42:54,740 INFO  MethodCallReplacementClassAdapter - Adding mock interface to class org/apache/hadoop/thirdparty/protobuf/DescriptorProtos$SourceCodeInfo
2024-11-12 13:42:54,740 INFO  CreateClassResetClassAdapter - Found static initializer in class org/apache/hadoop/thirdparty/protobuf/DescriptorProtos$SourceCodeInfo
2024-11-12 13:42:54,740 INFO  EvoClassLoader - Keeping class: org.apache.hadoop.thirdparty.protobuf.DescriptorProtos$SourceCodeInfo
2024-11-12 13:42:54,741 INFO  EvoClassLoader - Seeing class for first time: org.apache.hadoop.thirdparty.protobuf.WireFormat
2024-11-12 13:42:54,741 INFO  EvoClassLoader - Instrumenting class 'org.apache.hadoop.thirdparty.protobuf.WireFormat'.
2024-11-12 13:42:54,741 INFO  MethodCallReplacementClassAdapter - Adding mock interface to class org/apache/hadoop/thirdparty/protobuf/WireFormat
2024-11-12 13:42:54,742 INFO  CreateClassResetClassAdapter - Found static initializer in class org/apache/hadoop/thirdparty/protobuf/WireFormat
2024-11-12 13:42:54,742 INFO  EvoClassLoader - Keeping class: org.apache.hadoop.thirdparty.protobuf.WireFormat
2024-11-12 13:42:54,743 INFO  EvoClassLoader - Seeing class for first time: org.apache.hadoop.thirdparty.protobuf.DescriptorProtos$DescriptorProto$Builder
2024-11-12 13:42:54,743 INFO  EvoClassLoader - Instrumenting class 'org.apache.hadoop.thirdparty.protobuf.DescriptorProtos$DescriptorProto$Builder'.
2024-11-12 13:42:54,744 INFO  MethodCallReplacementClassAdapter - Adding mock interface to class org/apache/hadoop/thirdparty/protobuf/DescriptorProtos$DescriptorProto$Builder
2024-11-12 13:42:54,745 INFO  CreateClassResetClassAdapter - Creating brand-new static initializer in class org/apache/hadoop/thirdparty/protobuf/DescriptorProtos$DescriptorProto$Builder
2024-11-12 13:42:54,746 INFO  EvoClassLoader - Keeping class: org.apache.hadoop.thirdparty.protobuf.DescriptorProtos$DescriptorProto$Builder
2024-11-12 13:42:54,747 INFO  EvoClassLoader - Seeing class for first time: org.apache.hadoop.thirdparty.protobuf.DescriptorProtos$DescriptorProto$ExtensionRange
2024-11-12 13:42:54,747 INFO  EvoClassLoader - Instrumenting class 'org.apache.hadoop.thirdparty.protobuf.DescriptorProtos$DescriptorProto$ExtensionRange'.
2024-11-12 13:42:54,747 INFO  MethodCallReplacementClassAdapter - Adding mock interface to class org/apache/hadoop/thirdparty/protobuf/DescriptorProtos$DescriptorProto$ExtensionRange
2024-11-12 13:42:54,747 INFO  CreateClassResetClassAdapter - Found static initializer in class org/apache/hadoop/thirdparty/protobuf/DescriptorProtos$DescriptorProto$ExtensionRange
2024-11-12 13:42:54,748 INFO  EvoClassLoader - Keeping class: org.apache.hadoop.thirdparty.protobuf.DescriptorProtos$DescriptorProto$ExtensionRange
2024-11-12 13:42:54,748 INFO  EvoClassLoader - Seeing class for first time: org.apache.hadoop.thirdparty.protobuf.DescriptorProtos$DescriptorProto$ReservedRange
2024-11-12 13:42:54,748 INFO  EvoClassLoader - Instrumenting class 'org.apache.hadoop.thirdparty.protobuf.DescriptorProtos$DescriptorProto$ReservedRange'.
2024-11-12 13:42:54,748 INFO  MethodCallReplacementClassAdapter - Adding mock interface to class org/apache/hadoop/thirdparty/protobuf/DescriptorProtos$DescriptorProto$ReservedRange
2024-11-12 13:42:54,749 INFO  CreateClassResetClassAdapter - Found static initializer in class org/apache/hadoop/thirdparty/protobuf/DescriptorProtos$DescriptorProto$ReservedRange
2024-11-12 13:42:54,749 INFO  EvoClassLoader - Seeing class for first time: org.apache.hadoop.thirdparty.protobuf.DescriptorProtos$DescriptorProto$ReservedRangeOrBuilder
2024-11-12 13:42:54,749 INFO  EvoClassLoader - Instrumenting class 'org.apache.hadoop.thirdparty.protobuf.DescriptorProtos$DescriptorProto$ReservedRangeOrBuilder'.
2024-11-12 13:42:54,749 INFO  EvoClassLoader - Keeping class: org.apache.hadoop.thirdparty.protobuf.DescriptorProtos$DescriptorProto$ReservedRangeOrBuilder
2024-11-12 13:42:54,749 INFO  EvoClassLoader - Keeping class: org.apache.hadoop.thirdparty.protobuf.DescriptorProtos$DescriptorProto$ReservedRange
2024-11-12 13:42:54,749 INFO  EvoClassLoader - Seeing class for first time: org.apache.hadoop.thirdparty.protobuf.DescriptorProtos$MessageOptions
2024-11-12 13:42:54,749 INFO  EvoClassLoader - Instrumenting class 'org.apache.hadoop.thirdparty.protobuf.DescriptorProtos$MessageOptions'.
2024-11-12 13:42:54,750 INFO  MethodCallReplacementClassAdapter - Adding mock interface to class org/apache/hadoop/thirdparty/protobuf/DescriptorProtos$MessageOptions
2024-11-12 13:42:54,750 INFO  CreateClassResetClassAdapter - Found static initializer in class org/apache/hadoop/thirdparty/protobuf/DescriptorProtos$MessageOptions
2024-11-12 13:42:54,751 INFO  EvoClassLoader - Keeping class: org.apache.hadoop.thirdparty.protobuf.DescriptorProtos$MessageOptions
2024-11-12 13:42:54,753 INFO  EvoClassLoader - Seeing class for first time: org.apache.hadoop.thirdparty.protobuf.DescriptorProtos$FieldDescriptorProto$1
2024-11-12 13:42:54,753 INFO  EvoClassLoader - Instrumenting class 'org.apache.hadoop.thirdparty.protobuf.DescriptorProtos$FieldDescriptorProto$1'.
2024-11-12 13:42:54,753 INFO  MethodCallReplacementClassAdapter - Adding mock interface to class org/apache/hadoop/thirdparty/protobuf/DescriptorProtos$FieldDescriptorProto$1
2024-11-12 13:42:54,754 INFO  EvoClassLoader - Keeping class: org.apache.hadoop.thirdparty.protobuf.DescriptorProtos$FieldDescriptorProto$1
2024-11-12 13:42:54,754 INFO  EvoClassLoader - Seeing class for first time: org.apache.hadoop.thirdparty.protobuf.DescriptorProtos$FieldDescriptorProto$Builder
2024-11-12 13:42:54,754 INFO  EvoClassLoader - Instrumenting class 'org.apache.hadoop.thirdparty.protobuf.DescriptorProtos$FieldDescriptorProto$Builder'.
2024-11-12 13:42:54,755 INFO  MethodCallReplacementClassAdapter - Adding mock interface to class org/apache/hadoop/thirdparty/protobuf/DescriptorProtos$FieldDescriptorProto$Builder
2024-11-12 13:42:54,757 INFO  CreateClassResetClassAdapter - Creating brand-new static initializer in class org/apache/hadoop/thirdparty/protobuf/DescriptorProtos$FieldDescriptorProto$Builder
2024-11-12 13:42:54,757 INFO  EvoClassLoader - Keeping class: org.apache.hadoop.thirdparty.protobuf.DescriptorProtos$FieldDescriptorProto$Builder
2024-11-12 13:42:54,758 INFO  EvoClassLoader - Seeing class for first time: org.apache.hadoop.thirdparty.protobuf.DescriptorProtos$FieldOptions
2024-11-12 13:42:54,758 INFO  EvoClassLoader - Instrumenting class 'org.apache.hadoop.thirdparty.protobuf.DescriptorProtos$FieldOptions'.
2024-11-12 13:42:54,758 INFO  MethodCallReplacementClassAdapter - Adding mock interface to class org/apache/hadoop/thirdparty/protobuf/DescriptorProtos$FieldOptions
2024-11-12 13:42:54,758 INFO  CreateClassResetClassAdapter - Found static initializer in class org/apache/hadoop/thirdparty/protobuf/DescriptorProtos$FieldOptions
2024-11-12 13:42:54,759 INFO  EvoClassLoader - Keeping class: org.apache.hadoop.thirdparty.protobuf.DescriptorProtos$FieldOptions
2024-11-12 13:42:54,760 INFO  EvoClassLoader - Seeing class for first time: org.apache.hadoop.thirdparty.protobuf.SingleFieldBuilderV3
2024-11-12 13:42:54,760 INFO  EvoClassLoader - Instrumenting class 'org.apache.hadoop.thirdparty.protobuf.SingleFieldBuilderV3'.
2024-11-12 13:42:54,760 INFO  MethodCallReplacementClassAdapter - Adding mock interface to class org/apache/hadoop/thirdparty/protobuf/SingleFieldBuilderV3
2024-11-12 13:42:54,760 INFO  CreateClassResetClassAdapter - Creating brand-new static initializer in class org/apache/hadoop/thirdparty/protobuf/SingleFieldBuilderV3
2024-11-12 13:42:54,760 INFO  EvoClassLoader - Keeping class: org.apache.hadoop.thirdparty.protobuf.SingleFieldBuilderV3
2024-11-12 13:42:54,761 INFO  EvoClassLoader - Seeing class for first time: org.apache.hadoop.thirdparty.protobuf.GeneratedMessageV3$Builder$BuilderParentImpl
2024-11-12 13:42:54,761 INFO  EvoClassLoader - Instrumenting class 'org.apache.hadoop.thirdparty.protobuf.GeneratedMessageV3$Builder$BuilderParentImpl'.
2024-11-12 13:42:54,761 INFO  MethodCallReplacementClassAdapter - Adding mock interface to class org/apache/hadoop/thirdparty/protobuf/GeneratedMessageV3$Builder$BuilderParentImpl
2024-11-12 13:42:54,761 INFO  CreateClassResetClassAdapter - Creating brand-new static initializer in class org/apache/hadoop/thirdparty/protobuf/GeneratedMessageV3$Builder$BuilderParentImpl
2024-11-12 13:42:54,761 INFO  EvoClassLoader - Keeping class: org.apache.hadoop.thirdparty.protobuf.GeneratedMessageV3$Builder$BuilderParentImpl
2024-11-12 13:42:54,761 INFO  EvoClassLoader - Seeing class for first time: org.apache.hadoop.thirdparty.protobuf.GeneratedMessageV3$1
2024-11-12 13:42:54,761 INFO  EvoClassLoader - Instrumenting class 'org.apache.hadoop.thirdparty.protobuf.GeneratedMessageV3$1'.
2024-11-12 13:42:54,761 INFO  MethodCallReplacementClassAdapter - Adding mock interface to class org/apache/hadoop/thirdparty/protobuf/GeneratedMessageV3$1
2024-11-12 13:42:54,761 INFO  EvoClassLoader - Keeping class: org.apache.hadoop.thirdparty.protobuf.GeneratedMessageV3$1
2024-11-12 13:42:54,761 INFO  EvoClassLoader - Seeing class for first time: org.apache.hadoop.thirdparty.protobuf.DescriptorProtos$FileOptions$Builder
2024-11-12 13:42:54,761 INFO  EvoClassLoader - Instrumenting class 'org.apache.hadoop.thirdparty.protobuf.DescriptorProtos$FileOptions$Builder'.
2024-11-12 13:42:54,762 INFO  MethodCallReplacementClassAdapter - Adding mock interface to class org/apache/hadoop/thirdparty/protobuf/DescriptorProtos$FileOptions$Builder
2024-11-12 13:42:54,763 INFO  CreateClassResetClassAdapter - Creating brand-new static initializer in class org/apache/hadoop/thirdparty/protobuf/DescriptorProtos$FileOptions$Builder
2024-11-12 13:42:54,764 INFO  EvoClassLoader - Keeping class: org.apache.hadoop.thirdparty.protobuf.DescriptorProtos$FileOptions$Builder
2024-11-12 13:42:54,765 INFO  EvoClassLoader - Seeing class for first time: org.apache.hadoop.thirdparty.protobuf.DescriptorProtos$UninterpretedOption
2024-11-12 13:42:54,765 INFO  EvoClassLoader - Instrumenting class 'org.apache.hadoop.thirdparty.protobuf.DescriptorProtos$UninterpretedOption'.
2024-11-12 13:42:54,765 INFO  MethodCallReplacementClassAdapter - Adding mock interface to class org/apache/hadoop/thirdparty/protobuf/DescriptorProtos$UninterpretedOption
2024-11-12 13:42:54,766 INFO  CreateClassResetClassAdapter - Found static initializer in class org/apache/hadoop/thirdparty/protobuf/DescriptorProtos$UninterpretedOption
2024-11-12 13:42:54,766 INFO  EvoClassLoader - Seeing class for first time: org.apache.hadoop.thirdparty.protobuf.DescriptorProtos$UninterpretedOptionOrBuilder
2024-11-12 13:42:54,766 INFO  EvoClassLoader - Instrumenting class 'org.apache.hadoop.thirdparty.protobuf.DescriptorProtos$UninterpretedOptionOrBuilder'.
2024-11-12 13:42:54,767 INFO  EvoClassLoader - Keeping class: org.apache.hadoop.thirdparty.protobuf.DescriptorProtos$UninterpretedOptionOrBuilder
2024-11-12 13:42:54,767 INFO  EvoClassLoader - Keeping class: org.apache.hadoop.thirdparty.protobuf.DescriptorProtos$UninterpretedOption
2024-11-12 13:42:54,768 INFO  EvoClassLoader - Seeing class for first time: org.apache.hadoop.thirdparty.protobuf.Descriptors$DescriptorPool
2024-11-12 13:42:54,768 INFO  EvoClassLoader - Instrumenting class 'org.apache.hadoop.thirdparty.protobuf.Descriptors$DescriptorPool'.
2024-11-12 13:42:54,768 INFO  MethodCallReplacementClassAdapter - Adding mock interface to class org/apache/hadoop/thirdparty/protobuf/Descriptors$DescriptorPool
2024-11-12 13:42:54,769 INFO  CreateClassResetClassAdapter - Creating brand-new static initializer in class org/apache/hadoop/thirdparty/protobuf/Descriptors$DescriptorPool
2024-11-12 13:42:54,769 INFO  EvoClassLoader - Keeping class: org.apache.hadoop.thirdparty.protobuf.Descriptors$DescriptorPool
2024-11-12 13:42:54,769 INFO  EvoClassLoader - Seeing class for first time: org.apache.hadoop.thirdparty.protobuf.Utf8
2024-11-12 13:42:54,769 INFO  EvoClassLoader - Instrumenting class 'org.apache.hadoop.thirdparty.protobuf.Utf8'.
2024-11-12 13:42:54,769 INFO  MethodCallReplacementClassAdapter - Adding mock interface to class org/apache/hadoop/thirdparty/protobuf/Utf8
2024-11-12 13:42:54,770 INFO  CreateClassResetClassAdapter - Found static initializer in class org/apache/hadoop/thirdparty/protobuf/Utf8
2024-11-12 13:42:54,771 INFO  EvoClassLoader - Keeping class: org.apache.hadoop.thirdparty.protobuf.Utf8
2024-11-12 13:42:54,771 INFO  EvoClassLoader - Seeing class for first time: org.apache.hadoop.thirdparty.protobuf.Utf8$Processor
2024-11-12 13:42:54,771 INFO  EvoClassLoader - Instrumenting class 'org.apache.hadoop.thirdparty.protobuf.Utf8$Processor'.
2024-11-12 13:42:54,771 INFO  MethodCallReplacementClassAdapter - Adding mock interface to class org/apache/hadoop/thirdparty/protobuf/Utf8$Processor
2024-11-12 13:42:54,772 INFO  CreateClassResetClassAdapter - Creating brand-new static initializer in class org/apache/hadoop/thirdparty/protobuf/Utf8$Processor
2024-11-12 13:42:54,772 INFO  EvoClassLoader - Keeping class: org.apache.hadoop.thirdparty.protobuf.Utf8$Processor
2024-11-12 13:42:54,772 INFO  EvoClassLoader - Seeing class for first time: org.apache.hadoop.thirdparty.protobuf.Utf8$UnsafeProcessor
2024-11-12 13:42:54,772 INFO  EvoClassLoader - Instrumenting class 'org.apache.hadoop.thirdparty.protobuf.Utf8$UnsafeProcessor'.
2024-11-12 13:42:54,772 INFO  MethodCallReplacementClassAdapter - Adding mock interface to class org/apache/hadoop/thirdparty/protobuf/Utf8$UnsafeProcessor
2024-11-12 13:42:54,774 INFO  CreateClassResetClassAdapter - Creating brand-new static initializer in class org/apache/hadoop/thirdparty/protobuf/Utf8$UnsafeProcessor
2024-11-12 13:42:54,774 INFO  EvoClassLoader - Keeping class: org.apache.hadoop.thirdparty.protobuf.Utf8$UnsafeProcessor
2024-11-12 13:42:54,774 INFO  EvoClassLoader - Seeing class for first time: org.apache.hadoop.thirdparty.protobuf.Utf8$SafeProcessor
2024-11-12 13:42:54,774 INFO  EvoClassLoader - Instrumenting class 'org.apache.hadoop.thirdparty.protobuf.Utf8$SafeProcessor'.
2024-11-12 13:42:54,775 INFO  MethodCallReplacementClassAdapter - Adding mock interface to class org/apache/hadoop/thirdparty/protobuf/Utf8$SafeProcessor
2024-11-12 13:42:54,775 INFO  CreateClassResetClassAdapter - Creating brand-new static initializer in class org/apache/hadoop/thirdparty/protobuf/Utf8$SafeProcessor
2024-11-12 13:42:54,775 INFO  EvoClassLoader - Keeping class: org.apache.hadoop.thirdparty.protobuf.Utf8$SafeProcessor
2024-11-12 13:42:54,776 INFO  EvoClassLoader - Seeing class for first time: org.apache.hadoop.thirdparty.protobuf.Descriptors$DescriptorPool$PackageDescriptor
2024-11-12 13:42:54,776 INFO  EvoClassLoader - Instrumenting class 'org.apache.hadoop.thirdparty.protobuf.Descriptors$DescriptorPool$PackageDescriptor'.
2024-11-12 13:42:54,776 INFO  MethodCallReplacementClassAdapter - Adding mock interface to class org/apache/hadoop/thirdparty/protobuf/Descriptors$DescriptorPool$PackageDescriptor
2024-11-12 13:42:54,776 INFO  CreateClassResetClassAdapter - Creating brand-new static initializer in class org/apache/hadoop/thirdparty/protobuf/Descriptors$DescriptorPool$PackageDescriptor
2024-11-12 13:42:54,776 INFO  EvoClassLoader - Keeping class: org.apache.hadoop.thirdparty.protobuf.Descriptors$DescriptorPool$PackageDescriptor
2024-11-12 13:42:54,777 INFO  EvoClassLoader - Seeing class for first time: org.apache.hadoop.thirdparty.protobuf.Descriptors
2024-11-12 13:42:54,777 INFO  EvoClassLoader - Instrumenting class 'org.apache.hadoop.thirdparty.protobuf.Descriptors'.
2024-11-12 13:42:54,777 INFO  MethodCallReplacementClassAdapter - Adding mock interface to class org/apache/hadoop/thirdparty/protobuf/Descriptors
2024-11-12 13:42:54,777 INFO  CreateClassResetClassAdapter - Found static initializer in class org/apache/hadoop/thirdparty/protobuf/Descriptors
2024-11-12 13:42:54,777 INFO  EvoClassLoader - Keeping class: org.apache.hadoop.thirdparty.protobuf.Descriptors
2024-11-12 13:42:54,777 INFO  EvoClassLoader - Seeing class for first time: org.apache.hadoop.thirdparty.protobuf.Descriptors$EnumDescriptor
2024-11-12 13:42:54,777 INFO  EvoClassLoader - Instrumenting class 'org.apache.hadoop.thirdparty.protobuf.Descriptors$EnumDescriptor'.
2024-11-12 13:42:54,778 INFO  MethodCallReplacementClassAdapter - Adding mock interface to class org/apache/hadoop/thirdparty/protobuf/Descriptors$EnumDescriptor
2024-11-12 13:42:54,778 INFO  CreateClassResetClassAdapter - Creating brand-new static initializer in class org/apache/hadoop/thirdparty/protobuf/Descriptors$EnumDescriptor
2024-11-12 13:42:54,778 INFO  EvoClassLoader - Keeping class: org.apache.hadoop.thirdparty.protobuf.Descriptors$EnumDescriptor
2024-11-12 13:42:54,778 INFO  EvoClassLoader - Seeing class for first time: org.apache.hadoop.thirdparty.protobuf.Descriptors$ServiceDescriptor
2024-11-12 13:42:54,778 INFO  EvoClassLoader - Instrumenting class 'org.apache.hadoop.thirdparty.protobuf.Descriptors$ServiceDescriptor'.
2024-11-12 13:42:54,778 INFO  MethodCallReplacementClassAdapter - Adding mock interface to class org/apache/hadoop/thirdparty/protobuf/Descriptors$ServiceDescriptor
2024-11-12 13:42:54,779 INFO  CreateClassResetClassAdapter - Creating brand-new static initializer in class org/apache/hadoop/thirdparty/protobuf/Descriptors$ServiceDescriptor
2024-11-12 13:42:54,779 INFO  EvoClassLoader - Keeping class: org.apache.hadoop.thirdparty.protobuf.Descriptors$ServiceDescriptor
2024-11-12 13:42:54,779 INFO  EvoClassLoader - Seeing class for first time: org.apache.hadoop.thirdparty.protobuf.Descriptors$OneofDescriptor
2024-11-12 13:42:54,779 INFO  EvoClassLoader - Instrumenting class 'org.apache.hadoop.thirdparty.protobuf.Descriptors$OneofDescriptor'.
2024-11-12 13:42:54,779 INFO  MethodCallReplacementClassAdapter - Adding mock interface to class org/apache/hadoop/thirdparty/protobuf/Descriptors$OneofDescriptor
2024-11-12 13:42:54,779 INFO  CreateClassResetClassAdapter - Creating brand-new static initializer in class org/apache/hadoop/thirdparty/protobuf/Descriptors$OneofDescriptor
2024-11-12 13:42:54,780 INFO  EvoClassLoader - Keeping class: org.apache.hadoop.thirdparty.protobuf.Descriptors$OneofDescriptor
2024-11-12 13:42:54,781 INFO  EvoClassLoader - Seeing class for first time: org.apache.hadoop.thirdparty.protobuf.DescriptorProtos$FieldOptions$1
2024-11-12 13:42:54,781 INFO  EvoClassLoader - Instrumenting class 'org.apache.hadoop.thirdparty.protobuf.DescriptorProtos$FieldOptions$1'.
2024-11-12 13:42:54,781 INFO  MethodCallReplacementClassAdapter - Adding mock interface to class org/apache/hadoop/thirdparty/protobuf/DescriptorProtos$FieldOptions$1
2024-11-12 13:42:54,782 INFO  EvoClassLoader - Keeping class: org.apache.hadoop.thirdparty.protobuf.DescriptorProtos$FieldOptions$1
2024-11-12 13:42:54,782 INFO  EvoClassLoader - Seeing class for first time: org.apache.hadoop.thirdparty.protobuf.Descriptors$1
2024-11-12 13:42:54,782 INFO  EvoClassLoader - Instrumenting class 'org.apache.hadoop.thirdparty.protobuf.Descriptors$1'.
2024-11-12 13:42:54,782 INFO  MethodCallReplacementClassAdapter - Adding mock interface to class org/apache/hadoop/thirdparty/protobuf/Descriptors$1
2024-11-12 13:42:54,783 INFO  EvoClassLoader - Keeping class: org.apache.hadoop.thirdparty.protobuf.Descriptors$1
2024-11-12 13:42:54,783 INFO  EvoClassLoader - Seeing class for first time: org.apache.hadoop.thirdparty.protobuf.DescriptorProtos$MessageOptions$1
2024-11-12 13:42:54,783 INFO  EvoClassLoader - Instrumenting class 'org.apache.hadoop.thirdparty.protobuf.DescriptorProtos$MessageOptions$1'.
2024-11-12 13:42:54,784 INFO  MethodCallReplacementClassAdapter - Adding mock interface to class org/apache/hadoop/thirdparty/protobuf/DescriptorProtos$MessageOptions$1
2024-11-12 13:42:54,784 INFO  EvoClassLoader - Keeping class: org.apache.hadoop.thirdparty.protobuf.DescriptorProtos$MessageOptions$1
2024-11-12 13:42:54,784 INFO  EvoClassLoader - Seeing class for first time: org.apache.hadoop.thirdparty.protobuf.Descriptors$DescriptorPool$SearchFilter
2024-11-12 13:42:54,784 INFO  EvoClassLoader - Instrumenting class 'org.apache.hadoop.thirdparty.protobuf.Descriptors$DescriptorPool$SearchFilter'.
2024-11-12 13:42:54,784 INFO  MethodCallReplacementClassAdapter - Adding mock interface to class org/apache/hadoop/thirdparty/protobuf/Descriptors$DescriptorPool$SearchFilter
2024-11-12 13:42:54,784 INFO  CreateClassResetClassAdapter - Found static initializer in class org/apache/hadoop/thirdparty/protobuf/Descriptors$DescriptorPool$SearchFilter
2024-11-12 13:42:54,785 INFO  EvoClassLoader - Keeping class: org.apache.hadoop.thirdparty.protobuf.Descriptors$DescriptorPool$SearchFilter
2024-11-12 13:42:54,785 INFO  EvoClassLoader - Seeing class for first time: org.apache.hadoop.thirdparty.protobuf.GeneratedMessageV3$FieldAccessorTable
2024-11-12 13:42:54,785 INFO  EvoClassLoader - Instrumenting class 'org.apache.hadoop.thirdparty.protobuf.GeneratedMessageV3$FieldAccessorTable'.
2024-11-12 13:42:54,785 INFO  MethodCallReplacementClassAdapter - Adding mock interface to class org/apache/hadoop/thirdparty/protobuf/GeneratedMessageV3$FieldAccessorTable
2024-11-12 13:42:54,786 INFO  CreateClassResetClassAdapter - Creating brand-new static initializer in class org/apache/hadoop/thirdparty/protobuf/GeneratedMessageV3$FieldAccessorTable
2024-11-12 13:42:54,787 INFO  EvoClassLoader - Keeping class: org.apache.hadoop.thirdparty.protobuf.GeneratedMessageV3$FieldAccessorTable
2024-11-12 13:42:54,787 INFO  EvoClassLoader - Seeing class for first time: org.apache.hadoop.thirdparty.protobuf.GeneratedMessageV3$FieldAccessorTable$OneofAccessor
2024-11-12 13:42:54,787 INFO  EvoClassLoader - Instrumenting class 'org.apache.hadoop.thirdparty.protobuf.GeneratedMessageV3$FieldAccessorTable$OneofAccessor'.
2024-11-12 13:42:54,788 INFO  MethodCallReplacementClassAdapter - Adding mock interface to class org/apache/hadoop/thirdparty/protobuf/GeneratedMessageV3$FieldAccessorTable$OneofAccessor
2024-11-12 13:42:54,788 INFO  CreateClassResetClassAdapter - Creating brand-new static initializer in class org/apache/hadoop/thirdparty/protobuf/GeneratedMessageV3$FieldAccessorTable$OneofAccessor
2024-11-12 13:42:54,788 INFO  EvoClassLoader - Keeping class: org.apache.hadoop.thirdparty.protobuf.GeneratedMessageV3$FieldAccessorTable$OneofAccessor
2024-11-12 13:42:54,788 INFO  EvoClassLoader - Seeing class for first time: org.apache.hadoop.hdfs.protocol.proto.AclProtos
2024-11-12 13:42:54,788 INFO  EvoClassLoader - Instrumenting class 'org.apache.hadoop.hdfs.protocol.proto.AclProtos'.
2024-11-12 13:42:54,788 INFO  MethodCallReplacementClassAdapter - Adding mock interface to class org/apache/hadoop/hdfs/protocol/proto/AclProtos
2024-11-12 13:42:54,789 INFO  CreateClassResetClassAdapter - Found static initializer in class org/apache/hadoop/hdfs/protocol/proto/AclProtos
2024-11-12 13:42:54,789 INFO  EvoClassLoader - Keeping class: org.apache.hadoop.hdfs.protocol.proto.AclProtos
2024-11-12 13:42:54,790 INFO  EvoClassLoader - Seeing class for first time: org.apache.hadoop.thirdparty.protobuf.DescriptorProtos$EnumOptionsOrBuilder
2024-11-12 13:42:54,790 INFO  EvoClassLoader - Instrumenting class 'org.apache.hadoop.thirdparty.protobuf.DescriptorProtos$EnumOptionsOrBuilder'.
2024-11-12 13:42:54,791 INFO  EvoClassLoader - Keeping class: org.apache.hadoop.thirdparty.protobuf.DescriptorProtos$EnumOptionsOrBuilder
2024-11-12 13:42:54,791 INFO  EvoClassLoader - Seeing class for first time: org.apache.hadoop.thirdparty.protobuf.DescriptorProtos$EnumDescriptorProto$Builder
2024-11-12 13:42:54,791 INFO  EvoClassLoader - Instrumenting class 'org.apache.hadoop.thirdparty.protobuf.DescriptorProtos$EnumDescriptorProto$Builder'.
2024-11-12 13:42:54,792 INFO  MethodCallReplacementClassAdapter - Adding mock interface to class org/apache/hadoop/thirdparty/protobuf/DescriptorProtos$EnumDescriptorProto$Builder
2024-11-12 13:42:54,793 INFO  CreateClassResetClassAdapter - Creating brand-new static initializer in class org/apache/hadoop/thirdparty/protobuf/DescriptorProtos$EnumDescriptorProto$Builder
2024-11-12 13:42:54,794 INFO  EvoClassLoader - Keeping class: org.apache.hadoop.thirdparty.protobuf.DescriptorProtos$EnumDescriptorProto$Builder
2024-11-12 13:42:54,794 INFO  EvoClassLoader - Seeing class for first time: org.apache.hadoop.thirdparty.protobuf.DescriptorProtos$EnumValueDescriptorProto
2024-11-12 13:42:54,794 INFO  EvoClassLoader - Instrumenting class 'org.apache.hadoop.thirdparty.protobuf.DescriptorProtos$EnumValueDescriptorProto'.
2024-11-12 13:42:54,794 INFO  MethodCallReplacementClassAdapter - Adding mock interface to class org/apache/hadoop/thirdparty/protobuf/DescriptorProtos$EnumValueDescriptorProto
2024-11-12 13:42:54,795 INFO  CreateClassResetClassAdapter - Found static initializer in class org/apache/hadoop/thirdparty/protobuf/DescriptorProtos$EnumValueDescriptorProto
2024-11-12 13:42:54,795 INFO  EvoClassLoader - Keeping class: org.apache.hadoop.thirdparty.protobuf.DescriptorProtos$EnumValueDescriptorProto
2024-11-12 13:42:54,795 INFO  EvoClassLoader - Seeing class for first time: org.apache.hadoop.thirdparty.protobuf.DescriptorProtos$EnumDescriptorProto$EnumReservedRange
2024-11-12 13:42:54,795 INFO  EvoClassLoader - Instrumenting class 'org.apache.hadoop.thirdparty.protobuf.DescriptorProtos$EnumDescriptorProto$EnumReservedRange'.
2024-11-12 13:42:54,795 INFO  MethodCallReplacementClassAdapter - Adding mock interface to class org/apache/hadoop/thirdparty/protobuf/DescriptorProtos$EnumDescriptorProto$EnumReservedRange
2024-11-12 13:42:54,796 INFO  CreateClassResetClassAdapter - Found static initializer in class org/apache/hadoop/thirdparty/protobuf/DescriptorProtos$EnumDescriptorProto$EnumReservedRange
2024-11-12 13:42:54,796 INFO  EvoClassLoader - Seeing class for first time: org.apache.hadoop.thirdparty.protobuf.DescriptorProtos$EnumDescriptorProto$EnumReservedRangeOrBuilder
2024-11-12 13:42:54,796 INFO  EvoClassLoader - Instrumenting class 'org.apache.hadoop.thirdparty.protobuf.DescriptorProtos$EnumDescriptorProto$EnumReservedRangeOrBuilder'.
2024-11-12 13:42:54,797 INFO  EvoClassLoader - Keeping class: org.apache.hadoop.thirdparty.protobuf.DescriptorProtos$EnumDescriptorProto$EnumReservedRangeOrBuilder
2024-11-12 13:42:54,797 INFO  EvoClassLoader - Keeping class: org.apache.hadoop.thirdparty.protobuf.DescriptorProtos$EnumDescriptorProto$EnumReservedRange
2024-11-12 13:42:54,797 INFO  EvoClassLoader - Seeing class for first time: org.apache.hadoop.thirdparty.protobuf.DescriptorProtos$EnumOptions
2024-11-12 13:42:54,797 INFO  EvoClassLoader - Instrumenting class 'org.apache.hadoop.thirdparty.protobuf.DescriptorProtos$EnumOptions'.
2024-11-12 13:42:54,798 INFO  MethodCallReplacementClassAdapter - Adding mock interface to class org/apache/hadoop/thirdparty/protobuf/DescriptorProtos$EnumOptions
2024-11-12 13:42:54,798 INFO  CreateClassResetClassAdapter - Found static initializer in class org/apache/hadoop/thirdparty/protobuf/DescriptorProtos$EnumOptions
2024-11-12 13:42:54,799 INFO  EvoClassLoader - Keeping class: org.apache.hadoop.thirdparty.protobuf.DescriptorProtos$EnumOptions
2024-11-12 13:42:54,800 INFO  EvoClassLoader - Seeing class for first time: org.apache.hadoop.thirdparty.protobuf.DescriptorProtos$EnumValueOptionsOrBuilder
2024-11-12 13:42:54,800 INFO  EvoClassLoader - Instrumenting class 'org.apache.hadoop.thirdparty.protobuf.DescriptorProtos$EnumValueOptionsOrBuilder'.
2024-11-12 13:42:54,801 INFO  EvoClassLoader - Keeping class: org.apache.hadoop.thirdparty.protobuf.DescriptorProtos$EnumValueOptionsOrBuilder
2024-11-12 13:42:54,801 INFO  EvoClassLoader - Seeing class for first time: org.apache.hadoop.thirdparty.protobuf.DescriptorProtos$EnumValueDescriptorProto$1
2024-11-12 13:42:54,801 INFO  EvoClassLoader - Instrumenting class 'org.apache.hadoop.thirdparty.protobuf.DescriptorProtos$EnumValueDescriptorProto$1'.
2024-11-12 13:42:54,801 INFO  MethodCallReplacementClassAdapter - Adding mock interface to class org/apache/hadoop/thirdparty/protobuf/DescriptorProtos$EnumValueDescriptorProto$1
2024-11-12 13:42:54,801 INFO  EvoClassLoader - Keeping class: org.apache.hadoop.thirdparty.protobuf.DescriptorProtos$EnumValueDescriptorProto$1
2024-11-12 13:42:54,801 INFO  EvoClassLoader - Seeing class for first time: org.apache.hadoop.thirdparty.protobuf.DescriptorProtos$EnumValueDescriptorProto$Builder
2024-11-12 13:42:54,801 INFO  EvoClassLoader - Instrumenting class 'org.apache.hadoop.thirdparty.protobuf.DescriptorProtos$EnumValueDescriptorProto$Builder'.
2024-11-12 13:42:54,802 INFO  MethodCallReplacementClassAdapter - Adding mock interface to class org/apache/hadoop/thirdparty/protobuf/DescriptorProtos$EnumValueDescriptorProto$Builder
2024-11-12 13:42:54,803 INFO  CreateClassResetClassAdapter - Creating brand-new static initializer in class org/apache/hadoop/thirdparty/protobuf/DescriptorProtos$EnumValueDescriptorProto$Builder
2024-11-12 13:42:54,803 INFO  EvoClassLoader - Keeping class: org.apache.hadoop.thirdparty.protobuf.DescriptorProtos$EnumValueDescriptorProto$Builder
2024-11-12 13:42:54,803 INFO  EvoClassLoader - Seeing class for first time: org.apache.hadoop.thirdparty.protobuf.DescriptorProtos$EnumValueOptions
2024-11-12 13:42:54,803 INFO  EvoClassLoader - Instrumenting class 'org.apache.hadoop.thirdparty.protobuf.DescriptorProtos$EnumValueOptions'.
2024-11-12 13:42:54,804 INFO  MethodCallReplacementClassAdapter - Adding mock interface to class org/apache/hadoop/thirdparty/protobuf/DescriptorProtos$EnumValueOptions
2024-11-12 13:42:54,804 INFO  CreateClassResetClassAdapter - Found static initializer in class org/apache/hadoop/thirdparty/protobuf/DescriptorProtos$EnumValueOptions
2024-11-12 13:42:54,804 INFO  EvoClassLoader - Keeping class: org.apache.hadoop.thirdparty.protobuf.DescriptorProtos$EnumValueOptions
2024-11-12 13:42:54,806 INFO  EvoClassLoader - Seeing class for first time: org.apache.hadoop.thirdparty.protobuf.Descriptors$EnumValueDescriptor
2024-11-12 13:42:54,806 INFO  EvoClassLoader - Instrumenting class 'org.apache.hadoop.thirdparty.protobuf.Descriptors$EnumValueDescriptor'.
2024-11-12 13:42:54,806 INFO  MethodCallReplacementClassAdapter - Adding mock interface to class org/apache/hadoop/thirdparty/protobuf/Descriptors$EnumValueDescriptor
2024-11-12 13:42:54,807 INFO  CreateClassResetClassAdapter - Found static initializer in class org/apache/hadoop/thirdparty/protobuf/Descriptors$EnumValueDescriptor
2024-11-12 13:42:54,808 INFO  EvoClassLoader - Keeping class: org.apache.hadoop.thirdparty.protobuf.Descriptors$EnumValueDescriptor
2024-11-12 13:42:54,808 INFO  EvoClassLoader - Seeing class for first time: org.apache.hadoop.thirdparty.protobuf.Descriptors$EnumValueDescriptor$1
2024-11-12 13:42:54,808 INFO  EvoClassLoader - Instrumenting class 'org.apache.hadoop.thirdparty.protobuf.Descriptors$EnumValueDescriptor$1'.
2024-11-12 13:42:54,808 INFO  MethodCallReplacementClassAdapter - Adding mock interface to class org/apache/hadoop/thirdparty/protobuf/Descriptors$EnumValueDescriptor$1
2024-11-12 13:42:54,809 INFO  EvoClassLoader - Keeping class: org.apache.hadoop.thirdparty.protobuf.Descriptors$EnumValueDescriptor$1
2024-11-12 13:42:54,809 INFO  EvoClassLoader - Seeing class for first time: org.apache.hadoop.thirdparty.protobuf.Descriptors$EnumValueDescriptor$2
2024-11-12 13:42:54,809 INFO  EvoClassLoader - Instrumenting class 'org.apache.hadoop.thirdparty.protobuf.Descriptors$EnumValueDescriptor$2'.
2024-11-12 13:42:54,809 INFO  MethodCallReplacementClassAdapter - Adding mock interface to class org/apache/hadoop/thirdparty/protobuf/Descriptors$EnumValueDescriptor$2
2024-11-12 13:42:54,809 INFO  EvoClassLoader - Keeping class: org.apache.hadoop.thirdparty.protobuf.Descriptors$EnumValueDescriptor$2
2024-11-12 13:42:54,811 INFO  EvoClassLoader - Seeing class for first time: org.apache.hadoop.thirdparty.protobuf.DescriptorProtos$FieldOptions$Builder
2024-11-12 13:42:54,811 INFO  EvoClassLoader - Instrumenting class 'org.apache.hadoop.thirdparty.protobuf.DescriptorProtos$FieldOptions$Builder'.
2024-11-12 13:42:54,812 INFO  MethodCallReplacementClassAdapter - Adding mock interface to class org/apache/hadoop/thirdparty/protobuf/DescriptorProtos$FieldOptions$Builder
2024-11-12 13:42:54,813 INFO  CreateClassResetClassAdapter - Creating brand-new static initializer in class org/apache/hadoop/thirdparty/protobuf/DescriptorProtos$FieldOptions$Builder
2024-11-12 13:42:54,814 INFO  EvoClassLoader - Keeping class: org.apache.hadoop.thirdparty.protobuf.DescriptorProtos$FieldOptions$Builder
2024-11-12 13:42:54,822 INFO  EvoClassLoader - Seeing class for first time: org.apache.hadoop.thirdparty.protobuf.DescriptorProtos$MessageOptions$Builder
2024-11-12 13:42:54,822 INFO  EvoClassLoader - Instrumenting class 'org.apache.hadoop.thirdparty.protobuf.DescriptorProtos$MessageOptions$Builder'.
2024-11-12 13:42:54,822 INFO  MethodCallReplacementClassAdapter - Adding mock interface to class org/apache/hadoop/thirdparty/protobuf/DescriptorProtos$MessageOptions$Builder
2024-11-12 13:42:54,824 INFO  CreateClassResetClassAdapter - Creating brand-new static initializer in class org/apache/hadoop/thirdparty/protobuf/DescriptorProtos$MessageOptions$Builder
2024-11-12 13:42:54,825 INFO  EvoClassLoader - Keeping class: org.apache.hadoop.thirdparty.protobuf.DescriptorProtos$MessageOptions$Builder
2024-11-12 13:42:54,837 INFO  EvoClassLoader - Seeing class for first time: org.apache.hadoop.hdfs.protocol.proto.HdfsServerProtos
2024-11-12 13:42:54,837 INFO  EvoClassLoader - Instrumenting class 'org.apache.hadoop.hdfs.protocol.proto.HdfsServerProtos'.
2024-11-12 13:42:54,838 INFO  MethodCallReplacementClassAdapter - Adding mock interface to class org/apache/hadoop/hdfs/protocol/proto/HdfsServerProtos
2024-11-12 13:42:54,838 INFO  CreateClassResetClassAdapter - Found static initializer in class org/apache/hadoop/hdfs/protocol/proto/HdfsServerProtos
2024-11-12 13:42:54,839 INFO  EvoClassLoader - Keeping class: org.apache.hadoop.hdfs.protocol.proto.HdfsServerProtos
2024-11-12 13:42:54,840 INFO  EvoClassLoader - Seeing class for first time: org.apache.hadoop.ha.proto.HAServiceProtocolProtos
2024-11-12 13:42:54,840 INFO  EvoClassLoader - Instrumenting class 'org.apache.hadoop.ha.proto.HAServiceProtocolProtos'.
2024-11-12 13:42:54,840 INFO  MethodCallReplacementClassAdapter - Adding mock interface to class org/apache/hadoop/ha/proto/HAServiceProtocolProtos
2024-11-12 13:42:54,840 INFO  CreateClassResetClassAdapter - Found static initializer in class org/apache/hadoop/ha/proto/HAServiceProtocolProtos
2024-11-12 13:42:54,841 INFO  EvoClassLoader - Defined package (3): package org.apache.hadoop.ha.proto, -1574898170
2024-11-12 13:42:54,841 INFO  EvoClassLoader - Keeping class: org.apache.hadoop.ha.proto.HAServiceProtocolProtos
2024-11-12 13:42:54,842 INFO  EvoClassLoader - Seeing class for first time: org.apache.hadoop.thirdparty.protobuf.DescriptorProtos$ServiceDescriptorProto$1
2024-11-12 13:42:54,842 INFO  EvoClassLoader - Instrumenting class 'org.apache.hadoop.thirdparty.protobuf.DescriptorProtos$ServiceDescriptorProto$1'.
2024-11-12 13:42:54,842 INFO  MethodCallReplacementClassAdapter - Adding mock interface to class org/apache/hadoop/thirdparty/protobuf/DescriptorProtos$ServiceDescriptorProto$1
2024-11-12 13:42:54,843 INFO  EvoClassLoader - Keeping class: org.apache.hadoop.thirdparty.protobuf.DescriptorProtos$ServiceDescriptorProto$1
2024-11-12 13:42:54,843 INFO  EvoClassLoader - Seeing class for first time: org.apache.hadoop.thirdparty.protobuf.DescriptorProtos$ServiceDescriptorProto$Builder
2024-11-12 13:42:54,843 INFO  EvoClassLoader - Instrumenting class 'org.apache.hadoop.thirdparty.protobuf.DescriptorProtos$ServiceDescriptorProto$Builder'.
2024-11-12 13:42:54,844 INFO  MethodCallReplacementClassAdapter - Adding mock interface to class org/apache/hadoop/thirdparty/protobuf/DescriptorProtos$ServiceDescriptorProto$Builder
2024-11-12 13:42:54,845 INFO  CreateClassResetClassAdapter - Creating brand-new static initializer in class org/apache/hadoop/thirdparty/protobuf/DescriptorProtos$ServiceDescriptorProto$Builder
2024-11-12 13:42:54,846 INFO  EvoClassLoader - Keeping class: org.apache.hadoop.thirdparty.protobuf.DescriptorProtos$ServiceDescriptorProto$Builder
2024-11-12 13:42:54,846 INFO  EvoClassLoader - Seeing class for first time: org.apache.hadoop.thirdparty.protobuf.DescriptorProtos$MethodDescriptorProto
2024-11-12 13:42:54,846 INFO  EvoClassLoader - Instrumenting class 'org.apache.hadoop.thirdparty.protobuf.DescriptorProtos$MethodDescriptorProto'.
2024-11-12 13:42:54,846 INFO  MethodCallReplacementClassAdapter - Adding mock interface to class org/apache/hadoop/thirdparty/protobuf/DescriptorProtos$MethodDescriptorProto
2024-11-12 13:42:54,847 INFO  CreateClassResetClassAdapter - Found static initializer in class org/apache/hadoop/thirdparty/protobuf/DescriptorProtos$MethodDescriptorProto
2024-11-12 13:42:54,847 INFO  EvoClassLoader - Seeing class for first time: org.apache.hadoop.thirdparty.protobuf.DescriptorProtos$MethodDescriptorProtoOrBuilder
2024-11-12 13:42:54,847 INFO  EvoClassLoader - Instrumenting class 'org.apache.hadoop.thirdparty.protobuf.DescriptorProtos$MethodDescriptorProtoOrBuilder'.
2024-11-12 13:42:54,847 INFO  EvoClassLoader - Keeping class: org.apache.hadoop.thirdparty.protobuf.DescriptorProtos$MethodDescriptorProtoOrBuilder
2024-11-12 13:42:54,848 INFO  EvoClassLoader - Keeping class: org.apache.hadoop.thirdparty.protobuf.DescriptorProtos$MethodDescriptorProto
2024-11-12 13:42:54,848 INFO  EvoClassLoader - Seeing class for first time: org.apache.hadoop.thirdparty.protobuf.DescriptorProtos$MethodOptionsOrBuilder
2024-11-12 13:42:54,848 INFO  EvoClassLoader - Instrumenting class 'org.apache.hadoop.thirdparty.protobuf.DescriptorProtos$MethodOptionsOrBuilder'.
2024-11-12 13:42:54,849 INFO  EvoClassLoader - Keeping class: org.apache.hadoop.thirdparty.protobuf.DescriptorProtos$MethodOptionsOrBuilder
2024-11-12 13:42:54,849 INFO  EvoClassLoader - Seeing class for first time: org.apache.hadoop.thirdparty.protobuf.DescriptorProtos$MethodDescriptorProto$1
2024-11-12 13:42:54,849 INFO  EvoClassLoader - Instrumenting class 'org.apache.hadoop.thirdparty.protobuf.DescriptorProtos$MethodDescriptorProto$1'.
2024-11-12 13:42:54,849 INFO  MethodCallReplacementClassAdapter - Adding mock interface to class org/apache/hadoop/thirdparty/protobuf/DescriptorProtos$MethodDescriptorProto$1
2024-11-12 13:42:54,849 INFO  EvoClassLoader - Keeping class: org.apache.hadoop.thirdparty.protobuf.DescriptorProtos$MethodDescriptorProto$1
2024-11-12 13:42:54,850 INFO  EvoClassLoader - Seeing class for first time: org.apache.hadoop.thirdparty.protobuf.DescriptorProtos$MethodDescriptorProto$Builder
2024-11-12 13:42:54,850 INFO  EvoClassLoader - Instrumenting class 'org.apache.hadoop.thirdparty.protobuf.DescriptorProtos$MethodDescriptorProto$Builder'.
2024-11-12 13:42:54,850 INFO  MethodCallReplacementClassAdapter - Adding mock interface to class org/apache/hadoop/thirdparty/protobuf/DescriptorProtos$MethodDescriptorProto$Builder
2024-11-12 13:42:54,851 INFO  CreateClassResetClassAdapter - Creating brand-new static initializer in class org/apache/hadoop/thirdparty/protobuf/DescriptorProtos$MethodDescriptorProto$Builder
2024-11-12 13:42:54,851 INFO  EvoClassLoader - Keeping class: org.apache.hadoop.thirdparty.protobuf.DescriptorProtos$MethodDescriptorProto$Builder
2024-11-12 13:42:54,852 INFO  EvoClassLoader - Seeing class for first time: org.apache.hadoop.thirdparty.protobuf.DescriptorProtos$MethodOptions
2024-11-12 13:42:54,852 INFO  EvoClassLoader - Instrumenting class 'org.apache.hadoop.thirdparty.protobuf.DescriptorProtos$MethodOptions'.
2024-11-12 13:42:54,852 INFO  MethodCallReplacementClassAdapter - Adding mock interface to class org/apache/hadoop/thirdparty/protobuf/DescriptorProtos$MethodOptions
2024-11-12 13:42:54,852 INFO  CreateClassResetClassAdapter - Found static initializer in class org/apache/hadoop/thirdparty/protobuf/DescriptorProtos$MethodOptions
2024-11-12 13:42:54,853 INFO  EvoClassLoader - Keeping class: org.apache.hadoop.thirdparty.protobuf.DescriptorProtos$MethodOptions
2024-11-12 13:42:54,854 INFO  EvoClassLoader - Seeing class for first time: org.apache.hadoop.thirdparty.protobuf.Descriptors$MethodDescriptor
2024-11-12 13:42:54,854 INFO  EvoClassLoader - Instrumenting class 'org.apache.hadoop.thirdparty.protobuf.Descriptors$MethodDescriptor'.
2024-11-12 13:42:54,854 INFO  MethodCallReplacementClassAdapter - Adding mock interface to class org/apache/hadoop/thirdparty/protobuf/Descriptors$MethodDescriptor
2024-11-12 13:42:54,854 INFO  CreateClassResetClassAdapter - Creating brand-new static initializer in class org/apache/hadoop/thirdparty/protobuf/Descriptors$MethodDescriptor
2024-11-12 13:42:54,855 INFO  EvoClassLoader - Keeping class: org.apache.hadoop.thirdparty.protobuf.Descriptors$MethodDescriptor
2024-11-12 13:42:54,865 INFO  EvoClassLoader - Seeing class for first time: org.apache.hadoop.hdfs.protocol.proto.NamenodeProtocolProtos$IsUpgradeFinalizedResponseProto
2024-11-12 13:42:54,865 INFO  EvoClassLoader - Instrumenting class 'org.apache.hadoop.hdfs.protocol.proto.NamenodeProtocolProtos$IsUpgradeFinalizedResponseProto'.
2024-11-12 13:42:54,866 INFO  MethodCallReplacementClassAdapter - Adding mock interface to class org/apache/hadoop/hdfs/protocol/proto/NamenodeProtocolProtos$IsUpgradeFinalizedResponseProto
2024-11-12 13:42:54,866 INFO  CreateClassResetClassAdapter - Found static initializer in class org/apache/hadoop/hdfs/protocol/proto/NamenodeProtocolProtos$IsUpgradeFinalizedResponseProto
2024-11-12 13:42:54,867 INFO  EvoClassLoader - Seeing class for first time: org.apache.hadoop.hdfs.protocol.proto.NamenodeProtocolProtos$IsUpgradeFinalizedResponseProtoOrBuilder
2024-11-12 13:42:54,867 INFO  EvoClassLoader - Instrumenting class 'org.apache.hadoop.hdfs.protocol.proto.NamenodeProtocolProtos$IsUpgradeFinalizedResponseProtoOrBuilder'.
2024-11-12 13:42:54,867 INFO  EvoClassLoader - Keeping class: org.apache.hadoop.hdfs.protocol.proto.NamenodeProtocolProtos$IsUpgradeFinalizedResponseProtoOrBuilder
2024-11-12 13:42:54,868 INFO  EvoClassLoader - Keeping class: org.apache.hadoop.hdfs.protocol.proto.NamenodeProtocolProtos$IsUpgradeFinalizedResponseProto
2024-11-12 13:42:54,868 INFO  EvoClassLoader - Seeing class for first time: org.apache.hadoop.hdfs.protocol.proto.NamenodeProtocolProtos$IsUpgradeFinalizedResponseProto$1
2024-11-12 13:42:54,868 INFO  EvoClassLoader - Instrumenting class 'org.apache.hadoop.hdfs.protocol.proto.NamenodeProtocolProtos$IsUpgradeFinalizedResponseProto$1'.
2024-11-12 13:42:54,868 INFO  MethodCallReplacementClassAdapter - Adding mock interface to class org/apache/hadoop/hdfs/protocol/proto/NamenodeProtocolProtos$IsUpgradeFinalizedResponseProto$1
2024-11-12 13:42:54,869 INFO  EvoClassLoader - Keeping class: org.apache.hadoop.hdfs.protocol.proto.NamenodeProtocolProtos$IsUpgradeFinalizedResponseProto$1
2024-11-12 13:42:54,869 INFO  EvoClassLoader - Seeing class for first time: org.apache.hadoop.hdfs.protocol.proto.NamenodeProtocolProtos$GetBlocksRequestProto$Builder
2024-11-12 13:42:54,869 INFO  EvoClassLoader - Instrumenting class 'org.apache.hadoop.hdfs.protocol.proto.NamenodeProtocolProtos$GetBlocksRequestProto$Builder'.
2024-11-12 13:42:54,870 INFO  MethodCallReplacementClassAdapter - Adding mock interface to class org/apache/hadoop/hdfs/protocol/proto/NamenodeProtocolProtos$GetBlocksRequestProto$Builder
2024-11-12 13:42:54,871 INFO  CreateClassResetClassAdapter - Creating brand-new static initializer in class org/apache/hadoop/hdfs/protocol/proto/NamenodeProtocolProtos$GetBlocksRequestProto$Builder
2024-11-12 13:42:54,871 INFO  EvoClassLoader - Seeing class for first time: org.apache.hadoop.hdfs.protocol.proto.NamenodeProtocolProtos$GetBlocksRequestProtoOrBuilder
2024-11-12 13:42:54,871 INFO  EvoClassLoader - Instrumenting class 'org.apache.hadoop.hdfs.protocol.proto.NamenodeProtocolProtos$GetBlocksRequestProtoOrBuilder'.
2024-11-12 13:42:54,871 INFO  EvoClassLoader - Keeping class: org.apache.hadoop.hdfs.protocol.proto.NamenodeProtocolProtos$GetBlocksRequestProtoOrBuilder
2024-11-12 13:42:54,871 INFO  EvoClassLoader - Keeping class: org.apache.hadoop.hdfs.protocol.proto.NamenodeProtocolProtos$GetBlocksRequestProto$Builder
2024-11-12 13:42:54,872 INFO  EvoClassLoader - Seeing class for first time: org.apache.hadoop.hdfs.protocol.proto.HdfsServerProtos$NamenodeRegistrationProtoOrBuilder
2024-11-12 13:42:54,872 INFO  EvoClassLoader - Instrumenting class 'org.apache.hadoop.hdfs.protocol.proto.HdfsServerProtos$NamenodeRegistrationProtoOrBuilder'.
2024-11-12 13:42:54,874 INFO  EvoClassLoader - Keeping class: org.apache.hadoop.hdfs.protocol.proto.HdfsServerProtos$NamenodeRegistrationProtoOrBuilder
2024-11-12 13:42:54,874 INFO  EvoClassLoader - Seeing class for first time: org.apache.hadoop.hdfs.protocol.proto.HdfsServerProtos$BlocksWithLocationsProto$1
2024-11-12 13:42:54,874 INFO  EvoClassLoader - Instrumenting class 'org.apache.hadoop.hdfs.protocol.proto.HdfsServerProtos$BlocksWithLocationsProto$1'.
2024-11-12 13:42:54,874 INFO  MethodCallReplacementClassAdapter - Adding mock interface to class org/apache/hadoop/hdfs/protocol/proto/HdfsServerProtos$BlocksWithLocationsProto$1
2024-11-12 13:42:54,874 INFO  EvoClassLoader - Keeping class: org.apache.hadoop.hdfs.protocol.proto.HdfsServerProtos$BlocksWithLocationsProto$1
2024-11-12 13:42:54,874 INFO  EvoClassLoader - Seeing class for first time: org.apache.hadoop.hdfs.protocol.proto.NamenodeProtocolProtos$GetEditLogManifestRequestProtoOrBuilder
2024-11-12 13:42:54,874 INFO  EvoClassLoader - Instrumenting class 'org.apache.hadoop.hdfs.protocol.proto.NamenodeProtocolProtos$GetEditLogManifestRequestProtoOrBuilder'.
2024-11-12 13:42:54,875 INFO  EvoClassLoader - Keeping class: org.apache.hadoop.hdfs.protocol.proto.NamenodeProtocolProtos$GetEditLogManifestRequestProtoOrBuilder
2024-11-12 13:42:54,875 INFO  EvoClassLoader - Seeing class for first time: org.apache.hadoop.hdfs.protocol.proto.NamenodeProtocolProtos$IsRollingUpgradeRequestProto$Builder
2024-11-12 13:42:54,875 INFO  EvoClassLoader - Instrumenting class 'org.apache.hadoop.hdfs.protocol.proto.NamenodeProtocolProtos$IsRollingUpgradeRequestProto$Builder'.
2024-11-12 13:42:54,875 INFO  MethodCallReplacementClassAdapter - Adding mock interface to class org/apache/hadoop/hdfs/protocol/proto/NamenodeProtocolProtos$IsRollingUpgradeRequestProto$Builder
2024-11-12 13:42:54,875 INFO  CreateClassResetClassAdapter - Creating brand-new static initializer in class org/apache/hadoop/hdfs/protocol/proto/NamenodeProtocolProtos$IsRollingUpgradeRequestProto$Builder
2024-11-12 13:42:54,876 INFO  EvoClassLoader - Keeping class: org.apache.hadoop.hdfs.protocol.proto.NamenodeProtocolProtos$IsRollingUpgradeRequestProto$Builder
2024-11-12 13:42:54,876 INFO  EvoClassLoader - Seeing class for first time: org.eclipse.jetty.util.component.ContainerLifeCycle$Bean
2024-11-12 13:42:54,876 INFO  EvoClassLoader - Instrumenting class 'org.eclipse.jetty.util.component.ContainerLifeCycle$Bean'.
2024-11-12 13:42:54,877 INFO  MethodCallReplacementClassAdapter - Adding mock interface to class org/eclipse/jetty/util/component/ContainerLifeCycle$Bean
2024-11-12 13:42:54,877 INFO  CreateClassResetClassAdapter - Creating brand-new static initializer in class org/eclipse/jetty/util/component/ContainerLifeCycle$Bean
2024-11-12 13:42:54,877 INFO  EvoClassLoader - Keeping class: org.eclipse.jetty.util.component.ContainerLifeCycle$Bean
2024-11-12 13:42:54,877 INFO  EvoClassLoader - Seeing class for first time: org.apache.hadoop.hdfs.protocol.proto.NamenodeProtocolProtos$GetFilePathResponseProto
2024-11-12 13:42:54,877 INFO  EvoClassLoader - Instrumenting class 'org.apache.hadoop.hdfs.protocol.proto.NamenodeProtocolProtos$GetFilePathResponseProto'.
2024-11-12 13:42:54,878 INFO  MethodCallReplacementClassAdapter - Adding mock interface to class org/apache/hadoop/hdfs/protocol/proto/NamenodeProtocolProtos$GetFilePathResponseProto
2024-11-12 13:42:54,879 INFO  CreateClassResetClassAdapter - Found static initializer in class org/apache/hadoop/hdfs/protocol/proto/NamenodeProtocolProtos$GetFilePathResponseProto
2024-11-12 13:42:54,879 INFO  EvoClassLoader - Seeing class for first time: org.apache.hadoop.hdfs.protocol.proto.NamenodeProtocolProtos$GetFilePathResponseProtoOrBuilder
2024-11-12 13:42:54,879 INFO  EvoClassLoader - Instrumenting class 'org.apache.hadoop.hdfs.protocol.proto.NamenodeProtocolProtos$GetFilePathResponseProtoOrBuilder'.
2024-11-12 13:42:54,880 INFO  EvoClassLoader - Keeping class: org.apache.hadoop.hdfs.protocol.proto.NamenodeProtocolProtos$GetFilePathResponseProtoOrBuilder
2024-11-12 13:42:54,880 INFO  EvoClassLoader - Keeping class: org.apache.hadoop.hdfs.protocol.proto.NamenodeProtocolProtos$GetFilePathResponseProto
2024-11-12 13:42:54,880 INFO  EvoClassLoader - Seeing class for first time: org.apache.hadoop.hdfs.protocol.proto.NamenodeProtocolProtos$GetFilePathResponseProto$1
2024-11-12 13:42:54,880 INFO  EvoClassLoader - Instrumenting class 'org.apache.hadoop.hdfs.protocol.proto.NamenodeProtocolProtos$GetFilePathResponseProto$1'.
2024-11-12 13:42:54,880 INFO  MethodCallReplacementClassAdapter - Adding mock interface to class org/apache/hadoop/hdfs/protocol/proto/NamenodeProtocolProtos$GetFilePathResponseProto$1
2024-11-12 13:42:54,880 INFO  EvoClassLoader - Keeping class: org.apache.hadoop.hdfs.protocol.proto.NamenodeProtocolProtos$GetFilePathResponseProto$1
2024-11-12 13:42:54,881 INFO  EvoClassLoader - Seeing class for first time: org.apache.hadoop.hdfs.protocol.proto.NamenodeProtocolProtos$RollEditLogResponseProtoOrBuilder
2024-11-12 13:42:54,881 INFO  EvoClassLoader - Instrumenting class 'org.apache.hadoop.hdfs.protocol.proto.NamenodeProtocolProtos$RollEditLogResponseProtoOrBuilder'.
2024-11-12 13:42:54,881 INFO  EvoClassLoader - Keeping class: org.apache.hadoop.hdfs.protocol.proto.NamenodeProtocolProtos$RollEditLogResponseProtoOrBuilder
2024-11-12 13:42:54,881 INFO  EvoClassLoader - Seeing class for first time: org.apache.hadoop.thirdparty.protobuf.GeneratedMessageLite$GeneratedExtension
2024-11-12 13:42:54,881 INFO  EvoClassLoader - Instrumenting class 'org.apache.hadoop.thirdparty.protobuf.GeneratedMessageLite$GeneratedExtension'.
2024-11-12 13:42:54,881 INFO  MethodCallReplacementClassAdapter - Adding mock interface to class org/apache/hadoop/thirdparty/protobuf/GeneratedMessageLite$GeneratedExtension
2024-11-12 13:42:54,882 INFO  CreateClassResetClassAdapter - Creating brand-new static initializer in class org/apache/hadoop/thirdparty/protobuf/GeneratedMessageLite$GeneratedExtension
2024-11-12 13:42:54,883 INFO  EvoClassLoader - Keeping class: org.apache.hadoop.thirdparty.protobuf.GeneratedMessageLite$GeneratedExtension
2024-11-12 13:42:54,884 INFO  EvoClassLoader - Seeing class for first time: org.apache.hadoop.thirdparty.protobuf.DescriptorProtos$DescriptorProto$ExtensionRange$1
2024-11-12 13:42:54,884 INFO  EvoClassLoader - Instrumenting class 'org.apache.hadoop.thirdparty.protobuf.DescriptorProtos$DescriptorProto$ExtensionRange$1'.
2024-11-12 13:42:54,884 INFO  MethodCallReplacementClassAdapter - Adding mock interface to class org/apache/hadoop/thirdparty/protobuf/DescriptorProtos$DescriptorProto$ExtensionRange$1
2024-11-12 13:42:54,884 INFO  EvoClassLoader - Keeping class: org.apache.hadoop.thirdparty.protobuf.DescriptorProtos$DescriptorProto$ExtensionRange$1
2024-11-12 13:42:54,885 INFO  EvoClassLoader - Seeing class for first time: org.apache.hadoop.hdfs.protocol.proto.HdfsServerProtos$BlockKeyProto$Builder
2024-11-12 13:42:54,885 INFO  EvoClassLoader - Instrumenting class 'org.apache.hadoop.hdfs.protocol.proto.HdfsServerProtos$BlockKeyProto$Builder'.
2024-11-12 13:42:54,885 INFO  MethodCallReplacementClassAdapter - Adding mock interface to class org/apache/hadoop/hdfs/protocol/proto/HdfsServerProtos$BlockKeyProto$Builder
2024-11-12 13:42:54,886 INFO  CreateClassResetClassAdapter - Creating brand-new static initializer in class org/apache/hadoop/hdfs/protocol/proto/HdfsServerProtos$BlockKeyProto$Builder
2024-11-12 13:42:54,887 INFO  EvoClassLoader - Keeping class: org.apache.hadoop.hdfs.protocol.proto.HdfsServerProtos$BlockKeyProto$Builder
2024-11-12 13:42:54,887 INFO  EvoClassLoader - Seeing class for first time: org.apache.hadoop.thirdparty.protobuf.MapField
2024-11-12 13:42:54,887 INFO  EvoClassLoader - Instrumenting class 'org.apache.hadoop.thirdparty.protobuf.MapField'.
2024-11-12 13:42:54,888 INFO  MethodCallReplacementClassAdapter - Adding mock interface to class org/apache/hadoop/thirdparty/protobuf/MapField
2024-11-12 13:42:54,888 INFO  CreateClassResetClassAdapter - Creating brand-new static initializer in class org/apache/hadoop/thirdparty/protobuf/MapField
2024-11-12 13:42:54,888 INFO  EvoClassLoader - Seeing class for first time: org.apache.hadoop.thirdparty.protobuf.MutabilityOracle
2024-11-12 13:42:54,888 INFO  EvoClassLoader - Instrumenting class 'org.apache.hadoop.thirdparty.protobuf.MutabilityOracle'.
2024-11-12 13:42:54,888 INFO  EvoClassLoader - Keeping class: org.apache.hadoop.thirdparty.protobuf.MutabilityOracle
2024-11-12 13:42:54,889 INFO  EvoClassLoader - Keeping class: org.apache.hadoop.thirdparty.protobuf.MapField
2024-11-12 13:42:54,889 INFO  EvoClassLoader - Seeing class for first time: org.apache.hadoop.thirdparty.protobuf.MapField$Converter
2024-11-12 13:42:54,889 INFO  EvoClassLoader - Instrumenting class 'org.apache.hadoop.thirdparty.protobuf.MapField$Converter'.
2024-11-12 13:42:54,889 INFO  EvoClassLoader - Keeping class: org.apache.hadoop.thirdparty.protobuf.MapField$Converter
2024-11-12 13:42:54,889 INFO  EvoClassLoader - Seeing class for first time: org.eclipse.jetty.util.component.Container$Listener
2024-11-12 13:42:54,889 INFO  EvoClassLoader - Instrumenting class 'org.eclipse.jetty.util.component.Container$Listener'.
2024-11-12 13:42:54,890 INFO  EvoClassLoader - Keeping class: org.eclipse.jetty.util.component.Container$Listener
2024-11-12 13:42:54,890 INFO  EvoClassLoader - Seeing class for first time: org.apache.hadoop.hdfs.protocol.proto.NamenodeProtocolProtos$ErrorReportRequestProto$Builder
2024-11-12 13:42:54,890 INFO  EvoClassLoader - Instrumenting class 'org.apache.hadoop.hdfs.protocol.proto.NamenodeProtocolProtos$ErrorReportRequestProto$Builder'.
2024-11-12 13:42:54,890 INFO  MethodCallReplacementClassAdapter - Adding mock interface to class org/apache/hadoop/hdfs/protocol/proto/NamenodeProtocolProtos$ErrorReportRequestProto$Builder
2024-11-12 13:42:54,891 INFO  CreateClassResetClassAdapter - Creating brand-new static initializer in class org/apache/hadoop/hdfs/protocol/proto/NamenodeProtocolProtos$ErrorReportRequestProto$Builder
2024-11-12 13:42:54,891 INFO  EvoClassLoader - Seeing class for first time: org.apache.hadoop.hdfs.protocol.proto.NamenodeProtocolProtos$ErrorReportRequestProtoOrBuilder
2024-11-12 13:42:54,891 INFO  EvoClassLoader - Instrumenting class 'org.apache.hadoop.hdfs.protocol.proto.NamenodeProtocolProtos$ErrorReportRequestProtoOrBuilder'.
2024-11-12 13:42:54,891 INFO  EvoClassLoader - Keeping class: org.apache.hadoop.hdfs.protocol.proto.NamenodeProtocolProtos$ErrorReportRequestProtoOrBuilder
2024-11-12 13:42:54,891 INFO  EvoClassLoader - Keeping class: org.apache.hadoop.hdfs.protocol.proto.NamenodeProtocolProtos$ErrorReportRequestProto$Builder
2024-11-12 13:42:54,892 INFO  EvoClassLoader - Seeing class for first time: org.apache.hadoop.hdfs.protocol.proto.HdfsServerProtos$NamenodeRegistrationProto
2024-11-12 13:42:54,892 INFO  EvoClassLoader - Instrumenting class 'org.apache.hadoop.hdfs.protocol.proto.HdfsServerProtos$NamenodeRegistrationProto'.
2024-11-12 13:42:54,892 INFO  MethodCallReplacementClassAdapter - Adding mock interface to class org/apache/hadoop/hdfs/protocol/proto/HdfsServerProtos$NamenodeRegistrationProto
2024-11-12 13:42:54,892 INFO  CreateClassResetClassAdapter - Found static initializer in class org/apache/hadoop/hdfs/protocol/proto/HdfsServerProtos$NamenodeRegistrationProto
2024-11-12 13:42:54,893 INFO  EvoClassLoader - Keeping class: org.apache.hadoop.hdfs.protocol.proto.HdfsServerProtos$NamenodeRegistrationProto
2024-11-12 13:42:54,893 INFO  EvoClassLoader - Seeing class for first time: org.apache.hadoop.fs.StreamCapabilities
2024-11-12 13:42:54,893 INFO  EvoClassLoader - Instrumenting class 'org.apache.hadoop.fs.StreamCapabilities'.
2024-11-12 13:42:54,893 INFO  EvoClassLoader - Keeping class: org.apache.hadoop.fs.StreamCapabilities
2024-11-12 13:42:54,893 INFO  EvoClassLoader - Seeing class for first time: org.apache.hadoop.hdfs.protocol.proto.HdfsServerProtos$NamenodeRegistrationProto$1
2024-11-12 13:42:54,893 INFO  EvoClassLoader - Instrumenting class 'org.apache.hadoop.hdfs.protocol.proto.HdfsServerProtos$NamenodeRegistrationProto$1'.
2024-11-12 13:42:54,894 INFO  MethodCallReplacementClassAdapter - Adding mock interface to class org/apache/hadoop/hdfs/protocol/proto/HdfsServerProtos$NamenodeRegistrationProto$1
2024-11-12 13:42:54,894 INFO  EvoClassLoader - Keeping class: org.apache.hadoop.hdfs.protocol.proto.HdfsServerProtos$NamenodeRegistrationProto$1
2024-11-12 13:42:54,894 INFO  EvoClassLoader - Seeing class for first time: org.apache.hadoop.hdfs.protocol.proto.HdfsServerProtos$NamenodeCommandProto$Type
2024-11-12 13:42:54,894 INFO  EvoClassLoader - Instrumenting class 'org.apache.hadoop.hdfs.protocol.proto.HdfsServerProtos$NamenodeCommandProto$Type'.
2024-11-12 13:42:54,894 INFO  MethodCallReplacementClassAdapter - Adding mock interface to class org/apache/hadoop/hdfs/protocol/proto/HdfsServerProtos$NamenodeCommandProto$Type
2024-11-12 13:42:54,894 INFO  CreateClassResetClassAdapter - Found static initializer in class org/apache/hadoop/hdfs/protocol/proto/HdfsServerProtos$NamenodeCommandProto$Type
2024-11-12 13:42:54,895 INFO  EvoClassLoader - Keeping class: org.apache.hadoop.hdfs.protocol.proto.HdfsServerProtos$NamenodeCommandProto$Type
2024-11-12 13:42:54,895 INFO  EvoClassLoader - Seeing class for first time: org.apache.hadoop.hdfs.protocol.proto.HdfsServerProtos$NamenodeCommandProto$Type$1
2024-11-12 13:42:54,895 INFO  EvoClassLoader - Instrumenting class 'org.apache.hadoop.hdfs.protocol.proto.HdfsServerProtos$NamenodeCommandProto$Type$1'.
2024-11-12 13:42:54,895 INFO  MethodCallReplacementClassAdapter - Adding mock interface to class org/apache/hadoop/hdfs/protocol/proto/HdfsServerProtos$NamenodeCommandProto$Type$1
2024-11-12 13:42:54,895 INFO  EvoClassLoader - Keeping class: org.apache.hadoop.hdfs.protocol.proto.HdfsServerProtos$NamenodeCommandProto$Type$1
2024-11-12 13:42:54,895 INFO  EvoClassLoader - Seeing class for first time: org.apache.hadoop.hdfs.protocol.proto.NamenodeProtocolProtos$EndCheckpointResponseProto$1
2024-11-12 13:42:54,895 INFO  EvoClassLoader - Instrumenting class 'org.apache.hadoop.hdfs.protocol.proto.NamenodeProtocolProtos$EndCheckpointResponseProto$1'.
2024-11-12 13:42:54,895 INFO  MethodCallReplacementClassAdapter - Adding mock interface to class org/apache/hadoop/hdfs/protocol/proto/NamenodeProtocolProtos$EndCheckpointResponseProto$1
2024-11-12 13:42:54,896 INFO  EvoClassLoader - Keeping class: org.apache.hadoop.hdfs.protocol.proto.NamenodeProtocolProtos$EndCheckpointResponseProto$1
2024-11-12 13:42:54,896 INFO  EvoClassLoader - Seeing class for first time: org.apache.hadoop.thirdparty.protobuf.RpcCallback
2024-11-12 13:42:54,896 INFO  EvoClassLoader - Instrumenting class 'org.apache.hadoop.thirdparty.protobuf.RpcCallback'.
2024-11-12 13:42:54,896 INFO  EvoClassLoader - Keeping class: org.apache.hadoop.thirdparty.protobuf.RpcCallback
2024-11-12 13:42:54,896 INFO  EvoClassLoader - Seeing class for first time: org.apache.hadoop.thirdparty.protobuf.TextFormat$1
2024-11-12 13:42:54,896 INFO  EvoClassLoader - Instrumenting class 'org.apache.hadoop.thirdparty.protobuf.TextFormat$1'.
2024-11-12 13:42:54,897 INFO  MethodCallReplacementClassAdapter - Adding mock interface to class org/apache/hadoop/thirdparty/protobuf/TextFormat$1
2024-11-12 13:42:54,897 INFO  EvoClassLoader - Keeping class: org.apache.hadoop.thirdparty.protobuf.TextFormat$1
2024-11-12 13:42:54,897 INFO  EvoClassLoader - Seeing class for first time: org.apache.hadoop.hdfs.protocol.proto.HdfsProtos$DatanodeIDProto$Builder
2024-11-12 13:42:54,897 INFO  EvoClassLoader - Instrumenting class 'org.apache.hadoop.hdfs.protocol.proto.HdfsProtos$DatanodeIDProto$Builder'.
2024-11-12 13:42:54,897 INFO  MethodCallReplacementClassAdapter - Adding mock interface to class org/apache/hadoop/hdfs/protocol/proto/HdfsProtos$DatanodeIDProto$Builder
2024-11-12 13:42:54,898 INFO  CreateClassResetClassAdapter - Creating brand-new static initializer in class org/apache/hadoop/hdfs/protocol/proto/HdfsProtos$DatanodeIDProto$Builder
2024-11-12 13:42:54,899 INFO  EvoClassLoader - Keeping class: org.apache.hadoop.hdfs.protocol.proto.HdfsProtos$DatanodeIDProto$Builder
2024-11-12 13:42:54,899 INFO  EvoClassLoader - Seeing class for first time: org.apache.hadoop.hdfs.protocol.proto.HdfsServerProtos$NamespaceInfoProto
2024-11-12 13:42:54,899 INFO  EvoClassLoader - Instrumenting class 'org.apache.hadoop.hdfs.protocol.proto.HdfsServerProtos$NamespaceInfoProto'.
2024-11-12 13:42:54,900 INFO  MethodCallReplacementClassAdapter - Adding mock interface to class org/apache/hadoop/hdfs/protocol/proto/HdfsServerProtos$NamespaceInfoProto
2024-11-12 13:42:54,901 INFO  CreateClassResetClassAdapter - Found static initializer in class org/apache/hadoop/hdfs/protocol/proto/HdfsServerProtos$NamespaceInfoProto
2024-11-12 13:42:54,901 INFO  EvoClassLoader - Seeing class for first time: org.apache.hadoop.hdfs.protocol.proto.HdfsServerProtos$NamespaceInfoProtoOrBuilder
2024-11-12 13:42:54,901 INFO  EvoClassLoader - Instrumenting class 'org.apache.hadoop.hdfs.protocol.proto.HdfsServerProtos$NamespaceInfoProtoOrBuilder'.
2024-11-12 13:42:54,901 INFO  EvoClassLoader - Keeping class: org.apache.hadoop.hdfs.protocol.proto.HdfsServerProtos$NamespaceInfoProtoOrBuilder
2024-11-12 13:42:54,902 INFO  EvoClassLoader - Keeping class: org.apache.hadoop.hdfs.protocol.proto.HdfsServerProtos$NamespaceInfoProto
2024-11-12 13:42:54,902 INFO  EvoClassLoader - Seeing class for first time: org.apache.hadoop.hdfs.protocol.proto.HdfsServerProtos$StorageInfoProtoOrBuilder
2024-11-12 13:42:54,902 INFO  EvoClassLoader - Instrumenting class 'org.apache.hadoop.hdfs.protocol.proto.HdfsServerProtos$StorageInfoProtoOrBuilder'.
2024-11-12 13:42:54,902 INFO  EvoClassLoader - Keeping class: org.apache.hadoop.hdfs.protocol.proto.HdfsServerProtos$StorageInfoProtoOrBuilder
2024-11-12 13:42:54,902 INFO  EvoClassLoader - Seeing class for first time: org.apache.hadoop.hdfs.protocol.proto.HdfsServerProtos$NamespaceInfoProto$1
2024-11-12 13:42:54,902 INFO  EvoClassLoader - Instrumenting class 'org.apache.hadoop.hdfs.protocol.proto.HdfsServerProtos$NamespaceInfoProto$1'.
2024-11-12 13:42:54,902 INFO  MethodCallReplacementClassAdapter - Adding mock interface to class org/apache/hadoop/hdfs/protocol/proto/HdfsServerProtos$NamespaceInfoProto$1
2024-11-12 13:42:54,903 INFO  EvoClassLoader - Keeping class: org.apache.hadoop.hdfs.protocol.proto.HdfsServerProtos$NamespaceInfoProto$1
2024-11-12 13:42:54,903 INFO  EvoClassLoader - Seeing class for first time: org.apache.hadoop.hdfs.protocol.proto.HdfsServerProtos$StorageInfoProto$Builder
2024-11-12 13:42:54,903 INFO  EvoClassLoader - Instrumenting class 'org.apache.hadoop.hdfs.protocol.proto.HdfsServerProtos$StorageInfoProto$Builder'.
2024-11-12 13:42:54,903 INFO  MethodCallReplacementClassAdapter - Adding mock interface to class org/apache/hadoop/hdfs/protocol/proto/HdfsServerProtos$StorageInfoProto$Builder
2024-11-12 13:42:54,904 INFO  CreateClassResetClassAdapter - Creating brand-new static initializer in class org/apache/hadoop/hdfs/protocol/proto/HdfsServerProtos$StorageInfoProto$Builder
2024-11-12 13:42:54,904 INFO  EvoClassLoader - Keeping class: org.apache.hadoop.hdfs.protocol.proto.HdfsServerProtos$StorageInfoProto$Builder
2024-11-12 13:42:54,905 INFO  EvoClassLoader - Seeing class for first time: org.apache.hadoop.hdfs.protocol.proto.NamenodeProtocolProtos$ErrorReportResponseProto$1
2024-11-12 13:42:54,905 INFO  EvoClassLoader - Instrumenting class 'org.apache.hadoop.hdfs.protocol.proto.NamenodeProtocolProtos$ErrorReportResponseProto$1'.
2024-11-12 13:42:54,905 INFO  MethodCallReplacementClassAdapter - Adding mock interface to class org/apache/hadoop/hdfs/protocol/proto/NamenodeProtocolProtos$ErrorReportResponseProto$1
2024-11-12 13:42:54,905 INFO  EvoClassLoader - Keeping class: org.apache.hadoop.hdfs.protocol.proto.NamenodeProtocolProtos$ErrorReportResponseProto$1
2024-11-12 13:42:54,905 INFO  EvoClassLoader - Seeing class for first time: org.eclipse.jetty.util.log.AbstractLogger
2024-11-12 13:42:54,905 INFO  EvoClassLoader - Instrumenting class 'org.eclipse.jetty.util.log.AbstractLogger'.
2024-11-12 13:42:54,905 INFO  MethodCallReplacementClassAdapter - Adding mock interface to class org/eclipse/jetty/util/log/AbstractLogger
2024-11-12 13:42:54,906 INFO  CreateClassResetClassAdapter - Creating brand-new static initializer in class org/eclipse/jetty/util/log/AbstractLogger
2024-11-12 13:42:54,906 INFO  CreateClassResetClassAdapter - Adding bytecode for initializing field LEVEL_DEFAULT
2024-11-12 13:42:54,906 INFO  CreateClassResetClassAdapter - Adding bytecode for initializing field LEVEL_ALL
2024-11-12 13:42:54,906 INFO  CreateClassResetClassAdapter - Adding bytecode for initializing field LEVEL_DEBUG
2024-11-12 13:42:54,906 INFO  CreateClassResetClassAdapter - Adding bytecode for initializing field LEVEL_INFO
2024-11-12 13:42:54,906 INFO  CreateClassResetClassAdapter - Adding bytecode for initializing field LEVEL_WARN
2024-11-12 13:42:54,906 INFO  CreateClassResetClassAdapter - Adding bytecode for initializing field LEVEL_OFF
2024-11-12 13:42:54,906 INFO  EvoClassLoader - Defined package (3): package org.eclipse.jetty.util.log, -1550856903
2024-11-12 13:42:54,906 INFO  EvoClassLoader - Seeing class for first time: org.eclipse.jetty.util.log.Logger
2024-11-12 13:42:54,906 INFO  EvoClassLoader - Instrumenting class 'org.eclipse.jetty.util.log.Logger'.
2024-11-12 13:42:54,906 INFO  EvoClassLoader - Keeping class: org.eclipse.jetty.util.log.Logger
2024-11-12 13:42:54,906 INFO  EvoClassLoader - Keeping class: org.eclipse.jetty.util.log.AbstractLogger
2024-11-12 13:42:54,906 INFO  EvoClassLoader - Seeing class for first time: org.apache.hadoop.hdfs.protocol.proto.NamenodeProtocolProtos$IsUpgradeFinalizedResponseProto$Builder
2024-11-12 13:42:54,906 INFO  EvoClassLoader - Instrumenting class 'org.apache.hadoop.hdfs.protocol.proto.NamenodeProtocolProtos$IsUpgradeFinalizedResponseProto$Builder'.
2024-11-12 13:42:54,907 INFO  MethodCallReplacementClassAdapter - Adding mock interface to class org/apache/hadoop/hdfs/protocol/proto/NamenodeProtocolProtos$IsUpgradeFinalizedResponseProto$Builder
2024-11-12 13:42:54,907 INFO  CreateClassResetClassAdapter - Creating brand-new static initializer in class org/apache/hadoop/hdfs/protocol/proto/NamenodeProtocolProtos$IsUpgradeFinalizedResponseProto$Builder
2024-11-12 13:42:54,908 INFO  EvoClassLoader - Keeping class: org.apache.hadoop.hdfs.protocol.proto.NamenodeProtocolProtos$IsUpgradeFinalizedResponseProto$Builder
2024-11-12 13:42:54,909 INFO  EvoClassLoader - Seeing class for first time: org.apache.hadoop.hdfs.protocol.proto.HdfsServerProtos$NNHAStatusHeartbeatProto
2024-11-12 13:42:54,909 INFO  EvoClassLoader - Instrumenting class 'org.apache.hadoop.hdfs.protocol.proto.HdfsServerProtos$NNHAStatusHeartbeatProto'.
2024-11-12 13:42:54,909 INFO  MethodCallReplacementClassAdapter - Adding mock interface to class org/apache/hadoop/hdfs/protocol/proto/HdfsServerProtos$NNHAStatusHeartbeatProto
2024-11-12 13:42:54,910 INFO  CreateClassResetClassAdapter - Found static initializer in class org/apache/hadoop/hdfs/protocol/proto/HdfsServerProtos$NNHAStatusHeartbeatProto
2024-11-12 13:42:54,910 INFO  EvoClassLoader - Seeing class for first time: org.apache.hadoop.hdfs.protocol.proto.HdfsServerProtos$NNHAStatusHeartbeatProtoOrBuilder
2024-11-12 13:42:54,911 INFO  EvoClassLoader - Instrumenting class 'org.apache.hadoop.hdfs.protocol.proto.HdfsServerProtos$NNHAStatusHeartbeatProtoOrBuilder'.
2024-11-12 13:42:54,911 INFO  EvoClassLoader - Keeping class: org.apache.hadoop.hdfs.protocol.proto.HdfsServerProtos$NNHAStatusHeartbeatProtoOrBuilder
2024-11-12 13:42:54,911 INFO  EvoClassLoader - Keeping class: org.apache.hadoop.hdfs.protocol.proto.HdfsServerProtos$NNHAStatusHeartbeatProto
2024-11-12 13:42:54,911 INFO  EvoClassLoader - Seeing class for first time: org.apache.hadoop.hdfs.protocol.proto.HdfsServerProtos$NNHAStatusHeartbeatProto$1
2024-11-12 13:42:54,911 INFO  EvoClassLoader - Instrumenting class 'org.apache.hadoop.hdfs.protocol.proto.HdfsServerProtos$NNHAStatusHeartbeatProto$1'.
2024-11-12 13:42:54,911 INFO  MethodCallReplacementClassAdapter - Adding mock interface to class org/apache/hadoop/hdfs/protocol/proto/HdfsServerProtos$NNHAStatusHeartbeatProto$1
2024-11-12 13:42:54,912 INFO  EvoClassLoader - Keeping class: org.apache.hadoop.hdfs.protocol.proto.HdfsServerProtos$NNHAStatusHeartbeatProto$1
2024-11-12 13:42:54,912 INFO  EvoClassLoader - Seeing class for first time: org.apache.hadoop.hdfs.protocol.proto.NamenodeProtocolProtos$GetFilePathRequestProto
2024-11-12 13:42:54,912 INFO  EvoClassLoader - Instrumenting class 'org.apache.hadoop.hdfs.protocol.proto.NamenodeProtocolProtos$GetFilePathRequestProto'.
2024-11-12 13:42:54,913 INFO  MethodCallReplacementClassAdapter - Adding mock interface to class org/apache/hadoop/hdfs/protocol/proto/NamenodeProtocolProtos$GetFilePathRequestProto
2024-11-12 13:42:54,913 INFO  CreateClassResetClassAdapter - Found static initializer in class org/apache/hadoop/hdfs/protocol/proto/NamenodeProtocolProtos$GetFilePathRequestProto
2024-11-12 13:42:54,914 INFO  EvoClassLoader - Seeing class for first time: org.apache.hadoop.hdfs.protocol.proto.NamenodeProtocolProtos$GetFilePathRequestProtoOrBuilder
2024-11-12 13:42:54,914 INFO  EvoClassLoader - Instrumenting class 'org.apache.hadoop.hdfs.protocol.proto.NamenodeProtocolProtos$GetFilePathRequestProtoOrBuilder'.
2024-11-12 13:42:54,914 INFO  EvoClassLoader - Keeping class: org.apache.hadoop.hdfs.protocol.proto.NamenodeProtocolProtos$GetFilePathRequestProtoOrBuilder
2024-11-12 13:42:54,914 INFO  EvoClassLoader - Keeping class: org.apache.hadoop.hdfs.protocol.proto.NamenodeProtocolProtos$GetFilePathRequestProto
2024-11-12 13:42:54,915 INFO  EvoClassLoader - Seeing class for first time: org.apache.hadoop.hdfs.protocol.proto.NamenodeProtocolProtos$GetFilePathRequestProto$1
2024-11-12 13:42:54,915 INFO  EvoClassLoader - Instrumenting class 'org.apache.hadoop.hdfs.protocol.proto.NamenodeProtocolProtos$GetFilePathRequestProto$1'.
2024-11-12 13:42:54,915 INFO  MethodCallReplacementClassAdapter - Adding mock interface to class org/apache/hadoop/hdfs/protocol/proto/NamenodeProtocolProtos$GetFilePathRequestProto$1
2024-11-12 13:42:54,915 INFO  EvoClassLoader - Keeping class: org.apache.hadoop.hdfs.protocol.proto.NamenodeProtocolProtos$GetFilePathRequestProto$1
2024-11-12 13:42:54,915 INFO  EvoClassLoader - Seeing class for first time: org.apache.hadoop.hdfs.protocol.proto.NamenodeProtocolProtos$GetEditLogManifestRequestProto$Builder
2024-11-12 13:42:54,915 INFO  EvoClassLoader - Instrumenting class 'org.apache.hadoop.hdfs.protocol.proto.NamenodeProtocolProtos$GetEditLogManifestRequestProto$Builder'.
2024-11-12 13:42:54,916 INFO  MethodCallReplacementClassAdapter - Adding mock interface to class org/apache/hadoop/hdfs/protocol/proto/NamenodeProtocolProtos$GetEditLogManifestRequestProto$Builder
2024-11-12 13:42:54,917 INFO  CreateClassResetClassAdapter - Creating brand-new static initializer in class org/apache/hadoop/hdfs/protocol/proto/NamenodeProtocolProtos$GetEditLogManifestRequestProto$Builder
2024-11-12 13:42:54,918 INFO  EvoClassLoader - Keeping class: org.apache.hadoop.hdfs.protocol.proto.NamenodeProtocolProtos$GetEditLogManifestRequestProto$Builder
2024-11-12 13:42:54,919 INFO  EvoClassLoader - Seeing class for first time: org.apache.hadoop.thirdparty.protobuf.GeneratedMessageV3$FieldAccessorTable$RepeatedFieldAccessor$ReflectionInvoker
2024-11-12 13:42:54,919 INFO  EvoClassLoader - Instrumenting class 'org.apache.hadoop.thirdparty.protobuf.GeneratedMessageV3$FieldAccessorTable$RepeatedFieldAccessor$ReflectionInvoker'.
2024-11-12 13:42:54,919 INFO  MethodCallReplacementClassAdapter - Adding mock interface to class org/apache/hadoop/thirdparty/protobuf/GeneratedMessageV3$FieldAccessorTable$RepeatedFieldAccessor$ReflectionInvoker
2024-11-12 13:42:54,920 INFO  CreateClassResetClassAdapter - Creating brand-new static initializer in class org/apache/hadoop/thirdparty/protobuf/GeneratedMessageV3$FieldAccessorTable$RepeatedFieldAccessor$ReflectionInvoker
2024-11-12 13:42:54,920 INFO  EvoClassLoader - Seeing class for first time: org.apache.hadoop.thirdparty.protobuf.GeneratedMessageV3$FieldAccessorTable$RepeatedFieldAccessor$MethodInvoker
2024-11-12 13:42:54,920 INFO  EvoClassLoader - Instrumenting class 'org.apache.hadoop.thirdparty.protobuf.GeneratedMessageV3$FieldAccessorTable$RepeatedFieldAccessor$MethodInvoker'.
2024-11-12 13:42:54,921 INFO  EvoClassLoader - Keeping class: org.apache.hadoop.thirdparty.protobuf.GeneratedMessageV3$FieldAccessorTable$RepeatedFieldAccessor$MethodInvoker
2024-11-12 13:42:54,921 INFO  EvoClassLoader - Keeping class: org.apache.hadoop.thirdparty.protobuf.GeneratedMessageV3$FieldAccessorTable$RepeatedFieldAccessor$ReflectionInvoker
2024-11-12 13:42:54,921 INFO  EvoClassLoader - Seeing class for first time: org.apache.hadoop.thirdparty.protobuf.GeneratedMessageV3$FieldAccessorTable$SingularMessageFieldAccessor
2024-11-12 13:42:54,921 INFO  EvoClassLoader - Instrumenting class 'org.apache.hadoop.thirdparty.protobuf.GeneratedMessageV3$FieldAccessorTable$SingularMessageFieldAccessor'.
2024-11-12 13:42:54,922 INFO  MethodCallReplacementClassAdapter - Adding mock interface to class org/apache/hadoop/thirdparty/protobuf/GeneratedMessageV3$FieldAccessorTable$SingularMessageFieldAccessor
2024-11-12 13:42:54,922 INFO  CreateClassResetClassAdapter - Creating brand-new static initializer in class org/apache/hadoop/thirdparty/protobuf/GeneratedMessageV3$FieldAccessorTable$SingularMessageFieldAccessor
2024-11-12 13:42:54,922 INFO  EvoClassLoader - Keeping class: org.apache.hadoop.thirdparty.protobuf.GeneratedMessageV3$FieldAccessorTable$SingularMessageFieldAccessor
2024-11-12 13:42:54,922 INFO  EvoClassLoader - Seeing class for first time: org.eclipse.jetty.util.log.Log
2024-11-12 13:42:54,922 INFO  EvoClassLoader - Instrumenting class 'org.eclipse.jetty.util.log.Log'.
2024-11-12 13:42:54,923 INFO  MethodCallReplacementClassAdapter - Adding mock interface to class org/eclipse/jetty/util/log/Log
2024-11-12 13:42:54,924 INFO  CreateClassResetClassAdapter - Found static initializer in class org/eclipse/jetty/util/log/Log
2024-11-12 13:42:54,924 INFO  EvoClassLoader - Keeping class: org.eclipse.jetty.util.log.Log
2024-11-12 13:42:54,924 INFO  EvoClassLoader - Seeing class for first time: org.eclipse.jetty.util.log.Log$1
2024-11-12 13:42:54,924 INFO  EvoClassLoader - Instrumenting class 'org.eclipse.jetty.util.log.Log$1'.
2024-11-12 13:42:54,924 INFO  MethodCallReplacementClassAdapter - Adding mock interface to class org/eclipse/jetty/util/log/Log$1
2024-11-12 13:42:54,925 INFO  EvoClassLoader - Keeping class: org.eclipse.jetty.util.log.Log$1
2024-11-12 13:42:54,925 INFO  EvoClassLoader - Seeing class for first time: org.eclipse.jetty.util.Loader
2024-11-12 13:42:54,925 INFO  EvoClassLoader - Instrumenting class 'org.eclipse.jetty.util.Loader'.
2024-11-12 13:42:54,925 INFO  MethodCallReplacementClassAdapter - Adding mock interface to class org/eclipse/jetty/util/Loader
2024-11-12 13:42:54,925 INFO  CreateClassResetClassAdapter - Creating brand-new static initializer in class org/eclipse/jetty/util/Loader
2024-11-12 13:42:54,925 INFO  EvoClassLoader - Defined package (3): package org.eclipse.jetty.util, 464202339
2024-11-12 13:42:54,925 INFO  EvoClassLoader - Keeping class: org.eclipse.jetty.util.Loader
2024-11-12 13:42:54,926 INFO  EvoClassLoader - Seeing class for first time: org.apache.hadoop.hdfs.protocol.proto.HdfsServerProtos$CheckpointSignatureProto$1
2024-11-12 13:42:54,926 INFO  EvoClassLoader - Instrumenting class 'org.apache.hadoop.hdfs.protocol.proto.HdfsServerProtos$CheckpointSignatureProto$1'.
2024-11-12 13:42:54,926 INFO  MethodCallReplacementClassAdapter - Adding mock interface to class org/apache/hadoop/hdfs/protocol/proto/HdfsServerProtos$CheckpointSignatureProto$1
2024-11-12 13:42:54,926 INFO  EvoClassLoader - Keeping class: org.apache.hadoop.hdfs.protocol.proto.HdfsServerProtos$CheckpointSignatureProto$1
2024-11-12 13:42:54,926 INFO  EvoClassLoader - Seeing class for first time: org.apache.hadoop.hdfs.protocol.proto.HdfsServerProtos$VersionRequestProtoOrBuilder
2024-11-12 13:42:54,926 INFO  EvoClassLoader - Instrumenting class 'org.apache.hadoop.hdfs.protocol.proto.HdfsServerProtos$VersionRequestProtoOrBuilder'.
2024-11-12 13:42:54,926 INFO  EvoClassLoader - Keeping class: org.apache.hadoop.hdfs.protocol.proto.HdfsServerProtos$VersionRequestProtoOrBuilder
2024-11-12 13:42:54,926 INFO  EvoClassLoader - Seeing class for first time: org.apache.hadoop.hdfs.protocol.proto.NamenodeProtocolProtos$StartCheckpointResponseProto
2024-11-12 13:42:54,926 INFO  EvoClassLoader - Instrumenting class 'org.apache.hadoop.hdfs.protocol.proto.NamenodeProtocolProtos$StartCheckpointResponseProto'.
2024-11-12 13:42:54,927 INFO  MethodCallReplacementClassAdapter - Adding mock interface to class org/apache/hadoop/hdfs/protocol/proto/NamenodeProtocolProtos$StartCheckpointResponseProto
2024-11-12 13:42:54,927 INFO  CreateClassResetClassAdapter - Found static initializer in class org/apache/hadoop/hdfs/protocol/proto/NamenodeProtocolProtos$StartCheckpointResponseProto
2024-11-12 13:42:54,927 INFO  EvoClassLoader - Seeing class for first time: org.apache.hadoop.hdfs.protocol.proto.NamenodeProtocolProtos$StartCheckpointResponseProtoOrBuilder
2024-11-12 13:42:54,927 INFO  EvoClassLoader - Instrumenting class 'org.apache.hadoop.hdfs.protocol.proto.NamenodeProtocolProtos$StartCheckpointResponseProtoOrBuilder'.
2024-11-12 13:42:54,928 INFO  EvoClassLoader - Keeping class: org.apache.hadoop.hdfs.protocol.proto.NamenodeProtocolProtos$StartCheckpointResponseProtoOrBuilder
2024-11-12 13:42:54,928 INFO  EvoClassLoader - Keeping class: org.apache.hadoop.hdfs.protocol.proto.NamenodeProtocolProtos$StartCheckpointResponseProto
2024-11-12 13:42:54,928 INFO  EvoClassLoader - Seeing class for first time: org.apache.hadoop.hdfs.protocol.proto.NamenodeProtocolProtos$StartCheckpointResponseProto$1
2024-11-12 13:42:54,928 INFO  EvoClassLoader - Instrumenting class 'org.apache.hadoop.hdfs.protocol.proto.NamenodeProtocolProtos$StartCheckpointResponseProto$1'.
2024-11-12 13:42:54,928 INFO  MethodCallReplacementClassAdapter - Adding mock interface to class org/apache/hadoop/hdfs/protocol/proto/NamenodeProtocolProtos$StartCheckpointResponseProto$1
2024-11-12 13:42:54,928 INFO  EvoClassLoader - Keeping class: org.apache.hadoop.hdfs.protocol.proto.NamenodeProtocolProtos$StartCheckpointResponseProto$1
2024-11-12 13:42:54,928 INFO  EvoClassLoader - Seeing class for first time: org.eclipse.jetty.util.component.ContainerLifeCycle$1
2024-11-12 13:42:54,928 INFO  EvoClassLoader - Instrumenting class 'org.eclipse.jetty.util.component.ContainerLifeCycle$1'.
2024-11-12 13:42:54,928 INFO  MethodCallReplacementClassAdapter - Adding mock interface to class org/eclipse/jetty/util/component/ContainerLifeCycle$1
2024-11-12 13:42:54,929 INFO  EvoClassLoader - Keeping class: org.eclipse.jetty.util.component.ContainerLifeCycle$1
2024-11-12 13:42:54,929 INFO  EvoClassLoader - Seeing class for first time: org.eclipse.jetty.util.component.ContainerLifeCycle$Managed
2024-11-12 13:42:54,929 INFO  EvoClassLoader - Instrumenting class 'org.eclipse.jetty.util.component.ContainerLifeCycle$Managed'.
2024-11-12 13:42:54,929 INFO  MethodCallReplacementClassAdapter - Adding mock interface to class org/eclipse/jetty/util/component/ContainerLifeCycle$Managed
2024-11-12 13:42:54,929 INFO  CreateClassResetClassAdapter - Found static initializer in class org/eclipse/jetty/util/component/ContainerLifeCycle$Managed
2024-11-12 13:42:54,929 INFO  EvoClassLoader - Keeping class: org.eclipse.jetty.util.component.ContainerLifeCycle$Managed
2024-11-12 13:42:54,929 INFO  EvoClassLoader - Seeing class for first time: org.apache.hadoop.hdfs.protocol.proto.NamenodeProtocolProtos$RegisterRequestProto
2024-11-12 13:42:54,929 INFO  EvoClassLoader - Instrumenting class 'org.apache.hadoop.hdfs.protocol.proto.NamenodeProtocolProtos$RegisterRequestProto'.
2024-11-12 13:42:54,930 INFO  MethodCallReplacementClassAdapter - Adding mock interface to class org/apache/hadoop/hdfs/protocol/proto/NamenodeProtocolProtos$RegisterRequestProto
2024-11-12 13:42:54,930 INFO  CreateClassResetClassAdapter - Found static initializer in class org/apache/hadoop/hdfs/protocol/proto/NamenodeProtocolProtos$RegisterRequestProto
2024-11-12 13:42:54,930 INFO  EvoClassLoader - Seeing class for first time: org.apache.hadoop.hdfs.protocol.proto.NamenodeProtocolProtos$RegisterRequestProtoOrBuilder
2024-11-12 13:42:54,930 INFO  EvoClassLoader - Instrumenting class 'org.apache.hadoop.hdfs.protocol.proto.NamenodeProtocolProtos$RegisterRequestProtoOrBuilder'.
2024-11-12 13:42:54,930 INFO  EvoClassLoader - Keeping class: org.apache.hadoop.hdfs.protocol.proto.NamenodeProtocolProtos$RegisterRequestProtoOrBuilder
2024-11-12 13:42:54,930 INFO  EvoClassLoader - Keeping class: org.apache.hadoop.hdfs.protocol.proto.NamenodeProtocolProtos$RegisterRequestProto
2024-11-12 13:42:54,931 INFO  EvoClassLoader - Seeing class for first time: org.apache.hadoop.hdfs.protocol.proto.NamenodeProtocolProtos$RegisterRequestProto$1
2024-11-12 13:42:54,931 INFO  EvoClassLoader - Instrumenting class 'org.apache.hadoop.hdfs.protocol.proto.NamenodeProtocolProtos$RegisterRequestProto$1'.
2024-11-12 13:42:54,931 INFO  MethodCallReplacementClassAdapter - Adding mock interface to class org/apache/hadoop/hdfs/protocol/proto/NamenodeProtocolProtos$RegisterRequestProto$1
2024-11-12 13:42:54,931 INFO  EvoClassLoader - Keeping class: org.apache.hadoop.hdfs.protocol.proto.NamenodeProtocolProtos$RegisterRequestProto$1
2024-11-12 13:42:54,931 INFO  EvoClassLoader - Seeing class for first time: org.apache.hadoop.io.Text
2024-11-12 13:42:54,931 INFO  EvoClassLoader - Instrumenting class 'org.apache.hadoop.io.Text'.
2024-11-12 13:42:54,931 INFO  MethodCallReplacementClassAdapter - Adding mock interface to class org/apache/hadoop/io/Text
2024-11-12 13:42:54,933 INFO  CreateClassResetClassAdapter - Found static initializer in class org/apache/hadoop/io/Text
2024-11-12 13:42:54,933 INFO  EvoClassLoader - Seeing class for first time: org.apache.hadoop.io.WritableComparable
2024-11-12 13:42:54,933 INFO  EvoClassLoader - Instrumenting class 'org.apache.hadoop.io.WritableComparable'.
2024-11-12 13:42:54,934 INFO  EvoClassLoader - Keeping class: org.apache.hadoop.io.WritableComparable
2024-11-12 13:42:54,934 INFO  EvoClassLoader - Seeing class for first time: org.apache.hadoop.io.BinaryComparable
2024-11-12 13:42:54,934 INFO  EvoClassLoader - Instrumenting class 'org.apache.hadoop.io.BinaryComparable'.
2024-11-12 13:42:54,934 INFO  MethodCallReplacementClassAdapter - Adding mock interface to class org/apache/hadoop/io/BinaryComparable
2024-11-12 13:42:54,934 INFO  CreateClassResetClassAdapter - Creating brand-new static initializer in class org/apache/hadoop/io/BinaryComparable
2024-11-12 13:42:54,934 INFO  EvoClassLoader - Keeping class: org.apache.hadoop.io.BinaryComparable
2024-11-12 13:42:54,934 INFO  EvoClassLoader - Keeping class: org.apache.hadoop.io.Text
2024-11-12 13:42:54,934 INFO  EvoClassLoader - Seeing class for first time: org.apache.hadoop.io.Text$1
2024-11-12 13:42:54,934 INFO  EvoClassLoader - Instrumenting class 'org.apache.hadoop.io.Text$1'.
2024-11-12 13:42:54,935 INFO  MethodCallReplacementClassAdapter - Adding mock interface to class org/apache/hadoop/io/Text$1
2024-11-12 13:42:54,935 INFO  EvoClassLoader - Keeping class: org.apache.hadoop.io.Text$1
2024-11-12 13:42:54,935 INFO  EvoClassLoader - Seeing class for first time: org.apache.hadoop.io.Text$2
2024-11-12 13:42:54,935 INFO  EvoClassLoader - Instrumenting class 'org.apache.hadoop.io.Text$2'.
2024-11-12 13:42:54,935 INFO  MethodCallReplacementClassAdapter - Adding mock interface to class org/apache/hadoop/io/Text$2
2024-11-12 13:42:54,935 INFO  EvoClassLoader - Keeping class: org.apache.hadoop.io.Text$2
2024-11-12 13:42:54,935 INFO  EvoClassLoader - Seeing class for first time: org.apache.hadoop.io.WritableComparator
2024-11-12 13:42:54,935 INFO  EvoClassLoader - Instrumenting class 'org.apache.hadoop.io.WritableComparator'.
2024-11-12 13:42:54,935 INFO  MethodCallReplacementClassAdapter - Adding mock interface to class org/apache/hadoop/io/WritableComparator
2024-11-12 13:42:54,937 INFO  CreateClassResetClassAdapter - Found static initializer in class org/apache/hadoop/io/WritableComparator
2024-11-12 13:42:54,937 INFO  EvoClassLoader - Seeing class for first time: org.apache.hadoop.io.RawComparator
2024-11-12 13:42:54,937 INFO  EvoClassLoader - Instrumenting class 'org.apache.hadoop.io.RawComparator'.
2024-11-12 13:42:54,937 INFO  EvoClassLoader - Keeping class: org.apache.hadoop.io.RawComparator
2024-11-12 13:42:54,937 INFO  EvoClassLoader - Keeping class: org.apache.hadoop.io.WritableComparator
2024-11-12 13:42:54,938 INFO  EvoClassLoader - Seeing class for first time: org.apache.hadoop.io.Text$Comparator
2024-11-12 13:42:54,938 INFO  EvoClassLoader - Instrumenting class 'org.apache.hadoop.io.Text$Comparator'.
2024-11-12 13:42:54,938 INFO  MethodCallReplacementClassAdapter - Adding mock interface to class org/apache/hadoop/io/Text$Comparator
2024-11-12 13:42:54,938 INFO  CreateClassResetClassAdapter - Creating brand-new static initializer in class org/apache/hadoop/io/Text$Comparator
2024-11-12 13:42:54,938 INFO  EvoClassLoader - Keeping class: org.apache.hadoop.io.Text$Comparator
2024-11-12 13:42:54,939 INFO  EvoClassLoader - Seeing class for first time: org.apache.hadoop.hdfs.protocol.proto.NamenodeProtocolProtos$IsUpgradeFinalizedRequestProto$Builder
2024-11-12 13:42:54,939 INFO  EvoClassLoader - Instrumenting class 'org.apache.hadoop.hdfs.protocol.proto.NamenodeProtocolProtos$IsUpgradeFinalizedRequestProto$Builder'.
2024-11-12 13:42:54,939 INFO  MethodCallReplacementClassAdapter - Adding mock interface to class org/apache/hadoop/hdfs/protocol/proto/NamenodeProtocolProtos$IsUpgradeFinalizedRequestProto$Builder
2024-11-12 13:42:54,940 INFO  CreateClassResetClassAdapter - Creating brand-new static initializer in class org/apache/hadoop/hdfs/protocol/proto/NamenodeProtocolProtos$IsUpgradeFinalizedRequestProto$Builder
2024-11-12 13:42:54,940 INFO  EvoClassLoader - Keeping class: org.apache.hadoop.hdfs.protocol.proto.NamenodeProtocolProtos$IsUpgradeFinalizedRequestProto$Builder
2024-11-12 13:42:54,941 INFO  EvoClassLoader - Seeing class for first time: org.eclipse.jetty.io.LeakTrackingByteBufferPool
2024-11-12 13:42:54,941 INFO  EvoClassLoader - Instrumenting class 'org.eclipse.jetty.io.LeakTrackingByteBufferPool'.
2024-11-12 13:42:54,941 INFO  MethodCallReplacementClassAdapter - Adding mock interface to class org/eclipse/jetty/io/LeakTrackingByteBufferPool
2024-11-12 13:42:54,942 INFO  CreateClassResetClassAdapter - Found static initializer in class org/eclipse/jetty/io/LeakTrackingByteBufferPool
2024-11-12 13:42:54,942 INFO  EvoClassLoader - Seeing class for first time: org.eclipse.jetty.io.ByteBufferPool
2024-11-12 13:42:54,942 INFO  EvoClassLoader - Instrumenting class 'org.eclipse.jetty.io.ByteBufferPool'.
2024-11-12 13:42:54,943 INFO  EvoClassLoader - Keeping class: org.eclipse.jetty.io.ByteBufferPool
2024-11-12 13:42:54,943 INFO  EvoClassLoader - Seeing class for first time: org.eclipse.jetty.util.component.ContainerLifeCycle
2024-11-12 13:42:54,943 INFO  EvoClassLoader - Instrumenting class 'org.eclipse.jetty.util.component.ContainerLifeCycle'.
2024-11-12 13:42:54,944 INFO  MethodCallReplacementClassAdapter - Adding mock interface to class org/eclipse/jetty/util/component/ContainerLifeCycle
2024-11-12 13:42:54,946 INFO  CreateClassResetClassAdapter - Found static initializer in class org/eclipse/jetty/util/component/ContainerLifeCycle
2024-11-12 13:42:54,947 INFO  EvoClassLoader - Seeing class for first time: org.eclipse.jetty.util.component.Container
2024-11-12 13:42:54,947 INFO  EvoClassLoader - Instrumenting class 'org.eclipse.jetty.util.component.Container'.
2024-11-12 13:42:54,947 INFO  EvoClassLoader - Keeping class: org.eclipse.jetty.util.component.Container
2024-11-12 13:42:54,947 INFO  EvoClassLoader - Seeing class for first time: org.eclipse.jetty.util.component.Dumpable$DumpableContainer
2024-11-12 13:42:54,947 INFO  EvoClassLoader - Instrumenting class 'org.eclipse.jetty.util.component.Dumpable$DumpableContainer'.
2024-11-12 13:42:54,947 INFO  EvoClassLoader - Seeing class for first time: org.eclipse.jetty.util.component.Dumpable
2024-11-12 13:42:54,947 INFO  EvoClassLoader - Instrumenting class 'org.eclipse.jetty.util.component.Dumpable'.
2024-11-12 13:42:54,948 INFO  EvoClassLoader - Keeping class: org.eclipse.jetty.util.component.Dumpable
2024-11-12 13:42:54,948 INFO  EvoClassLoader - Keeping class: org.eclipse.jetty.util.component.Dumpable$DumpableContainer
2024-11-12 13:42:54,948 INFO  EvoClassLoader - Seeing class for first time: org.eclipse.jetty.util.component.AbstractLifeCycle
2024-11-12 13:42:54,948 INFO  EvoClassLoader - Instrumenting class 'org.eclipse.jetty.util.component.AbstractLifeCycle'.
2024-11-12 13:42:54,949 INFO  MethodCallReplacementClassAdapter - Adding mock interface to class org/eclipse/jetty/util/component/AbstractLifeCycle
2024-11-12 13:42:54,949 INFO  CreateClassResetClassAdapter - Found static initializer in class org/eclipse/jetty/util/component/AbstractLifeCycle
2024-11-12 13:42:54,949 INFO  EvoClassLoader - Seeing class for first time: org.eclipse.jetty.util.component.LifeCycle
2024-11-12 13:42:54,949 INFO  EvoClassLoader - Instrumenting class 'org.eclipse.jetty.util.component.LifeCycle'.
2024-11-12 13:42:54,950 INFO  EvoClassLoader - Keeping class: org.eclipse.jetty.util.component.LifeCycle
2024-11-12 13:42:54,950 INFO  EvoClassLoader - Keeping class: org.eclipse.jetty.util.component.AbstractLifeCycle
2024-11-12 13:42:54,950 INFO  EvoClassLoader - Keeping class: org.eclipse.jetty.util.component.ContainerLifeCycle
2024-11-12 13:42:54,950 INFO  EvoClassLoader - Keeping class: org.eclipse.jetty.io.LeakTrackingByteBufferPool
2024-11-12 13:42:54,952 INFO  EvoClassLoader - Seeing class for first time: org.eclipse.jetty.util.LeakDetector
2024-11-12 13:42:54,952 INFO  EvoClassLoader - Instrumenting class 'org.eclipse.jetty.util.LeakDetector'.
2024-11-12 13:42:54,952 INFO  MethodCallReplacementClassAdapter - Adding mock interface to class org/eclipse/jetty/util/LeakDetector
2024-11-12 13:42:54,953 INFO  CreateClassResetClassAdapter - Found static initializer in class org/eclipse/jetty/util/LeakDetector
2024-11-12 13:42:54,953 INFO  EvoClassLoader - Keeping class: org.eclipse.jetty.util.LeakDetector
2024-11-12 13:42:54,953 INFO  EvoClassLoader - Seeing class for first time: org.eclipse.jetty.io.LeakTrackingByteBufferPool$1
2024-11-12 13:42:54,953 INFO  EvoClassLoader - Instrumenting class 'org.eclipse.jetty.io.LeakTrackingByteBufferPool$1'.
2024-11-12 13:42:54,953 INFO  MethodCallReplacementClassAdapter - Adding mock interface to class org/eclipse/jetty/io/LeakTrackingByteBufferPool$1
2024-11-12 13:42:54,953 INFO  EvoClassLoader - Keeping class: org.eclipse.jetty.io.LeakTrackingByteBufferPool$1
2024-11-12 13:42:54,953 INFO  EvoClassLoader - Seeing class for first time: org.eclipse.jetty.util.log.Slf4jLog
2024-11-12 13:42:54,953 INFO  EvoClassLoader - Instrumenting class 'org.eclipse.jetty.util.log.Slf4jLog'.
2024-11-12 13:42:54,954 INFO  MethodCallReplacementClassAdapter - Adding mock interface to class org/eclipse/jetty/util/log/Slf4jLog
2024-11-12 13:42:54,954 INFO  CreateClassResetClassAdapter - Creating brand-new static initializer in class org/eclipse/jetty/util/log/Slf4jLog
2024-11-12 13:42:54,954 INFO  EvoClassLoader - Keeping class: org.eclipse.jetty.util.log.Slf4jLog
2024-11-12 13:42:54,954 INFO  EvoClassLoader - Seeing class for first time: org.eclipse.jetty.util.log.JettyAwareLogger
2024-11-12 13:42:54,954 INFO  EvoClassLoader - Instrumenting class 'org.eclipse.jetty.util.log.JettyAwareLogger'.
2024-11-12 13:42:54,955 INFO  MethodCallReplacementClassAdapter - Adding mock interface to class org/eclipse/jetty/util/log/JettyAwareLogger
2024-11-12 13:42:54,955 INFO  CreateClassResetClassAdapter - Found static initializer in class org/eclipse/jetty/util/log/JettyAwareLogger
2024-11-12 13:42:54,955 INFO  EvoClassLoader - Keeping class: org.eclipse.jetty.util.log.JettyAwareLogger
2024-11-12 13:42:54,956 INFO  EvoClassLoader - Seeing class for first time: org.eclipse.jetty.util.Uptime
2024-11-12 13:42:54,956 INFO  EvoClassLoader - Instrumenting class 'org.eclipse.jetty.util.Uptime'.
2024-11-12 13:42:54,956 INFO  MethodCallReplacementClassAdapter - Adding mock interface to class org/eclipse/jetty/util/Uptime
2024-11-12 13:42:54,956 INFO  CreateClassResetClassAdapter - Found static initializer in class org/eclipse/jetty/util/Uptime
2024-11-12 13:42:54,956 INFO  EvoClassLoader - Keeping class: org.eclipse.jetty.util.Uptime
2024-11-12 13:42:54,956 INFO  EvoClassLoader - Seeing class for first time: org.eclipse.jetty.util.Uptime$Impl
2024-11-12 13:42:54,956 INFO  EvoClassLoader - Instrumenting class 'org.eclipse.jetty.util.Uptime$Impl'.
2024-11-12 13:42:54,957 INFO  EvoClassLoader - Keeping class: org.eclipse.jetty.util.Uptime$Impl
2024-11-12 13:42:54,957 INFO  EvoClassLoader - Seeing class for first time: org.eclipse.jetty.util.Uptime$DefaultImpl
2024-11-12 13:42:54,957 INFO  EvoClassLoader - Instrumenting class 'org.eclipse.jetty.util.Uptime$DefaultImpl'.
2024-11-12 13:42:54,957 INFO  MethodCallReplacementClassAdapter - Adding mock interface to class org/eclipse/jetty/util/Uptime$DefaultImpl
2024-11-12 13:42:54,958 INFO  CreateClassResetClassAdapter - Creating brand-new static initializer in class org/eclipse/jetty/util/Uptime$DefaultImpl
2024-11-12 13:42:54,958 INFO  EvoClassLoader - Keeping class: org.eclipse.jetty.util.Uptime$DefaultImpl
2024-11-12 13:42:54,959 INFO  log - Logging initialized @36889ms to org.eclipse.jetty.util.log.Slf4jLog
2024-11-12 13:42:54,959 INFO  EvoClassLoader - Seeing class for first time: org.eclipse.jetty.io.ArrayByteBufferPool
2024-11-12 13:42:54,959 INFO  EvoClassLoader - Instrumenting class 'org.eclipse.jetty.io.ArrayByteBufferPool'.
2024-11-12 13:42:54,959 INFO  MethodCallReplacementClassAdapter - Adding mock interface to class org/eclipse/jetty/io/ArrayByteBufferPool
2024-11-12 13:42:54,960 INFO  CreateClassResetClassAdapter - Found static initializer in class org/eclipse/jetty/io/ArrayByteBufferPool
2024-11-12 13:42:54,960 INFO  EvoClassLoader - Seeing class for first time: org.eclipse.jetty.io.AbstractByteBufferPool
2024-11-12 13:42:54,960 INFO  EvoClassLoader - Instrumenting class 'org.eclipse.jetty.io.AbstractByteBufferPool'.
2024-11-12 13:42:54,960 INFO  MethodCallReplacementClassAdapter - Adding mock interface to class org/eclipse/jetty/io/AbstractByteBufferPool
2024-11-12 13:42:54,961 INFO  CreateClassResetClassAdapter - Creating brand-new static initializer in class org/eclipse/jetty/io/AbstractByteBufferPool
2024-11-12 13:42:54,961 INFO  EvoClassLoader - Keeping class: org.eclipse.jetty.io.AbstractByteBufferPool
2024-11-12 13:42:54,961 INFO  EvoClassLoader - Keeping class: org.eclipse.jetty.io.ArrayByteBufferPool
2024-11-12 13:42:54,961 INFO  EvoClassLoader - Seeing class for first time: org.apache.hadoop.hdfs.protocol.proto.HdfsServerProtos$BlockKeyProto
2024-11-12 13:42:54,961 INFO  EvoClassLoader - Instrumenting class 'org.apache.hadoop.hdfs.protocol.proto.HdfsServerProtos$BlockKeyProto'.
2024-11-12 13:42:54,961 INFO  MethodCallReplacementClassAdapter - Adding mock interface to class org/apache/hadoop/hdfs/protocol/proto/HdfsServerProtos$BlockKeyProto
2024-11-12 13:42:54,962 INFO  CreateClassResetClassAdapter - Found static initializer in class org/apache/hadoop/hdfs/protocol/proto/HdfsServerProtos$BlockKeyProto
2024-11-12 13:42:54,962 INFO  EvoClassLoader - Keeping class: org.apache.hadoop.hdfs.protocol.proto.HdfsServerProtos$BlockKeyProto
2024-11-12 13:42:54,962 INFO  EvoClassLoader - Seeing class for first time: org.apache.hadoop.hdfs.protocol.proto.HdfsServerProtos$BlockKeyProto$1
2024-11-12 13:42:54,962 INFO  EvoClassLoader - Instrumenting class 'org.apache.hadoop.hdfs.protocol.proto.HdfsServerProtos$BlockKeyProto$1'.
2024-11-12 13:42:54,962 INFO  MethodCallReplacementClassAdapter - Adding mock interface to class org/apache/hadoop/hdfs/protocol/proto/HdfsServerProtos$BlockKeyProto$1
2024-11-12 13:42:54,963 INFO  EvoClassLoader - Keeping class: org.apache.hadoop.hdfs.protocol.proto.HdfsServerProtos$BlockKeyProto$1
2024-11-12 13:42:54,963 INFO  EvoClassLoader - Seeing class for first time: org.apache.hadoop.hdfs.protocol.proto.NamenodeProtocolProtos$GetEditLogManifestRequestProto
2024-11-12 13:42:54,963 INFO  EvoClassLoader - Instrumenting class 'org.apache.hadoop.hdfs.protocol.proto.NamenodeProtocolProtos$GetEditLogManifestRequestProto'.
2024-11-12 13:42:54,963 INFO  MethodCallReplacementClassAdapter - Adding mock interface to class org/apache/hadoop/hdfs/protocol/proto/NamenodeProtocolProtos$GetEditLogManifestRequestProto
2024-11-12 13:42:54,963 INFO  CreateClassResetClassAdapter - Found static initializer in class org/apache/hadoop/hdfs/protocol/proto/NamenodeProtocolProtos$GetEditLogManifestRequestProto
2024-11-12 13:42:54,964 INFO  EvoClassLoader - Keeping class: org.apache.hadoop.hdfs.protocol.proto.NamenodeProtocolProtos$GetEditLogManifestRequestProto
2024-11-12 13:42:54,964 INFO  EvoClassLoader - Seeing class for first time: org.apache.hadoop.hdfs.protocol.proto.NamenodeProtocolProtos$GetEditLogManifestRequestProto$1
2024-11-12 13:42:54,964 INFO  EvoClassLoader - Instrumenting class 'org.apache.hadoop.hdfs.protocol.proto.NamenodeProtocolProtos$GetEditLogManifestRequestProto$1'.
2024-11-12 13:42:54,964 INFO  MethodCallReplacementClassAdapter - Adding mock interface to class org/apache/hadoop/hdfs/protocol/proto/NamenodeProtocolProtos$GetEditLogManifestRequestProto$1
2024-11-12 13:42:54,964 INFO  EvoClassLoader - Keeping class: org.apache.hadoop.hdfs.protocol.proto.NamenodeProtocolProtos$GetEditLogManifestRequestProto$1
2024-11-12 13:42:54,964 INFO  EvoClassLoader - Seeing class for first time: org.apache.hadoop.thirdparty.protobuf.DescriptorProtos$FileOptions$OptimizeMode
2024-11-12 13:42:54,964 INFO  EvoClassLoader - Instrumenting class 'org.apache.hadoop.thirdparty.protobuf.DescriptorProtos$FileOptions$OptimizeMode'.
2024-11-12 13:42:54,964 INFO  MethodCallReplacementClassAdapter - Adding mock interface to class org/apache/hadoop/thirdparty/protobuf/DescriptorProtos$FileOptions$OptimizeMode
2024-11-12 13:42:54,965 INFO  CreateClassResetClassAdapter - Found static initializer in class org/apache/hadoop/thirdparty/protobuf/DescriptorProtos$FileOptions$OptimizeMode
2024-11-12 13:42:54,965 INFO  EvoClassLoader - Keeping class: org.apache.hadoop.thirdparty.protobuf.DescriptorProtos$FileOptions$OptimizeMode
2024-11-12 13:42:54,965 INFO  EvoClassLoader - Seeing class for first time: org.apache.hadoop.hdfs.protocol.proto.HdfsServerProtos$CheckpointCommandProto$Builder
2024-11-12 13:42:54,965 INFO  EvoClassLoader - Instrumenting class 'org.apache.hadoop.hdfs.protocol.proto.HdfsServerProtos$CheckpointCommandProto$Builder'.
2024-11-12 13:42:54,966 INFO  MethodCallReplacementClassAdapter - Adding mock interface to class org/apache/hadoop/hdfs/protocol/proto/HdfsServerProtos$CheckpointCommandProto$Builder
2024-11-12 13:42:54,967 INFO  CreateClassResetClassAdapter - Creating brand-new static initializer in class org/apache/hadoop/hdfs/protocol/proto/HdfsServerProtos$CheckpointCommandProto$Builder
2024-11-12 13:42:54,967 INFO  EvoClassLoader - Keeping class: org.apache.hadoop.hdfs.protocol.proto.HdfsServerProtos$CheckpointCommandProto$Builder
2024-11-12 13:42:54,967 INFO  EvoClassLoader - Seeing class for first time: org.apache.hadoop.hdfs.protocol.proto.HdfsServerProtos$CheckpointSignatureProto
2024-11-12 13:42:54,967 INFO  EvoClassLoader - Instrumenting class 'org.apache.hadoop.hdfs.protocol.proto.HdfsServerProtos$CheckpointSignatureProto'.
2024-11-12 13:42:54,968 INFO  MethodCallReplacementClassAdapter - Adding mock interface to class org/apache/hadoop/hdfs/protocol/proto/HdfsServerProtos$CheckpointSignatureProto
2024-11-12 13:42:54,968 INFO  CreateClassResetClassAdapter - Found static initializer in class org/apache/hadoop/hdfs/protocol/proto/HdfsServerProtos$CheckpointSignatureProto
2024-11-12 13:42:54,968 INFO  EvoClassLoader - Seeing class for first time: org.apache.hadoop.hdfs.protocol.proto.HdfsServerProtos$CheckpointSignatureProtoOrBuilder
2024-11-12 13:42:54,968 INFO  EvoClassLoader - Instrumenting class 'org.apache.hadoop.hdfs.protocol.proto.HdfsServerProtos$CheckpointSignatureProtoOrBuilder'.
2024-11-12 13:42:54,968 INFO  EvoClassLoader - Keeping class: org.apache.hadoop.hdfs.protocol.proto.HdfsServerProtos$CheckpointSignatureProtoOrBuilder
2024-11-12 13:42:54,969 INFO  EvoClassLoader - Keeping class: org.apache.hadoop.hdfs.protocol.proto.HdfsServerProtos$CheckpointSignatureProto
2024-11-12 13:42:54,969 INFO  EvoClassLoader - Seeing class for first time: org.apache.hadoop.hdfs.protocol.proto.NamenodeProtocolProtos$IsRollingUpgradeResponseProto$1
2024-11-12 13:42:54,969 INFO  EvoClassLoader - Instrumenting class 'org.apache.hadoop.hdfs.protocol.proto.NamenodeProtocolProtos$IsRollingUpgradeResponseProto$1'.
2024-11-12 13:42:54,969 INFO  MethodCallReplacementClassAdapter - Adding mock interface to class org/apache/hadoop/hdfs/protocol/proto/NamenodeProtocolProtos$IsRollingUpgradeResponseProto$1
2024-11-12 13:42:54,969 INFO  EvoClassLoader - Keeping class: org.apache.hadoop.hdfs.protocol.proto.NamenodeProtocolProtos$IsRollingUpgradeResponseProto$1
2024-11-12 13:42:54,970 INFO  EvoClassLoader - Seeing class for first time: org.apache.hadoop.thirdparty.protobuf.DescriptorProtos$UninterpretedOption$1
2024-11-12 13:42:54,970 INFO  EvoClassLoader - Instrumenting class 'org.apache.hadoop.thirdparty.protobuf.DescriptorProtos$UninterpretedOption$1'.
2024-11-12 13:42:54,970 INFO  MethodCallReplacementClassAdapter - Adding mock interface to class org/apache/hadoop/thirdparty/protobuf/DescriptorProtos$UninterpretedOption$1
2024-11-12 13:42:54,970 INFO  EvoClassLoader - Keeping class: org.apache.hadoop.thirdparty.protobuf.DescriptorProtos$UninterpretedOption$1
2024-11-12 13:42:54,970 INFO  EvoClassLoader - Seeing class for first time: org.apache.hadoop.hdfs.protocol.proto.NamenodeProtocolProtos$GetBlockKeysResponseProtoOrBuilder
2024-11-12 13:42:54,970 INFO  EvoClassLoader - Instrumenting class 'org.apache.hadoop.hdfs.protocol.proto.NamenodeProtocolProtos$GetBlockKeysResponseProtoOrBuilder'.
2024-11-12 13:42:54,970 INFO  EvoClassLoader - Keeping class: org.apache.hadoop.hdfs.protocol.proto.NamenodeProtocolProtos$GetBlockKeysResponseProtoOrBuilder
2024-11-12 13:42:54,970 INFO  EvoClassLoader - Seeing class for first time: org.apache.hadoop.hdfs.protocol.proto.NamenodeProtocolProtos$RegisterResponseProtoOrBuilder
2024-11-12 13:42:54,970 INFO  EvoClassLoader - Instrumenting class 'org.apache.hadoop.hdfs.protocol.proto.NamenodeProtocolProtos$RegisterResponseProtoOrBuilder'.
2024-11-12 13:42:54,970 INFO  EvoClassLoader - Keeping class: org.apache.hadoop.hdfs.protocol.proto.NamenodeProtocolProtos$RegisterResponseProtoOrBuilder
2024-11-12 13:42:54,971 INFO  EvoClassLoader - Seeing class for first time: org.apache.hadoop.thirdparty.protobuf.DescriptorProtos$EnumValueOptions$1
2024-11-12 13:42:54,971 INFO  EvoClassLoader - Instrumenting class 'org.apache.hadoop.thirdparty.protobuf.DescriptorProtos$EnumValueOptions$1'.
2024-11-12 13:42:54,971 INFO  MethodCallReplacementClassAdapter - Adding mock interface to class org/apache/hadoop/thirdparty/protobuf/DescriptorProtos$EnumValueOptions$1
2024-11-12 13:42:54,971 INFO  EvoClassLoader - Keeping class: org.apache.hadoop.thirdparty.protobuf.DescriptorProtos$EnumValueOptions$1
2024-11-12 13:42:54,971 INFO  EvoClassLoader - Seeing class for first time: org.apache.hadoop.hdfs.protocol.proto.HdfsServerProtos$RemoteEditLogManifestProto$Builder
2024-11-12 13:42:54,971 INFO  EvoClassLoader - Instrumenting class 'org.apache.hadoop.hdfs.protocol.proto.HdfsServerProtos$RemoteEditLogManifestProto$Builder'.
2024-11-12 13:42:54,972 INFO  MethodCallReplacementClassAdapter - Adding mock interface to class org/apache/hadoop/hdfs/protocol/proto/HdfsServerProtos$RemoteEditLogManifestProto$Builder
2024-11-12 13:42:54,973 INFO  CreateClassResetClassAdapter - Creating brand-new static initializer in class org/apache/hadoop/hdfs/protocol/proto/HdfsServerProtos$RemoteEditLogManifestProto$Builder
2024-11-12 13:42:54,973 INFO  EvoClassLoader - Keeping class: org.apache.hadoop.hdfs.protocol.proto.HdfsServerProtos$RemoteEditLogManifestProto$Builder
2024-11-12 13:42:54,973 INFO  EvoClassLoader - Seeing class for first time: org.apache.hadoop.hdfs.protocol.proto.HdfsServerProtos$RemoteEditLogProto
2024-11-12 13:42:54,973 INFO  EvoClassLoader - Instrumenting class 'org.apache.hadoop.hdfs.protocol.proto.HdfsServerProtos$RemoteEditLogProto'.
2024-11-12 13:42:54,973 INFO  MethodCallReplacementClassAdapter - Adding mock interface to class org/apache/hadoop/hdfs/protocol/proto/HdfsServerProtos$RemoteEditLogProto
2024-11-12 13:42:54,974 INFO  CreateClassResetClassAdapter - Found static initializer in class org/apache/hadoop/hdfs/protocol/proto/HdfsServerProtos$RemoteEditLogProto
2024-11-12 13:42:54,974 INFO  EvoClassLoader - Seeing class for first time: org.apache.hadoop.hdfs.protocol.proto.HdfsServerProtos$RemoteEditLogProtoOrBuilder
2024-11-12 13:42:54,974 INFO  EvoClassLoader - Instrumenting class 'org.apache.hadoop.hdfs.protocol.proto.HdfsServerProtos$RemoteEditLogProtoOrBuilder'.
2024-11-12 13:42:54,974 INFO  EvoClassLoader - Keeping class: org.apache.hadoop.hdfs.protocol.proto.HdfsServerProtos$RemoteEditLogProtoOrBuilder
2024-11-12 13:42:54,974 INFO  EvoClassLoader - Keeping class: org.apache.hadoop.hdfs.protocol.proto.HdfsServerProtos$RemoteEditLogProto
2024-11-12 13:42:54,975 INFO  EvoClassLoader - Seeing class for first time: com.ctc.wstx.io.MergedReader
2024-11-12 13:42:54,975 INFO  EvoClassLoader - Instrumenting class 'com.ctc.wstx.io.MergedReader'.
2024-11-12 13:42:54,975 INFO  MethodCallReplacementClassAdapter - Adding mock interface to class com/ctc/wstx/io/MergedReader
2024-11-12 13:42:54,976 INFO  CreateClassResetClassAdapter - Creating brand-new static initializer in class com/ctc/wstx/io/MergedReader
2024-11-12 13:42:54,976 INFO  EvoClassLoader - Keeping class: com.ctc.wstx.io.MergedReader
2024-11-12 13:42:54,976 INFO  EvoClassLoader - Seeing class for first time: org.apache.hadoop.hdfs.protocol.proto.NamenodeProtocolProtos$GetBlockKeysResponseProto$Builder
2024-11-12 13:42:54,976 INFO  EvoClassLoader - Instrumenting class 'org.apache.hadoop.hdfs.protocol.proto.NamenodeProtocolProtos$GetBlockKeysResponseProto$Builder'.
2024-11-12 13:42:54,976 INFO  MethodCallReplacementClassAdapter - Adding mock interface to class org/apache/hadoop/hdfs/protocol/proto/NamenodeProtocolProtos$GetBlockKeysResponseProto$Builder
2024-11-12 13:42:54,977 INFO  CreateClassResetClassAdapter - Creating brand-new static initializer in class org/apache/hadoop/hdfs/protocol/proto/NamenodeProtocolProtos$GetBlockKeysResponseProto$Builder
2024-11-12 13:42:54,977 INFO  EvoClassLoader - Keeping class: org.apache.hadoop.hdfs.protocol.proto.NamenodeProtocolProtos$GetBlockKeysResponseProto$Builder
2024-11-12 13:42:54,978 INFO  EvoClassLoader - Seeing class for first time: org.apache.hadoop.thirdparty.protobuf.UnknownFieldSet$Field$Builder
2024-11-12 13:42:54,978 INFO  EvoClassLoader - Instrumenting class 'org.apache.hadoop.thirdparty.protobuf.UnknownFieldSet$Field$Builder'.
2024-11-12 13:42:54,978 INFO  MethodCallReplacementClassAdapter - Adding mock interface to class org/apache/hadoop/thirdparty/protobuf/UnknownFieldSet$Field$Builder
2024-11-12 13:42:54,978 INFO  CreateClassResetClassAdapter - Creating brand-new static initializer in class org/apache/hadoop/thirdparty/protobuf/UnknownFieldSet$Field$Builder
2024-11-12 13:42:54,978 INFO  EvoClassLoader - Keeping class: org.apache.hadoop.thirdparty.protobuf.UnknownFieldSet$Field$Builder
2024-11-12 13:42:54,979 INFO  EvoClassLoader - Seeing class for first time: org.apache.hadoop.fs.impl.FutureDataInputStreamBuilderImpl
2024-11-12 13:42:54,979 INFO  EvoClassLoader - Instrumenting class 'org.apache.hadoop.fs.impl.FutureDataInputStreamBuilderImpl'.
2024-11-12 13:42:54,979 INFO  MethodCallReplacementClassAdapter - Adding mock interface to class org/apache/hadoop/fs/impl/FutureDataInputStreamBuilderImpl
2024-11-12 13:42:54,979 INFO  CreateClassResetClassAdapter - Creating brand-new static initializer in class org/apache/hadoop/fs/impl/FutureDataInputStreamBuilderImpl
2024-11-12 13:42:54,980 INFO  EvoClassLoader - Seeing class for first time: org.apache.hadoop.fs.FutureDataInputStreamBuilder
2024-11-12 13:42:54,980 INFO  EvoClassLoader - Instrumenting class 'org.apache.hadoop.fs.FutureDataInputStreamBuilder'.
2024-11-12 13:42:54,980 INFO  EvoClassLoader - Keeping class: org.apache.hadoop.fs.FutureDataInputStreamBuilder
2024-11-12 13:42:54,980 INFO  EvoClassLoader - Keeping class: org.apache.hadoop.fs.impl.FutureDataInputStreamBuilderImpl
2024-11-12 13:42:54,980 INFO  EvoClassLoader - Seeing class for first time: org.apache.hadoop.fs.FileSystem$FSDataInputStreamBuilder
2024-11-12 13:42:54,980 INFO  EvoClassLoader - Instrumenting class 'org.apache.hadoop.fs.FileSystem$FSDataInputStreamBuilder'.
2024-11-12 13:42:54,980 INFO  MethodCallReplacementClassAdapter - Adding mock interface to class org/apache/hadoop/fs/FileSystem$FSDataInputStreamBuilder
2024-11-12 13:42:54,980 INFO  CreateClassResetClassAdapter - Creating brand-new static initializer in class org/apache/hadoop/fs/FileSystem$FSDataInputStreamBuilder
2024-11-12 13:42:54,980 INFO  EvoClassLoader - Keeping class: org.apache.hadoop.fs.FileSystem$FSDataInputStreamBuilder
2024-11-12 13:42:54,980 INFO  EvoClassLoader - Seeing class for first time: org.apache.hadoop.fs.ChecksumFileSystem$ChecksumFSOutputSummer
2024-11-12 13:42:54,980 INFO  EvoClassLoader - Instrumenting class 'org.apache.hadoop.fs.ChecksumFileSystem$ChecksumFSOutputSummer'.
2024-11-12 13:42:54,981 INFO  MethodCallReplacementClassAdapter - Adding mock interface to class org/apache/hadoop/fs/ChecksumFileSystem$ChecksumFSOutputSummer
2024-11-12 13:42:54,981 INFO  CreateClassResetClassAdapter - Creating brand-new static initializer in class org/apache/hadoop/fs/ChecksumFileSystem$ChecksumFSOutputSummer
2024-11-12 13:42:54,981 INFO  CreateClassResetClassAdapter - Adding bytecode for initializing field CHKSUM_AS_FRACTION
2024-11-12 13:42:54,981 INFO  EvoClassLoader - Seeing class for first time: org.apache.hadoop.fs.statistics.IOStatisticsSource
2024-11-12 13:42:54,981 INFO  EvoClassLoader - Instrumenting class 'org.apache.hadoop.fs.statistics.IOStatisticsSource'.
2024-11-12 13:42:54,981 INFO  EvoClassLoader - Defined package (3): package org.apache.hadoop.fs.statistics, -2061501583
2024-11-12 13:42:54,981 INFO  EvoClassLoader - Keeping class: org.apache.hadoop.fs.statistics.IOStatisticsSource
2024-11-12 13:42:54,981 INFO  EvoClassLoader - Seeing class for first time: org.apache.hadoop.fs.FSOutputSummer
2024-11-12 13:42:54,981 INFO  EvoClassLoader - Instrumenting class 'org.apache.hadoop.fs.FSOutputSummer'.
2024-11-12 13:42:54,981 INFO  MethodCallReplacementClassAdapter - Adding mock interface to class org/apache/hadoop/fs/FSOutputSummer
2024-11-12 13:42:54,982 INFO  CreateClassResetClassAdapter - Creating brand-new static initializer in class org/apache/hadoop/fs/FSOutputSummer
2024-11-12 13:42:54,982 INFO  CreateClassResetClassAdapter - Adding bytecode for initializing field BUFFER_NUM_CHUNKS
2024-11-12 13:42:54,982 INFO  EvoClassLoader - Keeping class: org.apache.hadoop.fs.FSOutputSummer
2024-11-12 13:42:54,982 INFO  EvoClassLoader - Keeping class: org.apache.hadoop.fs.ChecksumFileSystem$ChecksumFSOutputSummer
2024-11-12 13:42:54,982 INFO  EvoClassLoader - Seeing class for first time: org.apache.hadoop.fs.ChecksumFileSystem$ChecksumFSInputChecker
2024-11-12 13:42:54,982 INFO  EvoClassLoader - Instrumenting class 'org.apache.hadoop.fs.ChecksumFileSystem$ChecksumFSInputChecker'.
2024-11-12 13:42:54,983 INFO  MethodCallReplacementClassAdapter - Adding mock interface to class org/apache/hadoop/fs/ChecksumFileSystem$ChecksumFSInputChecker
2024-11-12 13:42:54,984 INFO  CreateClassResetClassAdapter - Found static initializer in class org/apache/hadoop/fs/ChecksumFileSystem$ChecksumFSInputChecker
2024-11-12 13:42:54,984 INFO  EvoClassLoader - Seeing class for first time: org.apache.hadoop.fs.FSInputChecker
2024-11-12 13:42:54,984 INFO  EvoClassLoader - Instrumenting class 'org.apache.hadoop.fs.FSInputChecker'.
2024-11-12 13:42:54,984 INFO  MethodCallReplacementClassAdapter - Adding mock interface to class org/apache/hadoop/fs/FSInputChecker
2024-11-12 13:42:54,985 INFO  CreateClassResetClassAdapter - Found static initializer in class org/apache/hadoop/fs/FSInputChecker
2024-11-12 13:42:54,985 INFO  EvoClassLoader - Seeing class for first time: org.apache.hadoop.fs.FSInputStream
2024-11-12 13:42:54,985 INFO  EvoClassLoader - Instrumenting class 'org.apache.hadoop.fs.FSInputStream'.
2024-11-12 13:42:54,985 INFO  MethodCallReplacementClassAdapter - Adding mock interface to class org/apache/hadoop/fs/FSInputStream
2024-11-12 13:42:54,986 INFO  CreateClassResetClassAdapter - Found static initializer in class org/apache/hadoop/fs/FSInputStream
2024-11-12 13:42:54,986 INFO  EvoClassLoader - Seeing class for first time: org.apache.hadoop.fs.Seekable
2024-11-12 13:42:54,986 INFO  EvoClassLoader - Instrumenting class 'org.apache.hadoop.fs.Seekable'.
2024-11-12 13:42:54,986 INFO  EvoClassLoader - Keeping class: org.apache.hadoop.fs.Seekable
2024-11-12 13:42:54,986 INFO  EvoClassLoader - Seeing class for first time: org.apache.hadoop.fs.PositionedReadable
2024-11-12 13:42:54,986 INFO  EvoClassLoader - Instrumenting class 'org.apache.hadoop.fs.PositionedReadable'.
2024-11-12 13:42:54,986 INFO  EvoClassLoader - Keeping class: org.apache.hadoop.fs.PositionedReadable
2024-11-12 13:42:54,986 INFO  EvoClassLoader - Keeping class: org.apache.hadoop.fs.FSInputStream
2024-11-12 13:42:54,986 INFO  EvoClassLoader - Keeping class: org.apache.hadoop.fs.FSInputChecker
2024-11-12 13:42:54,986 INFO  EvoClassLoader - Keeping class: org.apache.hadoop.fs.ChecksumFileSystem$ChecksumFSInputChecker
2024-11-12 13:42:54,986 INFO  EvoClassLoader - Seeing class for first time: org.apache.hadoop.fs.FSDataInputStream
2024-11-12 13:42:54,986 INFO  EvoClassLoader - Instrumenting class 'org.apache.hadoop.fs.FSDataInputStream'.
2024-11-12 13:42:54,986 INFO  MethodCallReplacementClassAdapter - Adding mock interface to class org/apache/hadoop/fs/FSDataInputStream
2024-11-12 13:42:54,987 INFO  CreateClassResetClassAdapter - Found static initializer in class org/apache/hadoop/fs/FSDataInputStream
2024-11-12 13:42:54,987 INFO  EvoClassLoader - Seeing class for first time: org.apache.hadoop.fs.ByteBufferReadable
2024-11-12 13:42:54,987 INFO  EvoClassLoader - Instrumenting class 'org.apache.hadoop.fs.ByteBufferReadable'.
2024-11-12 13:42:54,988 INFO  EvoClassLoader - Keeping class: org.apache.hadoop.fs.ByteBufferReadable
2024-11-12 13:42:54,988 INFO  EvoClassLoader - Seeing class for first time: org.apache.hadoop.fs.HasFileDescriptor
2024-11-12 13:42:54,988 INFO  EvoClassLoader - Instrumenting class 'org.apache.hadoop.fs.HasFileDescriptor'.
2024-11-12 13:42:54,988 INFO  EvoClassLoader - Keeping class: org.apache.hadoop.fs.HasFileDescriptor
2024-11-12 13:42:54,988 INFO  EvoClassLoader - Seeing class for first time: org.apache.hadoop.fs.CanSetDropBehind
2024-11-12 13:42:54,988 INFO  EvoClassLoader - Instrumenting class 'org.apache.hadoop.fs.CanSetDropBehind'.
2024-11-12 13:42:54,988 INFO  EvoClassLoader - Keeping class: org.apache.hadoop.fs.CanSetDropBehind
2024-11-12 13:42:54,988 INFO  EvoClassLoader - Seeing class for first time: org.apache.hadoop.fs.CanSetReadahead
2024-11-12 13:42:54,988 INFO  EvoClassLoader - Instrumenting class 'org.apache.hadoop.fs.CanSetReadahead'.
2024-11-12 13:42:54,988 INFO  EvoClassLoader - Keeping class: org.apache.hadoop.fs.CanSetReadahead
2024-11-12 13:42:54,988 INFO  EvoClassLoader - Seeing class for first time: org.apache.hadoop.fs.HasEnhancedByteBufferAccess
2024-11-12 13:42:54,988 INFO  EvoClassLoader - Instrumenting class 'org.apache.hadoop.fs.HasEnhancedByteBufferAccess'.
2024-11-12 13:42:54,988 INFO  EvoClassLoader - Keeping class: org.apache.hadoop.fs.HasEnhancedByteBufferAccess
2024-11-12 13:42:54,988 INFO  EvoClassLoader - Seeing class for first time: org.apache.hadoop.fs.CanUnbuffer
2024-11-12 13:42:54,988 INFO  EvoClassLoader - Instrumenting class 'org.apache.hadoop.fs.CanUnbuffer'.
2024-11-12 13:42:54,988 INFO  EvoClassLoader - Keeping class: org.apache.hadoop.fs.CanUnbuffer
2024-11-12 13:42:54,989 INFO  EvoClassLoader - Keeping class: org.apache.hadoop.fs.FSDataInputStream
2024-11-12 13:42:54,989 INFO  EvoClassLoader - Seeing class for first time: org.apache.hadoop.fs.ChecksumFileSystem$FSDataBoundedInputStream
2024-11-12 13:42:54,989 INFO  EvoClassLoader - Instrumenting class 'org.apache.hadoop.fs.ChecksumFileSystem$FSDataBoundedInputStream'.
2024-11-12 13:42:54,989 INFO  MethodCallReplacementClassAdapter - Adding mock interface to class org/apache/hadoop/fs/ChecksumFileSystem$FSDataBoundedInputStream
2024-11-12 13:42:54,989 INFO  CreateClassResetClassAdapter - Creating brand-new static initializer in class org/apache/hadoop/fs/ChecksumFileSystem$FSDataBoundedInputStream
2024-11-12 13:42:54,989 INFO  EvoClassLoader - Keeping class: org.apache.hadoop.fs.ChecksumFileSystem$FSDataBoundedInputStream
2024-11-12 13:42:54,989 INFO  EvoClassLoader - Seeing class for first time: org.apache.hadoop.fs.ChecksumFileSystem$9
2024-11-12 13:42:54,989 INFO  EvoClassLoader - Instrumenting class 'org.apache.hadoop.fs.ChecksumFileSystem$9'.
2024-11-12 13:42:54,989 INFO  MethodCallReplacementClassAdapter - Adding mock interface to class org/apache/hadoop/fs/ChecksumFileSystem$9
2024-11-12 13:42:54,990 INFO  EvoClassLoader - Keeping class: org.apache.hadoop.fs.ChecksumFileSystem$9
2024-11-12 13:42:54,990 INFO  EvoClassLoader - Seeing class for first time: org.apache.hadoop.classification.InterfaceStability$Evolving
2024-11-12 13:42:54,990 INFO  EvoClassLoader - Instrumenting class 'org.apache.hadoop.classification.InterfaceStability$Evolving'.
2024-11-12 13:42:54,990 INFO  EvoClassLoader - Defined package (3): package org.apache.hadoop.classification, 1598700281
2024-11-12 13:42:54,991 INFO  EvoClassLoader - Keeping class: org.apache.hadoop.classification.InterfaceStability$Evolving
2024-11-12 13:42:54,991 INFO  EvoClassLoader - Seeing class for first time: org.apache.hadoop.hdfs.protocol.proto.NamenodeProtocolProtos$StartCheckpointRequestProto$1
2024-11-12 13:42:54,991 INFO  EvoClassLoader - Instrumenting class 'org.apache.hadoop.hdfs.protocol.proto.NamenodeProtocolProtos$StartCheckpointRequestProto$1'.
2024-11-12 13:42:54,992 INFO  MethodCallReplacementClassAdapter - Adding mock interface to class org/apache/hadoop/hdfs/protocol/proto/NamenodeProtocolProtos$StartCheckpointRequestProto$1
2024-11-12 13:42:54,993 INFO  EvoClassLoader - Keeping class: org.apache.hadoop.hdfs.protocol.proto.NamenodeProtocolProtos$StartCheckpointRequestProto$1
2024-11-12 13:42:54,993 INFO  EvoClassLoader - Seeing class for first time: org.apache.hadoop.thirdparty.protobuf.Field$Kind
2024-11-12 13:42:54,993 INFO  EvoClassLoader - Instrumenting class 'org.apache.hadoop.thirdparty.protobuf.Field$Kind'.
2024-11-12 13:42:54,993 INFO  MethodCallReplacementClassAdapter - Adding mock interface to class org/apache/hadoop/thirdparty/protobuf/Field$Kind
2024-11-12 13:42:54,995 INFO  CreateClassResetClassAdapter - Found static initializer in class org/apache/hadoop/thirdparty/protobuf/Field$Kind
2024-11-12 13:42:54,996 INFO  EvoClassLoader - Keeping class: org.apache.hadoop.thirdparty.protobuf.Field$Kind
2024-11-12 13:42:54,996 INFO  EvoClassLoader - Seeing class for first time: org.apache.hadoop.thirdparty.protobuf.Field$Kind$1
2024-11-12 13:42:54,996 INFO  EvoClassLoader - Instrumenting class 'org.apache.hadoop.thirdparty.protobuf.Field$Kind$1'.
2024-11-12 13:42:54,997 INFO  MethodCallReplacementClassAdapter - Adding mock interface to class org/apache/hadoop/thirdparty/protobuf/Field$Kind$1
2024-11-12 13:42:54,997 INFO  EvoClassLoader - Keeping class: org.apache.hadoop.thirdparty.protobuf.Field$Kind$1
2024-11-12 13:42:54,997 INFO  EvoClassLoader - Seeing class for first time: org.apache.hadoop.hdfs.protocol.proto.NamenodeProtocolProtos$GetEditLogManifestResponseProtoOrBuilder
2024-11-12 13:42:54,997 INFO  EvoClassLoader - Instrumenting class 'org.apache.hadoop.hdfs.protocol.proto.NamenodeProtocolProtos$GetEditLogManifestResponseProtoOrBuilder'.
2024-11-12 13:42:54,998 INFO  EvoClassLoader - Keeping class: org.apache.hadoop.hdfs.protocol.proto.NamenodeProtocolProtos$GetEditLogManifestResponseProtoOrBuilder
2024-11-12 13:42:54,998 INFO  EvoClassLoader - Seeing class for first time: org.apache.hadoop.hdfs.protocol.proto.HdfsServerProtos$StorageInfoProto
2024-11-12 13:42:54,998 INFO  EvoClassLoader - Instrumenting class 'org.apache.hadoop.hdfs.protocol.proto.HdfsServerProtos$StorageInfoProto'.
2024-11-12 13:42:54,998 INFO  MethodCallReplacementClassAdapter - Adding mock interface to class org/apache/hadoop/hdfs/protocol/proto/HdfsServerProtos$StorageInfoProto
2024-11-12 13:42:54,999 INFO  CreateClassResetClassAdapter - Found static initializer in class org/apache/hadoop/hdfs/protocol/proto/HdfsServerProtos$StorageInfoProto
2024-11-12 13:42:55,000 INFO  EvoClassLoader - Keeping class: org.apache.hadoop.hdfs.protocol.proto.HdfsServerProtos$StorageInfoProto
2024-11-12 13:42:55,000 INFO  EvoClassLoader - Seeing class for first time: org.apache.hadoop.hdfs.protocol.proto.HdfsServerProtos$StorageInfoProto$1
2024-11-12 13:42:55,000 INFO  EvoClassLoader - Instrumenting class 'org.apache.hadoop.hdfs.protocol.proto.HdfsServerProtos$StorageInfoProto$1'.
2024-11-12 13:42:55,000 INFO  MethodCallReplacementClassAdapter - Adding mock interface to class org/apache/hadoop/hdfs/protocol/proto/HdfsServerProtos$StorageInfoProto$1
2024-11-12 13:42:55,001 INFO  EvoClassLoader - Keeping class: org.apache.hadoop.hdfs.protocol.proto.HdfsServerProtos$StorageInfoProto$1
2024-11-12 13:42:55,001 INFO  EvoClassLoader - Seeing class for first time: org.eclipse.jetty.util.component.LifeCycle$Listener
2024-11-12 13:42:55,001 INFO  EvoClassLoader - Instrumenting class 'org.eclipse.jetty.util.component.LifeCycle$Listener'.
2024-11-12 13:42:55,001 INFO  EvoClassLoader - Keeping class: org.eclipse.jetty.util.component.LifeCycle$Listener
2024-11-12 13:42:55,001 INFO  EvoClassLoader - Seeing class for first time: org.apache.hadoop.hdfs.protocol.proto.NamenodeProtocolProtos$RegisterRequestProto$Builder
2024-11-12 13:42:55,001 INFO  EvoClassLoader - Instrumenting class 'org.apache.hadoop.hdfs.protocol.proto.NamenodeProtocolProtos$RegisterRequestProto$Builder'.
2024-11-12 13:42:55,001 INFO  MethodCallReplacementClassAdapter - Adding mock interface to class org/apache/hadoop/hdfs/protocol/proto/NamenodeProtocolProtos$RegisterRequestProto$Builder
2024-11-12 13:42:55,002 INFO  CreateClassResetClassAdapter - Creating brand-new static initializer in class org/apache/hadoop/hdfs/protocol/proto/NamenodeProtocolProtos$RegisterRequestProto$Builder
2024-11-12 13:42:55,003 INFO  EvoClassLoader - Keeping class: org.apache.hadoop.hdfs.protocol.proto.NamenodeProtocolProtos$RegisterRequestProto$Builder
2024-11-12 13:42:55,003 INFO  EvoClassLoader - Seeing class for first time: org.apache.hadoop.hdfs.protocol.proto.NamenodeProtocolProtos$RegisterResponseProto$Builder
2024-11-12 13:42:55,003 INFO  EvoClassLoader - Instrumenting class 'org.apache.hadoop.hdfs.protocol.proto.NamenodeProtocolProtos$RegisterResponseProto$Builder'.
2024-11-12 13:42:55,004 INFO  MethodCallReplacementClassAdapter - Adding mock interface to class org/apache/hadoop/hdfs/protocol/proto/NamenodeProtocolProtos$RegisterResponseProto$Builder
2024-11-12 13:42:55,010 INFO  CreateClassResetClassAdapter - Creating brand-new static initializer in class org/apache/hadoop/hdfs/protocol/proto/NamenodeProtocolProtos$RegisterResponseProto$Builder
2024-11-12 13:42:55,011 INFO  EvoClassLoader - Keeping class: org.apache.hadoop.hdfs.protocol.proto.NamenodeProtocolProtos$RegisterResponseProto$Builder
2024-11-12 13:42:55,011 INFO  EvoClassLoader - Seeing class for first time: org.apache.hadoop.hdfs.protocol.proto.HdfsServerProtos$VersionResponseProto
2024-11-12 13:42:55,011 INFO  EvoClassLoader - Instrumenting class 'org.apache.hadoop.hdfs.protocol.proto.HdfsServerProtos$VersionResponseProto'.
2024-11-12 13:42:55,012 INFO  MethodCallReplacementClassAdapter - Adding mock interface to class org/apache/hadoop/hdfs/protocol/proto/HdfsServerProtos$VersionResponseProto
2024-11-12 13:42:55,012 INFO  CreateClassResetClassAdapter - Found static initializer in class org/apache/hadoop/hdfs/protocol/proto/HdfsServerProtos$VersionResponseProto
2024-11-12 13:42:55,013 INFO  EvoClassLoader - Keeping class: org.apache.hadoop.hdfs.protocol.proto.HdfsServerProtos$VersionResponseProto
2024-11-12 13:42:55,013 INFO  EvoClassLoader - Seeing class for first time: org.apache.hadoop.hdfs.protocol.proto.HdfsServerProtos$VersionResponseProto$1
2024-11-12 13:42:55,013 INFO  EvoClassLoader - Instrumenting class 'org.apache.hadoop.hdfs.protocol.proto.HdfsServerProtos$VersionResponseProto$1'.
2024-11-12 13:42:55,013 INFO  MethodCallReplacementClassAdapter - Adding mock interface to class org/apache/hadoop/hdfs/protocol/proto/HdfsServerProtos$VersionResponseProto$1
2024-11-12 13:42:55,013 INFO  EvoClassLoader - Keeping class: org.apache.hadoop.hdfs.protocol.proto.HdfsServerProtos$VersionResponseProto$1
2024-11-12 13:42:55,014 INFO  EvoClassLoader - Seeing class for first time: org.apache.hadoop.hdfs.protocol.proto.NamenodeProtocolProtos$GetFilePathResponseProto$Builder
2024-11-12 13:42:55,014 INFO  EvoClassLoader - Instrumenting class 'org.apache.hadoop.hdfs.protocol.proto.NamenodeProtocolProtos$GetFilePathResponseProto$Builder'.
2024-11-12 13:42:55,014 INFO  MethodCallReplacementClassAdapter - Adding mock interface to class org/apache/hadoop/hdfs/protocol/proto/NamenodeProtocolProtos$GetFilePathResponseProto$Builder
2024-11-12 13:42:55,015 INFO  CreateClassResetClassAdapter - Creating brand-new static initializer in class org/apache/hadoop/hdfs/protocol/proto/NamenodeProtocolProtos$GetFilePathResponseProto$Builder
2024-11-12 13:42:55,015 INFO  EvoClassLoader - Keeping class: org.apache.hadoop.hdfs.protocol.proto.NamenodeProtocolProtos$GetFilePathResponseProto$Builder
2024-11-12 13:42:55,016 INFO  EvoClassLoader - Seeing class for first time: org.apache.hadoop.hdfs.protocol.proto.NamenodeProtocolProtos$GetNextSPSPathResponseProto$1
2024-11-12 13:42:55,016 INFO  EvoClassLoader - Instrumenting class 'org.apache.hadoop.hdfs.protocol.proto.NamenodeProtocolProtos$GetNextSPSPathResponseProto$1'.
2024-11-12 13:42:55,016 INFO  MethodCallReplacementClassAdapter - Adding mock interface to class org/apache/hadoop/hdfs/protocol/proto/NamenodeProtocolProtos$GetNextSPSPathResponseProto$1
2024-11-12 13:42:55,016 INFO  EvoClassLoader - Keeping class: org.apache.hadoop.hdfs.protocol.proto.NamenodeProtocolProtos$GetNextSPSPathResponseProto$1
2024-11-12 13:42:55,017 INFO  EvoClassLoader - Seeing class for first time: org.apache.hadoop.hdfs.protocol.proto.NamenodeProtocolProtos$ErrorReportRequestProto
2024-11-12 13:42:55,017 INFO  EvoClassLoader - Instrumenting class 'org.apache.hadoop.hdfs.protocol.proto.NamenodeProtocolProtos$ErrorReportRequestProto'.
2024-11-12 13:42:55,017 INFO  MethodCallReplacementClassAdapter - Adding mock interface to class org/apache/hadoop/hdfs/protocol/proto/NamenodeProtocolProtos$ErrorReportRequestProto
2024-11-12 13:42:55,017 INFO  CreateClassResetClassAdapter - Found static initializer in class org/apache/hadoop/hdfs/protocol/proto/NamenodeProtocolProtos$ErrorReportRequestProto
2024-11-12 13:42:55,018 INFO  EvoClassLoader - Keeping class: org.apache.hadoop.hdfs.protocol.proto.NamenodeProtocolProtos$ErrorReportRequestProto
2024-11-12 13:42:55,018 INFO  EvoClassLoader - Seeing class for first time: org.apache.hadoop.hdfs.protocol.proto.NamenodeProtocolProtos$GetNextSPSPathResponseProto
2024-11-12 13:42:55,018 INFO  EvoClassLoader - Instrumenting class 'org.apache.hadoop.hdfs.protocol.proto.NamenodeProtocolProtos$GetNextSPSPathResponseProto'.
2024-11-12 13:42:55,018 INFO  MethodCallReplacementClassAdapter - Adding mock interface to class org/apache/hadoop/hdfs/protocol/proto/NamenodeProtocolProtos$GetNextSPSPathResponseProto
2024-11-12 13:42:55,019 INFO  CreateClassResetClassAdapter - Found static initializer in class org/apache/hadoop/hdfs/protocol/proto/NamenodeProtocolProtos$GetNextSPSPathResponseProto
2024-11-12 13:42:55,019 INFO  EvoClassLoader - Seeing class for first time: org.apache.hadoop.hdfs.protocol.proto.NamenodeProtocolProtos$GetNextSPSPathResponseProtoOrBuilder
2024-11-12 13:42:55,019 INFO  EvoClassLoader - Instrumenting class 'org.apache.hadoop.hdfs.protocol.proto.NamenodeProtocolProtos$GetNextSPSPathResponseProtoOrBuilder'.
2024-11-12 13:42:55,019 INFO  EvoClassLoader - Keeping class: org.apache.hadoop.hdfs.protocol.proto.NamenodeProtocolProtos$GetNextSPSPathResponseProtoOrBuilder
2024-11-12 13:42:55,019 INFO  EvoClassLoader - Keeping class: org.apache.hadoop.hdfs.protocol.proto.NamenodeProtocolProtos$GetNextSPSPathResponseProto
2024-11-12 13:42:55,020 INFO  EvoClassLoader - Seeing class for first time: org.apache.hadoop.hdfs.protocol.proto.HdfsServerProtos$NamenodeRegistrationProto$NamenodeRoleProto
2024-11-12 13:42:55,020 INFO  EvoClassLoader - Instrumenting class 'org.apache.hadoop.hdfs.protocol.proto.HdfsServerProtos$NamenodeRegistrationProto$NamenodeRoleProto'.
2024-11-12 13:42:55,020 INFO  MethodCallReplacementClassAdapter - Adding mock interface to class org/apache/hadoop/hdfs/protocol/proto/HdfsServerProtos$NamenodeRegistrationProto$NamenodeRoleProto
2024-11-12 13:42:55,021 INFO  CreateClassResetClassAdapter - Found static initializer in class org/apache/hadoop/hdfs/protocol/proto/HdfsServerProtos$NamenodeRegistrationProto$NamenodeRoleProto
2024-11-12 13:42:55,021 INFO  EvoClassLoader - Keeping class: org.apache.hadoop.hdfs.protocol.proto.HdfsServerProtos$NamenodeRegistrationProto$NamenodeRoleProto
2024-11-12 13:42:55,021 INFO  EvoClassLoader - Seeing class for first time: org.apache.hadoop.hdfs.protocol.proto.HdfsServerProtos$NamenodeRegistrationProto$NamenodeRoleProto$1
2024-11-12 13:42:55,021 INFO  EvoClassLoader - Instrumenting class 'org.apache.hadoop.hdfs.protocol.proto.HdfsServerProtos$NamenodeRegistrationProto$NamenodeRoleProto$1'.
2024-11-12 13:42:55,021 INFO  MethodCallReplacementClassAdapter - Adding mock interface to class org/apache/hadoop/hdfs/protocol/proto/HdfsServerProtos$NamenodeRegistrationProto$NamenodeRoleProto$1
2024-11-12 13:42:55,021 INFO  EvoClassLoader - Keeping class: org.apache.hadoop.hdfs.protocol.proto.HdfsServerProtos$NamenodeRegistrationProto$NamenodeRoleProto$1
2024-11-12 13:42:55,021 INFO  EvoClassLoader - Seeing class for first time: org.apache.hadoop.hdfs.protocol.proto.NamenodeProtocolProtos$IsRollingUpgradeResponseProto
2024-11-12 13:42:55,021 INFO  EvoClassLoader - Instrumenting class 'org.apache.hadoop.hdfs.protocol.proto.NamenodeProtocolProtos$IsRollingUpgradeResponseProto'.
2024-11-12 13:42:55,022 INFO  MethodCallReplacementClassAdapter - Adding mock interface to class org/apache/hadoop/hdfs/protocol/proto/NamenodeProtocolProtos$IsRollingUpgradeResponseProto
2024-11-12 13:42:55,022 INFO  CreateClassResetClassAdapter - Found static initializer in class org/apache/hadoop/hdfs/protocol/proto/NamenodeProtocolProtos$IsRollingUpgradeResponseProto
2024-11-12 13:42:55,022 INFO  EvoClassLoader - Seeing class for first time: org.apache.hadoop.hdfs.protocol.proto.NamenodeProtocolProtos$IsRollingUpgradeResponseProtoOrBuilder
2024-11-12 13:42:55,023 INFO  EvoClassLoader - Instrumenting class 'org.apache.hadoop.hdfs.protocol.proto.NamenodeProtocolProtos$IsRollingUpgradeResponseProtoOrBuilder'.
2024-11-12 13:42:55,023 INFO  EvoClassLoader - Keeping class: org.apache.hadoop.hdfs.protocol.proto.NamenodeProtocolProtos$IsRollingUpgradeResponseProtoOrBuilder
2024-11-12 13:42:55,023 INFO  EvoClassLoader - Keeping class: org.apache.hadoop.hdfs.protocol.proto.NamenodeProtocolProtos$IsRollingUpgradeResponseProto
2024-11-12 13:42:55,023 INFO  EvoClassLoader - Seeing class for first time: org.apache.hadoop.hdfs.protocol.proto.NamenodeProtocolProtos$GetBlocksResponseProto$1
2024-11-12 13:42:55,023 INFO  EvoClassLoader - Instrumenting class 'org.apache.hadoop.hdfs.protocol.proto.NamenodeProtocolProtos$GetBlocksResponseProto$1'.
2024-11-12 13:42:55,024 INFO  MethodCallReplacementClassAdapter - Adding mock interface to class org/apache/hadoop/hdfs/protocol/proto/NamenodeProtocolProtos$GetBlocksResponseProto$1
2024-11-12 13:42:55,024 INFO  EvoClassLoader - Keeping class: org.apache.hadoop.hdfs.protocol.proto.NamenodeProtocolProtos$GetBlocksResponseProto$1
2024-11-12 13:42:55,024 INFO  EvoClassLoader - Seeing class for first time: org.apache.hadoop.thirdparty.protobuf.DescriptorProtos$GeneratedCodeInfoOrBuilder
2024-11-12 13:42:55,024 INFO  EvoClassLoader - Instrumenting class 'org.apache.hadoop.thirdparty.protobuf.DescriptorProtos$GeneratedCodeInfoOrBuilder'.
2024-11-12 13:42:55,024 INFO  EvoClassLoader - Keeping class: org.apache.hadoop.thirdparty.protobuf.DescriptorProtos$GeneratedCodeInfoOrBuilder
2024-11-12 13:42:55,024 INFO  EvoClassLoader - Seeing class for first time: org.apache.hadoop.hdfs.protocol.proto.NamenodeProtocolProtos$RegisterResponseProto$1
2024-11-12 13:42:55,024 INFO  EvoClassLoader - Instrumenting class 'org.apache.hadoop.hdfs.protocol.proto.NamenodeProtocolProtos$RegisterResponseProto$1'.
2024-11-12 13:42:55,024 INFO  MethodCallReplacementClassAdapter - Adding mock interface to class org/apache/hadoop/hdfs/protocol/proto/NamenodeProtocolProtos$RegisterResponseProto$1
2024-11-12 13:42:55,025 INFO  EvoClassLoader - Keeping class: org.apache.hadoop.hdfs.protocol.proto.NamenodeProtocolProtos$RegisterResponseProto$1
2024-11-12 13:42:55,025 INFO  EvoClassLoader - Seeing class for first time: org.apache.hadoop.hdfs.protocol.proto.NamenodeProtocolProtos$EndCheckpointResponseProto$Builder
2024-11-12 13:42:55,025 INFO  EvoClassLoader - Instrumenting class 'org.apache.hadoop.hdfs.protocol.proto.NamenodeProtocolProtos$EndCheckpointResponseProto$Builder'.
2024-11-12 13:42:55,025 INFO  MethodCallReplacementClassAdapter - Adding mock interface to class org/apache/hadoop/hdfs/protocol/proto/NamenodeProtocolProtos$EndCheckpointResponseProto$Builder
2024-11-12 13:42:55,026 INFO  CreateClassResetClassAdapter - Creating brand-new static initializer in class org/apache/hadoop/hdfs/protocol/proto/NamenodeProtocolProtos$EndCheckpointResponseProto$Builder
2024-11-12 13:42:55,026 INFO  EvoClassLoader - Seeing class for first time: org.apache.hadoop.hdfs.protocol.proto.NamenodeProtocolProtos$EndCheckpointResponseProtoOrBuilder
2024-11-12 13:42:55,026 INFO  EvoClassLoader - Instrumenting class 'org.apache.hadoop.hdfs.protocol.proto.NamenodeProtocolProtos$EndCheckpointResponseProtoOrBuilder'.
2024-11-12 13:42:55,027 INFO  EvoClassLoader - Keeping class: org.apache.hadoop.hdfs.protocol.proto.NamenodeProtocolProtos$EndCheckpointResponseProtoOrBuilder
2024-11-12 13:42:55,027 INFO  EvoClassLoader - Keeping class: org.apache.hadoop.hdfs.protocol.proto.NamenodeProtocolProtos$EndCheckpointResponseProto$Builder
2024-11-12 13:42:55,027 INFO  EvoClassLoader - Seeing class for first time: org.apache.hadoop.hdfs.protocol.proto.HdfsServerProtos$CheckpointCommandProto
2024-11-12 13:42:55,027 INFO  EvoClassLoader - Instrumenting class 'org.apache.hadoop.hdfs.protocol.proto.HdfsServerProtos$CheckpointCommandProto'.
2024-11-12 13:42:55,027 INFO  MethodCallReplacementClassAdapter - Adding mock interface to class org/apache/hadoop/hdfs/protocol/proto/HdfsServerProtos$CheckpointCommandProto
2024-11-12 13:42:55,028 INFO  CreateClassResetClassAdapter - Found static initializer in class org/apache/hadoop/hdfs/protocol/proto/HdfsServerProtos$CheckpointCommandProto
2024-11-12 13:42:55,028 INFO  EvoClassLoader - Keeping class: org.apache.hadoop.hdfs.protocol.proto.HdfsServerProtos$CheckpointCommandProto
2024-11-12 13:42:55,029 INFO  EvoClassLoader - Seeing class for first time: org.apache.hadoop.hdfs.protocol.proto.HdfsServerProtos$CheckpointCommandProto$1
2024-11-12 13:42:55,029 INFO  EvoClassLoader - Instrumenting class 'org.apache.hadoop.hdfs.protocol.proto.HdfsServerProtos$CheckpointCommandProto$1'.
2024-11-12 13:42:55,029 INFO  MethodCallReplacementClassAdapter - Adding mock interface to class org/apache/hadoop/hdfs/protocol/proto/HdfsServerProtos$CheckpointCommandProto$1
2024-11-12 13:42:55,029 INFO  EvoClassLoader - Keeping class: org.apache.hadoop.hdfs.protocol.proto.HdfsServerProtos$CheckpointCommandProto$1
2024-11-12 13:42:55,029 INFO  EvoClassLoader - Seeing class for first time: org.apache.hadoop.hdfs.protocol.proto.NamenodeProtocolProtos$ErrorReportResponseProto
2024-11-12 13:42:55,029 INFO  EvoClassLoader - Instrumenting class 'org.apache.hadoop.hdfs.protocol.proto.NamenodeProtocolProtos$ErrorReportResponseProto'.
2024-11-12 13:42:55,029 INFO  MethodCallReplacementClassAdapter - Adding mock interface to class org/apache/hadoop/hdfs/protocol/proto/NamenodeProtocolProtos$ErrorReportResponseProto
2024-11-12 13:42:55,030 INFO  CreateClassResetClassAdapter - Found static initializer in class org/apache/hadoop/hdfs/protocol/proto/NamenodeProtocolProtos$ErrorReportResponseProto
2024-11-12 13:42:55,030 INFO  EvoClassLoader - Keeping class: org.apache.hadoop.hdfs.protocol.proto.NamenodeProtocolProtos$ErrorReportResponseProto
2024-11-12 13:42:55,030 INFO  EvoClassLoader - Seeing class for first time: org.apache.hadoop.thirdparty.protobuf.Field$Cardinality$1
2024-11-12 13:42:55,030 INFO  EvoClassLoader - Instrumenting class 'org.apache.hadoop.thirdparty.protobuf.Field$Cardinality$1'.
2024-11-12 13:42:55,030 INFO  MethodCallReplacementClassAdapter - Adding mock interface to class org/apache/hadoop/thirdparty/protobuf/Field$Cardinality$1
2024-11-12 13:42:55,031 INFO  EvoClassLoader - Keeping class: org.apache.hadoop.thirdparty.protobuf.Field$Cardinality$1
2024-11-12 13:42:55,031 INFO  EvoClassLoader - Seeing class for first time: org.apache.hadoop.thirdparty.protobuf.Field$Builder
2024-11-12 13:42:55,031 INFO  EvoClassLoader - Instrumenting class 'org.apache.hadoop.thirdparty.protobuf.Field$Builder'.
2024-11-12 13:42:55,031 INFO  MethodCallReplacementClassAdapter - Adding mock interface to class org/apache/hadoop/thirdparty/protobuf/Field$Builder
2024-11-12 13:42:55,033 INFO  CreateClassResetClassAdapter - Creating brand-new static initializer in class org/apache/hadoop/thirdparty/protobuf/Field$Builder
2024-11-12 13:42:55,034 INFO  EvoClassLoader - Seeing class for first time: org.apache.hadoop.thirdparty.protobuf.FieldOrBuilder
2024-11-12 13:42:55,034 INFO  EvoClassLoader - Instrumenting class 'org.apache.hadoop.thirdparty.protobuf.FieldOrBuilder'.
2024-11-12 13:42:55,034 INFO  EvoClassLoader - Keeping class: org.apache.hadoop.thirdparty.protobuf.FieldOrBuilder
2024-11-12 13:42:55,034 INFO  EvoClassLoader - Keeping class: org.apache.hadoop.thirdparty.protobuf.Field$Builder
2024-11-12 13:42:55,034 INFO  EvoClassLoader - Seeing class for first time: org.apache.hadoop.thirdparty.protobuf.Option
2024-11-12 13:42:55,034 INFO  EvoClassLoader - Instrumenting class 'org.apache.hadoop.thirdparty.protobuf.Option'.
2024-11-12 13:42:55,035 INFO  MethodCallReplacementClassAdapter - Adding mock interface to class org/apache/hadoop/thirdparty/protobuf/Option
2024-11-12 13:42:55,035 INFO  CreateClassResetClassAdapter - Found static initializer in class org/apache/hadoop/thirdparty/protobuf/Option
2024-11-12 13:42:55,036 INFO  EvoClassLoader - Seeing class for first time: org.apache.hadoop.thirdparty.protobuf.OptionOrBuilder
2024-11-12 13:42:55,036 INFO  EvoClassLoader - Instrumenting class 'org.apache.hadoop.thirdparty.protobuf.OptionOrBuilder'.
2024-11-12 13:42:55,036 INFO  EvoClassLoader - Keeping class: org.apache.hadoop.thirdparty.protobuf.OptionOrBuilder
2024-11-12 13:42:55,036 INFO  EvoClassLoader - Keeping class: org.apache.hadoop.thirdparty.protobuf.Option
2024-11-12 13:42:55,037 INFO  EvoClassLoader - Seeing class for first time: org.apache.hadoop.thirdparty.protobuf.UnknownFieldSet$Field
2024-11-12 13:42:55,037 INFO  EvoClassLoader - Instrumenting class 'org.apache.hadoop.thirdparty.protobuf.UnknownFieldSet$Field'.
2024-11-12 13:42:55,037 INFO  MethodCallReplacementClassAdapter - Adding mock interface to class org/apache/hadoop/thirdparty/protobuf/UnknownFieldSet$Field
2024-11-12 13:42:55,038 INFO  CreateClassResetClassAdapter - Found static initializer in class org/apache/hadoop/thirdparty/protobuf/UnknownFieldSet$Field
2024-11-12 13:42:55,038 INFO  EvoClassLoader - Keeping class: org.apache.hadoop.thirdparty.protobuf.UnknownFieldSet$Field
2024-11-12 13:42:55,038 INFO  EvoClassLoader - Seeing class for first time: org.apache.hadoop.hdfs.protocol.proto.NamenodeProtocolProtos$GetMostRecentCheckpointTxIdRequestProto
2024-11-12 13:42:55,038 INFO  EvoClassLoader - Instrumenting class 'org.apache.hadoop.hdfs.protocol.proto.NamenodeProtocolProtos$GetMostRecentCheckpointTxIdRequestProto'.
2024-11-12 13:42:55,039 INFO  MethodCallReplacementClassAdapter - Adding mock interface to class org/apache/hadoop/hdfs/protocol/proto/NamenodeProtocolProtos$GetMostRecentCheckpointTxIdRequestProto
2024-11-12 13:42:55,039 INFO  CreateClassResetClassAdapter - Found static initializer in class org/apache/hadoop/hdfs/protocol/proto/NamenodeProtocolProtos$GetMostRecentCheckpointTxIdRequestProto
2024-11-12 13:42:55,039 INFO  EvoClassLoader - Seeing class for first time: org.apache.hadoop.hdfs.protocol.proto.NamenodeProtocolProtos$GetMostRecentCheckpointTxIdRequestProtoOrBuilder
2024-11-12 13:42:55,039 INFO  EvoClassLoader - Instrumenting class 'org.apache.hadoop.hdfs.protocol.proto.NamenodeProtocolProtos$GetMostRecentCheckpointTxIdRequestProtoOrBuilder'.
2024-11-12 13:42:55,039 INFO  EvoClassLoader - Keeping class: org.apache.hadoop.hdfs.protocol.proto.NamenodeProtocolProtos$GetMostRecentCheckpointTxIdRequestProtoOrBuilder
2024-11-12 13:42:55,039 INFO  EvoClassLoader - Keeping class: org.apache.hadoop.hdfs.protocol.proto.NamenodeProtocolProtos$GetMostRecentCheckpointTxIdRequestProto
2024-11-12 13:42:55,040 INFO  EvoClassLoader - Seeing class for first time: org.apache.hadoop.hdfs.protocol.proto.NamenodeProtocolProtos$GetMostRecentCheckpointTxIdRequestProto$1
2024-11-12 13:42:55,040 INFO  EvoClassLoader - Instrumenting class 'org.apache.hadoop.hdfs.protocol.proto.NamenodeProtocolProtos$GetMostRecentCheckpointTxIdRequestProto$1'.
2024-11-12 13:42:55,040 INFO  MethodCallReplacementClassAdapter - Adding mock interface to class org/apache/hadoop/hdfs/protocol/proto/NamenodeProtocolProtos$GetMostRecentCheckpointTxIdRequestProto$1
2024-11-12 13:42:55,040 INFO  EvoClassLoader - Keeping class: org.apache.hadoop.hdfs.protocol.proto.NamenodeProtocolProtos$GetMostRecentCheckpointTxIdRequestProto$1
2024-11-12 13:42:55,040 INFO  EvoClassLoader - Seeing class for first time: org.apache.hadoop.hdfs.protocol.BlockListAsLongs$Builder
2024-11-12 13:42:55,040 INFO  EvoClassLoader - Instrumenting class 'org.apache.hadoop.hdfs.protocol.BlockListAsLongs$Builder'.
2024-11-12 13:42:55,040 INFO  MethodCallReplacementClassAdapter - Adding mock interface to class org/apache/hadoop/hdfs/protocol/BlockListAsLongs$Builder
2024-11-12 13:42:55,041 INFO  CreateClassResetClassAdapter - Creating brand-new static initializer in class org/apache/hadoop/hdfs/protocol/BlockListAsLongs$Builder
2024-11-12 13:42:55,041 INFO  EvoClassLoader - Keeping class: org.apache.hadoop.hdfs.protocol.BlockListAsLongs$Builder
2024-11-12 13:42:55,042 INFO  EvoClassLoader - Seeing class for first time: org.apache.hadoop.hdfs.protocol.proto.HdfsProtos$StorageTypeProto
2024-11-12 13:42:55,042 INFO  EvoClassLoader - Instrumenting class 'org.apache.hadoop.hdfs.protocol.proto.HdfsProtos$StorageTypeProto'.
2024-11-12 13:42:55,042 INFO  MethodCallReplacementClassAdapter - Adding mock interface to class org/apache/hadoop/hdfs/protocol/proto/HdfsProtos$StorageTypeProto
2024-11-12 13:42:55,043 INFO  CreateClassResetClassAdapter - Found static initializer in class org/apache/hadoop/hdfs/protocol/proto/HdfsProtos$StorageTypeProto
2024-11-12 13:42:55,043 INFO  EvoClassLoader - Keeping class: org.apache.hadoop.hdfs.protocol.proto.HdfsProtos$StorageTypeProto
2024-11-12 13:42:55,043 INFO  EvoClassLoader - Seeing class for first time: org.apache.hadoop.hdfs.protocol.proto.HdfsProtos$StorageTypeProto$1
2024-11-12 13:42:55,043 INFO  EvoClassLoader - Instrumenting class 'org.apache.hadoop.hdfs.protocol.proto.HdfsProtos$StorageTypeProto$1'.
2024-11-12 13:42:55,043 INFO  MethodCallReplacementClassAdapter - Adding mock interface to class org/apache/hadoop/hdfs/protocol/proto/HdfsProtos$StorageTypeProto$1
2024-11-12 13:42:55,043 INFO  EvoClassLoader - Keeping class: org.apache.hadoop.hdfs.protocol.proto.HdfsProtos$StorageTypeProto$1
2024-11-12 13:42:55,044 INFO  EvoClassLoader - Seeing class for first time: org.apache.hadoop.thirdparty.protobuf.Field$1
2024-11-12 13:42:55,044 INFO  EvoClassLoader - Instrumenting class 'org.apache.hadoop.thirdparty.protobuf.Field$1'.
2024-11-12 13:42:55,044 INFO  MethodCallReplacementClassAdapter - Adding mock interface to class org/apache/hadoop/thirdparty/protobuf/Field$1
2024-11-12 13:42:55,045 INFO  EvoClassLoader - Keeping class: org.apache.hadoop.thirdparty.protobuf.Field$1
2024-11-12 13:42:55,045 INFO  EvoClassLoader - Seeing class for first time: org.apache.hadoop.hdfs.protocol.proto.NamenodeProtocolProtos$GetTransactionIdResponseProtoOrBuilder
2024-11-12 13:42:55,045 INFO  EvoClassLoader - Instrumenting class 'org.apache.hadoop.hdfs.protocol.proto.NamenodeProtocolProtos$GetTransactionIdResponseProtoOrBuilder'.
2024-11-12 13:42:55,045 INFO  EvoClassLoader - Keeping class: org.apache.hadoop.hdfs.protocol.proto.NamenodeProtocolProtos$GetTransactionIdResponseProtoOrBuilder
2024-11-12 13:42:55,046 INFO  EvoClassLoader - Seeing class for first time: org.apache.hadoop.thirdparty.protobuf.DescriptorProtos$SourceCodeInfo$1
2024-11-12 13:42:55,046 INFO  EvoClassLoader - Instrumenting class 'org.apache.hadoop.thirdparty.protobuf.DescriptorProtos$SourceCodeInfo$1'.
2024-11-12 13:42:55,046 INFO  MethodCallReplacementClassAdapter - Adding mock interface to class org/apache/hadoop/thirdparty/protobuf/DescriptorProtos$SourceCodeInfo$1
2024-11-12 13:42:55,046 INFO  EvoClassLoader - Keeping class: org.apache.hadoop.thirdparty.protobuf.DescriptorProtos$SourceCodeInfo$1
2024-11-12 13:42:55,046 INFO  EvoClassLoader - Seeing class for first time: org.apache.hadoop.thirdparty.protobuf.Field
2024-11-12 13:42:55,047 INFO  EvoClassLoader - Instrumenting class 'org.apache.hadoop.thirdparty.protobuf.Field'.
2024-11-12 13:42:55,047 INFO  MethodCallReplacementClassAdapter - Adding mock interface to class org/apache/hadoop/thirdparty/protobuf/Field
2024-11-12 13:42:55,047 INFO  CreateClassResetClassAdapter - Found static initializer in class org/apache/hadoop/thirdparty/protobuf/Field
2024-11-12 13:42:55,048 INFO  EvoClassLoader - Keeping class: org.apache.hadoop.thirdparty.protobuf.Field
2024-11-12 13:42:55,048 INFO  EvoClassLoader - Seeing class for first time: org.apache.hadoop.hdfs.protocol.proto.NamenodeProtocolProtos$IsRollingUpgradeResponseProto$Builder
2024-11-12 13:42:55,048 INFO  EvoClassLoader - Instrumenting class 'org.apache.hadoop.hdfs.protocol.proto.NamenodeProtocolProtos$IsRollingUpgradeResponseProto$Builder'.
2024-11-12 13:42:55,048 INFO  MethodCallReplacementClassAdapter - Adding mock interface to class org/apache/hadoop/hdfs/protocol/proto/NamenodeProtocolProtos$IsRollingUpgradeResponseProto$Builder
2024-11-12 13:42:55,049 INFO  CreateClassResetClassAdapter - Creating brand-new static initializer in class org/apache/hadoop/hdfs/protocol/proto/NamenodeProtocolProtos$IsRollingUpgradeResponseProto$Builder
2024-11-12 13:42:55,050 INFO  EvoClassLoader - Keeping class: org.apache.hadoop.hdfs.protocol.proto.NamenodeProtocolProtos$IsRollingUpgradeResponseProto$Builder
2024-11-12 13:42:55,051 INFO  EvoClassLoader - Seeing class for first time: org.apache.hadoop.classification.InterfaceAudience$Private
2024-11-12 13:42:55,051 INFO  EvoClassLoader - Instrumenting class 'org.apache.hadoop.classification.InterfaceAudience$Private'.
2024-11-12 13:42:55,051 INFO  EvoClassLoader - Keeping class: org.apache.hadoop.classification.InterfaceAudience$Private
2024-11-12 13:42:55,051 INFO  EvoClassLoader - Seeing class for first time: org.apache.hadoop.hdfs.protocol.proto.HdfsServerProtos$BlocksWithLocationsProto$Builder
2024-11-12 13:42:55,051 INFO  EvoClassLoader - Instrumenting class 'org.apache.hadoop.hdfs.protocol.proto.HdfsServerProtos$BlocksWithLocationsProto$Builder'.
2024-11-12 13:42:55,052 INFO  MethodCallReplacementClassAdapter - Adding mock interface to class org/apache/hadoop/hdfs/protocol/proto/HdfsServerProtos$BlocksWithLocationsProto$Builder
2024-11-12 13:42:55,053 INFO  CreateClassResetClassAdapter - Creating brand-new static initializer in class org/apache/hadoop/hdfs/protocol/proto/HdfsServerProtos$BlocksWithLocationsProto$Builder
2024-11-12 13:42:55,054 INFO  EvoClassLoader - Keeping class: org.apache.hadoop.hdfs.protocol.proto.HdfsServerProtos$BlocksWithLocationsProto$Builder
2024-11-12 13:42:55,054 INFO  EvoClassLoader - Seeing class for first time: org.apache.hadoop.hdfs.protocol.proto.HdfsServerProtos$BlockWithLocationsProto
2024-11-12 13:42:55,054 INFO  EvoClassLoader - Instrumenting class 'org.apache.hadoop.hdfs.protocol.proto.HdfsServerProtos$BlockWithLocationsProto'.
2024-11-12 13:42:55,054 INFO  MethodCallReplacementClassAdapter - Adding mock interface to class org/apache/hadoop/hdfs/protocol/proto/HdfsServerProtos$BlockWithLocationsProto
2024-11-12 13:42:55,055 INFO  CreateClassResetClassAdapter - Found static initializer in class org/apache/hadoop/hdfs/protocol/proto/HdfsServerProtos$BlockWithLocationsProto
2024-11-12 13:42:55,055 INFO  EvoClassLoader - Seeing class for first time: org.apache.hadoop.hdfs.protocol.proto.HdfsServerProtos$BlockWithLocationsProtoOrBuilder
2024-11-12 13:42:55,055 INFO  EvoClassLoader - Instrumenting class 'org.apache.hadoop.hdfs.protocol.proto.HdfsServerProtos$BlockWithLocationsProtoOrBuilder'.
2024-11-12 13:42:55,056 INFO  EvoClassLoader - Keeping class: org.apache.hadoop.hdfs.protocol.proto.HdfsServerProtos$BlockWithLocationsProtoOrBuilder
2024-11-12 13:42:55,056 INFO  EvoClassLoader - Keeping class: org.apache.hadoop.hdfs.protocol.proto.HdfsServerProtos$BlockWithLocationsProto
2024-11-12 13:42:55,056 INFO  EvoClassLoader - Seeing class for first time: org.apache.hadoop.thirdparty.protobuf.CheckReturnValue
2024-11-12 13:42:55,056 INFO  EvoClassLoader - Instrumenting class 'org.apache.hadoop.thirdparty.protobuf.CheckReturnValue'.
2024-11-12 13:42:55,057 INFO  EvoClassLoader - Keeping class: org.apache.hadoop.thirdparty.protobuf.CheckReturnValue
2024-11-12 13:42:55,057 INFO  EvoClassLoader - Seeing class for first time: org.apache.hadoop.hdfs.protocol.proto.NamenodeProtocolProtos$StartCheckpointResponseProto$Builder
2024-11-12 13:42:55,057 INFO  EvoClassLoader - Instrumenting class 'org.apache.hadoop.hdfs.protocol.proto.NamenodeProtocolProtos$StartCheckpointResponseProto$Builder'.
2024-11-12 13:42:55,057 INFO  MethodCallReplacementClassAdapter - Adding mock interface to class org/apache/hadoop/hdfs/protocol/proto/NamenodeProtocolProtos$StartCheckpointResponseProto$Builder
2024-11-12 13:42:55,058 INFO  CreateClassResetClassAdapter - Creating brand-new static initializer in class org/apache/hadoop/hdfs/protocol/proto/NamenodeProtocolProtos$StartCheckpointResponseProto$Builder
2024-11-12 13:42:55,058 INFO  EvoClassLoader - Keeping class: org.apache.hadoop.hdfs.protocol.proto.NamenodeProtocolProtos$StartCheckpointResponseProto$Builder
2024-11-12 13:42:55,059 INFO  EvoClassLoader - Seeing class for first time: org.eclipse.jetty.util.annotation.ManagedObject
2024-11-12 13:42:55,059 INFO  EvoClassLoader - Instrumenting class 'org.eclipse.jetty.util.annotation.ManagedObject'.
2024-11-12 13:42:55,059 INFO  EvoClassLoader - Defined package (3): package org.eclipse.jetty.util.annotation, -21916774
2024-11-12 13:42:55,059 INFO  EvoClassLoader - Keeping class: org.eclipse.jetty.util.annotation.ManagedObject
2024-11-12 13:42:55,059 INFO  EvoClassLoader - Seeing class for first time: org.apache.hadoop.hdfs.protocol.proto.NamenodeProtocolProtos$RollEditLogResponseProto$Builder
2024-11-12 13:42:55,059 INFO  EvoClassLoader - Instrumenting class 'org.apache.hadoop.hdfs.protocol.proto.NamenodeProtocolProtos$RollEditLogResponseProto$Builder'.
2024-11-12 13:42:55,059 INFO  MethodCallReplacementClassAdapter - Adding mock interface to class org/apache/hadoop/hdfs/protocol/proto/NamenodeProtocolProtos$RollEditLogResponseProto$Builder
2024-11-12 13:42:55,060 INFO  CreateClassResetClassAdapter - Creating brand-new static initializer in class org/apache/hadoop/hdfs/protocol/proto/NamenodeProtocolProtos$RollEditLogResponseProto$Builder
2024-11-12 13:42:55,061 INFO  EvoClassLoader - Keeping class: org.apache.hadoop.hdfs.protocol.proto.NamenodeProtocolProtos$RollEditLogResponseProto$Builder
2024-11-12 13:42:55,061 INFO  EvoClassLoader - Seeing class for first time: org.apache.hadoop.thirdparty.protobuf.Internal$ListAdapter$Converter
2024-11-12 13:42:55,061 INFO  EvoClassLoader - Instrumenting class 'org.apache.hadoop.thirdparty.protobuf.Internal$ListAdapter$Converter'.
2024-11-12 13:42:55,062 INFO  EvoClassLoader - Keeping class: org.apache.hadoop.thirdparty.protobuf.Internal$ListAdapter$Converter
2024-11-12 13:42:55,062 INFO  EvoClassLoader - Seeing class for first time: org.apache.hadoop.hdfs.protocol.proto.HdfsServerProtos$BlockWithLocationsProto$1
2024-11-12 13:42:55,062 INFO  EvoClassLoader - Instrumenting class 'org.apache.hadoop.hdfs.protocol.proto.HdfsServerProtos$BlockWithLocationsProto$1'.
2024-11-12 13:42:55,062 INFO  MethodCallReplacementClassAdapter - Adding mock interface to class org/apache/hadoop/hdfs/protocol/proto/HdfsServerProtos$BlockWithLocationsProto$1
2024-11-12 13:42:55,062 INFO  EvoClassLoader - Keeping class: org.apache.hadoop.hdfs.protocol.proto.HdfsServerProtos$BlockWithLocationsProto$1
2024-11-12 13:42:55,062 INFO  EvoClassLoader - Seeing class for first time: org.apache.hadoop.hdfs.protocol.proto.HdfsServerProtos$BlockWithLocationsProto$2
2024-11-12 13:42:55,062 INFO  EvoClassLoader - Instrumenting class 'org.apache.hadoop.hdfs.protocol.proto.HdfsServerProtos$BlockWithLocationsProto$2'.
2024-11-12 13:42:55,062 INFO  MethodCallReplacementClassAdapter - Adding mock interface to class org/apache/hadoop/hdfs/protocol/proto/HdfsServerProtos$BlockWithLocationsProto$2
2024-11-12 13:42:55,062 INFO  EvoClassLoader - Keeping class: org.apache.hadoop.hdfs.protocol.proto.HdfsServerProtos$BlockWithLocationsProto$2
2024-11-12 13:42:55,063 INFO  EvoClassLoader - Seeing class for first time: org.apache.hadoop.hdfs.protocol.proto.NamenodeProtocolProtos$EndCheckpointRequestProto$1
2024-11-12 13:42:55,063 INFO  EvoClassLoader - Instrumenting class 'org.apache.hadoop.hdfs.protocol.proto.NamenodeProtocolProtos$EndCheckpointRequestProto$1'.
2024-11-12 13:42:55,063 INFO  MethodCallReplacementClassAdapter - Adding mock interface to class org/apache/hadoop/hdfs/protocol/proto/NamenodeProtocolProtos$EndCheckpointRequestProto$1
2024-11-12 13:42:55,063 INFO  EvoClassLoader - Keeping class: org.apache.hadoop.hdfs.protocol.proto.NamenodeProtocolProtos$EndCheckpointRequestProto$1
2024-11-12 13:42:55,063 INFO  EvoClassLoader - Seeing class for first time: org.apache.hadoop.hdfs.protocol.proto.HdfsServerProtos$CheckpointSignatureProto$Builder
2024-11-12 13:42:55,063 INFO  EvoClassLoader - Instrumenting class 'org.apache.hadoop.hdfs.protocol.proto.HdfsServerProtos$CheckpointSignatureProto$Builder'.
2024-11-12 13:42:55,064 INFO  MethodCallReplacementClassAdapter - Adding mock interface to class org/apache/hadoop/hdfs/protocol/proto/HdfsServerProtos$CheckpointSignatureProto$Builder
2024-11-12 13:42:55,065 INFO  CreateClassResetClassAdapter - Creating brand-new static initializer in class org/apache/hadoop/hdfs/protocol/proto/HdfsServerProtos$CheckpointSignatureProto$Builder
2024-11-12 13:42:55,066 INFO  EvoClassLoader - Keeping class: org.apache.hadoop.hdfs.protocol.proto.HdfsServerProtos$CheckpointSignatureProto$Builder
2024-11-12 13:42:55,066 INFO  EvoClassLoader - Seeing class for first time: org.apache.hadoop.hdfs.protocol.proto.NamenodeProtocolProtos$EndCheckpointResponseProto
2024-11-12 13:42:55,066 INFO  EvoClassLoader - Instrumenting class 'org.apache.hadoop.hdfs.protocol.proto.NamenodeProtocolProtos$EndCheckpointResponseProto'.
2024-11-12 13:42:55,066 INFO  MethodCallReplacementClassAdapter - Adding mock interface to class org/apache/hadoop/hdfs/protocol/proto/NamenodeProtocolProtos$EndCheckpointResponseProto
2024-11-12 13:42:55,067 INFO  CreateClassResetClassAdapter - Found static initializer in class org/apache/hadoop/hdfs/protocol/proto/NamenodeProtocolProtos$EndCheckpointResponseProto
2024-11-12 13:42:55,067 INFO  EvoClassLoader - Keeping class: org.apache.hadoop.hdfs.protocol.proto.NamenodeProtocolProtos$EndCheckpointResponseProto
2024-11-12 13:42:55,068 INFO  EvoClassLoader - Seeing class for first time: org.apache.hadoop.thirdparty.protobuf.ByteString$CodedBuilder
2024-11-12 13:42:55,068 INFO  EvoClassLoader - Instrumenting class 'org.apache.hadoop.thirdparty.protobuf.ByteString$CodedBuilder'.
2024-11-12 13:42:55,068 INFO  MethodCallReplacementClassAdapter - Adding mock interface to class org/apache/hadoop/thirdparty/protobuf/ByteString$CodedBuilder
2024-11-12 13:42:55,068 INFO  CreateClassResetClassAdapter - Creating brand-new static initializer in class org/apache/hadoop/thirdparty/protobuf/ByteString$CodedBuilder
2024-11-12 13:42:55,068 INFO  EvoClassLoader - Keeping class: org.apache.hadoop.thirdparty.protobuf.ByteString$CodedBuilder
2024-11-12 13:42:55,069 INFO  EvoClassLoader - Seeing class for first time: org.eclipse.jetty.io.NullByteBufferPool
2024-11-12 13:42:55,069 INFO  EvoClassLoader - Instrumenting class 'org.eclipse.jetty.io.NullByteBufferPool'.
2024-11-12 13:42:55,069 INFO  MethodCallReplacementClassAdapter - Adding mock interface to class org/eclipse/jetty/io/NullByteBufferPool
2024-11-12 13:42:55,069 INFO  CreateClassResetClassAdapter - Creating brand-new static initializer in class org/eclipse/jetty/io/NullByteBufferPool
2024-11-12 13:42:55,069 INFO  EvoClassLoader - Keeping class: org.eclipse.jetty.io.NullByteBufferPool
2024-11-12 13:42:55,069 INFO  EvoClassLoader - Seeing class for first time: org.apache.hadoop.hdfs.protocol.proto.HdfsServerProtos$VersionRequestProto
2024-11-12 13:42:55,069 INFO  EvoClassLoader - Instrumenting class 'org.apache.hadoop.hdfs.protocol.proto.HdfsServerProtos$VersionRequestProto'.
2024-11-12 13:42:55,069 INFO  MethodCallReplacementClassAdapter - Adding mock interface to class org/apache/hadoop/hdfs/protocol/proto/HdfsServerProtos$VersionRequestProto
2024-11-12 13:42:55,069 INFO  CreateClassResetClassAdapter - Found static initializer in class org/apache/hadoop/hdfs/protocol/proto/HdfsServerProtos$VersionRequestProto
2024-11-12 13:42:55,070 INFO  EvoClassLoader - Keeping class: org.apache.hadoop.hdfs.protocol.proto.HdfsServerProtos$VersionRequestProto
2024-11-12 13:42:55,070 INFO  EvoClassLoader - Seeing class for first time: org.apache.hadoop.hdfs.protocol.proto.HdfsServerProtos$VersionRequestProto$1
2024-11-12 13:42:55,070 INFO  EvoClassLoader - Instrumenting class 'org.apache.hadoop.hdfs.protocol.proto.HdfsServerProtos$VersionRequestProto$1'.
2024-11-12 13:42:55,070 INFO  MethodCallReplacementClassAdapter - Adding mock interface to class org/apache/hadoop/hdfs/protocol/proto/HdfsServerProtos$VersionRequestProto$1
2024-11-12 13:42:55,070 INFO  EvoClassLoader - Keeping class: org.apache.hadoop.hdfs.protocol.proto.HdfsServerProtos$VersionRequestProto$1
2024-11-12 13:42:55,070 INFO  EvoClassLoader - Seeing class for first time: org.apache.hadoop.hdfs.protocol.proto.NamenodeProtocolProtos$NamenodeProtocolService$Stub
2024-11-12 13:42:55,070 INFO  EvoClassLoader - Instrumenting class 'org.apache.hadoop.hdfs.protocol.proto.NamenodeProtocolProtos$NamenodeProtocolService$Stub'.
2024-11-12 13:42:55,070 INFO  MethodCallReplacementClassAdapter - Adding mock interface to class org/apache/hadoop/hdfs/protocol/proto/NamenodeProtocolProtos$NamenodeProtocolService$Stub
2024-11-12 13:42:55,071 INFO  CreateClassResetClassAdapter - Creating brand-new static initializer in class org/apache/hadoop/hdfs/protocol/proto/NamenodeProtocolProtos$NamenodeProtocolService$Stub
2024-11-12 13:42:55,071 INFO  EvoClassLoader - Seeing class for first time: org.apache.hadoop.hdfs.protocol.proto.NamenodeProtocolProtos$NamenodeProtocolService$Interface
2024-11-12 13:42:55,071 INFO  EvoClassLoader - Instrumenting class 'org.apache.hadoop.hdfs.protocol.proto.NamenodeProtocolProtos$NamenodeProtocolService$Interface'.
2024-11-12 13:42:55,071 INFO  EvoClassLoader - Keeping class: org.apache.hadoop.hdfs.protocol.proto.NamenodeProtocolProtos$NamenodeProtocolService$Interface
2024-11-12 13:42:55,071 INFO  EvoClassLoader - Keeping class: org.apache.hadoop.hdfs.protocol.proto.NamenodeProtocolProtos$NamenodeProtocolService$Stub
2024-11-12 13:42:55,072 INFO  EvoClassLoader - Seeing class for first time: org.apache.hadoop.thirdparty.protobuf.DescriptorProtos$OneofOptions
2024-11-12 13:42:55,072 INFO  EvoClassLoader - Instrumenting class 'org.apache.hadoop.thirdparty.protobuf.DescriptorProtos$OneofOptions'.
2024-11-12 13:42:55,072 INFO  MethodCallReplacementClassAdapter - Adding mock interface to class org/apache/hadoop/thirdparty/protobuf/DescriptorProtos$OneofOptions
2024-11-12 13:42:55,072 INFO  CreateClassResetClassAdapter - Found static initializer in class org/apache/hadoop/thirdparty/protobuf/DescriptorProtos$OneofOptions
2024-11-12 13:42:55,073 INFO  EvoClassLoader - Keeping class: org.apache.hadoop.thirdparty.protobuf.DescriptorProtos$OneofOptions
2024-11-12 13:42:55,073 INFO  EvoClassLoader - Seeing class for first time: org.apache.hadoop.thirdparty.protobuf.DescriptorProtos$OneofOptions$1
2024-11-12 13:42:55,073 INFO  EvoClassLoader - Instrumenting class 'org.apache.hadoop.thirdparty.protobuf.DescriptorProtos$OneofOptions$1'.
2024-11-12 13:42:55,073 INFO  MethodCallReplacementClassAdapter - Adding mock interface to class org/apache/hadoop/thirdparty/protobuf/DescriptorProtos$OneofOptions$1
2024-11-12 13:42:55,074 INFO  EvoClassLoader - Keeping class: org.apache.hadoop.thirdparty.protobuf.DescriptorProtos$OneofOptions$1
2024-11-12 13:42:55,074 INFO  EvoClassLoader - Seeing class for first time: org.apache.hadoop.thirdparty.protobuf.GeneratedMessageV3$ExtensionDescriptorRetriever
2024-11-12 13:42:55,074 INFO  EvoClassLoader - Instrumenting class 'org.apache.hadoop.thirdparty.protobuf.GeneratedMessageV3$ExtensionDescriptorRetriever'.
2024-11-12 13:42:55,074 INFO  EvoClassLoader - Keeping class: org.apache.hadoop.thirdparty.protobuf.GeneratedMessageV3$ExtensionDescriptorRetriever
2024-11-12 13:42:55,074 INFO  EvoClassLoader - Seeing class for first time: org.apache.hadoop.hdfs.protocol.proto.NamenodeProtocolProtos$RegisterResponseProto
2024-11-12 13:42:55,074 INFO  EvoClassLoader - Instrumenting class 'org.apache.hadoop.hdfs.protocol.proto.NamenodeProtocolProtos$RegisterResponseProto'.
2024-11-12 13:42:55,074 INFO  MethodCallReplacementClassAdapter - Adding mock interface to class org/apache/hadoop/hdfs/protocol/proto/NamenodeProtocolProtos$RegisterResponseProto
2024-11-12 13:42:55,075 INFO  CreateClassResetClassAdapter - Found static initializer in class org/apache/hadoop/hdfs/protocol/proto/NamenodeProtocolProtos$RegisterResponseProto
2024-11-12 13:42:55,075 INFO  EvoClassLoader - Keeping class: org.apache.hadoop.hdfs.protocol.proto.NamenodeProtocolProtos$RegisterResponseProto
2024-11-12 13:42:55,075 INFO  EvoClassLoader - Seeing class for first time: org.apache.hadoop.thirdparty.protobuf.GeneratedMessageV3$FieldAccessorTable$SingularFieldAccessor$ReflectionInvoker
2024-11-12 13:42:55,075 INFO  EvoClassLoader - Instrumenting class 'org.apache.hadoop.thirdparty.protobuf.GeneratedMessageV3$FieldAccessorTable$SingularFieldAccessor$ReflectionInvoker'.
2024-11-12 13:42:55,076 INFO  MethodCallReplacementClassAdapter - Adding mock interface to class org/apache/hadoop/thirdparty/protobuf/GeneratedMessageV3$FieldAccessorTable$SingularFieldAccessor$ReflectionInvoker
2024-11-12 13:42:55,076 INFO  CreateClassResetClassAdapter - Creating brand-new static initializer in class org/apache/hadoop/thirdparty/protobuf/GeneratedMessageV3$FieldAccessorTable$SingularFieldAccessor$ReflectionInvoker
2024-11-12 13:42:55,076 INFO  EvoClassLoader - Keeping class: org.apache.hadoop.thirdparty.protobuf.GeneratedMessageV3$FieldAccessorTable$SingularFieldAccessor$ReflectionInvoker
2024-11-12 13:42:55,076 INFO  EvoClassLoader - Seeing class for first time: org.apache.hadoop.thirdparty.protobuf.TextFormatEscaper$1
2024-11-12 13:42:55,076 INFO  EvoClassLoader - Instrumenting class 'org.apache.hadoop.thirdparty.protobuf.TextFormatEscaper$1'.
2024-11-12 13:42:55,076 INFO  MethodCallReplacementClassAdapter - Adding mock interface to class org/apache/hadoop/thirdparty/protobuf/TextFormatEscaper$1
2024-11-12 13:42:55,076 INFO  EvoClassLoader - Keeping class: org.apache.hadoop.thirdparty.protobuf.TextFormatEscaper$1
2024-11-12 13:42:55,076 INFO  EvoClassLoader - Seeing class for first time: org.apache.hadoop.thirdparty.protobuf.Descriptors$FileDescriptor$Syntax
2024-11-12 13:42:55,076 INFO  EvoClassLoader - Instrumenting class 'org.apache.hadoop.thirdparty.protobuf.Descriptors$FileDescriptor$Syntax'.
2024-11-12 13:42:55,077 INFO  MethodCallReplacementClassAdapter - Adding mock interface to class org/apache/hadoop/thirdparty/protobuf/Descriptors$FileDescriptor$Syntax
2024-11-12 13:42:55,077 INFO  CreateClassResetClassAdapter - Found static initializer in class org/apache/hadoop/thirdparty/protobuf/Descriptors$FileDescriptor$Syntax
2024-11-12 13:42:55,077 INFO  EvoClassLoader - Keeping class: org.apache.hadoop.thirdparty.protobuf.Descriptors$FileDescriptor$Syntax
2024-11-12 13:42:55,077 INFO  EvoClassLoader - Seeing class for first time: org.apache.hadoop.hdfs.protocol.proto.NamenodeProtocolProtos$GetBlockKeysRequestProto$1
2024-11-12 13:42:55,077 INFO  EvoClassLoader - Instrumenting class 'org.apache.hadoop.hdfs.protocol.proto.NamenodeProtocolProtos$GetBlockKeysRequestProto$1'.
2024-11-12 13:42:55,077 INFO  MethodCallReplacementClassAdapter - Adding mock interface to class org/apache/hadoop/hdfs/protocol/proto/NamenodeProtocolProtos$GetBlockKeysRequestProto$1
2024-11-12 13:42:55,077 INFO  EvoClassLoader - Keeping class: org.apache.hadoop.hdfs.protocol.proto.NamenodeProtocolProtos$GetBlockKeysRequestProto$1
2024-11-12 13:42:55,078 INFO  EvoClassLoader - Seeing class for first time: org.apache.hadoop.thirdparty.protobuf.RpcChannel
2024-11-12 13:42:55,078 INFO  EvoClassLoader - Instrumenting class 'org.apache.hadoop.thirdparty.protobuf.RpcChannel'.
2024-11-12 13:42:55,078 INFO  EvoClassLoader - Keeping class: org.apache.hadoop.thirdparty.protobuf.RpcChannel
2024-11-12 13:42:55,078 INFO  EvoClassLoader - Seeing class for first time: org.apache.hadoop.thirdparty.protobuf.TextFormat$Printer
2024-11-12 13:42:55,078 INFO  EvoClassLoader - Instrumenting class 'org.apache.hadoop.thirdparty.protobuf.TextFormat$Printer'.
2024-11-12 13:42:55,078 INFO  MethodCallReplacementClassAdapter - Adding mock interface to class org/apache/hadoop/thirdparty/protobuf/TextFormat$Printer
2024-11-12 13:42:55,079 INFO  CreateClassResetClassAdapter - Found static initializer in class org/apache/hadoop/thirdparty/protobuf/TextFormat$Printer
2024-11-12 13:42:55,080 INFO  EvoClassLoader - Keeping class: org.apache.hadoop.thirdparty.protobuf.TextFormat$Printer
2024-11-12 13:42:55,081 INFO  EvoClassLoader - Seeing class for first time: org.apache.hadoop.thirdparty.protobuf.MessageReflection
2024-11-12 13:42:55,081 INFO  EvoClassLoader - Instrumenting class 'org.apache.hadoop.thirdparty.protobuf.MessageReflection'.
2024-11-12 13:42:55,082 INFO  MethodCallReplacementClassAdapter - Adding mock interface to class org/apache/hadoop/thirdparty/protobuf/MessageReflection
2024-11-12 13:42:55,084 INFO  CreateClassResetClassAdapter - Creating brand-new static initializer in class org/apache/hadoop/thirdparty/protobuf/MessageReflection
2024-11-12 13:42:55,084 INFO  EvoClassLoader - Keeping class: org.apache.hadoop.thirdparty.protobuf.MessageReflection
2024-11-12 13:42:55,085 INFO  EvoClassLoader - Seeing class for first time: org.eclipse.jetty.io.ByteBufferPool$Bucket
2024-11-12 13:42:55,085 INFO  EvoClassLoader - Instrumenting class 'org.eclipse.jetty.io.ByteBufferPool$Bucket'.
2024-11-12 13:42:55,085 INFO  MethodCallReplacementClassAdapter - Adding mock interface to class org/eclipse/jetty/io/ByteBufferPool$Bucket
2024-11-12 13:42:55,085 INFO  CreateClassResetClassAdapter - Creating brand-new static initializer in class org/eclipse/jetty/io/ByteBufferPool$Bucket
2024-11-12 13:42:55,086 INFO  EvoClassLoader - Keeping class: org.eclipse.jetty.io.ByteBufferPool$Bucket
2024-11-12 13:42:55,086 INFO  EvoClassLoader - Seeing class for first time: org.apache.hadoop.hdfs.protocol.proto.NamenodeProtocolProtos$GetEditLogManifestResponseProto
2024-11-12 13:42:55,086 INFO  EvoClassLoader - Instrumenting class 'org.apache.hadoop.hdfs.protocol.proto.NamenodeProtocolProtos$GetEditLogManifestResponseProto'.
2024-11-12 13:42:55,086 INFO  MethodCallReplacementClassAdapter - Adding mock interface to class org/apache/hadoop/hdfs/protocol/proto/NamenodeProtocolProtos$GetEditLogManifestResponseProto
2024-11-12 13:42:55,086 INFO  CreateClassResetClassAdapter - Found static initializer in class org/apache/hadoop/hdfs/protocol/proto/NamenodeProtocolProtos$GetEditLogManifestResponseProto
2024-11-12 13:42:55,087 INFO  EvoClassLoader - Keeping class: org.apache.hadoop.hdfs.protocol.proto.NamenodeProtocolProtos$GetEditLogManifestResponseProto
2024-11-12 13:42:55,087 INFO  EvoClassLoader - Seeing class for first time: org.apache.hadoop.hdfs.protocol.proto.NamenodeProtocolProtos$GetEditLogManifestResponseProto$1
2024-11-12 13:42:55,087 INFO  EvoClassLoader - Instrumenting class 'org.apache.hadoop.hdfs.protocol.proto.NamenodeProtocolProtos$GetEditLogManifestResponseProto$1'.
2024-11-12 13:42:55,088 INFO  MethodCallReplacementClassAdapter - Adding mock interface to class org/apache/hadoop/hdfs/protocol/proto/NamenodeProtocolProtos$GetEditLogManifestResponseProto$1
2024-11-12 13:42:55,088 INFO  EvoClassLoader - Keeping class: org.apache.hadoop.hdfs.protocol.proto.NamenodeProtocolProtos$GetEditLogManifestResponseProto$1
2024-11-12 13:42:55,088 INFO  EvoClassLoader - Seeing class for first time: org.apache.hadoop.thirdparty.protobuf.UnknownFieldSet$Builder
2024-11-12 13:42:55,088 INFO  EvoClassLoader - Instrumenting class 'org.apache.hadoop.thirdparty.protobuf.UnknownFieldSet$Builder'.
2024-11-12 13:42:55,089 INFO  MethodCallReplacementClassAdapter - Adding mock interface to class org/apache/hadoop/thirdparty/protobuf/UnknownFieldSet$Builder
2024-11-12 13:42:55,092 INFO  CreateClassResetClassAdapter - Creating brand-new static initializer in class org/apache/hadoop/thirdparty/protobuf/UnknownFieldSet$Builder
2024-11-12 13:42:55,092 INFO  EvoClassLoader - Keeping class: org.apache.hadoop.thirdparty.protobuf.UnknownFieldSet$Builder
2024-11-12 13:42:55,092 INFO  EvoClassLoader - Seeing class for first time: org.apache.hadoop.thirdparty.protobuf.GeneratedMessageV3$FieldAccessorTable$SingularEnumFieldAccessor
2024-11-12 13:42:55,092 INFO  EvoClassLoader - Instrumenting class 'org.apache.hadoop.thirdparty.protobuf.GeneratedMessageV3$FieldAccessorTable$SingularEnumFieldAccessor'.
2024-11-12 13:42:55,093 INFO  MethodCallReplacementClassAdapter - Adding mock interface to class org/apache/hadoop/thirdparty/protobuf/GeneratedMessageV3$FieldAccessorTable$SingularEnumFieldAccessor
2024-11-12 13:42:55,093 INFO  CreateClassResetClassAdapter - Creating brand-new static initializer in class org/apache/hadoop/thirdparty/protobuf/GeneratedMessageV3$FieldAccessorTable$SingularEnumFieldAccessor
2024-11-12 13:42:55,093 INFO  EvoClassLoader - Keeping class: org.apache.hadoop.thirdparty.protobuf.GeneratedMessageV3$FieldAccessorTable$SingularEnumFieldAccessor
2024-11-12 13:42:55,093 INFO  EvoClassLoader - Seeing class for first time: org.apache.hadoop.thirdparty.protobuf.GeneratedMessageV3$FieldAccessorTable$RepeatedMessageFieldAccessor
2024-11-12 13:42:55,093 INFO  EvoClassLoader - Instrumenting class 'org.apache.hadoop.thirdparty.protobuf.GeneratedMessageV3$FieldAccessorTable$RepeatedMessageFieldAccessor'.
2024-11-12 13:42:55,093 INFO  MethodCallReplacementClassAdapter - Adding mock interface to class org/apache/hadoop/thirdparty/protobuf/GeneratedMessageV3$FieldAccessorTable$RepeatedMessageFieldAccessor
2024-11-12 13:42:55,094 INFO  CreateClassResetClassAdapter - Creating brand-new static initializer in class org/apache/hadoop/thirdparty/protobuf/GeneratedMessageV3$FieldAccessorTable$RepeatedMessageFieldAccessor
2024-11-12 13:42:55,094 INFO  EvoClassLoader - Seeing class for first time: org.apache.hadoop.thirdparty.protobuf.GeneratedMessageV3$FieldAccessorTable$RepeatedFieldAccessor
2024-11-12 13:42:55,094 INFO  EvoClassLoader - Instrumenting class 'org.apache.hadoop.thirdparty.protobuf.GeneratedMessageV3$FieldAccessorTable$RepeatedFieldAccessor'.
2024-11-12 13:42:55,094 INFO  MethodCallReplacementClassAdapter - Adding mock interface to class org/apache/hadoop/thirdparty/protobuf/GeneratedMessageV3$FieldAccessorTable$RepeatedFieldAccessor
2024-11-12 13:42:55,094 INFO  CreateClassResetClassAdapter - Creating brand-new static initializer in class org/apache/hadoop/thirdparty/protobuf/GeneratedMessageV3$FieldAccessorTable$RepeatedFieldAccessor
2024-11-12 13:42:55,094 INFO  EvoClassLoader - Keeping class: org.apache.hadoop.thirdparty.protobuf.GeneratedMessageV3$FieldAccessorTable$RepeatedFieldAccessor
2024-11-12 13:42:55,094 INFO  EvoClassLoader - Keeping class: org.apache.hadoop.thirdparty.protobuf.GeneratedMessageV3$FieldAccessorTable$RepeatedMessageFieldAccessor
2024-11-12 13:42:55,094 INFO  EvoClassLoader - Seeing class for first time: org.apache.hadoop.hdfs.protocol.proto.NamenodeProtocolProtos$GetBlockKeysResponseProto$1
2024-11-12 13:42:55,094 INFO  EvoClassLoader - Instrumenting class 'org.apache.hadoop.hdfs.protocol.proto.NamenodeProtocolProtos$GetBlockKeysResponseProto$1'.
2024-11-12 13:42:55,095 INFO  MethodCallReplacementClassAdapter - Adding mock interface to class org/apache/hadoop/hdfs/protocol/proto/NamenodeProtocolProtos$GetBlockKeysResponseProto$1
2024-11-12 13:42:55,095 INFO  EvoClassLoader - Keeping class: org.apache.hadoop.hdfs.protocol.proto.NamenodeProtocolProtos$GetBlockKeysResponseProto$1
2024-11-12 13:42:55,095 INFO  EvoClassLoader - Seeing class for first time: org.apache.hadoop.hdfs.protocol.proto.HdfsServerProtos$RemoteEditLogProto$1
2024-11-12 13:42:55,095 INFO  EvoClassLoader - Instrumenting class 'org.apache.hadoop.hdfs.protocol.proto.HdfsServerProtos$RemoteEditLogProto$1'.
2024-11-12 13:42:55,095 INFO  MethodCallReplacementClassAdapter - Adding mock interface to class org/apache/hadoop/hdfs/protocol/proto/HdfsServerProtos$RemoteEditLogProto$1
2024-11-12 13:42:55,096 INFO  EvoClassLoader - Keeping class: org.apache.hadoop.hdfs.protocol.proto.HdfsServerProtos$RemoteEditLogProto$1
2024-11-12 13:42:55,096 INFO  EvoClassLoader - Seeing class for first time: org.apache.hadoop.hdfs.protocol.proto.HdfsServerProtos$RemoteEditLogManifestProto
2024-11-12 13:42:55,096 INFO  EvoClassLoader - Instrumenting class 'org.apache.hadoop.hdfs.protocol.proto.HdfsServerProtos$RemoteEditLogManifestProto'.
2024-11-12 13:42:55,096 INFO  MethodCallReplacementClassAdapter - Adding mock interface to class org/apache/hadoop/hdfs/protocol/proto/HdfsServerProtos$RemoteEditLogManifestProto
2024-11-12 13:42:55,096 INFO  CreateClassResetClassAdapter - Found static initializer in class org/apache/hadoop/hdfs/protocol/proto/HdfsServerProtos$RemoteEditLogManifestProto
2024-11-12 13:42:55,097 INFO  EvoClassLoader - Keeping class: org.apache.hadoop.hdfs.protocol.proto.HdfsServerProtos$RemoteEditLogManifestProto
2024-11-12 13:42:55,097 INFO  EvoClassLoader - Seeing class for first time: org.apache.hadoop.thirdparty.protobuf.TextFormat$TextGenerator
2024-11-12 13:42:55,097 INFO  EvoClassLoader - Instrumenting class 'org.apache.hadoop.thirdparty.protobuf.TextFormat$TextGenerator'.
2024-11-12 13:42:55,097 INFO  MethodCallReplacementClassAdapter - Adding mock interface to class org/apache/hadoop/thirdparty/protobuf/TextFormat$TextGenerator
2024-11-12 13:42:55,098 INFO  CreateClassResetClassAdapter - Creating brand-new static initializer in class org/apache/hadoop/thirdparty/protobuf/TextFormat$TextGenerator
2024-11-12 13:42:55,098 INFO  EvoClassLoader - Keeping class: org.apache.hadoop.thirdparty.protobuf.TextFormat$TextGenerator
2024-11-12 13:42:55,098 INFO  EvoClassLoader - Seeing class for first time: org.apache.hadoop.hdfs.protocol.proto.NamenodeProtocolProtos$GetTransactionIdResponseProto$Builder
2024-11-12 13:42:55,098 INFO  EvoClassLoader - Instrumenting class 'org.apache.hadoop.hdfs.protocol.proto.NamenodeProtocolProtos$GetTransactionIdResponseProto$Builder'.
2024-11-12 13:42:55,098 INFO  MethodCallReplacementClassAdapter - Adding mock interface to class org/apache/hadoop/hdfs/protocol/proto/NamenodeProtocolProtos$GetTransactionIdResponseProto$Builder
2024-11-12 13:42:55,099 INFO  CreateClassResetClassAdapter - Creating brand-new static initializer in class org/apache/hadoop/hdfs/protocol/proto/NamenodeProtocolProtos$GetTransactionIdResponseProto$Builder
2024-11-12 13:42:55,099 INFO  EvoClassLoader - Keeping class: org.apache.hadoop.hdfs.protocol.proto.NamenodeProtocolProtos$GetTransactionIdResponseProto$Builder
2024-11-12 13:42:55,100 INFO  EvoClassLoader - Seeing class for first time: org.apache.hadoop.thirdparty.protobuf.GeneratedMessageV3$UnusedPrivateParameter
2024-11-12 13:42:55,100 INFO  EvoClassLoader - Instrumenting class 'org.apache.hadoop.thirdparty.protobuf.GeneratedMessageV3$UnusedPrivateParameter'.
2024-11-12 13:42:55,100 INFO  MethodCallReplacementClassAdapter - Adding mock interface to class org/apache/hadoop/thirdparty/protobuf/GeneratedMessageV3$UnusedPrivateParameter
2024-11-12 13:42:55,100 INFO  CreateClassResetClassAdapter - Found static initializer in class org/apache/hadoop/thirdparty/protobuf/GeneratedMessageV3$UnusedPrivateParameter
2024-11-12 13:42:55,100 INFO  EvoClassLoader - Keeping class: org.apache.hadoop.thirdparty.protobuf.GeneratedMessageV3$UnusedPrivateParameter
2024-11-12 13:42:55,101 INFO  EvoClassLoader - Seeing class for first time: org.apache.hadoop.hdfs.protocol.proto.NamenodeProtocolProtos$GetBlockKeysRequestProto
2024-11-12 13:42:55,101 INFO  EvoClassLoader - Instrumenting class 'org.apache.hadoop.hdfs.protocol.proto.NamenodeProtocolProtos$GetBlockKeysRequestProto'.
2024-11-12 13:42:55,101 INFO  MethodCallReplacementClassAdapter - Adding mock interface to class org/apache/hadoop/hdfs/protocol/proto/NamenodeProtocolProtos$GetBlockKeysRequestProto
2024-11-12 13:42:55,101 INFO  CreateClassResetClassAdapter - Found static initializer in class org/apache/hadoop/hdfs/protocol/proto/NamenodeProtocolProtos$GetBlockKeysRequestProto
2024-11-12 13:42:55,102 INFO  EvoClassLoader - Keeping class: org.apache.hadoop.hdfs.protocol.proto.NamenodeProtocolProtos$GetBlockKeysRequestProto
2024-11-12 13:42:55,102 INFO  EvoClassLoader - Seeing class for first time: org.apache.hadoop.hdfs.protocol.proto.NamenodeProtocolProtos$RollEditLogResponseProto
2024-11-12 13:42:55,102 INFO  EvoClassLoader - Instrumenting class 'org.apache.hadoop.hdfs.protocol.proto.NamenodeProtocolProtos$RollEditLogResponseProto'.
2024-11-12 13:42:55,102 INFO  MethodCallReplacementClassAdapter - Adding mock interface to class org/apache/hadoop/hdfs/protocol/proto/NamenodeProtocolProtos$RollEditLogResponseProto
2024-11-12 13:42:55,103 INFO  CreateClassResetClassAdapter - Found static initializer in class org/apache/hadoop/hdfs/protocol/proto/NamenodeProtocolProtos$RollEditLogResponseProto
2024-11-12 13:42:55,103 INFO  EvoClassLoader - Keeping class: org.apache.hadoop.hdfs.protocol.proto.NamenodeProtocolProtos$RollEditLogResponseProto
2024-11-12 13:42:55,103 INFO  EvoClassLoader - Seeing class for first time: org.apache.hadoop.hdfs.protocol.proto.NamenodeProtocolProtos$RollEditLogResponseProto$1
2024-11-12 13:42:55,103 INFO  EvoClassLoader - Instrumenting class 'org.apache.hadoop.hdfs.protocol.proto.NamenodeProtocolProtos$RollEditLogResponseProto$1'.
2024-11-12 13:42:55,104 INFO  MethodCallReplacementClassAdapter - Adding mock interface to class org/apache/hadoop/hdfs/protocol/proto/NamenodeProtocolProtos$RollEditLogResponseProto$1
2024-11-12 13:42:55,104 INFO  EvoClassLoader - Keeping class: org.apache.hadoop.hdfs.protocol.proto.NamenodeProtocolProtos$RollEditLogResponseProto$1
2024-11-12 13:42:55,104 INFO  EvoClassLoader - Seeing class for first time: org.apache.hadoop.thirdparty.protobuf.Field$Cardinality
2024-11-12 13:42:55,104 INFO  EvoClassLoader - Instrumenting class 'org.apache.hadoop.thirdparty.protobuf.Field$Cardinality'.
2024-11-12 13:42:55,104 INFO  MethodCallReplacementClassAdapter - Adding mock interface to class org/apache/hadoop/thirdparty/protobuf/Field$Cardinality
2024-11-12 13:42:55,105 INFO  CreateClassResetClassAdapter - Found static initializer in class org/apache/hadoop/thirdparty/protobuf/Field$Cardinality
2024-11-12 13:42:55,105 INFO  EvoClassLoader - Keeping class: org.apache.hadoop.thirdparty.protobuf.Field$Cardinality
2024-11-12 13:42:55,105 INFO  EvoClassLoader - Seeing class for first time: org.apache.hadoop.hdfs.protocol.proto.NamenodeProtocolProtos$GetTransactionIdRequestProto$Builder
2024-11-12 13:42:55,105 INFO  EvoClassLoader - Instrumenting class 'org.apache.hadoop.hdfs.protocol.proto.NamenodeProtocolProtos$GetTransactionIdRequestProto$Builder'.
2024-11-12 13:42:55,106 INFO  MethodCallReplacementClassAdapter - Adding mock interface to class org/apache/hadoop/hdfs/protocol/proto/NamenodeProtocolProtos$GetTransactionIdRequestProto$Builder
2024-11-12 13:42:55,106 INFO  CreateClassResetClassAdapter - Creating brand-new static initializer in class org/apache/hadoop/hdfs/protocol/proto/NamenodeProtocolProtos$GetTransactionIdRequestProto$Builder
2024-11-12 13:42:55,107 INFO  EvoClassLoader - Keeping class: org.apache.hadoop.hdfs.protocol.proto.NamenodeProtocolProtos$GetTransactionIdRequestProto$Builder
2024-11-12 13:42:55,107 INFO  EvoClassLoader - Seeing class for first time: org.apache.hadoop.hdfs.protocol.proto.HdfsServerProtos$NamenodeRegistrationProto$Builder
2024-11-12 13:42:55,107 INFO  EvoClassLoader - Instrumenting class 'org.apache.hadoop.hdfs.protocol.proto.HdfsServerProtos$NamenodeRegistrationProto$Builder'.
2024-11-12 13:42:55,108 INFO  MethodCallReplacementClassAdapter - Adding mock interface to class org/apache/hadoop/hdfs/protocol/proto/HdfsServerProtos$NamenodeRegistrationProto$Builder
2024-11-12 13:42:55,109 INFO  CreateClassResetClassAdapter - Creating brand-new static initializer in class org/apache/hadoop/hdfs/protocol/proto/HdfsServerProtos$NamenodeRegistrationProto$Builder
2024-11-12 13:42:55,110 INFO  EvoClassLoader - Keeping class: org.apache.hadoop.hdfs.protocol.proto.HdfsServerProtos$NamenodeRegistrationProto$Builder
2024-11-12 13:42:55,111 INFO  EvoClassLoader - Seeing class for first time: org.apache.hadoop.hdfs.protocol.proto.HdfsServerProtos$NamenodeCommandProto$Builder
2024-11-12 13:42:55,111 INFO  EvoClassLoader - Instrumenting class 'org.apache.hadoop.hdfs.protocol.proto.HdfsServerProtos$NamenodeCommandProto$Builder'.
2024-11-12 13:42:55,112 INFO  MethodCallReplacementClassAdapter - Adding mock interface to class org/apache/hadoop/hdfs/protocol/proto/HdfsServerProtos$NamenodeCommandProto$Builder
2024-11-12 13:42:55,113 INFO  CreateClassResetClassAdapter - Creating brand-new static initializer in class org/apache/hadoop/hdfs/protocol/proto/HdfsServerProtos$NamenodeCommandProto$Builder
2024-11-12 13:42:55,113 INFO  EvoClassLoader - Keeping class: org.apache.hadoop.hdfs.protocol.proto.HdfsServerProtos$NamenodeCommandProto$Builder
2024-11-12 13:42:55,114 INFO  EvoClassLoader - Seeing class for first time: org.apache.hadoop.hdfs.protocol.proto.NamenodeProtocolProtos$GetNextSPSPathResponseProto$Builder
2024-11-12 13:42:55,114 INFO  EvoClassLoader - Instrumenting class 'org.apache.hadoop.hdfs.protocol.proto.NamenodeProtocolProtos$GetNextSPSPathResponseProto$Builder'.
2024-11-12 13:42:55,114 INFO  MethodCallReplacementClassAdapter - Adding mock interface to class org/apache/hadoop/hdfs/protocol/proto/NamenodeProtocolProtos$GetNextSPSPathResponseProto$Builder
2024-11-12 13:42:55,117 INFO  CreateClassResetClassAdapter - Creating brand-new static initializer in class org/apache/hadoop/hdfs/protocol/proto/NamenodeProtocolProtos$GetNextSPSPathResponseProto$Builder
2024-11-12 13:42:55,118 INFO  EvoClassLoader - Keeping class: org.apache.hadoop.hdfs.protocol.proto.NamenodeProtocolProtos$GetNextSPSPathResponseProto$Builder
2024-11-12 13:42:55,119 INFO  EvoClassLoader - Seeing class for first time: org.apache.hadoop.fs.ReadOption
2024-11-12 13:42:55,119 INFO  EvoClassLoader - Instrumenting class 'org.apache.hadoop.fs.ReadOption'.
2024-11-12 13:42:55,119 INFO  MethodCallReplacementClassAdapter - Adding mock interface to class org/apache/hadoop/fs/ReadOption
2024-11-12 13:42:55,119 INFO  CreateClassResetClassAdapter - Found static initializer in class org/apache/hadoop/fs/ReadOption
2024-11-12 13:42:55,120 INFO  EvoClassLoader - Keeping class: org.apache.hadoop.fs.ReadOption
2024-11-12 13:42:55,120 INFO  EvoClassLoader - Seeing class for first time: org.apache.hadoop.thirdparty.protobuf.Schema
2024-11-12 13:42:55,120 INFO  EvoClassLoader - Instrumenting class 'org.apache.hadoop.thirdparty.protobuf.Schema'.
2024-11-12 13:42:55,121 INFO  EvoClassLoader - Keeping class: org.apache.hadoop.thirdparty.protobuf.Schema
2024-11-12 13:42:55,121 INFO  EvoClassLoader - Seeing class for first time: org.apache.hadoop.hdfs.protocol.proto.NamenodeProtocolProtos$GetTransactionIdResponseProto$1
2024-11-12 13:42:55,121 INFO  EvoClassLoader - Instrumenting class 'org.apache.hadoop.hdfs.protocol.proto.NamenodeProtocolProtos$GetTransactionIdResponseProto$1'.
2024-11-12 13:42:55,121 INFO  MethodCallReplacementClassAdapter - Adding mock interface to class org/apache/hadoop/hdfs/protocol/proto/NamenodeProtocolProtos$GetTransactionIdResponseProto$1
2024-11-12 13:42:55,121 INFO  EvoClassLoader - Keeping class: org.apache.hadoop.hdfs.protocol.proto.NamenodeProtocolProtos$GetTransactionIdResponseProto$1
2024-11-12 13:42:55,121 INFO  EvoClassLoader - Seeing class for first time: org.apache.hadoop.hdfs.protocol.proto.NamenodeProtocolProtos$GetBlocksRequestProto
2024-11-12 13:42:55,121 INFO  EvoClassLoader - Instrumenting class 'org.apache.hadoop.hdfs.protocol.proto.NamenodeProtocolProtos$GetBlocksRequestProto'.
2024-11-12 13:42:55,121 INFO  MethodCallReplacementClassAdapter - Adding mock interface to class org/apache/hadoop/hdfs/protocol/proto/NamenodeProtocolProtos$GetBlocksRequestProto
2024-11-12 13:42:55,122 INFO  CreateClassResetClassAdapter - Found static initializer in class org/apache/hadoop/hdfs/protocol/proto/NamenodeProtocolProtos$GetBlocksRequestProto
2024-11-12 13:42:55,122 INFO  EvoClassLoader - Keeping class: org.apache.hadoop.hdfs.protocol.proto.NamenodeProtocolProtos$GetBlocksRequestProto
2024-11-12 13:42:55,123 INFO  EvoClassLoader - Seeing class for first time: org.apache.hadoop.hdfs.protocol.proto.NamenodeProtocolProtos$GetBlocksRequestProto$1
2024-11-12 13:42:55,123 INFO  EvoClassLoader - Instrumenting class 'org.apache.hadoop.hdfs.protocol.proto.NamenodeProtocolProtos$GetBlocksRequestProto$1'.
2024-11-12 13:42:55,123 INFO  MethodCallReplacementClassAdapter - Adding mock interface to class org/apache/hadoop/hdfs/protocol/proto/NamenodeProtocolProtos$GetBlocksRequestProto$1
2024-11-12 13:42:55,123 INFO  EvoClassLoader - Keeping class: org.apache.hadoop.hdfs.protocol.proto.NamenodeProtocolProtos$GetBlocksRequestProto$1
2024-11-12 13:42:55,123 INFO  EvoClassLoader - Seeing class for first time: org.apache.hadoop.hdfs.protocol.proto.NamenodeProtocolProtos$EndCheckpointRequestProto$Builder
2024-11-12 13:42:55,123 INFO  EvoClassLoader - Instrumenting class 'org.apache.hadoop.hdfs.protocol.proto.NamenodeProtocolProtos$EndCheckpointRequestProto$Builder'.
2024-11-12 13:42:55,124 INFO  MethodCallReplacementClassAdapter - Adding mock interface to class org/apache/hadoop/hdfs/protocol/proto/NamenodeProtocolProtos$EndCheckpointRequestProto$Builder
2024-11-12 13:42:55,125 INFO  CreateClassResetClassAdapter - Creating brand-new static initializer in class org/apache/hadoop/hdfs/protocol/proto/NamenodeProtocolProtos$EndCheckpointRequestProto$Builder
2024-11-12 13:42:55,125 INFO  EvoClassLoader - Keeping class: org.apache.hadoop.hdfs.protocol.proto.NamenodeProtocolProtos$EndCheckpointRequestProto$Builder
2024-11-12 13:42:55,126 INFO  EvoClassLoader - Seeing class for first time: org.apache.hadoop.hdfs.protocol.proto.NamenodeProtocolProtos$StartCheckpointRequestProtoOrBuilder
2024-11-12 13:42:55,126 INFO  EvoClassLoader - Instrumenting class 'org.apache.hadoop.hdfs.protocol.proto.NamenodeProtocolProtos$StartCheckpointRequestProtoOrBuilder'.
2024-11-12 13:42:55,126 INFO  EvoClassLoader - Keeping class: org.apache.hadoop.hdfs.protocol.proto.NamenodeProtocolProtos$StartCheckpointRequestProtoOrBuilder
2024-11-12 13:42:55,126 INFO  EvoClassLoader - Seeing class for first time: org.apache.hadoop.hdfs.protocol.proto.NamenodeProtocolProtos$IsRollingUpgradeRequestProto
2024-11-12 13:42:55,126 INFO  EvoClassLoader - Instrumenting class 'org.apache.hadoop.hdfs.protocol.proto.NamenodeProtocolProtos$IsRollingUpgradeRequestProto'.
2024-11-12 13:42:55,126 INFO  MethodCallReplacementClassAdapter - Adding mock interface to class org/apache/hadoop/hdfs/protocol/proto/NamenodeProtocolProtos$IsRollingUpgradeRequestProto
2024-11-12 13:42:55,126 INFO  CreateClassResetClassAdapter - Found static initializer in class org/apache/hadoop/hdfs/protocol/proto/NamenodeProtocolProtos$IsRollingUpgradeRequestProto
2024-11-12 13:42:55,126 INFO  EvoClassLoader - Keeping class: org.apache.hadoop.hdfs.protocol.proto.NamenodeProtocolProtos$IsRollingUpgradeRequestProto
2024-11-12 13:42:55,127 INFO  EvoClassLoader - Seeing class for first time: org.apache.hadoop.hdfs.protocol.proto.NamenodeProtocolProtos$IsRollingUpgradeRequestProto$1
2024-11-12 13:42:55,127 INFO  EvoClassLoader - Instrumenting class 'org.apache.hadoop.hdfs.protocol.proto.NamenodeProtocolProtos$IsRollingUpgradeRequestProto$1'.
2024-11-12 13:42:55,127 INFO  MethodCallReplacementClassAdapter - Adding mock interface to class org/apache/hadoop/hdfs/protocol/proto/NamenodeProtocolProtos$IsRollingUpgradeRequestProto$1
2024-11-12 13:42:55,127 INFO  EvoClassLoader - Keeping class: org.apache.hadoop.hdfs.protocol.proto.NamenodeProtocolProtos$IsRollingUpgradeRequestProto$1
2024-11-12 13:42:55,127 INFO  EvoClassLoader - Seeing class for first time: org.apache.hadoop.hdfs.protocol.proto.NamenodeProtocolProtos$EndCheckpointRequestProto
2024-11-12 13:42:55,127 INFO  EvoClassLoader - Instrumenting class 'org.apache.hadoop.hdfs.protocol.proto.NamenodeProtocolProtos$EndCheckpointRequestProto'.
2024-11-12 13:42:55,127 INFO  MethodCallReplacementClassAdapter - Adding mock interface to class org/apache/hadoop/hdfs/protocol/proto/NamenodeProtocolProtos$EndCheckpointRequestProto
2024-11-12 13:42:55,128 INFO  CreateClassResetClassAdapter - Found static initializer in class org/apache/hadoop/hdfs/protocol/proto/NamenodeProtocolProtos$EndCheckpointRequestProto
2024-11-12 13:42:55,128 INFO  EvoClassLoader - Keeping class: org.apache.hadoop.hdfs.protocol.proto.NamenodeProtocolProtos$EndCheckpointRequestProto
2024-11-12 13:42:55,129 INFO  EvoClassLoader - Seeing class for first time: org.apache.hadoop.thirdparty.protobuf.DescriptorProtos$EnumOptions$1
2024-11-12 13:42:55,129 INFO  EvoClassLoader - Instrumenting class 'org.apache.hadoop.thirdparty.protobuf.DescriptorProtos$EnumOptions$1'.
2024-11-12 13:42:55,129 INFO  MethodCallReplacementClassAdapter - Adding mock interface to class org/apache/hadoop/thirdparty/protobuf/DescriptorProtos$EnumOptions$1
2024-11-12 13:42:55,130 INFO  EvoClassLoader - Keeping class: org.apache.hadoop.thirdparty.protobuf.DescriptorProtos$EnumOptions$1
2024-11-12 13:42:55,130 INFO  EvoClassLoader - Seeing class for first time: org.eclipse.jetty.util.BufferUtil
2024-11-12 13:42:55,130 INFO  EvoClassLoader - Instrumenting class 'org.eclipse.jetty.util.BufferUtil'.
2024-11-12 13:42:55,130 INFO  MethodCallReplacementClassAdapter - Adding mock interface to class org/eclipse/jetty/util/BufferUtil
2024-11-12 13:42:55,132 INFO  CreateClassResetClassAdapter - Found static initializer in class org/eclipse/jetty/util/BufferUtil
2024-11-12 13:42:55,133 INFO  EvoClassLoader - Keeping class: org.eclipse.jetty.util.BufferUtil
2024-11-12 13:42:55,134 INFO  EvoClassLoader - Seeing class for first time: org.apache.hadoop.hdfs.protocol.proto.NamenodeProtocolProtos$GetFilePathRequestProto$Builder
2024-11-12 13:42:55,134 INFO  EvoClassLoader - Instrumenting class 'org.apache.hadoop.hdfs.protocol.proto.NamenodeProtocolProtos$GetFilePathRequestProto$Builder'.
2024-11-12 13:42:55,134 INFO  MethodCallReplacementClassAdapter - Adding mock interface to class org/apache/hadoop/hdfs/protocol/proto/NamenodeProtocolProtos$GetFilePathRequestProto$Builder
2024-11-12 13:42:55,135 INFO  CreateClassResetClassAdapter - Creating brand-new static initializer in class org/apache/hadoop/hdfs/protocol/proto/NamenodeProtocolProtos$GetFilePathRequestProto$Builder
2024-11-12 13:42:55,135 INFO  EvoClassLoader - Keeping class: org.apache.hadoop.hdfs.protocol.proto.NamenodeProtocolProtos$GetFilePathRequestProto$Builder
2024-11-12 13:42:55,136 INFO  EvoClassLoader - Seeing class for first time: org.apache.hadoop.hdfs.protocol.proto.HdfsServerProtos$ExportedBlockKeysProto$Builder
2024-11-12 13:42:55,136 INFO  EvoClassLoader - Instrumenting class 'org.apache.hadoop.hdfs.protocol.proto.HdfsServerProtos$ExportedBlockKeysProto$Builder'.
2024-11-12 13:42:55,136 INFO  MethodCallReplacementClassAdapter - Adding mock interface to class org/apache/hadoop/hdfs/protocol/proto/HdfsServerProtos$ExportedBlockKeysProto$Builder
2024-11-12 13:42:55,138 INFO  CreateClassResetClassAdapter - Creating brand-new static initializer in class org/apache/hadoop/hdfs/protocol/proto/HdfsServerProtos$ExportedBlockKeysProto$Builder
2024-11-12 13:42:55,138 INFO  EvoClassLoader - Keeping class: org.apache.hadoop.hdfs.protocol.proto.HdfsServerProtos$ExportedBlockKeysProto$Builder
2024-11-12 13:42:55,139 INFO  EvoClassLoader - Seeing class for first time: org.apache.hadoop.thirdparty.protobuf.MutabilityOracle$1
2024-11-12 13:42:55,139 INFO  EvoClassLoader - Instrumenting class 'org.apache.hadoop.thirdparty.protobuf.MutabilityOracle$1'.
2024-11-12 13:42:55,140 INFO  MethodCallReplacementClassAdapter - Adding mock interface to class org/apache/hadoop/thirdparty/protobuf/MutabilityOracle$1
2024-11-12 13:42:55,140 INFO  EvoClassLoader - Keeping class: org.apache.hadoop.thirdparty.protobuf.MutabilityOracle$1
2024-11-12 13:42:55,140 INFO  EvoClassLoader - Seeing class for first time: org.apache.hadoop.thirdparty.protobuf.DescriptorProtos$EnumDescriptorProto$EnumReservedRange$1
2024-11-12 13:42:55,140 INFO  EvoClassLoader - Instrumenting class 'org.apache.hadoop.thirdparty.protobuf.DescriptorProtos$EnumDescriptorProto$EnumReservedRange$1'.
2024-11-12 13:42:55,141 INFO  MethodCallReplacementClassAdapter - Adding mock interface to class org/apache/hadoop/thirdparty/protobuf/DescriptorProtos$EnumDescriptorProto$EnumReservedRange$1
2024-11-12 13:42:55,141 INFO  EvoClassLoader - Keeping class: org.apache.hadoop.thirdparty.protobuf.DescriptorProtos$EnumDescriptorProto$EnumReservedRange$1
2024-11-12 13:42:55,141 INFO  EvoClassLoader - Seeing class for first time: org.apache.hadoop.thirdparty.protobuf.DescriptorProtos$DescriptorProto$ReservedRange$1
2024-11-12 13:42:55,141 INFO  EvoClassLoader - Instrumenting class 'org.apache.hadoop.thirdparty.protobuf.DescriptorProtos$DescriptorProto$ReservedRange$1'.
2024-11-12 13:42:55,141 INFO  MethodCallReplacementClassAdapter - Adding mock interface to class org/apache/hadoop/thirdparty/protobuf/DescriptorProtos$DescriptorProto$ReservedRange$1
2024-11-12 13:42:55,141 INFO  EvoClassLoader - Keeping class: org.apache.hadoop.thirdparty.protobuf.DescriptorProtos$DescriptorProto$ReservedRange$1
2024-11-12 13:42:55,142 INFO  EvoClassLoader - Seeing class for first time: org.apache.hadoop.thirdparty.protobuf.NioByteString$1
2024-11-12 13:42:55,142 INFO  EvoClassLoader - Instrumenting class 'org.apache.hadoop.thirdparty.protobuf.NioByteString$1'.
2024-11-12 13:42:55,142 INFO  MethodCallReplacementClassAdapter - Adding mock interface to class org/apache/hadoop/thirdparty/protobuf/NioByteString$1
2024-11-12 13:42:55,142 INFO  EvoClassLoader - Keeping class: org.apache.hadoop.thirdparty.protobuf.NioByteString$1
2024-11-12 13:42:55,143 INFO  EvoClassLoader - Seeing class for first time: org.apache.hadoop.hdfs.protocol.proto.NamenodeProtocolProtos$ErrorReportResponseProto$Builder
2024-11-12 13:42:55,143 INFO  EvoClassLoader - Instrumenting class 'org.apache.hadoop.hdfs.protocol.proto.NamenodeProtocolProtos$ErrorReportResponseProto$Builder'.
2024-11-12 13:42:55,143 INFO  MethodCallReplacementClassAdapter - Adding mock interface to class org/apache/hadoop/hdfs/protocol/proto/NamenodeProtocolProtos$ErrorReportResponseProto$Builder
2024-11-12 13:42:55,143 INFO  CreateClassResetClassAdapter - Creating brand-new static initializer in class org/apache/hadoop/hdfs/protocol/proto/NamenodeProtocolProtos$ErrorReportResponseProto$Builder
2024-11-12 13:42:55,144 INFO  EvoClassLoader - Keeping class: org.apache.hadoop.hdfs.protocol.proto.NamenodeProtocolProtos$ErrorReportResponseProto$Builder
2024-11-12 13:42:55,145 INFO  EvoClassLoader - Seeing class for first time: org.apache.hadoop.hdfs.protocol.proto.NamenodeProtocolProtos$GetBlocksResponseProto
2024-11-12 13:42:55,145 INFO  EvoClassLoader - Instrumenting class 'org.apache.hadoop.hdfs.protocol.proto.NamenodeProtocolProtos$GetBlocksResponseProto'.
2024-11-12 13:42:55,145 INFO  MethodCallReplacementClassAdapter - Adding mock interface to class org/apache/hadoop/hdfs/protocol/proto/NamenodeProtocolProtos$GetBlocksResponseProto
2024-11-12 13:42:55,146 INFO  CreateClassResetClassAdapter - Found static initializer in class org/apache/hadoop/hdfs/protocol/proto/NamenodeProtocolProtos$GetBlocksResponseProto
2024-11-12 13:42:55,146 INFO  EvoClassLoader - Keeping class: org.apache.hadoop.hdfs.protocol.proto.NamenodeProtocolProtos$GetBlocksResponseProto
2024-11-12 13:42:55,147 INFO  EvoClassLoader - Seeing class for first time: org.apache.hadoop.hdfs.protocol.proto.NamenodeProtocolProtos$GetMostRecentCheckpointTxIdResponseProto$Builder
2024-11-12 13:42:55,147 INFO  EvoClassLoader - Instrumenting class 'org.apache.hadoop.hdfs.protocol.proto.NamenodeProtocolProtos$GetMostRecentCheckpointTxIdResponseProto$Builder'.
2024-11-12 13:42:55,147 INFO  MethodCallReplacementClassAdapter - Adding mock interface to class org/apache/hadoop/hdfs/protocol/proto/NamenodeProtocolProtos$GetMostRecentCheckpointTxIdResponseProto$Builder
2024-11-12 13:42:55,148 INFO  CreateClassResetClassAdapter - Creating brand-new static initializer in class org/apache/hadoop/hdfs/protocol/proto/NamenodeProtocolProtos$GetMostRecentCheckpointTxIdResponseProto$Builder
2024-11-12 13:42:55,148 INFO  EvoClassLoader - Keeping class: org.apache.hadoop.hdfs.protocol.proto.NamenodeProtocolProtos$GetMostRecentCheckpointTxIdResponseProto$Builder
2024-11-12 13:42:55,149 INFO  EvoClassLoader - Seeing class for first time: org.apache.hadoop.hdfs.protocol.proto.HdfsServerProtos$RemoteEditLogProto$Builder
2024-11-12 13:42:55,149 INFO  EvoClassLoader - Instrumenting class 'org.apache.hadoop.hdfs.protocol.proto.HdfsServerProtos$RemoteEditLogProto$Builder'.
2024-11-12 13:42:55,149 INFO  MethodCallReplacementClassAdapter - Adding mock interface to class org/apache/hadoop/hdfs/protocol/proto/HdfsServerProtos$RemoteEditLogProto$Builder
2024-11-12 13:42:55,150 INFO  CreateClassResetClassAdapter - Creating brand-new static initializer in class org/apache/hadoop/hdfs/protocol/proto/HdfsServerProtos$RemoteEditLogProto$Builder
2024-11-12 13:42:55,151 INFO  EvoClassLoader - Keeping class: org.apache.hadoop.hdfs.protocol.proto.HdfsServerProtos$RemoteEditLogProto$Builder
2024-11-12 13:42:55,151 INFO  EvoClassLoader - Seeing class for first time: org.apache.hadoop.hdfs.protocol.proto.NamenodeProtocolProtos$GetTransactionIdResponseProto
2024-11-12 13:42:55,151 INFO  EvoClassLoader - Instrumenting class 'org.apache.hadoop.hdfs.protocol.proto.NamenodeProtocolProtos$GetTransactionIdResponseProto'.
2024-11-12 13:42:55,152 INFO  MethodCallReplacementClassAdapter - Adding mock interface to class org/apache/hadoop/hdfs/protocol/proto/NamenodeProtocolProtos$GetTransactionIdResponseProto
2024-11-12 13:42:55,152 INFO  CreateClassResetClassAdapter - Found static initializer in class org/apache/hadoop/hdfs/protocol/proto/NamenodeProtocolProtos$GetTransactionIdResponseProto
2024-11-12 13:42:55,153 INFO  EvoClassLoader - Keeping class: org.apache.hadoop.hdfs.protocol.proto.NamenodeProtocolProtos$GetTransactionIdResponseProto
2024-11-12 13:42:55,153 INFO  EvoClassLoader - Seeing class for first time: org.apache.hadoop.thirdparty.protobuf.DescriptorProtos$GeneratedCodeInfo
2024-11-12 13:42:55,153 INFO  EvoClassLoader - Instrumenting class 'org.apache.hadoop.thirdparty.protobuf.DescriptorProtos$GeneratedCodeInfo'.
2024-11-12 13:42:55,153 INFO  MethodCallReplacementClassAdapter - Adding mock interface to class org/apache/hadoop/thirdparty/protobuf/DescriptorProtos$GeneratedCodeInfo
2024-11-12 13:42:55,154 INFO  CreateClassResetClassAdapter - Found static initializer in class org/apache/hadoop/thirdparty/protobuf/DescriptorProtos$GeneratedCodeInfo
2024-11-12 13:42:55,154 INFO  EvoClassLoader - Keeping class: org.apache.hadoop.thirdparty.protobuf.DescriptorProtos$GeneratedCodeInfo
2024-11-12 13:42:55,155 INFO  EvoClassLoader - Seeing class for first time: org.apache.hadoop.thirdparty.protobuf.DescriptorProtos$GeneratedCodeInfo$1
2024-11-12 13:42:55,155 INFO  EvoClassLoader - Instrumenting class 'org.apache.hadoop.thirdparty.protobuf.DescriptorProtos$GeneratedCodeInfo$1'.
2024-11-12 13:42:55,155 INFO  MethodCallReplacementClassAdapter - Adding mock interface to class org/apache/hadoop/thirdparty/protobuf/DescriptorProtos$GeneratedCodeInfo$1
2024-11-12 13:42:55,155 INFO  EvoClassLoader - Keeping class: org.apache.hadoop.thirdparty.protobuf.DescriptorProtos$GeneratedCodeInfo$1
2024-11-12 13:42:55,156 INFO  EvoClassLoader - Seeing class for first time: org.apache.hadoop.hdfs.protocol.proto.NamenodeProtocolProtos$NamenodeProtocolService$BlockingStub
2024-11-12 13:42:55,156 INFO  EvoClassLoader - Instrumenting class 'org.apache.hadoop.hdfs.protocol.proto.NamenodeProtocolProtos$NamenodeProtocolService$BlockingStub'.
2024-11-12 13:42:55,156 INFO  MethodCallReplacementClassAdapter - Adding mock interface to class org/apache/hadoop/hdfs/protocol/proto/NamenodeProtocolProtos$NamenodeProtocolService$BlockingStub
2024-11-12 13:42:55,156 INFO  CreateClassResetClassAdapter - Creating brand-new static initializer in class org/apache/hadoop/hdfs/protocol/proto/NamenodeProtocolProtos$NamenodeProtocolService$BlockingStub
2024-11-12 13:42:55,156 INFO  EvoClassLoader - Keeping class: org.apache.hadoop.hdfs.protocol.proto.NamenodeProtocolProtos$NamenodeProtocolService$BlockingStub
2024-11-12 13:42:55,157 INFO  EvoClassLoader - Seeing class for first time: org.apache.hadoop.hdfs.protocol.proto.NamenodeProtocolProtos$StartCheckpointRequestProto$Builder
2024-11-12 13:42:55,157 INFO  EvoClassLoader - Instrumenting class 'org.apache.hadoop.hdfs.protocol.proto.NamenodeProtocolProtos$StartCheckpointRequestProto$Builder'.
2024-11-12 13:42:55,157 INFO  MethodCallReplacementClassAdapter - Adding mock interface to class org/apache/hadoop/hdfs/protocol/proto/NamenodeProtocolProtos$StartCheckpointRequestProto$Builder
2024-11-12 13:42:55,158 INFO  CreateClassResetClassAdapter - Creating brand-new static initializer in class org/apache/hadoop/hdfs/protocol/proto/NamenodeProtocolProtos$StartCheckpointRequestProto$Builder
2024-11-12 13:42:55,158 INFO  EvoClassLoader - Keeping class: org.apache.hadoop.hdfs.protocol.proto.NamenodeProtocolProtos$StartCheckpointRequestProto$Builder
2024-11-12 13:42:55,158 INFO  EvoClassLoader - Seeing class for first time: org.apache.hadoop.hdfs.protocol.proto.NamenodeProtocolProtos$GetNextSPSPathRequestProto$Builder
2024-11-12 13:42:55,158 INFO  EvoClassLoader - Instrumenting class 'org.apache.hadoop.hdfs.protocol.proto.NamenodeProtocolProtos$GetNextSPSPathRequestProto$Builder'.
2024-11-12 13:42:55,159 INFO  MethodCallReplacementClassAdapter - Adding mock interface to class org/apache/hadoop/hdfs/protocol/proto/NamenodeProtocolProtos$GetNextSPSPathRequestProto$Builder
2024-11-12 13:42:55,159 INFO  CreateClassResetClassAdapter - Creating brand-new static initializer in class org/apache/hadoop/hdfs/protocol/proto/NamenodeProtocolProtos$GetNextSPSPathRequestProto$Builder
2024-11-12 13:42:55,160 INFO  EvoClassLoader - Keeping class: org.apache.hadoop.hdfs.protocol.proto.NamenodeProtocolProtos$GetNextSPSPathRequestProto$Builder
2024-11-12 13:42:55,161 INFO  EvoClassLoader - Seeing class for first time: org.apache.hadoop.thirdparty.protobuf.AnyOrBuilder
2024-11-12 13:42:55,161 INFO  EvoClassLoader - Instrumenting class 'org.apache.hadoop.thirdparty.protobuf.AnyOrBuilder'.
2024-11-12 13:42:55,161 INFO  EvoClassLoader - Keeping class: org.apache.hadoop.thirdparty.protobuf.AnyOrBuilder
2024-11-12 13:42:55,161 INFO  EvoClassLoader - Seeing class for first time: org.apache.hadoop.thirdparty.protobuf.Option$1
2024-11-12 13:42:55,161 INFO  EvoClassLoader - Instrumenting class 'org.apache.hadoop.thirdparty.protobuf.Option$1'.
2024-11-12 13:42:55,161 INFO  MethodCallReplacementClassAdapter - Adding mock interface to class org/apache/hadoop/thirdparty/protobuf/Option$1
2024-11-12 13:42:55,162 INFO  EvoClassLoader - Keeping class: org.apache.hadoop.thirdparty.protobuf.Option$1
2024-11-12 13:42:55,162 INFO  EvoClassLoader - Seeing class for first time: org.apache.hadoop.hdfs.protocol.proto.NamenodeProtocolProtos$GetBlockKeysResponseProto
2024-11-12 13:42:55,162 INFO  EvoClassLoader - Instrumenting class 'org.apache.hadoop.hdfs.protocol.proto.NamenodeProtocolProtos$GetBlockKeysResponseProto'.
2024-11-12 13:42:55,162 INFO  MethodCallReplacementClassAdapter - Adding mock interface to class org/apache/hadoop/hdfs/protocol/proto/NamenodeProtocolProtos$GetBlockKeysResponseProto
2024-11-12 13:42:55,163 INFO  CreateClassResetClassAdapter - Found static initializer in class org/apache/hadoop/hdfs/protocol/proto/NamenodeProtocolProtos$GetBlockKeysResponseProto
2024-11-12 13:42:55,163 INFO  EvoClassLoader - Keeping class: org.apache.hadoop.hdfs.protocol.proto.NamenodeProtocolProtos$GetBlockKeysResponseProto
2024-11-12 13:42:55,163 INFO  EvoClassLoader - Seeing class for first time: org.apache.hadoop.hdfs.protocol.proto.NamenodeProtocolProtos$GetEditLogManifestResponseProto$Builder
2024-11-12 13:42:55,163 INFO  EvoClassLoader - Instrumenting class 'org.apache.hadoop.hdfs.protocol.proto.NamenodeProtocolProtos$GetEditLogManifestResponseProto$Builder'.
2024-11-12 13:42:55,163 INFO  MethodCallReplacementClassAdapter - Adding mock interface to class org/apache/hadoop/hdfs/protocol/proto/NamenodeProtocolProtos$GetEditLogManifestResponseProto$Builder
2024-11-12 13:42:55,164 INFO  CreateClassResetClassAdapter - Creating brand-new static initializer in class org/apache/hadoop/hdfs/protocol/proto/NamenodeProtocolProtos$GetEditLogManifestResponseProto$Builder
2024-11-12 13:42:55,164 INFO  EvoClassLoader - Keeping class: org.apache.hadoop.hdfs.protocol.proto.NamenodeProtocolProtos$GetEditLogManifestResponseProto$Builder
2024-11-12 13:42:55,165 INFO  EvoClassLoader - Seeing class for first time: org.apache.hadoop.hdfs.protocol.proto.HdfsServerProtos$RecoveringBlockProto
2024-11-12 13:42:55,165 INFO  EvoClassLoader - Instrumenting class 'org.apache.hadoop.hdfs.protocol.proto.HdfsServerProtos$RecoveringBlockProto'.
2024-11-12 13:42:55,165 INFO  MethodCallReplacementClassAdapter - Adding mock interface to class org/apache/hadoop/hdfs/protocol/proto/HdfsServerProtos$RecoveringBlockProto
2024-11-12 13:42:55,165 INFO  CreateClassResetClassAdapter - Found static initializer in class org/apache/hadoop/hdfs/protocol/proto/HdfsServerProtos$RecoveringBlockProto
2024-11-12 13:42:55,166 INFO  EvoClassLoader - Keeping class: org.apache.hadoop.hdfs.protocol.proto.HdfsServerProtos$RecoveringBlockProto
2024-11-12 13:42:55,166 INFO  EvoClassLoader - Seeing class for first time: org.apache.hadoop.hdfs.protocol.proto.HdfsProtos$ErasureCodingPolicyProtoOrBuilder
2024-11-12 13:42:55,166 INFO  EvoClassLoader - Instrumenting class 'org.apache.hadoop.hdfs.protocol.proto.HdfsProtos$ErasureCodingPolicyProtoOrBuilder'.
2024-11-12 13:42:55,167 INFO  EvoClassLoader - Keeping class: org.apache.hadoop.hdfs.protocol.proto.HdfsProtos$ErasureCodingPolicyProtoOrBuilder
2024-11-12 13:42:55,167 INFO  EvoClassLoader - Seeing class for first time: org.apache.hadoop.hdfs.protocol.proto.HdfsProtos$LocatedBlockProtoOrBuilder
2024-11-12 13:42:55,167 INFO  EvoClassLoader - Instrumenting class 'org.apache.hadoop.hdfs.protocol.proto.HdfsProtos$LocatedBlockProtoOrBuilder'.
2024-11-12 13:42:55,167 INFO  EvoClassLoader - Keeping class: org.apache.hadoop.hdfs.protocol.proto.HdfsProtos$LocatedBlockProtoOrBuilder
2024-11-12 13:42:55,167 INFO  EvoClassLoader - Seeing class for first time: org.apache.hadoop.hdfs.protocol.proto.HdfsServerProtos$RecoveringBlockProto$1
2024-11-12 13:42:55,167 INFO  EvoClassLoader - Instrumenting class 'org.apache.hadoop.hdfs.protocol.proto.HdfsServerProtos$RecoveringBlockProto$1'.
2024-11-12 13:42:55,167 INFO  MethodCallReplacementClassAdapter - Adding mock interface to class org/apache/hadoop/hdfs/protocol/proto/HdfsServerProtos$RecoveringBlockProto$1
2024-11-12 13:42:55,168 INFO  EvoClassLoader - Keeping class: org.apache.hadoop.hdfs.protocol.proto.HdfsServerProtos$RecoveringBlockProto$1
2024-11-12 13:42:55,168 INFO  EvoClassLoader - Seeing class for first time: org.apache.hadoop.hdfs.protocol.proto.HdfsServerProtos$BlockWithLocationsProto$Builder
2024-11-12 13:42:55,168 INFO  EvoClassLoader - Instrumenting class 'org.apache.hadoop.hdfs.protocol.proto.HdfsServerProtos$BlockWithLocationsProto$Builder'.
2024-11-12 13:42:55,168 INFO  MethodCallReplacementClassAdapter - Adding mock interface to class org/apache/hadoop/hdfs/protocol/proto/HdfsServerProtos$BlockWithLocationsProto$Builder
2024-11-12 13:42:55,169 INFO  CreateClassResetClassAdapter - Creating brand-new static initializer in class org/apache/hadoop/hdfs/protocol/proto/HdfsServerProtos$BlockWithLocationsProto$Builder
2024-11-12 13:42:55,170 INFO  EvoClassLoader - Keeping class: org.apache.hadoop.hdfs.protocol.proto.HdfsServerProtos$BlockWithLocationsProto$Builder
2024-11-12 13:42:55,171 INFO  EvoClassLoader - Seeing class for first time: org.apache.hadoop.thirdparty.protobuf.DescriptorProtos$MethodOptions$1
2024-11-12 13:42:55,171 INFO  EvoClassLoader - Instrumenting class 'org.apache.hadoop.thirdparty.protobuf.DescriptorProtos$MethodOptions$1'.
2024-11-12 13:42:55,171 INFO  MethodCallReplacementClassAdapter - Adding mock interface to class org/apache/hadoop/thirdparty/protobuf/DescriptorProtos$MethodOptions$1
2024-11-12 13:42:55,171 INFO  EvoClassLoader - Keeping class: org.apache.hadoop.thirdparty.protobuf.DescriptorProtos$MethodOptions$1
2024-11-12 13:42:55,171 INFO  EvoClassLoader - Seeing class for first time: org.apache.hadoop.thirdparty.protobuf.RpcController
2024-11-12 13:42:55,171 INFO  EvoClassLoader - Instrumenting class 'org.apache.hadoop.thirdparty.protobuf.RpcController'.
2024-11-12 13:42:55,172 INFO  EvoClassLoader - Keeping class: org.apache.hadoop.thirdparty.protobuf.RpcController
2024-11-12 13:42:55,172 INFO  EvoClassLoader - Seeing class for first time: org.apache.hadoop.hdfs.protocol.proto.NamenodeProtocolProtos$StartCheckpointRequestProto
2024-11-12 13:42:55,172 INFO  EvoClassLoader - Instrumenting class 'org.apache.hadoop.hdfs.protocol.proto.NamenodeProtocolProtos$StartCheckpointRequestProto'.
2024-11-12 13:42:55,172 INFO  MethodCallReplacementClassAdapter - Adding mock interface to class org/apache/hadoop/hdfs/protocol/proto/NamenodeProtocolProtos$StartCheckpointRequestProto
2024-11-12 13:42:55,172 INFO  CreateClassResetClassAdapter - Found static initializer in class org/apache/hadoop/hdfs/protocol/proto/NamenodeProtocolProtos$StartCheckpointRequestProto
2024-11-12 13:42:55,172 INFO  EvoClassLoader - Keeping class: org.apache.hadoop.hdfs.protocol.proto.NamenodeProtocolProtos$StartCheckpointRequestProto
2024-11-12 13:42:55,173 INFO  EvoClassLoader - Seeing class for first time: org.apache.hadoop.thirdparty.protobuf.DescriptorProtos
2024-11-12 13:42:55,173 INFO  EvoClassLoader - Instrumenting class 'org.apache.hadoop.thirdparty.protobuf.DescriptorProtos'.
2024-11-12 13:42:55,173 INFO  MethodCallReplacementClassAdapter - Adding mock interface to class org/apache/hadoop/thirdparty/protobuf/DescriptorProtos
2024-11-12 13:42:55,173 INFO  CreateClassResetClassAdapter - Found static initializer in class org/apache/hadoop/thirdparty/protobuf/DescriptorProtos
2024-11-12 13:42:55,174 INFO  EvoClassLoader - Keeping class: org.apache.hadoop.thirdparty.protobuf.DescriptorProtos
2024-11-12 13:42:55,175 INFO  EvoClassLoader - Seeing class for first time: org.apache.hadoop.thirdparty.protobuf.DescriptorProtos$DescriptorProto$ExtensionRange$Builder
2024-11-12 13:42:55,175 INFO  EvoClassLoader - Instrumenting class 'org.apache.hadoop.thirdparty.protobuf.DescriptorProtos$DescriptorProto$ExtensionRange$Builder'.
2024-11-12 13:42:55,175 INFO  MethodCallReplacementClassAdapter - Adding mock interface to class org/apache/hadoop/thirdparty/protobuf/DescriptorProtos$DescriptorProto$ExtensionRange$Builder
2024-11-12 13:42:55,176 INFO  CreateClassResetClassAdapter - Creating brand-new static initializer in class org/apache/hadoop/thirdparty/protobuf/DescriptorProtos$DescriptorProto$ExtensionRange$Builder
2024-11-12 13:42:55,177 INFO  EvoClassLoader - Keeping class: org.apache.hadoop.thirdparty.protobuf.DescriptorProtos$DescriptorProto$ExtensionRange$Builder
2024-11-12 13:42:55,178 INFO  EvoClassLoader - Seeing class for first time: org.apache.hadoop.thirdparty.protobuf.DescriptorProtos$DescriptorProto$ReservedRange$Builder
2024-11-12 13:42:55,178 INFO  EvoClassLoader - Instrumenting class 'org.apache.hadoop.thirdparty.protobuf.DescriptorProtos$DescriptorProto$ReservedRange$Builder'.
2024-11-12 13:42:55,178 INFO  MethodCallReplacementClassAdapter - Adding mock interface to class org/apache/hadoop/thirdparty/protobuf/DescriptorProtos$DescriptorProto$ReservedRange$Builder
2024-11-12 13:42:55,179 INFO  CreateClassResetClassAdapter - Creating brand-new static initializer in class org/apache/hadoop/thirdparty/protobuf/DescriptorProtos$DescriptorProto$ReservedRange$Builder
2024-11-12 13:42:55,179 INFO  EvoClassLoader - Keeping class: org.apache.hadoop.thirdparty.protobuf.DescriptorProtos$DescriptorProto$ReservedRange$Builder
2024-11-12 13:42:55,183 INFO  EvoClassLoader - Seeing class for first time: org.apache.hadoop.fs.RawLocalFileSystem
2024-11-12 13:42:55,183 INFO  EvoClassLoader - Instrumenting class 'org.apache.hadoop.fs.RawLocalFileSystem'.
2024-11-12 13:42:55,184 INFO  MethodCallReplacementClassAdapter - Adding mock interface to class org/apache/hadoop/fs/RawLocalFileSystem
2024-11-12 13:42:55,187 INFO  CreateClassResetClassAdapter - Found static initializer in class org/apache/hadoop/fs/RawLocalFileSystem
2024-11-12 13:42:55,188 INFO  EvoClassLoader - Keeping class: org.apache.hadoop.fs.RawLocalFileSystem
2024-11-12 13:42:55,188 INFO  EvoClassLoader - Seeing class for first time: org.apache.hadoop.fs.Path
2024-11-12 13:42:55,188 INFO  EvoClassLoader - Instrumenting class 'org.apache.hadoop.fs.Path'.
2024-11-12 13:42:55,188 INFO  MethodCallReplacementClassAdapter - Adding mock interface to class org/apache/hadoop/fs/Path
2024-11-12 13:42:55,189 INFO  CreateClassResetClassAdapter - Found static initializer in class org/apache/hadoop/fs/Path
2024-11-12 13:42:55,191 INFO  EvoClassLoader - Keeping class: org.apache.hadoop.fs.Path
2024-11-12 13:42:55,191 INFO  EvoClassLoader - Seeing class for first time: org.apache.hadoop.fs.FileSystem$Statistics
2024-11-12 13:42:55,191 INFO  EvoClassLoader - Instrumenting class 'org.apache.hadoop.fs.FileSystem$Statistics'.
2024-11-12 13:42:55,191 INFO  MethodCallReplacementClassAdapter - Adding mock interface to class org/apache/hadoop/fs/FileSystem$Statistics
2024-11-12 13:42:55,191 INFO  CreateClassResetClassAdapter - Found static initializer in class org/apache/hadoop/fs/FileSystem$Statistics
2024-11-12 13:42:55,193 INFO  EvoClassLoader - Keeping class: org.apache.hadoop.fs.FileSystem$Statistics
2024-11-12 13:42:55,193 INFO  EvoClassLoader - Seeing class for first time: org.apache.hadoop.security.UserGroupInformation
2024-11-12 13:42:55,193 INFO  EvoClassLoader - Instrumenting class 'org.apache.hadoop.security.UserGroupInformation'.
2024-11-12 13:42:55,193 INFO  MethodCallReplacementClassAdapter - Adding mock interface to class org/apache/hadoop/security/UserGroupInformation
2024-11-12 13:42:55,198 INFO  CreateClassResetClassAdapter - Found static initializer in class org/apache/hadoop/security/UserGroupInformation
2024-11-12 13:42:55,200 INFO  EvoClassLoader - Keeping class: org.apache.hadoop.security.UserGroupInformation
2024-11-12 13:42:55,200 INFO  EvoClassLoader - Seeing class for first time: org.apache.hadoop.security.token.Token
2024-11-12 13:42:55,200 INFO  EvoClassLoader - Instrumenting class 'org.apache.hadoop.security.token.Token'.
2024-11-12 13:42:55,200 INFO  MethodCallReplacementClassAdapter - Adding mock interface to class org/apache/hadoop/security/token/Token
2024-11-12 13:42:55,201 INFO  CreateClassResetClassAdapter - Found static initializer in class org/apache/hadoop/security/token/Token
2024-11-12 13:42:55,202 INFO  EvoClassLoader - Keeping class: org.apache.hadoop.security.token.Token
2024-11-12 13:42:55,202 INFO  EvoClassLoader - Seeing class for first time: org.apache.hadoop.fs.FileStatus
2024-11-12 13:42:55,202 INFO  EvoClassLoader - Instrumenting class 'org.apache.hadoop.fs.FileStatus'.
2024-11-12 13:42:55,203 INFO  MethodCallReplacementClassAdapter - Adding mock interface to class org/apache/hadoop/fs/FileStatus
2024-11-12 13:42:55,204 INFO  CreateClassResetClassAdapter - Found static initializer in class org/apache/hadoop/fs/FileStatus
2024-11-12 13:42:55,204 INFO  EvoClassLoader - Keeping class: org.apache.hadoop.fs.FileStatus
2024-11-12 13:42:55,204 INFO  EvoClassLoader - Seeing class for first time: org.apache.hadoop.fs.BlockLocation
2024-11-12 13:42:55,204 INFO  EvoClassLoader - Instrumenting class 'org.apache.hadoop.fs.BlockLocation'.
2024-11-12 13:42:55,204 INFO  MethodCallReplacementClassAdapter - Adding mock interface to class org/apache/hadoop/fs/BlockLocation
2024-11-12 13:42:55,205 INFO  CreateClassResetClassAdapter - Found static initializer in class org/apache/hadoop/fs/BlockLocation
2024-11-12 13:42:55,205 INFO  EvoClassLoader - Keeping class: org.apache.hadoop.fs.BlockLocation
2024-11-12 13:42:55,205 INFO  EvoClassLoader - Seeing class for first time: org.apache.hadoop.fs.FsServerDefaults
2024-11-12 13:42:55,205 INFO  EvoClassLoader - Instrumenting class 'org.apache.hadoop.fs.FsServerDefaults'.
2024-11-12 13:42:55,205 INFO  MethodCallReplacementClassAdapter - Adding mock interface to class org/apache/hadoop/fs/FsServerDefaults
2024-11-12 13:42:55,205 INFO  CreateClassResetClassAdapter - Found static initializer in class org/apache/hadoop/fs/FsServerDefaults
2024-11-12 13:42:55,205 INFO  EvoClassLoader - Keeping class: org.apache.hadoop.fs.FsServerDefaults
2024-11-12 13:42:55,205 INFO  EvoClassLoader - Seeing class for first time: org.apache.hadoop.fs.Options$HandleOpt
2024-11-12 13:42:55,205 INFO  EvoClassLoader - Instrumenting class 'org.apache.hadoop.fs.Options$HandleOpt'.
2024-11-12 13:42:55,205 INFO  MethodCallReplacementClassAdapter - Adding mock interface to class org/apache/hadoop/fs/Options$HandleOpt
2024-11-12 13:42:55,206 INFO  CreateClassResetClassAdapter - Creating brand-new static initializer in class org/apache/hadoop/fs/Options$HandleOpt
2024-11-12 13:42:55,206 INFO  EvoClassLoader - Keeping class: org.apache.hadoop.fs.Options$HandleOpt
2024-11-12 13:42:55,206 INFO  EvoClassLoader - Seeing class for first time: org.apache.hadoop.fs.PathHandle
2024-11-12 13:42:55,206 INFO  EvoClassLoader - Instrumenting class 'org.apache.hadoop.fs.PathHandle'.
2024-11-12 13:42:55,206 INFO  EvoClassLoader - Keeping class: org.apache.hadoop.fs.PathHandle
2024-11-12 13:42:55,206 INFO  EvoClassLoader - Seeing class for first time: org.apache.hadoop.fs.permission.FsPermission
2024-11-12 13:42:55,206 INFO  EvoClassLoader - Instrumenting class 'org.apache.hadoop.fs.permission.FsPermission'.
2024-11-12 13:42:55,206 INFO  MethodCallReplacementClassAdapter - Adding mock interface to class org/apache/hadoop/fs/permission/FsPermission
2024-11-12 13:42:55,207 INFO  CreateClassResetClassAdapter - Found static initializer in class org/apache/hadoop/fs/permission/FsPermission
2024-11-12 13:42:55,207 INFO  EvoClassLoader - Defined package (3): package org.apache.hadoop.fs.permission, 1810436125
2024-11-12 13:42:55,207 INFO  EvoClassLoader - Keeping class: org.apache.hadoop.fs.permission.FsPermission
2024-11-12 13:42:55,207 INFO  EvoClassLoader - Seeing class for first time: org.apache.hadoop.util.Progressable
2024-11-12 13:42:55,207 INFO  EvoClassLoader - Instrumenting class 'org.apache.hadoop.util.Progressable'.
2024-11-12 13:42:55,208 INFO  EvoClassLoader - Keeping class: org.apache.hadoop.util.Progressable
2024-11-12 13:42:55,208 INFO  EvoClassLoader - Seeing class for first time: org.apache.hadoop.fs.Options$ChecksumOpt
2024-11-12 13:42:55,208 INFO  EvoClassLoader - Instrumenting class 'org.apache.hadoop.fs.Options$ChecksumOpt'.
2024-11-12 13:42:55,208 INFO  MethodCallReplacementClassAdapter - Adding mock interface to class org/apache/hadoop/fs/Options$ChecksumOpt
2024-11-12 13:42:55,208 INFO  CreateClassResetClassAdapter - Creating brand-new static initializer in class org/apache/hadoop/fs/Options$ChecksumOpt
2024-11-12 13:42:55,208 INFO  EvoClassLoader - Keeping class: org.apache.hadoop.fs.Options$ChecksumOpt
2024-11-12 13:42:55,208 INFO  EvoClassLoader - Seeing class for first time: org.apache.hadoop.fs.FSDataOutputStream
2024-11-12 13:42:55,208 INFO  EvoClassLoader - Instrumenting class 'org.apache.hadoop.fs.FSDataOutputStream'.
2024-11-12 13:42:55,208 INFO  MethodCallReplacementClassAdapter - Adding mock interface to class org/apache/hadoop/fs/FSDataOutputStream
2024-11-12 13:42:55,208 INFO  CreateClassResetClassAdapter - Creating brand-new static initializer in class org/apache/hadoop/fs/FSDataOutputStream
2024-11-12 13:42:55,208 INFO  EvoClassLoader - Seeing class for first time: org.apache.hadoop.fs.Syncable
2024-11-12 13:42:55,208 INFO  EvoClassLoader - Instrumenting class 'org.apache.hadoop.fs.Syncable'.
2024-11-12 13:42:55,209 INFO  EvoClassLoader - Keeping class: org.apache.hadoop.fs.Syncable
2024-11-12 13:42:55,209 INFO  EvoClassLoader - Seeing class for first time: org.apache.hadoop.fs.Abortable
2024-11-12 13:42:55,209 INFO  EvoClassLoader - Instrumenting class 'org.apache.hadoop.fs.Abortable'.
2024-11-12 13:42:55,209 INFO  EvoClassLoader - Keeping class: org.apache.hadoop.fs.Abortable
2024-11-12 13:42:55,209 INFO  EvoClassLoader - Keeping class: org.apache.hadoop.fs.FSDataOutputStream
2024-11-12 13:42:55,209 INFO  EvoClassLoader - Seeing class for first time: org.apache.hadoop.fs.StorageType
2024-11-12 13:42:55,209 INFO  EvoClassLoader - Instrumenting class 'org.apache.hadoop.fs.StorageType'.
2024-11-12 13:42:55,209 INFO  MethodCallReplacementClassAdapter - Adding mock interface to class org/apache/hadoop/fs/StorageType
2024-11-12 13:42:55,209 INFO  CreateClassResetClassAdapter - Found static initializer in class org/apache/hadoop/fs/StorageType
2024-11-12 13:42:55,209 INFO  EvoClassLoader - Keeping class: org.apache.hadoop.fs.StorageType
2024-11-12 13:42:55,209 INFO  EvoClassLoader - Seeing class for first time: org.apache.hadoop.fs.FileSystem$DirectoryEntries
2024-11-12 13:42:55,209 INFO  EvoClassLoader - Instrumenting class 'org.apache.hadoop.fs.FileSystem$DirectoryEntries'.
2024-11-12 13:42:55,209 INFO  MethodCallReplacementClassAdapter - Adding mock interface to class org/apache/hadoop/fs/FileSystem$DirectoryEntries
2024-11-12 13:42:55,209 INFO  CreateClassResetClassAdapter - Creating brand-new static initializer in class org/apache/hadoop/fs/FileSystem$DirectoryEntries
2024-11-12 13:42:55,210 INFO  EvoClassLoader - Keeping class: org.apache.hadoop.fs.FileSystem$DirectoryEntries
2024-11-12 13:42:55,210 INFO  EvoClassLoader - Seeing class for first time: org.apache.hadoop.fs.permission.FsAction
2024-11-12 13:42:55,210 INFO  EvoClassLoader - Instrumenting class 'org.apache.hadoop.fs.permission.FsAction'.
2024-11-12 13:42:55,210 INFO  MethodCallReplacementClassAdapter - Adding mock interface to class org/apache/hadoop/fs/permission/FsAction
2024-11-12 13:42:55,210 INFO  CreateClassResetClassAdapter - Found static initializer in class org/apache/hadoop/fs/permission/FsAction
2024-11-12 13:42:55,210 INFO  EvoClassLoader - Keeping class: org.apache.hadoop.fs.permission.FsAction
2024-11-12 13:42:55,210 INFO  EvoClassLoader - Seeing class for first time: org.apache.hadoop.fs.FileChecksum
2024-11-12 13:42:55,210 INFO  EvoClassLoader - Instrumenting class 'org.apache.hadoop.fs.FileChecksum'.
2024-11-12 13:42:55,210 INFO  MethodCallReplacementClassAdapter - Adding mock interface to class org/apache/hadoop/fs/FileChecksum
2024-11-12 13:42:55,210 INFO  CreateClassResetClassAdapter - Creating brand-new static initializer in class org/apache/hadoop/fs/FileChecksum
2024-11-12 13:42:55,210 INFO  EvoClassLoader - Keeping class: org.apache.hadoop.fs.FileChecksum
2024-11-12 13:42:55,210 INFO  EvoClassLoader - Seeing class for first time: org.apache.hadoop.fs.FsStatus
2024-11-12 13:42:55,210 INFO  EvoClassLoader - Instrumenting class 'org.apache.hadoop.fs.FsStatus'.
2024-11-12 13:42:55,210 INFO  MethodCallReplacementClassAdapter - Adding mock interface to class org/apache/hadoop/fs/FsStatus
2024-11-12 13:42:55,211 INFO  CreateClassResetClassAdapter - Creating brand-new static initializer in class org/apache/hadoop/fs/FsStatus
2024-11-12 13:42:55,211 INFO  EvoClassLoader - Keeping class: org.apache.hadoop.fs.FsStatus
2024-11-12 13:42:55,211 INFO  EvoClassLoader - Seeing class for first time: org.apache.hadoop.fs.permission.AclStatus
2024-11-12 13:42:55,211 INFO  EvoClassLoader - Instrumenting class 'org.apache.hadoop.fs.permission.AclStatus'.
2024-11-12 13:42:55,211 INFO  MethodCallReplacementClassAdapter - Adding mock interface to class org/apache/hadoop/fs/permission/AclStatus
2024-11-12 13:42:55,211 INFO  CreateClassResetClassAdapter - Creating brand-new static initializer in class org/apache/hadoop/fs/permission/AclStatus
2024-11-12 13:42:55,211 INFO  EvoClassLoader - Keeping class: org.apache.hadoop.fs.permission.AclStatus
2024-11-12 13:42:55,211 INFO  EvoClassLoader - Seeing class for first time: org.apache.hadoop.fs.BlockStoragePolicySpi
2024-11-12 13:42:55,211 INFO  EvoClassLoader - Instrumenting class 'org.apache.hadoop.fs.BlockStoragePolicySpi'.
2024-11-12 13:42:55,212 INFO  EvoClassLoader - Keeping class: org.apache.hadoop.fs.BlockStoragePolicySpi
2024-11-12 13:42:55,212 INFO  EvoClassLoader - Seeing class for first time: org.apache.hadoop.fs.GlobalStorageStatistics
2024-11-12 13:42:55,212 INFO  EvoClassLoader - Instrumenting class 'org.apache.hadoop.fs.GlobalStorageStatistics'.
2024-11-12 13:42:55,212 INFO  MethodCallReplacementClassAdapter - Adding mock interface to class org/apache/hadoop/fs/GlobalStorageStatistics
2024-11-12 13:42:55,213 INFO  CreateClassResetClassAdapter - Found static initializer in class org/apache/hadoop/fs/GlobalStorageStatistics
2024-11-12 13:42:55,213 INFO  EvoClassLoader - Keeping class: org.apache.hadoop.fs.GlobalStorageStatistics
2024-11-12 13:42:55,213 INFO  EvoClassLoader - Seeing class for first time: org.apache.hadoop.fs.impl.OpenFileParameters
2024-11-12 13:42:55,213 INFO  EvoClassLoader - Instrumenting class 'org.apache.hadoop.fs.impl.OpenFileParameters'.
2024-11-12 13:42:55,213 INFO  MethodCallReplacementClassAdapter - Adding mock interface to class org/apache/hadoop/fs/impl/OpenFileParameters
2024-11-12 13:42:55,213 INFO  CreateClassResetClassAdapter - Creating brand-new static initializer in class org/apache/hadoop/fs/impl/OpenFileParameters
2024-11-12 13:42:55,213 INFO  EvoClassLoader - Keeping class: org.apache.hadoop.fs.impl.OpenFileParameters
2024-11-12 13:42:55,213 INFO  EvoClassLoader - Seeing class for first time: org.apache.hadoop.fs.MultipartUploaderBuilder
2024-11-12 13:42:55,213 INFO  EvoClassLoader - Instrumenting class 'org.apache.hadoop.fs.MultipartUploaderBuilder'.
2024-11-12 13:42:55,213 INFO  EvoClassLoader - Keeping class: org.apache.hadoop.fs.MultipartUploaderBuilder
2024-11-12 13:42:55,213 INFO  EvoClassLoader - Seeing class for first time: org.apache.hadoop.fs.FileSystem$Cache$Key
2024-11-12 13:42:55,213 INFO  EvoClassLoader - Instrumenting class 'org.apache.hadoop.fs.FileSystem$Cache$Key'.
2024-11-12 13:42:55,214 INFO  MethodCallReplacementClassAdapter - Adding mock interface to class org/apache/hadoop/fs/FileSystem$Cache$Key
2024-11-12 13:42:55,214 INFO  CreateClassResetClassAdapter - Creating brand-new static initializer in class org/apache/hadoop/fs/FileSystem$Cache$Key
2024-11-12 13:42:55,214 INFO  EvoClassLoader - Keeping class: org.apache.hadoop.fs.FileSystem$Cache$Key
2024-11-12 13:42:55,214 INFO  EvoClassLoader - Seeing class for first time: org.apache.hadoop.fs.Options$Rename
2024-11-12 13:42:55,214 INFO  EvoClassLoader - Instrumenting class 'org.apache.hadoop.fs.Options$Rename'.
2024-11-12 13:42:55,214 INFO  MethodCallReplacementClassAdapter - Adding mock interface to class org/apache/hadoop/fs/Options$Rename
2024-11-12 13:42:55,214 INFO  CreateClassResetClassAdapter - Found static initializer in class org/apache/hadoop/fs/Options$Rename
2024-11-12 13:42:55,214 INFO  EvoClassLoader - Keeping class: org.apache.hadoop.fs.Options$Rename
2024-11-12 13:42:55,214 INFO  EvoClassLoader - Seeing class for first time: org.apache.hadoop.thirdparty.protobuf.Writer$FieldOrder
2024-11-12 13:42:55,214 INFO  EvoClassLoader - Instrumenting class 'org.apache.hadoop.thirdparty.protobuf.Writer$FieldOrder'.
2024-11-12 13:42:55,215 INFO  MethodCallReplacementClassAdapter - Adding mock interface to class org/apache/hadoop/thirdparty/protobuf/Writer$FieldOrder
2024-11-12 13:42:55,215 INFO  CreateClassResetClassAdapter - Found static initializer in class org/apache/hadoop/thirdparty/protobuf/Writer$FieldOrder
2024-11-12 13:42:55,215 INFO  EvoClassLoader - Keeping class: org.apache.hadoop.thirdparty.protobuf.Writer$FieldOrder
2024-11-12 13:42:55,215 INFO  EvoClassLoader - Seeing class for first time: org.apache.hadoop.thirdparty.protobuf.TypeRegistry$Builder
2024-11-12 13:42:55,215 INFO  EvoClassLoader - Instrumenting class 'org.apache.hadoop.thirdparty.protobuf.TypeRegistry$Builder'.
2024-11-12 13:42:55,215 INFO  MethodCallReplacementClassAdapter - Adding mock interface to class org/apache/hadoop/thirdparty/protobuf/TypeRegistry$Builder
2024-11-12 13:42:55,216 INFO  CreateClassResetClassAdapter - Creating brand-new static initializer in class org/apache/hadoop/thirdparty/protobuf/TypeRegistry$Builder
2024-11-12 13:42:55,216 INFO  EvoClassLoader - Keeping class: org.apache.hadoop.thirdparty.protobuf.TypeRegistry$Builder
2024-11-12 13:42:55,216 INFO  EvoClassLoader - Seeing class for first time: org.apache.hadoop.thirdparty.protobuf.MapEntry$Builder
2024-11-12 13:42:55,216 INFO  EvoClassLoader - Instrumenting class 'org.apache.hadoop.thirdparty.protobuf.MapEntry$Builder'.
2024-11-12 13:42:55,217 INFO  MethodCallReplacementClassAdapter - Adding mock interface to class org/apache/hadoop/thirdparty/protobuf/MapEntry$Builder
2024-11-12 13:42:55,218 INFO  CreateClassResetClassAdapter - Creating brand-new static initializer in class org/apache/hadoop/thirdparty/protobuf/MapEntry$Builder
2024-11-12 13:42:55,218 INFO  EvoClassLoader - Keeping class: org.apache.hadoop.thirdparty.protobuf.MapEntry$Builder
2024-11-12 13:42:55,219 INFO  EvoClassLoader - Seeing class for first time: org.apache.hadoop.conf.StorageUnit
2024-11-12 13:42:55,219 INFO  EvoClassLoader - Instrumenting class 'org.apache.hadoop.conf.StorageUnit'.
2024-11-12 13:42:55,219 INFO  MethodCallReplacementClassAdapter - Adding mock interface to class org/apache/hadoop/conf/StorageUnit
2024-11-12 13:42:55,219 INFO  CreateClassResetClassAdapter - Found static initializer in class org/apache/hadoop/conf/StorageUnit
2024-11-12 13:42:55,219 INFO  EvoClassLoader - Keeping class: org.apache.hadoop.conf.StorageUnit
2024-11-12 13:42:55,219 INFO  EvoClassLoader - Seeing class for first time: org.apache.hadoop.conf.Configuration$IntegerRanges
2024-11-12 13:42:55,219 INFO  EvoClassLoader - Instrumenting class 'org.apache.hadoop.conf.Configuration$IntegerRanges'.
2024-11-12 13:42:55,220 INFO  MethodCallReplacementClassAdapter - Adding mock interface to class org/apache/hadoop/conf/Configuration$IntegerRanges
2024-11-12 13:42:55,220 INFO  CreateClassResetClassAdapter - Creating brand-new static initializer in class org/apache/hadoop/conf/Configuration$IntegerRanges
2024-11-12 13:42:55,221 INFO  EvoClassLoader - Keeping class: org.apache.hadoop.conf.Configuration$IntegerRanges
2024-11-12 13:42:55,221 INFO  EvoClassLoader - Seeing class for first time: org.apache.hadoop.security.alias.CredentialProvider
2024-11-12 13:42:55,221 INFO  EvoClassLoader - Instrumenting class 'org.apache.hadoop.security.alias.CredentialProvider'.
2024-11-12 13:42:55,221 INFO  MethodCallReplacementClassAdapter - Adding mock interface to class org/apache/hadoop/security/alias/CredentialProvider
2024-11-12 13:42:55,221 INFO  CreateClassResetClassAdapter - Creating brand-new static initializer in class org/apache/hadoop/security/alias/CredentialProvider
2024-11-12 13:42:55,221 INFO  CreateClassResetClassAdapter - Adding bytecode for initializing field CLEAR_TEXT_FALLBACK
2024-11-12 13:42:55,221 INFO  EvoClassLoader - Defined package (3): package org.apache.hadoop.security.alias, -558591691
2024-11-12 13:42:55,221 INFO  EvoClassLoader - Keeping class: org.apache.hadoop.security.alias.CredentialProvider
2024-11-12 13:42:55,221 INFO  EvoClassLoader - Seeing class for first time: org.apache.hadoop.security.alias.CredentialProvider$CredentialEntry
2024-11-12 13:42:55,221 INFO  EvoClassLoader - Instrumenting class 'org.apache.hadoop.security.alias.CredentialProvider$CredentialEntry'.
2024-11-12 13:42:55,221 INFO  MethodCallReplacementClassAdapter - Adding mock interface to class org/apache/hadoop/security/alias/CredentialProvider$CredentialEntry
2024-11-12 13:42:55,221 INFO  CreateClassResetClassAdapter - Creating brand-new static initializer in class org/apache/hadoop/security/alias/CredentialProvider$CredentialEntry
2024-11-12 13:42:55,221 INFO  EvoClassLoader - Keeping class: org.apache.hadoop.security.alias.CredentialProvider$CredentialEntry
2024-11-12 13:42:55,221 INFO  EvoClassLoader - Seeing class for first time: org.apache.hadoop.conf.ConfigRedactor
2024-11-12 13:42:55,221 INFO  EvoClassLoader - Instrumenting class 'org.apache.hadoop.conf.ConfigRedactor'.
2024-11-12 13:42:55,222 INFO  MethodCallReplacementClassAdapter - Adding mock interface to class org/apache/hadoop/conf/ConfigRedactor
2024-11-12 13:42:55,222 INFO  CreateClassResetClassAdapter - Creating brand-new static initializer in class org/apache/hadoop/conf/ConfigRedactor
2024-11-12 13:42:55,222 INFO  CreateClassResetClassAdapter - Adding bytecode for initializing field REDACTED_TEXT
2024-11-12 13:42:55,222 INFO  CreateClassResetClassAdapter - Adding bytecode for initializing field REDACTED_XML
2024-11-12 13:42:55,222 INFO  EvoClassLoader - Keeping class: org.apache.hadoop.conf.ConfigRedactor
2024-11-12 13:42:55,222 INFO  EvoClassLoader - Seeing class for first time: com.fasterxml.jackson.core.JsonGenerator
2024-11-12 13:42:55,222 INFO  EvoClassLoader - Instrumenting class 'com.fasterxml.jackson.core.JsonGenerator'.
2024-11-12 13:42:55,222 INFO  MethodCallReplacementClassAdapter - Adding mock interface to class com/fasterxml/jackson/core/JsonGenerator
2024-11-12 13:42:55,224 INFO  CreateClassResetClassAdapter - Found static initializer in class com/fasterxml/jackson/core/JsonGenerator
2024-11-12 13:42:55,224 INFO  EvoClassLoader - Defined package (3): package com.fasterxml.jackson.core, 1215208167
2024-11-12 13:42:55,225 INFO  EvoClassLoader - Seeing class for first time: com.fasterxml.jackson.core.Versioned
2024-11-12 13:42:55,225 INFO  EvoClassLoader - Instrumenting class 'com.fasterxml.jackson.core.Versioned'.
2024-11-12 13:42:55,225 INFO  EvoClassLoader - Keeping class: com.fasterxml.jackson.core.Versioned
2024-11-12 13:42:55,226 INFO  EvoClassLoader - Keeping class: com.fasterxml.jackson.core.JsonGenerator
2024-11-12 13:42:55,226 INFO  EvoClassLoader - Seeing class for first time: org.apache.hadoop.thirdparty.protobuf.DescriptorProtos$OneofDescriptorProto$Builder
2024-11-12 13:42:55,226 INFO  EvoClassLoader - Instrumenting class 'org.apache.hadoop.thirdparty.protobuf.DescriptorProtos$OneofDescriptorProto$Builder'.
2024-11-12 13:42:55,227 INFO  MethodCallReplacementClassAdapter - Adding mock interface to class org/apache/hadoop/thirdparty/protobuf/DescriptorProtos$OneofDescriptorProto$Builder
2024-11-12 13:42:55,228 INFO  CreateClassResetClassAdapter - Creating brand-new static initializer in class org/apache/hadoop/thirdparty/protobuf/DescriptorProtos$OneofDescriptorProto$Builder
2024-11-12 13:42:55,229 INFO  EvoClassLoader - Keeping class: org.apache.hadoop.thirdparty.protobuf.DescriptorProtos$OneofDescriptorProto$Builder
2024-11-12 13:42:55,229 INFO  EvoClassLoader - Seeing class for first time: org.apache.hadoop.hdfs.protocol.proto.HdfsProtos$BlockProto$Builder
2024-11-12 13:42:55,229 INFO  EvoClassLoader - Instrumenting class 'org.apache.hadoop.hdfs.protocol.proto.HdfsProtos$BlockProto$Builder'.
2024-11-12 13:42:55,230 INFO  MethodCallReplacementClassAdapter - Adding mock interface to class org/apache/hadoop/hdfs/protocol/proto/HdfsProtos$BlockProto$Builder
2024-11-12 13:42:55,230 INFO  CreateClassResetClassAdapter - Creating brand-new static initializer in class org/apache/hadoop/hdfs/protocol/proto/HdfsProtos$BlockProto$Builder
2024-11-12 13:42:55,231 INFO  EvoClassLoader - Keeping class: org.apache.hadoop.hdfs.protocol.proto.HdfsProtos$BlockProto$Builder
2024-11-12 13:42:55,232 INFO  EvoClassLoader - Seeing class for first time: org.apache.hadoop.thirdparty.protobuf.DescriptorProtos$ServiceOptions$Builder
2024-11-12 13:42:55,232 INFO  EvoClassLoader - Instrumenting class 'org.apache.hadoop.thirdparty.protobuf.DescriptorProtos$ServiceOptions$Builder'.
2024-11-12 13:42:55,233 INFO  MethodCallReplacementClassAdapter - Adding mock interface to class org/apache/hadoop/thirdparty/protobuf/DescriptorProtos$ServiceOptions$Builder
2024-11-12 13:42:55,233 INFO  CreateClassResetClassAdapter - Creating brand-new static initializer in class org/apache/hadoop/thirdparty/protobuf/DescriptorProtos$ServiceOptions$Builder
2024-11-12 13:42:55,234 INFO  EvoClassLoader - Keeping class: org.apache.hadoop.thirdparty.protobuf.DescriptorProtos$ServiceOptions$Builder
2024-11-12 13:42:55,235 INFO  EvoClassLoader - Seeing class for first time: org.apache.hadoop.thirdparty.protobuf.DescriptorProtos$FieldOptions$CType
2024-11-12 13:42:55,235 INFO  EvoClassLoader - Instrumenting class 'org.apache.hadoop.thirdparty.protobuf.DescriptorProtos$FieldOptions$CType'.
2024-11-12 13:42:55,236 INFO  MethodCallReplacementClassAdapter - Adding mock interface to class org/apache/hadoop/thirdparty/protobuf/DescriptorProtos$FieldOptions$CType
2024-11-12 13:42:55,236 INFO  CreateClassResetClassAdapter - Found static initializer in class org/apache/hadoop/thirdparty/protobuf/DescriptorProtos$FieldOptions$CType
2024-11-12 13:42:55,237 INFO  EvoClassLoader - Keeping class: org.apache.hadoop.thirdparty.protobuf.DescriptorProtos$FieldOptions$CType
2024-11-12 13:42:55,237 INFO  EvoClassLoader - Seeing class for first time: org.apache.hadoop.thirdparty.protobuf.DescriptorProtos$FieldOptions$JSType
2024-11-12 13:42:55,237 INFO  EvoClassLoader - Instrumenting class 'org.apache.hadoop.thirdparty.protobuf.DescriptorProtos$FieldOptions$JSType'.
2024-11-12 13:42:55,237 INFO  MethodCallReplacementClassAdapter - Adding mock interface to class org/apache/hadoop/thirdparty/protobuf/DescriptorProtos$FieldOptions$JSType
2024-11-12 13:42:55,238 INFO  CreateClassResetClassAdapter - Found static initializer in class org/apache/hadoop/thirdparty/protobuf/DescriptorProtos$FieldOptions$JSType
2024-11-12 13:42:55,238 INFO  EvoClassLoader - Keeping class: org.apache.hadoop.thirdparty.protobuf.DescriptorProtos$FieldOptions$JSType
2024-11-12 13:42:55,238 INFO  EvoClassLoader - Seeing class for first time: org.apache.hadoop.thirdparty.protobuf.DescriptorProtos$ExtensionRangeOptions$Builder
2024-11-12 13:42:55,238 INFO  EvoClassLoader - Instrumenting class 'org.apache.hadoop.thirdparty.protobuf.DescriptorProtos$ExtensionRangeOptions$Builder'.
2024-11-12 13:42:55,238 INFO  MethodCallReplacementClassAdapter - Adding mock interface to class org/apache/hadoop/thirdparty/protobuf/DescriptorProtos$ExtensionRangeOptions$Builder
2024-11-12 13:42:55,239 INFO  CreateClassResetClassAdapter - Creating brand-new static initializer in class org/apache/hadoop/thirdparty/protobuf/DescriptorProtos$ExtensionRangeOptions$Builder
2024-11-12 13:42:55,240 INFO  EvoClassLoader - Keeping class: org.apache.hadoop.thirdparty.protobuf.DescriptorProtos$ExtensionRangeOptions$Builder
2024-11-12 13:42:55,240 INFO  EvoClassLoader - Seeing class for first time: org.apache.hadoop.thirdparty.protobuf.ServiceException
2024-11-12 13:42:55,240 INFO  EvoClassLoader - Instrumenting class 'org.apache.hadoop.thirdparty.protobuf.ServiceException'.
2024-11-12 13:42:55,240 INFO  MethodCallReplacementClassAdapter - Adding mock interface to class org/apache/hadoop/thirdparty/protobuf/ServiceException
2024-11-12 13:42:55,240 INFO  CreateClassResetClassAdapter - Creating brand-new static initializer in class org/apache/hadoop/thirdparty/protobuf/ServiceException
2024-11-12 13:42:55,240 INFO  EvoClassLoader - Keeping class: org.apache.hadoop.thirdparty.protobuf.ServiceException
2024-11-12 13:42:55,240 INFO  EvoClassLoader - Seeing class for first time: org.apache.hadoop.hdfs.protocol.proto.HdfsProtos$ErasureCodingPolicyProto
2024-11-12 13:42:55,240 INFO  EvoClassLoader - Instrumenting class 'org.apache.hadoop.hdfs.protocol.proto.HdfsProtos$ErasureCodingPolicyProto'.
2024-11-12 13:42:55,241 INFO  MethodCallReplacementClassAdapter - Adding mock interface to class org/apache/hadoop/hdfs/protocol/proto/HdfsProtos$ErasureCodingPolicyProto
2024-11-12 13:42:55,241 INFO  CreateClassResetClassAdapter - Found static initializer in class org/apache/hadoop/hdfs/protocol/proto/HdfsProtos$ErasureCodingPolicyProto
2024-11-12 13:42:55,241 INFO  EvoClassLoader - Keeping class: org.apache.hadoop.hdfs.protocol.proto.HdfsProtos$ErasureCodingPolicyProto
2024-11-12 13:42:55,241 INFO  EvoClassLoader - Seeing class for first time: org.apache.hadoop.hdfs.protocol.proto.HdfsProtos$LocatedBlockProto
2024-11-12 13:42:55,241 INFO  EvoClassLoader - Instrumenting class 'org.apache.hadoop.hdfs.protocol.proto.HdfsProtos$LocatedBlockProto'.
2024-11-12 13:42:55,242 INFO  MethodCallReplacementClassAdapter - Adding mock interface to class org/apache/hadoop/hdfs/protocol/proto/HdfsProtos$LocatedBlockProto
2024-11-12 13:42:55,242 INFO  CreateClassResetClassAdapter - Found static initializer in class org/apache/hadoop/hdfs/protocol/proto/HdfsProtos$LocatedBlockProto
2024-11-12 13:42:55,243 INFO  EvoClassLoader - Keeping class: org.apache.hadoop.hdfs.protocol.proto.HdfsProtos$LocatedBlockProto
2024-11-12 13:42:55,244 INFO  EvoClassLoader - Seeing class for first time: org.apache.hadoop.thirdparty.protobuf.WireFormat$Utf8Validation
2024-11-12 13:42:55,244 INFO  EvoClassLoader - Instrumenting class 'org.apache.hadoop.thirdparty.protobuf.WireFormat$Utf8Validation'.
2024-11-12 13:42:55,245 INFO  MethodCallReplacementClassAdapter - Adding mock interface to class org/apache/hadoop/thirdparty/protobuf/WireFormat$Utf8Validation
2024-11-12 13:42:55,245 INFO  CreateClassResetClassAdapter - Found static initializer in class org/apache/hadoop/thirdparty/protobuf/WireFormat$Utf8Validation
2024-11-12 13:42:55,245 INFO  EvoClassLoader - Keeping class: org.apache.hadoop.thirdparty.protobuf.WireFormat$Utf8Validation
2024-11-12 13:42:55,245 INFO  EvoClassLoader - Seeing class for first time: org.apache.hadoop.thirdparty.protobuf.DescriptorProtos$UninterpretedOption$Builder
2024-11-12 13:42:55,245 INFO  EvoClassLoader - Instrumenting class 'org.apache.hadoop.thirdparty.protobuf.DescriptorProtos$UninterpretedOption$Builder'.
2024-11-12 13:42:55,246 INFO  MethodCallReplacementClassAdapter - Adding mock interface to class org/apache/hadoop/thirdparty/protobuf/DescriptorProtos$UninterpretedOption$Builder
2024-11-12 13:42:55,247 INFO  CreateClassResetClassAdapter - Creating brand-new static initializer in class org/apache/hadoop/thirdparty/protobuf/DescriptorProtos$UninterpretedOption$Builder
2024-11-12 13:42:55,248 INFO  EvoClassLoader - Keeping class: org.apache.hadoop.thirdparty.protobuf.DescriptorProtos$UninterpretedOption$Builder
2024-11-12 13:42:55,248 INFO  EvoClassLoader - Seeing class for first time: org.apache.hadoop.thirdparty.protobuf.RepeatedFieldBuilderV3
2024-11-12 13:42:55,248 INFO  EvoClassLoader - Instrumenting class 'org.apache.hadoop.thirdparty.protobuf.RepeatedFieldBuilderV3'.
2024-11-12 13:42:55,248 INFO  MethodCallReplacementClassAdapter - Adding mock interface to class org/apache/hadoop/thirdparty/protobuf/RepeatedFieldBuilderV3
2024-11-12 13:42:55,249 INFO  CreateClassResetClassAdapter - Creating brand-new static initializer in class org/apache/hadoop/thirdparty/protobuf/RepeatedFieldBuilderV3
2024-11-12 13:42:55,249 INFO  EvoClassLoader - Keeping class: org.apache.hadoop.thirdparty.protobuf.RepeatedFieldBuilderV3
2024-11-12 13:42:55,249 INFO  EvoClassLoader - Seeing class for first time: org.apache.hadoop.thirdparty.protobuf.MapField$MutabilityAwareMap
2024-11-12 13:42:55,249 INFO  EvoClassLoader - Instrumenting class 'org.apache.hadoop.thirdparty.protobuf.MapField$MutabilityAwareMap'.
2024-11-12 13:42:55,250 INFO  MethodCallReplacementClassAdapter - Adding mock interface to class org/apache/hadoop/thirdparty/protobuf/MapField$MutabilityAwareMap
2024-11-12 13:42:55,250 INFO  CreateClassResetClassAdapter - Creating brand-new static initializer in class org/apache/hadoop/thirdparty/protobuf/MapField$MutabilityAwareMap
2024-11-12 13:42:55,250 INFO  EvoClassLoader - Keeping class: org.apache.hadoop.thirdparty.protobuf.MapField$MutabilityAwareMap
2024-11-12 13:42:55,251 INFO  EvoClassLoader - Seeing class for first time: org.apache.hadoop.hdfs.protocol.proto.HdfsServerProtos$NamespaceInfoProto$Builder
2024-11-12 13:42:55,251 INFO  EvoClassLoader - Instrumenting class 'org.apache.hadoop.hdfs.protocol.proto.HdfsServerProtos$NamespaceInfoProto$Builder'.
2024-11-12 13:42:55,251 INFO  MethodCallReplacementClassAdapter - Adding mock interface to class org/apache/hadoop/hdfs/protocol/proto/HdfsServerProtos$NamespaceInfoProto$Builder
2024-11-12 13:42:55,252 INFO  CreateClassResetClassAdapter - Creating brand-new static initializer in class org/apache/hadoop/hdfs/protocol/proto/HdfsServerProtos$NamespaceInfoProto$Builder
2024-11-12 13:42:55,253 INFO  EvoClassLoader - Keeping class: org.apache.hadoop.hdfs.protocol.proto.HdfsServerProtos$NamespaceInfoProto$Builder
2024-11-12 13:42:55,253 INFO  EvoClassLoader - Seeing class for first time: org.apache.hadoop.hdfs.protocol.proto.HdfsServerProtos$NNHAStatusHeartbeatProto$State
2024-11-12 13:42:55,253 INFO  EvoClassLoader - Instrumenting class 'org.apache.hadoop.hdfs.protocol.proto.HdfsServerProtos$NNHAStatusHeartbeatProto$State'.
2024-11-12 13:42:55,253 INFO  MethodCallReplacementClassAdapter - Adding mock interface to class org/apache/hadoop/hdfs/protocol/proto/HdfsServerProtos$NNHAStatusHeartbeatProto$State
2024-11-12 13:42:55,253 INFO  CreateClassResetClassAdapter - Found static initializer in class org/apache/hadoop/hdfs/protocol/proto/HdfsServerProtos$NNHAStatusHeartbeatProto$State
2024-11-12 13:42:55,254 INFO  EvoClassLoader - Keeping class: org.apache.hadoop.hdfs.protocol.proto.HdfsServerProtos$NNHAStatusHeartbeatProto$State
2024-11-12 13:42:55,254 INFO  EvoClassLoader - Seeing class for first time: org.apache.hadoop.hdfs.protocol.proto.HdfsServerProtos$NNHAStatusHeartbeatProto$Builder
2024-11-12 13:42:55,254 INFO  EvoClassLoader - Instrumenting class 'org.apache.hadoop.hdfs.protocol.proto.HdfsServerProtos$NNHAStatusHeartbeatProto$Builder'.
2024-11-12 13:42:55,254 INFO  MethodCallReplacementClassAdapter - Adding mock interface to class org/apache/hadoop/hdfs/protocol/proto/HdfsServerProtos$NNHAStatusHeartbeatProto$Builder
2024-11-12 13:42:55,255 INFO  CreateClassResetClassAdapter - Creating brand-new static initializer in class org/apache/hadoop/hdfs/protocol/proto/HdfsServerProtos$NNHAStatusHeartbeatProto$Builder
2024-11-12 13:42:55,255 INFO  EvoClassLoader - Keeping class: org.apache.hadoop.hdfs.protocol.proto.HdfsServerProtos$NNHAStatusHeartbeatProto$Builder
2024-11-12 13:42:55,255 INFO  EvoClassLoader - Seeing class for first time: org.apache.hadoop.thirdparty.protobuf.TextFormatParseInfoTree$Builder
2024-11-12 13:42:55,255 INFO  EvoClassLoader - Instrumenting class 'org.apache.hadoop.thirdparty.protobuf.TextFormatParseInfoTree$Builder'.
2024-11-12 13:42:55,256 INFO  MethodCallReplacementClassAdapter - Adding mock interface to class org/apache/hadoop/thirdparty/protobuf/TextFormatParseInfoTree$Builder
2024-11-12 13:42:55,256 INFO  CreateClassResetClassAdapter - Creating brand-new static initializer in class org/apache/hadoop/thirdparty/protobuf/TextFormatParseInfoTree$Builder
2024-11-12 13:42:55,256 INFO  EvoClassLoader - Keeping class: org.apache.hadoop.thirdparty.protobuf.TextFormatParseInfoTree$Builder
2024-11-12 13:42:55,256 INFO  EvoClassLoader - Seeing class for first time: org.apache.hadoop.thirdparty.protobuf.DescriptorProtos$EnumDescriptorProto$EnumReservedRange$Builder
2024-11-12 13:42:55,256 INFO  EvoClassLoader - Instrumenting class 'org.apache.hadoop.thirdparty.protobuf.DescriptorProtos$EnumDescriptorProto$EnumReservedRange$Builder'.
2024-11-12 13:42:55,256 INFO  MethodCallReplacementClassAdapter - Adding mock interface to class org/apache/hadoop/thirdparty/protobuf/DescriptorProtos$EnumDescriptorProto$EnumReservedRange$Builder
2024-11-12 13:42:55,257 INFO  CreateClassResetClassAdapter - Creating brand-new static initializer in class org/apache/hadoop/thirdparty/protobuf/DescriptorProtos$EnumDescriptorProto$EnumReservedRange$Builder
2024-11-12 13:42:55,257 INFO  EvoClassLoader - Keeping class: org.apache.hadoop.thirdparty.protobuf.DescriptorProtos$EnumDescriptorProto$EnumReservedRange$Builder
2024-11-12 13:42:55,257 INFO  EvoClassLoader - Seeing class for first time: org.apache.hadoop.thirdparty.protobuf.DescriptorProtos$EnumOptions$Builder
2024-11-12 13:42:55,257 INFO  EvoClassLoader - Instrumenting class 'org.apache.hadoop.thirdparty.protobuf.DescriptorProtos$EnumOptions$Builder'.
2024-11-12 13:42:55,258 INFO  MethodCallReplacementClassAdapter - Adding mock interface to class org/apache/hadoop/thirdparty/protobuf/DescriptorProtos$EnumOptions$Builder
2024-11-12 13:42:55,258 INFO  CreateClassResetClassAdapter - Creating brand-new static initializer in class org/apache/hadoop/thirdparty/protobuf/DescriptorProtos$EnumOptions$Builder
2024-11-12 13:42:55,259 INFO  EvoClassLoader - Keeping class: org.apache.hadoop.thirdparty.protobuf.DescriptorProtos$EnumOptions$Builder
2024-11-12 13:42:55,259 INFO  EvoClassLoader - Seeing class for first time: org.apache.hadoop.thirdparty.protobuf.DescriptorProtos$UninterpretedOption$NamePartOrBuilder
2024-11-12 13:42:55,259 INFO  EvoClassLoader - Instrumenting class 'org.apache.hadoop.thirdparty.protobuf.DescriptorProtos$UninterpretedOption$NamePartOrBuilder'.
2024-11-12 13:42:55,259 INFO  EvoClassLoader - Keeping class: org.apache.hadoop.thirdparty.protobuf.DescriptorProtos$UninterpretedOption$NamePartOrBuilder
2024-11-12 13:42:55,259 INFO  EvoClassLoader - Seeing class for first time: org.apache.hadoop.thirdparty.protobuf.DescriptorProtos$UninterpretedOption$NamePart
2024-11-12 13:42:55,259 INFO  EvoClassLoader - Instrumenting class 'org.apache.hadoop.thirdparty.protobuf.DescriptorProtos$UninterpretedOption$NamePart'.
2024-11-12 13:42:55,260 INFO  MethodCallReplacementClassAdapter - Adding mock interface to class org/apache/hadoop/thirdparty/protobuf/DescriptorProtos$UninterpretedOption$NamePart
2024-11-12 13:42:55,260 INFO  CreateClassResetClassAdapter - Found static initializer in class org/apache/hadoop/thirdparty/protobuf/DescriptorProtos$UninterpretedOption$NamePart
2024-11-12 13:42:55,260 INFO  EvoClassLoader - Keeping class: org.apache.hadoop.thirdparty.protobuf.DescriptorProtos$UninterpretedOption$NamePart
2024-11-12 13:42:55,260 INFO  EvoClassLoader - Seeing class for first time: org.eclipse.jetty.util.LeakDetector$LeakInfo
2024-11-12 13:42:55,260 INFO  EvoClassLoader - Instrumenting class 'org.eclipse.jetty.util.LeakDetector$LeakInfo'.
2024-11-12 13:42:55,260 INFO  MethodCallReplacementClassAdapter - Adding mock interface to class org/eclipse/jetty/util/LeakDetector$LeakInfo
2024-11-12 13:42:55,261 INFO  CreateClassResetClassAdapter - Creating brand-new static initializer in class org/eclipse/jetty/util/LeakDetector$LeakInfo
2024-11-12 13:42:55,261 INFO  EvoClassLoader - Keeping class: org.eclipse.jetty.util.LeakDetector$LeakInfo
2024-11-12 13:42:55,262 INFO  EvoClassLoader - Seeing class for first time: org.apache.hadoop.thirdparty.protobuf.DescriptorProtos$EnumValueOptions$Builder
2024-11-12 13:42:55,262 INFO  EvoClassLoader - Instrumenting class 'org.apache.hadoop.thirdparty.protobuf.DescriptorProtos$EnumValueOptions$Builder'.
2024-11-12 13:42:55,262 INFO  MethodCallReplacementClassAdapter - Adding mock interface to class org/apache/hadoop/thirdparty/protobuf/DescriptorProtos$EnumValueOptions$Builder
2024-11-12 13:42:55,263 INFO  CreateClassResetClassAdapter - Creating brand-new static initializer in class org/apache/hadoop/thirdparty/protobuf/DescriptorProtos$EnumValueOptions$Builder
2024-11-12 13:42:55,263 INFO  EvoClassLoader - Keeping class: org.apache.hadoop.thirdparty.protobuf.DescriptorProtos$EnumValueOptions$Builder
2024-11-12 13:42:55,263 INFO  EvoClassLoader - Seeing class for first time: org.apache.hadoop.thirdparty.protobuf.MessageReflection$MergeTarget$ContainerType
2024-11-12 13:42:55,263 INFO  EvoClassLoader - Instrumenting class 'org.apache.hadoop.thirdparty.protobuf.MessageReflection$MergeTarget$ContainerType'.
2024-11-12 13:42:55,264 INFO  MethodCallReplacementClassAdapter - Adding mock interface to class org/apache/hadoop/thirdparty/protobuf/MessageReflection$MergeTarget$ContainerType
2024-11-12 13:42:55,264 INFO  CreateClassResetClassAdapter - Found static initializer in class org/apache/hadoop/thirdparty/protobuf/MessageReflection$MergeTarget$ContainerType
2024-11-12 13:42:55,264 INFO  EvoClassLoader - Keeping class: org.apache.hadoop.thirdparty.protobuf.MessageReflection$MergeTarget$ContainerType
2024-11-12 13:42:55,264 INFO  EvoClassLoader - Seeing class for first time: org.apache.hadoop.thirdparty.protobuf.TextFormat$Tokenizer
2024-11-12 13:42:55,264 INFO  EvoClassLoader - Instrumenting class 'org.apache.hadoop.thirdparty.protobuf.TextFormat$Tokenizer'.
2024-11-12 13:42:55,264 INFO  MethodCallReplacementClassAdapter - Adding mock interface to class org/apache/hadoop/thirdparty/protobuf/TextFormat$Tokenizer
2024-11-12 13:42:55,265 INFO  CreateClassResetClassAdapter - Found static initializer in class org/apache/hadoop/thirdparty/protobuf/TextFormat$Tokenizer
2024-11-12 13:42:55,265 INFO  EvoClassLoader - Keeping class: org.apache.hadoop.thirdparty.protobuf.TextFormat$Tokenizer
2024-11-12 13:42:55,266 INFO  EvoClassLoader - Seeing class for first time: org.apache.hadoop.thirdparty.protobuf.Descriptors$FileDescriptor$InternalDescriptorAssigner
2024-11-12 13:42:55,266 INFO  EvoClassLoader - Instrumenting class 'org.apache.hadoop.thirdparty.protobuf.Descriptors$FileDescriptor$InternalDescriptorAssigner'.
2024-11-12 13:42:55,266 INFO  EvoClassLoader - Keeping class: org.apache.hadoop.thirdparty.protobuf.Descriptors$FileDescriptor$InternalDescriptorAssigner
2024-11-12 13:42:55,266 INFO  EvoClassLoader - Seeing class for first time: org.apache.hadoop.hdfs.protocol.proto.HdfsServerProtos$VersionResponseProto$Builder
2024-11-12 13:42:55,266 INFO  EvoClassLoader - Instrumenting class 'org.apache.hadoop.hdfs.protocol.proto.HdfsServerProtos$VersionResponseProto$Builder'.
2024-11-12 13:42:55,267 INFO  MethodCallReplacementClassAdapter - Adding mock interface to class org/apache/hadoop/hdfs/protocol/proto/HdfsServerProtos$VersionResponseProto$Builder
2024-11-12 13:42:55,267 INFO  CreateClassResetClassAdapter - Creating brand-new static initializer in class org/apache/hadoop/hdfs/protocol/proto/HdfsServerProtos$VersionResponseProto$Builder
2024-11-12 13:42:55,268 INFO  EvoClassLoader - Keeping class: org.apache.hadoop.hdfs.protocol.proto.HdfsServerProtos$VersionResponseProto$Builder
2024-11-12 13:42:55,268 INFO  EvoClassLoader - Seeing class for first time: org.apache.hadoop.io.ByteBufferPool
2024-11-12 13:42:55,268 INFO  EvoClassLoader - Instrumenting class 'org.apache.hadoop.io.ByteBufferPool'.
2024-11-12 13:42:55,268 INFO  EvoClassLoader - Keeping class: org.apache.hadoop.io.ByteBufferPool
2024-11-12 13:42:55,269 INFO  EvoClassLoader - Seeing class for first time: org.apache.hadoop.thirdparty.protobuf.DescriptorProtos$GeneratedCodeInfo$AnnotationOrBuilder
2024-11-12 13:42:55,269 INFO  EvoClassLoader - Instrumenting class 'org.apache.hadoop.thirdparty.protobuf.DescriptorProtos$GeneratedCodeInfo$AnnotationOrBuilder'.
2024-11-12 13:42:55,269 INFO  EvoClassLoader - Keeping class: org.apache.hadoop.thirdparty.protobuf.DescriptorProtos$GeneratedCodeInfo$AnnotationOrBuilder
2024-11-12 13:42:55,269 INFO  EvoClassLoader - Seeing class for first time: org.apache.hadoop.thirdparty.protobuf.DescriptorProtos$GeneratedCodeInfo$Annotation
2024-11-12 13:42:55,269 INFO  EvoClassLoader - Instrumenting class 'org.apache.hadoop.thirdparty.protobuf.DescriptorProtos$GeneratedCodeInfo$Annotation'.
2024-11-12 13:42:55,269 INFO  MethodCallReplacementClassAdapter - Adding mock interface to class org/apache/hadoop/thirdparty/protobuf/DescriptorProtos$GeneratedCodeInfo$Annotation
2024-11-12 13:42:55,270 INFO  CreateClassResetClassAdapter - Found static initializer in class org/apache/hadoop/thirdparty/protobuf/DescriptorProtos$GeneratedCodeInfo$Annotation
2024-11-12 13:42:55,270 INFO  EvoClassLoader - Keeping class: org.apache.hadoop.thirdparty.protobuf.DescriptorProtos$GeneratedCodeInfo$Annotation
2024-11-12 13:42:55,270 INFO  EvoClassLoader - Seeing class for first time: org.apache.hadoop.thirdparty.protobuf.DescriptorProtos$MethodOptions$Builder
2024-11-12 13:42:55,270 INFO  EvoClassLoader - Instrumenting class 'org.apache.hadoop.thirdparty.protobuf.DescriptorProtos$MethodOptions$Builder'.
2024-11-12 13:42:55,271 INFO  MethodCallReplacementClassAdapter - Adding mock interface to class org/apache/hadoop/thirdparty/protobuf/DescriptorProtos$MethodOptions$Builder
2024-11-12 13:42:55,272 INFO  CreateClassResetClassAdapter - Creating brand-new static initializer in class org/apache/hadoop/thirdparty/protobuf/DescriptorProtos$MethodOptions$Builder
2024-11-12 13:42:55,272 INFO  EvoClassLoader - Keeping class: org.apache.hadoop.thirdparty.protobuf.DescriptorProtos$MethodOptions$Builder
2024-11-12 13:42:55,273 INFO  EvoClassLoader - Seeing class for first time: org.apache.hadoop.security.Credentials
2024-11-12 13:42:55,273 INFO  EvoClassLoader - Instrumenting class 'org.apache.hadoop.security.Credentials'.
2024-11-12 13:42:55,273 INFO  MethodCallReplacementClassAdapter - Adding mock interface to class org/apache/hadoop/security/Credentials
2024-11-12 13:42:55,274 INFO  CreateClassResetClassAdapter - Found static initializer in class org/apache/hadoop/security/Credentials
2024-11-12 13:42:55,275 INFO  EvoClassLoader - Keeping class: org.apache.hadoop.security.Credentials
2024-11-12 13:42:55,275 INFO  EvoClassLoader - Seeing class for first time: org.apache.hadoop.thirdparty.protobuf.Extension$MessageType
2024-11-12 13:42:55,275 INFO  EvoClassLoader - Instrumenting class 'org.apache.hadoop.thirdparty.protobuf.Extension$MessageType'.
2024-11-12 13:42:55,275 INFO  MethodCallReplacementClassAdapter - Adding mock interface to class org/apache/hadoop/thirdparty/protobuf/Extension$MessageType
2024-11-12 13:42:55,275 INFO  CreateClassResetClassAdapter - Found static initializer in class org/apache/hadoop/thirdparty/protobuf/Extension$MessageType
2024-11-12 13:42:55,275 INFO  EvoClassLoader - Keeping class: org.apache.hadoop.thirdparty.protobuf.Extension$MessageType
2024-11-12 13:42:55,275 INFO  EvoClassLoader - Seeing class for first time: org.apache.hadoop.thirdparty.protobuf.Option$Builder
2024-11-12 13:42:55,275 INFO  EvoClassLoader - Instrumenting class 'org.apache.hadoop.thirdparty.protobuf.Option$Builder'.
2024-11-12 13:42:55,276 INFO  MethodCallReplacementClassAdapter - Adding mock interface to class org/apache/hadoop/thirdparty/protobuf/Option$Builder
2024-11-12 13:42:55,276 INFO  CreateClassResetClassAdapter - Creating brand-new static initializer in class org/apache/hadoop/thirdparty/protobuf/Option$Builder
2024-11-12 13:42:55,277 INFO  EvoClassLoader - Keeping class: org.apache.hadoop.thirdparty.protobuf.Option$Builder
2024-11-12 13:42:55,277 INFO  EvoClassLoader - Seeing class for first time: org.apache.hadoop.hdfs.protocol.proto.NamenodeProtocolProtos$GetMostRecentCheckpointTxIdRequestProto$Builder
2024-11-12 13:42:55,277 INFO  EvoClassLoader - Instrumenting class 'org.apache.hadoop.hdfs.protocol.proto.NamenodeProtocolProtos$GetMostRecentCheckpointTxIdRequestProto$Builder'.
2024-11-12 13:42:55,278 INFO  MethodCallReplacementClassAdapter - Adding mock interface to class org/apache/hadoop/hdfs/protocol/proto/NamenodeProtocolProtos$GetMostRecentCheckpointTxIdRequestProto$Builder
2024-11-12 13:42:55,278 INFO  CreateClassResetClassAdapter - Creating brand-new static initializer in class org/apache/hadoop/hdfs/protocol/proto/NamenodeProtocolProtos$GetMostRecentCheckpointTxIdRequestProto$Builder
2024-11-12 13:42:55,279 INFO  EvoClassLoader - Keeping class: org.apache.hadoop.hdfs.protocol.proto.NamenodeProtocolProtos$GetMostRecentCheckpointTxIdRequestProto$Builder
2024-11-12 13:42:55,279 INFO  EvoClassLoader - Seeing class for first time: org.apache.hadoop.hdfs.server.datanode.Replica
2024-11-12 13:42:55,279 INFO  EvoClassLoader - Instrumenting class 'org.apache.hadoop.hdfs.server.datanode.Replica'.
2024-11-12 13:42:55,279 INFO  EvoClassLoader - Defined package (3): package org.apache.hadoop.hdfs.server.datanode, 2052922021
2024-11-12 13:42:55,279 INFO  EvoClassLoader - Keeping class: org.apache.hadoop.hdfs.server.datanode.Replica
2024-11-12 13:42:55,279 INFO  EvoClassLoader - Seeing class for first time: com.ctc.wstx.dtd.DTDId
2024-11-12 13:42:55,279 INFO  EvoClassLoader - Instrumenting class 'com.ctc.wstx.dtd.DTDId'.
2024-11-12 13:42:55,279 INFO  MethodCallReplacementClassAdapter - Adding mock interface to class com/ctc/wstx/dtd/DTDId
2024-11-12 13:42:55,280 INFO  CreateClassResetClassAdapter - Creating brand-new static initializer in class com/ctc/wstx/dtd/DTDId
2024-11-12 13:42:55,280 INFO  EvoClassLoader - Defined package (3): package com.ctc.wstx.dtd, -1605853969
2024-11-12 13:42:55,280 INFO  EvoClassLoader - Keeping class: com.ctc.wstx.dtd.DTDId
2024-11-12 13:42:55,280 INFO  EvoClassLoader - Seeing class for first time: com.ctc.wstx.dtd.DTDSubset
2024-11-12 13:42:55,280 INFO  EvoClassLoader - Instrumenting class 'com.ctc.wstx.dtd.DTDSubset'.
2024-11-12 13:42:55,280 INFO  MethodCallReplacementClassAdapter - Adding mock interface to class com/ctc/wstx/dtd/DTDSubset
2024-11-12 13:42:55,280 INFO  CreateClassResetClassAdapter - Creating brand-new static initializer in class com/ctc/wstx/dtd/DTDSubset
2024-11-12 13:42:55,280 INFO  EvoClassLoader - Keeping class: com.ctc.wstx.dtd.DTDSubset
2024-11-12 13:42:55,280 INFO  EvoClassLoader - Seeing class for first time: org.apache.hadoop.thirdparty.protobuf.FieldSet$Builder
2024-11-12 13:42:55,280 INFO  EvoClassLoader - Instrumenting class 'org.apache.hadoop.thirdparty.protobuf.FieldSet$Builder'.
2024-11-12 13:42:55,281 INFO  MethodCallReplacementClassAdapter - Adding mock interface to class org/apache/hadoop/thirdparty/protobuf/FieldSet$Builder
2024-11-12 13:42:55,282 INFO  CreateClassResetClassAdapter - Creating brand-new static initializer in class org/apache/hadoop/thirdparty/protobuf/FieldSet$Builder
2024-11-12 13:42:55,282 INFO  EvoClassLoader - Keeping class: org.apache.hadoop.thirdparty.protobuf.FieldSet$Builder
2024-11-12 13:42:55,283 INFO  EvoClassLoader - Seeing class for first time: org.apache.hadoop.thirdparty.protobuf.DescriptorProtos$SourceCodeInfo$Builder
2024-11-12 13:42:55,283 INFO  EvoClassLoader - Instrumenting class 'org.apache.hadoop.thirdparty.protobuf.DescriptorProtos$SourceCodeInfo$Builder'.
2024-11-12 13:42:55,283 INFO  MethodCallReplacementClassAdapter - Adding mock interface to class org/apache/hadoop/thirdparty/protobuf/DescriptorProtos$SourceCodeInfo$Builder
2024-11-12 13:42:55,284 INFO  CreateClassResetClassAdapter - Creating brand-new static initializer in class org/apache/hadoop/thirdparty/protobuf/DescriptorProtos$SourceCodeInfo$Builder
2024-11-12 13:42:55,285 INFO  EvoClassLoader - Keeping class: org.apache.hadoop.thirdparty.protobuf.DescriptorProtos$SourceCodeInfo$Builder
2024-11-12 13:42:55,285 INFO  EvoClassLoader - Seeing class for first time: org.apache.hadoop.thirdparty.protobuf.DescriptorProtos$SourceCodeInfo$LocationOrBuilder
2024-11-12 13:42:55,285 INFO  EvoClassLoader - Instrumenting class 'org.apache.hadoop.thirdparty.protobuf.DescriptorProtos$SourceCodeInfo$LocationOrBuilder'.
2024-11-12 13:42:55,285 INFO  EvoClassLoader - Keeping class: org.apache.hadoop.thirdparty.protobuf.DescriptorProtos$SourceCodeInfo$LocationOrBuilder
2024-11-12 13:42:55,285 INFO  EvoClassLoader - Seeing class for first time: org.apache.hadoop.thirdparty.protobuf.DescriptorProtos$SourceCodeInfo$Location
2024-11-12 13:42:55,285 INFO  EvoClassLoader - Instrumenting class 'org.apache.hadoop.thirdparty.protobuf.DescriptorProtos$SourceCodeInfo$Location'.
2024-11-12 13:42:55,285 INFO  MethodCallReplacementClassAdapter - Adding mock interface to class org/apache/hadoop/thirdparty/protobuf/DescriptorProtos$SourceCodeInfo$Location
2024-11-12 13:42:55,286 INFO  CreateClassResetClassAdapter - Found static initializer in class org/apache/hadoop/thirdparty/protobuf/DescriptorProtos$SourceCodeInfo$Location
2024-11-12 13:42:55,286 INFO  EvoClassLoader - Keeping class: org.apache.hadoop.thirdparty.protobuf.DescriptorProtos$SourceCodeInfo$Location
2024-11-12 13:42:55,286 INFO  EvoClassLoader - Seeing class for first time: org.apache.hadoop.thirdparty.protobuf.Any
2024-11-12 13:42:55,286 INFO  EvoClassLoader - Instrumenting class 'org.apache.hadoop.thirdparty.protobuf.Any'.
2024-11-12 13:42:55,287 INFO  MethodCallReplacementClassAdapter - Adding mock interface to class org/apache/hadoop/thirdparty/protobuf/Any
2024-11-12 13:42:55,287 INFO  CreateClassResetClassAdapter - Found static initializer in class org/apache/hadoop/thirdparty/protobuf/Any
2024-11-12 13:42:55,288 INFO  EvoClassLoader - Keeping class: org.apache.hadoop.thirdparty.protobuf.Any
2024-11-12 13:42:55,289 INFO  EvoClassLoader - Seeing class for first time: org.apache.hadoop.hdfs.protocol.proto.HdfsServerProtos$VersionRequestProto$Builder
2024-11-12 13:42:55,289 INFO  EvoClassLoader - Instrumenting class 'org.apache.hadoop.hdfs.protocol.proto.HdfsServerProtos$VersionRequestProto$Builder'.
2024-11-12 13:42:55,289 INFO  MethodCallReplacementClassAdapter - Adding mock interface to class org/apache/hadoop/hdfs/protocol/proto/HdfsServerProtos$VersionRequestProto$Builder
2024-11-12 13:42:55,290 INFO  CreateClassResetClassAdapter - Creating brand-new static initializer in class org/apache/hadoop/hdfs/protocol/proto/HdfsServerProtos$VersionRequestProto$Builder
2024-11-12 13:42:55,290 INFO  EvoClassLoader - Keeping class: org.apache.hadoop.hdfs.protocol.proto.HdfsServerProtos$VersionRequestProto$Builder
2024-11-12 13:42:55,290 INFO  EvoClassLoader - Seeing class for first time: org.apache.hadoop.thirdparty.protobuf.DescriptorProtos$OneofOptions$Builder
2024-11-12 13:42:55,290 INFO  EvoClassLoader - Instrumenting class 'org.apache.hadoop.thirdparty.protobuf.DescriptorProtos$OneofOptions$Builder'.
2024-11-12 13:42:55,290 INFO  MethodCallReplacementClassAdapter - Adding mock interface to class org/apache/hadoop/thirdparty/protobuf/DescriptorProtos$OneofOptions$Builder
2024-11-12 13:42:55,291 INFO  CreateClassResetClassAdapter - Creating brand-new static initializer in class org/apache/hadoop/thirdparty/protobuf/DescriptorProtos$OneofOptions$Builder
2024-11-12 13:42:55,292 INFO  EvoClassLoader - Keeping class: org.apache.hadoop.thirdparty.protobuf.DescriptorProtos$OneofOptions$Builder
2024-11-12 13:42:55,292 INFO  EvoClassLoader - Seeing class for first time: org.apache.hadoop.fs.statistics.IOStatistics
2024-11-12 13:42:55,292 INFO  EvoClassLoader - Instrumenting class 'org.apache.hadoop.fs.statistics.IOStatistics'.
2024-11-12 13:42:55,292 INFO  EvoClassLoader - Keeping class: org.apache.hadoop.fs.statistics.IOStatistics
2024-11-12 13:42:55,293 INFO  EvoClassLoader - Seeing class for first time: org.apache.hadoop.thirdparty.protobuf.DescriptorProtos$MethodOptions$IdempotencyLevel
2024-11-12 13:42:55,293 INFO  EvoClassLoader - Instrumenting class 'org.apache.hadoop.thirdparty.protobuf.DescriptorProtos$MethodOptions$IdempotencyLevel'.
2024-11-12 13:42:55,294 INFO  MethodCallReplacementClassAdapter - Adding mock interface to class org/apache/hadoop/thirdparty/protobuf/DescriptorProtos$MethodOptions$IdempotencyLevel
2024-11-12 13:42:55,294 INFO  CreateClassResetClassAdapter - Found static initializer in class org/apache/hadoop/thirdparty/protobuf/DescriptorProtos$MethodOptions$IdempotencyLevel
2024-11-12 13:42:55,294 INFO  EvoClassLoader - Keeping class: org.apache.hadoop.thirdparty.protobuf.DescriptorProtos$MethodOptions$IdempotencyLevel
2024-11-12 13:42:55,295 INFO  EvoClassLoader - Seeing class for first time: org.codehaus.stax2.typed.Base64Variant
2024-11-12 13:42:55,295 INFO  EvoClassLoader - Instrumenting class 'org.codehaus.stax2.typed.Base64Variant'.
2024-11-12 13:42:55,295 INFO  MethodCallReplacementClassAdapter - Adding mock interface to class org/codehaus/stax2/typed/Base64Variant
2024-11-12 13:42:55,296 INFO  CreateClassResetClassAdapter - Creating brand-new static initializer in class org/codehaus/stax2/typed/Base64Variant
2024-11-12 13:42:55,296 INFO  CreateClassResetClassAdapter - Adding bytecode for initializing field PADDING_CHAR_NONE
2024-11-12 13:42:55,296 INFO  CreateClassResetClassAdapter - Adding bytecode for initializing field BASE64_VALUE_INVALID
2024-11-12 13:42:55,296 INFO  CreateClassResetClassAdapter - Adding bytecode for initializing field BASE64_VALUE_PADDING
2024-11-12 13:42:55,296 INFO  EvoClassLoader - Keeping class: org.codehaus.stax2.typed.Base64Variant
2024-11-12 13:42:55,297 INFO  EvoClassLoader - Seeing class for first time: com.ctc.wstx.dtd.DTDEventListener
2024-11-12 13:42:55,297 INFO  EvoClassLoader - Instrumenting class 'com.ctc.wstx.dtd.DTDEventListener'.
2024-11-12 13:42:55,298 INFO  EvoClassLoader - Keeping class: com.ctc.wstx.dtd.DTDEventListener
2024-11-12 13:42:55,298 INFO  EvoClassLoader - Seeing class for first time: org.apache.hadoop.thirdparty.protobuf.ArrayDecoders$Registers
2024-11-12 13:42:55,298 INFO  EvoClassLoader - Instrumenting class 'org.apache.hadoop.thirdparty.protobuf.ArrayDecoders$Registers'.
2024-11-12 13:42:55,299 INFO  MethodCallReplacementClassAdapter - Adding mock interface to class org/apache/hadoop/thirdparty/protobuf/ArrayDecoders$Registers
2024-11-12 13:42:55,299 INFO  CreateClassResetClassAdapter - Creating brand-new static initializer in class org/apache/hadoop/thirdparty/protobuf/ArrayDecoders$Registers
2024-11-12 13:42:55,299 INFO  EvoClassLoader - Keeping class: org.apache.hadoop.thirdparty.protobuf.ArrayDecoders$Registers
2024-11-12 13:42:55,301 INFO  EvoClassLoader - Seeing class for first time: org.eclipse.jetty.util.resource.Resource
2024-11-12 13:42:55,301 INFO  EvoClassLoader - Instrumenting class 'org.eclipse.jetty.util.resource.Resource'.
2024-11-12 13:42:55,301 INFO  MethodCallReplacementClassAdapter - Adding mock interface to class org/eclipse/jetty/util/resource/Resource
2024-11-12 13:42:55,304 INFO  CreateClassResetClassAdapter - Found static initializer in class org/eclipse/jetty/util/resource/Resource
2024-11-12 13:42:55,304 INFO  EvoClassLoader - Defined package (3): package org.eclipse.jetty.util.resource, -375223495
2024-11-12 13:42:55,304 INFO  EvoClassLoader - Seeing class for first time: org.eclipse.jetty.util.resource.ResourceFactory
2024-11-12 13:42:55,304 INFO  EvoClassLoader - Instrumenting class 'org.eclipse.jetty.util.resource.ResourceFactory'.
2024-11-12 13:42:55,304 INFO  EvoClassLoader - Keeping class: org.eclipse.jetty.util.resource.ResourceFactory
2024-11-12 13:42:55,305 INFO  EvoClassLoader - Keeping class: org.eclipse.jetty.util.resource.Resource
2024-11-12 13:42:55,307 INFO  EvoClassLoader - Seeing class for first time: org.apache.hadoop.thirdparty.protobuf.DescriptorProtos$GeneratedCodeInfo$Builder
2024-11-12 13:42:55,307 INFO  EvoClassLoader - Instrumenting class 'org.apache.hadoop.thirdparty.protobuf.DescriptorProtos$GeneratedCodeInfo$Builder'.
2024-11-12 13:42:55,307 INFO  MethodCallReplacementClassAdapter - Adding mock interface to class org/apache/hadoop/thirdparty/protobuf/DescriptorProtos$GeneratedCodeInfo$Builder
2024-11-12 13:42:55,308 INFO  CreateClassResetClassAdapter - Creating brand-new static initializer in class org/apache/hadoop/thirdparty/protobuf/DescriptorProtos$GeneratedCodeInfo$Builder
2024-11-12 13:42:55,309 INFO  EvoClassLoader - Keeping class: org.apache.hadoop.thirdparty.protobuf.DescriptorProtos$GeneratedCodeInfo$Builder
2024-11-12 13:42:55,309 INFO  EvoClassLoader - Seeing class for first time: org.apache.hadoop.hdfs.protocol.proto.HdfsServerProtos$RecoveringBlockProto$Builder
2024-11-12 13:42:55,309 INFO  EvoClassLoader - Instrumenting class 'org.apache.hadoop.hdfs.protocol.proto.HdfsServerProtos$RecoveringBlockProto$Builder'.
2024-11-12 13:42:55,310 INFO  MethodCallReplacementClassAdapter - Adding mock interface to class org/apache/hadoop/hdfs/protocol/proto/HdfsServerProtos$RecoveringBlockProto$Builder
2024-11-12 13:42:55,311 INFO  CreateClassResetClassAdapter - Creating brand-new static initializer in class org/apache/hadoop/hdfs/protocol/proto/HdfsServerProtos$RecoveringBlockProto$Builder
2024-11-12 13:42:55,312 INFO  EvoClassLoader - Keeping class: org.apache.hadoop.hdfs.protocol.proto.HdfsServerProtos$RecoveringBlockProto$Builder
2024-11-12 13:42:55,313 INFO  EvoClassLoader - Seeing class for first time: org.codehaus.stax2.validation.ValidationProblemHandler
2024-11-12 13:42:55,313 INFO  EvoClassLoader - Instrumenting class 'org.codehaus.stax2.validation.ValidationProblemHandler'.
2024-11-12 13:42:55,313 INFO  EvoClassLoader - Keeping class: org.codehaus.stax2.validation.ValidationProblemHandler
2024-11-12 13:42:55,332 INFO  EvoClassLoader - Seeing class for first time: libcore.io.Memory
2024-11-12 13:42:55,332 INFO  EvoClassLoader - Instrumenting class 'libcore.io.Memory'.
2024-11-12 13:42:55,333 INFO  EvoClassLoader - Error while loading class: java.lang.ClassNotFoundException: Class 'libcore/io/Memory.class' should be in target project, but could not be found!
2024-11-12 13:42:55,333 INFO  EvoClassLoader - Seeing class for first time: org.robolectric.Robolectric
2024-11-12 13:42:55,333 INFO  EvoClassLoader - Instrumenting class 'org.robolectric.Robolectric'.
2024-11-12 13:42:55,333 INFO  EvoClassLoader - Error while loading class: java.lang.ClassNotFoundException: Class 'org/robolectric/Robolectric.class' should be in target project, but could not be found!
2024-11-12 13:42:55,333 INFO  EvoClassLoader - Seeing class for first time: org.apache.hadoop.thirdparty.protobuf.ByteString$AbstractByteIterator
2024-11-12 13:42:55,333 INFO  EvoClassLoader - Instrumenting class 'org.apache.hadoop.thirdparty.protobuf.ByteString$AbstractByteIterator'.
2024-11-12 13:42:55,334 INFO  MethodCallReplacementClassAdapter - Adding mock interface to class org/apache/hadoop/thirdparty/protobuf/ByteString$AbstractByteIterator
2024-11-12 13:42:55,334 INFO  CreateClassResetClassAdapter - Creating brand-new static initializer in class org/apache/hadoop/thirdparty/protobuf/ByteString$AbstractByteIterator
2024-11-12 13:42:55,334 INFO  EvoClassLoader - Keeping class: org.apache.hadoop.thirdparty.protobuf.ByteString$AbstractByteIterator
2024-11-12 13:42:55,335 INFO  EvoClassLoader - Seeing class for first time: org.apache.hadoop.thirdparty.protobuf.Utf8$DecodeUtil
2024-11-12 13:42:55,335 INFO  EvoClassLoader - Instrumenting class 'org.apache.hadoop.thirdparty.protobuf.Utf8$DecodeUtil'.
2024-11-12 13:42:55,335 INFO  MethodCallReplacementClassAdapter - Adding mock interface to class org/apache/hadoop/thirdparty/protobuf/Utf8$DecodeUtil
2024-11-12 13:42:55,335 INFO  CreateClassResetClassAdapter - Creating brand-new static initializer in class org/apache/hadoop/thirdparty/protobuf/Utf8$DecodeUtil
2024-11-12 13:42:55,336 INFO  EvoClassLoader - Keeping class: org.apache.hadoop.thirdparty.protobuf.Utf8$DecodeUtil
2024-11-12 13:42:55,338 INFO  EvoClassLoader - Seeing class for first time: org.apache.hadoop.thirdparty.protobuf.TextFormat$Parser$UnknownField
2024-11-12 13:42:55,338 INFO  EvoClassLoader - Instrumenting class 'org.apache.hadoop.thirdparty.protobuf.TextFormat$Parser$UnknownField'.
2024-11-12 13:42:55,338 INFO  MethodCallReplacementClassAdapter - Adding mock interface to class org/apache/hadoop/thirdparty/protobuf/TextFormat$Parser$UnknownField
2024-11-12 13:42:55,338 INFO  CreateClassResetClassAdapter - Creating brand-new static initializer in class org/apache/hadoop/thirdparty/protobuf/TextFormat$Parser$UnknownField
2024-11-12 13:42:55,338 INFO  EvoClassLoader - Keeping class: org.apache.hadoop.thirdparty.protobuf.TextFormat$Parser$UnknownField
2024-11-12 13:42:55,354 INFO  EvoClassLoader - Seeing class for first time: org.apache.hadoop.metrics2.annotation.Metric$Type
2024-11-12 13:42:55,354 INFO  EvoClassLoader - Instrumenting class 'org.apache.hadoop.metrics2.annotation.Metric$Type'.
2024-11-12 13:42:55,355 INFO  MethodCallReplacementClassAdapter - Adding mock interface to class org/apache/hadoop/metrics2/annotation/Metric$Type
2024-11-12 13:42:55,355 INFO  CreateClassResetClassAdapter - Found static initializer in class org/apache/hadoop/metrics2/annotation/Metric$Type
2024-11-12 13:42:55,355 INFO  EvoClassLoader - Defined package (3): package org.apache.hadoop.metrics2.annotation, 1989769083
2024-11-12 13:42:55,355 INFO  EvoClassLoader - Keeping class: org.apache.hadoop.metrics2.annotation.Metric$Type
2024-11-12 13:42:55,355 INFO  EvoClassLoader - Seeing class for first time: org.apache.hadoop.metrics2.annotation.Metric
2024-11-12 13:42:55,355 INFO  EvoClassLoader - Instrumenting class 'org.apache.hadoop.metrics2.annotation.Metric'.
2024-11-12 13:42:55,357 INFO  EvoClassLoader - Keeping class: org.apache.hadoop.metrics2.annotation.Metric
2024-11-12 13:42:55,357 INFO  EvoClassLoader - Seeing class for first time: net.bytebuddy.build.HashCodeAndEqualsPlugin$Enhance$InvokeSuper
2024-11-12 13:42:55,357 INFO  EvoClassLoader - Instrumenting class 'net.bytebuddy.build.HashCodeAndEqualsPlugin$Enhance$InvokeSuper'.
2024-11-12 13:42:55,357 INFO  MethodCallReplacementClassAdapter - Adding mock interface to class net/bytebuddy/build/HashCodeAndEqualsPlugin$Enhance$InvokeSuper
2024-11-12 13:42:55,358 INFO  CreateClassResetClassAdapter - Found static initializer in class net/bytebuddy/build/HashCodeAndEqualsPlugin$Enhance$InvokeSuper
2024-11-12 13:42:55,358 INFO  EvoClassLoader - Defined package (3): package net.bytebuddy.build, -1091202835
2024-11-12 13:42:55,358 INFO  EvoClassLoader - Keeping class: net.bytebuddy.build.HashCodeAndEqualsPlugin$Enhance$InvokeSuper
2024-11-12 13:42:55,358 INFO  EvoClassLoader - Seeing class for first time: net.bytebuddy.build.HashCodeAndEqualsPlugin$Enhance
2024-11-12 13:42:55,358 INFO  EvoClassLoader - Instrumenting class 'net.bytebuddy.build.HashCodeAndEqualsPlugin$Enhance'.
2024-11-12 13:42:55,358 INFO  EvoClassLoader - Keeping class: net.bytebuddy.build.HashCodeAndEqualsPlugin$Enhance
2024-11-12 13:42:55,358 INFO  EvoClassLoader - Seeing class for first time: net.bytebuddy.build.HashCodeAndEqualsPlugin
2024-11-12 13:42:55,358 INFO  EvoClassLoader - Instrumenting class 'net.bytebuddy.build.HashCodeAndEqualsPlugin'.
2024-11-12 13:42:55,359 INFO  MethodCallReplacementClassAdapter - Adding mock interface to class net/bytebuddy/build/HashCodeAndEqualsPlugin
2024-11-12 13:42:55,360 INFO  CreateClassResetClassAdapter - Creating brand-new static initializer in class net/bytebuddy/build/HashCodeAndEqualsPlugin
2024-11-12 13:42:55,360 INFO  EvoClassLoader - Seeing class for first time: net.bytebuddy.build.Plugin
2024-11-12 13:42:55,360 INFO  EvoClassLoader - Instrumenting class 'net.bytebuddy.build.Plugin'.
2024-11-12 13:42:55,361 INFO  EvoClassLoader - Seeing class for first time: net.bytebuddy.matcher.ElementMatcher
2024-11-12 13:42:55,361 INFO  EvoClassLoader - Instrumenting class 'net.bytebuddy.matcher.ElementMatcher'.
2024-11-12 13:42:55,361 INFO  EvoClassLoader - Defined package (3): package net.bytebuddy.matcher, -63983631
2024-11-12 13:42:55,361 INFO  EvoClassLoader - Keeping class: net.bytebuddy.matcher.ElementMatcher
2024-11-12 13:42:55,361 INFO  EvoClassLoader - Keeping class: net.bytebuddy.build.Plugin
2024-11-12 13:42:55,361 INFO  EvoClassLoader - Seeing class for first time: net.bytebuddy.build.Plugin$Factory
2024-11-12 13:42:55,361 INFO  EvoClassLoader - Instrumenting class 'net.bytebuddy.build.Plugin$Factory'.
2024-11-12 13:42:55,361 INFO  EvoClassLoader - Keeping class: net.bytebuddy.build.Plugin$Factory
2024-11-12 13:42:55,361 INFO  EvoClassLoader - Keeping class: net.bytebuddy.build.HashCodeAndEqualsPlugin
2024-11-12 13:42:55,361 INFO  EvoClassLoader - Seeing class for first time: net.bytebuddy.build.HashCodeAndEqualsPlugin$Enhance$InvokeSuper$1
2024-11-12 13:42:55,361 INFO  EvoClassLoader - Instrumenting class 'net.bytebuddy.build.HashCodeAndEqualsPlugin$Enhance$InvokeSuper$1'.
2024-11-12 13:42:55,361 INFO  MethodCallReplacementClassAdapter - Adding mock interface to class net/bytebuddy/build/HashCodeAndEqualsPlugin$Enhance$InvokeSuper$1
2024-11-12 13:42:55,364 INFO  EvoClassLoader - Keeping class: net.bytebuddy.build.HashCodeAndEqualsPlugin$Enhance$InvokeSuper$1
2024-11-12 13:42:55,364 INFO  EvoClassLoader - Seeing class for first time: net.bytebuddy.build.HashCodeAndEqualsPlugin$Enhance$InvokeSuper$2
2024-11-12 13:42:55,364 INFO  EvoClassLoader - Instrumenting class 'net.bytebuddy.build.HashCodeAndEqualsPlugin$Enhance$InvokeSuper$2'.
2024-11-12 13:42:55,364 INFO  MethodCallReplacementClassAdapter - Adding mock interface to class net/bytebuddy/build/HashCodeAndEqualsPlugin$Enhance$InvokeSuper$2
2024-11-12 13:42:55,364 INFO  EvoClassLoader - Keeping class: net.bytebuddy.build.HashCodeAndEqualsPlugin$Enhance$InvokeSuper$2
2024-11-12 13:42:55,364 INFO  EvoClassLoader - Seeing class for first time: net.bytebuddy.build.HashCodeAndEqualsPlugin$Enhance$InvokeSuper$3
2024-11-12 13:42:55,364 INFO  EvoClassLoader - Instrumenting class 'net.bytebuddy.build.HashCodeAndEqualsPlugin$Enhance$InvokeSuper$3'.
2024-11-12 13:42:55,364 INFO  MethodCallReplacementClassAdapter - Adding mock interface to class net/bytebuddy/build/HashCodeAndEqualsPlugin$Enhance$InvokeSuper$3
2024-11-12 13:42:55,365 INFO  EvoClassLoader - Keeping class: net.bytebuddy.build.HashCodeAndEqualsPlugin$Enhance$InvokeSuper$3
2024-11-12 13:42:55,365 INFO  EvoClassLoader - Seeing class for first time: net.bytebuddy.build.HashCodeAndEqualsPlugin$Enhance$InvokeSuper$4
2024-11-12 13:42:55,365 INFO  EvoClassLoader - Instrumenting class 'net.bytebuddy.build.HashCodeAndEqualsPlugin$Enhance$InvokeSuper$4'.
2024-11-12 13:42:55,365 INFO  MethodCallReplacementClassAdapter - Adding mock interface to class net/bytebuddy/build/HashCodeAndEqualsPlugin$Enhance$InvokeSuper$4
2024-11-12 13:42:55,365 INFO  EvoClassLoader - Keeping class: net.bytebuddy.build.HashCodeAndEqualsPlugin$Enhance$InvokeSuper$4
2024-11-12 13:42:55,365 INFO  EvoClassLoader - Seeing class for first time: net.bytebuddy.description.type.TypeDescription
2024-11-12 13:42:55,365 INFO  EvoClassLoader - Instrumenting class 'net.bytebuddy.description.type.TypeDescription'.
2024-11-12 13:42:55,365 INFO  EvoClassLoader - Defined package (3): package net.bytebuddy.description.type, 1043161613
2024-11-12 13:42:55,365 INFO  EvoClassLoader - Seeing class for first time: net.bytebuddy.description.type.TypeDefinition
2024-11-12 13:42:55,365 INFO  EvoClassLoader - Instrumenting class 'net.bytebuddy.description.type.TypeDefinition'.
2024-11-12 13:42:55,365 INFO  EvoClassLoader - Seeing class for first time: net.bytebuddy.description.NamedElement
2024-11-12 13:42:55,365 INFO  EvoClassLoader - Instrumenting class 'net.bytebuddy.description.NamedElement'.
2024-11-12 13:42:55,366 INFO  EvoClassLoader - Defined package (3): package net.bytebuddy.description, 348599099
2024-11-12 13:42:55,366 INFO  EvoClassLoader - Keeping class: net.bytebuddy.description.NamedElement
2024-11-12 13:42:55,366 INFO  EvoClassLoader - Seeing class for first time: net.bytebuddy.description.ModifierReviewable$ForTypeDefinition
2024-11-12 13:42:55,366 INFO  EvoClassLoader - Instrumenting class 'net.bytebuddy.description.ModifierReviewable$ForTypeDefinition'.
2024-11-12 13:42:55,366 INFO  EvoClassLoader - Seeing class for first time: net.bytebuddy.description.ModifierReviewable$OfAbstraction
2024-11-12 13:42:55,366 INFO  EvoClassLoader - Instrumenting class 'net.bytebuddy.description.ModifierReviewable$OfAbstraction'.
2024-11-12 13:42:55,366 INFO  EvoClassLoader - Seeing class for first time: net.bytebuddy.description.ModifierReviewable$OfByteCodeElement
2024-11-12 13:42:55,366 INFO  EvoClassLoader - Instrumenting class 'net.bytebuddy.description.ModifierReviewable$OfByteCodeElement'.
2024-11-12 13:42:55,366 INFO  EvoClassLoader - Seeing class for first time: net.bytebuddy.description.ModifierReviewable
2024-11-12 13:42:55,366 INFO  EvoClassLoader - Instrumenting class 'net.bytebuddy.description.ModifierReviewable'.
2024-11-12 13:42:55,366 INFO  EvoClassLoader - Keeping class: net.bytebuddy.description.ModifierReviewable
2024-11-12 13:42:55,366 INFO  EvoClassLoader - Keeping class: net.bytebuddy.description.ModifierReviewable$OfByteCodeElement
2024-11-12 13:42:55,366 INFO  EvoClassLoader - Keeping class: net.bytebuddy.description.ModifierReviewable$OfAbstraction
2024-11-12 13:42:55,366 INFO  EvoClassLoader - Seeing class for first time: net.bytebuddy.description.ModifierReviewable$OfEnumeration
2024-11-12 13:42:55,366 INFO  EvoClassLoader - Instrumenting class 'net.bytebuddy.description.ModifierReviewable$OfEnumeration'.
2024-11-12 13:42:55,366 INFO  EvoClassLoader - Keeping class: net.bytebuddy.description.ModifierReviewable$OfEnumeration
2024-11-12 13:42:55,366 INFO  EvoClassLoader - Keeping class: net.bytebuddy.description.ModifierReviewable$ForTypeDefinition
2024-11-12 13:42:55,366 INFO  EvoClassLoader - Keeping class: net.bytebuddy.description.type.TypeDefinition
2024-11-12 13:42:55,366 INFO  EvoClassLoader - Seeing class for first time: net.bytebuddy.description.ByteCodeElement
2024-11-12 13:42:55,366 INFO  EvoClassLoader - Instrumenting class 'net.bytebuddy.description.ByteCodeElement'.
2024-11-12 13:42:55,367 INFO  EvoClassLoader - Seeing class for first time: net.bytebuddy.description.NamedElement$WithRuntimeName
2024-11-12 13:42:55,367 INFO  EvoClassLoader - Instrumenting class 'net.bytebuddy.description.NamedElement$WithRuntimeName'.
2024-11-12 13:42:55,367 INFO  EvoClassLoader - Keeping class: net.bytebuddy.description.NamedElement$WithRuntimeName
2024-11-12 13:42:55,367 INFO  EvoClassLoader - Seeing class for first time: net.bytebuddy.description.DeclaredByType
2024-11-12 13:42:55,367 INFO  EvoClassLoader - Instrumenting class 'net.bytebuddy.description.DeclaredByType'.
2024-11-12 13:42:55,367 INFO  EvoClassLoader - Keeping class: net.bytebuddy.description.DeclaredByType
2024-11-12 13:42:55,367 INFO  EvoClassLoader - Seeing class for first time: net.bytebuddy.description.annotation.AnnotationSource
2024-11-12 13:42:55,367 INFO  EvoClassLoader - Instrumenting class 'net.bytebuddy.description.annotation.AnnotationSource'.
2024-11-12 13:42:55,367 INFO  EvoClassLoader - Defined package (3): package net.bytebuddy.description.annotation, -2027678782
2024-11-12 13:42:55,367 INFO  EvoClassLoader - Keeping class: net.bytebuddy.description.annotation.AnnotationSource
2024-11-12 13:42:55,367 INFO  EvoClassLoader - Keeping class: net.bytebuddy.description.ByteCodeElement
2024-11-12 13:42:55,367 INFO  EvoClassLoader - Seeing class for first time: net.bytebuddy.description.TypeVariableSource
2024-11-12 13:42:55,367 INFO  EvoClassLoader - Instrumenting class 'net.bytebuddy.description.TypeVariableSource'.
2024-11-12 13:42:55,367 INFO  EvoClassLoader - Keeping class: net.bytebuddy.description.TypeVariableSource
2024-11-12 13:42:55,367 INFO  EvoClassLoader - Keeping class: net.bytebuddy.description.type.TypeDescription
2024-11-12 13:42:55,367 INFO  EvoClassLoader - Seeing class for first time: net.bytebuddy.implementation.HashCodeMethod
2024-11-12 13:42:55,367 INFO  EvoClassLoader - Instrumenting class 'net.bytebuddy.implementation.HashCodeMethod'.
2024-11-12 13:42:55,368 INFO  MethodCallReplacementClassAdapter - Adding mock interface to class net/bytebuddy/implementation/HashCodeMethod
2024-11-12 13:42:55,368 INFO  CreateClassResetClassAdapter - Found static initializer in class net/bytebuddy/implementation/HashCodeMethod
2024-11-12 13:42:55,368 INFO  EvoClassLoader - Defined package (3): package net.bytebuddy.implementation, 1120813075
2024-11-12 13:42:55,369 INFO  EvoClassLoader - Seeing class for first time: net.bytebuddy.implementation.Implementation
2024-11-12 13:42:55,369 INFO  EvoClassLoader - Instrumenting class 'net.bytebuddy.implementation.Implementation'.
2024-11-12 13:42:55,369 INFO  EvoClassLoader - Seeing class for first time: net.bytebuddy.dynamic.scaffold.InstrumentedType$Prepareable
2024-11-12 13:42:55,369 INFO  EvoClassLoader - Instrumenting class 'net.bytebuddy.dynamic.scaffold.InstrumentedType$Prepareable'.
2024-11-12 13:42:55,369 INFO  EvoClassLoader - Defined package (3): package net.bytebuddy.dynamic.scaffold, 1693317350
2024-11-12 13:42:55,369 INFO  EvoClassLoader - Keeping class: net.bytebuddy.dynamic.scaffold.InstrumentedType$Prepareable
2024-11-12 13:42:55,369 INFO  EvoClassLoader - Keeping class: net.bytebuddy.implementation.Implementation
2024-11-12 13:42:55,369 INFO  EvoClassLoader - Keeping class: net.bytebuddy.implementation.HashCodeMethod
2024-11-12 13:42:55,369 INFO  EvoClassLoader - Seeing class for first time: net.bytebuddy.implementation.EqualsMethod
2024-11-12 13:42:55,369 INFO  EvoClassLoader - Instrumenting class 'net.bytebuddy.implementation.EqualsMethod'.
2024-11-12 13:42:55,369 INFO  MethodCallReplacementClassAdapter - Adding mock interface to class net/bytebuddy/implementation/EqualsMethod
2024-11-12 13:42:55,369 INFO  CreateClassResetClassAdapter - Found static initializer in class net/bytebuddy/implementation/EqualsMethod
2024-11-12 13:42:55,370 INFO  EvoClassLoader - Keeping class: net.bytebuddy.implementation.EqualsMethod
2024-11-12 13:42:55,370 INFO  EvoClassLoader - Seeing class for first time: net.bytebuddy.description.type.TypeDescription$Generic
2024-11-12 13:42:55,370 INFO  EvoClassLoader - Instrumenting class 'net.bytebuddy.description.type.TypeDescription$Generic'.
2024-11-12 13:42:55,370 INFO  EvoClassLoader - Keeping class: net.bytebuddy.description.type.TypeDescription$Generic
2024-11-12 13:42:55,370 INFO  EvoClassLoader - Seeing class for first time: org.assertj.core.internal.bytebuddy.build.HashCodeAndEqualsPlugin$Enhance$InvokeSuper
2024-11-12 13:42:55,370 INFO  EvoClassLoader - Instrumenting class 'org.assertj.core.internal.bytebuddy.build.HashCodeAndEqualsPlugin$Enhance$InvokeSuper'.
2024-11-12 13:42:55,371 INFO  MethodCallReplacementClassAdapter - Adding mock interface to class org/assertj/core/internal/bytebuddy/build/HashCodeAndEqualsPlugin$Enhance$InvokeSuper
2024-11-12 13:42:55,371 INFO  CreateClassResetClassAdapter - Found static initializer in class org/assertj/core/internal/bytebuddy/build/HashCodeAndEqualsPlugin$Enhance$InvokeSuper
2024-11-12 13:42:55,371 INFO  EvoClassLoader - Defined package (3): package org.assertj.core.internal.bytebuddy.build, -2103311512
2024-11-12 13:42:55,371 INFO  EvoClassLoader - Keeping class: org.assertj.core.internal.bytebuddy.build.HashCodeAndEqualsPlugin$Enhance$InvokeSuper
2024-11-12 13:42:55,371 INFO  EvoClassLoader - Seeing class for first time: org.assertj.core.internal.bytebuddy.build.HashCodeAndEqualsPlugin$Enhance
2024-11-12 13:42:55,371 INFO  EvoClassLoader - Instrumenting class 'org.assertj.core.internal.bytebuddy.build.HashCodeAndEqualsPlugin$Enhance'.
2024-11-12 13:42:55,371 INFO  EvoClassLoader - Keeping class: org.assertj.core.internal.bytebuddy.build.HashCodeAndEqualsPlugin$Enhance
2024-11-12 13:42:55,371 INFO  EvoClassLoader - Seeing class for first time: org.assertj.core.internal.bytebuddy.build.HashCodeAndEqualsPlugin
2024-11-12 13:42:55,371 INFO  EvoClassLoader - Instrumenting class 'org.assertj.core.internal.bytebuddy.build.HashCodeAndEqualsPlugin'.
2024-11-12 13:42:55,371 INFO  MethodCallReplacementClassAdapter - Adding mock interface to class org/assertj/core/internal/bytebuddy/build/HashCodeAndEqualsPlugin
2024-11-12 13:42:55,372 INFO  CreateClassResetClassAdapter - Creating brand-new static initializer in class org/assertj/core/internal/bytebuddy/build/HashCodeAndEqualsPlugin
2024-11-12 13:42:55,373 INFO  EvoClassLoader - Seeing class for first time: org.assertj.core.internal.bytebuddy.build.Plugin
2024-11-12 13:42:55,373 INFO  EvoClassLoader - Instrumenting class 'org.assertj.core.internal.bytebuddy.build.Plugin'.
2024-11-12 13:42:55,373 INFO  EvoClassLoader - Seeing class for first time: org.assertj.core.internal.bytebuddy.matcher.ElementMatcher
2024-11-12 13:42:55,373 INFO  EvoClassLoader - Instrumenting class 'org.assertj.core.internal.bytebuddy.matcher.ElementMatcher'.
2024-11-12 13:42:55,373 INFO  EvoClassLoader - Defined package (3): package org.assertj.core.internal.bytebuddy.matcher, -2037813332
2024-11-12 13:42:55,373 INFO  EvoClassLoader - Keeping class: org.assertj.core.internal.bytebuddy.matcher.ElementMatcher
2024-11-12 13:42:55,373 INFO  EvoClassLoader - Keeping class: org.assertj.core.internal.bytebuddy.build.Plugin
2024-11-12 13:42:55,373 INFO  EvoClassLoader - Seeing class for first time: org.assertj.core.internal.bytebuddy.build.Plugin$Factory
2024-11-12 13:42:55,373 INFO  EvoClassLoader - Instrumenting class 'org.assertj.core.internal.bytebuddy.build.Plugin$Factory'.
2024-11-12 13:42:55,373 INFO  EvoClassLoader - Keeping class: org.assertj.core.internal.bytebuddy.build.Plugin$Factory
2024-11-12 13:42:55,373 INFO  EvoClassLoader - Keeping class: org.assertj.core.internal.bytebuddy.build.HashCodeAndEqualsPlugin
2024-11-12 13:42:55,373 INFO  EvoClassLoader - Seeing class for first time: org.assertj.core.internal.bytebuddy.build.HashCodeAndEqualsPlugin$Enhance$InvokeSuper$1
2024-11-12 13:42:55,373 INFO  EvoClassLoader - Instrumenting class 'org.assertj.core.internal.bytebuddy.build.HashCodeAndEqualsPlugin$Enhance$InvokeSuper$1'.
2024-11-12 13:42:55,373 INFO  MethodCallReplacementClassAdapter - Adding mock interface to class org/assertj/core/internal/bytebuddy/build/HashCodeAndEqualsPlugin$Enhance$InvokeSuper$1
2024-11-12 13:42:55,376 INFO  EvoClassLoader - Keeping class: org.assertj.core.internal.bytebuddy.build.HashCodeAndEqualsPlugin$Enhance$InvokeSuper$1
2024-11-12 13:42:55,376 INFO  EvoClassLoader - Seeing class for first time: org.assertj.core.internal.bytebuddy.build.HashCodeAndEqualsPlugin$Enhance$InvokeSuper$2
2024-11-12 13:42:55,376 INFO  EvoClassLoader - Instrumenting class 'org.assertj.core.internal.bytebuddy.build.HashCodeAndEqualsPlugin$Enhance$InvokeSuper$2'.
2024-11-12 13:42:55,376 INFO  MethodCallReplacementClassAdapter - Adding mock interface to class org/assertj/core/internal/bytebuddy/build/HashCodeAndEqualsPlugin$Enhance$InvokeSuper$2
2024-11-12 13:42:55,377 INFO  EvoClassLoader - Keeping class: org.assertj.core.internal.bytebuddy.build.HashCodeAndEqualsPlugin$Enhance$InvokeSuper$2
2024-11-12 13:42:55,377 INFO  EvoClassLoader - Seeing class for first time: org.assertj.core.internal.bytebuddy.build.HashCodeAndEqualsPlugin$Enhance$InvokeSuper$3
2024-11-12 13:42:55,377 INFO  EvoClassLoader - Instrumenting class 'org.assertj.core.internal.bytebuddy.build.HashCodeAndEqualsPlugin$Enhance$InvokeSuper$3'.
2024-11-12 13:42:55,377 INFO  MethodCallReplacementClassAdapter - Adding mock interface to class org/assertj/core/internal/bytebuddy/build/HashCodeAndEqualsPlugin$Enhance$InvokeSuper$3
2024-11-12 13:42:55,377 INFO  EvoClassLoader - Keeping class: org.assertj.core.internal.bytebuddy.build.HashCodeAndEqualsPlugin$Enhance$InvokeSuper$3
2024-11-12 13:42:55,377 INFO  EvoClassLoader - Seeing class for first time: org.assertj.core.internal.bytebuddy.build.HashCodeAndEqualsPlugin$Enhance$InvokeSuper$4
2024-11-12 13:42:55,377 INFO  EvoClassLoader - Instrumenting class 'org.assertj.core.internal.bytebuddy.build.HashCodeAndEqualsPlugin$Enhance$InvokeSuper$4'.
2024-11-12 13:42:55,377 INFO  MethodCallReplacementClassAdapter - Adding mock interface to class org/assertj/core/internal/bytebuddy/build/HashCodeAndEqualsPlugin$Enhance$InvokeSuper$4
2024-11-12 13:42:55,377 INFO  EvoClassLoader - Keeping class: org.assertj.core.internal.bytebuddy.build.HashCodeAndEqualsPlugin$Enhance$InvokeSuper$4
2024-11-12 13:42:55,377 INFO  EvoClassLoader - Seeing class for first time: org.assertj.core.internal.bytebuddy.description.type.TypeDescription
2024-11-12 13:42:55,377 INFO  EvoClassLoader - Instrumenting class 'org.assertj.core.internal.bytebuddy.description.type.TypeDescription'.
2024-11-12 13:42:55,377 INFO  EvoClassLoader - Defined package (3): package org.assertj.core.internal.bytebuddy.description.type, -2063588174
2024-11-12 13:42:55,377 INFO  EvoClassLoader - Seeing class for first time: org.assertj.core.internal.bytebuddy.description.type.TypeDefinition
2024-11-12 13:42:55,377 INFO  EvoClassLoader - Instrumenting class 'org.assertj.core.internal.bytebuddy.description.type.TypeDefinition'.
2024-11-12 13:42:55,378 INFO  EvoClassLoader - Seeing class for first time: org.assertj.core.internal.bytebuddy.description.NamedElement
2024-11-12 13:42:55,378 INFO  EvoClassLoader - Instrumenting class 'org.assertj.core.internal.bytebuddy.description.NamedElement'.
2024-11-12 13:42:55,378 INFO  EvoClassLoader - Defined package (3): package org.assertj.core.internal.bytebuddy.description, 1484037494
2024-11-12 13:42:55,378 INFO  EvoClassLoader - Keeping class: org.assertj.core.internal.bytebuddy.description.NamedElement
2024-11-12 13:42:55,378 INFO  EvoClassLoader - Seeing class for first time: org.assertj.core.internal.bytebuddy.description.ModifierReviewable$ForTypeDefinition
2024-11-12 13:42:55,378 INFO  EvoClassLoader - Instrumenting class 'org.assertj.core.internal.bytebuddy.description.ModifierReviewable$ForTypeDefinition'.
2024-11-12 13:42:55,378 INFO  EvoClassLoader - Seeing class for first time: org.assertj.core.internal.bytebuddy.description.ModifierReviewable$OfAbstraction
2024-11-12 13:42:55,378 INFO  EvoClassLoader - Instrumenting class 'org.assertj.core.internal.bytebuddy.description.ModifierReviewable$OfAbstraction'.
2024-11-12 13:42:55,378 INFO  EvoClassLoader - Seeing class for first time: org.assertj.core.internal.bytebuddy.description.ModifierReviewable$OfByteCodeElement
2024-11-12 13:42:55,378 INFO  EvoClassLoader - Instrumenting class 'org.assertj.core.internal.bytebuddy.description.ModifierReviewable$OfByteCodeElement'.
2024-11-12 13:42:55,378 INFO  EvoClassLoader - Seeing class for first time: org.assertj.core.internal.bytebuddy.description.ModifierReviewable
2024-11-12 13:42:55,378 INFO  EvoClassLoader - Instrumenting class 'org.assertj.core.internal.bytebuddy.description.ModifierReviewable'.
2024-11-12 13:42:55,378 INFO  EvoClassLoader - Keeping class: org.assertj.core.internal.bytebuddy.description.ModifierReviewable
2024-11-12 13:42:55,378 INFO  EvoClassLoader - Keeping class: org.assertj.core.internal.bytebuddy.description.ModifierReviewable$OfByteCodeElement
2024-11-12 13:42:55,378 INFO  EvoClassLoader - Keeping class: org.assertj.core.internal.bytebuddy.description.ModifierReviewable$OfAbstraction
2024-11-12 13:42:55,378 INFO  EvoClassLoader - Seeing class for first time: org.assertj.core.internal.bytebuddy.description.ModifierReviewable$OfEnumeration
2024-11-12 13:42:55,378 INFO  EvoClassLoader - Instrumenting class 'org.assertj.core.internal.bytebuddy.description.ModifierReviewable$OfEnumeration'.
2024-11-12 13:42:55,378 INFO  EvoClassLoader - Keeping class: org.assertj.core.internal.bytebuddy.description.ModifierReviewable$OfEnumeration
2024-11-12 13:42:55,378 INFO  EvoClassLoader - Keeping class: org.assertj.core.internal.bytebuddy.description.ModifierReviewable$ForTypeDefinition
2024-11-12 13:42:55,378 INFO  EvoClassLoader - Keeping class: org.assertj.core.internal.bytebuddy.description.type.TypeDefinition
2024-11-12 13:42:55,378 INFO  EvoClassLoader - Seeing class for first time: org.assertj.core.internal.bytebuddy.description.ByteCodeElement
2024-11-12 13:42:55,378 INFO  EvoClassLoader - Instrumenting class 'org.assertj.core.internal.bytebuddy.description.ByteCodeElement'.
2024-11-12 13:42:55,378 INFO  EvoClassLoader - Seeing class for first time: org.assertj.core.internal.bytebuddy.description.NamedElement$WithRuntimeName
2024-11-12 13:42:55,378 INFO  EvoClassLoader - Instrumenting class 'org.assertj.core.internal.bytebuddy.description.NamedElement$WithRuntimeName'.
2024-11-12 13:42:55,379 INFO  EvoClassLoader - Keeping class: org.assertj.core.internal.bytebuddy.description.NamedElement$WithRuntimeName
2024-11-12 13:42:55,379 INFO  EvoClassLoader - Seeing class for first time: org.assertj.core.internal.bytebuddy.description.DeclaredByType
2024-11-12 13:42:55,379 INFO  EvoClassLoader - Instrumenting class 'org.assertj.core.internal.bytebuddy.description.DeclaredByType'.
2024-11-12 13:42:55,379 INFO  EvoClassLoader - Keeping class: org.assertj.core.internal.bytebuddy.description.DeclaredByType
2024-11-12 13:42:55,379 INFO  EvoClassLoader - Seeing class for first time: org.assertj.core.internal.bytebuddy.description.annotation.AnnotationSource
2024-11-12 13:42:55,379 INFO  EvoClassLoader - Instrumenting class 'org.assertj.core.internal.bytebuddy.description.annotation.AnnotationSource'.
2024-11-12 13:42:55,379 INFO  EvoClassLoader - Defined package (3): package org.assertj.core.internal.bytebuddy.description.annotation, 2042726055
2024-11-12 13:42:55,379 INFO  EvoClassLoader - Keeping class: org.assertj.core.internal.bytebuddy.description.annotation.AnnotationSource
2024-11-12 13:42:55,379 INFO  EvoClassLoader - Keeping class: org.assertj.core.internal.bytebuddy.description.ByteCodeElement
2024-11-12 13:42:55,379 INFO  EvoClassLoader - Seeing class for first time: org.assertj.core.internal.bytebuddy.description.TypeVariableSource
2024-11-12 13:42:55,379 INFO  EvoClassLoader - Instrumenting class 'org.assertj.core.internal.bytebuddy.description.TypeVariableSource'.
2024-11-12 13:42:55,379 INFO  EvoClassLoader - Keeping class: org.assertj.core.internal.bytebuddy.description.TypeVariableSource
2024-11-12 13:42:55,379 INFO  EvoClassLoader - Keeping class: org.assertj.core.internal.bytebuddy.description.type.TypeDescription
2024-11-12 13:42:55,379 INFO  EvoClassLoader - Seeing class for first time: org.assertj.core.internal.bytebuddy.implementation.HashCodeMethod
2024-11-12 13:42:55,379 INFO  EvoClassLoader - Instrumenting class 'org.assertj.core.internal.bytebuddy.implementation.HashCodeMethod'.
2024-11-12 13:42:55,379 INFO  MethodCallReplacementClassAdapter - Adding mock interface to class org/assertj/core/internal/bytebuddy/implementation/HashCodeMethod
2024-11-12 13:42:55,380 INFO  CreateClassResetClassAdapter - Found static initializer in class org/assertj/core/internal/bytebuddy/implementation/HashCodeMethod
2024-11-12 13:42:55,380 INFO  EvoClassLoader - Defined package (3): package org.assertj.core.internal.bytebuddy.implementation, -196384776
2024-11-12 13:42:55,381 INFO  EvoClassLoader - Seeing class for first time: org.assertj.core.internal.bytebuddy.implementation.Implementation
2024-11-12 13:42:55,381 INFO  EvoClassLoader - Instrumenting class 'org.assertj.core.internal.bytebuddy.implementation.Implementation'.
2024-11-12 13:42:55,381 INFO  EvoClassLoader - Seeing class for first time: org.assertj.core.internal.bytebuddy.dynamic.scaffold.InstrumentedType$Prepareable
2024-11-12 13:42:55,381 INFO  EvoClassLoader - Instrumenting class 'org.assertj.core.internal.bytebuddy.dynamic.scaffold.InstrumentedType$Prepareable'.
2024-11-12 13:42:55,381 INFO  EvoClassLoader - Defined package (3): package org.assertj.core.internal.bytebuddy.dynamic.scaffold, -1413432437
2024-11-12 13:42:55,381 INFO  EvoClassLoader - Keeping class: org.assertj.core.internal.bytebuddy.dynamic.scaffold.InstrumentedType$Prepareable
2024-11-12 13:42:55,381 INFO  EvoClassLoader - Keeping class: org.assertj.core.internal.bytebuddy.implementation.Implementation
2024-11-12 13:42:55,381 INFO  EvoClassLoader - Keeping class: org.assertj.core.internal.bytebuddy.implementation.HashCodeMethod
2024-11-12 13:42:55,381 INFO  EvoClassLoader - Seeing class for first time: org.assertj.core.internal.bytebuddy.implementation.EqualsMethod
2024-11-12 13:42:55,381 INFO  EvoClassLoader - Instrumenting class 'org.assertj.core.internal.bytebuddy.implementation.EqualsMethod'.
2024-11-12 13:42:55,381 INFO  MethodCallReplacementClassAdapter - Adding mock interface to class org/assertj/core/internal/bytebuddy/implementation/EqualsMethod
2024-11-12 13:42:55,382 INFO  CreateClassResetClassAdapter - Found static initializer in class org/assertj/core/internal/bytebuddy/implementation/EqualsMethod
2024-11-12 13:42:55,382 INFO  EvoClassLoader - Keeping class: org.assertj.core.internal.bytebuddy.implementation.EqualsMethod
2024-11-12 13:42:55,383 INFO  EvoClassLoader - Seeing class for first time: org.assertj.core.internal.bytebuddy.description.type.TypeDescription$Generic
2024-11-12 13:42:55,383 INFO  EvoClassLoader - Instrumenting class 'org.assertj.core.internal.bytebuddy.description.type.TypeDescription$Generic'.
2024-11-12 13:42:55,383 INFO  EvoClassLoader - Keeping class: org.assertj.core.internal.bytebuddy.description.type.TypeDescription$Generic
2024-11-12 13:42:55,383 INFO  EvoClassLoader - Seeing class for first time: org.apache.hadoop.thirdparty.protobuf.TextFormat$UnknownFieldParseException
2024-11-12 13:42:55,383 INFO  EvoClassLoader - Instrumenting class 'org.apache.hadoop.thirdparty.protobuf.TextFormat$UnknownFieldParseException'.
2024-11-12 13:42:55,384 INFO  MethodCallReplacementClassAdapter - Adding mock interface to class org/apache/hadoop/thirdparty/protobuf/TextFormat$UnknownFieldParseException
2024-11-12 13:42:55,384 INFO  CreateClassResetClassAdapter - Creating brand-new static initializer in class org/apache/hadoop/thirdparty/protobuf/TextFormat$UnknownFieldParseException
2024-11-12 13:42:55,384 INFO  EvoClassLoader - Keeping class: org.apache.hadoop.thirdparty.protobuf.TextFormat$UnknownFieldParseException
2024-11-12 13:42:55,384 INFO  EvoClassLoader - Seeing class for first time: org.apache.hadoop.thirdparty.protobuf.GeneratedMessageV3$FieldAccessorTable$RepeatedEnumFieldAccessor
2024-11-12 13:42:55,384 INFO  EvoClassLoader - Instrumenting class 'org.apache.hadoop.thirdparty.protobuf.GeneratedMessageV3$FieldAccessorTable$RepeatedEnumFieldAccessor'.
2024-11-12 13:42:55,384 INFO  MethodCallReplacementClassAdapter - Adding mock interface to class org/apache/hadoop/thirdparty/protobuf/GeneratedMessageV3$FieldAccessorTable$RepeatedEnumFieldAccessor
2024-11-12 13:42:55,384 INFO  CreateClassResetClassAdapter - Creating brand-new static initializer in class org/apache/hadoop/thirdparty/protobuf/GeneratedMessageV3$FieldAccessorTable$RepeatedEnumFieldAccessor
2024-11-12 13:42:55,384 INFO  EvoClassLoader - Keeping class: org.apache.hadoop.thirdparty.protobuf.GeneratedMessageV3$FieldAccessorTable$RepeatedEnumFieldAccessor
2024-11-12 13:42:55,385 INFO  EvoClassLoader - Seeing class for first time: org.apache.hadoop.thirdparty.protobuf.GeneratedMessageV3$FieldAccessorTable$MapFieldAccessor
2024-11-12 13:42:55,385 INFO  EvoClassLoader - Instrumenting class 'org.apache.hadoop.thirdparty.protobuf.GeneratedMessageV3$FieldAccessorTable$MapFieldAccessor'.
2024-11-12 13:42:55,385 INFO  MethodCallReplacementClassAdapter - Adding mock interface to class org/apache/hadoop/thirdparty/protobuf/GeneratedMessageV3$FieldAccessorTable$MapFieldAccessor
2024-11-12 13:42:55,385 INFO  CreateClassResetClassAdapter - Creating brand-new static initializer in class org/apache/hadoop/thirdparty/protobuf/GeneratedMessageV3$FieldAccessorTable$MapFieldAccessor
2024-11-12 13:42:55,385 INFO  EvoClassLoader - Keeping class: org.apache.hadoop.thirdparty.protobuf.GeneratedMessageV3$FieldAccessorTable$MapFieldAccessor
2024-11-12 13:42:55,386 INFO  EvoClassLoader - Seeing class for first time: org.apache.hadoop.conf.Configuration$ParsedTimeDuration
2024-11-12 13:42:55,386 INFO  EvoClassLoader - Instrumenting class 'org.apache.hadoop.conf.Configuration$ParsedTimeDuration'.
2024-11-12 13:42:55,386 INFO  MethodCallReplacementClassAdapter - Adding mock interface to class org/apache/hadoop/conf/Configuration$ParsedTimeDuration
2024-11-12 13:42:55,386 INFO  CreateClassResetClassAdapter - Found static initializer in class org/apache/hadoop/conf/Configuration$ParsedTimeDuration
2024-11-12 13:42:55,386 INFO  EvoClassLoader - Keeping class: org.apache.hadoop.conf.Configuration$ParsedTimeDuration
2024-11-12 13:42:55,386 INFO  EvoClassLoader - Seeing class for first time: org.apache.hadoop.conf.ReconfigurableBase
2024-11-12 13:42:55,386 INFO  EvoClassLoader - Instrumenting class 'org.apache.hadoop.conf.ReconfigurableBase'.
2024-11-12 13:42:55,386 INFO  MethodCallReplacementClassAdapter - Adding mock interface to class org/apache/hadoop/conf/ReconfigurableBase
2024-11-12 13:42:55,387 INFO  CreateClassResetClassAdapter - Found static initializer in class org/apache/hadoop/conf/ReconfigurableBase
2024-11-12 13:42:55,387 INFO  EvoClassLoader - Seeing class for first time: org.apache.hadoop.conf.Reconfigurable
2024-11-12 13:42:55,387 INFO  EvoClassLoader - Instrumenting class 'org.apache.hadoop.conf.Reconfigurable'.
2024-11-12 13:42:55,387 INFO  EvoClassLoader - Keeping class: org.apache.hadoop.conf.Reconfigurable
2024-11-12 13:42:55,387 INFO  EvoClassLoader - Keeping class: org.apache.hadoop.conf.ReconfigurableBase
2024-11-12 13:42:55,388 INFO  EvoClassLoader - Seeing class for first time: org.apache.hadoop.conf.ReconfigurableBase$ReconfigurationThread
2024-11-12 13:42:55,388 INFO  EvoClassLoader - Instrumenting class 'org.apache.hadoop.conf.ReconfigurableBase$ReconfigurationThread'.
2024-11-12 13:42:55,388 INFO  MethodCallReplacementClassAdapter - Adding mock interface to class org/apache/hadoop/conf/ReconfigurableBase$ReconfigurationThread
2024-11-12 13:42:55,388 INFO  CreateClassResetClassAdapter - Creating brand-new static initializer in class org/apache/hadoop/conf/ReconfigurableBase$ReconfigurationThread
2024-11-12 13:42:55,389 INFO  EvoClassLoader - Keeping class: org.apache.hadoop.conf.ReconfigurableBase$ReconfigurationThread
2024-11-12 13:42:55,390 INFO  EvoClassLoader - Seeing class for first time: org.apache.hadoop.conf.ReconfigurationException
2024-11-12 13:42:55,390 INFO  EvoClassLoader - Instrumenting class 'org.apache.hadoop.conf.ReconfigurationException'.
2024-11-12 13:42:55,390 INFO  MethodCallReplacementClassAdapter - Adding mock interface to class org/apache/hadoop/conf/ReconfigurationException
2024-11-12 13:42:55,390 INFO  CreateClassResetClassAdapter - Creating brand-new static initializer in class org/apache/hadoop/conf/ReconfigurationException
2024-11-12 13:42:55,390 INFO  EvoClassLoader - Keeping class: org.apache.hadoop.conf.ReconfigurationException
2024-11-12 13:42:55,390 INFO  EvoClassLoader - Seeing class for first time: org.apache.hadoop.conf.ReconfigurationUtil
2024-11-12 13:42:55,390 INFO  EvoClassLoader - Instrumenting class 'org.apache.hadoop.conf.ReconfigurationUtil'.
2024-11-12 13:42:55,391 INFO  MethodCallReplacementClassAdapter - Adding mock interface to class org/apache/hadoop/conf/ReconfigurationUtil
2024-11-12 13:42:55,391 INFO  CreateClassResetClassAdapter - Creating brand-new static initializer in class org/apache/hadoop/conf/ReconfigurationUtil
2024-11-12 13:42:55,391 INFO  EvoClassLoader - Keeping class: org.apache.hadoop.conf.ReconfigurationUtil
2024-11-12 13:42:55,391 INFO  EvoClassLoader - Seeing class for first time: org.apache.hadoop.conf.ReconfigurationTaskStatus
2024-11-12 13:42:55,391 INFO  EvoClassLoader - Instrumenting class 'org.apache.hadoop.conf.ReconfigurationTaskStatus'.
2024-11-12 13:42:55,391 INFO  MethodCallReplacementClassAdapter - Adding mock interface to class org/apache/hadoop/conf/ReconfigurationTaskStatus
2024-11-12 13:42:55,391 INFO  CreateClassResetClassAdapter - Creating brand-new static initializer in class org/apache/hadoop/conf/ReconfigurationTaskStatus
2024-11-12 13:42:55,391 INFO  EvoClassLoader - Keeping class: org.apache.hadoop.conf.ReconfigurationTaskStatus
2024-11-12 13:42:55,391 INFO  EvoClassLoader - Seeing class for first time: org.apache.commons.collections.collection.AbstractCollectionDecorator
2024-11-12 13:42:55,391 INFO  EvoClassLoader - Instrumenting class 'org.apache.commons.collections.collection.AbstractCollectionDecorator'.
2024-11-12 13:42:55,392 INFO  MethodCallReplacementClassAdapter - Adding mock interface to class org/apache/commons/collections/collection/AbstractCollectionDecorator
2024-11-12 13:42:55,392 INFO  CreateClassResetClassAdapter - Creating brand-new static initializer in class org/apache/commons/collections/collection/AbstractCollectionDecorator
2024-11-12 13:42:55,392 INFO  EvoClassLoader - Defined package (3): package org.apache.commons.collections.collection, -372261261
2024-11-12 13:42:55,393 INFO  EvoClassLoader - Keeping class: org.apache.commons.collections.collection.AbstractCollectionDecorator
2024-11-12 13:42:55,393 INFO  EvoClassLoader - Seeing class for first time: org.apache.commons.collections.set.AbstractSetDecorator
2024-11-12 13:42:55,393 INFO  EvoClassLoader - Instrumenting class 'org.apache.commons.collections.set.AbstractSetDecorator'.
2024-11-12 13:42:55,393 INFO  MethodCallReplacementClassAdapter - Adding mock interface to class org/apache/commons/collections/set/AbstractSetDecorator
2024-11-12 13:42:55,393 INFO  CreateClassResetClassAdapter - Creating brand-new static initializer in class org/apache/commons/collections/set/AbstractSetDecorator
2024-11-12 13:42:55,393 INFO  EvoClassLoader - Defined package (3): package org.apache.commons.collections.set, -1340431827
2024-11-12 13:42:55,393 INFO  EvoClassLoader - Keeping class: org.apache.commons.collections.set.AbstractSetDecorator
2024-11-12 13:42:55,393 INFO  EvoClassLoader - Seeing class for first time: org.apache.commons.collections.map.UnmodifiableEntrySet
2024-11-12 13:42:55,393 INFO  EvoClassLoader - Instrumenting class 'org.apache.commons.collections.map.UnmodifiableEntrySet'.
2024-11-12 13:42:55,393 INFO  MethodCallReplacementClassAdapter - Adding mock interface to class org/apache/commons/collections/map/UnmodifiableEntrySet
2024-11-12 13:42:55,393 INFO  CreateClassResetClassAdapter - Creating brand-new static initializer in class org/apache/commons/collections/map/UnmodifiableEntrySet
2024-11-12 13:42:55,394 INFO  EvoClassLoader - Keeping class: org.apache.commons.collections.map.UnmodifiableEntrySet
2024-11-12 13:42:55,394 INFO  EvoClassLoader - Seeing class for first time: org.apache.commons.collections.iterators.AbstractIteratorDecorator
2024-11-12 13:42:55,394 INFO  EvoClassLoader - Instrumenting class 'org.apache.commons.collections.iterators.AbstractIteratorDecorator'.
2024-11-12 13:42:55,394 INFO  MethodCallReplacementClassAdapter - Adding mock interface to class org/apache/commons/collections/iterators/AbstractIteratorDecorator
2024-11-12 13:42:55,394 INFO  CreateClassResetClassAdapter - Creating brand-new static initializer in class org/apache/commons/collections/iterators/AbstractIteratorDecorator
2024-11-12 13:42:55,394 INFO  EvoClassLoader - Defined package (3): package org.apache.commons.collections.iterators, -1397807280
2024-11-12 13:42:55,394 INFO  EvoClassLoader - Keeping class: org.apache.commons.collections.iterators.AbstractIteratorDecorator
2024-11-12 13:42:55,394 INFO  EvoClassLoader - Seeing class for first time: org.apache.commons.collections.map.UnmodifiableEntrySet$UnmodifiableEntrySetIterator
2024-11-12 13:42:55,395 INFO  EvoClassLoader - Instrumenting class 'org.apache.commons.collections.map.UnmodifiableEntrySet$UnmodifiableEntrySetIterator'.
2024-11-12 13:42:55,395 INFO  MethodCallReplacementClassAdapter - Adding mock interface to class org/apache/commons/collections/map/UnmodifiableEntrySet$UnmodifiableEntrySetIterator
2024-11-12 13:42:55,395 INFO  CreateClassResetClassAdapter - Creating brand-new static initializer in class org/apache/commons/collections/map/UnmodifiableEntrySet$UnmodifiableEntrySetIterator
2024-11-12 13:42:55,395 INFO  EvoClassLoader - Keeping class: org.apache.commons.collections.map.UnmodifiableEntrySet$UnmodifiableEntrySetIterator
2024-11-12 13:42:55,395 INFO  EvoClassLoader - Seeing class for first time: org.apache.commons.collections.map.UnmodifiableEntrySet$UnmodifiableEntry
2024-11-12 13:42:55,395 INFO  EvoClassLoader - Instrumenting class 'org.apache.commons.collections.map.UnmodifiableEntrySet$UnmodifiableEntry'.
2024-11-12 13:42:55,395 INFO  MethodCallReplacementClassAdapter - Adding mock interface to class org/apache/commons/collections/map/UnmodifiableEntrySet$UnmodifiableEntry
2024-11-12 13:42:55,395 INFO  CreateClassResetClassAdapter - Creating brand-new static initializer in class org/apache/commons/collections/map/UnmodifiableEntrySet$UnmodifiableEntry
2024-11-12 13:42:55,395 INFO  EvoClassLoader - Seeing class for first time: org.apache.commons.collections.keyvalue.AbstractMapEntryDecorator
2024-11-12 13:42:55,395 INFO  EvoClassLoader - Instrumenting class 'org.apache.commons.collections.keyvalue.AbstractMapEntryDecorator'.
2024-11-12 13:42:55,396 INFO  MethodCallReplacementClassAdapter - Adding mock interface to class org/apache/commons/collections/keyvalue/AbstractMapEntryDecorator
2024-11-12 13:42:55,396 INFO  CreateClassResetClassAdapter - Creating brand-new static initializer in class org/apache/commons/collections/keyvalue/AbstractMapEntryDecorator
2024-11-12 13:42:55,396 INFO  EvoClassLoader - Defined package (3): package org.apache.commons.collections.keyvalue, -567273593
2024-11-12 13:42:55,396 INFO  EvoClassLoader - Seeing class for first time: org.apache.commons.collections.KeyValue
2024-11-12 13:42:55,396 INFO  EvoClassLoader - Instrumenting class 'org.apache.commons.collections.KeyValue'.
2024-11-12 13:42:55,396 INFO  EvoClassLoader - Keeping class: org.apache.commons.collections.KeyValue
2024-11-12 13:42:55,396 INFO  EvoClassLoader - Keeping class: org.apache.commons.collections.keyvalue.AbstractMapEntryDecorator
2024-11-12 13:42:55,396 INFO  EvoClassLoader - Keeping class: org.apache.commons.collections.map.UnmodifiableEntrySet$UnmodifiableEntry
2024-11-12 13:42:55,397 INFO  EvoClassLoader - Seeing class for first time: org.apache.hadoop.hdfs.HdfsConfiguration
2024-11-12 13:42:55,397 INFO  EvoClassLoader - Instrumenting class 'org.apache.hadoop.hdfs.HdfsConfiguration'.
2024-11-12 13:42:55,397 INFO  MethodCallReplacementClassAdapter - Adding mock interface to class org/apache/hadoop/hdfs/HdfsConfiguration
2024-11-12 13:42:55,397 INFO  CreateClassResetClassAdapter - Found static initializer in class org/apache/hadoop/hdfs/HdfsConfiguration
2024-11-12 13:42:55,397 INFO  EvoClassLoader - Defined package (3): package org.apache.hadoop.hdfs, 101186972
2024-11-12 13:42:55,397 INFO  EvoClassLoader - Keeping class: org.apache.hadoop.hdfs.HdfsConfiguration
2024-11-12 13:42:55,397 INFO  EvoClassLoader - Seeing class for first time: org.apache.hadoop.hdfs.server.common.HdfsServerConstants$StartupOption
2024-11-12 13:42:55,397 INFO  EvoClassLoader - Instrumenting class 'org.apache.hadoop.hdfs.server.common.HdfsServerConstants$StartupOption'.
2024-11-12 13:42:55,398 INFO  MethodCallReplacementClassAdapter - Adding mock interface to class org/apache/hadoop/hdfs/server/common/HdfsServerConstants$StartupOption
2024-11-12 13:42:55,398 INFO  CreateClassResetClassAdapter - Found static initializer in class org/apache/hadoop/hdfs/server/common/HdfsServerConstants$StartupOption
2024-11-12 13:42:55,398 INFO  EvoClassLoader - Defined package (3): package org.apache.hadoop.hdfs.server.common, -1528842716
2024-11-12 13:42:55,398 INFO  EvoClassLoader - Keeping class: org.apache.hadoop.hdfs.server.common.HdfsServerConstants$StartupOption
2024-11-12 13:42:55,398 INFO  EvoClassLoader - Seeing class for first time: org.apache.hadoop.hdfs.server.common.HdfsServerConstants
2024-11-12 13:42:55,398 INFO  EvoClassLoader - Instrumenting class 'org.apache.hadoop.hdfs.server.common.HdfsServerConstants'.
2024-11-12 13:42:55,398 INFO  EvoClassLoader - Keeping class: org.apache.hadoop.hdfs.server.common.HdfsServerConstants
2024-11-12 13:42:55,398 INFO  EvoClassLoader - Seeing class for first time: org.apache.hadoop.hdfs.server.common.HdfsServerConstants$BlockUCState
2024-11-12 13:42:55,398 INFO  EvoClassLoader - Instrumenting class 'org.apache.hadoop.hdfs.server.common.HdfsServerConstants$BlockUCState'.
2024-11-12 13:42:55,399 INFO  MethodCallReplacementClassAdapter - Adding mock interface to class org/apache/hadoop/hdfs/server/common/HdfsServerConstants$BlockUCState
2024-11-12 13:42:55,399 INFO  CreateClassResetClassAdapter - Found static initializer in class org/apache/hadoop/hdfs/server/common/HdfsServerConstants$BlockUCState
2024-11-12 13:42:55,399 INFO  EvoClassLoader - Keeping class: org.apache.hadoop.hdfs.server.common.HdfsServerConstants$BlockUCState
2024-11-12 13:42:55,399 INFO  EvoClassLoader - Seeing class for first time: org.apache.hadoop.hdfs.server.common.HdfsServerConstants$ReplicaState
2024-11-12 13:42:55,399 INFO  EvoClassLoader - Instrumenting class 'org.apache.hadoop.hdfs.server.common.HdfsServerConstants$ReplicaState'.
2024-11-12 13:42:55,399 INFO  MethodCallReplacementClassAdapter - Adding mock interface to class org/apache/hadoop/hdfs/server/common/HdfsServerConstants$ReplicaState
2024-11-12 13:42:55,399 INFO  CreateClassResetClassAdapter - Found static initializer in class org/apache/hadoop/hdfs/server/common/HdfsServerConstants$ReplicaState
2024-11-12 13:42:55,399 INFO  EvoClassLoader - Keeping class: org.apache.hadoop.hdfs.server.common.HdfsServerConstants$ReplicaState
2024-11-12 13:42:55,399 INFO  EvoClassLoader - Seeing class for first time: org.apache.hadoop.hdfs.server.common.HdfsServerConstants$NamenodeRole
2024-11-12 13:42:55,399 INFO  EvoClassLoader - Instrumenting class 'org.apache.hadoop.hdfs.server.common.HdfsServerConstants$NamenodeRole'.
2024-11-12 13:42:55,399 INFO  MethodCallReplacementClassAdapter - Adding mock interface to class org/apache/hadoop/hdfs/server/common/HdfsServerConstants$NamenodeRole
2024-11-12 13:42:55,399 INFO  CreateClassResetClassAdapter - Found static initializer in class org/apache/hadoop/hdfs/server/common/HdfsServerConstants$NamenodeRole
2024-11-12 13:42:55,399 INFO  EvoClassLoader - Keeping class: org.apache.hadoop.hdfs.server.common.HdfsServerConstants$NamenodeRole
2024-11-12 13:42:55,400 INFO  EvoClassLoader - Seeing class for first time: org.apache.hadoop.hdfs.server.namenode.MetaRecoveryContext
2024-11-12 13:42:55,400 INFO  EvoClassLoader - Instrumenting class 'org.apache.hadoop.hdfs.server.namenode.MetaRecoveryContext'.
2024-11-12 13:42:55,400 INFO  MethodCallReplacementClassAdapter - Adding mock interface to class org/apache/hadoop/hdfs/server/namenode/MetaRecoveryContext
2024-11-12 13:42:55,400 INFO  CreateClassResetClassAdapter - Found static initializer in class org/apache/hadoop/hdfs/server/namenode/MetaRecoveryContext
2024-11-12 13:42:55,401 INFO  EvoClassLoader - Keeping class: org.apache.hadoop.hdfs.server.namenode.MetaRecoveryContext
2024-11-12 13:42:55,401 INFO  EvoClassLoader - Seeing class for first time: org.apache.hadoop.hdfs.server.common.HdfsServerConstants$RollingUpgradeStartupOption
2024-11-12 13:42:55,401 INFO  EvoClassLoader - Instrumenting class 'org.apache.hadoop.hdfs.server.common.HdfsServerConstants$RollingUpgradeStartupOption'.
2024-11-12 13:42:55,401 INFO  MethodCallReplacementClassAdapter - Adding mock interface to class org/apache/hadoop/hdfs/server/common/HdfsServerConstants$RollingUpgradeStartupOption
2024-11-12 13:42:55,401 INFO  CreateClassResetClassAdapter - Found static initializer in class org/apache/hadoop/hdfs/server/common/HdfsServerConstants$RollingUpgradeStartupOption
2024-11-12 13:42:55,401 INFO  EvoClassLoader - Keeping class: org.apache.hadoop.hdfs.server.common.HdfsServerConstants$RollingUpgradeStartupOption
2024-11-12 13:42:55,402 INFO  EvoClassLoader - Seeing class for first time: org.apache.hadoop.util.Shell$OSType
2024-11-12 13:42:55,402 INFO  EvoClassLoader - Instrumenting class 'org.apache.hadoop.util.Shell$OSType'.
2024-11-12 13:42:55,402 INFO  MethodCallReplacementClassAdapter - Adding mock interface to class org/apache/hadoop/util/Shell$OSType
2024-11-12 13:42:55,402 INFO  CreateClassResetClassAdapter - Found static initializer in class org/apache/hadoop/util/Shell$OSType
2024-11-12 13:42:55,402 INFO  EvoClassLoader - Keeping class: org.apache.hadoop.util.Shell$OSType
2024-11-12 13:42:55,402 INFO  EvoClassLoader - Seeing class for first time: org.apache.hadoop.util.Shell
2024-11-12 13:42:55,402 INFO  EvoClassLoader - Instrumenting class 'org.apache.hadoop.util.Shell'.
2024-11-12 13:42:55,402 INFO  MethodCallReplacementClassAdapter - Adding mock interface to class org/apache/hadoop/util/Shell
2024-11-12 13:42:55,404 INFO  CreateClassResetClassAdapter - Found static initializer in class org/apache/hadoop/util/Shell
2024-11-12 13:42:55,405 INFO  EvoClassLoader - Keeping class: org.apache.hadoop.util.Shell
2024-11-12 13:42:55,405 INFO  EvoClassLoader - Seeing class for first time: org.apache.hadoop.util.Shell$ShellTimeoutTimerTask
2024-11-12 13:42:55,405 INFO  EvoClassLoader - Instrumenting class 'org.apache.hadoop.util.Shell$ShellTimeoutTimerTask'.
2024-11-12 13:42:55,405 INFO  MethodCallReplacementClassAdapter - Adding mock interface to class org/apache/hadoop/util/Shell$ShellTimeoutTimerTask
2024-11-12 13:42:55,405 INFO  CreateClassResetClassAdapter - Creating brand-new static initializer in class org/apache/hadoop/util/Shell$ShellTimeoutTimerTask
2024-11-12 13:42:55,406 INFO  EvoClassLoader - Keeping class: org.apache.hadoop.util.Shell$ShellTimeoutTimerTask
2024-11-12 13:42:55,406 INFO  EvoClassLoader - Seeing class for first time: org.apache.hadoop.util.Shell$ShellCommandExecutor
2024-11-12 13:42:55,406 INFO  EvoClassLoader - Instrumenting class 'org.apache.hadoop.util.Shell$ShellCommandExecutor'.
2024-11-12 13:42:55,406 INFO  MethodCallReplacementClassAdapter - Adding mock interface to class org/apache/hadoop/util/Shell$ShellCommandExecutor
2024-11-12 13:42:55,406 INFO  CreateClassResetClassAdapter - Creating brand-new static initializer in class org/apache/hadoop/util/Shell$ShellCommandExecutor
2024-11-12 13:42:55,406 INFO  EvoClassLoader - Seeing class for first time: org.apache.hadoop.util.Shell$CommandExecutor
2024-11-12 13:42:55,406 INFO  EvoClassLoader - Instrumenting class 'org.apache.hadoop.util.Shell$CommandExecutor'.
2024-11-12 13:42:55,406 INFO  EvoClassLoader - Keeping class: org.apache.hadoop.util.Shell$CommandExecutor
2024-11-12 13:42:55,406 INFO  EvoClassLoader - Keeping class: org.apache.hadoop.util.Shell$ShellCommandExecutor
2024-11-12 13:42:55,406 INFO  EvoClassLoader - Seeing class for first time: org.apache.hadoop.util.Shell$ExitCodeException
2024-11-12 13:42:55,406 INFO  EvoClassLoader - Instrumenting class 'org.apache.hadoop.util.Shell$ExitCodeException'.
2024-11-12 13:42:55,407 INFO  MethodCallReplacementClassAdapter - Adding mock interface to class org/apache/hadoop/util/Shell$ExitCodeException
2024-11-12 13:42:55,407 INFO  CreateClassResetClassAdapter - Creating brand-new static initializer in class org/apache/hadoop/util/Shell$ExitCodeException
2024-11-12 13:42:55,407 INFO  EvoClassLoader - Keeping class: org.apache.hadoop.util.Shell$ExitCodeException
2024-11-12 13:42:55,407 INFO  EvoClassLoader - Seeing class for first time: org.apache.hadoop.util.Shell$1
2024-11-12 13:42:55,407 INFO  EvoClassLoader - Instrumenting class 'org.apache.hadoop.util.Shell$1'.
2024-11-12 13:42:55,407 INFO  MethodCallReplacementClassAdapter - Adding mock interface to class org/apache/hadoop/util/Shell$1
2024-11-12 13:42:55,407 INFO  EvoClassLoader - Keeping class: org.apache.hadoop.util.Shell$1
2024-11-12 13:42:55,408 INFO  EvoClassLoader - Seeing class for first time: org.apache.hadoop.util.Time
2024-11-12 13:42:55,408 INFO  EvoClassLoader - Instrumenting class 'org.apache.hadoop.util.Time'.
2024-11-12 13:42:55,409 INFO  MethodCallReplacementClassAdapter - Adding mock interface to class org/apache/hadoop/util/Time
2024-11-12 13:42:55,409 INFO  CreateClassResetClassAdapter - Found static initializer in class org/apache/hadoop/util/Time
2024-11-12 13:42:55,409 INFO  EvoClassLoader - Keeping class: org.apache.hadoop.util.Time
2024-11-12 13:42:55,409 INFO  EvoClassLoader - Seeing class for first time: org.apache.hadoop.util.Time$1
2024-11-12 13:42:55,409 INFO  EvoClassLoader - Instrumenting class 'org.apache.hadoop.util.Time$1'.
2024-11-12 13:42:55,409 INFO  MethodCallReplacementClassAdapter - Adding mock interface to class org/apache/hadoop/util/Time$1
2024-11-12 13:42:55,410 INFO  EvoClassLoader - Keeping class: org.apache.hadoop.util.Time$1
2024-11-12 13:42:55,411 INFO  EvoClassLoader - Seeing class for first time: org.apache.hadoop.util.StringUtils
2024-11-12 13:42:55,411 INFO  EvoClassLoader - Instrumenting class 'org.apache.hadoop.util.StringUtils'.
2024-11-12 13:42:55,411 INFO  MethodCallReplacementClassAdapter - Adding mock interface to class org/apache/hadoop/util/StringUtils
2024-11-12 13:42:55,413 INFO  CreateClassResetClassAdapter - Found static initializer in class org/apache/hadoop/util/StringUtils
2024-11-12 13:42:55,413 INFO  EvoClassLoader - Keeping class: org.apache.hadoop.util.StringUtils
2024-11-12 13:42:55,414 INFO  EvoClassLoader - Seeing class for first time: org.apache.commons.lang3.time.FastDateFormat
2024-11-12 13:42:55,414 INFO  EvoClassLoader - Instrumenting class 'org.apache.commons.lang3.time.FastDateFormat'.
2024-11-12 13:42:55,414 INFO  MethodCallReplacementClassAdapter - Adding mock interface to class org/apache/commons/lang3/time/FastDateFormat
2024-11-12 13:42:55,415 INFO  CreateClassResetClassAdapter - Found static initializer in class org/apache/commons/lang3/time/FastDateFormat
2024-11-12 13:42:55,415 INFO  EvoClassLoader - Defined package (3): package org.apache.commons.lang3.time, -377128206
2024-11-12 13:42:55,415 INFO  EvoClassLoader - Seeing class for first time: org.apache.commons.lang3.time.DateParser
2024-11-12 13:42:55,415 INFO  EvoClassLoader - Instrumenting class 'org.apache.commons.lang3.time.DateParser'.
2024-11-12 13:42:55,415 INFO  EvoClassLoader - Keeping class: org.apache.commons.lang3.time.DateParser
2024-11-12 13:42:55,415 INFO  EvoClassLoader - Seeing class for first time: org.apache.commons.lang3.time.DatePrinter
2024-11-12 13:42:55,415 INFO  EvoClassLoader - Instrumenting class 'org.apache.commons.lang3.time.DatePrinter'.
2024-11-12 13:42:55,416 INFO  EvoClassLoader - Keeping class: org.apache.commons.lang3.time.DatePrinter
2024-11-12 13:42:55,416 INFO  EvoClassLoader - Keeping class: org.apache.commons.lang3.time.FastDateFormat
2024-11-12 13:42:55,416 INFO  EvoClassLoader - Seeing class for first time: org.apache.hadoop.hdfs.server.namenode.ha.HAState
2024-11-12 13:42:55,416 INFO  EvoClassLoader - Instrumenting class 'org.apache.hadoop.hdfs.server.namenode.ha.HAState'.
2024-11-12 13:42:55,417 INFO  MethodCallReplacementClassAdapter - Adding mock interface to class org/apache/hadoop/hdfs/server/namenode/ha/HAState
2024-11-12 13:42:55,417 INFO  CreateClassResetClassAdapter - Creating brand-new static initializer in class org/apache/hadoop/hdfs/server/namenode/ha/HAState
2024-11-12 13:42:55,417 INFO  EvoClassLoader - Defined package (3): package org.apache.hadoop.hdfs.server.namenode.ha, -80410911
2024-11-12 13:42:55,417 INFO  EvoClassLoader - Keeping class: org.apache.hadoop.hdfs.server.namenode.ha.HAState
2024-11-12 13:42:55,417 INFO  EvoClassLoader - Seeing class for first time: org.apache.hadoop.ha.ServiceFailedException
2024-11-12 13:42:55,417 INFO  EvoClassLoader - Instrumenting class 'org.apache.hadoop.ha.ServiceFailedException'.
2024-11-12 13:42:55,417 INFO  MethodCallReplacementClassAdapter - Adding mock interface to class org/apache/hadoop/ha/ServiceFailedException
2024-11-12 13:42:55,417 INFO  CreateClassResetClassAdapter - Creating brand-new static initializer in class org/apache/hadoop/ha/ServiceFailedException
2024-11-12 13:42:55,417 INFO  EvoClassLoader - Defined package (3): package org.apache.hadoop.ha, -40118132
2024-11-12 13:42:55,417 INFO  EvoClassLoader - Keeping class: org.apache.hadoop.ha.ServiceFailedException
2024-11-12 13:42:55,417 INFO  EvoClassLoader - Seeing class for first time: org.apache.hadoop.hdfs.server.namenode.ha.HAContext
2024-11-12 13:42:55,417 INFO  EvoClassLoader - Instrumenting class 'org.apache.hadoop.hdfs.server.namenode.ha.HAContext'.
2024-11-12 13:42:55,418 INFO  EvoClassLoader - Keeping class: org.apache.hadoop.hdfs.server.namenode.ha.HAContext
2024-11-12 13:42:55,418 INFO  EvoClassLoader - Seeing class for first time: org.apache.hadoop.ha.HAServiceProtocol$HAServiceState
2024-11-12 13:42:55,418 INFO  EvoClassLoader - Instrumenting class 'org.apache.hadoop.ha.HAServiceProtocol$HAServiceState'.
2024-11-12 13:42:55,418 INFO  MethodCallReplacementClassAdapter - Adding mock interface to class org/apache/hadoop/ha/HAServiceProtocol$HAServiceState
2024-11-12 13:42:55,418 INFO  CreateClassResetClassAdapter - Found static initializer in class org/apache/hadoop/ha/HAServiceProtocol$HAServiceState
2024-11-12 13:42:55,419 INFO  EvoClassLoader - Keeping class: org.apache.hadoop.ha.HAServiceProtocol$HAServiceState
2024-11-12 13:42:55,419 INFO  EvoClassLoader - Seeing class for first time: org.apache.hadoop.hdfs.server.namenode.NameNode$OperationCategory
2024-11-12 13:42:55,419 INFO  EvoClassLoader - Instrumenting class 'org.apache.hadoop.hdfs.server.namenode.NameNode$OperationCategory'.
2024-11-12 13:42:55,419 INFO  MethodCallReplacementClassAdapter - Adding mock interface to class org/apache/hadoop/hdfs/server/namenode/NameNode$OperationCategory
2024-11-12 13:42:55,419 INFO  CreateClassResetClassAdapter - Found static initializer in class org/apache/hadoop/hdfs/server/namenode/NameNode$OperationCategory
2024-11-12 13:42:55,419 INFO  EvoClassLoader - Keeping class: org.apache.hadoop.hdfs.server.namenode.NameNode$OperationCategory
2024-11-12 13:42:55,419 INFO  EvoClassLoader - Seeing class for first time: org.apache.hadoop.ipc.StandbyException
2024-11-12 13:42:55,419 INFO  EvoClassLoader - Instrumenting class 'org.apache.hadoop.ipc.StandbyException'.
2024-11-12 13:42:55,419 INFO  MethodCallReplacementClassAdapter - Adding mock interface to class org/apache/hadoop/ipc/StandbyException
2024-11-12 13:42:55,419 INFO  CreateClassResetClassAdapter - Creating brand-new static initializer in class org/apache/hadoop/ipc/StandbyException
2024-11-12 13:42:55,419 INFO  EvoClassLoader - Defined package (3): package org.apache.hadoop.ipc, -1243660567
2024-11-12 13:42:55,419 INFO  EvoClassLoader - Keeping class: org.apache.hadoop.ipc.StandbyException
2024-11-12 13:42:55,420 INFO  EvoClassLoader - Seeing class for first time: org.apache.hadoop.hdfs.server.namenode.ha.ActiveState
2024-11-12 13:42:55,420 INFO  EvoClassLoader - Instrumenting class 'org.apache.hadoop.hdfs.server.namenode.ha.ActiveState'.
2024-11-12 13:42:55,420 INFO  MethodCallReplacementClassAdapter - Adding mock interface to class org/apache/hadoop/hdfs/server/namenode/ha/ActiveState
2024-11-12 13:42:55,420 INFO  CreateClassResetClassAdapter - Creating brand-new static initializer in class org/apache/hadoop/hdfs/server/namenode/ha/ActiveState
2024-11-12 13:42:55,420 INFO  EvoClassLoader - Keeping class: org.apache.hadoop.hdfs.server.namenode.ha.ActiveState
2024-11-12 13:42:55,420 INFO  EvoClassLoader - Seeing class for first time: org.apache.hadoop.ha.HAServiceProtocol
2024-11-12 13:42:55,420 INFO  EvoClassLoader - Instrumenting class 'org.apache.hadoop.ha.HAServiceProtocol'.
2024-11-12 13:42:55,420 INFO  EvoClassLoader - Keeping class: org.apache.hadoop.ha.HAServiceProtocol
2024-11-12 13:42:55,420 INFO  EvoClassLoader - Seeing class for first time: org.apache.hadoop.ha.HAServiceProtocol$StateChangeRequestInfo
2024-11-12 13:42:55,420 INFO  EvoClassLoader - Instrumenting class 'org.apache.hadoop.ha.HAServiceProtocol$StateChangeRequestInfo'.
2024-11-12 13:42:55,421 INFO  MethodCallReplacementClassAdapter - Adding mock interface to class org/apache/hadoop/ha/HAServiceProtocol$StateChangeRequestInfo
2024-11-12 13:42:55,421 INFO  CreateClassResetClassAdapter - Creating brand-new static initializer in class org/apache/hadoop/ha/HAServiceProtocol$StateChangeRequestInfo
2024-11-12 13:42:55,421 INFO  EvoClassLoader - Keeping class: org.apache.hadoop.ha.HAServiceProtocol$StateChangeRequestInfo
2024-11-12 13:42:55,421 INFO  EvoClassLoader - Seeing class for first time: org.apache.hadoop.ha.HAServiceProtocol$RequestSource
2024-11-12 13:42:55,421 INFO  EvoClassLoader - Instrumenting class 'org.apache.hadoop.ha.HAServiceProtocol$RequestSource'.
2024-11-12 13:42:55,421 INFO  MethodCallReplacementClassAdapter - Adding mock interface to class org/apache/hadoop/ha/HAServiceProtocol$RequestSource
2024-11-12 13:42:55,421 INFO  CreateClassResetClassAdapter - Found static initializer in class org/apache/hadoop/ha/HAServiceProtocol$RequestSource
2024-11-12 13:42:55,421 INFO  EvoClassLoader - Keeping class: org.apache.hadoop.ha.HAServiceProtocol$RequestSource
2024-11-12 13:42:55,421 INFO  EvoClassLoader - Seeing class for first time: org.apache.hadoop.hdfs.server.namenode.ha.StandbyState
2024-11-12 13:42:55,421 INFO  EvoClassLoader - Instrumenting class 'org.apache.hadoop.hdfs.server.namenode.ha.StandbyState'.
2024-11-12 13:42:55,421 INFO  MethodCallReplacementClassAdapter - Adding mock interface to class org/apache/hadoop/hdfs/server/namenode/ha/StandbyState
2024-11-12 13:42:55,421 INFO  CreateClassResetClassAdapter - Creating brand-new static initializer in class org/apache/hadoop/hdfs/server/namenode/ha/StandbyState
2024-11-12 13:42:55,422 INFO  EvoClassLoader - Keeping class: org.apache.hadoop.hdfs.server.namenode.ha.StandbyState
2024-11-12 13:42:55,422 INFO  EvoClassLoader - Seeing class for first time: org.apache.hadoop.ipc.ObserverRetryOnActiveException
2024-11-12 13:42:55,422 INFO  EvoClassLoader - Instrumenting class 'org.apache.hadoop.ipc.ObserverRetryOnActiveException'.
2024-11-12 13:42:55,422 INFO  MethodCallReplacementClassAdapter - Adding mock interface to class org/apache/hadoop/ipc/ObserverRetryOnActiveException
2024-11-12 13:42:55,422 INFO  CreateClassResetClassAdapter - Creating brand-new static initializer in class org/apache/hadoop/ipc/ObserverRetryOnActiveException
2024-11-12 13:42:55,422 INFO  EvoClassLoader - Keeping class: org.apache.hadoop.ipc.ObserverRetryOnActiveException
2024-11-12 13:42:55,422 INFO  EvoClassLoader - Seeing class for first time: org.apache.hadoop.hdfs.server.namenode.startupprogress.StartupProgress
2024-11-12 13:42:55,422 INFO  EvoClassLoader - Instrumenting class 'org.apache.hadoop.hdfs.server.namenode.startupprogress.StartupProgress'.
2024-11-12 13:42:55,423 INFO  MethodCallReplacementClassAdapter - Adding mock interface to class org/apache/hadoop/hdfs/server/namenode/startupprogress/StartupProgress
2024-11-12 13:42:55,423 INFO  CreateClassResetClassAdapter - Found static initializer in class org/apache/hadoop/hdfs/server/namenode/startupprogress/StartupProgress
2024-11-12 13:42:55,423 INFO  EvoClassLoader - Defined package (3): package org.apache.hadoop.hdfs.server.namenode.startupprogress, -2052155710
2024-11-12 13:42:55,423 INFO  EvoClassLoader - Keeping class: org.apache.hadoop.hdfs.server.namenode.startupprogress.StartupProgress
2024-11-12 13:42:55,423 INFO  EvoClassLoader - Seeing class for first time: org.apache.hadoop.hdfs.server.namenode.startupprogress.StartupProgress$Counter
2024-11-12 13:42:55,423 INFO  EvoClassLoader - Instrumenting class 'org.apache.hadoop.hdfs.server.namenode.startupprogress.StartupProgress$Counter'.
2024-11-12 13:42:55,424 INFO  EvoClassLoader - Keeping class: org.apache.hadoop.hdfs.server.namenode.startupprogress.StartupProgress$Counter
2024-11-12 13:42:55,424 INFO  EvoClassLoader - Seeing class for first time: org.apache.hadoop.hdfs.server.namenode.startupprogress.Phase
2024-11-12 13:42:55,424 INFO  EvoClassLoader - Instrumenting class 'org.apache.hadoop.hdfs.server.namenode.startupprogress.Phase'.
2024-11-12 13:42:55,424 INFO  MethodCallReplacementClassAdapter - Adding mock interface to class org/apache/hadoop/hdfs/server/namenode/startupprogress/Phase
2024-11-12 13:42:55,424 INFO  CreateClassResetClassAdapter - Found static initializer in class org/apache/hadoop/hdfs/server/namenode/startupprogress/Phase
2024-11-12 13:42:55,424 INFO  EvoClassLoader - Keeping class: org.apache.hadoop.hdfs.server.namenode.startupprogress.Phase
2024-11-12 13:42:55,424 INFO  EvoClassLoader - Seeing class for first time: org.apache.hadoop.hdfs.server.namenode.startupprogress.Status
2024-11-12 13:42:55,424 INFO  EvoClassLoader - Instrumenting class 'org.apache.hadoop.hdfs.server.namenode.startupprogress.Status'.
2024-11-12 13:42:55,425 INFO  MethodCallReplacementClassAdapter - Adding mock interface to class org/apache/hadoop/hdfs/server/namenode/startupprogress/Status
2024-11-12 13:42:55,425 INFO  CreateClassResetClassAdapter - Found static initializer in class org/apache/hadoop/hdfs/server/namenode/startupprogress/Status
2024-11-12 13:42:55,425 INFO  EvoClassLoader - Keeping class: org.apache.hadoop.hdfs.server.namenode.startupprogress.Status
2024-11-12 13:42:55,425 INFO  EvoClassLoader - Seeing class for first time: org.apache.hadoop.hdfs.server.namenode.startupprogress.Step
2024-11-12 13:42:55,425 INFO  EvoClassLoader - Instrumenting class 'org.apache.hadoop.hdfs.server.namenode.startupprogress.Step'.
2024-11-12 13:42:55,425 INFO  MethodCallReplacementClassAdapter - Adding mock interface to class org/apache/hadoop/hdfs/server/namenode/startupprogress/Step
2024-11-12 13:42:55,425 INFO  CreateClassResetClassAdapter - Found static initializer in class org/apache/hadoop/hdfs/server/namenode/startupprogress/Step
2024-11-12 13:42:55,425 INFO  EvoClassLoader - Keeping class: org.apache.hadoop.hdfs.server.namenode.startupprogress.Step
2024-11-12 13:42:55,425 INFO  EvoClassLoader - Seeing class for first time: org.apache.hadoop.hdfs.server.namenode.startupprogress.StartupProgressView
2024-11-12 13:42:55,425 INFO  EvoClassLoader - Instrumenting class 'org.apache.hadoop.hdfs.server.namenode.startupprogress.StartupProgressView'.
2024-11-12 13:42:55,426 INFO  MethodCallReplacementClassAdapter - Adding mock interface to class org/apache/hadoop/hdfs/server/namenode/startupprogress/StartupProgressView
2024-11-12 13:42:55,426 INFO  CreateClassResetClassAdapter - Creating brand-new static initializer in class org/apache/hadoop/hdfs/server/namenode/startupprogress/StartupProgressView
2024-11-12 13:42:55,426 INFO  EvoClassLoader - Keeping class: org.apache.hadoop.hdfs.server.namenode.startupprogress.StartupProgressView
2024-11-12 13:42:55,426 INFO  EvoClassLoader - Seeing class for first time: org.apache.hadoop.hdfs.server.namenode.startupprogress.StepTracking
2024-11-12 13:42:55,426 INFO  EvoClassLoader - Instrumenting class 'org.apache.hadoop.hdfs.server.namenode.startupprogress.StepTracking'.
2024-11-12 13:42:55,426 INFO  MethodCallReplacementClassAdapter - Adding mock interface to class org/apache/hadoop/hdfs/server/namenode/startupprogress/StepTracking
2024-11-12 13:42:55,426 INFO  CreateClassResetClassAdapter - Creating brand-new static initializer in class org/apache/hadoop/hdfs/server/namenode/startupprogress/StepTracking
2024-11-12 13:42:55,426 INFO  EvoClassLoader - Seeing class for first time: org.apache.hadoop.hdfs.server.namenode.startupprogress.AbstractTracking
2024-11-12 13:42:55,426 INFO  EvoClassLoader - Instrumenting class 'org.apache.hadoop.hdfs.server.namenode.startupprogress.AbstractTracking'.
2024-11-12 13:42:55,426 INFO  MethodCallReplacementClassAdapter - Adding mock interface to class org/apache/hadoop/hdfs/server/namenode/startupprogress/AbstractTracking
2024-11-12 13:42:55,426 INFO  CreateClassResetClassAdapter - Creating brand-new static initializer in class org/apache/hadoop/hdfs/server/namenode/startupprogress/AbstractTracking
2024-11-12 13:42:55,426 INFO  EvoClassLoader - Keeping class: org.apache.hadoop.hdfs.server.namenode.startupprogress.AbstractTracking
2024-11-12 13:42:55,426 INFO  EvoClassLoader - Keeping class: org.apache.hadoop.hdfs.server.namenode.startupprogress.StepTracking
2024-11-12 13:42:55,427 INFO  EvoClassLoader - Seeing class for first time: org.apache.hadoop.hdfs.server.namenode.startupprogress.PhaseTracking
2024-11-12 13:42:55,427 INFO  EvoClassLoader - Instrumenting class 'org.apache.hadoop.hdfs.server.namenode.startupprogress.PhaseTracking'.
2024-11-12 13:42:55,427 INFO  MethodCallReplacementClassAdapter - Adding mock interface to class org/apache/hadoop/hdfs/server/namenode/startupprogress/PhaseTracking
2024-11-12 13:42:55,427 INFO  CreateClassResetClassAdapter - Creating brand-new static initializer in class org/apache/hadoop/hdfs/server/namenode/startupprogress/PhaseTracking
2024-11-12 13:42:55,427 INFO  EvoClassLoader - Keeping class: org.apache.hadoop.hdfs.server.namenode.startupprogress.PhaseTracking
2024-11-12 13:42:55,427 INFO  EvoClassLoader - Seeing class for first time: org.apache.hadoop.hdfs.server.namenode.NameNode
2024-11-12 13:42:55,427 INFO  EvoClassLoader - Instrumenting class 'org.apache.hadoop.hdfs.server.namenode.NameNode'.
2024-11-12 13:42:55,428 INFO  MethodCallReplacementClassAdapter - Adding mock interface to class org/apache/hadoop/hdfs/server/namenode/NameNode
2024-11-12 13:42:55,439 INFO  CreateClassResetClassAdapter - Found static initializer in class org/apache/hadoop/hdfs/server/namenode/NameNode
2024-11-12 13:42:55,441 INFO  EvoClassLoader - Seeing class for first time: org.apache.hadoop.hdfs.server.namenode.NameNodeStatusMXBean
2024-11-12 13:42:55,441 INFO  EvoClassLoader - Instrumenting class 'org.apache.hadoop.hdfs.server.namenode.NameNodeStatusMXBean'.
2024-11-12 13:42:55,441 INFO  EvoClassLoader - Keeping class: org.apache.hadoop.hdfs.server.namenode.NameNodeStatusMXBean
2024-11-12 13:42:55,441 INFO  EvoClassLoader - Seeing class for first time: org.apache.hadoop.hdfs.server.common.TokenVerifier
2024-11-12 13:42:55,441 INFO  EvoClassLoader - Instrumenting class 'org.apache.hadoop.hdfs.server.common.TokenVerifier'.
2024-11-12 13:42:55,441 INFO  EvoClassLoader - Keeping class: org.apache.hadoop.hdfs.server.common.TokenVerifier
2024-11-12 13:42:55,441 INFO  EvoClassLoader - Keeping class: org.apache.hadoop.hdfs.server.namenode.NameNode
2024-11-12 13:42:55,442 INFO  EvoClassLoader - Seeing class for first time: org.apache.hadoop.hdfs.server.protocol.NamenodeProtocols
2024-11-12 13:42:55,442 INFO  EvoClassLoader - Instrumenting class 'org.apache.hadoop.hdfs.server.protocol.NamenodeProtocols'.
2024-11-12 13:42:55,442 INFO  EvoClassLoader - Defined package (3): package org.apache.hadoop.hdfs.server.protocol, -726077295
2024-11-12 13:42:55,442 INFO  EvoClassLoader - Seeing class for first time: org.apache.hadoop.hdfs.protocol.ClientProtocol
2024-11-12 13:42:55,442 INFO  EvoClassLoader - Instrumenting class 'org.apache.hadoop.hdfs.protocol.ClientProtocol'.
2024-11-12 13:42:55,443 INFO  EvoClassLoader - Keeping class: org.apache.hadoop.hdfs.protocol.ClientProtocol
2024-11-12 13:42:55,443 INFO  EvoClassLoader - Seeing class for first time: org.apache.hadoop.hdfs.server.protocol.DatanodeProtocol
2024-11-12 13:42:55,443 INFO  EvoClassLoader - Instrumenting class 'org.apache.hadoop.hdfs.server.protocol.DatanodeProtocol'.
2024-11-12 13:42:55,444 INFO  EvoClassLoader - Keeping class: org.apache.hadoop.hdfs.server.protocol.DatanodeProtocol
2024-11-12 13:42:55,444 INFO  EvoClassLoader - Seeing class for first time: org.apache.hadoop.hdfs.server.protocol.DatanodeLifelineProtocol
2024-11-12 13:42:55,444 INFO  EvoClassLoader - Instrumenting class 'org.apache.hadoop.hdfs.server.protocol.DatanodeLifelineProtocol'.
2024-11-12 13:42:55,444 INFO  EvoClassLoader - Keeping class: org.apache.hadoop.hdfs.server.protocol.DatanodeLifelineProtocol
2024-11-12 13:42:55,444 INFO  EvoClassLoader - Seeing class for first time: org.apache.hadoop.hdfs.server.protocol.NamenodeProtocol
2024-11-12 13:42:55,444 INFO  EvoClassLoader - Instrumenting class 'org.apache.hadoop.hdfs.server.protocol.NamenodeProtocol'.
2024-11-12 13:42:55,444 INFO  EvoClassLoader - Keeping class: org.apache.hadoop.hdfs.server.protocol.NamenodeProtocol
2024-11-12 13:42:55,444 INFO  EvoClassLoader - Seeing class for first time: org.apache.hadoop.security.authorize.RefreshAuthorizationPolicyProtocol
2024-11-12 13:42:55,444 INFO  EvoClassLoader - Instrumenting class 'org.apache.hadoop.security.authorize.RefreshAuthorizationPolicyProtocol'.
2024-11-12 13:42:55,444 INFO  EvoClassLoader - Defined package (3): package org.apache.hadoop.security.authorize, 1538066510
2024-11-12 13:42:55,444 INFO  EvoClassLoader - Keeping class: org.apache.hadoop.security.authorize.RefreshAuthorizationPolicyProtocol
2024-11-12 13:42:55,444 INFO  EvoClassLoader - Seeing class for first time: org.apache.hadoop.hdfs.protocol.ReconfigurationProtocol
2024-11-12 13:42:55,444 INFO  EvoClassLoader - Instrumenting class 'org.apache.hadoop.hdfs.protocol.ReconfigurationProtocol'.
2024-11-12 13:42:55,444 INFO  EvoClassLoader - Keeping class: org.apache.hadoop.hdfs.protocol.ReconfigurationProtocol
2024-11-12 13:42:55,444 INFO  EvoClassLoader - Seeing class for first time: org.apache.hadoop.security.RefreshUserMappingsProtocol
2024-11-12 13:42:55,444 INFO  EvoClassLoader - Instrumenting class 'org.apache.hadoop.security.RefreshUserMappingsProtocol'.
2024-11-12 13:42:55,445 INFO  EvoClassLoader - Keeping class: org.apache.hadoop.security.RefreshUserMappingsProtocol
2024-11-12 13:42:55,445 INFO  EvoClassLoader - Seeing class for first time: org.apache.hadoop.ipc.RefreshCallQueueProtocol
2024-11-12 13:42:55,445 INFO  EvoClassLoader - Instrumenting class 'org.apache.hadoop.ipc.RefreshCallQueueProtocol'.
2024-11-12 13:42:55,445 INFO  EvoClassLoader - Keeping class: org.apache.hadoop.ipc.RefreshCallQueueProtocol
2024-11-12 13:42:55,445 INFO  EvoClassLoader - Seeing class for first time: org.apache.hadoop.ipc.GenericRefreshProtocol
2024-11-12 13:42:55,445 INFO  EvoClassLoader - Instrumenting class 'org.apache.hadoop.ipc.GenericRefreshProtocol'.
2024-11-12 13:42:55,445 INFO  EvoClassLoader - Keeping class: org.apache.hadoop.ipc.GenericRefreshProtocol
2024-11-12 13:42:55,445 INFO  EvoClassLoader - Seeing class for first time: org.apache.hadoop.tools.GetUserMappingsProtocol
2024-11-12 13:42:55,445 INFO  EvoClassLoader - Instrumenting class 'org.apache.hadoop.tools.GetUserMappingsProtocol'.
2024-11-12 13:42:55,445 INFO  EvoClassLoader - Defined package (3): package org.apache.hadoop.tools, -1146752664
2024-11-12 13:42:55,445 INFO  EvoClassLoader - Keeping class: org.apache.hadoop.tools.GetUserMappingsProtocol
2024-11-12 13:42:55,445 INFO  EvoClassLoader - Keeping class: org.apache.hadoop.hdfs.server.protocol.NamenodeProtocols
2024-11-12 13:42:55,445 INFO  EvoClassLoader - Seeing class for first time: org.apache.hadoop.ipc.RetriableException
2024-11-12 13:42:55,445 INFO  EvoClassLoader - Instrumenting class 'org.apache.hadoop.ipc.RetriableException'.
2024-11-12 13:42:55,445 INFO  MethodCallReplacementClassAdapter - Adding mock interface to class org/apache/hadoop/ipc/RetriableException
2024-11-12 13:42:55,445 INFO  CreateClassResetClassAdapter - Creating brand-new static initializer in class org/apache/hadoop/ipc/RetriableException
2024-11-12 13:42:55,445 INFO  EvoClassLoader - Keeping class: org.apache.hadoop.ipc.RetriableException
2024-11-12 13:42:55,445 INFO  EvoClassLoader - Seeing class for first time: org.apache.hadoop.ipc.Server$Call
2024-11-12 13:42:55,445 INFO  EvoClassLoader - Instrumenting class 'org.apache.hadoop.ipc.Server$Call'.
2024-11-12 13:42:55,445 INFO  MethodCallReplacementClassAdapter - Adding mock interface to class org/apache/hadoop/ipc/Server$Call
2024-11-12 13:42:55,446 INFO  CreateClassResetClassAdapter - Found static initializer in class org/apache/hadoop/ipc/Server$Call
2024-11-12 13:42:55,446 INFO  EvoClassLoader - Seeing class for first time: org.apache.hadoop.ipc.Schedulable
2024-11-12 13:42:55,446 INFO  EvoClassLoader - Instrumenting class 'org.apache.hadoop.ipc.Schedulable'.
2024-11-12 13:42:55,446 INFO  EvoClassLoader - Keeping class: org.apache.hadoop.ipc.Schedulable
2024-11-12 13:42:55,446 INFO  EvoClassLoader - Keeping class: org.apache.hadoop.ipc.Server$Call
2024-11-12 13:42:55,446 INFO  EvoClassLoader - Seeing class for first time: org.apache.hadoop.ipc.ExternalCall
2024-11-12 13:42:55,446 INFO  EvoClassLoader - Instrumenting class 'org.apache.hadoop.ipc.ExternalCall'.
2024-11-12 13:42:55,446 INFO  MethodCallReplacementClassAdapter - Adding mock interface to class org/apache/hadoop/ipc/ExternalCall
2024-11-12 13:42:55,446 INFO  CreateClassResetClassAdapter - Creating brand-new static initializer in class org/apache/hadoop/ipc/ExternalCall
2024-11-12 13:42:55,447 INFO  EvoClassLoader - Keeping class: org.apache.hadoop.ipc.ExternalCall
2024-11-12 13:42:55,447 INFO  EvoClassLoader - Seeing class for first time: org.apache.hadoop.hdfs.server.common.StorageInfo
2024-11-12 13:42:55,447 INFO  EvoClassLoader - Instrumenting class 'org.apache.hadoop.hdfs.server.common.StorageInfo'.
2024-11-12 13:42:55,447 INFO  MethodCallReplacementClassAdapter - Adding mock interface to class org/apache/hadoop/hdfs/server/common/StorageInfo
2024-11-12 13:42:55,449 INFO  CreateClassResetClassAdapter - Creating brand-new static initializer in class org/apache/hadoop/hdfs/server/common/StorageInfo
2024-11-12 13:42:55,449 INFO  CreateClassResetClassAdapter - Adding bytecode for initializing field STORAGE_FILE_VERSION
2024-11-12 13:42:55,450 INFO  EvoClassLoader - Keeping class: org.apache.hadoop.hdfs.server.common.StorageInfo
2024-11-12 13:42:55,450 INFO  EvoClassLoader - Seeing class for first time: org.apache.hadoop.hdfs.server.namenode.NNStorage
2024-11-12 13:42:55,450 INFO  EvoClassLoader - Instrumenting class 'org.apache.hadoop.hdfs.server.namenode.NNStorage'.
2024-11-12 13:42:55,450 INFO  MethodCallReplacementClassAdapter - Adding mock interface to class org/apache/hadoop/hdfs/server/namenode/NNStorage
2024-11-12 13:42:55,454 INFO  CreateClassResetClassAdapter - Found static initializer in class org/apache/hadoop/hdfs/server/namenode/NNStorage
2024-11-12 13:42:55,455 INFO  EvoClassLoader - Seeing class for first time: org.apache.hadoop.hdfs.server.common.StorageErrorReporter
2024-11-12 13:42:55,455 INFO  EvoClassLoader - Instrumenting class 'org.apache.hadoop.hdfs.server.common.StorageErrorReporter'.
2024-11-12 13:42:55,455 INFO  EvoClassLoader - Keeping class: org.apache.hadoop.hdfs.server.common.StorageErrorReporter
2024-11-12 13:42:55,455 INFO  EvoClassLoader - Seeing class for first time: org.apache.hadoop.hdfs.server.common.Storage
2024-11-12 13:42:55,455 INFO  EvoClassLoader - Instrumenting class 'org.apache.hadoop.hdfs.server.common.Storage'.
2024-11-12 13:42:55,455 INFO  MethodCallReplacementClassAdapter - Adding mock interface to class org/apache/hadoop/hdfs/server/common/Storage
2024-11-12 13:42:55,457 INFO  CreateClassResetClassAdapter - Found static initializer in class org/apache/hadoop/hdfs/server/common/Storage
2024-11-12 13:42:55,458 INFO  EvoClassLoader - Keeping class: org.apache.hadoop.hdfs.server.common.Storage
2024-11-12 13:42:55,458 INFO  EvoClassLoader - Keeping class: org.apache.hadoop.hdfs.server.namenode.NNStorage
2024-11-12 13:42:55,459 INFO  EvoClassLoader - Seeing class for first time: org.apache.hadoop.hdfs.server.namenode.BackupNode
2024-11-12 13:42:55,459 INFO  EvoClassLoader - Instrumenting class 'org.apache.hadoop.hdfs.server.namenode.BackupNode'.
2024-11-12 13:42:55,459 INFO  MethodCallReplacementClassAdapter - Adding mock interface to class org/apache/hadoop/hdfs/server/namenode/BackupNode
2024-11-12 13:42:55,460 INFO  CreateClassResetClassAdapter - Found static initializer in class org/apache/hadoop/hdfs/server/namenode/BackupNode
2024-11-12 13:42:55,460 INFO  EvoClassLoader - Keeping class: org.apache.hadoop.hdfs.server.namenode.BackupNode
2024-11-12 13:42:55,460 INFO  EvoClassLoader - Seeing class for first time: org.apache.hadoop.ha.HealthCheckFailedException
2024-11-12 13:42:55,460 INFO  EvoClassLoader - Instrumenting class 'org.apache.hadoop.ha.HealthCheckFailedException'.
2024-11-12 13:42:55,460 INFO  MethodCallReplacementClassAdapter - Adding mock interface to class org/apache/hadoop/ha/HealthCheckFailedException
2024-11-12 13:42:55,460 INFO  CreateClassResetClassAdapter - Creating brand-new static initializer in class org/apache/hadoop/ha/HealthCheckFailedException
2024-11-12 13:42:55,461 INFO  EvoClassLoader - Keeping class: org.apache.hadoop.ha.HealthCheckFailedException
2024-11-12 13:42:55,461 INFO  EvoClassLoader - Seeing class for first time: org.apache.hadoop.HadoopIllegalArgumentException
2024-11-12 13:42:55,461 INFO  EvoClassLoader - Instrumenting class 'org.apache.hadoop.HadoopIllegalArgumentException'.
2024-11-12 13:42:55,461 INFO  MethodCallReplacementClassAdapter - Adding mock interface to class org/apache/hadoop/HadoopIllegalArgumentException
2024-11-12 13:42:55,461 INFO  CreateClassResetClassAdapter - Creating brand-new static initializer in class org/apache/hadoop/HadoopIllegalArgumentException
2024-11-12 13:42:55,461 INFO  EvoClassLoader - Defined package (3): package org.apache.hadoop, 975885115
2024-11-12 13:42:55,461 INFO  EvoClassLoader - Keeping class: org.apache.hadoop.HadoopIllegalArgumentException
2024-11-12 13:42:55,462 INFO  EvoClassLoader - Seeing class for first time: org.apache.hadoop.hdfs.server.namenode.NameNodeFormatException
2024-11-12 13:42:55,462 INFO  EvoClassLoader - Instrumenting class 'org.apache.hadoop.hdfs.server.namenode.NameNodeFormatException'.
2024-11-12 13:42:55,462 INFO  MethodCallReplacementClassAdapter - Adding mock interface to class org/apache/hadoop/hdfs/server/namenode/NameNodeFormatException
2024-11-12 13:42:55,462 INFO  CreateClassResetClassAdapter - Creating brand-new static initializer in class org/apache/hadoop/hdfs/server/namenode/NameNodeFormatException
2024-11-12 13:42:55,462 INFO  EvoClassLoader - Keeping class: org.apache.hadoop.hdfs.server.namenode.NameNodeFormatException
2024-11-12 13:42:55,463 INFO  EvoClassLoader - Seeing class for first time: org.apache.hadoop.hdfs.server.namenode.FSImage
2024-11-12 13:42:55,463 INFO  EvoClassLoader - Instrumenting class 'org.apache.hadoop.hdfs.server.namenode.FSImage'.
2024-11-12 13:42:55,464 INFO  MethodCallReplacementClassAdapter - Adding mock interface to class org/apache/hadoop/hdfs/server/namenode/FSImage
2024-11-12 13:42:55,467 INFO  CreateClassResetClassAdapter - Found static initializer in class org/apache/hadoop/hdfs/server/namenode/FSImage
2024-11-12 13:42:55,468 INFO  EvoClassLoader - Keeping class: org.apache.hadoop.hdfs.server.namenode.FSImage
2024-11-12 13:42:55,468 INFO  EvoClassLoader - Seeing class for first time: org.apache.hadoop.hdfs.server.namenode.metrics.NameNodeMetrics
2024-11-12 13:42:55,468 INFO  EvoClassLoader - Instrumenting class 'org.apache.hadoop.hdfs.server.namenode.metrics.NameNodeMetrics'.
2024-11-12 13:42:55,468 INFO  MethodCallReplacementClassAdapter - Adding mock interface to class org/apache/hadoop/hdfs/server/namenode/metrics/NameNodeMetrics
2024-11-12 13:42:55,469 INFO  CreateClassResetClassAdapter - Creating brand-new static initializer in class org/apache/hadoop/hdfs/server/namenode/metrics/NameNodeMetrics
2024-11-12 13:42:55,469 INFO  EvoClassLoader - Defined package (3): package org.apache.hadoop.hdfs.server.namenode.metrics, -1864648741
2024-11-12 13:42:55,469 INFO  EvoClassLoader - Keeping class: org.apache.hadoop.hdfs.server.namenode.metrics.NameNodeMetrics
2024-11-12 13:42:55,469 INFO  EvoClassLoader - Seeing class for first time: org.apache.hadoop.hdfs.server.namenode.FSNamesystem
2024-11-12 13:42:55,469 INFO  EvoClassLoader - Instrumenting class 'org.apache.hadoop.hdfs.server.namenode.FSNamesystem'.
2024-11-12 13:42:55,472 INFO  MethodCallReplacementClassAdapter - Adding mock interface to class org/apache/hadoop/hdfs/server/namenode/FSNamesystem
2024-11-12 13:42:55,490 INFO  CreateClassResetClassAdapter - Found static initializer in class org/apache/hadoop/hdfs/server/namenode/FSNamesystem
2024-11-12 13:42:55,494 INFO  EvoClassLoader - Seeing class for first time: org.apache.hadoop.hdfs.server.namenode.Namesystem
2024-11-12 13:42:55,494 INFO  EvoClassLoader - Instrumenting class 'org.apache.hadoop.hdfs.server.namenode.Namesystem'.
2024-11-12 13:42:55,494 INFO  EvoClassLoader - Seeing class for first time: org.apache.hadoop.hdfs.util.RwLock
2024-11-12 13:42:55,494 INFO  EvoClassLoader - Instrumenting class 'org.apache.hadoop.hdfs.util.RwLock'.
2024-11-12 13:42:55,495 INFO  EvoClassLoader - Keeping class: org.apache.hadoop.hdfs.util.RwLock
2024-11-12 13:42:55,495 INFO  EvoClassLoader - Seeing class for first time: org.apache.hadoop.hdfs.server.namenode.SafeMode
2024-11-12 13:42:55,495 INFO  EvoClassLoader - Instrumenting class 'org.apache.hadoop.hdfs.server.namenode.SafeMode'.
2024-11-12 13:42:55,495 INFO  EvoClassLoader - Keeping class: org.apache.hadoop.hdfs.server.namenode.SafeMode
2024-11-12 13:42:55,495 INFO  EvoClassLoader - Keeping class: org.apache.hadoop.hdfs.server.namenode.Namesystem
2024-11-12 13:42:55,495 INFO  EvoClassLoader - Seeing class for first time: org.apache.hadoop.hdfs.server.namenode.metrics.FSNamesystemMBean
2024-11-12 13:42:55,495 INFO  EvoClassLoader - Instrumenting class 'org.apache.hadoop.hdfs.server.namenode.metrics.FSNamesystemMBean'.
2024-11-12 13:42:55,495 INFO  EvoClassLoader - Keeping class: org.apache.hadoop.hdfs.server.namenode.metrics.FSNamesystemMBean
2024-11-12 13:42:55,495 INFO  EvoClassLoader - Seeing class for first time: org.apache.hadoop.hdfs.server.namenode.NameNodeMXBean
2024-11-12 13:42:55,495 INFO  EvoClassLoader - Instrumenting class 'org.apache.hadoop.hdfs.server.namenode.NameNodeMXBean'.
2024-11-12 13:42:55,496 INFO  EvoClassLoader - Keeping class: org.apache.hadoop.hdfs.server.namenode.NameNodeMXBean
2024-11-12 13:42:55,496 INFO  EvoClassLoader - Seeing class for first time: org.apache.hadoop.hdfs.server.namenode.metrics.ReplicatedBlocksMBean
2024-11-12 13:42:55,496 INFO  EvoClassLoader - Instrumenting class 'org.apache.hadoop.hdfs.server.namenode.metrics.ReplicatedBlocksMBean'.
2024-11-12 13:42:55,496 INFO  EvoClassLoader - Keeping class: org.apache.hadoop.hdfs.server.namenode.metrics.ReplicatedBlocksMBean
2024-11-12 13:42:55,496 INFO  EvoClassLoader - Seeing class for first time: org.apache.hadoop.hdfs.server.namenode.metrics.ECBlockGroupsMBean
2024-11-12 13:42:55,496 INFO  EvoClassLoader - Instrumenting class 'org.apache.hadoop.hdfs.server.namenode.metrics.ECBlockGroupsMBean'.
2024-11-12 13:42:55,496 INFO  EvoClassLoader - Keeping class: org.apache.hadoop.hdfs.server.namenode.metrics.ECBlockGroupsMBean
2024-11-12 13:42:55,497 INFO  EvoClassLoader - Keeping class: org.apache.hadoop.hdfs.server.namenode.FSNamesystem
2024-11-12 13:42:55,497 INFO  EvoClassLoader - Seeing class for first time: org.apache.hadoop.http.HttpServer2
2024-11-12 13:42:55,497 INFO  EvoClassLoader - Instrumenting class 'org.apache.hadoop.http.HttpServer2'.
2024-11-12 13:42:55,497 INFO  MethodCallReplacementClassAdapter - Adding mock interface to class org/apache/hadoop/http/HttpServer2
2024-11-12 13:42:55,499 INFO  CreateClassResetClassAdapter - Found static initializer in class org/apache/hadoop/http/HttpServer2
2024-11-12 13:42:55,499 INFO  EvoClassLoader - Defined package (3): package org.apache.hadoop.http, 101202779
2024-11-12 13:42:55,500 INFO  EvoClassLoader - Seeing class for first time: org.apache.hadoop.http.FilterContainer
2024-11-12 13:42:55,500 INFO  EvoClassLoader - Instrumenting class 'org.apache.hadoop.http.FilterContainer'.
2024-11-12 13:42:55,500 INFO  EvoClassLoader - Keeping class: org.apache.hadoop.http.FilterContainer
2024-11-12 13:42:55,501 INFO  EvoClassLoader - Keeping class: org.apache.hadoop.http.HttpServer2
2024-11-12 13:42:55,501 INFO  EvoClassLoader - Seeing class for first time: org.apache.commons.lang3.tuple.Pair
2024-11-12 13:42:55,501 INFO  EvoClassLoader - Instrumenting class 'org.apache.commons.lang3.tuple.Pair'.
2024-11-12 13:42:55,501 INFO  MethodCallReplacementClassAdapter - Adding mock interface to class org/apache/commons/lang3/tuple/Pair
2024-11-12 13:42:55,501 INFO  CreateClassResetClassAdapter - Found static initializer in class org/apache/commons/lang3/tuple/Pair
2024-11-12 13:42:55,501 INFO  EvoClassLoader - Defined package (3): package org.apache.commons.lang3.tuple, 1194288195
2024-11-12 13:42:55,501 INFO  EvoClassLoader - Keeping class: org.apache.commons.lang3.tuple.Pair
2024-11-12 13:42:55,501 INFO  EvoClassLoader - Seeing class for first time: org.apache.hadoop.security.token.delegation.AbstractDelegationTokenIdentifier
2024-11-12 13:42:55,501 INFO  EvoClassLoader - Instrumenting class 'org.apache.hadoop.security.token.delegation.AbstractDelegationTokenIdentifier'.
2024-11-12 13:42:55,501 INFO  MethodCallReplacementClassAdapter - Adding mock interface to class org/apache/hadoop/security/token/delegation/AbstractDelegationTokenIdentifier
2024-11-12 13:42:55,502 INFO  CreateClassResetClassAdapter - Creating brand-new static initializer in class org/apache/hadoop/security/token/delegation/AbstractDelegationTokenIdentifier
2024-11-12 13:42:55,502 INFO  CreateClassResetClassAdapter - Adding bytecode for initializing field VERSION
2024-11-12 13:42:55,502 INFO  EvoClassLoader - Defined package (3): package org.apache.hadoop.security.token.delegation, 367001656
2024-11-12 13:42:55,502 INFO  EvoClassLoader - Seeing class for first time: org.apache.hadoop.security.token.TokenIdentifier
2024-11-12 13:42:55,502 INFO  EvoClassLoader - Instrumenting class 'org.apache.hadoop.security.token.TokenIdentifier'.
2024-11-12 13:42:55,502 INFO  MethodCallReplacementClassAdapter - Adding mock interface to class org/apache/hadoop/security/token/TokenIdentifier
2024-11-12 13:42:55,503 INFO  CreateClassResetClassAdapter - Creating brand-new static initializer in class org/apache/hadoop/security/token/TokenIdentifier
2024-11-12 13:42:55,503 INFO  EvoClassLoader - Keeping class: org.apache.hadoop.security.token.TokenIdentifier
2024-11-12 13:42:55,503 INFO  EvoClassLoader - Keeping class: org.apache.hadoop.security.token.delegation.AbstractDelegationTokenIdentifier
2024-11-12 13:42:55,503 INFO  EvoClassLoader - Seeing class for first time: org.apache.hadoop.hdfs.security.token.delegation.DelegationTokenIdentifier
2024-11-12 13:42:55,503 INFO  EvoClassLoader - Instrumenting class 'org.apache.hadoop.hdfs.security.token.delegation.DelegationTokenIdentifier'.
2024-11-12 13:42:55,503 INFO  MethodCallReplacementClassAdapter - Adding mock interface to class org/apache/hadoop/hdfs/security/token/delegation/DelegationTokenIdentifier
2024-11-12 13:42:55,503 INFO  CreateClassResetClassAdapter - Found static initializer in class org/apache/hadoop/hdfs/security/token/delegation/DelegationTokenIdentifier
2024-11-12 13:42:55,503 INFO  EvoClassLoader - Defined package (3): package org.apache.hadoop.hdfs.security.token.delegation, -1678507175
2024-11-12 13:42:55,503 INFO  EvoClassLoader - Keeping class: org.apache.hadoop.hdfs.security.token.delegation.DelegationTokenIdentifier
2024-11-12 13:42:55,503 INFO  EvoClassLoader - Seeing class for first time: org.apache.hadoop.hdfs.server.protocol.NamenodeRegistration
2024-11-12 13:42:55,503 INFO  EvoClassLoader - Instrumenting class 'org.apache.hadoop.hdfs.server.protocol.NamenodeRegistration'.
2024-11-12 13:42:55,504 INFO  MethodCallReplacementClassAdapter - Adding mock interface to class org/apache/hadoop/hdfs/server/protocol/NamenodeRegistration
2024-11-12 13:42:55,504 INFO  CreateClassResetClassAdapter - Creating brand-new static initializer in class org/apache/hadoop/hdfs/server/protocol/NamenodeRegistration
2024-11-12 13:42:55,504 INFO  EvoClassLoader - Seeing class for first time: org.apache.hadoop.hdfs.server.protocol.NodeRegistration
2024-11-12 13:42:55,504 INFO  EvoClassLoader - Instrumenting class 'org.apache.hadoop.hdfs.server.protocol.NodeRegistration'.
2024-11-12 13:42:55,504 INFO  EvoClassLoader - Keeping class: org.apache.hadoop.hdfs.server.protocol.NodeRegistration
2024-11-12 13:42:55,504 INFO  EvoClassLoader - Keeping class: org.apache.hadoop.hdfs.server.protocol.NamenodeRegistration
2024-11-12 13:42:55,504 INFO  EvoClassLoader - Seeing class for first time: org.apache.hadoop.hdfs.server.namenode.NameNodeRpcServer
2024-11-12 13:42:55,504 INFO  EvoClassLoader - Instrumenting class 'org.apache.hadoop.hdfs.server.namenode.NameNodeRpcServer'.
2024-11-12 13:42:55,505 INFO  MethodCallReplacementClassAdapter - Adding mock interface to class org/apache/hadoop/hdfs/server/namenode/NameNodeRpcServer
2024-11-12 13:42:55,509 INFO  CreateClassResetClassAdapter - Found static initializer in class org/apache/hadoop/hdfs/server/namenode/NameNodeRpcServer
2024-11-12 13:42:55,511 INFO  EvoClassLoader - Keeping class: org.apache.hadoop.hdfs.server.namenode.NameNodeRpcServer
2024-11-12 13:42:55,511 INFO  EvoClassLoader - Seeing class for first time: org.apache.hadoop.hdfs.server.aliasmap.InMemoryLevelDBAliasMapServer
2024-11-12 13:42:55,511 INFO  EvoClassLoader - Instrumenting class 'org.apache.hadoop.hdfs.server.aliasmap.InMemoryLevelDBAliasMapServer'.
2024-11-12 13:42:55,511 INFO  MethodCallReplacementClassAdapter - Adding mock interface to class org/apache/hadoop/hdfs/server/aliasmap/InMemoryLevelDBAliasMapServer
2024-11-12 13:42:55,512 INFO  CreateClassResetClassAdapter - Found static initializer in class org/apache/hadoop/hdfs/server/aliasmap/InMemoryLevelDBAliasMapServer
2024-11-12 13:42:55,512 INFO  EvoClassLoader - Defined package (3): package org.apache.hadoop.hdfs.server.aliasmap, 1977290501
2024-11-12 13:42:55,512 INFO  EvoClassLoader - Seeing class for first time: org.apache.hadoop.hdfs.server.aliasmap.InMemoryAliasMapProtocol
2024-11-12 13:42:55,512 INFO  EvoClassLoader - Instrumenting class 'org.apache.hadoop.hdfs.server.aliasmap.InMemoryAliasMapProtocol'.
2024-11-12 13:42:55,513 INFO  EvoClassLoader - Keeping class: org.apache.hadoop.hdfs.server.aliasmap.InMemoryAliasMapProtocol
2024-11-12 13:42:55,513 INFO  EvoClassLoader - Keeping class: org.apache.hadoop.hdfs.server.aliasmap.InMemoryLevelDBAliasMapServer
2024-11-12 13:42:55,513 INFO  EvoClassLoader - Seeing class for first time: org.apache.hadoop.ha.HAServiceStatus
2024-11-12 13:42:55,513 INFO  EvoClassLoader - Instrumenting class 'org.apache.hadoop.ha.HAServiceStatus'.
2024-11-12 13:42:55,513 INFO  MethodCallReplacementClassAdapter - Adding mock interface to class org/apache/hadoop/ha/HAServiceStatus
2024-11-12 13:42:55,513 INFO  CreateClassResetClassAdapter - Creating brand-new static initializer in class org/apache/hadoop/ha/HAServiceStatus
2024-11-12 13:42:55,513 INFO  EvoClassLoader - Keeping class: org.apache.hadoop.ha.HAServiceStatus
2024-11-12 13:42:55,513 INFO  EvoClassLoader - Seeing class for first time: org.apache.hadoop.util.ExitUtil$ExitException
2024-11-12 13:42:55,513 INFO  EvoClassLoader - Instrumenting class 'org.apache.hadoop.util.ExitUtil$ExitException'.
2024-11-12 13:42:55,513 INFO  MethodCallReplacementClassAdapter - Adding mock interface to class org/apache/hadoop/util/ExitUtil$ExitException
2024-11-12 13:42:55,513 INFO  CreateClassResetClassAdapter - Creating brand-new static initializer in class org/apache/hadoop/util/ExitUtil$ExitException
2024-11-12 13:42:55,513 INFO  EvoClassLoader - Seeing class for first time: org.apache.hadoop.util.ExitCodeProvider
2024-11-12 13:42:55,513 INFO  EvoClassLoader - Instrumenting class 'org.apache.hadoop.util.ExitCodeProvider'.
2024-11-12 13:42:55,513 INFO  EvoClassLoader - Keeping class: org.apache.hadoop.util.ExitCodeProvider
2024-11-12 13:42:55,513 INFO  EvoClassLoader - Keeping class: org.apache.hadoop.util.ExitUtil$ExitException
2024-11-12 13:42:55,513 INFO  EvoClassLoader - Seeing class for first time: org.apache.hadoop.hdfs.server.blockmanagement.DatanodeManager
2024-11-12 13:42:55,513 INFO  EvoClassLoader - Instrumenting class 'org.apache.hadoop.hdfs.server.blockmanagement.DatanodeManager'.
2024-11-12 13:42:55,514 INFO  MethodCallReplacementClassAdapter - Adding mock interface to class org/apache/hadoop/hdfs/server/blockmanagement/DatanodeManager
2024-11-12 13:42:55,520 INFO  CreateClassResetClassAdapter - Found static initializer in class org/apache/hadoop/hdfs/server/blockmanagement/DatanodeManager
2024-11-12 13:42:55,521 INFO  EvoClassLoader - Defined package (3): package org.apache.hadoop.hdfs.server.blockmanagement, -789130121
2024-11-12 13:42:55,522 INFO  EvoClassLoader - Keeping class: org.apache.hadoop.hdfs.server.blockmanagement.DatanodeManager
2024-11-12 13:42:55,523 INFO  EvoClassLoader - Seeing class for first time: org.apache.hadoop.util.Lists
2024-11-12 13:42:55,523 INFO  EvoClassLoader - Instrumenting class 'org.apache.hadoop.util.Lists'.
2024-11-12 13:42:55,523 INFO  MethodCallReplacementClassAdapter - Adding mock interface to class org/apache/hadoop/util/Lists
2024-11-12 13:42:55,524 INFO  CreateClassResetClassAdapter - Creating brand-new static initializer in class org/apache/hadoop/util/Lists
2024-11-12 13:42:55,524 INFO  EvoClassLoader - Keeping class: org.apache.hadoop.util.Lists
2024-11-12 13:42:55,524 INFO  EvoClassLoader - Seeing class for first time: org.apache.hadoop.util.Sets
2024-11-12 13:42:55,524 INFO  EvoClassLoader - Instrumenting class 'org.apache.hadoop.util.Sets'.
2024-11-12 13:42:55,524 INFO  MethodCallReplacementClassAdapter - Adding mock interface to class org/apache/hadoop/util/Sets
2024-11-12 13:42:55,525 INFO  CreateClassResetClassAdapter - Creating brand-new static initializer in class org/apache/hadoop/util/Sets
2024-11-12 13:42:55,525 INFO  CreateClassResetClassAdapter - Adding bytecode for initializing field MAX_POWER_OF_TWO
2024-11-12 13:42:55,526 INFO  EvoClassLoader - Keeping class: org.apache.hadoop.util.Sets
2024-11-12 13:42:55,526 INFO  EvoClassLoader - Seeing class for first time: org.apache.hadoop.tracing.Tracer$Builder
2024-11-12 13:42:55,526 INFO  EvoClassLoader - Instrumenting class 'org.apache.hadoop.tracing.Tracer$Builder'.
2024-11-12 13:42:55,526 INFO  MethodCallReplacementClassAdapter - Adding mock interface to class org/apache/hadoop/tracing/Tracer$Builder
2024-11-12 13:42:55,526 INFO  CreateClassResetClassAdapter - Creating brand-new static initializer in class org/apache/hadoop/tracing/Tracer$Builder
2024-11-12 13:42:55,526 INFO  CreateClassResetClassAdapter - Adding bytecode for initializing field globalTracer
2024-11-12 13:42:55,526 INFO  EvoClassLoader - Defined package (3): package org.apache.hadoop.tracing, 1849968911
2024-11-12 13:42:55,526 INFO  EvoClassLoader - Keeping class: org.apache.hadoop.tracing.Tracer$Builder
2024-11-12 13:42:55,526 INFO  EvoClassLoader - Seeing class for first time: org.apache.hadoop.tracing.Tracer
2024-11-12 13:42:55,526 INFO  EvoClassLoader - Instrumenting class 'org.apache.hadoop.tracing.Tracer'.
2024-11-12 13:42:55,526 INFO  MethodCallReplacementClassAdapter - Adding mock interface to class org/apache/hadoop/tracing/Tracer
2024-11-12 13:42:55,526 INFO  CreateClassResetClassAdapter - Found static initializer in class org/apache/hadoop/tracing/Tracer
2024-11-12 13:42:55,527 INFO  EvoClassLoader - Keeping class: org.apache.hadoop.tracing.Tracer
2024-11-12 13:42:55,527 INFO  EvoClassLoader - Seeing class for first time: org.apache.hadoop.tracing.TraceConfiguration
2024-11-12 13:42:55,527 INFO  EvoClassLoader - Instrumenting class 'org.apache.hadoop.tracing.TraceConfiguration'.
2024-11-12 13:42:55,527 INFO  MethodCallReplacementClassAdapter - Adding mock interface to class org/apache/hadoop/tracing/TraceConfiguration
2024-11-12 13:42:55,527 INFO  CreateClassResetClassAdapter - Creating brand-new static initializer in class org/apache/hadoop/tracing/TraceConfiguration
2024-11-12 13:42:55,527 INFO  EvoClassLoader - Keeping class: org.apache.hadoop.tracing.TraceConfiguration
2024-11-12 13:42:55,527 INFO  EvoClassLoader - Seeing class for first time: org.apache.hadoop.tracing.TraceUtils
2024-11-12 13:42:55,527 INFO  EvoClassLoader - Instrumenting class 'org.apache.hadoop.tracing.TraceUtils'.
2024-11-12 13:42:55,527 INFO  MethodCallReplacementClassAdapter - Adding mock interface to class org/apache/hadoop/tracing/TraceUtils
2024-11-12 13:42:55,527 INFO  CreateClassResetClassAdapter - Creating brand-new static initializer in class org/apache/hadoop/tracing/TraceUtils
2024-11-12 13:42:55,527 INFO  CreateClassResetClassAdapter - Adding bytecode for initializing field DEFAULT_HADOOP_TRACE_PREFIX
2024-11-12 13:42:55,527 INFO  EvoClassLoader - Keeping class: org.apache.hadoop.tracing.TraceUtils
2024-11-12 13:42:55,527 INFO  EvoClassLoader - Seeing class for first time: org.apache.hadoop.tracing.SpanContext
2024-11-12 13:42:55,527 INFO  EvoClassLoader - Instrumenting class 'org.apache.hadoop.tracing.SpanContext'.
2024-11-12 13:42:55,527 INFO  MethodCallReplacementClassAdapter - Adding mock interface to class org/apache/hadoop/tracing/SpanContext
2024-11-12 13:42:55,527 INFO  CreateClassResetClassAdapter - Creating brand-new static initializer in class org/apache/hadoop/tracing/SpanContext
2024-11-12 13:42:55,527 INFO  EvoClassLoader - Keeping class: org.apache.hadoop.tracing.SpanContext
2024-11-12 13:42:55,527 INFO  EvoClassLoader - Seeing class for first time: org.apache.hadoop.tracing.TraceScope
2024-11-12 13:42:55,527 INFO  EvoClassLoader - Instrumenting class 'org.apache.hadoop.tracing.TraceScope'.
2024-11-12 13:42:55,528 INFO  MethodCallReplacementClassAdapter - Adding mock interface to class org/apache/hadoop/tracing/TraceScope
2024-11-12 13:42:55,528 INFO  CreateClassResetClassAdapter - Creating brand-new static initializer in class org/apache/hadoop/tracing/TraceScope
2024-11-12 13:42:55,528 INFO  EvoClassLoader - Keeping class: org.apache.hadoop.tracing.TraceScope
2024-11-12 13:42:55,528 INFO  EvoClassLoader - Seeing class for first time: org.apache.hadoop.tracing.NullTraceScope
2024-11-12 13:42:55,528 INFO  EvoClassLoader - Instrumenting class 'org.apache.hadoop.tracing.NullTraceScope'.
2024-11-12 13:42:55,528 INFO  MethodCallReplacementClassAdapter - Adding mock interface to class org/apache/hadoop/tracing/NullTraceScope
2024-11-12 13:42:55,528 INFO  CreateClassResetClassAdapter - Found static initializer in class org/apache/hadoop/tracing/NullTraceScope
2024-11-12 13:42:55,528 INFO  EvoClassLoader - Keeping class: org.apache.hadoop.tracing.NullTraceScope
2024-11-12 13:42:55,528 INFO  EvoClassLoader - Seeing class for first time: org.apache.hadoop.tracing.Span
2024-11-12 13:42:55,528 INFO  EvoClassLoader - Instrumenting class 'org.apache.hadoop.tracing.Span'.
2024-11-12 13:42:55,528 INFO  MethodCallReplacementClassAdapter - Adding mock interface to class org/apache/hadoop/tracing/Span
2024-11-12 13:42:55,528 INFO  CreateClassResetClassAdapter - Creating brand-new static initializer in class org/apache/hadoop/tracing/Span
2024-11-12 13:42:55,528 INFO  EvoClassLoader - Keeping class: org.apache.hadoop.tracing.Span
2024-11-12 13:42:55,528 INFO  EvoClassLoader - Seeing class for first time: org.apache.hadoop.hdfs.DFSUtil$1
2024-11-12 13:42:55,528 INFO  EvoClassLoader - Instrumenting class 'org.apache.hadoop.hdfs.DFSUtil$1'.
2024-11-12 13:42:55,528 INFO  MethodCallReplacementClassAdapter - Adding mock interface to class org/apache/hadoop/hdfs/DFSUtil$1
2024-11-12 13:42:55,529 INFO  EvoClassLoader - Keeping class: org.apache.hadoop.hdfs.DFSUtil$1
2024-11-12 13:42:55,529 INFO  EvoClassLoader - Seeing class for first time: org.apache.hadoop.hdfs.DFSUtil
2024-11-12 13:42:55,529 INFO  EvoClassLoader - Instrumenting class 'org.apache.hadoop.hdfs.DFSUtil'.
2024-11-12 13:42:55,530 INFO  MethodCallReplacementClassAdapter - Adding mock interface to class org/apache/hadoop/hdfs/DFSUtil
2024-11-12 13:42:55,534 INFO  CreateClassResetClassAdapter - Found static initializer in class org/apache/hadoop/hdfs/DFSUtil
2024-11-12 13:42:55,535 INFO  EvoClassLoader - Keeping class: org.apache.hadoop.hdfs.DFSUtil
2024-11-12 13:42:55,535 INFO  EvoClassLoader - Seeing class for first time: org.apache.hadoop.hdfs.DFSUtil$2
2024-11-12 13:42:55,535 INFO  EvoClassLoader - Instrumenting class 'org.apache.hadoop.hdfs.DFSUtil$2'.
2024-11-12 13:42:55,535 INFO  MethodCallReplacementClassAdapter - Adding mock interface to class org/apache/hadoop/hdfs/DFSUtil$2
2024-11-12 13:42:55,536 INFO  EvoClassLoader - Seeing class for first time: org.apache.hadoop.hdfs.DFSUtil$AddressMatcher
2024-11-12 13:42:55,536 INFO  EvoClassLoader - Instrumenting class 'org.apache.hadoop.hdfs.DFSUtil$AddressMatcher'.
2024-11-12 13:42:55,536 INFO  EvoClassLoader - Keeping class: org.apache.hadoop.hdfs.DFSUtil$AddressMatcher
2024-11-12 13:42:55,536 INFO  EvoClassLoader - Keeping class: org.apache.hadoop.hdfs.DFSUtil$2
2024-11-12 13:42:55,536 INFO  EvoClassLoader - Seeing class for first time: org.apache.commons.cli.Options
2024-11-12 13:42:55,536 INFO  EvoClassLoader - Instrumenting class 'org.apache.commons.cli.Options'.
2024-11-12 13:42:55,536 INFO  MethodCallReplacementClassAdapter - Adding mock interface to class org/apache/commons/cli/Options
2024-11-12 13:42:55,536 INFO  CreateClassResetClassAdapter - Creating brand-new static initializer in class org/apache/commons/cli/Options
2024-11-12 13:42:55,536 INFO  EvoClassLoader - Defined package (3): package org.apache.commons.cli, -528318268
2024-11-12 13:42:55,536 INFO  EvoClassLoader - Keeping class: org.apache.commons.cli.Options
2024-11-12 13:42:55,537 INFO  EvoClassLoader - Seeing class for first time: org.apache.commons.cli.Option
2024-11-12 13:42:55,537 INFO  EvoClassLoader - Instrumenting class 'org.apache.commons.cli.Option'.
2024-11-12 13:42:55,537 INFO  MethodCallReplacementClassAdapter - Adding mock interface to class org/apache/commons/cli/Option
2024-11-12 13:42:55,537 INFO  CreateClassResetClassAdapter - Creating brand-new static initializer in class org/apache/commons/cli/Option
2024-11-12 13:42:55,537 INFO  CreateClassResetClassAdapter - Adding bytecode for initializing field UNINITIALIZED
2024-11-12 13:42:55,537 INFO  CreateClassResetClassAdapter - Adding bytecode for initializing field UNLIMITED_VALUES
2024-11-12 13:42:55,538 INFO  EvoClassLoader - Keeping class: org.apache.commons.cli.Option
2024-11-12 13:42:55,538 INFO  EvoClassLoader - Seeing class for first time: org.apache.commons.cli.OptionGroup
2024-11-12 13:42:55,538 INFO  EvoClassLoader - Instrumenting class 'org.apache.commons.cli.OptionGroup'.
2024-11-12 13:42:55,538 INFO  MethodCallReplacementClassAdapter - Adding mock interface to class org/apache/commons/cli/OptionGroup
2024-11-12 13:42:55,538 INFO  CreateClassResetClassAdapter - Creating brand-new static initializer in class org/apache/commons/cli/OptionGroup
2024-11-12 13:42:55,538 INFO  EvoClassLoader - Keeping class: org.apache.commons.cli.OptionGroup
2024-11-12 13:42:55,538 INFO  EvoClassLoader - Seeing class for first time: org.apache.commons.cli.Option$Builder
2024-11-12 13:42:55,538 INFO  EvoClassLoader - Instrumenting class 'org.apache.commons.cli.Option$Builder'.
2024-11-12 13:42:55,539 INFO  MethodCallReplacementClassAdapter - Adding mock interface to class org/apache/commons/cli/Option$Builder
2024-11-12 13:42:55,539 INFO  CreateClassResetClassAdapter - Creating brand-new static initializer in class org/apache/commons/cli/Option$Builder
2024-11-12 13:42:55,539 INFO  EvoClassLoader - Keeping class: org.apache.commons.cli.Option$Builder
2024-11-12 13:42:55,539 INFO  EvoClassLoader - Seeing class for first time: org.apache.commons.cli.OptionValidator
2024-11-12 13:42:55,539 INFO  EvoClassLoader - Instrumenting class 'org.apache.commons.cli.OptionValidator'.
2024-11-12 13:42:55,539 INFO  MethodCallReplacementClassAdapter - Adding mock interface to class org/apache/commons/cli/OptionValidator
2024-11-12 13:42:55,540 INFO  CreateClassResetClassAdapter - Creating brand-new static initializer in class org/apache/commons/cli/OptionValidator
2024-11-12 13:42:55,540 INFO  EvoClassLoader - Keeping class: org.apache.commons.cli.OptionValidator
2024-11-12 13:42:55,541 INFO  EvoClassLoader - Seeing class for first time: org.apache.commons.cli.ParseException
2024-11-12 13:42:55,541 INFO  EvoClassLoader - Instrumenting class 'org.apache.commons.cli.ParseException'.
2024-11-12 13:42:55,541 INFO  MethodCallReplacementClassAdapter - Adding mock interface to class org/apache/commons/cli/ParseException
2024-11-12 13:42:55,541 INFO  CreateClassResetClassAdapter - Creating brand-new static initializer in class org/apache/commons/cli/ParseException
2024-11-12 13:42:55,541 INFO  EvoClassLoader - Keeping class: org.apache.commons.cli.ParseException
2024-11-12 13:42:55,541 INFO  EvoClassLoader - Seeing class for first time: org.apache.commons.cli.CommandLineParser
2024-11-12 13:42:55,541 INFO  EvoClassLoader - Instrumenting class 'org.apache.commons.cli.CommandLineParser'.
2024-11-12 13:42:55,541 INFO  EvoClassLoader - Keeping class: org.apache.commons.cli.CommandLineParser
2024-11-12 13:42:55,541 INFO  EvoClassLoader - Seeing class for first time: org.apache.hadoop.http.HttpConfig$Policy
2024-11-12 13:42:55,541 INFO  EvoClassLoader - Instrumenting class 'org.apache.hadoop.http.HttpConfig$Policy'.
2024-11-12 13:42:55,542 INFO  MethodCallReplacementClassAdapter - Adding mock interface to class org/apache/hadoop/http/HttpConfig$Policy
2024-11-12 13:42:55,542 INFO  CreateClassResetClassAdapter - Found static initializer in class org/apache/hadoop/http/HttpConfig$Policy
2024-11-12 13:42:55,542 INFO  EvoClassLoader - Keeping class: org.apache.hadoop.http.HttpConfig$Policy
2024-11-12 13:42:55,542 INFO  EvoClassLoader - Seeing class for first time: org.apache.hadoop.ipc.RPC$Server
2024-11-12 13:42:55,542 INFO  EvoClassLoader - Instrumenting class 'org.apache.hadoop.ipc.RPC$Server'.
2024-11-12 13:42:55,542 INFO  MethodCallReplacementClassAdapter - Adding mock interface to class org/apache/hadoop/ipc/RPC$Server
2024-11-12 13:42:55,542 INFO  CreateClassResetClassAdapter - Found static initializer in class org/apache/hadoop/ipc/RPC$Server
2024-11-12 13:42:55,544 INFO  EvoClassLoader - Seeing class for first time: org.apache.hadoop.ipc.Server
2024-11-12 13:42:55,544 INFO  EvoClassLoader - Instrumenting class 'org.apache.hadoop.ipc.Server'.
2024-11-12 13:42:55,545 INFO  MethodCallReplacementClassAdapter - Adding mock interface to class org/apache/hadoop/ipc/Server
2024-11-12 13:42:55,547 INFO  CreateClassResetClassAdapter - Found static initializer in class org/apache/hadoop/ipc/Server
2024-11-12 13:42:55,548 INFO  EvoClassLoader - Keeping class: org.apache.hadoop.ipc.Server
2024-11-12 13:42:55,548 INFO  EvoClassLoader - Keeping class: org.apache.hadoop.ipc.RPC$Server
2024-11-12 13:42:55,548 INFO  EvoClassLoader - Seeing class for first time: com.google.protobuf.BlockingService
2024-11-12 13:42:55,548 INFO  EvoClassLoader - Instrumenting class 'com.google.protobuf.BlockingService'.
2024-11-12 13:42:55,549 INFO  EvoClassLoader - Defined package (3): package com.google.protobuf, -650818253
2024-11-12 13:42:55,549 INFO  EvoClassLoader - Keeping class: com.google.protobuf.BlockingService
2024-11-12 13:42:55,549 INFO  EvoClassLoader - Seeing class for first time: org.apache.hadoop.http.HttpServer2$Builder
2024-11-12 13:42:55,549 INFO  EvoClassLoader - Instrumenting class 'org.apache.hadoop.http.HttpServer2$Builder'.
2024-11-12 13:42:55,549 INFO  MethodCallReplacementClassAdapter - Adding mock interface to class org/apache/hadoop/http/HttpServer2$Builder
2024-11-12 13:42:55,550 INFO  CreateClassResetClassAdapter - Creating brand-new static initializer in class org/apache/hadoop/http/HttpServer2$Builder
2024-11-12 13:42:55,551 INFO  EvoClassLoader - Keeping class: org.apache.hadoop.http.HttpServer2$Builder
2024-11-12 13:42:55,551 INFO  EvoClassLoader - Seeing class for first time: org.apache.hadoop.crypto.key.KeyProviderCryptoExtension
2024-11-12 13:42:55,551 INFO  EvoClassLoader - Instrumenting class 'org.apache.hadoop.crypto.key.KeyProviderCryptoExtension'.
2024-11-12 13:42:55,551 INFO  MethodCallReplacementClassAdapter - Adding mock interface to class org/apache/hadoop/crypto/key/KeyProviderCryptoExtension
2024-11-12 13:42:55,551 INFO  CreateClassResetClassAdapter - Creating brand-new static initializer in class org/apache/hadoop/crypto/key/KeyProviderCryptoExtension
2024-11-12 13:42:55,551 INFO  CreateClassResetClassAdapter - Adding bytecode for initializing field EEK
2024-11-12 13:42:55,551 INFO  CreateClassResetClassAdapter - Adding bytecode for initializing field EK
2024-11-12 13:42:55,551 INFO  EvoClassLoader - Defined package (3): package org.apache.hadoop.crypto.key, 588888133
2024-11-12 13:42:55,551 INFO  EvoClassLoader - Seeing class for first time: org.apache.hadoop.crypto.key.KeyProviderExtension
2024-11-12 13:42:55,551 INFO  EvoClassLoader - Instrumenting class 'org.apache.hadoop.crypto.key.KeyProviderExtension'.
2024-11-12 13:42:55,552 INFO  MethodCallReplacementClassAdapter - Adding mock interface to class org/apache/hadoop/crypto/key/KeyProviderExtension
2024-11-12 13:42:55,552 INFO  CreateClassResetClassAdapter - Creating brand-new static initializer in class org/apache/hadoop/crypto/key/KeyProviderExtension
2024-11-12 13:42:55,552 INFO  EvoClassLoader - Seeing class for first time: org.apache.hadoop.crypto.key.KeyProvider
2024-11-12 13:42:55,552 INFO  EvoClassLoader - Instrumenting class 'org.apache.hadoop.crypto.key.KeyProvider'.
2024-11-12 13:42:55,552 INFO  MethodCallReplacementClassAdapter - Adding mock interface to class org/apache/hadoop/crypto/key/KeyProvider
2024-11-12 13:42:55,553 INFO  CreateClassResetClassAdapter - Creating brand-new static initializer in class org/apache/hadoop/crypto/key/KeyProvider
2024-11-12 13:42:55,553 INFO  CreateClassResetClassAdapter - Adding bytecode for initializing field DEFAULT_CIPHER_NAME
2024-11-12 13:42:55,553 INFO  CreateClassResetClassAdapter - Adding bytecode for initializing field DEFAULT_CIPHER
2024-11-12 13:42:55,553 INFO  CreateClassResetClassAdapter - Adding bytecode for initializing field DEFAULT_BITLENGTH_NAME
2024-11-12 13:42:55,553 INFO  CreateClassResetClassAdapter - Adding bytecode for initializing field DEFAULT_BITLENGTH
2024-11-12 13:42:55,553 INFO  CreateClassResetClassAdapter - Adding bytecode for initializing field JCEKS_KEY_SERIALFILTER_DEFAULT
2024-11-12 13:42:55,553 INFO  CreateClassResetClassAdapter - Adding bytecode for initializing field JCEKS_KEY_SERIAL_FILTER
2024-11-12 13:42:55,553 INFO  EvoClassLoader - Keeping class: org.apache.hadoop.crypto.key.KeyProvider
2024-11-12 13:42:55,553 INFO  EvoClassLoader - Keeping class: org.apache.hadoop.crypto.key.KeyProviderExtension
2024-11-12 13:42:55,553 INFO  EvoClassLoader - Keeping class: org.apache.hadoop.crypto.key.KeyProviderCryptoExtension
2024-11-12 13:42:55,553 INFO  EvoClassLoader - Seeing class for first time: org.apache.hadoop.hdfs.server.namenode.FSDirectory
2024-11-12 13:42:55,553 INFO  EvoClassLoader - Instrumenting class 'org.apache.hadoop.hdfs.server.namenode.FSDirectory'.
2024-11-12 13:42:55,554 INFO  MethodCallReplacementClassAdapter - Adding mock interface to class org/apache/hadoop/hdfs/server/namenode/FSDirectory
2024-11-12 13:42:55,557 INFO  CreateClassResetClassAdapter - Found static initializer in class org/apache/hadoop/hdfs/server/namenode/FSDirectory
2024-11-12 13:42:55,558 INFO  EvoClassLoader - Keeping class: org.apache.hadoop.hdfs.server.namenode.FSDirectory
2024-11-12 13:42:55,558 INFO  EvoClassLoader - Seeing class for first time: org.apache.hadoop.hdfs.server.namenode.INodesInPath
2024-11-12 13:42:55,558 INFO  EvoClassLoader - Instrumenting class 'org.apache.hadoop.hdfs.server.namenode.INodesInPath'.
2024-11-12 13:42:55,558 INFO  MethodCallReplacementClassAdapter - Adding mock interface to class org/apache/hadoop/hdfs/server/namenode/INodesInPath
2024-11-12 13:42:55,560 INFO  CreateClassResetClassAdapter - Found static initializer in class org/apache/hadoop/hdfs/server/namenode/INodesInPath
2024-11-12 13:42:55,560 INFO  EvoClassLoader - Keeping class: org.apache.hadoop.hdfs.server.namenode.INodesInPath
2024-11-12 13:42:55,560 INFO  EvoClassLoader - Seeing class for first time: org.apache.hadoop.fs.UnresolvedLinkException
2024-11-12 13:42:55,560 INFO  EvoClassLoader - Instrumenting class 'org.apache.hadoop.fs.UnresolvedLinkException'.
2024-11-12 13:42:55,561 INFO  MethodCallReplacementClassAdapter - Adding mock interface to class org/apache/hadoop/fs/UnresolvedLinkException
2024-11-12 13:42:55,561 INFO  CreateClassResetClassAdapter - Creating brand-new static initializer in class org/apache/hadoop/fs/UnresolvedLinkException
2024-11-12 13:42:55,561 INFO  EvoClassLoader - Keeping class: org.apache.hadoop.fs.UnresolvedLinkException
2024-11-12 13:42:55,561 INFO  EvoClassLoader - Seeing class for first time: org.apache.hadoop.hdfs.server.datanode.metrics.DataNodeMetrics
2024-11-12 13:42:55,561 INFO  EvoClassLoader - Instrumenting class 'org.apache.hadoop.hdfs.server.datanode.metrics.DataNodeMetrics'.
2024-11-12 13:42:55,561 INFO  MethodCallReplacementClassAdapter - Adding mock interface to class org/apache/hadoop/hdfs/server/datanode/metrics/DataNodeMetrics
2024-11-12 13:42:55,561 INFO  CreateClassResetClassAdapter - Creating brand-new static initializer in class org/apache/hadoop/hdfs/server/datanode/metrics/DataNodeMetrics
2024-11-12 13:42:55,561 INFO  EvoClassLoader - Defined package (3): package org.apache.hadoop.hdfs.server.datanode.metrics, 875394682
2024-11-12 13:42:55,562 INFO  EvoClassLoader - Keeping class: org.apache.hadoop.hdfs.server.datanode.metrics.DataNodeMetrics
2024-11-12 13:42:55,562 INFO  EvoClassLoader - Seeing class for first time: com.ctc.wstx.io.WstxInputLocation
2024-11-12 13:42:55,562 INFO  EvoClassLoader - Instrumenting class 'com.ctc.wstx.io.WstxInputLocation'.
2024-11-12 13:42:55,563 INFO  MethodCallReplacementClassAdapter - Adding mock interface to class com/ctc/wstx/io/WstxInputLocation
2024-11-12 13:42:55,563 INFO  CreateClassResetClassAdapter - Found static initializer in class com/ctc/wstx/io/WstxInputLocation
2024-11-12 13:42:55,563 INFO  EvoClassLoader - Keeping class: com.ctc.wstx.io.WstxInputLocation
2024-11-12 13:42:55,563 INFO  EvoClassLoader - Seeing class for first time: org.codehaus.stax2.validation.XMLValidationProblem
2024-11-12 13:42:55,563 INFO  EvoClassLoader - Instrumenting class 'org.codehaus.stax2.validation.XMLValidationProblem'.
2024-11-12 13:42:55,563 INFO  MethodCallReplacementClassAdapter - Adding mock interface to class org/codehaus/stax2/validation/XMLValidationProblem
2024-11-12 13:42:55,563 INFO  CreateClassResetClassAdapter - Creating brand-new static initializer in class org/codehaus/stax2/validation/XMLValidationProblem
2024-11-12 13:42:55,563 INFO  CreateClassResetClassAdapter - Adding bytecode for initializing field SEVERITY_WARNING
2024-11-12 13:42:55,563 INFO  CreateClassResetClassAdapter - Adding bytecode for initializing field SEVERITY_ERROR
2024-11-12 13:42:55,563 INFO  CreateClassResetClassAdapter - Adding bytecode for initializing field SEVERITY_FATAL
2024-11-12 13:42:55,564 INFO  EvoClassLoader - Keeping class: org.codehaus.stax2.validation.XMLValidationProblem
2024-11-12 13:42:55,564 INFO  EvoClassLoader - Seeing class for first time: com.ctc.wstx.sr.ElemCallback
2024-11-12 13:42:55,564 INFO  EvoClassLoader - Instrumenting class 'com.ctc.wstx.sr.ElemCallback'.
2024-11-12 13:42:55,564 INFO  MethodCallReplacementClassAdapter - Adding mock interface to class com/ctc/wstx/sr/ElemCallback
2024-11-12 13:42:55,564 INFO  CreateClassResetClassAdapter - Creating brand-new static initializer in class com/ctc/wstx/sr/ElemCallback
2024-11-12 13:42:55,564 INFO  EvoClassLoader - Keeping class: com.ctc.wstx.sr.ElemCallback
2024-11-12 13:42:55,564 INFO  EvoClassLoader - Seeing class for first time: org.codehaus.stax2.ri.typed.ValueDecoderFactory
2024-11-12 13:42:55,564 INFO  EvoClassLoader - Instrumenting class 'org.codehaus.stax2.ri.typed.ValueDecoderFactory'.
2024-11-12 13:42:55,565 INFO  MethodCallReplacementClassAdapter - Adding mock interface to class org/codehaus/stax2/ri/typed/ValueDecoderFactory
2024-11-12 13:42:55,565 INFO  CreateClassResetClassAdapter - Creating brand-new static initializer in class org/codehaus/stax2/ri/typed/ValueDecoderFactory
2024-11-12 13:42:55,565 INFO  EvoClassLoader - Keeping class: org.codehaus.stax2.ri.typed.ValueDecoderFactory
2024-11-12 13:42:55,565 INFO  EvoClassLoader - Seeing class for first time: org.codehaus.stax2.ri.typed.CharArrayBase64Decoder
2024-11-12 13:42:55,565 INFO  EvoClassLoader - Instrumenting class 'org.codehaus.stax2.ri.typed.CharArrayBase64Decoder'.
2024-11-12 13:42:55,565 INFO  MethodCallReplacementClassAdapter - Adding mock interface to class org/codehaus/stax2/ri/typed/CharArrayBase64Decoder
2024-11-12 13:42:55,566 INFO  CreateClassResetClassAdapter - Creating brand-new static initializer in class org/codehaus/stax2/ri/typed/CharArrayBase64Decoder
2024-11-12 13:42:55,566 INFO  EvoClassLoader - Seeing class for first time: org.codehaus.stax2.ri.typed.Base64DecoderBase
2024-11-12 13:42:55,566 INFO  EvoClassLoader - Instrumenting class 'org.codehaus.stax2.ri.typed.Base64DecoderBase'.
2024-11-12 13:42:55,566 INFO  MethodCallReplacementClassAdapter - Adding mock interface to class org/codehaus/stax2/ri/typed/Base64DecoderBase
2024-11-12 13:42:55,567 INFO  CreateClassResetClassAdapter - Creating brand-new static initializer in class org/codehaus/stax2/ri/typed/Base64DecoderBase
2024-11-12 13:42:55,567 INFO  CreateClassResetClassAdapter - Adding bytecode for initializing field STATE_INITIAL
2024-11-12 13:42:55,567 INFO  CreateClassResetClassAdapter - Adding bytecode for initializing field STATE_VALID_1
2024-11-12 13:42:55,567 INFO  CreateClassResetClassAdapter - Adding bytecode for initializing field STATE_VALID_2
2024-11-12 13:42:55,567 INFO  CreateClassResetClassAdapter - Adding bytecode for initializing field STATE_VALID_3
2024-11-12 13:42:55,567 INFO  CreateClassResetClassAdapter - Adding bytecode for initializing field STATE_OUTPUT_3
2024-11-12 13:42:55,567 INFO  CreateClassResetClassAdapter - Adding bytecode for initializing field STATE_OUTPUT_2
2024-11-12 13:42:55,567 INFO  CreateClassResetClassAdapter - Adding bytecode for initializing field STATE_OUTPUT_1
2024-11-12 13:42:55,567 INFO  CreateClassResetClassAdapter - Adding bytecode for initializing field STATE_VALID_2_AND_PADDING
2024-11-12 13:42:55,567 INFO  CreateClassResetClassAdapter - Adding bytecode for initializing field INT_SPACE
2024-11-12 13:42:55,568 INFO  EvoClassLoader - Keeping class: org.codehaus.stax2.ri.typed.Base64DecoderBase
2024-11-12 13:42:55,568 INFO  EvoClassLoader - Keeping class: org.codehaus.stax2.ri.typed.CharArrayBase64Decoder
2024-11-12 13:42:55,568 INFO  EvoClassLoader - Seeing class for first time: com.ctc.wstx.sr.Attribute
2024-11-12 13:42:55,568 INFO  EvoClassLoader - Instrumenting class 'com.ctc.wstx.sr.Attribute'.
2024-11-12 13:42:55,568 INFO  MethodCallReplacementClassAdapter - Adding mock interface to class com/ctc/wstx/sr/Attribute
2024-11-12 13:42:55,568 INFO  CreateClassResetClassAdapter - Creating brand-new static initializer in class com/ctc/wstx/sr/Attribute
2024-11-12 13:42:55,568 INFO  EvoClassLoader - Keeping class: com.ctc.wstx.sr.Attribute
2024-11-12 13:42:55,568 INFO  EvoClassLoader - Seeing class for first time: com.ctc.wstx.sw.XmlWriter
2024-11-12 13:42:55,568 INFO  EvoClassLoader - Instrumenting class 'com.ctc.wstx.sw.XmlWriter'.
2024-11-12 13:42:55,569 INFO  MethodCallReplacementClassAdapter - Adding mock interface to class com/ctc/wstx/sw/XmlWriter
2024-11-12 13:42:55,569 INFO  CreateClassResetClassAdapter - Creating brand-new static initializer in class com/ctc/wstx/sw/XmlWriter
2024-11-12 13:42:55,569 INFO  CreateClassResetClassAdapter - Adding bytecode for initializing field SURR1_FIRST
2024-11-12 13:42:55,569 INFO  CreateClassResetClassAdapter - Adding bytecode for initializing field SURR1_LAST
2024-11-12 13:42:55,569 INFO  CreateClassResetClassAdapter - Adding bytecode for initializing field SURR2_FIRST
2024-11-12 13:42:55,569 INFO  CreateClassResetClassAdapter - Adding bytecode for initializing field SURR2_LAST
2024-11-12 13:42:55,569 INFO  CreateClassResetClassAdapter - Adding bytecode for initializing field DEFAULT_QUOTE_CHAR
2024-11-12 13:42:55,569 INFO  EvoClassLoader - Defined package (3): package com.ctc.wstx.sw, 1195124713
2024-11-12 13:42:55,569 INFO  EvoClassLoader - Keeping class: com.ctc.wstx.sw.XmlWriter
2024-11-12 13:42:55,569 INFO  EvoClassLoader - Seeing class for first time: com.ctc.wstx.sr.ElemAttrs
2024-11-12 13:42:55,569 INFO  EvoClassLoader - Instrumenting class 'com.ctc.wstx.sr.ElemAttrs'.
2024-11-12 13:42:55,570 INFO  MethodCallReplacementClassAdapter - Adding mock interface to class com/ctc/wstx/sr/ElemAttrs
2024-11-12 13:42:55,570 INFO  CreateClassResetClassAdapter - Creating brand-new static initializer in class com/ctc/wstx/sr/ElemAttrs
2024-11-12 13:42:55,570 INFO  CreateClassResetClassAdapter - Adding bytecode for initializing field OFFSET_NS_URI
2024-11-12 13:42:55,570 INFO  EvoClassLoader - Keeping class: com.ctc.wstx.sr.ElemAttrs
2024-11-12 13:42:55,570 INFO  EvoClassLoader - Seeing class for first time: org.apache.hadoop.thirdparty.com.google.common.collect.Interners$InternerFunction
2024-11-12 13:42:55,570 INFO  EvoClassLoader - Instrumenting class 'org.apache.hadoop.thirdparty.com.google.common.collect.Interners$InternerFunction'.
2024-11-12 13:42:55,570 INFO  MethodCallReplacementClassAdapter - Adding mock interface to class org/apache/hadoop/thirdparty/com/google/common/collect/Interners$InternerFunction
2024-11-12 13:42:55,570 INFO  CreateClassResetClassAdapter - Creating brand-new static initializer in class org/apache/hadoop/thirdparty/com/google/common/collect/Interners$InternerFunction
2024-11-12 13:42:55,571 INFO  EvoClassLoader - Keeping class: org.apache.hadoop.thirdparty.com.google.common.collect.Interners$InternerFunction
2024-11-12 13:42:55,571 INFO  EvoClassLoader - Seeing class for first time: org.apache.hadoop.thirdparty.com.google.common.base.Equivalence$Wrapper
2024-11-12 13:42:55,571 INFO  EvoClassLoader - Instrumenting class 'org.apache.hadoop.thirdparty.com.google.common.base.Equivalence$Wrapper'.
2024-11-12 13:42:55,571 INFO  MethodCallReplacementClassAdapter - Adding mock interface to class org/apache/hadoop/thirdparty/com/google/common/base/Equivalence$Wrapper
2024-11-12 13:42:55,571 INFO  CreateClassResetClassAdapter - Creating brand-new static initializer in class org/apache/hadoop/thirdparty/com/google/common/base/Equivalence$Wrapper
2024-11-12 13:42:55,571 INFO  EvoClassLoader - Keeping class: org.apache.hadoop.thirdparty.com.google.common.base.Equivalence$Wrapper
2024-11-12 13:42:55,571 INFO  EvoClassLoader - Seeing class for first time: org.apache.hadoop.thirdparty.com.google.common.collect.MapMakerInternalMap$SerializationProxy
2024-11-12 13:42:55,571 INFO  EvoClassLoader - Instrumenting class 'org.apache.hadoop.thirdparty.com.google.common.collect.MapMakerInternalMap$SerializationProxy'.
2024-11-12 13:42:55,572 INFO  MethodCallReplacementClassAdapter - Adding mock interface to class org/apache/hadoop/thirdparty/com/google/common/collect/MapMakerInternalMap$SerializationProxy
2024-11-12 13:42:55,572 INFO  CreateClassResetClassAdapter - Creating brand-new static initializer in class org/apache/hadoop/thirdparty/com/google/common/collect/MapMakerInternalMap$SerializationProxy
2024-11-12 13:42:55,572 INFO  EvoClassLoader - Seeing class for first time: org.apache.hadoop.thirdparty.com.google.common.collect.MapMakerInternalMap$AbstractSerializationProxy
2024-11-12 13:42:55,572 INFO  EvoClassLoader - Instrumenting class 'org.apache.hadoop.thirdparty.com.google.common.collect.MapMakerInternalMap$AbstractSerializationProxy'.
2024-11-12 13:42:55,572 INFO  MethodCallReplacementClassAdapter - Adding mock interface to class org/apache/hadoop/thirdparty/com/google/common/collect/MapMakerInternalMap$AbstractSerializationProxy
2024-11-12 13:42:55,572 INFO  CreateClassResetClassAdapter - Creating brand-new static initializer in class org/apache/hadoop/thirdparty/com/google/common/collect/MapMakerInternalMap$AbstractSerializationProxy
2024-11-12 13:42:55,572 INFO  EvoClassLoader - Seeing class for first time: org.apache.hadoop.thirdparty.com.google.common.collect.ForwardingConcurrentMap
2024-11-12 13:42:55,572 INFO  EvoClassLoader - Instrumenting class 'org.apache.hadoop.thirdparty.com.google.common.collect.ForwardingConcurrentMap'.
2024-11-12 13:42:55,572 INFO  MethodCallReplacementClassAdapter - Adding mock interface to class org/apache/hadoop/thirdparty/com/google/common/collect/ForwardingConcurrentMap
2024-11-12 13:42:55,573 INFO  CreateClassResetClassAdapter - Creating brand-new static initializer in class org/apache/hadoop/thirdparty/com/google/common/collect/ForwardingConcurrentMap
2024-11-12 13:42:55,573 INFO  EvoClassLoader - Seeing class for first time: org.apache.hadoop.thirdparty.com.google.common.collect.ForwardingMap
2024-11-12 13:42:55,573 INFO  EvoClassLoader - Instrumenting class 'org.apache.hadoop.thirdparty.com.google.common.collect.ForwardingMap'.
2024-11-12 13:42:55,573 INFO  MethodCallReplacementClassAdapter - Adding mock interface to class org/apache/hadoop/thirdparty/com/google/common/collect/ForwardingMap
2024-11-12 13:42:55,573 INFO  CreateClassResetClassAdapter - Creating brand-new static initializer in class org/apache/hadoop/thirdparty/com/google/common/collect/ForwardingMap
2024-11-12 13:42:55,573 INFO  EvoClassLoader - Seeing class for first time: org.apache.hadoop.thirdparty.com.google.common.collect.ForwardingObject
2024-11-12 13:42:55,573 INFO  EvoClassLoader - Instrumenting class 'org.apache.hadoop.thirdparty.com.google.common.collect.ForwardingObject'.
2024-11-12 13:42:55,573 INFO  MethodCallReplacementClassAdapter - Adding mock interface to class org/apache/hadoop/thirdparty/com/google/common/collect/ForwardingObject
2024-11-12 13:42:55,573 INFO  CreateClassResetClassAdapter - Creating brand-new static initializer in class org/apache/hadoop/thirdparty/com/google/common/collect/ForwardingObject
2024-11-12 13:42:55,573 INFO  EvoClassLoader - Keeping class: org.apache.hadoop.thirdparty.com.google.common.collect.ForwardingObject
2024-11-12 13:42:55,573 INFO  EvoClassLoader - Keeping class: org.apache.hadoop.thirdparty.com.google.common.collect.ForwardingMap
2024-11-12 13:42:55,573 INFO  EvoClassLoader - Keeping class: org.apache.hadoop.thirdparty.com.google.common.collect.ForwardingConcurrentMap
2024-11-12 13:42:55,573 INFO  EvoClassLoader - Keeping class: org.apache.hadoop.thirdparty.com.google.common.collect.MapMakerInternalMap$AbstractSerializationProxy
2024-11-12 13:42:55,573 INFO  EvoClassLoader - Keeping class: org.apache.hadoop.thirdparty.com.google.common.collect.MapMakerInternalMap$SerializationProxy
2024-11-12 13:42:55,573 INFO  EvoClassLoader - Seeing class for first time: org.apache.hadoop.thirdparty.com.google.common.collect.MapMakerInternalMap$SafeToArraySet
2024-11-12 13:42:55,573 INFO  EvoClassLoader - Instrumenting class 'org.apache.hadoop.thirdparty.com.google.common.collect.MapMakerInternalMap$SafeToArraySet'.
2024-11-12 13:42:55,574 INFO  MethodCallReplacementClassAdapter - Adding mock interface to class org/apache/hadoop/thirdparty/com/google/common/collect/MapMakerInternalMap$SafeToArraySet
2024-11-12 13:42:55,574 INFO  CreateClassResetClassAdapter - Creating brand-new static initializer in class org/apache/hadoop/thirdparty/com/google/common/collect/MapMakerInternalMap$SafeToArraySet
2024-11-12 13:42:55,574 INFO  EvoClassLoader - Keeping class: org.apache.hadoop.thirdparty.com.google.common.collect.MapMakerInternalMap$SafeToArraySet
2024-11-12 13:42:55,574 INFO  EvoClassLoader - Seeing class for first time: org.apache.hadoop.thirdparty.com.google.common.collect.MapMakerInternalMap$EntrySet
2024-11-12 13:42:55,574 INFO  EvoClassLoader - Instrumenting class 'org.apache.hadoop.thirdparty.com.google.common.collect.MapMakerInternalMap$EntrySet'.
2024-11-12 13:42:55,574 INFO  MethodCallReplacementClassAdapter - Adding mock interface to class org/apache/hadoop/thirdparty/com/google/common/collect/MapMakerInternalMap$EntrySet
2024-11-12 13:42:55,574 INFO  CreateClassResetClassAdapter - Creating brand-new static initializer in class org/apache/hadoop/thirdparty/com/google/common/collect/MapMakerInternalMap$EntrySet
2024-11-12 13:42:55,574 INFO  EvoClassLoader - Keeping class: org.apache.hadoop.thirdparty.com.google.common.collect.MapMakerInternalMap$EntrySet
2024-11-12 13:42:55,574 INFO  EvoClassLoader - Seeing class for first time: org.apache.hadoop.thirdparty.com.google.common.collect.MapMakerInternalMap$Values
2024-11-12 13:42:55,574 INFO  EvoClassLoader - Instrumenting class 'org.apache.hadoop.thirdparty.com.google.common.collect.MapMakerInternalMap$Values'.
2024-11-12 13:42:55,574 INFO  MethodCallReplacementClassAdapter - Adding mock interface to class org/apache/hadoop/thirdparty/com/google/common/collect/MapMakerInternalMap$Values
2024-11-12 13:42:55,574 INFO  CreateClassResetClassAdapter - Creating brand-new static initializer in class org/apache/hadoop/thirdparty/com/google/common/collect/MapMakerInternalMap$Values
2024-11-12 13:42:55,574 INFO  EvoClassLoader - Keeping class: org.apache.hadoop.thirdparty.com.google.common.collect.MapMakerInternalMap$Values
2024-11-12 13:42:55,574 INFO  EvoClassLoader - Seeing class for first time: org.apache.hadoop.thirdparty.com.google.common.collect.MapMakerInternalMap$KeySet
2024-11-12 13:42:55,574 INFO  EvoClassLoader - Instrumenting class 'org.apache.hadoop.thirdparty.com.google.common.collect.MapMakerInternalMap$KeySet'.
2024-11-12 13:42:55,575 INFO  MethodCallReplacementClassAdapter - Adding mock interface to class org/apache/hadoop/thirdparty/com/google/common/collect/MapMakerInternalMap$KeySet
2024-11-12 13:42:55,575 INFO  CreateClassResetClassAdapter - Creating brand-new static initializer in class org/apache/hadoop/thirdparty/com/google/common/collect/MapMakerInternalMap$KeySet
2024-11-12 13:42:55,575 INFO  EvoClassLoader - Keeping class: org.apache.hadoop.thirdparty.com.google.common.collect.MapMakerInternalMap$KeySet
2024-11-12 13:42:55,575 INFO  EvoClassLoader - Seeing class for first time: org.apache.hadoop.thirdparty.com.google.common.collect.MapMakerInternalMap$EntryIterator
2024-11-12 13:42:55,575 INFO  EvoClassLoader - Instrumenting class 'org.apache.hadoop.thirdparty.com.google.common.collect.MapMakerInternalMap$EntryIterator'.
2024-11-12 13:42:55,575 INFO  MethodCallReplacementClassAdapter - Adding mock interface to class org/apache/hadoop/thirdparty/com/google/common/collect/MapMakerInternalMap$EntryIterator
2024-11-12 13:42:55,575 INFO  CreateClassResetClassAdapter - Creating brand-new static initializer in class org/apache/hadoop/thirdparty/com/google/common/collect/MapMakerInternalMap$EntryIterator
2024-11-12 13:42:55,575 INFO  EvoClassLoader - Seeing class for first time: org.apache.hadoop.thirdparty.com.google.common.collect.MapMakerInternalMap$HashIterator
2024-11-12 13:42:55,575 INFO  EvoClassLoader - Instrumenting class 'org.apache.hadoop.thirdparty.com.google.common.collect.MapMakerInternalMap$HashIterator'.
2024-11-12 13:42:55,575 INFO  MethodCallReplacementClassAdapter - Adding mock interface to class org/apache/hadoop/thirdparty/com/google/common/collect/MapMakerInternalMap$HashIterator
2024-11-12 13:42:55,575 INFO  CreateClassResetClassAdapter - Creating brand-new static initializer in class org/apache/hadoop/thirdparty/com/google/common/collect/MapMakerInternalMap$HashIterator
2024-11-12 13:42:55,575 INFO  EvoClassLoader - Keeping class: org.apache.hadoop.thirdparty.com.google.common.collect.MapMakerInternalMap$HashIterator
2024-11-12 13:42:55,575 INFO  EvoClassLoader - Keeping class: org.apache.hadoop.thirdparty.com.google.common.collect.MapMakerInternalMap$EntryIterator
2024-11-12 13:42:55,575 INFO  EvoClassLoader - Seeing class for first time: org.apache.hadoop.thirdparty.com.google.common.collect.MapMakerInternalMap$WriteThroughEntry
2024-11-12 13:42:55,575 INFO  EvoClassLoader - Instrumenting class 'org.apache.hadoop.thirdparty.com.google.common.collect.MapMakerInternalMap$WriteThroughEntry'.
2024-11-12 13:42:55,576 INFO  MethodCallReplacementClassAdapter - Adding mock interface to class org/apache/hadoop/thirdparty/com/google/common/collect/MapMakerInternalMap$WriteThroughEntry
2024-11-12 13:42:55,576 INFO  CreateClassResetClassAdapter - Creating brand-new static initializer in class org/apache/hadoop/thirdparty/com/google/common/collect/MapMakerInternalMap$WriteThroughEntry
2024-11-12 13:42:55,576 INFO  EvoClassLoader - Seeing class for first time: org.apache.hadoop.thirdparty.com.google.common.collect.AbstractMapEntry
2024-11-12 13:42:55,576 INFO  EvoClassLoader - Instrumenting class 'org.apache.hadoop.thirdparty.com.google.common.collect.AbstractMapEntry'.
2024-11-12 13:42:55,576 INFO  MethodCallReplacementClassAdapter - Adding mock interface to class org/apache/hadoop/thirdparty/com/google/common/collect/AbstractMapEntry
2024-11-12 13:42:55,576 INFO  CreateClassResetClassAdapter - Creating brand-new static initializer in class org/apache/hadoop/thirdparty/com/google/common/collect/AbstractMapEntry
2024-11-12 13:42:55,576 INFO  EvoClassLoader - Keeping class: org.apache.hadoop.thirdparty.com.google.common.collect.AbstractMapEntry
2024-11-12 13:42:55,576 INFO  EvoClassLoader - Keeping class: org.apache.hadoop.thirdparty.com.google.common.collect.MapMakerInternalMap$WriteThroughEntry
2024-11-12 13:42:55,576 INFO  EvoClassLoader - Seeing class for first time: org.apache.hadoop.thirdparty.com.google.common.collect.MapMakerInternalMap$ValueIterator
2024-11-12 13:42:55,576 INFO  EvoClassLoader - Instrumenting class 'org.apache.hadoop.thirdparty.com.google.common.collect.MapMakerInternalMap$ValueIterator'.
2024-11-12 13:42:55,576 INFO  MethodCallReplacementClassAdapter - Adding mock interface to class org/apache/hadoop/thirdparty/com/google/common/collect/MapMakerInternalMap$ValueIterator
2024-11-12 13:42:55,576 INFO  CreateClassResetClassAdapter - Creating brand-new static initializer in class org/apache/hadoop/thirdparty/com/google/common/collect/MapMakerInternalMap$ValueIterator
2024-11-12 13:42:55,576 INFO  EvoClassLoader - Keeping class: org.apache.hadoop.thirdparty.com.google.common.collect.MapMakerInternalMap$ValueIterator
2024-11-12 13:42:55,576 INFO  EvoClassLoader - Seeing class for first time: org.apache.hadoop.thirdparty.com.google.common.collect.MapMakerInternalMap$KeyIterator
2024-11-12 13:42:55,576 INFO  EvoClassLoader - Instrumenting class 'org.apache.hadoop.thirdparty.com.google.common.collect.MapMakerInternalMap$KeyIterator'.
2024-11-12 13:42:55,576 INFO  MethodCallReplacementClassAdapter - Adding mock interface to class org/apache/hadoop/thirdparty/com/google/common/collect/MapMakerInternalMap$KeyIterator
2024-11-12 13:42:55,576 INFO  CreateClassResetClassAdapter - Creating brand-new static initializer in class org/apache/hadoop/thirdparty/com/google/common/collect/MapMakerInternalMap$KeyIterator
2024-11-12 13:42:55,577 INFO  EvoClassLoader - Keeping class: org.apache.hadoop.thirdparty.com.google.common.collect.MapMakerInternalMap$KeyIterator
2024-11-12 13:42:55,577 INFO  EvoClassLoader - Seeing class for first time: org.apache.hadoop.thirdparty.com.google.common.collect.MapMakerInternalMap$CleanupMapTask
2024-11-12 13:42:55,577 INFO  EvoClassLoader - Instrumenting class 'org.apache.hadoop.thirdparty.com.google.common.collect.MapMakerInternalMap$CleanupMapTask'.
2024-11-12 13:42:55,577 INFO  MethodCallReplacementClassAdapter - Adding mock interface to class org/apache/hadoop/thirdparty/com/google/common/collect/MapMakerInternalMap$CleanupMapTask
2024-11-12 13:42:55,577 INFO  CreateClassResetClassAdapter - Creating brand-new static initializer in class org/apache/hadoop/thirdparty/com/google/common/collect/MapMakerInternalMap$CleanupMapTask
2024-11-12 13:42:55,577 INFO  EvoClassLoader - Keeping class: org.apache.hadoop.thirdparty.com.google.common.collect.MapMakerInternalMap$CleanupMapTask
2024-11-12 13:42:55,577 INFO  EvoClassLoader - Seeing class for first time: org.apache.hadoop.thirdparty.com.google.common.collect.MapMakerInternalMap$WeakKeyDummyValueSegment
2024-11-12 13:42:55,577 INFO  EvoClassLoader - Instrumenting class 'org.apache.hadoop.thirdparty.com.google.common.collect.MapMakerInternalMap$WeakKeyDummyValueSegment'.
2024-11-12 13:42:55,577 INFO  MethodCallReplacementClassAdapter - Adding mock interface to class org/apache/hadoop/thirdparty/com/google/common/collect/MapMakerInternalMap$WeakKeyDummyValueSegment
2024-11-12 13:42:55,577 INFO  CreateClassResetClassAdapter - Creating brand-new static initializer in class org/apache/hadoop/thirdparty/com/google/common/collect/MapMakerInternalMap$WeakKeyDummyValueSegment
2024-11-12 13:42:55,577 INFO  EvoClassLoader - Keeping class: org.apache.hadoop.thirdparty.com.google.common.collect.MapMakerInternalMap$WeakKeyDummyValueSegment
2024-11-12 13:42:55,577 INFO  EvoClassLoader - Seeing class for first time: org.apache.hadoop.thirdparty.com.google.common.collect.MapMakerInternalMap$WeakKeyWeakValueSegment
2024-11-12 13:42:55,577 INFO  EvoClassLoader - Instrumenting class 'org.apache.hadoop.thirdparty.com.google.common.collect.MapMakerInternalMap$WeakKeyWeakValueSegment'.
2024-11-12 13:42:55,577 INFO  MethodCallReplacementClassAdapter - Adding mock interface to class org/apache/hadoop/thirdparty/com/google/common/collect/MapMakerInternalMap$WeakKeyWeakValueSegment
2024-11-12 13:42:55,577 INFO  CreateClassResetClassAdapter - Creating brand-new static initializer in class org/apache/hadoop/thirdparty/com/google/common/collect/MapMakerInternalMap$WeakKeyWeakValueSegment
2024-11-12 13:42:55,578 INFO  EvoClassLoader - Keeping class: org.apache.hadoop.thirdparty.com.google.common.collect.MapMakerInternalMap$WeakKeyWeakValueSegment
2024-11-12 13:42:55,578 INFO  EvoClassLoader - Seeing class for first time: org.apache.hadoop.thirdparty.com.google.common.collect.MapMakerInternalMap$WeakKeyStrongValueSegment
2024-11-12 13:42:55,578 INFO  EvoClassLoader - Instrumenting class 'org.apache.hadoop.thirdparty.com.google.common.collect.MapMakerInternalMap$WeakKeyStrongValueSegment'.
2024-11-12 13:42:55,578 INFO  MethodCallReplacementClassAdapter - Adding mock interface to class org/apache/hadoop/thirdparty/com/google/common/collect/MapMakerInternalMap$WeakKeyStrongValueSegment
2024-11-12 13:42:55,578 INFO  CreateClassResetClassAdapter - Creating brand-new static initializer in class org/apache/hadoop/thirdparty/com/google/common/collect/MapMakerInternalMap$WeakKeyStrongValueSegment
2024-11-12 13:42:55,578 INFO  EvoClassLoader - Keeping class: org.apache.hadoop.thirdparty.com.google.common.collect.MapMakerInternalMap$WeakKeyStrongValueSegment
2024-11-12 13:42:55,578 INFO  EvoClassLoader - Seeing class for first time: org.apache.hadoop.thirdparty.com.google.common.collect.MapMakerInternalMap$StrongKeyWeakValueSegment
2024-11-12 13:42:55,578 INFO  EvoClassLoader - Instrumenting class 'org.apache.hadoop.thirdparty.com.google.common.collect.MapMakerInternalMap$StrongKeyWeakValueSegment'.
2024-11-12 13:42:55,578 INFO  MethodCallReplacementClassAdapter - Adding mock interface to class org/apache/hadoop/thirdparty/com/google/common/collect/MapMakerInternalMap$StrongKeyWeakValueSegment
2024-11-12 13:42:55,578 INFO  CreateClassResetClassAdapter - Creating brand-new static initializer in class org/apache/hadoop/thirdparty/com/google/common/collect/MapMakerInternalMap$StrongKeyWeakValueSegment
2024-11-12 13:42:55,578 INFO  EvoClassLoader - Keeping class: org.apache.hadoop.thirdparty.com.google.common.collect.MapMakerInternalMap$StrongKeyWeakValueSegment
2024-11-12 13:42:55,578 INFO  EvoClassLoader - Seeing class for first time: org.apache.hadoop.thirdparty.com.google.common.collect.MapMakerInternalMap$StrongKeyStrongValueSegment
2024-11-12 13:42:55,578 INFO  EvoClassLoader - Instrumenting class 'org.apache.hadoop.thirdparty.com.google.common.collect.MapMakerInternalMap$StrongKeyStrongValueSegment'.
2024-11-12 13:42:55,578 INFO  MethodCallReplacementClassAdapter - Adding mock interface to class org/apache/hadoop/thirdparty/com/google/common/collect/MapMakerInternalMap$StrongKeyStrongValueSegment
2024-11-12 13:42:55,578 INFO  CreateClassResetClassAdapter - Creating brand-new static initializer in class org/apache/hadoop/thirdparty/com/google/common/collect/MapMakerInternalMap$StrongKeyStrongValueSegment
2024-11-12 13:42:55,579 INFO  EvoClassLoader - Keeping class: org.apache.hadoop.thirdparty.com.google.common.collect.MapMakerInternalMap$StrongKeyStrongValueSegment
2024-11-12 13:42:55,579 INFO  EvoClassLoader - Seeing class for first time: org.apache.hadoop.thirdparty.com.google.common.collect.MapMakerInternalMap$WeakValueReferenceImpl
2024-11-12 13:42:55,579 INFO  EvoClassLoader - Instrumenting class 'org.apache.hadoop.thirdparty.com.google.common.collect.MapMakerInternalMap$WeakValueReferenceImpl'.
2024-11-12 13:42:55,579 INFO  MethodCallReplacementClassAdapter - Adding mock interface to class org/apache/hadoop/thirdparty/com/google/common/collect/MapMakerInternalMap$WeakValueReferenceImpl
2024-11-12 13:42:55,579 INFO  CreateClassResetClassAdapter - Creating brand-new static initializer in class org/apache/hadoop/thirdparty/com/google/common/collect/MapMakerInternalMap$WeakValueReferenceImpl
2024-11-12 13:42:55,579 INFO  EvoClassLoader - Keeping class: org.apache.hadoop.thirdparty.com.google.common.collect.MapMakerInternalMap$WeakValueReferenceImpl
2024-11-12 13:42:55,579 INFO  EvoClassLoader - Seeing class for first time: org.apache.hadoop.thirdparty.com.google.common.collect.MapMakerInternalMap$DummyInternalEntry
2024-11-12 13:42:55,579 INFO  EvoClassLoader - Instrumenting class 'org.apache.hadoop.thirdparty.com.google.common.collect.MapMakerInternalMap$DummyInternalEntry'.
2024-11-12 13:42:55,579 INFO  MethodCallReplacementClassAdapter - Adding mock interface to class org/apache/hadoop/thirdparty/com/google/common/collect/MapMakerInternalMap$DummyInternalEntry
2024-11-12 13:42:55,579 INFO  CreateClassResetClassAdapter - Creating brand-new static initializer in class org/apache/hadoop/thirdparty/com/google/common/collect/MapMakerInternalMap$DummyInternalEntry
2024-11-12 13:42:55,579 INFO  EvoClassLoader - Keeping class: org.apache.hadoop.thirdparty.com.google.common.collect.MapMakerInternalMap$DummyInternalEntry
2024-11-12 13:42:55,579 INFO  EvoClassLoader - Seeing class for first time: org.apache.hadoop.thirdparty.com.google.common.collect.MapMakerInternalMap$WeakKeyWeakValueEntry
2024-11-12 13:42:55,579 INFO  EvoClassLoader - Instrumenting class 'org.apache.hadoop.thirdparty.com.google.common.collect.MapMakerInternalMap$WeakKeyWeakValueEntry'.
2024-11-12 13:42:55,579 INFO  MethodCallReplacementClassAdapter - Adding mock interface to class org/apache/hadoop/thirdparty/com/google/common/collect/MapMakerInternalMap$WeakKeyWeakValueEntry
2024-11-12 13:42:55,579 INFO  CreateClassResetClassAdapter - Creating brand-new static initializer in class org/apache/hadoop/thirdparty/com/google/common/collect/MapMakerInternalMap$WeakKeyWeakValueEntry
2024-11-12 13:42:55,579 INFO  EvoClassLoader - Seeing class for first time: org.apache.hadoop.thirdparty.com.google.common.collect.MapMakerInternalMap$WeakValueEntry
2024-11-12 13:42:55,579 INFO  EvoClassLoader - Instrumenting class 'org.apache.hadoop.thirdparty.com.google.common.collect.MapMakerInternalMap$WeakValueEntry'.
2024-11-12 13:42:55,580 INFO  EvoClassLoader - Keeping class: org.apache.hadoop.thirdparty.com.google.common.collect.MapMakerInternalMap$WeakValueEntry
2024-11-12 13:42:55,580 INFO  EvoClassLoader - Seeing class for first time: org.apache.hadoop.thirdparty.com.google.common.collect.MapMakerInternalMap$AbstractWeakKeyEntry
2024-11-12 13:42:55,580 INFO  EvoClassLoader - Instrumenting class 'org.apache.hadoop.thirdparty.com.google.common.collect.MapMakerInternalMap$AbstractWeakKeyEntry'.
2024-11-12 13:42:55,580 INFO  MethodCallReplacementClassAdapter - Adding mock interface to class org/apache/hadoop/thirdparty/com/google/common/collect/MapMakerInternalMap$AbstractWeakKeyEntry
2024-11-12 13:42:55,580 INFO  CreateClassResetClassAdapter - Creating brand-new static initializer in class org/apache/hadoop/thirdparty/com/google/common/collect/MapMakerInternalMap$AbstractWeakKeyEntry
2024-11-12 13:42:55,580 INFO  EvoClassLoader - Keeping class: org.apache.hadoop.thirdparty.com.google.common.collect.MapMakerInternalMap$AbstractWeakKeyEntry
2024-11-12 13:42:55,580 INFO  EvoClassLoader - Keeping class: org.apache.hadoop.thirdparty.com.google.common.collect.MapMakerInternalMap$WeakKeyWeakValueEntry
2024-11-12 13:42:55,580 INFO  EvoClassLoader - Seeing class for first time: org.apache.hadoop.thirdparty.com.google.common.collect.MapMakerInternalMap$WeakKeyStrongValueEntry
2024-11-12 13:42:55,580 INFO  EvoClassLoader - Instrumenting class 'org.apache.hadoop.thirdparty.com.google.common.collect.MapMakerInternalMap$WeakKeyStrongValueEntry'.
2024-11-12 13:42:55,580 INFO  MethodCallReplacementClassAdapter - Adding mock interface to class org/apache/hadoop/thirdparty/com/google/common/collect/MapMakerInternalMap$WeakKeyStrongValueEntry
2024-11-12 13:42:55,580 INFO  CreateClassResetClassAdapter - Creating brand-new static initializer in class org/apache/hadoop/thirdparty/com/google/common/collect/MapMakerInternalMap$WeakKeyStrongValueEntry
2024-11-12 13:42:55,580 INFO  EvoClassLoader - Keeping class: org.apache.hadoop.thirdparty.com.google.common.collect.MapMakerInternalMap$WeakKeyStrongValueEntry
2024-11-12 13:42:55,580 INFO  EvoClassLoader - Seeing class for first time: org.apache.hadoop.thirdparty.com.google.common.collect.MapMakerInternalMap$WeakKeyDummyValueEntry
2024-11-12 13:42:55,580 INFO  EvoClassLoader - Instrumenting class 'org.apache.hadoop.thirdparty.com.google.common.collect.MapMakerInternalMap$WeakKeyDummyValueEntry'.
2024-11-12 13:42:55,580 INFO  MethodCallReplacementClassAdapter - Adding mock interface to class org/apache/hadoop/thirdparty/com/google/common/collect/MapMakerInternalMap$WeakKeyDummyValueEntry
2024-11-12 13:42:55,580 INFO  CreateClassResetClassAdapter - Creating brand-new static initializer in class org/apache/hadoop/thirdparty/com/google/common/collect/MapMakerInternalMap$WeakKeyDummyValueEntry
2024-11-12 13:42:55,580 INFO  EvoClassLoader - Keeping class: org.apache.hadoop.thirdparty.com.google.common.collect.MapMakerInternalMap$WeakKeyDummyValueEntry
2024-11-12 13:42:55,580 INFO  EvoClassLoader - Seeing class for first time: org.apache.hadoop.thirdparty.com.google.common.collect.MapMakerInternalMap$StrongKeyWeakValueEntry
2024-11-12 13:42:55,580 INFO  EvoClassLoader - Instrumenting class 'org.apache.hadoop.thirdparty.com.google.common.collect.MapMakerInternalMap$StrongKeyWeakValueEntry'.
2024-11-12 13:42:55,580 INFO  MethodCallReplacementClassAdapter - Adding mock interface to class org/apache/hadoop/thirdparty/com/google/common/collect/MapMakerInternalMap$StrongKeyWeakValueEntry
2024-11-12 13:42:55,581 INFO  CreateClassResetClassAdapter - Creating brand-new static initializer in class org/apache/hadoop/thirdparty/com/google/common/collect/MapMakerInternalMap$StrongKeyWeakValueEntry
2024-11-12 13:42:55,581 INFO  EvoClassLoader - Keeping class: org.apache.hadoop.thirdparty.com.google.common.collect.MapMakerInternalMap$StrongKeyWeakValueEntry
2024-11-12 13:42:55,581 INFO  EvoClassLoader - Seeing class for first time: org.apache.hadoop.thirdparty.com.google.common.collect.MapMakerInternalMap$StrongKeyStrongValueEntry
2024-11-12 13:42:55,581 INFO  EvoClassLoader - Instrumenting class 'org.apache.hadoop.thirdparty.com.google.common.collect.MapMakerInternalMap$StrongKeyStrongValueEntry'.
2024-11-12 13:42:55,581 INFO  MethodCallReplacementClassAdapter - Adding mock interface to class org/apache/hadoop/thirdparty/com/google/common/collect/MapMakerInternalMap$StrongKeyStrongValueEntry
2024-11-12 13:42:55,581 INFO  CreateClassResetClassAdapter - Creating brand-new static initializer in class org/apache/hadoop/thirdparty/com/google/common/collect/MapMakerInternalMap$StrongKeyStrongValueEntry
2024-11-12 13:42:55,581 INFO  EvoClassLoader - Keeping class: org.apache.hadoop.thirdparty.com.google.common.collect.MapMakerInternalMap$StrongKeyStrongValueEntry
2024-11-12 13:42:55,581 INFO  EvoClassLoader - Seeing class for first time: org.apache.hadoop.thirdparty.com.google.common.base.MoreObjects$ToStringHelper
2024-11-12 13:42:55,581 INFO  EvoClassLoader - Instrumenting class 'org.apache.hadoop.thirdparty.com.google.common.base.MoreObjects$ToStringHelper'.
2024-11-12 13:42:55,581 INFO  MethodCallReplacementClassAdapter - Adding mock interface to class org/apache/hadoop/thirdparty/com/google/common/base/MoreObjects$ToStringHelper
2024-11-12 13:42:55,581 INFO  CreateClassResetClassAdapter - Creating brand-new static initializer in class org/apache/hadoop/thirdparty/com/google/common/base/MoreObjects$ToStringHelper
2024-11-12 13:42:55,581 INFO  EvoClassLoader - Keeping class: org.apache.hadoop.thirdparty.com.google.common.base.MoreObjects$ToStringHelper
2024-11-12 13:42:55,582 INFO  EvoClassLoader - Seeing class for first time: org.apache.hadoop.thirdparty.com.google.common.collect.MapMaker$Dummy
2024-11-12 13:42:55,582 INFO  EvoClassLoader - Instrumenting class 'org.apache.hadoop.thirdparty.com.google.common.collect.MapMaker$Dummy'.
2024-11-12 13:42:55,582 INFO  MethodCallReplacementClassAdapter - Adding mock interface to class org/apache/hadoop/thirdparty/com/google/common/collect/MapMaker$Dummy
2024-11-12 13:42:55,582 INFO  CreateClassResetClassAdapter - Found static initializer in class org/apache/hadoop/thirdparty/com/google/common/collect/MapMaker$Dummy
2024-11-12 13:42:55,582 INFO  EvoClassLoader - Keeping class: org.apache.hadoop.thirdparty.com.google.common.collect.MapMaker$Dummy
2024-11-12 13:42:55,582 INFO  EvoClassLoader - Seeing class for first time: org.apache.hadoop.util.IdentityHashStore
2024-11-12 13:42:55,582 INFO  EvoClassLoader - Instrumenting class 'org.apache.hadoop.util.IdentityHashStore'.
2024-11-12 13:42:55,582 INFO  MethodCallReplacementClassAdapter - Adding mock interface to class org/apache/hadoop/util/IdentityHashStore
2024-11-12 13:42:55,582 INFO  CreateClassResetClassAdapter - Creating brand-new static initializer in class org/apache/hadoop/util/IdentityHashStore
2024-11-12 13:42:55,582 INFO  CreateClassResetClassAdapter - Adding bytecode for initializing field DEFAULT_MAX_CAPACITY
2024-11-12 13:42:55,582 INFO  EvoClassLoader - Keeping class: org.apache.hadoop.util.IdentityHashStore
2024-11-12 13:42:55,583 INFO  EvoClassLoader - Seeing class for first time: org.apache.hadoop.util.IdentityHashStore$Visitor
2024-11-12 13:42:55,583 INFO  EvoClassLoader - Instrumenting class 'org.apache.hadoop.util.IdentityHashStore$Visitor'.
2024-11-12 13:42:55,583 INFO  EvoClassLoader - Keeping class: org.apache.hadoop.util.IdentityHashStore$Visitor
2024-11-12 13:42:55,583 INFO  EvoClassLoader - Seeing class for first time: org.apache.hadoop.hdfs.protocol.BlockListAsLongs$BlockReportReplica
2024-11-12 13:42:55,583 INFO  EvoClassLoader - Instrumenting class 'org.apache.hadoop.hdfs.protocol.BlockListAsLongs$BlockReportReplica'.
2024-11-12 13:42:55,583 INFO  MethodCallReplacementClassAdapter - Adding mock interface to class org/apache/hadoop/hdfs/protocol/BlockListAsLongs$BlockReportReplica
2024-11-12 13:42:55,583 INFO  CreateClassResetClassAdapter - Creating brand-new static initializer in class org/apache/hadoop/hdfs/protocol/BlockListAsLongs$BlockReportReplica
2024-11-12 13:42:55,583 INFO  EvoClassLoader - Seeing class for first time: org.apache.hadoop.hdfs.protocol.Block
2024-11-12 13:42:55,583 INFO  EvoClassLoader - Instrumenting class 'org.apache.hadoop.hdfs.protocol.Block'.
2024-11-12 13:42:55,583 INFO  MethodCallReplacementClassAdapter - Adding mock interface to class org/apache/hadoop/hdfs/protocol/Block
2024-11-12 13:42:55,585 INFO  CreateClassResetClassAdapter - Found static initializer in class org/apache/hadoop/hdfs/protocol/Block
2024-11-12 13:42:55,585 INFO  EvoClassLoader - Keeping class: org.apache.hadoop.hdfs.protocol.Block
2024-11-12 13:42:55,585 INFO  EvoClassLoader - Keeping class: org.apache.hadoop.hdfs.protocol.BlockListAsLongs$BlockReportReplica
2024-11-12 13:42:55,585 INFO  EvoClassLoader - Seeing class for first time: org.apache.hadoop.hdfs.protocol.BlockListAsLongs$BufferDecoder$1
2024-11-12 13:42:55,585 INFO  EvoClassLoader - Instrumenting class 'org.apache.hadoop.hdfs.protocol.BlockListAsLongs$BufferDecoder$1'.
2024-11-12 13:42:55,585 INFO  MethodCallReplacementClassAdapter - Adding mock interface to class org/apache/hadoop/hdfs/protocol/BlockListAsLongs$BufferDecoder$1
2024-11-12 13:42:55,586 INFO  EvoClassLoader - Keeping class: org.apache.hadoop.hdfs.protocol.BlockListAsLongs$BufferDecoder$1
2024-11-12 13:42:55,586 INFO  EvoClassLoader - Seeing class for first time: org.apache.hadoop.hdfs.protocol.Block$1
2024-11-12 13:42:55,586 INFO  EvoClassLoader - Instrumenting class 'org.apache.hadoop.hdfs.protocol.Block$1'.
2024-11-12 13:42:55,586 INFO  MethodCallReplacementClassAdapter - Adding mock interface to class org/apache/hadoop/hdfs/protocol/Block$1
2024-11-12 13:42:55,587 INFO  EvoClassLoader - Seeing class for first time: org.apache.hadoop.io.WritableFactory
2024-11-12 13:42:55,587 INFO  EvoClassLoader - Instrumenting class 'org.apache.hadoop.io.WritableFactory'.
2024-11-12 13:42:55,587 INFO  EvoClassLoader - Keeping class: org.apache.hadoop.io.WritableFactory
2024-11-12 13:42:55,587 INFO  EvoClassLoader - Keeping class: org.apache.hadoop.hdfs.protocol.Block$1
2024-11-12 13:42:55,587 INFO  EvoClassLoader - Seeing class for first time: org.apache.hadoop.io.WritableFactories
2024-11-12 13:42:55,587 INFO  EvoClassLoader - Instrumenting class 'org.apache.hadoop.io.WritableFactories'.
2024-11-12 13:42:55,587 INFO  MethodCallReplacementClassAdapter - Adding mock interface to class org/apache/hadoop/io/WritableFactories
2024-11-12 13:42:55,587 INFO  CreateClassResetClassAdapter - Found static initializer in class org/apache/hadoop/io/WritableFactories
2024-11-12 13:42:55,587 INFO  EvoClassLoader - Keeping class: org.apache.hadoop.io.WritableFactories
2024-11-12 13:42:55,588 INFO  EvoClassLoader - Seeing class for first time: org.apache.hadoop.hdfs.server.datanode.fsdataset.FsVolumeSpi
2024-11-12 13:42:55,588 INFO  EvoClassLoader - Instrumenting class 'org.apache.hadoop.hdfs.server.datanode.fsdataset.FsVolumeSpi'.
2024-11-12 13:42:55,588 INFO  EvoClassLoader - Defined package (3): package org.apache.hadoop.hdfs.server.datanode.fsdataset, 340736770
2024-11-12 13:42:55,588 INFO  EvoClassLoader - Seeing class for first time: org.apache.hadoop.hdfs.server.datanode.checker.Checkable
2024-11-12 13:42:55,588 INFO  EvoClassLoader - Instrumenting class 'org.apache.hadoop.hdfs.server.datanode.checker.Checkable'.
2024-11-12 13:42:55,589 INFO  EvoClassLoader - Defined package (3): package org.apache.hadoop.hdfs.server.datanode.checker, 661882220
2024-11-12 13:42:55,589 INFO  EvoClassLoader - Keeping class: org.apache.hadoop.hdfs.server.datanode.checker.Checkable
2024-11-12 13:42:55,589 INFO  EvoClassLoader - Keeping class: org.apache.hadoop.hdfs.server.datanode.fsdataset.FsVolumeSpi
2024-11-12 13:42:55,589 INFO  EvoClassLoader - Seeing class for first time: org.apache.hadoop.thirdparty.protobuf.Any$1
2024-11-12 13:42:55,589 INFO  EvoClassLoader - Instrumenting class 'org.apache.hadoop.thirdparty.protobuf.Any$1'.
2024-11-12 13:42:55,590 INFO  MethodCallReplacementClassAdapter - Adding mock interface to class org/apache/hadoop/thirdparty/protobuf/Any$1
2024-11-12 13:42:55,590 INFO  EvoClassLoader - Keeping class: org.apache.hadoop.thirdparty.protobuf.Any$1
2024-11-12 13:42:55,590 INFO  EvoClassLoader - Seeing class for first time: org.apache.hadoop.thirdparty.protobuf.Any$Builder
2024-11-12 13:42:55,590 INFO  EvoClassLoader - Instrumenting class 'org.apache.hadoop.thirdparty.protobuf.Any$Builder'.
2024-11-12 13:42:55,590 INFO  MethodCallReplacementClassAdapter - Adding mock interface to class org/apache/hadoop/thirdparty/protobuf/Any$Builder
2024-11-12 13:42:55,591 INFO  CreateClassResetClassAdapter - Creating brand-new static initializer in class org/apache/hadoop/thirdparty/protobuf/Any$Builder
2024-11-12 13:42:55,591 INFO  EvoClassLoader - Keeping class: org.apache.hadoop.thirdparty.protobuf.Any$Builder
2024-11-12 13:42:55,678 INFO  EvoClassLoader - Seeing class for first time: org.apache.hadoop.fs.statistics.BufferedIOStatisticsOutputStream
2024-11-12 13:42:55,678 INFO  EvoClassLoader - Instrumenting class 'org.apache.hadoop.fs.statistics.BufferedIOStatisticsOutputStream'.
2024-11-12 13:42:55,678 INFO  MethodCallReplacementClassAdapter - Adding mock interface to class org/apache/hadoop/fs/statistics/BufferedIOStatisticsOutputStream
2024-11-12 13:42:55,678 INFO  CreateClassResetClassAdapter - Creating brand-new static initializer in class org/apache/hadoop/fs/statistics/BufferedIOStatisticsOutputStream
2024-11-12 13:42:55,679 INFO  EvoClassLoader - Keeping class: org.apache.hadoop.fs.statistics.BufferedIOStatisticsOutputStream
2024-11-12 13:42:55,679 INFO  EvoClassLoader - Seeing class for first time: org.apache.hadoop.fs.RawLocalFileSystem$LocalFSFileOutputStream
2024-11-12 13:42:55,679 INFO  EvoClassLoader - Instrumenting class 'org.apache.hadoop.fs.RawLocalFileSystem$LocalFSFileOutputStream'.
2024-11-12 13:42:55,679 INFO  MethodCallReplacementClassAdapter - Adding mock interface to class org/apache/hadoop/fs/RawLocalFileSystem$LocalFSFileOutputStream
2024-11-12 13:42:55,680 INFO  CreateClassResetClassAdapter - Creating brand-new static initializer in class org/apache/hadoop/fs/RawLocalFileSystem$LocalFSFileOutputStream
2024-11-12 13:42:55,680 INFO  EvoClassLoader - Keeping class: org.apache.hadoop.fs.RawLocalFileSystem$LocalFSFileOutputStream
2024-11-12 13:42:55,680 INFO  EvoClassLoader - Seeing class for first time: org.apache.hadoop.fs.RawLocalFileSystem$DeprecatedRawLocalFileStatus
2024-11-12 13:42:55,680 INFO  EvoClassLoader - Instrumenting class 'org.apache.hadoop.fs.RawLocalFileSystem$DeprecatedRawLocalFileStatus'.
2024-11-12 13:42:55,680 INFO  MethodCallReplacementClassAdapter - Adding mock interface to class org/apache/hadoop/fs/RawLocalFileSystem$DeprecatedRawLocalFileStatus
2024-11-12 13:42:55,682 INFO  CreateClassResetClassAdapter - Creating brand-new static initializer in class org/apache/hadoop/fs/RawLocalFileSystem$DeprecatedRawLocalFileStatus
2024-11-12 13:42:55,683 INFO  EvoClassLoader - Keeping class: org.apache.hadoop.fs.RawLocalFileSystem$DeprecatedRawLocalFileStatus
2024-11-12 13:42:55,683 INFO  EvoClassLoader - Seeing class for first time: org.apache.hadoop.fs.FSError
2024-11-12 13:42:55,683 INFO  EvoClassLoader - Instrumenting class 'org.apache.hadoop.fs.FSError'.
2024-11-12 13:42:55,683 INFO  MethodCallReplacementClassAdapter - Adding mock interface to class org/apache/hadoop/fs/FSError
2024-11-12 13:42:55,683 INFO  CreateClassResetClassAdapter - Creating brand-new static initializer in class org/apache/hadoop/fs/FSError
2024-11-12 13:42:55,684 INFO  EvoClassLoader - Keeping class: org.apache.hadoop.fs.FSError
2024-11-12 13:42:55,684 INFO  EvoClassLoader - Seeing class for first time: org.apache.hadoop.fs.RawLocalFileSystem$LocalFSFileInputStream
2024-11-12 13:42:55,684 INFO  EvoClassLoader - Instrumenting class 'org.apache.hadoop.fs.RawLocalFileSystem$LocalFSFileInputStream'.
2024-11-12 13:42:55,684 INFO  MethodCallReplacementClassAdapter - Adding mock interface to class org/apache/hadoop/fs/RawLocalFileSystem$LocalFSFileInputStream
2024-11-12 13:42:55,687 INFO  CreateClassResetClassAdapter - Creating brand-new static initializer in class org/apache/hadoop/fs/RawLocalFileSystem$LocalFSFileInputStream
2024-11-12 13:42:55,688 INFO  EvoClassLoader - Keeping class: org.apache.hadoop.fs.RawLocalFileSystem$LocalFSFileInputStream
2024-11-12 13:42:55,688 INFO  EvoClassLoader - Seeing class for first time: org.apache.hadoop.fs.BufferedFSInputStream
2024-11-12 13:42:55,688 INFO  EvoClassLoader - Instrumenting class 'org.apache.hadoop.fs.BufferedFSInputStream'.
2024-11-12 13:42:55,688 INFO  MethodCallReplacementClassAdapter - Adding mock interface to class org/apache/hadoop/fs/BufferedFSInputStream
2024-11-12 13:42:55,688 INFO  CreateClassResetClassAdapter - Creating brand-new static initializer in class org/apache/hadoop/fs/BufferedFSInputStream
2024-11-12 13:42:55,689 INFO  EvoClassLoader - Keeping class: org.apache.hadoop.fs.BufferedFSInputStream
2024-11-12 13:42:55,690 INFO  log - Logging initialized @37620ms to org.eclipse.jetty.util.log.Slf4jLog
2024-11-12 13:42:55,691 INFO  EvoClassLoader - Seeing class for first time: org.apache.hadoop.security.authorize.AuthorizationException
2024-11-12 13:42:55,691 INFO  EvoClassLoader - Instrumenting class 'org.apache.hadoop.security.authorize.AuthorizationException'.
2024-11-12 13:42:55,691 INFO  MethodCallReplacementClassAdapter - Adding mock interface to class org/apache/hadoop/security/authorize/AuthorizationException
2024-11-12 13:42:55,691 INFO  CreateClassResetClassAdapter - Found static initializer in class org/apache/hadoop/security/authorize/AuthorizationException
2024-11-12 13:42:55,691 INFO  EvoClassLoader - Keeping class: org.apache.hadoop.security.authorize.AuthorizationException
2024-11-12 13:42:55,692 INFO  EvoClassLoader - Seeing class for first time: org.apache.hadoop.security.authorize.PolicyProvider
2024-11-12 13:42:55,692 INFO  EvoClassLoader - Instrumenting class 'org.apache.hadoop.security.authorize.PolicyProvider'.
2024-11-12 13:42:55,693 INFO  MethodCallReplacementClassAdapter - Adding mock interface to class org/apache/hadoop/security/authorize/PolicyProvider
2024-11-12 13:42:55,693 INFO  CreateClassResetClassAdapter - Found static initializer in class org/apache/hadoop/security/authorize/PolicyProvider
2024-11-12 13:42:55,693 INFO  EvoClassLoader - Keeping class: org.apache.hadoop.security.authorize.PolicyProvider
2024-11-12 13:42:55,693 INFO  EvoClassLoader - Seeing class for first time: org.apache.hadoop.hdfs.HDFSPolicyProvider
2024-11-12 13:42:55,693 INFO  EvoClassLoader - Instrumenting class 'org.apache.hadoop.hdfs.HDFSPolicyProvider'.
2024-11-12 13:42:55,693 INFO  MethodCallReplacementClassAdapter - Adding mock interface to class org/apache/hadoop/hdfs/HDFSPolicyProvider
2024-11-12 13:42:55,693 INFO  CreateClassResetClassAdapter - Found static initializer in class org/apache/hadoop/hdfs/HDFSPolicyProvider
2024-11-12 13:42:55,694 INFO  EvoClassLoader - Keeping class: org.apache.hadoop.hdfs.HDFSPolicyProvider
2024-11-12 13:42:55,694 INFO  EvoClassLoader - Seeing class for first time: org.apache.hadoop.fs.BatchedRemoteIterator$BatchedEntries
2024-11-12 13:42:55,694 INFO  EvoClassLoader - Instrumenting class 'org.apache.hadoop.fs.BatchedRemoteIterator$BatchedEntries'.
2024-11-12 13:42:55,694 INFO  EvoClassLoader - Keeping class: org.apache.hadoop.fs.BatchedRemoteIterator$BatchedEntries
2024-11-12 13:42:55,694 INFO  EvoClassLoader - Seeing class for first time: org.apache.hadoop.hdfs.protocol.OpenFilesIterator$OpenFilesType
2024-11-12 13:42:55,694 INFO  EvoClassLoader - Instrumenting class 'org.apache.hadoop.hdfs.protocol.OpenFilesIterator$OpenFilesType'.
2024-11-12 13:42:55,694 INFO  MethodCallReplacementClassAdapter - Adding mock interface to class org/apache/hadoop/hdfs/protocol/OpenFilesIterator$OpenFilesType
2024-11-12 13:42:55,695 INFO  CreateClassResetClassAdapter - Found static initializer in class org/apache/hadoop/hdfs/protocol/OpenFilesIterator$OpenFilesType
2024-11-12 13:42:55,695 INFO  EvoClassLoader - Keeping class: org.apache.hadoop.hdfs.protocol.OpenFilesIterator$OpenFilesType
2024-11-12 13:42:55,695 INFO  EvoClassLoader - Seeing class for first time: org.apache.hadoop.hdfs.protocol.DatanodeID
2024-11-12 13:42:55,695 INFO  EvoClassLoader - Instrumenting class 'org.apache.hadoop.hdfs.protocol.DatanodeID'.
2024-11-12 13:42:55,695 INFO  MethodCallReplacementClassAdapter - Adding mock interface to class org/apache/hadoop/hdfs/protocol/DatanodeID
2024-11-12 13:42:55,696 INFO  CreateClassResetClassAdapter - Found static initializer in class org/apache/hadoop/hdfs/protocol/DatanodeID
2024-11-12 13:42:55,697 INFO  EvoClassLoader - Keeping class: org.apache.hadoop.hdfs.protocol.DatanodeID
2024-11-12 13:42:55,697 INFO  EvoClassLoader - Seeing class for first time: org.apache.hadoop.hdfs.server.protocol.DatanodeRegistration
2024-11-12 13:42:55,697 INFO  EvoClassLoader - Instrumenting class 'org.apache.hadoop.hdfs.server.protocol.DatanodeRegistration'.
2024-11-12 13:42:55,697 INFO  MethodCallReplacementClassAdapter - Adding mock interface to class org/apache/hadoop/hdfs/server/protocol/DatanodeRegistration
2024-11-12 13:42:55,697 INFO  CreateClassResetClassAdapter - Creating brand-new static initializer in class org/apache/hadoop/hdfs/server/protocol/DatanodeRegistration
2024-11-12 13:42:55,697 INFO  EvoClassLoader - Keeping class: org.apache.hadoop.hdfs.server.protocol.DatanodeRegistration
2024-11-12 13:42:55,698 INFO  EvoClassLoader - Seeing class for first time: org.apache.hadoop.hdfs.protocol.UnresolvedPathException
2024-11-12 13:42:55,698 INFO  EvoClassLoader - Instrumenting class 'org.apache.hadoop.hdfs.protocol.UnresolvedPathException'.
2024-11-12 13:42:55,698 INFO  MethodCallReplacementClassAdapter - Adding mock interface to class org/apache/hadoop/hdfs/protocol/UnresolvedPathException
2024-11-12 13:42:55,698 INFO  CreateClassResetClassAdapter - Creating brand-new static initializer in class org/apache/hadoop/hdfs/protocol/UnresolvedPathException
2024-11-12 13:42:55,699 INFO  EvoClassLoader - Keeping class: org.apache.hadoop.hdfs.protocol.UnresolvedPathException
2024-11-12 13:42:55,699 INFO  EvoClassLoader - Seeing class for first time: org.apache.hadoop.hdfs.protocol.DatanodeInfo
2024-11-12 13:42:55,699 INFO  EvoClassLoader - Instrumenting class 'org.apache.hadoop.hdfs.protocol.DatanodeInfo'.
2024-11-12 13:42:55,700 INFO  MethodCallReplacementClassAdapter - Adding mock interface to class org/apache/hadoop/hdfs/protocol/DatanodeInfo
2024-11-12 13:42:55,701 INFO  CreateClassResetClassAdapter - Found static initializer in class org/apache/hadoop/hdfs/protocol/DatanodeInfo
2024-11-12 13:42:55,701 INFO  EvoClassLoader - Seeing class for first time: org.apache.hadoop.net.Node
2024-11-12 13:42:55,701 INFO  EvoClassLoader - Instrumenting class 'org.apache.hadoop.net.Node'.
2024-11-12 13:42:55,701 INFO  EvoClassLoader - Defined package (3): package org.apache.hadoop.net, -1243656086
2024-11-12 13:42:55,701 INFO  EvoClassLoader - Keeping class: org.apache.hadoop.net.Node
2024-11-12 13:42:55,701 INFO  EvoClassLoader - Keeping class: org.apache.hadoop.hdfs.protocol.DatanodeInfo
2024-11-12 13:42:55,701 INFO  EvoClassLoader - Seeing class for first time: org.apache.hadoop.hdfs.server.namenode.UnsupportedActionException
2024-11-12 13:42:55,701 INFO  EvoClassLoader - Instrumenting class 'org.apache.hadoop.hdfs.server.namenode.UnsupportedActionException'.
2024-11-12 13:42:55,701 INFO  MethodCallReplacementClassAdapter - Adding mock interface to class org/apache/hadoop/hdfs/server/namenode/UnsupportedActionException
2024-11-12 13:42:55,701 INFO  CreateClassResetClassAdapter - Creating brand-new static initializer in class org/apache/hadoop/hdfs/server/namenode/UnsupportedActionException
2024-11-12 13:42:55,702 INFO  EvoClassLoader - Keeping class: org.apache.hadoop.hdfs.server.namenode.UnsupportedActionException
2024-11-12 13:42:55,702 INFO  EvoClassLoader - Seeing class for first time: org.apache.hadoop.hdfs.server.common.HttpGetFailedException
2024-11-12 13:42:55,703 INFO  EvoClassLoader - Instrumenting class 'org.apache.hadoop.hdfs.server.common.HttpGetFailedException'.
2024-11-12 13:42:55,703 INFO  MethodCallReplacementClassAdapter - Adding mock interface to class org/apache/hadoop/hdfs/server/common/HttpGetFailedException
2024-11-12 13:42:55,703 INFO  CreateClassResetClassAdapter - Creating brand-new static initializer in class org/apache/hadoop/hdfs/server/common/HttpGetFailedException
2024-11-12 13:42:55,703 INFO  EvoClassLoader - Keeping class: org.apache.hadoop.hdfs.server.common.HttpGetFailedException
2024-11-12 13:42:55,703 INFO  EvoClassLoader - Seeing class for first time: org.apache.hadoop.hdfs.protocol.UnregisteredNodeException
2024-11-12 13:42:55,703 INFO  EvoClassLoader - Instrumenting class 'org.apache.hadoop.hdfs.protocol.UnregisteredNodeException'.
2024-11-12 13:42:55,703 INFO  MethodCallReplacementClassAdapter - Adding mock interface to class org/apache/hadoop/hdfs/protocol/UnregisteredNodeException
2024-11-12 13:42:55,703 INFO  CreateClassResetClassAdapter - Creating brand-new static initializer in class org/apache/hadoop/hdfs/protocol/UnregisteredNodeException
2024-11-12 13:42:55,703 INFO  EvoClassLoader - Keeping class: org.apache.hadoop.hdfs.protocol.UnregisteredNodeException
2024-11-12 13:42:55,703 INFO  EvoClassLoader - Seeing class for first time: org.apache.hadoop.hdfs.server.protocol.InvalidBlockReportLeaseException
2024-11-12 13:42:55,703 INFO  EvoClassLoader - Instrumenting class 'org.apache.hadoop.hdfs.server.protocol.InvalidBlockReportLeaseException'.
2024-11-12 13:42:55,704 INFO  MethodCallReplacementClassAdapter - Adding mock interface to class org/apache/hadoop/hdfs/server/protocol/InvalidBlockReportLeaseException
2024-11-12 13:42:55,704 INFO  CreateClassResetClassAdapter - Creating brand-new static initializer in class org/apache/hadoop/hdfs/server/protocol/InvalidBlockReportLeaseException
2024-11-12 13:42:55,704 INFO  EvoClassLoader - Keeping class: org.apache.hadoop.hdfs.server.protocol.InvalidBlockReportLeaseException
2024-11-12 13:42:55,704 INFO  EvoClassLoader - Seeing class for first time: org.apache.hadoop.hdfs.server.protocol.DatanodeCommand
2024-11-12 13:42:55,704 INFO  EvoClassLoader - Instrumenting class 'org.apache.hadoop.hdfs.server.protocol.DatanodeCommand'.
2024-11-12 13:42:55,704 INFO  MethodCallReplacementClassAdapter - Adding mock interface to class org/apache/hadoop/hdfs/server/protocol/DatanodeCommand
2024-11-12 13:42:55,704 INFO  CreateClassResetClassAdapter - Creating brand-new static initializer in class org/apache/hadoop/hdfs/server/protocol/DatanodeCommand
2024-11-12 13:42:55,704 INFO  EvoClassLoader - Seeing class for first time: org.apache.hadoop.hdfs.server.protocol.ServerCommand
2024-11-12 13:42:55,704 INFO  EvoClassLoader - Instrumenting class 'org.apache.hadoop.hdfs.server.protocol.ServerCommand'.
2024-11-12 13:42:55,704 INFO  MethodCallReplacementClassAdapter - Adding mock interface to class org/apache/hadoop/hdfs/server/protocol/ServerCommand
2024-11-12 13:42:55,704 INFO  CreateClassResetClassAdapter - Creating brand-new static initializer in class org/apache/hadoop/hdfs/server/protocol/ServerCommand
2024-11-12 13:42:55,704 INFO  EvoClassLoader - Keeping class: org.apache.hadoop.hdfs.server.protocol.ServerCommand
2024-11-12 13:42:55,704 INFO  EvoClassLoader - Keeping class: org.apache.hadoop.hdfs.server.protocol.DatanodeCommand
2024-11-12 13:42:55,704 INFO  EvoClassLoader - Seeing class for first time: org.apache.hadoop.hdfs.server.protocol.FinalizeCommand
2024-11-12 13:42:55,704 INFO  EvoClassLoader - Instrumenting class 'org.apache.hadoop.hdfs.server.protocol.FinalizeCommand'.
2024-11-12 13:42:55,704 INFO  MethodCallReplacementClassAdapter - Adding mock interface to class org/apache/hadoop/hdfs/server/protocol/FinalizeCommand
2024-11-12 13:42:55,704 INFO  CreateClassResetClassAdapter - Creating brand-new static initializer in class org/apache/hadoop/hdfs/server/protocol/FinalizeCommand
2024-11-12 13:42:55,704 INFO  EvoClassLoader - Keeping class: org.apache.hadoop.hdfs.server.protocol.FinalizeCommand
2024-11-12 13:42:55,705 INFO  EvoClassLoader - Seeing class for first time: org.apache.hadoop.hdfs.server.common.IncorrectVersionException
2024-11-12 13:42:55,705 INFO  EvoClassLoader - Instrumenting class 'org.apache.hadoop.hdfs.server.common.IncorrectVersionException'.
2024-11-12 13:42:55,705 INFO  MethodCallReplacementClassAdapter - Adding mock interface to class org/apache/hadoop/hdfs/server/common/IncorrectVersionException
2024-11-12 13:42:55,705 INFO  CreateClassResetClassAdapter - Creating brand-new static initializer in class org/apache/hadoop/hdfs/server/common/IncorrectVersionException
2024-11-12 13:42:55,705 INFO  EvoClassLoader - Keeping class: org.apache.hadoop.hdfs.server.common.IncorrectVersionException
2024-11-12 13:42:55,705 INFO  EvoClassLoader - Seeing class for first time: org.apache.hadoop.hdfs.protocol.proto.ClientNamenodeProtocolProtos$ClientNamenodeProtocol$BlockingInterface
2024-11-12 13:42:55,705 INFO  EvoClassLoader - Instrumenting class 'org.apache.hadoop.hdfs.protocol.proto.ClientNamenodeProtocolProtos$ClientNamenodeProtocol$BlockingInterface'.
2024-11-12 13:42:55,707 INFO  EvoClassLoader - Keeping class: org.apache.hadoop.hdfs.protocol.proto.ClientNamenodeProtocolProtos$ClientNamenodeProtocol$BlockingInterface
2024-11-12 13:42:55,707 INFO  EvoClassLoader - Seeing class for first time: org.apache.hadoop.hdfs.protocol.proto.DatanodeProtocolProtos$DatanodeProtocolService$BlockingInterface
2024-11-12 13:42:55,707 INFO  EvoClassLoader - Instrumenting class 'org.apache.hadoop.hdfs.protocol.proto.DatanodeProtocolProtos$DatanodeProtocolService$BlockingInterface'.
2024-11-12 13:42:55,707 INFO  EvoClassLoader - Keeping class: org.apache.hadoop.hdfs.protocol.proto.DatanodeProtocolProtos$DatanodeProtocolService$BlockingInterface
2024-11-12 13:42:55,707 INFO  EvoClassLoader - Seeing class for first time: org.apache.hadoop.hdfs.protocol.proto.DatanodeLifelineProtocolProtos$DatanodeLifelineProtocolService$BlockingInterface
2024-11-12 13:42:55,707 INFO  EvoClassLoader - Instrumenting class 'org.apache.hadoop.hdfs.protocol.proto.DatanodeLifelineProtocolProtos$DatanodeLifelineProtocolService$BlockingInterface'.
2024-11-12 13:42:55,707 INFO  EvoClassLoader - Keeping class: org.apache.hadoop.hdfs.protocol.proto.DatanodeLifelineProtocolProtos$DatanodeLifelineProtocolService$BlockingInterface
2024-11-12 13:42:55,707 INFO  EvoClassLoader - Seeing class for first time: org.apache.hadoop.security.proto.RefreshAuthorizationPolicyProtocolProtos$RefreshAuthorizationPolicyProtocolService$BlockingInterface
2024-11-12 13:42:55,707 INFO  EvoClassLoader - Instrumenting class 'org.apache.hadoop.security.proto.RefreshAuthorizationPolicyProtocolProtos$RefreshAuthorizationPolicyProtocolService$BlockingInterface'.
2024-11-12 13:42:55,707 INFO  EvoClassLoader - Keeping class: org.apache.hadoop.security.proto.RefreshAuthorizationPolicyProtocolProtos$RefreshAuthorizationPolicyProtocolService$BlockingInterface
2024-11-12 13:42:55,707 INFO  EvoClassLoader - Seeing class for first time: org.apache.hadoop.security.proto.RefreshUserMappingsProtocolProtos$RefreshUserMappingsProtocolService$BlockingInterface
2024-11-12 13:42:55,707 INFO  EvoClassLoader - Instrumenting class 'org.apache.hadoop.security.proto.RefreshUserMappingsProtocolProtos$RefreshUserMappingsProtocolService$BlockingInterface'.
2024-11-12 13:42:55,708 INFO  EvoClassLoader - Keeping class: org.apache.hadoop.security.proto.RefreshUserMappingsProtocolProtos$RefreshUserMappingsProtocolService$BlockingInterface
2024-11-12 13:42:55,708 INFO  EvoClassLoader - Seeing class for first time: org.apache.hadoop.ipc.proto.RefreshCallQueueProtocolProtos$RefreshCallQueueProtocolService$BlockingInterface
2024-11-12 13:42:55,708 INFO  EvoClassLoader - Instrumenting class 'org.apache.hadoop.ipc.proto.RefreshCallQueueProtocolProtos$RefreshCallQueueProtocolService$BlockingInterface'.
2024-11-12 13:42:55,708 INFO  EvoClassLoader - Defined package (3): package org.apache.hadoop.ipc.proto, -815570269
2024-11-12 13:42:55,708 INFO  EvoClassLoader - Keeping class: org.apache.hadoop.ipc.proto.RefreshCallQueueProtocolProtos$RefreshCallQueueProtocolService$BlockingInterface
2024-11-12 13:42:55,708 INFO  EvoClassLoader - Seeing class for first time: org.apache.hadoop.ipc.proto.GenericRefreshProtocolProtos$GenericRefreshProtocolService$BlockingInterface
2024-11-12 13:42:55,708 INFO  EvoClassLoader - Instrumenting class 'org.apache.hadoop.ipc.proto.GenericRefreshProtocolProtos$GenericRefreshProtocolService$BlockingInterface'.
2024-11-12 13:42:55,708 INFO  EvoClassLoader - Keeping class: org.apache.hadoop.ipc.proto.GenericRefreshProtocolProtos$GenericRefreshProtocolService$BlockingInterface
2024-11-12 13:42:55,708 INFO  EvoClassLoader - Seeing class for first time: org.apache.hadoop.tools.proto.GetUserMappingsProtocolProtos$GetUserMappingsProtocolService$BlockingInterface
2024-11-12 13:42:55,708 INFO  EvoClassLoader - Instrumenting class 'org.apache.hadoop.tools.proto.GetUserMappingsProtocolProtos$GetUserMappingsProtocolService$BlockingInterface'.
2024-11-12 13:42:55,708 INFO  EvoClassLoader - Defined package (3): package org.apache.hadoop.tools.proto, 1007942114
2024-11-12 13:42:55,708 INFO  EvoClassLoader - Keeping class: org.apache.hadoop.tools.proto.GetUserMappingsProtocolProtos$GetUserMappingsProtocolService$BlockingInterface
2024-11-12 13:42:55,708 INFO  EvoClassLoader - Seeing class for first time: org.apache.hadoop.ha.proto.HAServiceProtocolProtos$HAServiceProtocolService$BlockingInterface
2024-11-12 13:42:55,708 INFO  EvoClassLoader - Instrumenting class 'org.apache.hadoop.ha.proto.HAServiceProtocolProtos$HAServiceProtocolService$BlockingInterface'.
2024-11-12 13:42:55,708 INFO  EvoClassLoader - Keeping class: org.apache.hadoop.ha.proto.HAServiceProtocolProtos$HAServiceProtocolService$BlockingInterface
2024-11-12 13:42:55,708 INFO  EvoClassLoader - Seeing class for first time: org.apache.hadoop.hdfs.protocol.proto.ReconfigurationProtocolProtos$ReconfigurationProtocolService$BlockingInterface
2024-11-12 13:42:55,708 INFO  EvoClassLoader - Instrumenting class 'org.apache.hadoop.hdfs.protocol.proto.ReconfigurationProtocolProtos$ReconfigurationProtocolService$BlockingInterface'.
2024-11-12 13:42:55,708 INFO  EvoClassLoader - Keeping class: org.apache.hadoop.hdfs.protocol.proto.ReconfigurationProtocolProtos$ReconfigurationProtocolService$BlockingInterface
2024-11-12 13:42:55,709 INFO  EvoClassLoader - Seeing class for first time: org.apache.hadoop.security.token.SecretManager
2024-11-12 13:42:55,709 INFO  EvoClassLoader - Instrumenting class 'org.apache.hadoop.security.token.SecretManager'.
2024-11-12 13:42:55,709 INFO  MethodCallReplacementClassAdapter - Adding mock interface to class org/apache/hadoop/security/token/SecretManager
2024-11-12 13:42:55,709 INFO  CreateClassResetClassAdapter - Found static initializer in class org/apache/hadoop/security/token/SecretManager
2024-11-12 13:42:55,709 INFO  EvoClassLoader - Keeping class: org.apache.hadoop.security.token.SecretManager
2024-11-12 13:42:55,709 INFO  EvoClassLoader - Seeing class for first time: org.apache.hadoop.hdfs.security.token.delegation.DelegationTokenSecretManager
2024-11-12 13:42:55,709 INFO  EvoClassLoader - Instrumenting class 'org.apache.hadoop.hdfs.security.token.delegation.DelegationTokenSecretManager'.
2024-11-12 13:42:55,710 INFO  MethodCallReplacementClassAdapter - Adding mock interface to class org/apache/hadoop/hdfs/security/token/delegation/DelegationTokenSecretManager
2024-11-12 13:42:55,710 INFO  CreateClassResetClassAdapter - Found static initializer in class org/apache/hadoop/hdfs/security/token/delegation/DelegationTokenSecretManager
2024-11-12 13:42:55,711 INFO  EvoClassLoader - Seeing class for first time: org.apache.hadoop.security.token.delegation.AbstractDelegationTokenSecretManager
2024-11-12 13:42:55,711 INFO  EvoClassLoader - Instrumenting class 'org.apache.hadoop.security.token.delegation.AbstractDelegationTokenSecretManager'.
2024-11-12 13:42:55,711 INFO  MethodCallReplacementClassAdapter - Adding mock interface to class org/apache/hadoop/security/token/delegation/AbstractDelegationTokenSecretManager
2024-11-12 13:42:55,712 INFO  CreateClassResetClassAdapter - Found static initializer in class org/apache/hadoop/security/token/delegation/AbstractDelegationTokenSecretManager
2024-11-12 13:42:55,713 INFO  EvoClassLoader - Keeping class: org.apache.hadoop.security.token.delegation.AbstractDelegationTokenSecretManager
2024-11-12 13:42:55,713 INFO  EvoClassLoader - Keeping class: org.apache.hadoop.hdfs.security.token.delegation.DelegationTokenSecretManager
2024-11-12 13:42:55,713 INFO  EvoClassLoader - Seeing class for first time: org.apache.hadoop.ipc.AlignmentContext
2024-11-12 13:42:55,713 INFO  EvoClassLoader - Instrumenting class 'org.apache.hadoop.ipc.AlignmentContext'.
2024-11-12 13:42:55,713 INFO  EvoClassLoader - Keeping class: org.apache.hadoop.ipc.AlignmentContext
2024-11-12 13:42:55,714 INFO  EvoClassLoader - Seeing class for first time: org.apache.hadoop.ipc.RetryCache$CacheEntry
2024-11-12 13:42:55,715 INFO  EvoClassLoader - Instrumenting class 'org.apache.hadoop.ipc.RetryCache$CacheEntry'.
2024-11-12 13:42:55,715 INFO  MethodCallReplacementClassAdapter - Adding mock interface to class org/apache/hadoop/ipc/RetryCache$CacheEntry
2024-11-12 13:42:55,715 INFO  CreateClassResetClassAdapter - Creating brand-new static initializer in class org/apache/hadoop/ipc/RetryCache$CacheEntry
2024-11-12 13:42:55,715 INFO  CreateClassResetClassAdapter - Adding bytecode for initializing field INPROGRESS
2024-11-12 13:42:55,715 INFO  CreateClassResetClassAdapter - Adding bytecode for initializing field SUCCESS
2024-11-12 13:42:55,715 INFO  CreateClassResetClassAdapter - Adding bytecode for initializing field FAILED
2024-11-12 13:42:55,715 INFO  EvoClassLoader - Seeing class for first time: org.apache.hadoop.util.LightWeightCache$Entry
2024-11-12 13:42:55,715 INFO  EvoClassLoader - Instrumenting class 'org.apache.hadoop.util.LightWeightCache$Entry'.
2024-11-12 13:42:55,716 INFO  EvoClassLoader - Seeing class for first time: org.apache.hadoop.util.LightWeightGSet$LinkedElement
2024-11-12 13:42:55,716 INFO  EvoClassLoader - Instrumenting class 'org.apache.hadoop.util.LightWeightGSet$LinkedElement'.
2024-11-12 13:42:55,716 INFO  EvoClassLoader - Keeping class: org.apache.hadoop.util.LightWeightGSet$LinkedElement
2024-11-12 13:42:55,716 INFO  EvoClassLoader - Keeping class: org.apache.hadoop.util.LightWeightCache$Entry
2024-11-12 13:42:55,716 INFO  EvoClassLoader - Keeping class: org.apache.hadoop.ipc.RetryCache$CacheEntry
2024-11-12 13:42:55,716 INFO  EvoClassLoader - Seeing class for first time: org.apache.hadoop.hdfs.protocol.HdfsConstants$SafeModeAction
2024-11-12 13:42:55,716 INFO  EvoClassLoader - Instrumenting class 'org.apache.hadoop.hdfs.protocol.HdfsConstants$SafeModeAction'.
2024-11-12 13:42:55,716 INFO  MethodCallReplacementClassAdapter - Adding mock interface to class org/apache/hadoop/hdfs/protocol/HdfsConstants$SafeModeAction
2024-11-12 13:42:55,716 INFO  CreateClassResetClassAdapter - Found static initializer in class org/apache/hadoop/hdfs/protocol/HdfsConstants$SafeModeAction
2024-11-12 13:42:55,716 INFO  EvoClassLoader - Keeping class: org.apache.hadoop.hdfs.protocol.HdfsConstants$SafeModeAction
2024-11-12 13:42:55,716 INFO  EvoClassLoader - Seeing class for first time: org.apache.hadoop.hdfs.server.protocol.RemoteEditLogManifest
2024-11-12 13:42:55,716 INFO  EvoClassLoader - Instrumenting class 'org.apache.hadoop.hdfs.server.protocol.RemoteEditLogManifest'.
2024-11-12 13:42:55,717 INFO  MethodCallReplacementClassAdapter - Adding mock interface to class org/apache/hadoop/hdfs/server/protocol/RemoteEditLogManifest
2024-11-12 13:42:55,717 INFO  CreateClassResetClassAdapter - Creating brand-new static initializer in class org/apache/hadoop/hdfs/server/protocol/RemoteEditLogManifest
2024-11-12 13:42:55,717 INFO  EvoClassLoader - Keeping class: org.apache.hadoop.hdfs.server.protocol.RemoteEditLogManifest
2024-11-12 13:42:55,717 INFO  EvoClassLoader - Seeing class for first time: org.apache.hadoop.hdfs.protocol.ExtendedBlock
2024-11-12 13:42:55,717 INFO  EvoClassLoader - Instrumenting class 'org.apache.hadoop.hdfs.protocol.ExtendedBlock'.
2024-11-12 13:42:55,718 INFO  MethodCallReplacementClassAdapter - Adding mock interface to class org/apache/hadoop/hdfs/protocol/ExtendedBlock
2024-11-12 13:42:55,718 INFO  CreateClassResetClassAdapter - Creating brand-new static initializer in class org/apache/hadoop/hdfs/protocol/ExtendedBlock
2024-11-12 13:42:55,718 INFO  EvoClassLoader - Keeping class: org.apache.hadoop.hdfs.protocol.ExtendedBlock
2024-11-12 13:42:55,718 INFO  EvoClassLoader - Seeing class for first time: org.apache.hadoop.hdfs.protocol.ErasureCodingPolicy
2024-11-12 13:42:55,718 INFO  EvoClassLoader - Instrumenting class 'org.apache.hadoop.hdfs.protocol.ErasureCodingPolicy'.
2024-11-12 13:42:55,718 INFO  MethodCallReplacementClassAdapter - Adding mock interface to class org/apache/hadoop/hdfs/protocol/ErasureCodingPolicy
2024-11-12 13:42:55,719 INFO  CreateClassResetClassAdapter - Creating brand-new static initializer in class org/apache/hadoop/hdfs/protocol/ErasureCodingPolicy
2024-11-12 13:42:55,719 INFO  EvoClassLoader - Keeping class: org.apache.hadoop.hdfs.protocol.ErasureCodingPolicy
2024-11-12 13:42:55,719 INFO  EvoClassLoader - Seeing class for first time: org.apache.hadoop.hdfs.protocol.CorruptFileBlocks
2024-11-12 13:42:55,719 INFO  EvoClassLoader - Instrumenting class 'org.apache.hadoop.hdfs.protocol.CorruptFileBlocks'.
2024-11-12 13:42:55,719 INFO  MethodCallReplacementClassAdapter - Adding mock interface to class org/apache/hadoop/hdfs/protocol/CorruptFileBlocks
2024-11-12 13:42:55,719 INFO  CreateClassResetClassAdapter - Creating brand-new static initializer in class org/apache/hadoop/hdfs/protocol/CorruptFileBlocks
2024-11-12 13:42:55,719 INFO  CreateClassResetClassAdapter - Adding bytecode for initializing field PRIME
2024-11-12 13:42:55,719 INFO  EvoClassLoader - Keeping class: org.apache.hadoop.hdfs.protocol.CorruptFileBlocks
2024-11-12 13:42:55,719 INFO  EvoClassLoader - Seeing class for first time: org.apache.hadoop.fs.XAttr
2024-11-12 13:42:55,719 INFO  EvoClassLoader - Instrumenting class 'org.apache.hadoop.fs.XAttr'.
2024-11-12 13:42:55,719 INFO  MethodCallReplacementClassAdapter - Adding mock interface to class org/apache/hadoop/fs/XAttr
2024-11-12 13:42:55,719 INFO  CreateClassResetClassAdapter - Creating brand-new static initializer in class org/apache/hadoop/fs/XAttr
2024-11-12 13:42:55,719 INFO  EvoClassLoader - Keeping class: org.apache.hadoop.fs.XAttr
2024-11-12 13:42:55,719 INFO  EvoClassLoader - Seeing class for first time: org.apache.hadoop.hdfs.protocol.BlockStoragePolicy
2024-11-12 13:42:55,719 INFO  EvoClassLoader - Instrumenting class 'org.apache.hadoop.hdfs.protocol.BlockStoragePolicy'.
2024-11-12 13:42:55,720 INFO  MethodCallReplacementClassAdapter - Adding mock interface to class org/apache/hadoop/hdfs/protocol/BlockStoragePolicy
2024-11-12 13:42:55,720 INFO  CreateClassResetClassAdapter - Found static initializer in class org/apache/hadoop/hdfs/protocol/BlockStoragePolicy
2024-11-12 13:42:55,720 INFO  EvoClassLoader - Keeping class: org.apache.hadoop.hdfs.protocol.BlockStoragePolicy
2024-11-12 13:42:55,720 INFO  EvoClassLoader - Seeing class for first time: org.apache.hadoop.hdfs.server.protocol.BlocksWithLocations
2024-11-12 13:42:55,720 INFO  EvoClassLoader - Instrumenting class 'org.apache.hadoop.hdfs.server.protocol.BlocksWithLocations'.
2024-11-12 13:42:55,720 INFO  MethodCallReplacementClassAdapter - Adding mock interface to class org/apache/hadoop/hdfs/server/protocol/BlocksWithLocations
2024-11-12 13:42:55,720 INFO  CreateClassResetClassAdapter - Creating brand-new static initializer in class org/apache/hadoop/hdfs/server/protocol/BlocksWithLocations
2024-11-12 13:42:55,720 INFO  EvoClassLoader - Keeping class: org.apache.hadoop.hdfs.server.protocol.BlocksWithLocations
2024-11-12 13:42:55,720 INFO  EvoClassLoader - Seeing class for first time: org.apache.hadoop.hdfs.server.protocol.NamespaceInfo
2024-11-12 13:42:55,720 INFO  EvoClassLoader - Instrumenting class 'org.apache.hadoop.hdfs.server.protocol.NamespaceInfo'.
2024-11-12 13:42:55,720 INFO  MethodCallReplacementClassAdapter - Adding mock interface to class org/apache/hadoop/hdfs/server/protocol/NamespaceInfo
2024-11-12 13:42:55,721 INFO  CreateClassResetClassAdapter - Found static initializer in class org/apache/hadoop/hdfs/server/protocol/NamespaceInfo
2024-11-12 13:42:55,721 INFO  EvoClassLoader - Keeping class: org.apache.hadoop.hdfs.server.protocol.NamespaceInfo
2024-11-12 13:42:55,721 INFO  EvoClassLoader - Seeing class for first time: org.apache.hadoop.hdfs.protocol.HdfsConstants$DatanodeReportType
2024-11-12 13:42:55,721 INFO  EvoClassLoader - Instrumenting class 'org.apache.hadoop.hdfs.protocol.HdfsConstants$DatanodeReportType'.
2024-11-12 13:42:55,721 INFO  MethodCallReplacementClassAdapter - Adding mock interface to class org/apache/hadoop/hdfs/protocol/HdfsConstants$DatanodeReportType
2024-11-12 13:42:55,721 INFO  CreateClassResetClassAdapter - Found static initializer in class org/apache/hadoop/hdfs/protocol/HdfsConstants$DatanodeReportType
2024-11-12 13:42:55,721 INFO  EvoClassLoader - Keeping class: org.apache.hadoop.hdfs.protocol.HdfsConstants$DatanodeReportType
2024-11-12 13:42:55,721 INFO  EvoClassLoader - Seeing class for first time: org.apache.hadoop.hdfs.server.protocol.DatanodeStorageReport
2024-11-12 13:42:55,721 INFO  EvoClassLoader - Instrumenting class 'org.apache.hadoop.hdfs.server.protocol.DatanodeStorageReport'.
2024-11-12 13:42:55,722 INFO  MethodCallReplacementClassAdapter - Adding mock interface to class org/apache/hadoop/hdfs/server/protocol/DatanodeStorageReport
2024-11-12 13:42:55,722 INFO  CreateClassResetClassAdapter - Creating brand-new static initializer in class org/apache/hadoop/hdfs/server/protocol/DatanodeStorageReport
2024-11-12 13:42:55,722 INFO  EvoClassLoader - Keeping class: org.apache.hadoop.hdfs.server.protocol.DatanodeStorageReport
2024-11-12 13:42:55,722 INFO  EvoClassLoader - Seeing class for first time: org.apache.hadoop.hdfs.security.token.block.ExportedBlockKeys
2024-11-12 13:42:55,722 INFO  EvoClassLoader - Instrumenting class 'org.apache.hadoop.hdfs.security.token.block.ExportedBlockKeys'.
2024-11-12 13:42:55,722 INFO  MethodCallReplacementClassAdapter - Adding mock interface to class org/apache/hadoop/hdfs/security/token/block/ExportedBlockKeys
2024-11-12 13:42:55,722 INFO  CreateClassResetClassAdapter - Found static initializer in class org/apache/hadoop/hdfs/security/token/block/ExportedBlockKeys
2024-11-12 13:42:55,722 INFO  EvoClassLoader - Defined package (3): package org.apache.hadoop.hdfs.security.token.block, 2046137276
2024-11-12 13:42:55,722 INFO  EvoClassLoader - Keeping class: org.apache.hadoop.hdfs.security.token.block.ExportedBlockKeys
2024-11-12 13:42:55,722 INFO  EvoClassLoader - Seeing class for first time: org.apache.hadoop.hdfs.server.namenode.CheckpointSignature
2024-11-12 13:42:55,722 INFO  EvoClassLoader - Instrumenting class 'org.apache.hadoop.hdfs.server.namenode.CheckpointSignature'.
2024-11-12 13:42:55,722 INFO  MethodCallReplacementClassAdapter - Adding mock interface to class org/apache/hadoop/hdfs/server/namenode/CheckpointSignature
2024-11-12 13:42:55,722 INFO  CreateClassResetClassAdapter - Found static initializer in class org/apache/hadoop/hdfs/server/namenode/CheckpointSignature
2024-11-12 13:42:55,723 INFO  EvoClassLoader - Keeping class: org.apache.hadoop.hdfs.server.namenode.CheckpointSignature
2024-11-12 13:42:55,723 INFO  EvoClassLoader - Seeing class for first time: org.apache.hadoop.hdfs.server.protocol.NamenodeCommand
2024-11-12 13:42:55,723 INFO  EvoClassLoader - Instrumenting class 'org.apache.hadoop.hdfs.server.protocol.NamenodeCommand'.
2024-11-12 13:42:55,723 INFO  MethodCallReplacementClassAdapter - Adding mock interface to class org/apache/hadoop/hdfs/server/protocol/NamenodeCommand
2024-11-12 13:42:55,723 INFO  CreateClassResetClassAdapter - Creating brand-new static initializer in class org/apache/hadoop/hdfs/server/protocol/NamenodeCommand
2024-11-12 13:42:55,723 INFO  EvoClassLoader - Keeping class: org.apache.hadoop.hdfs.server.protocol.NamenodeCommand
2024-11-12 13:42:55,723 INFO  EvoClassLoader - Seeing class for first time: org.apache.hadoop.hdfs.protocol.HdfsConstants$RollingUpgradeAction
2024-11-12 13:42:55,723 INFO  EvoClassLoader - Instrumenting class 'org.apache.hadoop.hdfs.protocol.HdfsConstants$RollingUpgradeAction'.
2024-11-12 13:42:55,723 INFO  MethodCallReplacementClassAdapter - Adding mock interface to class org/apache/hadoop/hdfs/protocol/HdfsConstants$RollingUpgradeAction
2024-11-12 13:42:55,723 INFO  CreateClassResetClassAdapter - Found static initializer in class org/apache/hadoop/hdfs/protocol/HdfsConstants$RollingUpgradeAction
2024-11-12 13:42:55,723 INFO  EvoClassLoader - Keeping class: org.apache.hadoop.hdfs.protocol.HdfsConstants$RollingUpgradeAction
2024-11-12 13:42:55,724 INFO  EvoClassLoader - Seeing class for first time: org.apache.hadoop.hdfs.protocol.RollingUpgradeInfo
2024-11-12 13:42:55,724 INFO  EvoClassLoader - Instrumenting class 'org.apache.hadoop.hdfs.protocol.RollingUpgradeInfo'.
2024-11-12 13:42:55,724 INFO  MethodCallReplacementClassAdapter - Adding mock interface to class org/apache/hadoop/hdfs/protocol/RollingUpgradeInfo
2024-11-12 13:42:55,724 INFO  CreateClassResetClassAdapter - Creating brand-new static initializer in class org/apache/hadoop/hdfs/protocol/RollingUpgradeInfo
2024-11-12 13:42:55,724 INFO  EvoClassLoader - Seeing class for first time: org.apache.hadoop.hdfs.protocol.RollingUpgradeStatus
2024-11-12 13:42:55,724 INFO  EvoClassLoader - Instrumenting class 'org.apache.hadoop.hdfs.protocol.RollingUpgradeStatus'.
2024-11-12 13:42:55,724 INFO  MethodCallReplacementClassAdapter - Adding mock interface to class org/apache/hadoop/hdfs/protocol/RollingUpgradeStatus
2024-11-12 13:42:55,724 INFO  CreateClassResetClassAdapter - Creating brand-new static initializer in class org/apache/hadoop/hdfs/protocol/RollingUpgradeStatus
2024-11-12 13:42:55,724 INFO  EvoClassLoader - Keeping class: org.apache.hadoop.hdfs.protocol.RollingUpgradeStatus
2024-11-12 13:42:55,724 INFO  EvoClassLoader - Keeping class: org.apache.hadoop.hdfs.protocol.RollingUpgradeInfo
2024-11-12 13:42:55,724 INFO  EvoClassLoader - Seeing class for first time: org.apache.hadoop.hdfs.protocol.SnapshottableDirectoryStatus
2024-11-12 13:42:55,724 INFO  EvoClassLoader - Instrumenting class 'org.apache.hadoop.hdfs.protocol.SnapshottableDirectoryStatus'.
2024-11-12 13:42:55,725 INFO  MethodCallReplacementClassAdapter - Adding mock interface to class org/apache/hadoop/hdfs/protocol/SnapshottableDirectoryStatus
2024-11-12 13:42:55,725 INFO  CreateClassResetClassAdapter - Found static initializer in class org/apache/hadoop/hdfs/protocol/SnapshottableDirectoryStatus
2024-11-12 13:42:55,725 INFO  EvoClassLoader - Keeping class: org.apache.hadoop.hdfs.protocol.SnapshottableDirectoryStatus
2024-11-12 13:42:55,725 INFO  EvoClassLoader - Seeing class for first time: org.apache.hadoop.hdfs.protocol.SnapshotStatus
2024-11-12 13:42:55,725 INFO  EvoClassLoader - Instrumenting class 'org.apache.hadoop.hdfs.protocol.SnapshotStatus'.
2024-11-12 13:42:55,726 INFO  MethodCallReplacementClassAdapter - Adding mock interface to class org/apache/hadoop/hdfs/protocol/SnapshotStatus
2024-11-12 13:42:55,726 INFO  CreateClassResetClassAdapter - Creating brand-new static initializer in class org/apache/hadoop/hdfs/protocol/SnapshotStatus
2024-11-12 13:42:55,727 INFO  EvoClassLoader - Keeping class: org.apache.hadoop.hdfs.protocol.SnapshotStatus
2024-11-12 13:42:55,727 INFO  EvoClassLoader - Seeing class for first time: org.apache.hadoop.hdfs.protocol.SnapshotDiffReport
2024-11-12 13:42:55,727 INFO  EvoClassLoader - Instrumenting class 'org.apache.hadoop.hdfs.protocol.SnapshotDiffReport'.
2024-11-12 13:42:55,727 INFO  MethodCallReplacementClassAdapter - Adding mock interface to class org/apache/hadoop/hdfs/protocol/SnapshotDiffReport
2024-11-12 13:42:55,727 INFO  CreateClassResetClassAdapter - Found static initializer in class org/apache/hadoop/hdfs/protocol/SnapshotDiffReport
2024-11-12 13:42:55,727 INFO  EvoClassLoader - Keeping class: org.apache.hadoop.hdfs.protocol.SnapshotDiffReport
2024-11-12 13:42:55,727 INFO  EvoClassLoader - Seeing class for first time: org.apache.hadoop.hdfs.protocol.SnapshotDiffReportListing
2024-11-12 13:42:55,727 INFO  EvoClassLoader - Instrumenting class 'org.apache.hadoop.hdfs.protocol.SnapshotDiffReportListing'.
2024-11-12 13:42:55,727 INFO  MethodCallReplacementClassAdapter - Adding mock interface to class org/apache/hadoop/hdfs/protocol/SnapshotDiffReportListing
2024-11-12 13:42:55,727 INFO  CreateClassResetClassAdapter - Creating brand-new static initializer in class org/apache/hadoop/hdfs/protocol/SnapshotDiffReportListing
2024-11-12 13:42:55,727 INFO  EvoClassLoader - Keeping class: org.apache.hadoop.hdfs.protocol.SnapshotDiffReportListing
2024-11-12 13:42:55,727 INFO  EvoClassLoader - Seeing class for first time: org.apache.hadoop.hdfs.protocol.CacheDirectiveInfo
2024-11-12 13:42:55,727 INFO  EvoClassLoader - Instrumenting class 'org.apache.hadoop.hdfs.protocol.CacheDirectiveInfo'.
2024-11-12 13:42:55,727 INFO  MethodCallReplacementClassAdapter - Adding mock interface to class org/apache/hadoop/hdfs/protocol/CacheDirectiveInfo
2024-11-12 13:42:55,727 INFO  CreateClassResetClassAdapter - Creating brand-new static initializer in class org/apache/hadoop/hdfs/protocol/CacheDirectiveInfo
2024-11-12 13:42:55,728 INFO  EvoClassLoader - Keeping class: org.apache.hadoop.hdfs.protocol.CacheDirectiveInfo
2024-11-12 13:42:55,728 INFO  EvoClassLoader - Seeing class for first time: org.apache.hadoop.hdfs.protocol.CachePoolInfo
2024-11-12 13:42:55,728 INFO  EvoClassLoader - Instrumenting class 'org.apache.hadoop.hdfs.protocol.CachePoolInfo'.
2024-11-12 13:42:55,728 INFO  MethodCallReplacementClassAdapter - Adding mock interface to class org/apache/hadoop/hdfs/protocol/CachePoolInfo
2024-11-12 13:42:55,728 INFO  CreateClassResetClassAdapter - Creating brand-new static initializer in class org/apache/hadoop/hdfs/protocol/CachePoolInfo
2024-11-12 13:42:55,728 INFO  CreateClassResetClassAdapter - Adding bytecode for initializing field RELATIVE_EXPIRY_NEVER
2024-11-12 13:42:55,728 INFO  CreateClassResetClassAdapter - Adding bytecode for initializing field DEFAULT_MAX_RELATIVE_EXPIRY
2024-11-12 13:42:55,728 INFO  CreateClassResetClassAdapter - Adding bytecode for initializing field LIMIT_UNLIMITED
2024-11-12 13:42:55,728 INFO  CreateClassResetClassAdapter - Adding bytecode for initializing field DEFAULT_LIMIT
2024-11-12 13:42:55,728 INFO  CreateClassResetClassAdapter - Adding bytecode for initializing field DEFAULT_REPLICATION_NUM
2024-11-12 13:42:55,728 INFO  EvoClassLoader - Keeping class: org.apache.hadoop.hdfs.protocol.CachePoolInfo
2024-11-12 13:42:55,728 INFO  EvoClassLoader - Seeing class for first time: org.apache.hadoop.hdfs.protocol.EncryptionZone
2024-11-12 13:42:55,728 INFO  EvoClassLoader - Instrumenting class 'org.apache.hadoop.hdfs.protocol.EncryptionZone'.
2024-11-12 13:42:55,729 INFO  MethodCallReplacementClassAdapter - Adding mock interface to class org/apache/hadoop/hdfs/protocol/EncryptionZone
2024-11-12 13:42:55,729 INFO  CreateClassResetClassAdapter - Creating brand-new static initializer in class org/apache/hadoop/hdfs/protocol/EncryptionZone
2024-11-12 13:42:55,729 INFO  EvoClassLoader - Keeping class: org.apache.hadoop.hdfs.protocol.EncryptionZone
2024-11-12 13:42:55,729 INFO  EvoClassLoader - Seeing class for first time: org.apache.hadoop.hdfs.protocol.HdfsConstants$ReencryptAction
2024-11-12 13:42:55,729 INFO  EvoClassLoader - Instrumenting class 'org.apache.hadoop.hdfs.protocol.HdfsConstants$ReencryptAction'.
2024-11-12 13:42:55,729 INFO  MethodCallReplacementClassAdapter - Adding mock interface to class org/apache/hadoop/hdfs/protocol/HdfsConstants$ReencryptAction
2024-11-12 13:42:55,729 INFO  CreateClassResetClassAdapter - Found static initializer in class org/apache/hadoop/hdfs/protocol/HdfsConstants$ReencryptAction
2024-11-12 13:42:55,729 INFO  EvoClassLoader - Keeping class: org.apache.hadoop.hdfs.protocol.HdfsConstants$ReencryptAction
2024-11-12 13:42:55,729 INFO  EvoClassLoader - Seeing class for first time: org.apache.hadoop.hdfs.protocol.ErasureCodingPolicyInfo
2024-11-12 13:42:55,729 INFO  EvoClassLoader - Instrumenting class 'org.apache.hadoop.hdfs.protocol.ErasureCodingPolicyInfo'.
2024-11-12 13:42:55,729 INFO  MethodCallReplacementClassAdapter - Adding mock interface to class org/apache/hadoop/hdfs/protocol/ErasureCodingPolicyInfo
2024-11-12 13:42:55,729 INFO  CreateClassResetClassAdapter - Creating brand-new static initializer in class org/apache/hadoop/hdfs/protocol/ErasureCodingPolicyInfo
2024-11-12 13:42:55,729 INFO  EvoClassLoader - Keeping class: org.apache.hadoop.hdfs.protocol.ErasureCodingPolicyInfo
2024-11-12 13:42:55,729 INFO  EvoClassLoader - Seeing class for first time: org.apache.hadoop.hdfs.protocol.AddErasureCodingPolicyResponse
2024-11-12 13:42:55,729 INFO  EvoClassLoader - Instrumenting class 'org.apache.hadoop.hdfs.protocol.AddErasureCodingPolicyResponse'.
2024-11-12 13:42:55,729 INFO  MethodCallReplacementClassAdapter - Adding mock interface to class org/apache/hadoop/hdfs/protocol/AddErasureCodingPolicyResponse
2024-11-12 13:42:55,730 INFO  CreateClassResetClassAdapter - Creating brand-new static initializer in class org/apache/hadoop/hdfs/protocol/AddErasureCodingPolicyResponse
2024-11-12 13:42:55,730 INFO  EvoClassLoader - Keeping class: org.apache.hadoop.hdfs.protocol.AddErasureCodingPolicyResponse
2024-11-12 13:42:55,730 INFO  EvoClassLoader - Seeing class for first time: org.apache.hadoop.hdfs.protocol.ECTopologyVerifierResult
2024-11-12 13:42:55,730 INFO  EvoClassLoader - Instrumenting class 'org.apache.hadoop.hdfs.protocol.ECTopologyVerifierResult'.
2024-11-12 13:42:55,730 INFO  MethodCallReplacementClassAdapter - Adding mock interface to class org/apache/hadoop/hdfs/protocol/ECTopologyVerifierResult
2024-11-12 13:42:55,730 INFO  CreateClassResetClassAdapter - Creating brand-new static initializer in class org/apache/hadoop/hdfs/protocol/ECTopologyVerifierResult
2024-11-12 13:42:55,730 INFO  EvoClassLoader - Keeping class: org.apache.hadoop.hdfs.protocol.ECTopologyVerifierResult
2024-11-12 13:42:55,730 INFO  EvoClassLoader - Seeing class for first time: org.apache.hadoop.hdfs.protocol.LocatedBlock
2024-11-12 13:42:55,730 INFO  EvoClassLoader - Instrumenting class 'org.apache.hadoop.hdfs.protocol.LocatedBlock'.
2024-11-12 13:42:55,730 INFO  MethodCallReplacementClassAdapter - Adding mock interface to class org/apache/hadoop/hdfs/protocol/LocatedBlock
2024-11-12 13:42:55,731 INFO  CreateClassResetClassAdapter - Found static initializer in class org/apache/hadoop/hdfs/protocol/LocatedBlock
2024-11-12 13:42:55,731 INFO  EvoClassLoader - Keeping class: org.apache.hadoop.hdfs.protocol.LocatedBlock
2024-11-12 13:42:55,731 INFO  EvoClassLoader - Seeing class for first time: org.apache.hadoop.hdfs.protocol.DirectoryListing
2024-11-12 13:42:55,731 INFO  EvoClassLoader - Instrumenting class 'org.apache.hadoop.hdfs.protocol.DirectoryListing'.
2024-11-12 13:42:55,731 INFO  MethodCallReplacementClassAdapter - Adding mock interface to class org/apache/hadoop/hdfs/protocol/DirectoryListing
2024-11-12 13:42:55,732 INFO  CreateClassResetClassAdapter - Creating brand-new static initializer in class org/apache/hadoop/hdfs/protocol/DirectoryListing
2024-11-12 13:42:55,732 INFO  EvoClassLoader - Keeping class: org.apache.hadoop.hdfs.protocol.DirectoryListing
2024-11-12 13:42:55,732 INFO  EvoClassLoader - Seeing class for first time: org.apache.hadoop.hdfs.protocol.BatchedDirectoryListing
2024-11-12 13:42:55,732 INFO  EvoClassLoader - Instrumenting class 'org.apache.hadoop.hdfs.protocol.BatchedDirectoryListing'.
2024-11-12 13:42:55,732 INFO  MethodCallReplacementClassAdapter - Adding mock interface to class org/apache/hadoop/hdfs/protocol/BatchedDirectoryListing
2024-11-12 13:42:55,732 INFO  CreateClassResetClassAdapter - Creating brand-new static initializer in class org/apache/hadoop/hdfs/protocol/BatchedDirectoryListing
2024-11-12 13:42:55,732 INFO  EvoClassLoader - Keeping class: org.apache.hadoop.hdfs.protocol.BatchedDirectoryListing
2024-11-12 13:42:55,732 INFO  EvoClassLoader - Seeing class for first time: org.apache.hadoop.hdfs.protocol.ReplicatedBlockStats
2024-11-12 13:42:55,732 INFO  EvoClassLoader - Instrumenting class 'org.apache.hadoop.hdfs.protocol.ReplicatedBlockStats'.
2024-11-12 13:42:55,733 INFO  MethodCallReplacementClassAdapter - Adding mock interface to class org/apache/hadoop/hdfs/protocol/ReplicatedBlockStats
2024-11-12 13:42:55,733 INFO  CreateClassResetClassAdapter - Creating brand-new static initializer in class org/apache/hadoop/hdfs/protocol/ReplicatedBlockStats
2024-11-12 13:42:55,733 INFO  EvoClassLoader - Keeping class: org.apache.hadoop.hdfs.protocol.ReplicatedBlockStats
2024-11-12 13:42:55,733 INFO  EvoClassLoader - Seeing class for first time: org.apache.hadoop.hdfs.protocol.ECBlockGroupStats
2024-11-12 13:42:55,733 INFO  EvoClassLoader - Instrumenting class 'org.apache.hadoop.hdfs.protocol.ECBlockGroupStats'.
2024-11-12 13:42:55,733 INFO  MethodCallReplacementClassAdapter - Adding mock interface to class org/apache/hadoop/hdfs/protocol/ECBlockGroupStats
2024-11-12 13:42:55,733 INFO  CreateClassResetClassAdapter - Creating brand-new static initializer in class org/apache/hadoop/hdfs/protocol/ECBlockGroupStats
2024-11-12 13:42:55,733 INFO  EvoClassLoader - Keeping class: org.apache.hadoop.hdfs.protocol.ECBlockGroupStats
2024-11-12 13:42:55,733 INFO  EvoClassLoader - Seeing class for first time: org.apache.hadoop.hdfs.protocol.HdfsFileStatus
2024-11-12 13:42:55,733 INFO  EvoClassLoader - Instrumenting class 'org.apache.hadoop.hdfs.protocol.HdfsFileStatus'.
2024-11-12 13:42:55,734 INFO  EvoClassLoader - Keeping class: org.apache.hadoop.hdfs.protocol.HdfsFileStatus
2024-11-12 13:42:55,734 INFO  EvoClassLoader - Seeing class for first time: org.apache.hadoop.hdfs.protocol.HdfsLocatedFileStatus
2024-11-12 13:42:55,734 INFO  EvoClassLoader - Instrumenting class 'org.apache.hadoop.hdfs.protocol.HdfsLocatedFileStatus'.
2024-11-12 13:42:55,734 INFO  MethodCallReplacementClassAdapter - Adding mock interface to class org/apache/hadoop/hdfs/protocol/HdfsLocatedFileStatus
2024-11-12 13:42:55,735 INFO  CreateClassResetClassAdapter - Creating brand-new static initializer in class org/apache/hadoop/hdfs/protocol/HdfsLocatedFileStatus
2024-11-12 13:42:55,735 INFO  EvoClassLoader - Seeing class for first time: org.apache.hadoop.fs.LocatedFileStatus
2024-11-12 13:42:55,735 INFO  EvoClassLoader - Instrumenting class 'org.apache.hadoop.fs.LocatedFileStatus'.
2024-11-12 13:42:55,735 INFO  MethodCallReplacementClassAdapter - Adding mock interface to class org/apache/hadoop/fs/LocatedFileStatus
2024-11-12 13:42:55,736 INFO  CreateClassResetClassAdapter - Creating brand-new static initializer in class org/apache/hadoop/fs/LocatedFileStatus
2024-11-12 13:42:55,736 INFO  EvoClassLoader - Keeping class: org.apache.hadoop.fs.LocatedFileStatus
2024-11-12 13:42:55,736 INFO  EvoClassLoader - Keeping class: org.apache.hadoop.hdfs.protocol.HdfsLocatedFileStatus
2024-11-12 13:42:55,736 INFO  EvoClassLoader - Seeing class for first time: org.apache.hadoop.hdfs.protocol.LocatedBlocks
2024-11-12 13:42:55,736 INFO  EvoClassLoader - Instrumenting class 'org.apache.hadoop.hdfs.protocol.LocatedBlocks'.
2024-11-12 13:42:55,736 INFO  MethodCallReplacementClassAdapter - Adding mock interface to class org/apache/hadoop/hdfs/protocol/LocatedBlocks
2024-11-12 13:42:55,736 INFO  CreateClassResetClassAdapter - Found static initializer in class org/apache/hadoop/hdfs/protocol/LocatedBlocks
2024-11-12 13:42:55,736 INFO  EvoClassLoader - Keeping class: org.apache.hadoop.hdfs.protocol.LocatedBlocks
2024-11-12 13:42:55,736 INFO  EvoClassLoader - Seeing class for first time: org.apache.hadoop.security.token.SecretManager$InvalidToken
2024-11-12 13:42:55,736 INFO  EvoClassLoader - Instrumenting class 'org.apache.hadoop.security.token.SecretManager$InvalidToken'.
2024-11-12 13:42:55,737 INFO  MethodCallReplacementClassAdapter - Adding mock interface to class org/apache/hadoop/security/token/SecretManager$InvalidToken
2024-11-12 13:42:55,737 INFO  CreateClassResetClassAdapter - Creating brand-new static initializer in class org/apache/hadoop/security/token/SecretManager$InvalidToken
2024-11-12 13:42:55,737 INFO  EvoClassLoader - Keeping class: org.apache.hadoop.security.token.SecretManager$InvalidToken
2024-11-12 13:42:55,737 INFO  EvoClassLoader - Seeing class for first time: org.apache.hadoop.hdfs.security.token.block.DataEncryptionKey
2024-11-12 13:42:55,737 INFO  EvoClassLoader - Instrumenting class 'org.apache.hadoop.hdfs.security.token.block.DataEncryptionKey'.
2024-11-12 13:42:55,737 INFO  MethodCallReplacementClassAdapter - Adding mock interface to class org/apache/hadoop/hdfs/security/token/block/DataEncryptionKey
2024-11-12 13:42:55,737 INFO  CreateClassResetClassAdapter - Creating brand-new static initializer in class org/apache/hadoop/hdfs/security/token/block/DataEncryptionKey
2024-11-12 13:42:55,737 INFO  EvoClassLoader - Keeping class: org.apache.hadoop.hdfs.security.token.block.DataEncryptionKey
2024-11-12 13:42:55,737 INFO  EvoClassLoader - Seeing class for first time: org.apache.hadoop.hdfs.inotify.EventBatchList
2024-11-12 13:42:55,737 INFO  EvoClassLoader - Instrumenting class 'org.apache.hadoop.hdfs.inotify.EventBatchList'.
2024-11-12 13:42:55,737 INFO  MethodCallReplacementClassAdapter - Adding mock interface to class org/apache/hadoop/hdfs/inotify/EventBatchList
2024-11-12 13:42:55,737 INFO  CreateClassResetClassAdapter - Creating brand-new static initializer in class org/apache/hadoop/hdfs/inotify/EventBatchList
2024-11-12 13:42:55,737 INFO  EvoClassLoader - Defined package (3): package org.apache.hadoop.hdfs.inotify, 693802656
2024-11-12 13:42:55,738 INFO  EvoClassLoader - Keeping class: org.apache.hadoop.hdfs.inotify.EventBatchList
2024-11-12 13:42:55,738 INFO  EvoClassLoader - Seeing class for first time: org.apache.hadoop.hdfs.server.namenode.EditLogInputStream
2024-11-12 13:42:55,738 INFO  EvoClassLoader - Instrumenting class 'org.apache.hadoop.hdfs.server.namenode.EditLogInputStream'.
2024-11-12 13:42:55,738 INFO  MethodCallReplacementClassAdapter - Adding mock interface to class org/apache/hadoop/hdfs/server/namenode/EditLogInputStream
2024-11-12 13:42:55,738 INFO  CreateClassResetClassAdapter - Creating brand-new static initializer in class org/apache/hadoop/hdfs/server/namenode/EditLogInputStream
2024-11-12 13:42:55,738 INFO  EvoClassLoader - Keeping class: org.apache.hadoop.hdfs.server.namenode.EditLogInputStream
2024-11-12 13:42:55,738 INFO  EvoClassLoader - Seeing class for first time: org.apache.hadoop.hdfs.server.namenode.FSEditLogOp
2024-11-12 13:42:55,738 INFO  EvoClassLoader - Instrumenting class 'org.apache.hadoop.hdfs.server.namenode.FSEditLogOp'.
2024-11-12 13:42:55,739 INFO  MethodCallReplacementClassAdapter - Adding mock interface to class org/apache/hadoop/hdfs/server/namenode/FSEditLogOp
2024-11-12 13:42:55,740 INFO  CreateClassResetClassAdapter - Found static initializer in class org/apache/hadoop/hdfs/server/namenode/FSEditLogOp
2024-11-12 13:42:55,740 INFO  EvoClassLoader - Keeping class: org.apache.hadoop.hdfs.server.namenode.FSEditLogOp
2024-11-12 13:42:55,741 INFO  EvoClassLoader - Seeing class for first time: org.apache.hadoop.hdfs.server.protocol.StorageReport
2024-11-12 13:42:55,741 INFO  EvoClassLoader - Instrumenting class 'org.apache.hadoop.hdfs.server.protocol.StorageReport'.
2024-11-12 13:42:55,741 INFO  MethodCallReplacementClassAdapter - Adding mock interface to class org/apache/hadoop/hdfs/server/protocol/StorageReport
2024-11-12 13:42:55,741 INFO  CreateClassResetClassAdapter - Found static initializer in class org/apache/hadoop/hdfs/server/protocol/StorageReport
2024-11-12 13:42:55,741 INFO  EvoClassLoader - Keeping class: org.apache.hadoop.hdfs.server.protocol.StorageReport
2024-11-12 13:42:55,741 INFO  EvoClassLoader - Seeing class for first time: org.apache.hadoop.hdfs.server.protocol.VolumeFailureSummary
2024-11-12 13:42:55,741 INFO  EvoClassLoader - Instrumenting class 'org.apache.hadoop.hdfs.server.protocol.VolumeFailureSummary'.
2024-11-12 13:42:55,741 INFO  MethodCallReplacementClassAdapter - Adding mock interface to class org/apache/hadoop/hdfs/server/protocol/VolumeFailureSummary
2024-11-12 13:42:55,741 INFO  CreateClassResetClassAdapter - Creating brand-new static initializer in class org/apache/hadoop/hdfs/server/protocol/VolumeFailureSummary
2024-11-12 13:42:55,742 INFO  EvoClassLoader - Keeping class: org.apache.hadoop.hdfs.server.protocol.VolumeFailureSummary
2024-11-12 13:42:55,742 INFO  EvoClassLoader - Seeing class for first time: org.apache.hadoop.hdfs.server.protocol.SlowPeerReports
2024-11-12 13:42:55,742 INFO  EvoClassLoader - Instrumenting class 'org.apache.hadoop.hdfs.server.protocol.SlowPeerReports'.
2024-11-12 13:42:55,742 INFO  MethodCallReplacementClassAdapter - Adding mock interface to class org/apache/hadoop/hdfs/server/protocol/SlowPeerReports
2024-11-12 13:42:55,742 INFO  CreateClassResetClassAdapter - Found static initializer in class org/apache/hadoop/hdfs/server/protocol/SlowPeerReports
2024-11-12 13:42:55,742 INFO  EvoClassLoader - Keeping class: org.apache.hadoop.hdfs.server.protocol.SlowPeerReports
2024-11-12 13:42:55,742 INFO  EvoClassLoader - Seeing class for first time: org.apache.hadoop.hdfs.server.protocol.SlowDiskReports
2024-11-12 13:42:55,742 INFO  EvoClassLoader - Instrumenting class 'org.apache.hadoop.hdfs.server.protocol.SlowDiskReports'.
2024-11-12 13:42:55,742 INFO  MethodCallReplacementClassAdapter - Adding mock interface to class org/apache/hadoop/hdfs/server/protocol/SlowDiskReports
2024-11-12 13:42:55,742 INFO  CreateClassResetClassAdapter - Found static initializer in class org/apache/hadoop/hdfs/server/protocol/SlowDiskReports
2024-11-12 13:42:55,742 INFO  EvoClassLoader - Keeping class: org.apache.hadoop.hdfs.server.protocol.SlowDiskReports
2024-11-12 13:42:55,742 INFO  EvoClassLoader - Seeing class for first time: org.apache.hadoop.hdfs.server.protocol.HeartbeatResponse
2024-11-12 13:42:55,742 INFO  EvoClassLoader - Instrumenting class 'org.apache.hadoop.hdfs.server.protocol.HeartbeatResponse'.
2024-11-12 13:42:55,743 INFO  MethodCallReplacementClassAdapter - Adding mock interface to class org/apache/hadoop/hdfs/server/protocol/HeartbeatResponse
2024-11-12 13:42:55,743 INFO  CreateClassResetClassAdapter - Creating brand-new static initializer in class org/apache/hadoop/hdfs/server/protocol/HeartbeatResponse
2024-11-12 13:42:55,743 INFO  EvoClassLoader - Keeping class: org.apache.hadoop.hdfs.server.protocol.HeartbeatResponse
2024-11-12 13:42:55,743 INFO  EvoClassLoader - Seeing class for first time: org.apache.hadoop.hdfs.server.protocol.StorageBlockReport
2024-11-12 13:42:55,743 INFO  EvoClassLoader - Instrumenting class 'org.apache.hadoop.hdfs.server.protocol.StorageBlockReport'.
2024-11-12 13:42:55,743 INFO  MethodCallReplacementClassAdapter - Adding mock interface to class org/apache/hadoop/hdfs/server/protocol/StorageBlockReport
2024-11-12 13:42:55,743 INFO  CreateClassResetClassAdapter - Creating brand-new static initializer in class org/apache/hadoop/hdfs/server/protocol/StorageBlockReport
2024-11-12 13:42:55,743 INFO  EvoClassLoader - Keeping class: org.apache.hadoop.hdfs.server.protocol.StorageBlockReport
2024-11-12 13:42:55,743 INFO  EvoClassLoader - Seeing class for first time: org.apache.hadoop.hdfs.server.protocol.BlockReportContext
2024-11-12 13:42:55,743 INFO  EvoClassLoader - Instrumenting class 'org.apache.hadoop.hdfs.server.protocol.BlockReportContext'.
2024-11-12 13:42:55,743 INFO  MethodCallReplacementClassAdapter - Adding mock interface to class org/apache/hadoop/hdfs/server/protocol/BlockReportContext
2024-11-12 13:42:55,743 INFO  CreateClassResetClassAdapter - Creating brand-new static initializer in class org/apache/hadoop/hdfs/server/protocol/BlockReportContext
2024-11-12 13:42:55,743 INFO  EvoClassLoader - Keeping class: org.apache.hadoop.hdfs.server.protocol.BlockReportContext
2024-11-12 13:42:55,743 INFO  EvoClassLoader - Seeing class for first time: org.apache.hadoop.hdfs.server.protocol.StorageReceivedDeletedBlocks
2024-11-12 13:42:55,743 INFO  EvoClassLoader - Instrumenting class 'org.apache.hadoop.hdfs.server.protocol.StorageReceivedDeletedBlocks'.
2024-11-12 13:42:55,744 INFO  MethodCallReplacementClassAdapter - Adding mock interface to class org/apache/hadoop/hdfs/server/protocol/StorageReceivedDeletedBlocks
2024-11-12 13:42:55,744 INFO  CreateClassResetClassAdapter - Creating brand-new static initializer in class org/apache/hadoop/hdfs/server/protocol/StorageReceivedDeletedBlocks
2024-11-12 13:42:55,744 INFO  EvoClassLoader - Keeping class: org.apache.hadoop.hdfs.server.protocol.StorageReceivedDeletedBlocks
2024-11-12 13:42:55,744 INFO  EvoClassLoader - Seeing class for first time: org.apache.hadoop.ipc.RetryCache$CacheEntryWithPayload
2024-11-12 13:42:55,744 INFO  EvoClassLoader - Instrumenting class 'org.apache.hadoop.ipc.RetryCache$CacheEntryWithPayload'.
2024-11-12 13:42:55,744 INFO  MethodCallReplacementClassAdapter - Adding mock interface to class org/apache/hadoop/ipc/RetryCache$CacheEntryWithPayload
2024-11-12 13:42:55,744 INFO  CreateClassResetClassAdapter - Creating brand-new static initializer in class org/apache/hadoop/ipc/RetryCache$CacheEntryWithPayload
2024-11-12 13:42:55,744 INFO  EvoClassLoader - Keeping class: org.apache.hadoop.ipc.RetryCache$CacheEntryWithPayload
2024-11-12 13:42:55,744 INFO  EvoClassLoader - Seeing class for first time: org.apache.hadoop.hdfs.server.blockmanagement.BlockManager
2024-11-12 13:42:55,744 INFO  EvoClassLoader - Instrumenting class 'org.apache.hadoop.hdfs.server.blockmanagement.BlockManager'.
2024-11-12 13:42:55,746 INFO  MethodCallReplacementClassAdapter - Adding mock interface to class org/apache/hadoop/hdfs/server/blockmanagement/BlockManager
2024-11-12 13:42:55,753 INFO  CreateClassResetClassAdapter - Found static initializer in class org/apache/hadoop/hdfs/server/blockmanagement/BlockManager
2024-11-12 13:42:55,756 INFO  EvoClassLoader - Seeing class for first time: org.apache.hadoop.hdfs.server.blockmanagement.BlockStatsMXBean
2024-11-12 13:42:55,756 INFO  EvoClassLoader - Instrumenting class 'org.apache.hadoop.hdfs.server.blockmanagement.BlockStatsMXBean'.
2024-11-12 13:42:55,757 INFO  EvoClassLoader - Keeping class: org.apache.hadoop.hdfs.server.blockmanagement.BlockStatsMXBean
2024-11-12 13:42:55,757 INFO  EvoClassLoader - Keeping class: org.apache.hadoop.hdfs.server.blockmanagement.BlockManager
2024-11-12 13:42:55,757 INFO  EvoClassLoader - Seeing class for first time: org.apache.hadoop.hdfs.server.namenode.FSEditLog
2024-11-12 13:42:55,757 INFO  EvoClassLoader - Instrumenting class 'org.apache.hadoop.hdfs.server.namenode.FSEditLog'.
2024-11-12 13:42:55,758 INFO  MethodCallReplacementClassAdapter - Adding mock interface to class org/apache/hadoop/hdfs/server/namenode/FSEditLog
2024-11-12 13:42:55,764 INFO  CreateClassResetClassAdapter - Found static initializer in class org/apache/hadoop/hdfs/server/namenode/FSEditLog
2024-11-12 13:42:55,765 INFO  EvoClassLoader - Seeing class for first time: org.apache.hadoop.hdfs.server.namenode.LogsPurgeable
2024-11-12 13:42:55,765 INFO  EvoClassLoader - Instrumenting class 'org.apache.hadoop.hdfs.server.namenode.LogsPurgeable'.
2024-11-12 13:42:55,766 INFO  EvoClassLoader - Keeping class: org.apache.hadoop.hdfs.server.namenode.LogsPurgeable
2024-11-12 13:42:55,766 INFO  EvoClassLoader - Keeping class: org.apache.hadoop.hdfs.server.namenode.FSEditLog
2024-11-12 13:42:55,766 INFO  EvoClassLoader - Seeing class for first time: org.apache.hadoop.io.EnumSetWritable
2024-11-12 13:42:55,766 INFO  EvoClassLoader - Instrumenting class 'org.apache.hadoop.io.EnumSetWritable'.
2024-11-12 13:42:55,766 INFO  MethodCallReplacementClassAdapter - Adding mock interface to class org/apache/hadoop/io/EnumSetWritable
2024-11-12 13:42:55,767 INFO  CreateClassResetClassAdapter - Found static initializer in class org/apache/hadoop/io/EnumSetWritable
2024-11-12 13:42:55,768 INFO  EvoClassLoader - Keeping class: org.apache.hadoop.io.EnumSetWritable
2024-11-12 13:42:55,768 INFO  EvoClassLoader - Seeing class for first time: org.apache.hadoop.hdfs.protocol.LastBlockWithStatus
2024-11-12 13:42:55,768 INFO  EvoClassLoader - Instrumenting class 'org.apache.hadoop.hdfs.protocol.LastBlockWithStatus'.
2024-11-12 13:42:55,768 INFO  MethodCallReplacementClassAdapter - Adding mock interface to class org/apache/hadoop/hdfs/protocol/LastBlockWithStatus
2024-11-12 13:42:55,768 INFO  CreateClassResetClassAdapter - Creating brand-new static initializer in class org/apache/hadoop/hdfs/protocol/LastBlockWithStatus
2024-11-12 13:42:55,768 INFO  EvoClassLoader - Keeping class: org.apache.hadoop.hdfs.protocol.LastBlockWithStatus
2024-11-12 13:42:55,768 INFO  EvoClassLoader - Seeing class for first time: org.apache.hadoop.crypto.CryptoProtocolVersion
2024-11-12 13:42:55,768 INFO  EvoClassLoader - Instrumenting class 'org.apache.hadoop.crypto.CryptoProtocolVersion'.
2024-11-12 13:42:55,768 INFO  MethodCallReplacementClassAdapter - Adding mock interface to class org/apache/hadoop/crypto/CryptoProtocolVersion
2024-11-12 13:42:55,768 INFO  CreateClassResetClassAdapter - Found static initializer in class org/apache/hadoop/crypto/CryptoProtocolVersion
2024-11-12 13:42:55,768 INFO  EvoClassLoader - Defined package (3): package org.apache.hadoop.crypto, -1673217324
2024-11-12 13:42:55,768 INFO  EvoClassLoader - Keeping class: org.apache.hadoop.crypto.CryptoProtocolVersion
2024-11-12 13:42:55,768 INFO  EvoClassLoader - Seeing class for first time: org.apache.hadoop.io.TestWritable$SimpleWritable
2024-11-12 13:42:55,768 INFO  EvoClassLoader - Instrumenting class 'org.apache.hadoop.io.TestWritable$SimpleWritable'.
2024-11-12 13:42:55,769 INFO  MethodCallReplacementClassAdapter - Adding mock interface to class org/apache/hadoop/io/TestWritable$SimpleWritable
2024-11-12 13:42:55,769 INFO  CreateClassResetClassAdapter - Found static initializer in class org/apache/hadoop/io/TestWritable$SimpleWritable
2024-11-12 13:42:55,769 INFO  EvoClassLoader - Keeping class: org.apache.hadoop.io.TestWritable$SimpleWritable
2024-11-12 13:42:55,769 INFO  EvoClassLoader - Seeing class for first time: org.apache.hadoop.io.TestWritable
2024-11-12 13:42:55,769 INFO  EvoClassLoader - Instrumenting class 'org.apache.hadoop.io.TestWritable'.
2024-11-12 13:42:55,769 INFO  MethodCallReplacementClassAdapter - Adding mock interface to class org/apache/hadoop/io/TestWritable
2024-11-12 13:42:55,769 INFO  CreateClassResetClassAdapter - Found static initializer in class org/apache/hadoop/io/TestWritable
2024-11-12 13:42:55,770 INFO  EvoClassLoader - Keeping class: org.apache.hadoop.io.TestWritable
2024-11-12 13:42:55,770 INFO  EvoClassLoader - Seeing class for first time: org.apache.hadoop.io.TestWritable$Frob
2024-11-12 13:42:55,770 INFO  EvoClassLoader - Instrumenting class 'org.apache.hadoop.io.TestWritable$Frob'.
2024-11-12 13:42:55,770 INFO  MethodCallReplacementClassAdapter - Adding mock interface to class org/apache/hadoop/io/TestWritable$Frob
2024-11-12 13:42:55,770 INFO  CreateClassResetClassAdapter - Found static initializer in class org/apache/hadoop/io/TestWritable$Frob
2024-11-12 13:42:55,770 INFO  EvoClassLoader - Keeping class: org.apache.hadoop.io.TestWritable$Frob
2024-11-12 13:42:55,770 INFO  EvoClassLoader - Seeing class for first time: org.apache.hadoop.io.TestWritable$FrobComparator
2024-11-12 13:42:55,770 INFO  EvoClassLoader - Instrumenting class 'org.apache.hadoop.io.TestWritable$FrobComparator'.
2024-11-12 13:42:55,770 INFO  MethodCallReplacementClassAdapter - Adding mock interface to class org/apache/hadoop/io/TestWritable$FrobComparator
2024-11-12 13:42:55,770 INFO  CreateClassResetClassAdapter - Creating brand-new static initializer in class org/apache/hadoop/io/TestWritable$FrobComparator
2024-11-12 13:42:55,770 INFO  EvoClassLoader - Keeping class: org.apache.hadoop.io.TestWritable$FrobComparator
2024-11-12 13:42:55,770 INFO  EvoClassLoader - Seeing class for first time: org.apache.hadoop.io.TestWritable$SimpleWritableComparable
2024-11-12 13:42:55,770 INFO  EvoClassLoader - Instrumenting class 'org.apache.hadoop.io.TestWritable$SimpleWritableComparable'.
2024-11-12 13:42:55,770 INFO  MethodCallReplacementClassAdapter - Adding mock interface to class org/apache/hadoop/io/TestWritable$SimpleWritableComparable
2024-11-12 13:42:55,771 INFO  CreateClassResetClassAdapter - Creating brand-new static initializer in class org/apache/hadoop/io/TestWritable$SimpleWritableComparable
2024-11-12 13:42:55,771 INFO  EvoClassLoader - Keeping class: org.apache.hadoop.io.TestWritable$SimpleWritableComparable
2024-11-12 13:42:55,771 INFO  EvoClassLoader - Seeing class for first time: org.apache.hadoop.hdfs.DistributedFileSystem
2024-11-12 13:42:55,771 INFO  EvoClassLoader - Instrumenting class 'org.apache.hadoop.hdfs.DistributedFileSystem'.
2024-11-12 13:42:55,772 INFO  MethodCallReplacementClassAdapter - Adding mock interface to class org/apache/hadoop/hdfs/DistributedFileSystem
2024-11-12 13:42:55,776 INFO  CreateClassResetClassAdapter - Found static initializer in class org/apache/hadoop/hdfs/DistributedFileSystem
2024-11-12 13:42:55,778 INFO  EvoClassLoader - Seeing class for first time: org.apache.hadoop.crypto.key.KeyProviderTokenIssuer
2024-11-12 13:42:55,778 INFO  EvoClassLoader - Instrumenting class 'org.apache.hadoop.crypto.key.KeyProviderTokenIssuer'.
2024-11-12 13:42:55,778 INFO  EvoClassLoader - Keeping class: org.apache.hadoop.crypto.key.KeyProviderTokenIssuer
2024-11-12 13:42:55,778 INFO  EvoClassLoader - Seeing class for first time: org.apache.hadoop.fs.BatchListingOperations
2024-11-12 13:42:55,778 INFO  EvoClassLoader - Instrumenting class 'org.apache.hadoop.fs.BatchListingOperations'.
2024-11-12 13:42:55,778 INFO  EvoClassLoader - Keeping class: org.apache.hadoop.fs.BatchListingOperations
2024-11-12 13:42:55,778 INFO  EvoClassLoader - Seeing class for first time: org.apache.hadoop.fs.LeaseRecoverable
2024-11-12 13:42:55,778 INFO  EvoClassLoader - Instrumenting class 'org.apache.hadoop.fs.LeaseRecoverable'.
2024-11-12 13:42:55,778 INFO  EvoClassLoader - Keeping class: org.apache.hadoop.fs.LeaseRecoverable
2024-11-12 13:42:55,778 INFO  EvoClassLoader - Seeing class for first time: org.apache.hadoop.fs.SafeMode
2024-11-12 13:42:55,778 INFO  EvoClassLoader - Instrumenting class 'org.apache.hadoop.fs.SafeMode'.
2024-11-12 13:42:55,778 INFO  EvoClassLoader - Keeping class: org.apache.hadoop.fs.SafeMode
2024-11-12 13:42:55,779 INFO  EvoClassLoader - Keeping class: org.apache.hadoop.hdfs.DistributedFileSystem
2024-11-12 13:42:55,779 INFO  EvoClassLoader - Seeing class for first time: org.apache.hadoop.hdfs.DistributedFileSystem$HdfsDataOutputStreamBuilder
2024-11-12 13:42:55,779 INFO  EvoClassLoader - Instrumenting class 'org.apache.hadoop.hdfs.DistributedFileSystem$HdfsDataOutputStreamBuilder'.
2024-11-12 13:42:55,779 INFO  MethodCallReplacementClassAdapter - Adding mock interface to class org/apache/hadoop/hdfs/DistributedFileSystem$HdfsDataOutputStreamBuilder
2024-11-12 13:42:55,779 INFO  CreateClassResetClassAdapter - Creating brand-new static initializer in class org/apache/hadoop/hdfs/DistributedFileSystem$HdfsDataOutputStreamBuilder
2024-11-12 13:42:55,780 INFO  EvoClassLoader - Keeping class: org.apache.hadoop.hdfs.DistributedFileSystem$HdfsDataOutputStreamBuilder
2024-11-12 13:42:55,780 INFO  EvoClassLoader - Seeing class for first time: org.apache.hadoop.hdfs.client.HdfsDataOutputStream
2024-11-12 13:42:55,780 INFO  EvoClassLoader - Instrumenting class 'org.apache.hadoop.hdfs.client.HdfsDataOutputStream'.
2024-11-12 13:42:55,780 INFO  MethodCallReplacementClassAdapter - Adding mock interface to class org/apache/hadoop/hdfs/client/HdfsDataOutputStream
2024-11-12 13:42:55,780 INFO  CreateClassResetClassAdapter - Creating brand-new static initializer in class org/apache/hadoop/hdfs/client/HdfsDataOutputStream
2024-11-12 13:42:55,780 INFO  EvoClassLoader - Defined package (3): package org.apache.hadoop.hdfs.client, 2065323101
2024-11-12 13:42:55,780 INFO  EvoClassLoader - Keeping class: org.apache.hadoop.hdfs.client.HdfsDataOutputStream
2024-11-12 13:42:55,781 INFO  EvoClassLoader - Seeing class for first time: org.apache.hadoop.hdfs.client.HdfsDataInputStream
2024-11-12 13:42:55,781 INFO  EvoClassLoader - Instrumenting class 'org.apache.hadoop.hdfs.client.HdfsDataInputStream'.
2024-11-12 13:42:55,781 INFO  MethodCallReplacementClassAdapter - Adding mock interface to class org/apache/hadoop/hdfs/client/HdfsDataInputStream
2024-11-12 13:42:55,782 INFO  CreateClassResetClassAdapter - Creating brand-new static initializer in class org/apache/hadoop/hdfs/client/HdfsDataInputStream
2024-11-12 13:42:55,782 INFO  EvoClassLoader - Keeping class: org.apache.hadoop.hdfs.client.HdfsDataInputStream
2024-11-12 13:42:55,782 INFO  EvoClassLoader - Seeing class for first time: org.apache.hadoop.hdfs.DFSOpsCountStatistics
2024-11-12 13:42:55,782 INFO  EvoClassLoader - Instrumenting class 'org.apache.hadoop.hdfs.DFSOpsCountStatistics'.
2024-11-12 13:42:55,782 INFO  MethodCallReplacementClassAdapter - Adding mock interface to class org/apache/hadoop/hdfs/DFSOpsCountStatistics
2024-11-12 13:42:55,782 INFO  CreateClassResetClassAdapter - Creating brand-new static initializer in class org/apache/hadoop/hdfs/DFSOpsCountStatistics
2024-11-12 13:42:55,782 INFO  CreateClassResetClassAdapter - Adding bytecode for initializing field NAME
2024-11-12 13:42:55,783 INFO  EvoClassLoader - Keeping class: org.apache.hadoop.hdfs.DFSOpsCountStatistics
2024-11-12 13:42:55,783 INFO  EvoClassLoader - Seeing class for first time: org.apache.hadoop.fs.SafeModeAction
2024-11-12 13:42:55,783 INFO  EvoClassLoader - Instrumenting class 'org.apache.hadoop.fs.SafeModeAction'.
2024-11-12 13:42:55,783 INFO  MethodCallReplacementClassAdapter - Adding mock interface to class org/apache/hadoop/fs/SafeModeAction
2024-11-12 13:42:55,783 INFO  CreateClassResetClassAdapter - Found static initializer in class org/apache/hadoop/fs/SafeModeAction
2024-11-12 13:42:55,783 INFO  EvoClassLoader - Keeping class: org.apache.hadoop.fs.SafeModeAction
2024-11-12 13:42:55,783 INFO  EvoClassLoader - Seeing class for first time: org.apache.hadoop.hdfs.protocol.HdfsPathHandle
2024-11-12 13:42:55,783 INFO  EvoClassLoader - Instrumenting class 'org.apache.hadoop.hdfs.protocol.HdfsPathHandle'.
2024-11-12 13:42:55,783 INFO  MethodCallReplacementClassAdapter - Adding mock interface to class org/apache/hadoop/hdfs/protocol/HdfsPathHandle
2024-11-12 13:42:55,784 INFO  CreateClassResetClassAdapter - Creating brand-new static initializer in class org/apache/hadoop/hdfs/protocol/HdfsPathHandle
2024-11-12 13:42:55,784 INFO  EvoClassLoader - Keeping class: org.apache.hadoop.hdfs.protocol.HdfsPathHandle
2024-11-12 13:42:55,784 INFO  EvoClassLoader - Seeing class for first time: org.apache.hadoop.hdfs.DFSHedgedReadMetrics
2024-11-12 13:42:55,784 INFO  EvoClassLoader - Instrumenting class 'org.apache.hadoop.hdfs.DFSHedgedReadMetrics'.
2024-11-12 13:42:55,784 INFO  MethodCallReplacementClassAdapter - Adding mock interface to class org/apache/hadoop/hdfs/DFSHedgedReadMetrics
2024-11-12 13:42:55,784 INFO  CreateClassResetClassAdapter - Creating brand-new static initializer in class org/apache/hadoop/hdfs/DFSHedgedReadMetrics
2024-11-12 13:42:55,784 INFO  EvoClassLoader - Keeping class: org.apache.hadoop.hdfs.DFSHedgedReadMetrics
2024-11-12 13:42:55,784 INFO  EvoClassLoader - Seeing class for first time: org.apache.hadoop.hdfs.DFSOutputStream
2024-11-12 13:42:55,784 INFO  EvoClassLoader - Instrumenting class 'org.apache.hadoop.hdfs.DFSOutputStream'.
2024-11-12 13:42:55,785 INFO  MethodCallReplacementClassAdapter - Adding mock interface to class org/apache/hadoop/hdfs/DFSOutputStream
2024-11-12 13:42:55,788 INFO  CreateClassResetClassAdapter - Found static initializer in class org/apache/hadoop/hdfs/DFSOutputStream
2024-11-12 13:42:55,789 INFO  EvoClassLoader - Keeping class: org.apache.hadoop.hdfs.DFSOutputStream
2024-11-12 13:42:55,789 INFO  EvoClassLoader - Seeing class for first time: org.apache.hadoop.hdfs.DFSClient
2024-11-12 13:42:55,789 INFO  EvoClassLoader - Instrumenting class 'org.apache.hadoop.hdfs.DFSClient'.
2024-11-12 13:42:55,790 INFO  MethodCallReplacementClassAdapter - Adding mock interface to class org/apache/hadoop/hdfs/DFSClient
2024-11-12 13:42:55,796 INFO  CreateClassResetClassAdapter - Found static initializer in class org/apache/hadoop/hdfs/DFSClient
2024-11-12 13:42:55,797 INFO  EvoClassLoader - Seeing class for first time: org.apache.hadoop.hdfs.RemotePeerFactory
2024-11-12 13:42:55,797 INFO  EvoClassLoader - Instrumenting class 'org.apache.hadoop.hdfs.RemotePeerFactory'.
2024-11-12 13:42:55,798 INFO  EvoClassLoader - Keeping class: org.apache.hadoop.hdfs.RemotePeerFactory
2024-11-12 13:42:55,798 INFO  EvoClassLoader - Seeing class for first time: org.apache.hadoop.hdfs.protocol.datatransfer.sasl.DataEncryptionKeyFactory
2024-11-12 13:42:55,798 INFO  EvoClassLoader - Instrumenting class 'org.apache.hadoop.hdfs.protocol.datatransfer.sasl.DataEncryptionKeyFactory'.
2024-11-12 13:42:55,798 INFO  EvoClassLoader - Defined package (3): package org.apache.hadoop.hdfs.protocol.datatransfer.sasl, 575598492
2024-11-12 13:42:55,798 INFO  EvoClassLoader - Keeping class: org.apache.hadoop.hdfs.protocol.datatransfer.sasl.DataEncryptionKeyFactory
2024-11-12 13:42:55,798 INFO  EvoClassLoader - Keeping class: org.apache.hadoop.hdfs.DFSClient
2024-11-12 13:42:55,798 INFO  EvoClassLoader - Seeing class for first time: org.apache.hadoop.fs.FileEncryptionInfo
2024-11-12 13:42:55,798 INFO  EvoClassLoader - Instrumenting class 'org.apache.hadoop.fs.FileEncryptionInfo'.
2024-11-12 13:42:55,798 INFO  MethodCallReplacementClassAdapter - Adding mock interface to class org/apache/hadoop/fs/FileEncryptionInfo
2024-11-12 13:42:55,799 INFO  CreateClassResetClassAdapter - Creating brand-new static initializer in class org/apache/hadoop/fs/FileEncryptionInfo
2024-11-12 13:42:55,799 INFO  EvoClassLoader - Keeping class: org.apache.hadoop.fs.FileEncryptionInfo
2024-11-12 13:42:55,799 INFO  EvoClassLoader - Seeing class for first time: org.apache.hadoop.hdfs.DFSInotifyEventInputStream
2024-11-12 13:42:55,799 INFO  EvoClassLoader - Instrumenting class 'org.apache.hadoop.hdfs.DFSInotifyEventInputStream'.
2024-11-12 13:42:55,799 INFO  MethodCallReplacementClassAdapter - Adding mock interface to class org/apache/hadoop/hdfs/DFSInotifyEventInputStream
2024-11-12 13:42:55,799 INFO  CreateClassResetClassAdapter - Found static initializer in class org/apache/hadoop/hdfs/DFSInotifyEventInputStream
2024-11-12 13:42:55,800 INFO  EvoClassLoader - Keeping class: org.apache.hadoop.hdfs.DFSInotifyEventInputStream
2024-11-12 13:42:55,800 INFO  EvoClassLoader - Seeing class for first time: org.apache.hadoop.hdfs.DistributedFileSystem$PartialListingIterator
2024-11-12 13:42:55,800 INFO  EvoClassLoader - Instrumenting class 'org.apache.hadoop.hdfs.DistributedFileSystem$PartialListingIterator'.
2024-11-12 13:42:55,800 INFO  MethodCallReplacementClassAdapter - Adding mock interface to class org/apache/hadoop/hdfs/DistributedFileSystem$PartialListingIterator
2024-11-12 13:42:55,800 INFO  CreateClassResetClassAdapter - Creating brand-new static initializer in class org/apache/hadoop/hdfs/DistributedFileSystem$PartialListingIterator
2024-11-12 13:42:55,800 INFO  EvoClassLoader - Keeping class: org.apache.hadoop.hdfs.DistributedFileSystem$PartialListingIterator
2024-11-12 13:42:55,801 INFO  EvoClassLoader - Seeing class for first time: org.apache.hadoop.hdfs.ViewDistributedFileSystem
2024-11-12 13:42:55,801 INFO  EvoClassLoader - Instrumenting class 'org.apache.hadoop.hdfs.ViewDistributedFileSystem'.
2024-11-12 13:42:55,801 INFO  MethodCallReplacementClassAdapter - Adding mock interface to class org/apache/hadoop/hdfs/ViewDistributedFileSystem
2024-11-12 13:42:55,802 INFO  CreateClassResetClassAdapter - Found static initializer in class org/apache/hadoop/hdfs/ViewDistributedFileSystem
2024-11-12 13:42:55,804 INFO  EvoClassLoader - Keeping class: org.apache.hadoop.hdfs.ViewDistributedFileSystem
2024-11-12 13:42:55,806 INFO  EvoClassLoader - Seeing class for first time: org.apache.hadoop.fs.viewfs.ViewFileSystemOverloadScheme
2024-11-12 13:42:55,806 INFO  EvoClassLoader - Instrumenting class 'org.apache.hadoop.fs.viewfs.ViewFileSystemOverloadScheme'.
2024-11-12 13:42:55,807 INFO  MethodCallReplacementClassAdapter - Adding mock interface to class org/apache/hadoop/fs/viewfs/ViewFileSystemOverloadScheme
2024-11-12 13:42:55,807 INFO  CreateClassResetClassAdapter - Creating brand-new static initializer in class org/apache/hadoop/fs/viewfs/ViewFileSystemOverloadScheme
2024-11-12 13:42:55,807 INFO  EvoClassLoader - Defined package (3): package org.apache.hadoop.fs.viewfs, -788278400
2024-11-12 13:42:55,808 INFO  EvoClassLoader - Seeing class for first time: org.apache.hadoop.fs.viewfs.ViewFileSystem
2024-11-12 13:42:55,808 INFO  EvoClassLoader - Instrumenting class 'org.apache.hadoop.fs.viewfs.ViewFileSystem'.
2024-11-12 13:42:55,808 INFO  MethodCallReplacementClassAdapter - Adding mock interface to class org/apache/hadoop/fs/viewfs/ViewFileSystem
2024-11-12 13:42:55,813 INFO  CreateClassResetClassAdapter - Found static initializer in class org/apache/hadoop/fs/viewfs/ViewFileSystem
2024-11-12 13:42:55,814 INFO  EvoClassLoader - Keeping class: org.apache.hadoop.fs.viewfs.ViewFileSystem
2024-11-12 13:42:55,814 INFO  EvoClassLoader - Keeping class: org.apache.hadoop.fs.viewfs.ViewFileSystemOverloadScheme
2024-11-12 13:42:55,814 INFO  EvoClassLoader - Seeing class for first time: org.apache.hadoop.fs.viewfs.ViewFileSystem$MountPoint
2024-11-12 13:42:55,814 INFO  EvoClassLoader - Instrumenting class 'org.apache.hadoop.fs.viewfs.ViewFileSystem$MountPoint'.
2024-11-12 13:42:55,814 INFO  MethodCallReplacementClassAdapter - Adding mock interface to class org/apache/hadoop/fs/viewfs/ViewFileSystem$MountPoint
2024-11-12 13:42:55,814 INFO  CreateClassResetClassAdapter - Creating brand-new static initializer in class org/apache/hadoop/fs/viewfs/ViewFileSystem$MountPoint
2024-11-12 13:42:55,814 INFO  EvoClassLoader - Keeping class: org.apache.hadoop.fs.viewfs.ViewFileSystem$MountPoint
2024-11-12 13:42:55,814 INFO  EvoClassLoader - Seeing class for first time: org.apache.hadoop.thirdparty.protobuf.Empty$1
2024-11-12 13:42:55,814 INFO  EvoClassLoader - Instrumenting class 'org.apache.hadoop.thirdparty.protobuf.Empty$1'.
2024-11-12 13:42:55,815 INFO  MethodCallReplacementClassAdapter - Adding mock interface to class org/apache/hadoop/thirdparty/protobuf/Empty$1
2024-11-12 13:42:55,815 INFO  EvoClassLoader - Keeping class: org.apache.hadoop.thirdparty.protobuf.Empty$1
2024-11-12 13:42:55,815 INFO  EvoClassLoader - Seeing class for first time: org.apache.hadoop.thirdparty.protobuf.Empty
2024-11-12 13:42:55,815 INFO  EvoClassLoader - Instrumenting class 'org.apache.hadoop.thirdparty.protobuf.Empty'.
2024-11-12 13:42:55,815 INFO  MethodCallReplacementClassAdapter - Adding mock interface to class org/apache/hadoop/thirdparty/protobuf/Empty
2024-11-12 13:42:55,816 INFO  CreateClassResetClassAdapter - Found static initializer in class org/apache/hadoop/thirdparty/protobuf/Empty
2024-11-12 13:42:55,816 INFO  EvoClassLoader - Seeing class for first time: org.apache.hadoop.thirdparty.protobuf.EmptyOrBuilder
2024-11-12 13:42:55,816 INFO  EvoClassLoader - Instrumenting class 'org.apache.hadoop.thirdparty.protobuf.EmptyOrBuilder'.
2024-11-12 13:42:55,816 INFO  EvoClassLoader - Keeping class: org.apache.hadoop.thirdparty.protobuf.EmptyOrBuilder
2024-11-12 13:42:55,816 INFO  EvoClassLoader - Keeping class: org.apache.hadoop.thirdparty.protobuf.Empty
2024-11-12 13:42:55,816 INFO  EvoClassLoader - Seeing class for first time: org.apache.hadoop.thirdparty.protobuf.Empty$Builder
2024-11-12 13:42:55,816 INFO  EvoClassLoader - Instrumenting class 'org.apache.hadoop.thirdparty.protobuf.Empty$Builder'.
2024-11-12 13:42:55,817 INFO  MethodCallReplacementClassAdapter - Adding mock interface to class org/apache/hadoop/thirdparty/protobuf/Empty$Builder
2024-11-12 13:42:55,817 INFO  CreateClassResetClassAdapter - Creating brand-new static initializer in class org/apache/hadoop/thirdparty/protobuf/Empty$Builder
2024-11-12 13:42:55,818 INFO  EvoClassLoader - Keeping class: org.apache.hadoop.thirdparty.protobuf.Empty$Builder
2024-11-12 13:42:55,818 INFO  EvoClassLoader - Seeing class for first time: org.apache.hadoop.fs.HarFileSystem
2024-11-12 13:42:55,818 INFO  EvoClassLoader - Instrumenting class 'org.apache.hadoop.fs.HarFileSystem'.
2024-11-12 13:42:55,818 INFO  MethodCallReplacementClassAdapter - Adding mock interface to class org/apache/hadoop/fs/HarFileSystem
2024-11-12 13:42:55,819 INFO  CreateClassResetClassAdapter - Found static initializer in class org/apache/hadoop/fs/HarFileSystem
2024-11-12 13:42:55,820 INFO  EvoClassLoader - Keeping class: org.apache.hadoop.fs.HarFileSystem
2024-11-12 13:42:55,820 INFO  EvoClassLoader - Seeing class for first time: org.apache.hadoop.fs.HarFileSystem$HarFSDataInputStream
2024-11-12 13:42:55,820 INFO  EvoClassLoader - Instrumenting class 'org.apache.hadoop.fs.HarFileSystem$HarFSDataInputStream'.
2024-11-12 13:42:55,820 INFO  MethodCallReplacementClassAdapter - Adding mock interface to class org/apache/hadoop/fs/HarFileSystem$HarFSDataInputStream
2024-11-12 13:42:55,821 INFO  CreateClassResetClassAdapter - Creating brand-new static initializer in class org/apache/hadoop/fs/HarFileSystem$HarFSDataInputStream
2024-11-12 13:42:55,821 INFO  EvoClassLoader - Keeping class: org.apache.hadoop.fs.HarFileSystem$HarFSDataInputStream
2024-11-12 13:42:55,821 INFO  EvoClassLoader - Seeing class for first time: org.apache.hadoop.fs.HarFileSystem$HarMetaData
2024-11-12 13:42:55,821 INFO  EvoClassLoader - Instrumenting class 'org.apache.hadoop.fs.HarFileSystem$HarMetaData'.
2024-11-12 13:42:55,821 INFO  MethodCallReplacementClassAdapter - Adding mock interface to class org/apache/hadoop/fs/HarFileSystem$HarMetaData
2024-11-12 13:42:55,822 INFO  CreateClassResetClassAdapter - Creating brand-new static initializer in class org/apache/hadoop/fs/HarFileSystem$HarMetaData
2024-11-12 13:42:55,822 INFO  EvoClassLoader - Keeping class: org.apache.hadoop.fs.HarFileSystem$HarMetaData
2024-11-12 13:42:55,822 INFO  EvoClassLoader - Seeing class for first time: org.apache.hadoop.fs.HarFileSystem$HarStatus
2024-11-12 13:42:55,822 INFO  EvoClassLoader - Instrumenting class 'org.apache.hadoop.fs.HarFileSystem$HarStatus'.
2024-11-12 13:42:55,822 INFO  MethodCallReplacementClassAdapter - Adding mock interface to class org/apache/hadoop/fs/HarFileSystem$HarStatus
2024-11-12 13:42:55,822 INFO  CreateClassResetClassAdapter - Creating brand-new static initializer in class org/apache/hadoop/fs/HarFileSystem$HarStatus
2024-11-12 13:42:55,822 INFO  EvoClassLoader - Keeping class: org.apache.hadoop.fs.HarFileSystem$HarStatus
2024-11-12 13:42:55,823 INFO  EvoClassLoader - Seeing class for first time: org.apache.hadoop.io.ElasticByteBufferPool
2024-11-12 13:42:55,823 INFO  EvoClassLoader - Instrumenting class 'org.apache.hadoop.io.ElasticByteBufferPool'.
2024-11-12 13:42:55,823 INFO  MethodCallReplacementClassAdapter - Adding mock interface to class org/apache/hadoop/io/ElasticByteBufferPool
2024-11-12 13:42:55,823 INFO  CreateClassResetClassAdapter - Creating brand-new static initializer in class org/apache/hadoop/io/ElasticByteBufferPool
2024-11-12 13:42:55,823 INFO  EvoClassLoader - Keeping class: org.apache.hadoop.io.ElasticByteBufferPool
2024-11-12 13:42:55,823 INFO  EvoClassLoader - Seeing class for first time: org.apache.hadoop.io.WeakReferencedElasticByteBufferPool
2024-11-12 13:42:55,823 INFO  EvoClassLoader - Instrumenting class 'org.apache.hadoop.io.WeakReferencedElasticByteBufferPool'.
2024-11-12 13:42:55,823 INFO  MethodCallReplacementClassAdapter - Adding mock interface to class org/apache/hadoop/io/WeakReferencedElasticByteBufferPool
2024-11-12 13:42:55,823 INFO  CreateClassResetClassAdapter - Creating brand-new static initializer in class org/apache/hadoop/io/WeakReferencedElasticByteBufferPool
2024-11-12 13:42:55,824 INFO  EvoClassLoader - Keeping class: org.apache.hadoop.io.WeakReferencedElasticByteBufferPool
2024-11-12 13:42:55,824 INFO  EvoClassLoader - Seeing class for first time: org.apache.hadoop.io.ElasticByteBufferPool$Key
2024-11-12 13:42:55,824 INFO  EvoClassLoader - Instrumenting class 'org.apache.hadoop.io.ElasticByteBufferPool$Key'.
2024-11-12 13:42:55,824 INFO  MethodCallReplacementClassAdapter - Adding mock interface to class org/apache/hadoop/io/ElasticByteBufferPool$Key
2024-11-12 13:42:55,824 INFO  CreateClassResetClassAdapter - Creating brand-new static initializer in class org/apache/hadoop/io/ElasticByteBufferPool$Key
2024-11-12 13:42:55,824 INFO  EvoClassLoader - Keeping class: org.apache.hadoop.io.ElasticByteBufferPool$Key
2024-11-12 13:42:55,824 INFO  EvoClassLoader - Seeing class for first time: org.apache.hadoop.thirdparty.protobuf.ExtensionRegistry$DescriptorIntPair
2024-11-12 13:42:55,824 INFO  EvoClassLoader - Instrumenting class 'org.apache.hadoop.thirdparty.protobuf.ExtensionRegistry$DescriptorIntPair'.
2024-11-12 13:42:55,824 INFO  MethodCallReplacementClassAdapter - Adding mock interface to class org/apache/hadoop/thirdparty/protobuf/ExtensionRegistry$DescriptorIntPair
2024-11-12 13:42:55,824 INFO  CreateClassResetClassAdapter - Creating brand-new static initializer in class org/apache/hadoop/thirdparty/protobuf/ExtensionRegistry$DescriptorIntPair
2024-11-12 13:42:55,824 INFO  EvoClassLoader - Keeping class: org.apache.hadoop.thirdparty.protobuf.ExtensionRegistry$DescriptorIntPair
2024-11-12 13:42:55,824 INFO  EvoClassLoader - Seeing class for first time: org.apache.hadoop.thirdparty.protobuf.Api$1
2024-11-12 13:42:55,824 INFO  EvoClassLoader - Instrumenting class 'org.apache.hadoop.thirdparty.protobuf.Api$1'.
2024-11-12 13:42:55,825 INFO  MethodCallReplacementClassAdapter - Adding mock interface to class org/apache/hadoop/thirdparty/protobuf/Api$1
2024-11-12 13:42:55,825 INFO  EvoClassLoader - Keeping class: org.apache.hadoop.thirdparty.protobuf.Api$1
2024-11-12 13:42:55,825 INFO  EvoClassLoader - Seeing class for first time: org.apache.hadoop.thirdparty.protobuf.Api
2024-11-12 13:42:55,825 INFO  EvoClassLoader - Instrumenting class 'org.apache.hadoop.thirdparty.protobuf.Api'.
2024-11-12 13:42:55,825 INFO  MethodCallReplacementClassAdapter - Adding mock interface to class org/apache/hadoop/thirdparty/protobuf/Api
2024-11-12 13:42:55,825 INFO  CreateClassResetClassAdapter - Found static initializer in class org/apache/hadoop/thirdparty/protobuf/Api
2024-11-12 13:42:55,826 INFO  EvoClassLoader - Seeing class for first time: org.apache.hadoop.thirdparty.protobuf.ApiOrBuilder
2024-11-12 13:42:55,826 INFO  EvoClassLoader - Instrumenting class 'org.apache.hadoop.thirdparty.protobuf.ApiOrBuilder'.
2024-11-12 13:42:55,826 INFO  EvoClassLoader - Keeping class: org.apache.hadoop.thirdparty.protobuf.ApiOrBuilder
2024-11-12 13:42:55,826 INFO  EvoClassLoader - Keeping class: org.apache.hadoop.thirdparty.protobuf.Api
2024-11-12 13:42:55,826 INFO  EvoClassLoader - Seeing class for first time: org.apache.hadoop.thirdparty.protobuf.SourceContextOrBuilder
2024-11-12 13:42:55,826 INFO  EvoClassLoader - Instrumenting class 'org.apache.hadoop.thirdparty.protobuf.SourceContextOrBuilder'.
2024-11-12 13:42:55,826 INFO  EvoClassLoader - Keeping class: org.apache.hadoop.thirdparty.protobuf.SourceContextOrBuilder
2024-11-12 13:42:55,827 INFO  EvoClassLoader - Seeing class for first time: org.apache.hadoop.thirdparty.protobuf.SourceContext
2024-11-12 13:42:55,827 INFO  EvoClassLoader - Instrumenting class 'org.apache.hadoop.thirdparty.protobuf.SourceContext'.
2024-11-12 13:42:55,827 INFO  MethodCallReplacementClassAdapter - Adding mock interface to class org/apache/hadoop/thirdparty/protobuf/SourceContext
2024-11-12 13:42:55,827 INFO  CreateClassResetClassAdapter - Found static initializer in class org/apache/hadoop/thirdparty/protobuf/SourceContext
2024-11-12 13:42:55,827 INFO  EvoClassLoader - Keeping class: org.apache.hadoop.thirdparty.protobuf.SourceContext
2024-11-12 13:42:55,827 INFO  EvoClassLoader - Seeing class for first time: org.apache.hadoop.thirdparty.protobuf.Api$Builder
2024-11-12 13:42:55,827 INFO  EvoClassLoader - Instrumenting class 'org.apache.hadoop.thirdparty.protobuf.Api$Builder'.
2024-11-12 13:42:55,828 INFO  MethodCallReplacementClassAdapter - Adding mock interface to class org/apache/hadoop/thirdparty/protobuf/Api$Builder
2024-11-12 13:42:55,829 INFO  CreateClassResetClassAdapter - Creating brand-new static initializer in class org/apache/hadoop/thirdparty/protobuf/Api$Builder
2024-11-12 13:42:55,830 INFO  EvoClassLoader - Keeping class: org.apache.hadoop.thirdparty.protobuf.Api$Builder
2024-11-12 13:42:55,830 INFO  EvoClassLoader - Seeing class for first time: org.apache.hadoop.thirdparty.protobuf.MethodOrBuilder
2024-11-12 13:42:55,830 INFO  EvoClassLoader - Instrumenting class 'org.apache.hadoop.thirdparty.protobuf.MethodOrBuilder'.
2024-11-12 13:42:55,830 INFO  EvoClassLoader - Keeping class: org.apache.hadoop.thirdparty.protobuf.MethodOrBuilder
2024-11-12 13:42:55,830 INFO  EvoClassLoader - Seeing class for first time: org.apache.hadoop.thirdparty.protobuf.Syntax
2024-11-12 13:42:55,830 INFO  EvoClassLoader - Instrumenting class 'org.apache.hadoop.thirdparty.protobuf.Syntax'.
2024-11-12 13:42:55,830 INFO  MethodCallReplacementClassAdapter - Adding mock interface to class org/apache/hadoop/thirdparty/protobuf/Syntax
2024-11-12 13:42:55,831 INFO  CreateClassResetClassAdapter - Found static initializer in class org/apache/hadoop/thirdparty/protobuf/Syntax
2024-11-12 13:42:55,831 INFO  EvoClassLoader - Keeping class: org.apache.hadoop.thirdparty.protobuf.Syntax
2024-11-12 13:42:55,831 INFO  EvoClassLoader - Seeing class for first time: org.apache.hadoop.thirdparty.protobuf.Mixin
2024-11-12 13:42:55,831 INFO  EvoClassLoader - Instrumenting class 'org.apache.hadoop.thirdparty.protobuf.Mixin'.
2024-11-12 13:42:55,831 INFO  MethodCallReplacementClassAdapter - Adding mock interface to class org/apache/hadoop/thirdparty/protobuf/Mixin
2024-11-12 13:42:55,832 INFO  CreateClassResetClassAdapter - Found static initializer in class org/apache/hadoop/thirdparty/protobuf/Mixin
2024-11-12 13:42:55,832 INFO  EvoClassLoader - Seeing class for first time: org.apache.hadoop.thirdparty.protobuf.MixinOrBuilder
2024-11-12 13:42:55,832 INFO  EvoClassLoader - Instrumenting class 'org.apache.hadoop.thirdparty.protobuf.MixinOrBuilder'.
2024-11-12 13:42:55,832 INFO  EvoClassLoader - Keeping class: org.apache.hadoop.thirdparty.protobuf.MixinOrBuilder
2024-11-12 13:42:55,832 INFO  EvoClassLoader - Keeping class: org.apache.hadoop.thirdparty.protobuf.Mixin
2024-11-12 13:42:55,832 INFO  EvoClassLoader - Seeing class for first time: org.apache.hadoop.thirdparty.protobuf.Method
2024-11-12 13:42:55,832 INFO  EvoClassLoader - Instrumenting class 'org.apache.hadoop.thirdparty.protobuf.Method'.
2024-11-12 13:42:55,833 INFO  MethodCallReplacementClassAdapter - Adding mock interface to class org/apache/hadoop/thirdparty/protobuf/Method
2024-11-12 13:42:55,833 INFO  CreateClassResetClassAdapter - Found static initializer in class org/apache/hadoop/thirdparty/protobuf/Method
2024-11-12 13:42:55,834 INFO  EvoClassLoader - Keeping class: org.apache.hadoop.thirdparty.protobuf.Method
2024-11-12 13:42:55,835 INFO  EvoClassLoader - Seeing class for first time: org.apache.hadoop.thirdparty.protobuf.Method$Builder
2024-11-12 13:42:55,835 INFO  EvoClassLoader - Instrumenting class 'org.apache.hadoop.thirdparty.protobuf.Method$Builder'.
2024-11-12 13:42:55,835 INFO  MethodCallReplacementClassAdapter - Adding mock interface to class org/apache/hadoop/thirdparty/protobuf/Method$Builder
2024-11-12 13:42:55,836 INFO  CreateClassResetClassAdapter - Creating brand-new static initializer in class org/apache/hadoop/thirdparty/protobuf/Method$Builder
2024-11-12 13:42:55,837 INFO  EvoClassLoader - Keeping class: org.apache.hadoop.thirdparty.protobuf.Method$Builder
2024-11-12 13:42:55,837 INFO  EvoClassLoader - Seeing class for first time: org.apache.hadoop.thirdparty.protobuf.SourceContext$Builder
2024-11-12 13:42:55,837 INFO  EvoClassLoader - Instrumenting class 'org.apache.hadoop.thirdparty.protobuf.SourceContext$Builder'.
2024-11-12 13:42:55,837 INFO  MethodCallReplacementClassAdapter - Adding mock interface to class org/apache/hadoop/thirdparty/protobuf/SourceContext$Builder
2024-11-12 13:42:55,838 INFO  CreateClassResetClassAdapter - Creating brand-new static initializer in class org/apache/hadoop/thirdparty/protobuf/SourceContext$Builder
2024-11-12 13:42:55,838 INFO  EvoClassLoader - Keeping class: org.apache.hadoop.thirdparty.protobuf.SourceContext$Builder
2024-11-12 13:42:55,838 INFO  EvoClassLoader - Seeing class for first time: org.apache.hadoop.thirdparty.protobuf.Mixin$Builder
2024-11-12 13:42:55,838 INFO  EvoClassLoader - Instrumenting class 'org.apache.hadoop.thirdparty.protobuf.Mixin$Builder'.
2024-11-12 13:42:55,838 INFO  MethodCallReplacementClassAdapter - Adding mock interface to class org/apache/hadoop/thirdparty/protobuf/Mixin$Builder
2024-11-12 13:42:55,839 INFO  CreateClassResetClassAdapter - Creating brand-new static initializer in class org/apache/hadoop/thirdparty/protobuf/Mixin$Builder
2024-11-12 13:42:55,839 INFO  EvoClassLoader - Keeping class: org.apache.hadoop.thirdparty.protobuf.Mixin$Builder
2024-11-12 13:42:55,839 INFO  EvoClassLoader - Seeing class for first time: org.apache.hadoop.thirdparty.protobuf.DoubleValue$1
2024-11-12 13:42:55,839 INFO  EvoClassLoader - Instrumenting class 'org.apache.hadoop.thirdparty.protobuf.DoubleValue$1'.
2024-11-12 13:42:55,840 INFO  MethodCallReplacementClassAdapter - Adding mock interface to class org/apache/hadoop/thirdparty/protobuf/DoubleValue$1
2024-11-12 13:42:55,840 INFO  EvoClassLoader - Keeping class: org.apache.hadoop.thirdparty.protobuf.DoubleValue$1
2024-11-12 13:42:55,840 INFO  EvoClassLoader - Seeing class for first time: org.apache.hadoop.thirdparty.protobuf.DoubleValue
2024-11-12 13:42:55,840 INFO  EvoClassLoader - Instrumenting class 'org.apache.hadoop.thirdparty.protobuf.DoubleValue'.
2024-11-12 13:42:55,840 INFO  MethodCallReplacementClassAdapter - Adding mock interface to class org/apache/hadoop/thirdparty/protobuf/DoubleValue
2024-11-12 13:42:55,840 INFO  CreateClassResetClassAdapter - Found static initializer in class org/apache/hadoop/thirdparty/protobuf/DoubleValue
2024-11-12 13:42:55,840 INFO  EvoClassLoader - Seeing class for first time: org.apache.hadoop.thirdparty.protobuf.DoubleValueOrBuilder
2024-11-12 13:42:55,840 INFO  EvoClassLoader - Instrumenting class 'org.apache.hadoop.thirdparty.protobuf.DoubleValueOrBuilder'.
2024-11-12 13:42:55,841 INFO  EvoClassLoader - Keeping class: org.apache.hadoop.thirdparty.protobuf.DoubleValueOrBuilder
2024-11-12 13:42:55,841 INFO  EvoClassLoader - Keeping class: org.apache.hadoop.thirdparty.protobuf.DoubleValue
2024-11-12 13:42:55,841 INFO  EvoClassLoader - Seeing class for first time: org.apache.hadoop.thirdparty.protobuf.DoubleValue$Builder
2024-11-12 13:42:55,841 INFO  EvoClassLoader - Instrumenting class 'org.apache.hadoop.thirdparty.protobuf.DoubleValue$Builder'.
2024-11-12 13:42:55,841 INFO  MethodCallReplacementClassAdapter - Adding mock interface to class org/apache/hadoop/thirdparty/protobuf/DoubleValue$Builder
2024-11-12 13:42:55,842 INFO  CreateClassResetClassAdapter - Creating brand-new static initializer in class org/apache/hadoop/thirdparty/protobuf/DoubleValue$Builder
2024-11-12 13:42:55,842 INFO  EvoClassLoader - Keeping class: org.apache.hadoop.thirdparty.protobuf.DoubleValue$Builder
2024-11-12 13:42:55,842 INFO  EvoClassLoader - Seeing class for first time: org.eclipse.jetty.io.MappedByteBufferPool
2024-11-12 13:42:55,842 INFO  EvoClassLoader - Instrumenting class 'org.eclipse.jetty.io.MappedByteBufferPool'.
2024-11-12 13:42:55,842 INFO  MethodCallReplacementClassAdapter - Adding mock interface to class org/eclipse/jetty/io/MappedByteBufferPool
2024-11-12 13:42:55,843 INFO  CreateClassResetClassAdapter - Found static initializer in class org/eclipse/jetty/io/MappedByteBufferPool
2024-11-12 13:42:55,843 INFO  EvoClassLoader - Keeping class: org.eclipse.jetty.io.MappedByteBufferPool
2024-11-12 13:42:55,844 INFO  EvoClassLoader - Seeing class for first time: org.apache.hadoop.fs.InvalidPathHandleException
2024-11-12 13:42:55,844 INFO  EvoClassLoader - Instrumenting class 'org.apache.hadoop.fs.InvalidPathHandleException'.
2024-11-12 13:42:55,844 INFO  MethodCallReplacementClassAdapter - Adding mock interface to class org/apache/hadoop/fs/InvalidPathHandleException
2024-11-12 13:42:55,844 INFO  CreateClassResetClassAdapter - Creating brand-new static initializer in class org/apache/hadoop/fs/InvalidPathHandleException
2024-11-12 13:42:55,844 INFO  EvoClassLoader - Keeping class: org.apache.hadoop.fs.InvalidPathHandleException
2024-11-12 13:42:55,844 INFO  EvoClassLoader - Seeing class for first time: org.apache.hadoop.hdfs.protocol.proto.HdfsProtos$HdfsPathHandleProto$1
2024-11-12 13:42:55,844 INFO  EvoClassLoader - Instrumenting class 'org.apache.hadoop.hdfs.protocol.proto.HdfsProtos$HdfsPathHandleProto$1'.
2024-11-12 13:42:55,844 INFO  MethodCallReplacementClassAdapter - Adding mock interface to class org/apache/hadoop/hdfs/protocol/proto/HdfsProtos$HdfsPathHandleProto$1
2024-11-12 13:42:55,845 INFO  EvoClassLoader - Keeping class: org.apache.hadoop.hdfs.protocol.proto.HdfsProtos$HdfsPathHandleProto$1
2024-11-12 13:42:55,845 INFO  EvoClassLoader - Seeing class for first time: org.apache.hadoop.hdfs.protocol.proto.HdfsProtos$HdfsPathHandleProto
2024-11-12 13:42:55,845 INFO  EvoClassLoader - Instrumenting class 'org.apache.hadoop.hdfs.protocol.proto.HdfsProtos$HdfsPathHandleProto'.
2024-11-12 13:42:55,845 INFO  MethodCallReplacementClassAdapter - Adding mock interface to class org/apache/hadoop/hdfs/protocol/proto/HdfsProtos$HdfsPathHandleProto
2024-11-12 13:42:55,845 INFO  CreateClassResetClassAdapter - Found static initializer in class org/apache/hadoop/hdfs/protocol/proto/HdfsProtos$HdfsPathHandleProto
2024-11-12 13:42:55,845 INFO  EvoClassLoader - Seeing class for first time: org.apache.hadoop.hdfs.protocol.proto.HdfsProtos$HdfsPathHandleProtoOrBuilder
2024-11-12 13:42:55,845 INFO  EvoClassLoader - Instrumenting class 'org.apache.hadoop.hdfs.protocol.proto.HdfsProtos$HdfsPathHandleProtoOrBuilder'.
2024-11-12 13:42:55,846 INFO  EvoClassLoader - Keeping class: org.apache.hadoop.hdfs.protocol.proto.HdfsProtos$HdfsPathHandleProtoOrBuilder
2024-11-12 13:42:55,846 INFO  EvoClassLoader - Keeping class: org.apache.hadoop.hdfs.protocol.proto.HdfsProtos$HdfsPathHandleProto
2024-11-12 13:42:55,846 INFO  EvoClassLoader - Seeing class for first time: org.apache.hadoop.hdfs.protocol.proto.HdfsProtos$RouterFederatedStateProto
2024-11-12 13:42:55,846 INFO  EvoClassLoader - Instrumenting class 'org.apache.hadoop.hdfs.protocol.proto.HdfsProtos$RouterFederatedStateProto'.
2024-11-12 13:42:55,846 INFO  MethodCallReplacementClassAdapter - Adding mock interface to class org/apache/hadoop/hdfs/protocol/proto/HdfsProtos$RouterFederatedStateProto
2024-11-12 13:42:55,847 INFO  CreateClassResetClassAdapter - Found static initializer in class org/apache/hadoop/hdfs/protocol/proto/HdfsProtos$RouterFederatedStateProto
2024-11-12 13:42:55,848 INFO  EvoClassLoader - Seeing class for first time: org.apache.hadoop.hdfs.protocol.proto.HdfsProtos$RouterFederatedStateProtoOrBuilder
2024-11-12 13:42:55,848 INFO  EvoClassLoader - Instrumenting class 'org.apache.hadoop.hdfs.protocol.proto.HdfsProtos$RouterFederatedStateProtoOrBuilder'.
2024-11-12 13:42:55,848 INFO  EvoClassLoader - Keeping class: org.apache.hadoop.hdfs.protocol.proto.HdfsProtos$RouterFederatedStateProtoOrBuilder
2024-11-12 13:42:55,848 INFO  EvoClassLoader - Keeping class: org.apache.hadoop.hdfs.protocol.proto.HdfsProtos$RouterFederatedStateProto
2024-11-12 13:42:55,848 INFO  EvoClassLoader - Seeing class for first time: org.apache.hadoop.hdfs.protocol.proto.HdfsProtos$BlockTokenSecretProto
2024-11-12 13:42:55,848 INFO  EvoClassLoader - Instrumenting class 'org.apache.hadoop.hdfs.protocol.proto.HdfsProtos$BlockTokenSecretProto'.
2024-11-12 13:42:55,849 INFO  MethodCallReplacementClassAdapter - Adding mock interface to class org/apache/hadoop/hdfs/protocol/proto/HdfsProtos$BlockTokenSecretProto
2024-11-12 13:42:55,849 INFO  CreateClassResetClassAdapter - Found static initializer in class org/apache/hadoop/hdfs/protocol/proto/HdfsProtos$BlockTokenSecretProto
2024-11-12 13:42:55,850 INFO  EvoClassLoader - Seeing class for first time: org.apache.hadoop.hdfs.protocol.proto.HdfsProtos$BlockTokenSecretProtoOrBuilder
2024-11-12 13:42:55,850 INFO  EvoClassLoader - Instrumenting class 'org.apache.hadoop.hdfs.protocol.proto.HdfsProtos$BlockTokenSecretProtoOrBuilder'.
2024-11-12 13:42:55,851 INFO  EvoClassLoader - Keeping class: org.apache.hadoop.hdfs.protocol.proto.HdfsProtos$BlockTokenSecretProtoOrBuilder
2024-11-12 13:42:55,851 INFO  EvoClassLoader - Keeping class: org.apache.hadoop.hdfs.protocol.proto.HdfsProtos$BlockTokenSecretProto
2024-11-12 13:42:55,851 INFO  EvoClassLoader - Seeing class for first time: org.apache.hadoop.hdfs.protocol.proto.HdfsProtos$StorageUuidsProto
2024-11-12 13:42:55,851 INFO  EvoClassLoader - Instrumenting class 'org.apache.hadoop.hdfs.protocol.proto.HdfsProtos$StorageUuidsProto'.
2024-11-12 13:42:55,851 INFO  MethodCallReplacementClassAdapter - Adding mock interface to class org/apache/hadoop/hdfs/protocol/proto/HdfsProtos$StorageUuidsProto
2024-11-12 13:42:55,852 INFO  CreateClassResetClassAdapter - Found static initializer in class org/apache/hadoop/hdfs/protocol/proto/HdfsProtos$StorageUuidsProto
2024-11-12 13:42:55,852 INFO  EvoClassLoader - Seeing class for first time: org.apache.hadoop.hdfs.protocol.proto.HdfsProtos$StorageUuidsProtoOrBuilder
2024-11-12 13:42:55,852 INFO  EvoClassLoader - Instrumenting class 'org.apache.hadoop.hdfs.protocol.proto.HdfsProtos$StorageUuidsProtoOrBuilder'.
2024-11-12 13:42:55,852 INFO  EvoClassLoader - Keeping class: org.apache.hadoop.hdfs.protocol.proto.HdfsProtos$StorageUuidsProtoOrBuilder
2024-11-12 13:42:55,853 INFO  EvoClassLoader - Keeping class: org.apache.hadoop.hdfs.protocol.proto.HdfsProtos$StorageUuidsProto
2024-11-12 13:42:55,853 INFO  EvoClassLoader - Seeing class for first time: org.apache.hadoop.hdfs.protocol.proto.HdfsProtos$RollingUpgradeStatusProto
2024-11-12 13:42:55,853 INFO  EvoClassLoader - Instrumenting class 'org.apache.hadoop.hdfs.protocol.proto.HdfsProtos$RollingUpgradeStatusProto'.
2024-11-12 13:42:55,853 INFO  MethodCallReplacementClassAdapter - Adding mock interface to class org/apache/hadoop/hdfs/protocol/proto/HdfsProtos$RollingUpgradeStatusProto
2024-11-12 13:42:55,853 INFO  CreateClassResetClassAdapter - Found static initializer in class org/apache/hadoop/hdfs/protocol/proto/HdfsProtos$RollingUpgradeStatusProto
2024-11-12 13:42:55,854 INFO  EvoClassLoader - Seeing class for first time: org.apache.hadoop.hdfs.protocol.proto.HdfsProtos$RollingUpgradeStatusProtoOrBuilder
2024-11-12 13:42:55,854 INFO  EvoClassLoader - Instrumenting class 'org.apache.hadoop.hdfs.protocol.proto.HdfsProtos$RollingUpgradeStatusProtoOrBuilder'.
2024-11-12 13:42:55,854 INFO  EvoClassLoader - Keeping class: org.apache.hadoop.hdfs.protocol.proto.HdfsProtos$RollingUpgradeStatusProtoOrBuilder
2024-11-12 13:42:55,854 INFO  EvoClassLoader - Keeping class: org.apache.hadoop.hdfs.protocol.proto.HdfsProtos$RollingUpgradeStatusProto
2024-11-12 13:42:55,854 INFO  EvoClassLoader - Seeing class for first time: org.apache.hadoop.hdfs.protocol.proto.HdfsProtos$SnapshotInfoProto
2024-11-12 13:42:55,854 INFO  EvoClassLoader - Instrumenting class 'org.apache.hadoop.hdfs.protocol.proto.HdfsProtos$SnapshotInfoProto'.
2024-11-12 13:42:55,854 INFO  MethodCallReplacementClassAdapter - Adding mock interface to class org/apache/hadoop/hdfs/protocol/proto/HdfsProtos$SnapshotInfoProto
2024-11-12 13:42:55,855 INFO  CreateClassResetClassAdapter - Found static initializer in class org/apache/hadoop/hdfs/protocol/proto/HdfsProtos$SnapshotInfoProto
2024-11-12 13:42:55,855 INFO  EvoClassLoader - Seeing class for first time: org.apache.hadoop.hdfs.protocol.proto.HdfsProtos$SnapshotInfoProtoOrBuilder
2024-11-12 13:42:55,855 INFO  EvoClassLoader - Instrumenting class 'org.apache.hadoop.hdfs.protocol.proto.HdfsProtos$SnapshotInfoProtoOrBuilder'.
2024-11-12 13:42:55,855 INFO  EvoClassLoader - Keeping class: org.apache.hadoop.hdfs.protocol.proto.HdfsProtos$SnapshotInfoProtoOrBuilder
2024-11-12 13:42:55,855 INFO  EvoClassLoader - Keeping class: org.apache.hadoop.hdfs.protocol.proto.HdfsProtos$SnapshotInfoProto
2024-11-12 13:42:55,855 INFO  EvoClassLoader - Seeing class for first time: org.apache.hadoop.hdfs.protocol.proto.HdfsProtos$SnapshotDiffReportListingProto
2024-11-12 13:42:55,855 INFO  EvoClassLoader - Instrumenting class 'org.apache.hadoop.hdfs.protocol.proto.HdfsProtos$SnapshotDiffReportListingProto'.
2024-11-12 13:42:55,856 INFO  MethodCallReplacementClassAdapter - Adding mock interface to class org/apache/hadoop/hdfs/protocol/proto/HdfsProtos$SnapshotDiffReportListingProto
2024-11-12 13:42:55,857 INFO  CreateClassResetClassAdapter - Found static initializer in class org/apache/hadoop/hdfs/protocol/proto/HdfsProtos$SnapshotDiffReportListingProto
2024-11-12 13:42:55,857 INFO  EvoClassLoader - Seeing class for first time: org.apache.hadoop.hdfs.protocol.proto.HdfsProtos$SnapshotDiffReportListingProtoOrBuilder
2024-11-12 13:42:55,857 INFO  EvoClassLoader - Instrumenting class 'org.apache.hadoop.hdfs.protocol.proto.HdfsProtos$SnapshotDiffReportListingProtoOrBuilder'.
2024-11-12 13:42:55,857 INFO  EvoClassLoader - Keeping class: org.apache.hadoop.hdfs.protocol.proto.HdfsProtos$SnapshotDiffReportListingProtoOrBuilder
2024-11-12 13:42:55,857 INFO  EvoClassLoader - Keeping class: org.apache.hadoop.hdfs.protocol.proto.HdfsProtos$SnapshotDiffReportListingProto
2024-11-12 13:42:55,857 INFO  EvoClassLoader - Seeing class for first time: org.apache.hadoop.hdfs.protocol.proto.HdfsProtos$SnapshotDiffReportCursorProto
2024-11-12 13:42:55,857 INFO  EvoClassLoader - Instrumenting class 'org.apache.hadoop.hdfs.protocol.proto.HdfsProtos$SnapshotDiffReportCursorProto'.
2024-11-12 13:42:55,858 INFO  MethodCallReplacementClassAdapter - Adding mock interface to class org/apache/hadoop/hdfs/protocol/proto/HdfsProtos$SnapshotDiffReportCursorProto
2024-11-12 13:42:55,858 INFO  CreateClassResetClassAdapter - Found static initializer in class org/apache/hadoop/hdfs/protocol/proto/HdfsProtos$SnapshotDiffReportCursorProto
2024-11-12 13:42:55,858 INFO  EvoClassLoader - Seeing class for first time: org.apache.hadoop.hdfs.protocol.proto.HdfsProtos$SnapshotDiffReportCursorProtoOrBuilder
2024-11-12 13:42:55,858 INFO  EvoClassLoader - Instrumenting class 'org.apache.hadoop.hdfs.protocol.proto.HdfsProtos$SnapshotDiffReportCursorProtoOrBuilder'.
2024-11-12 13:42:55,858 INFO  EvoClassLoader - Keeping class: org.apache.hadoop.hdfs.protocol.proto.HdfsProtos$SnapshotDiffReportCursorProtoOrBuilder
2024-11-12 13:42:55,859 INFO  EvoClassLoader - Keeping class: org.apache.hadoop.hdfs.protocol.proto.HdfsProtos$SnapshotDiffReportCursorProto
2024-11-12 13:42:55,859 INFO  EvoClassLoader - Seeing class for first time: org.apache.hadoop.hdfs.protocol.proto.HdfsProtos$SnapshotDiffReportListingEntryProto
2024-11-12 13:42:55,859 INFO  EvoClassLoader - Instrumenting class 'org.apache.hadoop.hdfs.protocol.proto.HdfsProtos$SnapshotDiffReportListingEntryProto'.
2024-11-12 13:42:55,859 INFO  MethodCallReplacementClassAdapter - Adding mock interface to class org/apache/hadoop/hdfs/protocol/proto/HdfsProtos$SnapshotDiffReportListingEntryProto
2024-11-12 13:42:55,859 INFO  CreateClassResetClassAdapter - Found static initializer in class org/apache/hadoop/hdfs/protocol/proto/HdfsProtos$SnapshotDiffReportListingEntryProto
2024-11-12 13:42:55,859 INFO  EvoClassLoader - Seeing class for first time: org.apache.hadoop.hdfs.protocol.proto.HdfsProtos$SnapshotDiffReportListingEntryProtoOrBuilder
2024-11-12 13:42:55,859 INFO  EvoClassLoader - Instrumenting class 'org.apache.hadoop.hdfs.protocol.proto.HdfsProtos$SnapshotDiffReportListingEntryProtoOrBuilder'.
2024-11-12 13:42:55,859 INFO  EvoClassLoader - Keeping class: org.apache.hadoop.hdfs.protocol.proto.HdfsProtos$SnapshotDiffReportListingEntryProtoOrBuilder
2024-11-12 13:42:55,860 INFO  EvoClassLoader - Keeping class: org.apache.hadoop.hdfs.protocol.proto.HdfsProtos$SnapshotDiffReportListingEntryProto
2024-11-12 13:42:55,860 INFO  EvoClassLoader - Seeing class for first time: org.apache.hadoop.hdfs.protocol.proto.HdfsProtos$SnapshotDiffReportProto
2024-11-12 13:42:55,860 INFO  EvoClassLoader - Instrumenting class 'org.apache.hadoop.hdfs.protocol.proto.HdfsProtos$SnapshotDiffReportProto'.
2024-11-12 13:42:55,860 INFO  MethodCallReplacementClassAdapter - Adding mock interface to class org/apache/hadoop/hdfs/protocol/proto/HdfsProtos$SnapshotDiffReportProto
2024-11-12 13:42:55,860 INFO  CreateClassResetClassAdapter - Found static initializer in class org/apache/hadoop/hdfs/protocol/proto/HdfsProtos$SnapshotDiffReportProto
2024-11-12 13:42:55,860 INFO  EvoClassLoader - Seeing class for first time: org.apache.hadoop.hdfs.protocol.proto.HdfsProtos$SnapshotDiffReportProtoOrBuilder
2024-11-12 13:42:55,860 INFO  EvoClassLoader - Instrumenting class 'org.apache.hadoop.hdfs.protocol.proto.HdfsProtos$SnapshotDiffReportProtoOrBuilder'.
2024-11-12 13:42:55,861 INFO  EvoClassLoader - Keeping class: org.apache.hadoop.hdfs.protocol.proto.HdfsProtos$SnapshotDiffReportProtoOrBuilder
2024-11-12 13:42:55,861 INFO  EvoClassLoader - Keeping class: org.apache.hadoop.hdfs.protocol.proto.HdfsProtos$SnapshotDiffReportProto
2024-11-12 13:42:55,861 INFO  EvoClassLoader - Seeing class for first time: org.apache.hadoop.hdfs.protocol.proto.HdfsProtos$SnapshotDiffReportEntryProto
2024-11-12 13:42:55,861 INFO  EvoClassLoader - Instrumenting class 'org.apache.hadoop.hdfs.protocol.proto.HdfsProtos$SnapshotDiffReportEntryProto'.
2024-11-12 13:42:55,861 INFO  MethodCallReplacementClassAdapter - Adding mock interface to class org/apache/hadoop/hdfs/protocol/proto/HdfsProtos$SnapshotDiffReportEntryProto
2024-11-12 13:42:55,861 INFO  CreateClassResetClassAdapter - Found static initializer in class org/apache/hadoop/hdfs/protocol/proto/HdfsProtos$SnapshotDiffReportEntryProto
2024-11-12 13:42:55,861 INFO  EvoClassLoader - Seeing class for first time: org.apache.hadoop.hdfs.protocol.proto.HdfsProtos$SnapshotDiffReportEntryProtoOrBuilder
2024-11-12 13:42:55,861 INFO  EvoClassLoader - Instrumenting class 'org.apache.hadoop.hdfs.protocol.proto.HdfsProtos$SnapshotDiffReportEntryProtoOrBuilder'.
2024-11-12 13:42:55,862 INFO  EvoClassLoader - Keeping class: org.apache.hadoop.hdfs.protocol.proto.HdfsProtos$SnapshotDiffReportEntryProtoOrBuilder
2024-11-12 13:42:55,862 INFO  EvoClassLoader - Keeping class: org.apache.hadoop.hdfs.protocol.proto.HdfsProtos$SnapshotDiffReportEntryProto
2024-11-12 13:42:55,862 INFO  EvoClassLoader - Seeing class for first time: org.apache.hadoop.hdfs.protocol.proto.HdfsProtos$SnapshotListingProto
2024-11-12 13:42:55,862 INFO  EvoClassLoader - Instrumenting class 'org.apache.hadoop.hdfs.protocol.proto.HdfsProtos$SnapshotListingProto'.
2024-11-12 13:42:55,862 INFO  MethodCallReplacementClassAdapter - Adding mock interface to class org/apache/hadoop/hdfs/protocol/proto/HdfsProtos$SnapshotListingProto
2024-11-12 13:42:55,862 INFO  CreateClassResetClassAdapter - Found static initializer in class org/apache/hadoop/hdfs/protocol/proto/HdfsProtos$SnapshotListingProto
2024-11-12 13:42:55,863 INFO  EvoClassLoader - Seeing class for first time: org.apache.hadoop.hdfs.protocol.proto.HdfsProtos$SnapshotListingProtoOrBuilder
2024-11-12 13:42:55,863 INFO  EvoClassLoader - Instrumenting class 'org.apache.hadoop.hdfs.protocol.proto.HdfsProtos$SnapshotListingProtoOrBuilder'.
2024-11-12 13:42:55,863 INFO  EvoClassLoader - Keeping class: org.apache.hadoop.hdfs.protocol.proto.HdfsProtos$SnapshotListingProtoOrBuilder
2024-11-12 13:42:55,863 INFO  EvoClassLoader - Keeping class: org.apache.hadoop.hdfs.protocol.proto.HdfsProtos$SnapshotListingProto
2024-11-12 13:42:55,863 INFO  EvoClassLoader - Seeing class for first time: org.apache.hadoop.hdfs.protocol.proto.HdfsProtos$SnapshottableDirectoryListingProto
2024-11-12 13:42:55,863 INFO  EvoClassLoader - Instrumenting class 'org.apache.hadoop.hdfs.protocol.proto.HdfsProtos$SnapshottableDirectoryListingProto'.
2024-11-12 13:42:55,863 INFO  MethodCallReplacementClassAdapter - Adding mock interface to class org/apache/hadoop/hdfs/protocol/proto/HdfsProtos$SnapshottableDirectoryListingProto
2024-11-12 13:42:55,863 INFO  CreateClassResetClassAdapter - Found static initializer in class org/apache/hadoop/hdfs/protocol/proto/HdfsProtos$SnapshottableDirectoryListingProto
2024-11-12 13:42:55,864 INFO  EvoClassLoader - Seeing class for first time: org.apache.hadoop.hdfs.protocol.proto.HdfsProtos$SnapshottableDirectoryListingProtoOrBuilder
2024-11-12 13:42:55,864 INFO  EvoClassLoader - Instrumenting class 'org.apache.hadoop.hdfs.protocol.proto.HdfsProtos$SnapshottableDirectoryListingProtoOrBuilder'.
2024-11-12 13:42:55,864 INFO  EvoClassLoader - Keeping class: org.apache.hadoop.hdfs.protocol.proto.HdfsProtos$SnapshottableDirectoryListingProtoOrBuilder
2024-11-12 13:42:55,864 INFO  EvoClassLoader - Keeping class: org.apache.hadoop.hdfs.protocol.proto.HdfsProtos$SnapshottableDirectoryListingProto
2024-11-12 13:42:55,864 INFO  EvoClassLoader - Seeing class for first time: org.apache.hadoop.hdfs.protocol.proto.HdfsProtos$SnapshotStatusProto
2024-11-12 13:42:55,864 INFO  EvoClassLoader - Instrumenting class 'org.apache.hadoop.hdfs.protocol.proto.HdfsProtos$SnapshotStatusProto'.
2024-11-12 13:42:55,864 INFO  MethodCallReplacementClassAdapter - Adding mock interface to class org/apache/hadoop/hdfs/protocol/proto/HdfsProtos$SnapshotStatusProto
2024-11-12 13:42:55,864 INFO  CreateClassResetClassAdapter - Found static initializer in class org/apache/hadoop/hdfs/protocol/proto/HdfsProtos$SnapshotStatusProto
2024-11-12 13:42:55,865 INFO  EvoClassLoader - Seeing class for first time: org.apache.hadoop.hdfs.protocol.proto.HdfsProtos$SnapshotStatusProtoOrBuilder
2024-11-12 13:42:55,865 INFO  EvoClassLoader - Instrumenting class 'org.apache.hadoop.hdfs.protocol.proto.HdfsProtos$SnapshotStatusProtoOrBuilder'.
2024-11-12 13:42:55,865 INFO  EvoClassLoader - Keeping class: org.apache.hadoop.hdfs.protocol.proto.HdfsProtos$SnapshotStatusProtoOrBuilder
2024-11-12 13:42:55,865 INFO  EvoClassLoader - Keeping class: org.apache.hadoop.hdfs.protocol.proto.HdfsProtos$SnapshotStatusProto
2024-11-12 13:42:55,865 INFO  EvoClassLoader - Seeing class for first time: org.apache.hadoop.hdfs.protocol.proto.HdfsProtos$SnapshottableDirectoryStatusProto
2024-11-12 13:42:55,865 INFO  EvoClassLoader - Instrumenting class 'org.apache.hadoop.hdfs.protocol.proto.HdfsProtos$SnapshottableDirectoryStatusProto'.
2024-11-12 13:42:55,865 INFO  MethodCallReplacementClassAdapter - Adding mock interface to class org/apache/hadoop/hdfs/protocol/proto/HdfsProtos$SnapshottableDirectoryStatusProto
2024-11-12 13:42:55,866 INFO  CreateClassResetClassAdapter - Found static initializer in class org/apache/hadoop/hdfs/protocol/proto/HdfsProtos$SnapshottableDirectoryStatusProto
2024-11-12 13:42:55,866 INFO  EvoClassLoader - Seeing class for first time: org.apache.hadoop.hdfs.protocol.proto.HdfsProtos$SnapshottableDirectoryStatusProtoOrBuilder
2024-11-12 13:42:55,866 INFO  EvoClassLoader - Instrumenting class 'org.apache.hadoop.hdfs.protocol.proto.HdfsProtos$SnapshottableDirectoryStatusProtoOrBuilder'.
2024-11-12 13:42:55,866 INFO  EvoClassLoader - Keeping class: org.apache.hadoop.hdfs.protocol.proto.HdfsProtos$SnapshottableDirectoryStatusProtoOrBuilder
2024-11-12 13:42:55,867 INFO  EvoClassLoader - Keeping class: org.apache.hadoop.hdfs.protocol.proto.HdfsProtos$SnapshottableDirectoryStatusProto
2024-11-12 13:42:55,867 INFO  EvoClassLoader - Seeing class for first time: org.apache.hadoop.hdfs.protocol.proto.HdfsProtos$BatchedDirectoryListingProto
2024-11-12 13:42:55,867 INFO  EvoClassLoader - Instrumenting class 'org.apache.hadoop.hdfs.protocol.proto.HdfsProtos$BatchedDirectoryListingProto'.
2024-11-12 13:42:55,867 INFO  MethodCallReplacementClassAdapter - Adding mock interface to class org/apache/hadoop/hdfs/protocol/proto/HdfsProtos$BatchedDirectoryListingProto
2024-11-12 13:42:55,867 INFO  CreateClassResetClassAdapter - Found static initializer in class org/apache/hadoop/hdfs/protocol/proto/HdfsProtos$BatchedDirectoryListingProto
2024-11-12 13:42:55,868 INFO  EvoClassLoader - Seeing class for first time: org.apache.hadoop.hdfs.protocol.proto.HdfsProtos$BatchedDirectoryListingProtoOrBuilder
2024-11-12 13:42:55,868 INFO  EvoClassLoader - Instrumenting class 'org.apache.hadoop.hdfs.protocol.proto.HdfsProtos$BatchedDirectoryListingProtoOrBuilder'.
2024-11-12 13:42:55,868 INFO  EvoClassLoader - Keeping class: org.apache.hadoop.hdfs.protocol.proto.HdfsProtos$BatchedDirectoryListingProtoOrBuilder
2024-11-12 13:42:55,868 INFO  EvoClassLoader - Keeping class: org.apache.hadoop.hdfs.protocol.proto.HdfsProtos$BatchedDirectoryListingProto
2024-11-12 13:42:55,868 INFO  EvoClassLoader - Seeing class for first time: org.apache.hadoop.hdfs.protocol.proto.HdfsProtos$RemoteExceptionProto
2024-11-12 13:42:55,868 INFO  EvoClassLoader - Instrumenting class 'org.apache.hadoop.hdfs.protocol.proto.HdfsProtos$RemoteExceptionProto'.
2024-11-12 13:42:55,868 INFO  MethodCallReplacementClassAdapter - Adding mock interface to class org/apache/hadoop/hdfs/protocol/proto/HdfsProtos$RemoteExceptionProto
2024-11-12 13:42:55,869 INFO  CreateClassResetClassAdapter - Found static initializer in class org/apache/hadoop/hdfs/protocol/proto/HdfsProtos$RemoteExceptionProto
2024-11-12 13:42:55,869 INFO  EvoClassLoader - Seeing class for first time: org.apache.hadoop.hdfs.protocol.proto.HdfsProtos$RemoteExceptionProtoOrBuilder
2024-11-12 13:42:55,869 INFO  EvoClassLoader - Instrumenting class 'org.apache.hadoop.hdfs.protocol.proto.HdfsProtos$RemoteExceptionProtoOrBuilder'.
2024-11-12 13:42:55,869 INFO  EvoClassLoader - Keeping class: org.apache.hadoop.hdfs.protocol.proto.HdfsProtos$RemoteExceptionProtoOrBuilder
2024-11-12 13:42:55,869 INFO  EvoClassLoader - Keeping class: org.apache.hadoop.hdfs.protocol.proto.HdfsProtos$RemoteExceptionProto
2024-11-12 13:42:55,869 INFO  EvoClassLoader - Seeing class for first time: org.apache.hadoop.hdfs.protocol.proto.HdfsProtos$DirectoryListingProto
2024-11-12 13:42:55,869 INFO  EvoClassLoader - Instrumenting class 'org.apache.hadoop.hdfs.protocol.proto.HdfsProtos$DirectoryListingProto'.
2024-11-12 13:42:55,869 INFO  MethodCallReplacementClassAdapter - Adding mock interface to class org/apache/hadoop/hdfs/protocol/proto/HdfsProtos$DirectoryListingProto
2024-11-12 13:42:55,870 INFO  CreateClassResetClassAdapter - Found static initializer in class org/apache/hadoop/hdfs/protocol/proto/HdfsProtos$DirectoryListingProto
2024-11-12 13:42:55,870 INFO  EvoClassLoader - Seeing class for first time: org.apache.hadoop.hdfs.protocol.proto.HdfsProtos$DirectoryListingProtoOrBuilder
2024-11-12 13:42:55,870 INFO  EvoClassLoader - Instrumenting class 'org.apache.hadoop.hdfs.protocol.proto.HdfsProtos$DirectoryListingProtoOrBuilder'.
2024-11-12 13:42:55,870 INFO  EvoClassLoader - Keeping class: org.apache.hadoop.hdfs.protocol.proto.HdfsProtos$DirectoryListingProtoOrBuilder
2024-11-12 13:42:55,870 INFO  EvoClassLoader - Keeping class: org.apache.hadoop.hdfs.protocol.proto.HdfsProtos$DirectoryListingProto
2024-11-12 13:42:55,870 INFO  EvoClassLoader - Seeing class for first time: org.apache.hadoop.hdfs.protocol.proto.HdfsProtos$FsServerDefaultsProto
2024-11-12 13:42:55,870 INFO  EvoClassLoader - Instrumenting class 'org.apache.hadoop.hdfs.protocol.proto.HdfsProtos$FsServerDefaultsProto'.
2024-11-12 13:42:55,870 INFO  MethodCallReplacementClassAdapter - Adding mock interface to class org/apache/hadoop/hdfs/protocol/proto/HdfsProtos$FsServerDefaultsProto
2024-11-12 13:42:55,871 INFO  CreateClassResetClassAdapter - Found static initializer in class org/apache/hadoop/hdfs/protocol/proto/HdfsProtos$FsServerDefaultsProto
2024-11-12 13:42:55,871 INFO  EvoClassLoader - Seeing class for first time: org.apache.hadoop.hdfs.protocol.proto.HdfsProtos$FsServerDefaultsProtoOrBuilder
2024-11-12 13:42:55,871 INFO  EvoClassLoader - Instrumenting class 'org.apache.hadoop.hdfs.protocol.proto.HdfsProtos$FsServerDefaultsProtoOrBuilder'.
2024-11-12 13:42:55,871 INFO  EvoClassLoader - Keeping class: org.apache.hadoop.hdfs.protocol.proto.HdfsProtos$FsServerDefaultsProtoOrBuilder
2024-11-12 13:42:55,872 INFO  EvoClassLoader - Keeping class: org.apache.hadoop.hdfs.protocol.proto.HdfsProtos$FsServerDefaultsProto
2024-11-12 13:42:55,872 INFO  EvoClassLoader - Seeing class for first time: org.apache.hadoop.hdfs.protocol.proto.HdfsProtos$BlockChecksumOptionsProto
2024-11-12 13:42:55,872 INFO  EvoClassLoader - Instrumenting class 'org.apache.hadoop.hdfs.protocol.proto.HdfsProtos$BlockChecksumOptionsProto'.
2024-11-12 13:42:55,872 INFO  MethodCallReplacementClassAdapter - Adding mock interface to class org/apache/hadoop/hdfs/protocol/proto/HdfsProtos$BlockChecksumOptionsProto
2024-11-12 13:42:55,872 INFO  CreateClassResetClassAdapter - Found static initializer in class org/apache/hadoop/hdfs/protocol/proto/HdfsProtos$BlockChecksumOptionsProto
2024-11-12 13:42:55,872 INFO  EvoClassLoader - Seeing class for first time: org.apache.hadoop.hdfs.protocol.proto.HdfsProtos$BlockChecksumOptionsProtoOrBuilder
2024-11-12 13:42:55,872 INFO  EvoClassLoader - Instrumenting class 'org.apache.hadoop.hdfs.protocol.proto.HdfsProtos$BlockChecksumOptionsProtoOrBuilder'.
2024-11-12 13:42:55,872 INFO  EvoClassLoader - Keeping class: org.apache.hadoop.hdfs.protocol.proto.HdfsProtos$BlockChecksumOptionsProtoOrBuilder
2024-11-12 13:42:55,873 INFO  EvoClassLoader - Keeping class: org.apache.hadoop.hdfs.protocol.proto.HdfsProtos$BlockChecksumOptionsProto
2024-11-12 13:42:55,873 INFO  EvoClassLoader - Seeing class for first time: org.apache.hadoop.hdfs.protocol.proto.HdfsProtos$HdfsFileStatusProto
2024-11-12 13:42:55,873 INFO  EvoClassLoader - Instrumenting class 'org.apache.hadoop.hdfs.protocol.proto.HdfsProtos$HdfsFileStatusProto'.
2024-11-12 13:42:55,886 INFO  MethodCallReplacementClassAdapter - Adding mock interface to class org/apache/hadoop/hdfs/protocol/proto/HdfsProtos$HdfsFileStatusProto
2024-11-12 13:42:55,886 INFO  CreateClassResetClassAdapter - Found static initializer in class org/apache/hadoop/hdfs/protocol/proto/HdfsProtos$HdfsFileStatusProto
2024-11-12 13:42:55,887 INFO  EvoClassLoader - Seeing class for first time: org.apache.hadoop.hdfs.protocol.proto.HdfsProtos$HdfsFileStatusProtoOrBuilder
2024-11-12 13:42:55,887 INFO  EvoClassLoader - Instrumenting class 'org.apache.hadoop.hdfs.protocol.proto.HdfsProtos$HdfsFileStatusProtoOrBuilder'.
2024-11-12 13:42:55,888 INFO  EvoClassLoader - Keeping class: org.apache.hadoop.hdfs.protocol.proto.HdfsProtos$HdfsFileStatusProtoOrBuilder
2024-11-12 13:42:55,888 INFO  EvoClassLoader - Keeping class: org.apache.hadoop.hdfs.protocol.proto.HdfsProtos$HdfsFileStatusProto
2024-11-12 13:42:55,888 INFO  EvoClassLoader - Seeing class for first time: org.apache.hadoop.hdfs.protocol.proto.HdfsProtos$HdfsPathHandleProto$Builder
2024-11-12 13:42:55,888 INFO  EvoClassLoader - Instrumenting class 'org.apache.hadoop.hdfs.protocol.proto.HdfsProtos$HdfsPathHandleProto$Builder'.
2024-11-12 13:42:55,888 INFO  MethodCallReplacementClassAdapter - Adding mock interface to class org/apache/hadoop/hdfs/protocol/proto/HdfsProtos$HdfsPathHandleProto$Builder
2024-11-12 13:42:55,889 INFO  CreateClassResetClassAdapter - Creating brand-new static initializer in class org/apache/hadoop/hdfs/protocol/proto/HdfsProtos$HdfsPathHandleProto$Builder
2024-11-12 13:42:55,889 INFO  EvoClassLoader - Keeping class: org.apache.hadoop.hdfs.protocol.proto.HdfsProtos$HdfsPathHandleProto$Builder
2024-11-12 13:42:55,890 INFO  EvoClassLoader - Seeing class for first time: org.apache.hadoop.thirdparty.protobuf.Int32Value$1
2024-11-12 13:42:55,890 INFO  EvoClassLoader - Instrumenting class 'org.apache.hadoop.thirdparty.protobuf.Int32Value$1'.
2024-11-12 13:42:55,890 INFO  MethodCallReplacementClassAdapter - Adding mock interface to class org/apache/hadoop/thirdparty/protobuf/Int32Value$1
2024-11-12 13:42:55,890 INFO  EvoClassLoader - Keeping class: org.apache.hadoop.thirdparty.protobuf.Int32Value$1
2024-11-12 13:42:55,890 INFO  EvoClassLoader - Seeing class for first time: org.apache.hadoop.thirdparty.protobuf.Int32Value
2024-11-12 13:42:55,890 INFO  EvoClassLoader - Instrumenting class 'org.apache.hadoop.thirdparty.protobuf.Int32Value'.
2024-11-12 13:42:55,891 INFO  MethodCallReplacementClassAdapter - Adding mock interface to class org/apache/hadoop/thirdparty/protobuf/Int32Value
2024-11-12 13:42:55,891 INFO  CreateClassResetClassAdapter - Found static initializer in class org/apache/hadoop/thirdparty/protobuf/Int32Value
2024-11-12 13:42:55,891 INFO  EvoClassLoader - Seeing class for first time: org.apache.hadoop.thirdparty.protobuf.Int32ValueOrBuilder
2024-11-12 13:42:55,891 INFO  EvoClassLoader - Instrumenting class 'org.apache.hadoop.thirdparty.protobuf.Int32ValueOrBuilder'.
2024-11-12 13:42:55,891 INFO  EvoClassLoader - Keeping class: org.apache.hadoop.thirdparty.protobuf.Int32ValueOrBuilder
2024-11-12 13:42:55,891 INFO  EvoClassLoader - Keeping class: org.apache.hadoop.thirdparty.protobuf.Int32Value
2024-11-12 13:42:55,892 INFO  EvoClassLoader - Seeing class for first time: org.apache.hadoop.thirdparty.protobuf.Int32Value$Builder
2024-11-12 13:42:55,892 INFO  EvoClassLoader - Instrumenting class 'org.apache.hadoop.thirdparty.protobuf.Int32Value$Builder'.
2024-11-12 13:42:55,892 INFO  MethodCallReplacementClassAdapter - Adding mock interface to class org/apache/hadoop/thirdparty/protobuf/Int32Value$Builder
2024-11-12 13:42:55,892 INFO  CreateClassResetClassAdapter - Creating brand-new static initializer in class org/apache/hadoop/thirdparty/protobuf/Int32Value$Builder
2024-11-12 13:42:55,893 INFO  EvoClassLoader - Keeping class: org.apache.hadoop.thirdparty.protobuf.Int32Value$Builder
2024-11-12 13:42:55,893 INFO  EvoClassLoader - Seeing class for first time: org.apache.hadoop.thirdparty.protobuf.WrappersProto
2024-11-12 13:42:55,893 INFO  EvoClassLoader - Instrumenting class 'org.apache.hadoop.thirdparty.protobuf.WrappersProto'.
2024-11-12 13:42:55,893 INFO  MethodCallReplacementClassAdapter - Adding mock interface to class org/apache/hadoop/thirdparty/protobuf/WrappersProto
2024-11-12 13:42:55,893 INFO  CreateClassResetClassAdapter - Found static initializer in class org/apache/hadoop/thirdparty/protobuf/WrappersProto
2024-11-12 13:42:55,894 INFO  EvoClassLoader - Keeping class: org.apache.hadoop.thirdparty.protobuf.WrappersProto
2024-11-12 13:42:55,895 INFO  EvoClassLoader - Seeing class for first time: org.apache.hadoop.fs.LocalFileSystemPathHandle
2024-11-12 13:42:55,895 INFO  EvoClassLoader - Instrumenting class 'org.apache.hadoop.fs.LocalFileSystemPathHandle'.
2024-11-12 13:42:55,896 INFO  MethodCallReplacementClassAdapter - Adding mock interface to class org/apache/hadoop/fs/LocalFileSystemPathHandle
2024-11-12 13:42:55,896 INFO  CreateClassResetClassAdapter - Creating brand-new static initializer in class org/apache/hadoop/fs/LocalFileSystemPathHandle
2024-11-12 13:42:55,897 INFO  EvoClassLoader - Keeping class: org.apache.hadoop.fs.LocalFileSystemPathHandle
2024-11-12 13:42:55,898 INFO  EvoClassLoader - Seeing class for first time: org.apache.hadoop.fs.FSProtos$LocalFileSystemPathHandleProto$1
2024-11-12 13:42:55,898 INFO  EvoClassLoader - Instrumenting class 'org.apache.hadoop.fs.FSProtos$LocalFileSystemPathHandleProto$1'.
2024-11-12 13:42:55,898 INFO  MethodCallReplacementClassAdapter - Adding mock interface to class org/apache/hadoop/fs/FSProtos$LocalFileSystemPathHandleProto$1
2024-11-12 13:42:55,899 INFO  EvoClassLoader - Keeping class: org.apache.hadoop.fs.FSProtos$LocalFileSystemPathHandleProto$1
2024-11-12 13:42:55,899 INFO  EvoClassLoader - Seeing class for first time: org.apache.hadoop.fs.FSProtos$LocalFileSystemPathHandleProto
2024-11-12 13:42:55,899 INFO  EvoClassLoader - Instrumenting class 'org.apache.hadoop.fs.FSProtos$LocalFileSystemPathHandleProto'.
2024-11-12 13:42:55,899 INFO  MethodCallReplacementClassAdapter - Adding mock interface to class org/apache/hadoop/fs/FSProtos$LocalFileSystemPathHandleProto
2024-11-12 13:42:55,900 INFO  CreateClassResetClassAdapter - Found static initializer in class org/apache/hadoop/fs/FSProtos$LocalFileSystemPathHandleProto
2024-11-12 13:42:55,900 INFO  EvoClassLoader - Seeing class for first time: org.apache.hadoop.fs.FSProtos$LocalFileSystemPathHandleProtoOrBuilder
2024-11-12 13:42:55,900 INFO  EvoClassLoader - Instrumenting class 'org.apache.hadoop.fs.FSProtos$LocalFileSystemPathHandleProtoOrBuilder'.
2024-11-12 13:42:55,901 INFO  EvoClassLoader - Keeping class: org.apache.hadoop.fs.FSProtos$LocalFileSystemPathHandleProtoOrBuilder
2024-11-12 13:42:55,901 INFO  EvoClassLoader - Keeping class: org.apache.hadoop.fs.FSProtos$LocalFileSystemPathHandleProto
2024-11-12 13:42:55,901 INFO  EvoClassLoader - Seeing class for first time: org.apache.hadoop.fs.FSProtos
2024-11-12 13:42:55,901 INFO  EvoClassLoader - Instrumenting class 'org.apache.hadoop.fs.FSProtos'.
2024-11-12 13:42:55,901 INFO  MethodCallReplacementClassAdapter - Adding mock interface to class org/apache/hadoop/fs/FSProtos
2024-11-12 13:42:55,901 INFO  CreateClassResetClassAdapter - Found static initializer in class org/apache/hadoop/fs/FSProtos
2024-11-12 13:42:55,901 INFO  EvoClassLoader - Keeping class: org.apache.hadoop.fs.FSProtos
2024-11-12 13:42:55,902 INFO  EvoClassLoader - Seeing class for first time: org.apache.hadoop.fs.FSProtos$LocalFileSystemPathHandleProto$Builder
2024-11-12 13:42:55,902 INFO  EvoClassLoader - Instrumenting class 'org.apache.hadoop.fs.FSProtos$LocalFileSystemPathHandleProto$Builder'.
2024-11-12 13:42:55,902 INFO  MethodCallReplacementClassAdapter - Adding mock interface to class org/apache/hadoop/fs/FSProtos$LocalFileSystemPathHandleProto$Builder
2024-11-12 13:42:55,903 INFO  CreateClassResetClassAdapter - Creating brand-new static initializer in class org/apache/hadoop/fs/FSProtos$LocalFileSystemPathHandleProto$Builder
2024-11-12 13:42:55,903 INFO  EvoClassLoader - Keeping class: org.apache.hadoop.fs.FSProtos$LocalFileSystemPathHandleProto$Builder
2024-11-12 13:42:55,904 INFO  EvoClassLoader - Seeing class for first time: org.apache.hadoop.thirdparty.protobuf.FieldMask$1
2024-11-12 13:42:55,904 INFO  EvoClassLoader - Instrumenting class 'org.apache.hadoop.thirdparty.protobuf.FieldMask$1'.
2024-11-12 13:42:55,904 INFO  MethodCallReplacementClassAdapter - Adding mock interface to class org/apache/hadoop/thirdparty/protobuf/FieldMask$1
2024-11-12 13:42:55,904 INFO  EvoClassLoader - Keeping class: org.apache.hadoop.thirdparty.protobuf.FieldMask$1
2024-11-12 13:42:55,904 INFO  EvoClassLoader - Seeing class for first time: org.apache.hadoop.thirdparty.protobuf.FieldMask
2024-11-12 13:42:55,904 INFO  EvoClassLoader - Instrumenting class 'org.apache.hadoop.thirdparty.protobuf.FieldMask'.
2024-11-12 13:42:55,905 INFO  MethodCallReplacementClassAdapter - Adding mock interface to class org/apache/hadoop/thirdparty/protobuf/FieldMask
2024-11-12 13:42:55,905 INFO  CreateClassResetClassAdapter - Found static initializer in class org/apache/hadoop/thirdparty/protobuf/FieldMask
2024-11-12 13:42:55,905 INFO  EvoClassLoader - Seeing class for first time: org.apache.hadoop.thirdparty.protobuf.FieldMaskOrBuilder
2024-11-12 13:42:55,905 INFO  EvoClassLoader - Instrumenting class 'org.apache.hadoop.thirdparty.protobuf.FieldMaskOrBuilder'.
2024-11-12 13:42:55,906 INFO  EvoClassLoader - Keeping class: org.apache.hadoop.thirdparty.protobuf.FieldMaskOrBuilder
2024-11-12 13:42:55,906 INFO  EvoClassLoader - Keeping class: org.apache.hadoop.thirdparty.protobuf.FieldMask
2024-11-12 13:42:55,906 INFO  EvoClassLoader - Seeing class for first time: org.apache.hadoop.thirdparty.protobuf.FieldMask$Builder
2024-11-12 13:42:55,906 INFO  EvoClassLoader - Instrumenting class 'org.apache.hadoop.thirdparty.protobuf.FieldMask$Builder'.
2024-11-12 13:42:55,906 INFO  MethodCallReplacementClassAdapter - Adding mock interface to class org/apache/hadoop/thirdparty/protobuf/FieldMask$Builder
2024-11-12 13:42:55,907 INFO  CreateClassResetClassAdapter - Creating brand-new static initializer in class org/apache/hadoop/thirdparty/protobuf/FieldMask$Builder
2024-11-12 13:42:55,907 INFO  EvoClassLoader - Keeping class: org.apache.hadoop.thirdparty.protobuf.FieldMask$Builder
2024-11-12 13:42:55,908 INFO  EvoClassLoader - Seeing class for first time: org.apache.hadoop.fs.TestFileSystemCaching$InitializeForeverFileSystem
2024-11-12 13:42:55,908 INFO  EvoClassLoader - Instrumenting class 'org.apache.hadoop.fs.TestFileSystemCaching$InitializeForeverFileSystem'.
2024-11-12 13:42:55,908 INFO  MethodCallReplacementClassAdapter - Adding mock interface to class org/apache/hadoop/fs/TestFileSystemCaching$InitializeForeverFileSystem
2024-11-12 13:42:55,908 INFO  CreateClassResetClassAdapter - Found static initializer in class org/apache/hadoop/fs/TestFileSystemCaching$InitializeForeverFileSystem
2024-11-12 13:42:55,908 INFO  EvoClassLoader - Keeping class: org.apache.hadoop.fs.TestFileSystemCaching$InitializeForeverFileSystem
2024-11-12 13:42:55,908 INFO  EvoClassLoader - Seeing class for first time: org.apache.hadoop.fs.TestFileSystemCaching
2024-11-12 13:42:55,909 INFO  EvoClassLoader - Instrumenting class 'org.apache.hadoop.fs.TestFileSystemCaching'.
2024-11-12 13:42:55,909 INFO  MethodCallReplacementClassAdapter - Adding mock interface to class org/apache/hadoop/fs/TestFileSystemCaching
2024-11-12 13:42:55,910 INFO  CreateClassResetClassAdapter - Creating brand-new static initializer in class org/apache/hadoop/fs/TestFileSystemCaching
2024-11-12 13:42:55,910 INFO  EvoClassLoader - Seeing class for first time: org.apache.hadoop.test.HadoopTestBase
2024-11-12 13:42:55,910 INFO  EvoClassLoader - Instrumenting class 'org.apache.hadoop.test.HadoopTestBase'.
2024-11-12 13:42:55,911 INFO  MethodCallReplacementClassAdapter - Adding mock interface to class org/apache/hadoop/test/HadoopTestBase
2024-11-12 13:42:55,911 INFO  CreateClassResetClassAdapter - Creating brand-new static initializer in class org/apache/hadoop/test/HadoopTestBase
2024-11-12 13:42:55,911 INFO  CreateClassResetClassAdapter - Adding bytecode for initializing field PROPERTY_TEST_DEFAULT_TIMEOUT
2024-11-12 13:42:55,911 INFO  CreateClassResetClassAdapter - Adding bytecode for initializing field TEST_DEFAULT_TIMEOUT_VALUE
2024-11-12 13:42:55,911 INFO  EvoClassLoader - Defined package (3): package org.apache.hadoop.test, 101545829
2024-11-12 13:42:55,911 INFO  EvoClassLoader - Keeping class: org.apache.hadoop.test.HadoopTestBase
2024-11-12 13:42:55,911 INFO  EvoClassLoader - Keeping class: org.apache.hadoop.fs.TestFileSystemCaching
2024-11-12 13:42:55,911 INFO  EvoClassLoader - Seeing class for first time: org.apache.hadoop.fs.TestFileSystemCaching$BlockingInitializer
2024-11-12 13:42:55,911 INFO  EvoClassLoader - Instrumenting class 'org.apache.hadoop.fs.TestFileSystemCaching$BlockingInitializer'.
2024-11-12 13:42:55,911 INFO  MethodCallReplacementClassAdapter - Adding mock interface to class org/apache/hadoop/fs/TestFileSystemCaching$BlockingInitializer
2024-11-12 13:42:55,912 INFO  CreateClassResetClassAdapter - Found static initializer in class org/apache/hadoop/fs/TestFileSystemCaching$BlockingInitializer
2024-11-12 13:42:55,912 INFO  EvoClassLoader - Keeping class: org.apache.hadoop.fs.TestFileSystemCaching$BlockingInitializer
2024-11-12 13:42:55,913 INFO  EvoClassLoader - Seeing class for first time: org.apache.hadoop.thirdparty.protobuf.DescriptorProtos$SourceCodeInfo$Location$1
2024-11-12 13:42:55,913 INFO  EvoClassLoader - Instrumenting class 'org.apache.hadoop.thirdparty.protobuf.DescriptorProtos$SourceCodeInfo$Location$1'.
2024-11-12 13:42:55,913 INFO  MethodCallReplacementClassAdapter - Adding mock interface to class org/apache/hadoop/thirdparty/protobuf/DescriptorProtos$SourceCodeInfo$Location$1
2024-11-12 13:42:55,913 INFO  EvoClassLoader - Keeping class: org.apache.hadoop.thirdparty.protobuf.DescriptorProtos$SourceCodeInfo$Location$1
2024-11-12 13:42:55,913 INFO  EvoClassLoader - Seeing class for first time: org.apache.hadoop.thirdparty.protobuf.DescriptorProtos$SourceCodeInfo$Location$Builder
2024-11-12 13:42:55,913 INFO  EvoClassLoader - Instrumenting class 'org.apache.hadoop.thirdparty.protobuf.DescriptorProtos$SourceCodeInfo$Location$Builder'.
2024-11-12 13:42:55,914 INFO  MethodCallReplacementClassAdapter - Adding mock interface to class org/apache/hadoop/thirdparty/protobuf/DescriptorProtos$SourceCodeInfo$Location$Builder
2024-11-12 13:42:55,915 INFO  CreateClassResetClassAdapter - Creating brand-new static initializer in class org/apache/hadoop/thirdparty/protobuf/DescriptorProtos$SourceCodeInfo$Location$Builder
2024-11-12 13:42:55,916 INFO  EvoClassLoader - Keeping class: org.apache.hadoop.thirdparty.protobuf.DescriptorProtos$SourceCodeInfo$Location$Builder
2024-11-12 13:42:55,917 INFO  EvoClassLoader - Seeing class for first time: org.apache.hadoop.thirdparty.protobuf.ExtensionRegistryLite$ObjectIntPair
2024-11-12 13:42:55,917 INFO  EvoClassLoader - Instrumenting class 'org.apache.hadoop.thirdparty.protobuf.ExtensionRegistryLite$ObjectIntPair'.
2024-11-12 13:42:55,917 INFO  MethodCallReplacementClassAdapter - Adding mock interface to class org/apache/hadoop/thirdparty/protobuf/ExtensionRegistryLite$ObjectIntPair
2024-11-12 13:42:55,917 INFO  CreateClassResetClassAdapter - Creating brand-new static initializer in class org/apache/hadoop/thirdparty/protobuf/ExtensionRegistryLite$ObjectIntPair
2024-11-12 13:42:55,918 INFO  EvoClassLoader - Keeping class: org.apache.hadoop.thirdparty.protobuf.ExtensionRegistryLite$ObjectIntPair
2024-11-12 13:42:55,918 INFO  EvoClassLoader - Seeing class for first time: org.apache.hadoop.thirdparty.protobuf.AnyProto
2024-11-12 13:42:55,918 INFO  EvoClassLoader - Instrumenting class 'org.apache.hadoop.thirdparty.protobuf.AnyProto'.
2024-11-12 13:42:55,918 INFO  MethodCallReplacementClassAdapter - Adding mock interface to class org/apache/hadoop/thirdparty/protobuf/AnyProto
2024-11-12 13:42:55,918 INFO  CreateClassResetClassAdapter - Found static initializer in class org/apache/hadoop/thirdparty/protobuf/AnyProto
2024-11-12 13:42:55,918 INFO  EvoClassLoader - Keeping class: org.apache.hadoop.thirdparty.protobuf.AnyProto
2024-11-12 13:42:55,919 INFO  EvoClassLoader - Seeing class for first time: org.apache.hadoop.thirdparty.protobuf.DynamicMessage
2024-11-12 13:42:55,919 INFO  EvoClassLoader - Instrumenting class 'org.apache.hadoop.thirdparty.protobuf.DynamicMessage'.
2024-11-12 13:42:55,919 INFO  MethodCallReplacementClassAdapter - Adding mock interface to class org/apache/hadoop/thirdparty/protobuf/DynamicMessage
2024-11-12 13:42:55,920 INFO  CreateClassResetClassAdapter - Creating brand-new static initializer in class org/apache/hadoop/thirdparty/protobuf/DynamicMessage
2024-11-12 13:42:55,921 INFO  EvoClassLoader - Keeping class: org.apache.hadoop.thirdparty.protobuf.DynamicMessage
2024-11-12 13:42:55,921 INFO  EvoClassLoader - Seeing class for first time: org.apache.hadoop.thirdparty.protobuf.DynamicMessage$Builder
2024-11-12 13:42:55,921 INFO  EvoClassLoader - Instrumenting class 'org.apache.hadoop.thirdparty.protobuf.DynamicMessage$Builder'.
2024-11-12 13:42:55,921 INFO  MethodCallReplacementClassAdapter - Adding mock interface to class org/apache/hadoop/thirdparty/protobuf/DynamicMessage$Builder
2024-11-12 13:42:55,923 INFO  CreateClassResetClassAdapter - Creating brand-new static initializer in class org/apache/hadoop/thirdparty/protobuf/DynamicMessage$Builder
2024-11-12 13:42:55,924 INFO  EvoClassLoader - Keeping class: org.apache.hadoop.thirdparty.protobuf.DynamicMessage$Builder
2024-11-12 13:42:55,925 INFO  EvoClassLoader - Seeing class for first time: org.apache.hadoop.thirdparty.protobuf.DescriptorProtos$GeneratedCodeInfo$Annotation$1
2024-11-12 13:42:55,925 INFO  EvoClassLoader - Instrumenting class 'org.apache.hadoop.thirdparty.protobuf.DescriptorProtos$GeneratedCodeInfo$Annotation$1'.
2024-11-12 13:42:55,926 INFO  MethodCallReplacementClassAdapter - Adding mock interface to class org/apache/hadoop/thirdparty/protobuf/DescriptorProtos$GeneratedCodeInfo$Annotation$1
2024-11-12 13:42:55,926 INFO  EvoClassLoader - Keeping class: org.apache.hadoop.thirdparty.protobuf.DescriptorProtos$GeneratedCodeInfo$Annotation$1
2024-11-12 13:42:55,926 INFO  EvoClassLoader - Seeing class for first time: org.apache.hadoop.thirdparty.protobuf.DescriptorProtos$GeneratedCodeInfo$Annotation$Builder
2024-11-12 13:42:55,926 INFO  EvoClassLoader - Instrumenting class 'org.apache.hadoop.thirdparty.protobuf.DescriptorProtos$GeneratedCodeInfo$Annotation$Builder'.
2024-11-12 13:42:55,927 INFO  MethodCallReplacementClassAdapter - Adding mock interface to class org/apache/hadoop/thirdparty/protobuf/DescriptorProtos$GeneratedCodeInfo$Annotation$Builder
2024-11-12 13:42:55,928 INFO  CreateClassResetClassAdapter - Creating brand-new static initializer in class org/apache/hadoop/thirdparty/protobuf/DescriptorProtos$GeneratedCodeInfo$Annotation$Builder
2024-11-12 13:42:55,928 INFO  EvoClassLoader - Keeping class: org.apache.hadoop.thirdparty.protobuf.DescriptorProtos$GeneratedCodeInfo$Annotation$Builder
2024-11-12 13:42:55,936 INFO  EvoClassLoader - Seeing class for first time: org.apache.hadoop.thirdparty.protobuf.ListValue$Builder
2024-11-12 13:42:55,936 INFO  EvoClassLoader - Instrumenting class 'org.apache.hadoop.thirdparty.protobuf.ListValue$Builder'.
2024-11-12 13:42:55,936 INFO  MethodCallReplacementClassAdapter - Adding mock interface to class org/apache/hadoop/thirdparty/protobuf/ListValue$Builder
2024-11-12 13:42:55,937 INFO  CreateClassResetClassAdapter - Creating brand-new static initializer in class org/apache/hadoop/thirdparty/protobuf/ListValue$Builder
2024-11-12 13:42:55,938 INFO  EvoClassLoader - Seeing class for first time: org.apache.hadoop.thirdparty.protobuf.ListValueOrBuilder
2024-11-12 13:42:55,938 INFO  EvoClassLoader - Instrumenting class 'org.apache.hadoop.thirdparty.protobuf.ListValueOrBuilder'.
2024-11-12 13:42:55,938 INFO  EvoClassLoader - Keeping class: org.apache.hadoop.thirdparty.protobuf.ListValueOrBuilder
2024-11-12 13:42:55,938 INFO  EvoClassLoader - Keeping class: org.apache.hadoop.thirdparty.protobuf.ListValue$Builder
2024-11-12 13:42:55,938 INFO  EvoClassLoader - Seeing class for first time: org.apache.hadoop.thirdparty.protobuf.ListValue
2024-11-12 13:42:55,938 INFO  EvoClassLoader - Instrumenting class 'org.apache.hadoop.thirdparty.protobuf.ListValue'.
2024-11-12 13:42:55,938 INFO  MethodCallReplacementClassAdapter - Adding mock interface to class org/apache/hadoop/thirdparty/protobuf/ListValue
2024-11-12 13:42:55,939 INFO  CreateClassResetClassAdapter - Found static initializer in class org/apache/hadoop/thirdparty/protobuf/ListValue
2024-11-12 13:42:55,939 INFO  EvoClassLoader - Keeping class: org.apache.hadoop.thirdparty.protobuf.ListValue
2024-11-12 13:42:55,939 INFO  EvoClassLoader - Seeing class for first time: org.apache.hadoop.thirdparty.protobuf.Value
2024-11-12 13:42:55,939 INFO  EvoClassLoader - Instrumenting class 'org.apache.hadoop.thirdparty.protobuf.Value'.
2024-11-12 13:42:55,940 INFO  MethodCallReplacementClassAdapter - Adding mock interface to class org/apache/hadoop/thirdparty/protobuf/Value
2024-11-12 13:42:55,940 INFO  CreateClassResetClassAdapter - Found static initializer in class org/apache/hadoop/thirdparty/protobuf/Value
2024-11-12 13:42:55,941 INFO  EvoClassLoader - Seeing class for first time: org.apache.hadoop.thirdparty.protobuf.ValueOrBuilder
2024-11-12 13:42:55,941 INFO  EvoClassLoader - Instrumenting class 'org.apache.hadoop.thirdparty.protobuf.ValueOrBuilder'.
2024-11-12 13:42:55,941 INFO  EvoClassLoader - Keeping class: org.apache.hadoop.thirdparty.protobuf.ValueOrBuilder
2024-11-12 13:42:55,941 INFO  EvoClassLoader - Keeping class: org.apache.hadoop.thirdparty.protobuf.Value
2024-11-12 13:42:55,941 INFO  EvoClassLoader - Seeing class for first time: org.apache.hadoop.thirdparty.protobuf.Value$Builder
2024-11-12 13:42:55,941 INFO  EvoClassLoader - Instrumenting class 'org.apache.hadoop.thirdparty.protobuf.Value$Builder'.
2024-11-12 13:42:55,942 INFO  MethodCallReplacementClassAdapter - Adding mock interface to class org/apache/hadoop/thirdparty/protobuf/Value$Builder
2024-11-12 13:42:55,943 INFO  CreateClassResetClassAdapter - Creating brand-new static initializer in class org/apache/hadoop/thirdparty/protobuf/Value$Builder
2024-11-12 13:42:55,944 INFO  EvoClassLoader - Keeping class: org.apache.hadoop.thirdparty.protobuf.Value$Builder
2024-11-12 13:42:55,944 INFO  EvoClassLoader - Seeing class for first time: org.apache.hadoop.thirdparty.protobuf.StructProto
2024-11-12 13:42:55,944 INFO  EvoClassLoader - Instrumenting class 'org.apache.hadoop.thirdparty.protobuf.StructProto'.
2024-11-12 13:42:55,945 INFO  MethodCallReplacementClassAdapter - Adding mock interface to class org/apache/hadoop/thirdparty/protobuf/StructProto
2024-11-12 13:42:55,945 INFO  CreateClassResetClassAdapter - Found static initializer in class org/apache/hadoop/thirdparty/protobuf/StructProto
2024-11-12 13:42:55,945 INFO  EvoClassLoader - Keeping class: org.apache.hadoop.thirdparty.protobuf.StructProto
2024-11-12 13:42:55,947 INFO  EvoClassLoader - Seeing class for first time: org.apache.hadoop.io.TestGenericWritable$Bar
2024-11-12 13:42:55,947 INFO  EvoClassLoader - Instrumenting class 'org.apache.hadoop.io.TestGenericWritable$Bar'.
2024-11-12 13:42:55,947 INFO  MethodCallReplacementClassAdapter - Adding mock interface to class org/apache/hadoop/io/TestGenericWritable$Bar
2024-11-12 13:42:55,948 INFO  CreateClassResetClassAdapter - Creating brand-new static initializer in class org/apache/hadoop/io/TestGenericWritable$Bar
2024-11-12 13:42:55,948 INFO  EvoClassLoader - Keeping class: org.apache.hadoop.io.TestGenericWritable$Bar
2024-11-12 13:42:55,948 INFO  EvoClassLoader - Seeing class for first time: org.apache.hadoop.io.TestGenericWritable
2024-11-12 13:42:55,948 INFO  EvoClassLoader - Instrumenting class 'org.apache.hadoop.io.TestGenericWritable'.
2024-11-12 13:42:55,948 INFO  MethodCallReplacementClassAdapter - Adding mock interface to class org/apache/hadoop/io/TestGenericWritable
2024-11-12 13:42:55,948 INFO  CreateClassResetClassAdapter - Creating brand-new static initializer in class org/apache/hadoop/io/TestGenericWritable
2024-11-12 13:42:55,948 INFO  CreateClassResetClassAdapter - Adding bytecode for initializing field CONF_TEST_KEY
2024-11-12 13:42:55,948 INFO  CreateClassResetClassAdapter - Adding bytecode for initializing field CONF_TEST_VALUE
2024-11-12 13:42:55,949 INFO  EvoClassLoader - Keeping class: org.apache.hadoop.io.TestGenericWritable
2024-11-12 13:42:55,949 INFO  EvoClassLoader - Seeing class for first time: org.apache.hadoop.io.TestGenericWritable$FooGenericWritable
2024-11-12 13:42:55,949 INFO  EvoClassLoader - Instrumenting class 'org.apache.hadoop.io.TestGenericWritable$FooGenericWritable'.
2024-11-12 13:42:55,949 INFO  MethodCallReplacementClassAdapter - Adding mock interface to class org/apache/hadoop/io/TestGenericWritable$FooGenericWritable
2024-11-12 13:42:55,949 INFO  CreateClassResetClassAdapter - Creating brand-new static initializer in class org/apache/hadoop/io/TestGenericWritable$FooGenericWritable
2024-11-12 13:42:55,949 INFO  EvoClassLoader - Seeing class for first time: org.apache.hadoop.io.GenericWritable
2024-11-12 13:42:55,949 INFO  EvoClassLoader - Instrumenting class 'org.apache.hadoop.io.GenericWritable'.
2024-11-12 13:42:55,949 INFO  MethodCallReplacementClassAdapter - Adding mock interface to class org/apache/hadoop/io/GenericWritable
2024-11-12 13:42:55,950 INFO  CreateClassResetClassAdapter - Creating brand-new static initializer in class org/apache/hadoop/io/GenericWritable
2024-11-12 13:42:55,950 INFO  CreateClassResetClassAdapter - Adding bytecode for initializing field NOT_SET
2024-11-12 13:42:55,950 INFO  EvoClassLoader - Keeping class: org.apache.hadoop.io.GenericWritable
2024-11-12 13:42:55,950 INFO  EvoClassLoader - Keeping class: org.apache.hadoop.io.TestGenericWritable$FooGenericWritable
2024-11-12 13:42:55,950 INFO  EvoClassLoader - Seeing class for first time: org.apache.hadoop.io.TestGenericWritable$Baz
2024-11-12 13:42:55,950 INFO  EvoClassLoader - Instrumenting class 'org.apache.hadoop.io.TestGenericWritable$Baz'.
2024-11-12 13:42:55,951 INFO  MethodCallReplacementClassAdapter - Adding mock interface to class org/apache/hadoop/io/TestGenericWritable$Baz
2024-11-12 13:42:55,951 INFO  CreateClassResetClassAdapter - Creating brand-new static initializer in class org/apache/hadoop/io/TestGenericWritable$Baz
2024-11-12 13:42:55,951 INFO  EvoClassLoader - Keeping class: org.apache.hadoop.io.TestGenericWritable$Baz
2024-11-12 13:42:55,951 INFO  EvoClassLoader - Seeing class for first time: org.apache.hadoop.fs.FileSystem$Statistics$StatisticsDataReferenceCleaner
2024-11-12 13:42:55,951 INFO  EvoClassLoader - Instrumenting class 'org.apache.hadoop.fs.FileSystem$Statistics$StatisticsDataReferenceCleaner'.
2024-11-12 13:42:55,951 INFO  MethodCallReplacementClassAdapter - Adding mock interface to class org/apache/hadoop/fs/FileSystem$Statistics$StatisticsDataReferenceCleaner
2024-11-12 13:42:55,951 INFO  CreateClassResetClassAdapter - Creating brand-new static initializer in class org/apache/hadoop/fs/FileSystem$Statistics$StatisticsDataReferenceCleaner
2024-11-12 13:42:55,951 INFO  EvoClassLoader - Keeping class: org.apache.hadoop.fs.FileSystem$Statistics$StatisticsDataReferenceCleaner
2024-11-12 13:42:55,951 INFO  EvoClassLoader - Seeing class for first time: org.apache.hadoop.fs.FileSystem$Statistics$StatisticsAggregator
2024-11-12 13:42:55,951 INFO  EvoClassLoader - Instrumenting class 'org.apache.hadoop.fs.FileSystem$Statistics$StatisticsAggregator'.
2024-11-12 13:42:55,952 INFO  EvoClassLoader - Keeping class: org.apache.hadoop.fs.FileSystem$Statistics$StatisticsAggregator
2024-11-12 13:42:55,952 INFO  EvoClassLoader - Seeing class for first time: org.apache.hadoop.fs.FileSystem$Statistics$StatisticsData
2024-11-12 13:42:55,952 INFO  EvoClassLoader - Instrumenting class 'org.apache.hadoop.fs.FileSystem$Statistics$StatisticsData'.
2024-11-12 13:42:55,952 INFO  MethodCallReplacementClassAdapter - Adding mock interface to class org/apache/hadoop/fs/FileSystem$Statistics$StatisticsData
2024-11-12 13:42:55,952 INFO  CreateClassResetClassAdapter - Creating brand-new static initializer in class org/apache/hadoop/fs/FileSystem$Statistics$StatisticsData
2024-11-12 13:42:55,952 INFO  EvoClassLoader - Keeping class: org.apache.hadoop.fs.FileSystem$Statistics$StatisticsData
2024-11-12 13:42:55,953 INFO  EvoClassLoader - Seeing class for first time: org.apache.hadoop.fs.FileSystem$Statistics$StatisticsDataReference
2024-11-12 13:42:55,953 INFO  EvoClassLoader - Instrumenting class 'org.apache.hadoop.fs.FileSystem$Statistics$StatisticsDataReference'.
2024-11-12 13:42:55,953 INFO  MethodCallReplacementClassAdapter - Adding mock interface to class org/apache/hadoop/fs/FileSystem$Statistics$StatisticsDataReference
2024-11-12 13:42:55,953 INFO  CreateClassResetClassAdapter - Creating brand-new static initializer in class org/apache/hadoop/fs/FileSystem$Statistics$StatisticsDataReference
2024-11-12 13:42:55,954 INFO  EvoClassLoader - Keeping class: org.apache.hadoop.fs.FileSystem$Statistics$StatisticsDataReference
2024-11-12 13:42:55,954 INFO  EvoClassLoader - Seeing class for first time: org.apache.hadoop.ipc.RemoteException
2024-11-12 13:42:55,954 INFO  EvoClassLoader - Instrumenting class 'org.apache.hadoop.ipc.RemoteException'.
2024-11-12 13:42:55,954 INFO  MethodCallReplacementClassAdapter - Adding mock interface to class org/apache/hadoop/ipc/RemoteException
2024-11-12 13:42:55,954 INFO  CreateClassResetClassAdapter - Creating brand-new static initializer in class org/apache/hadoop/ipc/RemoteException
2024-11-12 13:42:55,954 INFO  CreateClassResetClassAdapter - Adding bytecode for initializing field UNSPECIFIED_ERROR
2024-11-12 13:42:55,955 INFO  EvoClassLoader - Keeping class: org.apache.hadoop.ipc.RemoteException
2024-11-12 13:42:55,955 INFO  EvoClassLoader - Seeing class for first time: org.apache.hadoop.hdfs.FileChecksumHelper$FileChecksumComputer
2024-11-12 13:42:55,955 INFO  EvoClassLoader - Instrumenting class 'org.apache.hadoop.hdfs.FileChecksumHelper$FileChecksumComputer'.
2024-11-12 13:42:55,955 INFO  MethodCallReplacementClassAdapter - Adding mock interface to class org/apache/hadoop/hdfs/FileChecksumHelper$FileChecksumComputer
2024-11-12 13:42:55,956 INFO  CreateClassResetClassAdapter - Creating brand-new static initializer in class org/apache/hadoop/hdfs/FileChecksumHelper$FileChecksumComputer
2024-11-12 13:42:55,956 INFO  EvoClassLoader - Keeping class: org.apache.hadoop.hdfs.FileChecksumHelper$FileChecksumComputer
2024-11-12 13:42:55,956 INFO  EvoClassLoader - Seeing class for first time: org.apache.hadoop.hdfs.FileChecksumHelper$StripedFileNonStripedChecksumComputer
2024-11-12 13:42:55,956 INFO  EvoClassLoader - Instrumenting class 'org.apache.hadoop.hdfs.FileChecksumHelper$StripedFileNonStripedChecksumComputer'.
2024-11-12 13:42:55,957 INFO  MethodCallReplacementClassAdapter - Adding mock interface to class org/apache/hadoop/hdfs/FileChecksumHelper$StripedFileNonStripedChecksumComputer
2024-11-12 13:42:55,958 INFO  CreateClassResetClassAdapter - Creating brand-new static initializer in class org/apache/hadoop/hdfs/FileChecksumHelper$StripedFileNonStripedChecksumComputer
2024-11-12 13:42:55,958 INFO  EvoClassLoader - Keeping class: org.apache.hadoop.hdfs.FileChecksumHelper$StripedFileNonStripedChecksumComputer
2024-11-12 13:42:55,958 INFO  EvoClassLoader - Seeing class for first time: org.apache.hadoop.hdfs.FileChecksumHelper$ReplicatedFileChecksumComputer
2024-11-12 13:42:55,958 INFO  EvoClassLoader - Instrumenting class 'org.apache.hadoop.hdfs.FileChecksumHelper$ReplicatedFileChecksumComputer'.
2024-11-12 13:42:55,958 INFO  MethodCallReplacementClassAdapter - Adding mock interface to class org/apache/hadoop/hdfs/FileChecksumHelper$ReplicatedFileChecksumComputer
2024-11-12 13:42:55,959 INFO  CreateClassResetClassAdapter - Creating brand-new static initializer in class org/apache/hadoop/hdfs/FileChecksumHelper$ReplicatedFileChecksumComputer
2024-11-12 13:42:55,959 INFO  EvoClassLoader - Keeping class: org.apache.hadoop.hdfs.FileChecksumHelper$ReplicatedFileChecksumComputer
2024-11-12 13:42:55,959 INFO  EvoClassLoader - Seeing class for first time: org.apache.hadoop.hdfs.protocol.DatanodeInfoWithStorage
2024-11-12 13:42:55,959 INFO  EvoClassLoader - Instrumenting class 'org.apache.hadoop.hdfs.protocol.DatanodeInfoWithStorage'.
2024-11-12 13:42:55,959 INFO  MethodCallReplacementClassAdapter - Adding mock interface to class org/apache/hadoop/hdfs/protocol/DatanodeInfoWithStorage
2024-11-12 13:42:55,959 INFO  CreateClassResetClassAdapter - Creating brand-new static initializer in class org/apache/hadoop/hdfs/protocol/DatanodeInfoWithStorage
2024-11-12 13:42:55,960 INFO  EvoClassLoader - Keeping class: org.apache.hadoop.hdfs.protocol.DatanodeInfoWithStorage
2024-11-12 13:42:55,960 INFO  EvoClassLoader - Seeing class for first time: org.apache.hadoop.hdfs.DFSInputStream
2024-11-12 13:42:55,960 INFO  EvoClassLoader - Instrumenting class 'org.apache.hadoop.hdfs.DFSInputStream'.
2024-11-12 13:42:55,960 INFO  MethodCallReplacementClassAdapter - Adding mock interface to class org/apache/hadoop/hdfs/DFSInputStream
2024-11-12 13:42:55,965 INFO  CreateClassResetClassAdapter - Found static initializer in class org/apache/hadoop/hdfs/DFSInputStream
2024-11-12 13:42:55,967 INFO  EvoClassLoader - Keeping class: org.apache.hadoop.hdfs.DFSInputStream
2024-11-12 13:42:55,967 INFO  EvoClassLoader - Seeing class for first time: org.apache.hadoop.hdfs.DFSStripedInputStream
2024-11-12 13:42:55,967 INFO  EvoClassLoader - Instrumenting class 'org.apache.hadoop.hdfs.DFSStripedInputStream'.
2024-11-12 13:42:55,967 INFO  MethodCallReplacementClassAdapter - Adding mock interface to class org/apache/hadoop/hdfs/DFSStripedInputStream
2024-11-12 13:42:55,968 INFO  CreateClassResetClassAdapter - Found static initializer in class org/apache/hadoop/hdfs/DFSStripedInputStream
2024-11-12 13:42:55,969 INFO  EvoClassLoader - Keeping class: org.apache.hadoop.hdfs.DFSStripedInputStream
2024-11-12 13:42:55,972 INFO  EvoClassLoader - Seeing class for first time: org.apache.hadoop.fs.HdfsBlockLocation
2024-11-12 13:42:55,972 INFO  EvoClassLoader - Instrumenting class 'org.apache.hadoop.fs.HdfsBlockLocation'.
2024-11-12 13:42:55,972 INFO  MethodCallReplacementClassAdapter - Adding mock interface to class org/apache/hadoop/fs/HdfsBlockLocation
2024-11-12 13:42:55,972 INFO  CreateClassResetClassAdapter - Creating brand-new static initializer in class org/apache/hadoop/fs/HdfsBlockLocation
2024-11-12 13:42:55,972 INFO  EvoClassLoader - Keeping class: org.apache.hadoop.fs.HdfsBlockLocation
2024-11-12 13:42:55,974 INFO  EvoClassLoader - Seeing class for first time: org.apache.hadoop.hdfs.server.datanode.CachingStrategy
2024-11-12 13:42:55,974 INFO  EvoClassLoader - Instrumenting class 'org.apache.hadoop.hdfs.server.datanode.CachingStrategy'.
2024-11-12 13:42:55,974 INFO  MethodCallReplacementClassAdapter - Adding mock interface to class org/apache/hadoop/hdfs/server/datanode/CachingStrategy
2024-11-12 13:42:55,974 INFO  CreateClassResetClassAdapter - Creating brand-new static initializer in class org/apache/hadoop/hdfs/server/datanode/CachingStrategy
2024-11-12 13:42:55,974 INFO  EvoClassLoader - Keeping class: org.apache.hadoop.hdfs.server.datanode.CachingStrategy
2024-11-12 13:42:55,974 INFO  EvoClassLoader - Seeing class for first time: org.apache.hadoop.hdfs.ClientContext
2024-11-12 13:42:55,974 INFO  EvoClassLoader - Instrumenting class 'org.apache.hadoop.hdfs.ClientContext'.
2024-11-12 13:42:55,975 INFO  MethodCallReplacementClassAdapter - Adding mock interface to class org/apache/hadoop/hdfs/ClientContext
2024-11-12 13:42:55,975 INFO  CreateClassResetClassAdapter - Found static initializer in class org/apache/hadoop/hdfs/ClientContext
2024-11-12 13:42:55,976 INFO  EvoClassLoader - Keeping class: org.apache.hadoop.hdfs.ClientContext
2024-11-12 13:42:55,976 INFO  EvoClassLoader - Seeing class for first time: org.apache.hadoop.fs.Options$ChecksumCombineMode
2024-11-12 13:42:55,976 INFO  EvoClassLoader - Instrumenting class 'org.apache.hadoop.fs.Options$ChecksumCombineMode'.
2024-11-12 13:42:55,976 INFO  MethodCallReplacementClassAdapter - Adding mock interface to class org/apache/hadoop/fs/Options$ChecksumCombineMode
2024-11-12 13:42:55,976 INFO  CreateClassResetClassAdapter - Found static initializer in class org/apache/hadoop/fs/Options$ChecksumCombineMode
2024-11-12 13:42:55,976 INFO  EvoClassLoader - Keeping class: org.apache.hadoop.fs.Options$ChecksumCombineMode
2024-11-12 13:42:55,976 INFO  EvoClassLoader - Seeing class for first time: org.apache.hadoop.hdfs.protocol.datatransfer.IOStreamPair
2024-11-12 13:42:55,976 INFO  EvoClassLoader - Instrumenting class 'org.apache.hadoop.hdfs.protocol.datatransfer.IOStreamPair'.
2024-11-12 13:42:55,976 INFO  MethodCallReplacementClassAdapter - Adding mock interface to class org/apache/hadoop/hdfs/protocol/datatransfer/IOStreamPair
2024-11-12 13:42:55,976 INFO  CreateClassResetClassAdapter - Creating brand-new static initializer in class org/apache/hadoop/hdfs/protocol/datatransfer/IOStreamPair
2024-11-12 13:42:55,976 INFO  EvoClassLoader - Defined package (3): package org.apache.hadoop.hdfs.protocol.datatransfer, -312567207
2024-11-12 13:42:55,976 INFO  EvoClassLoader - Keeping class: org.apache.hadoop.hdfs.protocol.datatransfer.IOStreamPair
2024-11-12 13:42:55,976 INFO  EvoClassLoader - Seeing class for first time: org.apache.hadoop.util.DataChecksum$Type
2024-11-12 13:42:55,976 INFO  EvoClassLoader - Instrumenting class 'org.apache.hadoop.util.DataChecksum$Type'.
2024-11-12 13:42:55,977 INFO  MethodCallReplacementClassAdapter - Adding mock interface to class org/apache/hadoop/util/DataChecksum$Type
2024-11-12 13:42:55,977 INFO  CreateClassResetClassAdapter - Found static initializer in class org/apache/hadoop/util/DataChecksum$Type
2024-11-12 13:42:55,977 INFO  EvoClassLoader - Keeping class: org.apache.hadoop.util.DataChecksum$Type
2024-11-12 13:42:55,977 INFO  EvoClassLoader - Seeing class for first time: org.apache.hadoop.hdfs.net.Peer
2024-11-12 13:42:55,977 INFO  EvoClassLoader - Instrumenting class 'org.apache.hadoop.hdfs.net.Peer'.
2024-11-12 13:42:55,978 INFO  EvoClassLoader - Defined package (3): package org.apache.hadoop.hdfs.net, -1603378613
2024-11-12 13:42:55,978 INFO  EvoClassLoader - Keeping class: org.apache.hadoop.hdfs.net.Peer
2024-11-12 13:42:55,978 INFO  EvoClassLoader - Seeing class for first time: org.apache.hadoop.hdfs.protocol.datatransfer.sasl.SaslDataTransferClient
2024-11-12 13:42:55,978 INFO  EvoClassLoader - Instrumenting class 'org.apache.hadoop.hdfs.protocol.datatransfer.sasl.SaslDataTransferClient'.
2024-11-12 13:42:55,978 INFO  MethodCallReplacementClassAdapter - Adding mock interface to class org/apache/hadoop/hdfs/protocol/datatransfer/sasl/SaslDataTransferClient
2024-11-12 13:42:55,979 INFO  CreateClassResetClassAdapter - Found static initializer in class org/apache/hadoop/hdfs/protocol/datatransfer/sasl/SaslDataTransferClient
2024-11-12 13:42:55,979 INFO  EvoClassLoader - Keeping class: org.apache.hadoop.hdfs.protocol.datatransfer.sasl.SaslDataTransferClient
2024-11-12 13:42:55,979 INFO  EvoClassLoader - Seeing class for first time: org.apache.hadoop.hdfs.DeadNodeDetector
2024-11-12 13:42:55,979 INFO  EvoClassLoader - Instrumenting class 'org.apache.hadoop.hdfs.DeadNodeDetector'.
2024-11-12 13:42:55,980 INFO  MethodCallReplacementClassAdapter - Adding mock interface to class org/apache/hadoop/hdfs/DeadNodeDetector
2024-11-12 13:42:55,981 INFO  CreateClassResetClassAdapter - Found static initializer in class org/apache/hadoop/hdfs/DeadNodeDetector
2024-11-12 13:42:55,981 INFO  EvoClassLoader - Seeing class for first time: org.apache.hadoop.util.Daemon
2024-11-12 13:42:55,981 INFO  EvoClassLoader - Instrumenting class 'org.apache.hadoop.util.Daemon'.
2024-11-12 13:42:55,981 INFO  MethodCallReplacementClassAdapter - Adding mock interface to class org/apache/hadoop/util/Daemon
2024-11-12 13:42:55,981 INFO  CreateClassResetClassAdapter - Creating brand-new static initializer in class org/apache/hadoop/util/Daemon
2024-11-12 13:42:55,981 INFO  EvoClassLoader - Keeping class: org.apache.hadoop.util.Daemon
2024-11-12 13:42:55,981 INFO  EvoClassLoader - Keeping class: org.apache.hadoop.hdfs.DeadNodeDetector
2024-11-12 13:42:55,981 INFO  EvoClassLoader - Seeing class for first time: org.apache.hadoop.hdfs.LocatedBlocksRefresher
2024-11-12 13:42:55,981 INFO  EvoClassLoader - Instrumenting class 'org.apache.hadoop.hdfs.LocatedBlocksRefresher'.
2024-11-12 13:42:55,982 INFO  MethodCallReplacementClassAdapter - Adding mock interface to class org/apache/hadoop/hdfs/LocatedBlocksRefresher
2024-11-12 13:42:55,982 INFO  CreateClassResetClassAdapter - Found static initializer in class org/apache/hadoop/hdfs/LocatedBlocksRefresher
2024-11-12 13:42:55,983 INFO  EvoClassLoader - Keeping class: org.apache.hadoop.hdfs.LocatedBlocksRefresher
2024-11-12 13:42:55,983 INFO  EvoClassLoader - Seeing class for first time: org.apache.hadoop.hdfs.client.impl.LeaseRenewer
2024-11-12 13:42:55,983 INFO  EvoClassLoader - Instrumenting class 'org.apache.hadoop.hdfs.client.impl.LeaseRenewer'.
2024-11-12 13:42:55,983 INFO  MethodCallReplacementClassAdapter - Adding mock interface to class org/apache/hadoop/hdfs/client/impl/LeaseRenewer
2024-11-12 13:42:55,984 INFO  CreateClassResetClassAdapter - Found static initializer in class org/apache/hadoop/hdfs/client/impl/LeaseRenewer
2024-11-12 13:42:55,984 INFO  EvoClassLoader - Defined package (3): package org.apache.hadoop.hdfs.client.impl, 1571191057
2024-11-12 13:42:55,985 INFO  EvoClassLoader - Keeping class: org.apache.hadoop.hdfs.client.impl.LeaseRenewer
2024-11-12 13:42:55,985 INFO  EvoClassLoader - Seeing class for first time: org.apache.hadoop.hdfs.client.impl.DfsClientConf
2024-11-12 13:42:55,985 INFO  EvoClassLoader - Instrumenting class 'org.apache.hadoop.hdfs.client.impl.DfsClientConf'.
2024-11-12 13:42:55,985 INFO  MethodCallReplacementClassAdapter - Adding mock interface to class org/apache/hadoop/hdfs/client/impl/DfsClientConf
2024-11-12 13:42:55,986 INFO  CreateClassResetClassAdapter - Found static initializer in class org/apache/hadoop/hdfs/client/impl/DfsClientConf
2024-11-12 13:42:55,986 INFO  EvoClassLoader - Keeping class: org.apache.hadoop.hdfs.client.impl.DfsClientConf
2024-11-12 13:42:55,986 INFO  EvoClassLoader - Seeing class for first time: org.apache.hadoop.fs.MD5MD5CRC32FileChecksum
2024-11-12 13:42:55,986 INFO  EvoClassLoader - Instrumenting class 'org.apache.hadoop.fs.MD5MD5CRC32FileChecksum'.
2024-11-12 13:42:55,987 INFO  MethodCallReplacementClassAdapter - Adding mock interface to class org/apache/hadoop/fs/MD5MD5CRC32FileChecksum
2024-11-12 13:42:55,987 INFO  CreateClassResetClassAdapter - Creating brand-new static initializer in class org/apache/hadoop/fs/MD5MD5CRC32FileChecksum
2024-11-12 13:42:55,987 INFO  CreateClassResetClassAdapter - Adding bytecode for initializing field LENGTH
2024-11-12 13:42:55,987 INFO  EvoClassLoader - Keeping class: org.apache.hadoop.fs.MD5MD5CRC32FileChecksum
2024-11-12 13:42:55,988 INFO  EvoClassLoader - Seeing class for first time: org.apache.hadoop.fs.FsTracer
2024-11-12 13:42:55,988 INFO  EvoClassLoader - Instrumenting class 'org.apache.hadoop.fs.FsTracer'.
2024-11-12 13:42:55,988 INFO  MethodCallReplacementClassAdapter - Adding mock interface to class org/apache/hadoop/fs/FsTracer
2024-11-12 13:42:55,988 INFO  CreateClassResetClassAdapter - Creating brand-new static initializer in class org/apache/hadoop/fs/FsTracer
2024-11-12 13:42:55,988 INFO  CreateClassResetClassAdapter - Adding bytecode for initializing field instance
2024-11-12 13:42:55,988 INFO  EvoClassLoader - Keeping class: org.apache.hadoop.fs.FsTracer
2024-11-12 13:42:55,988 INFO  EvoClassLoader - Seeing class for first time: org.apache.hadoop.util.DataChecksum
2024-11-12 13:42:55,988 INFO  EvoClassLoader - Instrumenting class 'org.apache.hadoop.util.DataChecksum'.
2024-11-12 13:42:55,989 INFO  MethodCallReplacementClassAdapter - Adding mock interface to class org/apache/hadoop/util/DataChecksum
2024-11-12 13:42:55,990 INFO  CreateClassResetClassAdapter - Found static initializer in class org/apache/hadoop/util/DataChecksum
2024-11-12 13:42:55,990 INFO  EvoClassLoader - Keeping class: org.apache.hadoop.util.DataChecksum
2024-11-12 13:42:55,990 INFO  EvoClassLoader - Seeing class for first time: org.apache.hadoop.hdfs.util.ByteArrayManager$Conf
2024-11-12 13:42:55,990 INFO  EvoClassLoader - Instrumenting class 'org.apache.hadoop.hdfs.util.ByteArrayManager$Conf'.
2024-11-12 13:42:55,990 INFO  MethodCallReplacementClassAdapter - Adding mock interface to class org/apache/hadoop/hdfs/util/ByteArrayManager$Conf
2024-11-12 13:42:55,991 INFO  CreateClassResetClassAdapter - Creating brand-new static initializer in class org/apache/hadoop/hdfs/util/ByteArrayManager$Conf
2024-11-12 13:42:55,991 INFO  EvoClassLoader - Keeping class: org.apache.hadoop.hdfs.util.ByteArrayManager$Conf
2024-11-12 13:42:55,991 INFO  EvoClassLoader - Seeing class for first time: org.apache.hadoop.hdfs.client.impl.DfsClientConf$ShortCircuitConf
2024-11-12 13:42:55,991 INFO  EvoClassLoader - Instrumenting class 'org.apache.hadoop.hdfs.client.impl.DfsClientConf$ShortCircuitConf'.
2024-11-12 13:42:55,991 INFO  MethodCallReplacementClassAdapter - Adding mock interface to class org/apache/hadoop/hdfs/client/impl/DfsClientConf$ShortCircuitConf
2024-11-12 13:42:55,991 INFO  CreateClassResetClassAdapter - Found static initializer in class org/apache/hadoop/hdfs/client/impl/DfsClientConf$ShortCircuitConf
2024-11-12 13:42:55,991 INFO  EvoClassLoader - Keeping class: org.apache.hadoop.hdfs.client.impl.DfsClientConf$ShortCircuitConf
2024-11-12 13:42:55,991 INFO  EvoClassLoader - Seeing class for first time: org.apache.hadoop.ipc.Client$1
2024-11-12 13:42:55,991 INFO  EvoClassLoader - Instrumenting class 'org.apache.hadoop.ipc.Client$1'.
2024-11-12 13:42:55,992 INFO  MethodCallReplacementClassAdapter - Adding mock interface to class org/apache/hadoop/ipc/Client$1
2024-11-12 13:42:55,992 INFO  EvoClassLoader - Keeping class: org.apache.hadoop.ipc.Client$1
2024-11-12 13:42:55,992 INFO  EvoClassLoader - Seeing class for first time: org.apache.hadoop.ipc.Client
2024-11-12 13:42:55,992 INFO  EvoClassLoader - Instrumenting class 'org.apache.hadoop.ipc.Client'.
2024-11-12 13:42:55,992 INFO  MethodCallReplacementClassAdapter - Adding mock interface to class org/apache/hadoop/ipc/Client
2024-11-12 13:42:55,993 INFO  CreateClassResetClassAdapter - Found static initializer in class org/apache/hadoop/ipc/Client
2024-11-12 13:42:55,993 INFO  EvoClassLoader - Keeping class: org.apache.hadoop.ipc.Client
2024-11-12 13:42:55,994 INFO  EvoClassLoader - Seeing class for first time: org.apache.hadoop.ipc.AsyncCallLimitExceededException
2024-11-12 13:42:55,994 INFO  EvoClassLoader - Instrumenting class 'org.apache.hadoop.ipc.AsyncCallLimitExceededException'.
2024-11-12 13:42:55,994 INFO  MethodCallReplacementClassAdapter - Adding mock interface to class org/apache/hadoop/ipc/AsyncCallLimitExceededException
2024-11-12 13:42:55,994 INFO  CreateClassResetClassAdapter - Creating brand-new static initializer in class org/apache/hadoop/ipc/AsyncCallLimitExceededException
2024-11-12 13:42:55,994 INFO  EvoClassLoader - Keeping class: org.apache.hadoop.ipc.AsyncCallLimitExceededException
2024-11-12 13:42:55,994 INFO  EvoClassLoader - Seeing class for first time: org.apache.hadoop.ipc.Client$ConnectionId
2024-11-12 13:42:55,994 INFO  EvoClassLoader - Instrumenting class 'org.apache.hadoop.ipc.Client$ConnectionId'.
2024-11-12 13:42:55,994 INFO  MethodCallReplacementClassAdapter - Adding mock interface to class org/apache/hadoop/ipc/Client$ConnectionId
2024-11-12 13:42:55,995 INFO  CreateClassResetClassAdapter - Creating brand-new static initializer in class org/apache/hadoop/ipc/Client$ConnectionId
2024-11-12 13:42:55,995 INFO  CreateClassResetClassAdapter - Adding bytecode for initializing field PRIME
2024-11-12 13:42:55,995 INFO  EvoClassLoader - Keeping class: org.apache.hadoop.ipc.Client$ConnectionId
2024-11-12 13:42:55,995 INFO  EvoClassLoader - Seeing class for first time: org.apache.hadoop.ipc.Client$Call
2024-11-12 13:42:55,995 INFO  EvoClassLoader - Instrumenting class 'org.apache.hadoop.ipc.Client$Call'.
2024-11-12 13:42:55,995 INFO  MethodCallReplacementClassAdapter - Adding mock interface to class org/apache/hadoop/ipc/Client$Call
2024-11-12 13:42:55,995 INFO  CreateClassResetClassAdapter - Creating brand-new static initializer in class org/apache/hadoop/ipc/Client$Call
2024-11-12 13:42:55,996 INFO  EvoClassLoader - Keeping class: org.apache.hadoop.ipc.Client$Call
2024-11-12 13:42:55,996 INFO  EvoClassLoader - Seeing class for first time: org.apache.hadoop.ipc.Client$Connection
2024-11-12 13:42:55,996 INFO  EvoClassLoader - Instrumenting class 'org.apache.hadoop.ipc.Client$Connection'.
2024-11-12 13:42:55,996 INFO  MethodCallReplacementClassAdapter - Adding mock interface to class org/apache/hadoop/ipc/Client$Connection
2024-11-12 13:42:55,998 INFO  CreateClassResetClassAdapter - Creating brand-new static initializer in class org/apache/hadoop/ipc/Client$Connection
2024-11-12 13:42:55,999 INFO  EvoClassLoader - Keeping class: org.apache.hadoop.ipc.Client$Connection
2024-11-12 13:42:55,999 INFO  EvoClassLoader - Seeing class for first time: org.apache.hadoop.ipc.RPC$RpcKind
2024-11-12 13:42:55,999 INFO  EvoClassLoader - Instrumenting class 'org.apache.hadoop.ipc.RPC$RpcKind'.
2024-11-12 13:42:55,999 INFO  MethodCallReplacementClassAdapter - Adding mock interface to class org/apache/hadoop/ipc/RPC$RpcKind
2024-11-12 13:42:55,999 INFO  CreateClassResetClassAdapter - Found static initializer in class org/apache/hadoop/ipc/RPC$RpcKind
2024-11-12 13:42:56,000 INFO  EvoClassLoader - Keeping class: org.apache.hadoop.ipc.RPC$RpcKind
2024-11-12 13:42:56,000 INFO  EvoClassLoader - Seeing class for first time: org.apache.hadoop.util.concurrent.AsyncGet
2024-11-12 13:42:56,000 INFO  EvoClassLoader - Instrumenting class 'org.apache.hadoop.util.concurrent.AsyncGet'.
2024-11-12 13:42:56,000 INFO  EvoClassLoader - Defined package (3): package org.apache.hadoop.util.concurrent, -1391510928
2024-11-12 13:42:56,000 INFO  EvoClassLoader - Keeping class: org.apache.hadoop.util.concurrent.AsyncGet
2024-11-12 13:42:56,000 INFO  EvoClassLoader - Seeing class for first time: org.apache.hadoop.ipc.protobuf.RpcHeaderProtos$RpcResponseHeaderProto
2024-11-12 13:42:56,000 INFO  EvoClassLoader - Instrumenting class 'org.apache.hadoop.ipc.protobuf.RpcHeaderProtos$RpcResponseHeaderProto'.
2024-11-12 13:42:56,000 INFO  MethodCallReplacementClassAdapter - Adding mock interface to class org/apache/hadoop/ipc/protobuf/RpcHeaderProtos$RpcResponseHeaderProto
2024-11-12 13:42:56,001 INFO  CreateClassResetClassAdapter - Found static initializer in class org/apache/hadoop/ipc/protobuf/RpcHeaderProtos$RpcResponseHeaderProto
2024-11-12 13:42:56,001 INFO  EvoClassLoader - Defined package (3): package org.apache.hadoop.ipc.protobuf, -23792400
2024-11-12 13:42:56,001 INFO  EvoClassLoader - Seeing class for first time: org.apache.hadoop.ipc.protobuf.RpcHeaderProtos$RpcResponseHeaderProtoOrBuilder
2024-11-12 13:42:56,001 INFO  EvoClassLoader - Instrumenting class 'org.apache.hadoop.ipc.protobuf.RpcHeaderProtos$RpcResponseHeaderProtoOrBuilder'.
2024-11-12 13:42:56,001 INFO  EvoClassLoader - Keeping class: org.apache.hadoop.ipc.protobuf.RpcHeaderProtos$RpcResponseHeaderProtoOrBuilder
2024-11-12 13:42:56,002 INFO  EvoClassLoader - Keeping class: org.apache.hadoop.ipc.protobuf.RpcHeaderProtos$RpcResponseHeaderProto
2024-11-12 13:42:56,002 INFO  EvoClassLoader - Seeing class for first time: org.apache.hadoop.thirdparty.protobuf.DescriptorProtos$UninterpretedOption$NamePart$1
2024-11-12 13:42:56,002 INFO  EvoClassLoader - Instrumenting class 'org.apache.hadoop.thirdparty.protobuf.DescriptorProtos$UninterpretedOption$NamePart$1'.
2024-11-12 13:42:56,002 INFO  MethodCallReplacementClassAdapter - Adding mock interface to class org/apache/hadoop/thirdparty/protobuf/DescriptorProtos$UninterpretedOption$NamePart$1
2024-11-12 13:42:56,002 INFO  EvoClassLoader - Keeping class: org.apache.hadoop.thirdparty.protobuf.DescriptorProtos$UninterpretedOption$NamePart$1
2024-11-12 13:42:56,002 INFO  EvoClassLoader - Seeing class for first time: org.apache.hadoop.thirdparty.protobuf.DescriptorProtos$UninterpretedOption$NamePart$Builder
2024-11-12 13:42:56,003 INFO  EvoClassLoader - Instrumenting class 'org.apache.hadoop.thirdparty.protobuf.DescriptorProtos$UninterpretedOption$NamePart$Builder'.
2024-11-12 13:42:56,003 INFO  MethodCallReplacementClassAdapter - Adding mock interface to class org/apache/hadoop/thirdparty/protobuf/DescriptorProtos$UninterpretedOption$NamePart$Builder
2024-11-12 13:42:56,004 INFO  CreateClassResetClassAdapter - Creating brand-new static initializer in class org/apache/hadoop/thirdparty/protobuf/DescriptorProtos$UninterpretedOption$NamePart$Builder
2024-11-12 13:42:56,004 INFO  EvoClassLoader - Keeping class: org.apache.hadoop.thirdparty.protobuf.DescriptorProtos$UninterpretedOption$NamePart$Builder
2024-11-12 13:42:56,005 INFO  EvoClassLoader - Seeing class for first time: org.apache.hadoop.hdfs.web.WebHdfsFileSystem
2024-11-12 13:42:56,005 INFO  EvoClassLoader - Instrumenting class 'org.apache.hadoop.hdfs.web.WebHdfsFileSystem'.
2024-11-12 13:42:56,005 INFO  MethodCallReplacementClassAdapter - Adding mock interface to class org/apache/hadoop/hdfs/web/WebHdfsFileSystem
2024-11-12 13:42:56,008 INFO  CreateClassResetClassAdapter - Found static initializer in class org/apache/hadoop/hdfs/web/WebHdfsFileSystem
2024-11-12 13:42:56,008 INFO  EvoClassLoader - Defined package (3): package org.apache.hadoop.hdfs.web, -1603369982
2024-11-12 13:42:56,010 INFO  EvoClassLoader - Seeing class for first time: org.apache.hadoop.fs.DelegationTokenRenewer$Renewable
2024-11-12 13:42:56,010 INFO  EvoClassLoader - Instrumenting class 'org.apache.hadoop.fs.DelegationTokenRenewer$Renewable'.
2024-11-12 13:42:56,011 INFO  EvoClassLoader - Keeping class: org.apache.hadoop.fs.DelegationTokenRenewer$Renewable
2024-11-12 13:42:56,011 INFO  EvoClassLoader - Seeing class for first time: org.apache.hadoop.hdfs.web.TokenAspect$TokenManagementDelegator
2024-11-12 13:42:56,011 INFO  EvoClassLoader - Instrumenting class 'org.apache.hadoop.hdfs.web.TokenAspect$TokenManagementDelegator'.
2024-11-12 13:42:56,012 INFO  EvoClassLoader - Keeping class: org.apache.hadoop.hdfs.web.TokenAspect$TokenManagementDelegator
2024-11-12 13:42:56,012 INFO  EvoClassLoader - Keeping class: org.apache.hadoop.hdfs.web.WebHdfsFileSystem
2024-11-12 13:42:56,012 INFO  EvoClassLoader - Seeing class for first time: org.apache.hadoop.hdfs.web.resources.HttpOpParam$Op
2024-11-12 13:42:56,012 INFO  EvoClassLoader - Instrumenting class 'org.apache.hadoop.hdfs.web.resources.HttpOpParam$Op'.
2024-11-12 13:42:56,012 INFO  EvoClassLoader - Defined package (3): package org.apache.hadoop.hdfs.web.resources, -203293895
2024-11-12 13:42:56,012 INFO  EvoClassLoader - Keeping class: org.apache.hadoop.hdfs.web.resources.HttpOpParam$Op
2024-11-12 13:42:56,014 INFO  EvoClassLoader - Seeing class for first time: org.apache.hadoop.security.token.TokenSelector
2024-11-12 13:42:56,014 INFO  EvoClassLoader - Instrumenting class 'org.apache.hadoop.security.token.TokenSelector'.
2024-11-12 13:42:56,015 INFO  EvoClassLoader - Keeping class: org.apache.hadoop.security.token.TokenSelector
2024-11-12 13:42:56,015 INFO  EvoClassLoader - Seeing class for first time: org.apache.hadoop.hdfs.web.WebHdfsFileSystem$WebHdfsInputStream
2024-11-12 13:42:56,015 INFO  EvoClassLoader - Instrumenting class 'org.apache.hadoop.hdfs.web.WebHdfsFileSystem$WebHdfsInputStream'.
2024-11-12 13:42:56,016 INFO  MethodCallReplacementClassAdapter - Adding mock interface to class org/apache/hadoop/hdfs/web/WebHdfsFileSystem$WebHdfsInputStream
2024-11-12 13:42:56,016 INFO  CreateClassResetClassAdapter - Creating brand-new static initializer in class org/apache/hadoop/hdfs/web/WebHdfsFileSystem$WebHdfsInputStream
2024-11-12 13:42:56,016 INFO  EvoClassLoader - Keeping class: org.apache.hadoop.hdfs.web.WebHdfsFileSystem$WebHdfsInputStream
2024-11-12 13:42:56,016 INFO  EvoClassLoader - Seeing class for first time: org.apache.hadoop.hdfs.web.resources.GetOpParam$Op
2024-11-12 13:42:56,016 INFO  EvoClassLoader - Instrumenting class 'org.apache.hadoop.hdfs.web.resources.GetOpParam$Op'.
2024-11-12 13:42:56,016 INFO  MethodCallReplacementClassAdapter - Adding mock interface to class org/apache/hadoop/hdfs/web/resources/GetOpParam$Op
2024-11-12 13:42:56,016 INFO  CreateClassResetClassAdapter - Found static initializer in class org/apache/hadoop/hdfs/web/resources/GetOpParam$Op
2024-11-12 13:42:56,017 INFO  EvoClassLoader - Keeping class: org.apache.hadoop.hdfs.web.resources.GetOpParam$Op
2024-11-12 13:42:56,017 INFO  EvoClassLoader - Seeing class for first time: org.apache.hadoop.hdfs.web.resources.Param
2024-11-12 13:42:56,017 INFO  EvoClassLoader - Instrumenting class 'org.apache.hadoop.hdfs.web.resources.Param'.
2024-11-12 13:42:56,018 INFO  MethodCallReplacementClassAdapter - Adding mock interface to class org/apache/hadoop/hdfs/web/resources/Param
2024-11-12 13:42:56,018 INFO  CreateClassResetClassAdapter - Found static initializer in class org/apache/hadoop/hdfs/web/resources/Param
2024-11-12 13:42:56,019 INFO  EvoClassLoader - Keeping class: org.apache.hadoop.hdfs.web.resources.Param
2024-11-12 13:42:56,019 INFO  EvoClassLoader - Seeing class for first time: org.apache.hadoop.io.retry.RetryPolicy
2024-11-12 13:42:56,019 INFO  EvoClassLoader - Instrumenting class 'org.apache.hadoop.io.retry.RetryPolicy'.
2024-11-12 13:42:56,020 INFO  EvoClassLoader - Defined package (3): package org.apache.hadoop.io.retry, -290473677
2024-11-12 13:42:56,020 INFO  EvoClassLoader - Keeping class: org.apache.hadoop.io.retry.RetryPolicy
2024-11-12 13:42:56,020 INFO  EvoClassLoader - Seeing class for first time: org.apache.hadoop.thirdparty.protobuf.MapEntryLite
2024-11-12 13:42:56,020 INFO  EvoClassLoader - Instrumenting class 'org.apache.hadoop.thirdparty.protobuf.MapEntryLite'.
2024-11-12 13:42:56,020 INFO  MethodCallReplacementClassAdapter - Adding mock interface to class org/apache/hadoop/thirdparty/protobuf/MapEntryLite
2024-11-12 13:42:56,021 INFO  CreateClassResetClassAdapter - Creating brand-new static initializer in class org/apache/hadoop/thirdparty/protobuf/MapEntryLite
2024-11-12 13:42:56,021 INFO  CreateClassResetClassAdapter - Adding bytecode for initializing field KEY_FIELD_NUMBER
2024-11-12 13:42:56,021 INFO  CreateClassResetClassAdapter - Adding bytecode for initializing field VALUE_FIELD_NUMBER
2024-11-12 13:42:56,021 INFO  EvoClassLoader - Keeping class: org.apache.hadoop.thirdparty.protobuf.MapEntryLite
2024-11-12 13:42:56,022 INFO  EvoClassLoader - Seeing class for first time: org.apache.hadoop.thirdparty.protobuf.MapEntry$Metadata$1
2024-11-12 13:42:56,022 INFO  EvoClassLoader - Instrumenting class 'org.apache.hadoop.thirdparty.protobuf.MapEntry$Metadata$1'.
2024-11-12 13:42:56,022 INFO  MethodCallReplacementClassAdapter - Adding mock interface to class org/apache/hadoop/thirdparty/protobuf/MapEntry$Metadata$1
2024-11-12 13:42:56,022 INFO  EvoClassLoader - Keeping class: org.apache.hadoop.thirdparty.protobuf.MapEntry$Metadata$1
2024-11-12 13:42:56,022 INFO  EvoClassLoader - Seeing class for first time: org.apache.hadoop.util.GenericOptionsParser
2024-11-12 13:42:56,022 INFO  EvoClassLoader - Instrumenting class 'org.apache.hadoop.util.GenericOptionsParser'.
2024-11-12 13:42:56,022 INFO  MethodCallReplacementClassAdapter - Adding mock interface to class org/apache/hadoop/util/GenericOptionsParser
2024-11-12 13:42:56,025 INFO  CreateClassResetClassAdapter - Found static initializer in class org/apache/hadoop/util/GenericOptionsParser
2024-11-12 13:42:56,025 INFO  EvoClassLoader - Keeping class: org.apache.hadoop.util.GenericOptionsParser
2024-11-12 13:42:56,026 INFO  EvoClassLoader - Seeing class for first time: org.apache.commons.cli.CommandLine
2024-11-12 13:42:56,026 INFO  EvoClassLoader - Instrumenting class 'org.apache.commons.cli.CommandLine'.
2024-11-12 13:42:56,026 INFO  MethodCallReplacementClassAdapter - Adding mock interface to class org/apache/commons/cli/CommandLine
2024-11-12 13:42:56,027 INFO  CreateClassResetClassAdapter - Creating brand-new static initializer in class org/apache/commons/cli/CommandLine
2024-11-12 13:42:56,027 INFO  EvoClassLoader - Keeping class: org.apache.commons.cli.CommandLine
2024-11-12 13:42:56,027 INFO  EvoClassLoader - Seeing class for first time: org.apache.commons.cli.Parser
2024-11-12 13:42:56,027 INFO  EvoClassLoader - Instrumenting class 'org.apache.commons.cli.Parser'.
2024-11-12 13:42:56,027 INFO  MethodCallReplacementClassAdapter - Adding mock interface to class org/apache/commons/cli/Parser
2024-11-12 13:42:56,028 INFO  CreateClassResetClassAdapter - Creating brand-new static initializer in class org/apache/commons/cli/Parser
2024-11-12 13:42:56,028 INFO  EvoClassLoader - Keeping class: org.apache.commons.cli.Parser
2024-11-12 13:42:56,028 INFO  EvoClassLoader - Seeing class for first time: org.apache.commons.cli.MissingArgumentException
2024-11-12 13:42:56,028 INFO  EvoClassLoader - Instrumenting class 'org.apache.commons.cli.MissingArgumentException'.
2024-11-12 13:42:56,028 INFO  MethodCallReplacementClassAdapter - Adding mock interface to class org/apache/commons/cli/MissingArgumentException
2024-11-12 13:42:56,028 INFO  CreateClassResetClassAdapter - Creating brand-new static initializer in class org/apache/commons/cli/MissingArgumentException
2024-11-12 13:42:56,028 INFO  EvoClassLoader - Keeping class: org.apache.commons.cli.MissingArgumentException
2024-11-12 13:42:56,028 INFO  EvoClassLoader - Seeing class for first time: org.apache.commons.cli.UnrecognizedOptionException
2024-11-12 13:42:56,028 INFO  EvoClassLoader - Instrumenting class 'org.apache.commons.cli.UnrecognizedOptionException'.
2024-11-12 13:42:56,029 INFO  MethodCallReplacementClassAdapter - Adding mock interface to class org/apache/commons/cli/UnrecognizedOptionException
2024-11-12 13:42:56,029 INFO  CreateClassResetClassAdapter - Creating brand-new static initializer in class org/apache/commons/cli/UnrecognizedOptionException
2024-11-12 13:42:56,029 INFO  EvoClassLoader - Keeping class: org.apache.commons.cli.UnrecognizedOptionException
2024-11-12 13:42:56,029 INFO  EvoClassLoader - Seeing class for first time: org.apache.commons.cli.MissingOptionException
2024-11-12 13:42:56,029 INFO  EvoClassLoader - Instrumenting class 'org.apache.commons.cli.MissingOptionException'.
2024-11-12 13:42:56,029 INFO  MethodCallReplacementClassAdapter - Adding mock interface to class org/apache/commons/cli/MissingOptionException
2024-11-12 13:42:56,029 INFO  CreateClassResetClassAdapter - Creating brand-new static initializer in class org/apache/commons/cli/MissingOptionException
2024-11-12 13:42:56,029 INFO  EvoClassLoader - Keeping class: org.apache.commons.cli.MissingOptionException
2024-11-12 13:42:56,029 INFO  EvoClassLoader - Seeing class for first time: org.apache.commons.cli.GnuParser
2024-11-12 13:42:56,029 INFO  EvoClassLoader - Instrumenting class 'org.apache.commons.cli.GnuParser'.
2024-11-12 13:42:56,029 INFO  MethodCallReplacementClassAdapter - Adding mock interface to class org/apache/commons/cli/GnuParser
2024-11-12 13:42:56,029 INFO  CreateClassResetClassAdapter - Creating brand-new static initializer in class org/apache/commons/cli/GnuParser
2024-11-12 13:42:56,029 INFO  EvoClassLoader - Keeping class: org.apache.commons.cli.GnuParser
2024-11-12 13:42:56,030 INFO  EvoClassLoader - Seeing class for first time: org.apache.commons.cli.Util
2024-11-12 13:42:56,030 INFO  EvoClassLoader - Instrumenting class 'org.apache.commons.cli.Util'.
2024-11-12 13:42:56,030 INFO  MethodCallReplacementClassAdapter - Adding mock interface to class org/apache/commons/cli/Util
2024-11-12 13:42:56,030 INFO  CreateClassResetClassAdapter - Found static initializer in class org/apache/commons/cli/Util
2024-11-12 13:42:56,030 INFO  EvoClassLoader - Keeping class: org.apache.commons.cli.Util
2024-11-12 13:42:56,031 INFO  EvoClassLoader - Seeing class for first time: org.apache.hadoop.hdfs.protocol.proto.HdfsProtos$ECTopologyVerifierResultProto
2024-11-12 13:42:56,031 INFO  EvoClassLoader - Instrumenting class 'org.apache.hadoop.hdfs.protocol.proto.HdfsProtos$ECTopologyVerifierResultProto'.
2024-11-12 13:42:56,031 INFO  MethodCallReplacementClassAdapter - Adding mock interface to class org/apache/hadoop/hdfs/protocol/proto/HdfsProtos$ECTopologyVerifierResultProto
2024-11-12 13:42:56,032 INFO  CreateClassResetClassAdapter - Found static initializer in class org/apache/hadoop/hdfs/protocol/proto/HdfsProtos$ECTopologyVerifierResultProto
2024-11-12 13:42:56,032 INFO  EvoClassLoader - Seeing class for first time: org.apache.hadoop.hdfs.protocol.proto.HdfsProtos$ECTopologyVerifierResultProtoOrBuilder
2024-11-12 13:42:56,032 INFO  EvoClassLoader - Instrumenting class 'org.apache.hadoop.hdfs.protocol.proto.HdfsProtos$ECTopologyVerifierResultProtoOrBuilder'.
2024-11-12 13:42:56,032 INFO  EvoClassLoader - Keeping class: org.apache.hadoop.hdfs.protocol.proto.HdfsProtos$ECTopologyVerifierResultProtoOrBuilder
2024-11-12 13:42:56,033 INFO  EvoClassLoader - Keeping class: org.apache.hadoop.hdfs.protocol.proto.HdfsProtos$ECTopologyVerifierResultProto
2024-11-12 13:42:56,033 INFO  EvoClassLoader - Seeing class for first time: org.apache.hadoop.hdfs.protocol.proto.HdfsProtos$AddErasureCodingPolicyResponseProto
2024-11-12 13:42:56,033 INFO  EvoClassLoader - Instrumenting class 'org.apache.hadoop.hdfs.protocol.proto.HdfsProtos$AddErasureCodingPolicyResponseProto'.
2024-11-12 13:42:56,033 INFO  MethodCallReplacementClassAdapter - Adding mock interface to class org/apache/hadoop/hdfs/protocol/proto/HdfsProtos$AddErasureCodingPolicyResponseProto
2024-11-12 13:42:56,033 INFO  CreateClassResetClassAdapter - Found static initializer in class org/apache/hadoop/hdfs/protocol/proto/HdfsProtos$AddErasureCodingPolicyResponseProto
2024-11-12 13:42:56,033 INFO  EvoClassLoader - Seeing class for first time: org.apache.hadoop.hdfs.protocol.proto.HdfsProtos$AddErasureCodingPolicyResponseProtoOrBuilder
2024-11-12 13:42:56,033 INFO  EvoClassLoader - Instrumenting class 'org.apache.hadoop.hdfs.protocol.proto.HdfsProtos$AddErasureCodingPolicyResponseProtoOrBuilder'.
2024-11-12 13:42:56,034 INFO  EvoClassLoader - Keeping class: org.apache.hadoop.hdfs.protocol.proto.HdfsProtos$AddErasureCodingPolicyResponseProtoOrBuilder
2024-11-12 13:42:56,034 INFO  EvoClassLoader - Keeping class: org.apache.hadoop.hdfs.protocol.proto.HdfsProtos$AddErasureCodingPolicyResponseProto
2024-11-12 13:42:56,034 INFO  EvoClassLoader - Seeing class for first time: org.apache.hadoop.hdfs.protocol.proto.HdfsProtos$ECSchemaProto
2024-11-12 13:42:56,034 INFO  EvoClassLoader - Instrumenting class 'org.apache.hadoop.hdfs.protocol.proto.HdfsProtos$ECSchemaProto'.
2024-11-12 13:42:56,034 INFO  MethodCallReplacementClassAdapter - Adding mock interface to class org/apache/hadoop/hdfs/protocol/proto/HdfsProtos$ECSchemaProto
2024-11-12 13:42:56,035 INFO  CreateClassResetClassAdapter - Found static initializer in class org/apache/hadoop/hdfs/protocol/proto/HdfsProtos$ECSchemaProto
2024-11-12 13:42:56,035 INFO  EvoClassLoader - Seeing class for first time: org.apache.hadoop.hdfs.protocol.proto.HdfsProtos$ECSchemaProtoOrBuilder
2024-11-12 13:42:56,035 INFO  EvoClassLoader - Instrumenting class 'org.apache.hadoop.hdfs.protocol.proto.HdfsProtos$ECSchemaProtoOrBuilder'.
2024-11-12 13:42:56,035 INFO  EvoClassLoader - Keeping class: org.apache.hadoop.hdfs.protocol.proto.HdfsProtos$ECSchemaProtoOrBuilder
2024-11-12 13:42:56,035 INFO  EvoClassLoader - Keeping class: org.apache.hadoop.hdfs.protocol.proto.HdfsProtos$ECSchemaProto
2024-11-12 13:42:56,035 INFO  EvoClassLoader - Seeing class for first time: org.apache.hadoop.hdfs.protocol.proto.HdfsProtos$ECSchemaOptionEntryProto
2024-11-12 13:42:56,035 INFO  EvoClassLoader - Instrumenting class 'org.apache.hadoop.hdfs.protocol.proto.HdfsProtos$ECSchemaOptionEntryProto'.
2024-11-12 13:42:56,036 INFO  MethodCallReplacementClassAdapter - Adding mock interface to class org/apache/hadoop/hdfs/protocol/proto/HdfsProtos$ECSchemaOptionEntryProto
2024-11-12 13:42:56,036 INFO  CreateClassResetClassAdapter - Found static initializer in class org/apache/hadoop/hdfs/protocol/proto/HdfsProtos$ECSchemaOptionEntryProto
2024-11-12 13:42:56,036 INFO  EvoClassLoader - Seeing class for first time: org.apache.hadoop.hdfs.protocol.proto.HdfsProtos$ECSchemaOptionEntryProtoOrBuilder
2024-11-12 13:42:56,036 INFO  EvoClassLoader - Instrumenting class 'org.apache.hadoop.hdfs.protocol.proto.HdfsProtos$ECSchemaOptionEntryProtoOrBuilder'.
2024-11-12 13:42:56,036 INFO  EvoClassLoader - Keeping class: org.apache.hadoop.hdfs.protocol.proto.HdfsProtos$ECSchemaOptionEntryProtoOrBuilder
2024-11-12 13:42:56,036 INFO  EvoClassLoader - Keeping class: org.apache.hadoop.hdfs.protocol.proto.HdfsProtos$ECSchemaOptionEntryProto
2024-11-12 13:42:56,036 INFO  EvoClassLoader - Seeing class for first time: org.apache.hadoop.hdfs.protocol.proto.HdfsProtos$LocatedBlocksProto
2024-11-12 13:42:56,036 INFO  EvoClassLoader - Instrumenting class 'org.apache.hadoop.hdfs.protocol.proto.HdfsProtos$LocatedBlocksProto'.
2024-11-12 13:42:56,037 INFO  MethodCallReplacementClassAdapter - Adding mock interface to class org/apache/hadoop/hdfs/protocol/proto/HdfsProtos$LocatedBlocksProto
2024-11-12 13:42:56,037 INFO  CreateClassResetClassAdapter - Found static initializer in class org/apache/hadoop/hdfs/protocol/proto/HdfsProtos$LocatedBlocksProto
2024-11-12 13:42:56,037 INFO  EvoClassLoader - Seeing class for first time: org.apache.hadoop.hdfs.protocol.proto.HdfsProtos$LocatedBlocksProtoOrBuilder
2024-11-12 13:42:56,037 INFO  EvoClassLoader - Instrumenting class 'org.apache.hadoop.hdfs.protocol.proto.HdfsProtos$LocatedBlocksProtoOrBuilder'.
2024-11-12 13:42:56,038 INFO  EvoClassLoader - Keeping class: org.apache.hadoop.hdfs.protocol.proto.HdfsProtos$LocatedBlocksProtoOrBuilder
2024-11-12 13:42:56,038 INFO  EvoClassLoader - Keeping class: org.apache.hadoop.hdfs.protocol.proto.HdfsProtos$LocatedBlocksProto
2024-11-12 13:42:56,038 INFO  EvoClassLoader - Seeing class for first time: org.apache.hadoop.hdfs.protocol.proto.HdfsProtos$CipherOptionProto
2024-11-12 13:42:56,038 INFO  EvoClassLoader - Instrumenting class 'org.apache.hadoop.hdfs.protocol.proto.HdfsProtos$CipherOptionProto'.
2024-11-12 13:42:56,038 INFO  MethodCallReplacementClassAdapter - Adding mock interface to class org/apache/hadoop/hdfs/protocol/proto/HdfsProtos$CipherOptionProto
2024-11-12 13:42:56,038 INFO  CreateClassResetClassAdapter - Found static initializer in class org/apache/hadoop/hdfs/protocol/proto/HdfsProtos$CipherOptionProto
2024-11-12 13:42:56,039 INFO  EvoClassLoader - Seeing class for first time: org.apache.hadoop.hdfs.protocol.proto.HdfsProtos$CipherOptionProtoOrBuilder
2024-11-12 13:42:56,039 INFO  EvoClassLoader - Instrumenting class 'org.apache.hadoop.hdfs.protocol.proto.HdfsProtos$CipherOptionProtoOrBuilder'.
2024-11-12 13:42:56,040 INFO  EvoClassLoader - Keeping class: org.apache.hadoop.hdfs.protocol.proto.HdfsProtos$CipherOptionProtoOrBuilder
2024-11-12 13:42:56,040 INFO  EvoClassLoader - Keeping class: org.apache.hadoop.hdfs.protocol.proto.HdfsProtos$CipherOptionProto
2024-11-12 13:42:56,040 INFO  EvoClassLoader - Seeing class for first time: org.apache.hadoop.hdfs.protocol.proto.HdfsProtos$ReencryptionInfoProto
2024-11-12 13:42:56,040 INFO  EvoClassLoader - Instrumenting class 'org.apache.hadoop.hdfs.protocol.proto.HdfsProtos$ReencryptionInfoProto'.
2024-11-12 13:42:56,040 INFO  MethodCallReplacementClassAdapter - Adding mock interface to class org/apache/hadoop/hdfs/protocol/proto/HdfsProtos$ReencryptionInfoProto
2024-11-12 13:42:56,040 INFO  CreateClassResetClassAdapter - Found static initializer in class org/apache/hadoop/hdfs/protocol/proto/HdfsProtos$ReencryptionInfoProto
2024-11-12 13:42:56,041 INFO  EvoClassLoader - Seeing class for first time: org.apache.hadoop.hdfs.protocol.proto.HdfsProtos$ReencryptionInfoProtoOrBuilder
2024-11-12 13:42:56,041 INFO  EvoClassLoader - Instrumenting class 'org.apache.hadoop.hdfs.protocol.proto.HdfsProtos$ReencryptionInfoProtoOrBuilder'.
2024-11-12 13:42:56,041 INFO  EvoClassLoader - Keeping class: org.apache.hadoop.hdfs.protocol.proto.HdfsProtos$ReencryptionInfoProtoOrBuilder
2024-11-12 13:42:56,041 INFO  EvoClassLoader - Keeping class: org.apache.hadoop.hdfs.protocol.proto.HdfsProtos$ReencryptionInfoProto
2024-11-12 13:42:56,041 INFO  EvoClassLoader - Seeing class for first time: org.apache.hadoop.hdfs.protocol.proto.HdfsProtos$ZoneEncryptionInfoProto
2024-11-12 13:42:56,041 INFO  EvoClassLoader - Instrumenting class 'org.apache.hadoop.hdfs.protocol.proto.HdfsProtos$ZoneEncryptionInfoProto'.
2024-11-12 13:42:56,041 INFO  MethodCallReplacementClassAdapter - Adding mock interface to class org/apache/hadoop/hdfs/protocol/proto/HdfsProtos$ZoneEncryptionInfoProto
2024-11-12 13:42:56,041 INFO  CreateClassResetClassAdapter - Found static initializer in class org/apache/hadoop/hdfs/protocol/proto/HdfsProtos$ZoneEncryptionInfoProto
2024-11-12 13:42:56,042 INFO  EvoClassLoader - Seeing class for first time: org.apache.hadoop.hdfs.protocol.proto.HdfsProtos$ZoneEncryptionInfoProtoOrBuilder
2024-11-12 13:42:56,042 INFO  EvoClassLoader - Instrumenting class 'org.apache.hadoop.hdfs.protocol.proto.HdfsProtos$ZoneEncryptionInfoProtoOrBuilder'.
2024-11-12 13:42:56,042 INFO  EvoClassLoader - Keeping class: org.apache.hadoop.hdfs.protocol.proto.HdfsProtos$ZoneEncryptionInfoProtoOrBuilder
2024-11-12 13:42:56,042 INFO  EvoClassLoader - Keeping class: org.apache.hadoop.hdfs.protocol.proto.HdfsProtos$ZoneEncryptionInfoProto
2024-11-12 13:42:56,042 INFO  EvoClassLoader - Seeing class for first time: org.apache.hadoop.hdfs.protocol.proto.HdfsProtos$PerFileEncryptionInfoProto
2024-11-12 13:42:56,042 INFO  EvoClassLoader - Instrumenting class 'org.apache.hadoop.hdfs.protocol.proto.HdfsProtos$PerFileEncryptionInfoProto'.
2024-11-12 13:42:56,043 INFO  MethodCallReplacementClassAdapter - Adding mock interface to class org/apache/hadoop/hdfs/protocol/proto/HdfsProtos$PerFileEncryptionInfoProto
2024-11-12 13:42:56,043 INFO  CreateClassResetClassAdapter - Found static initializer in class org/apache/hadoop/hdfs/protocol/proto/HdfsProtos$PerFileEncryptionInfoProto
2024-11-12 13:42:56,044 INFO  EvoClassLoader - Seeing class for first time: org.apache.hadoop.hdfs.protocol.proto.HdfsProtos$PerFileEncryptionInfoProtoOrBuilder
2024-11-12 13:42:56,044 INFO  EvoClassLoader - Instrumenting class 'org.apache.hadoop.hdfs.protocol.proto.HdfsProtos$PerFileEncryptionInfoProtoOrBuilder'.
2024-11-12 13:42:56,044 INFO  EvoClassLoader - Keeping class: org.apache.hadoop.hdfs.protocol.proto.HdfsProtos$PerFileEncryptionInfoProtoOrBuilder
2024-11-12 13:42:56,044 INFO  EvoClassLoader - Keeping class: org.apache.hadoop.hdfs.protocol.proto.HdfsProtos$PerFileEncryptionInfoProto
2024-11-12 13:42:56,044 INFO  EvoClassLoader - Seeing class for first time: org.apache.hadoop.hdfs.protocol.proto.HdfsProtos$FileEncryptionInfoProto
2024-11-12 13:42:56,044 INFO  EvoClassLoader - Instrumenting class 'org.apache.hadoop.hdfs.protocol.proto.HdfsProtos$FileEncryptionInfoProto'.
2024-11-12 13:42:56,045 INFO  MethodCallReplacementClassAdapter - Adding mock interface to class org/apache/hadoop/hdfs/protocol/proto/HdfsProtos$FileEncryptionInfoProto
2024-11-12 13:42:56,045 INFO  CreateClassResetClassAdapter - Found static initializer in class org/apache/hadoop/hdfs/protocol/proto/HdfsProtos$FileEncryptionInfoProto
2024-11-12 13:42:56,046 INFO  EvoClassLoader - Seeing class for first time: org.apache.hadoop.hdfs.protocol.proto.HdfsProtos$FileEncryptionInfoProtoOrBuilder
2024-11-12 13:42:56,046 INFO  EvoClassLoader - Instrumenting class 'org.apache.hadoop.hdfs.protocol.proto.HdfsProtos$FileEncryptionInfoProtoOrBuilder'.
2024-11-12 13:42:56,046 INFO  EvoClassLoader - Keeping class: org.apache.hadoop.hdfs.protocol.proto.HdfsProtos$FileEncryptionInfoProtoOrBuilder
2024-11-12 13:42:56,046 INFO  EvoClassLoader - Keeping class: org.apache.hadoop.hdfs.protocol.proto.HdfsProtos$FileEncryptionInfoProto
2024-11-12 13:42:56,046 INFO  EvoClassLoader - Seeing class for first time: org.apache.hadoop.hdfs.protocol.proto.HdfsProtos$DataEncryptionKeyProto
2024-11-12 13:42:56,046 INFO  EvoClassLoader - Instrumenting class 'org.apache.hadoop.hdfs.protocol.proto.HdfsProtos$DataEncryptionKeyProto'.
2024-11-12 13:42:56,046 INFO  MethodCallReplacementClassAdapter - Adding mock interface to class org/apache/hadoop/hdfs/protocol/proto/HdfsProtos$DataEncryptionKeyProto
2024-11-12 13:42:56,047 INFO  CreateClassResetClassAdapter - Found static initializer in class org/apache/hadoop/hdfs/protocol/proto/HdfsProtos$DataEncryptionKeyProto
2024-11-12 13:42:56,047 INFO  EvoClassLoader - Seeing class for first time: org.apache.hadoop.hdfs.protocol.proto.HdfsProtos$DataEncryptionKeyProtoOrBuilder
2024-11-12 13:42:56,047 INFO  EvoClassLoader - Instrumenting class 'org.apache.hadoop.hdfs.protocol.proto.HdfsProtos$DataEncryptionKeyProtoOrBuilder'.
2024-11-12 13:42:56,047 INFO  EvoClassLoader - Keeping class: org.apache.hadoop.hdfs.protocol.proto.HdfsProtos$DataEncryptionKeyProtoOrBuilder
2024-11-12 13:42:56,048 INFO  EvoClassLoader - Keeping class: org.apache.hadoop.hdfs.protocol.proto.HdfsProtos$DataEncryptionKeyProto
2024-11-12 13:42:56,048 INFO  EvoClassLoader - Seeing class for first time: org.apache.hadoop.hdfs.protocol.proto.HdfsProtos$BatchedListingKeyProto
2024-11-12 13:42:56,048 INFO  EvoClassLoader - Instrumenting class 'org.apache.hadoop.hdfs.protocol.proto.HdfsProtos$BatchedListingKeyProto'.
2024-11-12 13:42:56,048 INFO  MethodCallReplacementClassAdapter - Adding mock interface to class org/apache/hadoop/hdfs/protocol/proto/HdfsProtos$BatchedListingKeyProto
2024-11-12 13:42:56,048 INFO  CreateClassResetClassAdapter - Found static initializer in class org/apache/hadoop/hdfs/protocol/proto/HdfsProtos$BatchedListingKeyProto
2024-11-12 13:42:56,048 INFO  EvoClassLoader - Seeing class for first time: org.apache.hadoop.hdfs.protocol.proto.HdfsProtos$BatchedListingKeyProtoOrBuilder
2024-11-12 13:42:56,048 INFO  EvoClassLoader - Instrumenting class 'org.apache.hadoop.hdfs.protocol.proto.HdfsProtos$BatchedListingKeyProtoOrBuilder'.
2024-11-12 13:42:56,048 INFO  EvoClassLoader - Keeping class: org.apache.hadoop.hdfs.protocol.proto.HdfsProtos$BatchedListingKeyProtoOrBuilder
2024-11-12 13:42:56,049 INFO  EvoClassLoader - Keeping class: org.apache.hadoop.hdfs.protocol.proto.HdfsProtos$BatchedListingKeyProto
2024-11-12 13:42:56,049 INFO  EvoClassLoader - Seeing class for first time: org.apache.hadoop.hdfs.protocol.proto.HdfsProtos$BlockStoragePolicyProto
2024-11-12 13:42:56,049 INFO  EvoClassLoader - Instrumenting class 'org.apache.hadoop.hdfs.protocol.proto.HdfsProtos$BlockStoragePolicyProto'.
2024-11-12 13:42:56,049 INFO  MethodCallReplacementClassAdapter - Adding mock interface to class org/apache/hadoop/hdfs/protocol/proto/HdfsProtos$BlockStoragePolicyProto
2024-11-12 13:42:56,049 INFO  CreateClassResetClassAdapter - Found static initializer in class org/apache/hadoop/hdfs/protocol/proto/HdfsProtos$BlockStoragePolicyProto
2024-11-12 13:42:56,049 INFO  EvoClassLoader - Seeing class for first time: org.apache.hadoop.hdfs.protocol.proto.HdfsProtos$BlockStoragePolicyProtoOrBuilder
2024-11-12 13:42:56,049 INFO  EvoClassLoader - Instrumenting class 'org.apache.hadoop.hdfs.protocol.proto.HdfsProtos$BlockStoragePolicyProtoOrBuilder'.
2024-11-12 13:42:56,050 INFO  EvoClassLoader - Keeping class: org.apache.hadoop.hdfs.protocol.proto.HdfsProtos$BlockStoragePolicyProtoOrBuilder
2024-11-12 13:42:56,050 INFO  EvoClassLoader - Keeping class: org.apache.hadoop.hdfs.protocol.proto.HdfsProtos$BlockStoragePolicyProto
2024-11-12 13:42:56,050 INFO  EvoClassLoader - Seeing class for first time: org.apache.hadoop.hdfs.protocol.proto.HdfsProtos$StorageTypesProto
2024-11-12 13:42:56,050 INFO  EvoClassLoader - Instrumenting class 'org.apache.hadoop.hdfs.protocol.proto.HdfsProtos$StorageTypesProto'.
2024-11-12 13:42:56,050 INFO  MethodCallReplacementClassAdapter - Adding mock interface to class org/apache/hadoop/hdfs/protocol/proto/HdfsProtos$StorageTypesProto
2024-11-12 13:42:56,050 INFO  CreateClassResetClassAdapter - Found static initializer in class org/apache/hadoop/hdfs/protocol/proto/HdfsProtos$StorageTypesProto
2024-11-12 13:42:56,050 INFO  EvoClassLoader - Seeing class for first time: org.apache.hadoop.hdfs.protocol.proto.HdfsProtos$StorageTypesProtoOrBuilder
2024-11-12 13:42:56,050 INFO  EvoClassLoader - Instrumenting class 'org.apache.hadoop.hdfs.protocol.proto.HdfsProtos$StorageTypesProtoOrBuilder'.
2024-11-12 13:42:56,051 INFO  EvoClassLoader - Keeping class: org.apache.hadoop.hdfs.protocol.proto.HdfsProtos$StorageTypesProtoOrBuilder
2024-11-12 13:42:56,051 INFO  EvoClassLoader - Keeping class: org.apache.hadoop.hdfs.protocol.proto.HdfsProtos$StorageTypesProto
2024-11-12 13:42:56,051 INFO  EvoClassLoader - Seeing class for first time: org.apache.hadoop.hdfs.protocol.proto.HdfsProtos$CorruptFileBlocksProto
2024-11-12 13:42:56,051 INFO  EvoClassLoader - Instrumenting class 'org.apache.hadoop.hdfs.protocol.proto.HdfsProtos$CorruptFileBlocksProto'.
2024-11-12 13:42:56,051 INFO  MethodCallReplacementClassAdapter - Adding mock interface to class org/apache/hadoop/hdfs/protocol/proto/HdfsProtos$CorruptFileBlocksProto
2024-11-12 13:42:56,051 INFO  CreateClassResetClassAdapter - Found static initializer in class org/apache/hadoop/hdfs/protocol/proto/HdfsProtos$CorruptFileBlocksProto
2024-11-12 13:42:56,052 INFO  EvoClassLoader - Seeing class for first time: org.apache.hadoop.hdfs.protocol.proto.HdfsProtos$CorruptFileBlocksProtoOrBuilder
2024-11-12 13:42:56,052 INFO  EvoClassLoader - Instrumenting class 'org.apache.hadoop.hdfs.protocol.proto.HdfsProtos$CorruptFileBlocksProtoOrBuilder'.
2024-11-12 13:42:56,052 INFO  EvoClassLoader - Keeping class: org.apache.hadoop.hdfs.protocol.proto.HdfsProtos$CorruptFileBlocksProtoOrBuilder
2024-11-12 13:42:56,052 INFO  EvoClassLoader - Keeping class: org.apache.hadoop.hdfs.protocol.proto.HdfsProtos$CorruptFileBlocksProto
2024-11-12 13:42:56,052 INFO  EvoClassLoader - Seeing class for first time: org.apache.hadoop.hdfs.protocol.proto.HdfsProtos$StorageTypeQuotaInfoProto
2024-11-12 13:42:56,052 INFO  EvoClassLoader - Instrumenting class 'org.apache.hadoop.hdfs.protocol.proto.HdfsProtos$StorageTypeQuotaInfoProto'.
2024-11-12 13:42:56,052 INFO  MethodCallReplacementClassAdapter - Adding mock interface to class org/apache/hadoop/hdfs/protocol/proto/HdfsProtos$StorageTypeQuotaInfoProto
2024-11-12 13:42:56,053 INFO  CreateClassResetClassAdapter - Found static initializer in class org/apache/hadoop/hdfs/protocol/proto/HdfsProtos$StorageTypeQuotaInfoProto
2024-11-12 13:42:56,053 INFO  EvoClassLoader - Seeing class for first time: org.apache.hadoop.hdfs.protocol.proto.HdfsProtos$StorageTypeQuotaInfoProtoOrBuilder
2024-11-12 13:42:56,053 INFO  EvoClassLoader - Instrumenting class 'org.apache.hadoop.hdfs.protocol.proto.HdfsProtos$StorageTypeQuotaInfoProtoOrBuilder'.
2024-11-12 13:42:56,053 INFO  EvoClassLoader - Keeping class: org.apache.hadoop.hdfs.protocol.proto.HdfsProtos$StorageTypeQuotaInfoProtoOrBuilder
2024-11-12 13:42:56,053 INFO  EvoClassLoader - Keeping class: org.apache.hadoop.hdfs.protocol.proto.HdfsProtos$StorageTypeQuotaInfoProto
2024-11-12 13:42:56,053 INFO  EvoClassLoader - Seeing class for first time: org.apache.hadoop.hdfs.protocol.proto.HdfsProtos$StorageTypeQuotaInfosProto
2024-11-12 13:42:56,053 INFO  EvoClassLoader - Instrumenting class 'org.apache.hadoop.hdfs.protocol.proto.HdfsProtos$StorageTypeQuotaInfosProto'.
2024-11-12 13:42:56,053 INFO  MethodCallReplacementClassAdapter - Adding mock interface to class org/apache/hadoop/hdfs/protocol/proto/HdfsProtos$StorageTypeQuotaInfosProto
2024-11-12 13:42:56,054 INFO  CreateClassResetClassAdapter - Found static initializer in class org/apache/hadoop/hdfs/protocol/proto/HdfsProtos$StorageTypeQuotaInfosProto
2024-11-12 13:42:56,054 INFO  EvoClassLoader - Seeing class for first time: org.apache.hadoop.hdfs.protocol.proto.HdfsProtos$StorageTypeQuotaInfosProtoOrBuilder
2024-11-12 13:42:56,054 INFO  EvoClassLoader - Instrumenting class 'org.apache.hadoop.hdfs.protocol.proto.HdfsProtos$StorageTypeQuotaInfosProtoOrBuilder'.
2024-11-12 13:42:56,054 INFO  EvoClassLoader - Keeping class: org.apache.hadoop.hdfs.protocol.proto.HdfsProtos$StorageTypeQuotaInfosProtoOrBuilder
2024-11-12 13:42:56,054 INFO  EvoClassLoader - Keeping class: org.apache.hadoop.hdfs.protocol.proto.HdfsProtos$StorageTypeQuotaInfosProto
2024-11-12 13:42:56,054 INFO  EvoClassLoader - Seeing class for first time: org.apache.hadoop.hdfs.protocol.proto.HdfsProtos$QuotaUsageProto
2024-11-12 13:42:56,054 INFO  EvoClassLoader - Instrumenting class 'org.apache.hadoop.hdfs.protocol.proto.HdfsProtos$QuotaUsageProto'.
2024-11-12 13:42:56,055 INFO  MethodCallReplacementClassAdapter - Adding mock interface to class org/apache/hadoop/hdfs/protocol/proto/HdfsProtos$QuotaUsageProto
2024-11-12 13:42:56,055 INFO  CreateClassResetClassAdapter - Found static initializer in class org/apache/hadoop/hdfs/protocol/proto/HdfsProtos$QuotaUsageProto
2024-11-12 13:42:56,055 INFO  EvoClassLoader - Seeing class for first time: org.apache.hadoop.hdfs.protocol.proto.HdfsProtos$QuotaUsageProtoOrBuilder
2024-11-12 13:42:56,055 INFO  EvoClassLoader - Instrumenting class 'org.apache.hadoop.hdfs.protocol.proto.HdfsProtos$QuotaUsageProtoOrBuilder'.
2024-11-12 13:42:56,055 INFO  EvoClassLoader - Keeping class: org.apache.hadoop.hdfs.protocol.proto.HdfsProtos$QuotaUsageProtoOrBuilder
2024-11-12 13:42:56,055 INFO  EvoClassLoader - Keeping class: org.apache.hadoop.hdfs.protocol.proto.HdfsProtos$QuotaUsageProto
2024-11-12 13:42:56,055 INFO  EvoClassLoader - Seeing class for first time: org.apache.hadoop.hdfs.protocol.proto.HdfsProtos$ContentSummaryProto
2024-11-12 13:42:56,055 INFO  EvoClassLoader - Instrumenting class 'org.apache.hadoop.hdfs.protocol.proto.HdfsProtos$ContentSummaryProto'.
2024-11-12 13:42:56,056 INFO  MethodCallReplacementClassAdapter - Adding mock interface to class org/apache/hadoop/hdfs/protocol/proto/HdfsProtos$ContentSummaryProto
2024-11-12 13:42:56,056 INFO  CreateClassResetClassAdapter - Found static initializer in class org/apache/hadoop/hdfs/protocol/proto/HdfsProtos$ContentSummaryProto
2024-11-12 13:42:56,056 INFO  EvoClassLoader - Seeing class for first time: org.apache.hadoop.hdfs.protocol.proto.HdfsProtos$ContentSummaryProtoOrBuilder
2024-11-12 13:42:56,056 INFO  EvoClassLoader - Instrumenting class 'org.apache.hadoop.hdfs.protocol.proto.HdfsProtos$ContentSummaryProtoOrBuilder'.
2024-11-12 13:42:56,056 INFO  EvoClassLoader - Keeping class: org.apache.hadoop.hdfs.protocol.proto.HdfsProtos$ContentSummaryProtoOrBuilder
2024-11-12 13:42:56,057 INFO  EvoClassLoader - Keeping class: org.apache.hadoop.hdfs.protocol.proto.HdfsProtos$ContentSummaryProto
2024-11-12 13:42:56,057 INFO  EvoClassLoader - Seeing class for first time: org.apache.hadoop.hdfs.protocol.proto.HdfsProtos$StorageReportProto
2024-11-12 13:42:56,057 INFO  EvoClassLoader - Instrumenting class 'org.apache.hadoop.hdfs.protocol.proto.HdfsProtos$StorageReportProto'.
2024-11-12 13:42:56,057 INFO  MethodCallReplacementClassAdapter - Adding mock interface to class org/apache/hadoop/hdfs/protocol/proto/HdfsProtos$StorageReportProto
2024-11-12 13:42:56,057 INFO  CreateClassResetClassAdapter - Found static initializer in class org/apache/hadoop/hdfs/protocol/proto/HdfsProtos$StorageReportProto
2024-11-12 13:42:56,057 INFO  EvoClassLoader - Seeing class for first time: org.apache.hadoop.hdfs.protocol.proto.HdfsProtos$StorageReportProtoOrBuilder
2024-11-12 13:42:56,057 INFO  EvoClassLoader - Instrumenting class 'org.apache.hadoop.hdfs.protocol.proto.HdfsProtos$StorageReportProtoOrBuilder'.
2024-11-12 13:42:56,058 INFO  EvoClassLoader - Keeping class: org.apache.hadoop.hdfs.protocol.proto.HdfsProtos$StorageReportProtoOrBuilder
2024-11-12 13:42:56,058 INFO  EvoClassLoader - Keeping class: org.apache.hadoop.hdfs.protocol.proto.HdfsProtos$StorageReportProto
2024-11-12 13:42:56,058 INFO  EvoClassLoader - Seeing class for first time: org.apache.hadoop.hdfs.protocol.proto.HdfsProtos$DatanodeStorageProto
2024-11-12 13:42:56,058 INFO  EvoClassLoader - Instrumenting class 'org.apache.hadoop.hdfs.protocol.proto.HdfsProtos$DatanodeStorageProto'.
2024-11-12 13:42:56,058 INFO  MethodCallReplacementClassAdapter - Adding mock interface to class org/apache/hadoop/hdfs/protocol/proto/HdfsProtos$DatanodeStorageProto
2024-11-12 13:42:56,058 INFO  CreateClassResetClassAdapter - Found static initializer in class org/apache/hadoop/hdfs/protocol/proto/HdfsProtos$DatanodeStorageProto
2024-11-12 13:42:56,059 INFO  EvoClassLoader - Seeing class for first time: org.apache.hadoop.hdfs.protocol.proto.HdfsProtos$DatanodeStorageProtoOrBuilder
2024-11-12 13:42:56,059 INFO  EvoClassLoader - Instrumenting class 'org.apache.hadoop.hdfs.protocol.proto.HdfsProtos$DatanodeStorageProtoOrBuilder'.
2024-11-12 13:42:56,059 INFO  EvoClassLoader - Keeping class: org.apache.hadoop.hdfs.protocol.proto.HdfsProtos$DatanodeStorageProtoOrBuilder
2024-11-12 13:42:56,059 INFO  EvoClassLoader - Keeping class: org.apache.hadoop.hdfs.protocol.proto.HdfsProtos$DatanodeStorageProto
2024-11-12 13:42:56,059 INFO  EvoClassLoader - Seeing class for first time: org.apache.hadoop.hdfs.protocol.proto.HdfsProtos$DatanodeInfoProto
2024-11-12 13:42:56,059 INFO  EvoClassLoader - Instrumenting class 'org.apache.hadoop.hdfs.protocol.proto.HdfsProtos$DatanodeInfoProto'.
2024-11-12 13:42:56,059 INFO  MethodCallReplacementClassAdapter - Adding mock interface to class org/apache/hadoop/hdfs/protocol/proto/HdfsProtos$DatanodeInfoProto
2024-11-12 13:42:56,060 INFO  CreateClassResetClassAdapter - Found static initializer in class org/apache/hadoop/hdfs/protocol/proto/HdfsProtos$DatanodeInfoProto
2024-11-12 13:42:56,060 INFO  EvoClassLoader - Seeing class for first time: org.apache.hadoop.hdfs.protocol.proto.HdfsProtos$DatanodeInfoProtoOrBuilder
2024-11-12 13:42:56,060 INFO  EvoClassLoader - Instrumenting class 'org.apache.hadoop.hdfs.protocol.proto.HdfsProtos$DatanodeInfoProtoOrBuilder'.
2024-11-12 13:42:56,060 INFO  EvoClassLoader - Keeping class: org.apache.hadoop.hdfs.protocol.proto.HdfsProtos$DatanodeInfoProtoOrBuilder
2024-11-12 13:42:56,061 INFO  EvoClassLoader - Keeping class: org.apache.hadoop.hdfs.protocol.proto.HdfsProtos$DatanodeInfoProto
2024-11-12 13:42:56,061 INFO  EvoClassLoader - Seeing class for first time: org.apache.hadoop.hdfs.protocol.proto.HdfsProtos$DatanodeInfosProto
2024-11-12 13:42:56,061 INFO  EvoClassLoader - Instrumenting class 'org.apache.hadoop.hdfs.protocol.proto.HdfsProtos$DatanodeInfosProto'.
2024-11-12 13:42:56,061 INFO  MethodCallReplacementClassAdapter - Adding mock interface to class org/apache/hadoop/hdfs/protocol/proto/HdfsProtos$DatanodeInfosProto
2024-11-12 13:42:56,061 INFO  CreateClassResetClassAdapter - Found static initializer in class org/apache/hadoop/hdfs/protocol/proto/HdfsProtos$DatanodeInfosProto
2024-11-12 13:42:56,062 INFO  EvoClassLoader - Seeing class for first time: org.apache.hadoop.hdfs.protocol.proto.HdfsProtos$DatanodeInfosProtoOrBuilder
2024-11-12 13:42:56,062 INFO  EvoClassLoader - Instrumenting class 'org.apache.hadoop.hdfs.protocol.proto.HdfsProtos$DatanodeInfosProtoOrBuilder'.
2024-11-12 13:42:56,062 INFO  EvoClassLoader - Keeping class: org.apache.hadoop.hdfs.protocol.proto.HdfsProtos$DatanodeInfosProtoOrBuilder
2024-11-12 13:42:56,062 INFO  EvoClassLoader - Keeping class: org.apache.hadoop.hdfs.protocol.proto.HdfsProtos$DatanodeInfosProto
2024-11-12 13:42:56,062 INFO  EvoClassLoader - Seeing class for first time: org.apache.hadoop.hdfs.protocol.proto.HdfsProtos$DatanodeVolumeInfoProto
2024-11-12 13:42:56,062 INFO  EvoClassLoader - Instrumenting class 'org.apache.hadoop.hdfs.protocol.proto.HdfsProtos$DatanodeVolumeInfoProto'.
2024-11-12 13:42:56,062 INFO  MethodCallReplacementClassAdapter - Adding mock interface to class org/apache/hadoop/hdfs/protocol/proto/HdfsProtos$DatanodeVolumeInfoProto
2024-11-12 13:42:56,063 INFO  CreateClassResetClassAdapter - Found static initializer in class org/apache/hadoop/hdfs/protocol/proto/HdfsProtos$DatanodeVolumeInfoProto
2024-11-12 13:42:56,063 INFO  EvoClassLoader - Seeing class for first time: org.apache.hadoop.hdfs.protocol.proto.HdfsProtos$DatanodeVolumeInfoProtoOrBuilder
2024-11-12 13:42:56,063 INFO  EvoClassLoader - Instrumenting class 'org.apache.hadoop.hdfs.protocol.proto.HdfsProtos$DatanodeVolumeInfoProtoOrBuilder'.
2024-11-12 13:42:56,063 INFO  EvoClassLoader - Keeping class: org.apache.hadoop.hdfs.protocol.proto.HdfsProtos$DatanodeVolumeInfoProtoOrBuilder
2024-11-12 13:42:56,063 INFO  EvoClassLoader - Keeping class: org.apache.hadoop.hdfs.protocol.proto.HdfsProtos$DatanodeVolumeInfoProto
2024-11-12 13:42:56,063 INFO  EvoClassLoader - Seeing class for first time: org.apache.hadoop.hdfs.protocol.proto.HdfsProtos$DatanodeLocalInfoProto
2024-11-12 13:42:56,063 INFO  EvoClassLoader - Instrumenting class 'org.apache.hadoop.hdfs.protocol.proto.HdfsProtos$DatanodeLocalInfoProto'.
2024-11-12 13:42:56,064 INFO  MethodCallReplacementClassAdapter - Adding mock interface to class org/apache/hadoop/hdfs/protocol/proto/HdfsProtos$DatanodeLocalInfoProto
2024-11-12 13:42:56,064 INFO  CreateClassResetClassAdapter - Found static initializer in class org/apache/hadoop/hdfs/protocol/proto/HdfsProtos$DatanodeLocalInfoProto
2024-11-12 13:42:56,064 INFO  EvoClassLoader - Seeing class for first time: org.apache.hadoop.hdfs.protocol.proto.HdfsProtos$DatanodeLocalInfoProtoOrBuilder
2024-11-12 13:42:56,064 INFO  EvoClassLoader - Instrumenting class 'org.apache.hadoop.hdfs.protocol.proto.HdfsProtos$DatanodeLocalInfoProtoOrBuilder'.
2024-11-12 13:42:56,065 INFO  EvoClassLoader - Keeping class: org.apache.hadoop.hdfs.protocol.proto.HdfsProtos$DatanodeLocalInfoProtoOrBuilder
2024-11-12 13:42:56,065 INFO  EvoClassLoader - Keeping class: org.apache.hadoop.hdfs.protocol.proto.HdfsProtos$DatanodeLocalInfoProto
2024-11-12 13:42:56,065 INFO  EvoClassLoader - Seeing class for first time: org.apache.hadoop.hdfs.protocol.proto.HdfsProtos$ProvidedStorageLocationProto
2024-11-12 13:42:56,065 INFO  EvoClassLoader - Instrumenting class 'org.apache.hadoop.hdfs.protocol.proto.HdfsProtos$ProvidedStorageLocationProto'.
2024-11-12 13:42:56,065 INFO  MethodCallReplacementClassAdapter - Adding mock interface to class org/apache/hadoop/hdfs/protocol/proto/HdfsProtos$ProvidedStorageLocationProto
2024-11-12 13:42:56,065 INFO  CreateClassResetClassAdapter - Found static initializer in class org/apache/hadoop/hdfs/protocol/proto/HdfsProtos$ProvidedStorageLocationProto
2024-11-12 13:42:56,066 INFO  EvoClassLoader - Seeing class for first time: org.apache.hadoop.hdfs.protocol.proto.HdfsProtos$ProvidedStorageLocationProtoOrBuilder
2024-11-12 13:42:56,066 INFO  EvoClassLoader - Instrumenting class 'org.apache.hadoop.hdfs.protocol.proto.HdfsProtos$ProvidedStorageLocationProtoOrBuilder'.
2024-11-12 13:42:56,066 INFO  EvoClassLoader - Keeping class: org.apache.hadoop.hdfs.protocol.proto.HdfsProtos$ProvidedStorageLocationProtoOrBuilder
2024-11-12 13:42:56,067 INFO  EvoClassLoader - Keeping class: org.apache.hadoop.hdfs.protocol.proto.HdfsProtos$ProvidedStorageLocationProto
2024-11-12 13:42:56,067 INFO  EvoClassLoader - Seeing class for first time: org.apache.hadoop.hdfs.protocol.proto.HdfsProtos$ExtendedBlockProto
2024-11-12 13:42:56,067 INFO  EvoClassLoader - Instrumenting class 'org.apache.hadoop.hdfs.protocol.proto.HdfsProtos$ExtendedBlockProto'.
2024-11-12 13:42:56,067 INFO  MethodCallReplacementClassAdapter - Adding mock interface to class org/apache/hadoop/hdfs/protocol/proto/HdfsProtos$ExtendedBlockProto
2024-11-12 13:42:56,067 INFO  CreateClassResetClassAdapter - Found static initializer in class org/apache/hadoop/hdfs/protocol/proto/HdfsProtos$ExtendedBlockProto
2024-11-12 13:42:56,068 INFO  EvoClassLoader - Seeing class for first time: org.apache.hadoop.hdfs.protocol.proto.HdfsProtos$ExtendedBlockProtoOrBuilder
2024-11-12 13:42:56,068 INFO  EvoClassLoader - Instrumenting class 'org.apache.hadoop.hdfs.protocol.proto.HdfsProtos$ExtendedBlockProtoOrBuilder'.
2024-11-12 13:42:56,068 INFO  EvoClassLoader - Keeping class: org.apache.hadoop.hdfs.protocol.proto.HdfsProtos$ExtendedBlockProtoOrBuilder
2024-11-12 13:42:56,068 INFO  EvoClassLoader - Keeping class: org.apache.hadoop.hdfs.protocol.proto.HdfsProtos$ExtendedBlockProto
2024-11-12 13:42:56,068 INFO  EvoClassLoader - Seeing class for first time: org.apache.hadoop.hdfs.protocol.proto.HdfsProtos$AccessModeProto
2024-11-12 13:42:56,068 INFO  EvoClassLoader - Instrumenting class 'org.apache.hadoop.hdfs.protocol.proto.HdfsProtos$AccessModeProto'.
2024-11-12 13:42:56,068 INFO  MethodCallReplacementClassAdapter - Adding mock interface to class org/apache/hadoop/hdfs/protocol/proto/HdfsProtos$AccessModeProto
2024-11-12 13:42:56,068 INFO  CreateClassResetClassAdapter - Found static initializer in class org/apache/hadoop/hdfs/protocol/proto/HdfsProtos$AccessModeProto
2024-11-12 13:42:56,069 INFO  EvoClassLoader - Keeping class: org.apache.hadoop.hdfs.protocol.proto.HdfsProtos$AccessModeProto
2024-11-12 13:42:56,069 INFO  EvoClassLoader - Seeing class for first time: org.apache.hadoop.hdfs.protocol.proto.HdfsProtos$BlockChecksumTypeProto
2024-11-12 13:42:56,069 INFO  EvoClassLoader - Instrumenting class 'org.apache.hadoop.hdfs.protocol.proto.HdfsProtos$BlockChecksumTypeProto'.
2024-11-12 13:42:56,069 INFO  MethodCallReplacementClassAdapter - Adding mock interface to class org/apache/hadoop/hdfs/protocol/proto/HdfsProtos$BlockChecksumTypeProto
2024-11-12 13:42:56,069 INFO  CreateClassResetClassAdapter - Found static initializer in class org/apache/hadoop/hdfs/protocol/proto/HdfsProtos$BlockChecksumTypeProto
2024-11-12 13:42:56,069 INFO  EvoClassLoader - Keeping class: org.apache.hadoop.hdfs.protocol.proto.HdfsProtos$BlockChecksumTypeProto
2024-11-12 13:42:56,069 INFO  EvoClassLoader - Seeing class for first time: org.apache.hadoop.hdfs.protocol.proto.HdfsProtos$ChecksumTypeProto
2024-11-12 13:42:56,069 INFO  EvoClassLoader - Instrumenting class 'org.apache.hadoop.hdfs.protocol.proto.HdfsProtos$ChecksumTypeProto'.
2024-11-12 13:42:56,069 INFO  MethodCallReplacementClassAdapter - Adding mock interface to class org/apache/hadoop/hdfs/protocol/proto/HdfsProtos$ChecksumTypeProto
2024-11-12 13:42:56,070 INFO  CreateClassResetClassAdapter - Found static initializer in class org/apache/hadoop/hdfs/protocol/proto/HdfsProtos$ChecksumTypeProto
2024-11-12 13:42:56,070 INFO  EvoClassLoader - Keeping class: org.apache.hadoop.hdfs.protocol.proto.HdfsProtos$ChecksumTypeProto
2024-11-12 13:42:56,070 INFO  EvoClassLoader - Seeing class for first time: org.apache.hadoop.hdfs.protocol.proto.HdfsProtos$ErasureCodingPolicyState
2024-11-12 13:42:56,070 INFO  EvoClassLoader - Instrumenting class 'org.apache.hadoop.hdfs.protocol.proto.HdfsProtos$ErasureCodingPolicyState'.
2024-11-12 13:42:56,070 INFO  MethodCallReplacementClassAdapter - Adding mock interface to class org/apache/hadoop/hdfs/protocol/proto/HdfsProtos$ErasureCodingPolicyState
2024-11-12 13:42:56,070 INFO  CreateClassResetClassAdapter - Found static initializer in class org/apache/hadoop/hdfs/protocol/proto/HdfsProtos$ErasureCodingPolicyState
2024-11-12 13:42:56,070 INFO  EvoClassLoader - Keeping class: org.apache.hadoop.hdfs.protocol.proto.HdfsProtos$ErasureCodingPolicyState
2024-11-12 13:42:56,070 INFO  EvoClassLoader - Seeing class for first time: org.apache.hadoop.hdfs.protocol.proto.HdfsProtos$CryptoProtocolVersionProto
2024-11-12 13:42:56,070 INFO  EvoClassLoader - Instrumenting class 'org.apache.hadoop.hdfs.protocol.proto.HdfsProtos$CryptoProtocolVersionProto'.
2024-11-12 13:42:56,071 INFO  MethodCallReplacementClassAdapter - Adding mock interface to class org/apache/hadoop/hdfs/protocol/proto/HdfsProtos$CryptoProtocolVersionProto
2024-11-12 13:42:56,071 INFO  CreateClassResetClassAdapter - Found static initializer in class org/apache/hadoop/hdfs/protocol/proto/HdfsProtos$CryptoProtocolVersionProto
2024-11-12 13:42:56,071 INFO  EvoClassLoader - Keeping class: org.apache.hadoop.hdfs.protocol.proto.HdfsProtos$CryptoProtocolVersionProto
2024-11-12 13:42:56,071 INFO  EvoClassLoader - Seeing class for first time: org.apache.hadoop.hdfs.protocol.proto.HdfsProtos$CipherSuiteProto
2024-11-12 13:42:56,071 INFO  EvoClassLoader - Instrumenting class 'org.apache.hadoop.hdfs.protocol.proto.HdfsProtos$CipherSuiteProto'.
2024-11-12 13:42:56,071 INFO  MethodCallReplacementClassAdapter - Adding mock interface to class org/apache/hadoop/hdfs/protocol/proto/HdfsProtos$CipherSuiteProto
2024-11-12 13:42:56,072 INFO  CreateClassResetClassAdapter - Found static initializer in class org/apache/hadoop/hdfs/protocol/proto/HdfsProtos$CipherSuiteProto
2024-11-12 13:42:56,072 INFO  EvoClassLoader - Keeping class: org.apache.hadoop.hdfs.protocol.proto.HdfsProtos$CipherSuiteProto
2024-11-12 13:42:56,072 INFO  EvoClassLoader - Seeing class for first time: org.apache.hadoop.hdfs.protocol.proto.HdfsProtos$BlockTypeProto
2024-11-12 13:42:56,072 INFO  EvoClassLoader - Instrumenting class 'org.apache.hadoop.hdfs.protocol.proto.HdfsProtos$BlockTypeProto'.
2024-11-12 13:42:56,072 INFO  MethodCallReplacementClassAdapter - Adding mock interface to class org/apache/hadoop/hdfs/protocol/proto/HdfsProtos$BlockTypeProto
2024-11-12 13:42:56,073 INFO  CreateClassResetClassAdapter - Found static initializer in class org/apache/hadoop/hdfs/protocol/proto/HdfsProtos$BlockTypeProto
2024-11-12 13:42:56,073 INFO  EvoClassLoader - Keeping class: org.apache.hadoop.hdfs.protocol.proto.HdfsProtos$BlockTypeProto
]]></system-out>
  </testcase>
  <testcase name="test107" classname="org.apache.hadoop.hdfs.protocol.proto.NamenodeProtocolProtos_ESTest" time="0.014">
    <system-out><![CDATA[2024-11-12 13:42:56,078 INFO  ThreadStopper - Found new thread
2024-11-12 13:42:56,080 INFO  EvoClassLoader - Seeing class for first time: libcore.io.Memory
2024-11-12 13:42:56,080 INFO  EvoClassLoader - Instrumenting class 'libcore.io.Memory'.
2024-11-12 13:42:56,080 INFO  EvoClassLoader - Error while loading class: java.lang.ClassNotFoundException: Class 'libcore/io/Memory.class' should be in target project, but could not be found!
2024-11-12 13:42:56,080 INFO  EvoClassLoader - Seeing class for first time: org.robolectric.Robolectric
2024-11-12 13:42:56,080 INFO  EvoClassLoader - Instrumenting class 'org.robolectric.Robolectric'.
2024-11-12 13:42:56,080 INFO  EvoClassLoader - Error while loading class: java.lang.ClassNotFoundException: Class 'org/robolectric/Robolectric.class' should be in target project, but could not be found!
2024-11-12 13:42:56,145 INFO  log - Logging initialized @38075ms to org.eclipse.jetty.util.log.Slf4jLog
]]></system-out>
  </testcase>
  <testcase name="test106" classname="org.apache.hadoop.hdfs.protocol.proto.NamenodeProtocolProtos_ESTest" time="0.046">
    <system-out><![CDATA[2024-11-12 13:42:56,153 INFO  EvoClassLoader - Seeing class for first time: libcore.io.Memory
2024-11-12 13:42:56,153 INFO  EvoClassLoader - Instrumenting class 'libcore.io.Memory'.
2024-11-12 13:42:56,154 INFO  EvoClassLoader - Error while loading class: java.lang.ClassNotFoundException: Class 'libcore/io/Memory.class' should be in target project, but could not be found!
2024-11-12 13:42:56,154 INFO  EvoClassLoader - Seeing class for first time: org.robolectric.Robolectric
2024-11-12 13:42:56,154 INFO  EvoClassLoader - Instrumenting class 'org.robolectric.Robolectric'.
2024-11-12 13:42:56,154 INFO  EvoClassLoader - Error while loading class: java.lang.ClassNotFoundException: Class 'org/robolectric/Robolectric.class' should be in target project, but could not be found!
2024-11-12 13:42:56,193 INFO  log - Logging initialized @38123ms to org.eclipse.jetty.util.log.Slf4jLog
]]></system-out>
  </testcase>
  <testcase name="test105" classname="org.apache.hadoop.hdfs.protocol.proto.NamenodeProtocolProtos_ESTest" time="0.034">
    <system-out><![CDATA[2024-11-12 13:42:56,199 INFO  EvoClassLoader - Seeing class for first time: libcore.io.Memory
2024-11-12 13:42:56,199 INFO  EvoClassLoader - Instrumenting class 'libcore.io.Memory'.
2024-11-12 13:42:56,199 INFO  EvoClassLoader - Error while loading class: java.lang.ClassNotFoundException: Class 'libcore/io/Memory.class' should be in target project, but could not be found!
2024-11-12 13:42:56,199 INFO  EvoClassLoader - Seeing class for first time: org.robolectric.Robolectric
2024-11-12 13:42:56,199 INFO  EvoClassLoader - Instrumenting class 'org.robolectric.Robolectric'.
2024-11-12 13:42:56,199 INFO  EvoClassLoader - Error while loading class: java.lang.ClassNotFoundException: Class 'org/robolectric/Robolectric.class' should be in target project, but could not be found!
2024-11-12 13:42:56,225 INFO  log - Logging initialized @38155ms to org.eclipse.jetty.util.log.Slf4jLog
]]></system-out>
  </testcase>
  <testcase name="test104" classname="org.apache.hadoop.hdfs.protocol.proto.NamenodeProtocolProtos_ESTest" time="0.048">
    <system-out><![CDATA[2024-11-12 13:42:56,235 INFO  EvoClassLoader - Seeing class for first time: libcore.io.Memory
2024-11-12 13:42:56,235 INFO  EvoClassLoader - Instrumenting class 'libcore.io.Memory'.
2024-11-12 13:42:56,236 INFO  EvoClassLoader - Error while loading class: java.lang.ClassNotFoundException: Class 'libcore/io/Memory.class' should be in target project, but could not be found!
2024-11-12 13:42:56,236 INFO  EvoClassLoader - Seeing class for first time: org.robolectric.Robolectric
2024-11-12 13:42:56,236 INFO  EvoClassLoader - Instrumenting class 'org.robolectric.Robolectric'.
2024-11-12 13:42:56,236 INFO  EvoClassLoader - Error while loading class: java.lang.ClassNotFoundException: Class 'org/robolectric/Robolectric.class' should be in target project, but could not be found!
2024-11-12 13:42:56,275 INFO  log - Logging initialized @38205ms to org.eclipse.jetty.util.log.Slf4jLog
]]></system-out>
  </testcase>
  <testcase name="test103" classname="org.apache.hadoop.hdfs.protocol.proto.NamenodeProtocolProtos_ESTest" time="0.029">
    <system-out><![CDATA[2024-11-12 13:42:56,281 INFO  EvoClassLoader - Seeing class for first time: libcore.io.Memory
2024-11-12 13:42:56,281 INFO  EvoClassLoader - Instrumenting class 'libcore.io.Memory'.
2024-11-12 13:42:56,282 INFO  EvoClassLoader - Error while loading class: java.lang.ClassNotFoundException: Class 'libcore/io/Memory.class' should be in target project, but could not be found!
2024-11-12 13:42:56,282 INFO  EvoClassLoader - Seeing class for first time: org.robolectric.Robolectric
2024-11-12 13:42:56,282 INFO  EvoClassLoader - Instrumenting class 'org.robolectric.Robolectric'.
2024-11-12 13:42:56,282 INFO  EvoClassLoader - Error while loading class: java.lang.ClassNotFoundException: Class 'org/robolectric/Robolectric.class' should be in target project, but could not be found!
2024-11-12 13:42:56,305 INFO  log - Logging initialized @38236ms to org.eclipse.jetty.util.log.Slf4jLog
]]></system-out>
  </testcase>
  <testcase name="test069" classname="org.apache.hadoop.hdfs.protocol.proto.NamenodeProtocolProtos_ESTest" time="0.033">
    <system-out><![CDATA[2024-11-12 13:42:56,312 INFO  EvoClassLoader - Seeing class for first time: libcore.io.Memory
2024-11-12 13:42:56,312 INFO  EvoClassLoader - Instrumenting class 'libcore.io.Memory'.
2024-11-12 13:42:56,313 INFO  EvoClassLoader - Error while loading class: java.lang.ClassNotFoundException: Class 'libcore/io/Memory.class' should be in target project, but could not be found!
2024-11-12 13:42:56,313 INFO  EvoClassLoader - Seeing class for first time: org.robolectric.Robolectric
2024-11-12 13:42:56,313 INFO  EvoClassLoader - Instrumenting class 'org.robolectric.Robolectric'.
2024-11-12 13:42:56,313 INFO  EvoClassLoader - Error while loading class: java.lang.ClassNotFoundException: Class 'org/robolectric/Robolectric.class' should be in target project, but could not be found!
2024-11-12 13:42:56,339 INFO  log - Logging initialized @38269ms to org.eclipse.jetty.util.log.Slf4jLog
]]></system-out>
  </testcase>
  <testcase name="test102" classname="org.apache.hadoop.hdfs.protocol.proto.NamenodeProtocolProtos_ESTest" time="0.037">
    <system-out><![CDATA[2024-11-12 13:42:56,350 INFO  EvoClassLoader - Seeing class for first time: libcore.io.Memory
2024-11-12 13:42:56,350 INFO  EvoClassLoader - Instrumenting class 'libcore.io.Memory'.
2024-11-12 13:42:56,350 INFO  EvoClassLoader - Error while loading class: java.lang.ClassNotFoundException: Class 'libcore/io/Memory.class' should be in target project, but could not be found!
2024-11-12 13:42:56,350 INFO  EvoClassLoader - Seeing class for first time: org.robolectric.Robolectric
2024-11-12 13:42:56,350 INFO  EvoClassLoader - Instrumenting class 'org.robolectric.Robolectric'.
2024-11-12 13:42:56,351 INFO  EvoClassLoader - Error while loading class: java.lang.ClassNotFoundException: Class 'org/robolectric/Robolectric.class' should be in target project, but could not be found!
2024-11-12 13:42:56,375 INFO  log - Logging initialized @38305ms to org.eclipse.jetty.util.log.Slf4jLog
]]></system-out>
  </testcase>
  <testcase name="test068" classname="org.apache.hadoop.hdfs.protocol.proto.NamenodeProtocolProtos_ESTest" time="0.035">
    <system-out><![CDATA[2024-11-12 13:42:56,384 INFO  EvoClassLoader - Seeing class for first time: libcore.io.Memory
2024-11-12 13:42:56,384 INFO  EvoClassLoader - Instrumenting class 'libcore.io.Memory'.
2024-11-12 13:42:56,384 INFO  EvoClassLoader - Error while loading class: java.lang.ClassNotFoundException: Class 'libcore/io/Memory.class' should be in target project, but could not be found!
2024-11-12 13:42:56,384 INFO  EvoClassLoader - Seeing class for first time: org.robolectric.Robolectric
2024-11-12 13:42:56,384 INFO  EvoClassLoader - Instrumenting class 'org.robolectric.Robolectric'.
2024-11-12 13:42:56,384 INFO  EvoClassLoader - Error while loading class: java.lang.ClassNotFoundException: Class 'org/robolectric/Robolectric.class' should be in target project, but could not be found!
2024-11-12 13:42:56,411 INFO  log - Logging initialized @38341ms to org.eclipse.jetty.util.log.Slf4jLog
]]></system-out>
  </testcase>
  <testcase name="test101" classname="org.apache.hadoop.hdfs.protocol.proto.NamenodeProtocolProtos_ESTest" time="0.029">
    <system-out><![CDATA[2024-11-12 13:42:56,418 INFO  EvoClassLoader - Seeing class for first time: libcore.io.Memory
2024-11-12 13:42:56,418 INFO  EvoClassLoader - Instrumenting class 'libcore.io.Memory'.
2024-11-12 13:42:56,418 INFO  EvoClassLoader - Error while loading class: java.lang.ClassNotFoundException: Class 'libcore/io/Memory.class' should be in target project, but could not be found!
2024-11-12 13:42:56,418 INFO  EvoClassLoader - Seeing class for first time: org.robolectric.Robolectric
2024-11-12 13:42:56,418 INFO  EvoClassLoader - Instrumenting class 'org.robolectric.Robolectric'.
2024-11-12 13:42:56,418 INFO  EvoClassLoader - Error while loading class: java.lang.ClassNotFoundException: Class 'org/robolectric/Robolectric.class' should be in target project, but could not be found!
2024-11-12 13:42:56,438 INFO  log - Logging initialized @38369ms to org.eclipse.jetty.util.log.Slf4jLog
]]></system-out>
  </testcase>
  <testcase name="test109" classname="org.apache.hadoop.hdfs.protocol.proto.NamenodeProtocolProtos_ESTest" time="0.037">
    <system-out><![CDATA[2024-11-12 13:42:56,447 INFO  EvoClassLoader - Seeing class for first time: libcore.io.Memory
2024-11-12 13:42:56,447 INFO  EvoClassLoader - Instrumenting class 'libcore.io.Memory'.
2024-11-12 13:42:56,447 INFO  EvoClassLoader - Error while loading class: java.lang.ClassNotFoundException: Class 'libcore/io/Memory.class' should be in target project, but could not be found!
2024-11-12 13:42:56,447 INFO  EvoClassLoader - Seeing class for first time: org.robolectric.Robolectric
2024-11-12 13:42:56,447 INFO  EvoClassLoader - Instrumenting class 'org.robolectric.Robolectric'.
2024-11-12 13:42:56,448 INFO  EvoClassLoader - Error while loading class: java.lang.ClassNotFoundException: Class 'org/robolectric/Robolectric.class' should be in target project, but could not be found!
2024-11-12 13:42:56,469 INFO  log - Logging initialized @38399ms to org.eclipse.jetty.util.log.Slf4jLog
]]></system-out>
  </testcase>
  <testcase name="test070" classname="org.apache.hadoop.hdfs.protocol.proto.NamenodeProtocolProtos_ESTest" time="0.026">
    <system-out><![CDATA[2024-11-12 13:42:56,483 INFO  EvoClassLoader - Seeing class for first time: libcore.io.Memory
2024-11-12 13:42:56,483 INFO  EvoClassLoader - Instrumenting class 'libcore.io.Memory'.
2024-11-12 13:42:56,484 INFO  EvoClassLoader - Error while loading class: java.lang.ClassNotFoundException: Class 'libcore/io/Memory.class' should be in target project, but could not be found!
2024-11-12 13:42:56,484 INFO  EvoClassLoader - Seeing class for first time: org.robolectric.Robolectric
2024-11-12 13:42:56,484 INFO  EvoClassLoader - Instrumenting class 'org.robolectric.Robolectric'.
2024-11-12 13:42:56,484 INFO  EvoClassLoader - Error while loading class: java.lang.ClassNotFoundException: Class 'org/robolectric/Robolectric.class' should be in target project, but could not be found!
2024-11-12 13:42:56,502 INFO  log - Logging initialized @38432ms to org.eclipse.jetty.util.log.Slf4jLog
2024-11-12 13:42:56,504 INFO  EvoClassLoader - Seeing class for first time: org.apache.hadoop.thirdparty.protobuf.DescriptorProtos$1
2024-11-12 13:42:56,504 INFO  EvoClassLoader - Instrumenting class 'org.apache.hadoop.thirdparty.protobuf.DescriptorProtos$1'.
2024-11-12 13:42:56,504 INFO  MethodCallReplacementClassAdapter - Adding mock interface to class org/apache/hadoop/thirdparty/protobuf/DescriptorProtos$1
2024-11-12 13:42:56,504 INFO  EvoClassLoader - Keeping class: org.apache.hadoop.thirdparty.protobuf.DescriptorProtos$1
]]></system-out>
  </testcase>
  <testcase name="test078" classname="org.apache.hadoop.hdfs.protocol.proto.NamenodeProtocolProtos_ESTest" time="0.031">
    <system-out><![CDATA[2024-11-12 13:42:56,507 INFO  EvoClassLoader - Seeing class for first time: libcore.io.Memory
2024-11-12 13:42:56,508 INFO  EvoClassLoader - Instrumenting class 'libcore.io.Memory'.
2024-11-12 13:42:56,508 INFO  EvoClassLoader - Error while loading class: java.lang.ClassNotFoundException: Class 'libcore/io/Memory.class' should be in target project, but could not be found!
2024-11-12 13:42:56,508 INFO  EvoClassLoader - Seeing class for first time: org.robolectric.Robolectric
2024-11-12 13:42:56,508 INFO  EvoClassLoader - Instrumenting class 'org.robolectric.Robolectric'.
2024-11-12 13:42:56,508 INFO  EvoClassLoader - Error while loading class: java.lang.ClassNotFoundException: Class 'org/robolectric/Robolectric.class' should be in target project, but could not be found!
2024-11-12 13:42:56,534 INFO  log - Logging initialized @38464ms to org.eclipse.jetty.util.log.Slf4jLog
]]></system-out>
  </testcase>
  <testcase name="test077" classname="org.apache.hadoop.hdfs.protocol.proto.NamenodeProtocolProtos_ESTest" time="0.027">
    <system-out><![CDATA[2024-11-12 13:42:56,541 INFO  EvoClassLoader - Seeing class for first time: libcore.io.Memory
2024-11-12 13:42:56,541 INFO  EvoClassLoader - Instrumenting class 'libcore.io.Memory'.
2024-11-12 13:42:56,541 INFO  EvoClassLoader - Error while loading class: java.lang.ClassNotFoundException: Class 'libcore/io/Memory.class' should be in target project, but could not be found!
2024-11-12 13:42:56,541 INFO  EvoClassLoader - Seeing class for first time: org.robolectric.Robolectric
2024-11-12 13:42:56,541 INFO  EvoClassLoader - Instrumenting class 'org.robolectric.Robolectric'.
2024-11-12 13:42:56,541 INFO  EvoClassLoader - Error while loading class: java.lang.ClassNotFoundException: Class 'org/robolectric/Robolectric.class' should be in target project, but could not be found!
2024-11-12 13:42:56,563 INFO  log - Logging initialized @38493ms to org.eclipse.jetty.util.log.Slf4jLog
]]></system-out>
  </testcase>
  <testcase name="test110" classname="org.apache.hadoop.hdfs.protocol.proto.NamenodeProtocolProtos_ESTest" time="0.028">
    <system-out><![CDATA[2024-11-12 13:42:56,569 INFO  EvoClassLoader - Seeing class for first time: libcore.io.Memory
2024-11-12 13:42:56,569 INFO  EvoClassLoader - Instrumenting class 'libcore.io.Memory'.
2024-11-12 13:42:56,569 INFO  EvoClassLoader - Error while loading class: java.lang.ClassNotFoundException: Class 'libcore/io/Memory.class' should be in target project, but could not be found!
2024-11-12 13:42:56,569 INFO  EvoClassLoader - Seeing class for first time: org.robolectric.Robolectric
2024-11-12 13:42:56,569 INFO  EvoClassLoader - Instrumenting class 'org.robolectric.Robolectric'.
2024-11-12 13:42:56,569 INFO  EvoClassLoader - Error while loading class: java.lang.ClassNotFoundException: Class 'org/robolectric/Robolectric.class' should be in target project, but could not be found!
2024-11-12 13:42:56,591 INFO  log - Logging initialized @38521ms to org.eclipse.jetty.util.log.Slf4jLog
]]></system-out>
  </testcase>
  <testcase name="test076" classname="org.apache.hadoop.hdfs.protocol.proto.NamenodeProtocolProtos_ESTest" time="0.066">
    <system-out><![CDATA[2024-11-12 13:42:56,597 INFO  EvoClassLoader - Seeing class for first time: libcore.io.Memory
2024-11-12 13:42:56,597 INFO  EvoClassLoader - Instrumenting class 'libcore.io.Memory'.
2024-11-12 13:42:56,597 INFO  EvoClassLoader - Error while loading class: java.lang.ClassNotFoundException: Class 'libcore/io/Memory.class' should be in target project, but could not be found!
2024-11-12 13:42:56,597 INFO  EvoClassLoader - Seeing class for first time: org.robolectric.Robolectric
2024-11-12 13:42:56,597 INFO  EvoClassLoader - Instrumenting class 'org.robolectric.Robolectric'.
2024-11-12 13:42:56,598 INFO  EvoClassLoader - Error while loading class: java.lang.ClassNotFoundException: Class 'org/robolectric/Robolectric.class' should be in target project, but could not be found!
2024-11-12 13:42:56,647 INFO  log - Logging initialized @38577ms to org.eclipse.jetty.util.log.Slf4jLog
]]></system-out>
  </testcase>
  <testcase name="test075" classname="org.apache.hadoop.hdfs.protocol.proto.NamenodeProtocolProtos_ESTest" time="0.043">
    <system-out><![CDATA[2024-11-12 13:42:56,664 INFO  EvoClassLoader - Seeing class for first time: libcore.io.Memory
2024-11-12 13:42:56,664 INFO  EvoClassLoader - Instrumenting class 'libcore.io.Memory'.
2024-11-12 13:42:56,664 INFO  EvoClassLoader - Error while loading class: java.lang.ClassNotFoundException: Class 'libcore/io/Memory.class' should be in target project, but could not be found!
2024-11-12 13:42:56,664 INFO  EvoClassLoader - Seeing class for first time: org.robolectric.Robolectric
2024-11-12 13:42:56,664 INFO  EvoClassLoader - Instrumenting class 'org.robolectric.Robolectric'.
2024-11-12 13:42:56,664 INFO  EvoClassLoader - Error while loading class: java.lang.ClassNotFoundException: Class 'org/robolectric/Robolectric.class' should be in target project, but could not be found!
2024-11-12 13:42:56,694 INFO  log - Logging initialized @38624ms to org.eclipse.jetty.util.log.Slf4jLog
]]></system-out>
  </testcase>
  <testcase name="test074" classname="org.apache.hadoop.hdfs.protocol.proto.NamenodeProtocolProtos_ESTest" time="0.041">
    <system-out><![CDATA[2024-11-12 13:42:56,705 INFO  EvoClassLoader - Seeing class for first time: libcore.io.Memory
2024-11-12 13:42:56,705 INFO  EvoClassLoader - Instrumenting class 'libcore.io.Memory'.
2024-11-12 13:42:56,706 INFO  EvoClassLoader - Error while loading class: java.lang.ClassNotFoundException: Class 'libcore/io/Memory.class' should be in target project, but could not be found!
2024-11-12 13:42:56,706 INFO  EvoClassLoader - Seeing class for first time: org.robolectric.Robolectric
2024-11-12 13:42:56,706 INFO  EvoClassLoader - Instrumenting class 'org.robolectric.Robolectric'.
2024-11-12 13:42:56,706 INFO  EvoClassLoader - Error while loading class: java.lang.ClassNotFoundException: Class 'org/robolectric/Robolectric.class' should be in target project, but could not be found!
2024-11-12 13:42:56,740 INFO  log - Logging initialized @38670ms to org.eclipse.jetty.util.log.Slf4jLog
]]></system-out>
  </testcase>
  <testcase name="test073" classname="org.apache.hadoop.hdfs.protocol.proto.NamenodeProtocolProtos_ESTest" time="0.052">
    <system-out><![CDATA[2024-11-12 13:42:56,749 INFO  EvoClassLoader - Seeing class for first time: libcore.io.Memory
2024-11-12 13:42:56,749 INFO  EvoClassLoader - Instrumenting class 'libcore.io.Memory'.
2024-11-12 13:42:56,749 INFO  EvoClassLoader - Error while loading class: java.lang.ClassNotFoundException: Class 'libcore/io/Memory.class' should be in target project, but could not be found!
2024-11-12 13:42:56,749 INFO  EvoClassLoader - Seeing class for first time: org.robolectric.Robolectric
2024-11-12 13:42:56,749 INFO  EvoClassLoader - Instrumenting class 'org.robolectric.Robolectric'.
2024-11-12 13:42:56,750 INFO  EvoClassLoader - Error while loading class: java.lang.ClassNotFoundException: Class 'org/robolectric/Robolectric.class' should be in target project, but could not be found!
2024-11-12 13:42:56,789 INFO  log - Logging initialized @38719ms to org.eclipse.jetty.util.log.Slf4jLog
]]></system-out>
  </testcase>
  <testcase name="test072" classname="org.apache.hadoop.hdfs.protocol.proto.NamenodeProtocolProtos_ESTest" time="0.038">
    <system-out><![CDATA[2024-11-12 13:42:56,796 INFO  EvoClassLoader - Seeing class for first time: libcore.io.Memory
2024-11-12 13:42:56,796 INFO  EvoClassLoader - Instrumenting class 'libcore.io.Memory'.
2024-11-12 13:42:56,796 INFO  EvoClassLoader - Error while loading class: java.lang.ClassNotFoundException: Class 'libcore/io/Memory.class' should be in target project, but could not be found!
2024-11-12 13:42:56,796 INFO  EvoClassLoader - Seeing class for first time: org.robolectric.Robolectric
2024-11-12 13:42:56,796 INFO  EvoClassLoader - Instrumenting class 'org.robolectric.Robolectric'.
2024-11-12 13:42:56,796 INFO  EvoClassLoader - Error while loading class: java.lang.ClassNotFoundException: Class 'org/robolectric/Robolectric.class' should be in target project, but could not be found!
2024-11-12 13:42:56,829 INFO  log - Logging initialized @38759ms to org.eclipse.jetty.util.log.Slf4jLog
]]></system-out>
  </testcase>
  <testcase name="test071" classname="org.apache.hadoop.hdfs.protocol.proto.NamenodeProtocolProtos_ESTest" time="0.061">
    <system-out><![CDATA[2024-11-12 13:42:56,839 INFO  EvoClassLoader - Seeing class for first time: libcore.io.Memory
2024-11-12 13:42:56,839 INFO  EvoClassLoader - Instrumenting class 'libcore.io.Memory'.
2024-11-12 13:42:56,840 INFO  EvoClassLoader - Error while loading class: java.lang.ClassNotFoundException: Class 'libcore/io/Memory.class' should be in target project, but could not be found!
2024-11-12 13:42:56,840 INFO  EvoClassLoader - Seeing class for first time: org.robolectric.Robolectric
2024-11-12 13:42:56,840 INFO  EvoClassLoader - Instrumenting class 'org.robolectric.Robolectric'.
2024-11-12 13:42:56,840 INFO  EvoClassLoader - Error while loading class: java.lang.ClassNotFoundException: Class 'org/robolectric/Robolectric.class' should be in target project, but could not be found!
2024-11-12 13:42:56,886 INFO  log - Logging initialized @38816ms to org.eclipse.jetty.util.log.Slf4jLog
]]></system-out>
  </testcase>
  <testcase name="test059" classname="org.apache.hadoop.hdfs.protocol.proto.NamenodeProtocolProtos_ESTest" time="0.055">
    <system-out><![CDATA[2024-11-12 13:42:56,901 INFO  EvoClassLoader - Seeing class for first time: libcore.io.Memory
2024-11-12 13:42:56,901 INFO  EvoClassLoader - Instrumenting class 'libcore.io.Memory'.
2024-11-12 13:42:56,902 INFO  EvoClassLoader - Error while loading class: java.lang.ClassNotFoundException: Class 'libcore/io/Memory.class' should be in target project, but could not be found!
2024-11-12 13:42:56,902 INFO  EvoClassLoader - Seeing class for first time: org.robolectric.Robolectric
2024-11-12 13:42:56,902 INFO  EvoClassLoader - Instrumenting class 'org.robolectric.Robolectric'.
2024-11-12 13:42:56,902 INFO  EvoClassLoader - Error while loading class: java.lang.ClassNotFoundException: Class 'org/robolectric/Robolectric.class' should be in target project, but could not be found!
2024-11-12 13:42:56,948 INFO  log - Logging initialized @38878ms to org.eclipse.jetty.util.log.Slf4jLog
]]></system-out>
  </testcase>
  <testcase name="test058" classname="org.apache.hadoop.hdfs.protocol.proto.NamenodeProtocolProtos_ESTest" time="0.03">
    <system-out><![CDATA[2024-11-12 13:42:56,953 INFO  EvoClassLoader - Seeing class for first time: libcore.io.Memory
2024-11-12 13:42:56,953 INFO  EvoClassLoader - Instrumenting class 'libcore.io.Memory'.
2024-11-12 13:42:56,953 INFO  EvoClassLoader - Error while loading class: java.lang.ClassNotFoundException: Class 'libcore/io/Memory.class' should be in target project, but could not be found!
2024-11-12 13:42:56,953 INFO  EvoClassLoader - Seeing class for first time: org.robolectric.Robolectric
2024-11-12 13:42:56,953 INFO  EvoClassLoader - Instrumenting class 'org.robolectric.Robolectric'.
2024-11-12 13:42:56,953 INFO  EvoClassLoader - Error while loading class: java.lang.ClassNotFoundException: Class 'org/robolectric/Robolectric.class' should be in target project, but could not be found!
2024-11-12 13:42:56,974 INFO  log - Logging initialized @38904ms to org.eclipse.jetty.util.log.Slf4jLog
]]></system-out>
  </testcase>
  <testcase name="test057" classname="org.apache.hadoop.hdfs.protocol.proto.NamenodeProtocolProtos_ESTest" time="0.056">
    <system-out><![CDATA[2024-11-12 13:42:56,978 INFO  EvoClassLoader - Seeing class for first time: libcore.io.Memory
2024-11-12 13:42:56,978 INFO  EvoClassLoader - Instrumenting class 'libcore.io.Memory'.
2024-11-12 13:42:56,979 INFO  EvoClassLoader - Error while loading class: java.lang.ClassNotFoundException: Class 'libcore/io/Memory.class' should be in target project, but could not be found!
2024-11-12 13:42:56,979 INFO  EvoClassLoader - Seeing class for first time: org.robolectric.Robolectric
2024-11-12 13:42:56,979 INFO  EvoClassLoader - Instrumenting class 'org.robolectric.Robolectric'.
2024-11-12 13:42:56,979 INFO  EvoClassLoader - Error while loading class: java.lang.ClassNotFoundException: Class 'org/robolectric/Robolectric.class' should be in target project, but could not be found!
2024-11-12 13:42:57,031 INFO  log - Logging initialized @38961ms to org.eclipse.jetty.util.log.Slf4jLog
]]></system-out>
  </testcase>
  <testcase name="test067" classname="org.apache.hadoop.hdfs.protocol.proto.NamenodeProtocolProtos_ESTest" time="0.047">
    <system-out><![CDATA[2024-11-12 13:42:57,039 INFO  EvoClassLoader - Seeing class for first time: libcore.io.Memory
2024-11-12 13:42:57,040 INFO  EvoClassLoader - Instrumenting class 'libcore.io.Memory'.
2024-11-12 13:42:57,040 INFO  EvoClassLoader - Error while loading class: java.lang.ClassNotFoundException: Class 'libcore/io/Memory.class' should be in target project, but could not be found!
2024-11-12 13:42:57,040 INFO  EvoClassLoader - Seeing class for first time: org.robolectric.Robolectric
2024-11-12 13:42:57,040 INFO  EvoClassLoader - Instrumenting class 'org.robolectric.Robolectric'.
2024-11-12 13:42:57,040 INFO  EvoClassLoader - Error while loading class: java.lang.ClassNotFoundException: Class 'org/robolectric/Robolectric.class' should be in target project, but could not be found!
2024-11-12 13:42:57,076 INFO  log - Logging initialized @39006ms to org.eclipse.jetty.util.log.Slf4jLog
]]></system-out>
  </testcase>
  <testcase name="test100" classname="org.apache.hadoop.hdfs.protocol.proto.NamenodeProtocolProtos_ESTest" time="0.042">
    <system-out><![CDATA[2024-11-12 13:42:57,080 INFO  EvoClassLoader - Seeing class for first time: libcore.io.Memory
2024-11-12 13:42:57,080 INFO  EvoClassLoader - Instrumenting class 'libcore.io.Memory'.
2024-11-12 13:42:57,080 INFO  EvoClassLoader - Error while loading class: java.lang.ClassNotFoundException: Class 'libcore/io/Memory.class' should be in target project, but could not be found!
2024-11-12 13:42:57,081 INFO  EvoClassLoader - Seeing class for first time: org.robolectric.Robolectric
2024-11-12 13:42:57,081 INFO  EvoClassLoader - Instrumenting class 'org.robolectric.Robolectric'.
2024-11-12 13:42:57,081 INFO  EvoClassLoader - Error while loading class: java.lang.ClassNotFoundException: Class 'org/robolectric/Robolectric.class' should be in target project, but could not be found!
2024-11-12 13:42:57,121 INFO  log - Logging initialized @39051ms to org.eclipse.jetty.util.log.Slf4jLog
]]></system-out>
  </testcase>
  <testcase name="test066" classname="org.apache.hadoop.hdfs.protocol.proto.NamenodeProtocolProtos_ESTest" time="0.052">
    <system-out><![CDATA[2024-11-12 13:42:57,129 INFO  EvoClassLoader - Seeing class for first time: libcore.io.Memory
2024-11-12 13:42:57,129 INFO  EvoClassLoader - Instrumenting class 'libcore.io.Memory'.
2024-11-12 13:42:57,129 INFO  EvoClassLoader - Error while loading class: java.lang.ClassNotFoundException: Class 'libcore/io/Memory.class' should be in target project, but could not be found!
2024-11-12 13:42:57,129 INFO  EvoClassLoader - Seeing class for first time: org.robolectric.Robolectric
2024-11-12 13:42:57,129 INFO  EvoClassLoader - Instrumenting class 'org.robolectric.Robolectric'.
2024-11-12 13:42:57,129 INFO  EvoClassLoader - Error while loading class: java.lang.ClassNotFoundException: Class 'org/robolectric/Robolectric.class' should be in target project, but could not be found!
2024-11-12 13:42:57,168 INFO  log - Logging initialized @39098ms to org.eclipse.jetty.util.log.Slf4jLog
]]></system-out>
  </testcase>
  <testcase name="test065" classname="org.apache.hadoop.hdfs.protocol.proto.NamenodeProtocolProtos_ESTest" time="0.035">
    <system-out><![CDATA[2024-11-12 13:42:57,176 INFO  EvoClassLoader - Seeing class for first time: libcore.io.Memory
2024-11-12 13:42:57,176 INFO  EvoClassLoader - Instrumenting class 'libcore.io.Memory'.
2024-11-12 13:42:57,176 INFO  EvoClassLoader - Error while loading class: java.lang.ClassNotFoundException: Class 'libcore/io/Memory.class' should be in target project, but could not be found!
2024-11-12 13:42:57,176 INFO  EvoClassLoader - Seeing class for first time: org.robolectric.Robolectric
2024-11-12 13:42:57,176 INFO  EvoClassLoader - Instrumenting class 'org.robolectric.Robolectric'.
2024-11-12 13:42:57,177 INFO  EvoClassLoader - Error while loading class: java.lang.ClassNotFoundException: Class 'org/robolectric/Robolectric.class' should be in target project, but could not be found!
2024-11-12 13:42:57,207 INFO  log - Logging initialized @39137ms to org.eclipse.jetty.util.log.Slf4jLog
]]></system-out>
  </testcase>
  <testcase name="test064" classname="org.apache.hadoop.hdfs.protocol.proto.NamenodeProtocolProtos_ESTest" time="0.026">
    <system-out><![CDATA[2024-11-12 13:42:57,211 INFO  EvoClassLoader - Seeing class for first time: libcore.io.Memory
2024-11-12 13:42:57,211 INFO  EvoClassLoader - Instrumenting class 'libcore.io.Memory'.
2024-11-12 13:42:57,212 INFO  EvoClassLoader - Error while loading class: java.lang.ClassNotFoundException: Class 'libcore/io/Memory.class' should be in target project, but could not be found!
2024-11-12 13:42:57,212 INFO  EvoClassLoader - Seeing class for first time: org.robolectric.Robolectric
2024-11-12 13:42:57,212 INFO  EvoClassLoader - Instrumenting class 'org.robolectric.Robolectric'.
2024-11-12 13:42:57,212 INFO  EvoClassLoader - Error while loading class: java.lang.ClassNotFoundException: Class 'org/robolectric/Robolectric.class' should be in target project, but could not be found!
2024-11-12 13:42:57,231 INFO  log - Logging initialized @39161ms to org.eclipse.jetty.util.log.Slf4jLog
]]></system-out>
  </testcase>
  <testcase name="test063" classname="org.apache.hadoop.hdfs.protocol.proto.NamenodeProtocolProtos_ESTest" time="0.022">
    <system-out><![CDATA[2024-11-12 13:42:57,235 INFO  EvoClassLoader - Seeing class for first time: libcore.io.Memory
2024-11-12 13:42:57,236 INFO  EvoClassLoader - Instrumenting class 'libcore.io.Memory'.
2024-11-12 13:42:57,236 INFO  EvoClassLoader - Error while loading class: java.lang.ClassNotFoundException: Class 'libcore/io/Memory.class' should be in target project, but could not be found!
2024-11-12 13:42:57,236 INFO  EvoClassLoader - Seeing class for first time: org.robolectric.Robolectric
2024-11-12 13:42:57,236 INFO  EvoClassLoader - Instrumenting class 'org.robolectric.Robolectric'.
2024-11-12 13:42:57,236 INFO  EvoClassLoader - Error while loading class: java.lang.ClassNotFoundException: Class 'org/robolectric/Robolectric.class' should be in target project, but could not be found!
2024-11-12 13:42:57,255 INFO  log - Logging initialized @39185ms to org.eclipse.jetty.util.log.Slf4jLog
]]></system-out>
  </testcase>
  <testcase name="test062" classname="org.apache.hadoop.hdfs.protocol.proto.NamenodeProtocolProtos_ESTest" time="0.041">
    <system-out><![CDATA[2024-11-12 13:42:57,261 INFO  EvoClassLoader - Seeing class for first time: libcore.io.Memory
2024-11-12 13:42:57,261 INFO  EvoClassLoader - Instrumenting class 'libcore.io.Memory'.
2024-11-12 13:42:57,262 INFO  EvoClassLoader - Error while loading class: java.lang.ClassNotFoundException: Class 'libcore/io/Memory.class' should be in target project, but could not be found!
2024-11-12 13:42:57,262 INFO  EvoClassLoader - Seeing class for first time: org.robolectric.Robolectric
2024-11-12 13:42:57,262 INFO  EvoClassLoader - Instrumenting class 'org.robolectric.Robolectric'.
2024-11-12 13:42:57,262 INFO  EvoClassLoader - Error while loading class: java.lang.ClassNotFoundException: Class 'org/robolectric/Robolectric.class' should be in target project, but could not be found!
2024-11-12 13:42:57,294 INFO  log - Logging initialized @39224ms to org.eclipse.jetty.util.log.Slf4jLog
]]></system-out>
  </testcase>
  <testcase name="test061" classname="org.apache.hadoop.hdfs.protocol.proto.NamenodeProtocolProtos_ESTest" time="0.028">
    <system-out><![CDATA[2024-11-12 13:42:57,301 INFO  EvoClassLoader - Seeing class for first time: libcore.io.Memory
2024-11-12 13:42:57,301 INFO  EvoClassLoader - Instrumenting class 'libcore.io.Memory'.
2024-11-12 13:42:57,301 INFO  EvoClassLoader - Error while loading class: java.lang.ClassNotFoundException: Class 'libcore/io/Memory.class' should be in target project, but could not be found!
2024-11-12 13:42:57,301 INFO  EvoClassLoader - Seeing class for first time: org.robolectric.Robolectric
2024-11-12 13:42:57,301 INFO  EvoClassLoader - Instrumenting class 'org.robolectric.Robolectric'.
2024-11-12 13:42:57,301 INFO  EvoClassLoader - Error while loading class: java.lang.ClassNotFoundException: Class 'org/robolectric/Robolectric.class' should be in target project, but could not be found!
2024-11-12 13:42:57,327 INFO  log - Logging initialized @39257ms to org.eclipse.jetty.util.log.Slf4jLog
]]></system-out>
  </testcase>
  <testcase name="test060" classname="org.apache.hadoop.hdfs.protocol.proto.NamenodeProtocolProtos_ESTest" time="0.029">
    <system-out><![CDATA[2024-11-12 13:42:57,331 INFO  EvoClassLoader - Seeing class for first time: libcore.io.Memory
2024-11-12 13:42:57,331 INFO  EvoClassLoader - Instrumenting class 'libcore.io.Memory'.
2024-11-12 13:42:57,332 INFO  EvoClassLoader - Error while loading class: java.lang.ClassNotFoundException: Class 'libcore/io/Memory.class' should be in target project, but could not be found!
2024-11-12 13:42:57,332 INFO  EvoClassLoader - Seeing class for first time: org.robolectric.Robolectric
2024-11-12 13:42:57,332 INFO  EvoClassLoader - Instrumenting class 'org.robolectric.Robolectric'.
2024-11-12 13:42:57,332 INFO  EvoClassLoader - Error while loading class: java.lang.ClassNotFoundException: Class 'org/robolectric/Robolectric.class' should be in target project, but could not be found!
2024-11-12 13:42:57,352 INFO  log - Logging initialized @39282ms to org.eclipse.jetty.util.log.Slf4jLog
]]></system-out>
  </testcase>
  <testcase name="test009" classname="org.apache.hadoop.hdfs.protocol.proto.NamenodeProtocolProtos_ESTest" time="0.026">
    <system-out><![CDATA[2024-11-12 13:42:57,357 INFO  EvoClassLoader - Seeing class for first time: libcore.io.Memory
2024-11-12 13:42:57,357 INFO  EvoClassLoader - Instrumenting class 'libcore.io.Memory'.
2024-11-12 13:42:57,357 INFO  EvoClassLoader - Error while loading class: java.lang.ClassNotFoundException: Class 'libcore/io/Memory.class' should be in target project, but could not be found!
2024-11-12 13:42:57,357 INFO  EvoClassLoader - Seeing class for first time: org.robolectric.Robolectric
2024-11-12 13:42:57,357 INFO  EvoClassLoader - Instrumenting class 'org.robolectric.Robolectric'.
2024-11-12 13:42:57,357 INFO  EvoClassLoader - Error while loading class: java.lang.ClassNotFoundException: Class 'org/robolectric/Robolectric.class' should be in target project, but could not be found!
2024-11-12 13:42:57,380 INFO  log - Logging initialized @39310ms to org.eclipse.jetty.util.log.Slf4jLog
]]></system-out>
  </testcase>
  <testcase name="test008" classname="org.apache.hadoop.hdfs.protocol.proto.NamenodeProtocolProtos_ESTest" time="0.038">
    <system-out><![CDATA[2024-11-12 13:42:57,386 INFO  EvoClassLoader - Seeing class for first time: libcore.io.Memory
2024-11-12 13:42:57,386 INFO  EvoClassLoader - Instrumenting class 'libcore.io.Memory'.
2024-11-12 13:42:57,386 INFO  EvoClassLoader - Error while loading class: java.lang.ClassNotFoundException: Class 'libcore/io/Memory.class' should be in target project, but could not be found!
2024-11-12 13:42:57,386 INFO  EvoClassLoader - Seeing class for first time: org.robolectric.Robolectric
2024-11-12 13:42:57,386 INFO  EvoClassLoader - Instrumenting class 'org.robolectric.Robolectric'.
2024-11-12 13:42:57,386 INFO  EvoClassLoader - Error while loading class: java.lang.ClassNotFoundException: Class 'org/robolectric/Robolectric.class' should be in target project, but could not be found!
2024-11-12 13:42:57,420 INFO  log - Logging initialized @39350ms to org.eclipse.jetty.util.log.Slf4jLog
]]></system-out>
  </testcase>
  <testcase name="test007" classname="org.apache.hadoop.hdfs.protocol.proto.NamenodeProtocolProtos_ESTest" time="0.035">
    <system-out><![CDATA[2024-11-12 13:42:57,425 INFO  EvoClassLoader - Seeing class for first time: libcore.io.Memory
2024-11-12 13:42:57,425 INFO  EvoClassLoader - Instrumenting class 'libcore.io.Memory'.
2024-11-12 13:42:57,425 INFO  EvoClassLoader - Error while loading class: java.lang.ClassNotFoundException: Class 'libcore/io/Memory.class' should be in target project, but could not be found!
2024-11-12 13:42:57,425 INFO  EvoClassLoader - Seeing class for first time: org.robolectric.Robolectric
2024-11-12 13:42:57,425 INFO  EvoClassLoader - Instrumenting class 'org.robolectric.Robolectric'.
2024-11-12 13:42:57,426 INFO  EvoClassLoader - Error while loading class: java.lang.ClassNotFoundException: Class 'org/robolectric/Robolectric.class' should be in target project, but could not be found!
2024-11-12 13:42:57,451 INFO  log - Logging initialized @39381ms to org.eclipse.jetty.util.log.Slf4jLog
]]></system-out>
  </testcase>
  <testcase name="test006" classname="org.apache.hadoop.hdfs.protocol.proto.NamenodeProtocolProtos_ESTest" time="0.034">
    <system-out><![CDATA[2024-11-12 13:42:57,455 INFO  EvoClassLoader - Seeing class for first time: libcore.io.Memory
2024-11-12 13:42:57,455 INFO  EvoClassLoader - Instrumenting class 'libcore.io.Memory'.
2024-11-12 13:42:57,456 INFO  EvoClassLoader - Error while loading class: java.lang.ClassNotFoundException: Class 'libcore/io/Memory.class' should be in target project, but could not be found!
2024-11-12 13:42:57,456 INFO  EvoClassLoader - Seeing class for first time: org.robolectric.Robolectric
2024-11-12 13:42:57,456 INFO  EvoClassLoader - Instrumenting class 'org.robolectric.Robolectric'.
2024-11-12 13:42:57,456 INFO  EvoClassLoader - Error while loading class: java.lang.ClassNotFoundException: Class 'org/robolectric/Robolectric.class' should be in target project, but could not be found!
2024-11-12 13:42:57,484 INFO  log - Logging initialized @39414ms to org.eclipse.jetty.util.log.Slf4jLog
]]></system-out>
  </testcase>
  <testcase name="test005" classname="org.apache.hadoop.hdfs.protocol.proto.NamenodeProtocolProtos_ESTest" time="0.022">
    <system-out><![CDATA[2024-11-12 13:42:57,489 INFO  EvoClassLoader - Seeing class for first time: libcore.io.Memory
2024-11-12 13:42:57,489 INFO  EvoClassLoader - Instrumenting class 'libcore.io.Memory'.
2024-11-12 13:42:57,489 INFO  EvoClassLoader - Error while loading class: java.lang.ClassNotFoundException: Class 'libcore/io/Memory.class' should be in target project, but could not be found!
2024-11-12 13:42:57,489 INFO  EvoClassLoader - Seeing class for first time: org.robolectric.Robolectric
2024-11-12 13:42:57,489 INFO  EvoClassLoader - Instrumenting class 'org.robolectric.Robolectric'.
2024-11-12 13:42:57,489 INFO  EvoClassLoader - Error while loading class: java.lang.ClassNotFoundException: Class 'org/robolectric/Robolectric.class' should be in target project, but could not be found!
2024-11-12 13:42:57,509 INFO  log - Logging initialized @39439ms to org.eclipse.jetty.util.log.Slf4jLog
]]></system-out>
  </testcase>
  <testcase name="test004" classname="org.apache.hadoop.hdfs.protocol.proto.NamenodeProtocolProtos_ESTest" time="0.027">
    <system-out><![CDATA[2024-11-12 13:42:57,516 INFO  EvoClassLoader - Seeing class for first time: libcore.io.Memory
2024-11-12 13:42:57,516 INFO  EvoClassLoader - Instrumenting class 'libcore.io.Memory'.
2024-11-12 13:42:57,516 INFO  EvoClassLoader - Error while loading class: java.lang.ClassNotFoundException: Class 'libcore/io/Memory.class' should be in target project, but could not be found!
2024-11-12 13:42:57,516 INFO  EvoClassLoader - Seeing class for first time: org.robolectric.Robolectric
2024-11-12 13:42:57,516 INFO  EvoClassLoader - Instrumenting class 'org.robolectric.Robolectric'.
2024-11-12 13:42:57,516 INFO  EvoClassLoader - Error while loading class: java.lang.ClassNotFoundException: Class 'org/robolectric/Robolectric.class' should be in target project, but could not be found!
2024-11-12 13:42:57,535 INFO  log - Logging initialized @39465ms to org.eclipse.jetty.util.log.Slf4jLog
]]></system-out>
  </testcase>
  <testcase name="test003" classname="org.apache.hadoop.hdfs.protocol.proto.NamenodeProtocolProtos_ESTest" time="0.027">
    <system-out><![CDATA[2024-11-12 13:42:57,539 INFO  EvoClassLoader - Seeing class for first time: libcore.io.Memory
2024-11-12 13:42:57,539 INFO  EvoClassLoader - Instrumenting class 'libcore.io.Memory'.
2024-11-12 13:42:57,540 INFO  EvoClassLoader - Error while loading class: java.lang.ClassNotFoundException: Class 'libcore/io/Memory.class' should be in target project, but could not be found!
2024-11-12 13:42:57,540 INFO  EvoClassLoader - Seeing class for first time: org.robolectric.Robolectric
2024-11-12 13:42:57,540 INFO  EvoClassLoader - Instrumenting class 'org.robolectric.Robolectric'.
2024-11-12 13:42:57,540 INFO  EvoClassLoader - Error while loading class: java.lang.ClassNotFoundException: Class 'org/robolectric/Robolectric.class' should be in target project, but could not be found!
2024-11-12 13:42:57,563 INFO  log - Logging initialized @39493ms to org.eclipse.jetty.util.log.Slf4jLog
]]></system-out>
  </testcase>
  <testcase name="test002" classname="org.apache.hadoop.hdfs.protocol.proto.NamenodeProtocolProtos_ESTest" time="0.027">
    <system-out><![CDATA[2024-11-12 13:42:57,569 INFO  EvoClassLoader - Seeing class for first time: libcore.io.Memory
2024-11-12 13:42:57,569 INFO  EvoClassLoader - Instrumenting class 'libcore.io.Memory'.
2024-11-12 13:42:57,569 INFO  EvoClassLoader - Error while loading class: java.lang.ClassNotFoundException: Class 'libcore/io/Memory.class' should be in target project, but could not be found!
2024-11-12 13:42:57,569 INFO  EvoClassLoader - Seeing class for first time: org.robolectric.Robolectric
2024-11-12 13:42:57,569 INFO  EvoClassLoader - Instrumenting class 'org.robolectric.Robolectric'.
2024-11-12 13:42:57,570 INFO  EvoClassLoader - Error while loading class: java.lang.ClassNotFoundException: Class 'org/robolectric/Robolectric.class' should be in target project, but could not be found!
2024-11-12 13:42:57,590 INFO  log - Logging initialized @39520ms to org.eclipse.jetty.util.log.Slf4jLog
]]></system-out>
  </testcase>
  <testcase name="test092" classname="org.apache.hadoop.hdfs.protocol.proto.NamenodeProtocolProtos_ESTest" time="0.026">
    <system-out><![CDATA[2024-11-12 13:42:57,595 INFO  EvoClassLoader - Seeing class for first time: libcore.io.Memory
2024-11-12 13:42:57,595 INFO  EvoClassLoader - Instrumenting class 'libcore.io.Memory'.
2024-11-12 13:42:57,595 INFO  EvoClassLoader - Error while loading class: java.lang.ClassNotFoundException: Class 'libcore/io/Memory.class' should be in target project, but could not be found!
2024-11-12 13:42:57,595 INFO  EvoClassLoader - Seeing class for first time: org.robolectric.Robolectric
2024-11-12 13:42:57,595 INFO  EvoClassLoader - Instrumenting class 'org.robolectric.Robolectric'.
2024-11-12 13:42:57,595 INFO  EvoClassLoader - Error while loading class: java.lang.ClassNotFoundException: Class 'org/robolectric/Robolectric.class' should be in target project, but could not be found!
2024-11-12 13:42:57,618 INFO  log - Logging initialized @39548ms to org.eclipse.jetty.util.log.Slf4jLog
]]></system-out>
  </testcase>
  <testcase name="test091" classname="org.apache.hadoop.hdfs.protocol.proto.NamenodeProtocolProtos_ESTest" time="0.023">
    <system-out><![CDATA[2024-11-12 13:42:57,623 INFO  EvoClassLoader - Seeing class for first time: libcore.io.Memory
2024-11-12 13:42:57,623 INFO  EvoClassLoader - Instrumenting class 'libcore.io.Memory'.
2024-11-12 13:42:57,623 INFO  EvoClassLoader - Error while loading class: java.lang.ClassNotFoundException: Class 'libcore/io/Memory.class' should be in target project, but could not be found!
2024-11-12 13:42:57,623 INFO  EvoClassLoader - Seeing class for first time: org.robolectric.Robolectric
2024-11-12 13:42:57,623 INFO  EvoClassLoader - Instrumenting class 'org.robolectric.Robolectric'.
2024-11-12 13:42:57,623 INFO  EvoClassLoader - Error while loading class: java.lang.ClassNotFoundException: Class 'org/robolectric/Robolectric.class' should be in target project, but could not be found!
2024-11-12 13:42:57,641 INFO  log - Logging initialized @39571ms to org.eclipse.jetty.util.log.Slf4jLog
]]></system-out>
  </testcase>
  <testcase name="test090" classname="org.apache.hadoop.hdfs.protocol.proto.NamenodeProtocolProtos_ESTest" time="0.022">
    <system-out><![CDATA[2024-11-12 13:42:57,645 INFO  EvoClassLoader - Seeing class for first time: libcore.io.Memory
2024-11-12 13:42:57,645 INFO  EvoClassLoader - Instrumenting class 'libcore.io.Memory'.
2024-11-12 13:42:57,645 INFO  EvoClassLoader - Error while loading class: java.lang.ClassNotFoundException: Class 'libcore/io/Memory.class' should be in target project, but could not be found!
2024-11-12 13:42:57,645 INFO  EvoClassLoader - Seeing class for first time: org.robolectric.Robolectric
2024-11-12 13:42:57,645 INFO  EvoClassLoader - Instrumenting class 'org.robolectric.Robolectric'.
2024-11-12 13:42:57,646 INFO  EvoClassLoader - Error while loading class: java.lang.ClassNotFoundException: Class 'org/robolectric/Robolectric.class' should be in target project, but could not be found!
2024-11-12 13:42:57,664 INFO  log - Logging initialized @39594ms to org.eclipse.jetty.util.log.Slf4jLog
]]></system-out>
  </testcase>
  <testcase name="test012" classname="org.apache.hadoop.hdfs.protocol.proto.NamenodeProtocolProtos_ESTest" time="0.031">
    <system-out><![CDATA[2024-11-12 13:42:57,670 INFO  EvoClassLoader - Seeing class for first time: libcore.io.Memory
2024-11-12 13:42:57,670 INFO  EvoClassLoader - Instrumenting class 'libcore.io.Memory'.
2024-11-12 13:42:57,670 INFO  EvoClassLoader - Error while loading class: java.lang.ClassNotFoundException: Class 'libcore/io/Memory.class' should be in target project, but could not be found!
2024-11-12 13:42:57,670 INFO  EvoClassLoader - Seeing class for first time: org.robolectric.Robolectric
2024-11-12 13:42:57,670 INFO  EvoClassLoader - Instrumenting class 'org.robolectric.Robolectric'.
2024-11-12 13:42:57,671 INFO  EvoClassLoader - Error while loading class: java.lang.ClassNotFoundException: Class 'org/robolectric/Robolectric.class' should be in target project, but could not be found!
2024-11-12 13:42:57,693 INFO  log - Logging initialized @39623ms to org.eclipse.jetty.util.log.Slf4jLog
]]></system-out>
  </testcase>
  <testcase name="test011" classname="org.apache.hadoop.hdfs.protocol.proto.NamenodeProtocolProtos_ESTest" time="0.019">
    <system-out><![CDATA[2024-11-12 13:42:57,697 INFO  EvoClassLoader - Seeing class for first time: libcore.io.Memory
2024-11-12 13:42:57,697 INFO  EvoClassLoader - Instrumenting class 'libcore.io.Memory'.
2024-11-12 13:42:57,697 INFO  EvoClassLoader - Error while loading class: java.lang.ClassNotFoundException: Class 'libcore/io/Memory.class' should be in target project, but could not be found!
2024-11-12 13:42:57,697 INFO  EvoClassLoader - Seeing class for first time: org.robolectric.Robolectric
2024-11-12 13:42:57,697 INFO  EvoClassLoader - Instrumenting class 'org.robolectric.Robolectric'.
2024-11-12 13:42:57,697 INFO  EvoClassLoader - Error while loading class: java.lang.ClassNotFoundException: Class 'org/robolectric/Robolectric.class' should be in target project, but could not be found!
2024-11-12 13:42:57,715 INFO  log - Logging initialized @39645ms to org.eclipse.jetty.util.log.Slf4jLog
]]></system-out>
  </testcase>
  <testcase name="test099" classname="org.apache.hadoop.hdfs.protocol.proto.NamenodeProtocolProtos_ESTest" time="0.031">
    <system-out><![CDATA[2024-11-12 13:42:57,719 INFO  EvoClassLoader - Seeing class for first time: libcore.io.Memory
2024-11-12 13:42:57,719 INFO  EvoClassLoader - Instrumenting class 'libcore.io.Memory'.
2024-11-12 13:42:57,719 INFO  EvoClassLoader - Error while loading class: java.lang.ClassNotFoundException: Class 'libcore/io/Memory.class' should be in target project, but could not be found!
2024-11-12 13:42:57,719 INFO  EvoClassLoader - Seeing class for first time: org.robolectric.Robolectric
2024-11-12 13:42:57,719 INFO  EvoClassLoader - Instrumenting class 'org.robolectric.Robolectric'.
2024-11-12 13:42:57,719 INFO  EvoClassLoader - Error while loading class: java.lang.ClassNotFoundException: Class 'org/robolectric/Robolectric.class' should be in target project, but could not be found!
2024-11-12 13:42:57,745 INFO  log - Logging initialized @39675ms to org.eclipse.jetty.util.log.Slf4jLog
]]></system-out>
  </testcase>
  <testcase name="test010" classname="org.apache.hadoop.hdfs.protocol.proto.NamenodeProtocolProtos_ESTest" time="0.023">
    <system-out><![CDATA[2024-11-12 13:42:57,750 INFO  EvoClassLoader - Seeing class for first time: libcore.io.Memory
2024-11-12 13:42:57,750 INFO  EvoClassLoader - Instrumenting class 'libcore.io.Memory'.
2024-11-12 13:42:57,750 INFO  EvoClassLoader - Error while loading class: java.lang.ClassNotFoundException: Class 'libcore/io/Memory.class' should be in target project, but could not be found!
2024-11-12 13:42:57,750 INFO  EvoClassLoader - Seeing class for first time: org.robolectric.Robolectric
2024-11-12 13:42:57,750 INFO  EvoClassLoader - Instrumenting class 'org.robolectric.Robolectric'.
2024-11-12 13:42:57,750 INFO  EvoClassLoader - Error while loading class: java.lang.ClassNotFoundException: Class 'org/robolectric/Robolectric.class' should be in target project, but could not be found!
2024-11-12 13:42:57,766 INFO  log - Logging initialized @39696ms to org.eclipse.jetty.util.log.Slf4jLog
]]></system-out>
  </testcase>
  <testcase name="test098" classname="org.apache.hadoop.hdfs.protocol.proto.NamenodeProtocolProtos_ESTest" time="0.032">
    <system-out><![CDATA[2024-11-12 13:42:57,771 INFO  EvoClassLoader - Seeing class for first time: libcore.io.Memory
2024-11-12 13:42:57,771 INFO  EvoClassLoader - Instrumenting class 'libcore.io.Memory'.
2024-11-12 13:42:57,771 INFO  EvoClassLoader - Error while loading class: java.lang.ClassNotFoundException: Class 'libcore/io/Memory.class' should be in target project, but could not be found!
2024-11-12 13:42:57,771 INFO  EvoClassLoader - Seeing class for first time: org.robolectric.Robolectric
2024-11-12 13:42:57,771 INFO  EvoClassLoader - Instrumenting class 'org.robolectric.Robolectric'.
2024-11-12 13:42:57,771 INFO  EvoClassLoader - Error while loading class: java.lang.ClassNotFoundException: Class 'org/robolectric/Robolectric.class' should be in target project, but could not be found!
2024-11-12 13:42:57,798 INFO  log - Logging initialized @39728ms to org.eclipse.jetty.util.log.Slf4jLog
]]></system-out>
  </testcase>
  <testcase name="test097" classname="org.apache.hadoop.hdfs.protocol.proto.NamenodeProtocolProtos_ESTest" time="0.021">
    <system-out><![CDATA[2024-11-12 13:42:57,802 INFO  EvoClassLoader - Seeing class for first time: libcore.io.Memory
2024-11-12 13:42:57,802 INFO  EvoClassLoader - Instrumenting class 'libcore.io.Memory'.
2024-11-12 13:42:57,803 INFO  EvoClassLoader - Error while loading class: java.lang.ClassNotFoundException: Class 'libcore/io/Memory.class' should be in target project, but could not be found!
2024-11-12 13:42:57,803 INFO  EvoClassLoader - Seeing class for first time: org.robolectric.Robolectric
2024-11-12 13:42:57,803 INFO  EvoClassLoader - Instrumenting class 'org.robolectric.Robolectric'.
2024-11-12 13:42:57,803 INFO  EvoClassLoader - Error while loading class: java.lang.ClassNotFoundException: Class 'org/robolectric/Robolectric.class' should be in target project, but could not be found!
2024-11-12 13:42:57,823 INFO  log - Logging initialized @39753ms to org.eclipse.jetty.util.log.Slf4jLog
]]></system-out>
  </testcase>
  <testcase name="test096" classname="org.apache.hadoop.hdfs.protocol.proto.NamenodeProtocolProtos_ESTest" time="0.024">
    <system-out><![CDATA[2024-11-12 13:42:57,826 INFO  EvoClassLoader - Seeing class for first time: libcore.io.Memory
2024-11-12 13:42:57,826 INFO  EvoClassLoader - Instrumenting class 'libcore.io.Memory'.
2024-11-12 13:42:57,826 INFO  EvoClassLoader - Error while loading class: java.lang.ClassNotFoundException: Class 'libcore/io/Memory.class' should be in target project, but could not be found!
2024-11-12 13:42:57,826 INFO  EvoClassLoader - Seeing class for first time: org.robolectric.Robolectric
2024-11-12 13:42:57,826 INFO  EvoClassLoader - Instrumenting class 'org.robolectric.Robolectric'.
2024-11-12 13:42:57,826 INFO  EvoClassLoader - Error while loading class: java.lang.ClassNotFoundException: Class 'org/robolectric/Robolectric.class' should be in target project, but could not be found!
2024-11-12 13:42:57,846 INFO  log - Logging initialized @39776ms to org.eclipse.jetty.util.log.Slf4jLog
]]></system-out>
  </testcase>
  <testcase name="test095" classname="org.apache.hadoop.hdfs.protocol.proto.NamenodeProtocolProtos_ESTest" time="0.026">
    <system-out><![CDATA[2024-11-12 13:42:57,850 INFO  EvoClassLoader - Seeing class for first time: libcore.io.Memory
2024-11-12 13:42:57,850 INFO  EvoClassLoader - Instrumenting class 'libcore.io.Memory'.
2024-11-12 13:42:57,851 INFO  EvoClassLoader - Error while loading class: java.lang.ClassNotFoundException: Class 'libcore/io/Memory.class' should be in target project, but could not be found!
2024-11-12 13:42:57,851 INFO  EvoClassLoader - Seeing class for first time: org.robolectric.Robolectric
2024-11-12 13:42:57,851 INFO  EvoClassLoader - Instrumenting class 'org.robolectric.Robolectric'.
2024-11-12 13:42:57,851 INFO  EvoClassLoader - Error while loading class: java.lang.ClassNotFoundException: Class 'org/robolectric/Robolectric.class' should be in target project, but could not be found!
2024-11-12 13:42:57,871 INFO  log - Logging initialized @39801ms to org.eclipse.jetty.util.log.Slf4jLog
]]></system-out>
  </testcase>
  <testcase name="test094" classname="org.apache.hadoop.hdfs.protocol.proto.NamenodeProtocolProtos_ESTest" time="0.022">
    <system-out><![CDATA[2024-11-12 13:42:57,876 INFO  EvoClassLoader - Seeing class for first time: libcore.io.Memory
2024-11-12 13:42:57,876 INFO  EvoClassLoader - Instrumenting class 'libcore.io.Memory'.
2024-11-12 13:42:57,877 INFO  EvoClassLoader - Error while loading class: java.lang.ClassNotFoundException: Class 'libcore/io/Memory.class' should be in target project, but could not be found!
2024-11-12 13:42:57,877 INFO  EvoClassLoader - Seeing class for first time: org.robolectric.Robolectric
2024-11-12 13:42:57,877 INFO  EvoClassLoader - Instrumenting class 'org.robolectric.Robolectric'.
2024-11-12 13:42:57,877 INFO  EvoClassLoader - Error while loading class: java.lang.ClassNotFoundException: Class 'org/robolectric/Robolectric.class' should be in target project, but could not be found!
2024-11-12 13:42:57,894 INFO  log - Logging initialized @39824ms to org.eclipse.jetty.util.log.Slf4jLog
]]></system-out>
  </testcase>
  <testcase name="test093" classname="org.apache.hadoop.hdfs.protocol.proto.NamenodeProtocolProtos_ESTest" time="0.02">
    <system-out><![CDATA[2024-11-12 13:42:57,898 INFO  EvoClassLoader - Seeing class for first time: libcore.io.Memory
2024-11-12 13:42:57,898 INFO  EvoClassLoader - Instrumenting class 'libcore.io.Memory'.
2024-11-12 13:42:57,899 INFO  EvoClassLoader - Error while loading class: java.lang.ClassNotFoundException: Class 'libcore/io/Memory.class' should be in target project, but could not be found!
2024-11-12 13:42:57,899 INFO  EvoClassLoader - Seeing class for first time: org.robolectric.Robolectric
2024-11-12 13:42:57,899 INFO  EvoClassLoader - Instrumenting class 'org.robolectric.Robolectric'.
2024-11-12 13:42:57,899 INFO  EvoClassLoader - Error while loading class: java.lang.ClassNotFoundException: Class 'org/robolectric/Robolectric.class' should be in target project, but could not be found!
2024-11-12 13:42:57,915 INFO  log - Logging initialized @39845ms to org.eclipse.jetty.util.log.Slf4jLog
]]></system-out>
  </testcase>
  <testcase name="test079" classname="org.apache.hadoop.hdfs.protocol.proto.NamenodeProtocolProtos_ESTest" time="0.023">
    <system-out><![CDATA[2024-11-12 13:42:57,918 INFO  EvoClassLoader - Seeing class for first time: libcore.io.Memory
2024-11-12 13:42:57,918 INFO  EvoClassLoader - Instrumenting class 'libcore.io.Memory'.
2024-11-12 13:42:57,918 INFO  EvoClassLoader - Error while loading class: java.lang.ClassNotFoundException: Class 'libcore/io/Memory.class' should be in target project, but could not be found!
2024-11-12 13:42:57,919 INFO  EvoClassLoader - Seeing class for first time: org.robolectric.Robolectric
2024-11-12 13:42:57,919 INFO  EvoClassLoader - Instrumenting class 'org.robolectric.Robolectric'.
2024-11-12 13:42:57,919 INFO  EvoClassLoader - Error while loading class: java.lang.ClassNotFoundException: Class 'org/robolectric/Robolectric.class' should be in target project, but could not be found!
2024-11-12 13:42:57,936 INFO  log - Logging initialized @39866ms to org.eclipse.jetty.util.log.Slf4jLog
]]></system-out>
  </testcase>
  <testcase name="test081" classname="org.apache.hadoop.hdfs.protocol.proto.NamenodeProtocolProtos_ESTest" time="0.019">
    <system-out><![CDATA[2024-11-12 13:42:57,941 INFO  EvoClassLoader - Seeing class for first time: libcore.io.Memory
2024-11-12 13:42:57,941 INFO  EvoClassLoader - Instrumenting class 'libcore.io.Memory'.
2024-11-12 13:42:57,941 INFO  EvoClassLoader - Error while loading class: java.lang.ClassNotFoundException: Class 'libcore/io/Memory.class' should be in target project, but could not be found!
2024-11-12 13:42:57,941 INFO  EvoClassLoader - Seeing class for first time: org.robolectric.Robolectric
2024-11-12 13:42:57,941 INFO  EvoClassLoader - Instrumenting class 'org.robolectric.Robolectric'.
2024-11-12 13:42:57,941 INFO  EvoClassLoader - Error while loading class: java.lang.ClassNotFoundException: Class 'org/robolectric/Robolectric.class' should be in target project, but could not be found!
2024-11-12 13:42:57,957 INFO  log - Logging initialized @39887ms to org.eclipse.jetty.util.log.Slf4jLog
]]></system-out>
  </testcase>
  <testcase name="test080" classname="org.apache.hadoop.hdfs.protocol.proto.NamenodeProtocolProtos_ESTest" time="0.025">
    <system-out><![CDATA[2024-11-12 13:42:57,961 INFO  EvoClassLoader - Seeing class for first time: libcore.io.Memory
2024-11-12 13:42:57,961 INFO  EvoClassLoader - Instrumenting class 'libcore.io.Memory'.
2024-11-12 13:42:57,961 INFO  EvoClassLoader - Error while loading class: java.lang.ClassNotFoundException: Class 'libcore/io/Memory.class' should be in target project, but could not be found!
2024-11-12 13:42:57,961 INFO  EvoClassLoader - Seeing class for first time: org.robolectric.Robolectric
2024-11-12 13:42:57,961 INFO  EvoClassLoader - Instrumenting class 'org.robolectric.Robolectric'.
2024-11-12 13:42:57,961 INFO  EvoClassLoader - Error while loading class: java.lang.ClassNotFoundException: Class 'org/robolectric/Robolectric.class' should be in target project, but could not be found!
2024-11-12 13:42:57,981 INFO  log - Logging initialized @39912ms to org.eclipse.jetty.util.log.Slf4jLog
]]></system-out>
  </testcase>
  <testcase name="test001" classname="org.apache.hadoop.hdfs.protocol.proto.NamenodeProtocolProtos_ESTest" time="0.022">
    <system-out><![CDATA[2024-11-12 13:42:57,985 INFO  EvoClassLoader - Seeing class for first time: libcore.io.Memory
2024-11-12 13:42:57,985 INFO  EvoClassLoader - Instrumenting class 'libcore.io.Memory'.
2024-11-12 13:42:57,985 INFO  EvoClassLoader - Error while loading class: java.lang.ClassNotFoundException: Class 'libcore/io/Memory.class' should be in target project, but could not be found!
2024-11-12 13:42:57,985 INFO  EvoClassLoader - Seeing class for first time: org.robolectric.Robolectric
2024-11-12 13:42:57,985 INFO  EvoClassLoader - Instrumenting class 'org.robolectric.Robolectric'.
2024-11-12 13:42:57,985 INFO  EvoClassLoader - Error while loading class: java.lang.ClassNotFoundException: Class 'org/robolectric/Robolectric.class' should be in target project, but could not be found!
2024-11-12 13:42:58,004 INFO  log - Logging initialized @39934ms to org.eclipse.jetty.util.log.Slf4jLog
]]></system-out>
  </testcase>
  <testcase name="test089" classname="org.apache.hadoop.hdfs.protocol.proto.NamenodeProtocolProtos_ESTest" time="0.02">
    <system-out><![CDATA[2024-11-12 13:42:58,008 INFO  EvoClassLoader - Seeing class for first time: libcore.io.Memory
2024-11-12 13:42:58,008 INFO  EvoClassLoader - Instrumenting class 'libcore.io.Memory'.
2024-11-12 13:42:58,008 INFO  EvoClassLoader - Error while loading class: java.lang.ClassNotFoundException: Class 'libcore/io/Memory.class' should be in target project, but could not be found!
2024-11-12 13:42:58,008 INFO  EvoClassLoader - Seeing class for first time: org.robolectric.Robolectric
2024-11-12 13:42:58,008 INFO  EvoClassLoader - Instrumenting class 'org.robolectric.Robolectric'.
2024-11-12 13:42:58,008 INFO  EvoClassLoader - Error while loading class: java.lang.ClassNotFoundException: Class 'org/robolectric/Robolectric.class' should be in target project, but could not be found!
2024-11-12 13:42:58,026 INFO  log - Logging initialized @39956ms to org.eclipse.jetty.util.log.Slf4jLog
]]></system-out>
  </testcase>
  <testcase name="test000" classname="org.apache.hadoop.hdfs.protocol.proto.NamenodeProtocolProtos_ESTest" time="0.021">
    <system-out><![CDATA[2024-11-12 13:42:58,029 INFO  EvoClassLoader - Seeing class for first time: libcore.io.Memory
2024-11-12 13:42:58,029 INFO  EvoClassLoader - Instrumenting class 'libcore.io.Memory'.
2024-11-12 13:42:58,029 INFO  EvoClassLoader - Error while loading class: java.lang.ClassNotFoundException: Class 'libcore/io/Memory.class' should be in target project, but could not be found!
2024-11-12 13:42:58,029 INFO  EvoClassLoader - Seeing class for first time: org.robolectric.Robolectric
2024-11-12 13:42:58,029 INFO  EvoClassLoader - Instrumenting class 'org.robolectric.Robolectric'.
2024-11-12 13:42:58,029 INFO  EvoClassLoader - Error while loading class: java.lang.ClassNotFoundException: Class 'org/robolectric/Robolectric.class' should be in target project, but could not be found!
2024-11-12 13:42:58,046 INFO  log - Logging initialized @39976ms to org.eclipse.jetty.util.log.Slf4jLog
]]></system-out>
  </testcase>
  <testcase name="test088" classname="org.apache.hadoop.hdfs.protocol.proto.NamenodeProtocolProtos_ESTest" time="0.019">
    <system-out><![CDATA[2024-11-12 13:42:58,049 INFO  EvoClassLoader - Seeing class for first time: libcore.io.Memory
2024-11-12 13:42:58,049 INFO  EvoClassLoader - Instrumenting class 'libcore.io.Memory'.
2024-11-12 13:42:58,049 INFO  EvoClassLoader - Error while loading class: java.lang.ClassNotFoundException: Class 'libcore/io/Memory.class' should be in target project, but could not be found!
2024-11-12 13:42:58,049 INFO  EvoClassLoader - Seeing class for first time: org.robolectric.Robolectric
2024-11-12 13:42:58,049 INFO  EvoClassLoader - Instrumenting class 'org.robolectric.Robolectric'.
2024-11-12 13:42:58,049 INFO  EvoClassLoader - Error while loading class: java.lang.ClassNotFoundException: Class 'org/robolectric/Robolectric.class' should be in target project, but could not be found!
2024-11-12 13:42:58,064 INFO  log - Logging initialized @39994ms to org.eclipse.jetty.util.log.Slf4jLog
]]></system-out>
  </testcase>
  <testcase name="test087" classname="org.apache.hadoop.hdfs.protocol.proto.NamenodeProtocolProtos_ESTest" time="0.023">
    <system-out><![CDATA[2024-11-12 13:42:58,070 INFO  EvoClassLoader - Seeing class for first time: libcore.io.Memory
2024-11-12 13:42:58,070 INFO  EvoClassLoader - Instrumenting class 'libcore.io.Memory'.
2024-11-12 13:42:58,070 INFO  EvoClassLoader - Error while loading class: java.lang.ClassNotFoundException: Class 'libcore/io/Memory.class' should be in target project, but could not be found!
2024-11-12 13:42:58,070 INFO  EvoClassLoader - Seeing class for first time: org.robolectric.Robolectric
2024-11-12 13:42:58,070 INFO  EvoClassLoader - Instrumenting class 'org.robolectric.Robolectric'.
2024-11-12 13:42:58,070 INFO  EvoClassLoader - Error while loading class: java.lang.ClassNotFoundException: Class 'org/robolectric/Robolectric.class' should be in target project, but could not be found!
2024-11-12 13:42:58,088 INFO  log - Logging initialized @40018ms to org.eclipse.jetty.util.log.Slf4jLog
]]></system-out>
  </testcase>
  <testcase name="test086" classname="org.apache.hadoop.hdfs.protocol.proto.NamenodeProtocolProtos_ESTest" time="0.023">
    <system-out><![CDATA[2024-11-12 13:42:58,093 INFO  EvoClassLoader - Seeing class for first time: libcore.io.Memory
2024-11-12 13:42:58,093 INFO  EvoClassLoader - Instrumenting class 'libcore.io.Memory'.
2024-11-12 13:42:58,093 INFO  EvoClassLoader - Error while loading class: java.lang.ClassNotFoundException: Class 'libcore/io/Memory.class' should be in target project, but could not be found!
2024-11-12 13:42:58,093 INFO  EvoClassLoader - Seeing class for first time: org.robolectric.Robolectric
2024-11-12 13:42:58,093 INFO  EvoClassLoader - Instrumenting class 'org.robolectric.Robolectric'.
2024-11-12 13:42:58,093 INFO  EvoClassLoader - Error while loading class: java.lang.ClassNotFoundException: Class 'org/robolectric/Robolectric.class' should be in target project, but could not be found!
2024-11-12 13:42:58,111 INFO  log - Logging initialized @40041ms to org.eclipse.jetty.util.log.Slf4jLog
]]></system-out>
  </testcase>
  <testcase name="test085" classname="org.apache.hadoop.hdfs.protocol.proto.NamenodeProtocolProtos_ESTest" time="0.03">
    <system-out><![CDATA[2024-11-12 13:42:58,117 INFO  EvoClassLoader - Seeing class for first time: libcore.io.Memory
2024-11-12 13:42:58,117 INFO  EvoClassLoader - Instrumenting class 'libcore.io.Memory'.
2024-11-12 13:42:58,117 INFO  EvoClassLoader - Error while loading class: java.lang.ClassNotFoundException: Class 'libcore/io/Memory.class' should be in target project, but could not be found!
2024-11-12 13:42:58,117 INFO  EvoClassLoader - Seeing class for first time: org.robolectric.Robolectric
2024-11-12 13:42:58,117 INFO  EvoClassLoader - Instrumenting class 'org.robolectric.Robolectric'.
2024-11-12 13:42:58,117 INFO  EvoClassLoader - Error while loading class: java.lang.ClassNotFoundException: Class 'org/robolectric/Robolectric.class' should be in target project, but could not be found!
2024-11-12 13:42:58,140 INFO  log - Logging initialized @40070ms to org.eclipse.jetty.util.log.Slf4jLog
]]></system-out>
  </testcase>
  <testcase name="test084" classname="org.apache.hadoop.hdfs.protocol.proto.NamenodeProtocolProtos_ESTest" time="0.021">
    <system-out><![CDATA[2024-11-12 13:42:58,145 INFO  EvoClassLoader - Seeing class for first time: libcore.io.Memory
2024-11-12 13:42:58,145 INFO  EvoClassLoader - Instrumenting class 'libcore.io.Memory'.
2024-11-12 13:42:58,145 INFO  EvoClassLoader - Error while loading class: java.lang.ClassNotFoundException: Class 'libcore/io/Memory.class' should be in target project, but could not be found!
2024-11-12 13:42:58,145 INFO  EvoClassLoader - Seeing class for first time: org.robolectric.Robolectric
2024-11-12 13:42:58,145 INFO  EvoClassLoader - Instrumenting class 'org.robolectric.Robolectric'.
2024-11-12 13:42:58,145 INFO  EvoClassLoader - Error while loading class: java.lang.ClassNotFoundException: Class 'org/robolectric/Robolectric.class' should be in target project, but could not be found!
2024-11-12 13:42:58,162 INFO  log - Logging initialized @40092ms to org.eclipse.jetty.util.log.Slf4jLog
]]></system-out>
  </testcase>
  <testcase name="test083" classname="org.apache.hadoop.hdfs.protocol.proto.NamenodeProtocolProtos_ESTest" time="0.022">
    <system-out><![CDATA[2024-11-12 13:42:58,167 INFO  EvoClassLoader - Seeing class for first time: libcore.io.Memory
2024-11-12 13:42:58,167 INFO  EvoClassLoader - Instrumenting class 'libcore.io.Memory'.
2024-11-12 13:42:58,168 INFO  EvoClassLoader - Error while loading class: java.lang.ClassNotFoundException: Class 'libcore/io/Memory.class' should be in target project, but could not be found!
2024-11-12 13:42:58,168 INFO  EvoClassLoader - Seeing class for first time: org.robolectric.Robolectric
2024-11-12 13:42:58,168 INFO  EvoClassLoader - Instrumenting class 'org.robolectric.Robolectric'.
2024-11-12 13:42:58,168 INFO  EvoClassLoader - Error while loading class: java.lang.ClassNotFoundException: Class 'org/robolectric/Robolectric.class' should be in target project, but could not be found!
2024-11-12 13:42:58,184 INFO  log - Logging initialized @40114ms to org.eclipse.jetty.util.log.Slf4jLog
]]></system-out>
  </testcase>
  <testcase name="test082" classname="org.apache.hadoop.hdfs.protocol.proto.NamenodeProtocolProtos_ESTest" time="0.023">
    <system-out><![CDATA[2024-11-12 13:42:58,188 INFO  EvoClassLoader - Seeing class for first time: libcore.io.Memory
2024-11-12 13:42:58,188 INFO  EvoClassLoader - Instrumenting class 'libcore.io.Memory'.
2024-11-12 13:42:58,189 INFO  EvoClassLoader - Error while loading class: java.lang.ClassNotFoundException: Class 'libcore/io/Memory.class' should be in target project, but could not be found!
2024-11-12 13:42:58,189 INFO  EvoClassLoader - Seeing class for first time: org.robolectric.Robolectric
2024-11-12 13:42:58,189 INFO  EvoClassLoader - Instrumenting class 'org.robolectric.Robolectric'.
2024-11-12 13:42:58,189 INFO  EvoClassLoader - Error while loading class: java.lang.ClassNotFoundException: Class 'org/robolectric/Robolectric.class' should be in target project, but could not be found!
2024-11-12 13:42:58,207 INFO  log - Logging initialized @40137ms to org.eclipse.jetty.util.log.Slf4jLog
]]></system-out>
  </testcase>
  <testcase name="test029" classname="org.apache.hadoop.hdfs.protocol.proto.NamenodeProtocolProtos_ESTest" time="0.023">
    <system-out><![CDATA[2024-11-12 13:42:58,211 INFO  EvoClassLoader - Seeing class for first time: libcore.io.Memory
2024-11-12 13:42:58,211 INFO  EvoClassLoader - Instrumenting class 'libcore.io.Memory'.
2024-11-12 13:42:58,211 INFO  EvoClassLoader - Error while loading class: java.lang.ClassNotFoundException: Class 'libcore/io/Memory.class' should be in target project, but could not be found!
2024-11-12 13:42:58,212 INFO  EvoClassLoader - Seeing class for first time: org.robolectric.Robolectric
2024-11-12 13:42:58,212 INFO  EvoClassLoader - Instrumenting class 'org.robolectric.Robolectric'.
2024-11-12 13:42:58,212 INFO  EvoClassLoader - Error while loading class: java.lang.ClassNotFoundException: Class 'org/robolectric/Robolectric.class' should be in target project, but could not be found!
2024-11-12 13:42:58,230 INFO  log - Logging initialized @40160ms to org.eclipse.jetty.util.log.Slf4jLog
]]></system-out>
  </testcase>
  <testcase name="test028" classname="org.apache.hadoop.hdfs.protocol.proto.NamenodeProtocolProtos_ESTest" time="0.024">
    <system-out><![CDATA[2024-11-12 13:42:58,235 INFO  EvoClassLoader - Seeing class for first time: libcore.io.Memory
2024-11-12 13:42:58,235 INFO  EvoClassLoader - Instrumenting class 'libcore.io.Memory'.
2024-11-12 13:42:58,235 INFO  EvoClassLoader - Error while loading class: java.lang.ClassNotFoundException: Class 'libcore/io/Memory.class' should be in target project, but could not be found!
2024-11-12 13:42:58,236 INFO  EvoClassLoader - Seeing class for first time: org.robolectric.Robolectric
2024-11-12 13:42:58,236 INFO  EvoClassLoader - Instrumenting class 'org.robolectric.Robolectric'.
2024-11-12 13:42:58,236 INFO  EvoClassLoader - Error while loading class: java.lang.ClassNotFoundException: Class 'org/robolectric/Robolectric.class' should be in target project, but could not be found!
2024-11-12 13:42:58,253 INFO  log - Logging initialized @40183ms to org.eclipse.jetty.util.log.Slf4jLog
]]></system-out>
  </testcase>
  <testcase name="test027" classname="org.apache.hadoop.hdfs.protocol.proto.NamenodeProtocolProtos_ESTest" time="0.023">
    <system-out><![CDATA[2024-11-12 13:42:58,259 INFO  EvoClassLoader - Seeing class for first time: libcore.io.Memory
2024-11-12 13:42:58,259 INFO  EvoClassLoader - Instrumenting class 'libcore.io.Memory'.
2024-11-12 13:42:58,259 INFO  EvoClassLoader - Error while loading class: java.lang.ClassNotFoundException: Class 'libcore/io/Memory.class' should be in target project, but could not be found!
2024-11-12 13:42:58,259 INFO  EvoClassLoader - Seeing class for first time: org.robolectric.Robolectric
2024-11-12 13:42:58,259 INFO  EvoClassLoader - Instrumenting class 'org.robolectric.Robolectric'.
2024-11-12 13:42:58,259 INFO  EvoClassLoader - Error while loading class: java.lang.ClassNotFoundException: Class 'org/robolectric/Robolectric.class' should be in target project, but could not be found!
2024-11-12 13:42:58,278 INFO  log - Logging initialized @40208ms to org.eclipse.jetty.util.log.Slf4jLog
]]></system-out>
  </testcase>
  <testcase name="test026" classname="org.apache.hadoop.hdfs.protocol.proto.NamenodeProtocolProtos_ESTest" time="0.026">
    <system-out><![CDATA[2024-11-12 13:42:58,283 INFO  EvoClassLoader - Seeing class for first time: libcore.io.Memory
2024-11-12 13:42:58,283 INFO  EvoClassLoader - Instrumenting class 'libcore.io.Memory'.
2024-11-12 13:42:58,283 INFO  EvoClassLoader - Error while loading class: java.lang.ClassNotFoundException: Class 'libcore/io/Memory.class' should be in target project, but could not be found!
2024-11-12 13:42:58,283 INFO  EvoClassLoader - Seeing class for first time: org.robolectric.Robolectric
2024-11-12 13:42:58,283 INFO  EvoClassLoader - Instrumenting class 'org.robolectric.Robolectric'.
2024-11-12 13:42:58,283 INFO  EvoClassLoader - Error while loading class: java.lang.ClassNotFoundException: Class 'org/robolectric/Robolectric.class' should be in target project, but could not be found!
2024-11-12 13:42:58,304 INFO  log - Logging initialized @40234ms to org.eclipse.jetty.util.log.Slf4jLog
]]></system-out>
  </testcase>
  <testcase name="test025" classname="org.apache.hadoop.hdfs.protocol.proto.NamenodeProtocolProtos_ESTest" time="0.027">
    <system-out><![CDATA[2024-11-12 13:42:58,308 INFO  EvoClassLoader - Seeing class for first time: libcore.io.Memory
2024-11-12 13:42:58,308 INFO  EvoClassLoader - Instrumenting class 'libcore.io.Memory'.
2024-11-12 13:42:58,308 INFO  EvoClassLoader - Error while loading class: java.lang.ClassNotFoundException: Class 'libcore/io/Memory.class' should be in target project, but could not be found!
2024-11-12 13:42:58,308 INFO  EvoClassLoader - Seeing class for first time: org.robolectric.Robolectric
2024-11-12 13:42:58,308 INFO  EvoClassLoader - Instrumenting class 'org.robolectric.Robolectric'.
2024-11-12 13:42:58,308 INFO  EvoClassLoader - Error while loading class: java.lang.ClassNotFoundException: Class 'org/robolectric/Robolectric.class' should be in target project, but could not be found!
2024-11-12 13:42:58,330 INFO  log - Logging initialized @40260ms to org.eclipse.jetty.util.log.Slf4jLog
]]></system-out>
  </testcase>
  <testcase name="test024" classname="org.apache.hadoop.hdfs.protocol.proto.NamenodeProtocolProtos_ESTest" time="0.022">
    <system-out><![CDATA[2024-11-12 13:42:58,335 INFO  EvoClassLoader - Seeing class for first time: libcore.io.Memory
2024-11-12 13:42:58,335 INFO  EvoClassLoader - Instrumenting class 'libcore.io.Memory'.
2024-11-12 13:42:58,335 INFO  EvoClassLoader - Error while loading class: java.lang.ClassNotFoundException: Class 'libcore/io/Memory.class' should be in target project, but could not be found!
2024-11-12 13:42:58,335 INFO  EvoClassLoader - Seeing class for first time: org.robolectric.Robolectric
2024-11-12 13:42:58,335 INFO  EvoClassLoader - Instrumenting class 'org.robolectric.Robolectric'.
2024-11-12 13:42:58,335 INFO  EvoClassLoader - Error while loading class: java.lang.ClassNotFoundException: Class 'org/robolectric/Robolectric.class' should be in target project, but could not be found!
2024-11-12 13:42:58,353 INFO  log - Logging initialized @40283ms to org.eclipse.jetty.util.log.Slf4jLog
]]></system-out>
  </testcase>
  <testcase name="test034" classname="org.apache.hadoop.hdfs.protocol.proto.NamenodeProtocolProtos_ESTest" time="0.02">
    <system-out><![CDATA[2024-11-12 13:42:58,357 INFO  EvoClassLoader - Seeing class for first time: libcore.io.Memory
2024-11-12 13:42:58,357 INFO  EvoClassLoader - Instrumenting class 'libcore.io.Memory'.
2024-11-12 13:42:58,357 INFO  EvoClassLoader - Error while loading class: java.lang.ClassNotFoundException: Class 'libcore/io/Memory.class' should be in target project, but could not be found!
2024-11-12 13:42:58,357 INFO  EvoClassLoader - Seeing class for first time: org.robolectric.Robolectric
2024-11-12 13:42:58,357 INFO  EvoClassLoader - Instrumenting class 'org.robolectric.Robolectric'.
2024-11-12 13:42:58,357 INFO  EvoClassLoader - Error while loading class: java.lang.ClassNotFoundException: Class 'org/robolectric/Robolectric.class' should be in target project, but could not be found!
2024-11-12 13:42:58,373 INFO  log - Logging initialized @40303ms to org.eclipse.jetty.util.log.Slf4jLog
]]></system-out>
  </testcase>
  <testcase name="test033" classname="org.apache.hadoop.hdfs.protocol.proto.NamenodeProtocolProtos_ESTest" time="0.02">
    <system-out><![CDATA[2024-11-12 13:42:58,376 INFO  EvoClassLoader - Seeing class for first time: libcore.io.Memory
2024-11-12 13:42:58,376 INFO  EvoClassLoader - Instrumenting class 'libcore.io.Memory'.
2024-11-12 13:42:58,376 INFO  EvoClassLoader - Error while loading class: java.lang.ClassNotFoundException: Class 'libcore/io/Memory.class' should be in target project, but could not be found!
2024-11-12 13:42:58,376 INFO  EvoClassLoader - Seeing class for first time: org.robolectric.Robolectric
2024-11-12 13:42:58,376 INFO  EvoClassLoader - Instrumenting class 'org.robolectric.Robolectric'.
2024-11-12 13:42:58,377 INFO  EvoClassLoader - Error while loading class: java.lang.ClassNotFoundException: Class 'org/robolectric/Robolectric.class' should be in target project, but could not be found!
2024-11-12 13:42:58,393 INFO  log - Logging initialized @40323ms to org.eclipse.jetty.util.log.Slf4jLog
]]></system-out>
  </testcase>
  <testcase name="test032" classname="org.apache.hadoop.hdfs.protocol.proto.NamenodeProtocolProtos_ESTest" time="0.03">
    <system-out><![CDATA[2024-11-12 13:42:58,399 INFO  EvoClassLoader - Seeing class for first time: libcore.io.Memory
2024-11-12 13:42:58,399 INFO  EvoClassLoader - Instrumenting class 'libcore.io.Memory'.
2024-11-12 13:42:58,399 INFO  EvoClassLoader - Error while loading class: java.lang.ClassNotFoundException: Class 'libcore/io/Memory.class' should be in target project, but could not be found!
2024-11-12 13:42:58,399 INFO  EvoClassLoader - Seeing class for first time: org.robolectric.Robolectric
2024-11-12 13:42:58,399 INFO  EvoClassLoader - Instrumenting class 'org.robolectric.Robolectric'.
2024-11-12 13:42:58,400 INFO  EvoClassLoader - Error while loading class: java.lang.ClassNotFoundException: Class 'org/robolectric/Robolectric.class' should be in target project, but could not be found!
2024-11-12 13:42:58,421 INFO  log - Logging initialized @40351ms to org.eclipse.jetty.util.log.Slf4jLog
]]></system-out>
  </testcase>
  <testcase name="test031" classname="org.apache.hadoop.hdfs.protocol.proto.NamenodeProtocolProtos_ESTest" time="0.029">
    <system-out><![CDATA[2024-11-12 13:42:58,430 INFO  EvoClassLoader - Seeing class for first time: libcore.io.Memory
2024-11-12 13:42:58,430 INFO  EvoClassLoader - Instrumenting class 'libcore.io.Memory'.
2024-11-12 13:42:58,430 INFO  EvoClassLoader - Error while loading class: java.lang.ClassNotFoundException: Class 'libcore/io/Memory.class' should be in target project, but could not be found!
2024-11-12 13:42:58,430 INFO  EvoClassLoader - Seeing class for first time: org.robolectric.Robolectric
2024-11-12 13:42:58,430 INFO  EvoClassLoader - Instrumenting class 'org.robolectric.Robolectric'.
2024-11-12 13:42:58,430 INFO  EvoClassLoader - Error while loading class: java.lang.ClassNotFoundException: Class 'org/robolectric/Robolectric.class' should be in target project, but could not be found!
2024-11-12 13:42:58,449 INFO  log - Logging initialized @40379ms to org.eclipse.jetty.util.log.Slf4jLog
]]></system-out>
  </testcase>
  <testcase name="test030" classname="org.apache.hadoop.hdfs.protocol.proto.NamenodeProtocolProtos_ESTest" time="0.029">
    <system-out><![CDATA[2024-11-12 13:42:58,457 INFO  EvoClassLoader - Seeing class for first time: libcore.io.Memory
2024-11-12 13:42:58,457 INFO  EvoClassLoader - Instrumenting class 'libcore.io.Memory'.
2024-11-12 13:42:58,457 INFO  EvoClassLoader - Error while loading class: java.lang.ClassNotFoundException: Class 'libcore/io/Memory.class' should be in target project, but could not be found!
2024-11-12 13:42:58,457 INFO  EvoClassLoader - Seeing class for first time: org.robolectric.Robolectric
2024-11-12 13:42:58,457 INFO  EvoClassLoader - Instrumenting class 'org.robolectric.Robolectric'.
2024-11-12 13:42:58,457 INFO  EvoClassLoader - Error while loading class: java.lang.ClassNotFoundException: Class 'org/robolectric/Robolectric.class' should be in target project, but could not be found!
2024-11-12 13:42:58,479 INFO  log - Logging initialized @40409ms to org.eclipse.jetty.util.log.Slf4jLog
]]></system-out>
  </testcase>
  <testcase name="test019" classname="org.apache.hadoop.hdfs.protocol.proto.NamenodeProtocolProtos_ESTest" time="0.036">
    <system-out><![CDATA[2024-11-12 13:42:58,486 INFO  EvoClassLoader - Seeing class for first time: libcore.io.Memory
2024-11-12 13:42:58,486 INFO  EvoClassLoader - Instrumenting class 'libcore.io.Memory'.
2024-11-12 13:42:58,486 INFO  EvoClassLoader - Error while loading class: java.lang.ClassNotFoundException: Class 'libcore/io/Memory.class' should be in target project, but could not be found!
2024-11-12 13:42:58,486 INFO  EvoClassLoader - Seeing class for first time: org.robolectric.Robolectric
2024-11-12 13:42:58,486 INFO  EvoClassLoader - Instrumenting class 'org.robolectric.Robolectric'.
2024-11-12 13:42:58,486 INFO  EvoClassLoader - Error while loading class: java.lang.ClassNotFoundException: Class 'org/robolectric/Robolectric.class' should be in target project, but could not be found!
2024-11-12 13:42:58,515 INFO  log - Logging initialized @40445ms to org.eclipse.jetty.util.log.Slf4jLog
]]></system-out>
  </testcase>
  <testcase name="test018" classname="org.apache.hadoop.hdfs.protocol.proto.NamenodeProtocolProtos_ESTest" time="0.03">
    <system-out><![CDATA[2024-11-12 13:42:58,521 INFO  EvoClassLoader - Seeing class for first time: libcore.io.Memory
2024-11-12 13:42:58,521 INFO  EvoClassLoader - Instrumenting class 'libcore.io.Memory'.
2024-11-12 13:42:58,521 INFO  EvoClassLoader - Error while loading class: java.lang.ClassNotFoundException: Class 'libcore/io/Memory.class' should be in target project, but could not be found!
2024-11-12 13:42:58,521 INFO  EvoClassLoader - Seeing class for first time: org.robolectric.Robolectric
2024-11-12 13:42:58,521 INFO  EvoClassLoader - Instrumenting class 'org.robolectric.Robolectric'.
2024-11-12 13:42:58,522 INFO  EvoClassLoader - Error while loading class: java.lang.ClassNotFoundException: Class 'org/robolectric/Robolectric.class' should be in target project, but could not be found!
2024-11-12 13:42:58,543 INFO  log - Logging initialized @40473ms to org.eclipse.jetty.util.log.Slf4jLog
]]></system-out>
  </testcase>
  <testcase name="test017" classname="org.apache.hadoop.hdfs.protocol.proto.NamenodeProtocolProtos_ESTest" time="0.03">
    <system-out><![CDATA[2024-11-12 13:42:58,549 INFO  EvoClassLoader - Seeing class for first time: libcore.io.Memory
2024-11-12 13:42:58,549 INFO  EvoClassLoader - Instrumenting class 'libcore.io.Memory'.
2024-11-12 13:42:58,549 INFO  EvoClassLoader - Error while loading class: java.lang.ClassNotFoundException: Class 'libcore/io/Memory.class' should be in target project, but could not be found!
2024-11-12 13:42:58,549 INFO  EvoClassLoader - Seeing class for first time: org.robolectric.Robolectric
2024-11-12 13:42:58,549 INFO  EvoClassLoader - Instrumenting class 'org.robolectric.Robolectric'.
2024-11-12 13:42:58,550 INFO  EvoClassLoader - Error while loading class: java.lang.ClassNotFoundException: Class 'org/robolectric/Robolectric.class' should be in target project, but could not be found!
2024-11-12 13:42:58,571 INFO  log - Logging initialized @40501ms to org.eclipse.jetty.util.log.Slf4jLog
]]></system-out>
  </testcase>
  <testcase name="test016" classname="org.apache.hadoop.hdfs.protocol.proto.NamenodeProtocolProtos_ESTest" time="0.022">
    <system-out><![CDATA[2024-11-12 13:42:58,576 INFO  EvoClassLoader - Seeing class for first time: libcore.io.Memory
2024-11-12 13:42:58,576 INFO  EvoClassLoader - Instrumenting class 'libcore.io.Memory'.
2024-11-12 13:42:58,576 INFO  EvoClassLoader - Error while loading class: java.lang.ClassNotFoundException: Class 'libcore/io/Memory.class' should be in target project, but could not be found!
2024-11-12 13:42:58,576 INFO  EvoClassLoader - Seeing class for first time: org.robolectric.Robolectric
2024-11-12 13:42:58,576 INFO  EvoClassLoader - Instrumenting class 'org.robolectric.Robolectric'.
2024-11-12 13:42:58,577 INFO  EvoClassLoader - Error while loading class: java.lang.ClassNotFoundException: Class 'org/robolectric/Robolectric.class' should be in target project, but could not be found!
2024-11-12 13:42:58,596 INFO  log - Logging initialized @40526ms to org.eclipse.jetty.util.log.Slf4jLog
]]></system-out>
  </testcase>
  <testcase name="test015" classname="org.apache.hadoop.hdfs.protocol.proto.NamenodeProtocolProtos_ESTest" time="0.025">
    <system-out><![CDATA[2024-11-12 13:42:58,602 INFO  EvoClassLoader - Seeing class for first time: libcore.io.Memory
2024-11-12 13:42:58,602 INFO  EvoClassLoader - Instrumenting class 'libcore.io.Memory'.
2024-11-12 13:42:58,602 INFO  EvoClassLoader - Error while loading class: java.lang.ClassNotFoundException: Class 'libcore/io/Memory.class' should be in target project, but could not be found!
2024-11-12 13:42:58,602 INFO  EvoClassLoader - Seeing class for first time: org.robolectric.Robolectric
2024-11-12 13:42:58,602 INFO  EvoClassLoader - Instrumenting class 'org.robolectric.Robolectric'.
2024-11-12 13:42:58,602 INFO  EvoClassLoader - Error while loading class: java.lang.ClassNotFoundException: Class 'org/robolectric/Robolectric.class' should be in target project, but could not be found!
2024-11-12 13:42:58,622 INFO  log - Logging initialized @40552ms to org.eclipse.jetty.util.log.Slf4jLog
]]></system-out>
  </testcase>
  <testcase name="test014" classname="org.apache.hadoop.hdfs.protocol.proto.NamenodeProtocolProtos_ESTest" time="0.031">
    <system-out><![CDATA[2024-11-12 13:42:58,628 INFO  EvoClassLoader - Seeing class for first time: libcore.io.Memory
2024-11-12 13:42:58,628 INFO  EvoClassLoader - Instrumenting class 'libcore.io.Memory'.
2024-11-12 13:42:58,628 INFO  EvoClassLoader - Error while loading class: java.lang.ClassNotFoundException: Class 'libcore/io/Memory.class' should be in target project, but could not be found!
2024-11-12 13:42:58,628 INFO  EvoClassLoader - Seeing class for first time: org.robolectric.Robolectric
2024-11-12 13:42:58,628 INFO  EvoClassLoader - Instrumenting class 'org.robolectric.Robolectric'.
2024-11-12 13:42:58,628 INFO  EvoClassLoader - Error while loading class: java.lang.ClassNotFoundException: Class 'org/robolectric/Robolectric.class' should be in target project, but could not be found!
2024-11-12 13:42:58,648 INFO  log - Logging initialized @40578ms to org.eclipse.jetty.util.log.Slf4jLog
]]></system-out>
  </testcase>
  <testcase name="test013" classname="org.apache.hadoop.hdfs.protocol.proto.NamenodeProtocolProtos_ESTest" time="0.028">
    <system-out><![CDATA[2024-11-12 13:42:58,654 INFO  EvoClassLoader - Seeing class for first time: libcore.io.Memory
2024-11-12 13:42:58,654 INFO  EvoClassLoader - Instrumenting class 'libcore.io.Memory'.
2024-11-12 13:42:58,654 INFO  EvoClassLoader - Error while loading class: java.lang.ClassNotFoundException: Class 'libcore/io/Memory.class' should be in target project, but could not be found!
2024-11-12 13:42:58,654 INFO  EvoClassLoader - Seeing class for first time: org.robolectric.Robolectric
2024-11-12 13:42:58,654 INFO  EvoClassLoader - Instrumenting class 'org.robolectric.Robolectric'.
2024-11-12 13:42:58,655 INFO  EvoClassLoader - Error while loading class: java.lang.ClassNotFoundException: Class 'org/robolectric/Robolectric.class' should be in target project, but could not be found!
2024-11-12 13:42:58,680 INFO  log - Logging initialized @40610ms to org.eclipse.jetty.util.log.Slf4jLog
]]></system-out>
  </testcase>
  <testcase name="test023" classname="org.apache.hadoop.hdfs.protocol.proto.NamenodeProtocolProtos_ESTest" time="0.033">
    <system-out><![CDATA[2024-11-12 13:42:58,690 INFO  EvoClassLoader - Seeing class for first time: libcore.io.Memory
2024-11-12 13:42:58,690 INFO  EvoClassLoader - Instrumenting class 'libcore.io.Memory'.
2024-11-12 13:42:58,690 INFO  EvoClassLoader - Error while loading class: java.lang.ClassNotFoundException: Class 'libcore/io/Memory.class' should be in target project, but could not be found!
2024-11-12 13:42:58,690 INFO  EvoClassLoader - Seeing class for first time: org.robolectric.Robolectric
2024-11-12 13:42:58,690 INFO  EvoClassLoader - Instrumenting class 'org.robolectric.Robolectric'.
2024-11-12 13:42:58,690 INFO  EvoClassLoader - Error while loading class: java.lang.ClassNotFoundException: Class 'org/robolectric/Robolectric.class' should be in target project, but could not be found!
2024-11-12 13:42:58,715 INFO  log - Logging initialized @40645ms to org.eclipse.jetty.util.log.Slf4jLog
]]></system-out>
  </testcase>
  <testcase name="test022" classname="org.apache.hadoop.hdfs.protocol.proto.NamenodeProtocolProtos_ESTest" time="0.026">
    <system-out><![CDATA[2024-11-12 13:42:58,720 INFO  EvoClassLoader - Seeing class for first time: libcore.io.Memory
2024-11-12 13:42:58,720 INFO  EvoClassLoader - Instrumenting class 'libcore.io.Memory'.
2024-11-12 13:42:58,720 INFO  EvoClassLoader - Error while loading class: java.lang.ClassNotFoundException: Class 'libcore/io/Memory.class' should be in target project, but could not be found!
2024-11-12 13:42:58,720 INFO  EvoClassLoader - Seeing class for first time: org.robolectric.Robolectric
2024-11-12 13:42:58,720 INFO  EvoClassLoader - Instrumenting class 'org.robolectric.Robolectric'.
2024-11-12 13:42:58,720 INFO  EvoClassLoader - Error while loading class: java.lang.ClassNotFoundException: Class 'org/robolectric/Robolectric.class' should be in target project, but could not be found!
2024-11-12 13:42:58,740 INFO  log - Logging initialized @40670ms to org.eclipse.jetty.util.log.Slf4jLog
]]></system-out>
  </testcase>
  <testcase name="test021" classname="org.apache.hadoop.hdfs.protocol.proto.NamenodeProtocolProtos_ESTest" time="0.033">
    <system-out><![CDATA[2024-11-12 13:42:58,745 INFO  EvoClassLoader - Seeing class for first time: libcore.io.Memory
2024-11-12 13:42:58,745 INFO  EvoClassLoader - Instrumenting class 'libcore.io.Memory'.
2024-11-12 13:42:58,745 INFO  EvoClassLoader - Error while loading class: java.lang.ClassNotFoundException: Class 'libcore/io/Memory.class' should be in target project, but could not be found!
2024-11-12 13:42:58,745 INFO  EvoClassLoader - Seeing class for first time: org.robolectric.Robolectric
2024-11-12 13:42:58,745 INFO  EvoClassLoader - Instrumenting class 'org.robolectric.Robolectric'.
2024-11-12 13:42:58,745 INFO  EvoClassLoader - Error while loading class: java.lang.ClassNotFoundException: Class 'org/robolectric/Robolectric.class' should be in target project, but could not be found!
2024-11-12 13:42:58,771 INFO  log - Logging initialized @40701ms to org.eclipse.jetty.util.log.Slf4jLog
]]></system-out>
  </testcase>
  <testcase name="test020" classname="org.apache.hadoop.hdfs.protocol.proto.NamenodeProtocolProtos_ESTest" time="0.025">
    <system-out><![CDATA[2024-11-12 13:42:58,776 INFO  EvoClassLoader - Seeing class for first time: libcore.io.Memory
2024-11-12 13:42:58,776 INFO  EvoClassLoader - Instrumenting class 'libcore.io.Memory'.
2024-11-12 13:42:58,776 INFO  EvoClassLoader - Error while loading class: java.lang.ClassNotFoundException: Class 'libcore/io/Memory.class' should be in target project, but could not be found!
2024-11-12 13:42:58,776 INFO  EvoClassLoader - Seeing class for first time: org.robolectric.Robolectric
2024-11-12 13:42:58,776 INFO  EvoClassLoader - Instrumenting class 'org.robolectric.Robolectric'.
2024-11-12 13:42:58,777 INFO  EvoClassLoader - Error while loading class: java.lang.ClassNotFoundException: Class 'org/robolectric/Robolectric.class' should be in target project, but could not be found!
2024-11-12 13:42:58,798 INFO  log - Logging initialized @40728ms to org.eclipse.jetty.util.log.Slf4jLog
]]></system-out>
  </testcase>
  <testcase name="test049" classname="org.apache.hadoop.hdfs.protocol.proto.NamenodeProtocolProtos_ESTest" time="0.025">
    <system-out><![CDATA[2024-11-12 13:42:58,804 INFO  EvoClassLoader - Seeing class for first time: libcore.io.Memory
2024-11-12 13:42:58,804 INFO  EvoClassLoader - Instrumenting class 'libcore.io.Memory'.
2024-11-12 13:42:58,804 INFO  EvoClassLoader - Error while loading class: java.lang.ClassNotFoundException: Class 'libcore/io/Memory.class' should be in target project, but could not be found!
2024-11-12 13:42:58,804 INFO  EvoClassLoader - Seeing class for first time: org.robolectric.Robolectric
2024-11-12 13:42:58,804 INFO  EvoClassLoader - Instrumenting class 'org.robolectric.Robolectric'.
2024-11-12 13:42:58,805 INFO  EvoClassLoader - Error while loading class: java.lang.ClassNotFoundException: Class 'org/robolectric/Robolectric.class' should be in target project, but could not be found!
2024-11-12 13:42:58,824 INFO  log - Logging initialized @40754ms to org.eclipse.jetty.util.log.Slf4jLog
]]></system-out>
  </testcase>
  <testcase name="test048" classname="org.apache.hadoop.hdfs.protocol.proto.NamenodeProtocolProtos_ESTest" time="0.032">
    <system-out><![CDATA[2024-11-12 13:42:58,830 INFO  EvoClassLoader - Seeing class for first time: libcore.io.Memory
2024-11-12 13:42:58,830 INFO  EvoClassLoader - Instrumenting class 'libcore.io.Memory'.
2024-11-12 13:42:58,830 INFO  EvoClassLoader - Error while loading class: java.lang.ClassNotFoundException: Class 'libcore/io/Memory.class' should be in target project, but could not be found!
2024-11-12 13:42:58,830 INFO  EvoClassLoader - Seeing class for first time: org.robolectric.Robolectric
2024-11-12 13:42:58,830 INFO  EvoClassLoader - Instrumenting class 'org.robolectric.Robolectric'.
2024-11-12 13:42:58,830 INFO  EvoClassLoader - Error while loading class: java.lang.ClassNotFoundException: Class 'org/robolectric/Robolectric.class' should be in target project, but could not be found!
2024-11-12 13:42:58,853 INFO  log - Logging initialized @40783ms to org.eclipse.jetty.util.log.Slf4jLog
]]></system-out>
  </testcase>
  <testcase name="test047" classname="org.apache.hadoop.hdfs.protocol.proto.NamenodeProtocolProtos_ESTest" time="0.026">
    <system-out><![CDATA[2024-11-12 13:42:58,859 INFO  EvoClassLoader - Seeing class for first time: libcore.io.Memory
2024-11-12 13:42:58,859 INFO  EvoClassLoader - Instrumenting class 'libcore.io.Memory'.
2024-11-12 13:42:58,859 INFO  EvoClassLoader - Error while loading class: java.lang.ClassNotFoundException: Class 'libcore/io/Memory.class' should be in target project, but could not be found!
2024-11-12 13:42:58,859 INFO  EvoClassLoader - Seeing class for first time: org.robolectric.Robolectric
2024-11-12 13:42:58,859 INFO  EvoClassLoader - Instrumenting class 'org.robolectric.Robolectric'.
2024-11-12 13:42:58,860 INFO  EvoClassLoader - Error while loading class: java.lang.ClassNotFoundException: Class 'org/robolectric/Robolectric.class' should be in target project, but could not be found!
2024-11-12 13:42:58,881 INFO  log - Logging initialized @40811ms to org.eclipse.jetty.util.log.Slf4jLog
]]></system-out>
  </testcase>
  <testcase name="test046" classname="org.apache.hadoop.hdfs.protocol.proto.NamenodeProtocolProtos_ESTest" time="0.027">
    <system-out><![CDATA[2024-11-12 13:42:58,886 INFO  EvoClassLoader - Seeing class for first time: libcore.io.Memory
2024-11-12 13:42:58,886 INFO  EvoClassLoader - Instrumenting class 'libcore.io.Memory'.
2024-11-12 13:42:58,886 INFO  EvoClassLoader - Error while loading class: java.lang.ClassNotFoundException: Class 'libcore/io/Memory.class' should be in target project, but could not be found!
2024-11-12 13:42:58,886 INFO  EvoClassLoader - Seeing class for first time: org.robolectric.Robolectric
2024-11-12 13:42:58,886 INFO  EvoClassLoader - Instrumenting class 'org.robolectric.Robolectric'.
2024-11-12 13:42:58,886 INFO  EvoClassLoader - Error while loading class: java.lang.ClassNotFoundException: Class 'org/robolectric/Robolectric.class' should be in target project, but could not be found!
2024-11-12 13:42:58,907 INFO  log - Logging initialized @40837ms to org.eclipse.jetty.util.log.Slf4jLog
]]></system-out>
  </testcase>
  <testcase name="test056" classname="org.apache.hadoop.hdfs.protocol.proto.NamenodeProtocolProtos_ESTest" time="0.031">
    <system-out><![CDATA[2024-11-12 13:42:58,913 INFO  EvoClassLoader - Seeing class for first time: libcore.io.Memory
2024-11-12 13:42:58,913 INFO  EvoClassLoader - Instrumenting class 'libcore.io.Memory'.
2024-11-12 13:42:58,914 INFO  EvoClassLoader - Error while loading class: java.lang.ClassNotFoundException: Class 'libcore/io/Memory.class' should be in target project, but could not be found!
2024-11-12 13:42:58,914 INFO  EvoClassLoader - Seeing class for first time: org.robolectric.Robolectric
2024-11-12 13:42:58,914 INFO  EvoClassLoader - Instrumenting class 'org.robolectric.Robolectric'.
2024-11-12 13:42:58,914 INFO  EvoClassLoader - Error while loading class: java.lang.ClassNotFoundException: Class 'org/robolectric/Robolectric.class' should be in target project, but could not be found!
2024-11-12 13:42:58,941 INFO  log - Logging initialized @40871ms to org.eclipse.jetty.util.log.Slf4jLog
]]></system-out>
  </testcase>
  <testcase name="test055" classname="org.apache.hadoop.hdfs.protocol.proto.NamenodeProtocolProtos_ESTest" time="0.033">
    <system-out><![CDATA[2024-11-12 13:42:58,946 INFO  EvoClassLoader - Seeing class for first time: libcore.io.Memory
2024-11-12 13:42:58,946 INFO  EvoClassLoader - Instrumenting class 'libcore.io.Memory'.
2024-11-12 13:42:58,947 INFO  EvoClassLoader - Error while loading class: java.lang.ClassNotFoundException: Class 'libcore/io/Memory.class' should be in target project, but could not be found!
2024-11-12 13:42:58,947 INFO  EvoClassLoader - Seeing class for first time: org.robolectric.Robolectric
2024-11-12 13:42:58,947 INFO  EvoClassLoader - Instrumenting class 'org.robolectric.Robolectric'.
2024-11-12 13:42:58,947 INFO  EvoClassLoader - Error while loading class: java.lang.ClassNotFoundException: Class 'org/robolectric/Robolectric.class' should be in target project, but could not be found!
2024-11-12 13:42:58,969 INFO  log - Logging initialized @40899ms to org.eclipse.jetty.util.log.Slf4jLog
]]></system-out>
  </testcase>
  <testcase name="test054" classname="org.apache.hadoop.hdfs.protocol.proto.NamenodeProtocolProtos_ESTest" time="0.025">
    <system-out><![CDATA[2024-11-12 13:42:58,974 INFO  EvoClassLoader - Seeing class for first time: libcore.io.Memory
2024-11-12 13:42:58,974 INFO  EvoClassLoader - Instrumenting class 'libcore.io.Memory'.
2024-11-12 13:42:58,975 INFO  EvoClassLoader - Error while loading class: java.lang.ClassNotFoundException: Class 'libcore/io/Memory.class' should be in target project, but could not be found!
2024-11-12 13:42:58,975 INFO  EvoClassLoader - Seeing class for first time: org.robolectric.Robolectric
2024-11-12 13:42:58,975 INFO  EvoClassLoader - Instrumenting class 'org.robolectric.Robolectric'.
2024-11-12 13:42:58,975 INFO  EvoClassLoader - Error while loading class: java.lang.ClassNotFoundException: Class 'org/robolectric/Robolectric.class' should be in target project, but could not be found!
2024-11-12 13:42:58,996 INFO  log - Logging initialized @40926ms to org.eclipse.jetty.util.log.Slf4jLog
]]></system-out>
  </testcase>
  <testcase name="test053" classname="org.apache.hadoop.hdfs.protocol.proto.NamenodeProtocolProtos_ESTest" time="0.022">
    <system-out><![CDATA[2024-11-12 13:42:59,001 INFO  EvoClassLoader - Seeing class for first time: libcore.io.Memory
2024-11-12 13:42:59,001 INFO  EvoClassLoader - Instrumenting class 'libcore.io.Memory'.
2024-11-12 13:42:59,001 INFO  EvoClassLoader - Error while loading class: java.lang.ClassNotFoundException: Class 'libcore/io/Memory.class' should be in target project, but could not be found!
2024-11-12 13:42:59,001 INFO  EvoClassLoader - Seeing class for first time: org.robolectric.Robolectric
2024-11-12 13:42:59,001 INFO  EvoClassLoader - Instrumenting class 'org.robolectric.Robolectric'.
2024-11-12 13:42:59,001 INFO  EvoClassLoader - Error while loading class: java.lang.ClassNotFoundException: Class 'org/robolectric/Robolectric.class' should be in target project, but could not be found!
2024-11-12 13:42:59,021 INFO  log - Logging initialized @40951ms to org.eclipse.jetty.util.log.Slf4jLog
]]></system-out>
  </testcase>
  <testcase name="test052" classname="org.apache.hadoop.hdfs.protocol.proto.NamenodeProtocolProtos_ESTest" time="0.033">
    <system-out><![CDATA[2024-11-12 13:42:59,027 INFO  EvoClassLoader - Seeing class for first time: libcore.io.Memory
2024-11-12 13:42:59,027 INFO  EvoClassLoader - Instrumenting class 'libcore.io.Memory'.
2024-11-12 13:42:59,027 INFO  EvoClassLoader - Error while loading class: java.lang.ClassNotFoundException: Class 'libcore/io/Memory.class' should be in target project, but could not be found!
2024-11-12 13:42:59,027 INFO  EvoClassLoader - Seeing class for first time: org.robolectric.Robolectric
2024-11-12 13:42:59,027 INFO  EvoClassLoader - Instrumenting class 'org.robolectric.Robolectric'.
2024-11-12 13:42:59,027 INFO  EvoClassLoader - Error while loading class: java.lang.ClassNotFoundException: Class 'org/robolectric/Robolectric.class' should be in target project, but could not be found!
2024-11-12 13:42:59,051 INFO  log - Logging initialized @40981ms to org.eclipse.jetty.util.log.Slf4jLog
]]></system-out>
  </testcase>
  <testcase name="test051" classname="org.apache.hadoop.hdfs.protocol.proto.NamenodeProtocolProtos_ESTest" time="0.03">
    <system-out><![CDATA[2024-11-12 13:42:59,058 INFO  EvoClassLoader - Seeing class for first time: libcore.io.Memory
2024-11-12 13:42:59,058 INFO  EvoClassLoader - Instrumenting class 'libcore.io.Memory'.
2024-11-12 13:42:59,058 INFO  EvoClassLoader - Error while loading class: java.lang.ClassNotFoundException: Class 'libcore/io/Memory.class' should be in target project, but could not be found!
2024-11-12 13:42:59,058 INFO  EvoClassLoader - Seeing class for first time: org.robolectric.Robolectric
2024-11-12 13:42:59,058 INFO  EvoClassLoader - Instrumenting class 'org.robolectric.Robolectric'.
2024-11-12 13:42:59,058 INFO  EvoClassLoader - Error while loading class: java.lang.ClassNotFoundException: Class 'org/robolectric/Robolectric.class' should be in target project, but could not be found!
2024-11-12 13:42:59,083 INFO  log - Logging initialized @41013ms to org.eclipse.jetty.util.log.Slf4jLog
]]></system-out>
  </testcase>
  <testcase name="test050" classname="org.apache.hadoop.hdfs.protocol.proto.NamenodeProtocolProtos_ESTest" time="0.024">
    <system-out><![CDATA[2024-11-12 13:42:59,088 INFO  EvoClassLoader - Seeing class for first time: libcore.io.Memory
2024-11-12 13:42:59,088 INFO  EvoClassLoader - Instrumenting class 'libcore.io.Memory'.
2024-11-12 13:42:59,088 INFO  EvoClassLoader - Error while loading class: java.lang.ClassNotFoundException: Class 'libcore/io/Memory.class' should be in target project, but could not be found!
2024-11-12 13:42:59,088 INFO  EvoClassLoader - Seeing class for first time: org.robolectric.Robolectric
2024-11-12 13:42:59,088 INFO  EvoClassLoader - Instrumenting class 'org.robolectric.Robolectric'.
2024-11-12 13:42:59,088 INFO  EvoClassLoader - Error while loading class: java.lang.ClassNotFoundException: Class 'org/robolectric/Robolectric.class' should be in target project, but could not be found!
2024-11-12 13:42:59,108 INFO  log - Logging initialized @41038ms to org.eclipse.jetty.util.log.Slf4jLog
]]></system-out>
  </testcase>
  <testcase name="test039" classname="org.apache.hadoop.hdfs.protocol.proto.NamenodeProtocolProtos_ESTest" time="0.025">
    <system-out><![CDATA[2024-11-12 13:42:59,113 INFO  EvoClassLoader - Seeing class for first time: libcore.io.Memory
2024-11-12 13:42:59,113 INFO  EvoClassLoader - Instrumenting class 'libcore.io.Memory'.
2024-11-12 13:42:59,113 INFO  EvoClassLoader - Error while loading class: java.lang.ClassNotFoundException: Class 'libcore/io/Memory.class' should be in target project, but could not be found!
2024-11-12 13:42:59,113 INFO  EvoClassLoader - Seeing class for first time: org.robolectric.Robolectric
2024-11-12 13:42:59,113 INFO  EvoClassLoader - Instrumenting class 'org.robolectric.Robolectric'.
2024-11-12 13:42:59,113 INFO  EvoClassLoader - Error while loading class: java.lang.ClassNotFoundException: Class 'org/robolectric/Robolectric.class' should be in target project, but could not be found!
2024-11-12 13:42:59,136 INFO  log - Logging initialized @41066ms to org.eclipse.jetty.util.log.Slf4jLog
]]></system-out>
  </testcase>
  <testcase name="test038" classname="org.apache.hadoop.hdfs.protocol.proto.NamenodeProtocolProtos_ESTest" time="0.036">
    <system-out><![CDATA[2024-11-12 13:42:59,140 INFO  EvoClassLoader - Seeing class for first time: libcore.io.Memory
2024-11-12 13:42:59,140 INFO  EvoClassLoader - Instrumenting class 'libcore.io.Memory'.
2024-11-12 13:42:59,141 INFO  EvoClassLoader - Error while loading class: java.lang.ClassNotFoundException: Class 'libcore/io/Memory.class' should be in target project, but could not be found!
2024-11-12 13:42:59,141 INFO  EvoClassLoader - Seeing class for first time: org.robolectric.Robolectric
2024-11-12 13:42:59,141 INFO  EvoClassLoader - Instrumenting class 'org.robolectric.Robolectric'.
2024-11-12 13:42:59,141 INFO  EvoClassLoader - Error while loading class: java.lang.ClassNotFoundException: Class 'org/robolectric/Robolectric.class' should be in target project, but could not be found!
2024-11-12 13:42:59,169 INFO  log - Logging initialized @41099ms to org.eclipse.jetty.util.log.Slf4jLog
]]></system-out>
  </testcase>
  <testcase name="test037" classname="org.apache.hadoop.hdfs.protocol.proto.NamenodeProtocolProtos_ESTest" time="0.028">
    <system-out><![CDATA[2024-11-12 13:42:59,174 INFO  EvoClassLoader - Seeing class for first time: libcore.io.Memory
2024-11-12 13:42:59,174 INFO  EvoClassLoader - Instrumenting class 'libcore.io.Memory'.
2024-11-12 13:42:59,174 INFO  EvoClassLoader - Error while loading class: java.lang.ClassNotFoundException: Class 'libcore/io/Memory.class' should be in target project, but could not be found!
2024-11-12 13:42:59,174 INFO  EvoClassLoader - Seeing class for first time: org.robolectric.Robolectric
2024-11-12 13:42:59,174 INFO  EvoClassLoader - Instrumenting class 'org.robolectric.Robolectric'.
2024-11-12 13:42:59,174 INFO  EvoClassLoader - Error while loading class: java.lang.ClassNotFoundException: Class 'org/robolectric/Robolectric.class' should be in target project, but could not be found!
2024-11-12 13:42:59,195 INFO  log - Logging initialized @41125ms to org.eclipse.jetty.util.log.Slf4jLog
]]></system-out>
  </testcase>
  <testcase name="test036" classname="org.apache.hadoop.hdfs.protocol.proto.NamenodeProtocolProtos_ESTest" time="0.028">
    <system-out><![CDATA[2024-11-12 13:42:59,201 INFO  EvoClassLoader - Seeing class for first time: libcore.io.Memory
2024-11-12 13:42:59,201 INFO  EvoClassLoader - Instrumenting class 'libcore.io.Memory'.
2024-11-12 13:42:59,201 INFO  EvoClassLoader - Error while loading class: java.lang.ClassNotFoundException: Class 'libcore/io/Memory.class' should be in target project, but could not be found!
2024-11-12 13:42:59,201 INFO  EvoClassLoader - Seeing class for first time: org.robolectric.Robolectric
2024-11-12 13:42:59,201 INFO  EvoClassLoader - Instrumenting class 'org.robolectric.Robolectric'.
2024-11-12 13:42:59,201 INFO  EvoClassLoader - Error while loading class: java.lang.ClassNotFoundException: Class 'org/robolectric/Robolectric.class' should be in target project, but could not be found!
2024-11-12 13:42:59,227 INFO  log - Logging initialized @41157ms to org.eclipse.jetty.util.log.Slf4jLog
]]></system-out>
  </testcase>
  <testcase name="test035" classname="org.apache.hadoop.hdfs.protocol.proto.NamenodeProtocolProtos_ESTest" time="0.028">
    <system-out><![CDATA[2024-11-12 13:42:59,232 INFO  EvoClassLoader - Seeing class for first time: libcore.io.Memory
2024-11-12 13:42:59,232 INFO  EvoClassLoader - Instrumenting class 'libcore.io.Memory'.
2024-11-12 13:42:59,232 INFO  EvoClassLoader - Error while loading class: java.lang.ClassNotFoundException: Class 'libcore/io/Memory.class' should be in target project, but could not be found!
2024-11-12 13:42:59,232 INFO  EvoClassLoader - Seeing class for first time: org.robolectric.Robolectric
2024-11-12 13:42:59,232 INFO  EvoClassLoader - Instrumenting class 'org.robolectric.Robolectric'.
2024-11-12 13:42:59,233 INFO  EvoClassLoader - Error while loading class: java.lang.ClassNotFoundException: Class 'org/robolectric/Robolectric.class' should be in target project, but could not be found!
2024-11-12 13:42:59,252 INFO  log - Logging initialized @41182ms to org.eclipse.jetty.util.log.Slf4jLog
]]></system-out>
  </testcase>
  <testcase name="test045" classname="org.apache.hadoop.hdfs.protocol.proto.NamenodeProtocolProtos_ESTest" time="0.016">
    <system-out><![CDATA[2024-11-12 13:42:59,258 INFO  EvoClassLoader - Seeing class for first time: libcore.io.Memory
2024-11-12 13:42:59,258 INFO  EvoClassLoader - Instrumenting class 'libcore.io.Memory'.
2024-11-12 13:42:59,258 INFO  EvoClassLoader - Error while loading class: java.lang.ClassNotFoundException: Class 'libcore/io/Memory.class' should be in target project, but could not be found!
2024-11-12 13:42:59,258 INFO  EvoClassLoader - Seeing class for first time: org.robolectric.Robolectric
2024-11-12 13:42:59,258 INFO  EvoClassLoader - Instrumenting class 'org.robolectric.Robolectric'.
2024-11-12 13:42:59,259 INFO  EvoClassLoader - Error while loading class: java.lang.ClassNotFoundException: Class 'org/robolectric/Robolectric.class' should be in target project, but could not be found!
2024-11-12 13:42:59,279 INFO  log - Logging initialized @41209ms to org.eclipse.jetty.util.log.Slf4jLog
]]></system-out>
  </testcase>
  <testcase name="test044" classname="org.apache.hadoop.hdfs.protocol.proto.NamenodeProtocolProtos_ESTest" time="0.024">
    <system-out><![CDATA[2024-11-12 13:42:59,285 INFO  EvoClassLoader - Seeing class for first time: libcore.io.Memory
2024-11-12 13:42:59,285 INFO  EvoClassLoader - Instrumenting class 'libcore.io.Memory'.
2024-11-12 13:42:59,286 INFO  EvoClassLoader - Error while loading class: java.lang.ClassNotFoundException: Class 'libcore/io/Memory.class' should be in target project, but could not be found!
2024-11-12 13:42:59,286 INFO  EvoClassLoader - Seeing class for first time: org.robolectric.Robolectric
2024-11-12 13:42:59,286 INFO  EvoClassLoader - Instrumenting class 'org.robolectric.Robolectric'.
2024-11-12 13:42:59,286 INFO  EvoClassLoader - Error while loading class: java.lang.ClassNotFoundException: Class 'org/robolectric/Robolectric.class' should be in target project, but could not be found!
2024-11-12 13:42:59,306 INFO  log - Logging initialized @41236ms to org.eclipse.jetty.util.log.Slf4jLog
]]></system-out>
  </testcase>
  <testcase name="test043" classname="org.apache.hadoop.hdfs.protocol.proto.NamenodeProtocolProtos_ESTest" time="0.066">
    <system-out><![CDATA[2024-11-12 13:42:59,355 INFO  EvoClassLoader - Seeing class for first time: libcore.io.Memory
2024-11-12 13:42:59,355 INFO  EvoClassLoader - Instrumenting class 'libcore.io.Memory'.
2024-11-12 13:42:59,355 INFO  EvoClassLoader - Error while loading class: java.lang.ClassNotFoundException: Class 'libcore/io/Memory.class' should be in target project, but could not be found!
2024-11-12 13:42:59,355 INFO  EvoClassLoader - Seeing class for first time: org.robolectric.Robolectric
2024-11-12 13:42:59,355 INFO  EvoClassLoader - Instrumenting class 'org.robolectric.Robolectric'.
2024-11-12 13:42:59,355 INFO  EvoClassLoader - Error while loading class: java.lang.ClassNotFoundException: Class 'org/robolectric/Robolectric.class' should be in target project, but could not be found!
2024-11-12 13:42:59,371 INFO  log - Logging initialized @41301ms to org.eclipse.jetty.util.log.Slf4jLog
]]></system-out>
  </testcase>
  <testcase name="test042" classname="org.apache.hadoop.hdfs.protocol.proto.NamenodeProtocolProtos_ESTest" time="0.021">
    <system-out><![CDATA[2024-11-12 13:42:59,375 INFO  EvoClassLoader - Seeing class for first time: libcore.io.Memory
2024-11-12 13:42:59,375 INFO  EvoClassLoader - Instrumenting class 'libcore.io.Memory'.
2024-11-12 13:42:59,375 INFO  EvoClassLoader - Error while loading class: java.lang.ClassNotFoundException: Class 'libcore/io/Memory.class' should be in target project, but could not be found!
2024-11-12 13:42:59,375 INFO  EvoClassLoader - Seeing class for first time: org.robolectric.Robolectric
2024-11-12 13:42:59,376 INFO  EvoClassLoader - Instrumenting class 'org.robolectric.Robolectric'.
2024-11-12 13:42:59,376 INFO  EvoClassLoader - Error while loading class: java.lang.ClassNotFoundException: Class 'org/robolectric/Robolectric.class' should be in target project, but could not be found!
2024-11-12 13:42:59,393 INFO  log - Logging initialized @41323ms to org.eclipse.jetty.util.log.Slf4jLog
]]></system-out>
  </testcase>
  <testcase name="test041" classname="org.apache.hadoop.hdfs.protocol.proto.NamenodeProtocolProtos_ESTest" time="0.032">
    <system-out><![CDATA[2024-11-12 13:42:59,397 INFO  EvoClassLoader - Seeing class for first time: libcore.io.Memory
2024-11-12 13:42:59,397 INFO  EvoClassLoader - Instrumenting class 'libcore.io.Memory'.
2024-11-12 13:42:59,397 INFO  EvoClassLoader - Error while loading class: java.lang.ClassNotFoundException: Class 'libcore/io/Memory.class' should be in target project, but could not be found!
2024-11-12 13:42:59,397 INFO  EvoClassLoader - Seeing class for first time: org.robolectric.Robolectric
2024-11-12 13:42:59,397 INFO  EvoClassLoader - Instrumenting class 'org.robolectric.Robolectric'.
2024-11-12 13:42:59,397 INFO  EvoClassLoader - Error while loading class: java.lang.ClassNotFoundException: Class 'org/robolectric/Robolectric.class' should be in target project, but could not be found!
2024-11-12 13:42:59,419 INFO  log - Logging initialized @41349ms to org.eclipse.jetty.util.log.Slf4jLog
]]></system-out>
  </testcase>
  <testcase name="test040" classname="org.apache.hadoop.hdfs.protocol.proto.NamenodeProtocolProtos_ESTest" time="0.037">
    <system-out><![CDATA[2024-11-12 13:42:59,443 INFO  EvoClassLoader - Seeing class for first time: libcore.io.Memory
2024-11-12 13:42:59,443 INFO  EvoClassLoader - Instrumenting class 'libcore.io.Memory'.
2024-11-12 13:42:59,443 INFO  EvoClassLoader - Error while loading class: java.lang.ClassNotFoundException: Class 'libcore/io/Memory.class' should be in target project, but could not be found!
2024-11-12 13:42:59,443 INFO  EvoClassLoader - Seeing class for first time: org.robolectric.Robolectric
2024-11-12 13:42:59,443 INFO  EvoClassLoader - Instrumenting class 'org.robolectric.Robolectric'.
2024-11-12 13:42:59,444 INFO  EvoClassLoader - Error while loading class: java.lang.ClassNotFoundException: Class 'org/robolectric/Robolectric.class' should be in target project, but could not be found!
2024-11-12 13:42:59,464 INFO  log - Logging initialized @41394ms to org.eclipse.jetty.util.log.Slf4jLog
]]></system-out>
  </testcase>
</testsuite>