<?xml version="1.0" encoding="UTF-8"?>
<testsuite xmlns:xsi="http://www.w3.org/2001/XMLSchema-instance" xsi:noNamespaceSchemaLocation="https://maven.apache.org/surefire/maven-surefire-plugin/xsd/surefire-test-report-3.0.xsd" version="3.0" name="org.apache.hadoop.hdfs.qjournal.protocol.QJournalProtocolProtos_ESTest" time="7.608" tests="121" errors="0" skipped="1" failures="0">
  <properties>
    <property name="awt.toolkit" value="sun.awt.X11.XToolkit"/>
    <property name="file.encoding.pkg" value="sun.io"/>
    <property name="java.specification.version" value="1.8"/>
    <property name="sun.cpu.isalist" value=""/>
    <property name="sun.jnu.encoding" value="UTF-8"/>
    <property name="java.class.path" value="/home/wtwhite/code/regression-test-generation-NON-SOURCE-EQUIV/find-diff-classes/compile/gaoss/org/apache/hadoop/hadoop-hdfs/3.4.0/target/test-classes:/home/wtwhite/code/regression-test-generation-NON-SOURCE-EQUIV/find-diff-classes/compile/gaoss/org/apache/hadoop/hadoop-hdfs/3.4.0/target/classes:/home/wtwhite/code/craw-redhat-oss/wget/crawl/google-aoss/org/apache/hadoop/hadoop-hdfs/3.4.0/hadoop-hdfs-3.4.0.jar:/home/wtwhite/code/regression-test-generation-NON-SOURCE-EQUIV/find-diff-classes/compile/gaoss/org/apache/hadoop/hadoop-hdfs/3.4.0/t/dependency/AppleJavaExtensions-1.4.jar:/home/wtwhite/code/regression-test-generation-NON-SOURCE-EQUIV/find-diff-classes/compile/gaoss/org/apache/hadoop/hadoop-hdfs/3.4.0/t/dependency/animal-sniffer-annotations-1.17.jar:/home/wtwhite/code/regression-test-generation-NON-SOURCE-EQUIV/find-diff-classes/compile/gaoss/org/apache/hadoop/hadoop-hdfs/3.4.0/t/dependency/apiguardian-api-1.1.2.jar:/home/wtwhite/code/regression-test-generation-NON-SOURCE-EQUIV/find-diff-classes/compile/gaoss/org/apache/hadoop/hadoop-hdfs/3.4.0/t/dependency/asm-5.0.4.jar:/home/wtwhite/code/regression-test-generation-NON-SOURCE-EQUIV/find-diff-classes/compile/gaoss/org/apache/hadoop/hadoop-hdfs/3.4.0/t/dependency/asm-commons-5.0.2.jar:/home/wtwhite/code/regression-test-generation-NON-SOURCE-EQUIV/find-diff-classes/compile/gaoss/org/apache/hadoop/hadoop-hdfs/3.4.0/t/dependency/asm-debug-all-5.0.2.jar:/home/wtwhite/code/regression-test-generation-NON-SOURCE-EQUIV/find-diff-classes/compile/gaoss/org/apache/hadoop/hadoop-hdfs/3.4.0/t/dependency/asm-tree-5.0.2.jar:/home/wtwhite/code/regression-test-generation-NON-SOURCE-EQUIV/find-diff-classes/compile/gaoss/org/apache/hadoop/hadoop-hdfs/3.4.0/t/dependency/assertj-core-3.12.2.jar:/home/wtwhite/code/regression-test-generation-NON-SOURCE-EQUIV/find-diff-classes/compile/gaoss/org/apache/hadoop/hadoop-hdfs/3.4.0/t/dependency/audience-annotations-0.12.0.jar:/home/wtwhite/code/regression-test-generation-NON-SOURCE-EQUIV/find-diff-classes/compile/gaoss/org/apache/hadoop/hadoop-hdfs/3.4.0/t/dependency/avro-1.9.2.jar:/home/wtwhite/code/regression-test-generation-NON-SOURCE-EQUIV/find-diff-classes/compile/gaoss/org/apache/hadoop/hadoop-hdfs/3.4.0/t/dependency/bcel-findbugs-6.0.jar:/home/wtwhite/code/regression-test-generation-NON-SOURCE-EQUIV/find-diff-classes/compile/gaoss/org/apache/hadoop/hadoop-hdfs/3.4.0/t/dependency/bcprov-jdk15on-1.70.jar:/home/wtwhite/code/regression-test-generation-NON-SOURCE-EQUIV/find-diff-classes/compile/gaoss/org/apache/hadoop/hadoop-hdfs/3.4.0/t/dependency/byte-buddy-1.9.10.jar:/home/wtwhite/code/regression-test-generation-NON-SOURCE-EQUIV/find-diff-classes/compile/gaoss/org/apache/hadoop/hadoop-hdfs/3.4.0/t/dependency/byte-buddy-agent-1.9.10.jar:/home/wtwhite/code/regression-test-generation-NON-SOURCE-EQUIV/find-diff-classes/compile/gaoss/org/apache/hadoop/hadoop-hdfs/3.4.0/t/dependency/checker-qual-2.5.2.jar:/home/wtwhite/code/regression-test-generation-NON-SOURCE-EQUIV/find-diff-classes/compile/gaoss/org/apache/hadoop/hadoop-hdfs/3.4.0/t/dependency/commons-beanutils-1.9.4.jar:/home/wtwhite/code/regression-test-generation-NON-SOURCE-EQUIV/find-diff-classes/compile/gaoss/org/apache/hadoop/hadoop-hdfs/3.4.0/t/dependency/commons-cli-1.5.0.jar:/home/wtwhite/code/regression-test-generation-NON-SOURCE-EQUIV/find-diff-classes/compile/gaoss/org/apache/hadoop/hadoop-hdfs/3.4.0/t/dependency/commons-codec-1.15.jar:/home/wtwhite/code/regression-test-generation-NON-SOURCE-EQUIV/find-diff-classes/compile/gaoss/org/apache/hadoop/hadoop-hdfs/3.4.0/t/dependency/commons-collections-3.2.2.jar:/home/wtwhite/code/regression-test-generation-NON-SOURCE-EQUIV/find-diff-classes/compile/gaoss/org/apache/hadoop/hadoop-hdfs/3.4.0/t/dependency/commons-compress-1.24.0.jar:/home/wtwhite/code/regression-test-generation-NON-SOURCE-EQUIV/find-diff-classes/compile/gaoss/org/apache/hadoop/hadoop-hdfs/3.4.0/t/dependency/commons-configuration2-2.8.0.jar:/home/wtwhite/code/regression-test-generation-NON-SOURCE-EQUIV/find-diff-classes/compile/gaoss/org/apache/hadoop/hadoop-hdfs/3.4.0/t/dependency/commons-daemon-1.0.13.jar:/home/wtwhite/code/regression-test-generation-NON-SOURCE-EQUIV/find-diff-classes/compile/gaoss/org/apache/hadoop/hadoop-hdfs/3.4.0/t/dependency/commons-io-2.14.0.jar:/home/wtwhite/code/regression-test-generation-NON-SOURCE-EQUIV/find-diff-classes/compile/gaoss/org/apache/hadoop/hadoop-hdfs/3.4.0/t/dependency/commons-lang-2.6.jar:/home/wtwhite/code/regression-test-generation-NON-SOURCE-EQUIV/find-diff-classes/compile/gaoss/org/apache/hadoop/hadoop-hdfs/3.4.0/t/dependency/commons-lang3-3.12.0.jar:/home/wtwhite/code/regression-test-generation-NON-SOURCE-EQUIV/find-diff-classes/compile/gaoss/org/apache/hadoop/hadoop-hdfs/3.4.0/t/dependency/commons-logging-1.2.jar:/home/wtwhite/code/regression-test-generation-NON-SOURCE-EQUIV/find-diff-classes/compile/gaoss/org/apache/hadoop/hadoop-hdfs/3.4.0/t/dependency/commons-math3-3.6.1.jar:/home/wtwhite/code/regression-test-generation-NON-SOURCE-EQUIV/find-diff-classes/compile/gaoss/org/apache/hadoop/hadoop-hdfs/3.4.0/t/dependency/commons-net-3.9.0.jar:/home/wtwhite/code/regression-test-generation-NON-SOURCE-EQUIV/find-diff-classes/compile/gaoss/org/apache/hadoop/hadoop-hdfs/3.4.0/t/dependency/commons-text-1.10.0.jar:/home/wtwhite/code/regression-test-generation-NON-SOURCE-EQUIV/find-diff-classes/compile/gaoss/org/apache/hadoop/hadoop-hdfs/3.4.0/t/dependency/curator-client-5.2.0.jar:/home/wtwhite/code/regression-test-generation-NON-SOURCE-EQUIV/find-diff-classes/compile/gaoss/org/apache/hadoop/hadoop-hdfs/3.4.0/t/dependency/curator-framework-5.2.0.jar:/home/wtwhite/code/regression-test-generation-NON-SOURCE-EQUIV/find-diff-classes/compile/gaoss/org/apache/hadoop/hadoop-hdfs/3.4.0/t/dependency/curator-recipes-5.2.0.jar:/home/wtwhite/code/regression-test-generation-NON-SOURCE-EQUIV/find-diff-classes/compile/gaoss/org/apache/hadoop/hadoop-hdfs/3.4.0/t/dependency/curator-test-5.2.0.jar:/home/wtwhite/code/regression-test-generation-NON-SOURCE-EQUIV/find-diff-classes/compile/gaoss/org/apache/hadoop/hadoop-hdfs/3.4.0/t/dependency/dnsjava-3.4.0.jar:/home/wtwhite/code/regression-test-generation-NON-SOURCE-EQUIV/find-diff-classes/compile/gaoss/org/apache/hadoop/hadoop-hdfs/3.4.0/t/dependency/dom4j-1.6.1.jar:/home/wtwhite/code/regression-test-generation-NON-SOURCE-EQUIV/find-diff-classes/compile/gaoss/org/apache/hadoop/hadoop-hdfs/3.4.0/t/dependency/failureaccess-1.0.jar:/home/wtwhite/code/regression-test-generation-NON-SOURCE-EQUIV/find-diff-classes/compile/gaoss/org/apache/hadoop/hadoop-hdfs/3.4.0/t/dependency/findbugs-3.0.1.jar:/home/wtwhite/code/regression-test-generation-NON-SOURCE-EQUIV/find-diff-classes/compile/gaoss/org/apache/hadoop/hadoop-hdfs/3.4.0/t/dependency/gson-2.9.0.jar:/home/wtwhite/code/regression-test-generation-NON-SOURCE-EQUIV/find-diff-classes/compile/gaoss/org/apache/hadoop/hadoop-hdfs/3.4.0/t/dependency/guava-27.0-jre.jar:/home/wtwhite/code/regression-test-generation-NON-SOURCE-EQUIV/find-diff-classes/compile/gaoss/org/apache/hadoop/hadoop-hdfs/3.4.0/t/dependency/hadoop-annotations-3.4.0.jar:/home/wtwhite/code/regression-test-generation-NON-SOURCE-EQUIV/find-diff-classes/compile/gaoss/org/apache/hadoop/hadoop-hdfs/3.4.0/t/dependency/hadoop-auth-3.4.0.jar:/home/wtwhite/code/regression-test-generation-NON-SOURCE-EQUIV/find-diff-classes/compile/gaoss/org/apache/hadoop/hadoop-hdfs/3.4.0/t/dependency/hadoop-common-3.4.0-tests.jar:/home/wtwhite/code/regression-test-generation-NON-SOURCE-EQUIV/find-diff-classes/compile/gaoss/org/apache/hadoop/hadoop-hdfs/3.4.0/t/dependency/hadoop-common-3.4.0.jar:/home/wtwhite/code/regression-test-generation-NON-SOURCE-EQUIV/find-diff-classes/compile/gaoss/org/apache/hadoop/hadoop-hdfs/3.4.0/t/dependency/hadoop-hdfs-client-3.4.0.jar:/home/wtwhite/code/regression-test-generation-NON-SOURCE-EQUIV/find-diff-classes/compile/gaoss/org/apache/hadoop/hadoop-hdfs/3.4.0/t/dependency/hadoop-kms-3.4.0-tests.jar:/home/wtwhite/code/regression-test-generation-NON-SOURCE-EQUIV/find-diff-classes/compile/gaoss/org/apache/hadoop/hadoop-hdfs/3.4.0/t/dependency/hadoop-kms-3.4.0.jar:/home/wtwhite/code/regression-test-generation-NON-SOURCE-EQUIV/find-diff-classes/compile/gaoss/org/apache/hadoop/hadoop-hdfs/3.4.0/t/dependency/hadoop-minikdc-3.4.0.jar:/home/wtwhite/code/regression-test-generation-NON-SOURCE-EQUIV/find-diff-classes/compile/gaoss/org/apache/hadoop/hadoop-hdfs/3.4.0/t/dependency/hadoop-shaded-guava-1.2.0.jar:/home/wtwhite/code/regression-test-generation-NON-SOURCE-EQUIV/find-diff-classes/compile/gaoss/org/apache/hadoop/hadoop-hdfs/3.4.0/t/dependency/hadoop-shaded-protobuf_3_21-1.2.0.jar:/home/wtwhite/code/regression-test-generation-NON-SOURCE-EQUIV/find-diff-classes/compile/gaoss/org/apache/hadoop/hadoop-hdfs/3.4.0/t/dependency/hamcrest-core-1.3.jar:/home/wtwhite/code/regression-test-generation-NON-SOURCE-EQUIV/find-diff-classes/compile/gaoss/org/apache/hadoop/hadoop-hdfs/3.4.0/t/dependency/httpclient-4.5.13.jar:/home/wtwhite/code/regression-test-generation-NON-SOURCE-EQUIV/find-diff-classes/compile/gaoss/org/apache/hadoop/hadoop-hdfs/3.4.0/t/dependency/httpcore-4.4.13.jar:/home/wtwhite/code/regression-test-generation-NON-SOURCE-EQUIV/find-diff-classes/compile/gaoss/org/apache/hadoop/hadoop-hdfs/3.4.0/t/dependency/j2objc-annotations-1.1.jar:/home/wtwhite/code/regression-test-generation-NON-SOURCE-EQUIV/find-diff-classes/compile/gaoss/org/apache/hadoop/hadoop-hdfs/3.4.0/t/dependency/jFormatString-2.0.1.jar:/home/wtwhite/code/regression-test-generation-NON-SOURCE-EQUIV/find-diff-classes/compile/gaoss/org/apache/hadoop/hadoop-hdfs/3.4.0/t/dependency/jackson-annotations-2.12.7.jar:/home/wtwhite/code/regression-test-generation-NON-SOURCE-EQUIV/find-diff-classes/compile/gaoss/org/apache/hadoop/hadoop-hdfs/3.4.0/t/dependency/jackson-core-2.12.7.jar:/home/wtwhite/code/regression-test-generation-NON-SOURCE-EQUIV/find-diff-classes/compile/gaoss/org/apache/hadoop/hadoop-hdfs/3.4.0/t/dependency/jackson-databind-2.12.7.1.jar:/home/wtwhite/code/regression-test-generation-NON-SOURCE-EQUIV/find-diff-classes/compile/gaoss/org/apache/hadoop/hadoop-hdfs/3.4.0/t/dependency/jakarta.activation-api-1.2.1.jar:/home/wtwhite/code/regression-test-generation-NON-SOURCE-EQUIV/find-diff-classes/compile/gaoss/org/apache/hadoop/hadoop-hdfs/3.4.0/t/dependency/javax.servlet-api-3.1.0.jar:/home/wtwhite/code/regression-test-generation-NON-SOURCE-EQUIV/find-diff-classes/compile/gaoss/org/apache/hadoop/hadoop-hdfs/3.4.0/t/dependency/jaxb-api-2.2.11.jar:/home/wtwhite/code/regression-test-generation-NON-SOURCE-EQUIV/find-diff-classes/compile/gaoss/org/apache/hadoop/hadoop-hdfs/3.4.0/t/dependency/jaxb-impl-2.2.3-1.jar:/home/wtwhite/code/regression-test-generation-NON-SOURCE-EQUIV/find-diff-classes/compile/gaoss/org/apache/hadoop/hadoop-hdfs/3.4.0/t/dependency/jaxen-1.1.6.jar:/home/wtwhite/code/regression-test-generation-NON-SOURCE-EQUIV/find-diff-classes/compile/gaoss/org/apache/hadoop/hadoop-hdfs/3.4.0/t/dependency/jcip-annotations-1.0-1.jar:/home/wtwhite/code/regression-test-generation-NON-SOURCE-EQUIV/find-diff-classes/compile/gaoss/org/apache/hadoop/hadoop-hdfs/3.4.0/t/dependency/jcip-annotations-1.0.jar:/home/wtwhite/code/regression-test-generation-NON-SOURCE-EQUIV/find-diff-classes/compile/gaoss/org/apache/hadoop/hadoop-hdfs/3.4.0/t/dependency/jdk.tools-1.8.jar:/home/wtwhite/code/regression-test-generation-NON-SOURCE-EQUIV/find-diff-classes/compile/gaoss/org/apache/hadoop/hadoop-hdfs/3.4.0/t/dependency/jersey-core-1.19.4.jar:/home/wtwhite/code/regression-test-generation-NON-SOURCE-EQUIV/find-diff-classes/compile/gaoss/org/apache/hadoop/hadoop-hdfs/3.4.0/t/dependency/jersey-json-1.20.jar:/home/wtwhite/code/regression-test-generation-NON-SOURCE-EQUIV/find-diff-classes/compile/gaoss/org/apache/hadoop/hadoop-hdfs/3.4.0/t/dependency/jersey-server-1.19.4.jar:/home/wtwhite/code/regression-test-generation-NON-SOURCE-EQUIV/find-diff-classes/compile/gaoss/org/apache/hadoop/hadoop-hdfs/3.4.0/t/dependency/jersey-servlet-1.19.4.jar:/home/wtwhite/code/regression-test-generation-NON-SOURCE-EQUIV/find-diff-classes/compile/gaoss/org/apache/hadoop/hadoop-hdfs/3.4.0/t/dependency/jettison-1.5.4.jar:/home/wtwhite/code/regression-test-generation-NON-SOURCE-EQUIV/find-diff-classes/compile/gaoss/org/apache/hadoop/hadoop-hdfs/3.4.0/t/dependency/jetty-http-9.4.53.v20231009.jar:/home/wtwhite/code/regression-test-generation-NON-SOURCE-EQUIV/find-diff-classes/compile/gaoss/org/apache/hadoop/hadoop-hdfs/3.4.0/t/dependency/jetty-io-9.4.53.v20231009.jar:/home/wtwhite/code/regression-test-generation-NON-SOURCE-EQUIV/find-diff-classes/compile/gaoss/org/apache/hadoop/hadoop-hdfs/3.4.0/t/dependency/jetty-security-9.4.53.v20231009.jar:/home/wtwhite/code/regression-test-generation-NON-SOURCE-EQUIV/find-diff-classes/compile/gaoss/org/apache/hadoop/hadoop-hdfs/3.4.0/t/dependency/jetty-server-9.4.53.v20231009.jar:/home/wtwhite/code/regression-test-generation-NON-SOURCE-EQUIV/find-diff-classes/compile/gaoss/org/apache/hadoop/hadoop-hdfs/3.4.0/t/dependency/jetty-servlet-9.4.53.v20231009.jar:/home/wtwhite/code/regression-test-generation-NON-SOURCE-EQUIV/find-diff-classes/compile/gaoss/org/apache/hadoop/hadoop-hdfs/3.4.0/t/dependency/jetty-util-9.4.53.v20231009.jar:/home/wtwhite/code/regression-test-generation-NON-SOURCE-EQUIV/find-diff-classes/compile/gaoss/org/apache/hadoop/hadoop-hdfs/3.4.0/t/dependency/jetty-util-ajax-9.4.53.v20231009.jar:/home/wtwhite/code/regression-test-generation-NON-SOURCE-EQUIV/find-diff-classes/compile/gaoss/org/apache/hadoop/hadoop-hdfs/3.4.0/t/dependency/jetty-webapp-9.4.53.v20231009.jar:/home/wtwhite/code/regression-test-generation-NON-SOURCE-EQUIV/find-diff-classes/compile/gaoss/org/apache/hadoop/hadoop-hdfs/3.4.0/t/dependency/jetty-xml-9.4.53.v20231009.jar:/home/wtwhite/code/regression-test-generation-NON-SOURCE-EQUIV/find-diff-classes/compile/gaoss/org/apache/hadoop/hadoop-hdfs/3.4.0/t/dependency/jline-3.9.0.jar:/home/wtwhite/code/regression-test-generation-NON-SOURCE-EQUIV/find-diff-classes/compile/gaoss/org/apache/hadoop/hadoop-hdfs/3.4.0/t/dependency/jsch-0.1.55.jar:/home/wtwhite/code/regression-test-generation-NON-SOURCE-EQUIV/find-diff-classes/compile/gaoss/org/apache/hadoop/hadoop-hdfs/3.4.0/t/dependency/jsp-api-2.1.jar:/home/wtwhite/code/regression-test-generation-NON-SOURCE-EQUIV/find-diff-classes/compile/gaoss/org/apache/hadoop/hadoop-hdfs/3.4.0/t/dependency/jsr305-3.0.2.jar:/home/wtwhite/code/regression-test-generation-NON-SOURCE-EQUIV/find-diff-classes/compile/gaoss/org/apache/hadoop/hadoop-hdfs/3.4.0/t/dependency/jsr311-api-1.1.1.jar:/home/wtwhite/code/regression-test-generation-NON-SOURCE-EQUIV/find-diff-classes/compile/gaoss/org/apache/hadoop/hadoop-hdfs/3.4.0/t/dependency/jul-to-slf4j-1.7.36.jar:/home/wtwhite/code/regression-test-generation-NON-SOURCE-EQUIV/find-diff-classes/compile/gaoss/org/apache/hadoop/hadoop-hdfs/3.4.0/t/dependency/junit-4.13.2.jar:/home/wtwhite/code/regression-test-generation-NON-SOURCE-EQUIV/find-diff-classes/compile/gaoss/org/apache/hadoop/hadoop-hdfs/3.4.0/t/dependency/junit-jupiter-api-5.8.2.jar:/home/wtwhite/code/regression-test-generation-NON-SOURCE-EQUIV/find-diff-classes/compile/gaoss/org/apache/hadoop/hadoop-hdfs/3.4.0/t/dependency/junit-platform-commons-1.8.2.jar:/home/wtwhite/code/regression-test-generation-NON-SOURCE-EQUIV/find-diff-classes/compile/gaoss/org/apache/hadoop/hadoop-hdfs/3.4.0/t/dependency/kerb-admin-2.0.3.jar:/home/wtwhite/code/regression-test-generation-NON-SOURCE-EQUIV/find-diff-classes/compile/gaoss/org/apache/hadoop/hadoop-hdfs/3.4.0/t/dependency/kerb-client-2.0.3.jar:/home/wtwhite/code/regression-test-generation-NON-SOURCE-EQUIV/find-diff-classes/compile/gaoss/org/apache/hadoop/hadoop-hdfs/3.4.0/t/dependency/kerb-common-2.0.3.jar:/home/wtwhite/code/regression-test-generation-NON-SOURCE-EQUIV/find-diff-classes/compile/gaoss/org/apache/hadoop/hadoop-hdfs/3.4.0/t/dependency/kerb-core-2.0.3.jar:/home/wtwhite/code/regression-test-generation-NON-SOURCE-EQUIV/find-diff-classes/compile/gaoss/org/apache/hadoop/hadoop-hdfs/3.4.0/t/dependency/kerb-crypto-2.0.3.jar:/home/wtwhite/code/regression-test-generation-NON-SOURCE-EQUIV/find-diff-classes/compile/gaoss/org/apache/hadoop/hadoop-hdfs/3.4.0/t/dependency/kerb-identity-2.0.3.jar:/home/wtwhite/code/regression-test-generation-NON-SOURCE-EQUIV/find-diff-classes/compile/gaoss/org/apache/hadoop/hadoop-hdfs/3.4.0/t/dependency/kerb-server-2.0.3.jar:/home/wtwhite/code/regression-test-generation-NON-SOURCE-EQUIV/find-diff-classes/compile/gaoss/org/apache/hadoop/hadoop-hdfs/3.4.0/t/dependency/kerb-simplekdc-2.0.3.jar:/home/wtwhite/code/regression-test-generation-NON-SOURCE-EQUIV/find-diff-classes/compile/gaoss/org/apache/hadoop/hadoop-hdfs/3.4.0/t/dependency/kerb-util-2.0.3.jar:/home/wtwhite/code/regression-test-generation-NON-SOURCE-EQUIV/find-diff-classes/compile/gaoss/org/apache/hadoop/hadoop-hdfs/3.4.0/t/dependency/kerby-asn1-2.0.3.jar:/home/wtwhite/code/regression-test-generation-NON-SOURCE-EQUIV/find-diff-classes/compile/gaoss/org/apache/hadoop/hadoop-hdfs/3.4.0/t/dependency/kerby-config-2.0.3.jar:/home/wtwhite/code/regression-test-generation-NON-SOURCE-EQUIV/find-diff-classes/compile/gaoss/org/apache/hadoop/hadoop-hdfs/3.4.0/t/dependency/kerby-pkix-2.0.3.jar:/home/wtwhite/code/regression-test-generation-NON-SOURCE-EQUIV/find-diff-classes/compile/gaoss/org/apache/hadoop/hadoop-hdfs/3.4.0/t/dependency/kerby-util-2.0.3.jar:/home/wtwhite/code/regression-test-generation-NON-SOURCE-EQUIV/find-diff-classes/compile/gaoss/org/apache/hadoop/hadoop-hdfs/3.4.0/t/dependency/kerby-xdr-2.0.3.jar:/home/wtwhite/code/regression-test-generation-NON-SOURCE-EQUIV/find-diff-classes/compile/gaoss/org/apache/hadoop/hadoop-hdfs/3.4.0/t/dependency/leveldbjni-all-1.8.jar:/home/wtwhite/code/regression-test-generation-NON-SOURCE-EQUIV/find-diff-classes/compile/gaoss/org/apache/hadoop/hadoop-hdfs/3.4.0/t/dependency/listenablefuture-9999.0-empty-to-avoid-conflict-with-guava.jar:/home/wtwhite/code/regression-test-generation-NON-SOURCE-EQUIV/find-diff-classes/compile/gaoss/org/apache/hadoop/hadoop-hdfs/3.4.0/t/dependency/lz4-java-1.7.1.jar:/home/wtwhite/code/regression-test-generation-NON-SOURCE-EQUIV/find-diff-classes/compile/gaoss/org/apache/hadoop/hadoop-hdfs/3.4.0/t/dependency/metrics-core-3.2.4.jar:/home/wtwhite/code/regression-test-generation-NON-SOURCE-EQUIV/find-diff-classes/compile/gaoss/org/apache/hadoop/hadoop-hdfs/3.4.0/t/dependency/mockito-core-2.28.2.jar:/home/wtwhite/code/regression-test-generation-NON-SOURCE-EQUIV/find-diff-classes/compile/gaoss/org/apache/hadoop/hadoop-hdfs/3.4.0/t/dependency/netty-all-4.1.100.Final.jar:/home/wtwhite/code/regression-test-generation-NON-SOURCE-EQUIV/find-diff-classes/compile/gaoss/org/apache/hadoop/hadoop-hdfs/3.4.0/t/dependency/netty-buffer-4.1.100.Final.jar:/home/wtwhite/code/regression-test-generation-NON-SOURCE-EQUIV/find-diff-classes/compile/gaoss/org/apache/hadoop/hadoop-hdfs/3.4.0/t/dependency/netty-codec-4.1.100.Final.jar:/home/wtwhite/code/regression-test-generation-NON-SOURCE-EQUIV/find-diff-classes/compile/gaoss/org/apache/hadoop/hadoop-hdfs/3.4.0/t/dependency/netty-codec-dns-4.1.100.Final.jar:/home/wtwhite/code/regression-test-generation-NON-SOURCE-EQUIV/find-diff-classes/compile/gaoss/org/apache/hadoop/hadoop-hdfs/3.4.0/t/dependency/netty-codec-haproxy-4.1.100.Final.jar:/home/wtwhite/code/regression-test-generation-NON-SOURCE-EQUIV/find-diff-classes/compile/gaoss/org/apache/hadoop/hadoop-hdfs/3.4.0/t/dependency/netty-codec-http-4.1.100.Final.jar:/home/wtwhite/code/regression-test-generation-NON-SOURCE-EQUIV/find-diff-classes/compile/gaoss/org/apache/hadoop/hadoop-hdfs/3.4.0/t/dependency/netty-codec-http2-4.1.100.Final.jar:/home/wtwhite/code/regression-test-generation-NON-SOURCE-EQUIV/find-diff-classes/compile/gaoss/org/apache/hadoop/hadoop-hdfs/3.4.0/t/dependency/netty-codec-memcache-4.1.100.Final.jar:/home/wtwhite/code/regression-test-generation-NON-SOURCE-EQUIV/find-diff-classes/compile/gaoss/org/apache/hadoop/hadoop-hdfs/3.4.0/t/dependency/netty-codec-mqtt-4.1.100.Final.jar:/home/wtwhite/code/regression-test-generation-NON-SOURCE-EQUIV/find-diff-classes/compile/gaoss/org/apache/hadoop/hadoop-hdfs/3.4.0/t/dependency/netty-codec-redis-4.1.100.Final.jar:/home/wtwhite/code/regression-test-generation-NON-SOURCE-EQUIV/find-diff-classes/compile/gaoss/org/apache/hadoop/hadoop-hdfs/3.4.0/t/dependency/netty-codec-smtp-4.1.100.Final.jar:/home/wtwhite/code/regression-test-generation-NON-SOURCE-EQUIV/find-diff-classes/compile/gaoss/org/apache/hadoop/hadoop-hdfs/3.4.0/t/dependency/netty-codec-socks-4.1.100.Final.jar:/home/wtwhite/code/regression-test-generation-NON-SOURCE-EQUIV/find-diff-classes/compile/gaoss/org/apache/hadoop/hadoop-hdfs/3.4.0/t/dependency/netty-codec-stomp-4.1.100.Final.jar:/home/wtwhite/code/regression-test-generation-NON-SOURCE-EQUIV/find-diff-classes/compile/gaoss/org/apache/hadoop/hadoop-hdfs/3.4.0/t/dependency/netty-codec-xml-4.1.100.Final.jar:/home/wtwhite/code/regression-test-generation-NON-SOURCE-EQUIV/find-diff-classes/compile/gaoss/org/apache/hadoop/hadoop-hdfs/3.4.0/t/dependency/netty-common-4.1.100.Final.jar:/home/wtwhite/code/regression-test-generation-NON-SOURCE-EQUIV/find-diff-classes/compile/gaoss/org/apache/hadoop/hadoop-hdfs/3.4.0/t/dependency/netty-handler-4.1.100.Final.jar:/home/wtwhite/code/regression-test-generation-NON-SOURCE-EQUIV/find-diff-classes/compile/gaoss/org/apache/hadoop/hadoop-hdfs/3.4.0/t/dependency/netty-handler-proxy-4.1.100.Final.jar:/home/wtwhite/code/regression-test-generation-NON-SOURCE-EQUIV/find-diff-classes/compile/gaoss/org/apache/hadoop/hadoop-hdfs/3.4.0/t/dependency/netty-handler-ssl-ocsp-4.1.100.Final.jar:/home/wtwhite/code/regression-test-generation-NON-SOURCE-EQUIV/find-diff-classes/compile/gaoss/org/apache/hadoop/hadoop-hdfs/3.4.0/t/dependency/netty-resolver-4.1.100.Final.jar:/home/wtwhite/code/regression-test-generation-NON-SOURCE-EQUIV/find-diff-classes/compile/gaoss/org/apache/hadoop/hadoop-hdfs/3.4.0/t/dependency/netty-resolver-dns-4.1.100.Final.jar:/home/wtwhite/code/regression-test-generation-NON-SOURCE-EQUIV/find-diff-classes/compile/gaoss/org/apache/hadoop/hadoop-hdfs/3.4.0/t/dependency/netty-resolver-dns-classes-macos-4.1.100.Final.jar:/home/wtwhite/code/regression-test-generation-NON-SOURCE-EQUIV/find-diff-classes/compile/gaoss/org/apache/hadoop/hadoop-hdfs/3.4.0/t/dependency/netty-resolver-dns-native-macos-4.1.100.Final-osx-aarch_64.jar:/home/wtwhite/code/regression-test-generation-NON-SOURCE-EQUIV/find-diff-classes/compile/gaoss/org/apache/hadoop/hadoop-hdfs/3.4.0/t/dependency/netty-resolver-dns-native-macos-4.1.100.Final-osx-x86_64.jar:/home/wtwhite/code/regression-test-generation-NON-SOURCE-EQUIV/find-diff-classes/compile/gaoss/org/apache/hadoop/hadoop-hdfs/3.4.0/t/dependency/netty-transport-4.1.100.Final.jar:/home/wtwhite/code/regression-test-generation-NON-SOURCE-EQUIV/find-diff-classes/compile/gaoss/org/apache/hadoop/hadoop-hdfs/3.4.0/t/dependency/netty-transport-classes-epoll-4.1.100.Final.jar:/home/wtwhite/code/regression-test-generation-NON-SOURCE-EQUIV/find-diff-classes/compile/gaoss/org/apache/hadoop/hadoop-hdfs/3.4.0/t/dependency/netty-transport-classes-kqueue-4.1.100.Final.jar:/home/wtwhite/code/regression-test-generation-NON-SOURCE-EQUIV/find-diff-classes/compile/gaoss/org/apache/hadoop/hadoop-hdfs/3.4.0/t/dependency/netty-transport-native-epoll-4.1.100.Final-linux-aarch_64.jar:/home/wtwhite/code/regression-test-generation-NON-SOURCE-EQUIV/find-diff-classes/compile/gaoss/org/apache/hadoop/hadoop-hdfs/3.4.0/t/dependency/netty-transport-native-epoll-4.1.100.Final-linux-x86_64.jar:/home/wtwhite/code/regression-test-generation-NON-SOURCE-EQUIV/find-diff-classes/compile/gaoss/org/apache/hadoop/hadoop-hdfs/3.4.0/t/dependency/netty-transport-native-epoll-4.1.100.Final.jar:/home/wtwhite/code/regression-test-generation-NON-SOURCE-EQUIV/find-diff-classes/compile/gaoss/org/apache/hadoop/hadoop-hdfs/3.4.0/t/dependency/netty-transport-native-kqueue-4.1.100.Final-osx-aarch_64.jar:/home/wtwhite/code/regression-test-generation-NON-SOURCE-EQUIV/find-diff-classes/compile/gaoss/org/apache/hadoop/hadoop-hdfs/3.4.0/t/dependency/netty-transport-native-kqueue-4.1.100.Final-osx-x86_64.jar:/home/wtwhite/code/regression-test-generation-NON-SOURCE-EQUIV/find-diff-classes/compile/gaoss/org/apache/hadoop/hadoop-hdfs/3.4.0/t/dependency/netty-transport-native-unix-common-4.1.100.Final.jar:/home/wtwhite/code/regression-test-generation-NON-SOURCE-EQUIV/find-diff-classes/compile/gaoss/org/apache/hadoop/hadoop-hdfs/3.4.0/t/dependency/netty-transport-rxtx-4.1.100.Final.jar:/home/wtwhite/code/regression-test-generation-NON-SOURCE-EQUIV/find-diff-classes/compile/gaoss/org/apache/hadoop/hadoop-hdfs/3.4.0/t/dependency/netty-transport-sctp-4.1.100.Final.jar:/home/wtwhite/code/regression-test-generation-NON-SOURCE-EQUIV/find-diff-classes/compile/gaoss/org/apache/hadoop/hadoop-hdfs/3.4.0/t/dependency/netty-transport-udt-4.1.100.Final.jar:/home/wtwhite/code/regression-test-generation-NON-SOURCE-EQUIV/find-diff-classes/compile/gaoss/org/apache/hadoop/hadoop-hdfs/3.4.0/t/dependency/nimbus-jose-jwt-9.31.jar:/home/wtwhite/code/regression-test-generation-NON-SOURCE-EQUIV/find-diff-classes/compile/gaoss/org/apache/hadoop/hadoop-hdfs/3.4.0/t/dependency/objenesis-2.6.jar:/home/wtwhite/code/regression-test-generation-NON-SOURCE-EQUIV/find-diff-classes/compile/gaoss/org/apache/hadoop/hadoop-hdfs/3.4.0/t/dependency/opentest4j-1.2.0.jar:/home/wtwhite/code/regression-test-generation-NON-SOURCE-EQUIV/find-diff-classes/compile/gaoss/org/apache/hadoop/hadoop-hdfs/3.4.0/t/dependency/protobuf-java-2.5.0.jar:/home/wtwhite/code/regression-test-generation-NON-SOURCE-EQUIV/find-diff-classes/compile/gaoss/org/apache/hadoop/hadoop-hdfs/3.4.0/t/dependency/re2j-1.1.jar:/home/wtwhite/code/regression-test-generation-NON-SOURCE-EQUIV/find-diff-classes/compile/gaoss/org/apache/hadoop/hadoop-hdfs/3.4.0/t/dependency/reload4j-1.2.22.jar:/home/wtwhite/code/regression-test-generation-NON-SOURCE-EQUIV/find-diff-classes/compile/gaoss/org/apache/hadoop/hadoop-hdfs/3.4.0/t/dependency/slf4j-api-1.7.36.jar:/home/wtwhite/code/regression-test-generation-NON-SOURCE-EQUIV/find-diff-classes/compile/gaoss/org/apache/hadoop/hadoop-hdfs/3.4.0/t/dependency/slf4j-reload4j-1.7.36.jar:/home/wtwhite/code/regression-test-generation-NON-SOURCE-EQUIV/find-diff-classes/compile/gaoss/org/apache/hadoop/hadoop-hdfs/3.4.0/t/dependency/snappy-java-1.1.10.4.jar:/home/wtwhite/code/regression-test-generation-NON-SOURCE-EQUIV/find-diff-classes/compile/gaoss/org/apache/hadoop/hadoop-hdfs/3.4.0/t/dependency/stax2-api-4.2.1.jar:/home/wtwhite/code/regression-test-generation-NON-SOURCE-EQUIV/find-diff-classes/compile/gaoss/org/apache/hadoop/hadoop-hdfs/3.4.0/t/dependency/token-provider-2.0.3.jar:/home/wtwhite/code/regression-test-generation-NON-SOURCE-EQUIV/find-diff-classes/compile/gaoss/org/apache/hadoop/hadoop-hdfs/3.4.0/t/dependency/woodstox-core-5.4.0.jar:/home/wtwhite/code/regression-test-generation-NON-SOURCE-EQUIV/find-diff-classes/compile/gaoss/org/apache/hadoop/hadoop-hdfs/3.4.0/t/dependency/zookeeper-3.8.3-tests.jar:/home/wtwhite/code/regression-test-generation-NON-SOURCE-EQUIV/find-diff-classes/compile/gaoss/org/apache/hadoop/hadoop-hdfs/3.4.0/t/dependency/zookeeper-3.8.3.jar:/home/wtwhite/code/regression-test-generation-NON-SOURCE-EQUIV/find-diff-classes/compile/gaoss/org/apache/hadoop/hadoop-hdfs/3.4.0/t/dependency/zookeeper-jute-3.8.3.jar:/home/wtwhite/code/regression-test-generation/evosuite/evosuite-standalone-runtime-1.2.0.jar:/home/wtwhite/.m2/repository/junit/junit/4.13.2/junit-4.13.2.jar:/home/wtwhite/.m2/repository/org/hamcrest/hamcrest-core/1.3/hamcrest-core-1.3.jar:"/>
    <property name="java.vm.vendor" value="Private Build"/>
    <property name="sun.arch.data.model" value="64"/>
    <property name="java.vendor.url" value="http://java.oracle.com/"/>
    <property name="user.timezone" value="Pacific/Auckland"/>
    <property name="java.vm.specification.version" value="1.8"/>
    <property name="os.name" value="Linux"/>
    <property name="RUNDIR" value="/home/wtwhite/code/regression-test-generation-NON-SOURCE-EQUIV/find-diff-classes/run-mvn"/>
    <property name="user.country" value="NZ"/>
    <property name="sun.java.launcher" value="SUN_STANDARD"/>
    <property name="sun.boot.library.path" value="/usr/lib/jvm/java-8-openjdk-amd64/jre/lib/amd64"/>
    <property name="sun.java.command" value="/home/wtwhite/code/regression-test-generation-NON-SOURCE-EQUIV/find-diff-classes/compile/gaoss/org/apache/hadoop/hadoop-hdfs/3.4.0/target/surefire/surefirebooter-20241112134217976_3.jar /home/wtwhite/code/regression-test-generation-NON-SOURCE-EQUIV/find-diff-classes/compile/gaoss/org/apache/hadoop/hadoop-hdfs/3.4.0/target/surefire 2024-11-12T13-42-17_849-jvmRun1 surefire-20241112134217976_1tmp surefire_0-20241112134217976_2tmp"/>
    <property name="surefire.test.class.path" value="/home/wtwhite/code/regression-test-generation-NON-SOURCE-EQUIV/find-diff-classes/compile/gaoss/org/apache/hadoop/hadoop-hdfs/3.4.0/target/test-classes:/home/wtwhite/code/regression-test-generation-NON-SOURCE-EQUIV/find-diff-classes/compile/gaoss/org/apache/hadoop/hadoop-hdfs/3.4.0/target/classes:/home/wtwhite/code/craw-redhat-oss/wget/crawl/google-aoss/org/apache/hadoop/hadoop-hdfs/3.4.0/hadoop-hdfs-3.4.0.jar:/home/wtwhite/code/regression-test-generation-NON-SOURCE-EQUIV/find-diff-classes/compile/gaoss/org/apache/hadoop/hadoop-hdfs/3.4.0/t/dependency/AppleJavaExtensions-1.4.jar:/home/wtwhite/code/regression-test-generation-NON-SOURCE-EQUIV/find-diff-classes/compile/gaoss/org/apache/hadoop/hadoop-hdfs/3.4.0/t/dependency/animal-sniffer-annotations-1.17.jar:/home/wtwhite/code/regression-test-generation-NON-SOURCE-EQUIV/find-diff-classes/compile/gaoss/org/apache/hadoop/hadoop-hdfs/3.4.0/t/dependency/apiguardian-api-1.1.2.jar:/home/wtwhite/code/regression-test-generation-NON-SOURCE-EQUIV/find-diff-classes/compile/gaoss/org/apache/hadoop/hadoop-hdfs/3.4.0/t/dependency/asm-5.0.4.jar:/home/wtwhite/code/regression-test-generation-NON-SOURCE-EQUIV/find-diff-classes/compile/gaoss/org/apache/hadoop/hadoop-hdfs/3.4.0/t/dependency/asm-commons-5.0.2.jar:/home/wtwhite/code/regression-test-generation-NON-SOURCE-EQUIV/find-diff-classes/compile/gaoss/org/apache/hadoop/hadoop-hdfs/3.4.0/t/dependency/asm-debug-all-5.0.2.jar:/home/wtwhite/code/regression-test-generation-NON-SOURCE-EQUIV/find-diff-classes/compile/gaoss/org/apache/hadoop/hadoop-hdfs/3.4.0/t/dependency/asm-tree-5.0.2.jar:/home/wtwhite/code/regression-test-generation-NON-SOURCE-EQUIV/find-diff-classes/compile/gaoss/org/apache/hadoop/hadoop-hdfs/3.4.0/t/dependency/assertj-core-3.12.2.jar:/home/wtwhite/code/regression-test-generation-NON-SOURCE-EQUIV/find-diff-classes/compile/gaoss/org/apache/hadoop/hadoop-hdfs/3.4.0/t/dependency/audience-annotations-0.12.0.jar:/home/wtwhite/code/regression-test-generation-NON-SOURCE-EQUIV/find-diff-classes/compile/gaoss/org/apache/hadoop/hadoop-hdfs/3.4.0/t/dependency/avro-1.9.2.jar:/home/wtwhite/code/regression-test-generation-NON-SOURCE-EQUIV/find-diff-classes/compile/gaoss/org/apache/hadoop/hadoop-hdfs/3.4.0/t/dependency/bcel-findbugs-6.0.jar:/home/wtwhite/code/regression-test-generation-NON-SOURCE-EQUIV/find-diff-classes/compile/gaoss/org/apache/hadoop/hadoop-hdfs/3.4.0/t/dependency/bcprov-jdk15on-1.70.jar:/home/wtwhite/code/regression-test-generation-NON-SOURCE-EQUIV/find-diff-classes/compile/gaoss/org/apache/hadoop/hadoop-hdfs/3.4.0/t/dependency/byte-buddy-1.9.10.jar:/home/wtwhite/code/regression-test-generation-NON-SOURCE-EQUIV/find-diff-classes/compile/gaoss/org/apache/hadoop/hadoop-hdfs/3.4.0/t/dependency/byte-buddy-agent-1.9.10.jar:/home/wtwhite/code/regression-test-generation-NON-SOURCE-EQUIV/find-diff-classes/compile/gaoss/org/apache/hadoop/hadoop-hdfs/3.4.0/t/dependency/checker-qual-2.5.2.jar:/home/wtwhite/code/regression-test-generation-NON-SOURCE-EQUIV/find-diff-classes/compile/gaoss/org/apache/hadoop/hadoop-hdfs/3.4.0/t/dependency/commons-beanutils-1.9.4.jar:/home/wtwhite/code/regression-test-generation-NON-SOURCE-EQUIV/find-diff-classes/compile/gaoss/org/apache/hadoop/hadoop-hdfs/3.4.0/t/dependency/commons-cli-1.5.0.jar:/home/wtwhite/code/regression-test-generation-NON-SOURCE-EQUIV/find-diff-classes/compile/gaoss/org/apache/hadoop/hadoop-hdfs/3.4.0/t/dependency/commons-codec-1.15.jar:/home/wtwhite/code/regression-test-generation-NON-SOURCE-EQUIV/find-diff-classes/compile/gaoss/org/apache/hadoop/hadoop-hdfs/3.4.0/t/dependency/commons-collections-3.2.2.jar:/home/wtwhite/code/regression-test-generation-NON-SOURCE-EQUIV/find-diff-classes/compile/gaoss/org/apache/hadoop/hadoop-hdfs/3.4.0/t/dependency/commons-compress-1.24.0.jar:/home/wtwhite/code/regression-test-generation-NON-SOURCE-EQUIV/find-diff-classes/compile/gaoss/org/apache/hadoop/hadoop-hdfs/3.4.0/t/dependency/commons-configuration2-2.8.0.jar:/home/wtwhite/code/regression-test-generation-NON-SOURCE-EQUIV/find-diff-classes/compile/gaoss/org/apache/hadoop/hadoop-hdfs/3.4.0/t/dependency/commons-daemon-1.0.13.jar:/home/wtwhite/code/regression-test-generation-NON-SOURCE-EQUIV/find-diff-classes/compile/gaoss/org/apache/hadoop/hadoop-hdfs/3.4.0/t/dependency/commons-io-2.14.0.jar:/home/wtwhite/code/regression-test-generation-NON-SOURCE-EQUIV/find-diff-classes/compile/gaoss/org/apache/hadoop/hadoop-hdfs/3.4.0/t/dependency/commons-lang-2.6.jar:/home/wtwhite/code/regression-test-generation-NON-SOURCE-EQUIV/find-diff-classes/compile/gaoss/org/apache/hadoop/hadoop-hdfs/3.4.0/t/dependency/commons-lang3-3.12.0.jar:/home/wtwhite/code/regression-test-generation-NON-SOURCE-EQUIV/find-diff-classes/compile/gaoss/org/apache/hadoop/hadoop-hdfs/3.4.0/t/dependency/commons-logging-1.2.jar:/home/wtwhite/code/regression-test-generation-NON-SOURCE-EQUIV/find-diff-classes/compile/gaoss/org/apache/hadoop/hadoop-hdfs/3.4.0/t/dependency/commons-math3-3.6.1.jar:/home/wtwhite/code/regression-test-generation-NON-SOURCE-EQUIV/find-diff-classes/compile/gaoss/org/apache/hadoop/hadoop-hdfs/3.4.0/t/dependency/commons-net-3.9.0.jar:/home/wtwhite/code/regression-test-generation-NON-SOURCE-EQUIV/find-diff-classes/compile/gaoss/org/apache/hadoop/hadoop-hdfs/3.4.0/t/dependency/commons-text-1.10.0.jar:/home/wtwhite/code/regression-test-generation-NON-SOURCE-EQUIV/find-diff-classes/compile/gaoss/org/apache/hadoop/hadoop-hdfs/3.4.0/t/dependency/curator-client-5.2.0.jar:/home/wtwhite/code/regression-test-generation-NON-SOURCE-EQUIV/find-diff-classes/compile/gaoss/org/apache/hadoop/hadoop-hdfs/3.4.0/t/dependency/curator-framework-5.2.0.jar:/home/wtwhite/code/regression-test-generation-NON-SOURCE-EQUIV/find-diff-classes/compile/gaoss/org/apache/hadoop/hadoop-hdfs/3.4.0/t/dependency/curator-recipes-5.2.0.jar:/home/wtwhite/code/regression-test-generation-NON-SOURCE-EQUIV/find-diff-classes/compile/gaoss/org/apache/hadoop/hadoop-hdfs/3.4.0/t/dependency/curator-test-5.2.0.jar:/home/wtwhite/code/regression-test-generation-NON-SOURCE-EQUIV/find-diff-classes/compile/gaoss/org/apache/hadoop/hadoop-hdfs/3.4.0/t/dependency/dnsjava-3.4.0.jar:/home/wtwhite/code/regression-test-generation-NON-SOURCE-EQUIV/find-diff-classes/compile/gaoss/org/apache/hadoop/hadoop-hdfs/3.4.0/t/dependency/dom4j-1.6.1.jar:/home/wtwhite/code/regression-test-generation-NON-SOURCE-EQUIV/find-diff-classes/compile/gaoss/org/apache/hadoop/hadoop-hdfs/3.4.0/t/dependency/failureaccess-1.0.jar:/home/wtwhite/code/regression-test-generation-NON-SOURCE-EQUIV/find-diff-classes/compile/gaoss/org/apache/hadoop/hadoop-hdfs/3.4.0/t/dependency/findbugs-3.0.1.jar:/home/wtwhite/code/regression-test-generation-NON-SOURCE-EQUIV/find-diff-classes/compile/gaoss/org/apache/hadoop/hadoop-hdfs/3.4.0/t/dependency/gson-2.9.0.jar:/home/wtwhite/code/regression-test-generation-NON-SOURCE-EQUIV/find-diff-classes/compile/gaoss/org/apache/hadoop/hadoop-hdfs/3.4.0/t/dependency/guava-27.0-jre.jar:/home/wtwhite/code/regression-test-generation-NON-SOURCE-EQUIV/find-diff-classes/compile/gaoss/org/apache/hadoop/hadoop-hdfs/3.4.0/t/dependency/hadoop-annotations-3.4.0.jar:/home/wtwhite/code/regression-test-generation-NON-SOURCE-EQUIV/find-diff-classes/compile/gaoss/org/apache/hadoop/hadoop-hdfs/3.4.0/t/dependency/hadoop-auth-3.4.0.jar:/home/wtwhite/code/regression-test-generation-NON-SOURCE-EQUIV/find-diff-classes/compile/gaoss/org/apache/hadoop/hadoop-hdfs/3.4.0/t/dependency/hadoop-common-3.4.0-tests.jar:/home/wtwhite/code/regression-test-generation-NON-SOURCE-EQUIV/find-diff-classes/compile/gaoss/org/apache/hadoop/hadoop-hdfs/3.4.0/t/dependency/hadoop-common-3.4.0.jar:/home/wtwhite/code/regression-test-generation-NON-SOURCE-EQUIV/find-diff-classes/compile/gaoss/org/apache/hadoop/hadoop-hdfs/3.4.0/t/dependency/hadoop-hdfs-client-3.4.0.jar:/home/wtwhite/code/regression-test-generation-NON-SOURCE-EQUIV/find-diff-classes/compile/gaoss/org/apache/hadoop/hadoop-hdfs/3.4.0/t/dependency/hadoop-kms-3.4.0-tests.jar:/home/wtwhite/code/regression-test-generation-NON-SOURCE-EQUIV/find-diff-classes/compile/gaoss/org/apache/hadoop/hadoop-hdfs/3.4.0/t/dependency/hadoop-kms-3.4.0.jar:/home/wtwhite/code/regression-test-generation-NON-SOURCE-EQUIV/find-diff-classes/compile/gaoss/org/apache/hadoop/hadoop-hdfs/3.4.0/t/dependency/hadoop-minikdc-3.4.0.jar:/home/wtwhite/code/regression-test-generation-NON-SOURCE-EQUIV/find-diff-classes/compile/gaoss/org/apache/hadoop/hadoop-hdfs/3.4.0/t/dependency/hadoop-shaded-guava-1.2.0.jar:/home/wtwhite/code/regression-test-generation-NON-SOURCE-EQUIV/find-diff-classes/compile/gaoss/org/apache/hadoop/hadoop-hdfs/3.4.0/t/dependency/hadoop-shaded-protobuf_3_21-1.2.0.jar:/home/wtwhite/code/regression-test-generation-NON-SOURCE-EQUIV/find-diff-classes/compile/gaoss/org/apache/hadoop/hadoop-hdfs/3.4.0/t/dependency/hamcrest-core-1.3.jar:/home/wtwhite/code/regression-test-generation-NON-SOURCE-EQUIV/find-diff-classes/compile/gaoss/org/apache/hadoop/hadoop-hdfs/3.4.0/t/dependency/httpclient-4.5.13.jar:/home/wtwhite/code/regression-test-generation-NON-SOURCE-EQUIV/find-diff-classes/compile/gaoss/org/apache/hadoop/hadoop-hdfs/3.4.0/t/dependency/httpcore-4.4.13.jar:/home/wtwhite/code/regression-test-generation-NON-SOURCE-EQUIV/find-diff-classes/compile/gaoss/org/apache/hadoop/hadoop-hdfs/3.4.0/t/dependency/j2objc-annotations-1.1.jar:/home/wtwhite/code/regression-test-generation-NON-SOURCE-EQUIV/find-diff-classes/compile/gaoss/org/apache/hadoop/hadoop-hdfs/3.4.0/t/dependency/jFormatString-2.0.1.jar:/home/wtwhite/code/regression-test-generation-NON-SOURCE-EQUIV/find-diff-classes/compile/gaoss/org/apache/hadoop/hadoop-hdfs/3.4.0/t/dependency/jackson-annotations-2.12.7.jar:/home/wtwhite/code/regression-test-generation-NON-SOURCE-EQUIV/find-diff-classes/compile/gaoss/org/apache/hadoop/hadoop-hdfs/3.4.0/t/dependency/jackson-core-2.12.7.jar:/home/wtwhite/code/regression-test-generation-NON-SOURCE-EQUIV/find-diff-classes/compile/gaoss/org/apache/hadoop/hadoop-hdfs/3.4.0/t/dependency/jackson-databind-2.12.7.1.jar:/home/wtwhite/code/regression-test-generation-NON-SOURCE-EQUIV/find-diff-classes/compile/gaoss/org/apache/hadoop/hadoop-hdfs/3.4.0/t/dependency/jakarta.activation-api-1.2.1.jar:/home/wtwhite/code/regression-test-generation-NON-SOURCE-EQUIV/find-diff-classes/compile/gaoss/org/apache/hadoop/hadoop-hdfs/3.4.0/t/dependency/javax.servlet-api-3.1.0.jar:/home/wtwhite/code/regression-test-generation-NON-SOURCE-EQUIV/find-diff-classes/compile/gaoss/org/apache/hadoop/hadoop-hdfs/3.4.0/t/dependency/jaxb-api-2.2.11.jar:/home/wtwhite/code/regression-test-generation-NON-SOURCE-EQUIV/find-diff-classes/compile/gaoss/org/apache/hadoop/hadoop-hdfs/3.4.0/t/dependency/jaxb-impl-2.2.3-1.jar:/home/wtwhite/code/regression-test-generation-NON-SOURCE-EQUIV/find-diff-classes/compile/gaoss/org/apache/hadoop/hadoop-hdfs/3.4.0/t/dependency/jaxen-1.1.6.jar:/home/wtwhite/code/regression-test-generation-NON-SOURCE-EQUIV/find-diff-classes/compile/gaoss/org/apache/hadoop/hadoop-hdfs/3.4.0/t/dependency/jcip-annotations-1.0-1.jar:/home/wtwhite/code/regression-test-generation-NON-SOURCE-EQUIV/find-diff-classes/compile/gaoss/org/apache/hadoop/hadoop-hdfs/3.4.0/t/dependency/jcip-annotations-1.0.jar:/home/wtwhite/code/regression-test-generation-NON-SOURCE-EQUIV/find-diff-classes/compile/gaoss/org/apache/hadoop/hadoop-hdfs/3.4.0/t/dependency/jdk.tools-1.8.jar:/home/wtwhite/code/regression-test-generation-NON-SOURCE-EQUIV/find-diff-classes/compile/gaoss/org/apache/hadoop/hadoop-hdfs/3.4.0/t/dependency/jersey-core-1.19.4.jar:/home/wtwhite/code/regression-test-generation-NON-SOURCE-EQUIV/find-diff-classes/compile/gaoss/org/apache/hadoop/hadoop-hdfs/3.4.0/t/dependency/jersey-json-1.20.jar:/home/wtwhite/code/regression-test-generation-NON-SOURCE-EQUIV/find-diff-classes/compile/gaoss/org/apache/hadoop/hadoop-hdfs/3.4.0/t/dependency/jersey-server-1.19.4.jar:/home/wtwhite/code/regression-test-generation-NON-SOURCE-EQUIV/find-diff-classes/compile/gaoss/org/apache/hadoop/hadoop-hdfs/3.4.0/t/dependency/jersey-servlet-1.19.4.jar:/home/wtwhite/code/regression-test-generation-NON-SOURCE-EQUIV/find-diff-classes/compile/gaoss/org/apache/hadoop/hadoop-hdfs/3.4.0/t/dependency/jettison-1.5.4.jar:/home/wtwhite/code/regression-test-generation-NON-SOURCE-EQUIV/find-diff-classes/compile/gaoss/org/apache/hadoop/hadoop-hdfs/3.4.0/t/dependency/jetty-http-9.4.53.v20231009.jar:/home/wtwhite/code/regression-test-generation-NON-SOURCE-EQUIV/find-diff-classes/compile/gaoss/org/apache/hadoop/hadoop-hdfs/3.4.0/t/dependency/jetty-io-9.4.53.v20231009.jar:/home/wtwhite/code/regression-test-generation-NON-SOURCE-EQUIV/find-diff-classes/compile/gaoss/org/apache/hadoop/hadoop-hdfs/3.4.0/t/dependency/jetty-security-9.4.53.v20231009.jar:/home/wtwhite/code/regression-test-generation-NON-SOURCE-EQUIV/find-diff-classes/compile/gaoss/org/apache/hadoop/hadoop-hdfs/3.4.0/t/dependency/jetty-server-9.4.53.v20231009.jar:/home/wtwhite/code/regression-test-generation-NON-SOURCE-EQUIV/find-diff-classes/compile/gaoss/org/apache/hadoop/hadoop-hdfs/3.4.0/t/dependency/jetty-servlet-9.4.53.v20231009.jar:/home/wtwhite/code/regression-test-generation-NON-SOURCE-EQUIV/find-diff-classes/compile/gaoss/org/apache/hadoop/hadoop-hdfs/3.4.0/t/dependency/jetty-util-9.4.53.v20231009.jar:/home/wtwhite/code/regression-test-generation-NON-SOURCE-EQUIV/find-diff-classes/compile/gaoss/org/apache/hadoop/hadoop-hdfs/3.4.0/t/dependency/jetty-util-ajax-9.4.53.v20231009.jar:/home/wtwhite/code/regression-test-generation-NON-SOURCE-EQUIV/find-diff-classes/compile/gaoss/org/apache/hadoop/hadoop-hdfs/3.4.0/t/dependency/jetty-webapp-9.4.53.v20231009.jar:/home/wtwhite/code/regression-test-generation-NON-SOURCE-EQUIV/find-diff-classes/compile/gaoss/org/apache/hadoop/hadoop-hdfs/3.4.0/t/dependency/jetty-xml-9.4.53.v20231009.jar:/home/wtwhite/code/regression-test-generation-NON-SOURCE-EQUIV/find-diff-classes/compile/gaoss/org/apache/hadoop/hadoop-hdfs/3.4.0/t/dependency/jline-3.9.0.jar:/home/wtwhite/code/regression-test-generation-NON-SOURCE-EQUIV/find-diff-classes/compile/gaoss/org/apache/hadoop/hadoop-hdfs/3.4.0/t/dependency/jsch-0.1.55.jar:/home/wtwhite/code/regression-test-generation-NON-SOURCE-EQUIV/find-diff-classes/compile/gaoss/org/apache/hadoop/hadoop-hdfs/3.4.0/t/dependency/jsp-api-2.1.jar:/home/wtwhite/code/regression-test-generation-NON-SOURCE-EQUIV/find-diff-classes/compile/gaoss/org/apache/hadoop/hadoop-hdfs/3.4.0/t/dependency/jsr305-3.0.2.jar:/home/wtwhite/code/regression-test-generation-NON-SOURCE-EQUIV/find-diff-classes/compile/gaoss/org/apache/hadoop/hadoop-hdfs/3.4.0/t/dependency/jsr311-api-1.1.1.jar:/home/wtwhite/code/regression-test-generation-NON-SOURCE-EQUIV/find-diff-classes/compile/gaoss/org/apache/hadoop/hadoop-hdfs/3.4.0/t/dependency/jul-to-slf4j-1.7.36.jar:/home/wtwhite/code/regression-test-generation-NON-SOURCE-EQUIV/find-diff-classes/compile/gaoss/org/apache/hadoop/hadoop-hdfs/3.4.0/t/dependency/junit-4.13.2.jar:/home/wtwhite/code/regression-test-generation-NON-SOURCE-EQUIV/find-diff-classes/compile/gaoss/org/apache/hadoop/hadoop-hdfs/3.4.0/t/dependency/junit-jupiter-api-5.8.2.jar:/home/wtwhite/code/regression-test-generation-NON-SOURCE-EQUIV/find-diff-classes/compile/gaoss/org/apache/hadoop/hadoop-hdfs/3.4.0/t/dependency/junit-platform-commons-1.8.2.jar:/home/wtwhite/code/regression-test-generation-NON-SOURCE-EQUIV/find-diff-classes/compile/gaoss/org/apache/hadoop/hadoop-hdfs/3.4.0/t/dependency/kerb-admin-2.0.3.jar:/home/wtwhite/code/regression-test-generation-NON-SOURCE-EQUIV/find-diff-classes/compile/gaoss/org/apache/hadoop/hadoop-hdfs/3.4.0/t/dependency/kerb-client-2.0.3.jar:/home/wtwhite/code/regression-test-generation-NON-SOURCE-EQUIV/find-diff-classes/compile/gaoss/org/apache/hadoop/hadoop-hdfs/3.4.0/t/dependency/kerb-common-2.0.3.jar:/home/wtwhite/code/regression-test-generation-NON-SOURCE-EQUIV/find-diff-classes/compile/gaoss/org/apache/hadoop/hadoop-hdfs/3.4.0/t/dependency/kerb-core-2.0.3.jar:/home/wtwhite/code/regression-test-generation-NON-SOURCE-EQUIV/find-diff-classes/compile/gaoss/org/apache/hadoop/hadoop-hdfs/3.4.0/t/dependency/kerb-crypto-2.0.3.jar:/home/wtwhite/code/regression-test-generation-NON-SOURCE-EQUIV/find-diff-classes/compile/gaoss/org/apache/hadoop/hadoop-hdfs/3.4.0/t/dependency/kerb-identity-2.0.3.jar:/home/wtwhite/code/regression-test-generation-NON-SOURCE-EQUIV/find-diff-classes/compile/gaoss/org/apache/hadoop/hadoop-hdfs/3.4.0/t/dependency/kerb-server-2.0.3.jar:/home/wtwhite/code/regression-test-generation-NON-SOURCE-EQUIV/find-diff-classes/compile/gaoss/org/apache/hadoop/hadoop-hdfs/3.4.0/t/dependency/kerb-simplekdc-2.0.3.jar:/home/wtwhite/code/regression-test-generation-NON-SOURCE-EQUIV/find-diff-classes/compile/gaoss/org/apache/hadoop/hadoop-hdfs/3.4.0/t/dependency/kerb-util-2.0.3.jar:/home/wtwhite/code/regression-test-generation-NON-SOURCE-EQUIV/find-diff-classes/compile/gaoss/org/apache/hadoop/hadoop-hdfs/3.4.0/t/dependency/kerby-asn1-2.0.3.jar:/home/wtwhite/code/regression-test-generation-NON-SOURCE-EQUIV/find-diff-classes/compile/gaoss/org/apache/hadoop/hadoop-hdfs/3.4.0/t/dependency/kerby-config-2.0.3.jar:/home/wtwhite/code/regression-test-generation-NON-SOURCE-EQUIV/find-diff-classes/compile/gaoss/org/apache/hadoop/hadoop-hdfs/3.4.0/t/dependency/kerby-pkix-2.0.3.jar:/home/wtwhite/code/regression-test-generation-NON-SOURCE-EQUIV/find-diff-classes/compile/gaoss/org/apache/hadoop/hadoop-hdfs/3.4.0/t/dependency/kerby-util-2.0.3.jar:/home/wtwhite/code/regression-test-generation-NON-SOURCE-EQUIV/find-diff-classes/compile/gaoss/org/apache/hadoop/hadoop-hdfs/3.4.0/t/dependency/kerby-xdr-2.0.3.jar:/home/wtwhite/code/regression-test-generation-NON-SOURCE-EQUIV/find-diff-classes/compile/gaoss/org/apache/hadoop/hadoop-hdfs/3.4.0/t/dependency/leveldbjni-all-1.8.jar:/home/wtwhite/code/regression-test-generation-NON-SOURCE-EQUIV/find-diff-classes/compile/gaoss/org/apache/hadoop/hadoop-hdfs/3.4.0/t/dependency/listenablefuture-9999.0-empty-to-avoid-conflict-with-guava.jar:/home/wtwhite/code/regression-test-generation-NON-SOURCE-EQUIV/find-diff-classes/compile/gaoss/org/apache/hadoop/hadoop-hdfs/3.4.0/t/dependency/lz4-java-1.7.1.jar:/home/wtwhite/code/regression-test-generation-NON-SOURCE-EQUIV/find-diff-classes/compile/gaoss/org/apache/hadoop/hadoop-hdfs/3.4.0/t/dependency/metrics-core-3.2.4.jar:/home/wtwhite/code/regression-test-generation-NON-SOURCE-EQUIV/find-diff-classes/compile/gaoss/org/apache/hadoop/hadoop-hdfs/3.4.0/t/dependency/mockito-core-2.28.2.jar:/home/wtwhite/code/regression-test-generation-NON-SOURCE-EQUIV/find-diff-classes/compile/gaoss/org/apache/hadoop/hadoop-hdfs/3.4.0/t/dependency/netty-all-4.1.100.Final.jar:/home/wtwhite/code/regression-test-generation-NON-SOURCE-EQUIV/find-diff-classes/compile/gaoss/org/apache/hadoop/hadoop-hdfs/3.4.0/t/dependency/netty-buffer-4.1.100.Final.jar:/home/wtwhite/code/regression-test-generation-NON-SOURCE-EQUIV/find-diff-classes/compile/gaoss/org/apache/hadoop/hadoop-hdfs/3.4.0/t/dependency/netty-codec-4.1.100.Final.jar:/home/wtwhite/code/regression-test-generation-NON-SOURCE-EQUIV/find-diff-classes/compile/gaoss/org/apache/hadoop/hadoop-hdfs/3.4.0/t/dependency/netty-codec-dns-4.1.100.Final.jar:/home/wtwhite/code/regression-test-generation-NON-SOURCE-EQUIV/find-diff-classes/compile/gaoss/org/apache/hadoop/hadoop-hdfs/3.4.0/t/dependency/netty-codec-haproxy-4.1.100.Final.jar:/home/wtwhite/code/regression-test-generation-NON-SOURCE-EQUIV/find-diff-classes/compile/gaoss/org/apache/hadoop/hadoop-hdfs/3.4.0/t/dependency/netty-codec-http-4.1.100.Final.jar:/home/wtwhite/code/regression-test-generation-NON-SOURCE-EQUIV/find-diff-classes/compile/gaoss/org/apache/hadoop/hadoop-hdfs/3.4.0/t/dependency/netty-codec-http2-4.1.100.Final.jar:/home/wtwhite/code/regression-test-generation-NON-SOURCE-EQUIV/find-diff-classes/compile/gaoss/org/apache/hadoop/hadoop-hdfs/3.4.0/t/dependency/netty-codec-memcache-4.1.100.Final.jar:/home/wtwhite/code/regression-test-generation-NON-SOURCE-EQUIV/find-diff-classes/compile/gaoss/org/apache/hadoop/hadoop-hdfs/3.4.0/t/dependency/netty-codec-mqtt-4.1.100.Final.jar:/home/wtwhite/code/regression-test-generation-NON-SOURCE-EQUIV/find-diff-classes/compile/gaoss/org/apache/hadoop/hadoop-hdfs/3.4.0/t/dependency/netty-codec-redis-4.1.100.Final.jar:/home/wtwhite/code/regression-test-generation-NON-SOURCE-EQUIV/find-diff-classes/compile/gaoss/org/apache/hadoop/hadoop-hdfs/3.4.0/t/dependency/netty-codec-smtp-4.1.100.Final.jar:/home/wtwhite/code/regression-test-generation-NON-SOURCE-EQUIV/find-diff-classes/compile/gaoss/org/apache/hadoop/hadoop-hdfs/3.4.0/t/dependency/netty-codec-socks-4.1.100.Final.jar:/home/wtwhite/code/regression-test-generation-NON-SOURCE-EQUIV/find-diff-classes/compile/gaoss/org/apache/hadoop/hadoop-hdfs/3.4.0/t/dependency/netty-codec-stomp-4.1.100.Final.jar:/home/wtwhite/code/regression-test-generation-NON-SOURCE-EQUIV/find-diff-classes/compile/gaoss/org/apache/hadoop/hadoop-hdfs/3.4.0/t/dependency/netty-codec-xml-4.1.100.Final.jar:/home/wtwhite/code/regression-test-generation-NON-SOURCE-EQUIV/find-diff-classes/compile/gaoss/org/apache/hadoop/hadoop-hdfs/3.4.0/t/dependency/netty-common-4.1.100.Final.jar:/home/wtwhite/code/regression-test-generation-NON-SOURCE-EQUIV/find-diff-classes/compile/gaoss/org/apache/hadoop/hadoop-hdfs/3.4.0/t/dependency/netty-handler-4.1.100.Final.jar:/home/wtwhite/code/regression-test-generation-NON-SOURCE-EQUIV/find-diff-classes/compile/gaoss/org/apache/hadoop/hadoop-hdfs/3.4.0/t/dependency/netty-handler-proxy-4.1.100.Final.jar:/home/wtwhite/code/regression-test-generation-NON-SOURCE-EQUIV/find-diff-classes/compile/gaoss/org/apache/hadoop/hadoop-hdfs/3.4.0/t/dependency/netty-handler-ssl-ocsp-4.1.100.Final.jar:/home/wtwhite/code/regression-test-generation-NON-SOURCE-EQUIV/find-diff-classes/compile/gaoss/org/apache/hadoop/hadoop-hdfs/3.4.0/t/dependency/netty-resolver-4.1.100.Final.jar:/home/wtwhite/code/regression-test-generation-NON-SOURCE-EQUIV/find-diff-classes/compile/gaoss/org/apache/hadoop/hadoop-hdfs/3.4.0/t/dependency/netty-resolver-dns-4.1.100.Final.jar:/home/wtwhite/code/regression-test-generation-NON-SOURCE-EQUIV/find-diff-classes/compile/gaoss/org/apache/hadoop/hadoop-hdfs/3.4.0/t/dependency/netty-resolver-dns-classes-macos-4.1.100.Final.jar:/home/wtwhite/code/regression-test-generation-NON-SOURCE-EQUIV/find-diff-classes/compile/gaoss/org/apache/hadoop/hadoop-hdfs/3.4.0/t/dependency/netty-resolver-dns-native-macos-4.1.100.Final-osx-aarch_64.jar:/home/wtwhite/code/regression-test-generation-NON-SOURCE-EQUIV/find-diff-classes/compile/gaoss/org/apache/hadoop/hadoop-hdfs/3.4.0/t/dependency/netty-resolver-dns-native-macos-4.1.100.Final-osx-x86_64.jar:/home/wtwhite/code/regression-test-generation-NON-SOURCE-EQUIV/find-diff-classes/compile/gaoss/org/apache/hadoop/hadoop-hdfs/3.4.0/t/dependency/netty-transport-4.1.100.Final.jar:/home/wtwhite/code/regression-test-generation-NON-SOURCE-EQUIV/find-diff-classes/compile/gaoss/org/apache/hadoop/hadoop-hdfs/3.4.0/t/dependency/netty-transport-classes-epoll-4.1.100.Final.jar:/home/wtwhite/code/regression-test-generation-NON-SOURCE-EQUIV/find-diff-classes/compile/gaoss/org/apache/hadoop/hadoop-hdfs/3.4.0/t/dependency/netty-transport-classes-kqueue-4.1.100.Final.jar:/home/wtwhite/code/regression-test-generation-NON-SOURCE-EQUIV/find-diff-classes/compile/gaoss/org/apache/hadoop/hadoop-hdfs/3.4.0/t/dependency/netty-transport-native-epoll-4.1.100.Final-linux-aarch_64.jar:/home/wtwhite/code/regression-test-generation-NON-SOURCE-EQUIV/find-diff-classes/compile/gaoss/org/apache/hadoop/hadoop-hdfs/3.4.0/t/dependency/netty-transport-native-epoll-4.1.100.Final-linux-x86_64.jar:/home/wtwhite/code/regression-test-generation-NON-SOURCE-EQUIV/find-diff-classes/compile/gaoss/org/apache/hadoop/hadoop-hdfs/3.4.0/t/dependency/netty-transport-native-epoll-4.1.100.Final.jar:/home/wtwhite/code/regression-test-generation-NON-SOURCE-EQUIV/find-diff-classes/compile/gaoss/org/apache/hadoop/hadoop-hdfs/3.4.0/t/dependency/netty-transport-native-kqueue-4.1.100.Final-osx-aarch_64.jar:/home/wtwhite/code/regression-test-generation-NON-SOURCE-EQUIV/find-diff-classes/compile/gaoss/org/apache/hadoop/hadoop-hdfs/3.4.0/t/dependency/netty-transport-native-kqueue-4.1.100.Final-osx-x86_64.jar:/home/wtwhite/code/regression-test-generation-NON-SOURCE-EQUIV/find-diff-classes/compile/gaoss/org/apache/hadoop/hadoop-hdfs/3.4.0/t/dependency/netty-transport-native-unix-common-4.1.100.Final.jar:/home/wtwhite/code/regression-test-generation-NON-SOURCE-EQUIV/find-diff-classes/compile/gaoss/org/apache/hadoop/hadoop-hdfs/3.4.0/t/dependency/netty-transport-rxtx-4.1.100.Final.jar:/home/wtwhite/code/regression-test-generation-NON-SOURCE-EQUIV/find-diff-classes/compile/gaoss/org/apache/hadoop/hadoop-hdfs/3.4.0/t/dependency/netty-transport-sctp-4.1.100.Final.jar:/home/wtwhite/code/regression-test-generation-NON-SOURCE-EQUIV/find-diff-classes/compile/gaoss/org/apache/hadoop/hadoop-hdfs/3.4.0/t/dependency/netty-transport-udt-4.1.100.Final.jar:/home/wtwhite/code/regression-test-generation-NON-SOURCE-EQUIV/find-diff-classes/compile/gaoss/org/apache/hadoop/hadoop-hdfs/3.4.0/t/dependency/nimbus-jose-jwt-9.31.jar:/home/wtwhite/code/regression-test-generation-NON-SOURCE-EQUIV/find-diff-classes/compile/gaoss/org/apache/hadoop/hadoop-hdfs/3.4.0/t/dependency/objenesis-2.6.jar:/home/wtwhite/code/regression-test-generation-NON-SOURCE-EQUIV/find-diff-classes/compile/gaoss/org/apache/hadoop/hadoop-hdfs/3.4.0/t/dependency/opentest4j-1.2.0.jar:/home/wtwhite/code/regression-test-generation-NON-SOURCE-EQUIV/find-diff-classes/compile/gaoss/org/apache/hadoop/hadoop-hdfs/3.4.0/t/dependency/protobuf-java-2.5.0.jar:/home/wtwhite/code/regression-test-generation-NON-SOURCE-EQUIV/find-diff-classes/compile/gaoss/org/apache/hadoop/hadoop-hdfs/3.4.0/t/dependency/re2j-1.1.jar:/home/wtwhite/code/regression-test-generation-NON-SOURCE-EQUIV/find-diff-classes/compile/gaoss/org/apache/hadoop/hadoop-hdfs/3.4.0/t/dependency/reload4j-1.2.22.jar:/home/wtwhite/code/regression-test-generation-NON-SOURCE-EQUIV/find-diff-classes/compile/gaoss/org/apache/hadoop/hadoop-hdfs/3.4.0/t/dependency/slf4j-api-1.7.36.jar:/home/wtwhite/code/regression-test-generation-NON-SOURCE-EQUIV/find-diff-classes/compile/gaoss/org/apache/hadoop/hadoop-hdfs/3.4.0/t/dependency/slf4j-reload4j-1.7.36.jar:/home/wtwhite/code/regression-test-generation-NON-SOURCE-EQUIV/find-diff-classes/compile/gaoss/org/apache/hadoop/hadoop-hdfs/3.4.0/t/dependency/snappy-java-1.1.10.4.jar:/home/wtwhite/code/regression-test-generation-NON-SOURCE-EQUIV/find-diff-classes/compile/gaoss/org/apache/hadoop/hadoop-hdfs/3.4.0/t/dependency/stax2-api-4.2.1.jar:/home/wtwhite/code/regression-test-generation-NON-SOURCE-EQUIV/find-diff-classes/compile/gaoss/org/apache/hadoop/hadoop-hdfs/3.4.0/t/dependency/token-provider-2.0.3.jar:/home/wtwhite/code/regression-test-generation-NON-SOURCE-EQUIV/find-diff-classes/compile/gaoss/org/apache/hadoop/hadoop-hdfs/3.4.0/t/dependency/woodstox-core-5.4.0.jar:/home/wtwhite/code/regression-test-generation-NON-SOURCE-EQUIV/find-diff-classes/compile/gaoss/org/apache/hadoop/hadoop-hdfs/3.4.0/t/dependency/zookeeper-3.8.3-tests.jar:/home/wtwhite/code/regression-test-generation-NON-SOURCE-EQUIV/find-diff-classes/compile/gaoss/org/apache/hadoop/hadoop-hdfs/3.4.0/t/dependency/zookeeper-3.8.3.jar:/home/wtwhite/code/regression-test-generation-NON-SOURCE-EQUIV/find-diff-classes/compile/gaoss/org/apache/hadoop/hadoop-hdfs/3.4.0/t/dependency/zookeeper-jute-3.8.3.jar:/home/wtwhite/code/regression-test-generation/evosuite/evosuite-standalone-runtime-1.2.0.jar:/home/wtwhite/.m2/repository/junit/junit/4.13.2/junit-4.13.2.jar:/home/wtwhite/.m2/repository/org/hamcrest/hamcrest-core/1.3/hamcrest-core-1.3.jar:"/>
    <property name="sun.cpu.endian" value="little"/>
    <property name="user.home" value="/home/wtwhite"/>
    <property name="user.language" value="en"/>
    <property name="java.specification.vendor" value="Oracle Corporation"/>
    <property name="java.home" value="/usr/lib/jvm/java-8-openjdk-amd64/jre"/>
    <property name="basedir" value="/home/wtwhite/code/regression-test-generation-NON-SOURCE-EQUIV/find-diff-classes/compile/gaoss/org/apache/hadoop/hadoop-hdfs/3.4.0"/>
    <property name="file.separator" value="/"/>
    <property name="line.separator" value="&#10;"/>
    <property name="java.vm.specification.vendor" value="Oracle Corporation"/>
    <property name="java.specification.name" value="Java Platform API Specification"/>
    <property name="java.awt.graphicsenv" value="sun.awt.X11GraphicsEnvironment"/>
    <property name="surefire.real.class.path" value="/home/wtwhite/code/regression-test-generation-NON-SOURCE-EQUIV/find-diff-classes/compile/gaoss/org/apache/hadoop/hadoop-hdfs/3.4.0/target/surefire/surefirebooter-20241112134217976_3.jar"/>
    <property name="sun.boot.class.path" value="/usr/lib/jvm/java-8-openjdk-amd64/jre/lib/resources.jar:/usr/lib/jvm/java-8-openjdk-amd64/jre/lib/rt.jar:/usr/lib/jvm/java-8-openjdk-amd64/jre/lib/sunrsasign.jar:/usr/lib/jvm/java-8-openjdk-amd64/jre/lib/jsse.jar:/usr/lib/jvm/java-8-openjdk-amd64/jre/lib/jce.jar:/usr/lib/jvm/java-8-openjdk-amd64/jre/lib/charsets.jar:/usr/lib/jvm/java-8-openjdk-amd64/jre/lib/jfr.jar:/usr/lib/jvm/java-8-openjdk-amd64/jre/classes"/>
    <property name="sun.management.compiler" value="HotSpot 64-Bit Tiered Compilers"/>
    <property name="java.runtime.version" value="1.8.0_382-8u382-ga-1~22.04.1-b05"/>
    <property name="user.name" value="wtwhite"/>
    <property name="path.separator" value=":"/>
    <property name="os.version" value="5.15.0-87-generic"/>
    <property name="java.endorsed.dirs" value="/usr/lib/jvm/java-8-openjdk-amd64/jre/lib/endorsed"/>
    <property name="java.runtime.name" value="OpenJDK Runtime Environment"/>
    <property name="file.encoding" value="UTF-8"/>
    <property name="java.vm.name" value="OpenJDK 64-Bit Server VM"/>
    <property name="localRepository" value="/home/wtwhite/.m2/repository"/>
    <property name="java.vendor.url.bug" value="http://bugreport.sun.com/bugreport/"/>
    <property name="java.io.tmpdir" value="/tmp"/>
    <property name="java.version" value="1.8.0_382"/>
    <property name="user.dir" value="/home/wtwhite/code/regression-test-generation-NON-SOURCE-EQUIV/find-diff-classes/compile/gaoss/org/apache/hadoop/hadoop-hdfs/3.4.0"/>
    <property name="os.arch" value="amd64"/>
    <property name="java.vm.specification.name" value="Java Virtual Machine Specification"/>
    <property name="java.awt.printerjob" value="sun.print.PSPrinterJob"/>
    <property name="sun.os.patch.level" value="unknown"/>
    <property name="java.library.path" value="/usr/java/packages/lib/amd64:/usr/lib/x86_64-linux-gnu/jni:/lib/x86_64-linux-gnu:/usr/lib/x86_64-linux-gnu:/usr/lib/jni:/lib:/usr/lib"/>
    <property name="java.vm.info" value="mixed mode"/>
    <property name="java.vendor" value="Private Build"/>
    <property name="java.vm.version" value="25.382-b05"/>
    <property name="java.specification.maintenance.version" value="5"/>
    <property name="java.ext.dirs" value="/usr/lib/jvm/java-8-openjdk-amd64/jre/lib/ext:/usr/java/packages/lib/ext"/>
    <property name="sun.io.unicode.encoding" value="UnicodeLittle"/>
    <property name="java.class.version" value="52.0"/>
  </properties>
  <testcase name="test037" classname="org.apache.hadoop.hdfs.qjournal.protocol.QJournalProtocolProtos_ESTest" time="1.434">
    <system-out><![CDATA[2024-11-12 13:43:13,433 INFO  EvoClassLoader - Seeing class for first time: org.apache.hadoop.hdfs.qjournal.protocol.QJournalProtocolProtos_ESTest
2024-11-12 13:43:13,433 INFO  EvoClassLoader - Instrumenting class 'org.apache.hadoop.hdfs.qjournal.protocol.QJournalProtocolProtos_ESTest'.
2024-11-12 13:43:13,438 INFO  EvoClassLoader - Seeing class for first time: org.apache.hadoop.hdfs.qjournal.protocol.QJournalProtocolProtos_ESTest_scaffolding
2024-11-12 13:43:13,438 INFO  EvoClassLoader - Instrumenting class 'org.apache.hadoop.hdfs.qjournal.protocol.QJournalProtocolProtos_ESTest_scaffolding'.
2024-11-12 13:43:13,444 INFO  EvoClassLoader - Keeping class: org.apache.hadoop.hdfs.qjournal.protocol.QJournalProtocolProtos_ESTest_scaffolding
2024-11-12 13:43:13,444 INFO  EvoClassLoader - Keeping class: org.apache.hadoop.hdfs.qjournal.protocol.QJournalProtocolProtos_ESTest
2024-11-12 13:43:13,445 INFO  EvoClassLoader - Seeing class for first time: org.apache.hadoop.hdfs.qjournal.protocol.QJournalProtocol
2024-11-12 13:43:13,445 INFO  EvoClassLoader - Instrumenting class 'org.apache.hadoop.hdfs.qjournal.protocol.QJournalProtocol'.
2024-11-12 13:43:13,446 INFO  EvoClassLoader - Keeping class: org.apache.hadoop.hdfs.qjournal.protocol.QJournalProtocol
2024-11-12 13:43:13,446 INFO  EvoClassLoader - Seeing class for first time: org.apache.hadoop.thirdparty.protobuf.ExtensionRegistryLite
2024-11-12 13:43:13,446 INFO  EvoClassLoader - Instrumenting class 'org.apache.hadoop.thirdparty.protobuf.ExtensionRegistryLite'.
2024-11-12 13:43:13,446 INFO  MethodCallReplacementClassAdapter - Adding mock interface to class org/apache/hadoop/thirdparty/protobuf/ExtensionRegistryLite
2024-11-12 13:43:13,447 INFO  CreateClassResetClassAdapter - Found static initializer in class org/apache/hadoop/thirdparty/protobuf/ExtensionRegistryLite
2024-11-12 13:43:13,449 INFO  EvoClassLoader - Keeping class: org.apache.hadoop.thirdparty.protobuf.ExtensionRegistryLite
2024-11-12 13:43:13,449 INFO  EvoClassLoader - Seeing class for first time: org.apache.hadoop.thirdparty.protobuf.ExtensionRegistry
2024-11-12 13:43:13,449 INFO  EvoClassLoader - Instrumenting class 'org.apache.hadoop.thirdparty.protobuf.ExtensionRegistry'.
2024-11-12 13:43:13,449 INFO  MethodCallReplacementClassAdapter - Adding mock interface to class org/apache/hadoop/thirdparty/protobuf/ExtensionRegistry
2024-11-12 13:43:13,452 INFO  CreateClassResetClassAdapter - Found static initializer in class org/apache/hadoop/thirdparty/protobuf/ExtensionRegistry
2024-11-12 13:43:13,452 INFO  EvoClassLoader - Keeping class: org.apache.hadoop.thirdparty.protobuf.ExtensionRegistry
2024-11-12 13:43:13,453 INFO  EvoClassLoader - Seeing class for first time: org.apache.hadoop.thirdparty.protobuf.MessageLite
2024-11-12 13:43:13,453 INFO  EvoClassLoader - Instrumenting class 'org.apache.hadoop.thirdparty.protobuf.MessageLite'.
2024-11-12 13:43:13,453 INFO  EvoClassLoader - Seeing class for first time: org.apache.hadoop.thirdparty.protobuf.MessageLiteOrBuilder
2024-11-12 13:43:13,453 INFO  EvoClassLoader - Instrumenting class 'org.apache.hadoop.thirdparty.protobuf.MessageLiteOrBuilder'.
2024-11-12 13:43:13,453 INFO  EvoClassLoader - Keeping class: org.apache.hadoop.thirdparty.protobuf.MessageLiteOrBuilder
2024-11-12 13:43:13,453 INFO  EvoClassLoader - Keeping class: org.apache.hadoop.thirdparty.protobuf.MessageLite
2024-11-12 13:43:13,454 INFO  EvoClassLoader - Seeing class for first time: org.apache.hadoop.thirdparty.protobuf.Message
2024-11-12 13:43:13,454 INFO  EvoClassLoader - Instrumenting class 'org.apache.hadoop.thirdparty.protobuf.Message'.
2024-11-12 13:43:13,454 INFO  EvoClassLoader - Seeing class for first time: org.apache.hadoop.thirdparty.protobuf.MessageOrBuilder
2024-11-12 13:43:13,454 INFO  EvoClassLoader - Instrumenting class 'org.apache.hadoop.thirdparty.protobuf.MessageOrBuilder'.
2024-11-12 13:43:13,455 INFO  EvoClassLoader - Keeping class: org.apache.hadoop.thirdparty.protobuf.MessageOrBuilder
2024-11-12 13:43:13,455 INFO  EvoClassLoader - Keeping class: org.apache.hadoop.thirdparty.protobuf.Message
2024-11-12 13:43:13,475 INFO  EvoClassLoader - Seeing class for first time: org.apache.hadoop.thirdparty.protobuf.FieldMask$1
2024-11-12 13:43:13,475 INFO  EvoClassLoader - Instrumenting class 'org.apache.hadoop.thirdparty.protobuf.FieldMask$1'.
2024-11-12 13:43:13,476 INFO  MethodCallReplacementClassAdapter - Adding mock interface to class org/apache/hadoop/thirdparty/protobuf/FieldMask$1
2024-11-12 13:43:13,476 INFO  EvoClassLoader - Seeing class for first time: org.apache.hadoop.thirdparty.protobuf.AbstractParser
2024-11-12 13:43:13,476 INFO  EvoClassLoader - Instrumenting class 'org.apache.hadoop.thirdparty.protobuf.AbstractParser'.
2024-11-12 13:43:13,476 INFO  MethodCallReplacementClassAdapter - Adding mock interface to class org/apache/hadoop/thirdparty/protobuf/AbstractParser
2024-11-12 13:43:13,477 INFO  CreateClassResetClassAdapter - Found static initializer in class org/apache/hadoop/thirdparty/protobuf/AbstractParser
2024-11-12 13:43:13,477 INFO  EvoClassLoader - Seeing class for first time: org.apache.hadoop.thirdparty.protobuf.Parser
2024-11-12 13:43:13,477 INFO  EvoClassLoader - Instrumenting class 'org.apache.hadoop.thirdparty.protobuf.Parser'.
2024-11-12 13:43:13,477 INFO  EvoClassLoader - Keeping class: org.apache.hadoop.thirdparty.protobuf.Parser
2024-11-12 13:43:13,477 INFO  EvoClassLoader - Keeping class: org.apache.hadoop.thirdparty.protobuf.AbstractParser
2024-11-12 13:43:13,478 INFO  EvoClassLoader - Keeping class: org.apache.hadoop.thirdparty.protobuf.FieldMask$1
2024-11-12 13:43:13,478 INFO  EvoClassLoader - Seeing class for first time: org.apache.hadoop.thirdparty.protobuf.InvalidProtocolBufferException
2024-11-12 13:43:13,478 INFO  EvoClassLoader - Instrumenting class 'org.apache.hadoop.thirdparty.protobuf.InvalidProtocolBufferException'.
2024-11-12 13:43:13,478 INFO  MethodCallReplacementClassAdapter - Adding mock interface to class org/apache/hadoop/thirdparty/protobuf/InvalidProtocolBufferException
2024-11-12 13:43:13,478 INFO  CreateClassResetClassAdapter - Creating brand-new static initializer in class org/apache/hadoop/thirdparty/protobuf/InvalidProtocolBufferException
2024-11-12 13:43:13,478 INFO  EvoClassLoader - Keeping class: org.apache.hadoop.thirdparty.protobuf.InvalidProtocolBufferException
2024-11-12 13:43:13,479 INFO  EvoClassLoader - Seeing class for first time: org.apache.hadoop.thirdparty.protobuf.AbstractMessageLite$Builder$LimitedInputStream
2024-11-12 13:43:13,479 INFO  EvoClassLoader - Instrumenting class 'org.apache.hadoop.thirdparty.protobuf.AbstractMessageLite$Builder$LimitedInputStream'.
2024-11-12 13:43:13,479 INFO  MethodCallReplacementClassAdapter - Adding mock interface to class org/apache/hadoop/thirdparty/protobuf/AbstractMessageLite$Builder$LimitedInputStream
2024-11-12 13:43:13,479 INFO  CreateClassResetClassAdapter - Creating brand-new static initializer in class org/apache/hadoop/thirdparty/protobuf/AbstractMessageLite$Builder$LimitedInputStream
2024-11-12 13:43:13,479 INFO  EvoClassLoader - Keeping class: org.apache.hadoop.thirdparty.protobuf.AbstractMessageLite$Builder$LimitedInputStream
2024-11-12 13:43:13,479 INFO  EvoClassLoader - Seeing class for first time: org.apache.hadoop.thirdparty.protobuf.UninitializedMessageException
2024-11-12 13:43:13,479 INFO  EvoClassLoader - Instrumenting class 'org.apache.hadoop.thirdparty.protobuf.UninitializedMessageException'.
2024-11-12 13:43:13,479 INFO  MethodCallReplacementClassAdapter - Adding mock interface to class org/apache/hadoop/thirdparty/protobuf/UninitializedMessageException
2024-11-12 13:43:13,479 INFO  CreateClassResetClassAdapter - Creating brand-new static initializer in class org/apache/hadoop/thirdparty/protobuf/UninitializedMessageException
2024-11-12 13:43:13,480 INFO  EvoClassLoader - Keeping class: org.apache.hadoop.thirdparty.protobuf.UninitializedMessageException
2024-11-12 13:43:13,480 INFO  EvoClassLoader - Seeing class for first time: org.apache.hadoop.thirdparty.protobuf.ExtensionRegistryFactory
2024-11-12 13:43:13,480 INFO  EvoClassLoader - Instrumenting class 'org.apache.hadoop.thirdparty.protobuf.ExtensionRegistryFactory'.
2024-11-12 13:43:13,480 INFO  MethodCallReplacementClassAdapter - Adding mock interface to class org/apache/hadoop/thirdparty/protobuf/ExtensionRegistryFactory
2024-11-12 13:43:13,480 INFO  CreateClassResetClassAdapter - Found static initializer in class org/apache/hadoop/thirdparty/protobuf/ExtensionRegistryFactory
2024-11-12 13:43:13,480 INFO  EvoClassLoader - Keeping class: org.apache.hadoop.thirdparty.protobuf.ExtensionRegistryFactory
2024-11-12 13:43:13,481 INFO  EvoClassLoader - Seeing class for first time: org.apache.hadoop.thirdparty.protobuf.Extension
2024-11-12 13:43:13,481 INFO  EvoClassLoader - Instrumenting class 'org.apache.hadoop.thirdparty.protobuf.Extension'.
2024-11-12 13:43:13,481 INFO  MethodCallReplacementClassAdapter - Adding mock interface to class org/apache/hadoop/thirdparty/protobuf/Extension
2024-11-12 13:43:13,481 INFO  CreateClassResetClassAdapter - Creating brand-new static initializer in class org/apache/hadoop/thirdparty/protobuf/Extension
2024-11-12 13:43:13,481 INFO  EvoClassLoader - Seeing class for first time: org.apache.hadoop.thirdparty.protobuf.ExtensionLite
2024-11-12 13:43:13,481 INFO  EvoClassLoader - Instrumenting class 'org.apache.hadoop.thirdparty.protobuf.ExtensionLite'.
2024-11-12 13:43:13,482 INFO  MethodCallReplacementClassAdapter - Adding mock interface to class org/apache/hadoop/thirdparty/protobuf/ExtensionLite
2024-11-12 13:43:13,482 INFO  CreateClassResetClassAdapter - Creating brand-new static initializer in class org/apache/hadoop/thirdparty/protobuf/ExtensionLite
2024-11-12 13:43:13,482 INFO  EvoClassLoader - Keeping class: org.apache.hadoop.thirdparty.protobuf.ExtensionLite
2024-11-12 13:43:13,482 INFO  EvoClassLoader - Keeping class: org.apache.hadoop.thirdparty.protobuf.Extension
2024-11-12 13:43:13,482 INFO  EvoClassLoader - Seeing class for first time: org.apache.hadoop.thirdparty.protobuf.GeneratedMessage$GeneratedExtension
2024-11-12 13:43:13,482 INFO  EvoClassLoader - Instrumenting class 'org.apache.hadoop.thirdparty.protobuf.GeneratedMessage$GeneratedExtension'.
2024-11-12 13:43:13,482 INFO  MethodCallReplacementClassAdapter - Adding mock interface to class org/apache/hadoop/thirdparty/protobuf/GeneratedMessage$GeneratedExtension
2024-11-12 13:43:13,483 INFO  CreateClassResetClassAdapter - Creating brand-new static initializer in class org/apache/hadoop/thirdparty/protobuf/GeneratedMessage$GeneratedExtension
2024-11-12 13:43:13,484 INFO  EvoClassLoader - Keeping class: org.apache.hadoop.thirdparty.protobuf.GeneratedMessage$GeneratedExtension
2024-11-12 13:43:13,484 INFO  EvoClassLoader - Seeing class for first time: org.apache.hadoop.thirdparty.protobuf.ExtensionRegistry$ExtensionInfo
2024-11-12 13:43:13,484 INFO  EvoClassLoader - Instrumenting class 'org.apache.hadoop.thirdparty.protobuf.ExtensionRegistry$ExtensionInfo'.
2024-11-12 13:43:13,484 INFO  MethodCallReplacementClassAdapter - Adding mock interface to class org/apache/hadoop/thirdparty/protobuf/ExtensionRegistry$ExtensionInfo
2024-11-12 13:43:13,484 INFO  CreateClassResetClassAdapter - Creating brand-new static initializer in class org/apache/hadoop/thirdparty/protobuf/ExtensionRegistry$ExtensionInfo
2024-11-12 13:43:13,484 INFO  EvoClassLoader - Keeping class: org.apache.hadoop.thirdparty.protobuf.ExtensionRegistry$ExtensionInfo
2024-11-12 13:43:13,484 INFO  EvoClassLoader - Seeing class for first time: org.apache.hadoop.thirdparty.protobuf.Descriptors$Descriptor
2024-11-12 13:43:13,484 INFO  EvoClassLoader - Instrumenting class 'org.apache.hadoop.thirdparty.protobuf.Descriptors$Descriptor'.
2024-11-12 13:43:13,485 INFO  MethodCallReplacementClassAdapter - Adding mock interface to class org/apache/hadoop/thirdparty/protobuf/Descriptors$Descriptor
2024-11-12 13:43:13,485 INFO  CreateClassResetClassAdapter - Creating brand-new static initializer in class org/apache/hadoop/thirdparty/protobuf/Descriptors$Descriptor
2024-11-12 13:43:13,486 INFO  EvoClassLoader - Seeing class for first time: org.apache.hadoop.thirdparty.protobuf.Descriptors$GenericDescriptor
2024-11-12 13:43:13,486 INFO  EvoClassLoader - Instrumenting class 'org.apache.hadoop.thirdparty.protobuf.Descriptors$GenericDescriptor'.
2024-11-12 13:43:13,486 INFO  MethodCallReplacementClassAdapter - Adding mock interface to class org/apache/hadoop/thirdparty/protobuf/Descriptors$GenericDescriptor
2024-11-12 13:43:13,486 INFO  CreateClassResetClassAdapter - Creating brand-new static initializer in class org/apache/hadoop/thirdparty/protobuf/Descriptors$GenericDescriptor
2024-11-12 13:43:13,486 INFO  EvoClassLoader - Keeping class: org.apache.hadoop.thirdparty.protobuf.Descriptors$GenericDescriptor
2024-11-12 13:43:13,486 INFO  EvoClassLoader - Keeping class: org.apache.hadoop.thirdparty.protobuf.Descriptors$Descriptor
2024-11-12 13:43:13,486 INFO  EvoClassLoader - Seeing class for first time: org.apache.hadoop.thirdparty.protobuf.Extension$ExtensionType
2024-11-12 13:43:13,486 INFO  EvoClassLoader - Instrumenting class 'org.apache.hadoop.thirdparty.protobuf.Extension$ExtensionType'.
2024-11-12 13:43:13,486 INFO  MethodCallReplacementClassAdapter - Adding mock interface to class org/apache/hadoop/thirdparty/protobuf/Extension$ExtensionType
2024-11-12 13:43:13,486 INFO  CreateClassResetClassAdapter - Found static initializer in class org/apache/hadoop/thirdparty/protobuf/Extension$ExtensionType
2024-11-12 13:43:13,487 INFO  EvoClassLoader - Keeping class: org.apache.hadoop.thirdparty.protobuf.Extension$ExtensionType
2024-11-12 13:43:13,487 INFO  EvoClassLoader - Seeing class for first time: org.apache.hadoop.thirdparty.protobuf.Descriptors$FieldDescriptor
2024-11-12 13:43:13,487 INFO  EvoClassLoader - Instrumenting class 'org.apache.hadoop.thirdparty.protobuf.Descriptors$FieldDescriptor'.
2024-11-12 13:43:13,487 INFO  MethodCallReplacementClassAdapter - Adding mock interface to class org/apache/hadoop/thirdparty/protobuf/Descriptors$FieldDescriptor
2024-11-12 13:43:13,488 INFO  CreateClassResetClassAdapter - Found static initializer in class org/apache/hadoop/thirdparty/protobuf/Descriptors$FieldDescriptor
2024-11-12 13:43:13,489 INFO  EvoClassLoader - Seeing class for first time: org.apache.hadoop.thirdparty.protobuf.FieldSet$FieldDescriptorLite
2024-11-12 13:43:13,489 INFO  EvoClassLoader - Instrumenting class 'org.apache.hadoop.thirdparty.protobuf.FieldSet$FieldDescriptorLite'.
2024-11-12 13:43:13,489 INFO  EvoClassLoader - Keeping class: org.apache.hadoop.thirdparty.protobuf.FieldSet$FieldDescriptorLite
2024-11-12 13:43:13,489 INFO  EvoClassLoader - Keeping class: org.apache.hadoop.thirdparty.protobuf.Descriptors$FieldDescriptor
2024-11-12 13:43:13,489 INFO  EvoClassLoader - Seeing class for first time: org.apache.hadoop.hdfs.server.protocol.BlockRecoveryCommand$RecoveringStripedBlock
2024-11-12 13:43:13,489 INFO  EvoClassLoader - Instrumenting class 'org.apache.hadoop.hdfs.server.protocol.BlockRecoveryCommand$RecoveringStripedBlock'.
2024-11-12 13:43:13,489 INFO  MethodCallReplacementClassAdapter - Adding mock interface to class org/apache/hadoop/hdfs/server/protocol/BlockRecoveryCommand$RecoveringStripedBlock
2024-11-12 13:43:13,489 INFO  CreateClassResetClassAdapter - Creating brand-new static initializer in class org/apache/hadoop/hdfs/server/protocol/BlockRecoveryCommand$RecoveringStripedBlock
2024-11-12 13:43:13,489 INFO  EvoClassLoader - Defined package (3): package org.apache.hadoop.hdfs.server.protocol, -726077295
2024-11-12 13:43:13,489 INFO  EvoClassLoader - Seeing class for first time: org.apache.hadoop.hdfs.server.protocol.BlockRecoveryCommand$RecoveringBlock
2024-11-12 13:43:13,489 INFO  EvoClassLoader - Instrumenting class 'org.apache.hadoop.hdfs.server.protocol.BlockRecoveryCommand$RecoveringBlock'.
2024-11-12 13:43:13,490 INFO  MethodCallReplacementClassAdapter - Adding mock interface to class org/apache/hadoop/hdfs/server/protocol/BlockRecoveryCommand$RecoveringBlock
2024-11-12 13:43:13,490 INFO  CreateClassResetClassAdapter - Creating brand-new static initializer in class org/apache/hadoop/hdfs/server/protocol/BlockRecoveryCommand$RecoveringBlock
2024-11-12 13:43:13,490 INFO  EvoClassLoader - Seeing class for first time: org.apache.hadoop.hdfs.protocol.LocatedBlock
2024-11-12 13:43:13,490 INFO  EvoClassLoader - Instrumenting class 'org.apache.hadoop.hdfs.protocol.LocatedBlock'.
2024-11-12 13:43:13,490 INFO  MethodCallReplacementClassAdapter - Adding mock interface to class org/apache/hadoop/hdfs/protocol/LocatedBlock
2024-11-12 13:43:13,491 INFO  CreateClassResetClassAdapter - Found static initializer in class org/apache/hadoop/hdfs/protocol/LocatedBlock
2024-11-12 13:43:13,491 INFO  EvoClassLoader - Defined package (3): package org.apache.hadoop.hdfs.protocol, -1396960598
2024-11-12 13:43:13,491 INFO  EvoClassLoader - Keeping class: org.apache.hadoop.hdfs.protocol.LocatedBlock
2024-11-12 13:43:13,491 INFO  EvoClassLoader - Keeping class: org.apache.hadoop.hdfs.server.protocol.BlockRecoveryCommand$RecoveringBlock
2024-11-12 13:43:13,491 INFO  EvoClassLoader - Keeping class: org.apache.hadoop.hdfs.server.protocol.BlockRecoveryCommand$RecoveringStripedBlock
2024-11-12 13:43:13,491 INFO  EvoClassLoader - Seeing class for first time: org.apache.hadoop.hdfs.protocol.DatanodeInfo
2024-11-12 13:43:13,491 INFO  EvoClassLoader - Instrumenting class 'org.apache.hadoop.hdfs.protocol.DatanodeInfo'.
2024-11-12 13:43:13,492 INFO  MethodCallReplacementClassAdapter - Adding mock interface to class org/apache/hadoop/hdfs/protocol/DatanodeInfo
2024-11-12 13:43:13,493 INFO  CreateClassResetClassAdapter - Found static initializer in class org/apache/hadoop/hdfs/protocol/DatanodeInfo
2024-11-12 13:43:13,493 INFO  EvoClassLoader - Seeing class for first time: org.apache.hadoop.net.Node
2024-11-12 13:43:13,493 INFO  EvoClassLoader - Instrumenting class 'org.apache.hadoop.net.Node'.
2024-11-12 13:43:13,493 INFO  EvoClassLoader - Defined package (3): package org.apache.hadoop.net, -1243656086
2024-11-12 13:43:13,494 INFO  EvoClassLoader - Keeping class: org.apache.hadoop.net.Node
2024-11-12 13:43:13,494 INFO  EvoClassLoader - Seeing class for first time: org.apache.hadoop.hdfs.protocol.DatanodeID
2024-11-12 13:43:13,494 INFO  EvoClassLoader - Instrumenting class 'org.apache.hadoop.hdfs.protocol.DatanodeID'.
2024-11-12 13:43:13,494 INFO  MethodCallReplacementClassAdapter - Adding mock interface to class org/apache/hadoop/hdfs/protocol/DatanodeID
2024-11-12 13:43:13,494 INFO  CreateClassResetClassAdapter - Found static initializer in class org/apache/hadoop/hdfs/protocol/DatanodeID
2024-11-12 13:43:13,494 INFO  EvoClassLoader - Keeping class: org.apache.hadoop.hdfs.protocol.DatanodeID
2024-11-12 13:43:13,494 INFO  EvoClassLoader - Keeping class: org.apache.hadoop.hdfs.protocol.DatanodeInfo
2024-11-12 13:43:13,495 INFO  EvoClassLoader - Seeing class for first time: org.apache.hadoop.hdfs.protocol.DatanodeInfoWithStorage
2024-11-12 13:43:13,495 INFO  EvoClassLoader - Instrumenting class 'org.apache.hadoop.hdfs.protocol.DatanodeInfoWithStorage'.
2024-11-12 13:43:13,495 INFO  MethodCallReplacementClassAdapter - Adding mock interface to class org/apache/hadoop/hdfs/protocol/DatanodeInfoWithStorage
2024-11-12 13:43:13,495 INFO  CreateClassResetClassAdapter - Creating brand-new static initializer in class org/apache/hadoop/hdfs/protocol/DatanodeInfoWithStorage
2024-11-12 13:43:13,495 INFO  EvoClassLoader - Keeping class: org.apache.hadoop.hdfs.protocol.DatanodeInfoWithStorage
2024-11-12 13:43:13,495 INFO  EvoClassLoader - Seeing class for first time: org.apache.hadoop.hdfs.protocol.LocatedBlock$ProvidedLastComparator
2024-11-12 13:43:13,495 INFO  EvoClassLoader - Instrumenting class 'org.apache.hadoop.hdfs.protocol.LocatedBlock$ProvidedLastComparator'.
2024-11-12 13:43:13,495 INFO  MethodCallReplacementClassAdapter - Adding mock interface to class org/apache/hadoop/hdfs/protocol/LocatedBlock$ProvidedLastComparator
2024-11-12 13:43:13,495 INFO  CreateClassResetClassAdapter - Creating brand-new static initializer in class org/apache/hadoop/hdfs/protocol/LocatedBlock$ProvidedLastComparator
2024-11-12 13:43:13,495 INFO  EvoClassLoader - Keeping class: org.apache.hadoop.hdfs.protocol.LocatedBlock$ProvidedLastComparator
2024-11-12 13:43:13,496 INFO  EvoClassLoader - Seeing class for first time: com.ctc.wstx.sr.CompactNsContext
2024-11-12 13:43:13,496 INFO  EvoClassLoader - Instrumenting class 'com.ctc.wstx.sr.CompactNsContext'.
2024-11-12 13:43:13,496 INFO  MethodCallReplacementClassAdapter - Adding mock interface to class com/ctc/wstx/sr/CompactNsContext
2024-11-12 13:43:13,496 INFO  CreateClassResetClassAdapter - Creating brand-new static initializer in class com/ctc/wstx/sr/CompactNsContext
2024-11-12 13:43:13,496 INFO  EvoClassLoader - Defined package (3): package com.ctc.wstx.sr, 1195124708
2024-11-12 13:43:13,496 INFO  EvoClassLoader - Seeing class for first time: com.ctc.wstx.util.BaseNsContext
2024-11-12 13:43:13,496 INFO  EvoClassLoader - Instrumenting class 'com.ctc.wstx.util.BaseNsContext'.
2024-11-12 13:43:13,497 INFO  MethodCallReplacementClassAdapter - Adding mock interface to class com/ctc/wstx/util/BaseNsContext
2024-11-12 13:43:13,497 INFO  CreateClassResetClassAdapter - Creating brand-new static initializer in class com/ctc/wstx/util/BaseNsContext
2024-11-12 13:43:13,497 INFO  CreateClassResetClassAdapter - Adding bytecode for initializing field UNDECLARED_NS_URI
2024-11-12 13:43:13,497 INFO  EvoClassLoader - Defined package (3): package com.ctc.wstx.util, 1758641223
2024-11-12 13:43:13,497 INFO  EvoClassLoader - Keeping class: com.ctc.wstx.util.BaseNsContext
2024-11-12 13:43:13,497 INFO  EvoClassLoader - Keeping class: com.ctc.wstx.sr.CompactNsContext
2024-11-12 13:43:13,497 INFO  EvoClassLoader - Seeing class for first time: org.apache.hadoop.fs.FileSystem
2024-11-12 13:43:13,497 INFO  EvoClassLoader - Instrumenting class 'org.apache.hadoop.fs.FileSystem'.
2024-11-12 13:43:13,498 INFO  MethodCallReplacementClassAdapter - Adding mock interface to class org/apache/hadoop/fs/FileSystem
2024-11-12 13:43:13,503 INFO  CreateClassResetClassAdapter - Found static initializer in class org/apache/hadoop/fs/FileSystem
2024-11-12 13:43:13,503 INFO  EvoClassLoader - Defined package (3): package org.apache.hadoop.fs, -40118176
2024-11-12 13:43:13,505 INFO  EvoClassLoader - Seeing class for first time: org.apache.hadoop.security.token.DelegationTokenIssuer
2024-11-12 13:43:13,505 INFO  EvoClassLoader - Instrumenting class 'org.apache.hadoop.security.token.DelegationTokenIssuer'.
2024-11-12 13:43:13,505 INFO  EvoClassLoader - Defined package (3): package org.apache.hadoop.security.token, -540953378
2024-11-12 13:43:13,505 INFO  EvoClassLoader - Keeping class: org.apache.hadoop.security.token.DelegationTokenIssuer
2024-11-12 13:43:13,505 INFO  EvoClassLoader - Seeing class for first time: org.apache.hadoop.fs.PathCapabilities
2024-11-12 13:43:13,505 INFO  EvoClassLoader - Instrumenting class 'org.apache.hadoop.fs.PathCapabilities'.
2024-11-12 13:43:13,506 INFO  EvoClassLoader - Keeping class: org.apache.hadoop.fs.PathCapabilities
2024-11-12 13:43:13,506 INFO  EvoClassLoader - Seeing class for first time: org.apache.hadoop.conf.Configured
2024-11-12 13:43:13,506 INFO  EvoClassLoader - Instrumenting class 'org.apache.hadoop.conf.Configured'.
2024-11-12 13:43:13,506 INFO  MethodCallReplacementClassAdapter - Adding mock interface to class org/apache/hadoop/conf/Configured
2024-11-12 13:43:13,506 INFO  CreateClassResetClassAdapter - Creating brand-new static initializer in class org/apache/hadoop/conf/Configured
2024-11-12 13:43:13,506 INFO  EvoClassLoader - Defined package (3): package org.apache.hadoop.conf, 101048823
2024-11-12 13:43:13,506 INFO  EvoClassLoader - Seeing class for first time: org.apache.hadoop.conf.Configurable
2024-11-12 13:43:13,506 INFO  EvoClassLoader - Instrumenting class 'org.apache.hadoop.conf.Configurable'.
2024-11-12 13:43:13,506 INFO  EvoClassLoader - Keeping class: org.apache.hadoop.conf.Configurable
2024-11-12 13:43:13,506 INFO  EvoClassLoader - Keeping class: org.apache.hadoop.conf.Configured
2024-11-12 13:43:13,506 INFO  EvoClassLoader - Keeping class: org.apache.hadoop.fs.FileSystem
2024-11-12 13:43:13,506 INFO  EvoClassLoader - Seeing class for first time: org.apache.hadoop.fs.PathFilter
2024-11-12 13:43:13,506 INFO  EvoClassLoader - Instrumenting class 'org.apache.hadoop.fs.PathFilter'.
2024-11-12 13:43:13,507 INFO  EvoClassLoader - Keeping class: org.apache.hadoop.fs.PathFilter
2024-11-12 13:43:13,507 INFO  EvoClassLoader - Seeing class for first time: org.apache.hadoop.fs.GlobalStorageStatistics$StorageStatisticsProvider
2024-11-12 13:43:13,507 INFO  EvoClassLoader - Instrumenting class 'org.apache.hadoop.fs.GlobalStorageStatistics$StorageStatisticsProvider'.
2024-11-12 13:43:13,507 INFO  EvoClassLoader - Keeping class: org.apache.hadoop.fs.GlobalStorageStatistics$StorageStatisticsProvider
2024-11-12 13:43:13,507 INFO  EvoClassLoader - Seeing class for first time: org.apache.hadoop.fs.ParentNotDirectoryException
2024-11-12 13:43:13,507 INFO  EvoClassLoader - Instrumenting class 'org.apache.hadoop.fs.ParentNotDirectoryException'.
2024-11-12 13:43:13,507 INFO  MethodCallReplacementClassAdapter - Adding mock interface to class org/apache/hadoop/fs/ParentNotDirectoryException
2024-11-12 13:43:13,507 INFO  CreateClassResetClassAdapter - Creating brand-new static initializer in class org/apache/hadoop/fs/ParentNotDirectoryException
2024-11-12 13:43:13,507 INFO  EvoClassLoader - Keeping class: org.apache.hadoop.fs.ParentNotDirectoryException
2024-11-12 13:43:13,507 INFO  EvoClassLoader - Seeing class for first time: org.apache.hadoop.fs.CreateFlag
2024-11-12 13:43:13,507 INFO  EvoClassLoader - Instrumenting class 'org.apache.hadoop.fs.CreateFlag'.
2024-11-12 13:43:13,508 INFO  MethodCallReplacementClassAdapter - Adding mock interface to class org/apache/hadoop/fs/CreateFlag
2024-11-12 13:43:13,508 INFO  CreateClassResetClassAdapter - Found static initializer in class org/apache/hadoop/fs/CreateFlag
2024-11-12 13:43:13,508 INFO  EvoClassLoader - Keeping class: org.apache.hadoop.fs.CreateFlag
2024-11-12 13:43:13,508 INFO  EvoClassLoader - Seeing class for first time: org.apache.hadoop.fs.QuotaUsage
2024-11-12 13:43:13,508 INFO  EvoClassLoader - Instrumenting class 'org.apache.hadoop.fs.QuotaUsage'.
2024-11-12 13:43:13,508 INFO  MethodCallReplacementClassAdapter - Adding mock interface to class org/apache/hadoop/fs/QuotaUsage
2024-11-12 13:43:13,509 INFO  CreateClassResetClassAdapter - Found static initializer in class org/apache/hadoop/fs/QuotaUsage
2024-11-12 13:43:13,509 INFO  EvoClassLoader - Keeping class: org.apache.hadoop.fs.QuotaUsage
2024-11-12 13:43:13,509 INFO  EvoClassLoader - Seeing class for first time: org.apache.hadoop.fs.ContentSummary
2024-11-12 13:43:13,509 INFO  EvoClassLoader - Instrumenting class 'org.apache.hadoop.fs.ContentSummary'.
2024-11-12 13:43:13,509 INFO  MethodCallReplacementClassAdapter - Adding mock interface to class org/apache/hadoop/fs/ContentSummary
2024-11-12 13:43:13,509 INFO  CreateClassResetClassAdapter - Found static initializer in class org/apache/hadoop/fs/ContentSummary
2024-11-12 13:43:13,510 INFO  EvoClassLoader - Seeing class for first time: org.apache.hadoop.io.Writable
2024-11-12 13:43:13,510 INFO  EvoClassLoader - Instrumenting class 'org.apache.hadoop.io.Writable'.
2024-11-12 13:43:13,510 INFO  EvoClassLoader - Defined package (3): package org.apache.hadoop.io, -40118087
2024-11-12 13:43:13,510 INFO  EvoClassLoader - Keeping class: org.apache.hadoop.io.Writable
2024-11-12 13:43:13,510 INFO  EvoClassLoader - Keeping class: org.apache.hadoop.fs.ContentSummary
2024-11-12 13:43:13,510 INFO  EvoClassLoader - Seeing class for first time: org.apache.hadoop.fs.RemoteIterator
2024-11-12 13:43:13,510 INFO  EvoClassLoader - Instrumenting class 'org.apache.hadoop.fs.RemoteIterator'.
2024-11-12 13:43:13,510 INFO  EvoClassLoader - Keeping class: org.apache.hadoop.fs.RemoteIterator
2024-11-12 13:43:13,510 INFO  EvoClassLoader - Seeing class for first time: org.apache.hadoop.fs.LocalFileSystem
2024-11-12 13:43:13,510 INFO  EvoClassLoader - Instrumenting class 'org.apache.hadoop.fs.LocalFileSystem'.
2024-11-12 13:43:13,510 INFO  MethodCallReplacementClassAdapter - Adding mock interface to class org/apache/hadoop/fs/LocalFileSystem
2024-11-12 13:43:13,511 INFO  CreateClassResetClassAdapter - Found static initializer in class org/apache/hadoop/fs/LocalFileSystem
2024-11-12 13:43:13,512 INFO  EvoClassLoader - Seeing class for first time: org.apache.hadoop.fs.ChecksumFileSystem
2024-11-12 13:43:13,512 INFO  EvoClassLoader - Instrumenting class 'org.apache.hadoop.fs.ChecksumFileSystem'.
2024-11-12 13:43:13,512 INFO  MethodCallReplacementClassAdapter - Adding mock interface to class org/apache/hadoop/fs/ChecksumFileSystem
2024-11-12 13:43:13,514 INFO  CreateClassResetClassAdapter - Found static initializer in class org/apache/hadoop/fs/ChecksumFileSystem
2024-11-12 13:43:13,515 INFO  EvoClassLoader - Seeing class for first time: org.apache.hadoop.fs.FilterFileSystem
2024-11-12 13:43:13,515 INFO  EvoClassLoader - Instrumenting class 'org.apache.hadoop.fs.FilterFileSystem'.
2024-11-12 13:43:13,515 INFO  MethodCallReplacementClassAdapter - Adding mock interface to class org/apache/hadoop/fs/FilterFileSystem
2024-11-12 13:43:13,516 INFO  CreateClassResetClassAdapter - Creating brand-new static initializer in class org/apache/hadoop/fs/FilterFileSystem
2024-11-12 13:43:13,516 INFO  EvoClassLoader - Keeping class: org.apache.hadoop.fs.FilterFileSystem
2024-11-12 13:43:13,517 INFO  EvoClassLoader - Keeping class: org.apache.hadoop.fs.ChecksumFileSystem
2024-11-12 13:43:13,517 INFO  EvoClassLoader - Keeping class: org.apache.hadoop.fs.LocalFileSystem
2024-11-12 13:43:13,517 INFO  EvoClassLoader - Seeing class for first time: org.apache.hadoop.security.AccessControlException
2024-11-12 13:43:13,517 INFO  EvoClassLoader - Instrumenting class 'org.apache.hadoop.security.AccessControlException'.
2024-11-12 13:43:13,517 INFO  MethodCallReplacementClassAdapter - Adding mock interface to class org/apache/hadoop/security/AccessControlException
2024-11-12 13:43:13,517 INFO  CreateClassResetClassAdapter - Creating brand-new static initializer in class org/apache/hadoop/security/AccessControlException
2024-11-12 13:43:13,517 INFO  EvoClassLoader - Defined package (3): package org.apache.hadoop.security, 1193150611
2024-11-12 13:43:13,517 INFO  EvoClassLoader - Keeping class: org.apache.hadoop.security.AccessControlException
2024-11-12 13:43:13,517 INFO  EvoClassLoader - Seeing class for first time: org.apache.hadoop.fs.XAttrSetFlag
2024-11-12 13:43:13,517 INFO  EvoClassLoader - Instrumenting class 'org.apache.hadoop.fs.XAttrSetFlag'.
2024-11-12 13:43:13,517 INFO  MethodCallReplacementClassAdapter - Adding mock interface to class org/apache/hadoop/fs/XAttrSetFlag
2024-11-12 13:43:13,518 INFO  CreateClassResetClassAdapter - Found static initializer in class org/apache/hadoop/fs/XAttrSetFlag
2024-11-12 13:43:13,518 INFO  EvoClassLoader - Keeping class: org.apache.hadoop.fs.XAttrSetFlag
2024-11-12 13:43:13,518 INFO  EvoClassLoader - Seeing class for first time: org.apache.hadoop.fs.UnsupportedFileSystemException
2024-11-12 13:43:13,518 INFO  EvoClassLoader - Instrumenting class 'org.apache.hadoop.fs.UnsupportedFileSystemException'.
2024-11-12 13:43:13,518 INFO  MethodCallReplacementClassAdapter - Adding mock interface to class org/apache/hadoop/fs/UnsupportedFileSystemException
2024-11-12 13:43:13,518 INFO  CreateClassResetClassAdapter - Creating brand-new static initializer in class org/apache/hadoop/fs/UnsupportedFileSystemException
2024-11-12 13:43:13,518 INFO  EvoClassLoader - Keeping class: org.apache.hadoop.fs.UnsupportedFileSystemException
2024-11-12 13:43:13,518 INFO  EvoClassLoader - Seeing class for first time: org.apache.hadoop.fs.StorageStatistics
2024-11-12 13:43:13,518 INFO  EvoClassLoader - Instrumenting class 'org.apache.hadoop.fs.StorageStatistics'.
2024-11-12 13:43:13,518 INFO  MethodCallReplacementClassAdapter - Adding mock interface to class org/apache/hadoop/fs/StorageStatistics
2024-11-12 13:43:13,518 INFO  CreateClassResetClassAdapter - Creating brand-new static initializer in class org/apache/hadoop/fs/StorageStatistics
2024-11-12 13:43:13,519 INFO  EvoClassLoader - Keeping class: org.apache.hadoop.fs.StorageStatistics
2024-11-12 13:43:13,519 INFO  EvoClassLoader - Seeing class for first time: org.apache.hadoop.fs.EmptyStorageStatistics
2024-11-12 13:43:13,519 INFO  EvoClassLoader - Instrumenting class 'org.apache.hadoop.fs.EmptyStorageStatistics'.
2024-11-12 13:43:13,519 INFO  MethodCallReplacementClassAdapter - Adding mock interface to class org/apache/hadoop/fs/EmptyStorageStatistics
2024-11-12 13:43:13,519 INFO  CreateClassResetClassAdapter - Creating brand-new static initializer in class org/apache/hadoop/fs/EmptyStorageStatistics
2024-11-12 13:43:13,519 INFO  EvoClassLoader - Keeping class: org.apache.hadoop.fs.EmptyStorageStatistics
2024-11-12 13:43:13,519 INFO  EvoClassLoader - Seeing class for first time: org.apache.hadoop.fs.FSDataOutputStreamBuilder
2024-11-12 13:43:13,519 INFO  EvoClassLoader - Instrumenting class 'org.apache.hadoop.fs.FSDataOutputStreamBuilder'.
2024-11-12 13:43:13,519 INFO  MethodCallReplacementClassAdapter - Adding mock interface to class org/apache/hadoop/fs/FSDataOutputStreamBuilder
2024-11-12 13:43:13,520 INFO  CreateClassResetClassAdapter - Creating brand-new static initializer in class org/apache/hadoop/fs/FSDataOutputStreamBuilder
2024-11-12 13:43:13,520 INFO  EvoClassLoader - Seeing class for first time: org.apache.hadoop.fs.impl.AbstractFSBuilderImpl
2024-11-12 13:43:13,520 INFO  EvoClassLoader - Instrumenting class 'org.apache.hadoop.fs.impl.AbstractFSBuilderImpl'.
2024-11-12 13:43:13,520 INFO  MethodCallReplacementClassAdapter - Adding mock interface to class org/apache/hadoop/fs/impl/AbstractFSBuilderImpl
2024-11-12 13:43:13,520 INFO  CreateClassResetClassAdapter - Creating brand-new static initializer in class org/apache/hadoop/fs/impl/AbstractFSBuilderImpl
2024-11-12 13:43:13,520 INFO  CreateClassResetClassAdapter - Adding bytecode for initializing field UNKNOWN_MANDATORY_KEY
2024-11-12 13:43:13,520 INFO  CreateClassResetClassAdapter - Adding bytecode for initializing field E_BOTH_A_PATH_AND_A_PATH_HANDLE
2024-11-12 13:43:13,520 INFO  EvoClassLoader - Defined package (3): package org.apache.hadoop.fs.impl, -2003435794
2024-11-12 13:43:13,520 INFO  EvoClassLoader - Seeing class for first time: org.apache.hadoop.fs.FSBuilder
2024-11-12 13:43:13,520 INFO  EvoClassLoader - Instrumenting class 'org.apache.hadoop.fs.FSBuilder'.
2024-11-12 13:43:13,521 INFO  EvoClassLoader - Keeping class: org.apache.hadoop.fs.FSBuilder
2024-11-12 13:43:13,521 INFO  EvoClassLoader - Keeping class: org.apache.hadoop.fs.impl.AbstractFSBuilderImpl
2024-11-12 13:43:13,521 INFO  EvoClassLoader - Keeping class: org.apache.hadoop.fs.FSDataOutputStreamBuilder
2024-11-12 13:43:13,521 INFO  EvoClassLoader - Seeing class for first time: org.apache.hadoop.fs.FileSystem$FileSystemDataOutputStreamBuilder
2024-11-12 13:43:13,521 INFO  EvoClassLoader - Instrumenting class 'org.apache.hadoop.fs.FileSystem$FileSystemDataOutputStreamBuilder'.
2024-11-12 13:43:13,521 INFO  MethodCallReplacementClassAdapter - Adding mock interface to class org/apache/hadoop/fs/FileSystem$FileSystemDataOutputStreamBuilder
2024-11-12 13:43:13,521 INFO  CreateClassResetClassAdapter - Creating brand-new static initializer in class org/apache/hadoop/fs/FileSystem$FileSystemDataOutputStreamBuilder
2024-11-12 13:43:13,521 INFO  EvoClassLoader - Keeping class: org.apache.hadoop.fs.FileSystem$FileSystemDataOutputStreamBuilder
2024-11-12 13:43:13,521 INFO  EvoClassLoader - Seeing class for first time: org.apache.hadoop.fs.FileAlreadyExistsException
2024-11-12 13:43:13,521 INFO  EvoClassLoader - Instrumenting class 'org.apache.hadoop.fs.FileAlreadyExistsException'.
2024-11-12 13:43:13,522 INFO  MethodCallReplacementClassAdapter - Adding mock interface to class org/apache/hadoop/fs/FileAlreadyExistsException
2024-11-12 13:43:13,522 INFO  CreateClassResetClassAdapter - Creating brand-new static initializer in class org/apache/hadoop/fs/FileAlreadyExistsException
2024-11-12 13:43:13,522 INFO  EvoClassLoader - Keeping class: org.apache.hadoop.fs.FileAlreadyExistsException
2024-11-12 13:43:13,522 INFO  EvoClassLoader - Seeing class for first time: org.apache.hadoop.fs.FileSystem$Cache
2024-11-12 13:43:13,522 INFO  EvoClassLoader - Instrumenting class 'org.apache.hadoop.fs.FileSystem$Cache'.
2024-11-12 13:43:13,522 INFO  MethodCallReplacementClassAdapter - Adding mock interface to class org/apache/hadoop/fs/FileSystem$Cache
2024-11-12 13:43:13,523 INFO  CreateClassResetClassAdapter - Found static initializer in class org/apache/hadoop/fs/FileSystem$Cache
2024-11-12 13:43:13,523 INFO  EvoClassLoader - Keeping class: org.apache.hadoop.fs.FileSystem$Cache
2024-11-12 13:43:13,524 INFO  EvoClassLoader - Seeing class for first time: org.apache.hadoop.conf.Configuration
2024-11-12 13:43:13,524 INFO  EvoClassLoader - Instrumenting class 'org.apache.hadoop.conf.Configuration'.
2024-11-12 13:43:13,524 INFO  MethodCallReplacementClassAdapter - Adding mock interface to class org/apache/hadoop/conf/Configuration
2024-11-12 13:43:13,528 INFO  CreateClassResetClassAdapter - Found static initializer in class org/apache/hadoop/conf/Configuration
2024-11-12 13:43:13,529 INFO  EvoClassLoader - Keeping class: org.apache.hadoop.conf.Configuration
2024-11-12 13:43:13,531 INFO  EvoClassLoader - Seeing class for first time: com.ctc.wstx.io.InputBootstrapper
2024-11-12 13:43:13,531 INFO  EvoClassLoader - Instrumenting class 'com.ctc.wstx.io.InputBootstrapper'.
2024-11-12 13:43:13,531 INFO  MethodCallReplacementClassAdapter - Adding mock interface to class com/ctc/wstx/io/InputBootstrapper
2024-11-12 13:43:13,531 INFO  CreateClassResetClassAdapter - Creating brand-new static initializer in class com/ctc/wstx/io/InputBootstrapper
2024-11-12 13:43:13,531 INFO  CreateClassResetClassAdapter - Adding bytecode for initializing field ERR_XMLDECL_KW_VERSION
2024-11-12 13:43:13,531 INFO  CreateClassResetClassAdapter - Adding bytecode for initializing field ERR_XMLDECL_KW_ENCODING
2024-11-12 13:43:13,531 INFO  CreateClassResetClassAdapter - Adding bytecode for initializing field ERR_XMLDECL_KW_STANDALONE
2024-11-12 13:43:13,531 INFO  CreateClassResetClassAdapter - Adding bytecode for initializing field ERR_XMLDECL_END_MARKER
2024-11-12 13:43:13,531 INFO  CreateClassResetClassAdapter - Adding bytecode for initializing field ERR_XMLDECL_EXP_SPACE
2024-11-12 13:43:13,531 INFO  CreateClassResetClassAdapter - Adding bytecode for initializing field ERR_XMLDECL_EXP_EQ
2024-11-12 13:43:13,531 INFO  CreateClassResetClassAdapter - Adding bytecode for initializing field ERR_XMLDECL_EXP_ATTRVAL
2024-11-12 13:43:13,531 INFO  CreateClassResetClassAdapter - Adding bytecode for initializing field CHAR_NULL
2024-11-12 13:43:13,531 INFO  CreateClassResetClassAdapter - Adding bytecode for initializing field CHAR_SPACE
2024-11-12 13:43:13,531 INFO  CreateClassResetClassAdapter - Adding bytecode for initializing field CHAR_NEL
2024-11-12 13:43:13,531 INFO  CreateClassResetClassAdapter - Adding bytecode for initializing field CHAR_CR
2024-11-12 13:43:13,531 INFO  CreateClassResetClassAdapter - Adding bytecode for initializing field CHAR_LF
2024-11-12 13:43:13,531 INFO  CreateClassResetClassAdapter - Adding bytecode for initializing field BYTE_NULL
2024-11-12 13:43:13,531 INFO  CreateClassResetClassAdapter - Adding bytecode for initializing field BYTE_CR
2024-11-12 13:43:13,531 INFO  CreateClassResetClassAdapter - Adding bytecode for initializing field BYTE_LF
2024-11-12 13:43:13,532 INFO  EvoClassLoader - Defined package (3): package com.ctc.wstx.io, 1195124395
2024-11-12 13:43:13,532 INFO  EvoClassLoader - Keeping class: com.ctc.wstx.io.InputBootstrapper
2024-11-12 13:43:13,532 INFO  EvoClassLoader - Seeing class for first time: com.ctc.wstx.io.StreamBootstrapper
2024-11-12 13:43:13,532 INFO  EvoClassLoader - Instrumenting class 'com.ctc.wstx.io.StreamBootstrapper'.
2024-11-12 13:43:13,533 INFO  MethodCallReplacementClassAdapter - Adding mock interface to class com/ctc/wstx/io/StreamBootstrapper
2024-11-12 13:43:13,535 INFO  CreateClassResetClassAdapter - Creating brand-new static initializer in class com/ctc/wstx/io/StreamBootstrapper
2024-11-12 13:43:13,535 INFO  CreateClassResetClassAdapter - Adding bytecode for initializing field MIN_BUF_SIZE
2024-11-12 13:43:13,536 INFO  EvoClassLoader - Keeping class: com.ctc.wstx.io.StreamBootstrapper
2024-11-12 13:43:13,536 INFO  EvoClassLoader - Seeing class for first time: org.apache.hadoop.conf.Configuration$NegativeCacheSentinel
2024-11-12 13:43:13,536 INFO  EvoClassLoader - Instrumenting class 'org.apache.hadoop.conf.Configuration$NegativeCacheSentinel'.
2024-11-12 13:43:13,536 INFO  MethodCallReplacementClassAdapter - Adding mock interface to class org/apache/hadoop/conf/Configuration$NegativeCacheSentinel
2024-11-12 13:43:13,537 INFO  CreateClassResetClassAdapter - Creating brand-new static initializer in class org/apache/hadoop/conf/Configuration$NegativeCacheSentinel
2024-11-12 13:43:13,537 INFO  EvoClassLoader - Keeping class: org.apache.hadoop.conf.Configuration$NegativeCacheSentinel
2024-11-12 13:43:13,537 INFO  EvoClassLoader - Seeing class for first time: com.ctc.wstx.stax.WstxInputFactory
2024-11-12 13:43:13,537 INFO  EvoClassLoader - Instrumenting class 'com.ctc.wstx.stax.WstxInputFactory'.
2024-11-12 13:43:13,537 INFO  MethodCallReplacementClassAdapter - Adding mock interface to class com/ctc/wstx/stax/WstxInputFactory
2024-11-12 13:43:13,540 INFO  CreateClassResetClassAdapter - Found static initializer in class com/ctc/wstx/stax/WstxInputFactory
2024-11-12 13:43:13,540 INFO  EvoClassLoader - Defined package (3): package com.ctc.wstx.stax, 1758581405
2024-11-12 13:43:13,540 INFO  EvoClassLoader - Seeing class for first time: com.ctc.wstx.sr.ReaderCreator
2024-11-12 13:43:13,540 INFO  EvoClassLoader - Instrumenting class 'com.ctc.wstx.sr.ReaderCreator'.
2024-11-12 13:43:13,541 INFO  EvoClassLoader - Keeping class: com.ctc.wstx.sr.ReaderCreator
2024-11-12 13:43:13,541 INFO  EvoClassLoader - Seeing class for first time: com.ctc.wstx.cfg.InputConfigFlags
2024-11-12 13:43:13,541 INFO  EvoClassLoader - Instrumenting class 'com.ctc.wstx.cfg.InputConfigFlags'.
2024-11-12 13:43:13,541 INFO  EvoClassLoader - Defined package (3): package com.ctc.wstx.cfg, -1605855361
2024-11-12 13:43:13,541 INFO  EvoClassLoader - Keeping class: com.ctc.wstx.cfg.InputConfigFlags
2024-11-12 13:43:13,541 INFO  EvoClassLoader - Seeing class for first time: org.codehaus.stax2.XMLInputFactory2
2024-11-12 13:43:13,541 INFO  EvoClassLoader - Instrumenting class 'org.codehaus.stax2.XMLInputFactory2'.
2024-11-12 13:43:13,541 INFO  MethodCallReplacementClassAdapter - Adding mock interface to class org/codehaus/stax2/XMLInputFactory2
2024-11-12 13:43:13,541 INFO  CreateClassResetClassAdapter - Creating brand-new static initializer in class org/codehaus/stax2/XMLInputFactory2
2024-11-12 13:43:13,541 INFO  CreateClassResetClassAdapter - Adding bytecode for initializing field P_REPORT_PROLOG_WHITESPACE
2024-11-12 13:43:13,541 INFO  CreateClassResetClassAdapter - Adding bytecode for initializing field P_REPORT_CDATA
2024-11-12 13:43:13,541 INFO  CreateClassResetClassAdapter - Adding bytecode for initializing field P_LAZY_PARSING
2024-11-12 13:43:13,541 INFO  CreateClassResetClassAdapter - Adding bytecode for initializing field P_INTERN_NAMES
2024-11-12 13:43:13,541 INFO  CreateClassResetClassAdapter - Adding bytecode for initializing field P_INTERN_NS_URIS
2024-11-12 13:43:13,541 INFO  CreateClassResetClassAdapter - Adding bytecode for initializing field P_PRESERVE_LOCATION
2024-11-12 13:43:13,541 INFO  CreateClassResetClassAdapter - Adding bytecode for initializing field P_AUTO_CLOSE_INPUT
2024-11-12 13:43:13,541 INFO  CreateClassResetClassAdapter - Adding bytecode for initializing field P_DTD_OVERRIDE
2024-11-12 13:43:13,541 INFO  EvoClassLoader - Defined package (3): package org.codehaus.stax2, -1889860742
2024-11-12 13:43:13,541 INFO  EvoClassLoader - Seeing class for first time: org.codehaus.stax2.XMLStreamProperties
2024-11-12 13:43:13,541 INFO  EvoClassLoader - Instrumenting class 'org.codehaus.stax2.XMLStreamProperties'.
2024-11-12 13:43:13,542 INFO  EvoClassLoader - Keeping class: org.codehaus.stax2.XMLStreamProperties
2024-11-12 13:43:13,542 INFO  EvoClassLoader - Keeping class: org.codehaus.stax2.XMLInputFactory2
2024-11-12 13:43:13,542 INFO  EvoClassLoader - Keeping class: com.ctc.wstx.stax.WstxInputFactory
2024-11-12 13:43:13,542 INFO  EvoClassLoader - Seeing class for first time: org.codehaus.stax2.XMLEventReader2
2024-11-12 13:43:13,542 INFO  EvoClassLoader - Instrumenting class 'org.codehaus.stax2.XMLEventReader2'.
2024-11-12 13:43:13,542 INFO  EvoClassLoader - Keeping class: org.codehaus.stax2.XMLEventReader2
2024-11-12 13:43:13,542 INFO  EvoClassLoader - Seeing class for first time: com.ctc.wstx.exc.WstxIOException
2024-11-12 13:43:13,542 INFO  EvoClassLoader - Instrumenting class 'com.ctc.wstx.exc.WstxIOException'.
2024-11-12 13:43:13,543 INFO  MethodCallReplacementClassAdapter - Adding mock interface to class com/ctc/wstx/exc/WstxIOException
2024-11-12 13:43:13,543 INFO  CreateClassResetClassAdapter - Creating brand-new static initializer in class com/ctc/wstx/exc/WstxIOException
2024-11-12 13:43:13,543 INFO  EvoClassLoader - Defined package (3): package com.ctc.wstx.exc, -1605852885
2024-11-12 13:43:13,543 INFO  EvoClassLoader - Seeing class for first time: com.ctc.wstx.exc.WstxException
2024-11-12 13:43:13,543 INFO  EvoClassLoader - Instrumenting class 'com.ctc.wstx.exc.WstxException'.
2024-11-12 13:43:13,543 INFO  MethodCallReplacementClassAdapter - Adding mock interface to class com/ctc/wstx/exc/WstxException
2024-11-12 13:43:13,543 INFO  CreateClassResetClassAdapter - Creating brand-new static initializer in class com/ctc/wstx/exc/WstxException
2024-11-12 13:43:13,543 INFO  EvoClassLoader - Keeping class: com.ctc.wstx.exc.WstxException
2024-11-12 13:43:13,543 INFO  EvoClassLoader - Keeping class: com.ctc.wstx.exc.WstxIOException
2024-11-12 13:43:13,543 INFO  EvoClassLoader - Seeing class for first time: org.codehaus.stax2.XMLStreamReader2
2024-11-12 13:43:13,543 INFO  EvoClassLoader - Instrumenting class 'org.codehaus.stax2.XMLStreamReader2'.
2024-11-12 13:43:13,544 INFO  EvoClassLoader - Seeing class for first time: org.codehaus.stax2.typed.TypedXMLStreamReader
2024-11-12 13:43:13,544 INFO  EvoClassLoader - Instrumenting class 'org.codehaus.stax2.typed.TypedXMLStreamReader'.
2024-11-12 13:43:13,544 INFO  EvoClassLoader - Defined package (3): package org.codehaus.stax2.typed, -1667283722
2024-11-12 13:43:13,544 INFO  EvoClassLoader - Keeping class: org.codehaus.stax2.typed.TypedXMLStreamReader
2024-11-12 13:43:13,544 INFO  EvoClassLoader - Seeing class for first time: org.codehaus.stax2.validation.Validatable
2024-11-12 13:43:13,544 INFO  EvoClassLoader - Instrumenting class 'org.codehaus.stax2.validation.Validatable'.
2024-11-12 13:43:13,544 INFO  EvoClassLoader - Defined package (3): package org.codehaus.stax2.validation, 1474122605
2024-11-12 13:43:13,544 INFO  EvoClassLoader - Keeping class: org.codehaus.stax2.validation.Validatable
2024-11-12 13:43:13,544 INFO  EvoClassLoader - Keeping class: org.codehaus.stax2.XMLStreamReader2
2024-11-12 13:43:13,544 INFO  EvoClassLoader - Seeing class for first time: com.ctc.wstx.io.ReaderBootstrapper
2024-11-12 13:43:13,544 INFO  EvoClassLoader - Instrumenting class 'com.ctc.wstx.io.ReaderBootstrapper'.
2024-11-12 13:43:13,544 INFO  MethodCallReplacementClassAdapter - Adding mock interface to class com/ctc/wstx/io/ReaderBootstrapper
2024-11-12 13:43:13,545 INFO  CreateClassResetClassAdapter - Creating brand-new static initializer in class com/ctc/wstx/io/ReaderBootstrapper
2024-11-12 13:43:13,545 INFO  CreateClassResetClassAdapter - Adding bytecode for initializing field CHAR_BOM_MARKER
2024-11-12 13:43:13,545 INFO  EvoClassLoader - Keeping class: com.ctc.wstx.io.ReaderBootstrapper
2024-11-12 13:43:13,545 INFO  EvoClassLoader - Seeing class for first time: com.ctc.wstx.util.DefaultXmlSymbolTable
2024-11-12 13:43:13,545 INFO  EvoClassLoader - Instrumenting class 'com.ctc.wstx.util.DefaultXmlSymbolTable'.
2024-11-12 13:43:13,545 INFO  MethodCallReplacementClassAdapter - Adding mock interface to class com/ctc/wstx/util/DefaultXmlSymbolTable
2024-11-12 13:43:13,545 INFO  CreateClassResetClassAdapter - Found static initializer in class com/ctc/wstx/util/DefaultXmlSymbolTable
2024-11-12 13:43:13,546 INFO  EvoClassLoader - Keeping class: com.ctc.wstx.util.DefaultXmlSymbolTable
2024-11-12 13:43:13,546 INFO  EvoClassLoader - Seeing class for first time: com.ctc.wstx.util.SymbolTable
2024-11-12 13:43:13,546 INFO  EvoClassLoader - Instrumenting class 'com.ctc.wstx.util.SymbolTable'.
2024-11-12 13:43:13,546 INFO  MethodCallReplacementClassAdapter - Adding mock interface to class com/ctc/wstx/util/SymbolTable
2024-11-12 13:43:13,547 INFO  CreateClassResetClassAdapter - Creating brand-new static initializer in class com/ctc/wstx/util/SymbolTable
2024-11-12 13:43:13,547 INFO  CreateClassResetClassAdapter - Adding bytecode for initializing field DEFAULT_TABLE_SIZE
2024-11-12 13:43:13,547 INFO  CreateClassResetClassAdapter - Adding bytecode for initializing field DEFAULT_FILL_FACTOR
2024-11-12 13:43:13,547 INFO  CreateClassResetClassAdapter - Adding bytecode for initializing field EMPTY_STRING
2024-11-12 13:43:13,547 INFO  EvoClassLoader - Keeping class: com.ctc.wstx.util.SymbolTable
2024-11-12 13:43:13,547 INFO  EvoClassLoader - Seeing class for first time: com.ctc.wstx.util.SymbolTable$Bucket
2024-11-12 13:43:13,547 INFO  EvoClassLoader - Instrumenting class 'com.ctc.wstx.util.SymbolTable$Bucket'.
2024-11-12 13:43:13,547 INFO  MethodCallReplacementClassAdapter - Adding mock interface to class com/ctc/wstx/util/SymbolTable$Bucket
2024-11-12 13:43:13,547 INFO  CreateClassResetClassAdapter - Creating brand-new static initializer in class com/ctc/wstx/util/SymbolTable$Bucket
2024-11-12 13:43:13,548 INFO  EvoClassLoader - Keeping class: com.ctc.wstx.util.SymbolTable$Bucket
2024-11-12 13:43:13,548 INFO  EvoClassLoader - Seeing class for first time: com.ctc.wstx.api.ReaderConfig
2024-11-12 13:43:13,548 INFO  EvoClassLoader - Instrumenting class 'com.ctc.wstx.api.ReaderConfig'.
2024-11-12 13:43:13,548 INFO  MethodCallReplacementClassAdapter - Adding mock interface to class com/ctc/wstx/api/ReaderConfig
2024-11-12 13:43:13,550 INFO  CreateClassResetClassAdapter - Found static initializer in class com/ctc/wstx/api/ReaderConfig
2024-11-12 13:43:13,550 INFO  EvoClassLoader - Defined package (3): package com.ctc.wstx.api, -1605856971
2024-11-12 13:43:13,551 INFO  EvoClassLoader - Seeing class for first time: com.ctc.wstx.api.CommonConfig
2024-11-12 13:43:13,551 INFO  EvoClassLoader - Instrumenting class 'com.ctc.wstx.api.CommonConfig'.
2024-11-12 13:43:13,551 INFO  MethodCallReplacementClassAdapter - Adding mock interface to class com/ctc/wstx/api/CommonConfig
2024-11-12 13:43:13,552 INFO  CreateClassResetClassAdapter - Found static initializer in class com/ctc/wstx/api/CommonConfig
2024-11-12 13:43:13,553 INFO  EvoClassLoader - Keeping class: com.ctc.wstx.api.CommonConfig
2024-11-12 13:43:13,553 INFO  EvoClassLoader - Keeping class: com.ctc.wstx.api.ReaderConfig
2024-11-12 13:43:13,554 INFO  EvoClassLoader - Seeing class for first time: com.ctc.wstx.api.WstxInputProperties
2024-11-12 13:43:13,554 INFO  EvoClassLoader - Instrumenting class 'com.ctc.wstx.api.WstxInputProperties'.
2024-11-12 13:43:13,554 INFO  MethodCallReplacementClassAdapter - Adding mock interface to class com/ctc/wstx/api/WstxInputProperties
2024-11-12 13:43:13,554 INFO  CreateClassResetClassAdapter - Found static initializer in class com/ctc/wstx/api/WstxInputProperties
2024-11-12 13:43:13,554 INFO  EvoClassLoader - Keeping class: com.ctc.wstx.api.WstxInputProperties
2024-11-12 13:43:13,554 INFO  EvoClassLoader - Seeing class for first time: com.ctc.wstx.api.WstxInputProperties$ParsingMode
2024-11-12 13:43:13,554 INFO  EvoClassLoader - Instrumenting class 'com.ctc.wstx.api.WstxInputProperties$ParsingMode'.
2024-11-12 13:43:13,554 INFO  MethodCallReplacementClassAdapter - Adding mock interface to class com/ctc/wstx/api/WstxInputProperties$ParsingMode
2024-11-12 13:43:13,554 INFO  CreateClassResetClassAdapter - Creating brand-new static initializer in class com/ctc/wstx/api/WstxInputProperties$ParsingMode
2024-11-12 13:43:13,555 INFO  EvoClassLoader - Keeping class: com.ctc.wstx.api.WstxInputProperties$ParsingMode
2024-11-12 13:43:13,555 INFO  EvoClassLoader - Seeing class for first time: org.apache.hadoop.conf.Configuration$DeprecationDelta
2024-11-12 13:43:13,555 INFO  EvoClassLoader - Instrumenting class 'org.apache.hadoop.conf.Configuration$DeprecationDelta'.
2024-11-12 13:43:13,555 INFO  MethodCallReplacementClassAdapter - Adding mock interface to class org/apache/hadoop/conf/Configuration$DeprecationDelta
2024-11-12 13:43:13,555 INFO  CreateClassResetClassAdapter - Creating brand-new static initializer in class org/apache/hadoop/conf/Configuration$DeprecationDelta
2024-11-12 13:43:13,555 INFO  EvoClassLoader - Keeping class: org.apache.hadoop.conf.Configuration$DeprecationDelta
2024-11-12 13:43:13,555 INFO  EvoClassLoader - Seeing class for first time: org.apache.hadoop.util.Preconditions
2024-11-12 13:43:13,555 INFO  EvoClassLoader - Instrumenting class 'org.apache.hadoop.util.Preconditions'.
2024-11-12 13:43:13,555 INFO  MethodCallReplacementClassAdapter - Adding mock interface to class org/apache/hadoop/util/Preconditions
2024-11-12 13:43:13,556 INFO  CreateClassResetClassAdapter - Found static initializer in class org/apache/hadoop/util/Preconditions
2024-11-12 13:43:13,557 INFO  EvoClassLoader - Keeping class: org.apache.hadoop.util.Preconditions
2024-11-12 13:43:13,557 INFO  EvoClassLoader - Seeing class for first time: org.apache.hadoop.conf.Configuration$DeprecationContext
2024-11-12 13:43:13,557 INFO  EvoClassLoader - Instrumenting class 'org.apache.hadoop.conf.Configuration$DeprecationContext'.
2024-11-12 13:43:13,557 INFO  MethodCallReplacementClassAdapter - Adding mock interface to class org/apache/hadoop/conf/Configuration$DeprecationContext
2024-11-12 13:43:13,558 INFO  CreateClassResetClassAdapter - Creating brand-new static initializer in class org/apache/hadoop/conf/Configuration$DeprecationContext
2024-11-12 13:43:13,558 INFO  EvoClassLoader - Keeping class: org.apache.hadoop.conf.Configuration$DeprecationContext
2024-11-12 13:43:13,558 INFO  EvoClassLoader - Seeing class for first time: org.apache.hadoop.conf.Configuration$DeprecatedKeyInfo
2024-11-12 13:43:13,558 INFO  EvoClassLoader - Instrumenting class 'org.apache.hadoop.conf.Configuration$DeprecatedKeyInfo'.
2024-11-12 13:43:13,558 INFO  MethodCallReplacementClassAdapter - Adding mock interface to class org/apache/hadoop/conf/Configuration$DeprecatedKeyInfo
2024-11-12 13:43:13,558 INFO  CreateClassResetClassAdapter - Creating brand-new static initializer in class org/apache/hadoop/conf/Configuration$DeprecatedKeyInfo
2024-11-12 13:43:13,559 INFO  EvoClassLoader - Keeping class: org.apache.hadoop.conf.Configuration$DeprecatedKeyInfo
2024-11-12 13:43:13,559 INFO  EvoClassLoader - Seeing class for first time: org.apache.commons.collections.map.UnmodifiableMap
2024-11-12 13:43:13,559 INFO  EvoClassLoader - Instrumenting class 'org.apache.commons.collections.map.UnmodifiableMap'.
2024-11-12 13:43:13,559 INFO  MethodCallReplacementClassAdapter - Adding mock interface to class org/apache/commons/collections/map/UnmodifiableMap
2024-11-12 13:43:13,559 INFO  CreateClassResetClassAdapter - Creating brand-new static initializer in class org/apache/commons/collections/map/UnmodifiableMap
2024-11-12 13:43:13,559 INFO  EvoClassLoader - Defined package (3): package org.apache.commons.collections.map, -1340437721
2024-11-12 13:43:13,559 INFO  EvoClassLoader - Seeing class for first time: org.apache.commons.collections.IterableMap
2024-11-12 13:43:13,559 INFO  EvoClassLoader - Instrumenting class 'org.apache.commons.collections.IterableMap'.
2024-11-12 13:43:13,560 INFO  EvoClassLoader - Defined package (3): package org.apache.commons.collections, -177651399
2024-11-12 13:43:13,560 INFO  EvoClassLoader - Keeping class: org.apache.commons.collections.IterableMap
2024-11-12 13:43:13,560 INFO  EvoClassLoader - Seeing class for first time: org.apache.commons.collections.Unmodifiable
2024-11-12 13:43:13,560 INFO  EvoClassLoader - Instrumenting class 'org.apache.commons.collections.Unmodifiable'.
2024-11-12 13:43:13,560 INFO  EvoClassLoader - Keeping class: org.apache.commons.collections.Unmodifiable
2024-11-12 13:43:13,560 INFO  EvoClassLoader - Seeing class for first time: org.apache.commons.collections.map.AbstractMapDecorator
2024-11-12 13:43:13,560 INFO  EvoClassLoader - Instrumenting class 'org.apache.commons.collections.map.AbstractMapDecorator'.
2024-11-12 13:43:13,560 INFO  MethodCallReplacementClassAdapter - Adding mock interface to class org/apache/commons/collections/map/AbstractMapDecorator
2024-11-12 13:43:13,561 INFO  CreateClassResetClassAdapter - Creating brand-new static initializer in class org/apache/commons/collections/map/AbstractMapDecorator
2024-11-12 13:43:13,561 INFO  EvoClassLoader - Keeping class: org.apache.commons.collections.map.AbstractMapDecorator
2024-11-12 13:43:13,561 INFO  EvoClassLoader - Keeping class: org.apache.commons.collections.map.UnmodifiableMap
2024-11-12 13:43:13,562 INFO  EvoClassLoader - Seeing class for first time: org.apache.commons.collections.MapIterator
2024-11-12 13:43:13,562 INFO  EvoClassLoader - Instrumenting class 'org.apache.commons.collections.MapIterator'.
2024-11-12 13:43:13,562 INFO  EvoClassLoader - Keeping class: org.apache.commons.collections.MapIterator
2024-11-12 13:43:13,562 INFO  EvoClassLoader - Seeing class for first time: org.apache.hadoop.fs.FileSystem$Cache$ClientFinalizer
2024-11-12 13:43:13,562 INFO  EvoClassLoader - Instrumenting class 'org.apache.hadoop.fs.FileSystem$Cache$ClientFinalizer'.
2024-11-12 13:43:13,563 INFO  MethodCallReplacementClassAdapter - Adding mock interface to class org/apache/hadoop/fs/FileSystem$Cache$ClientFinalizer
2024-11-12 13:43:13,563 INFO  CreateClassResetClassAdapter - Creating brand-new static initializer in class org/apache/hadoop/fs/FileSystem$Cache$ClientFinalizer
2024-11-12 13:43:13,563 INFO  EvoClassLoader - Keeping class: org.apache.hadoop.fs.FileSystem$Cache$ClientFinalizer
2024-11-12 13:43:13,563 INFO  EvoClassLoader - Seeing class for first time: org.apache.hadoop.conf.Configuration$Resource
2024-11-12 13:43:13,563 INFO  EvoClassLoader - Instrumenting class 'org.apache.hadoop.conf.Configuration$Resource'.
2024-11-12 13:43:13,563 INFO  MethodCallReplacementClassAdapter - Adding mock interface to class org/apache/hadoop/conf/Configuration$Resource
2024-11-12 13:43:13,563 INFO  CreateClassResetClassAdapter - Creating brand-new static initializer in class org/apache/hadoop/conf/Configuration$Resource
2024-11-12 13:43:13,564 INFO  EvoClassLoader - Keeping class: org.apache.hadoop.conf.Configuration$Resource
2024-11-12 13:43:13,564 INFO  EvoClassLoader - Seeing class for first time: com.ctc.wstx.io.SystemId
2024-11-12 13:43:13,564 INFO  EvoClassLoader - Instrumenting class 'com.ctc.wstx.io.SystemId'.
2024-11-12 13:43:13,564 INFO  MethodCallReplacementClassAdapter - Adding mock interface to class com/ctc/wstx/io/SystemId
2024-11-12 13:43:13,565 INFO  CreateClassResetClassAdapter - Creating brand-new static initializer in class com/ctc/wstx/io/SystemId
2024-11-12 13:43:13,565 INFO  EvoClassLoader - Keeping class: com.ctc.wstx.io.SystemId
2024-11-12 13:43:13,565 INFO  EvoClassLoader - Seeing class for first time: com.ctc.wstx.exc.WstxParsingException
2024-11-12 13:43:13,565 INFO  EvoClassLoader - Instrumenting class 'com.ctc.wstx.exc.WstxParsingException'.
2024-11-12 13:43:13,566 INFO  MethodCallReplacementClassAdapter - Adding mock interface to class com/ctc/wstx/exc/WstxParsingException
2024-11-12 13:43:13,566 INFO  CreateClassResetClassAdapter - Creating brand-new static initializer in class com/ctc/wstx/exc/WstxParsingException
2024-11-12 13:43:13,566 INFO  EvoClassLoader - Keeping class: com.ctc.wstx.exc.WstxParsingException
2024-11-12 13:43:13,566 INFO  EvoClassLoader - Seeing class for first time: com.ctc.wstx.exc.WstxUnexpectedCharException
2024-11-12 13:43:13,566 INFO  EvoClassLoader - Instrumenting class 'com.ctc.wstx.exc.WstxUnexpectedCharException'.
2024-11-12 13:43:13,566 INFO  MethodCallReplacementClassAdapter - Adding mock interface to class com/ctc/wstx/exc/WstxUnexpectedCharException
2024-11-12 13:43:13,566 INFO  CreateClassResetClassAdapter - Creating brand-new static initializer in class com/ctc/wstx/exc/WstxUnexpectedCharException
2024-11-12 13:43:13,567 INFO  EvoClassLoader - Keeping class: com.ctc.wstx.exc.WstxUnexpectedCharException
2024-11-12 13:43:13,567 INFO  EvoClassLoader - Seeing class for first time: com.ctc.wstx.exc.WstxEOFException
2024-11-12 13:43:13,567 INFO  EvoClassLoader - Instrumenting class 'com.ctc.wstx.exc.WstxEOFException'.
2024-11-12 13:43:13,568 INFO  MethodCallReplacementClassAdapter - Adding mock interface to class com/ctc/wstx/exc/WstxEOFException
2024-11-12 13:43:13,568 INFO  CreateClassResetClassAdapter - Creating brand-new static initializer in class com/ctc/wstx/exc/WstxEOFException
2024-11-12 13:43:13,568 INFO  EvoClassLoader - Keeping class: com.ctc.wstx.exc.WstxEOFException
2024-11-12 13:43:13,568 INFO  EvoClassLoader - Seeing class for first time: com.ctc.wstx.io.BaseReader
2024-11-12 13:43:13,568 INFO  EvoClassLoader - Instrumenting class 'com.ctc.wstx.io.BaseReader'.
2024-11-12 13:43:13,568 INFO  MethodCallReplacementClassAdapter - Adding mock interface to class com/ctc/wstx/io/BaseReader
2024-11-12 13:43:13,569 INFO  CreateClassResetClassAdapter - Creating brand-new static initializer in class com/ctc/wstx/io/BaseReader
2024-11-12 13:43:13,569 INFO  CreateClassResetClassAdapter - Adding bytecode for initializing field NULL_CHAR
2024-11-12 13:43:13,569 INFO  CreateClassResetClassAdapter - Adding bytecode for initializing field NULL_BYTE
2024-11-12 13:43:13,569 INFO  CreateClassResetClassAdapter - Adding bytecode for initializing field CONVERT_NEL_TO
2024-11-12 13:43:13,569 INFO  CreateClassResetClassAdapter - Adding bytecode for initializing field CONVERT_LSEP_TO
2024-11-12 13:43:13,569 INFO  CreateClassResetClassAdapter - Adding bytecode for initializing field CHAR_DEL
2024-11-12 13:43:13,569 INFO  EvoClassLoader - Keeping class: com.ctc.wstx.io.BaseReader
2024-11-12 13:43:13,569 INFO  EvoClassLoader - Seeing class for first time: com.ctc.wstx.io.UTF8Reader
2024-11-12 13:43:13,569 INFO  EvoClassLoader - Instrumenting class 'com.ctc.wstx.io.UTF8Reader'.
2024-11-12 13:43:13,570 INFO  MethodCallReplacementClassAdapter - Adding mock interface to class com/ctc/wstx/io/UTF8Reader
2024-11-12 13:43:13,570 INFO  CreateClassResetClassAdapter - Creating brand-new static initializer in class com/ctc/wstx/io/UTF8Reader
2024-11-12 13:43:13,570 INFO  EvoClassLoader - Keeping class: com.ctc.wstx.io.UTF8Reader
2024-11-12 13:43:13,570 INFO  EvoClassLoader - Seeing class for first time: com.ctc.wstx.io.ISOLatinReader
2024-11-12 13:43:13,570 INFO  EvoClassLoader - Instrumenting class 'com.ctc.wstx.io.ISOLatinReader'.
2024-11-12 13:43:13,570 INFO  MethodCallReplacementClassAdapter - Adding mock interface to class com/ctc/wstx/io/ISOLatinReader
2024-11-12 13:43:13,571 INFO  CreateClassResetClassAdapter - Creating brand-new static initializer in class com/ctc/wstx/io/ISOLatinReader
2024-11-12 13:43:13,571 INFO  EvoClassLoader - Keeping class: com.ctc.wstx.io.ISOLatinReader
2024-11-12 13:43:13,571 INFO  EvoClassLoader - Seeing class for first time: com.ctc.wstx.io.AsciiReader
2024-11-12 13:43:13,571 INFO  EvoClassLoader - Instrumenting class 'com.ctc.wstx.io.AsciiReader'.
2024-11-12 13:43:13,571 INFO  MethodCallReplacementClassAdapter - Adding mock interface to class com/ctc/wstx/io/AsciiReader
2024-11-12 13:43:13,571 INFO  CreateClassResetClassAdapter - Creating brand-new static initializer in class com/ctc/wstx/io/AsciiReader
2024-11-12 13:43:13,571 INFO  EvoClassLoader - Keeping class: com.ctc.wstx.io.AsciiReader
2024-11-12 13:43:13,571 INFO  EvoClassLoader - Seeing class for first time: com.ctc.wstx.io.UTF32Reader
2024-11-12 13:43:13,571 INFO  EvoClassLoader - Instrumenting class 'com.ctc.wstx.io.UTF32Reader'.
2024-11-12 13:43:13,571 INFO  MethodCallReplacementClassAdapter - Adding mock interface to class com/ctc/wstx/io/UTF32Reader
2024-11-12 13:43:13,571 INFO  CreateClassResetClassAdapter - Creating brand-new static initializer in class com/ctc/wstx/io/UTF32Reader
2024-11-12 13:43:13,572 INFO  EvoClassLoader - Keeping class: com.ctc.wstx.io.UTF32Reader
2024-11-12 13:43:13,572 INFO  EvoClassLoader - Seeing class for first time: com.ctc.wstx.io.MergedStream
2024-11-12 13:43:13,572 INFO  EvoClassLoader - Instrumenting class 'com.ctc.wstx.io.MergedStream'.
2024-11-12 13:43:13,572 INFO  MethodCallReplacementClassAdapter - Adding mock interface to class com/ctc/wstx/io/MergedStream
2024-11-12 13:43:13,572 INFO  CreateClassResetClassAdapter - Creating brand-new static initializer in class com/ctc/wstx/io/MergedStream
2024-11-12 13:43:13,572 INFO  EvoClassLoader - Keeping class: com.ctc.wstx.io.MergedStream
2024-11-12 13:43:13,575 INFO  EvoClassLoader - Seeing class for first time: com.ctc.wstx.io.InputSourceFactory
2024-11-12 13:43:13,575 INFO  EvoClassLoader - Instrumenting class 'com.ctc.wstx.io.InputSourceFactory'.
2024-11-12 13:43:13,575 INFO  MethodCallReplacementClassAdapter - Adding mock interface to class com/ctc/wstx/io/InputSourceFactory
2024-11-12 13:43:13,575 INFO  CreateClassResetClassAdapter - Creating brand-new static initializer in class com/ctc/wstx/io/InputSourceFactory
2024-11-12 13:43:13,575 INFO  EvoClassLoader - Keeping class: com.ctc.wstx.io.InputSourceFactory
2024-11-12 13:43:13,575 INFO  EvoClassLoader - Seeing class for first time: com.ctc.wstx.io.WstxInputSource
2024-11-12 13:43:13,575 INFO  EvoClassLoader - Instrumenting class 'com.ctc.wstx.io.WstxInputSource'.
2024-11-12 13:43:13,575 INFO  MethodCallReplacementClassAdapter - Adding mock interface to class com/ctc/wstx/io/WstxInputSource
2024-11-12 13:43:13,576 INFO  CreateClassResetClassAdapter - Creating brand-new static initializer in class com/ctc/wstx/io/WstxInputSource
2024-11-12 13:43:13,576 INFO  EvoClassLoader - Keeping class: com.ctc.wstx.io.WstxInputSource
2024-11-12 13:43:13,576 INFO  EvoClassLoader - Seeing class for first time: com.ctc.wstx.io.CharArraySource
2024-11-12 13:43:13,576 INFO  EvoClassLoader - Instrumenting class 'com.ctc.wstx.io.CharArraySource'.
2024-11-12 13:43:13,576 INFO  MethodCallReplacementClassAdapter - Adding mock interface to class com/ctc/wstx/io/CharArraySource
2024-11-12 13:43:13,576 INFO  CreateClassResetClassAdapter - Creating brand-new static initializer in class com/ctc/wstx/io/CharArraySource
2024-11-12 13:43:13,576 INFO  EvoClassLoader - Seeing class for first time: com.ctc.wstx.io.BaseInputSource
2024-11-12 13:43:13,576 INFO  EvoClassLoader - Instrumenting class 'com.ctc.wstx.io.BaseInputSource'.
2024-11-12 13:43:13,577 INFO  MethodCallReplacementClassAdapter - Adding mock interface to class com/ctc/wstx/io/BaseInputSource
2024-11-12 13:43:13,577 INFO  CreateClassResetClassAdapter - Creating brand-new static initializer in class com/ctc/wstx/io/BaseInputSource
2024-11-12 13:43:13,577 INFO  EvoClassLoader - Keeping class: com.ctc.wstx.io.BaseInputSource
2024-11-12 13:43:13,577 INFO  EvoClassLoader - Keeping class: com.ctc.wstx.io.CharArraySource
2024-11-12 13:43:13,577 INFO  EvoClassLoader - Seeing class for first time: com.ctc.wstx.io.BranchingReaderSource
2024-11-12 13:43:13,577 INFO  EvoClassLoader - Instrumenting class 'com.ctc.wstx.io.BranchingReaderSource'.
2024-11-12 13:43:13,577 INFO  MethodCallReplacementClassAdapter - Adding mock interface to class com/ctc/wstx/io/BranchingReaderSource
2024-11-12 13:43:13,577 INFO  CreateClassResetClassAdapter - Creating brand-new static initializer in class com/ctc/wstx/io/BranchingReaderSource
2024-11-12 13:43:13,577 INFO  EvoClassLoader - Seeing class for first time: com.ctc.wstx.io.ReaderSource
2024-11-12 13:43:13,577 INFO  EvoClassLoader - Instrumenting class 'com.ctc.wstx.io.ReaderSource'.
2024-11-12 13:43:13,578 INFO  MethodCallReplacementClassAdapter - Adding mock interface to class com/ctc/wstx/io/ReaderSource
2024-11-12 13:43:13,578 INFO  CreateClassResetClassAdapter - Creating brand-new static initializer in class com/ctc/wstx/io/ReaderSource
2024-11-12 13:43:13,578 INFO  EvoClassLoader - Keeping class: com.ctc.wstx.io.ReaderSource
2024-11-12 13:43:13,578 INFO  EvoClassLoader - Keeping class: com.ctc.wstx.io.BranchingReaderSource
2024-11-12 13:43:13,578 INFO  EvoClassLoader - Seeing class for first time: com.ctc.wstx.sr.ValidatingStreamReader
2024-11-12 13:43:13,578 INFO  EvoClassLoader - Instrumenting class 'com.ctc.wstx.sr.ValidatingStreamReader'.
2024-11-12 13:43:13,579 INFO  MethodCallReplacementClassAdapter - Adding mock interface to class com/ctc/wstx/sr/ValidatingStreamReader
2024-11-12 13:43:13,580 INFO  CreateClassResetClassAdapter - Creating brand-new static initializer in class com/ctc/wstx/sr/ValidatingStreamReader
2024-11-12 13:43:13,580 INFO  CreateClassResetClassAdapter - Adding bytecode for initializing field STAX_PROP_ENTITIES
2024-11-12 13:43:13,580 INFO  CreateClassResetClassAdapter - Adding bytecode for initializing field STAX_PROP_NOTATIONS
2024-11-12 13:43:13,581 INFO  EvoClassLoader - Seeing class for first time: com.ctc.wstx.sr.TypedStreamReader
2024-11-12 13:43:13,581 INFO  EvoClassLoader - Instrumenting class 'com.ctc.wstx.sr.TypedStreamReader'.
2024-11-12 13:43:13,581 INFO  MethodCallReplacementClassAdapter - Adding mock interface to class com/ctc/wstx/sr/TypedStreamReader
2024-11-12 13:43:13,584 INFO  CreateClassResetClassAdapter - Creating brand-new static initializer in class com/ctc/wstx/sr/TypedStreamReader
2024-11-12 13:43:13,584 INFO  CreateClassResetClassAdapter - Adding bytecode for initializing field MASK_TYPED_ACCESS_ARRAY
2024-11-12 13:43:13,584 INFO  CreateClassResetClassAdapter - Adding bytecode for initializing field MASK_TYPED_ACCESS_BINARY
2024-11-12 13:43:13,584 INFO  CreateClassResetClassAdapter - Adding bytecode for initializing field MIN_BINARY_CHUNK
2024-11-12 13:43:13,584 INFO  EvoClassLoader - Seeing class for first time: com.ctc.wstx.sr.BasicStreamReader
2024-11-12 13:43:13,584 INFO  EvoClassLoader - Instrumenting class 'com.ctc.wstx.sr.BasicStreamReader'.
2024-11-12 13:43:13,585 INFO  MethodCallReplacementClassAdapter - Adding mock interface to class com/ctc/wstx/sr/BasicStreamReader
2024-11-12 13:43:13,589 INFO  CreateClassResetClassAdapter - Found static initializer in class com/ctc/wstx/sr/BasicStreamReader
2024-11-12 13:43:13,590 INFO  EvoClassLoader - Seeing class for first time: com.ctc.wstx.sr.StreamReaderImpl
2024-11-12 13:43:13,590 INFO  EvoClassLoader - Instrumenting class 'com.ctc.wstx.sr.StreamReaderImpl'.
2024-11-12 13:43:13,590 INFO  EvoClassLoader - Keeping class: com.ctc.wstx.sr.StreamReaderImpl
2024-11-12 13:43:13,590 INFO  EvoClassLoader - Seeing class for first time: org.codehaus.stax2.DTDInfo
2024-11-12 13:43:13,590 INFO  EvoClassLoader - Instrumenting class 'org.codehaus.stax2.DTDInfo'.
2024-11-12 13:43:13,590 INFO  EvoClassLoader - Keeping class: org.codehaus.stax2.DTDInfo
2024-11-12 13:43:13,591 INFO  EvoClassLoader - Seeing class for first time: org.codehaus.stax2.LocationInfo
2024-11-12 13:43:13,591 INFO  EvoClassLoader - Instrumenting class 'org.codehaus.stax2.LocationInfo'.
2024-11-12 13:43:13,591 INFO  EvoClassLoader - Keeping class: org.codehaus.stax2.LocationInfo
2024-11-12 13:43:13,591 INFO  EvoClassLoader - Seeing class for first time: com.ctc.wstx.sr.StreamScanner
2024-11-12 13:43:13,591 INFO  EvoClassLoader - Instrumenting class 'com.ctc.wstx.sr.StreamScanner'.
2024-11-12 13:43:13,592 INFO  MethodCallReplacementClassAdapter - Adding mock interface to class com/ctc/wstx/sr/StreamScanner
2024-11-12 13:43:13,594 INFO  CreateClassResetClassAdapter - Found static initializer in class com/ctc/wstx/sr/StreamScanner
2024-11-12 13:43:13,595 INFO  EvoClassLoader - Seeing class for first time: com.ctc.wstx.sr.InputProblemReporter
2024-11-12 13:43:13,595 INFO  EvoClassLoader - Instrumenting class 'com.ctc.wstx.sr.InputProblemReporter'.
2024-11-12 13:43:13,595 INFO  EvoClassLoader - Keeping class: com.ctc.wstx.sr.InputProblemReporter
2024-11-12 13:43:13,595 INFO  EvoClassLoader - Seeing class for first time: com.ctc.wstx.cfg.ParsingErrorMsgs
2024-11-12 13:43:13,595 INFO  EvoClassLoader - Instrumenting class 'com.ctc.wstx.cfg.ParsingErrorMsgs'.
2024-11-12 13:43:13,595 INFO  EvoClassLoader - Keeping class: com.ctc.wstx.cfg.ParsingErrorMsgs
2024-11-12 13:43:13,596 INFO  EvoClassLoader - Seeing class for first time: com.ctc.wstx.io.WstxInputData
2024-11-12 13:43:13,596 INFO  EvoClassLoader - Instrumenting class 'com.ctc.wstx.io.WstxInputData'.
2024-11-12 13:43:13,596 INFO  MethodCallReplacementClassAdapter - Adding mock interface to class com/ctc/wstx/io/WstxInputData
2024-11-12 13:43:13,596 INFO  CreateClassResetClassAdapter - Found static initializer in class com/ctc/wstx/io/WstxInputData
2024-11-12 13:43:13,596 INFO  EvoClassLoader - Keeping class: com.ctc.wstx.io.WstxInputData
2024-11-12 13:43:13,596 INFO  EvoClassLoader - Keeping class: com.ctc.wstx.sr.StreamScanner
2024-11-12 13:43:13,596 INFO  EvoClassLoader - Keeping class: com.ctc.wstx.sr.BasicStreamReader
2024-11-12 13:43:13,596 INFO  EvoClassLoader - Keeping class: com.ctc.wstx.sr.TypedStreamReader
2024-11-12 13:43:13,596 INFO  EvoClassLoader - Keeping class: com.ctc.wstx.sr.ValidatingStreamReader
2024-11-12 13:43:13,597 INFO  EvoClassLoader - Seeing class for first time: com.ctc.wstx.exc.WstxValidationException
2024-11-12 13:43:13,597 INFO  EvoClassLoader - Instrumenting class 'com.ctc.wstx.exc.WstxValidationException'.
2024-11-12 13:43:13,597 INFO  MethodCallReplacementClassAdapter - Adding mock interface to class com/ctc/wstx/exc/WstxValidationException
2024-11-12 13:43:13,597 INFO  CreateClassResetClassAdapter - Creating brand-new static initializer in class com/ctc/wstx/exc/WstxValidationException
2024-11-12 13:43:13,597 INFO  EvoClassLoader - Seeing class for first time: org.codehaus.stax2.validation.XMLValidationException
2024-11-12 13:43:13,597 INFO  EvoClassLoader - Instrumenting class 'org.codehaus.stax2.validation.XMLValidationException'.
2024-11-12 13:43:13,597 INFO  MethodCallReplacementClassAdapter - Adding mock interface to class org/codehaus/stax2/validation/XMLValidationException
2024-11-12 13:43:13,598 INFO  CreateClassResetClassAdapter - Creating brand-new static initializer in class org/codehaus/stax2/validation/XMLValidationException
2024-11-12 13:43:13,598 INFO  EvoClassLoader - Keeping class: org.codehaus.stax2.validation.XMLValidationException
2024-11-12 13:43:13,598 INFO  EvoClassLoader - Keeping class: com.ctc.wstx.exc.WstxValidationException
2024-11-12 13:43:13,598 INFO  EvoClassLoader - Seeing class for first time: org.codehaus.stax2.XMLStreamLocation2
2024-11-12 13:43:13,598 INFO  EvoClassLoader - Instrumenting class 'org.codehaus.stax2.XMLStreamLocation2'.
2024-11-12 13:43:13,598 INFO  EvoClassLoader - Keeping class: org.codehaus.stax2.XMLStreamLocation2
2024-11-12 13:43:13,598 INFO  EvoClassLoader - Seeing class for first time: com.ctc.wstx.ent.EntityDecl
2024-11-12 13:43:13,598 INFO  EvoClassLoader - Instrumenting class 'com.ctc.wstx.ent.EntityDecl'.
2024-11-12 13:43:13,598 INFO  MethodCallReplacementClassAdapter - Adding mock interface to class com/ctc/wstx/ent/EntityDecl
2024-11-12 13:43:13,598 INFO  CreateClassResetClassAdapter - Creating brand-new static initializer in class com/ctc/wstx/ent/EntityDecl
2024-11-12 13:43:13,598 INFO  EvoClassLoader - Defined package (3): package com.ctc.wstx.ent, -1605853178
2024-11-12 13:43:13,599 INFO  EvoClassLoader - Seeing class for first time: com.ctc.wstx.evt.WEntityDeclaration
2024-11-12 13:43:13,599 INFO  EvoClassLoader - Instrumenting class 'com.ctc.wstx.evt.WEntityDeclaration'.
2024-11-12 13:43:13,599 INFO  MethodCallReplacementClassAdapter - Adding mock interface to class com/ctc/wstx/evt/WEntityDeclaration
2024-11-12 13:43:13,599 INFO  CreateClassResetClassAdapter - Creating brand-new static initializer in class com/ctc/wstx/evt/WEntityDeclaration
2024-11-12 13:43:13,599 INFO  EvoClassLoader - Defined package (3): package com.ctc.wstx.evt, -1605852930
2024-11-12 13:43:13,599 INFO  EvoClassLoader - Seeing class for first time: org.codehaus.stax2.ri.evt.BaseEventImpl
2024-11-12 13:43:13,599 INFO  EvoClassLoader - Instrumenting class 'org.codehaus.stax2.ri.evt.BaseEventImpl'.
2024-11-12 13:43:13,599 INFO  MethodCallReplacementClassAdapter - Adding mock interface to class org/codehaus/stax2/ri/evt/BaseEventImpl
2024-11-12 13:43:13,600 INFO  CreateClassResetClassAdapter - Creating brand-new static initializer in class org/codehaus/stax2/ri/evt/BaseEventImpl
2024-11-12 13:43:13,600 INFO  EvoClassLoader - Defined package (3): package org.codehaus.stax2.ri.evt, -220188000
2024-11-12 13:43:13,600 INFO  EvoClassLoader - Seeing class for first time: org.codehaus.stax2.evt.XMLEvent2
2024-11-12 13:43:13,600 INFO  EvoClassLoader - Instrumenting class 'org.codehaus.stax2.evt.XMLEvent2'.
2024-11-12 13:43:13,601 INFO  EvoClassLoader - Defined package (3): package org.codehaus.stax2.evt, -1695602321
2024-11-12 13:43:13,601 INFO  EvoClassLoader - Keeping class: org.codehaus.stax2.evt.XMLEvent2
2024-11-12 13:43:13,601 INFO  EvoClassLoader - Keeping class: org.codehaus.stax2.ri.evt.BaseEventImpl
2024-11-12 13:43:13,601 INFO  EvoClassLoader - Keeping class: com.ctc.wstx.evt.WEntityDeclaration
2024-11-12 13:43:13,601 INFO  EvoClassLoader - Keeping class: com.ctc.wstx.ent.EntityDecl
2024-11-12 13:43:13,601 INFO  EvoClassLoader - Seeing class for first time: com.ctc.wstx.ent.IntEntity
2024-11-12 13:43:13,601 INFO  EvoClassLoader - Instrumenting class 'com.ctc.wstx.ent.IntEntity'.
2024-11-12 13:43:13,602 INFO  MethodCallReplacementClassAdapter - Adding mock interface to class com/ctc/wstx/ent/IntEntity
2024-11-12 13:43:13,602 INFO  CreateClassResetClassAdapter - Creating brand-new static initializer in class com/ctc/wstx/ent/IntEntity
2024-11-12 13:43:13,603 INFO  EvoClassLoader - Keeping class: com.ctc.wstx.ent.IntEntity
2024-11-12 13:43:13,604 INFO  EvoClassLoader - Seeing class for first time: org.codehaus.stax2.AttributeInfo
2024-11-12 13:43:13,604 INFO  EvoClassLoader - Instrumenting class 'org.codehaus.stax2.AttributeInfo'.
2024-11-12 13:43:13,604 INFO  EvoClassLoader - Keeping class: org.codehaus.stax2.AttributeInfo
2024-11-12 13:43:13,605 INFO  EvoClassLoader - Seeing class for first time: org.codehaus.stax2.typed.TypedXMLStreamException
2024-11-12 13:43:13,605 INFO  EvoClassLoader - Instrumenting class 'org.codehaus.stax2.typed.TypedXMLStreamException'.
2024-11-12 13:43:13,605 INFO  MethodCallReplacementClassAdapter - Adding mock interface to class org/codehaus/stax2/typed/TypedXMLStreamException
2024-11-12 13:43:13,606 INFO  CreateClassResetClassAdapter - Creating brand-new static initializer in class org/codehaus/stax2/typed/TypedXMLStreamException
2024-11-12 13:43:13,606 INFO  EvoClassLoader - Keeping class: org.codehaus.stax2.typed.TypedXMLStreamException
2024-11-12 13:43:13,608 INFO  EvoClassLoader - Seeing class for first time: org.codehaus.stax2.typed.TypedValueDecoder
2024-11-12 13:43:13,608 INFO  EvoClassLoader - Instrumenting class 'org.codehaus.stax2.typed.TypedValueDecoder'.
2024-11-12 13:43:13,608 INFO  MethodCallReplacementClassAdapter - Adding mock interface to class org/codehaus/stax2/typed/TypedValueDecoder
2024-11-12 13:43:13,608 INFO  CreateClassResetClassAdapter - Creating brand-new static initializer in class org/codehaus/stax2/typed/TypedValueDecoder
2024-11-12 13:43:13,608 INFO  EvoClassLoader - Keeping class: org.codehaus.stax2.typed.TypedValueDecoder
2024-11-12 13:43:13,608 INFO  EvoClassLoader - Seeing class for first time: org.codehaus.stax2.ri.typed.ValueDecoderFactory$IntDecoder
2024-11-12 13:43:13,608 INFO  EvoClassLoader - Instrumenting class 'org.codehaus.stax2.ri.typed.ValueDecoderFactory$IntDecoder'.
2024-11-12 13:43:13,609 INFO  MethodCallReplacementClassAdapter - Adding mock interface to class org/codehaus/stax2/ri/typed/ValueDecoderFactory$IntDecoder
2024-11-12 13:43:13,610 INFO  CreateClassResetClassAdapter - Creating brand-new static initializer in class org/codehaus/stax2/ri/typed/ValueDecoderFactory$IntDecoder
2024-11-12 13:43:13,610 INFO  EvoClassLoader - Defined package (3): package org.codehaus.stax2.ri.typed, -1133328921
2024-11-12 13:43:13,610 INFO  EvoClassLoader - Seeing class for first time: org.codehaus.stax2.ri.typed.ValueDecoderFactory$DecoderBase
2024-11-12 13:43:13,610 INFO  EvoClassLoader - Instrumenting class 'org.codehaus.stax2.ri.typed.ValueDecoderFactory$DecoderBase'.
2024-11-12 13:43:13,610 INFO  MethodCallReplacementClassAdapter - Adding mock interface to class org/codehaus/stax2/ri/typed/ValueDecoderFactory$DecoderBase
2024-11-12 13:43:13,611 INFO  CreateClassResetClassAdapter - Found static initializer in class org/codehaus/stax2/ri/typed/ValueDecoderFactory$DecoderBase
2024-11-12 13:43:13,611 INFO  EvoClassLoader - Keeping class: org.codehaus.stax2.ri.typed.ValueDecoderFactory$DecoderBase
2024-11-12 13:43:13,611 INFO  EvoClassLoader - Keeping class: org.codehaus.stax2.ri.typed.ValueDecoderFactory$IntDecoder
2024-11-12 13:43:13,611 INFO  EvoClassLoader - Seeing class for first time: org.codehaus.stax2.ri.typed.ValueDecoderFactory$BooleanDecoder
2024-11-12 13:43:13,611 INFO  EvoClassLoader - Instrumenting class 'org.codehaus.stax2.ri.typed.ValueDecoderFactory$BooleanDecoder'.
2024-11-12 13:43:13,611 INFO  MethodCallReplacementClassAdapter - Adding mock interface to class org/codehaus/stax2/ri/typed/ValueDecoderFactory$BooleanDecoder
2024-11-12 13:43:13,611 INFO  CreateClassResetClassAdapter - Creating brand-new static initializer in class org/codehaus/stax2/ri/typed/ValueDecoderFactory$BooleanDecoder
2024-11-12 13:43:13,612 INFO  EvoClassLoader - Keeping class: org.codehaus.stax2.ri.typed.ValueDecoderFactory$BooleanDecoder
2024-11-12 13:43:13,612 INFO  EvoClassLoader - Seeing class for first time: org.codehaus.stax2.ri.typed.ValueDecoderFactory$LongDecoder
2024-11-12 13:43:13,612 INFO  EvoClassLoader - Instrumenting class 'org.codehaus.stax2.ri.typed.ValueDecoderFactory$LongDecoder'.
2024-11-12 13:43:13,612 INFO  MethodCallReplacementClassAdapter - Adding mock interface to class org/codehaus/stax2/ri/typed/ValueDecoderFactory$LongDecoder
2024-11-12 13:43:13,612 INFO  CreateClassResetClassAdapter - Creating brand-new static initializer in class org/codehaus/stax2/ri/typed/ValueDecoderFactory$LongDecoder
2024-11-12 13:43:13,612 INFO  EvoClassLoader - Keeping class: org.codehaus.stax2.ri.typed.ValueDecoderFactory$LongDecoder
2024-11-12 13:43:13,612 INFO  EvoClassLoader - Seeing class for first time: org.codehaus.stax2.ri.typed.ValueDecoderFactory$FloatDecoder
2024-11-12 13:43:13,612 INFO  EvoClassLoader - Instrumenting class 'org.codehaus.stax2.ri.typed.ValueDecoderFactory$FloatDecoder'.
2024-11-12 13:43:13,612 INFO  MethodCallReplacementClassAdapter - Adding mock interface to class org/codehaus/stax2/ri/typed/ValueDecoderFactory$FloatDecoder
2024-11-12 13:43:13,613 INFO  CreateClassResetClassAdapter - Creating brand-new static initializer in class org/codehaus/stax2/ri/typed/ValueDecoderFactory$FloatDecoder
2024-11-12 13:43:13,613 INFO  EvoClassLoader - Keeping class: org.codehaus.stax2.ri.typed.ValueDecoderFactory$FloatDecoder
2024-11-12 13:43:13,613 INFO  EvoClassLoader - Seeing class for first time: org.codehaus.stax2.ri.typed.ValueDecoderFactory$DoubleDecoder
2024-11-12 13:43:13,613 INFO  EvoClassLoader - Instrumenting class 'org.codehaus.stax2.ri.typed.ValueDecoderFactory$DoubleDecoder'.
2024-11-12 13:43:13,613 INFO  MethodCallReplacementClassAdapter - Adding mock interface to class org/codehaus/stax2/ri/typed/ValueDecoderFactory$DoubleDecoder
2024-11-12 13:43:13,613 INFO  CreateClassResetClassAdapter - Creating brand-new static initializer in class org/codehaus/stax2/ri/typed/ValueDecoderFactory$DoubleDecoder
2024-11-12 13:43:13,613 INFO  EvoClassLoader - Keeping class: org.codehaus.stax2.ri.typed.ValueDecoderFactory$DoubleDecoder
2024-11-12 13:43:13,613 INFO  EvoClassLoader - Seeing class for first time: org.codehaus.stax2.ri.typed.ValueDecoderFactory$IntegerDecoder
2024-11-12 13:43:13,613 INFO  EvoClassLoader - Instrumenting class 'org.codehaus.stax2.ri.typed.ValueDecoderFactory$IntegerDecoder'.
2024-11-12 13:43:13,613 INFO  MethodCallReplacementClassAdapter - Adding mock interface to class org/codehaus/stax2/ri/typed/ValueDecoderFactory$IntegerDecoder
2024-11-12 13:43:13,613 INFO  CreateClassResetClassAdapter - Creating brand-new static initializer in class org/codehaus/stax2/ri/typed/ValueDecoderFactory$IntegerDecoder
2024-11-12 13:43:13,613 INFO  EvoClassLoader - Keeping class: org.codehaus.stax2.ri.typed.ValueDecoderFactory$IntegerDecoder
2024-11-12 13:43:13,613 INFO  EvoClassLoader - Seeing class for first time: org.codehaus.stax2.ri.typed.ValueDecoderFactory$DecimalDecoder
2024-11-12 13:43:13,613 INFO  EvoClassLoader - Instrumenting class 'org.codehaus.stax2.ri.typed.ValueDecoderFactory$DecimalDecoder'.
2024-11-12 13:43:13,614 INFO  MethodCallReplacementClassAdapter - Adding mock interface to class org/codehaus/stax2/ri/typed/ValueDecoderFactory$DecimalDecoder
2024-11-12 13:43:13,614 INFO  CreateClassResetClassAdapter - Creating brand-new static initializer in class org/codehaus/stax2/ri/typed/ValueDecoderFactory$DecimalDecoder
2024-11-12 13:43:13,614 INFO  EvoClassLoader - Keeping class: org.codehaus.stax2.ri.typed.ValueDecoderFactory$DecimalDecoder
2024-11-12 13:43:13,614 INFO  EvoClassLoader - Seeing class for first time: org.codehaus.stax2.ri.typed.ValueDecoderFactory$QNameDecoder
2024-11-12 13:43:13,614 INFO  EvoClassLoader - Instrumenting class 'org.codehaus.stax2.ri.typed.ValueDecoderFactory$QNameDecoder'.
2024-11-12 13:43:13,614 INFO  MethodCallReplacementClassAdapter - Adding mock interface to class org/codehaus/stax2/ri/typed/ValueDecoderFactory$QNameDecoder
2024-11-12 13:43:13,614 INFO  CreateClassResetClassAdapter - Creating brand-new static initializer in class org/codehaus/stax2/ri/typed/ValueDecoderFactory$QNameDecoder
2024-11-12 13:43:13,614 INFO  EvoClassLoader - Keeping class: org.codehaus.stax2.ri.typed.ValueDecoderFactory$QNameDecoder
2024-11-12 13:43:13,614 INFO  EvoClassLoader - Seeing class for first time: org.codehaus.stax2.typed.TypedArrayDecoder
2024-11-12 13:43:13,614 INFO  EvoClassLoader - Instrumenting class 'org.codehaus.stax2.typed.TypedArrayDecoder'.
2024-11-12 13:43:13,615 INFO  MethodCallReplacementClassAdapter - Adding mock interface to class org/codehaus/stax2/typed/TypedArrayDecoder
2024-11-12 13:43:13,615 INFO  CreateClassResetClassAdapter - Creating brand-new static initializer in class org/codehaus/stax2/typed/TypedArrayDecoder
2024-11-12 13:43:13,615 INFO  EvoClassLoader - Keeping class: org.codehaus.stax2.typed.TypedArrayDecoder
2024-11-12 13:43:13,615 INFO  EvoClassLoader - Seeing class for first time: org.codehaus.stax2.ri.typed.ValueDecoderFactory$IntArrayDecoder
2024-11-12 13:43:13,615 INFO  EvoClassLoader - Instrumenting class 'org.codehaus.stax2.ri.typed.ValueDecoderFactory$IntArrayDecoder'.
2024-11-12 13:43:13,615 INFO  MethodCallReplacementClassAdapter - Adding mock interface to class org/codehaus/stax2/ri/typed/ValueDecoderFactory$IntArrayDecoder
2024-11-12 13:43:13,615 INFO  CreateClassResetClassAdapter - Creating brand-new static initializer in class org/codehaus/stax2/ri/typed/ValueDecoderFactory$IntArrayDecoder
2024-11-12 13:43:13,615 INFO  EvoClassLoader - Seeing class for first time: org.codehaus.stax2.ri.typed.ValueDecoderFactory$BaseArrayDecoder
2024-11-12 13:43:13,615 INFO  EvoClassLoader - Instrumenting class 'org.codehaus.stax2.ri.typed.ValueDecoderFactory$BaseArrayDecoder'.
2024-11-12 13:43:13,616 INFO  MethodCallReplacementClassAdapter - Adding mock interface to class org/codehaus/stax2/ri/typed/ValueDecoderFactory$BaseArrayDecoder
2024-11-12 13:43:13,616 INFO  CreateClassResetClassAdapter - Creating brand-new static initializer in class org/codehaus/stax2/ri/typed/ValueDecoderFactory$BaseArrayDecoder
2024-11-12 13:43:13,616 INFO  CreateClassResetClassAdapter - Adding bytecode for initializing field INITIAL_RESULT_BUFFER_SIZE
2024-11-12 13:43:13,616 INFO  CreateClassResetClassAdapter - Adding bytecode for initializing field SMALL_RESULT_BUFFER_SIZE
2024-11-12 13:43:13,616 INFO  EvoClassLoader - Keeping class: org.codehaus.stax2.ri.typed.ValueDecoderFactory$BaseArrayDecoder
2024-11-12 13:43:13,616 INFO  EvoClassLoader - Keeping class: org.codehaus.stax2.ri.typed.ValueDecoderFactory$IntArrayDecoder
2024-11-12 13:43:13,616 INFO  EvoClassLoader - Seeing class for first time: org.codehaus.stax2.ri.typed.ValueDecoderFactory$LongArrayDecoder
2024-11-12 13:43:13,616 INFO  EvoClassLoader - Instrumenting class 'org.codehaus.stax2.ri.typed.ValueDecoderFactory$LongArrayDecoder'.
2024-11-12 13:43:13,617 INFO  MethodCallReplacementClassAdapter - Adding mock interface to class org/codehaus/stax2/ri/typed/ValueDecoderFactory$LongArrayDecoder
2024-11-12 13:43:13,617 INFO  CreateClassResetClassAdapter - Creating brand-new static initializer in class org/codehaus/stax2/ri/typed/ValueDecoderFactory$LongArrayDecoder
2024-11-12 13:43:13,617 INFO  EvoClassLoader - Keeping class: org.codehaus.stax2.ri.typed.ValueDecoderFactory$LongArrayDecoder
2024-11-12 13:43:13,617 INFO  EvoClassLoader - Seeing class for first time: org.codehaus.stax2.ri.typed.ValueDecoderFactory$FloatArrayDecoder
2024-11-12 13:43:13,617 INFO  EvoClassLoader - Instrumenting class 'org.codehaus.stax2.ri.typed.ValueDecoderFactory$FloatArrayDecoder'.
2024-11-12 13:43:13,617 INFO  MethodCallReplacementClassAdapter - Adding mock interface to class org/codehaus/stax2/ri/typed/ValueDecoderFactory$FloatArrayDecoder
2024-11-12 13:43:13,617 INFO  CreateClassResetClassAdapter - Creating brand-new static initializer in class org/codehaus/stax2/ri/typed/ValueDecoderFactory$FloatArrayDecoder
2024-11-12 13:43:13,617 INFO  EvoClassLoader - Keeping class: org.codehaus.stax2.ri.typed.ValueDecoderFactory$FloatArrayDecoder
2024-11-12 13:43:13,617 INFO  EvoClassLoader - Seeing class for first time: org.codehaus.stax2.ri.typed.ValueDecoderFactory$DoubleArrayDecoder
2024-11-12 13:43:13,617 INFO  EvoClassLoader - Instrumenting class 'org.codehaus.stax2.ri.typed.ValueDecoderFactory$DoubleArrayDecoder'.
2024-11-12 13:43:13,617 INFO  MethodCallReplacementClassAdapter - Adding mock interface to class org/codehaus/stax2/ri/typed/ValueDecoderFactory$DoubleArrayDecoder
2024-11-12 13:43:13,618 INFO  CreateClassResetClassAdapter - Creating brand-new static initializer in class org/codehaus/stax2/ri/typed/ValueDecoderFactory$DoubleArrayDecoder
2024-11-12 13:43:13,618 INFO  EvoClassLoader - Keeping class: org.codehaus.stax2.ri.typed.ValueDecoderFactory$DoubleArrayDecoder
2024-11-12 13:43:13,618 INFO  EvoClassLoader - Seeing class for first time: org.codehaus.stax2.validation.DTDValidationSchema
2024-11-12 13:43:13,618 INFO  EvoClassLoader - Instrumenting class 'org.codehaus.stax2.validation.DTDValidationSchema'.
2024-11-12 13:43:13,618 INFO  EvoClassLoader - Seeing class for first time: org.codehaus.stax2.validation.XMLValidationSchema
2024-11-12 13:43:13,618 INFO  EvoClassLoader - Instrumenting class 'org.codehaus.stax2.validation.XMLValidationSchema'.
2024-11-12 13:43:13,619 INFO  EvoClassLoader - Keeping class: org.codehaus.stax2.validation.XMLValidationSchema
2024-11-12 13:43:13,619 INFO  EvoClassLoader - Keeping class: org.codehaus.stax2.validation.DTDValidationSchema
2024-11-12 13:43:13,619 INFO  EvoClassLoader - Seeing class for first time: org.codehaus.stax2.validation.ValidationContext
2024-11-12 13:43:13,619 INFO  EvoClassLoader - Instrumenting class 'org.codehaus.stax2.validation.ValidationContext'.
2024-11-12 13:43:13,619 INFO  EvoClassLoader - Keeping class: org.codehaus.stax2.validation.ValidationContext
2024-11-12 13:43:13,619 INFO  EvoClassLoader - Seeing class for first time: com.ctc.wstx.sr.NsDefaultProvider
2024-11-12 13:43:13,619 INFO  EvoClassLoader - Instrumenting class 'com.ctc.wstx.sr.NsDefaultProvider'.
2024-11-12 13:43:13,619 INFO  EvoClassLoader - Keeping class: com.ctc.wstx.sr.NsDefaultProvider
2024-11-12 13:43:13,620 INFO  EvoClassLoader - Seeing class for first time: com.ctc.wstx.sr.InputElementStack
2024-11-12 13:43:13,620 INFO  EvoClassLoader - Instrumenting class 'com.ctc.wstx.sr.InputElementStack'.
2024-11-12 13:43:13,621 INFO  MethodCallReplacementClassAdapter - Adding mock interface to class com/ctc/wstx/sr/InputElementStack
2024-11-12 13:43:13,622 INFO  CreateClassResetClassAdapter - Creating brand-new static initializer in class com/ctc/wstx/sr/InputElementStack
2024-11-12 13:43:13,622 INFO  CreateClassResetClassAdapter - Adding bytecode for initializing field ID_ATTR_NONE
2024-11-12 13:43:13,622 INFO  EvoClassLoader - Keeping class: com.ctc.wstx.sr.InputElementStack
2024-11-12 13:43:13,623 INFO  EvoClassLoader - Seeing class for first time: com.ctc.wstx.util.EmptyNamespaceContext
2024-11-12 13:43:13,623 INFO  EvoClassLoader - Instrumenting class 'com.ctc.wstx.util.EmptyNamespaceContext'.
2024-11-12 13:43:13,623 INFO  MethodCallReplacementClassAdapter - Adding mock interface to class com/ctc/wstx/util/EmptyNamespaceContext
2024-11-12 13:43:13,623 INFO  CreateClassResetClassAdapter - Found static initializer in class com/ctc/wstx/util/EmptyNamespaceContext
2024-11-12 13:43:13,623 INFO  EvoClassLoader - Keeping class: com.ctc.wstx.util.EmptyNamespaceContext
2024-11-12 13:43:13,623 INFO  EvoClassLoader - Seeing class for first time: org.codehaus.stax2.validation.XMLValidator
2024-11-12 13:43:13,623 INFO  EvoClassLoader - Instrumenting class 'org.codehaus.stax2.validation.XMLValidator'.
2024-11-12 13:43:13,623 INFO  MethodCallReplacementClassAdapter - Adding mock interface to class org/codehaus/stax2/validation/XMLValidator
2024-11-12 13:43:13,623 INFO  CreateClassResetClassAdapter - Creating brand-new static initializer in class org/codehaus/stax2/validation/XMLValidator
2024-11-12 13:43:13,623 INFO  CreateClassResetClassAdapter - Adding bytecode for initializing field CONTENT_ALLOW_NONE
2024-11-12 13:43:13,623 INFO  CreateClassResetClassAdapter - Adding bytecode for initializing field CONTENT_ALLOW_WS
2024-11-12 13:43:13,623 INFO  CreateClassResetClassAdapter - Adding bytecode for initializing field CONTENT_ALLOW_WS_NONSTRICT
2024-11-12 13:43:13,623 INFO  CreateClassResetClassAdapter - Adding bytecode for initializing field CONTENT_ALLOW_VALIDATABLE_TEXT
2024-11-12 13:43:13,623 INFO  CreateClassResetClassAdapter - Adding bytecode for initializing field CONTENT_ALLOW_ANY_TEXT
2024-11-12 13:43:13,623 INFO  CreateClassResetClassAdapter - Adding bytecode for initializing field CONTENT_ALLOW_UNDEFINED
2024-11-12 13:43:13,623 INFO  EvoClassLoader - Keeping class: org.codehaus.stax2.validation.XMLValidator
2024-11-12 13:43:13,623 INFO  EvoClassLoader - Seeing class for first time: org.codehaus.stax2.validation.ValidatorPair
2024-11-12 13:43:13,623 INFO  EvoClassLoader - Instrumenting class 'org.codehaus.stax2.validation.ValidatorPair'.
2024-11-12 13:43:13,624 INFO  MethodCallReplacementClassAdapter - Adding mock interface to class org/codehaus/stax2/validation/ValidatorPair
2024-11-12 13:43:13,624 INFO  CreateClassResetClassAdapter - Creating brand-new static initializer in class org/codehaus/stax2/validation/ValidatorPair
2024-11-12 13:43:13,624 INFO  CreateClassResetClassAdapter - Adding bytecode for initializing field ATTR_TYPE_DEFAULT
2024-11-12 13:43:13,624 INFO  EvoClassLoader - Keeping class: org.codehaus.stax2.validation.ValidatorPair
2024-11-12 13:43:13,624 INFO  EvoClassLoader - Seeing class for first time: com.ctc.wstx.util.StringVector
2024-11-12 13:43:13,624 INFO  EvoClassLoader - Instrumenting class 'com.ctc.wstx.util.StringVector'.
2024-11-12 13:43:13,625 INFO  MethodCallReplacementClassAdapter - Adding mock interface to class com/ctc/wstx/util/StringVector
2024-11-12 13:43:13,625 INFO  CreateClassResetClassAdapter - Creating brand-new static initializer in class com/ctc/wstx/util/StringVector
2024-11-12 13:43:13,625 INFO  EvoClassLoader - Keeping class: com.ctc.wstx.util.StringVector
2024-11-12 13:43:13,625 INFO  EvoClassLoader - Seeing class for first time: com.ctc.wstx.sr.AttributeCollector
2024-11-12 13:43:13,625 INFO  EvoClassLoader - Instrumenting class 'com.ctc.wstx.sr.AttributeCollector'.
2024-11-12 13:43:13,626 INFO  MethodCallReplacementClassAdapter - Adding mock interface to class com/ctc/wstx/sr/AttributeCollector
2024-11-12 13:43:13,627 INFO  CreateClassResetClassAdapter - Found static initializer in class com/ctc/wstx/sr/AttributeCollector
2024-11-12 13:43:13,628 INFO  EvoClassLoader - Keeping class: com.ctc.wstx.sr.AttributeCollector
2024-11-12 13:43:13,628 INFO  EvoClassLoader - Seeing class for first time: com.ctc.wstx.util.InternCache
2024-11-12 13:43:13,628 INFO  EvoClassLoader - Instrumenting class 'com.ctc.wstx.util.InternCache'.
2024-11-12 13:43:13,629 INFO  MethodCallReplacementClassAdapter - Adding mock interface to class com/ctc/wstx/util/InternCache
2024-11-12 13:43:13,630 INFO  CreateClassResetClassAdapter - Found static initializer in class com/ctc/wstx/util/InternCache
2024-11-12 13:43:13,631 INFO  EvoClassLoader - Keeping class: com.ctc.wstx.util.InternCache
2024-11-12 13:43:13,631 INFO  EvoClassLoader - Seeing class for first time: com.ctc.wstx.util.TextBuilder
2024-11-12 13:43:13,631 INFO  EvoClassLoader - Instrumenting class 'com.ctc.wstx.util.TextBuilder'.
2024-11-12 13:43:13,631 INFO  MethodCallReplacementClassAdapter - Adding mock interface to class com/ctc/wstx/util/TextBuilder
2024-11-12 13:43:13,631 INFO  CreateClassResetClassAdapter - Creating brand-new static initializer in class com/ctc/wstx/util/TextBuilder
2024-11-12 13:43:13,631 INFO  CreateClassResetClassAdapter - Adding bytecode for initializing field MIN_LEN
2024-11-12 13:43:13,631 INFO  CreateClassResetClassAdapter - Adding bytecode for initializing field MAX_LEN
2024-11-12 13:43:13,631 INFO  EvoClassLoader - Keeping class: com.ctc.wstx.util.TextBuilder
2024-11-12 13:43:13,632 INFO  EvoClassLoader - Seeing class for first time: com.ctc.wstx.util.TextBuffer
2024-11-12 13:43:13,632 INFO  EvoClassLoader - Instrumenting class 'com.ctc.wstx.util.TextBuffer'.
2024-11-12 13:43:13,632 INFO  MethodCallReplacementClassAdapter - Adding mock interface to class com/ctc/wstx/util/TextBuffer
2024-11-12 13:43:13,633 INFO  CreateClassResetClassAdapter - Found static initializer in class com/ctc/wstx/util/TextBuffer
2024-11-12 13:43:13,635 INFO  EvoClassLoader - Keeping class: com.ctc.wstx.util.TextBuffer
2024-11-12 13:43:13,636 INFO  EvoClassLoader - Seeing class for first time: com.ctc.wstx.util.TextBuffer$BufferReader
2024-11-12 13:43:13,636 INFO  EvoClassLoader - Instrumenting class 'com.ctc.wstx.util.TextBuffer$BufferReader'.
2024-11-12 13:43:13,636 INFO  MethodCallReplacementClassAdapter - Adding mock interface to class com/ctc/wstx/util/TextBuffer$BufferReader
2024-11-12 13:43:13,638 INFO  CreateClassResetClassAdapter - Creating brand-new static initializer in class com/ctc/wstx/util/TextBuffer$BufferReader
2024-11-12 13:43:13,638 INFO  EvoClassLoader - Keeping class: com.ctc.wstx.util.TextBuffer$BufferReader
2024-11-12 13:43:13,639 INFO  EvoClassLoader - Seeing class for first time: org.apache.hadoop.conf.Configuration$Parser
2024-11-12 13:43:13,639 INFO  EvoClassLoader - Instrumenting class 'org.apache.hadoop.conf.Configuration$Parser'.
2024-11-12 13:43:13,640 INFO  MethodCallReplacementClassAdapter - Adding mock interface to class org/apache/hadoop/conf/Configuration$Parser
2024-11-12 13:43:13,644 INFO  CreateClassResetClassAdapter - Creating brand-new static initializer in class org/apache/hadoop/conf/Configuration$Parser
2024-11-12 13:43:13,645 INFO  EvoClassLoader - Keeping class: org.apache.hadoop.conf.Configuration$Parser
2024-11-12 13:43:13,646 INFO  EvoClassLoader - Seeing class for first time: com.ctc.wstx.sr.Element
2024-11-12 13:43:13,646 INFO  EvoClassLoader - Instrumenting class 'com.ctc.wstx.sr.Element'.
2024-11-12 13:43:13,646 INFO  MethodCallReplacementClassAdapter - Adding mock interface to class com/ctc/wstx/sr/Element
2024-11-12 13:43:13,647 INFO  CreateClassResetClassAdapter - Creating brand-new static initializer in class com/ctc/wstx/sr/Element
2024-11-12 13:43:13,647 INFO  EvoClassLoader - Keeping class: com.ctc.wstx.sr.Element
2024-11-12 13:43:13,647 INFO  EvoClassLoader - Seeing class for first time: org.apache.hadoop.util.StringInterner
2024-11-12 13:43:13,647 INFO  EvoClassLoader - Instrumenting class 'org.apache.hadoop.util.StringInterner'.
2024-11-12 13:43:13,648 INFO  MethodCallReplacementClassAdapter - Adding mock interface to class org/apache/hadoop/util/StringInterner
2024-11-12 13:43:13,648 INFO  CreateClassResetClassAdapter - Found static initializer in class org/apache/hadoop/util/StringInterner
2024-11-12 13:43:13,648 INFO  EvoClassLoader - Keeping class: org.apache.hadoop.util.StringInterner
2024-11-12 13:43:13,648 INFO  EvoClassLoader - Seeing class for first time: org.apache.hadoop.thirdparty.com.google.common.collect.Interners
2024-11-12 13:43:13,648 INFO  EvoClassLoader - Instrumenting class 'org.apache.hadoop.thirdparty.com.google.common.collect.Interners'.
2024-11-12 13:43:13,649 INFO  MethodCallReplacementClassAdapter - Adding mock interface to class org/apache/hadoop/thirdparty/com/google/common/collect/Interners
2024-11-12 13:43:13,649 INFO  CreateClassResetClassAdapter - Creating brand-new static initializer in class org/apache/hadoop/thirdparty/com/google/common/collect/Interners
2024-11-12 13:43:13,649 INFO  EvoClassLoader - Defined package (3): package org.apache.hadoop.thirdparty.com.google.common.collect, -347820205
2024-11-12 13:43:13,650 INFO  EvoClassLoader - Keeping class: org.apache.hadoop.thirdparty.com.google.common.collect.Interners
2024-11-12 13:43:13,650 INFO  EvoClassLoader - Seeing class for first time: org.apache.hadoop.thirdparty.com.google.common.base.Function
2024-11-12 13:43:13,650 INFO  EvoClassLoader - Instrumenting class 'org.apache.hadoop.thirdparty.com.google.common.base.Function'.
2024-11-12 13:43:13,650 INFO  EvoClassLoader - Defined package (3): package org.apache.hadoop.thirdparty.com.google.common.base, -2047700664
2024-11-12 13:43:13,650 INFO  EvoClassLoader - Keeping class: org.apache.hadoop.thirdparty.com.google.common.base.Function
2024-11-12 13:43:13,650 INFO  EvoClassLoader - Seeing class for first time: org.apache.hadoop.thirdparty.com.google.common.collect.Interners$InternerBuilder
2024-11-12 13:43:13,650 INFO  EvoClassLoader - Instrumenting class 'org.apache.hadoop.thirdparty.com.google.common.collect.Interners$InternerBuilder'.
2024-11-12 13:43:13,651 INFO  MethodCallReplacementClassAdapter - Adding mock interface to class org/apache/hadoop/thirdparty/com/google/common/collect/Interners$InternerBuilder
2024-11-12 13:43:13,651 INFO  CreateClassResetClassAdapter - Creating brand-new static initializer in class org/apache/hadoop/thirdparty/com/google/common/collect/Interners$InternerBuilder
2024-11-12 13:43:13,652 INFO  EvoClassLoader - Keeping class: org.apache.hadoop.thirdparty.com.google.common.collect.Interners$InternerBuilder
2024-11-12 13:43:13,652 INFO  EvoClassLoader - Seeing class for first time: org.apache.hadoop.thirdparty.com.google.common.collect.Interner
2024-11-12 13:43:13,652 INFO  EvoClassLoader - Instrumenting class 'org.apache.hadoop.thirdparty.com.google.common.collect.Interner'.
2024-11-12 13:43:13,653 INFO  EvoClassLoader - Keeping class: org.apache.hadoop.thirdparty.com.google.common.collect.Interner
2024-11-12 13:43:13,653 INFO  EvoClassLoader - Seeing class for first time: org.apache.hadoop.thirdparty.com.google.common.collect.MapMaker
2024-11-12 13:43:13,653 INFO  EvoClassLoader - Instrumenting class 'org.apache.hadoop.thirdparty.com.google.common.collect.MapMaker'.
2024-11-12 13:43:13,654 INFO  MethodCallReplacementClassAdapter - Adding mock interface to class org/apache/hadoop/thirdparty/com/google/common/collect/MapMaker
2024-11-12 13:43:13,654 INFO  CreateClassResetClassAdapter - Creating brand-new static initializer in class org/apache/hadoop/thirdparty/com/google/common/collect/MapMaker
2024-11-12 13:43:13,654 INFO  CreateClassResetClassAdapter - Adding bytecode for initializing field DEFAULT_INITIAL_CAPACITY
2024-11-12 13:43:13,654 INFO  CreateClassResetClassAdapter - Adding bytecode for initializing field DEFAULT_CONCURRENCY_LEVEL
2024-11-12 13:43:13,654 INFO  CreateClassResetClassAdapter - Adding bytecode for initializing field UNSET_INT
2024-11-12 13:43:13,655 INFO  EvoClassLoader - Keeping class: org.apache.hadoop.thirdparty.com.google.common.collect.MapMaker
2024-11-12 13:43:13,655 INFO  EvoClassLoader - Seeing class for first time: org.apache.hadoop.thirdparty.com.google.common.collect.Interners$InternerImpl
2024-11-12 13:43:13,655 INFO  EvoClassLoader - Instrumenting class 'org.apache.hadoop.thirdparty.com.google.common.collect.Interners$InternerImpl'.
2024-11-12 13:43:13,656 INFO  MethodCallReplacementClassAdapter - Adding mock interface to class org/apache/hadoop/thirdparty/com/google/common/collect/Interners$InternerImpl
2024-11-12 13:43:13,656 INFO  CreateClassResetClassAdapter - Creating brand-new static initializer in class org/apache/hadoop/thirdparty/com/google/common/collect/Interners$InternerImpl
2024-11-12 13:43:13,656 INFO  EvoClassLoader - Keeping class: org.apache.hadoop.thirdparty.com.google.common.collect.Interners$InternerImpl
2024-11-12 13:43:13,656 INFO  EvoClassLoader - Seeing class for first time: org.apache.hadoop.thirdparty.com.google.common.base.Equivalence
2024-11-12 13:43:13,656 INFO  EvoClassLoader - Instrumenting class 'org.apache.hadoop.thirdparty.com.google.common.base.Equivalence'.
2024-11-12 13:43:13,656 INFO  MethodCallReplacementClassAdapter - Adding mock interface to class org/apache/hadoop/thirdparty/com/google/common/base/Equivalence
2024-11-12 13:43:13,656 INFO  CreateClassResetClassAdapter - Creating brand-new static initializer in class org/apache/hadoop/thirdparty/com/google/common/base/Equivalence
2024-11-12 13:43:13,656 INFO  EvoClassLoader - Keeping class: org.apache.hadoop.thirdparty.com.google.common.base.Equivalence
2024-11-12 13:43:13,657 INFO  EvoClassLoader - Seeing class for first time: org.apache.hadoop.thirdparty.com.google.common.base.PairwiseEquivalence
2024-11-12 13:43:13,657 INFO  EvoClassLoader - Instrumenting class 'org.apache.hadoop.thirdparty.com.google.common.base.PairwiseEquivalence'.
2024-11-12 13:43:13,657 INFO  MethodCallReplacementClassAdapter - Adding mock interface to class org/apache/hadoop/thirdparty/com/google/common/base/PairwiseEquivalence
2024-11-12 13:43:13,657 INFO  CreateClassResetClassAdapter - Creating brand-new static initializer in class org/apache/hadoop/thirdparty/com/google/common/base/PairwiseEquivalence
2024-11-12 13:43:13,657 INFO  EvoClassLoader - Keeping class: org.apache.hadoop.thirdparty.com.google.common.base.PairwiseEquivalence
2024-11-12 13:43:13,657 INFO  EvoClassLoader - Seeing class for first time: org.apache.hadoop.thirdparty.com.google.common.base.Predicate
2024-11-12 13:43:13,657 INFO  EvoClassLoader - Instrumenting class 'org.apache.hadoop.thirdparty.com.google.common.base.Predicate'.
2024-11-12 13:43:13,657 INFO  EvoClassLoader - Keeping class: org.apache.hadoop.thirdparty.com.google.common.base.Predicate
2024-11-12 13:43:13,657 INFO  EvoClassLoader - Seeing class for first time: org.apache.hadoop.thirdparty.com.google.common.base.FunctionalEquivalence
2024-11-12 13:43:13,657 INFO  EvoClassLoader - Instrumenting class 'org.apache.hadoop.thirdparty.com.google.common.base.FunctionalEquivalence'.
2024-11-12 13:43:13,658 INFO  MethodCallReplacementClassAdapter - Adding mock interface to class org/apache/hadoop/thirdparty/com/google/common/base/FunctionalEquivalence
2024-11-12 13:43:13,658 INFO  CreateClassResetClassAdapter - Creating brand-new static initializer in class org/apache/hadoop/thirdparty/com/google/common/base/FunctionalEquivalence
2024-11-12 13:43:13,658 INFO  EvoClassLoader - Keeping class: org.apache.hadoop.thirdparty.com.google.common.base.FunctionalEquivalence
2024-11-12 13:43:13,658 INFO  EvoClassLoader - Seeing class for first time: org.apache.hadoop.thirdparty.com.google.common.base.Equivalence$Equals
2024-11-12 13:43:13,658 INFO  EvoClassLoader - Instrumenting class 'org.apache.hadoop.thirdparty.com.google.common.base.Equivalence$Equals'.
2024-11-12 13:43:13,658 INFO  MethodCallReplacementClassAdapter - Adding mock interface to class org/apache/hadoop/thirdparty/com/google/common/base/Equivalence$Equals
2024-11-12 13:43:13,658 INFO  CreateClassResetClassAdapter - Found static initializer in class org/apache/hadoop/thirdparty/com/google/common/base/Equivalence$Equals
2024-11-12 13:43:13,658 INFO  EvoClassLoader - Keeping class: org.apache.hadoop.thirdparty.com.google.common.base.Equivalence$Equals
2024-11-12 13:43:13,658 INFO  EvoClassLoader - Seeing class for first time: org.apache.hadoop.thirdparty.com.google.common.base.Equivalence$Identity
2024-11-12 13:43:13,658 INFO  EvoClassLoader - Instrumenting class 'org.apache.hadoop.thirdparty.com.google.common.base.Equivalence$Identity'.
2024-11-12 13:43:13,659 INFO  MethodCallReplacementClassAdapter - Adding mock interface to class org/apache/hadoop/thirdparty/com/google/common/base/Equivalence$Identity
2024-11-12 13:43:13,659 INFO  CreateClassResetClassAdapter - Found static initializer in class org/apache/hadoop/thirdparty/com/google/common/base/Equivalence$Identity
2024-11-12 13:43:13,659 INFO  EvoClassLoader - Keeping class: org.apache.hadoop.thirdparty.com.google.common.base.Equivalence$Identity
2024-11-12 13:43:13,659 INFO  EvoClassLoader - Seeing class for first time: org.apache.hadoop.thirdparty.com.google.common.base.Preconditions
2024-11-12 13:43:13,659 INFO  EvoClassLoader - Instrumenting class 'org.apache.hadoop.thirdparty.com.google.common.base.Preconditions'.
2024-11-12 13:43:13,659 INFO  MethodCallReplacementClassAdapter - Adding mock interface to class org/apache/hadoop/thirdparty/com/google/common/base/Preconditions
2024-11-12 13:43:13,661 INFO  CreateClassResetClassAdapter - Creating brand-new static initializer in class org/apache/hadoop/thirdparty/com/google/common/base/Preconditions
2024-11-12 13:43:13,661 INFO  EvoClassLoader - Keeping class: org.apache.hadoop.thirdparty.com.google.common.base.Preconditions
2024-11-12 13:43:13,661 INFO  EvoClassLoader - Seeing class for first time: org.apache.hadoop.thirdparty.com.google.common.collect.MapMakerInternalMap
2024-11-12 13:43:13,661 INFO  EvoClassLoader - Instrumenting class 'org.apache.hadoop.thirdparty.com.google.common.collect.MapMakerInternalMap'.
2024-11-12 13:43:13,662 INFO  MethodCallReplacementClassAdapter - Adding mock interface to class org/apache/hadoop/thirdparty/com/google/common/collect/MapMakerInternalMap
2024-11-12 13:43:13,665 INFO  CreateClassResetClassAdapter - Found static initializer in class org/apache/hadoop/thirdparty/com/google/common/collect/MapMakerInternalMap
2024-11-12 13:43:13,666 INFO  EvoClassLoader - Keeping class: org.apache.hadoop.thirdparty.com.google.common.collect.MapMakerInternalMap
2024-11-12 13:43:13,666 INFO  EvoClassLoader - Seeing class for first time: org.apache.hadoop.thirdparty.com.google.common.collect.MapMakerInternalMap$WeakValueReference
2024-11-12 13:43:13,666 INFO  EvoClassLoader - Instrumenting class 'org.apache.hadoop.thirdparty.com.google.common.collect.MapMakerInternalMap$WeakValueReference'.
2024-11-12 13:43:13,667 INFO  EvoClassLoader - Keeping class: org.apache.hadoop.thirdparty.com.google.common.collect.MapMakerInternalMap$WeakValueReference
2024-11-12 13:43:13,668 INFO  EvoClassLoader - Seeing class for first time: org.apache.hadoop.thirdparty.com.google.common.collect.MapMakerInternalMap$InternalEntryHelper
2024-11-12 13:43:13,668 INFO  EvoClassLoader - Instrumenting class 'org.apache.hadoop.thirdparty.com.google.common.collect.MapMakerInternalMap$InternalEntryHelper'.
2024-11-12 13:43:13,668 INFO  EvoClassLoader - Keeping class: org.apache.hadoop.thirdparty.com.google.common.collect.MapMakerInternalMap$InternalEntryHelper
2024-11-12 13:43:13,669 INFO  EvoClassLoader - Seeing class for first time: org.apache.hadoop.thirdparty.com.google.common.collect.MapMakerInternalMap$1
2024-11-12 13:43:13,669 INFO  EvoClassLoader - Instrumenting class 'org.apache.hadoop.thirdparty.com.google.common.collect.MapMakerInternalMap$1'.
2024-11-12 13:43:13,670 INFO  MethodCallReplacementClassAdapter - Adding mock interface to class org/apache/hadoop/thirdparty/com/google/common/collect/MapMakerInternalMap$1
2024-11-12 13:43:13,670 INFO  EvoClassLoader - Keeping class: org.apache.hadoop.thirdparty.com.google.common.collect.MapMakerInternalMap$1
2024-11-12 13:43:13,670 INFO  EvoClassLoader - Seeing class for first time: org.apache.hadoop.thirdparty.com.google.common.collect.MapMakerInternalMap$InternalEntry
2024-11-12 13:43:13,670 INFO  EvoClassLoader - Instrumenting class 'org.apache.hadoop.thirdparty.com.google.common.collect.MapMakerInternalMap$InternalEntry'.
2024-11-12 13:43:13,671 INFO  EvoClassLoader - Keeping class: org.apache.hadoop.thirdparty.com.google.common.collect.MapMakerInternalMap$InternalEntry
2024-11-12 13:43:13,671 INFO  EvoClassLoader - Seeing class for first time: org.apache.hadoop.thirdparty.com.google.common.collect.MapMakerInternalMap$Strength
2024-11-12 13:43:13,671 INFO  EvoClassLoader - Instrumenting class 'org.apache.hadoop.thirdparty.com.google.common.collect.MapMakerInternalMap$Strength'.
2024-11-12 13:43:13,671 INFO  MethodCallReplacementClassAdapter - Adding mock interface to class org/apache/hadoop/thirdparty/com/google/common/collect/MapMakerInternalMap$Strength
2024-11-12 13:43:13,671 INFO  CreateClassResetClassAdapter - Found static initializer in class org/apache/hadoop/thirdparty/com/google/common/collect/MapMakerInternalMap$Strength
2024-11-12 13:43:13,672 INFO  EvoClassLoader - Keeping class: org.apache.hadoop.thirdparty.com.google.common.collect.MapMakerInternalMap$Strength
2024-11-12 13:43:13,672 INFO  EvoClassLoader - Seeing class for first time: org.apache.hadoop.thirdparty.com.google.common.collect.MapMakerInternalMap$Strength$1
2024-11-12 13:43:13,672 INFO  EvoClassLoader - Instrumenting class 'org.apache.hadoop.thirdparty.com.google.common.collect.MapMakerInternalMap$Strength$1'.
2024-11-12 13:43:13,672 INFO  MethodCallReplacementClassAdapter - Adding mock interface to class org/apache/hadoop/thirdparty/com/google/common/collect/MapMakerInternalMap$Strength$1
2024-11-12 13:43:13,672 INFO  EvoClassLoader - Keeping class: org.apache.hadoop.thirdparty.com.google.common.collect.MapMakerInternalMap$Strength$1
2024-11-12 13:43:13,672 INFO  EvoClassLoader - Seeing class for first time: org.apache.hadoop.thirdparty.com.google.common.collect.MapMakerInternalMap$Strength$2
2024-11-12 13:43:13,672 INFO  EvoClassLoader - Instrumenting class 'org.apache.hadoop.thirdparty.com.google.common.collect.MapMakerInternalMap$Strength$2'.
2024-11-12 13:43:13,673 INFO  MethodCallReplacementClassAdapter - Adding mock interface to class org/apache/hadoop/thirdparty/com/google/common/collect/MapMakerInternalMap$Strength$2
2024-11-12 13:43:13,673 INFO  EvoClassLoader - Keeping class: org.apache.hadoop.thirdparty.com.google.common.collect.MapMakerInternalMap$Strength$2
2024-11-12 13:43:13,673 INFO  EvoClassLoader - Seeing class for first time: org.apache.hadoop.thirdparty.com.google.common.base.MoreObjects
2024-11-12 13:43:13,673 INFO  EvoClassLoader - Instrumenting class 'org.apache.hadoop.thirdparty.com.google.common.base.MoreObjects'.
2024-11-12 13:43:13,673 INFO  MethodCallReplacementClassAdapter - Adding mock interface to class org/apache/hadoop/thirdparty/com/google/common/base/MoreObjects
2024-11-12 13:43:13,674 INFO  CreateClassResetClassAdapter - Creating brand-new static initializer in class org/apache/hadoop/thirdparty/com/google/common/base/MoreObjects
2024-11-12 13:43:13,674 INFO  EvoClassLoader - Keeping class: org.apache.hadoop.thirdparty.com.google.common.base.MoreObjects
2024-11-12 13:43:13,674 INFO  EvoClassLoader - Seeing class for first time: org.apache.hadoop.thirdparty.com.google.common.collect.MapMakerInternalMap$StrongKeyDummyValueEntry$Helper
2024-11-12 13:43:13,674 INFO  EvoClassLoader - Instrumenting class 'org.apache.hadoop.thirdparty.com.google.common.collect.MapMakerInternalMap$StrongKeyDummyValueEntry$Helper'.
2024-11-12 13:43:13,675 INFO  MethodCallReplacementClassAdapter - Adding mock interface to class org/apache/hadoop/thirdparty/com/google/common/collect/MapMakerInternalMap$StrongKeyDummyValueEntry$Helper
2024-11-12 13:43:13,677 INFO  CreateClassResetClassAdapter - Found static initializer in class org/apache/hadoop/thirdparty/com/google/common/collect/MapMakerInternalMap$StrongKeyDummyValueEntry$Helper
2024-11-12 13:43:13,678 INFO  EvoClassLoader - Keeping class: org.apache.hadoop.thirdparty.com.google.common.collect.MapMakerInternalMap$StrongKeyDummyValueEntry$Helper
2024-11-12 13:43:13,678 INFO  EvoClassLoader - Seeing class for first time: org.apache.hadoop.thirdparty.com.google.common.collect.MapMakerInternalMap$StrongKeyDummyValueEntry
2024-11-12 13:43:13,678 INFO  EvoClassLoader - Instrumenting class 'org.apache.hadoop.thirdparty.com.google.common.collect.MapMakerInternalMap$StrongKeyDummyValueEntry'.
2024-11-12 13:43:13,678 INFO  MethodCallReplacementClassAdapter - Adding mock interface to class org/apache/hadoop/thirdparty/com/google/common/collect/MapMakerInternalMap$StrongKeyDummyValueEntry
2024-11-12 13:43:13,678 INFO  CreateClassResetClassAdapter - Creating brand-new static initializer in class org/apache/hadoop/thirdparty/com/google/common/collect/MapMakerInternalMap$StrongKeyDummyValueEntry
2024-11-12 13:43:13,678 INFO  EvoClassLoader - Seeing class for first time: org.apache.hadoop.thirdparty.com.google.common.collect.MapMakerInternalMap$StrongValueEntry
2024-11-12 13:43:13,678 INFO  EvoClassLoader - Instrumenting class 'org.apache.hadoop.thirdparty.com.google.common.collect.MapMakerInternalMap$StrongValueEntry'.
2024-11-12 13:43:13,679 INFO  EvoClassLoader - Keeping class: org.apache.hadoop.thirdparty.com.google.common.collect.MapMakerInternalMap$StrongValueEntry
2024-11-12 13:43:13,679 INFO  EvoClassLoader - Seeing class for first time: org.apache.hadoop.thirdparty.com.google.common.collect.MapMakerInternalMap$AbstractStrongKeyEntry
2024-11-12 13:43:13,679 INFO  EvoClassLoader - Instrumenting class 'org.apache.hadoop.thirdparty.com.google.common.collect.MapMakerInternalMap$AbstractStrongKeyEntry'.
2024-11-12 13:43:13,679 INFO  MethodCallReplacementClassAdapter - Adding mock interface to class org/apache/hadoop/thirdparty/com/google/common/collect/MapMakerInternalMap$AbstractStrongKeyEntry
2024-11-12 13:43:13,679 INFO  CreateClassResetClassAdapter - Creating brand-new static initializer in class org/apache/hadoop/thirdparty/com/google/common/collect/MapMakerInternalMap$AbstractStrongKeyEntry
2024-11-12 13:43:13,679 INFO  EvoClassLoader - Keeping class: org.apache.hadoop.thirdparty.com.google.common.collect.MapMakerInternalMap$AbstractStrongKeyEntry
2024-11-12 13:43:13,679 INFO  EvoClassLoader - Keeping class: org.apache.hadoop.thirdparty.com.google.common.collect.MapMakerInternalMap$StrongKeyDummyValueEntry
2024-11-12 13:43:13,679 INFO  EvoClassLoader - Seeing class for first time: org.apache.hadoop.thirdparty.com.google.common.collect.MapMakerInternalMap$StrongKeyDummyValueEntry$LinkedStrongKeyDummyValueEntry
2024-11-12 13:43:13,679 INFO  EvoClassLoader - Instrumenting class 'org.apache.hadoop.thirdparty.com.google.common.collect.MapMakerInternalMap$StrongKeyDummyValueEntry$LinkedStrongKeyDummyValueEntry'.
2024-11-12 13:43:13,680 INFO  MethodCallReplacementClassAdapter - Adding mock interface to class org/apache/hadoop/thirdparty/com/google/common/collect/MapMakerInternalMap$StrongKeyDummyValueEntry$LinkedStrongKeyDummyValueEntry
2024-11-12 13:43:13,680 INFO  CreateClassResetClassAdapter - Creating brand-new static initializer in class org/apache/hadoop/thirdparty/com/google/common/collect/MapMakerInternalMap$StrongKeyDummyValueEntry$LinkedStrongKeyDummyValueEntry
2024-11-12 13:43:13,680 INFO  EvoClassLoader - Keeping class: org.apache.hadoop.thirdparty.com.google.common.collect.MapMakerInternalMap$StrongKeyDummyValueEntry$LinkedStrongKeyDummyValueEntry
2024-11-12 13:43:13,680 INFO  EvoClassLoader - Seeing class for first time: org.apache.hadoop.thirdparty.com.google.common.collect.MapMakerInternalMap$Segment
2024-11-12 13:43:13,680 INFO  EvoClassLoader - Instrumenting class 'org.apache.hadoop.thirdparty.com.google.common.collect.MapMakerInternalMap$Segment'.
2024-11-12 13:43:13,683 INFO  MethodCallReplacementClassAdapter - Adding mock interface to class org/apache/hadoop/thirdparty/com/google/common/collect/MapMakerInternalMap$Segment
2024-11-12 13:43:13,685 INFO  CreateClassResetClassAdapter - Creating brand-new static initializer in class org/apache/hadoop/thirdparty/com/google/common/collect/MapMakerInternalMap$Segment
2024-11-12 13:43:13,685 INFO  EvoClassLoader - Keeping class: org.apache.hadoop.thirdparty.com.google.common.collect.MapMakerInternalMap$Segment
2024-11-12 13:43:13,685 INFO  EvoClassLoader - Seeing class for first time: org.apache.hadoop.thirdparty.com.google.common.collect.MapMakerInternalMap$StrongKeyDummyValueSegment
2024-11-12 13:43:13,685 INFO  EvoClassLoader - Instrumenting class 'org.apache.hadoop.thirdparty.com.google.common.collect.MapMakerInternalMap$StrongKeyDummyValueSegment'.
2024-11-12 13:43:13,686 INFO  MethodCallReplacementClassAdapter - Adding mock interface to class org/apache/hadoop/thirdparty/com/google/common/collect/MapMakerInternalMap$StrongKeyDummyValueSegment
2024-11-12 13:43:13,686 INFO  CreateClassResetClassAdapter - Creating brand-new static initializer in class org/apache/hadoop/thirdparty/com/google/common/collect/MapMakerInternalMap$StrongKeyDummyValueSegment
2024-11-12 13:43:13,686 INFO  EvoClassLoader - Keeping class: org.apache.hadoop.thirdparty.com.google.common.collect.MapMakerInternalMap$StrongKeyDummyValueSegment
2024-11-12 13:43:13,687 INFO  EvoClassLoader - Seeing class for first time: org.apache.hadoop.conf.Configuration$ParsedItem
2024-11-12 13:43:13,687 INFO  EvoClassLoader - Instrumenting class 'org.apache.hadoop.conf.Configuration$ParsedItem'.
2024-11-12 13:43:13,688 INFO  MethodCallReplacementClassAdapter - Adding mock interface to class org/apache/hadoop/conf/Configuration$ParsedItem
2024-11-12 13:43:13,688 INFO  CreateClassResetClassAdapter - Creating brand-new static initializer in class org/apache/hadoop/conf/Configuration$ParsedItem
2024-11-12 13:43:13,688 INFO  EvoClassLoader - Keeping class: org.apache.hadoop.conf.Configuration$ParsedItem
2024-11-12 13:43:13,826 INFO  EvoClassLoader - Seeing class for first time: com.ctc.wstx.io.BufferRecycler
2024-11-12 13:43:13,826 INFO  EvoClassLoader - Instrumenting class 'com.ctc.wstx.io.BufferRecycler'.
2024-11-12 13:43:13,827 INFO  MethodCallReplacementClassAdapter - Adding mock interface to class com/ctc/wstx/io/BufferRecycler
2024-11-12 13:43:13,827 INFO  CreateClassResetClassAdapter - Creating brand-new static initializer in class com/ctc/wstx/io/BufferRecycler
2024-11-12 13:43:13,827 INFO  EvoClassLoader - Keeping class: com.ctc.wstx.io.BufferRecycler
2024-11-12 13:43:13,846 INFO  EvoClassLoader - Seeing class for first time: org.apache.hadoop.fs.FileSystem$3
2024-11-12 13:43:13,846 INFO  EvoClassLoader - Instrumenting class 'org.apache.hadoop.fs.FileSystem$3'.
2024-11-12 13:43:13,847 INFO  MethodCallReplacementClassAdapter - Adding mock interface to class org/apache/hadoop/fs/FileSystem$3
2024-11-12 13:43:13,847 INFO  EvoClassLoader - Keeping class: org.apache.hadoop.fs.FileSystem$3
2024-11-12 13:43:13,847 INFO  EvoClassLoader - Seeing class for first time: org.apache.hadoop.fs.BlockLocation
2024-11-12 13:43:13,847 INFO  EvoClassLoader - Instrumenting class 'org.apache.hadoop.fs.BlockLocation'.
2024-11-12 13:43:13,848 INFO  MethodCallReplacementClassAdapter - Adding mock interface to class org/apache/hadoop/fs/BlockLocation
2024-11-12 13:43:13,848 INFO  CreateClassResetClassAdapter - Found static initializer in class org/apache/hadoop/fs/BlockLocation
2024-11-12 13:43:13,849 INFO  EvoClassLoader - Keeping class: org.apache.hadoop.fs.BlockLocation
2024-11-12 13:43:13,850 INFO  EvoClassLoader - Seeing class for first time: org.apache.hadoop.fs.StorageType
2024-11-12 13:43:13,850 INFO  EvoClassLoader - Instrumenting class 'org.apache.hadoop.fs.StorageType'.
2024-11-12 13:43:13,850 INFO  MethodCallReplacementClassAdapter - Adding mock interface to class org/apache/hadoop/fs/StorageType
2024-11-12 13:43:13,850 INFO  CreateClassResetClassAdapter - Found static initializer in class org/apache/hadoop/fs/StorageType
2024-11-12 13:43:13,851 INFO  EvoClassLoader - Keeping class: org.apache.hadoop.fs.StorageType
2024-11-12 13:43:13,851 INFO  EvoClassLoader - Seeing class for first time: org.apache.hadoop.hdfs.server.datanode.BlockPoolSliceStorage
2024-11-12 13:43:13,851 INFO  EvoClassLoader - Instrumenting class 'org.apache.hadoop.hdfs.server.datanode.BlockPoolSliceStorage'.
2024-11-12 13:43:13,853 INFO  MethodCallReplacementClassAdapter - Adding mock interface to class org/apache/hadoop/hdfs/server/datanode/BlockPoolSliceStorage
2024-11-12 13:43:13,855 INFO  CreateClassResetClassAdapter - Found static initializer in class org/apache/hadoop/hdfs/server/datanode/BlockPoolSliceStorage
2024-11-12 13:43:13,855 INFO  EvoClassLoader - Defined package (3): package org.apache.hadoop.hdfs.server.datanode, 2052922021
2024-11-12 13:43:13,856 INFO  EvoClassLoader - Seeing class for first time: org.apache.hadoop.hdfs.server.common.Storage
2024-11-12 13:43:13,856 INFO  EvoClassLoader - Instrumenting class 'org.apache.hadoop.hdfs.server.common.Storage'.
2024-11-12 13:43:13,857 INFO  MethodCallReplacementClassAdapter - Adding mock interface to class org/apache/hadoop/hdfs/server/common/Storage
2024-11-12 13:43:13,860 INFO  CreateClassResetClassAdapter - Found static initializer in class org/apache/hadoop/hdfs/server/common/Storage
2024-11-12 13:43:13,860 INFO  EvoClassLoader - Defined package (3): package org.apache.hadoop.hdfs.server.common, -1528842716
2024-11-12 13:43:13,861 INFO  EvoClassLoader - Seeing class for first time: org.apache.hadoop.hdfs.server.common.StorageInfo
2024-11-12 13:43:13,861 INFO  EvoClassLoader - Instrumenting class 'org.apache.hadoop.hdfs.server.common.StorageInfo'.
2024-11-12 13:43:13,862 INFO  MethodCallReplacementClassAdapter - Adding mock interface to class org/apache/hadoop/hdfs/server/common/StorageInfo
2024-11-12 13:43:13,864 INFO  CreateClassResetClassAdapter - Creating brand-new static initializer in class org/apache/hadoop/hdfs/server/common/StorageInfo
2024-11-12 13:43:13,864 INFO  CreateClassResetClassAdapter - Adding bytecode for initializing field STORAGE_FILE_VERSION
2024-11-12 13:43:13,864 INFO  EvoClassLoader - Keeping class: org.apache.hadoop.hdfs.server.common.StorageInfo
2024-11-12 13:43:13,864 INFO  EvoClassLoader - Keeping class: org.apache.hadoop.hdfs.server.common.Storage
2024-11-12 13:43:13,864 INFO  EvoClassLoader - Keeping class: org.apache.hadoop.hdfs.server.datanode.BlockPoolSliceStorage
2024-11-12 13:43:13,864 INFO  EvoClassLoader - Seeing class for first time: org.apache.hadoop.hdfs.server.common.IncorrectVersionException
2024-11-12 13:43:13,864 INFO  EvoClassLoader - Instrumenting class 'org.apache.hadoop.hdfs.server.common.IncorrectVersionException'.
2024-11-12 13:43:13,865 INFO  MethodCallReplacementClassAdapter - Adding mock interface to class org/apache/hadoop/hdfs/server/common/IncorrectVersionException
2024-11-12 13:43:13,865 INFO  CreateClassResetClassAdapter - Creating brand-new static initializer in class org/apache/hadoop/hdfs/server/common/IncorrectVersionException
2024-11-12 13:43:13,865 INFO  EvoClassLoader - Keeping class: org.apache.hadoop.hdfs.server.common.IncorrectVersionException
2024-11-12 13:43:13,865 INFO  EvoClassLoader - Seeing class for first time: org.apache.hadoop.hdfs.protocol.LayoutVersion$LayoutFeature
2024-11-12 13:43:13,865 INFO  EvoClassLoader - Instrumenting class 'org.apache.hadoop.hdfs.protocol.LayoutVersion$LayoutFeature'.
2024-11-12 13:43:13,867 INFO  EvoClassLoader - Keeping class: org.apache.hadoop.hdfs.protocol.LayoutVersion$LayoutFeature
2024-11-12 13:43:13,867 INFO  EvoClassLoader - Seeing class for first time: org.apache.hadoop.hdfs.server.common.InconsistentFSStateException
2024-11-12 13:43:13,867 INFO  EvoClassLoader - Instrumenting class 'org.apache.hadoop.hdfs.server.common.InconsistentFSStateException'.
2024-11-12 13:43:13,868 INFO  MethodCallReplacementClassAdapter - Adding mock interface to class org/apache/hadoop/hdfs/server/common/InconsistentFSStateException
2024-11-12 13:43:13,868 INFO  CreateClassResetClassAdapter - Creating brand-new static initializer in class org/apache/hadoop/hdfs/server/common/InconsistentFSStateException
2024-11-12 13:43:13,868 INFO  EvoClassLoader - Keeping class: org.apache.hadoop.hdfs.server.common.InconsistentFSStateException
2024-11-12 13:43:13,869 INFO  EvoClassLoader - Seeing class for first time: org.apache.hadoop.io.nativeio.NativeIOException
2024-11-12 13:43:13,869 INFO  EvoClassLoader - Instrumenting class 'org.apache.hadoop.io.nativeio.NativeIOException'.
2024-11-12 13:43:13,869 INFO  MethodCallReplacementClassAdapter - Adding mock interface to class org/apache/hadoop/io/nativeio/NativeIOException
2024-11-12 13:43:13,869 INFO  CreateClassResetClassAdapter - Creating brand-new static initializer in class org/apache/hadoop/io/nativeio/NativeIOException
2024-11-12 13:43:13,869 INFO  EvoClassLoader - Defined package (3): package org.apache.hadoop.io.nativeio, -1081832174
2024-11-12 13:43:13,870 INFO  EvoClassLoader - Keeping class: org.apache.hadoop.io.nativeio.NativeIOException
2024-11-12 13:43:13,871 INFO  EvoClassLoader - Seeing class for first time: org.apache.hadoop.hdfs.DeadNodeDetector
2024-11-12 13:43:13,871 INFO  EvoClassLoader - Instrumenting class 'org.apache.hadoop.hdfs.DeadNodeDetector'.
2024-11-12 13:43:13,872 INFO  MethodCallReplacementClassAdapter - Adding mock interface to class org/apache/hadoop/hdfs/DeadNodeDetector
2024-11-12 13:43:13,874 INFO  CreateClassResetClassAdapter - Found static initializer in class org/apache/hadoop/hdfs/DeadNodeDetector
2024-11-12 13:43:13,874 INFO  EvoClassLoader - Defined package (3): package org.apache.hadoop.hdfs, 101186972
2024-11-12 13:43:13,875 INFO  EvoClassLoader - Seeing class for first time: org.apache.hadoop.util.Daemon
2024-11-12 13:43:13,875 INFO  EvoClassLoader - Instrumenting class 'org.apache.hadoop.util.Daemon'.
2024-11-12 13:43:13,876 INFO  MethodCallReplacementClassAdapter - Adding mock interface to class org/apache/hadoop/util/Daemon
2024-11-12 13:43:13,876 INFO  CreateClassResetClassAdapter - Creating brand-new static initializer in class org/apache/hadoop/util/Daemon
2024-11-12 13:43:13,876 INFO  EvoClassLoader - Keeping class: org.apache.hadoop.util.Daemon
2024-11-12 13:43:13,876 INFO  EvoClassLoader - Keeping class: org.apache.hadoop.hdfs.DeadNodeDetector
2024-11-12 13:43:13,877 INFO  EvoClassLoader - Seeing class for first time: org.apache.hadoop.thirdparty.protobuf.Writer
2024-11-12 13:43:13,877 INFO  EvoClassLoader - Instrumenting class 'org.apache.hadoop.thirdparty.protobuf.Writer'.
2024-11-12 13:43:13,878 INFO  EvoClassLoader - Keeping class: org.apache.hadoop.thirdparty.protobuf.Writer
2024-11-12 13:43:13,878 INFO  EvoClassLoader - Seeing class for first time: org.apache.hadoop.thirdparty.protobuf.TextFormatEscaper
2024-11-12 13:43:13,878 INFO  EvoClassLoader - Instrumenting class 'org.apache.hadoop.thirdparty.protobuf.TextFormatEscaper'.
2024-11-12 13:43:13,878 INFO  MethodCallReplacementClassAdapter - Adding mock interface to class org/apache/hadoop/thirdparty/protobuf/TextFormatEscaper
2024-11-12 13:43:13,878 INFO  CreateClassResetClassAdapter - Creating brand-new static initializer in class org/apache/hadoop/thirdparty/protobuf/TextFormatEscaper
2024-11-12 13:43:13,878 INFO  EvoClassLoader - Keeping class: org.apache.hadoop.thirdparty.protobuf.TextFormatEscaper
2024-11-12 13:43:13,878 INFO  EvoClassLoader - Seeing class for first time: org.apache.hadoop.thirdparty.protobuf.TextFormatEscaper$ByteSequence
2024-11-12 13:43:13,878 INFO  EvoClassLoader - Instrumenting class 'org.apache.hadoop.thirdparty.protobuf.TextFormatEscaper$ByteSequence'.
2024-11-12 13:43:13,879 INFO  EvoClassLoader - Keeping class: org.apache.hadoop.thirdparty.protobuf.TextFormatEscaper$ByteSequence
2024-11-12 13:43:13,879 INFO  EvoClassLoader - Seeing class for first time: org.apache.hadoop.hdfs.qjournal.protocol.QJournalProtocolProtos
2024-11-12 13:43:13,879 INFO  EvoClassLoader - Instrumenting class 'org.apache.hadoop.hdfs.qjournal.protocol.QJournalProtocolProtos'.
2024-11-12 13:43:13,879 INFO  MethodCallReplacementClassAdapter - Adding mock interface to class org/apache/hadoop/hdfs/qjournal/protocol/QJournalProtocolProtos
2024-11-12 13:43:13,880 INFO  CreateClassResetClassAdapter - Found static initializer in class org/apache/hadoop/hdfs/qjournal/protocol/QJournalProtocolProtos
2024-11-12 13:43:13,883 INFO  EvoClassLoader - Keeping class: org.apache.hadoop.hdfs.qjournal.protocol.QJournalProtocolProtos
2024-11-12 13:43:13,884 INFO  EvoClassLoader - Seeing class for first time: org.apache.hadoop.thirdparty.protobuf.Descriptors$FileDescriptor
2024-11-12 13:43:13,884 INFO  EvoClassLoader - Instrumenting class 'org.apache.hadoop.thirdparty.protobuf.Descriptors$FileDescriptor'.
2024-11-12 13:43:13,885 INFO  MethodCallReplacementClassAdapter - Adding mock interface to class org/apache/hadoop/thirdparty/protobuf/Descriptors$FileDescriptor
2024-11-12 13:43:13,886 INFO  CreateClassResetClassAdapter - Creating brand-new static initializer in class org/apache/hadoop/thirdparty/protobuf/Descriptors$FileDescriptor
2024-11-12 13:43:13,887 INFO  EvoClassLoader - Keeping class: org.apache.hadoop.thirdparty.protobuf.Descriptors$FileDescriptor
2024-11-12 13:43:13,887 INFO  EvoClassLoader - Seeing class for first time: org.apache.hadoop.hdfs.protocol.proto.HdfsProtos
2024-11-12 13:43:13,887 INFO  EvoClassLoader - Instrumenting class 'org.apache.hadoop.hdfs.protocol.proto.HdfsProtos'.
2024-11-12 13:43:13,888 INFO  MethodCallReplacementClassAdapter - Adding mock interface to class org/apache/hadoop/hdfs/protocol/proto/HdfsProtos
2024-11-12 13:43:13,889 INFO  CreateClassResetClassAdapter - Found static initializer in class org/apache/hadoop/hdfs/protocol/proto/HdfsProtos
2024-11-12 13:43:13,890 INFO  EvoClassLoader - Keeping class: org.apache.hadoop.hdfs.protocol.proto.HdfsProtos
2024-11-12 13:43:13,891 INFO  EvoClassLoader - Seeing class for first time: org.apache.hadoop.security.proto.SecurityProtos
2024-11-12 13:43:13,891 INFO  EvoClassLoader - Instrumenting class 'org.apache.hadoop.security.proto.SecurityProtos'.
2024-11-12 13:43:13,891 INFO  MethodCallReplacementClassAdapter - Adding mock interface to class org/apache/hadoop/security/proto/SecurityProtos
2024-11-12 13:43:13,891 INFO  CreateClassResetClassAdapter - Found static initializer in class org/apache/hadoop/security/proto/SecurityProtos
2024-11-12 13:43:13,891 INFO  EvoClassLoader - Defined package (3): package org.apache.hadoop.security.proto, -544553779
2024-11-12 13:43:13,892 INFO  EvoClassLoader - Keeping class: org.apache.hadoop.security.proto.SecurityProtos
2024-11-12 13:43:13,892 INFO  EvoClassLoader - Seeing class for first time: org.apache.hadoop.thirdparty.protobuf.Descriptors$DescriptorValidationException
2024-11-12 13:43:13,892 INFO  EvoClassLoader - Instrumenting class 'org.apache.hadoop.thirdparty.protobuf.Descriptors$DescriptorValidationException'.
2024-11-12 13:43:13,892 INFO  MethodCallReplacementClassAdapter - Adding mock interface to class org/apache/hadoop/thirdparty/protobuf/Descriptors$DescriptorValidationException
2024-11-12 13:43:13,892 INFO  CreateClassResetClassAdapter - Creating brand-new static initializer in class org/apache/hadoop/thirdparty/protobuf/Descriptors$DescriptorValidationException
2024-11-12 13:43:13,893 INFO  EvoClassLoader - Keeping class: org.apache.hadoop.thirdparty.protobuf.Descriptors$DescriptorValidationException
2024-11-12 13:43:13,893 INFO  EvoClassLoader - Seeing class for first time: org.apache.hadoop.thirdparty.protobuf.Internal
2024-11-12 13:43:13,893 INFO  EvoClassLoader - Instrumenting class 'org.apache.hadoop.thirdparty.protobuf.Internal'.
2024-11-12 13:43:13,893 INFO  MethodCallReplacementClassAdapter - Adding mock interface to class org/apache/hadoop/thirdparty/protobuf/Internal
2024-11-12 13:43:13,894 INFO  CreateClassResetClassAdapter - Found static initializer in class org/apache/hadoop/thirdparty/protobuf/Internal
2024-11-12 13:43:13,895 INFO  EvoClassLoader - Keeping class: org.apache.hadoop.thirdparty.protobuf.Internal
2024-11-12 13:43:13,895 INFO  EvoClassLoader - Seeing class for first time: org.apache.hadoop.thirdparty.protobuf.CodedInputStream
2024-11-12 13:43:13,895 INFO  EvoClassLoader - Instrumenting class 'org.apache.hadoop.thirdparty.protobuf.CodedInputStream'.
2024-11-12 13:43:13,896 INFO  MethodCallReplacementClassAdapter - Adding mock interface to class org/apache/hadoop/thirdparty/protobuf/CodedInputStream
2024-11-12 13:43:13,896 INFO  CreateClassResetClassAdapter - Found static initializer in class org/apache/hadoop/thirdparty/protobuf/CodedInputStream
2024-11-12 13:43:13,897 INFO  EvoClassLoader - Keeping class: org.apache.hadoop.thirdparty.protobuf.CodedInputStream
2024-11-12 13:43:13,897 INFO  EvoClassLoader - Seeing class for first time: org.apache.hadoop.thirdparty.protobuf.IterableByteBufferInputStream
2024-11-12 13:43:13,897 INFO  EvoClassLoader - Instrumenting class 'org.apache.hadoop.thirdparty.protobuf.IterableByteBufferInputStream'.
2024-11-12 13:43:13,897 INFO  MethodCallReplacementClassAdapter - Adding mock interface to class org/apache/hadoop/thirdparty/protobuf/IterableByteBufferInputStream
2024-11-12 13:43:13,897 INFO  CreateClassResetClassAdapter - Creating brand-new static initializer in class org/apache/hadoop/thirdparty/protobuf/IterableByteBufferInputStream
2024-11-12 13:43:13,898 INFO  EvoClassLoader - Keeping class: org.apache.hadoop.thirdparty.protobuf.IterableByteBufferInputStream
2024-11-12 13:43:13,898 INFO  EvoClassLoader - Seeing class for first time: org.apache.hadoop.thirdparty.protobuf.CodedInputStream$IterableDirectByteBufferDecoder
2024-11-12 13:43:13,898 INFO  EvoClassLoader - Instrumenting class 'org.apache.hadoop.thirdparty.protobuf.CodedInputStream$IterableDirectByteBufferDecoder'.
2024-11-12 13:43:13,898 INFO  MethodCallReplacementClassAdapter - Adding mock interface to class org/apache/hadoop/thirdparty/protobuf/CodedInputStream$IterableDirectByteBufferDecoder
2024-11-12 13:43:13,898 INFO  CreateClassResetClassAdapter - Creating brand-new static initializer in class org/apache/hadoop/thirdparty/protobuf/CodedInputStream$IterableDirectByteBufferDecoder
2024-11-12 13:43:13,899 INFO  EvoClassLoader - Keeping class: org.apache.hadoop.thirdparty.protobuf.CodedInputStream$IterableDirectByteBufferDecoder
2024-11-12 13:43:13,899 INFO  EvoClassLoader - Seeing class for first time: org.apache.hadoop.thirdparty.protobuf.CodedInputStream$StreamDecoder
2024-11-12 13:43:13,899 INFO  EvoClassLoader - Instrumenting class 'org.apache.hadoop.thirdparty.protobuf.CodedInputStream$StreamDecoder'.
2024-11-12 13:43:13,900 INFO  MethodCallReplacementClassAdapter - Adding mock interface to class org/apache/hadoop/thirdparty/protobuf/CodedInputStream$StreamDecoder
2024-11-12 13:43:13,901 INFO  CreateClassResetClassAdapter - Creating brand-new static initializer in class org/apache/hadoop/thirdparty/protobuf/CodedInputStream$StreamDecoder
2024-11-12 13:43:13,902 INFO  EvoClassLoader - Keeping class: org.apache.hadoop.thirdparty.protobuf.CodedInputStream$StreamDecoder
2024-11-12 13:43:13,902 INFO  EvoClassLoader - Seeing class for first time: org.apache.hadoop.thirdparty.protobuf.CodedInputStream$UnsafeDirectNioDecoder
2024-11-12 13:43:13,902 INFO  EvoClassLoader - Instrumenting class 'org.apache.hadoop.thirdparty.protobuf.CodedInputStream$UnsafeDirectNioDecoder'.
2024-11-12 13:43:13,902 INFO  MethodCallReplacementClassAdapter - Adding mock interface to class org/apache/hadoop/thirdparty/protobuf/CodedInputStream$UnsafeDirectNioDecoder
2024-11-12 13:43:13,903 INFO  CreateClassResetClassAdapter - Creating brand-new static initializer in class org/apache/hadoop/thirdparty/protobuf/CodedInputStream$UnsafeDirectNioDecoder
2024-11-12 13:43:13,903 INFO  EvoClassLoader - Keeping class: org.apache.hadoop.thirdparty.protobuf.CodedInputStream$UnsafeDirectNioDecoder
2024-11-12 13:43:13,903 INFO  EvoClassLoader - Seeing class for first time: org.apache.hadoop.thirdparty.protobuf.CodedInputStream$ArrayDecoder
2024-11-12 13:43:13,903 INFO  EvoClassLoader - Instrumenting class 'org.apache.hadoop.thirdparty.protobuf.CodedInputStream$ArrayDecoder'.
2024-11-12 13:43:13,904 INFO  MethodCallReplacementClassAdapter - Adding mock interface to class org/apache/hadoop/thirdparty/protobuf/CodedInputStream$ArrayDecoder
2024-11-12 13:43:13,904 INFO  CreateClassResetClassAdapter - Creating brand-new static initializer in class org/apache/hadoop/thirdparty/protobuf/CodedInputStream$ArrayDecoder
2024-11-12 13:43:13,905 INFO  EvoClassLoader - Keeping class: org.apache.hadoop.thirdparty.protobuf.CodedInputStream$ArrayDecoder
2024-11-12 13:43:13,905 INFO  EvoClassLoader - Seeing class for first time: org.apache.hadoop.thirdparty.protobuf.InvalidProtocolBufferException$InvalidWireTypeException
2024-11-12 13:43:13,905 INFO  EvoClassLoader - Instrumenting class 'org.apache.hadoop.thirdparty.protobuf.InvalidProtocolBufferException$InvalidWireTypeException'.
2024-11-12 13:43:13,905 INFO  MethodCallReplacementClassAdapter - Adding mock interface to class org/apache/hadoop/thirdparty/protobuf/InvalidProtocolBufferException$InvalidWireTypeException
2024-11-12 13:43:13,905 INFO  CreateClassResetClassAdapter - Creating brand-new static initializer in class org/apache/hadoop/thirdparty/protobuf/InvalidProtocolBufferException$InvalidWireTypeException
2024-11-12 13:43:13,905 INFO  EvoClassLoader - Keeping class: org.apache.hadoop.thirdparty.protobuf.InvalidProtocolBufferException$InvalidWireTypeException
2024-11-12 13:43:13,906 INFO  EvoClassLoader - Seeing class for first time: org.apache.hadoop.thirdparty.protobuf.DescriptorProtos$FileDescriptorProto
2024-11-12 13:43:13,906 INFO  EvoClassLoader - Instrumenting class 'org.apache.hadoop.thirdparty.protobuf.DescriptorProtos$FileDescriptorProto'.
2024-11-12 13:43:13,906 INFO  MethodCallReplacementClassAdapter - Adding mock interface to class org/apache/hadoop/thirdparty/protobuf/DescriptorProtos$FileDescriptorProto
2024-11-12 13:43:13,907 INFO  CreateClassResetClassAdapter - Found static initializer in class org/apache/hadoop/thirdparty/protobuf/DescriptorProtos$FileDescriptorProto
2024-11-12 13:43:13,907 INFO  EvoClassLoader - Seeing class for first time: org.apache.hadoop.thirdparty.protobuf.DescriptorProtos$FileDescriptorProtoOrBuilder
2024-11-12 13:43:13,907 INFO  EvoClassLoader - Instrumenting class 'org.apache.hadoop.thirdparty.protobuf.DescriptorProtos$FileDescriptorProtoOrBuilder'.
2024-11-12 13:43:13,908 INFO  EvoClassLoader - Keeping class: org.apache.hadoop.thirdparty.protobuf.DescriptorProtos$FileDescriptorProtoOrBuilder
2024-11-12 13:43:13,908 INFO  EvoClassLoader - Seeing class for first time: org.apache.hadoop.thirdparty.protobuf.GeneratedMessageV3
2024-11-12 13:43:13,908 INFO  EvoClassLoader - Instrumenting class 'org.apache.hadoop.thirdparty.protobuf.GeneratedMessageV3'.
2024-11-12 13:43:13,908 INFO  MethodCallReplacementClassAdapter - Adding mock interface to class org/apache/hadoop/thirdparty/protobuf/GeneratedMessageV3
2024-11-12 13:43:13,909 INFO  CreateClassResetClassAdapter - Found static initializer in class org/apache/hadoop/thirdparty/protobuf/GeneratedMessageV3
2024-11-12 13:43:13,910 INFO  EvoClassLoader - Seeing class for first time: org.apache.hadoop.thirdparty.protobuf.AbstractMessage
2024-11-12 13:43:13,910 INFO  EvoClassLoader - Instrumenting class 'org.apache.hadoop.thirdparty.protobuf.AbstractMessage'.
2024-11-12 13:43:13,910 INFO  MethodCallReplacementClassAdapter - Adding mock interface to class org/apache/hadoop/thirdparty/protobuf/AbstractMessage
2024-11-12 13:43:13,911 INFO  CreateClassResetClassAdapter - Creating brand-new static initializer in class org/apache/hadoop/thirdparty/protobuf/AbstractMessage
2024-11-12 13:43:13,911 INFO  EvoClassLoader - Seeing class for first time: org.apache.hadoop.thirdparty.protobuf.AbstractMessageLite
2024-11-12 13:43:13,911 INFO  EvoClassLoader - Instrumenting class 'org.apache.hadoop.thirdparty.protobuf.AbstractMessageLite'.
2024-11-12 13:43:13,911 INFO  MethodCallReplacementClassAdapter - Adding mock interface to class org/apache/hadoop/thirdparty/protobuf/AbstractMessageLite
2024-11-12 13:43:13,912 INFO  CreateClassResetClassAdapter - Creating brand-new static initializer in class org/apache/hadoop/thirdparty/protobuf/AbstractMessageLite
2024-11-12 13:43:13,912 INFO  EvoClassLoader - Keeping class: org.apache.hadoop.thirdparty.protobuf.AbstractMessageLite
2024-11-12 13:43:13,912 INFO  EvoClassLoader - Keeping class: org.apache.hadoop.thirdparty.protobuf.AbstractMessage
2024-11-12 13:43:13,912 INFO  EvoClassLoader - Keeping class: org.apache.hadoop.thirdparty.protobuf.GeneratedMessageV3
2024-11-12 13:43:13,912 INFO  EvoClassLoader - Keeping class: org.apache.hadoop.thirdparty.protobuf.DescriptorProtos$FileDescriptorProto
2024-11-12 13:43:13,913 INFO  EvoClassLoader - Seeing class for first time: org.apache.hadoop.thirdparty.protobuf.Internal$IntList
2024-11-12 13:43:13,913 INFO  EvoClassLoader - Instrumenting class 'org.apache.hadoop.thirdparty.protobuf.Internal$IntList'.
2024-11-12 13:43:13,913 INFO  EvoClassLoader - Seeing class for first time: org.apache.hadoop.thirdparty.protobuf.Internal$ProtobufList
2024-11-12 13:43:13,913 INFO  EvoClassLoader - Instrumenting class 'org.apache.hadoop.thirdparty.protobuf.Internal$ProtobufList'.
2024-11-12 13:43:13,913 INFO  EvoClassLoader - Keeping class: org.apache.hadoop.thirdparty.protobuf.Internal$ProtobufList
2024-11-12 13:43:13,913 INFO  EvoClassLoader - Keeping class: org.apache.hadoop.thirdparty.protobuf.Internal$IntList
2024-11-12 13:43:13,913 INFO  EvoClassLoader - Seeing class for first time: org.apache.hadoop.thirdparty.protobuf.Internal$LongList
2024-11-12 13:43:13,913 INFO  EvoClassLoader - Instrumenting class 'org.apache.hadoop.thirdparty.protobuf.Internal$LongList'.
2024-11-12 13:43:13,914 INFO  EvoClassLoader - Keeping class: org.apache.hadoop.thirdparty.protobuf.Internal$LongList
2024-11-12 13:43:13,914 INFO  EvoClassLoader - Seeing class for first time: org.apache.hadoop.thirdparty.protobuf.Reader
2024-11-12 13:43:13,914 INFO  EvoClassLoader - Instrumenting class 'org.apache.hadoop.thirdparty.protobuf.Reader'.
2024-11-12 13:43:13,914 INFO  EvoClassLoader - Keeping class: org.apache.hadoop.thirdparty.protobuf.Reader
2024-11-12 13:43:13,914 INFO  EvoClassLoader - Seeing class for first time: org.apache.hadoop.thirdparty.protobuf.Internal$FloatList
2024-11-12 13:43:13,914 INFO  EvoClassLoader - Instrumenting class 'org.apache.hadoop.thirdparty.protobuf.Internal$FloatList'.
2024-11-12 13:43:13,914 INFO  EvoClassLoader - Keeping class: org.apache.hadoop.thirdparty.protobuf.Internal$FloatList
2024-11-12 13:43:13,915 INFO  EvoClassLoader - Seeing class for first time: org.apache.hadoop.thirdparty.protobuf.Internal$DoubleList
2024-11-12 13:43:13,915 INFO  EvoClassLoader - Instrumenting class 'org.apache.hadoop.thirdparty.protobuf.Internal$DoubleList'.
2024-11-12 13:43:13,915 INFO  EvoClassLoader - Keeping class: org.apache.hadoop.thirdparty.protobuf.Internal$DoubleList
2024-11-12 13:43:13,915 INFO  EvoClassLoader - Seeing class for first time: org.apache.hadoop.thirdparty.protobuf.Internal$BooleanList
2024-11-12 13:43:13,915 INFO  EvoClassLoader - Instrumenting class 'org.apache.hadoop.thirdparty.protobuf.Internal$BooleanList'.
2024-11-12 13:43:13,915 INFO  EvoClassLoader - Keeping class: org.apache.hadoop.thirdparty.protobuf.Internal$BooleanList
2024-11-12 13:43:13,916 INFO  EvoClassLoader - Seeing class for first time: org.apache.hadoop.thirdparty.protobuf.GeneratedMessageV3$BuilderParent
2024-11-12 13:43:13,916 INFO  EvoClassLoader - Instrumenting class 'org.apache.hadoop.thirdparty.protobuf.GeneratedMessageV3$BuilderParent'.
2024-11-12 13:43:13,916 INFO  EvoClassLoader - Seeing class for first time: org.apache.hadoop.thirdparty.protobuf.AbstractMessage$BuilderParent
2024-11-12 13:43:13,916 INFO  EvoClassLoader - Instrumenting class 'org.apache.hadoop.thirdparty.protobuf.AbstractMessage$BuilderParent'.
2024-11-12 13:43:13,916 INFO  EvoClassLoader - Keeping class: org.apache.hadoop.thirdparty.protobuf.AbstractMessage$BuilderParent
2024-11-12 13:43:13,916 INFO  EvoClassLoader - Keeping class: org.apache.hadoop.thirdparty.protobuf.GeneratedMessageV3$BuilderParent
2024-11-12 13:43:13,916 INFO  EvoClassLoader - Seeing class for first time: org.apache.hadoop.thirdparty.protobuf.MessageLite$Builder
2024-11-12 13:43:13,916 INFO  EvoClassLoader - Instrumenting class 'org.apache.hadoop.thirdparty.protobuf.MessageLite$Builder'.
2024-11-12 13:43:13,917 INFO  EvoClassLoader - Keeping class: org.apache.hadoop.thirdparty.protobuf.MessageLite$Builder
2024-11-12 13:43:13,917 INFO  EvoClassLoader - Seeing class for first time: org.apache.hadoop.thirdparty.protobuf.Message$Builder
2024-11-12 13:43:13,917 INFO  EvoClassLoader - Instrumenting class 'org.apache.hadoop.thirdparty.protobuf.Message$Builder'.
2024-11-12 13:43:13,917 INFO  EvoClassLoader - Keeping class: org.apache.hadoop.thirdparty.protobuf.Message$Builder
2024-11-12 13:43:13,917 INFO  EvoClassLoader - Seeing class for first time: org.apache.hadoop.thirdparty.protobuf.DescriptorProtos$SourceCodeInfoOrBuilder
2024-11-12 13:43:13,917 INFO  EvoClassLoader - Instrumenting class 'org.apache.hadoop.thirdparty.protobuf.DescriptorProtos$SourceCodeInfoOrBuilder'.
2024-11-12 13:43:13,917 INFO  EvoClassLoader - Keeping class: org.apache.hadoop.thirdparty.protobuf.DescriptorProtos$SourceCodeInfoOrBuilder
2024-11-12 13:43:13,917 INFO  EvoClassLoader - Seeing class for first time: org.apache.hadoop.thirdparty.protobuf.ProtocolStringList
2024-11-12 13:43:13,917 INFO  EvoClassLoader - Instrumenting class 'org.apache.hadoop.thirdparty.protobuf.ProtocolStringList'.
2024-11-12 13:43:13,918 INFO  EvoClassLoader - Keeping class: org.apache.hadoop.thirdparty.protobuf.ProtocolStringList
2024-11-12 13:43:13,918 INFO  EvoClassLoader - Seeing class for first time: org.apache.hadoop.thirdparty.protobuf.DescriptorProtos$FileOptionsOrBuilder
2024-11-12 13:43:13,918 INFO  EvoClassLoader - Instrumenting class 'org.apache.hadoop.thirdparty.protobuf.DescriptorProtos$FileOptionsOrBuilder'.
2024-11-12 13:43:13,918 INFO  EvoClassLoader - Seeing class for first time: org.apache.hadoop.thirdparty.protobuf.GeneratedMessageV3$ExtendableMessageOrBuilder
2024-11-12 13:43:13,918 INFO  EvoClassLoader - Instrumenting class 'org.apache.hadoop.thirdparty.protobuf.GeneratedMessageV3$ExtendableMessageOrBuilder'.
2024-11-12 13:43:13,918 INFO  EvoClassLoader - Keeping class: org.apache.hadoop.thirdparty.protobuf.GeneratedMessageV3$ExtendableMessageOrBuilder
2024-11-12 13:43:13,918 INFO  EvoClassLoader - Keeping class: org.apache.hadoop.thirdparty.protobuf.DescriptorProtos$FileOptionsOrBuilder
2024-11-12 13:43:13,919 INFO  EvoClassLoader - Seeing class for first time: org.apache.hadoop.thirdparty.protobuf.UnknownFieldSet
2024-11-12 13:43:13,919 INFO  EvoClassLoader - Instrumenting class 'org.apache.hadoop.thirdparty.protobuf.UnknownFieldSet'.
2024-11-12 13:43:13,919 INFO  MethodCallReplacementClassAdapter - Adding mock interface to class org/apache/hadoop/thirdparty/protobuf/UnknownFieldSet
2024-11-12 13:43:13,920 INFO  CreateClassResetClassAdapter - Found static initializer in class org/apache/hadoop/thirdparty/protobuf/UnknownFieldSet
2024-11-12 13:43:13,920 INFO  EvoClassLoader - Keeping class: org.apache.hadoop.thirdparty.protobuf.UnknownFieldSet
2024-11-12 13:43:13,920 INFO  EvoClassLoader - Seeing class for first time: org.apache.hadoop.thirdparty.protobuf.UnknownFieldSet$Parser
2024-11-12 13:43:13,920 INFO  EvoClassLoader - Instrumenting class 'org.apache.hadoop.thirdparty.protobuf.UnknownFieldSet$Parser'.
2024-11-12 13:43:13,920 INFO  MethodCallReplacementClassAdapter - Adding mock interface to class org/apache/hadoop/thirdparty/protobuf/UnknownFieldSet$Parser
2024-11-12 13:43:13,921 INFO  CreateClassResetClassAdapter - Creating brand-new static initializer in class org/apache/hadoop/thirdparty/protobuf/UnknownFieldSet$Parser
2024-11-12 13:43:13,921 INFO  EvoClassLoader - Keeping class: org.apache.hadoop.thirdparty.protobuf.UnknownFieldSet$Parser
2024-11-12 13:43:13,921 INFO  EvoClassLoader - Seeing class for first time: org.apache.hadoop.thirdparty.protobuf.LazyStringArrayList
2024-11-12 13:43:13,921 INFO  EvoClassLoader - Instrumenting class 'org.apache.hadoop.thirdparty.protobuf.LazyStringArrayList'.
2024-11-12 13:43:13,921 INFO  MethodCallReplacementClassAdapter - Adding mock interface to class org/apache/hadoop/thirdparty/protobuf/LazyStringArrayList
2024-11-12 13:43:13,922 INFO  CreateClassResetClassAdapter - Found static initializer in class org/apache/hadoop/thirdparty/protobuf/LazyStringArrayList
2024-11-12 13:43:13,922 INFO  EvoClassLoader - Seeing class for first time: org.apache.hadoop.thirdparty.protobuf.LazyStringList
2024-11-12 13:43:13,922 INFO  EvoClassLoader - Instrumenting class 'org.apache.hadoop.thirdparty.protobuf.LazyStringList'.
2024-11-12 13:43:13,923 INFO  EvoClassLoader - Keeping class: org.apache.hadoop.thirdparty.protobuf.LazyStringList
2024-11-12 13:43:13,923 INFO  EvoClassLoader - Seeing class for first time: org.apache.hadoop.thirdparty.protobuf.AbstractProtobufList
2024-11-12 13:43:13,923 INFO  EvoClassLoader - Instrumenting class 'org.apache.hadoop.thirdparty.protobuf.AbstractProtobufList'.
2024-11-12 13:43:13,923 INFO  MethodCallReplacementClassAdapter - Adding mock interface to class org/apache/hadoop/thirdparty/protobuf/AbstractProtobufList
2024-11-12 13:43:13,923 INFO  CreateClassResetClassAdapter - Creating brand-new static initializer in class org/apache/hadoop/thirdparty/protobuf/AbstractProtobufList
2024-11-12 13:43:13,923 INFO  CreateClassResetClassAdapter - Adding bytecode for initializing field DEFAULT_CAPACITY
2024-11-12 13:43:13,923 INFO  EvoClassLoader - Keeping class: org.apache.hadoop.thirdparty.protobuf.AbstractProtobufList
2024-11-12 13:43:13,923 INFO  EvoClassLoader - Keeping class: org.apache.hadoop.thirdparty.protobuf.LazyStringArrayList
2024-11-12 13:43:13,924 INFO  EvoClassLoader - Seeing class for first time: org.apache.hadoop.thirdparty.protobuf.IntArrayList
2024-11-12 13:43:13,924 INFO  EvoClassLoader - Instrumenting class 'org.apache.hadoop.thirdparty.protobuf.IntArrayList'.
2024-11-12 13:43:13,924 INFO  MethodCallReplacementClassAdapter - Adding mock interface to class org/apache/hadoop/thirdparty/protobuf/IntArrayList
2024-11-12 13:43:13,925 INFO  CreateClassResetClassAdapter - Found static initializer in class org/apache/hadoop/thirdparty/protobuf/IntArrayList
2024-11-12 13:43:13,925 INFO  EvoClassLoader - Seeing class for first time: org.apache.hadoop.thirdparty.protobuf.PrimitiveNonBoxingCollection
2024-11-12 13:43:13,925 INFO  EvoClassLoader - Instrumenting class 'org.apache.hadoop.thirdparty.protobuf.PrimitiveNonBoxingCollection'.
2024-11-12 13:43:13,925 INFO  EvoClassLoader - Keeping class: org.apache.hadoop.thirdparty.protobuf.PrimitiveNonBoxingCollection
2024-11-12 13:43:13,925 INFO  EvoClassLoader - Keeping class: org.apache.hadoop.thirdparty.protobuf.IntArrayList
2024-11-12 13:43:13,926 INFO  EvoClassLoader - Seeing class for first time: org.apache.hadoop.thirdparty.protobuf.DescriptorProtos$FileDescriptorProto$1
2024-11-12 13:43:13,926 INFO  EvoClassLoader - Instrumenting class 'org.apache.hadoop.thirdparty.protobuf.DescriptorProtos$FileDescriptorProto$1'.
2024-11-12 13:43:13,926 INFO  MethodCallReplacementClassAdapter - Adding mock interface to class org/apache/hadoop/thirdparty/protobuf/DescriptorProtos$FileDescriptorProto$1
2024-11-12 13:43:13,926 INFO  EvoClassLoader - Keeping class: org.apache.hadoop.thirdparty.protobuf.DescriptorProtos$FileDescriptorProto$1
2024-11-12 13:43:13,926 INFO  EvoClassLoader - Seeing class for first time: org.apache.hadoop.thirdparty.protobuf.DescriptorProtos$FileDescriptorProto$Builder
2024-11-12 13:43:13,926 INFO  EvoClassLoader - Instrumenting class 'org.apache.hadoop.thirdparty.protobuf.DescriptorProtos$FileDescriptorProto$Builder'.
2024-11-12 13:43:13,927 INFO  MethodCallReplacementClassAdapter - Adding mock interface to class org/apache/hadoop/thirdparty/protobuf/DescriptorProtos$FileDescriptorProto$Builder
2024-11-12 13:43:13,928 INFO  CreateClassResetClassAdapter - Creating brand-new static initializer in class org/apache/hadoop/thirdparty/protobuf/DescriptorProtos$FileDescriptorProto$Builder
2024-11-12 13:43:13,930 INFO  EvoClassLoader - Seeing class for first time: org.apache.hadoop.thirdparty.protobuf.GeneratedMessageV3$Builder
2024-11-12 13:43:13,930 INFO  EvoClassLoader - Instrumenting class 'org.apache.hadoop.thirdparty.protobuf.GeneratedMessageV3$Builder'.
2024-11-12 13:43:13,930 INFO  MethodCallReplacementClassAdapter - Adding mock interface to class org/apache/hadoop/thirdparty/protobuf/GeneratedMessageV3$Builder
2024-11-12 13:43:13,931 INFO  CreateClassResetClassAdapter - Creating brand-new static initializer in class org/apache/hadoop/thirdparty/protobuf/GeneratedMessageV3$Builder
2024-11-12 13:43:13,931 INFO  EvoClassLoader - Seeing class for first time: org.apache.hadoop.thirdparty.protobuf.AbstractMessage$Builder
2024-11-12 13:43:13,931 INFO  EvoClassLoader - Instrumenting class 'org.apache.hadoop.thirdparty.protobuf.AbstractMessage$Builder'.
2024-11-12 13:43:13,931 INFO  MethodCallReplacementClassAdapter - Adding mock interface to class org/apache/hadoop/thirdparty/protobuf/AbstractMessage$Builder
2024-11-12 13:43:13,932 INFO  CreateClassResetClassAdapter - Creating brand-new static initializer in class org/apache/hadoop/thirdparty/protobuf/AbstractMessage$Builder
2024-11-12 13:43:13,933 INFO  EvoClassLoader - Seeing class for first time: org.apache.hadoop.thirdparty.protobuf.AbstractMessageLite$Builder
2024-11-12 13:43:13,933 INFO  EvoClassLoader - Instrumenting class 'org.apache.hadoop.thirdparty.protobuf.AbstractMessageLite$Builder'.
2024-11-12 13:43:13,933 INFO  MethodCallReplacementClassAdapter - Adding mock interface to class org/apache/hadoop/thirdparty/protobuf/AbstractMessageLite$Builder
2024-11-12 13:43:13,934 INFO  CreateClassResetClassAdapter - Creating brand-new static initializer in class org/apache/hadoop/thirdparty/protobuf/AbstractMessageLite$Builder
2024-11-12 13:43:13,935 INFO  EvoClassLoader - Keeping class: org.apache.hadoop.thirdparty.protobuf.AbstractMessageLite$Builder
2024-11-12 13:43:13,935 INFO  EvoClassLoader - Keeping class: org.apache.hadoop.thirdparty.protobuf.AbstractMessage$Builder
2024-11-12 13:43:13,935 INFO  EvoClassLoader - Keeping class: org.apache.hadoop.thirdparty.protobuf.GeneratedMessageV3$Builder
2024-11-12 13:43:13,935 INFO  EvoClassLoader - Keeping class: org.apache.hadoop.thirdparty.protobuf.DescriptorProtos$FileDescriptorProto$Builder
2024-11-12 13:43:13,936 INFO  EvoClassLoader - Seeing class for first time: org.apache.hadoop.thirdparty.protobuf.DescriptorProtos$DescriptorProto
2024-11-12 13:43:13,936 INFO  EvoClassLoader - Instrumenting class 'org.apache.hadoop.thirdparty.protobuf.DescriptorProtos$DescriptorProto'.
2024-11-12 13:43:13,936 INFO  MethodCallReplacementClassAdapter - Adding mock interface to class org/apache/hadoop/thirdparty/protobuf/DescriptorProtos$DescriptorProto
2024-11-12 13:43:13,937 INFO  CreateClassResetClassAdapter - Found static initializer in class org/apache/hadoop/thirdparty/protobuf/DescriptorProtos$DescriptorProto
2024-11-12 13:43:13,937 INFO  EvoClassLoader - Seeing class for first time: org.apache.hadoop.thirdparty.protobuf.DescriptorProtos$DescriptorProtoOrBuilder
2024-11-12 13:43:13,937 INFO  EvoClassLoader - Instrumenting class 'org.apache.hadoop.thirdparty.protobuf.DescriptorProtos$DescriptorProtoOrBuilder'.
2024-11-12 13:43:13,938 INFO  EvoClassLoader - Keeping class: org.apache.hadoop.thirdparty.protobuf.DescriptorProtos$DescriptorProtoOrBuilder
2024-11-12 13:43:13,938 INFO  EvoClassLoader - Keeping class: org.apache.hadoop.thirdparty.protobuf.DescriptorProtos$DescriptorProto
2024-11-12 13:43:13,938 INFO  EvoClassLoader - Seeing class for first time: org.apache.hadoop.thirdparty.protobuf.DescriptorProtos$EnumDescriptorProto
2024-11-12 13:43:13,938 INFO  EvoClassLoader - Instrumenting class 'org.apache.hadoop.thirdparty.protobuf.DescriptorProtos$EnumDescriptorProto'.
2024-11-12 13:43:13,938 INFO  MethodCallReplacementClassAdapter - Adding mock interface to class org/apache/hadoop/thirdparty/protobuf/DescriptorProtos$EnumDescriptorProto
2024-11-12 13:43:13,939 INFO  CreateClassResetClassAdapter - Found static initializer in class org/apache/hadoop/thirdparty/protobuf/DescriptorProtos$EnumDescriptorProto
2024-11-12 13:43:13,939 INFO  EvoClassLoader - Seeing class for first time: org.apache.hadoop.thirdparty.protobuf.DescriptorProtos$EnumDescriptorProtoOrBuilder
2024-11-12 13:43:13,939 INFO  EvoClassLoader - Instrumenting class 'org.apache.hadoop.thirdparty.protobuf.DescriptorProtos$EnumDescriptorProtoOrBuilder'.
2024-11-12 13:43:13,939 INFO  EvoClassLoader - Keeping class: org.apache.hadoop.thirdparty.protobuf.DescriptorProtos$EnumDescriptorProtoOrBuilder
2024-11-12 13:43:13,940 INFO  EvoClassLoader - Keeping class: org.apache.hadoop.thirdparty.protobuf.DescriptorProtos$EnumDescriptorProto
2024-11-12 13:43:13,940 INFO  EvoClassLoader - Seeing class for first time: org.apache.hadoop.thirdparty.protobuf.DescriptorProtos$ServiceDescriptorProto
2024-11-12 13:43:13,940 INFO  EvoClassLoader - Instrumenting class 'org.apache.hadoop.thirdparty.protobuf.DescriptorProtos$ServiceDescriptorProto'.
2024-11-12 13:43:13,940 INFO  MethodCallReplacementClassAdapter - Adding mock interface to class org/apache/hadoop/thirdparty/protobuf/DescriptorProtos$ServiceDescriptorProto
2024-11-12 13:43:13,940 INFO  CreateClassResetClassAdapter - Found static initializer in class org/apache/hadoop/thirdparty/protobuf/DescriptorProtos$ServiceDescriptorProto
2024-11-12 13:43:13,940 INFO  EvoClassLoader - Seeing class for first time: org.apache.hadoop.thirdparty.protobuf.DescriptorProtos$ServiceDescriptorProtoOrBuilder
2024-11-12 13:43:13,940 INFO  EvoClassLoader - Instrumenting class 'org.apache.hadoop.thirdparty.protobuf.DescriptorProtos$ServiceDescriptorProtoOrBuilder'.
2024-11-12 13:43:13,941 INFO  EvoClassLoader - Keeping class: org.apache.hadoop.thirdparty.protobuf.DescriptorProtos$ServiceDescriptorProtoOrBuilder
2024-11-12 13:43:13,941 INFO  EvoClassLoader - Keeping class: org.apache.hadoop.thirdparty.protobuf.DescriptorProtos$ServiceDescriptorProto
2024-11-12 13:43:13,941 INFO  EvoClassLoader - Seeing class for first time: org.apache.hadoop.thirdparty.protobuf.DescriptorProtos$FieldDescriptorProto
2024-11-12 13:43:13,941 INFO  EvoClassLoader - Instrumenting class 'org.apache.hadoop.thirdparty.protobuf.DescriptorProtos$FieldDescriptorProto'.
2024-11-12 13:43:13,941 INFO  MethodCallReplacementClassAdapter - Adding mock interface to class org/apache/hadoop/thirdparty/protobuf/DescriptorProtos$FieldDescriptorProto
2024-11-12 13:43:13,942 INFO  CreateClassResetClassAdapter - Found static initializer in class org/apache/hadoop/thirdparty/protobuf/DescriptorProtos$FieldDescriptorProto
2024-11-12 13:43:13,942 INFO  EvoClassLoader - Seeing class for first time: org.apache.hadoop.thirdparty.protobuf.DescriptorProtos$FieldDescriptorProtoOrBuilder
2024-11-12 13:43:13,942 INFO  EvoClassLoader - Instrumenting class 'org.apache.hadoop.thirdparty.protobuf.DescriptorProtos$FieldDescriptorProtoOrBuilder'.
2024-11-12 13:43:13,942 INFO  EvoClassLoader - Keeping class: org.apache.hadoop.thirdparty.protobuf.DescriptorProtos$FieldDescriptorProtoOrBuilder
2024-11-12 13:43:13,942 INFO  EvoClassLoader - Keeping class: org.apache.hadoop.thirdparty.protobuf.DescriptorProtos$FieldDescriptorProto
2024-11-12 13:43:13,943 INFO  EvoClassLoader - Seeing class for first time: org.apache.hadoop.thirdparty.protobuf.DescriptorProtos$FileOptions
2024-11-12 13:43:13,943 INFO  EvoClassLoader - Instrumenting class 'org.apache.hadoop.thirdparty.protobuf.DescriptorProtos$FileOptions'.
2024-11-12 13:43:13,943 INFO  MethodCallReplacementClassAdapter - Adding mock interface to class org/apache/hadoop/thirdparty/protobuf/DescriptorProtos$FileOptions
2024-11-12 13:43:13,944 INFO  CreateClassResetClassAdapter - Found static initializer in class org/apache/hadoop/thirdparty/protobuf/DescriptorProtos$FileOptions
2024-11-12 13:43:13,944 INFO  EvoClassLoader - Seeing class for first time: org.apache.hadoop.thirdparty.protobuf.GeneratedMessageV3$ExtendableMessage
2024-11-12 13:43:13,944 INFO  EvoClassLoader - Instrumenting class 'org.apache.hadoop.thirdparty.protobuf.GeneratedMessageV3$ExtendableMessage'.
2024-11-12 13:43:13,945 INFO  MethodCallReplacementClassAdapter - Adding mock interface to class org/apache/hadoop/thirdparty/protobuf/GeneratedMessageV3$ExtendableMessage
2024-11-12 13:43:13,945 INFO  CreateClassResetClassAdapter - Creating brand-new static initializer in class org/apache/hadoop/thirdparty/protobuf/GeneratedMessageV3$ExtendableMessage
2024-11-12 13:43:13,945 INFO  EvoClassLoader - Keeping class: org.apache.hadoop.thirdparty.protobuf.GeneratedMessageV3$ExtendableMessage
2024-11-12 13:43:13,945 INFO  EvoClassLoader - Keeping class: org.apache.hadoop.thirdparty.protobuf.DescriptorProtos$FileOptions
2024-11-12 13:43:13,946 INFO  EvoClassLoader - Seeing class for first time: org.apache.hadoop.thirdparty.protobuf.DescriptorProtos$SourceCodeInfo
2024-11-12 13:43:13,946 INFO  EvoClassLoader - Instrumenting class 'org.apache.hadoop.thirdparty.protobuf.DescriptorProtos$SourceCodeInfo'.
2024-11-12 13:43:13,946 INFO  MethodCallReplacementClassAdapter - Adding mock interface to class org/apache/hadoop/thirdparty/protobuf/DescriptorProtos$SourceCodeInfo
2024-11-12 13:43:13,946 INFO  CreateClassResetClassAdapter - Found static initializer in class org/apache/hadoop/thirdparty/protobuf/DescriptorProtos$SourceCodeInfo
2024-11-12 13:43:13,946 INFO  EvoClassLoader - Keeping class: org.apache.hadoop.thirdparty.protobuf.DescriptorProtos$SourceCodeInfo
2024-11-12 13:43:13,947 INFO  EvoClassLoader - Seeing class for first time: org.apache.hadoop.thirdparty.protobuf.WireFormat
2024-11-12 13:43:13,947 INFO  EvoClassLoader - Instrumenting class 'org.apache.hadoop.thirdparty.protobuf.WireFormat'.
2024-11-12 13:43:13,948 INFO  MethodCallReplacementClassAdapter - Adding mock interface to class org/apache/hadoop/thirdparty/protobuf/WireFormat
2024-11-12 13:43:13,948 INFO  CreateClassResetClassAdapter - Found static initializer in class org/apache/hadoop/thirdparty/protobuf/WireFormat
2024-11-12 13:43:13,948 INFO  EvoClassLoader - Keeping class: org.apache.hadoop.thirdparty.protobuf.WireFormat
2024-11-12 13:43:13,949 INFO  EvoClassLoader - Seeing class for first time: org.apache.hadoop.thirdparty.protobuf.ByteString
2024-11-12 13:43:13,949 INFO  EvoClassLoader - Instrumenting class 'org.apache.hadoop.thirdparty.protobuf.ByteString'.
2024-11-12 13:43:13,949 INFO  MethodCallReplacementClassAdapter - Adding mock interface to class org/apache/hadoop/thirdparty/protobuf/ByteString
2024-11-12 13:43:13,950 INFO  CreateClassResetClassAdapter - Found static initializer in class org/apache/hadoop/thirdparty/protobuf/ByteString
2024-11-12 13:43:13,951 INFO  EvoClassLoader - Keeping class: org.apache.hadoop.thirdparty.protobuf.ByteString
2024-11-12 13:43:13,951 INFO  EvoClassLoader - Seeing class for first time: org.apache.hadoop.thirdparty.protobuf.ByteString$LiteralByteString
2024-11-12 13:43:13,951 INFO  EvoClassLoader - Instrumenting class 'org.apache.hadoop.thirdparty.protobuf.ByteString$LiteralByteString'.
2024-11-12 13:43:13,951 INFO  MethodCallReplacementClassAdapter - Adding mock interface to class org/apache/hadoop/thirdparty/protobuf/ByteString$LiteralByteString
2024-11-12 13:43:13,952 INFO  CreateClassResetClassAdapter - Creating brand-new static initializer in class org/apache/hadoop/thirdparty/protobuf/ByteString$LiteralByteString
2024-11-12 13:43:13,952 INFO  EvoClassLoader - Seeing class for first time: org.apache.hadoop.thirdparty.protobuf.ByteString$LeafByteString
2024-11-12 13:43:13,952 INFO  EvoClassLoader - Instrumenting class 'org.apache.hadoop.thirdparty.protobuf.ByteString$LeafByteString'.
2024-11-12 13:43:13,952 INFO  MethodCallReplacementClassAdapter - Adding mock interface to class org/apache/hadoop/thirdparty/protobuf/ByteString$LeafByteString
2024-11-12 13:43:13,952 INFO  CreateClassResetClassAdapter - Creating brand-new static initializer in class org/apache/hadoop/thirdparty/protobuf/ByteString$LeafByteString
2024-11-12 13:43:13,953 INFO  EvoClassLoader - Keeping class: org.apache.hadoop.thirdparty.protobuf.ByteString$LeafByteString
2024-11-12 13:43:13,953 INFO  EvoClassLoader - Keeping class: org.apache.hadoop.thirdparty.protobuf.ByteString$LiteralByteString
2024-11-12 13:43:13,953 INFO  EvoClassLoader - Seeing class for first time: org.apache.hadoop.thirdparty.protobuf.ByteString$ByteArrayCopier
2024-11-12 13:43:13,953 INFO  EvoClassLoader - Instrumenting class 'org.apache.hadoop.thirdparty.protobuf.ByteString$ByteArrayCopier'.
2024-11-12 13:43:13,953 INFO  EvoClassLoader - Keeping class: org.apache.hadoop.thirdparty.protobuf.ByteString$ByteArrayCopier
2024-11-12 13:43:13,953 INFO  EvoClassLoader - Seeing class for first time: org.apache.hadoop.thirdparty.protobuf.ByteString$ByteIterator
2024-11-12 13:43:13,953 INFO  EvoClassLoader - Instrumenting class 'org.apache.hadoop.thirdparty.protobuf.ByteString$ByteIterator'.
2024-11-12 13:43:13,953 INFO  EvoClassLoader - Keeping class: org.apache.hadoop.thirdparty.protobuf.ByteString$ByteIterator
2024-11-12 13:43:13,953 INFO  EvoClassLoader - Seeing class for first time: org.apache.hadoop.thirdparty.protobuf.NioByteString
2024-11-12 13:43:13,953 INFO  EvoClassLoader - Instrumenting class 'org.apache.hadoop.thirdparty.protobuf.NioByteString'.
2024-11-12 13:43:13,953 INFO  MethodCallReplacementClassAdapter - Adding mock interface to class org/apache/hadoop/thirdparty/protobuf/NioByteString
2024-11-12 13:43:13,954 INFO  CreateClassResetClassAdapter - Creating brand-new static initializer in class org/apache/hadoop/thirdparty/protobuf/NioByteString
2024-11-12 13:43:13,954 INFO  EvoClassLoader - Keeping class: org.apache.hadoop.thirdparty.protobuf.NioByteString
2024-11-12 13:43:13,954 INFO  EvoClassLoader - Seeing class for first time: org.apache.hadoop.thirdparty.protobuf.ByteString$BoundedByteString
2024-11-12 13:43:13,954 INFO  EvoClassLoader - Instrumenting class 'org.apache.hadoop.thirdparty.protobuf.ByteString$BoundedByteString'.
2024-11-12 13:43:13,954 INFO  MethodCallReplacementClassAdapter - Adding mock interface to class org/apache/hadoop/thirdparty/protobuf/ByteString$BoundedByteString
2024-11-12 13:43:13,955 INFO  CreateClassResetClassAdapter - Creating brand-new static initializer in class org/apache/hadoop/thirdparty/protobuf/ByteString$BoundedByteString
2024-11-12 13:43:13,955 INFO  EvoClassLoader - Keeping class: org.apache.hadoop.thirdparty.protobuf.ByteString$BoundedByteString
2024-11-12 13:43:13,956 INFO  EvoClassLoader - Seeing class for first time: org.apache.hadoop.thirdparty.protobuf.Android
2024-11-12 13:43:13,956 INFO  EvoClassLoader - Instrumenting class 'org.apache.hadoop.thirdparty.protobuf.Android'.
2024-11-12 13:43:13,956 INFO  MethodCallReplacementClassAdapter - Adding mock interface to class org/apache/hadoop/thirdparty/protobuf/Android
2024-11-12 13:43:13,956 INFO  CreateClassResetClassAdapter - Found static initializer in class org/apache/hadoop/thirdparty/protobuf/Android
2024-11-12 13:43:13,956 INFO  EvoClassLoader - Keeping class: org.apache.hadoop.thirdparty.protobuf.Android
2024-11-12 13:43:13,956 INFO  EvoClassLoader - Seeing class for first time: libcore.io.Memory
2024-11-12 13:43:13,956 INFO  EvoClassLoader - Instrumenting class 'libcore.io.Memory'.
2024-11-12 13:43:13,956 INFO  EvoClassLoader - Error while loading class: java.lang.ClassNotFoundException: Class 'libcore/io/Memory.class' should be in target project, but could not be found!
2024-11-12 13:43:13,957 INFO  EvoClassLoader - Seeing class for first time: org.robolectric.Robolectric
2024-11-12 13:43:13,957 INFO  EvoClassLoader - Instrumenting class 'org.robolectric.Robolectric'.
2024-11-12 13:43:13,957 INFO  EvoClassLoader - Error while loading class: java.lang.ClassNotFoundException: Class 'org/robolectric/Robolectric.class' should be in target project, but could not be found!
2024-11-12 13:43:13,957 INFO  EvoClassLoader - Seeing class for first time: org.apache.hadoop.thirdparty.protobuf.ByteString$ArraysByteArrayCopier
2024-11-12 13:43:13,957 INFO  EvoClassLoader - Instrumenting class 'org.apache.hadoop.thirdparty.protobuf.ByteString$ArraysByteArrayCopier'.
2024-11-12 13:43:13,957 INFO  MethodCallReplacementClassAdapter - Adding mock interface to class org/apache/hadoop/thirdparty/protobuf/ByteString$ArraysByteArrayCopier
2024-11-12 13:43:13,957 INFO  CreateClassResetClassAdapter - Creating brand-new static initializer in class org/apache/hadoop/thirdparty/protobuf/ByteString$ArraysByteArrayCopier
2024-11-12 13:43:13,957 INFO  EvoClassLoader - Keeping class: org.apache.hadoop.thirdparty.protobuf.ByteString$ArraysByteArrayCopier
2024-11-12 13:43:13,957 INFO  EvoClassLoader - Seeing class for first time: org.apache.hadoop.thirdparty.protobuf.ByteString$2
2024-11-12 13:43:13,957 INFO  EvoClassLoader - Instrumenting class 'org.apache.hadoop.thirdparty.protobuf.ByteString$2'.
2024-11-12 13:43:13,957 INFO  MethodCallReplacementClassAdapter - Adding mock interface to class org/apache/hadoop/thirdparty/protobuf/ByteString$2
2024-11-12 13:43:13,957 INFO  EvoClassLoader - Keeping class: org.apache.hadoop.thirdparty.protobuf.ByteString$2
2024-11-12 13:43:13,958 INFO  EvoClassLoader - Seeing class for first time: org.apache.hadoop.thirdparty.protobuf.DescriptorProtos$MessageOptionsOrBuilder
2024-11-12 13:43:13,958 INFO  EvoClassLoader - Instrumenting class 'org.apache.hadoop.thirdparty.protobuf.DescriptorProtos$MessageOptionsOrBuilder'.
2024-11-12 13:43:13,958 INFO  EvoClassLoader - Keeping class: org.apache.hadoop.thirdparty.protobuf.DescriptorProtos$MessageOptionsOrBuilder
2024-11-12 13:43:13,958 INFO  EvoClassLoader - Seeing class for first time: org.apache.hadoop.thirdparty.protobuf.DescriptorProtos$DescriptorProto$1
2024-11-12 13:43:13,958 INFO  EvoClassLoader - Instrumenting class 'org.apache.hadoop.thirdparty.protobuf.DescriptorProtos$DescriptorProto$1'.
2024-11-12 13:43:13,958 INFO  MethodCallReplacementClassAdapter - Adding mock interface to class org/apache/hadoop/thirdparty/protobuf/DescriptorProtos$DescriptorProto$1
2024-11-12 13:43:13,959 INFO  EvoClassLoader - Keeping class: org.apache.hadoop.thirdparty.protobuf.DescriptorProtos$DescriptorProto$1
2024-11-12 13:43:13,959 INFO  EvoClassLoader - Seeing class for first time: org.apache.hadoop.thirdparty.protobuf.DescriptorProtos$DescriptorProto$Builder
2024-11-12 13:43:13,959 INFO  EvoClassLoader - Instrumenting class 'org.apache.hadoop.thirdparty.protobuf.DescriptorProtos$DescriptorProto$Builder'.
2024-11-12 13:43:13,959 INFO  MethodCallReplacementClassAdapter - Adding mock interface to class org/apache/hadoop/thirdparty/protobuf/DescriptorProtos$DescriptorProto$Builder
2024-11-12 13:43:13,961 INFO  CreateClassResetClassAdapter - Creating brand-new static initializer in class org/apache/hadoop/thirdparty/protobuf/DescriptorProtos$DescriptorProto$Builder
2024-11-12 13:43:13,962 INFO  EvoClassLoader - Keeping class: org.apache.hadoop.thirdparty.protobuf.DescriptorProtos$DescriptorProto$Builder
2024-11-12 13:43:13,962 INFO  EvoClassLoader - Seeing class for first time: org.apache.hadoop.thirdparty.protobuf.DescriptorProtos$DescriptorProto$ExtensionRange
2024-11-12 13:43:13,962 INFO  EvoClassLoader - Instrumenting class 'org.apache.hadoop.thirdparty.protobuf.DescriptorProtos$DescriptorProto$ExtensionRange'.
2024-11-12 13:43:13,963 INFO  MethodCallReplacementClassAdapter - Adding mock interface to class org/apache/hadoop/thirdparty/protobuf/DescriptorProtos$DescriptorProto$ExtensionRange
2024-11-12 13:43:13,963 INFO  CreateClassResetClassAdapter - Found static initializer in class org/apache/hadoop/thirdparty/protobuf/DescriptorProtos$DescriptorProto$ExtensionRange
2024-11-12 13:43:13,963 INFO  EvoClassLoader - Seeing class for first time: org.apache.hadoop.thirdparty.protobuf.DescriptorProtos$DescriptorProto$ExtensionRangeOrBuilder
2024-11-12 13:43:13,963 INFO  EvoClassLoader - Instrumenting class 'org.apache.hadoop.thirdparty.protobuf.DescriptorProtos$DescriptorProto$ExtensionRangeOrBuilder'.
2024-11-12 13:43:13,964 INFO  EvoClassLoader - Keeping class: org.apache.hadoop.thirdparty.protobuf.DescriptorProtos$DescriptorProto$ExtensionRangeOrBuilder
2024-11-12 13:43:13,964 INFO  EvoClassLoader - Keeping class: org.apache.hadoop.thirdparty.protobuf.DescriptorProtos$DescriptorProto$ExtensionRange
2024-11-12 13:43:13,964 INFO  EvoClassLoader - Seeing class for first time: org.apache.hadoop.thirdparty.protobuf.DescriptorProtos$OneofDescriptorProto
2024-11-12 13:43:13,964 INFO  EvoClassLoader - Instrumenting class 'org.apache.hadoop.thirdparty.protobuf.DescriptorProtos$OneofDescriptorProto'.
2024-11-12 13:43:13,964 INFO  MethodCallReplacementClassAdapter - Adding mock interface to class org/apache/hadoop/thirdparty/protobuf/DescriptorProtos$OneofDescriptorProto
2024-11-12 13:43:13,964 INFO  CreateClassResetClassAdapter - Found static initializer in class org/apache/hadoop/thirdparty/protobuf/DescriptorProtos$OneofDescriptorProto
2024-11-12 13:43:13,965 INFO  EvoClassLoader - Seeing class for first time: org.apache.hadoop.thirdparty.protobuf.DescriptorProtos$OneofDescriptorProtoOrBuilder
2024-11-12 13:43:13,965 INFO  EvoClassLoader - Instrumenting class 'org.apache.hadoop.thirdparty.protobuf.DescriptorProtos$OneofDescriptorProtoOrBuilder'.
2024-11-12 13:43:13,965 INFO  EvoClassLoader - Keeping class: org.apache.hadoop.thirdparty.protobuf.DescriptorProtos$OneofDescriptorProtoOrBuilder
2024-11-12 13:43:13,965 INFO  EvoClassLoader - Keeping class: org.apache.hadoop.thirdparty.protobuf.DescriptorProtos$OneofDescriptorProto
2024-11-12 13:43:13,965 INFO  EvoClassLoader - Seeing class for first time: org.apache.hadoop.thirdparty.protobuf.DescriptorProtos$DescriptorProto$ReservedRange
2024-11-12 13:43:13,965 INFO  EvoClassLoader - Instrumenting class 'org.apache.hadoop.thirdparty.protobuf.DescriptorProtos$DescriptorProto$ReservedRange'.
2024-11-12 13:43:13,965 INFO  MethodCallReplacementClassAdapter - Adding mock interface to class org/apache/hadoop/thirdparty/protobuf/DescriptorProtos$DescriptorProto$ReservedRange
2024-11-12 13:43:13,965 INFO  CreateClassResetClassAdapter - Found static initializer in class org/apache/hadoop/thirdparty/protobuf/DescriptorProtos$DescriptorProto$ReservedRange
2024-11-12 13:43:13,966 INFO  EvoClassLoader - Seeing class for first time: org.apache.hadoop.thirdparty.protobuf.DescriptorProtos$DescriptorProto$ReservedRangeOrBuilder
2024-11-12 13:43:13,966 INFO  EvoClassLoader - Instrumenting class 'org.apache.hadoop.thirdparty.protobuf.DescriptorProtos$DescriptorProto$ReservedRangeOrBuilder'.
2024-11-12 13:43:13,966 INFO  EvoClassLoader - Keeping class: org.apache.hadoop.thirdparty.protobuf.DescriptorProtos$DescriptorProto$ReservedRangeOrBuilder
2024-11-12 13:43:13,966 INFO  EvoClassLoader - Keeping class: org.apache.hadoop.thirdparty.protobuf.DescriptorProtos$DescriptorProto$ReservedRange
2024-11-12 13:43:13,966 INFO  EvoClassLoader - Seeing class for first time: org.apache.hadoop.thirdparty.protobuf.DescriptorProtos$MessageOptions
2024-11-12 13:43:13,966 INFO  EvoClassLoader - Instrumenting class 'org.apache.hadoop.thirdparty.protobuf.DescriptorProtos$MessageOptions'.
2024-11-12 13:43:13,966 INFO  MethodCallReplacementClassAdapter - Adding mock interface to class org/apache/hadoop/thirdparty/protobuf/DescriptorProtos$MessageOptions
2024-11-12 13:43:13,967 INFO  CreateClassResetClassAdapter - Found static initializer in class org/apache/hadoop/thirdparty/protobuf/DescriptorProtos$MessageOptions
2024-11-12 13:43:13,967 INFO  EvoClassLoader - Keeping class: org.apache.hadoop.thirdparty.protobuf.DescriptorProtos$MessageOptions
2024-11-12 13:43:13,969 INFO  EvoClassLoader - Seeing class for first time: org.apache.hadoop.thirdparty.protobuf.DescriptorProtos$FieldOptionsOrBuilder
2024-11-12 13:43:13,969 INFO  EvoClassLoader - Instrumenting class 'org.apache.hadoop.thirdparty.protobuf.DescriptorProtos$FieldOptionsOrBuilder'.
2024-11-12 13:43:13,969 INFO  EvoClassLoader - Keeping class: org.apache.hadoop.thirdparty.protobuf.DescriptorProtos$FieldOptionsOrBuilder
2024-11-12 13:43:13,970 INFO  EvoClassLoader - Seeing class for first time: org.apache.hadoop.thirdparty.protobuf.DescriptorProtos$FieldDescriptorProto$1
2024-11-12 13:43:13,970 INFO  EvoClassLoader - Instrumenting class 'org.apache.hadoop.thirdparty.protobuf.DescriptorProtos$FieldDescriptorProto$1'.
2024-11-12 13:43:13,970 INFO  MethodCallReplacementClassAdapter - Adding mock interface to class org/apache/hadoop/thirdparty/protobuf/DescriptorProtos$FieldDescriptorProto$1
2024-11-12 13:43:13,970 INFO  EvoClassLoader - Keeping class: org.apache.hadoop.thirdparty.protobuf.DescriptorProtos$FieldDescriptorProto$1
2024-11-12 13:43:13,970 INFO  EvoClassLoader - Seeing class for first time: org.apache.hadoop.thirdparty.protobuf.DescriptorProtos$FieldDescriptorProto$Builder
2024-11-12 13:43:13,970 INFO  EvoClassLoader - Instrumenting class 'org.apache.hadoop.thirdparty.protobuf.DescriptorProtos$FieldDescriptorProto$Builder'.
2024-11-12 13:43:13,970 INFO  MethodCallReplacementClassAdapter - Adding mock interface to class org/apache/hadoop/thirdparty/protobuf/DescriptorProtos$FieldDescriptorProto$Builder
2024-11-12 13:43:13,971 INFO  CreateClassResetClassAdapter - Creating brand-new static initializer in class org/apache/hadoop/thirdparty/protobuf/DescriptorProtos$FieldDescriptorProto$Builder
2024-11-12 13:43:13,972 INFO  EvoClassLoader - Keeping class: org.apache.hadoop.thirdparty.protobuf.DescriptorProtos$FieldDescriptorProto$Builder
2024-11-12 13:43:13,972 INFO  EvoClassLoader - Seeing class for first time: org.apache.hadoop.thirdparty.protobuf.DescriptorProtos$FieldOptions
2024-11-12 13:43:13,972 INFO  EvoClassLoader - Instrumenting class 'org.apache.hadoop.thirdparty.protobuf.DescriptorProtos$FieldOptions'.
2024-11-12 13:43:13,973 INFO  MethodCallReplacementClassAdapter - Adding mock interface to class org/apache/hadoop/thirdparty/protobuf/DescriptorProtos$FieldOptions
2024-11-12 13:43:13,977 INFO  CreateClassResetClassAdapter - Found static initializer in class org/apache/hadoop/thirdparty/protobuf/DescriptorProtos$FieldOptions
2024-11-12 13:43:13,978 INFO  EvoClassLoader - Keeping class: org.apache.hadoop.thirdparty.protobuf.DescriptorProtos$FieldOptions
2024-11-12 13:43:13,978 INFO  EvoClassLoader - Seeing class for first time: org.apache.hadoop.thirdparty.protobuf.DescriptorProtos$FieldDescriptorProto$Label
2024-11-12 13:43:13,978 INFO  EvoClassLoader - Instrumenting class 'org.apache.hadoop.thirdparty.protobuf.DescriptorProtos$FieldDescriptorProto$Label'.
2024-11-12 13:43:13,979 INFO  MethodCallReplacementClassAdapter - Adding mock interface to class org/apache/hadoop/thirdparty/protobuf/DescriptorProtos$FieldDescriptorProto$Label
2024-11-12 13:43:13,980 INFO  CreateClassResetClassAdapter - Found static initializer in class org/apache/hadoop/thirdparty/protobuf/DescriptorProtos$FieldDescriptorProto$Label
2024-11-12 13:43:13,980 INFO  EvoClassLoader - Seeing class for first time: org.apache.hadoop.thirdparty.protobuf.ProtocolMessageEnum
2024-11-12 13:43:13,980 INFO  EvoClassLoader - Instrumenting class 'org.apache.hadoop.thirdparty.protobuf.ProtocolMessageEnum'.
2024-11-12 13:43:13,981 INFO  EvoClassLoader - Seeing class for first time: org.apache.hadoop.thirdparty.protobuf.Internal$EnumLite
2024-11-12 13:43:13,981 INFO  EvoClassLoader - Instrumenting class 'org.apache.hadoop.thirdparty.protobuf.Internal$EnumLite'.
2024-11-12 13:43:13,981 INFO  EvoClassLoader - Keeping class: org.apache.hadoop.thirdparty.protobuf.Internal$EnumLite
2024-11-12 13:43:13,981 INFO  EvoClassLoader - Keeping class: org.apache.hadoop.thirdparty.protobuf.ProtocolMessageEnum
2024-11-12 13:43:13,981 INFO  EvoClassLoader - Keeping class: org.apache.hadoop.thirdparty.protobuf.DescriptorProtos$FieldDescriptorProto$Label
2024-11-12 13:43:13,981 INFO  EvoClassLoader - Seeing class for first time: org.apache.hadoop.thirdparty.protobuf.Internal$EnumLiteMap
2024-11-12 13:43:13,981 INFO  EvoClassLoader - Instrumenting class 'org.apache.hadoop.thirdparty.protobuf.Internal$EnumLiteMap'.
2024-11-12 13:43:13,982 INFO  EvoClassLoader - Keeping class: org.apache.hadoop.thirdparty.protobuf.Internal$EnumLiteMap
2024-11-12 13:43:13,982 INFO  EvoClassLoader - Seeing class for first time: org.apache.hadoop.thirdparty.protobuf.DescriptorProtos$FieldDescriptorProto$Label$1
2024-11-12 13:43:13,982 INFO  EvoClassLoader - Instrumenting class 'org.apache.hadoop.thirdparty.protobuf.DescriptorProtos$FieldDescriptorProto$Label$1'.
2024-11-12 13:43:13,982 INFO  MethodCallReplacementClassAdapter - Adding mock interface to class org/apache/hadoop/thirdparty/protobuf/DescriptorProtos$FieldDescriptorProto$Label$1
2024-11-12 13:43:13,982 INFO  EvoClassLoader - Keeping class: org.apache.hadoop.thirdparty.protobuf.DescriptorProtos$FieldDescriptorProto$Label$1
2024-11-12 13:43:13,983 INFO  EvoClassLoader - Seeing class for first time: org.apache.hadoop.thirdparty.protobuf.DescriptorProtos$FieldDescriptorProto$Type
2024-11-12 13:43:13,983 INFO  EvoClassLoader - Instrumenting class 'org.apache.hadoop.thirdparty.protobuf.DescriptorProtos$FieldDescriptorProto$Type'.
2024-11-12 13:43:13,983 INFO  MethodCallReplacementClassAdapter - Adding mock interface to class org/apache/hadoop/thirdparty/protobuf/DescriptorProtos$FieldDescriptorProto$Type
2024-11-12 13:43:13,984 INFO  CreateClassResetClassAdapter - Found static initializer in class org/apache/hadoop/thirdparty/protobuf/DescriptorProtos$FieldDescriptorProto$Type
2024-11-12 13:43:13,984 INFO  EvoClassLoader - Keeping class: org.apache.hadoop.thirdparty.protobuf.DescriptorProtos$FieldDescriptorProto$Type
2024-11-12 13:43:13,985 INFO  EvoClassLoader - Seeing class for first time: org.apache.hadoop.thirdparty.protobuf.DescriptorProtos$FieldDescriptorProto$Type$1
2024-11-12 13:43:13,985 INFO  EvoClassLoader - Instrumenting class 'org.apache.hadoop.thirdparty.protobuf.DescriptorProtos$FieldDescriptorProto$Type$1'.
2024-11-12 13:43:13,985 INFO  MethodCallReplacementClassAdapter - Adding mock interface to class org/apache/hadoop/thirdparty/protobuf/DescriptorProtos$FieldDescriptorProto$Type$1
2024-11-12 13:43:13,985 INFO  EvoClassLoader - Keeping class: org.apache.hadoop.thirdparty.protobuf.DescriptorProtos$FieldDescriptorProto$Type$1
2024-11-12 13:43:13,986 INFO  EvoClassLoader - Seeing class for first time: org.apache.hadoop.thirdparty.protobuf.SingleFieldBuilderV3
2024-11-12 13:43:13,986 INFO  EvoClassLoader - Instrumenting class 'org.apache.hadoop.thirdparty.protobuf.SingleFieldBuilderV3'.
2024-11-12 13:43:13,987 INFO  MethodCallReplacementClassAdapter - Adding mock interface to class org/apache/hadoop/thirdparty/protobuf/SingleFieldBuilderV3
2024-11-12 13:43:13,987 INFO  CreateClassResetClassAdapter - Creating brand-new static initializer in class org/apache/hadoop/thirdparty/protobuf/SingleFieldBuilderV3
2024-11-12 13:43:13,988 INFO  EvoClassLoader - Keeping class: org.apache.hadoop.thirdparty.protobuf.SingleFieldBuilderV3
2024-11-12 13:43:13,988 INFO  EvoClassLoader - Seeing class for first time: org.apache.hadoop.thirdparty.protobuf.MessageReflection$MergeTarget
2024-11-12 13:43:13,988 INFO  EvoClassLoader - Instrumenting class 'org.apache.hadoop.thirdparty.protobuf.MessageReflection$MergeTarget'.
2024-11-12 13:43:13,988 INFO  EvoClassLoader - Keeping class: org.apache.hadoop.thirdparty.protobuf.MessageReflection$MergeTarget
2024-11-12 13:43:13,989 INFO  EvoClassLoader - Seeing class for first time: org.apache.hadoop.thirdparty.protobuf.GeneratedMessageV3$ExtendableBuilder
2024-11-12 13:43:13,989 INFO  EvoClassLoader - Instrumenting class 'org.apache.hadoop.thirdparty.protobuf.GeneratedMessageV3$ExtendableBuilder'.
2024-11-12 13:43:13,989 INFO  MethodCallReplacementClassAdapter - Adding mock interface to class org/apache/hadoop/thirdparty/protobuf/GeneratedMessageV3$ExtendableBuilder
2024-11-12 13:43:13,991 INFO  CreateClassResetClassAdapter - Creating brand-new static initializer in class org/apache/hadoop/thirdparty/protobuf/GeneratedMessageV3$ExtendableBuilder
2024-11-12 13:43:13,991 INFO  EvoClassLoader - Keeping class: org.apache.hadoop.thirdparty.protobuf.GeneratedMessageV3$ExtendableBuilder
2024-11-12 13:43:13,993 INFO  EvoClassLoader - Seeing class for first time: org.apache.hadoop.thirdparty.protobuf.FieldSet
2024-11-12 13:43:13,993 INFO  EvoClassLoader - Instrumenting class 'org.apache.hadoop.thirdparty.protobuf.FieldSet'.
2024-11-12 13:43:13,993 INFO  MethodCallReplacementClassAdapter - Adding mock interface to class org/apache/hadoop/thirdparty/protobuf/FieldSet
2024-11-12 13:43:13,996 INFO  CreateClassResetClassAdapter - Found static initializer in class org/apache/hadoop/thirdparty/protobuf/FieldSet
2024-11-12 13:43:13,997 INFO  EvoClassLoader - Keeping class: org.apache.hadoop.thirdparty.protobuf.FieldSet
2024-11-12 13:43:13,997 INFO  EvoClassLoader - Seeing class for first time: org.apache.hadoop.thirdparty.protobuf.LazyFieldLite
2024-11-12 13:43:13,997 INFO  EvoClassLoader - Instrumenting class 'org.apache.hadoop.thirdparty.protobuf.LazyFieldLite'.
2024-11-12 13:43:13,998 INFO  MethodCallReplacementClassAdapter - Adding mock interface to class org/apache/hadoop/thirdparty/protobuf/LazyFieldLite
2024-11-12 13:43:13,999 INFO  CreateClassResetClassAdapter - Found static initializer in class org/apache/hadoop/thirdparty/protobuf/LazyFieldLite
2024-11-12 13:43:14,000 INFO  EvoClassLoader - Keeping class: org.apache.hadoop.thirdparty.protobuf.LazyFieldLite
2024-11-12 13:43:14,001 INFO  EvoClassLoader - Seeing class for first time: org.apache.hadoop.thirdparty.protobuf.LazyField
2024-11-12 13:43:14,001 INFO  EvoClassLoader - Instrumenting class 'org.apache.hadoop.thirdparty.protobuf.LazyField'.
2024-11-12 13:43:14,001 INFO  MethodCallReplacementClassAdapter - Adding mock interface to class org/apache/hadoop/thirdparty/protobuf/LazyField
2024-11-12 13:43:14,001 INFO  CreateClassResetClassAdapter - Creating brand-new static initializer in class org/apache/hadoop/thirdparty/protobuf/LazyField
2024-11-12 13:43:14,002 INFO  EvoClassLoader - Keeping class: org.apache.hadoop.thirdparty.protobuf.LazyField
2024-11-12 13:43:14,002 INFO  EvoClassLoader - Seeing class for first time: org.apache.hadoop.thirdparty.protobuf.SmallSortedMap
2024-11-12 13:43:14,002 INFO  EvoClassLoader - Instrumenting class 'org.apache.hadoop.thirdparty.protobuf.SmallSortedMap'.
2024-11-12 13:43:14,003 INFO  MethodCallReplacementClassAdapter - Adding mock interface to class org/apache/hadoop/thirdparty/protobuf/SmallSortedMap
2024-11-12 13:43:14,004 INFO  CreateClassResetClassAdapter - Creating brand-new static initializer in class org/apache/hadoop/thirdparty/protobuf/SmallSortedMap
2024-11-12 13:43:14,004 INFO  EvoClassLoader - Keeping class: org.apache.hadoop.thirdparty.protobuf.SmallSortedMap
2024-11-12 13:43:14,004 INFO  EvoClassLoader - Seeing class for first time: org.apache.hadoop.thirdparty.protobuf.SmallSortedMap$1
2024-11-12 13:43:14,004 INFO  EvoClassLoader - Instrumenting class 'org.apache.hadoop.thirdparty.protobuf.SmallSortedMap$1'.
2024-11-12 13:43:14,005 INFO  MethodCallReplacementClassAdapter - Adding mock interface to class org/apache/hadoop/thirdparty/protobuf/SmallSortedMap$1
2024-11-12 13:43:14,005 INFO  EvoClassLoader - Keeping class: org.apache.hadoop.thirdparty.protobuf.SmallSortedMap$1
2024-11-12 13:43:14,006 INFO  EvoClassLoader - Seeing class for first time: org.apache.hadoop.thirdparty.protobuf.SmallSortedMap$EmptySet
2024-11-12 13:43:14,006 INFO  EvoClassLoader - Instrumenting class 'org.apache.hadoop.thirdparty.protobuf.SmallSortedMap$EmptySet'.
2024-11-12 13:43:14,006 INFO  MethodCallReplacementClassAdapter - Adding mock interface to class org/apache/hadoop/thirdparty/protobuf/SmallSortedMap$EmptySet
2024-11-12 13:43:14,006 INFO  CreateClassResetClassAdapter - Found static initializer in class org/apache/hadoop/thirdparty/protobuf/SmallSortedMap$EmptySet
2024-11-12 13:43:14,006 INFO  EvoClassLoader - Keeping class: org.apache.hadoop.thirdparty.protobuf.SmallSortedMap$EmptySet
2024-11-12 13:43:14,006 INFO  EvoClassLoader - Seeing class for first time: org.apache.hadoop.thirdparty.protobuf.SmallSortedMap$EmptySet$1
2024-11-12 13:43:14,006 INFO  EvoClassLoader - Instrumenting class 'org.apache.hadoop.thirdparty.protobuf.SmallSortedMap$EmptySet$1'.
2024-11-12 13:43:14,007 INFO  MethodCallReplacementClassAdapter - Adding mock interface to class org/apache/hadoop/thirdparty/protobuf/SmallSortedMap$EmptySet$1
2024-11-12 13:43:14,007 INFO  EvoClassLoader - Keeping class: org.apache.hadoop.thirdparty.protobuf.SmallSortedMap$EmptySet$1
2024-11-12 13:43:14,007 INFO  EvoClassLoader - Seeing class for first time: org.apache.hadoop.thirdparty.protobuf.SmallSortedMap$EmptySet$2
2024-11-12 13:43:14,007 INFO  EvoClassLoader - Instrumenting class 'org.apache.hadoop.thirdparty.protobuf.SmallSortedMap$EmptySet$2'.
2024-11-12 13:43:14,007 INFO  MethodCallReplacementClassAdapter - Adding mock interface to class org/apache/hadoop/thirdparty/protobuf/SmallSortedMap$EmptySet$2
2024-11-12 13:43:14,007 INFO  EvoClassLoader - Keeping class: org.apache.hadoop.thirdparty.protobuf.SmallSortedMap$EmptySet$2
2024-11-12 13:43:14,008 INFO  EvoClassLoader - Seeing class for first time: org.apache.hadoop.thirdparty.protobuf.DescriptorProtos$FileOptions$1
2024-11-12 13:43:14,008 INFO  EvoClassLoader - Instrumenting class 'org.apache.hadoop.thirdparty.protobuf.DescriptorProtos$FileOptions$1'.
2024-11-12 13:43:14,008 INFO  MethodCallReplacementClassAdapter - Adding mock interface to class org/apache/hadoop/thirdparty/protobuf/DescriptorProtos$FileOptions$1
2024-11-12 13:43:14,008 INFO  EvoClassLoader - Keeping class: org.apache.hadoop.thirdparty.protobuf.DescriptorProtos$FileOptions$1
2024-11-12 13:43:14,008 INFO  EvoClassLoader - Seeing class for first time: org.apache.hadoop.thirdparty.protobuf.GeneratedMessageV3$Builder$BuilderParentImpl
2024-11-12 13:43:14,008 INFO  EvoClassLoader - Instrumenting class 'org.apache.hadoop.thirdparty.protobuf.GeneratedMessageV3$Builder$BuilderParentImpl'.
2024-11-12 13:43:14,009 INFO  MethodCallReplacementClassAdapter - Adding mock interface to class org/apache/hadoop/thirdparty/protobuf/GeneratedMessageV3$Builder$BuilderParentImpl
2024-11-12 13:43:14,009 INFO  CreateClassResetClassAdapter - Creating brand-new static initializer in class org/apache/hadoop/thirdparty/protobuf/GeneratedMessageV3$Builder$BuilderParentImpl
2024-11-12 13:43:14,009 INFO  EvoClassLoader - Keeping class: org.apache.hadoop.thirdparty.protobuf.GeneratedMessageV3$Builder$BuilderParentImpl
2024-11-12 13:43:14,009 INFO  EvoClassLoader - Seeing class for first time: org.apache.hadoop.thirdparty.protobuf.GeneratedMessageV3$1
2024-11-12 13:43:14,009 INFO  EvoClassLoader - Instrumenting class 'org.apache.hadoop.thirdparty.protobuf.GeneratedMessageV3$1'.
2024-11-12 13:43:14,009 INFO  MethodCallReplacementClassAdapter - Adding mock interface to class org/apache/hadoop/thirdparty/protobuf/GeneratedMessageV3$1
2024-11-12 13:43:14,010 INFO  EvoClassLoader - Keeping class: org.apache.hadoop.thirdparty.protobuf.GeneratedMessageV3$1
2024-11-12 13:43:14,010 INFO  EvoClassLoader - Seeing class for first time: org.apache.hadoop.thirdparty.protobuf.DescriptorProtos$FileOptions$Builder
2024-11-12 13:43:14,010 INFO  EvoClassLoader - Instrumenting class 'org.apache.hadoop.thirdparty.protobuf.DescriptorProtos$FileOptions$Builder'.
2024-11-12 13:43:14,011 INFO  MethodCallReplacementClassAdapter - Adding mock interface to class org/apache/hadoop/thirdparty/protobuf/DescriptorProtos$FileOptions$Builder
2024-11-12 13:43:14,012 INFO  CreateClassResetClassAdapter - Creating brand-new static initializer in class org/apache/hadoop/thirdparty/protobuf/DescriptorProtos$FileOptions$Builder
2024-11-12 13:43:14,014 INFO  EvoClassLoader - Keeping class: org.apache.hadoop.thirdparty.protobuf.DescriptorProtos$FileOptions$Builder
2024-11-12 13:43:14,015 INFO  EvoClassLoader - Seeing class for first time: org.apache.hadoop.thirdparty.protobuf.DescriptorProtos$UninterpretedOption
2024-11-12 13:43:14,015 INFO  EvoClassLoader - Instrumenting class 'org.apache.hadoop.thirdparty.protobuf.DescriptorProtos$UninterpretedOption'.
2024-11-12 13:43:14,015 INFO  MethodCallReplacementClassAdapter - Adding mock interface to class org/apache/hadoop/thirdparty/protobuf/DescriptorProtos$UninterpretedOption
2024-11-12 13:43:14,016 INFO  CreateClassResetClassAdapter - Found static initializer in class org/apache/hadoop/thirdparty/protobuf/DescriptorProtos$UninterpretedOption
2024-11-12 13:43:14,016 INFO  EvoClassLoader - Seeing class for first time: org.apache.hadoop.thirdparty.protobuf.DescriptorProtos$UninterpretedOptionOrBuilder
2024-11-12 13:43:14,016 INFO  EvoClassLoader - Instrumenting class 'org.apache.hadoop.thirdparty.protobuf.DescriptorProtos$UninterpretedOptionOrBuilder'.
2024-11-12 13:43:14,017 INFO  EvoClassLoader - Keeping class: org.apache.hadoop.thirdparty.protobuf.DescriptorProtos$UninterpretedOptionOrBuilder
2024-11-12 13:43:14,017 INFO  EvoClassLoader - Keeping class: org.apache.hadoop.thirdparty.protobuf.DescriptorProtos$UninterpretedOption
2024-11-12 13:43:14,018 INFO  EvoClassLoader - Seeing class for first time: org.apache.hadoop.thirdparty.protobuf.Descriptors$DescriptorPool
2024-11-12 13:43:14,018 INFO  EvoClassLoader - Instrumenting class 'org.apache.hadoop.thirdparty.protobuf.Descriptors$DescriptorPool'.
2024-11-12 13:43:14,019 INFO  MethodCallReplacementClassAdapter - Adding mock interface to class org/apache/hadoop/thirdparty/protobuf/Descriptors$DescriptorPool
2024-11-12 13:43:14,019 INFO  CreateClassResetClassAdapter - Creating brand-new static initializer in class org/apache/hadoop/thirdparty/protobuf/Descriptors$DescriptorPool
2024-11-12 13:43:14,019 INFO  EvoClassLoader - Keeping class: org.apache.hadoop.thirdparty.protobuf.Descriptors$DescriptorPool
2024-11-12 13:43:14,020 INFO  EvoClassLoader - Seeing class for first time: org.apache.hadoop.thirdparty.protobuf.Utf8
2024-11-12 13:43:14,020 INFO  EvoClassLoader - Instrumenting class 'org.apache.hadoop.thirdparty.protobuf.Utf8'.
2024-11-12 13:43:14,020 INFO  MethodCallReplacementClassAdapter - Adding mock interface to class org/apache/hadoop/thirdparty/protobuf/Utf8
2024-11-12 13:43:14,021 INFO  CreateClassResetClassAdapter - Found static initializer in class org/apache/hadoop/thirdparty/protobuf/Utf8
2024-11-12 13:43:14,022 INFO  EvoClassLoader - Keeping class: org.apache.hadoop.thirdparty.protobuf.Utf8
2024-11-12 13:43:14,022 INFO  EvoClassLoader - Seeing class for first time: org.apache.hadoop.thirdparty.protobuf.Utf8$Processor
2024-11-12 13:43:14,022 INFO  EvoClassLoader - Instrumenting class 'org.apache.hadoop.thirdparty.protobuf.Utf8$Processor'.
2024-11-12 13:43:14,022 INFO  MethodCallReplacementClassAdapter - Adding mock interface to class org/apache/hadoop/thirdparty/protobuf/Utf8$Processor
2024-11-12 13:43:14,023 INFO  CreateClassResetClassAdapter - Creating brand-new static initializer in class org/apache/hadoop/thirdparty/protobuf/Utf8$Processor
2024-11-12 13:43:14,023 INFO  EvoClassLoader - Keeping class: org.apache.hadoop.thirdparty.protobuf.Utf8$Processor
2024-11-12 13:43:14,023 INFO  EvoClassLoader - Seeing class for first time: org.apache.hadoop.thirdparty.protobuf.Utf8$UnsafeProcessor
2024-11-12 13:43:14,023 INFO  EvoClassLoader - Instrumenting class 'org.apache.hadoop.thirdparty.protobuf.Utf8$UnsafeProcessor'.
2024-11-12 13:43:14,024 INFO  MethodCallReplacementClassAdapter - Adding mock interface to class org/apache/hadoop/thirdparty/protobuf/Utf8$UnsafeProcessor
2024-11-12 13:43:14,025 INFO  CreateClassResetClassAdapter - Creating brand-new static initializer in class org/apache/hadoop/thirdparty/protobuf/Utf8$UnsafeProcessor
2024-11-12 13:43:14,026 INFO  EvoClassLoader - Keeping class: org.apache.hadoop.thirdparty.protobuf.Utf8$UnsafeProcessor
2024-11-12 13:43:14,026 INFO  EvoClassLoader - Seeing class for first time: org.apache.hadoop.thirdparty.protobuf.Utf8$SafeProcessor
2024-11-12 13:43:14,026 INFO  EvoClassLoader - Instrumenting class 'org.apache.hadoop.thirdparty.protobuf.Utf8$SafeProcessor'.
2024-11-12 13:43:14,026 INFO  MethodCallReplacementClassAdapter - Adding mock interface to class org/apache/hadoop/thirdparty/protobuf/Utf8$SafeProcessor
2024-11-12 13:43:14,028 INFO  CreateClassResetClassAdapter - Creating brand-new static initializer in class org/apache/hadoop/thirdparty/protobuf/Utf8$SafeProcessor
2024-11-12 13:43:14,028 INFO  EvoClassLoader - Keeping class: org.apache.hadoop.thirdparty.protobuf.Utf8$SafeProcessor
2024-11-12 13:43:14,028 INFO  EvoClassLoader - Seeing class for first time: org.apache.hadoop.thirdparty.protobuf.Utf8$UnpairedSurrogateException
2024-11-12 13:43:14,028 INFO  EvoClassLoader - Instrumenting class 'org.apache.hadoop.thirdparty.protobuf.Utf8$UnpairedSurrogateException'.
2024-11-12 13:43:14,029 INFO  MethodCallReplacementClassAdapter - Adding mock interface to class org/apache/hadoop/thirdparty/protobuf/Utf8$UnpairedSurrogateException
2024-11-12 13:43:14,029 INFO  CreateClassResetClassAdapter - Creating brand-new static initializer in class org/apache/hadoop/thirdparty/protobuf/Utf8$UnpairedSurrogateException
2024-11-12 13:43:14,029 INFO  EvoClassLoader - Keeping class: org.apache.hadoop.thirdparty.protobuf.Utf8$UnpairedSurrogateException
2024-11-12 13:43:14,029 INFO  EvoClassLoader - Seeing class for first time: org.apache.hadoop.thirdparty.protobuf.UnsafeUtil
2024-11-12 13:43:14,029 INFO  EvoClassLoader - Instrumenting class 'org.apache.hadoop.thirdparty.protobuf.UnsafeUtil'.
2024-11-12 13:43:14,030 INFO  MethodCallReplacementClassAdapter - Adding mock interface to class org/apache/hadoop/thirdparty/protobuf/UnsafeUtil
2024-11-12 13:43:14,031 INFO  CreateClassResetClassAdapter - Found static initializer in class org/apache/hadoop/thirdparty/protobuf/UnsafeUtil
2024-11-12 13:43:14,032 INFO  EvoClassLoader - Keeping class: org.apache.hadoop.thirdparty.protobuf.UnsafeUtil
2024-11-12 13:43:14,032 INFO  EvoClassLoader - Seeing class for first time: org.apache.hadoop.thirdparty.protobuf.UnsafeUtil$MemoryAccessor
2024-11-12 13:43:14,032 INFO  EvoClassLoader - Instrumenting class 'org.apache.hadoop.thirdparty.protobuf.UnsafeUtil$MemoryAccessor'.
2024-11-12 13:43:14,032 INFO  MethodCallReplacementClassAdapter - Adding mock interface to class org/apache/hadoop/thirdparty/protobuf/UnsafeUtil$MemoryAccessor
2024-11-12 13:43:14,032 INFO  CreateClassResetClassAdapter - Creating brand-new static initializer in class org/apache/hadoop/thirdparty/protobuf/UnsafeUtil$MemoryAccessor
2024-11-12 13:43:14,033 INFO  EvoClassLoader - Keeping class: org.apache.hadoop.thirdparty.protobuf.UnsafeUtil$MemoryAccessor
2024-11-12 13:43:14,033 INFO  EvoClassLoader - Seeing class for first time: org.apache.hadoop.thirdparty.protobuf.UnsafeUtil$Android64MemoryAccessor
2024-11-12 13:43:14,033 INFO  EvoClassLoader - Instrumenting class 'org.apache.hadoop.thirdparty.protobuf.UnsafeUtil$Android64MemoryAccessor'.
2024-11-12 13:43:14,033 INFO  MethodCallReplacementClassAdapter - Adding mock interface to class org/apache/hadoop/thirdparty/protobuf/UnsafeUtil$Android64MemoryAccessor
2024-11-12 13:43:14,034 INFO  CreateClassResetClassAdapter - Creating brand-new static initializer in class org/apache/hadoop/thirdparty/protobuf/UnsafeUtil$Android64MemoryAccessor
2024-11-12 13:43:14,034 INFO  EvoClassLoader - Keeping class: org.apache.hadoop.thirdparty.protobuf.UnsafeUtil$Android64MemoryAccessor
2024-11-12 13:43:14,034 INFO  EvoClassLoader - Seeing class for first time: org.apache.hadoop.thirdparty.protobuf.UnsafeUtil$Android32MemoryAccessor
2024-11-12 13:43:14,034 INFO  EvoClassLoader - Instrumenting class 'org.apache.hadoop.thirdparty.protobuf.UnsafeUtil$Android32MemoryAccessor'.
2024-11-12 13:43:14,034 INFO  MethodCallReplacementClassAdapter - Adding mock interface to class org/apache/hadoop/thirdparty/protobuf/UnsafeUtil$Android32MemoryAccessor
2024-11-12 13:43:14,035 INFO  CreateClassResetClassAdapter - Creating brand-new static initializer in class org/apache/hadoop/thirdparty/protobuf/UnsafeUtil$Android32MemoryAccessor
2024-11-12 13:43:14,035 INFO  CreateClassResetClassAdapter - Adding bytecode for initializing field SMALL_ADDRESS_MASK
2024-11-12 13:43:14,035 INFO  EvoClassLoader - Keeping class: org.apache.hadoop.thirdparty.protobuf.UnsafeUtil$Android32MemoryAccessor
2024-11-12 13:43:14,035 INFO  EvoClassLoader - Seeing class for first time: org.apache.hadoop.thirdparty.protobuf.UnsafeUtil$JvmMemoryAccessor
2024-11-12 13:43:14,035 INFO  EvoClassLoader - Instrumenting class 'org.apache.hadoop.thirdparty.protobuf.UnsafeUtil$JvmMemoryAccessor'.
2024-11-12 13:43:14,035 INFO  MethodCallReplacementClassAdapter - Adding mock interface to class org/apache/hadoop/thirdparty/protobuf/UnsafeUtil$JvmMemoryAccessor
2024-11-12 13:43:14,036 INFO  CreateClassResetClassAdapter - Creating brand-new static initializer in class org/apache/hadoop/thirdparty/protobuf/UnsafeUtil$JvmMemoryAccessor
2024-11-12 13:43:14,036 INFO  EvoClassLoader - Keeping class: org.apache.hadoop.thirdparty.protobuf.UnsafeUtil$JvmMemoryAccessor
2024-11-12 13:43:14,036 INFO  EvoClassLoader - Seeing class for first time: org.apache.hadoop.thirdparty.protobuf.UnsafeUtil$1
2024-11-12 13:43:14,036 INFO  EvoClassLoader - Instrumenting class 'org.apache.hadoop.thirdparty.protobuf.UnsafeUtil$1'.
2024-11-12 13:43:14,037 INFO  MethodCallReplacementClassAdapter - Adding mock interface to class org/apache/hadoop/thirdparty/protobuf/UnsafeUtil$1
2024-11-12 13:43:14,037 INFO  EvoClassLoader - Keeping class: org.apache.hadoop.thirdparty.protobuf.UnsafeUtil$1
2024-11-12 13:43:14,038 INFO  EvoClassLoader - Seeing class for first time: org.apache.hadoop.thirdparty.protobuf.Descriptors$DescriptorPool$PackageDescriptor
2024-11-12 13:43:14,038 INFO  EvoClassLoader - Instrumenting class 'org.apache.hadoop.thirdparty.protobuf.Descriptors$DescriptorPool$PackageDescriptor'.
2024-11-12 13:43:14,038 INFO  MethodCallReplacementClassAdapter - Adding mock interface to class org/apache/hadoop/thirdparty/protobuf/Descriptors$DescriptorPool$PackageDescriptor
2024-11-12 13:43:14,039 INFO  CreateClassResetClassAdapter - Creating brand-new static initializer in class org/apache/hadoop/thirdparty/protobuf/Descriptors$DescriptorPool$PackageDescriptor
2024-11-12 13:43:14,039 INFO  EvoClassLoader - Keeping class: org.apache.hadoop.thirdparty.protobuf.Descriptors$DescriptorPool$PackageDescriptor
2024-11-12 13:43:14,039 INFO  EvoClassLoader - Seeing class for first time: org.apache.hadoop.thirdparty.protobuf.Descriptors
2024-11-12 13:43:14,039 INFO  EvoClassLoader - Instrumenting class 'org.apache.hadoop.thirdparty.protobuf.Descriptors'.
2024-11-12 13:43:14,040 INFO  MethodCallReplacementClassAdapter - Adding mock interface to class org/apache/hadoop/thirdparty/protobuf/Descriptors
2024-11-12 13:43:14,040 INFO  CreateClassResetClassAdapter - Found static initializer in class org/apache/hadoop/thirdparty/protobuf/Descriptors
2024-11-12 13:43:14,040 INFO  EvoClassLoader - Keeping class: org.apache.hadoop.thirdparty.protobuf.Descriptors
2024-11-12 13:43:14,041 INFO  EvoClassLoader - Seeing class for first time: org.apache.hadoop.thirdparty.protobuf.Descriptors$EnumDescriptor
2024-11-12 13:43:14,041 INFO  EvoClassLoader - Instrumenting class 'org.apache.hadoop.thirdparty.protobuf.Descriptors$EnumDescriptor'.
2024-11-12 13:43:14,041 INFO  MethodCallReplacementClassAdapter - Adding mock interface to class org/apache/hadoop/thirdparty/protobuf/Descriptors$EnumDescriptor
2024-11-12 13:43:14,041 INFO  CreateClassResetClassAdapter - Creating brand-new static initializer in class org/apache/hadoop/thirdparty/protobuf/Descriptors$EnumDescriptor
2024-11-12 13:43:14,041 INFO  EvoClassLoader - Keeping class: org.apache.hadoop.thirdparty.protobuf.Descriptors$EnumDescriptor
2024-11-12 13:43:14,041 INFO  EvoClassLoader - Seeing class for first time: org.apache.hadoop.thirdparty.protobuf.Descriptors$ServiceDescriptor
2024-11-12 13:43:14,041 INFO  EvoClassLoader - Instrumenting class 'org.apache.hadoop.thirdparty.protobuf.Descriptors$ServiceDescriptor'.
2024-11-12 13:43:14,042 INFO  MethodCallReplacementClassAdapter - Adding mock interface to class org/apache/hadoop/thirdparty/protobuf/Descriptors$ServiceDescriptor
2024-11-12 13:43:14,042 INFO  CreateClassResetClassAdapter - Creating brand-new static initializer in class org/apache/hadoop/thirdparty/protobuf/Descriptors$ServiceDescriptor
2024-11-12 13:43:14,042 INFO  EvoClassLoader - Keeping class: org.apache.hadoop.thirdparty.protobuf.Descriptors$ServiceDescriptor
2024-11-12 13:43:14,042 INFO  EvoClassLoader - Seeing class for first time: org.apache.hadoop.thirdparty.protobuf.Descriptors$OneofDescriptor
2024-11-12 13:43:14,042 INFO  EvoClassLoader - Instrumenting class 'org.apache.hadoop.thirdparty.protobuf.Descriptors$OneofDescriptor'.
2024-11-12 13:43:14,042 INFO  MethodCallReplacementClassAdapter - Adding mock interface to class org/apache/hadoop/thirdparty/protobuf/Descriptors$OneofDescriptor
2024-11-12 13:43:14,042 INFO  CreateClassResetClassAdapter - Creating brand-new static initializer in class org/apache/hadoop/thirdparty/protobuf/Descriptors$OneofDescriptor
2024-11-12 13:43:14,042 INFO  EvoClassLoader - Keeping class: org.apache.hadoop.thirdparty.protobuf.Descriptors$OneofDescriptor
2024-11-12 13:43:14,043 INFO  EvoClassLoader - Seeing class for first time: org.apache.hadoop.thirdparty.protobuf.Descriptors$NumberGetter
2024-11-12 13:43:14,043 INFO  EvoClassLoader - Instrumenting class 'org.apache.hadoop.thirdparty.protobuf.Descriptors$NumberGetter'.
2024-11-12 13:43:14,043 INFO  EvoClassLoader - Keeping class: org.apache.hadoop.thirdparty.protobuf.Descriptors$NumberGetter
2024-11-12 13:43:14,043 INFO  EvoClassLoader - Seeing class for first time: org.apache.hadoop.thirdparty.protobuf.TextFormat$InvalidEscapeSequenceException
2024-11-12 13:43:14,043 INFO  EvoClassLoader - Instrumenting class 'org.apache.hadoop.thirdparty.protobuf.TextFormat$InvalidEscapeSequenceException'.
2024-11-12 13:43:14,043 INFO  MethodCallReplacementClassAdapter - Adding mock interface to class org/apache/hadoop/thirdparty/protobuf/TextFormat$InvalidEscapeSequenceException
2024-11-12 13:43:14,043 INFO  CreateClassResetClassAdapter - Creating brand-new static initializer in class org/apache/hadoop/thirdparty/protobuf/TextFormat$InvalidEscapeSequenceException
2024-11-12 13:43:14,043 INFO  EvoClassLoader - Keeping class: org.apache.hadoop.thirdparty.protobuf.TextFormat$InvalidEscapeSequenceException
2024-11-12 13:43:14,044 INFO  EvoClassLoader - Seeing class for first time: org.apache.hadoop.thirdparty.protobuf.Descriptors$FieldDescriptor$1
2024-11-12 13:43:14,044 INFO  EvoClassLoader - Instrumenting class 'org.apache.hadoop.thirdparty.protobuf.Descriptors$FieldDescriptor$1'.
2024-11-12 13:43:14,044 INFO  MethodCallReplacementClassAdapter - Adding mock interface to class org/apache/hadoop/thirdparty/protobuf/Descriptors$FieldDescriptor$1
2024-11-12 13:43:14,044 INFO  EvoClassLoader - Keeping class: org.apache.hadoop.thirdparty.protobuf.Descriptors$FieldDescriptor$1
2024-11-12 13:43:14,044 INFO  EvoClassLoader - Seeing class for first time: org.apache.hadoop.thirdparty.protobuf.WireFormat$FieldType
2024-11-12 13:43:14,044 INFO  EvoClassLoader - Instrumenting class 'org.apache.hadoop.thirdparty.protobuf.WireFormat$FieldType'.
2024-11-12 13:43:14,044 INFO  MethodCallReplacementClassAdapter - Adding mock interface to class org/apache/hadoop/thirdparty/protobuf/WireFormat$FieldType
2024-11-12 13:43:14,044 INFO  CreateClassResetClassAdapter - Found static initializer in class org/apache/hadoop/thirdparty/protobuf/WireFormat$FieldType
2024-11-12 13:43:14,044 INFO  EvoClassLoader - Keeping class: org.apache.hadoop.thirdparty.protobuf.WireFormat$FieldType
2024-11-12 13:43:14,044 INFO  EvoClassLoader - Seeing class for first time: org.apache.hadoop.thirdparty.protobuf.WireFormat$FieldType$1
2024-11-12 13:43:14,044 INFO  EvoClassLoader - Instrumenting class 'org.apache.hadoop.thirdparty.protobuf.WireFormat$FieldType$1'.
2024-11-12 13:43:14,045 INFO  MethodCallReplacementClassAdapter - Adding mock interface to class org/apache/hadoop/thirdparty/protobuf/WireFormat$FieldType$1
2024-11-12 13:43:14,045 INFO  EvoClassLoader - Keeping class: org.apache.hadoop.thirdparty.protobuf.WireFormat$FieldType$1
2024-11-12 13:43:14,045 INFO  EvoClassLoader - Seeing class for first time: org.apache.hadoop.thirdparty.protobuf.WireFormat$FieldType$2
2024-11-12 13:43:14,045 INFO  EvoClassLoader - Instrumenting class 'org.apache.hadoop.thirdparty.protobuf.WireFormat$FieldType$2'.
2024-11-12 13:43:14,045 INFO  MethodCallReplacementClassAdapter - Adding mock interface to class org/apache/hadoop/thirdparty/protobuf/WireFormat$FieldType$2
2024-11-12 13:43:14,045 INFO  EvoClassLoader - Keeping class: org.apache.hadoop.thirdparty.protobuf.WireFormat$FieldType$2
2024-11-12 13:43:14,045 INFO  EvoClassLoader - Seeing class for first time: org.apache.hadoop.thirdparty.protobuf.WireFormat$FieldType$3
2024-11-12 13:43:14,045 INFO  EvoClassLoader - Instrumenting class 'org.apache.hadoop.thirdparty.protobuf.WireFormat$FieldType$3'.
2024-11-12 13:43:14,046 INFO  MethodCallReplacementClassAdapter - Adding mock interface to class org/apache/hadoop/thirdparty/protobuf/WireFormat$FieldType$3
2024-11-12 13:43:14,046 INFO  EvoClassLoader - Keeping class: org.apache.hadoop.thirdparty.protobuf.WireFormat$FieldType$3
2024-11-12 13:43:14,046 INFO  EvoClassLoader - Seeing class for first time: org.apache.hadoop.thirdparty.protobuf.WireFormat$FieldType$4
2024-11-12 13:43:14,046 INFO  EvoClassLoader - Instrumenting class 'org.apache.hadoop.thirdparty.protobuf.WireFormat$FieldType$4'.
2024-11-12 13:43:14,047 INFO  MethodCallReplacementClassAdapter - Adding mock interface to class org/apache/hadoop/thirdparty/protobuf/WireFormat$FieldType$4
2024-11-12 13:43:14,047 INFO  EvoClassLoader - Keeping class: org.apache.hadoop.thirdparty.protobuf.WireFormat$FieldType$4
2024-11-12 13:43:14,047 INFO  EvoClassLoader - Seeing class for first time: org.apache.hadoop.thirdparty.protobuf.WireFormat$JavaType
2024-11-12 13:43:14,047 INFO  EvoClassLoader - Instrumenting class 'org.apache.hadoop.thirdparty.protobuf.WireFormat$JavaType'.
2024-11-12 13:43:14,047 INFO  MethodCallReplacementClassAdapter - Adding mock interface to class org/apache/hadoop/thirdparty/protobuf/WireFormat$JavaType
2024-11-12 13:43:14,047 INFO  CreateClassResetClassAdapter - Found static initializer in class org/apache/hadoop/thirdparty/protobuf/WireFormat$JavaType
2024-11-12 13:43:14,047 INFO  EvoClassLoader - Keeping class: org.apache.hadoop.thirdparty.protobuf.WireFormat$JavaType
2024-11-12 13:43:14,048 INFO  EvoClassLoader - Seeing class for first time: org.apache.hadoop.thirdparty.protobuf.Descriptors$FieldDescriptor$Type
2024-11-12 13:43:14,048 INFO  EvoClassLoader - Instrumenting class 'org.apache.hadoop.thirdparty.protobuf.Descriptors$FieldDescriptor$Type'.
2024-11-12 13:43:14,048 INFO  MethodCallReplacementClassAdapter - Adding mock interface to class org/apache/hadoop/thirdparty/protobuf/Descriptors$FieldDescriptor$Type
2024-11-12 13:43:14,048 INFO  CreateClassResetClassAdapter - Found static initializer in class org/apache/hadoop/thirdparty/protobuf/Descriptors$FieldDescriptor$Type
2024-11-12 13:43:14,049 INFO  EvoClassLoader - Keeping class: org.apache.hadoop.thirdparty.protobuf.Descriptors$FieldDescriptor$Type
2024-11-12 13:43:14,049 INFO  EvoClassLoader - Seeing class for first time: org.apache.hadoop.thirdparty.protobuf.Descriptors$FieldDescriptor$JavaType
2024-11-12 13:43:14,049 INFO  EvoClassLoader - Instrumenting class 'org.apache.hadoop.thirdparty.protobuf.Descriptors$FieldDescriptor$JavaType'.
2024-11-12 13:43:14,050 INFO  MethodCallReplacementClassAdapter - Adding mock interface to class org/apache/hadoop/thirdparty/protobuf/Descriptors$FieldDescriptor$JavaType
2024-11-12 13:43:14,050 INFO  CreateClassResetClassAdapter - Found static initializer in class org/apache/hadoop/thirdparty/protobuf/Descriptors$FieldDescriptor$JavaType
2024-11-12 13:43:14,050 INFO  EvoClassLoader - Keeping class: org.apache.hadoop.thirdparty.protobuf.Descriptors$FieldDescriptor$JavaType
2024-11-12 13:43:14,052 INFO  EvoClassLoader - Seeing class for first time: org.apache.hadoop.thirdparty.protobuf.DescriptorProtos$FieldOptions$1
2024-11-12 13:43:14,052 INFO  EvoClassLoader - Instrumenting class 'org.apache.hadoop.thirdparty.protobuf.DescriptorProtos$FieldOptions$1'.
2024-11-12 13:43:14,053 INFO  MethodCallReplacementClassAdapter - Adding mock interface to class org/apache/hadoop/thirdparty/protobuf/DescriptorProtos$FieldOptions$1
2024-11-12 13:43:14,053 INFO  EvoClassLoader - Keeping class: org.apache.hadoop.thirdparty.protobuf.DescriptorProtos$FieldOptions$1
2024-11-12 13:43:14,053 INFO  EvoClassLoader - Seeing class for first time: org.apache.hadoop.thirdparty.protobuf.Descriptors$1
2024-11-12 13:43:14,053 INFO  EvoClassLoader - Instrumenting class 'org.apache.hadoop.thirdparty.protobuf.Descriptors$1'.
2024-11-12 13:43:14,054 INFO  MethodCallReplacementClassAdapter - Adding mock interface to class org/apache/hadoop/thirdparty/protobuf/Descriptors$1
2024-11-12 13:43:14,054 INFO  EvoClassLoader - Keeping class: org.apache.hadoop.thirdparty.protobuf.Descriptors$1
2024-11-12 13:43:14,054 INFO  EvoClassLoader - Seeing class for first time: org.apache.hadoop.thirdparty.protobuf.DescriptorProtos$MessageOptions$1
2024-11-12 13:43:14,054 INFO  EvoClassLoader - Instrumenting class 'org.apache.hadoop.thirdparty.protobuf.DescriptorProtos$MessageOptions$1'.
2024-11-12 13:43:14,055 INFO  MethodCallReplacementClassAdapter - Adding mock interface to class org/apache/hadoop/thirdparty/protobuf/DescriptorProtos$MessageOptions$1
2024-11-12 13:43:14,055 INFO  EvoClassLoader - Keeping class: org.apache.hadoop.thirdparty.protobuf.DescriptorProtos$MessageOptions$1
2024-11-12 13:43:14,055 INFO  EvoClassLoader - Seeing class for first time: org.apache.hadoop.thirdparty.protobuf.Descriptors$DescriptorPool$SearchFilter
2024-11-12 13:43:14,055 INFO  EvoClassLoader - Instrumenting class 'org.apache.hadoop.thirdparty.protobuf.Descriptors$DescriptorPool$SearchFilter'.
2024-11-12 13:43:14,056 INFO  MethodCallReplacementClassAdapter - Adding mock interface to class org/apache/hadoop/thirdparty/protobuf/Descriptors$DescriptorPool$SearchFilter
2024-11-12 13:43:14,056 INFO  CreateClassResetClassAdapter - Found static initializer in class org/apache/hadoop/thirdparty/protobuf/Descriptors$DescriptorPool$SearchFilter
2024-11-12 13:43:14,056 INFO  EvoClassLoader - Keeping class: org.apache.hadoop.thirdparty.protobuf.Descriptors$DescriptorPool$SearchFilter
2024-11-12 13:43:14,056 INFO  EvoClassLoader - Seeing class for first time: org.apache.hadoop.thirdparty.protobuf.GeneratedMessageV3$FieldAccessorTable
2024-11-12 13:43:14,056 INFO  EvoClassLoader - Instrumenting class 'org.apache.hadoop.thirdparty.protobuf.GeneratedMessageV3$FieldAccessorTable'.
2024-11-12 13:43:14,057 INFO  MethodCallReplacementClassAdapter - Adding mock interface to class org/apache/hadoop/thirdparty/protobuf/GeneratedMessageV3$FieldAccessorTable
2024-11-12 13:43:14,058 INFO  CreateClassResetClassAdapter - Creating brand-new static initializer in class org/apache/hadoop/thirdparty/protobuf/GeneratedMessageV3$FieldAccessorTable
2024-11-12 13:43:14,058 INFO  EvoClassLoader - Keeping class: org.apache.hadoop.thirdparty.protobuf.GeneratedMessageV3$FieldAccessorTable
2024-11-12 13:43:14,059 INFO  EvoClassLoader - Seeing class for first time: org.apache.hadoop.thirdparty.protobuf.GeneratedMessageV3$FieldAccessorTable$FieldAccessor
2024-11-12 13:43:14,059 INFO  EvoClassLoader - Instrumenting class 'org.apache.hadoop.thirdparty.protobuf.GeneratedMessageV3$FieldAccessorTable$FieldAccessor'.
2024-11-12 13:43:14,060 INFO  EvoClassLoader - Keeping class: org.apache.hadoop.thirdparty.protobuf.GeneratedMessageV3$FieldAccessorTable$FieldAccessor
2024-11-12 13:43:14,060 INFO  EvoClassLoader - Seeing class for first time: org.apache.hadoop.thirdparty.protobuf.GeneratedMessageV3$FieldAccessorTable$OneofAccessor
2024-11-12 13:43:14,060 INFO  EvoClassLoader - Instrumenting class 'org.apache.hadoop.thirdparty.protobuf.GeneratedMessageV3$FieldAccessorTable$OneofAccessor'.
2024-11-12 13:43:14,060 INFO  MethodCallReplacementClassAdapter - Adding mock interface to class org/apache/hadoop/thirdparty/protobuf/GeneratedMessageV3$FieldAccessorTable$OneofAccessor
2024-11-12 13:43:14,061 INFO  CreateClassResetClassAdapter - Creating brand-new static initializer in class org/apache/hadoop/thirdparty/protobuf/GeneratedMessageV3$FieldAccessorTable$OneofAccessor
2024-11-12 13:43:14,061 INFO  EvoClassLoader - Keeping class: org.apache.hadoop.thirdparty.protobuf.GeneratedMessageV3$FieldAccessorTable$OneofAccessor
2024-11-12 13:43:14,061 INFO  EvoClassLoader - Seeing class for first time: org.apache.hadoop.hdfs.protocol.proto.AclProtos
2024-11-12 13:43:14,061 INFO  EvoClassLoader - Instrumenting class 'org.apache.hadoop.hdfs.protocol.proto.AclProtos'.
2024-11-12 13:43:14,061 INFO  MethodCallReplacementClassAdapter - Adding mock interface to class org/apache/hadoop/hdfs/protocol/proto/AclProtos
2024-11-12 13:43:14,061 INFO  CreateClassResetClassAdapter - Found static initializer in class org/apache/hadoop/hdfs/protocol/proto/AclProtos
2024-11-12 13:43:14,062 INFO  EvoClassLoader - Keeping class: org.apache.hadoop.hdfs.protocol.proto.AclProtos
2024-11-12 13:43:14,062 INFO  EvoClassLoader - Seeing class for first time: org.apache.hadoop.thirdparty.protobuf.DescriptorProtos$EnumOptionsOrBuilder
2024-11-12 13:43:14,062 INFO  EvoClassLoader - Instrumenting class 'org.apache.hadoop.thirdparty.protobuf.DescriptorProtos$EnumOptionsOrBuilder'.
2024-11-12 13:43:14,063 INFO  EvoClassLoader - Keeping class: org.apache.hadoop.thirdparty.protobuf.DescriptorProtos$EnumOptionsOrBuilder
2024-11-12 13:43:14,063 INFO  EvoClassLoader - Seeing class for first time: org.apache.hadoop.thirdparty.protobuf.DescriptorProtos$EnumDescriptorProto$1
2024-11-12 13:43:14,063 INFO  EvoClassLoader - Instrumenting class 'org.apache.hadoop.thirdparty.protobuf.DescriptorProtos$EnumDescriptorProto$1'.
2024-11-12 13:43:14,063 INFO  MethodCallReplacementClassAdapter - Adding mock interface to class org/apache/hadoop/thirdparty/protobuf/DescriptorProtos$EnumDescriptorProto$1
2024-11-12 13:43:14,064 INFO  EvoClassLoader - Keeping class: org.apache.hadoop.thirdparty.protobuf.DescriptorProtos$EnumDescriptorProto$1
2024-11-12 13:43:14,064 INFO  EvoClassLoader - Seeing class for first time: org.apache.hadoop.thirdparty.protobuf.DescriptorProtos$EnumDescriptorProto$Builder
2024-11-12 13:43:14,064 INFO  EvoClassLoader - Instrumenting class 'org.apache.hadoop.thirdparty.protobuf.DescriptorProtos$EnumDescriptorProto$Builder'.
2024-11-12 13:43:14,064 INFO  MethodCallReplacementClassAdapter - Adding mock interface to class org/apache/hadoop/thirdparty/protobuf/DescriptorProtos$EnumDescriptorProto$Builder
2024-11-12 13:43:14,067 INFO  CreateClassResetClassAdapter - Creating brand-new static initializer in class org/apache/hadoop/thirdparty/protobuf/DescriptorProtos$EnumDescriptorProto$Builder
2024-11-12 13:43:14,068 INFO  EvoClassLoader - Keeping class: org.apache.hadoop.thirdparty.protobuf.DescriptorProtos$EnumDescriptorProto$Builder
2024-11-12 13:43:14,069 INFO  EvoClassLoader - Seeing class for first time: org.apache.hadoop.thirdparty.protobuf.DescriptorProtos$EnumValueDescriptorProto
2024-11-12 13:43:14,069 INFO  EvoClassLoader - Instrumenting class 'org.apache.hadoop.thirdparty.protobuf.DescriptorProtos$EnumValueDescriptorProto'.
2024-11-12 13:43:14,069 INFO  MethodCallReplacementClassAdapter - Adding mock interface to class org/apache/hadoop/thirdparty/protobuf/DescriptorProtos$EnumValueDescriptorProto
2024-11-12 13:43:14,069 INFO  CreateClassResetClassAdapter - Found static initializer in class org/apache/hadoop/thirdparty/protobuf/DescriptorProtos$EnumValueDescriptorProto
2024-11-12 13:43:14,070 INFO  EvoClassLoader - Seeing class for first time: org.apache.hadoop.thirdparty.protobuf.DescriptorProtos$EnumValueDescriptorProtoOrBuilder
2024-11-12 13:43:14,070 INFO  EvoClassLoader - Instrumenting class 'org.apache.hadoop.thirdparty.protobuf.DescriptorProtos$EnumValueDescriptorProtoOrBuilder'.
2024-11-12 13:43:14,070 INFO  EvoClassLoader - Keeping class: org.apache.hadoop.thirdparty.protobuf.DescriptorProtos$EnumValueDescriptorProtoOrBuilder
2024-11-12 13:43:14,070 INFO  EvoClassLoader - Keeping class: org.apache.hadoop.thirdparty.protobuf.DescriptorProtos$EnumValueDescriptorProto
2024-11-12 13:43:14,070 INFO  EvoClassLoader - Seeing class for first time: org.apache.hadoop.thirdparty.protobuf.DescriptorProtos$EnumDescriptorProto$EnumReservedRange
2024-11-12 13:43:14,070 INFO  EvoClassLoader - Instrumenting class 'org.apache.hadoop.thirdparty.protobuf.DescriptorProtos$EnumDescriptorProto$EnumReservedRange'.
2024-11-12 13:43:14,070 INFO  MethodCallReplacementClassAdapter - Adding mock interface to class org/apache/hadoop/thirdparty/protobuf/DescriptorProtos$EnumDescriptorProto$EnumReservedRange
2024-11-12 13:43:14,070 INFO  CreateClassResetClassAdapter - Found static initializer in class org/apache/hadoop/thirdparty/protobuf/DescriptorProtos$EnumDescriptorProto$EnumReservedRange
2024-11-12 13:43:14,071 INFO  EvoClassLoader - Seeing class for first time: org.apache.hadoop.thirdparty.protobuf.DescriptorProtos$EnumDescriptorProto$EnumReservedRangeOrBuilder
2024-11-12 13:43:14,071 INFO  EvoClassLoader - Instrumenting class 'org.apache.hadoop.thirdparty.protobuf.DescriptorProtos$EnumDescriptorProto$EnumReservedRangeOrBuilder'.
2024-11-12 13:43:14,071 INFO  EvoClassLoader - Keeping class: org.apache.hadoop.thirdparty.protobuf.DescriptorProtos$EnumDescriptorProto$EnumReservedRangeOrBuilder
2024-11-12 13:43:14,071 INFO  EvoClassLoader - Keeping class: org.apache.hadoop.thirdparty.protobuf.DescriptorProtos$EnumDescriptorProto$EnumReservedRange
2024-11-12 13:43:14,071 INFO  EvoClassLoader - Seeing class for first time: org.apache.hadoop.thirdparty.protobuf.DescriptorProtos$EnumOptions
2024-11-12 13:43:14,071 INFO  EvoClassLoader - Instrumenting class 'org.apache.hadoop.thirdparty.protobuf.DescriptorProtos$EnumOptions'.
2024-11-12 13:43:14,072 INFO  MethodCallReplacementClassAdapter - Adding mock interface to class org/apache/hadoop/thirdparty/protobuf/DescriptorProtos$EnumOptions
2024-11-12 13:43:14,072 INFO  CreateClassResetClassAdapter - Found static initializer in class org/apache/hadoop/thirdparty/protobuf/DescriptorProtos$EnumOptions
2024-11-12 13:43:14,073 INFO  EvoClassLoader - Keeping class: org.apache.hadoop.thirdparty.protobuf.DescriptorProtos$EnumOptions
2024-11-12 13:43:14,074 INFO  EvoClassLoader - Seeing class for first time: org.apache.hadoop.thirdparty.protobuf.DescriptorProtos$EnumValueOptionsOrBuilder
2024-11-12 13:43:14,074 INFO  EvoClassLoader - Instrumenting class 'org.apache.hadoop.thirdparty.protobuf.DescriptorProtos$EnumValueOptionsOrBuilder'.
2024-11-12 13:43:14,075 INFO  EvoClassLoader - Keeping class: org.apache.hadoop.thirdparty.protobuf.DescriptorProtos$EnumValueOptionsOrBuilder
2024-11-12 13:43:14,075 INFO  EvoClassLoader - Seeing class for first time: org.apache.hadoop.thirdparty.protobuf.DescriptorProtos$EnumValueDescriptorProto$1
2024-11-12 13:43:14,075 INFO  EvoClassLoader - Instrumenting class 'org.apache.hadoop.thirdparty.protobuf.DescriptorProtos$EnumValueDescriptorProto$1'.
2024-11-12 13:43:14,075 INFO  MethodCallReplacementClassAdapter - Adding mock interface to class org/apache/hadoop/thirdparty/protobuf/DescriptorProtos$EnumValueDescriptorProto$1
2024-11-12 13:43:14,076 INFO  EvoClassLoader - Keeping class: org.apache.hadoop.thirdparty.protobuf.DescriptorProtos$EnumValueDescriptorProto$1
2024-11-12 13:43:14,076 INFO  EvoClassLoader - Seeing class for first time: org.apache.hadoop.thirdparty.protobuf.DescriptorProtos$EnumValueDescriptorProto$Builder
2024-11-12 13:43:14,076 INFO  EvoClassLoader - Instrumenting class 'org.apache.hadoop.thirdparty.protobuf.DescriptorProtos$EnumValueDescriptorProto$Builder'.
2024-11-12 13:43:14,076 INFO  MethodCallReplacementClassAdapter - Adding mock interface to class org/apache/hadoop/thirdparty/protobuf/DescriptorProtos$EnumValueDescriptorProto$Builder
2024-11-12 13:43:14,077 INFO  CreateClassResetClassAdapter - Creating brand-new static initializer in class org/apache/hadoop/thirdparty/protobuf/DescriptorProtos$EnumValueDescriptorProto$Builder
2024-11-12 13:43:14,078 INFO  EvoClassLoader - Keeping class: org.apache.hadoop.thirdparty.protobuf.DescriptorProtos$EnumValueDescriptorProto$Builder
2024-11-12 13:43:14,078 INFO  EvoClassLoader - Seeing class for first time: org.apache.hadoop.thirdparty.protobuf.DescriptorProtos$EnumValueOptions
2024-11-12 13:43:14,078 INFO  EvoClassLoader - Instrumenting class 'org.apache.hadoop.thirdparty.protobuf.DescriptorProtos$EnumValueOptions'.
2024-11-12 13:43:14,079 INFO  MethodCallReplacementClassAdapter - Adding mock interface to class org/apache/hadoop/thirdparty/protobuf/DescriptorProtos$EnumValueOptions
2024-11-12 13:43:14,079 INFO  CreateClassResetClassAdapter - Found static initializer in class org/apache/hadoop/thirdparty/protobuf/DescriptorProtos$EnumValueOptions
2024-11-12 13:43:14,080 INFO  EvoClassLoader - Keeping class: org.apache.hadoop.thirdparty.protobuf.DescriptorProtos$EnumValueOptions
2024-11-12 13:43:14,081 INFO  EvoClassLoader - Seeing class for first time: org.apache.hadoop.thirdparty.protobuf.Descriptors$EnumValueDescriptor
2024-11-12 13:43:14,081 INFO  EvoClassLoader - Instrumenting class 'org.apache.hadoop.thirdparty.protobuf.Descriptors$EnumValueDescriptor'.
2024-11-12 13:43:14,082 INFO  MethodCallReplacementClassAdapter - Adding mock interface to class org/apache/hadoop/thirdparty/protobuf/Descriptors$EnumValueDescriptor
2024-11-12 13:43:14,082 INFO  CreateClassResetClassAdapter - Found static initializer in class org/apache/hadoop/thirdparty/protobuf/Descriptors$EnumValueDescriptor
2024-11-12 13:43:14,083 INFO  EvoClassLoader - Keeping class: org.apache.hadoop.thirdparty.protobuf.Descriptors$EnumValueDescriptor
2024-11-12 13:43:14,084 INFO  EvoClassLoader - Seeing class for first time: org.apache.hadoop.thirdparty.protobuf.Descriptors$EnumValueDescriptor$1
2024-11-12 13:43:14,084 INFO  EvoClassLoader - Instrumenting class 'org.apache.hadoop.thirdparty.protobuf.Descriptors$EnumValueDescriptor$1'.
2024-11-12 13:43:14,084 INFO  MethodCallReplacementClassAdapter - Adding mock interface to class org/apache/hadoop/thirdparty/protobuf/Descriptors$EnumValueDescriptor$1
2024-11-12 13:43:14,091 INFO  EvoClassLoader - Keeping class: org.apache.hadoop.thirdparty.protobuf.Descriptors$EnumValueDescriptor$1
2024-11-12 13:43:14,092 INFO  EvoClassLoader - Seeing class for first time: org.apache.hadoop.thirdparty.protobuf.Descriptors$EnumValueDescriptor$2
2024-11-12 13:43:14,092 INFO  EvoClassLoader - Instrumenting class 'org.apache.hadoop.thirdparty.protobuf.Descriptors$EnumValueDescriptor$2'.
2024-11-12 13:43:14,092 INFO  MethodCallReplacementClassAdapter - Adding mock interface to class org/apache/hadoop/thirdparty/protobuf/Descriptors$EnumValueDescriptor$2
2024-11-12 13:43:14,093 INFO  EvoClassLoader - Keeping class: org.apache.hadoop.thirdparty.protobuf.Descriptors$EnumValueDescriptor$2
2024-11-12 13:43:14,097 INFO  EvoClassLoader - Seeing class for first time: org.apache.hadoop.thirdparty.protobuf.DescriptorProtos$FieldOptions$Builder
2024-11-12 13:43:14,097 INFO  EvoClassLoader - Instrumenting class 'org.apache.hadoop.thirdparty.protobuf.DescriptorProtos$FieldOptions$Builder'.
2024-11-12 13:43:14,098 INFO  MethodCallReplacementClassAdapter - Adding mock interface to class org/apache/hadoop/thirdparty/protobuf/DescriptorProtos$FieldOptions$Builder
2024-11-12 13:43:14,099 INFO  CreateClassResetClassAdapter - Creating brand-new static initializer in class org/apache/hadoop/thirdparty/protobuf/DescriptorProtos$FieldOptions$Builder
2024-11-12 13:43:14,100 INFO  EvoClassLoader - Keeping class: org.apache.hadoop.thirdparty.protobuf.DescriptorProtos$FieldOptions$Builder
2024-11-12 13:43:14,104 INFO  EvoClassLoader - Seeing class for first time: org.apache.hadoop.thirdparty.protobuf.DescriptorProtos$MessageOptions$Builder
2024-11-12 13:43:14,104 INFO  EvoClassLoader - Instrumenting class 'org.apache.hadoop.thirdparty.protobuf.DescriptorProtos$MessageOptions$Builder'.
2024-11-12 13:43:14,105 INFO  MethodCallReplacementClassAdapter - Adding mock interface to class org/apache/hadoop/thirdparty/protobuf/DescriptorProtos$MessageOptions$Builder
2024-11-12 13:43:14,107 INFO  CreateClassResetClassAdapter - Creating brand-new static initializer in class org/apache/hadoop/thirdparty/protobuf/DescriptorProtos$MessageOptions$Builder
2024-11-12 13:43:14,108 INFO  EvoClassLoader - Keeping class: org.apache.hadoop.thirdparty.protobuf.DescriptorProtos$MessageOptions$Builder
2024-11-12 13:43:14,110 INFO  EvoClassLoader - Seeing class for first time: org.apache.hadoop.thirdparty.protobuf.UnmodifiableLazyStringList
2024-11-12 13:43:14,110 INFO  EvoClassLoader - Instrumenting class 'org.apache.hadoop.thirdparty.protobuf.UnmodifiableLazyStringList'.
2024-11-12 13:43:14,110 INFO  MethodCallReplacementClassAdapter - Adding mock interface to class org/apache/hadoop/thirdparty/protobuf/UnmodifiableLazyStringList
2024-11-12 13:43:14,110 INFO  CreateClassResetClassAdapter - Creating brand-new static initializer in class org/apache/hadoop/thirdparty/protobuf/UnmodifiableLazyStringList
2024-11-12 13:43:14,111 INFO  EvoClassLoader - Keeping class: org.apache.hadoop.thirdparty.protobuf.UnmodifiableLazyStringList
2024-11-12 13:43:14,116 INFO  EvoClassLoader - Seeing class for first time: org.apache.hadoop.thirdparty.protobuf.TextFormat
2024-11-12 13:43:14,116 INFO  EvoClassLoader - Instrumenting class 'org.apache.hadoop.thirdparty.protobuf.TextFormat'.
2024-11-12 13:43:14,116 INFO  MethodCallReplacementClassAdapter - Adding mock interface to class org/apache/hadoop/thirdparty/protobuf/TextFormat
2024-11-12 13:43:14,118 INFO  CreateClassResetClassAdapter - Found static initializer in class org/apache/hadoop/thirdparty/protobuf/TextFormat
2024-11-12 13:43:14,119 INFO  EvoClassLoader - Keeping class: org.apache.hadoop.thirdparty.protobuf.TextFormat
2024-11-12 13:43:14,120 INFO  EvoClassLoader - Seeing class for first time: org.apache.hadoop.thirdparty.protobuf.TextFormat$Parser
2024-11-12 13:43:14,120 INFO  EvoClassLoader - Instrumenting class 'org.apache.hadoop.thirdparty.protobuf.TextFormat$Parser'.
2024-11-12 13:43:14,120 INFO  MethodCallReplacementClassAdapter - Adding mock interface to class org/apache/hadoop/thirdparty/protobuf/TextFormat$Parser
2024-11-12 13:43:14,127 INFO  CreateClassResetClassAdapter - Creating brand-new static initializer in class org/apache/hadoop/thirdparty/protobuf/TextFormat$Parser
2024-11-12 13:43:14,127 INFO  CreateClassResetClassAdapter - Adding bytecode for initializing field BUFFER_SIZE
2024-11-12 13:43:14,130 INFO  EvoClassLoader - Keeping class: org.apache.hadoop.thirdparty.protobuf.TextFormat$Parser
2024-11-12 13:43:14,131 INFO  EvoClassLoader - Seeing class for first time: org.apache.hadoop.thirdparty.protobuf.TextFormat$ParseException
2024-11-12 13:43:14,131 INFO  EvoClassLoader - Instrumenting class 'org.apache.hadoop.thirdparty.protobuf.TextFormat$ParseException'.
2024-11-12 13:43:14,132 INFO  MethodCallReplacementClassAdapter - Adding mock interface to class org/apache/hadoop/thirdparty/protobuf/TextFormat$ParseException
2024-11-12 13:43:14,132 INFO  CreateClassResetClassAdapter - Creating brand-new static initializer in class org/apache/hadoop/thirdparty/protobuf/TextFormat$ParseException
2024-11-12 13:43:14,133 INFO  EvoClassLoader - Keeping class: org.apache.hadoop.thirdparty.protobuf.TextFormat$ParseException
2024-11-12 13:43:14,136 INFO  EvoClassLoader - Seeing class for first time: org.apache.hadoop.thirdparty.protobuf.TextFormat$Parser$Builder
2024-11-12 13:43:14,136 INFO  EvoClassLoader - Instrumenting class 'org.apache.hadoop.thirdparty.protobuf.TextFormat$Parser$Builder'.
2024-11-12 13:43:14,137 INFO  MethodCallReplacementClassAdapter - Adding mock interface to class org/apache/hadoop/thirdparty/protobuf/TextFormat$Parser$Builder
2024-11-12 13:43:14,137 INFO  CreateClassResetClassAdapter - Creating brand-new static initializer in class org/apache/hadoop/thirdparty/protobuf/TextFormat$Parser$Builder
2024-11-12 13:43:14,137 INFO  EvoClassLoader - Keeping class: org.apache.hadoop.thirdparty.protobuf.TextFormat$Parser$Builder
2024-11-12 13:43:14,137 INFO  EvoClassLoader - Seeing class for first time: org.apache.hadoop.thirdparty.protobuf.TextFormat$Parser$SingularOverwritePolicy
2024-11-12 13:43:14,138 INFO  EvoClassLoader - Instrumenting class 'org.apache.hadoop.thirdparty.protobuf.TextFormat$Parser$SingularOverwritePolicy'.
2024-11-12 13:43:14,138 INFO  MethodCallReplacementClassAdapter - Adding mock interface to class org/apache/hadoop/thirdparty/protobuf/TextFormat$Parser$SingularOverwritePolicy
2024-11-12 13:43:14,139 INFO  CreateClassResetClassAdapter - Found static initializer in class org/apache/hadoop/thirdparty/protobuf/TextFormat$Parser$SingularOverwritePolicy
2024-11-12 13:43:14,140 INFO  EvoClassLoader - Keeping class: org.apache.hadoop.thirdparty.protobuf.TextFormat$Parser$SingularOverwritePolicy
2024-11-12 13:43:14,140 INFO  EvoClassLoader - Seeing class for first time: org.apache.hadoop.thirdparty.protobuf.TypeRegistry
2024-11-12 13:43:14,140 INFO  EvoClassLoader - Instrumenting class 'org.apache.hadoop.thirdparty.protobuf.TypeRegistry'.
2024-11-12 13:43:14,141 INFO  MethodCallReplacementClassAdapter - Adding mock interface to class org/apache/hadoop/thirdparty/protobuf/TypeRegistry
2024-11-12 13:43:14,141 INFO  CreateClassResetClassAdapter - Found static initializer in class org/apache/hadoop/thirdparty/protobuf/TypeRegistry
2024-11-12 13:43:14,141 INFO  EvoClassLoader - Keeping class: org.apache.hadoop.thirdparty.protobuf.TypeRegistry
2024-11-12 13:43:14,141 INFO  EvoClassLoader - Seeing class for first time: org.apache.hadoop.thirdparty.protobuf.TypeRegistry$EmptyTypeRegistryHolder
2024-11-12 13:43:14,141 INFO  EvoClassLoader - Instrumenting class 'org.apache.hadoop.thirdparty.protobuf.TypeRegistry$EmptyTypeRegistryHolder'.
2024-11-12 13:43:14,142 INFO  MethodCallReplacementClassAdapter - Adding mock interface to class org/apache/hadoop/thirdparty/protobuf/TypeRegistry$EmptyTypeRegistryHolder
2024-11-12 13:43:14,142 INFO  CreateClassResetClassAdapter - Found static initializer in class org/apache/hadoop/thirdparty/protobuf/TypeRegistry$EmptyTypeRegistryHolder
2024-11-12 13:43:14,142 INFO  EvoClassLoader - Keeping class: org.apache.hadoop.thirdparty.protobuf.TypeRegistry$EmptyTypeRegistryHolder
2024-11-12 13:43:14,145 INFO  EvoClassLoader - Seeing class for first time: org.apache.hadoop.hdfs.protocol.proto.HdfsServerProtos
2024-11-12 13:43:14,145 INFO  EvoClassLoader - Instrumenting class 'org.apache.hadoop.hdfs.protocol.proto.HdfsServerProtos'.
2024-11-12 13:43:14,145 INFO  MethodCallReplacementClassAdapter - Adding mock interface to class org/apache/hadoop/hdfs/protocol/proto/HdfsServerProtos
2024-11-12 13:43:14,145 INFO  CreateClassResetClassAdapter - Found static initializer in class org/apache/hadoop/hdfs/protocol/proto/HdfsServerProtos
2024-11-12 13:43:14,146 INFO  EvoClassLoader - Keeping class: org.apache.hadoop.hdfs.protocol.proto.HdfsServerProtos
2024-11-12 13:43:14,146 INFO  EvoClassLoader - Seeing class for first time: org.apache.hadoop.ha.proto.HAServiceProtocolProtos
2024-11-12 13:43:14,146 INFO  EvoClassLoader - Instrumenting class 'org.apache.hadoop.ha.proto.HAServiceProtocolProtos'.
2024-11-12 13:43:14,147 INFO  MethodCallReplacementClassAdapter - Adding mock interface to class org/apache/hadoop/ha/proto/HAServiceProtocolProtos
2024-11-12 13:43:14,147 INFO  CreateClassResetClassAdapter - Found static initializer in class org/apache/hadoop/ha/proto/HAServiceProtocolProtos
2024-11-12 13:43:14,147 INFO  EvoClassLoader - Defined package (3): package org.apache.hadoop.ha.proto, -1574898170
2024-11-12 13:43:14,148 INFO  EvoClassLoader - Keeping class: org.apache.hadoop.ha.proto.HAServiceProtocolProtos
2024-11-12 13:43:14,149 INFO  EvoClassLoader - Seeing class for first time: org.apache.hadoop.thirdparty.protobuf.DescriptorProtos$ServiceOptionsOrBuilder
2024-11-12 13:43:14,149 INFO  EvoClassLoader - Instrumenting class 'org.apache.hadoop.thirdparty.protobuf.DescriptorProtos$ServiceOptionsOrBuilder'.
2024-11-12 13:43:14,150 INFO  EvoClassLoader - Keeping class: org.apache.hadoop.thirdparty.protobuf.DescriptorProtos$ServiceOptionsOrBuilder
2024-11-12 13:43:14,150 INFO  EvoClassLoader - Seeing class for first time: org.apache.hadoop.thirdparty.protobuf.DescriptorProtos$ServiceDescriptorProto$1
2024-11-12 13:43:14,150 INFO  EvoClassLoader - Instrumenting class 'org.apache.hadoop.thirdparty.protobuf.DescriptorProtos$ServiceDescriptorProto$1'.
2024-11-12 13:43:14,150 INFO  MethodCallReplacementClassAdapter - Adding mock interface to class org/apache/hadoop/thirdparty/protobuf/DescriptorProtos$ServiceDescriptorProto$1
2024-11-12 13:43:14,151 INFO  EvoClassLoader - Keeping class: org.apache.hadoop.thirdparty.protobuf.DescriptorProtos$ServiceDescriptorProto$1
2024-11-12 13:43:14,151 INFO  EvoClassLoader - Seeing class for first time: org.apache.hadoop.thirdparty.protobuf.DescriptorProtos$ServiceDescriptorProto$Builder
2024-11-12 13:43:14,151 INFO  EvoClassLoader - Instrumenting class 'org.apache.hadoop.thirdparty.protobuf.DescriptorProtos$ServiceDescriptorProto$Builder'.
2024-11-12 13:43:14,151 INFO  MethodCallReplacementClassAdapter - Adding mock interface to class org/apache/hadoop/thirdparty/protobuf/DescriptorProtos$ServiceDescriptorProto$Builder
2024-11-12 13:43:14,152 INFO  CreateClassResetClassAdapter - Creating brand-new static initializer in class org/apache/hadoop/thirdparty/protobuf/DescriptorProtos$ServiceDescriptorProto$Builder
2024-11-12 13:43:14,153 INFO  EvoClassLoader - Keeping class: org.apache.hadoop.thirdparty.protobuf.DescriptorProtos$ServiceDescriptorProto$Builder
2024-11-12 13:43:14,153 INFO  EvoClassLoader - Seeing class for first time: org.apache.hadoop.thirdparty.protobuf.DescriptorProtos$MethodDescriptorProto
2024-11-12 13:43:14,153 INFO  EvoClassLoader - Instrumenting class 'org.apache.hadoop.thirdparty.protobuf.DescriptorProtos$MethodDescriptorProto'.
2024-11-12 13:43:14,154 INFO  MethodCallReplacementClassAdapter - Adding mock interface to class org/apache/hadoop/thirdparty/protobuf/DescriptorProtos$MethodDescriptorProto
2024-11-12 13:43:14,154 INFO  CreateClassResetClassAdapter - Found static initializer in class org/apache/hadoop/thirdparty/protobuf/DescriptorProtos$MethodDescriptorProto
2024-11-12 13:43:14,155 INFO  EvoClassLoader - Seeing class for first time: org.apache.hadoop.thirdparty.protobuf.DescriptorProtos$MethodDescriptorProtoOrBuilder
2024-11-12 13:43:14,155 INFO  EvoClassLoader - Instrumenting class 'org.apache.hadoop.thirdparty.protobuf.DescriptorProtos$MethodDescriptorProtoOrBuilder'.
2024-11-12 13:43:14,155 INFO  EvoClassLoader - Keeping class: org.apache.hadoop.thirdparty.protobuf.DescriptorProtos$MethodDescriptorProtoOrBuilder
2024-11-12 13:43:14,155 INFO  EvoClassLoader - Keeping class: org.apache.hadoop.thirdparty.protobuf.DescriptorProtos$MethodDescriptorProto
2024-11-12 13:43:14,155 INFO  EvoClassLoader - Seeing class for first time: org.apache.hadoop.thirdparty.protobuf.DescriptorProtos$ServiceOptions
2024-11-12 13:43:14,155 INFO  EvoClassLoader - Instrumenting class 'org.apache.hadoop.thirdparty.protobuf.DescriptorProtos$ServiceOptions'.
2024-11-12 13:43:14,156 INFO  MethodCallReplacementClassAdapter - Adding mock interface to class org/apache/hadoop/thirdparty/protobuf/DescriptorProtos$ServiceOptions
2024-11-12 13:43:14,156 INFO  CreateClassResetClassAdapter - Found static initializer in class org/apache/hadoop/thirdparty/protobuf/DescriptorProtos$ServiceOptions
2024-11-12 13:43:14,157 INFO  EvoClassLoader - Keeping class: org.apache.hadoop.thirdparty.protobuf.DescriptorProtos$ServiceOptions
2024-11-12 13:43:14,157 INFO  EvoClassLoader - Seeing class for first time: org.apache.hadoop.thirdparty.protobuf.DescriptorProtos$MethodOptionsOrBuilder
2024-11-12 13:43:14,157 INFO  EvoClassLoader - Instrumenting class 'org.apache.hadoop.thirdparty.protobuf.DescriptorProtos$MethodOptionsOrBuilder'.
2024-11-12 13:43:14,158 INFO  EvoClassLoader - Keeping class: org.apache.hadoop.thirdparty.protobuf.DescriptorProtos$MethodOptionsOrBuilder
2024-11-12 13:43:14,158 INFO  EvoClassLoader - Seeing class for first time: org.apache.hadoop.thirdparty.protobuf.DescriptorProtos$MethodDescriptorProto$1
2024-11-12 13:43:14,158 INFO  EvoClassLoader - Instrumenting class 'org.apache.hadoop.thirdparty.protobuf.DescriptorProtos$MethodDescriptorProto$1'.
2024-11-12 13:43:14,158 INFO  MethodCallReplacementClassAdapter - Adding mock interface to class org/apache/hadoop/thirdparty/protobuf/DescriptorProtos$MethodDescriptorProto$1
2024-11-12 13:43:14,158 INFO  EvoClassLoader - Keeping class: org.apache.hadoop.thirdparty.protobuf.DescriptorProtos$MethodDescriptorProto$1
2024-11-12 13:43:14,158 INFO  EvoClassLoader - Seeing class for first time: org.apache.hadoop.thirdparty.protobuf.DescriptorProtos$MethodDescriptorProto$Builder
2024-11-12 13:43:14,158 INFO  EvoClassLoader - Instrumenting class 'org.apache.hadoop.thirdparty.protobuf.DescriptorProtos$MethodDescriptorProto$Builder'.
2024-11-12 13:43:14,159 INFO  MethodCallReplacementClassAdapter - Adding mock interface to class org/apache/hadoop/thirdparty/protobuf/DescriptorProtos$MethodDescriptorProto$Builder
2024-11-12 13:43:14,159 INFO  CreateClassResetClassAdapter - Creating brand-new static initializer in class org/apache/hadoop/thirdparty/protobuf/DescriptorProtos$MethodDescriptorProto$Builder
2024-11-12 13:43:14,160 INFO  EvoClassLoader - Keeping class: org.apache.hadoop.thirdparty.protobuf.DescriptorProtos$MethodDescriptorProto$Builder
2024-11-12 13:43:14,160 INFO  EvoClassLoader - Seeing class for first time: org.apache.hadoop.thirdparty.protobuf.DescriptorProtos$MethodOptions
2024-11-12 13:43:14,160 INFO  EvoClassLoader - Instrumenting class 'org.apache.hadoop.thirdparty.protobuf.DescriptorProtos$MethodOptions'.
2024-11-12 13:43:14,161 INFO  MethodCallReplacementClassAdapter - Adding mock interface to class org/apache/hadoop/thirdparty/protobuf/DescriptorProtos$MethodOptions
2024-11-12 13:43:14,161 INFO  CreateClassResetClassAdapter - Found static initializer in class org/apache/hadoop/thirdparty/protobuf/DescriptorProtos$MethodOptions
2024-11-12 13:43:14,161 INFO  EvoClassLoader - Keeping class: org.apache.hadoop.thirdparty.protobuf.DescriptorProtos$MethodOptions
2024-11-12 13:43:14,162 INFO  EvoClassLoader - Seeing class for first time: org.apache.hadoop.thirdparty.protobuf.Descriptors$MethodDescriptor
2024-11-12 13:43:14,162 INFO  EvoClassLoader - Instrumenting class 'org.apache.hadoop.thirdparty.protobuf.Descriptors$MethodDescriptor'.
2024-11-12 13:43:14,163 INFO  MethodCallReplacementClassAdapter - Adding mock interface to class org/apache/hadoop/thirdparty/protobuf/Descriptors$MethodDescriptor
2024-11-12 13:43:14,163 INFO  CreateClassResetClassAdapter - Creating brand-new static initializer in class org/apache/hadoop/thirdparty/protobuf/Descriptors$MethodDescriptor
2024-11-12 13:43:14,163 INFO  EvoClassLoader - Keeping class: org.apache.hadoop.thirdparty.protobuf.Descriptors$MethodDescriptor
2024-11-12 13:43:14,168 INFO  EvoClassLoader - Seeing class for first time: org.apache.hadoop.hdfs.qjournal.protocol.QJournalProtocolProtos$AcceptRecoveryResponseProtoOrBuilder
2024-11-12 13:43:14,168 INFO  EvoClassLoader - Instrumenting class 'org.apache.hadoop.hdfs.qjournal.protocol.QJournalProtocolProtos$AcceptRecoveryResponseProtoOrBuilder'.
2024-11-12 13:43:14,169 INFO  EvoClassLoader - Keeping class: org.apache.hadoop.hdfs.qjournal.protocol.QJournalProtocolProtos$AcceptRecoveryResponseProtoOrBuilder
2024-11-12 13:43:14,169 INFO  EvoClassLoader - Seeing class for first time: org.apache.hadoop.thirdparty.protobuf.DescriptorProtos$FileOptions$OptimizeMode$1
2024-11-12 13:43:14,169 INFO  EvoClassLoader - Instrumenting class 'org.apache.hadoop.thirdparty.protobuf.DescriptorProtos$FileOptions$OptimizeMode$1'.
2024-11-12 13:43:14,169 INFO  MethodCallReplacementClassAdapter - Adding mock interface to class org/apache/hadoop/thirdparty/protobuf/DescriptorProtos$FileOptions$OptimizeMode$1
2024-11-12 13:43:14,169 INFO  EvoClassLoader - Keeping class: org.apache.hadoop.thirdparty.protobuf.DescriptorProtos$FileOptions$OptimizeMode$1
2024-11-12 13:43:14,169 INFO  EvoClassLoader - Seeing class for first time: org.apache.hadoop.thirdparty.protobuf.GeneratedMessage$ExtensionDescriptorRetriever
2024-11-12 13:43:14,169 INFO  EvoClassLoader - Instrumenting class 'org.apache.hadoop.thirdparty.protobuf.GeneratedMessage$ExtensionDescriptorRetriever'.
2024-11-12 13:43:14,170 INFO  EvoClassLoader - Keeping class: org.apache.hadoop.thirdparty.protobuf.GeneratedMessage$ExtensionDescriptorRetriever
2024-11-12 13:43:14,170 INFO  EvoClassLoader - Seeing class for first time: org.apache.hadoop.hdfs.qjournal.protocol.QJournalProtocolProtos$PurgeLogsResponseProto
2024-11-12 13:43:14,170 INFO  EvoClassLoader - Instrumenting class 'org.apache.hadoop.hdfs.qjournal.protocol.QJournalProtocolProtos$PurgeLogsResponseProto'.
2024-11-12 13:43:14,171 INFO  MethodCallReplacementClassAdapter - Adding mock interface to class org/apache/hadoop/hdfs/qjournal/protocol/QJournalProtocolProtos$PurgeLogsResponseProto
2024-11-12 13:43:14,171 INFO  CreateClassResetClassAdapter - Found static initializer in class org/apache/hadoop/hdfs/qjournal/protocol/QJournalProtocolProtos$PurgeLogsResponseProto
2024-11-12 13:43:14,172 INFO  EvoClassLoader - Seeing class for first time: org.apache.hadoop.hdfs.qjournal.protocol.QJournalProtocolProtos$PurgeLogsResponseProtoOrBuilder
2024-11-12 13:43:14,172 INFO  EvoClassLoader - Instrumenting class 'org.apache.hadoop.hdfs.qjournal.protocol.QJournalProtocolProtos$PurgeLogsResponseProtoOrBuilder'.
2024-11-12 13:43:14,173 INFO  EvoClassLoader - Keeping class: org.apache.hadoop.hdfs.qjournal.protocol.QJournalProtocolProtos$PurgeLogsResponseProtoOrBuilder
2024-11-12 13:43:14,173 INFO  EvoClassLoader - Keeping class: org.apache.hadoop.hdfs.qjournal.protocol.QJournalProtocolProtos$PurgeLogsResponseProto
2024-11-12 13:43:14,174 INFO  EvoClassLoader - Seeing class for first time: org.apache.hadoop.hdfs.qjournal.protocol.QJournalProtocolProtos$PurgeLogsResponseProto$1
2024-11-12 13:43:14,174 INFO  EvoClassLoader - Instrumenting class 'org.apache.hadoop.hdfs.qjournal.protocol.QJournalProtocolProtos$PurgeLogsResponseProto$1'.
2024-11-12 13:43:14,174 INFO  MethodCallReplacementClassAdapter - Adding mock interface to class org/apache/hadoop/hdfs/qjournal/protocol/QJournalProtocolProtos$PurgeLogsResponseProto$1
2024-11-12 13:43:14,175 INFO  EvoClassLoader - Keeping class: org.apache.hadoop.hdfs.qjournal.protocol.QJournalProtocolProtos$PurgeLogsResponseProto$1
2024-11-12 13:43:14,176 INFO  EvoClassLoader - Seeing class for first time: org.apache.hadoop.fs.ByteBufferPositionedReadable
2024-11-12 13:43:14,176 INFO  EvoClassLoader - Instrumenting class 'org.apache.hadoop.fs.ByteBufferPositionedReadable'.
2024-11-12 13:43:14,176 INFO  EvoClassLoader - Keeping class: org.apache.hadoop.fs.ByteBufferPositionedReadable
2024-11-12 13:43:14,176 INFO  EvoClassLoader - Seeing class for first time: org.apache.hadoop.hdfs.qjournal.protocol.QJournalProtocolProtos$PurgeLogsRequestProto
2024-11-12 13:43:14,176 INFO  EvoClassLoader - Instrumenting class 'org.apache.hadoop.hdfs.qjournal.protocol.QJournalProtocolProtos$PurgeLogsRequestProto'.
2024-11-12 13:43:14,177 INFO  MethodCallReplacementClassAdapter - Adding mock interface to class org/apache/hadoop/hdfs/qjournal/protocol/QJournalProtocolProtos$PurgeLogsRequestProto
2024-11-12 13:43:14,177 INFO  CreateClassResetClassAdapter - Found static initializer in class org/apache/hadoop/hdfs/qjournal/protocol/QJournalProtocolProtos$PurgeLogsRequestProto
2024-11-12 13:43:14,178 INFO  EvoClassLoader - Seeing class for first time: org.apache.hadoop.hdfs.qjournal.protocol.QJournalProtocolProtos$PurgeLogsRequestProtoOrBuilder
2024-11-12 13:43:14,178 INFO  EvoClassLoader - Instrumenting class 'org.apache.hadoop.hdfs.qjournal.protocol.QJournalProtocolProtos$PurgeLogsRequestProtoOrBuilder'.
2024-11-12 13:43:14,178 INFO  EvoClassLoader - Keeping class: org.apache.hadoop.hdfs.qjournal.protocol.QJournalProtocolProtos$PurgeLogsRequestProtoOrBuilder
2024-11-12 13:43:14,179 INFO  EvoClassLoader - Keeping class: org.apache.hadoop.hdfs.qjournal.protocol.QJournalProtocolProtos$PurgeLogsRequestProto
2024-11-12 13:43:14,179 INFO  EvoClassLoader - Seeing class for first time: org.apache.hadoop.hdfs.qjournal.protocol.QJournalProtocolProtos$RequestInfoProtoOrBuilder
2024-11-12 13:43:14,179 INFO  EvoClassLoader - Instrumenting class 'org.apache.hadoop.hdfs.qjournal.protocol.QJournalProtocolProtos$RequestInfoProtoOrBuilder'.
2024-11-12 13:43:14,180 INFO  EvoClassLoader - Keeping class: org.apache.hadoop.hdfs.qjournal.protocol.QJournalProtocolProtos$RequestInfoProtoOrBuilder
2024-11-12 13:43:14,180 INFO  EvoClassLoader - Seeing class for first time: org.apache.hadoop.hdfs.qjournal.protocol.QJournalProtocolProtos$PurgeLogsRequestProto$1
2024-11-12 13:43:14,180 INFO  EvoClassLoader - Instrumenting class 'org.apache.hadoop.hdfs.qjournal.protocol.QJournalProtocolProtos$PurgeLogsRequestProto$1'.
2024-11-12 13:43:14,181 INFO  MethodCallReplacementClassAdapter - Adding mock interface to class org/apache/hadoop/hdfs/qjournal/protocol/QJournalProtocolProtos$PurgeLogsRequestProto$1
2024-11-12 13:43:14,182 INFO  EvoClassLoader - Keeping class: org.apache.hadoop.hdfs.qjournal.protocol.QJournalProtocolProtos$PurgeLogsRequestProto$1
2024-11-12 13:43:14,182 INFO  EvoClassLoader - Seeing class for first time: org.apache.hadoop.hdfs.server.namenode.CheckpointSignature
2024-11-12 13:43:14,182 INFO  EvoClassLoader - Instrumenting class 'org.apache.hadoop.hdfs.server.namenode.CheckpointSignature'.
2024-11-12 13:43:14,183 INFO  MethodCallReplacementClassAdapter - Adding mock interface to class org/apache/hadoop/hdfs/server/namenode/CheckpointSignature
2024-11-12 13:43:14,185 INFO  CreateClassResetClassAdapter - Found static initializer in class org/apache/hadoop/hdfs/server/namenode/CheckpointSignature
2024-11-12 13:43:14,186 INFO  EvoClassLoader - Keeping class: org.apache.hadoop.hdfs.server.namenode.CheckpointSignature
2024-11-12 13:43:14,186 INFO  EvoClassLoader - Seeing class for first time: org.apache.hadoop.hdfs.server.namenode.NNStorage
2024-11-12 13:43:14,186 INFO  EvoClassLoader - Instrumenting class 'org.apache.hadoop.hdfs.server.namenode.NNStorage'.
2024-11-12 13:43:14,186 INFO  MethodCallReplacementClassAdapter - Adding mock interface to class org/apache/hadoop/hdfs/server/namenode/NNStorage
2024-11-12 13:43:14,191 INFO  CreateClassResetClassAdapter - Found static initializer in class org/apache/hadoop/hdfs/server/namenode/NNStorage
2024-11-12 13:43:14,192 INFO  EvoClassLoader - Seeing class for first time: org.apache.hadoop.hdfs.server.common.StorageErrorReporter
2024-11-12 13:43:14,192 INFO  EvoClassLoader - Instrumenting class 'org.apache.hadoop.hdfs.server.common.StorageErrorReporter'.
2024-11-12 13:43:14,193 INFO  EvoClassLoader - Keeping class: org.apache.hadoop.hdfs.server.common.StorageErrorReporter
2024-11-12 13:43:14,193 INFO  EvoClassLoader - Keeping class: org.apache.hadoop.hdfs.server.namenode.NNStorage
2024-11-12 13:43:14,193 INFO  EvoClassLoader - Seeing class for first time: org.apache.hadoop.thirdparty.protobuf.DescriptorProtos$DescriptorProto$ReservedRange$Builder
2024-11-12 13:43:14,193 INFO  EvoClassLoader - Instrumenting class 'org.apache.hadoop.thirdparty.protobuf.DescriptorProtos$DescriptorProto$ReservedRange$Builder'.
2024-11-12 13:43:14,194 INFO  MethodCallReplacementClassAdapter - Adding mock interface to class org/apache/hadoop/thirdparty/protobuf/DescriptorProtos$DescriptorProto$ReservedRange$Builder
2024-11-12 13:43:14,195 INFO  CreateClassResetClassAdapter - Creating brand-new static initializer in class org/apache/hadoop/thirdparty/protobuf/DescriptorProtos$DescriptorProto$ReservedRange$Builder
2024-11-12 13:43:14,195 INFO  EvoClassLoader - Keeping class: org.apache.hadoop.thirdparty.protobuf.DescriptorProtos$DescriptorProto$ReservedRange$Builder
2024-11-12 13:43:14,196 INFO  EvoClassLoader - Seeing class for first time: org.apache.hadoop.ipc.internal.ShadedProtobufHelper
2024-11-12 13:43:14,196 INFO  EvoClassLoader - Instrumenting class 'org.apache.hadoop.ipc.internal.ShadedProtobufHelper'.
2024-11-12 13:43:14,196 INFO  MethodCallReplacementClassAdapter - Adding mock interface to class org/apache/hadoop/ipc/internal/ShadedProtobufHelper
2024-11-12 13:43:14,196 INFO  CreateClassResetClassAdapter - Found static initializer in class org/apache/hadoop/ipc/internal/ShadedProtobufHelper
2024-11-12 13:43:14,196 INFO  EvoClassLoader - Defined package (3): package org.apache.hadoop.ipc.internal, 1535782946
2024-11-12 13:43:14,197 INFO  EvoClassLoader - Keeping class: org.apache.hadoop.ipc.internal.ShadedProtobufHelper
2024-11-12 13:43:14,197 INFO  EvoClassLoader - Seeing class for first time: org.apache.hadoop.thirdparty.protobuf.ServiceException
2024-11-12 13:43:14,197 INFO  EvoClassLoader - Instrumenting class 'org.apache.hadoop.thirdparty.protobuf.ServiceException'.
2024-11-12 13:43:14,197 INFO  MethodCallReplacementClassAdapter - Adding mock interface to class org/apache/hadoop/thirdparty/protobuf/ServiceException
2024-11-12 13:43:14,197 INFO  CreateClassResetClassAdapter - Creating brand-new static initializer in class org/apache/hadoop/thirdparty/protobuf/ServiceException
2024-11-12 13:43:14,197 INFO  EvoClassLoader - Keeping class: org.apache.hadoop.thirdparty.protobuf.ServiceException
2024-11-12 13:43:14,197 INFO  EvoClassLoader - Seeing class for first time: org.apache.hadoop.security.Credentials
2024-11-12 13:43:14,197 INFO  EvoClassLoader - Instrumenting class 'org.apache.hadoop.security.Credentials'.
2024-11-12 13:43:14,198 INFO  MethodCallReplacementClassAdapter - Adding mock interface to class org/apache/hadoop/security/Credentials
2024-11-12 13:43:14,199 INFO  CreateClassResetClassAdapter - Found static initializer in class org/apache/hadoop/security/Credentials
2024-11-12 13:43:14,200 INFO  EvoClassLoader - Keeping class: org.apache.hadoop.security.Credentials
2024-11-12 13:43:14,201 INFO  EvoClassLoader - Seeing class for first time: org.apache.hadoop.fs.FSDataOutputStream
2024-11-12 13:43:14,201 INFO  EvoClassLoader - Instrumenting class 'org.apache.hadoop.fs.FSDataOutputStream'.
2024-11-12 13:43:14,201 INFO  MethodCallReplacementClassAdapter - Adding mock interface to class org/apache/hadoop/fs/FSDataOutputStream
2024-11-12 13:43:14,201 INFO  CreateClassResetClassAdapter - Creating brand-new static initializer in class org/apache/hadoop/fs/FSDataOutputStream
2024-11-12 13:43:14,201 INFO  EvoClassLoader - Seeing class for first time: org.apache.hadoop.fs.Syncable
2024-11-12 13:43:14,201 INFO  EvoClassLoader - Instrumenting class 'org.apache.hadoop.fs.Syncable'.
2024-11-12 13:43:14,202 INFO  EvoClassLoader - Keeping class: org.apache.hadoop.fs.Syncable
2024-11-12 13:43:14,202 INFO  EvoClassLoader - Seeing class for first time: org.apache.hadoop.fs.CanSetDropBehind
2024-11-12 13:43:14,202 INFO  EvoClassLoader - Instrumenting class 'org.apache.hadoop.fs.CanSetDropBehind'.
2024-11-12 13:43:14,202 INFO  EvoClassLoader - Keeping class: org.apache.hadoop.fs.CanSetDropBehind
2024-11-12 13:43:14,202 INFO  EvoClassLoader - Seeing class for first time: org.apache.hadoop.fs.StreamCapabilities
2024-11-12 13:43:14,202 INFO  EvoClassLoader - Instrumenting class 'org.apache.hadoop.fs.StreamCapabilities'.
2024-11-12 13:43:14,202 INFO  EvoClassLoader - Keeping class: org.apache.hadoop.fs.StreamCapabilities
2024-11-12 13:43:14,202 INFO  EvoClassLoader - Seeing class for first time: org.apache.hadoop.fs.statistics.IOStatisticsSource
2024-11-12 13:43:14,202 INFO  EvoClassLoader - Instrumenting class 'org.apache.hadoop.fs.statistics.IOStatisticsSource'.
2024-11-12 13:43:14,203 INFO  EvoClassLoader - Defined package (3): package org.apache.hadoop.fs.statistics, -2061501583
2024-11-12 13:43:14,203 INFO  EvoClassLoader - Keeping class: org.apache.hadoop.fs.statistics.IOStatisticsSource
2024-11-12 13:43:14,203 INFO  EvoClassLoader - Seeing class for first time: org.apache.hadoop.fs.Abortable
2024-11-12 13:43:14,203 INFO  EvoClassLoader - Instrumenting class 'org.apache.hadoop.fs.Abortable'.
2024-11-12 13:43:14,203 INFO  EvoClassLoader - Keeping class: org.apache.hadoop.fs.Abortable
2024-11-12 13:43:14,203 INFO  EvoClassLoader - Keeping class: org.apache.hadoop.fs.FSDataOutputStream
2024-11-12 13:43:14,203 INFO  EvoClassLoader - Seeing class for first time: org.apache.hadoop.fs.FSDataInputStream
2024-11-12 13:43:14,203 INFO  EvoClassLoader - Instrumenting class 'org.apache.hadoop.fs.FSDataInputStream'.
2024-11-12 13:43:14,203 INFO  MethodCallReplacementClassAdapter - Adding mock interface to class org/apache/hadoop/fs/FSDataInputStream
2024-11-12 13:43:14,204 INFO  CreateClassResetClassAdapter - Found static initializer in class org/apache/hadoop/fs/FSDataInputStream
2024-11-12 13:43:14,204 INFO  EvoClassLoader - Seeing class for first time: org.apache.hadoop.fs.Seekable
2024-11-12 13:43:14,204 INFO  EvoClassLoader - Instrumenting class 'org.apache.hadoop.fs.Seekable'.
2024-11-12 13:43:14,204 INFO  EvoClassLoader - Keeping class: org.apache.hadoop.fs.Seekable
2024-11-12 13:43:14,204 INFO  EvoClassLoader - Seeing class for first time: org.apache.hadoop.fs.PositionedReadable
2024-11-12 13:43:14,204 INFO  EvoClassLoader - Instrumenting class 'org.apache.hadoop.fs.PositionedReadable'.
2024-11-12 13:43:14,205 INFO  EvoClassLoader - Keeping class: org.apache.hadoop.fs.PositionedReadable
2024-11-12 13:43:14,205 INFO  EvoClassLoader - Seeing class for first time: org.apache.hadoop.fs.ByteBufferReadable
2024-11-12 13:43:14,205 INFO  EvoClassLoader - Instrumenting class 'org.apache.hadoop.fs.ByteBufferReadable'.
2024-11-12 13:43:14,205 INFO  EvoClassLoader - Keeping class: org.apache.hadoop.fs.ByteBufferReadable
2024-11-12 13:43:14,205 INFO  EvoClassLoader - Seeing class for first time: org.apache.hadoop.fs.HasFileDescriptor
2024-11-12 13:43:14,205 INFO  EvoClassLoader - Instrumenting class 'org.apache.hadoop.fs.HasFileDescriptor'.
2024-11-12 13:43:14,205 INFO  EvoClassLoader - Keeping class: org.apache.hadoop.fs.HasFileDescriptor
2024-11-12 13:43:14,205 INFO  EvoClassLoader - Seeing class for first time: org.apache.hadoop.fs.CanSetReadahead
2024-11-12 13:43:14,205 INFO  EvoClassLoader - Instrumenting class 'org.apache.hadoop.fs.CanSetReadahead'.
2024-11-12 13:43:14,205 INFO  EvoClassLoader - Keeping class: org.apache.hadoop.fs.CanSetReadahead
2024-11-12 13:43:14,205 INFO  EvoClassLoader - Seeing class for first time: org.apache.hadoop.fs.HasEnhancedByteBufferAccess
2024-11-12 13:43:14,205 INFO  EvoClassLoader - Instrumenting class 'org.apache.hadoop.fs.HasEnhancedByteBufferAccess'.
2024-11-12 13:43:14,206 INFO  EvoClassLoader - Keeping class: org.apache.hadoop.fs.HasEnhancedByteBufferAccess
2024-11-12 13:43:14,206 INFO  EvoClassLoader - Seeing class for first time: org.apache.hadoop.fs.CanUnbuffer
2024-11-12 13:43:14,206 INFO  EvoClassLoader - Instrumenting class 'org.apache.hadoop.fs.CanUnbuffer'.
2024-11-12 13:43:14,206 INFO  EvoClassLoader - Keeping class: org.apache.hadoop.fs.CanUnbuffer
2024-11-12 13:43:14,206 INFO  EvoClassLoader - Keeping class: org.apache.hadoop.fs.FSDataInputStream
2024-11-12 13:43:14,206 INFO  EvoClassLoader - Seeing class for first time: org.apache.hadoop.fs.Options$HandleOpt
2024-11-12 13:43:14,206 INFO  EvoClassLoader - Instrumenting class 'org.apache.hadoop.fs.Options$HandleOpt'.
2024-11-12 13:43:14,206 INFO  MethodCallReplacementClassAdapter - Adding mock interface to class org/apache/hadoop/fs/Options$HandleOpt
2024-11-12 13:43:14,207 INFO  CreateClassResetClassAdapter - Creating brand-new static initializer in class org/apache/hadoop/fs/Options$HandleOpt
2024-11-12 13:43:14,207 INFO  EvoClassLoader - Keeping class: org.apache.hadoop.fs.Options$HandleOpt
2024-11-12 13:43:14,207 INFO  EvoClassLoader - Seeing class for first time: org.apache.hadoop.hdfs.qjournal.protocol.QJournalProtocolProtos$DoFinalizeResponseProto$Builder
2024-11-12 13:43:14,207 INFO  EvoClassLoader - Instrumenting class 'org.apache.hadoop.hdfs.qjournal.protocol.QJournalProtocolProtos$DoFinalizeResponseProto$Builder'.
2024-11-12 13:43:14,208 INFO  MethodCallReplacementClassAdapter - Adding mock interface to class org/apache/hadoop/hdfs/qjournal/protocol/QJournalProtocolProtos$DoFinalizeResponseProto$Builder
2024-11-12 13:43:14,208 INFO  CreateClassResetClassAdapter - Creating brand-new static initializer in class org/apache/hadoop/hdfs/qjournal/protocol/QJournalProtocolProtos$DoFinalizeResponseProto$Builder
2024-11-12 13:43:14,209 INFO  EvoClassLoader - Seeing class for first time: org.apache.hadoop.hdfs.qjournal.protocol.QJournalProtocolProtos$DoFinalizeResponseProtoOrBuilder
2024-11-12 13:43:14,209 INFO  EvoClassLoader - Instrumenting class 'org.apache.hadoop.hdfs.qjournal.protocol.QJournalProtocolProtos$DoFinalizeResponseProtoOrBuilder'.
2024-11-12 13:43:14,209 INFO  EvoClassLoader - Keeping class: org.apache.hadoop.hdfs.qjournal.protocol.QJournalProtocolProtos$DoFinalizeResponseProtoOrBuilder
2024-11-12 13:43:14,209 INFO  EvoClassLoader - Keeping class: org.apache.hadoop.hdfs.qjournal.protocol.QJournalProtocolProtos$DoFinalizeResponseProto$Builder
2024-11-12 13:43:14,209 INFO  EvoClassLoader - Seeing class for first time: org.apache.hadoop.thirdparty.protobuf.MapEntry$Metadata
2024-11-12 13:43:14,209 INFO  EvoClassLoader - Instrumenting class 'org.apache.hadoop.thirdparty.protobuf.MapEntry$Metadata'.
2024-11-12 13:43:14,210 INFO  MethodCallReplacementClassAdapter - Adding mock interface to class org/apache/hadoop/thirdparty/protobuf/MapEntry$Metadata
2024-11-12 13:43:14,210 INFO  CreateClassResetClassAdapter - Creating brand-new static initializer in class org/apache/hadoop/thirdparty/protobuf/MapEntry$Metadata
2024-11-12 13:43:14,210 INFO  EvoClassLoader - Seeing class for first time: org.apache.hadoop.thirdparty.protobuf.MapEntryLite$Metadata
2024-11-12 13:43:14,210 INFO  EvoClassLoader - Instrumenting class 'org.apache.hadoop.thirdparty.protobuf.MapEntryLite$Metadata'.
2024-11-12 13:43:14,210 INFO  MethodCallReplacementClassAdapter - Adding mock interface to class org/apache/hadoop/thirdparty/protobuf/MapEntryLite$Metadata
2024-11-12 13:43:14,210 INFO  CreateClassResetClassAdapter - Creating brand-new static initializer in class org/apache/hadoop/thirdparty/protobuf/MapEntryLite$Metadata
2024-11-12 13:43:14,210 INFO  EvoClassLoader - Keeping class: org.apache.hadoop.thirdparty.protobuf.MapEntryLite$Metadata
2024-11-12 13:43:14,210 INFO  EvoClassLoader - Keeping class: org.apache.hadoop.thirdparty.protobuf.MapEntry$Metadata
2024-11-12 13:43:14,210 INFO  EvoClassLoader - Seeing class for first time: org.apache.hadoop.fs.HarFileSystem$HarFSDataInputStream
2024-11-12 13:43:14,210 INFO  EvoClassLoader - Instrumenting class 'org.apache.hadoop.fs.HarFileSystem$HarFSDataInputStream'.
2024-11-12 13:43:14,210 INFO  MethodCallReplacementClassAdapter - Adding mock interface to class org/apache/hadoop/fs/HarFileSystem$HarFSDataInputStream
2024-11-12 13:43:14,210 INFO  CreateClassResetClassAdapter - Creating brand-new static initializer in class org/apache/hadoop/fs/HarFileSystem$HarFSDataInputStream
2024-11-12 13:43:14,210 INFO  EvoClassLoader - Keeping class: org.apache.hadoop.fs.HarFileSystem$HarFSDataInputStream
2024-11-12 13:43:14,211 INFO  EvoClassLoader - Seeing class for first time: org.apache.hadoop.fs.HarFileSystem$HarFSDataInputStream$HarFsInputStream
2024-11-12 13:43:14,211 INFO  EvoClassLoader - Instrumenting class 'org.apache.hadoop.fs.HarFileSystem$HarFSDataInputStream$HarFsInputStream'.
2024-11-12 13:43:14,211 INFO  MethodCallReplacementClassAdapter - Adding mock interface to class org/apache/hadoop/fs/HarFileSystem$HarFSDataInputStream$HarFsInputStream
2024-11-12 13:43:14,212 INFO  CreateClassResetClassAdapter - Creating brand-new static initializer in class org/apache/hadoop/fs/HarFileSystem$HarFSDataInputStream$HarFsInputStream
2024-11-12 13:43:14,213 INFO  EvoClassLoader - Seeing class for first time: org.apache.hadoop.fs.FSInputStream
2024-11-12 13:43:14,213 INFO  EvoClassLoader - Instrumenting class 'org.apache.hadoop.fs.FSInputStream'.
2024-11-12 13:43:14,213 INFO  MethodCallReplacementClassAdapter - Adding mock interface to class org/apache/hadoop/fs/FSInputStream
2024-11-12 13:43:14,214 INFO  CreateClassResetClassAdapter - Found static initializer in class org/apache/hadoop/fs/FSInputStream
2024-11-12 13:43:14,214 INFO  EvoClassLoader - Keeping class: org.apache.hadoop.fs.FSInputStream
2024-11-12 13:43:14,214 INFO  EvoClassLoader - Keeping class: org.apache.hadoop.fs.HarFileSystem$HarFSDataInputStream$HarFsInputStream
2024-11-12 13:43:14,214 INFO  EvoClassLoader - Seeing class for first time: org.apache.hadoop.fs.ReadOption
2024-11-12 13:43:14,214 INFO  EvoClassLoader - Instrumenting class 'org.apache.hadoop.fs.ReadOption'.
2024-11-12 13:43:14,214 INFO  MethodCallReplacementClassAdapter - Adding mock interface to class org/apache/hadoop/fs/ReadOption
2024-11-12 13:43:14,214 INFO  CreateClassResetClassAdapter - Found static initializer in class org/apache/hadoop/fs/ReadOption
2024-11-12 13:43:14,215 INFO  EvoClassLoader - Keeping class: org.apache.hadoop.fs.ReadOption
2024-11-12 13:43:14,215 INFO  EvoClassLoader - Seeing class for first time: org.apache.hadoop.thirdparty.com.google.common.collect.ComparisonChain$1
2024-11-12 13:43:14,215 INFO  EvoClassLoader - Instrumenting class 'org.apache.hadoop.thirdparty.com.google.common.collect.ComparisonChain$1'.
2024-11-12 13:43:14,215 INFO  MethodCallReplacementClassAdapter - Adding mock interface to class org/apache/hadoop/thirdparty/com/google/common/collect/ComparisonChain$1
2024-11-12 13:43:14,216 INFO  EvoClassLoader - Seeing class for first time: org.apache.hadoop.thirdparty.com.google.common.collect.ComparisonChain
2024-11-12 13:43:14,216 INFO  EvoClassLoader - Instrumenting class 'org.apache.hadoop.thirdparty.com.google.common.collect.ComparisonChain'.
2024-11-12 13:43:14,216 INFO  MethodCallReplacementClassAdapter - Adding mock interface to class org/apache/hadoop/thirdparty/com/google/common/collect/ComparisonChain
2024-11-12 13:43:14,217 INFO  CreateClassResetClassAdapter - Found static initializer in class org/apache/hadoop/thirdparty/com/google/common/collect/ComparisonChain
2024-11-12 13:43:14,217 INFO  EvoClassLoader - Keeping class: org.apache.hadoop.thirdparty.com.google.common.collect.ComparisonChain
2024-11-12 13:43:14,217 INFO  EvoClassLoader - Keeping class: org.apache.hadoop.thirdparty.com.google.common.collect.ComparisonChain$1
2024-11-12 13:43:14,217 INFO  EvoClassLoader - Seeing class for first time: org.apache.hadoop.thirdparty.com.google.common.collect.ComparisonChain$InactiveComparisonChain
2024-11-12 13:43:14,217 INFO  EvoClassLoader - Instrumenting class 'org.apache.hadoop.thirdparty.com.google.common.collect.ComparisonChain$InactiveComparisonChain'.
2024-11-12 13:43:14,218 INFO  MethodCallReplacementClassAdapter - Adding mock interface to class org/apache/hadoop/thirdparty/com/google/common/collect/ComparisonChain$InactiveComparisonChain
2024-11-12 13:43:14,219 INFO  CreateClassResetClassAdapter - Creating brand-new static initializer in class org/apache/hadoop/thirdparty/com/google/common/collect/ComparisonChain$InactiveComparisonChain
2024-11-12 13:43:14,219 INFO  EvoClassLoader - Keeping class: org.apache.hadoop.thirdparty.com.google.common.collect.ComparisonChain$InactiveComparisonChain
2024-11-12 13:43:14,219 INFO  EvoClassLoader - Seeing class for first time: org.apache.hadoop.hdfs.protocol.proto.HdfsServerProtos$NamenodeCommandProto
2024-11-12 13:43:14,219 INFO  EvoClassLoader - Instrumenting class 'org.apache.hadoop.hdfs.protocol.proto.HdfsServerProtos$NamenodeCommandProto'.
2024-11-12 13:43:14,220 INFO  MethodCallReplacementClassAdapter - Adding mock interface to class org/apache/hadoop/hdfs/protocol/proto/HdfsServerProtos$NamenodeCommandProto
2024-11-12 13:43:14,222 INFO  CreateClassResetClassAdapter - Found static initializer in class org/apache/hadoop/hdfs/protocol/proto/HdfsServerProtos$NamenodeCommandProto
2024-11-12 13:43:14,223 INFO  EvoClassLoader - Seeing class for first time: org.apache.hadoop.hdfs.protocol.proto.HdfsServerProtos$NamenodeCommandProtoOrBuilder
2024-11-12 13:43:14,223 INFO  EvoClassLoader - Instrumenting class 'org.apache.hadoop.hdfs.protocol.proto.HdfsServerProtos$NamenodeCommandProtoOrBuilder'.
2024-11-12 13:43:14,224 INFO  EvoClassLoader - Keeping class: org.apache.hadoop.hdfs.protocol.proto.HdfsServerProtos$NamenodeCommandProtoOrBuilder
2024-11-12 13:43:14,224 INFO  EvoClassLoader - Keeping class: org.apache.hadoop.hdfs.protocol.proto.HdfsServerProtos$NamenodeCommandProto
2024-11-12 13:43:14,224 INFO  EvoClassLoader - Seeing class for first time: org.apache.hadoop.hdfs.protocol.proto.HdfsServerProtos$CheckpointCommandProtoOrBuilder
2024-11-12 13:43:14,224 INFO  EvoClassLoader - Instrumenting class 'org.apache.hadoop.hdfs.protocol.proto.HdfsServerProtos$CheckpointCommandProtoOrBuilder'.
2024-11-12 13:43:14,225 INFO  EvoClassLoader - Keeping class: org.apache.hadoop.hdfs.protocol.proto.HdfsServerProtos$CheckpointCommandProtoOrBuilder
2024-11-12 13:43:14,225 INFO  EvoClassLoader - Seeing class for first time: org.apache.hadoop.hdfs.protocol.proto.HdfsServerProtos$NamenodeCommandProto$1
2024-11-12 13:43:14,225 INFO  EvoClassLoader - Instrumenting class 'org.apache.hadoop.hdfs.protocol.proto.HdfsServerProtos$NamenodeCommandProto$1'.
2024-11-12 13:43:14,226 INFO  MethodCallReplacementClassAdapter - Adding mock interface to class org/apache/hadoop/hdfs/protocol/proto/HdfsServerProtos$NamenodeCommandProto$1
2024-11-12 13:43:14,226 INFO  EvoClassLoader - Keeping class: org.apache.hadoop.hdfs.protocol.proto.HdfsServerProtos$NamenodeCommandProto$1
2024-11-12 13:43:14,227 INFO  EvoClassLoader - Seeing class for first time: org.apache.commons.collections.map.UnmodifiableEntrySet$UnmodifiableEntrySetIterator
2024-11-12 13:43:14,227 INFO  EvoClassLoader - Instrumenting class 'org.apache.commons.collections.map.UnmodifiableEntrySet$UnmodifiableEntrySetIterator'.
2024-11-12 13:43:14,227 INFO  MethodCallReplacementClassAdapter - Adding mock interface to class org/apache/commons/collections/map/UnmodifiableEntrySet$UnmodifiableEntrySetIterator
2024-11-12 13:43:14,227 INFO  CreateClassResetClassAdapter - Creating brand-new static initializer in class org/apache/commons/collections/map/UnmodifiableEntrySet$UnmodifiableEntrySetIterator
2024-11-12 13:43:14,228 INFO  EvoClassLoader - Seeing class for first time: org.apache.commons.collections.iterators.AbstractIteratorDecorator
2024-11-12 13:43:14,228 INFO  EvoClassLoader - Instrumenting class 'org.apache.commons.collections.iterators.AbstractIteratorDecorator'.
2024-11-12 13:43:14,228 INFO  MethodCallReplacementClassAdapter - Adding mock interface to class org/apache/commons/collections/iterators/AbstractIteratorDecorator
2024-11-12 13:43:14,228 INFO  CreateClassResetClassAdapter - Creating brand-new static initializer in class org/apache/commons/collections/iterators/AbstractIteratorDecorator
2024-11-12 13:43:14,228 INFO  EvoClassLoader - Defined package (3): package org.apache.commons.collections.iterators, -1397807280
2024-11-12 13:43:14,228 INFO  EvoClassLoader - Keeping class: org.apache.commons.collections.iterators.AbstractIteratorDecorator
2024-11-12 13:43:14,228 INFO  EvoClassLoader - Keeping class: org.apache.commons.collections.map.UnmodifiableEntrySet$UnmodifiableEntrySetIterator
2024-11-12 13:43:14,229 INFO  EvoClassLoader - Seeing class for first time: org.apache.hadoop.hdfs.qjournal.protocol.QJournalProtocolProtos$DiscardSegmentsResponseProto
2024-11-12 13:43:14,229 INFO  EvoClassLoader - Instrumenting class 'org.apache.hadoop.hdfs.qjournal.protocol.QJournalProtocolProtos$DiscardSegmentsResponseProto'.
2024-11-12 13:43:14,229 INFO  MethodCallReplacementClassAdapter - Adding mock interface to class org/apache/hadoop/hdfs/qjournal/protocol/QJournalProtocolProtos$DiscardSegmentsResponseProto
2024-11-12 13:43:14,229 INFO  CreateClassResetClassAdapter - Found static initializer in class org/apache/hadoop/hdfs/qjournal/protocol/QJournalProtocolProtos$DiscardSegmentsResponseProto
2024-11-12 13:43:14,229 INFO  EvoClassLoader - Seeing class for first time: org.apache.hadoop.hdfs.qjournal.protocol.QJournalProtocolProtos$DiscardSegmentsResponseProtoOrBuilder
2024-11-12 13:43:14,229 INFO  EvoClassLoader - Instrumenting class 'org.apache.hadoop.hdfs.qjournal.protocol.QJournalProtocolProtos$DiscardSegmentsResponseProtoOrBuilder'.
2024-11-12 13:43:14,230 INFO  EvoClassLoader - Keeping class: org.apache.hadoop.hdfs.qjournal.protocol.QJournalProtocolProtos$DiscardSegmentsResponseProtoOrBuilder
2024-11-12 13:43:14,230 INFO  EvoClassLoader - Keeping class: org.apache.hadoop.hdfs.qjournal.protocol.QJournalProtocolProtos$DiscardSegmentsResponseProto
2024-11-12 13:43:14,230 INFO  EvoClassLoader - Seeing class for first time: org.apache.hadoop.hdfs.qjournal.protocol.QJournalProtocolProtos$DiscardSegmentsResponseProto$1
2024-11-12 13:43:14,230 INFO  EvoClassLoader - Instrumenting class 'org.apache.hadoop.hdfs.qjournal.protocol.QJournalProtocolProtos$DiscardSegmentsResponseProto$1'.
2024-11-12 13:43:14,230 INFO  MethodCallReplacementClassAdapter - Adding mock interface to class org/apache/hadoop/hdfs/qjournal/protocol/QJournalProtocolProtos$DiscardSegmentsResponseProto$1
2024-11-12 13:43:14,230 INFO  EvoClassLoader - Keeping class: org.apache.hadoop.hdfs.qjournal.protocol.QJournalProtocolProtos$DiscardSegmentsResponseProto$1
2024-11-12 13:43:14,230 INFO  EvoClassLoader - Seeing class for first time: org.apache.hadoop.hdfs.client.HdfsDataInputStream
2024-11-12 13:43:14,230 INFO  EvoClassLoader - Instrumenting class 'org.apache.hadoop.hdfs.client.HdfsDataInputStream'.
2024-11-12 13:43:14,230 INFO  MethodCallReplacementClassAdapter - Adding mock interface to class org/apache/hadoop/hdfs/client/HdfsDataInputStream
2024-11-12 13:43:14,230 INFO  CreateClassResetClassAdapter - Creating brand-new static initializer in class org/apache/hadoop/hdfs/client/HdfsDataInputStream
2024-11-12 13:43:14,231 INFO  EvoClassLoader - Defined package (3): package org.apache.hadoop.hdfs.client, 2065323101
2024-11-12 13:43:14,231 INFO  EvoClassLoader - Keeping class: org.apache.hadoop.hdfs.client.HdfsDataInputStream
2024-11-12 13:43:14,231 INFO  EvoClassLoader - Seeing class for first time: org.apache.hadoop.crypto.CryptoInputStream
2024-11-12 13:43:14,231 INFO  EvoClassLoader - Instrumenting class 'org.apache.hadoop.crypto.CryptoInputStream'.
2024-11-12 13:43:14,231 INFO  MethodCallReplacementClassAdapter - Adding mock interface to class org/apache/hadoop/crypto/CryptoInputStream
2024-11-12 13:43:14,233 INFO  CreateClassResetClassAdapter - Creating brand-new static initializer in class org/apache/hadoop/crypto/CryptoInputStream
2024-11-12 13:43:14,233 INFO  EvoClassLoader - Defined package (3): package org.apache.hadoop.crypto, -1673217324
2024-11-12 13:43:14,234 INFO  EvoClassLoader - Keeping class: org.apache.hadoop.crypto.CryptoInputStream
2024-11-12 13:43:14,234 INFO  EvoClassLoader - Seeing class for first time: org.apache.hadoop.hdfs.DFSInputStream
2024-11-12 13:43:14,234 INFO  EvoClassLoader - Instrumenting class 'org.apache.hadoop.hdfs.DFSInputStream'.
2024-11-12 13:43:14,235 INFO  MethodCallReplacementClassAdapter - Adding mock interface to class org/apache/hadoop/hdfs/DFSInputStream
2024-11-12 13:43:14,239 INFO  CreateClassResetClassAdapter - Found static initializer in class org/apache/hadoop/hdfs/DFSInputStream
2024-11-12 13:43:14,241 INFO  EvoClassLoader - Keeping class: org.apache.hadoop.hdfs.DFSInputStream
2024-11-12 13:43:14,241 INFO  EvoClassLoader - Seeing class for first time: org.apache.hadoop.hdfs.qjournal.protocol.QJournalProtocolProtos$JournalRequestProto$Builder
2024-11-12 13:43:14,241 INFO  EvoClassLoader - Instrumenting class 'org.apache.hadoop.hdfs.qjournal.protocol.QJournalProtocolProtos$JournalRequestProto$Builder'.
2024-11-12 13:43:14,241 INFO  MethodCallReplacementClassAdapter - Adding mock interface to class org/apache/hadoop/hdfs/qjournal/protocol/QJournalProtocolProtos$JournalRequestProto$Builder
2024-11-12 13:43:14,242 INFO  CreateClassResetClassAdapter - Creating brand-new static initializer in class org/apache/hadoop/hdfs/qjournal/protocol/QJournalProtocolProtos$JournalRequestProto$Builder
2024-11-12 13:43:14,243 INFO  EvoClassLoader - Seeing class for first time: org.apache.hadoop.hdfs.qjournal.protocol.QJournalProtocolProtos$JournalRequestProtoOrBuilder
2024-11-12 13:43:14,243 INFO  EvoClassLoader - Instrumenting class 'org.apache.hadoop.hdfs.qjournal.protocol.QJournalProtocolProtos$JournalRequestProtoOrBuilder'.
2024-11-12 13:43:14,243 INFO  EvoClassLoader - Keeping class: org.apache.hadoop.hdfs.qjournal.protocol.QJournalProtocolProtos$JournalRequestProtoOrBuilder
2024-11-12 13:43:14,243 INFO  EvoClassLoader - Keeping class: org.apache.hadoop.hdfs.qjournal.protocol.QJournalProtocolProtos$JournalRequestProto$Builder
2024-11-12 13:43:14,244 INFO  EvoClassLoader - Seeing class for first time: org.apache.hadoop.hdfs.qjournal.protocol.QJournalProtocolProtos$RequestInfoProto
2024-11-12 13:43:14,244 INFO  EvoClassLoader - Instrumenting class 'org.apache.hadoop.hdfs.qjournal.protocol.QJournalProtocolProtos$RequestInfoProto'.
2024-11-12 13:43:14,244 INFO  MethodCallReplacementClassAdapter - Adding mock interface to class org/apache/hadoop/hdfs/qjournal/protocol/QJournalProtocolProtos$RequestInfoProto
2024-11-12 13:43:14,244 INFO  CreateClassResetClassAdapter - Found static initializer in class org/apache/hadoop/hdfs/qjournal/protocol/QJournalProtocolProtos$RequestInfoProto
2024-11-12 13:43:14,245 INFO  EvoClassLoader - Keeping class: org.apache.hadoop.hdfs.qjournal.protocol.QJournalProtocolProtos$RequestInfoProto
2024-11-12 13:43:14,245 INFO  EvoClassLoader - Seeing class for first time: org.apache.hadoop.fs.ChecksumFileSystem$FSDataBoundedInputStream
2024-11-12 13:43:14,245 INFO  EvoClassLoader - Instrumenting class 'org.apache.hadoop.fs.ChecksumFileSystem$FSDataBoundedInputStream'.
2024-11-12 13:43:14,245 INFO  MethodCallReplacementClassAdapter - Adding mock interface to class org/apache/hadoop/fs/ChecksumFileSystem$FSDataBoundedInputStream
2024-11-12 13:43:14,246 INFO  CreateClassResetClassAdapter - Creating brand-new static initializer in class org/apache/hadoop/fs/ChecksumFileSystem$FSDataBoundedInputStream
2024-11-12 13:43:14,246 INFO  EvoClassLoader - Keeping class: org.apache.hadoop.fs.ChecksumFileSystem$FSDataBoundedInputStream
2024-11-12 13:43:14,246 INFO  EvoClassLoader - Seeing class for first time: org.apache.hadoop.ipc.protobuf.RpcHeaderProtos$RpcResponseHeaderProto$Builder
2024-11-12 13:43:14,246 INFO  EvoClassLoader - Instrumenting class 'org.apache.hadoop.ipc.protobuf.RpcHeaderProtos$RpcResponseHeaderProto$Builder'.
2024-11-12 13:43:14,246 INFO  MethodCallReplacementClassAdapter - Adding mock interface to class org/apache/hadoop/ipc/protobuf/RpcHeaderProtos$RpcResponseHeaderProto$Builder
2024-11-12 13:43:14,247 INFO  CreateClassResetClassAdapter - Creating brand-new static initializer in class org/apache/hadoop/ipc/protobuf/RpcHeaderProtos$RpcResponseHeaderProto$Builder
2024-11-12 13:43:14,247 INFO  EvoClassLoader - Defined package (3): package org.apache.hadoop.ipc.protobuf, -23792400
2024-11-12 13:43:14,248 INFO  EvoClassLoader - Seeing class for first time: org.apache.hadoop.ipc.protobuf.RpcHeaderProtos$RpcResponseHeaderProtoOrBuilder
2024-11-12 13:43:14,248 INFO  EvoClassLoader - Instrumenting class 'org.apache.hadoop.ipc.protobuf.RpcHeaderProtos$RpcResponseHeaderProtoOrBuilder'.
2024-11-12 13:43:14,248 INFO  EvoClassLoader - Keeping class: org.apache.hadoop.ipc.protobuf.RpcHeaderProtos$RpcResponseHeaderProtoOrBuilder
2024-11-12 13:43:14,248 INFO  EvoClassLoader - Keeping class: org.apache.hadoop.ipc.protobuf.RpcHeaderProtos$RpcResponseHeaderProto$Builder
2024-11-12 13:43:14,249 INFO  EvoClassLoader - Seeing class for first time: org.apache.hadoop.hdfs.protocol.proto.HdfsServerProtos$VersionResponseProtoOrBuilder
2024-11-12 13:43:14,249 INFO  EvoClassLoader - Instrumenting class 'org.apache.hadoop.hdfs.protocol.proto.HdfsServerProtos$VersionResponseProtoOrBuilder'.
2024-11-12 13:43:14,249 INFO  EvoClassLoader - Keeping class: org.apache.hadoop.hdfs.protocol.proto.HdfsServerProtos$VersionResponseProtoOrBuilder
2024-11-12 13:43:14,249 INFO  EvoClassLoader - Seeing class for first time: org.apache.hadoop.fs.RawLocalFileSystem$DeprecatedRawLocalFileStatus
2024-11-12 13:43:14,249 INFO  EvoClassLoader - Instrumenting class 'org.apache.hadoop.fs.RawLocalFileSystem$DeprecatedRawLocalFileStatus'.
2024-11-12 13:43:14,249 INFO  MethodCallReplacementClassAdapter - Adding mock interface to class org/apache/hadoop/fs/RawLocalFileSystem$DeprecatedRawLocalFileStatus
2024-11-12 13:43:14,251 INFO  CreateClassResetClassAdapter - Creating brand-new static initializer in class org/apache/hadoop/fs/RawLocalFileSystem$DeprecatedRawLocalFileStatus
2024-11-12 13:43:14,252 INFO  EvoClassLoader - Seeing class for first time: org.apache.hadoop.fs.FileStatus
2024-11-12 13:43:14,252 INFO  EvoClassLoader - Instrumenting class 'org.apache.hadoop.fs.FileStatus'.
2024-11-12 13:43:14,252 INFO  MethodCallReplacementClassAdapter - Adding mock interface to class org/apache/hadoop/fs/FileStatus
2024-11-12 13:43:14,253 INFO  CreateClassResetClassAdapter - Found static initializer in class org/apache/hadoop/fs/FileStatus
2024-11-12 13:43:14,253 INFO  EvoClassLoader - Keeping class: org.apache.hadoop.fs.FileStatus
2024-11-12 13:43:14,253 INFO  EvoClassLoader - Keeping class: org.apache.hadoop.fs.RawLocalFileSystem$DeprecatedRawLocalFileStatus
2024-11-12 13:43:14,254 INFO  EvoClassLoader - Seeing class for first time: org.apache.hadoop.util.Shell$ExitCodeException
2024-11-12 13:43:14,254 INFO  EvoClassLoader - Instrumenting class 'org.apache.hadoop.util.Shell$ExitCodeException'.
2024-11-12 13:43:14,254 INFO  MethodCallReplacementClassAdapter - Adding mock interface to class org/apache/hadoop/util/Shell$ExitCodeException
2024-11-12 13:43:14,254 INFO  CreateClassResetClassAdapter - Creating brand-new static initializer in class org/apache/hadoop/util/Shell$ExitCodeException
2024-11-12 13:43:14,254 INFO  EvoClassLoader - Keeping class: org.apache.hadoop.util.Shell$ExitCodeException
2024-11-12 13:43:14,254 INFO  EvoClassLoader - Seeing class for first time: org.apache.hadoop.fs.BufferedFSInputStream
2024-11-12 13:43:14,254 INFO  EvoClassLoader - Instrumenting class 'org.apache.hadoop.fs.BufferedFSInputStream'.
2024-11-12 13:43:14,255 INFO  MethodCallReplacementClassAdapter - Adding mock interface to class org/apache/hadoop/fs/BufferedFSInputStream
2024-11-12 13:43:14,255 INFO  CreateClassResetClassAdapter - Creating brand-new static initializer in class org/apache/hadoop/fs/BufferedFSInputStream
2024-11-12 13:43:14,255 INFO  EvoClassLoader - Keeping class: org.apache.hadoop.fs.BufferedFSInputStream
2024-11-12 13:43:14,256 INFO  EvoClassLoader - Seeing class for first time: org.apache.hadoop.hdfs.qjournal.protocol.QJournalProtocolProtos$DoRollbackRequestProto
2024-11-12 13:43:14,256 INFO  EvoClassLoader - Instrumenting class 'org.apache.hadoop.hdfs.qjournal.protocol.QJournalProtocolProtos$DoRollbackRequestProto'.
2024-11-12 13:43:14,256 INFO  MethodCallReplacementClassAdapter - Adding mock interface to class org/apache/hadoop/hdfs/qjournal/protocol/QJournalProtocolProtos$DoRollbackRequestProto
2024-11-12 13:43:14,256 INFO  CreateClassResetClassAdapter - Found static initializer in class org/apache/hadoop/hdfs/qjournal/protocol/QJournalProtocolProtos$DoRollbackRequestProto
2024-11-12 13:43:14,257 INFO  EvoClassLoader - Seeing class for first time: org.apache.hadoop.hdfs.qjournal.protocol.QJournalProtocolProtos$DoRollbackRequestProtoOrBuilder
2024-11-12 13:43:14,257 INFO  EvoClassLoader - Instrumenting class 'org.apache.hadoop.hdfs.qjournal.protocol.QJournalProtocolProtos$DoRollbackRequestProtoOrBuilder'.
2024-11-12 13:43:14,257 INFO  EvoClassLoader - Keeping class: org.apache.hadoop.hdfs.qjournal.protocol.QJournalProtocolProtos$DoRollbackRequestProtoOrBuilder
2024-11-12 13:43:14,257 INFO  EvoClassLoader - Keeping class: org.apache.hadoop.hdfs.qjournal.protocol.QJournalProtocolProtos$DoRollbackRequestProto
2024-11-12 13:43:14,257 INFO  EvoClassLoader - Seeing class for first time: org.apache.hadoop.hdfs.qjournal.protocol.QJournalProtocolProtos$JournalIdProtoOrBuilder
2024-11-12 13:43:14,257 INFO  EvoClassLoader - Instrumenting class 'org.apache.hadoop.hdfs.qjournal.protocol.QJournalProtocolProtos$JournalIdProtoOrBuilder'.
2024-11-12 13:43:14,257 INFO  EvoClassLoader - Keeping class: org.apache.hadoop.hdfs.qjournal.protocol.QJournalProtocolProtos$JournalIdProtoOrBuilder
2024-11-12 13:43:14,258 INFO  EvoClassLoader - Seeing class for first time: org.apache.hadoop.hdfs.qjournal.protocol.QJournalProtocolProtos$DoRollbackRequestProto$1
2024-11-12 13:43:14,258 INFO  EvoClassLoader - Instrumenting class 'org.apache.hadoop.hdfs.qjournal.protocol.QJournalProtocolProtos$DoRollbackRequestProto$1'.
2024-11-12 13:43:14,258 INFO  MethodCallReplacementClassAdapter - Adding mock interface to class org/apache/hadoop/hdfs/qjournal/protocol/QJournalProtocolProtos$DoRollbackRequestProto$1
2024-11-12 13:43:14,258 INFO  EvoClassLoader - Keeping class: org.apache.hadoop.hdfs.qjournal.protocol.QJournalProtocolProtos$DoRollbackRequestProto$1
2024-11-12 13:43:14,258 INFO  EvoClassLoader - Seeing class for first time: org.apache.hadoop.io.TestGenericWritable$Bar
2024-11-12 13:43:14,258 INFO  EvoClassLoader - Instrumenting class 'org.apache.hadoop.io.TestGenericWritable$Bar'.
2024-11-12 13:43:14,258 INFO  MethodCallReplacementClassAdapter - Adding mock interface to class org/apache/hadoop/io/TestGenericWritable$Bar
2024-11-12 13:43:14,259 INFO  CreateClassResetClassAdapter - Creating brand-new static initializer in class org/apache/hadoop/io/TestGenericWritable$Bar
2024-11-12 13:43:14,259 INFO  EvoClassLoader - Keeping class: org.apache.hadoop.io.TestGenericWritable$Bar
2024-11-12 13:43:14,259 INFO  EvoClassLoader - Seeing class for first time: org.apache.hadoop.hdfs.qjournal.protocol.QJournalProtocolProtos$DoRollbackResponseProtoOrBuilder
2024-11-12 13:43:14,259 INFO  EvoClassLoader - Instrumenting class 'org.apache.hadoop.hdfs.qjournal.protocol.QJournalProtocolProtos$DoRollbackResponseProtoOrBuilder'.
2024-11-12 13:43:14,259 INFO  EvoClassLoader - Keeping class: org.apache.hadoop.hdfs.qjournal.protocol.QJournalProtocolProtos$DoRollbackResponseProtoOrBuilder
2024-11-12 13:43:14,259 INFO  EvoClassLoader - Seeing class for first time: org.apache.hadoop.hdfs.server.datanode.StorageLocation
2024-11-12 13:43:14,259 INFO  EvoClassLoader - Instrumenting class 'org.apache.hadoop.hdfs.server.datanode.StorageLocation'.
2024-11-12 13:43:14,260 INFO  MethodCallReplacementClassAdapter - Adding mock interface to class org/apache/hadoop/hdfs/server/datanode/StorageLocation
2024-11-12 13:43:14,263 INFO  CreateClassResetClassAdapter - Found static initializer in class org/apache/hadoop/hdfs/server/datanode/StorageLocation
2024-11-12 13:43:14,264 INFO  EvoClassLoader - Seeing class for first time: org.apache.hadoop.hdfs.server.datanode.checker.Checkable
2024-11-12 13:43:14,264 INFO  EvoClassLoader - Instrumenting class 'org.apache.hadoop.hdfs.server.datanode.checker.Checkable'.
2024-11-12 13:43:14,264 INFO  EvoClassLoader - Defined package (3): package org.apache.hadoop.hdfs.server.datanode.checker, 661882220
2024-11-12 13:43:14,264 INFO  EvoClassLoader - Keeping class: org.apache.hadoop.hdfs.server.datanode.checker.Checkable
2024-11-12 13:43:14,264 INFO  EvoClassLoader - Keeping class: org.apache.hadoop.hdfs.server.datanode.StorageLocation
2024-11-12 13:43:14,265 INFO  EvoClassLoader - Seeing class for first time: org.apache.hadoop.hdfs.HdfsConfiguration
2024-11-12 13:43:14,265 INFO  EvoClassLoader - Instrumenting class 'org.apache.hadoop.hdfs.HdfsConfiguration'.
2024-11-12 13:43:14,265 INFO  MethodCallReplacementClassAdapter - Adding mock interface to class org/apache/hadoop/hdfs/HdfsConfiguration
2024-11-12 13:43:14,265 INFO  CreateClassResetClassAdapter - Found static initializer in class org/apache/hadoop/hdfs/HdfsConfiguration
2024-11-12 13:43:14,265 INFO  EvoClassLoader - Keeping class: org.apache.hadoop.hdfs.HdfsConfiguration
2024-11-12 13:43:14,266 INFO  EvoClassLoader - Seeing class for first time: org.apache.hadoop.hdfs.server.datanode.DataNode$1
2024-11-12 13:43:14,266 INFO  EvoClassLoader - Instrumenting class 'org.apache.hadoop.hdfs.server.datanode.DataNode$1'.
2024-11-12 13:43:14,266 INFO  MethodCallReplacementClassAdapter - Adding mock interface to class org/apache/hadoop/hdfs/server/datanode/DataNode$1
2024-11-12 13:43:14,266 INFO  EvoClassLoader - Seeing class for first time: org.apache.hadoop.thirdparty.com.google.common.cache.CacheLoader
2024-11-12 13:43:14,266 INFO  EvoClassLoader - Instrumenting class 'org.apache.hadoop.thirdparty.com.google.common.cache.CacheLoader'.
2024-11-12 13:43:14,266 INFO  MethodCallReplacementClassAdapter - Adding mock interface to class org/apache/hadoop/thirdparty/com/google/common/cache/CacheLoader
2024-11-12 13:43:14,272 INFO  CreateClassResetClassAdapter - Creating brand-new static initializer in class org/apache/hadoop/thirdparty/com/google/common/cache/CacheLoader
2024-11-12 13:43:14,272 INFO  EvoClassLoader - Defined package (3): package org.apache.hadoop.thirdparty.com.google.common.cache, 946697195
2024-11-12 13:43:14,272 INFO  EvoClassLoader - Keeping class: org.apache.hadoop.thirdparty.com.google.common.cache.CacheLoader
2024-11-12 13:43:14,272 INFO  EvoClassLoader - Keeping class: org.apache.hadoop.hdfs.server.datanode.DataNode$1
2024-11-12 13:43:14,272 INFO  EvoClassLoader - Seeing class for first time: org.apache.hadoop.thirdparty.com.google.common.cache.CacheLoader$SupplierToCacheLoader
2024-11-12 13:43:14,272 INFO  EvoClassLoader - Instrumenting class 'org.apache.hadoop.thirdparty.com.google.common.cache.CacheLoader$SupplierToCacheLoader'.
2024-11-12 13:43:14,272 INFO  MethodCallReplacementClassAdapter - Adding mock interface to class org/apache/hadoop/thirdparty/com/google/common/cache/CacheLoader$SupplierToCacheLoader
2024-11-12 13:43:14,272 INFO  CreateClassResetClassAdapter - Creating brand-new static initializer in class org/apache/hadoop/thirdparty/com/google/common/cache/CacheLoader$SupplierToCacheLoader
2024-11-12 13:43:14,272 INFO  EvoClassLoader - Keeping class: org.apache.hadoop.thirdparty.com.google.common.cache.CacheLoader$SupplierToCacheLoader
2024-11-12 13:43:14,272 INFO  EvoClassLoader - Seeing class for first time: org.apache.hadoop.thirdparty.com.google.common.cache.CacheLoader$FunctionToCacheLoader
2024-11-12 13:43:14,272 INFO  EvoClassLoader - Instrumenting class 'org.apache.hadoop.thirdparty.com.google.common.cache.CacheLoader$FunctionToCacheLoader'.
2024-11-12 13:43:14,272 INFO  MethodCallReplacementClassAdapter - Adding mock interface to class org/apache/hadoop/thirdparty/com/google/common/cache/CacheLoader$FunctionToCacheLoader
2024-11-12 13:43:14,273 INFO  CreateClassResetClassAdapter - Creating brand-new static initializer in class org/apache/hadoop/thirdparty/com/google/common/cache/CacheLoader$FunctionToCacheLoader
2024-11-12 13:43:14,273 INFO  EvoClassLoader - Keeping class: org.apache.hadoop.thirdparty.com.google.common.cache.CacheLoader$FunctionToCacheLoader
2024-11-12 13:43:14,273 INFO  EvoClassLoader - Seeing class for first time: org.apache.hadoop.thirdparty.com.google.common.cache.CacheLoader$UnsupportedLoadingOperationException
2024-11-12 13:43:14,273 INFO  EvoClassLoader - Instrumenting class 'org.apache.hadoop.thirdparty.com.google.common.cache.CacheLoader$UnsupportedLoadingOperationException'.
2024-11-12 13:43:14,273 INFO  MethodCallReplacementClassAdapter - Adding mock interface to class org/apache/hadoop/thirdparty/com/google/common/cache/CacheLoader$UnsupportedLoadingOperationException
2024-11-12 13:43:14,273 INFO  CreateClassResetClassAdapter - Creating brand-new static initializer in class org/apache/hadoop/thirdparty/com/google/common/cache/CacheLoader$UnsupportedLoadingOperationException
2024-11-12 13:43:14,273 INFO  EvoClassLoader - Keeping class: org.apache.hadoop.thirdparty.com.google.common.cache.CacheLoader$UnsupportedLoadingOperationException
2024-11-12 13:43:14,273 INFO  EvoClassLoader - Seeing class for first time: org.apache.hadoop.thirdparty.com.google.common.cache.CacheLoader$1
2024-11-12 13:43:14,273 INFO  EvoClassLoader - Instrumenting class 'org.apache.hadoop.thirdparty.com.google.common.cache.CacheLoader$1'.
2024-11-12 13:43:14,273 INFO  MethodCallReplacementClassAdapter - Adding mock interface to class org/apache/hadoop/thirdparty/com/google/common/cache/CacheLoader$1
2024-11-12 13:43:14,273 INFO  EvoClassLoader - Keeping class: org.apache.hadoop.thirdparty.com.google.common.cache.CacheLoader$1
2024-11-12 13:43:14,273 INFO  EvoClassLoader - Seeing class for first time: org.apache.hadoop.io.TestGenericWritable$Baz
2024-11-12 13:43:14,273 INFO  EvoClassLoader - Instrumenting class 'org.apache.hadoop.io.TestGenericWritable$Baz'.
2024-11-12 13:43:14,274 INFO  MethodCallReplacementClassAdapter - Adding mock interface to class org/apache/hadoop/io/TestGenericWritable$Baz
2024-11-12 13:43:14,274 INFO  CreateClassResetClassAdapter - Creating brand-new static initializer in class org/apache/hadoop/io/TestGenericWritable$Baz
2024-11-12 13:43:14,274 INFO  EvoClassLoader - Keeping class: org.apache.hadoop.io.TestGenericWritable$Baz
2024-11-12 13:43:14,274 INFO  EvoClassLoader - Seeing class for first time: org.apache.hadoop.hdfs.server.datanode.DataNode$5
2024-11-12 13:43:14,274 INFO  EvoClassLoader - Instrumenting class 'org.apache.hadoop.hdfs.server.datanode.DataNode$5'.
2024-11-12 13:43:14,274 INFO  MethodCallReplacementClassAdapter - Adding mock interface to class org/apache/hadoop/hdfs/server/datanode/DataNode$5
2024-11-12 13:43:14,274 INFO  EvoClassLoader - Keeping class: org.apache.hadoop.hdfs.server.datanode.DataNode$5
2024-11-12 13:43:14,274 INFO  EvoClassLoader - Seeing class for first time: org.apache.hadoop.hdfs.server.datanode.BlockPoolManager
2024-11-12 13:43:14,274 INFO  EvoClassLoader - Instrumenting class 'org.apache.hadoop.hdfs.server.datanode.BlockPoolManager'.
2024-11-12 13:43:14,275 INFO  MethodCallReplacementClassAdapter - Adding mock interface to class org/apache/hadoop/hdfs/server/datanode/BlockPoolManager
2024-11-12 13:43:14,276 INFO  CreateClassResetClassAdapter - Found static initializer in class org/apache/hadoop/hdfs/server/datanode/BlockPoolManager
2024-11-12 13:43:14,277 INFO  EvoClassLoader - Keeping class: org.apache.hadoop.hdfs.server.datanode.BlockPoolManager
2024-11-12 13:43:14,277 INFO  EvoClassLoader - Seeing class for first time: org.apache.hadoop.hdfs.server.datanode.DataNode
2024-11-12 13:43:14,277 INFO  EvoClassLoader - Instrumenting class 'org.apache.hadoop.hdfs.server.datanode.DataNode'.
2024-11-12 13:43:14,278 INFO  MethodCallReplacementClassAdapter - Adding mock interface to class org/apache/hadoop/hdfs/server/datanode/DataNode
2024-11-12 13:43:14,291 INFO  CreateClassResetClassAdapter - Found static initializer in class org/apache/hadoop/hdfs/server/datanode/DataNode
2024-11-12 13:43:14,296 INFO  EvoClassLoader - Seeing class for first time: org.apache.hadoop.hdfs.server.protocol.InterDatanodeProtocol
2024-11-12 13:43:14,296 INFO  EvoClassLoader - Instrumenting class 'org.apache.hadoop.hdfs.server.protocol.InterDatanodeProtocol'.
2024-11-12 13:43:14,296 INFO  EvoClassLoader - Keeping class: org.apache.hadoop.hdfs.server.protocol.InterDatanodeProtocol
2024-11-12 13:43:14,296 INFO  EvoClassLoader - Seeing class for first time: org.apache.hadoop.hdfs.protocol.ClientDatanodeProtocol
2024-11-12 13:43:14,296 INFO  EvoClassLoader - Instrumenting class 'org.apache.hadoop.hdfs.protocol.ClientDatanodeProtocol'.
2024-11-12 13:43:14,297 INFO  EvoClassLoader - Keeping class: org.apache.hadoop.hdfs.protocol.ClientDatanodeProtocol
2024-11-12 13:43:14,297 INFO  EvoClassLoader - Seeing class for first time: org.apache.hadoop.hdfs.server.datanode.DataNodeMXBean
2024-11-12 13:43:14,297 INFO  EvoClassLoader - Instrumenting class 'org.apache.hadoop.hdfs.server.datanode.DataNodeMXBean'.
2024-11-12 13:43:14,297 INFO  EvoClassLoader - Keeping class: org.apache.hadoop.hdfs.server.datanode.DataNodeMXBean
2024-11-12 13:43:14,297 INFO  EvoClassLoader - Seeing class for first time: org.apache.hadoop.hdfs.protocol.ReconfigurationProtocol
2024-11-12 13:43:14,297 INFO  EvoClassLoader - Instrumenting class 'org.apache.hadoop.hdfs.protocol.ReconfigurationProtocol'.
2024-11-12 13:43:14,297 INFO  EvoClassLoader - Keeping class: org.apache.hadoop.hdfs.protocol.ReconfigurationProtocol
2024-11-12 13:43:14,298 INFO  EvoClassLoader - Seeing class for first time: org.apache.hadoop.conf.ReconfigurableBase
2024-11-12 13:43:14,298 INFO  EvoClassLoader - Instrumenting class 'org.apache.hadoop.conf.ReconfigurableBase'.
2024-11-12 13:43:14,298 INFO  MethodCallReplacementClassAdapter - Adding mock interface to class org/apache/hadoop/conf/ReconfigurableBase
2024-11-12 13:43:14,299 INFO  CreateClassResetClassAdapter - Found static initializer in class org/apache/hadoop/conf/ReconfigurableBase
2024-11-12 13:43:14,299 INFO  EvoClassLoader - Seeing class for first time: org.apache.hadoop.conf.Reconfigurable
2024-11-12 13:43:14,299 INFO  EvoClassLoader - Instrumenting class 'org.apache.hadoop.conf.Reconfigurable'.
2024-11-12 13:43:14,299 INFO  EvoClassLoader - Keeping class: org.apache.hadoop.conf.Reconfigurable
2024-11-12 13:43:14,299 INFO  EvoClassLoader - Keeping class: org.apache.hadoop.conf.ReconfigurableBase
2024-11-12 13:43:14,299 INFO  EvoClassLoader - Keeping class: org.apache.hadoop.hdfs.server.datanode.DataNode
2024-11-12 13:43:14,300 INFO  EvoClassLoader - Seeing class for first time: org.apache.hadoop.conf.ReconfigurableBase$ReconfigurationThread
2024-11-12 13:43:14,300 INFO  EvoClassLoader - Instrumenting class 'org.apache.hadoop.conf.ReconfigurableBase$ReconfigurationThread'.
2024-11-12 13:43:14,300 INFO  MethodCallReplacementClassAdapter - Adding mock interface to class org/apache/hadoop/conf/ReconfigurableBase$ReconfigurationThread
2024-11-12 13:43:14,300 INFO  CreateClassResetClassAdapter - Creating brand-new static initializer in class org/apache/hadoop/conf/ReconfigurableBase$ReconfigurationThread
2024-11-12 13:43:14,301 INFO  EvoClassLoader - Keeping class: org.apache.hadoop.conf.ReconfigurableBase$ReconfigurationThread
2024-11-12 13:43:14,301 INFO  EvoClassLoader - Seeing class for first time: org.apache.hadoop.conf.ReconfigurationException
2024-11-12 13:43:14,301 INFO  EvoClassLoader - Instrumenting class 'org.apache.hadoop.conf.ReconfigurationException'.
2024-11-12 13:43:14,301 INFO  MethodCallReplacementClassAdapter - Adding mock interface to class org/apache/hadoop/conf/ReconfigurationException
2024-11-12 13:43:14,301 INFO  CreateClassResetClassAdapter - Creating brand-new static initializer in class org/apache/hadoop/conf/ReconfigurationException
2024-11-12 13:43:14,301 INFO  EvoClassLoader - Keeping class: org.apache.hadoop.conf.ReconfigurationException
2024-11-12 13:43:14,301 INFO  EvoClassLoader - Seeing class for first time: org.apache.hadoop.hdfs.server.diskbalancer.DiskBalancerException
2024-11-12 13:43:14,301 INFO  EvoClassLoader - Instrumenting class 'org.apache.hadoop.hdfs.server.diskbalancer.DiskBalancerException'.
2024-11-12 13:43:14,301 INFO  MethodCallReplacementClassAdapter - Adding mock interface to class org/apache/hadoop/hdfs/server/diskbalancer/DiskBalancerException
2024-11-12 13:43:14,301 INFO  CreateClassResetClassAdapter - Creating brand-new static initializer in class org/apache/hadoop/hdfs/server/diskbalancer/DiskBalancerException
2024-11-12 13:43:14,301 INFO  EvoClassLoader - Defined package (3): package org.apache.hadoop.hdfs.server.diskbalancer, 1129990956
2024-11-12 13:43:14,301 INFO  EvoClassLoader - Keeping class: org.apache.hadoop.hdfs.server.diskbalancer.DiskBalancerException
2024-11-12 13:43:14,302 INFO  EvoClassLoader - Seeing class for first time: org.apache.hadoop.hdfs.server.datanode.fsdataset.impl.AddBlockPoolException
2024-11-12 13:43:14,302 INFO  EvoClassLoader - Instrumenting class 'org.apache.hadoop.hdfs.server.datanode.fsdataset.impl.AddBlockPoolException'.
2024-11-12 13:43:14,302 INFO  MethodCallReplacementClassAdapter - Adding mock interface to class org/apache/hadoop/hdfs/server/datanode/fsdataset/impl/AddBlockPoolException
2024-11-12 13:43:14,303 INFO  CreateClassResetClassAdapter - Creating brand-new static initializer in class org/apache/hadoop/hdfs/server/datanode/fsdataset/impl/AddBlockPoolException
2024-11-12 13:43:14,303 INFO  EvoClassLoader - Defined package (3): package org.apache.hadoop.hdfs.server.datanode.fsdataset.impl, -115281524
2024-11-12 13:43:14,303 INFO  EvoClassLoader - Keeping class: org.apache.hadoop.hdfs.server.datanode.fsdataset.impl.AddBlockPoolException
2024-11-12 13:43:14,303 INFO  EvoClassLoader - Seeing class for first time: org.apache.hadoop.HadoopIllegalArgumentException
2024-11-12 13:43:14,303 INFO  EvoClassLoader - Instrumenting class 'org.apache.hadoop.HadoopIllegalArgumentException'.
2024-11-12 13:43:14,303 INFO  MethodCallReplacementClassAdapter - Adding mock interface to class org/apache/hadoop/HadoopIllegalArgumentException
2024-11-12 13:43:14,303 INFO  CreateClassResetClassAdapter - Creating brand-new static initializer in class org/apache/hadoop/HadoopIllegalArgumentException
2024-11-12 13:43:14,303 INFO  EvoClassLoader - Defined package (3): package org.apache.hadoop, 975885115
2024-11-12 13:43:14,303 INFO  EvoClassLoader - Keeping class: org.apache.hadoop.HadoopIllegalArgumentException
2024-11-12 13:43:14,305 INFO  EvoClassLoader - Seeing class for first time: org.apache.hadoop.hdfs.protocol.proto.ClientDatanodeProtocolProtos$ClientDatanodeProtocolService$BlockingInterface
2024-11-12 13:43:14,305 INFO  EvoClassLoader - Instrumenting class 'org.apache.hadoop.hdfs.protocol.proto.ClientDatanodeProtocolProtos$ClientDatanodeProtocolService$BlockingInterface'.
2024-11-12 13:43:14,306 INFO  EvoClassLoader - Keeping class: org.apache.hadoop.hdfs.protocol.proto.ClientDatanodeProtocolProtos$ClientDatanodeProtocolService$BlockingInterface
2024-11-12 13:43:14,306 INFO  EvoClassLoader - Seeing class for first time: org.apache.hadoop.security.token.SecretManager
2024-11-12 13:43:14,306 INFO  EvoClassLoader - Instrumenting class 'org.apache.hadoop.security.token.SecretManager'.
2024-11-12 13:43:14,306 INFO  MethodCallReplacementClassAdapter - Adding mock interface to class org/apache/hadoop/security/token/SecretManager
2024-11-12 13:43:14,307 INFO  CreateClassResetClassAdapter - Found static initializer in class org/apache/hadoop/security/token/SecretManager
2024-11-12 13:43:14,308 INFO  EvoClassLoader - Keeping class: org.apache.hadoop.security.token.SecretManager
2024-11-12 13:43:14,308 INFO  EvoClassLoader - Seeing class for first time: org.apache.hadoop.hdfs.security.token.block.BlockPoolTokenSecretManager
2024-11-12 13:43:14,308 INFO  EvoClassLoader - Instrumenting class 'org.apache.hadoop.hdfs.security.token.block.BlockPoolTokenSecretManager'.
2024-11-12 13:43:14,308 INFO  MethodCallReplacementClassAdapter - Adding mock interface to class org/apache/hadoop/hdfs/security/token/block/BlockPoolTokenSecretManager
2024-11-12 13:43:14,308 INFO  CreateClassResetClassAdapter - Creating brand-new static initializer in class org/apache/hadoop/hdfs/security/token/block/BlockPoolTokenSecretManager
2024-11-12 13:43:14,308 INFO  EvoClassLoader - Defined package (3): package org.apache.hadoop.hdfs.security.token.block, 2046137276
2024-11-12 13:43:14,309 INFO  EvoClassLoader - Keeping class: org.apache.hadoop.hdfs.security.token.block.BlockPoolTokenSecretManager
2024-11-12 13:43:14,309 INFO  EvoClassLoader - Seeing class for first time: org.apache.hadoop.hdfs.protocol.proto.ReconfigurationProtocolProtos$ReconfigurationProtocolService$BlockingInterface
2024-11-12 13:43:14,309 INFO  EvoClassLoader - Instrumenting class 'org.apache.hadoop.hdfs.protocol.proto.ReconfigurationProtocolProtos$ReconfigurationProtocolService$BlockingInterface'.
2024-11-12 13:43:14,309 INFO  EvoClassLoader - Keeping class: org.apache.hadoop.hdfs.protocol.proto.ReconfigurationProtocolProtos$ReconfigurationProtocolService$BlockingInterface
2024-11-12 13:43:14,309 INFO  EvoClassLoader - Seeing class for first time: org.apache.hadoop.hdfs.protocol.proto.InterDatanodeProtocolProtos$InterDatanodeProtocolService$BlockingInterface
2024-11-12 13:43:14,309 INFO  EvoClassLoader - Instrumenting class 'org.apache.hadoop.hdfs.protocol.proto.InterDatanodeProtocolProtos$InterDatanodeProtocolService$BlockingInterface'.
2024-11-12 13:43:14,309 INFO  EvoClassLoader - Keeping class: org.apache.hadoop.hdfs.protocol.proto.InterDatanodeProtocolProtos$InterDatanodeProtocolService$BlockingInterface
2024-11-12 13:43:14,309 INFO  EvoClassLoader - Seeing class for first time: org.apache.hadoop.security.authorize.PolicyProvider
2024-11-12 13:43:14,309 INFO  EvoClassLoader - Instrumenting class 'org.apache.hadoop.security.authorize.PolicyProvider'.
2024-11-12 13:43:14,309 INFO  MethodCallReplacementClassAdapter - Adding mock interface to class org/apache/hadoop/security/authorize/PolicyProvider
2024-11-12 13:43:14,309 INFO  CreateClassResetClassAdapter - Found static initializer in class org/apache/hadoop/security/authorize/PolicyProvider
2024-11-12 13:43:14,310 INFO  EvoClassLoader - Defined package (3): package org.apache.hadoop.security.authorize, 1538066510
2024-11-12 13:43:14,310 INFO  EvoClassLoader - Keeping class: org.apache.hadoop.security.authorize.PolicyProvider
2024-11-12 13:43:14,310 INFO  EvoClassLoader - Seeing class for first time: org.apache.hadoop.hdfs.HDFSPolicyProvider
2024-11-12 13:43:14,310 INFO  EvoClassLoader - Instrumenting class 'org.apache.hadoop.hdfs.HDFSPolicyProvider'.
2024-11-12 13:43:14,310 INFO  MethodCallReplacementClassAdapter - Adding mock interface to class org/apache/hadoop/hdfs/HDFSPolicyProvider
2024-11-12 13:43:14,310 INFO  CreateClassResetClassAdapter - Found static initializer in class org/apache/hadoop/hdfs/HDFSPolicyProvider
2024-11-12 13:43:14,310 INFO  EvoClassLoader - Keeping class: org.apache.hadoop.hdfs.HDFSPolicyProvider
2024-11-12 13:43:14,310 INFO  EvoClassLoader - Seeing class for first time: org.apache.hadoop.hdfs.server.datanode.DiskBalancer$BlockMover
2024-11-12 13:43:14,310 INFO  EvoClassLoader - Instrumenting class 'org.apache.hadoop.hdfs.server.datanode.DiskBalancer$BlockMover'.
2024-11-12 13:43:14,310 INFO  EvoClassLoader - Keeping class: org.apache.hadoop.hdfs.server.datanode.DiskBalancer$BlockMover
2024-11-12 13:43:14,310 INFO  EvoClassLoader - Seeing class for first time: org.apache.hadoop.hdfs.net.PeerServer
2024-11-12 13:43:14,310 INFO  EvoClassLoader - Instrumenting class 'org.apache.hadoop.hdfs.net.PeerServer'.
2024-11-12 13:43:14,311 INFO  EvoClassLoader - Defined package (3): package org.apache.hadoop.hdfs.net, -1603378613
2024-11-12 13:43:14,311 INFO  EvoClassLoader - Keeping class: org.apache.hadoop.hdfs.net.PeerServer
2024-11-12 13:43:14,311 INFO  EvoClassLoader - Seeing class for first time: org.apache.hadoop.hdfs.server.protocol.DatanodeRegistration
2024-11-12 13:43:14,311 INFO  EvoClassLoader - Instrumenting class 'org.apache.hadoop.hdfs.server.protocol.DatanodeRegistration'.
2024-11-12 13:43:14,311 INFO  MethodCallReplacementClassAdapter - Adding mock interface to class org/apache/hadoop/hdfs/server/protocol/DatanodeRegistration
2024-11-12 13:43:14,311 INFO  CreateClassResetClassAdapter - Creating brand-new static initializer in class org/apache/hadoop/hdfs/server/protocol/DatanodeRegistration
2024-11-12 13:43:14,311 INFO  EvoClassLoader - Seeing class for first time: org.apache.hadoop.hdfs.server.protocol.NodeRegistration
2024-11-12 13:43:14,311 INFO  EvoClassLoader - Instrumenting class 'org.apache.hadoop.hdfs.server.protocol.NodeRegistration'.
2024-11-12 13:43:14,311 INFO  EvoClassLoader - Keeping class: org.apache.hadoop.hdfs.server.protocol.NodeRegistration
2024-11-12 13:43:14,312 INFO  EvoClassLoader - Keeping class: org.apache.hadoop.hdfs.server.protocol.DatanodeRegistration
2024-11-12 13:43:14,312 INFO  EvoClassLoader - Seeing class for first time: org.apache.hadoop.hdfs.server.datanode.DataNode$ShortCircuitFdsUnsupportedException
2024-11-12 13:43:14,312 INFO  EvoClassLoader - Instrumenting class 'org.apache.hadoop.hdfs.server.datanode.DataNode$ShortCircuitFdsUnsupportedException'.
2024-11-12 13:43:14,312 INFO  MethodCallReplacementClassAdapter - Adding mock interface to class org/apache/hadoop/hdfs/server/datanode/DataNode$ShortCircuitFdsUnsupportedException
2024-11-12 13:43:14,312 INFO  CreateClassResetClassAdapter - Creating brand-new static initializer in class org/apache/hadoop/hdfs/server/datanode/DataNode$ShortCircuitFdsUnsupportedException
2024-11-12 13:43:14,312 INFO  EvoClassLoader - Keeping class: org.apache.hadoop.hdfs.server.datanode.DataNode$ShortCircuitFdsUnsupportedException
2024-11-12 13:43:14,312 INFO  EvoClassLoader - Seeing class for first time: org.apache.hadoop.hdfs.server.datanode.DataNode$ShortCircuitFdsVersionException
2024-11-12 13:43:14,312 INFO  EvoClassLoader - Instrumenting class 'org.apache.hadoop.hdfs.server.datanode.DataNode$ShortCircuitFdsVersionException'.
2024-11-12 13:43:14,312 INFO  MethodCallReplacementClassAdapter - Adding mock interface to class org/apache/hadoop/hdfs/server/datanode/DataNode$ShortCircuitFdsVersionException
2024-11-12 13:43:14,312 INFO  CreateClassResetClassAdapter - Creating brand-new static initializer in class org/apache/hadoop/hdfs/server/datanode/DataNode$ShortCircuitFdsVersionException
2024-11-12 13:43:14,312 INFO  EvoClassLoader - Keeping class: org.apache.hadoop.hdfs.server.datanode.DataNode$ShortCircuitFdsVersionException
2024-11-12 13:43:14,312 INFO  EvoClassLoader - Seeing class for first time: org.apache.hadoop.hdfs.server.datanode.ReplicaNotFoundException
2024-11-12 13:43:14,312 INFO  EvoClassLoader - Instrumenting class 'org.apache.hadoop.hdfs.server.datanode.ReplicaNotFoundException'.
2024-11-12 13:43:14,313 INFO  MethodCallReplacementClassAdapter - Adding mock interface to class org/apache/hadoop/hdfs/server/datanode/ReplicaNotFoundException
2024-11-12 13:43:14,313 INFO  CreateClassResetClassAdapter - Creating brand-new static initializer in class org/apache/hadoop/hdfs/server/datanode/ReplicaNotFoundException
2024-11-12 13:43:14,313 INFO  CreateClassResetClassAdapter - Adding bytecode for initializing field NON_RBW_REPLICA
2024-11-12 13:43:14,313 INFO  CreateClassResetClassAdapter - Adding bytecode for initializing field UNFINALIZED_REPLICA
2024-11-12 13:43:14,313 INFO  CreateClassResetClassAdapter - Adding bytecode for initializing field UNFINALIZED_AND_NONRBW_REPLICA
2024-11-12 13:43:14,313 INFO  CreateClassResetClassAdapter - Adding bytecode for initializing field NON_EXISTENT_REPLICA
2024-11-12 13:43:14,313 INFO  CreateClassResetClassAdapter - Adding bytecode for initializing field UNEXPECTED_GS_REPLICA
2024-11-12 13:43:14,313 INFO  CreateClassResetClassAdapter - Adding bytecode for initializing field POSSIBLE_ROOT_CAUSE_MSG
2024-11-12 13:43:14,313 INFO  EvoClassLoader - Keeping class: org.apache.hadoop.hdfs.server.datanode.ReplicaNotFoundException
2024-11-12 13:43:14,313 INFO  EvoClassLoader - Seeing class for first time: org.apache.hadoop.hdfs.server.datanode.UnexpectedReplicaStateException
2024-11-12 13:43:14,313 INFO  EvoClassLoader - Instrumenting class 'org.apache.hadoop.hdfs.server.datanode.UnexpectedReplicaStateException'.
2024-11-12 13:43:14,313 INFO  MethodCallReplacementClassAdapter - Adding mock interface to class org/apache/hadoop/hdfs/server/datanode/UnexpectedReplicaStateException
2024-11-12 13:43:14,313 INFO  CreateClassResetClassAdapter - Creating brand-new static initializer in class org/apache/hadoop/hdfs/server/datanode/UnexpectedReplicaStateException
2024-11-12 13:43:14,313 INFO  EvoClassLoader - Keeping class: org.apache.hadoop.hdfs.server.datanode.UnexpectedReplicaStateException
2024-11-12 13:43:14,313 INFO  EvoClassLoader - Seeing class for first time: org.apache.hadoop.hdfs.protocol.datatransfer.sasl.DataEncryptionKeyFactory
2024-11-12 13:43:14,313 INFO  EvoClassLoader - Instrumenting class 'org.apache.hadoop.hdfs.protocol.datatransfer.sasl.DataEncryptionKeyFactory'.
2024-11-12 13:43:14,313 INFO  EvoClassLoader - Defined package (3): package org.apache.hadoop.hdfs.protocol.datatransfer.sasl, 575598492
2024-11-12 13:43:14,313 INFO  EvoClassLoader - Keeping class: org.apache.hadoop.hdfs.protocol.datatransfer.sasl.DataEncryptionKeyFactory
2024-11-12 13:43:14,314 INFO  EvoClassLoader - Seeing class for first time: org.apache.hadoop.ipc.RetriableException
2024-11-12 13:43:14,314 INFO  EvoClassLoader - Instrumenting class 'org.apache.hadoop.ipc.RetriableException'.
2024-11-12 13:43:14,314 INFO  MethodCallReplacementClassAdapter - Adding mock interface to class org/apache/hadoop/ipc/RetriableException
2024-11-12 13:43:14,314 INFO  CreateClassResetClassAdapter - Creating brand-new static initializer in class org/apache/hadoop/ipc/RetriableException
2024-11-12 13:43:14,314 INFO  EvoClassLoader - Defined package (3): package org.apache.hadoop.ipc, -1243660567
2024-11-12 13:43:14,314 INFO  EvoClassLoader - Keeping class: org.apache.hadoop.ipc.RetriableException
2024-11-12 13:43:14,314 INFO  EvoClassLoader - Seeing class for first time: org.apache.hadoop.util.AutoCloseableLock
2024-11-12 13:43:14,314 INFO  EvoClassLoader - Instrumenting class 'org.apache.hadoop.util.AutoCloseableLock'.
2024-11-12 13:43:14,314 INFO  MethodCallReplacementClassAdapter - Adding mock interface to class org/apache/hadoop/util/AutoCloseableLock
2024-11-12 13:43:14,314 INFO  CreateClassResetClassAdapter - Creating brand-new static initializer in class org/apache/hadoop/util/AutoCloseableLock
2024-11-12 13:43:14,314 INFO  EvoClassLoader - Keeping class: org.apache.hadoop.util.AutoCloseableLock
2024-11-12 13:43:14,314 INFO  EvoClassLoader - Seeing class for first time: org.apache.hadoop.hdfs.server.common.AutoCloseDataSetLock
2024-11-12 13:43:14,314 INFO  EvoClassLoader - Instrumenting class 'org.apache.hadoop.hdfs.server.common.AutoCloseDataSetLock'.
2024-11-12 13:43:14,314 INFO  MethodCallReplacementClassAdapter - Adding mock interface to class org/apache/hadoop/hdfs/server/common/AutoCloseDataSetLock
2024-11-12 13:43:14,314 INFO  CreateClassResetClassAdapter - Creating brand-new static initializer in class org/apache/hadoop/hdfs/server/common/AutoCloseDataSetLock
2024-11-12 13:43:14,315 INFO  EvoClassLoader - Keeping class: org.apache.hadoop.hdfs.server.common.AutoCloseDataSetLock
2024-11-12 13:43:14,316 INFO  EvoClassLoader - Seeing class for first time: org.apache.commons.collections.map.UnmodifiableEntrySet
2024-11-12 13:43:14,316 INFO  EvoClassLoader - Instrumenting class 'org.apache.commons.collections.map.UnmodifiableEntrySet'.
2024-11-12 13:43:14,316 INFO  MethodCallReplacementClassAdapter - Adding mock interface to class org/apache/commons/collections/map/UnmodifiableEntrySet
2024-11-12 13:43:14,316 INFO  CreateClassResetClassAdapter - Creating brand-new static initializer in class org/apache/commons/collections/map/UnmodifiableEntrySet
2024-11-12 13:43:14,316 INFO  EvoClassLoader - Seeing class for first time: org.apache.commons.collections.set.AbstractSetDecorator
2024-11-12 13:43:14,316 INFO  EvoClassLoader - Instrumenting class 'org.apache.commons.collections.set.AbstractSetDecorator'.
2024-11-12 13:43:14,316 INFO  MethodCallReplacementClassAdapter - Adding mock interface to class org/apache/commons/collections/set/AbstractSetDecorator
2024-11-12 13:43:14,316 INFO  CreateClassResetClassAdapter - Creating brand-new static initializer in class org/apache/commons/collections/set/AbstractSetDecorator
2024-11-12 13:43:14,316 INFO  EvoClassLoader - Defined package (3): package org.apache.commons.collections.set, -1340431827
2024-11-12 13:43:14,317 INFO  EvoClassLoader - Seeing class for first time: org.apache.commons.collections.collection.AbstractCollectionDecorator
2024-11-12 13:43:14,317 INFO  EvoClassLoader - Instrumenting class 'org.apache.commons.collections.collection.AbstractCollectionDecorator'.
2024-11-12 13:43:14,317 INFO  MethodCallReplacementClassAdapter - Adding mock interface to class org/apache/commons/collections/collection/AbstractCollectionDecorator
2024-11-12 13:43:14,317 INFO  CreateClassResetClassAdapter - Creating brand-new static initializer in class org/apache/commons/collections/collection/AbstractCollectionDecorator
2024-11-12 13:43:14,317 INFO  EvoClassLoader - Defined package (3): package org.apache.commons.collections.collection, -372261261
2024-11-12 13:43:14,317 INFO  EvoClassLoader - Keeping class: org.apache.commons.collections.collection.AbstractCollectionDecorator
2024-11-12 13:43:14,317 INFO  EvoClassLoader - Keeping class: org.apache.commons.collections.set.AbstractSetDecorator
2024-11-12 13:43:14,317 INFO  EvoClassLoader - Keeping class: org.apache.commons.collections.map.UnmodifiableEntrySet
2024-11-12 13:43:14,318 INFO  EvoClassLoader - Seeing class for first time: org.apache.commons.collections.map.UnmodifiableEntrySet$UnmodifiableEntry
2024-11-12 13:43:14,318 INFO  EvoClassLoader - Instrumenting class 'org.apache.commons.collections.map.UnmodifiableEntrySet$UnmodifiableEntry'.
2024-11-12 13:43:14,318 INFO  MethodCallReplacementClassAdapter - Adding mock interface to class org/apache/commons/collections/map/UnmodifiableEntrySet$UnmodifiableEntry
2024-11-12 13:43:14,318 INFO  CreateClassResetClassAdapter - Creating brand-new static initializer in class org/apache/commons/collections/map/UnmodifiableEntrySet$UnmodifiableEntry
2024-11-12 13:43:14,318 INFO  EvoClassLoader - Seeing class for first time: org.apache.commons.collections.keyvalue.AbstractMapEntryDecorator
2024-11-12 13:43:14,318 INFO  EvoClassLoader - Instrumenting class 'org.apache.commons.collections.keyvalue.AbstractMapEntryDecorator'.
2024-11-12 13:43:14,318 INFO  MethodCallReplacementClassAdapter - Adding mock interface to class org/apache/commons/collections/keyvalue/AbstractMapEntryDecorator
2024-11-12 13:43:14,319 INFO  CreateClassResetClassAdapter - Creating brand-new static initializer in class org/apache/commons/collections/keyvalue/AbstractMapEntryDecorator
2024-11-12 13:43:14,319 INFO  EvoClassLoader - Defined package (3): package org.apache.commons.collections.keyvalue, -567273593
2024-11-12 13:43:14,319 INFO  EvoClassLoader - Seeing class for first time: org.apache.commons.collections.KeyValue
2024-11-12 13:43:14,319 INFO  EvoClassLoader - Instrumenting class 'org.apache.commons.collections.KeyValue'.
2024-11-12 13:43:14,319 INFO  EvoClassLoader - Keeping class: org.apache.commons.collections.KeyValue
2024-11-12 13:43:14,319 INFO  EvoClassLoader - Keeping class: org.apache.commons.collections.keyvalue.AbstractMapEntryDecorator
2024-11-12 13:43:14,319 INFO  EvoClassLoader - Keeping class: org.apache.commons.collections.map.UnmodifiableEntrySet$UnmodifiableEntry
2024-11-12 13:43:14,320 INFO  EvoClassLoader - Seeing class for first time: org.apache.hadoop.hdfs.server.datanode.DataSetLockManager
2024-11-12 13:43:14,320 INFO  EvoClassLoader - Instrumenting class 'org.apache.hadoop.hdfs.server.datanode.DataSetLockManager'.
2024-11-12 13:43:14,320 INFO  MethodCallReplacementClassAdapter - Adding mock interface to class org/apache/hadoop/hdfs/server/datanode/DataSetLockManager
2024-11-12 13:43:14,321 INFO  CreateClassResetClassAdapter - Found static initializer in class org/apache/hadoop/hdfs/server/datanode/DataSetLockManager
2024-11-12 13:43:14,321 INFO  EvoClassLoader - Seeing class for first time: org.apache.hadoop.hdfs.server.common.DataNodeLockManager
2024-11-12 13:43:14,321 INFO  EvoClassLoader - Instrumenting class 'org.apache.hadoop.hdfs.server.common.DataNodeLockManager'.
2024-11-12 13:43:14,322 INFO  EvoClassLoader - Keeping class: org.apache.hadoop.hdfs.server.common.DataNodeLockManager
2024-11-12 13:43:14,322 INFO  EvoClassLoader - Keeping class: org.apache.hadoop.hdfs.server.datanode.DataSetLockManager
2024-11-12 13:43:14,322 INFO  EvoClassLoader - Seeing class for first time: org.apache.hadoop.hdfs.qjournal.protocol.QJournalProtocolProtos$FormatRequestProto$1
2024-11-12 13:43:14,322 INFO  EvoClassLoader - Instrumenting class 'org.apache.hadoop.hdfs.qjournal.protocol.QJournalProtocolProtos$FormatRequestProto$1'.
2024-11-12 13:43:14,322 INFO  MethodCallReplacementClassAdapter - Adding mock interface to class org/apache/hadoop/hdfs/qjournal/protocol/QJournalProtocolProtos$FormatRequestProto$1
2024-11-12 13:43:14,322 INFO  EvoClassLoader - Keeping class: org.apache.hadoop.hdfs.qjournal.protocol.QJournalProtocolProtos$FormatRequestProto$1
2024-11-12 13:43:14,323 INFO  EvoClassLoader - Seeing class for first time: org.apache.hadoop.hdfs.server.protocol.BlocksWithLocations$StripedBlockWithLocations
2024-11-12 13:43:14,323 INFO  EvoClassLoader - Instrumenting class 'org.apache.hadoop.hdfs.server.protocol.BlocksWithLocations$StripedBlockWithLocations'.
2024-11-12 13:43:14,323 INFO  MethodCallReplacementClassAdapter - Adding mock interface to class org/apache/hadoop/hdfs/server/protocol/BlocksWithLocations$StripedBlockWithLocations
2024-11-12 13:43:14,323 INFO  CreateClassResetClassAdapter - Creating brand-new static initializer in class org/apache/hadoop/hdfs/server/protocol/BlocksWithLocations$StripedBlockWithLocations
2024-11-12 13:43:14,323 INFO  EvoClassLoader - Seeing class for first time: org.apache.hadoop.hdfs.server.protocol.BlocksWithLocations$BlockWithLocations
2024-11-12 13:43:14,323 INFO  EvoClassLoader - Instrumenting class 'org.apache.hadoop.hdfs.server.protocol.BlocksWithLocations$BlockWithLocations'.
2024-11-12 13:43:14,324 INFO  MethodCallReplacementClassAdapter - Adding mock interface to class org/apache/hadoop/hdfs/server/protocol/BlocksWithLocations$BlockWithLocations
2024-11-12 13:43:14,324 INFO  CreateClassResetClassAdapter - Creating brand-new static initializer in class org/apache/hadoop/hdfs/server/protocol/BlocksWithLocations$BlockWithLocations
2024-11-12 13:43:14,324 INFO  EvoClassLoader - Keeping class: org.apache.hadoop.hdfs.server.protocol.BlocksWithLocations$BlockWithLocations
2024-11-12 13:43:14,324 INFO  EvoClassLoader - Keeping class: org.apache.hadoop.hdfs.server.protocol.BlocksWithLocations$StripedBlockWithLocations
2024-11-12 13:43:14,324 INFO  EvoClassLoader - Seeing class for first time: org.apache.hadoop.ipc.protobuf.RpcHeaderProtos$RpcRequestHeaderProto
2024-11-12 13:43:14,324 INFO  EvoClassLoader - Instrumenting class 'org.apache.hadoop.ipc.protobuf.RpcHeaderProtos$RpcRequestHeaderProto'.
2024-11-12 13:43:14,325 INFO  MethodCallReplacementClassAdapter - Adding mock interface to class org/apache/hadoop/ipc/protobuf/RpcHeaderProtos$RpcRequestHeaderProto
2024-11-12 13:43:14,326 INFO  CreateClassResetClassAdapter - Found static initializer in class org/apache/hadoop/ipc/protobuf/RpcHeaderProtos$RpcRequestHeaderProto
2024-11-12 13:43:14,327 INFO  EvoClassLoader - Seeing class for first time: org.apache.hadoop.ipc.protobuf.RpcHeaderProtos$RpcRequestHeaderProtoOrBuilder
2024-11-12 13:43:14,327 INFO  EvoClassLoader - Instrumenting class 'org.apache.hadoop.ipc.protobuf.RpcHeaderProtos$RpcRequestHeaderProtoOrBuilder'.
2024-11-12 13:43:14,327 INFO  EvoClassLoader - Keeping class: org.apache.hadoop.ipc.protobuf.RpcHeaderProtos$RpcRequestHeaderProtoOrBuilder
2024-11-12 13:43:14,328 INFO  EvoClassLoader - Keeping class: org.apache.hadoop.ipc.protobuf.RpcHeaderProtos$RpcRequestHeaderProto
2024-11-12 13:43:14,328 INFO  EvoClassLoader - Seeing class for first time: org.apache.hadoop.ipc.protobuf.RpcHeaderProtos$RPCCallerContextProtoOrBuilder
2024-11-12 13:43:14,328 INFO  EvoClassLoader - Instrumenting class 'org.apache.hadoop.ipc.protobuf.RpcHeaderProtos$RPCCallerContextProtoOrBuilder'.
2024-11-12 13:43:14,328 INFO  EvoClassLoader - Keeping class: org.apache.hadoop.ipc.protobuf.RpcHeaderProtos$RPCCallerContextProtoOrBuilder
2024-11-12 13:43:14,328 INFO  EvoClassLoader - Seeing class for first time: org.apache.hadoop.ipc.protobuf.RpcHeaderProtos$RPCTraceInfoProtoOrBuilder
2024-11-12 13:43:14,328 INFO  EvoClassLoader - Instrumenting class 'org.apache.hadoop.ipc.protobuf.RpcHeaderProtos$RPCTraceInfoProtoOrBuilder'.
2024-11-12 13:43:14,328 INFO  EvoClassLoader - Keeping class: org.apache.hadoop.ipc.protobuf.RpcHeaderProtos$RPCTraceInfoProtoOrBuilder
2024-11-12 13:43:14,329 INFO  EvoClassLoader - Seeing class for first time: org.apache.hadoop.ipc.protobuf.RpcHeaderProtos$RpcRequestHeaderProto$1
2024-11-12 13:43:14,329 INFO  EvoClassLoader - Instrumenting class 'org.apache.hadoop.ipc.protobuf.RpcHeaderProtos$RpcRequestHeaderProto$1'.
2024-11-12 13:43:14,329 INFO  MethodCallReplacementClassAdapter - Adding mock interface to class org/apache/hadoop/ipc/protobuf/RpcHeaderProtos$RpcRequestHeaderProto$1
2024-11-12 13:43:14,329 INFO  EvoClassLoader - Keeping class: org.apache.hadoop.ipc.protobuf.RpcHeaderProtos$RpcRequestHeaderProto$1
2024-11-12 13:43:14,329 INFO  EvoClassLoader - Seeing class for first time: org.apache.hadoop.thirdparty.protobuf.DescriptorProtos$FileDescriptorSet
2024-11-12 13:43:14,329 INFO  EvoClassLoader - Instrumenting class 'org.apache.hadoop.thirdparty.protobuf.DescriptorProtos$FileDescriptorSet'.
2024-11-12 13:43:14,329 INFO  MethodCallReplacementClassAdapter - Adding mock interface to class org/apache/hadoop/thirdparty/protobuf/DescriptorProtos$FileDescriptorSet
2024-11-12 13:43:14,330 INFO  CreateClassResetClassAdapter - Found static initializer in class org/apache/hadoop/thirdparty/protobuf/DescriptorProtos$FileDescriptorSet
2024-11-12 13:43:14,330 INFO  EvoClassLoader - Seeing class for first time: org.apache.hadoop.thirdparty.protobuf.DescriptorProtos$FileDescriptorSetOrBuilder
2024-11-12 13:43:14,330 INFO  EvoClassLoader - Instrumenting class 'org.apache.hadoop.thirdparty.protobuf.DescriptorProtos$FileDescriptorSetOrBuilder'.
2024-11-12 13:43:14,330 INFO  EvoClassLoader - Keeping class: org.apache.hadoop.thirdparty.protobuf.DescriptorProtos$FileDescriptorSetOrBuilder
2024-11-12 13:43:14,330 INFO  EvoClassLoader - Keeping class: org.apache.hadoop.thirdparty.protobuf.DescriptorProtos$FileDescriptorSet
2024-11-12 13:43:14,330 INFO  EvoClassLoader - Seeing class for first time: org.apache.hadoop.thirdparty.protobuf.DescriptorProtos$FileDescriptorSet$1
2024-11-12 13:43:14,330 INFO  EvoClassLoader - Instrumenting class 'org.apache.hadoop.thirdparty.protobuf.DescriptorProtos$FileDescriptorSet$1'.
2024-11-12 13:43:14,331 INFO  MethodCallReplacementClassAdapter - Adding mock interface to class org/apache/hadoop/thirdparty/protobuf/DescriptorProtos$FileDescriptorSet$1
2024-11-12 13:43:14,331 INFO  EvoClassLoader - Keeping class: org.apache.hadoop.thirdparty.protobuf.DescriptorProtos$FileDescriptorSet$1
2024-11-12 13:43:14,331 INFO  EvoClassLoader - Seeing class for first time: org.apache.hadoop.hdfs.qjournal.protocol.QJournalProtocolProtos$PersistedRecoveryPaxosDataOrBuilder
2024-11-12 13:43:14,331 INFO  EvoClassLoader - Instrumenting class 'org.apache.hadoop.hdfs.qjournal.protocol.QJournalProtocolProtos$PersistedRecoveryPaxosDataOrBuilder'.
2024-11-12 13:43:14,331 INFO  EvoClassLoader - Keeping class: org.apache.hadoop.hdfs.qjournal.protocol.QJournalProtocolProtos$PersistedRecoveryPaxosDataOrBuilder
2024-11-12 13:43:14,332 INFO  EvoClassLoader - Seeing class for first time: org.apache.hadoop.hdfs.server.datanode.DataXceiverServer
2024-11-12 13:43:14,332 INFO  EvoClassLoader - Instrumenting class 'org.apache.hadoop.hdfs.server.datanode.DataXceiverServer'.
2024-11-12 13:43:14,332 INFO  MethodCallReplacementClassAdapter - Adding mock interface to class org/apache/hadoop/hdfs/server/datanode/DataXceiverServer
2024-11-12 13:43:14,333 INFO  CreateClassResetClassAdapter - Found static initializer in class org/apache/hadoop/hdfs/server/datanode/DataXceiverServer
2024-11-12 13:43:14,334 INFO  EvoClassLoader - Keeping class: org.apache.hadoop.hdfs.server.datanode.DataXceiverServer
2024-11-12 13:43:14,334 INFO  EvoClassLoader - Seeing class for first time: org.apache.hadoop.ipc.ProtocolMetaInterface
2024-11-12 13:43:14,334 INFO  EvoClassLoader - Instrumenting class 'org.apache.hadoop.ipc.ProtocolMetaInterface'.
2024-11-12 13:43:14,335 INFO  EvoClassLoader - Keeping class: org.apache.hadoop.ipc.ProtocolMetaInterface
2024-11-12 13:43:14,335 INFO  EvoClassLoader - Seeing class for first time: org.apache.hadoop.hdfs.server.common.HdfsServerConstants$ReplicaState
2024-11-12 13:43:14,335 INFO  EvoClassLoader - Instrumenting class 'org.apache.hadoop.hdfs.server.common.HdfsServerConstants$ReplicaState'.
2024-11-12 13:43:14,335 INFO  MethodCallReplacementClassAdapter - Adding mock interface to class org/apache/hadoop/hdfs/server/common/HdfsServerConstants$ReplicaState
2024-11-12 13:43:14,335 INFO  CreateClassResetClassAdapter - Found static initializer in class org/apache/hadoop/hdfs/server/common/HdfsServerConstants$ReplicaState
2024-11-12 13:43:14,335 INFO  EvoClassLoader - Keeping class: org.apache.hadoop.hdfs.server.common.HdfsServerConstants$ReplicaState
2024-11-12 13:43:14,335 INFO  EvoClassLoader - Seeing class for first time: org.apache.hadoop.fs.FutureDataInputStreamBuilder
2024-11-12 13:43:14,336 INFO  EvoClassLoader - Instrumenting class 'org.apache.hadoop.fs.FutureDataInputStreamBuilder'.
2024-11-12 13:43:14,336 INFO  EvoClassLoader - Keeping class: org.apache.hadoop.fs.FutureDataInputStreamBuilder
2024-11-12 13:43:14,336 INFO  EvoClassLoader - Seeing class for first time: org.apache.hadoop.hdfs.qjournal.protocol.QJournalProtocolProtos$JournalIdProto
2024-11-12 13:43:14,336 INFO  EvoClassLoader - Instrumenting class 'org.apache.hadoop.hdfs.qjournal.protocol.QJournalProtocolProtos$JournalIdProto'.
2024-11-12 13:43:14,336 INFO  MethodCallReplacementClassAdapter - Adding mock interface to class org/apache/hadoop/hdfs/qjournal/protocol/QJournalProtocolProtos$JournalIdProto
2024-11-12 13:43:14,337 INFO  CreateClassResetClassAdapter - Found static initializer in class org/apache/hadoop/hdfs/qjournal/protocol/QJournalProtocolProtos$JournalIdProto
2024-11-12 13:43:14,337 INFO  EvoClassLoader - Keeping class: org.apache.hadoop.hdfs.qjournal.protocol.QJournalProtocolProtos$JournalIdProto
2024-11-12 13:43:14,337 INFO  EvoClassLoader - Seeing class for first time: org.apache.hadoop.hdfs.qjournal.protocol.QJournalProtocolProtos$JournalIdProto$1
2024-11-12 13:43:14,337 INFO  EvoClassLoader - Instrumenting class 'org.apache.hadoop.hdfs.qjournal.protocol.QJournalProtocolProtos$JournalIdProto$1'.
2024-11-12 13:43:14,337 INFO  MethodCallReplacementClassAdapter - Adding mock interface to class org/apache/hadoop/hdfs/qjournal/protocol/QJournalProtocolProtos$JournalIdProto$1
2024-11-12 13:43:14,338 INFO  EvoClassLoader - Keeping class: org.apache.hadoop.hdfs.qjournal.protocol.QJournalProtocolProtos$JournalIdProto$1
2024-11-12 13:43:14,338 INFO  EvoClassLoader - Seeing class for first time: org.apache.hadoop.hdfs.qjournal.protocol.QJournalProtocolProtos$DoFinalizeRequestProto$1
2024-11-12 13:43:14,338 INFO  EvoClassLoader - Instrumenting class 'org.apache.hadoop.hdfs.qjournal.protocol.QJournalProtocolProtos$DoFinalizeRequestProto$1'.
2024-11-12 13:43:14,338 INFO  MethodCallReplacementClassAdapter - Adding mock interface to class org/apache/hadoop/hdfs/qjournal/protocol/QJournalProtocolProtos$DoFinalizeRequestProto$1
2024-11-12 13:43:14,338 INFO  EvoClassLoader - Keeping class: org.apache.hadoop.hdfs.qjournal.protocol.QJournalProtocolProtos$DoFinalizeRequestProto$1
2024-11-12 13:43:14,339 INFO  EvoClassLoader - Seeing class for first time: org.apache.hadoop.thirdparty.com.google.common.primitives.Longs$LongConverter
2024-11-12 13:43:14,339 INFO  EvoClassLoader - Instrumenting class 'org.apache.hadoop.thirdparty.com.google.common.primitives.Longs$LongConverter'.
2024-11-12 13:43:14,339 INFO  MethodCallReplacementClassAdapter - Adding mock interface to class org/apache/hadoop/thirdparty/com/google/common/primitives/Longs$LongConverter
2024-11-12 13:43:14,339 INFO  CreateClassResetClassAdapter - Found static initializer in class org/apache/hadoop/thirdparty/com/google/common/primitives/Longs$LongConverter
2024-11-12 13:43:14,339 INFO  EvoClassLoader - Defined package (3): package org.apache.hadoop.thirdparty.com.google.common.primitives, -1753668189
2024-11-12 13:43:14,340 INFO  EvoClassLoader - Seeing class for first time: org.apache.hadoop.thirdparty.com.google.common.base.Converter
2024-11-12 13:43:14,340 INFO  EvoClassLoader - Instrumenting class 'org.apache.hadoop.thirdparty.com.google.common.base.Converter'.
2024-11-12 13:43:14,340 INFO  MethodCallReplacementClassAdapter - Adding mock interface to class org/apache/hadoop/thirdparty/com/google/common/base/Converter
2024-11-12 13:43:14,340 INFO  CreateClassResetClassAdapter - Creating brand-new static initializer in class org/apache/hadoop/thirdparty/com/google/common/base/Converter
2024-11-12 13:43:14,340 INFO  EvoClassLoader - Keeping class: org.apache.hadoop.thirdparty.com.google.common.base.Converter
2024-11-12 13:43:14,340 INFO  EvoClassLoader - Keeping class: org.apache.hadoop.thirdparty.com.google.common.primitives.Longs$LongConverter
2024-11-12 13:43:14,341 INFO  EvoClassLoader - Seeing class for first time: org.apache.hadoop.thirdparty.com.google.common.base.Converter$FunctionBasedConverter
2024-11-12 13:43:14,341 INFO  EvoClassLoader - Instrumenting class 'org.apache.hadoop.thirdparty.com.google.common.base.Converter$FunctionBasedConverter'.
2024-11-12 13:43:14,341 INFO  MethodCallReplacementClassAdapter - Adding mock interface to class org/apache/hadoop/thirdparty/com/google/common/base/Converter$FunctionBasedConverter
2024-11-12 13:43:14,341 INFO  CreateClassResetClassAdapter - Creating brand-new static initializer in class org/apache/hadoop/thirdparty/com/google/common/base/Converter$FunctionBasedConverter
2024-11-12 13:43:14,341 INFO  EvoClassLoader - Keeping class: org.apache.hadoop.thirdparty.com.google.common.base.Converter$FunctionBasedConverter
2024-11-12 13:43:14,341 INFO  EvoClassLoader - Seeing class for first time: org.apache.hadoop.thirdparty.com.google.common.base.Converter$ConverterComposition
2024-11-12 13:43:14,341 INFO  EvoClassLoader - Instrumenting class 'org.apache.hadoop.thirdparty.com.google.common.base.Converter$ConverterComposition'.
2024-11-12 13:43:14,341 INFO  MethodCallReplacementClassAdapter - Adding mock interface to class org/apache/hadoop/thirdparty/com/google/common/base/Converter$ConverterComposition
2024-11-12 13:43:14,341 INFO  CreateClassResetClassAdapter - Creating brand-new static initializer in class org/apache/hadoop/thirdparty/com/google/common/base/Converter$ConverterComposition
2024-11-12 13:43:14,342 INFO  EvoClassLoader - Keeping class: org.apache.hadoop.thirdparty.com.google.common.base.Converter$ConverterComposition
2024-11-12 13:43:14,342 INFO  EvoClassLoader - Seeing class for first time: org.apache.hadoop.thirdparty.com.google.common.base.Converter$IdentityConverter
2024-11-12 13:43:14,342 INFO  EvoClassLoader - Instrumenting class 'org.apache.hadoop.thirdparty.com.google.common.base.Converter$IdentityConverter'.
2024-11-12 13:43:14,342 INFO  MethodCallReplacementClassAdapter - Adding mock interface to class org/apache/hadoop/thirdparty/com/google/common/base/Converter$IdentityConverter
2024-11-12 13:43:14,342 INFO  CreateClassResetClassAdapter - Found static initializer in class org/apache/hadoop/thirdparty/com/google/common/base/Converter$IdentityConverter
2024-11-12 13:43:14,342 INFO  EvoClassLoader - Keeping class: org.apache.hadoop.thirdparty.com.google.common.base.Converter$IdentityConverter
2024-11-12 13:43:14,342 INFO  EvoClassLoader - Seeing class for first time: org.apache.hadoop.thirdparty.com.google.common.base.Converter$ReverseConverter
2024-11-12 13:43:14,342 INFO  EvoClassLoader - Instrumenting class 'org.apache.hadoop.thirdparty.com.google.common.base.Converter$ReverseConverter'.
2024-11-12 13:43:14,342 INFO  MethodCallReplacementClassAdapter - Adding mock interface to class org/apache/hadoop/thirdparty/com/google/common/base/Converter$ReverseConverter
2024-11-12 13:43:14,342 INFO  CreateClassResetClassAdapter - Creating brand-new static initializer in class org/apache/hadoop/thirdparty/com/google/common/base/Converter$ReverseConverter
2024-11-12 13:43:14,343 INFO  EvoClassLoader - Keeping class: org.apache.hadoop.thirdparty.com.google.common.base.Converter$ReverseConverter
2024-11-12 13:43:14,343 INFO  EvoClassLoader - Seeing class for first time: org.apache.hadoop.hdfs.protocol.CorruptFileBlocks
2024-11-12 13:43:14,343 INFO  EvoClassLoader - Instrumenting class 'org.apache.hadoop.hdfs.protocol.CorruptFileBlocks'.
2024-11-12 13:43:14,343 INFO  MethodCallReplacementClassAdapter - Adding mock interface to class org/apache/hadoop/hdfs/protocol/CorruptFileBlocks
2024-11-12 13:43:14,344 INFO  CreateClassResetClassAdapter - Creating brand-new static initializer in class org/apache/hadoop/hdfs/protocol/CorruptFileBlocks
2024-11-12 13:43:14,344 INFO  CreateClassResetClassAdapter - Adding bytecode for initializing field PRIME
2024-11-12 13:43:14,344 INFO  EvoClassLoader - Keeping class: org.apache.hadoop.hdfs.protocol.CorruptFileBlocks
2024-11-12 13:43:14,344 INFO  EvoClassLoader - Seeing class for first time: org.apache.hadoop.io.TestGenericWritable$FooGenericWritable
2024-11-12 13:43:14,344 INFO  EvoClassLoader - Instrumenting class 'org.apache.hadoop.io.TestGenericWritable$FooGenericWritable'.
2024-11-12 13:43:14,344 INFO  MethodCallReplacementClassAdapter - Adding mock interface to class org/apache/hadoop/io/TestGenericWritable$FooGenericWritable
2024-11-12 13:43:14,345 INFO  CreateClassResetClassAdapter - Creating brand-new static initializer in class org/apache/hadoop/io/TestGenericWritable$FooGenericWritable
2024-11-12 13:43:14,345 INFO  EvoClassLoader - Seeing class for first time: org.apache.hadoop.io.GenericWritable
2024-11-12 13:43:14,345 INFO  EvoClassLoader - Instrumenting class 'org.apache.hadoop.io.GenericWritable'.
2024-11-12 13:43:14,345 INFO  MethodCallReplacementClassAdapter - Adding mock interface to class org/apache/hadoop/io/GenericWritable
2024-11-12 13:43:14,346 INFO  CreateClassResetClassAdapter - Creating brand-new static initializer in class org/apache/hadoop/io/GenericWritable
2024-11-12 13:43:14,347 INFO  CreateClassResetClassAdapter - Adding bytecode for initializing field NOT_SET
2024-11-12 13:43:14,347 INFO  EvoClassLoader - Keeping class: org.apache.hadoop.io.GenericWritable
2024-11-12 13:43:14,347 INFO  EvoClassLoader - Keeping class: org.apache.hadoop.io.TestGenericWritable$FooGenericWritable
2024-11-12 13:43:14,347 INFO  EvoClassLoader - Seeing class for first time: org.apache.hadoop.thirdparty.protobuf.FieldMask$Builder
2024-11-12 13:43:14,347 INFO  EvoClassLoader - Instrumenting class 'org.apache.hadoop.thirdparty.protobuf.FieldMask$Builder'.
2024-11-12 13:43:14,348 INFO  MethodCallReplacementClassAdapter - Adding mock interface to class org/apache/hadoop/thirdparty/protobuf/FieldMask$Builder
2024-11-12 13:43:14,349 INFO  CreateClassResetClassAdapter - Creating brand-new static initializer in class org/apache/hadoop/thirdparty/protobuf/FieldMask$Builder
2024-11-12 13:43:14,350 INFO  EvoClassLoader - Seeing class for first time: org.apache.hadoop.thirdparty.protobuf.FieldMaskOrBuilder
2024-11-12 13:43:14,350 INFO  EvoClassLoader - Instrumenting class 'org.apache.hadoop.thirdparty.protobuf.FieldMaskOrBuilder'.
2024-11-12 13:43:14,351 INFO  EvoClassLoader - Keeping class: org.apache.hadoop.thirdparty.protobuf.FieldMaskOrBuilder
2024-11-12 13:43:14,352 INFO  EvoClassLoader - Keeping class: org.apache.hadoop.thirdparty.protobuf.FieldMask$Builder
2024-11-12 13:43:14,353 INFO  EvoClassLoader - Seeing class for first time: org.apache.hadoop.fs.BatchListingOperations
2024-11-12 13:43:14,353 INFO  EvoClassLoader - Instrumenting class 'org.apache.hadoop.fs.BatchListingOperations'.
2024-11-12 13:43:14,353 INFO  EvoClassLoader - Keeping class: org.apache.hadoop.fs.BatchListingOperations
2024-11-12 13:43:14,354 INFO  EvoClassLoader - Seeing class for first time: org.apache.hadoop.util.Shell$1
2024-11-12 13:43:14,354 INFO  EvoClassLoader - Instrumenting class 'org.apache.hadoop.util.Shell$1'.
2024-11-12 13:43:14,354 INFO  MethodCallReplacementClassAdapter - Adding mock interface to class org/apache/hadoop/util/Shell$1
2024-11-12 13:43:14,354 INFO  EvoClassLoader - Keeping class: org.apache.hadoop.util.Shell$1
2024-11-12 13:43:14,355 INFO  EvoClassLoader - Seeing class for first time: org.apache.hadoop.thirdparty.protobuf.GeneratedMessageLite$GeneratedExtension
2024-11-12 13:43:14,355 INFO  EvoClassLoader - Instrumenting class 'org.apache.hadoop.thirdparty.protobuf.GeneratedMessageLite$GeneratedExtension'.
2024-11-12 13:43:14,355 INFO  MethodCallReplacementClassAdapter - Adding mock interface to class org/apache/hadoop/thirdparty/protobuf/GeneratedMessageLite$GeneratedExtension
2024-11-12 13:43:14,356 INFO  CreateClassResetClassAdapter - Creating brand-new static initializer in class org/apache/hadoop/thirdparty/protobuf/GeneratedMessageLite$GeneratedExtension
2024-11-12 13:43:14,356 INFO  EvoClassLoader - Keeping class: org.apache.hadoop.thirdparty.protobuf.GeneratedMessageLite$GeneratedExtension
2024-11-12 13:43:14,357 INFO  EvoClassLoader - Seeing class for first time: org.apache.hadoop.ipc.protobuf.RpcHeaderProtos$RpcSaslProtoOrBuilder
2024-11-12 13:43:14,357 INFO  EvoClassLoader - Instrumenting class 'org.apache.hadoop.ipc.protobuf.RpcHeaderProtos$RpcSaslProtoOrBuilder'.
2024-11-12 13:43:14,357 INFO  EvoClassLoader - Keeping class: org.apache.hadoop.ipc.protobuf.RpcHeaderProtos$RpcSaslProtoOrBuilder
2024-11-12 13:43:14,357 INFO  EvoClassLoader - Seeing class for first time: org.apache.hadoop.hdfs.qjournal.protocol.QJournalProtocolProtos$PersistedRecoveryPaxosData$Builder
2024-11-12 13:43:14,357 INFO  EvoClassLoader - Instrumenting class 'org.apache.hadoop.hdfs.qjournal.protocol.QJournalProtocolProtos$PersistedRecoveryPaxosData$Builder'.
2024-11-12 13:43:14,358 INFO  MethodCallReplacementClassAdapter - Adding mock interface to class org/apache/hadoop/hdfs/qjournal/protocol/QJournalProtocolProtos$PersistedRecoveryPaxosData$Builder
2024-11-12 13:43:14,359 INFO  CreateClassResetClassAdapter - Creating brand-new static initializer in class org/apache/hadoop/hdfs/qjournal/protocol/QJournalProtocolProtos$PersistedRecoveryPaxosData$Builder
2024-11-12 13:43:14,359 INFO  EvoClassLoader - Keeping class: org.apache.hadoop.hdfs.qjournal.protocol.QJournalProtocolProtos$PersistedRecoveryPaxosData$Builder
2024-11-12 13:43:14,360 INFO  EvoClassLoader - Seeing class for first time: org.apache.hadoop.hdfs.qjournal.protocol.QJournalProtocolProtos$SegmentStateProto
2024-11-12 13:43:14,360 INFO  EvoClassLoader - Instrumenting class 'org.apache.hadoop.hdfs.qjournal.protocol.QJournalProtocolProtos$SegmentStateProto'.
2024-11-12 13:43:14,360 INFO  MethodCallReplacementClassAdapter - Adding mock interface to class org/apache/hadoop/hdfs/qjournal/protocol/QJournalProtocolProtos$SegmentStateProto
2024-11-12 13:43:14,360 INFO  CreateClassResetClassAdapter - Found static initializer in class org/apache/hadoop/hdfs/qjournal/protocol/QJournalProtocolProtos$SegmentStateProto
2024-11-12 13:43:14,361 INFO  EvoClassLoader - Seeing class for first time: org.apache.hadoop.hdfs.qjournal.protocol.QJournalProtocolProtos$SegmentStateProtoOrBuilder
2024-11-12 13:43:14,361 INFO  EvoClassLoader - Instrumenting class 'org.apache.hadoop.hdfs.qjournal.protocol.QJournalProtocolProtos$SegmentStateProtoOrBuilder'.
2024-11-12 13:43:14,361 INFO  EvoClassLoader - Keeping class: org.apache.hadoop.hdfs.qjournal.protocol.QJournalProtocolProtos$SegmentStateProtoOrBuilder
2024-11-12 13:43:14,361 INFO  EvoClassLoader - Keeping class: org.apache.hadoop.hdfs.qjournal.protocol.QJournalProtocolProtos$SegmentStateProto
2024-11-12 13:43:14,361 INFO  EvoClassLoader - Seeing class for first time: org.apache.hadoop.thirdparty.protobuf.GeneratedMessageV3$FieldAccessorTable$SingularFieldAccessor
2024-11-12 13:43:14,361 INFO  EvoClassLoader - Instrumenting class 'org.apache.hadoop.thirdparty.protobuf.GeneratedMessageV3$FieldAccessorTable$SingularFieldAccessor'.
2024-11-12 13:43:14,362 INFO  MethodCallReplacementClassAdapter - Adding mock interface to class org/apache/hadoop/thirdparty/protobuf/GeneratedMessageV3$FieldAccessorTable$SingularFieldAccessor
2024-11-12 13:43:14,362 INFO  CreateClassResetClassAdapter - Creating brand-new static initializer in class org/apache/hadoop/thirdparty/protobuf/GeneratedMessageV3$FieldAccessorTable$SingularFieldAccessor
2024-11-12 13:43:14,362 INFO  EvoClassLoader - Keeping class: org.apache.hadoop.thirdparty.protobuf.GeneratedMessageV3$FieldAccessorTable$SingularFieldAccessor
2024-11-12 13:43:14,362 INFO  EvoClassLoader - Seeing class for first time: org.apache.hadoop.thirdparty.protobuf.GeneratedMessageV3$FieldAccessorTable$SingularFieldAccessor$MethodInvoker
2024-11-12 13:43:14,362 INFO  EvoClassLoader - Instrumenting class 'org.apache.hadoop.thirdparty.protobuf.GeneratedMessageV3$FieldAccessorTable$SingularFieldAccessor$MethodInvoker'.
2024-11-12 13:43:14,362 INFO  EvoClassLoader - Keeping class: org.apache.hadoop.thirdparty.protobuf.GeneratedMessageV3$FieldAccessorTable$SingularFieldAccessor$MethodInvoker
2024-11-12 13:43:14,362 INFO  EvoClassLoader - Seeing class for first time: net.bytebuddy.description.ModifierReviewable$ForTypeDefinition
2024-11-12 13:43:14,362 INFO  EvoClassLoader - Instrumenting class 'net.bytebuddy.description.ModifierReviewable$ForTypeDefinition'.
2024-11-12 13:43:14,363 INFO  EvoClassLoader - Defined package (3): package net.bytebuddy.description, 348599099
2024-11-12 13:43:14,363 INFO  EvoClassLoader - Seeing class for first time: net.bytebuddy.description.ModifierReviewable$OfAbstraction
2024-11-12 13:43:14,363 INFO  EvoClassLoader - Instrumenting class 'net.bytebuddy.description.ModifierReviewable$OfAbstraction'.
2024-11-12 13:43:14,363 INFO  EvoClassLoader - Seeing class for first time: net.bytebuddy.description.ModifierReviewable$OfByteCodeElement
2024-11-12 13:43:14,363 INFO  EvoClassLoader - Instrumenting class 'net.bytebuddy.description.ModifierReviewable$OfByteCodeElement'.
2024-11-12 13:43:14,363 INFO  EvoClassLoader - Seeing class for first time: net.bytebuddy.description.ModifierReviewable
2024-11-12 13:43:14,363 INFO  EvoClassLoader - Instrumenting class 'net.bytebuddy.description.ModifierReviewable'.
2024-11-12 13:43:14,363 INFO  EvoClassLoader - Keeping class: net.bytebuddy.description.ModifierReviewable
2024-11-12 13:43:14,363 INFO  EvoClassLoader - Keeping class: net.bytebuddy.description.ModifierReviewable$OfByteCodeElement
2024-11-12 13:43:14,364 INFO  EvoClassLoader - Keeping class: net.bytebuddy.description.ModifierReviewable$OfAbstraction
2024-11-12 13:43:14,364 INFO  EvoClassLoader - Seeing class for first time: net.bytebuddy.description.ModifierReviewable$OfEnumeration
2024-11-12 13:43:14,364 INFO  EvoClassLoader - Instrumenting class 'net.bytebuddy.description.ModifierReviewable$OfEnumeration'.
2024-11-12 13:43:14,364 INFO  EvoClassLoader - Keeping class: net.bytebuddy.description.ModifierReviewable$OfEnumeration
2024-11-12 13:43:14,364 INFO  EvoClassLoader - Keeping class: net.bytebuddy.description.ModifierReviewable$ForTypeDefinition
2024-11-12 13:43:14,364 INFO  EvoClassLoader - Seeing class for first time: org.apache.hadoop.hdfs.qjournal.protocol.QJournalProtocolProtos$FinalizeLogSegmentResponseProto$1
2024-11-12 13:43:14,364 INFO  EvoClassLoader - Instrumenting class 'org.apache.hadoop.hdfs.qjournal.protocol.QJournalProtocolProtos$FinalizeLogSegmentResponseProto$1'.
2024-11-12 13:43:14,364 INFO  MethodCallReplacementClassAdapter - Adding mock interface to class org/apache/hadoop/hdfs/qjournal/protocol/QJournalProtocolProtos$FinalizeLogSegmentResponseProto$1
2024-11-12 13:43:14,364 INFO  EvoClassLoader - Keeping class: org.apache.hadoop.hdfs.qjournal.protocol.QJournalProtocolProtos$FinalizeLogSegmentResponseProto$1
2024-11-12 13:43:14,364 INFO  EvoClassLoader - Seeing class for first time: org.apache.hadoop.hdfs.qjournal.protocol.QJournalProtocolProtos$GetEditLogManifestRequestProtoOrBuilder
2024-11-12 13:43:14,364 INFO  EvoClassLoader - Instrumenting class 'org.apache.hadoop.hdfs.qjournal.protocol.QJournalProtocolProtos$GetEditLogManifestRequestProtoOrBuilder'.
2024-11-12 13:43:14,365 INFO  EvoClassLoader - Keeping class: org.apache.hadoop.hdfs.qjournal.protocol.QJournalProtocolProtos$GetEditLogManifestRequestProtoOrBuilder
2024-11-12 13:43:14,365 INFO  EvoClassLoader - Seeing class for first time: org.apache.hadoop.hdfs.qjournal.protocol.QJournalProtocolProtos$CanRollBackResponseProto$Builder
2024-11-12 13:43:14,365 INFO  EvoClassLoader - Instrumenting class 'org.apache.hadoop.hdfs.qjournal.protocol.QJournalProtocolProtos$CanRollBackResponseProto$Builder'.
2024-11-12 13:43:14,365 INFO  MethodCallReplacementClassAdapter - Adding mock interface to class org/apache/hadoop/hdfs/qjournal/protocol/QJournalProtocolProtos$CanRollBackResponseProto$Builder
2024-11-12 13:43:14,366 INFO  CreateClassResetClassAdapter - Creating brand-new static initializer in class org/apache/hadoop/hdfs/qjournal/protocol/QJournalProtocolProtos$CanRollBackResponseProto$Builder
2024-11-12 13:43:14,366 INFO  EvoClassLoader - Seeing class for first time: org.apache.hadoop.hdfs.qjournal.protocol.QJournalProtocolProtos$CanRollBackResponseProtoOrBuilder
2024-11-12 13:43:14,366 INFO  EvoClassLoader - Instrumenting class 'org.apache.hadoop.hdfs.qjournal.protocol.QJournalProtocolProtos$CanRollBackResponseProtoOrBuilder'.
2024-11-12 13:43:14,366 INFO  EvoClassLoader - Keeping class: org.apache.hadoop.hdfs.qjournal.protocol.QJournalProtocolProtos$CanRollBackResponseProtoOrBuilder
2024-11-12 13:43:14,366 INFO  EvoClassLoader - Keeping class: org.apache.hadoop.hdfs.qjournal.protocol.QJournalProtocolProtos$CanRollBackResponseProto$Builder
2024-11-12 13:43:14,367 INFO  EvoClassLoader - Seeing class for first time: org.apache.hadoop.hdfs.qjournal.protocol.QJournalProtocolProtos$JournalIdProto$Builder
2024-11-12 13:43:14,367 INFO  EvoClassLoader - Instrumenting class 'org.apache.hadoop.hdfs.qjournal.protocol.QJournalProtocolProtos$JournalIdProto$Builder'.
2024-11-12 13:43:14,367 INFO  MethodCallReplacementClassAdapter - Adding mock interface to class org/apache/hadoop/hdfs/qjournal/protocol/QJournalProtocolProtos$JournalIdProto$Builder
2024-11-12 13:43:14,368 INFO  CreateClassResetClassAdapter - Creating brand-new static initializer in class org/apache/hadoop/hdfs/qjournal/protocol/QJournalProtocolProtos$JournalIdProto$Builder
2024-11-12 13:43:14,368 INFO  EvoClassLoader - Keeping class: org.apache.hadoop.hdfs.qjournal.protocol.QJournalProtocolProtos$JournalIdProto$Builder
2024-11-12 13:43:14,369 INFO  EvoClassLoader - Seeing class for first time: org.apache.hadoop.hdfs.qjournal.protocol.QJournalProtocolProtos$JournalResponseProto$1
2024-11-12 13:43:14,369 INFO  EvoClassLoader - Instrumenting class 'org.apache.hadoop.hdfs.qjournal.protocol.QJournalProtocolProtos$JournalResponseProto$1'.
2024-11-12 13:43:14,369 INFO  MethodCallReplacementClassAdapter - Adding mock interface to class org/apache/hadoop/hdfs/qjournal/protocol/QJournalProtocolProtos$JournalResponseProto$1
2024-11-12 13:43:14,369 INFO  EvoClassLoader - Keeping class: org.apache.hadoop.hdfs.qjournal.protocol.QJournalProtocolProtos$JournalResponseProto$1
2024-11-12 13:43:14,369 INFO  EvoClassLoader - Seeing class for first time: org.apache.hadoop.hdfs.protocol.SnapshotDiffReportListing
2024-11-12 13:43:14,369 INFO  EvoClassLoader - Instrumenting class 'org.apache.hadoop.hdfs.protocol.SnapshotDiffReportListing'.
2024-11-12 13:43:14,369 INFO  MethodCallReplacementClassAdapter - Adding mock interface to class org/apache/hadoop/hdfs/protocol/SnapshotDiffReportListing
2024-11-12 13:43:14,369 INFO  CreateClassResetClassAdapter - Creating brand-new static initializer in class org/apache/hadoop/hdfs/protocol/SnapshotDiffReportListing
2024-11-12 13:43:14,370 INFO  EvoClassLoader - Keeping class: org.apache.hadoop.hdfs.protocol.SnapshotDiffReportListing
2024-11-12 13:43:14,370 INFO  EvoClassLoader - Seeing class for first time: org.apache.hadoop.hdfs.protocol.proto.HdfsServerProtos$StorageInfoProto$Builder
2024-11-12 13:43:14,370 INFO  EvoClassLoader - Instrumenting class 'org.apache.hadoop.hdfs.protocol.proto.HdfsServerProtos$StorageInfoProto$Builder'.
2024-11-12 13:43:14,370 INFO  MethodCallReplacementClassAdapter - Adding mock interface to class org/apache/hadoop/hdfs/protocol/proto/HdfsServerProtos$StorageInfoProto$Builder
2024-11-12 13:43:14,371 INFO  CreateClassResetClassAdapter - Creating brand-new static initializer in class org/apache/hadoop/hdfs/protocol/proto/HdfsServerProtos$StorageInfoProto$Builder
2024-11-12 13:43:14,371 INFO  EvoClassLoader - Seeing class for first time: org.apache.hadoop.hdfs.protocol.proto.HdfsServerProtos$StorageInfoProtoOrBuilder
2024-11-12 13:43:14,371 INFO  EvoClassLoader - Instrumenting class 'org.apache.hadoop.hdfs.protocol.proto.HdfsServerProtos$StorageInfoProtoOrBuilder'.
2024-11-12 13:43:14,372 INFO  EvoClassLoader - Keeping class: org.apache.hadoop.hdfs.protocol.proto.HdfsServerProtos$StorageInfoProtoOrBuilder
2024-11-12 13:43:14,372 INFO  EvoClassLoader - Keeping class: org.apache.hadoop.hdfs.protocol.proto.HdfsServerProtos$StorageInfoProto$Builder
2024-11-12 13:43:14,372 INFO  EvoClassLoader - Seeing class for first time: org.apache.hadoop.io.EnumSetWritable
2024-11-12 13:43:14,372 INFO  EvoClassLoader - Instrumenting class 'org.apache.hadoop.io.EnumSetWritable'.
2024-11-12 13:43:14,373 INFO  MethodCallReplacementClassAdapter - Adding mock interface to class org/apache/hadoop/io/EnumSetWritable
2024-11-12 13:43:14,373 INFO  CreateClassResetClassAdapter - Found static initializer in class org/apache/hadoop/io/EnumSetWritable
2024-11-12 13:43:14,374 INFO  EvoClassLoader - Keeping class: org.apache.hadoop.io.EnumSetWritable
2024-11-12 13:43:14,374 INFO  EvoClassLoader - Seeing class for first time: org.apache.hadoop.io.WritableFactory
2024-11-12 13:43:14,374 INFO  EvoClassLoader - Instrumenting class 'org.apache.hadoop.io.WritableFactory'.
2024-11-12 13:43:14,374 INFO  EvoClassLoader - Keeping class: org.apache.hadoop.io.WritableFactory
2024-11-12 13:43:14,374 INFO  EvoClassLoader - Seeing class for first time: org.apache.hadoop.io.EnumSetWritable$1
2024-11-12 13:43:14,374 INFO  EvoClassLoader - Instrumenting class 'org.apache.hadoop.io.EnumSetWritable$1'.
2024-11-12 13:43:14,374 INFO  MethodCallReplacementClassAdapter - Adding mock interface to class org/apache/hadoop/io/EnumSetWritable$1
2024-11-12 13:43:14,375 INFO  EvoClassLoader - Keeping class: org.apache.hadoop.io.EnumSetWritable$1
2024-11-12 13:43:14,375 INFO  EvoClassLoader - Seeing class for first time: org.apache.hadoop.io.WritableFactories
2024-11-12 13:43:14,375 INFO  EvoClassLoader - Instrumenting class 'org.apache.hadoop.io.WritableFactories'.
2024-11-12 13:43:14,375 INFO  MethodCallReplacementClassAdapter - Adding mock interface to class org/apache/hadoop/io/WritableFactories
2024-11-12 13:43:14,375 INFO  CreateClassResetClassAdapter - Found static initializer in class org/apache/hadoop/io/WritableFactories
2024-11-12 13:43:14,375 INFO  EvoClassLoader - Keeping class: org.apache.hadoop.io.WritableFactories
2024-11-12 13:43:14,376 INFO  EvoClassLoader - Seeing class for first time: org.apache.hadoop.hdfs.ClientContext
2024-11-12 13:43:14,376 INFO  EvoClassLoader - Instrumenting class 'org.apache.hadoop.hdfs.ClientContext'.
2024-11-12 13:43:14,376 INFO  MethodCallReplacementClassAdapter - Adding mock interface to class org/apache/hadoop/hdfs/ClientContext
2024-11-12 13:43:14,377 INFO  CreateClassResetClassAdapter - Found static initializer in class org/apache/hadoop/hdfs/ClientContext
2024-11-12 13:43:14,377 INFO  EvoClassLoader - Keeping class: org.apache.hadoop.hdfs.ClientContext
2024-11-12 13:43:14,378 INFO  EvoClassLoader - Seeing class for first time: org.apache.hadoop.hdfs.protocol.ExtendedBlock
2024-11-12 13:43:14,378 INFO  EvoClassLoader - Instrumenting class 'org.apache.hadoop.hdfs.protocol.ExtendedBlock'.
2024-11-12 13:43:14,378 INFO  MethodCallReplacementClassAdapter - Adding mock interface to class org/apache/hadoop/hdfs/protocol/ExtendedBlock
2024-11-12 13:43:14,378 INFO  CreateClassResetClassAdapter - Creating brand-new static initializer in class org/apache/hadoop/hdfs/protocol/ExtendedBlock
2024-11-12 13:43:14,379 INFO  EvoClassLoader - Keeping class: org.apache.hadoop.hdfs.protocol.ExtendedBlock
2024-11-12 13:43:14,380 INFO  EvoClassLoader - Seeing class for first time: org.apache.hadoop.hdfs.qjournal.protocol.QJournalProtocolProtos$HeartbeatResponseProto$1
2024-11-12 13:43:14,380 INFO  EvoClassLoader - Instrumenting class 'org.apache.hadoop.hdfs.qjournal.protocol.QJournalProtocolProtos$HeartbeatResponseProto$1'.
2024-11-12 13:43:14,380 INFO  MethodCallReplacementClassAdapter - Adding mock interface to class org/apache/hadoop/hdfs/qjournal/protocol/QJournalProtocolProtos$HeartbeatResponseProto$1
2024-11-12 13:43:14,380 INFO  EvoClassLoader - Keeping class: org.apache.hadoop.hdfs.qjournal.protocol.QJournalProtocolProtos$HeartbeatResponseProto$1
2024-11-12 13:43:14,380 INFO  EvoClassLoader - Seeing class for first time: org.apache.hadoop.service.AbstractService
2024-11-12 13:43:14,380 INFO  EvoClassLoader - Instrumenting class 'org.apache.hadoop.service.AbstractService'.
2024-11-12 13:43:14,381 INFO  MethodCallReplacementClassAdapter - Adding mock interface to class org/apache/hadoop/service/AbstractService
2024-11-12 13:43:14,381 INFO  CreateClassResetClassAdapter - Found static initializer in class org/apache/hadoop/service/AbstractService
2024-11-12 13:43:14,382 INFO  EvoClassLoader - Defined package (3): package org.apache.hadoop.service, 606551810
2024-11-12 13:43:14,382 INFO  EvoClassLoader - Seeing class for first time: org.apache.hadoop.service.Service
2024-11-12 13:43:14,382 INFO  EvoClassLoader - Instrumenting class 'org.apache.hadoop.service.Service'.
2024-11-12 13:43:14,384 INFO  EvoClassLoader - Keeping class: org.apache.hadoop.service.Service
2024-11-12 13:43:14,384 INFO  EvoClassLoader - Keeping class: org.apache.hadoop.service.AbstractService
2024-11-12 13:43:14,384 INFO  EvoClassLoader - Seeing class for first time: org.apache.hadoop.service.ServiceStateException
2024-11-12 13:43:14,384 INFO  EvoClassLoader - Instrumenting class 'org.apache.hadoop.service.ServiceStateException'.
2024-11-12 13:43:14,385 INFO  MethodCallReplacementClassAdapter - Adding mock interface to class org/apache/hadoop/service/ServiceStateException
2024-11-12 13:43:14,385 INFO  CreateClassResetClassAdapter - Creating brand-new static initializer in class org/apache/hadoop/service/ServiceStateException
2024-11-12 13:43:14,385 INFO  EvoClassLoader - Seeing class for first time: org.apache.hadoop.util.ExitCodeProvider
2024-11-12 13:43:14,385 INFO  EvoClassLoader - Instrumenting class 'org.apache.hadoop.util.ExitCodeProvider'.
2024-11-12 13:43:14,385 INFO  EvoClassLoader - Keeping class: org.apache.hadoop.util.ExitCodeProvider
2024-11-12 13:43:14,386 INFO  EvoClassLoader - Keeping class: org.apache.hadoop.service.ServiceStateException
2024-11-12 13:43:14,386 INFO  EvoClassLoader - Seeing class for first time: org.apache.hadoop.service.ServiceOperations$ServiceListeners
2024-11-12 13:43:14,386 INFO  EvoClassLoader - Instrumenting class 'org.apache.hadoop.service.ServiceOperations$ServiceListeners'.
2024-11-12 13:43:14,386 INFO  MethodCallReplacementClassAdapter - Adding mock interface to class org/apache/hadoop/service/ServiceOperations$ServiceListeners
2024-11-12 13:43:14,386 INFO  CreateClassResetClassAdapter - Creating brand-new static initializer in class org/apache/hadoop/service/ServiceOperations$ServiceListeners
2024-11-12 13:43:14,386 INFO  EvoClassLoader - Keeping class: org.apache.hadoop.service.ServiceOperations$ServiceListeners
2024-11-12 13:43:14,386 INFO  EvoClassLoader - Seeing class for first time: org.apache.hadoop.hdfs.qjournal.protocol.QJournalProtocolProtos$DiscardSegmentsRequestProto$1
2024-11-12 13:43:14,386 INFO  EvoClassLoader - Instrumenting class 'org.apache.hadoop.hdfs.qjournal.protocol.QJournalProtocolProtos$DiscardSegmentsRequestProto$1'.
2024-11-12 13:43:14,387 INFO  MethodCallReplacementClassAdapter - Adding mock interface to class org/apache/hadoop/hdfs/qjournal/protocol/QJournalProtocolProtos$DiscardSegmentsRequestProto$1
2024-11-12 13:43:14,387 INFO  EvoClassLoader - Keeping class: org.apache.hadoop.hdfs.qjournal.protocol.QJournalProtocolProtos$DiscardSegmentsRequestProto$1
2024-11-12 13:43:14,387 INFO  EvoClassLoader - Seeing class for first time: org.apache.hadoop.ipc.Server
2024-11-12 13:43:14,387 INFO  EvoClassLoader - Instrumenting class 'org.apache.hadoop.ipc.Server'.
2024-11-12 13:43:14,388 INFO  MethodCallReplacementClassAdapter - Adding mock interface to class org/apache/hadoop/ipc/Server
2024-11-12 13:43:14,390 INFO  CreateClassResetClassAdapter - Found static initializer in class org/apache/hadoop/ipc/Server
2024-11-12 13:43:14,392 INFO  EvoClassLoader - Keeping class: org.apache.hadoop.ipc.Server
2024-11-12 13:43:14,392 INFO  EvoClassLoader - Seeing class for first time: org.apache.hadoop.ipc.RpcServerException
2024-11-12 13:43:14,392 INFO  EvoClassLoader - Instrumenting class 'org.apache.hadoop.ipc.RpcServerException'.
2024-11-12 13:43:14,392 INFO  MethodCallReplacementClassAdapter - Adding mock interface to class org/apache/hadoop/ipc/RpcServerException
2024-11-12 13:43:14,392 INFO  CreateClassResetClassAdapter - Creating brand-new static initializer in class org/apache/hadoop/ipc/RpcServerException
2024-11-12 13:43:14,393 INFO  EvoClassLoader - Seeing class for first time: org.apache.hadoop.ipc.RpcException
2024-11-12 13:43:14,393 INFO  EvoClassLoader - Instrumenting class 'org.apache.hadoop.ipc.RpcException'.
2024-11-12 13:43:14,393 INFO  MethodCallReplacementClassAdapter - Adding mock interface to class org/apache/hadoop/ipc/RpcException
2024-11-12 13:43:14,393 INFO  CreateClassResetClassAdapter - Creating brand-new static initializer in class org/apache/hadoop/ipc/RpcException
2024-11-12 13:43:14,393 INFO  EvoClassLoader - Keeping class: org.apache.hadoop.ipc.RpcException
2024-11-12 13:43:14,393 INFO  EvoClassLoader - Keeping class: org.apache.hadoop.ipc.RpcServerException
2024-11-12 13:43:14,393 INFO  EvoClassLoader - Seeing class for first time: org.apache.hadoop.security.authorize.AuthorizationException
2024-11-12 13:43:14,393 INFO  EvoClassLoader - Instrumenting class 'org.apache.hadoop.security.authorize.AuthorizationException'.
2024-11-12 13:43:14,393 INFO  MethodCallReplacementClassAdapter - Adding mock interface to class org/apache/hadoop/security/authorize/AuthorizationException
2024-11-12 13:43:14,393 INFO  CreateClassResetClassAdapter - Found static initializer in class org/apache/hadoop/security/authorize/AuthorizationException
2024-11-12 13:43:14,393 INFO  EvoClassLoader - Keeping class: org.apache.hadoop.security.authorize.AuthorizationException
2024-11-12 13:43:14,393 INFO  EvoClassLoader - Seeing class for first time: org.apache.hadoop.ipc.Schedulable
2024-11-12 13:43:14,393 INFO  EvoClassLoader - Instrumenting class 'org.apache.hadoop.ipc.Schedulable'.
2024-11-12 13:43:14,394 INFO  EvoClassLoader - Keeping class: org.apache.hadoop.ipc.Schedulable
2024-11-12 13:43:14,394 INFO  EvoClassLoader - Seeing class for first time: org.apache.hadoop.ipc.CallQueueManager$CallQueueOverflowException
2024-11-12 13:43:14,394 INFO  EvoClassLoader - Instrumenting class 'org.apache.hadoop.ipc.CallQueueManager$CallQueueOverflowException'.
2024-11-12 13:43:14,394 INFO  MethodCallReplacementClassAdapter - Adding mock interface to class org/apache/hadoop/ipc/CallQueueManager$CallQueueOverflowException
2024-11-12 13:43:14,394 INFO  CreateClassResetClassAdapter - Found static initializer in class org/apache/hadoop/ipc/CallQueueManager$CallQueueOverflowException
2024-11-12 13:43:14,394 INFO  EvoClassLoader - Keeping class: org.apache.hadoop.ipc.CallQueueManager$CallQueueOverflowException
2024-11-12 13:43:14,395 INFO  EvoClassLoader - Seeing class for first time: org.apache.hadoop.ipc.Server$1
2024-11-12 13:43:14,395 INFO  EvoClassLoader - Instrumenting class 'org.apache.hadoop.ipc.Server$1'.
2024-11-12 13:43:14,395 INFO  MethodCallReplacementClassAdapter - Adding mock interface to class org/apache/hadoop/ipc/Server$1
2024-11-12 13:43:14,395 INFO  EvoClassLoader - Keeping class: org.apache.hadoop.ipc.Server$1
2024-11-12 13:43:14,396 INFO  EvoClassLoader - Seeing class for first time: org.apache.hadoop.thirdparty.protobuf.CodedOutputStream$ArrayEncoder
2024-11-12 13:43:14,396 INFO  EvoClassLoader - Instrumenting class 'org.apache.hadoop.thirdparty.protobuf.CodedOutputStream$ArrayEncoder'.
2024-11-12 13:43:14,396 INFO  MethodCallReplacementClassAdapter - Adding mock interface to class org/apache/hadoop/thirdparty/protobuf/CodedOutputStream$ArrayEncoder
2024-11-12 13:43:14,397 INFO  CreateClassResetClassAdapter - Creating brand-new static initializer in class org/apache/hadoop/thirdparty/protobuf/CodedOutputStream$ArrayEncoder
2024-11-12 13:43:14,397 INFO  EvoClassLoader - Seeing class for first time: org.apache.hadoop.thirdparty.protobuf.CodedOutputStream
2024-11-12 13:43:14,398 INFO  EvoClassLoader - Instrumenting class 'org.apache.hadoop.thirdparty.protobuf.CodedOutputStream'.
2024-11-12 13:43:14,398 INFO  MethodCallReplacementClassAdapter - Adding mock interface to class org/apache/hadoop/thirdparty/protobuf/CodedOutputStream
2024-11-12 13:43:14,399 INFO  CreateClassResetClassAdapter - Found static initializer in class org/apache/hadoop/thirdparty/protobuf/CodedOutputStream
2024-11-12 13:43:14,400 INFO  EvoClassLoader - Seeing class for first time: org.apache.hadoop.thirdparty.protobuf.ByteOutput
2024-11-12 13:43:14,400 INFO  EvoClassLoader - Instrumenting class 'org.apache.hadoop.thirdparty.protobuf.ByteOutput'.
2024-11-12 13:43:14,400 INFO  MethodCallReplacementClassAdapter - Adding mock interface to class org/apache/hadoop/thirdparty/protobuf/ByteOutput
2024-11-12 13:43:14,400 INFO  CreateClassResetClassAdapter - Creating brand-new static initializer in class org/apache/hadoop/thirdparty/protobuf/ByteOutput
2024-11-12 13:43:14,400 INFO  EvoClassLoader - Keeping class: org.apache.hadoop.thirdparty.protobuf.ByteOutput
2024-11-12 13:43:14,400 INFO  EvoClassLoader - Keeping class: org.apache.hadoop.thirdparty.protobuf.CodedOutputStream
2024-11-12 13:43:14,400 INFO  EvoClassLoader - Keeping class: org.apache.hadoop.thirdparty.protobuf.CodedOutputStream$ArrayEncoder
2024-11-12 13:43:14,400 INFO  EvoClassLoader - Seeing class for first time: org.apache.hadoop.thirdparty.protobuf.CodedOutputStream$SafeDirectNioEncoder
2024-11-12 13:43:14,400 INFO  EvoClassLoader - Instrumenting class 'org.apache.hadoop.thirdparty.protobuf.CodedOutputStream$SafeDirectNioEncoder'.
2024-11-12 13:43:14,401 INFO  MethodCallReplacementClassAdapter - Adding mock interface to class org/apache/hadoop/thirdparty/protobuf/CodedOutputStream$SafeDirectNioEncoder
2024-11-12 13:43:14,401 INFO  CreateClassResetClassAdapter - Creating brand-new static initializer in class org/apache/hadoop/thirdparty/protobuf/CodedOutputStream$SafeDirectNioEncoder
2024-11-12 13:43:14,401 INFO  EvoClassLoader - Keeping class: org.apache.hadoop.thirdparty.protobuf.CodedOutputStream$SafeDirectNioEncoder
2024-11-12 13:43:14,401 INFO  EvoClassLoader - Seeing class for first time: org.apache.hadoop.thirdparty.protobuf.CodedOutputStream$UnsafeDirectNioEncoder
2024-11-12 13:43:14,401 INFO  EvoClassLoader - Instrumenting class 'org.apache.hadoop.thirdparty.protobuf.CodedOutputStream$UnsafeDirectNioEncoder'.
2024-11-12 13:43:14,401 INFO  MethodCallReplacementClassAdapter - Adding mock interface to class org/apache/hadoop/thirdparty/protobuf/CodedOutputStream$UnsafeDirectNioEncoder
2024-11-12 13:43:14,402 INFO  CreateClassResetClassAdapter - Creating brand-new static initializer in class org/apache/hadoop/thirdparty/protobuf/CodedOutputStream$UnsafeDirectNioEncoder
2024-11-12 13:43:14,402 INFO  EvoClassLoader - Keeping class: org.apache.hadoop.thirdparty.protobuf.CodedOutputStream$UnsafeDirectNioEncoder
2024-11-12 13:43:14,402 INFO  EvoClassLoader - Seeing class for first time: org.apache.hadoop.thirdparty.protobuf.CodedOutputStream$OutOfSpaceException
2024-11-12 13:43:14,402 INFO  EvoClassLoader - Instrumenting class 'org.apache.hadoop.thirdparty.protobuf.CodedOutputStream$OutOfSpaceException'.
2024-11-12 13:43:14,403 INFO  MethodCallReplacementClassAdapter - Adding mock interface to class org/apache/hadoop/thirdparty/protobuf/CodedOutputStream$OutOfSpaceException
2024-11-12 13:43:14,403 INFO  CreateClassResetClassAdapter - Creating brand-new static initializer in class org/apache/hadoop/thirdparty/protobuf/CodedOutputStream$OutOfSpaceException
2024-11-12 13:43:14,403 INFO  CreateClassResetClassAdapter - Adding bytecode for initializing field MESSAGE
2024-11-12 13:43:14,403 INFO  EvoClassLoader - Keeping class: org.apache.hadoop.thirdparty.protobuf.CodedOutputStream$OutOfSpaceException
2024-11-12 13:43:14,403 INFO  EvoClassLoader - Seeing class for first time: org.apache.hadoop.thirdparty.protobuf.CodedOutputStream$ByteOutputEncoder
2024-11-12 13:43:14,403 INFO  EvoClassLoader - Instrumenting class 'org.apache.hadoop.thirdparty.protobuf.CodedOutputStream$ByteOutputEncoder'.
2024-11-12 13:43:14,403 INFO  MethodCallReplacementClassAdapter - Adding mock interface to class org/apache/hadoop/thirdparty/protobuf/CodedOutputStream$ByteOutputEncoder
2024-11-12 13:43:14,404 INFO  CreateClassResetClassAdapter - Creating brand-new static initializer in class org/apache/hadoop/thirdparty/protobuf/CodedOutputStream$ByteOutputEncoder
2024-11-12 13:43:14,405 INFO  EvoClassLoader - Seeing class for first time: org.apache.hadoop.thirdparty.protobuf.CodedOutputStream$AbstractBufferedEncoder
2024-11-12 13:43:14,405 INFO  EvoClassLoader - Instrumenting class 'org.apache.hadoop.thirdparty.protobuf.CodedOutputStream$AbstractBufferedEncoder'.
2024-11-12 13:43:14,405 INFO  MethodCallReplacementClassAdapter - Adding mock interface to class org/apache/hadoop/thirdparty/protobuf/CodedOutputStream$AbstractBufferedEncoder
2024-11-12 13:43:14,405 INFO  CreateClassResetClassAdapter - Creating brand-new static initializer in class org/apache/hadoop/thirdparty/protobuf/CodedOutputStream$AbstractBufferedEncoder
2024-11-12 13:43:14,405 INFO  EvoClassLoader - Keeping class: org.apache.hadoop.thirdparty.protobuf.CodedOutputStream$AbstractBufferedEncoder
2024-11-12 13:43:14,405 INFO  EvoClassLoader - Keeping class: org.apache.hadoop.thirdparty.protobuf.CodedOutputStream$ByteOutputEncoder
2024-11-12 13:43:14,405 INFO  EvoClassLoader - Seeing class for first time: org.apache.hadoop.thirdparty.protobuf.CodedOutputStream$HeapNioEncoder
2024-11-12 13:43:14,405 INFO  EvoClassLoader - Instrumenting class 'org.apache.hadoop.thirdparty.protobuf.CodedOutputStream$HeapNioEncoder'.
2024-11-12 13:43:14,405 INFO  MethodCallReplacementClassAdapter - Adding mock interface to class org/apache/hadoop/thirdparty/protobuf/CodedOutputStream$HeapNioEncoder
2024-11-12 13:43:14,406 INFO  CreateClassResetClassAdapter - Creating brand-new static initializer in class org/apache/hadoop/thirdparty/protobuf/CodedOutputStream$HeapNioEncoder
2024-11-12 13:43:14,406 INFO  EvoClassLoader - Keeping class: org.apache.hadoop.thirdparty.protobuf.CodedOutputStream$HeapNioEncoder
2024-11-12 13:43:14,406 INFO  EvoClassLoader - Seeing class for first time: org.apache.hadoop.thirdparty.protobuf.CodedOutputStream$OutputStreamEncoder
2024-11-12 13:43:14,406 INFO  EvoClassLoader - Instrumenting class 'org.apache.hadoop.thirdparty.protobuf.CodedOutputStream$OutputStreamEncoder'.
2024-11-12 13:43:14,406 INFO  MethodCallReplacementClassAdapter - Adding mock interface to class org/apache/hadoop/thirdparty/protobuf/CodedOutputStream$OutputStreamEncoder
2024-11-12 13:43:14,408 INFO  CreateClassResetClassAdapter - Creating brand-new static initializer in class org/apache/hadoop/thirdparty/protobuf/CodedOutputStream$OutputStreamEncoder
2024-11-12 13:43:14,409 INFO  EvoClassLoader - Keeping class: org.apache.hadoop.thirdparty.protobuf.CodedOutputStream$OutputStreamEncoder
2024-11-12 13:43:14,410 INFO  EvoClassLoader - Seeing class for first time: org.apache.hadoop.hdfs.protocol.proto.HdfsServerProtos$NNHAStatusHeartbeatProto
2024-11-12 13:43:14,410 INFO  EvoClassLoader - Instrumenting class 'org.apache.hadoop.hdfs.protocol.proto.HdfsServerProtos$NNHAStatusHeartbeatProto'.
2024-11-12 13:43:14,411 INFO  MethodCallReplacementClassAdapter - Adding mock interface to class org/apache/hadoop/hdfs/protocol/proto/HdfsServerProtos$NNHAStatusHeartbeatProto
2024-11-12 13:43:14,412 INFO  CreateClassResetClassAdapter - Found static initializer in class org/apache/hadoop/hdfs/protocol/proto/HdfsServerProtos$NNHAStatusHeartbeatProto
2024-11-12 13:43:14,412 INFO  EvoClassLoader - Seeing class for first time: org.apache.hadoop.hdfs.protocol.proto.HdfsServerProtos$NNHAStatusHeartbeatProtoOrBuilder
2024-11-12 13:43:14,412 INFO  EvoClassLoader - Instrumenting class 'org.apache.hadoop.hdfs.protocol.proto.HdfsServerProtos$NNHAStatusHeartbeatProtoOrBuilder'.
2024-11-12 13:43:14,413 INFO  EvoClassLoader - Keeping class: org.apache.hadoop.hdfs.protocol.proto.HdfsServerProtos$NNHAStatusHeartbeatProtoOrBuilder
2024-11-12 13:43:14,413 INFO  EvoClassLoader - Keeping class: org.apache.hadoop.hdfs.protocol.proto.HdfsServerProtos$NNHAStatusHeartbeatProto
2024-11-12 13:43:14,414 INFO  EvoClassLoader - Seeing class for first time: org.apache.hadoop.hdfs.protocol.proto.HdfsServerProtos$NNHAStatusHeartbeatProto$1
2024-11-12 13:43:14,414 INFO  EvoClassLoader - Instrumenting class 'org.apache.hadoop.hdfs.protocol.proto.HdfsServerProtos$NNHAStatusHeartbeatProto$1'.
2024-11-12 13:43:14,414 INFO  MethodCallReplacementClassAdapter - Adding mock interface to class org/apache/hadoop/hdfs/protocol/proto/HdfsServerProtos$NNHAStatusHeartbeatProto$1
2024-11-12 13:43:14,415 INFO  EvoClassLoader - Keeping class: org.apache.hadoop.hdfs.protocol.proto.HdfsServerProtos$NNHAStatusHeartbeatProto$1
2024-11-12 13:43:14,415 INFO  EvoClassLoader - Seeing class for first time: org.apache.hadoop.thirdparty.protobuf.StructProto
2024-11-12 13:43:14,415 INFO  EvoClassLoader - Instrumenting class 'org.apache.hadoop.thirdparty.protobuf.StructProto'.
2024-11-12 13:43:14,415 INFO  MethodCallReplacementClassAdapter - Adding mock interface to class org/apache/hadoop/thirdparty/protobuf/StructProto
2024-11-12 13:43:14,416 INFO  CreateClassResetClassAdapter - Found static initializer in class org/apache/hadoop/thirdparty/protobuf/StructProto
2024-11-12 13:43:14,416 INFO  EvoClassLoader - Keeping class: org.apache.hadoop.thirdparty.protobuf.StructProto
2024-11-12 13:43:14,417 INFO  EvoClassLoader - Seeing class for first time: org.apache.hadoop.thirdparty.protobuf.DescriptorProtos$OneofOptionsOrBuilder
2024-11-12 13:43:14,417 INFO  EvoClassLoader - Instrumenting class 'org.apache.hadoop.thirdparty.protobuf.DescriptorProtos$OneofOptionsOrBuilder'.
2024-11-12 13:43:14,418 INFO  EvoClassLoader - Keeping class: org.apache.hadoop.thirdparty.protobuf.DescriptorProtos$OneofOptionsOrBuilder
2024-11-12 13:43:14,419 INFO  EvoClassLoader - Seeing class for first time: org.apache.hadoop.thirdparty.protobuf.DescriptorProtos$OneofDescriptorProto$1
2024-11-12 13:43:14,419 INFO  EvoClassLoader - Instrumenting class 'org.apache.hadoop.thirdparty.protobuf.DescriptorProtos$OneofDescriptorProto$1'.
2024-11-12 13:43:14,419 INFO  MethodCallReplacementClassAdapter - Adding mock interface to class org/apache/hadoop/thirdparty/protobuf/DescriptorProtos$OneofDescriptorProto$1
2024-11-12 13:43:14,421 INFO  EvoClassLoader - Keeping class: org.apache.hadoop.thirdparty.protobuf.DescriptorProtos$OneofDescriptorProto$1
2024-11-12 13:43:14,421 INFO  EvoClassLoader - Seeing class for first time: org.apache.hadoop.thirdparty.protobuf.DescriptorProtos$OneofDescriptorProto$Builder
2024-11-12 13:43:14,421 INFO  EvoClassLoader - Instrumenting class 'org.apache.hadoop.thirdparty.protobuf.DescriptorProtos$OneofDescriptorProto$Builder'.
2024-11-12 13:43:14,422 INFO  MethodCallReplacementClassAdapter - Adding mock interface to class org/apache/hadoop/thirdparty/protobuf/DescriptorProtos$OneofDescriptorProto$Builder
2024-11-12 13:43:14,423 INFO  CreateClassResetClassAdapter - Creating brand-new static initializer in class org/apache/hadoop/thirdparty/protobuf/DescriptorProtos$OneofDescriptorProto$Builder
2024-11-12 13:43:14,425 INFO  EvoClassLoader - Keeping class: org.apache.hadoop.thirdparty.protobuf.DescriptorProtos$OneofDescriptorProto$Builder
2024-11-12 13:43:14,425 INFO  EvoClassLoader - Seeing class for first time: org.apache.hadoop.thirdparty.protobuf.DescriptorProtos$OneofOptions
2024-11-12 13:43:14,425 INFO  EvoClassLoader - Instrumenting class 'org.apache.hadoop.thirdparty.protobuf.DescriptorProtos$OneofOptions'.
2024-11-12 13:43:14,425 INFO  MethodCallReplacementClassAdapter - Adding mock interface to class org/apache/hadoop/thirdparty/protobuf/DescriptorProtos$OneofOptions
2024-11-12 13:43:14,426 INFO  CreateClassResetClassAdapter - Found static initializer in class org/apache/hadoop/thirdparty/protobuf/DescriptorProtos$OneofOptions
2024-11-12 13:43:14,426 INFO  EvoClassLoader - Keeping class: org.apache.hadoop.thirdparty.protobuf.DescriptorProtos$OneofOptions
2024-11-12 13:43:14,428 INFO  EvoClassLoader - Seeing class for first time: org.apache.hadoop.hdfs.server.protocol.DatanodeLifelineProtocol
2024-11-12 13:43:14,428 INFO  EvoClassLoader - Instrumenting class 'org.apache.hadoop.hdfs.server.protocol.DatanodeLifelineProtocol'.
2024-11-12 13:43:14,429 INFO  EvoClassLoader - Keeping class: org.apache.hadoop.hdfs.server.protocol.DatanodeLifelineProtocol
2024-11-12 13:43:14,429 INFO  EvoClassLoader - Seeing class for first time: org.apache.hadoop.hdfs.qjournal.protocol.QJournalProtocolProtos$GetJournalCTimeResponseProto$Builder
2024-11-12 13:43:14,429 INFO  EvoClassLoader - Instrumenting class 'org.apache.hadoop.hdfs.qjournal.protocol.QJournalProtocolProtos$GetJournalCTimeResponseProto$Builder'.
2024-11-12 13:43:14,430 INFO  MethodCallReplacementClassAdapter - Adding mock interface to class org/apache/hadoop/hdfs/qjournal/protocol/QJournalProtocolProtos$GetJournalCTimeResponseProto$Builder
2024-11-12 13:43:14,430 INFO  CreateClassResetClassAdapter - Creating brand-new static initializer in class org/apache/hadoop/hdfs/qjournal/protocol/QJournalProtocolProtos$GetJournalCTimeResponseProto$Builder
2024-11-12 13:43:14,430 INFO  EvoClassLoader - Seeing class for first time: org.apache.hadoop.hdfs.qjournal.protocol.QJournalProtocolProtos$GetJournalCTimeResponseProtoOrBuilder
2024-11-12 13:43:14,430 INFO  EvoClassLoader - Instrumenting class 'org.apache.hadoop.hdfs.qjournal.protocol.QJournalProtocolProtos$GetJournalCTimeResponseProtoOrBuilder'.
2024-11-12 13:43:14,431 INFO  EvoClassLoader - Keeping class: org.apache.hadoop.hdfs.qjournal.protocol.QJournalProtocolProtos$GetJournalCTimeResponseProtoOrBuilder
2024-11-12 13:43:14,431 INFO  EvoClassLoader - Keeping class: org.apache.hadoop.hdfs.qjournal.protocol.QJournalProtocolProtos$GetJournalCTimeResponseProto$Builder
2024-11-12 13:43:14,431 INFO  EvoClassLoader - Seeing class for first time: org.apache.commons.cli.Option$Builder
2024-11-12 13:43:14,431 INFO  EvoClassLoader - Instrumenting class 'org.apache.commons.cli.Option$Builder'.
2024-11-12 13:43:14,431 INFO  MethodCallReplacementClassAdapter - Adding mock interface to class org/apache/commons/cli/Option$Builder
2024-11-12 13:43:14,432 INFO  CreateClassResetClassAdapter - Creating brand-new static initializer in class org/apache/commons/cli/Option$Builder
2024-11-12 13:43:14,432 INFO  EvoClassLoader - Defined package (3): package org.apache.commons.cli, -528318268
2024-11-12 13:43:14,432 INFO  EvoClassLoader - Keeping class: org.apache.commons.cli.Option$Builder
2024-11-12 13:43:14,433 INFO  EvoClassLoader - Seeing class for first time: org.apache.hadoop.metrics2.MetricsSource
2024-11-12 13:43:14,433 INFO  EvoClassLoader - Instrumenting class 'org.apache.hadoop.metrics2.MetricsSource'.
2024-11-12 13:43:14,433 INFO  EvoClassLoader - Defined package (3): package org.apache.hadoop.metrics2, -190125790
2024-11-12 13:43:14,433 INFO  EvoClassLoader - Keeping class: org.apache.hadoop.metrics2.MetricsSource
2024-11-12 13:43:14,433 INFO  EvoClassLoader - Seeing class for first time: org.apache.hadoop.hdfs.qjournal.protocol.QJournalProtocolProtos$QJournalProtocolService
2024-11-12 13:43:14,433 INFO  EvoClassLoader - Instrumenting class 'org.apache.hadoop.hdfs.qjournal.protocol.QJournalProtocolProtos$QJournalProtocolService'.
2024-11-12 13:43:14,433 INFO  MethodCallReplacementClassAdapter - Adding mock interface to class org/apache/hadoop/hdfs/qjournal/protocol/QJournalProtocolProtos$QJournalProtocolService
2024-11-12 13:43:14,434 INFO  CreateClassResetClassAdapter - Creating brand-new static initializer in class org/apache/hadoop/hdfs/qjournal/protocol/QJournalProtocolProtos$QJournalProtocolService
2024-11-12 13:43:14,435 INFO  EvoClassLoader - Seeing class for first time: org.apache.hadoop.thirdparty.protobuf.Service
2024-11-12 13:43:14,435 INFO  EvoClassLoader - Instrumenting class 'org.apache.hadoop.thirdparty.protobuf.Service'.
2024-11-12 13:43:14,435 INFO  EvoClassLoader - Keeping class: org.apache.hadoop.thirdparty.protobuf.Service
2024-11-12 13:43:14,435 INFO  EvoClassLoader - Keeping class: org.apache.hadoop.hdfs.qjournal.protocol.QJournalProtocolProtos$QJournalProtocolService
2024-11-12 13:43:14,435 INFO  EvoClassLoader - Seeing class for first time: org.apache.hadoop.hdfs.qjournal.protocol.QJournalProtocolProtos$QJournalProtocolService$BlockingInterface
2024-11-12 13:43:14,435 INFO  EvoClassLoader - Instrumenting class 'org.apache.hadoop.hdfs.qjournal.protocol.QJournalProtocolProtos$QJournalProtocolService$BlockingInterface'.
2024-11-12 13:43:14,436 INFO  EvoClassLoader - Keeping class: org.apache.hadoop.hdfs.qjournal.protocol.QJournalProtocolProtos$QJournalProtocolService$BlockingInterface
2024-11-12 13:43:14,436 INFO  EvoClassLoader - Seeing class for first time: org.apache.hadoop.thirdparty.protobuf.BlockingService
2024-11-12 13:43:14,436 INFO  EvoClassLoader - Instrumenting class 'org.apache.hadoop.thirdparty.protobuf.BlockingService'.
2024-11-12 13:43:14,437 INFO  EvoClassLoader - Keeping class: org.apache.hadoop.thirdparty.protobuf.BlockingService
2024-11-12 13:43:14,437 INFO  EvoClassLoader - Seeing class for first time: org.apache.hadoop.hdfs.protocol.HdfsFileStatus
2024-11-12 13:43:14,437 INFO  EvoClassLoader - Instrumenting class 'org.apache.hadoop.hdfs.protocol.HdfsFileStatus'.
2024-11-12 13:43:14,437 INFO  EvoClassLoader - Keeping class: org.apache.hadoop.hdfs.protocol.HdfsFileStatus
2024-11-12 13:43:14,438 INFO  EvoClassLoader - Seeing class for first time: org.apache.hadoop.fs.permission.FsPermission
2024-11-12 13:43:14,438 INFO  EvoClassLoader - Instrumenting class 'org.apache.hadoop.fs.permission.FsPermission'.
2024-11-12 13:43:14,438 INFO  MethodCallReplacementClassAdapter - Adding mock interface to class org/apache/hadoop/fs/permission/FsPermission
2024-11-12 13:43:14,438 INFO  CreateClassResetClassAdapter - Found static initializer in class org/apache/hadoop/fs/permission/FsPermission
2024-11-12 13:43:14,438 INFO  EvoClassLoader - Defined package (3): package org.apache.hadoop.fs.permission, 1810436125
2024-11-12 13:43:14,439 INFO  EvoClassLoader - Keeping class: org.apache.hadoop.fs.permission.FsPermission
2024-11-12 13:43:14,439 INFO  EvoClassLoader - Seeing class for first time: org.apache.hadoop.hdfs.protocol.FsPermissionExtension
2024-11-12 13:43:14,439 INFO  EvoClassLoader - Instrumenting class 'org.apache.hadoop.hdfs.protocol.FsPermissionExtension'.
2024-11-12 13:43:14,439 INFO  MethodCallReplacementClassAdapter - Adding mock interface to class org/apache/hadoop/hdfs/protocol/FsPermissionExtension
2024-11-12 13:43:14,439 INFO  CreateClassResetClassAdapter - Creating brand-new static initializer in class org/apache/hadoop/hdfs/protocol/FsPermissionExtension
2024-11-12 13:43:14,439 INFO  CreateClassResetClassAdapter - Adding bytecode for initializing field ACL_BIT
2024-11-12 13:43:14,439 INFO  CreateClassResetClassAdapter - Adding bytecode for initializing field ENCRYPTED_BIT
2024-11-12 13:43:14,439 INFO  CreateClassResetClassAdapter - Adding bytecode for initializing field ERASURE_CODED_BIT
2024-11-12 13:43:14,439 INFO  EvoClassLoader - Keeping class: org.apache.hadoop.hdfs.protocol.FsPermissionExtension
2024-11-12 13:43:14,439 INFO  EvoClassLoader - Seeing class for first time: org.apache.hadoop.hdfs.protocol.HdfsFileStatus$1
2024-11-12 13:43:14,439 INFO  EvoClassLoader - Instrumenting class 'org.apache.hadoop.hdfs.protocol.HdfsFileStatus$1'.
2024-11-12 13:43:14,440 INFO  MethodCallReplacementClassAdapter - Adding mock interface to class org/apache/hadoop/hdfs/protocol/HdfsFileStatus$1
2024-11-12 13:43:14,440 INFO  EvoClassLoader - Keeping class: org.apache.hadoop.hdfs.protocol.HdfsFileStatus$1
2024-11-12 13:43:14,440 INFO  EvoClassLoader - Seeing class for first time: org.apache.hadoop.hdfs.qjournal.protocol.QJournalProtocolProtos$RequestInfoProto$1
2024-11-12 13:43:14,440 INFO  EvoClassLoader - Instrumenting class 'org.apache.hadoop.hdfs.qjournal.protocol.QJournalProtocolProtos$RequestInfoProto$1'.
2024-11-12 13:43:14,440 INFO  MethodCallReplacementClassAdapter - Adding mock interface to class org/apache/hadoop/hdfs/qjournal/protocol/QJournalProtocolProtos$RequestInfoProto$1
2024-11-12 13:43:14,440 INFO  EvoClassLoader - Keeping class: org.apache.hadoop.hdfs.qjournal.protocol.QJournalProtocolProtos$RequestInfoProto$1
2024-11-12 13:43:14,440 INFO  EvoClassLoader - Seeing class for first time: net.bytebuddy.matcher.ElementMatcher
2024-11-12 13:43:14,440 INFO  EvoClassLoader - Instrumenting class 'net.bytebuddy.matcher.ElementMatcher'.
2024-11-12 13:43:14,440 INFO  EvoClassLoader - Defined package (3): package net.bytebuddy.matcher, -63983631
2024-11-12 13:43:14,441 INFO  EvoClassLoader - Keeping class: net.bytebuddy.matcher.ElementMatcher
2024-11-12 13:43:14,441 INFO  EvoClassLoader - Seeing class for first time: org.apache.hadoop.hdfs.server.datanode.BlockScanner
2024-11-12 13:43:14,441 INFO  EvoClassLoader - Instrumenting class 'org.apache.hadoop.hdfs.server.datanode.BlockScanner'.
2024-11-12 13:43:14,441 INFO  MethodCallReplacementClassAdapter - Adding mock interface to class org/apache/hadoop/hdfs/server/datanode/BlockScanner
2024-11-12 13:43:14,441 INFO  CreateClassResetClassAdapter - Found static initializer in class org/apache/hadoop/hdfs/server/datanode/BlockScanner
2024-11-12 13:43:14,441 INFO  EvoClassLoader - Keeping class: org.apache.hadoop.hdfs.server.datanode.BlockScanner
2024-11-12 13:43:14,441 INFO  EvoClassLoader - Seeing class for first time: org.apache.hadoop.hdfs.server.datanode.VolumeScanner
2024-11-12 13:43:14,441 INFO  EvoClassLoader - Instrumenting class 'org.apache.hadoop.hdfs.server.datanode.VolumeScanner'.
2024-11-12 13:43:14,442 INFO  MethodCallReplacementClassAdapter - Adding mock interface to class org/apache/hadoop/hdfs/server/datanode/VolumeScanner
2024-11-12 13:43:14,444 INFO  CreateClassResetClassAdapter - Found static initializer in class org/apache/hadoop/hdfs/server/datanode/VolumeScanner
2024-11-12 13:43:14,445 INFO  EvoClassLoader - Keeping class: org.apache.hadoop.hdfs.server.datanode.VolumeScanner
2024-11-12 13:43:14,446 INFO  EvoClassLoader - Seeing class for first time: org.apache.hadoop.thirdparty.protobuf.SmallSortedMap$EntryIterator
2024-11-12 13:43:14,446 INFO  EvoClassLoader - Instrumenting class 'org.apache.hadoop.thirdparty.protobuf.SmallSortedMap$EntryIterator'.
2024-11-12 13:43:14,446 INFO  MethodCallReplacementClassAdapter - Adding mock interface to class org/apache/hadoop/thirdparty/protobuf/SmallSortedMap$EntryIterator
2024-11-12 13:43:14,447 INFO  CreateClassResetClassAdapter - Creating brand-new static initializer in class org/apache/hadoop/thirdparty/protobuf/SmallSortedMap$EntryIterator
2024-11-12 13:43:14,447 INFO  EvoClassLoader - Keeping class: org.apache.hadoop.thirdparty.protobuf.SmallSortedMap$EntryIterator
2024-11-12 13:43:14,448 INFO  EvoClassLoader - Seeing class for first time: org.apache.hadoop.hdfs.protocol.proto.HdfsServerProtos$VersionRequestProtoOrBuilder
2024-11-12 13:43:14,448 INFO  EvoClassLoader - Instrumenting class 'org.apache.hadoop.hdfs.protocol.proto.HdfsServerProtos$VersionRequestProtoOrBuilder'.
2024-11-12 13:43:14,448 INFO  EvoClassLoader - Keeping class: org.apache.hadoop.hdfs.protocol.proto.HdfsServerProtos$VersionRequestProtoOrBuilder
2024-11-12 13:43:14,448 INFO  EvoClassLoader - Seeing class for first time: org.eclipse.jetty.util.log.Logger
2024-11-12 13:43:14,448 INFO  EvoClassLoader - Instrumenting class 'org.eclipse.jetty.util.log.Logger'.
2024-11-12 13:43:14,448 INFO  EvoClassLoader - Defined package (3): package org.eclipse.jetty.util.log, -1550856903
2024-11-12 13:43:14,449 INFO  EvoClassLoader - Keeping class: org.eclipse.jetty.util.log.Logger
2024-11-12 13:43:14,449 INFO  EvoClassLoader - Seeing class for first time: org.apache.hadoop.thirdparty.protobuf.EnumValue
2024-11-12 13:43:14,449 INFO  EvoClassLoader - Instrumenting class 'org.apache.hadoop.thirdparty.protobuf.EnumValue'.
2024-11-12 13:43:14,449 INFO  MethodCallReplacementClassAdapter - Adding mock interface to class org/apache/hadoop/thirdparty/protobuf/EnumValue
2024-11-12 13:43:14,450 INFO  CreateClassResetClassAdapter - Found static initializer in class org/apache/hadoop/thirdparty/protobuf/EnumValue
2024-11-12 13:43:14,450 INFO  EvoClassLoader - Seeing class for first time: org.apache.hadoop.thirdparty.protobuf.EnumValueOrBuilder
2024-11-12 13:43:14,450 INFO  EvoClassLoader - Instrumenting class 'org.apache.hadoop.thirdparty.protobuf.EnumValueOrBuilder'.
2024-11-12 13:43:14,451 INFO  EvoClassLoader - Keeping class: org.apache.hadoop.thirdparty.protobuf.EnumValueOrBuilder
2024-11-12 13:43:14,451 INFO  EvoClassLoader - Keeping class: org.apache.hadoop.thirdparty.protobuf.EnumValue
2024-11-12 13:43:14,452 INFO  EvoClassLoader - Seeing class for first time: org.apache.hadoop.thirdparty.protobuf.EnumValue$1
2024-11-12 13:43:14,452 INFO  EvoClassLoader - Instrumenting class 'org.apache.hadoop.thirdparty.protobuf.EnumValue$1'.
2024-11-12 13:43:14,452 INFO  MethodCallReplacementClassAdapter - Adding mock interface to class org/apache/hadoop/thirdparty/protobuf/EnumValue$1
2024-11-12 13:43:14,453 INFO  EvoClassLoader - Keeping class: org.apache.hadoop.thirdparty.protobuf.EnumValue$1
2024-11-12 13:43:14,453 INFO  EvoClassLoader - Seeing class for first time: org.eclipse.jetty.io.ArrayByteBufferPool
2024-11-12 13:43:14,453 INFO  EvoClassLoader - Instrumenting class 'org.eclipse.jetty.io.ArrayByteBufferPool'.
2024-11-12 13:43:14,454 INFO  MethodCallReplacementClassAdapter - Adding mock interface to class org/eclipse/jetty/io/ArrayByteBufferPool
2024-11-12 13:43:14,455 INFO  CreateClassResetClassAdapter - Found static initializer in class org/eclipse/jetty/io/ArrayByteBufferPool
2024-11-12 13:43:14,456 INFO  EvoClassLoader - Seeing class for first time: org.eclipse.jetty.util.component.Dumpable
2024-11-12 13:43:14,456 INFO  EvoClassLoader - Instrumenting class 'org.eclipse.jetty.util.component.Dumpable'.
2024-11-12 13:43:14,457 INFO  EvoClassLoader - Defined package (3): package org.eclipse.jetty.util.component, 1836137266
2024-11-12 13:43:14,457 INFO  EvoClassLoader - Keeping class: org.eclipse.jetty.util.component.Dumpable
2024-11-12 13:43:14,457 INFO  EvoClassLoader - Seeing class for first time: org.eclipse.jetty.io.AbstractByteBufferPool
2024-11-12 13:43:14,457 INFO  EvoClassLoader - Instrumenting class 'org.eclipse.jetty.io.AbstractByteBufferPool'.
2024-11-12 13:43:14,457 INFO  MethodCallReplacementClassAdapter - Adding mock interface to class org/eclipse/jetty/io/AbstractByteBufferPool
2024-11-12 13:43:14,457 INFO  CreateClassResetClassAdapter - Creating brand-new static initializer in class org/eclipse/jetty/io/AbstractByteBufferPool
2024-11-12 13:43:14,458 INFO  EvoClassLoader - Seeing class for first time: org.eclipse.jetty.io.ByteBufferPool
2024-11-12 13:43:14,458 INFO  EvoClassLoader - Instrumenting class 'org.eclipse.jetty.io.ByteBufferPool'.
2024-11-12 13:43:14,458 INFO  EvoClassLoader - Keeping class: org.eclipse.jetty.io.ByteBufferPool
2024-11-12 13:43:14,458 INFO  EvoClassLoader - Keeping class: org.eclipse.jetty.io.AbstractByteBufferPool
2024-11-12 13:43:14,458 INFO  EvoClassLoader - Keeping class: org.eclipse.jetty.io.ArrayByteBufferPool
2024-11-12 13:43:14,458 INFO  EvoClassLoader - Seeing class for first time: org.eclipse.jetty.util.log.Log
2024-11-12 13:43:14,458 INFO  EvoClassLoader - Instrumenting class 'org.eclipse.jetty.util.log.Log'.
2024-11-12 13:43:14,459 INFO  MethodCallReplacementClassAdapter - Adding mock interface to class org/eclipse/jetty/util/log/Log
2024-11-12 13:43:14,459 INFO  CreateClassResetClassAdapter - Found static initializer in class org/eclipse/jetty/util/log/Log
2024-11-12 13:43:14,460 INFO  EvoClassLoader - Keeping class: org.eclipse.jetty.util.log.Log
2024-11-12 13:43:14,460 INFO  EvoClassLoader - Seeing class for first time: org.eclipse.jetty.util.log.Log$1
2024-11-12 13:43:14,460 INFO  EvoClassLoader - Instrumenting class 'org.eclipse.jetty.util.log.Log$1'.
2024-11-12 13:43:14,460 INFO  MethodCallReplacementClassAdapter - Adding mock interface to class org/eclipse/jetty/util/log/Log$1
2024-11-12 13:43:14,460 INFO  EvoClassLoader - Keeping class: org.eclipse.jetty.util.log.Log$1
2024-11-12 13:43:14,460 INFO  EvoClassLoader - Seeing class for first time: org.eclipse.jetty.util.Loader
2024-11-12 13:43:14,460 INFO  EvoClassLoader - Instrumenting class 'org.eclipse.jetty.util.Loader'.
2024-11-12 13:43:14,461 INFO  MethodCallReplacementClassAdapter - Adding mock interface to class org/eclipse/jetty/util/Loader
2024-11-12 13:43:14,461 INFO  CreateClassResetClassAdapter - Creating brand-new static initializer in class org/eclipse/jetty/util/Loader
2024-11-12 13:43:14,461 INFO  EvoClassLoader - Defined package (3): package org.eclipse.jetty.util, 464202339
2024-11-12 13:43:14,461 INFO  EvoClassLoader - Keeping class: org.eclipse.jetty.util.Loader
2024-11-12 13:43:14,461 INFO  EvoClassLoader - Seeing class for first time: org.eclipse.jetty.util.log.Slf4jLog
2024-11-12 13:43:14,461 INFO  EvoClassLoader - Instrumenting class 'org.eclipse.jetty.util.log.Slf4jLog'.
2024-11-12 13:43:14,462 INFO  MethodCallReplacementClassAdapter - Adding mock interface to class org/eclipse/jetty/util/log/Slf4jLog
2024-11-12 13:43:14,462 INFO  CreateClassResetClassAdapter - Creating brand-new static initializer in class org/eclipse/jetty/util/log/Slf4jLog
2024-11-12 13:43:14,462 INFO  EvoClassLoader - Seeing class for first time: org.eclipse.jetty.util.log.AbstractLogger
2024-11-12 13:43:14,462 INFO  EvoClassLoader - Instrumenting class 'org.eclipse.jetty.util.log.AbstractLogger'.
2024-11-12 13:43:14,462 INFO  MethodCallReplacementClassAdapter - Adding mock interface to class org/eclipse/jetty/util/log/AbstractLogger
2024-11-12 13:43:14,462 INFO  CreateClassResetClassAdapter - Creating brand-new static initializer in class org/eclipse/jetty/util/log/AbstractLogger
2024-11-12 13:43:14,462 INFO  CreateClassResetClassAdapter - Adding bytecode for initializing field LEVEL_DEFAULT
2024-11-12 13:43:14,462 INFO  CreateClassResetClassAdapter - Adding bytecode for initializing field LEVEL_ALL
2024-11-12 13:43:14,462 INFO  CreateClassResetClassAdapter - Adding bytecode for initializing field LEVEL_DEBUG
2024-11-12 13:43:14,462 INFO  CreateClassResetClassAdapter - Adding bytecode for initializing field LEVEL_INFO
2024-11-12 13:43:14,462 INFO  CreateClassResetClassAdapter - Adding bytecode for initializing field LEVEL_WARN
2024-11-12 13:43:14,462 INFO  CreateClassResetClassAdapter - Adding bytecode for initializing field LEVEL_OFF
2024-11-12 13:43:14,462 INFO  EvoClassLoader - Keeping class: org.eclipse.jetty.util.log.AbstractLogger
2024-11-12 13:43:14,462 INFO  EvoClassLoader - Keeping class: org.eclipse.jetty.util.log.Slf4jLog
2024-11-12 13:43:14,463 INFO  EvoClassLoader - Seeing class for first time: org.eclipse.jetty.util.log.JettyAwareLogger
2024-11-12 13:43:14,463 INFO  EvoClassLoader - Instrumenting class 'org.eclipse.jetty.util.log.JettyAwareLogger'.
2024-11-12 13:43:14,463 INFO  MethodCallReplacementClassAdapter - Adding mock interface to class org/eclipse/jetty/util/log/JettyAwareLogger
2024-11-12 13:43:14,464 INFO  CreateClassResetClassAdapter - Found static initializer in class org/eclipse/jetty/util/log/JettyAwareLogger
2024-11-12 13:43:14,464 INFO  EvoClassLoader - Keeping class: org.eclipse.jetty.util.log.JettyAwareLogger
2024-11-12 13:43:14,465 INFO  EvoClassLoader - Seeing class for first time: org.eclipse.jetty.util.Uptime
2024-11-12 13:43:14,465 INFO  EvoClassLoader - Instrumenting class 'org.eclipse.jetty.util.Uptime'.
2024-11-12 13:43:14,465 INFO  MethodCallReplacementClassAdapter - Adding mock interface to class org/eclipse/jetty/util/Uptime
2024-11-12 13:43:14,465 INFO  CreateClassResetClassAdapter - Found static initializer in class org/eclipse/jetty/util/Uptime
2024-11-12 13:43:14,466 INFO  EvoClassLoader - Keeping class: org.eclipse.jetty.util.Uptime
2024-11-12 13:43:14,466 INFO  EvoClassLoader - Seeing class for first time: org.eclipse.jetty.util.Uptime$Impl
2024-11-12 13:43:14,466 INFO  EvoClassLoader - Instrumenting class 'org.eclipse.jetty.util.Uptime$Impl'.
2024-11-12 13:43:14,466 INFO  EvoClassLoader - Keeping class: org.eclipse.jetty.util.Uptime$Impl
2024-11-12 13:43:14,466 INFO  EvoClassLoader - Seeing class for first time: org.eclipse.jetty.util.Uptime$DefaultImpl
2024-11-12 13:43:14,466 INFO  EvoClassLoader - Instrumenting class 'org.eclipse.jetty.util.Uptime$DefaultImpl'.
2024-11-12 13:43:14,467 INFO  MethodCallReplacementClassAdapter - Adding mock interface to class org/eclipse/jetty/util/Uptime$DefaultImpl
2024-11-12 13:43:14,469 INFO  CreateClassResetClassAdapter - Creating brand-new static initializer in class org/eclipse/jetty/util/Uptime$DefaultImpl
2024-11-12 13:43:14,469 INFO  EvoClassLoader - Keeping class: org.eclipse.jetty.util.Uptime$DefaultImpl
2024-11-12 13:43:14,471 INFO  log - Logging initialized @56400ms to org.eclipse.jetty.util.log.Slf4jLog
2024-11-12 13:43:14,471 INFO  EvoClassLoader - Seeing class for first time: org.apache.hadoop.hdfs.protocol.ECTopologyVerifierResult
2024-11-12 13:43:14,471 INFO  EvoClassLoader - Instrumenting class 'org.apache.hadoop.hdfs.protocol.ECTopologyVerifierResult'.
2024-11-12 13:43:14,472 INFO  MethodCallReplacementClassAdapter - Adding mock interface to class org/apache/hadoop/hdfs/protocol/ECTopologyVerifierResult
2024-11-12 13:43:14,472 INFO  CreateClassResetClassAdapter - Creating brand-new static initializer in class org/apache/hadoop/hdfs/protocol/ECTopologyVerifierResult
2024-11-12 13:43:14,472 INFO  EvoClassLoader - Keeping class: org.apache.hadoop.hdfs.protocol.ECTopologyVerifierResult
2024-11-12 13:43:14,473 INFO  EvoClassLoader - Seeing class for first time: org.apache.hadoop.thirdparty.protobuf.DescriptorProtos$UninterpretedOption$1
2024-11-12 13:43:14,473 INFO  EvoClassLoader - Instrumenting class 'org.apache.hadoop.thirdparty.protobuf.DescriptorProtos$UninterpretedOption$1'.
2024-11-12 13:43:14,473 INFO  MethodCallReplacementClassAdapter - Adding mock interface to class org/apache/hadoop/thirdparty/protobuf/DescriptorProtos$UninterpretedOption$1
2024-11-12 13:43:14,473 INFO  EvoClassLoader - Keeping class: org.apache.hadoop.thirdparty.protobuf.DescriptorProtos$UninterpretedOption$1
2024-11-12 13:43:14,474 INFO  EvoClassLoader - Seeing class for first time: org.apache.hadoop.security.authorize.PolicyProvider$1
2024-11-12 13:43:14,474 INFO  EvoClassLoader - Instrumenting class 'org.apache.hadoop.security.authorize.PolicyProvider$1'.
2024-11-12 13:43:14,474 INFO  MethodCallReplacementClassAdapter - Adding mock interface to class org/apache/hadoop/security/authorize/PolicyProvider$1
2024-11-12 13:43:14,474 INFO  EvoClassLoader - Keeping class: org.apache.hadoop.security.authorize.PolicyProvider$1
2024-11-12 13:43:14,474 INFO  EvoClassLoader - Seeing class for first time: org.apache.hadoop.hdfs.qjournal.protocol.QJournalProtocolProtos$PrepareRecoveryRequestProto
2024-11-12 13:43:14,474 INFO  EvoClassLoader - Instrumenting class 'org.apache.hadoop.hdfs.qjournal.protocol.QJournalProtocolProtos$PrepareRecoveryRequestProto'.
2024-11-12 13:43:14,474 INFO  MethodCallReplacementClassAdapter - Adding mock interface to class org/apache/hadoop/hdfs/qjournal/protocol/QJournalProtocolProtos$PrepareRecoveryRequestProto
2024-11-12 13:43:14,475 INFO  CreateClassResetClassAdapter - Found static initializer in class org/apache/hadoop/hdfs/qjournal/protocol/QJournalProtocolProtos$PrepareRecoveryRequestProto
2024-11-12 13:43:14,475 INFO  EvoClassLoader - Seeing class for first time: org.apache.hadoop.hdfs.qjournal.protocol.QJournalProtocolProtos$PrepareRecoveryRequestProtoOrBuilder
2024-11-12 13:43:14,475 INFO  EvoClassLoader - Instrumenting class 'org.apache.hadoop.hdfs.qjournal.protocol.QJournalProtocolProtos$PrepareRecoveryRequestProtoOrBuilder'.
2024-11-12 13:43:14,475 INFO  EvoClassLoader - Keeping class: org.apache.hadoop.hdfs.qjournal.protocol.QJournalProtocolProtos$PrepareRecoveryRequestProtoOrBuilder
2024-11-12 13:43:14,475 INFO  EvoClassLoader - Keeping class: org.apache.hadoop.hdfs.qjournal.protocol.QJournalProtocolProtos$PrepareRecoveryRequestProto
2024-11-12 13:43:14,476 INFO  EvoClassLoader - Seeing class for first time: org.apache.hadoop.hdfs.qjournal.protocol.QJournalProtocolProtos$PrepareRecoveryRequestProto$1
2024-11-12 13:43:14,476 INFO  EvoClassLoader - Instrumenting class 'org.apache.hadoop.hdfs.qjournal.protocol.QJournalProtocolProtos$PrepareRecoveryRequestProto$1'.
2024-11-12 13:43:14,476 INFO  MethodCallReplacementClassAdapter - Adding mock interface to class org/apache/hadoop/hdfs/qjournal/protocol/QJournalProtocolProtos$PrepareRecoveryRequestProto$1
2024-11-12 13:43:14,476 INFO  EvoClassLoader - Keeping class: org.apache.hadoop.hdfs.qjournal.protocol.QJournalProtocolProtos$PrepareRecoveryRequestProto$1
2024-11-12 13:43:14,476 INFO  EvoClassLoader - Seeing class for first time: org.apache.hadoop.util.Shell$CommandExecutor
2024-11-12 13:43:14,476 INFO  EvoClassLoader - Instrumenting class 'org.apache.hadoop.util.Shell$CommandExecutor'.
2024-11-12 13:43:14,476 INFO  EvoClassLoader - Keeping class: org.apache.hadoop.util.Shell$CommandExecutor
2024-11-12 13:43:14,476 INFO  EvoClassLoader - Seeing class for first time: org.apache.hadoop.hdfs.qjournal.protocol.QJournalProtocolProtos$IsFormattedRequestProto$Builder
2024-11-12 13:43:14,476 INFO  EvoClassLoader - Instrumenting class 'org.apache.hadoop.hdfs.qjournal.protocol.QJournalProtocolProtos$IsFormattedRequestProto$Builder'.
2024-11-12 13:43:14,477 INFO  MethodCallReplacementClassAdapter - Adding mock interface to class org/apache/hadoop/hdfs/qjournal/protocol/QJournalProtocolProtos$IsFormattedRequestProto$Builder
2024-11-12 13:43:14,477 INFO  CreateClassResetClassAdapter - Creating brand-new static initializer in class org/apache/hadoop/hdfs/qjournal/protocol/QJournalProtocolProtos$IsFormattedRequestProto$Builder
2024-11-12 13:43:14,478 INFO  EvoClassLoader - Seeing class for first time: org.apache.hadoop.hdfs.qjournal.protocol.QJournalProtocolProtos$IsFormattedRequestProtoOrBuilder
2024-11-12 13:43:14,478 INFO  EvoClassLoader - Instrumenting class 'org.apache.hadoop.hdfs.qjournal.protocol.QJournalProtocolProtos$IsFormattedRequestProtoOrBuilder'.
2024-11-12 13:43:14,478 INFO  EvoClassLoader - Keeping class: org.apache.hadoop.hdfs.qjournal.protocol.QJournalProtocolProtos$IsFormattedRequestProtoOrBuilder
2024-11-12 13:43:14,478 INFO  EvoClassLoader - Keeping class: org.apache.hadoop.hdfs.qjournal.protocol.QJournalProtocolProtos$IsFormattedRequestProto$Builder
2024-11-12 13:43:14,479 INFO  EvoClassLoader - Seeing class for first time: org.apache.hadoop.hdfs.qjournal.protocol.QJournalProtocolProtos$PurgeLogsResponseProto$Builder
2024-11-12 13:43:14,479 INFO  EvoClassLoader - Instrumenting class 'org.apache.hadoop.hdfs.qjournal.protocol.QJournalProtocolProtos$PurgeLogsResponseProto$Builder'.
2024-11-12 13:43:14,479 INFO  MethodCallReplacementClassAdapter - Adding mock interface to class org/apache/hadoop/hdfs/qjournal/protocol/QJournalProtocolProtos$PurgeLogsResponseProto$Builder
2024-11-12 13:43:14,479 INFO  CreateClassResetClassAdapter - Creating brand-new static initializer in class org/apache/hadoop/hdfs/qjournal/protocol/QJournalProtocolProtos$PurgeLogsResponseProto$Builder
2024-11-12 13:43:14,480 INFO  EvoClassLoader - Keeping class: org.apache.hadoop.hdfs.qjournal.protocol.QJournalProtocolProtos$PurgeLogsResponseProto$Builder
2024-11-12 13:43:14,480 INFO  EvoClassLoader - Seeing class for first time: org.apache.hadoop.hdfs.server.protocol.NamenodeRegistration
2024-11-12 13:43:14,480 INFO  EvoClassLoader - Instrumenting class 'org.apache.hadoop.hdfs.server.protocol.NamenodeRegistration'.
2024-11-12 13:43:14,480 INFO  MethodCallReplacementClassAdapter - Adding mock interface to class org/apache/hadoop/hdfs/server/protocol/NamenodeRegistration
2024-11-12 13:43:14,480 INFO  CreateClassResetClassAdapter - Creating brand-new static initializer in class org/apache/hadoop/hdfs/server/protocol/NamenodeRegistration
2024-11-12 13:43:14,480 INFO  EvoClassLoader - Keeping class: org.apache.hadoop.hdfs.server.protocol.NamenodeRegistration
2024-11-12 13:43:14,480 INFO  EvoClassLoader - Seeing class for first time: org.apache.hadoop.thirdparty.protobuf.UnknownFieldSet$Field$Builder
2024-11-12 13:43:14,480 INFO  EvoClassLoader - Instrumenting class 'org.apache.hadoop.thirdparty.protobuf.UnknownFieldSet$Field$Builder'.
2024-11-12 13:43:14,480 INFO  MethodCallReplacementClassAdapter - Adding mock interface to class org/apache/hadoop/thirdparty/protobuf/UnknownFieldSet$Field$Builder
2024-11-12 13:43:14,481 INFO  CreateClassResetClassAdapter - Creating brand-new static initializer in class org/apache/hadoop/thirdparty/protobuf/UnknownFieldSet$Field$Builder
2024-11-12 13:43:14,481 INFO  EvoClassLoader - Keeping class: org.apache.hadoop.thirdparty.protobuf.UnknownFieldSet$Field$Builder
2024-11-12 13:43:14,481 INFO  EvoClassLoader - Seeing class for first time: org.apache.hadoop.hdfs.qjournal.protocol.QJournalProtocolProtos$DoFinalizeRequestProto
2024-11-12 13:43:14,481 INFO  EvoClassLoader - Instrumenting class 'org.apache.hadoop.hdfs.qjournal.protocol.QJournalProtocolProtos$DoFinalizeRequestProto'.
2024-11-12 13:43:14,481 INFO  MethodCallReplacementClassAdapter - Adding mock interface to class org/apache/hadoop/hdfs/qjournal/protocol/QJournalProtocolProtos$DoFinalizeRequestProto
2024-11-12 13:43:14,482 INFO  CreateClassResetClassAdapter - Found static initializer in class org/apache/hadoop/hdfs/qjournal/protocol/QJournalProtocolProtos$DoFinalizeRequestProto
2024-11-12 13:43:14,482 INFO  EvoClassLoader - Seeing class for first time: org.apache.hadoop.hdfs.qjournal.protocol.QJournalProtocolProtos$DoFinalizeRequestProtoOrBuilder
2024-11-12 13:43:14,483 INFO  EvoClassLoader - Instrumenting class 'org.apache.hadoop.hdfs.qjournal.protocol.QJournalProtocolProtos$DoFinalizeRequestProtoOrBuilder'.
2024-11-12 13:43:14,483 INFO  EvoClassLoader - Keeping class: org.apache.hadoop.hdfs.qjournal.protocol.QJournalProtocolProtos$DoFinalizeRequestProtoOrBuilder
2024-11-12 13:43:14,483 INFO  EvoClassLoader - Keeping class: org.apache.hadoop.hdfs.qjournal.protocol.QJournalProtocolProtos$DoFinalizeRequestProto
2024-11-12 13:43:14,483 INFO  EvoClassLoader - Seeing class for first time: org.apache.commons.cli.Util
2024-11-12 13:43:14,483 INFO  EvoClassLoader - Instrumenting class 'org.apache.commons.cli.Util'.
2024-11-12 13:43:14,484 INFO  MethodCallReplacementClassAdapter - Adding mock interface to class org/apache/commons/cli/Util
2024-11-12 13:43:14,484 INFO  CreateClassResetClassAdapter - Found static initializer in class org/apache/commons/cli/Util
2024-11-12 13:43:14,484 INFO  EvoClassLoader - Keeping class: org.apache.commons.cli.Util
2024-11-12 13:43:14,484 INFO  EvoClassLoader - Seeing class for first time: org.apache.hadoop.thirdparty.protobuf.DescriptorProtos$EnumValueOptions$Builder
2024-11-12 13:43:14,484 INFO  EvoClassLoader - Instrumenting class 'org.apache.hadoop.thirdparty.protobuf.DescriptorProtos$EnumValueOptions$Builder'.
2024-11-12 13:43:14,484 INFO  MethodCallReplacementClassAdapter - Adding mock interface to class org/apache/hadoop/thirdparty/protobuf/DescriptorProtos$EnumValueOptions$Builder
2024-11-12 13:43:14,485 INFO  CreateClassResetClassAdapter - Creating brand-new static initializer in class org/apache/hadoop/thirdparty/protobuf/DescriptorProtos$EnumValueOptions$Builder
2024-11-12 13:43:14,486 INFO  EvoClassLoader - Keeping class: org.apache.hadoop.thirdparty.protobuf.DescriptorProtos$EnumValueOptions$Builder
2024-11-12 13:43:14,487 INFO  EvoClassLoader - Seeing class for first time: org.apache.hadoop.util.JvmPauseMonitor
2024-11-12 13:43:14,487 INFO  EvoClassLoader - Instrumenting class 'org.apache.hadoop.util.JvmPauseMonitor'.
2024-11-12 13:43:14,487 INFO  MethodCallReplacementClassAdapter - Adding mock interface to class org/apache/hadoop/util/JvmPauseMonitor
2024-11-12 13:43:14,487 INFO  CreateClassResetClassAdapter - Found static initializer in class org/apache/hadoop/util/JvmPauseMonitor
2024-11-12 13:43:14,488 INFO  EvoClassLoader - Keeping class: org.apache.hadoop.util.JvmPauseMonitor
2024-11-12 13:43:14,488 INFO  EvoClassLoader - Seeing class for first time: org.apache.hadoop.classification.InterfaceStability$Evolving
2024-11-12 13:43:14,488 INFO  EvoClassLoader - Instrumenting class 'org.apache.hadoop.classification.InterfaceStability$Evolving'.
2024-11-12 13:43:14,488 INFO  EvoClassLoader - Defined package (3): package org.apache.hadoop.classification, 1598700281
2024-11-12 13:43:14,488 INFO  EvoClassLoader - Keeping class: org.apache.hadoop.classification.InterfaceStability$Evolving
2024-11-12 13:43:14,488 INFO  EvoClassLoader - Seeing class for first time: org.apache.hadoop.fs.permission.FsAction
2024-11-12 13:43:14,488 INFO  EvoClassLoader - Instrumenting class 'org.apache.hadoop.fs.permission.FsAction'.
2024-11-12 13:43:14,488 INFO  MethodCallReplacementClassAdapter - Adding mock interface to class org/apache/hadoop/fs/permission/FsAction
2024-11-12 13:43:14,489 INFO  CreateClassResetClassAdapter - Found static initializer in class org/apache/hadoop/fs/permission/FsAction
2024-11-12 13:43:14,489 INFO  EvoClassLoader - Keeping class: org.apache.hadoop.fs.permission.FsAction
2024-11-12 13:43:14,489 INFO  EvoClassLoader - Seeing class for first time: org.apache.hadoop.ipc.protobuf.RpcHeaderProtos$RpcSaslProto
2024-11-12 13:43:14,489 INFO  EvoClassLoader - Instrumenting class 'org.apache.hadoop.ipc.protobuf.RpcHeaderProtos$RpcSaslProto'.
2024-11-12 13:43:14,489 INFO  MethodCallReplacementClassAdapter - Adding mock interface to class org/apache/hadoop/ipc/protobuf/RpcHeaderProtos$RpcSaslProto
2024-11-12 13:43:14,490 INFO  CreateClassResetClassAdapter - Found static initializer in class org/apache/hadoop/ipc/protobuf/RpcHeaderProtos$RpcSaslProto
2024-11-12 13:43:14,491 INFO  EvoClassLoader - Keeping class: org.apache.hadoop.ipc.protobuf.RpcHeaderProtos$RpcSaslProto
2024-11-12 13:43:14,491 INFO  EvoClassLoader - Seeing class for first time: org.apache.hadoop.ipc.protobuf.RpcHeaderProtos$RpcSaslProto$1
2024-11-12 13:43:14,491 INFO  EvoClassLoader - Instrumenting class 'org.apache.hadoop.ipc.protobuf.RpcHeaderProtos$RpcSaslProto$1'.
2024-11-12 13:43:14,492 INFO  MethodCallReplacementClassAdapter - Adding mock interface to class org/apache/hadoop/ipc/protobuf/RpcHeaderProtos$RpcSaslProto$1
2024-11-12 13:43:14,492 INFO  EvoClassLoader - Keeping class: org.apache.hadoop.ipc.protobuf.RpcHeaderProtos$RpcSaslProto$1
2024-11-12 13:43:14,492 INFO  EvoClassLoader - Seeing class for first time: org.apache.hadoop.hdfs.server.protocol.CheckpointCommand
2024-11-12 13:43:14,492 INFO  EvoClassLoader - Instrumenting class 'org.apache.hadoop.hdfs.server.protocol.CheckpointCommand'.
2024-11-12 13:43:14,492 INFO  MethodCallReplacementClassAdapter - Adding mock interface to class org/apache/hadoop/hdfs/server/protocol/CheckpointCommand
2024-11-12 13:43:14,493 INFO  CreateClassResetClassAdapter - Creating brand-new static initializer in class org/apache/hadoop/hdfs/server/protocol/CheckpointCommand
2024-11-12 13:43:14,493 INFO  EvoClassLoader - Seeing class for first time: org.apache.hadoop.hdfs.server.protocol.NamenodeCommand
2024-11-12 13:43:14,493 INFO  EvoClassLoader - Instrumenting class 'org.apache.hadoop.hdfs.server.protocol.NamenodeCommand'.
2024-11-12 13:43:14,493 INFO  MethodCallReplacementClassAdapter - Adding mock interface to class org/apache/hadoop/hdfs/server/protocol/NamenodeCommand
2024-11-12 13:43:14,493 INFO  CreateClassResetClassAdapter - Creating brand-new static initializer in class org/apache/hadoop/hdfs/server/protocol/NamenodeCommand
2024-11-12 13:43:14,493 INFO  EvoClassLoader - Seeing class for first time: org.apache.hadoop.hdfs.server.protocol.ServerCommand
2024-11-12 13:43:14,493 INFO  EvoClassLoader - Instrumenting class 'org.apache.hadoop.hdfs.server.protocol.ServerCommand'.
2024-11-12 13:43:14,493 INFO  MethodCallReplacementClassAdapter - Adding mock interface to class org/apache/hadoop/hdfs/server/protocol/ServerCommand
2024-11-12 13:43:14,493 INFO  CreateClassResetClassAdapter - Creating brand-new static initializer in class org/apache/hadoop/hdfs/server/protocol/ServerCommand
2024-11-12 13:43:14,493 INFO  EvoClassLoader - Keeping class: org.apache.hadoop.hdfs.server.protocol.ServerCommand
2024-11-12 13:43:14,493 INFO  EvoClassLoader - Keeping class: org.apache.hadoop.hdfs.server.protocol.NamenodeCommand
2024-11-12 13:43:14,494 INFO  EvoClassLoader - Keeping class: org.apache.hadoop.hdfs.server.protocol.CheckpointCommand
2024-11-12 13:43:14,495 INFO  EvoClassLoader - Seeing class for first time: org.apache.hadoop.thirdparty.protobuf.Field$Kind
2024-11-12 13:43:14,495 INFO  EvoClassLoader - Instrumenting class 'org.apache.hadoop.thirdparty.protobuf.Field$Kind'.
2024-11-12 13:43:14,495 INFO  MethodCallReplacementClassAdapter - Adding mock interface to class org/apache/hadoop/thirdparty/protobuf/Field$Kind
2024-11-12 13:43:14,496 INFO  CreateClassResetClassAdapter - Found static initializer in class org/apache/hadoop/thirdparty/protobuf/Field$Kind
2024-11-12 13:43:14,497 INFO  EvoClassLoader - Keeping class: org.apache.hadoop.thirdparty.protobuf.Field$Kind
2024-11-12 13:43:14,497 INFO  EvoClassLoader - Seeing class for first time: org.apache.hadoop.thirdparty.protobuf.Field$Kind$1
2024-11-12 13:43:14,497 INFO  EvoClassLoader - Instrumenting class 'org.apache.hadoop.thirdparty.protobuf.Field$Kind$1'.
2024-11-12 13:43:14,497 INFO  MethodCallReplacementClassAdapter - Adding mock interface to class org/apache/hadoop/thirdparty/protobuf/Field$Kind$1
2024-11-12 13:43:14,498 INFO  EvoClassLoader - Keeping class: org.apache.hadoop.thirdparty.protobuf.Field$Kind$1
2024-11-12 13:43:14,498 INFO  EvoClassLoader - Seeing class for first time: org.apache.hadoop.thirdparty.protobuf.Syntax$1
2024-11-12 13:43:14,498 INFO  EvoClassLoader - Instrumenting class 'org.apache.hadoop.thirdparty.protobuf.Syntax$1'.
2024-11-12 13:43:14,498 INFO  MethodCallReplacementClassAdapter - Adding mock interface to class org/apache/hadoop/thirdparty/protobuf/Syntax$1
2024-11-12 13:43:14,498 INFO  EvoClassLoader - Keeping class: org.apache.hadoop.thirdparty.protobuf.Syntax$1
2024-11-12 13:43:14,498 INFO  EvoClassLoader - Seeing class for first time: org.apache.hadoop.hdfs.protocol.proto.HdfsServerProtos$StorageInfoProto
2024-11-12 13:43:14,498 INFO  EvoClassLoader - Instrumenting class 'org.apache.hadoop.hdfs.protocol.proto.HdfsServerProtos$StorageInfoProto'.
2024-11-12 13:43:14,499 INFO  MethodCallReplacementClassAdapter - Adding mock interface to class org/apache/hadoop/hdfs/protocol/proto/HdfsServerProtos$StorageInfoProto
2024-11-12 13:43:14,500 INFO  CreateClassResetClassAdapter - Found static initializer in class org/apache/hadoop/hdfs/protocol/proto/HdfsServerProtos$StorageInfoProto
2024-11-12 13:43:14,501 INFO  EvoClassLoader - Keeping class: org.apache.hadoop.hdfs.protocol.proto.HdfsServerProtos$StorageInfoProto
2024-11-12 13:43:14,502 INFO  EvoClassLoader - Seeing class for first time: org.apache.hadoop.hdfs.protocol.proto.HdfsServerProtos$StorageInfoProto$1
2024-11-12 13:43:14,502 INFO  EvoClassLoader - Instrumenting class 'org.apache.hadoop.hdfs.protocol.proto.HdfsServerProtos$StorageInfoProto$1'.
2024-11-12 13:43:14,502 INFO  MethodCallReplacementClassAdapter - Adding mock interface to class org/apache/hadoop/hdfs/protocol/proto/HdfsServerProtos$StorageInfoProto$1
2024-11-12 13:43:14,503 INFO  EvoClassLoader - Keeping class: org.apache.hadoop.hdfs.protocol.proto.HdfsServerProtos$StorageInfoProto$1
2024-11-12 13:43:14,503 INFO  EvoClassLoader - Seeing class for first time: org.eclipse.jetty.util.component.LifeCycle$Listener
2024-11-12 13:43:14,503 INFO  EvoClassLoader - Instrumenting class 'org.eclipse.jetty.util.component.LifeCycle$Listener'.
2024-11-12 13:43:14,504 INFO  EvoClassLoader - Keeping class: org.eclipse.jetty.util.component.LifeCycle$Listener
2024-11-12 13:43:14,504 INFO  EvoClassLoader - Seeing class for first time: org.apache.hadoop.hdfs.server.datanode.FileIoProvider$WrappedFileInputStream
2024-11-12 13:43:14,504 INFO  EvoClassLoader - Instrumenting class 'org.apache.hadoop.hdfs.server.datanode.FileIoProvider$WrappedFileInputStream'.
2024-11-12 13:43:14,505 INFO  MethodCallReplacementClassAdapter - Adding mock interface to class org/apache/hadoop/hdfs/server/datanode/FileIoProvider$WrappedFileInputStream
2024-11-12 13:43:14,505 INFO  CreateClassResetClassAdapter - Creating brand-new static initializer in class org/apache/hadoop/hdfs/server/datanode/FileIoProvider$WrappedFileInputStream
2024-11-12 13:43:14,505 INFO  EvoClassLoader - Keeping class: org.apache.hadoop.hdfs.server.datanode.FileIoProvider$WrappedFileInputStream
2024-11-12 13:43:14,505 INFO  EvoClassLoader - Seeing class for first time: org.apache.hadoop.ipc.protobuf.RpcHeaderProtos$RpcResponseHeaderProto$RpcStatusProto
2024-11-12 13:43:14,505 INFO  EvoClassLoader - Instrumenting class 'org.apache.hadoop.ipc.protobuf.RpcHeaderProtos$RpcResponseHeaderProto$RpcStatusProto'.
2024-11-12 13:43:14,506 INFO  MethodCallReplacementClassAdapter - Adding mock interface to class org/apache/hadoop/ipc/protobuf/RpcHeaderProtos$RpcResponseHeaderProto$RpcStatusProto
2024-11-12 13:43:14,507 INFO  CreateClassResetClassAdapter - Found static initializer in class org/apache/hadoop/ipc/protobuf/RpcHeaderProtos$RpcResponseHeaderProto$RpcStatusProto
2024-11-12 13:43:14,508 INFO  EvoClassLoader - Keeping class: org.apache.hadoop.ipc.protobuf.RpcHeaderProtos$RpcResponseHeaderProto$RpcStatusProto
2024-11-12 13:43:14,508 INFO  EvoClassLoader - Seeing class for first time: org.apache.hadoop.ipc.protobuf.RpcHeaderProtos$RpcResponseHeaderProto$RpcStatusProto$1
2024-11-12 13:43:14,508 INFO  EvoClassLoader - Instrumenting class 'org.apache.hadoop.ipc.protobuf.RpcHeaderProtos$RpcResponseHeaderProto$RpcStatusProto$1'.
2024-11-12 13:43:14,508 INFO  MethodCallReplacementClassAdapter - Adding mock interface to class org/apache/hadoop/ipc/protobuf/RpcHeaderProtos$RpcResponseHeaderProto$RpcStatusProto$1
2024-11-12 13:43:14,509 INFO  EvoClassLoader - Keeping class: org.apache.hadoop.ipc.protobuf.RpcHeaderProtos$RpcResponseHeaderProto$RpcStatusProto$1
2024-11-12 13:43:14,510 INFO  EvoClassLoader - Seeing class for first time: org.apache.hadoop.hdfs.server.datanode.DiskBalancerWorkStatus
2024-11-12 13:43:14,510 INFO  EvoClassLoader - Instrumenting class 'org.apache.hadoop.hdfs.server.datanode.DiskBalancerWorkStatus'.
2024-11-12 13:43:14,510 INFO  MethodCallReplacementClassAdapter - Adding mock interface to class org/apache/hadoop/hdfs/server/datanode/DiskBalancerWorkStatus
2024-11-12 13:43:14,510 INFO  CreateClassResetClassAdapter - Found static initializer in class org/apache/hadoop/hdfs/server/datanode/DiskBalancerWorkStatus
2024-11-12 13:43:14,511 INFO  EvoClassLoader - Keeping class: org.apache.hadoop.hdfs.server.datanode.DiskBalancerWorkStatus
2024-11-12 13:43:14,511 INFO  EvoClassLoader - Seeing class for first time: com.fasterxml.jackson.databind.JavaType
2024-11-12 13:43:14,511 INFO  EvoClassLoader - Instrumenting class 'com.fasterxml.jackson.databind.JavaType'.
2024-11-12 13:43:14,511 INFO  MethodCallReplacementClassAdapter - Adding mock interface to class com/fasterxml/jackson/databind/JavaType
2024-11-12 13:43:14,512 INFO  CreateClassResetClassAdapter - Creating brand-new static initializer in class com/fasterxml/jackson/databind/JavaType
2024-11-12 13:43:14,513 INFO  EvoClassLoader - Defined package (3): package com.fasterxml.jackson.databind, 1861367343
2024-11-12 13:43:14,513 INFO  EvoClassLoader - Seeing class for first time: com.fasterxml.jackson.core.type.ResolvedType
2024-11-12 13:43:14,513 INFO  EvoClassLoader - Instrumenting class 'com.fasterxml.jackson.core.type.ResolvedType'.
2024-11-12 13:43:14,513 INFO  MethodCallReplacementClassAdapter - Adding mock interface to class com/fasterxml/jackson/core/type/ResolvedType
2024-11-12 13:43:14,513 INFO  CreateClassResetClassAdapter - Creating brand-new static initializer in class com/fasterxml/jackson/core/type/ResolvedType
2024-11-12 13:43:14,514 INFO  EvoClassLoader - Defined package (3): package com.fasterxml.jackson.core.type, 596633057
2024-11-12 13:43:14,514 INFO  EvoClassLoader - Keeping class: com.fasterxml.jackson.core.type.ResolvedType
2024-11-12 13:43:14,514 INFO  EvoClassLoader - Keeping class: com.fasterxml.jackson.databind.JavaType
2024-11-12 13:43:14,514 INFO  EvoClassLoader - Seeing class for first time: com.fasterxml.jackson.databind.type.CollectionType
2024-11-12 13:43:14,514 INFO  EvoClassLoader - Instrumenting class 'com.fasterxml.jackson.databind.type.CollectionType'.
2024-11-12 13:43:14,514 INFO  MethodCallReplacementClassAdapter - Adding mock interface to class com/fasterxml/jackson/databind/type/CollectionType
2024-11-12 13:43:14,514 INFO  CreateClassResetClassAdapter - Creating brand-new static initializer in class com/fasterxml/jackson/databind/type/CollectionType
2024-11-12 13:43:14,514 INFO  EvoClassLoader - Defined package (3): package com.fasterxml.jackson.databind.type, -1863182439
2024-11-12 13:43:14,515 INFO  EvoClassLoader - Seeing class for first time: com.fasterxml.jackson.databind.type.CollectionLikeType
2024-11-12 13:43:14,515 INFO  EvoClassLoader - Instrumenting class 'com.fasterxml.jackson.databind.type.CollectionLikeType'.
2024-11-12 13:43:14,515 INFO  MethodCallReplacementClassAdapter - Adding mock interface to class com/fasterxml/jackson/databind/type/CollectionLikeType
2024-11-12 13:43:14,516 INFO  CreateClassResetClassAdapter - Creating brand-new static initializer in class com/fasterxml/jackson/databind/type/CollectionLikeType
2024-11-12 13:43:14,516 INFO  EvoClassLoader - Seeing class for first time: com.fasterxml.jackson.databind.type.TypeBase
2024-11-12 13:43:14,516 INFO  EvoClassLoader - Instrumenting class 'com.fasterxml.jackson.databind.type.TypeBase'.
2024-11-12 13:43:14,517 INFO  MethodCallReplacementClassAdapter - Adding mock interface to class com/fasterxml/jackson/databind/type/TypeBase
2024-11-12 13:43:14,517 INFO  CreateClassResetClassAdapter - Found static initializer in class com/fasterxml/jackson/databind/type/TypeBase
2024-11-12 13:43:14,518 INFO  EvoClassLoader - Seeing class for first time: com.fasterxml.jackson.databind.JsonSerializable
2024-11-12 13:43:14,518 INFO  EvoClassLoader - Instrumenting class 'com.fasterxml.jackson.databind.JsonSerializable'.
2024-11-12 13:43:14,518 INFO  EvoClassLoader - Keeping class: com.fasterxml.jackson.databind.JsonSerializable
2024-11-12 13:43:14,518 INFO  EvoClassLoader - Keeping class: com.fasterxml.jackson.databind.type.TypeBase
2024-11-12 13:43:14,518 INFO  EvoClassLoader - Keeping class: com.fasterxml.jackson.databind.type.CollectionLikeType
2024-11-12 13:43:14,518 INFO  EvoClassLoader - Keeping class: com.fasterxml.jackson.databind.type.CollectionType
2024-11-12 13:43:14,518 INFO  EvoClassLoader - Seeing class for first time: com.fasterxml.jackson.databind.ObjectMapper
2024-11-12 13:43:14,518 INFO  EvoClassLoader - Instrumenting class 'com.fasterxml.jackson.databind.ObjectMapper'.
2024-11-12 13:43:14,520 INFO  MethodCallReplacementClassAdapter - Adding mock interface to class com/fasterxml/jackson/databind/ObjectMapper
2024-11-12 13:43:14,529 INFO  CreateClassResetClassAdapter - Found static initializer in class com/fasterxml/jackson/databind/ObjectMapper
2024-11-12 13:43:14,530 INFO  EvoClassLoader - Seeing class for first time: com.fasterxml.jackson.core.Versioned
2024-11-12 13:43:14,530 INFO  EvoClassLoader - Instrumenting class 'com.fasterxml.jackson.core.Versioned'.
2024-11-12 13:43:14,531 INFO  EvoClassLoader - Defined package (3): package com.fasterxml.jackson.core, 1215208167
2024-11-12 13:43:14,531 INFO  EvoClassLoader - Keeping class: com.fasterxml.jackson.core.Versioned
2024-11-12 13:43:14,531 INFO  EvoClassLoader - Seeing class for first time: com.fasterxml.jackson.core.ObjectCodec
2024-11-12 13:43:14,531 INFO  EvoClassLoader - Instrumenting class 'com.fasterxml.jackson.core.ObjectCodec'.
2024-11-12 13:43:14,531 INFO  MethodCallReplacementClassAdapter - Adding mock interface to class com/fasterxml/jackson/core/ObjectCodec
2024-11-12 13:43:14,531 INFO  CreateClassResetClassAdapter - Creating brand-new static initializer in class com/fasterxml/jackson/core/ObjectCodec
2024-11-12 13:43:14,532 INFO  EvoClassLoader - Seeing class for first time: com.fasterxml.jackson.core.TreeCodec
2024-11-12 13:43:14,532 INFO  EvoClassLoader - Instrumenting class 'com.fasterxml.jackson.core.TreeCodec'.
2024-11-12 13:43:14,532 INFO  MethodCallReplacementClassAdapter - Adding mock interface to class com/fasterxml/jackson/core/TreeCodec
2024-11-12 13:43:14,532 INFO  CreateClassResetClassAdapter - Creating brand-new static initializer in class com/fasterxml/jackson/core/TreeCodec
2024-11-12 13:43:14,532 INFO  EvoClassLoader - Keeping class: com.fasterxml.jackson.core.TreeCodec
2024-11-12 13:43:14,532 INFO  EvoClassLoader - Keeping class: com.fasterxml.jackson.core.ObjectCodec
2024-11-12 13:43:14,532 INFO  EvoClassLoader - Keeping class: com.fasterxml.jackson.databind.ObjectMapper
2024-11-12 13:43:14,533 INFO  EvoClassLoader - Seeing class for first time: com.fasterxml.jackson.databind.AnnotationIntrospector
2024-11-12 13:43:14,533 INFO  EvoClassLoader - Instrumenting class 'com.fasterxml.jackson.databind.AnnotationIntrospector'.
2024-11-12 13:43:14,533 INFO  MethodCallReplacementClassAdapter - Adding mock interface to class com/fasterxml/jackson/databind/AnnotationIntrospector
2024-11-12 13:43:14,533 INFO  CreateClassResetClassAdapter - Creating brand-new static initializer in class com/fasterxml/jackson/databind/AnnotationIntrospector
2024-11-12 13:43:14,534 INFO  EvoClassLoader - Keeping class: com.fasterxml.jackson.databind.AnnotationIntrospector
2024-11-12 13:43:14,534 INFO  EvoClassLoader - Seeing class for first time: com.fasterxml.jackson.databind.introspect.JacksonAnnotationIntrospector
2024-11-12 13:43:14,534 INFO  EvoClassLoader - Instrumenting class 'com.fasterxml.jackson.databind.introspect.JacksonAnnotationIntrospector'.
2024-11-12 13:43:14,535 INFO  MethodCallReplacementClassAdapter - Adding mock interface to class com/fasterxml/jackson/databind/introspect/JacksonAnnotationIntrospector
2024-11-12 13:43:14,539 INFO  CreateClassResetClassAdapter - Found static initializer in class com/fasterxml/jackson/databind/introspect/JacksonAnnotationIntrospector
2024-11-12 13:43:14,540 INFO  EvoClassLoader - Defined package (3): package com.fasterxml.jackson.databind.introspect, 359547468
2024-11-12 13:43:14,541 INFO  EvoClassLoader - Keeping class: com.fasterxml.jackson.databind.introspect.JacksonAnnotationIntrospector
2024-11-12 13:43:14,541 INFO  EvoClassLoader - Seeing class for first time: com.fasterxml.jackson.databind.introspect.AccessorNamingStrategy$Provider
2024-11-12 13:43:14,541 INFO  EvoClassLoader - Instrumenting class 'com.fasterxml.jackson.databind.introspect.AccessorNamingStrategy$Provider'.
2024-11-12 13:43:14,542 INFO  MethodCallReplacementClassAdapter - Adding mock interface to class com/fasterxml/jackson/databind/introspect/AccessorNamingStrategy$Provider
2024-11-12 13:43:14,542 INFO  CreateClassResetClassAdapter - Creating brand-new static initializer in class com/fasterxml/jackson/databind/introspect/AccessorNamingStrategy$Provider
2024-11-12 13:43:14,542 INFO  EvoClassLoader - Keeping class: com.fasterxml.jackson.databind.introspect.AccessorNamingStrategy$Provider
2024-11-12 13:43:14,542 INFO  EvoClassLoader - Seeing class for first time: com.fasterxml.jackson.databind.introspect.DefaultAccessorNamingStrategy$Provider
2024-11-12 13:43:14,542 INFO  EvoClassLoader - Instrumenting class 'com.fasterxml.jackson.databind.introspect.DefaultAccessorNamingStrategy$Provider'.
2024-11-12 13:43:14,542 INFO  MethodCallReplacementClassAdapter - Adding mock interface to class com/fasterxml/jackson/databind/introspect/DefaultAccessorNamingStrategy$Provider
2024-11-12 13:43:14,543 INFO  CreateClassResetClassAdapter - Creating brand-new static initializer in class com/fasterxml/jackson/databind/introspect/DefaultAccessorNamingStrategy$Provider
2024-11-12 13:43:14,543 INFO  EvoClassLoader - Keeping class: com.fasterxml.jackson.databind.introspect.DefaultAccessorNamingStrategy$Provider
2024-11-12 13:43:14,543 INFO  EvoClassLoader - Seeing class for first time: com.fasterxml.jackson.databind.jsontype.PolymorphicTypeValidator
2024-11-12 13:43:14,543 INFO  EvoClassLoader - Instrumenting class 'com.fasterxml.jackson.databind.jsontype.PolymorphicTypeValidator'.
2024-11-12 13:43:14,544 INFO  MethodCallReplacementClassAdapter - Adding mock interface to class com/fasterxml/jackson/databind/jsontype/PolymorphicTypeValidator
2024-11-12 13:43:14,544 INFO  CreateClassResetClassAdapter - Creating brand-new static initializer in class com/fasterxml/jackson/databind/jsontype/PolymorphicTypeValidator
2024-11-12 13:43:14,544 INFO  EvoClassLoader - Defined package (3): package com.fasterxml.jackson.databind.jsontype, -951449343
2024-11-12 13:43:14,544 INFO  EvoClassLoader - Keeping class: com.fasterxml.jackson.databind.jsontype.PolymorphicTypeValidator
2024-11-12 13:43:14,544 INFO  EvoClassLoader - Seeing class for first time: com.fasterxml.jackson.databind.jsontype.impl.LaissezFaireSubTypeValidator
2024-11-12 13:43:14,544 INFO  EvoClassLoader - Instrumenting class 'com.fasterxml.jackson.databind.jsontype.impl.LaissezFaireSubTypeValidator'.
2024-11-12 13:43:14,544 INFO  MethodCallReplacementClassAdapter - Adding mock interface to class com/fasterxml/jackson/databind/jsontype/impl/LaissezFaireSubTypeValidator
2024-11-12 13:43:14,544 INFO  CreateClassResetClassAdapter - Found static initializer in class com/fasterxml/jackson/databind/jsontype/impl/LaissezFaireSubTypeValidator
2024-11-12 13:43:14,544 INFO  EvoClassLoader - Defined package (3): package com.fasterxml.jackson.databind.jsontype.impl, -1761473811
2024-11-12 13:43:14,544 INFO  EvoClassLoader - Seeing class for first time: com.fasterxml.jackson.databind.jsontype.PolymorphicTypeValidator$Base
2024-11-12 13:43:14,544 INFO  EvoClassLoader - Instrumenting class 'com.fasterxml.jackson.databind.jsontype.PolymorphicTypeValidator$Base'.
2024-11-12 13:43:14,545 INFO  MethodCallReplacementClassAdapter - Adding mock interface to class com/fasterxml/jackson/databind/jsontype/PolymorphicTypeValidator$Base
2024-11-12 13:43:14,545 INFO  CreateClassResetClassAdapter - Creating brand-new static initializer in class com/fasterxml/jackson/databind/jsontype/PolymorphicTypeValidator$Base
2024-11-12 13:43:14,545 INFO  EvoClassLoader - Keeping class: com.fasterxml.jackson.databind.jsontype.PolymorphicTypeValidator$Base
2024-11-12 13:43:14,545 INFO  EvoClassLoader - Keeping class: com.fasterxml.jackson.databind.jsontype.impl.LaissezFaireSubTypeValidator
2024-11-12 13:43:14,545 INFO  EvoClassLoader - Seeing class for first time: com.fasterxml.jackson.databind.util.StdDateFormat
2024-11-12 13:43:14,545 INFO  EvoClassLoader - Instrumenting class 'com.fasterxml.jackson.databind.util.StdDateFormat'.
2024-11-12 13:43:14,545 INFO  MethodCallReplacementClassAdapter - Adding mock interface to class com/fasterxml/jackson/databind/util/StdDateFormat
2024-11-12 13:43:14,547 INFO  CreateClassResetClassAdapter - Found static initializer in class com/fasterxml/jackson/databind/util/StdDateFormat
2024-11-12 13:43:14,549 INFO  EvoClassLoader - Defined package (3): package com.fasterxml.jackson.databind.util, -1863157663
2024-11-12 13:43:14,551 INFO  EvoClassLoader - Keeping class: com.fasterxml.jackson.databind.util.StdDateFormat
2024-11-12 13:43:14,551 INFO  EvoClassLoader - Seeing class for first time: com.fasterxml.jackson.core.JsonProcessingException
2024-11-12 13:43:14,551 INFO  EvoClassLoader - Instrumenting class 'com.fasterxml.jackson.core.JsonProcessingException'.
2024-11-12 13:43:14,552 INFO  MethodCallReplacementClassAdapter - Adding mock interface to class com/fasterxml/jackson/core/JsonProcessingException
2024-11-12 13:43:14,552 INFO  CreateClassResetClassAdapter - Creating brand-new static initializer in class com/fasterxml/jackson/core/JsonProcessingException
2024-11-12 13:43:14,552 INFO  EvoClassLoader - Seeing class for first time: com.fasterxml.jackson.core.JacksonException
2024-11-12 13:43:14,552 INFO  EvoClassLoader - Instrumenting class 'com.fasterxml.jackson.core.JacksonException'.
2024-11-12 13:43:14,553 INFO  MethodCallReplacementClassAdapter - Adding mock interface to class com/fasterxml/jackson/core/JacksonException
2024-11-12 13:43:14,553 INFO  CreateClassResetClassAdapter - Creating brand-new static initializer in class com/fasterxml/jackson/core/JacksonException
2024-11-12 13:43:14,553 INFO  EvoClassLoader - Keeping class: com.fasterxml.jackson.core.JacksonException
2024-11-12 13:43:14,553 INFO  EvoClassLoader - Keeping class: com.fasterxml.jackson.core.JsonProcessingException
2024-11-12 13:43:14,553 INFO  EvoClassLoader - Seeing class for first time: com.fasterxml.jackson.databind.JsonMappingException
2024-11-12 13:43:14,553 INFO  EvoClassLoader - Instrumenting class 'com.fasterxml.jackson.databind.JsonMappingException'.
2024-11-12 13:43:14,553 INFO  MethodCallReplacementClassAdapter - Adding mock interface to class com/fasterxml/jackson/databind/JsonMappingException
2024-11-12 13:43:14,554 INFO  CreateClassResetClassAdapter - Creating brand-new static initializer in class com/fasterxml/jackson/databind/JsonMappingException
2024-11-12 13:43:14,554 INFO  CreateClassResetClassAdapter - Adding bytecode for initializing field MAX_REFS_TO_LIST
2024-11-12 13:43:14,554 INFO  EvoClassLoader - Keeping class: com.fasterxml.jackson.databind.JsonMappingException
2024-11-12 13:43:14,554 INFO  EvoClassLoader - Seeing class for first time: com.fasterxml.jackson.core.io.SegmentedStringWriter
2024-11-12 13:43:14,554 INFO  EvoClassLoader - Instrumenting class 'com.fasterxml.jackson.core.io.SegmentedStringWriter'.
2024-11-12 13:43:14,554 INFO  MethodCallReplacementClassAdapter - Adding mock interface to class com/fasterxml/jackson/core/io/SegmentedStringWriter
2024-11-12 13:43:14,554 INFO  CreateClassResetClassAdapter - Creating brand-new static initializer in class com/fasterxml/jackson/core/io/SegmentedStringWriter
2024-11-12 13:43:14,554 INFO  EvoClassLoader - Defined package (3): package com.fasterxml.jackson.core.io, -12787315
2024-11-12 13:43:14,555 INFO  EvoClassLoader - Keeping class: com.fasterxml.jackson.core.io.SegmentedStringWriter
2024-11-12 13:43:14,555 INFO  EvoClassLoader - Seeing class for first time: com.fasterxml.jackson.databind.JsonNode
2024-11-12 13:43:14,555 INFO  EvoClassLoader - Instrumenting class 'com.fasterxml.jackson.databind.JsonNode'.
2024-11-12 13:43:14,555 INFO  MethodCallReplacementClassAdapter - Adding mock interface to class com/fasterxml/jackson/databind/JsonNode
2024-11-12 13:43:14,556 INFO  CreateClassResetClassAdapter - Creating brand-new static initializer in class com/fasterxml/jackson/databind/JsonNode
2024-11-12 13:43:14,556 INFO  EvoClassLoader - Seeing class for first time: com.fasterxml.jackson.core.TreeNode
2024-11-12 13:43:14,556 INFO  EvoClassLoader - Instrumenting class 'com.fasterxml.jackson.core.TreeNode'.
2024-11-12 13:43:14,556 INFO  EvoClassLoader - Keeping class: com.fasterxml.jackson.core.TreeNode
2024-11-12 13:43:14,556 INFO  EvoClassLoader - Seeing class for first time: com.fasterxml.jackson.databind.JsonSerializable$Base
2024-11-12 13:43:14,556 INFO  EvoClassLoader - Instrumenting class 'com.fasterxml.jackson.databind.JsonSerializable$Base'.
2024-11-12 13:43:14,556 INFO  MethodCallReplacementClassAdapter - Adding mock interface to class com/fasterxml/jackson/databind/JsonSerializable$Base
2024-11-12 13:43:14,556 INFO  CreateClassResetClassAdapter - Creating brand-new static initializer in class com/fasterxml/jackson/databind/JsonSerializable$Base
2024-11-12 13:43:14,556 INFO  EvoClassLoader - Keeping class: com.fasterxml.jackson.databind.JsonSerializable$Base
2024-11-12 13:43:14,557 INFO  EvoClassLoader - Keeping class: com.fasterxml.jackson.databind.JsonNode
2024-11-12 13:43:14,557 INFO  EvoClassLoader - Seeing class for first time: com.fasterxml.jackson.databind.node.NullNode
2024-11-12 13:43:14,557 INFO  EvoClassLoader - Instrumenting class 'com.fasterxml.jackson.databind.node.NullNode'.
2024-11-12 13:43:14,557 INFO  MethodCallReplacementClassAdapter - Adding mock interface to class com/fasterxml/jackson/databind/node/NullNode
2024-11-12 13:43:14,557 INFO  CreateClassResetClassAdapter - Found static initializer in class com/fasterxml/jackson/databind/node/NullNode
2024-11-12 13:43:14,557 INFO  EvoClassLoader - Defined package (3): package com.fasterxml.jackson.databind.node, -1863371167
2024-11-12 13:43:14,557 INFO  EvoClassLoader - Seeing class for first time: com.fasterxml.jackson.databind.node.ValueNode
2024-11-12 13:43:14,557 INFO  EvoClassLoader - Instrumenting class 'com.fasterxml.jackson.databind.node.ValueNode'.
2024-11-12 13:43:14,557 INFO  MethodCallReplacementClassAdapter - Adding mock interface to class com/fasterxml/jackson/databind/node/ValueNode
2024-11-12 13:43:14,557 INFO  CreateClassResetClassAdapter - Creating brand-new static initializer in class com/fasterxml/jackson/databind/node/ValueNode
2024-11-12 13:43:14,557 INFO  EvoClassLoader - Seeing class for first time: com.fasterxml.jackson.databind.node.BaseJsonNode
2024-11-12 13:43:14,557 INFO  EvoClassLoader - Instrumenting class 'com.fasterxml.jackson.databind.node.BaseJsonNode'.
2024-11-12 13:43:14,557 INFO  MethodCallReplacementClassAdapter - Adding mock interface to class com/fasterxml/jackson/databind/node/BaseJsonNode
2024-11-12 13:43:14,557 INFO  CreateClassResetClassAdapter - Creating brand-new static initializer in class com/fasterxml/jackson/databind/node/BaseJsonNode
2024-11-12 13:43:14,558 INFO  EvoClassLoader - Keeping class: com.fasterxml.jackson.databind.node.BaseJsonNode
2024-11-12 13:43:14,558 INFO  EvoClassLoader - Keeping class: com.fasterxml.jackson.databind.node.ValueNode
2024-11-12 13:43:14,558 INFO  EvoClassLoader - Keeping class: com.fasterxml.jackson.databind.node.NullNode
2024-11-12 13:43:14,558 INFO  EvoClassLoader - Seeing class for first time: com.fasterxml.jackson.core.JsonParser
2024-11-12 13:43:14,558 INFO  EvoClassLoader - Instrumenting class 'com.fasterxml.jackson.core.JsonParser'.
2024-11-12 13:43:14,558 INFO  MethodCallReplacementClassAdapter - Adding mock interface to class com/fasterxml/jackson/core/JsonParser
2024-11-12 13:43:14,558 INFO  CreateClassResetClassAdapter - Found static initializer in class com/fasterxml/jackson/core/JsonParser
2024-11-12 13:43:14,559 INFO  EvoClassLoader - Keeping class: com.fasterxml.jackson.core.JsonParser
2024-11-12 13:43:14,559 INFO  EvoClassLoader - Seeing class for first time: com.fasterxml.jackson.databind.node.TreeTraversingParser
2024-11-12 13:43:14,559 INFO  EvoClassLoader - Instrumenting class 'com.fasterxml.jackson.databind.node.TreeTraversingParser'.
2024-11-12 13:43:14,559 INFO  MethodCallReplacementClassAdapter - Adding mock interface to class com/fasterxml/jackson/databind/node/TreeTraversingParser
2024-11-12 13:43:14,560 INFO  CreateClassResetClassAdapter - Creating brand-new static initializer in class com/fasterxml/jackson/databind/node/TreeTraversingParser
2024-11-12 13:43:14,560 INFO  EvoClassLoader - Seeing class for first time: com.fasterxml.jackson.core.base.ParserMinimalBase
2024-11-12 13:43:14,560 INFO  EvoClassLoader - Instrumenting class 'com.fasterxml.jackson.core.base.ParserMinimalBase'.
2024-11-12 13:43:14,560 INFO  MethodCallReplacementClassAdapter - Adding mock interface to class com/fasterxml/jackson/core/base/ParserMinimalBase
2024-11-12 13:43:14,561 INFO  CreateClassResetClassAdapter - Found static initializer in class com/fasterxml/jackson/core/base/ParserMinimalBase
2024-11-12 13:43:14,561 INFO  EvoClassLoader - Defined package (3): package com.fasterxml.jackson.core.base, 596073848
2024-11-12 13:43:14,561 INFO  EvoClassLoader - Keeping class: com.fasterxml.jackson.core.base.ParserMinimalBase
2024-11-12 13:43:14,561 INFO  EvoClassLoader - Keeping class: com.fasterxml.jackson.databind.node.TreeTraversingParser
2024-11-12 13:43:14,562 INFO  EvoClassLoader - Seeing class for first time: com.fasterxml.jackson.databind.DeserializationContext
2024-11-12 13:43:14,562 INFO  EvoClassLoader - Instrumenting class 'com.fasterxml.jackson.databind.DeserializationContext'.
2024-11-12 13:43:14,562 INFO  MethodCallReplacementClassAdapter - Adding mock interface to class com/fasterxml/jackson/databind/DeserializationContext
2024-11-12 13:43:14,564 INFO  CreateClassResetClassAdapter - Creating brand-new static initializer in class com/fasterxml/jackson/databind/DeserializationContext
2024-11-12 13:43:14,565 INFO  EvoClassLoader - Seeing class for first time: com.fasterxml.jackson.databind.DatabindContext
2024-11-12 13:43:14,565 INFO  EvoClassLoader - Instrumenting class 'com.fasterxml.jackson.databind.DatabindContext'.
2024-11-12 13:43:14,565 INFO  MethodCallReplacementClassAdapter - Adding mock interface to class com/fasterxml/jackson/databind/DatabindContext
2024-11-12 13:43:14,566 INFO  CreateClassResetClassAdapter - Creating brand-new static initializer in class com/fasterxml/jackson/databind/DatabindContext
2024-11-12 13:43:14,566 INFO  CreateClassResetClassAdapter - Adding bytecode for initializing field MAX_ERROR_STR_LEN
2024-11-12 13:43:14,567 INFO  EvoClassLoader - Keeping class: com.fasterxml.jackson.databind.DatabindContext
2024-11-12 13:43:14,567 INFO  EvoClassLoader - Keeping class: com.fasterxml.jackson.databind.DeserializationContext
2024-11-12 13:43:14,567 INFO  EvoClassLoader - Seeing class for first time: com.fasterxml.jackson.databind.deser.DefaultDeserializationContext
2024-11-12 13:43:14,567 INFO  EvoClassLoader - Instrumenting class 'com.fasterxml.jackson.databind.deser.DefaultDeserializationContext'.
2024-11-12 13:43:14,567 INFO  MethodCallReplacementClassAdapter - Adding mock interface to class com/fasterxml/jackson/databind/deser/DefaultDeserializationContext
2024-11-12 13:43:14,568 INFO  CreateClassResetClassAdapter - Creating brand-new static initializer in class com/fasterxml/jackson/databind/deser/DefaultDeserializationContext
2024-11-12 13:43:14,568 INFO  EvoClassLoader - Defined package (3): package com.fasterxml.jackson.databind.deser, -1939449920
2024-11-12 13:43:14,568 INFO  EvoClassLoader - Keeping class: com.fasterxml.jackson.databind.deser.DefaultDeserializationContext
2024-11-12 13:43:14,568 INFO  EvoClassLoader - Seeing class for first time: com.fasterxml.jackson.databind.introspect.ClassIntrospector
2024-11-12 13:43:14,568 INFO  EvoClassLoader - Instrumenting class 'com.fasterxml.jackson.databind.introspect.ClassIntrospector'.
2024-11-12 13:43:14,568 INFO  MethodCallReplacementClassAdapter - Adding mock interface to class com/fasterxml/jackson/databind/introspect/ClassIntrospector
2024-11-12 13:43:14,568 INFO  CreateClassResetClassAdapter - Creating brand-new static initializer in class com/fasterxml/jackson/databind/introspect/ClassIntrospector
2024-11-12 13:43:14,569 INFO  EvoClassLoader - Keeping class: com.fasterxml.jackson.databind.introspect.ClassIntrospector
2024-11-12 13:43:14,569 INFO  EvoClassLoader - Seeing class for first time: com.fasterxml.jackson.databind.introspect.BasicClassIntrospector
2024-11-12 13:43:14,569 INFO  EvoClassLoader - Instrumenting class 'com.fasterxml.jackson.databind.introspect.BasicClassIntrospector'.
2024-11-12 13:43:14,569 INFO  MethodCallReplacementClassAdapter - Adding mock interface to class com/fasterxml/jackson/databind/introspect/BasicClassIntrospector
2024-11-12 13:43:14,569 INFO  CreateClassResetClassAdapter - Found static initializer in class com/fasterxml/jackson/databind/introspect/BasicClassIntrospector
2024-11-12 13:43:14,569 INFO  EvoClassLoader - Keeping class: com.fasterxml.jackson.databind.introspect.BasicClassIntrospector
2024-11-12 13:43:14,570 INFO  EvoClassLoader - Seeing class for first time: com.fasterxml.jackson.databind.Module$SetupContext
2024-11-12 13:43:14,570 INFO  EvoClassLoader - Instrumenting class 'com.fasterxml.jackson.databind.Module$SetupContext'.
2024-11-12 13:43:14,570 INFO  EvoClassLoader - Keeping class: com.fasterxml.jackson.databind.Module$SetupContext
2024-11-12 13:43:14,570 INFO  EvoClassLoader - Seeing class for first time: com.fasterxml.jackson.databind.SerializerProvider
2024-11-12 13:43:14,570 INFO  EvoClassLoader - Instrumenting class 'com.fasterxml.jackson.databind.SerializerProvider'.
2024-11-12 13:43:14,570 INFO  MethodCallReplacementClassAdapter - Adding mock interface to class com/fasterxml/jackson/databind/SerializerProvider
2024-11-12 13:43:14,572 INFO  CreateClassResetClassAdapter - Found static initializer in class com/fasterxml/jackson/databind/SerializerProvider
2024-11-12 13:43:14,573 INFO  EvoClassLoader - Keeping class: com.fasterxml.jackson.databind.SerializerProvider
2024-11-12 13:43:14,573 INFO  EvoClassLoader - Seeing class for first time: com.fasterxml.jackson.databind.ser.DefaultSerializerProvider
2024-11-12 13:43:14,573 INFO  EvoClassLoader - Instrumenting class 'com.fasterxml.jackson.databind.ser.DefaultSerializerProvider'.
2024-11-12 13:43:14,573 INFO  MethodCallReplacementClassAdapter - Adding mock interface to class com/fasterxml/jackson/databind/ser/DefaultSerializerProvider
2024-11-12 13:43:14,574 INFO  CreateClassResetClassAdapter - Creating brand-new static initializer in class com/fasterxml/jackson/databind/ser/DefaultSerializerProvider
2024-11-12 13:43:14,574 INFO  EvoClassLoader - Defined package (3): package com.fasterxml.jackson.databind.ser, -1584124895
2024-11-12 13:43:14,575 INFO  EvoClassLoader - Keeping class: com.fasterxml.jackson.databind.ser.DefaultSerializerProvider
2024-11-12 13:43:14,575 INFO  EvoClassLoader - Seeing class for first time: com.fasterxml.jackson.databind.introspect.VisibilityChecker
2024-11-12 13:43:14,575 INFO  EvoClassLoader - Instrumenting class 'com.fasterxml.jackson.databind.introspect.VisibilityChecker'.
2024-11-12 13:43:14,575 INFO  EvoClassLoader - Keeping class: com.fasterxml.jackson.databind.introspect.VisibilityChecker
2024-11-12 13:43:14,575 INFO  EvoClassLoader - Seeing class for first time: com.fasterxml.jackson.databind.jsontype.TypeResolverBuilder
2024-11-12 13:43:14,575 INFO  EvoClassLoader - Instrumenting class 'com.fasterxml.jackson.databind.jsontype.TypeResolverBuilder'.
2024-11-12 13:43:14,575 INFO  EvoClassLoader - Keeping class: com.fasterxml.jackson.databind.jsontype.TypeResolverBuilder
2024-11-12 13:43:14,576 INFO  EvoClassLoader - Seeing class for first time: com.fasterxml.jackson.core.JsonGenerator
2024-11-12 13:43:14,576 INFO  EvoClassLoader - Instrumenting class 'com.fasterxml.jackson.core.JsonGenerator'.
2024-11-12 13:43:14,576 INFO  MethodCallReplacementClassAdapter - Adding mock interface to class com/fasterxml/jackson/core/JsonGenerator
2024-11-12 13:43:14,577 INFO  CreateClassResetClassAdapter - Found static initializer in class com/fasterxml/jackson/core/JsonGenerator
2024-11-12 13:43:14,578 INFO  EvoClassLoader - Keeping class: com.fasterxml.jackson.core.JsonGenerator
2024-11-12 13:43:14,578 INFO  EvoClassLoader - Seeing class for first time: com.fasterxml.jackson.databind.util.TokenBuffer
2024-11-12 13:43:14,578 INFO  EvoClassLoader - Instrumenting class 'com.fasterxml.jackson.databind.util.TokenBuffer'.
2024-11-12 13:43:14,579 INFO  MethodCallReplacementClassAdapter - Adding mock interface to class com/fasterxml/jackson/databind/util/TokenBuffer
2024-11-12 13:43:14,580 INFO  CreateClassResetClassAdapter - Found static initializer in class com/fasterxml/jackson/databind/util/TokenBuffer
2024-11-12 13:43:14,581 INFO  EvoClassLoader - Keeping class: com.fasterxml.jackson.databind.util.TokenBuffer
2024-11-12 13:43:14,581 INFO  EvoClassLoader - Seeing class for first time: com.fasterxml.jackson.core.util.ByteArrayBuilder
2024-11-12 13:43:14,581 INFO  EvoClassLoader - Instrumenting class 'com.fasterxml.jackson.core.util.ByteArrayBuilder'.
2024-11-12 13:43:14,581 INFO  MethodCallReplacementClassAdapter - Adding mock interface to class com/fasterxml/jackson/core/util/ByteArrayBuilder
2024-11-12 13:43:14,582 INFO  CreateClassResetClassAdapter - Found static initializer in class com/fasterxml/jackson/core/util/ByteArrayBuilder
2024-11-12 13:43:14,582 INFO  EvoClassLoader - Defined package (3): package com.fasterxml.jackson.core.util, 596657833
2024-11-12 13:43:14,583 INFO  EvoClassLoader - Keeping class: com.fasterxml.jackson.core.util.ByteArrayBuilder
2024-11-12 13:43:14,583 INFO  EvoClassLoader - Seeing class for first time: com.fasterxml.jackson.databind.type.ArrayType
2024-11-12 13:43:14,583 INFO  EvoClassLoader - Instrumenting class 'com.fasterxml.jackson.databind.type.ArrayType'.
2024-11-12 13:43:14,583 INFO  MethodCallReplacementClassAdapter - Adding mock interface to class com/fasterxml/jackson/databind/type/ArrayType
2024-11-12 13:43:14,583 INFO  CreateClassResetClassAdapter - Creating brand-new static initializer in class com/fasterxml/jackson/databind/type/ArrayType
2024-11-12 13:43:14,584 INFO  EvoClassLoader - Keeping class: com.fasterxml.jackson.databind.type.ArrayType
2024-11-12 13:43:14,584 INFO  EvoClassLoader - Seeing class for first time: com.fasterxml.jackson.databind.type.MapType
2024-11-12 13:43:14,584 INFO  EvoClassLoader - Instrumenting class 'com.fasterxml.jackson.databind.type.MapType'.
2024-11-12 13:43:14,584 INFO  MethodCallReplacementClassAdapter - Adding mock interface to class com/fasterxml/jackson/databind/type/MapType
2024-11-12 13:43:14,584 INFO  CreateClassResetClassAdapter - Creating brand-new static initializer in class com/fasterxml/jackson/databind/type/MapType
2024-11-12 13:43:14,585 INFO  EvoClassLoader - Seeing class for first time: com.fasterxml.jackson.databind.type.MapLikeType
2024-11-12 13:43:14,585 INFO  EvoClassLoader - Instrumenting class 'com.fasterxml.jackson.databind.type.MapLikeType'.
2024-11-12 13:43:14,585 INFO  MethodCallReplacementClassAdapter - Adding mock interface to class com/fasterxml/jackson/databind/type/MapLikeType
2024-11-12 13:43:14,586 INFO  CreateClassResetClassAdapter - Creating brand-new static initializer in class com/fasterxml/jackson/databind/type/MapLikeType
2024-11-12 13:43:14,586 INFO  EvoClassLoader - Keeping class: com.fasterxml.jackson.databind.type.MapLikeType
2024-11-12 13:43:14,586 INFO  EvoClassLoader - Keeping class: com.fasterxml.jackson.databind.type.MapType
2024-11-12 13:43:14,586 INFO  EvoClassLoader - Seeing class for first time: com.fasterxml.jackson.databind.exc.MismatchedInputException
2024-11-12 13:43:14,586 INFO  EvoClassLoader - Instrumenting class 'com.fasterxml.jackson.databind.exc.MismatchedInputException'.
2024-11-12 13:43:14,587 INFO  MethodCallReplacementClassAdapter - Adding mock interface to class com/fasterxml/jackson/databind/exc/MismatchedInputException
2024-11-12 13:43:14,587 INFO  CreateClassResetClassAdapter - Creating brand-new static initializer in class com/fasterxml/jackson/databind/exc/MismatchedInputException
2024-11-12 13:43:14,587 INFO  EvoClassLoader - Defined package (3): package com.fasterxml.jackson.databind.exc, -1584137775
2024-11-12 13:43:14,587 INFO  EvoClassLoader - Keeping class: com.fasterxml.jackson.databind.exc.MismatchedInputException
2024-11-12 13:43:14,587 INFO  EvoClassLoader - Seeing class for first time: com.fasterxml.jackson.core.JsonFactory
2024-11-12 13:43:14,587 INFO  EvoClassLoader - Instrumenting class 'com.fasterxml.jackson.core.JsonFactory'.
2024-11-12 13:43:14,587 INFO  MethodCallReplacementClassAdapter - Adding mock interface to class com/fasterxml/jackson/core/JsonFactory
2024-11-12 13:43:14,589 INFO  CreateClassResetClassAdapter - Found static initializer in class com/fasterxml/jackson/core/JsonFactory
2024-11-12 13:43:14,589 INFO  EvoClassLoader - Seeing class for first time: com.fasterxml.jackson.core.TokenStreamFactory
2024-11-12 13:43:14,589 INFO  EvoClassLoader - Instrumenting class 'com.fasterxml.jackson.core.TokenStreamFactory'.
2024-11-12 13:43:14,590 INFO  MethodCallReplacementClassAdapter - Adding mock interface to class com/fasterxml/jackson/core/TokenStreamFactory
2024-11-12 13:43:14,590 INFO  CreateClassResetClassAdapter - Creating brand-new static initializer in class com/fasterxml/jackson/core/TokenStreamFactory
2024-11-12 13:43:14,590 INFO  EvoClassLoader - Keeping class: com.fasterxml.jackson.core.TokenStreamFactory
2024-11-12 13:43:14,590 INFO  EvoClassLoader - Keeping class: com.fasterxml.jackson.core.JsonFactory
2024-11-12 13:43:14,590 INFO  EvoClassLoader - Seeing class for first time: com.fasterxml.jackson.databind.MappingJsonFactory
2024-11-12 13:43:14,590 INFO  EvoClassLoader - Instrumenting class 'com.fasterxml.jackson.databind.MappingJsonFactory'.
2024-11-12 13:43:14,590 INFO  MethodCallReplacementClassAdapter - Adding mock interface to class com/fasterxml/jackson/databind/MappingJsonFactory
2024-11-12 13:43:14,590 INFO  CreateClassResetClassAdapter - Creating brand-new static initializer in class com/fasterxml/jackson/databind/MappingJsonFactory
2024-11-12 13:43:14,590 INFO  EvoClassLoader - Keeping class: com.fasterxml.jackson.databind.MappingJsonFactory
2024-11-12 13:43:14,591 INFO  EvoClassLoader - Seeing class for first time: com.fasterxml.jackson.databind.jsontype.SubtypeResolver
2024-11-12 13:43:14,591 INFO  EvoClassLoader - Instrumenting class 'com.fasterxml.jackson.databind.jsontype.SubtypeResolver'.
2024-11-12 13:43:14,591 INFO  MethodCallReplacementClassAdapter - Adding mock interface to class com/fasterxml/jackson/databind/jsontype/SubtypeResolver
2024-11-12 13:43:14,591 INFO  CreateClassResetClassAdapter - Creating brand-new static initializer in class com/fasterxml/jackson/databind/jsontype/SubtypeResolver
2024-11-12 13:43:14,591 INFO  EvoClassLoader - Keeping class: com.fasterxml.jackson.databind.jsontype.SubtypeResolver
2024-11-12 13:43:14,591 INFO  EvoClassLoader - Seeing class for first time: com.fasterxml.jackson.databind.jsontype.impl.StdSubtypeResolver
2024-11-12 13:43:14,591 INFO  EvoClassLoader - Instrumenting class 'com.fasterxml.jackson.databind.jsontype.impl.StdSubtypeResolver'.
2024-11-12 13:43:14,592 INFO  MethodCallReplacementClassAdapter - Adding mock interface to class com/fasterxml/jackson/databind/jsontype/impl/StdSubtypeResolver
2024-11-12 13:43:14,592 INFO  CreateClassResetClassAdapter - Creating brand-new static initializer in class com/fasterxml/jackson/databind/jsontype/impl/StdSubtypeResolver
2024-11-12 13:43:14,592 INFO  EvoClassLoader - Keeping class: com.fasterxml.jackson.databind.jsontype.impl.StdSubtypeResolver
2024-11-12 13:43:14,592 INFO  EvoClassLoader - Seeing class for first time: com.fasterxml.jackson.databind.ser.DefaultSerializerProvider$Impl
2024-11-12 13:43:14,592 INFO  EvoClassLoader - Instrumenting class 'com.fasterxml.jackson.databind.ser.DefaultSerializerProvider$Impl'.
2024-11-12 13:43:14,592 INFO  MethodCallReplacementClassAdapter - Adding mock interface to class com/fasterxml/jackson/databind/ser/DefaultSerializerProvider$Impl
2024-11-12 13:43:14,592 INFO  CreateClassResetClassAdapter - Creating brand-new static initializer in class com/fasterxml/jackson/databind/ser/DefaultSerializerProvider$Impl
2024-11-12 13:43:14,593 INFO  EvoClassLoader - Keeping class: com.fasterxml.jackson.databind.ser.DefaultSerializerProvider$Impl
2024-11-12 13:43:14,593 INFO  EvoClassLoader - Seeing class for first time: com.fasterxml.jackson.databind.deser.DeserializerFactory
2024-11-12 13:43:14,593 INFO  EvoClassLoader - Instrumenting class 'com.fasterxml.jackson.databind.deser.DeserializerFactory'.
2024-11-12 13:43:14,593 INFO  MethodCallReplacementClassAdapter - Adding mock interface to class com/fasterxml/jackson/databind/deser/DeserializerFactory
2024-11-12 13:43:14,593 INFO  CreateClassResetClassAdapter - Found static initializer in class com/fasterxml/jackson/databind/deser/DeserializerFactory
2024-11-12 13:43:14,593 INFO  EvoClassLoader - Keeping class: com.fasterxml.jackson.databind.deser.DeserializerFactory
2024-11-12 13:43:14,593 INFO  EvoClassLoader - Seeing class for first time: com.fasterxml.jackson.databind.deser.BeanDeserializerFactory
2024-11-12 13:43:14,593 INFO  EvoClassLoader - Instrumenting class 'com.fasterxml.jackson.databind.deser.BeanDeserializerFactory'.
2024-11-12 13:43:14,593 INFO  MethodCallReplacementClassAdapter - Adding mock interface to class com/fasterxml/jackson/databind/deser/BeanDeserializerFactory
2024-11-12 13:43:14,607 INFO  CreateClassResetClassAdapter - Found static initializer in class com/fasterxml/jackson/databind/deser/BeanDeserializerFactory
2024-11-12 13:43:14,608 INFO  EvoClassLoader - Seeing class for first time: com.fasterxml.jackson.databind.deser.BasicDeserializerFactory
2024-11-12 13:43:14,608 INFO  EvoClassLoader - Instrumenting class 'com.fasterxml.jackson.databind.deser.BasicDeserializerFactory'.
2024-11-12 13:43:14,609 INFO  MethodCallReplacementClassAdapter - Adding mock interface to class com/fasterxml/jackson/databind/deser/BasicDeserializerFactory
2024-11-12 13:43:14,628 INFO  CreateClassResetClassAdapter - Found static initializer in class com/fasterxml/jackson/databind/deser/BasicDeserializerFactory
2024-11-12 13:43:14,629 INFO  EvoClassLoader - Keeping class: com.fasterxml.jackson.databind.deser.BasicDeserializerFactory
2024-11-12 13:43:14,629 INFO  EvoClassLoader - Keeping class: com.fasterxml.jackson.databind.deser.BeanDeserializerFactory
2024-11-12 13:43:14,629 INFO  EvoClassLoader - Seeing class for first time: com.fasterxml.jackson.databind.deser.DefaultDeserializationContext$Impl
2024-11-12 13:43:14,629 INFO  EvoClassLoader - Instrumenting class 'com.fasterxml.jackson.databind.deser.DefaultDeserializationContext$Impl'.
2024-11-12 13:43:14,629 INFO  MethodCallReplacementClassAdapter - Adding mock interface to class com/fasterxml/jackson/databind/deser/DefaultDeserializationContext$Impl
2024-11-12 13:43:14,629 INFO  CreateClassResetClassAdapter - Creating brand-new static initializer in class com/fasterxml/jackson/databind/deser/DefaultDeserializationContext$Impl
2024-11-12 13:43:14,630 INFO  EvoClassLoader - Keeping class: com.fasterxml.jackson.databind.deser.DefaultDeserializationContext$Impl
2024-11-12 13:43:14,630 INFO  EvoClassLoader - Seeing class for first time: com.fasterxml.jackson.databind.ser.SerializerFactory
2024-11-12 13:43:14,630 INFO  EvoClassLoader - Instrumenting class 'com.fasterxml.jackson.databind.ser.SerializerFactory'.
2024-11-12 13:43:14,630 INFO  MethodCallReplacementClassAdapter - Adding mock interface to class com/fasterxml/jackson/databind/ser/SerializerFactory
2024-11-12 13:43:14,630 INFO  CreateClassResetClassAdapter - Creating brand-new static initializer in class com/fasterxml/jackson/databind/ser/SerializerFactory
2024-11-12 13:43:14,630 INFO  EvoClassLoader - Keeping class: com.fasterxml.jackson.databind.ser.SerializerFactory
2024-11-12 13:43:14,630 INFO  EvoClassLoader - Seeing class for first time: com.fasterxml.jackson.databind.ser.BeanSerializerFactory
2024-11-12 13:43:14,630 INFO  EvoClassLoader - Instrumenting class 'com.fasterxml.jackson.databind.ser.BeanSerializerFactory'.
2024-11-12 13:43:14,630 INFO  MethodCallReplacementClassAdapter - Adding mock interface to class com/fasterxml/jackson/databind/ser/BeanSerializerFactory
2024-11-12 13:43:14,633 INFO  CreateClassResetClassAdapter - Found static initializer in class com/fasterxml/jackson/databind/ser/BeanSerializerFactory
2024-11-12 13:43:14,634 INFO  EvoClassLoader - Seeing class for first time: com.fasterxml.jackson.databind.ser.BasicSerializerFactory
2024-11-12 13:43:14,634 INFO  EvoClassLoader - Instrumenting class 'com.fasterxml.jackson.databind.ser.BasicSerializerFactory'.
2024-11-12 13:43:14,634 INFO  MethodCallReplacementClassAdapter - Adding mock interface to class com/fasterxml/jackson/databind/ser/BasicSerializerFactory
2024-11-12 13:43:14,640 INFO  CreateClassResetClassAdapter - Found static initializer in class com/fasterxml/jackson/databind/ser/BasicSerializerFactory
2024-11-12 13:43:14,642 INFO  EvoClassLoader - Keeping class: com.fasterxml.jackson.databind.ser.BasicSerializerFactory
2024-11-12 13:43:14,642 INFO  EvoClassLoader - Keeping class: com.fasterxml.jackson.databind.ser.BeanSerializerFactory
2024-11-12 13:43:14,642 INFO  EvoClassLoader - Seeing class for first time: com.fasterxml.jackson.databind.introspect.AnnotationIntrospectorPair
2024-11-12 13:43:14,642 INFO  EvoClassLoader - Instrumenting class 'com.fasterxml.jackson.databind.introspect.AnnotationIntrospectorPair'.
2024-11-12 13:43:14,642 INFO  MethodCallReplacementClassAdapter - Adding mock interface to class com/fasterxml/jackson/databind/introspect/AnnotationIntrospectorPair
2024-11-12 13:43:14,643 INFO  CreateClassResetClassAdapter - Creating brand-new static initializer in class com/fasterxml/jackson/databind/introspect/AnnotationIntrospectorPair
2024-11-12 13:43:14,644 INFO  EvoClassLoader - Keeping class: com.fasterxml.jackson.databind.introspect.AnnotationIntrospectorPair
2024-11-12 13:43:14,644 INFO  EvoClassLoader - Seeing class for first time: com.fasterxml.jackson.databind.introspect.NopAnnotationIntrospector
2024-11-12 13:43:14,644 INFO  EvoClassLoader - Instrumenting class 'com.fasterxml.jackson.databind.introspect.NopAnnotationIntrospector'.
2024-11-12 13:43:14,644 INFO  MethodCallReplacementClassAdapter - Adding mock interface to class com/fasterxml/jackson/databind/introspect/NopAnnotationIntrospector
2024-11-12 13:43:14,644 INFO  CreateClassResetClassAdapter - Found static initializer in class com/fasterxml/jackson/databind/introspect/NopAnnotationIntrospector
2024-11-12 13:43:14,645 INFO  EvoClassLoader - Keeping class: com.fasterxml.jackson.databind.introspect.NopAnnotationIntrospector
2024-11-12 13:43:14,645 INFO  EvoClassLoader - Seeing class for first time: com.fasterxml.jackson.databind.introspect.Annotated
2024-11-12 13:43:14,645 INFO  EvoClassLoader - Instrumenting class 'com.fasterxml.jackson.databind.introspect.Annotated'.
2024-11-12 13:43:14,645 INFO  MethodCallReplacementClassAdapter - Adding mock interface to class com/fasterxml/jackson/databind/introspect/Annotated
2024-11-12 13:43:14,645 INFO  CreateClassResetClassAdapter - Creating brand-new static initializer in class com/fasterxml/jackson/databind/introspect/Annotated
2024-11-12 13:43:14,645 INFO  EvoClassLoader - Keeping class: com.fasterxml.jackson.databind.introspect.Annotated
2024-11-12 13:43:14,645 INFO  EvoClassLoader - Seeing class for first time: com.fasterxml.jackson.databind.introspect.AnnotatedClass
2024-11-12 13:43:14,645 INFO  EvoClassLoader - Instrumenting class 'com.fasterxml.jackson.databind.introspect.AnnotatedClass'.
2024-11-12 13:43:14,645 INFO  MethodCallReplacementClassAdapter - Adding mock interface to class com/fasterxml/jackson/databind/introspect/AnnotatedClass
2024-11-12 13:43:14,646 INFO  CreateClassResetClassAdapter - Found static initializer in class com/fasterxml/jackson/databind/introspect/AnnotatedClass
2024-11-12 13:43:14,646 INFO  EvoClassLoader - Seeing class for first time: com.fasterxml.jackson.databind.introspect.TypeResolutionContext
2024-11-12 13:43:14,646 INFO  EvoClassLoader - Instrumenting class 'com.fasterxml.jackson.databind.introspect.TypeResolutionContext'.
2024-11-12 13:43:14,646 INFO  EvoClassLoader - Keeping class: com.fasterxml.jackson.databind.introspect.TypeResolutionContext
2024-11-12 13:43:14,646 INFO  EvoClassLoader - Keeping class: com.fasterxml.jackson.databind.introspect.AnnotatedClass
2024-11-12 13:43:14,646 INFO  EvoClassLoader - Seeing class for first time: com.fasterxml.jackson.databind.introspect.AnnotatedMember
2024-11-12 13:43:14,646 INFO  EvoClassLoader - Instrumenting class 'com.fasterxml.jackson.databind.introspect.AnnotatedMember'.
2024-11-12 13:43:14,647 INFO  MethodCallReplacementClassAdapter - Adding mock interface to class com/fasterxml/jackson/databind/introspect/AnnotatedMember
2024-11-12 13:43:14,647 INFO  CreateClassResetClassAdapter - Creating brand-new static initializer in class com/fasterxml/jackson/databind/introspect/AnnotatedMember
2024-11-12 13:43:14,647 INFO  EvoClassLoader - Keeping class: com.fasterxml.jackson.databind.introspect.AnnotatedMember
2024-11-12 13:43:14,647 INFO  EvoClassLoader - Seeing class for first time: com.fasterxml.jackson.databind.introspect.AnnotatedMethod
2024-11-12 13:43:14,647 INFO  EvoClassLoader - Instrumenting class 'com.fasterxml.jackson.databind.introspect.AnnotatedMethod'.
2024-11-12 13:43:14,647 INFO  MethodCallReplacementClassAdapter - Adding mock interface to class com/fasterxml/jackson/databind/introspect/AnnotatedMethod
2024-11-12 13:43:14,648 INFO  CreateClassResetClassAdapter - Creating brand-new static initializer in class com/fasterxml/jackson/databind/introspect/AnnotatedMethod
2024-11-12 13:43:14,649 INFO  EvoClassLoader - Seeing class for first time: com.fasterxml.jackson.databind.introspect.AnnotatedWithParams
2024-11-12 13:43:14,649 INFO  EvoClassLoader - Instrumenting class 'com.fasterxml.jackson.databind.introspect.AnnotatedWithParams'.
2024-11-12 13:43:14,649 INFO  MethodCallReplacementClassAdapter - Adding mock interface to class com/fasterxml/jackson/databind/introspect/AnnotatedWithParams
2024-11-12 13:43:14,649 INFO  CreateClassResetClassAdapter - Creating brand-new static initializer in class com/fasterxml/jackson/databind/introspect/AnnotatedWithParams
2024-11-12 13:43:14,649 INFO  EvoClassLoader - Keeping class: com.fasterxml.jackson.databind.introspect.AnnotatedWithParams
2024-11-12 13:43:14,649 INFO  EvoClassLoader - Keeping class: com.fasterxml.jackson.databind.introspect.AnnotatedMethod
2024-11-12 13:43:14,650 INFO  EvoClassLoader - Seeing class for first time: com.fasterxml.jackson.databind.introspect.VirtualAnnotatedMember
2024-11-12 13:43:14,650 INFO  EvoClassLoader - Instrumenting class 'com.fasterxml.jackson.databind.introspect.VirtualAnnotatedMember'.
2024-11-12 13:43:14,650 INFO  MethodCallReplacementClassAdapter - Adding mock interface to class com/fasterxml/jackson/databind/introspect/VirtualAnnotatedMember
2024-11-12 13:43:14,651 INFO  CreateClassResetClassAdapter - Creating brand-new static initializer in class com/fasterxml/jackson/databind/introspect/VirtualAnnotatedMember
2024-11-12 13:43:14,651 INFO  EvoClassLoader - Keeping class: com.fasterxml.jackson.databind.introspect.VirtualAnnotatedMember
2024-11-12 13:43:14,651 INFO  EvoClassLoader - Seeing class for first time: com.fasterxml.jackson.databind.introspect.BeanPropertyDefinition
2024-11-12 13:43:14,651 INFO  EvoClassLoader - Instrumenting class 'com.fasterxml.jackson.databind.introspect.BeanPropertyDefinition'.
2024-11-12 13:43:14,652 INFO  MethodCallReplacementClassAdapter - Adding mock interface to class com/fasterxml/jackson/databind/introspect/BeanPropertyDefinition
2024-11-12 13:43:14,656 INFO  CreateClassResetClassAdapter - Found static initializer in class com/fasterxml/jackson/databind/introspect/BeanPropertyDefinition
2024-11-12 13:43:14,656 INFO  EvoClassLoader - Seeing class for first time: com.fasterxml.jackson.databind.util.Named
2024-11-12 13:43:14,656 INFO  EvoClassLoader - Instrumenting class 'com.fasterxml.jackson.databind.util.Named'.
2024-11-12 13:43:14,657 INFO  EvoClassLoader - Keeping class: com.fasterxml.jackson.databind.util.Named
2024-11-12 13:43:14,657 INFO  EvoClassLoader - Keeping class: com.fasterxml.jackson.databind.introspect.BeanPropertyDefinition
2024-11-12 13:43:14,657 INFO  EvoClassLoader - Seeing class for first time: com.fasterxml.jackson.databind.util.SimpleBeanPropertyDefinition
2024-11-12 13:43:14,657 INFO  EvoClassLoader - Instrumenting class 'com.fasterxml.jackson.databind.util.SimpleBeanPropertyDefinition'.
2024-11-12 13:43:14,657 INFO  MethodCallReplacementClassAdapter - Adding mock interface to class com/fasterxml/jackson/databind/util/SimpleBeanPropertyDefinition
2024-11-12 13:43:14,657 INFO  CreateClassResetClassAdapter - Creating brand-new static initializer in class com/fasterxml/jackson/databind/util/SimpleBeanPropertyDefinition
2024-11-12 13:43:14,658 INFO  EvoClassLoader - Keeping class: com.fasterxml.jackson.databind.util.SimpleBeanPropertyDefinition
2024-11-12 13:43:14,658 INFO  EvoClassLoader - Seeing class for first time: com.fasterxml.jackson.databind.ser.BeanPropertyWriter
2024-11-12 13:43:14,658 INFO  EvoClassLoader - Instrumenting class 'com.fasterxml.jackson.databind.ser.BeanPropertyWriter'.
2024-11-12 13:43:14,658 INFO  MethodCallReplacementClassAdapter - Adding mock interface to class com/fasterxml/jackson/databind/ser/BeanPropertyWriter
2024-11-12 13:43:14,661 INFO  CreateClassResetClassAdapter - Found static initializer in class com/fasterxml/jackson/databind/ser/BeanPropertyWriter
2024-11-12 13:43:14,662 INFO  EvoClassLoader - Seeing class for first time: com.fasterxml.jackson.databind.ser.PropertyWriter
2024-11-12 13:43:14,662 INFO  EvoClassLoader - Instrumenting class 'com.fasterxml.jackson.databind.ser.PropertyWriter'.
2024-11-12 13:43:14,662 INFO  MethodCallReplacementClassAdapter - Adding mock interface to class com/fasterxml/jackson/databind/ser/PropertyWriter
2024-11-12 13:43:14,662 INFO  CreateClassResetClassAdapter - Creating brand-new static initializer in class com/fasterxml/jackson/databind/ser/PropertyWriter
2024-11-12 13:43:14,663 INFO  EvoClassLoader - Seeing class for first time: com.fasterxml.jackson.databind.introspect.ConcreteBeanPropertyBase
2024-11-12 13:43:14,663 INFO  EvoClassLoader - Instrumenting class 'com.fasterxml.jackson.databind.introspect.ConcreteBeanPropertyBase'.
2024-11-12 13:43:14,663 INFO  MethodCallReplacementClassAdapter - Adding mock interface to class com/fasterxml/jackson/databind/introspect/ConcreteBeanPropertyBase
2024-11-12 13:43:14,663 INFO  CreateClassResetClassAdapter - Creating brand-new static initializer in class com/fasterxml/jackson/databind/introspect/ConcreteBeanPropertyBase
2024-11-12 13:43:14,663 INFO  EvoClassLoader - Seeing class for first time: com.fasterxml.jackson.databind.BeanProperty
2024-11-12 13:43:14,663 INFO  EvoClassLoader - Instrumenting class 'com.fasterxml.jackson.databind.BeanProperty'.
2024-11-12 13:43:14,664 INFO  EvoClassLoader - Keeping class: com.fasterxml.jackson.databind.BeanProperty
2024-11-12 13:43:14,664 INFO  EvoClassLoader - Keeping class: com.fasterxml.jackson.databind.introspect.ConcreteBeanPropertyBase
2024-11-12 13:43:14,664 INFO  EvoClassLoader - Keeping class: com.fasterxml.jackson.databind.ser.PropertyWriter
2024-11-12 13:43:14,664 INFO  EvoClassLoader - Keeping class: com.fasterxml.jackson.databind.ser.BeanPropertyWriter
2024-11-12 13:43:14,664 INFO  EvoClassLoader - Seeing class for first time: com.fasterxml.jackson.databind.ser.VirtualBeanPropertyWriter
2024-11-12 13:43:14,664 INFO  EvoClassLoader - Instrumenting class 'com.fasterxml.jackson.databind.ser.VirtualBeanPropertyWriter'.
2024-11-12 13:43:14,664 INFO  MethodCallReplacementClassAdapter - Adding mock interface to class com/fasterxml/jackson/databind/ser/VirtualBeanPropertyWriter
2024-11-12 13:43:14,665 INFO  CreateClassResetClassAdapter - Creating brand-new static initializer in class com/fasterxml/jackson/databind/ser/VirtualBeanPropertyWriter
2024-11-12 13:43:14,665 INFO  EvoClassLoader - Keeping class: com.fasterxml.jackson.databind.ser.VirtualBeanPropertyWriter
2024-11-12 13:43:14,665 INFO  EvoClassLoader - Seeing class for first time: com.fasterxml.jackson.databind.ser.impl.AttributePropertyWriter
2024-11-12 13:43:14,665 INFO  EvoClassLoader - Instrumenting class 'com.fasterxml.jackson.databind.ser.impl.AttributePropertyWriter'.
2024-11-12 13:43:14,665 INFO  MethodCallReplacementClassAdapter - Adding mock interface to class com/fasterxml/jackson/databind/ser/impl/AttributePropertyWriter
2024-11-12 13:43:14,666 INFO  CreateClassResetClassAdapter - Creating brand-new static initializer in class com/fasterxml/jackson/databind/ser/impl/AttributePropertyWriter
2024-11-12 13:43:14,666 INFO  EvoClassLoader - Defined package (3): package com.fasterxml.jackson.databind.ser.impl, -1959732275
2024-11-12 13:43:14,666 INFO  EvoClassLoader - Keeping class: com.fasterxml.jackson.databind.ser.impl.AttributePropertyWriter
2024-11-12 13:43:14,666 INFO  EvoClassLoader - Seeing class for first time: com.fasterxml.jackson.databind.annotation.JsonSerialize
2024-11-12 13:43:14,666 INFO  EvoClassLoader - Instrumenting class 'com.fasterxml.jackson.databind.annotation.JsonSerialize'.
2024-11-12 13:43:14,666 INFO  EvoClassLoader - Defined package (3): package com.fasterxml.jackson.databind.annotation, 1823830094
2024-11-12 13:43:14,667 INFO  EvoClassLoader - Keeping class: com.fasterxml.jackson.databind.annotation.JsonSerialize
2024-11-12 13:43:14,667 INFO  EvoClassLoader - Seeing class for first time: com.fasterxml.jackson.annotation.JsonView
2024-11-12 13:43:14,667 INFO  EvoClassLoader - Instrumenting class 'com.fasterxml.jackson.annotation.JsonView'.
2024-11-12 13:43:14,667 INFO  EvoClassLoader - Defined package (3): package com.fasterxml.jackson.annotation, -1183563657
2024-11-12 13:43:14,667 INFO  EvoClassLoader - Keeping class: com.fasterxml.jackson.annotation.JsonView
2024-11-12 13:43:14,667 INFO  EvoClassLoader - Seeing class for first time: com.fasterxml.jackson.annotation.JsonFormat
2024-11-12 13:43:14,667 INFO  EvoClassLoader - Instrumenting class 'com.fasterxml.jackson.annotation.JsonFormat'.
2024-11-12 13:43:14,667 INFO  EvoClassLoader - Keeping class: com.fasterxml.jackson.annotation.JsonFormat
2024-11-12 13:43:14,667 INFO  EvoClassLoader - Seeing class for first time: com.fasterxml.jackson.annotation.JsonTypeInfo
2024-11-12 13:43:14,667 INFO  EvoClassLoader - Instrumenting class 'com.fasterxml.jackson.annotation.JsonTypeInfo'.
2024-11-12 13:43:14,667 INFO  EvoClassLoader - Keeping class: com.fasterxml.jackson.annotation.JsonTypeInfo
2024-11-12 13:43:14,667 INFO  EvoClassLoader - Seeing class for first time: com.fasterxml.jackson.annotation.JsonRawValue
2024-11-12 13:43:14,667 INFO  EvoClassLoader - Instrumenting class 'com.fasterxml.jackson.annotation.JsonRawValue'.
2024-11-12 13:43:14,668 INFO  EvoClassLoader - Keeping class: com.fasterxml.jackson.annotation.JsonRawValue
2024-11-12 13:43:14,668 INFO  EvoClassLoader - Seeing class for first time: com.fasterxml.jackson.annotation.JsonUnwrapped
2024-11-12 13:43:14,668 INFO  EvoClassLoader - Instrumenting class 'com.fasterxml.jackson.annotation.JsonUnwrapped'.
2024-11-12 13:43:14,668 INFO  EvoClassLoader - Keeping class: com.fasterxml.jackson.annotation.JsonUnwrapped
2024-11-12 13:43:14,668 INFO  EvoClassLoader - Seeing class for first time: com.fasterxml.jackson.annotation.JsonBackReference
2024-11-12 13:43:14,668 INFO  EvoClassLoader - Instrumenting class 'com.fasterxml.jackson.annotation.JsonBackReference'.
2024-11-12 13:43:14,668 INFO  EvoClassLoader - Keeping class: com.fasterxml.jackson.annotation.JsonBackReference
2024-11-12 13:43:14,668 INFO  EvoClassLoader - Seeing class for first time: com.fasterxml.jackson.annotation.JsonManagedReference
2024-11-12 13:43:14,668 INFO  EvoClassLoader - Instrumenting class 'com.fasterxml.jackson.annotation.JsonManagedReference'.
2024-11-12 13:43:14,668 INFO  EvoClassLoader - Keeping class: com.fasterxml.jackson.annotation.JsonManagedReference
2024-11-12 13:43:14,668 INFO  EvoClassLoader - Seeing class for first time: com.fasterxml.jackson.databind.annotation.JsonDeserialize
2024-11-12 13:43:14,668 INFO  EvoClassLoader - Instrumenting class 'com.fasterxml.jackson.databind.annotation.JsonDeserialize'.
2024-11-12 13:43:14,668 INFO  EvoClassLoader - Keeping class: com.fasterxml.jackson.databind.annotation.JsonDeserialize
2024-11-12 13:43:14,668 INFO  EvoClassLoader - Seeing class for first time: com.fasterxml.jackson.annotation.JsonMerge
2024-11-12 13:43:14,668 INFO  EvoClassLoader - Instrumenting class 'com.fasterxml.jackson.annotation.JsonMerge'.
2024-11-12 13:43:14,669 INFO  EvoClassLoader - Keeping class: com.fasterxml.jackson.annotation.JsonMerge
2024-11-12 13:43:14,669 INFO  EvoClassLoader - Seeing class for first time: com.fasterxml.jackson.databind.ext.Java7Support
2024-11-12 13:43:14,669 INFO  EvoClassLoader - Instrumenting class 'com.fasterxml.jackson.databind.ext.Java7Support'.
2024-11-12 13:43:14,669 INFO  MethodCallReplacementClassAdapter - Adding mock interface to class com/fasterxml/jackson/databind/ext/Java7Support
2024-11-12 13:43:14,669 INFO  CreateClassResetClassAdapter - Found static initializer in class com/fasterxml/jackson/databind/ext/Java7Support
2024-11-12 13:43:14,669 INFO  EvoClassLoader - Defined package (3): package com.fasterxml.jackson.databind.ext, -1584137758
2024-11-12 13:43:14,669 INFO  EvoClassLoader - Keeping class: com.fasterxml.jackson.databind.ext.Java7Support
2024-11-12 13:43:14,669 INFO  EvoClassLoader - Seeing class for first time: com.fasterxml.jackson.databind.ext.Java7SupportImpl
2024-11-12 13:43:14,669 INFO  EvoClassLoader - Instrumenting class 'com.fasterxml.jackson.databind.ext.Java7SupportImpl'.
2024-11-12 13:43:14,669 INFO  MethodCallReplacementClassAdapter - Adding mock interface to class com/fasterxml/jackson/databind/ext/Java7SupportImpl
2024-11-12 13:43:14,670 INFO  CreateClassResetClassAdapter - Creating brand-new static initializer in class com/fasterxml/jackson/databind/ext/Java7SupportImpl
2024-11-12 13:43:14,670 INFO  EvoClassLoader - Keeping class: com.fasterxml.jackson.databind.ext.Java7SupportImpl
2024-11-12 13:43:14,670 INFO  EvoClassLoader - Seeing class for first time: com.fasterxml.jackson.databind.util.ClassUtil
2024-11-12 13:43:14,670 INFO  EvoClassLoader - Instrumenting class 'com.fasterxml.jackson.databind.util.ClassUtil'.
2024-11-12 13:43:14,670 INFO  MethodCallReplacementClassAdapter - Adding mock interface to class com/fasterxml/jackson/databind/util/ClassUtil
2024-11-12 13:43:14,673 INFO  CreateClassResetClassAdapter - Found static initializer in class com/fasterxml/jackson/databind/util/ClassUtil
2024-11-12 13:43:14,674 INFO  EvoClassLoader - Keeping class: com.fasterxml.jackson.databind.util.ClassUtil
2024-11-12 13:43:14,674 INFO  EvoClassLoader - Seeing class for first time: com.fasterxml.jackson.databind.util.ClassUtil$Ctor
2024-11-12 13:43:14,674 INFO  EvoClassLoader - Instrumenting class 'com.fasterxml.jackson.databind.util.ClassUtil$Ctor'.
2024-11-12 13:43:14,675 INFO  MethodCallReplacementClassAdapter - Adding mock interface to class com/fasterxml/jackson/databind/util/ClassUtil$Ctor
2024-11-12 13:43:14,675 INFO  CreateClassResetClassAdapter - Creating brand-new static initializer in class com/fasterxml/jackson/databind/util/ClassUtil$Ctor
2024-11-12 13:43:14,675 INFO  EvoClassLoader - Keeping class: com.fasterxml.jackson.databind.util.ClassUtil$Ctor
2024-11-12 13:43:14,675 INFO  EvoClassLoader - Seeing class for first time: com.fasterxml.jackson.databind.util.LRUMap
2024-11-12 13:43:14,675 INFO  EvoClassLoader - Instrumenting class 'com.fasterxml.jackson.databind.util.LRUMap'.
2024-11-12 13:43:14,675 INFO  MethodCallReplacementClassAdapter - Adding mock interface to class com/fasterxml/jackson/databind/util/LRUMap
2024-11-12 13:43:14,675 INFO  CreateClassResetClassAdapter - Creating brand-new static initializer in class com/fasterxml/jackson/databind/util/LRUMap
2024-11-12 13:43:14,676 INFO  EvoClassLoader - Seeing class for first time: com.fasterxml.jackson.databind.util.LookupCache
2024-11-12 13:43:14,676 INFO  EvoClassLoader - Instrumenting class 'com.fasterxml.jackson.databind.util.LookupCache'.
2024-11-12 13:43:14,676 INFO  EvoClassLoader - Keeping class: com.fasterxml.jackson.databind.util.LookupCache
2024-11-12 13:43:14,676 INFO  EvoClassLoader - Keeping class: com.fasterxml.jackson.databind.util.LRUMap
2024-11-12 13:43:14,677 INFO  EvoClassLoader - Seeing class for first time: com.fasterxml.jackson.databind.cfg.BaseSettings
2024-11-12 13:43:14,677 INFO  EvoClassLoader - Instrumenting class 'com.fasterxml.jackson.databind.cfg.BaseSettings'.
2024-11-12 13:43:14,677 INFO  MethodCallReplacementClassAdapter - Adding mock interface to class com/fasterxml/jackson/databind/cfg/BaseSettings
2024-11-12 13:43:14,677 INFO  CreateClassResetClassAdapter - Found static initializer in class com/fasterxml/jackson/databind/cfg/BaseSettings
2024-11-12 13:43:14,677 INFO  EvoClassLoader - Defined package (3): package com.fasterxml.jackson.databind.cfg, -1584140251
2024-11-12 13:43:14,677 INFO  EvoClassLoader - Keeping class: com.fasterxml.jackson.databind.cfg.BaseSettings
2024-11-12 13:43:14,678 INFO  EvoClassLoader - Seeing class for first time: com.fasterxml.jackson.databind.type.TypeFactory
2024-11-12 13:43:14,678 INFO  EvoClassLoader - Instrumenting class 'com.fasterxml.jackson.databind.type.TypeFactory'.
2024-11-12 13:43:14,678 INFO  MethodCallReplacementClassAdapter - Adding mock interface to class com/fasterxml/jackson/databind/type/TypeFactory
2024-11-12 13:43:14,682 INFO  CreateClassResetClassAdapter - Found static initializer in class com/fasterxml/jackson/databind/type/TypeFactory
2024-11-12 13:43:14,684 INFO  EvoClassLoader - Keeping class: com.fasterxml.jackson.databind.type.TypeFactory
2024-11-12 13:43:14,684 INFO  EvoClassLoader - Seeing class for first time: com.fasterxml.jackson.databind.type.SimpleType
2024-11-12 13:43:14,684 INFO  EvoClassLoader - Instrumenting class 'com.fasterxml.jackson.databind.type.SimpleType'.
2024-11-12 13:43:14,684 INFO  MethodCallReplacementClassAdapter - Adding mock interface to class com/fasterxml/jackson/databind/type/SimpleType
2024-11-12 13:43:14,685 INFO  CreateClassResetClassAdapter - Creating brand-new static initializer in class com/fasterxml/jackson/databind/type/SimpleType
2024-11-12 13:43:14,685 INFO  EvoClassLoader - Keeping class: com.fasterxml.jackson.databind.type.SimpleType
2024-11-12 13:43:14,685 INFO  EvoClassLoader - Seeing class for first time: com.fasterxml.jackson.databind.type.ResolvedRecursiveType
2024-11-12 13:43:14,685 INFO  EvoClassLoader - Instrumenting class 'com.fasterxml.jackson.databind.type.ResolvedRecursiveType'.
2024-11-12 13:43:14,685 INFO  MethodCallReplacementClassAdapter - Adding mock interface to class com/fasterxml/jackson/databind/type/ResolvedRecursiveType
2024-11-12 13:43:14,686 INFO  CreateClassResetClassAdapter - Creating brand-new static initializer in class com/fasterxml/jackson/databind/type/ResolvedRecursiveType
2024-11-12 13:43:14,686 INFO  EvoClassLoader - Keeping class: com.fasterxml.jackson.databind.type.ResolvedRecursiveType
2024-11-12 13:43:14,686 INFO  EvoClassLoader - Seeing class for first time: com.fasterxml.jackson.databind.type.PlaceholderForType
2024-11-12 13:43:14,686 INFO  EvoClassLoader - Instrumenting class 'com.fasterxml.jackson.databind.type.PlaceholderForType'.
2024-11-12 13:43:14,686 INFO  MethodCallReplacementClassAdapter - Adding mock interface to class com/fasterxml/jackson/databind/type/PlaceholderForType
2024-11-12 13:43:14,686 INFO  CreateClassResetClassAdapter - Creating brand-new static initializer in class com/fasterxml/jackson/databind/type/PlaceholderForType
2024-11-12 13:43:14,686 INFO  EvoClassLoader - Keeping class: com.fasterxml.jackson.databind.type.PlaceholderForType
2024-11-12 13:43:14,687 INFO  EvoClassLoader - Seeing class for first time: com.fasterxml.jackson.databind.type.ReferenceType
2024-11-12 13:43:14,687 INFO  EvoClassLoader - Instrumenting class 'com.fasterxml.jackson.databind.type.ReferenceType'.
2024-11-12 13:43:14,687 INFO  MethodCallReplacementClassAdapter - Adding mock interface to class com/fasterxml/jackson/databind/type/ReferenceType
2024-11-12 13:43:14,688 INFO  CreateClassResetClassAdapter - Creating brand-new static initializer in class com/fasterxml/jackson/databind/type/ReferenceType
2024-11-12 13:43:14,688 INFO  EvoClassLoader - Keeping class: com.fasterxml.jackson.databind.type.ReferenceType
2024-11-12 13:43:14,689 INFO  EvoClassLoader - Seeing class for first time: com.fasterxml.jackson.databind.type.TypeParser
2024-11-12 13:43:14,689 INFO  EvoClassLoader - Instrumenting class 'com.fasterxml.jackson.databind.type.TypeParser'.
2024-11-12 13:43:14,689 INFO  MethodCallReplacementClassAdapter - Adding mock interface to class com/fasterxml/jackson/databind/type/TypeParser
2024-11-12 13:43:14,689 INFO  CreateClassResetClassAdapter - Creating brand-new static initializer in class com/fasterxml/jackson/databind/type/TypeParser
2024-11-12 13:43:14,690 INFO  EvoClassLoader - Keeping class: com.fasterxml.jackson.databind.type.TypeParser
2024-11-12 13:43:14,690 INFO  EvoClassLoader - Seeing class for first time: com.fasterxml.jackson.databind.type.TypeBindings
2024-11-12 13:43:14,690 INFO  EvoClassLoader - Instrumenting class 'com.fasterxml.jackson.databind.type.TypeBindings'.
2024-11-12 13:43:14,690 INFO  MethodCallReplacementClassAdapter - Adding mock interface to class com/fasterxml/jackson/databind/type/TypeBindings
2024-11-12 13:43:14,690 INFO  CreateClassResetClassAdapter - Found static initializer in class com/fasterxml/jackson/databind/type/TypeBindings
2024-11-12 13:43:14,691 INFO  EvoClassLoader - Keeping class: com.fasterxml.jackson.databind.type.TypeBindings
2024-11-12 13:43:14,693 INFO  EvoClassLoader - Seeing class for first time: com.fasterxml.jackson.core.Base64Variants
2024-11-12 13:43:14,693 INFO  EvoClassLoader - Instrumenting class 'com.fasterxml.jackson.core.Base64Variants'.
2024-11-12 13:43:14,693 INFO  MethodCallReplacementClassAdapter - Adding mock interface to class com/fasterxml/jackson/core/Base64Variants
2024-11-12 13:43:14,693 INFO  CreateClassResetClassAdapter - Found static initializer in class com/fasterxml/jackson/core/Base64Variants
2024-11-12 13:43:14,693 INFO  EvoClassLoader - Keeping class: com.fasterxml.jackson.core.Base64Variants
2024-11-12 13:43:14,694 INFO  EvoClassLoader - Seeing class for first time: com.fasterxml.jackson.core.Base64Variant
2024-11-12 13:43:14,694 INFO  EvoClassLoader - Instrumenting class 'com.fasterxml.jackson.core.Base64Variant'.
2024-11-12 13:43:14,694 INFO  MethodCallReplacementClassAdapter - Adding mock interface to class com/fasterxml/jackson/core/Base64Variant
2024-11-12 13:43:14,694 INFO  CreateClassResetClassAdapter - Creating brand-new static initializer in class com/fasterxml/jackson/core/Base64Variant
2024-11-12 13:43:14,694 INFO  CreateClassResetClassAdapter - Adding bytecode for initializing field INT_SPACE
2024-11-12 13:43:14,694 INFO  CreateClassResetClassAdapter - Adding bytecode for initializing field PADDING_CHAR_NONE
2024-11-12 13:43:14,694 INFO  CreateClassResetClassAdapter - Adding bytecode for initializing field BASE64_VALUE_INVALID
2024-11-12 13:43:14,694 INFO  CreateClassResetClassAdapter - Adding bytecode for initializing field BASE64_VALUE_PADDING
2024-11-12 13:43:14,695 INFO  EvoClassLoader - Keeping class: com.fasterxml.jackson.core.Base64Variant
2024-11-12 13:43:14,695 INFO  EvoClassLoader - Seeing class for first time: com.fasterxml.jackson.core.Base64Variant$PaddingReadBehaviour
2024-11-12 13:43:14,695 INFO  EvoClassLoader - Instrumenting class 'com.fasterxml.jackson.core.Base64Variant$PaddingReadBehaviour'.
2024-11-12 13:43:14,695 INFO  MethodCallReplacementClassAdapter - Adding mock interface to class com/fasterxml/jackson/core/Base64Variant$PaddingReadBehaviour
2024-11-12 13:43:14,695 INFO  CreateClassResetClassAdapter - Found static initializer in class com/fasterxml/jackson/core/Base64Variant$PaddingReadBehaviour
2024-11-12 13:43:14,695 INFO  EvoClassLoader - Keeping class: com.fasterxml.jackson.core.Base64Variant$PaddingReadBehaviour
2024-11-12 13:43:14,696 INFO  EvoClassLoader - Seeing class for first time: com.fasterxml.jackson.databind.introspect.AccessorNamingStrategy
2024-11-12 13:43:14,696 INFO  EvoClassLoader - Instrumenting class 'com.fasterxml.jackson.databind.introspect.AccessorNamingStrategy'.
2024-11-12 13:43:14,696 INFO  MethodCallReplacementClassAdapter - Adding mock interface to class com/fasterxml/jackson/databind/introspect/AccessorNamingStrategy
2024-11-12 13:43:14,696 INFO  CreateClassResetClassAdapter - Creating brand-new static initializer in class com/fasterxml/jackson/databind/introspect/AccessorNamingStrategy
2024-11-12 13:43:14,696 INFO  EvoClassLoader - Keeping class: com.fasterxml.jackson.databind.introspect.AccessorNamingStrategy
2024-11-12 13:43:14,696 INFO  EvoClassLoader - Seeing class for first time: com.fasterxml.jackson.databind.introspect.DefaultAccessorNamingStrategy
2024-11-12 13:43:14,696 INFO  EvoClassLoader - Instrumenting class 'com.fasterxml.jackson.databind.introspect.DefaultAccessorNamingStrategy'.
2024-11-12 13:43:14,696 INFO  MethodCallReplacementClassAdapter - Adding mock interface to class com/fasterxml/jackson/databind/introspect/DefaultAccessorNamingStrategy
2024-11-12 13:43:14,696 INFO  CreateClassResetClassAdapter - Creating brand-new static initializer in class com/fasterxml/jackson/databind/introspect/DefaultAccessorNamingStrategy
2024-11-12 13:43:14,697 INFO  EvoClassLoader - Keeping class: com.fasterxml.jackson.databind.introspect.DefaultAccessorNamingStrategy
2024-11-12 13:43:14,697 INFO  EvoClassLoader - Seeing class for first time: com.fasterxml.jackson.databind.introspect.DefaultAccessorNamingStrategy$RecordNaming
2024-11-12 13:43:14,697 INFO  EvoClassLoader - Instrumenting class 'com.fasterxml.jackson.databind.introspect.DefaultAccessorNamingStrategy$RecordNaming'.
2024-11-12 13:43:14,697 INFO  MethodCallReplacementClassAdapter - Adding mock interface to class com/fasterxml/jackson/databind/introspect/DefaultAccessorNamingStrategy$RecordNaming
2024-11-12 13:43:14,697 INFO  CreateClassResetClassAdapter - Creating brand-new static initializer in class com/fasterxml/jackson/databind/introspect/DefaultAccessorNamingStrategy$RecordNaming
2024-11-12 13:43:14,697 INFO  EvoClassLoader - Keeping class: com.fasterxml.jackson.databind.introspect.DefaultAccessorNamingStrategy$RecordNaming
2024-11-12 13:43:14,698 INFO  EvoClassLoader - Seeing class for first time: com.fasterxml.jackson.core.io.DataOutputAsStream
2024-11-12 13:43:14,698 INFO  EvoClassLoader - Instrumenting class 'com.fasterxml.jackson.core.io.DataOutputAsStream'.
2024-11-12 13:43:14,698 INFO  MethodCallReplacementClassAdapter - Adding mock interface to class com/fasterxml/jackson/core/io/DataOutputAsStream
2024-11-12 13:43:14,698 INFO  CreateClassResetClassAdapter - Creating brand-new static initializer in class com/fasterxml/jackson/core/io/DataOutputAsStream
2024-11-12 13:43:14,698 INFO  EvoClassLoader - Keeping class: com.fasterxml.jackson.core.io.DataOutputAsStream
2024-11-12 13:43:14,698 INFO  EvoClassLoader - Seeing class for first time: com.fasterxml.jackson.core.SerializableString
2024-11-12 13:43:14,698 INFO  EvoClassLoader - Instrumenting class 'com.fasterxml.jackson.core.SerializableString'.
2024-11-12 13:43:14,698 INFO  EvoClassLoader - Keeping class: com.fasterxml.jackson.core.SerializableString
2024-11-12 13:43:14,698 INFO  EvoClassLoader - Seeing class for first time: com.fasterxml.jackson.core.TSFBuilder
2024-11-12 13:43:14,698 INFO  EvoClassLoader - Instrumenting class 'com.fasterxml.jackson.core.TSFBuilder'.
2024-11-12 13:43:14,698 INFO  MethodCallReplacementClassAdapter - Adding mock interface to class com/fasterxml/jackson/core/TSFBuilder
2024-11-12 13:43:14,699 INFO  CreateClassResetClassAdapter - Found static initializer in class com/fasterxml/jackson/core/TSFBuilder
2024-11-12 13:43:14,699 INFO  EvoClassLoader - Keeping class: com.fasterxml.jackson.core.TSFBuilder
2024-11-12 13:43:14,699 INFO  EvoClassLoader - Seeing class for first time: com.fasterxml.jackson.core.JsonFactoryBuilder
2024-11-12 13:43:14,699 INFO  EvoClassLoader - Instrumenting class 'com.fasterxml.jackson.core.JsonFactoryBuilder'.
2024-11-12 13:43:14,699 INFO  MethodCallReplacementClassAdapter - Adding mock interface to class com/fasterxml/jackson/core/JsonFactoryBuilder
2024-11-12 13:43:14,700 INFO  CreateClassResetClassAdapter - Creating brand-new static initializer in class com/fasterxml/jackson/core/JsonFactoryBuilder
2024-11-12 13:43:14,700 INFO  EvoClassLoader - Keeping class: com.fasterxml.jackson.core.JsonFactoryBuilder
2024-11-12 13:43:14,700 INFO  EvoClassLoader - Seeing class for first time: com.fasterxml.jackson.core.json.UTF8DataInputJsonParser
2024-11-12 13:43:14,700 INFO  EvoClassLoader - Instrumenting class 'com.fasterxml.jackson.core.json.UTF8DataInputJsonParser'.
2024-11-12 13:43:14,701 INFO  MethodCallReplacementClassAdapter - Adding mock interface to class com/fasterxml/jackson/core/json/UTF8DataInputJsonParser
2024-11-12 13:43:14,702 INFO  CreateClassResetClassAdapter - Found static initializer in class com/fasterxml/jackson/core/json/UTF8DataInputJsonParser
2024-11-12 13:43:14,702 INFO  EvoClassLoader - Defined package (3): package com.fasterxml.jackson.core.json, 596329359
2024-11-12 13:43:14,703 INFO  EvoClassLoader - Seeing class for first time: com.fasterxml.jackson.core.base.ParserBase
2024-11-12 13:43:14,703 INFO  EvoClassLoader - Instrumenting class 'com.fasterxml.jackson.core.base.ParserBase'.
2024-11-12 13:43:14,703 INFO  MethodCallReplacementClassAdapter - Adding mock interface to class com/fasterxml/jackson/core/base/ParserBase
2024-11-12 13:43:14,705 INFO  CreateClassResetClassAdapter - Found static initializer in class com/fasterxml/jackson/core/base/ParserBase
2024-11-12 13:43:14,705 INFO  EvoClassLoader - Keeping class: com.fasterxml.jackson.core.base.ParserBase
2024-11-12 13:43:14,705 INFO  EvoClassLoader - Keeping class: com.fasterxml.jackson.core.json.UTF8DataInputJsonParser
2024-11-12 13:43:14,705 INFO  EvoClassLoader - Seeing class for first time: com.fasterxml.jackson.core.json.ReaderBasedJsonParser
2024-11-12 13:43:14,705 INFO  EvoClassLoader - Instrumenting class 'com.fasterxml.jackson.core.json.ReaderBasedJsonParser'.
2024-11-12 13:43:14,706 INFO  MethodCallReplacementClassAdapter - Adding mock interface to class com/fasterxml/jackson/core/json/ReaderBasedJsonParser
2024-11-12 13:43:14,708 INFO  CreateClassResetClassAdapter - Found static initializer in class com/fasterxml/jackson/core/json/ReaderBasedJsonParser
2024-11-12 13:43:14,708 INFO  EvoClassLoader - Keeping class: com.fasterxml.jackson.core.json.ReaderBasedJsonParser
2024-11-12 13:43:14,709 INFO  EvoClassLoader - Seeing class for first time: com.fasterxml.jackson.core.json.async.NonBlockingJsonParser
2024-11-12 13:43:14,709 INFO  EvoClassLoader - Instrumenting class 'com.fasterxml.jackson.core.json.async.NonBlockingJsonParser'.
2024-11-12 13:43:14,709 INFO  MethodCallReplacementClassAdapter - Adding mock interface to class com/fasterxml/jackson/core/json/async/NonBlockingJsonParser
2024-11-12 13:43:14,710 INFO  CreateClassResetClassAdapter - Found static initializer in class com/fasterxml/jackson/core/json/async/NonBlockingJsonParser
2024-11-12 13:43:14,711 INFO  EvoClassLoader - Defined package (3): package com.fasterxml.jackson.core.json.async, 829688669
2024-11-12 13:43:14,711 INFO  EvoClassLoader - Seeing class for first time: com.fasterxml.jackson.core.async.ByteArrayFeeder
2024-11-12 13:43:14,711 INFO  EvoClassLoader - Instrumenting class 'com.fasterxml.jackson.core.async.ByteArrayFeeder'.
2024-11-12 13:43:14,712 INFO  EvoClassLoader - Defined package (3): package com.fasterxml.jackson.core.async, 1298038965
2024-11-12 13:43:14,712 INFO  EvoClassLoader - Seeing class for first time: com.fasterxml.jackson.core.async.NonBlockingInputFeeder
2024-11-12 13:43:14,712 INFO  EvoClassLoader - Instrumenting class 'com.fasterxml.jackson.core.async.NonBlockingInputFeeder'.
2024-11-12 13:43:14,712 INFO  EvoClassLoader - Keeping class: com.fasterxml.jackson.core.async.NonBlockingInputFeeder
2024-11-12 13:43:14,712 INFO  EvoClassLoader - Keeping class: com.fasterxml.jackson.core.async.ByteArrayFeeder
2024-11-12 13:43:14,712 INFO  EvoClassLoader - Seeing class for first time: com.fasterxml.jackson.core.json.async.NonBlockingJsonParserBase
2024-11-12 13:43:14,712 INFO  EvoClassLoader - Instrumenting class 'com.fasterxml.jackson.core.json.async.NonBlockingJsonParserBase'.
2024-11-12 13:43:14,713 INFO  MethodCallReplacementClassAdapter - Adding mock interface to class com/fasterxml/jackson/core/json/async/NonBlockingJsonParserBase
2024-11-12 13:43:14,713 INFO  CreateClassResetClassAdapter - Found static initializer in class com/fasterxml/jackson/core/json/async/NonBlockingJsonParserBase
2024-11-12 13:43:14,714 INFO  EvoClassLoader - Keeping class: com.fasterxml.jackson.core.json.async.NonBlockingJsonParserBase
2024-11-12 13:43:14,714 INFO  EvoClassLoader - Keeping class: com.fasterxml.jackson.core.json.async.NonBlockingJsonParser
2024-11-12 13:43:14,714 INFO  EvoClassLoader - Seeing class for first time: com.fasterxml.jackson.core.json.UTF8JsonGenerator
2024-11-12 13:43:14,714 INFO  EvoClassLoader - Instrumenting class 'com.fasterxml.jackson.core.json.UTF8JsonGenerator'.
2024-11-12 13:43:14,715 INFO  MethodCallReplacementClassAdapter - Adding mock interface to class com/fasterxml/jackson/core/json/UTF8JsonGenerator
2024-11-12 13:43:14,716 INFO  CreateClassResetClassAdapter - Found static initializer in class com/fasterxml/jackson/core/json/UTF8JsonGenerator
2024-11-12 13:43:14,717 INFO  EvoClassLoader - Seeing class for first time: com.fasterxml.jackson.core.json.JsonGeneratorImpl
2024-11-12 13:43:14,717 INFO  EvoClassLoader - Instrumenting class 'com.fasterxml.jackson.core.json.JsonGeneratorImpl'.
2024-11-12 13:43:14,717 INFO  MethodCallReplacementClassAdapter - Adding mock interface to class com/fasterxml/jackson/core/json/JsonGeneratorImpl
2024-11-12 13:43:14,718 INFO  CreateClassResetClassAdapter - Found static initializer in class com/fasterxml/jackson/core/json/JsonGeneratorImpl
2024-11-12 13:43:14,718 INFO  EvoClassLoader - Seeing class for first time: com.fasterxml.jackson.core.base.GeneratorBase
2024-11-12 13:43:14,718 INFO  EvoClassLoader - Instrumenting class 'com.fasterxml.jackson.core.base.GeneratorBase'.
2024-11-12 13:43:14,718 INFO  MethodCallReplacementClassAdapter - Adding mock interface to class com/fasterxml/jackson/core/base/GeneratorBase
2024-11-12 13:43:14,718 INFO  CreateClassResetClassAdapter - Found static initializer in class com/fasterxml/jackson/core/base/GeneratorBase
2024-11-12 13:43:14,719 INFO  EvoClassLoader - Keeping class: com.fasterxml.jackson.core.base.GeneratorBase
2024-11-12 13:43:14,719 INFO  EvoClassLoader - Keeping class: com.fasterxml.jackson.core.json.JsonGeneratorImpl
2024-11-12 13:43:14,719 INFO  EvoClassLoader - Keeping class: com.fasterxml.jackson.core.json.UTF8JsonGenerator
2024-11-12 13:43:14,719 INFO  EvoClassLoader - Seeing class for first time: com.fasterxml.jackson.core.io.UTF8Writer
2024-11-12 13:43:14,719 INFO  EvoClassLoader - Instrumenting class 'com.fasterxml.jackson.core.io.UTF8Writer'.
2024-11-12 13:43:14,719 INFO  MethodCallReplacementClassAdapter - Adding mock interface to class com/fasterxml/jackson/core/io/UTF8Writer
2024-11-12 13:43:14,720 INFO  CreateClassResetClassAdapter - Creating brand-new static initializer in class com/fasterxml/jackson/core/io/UTF8Writer
2024-11-12 13:43:14,720 INFO  CreateClassResetClassAdapter - Adding bytecode for initializing field SURR1_FIRST
2024-11-12 13:43:14,720 INFO  CreateClassResetClassAdapter - Adding bytecode for initializing field SURR1_LAST
2024-11-12 13:43:14,720 INFO  CreateClassResetClassAdapter - Adding bytecode for initializing field SURR2_FIRST
2024-11-12 13:43:14,720 INFO  CreateClassResetClassAdapter - Adding bytecode for initializing field SURR2_LAST
2024-11-12 13:43:14,720 INFO  EvoClassLoader - Keeping class: com.fasterxml.jackson.core.io.UTF8Writer
2024-11-12 13:43:14,720 INFO  EvoClassLoader - Seeing class for first time: com.fasterxml.jackson.core.json.WriterBasedJsonGenerator
2024-11-12 13:43:14,720 INFO  EvoClassLoader - Instrumenting class 'com.fasterxml.jackson.core.json.WriterBasedJsonGenerator'.
2024-11-12 13:43:14,720 INFO  MethodCallReplacementClassAdapter - Adding mock interface to class com/fasterxml/jackson/core/json/WriterBasedJsonGenerator
2024-11-12 13:43:14,721 INFO  CreateClassResetClassAdapter - Found static initializer in class com/fasterxml/jackson/core/json/WriterBasedJsonGenerator
2024-11-12 13:43:14,722 INFO  EvoClassLoader - Keeping class: com.fasterxml.jackson.core.json.WriterBasedJsonGenerator
2024-11-12 13:43:14,722 INFO  EvoClassLoader - Seeing class for first time: com.fasterxml.jackson.core.JsonFactory$Feature
2024-11-12 13:43:14,722 INFO  EvoClassLoader - Instrumenting class 'com.fasterxml.jackson.core.JsonFactory$Feature'.
2024-11-12 13:43:14,722 INFO  MethodCallReplacementClassAdapter - Adding mock interface to class com/fasterxml/jackson/core/JsonFactory$Feature
2024-11-12 13:43:14,723 INFO  CreateClassResetClassAdapter - Found static initializer in class com/fasterxml/jackson/core/JsonFactory$Feature
2024-11-12 13:43:14,723 INFO  EvoClassLoader - Seeing class for first time: com.fasterxml.jackson.core.util.JacksonFeature
2024-11-12 13:43:14,723 INFO  EvoClassLoader - Instrumenting class 'com.fasterxml.jackson.core.util.JacksonFeature'.
2024-11-12 13:43:14,723 INFO  EvoClassLoader - Keeping class: com.fasterxml.jackson.core.util.JacksonFeature
2024-11-12 13:43:14,723 INFO  EvoClassLoader - Keeping class: com.fasterxml.jackson.core.JsonFactory$Feature
2024-11-12 13:43:14,723 INFO  EvoClassLoader - Seeing class for first time: com.fasterxml.jackson.core.JsonParser$Feature
2024-11-12 13:43:14,723 INFO  EvoClassLoader - Instrumenting class 'com.fasterxml.jackson.core.JsonParser$Feature'.
2024-11-12 13:43:14,723 INFO  MethodCallReplacementClassAdapter - Adding mock interface to class com/fasterxml/jackson/core/JsonParser$Feature
2024-11-12 13:43:14,723 INFO  CreateClassResetClassAdapter - Found static initializer in class com/fasterxml/jackson/core/JsonParser$Feature
2024-11-12 13:43:14,723 INFO  EvoClassLoader - Keeping class: com.fasterxml.jackson.core.JsonParser$Feature
2024-11-12 13:43:14,724 INFO  EvoClassLoader - Seeing class for first time: com.fasterxml.jackson.core.JsonGenerator$Feature
2024-11-12 13:43:14,724 INFO  EvoClassLoader - Instrumenting class 'com.fasterxml.jackson.core.JsonGenerator$Feature'.
2024-11-12 13:43:14,724 INFO  MethodCallReplacementClassAdapter - Adding mock interface to class com/fasterxml/jackson/core/JsonGenerator$Feature
2024-11-12 13:43:14,724 INFO  CreateClassResetClassAdapter - Found static initializer in class com/fasterxml/jackson/core/JsonGenerator$Feature
2024-11-12 13:43:14,724 INFO  EvoClassLoader - Keeping class: com.fasterxml.jackson.core.JsonGenerator$Feature
2024-11-12 13:43:14,724 INFO  EvoClassLoader - Seeing class for first time: com.fasterxml.jackson.core.util.DefaultPrettyPrinter
2024-11-12 13:43:14,724 INFO  EvoClassLoader - Instrumenting class 'com.fasterxml.jackson.core.util.DefaultPrettyPrinter'.
2024-11-12 13:43:14,724 INFO  MethodCallReplacementClassAdapter - Adding mock interface to class com/fasterxml/jackson/core/util/DefaultPrettyPrinter
2024-11-12 13:43:14,725 INFO  CreateClassResetClassAdapter - Found static initializer in class com/fasterxml/jackson/core/util/DefaultPrettyPrinter
2024-11-12 13:43:14,725 INFO  EvoClassLoader - Seeing class for first time: com.fasterxml.jackson.core.PrettyPrinter
2024-11-12 13:43:14,725 INFO  EvoClassLoader - Instrumenting class 'com.fasterxml.jackson.core.PrettyPrinter'.
2024-11-12 13:43:14,725 INFO  EvoClassLoader - Keeping class: com.fasterxml.jackson.core.PrettyPrinter
2024-11-12 13:43:14,725 INFO  EvoClassLoader - Seeing class for first time: com.fasterxml.jackson.core.util.Instantiatable
2024-11-12 13:43:14,725 INFO  EvoClassLoader - Instrumenting class 'com.fasterxml.jackson.core.util.Instantiatable'.
2024-11-12 13:43:14,726 INFO  EvoClassLoader - Keeping class: com.fasterxml.jackson.core.util.Instantiatable
2024-11-12 13:43:14,726 INFO  EvoClassLoader - Keeping class: com.fasterxml.jackson.core.util.DefaultPrettyPrinter
2024-11-12 13:43:14,726 INFO  EvoClassLoader - Seeing class for first time: com.fasterxml.jackson.core.util.DefaultPrettyPrinter$Indenter
2024-11-12 13:43:14,726 INFO  EvoClassLoader - Instrumenting class 'com.fasterxml.jackson.core.util.DefaultPrettyPrinter$Indenter'.
2024-11-12 13:43:14,726 INFO  EvoClassLoader - Keeping class: com.fasterxml.jackson.core.util.DefaultPrettyPrinter$Indenter
2024-11-12 13:43:14,726 INFO  EvoClassLoader - Seeing class for first time: com.fasterxml.jackson.core.io.SerializedString
2024-11-12 13:43:14,726 INFO  EvoClassLoader - Instrumenting class 'com.fasterxml.jackson.core.io.SerializedString'.
2024-11-12 13:43:14,726 INFO  MethodCallReplacementClassAdapter - Adding mock interface to class com/fasterxml/jackson/core/io/SerializedString
2024-11-12 13:43:14,727 INFO  CreateClassResetClassAdapter - Found static initializer in class com/fasterxml/jackson/core/io/SerializedString
2024-11-12 13:43:14,727 INFO  EvoClassLoader - Keeping class: com.fasterxml.jackson.core.io.SerializedString
2024-11-12 13:43:14,727 INFO  EvoClassLoader - Seeing class for first time: com.fasterxml.jackson.core.io.JsonStringEncoder
2024-11-12 13:43:14,727 INFO  EvoClassLoader - Instrumenting class 'com.fasterxml.jackson.core.io.JsonStringEncoder'.
2024-11-12 13:43:14,727 INFO  MethodCallReplacementClassAdapter - Adding mock interface to class com/fasterxml/jackson/core/io/JsonStringEncoder
2024-11-12 13:43:14,728 INFO  CreateClassResetClassAdapter - Found static initializer in class com/fasterxml/jackson/core/io/JsonStringEncoder
2024-11-12 13:43:14,728 INFO  EvoClassLoader - Keeping class: com.fasterxml.jackson.core.io.JsonStringEncoder
2024-11-12 13:43:14,729 INFO  EvoClassLoader - Seeing class for first time: com.fasterxml.jackson.core.io.CharTypes
2024-11-12 13:43:14,729 INFO  EvoClassLoader - Instrumenting class 'com.fasterxml.jackson.core.io.CharTypes'.
2024-11-12 13:43:14,729 INFO  MethodCallReplacementClassAdapter - Adding mock interface to class com/fasterxml/jackson/core/io/CharTypes
2024-11-12 13:43:14,729 INFO  CreateClassResetClassAdapter - Found static initializer in class com/fasterxml/jackson/core/io/CharTypes
2024-11-12 13:43:14,729 INFO  EvoClassLoader - Keeping class: com.fasterxml.jackson.core.io.CharTypes
2024-11-12 13:43:14,729 INFO  EvoClassLoader - Seeing class for first time: com.fasterxml.jackson.core.sym.CharsToNameCanonicalizer
2024-11-12 13:43:14,729 INFO  EvoClassLoader - Instrumenting class 'com.fasterxml.jackson.core.sym.CharsToNameCanonicalizer'.
2024-11-12 13:43:14,730 INFO  MethodCallReplacementClassAdapter - Adding mock interface to class com/fasterxml/jackson/core/sym/CharsToNameCanonicalizer
2024-11-12 13:43:14,732 INFO  CreateClassResetClassAdapter - Creating brand-new static initializer in class com/fasterxml/jackson/core/sym/CharsToNameCanonicalizer
2024-11-12 13:43:14,732 INFO  CreateClassResetClassAdapter - Adding bytecode for initializing field HASH_MULT
2024-11-12 13:43:14,732 INFO  CreateClassResetClassAdapter - Adding bytecode for initializing field DEFAULT_T_SIZE
2024-11-12 13:43:14,732 INFO  CreateClassResetClassAdapter - Adding bytecode for initializing field MAX_T_SIZE
2024-11-12 13:43:14,732 INFO  CreateClassResetClassAdapter - Adding bytecode for initializing field MAX_ENTRIES_FOR_REUSE
2024-11-12 13:43:14,732 INFO  CreateClassResetClassAdapter - Adding bytecode for initializing field MAX_COLL_CHAIN_LENGTH
2024-11-12 13:43:14,732 INFO  EvoClassLoader - Defined package (3): package com.fasterxml.jackson.core.sym, -396396736
2024-11-12 13:43:14,733 INFO  EvoClassLoader - Keeping class: com.fasterxml.jackson.core.sym.CharsToNameCanonicalizer
2024-11-12 13:43:14,733 INFO  EvoClassLoader - Seeing class for first time: com.fasterxml.jackson.core.sym.CharsToNameCanonicalizer$TableInfo
2024-11-12 13:43:14,733 INFO  EvoClassLoader - Instrumenting class 'com.fasterxml.jackson.core.sym.CharsToNameCanonicalizer$TableInfo'.
2024-11-12 13:43:14,733 INFO  MethodCallReplacementClassAdapter - Adding mock interface to class com/fasterxml/jackson/core/sym/CharsToNameCanonicalizer$TableInfo
2024-11-12 13:43:14,733 INFO  CreateClassResetClassAdapter - Creating brand-new static initializer in class com/fasterxml/jackson/core/sym/CharsToNameCanonicalizer$TableInfo
2024-11-12 13:43:14,733 INFO  EvoClassLoader - Keeping class: com.fasterxml.jackson.core.sym.CharsToNameCanonicalizer$TableInfo
2024-11-12 13:43:14,733 INFO  EvoClassLoader - Seeing class for first time: com.fasterxml.jackson.core.sym.CharsToNameCanonicalizer$Bucket
2024-11-12 13:43:14,733 INFO  EvoClassLoader - Instrumenting class 'com.fasterxml.jackson.core.sym.CharsToNameCanonicalizer$Bucket'.
2024-11-12 13:43:14,734 INFO  MethodCallReplacementClassAdapter - Adding mock interface to class com/fasterxml/jackson/core/sym/CharsToNameCanonicalizer$Bucket
2024-11-12 13:43:14,734 INFO  CreateClassResetClassAdapter - Creating brand-new static initializer in class com/fasterxml/jackson/core/sym/CharsToNameCanonicalizer$Bucket
2024-11-12 13:43:14,734 INFO  EvoClassLoader - Keeping class: com.fasterxml.jackson.core.sym.CharsToNameCanonicalizer$Bucket
2024-11-12 13:43:14,734 INFO  EvoClassLoader - Seeing class for first time: com.fasterxml.jackson.core.sym.ByteQuadsCanonicalizer
2024-11-12 13:43:14,734 INFO  EvoClassLoader - Instrumenting class 'com.fasterxml.jackson.core.sym.ByteQuadsCanonicalizer'.
2024-11-12 13:43:14,734 INFO  MethodCallReplacementClassAdapter - Adding mock interface to class com/fasterxml/jackson/core/sym/ByteQuadsCanonicalizer
2024-11-12 13:43:14,735 INFO  CreateClassResetClassAdapter - Creating brand-new static initializer in class com/fasterxml/jackson/core/sym/ByteQuadsCanonicalizer
2024-11-12 13:43:14,735 INFO  CreateClassResetClassAdapter - Adding bytecode for initializing field DEFAULT_T_SIZE
2024-11-12 13:43:14,735 INFO  CreateClassResetClassAdapter - Adding bytecode for initializing field MAX_T_SIZE
2024-11-12 13:43:14,735 INFO  CreateClassResetClassAdapter - Adding bytecode for initializing field MIN_HASH_SIZE
2024-11-12 13:43:14,735 INFO  CreateClassResetClassAdapter - Adding bytecode for initializing field MAX_ENTRIES_FOR_REUSE
2024-11-12 13:43:14,735 INFO  CreateClassResetClassAdapter - Adding bytecode for initializing field MULT
2024-11-12 13:43:14,735 INFO  CreateClassResetClassAdapter - Adding bytecode for initializing field MULT2
2024-11-12 13:43:14,735 INFO  CreateClassResetClassAdapter - Adding bytecode for initializing field MULT3
2024-11-12 13:43:14,736 INFO  EvoClassLoader - Keeping class: com.fasterxml.jackson.core.sym.ByteQuadsCanonicalizer
2024-11-12 13:43:14,736 INFO  EvoClassLoader - Seeing class for first time: com.fasterxml.jackson.core.sym.ByteQuadsCanonicalizer$TableInfo
2024-11-12 13:43:14,736 INFO  EvoClassLoader - Instrumenting class 'com.fasterxml.jackson.core.sym.ByteQuadsCanonicalizer$TableInfo'.
2024-11-12 13:43:14,737 INFO  MethodCallReplacementClassAdapter - Adding mock interface to class com/fasterxml/jackson/core/sym/ByteQuadsCanonicalizer$TableInfo
2024-11-12 13:43:14,737 INFO  CreateClassResetClassAdapter - Creating brand-new static initializer in class com/fasterxml/jackson/core/sym/ByteQuadsCanonicalizer$TableInfo
2024-11-12 13:43:14,737 INFO  EvoClassLoader - Keeping class: com.fasterxml.jackson.core.sym.ByteQuadsCanonicalizer$TableInfo
2024-11-12 13:43:14,737 INFO  EvoClassLoader - Seeing class for first time: com.fasterxml.jackson.databind.util.RootNameLookup
2024-11-12 13:43:14,737 INFO  EvoClassLoader - Instrumenting class 'com.fasterxml.jackson.databind.util.RootNameLookup'.
2024-11-12 13:43:14,737 INFO  MethodCallReplacementClassAdapter - Adding mock interface to class com/fasterxml/jackson/databind/util/RootNameLookup
2024-11-12 13:43:14,737 INFO  CreateClassResetClassAdapter - Creating brand-new static initializer in class com/fasterxml/jackson/databind/util/RootNameLookup
2024-11-12 13:43:14,738 INFO  EvoClassLoader - Keeping class: com.fasterxml.jackson.databind.util.RootNameLookup
2024-11-12 13:43:14,738 INFO  EvoClassLoader - Seeing class for first time: com.fasterxml.jackson.databind.introspect.SimpleMixInResolver
2024-11-12 13:43:14,738 INFO  EvoClassLoader - Instrumenting class 'com.fasterxml.jackson.databind.introspect.SimpleMixInResolver'.
2024-11-12 13:43:14,738 INFO  MethodCallReplacementClassAdapter - Adding mock interface to class com/fasterxml/jackson/databind/introspect/SimpleMixInResolver
2024-11-12 13:43:14,738 INFO  CreateClassResetClassAdapter - Creating brand-new static initializer in class com/fasterxml/jackson/databind/introspect/SimpleMixInResolver
2024-11-12 13:43:14,738 INFO  EvoClassLoader - Seeing class for first time: com.fasterxml.jackson.databind.introspect.ClassIntrospector$MixInResolver
2024-11-12 13:43:14,738 INFO  EvoClassLoader - Instrumenting class 'com.fasterxml.jackson.databind.introspect.ClassIntrospector$MixInResolver'.
2024-11-12 13:43:14,738 INFO  EvoClassLoader - Keeping class: com.fasterxml.jackson.databind.introspect.ClassIntrospector$MixInResolver
2024-11-12 13:43:14,738 INFO  EvoClassLoader - Keeping class: com.fasterxml.jackson.databind.introspect.SimpleMixInResolver
2024-11-12 13:43:14,738 INFO  EvoClassLoader - Seeing class for first time: com.fasterxml.jackson.databind.cfg.MapperConfig
2024-11-12 13:43:14,738 INFO  EvoClassLoader - Instrumenting class 'com.fasterxml.jackson.databind.cfg.MapperConfig'.
2024-11-12 13:43:14,739 INFO  MethodCallReplacementClassAdapter - Adding mock interface to class com/fasterxml/jackson/databind/cfg/MapperConfig
2024-11-12 13:43:14,739 INFO  CreateClassResetClassAdapter - Found static initializer in class com/fasterxml/jackson/databind/cfg/MapperConfig
2024-11-12 13:43:14,740 INFO  EvoClassLoader - Keeping class: com.fasterxml.jackson.databind.cfg.MapperConfig
2024-11-12 13:43:14,740 INFO  EvoClassLoader - Seeing class for first time: com.fasterxml.jackson.databind.SerializationConfig
2024-11-12 13:43:14,740 INFO  EvoClassLoader - Instrumenting class 'com.fasterxml.jackson.databind.SerializationConfig'.
2024-11-12 13:43:14,740 INFO  MethodCallReplacementClassAdapter - Adding mock interface to class com/fasterxml/jackson/databind/SerializationConfig
2024-11-12 13:43:14,741 INFO  CreateClassResetClassAdapter - Found static initializer in class com/fasterxml/jackson/databind/SerializationConfig
2024-11-12 13:43:14,741 INFO  EvoClassLoader - Seeing class for first time: com.fasterxml.jackson.databind.cfg.MapperConfigBase
2024-11-12 13:43:14,741 INFO  EvoClassLoader - Instrumenting class 'com.fasterxml.jackson.databind.cfg.MapperConfigBase'.
2024-11-12 13:43:14,742 INFO  MethodCallReplacementClassAdapter - Adding mock interface to class com/fasterxml/jackson/databind/cfg/MapperConfigBase
2024-11-12 13:43:14,742 INFO  CreateClassResetClassAdapter - Found static initializer in class com/fasterxml/jackson/databind/cfg/MapperConfigBase
2024-11-12 13:43:14,743 INFO  EvoClassLoader - Keeping class: com.fasterxml.jackson.databind.cfg.MapperConfigBase
2024-11-12 13:43:14,743 INFO  EvoClassLoader - Keeping class: com.fasterxml.jackson.databind.SerializationConfig
2024-11-12 13:43:14,743 INFO  EvoClassLoader - Seeing class for first time: com.fasterxml.jackson.databind.BeanDescription
2024-11-12 13:43:14,743 INFO  EvoClassLoader - Instrumenting class 'com.fasterxml.jackson.databind.BeanDescription'.
2024-11-12 13:43:14,743 INFO  MethodCallReplacementClassAdapter - Adding mock interface to class com/fasterxml/jackson/databind/BeanDescription
2024-11-12 13:43:14,743 INFO  CreateClassResetClassAdapter - Creating brand-new static initializer in class com/fasterxml/jackson/databind/BeanDescription
2024-11-12 13:43:14,743 INFO  EvoClassLoader - Keeping class: com.fasterxml.jackson.databind.BeanDescription
2024-11-12 13:43:14,743 INFO  EvoClassLoader - Seeing class for first time: com.fasterxml.jackson.databind.introspect.BasicBeanDescription
2024-11-12 13:43:14,743 INFO  EvoClassLoader - Instrumenting class 'com.fasterxml.jackson.databind.introspect.BasicBeanDescription'.
2024-11-12 13:43:14,744 INFO  MethodCallReplacementClassAdapter - Adding mock interface to class com/fasterxml/jackson/databind/introspect/BasicBeanDescription
2024-11-12 13:43:14,745 INFO  CreateClassResetClassAdapter - Found static initializer in class com/fasterxml/jackson/databind/introspect/BasicBeanDescription
2024-11-12 13:43:14,746 INFO  EvoClassLoader - Keeping class: com.fasterxml.jackson.databind.introspect.BasicBeanDescription
2024-11-12 13:43:14,746 INFO  EvoClassLoader - Seeing class for first time: com.fasterxml.jackson.databind.DeserializationConfig
2024-11-12 13:43:14,746 INFO  EvoClassLoader - Instrumenting class 'com.fasterxml.jackson.databind.DeserializationConfig'.
2024-11-12 13:43:14,746 INFO  MethodCallReplacementClassAdapter - Adding mock interface to class com/fasterxml/jackson/databind/DeserializationConfig
2024-11-12 13:43:14,746 INFO  CreateClassResetClassAdapter - Found static initializer in class com/fasterxml/jackson/databind/DeserializationConfig
2024-11-12 13:43:14,747 INFO  EvoClassLoader - Keeping class: com.fasterxml.jackson.databind.DeserializationConfig
2024-11-12 13:43:14,748 INFO  EvoClassLoader - Seeing class for first time: com.fasterxml.jackson.databind.introspect.AnnotatedClassResolver
2024-11-12 13:43:14,748 INFO  EvoClassLoader - Instrumenting class 'com.fasterxml.jackson.databind.introspect.AnnotatedClassResolver'.
2024-11-12 13:43:14,748 INFO  MethodCallReplacementClassAdapter - Adding mock interface to class com/fasterxml/jackson/databind/introspect/AnnotatedClassResolver
2024-11-12 13:43:14,748 INFO  CreateClassResetClassAdapter - Found static initializer in class com/fasterxml/jackson/databind/introspect/AnnotatedClassResolver
2024-11-12 13:43:14,749 INFO  EvoClassLoader - Keeping class: com.fasterxml.jackson.databind.introspect.AnnotatedClassResolver
2024-11-12 13:43:14,749 INFO  EvoClassLoader - Seeing class for first time: com.fasterxml.jackson.databind.introspect.AnnotationCollector
2024-11-12 13:43:14,749 INFO  EvoClassLoader - Instrumenting class 'com.fasterxml.jackson.databind.introspect.AnnotationCollector'.
2024-11-12 13:43:14,749 INFO  MethodCallReplacementClassAdapter - Adding mock interface to class com/fasterxml/jackson/databind/introspect/AnnotationCollector
2024-11-12 13:43:14,749 INFO  CreateClassResetClassAdapter - Found static initializer in class com/fasterxml/jackson/databind/introspect/AnnotationCollector
2024-11-12 13:43:14,749 INFO  EvoClassLoader - Keeping class: com.fasterxml.jackson.databind.introspect.AnnotationCollector
2024-11-12 13:43:14,749 INFO  EvoClassLoader - Seeing class for first time: com.fasterxml.jackson.databind.util.Annotations
2024-11-12 13:43:14,749 INFO  EvoClassLoader - Instrumenting class 'com.fasterxml.jackson.databind.util.Annotations'.
2024-11-12 13:43:14,750 INFO  EvoClassLoader - Keeping class: com.fasterxml.jackson.databind.util.Annotations
2024-11-12 13:43:14,750 INFO  EvoClassLoader - Seeing class for first time: com.fasterxml.jackson.databind.introspect.AnnotationCollector$EmptyCollector
2024-11-12 13:43:14,750 INFO  EvoClassLoader - Instrumenting class 'com.fasterxml.jackson.databind.introspect.AnnotationCollector$EmptyCollector'.
2024-11-12 13:43:14,750 INFO  MethodCallReplacementClassAdapter - Adding mock interface to class com/fasterxml/jackson/databind/introspect/AnnotationCollector$EmptyCollector
2024-11-12 13:43:14,750 INFO  CreateClassResetClassAdapter - Found static initializer in class com/fasterxml/jackson/databind/introspect/AnnotationCollector$EmptyCollector
2024-11-12 13:43:14,750 INFO  EvoClassLoader - Keeping class: com.fasterxml.jackson.databind.introspect.AnnotationCollector$EmptyCollector
2024-11-12 13:43:14,750 INFO  EvoClassLoader - Seeing class for first time: com.fasterxml.jackson.databind.introspect.AnnotationCollector$NoAnnotations
2024-11-12 13:43:14,750 INFO  EvoClassLoader - Instrumenting class 'com.fasterxml.jackson.databind.introspect.AnnotationCollector$NoAnnotations'.
2024-11-12 13:43:14,750 INFO  MethodCallReplacementClassAdapter - Adding mock interface to class com/fasterxml/jackson/databind/introspect/AnnotationCollector$NoAnnotations
2024-11-12 13:43:14,750 INFO  CreateClassResetClassAdapter - Creating brand-new static initializer in class com/fasterxml/jackson/databind/introspect/AnnotationCollector$NoAnnotations
2024-11-12 13:43:14,750 INFO  EvoClassLoader - Keeping class: com.fasterxml.jackson.databind.introspect.AnnotationCollector$NoAnnotations
2024-11-12 13:43:14,750 INFO  EvoClassLoader - Seeing class for first time: com.fasterxml.jackson.databind.introspect.AnnotatedClass$Creators
2024-11-12 13:43:14,750 INFO  EvoClassLoader - Instrumenting class 'com.fasterxml.jackson.databind.introspect.AnnotatedClass$Creators'.
2024-11-12 13:43:14,751 INFO  MethodCallReplacementClassAdapter - Adding mock interface to class com/fasterxml/jackson/databind/introspect/AnnotatedClass$Creators
2024-11-12 13:43:14,751 INFO  CreateClassResetClassAdapter - Creating brand-new static initializer in class com/fasterxml/jackson/databind/introspect/AnnotatedClass$Creators
2024-11-12 13:43:14,751 INFO  EvoClassLoader - Keeping class: com.fasterxml.jackson.databind.introspect.AnnotatedClass$Creators
2024-11-12 13:43:14,751 INFO  EvoClassLoader - Seeing class for first time: com.fasterxml.jackson.databind.introspect.AnnotatedParameter
2024-11-12 13:43:14,751 INFO  EvoClassLoader - Instrumenting class 'com.fasterxml.jackson.databind.introspect.AnnotatedParameter'.
2024-11-12 13:43:14,751 INFO  MethodCallReplacementClassAdapter - Adding mock interface to class com/fasterxml/jackson/databind/introspect/AnnotatedParameter
2024-11-12 13:43:14,752 INFO  CreateClassResetClassAdapter - Creating brand-new static initializer in class com/fasterxml/jackson/databind/introspect/AnnotatedParameter
2024-11-12 13:43:14,752 INFO  EvoClassLoader - Keeping class: com.fasterxml.jackson.databind.introspect.AnnotatedParameter
2024-11-12 13:43:14,752 INFO  EvoClassLoader - Seeing class for first time: com.fasterxml.jackson.databind.cfg.ConfigOverrides
2024-11-12 13:43:14,752 INFO  EvoClassLoader - Instrumenting class 'com.fasterxml.jackson.databind.cfg.ConfigOverrides'.
2024-11-12 13:43:14,752 INFO  MethodCallReplacementClassAdapter - Adding mock interface to class com/fasterxml/jackson/databind/cfg/ConfigOverrides
2024-11-12 13:43:14,752 INFO  CreateClassResetClassAdapter - Creating brand-new static initializer in class com/fasterxml/jackson/databind/cfg/ConfigOverrides
2024-11-12 13:43:14,753 INFO  EvoClassLoader - Keeping class: com.fasterxml.jackson.databind.cfg.ConfigOverrides
2024-11-12 13:43:14,753 INFO  EvoClassLoader - Seeing class for first time: com.fasterxml.jackson.annotation.JsonInclude$Value
2024-11-12 13:43:14,753 INFO  EvoClassLoader - Instrumenting class 'com.fasterxml.jackson.annotation.JsonInclude$Value'.
2024-11-12 13:43:14,753 INFO  MethodCallReplacementClassAdapter - Adding mock interface to class com/fasterxml/jackson/annotation/JsonInclude$Value
2024-11-12 13:43:14,753 INFO  CreateClassResetClassAdapter - Found static initializer in class com/fasterxml/jackson/annotation/JsonInclude$Value
2024-11-12 13:43:14,753 INFO  EvoClassLoader - Seeing class for first time: com.fasterxml.jackson.annotation.JacksonAnnotationValue
2024-11-12 13:43:14,753 INFO  EvoClassLoader - Instrumenting class 'com.fasterxml.jackson.annotation.JacksonAnnotationValue'.
2024-11-12 13:43:14,754 INFO  EvoClassLoader - Keeping class: com.fasterxml.jackson.annotation.JacksonAnnotationValue
2024-11-12 13:43:14,754 INFO  EvoClassLoader - Keeping class: com.fasterxml.jackson.annotation.JsonInclude$Value
2024-11-12 13:43:14,754 INFO  EvoClassLoader - Seeing class for first time: com.fasterxml.jackson.annotation.JsonInclude$Include
2024-11-12 13:43:14,754 INFO  EvoClassLoader - Instrumenting class 'com.fasterxml.jackson.annotation.JsonInclude$Include'.
2024-11-12 13:43:14,754 INFO  MethodCallReplacementClassAdapter - Adding mock interface to class com/fasterxml/jackson/annotation/JsonInclude$Include
2024-11-12 13:43:14,754 INFO  CreateClassResetClassAdapter - Found static initializer in class com/fasterxml/jackson/annotation/JsonInclude$Include
2024-11-12 13:43:14,754 INFO  EvoClassLoader - Keeping class: com.fasterxml.jackson.annotation.JsonInclude$Include
2024-11-12 13:43:14,754 INFO  EvoClassLoader - Seeing class for first time: com.fasterxml.jackson.annotation.JsonSetter$Value
2024-11-12 13:43:14,754 INFO  EvoClassLoader - Instrumenting class 'com.fasterxml.jackson.annotation.JsonSetter$Value'.
2024-11-12 13:43:14,755 INFO  MethodCallReplacementClassAdapter - Adding mock interface to class com/fasterxml/jackson/annotation/JsonSetter$Value
2024-11-12 13:43:14,755 INFO  CreateClassResetClassAdapter - Found static initializer in class com/fasterxml/jackson/annotation/JsonSetter$Value
2024-11-12 13:43:14,755 INFO  EvoClassLoader - Keeping class: com.fasterxml.jackson.annotation.JsonSetter$Value
2024-11-12 13:43:14,755 INFO  EvoClassLoader - Seeing class for first time: com.fasterxml.jackson.annotation.Nulls
2024-11-12 13:43:14,755 INFO  EvoClassLoader - Instrumenting class 'com.fasterxml.jackson.annotation.Nulls'.
2024-11-12 13:43:14,755 INFO  MethodCallReplacementClassAdapter - Adding mock interface to class com/fasterxml/jackson/annotation/Nulls
2024-11-12 13:43:14,755 INFO  CreateClassResetClassAdapter - Found static initializer in class com/fasterxml/jackson/annotation/Nulls
2024-11-12 13:43:14,755 INFO  EvoClassLoader - Keeping class: com.fasterxml.jackson.annotation.Nulls
2024-11-12 13:43:14,755 INFO  EvoClassLoader - Seeing class for first time: com.fasterxml.jackson.databind.introspect.VisibilityChecker$Std
2024-11-12 13:43:14,755 INFO  EvoClassLoader - Instrumenting class 'com.fasterxml.jackson.databind.introspect.VisibilityChecker$Std'.
2024-11-12 13:43:14,756 INFO  MethodCallReplacementClassAdapter - Adding mock interface to class com/fasterxml/jackson/databind/introspect/VisibilityChecker$Std
2024-11-12 13:43:14,756 INFO  CreateClassResetClassAdapter - Found static initializer in class com/fasterxml/jackson/databind/introspect/VisibilityChecker$Std
2024-11-12 13:43:14,756 INFO  EvoClassLoader - Keeping class: com.fasterxml.jackson.databind.introspect.VisibilityChecker$Std
2024-11-12 13:43:14,756 INFO  EvoClassLoader - Seeing class for first time: com.fasterxml.jackson.annotation.JsonAutoDetect$Visibility
2024-11-12 13:43:14,756 INFO  EvoClassLoader - Instrumenting class 'com.fasterxml.jackson.annotation.JsonAutoDetect$Visibility'.
2024-11-12 13:43:14,757 INFO  MethodCallReplacementClassAdapter - Adding mock interface to class com/fasterxml/jackson/annotation/JsonAutoDetect$Visibility
2024-11-12 13:43:14,757 INFO  CreateClassResetClassAdapter - Found static initializer in class com/fasterxml/jackson/annotation/JsonAutoDetect$Visibility
2024-11-12 13:43:14,757 INFO  EvoClassLoader - Keeping class: com.fasterxml.jackson.annotation.JsonAutoDetect$Visibility
2024-11-12 13:43:14,757 INFO  EvoClassLoader - Seeing class for first time: com.fasterxml.jackson.databind.cfg.CoercionConfigs
2024-11-12 13:43:14,757 INFO  EvoClassLoader - Instrumenting class 'com.fasterxml.jackson.databind.cfg.CoercionConfigs'.
2024-11-12 13:43:14,757 INFO  MethodCallReplacementClassAdapter - Adding mock interface to class com/fasterxml/jackson/databind/cfg/CoercionConfigs
2024-11-12 13:43:14,757 INFO  CreateClassResetClassAdapter - Found static initializer in class com/fasterxml/jackson/databind/cfg/CoercionConfigs
2024-11-12 13:43:14,758 INFO  EvoClassLoader - Keeping class: com.fasterxml.jackson.databind.cfg.CoercionConfigs
2024-11-12 13:43:14,758 INFO  EvoClassLoader - Seeing class for first time: com.fasterxml.jackson.databind.type.LogicalType
2024-11-12 13:43:14,758 INFO  EvoClassLoader - Instrumenting class 'com.fasterxml.jackson.databind.type.LogicalType'.
2024-11-12 13:43:14,758 INFO  MethodCallReplacementClassAdapter - Adding mock interface to class com/fasterxml/jackson/databind/type/LogicalType
2024-11-12 13:43:14,758 INFO  CreateClassResetClassAdapter - Found static initializer in class com/fasterxml/jackson/databind/type/LogicalType
2024-11-12 13:43:14,758 INFO  EvoClassLoader - Keeping class: com.fasterxml.jackson.databind.type.LogicalType
2024-11-12 13:43:14,758 INFO  EvoClassLoader - Seeing class for first time: com.fasterxml.jackson.databind.cfg.CoercionAction
2024-11-12 13:43:14,758 INFO  EvoClassLoader - Instrumenting class 'com.fasterxml.jackson.databind.cfg.CoercionAction'.
2024-11-12 13:43:14,758 INFO  MethodCallReplacementClassAdapter - Adding mock interface to class com/fasterxml/jackson/databind/cfg/CoercionAction
2024-11-12 13:43:14,758 INFO  CreateClassResetClassAdapter - Found static initializer in class com/fasterxml/jackson/databind/cfg/CoercionAction
2024-11-12 13:43:14,759 INFO  EvoClassLoader - Keeping class: com.fasterxml.jackson.databind.cfg.CoercionAction
2024-11-12 13:43:14,759 INFO  EvoClassLoader - Seeing class for first time: com.fasterxml.jackson.databind.cfg.MutableCoercionConfig
2024-11-12 13:43:14,759 INFO  EvoClassLoader - Instrumenting class 'com.fasterxml.jackson.databind.cfg.MutableCoercionConfig'.
2024-11-12 13:43:14,759 INFO  MethodCallReplacementClassAdapter - Adding mock interface to class com/fasterxml/jackson/databind/cfg/MutableCoercionConfig
2024-11-12 13:43:14,759 INFO  CreateClassResetClassAdapter - Creating brand-new static initializer in class com/fasterxml/jackson/databind/cfg/MutableCoercionConfig
2024-11-12 13:43:14,759 INFO  EvoClassLoader - Seeing class for first time: com.fasterxml.jackson.databind.cfg.CoercionConfig
2024-11-12 13:43:14,759 INFO  EvoClassLoader - Instrumenting class 'com.fasterxml.jackson.databind.cfg.CoercionConfig'.
2024-11-12 13:43:14,759 INFO  MethodCallReplacementClassAdapter - Adding mock interface to class com/fasterxml/jackson/databind/cfg/CoercionConfig
2024-11-12 13:43:14,759 INFO  CreateClassResetClassAdapter - Found static initializer in class com/fasterxml/jackson/databind/cfg/CoercionConfig
2024-11-12 13:43:14,759 INFO  EvoClassLoader - Keeping class: com.fasterxml.jackson.databind.cfg.CoercionConfig
2024-11-12 13:43:14,759 INFO  EvoClassLoader - Keeping class: com.fasterxml.jackson.databind.cfg.MutableCoercionConfig
2024-11-12 13:43:14,759 INFO  EvoClassLoader - Seeing class for first time: com.fasterxml.jackson.databind.cfg.CoercionInputShape
2024-11-12 13:43:14,759 INFO  EvoClassLoader - Instrumenting class 'com.fasterxml.jackson.databind.cfg.CoercionInputShape'.
2024-11-12 13:43:14,760 INFO  MethodCallReplacementClassAdapter - Adding mock interface to class com/fasterxml/jackson/databind/cfg/CoercionInputShape
2024-11-12 13:43:14,760 INFO  CreateClassResetClassAdapter - Found static initializer in class com/fasterxml/jackson/databind/cfg/CoercionInputShape
2024-11-12 13:43:14,760 INFO  EvoClassLoader - Keeping class: com.fasterxml.jackson.databind.cfg.CoercionInputShape
2024-11-12 13:43:14,760 INFO  EvoClassLoader - Seeing class for first time: com.fasterxml.jackson.databind.jsontype.DefaultBaseTypeLimitingValidator
2024-11-12 13:43:14,760 INFO  EvoClassLoader - Instrumenting class 'com.fasterxml.jackson.databind.jsontype.DefaultBaseTypeLimitingValidator'.
2024-11-12 13:43:14,760 INFO  MethodCallReplacementClassAdapter - Adding mock interface to class com/fasterxml/jackson/databind/jsontype/DefaultBaseTypeLimitingValidator
2024-11-12 13:43:14,760 INFO  CreateClassResetClassAdapter - Creating brand-new static initializer in class com/fasterxml/jackson/databind/jsontype/DefaultBaseTypeLimitingValidator
2024-11-12 13:43:14,760 INFO  EvoClassLoader - Keeping class: com.fasterxml.jackson.databind.jsontype.DefaultBaseTypeLimitingValidator
2024-11-12 13:43:14,761 INFO  EvoClassLoader - Seeing class for first time: com.fasterxml.jackson.annotation.JsonFormat$Value
2024-11-12 13:43:14,761 INFO  EvoClassLoader - Instrumenting class 'com.fasterxml.jackson.annotation.JsonFormat$Value'.
2024-11-12 13:43:14,761 INFO  MethodCallReplacementClassAdapter - Adding mock interface to class com/fasterxml/jackson/annotation/JsonFormat$Value
2024-11-12 13:43:14,762 INFO  CreateClassResetClassAdapter - Found static initializer in class com/fasterxml/jackson/annotation/JsonFormat$Value
2024-11-12 13:43:14,762 INFO  EvoClassLoader - Keeping class: com.fasterxml.jackson.annotation.JsonFormat$Value
2024-11-12 13:43:14,762 INFO  EvoClassLoader - Seeing class for first time: com.fasterxml.jackson.annotation.JsonFormat$Shape
2024-11-12 13:43:14,762 INFO  EvoClassLoader - Instrumenting class 'com.fasterxml.jackson.annotation.JsonFormat$Shape'.
2024-11-12 13:43:14,763 INFO  MethodCallReplacementClassAdapter - Adding mock interface to class com/fasterxml/jackson/annotation/JsonFormat$Shape
2024-11-12 13:43:14,763 INFO  CreateClassResetClassAdapter - Found static initializer in class com/fasterxml/jackson/annotation/JsonFormat$Shape
2024-11-12 13:43:14,763 INFO  EvoClassLoader - Keeping class: com.fasterxml.jackson.annotation.JsonFormat$Shape
2024-11-12 13:43:14,763 INFO  EvoClassLoader - Seeing class for first time: com.fasterxml.jackson.annotation.JsonFormat$Features
2024-11-12 13:43:14,763 INFO  EvoClassLoader - Instrumenting class 'com.fasterxml.jackson.annotation.JsonFormat$Features'.
2024-11-12 13:43:14,763 INFO  MethodCallReplacementClassAdapter - Adding mock interface to class com/fasterxml/jackson/annotation/JsonFormat$Features
2024-11-12 13:43:14,763 INFO  CreateClassResetClassAdapter - Found static initializer in class com/fasterxml/jackson/annotation/JsonFormat$Features
2024-11-12 13:43:14,763 INFO  EvoClassLoader - Keeping class: com.fasterxml.jackson.annotation.JsonFormat$Features
2024-11-12 13:43:14,764 INFO  EvoClassLoader - Seeing class for first time: com.fasterxml.jackson.databind.cfg.ConfigOverride
2024-11-12 13:43:14,764 INFO  EvoClassLoader - Instrumenting class 'com.fasterxml.jackson.databind.cfg.ConfigOverride'.
2024-11-12 13:43:14,764 INFO  MethodCallReplacementClassAdapter - Adding mock interface to class com/fasterxml/jackson/databind/cfg/ConfigOverride
2024-11-12 13:43:14,764 INFO  CreateClassResetClassAdapter - Creating brand-new static initializer in class com/fasterxml/jackson/databind/cfg/ConfigOverride
2024-11-12 13:43:14,764 INFO  EvoClassLoader - Keeping class: com.fasterxml.jackson.databind.cfg.ConfigOverride
2024-11-12 13:43:14,764 INFO  EvoClassLoader - Seeing class for first time: com.fasterxml.jackson.databind.cfg.ConfigOverride$Empty
2024-11-12 13:43:14,764 INFO  EvoClassLoader - Instrumenting class 'com.fasterxml.jackson.databind.cfg.ConfigOverride$Empty'.
2024-11-12 13:43:14,764 INFO  MethodCallReplacementClassAdapter - Adding mock interface to class com/fasterxml/jackson/databind/cfg/ConfigOverride$Empty
2024-11-12 13:43:14,764 INFO  CreateClassResetClassAdapter - Found static initializer in class com/fasterxml/jackson/databind/cfg/ConfigOverride$Empty
2024-11-12 13:43:14,764 INFO  EvoClassLoader - Keeping class: com.fasterxml.jackson.databind.cfg.ConfigOverride$Empty
2024-11-12 13:43:14,764 INFO  EvoClassLoader - Seeing class for first time: com.fasterxml.jackson.databind.MapperFeature
2024-11-12 13:43:14,764 INFO  EvoClassLoader - Instrumenting class 'com.fasterxml.jackson.databind.MapperFeature'.
2024-11-12 13:43:14,764 INFO  MethodCallReplacementClassAdapter - Adding mock interface to class com/fasterxml/jackson/databind/MapperFeature
2024-11-12 13:43:14,765 INFO  CreateClassResetClassAdapter - Found static initializer in class com/fasterxml/jackson/databind/MapperFeature
2024-11-12 13:43:14,765 INFO  EvoClassLoader - Seeing class for first time: com.fasterxml.jackson.databind.cfg.ConfigFeature
2024-11-12 13:43:14,765 INFO  EvoClassLoader - Instrumenting class 'com.fasterxml.jackson.databind.cfg.ConfigFeature'.
2024-11-12 13:43:14,765 INFO  EvoClassLoader - Keeping class: com.fasterxml.jackson.databind.cfg.ConfigFeature
2024-11-12 13:43:14,765 INFO  EvoClassLoader - Keeping class: com.fasterxml.jackson.databind.MapperFeature
2024-11-12 13:43:14,765 INFO  EvoClassLoader - Seeing class for first time: com.fasterxml.jackson.core.util.DefaultPrettyPrinter$FixedSpaceIndenter
2024-11-12 13:43:14,765 INFO  EvoClassLoader - Instrumenting class 'com.fasterxml.jackson.core.util.DefaultPrettyPrinter$FixedSpaceIndenter'.
2024-11-12 13:43:14,765 INFO  MethodCallReplacementClassAdapter - Adding mock interface to class com/fasterxml/jackson/core/util/DefaultPrettyPrinter$FixedSpaceIndenter
2024-11-12 13:43:14,766 INFO  CreateClassResetClassAdapter - Found static initializer in class com/fasterxml/jackson/core/util/DefaultPrettyPrinter$FixedSpaceIndenter
2024-11-12 13:43:14,766 INFO  EvoClassLoader - Seeing class for first time: com.fasterxml.jackson.core.util.DefaultPrettyPrinter$NopIndenter
2024-11-12 13:43:14,766 INFO  EvoClassLoader - Instrumenting class 'com.fasterxml.jackson.core.util.DefaultPrettyPrinter$NopIndenter'.
2024-11-12 13:43:14,766 INFO  MethodCallReplacementClassAdapter - Adding mock interface to class com/fasterxml/jackson/core/util/DefaultPrettyPrinter$NopIndenter
2024-11-12 13:43:14,766 INFO  CreateClassResetClassAdapter - Found static initializer in class com/fasterxml/jackson/core/util/DefaultPrettyPrinter$NopIndenter
2024-11-12 13:43:14,766 INFO  EvoClassLoader - Keeping class: com.fasterxml.jackson.core.util.DefaultPrettyPrinter$NopIndenter
2024-11-12 13:43:14,766 INFO  EvoClassLoader - Keeping class: com.fasterxml.jackson.core.util.DefaultPrettyPrinter$FixedSpaceIndenter
2024-11-12 13:43:14,766 INFO  EvoClassLoader - Seeing class for first time: com.fasterxml.jackson.core.util.DefaultIndenter
2024-11-12 13:43:14,766 INFO  EvoClassLoader - Instrumenting class 'com.fasterxml.jackson.core.util.DefaultIndenter'.
2024-11-12 13:43:14,767 INFO  MethodCallReplacementClassAdapter - Adding mock interface to class com/fasterxml/jackson/core/util/DefaultIndenter
2024-11-12 13:43:14,768 INFO  CreateClassResetClassAdapter - Found static initializer in class com/fasterxml/jackson/core/util/DefaultIndenter
2024-11-12 13:43:14,768 INFO  EvoClassLoader - Keeping class: com.fasterxml.jackson.core.util.DefaultIndenter
2024-11-12 13:43:14,768 INFO  EvoClassLoader - Seeing class for first time: com.fasterxml.jackson.core.util.Separators
2024-11-12 13:43:14,768 INFO  EvoClassLoader - Instrumenting class 'com.fasterxml.jackson.core.util.Separators'.
2024-11-12 13:43:14,768 INFO  MethodCallReplacementClassAdapter - Adding mock interface to class com/fasterxml/jackson/core/util/Separators
2024-11-12 13:43:14,769 INFO  CreateClassResetClassAdapter - Creating brand-new static initializer in class com/fasterxml/jackson/core/util/Separators
2024-11-12 13:43:14,769 INFO  EvoClassLoader - Keeping class: com.fasterxml.jackson.core.util.Separators
2024-11-12 13:43:14,769 INFO  EvoClassLoader - Seeing class for first time: com.fasterxml.jackson.databind.SerializationFeature
2024-11-12 13:43:14,769 INFO  EvoClassLoader - Instrumenting class 'com.fasterxml.jackson.databind.SerializationFeature'.
2024-11-12 13:43:14,769 INFO  MethodCallReplacementClassAdapter - Adding mock interface to class com/fasterxml/jackson/databind/SerializationFeature
2024-11-12 13:43:14,769 INFO  CreateClassResetClassAdapter - Found static initializer in class com/fasterxml/jackson/databind/SerializationFeature
2024-11-12 13:43:14,769 INFO  EvoClassLoader - Keeping class: com.fasterxml.jackson.databind.SerializationFeature
2024-11-12 13:43:14,770 INFO  EvoClassLoader - Seeing class for first time: com.fasterxml.jackson.databind.cfg.ContextAttributes
2024-11-12 13:43:14,770 INFO  EvoClassLoader - Instrumenting class 'com.fasterxml.jackson.databind.cfg.ContextAttributes'.
2024-11-12 13:43:14,770 INFO  MethodCallReplacementClassAdapter - Adding mock interface to class com/fasterxml/jackson/databind/cfg/ContextAttributes
2024-11-12 13:43:14,770 INFO  CreateClassResetClassAdapter - Creating brand-new static initializer in class com/fasterxml/jackson/databind/cfg/ContextAttributes
2024-11-12 13:43:14,770 INFO  EvoClassLoader - Keeping class: com.fasterxml.jackson.databind.cfg.ContextAttributes
2024-11-12 13:43:14,770 INFO  EvoClassLoader - Seeing class for first time: com.fasterxml.jackson.databind.cfg.ContextAttributes$Impl
2024-11-12 13:43:14,770 INFO  EvoClassLoader - Instrumenting class 'com.fasterxml.jackson.databind.cfg.ContextAttributes$Impl'.
2024-11-12 13:43:14,770 INFO  MethodCallReplacementClassAdapter - Adding mock interface to class com/fasterxml/jackson/databind/cfg/ContextAttributes$Impl
2024-11-12 13:43:14,770 INFO  CreateClassResetClassAdapter - Found static initializer in class com/fasterxml/jackson/databind/cfg/ContextAttributes$Impl
2024-11-12 13:43:14,771 INFO  EvoClassLoader - Keeping class: com.fasterxml.jackson.databind.cfg.ContextAttributes$Impl
2024-11-12 13:43:14,772 INFO  EvoClassLoader - Seeing class for first time: com.fasterxml.jackson.databind.DeserializationFeature
2024-11-12 13:43:14,772 INFO  EvoClassLoader - Instrumenting class 'com.fasterxml.jackson.databind.DeserializationFeature'.
2024-11-12 13:43:14,772 INFO  MethodCallReplacementClassAdapter - Adding mock interface to class com/fasterxml/jackson/databind/DeserializationFeature
2024-11-12 13:43:14,772 INFO  CreateClassResetClassAdapter - Found static initializer in class com/fasterxml/jackson/databind/DeserializationFeature
2024-11-12 13:43:14,773 INFO  EvoClassLoader - Keeping class: com.fasterxml.jackson.databind.DeserializationFeature
2024-11-12 13:43:14,773 INFO  EvoClassLoader - Seeing class for first time: com.fasterxml.jackson.databind.node.JsonNodeFactory
2024-11-12 13:43:14,773 INFO  EvoClassLoader - Instrumenting class 'com.fasterxml.jackson.databind.node.JsonNodeFactory'.
2024-11-12 13:43:14,773 INFO  MethodCallReplacementClassAdapter - Adding mock interface to class com/fasterxml/jackson/databind/node/JsonNodeFactory
2024-11-12 13:43:14,781 INFO  CreateClassResetClassAdapter - Found static initializer in class com/fasterxml/jackson/databind/node/JsonNodeFactory
2024-11-12 13:43:14,781 INFO  EvoClassLoader - Seeing class for first time: com.fasterxml.jackson.databind.node.JsonNodeCreator
2024-11-12 13:43:14,781 INFO  EvoClassLoader - Instrumenting class 'com.fasterxml.jackson.databind.node.JsonNodeCreator'.
2024-11-12 13:43:14,782 INFO  EvoClassLoader - Keeping class: com.fasterxml.jackson.databind.node.JsonNodeCreator
2024-11-12 13:43:14,782 INFO  EvoClassLoader - Keeping class: com.fasterxml.jackson.databind.node.JsonNodeFactory
2024-11-12 13:43:14,782 INFO  EvoClassLoader - Seeing class for first time: com.fasterxml.jackson.databind.node.MissingNode
2024-11-12 13:43:14,782 INFO  EvoClassLoader - Instrumenting class 'com.fasterxml.jackson.databind.node.MissingNode'.
2024-11-12 13:43:14,782 INFO  MethodCallReplacementClassAdapter - Adding mock interface to class com/fasterxml/jackson/databind/node/MissingNode
2024-11-12 13:43:14,782 INFO  CreateClassResetClassAdapter - Found static initializer in class com/fasterxml/jackson/databind/node/MissingNode
2024-11-12 13:43:14,783 INFO  EvoClassLoader - Keeping class: com.fasterxml.jackson.databind.node.MissingNode
2024-11-12 13:43:14,783 INFO  EvoClassLoader - Seeing class for first time: com.fasterxml.jackson.databind.node.BooleanNode
2024-11-12 13:43:14,783 INFO  EvoClassLoader - Instrumenting class 'com.fasterxml.jackson.databind.node.BooleanNode'.
2024-11-12 13:43:14,784 INFO  MethodCallReplacementClassAdapter - Adding mock interface to class com/fasterxml/jackson/databind/node/BooleanNode
2024-11-12 13:43:14,784 INFO  CreateClassResetClassAdapter - Found static initializer in class com/fasterxml/jackson/databind/node/BooleanNode
2024-11-12 13:43:14,785 INFO  EvoClassLoader - Keeping class: com.fasterxml.jackson.databind.node.BooleanNode
2024-11-12 13:43:14,785 INFO  EvoClassLoader - Seeing class for first time: com.fasterxml.jackson.databind.node.BinaryNode
2024-11-12 13:43:14,785 INFO  EvoClassLoader - Instrumenting class 'com.fasterxml.jackson.databind.node.BinaryNode'.
2024-11-12 13:43:14,785 INFO  MethodCallReplacementClassAdapter - Adding mock interface to class com/fasterxml/jackson/databind/node/BinaryNode
2024-11-12 13:43:14,785 INFO  CreateClassResetClassAdapter - Found static initializer in class com/fasterxml/jackson/databind/node/BinaryNode
2024-11-12 13:43:14,786 INFO  EvoClassLoader - Keeping class: com.fasterxml.jackson.databind.node.BinaryNode
2024-11-12 13:43:14,786 INFO  EvoClassLoader - Seeing class for first time: com.fasterxml.jackson.databind.node.NumericNode
2024-11-12 13:43:14,786 INFO  EvoClassLoader - Instrumenting class 'com.fasterxml.jackson.databind.node.NumericNode'.
2024-11-12 13:43:14,786 INFO  MethodCallReplacementClassAdapter - Adding mock interface to class com/fasterxml/jackson/databind/node/NumericNode
2024-11-12 13:43:14,786 INFO  CreateClassResetClassAdapter - Creating brand-new static initializer in class com/fasterxml/jackson/databind/node/NumericNode
2024-11-12 13:43:14,786 INFO  EvoClassLoader - Keeping class: com.fasterxml.jackson.databind.node.NumericNode
2024-11-12 13:43:14,786 INFO  EvoClassLoader - Seeing class for first time: com.fasterxml.jackson.databind.node.IntNode
2024-11-12 13:43:14,786 INFO  EvoClassLoader - Instrumenting class 'com.fasterxml.jackson.databind.node.IntNode'.
2024-11-12 13:43:14,786 INFO  MethodCallReplacementClassAdapter - Adding mock interface to class com/fasterxml/jackson/databind/node/IntNode
2024-11-12 13:43:14,787 INFO  CreateClassResetClassAdapter - Found static initializer in class com/fasterxml/jackson/databind/node/IntNode
2024-11-12 13:43:14,787 INFO  EvoClassLoader - Keeping class: com.fasterxml.jackson.databind.node.IntNode
2024-11-12 13:43:14,787 INFO  EvoClassLoader - Seeing class for first time: com.fasterxml.jackson.databind.node.DecimalNode
2024-11-12 13:43:14,787 INFO  EvoClassLoader - Instrumenting class 'com.fasterxml.jackson.databind.node.DecimalNode'.
2024-11-12 13:43:14,788 INFO  MethodCallReplacementClassAdapter - Adding mock interface to class com/fasterxml/jackson/databind/node/DecimalNode
2024-11-12 13:43:14,789 INFO  CreateClassResetClassAdapter - Found static initializer in class com/fasterxml/jackson/databind/node/DecimalNode
2024-11-12 13:43:14,789 INFO  EvoClassLoader - Keeping class: com.fasterxml.jackson.databind.node.DecimalNode
2024-11-12 13:43:14,789 INFO  EvoClassLoader - Seeing class for first time: com.fasterxml.jackson.databind.node.ShortNode
2024-11-12 13:43:14,789 INFO  EvoClassLoader - Instrumenting class 'com.fasterxml.jackson.databind.node.ShortNode'.
2024-11-12 13:43:14,790 INFO  MethodCallReplacementClassAdapter - Adding mock interface to class com/fasterxml/jackson/databind/node/ShortNode
2024-11-12 13:43:14,790 INFO  CreateClassResetClassAdapter - Creating brand-new static initializer in class com/fasterxml/jackson/databind/node/ShortNode
2024-11-12 13:43:14,790 INFO  EvoClassLoader - Keeping class: com.fasterxml.jackson.databind.node.ShortNode
2024-11-12 13:43:14,790 INFO  EvoClassLoader - Seeing class for first time: com.fasterxml.jackson.databind.node.FloatNode
2024-11-12 13:43:14,790 INFO  EvoClassLoader - Instrumenting class 'com.fasterxml.jackson.databind.node.FloatNode'.
2024-11-12 13:43:14,790 INFO  MethodCallReplacementClassAdapter - Adding mock interface to class com/fasterxml/jackson/databind/node/FloatNode
2024-11-12 13:43:14,791 INFO  CreateClassResetClassAdapter - Creating brand-new static initializer in class com/fasterxml/jackson/databind/node/FloatNode
2024-11-12 13:43:14,791 INFO  EvoClassLoader - Keeping class: com.fasterxml.jackson.databind.node.FloatNode
2024-11-12 13:43:14,791 INFO  EvoClassLoader - Seeing class for first time: com.fasterxml.jackson.databind.node.LongNode
2024-11-12 13:43:14,791 INFO  EvoClassLoader - Instrumenting class 'com.fasterxml.jackson.databind.node.LongNode'.
2024-11-12 13:43:14,791 INFO  MethodCallReplacementClassAdapter - Adding mock interface to class com/fasterxml/jackson/databind/node/LongNode
2024-11-12 13:43:14,791 INFO  CreateClassResetClassAdapter - Creating brand-new static initializer in class com/fasterxml/jackson/databind/node/LongNode
2024-11-12 13:43:14,792 INFO  EvoClassLoader - Keeping class: com.fasterxml.jackson.databind.node.LongNode
2024-11-12 13:43:14,792 INFO  EvoClassLoader - Seeing class for first time: com.fasterxml.jackson.databind.node.DoubleNode
2024-11-12 13:43:14,792 INFO  EvoClassLoader - Instrumenting class 'com.fasterxml.jackson.databind.node.DoubleNode'.
2024-11-12 13:43:14,792 INFO  MethodCallReplacementClassAdapter - Adding mock interface to class com/fasterxml/jackson/databind/node/DoubleNode
2024-11-12 13:43:14,792 INFO  CreateClassResetClassAdapter - Creating brand-new static initializer in class com/fasterxml/jackson/databind/node/DoubleNode
2024-11-12 13:43:14,792 INFO  EvoClassLoader - Keeping class: com.fasterxml.jackson.databind.node.DoubleNode
2024-11-12 13:43:14,792 INFO  EvoClassLoader - Seeing class for first time: com.fasterxml.jackson.databind.node.BigIntegerNode
2024-11-12 13:43:14,792 INFO  EvoClassLoader - Instrumenting class 'com.fasterxml.jackson.databind.node.BigIntegerNode'.
2024-11-12 13:43:14,792 INFO  MethodCallReplacementClassAdapter - Adding mock interface to class com/fasterxml/jackson/databind/node/BigIntegerNode
2024-11-12 13:43:14,792 INFO  CreateClassResetClassAdapter - Found static initializer in class com/fasterxml/jackson/databind/node/BigIntegerNode
2024-11-12 13:43:14,793 INFO  EvoClassLoader - Keeping class: com.fasterxml.jackson.databind.node.BigIntegerNode
2024-11-12 13:43:14,793 INFO  EvoClassLoader - Seeing class for first time: com.fasterxml.jackson.databind.node.POJONode
2024-11-12 13:43:14,793 INFO  EvoClassLoader - Instrumenting class 'com.fasterxml.jackson.databind.node.POJONode'.
2024-11-12 13:43:14,793 INFO  MethodCallReplacementClassAdapter - Adding mock interface to class com/fasterxml/jackson/databind/node/POJONode
2024-11-12 13:43:14,793 INFO  CreateClassResetClassAdapter - Creating brand-new static initializer in class com/fasterxml/jackson/databind/node/POJONode
2024-11-12 13:43:14,793 INFO  EvoClassLoader - Keeping class: com.fasterxml.jackson.databind.node.POJONode
2024-11-12 13:43:14,793 INFO  EvoClassLoader - Seeing class for first time: com.fasterxml.jackson.databind.node.TextNode
2024-11-12 13:43:14,793 INFO  EvoClassLoader - Instrumenting class 'com.fasterxml.jackson.databind.node.TextNode'.
2024-11-12 13:43:14,793 INFO  MethodCallReplacementClassAdapter - Adding mock interface to class com/fasterxml/jackson/databind/node/TextNode
2024-11-12 13:43:14,793 INFO  CreateClassResetClassAdapter - Found static initializer in class com/fasterxml/jackson/databind/node/TextNode
2024-11-12 13:43:14,794 INFO  EvoClassLoader - Keeping class: com.fasterxml.jackson.databind.node.TextNode
2024-11-12 13:43:14,794 INFO  EvoClassLoader - Seeing class for first time: com.fasterxml.jackson.databind.JsonSerializer
2024-11-12 13:43:14,794 INFO  EvoClassLoader - Instrumenting class 'com.fasterxml.jackson.databind.JsonSerializer'.
2024-11-12 13:43:14,794 INFO  MethodCallReplacementClassAdapter - Adding mock interface to class com/fasterxml/jackson/databind/JsonSerializer
2024-11-12 13:43:14,794 INFO  CreateClassResetClassAdapter - Creating brand-new static initializer in class com/fasterxml/jackson/databind/JsonSerializer
2024-11-12 13:43:14,794 INFO  EvoClassLoader - Seeing class for first time: com.fasterxml.jackson.databind.jsonFormatVisitors.JsonFormatVisitable
2024-11-12 13:43:14,794 INFO  EvoClassLoader - Instrumenting class 'com.fasterxml.jackson.databind.jsonFormatVisitors.JsonFormatVisitable'.
2024-11-12 13:43:14,795 INFO  EvoClassLoader - Defined package (3): package com.fasterxml.jackson.databind.jsonFormatVisitors, 1118619651
2024-11-12 13:43:14,795 INFO  EvoClassLoader - Keeping class: com.fasterxml.jackson.databind.jsonFormatVisitors.JsonFormatVisitable
2024-11-12 13:43:14,795 INFO  EvoClassLoader - Keeping class: com.fasterxml.jackson.databind.JsonSerializer
2024-11-12 13:43:14,795 INFO  EvoClassLoader - Seeing class for first time: com.fasterxml.jackson.databind.ser.impl.FailingSerializer
2024-11-12 13:43:14,795 INFO  EvoClassLoader - Instrumenting class 'com.fasterxml.jackson.databind.ser.impl.FailingSerializer'.
2024-11-12 13:43:14,795 INFO  MethodCallReplacementClassAdapter - Adding mock interface to class com/fasterxml/jackson/databind/ser/impl/FailingSerializer
2024-11-12 13:43:14,795 INFO  CreateClassResetClassAdapter - Creating brand-new static initializer in class com/fasterxml/jackson/databind/ser/impl/FailingSerializer
2024-11-12 13:43:14,795 INFO  EvoClassLoader - Seeing class for first time: com.fasterxml.jackson.databind.ser.std.StdSerializer
2024-11-12 13:43:14,795 INFO  EvoClassLoader - Instrumenting class 'com.fasterxml.jackson.databind.ser.std.StdSerializer'.
2024-11-12 13:43:14,795 INFO  MethodCallReplacementClassAdapter - Adding mock interface to class com/fasterxml/jackson/databind/ser/std/StdSerializer
2024-11-12 13:43:14,796 INFO  CreateClassResetClassAdapter - Found static initializer in class com/fasterxml/jackson/databind/ser/std/StdSerializer
2024-11-12 13:43:14,796 INFO  EvoClassLoader - Defined package (3): package com.fasterxml.jackson.databind.ser.std, 629529302
2024-11-12 13:43:14,797 INFO  EvoClassLoader - Seeing class for first time: com.fasterxml.jackson.databind.jsonschema.SchemaAware
2024-11-12 13:43:14,797 INFO  EvoClassLoader - Instrumenting class 'com.fasterxml.jackson.databind.jsonschema.SchemaAware'.
2024-11-12 13:43:14,797 INFO  EvoClassLoader - Defined package (3): package com.fasterxml.jackson.databind.jsonschema, 436033960
2024-11-12 13:43:14,797 INFO  EvoClassLoader - Keeping class: com.fasterxml.jackson.databind.jsonschema.SchemaAware
2024-11-12 13:43:14,797 INFO  EvoClassLoader - Keeping class: com.fasterxml.jackson.databind.ser.std.StdSerializer
2024-11-12 13:43:14,797 INFO  EvoClassLoader - Keeping class: com.fasterxml.jackson.databind.ser.impl.FailingSerializer
2024-11-12 13:43:14,797 INFO  EvoClassLoader - Seeing class for first time: com.fasterxml.jackson.databind.ser.impl.UnknownSerializer
2024-11-12 13:43:14,797 INFO  EvoClassLoader - Instrumenting class 'com.fasterxml.jackson.databind.ser.impl.UnknownSerializer'.
2024-11-12 13:43:14,798 INFO  MethodCallReplacementClassAdapter - Adding mock interface to class com/fasterxml/jackson/databind/ser/impl/UnknownSerializer
2024-11-12 13:43:14,798 INFO  CreateClassResetClassAdapter - Creating brand-new static initializer in class com/fasterxml/jackson/databind/ser/impl/UnknownSerializer
2024-11-12 13:43:14,798 INFO  EvoClassLoader - Keeping class: com.fasterxml.jackson.databind.ser.impl.UnknownSerializer
2024-11-12 13:43:14,798 INFO  EvoClassLoader - Seeing class for first time: com.fasterxml.jackson.databind.ser.impl.TypeWrappedSerializer
2024-11-12 13:43:14,798 INFO  EvoClassLoader - Instrumenting class 'com.fasterxml.jackson.databind.ser.impl.TypeWrappedSerializer'.
2024-11-12 13:43:14,799 INFO  MethodCallReplacementClassAdapter - Adding mock interface to class com/fasterxml/jackson/databind/ser/impl/TypeWrappedSerializer
2024-11-12 13:43:14,799 INFO  CreateClassResetClassAdapter - Creating brand-new static initializer in class com/fasterxml/jackson/databind/ser/impl/TypeWrappedSerializer
2024-11-12 13:43:14,800 INFO  EvoClassLoader - Seeing class for first time: com.fasterxml.jackson.databind.ser.ContextualSerializer
2024-11-12 13:43:14,800 INFO  EvoClassLoader - Instrumenting class 'com.fasterxml.jackson.databind.ser.ContextualSerializer'.
2024-11-12 13:43:14,800 INFO  EvoClassLoader - Keeping class: com.fasterxml.jackson.databind.ser.ContextualSerializer
2024-11-12 13:43:14,800 INFO  EvoClassLoader - Keeping class: com.fasterxml.jackson.databind.ser.impl.TypeWrappedSerializer
2024-11-12 13:43:14,800 INFO  EvoClassLoader - Seeing class for first time: com.fasterxml.jackson.databind.exc.InvalidDefinitionException
2024-11-12 13:43:14,800 INFO  EvoClassLoader - Instrumenting class 'com.fasterxml.jackson.databind.exc.InvalidDefinitionException'.
2024-11-12 13:43:14,800 INFO  MethodCallReplacementClassAdapter - Adding mock interface to class com/fasterxml/jackson/databind/exc/InvalidDefinitionException
2024-11-12 13:43:14,800 INFO  CreateClassResetClassAdapter - Creating brand-new static initializer in class com/fasterxml/jackson/databind/exc/InvalidDefinitionException
2024-11-12 13:43:14,801 INFO  EvoClassLoader - Keeping class: com.fasterxml.jackson.databind.exc.InvalidDefinitionException
2024-11-12 13:43:14,801 INFO  EvoClassLoader - Seeing class for first time: com.fasterxml.jackson.databind.exc.InvalidTypeIdException
2024-11-12 13:43:14,801 INFO  EvoClassLoader - Instrumenting class 'com.fasterxml.jackson.databind.exc.InvalidTypeIdException'.
2024-11-12 13:43:14,801 INFO  MethodCallReplacementClassAdapter - Adding mock interface to class com/fasterxml/jackson/databind/exc/InvalidTypeIdException
2024-11-12 13:43:14,801 INFO  CreateClassResetClassAdapter - Creating brand-new static initializer in class com/fasterxml/jackson/databind/exc/InvalidTypeIdException
2024-11-12 13:43:14,801 INFO  EvoClassLoader - Keeping class: com.fasterxml.jackson.databind.exc.InvalidTypeIdException
2024-11-12 13:43:14,801 INFO  EvoClassLoader - Seeing class for first time: com.fasterxml.jackson.databind.ser.std.NullSerializer
2024-11-12 13:43:14,801 INFO  EvoClassLoader - Instrumenting class 'com.fasterxml.jackson.databind.ser.std.NullSerializer'.
2024-11-12 13:43:14,801 INFO  MethodCallReplacementClassAdapter - Adding mock interface to class com/fasterxml/jackson/databind/ser/std/NullSerializer
2024-11-12 13:43:14,801 INFO  CreateClassResetClassAdapter - Found static initializer in class com/fasterxml/jackson/databind/ser/std/NullSerializer
2024-11-12 13:43:14,801 INFO  EvoClassLoader - Keeping class: com.fasterxml.jackson.databind.ser.std.NullSerializer
2024-11-12 13:43:14,802 INFO  EvoClassLoader - Seeing class for first time: com.fasterxml.jackson.databind.node.ObjectNode
2024-11-12 13:43:14,802 INFO  EvoClassLoader - Instrumenting class 'com.fasterxml.jackson.databind.node.ObjectNode'.
2024-11-12 13:43:14,802 INFO  MethodCallReplacementClassAdapter - Adding mock interface to class com/fasterxml/jackson/databind/node/ObjectNode
2024-11-12 13:43:14,807 INFO  CreateClassResetClassAdapter - Creating brand-new static initializer in class com/fasterxml/jackson/databind/node/ObjectNode
2024-11-12 13:43:14,808 INFO  EvoClassLoader - Seeing class for first time: com.fasterxml.jackson.databind.node.ContainerNode
2024-11-12 13:43:14,808 INFO  EvoClassLoader - Instrumenting class 'com.fasterxml.jackson.databind.node.ContainerNode'.
2024-11-12 13:43:14,808 INFO  MethodCallReplacementClassAdapter - Adding mock interface to class com/fasterxml/jackson/databind/node/ContainerNode
2024-11-12 13:43:14,808 INFO  CreateClassResetClassAdapter - Creating brand-new static initializer in class com/fasterxml/jackson/databind/node/ContainerNode
2024-11-12 13:43:14,809 INFO  EvoClassLoader - Keeping class: com.fasterxml.jackson.databind.node.ContainerNode
2024-11-12 13:43:14,809 INFO  EvoClassLoader - Keeping class: com.fasterxml.jackson.databind.node.ObjectNode
2024-11-12 13:43:14,809 INFO  EvoClassLoader - Seeing class for first time: com.fasterxml.jackson.databind.ser.std.StdDelegatingSerializer
2024-11-12 13:43:14,809 INFO  EvoClassLoader - Instrumenting class 'com.fasterxml.jackson.databind.ser.std.StdDelegatingSerializer'.
2024-11-12 13:43:14,809 INFO  MethodCallReplacementClassAdapter - Adding mock interface to class com/fasterxml/jackson/databind/ser/std/StdDelegatingSerializer
2024-11-12 13:43:14,809 INFO  CreateClassResetClassAdapter - Creating brand-new static initializer in class com/fasterxml/jackson/databind/ser/std/StdDelegatingSerializer
2024-11-12 13:43:14,810 INFO  EvoClassLoader - Seeing class for first time: com.fasterxml.jackson.databind.ser.ResolvableSerializer
2024-11-12 13:43:14,810 INFO  EvoClassLoader - Instrumenting class 'com.fasterxml.jackson.databind.ser.ResolvableSerializer'.
2024-11-12 13:43:14,810 INFO  EvoClassLoader - Keeping class: com.fasterxml.jackson.databind.ser.ResolvableSerializer
2024-11-12 13:43:14,810 INFO  EvoClassLoader - Keeping class: com.fasterxml.jackson.databind.ser.std.StdDelegatingSerializer
2024-11-12 13:43:14,810 INFO  EvoClassLoader - Seeing class for first time: com.fasterxml.jackson.databind.ser.SerializerCache
2024-11-12 13:43:14,810 INFO  EvoClassLoader - Instrumenting class 'com.fasterxml.jackson.databind.ser.SerializerCache'.
2024-11-12 13:43:14,811 INFO  MethodCallReplacementClassAdapter - Adding mock interface to class com/fasterxml/jackson/databind/ser/SerializerCache
2024-11-12 13:43:14,811 INFO  CreateClassResetClassAdapter - Creating brand-new static initializer in class com/fasterxml/jackson/databind/ser/SerializerCache
2024-11-12 13:43:14,812 INFO  EvoClassLoader - Keeping class: com.fasterxml.jackson.databind.ser.SerializerCache
2024-11-12 13:43:14,812 INFO  EvoClassLoader - Seeing class for first time: com.fasterxml.jackson.databind.exc.UnrecognizedPropertyException
2024-11-12 13:43:14,812 INFO  EvoClassLoader - Instrumenting class 'com.fasterxml.jackson.databind.exc.UnrecognizedPropertyException'.
2024-11-12 13:43:14,812 INFO  MethodCallReplacementClassAdapter - Adding mock interface to class com/fasterxml/jackson/databind/exc/UnrecognizedPropertyException
2024-11-12 13:43:14,812 INFO  CreateClassResetClassAdapter - Creating brand-new static initializer in class com/fasterxml/jackson/databind/exc/UnrecognizedPropertyException
2024-11-12 13:43:14,812 INFO  EvoClassLoader - Seeing class for first time: com.fasterxml.jackson.databind.exc.PropertyBindingException
2024-11-12 13:43:14,812 INFO  EvoClassLoader - Instrumenting class 'com.fasterxml.jackson.databind.exc.PropertyBindingException'.
2024-11-12 13:43:14,813 INFO  MethodCallReplacementClassAdapter - Adding mock interface to class com/fasterxml/jackson/databind/exc/PropertyBindingException
2024-11-12 13:43:14,813 INFO  CreateClassResetClassAdapter - Creating brand-new static initializer in class com/fasterxml/jackson/databind/exc/PropertyBindingException
2024-11-12 13:43:14,813 INFO  CreateClassResetClassAdapter - Adding bytecode for initializing field MAX_DESC_LENGTH
2024-11-12 13:43:14,813 INFO  EvoClassLoader - Keeping class: com.fasterxml.jackson.databind.exc.PropertyBindingException
2024-11-12 13:43:14,813 INFO  EvoClassLoader - Keeping class: com.fasterxml.jackson.databind.exc.UnrecognizedPropertyException
2024-11-12 13:43:14,813 INFO  EvoClassLoader - Seeing class for first time: com.fasterxml.jackson.databind.JsonDeserializer
2024-11-12 13:43:14,813 INFO  EvoClassLoader - Instrumenting class 'com.fasterxml.jackson.databind.JsonDeserializer'.
2024-11-12 13:43:14,813 INFO  MethodCallReplacementClassAdapter - Adding mock interface to class com/fasterxml/jackson/databind/JsonDeserializer
2024-11-12 13:43:14,814 INFO  CreateClassResetClassAdapter - Creating brand-new static initializer in class com/fasterxml/jackson/databind/JsonDeserializer
2024-11-12 13:43:14,814 INFO  EvoClassLoader - Seeing class for first time: com.fasterxml.jackson.databind.deser.NullValueProvider
2024-11-12 13:43:14,814 INFO  EvoClassLoader - Instrumenting class 'com.fasterxml.jackson.databind.deser.NullValueProvider'.
2024-11-12 13:43:14,814 INFO  EvoClassLoader - Keeping class: com.fasterxml.jackson.databind.deser.NullValueProvider
2024-11-12 13:43:14,814 INFO  EvoClassLoader - Keeping class: com.fasterxml.jackson.databind.JsonDeserializer
2024-11-12 13:43:14,814 INFO  EvoClassLoader - Seeing class for first time: com.fasterxml.jackson.databind.deser.impl.TypeWrappedDeserializer
2024-11-12 13:43:14,814 INFO  EvoClassLoader - Instrumenting class 'com.fasterxml.jackson.databind.deser.impl.TypeWrappedDeserializer'.
2024-11-12 13:43:14,815 INFO  MethodCallReplacementClassAdapter - Adding mock interface to class com/fasterxml/jackson/databind/deser/impl/TypeWrappedDeserializer
2024-11-12 13:43:14,815 INFO  CreateClassResetClassAdapter - Creating brand-new static initializer in class com/fasterxml/jackson/databind/deser/impl/TypeWrappedDeserializer
2024-11-12 13:43:14,815 INFO  EvoClassLoader - Defined package (3): package com.fasterxml.jackson.databind.deser.impl, 55843726
2024-11-12 13:43:14,815 INFO  EvoClassLoader - Keeping class: com.fasterxml.jackson.databind.deser.impl.TypeWrappedDeserializer
2024-11-12 13:43:14,815 INFO  EvoClassLoader - Seeing class for first time: com.fasterxml.jackson.databind.exc.InvalidFormatException
2024-11-12 13:43:14,815 INFO  EvoClassLoader - Instrumenting class 'com.fasterxml.jackson.databind.exc.InvalidFormatException'.
2024-11-12 13:43:14,816 INFO  MethodCallReplacementClassAdapter - Adding mock interface to class com/fasterxml/jackson/databind/exc/InvalidFormatException
2024-11-12 13:43:14,816 INFO  CreateClassResetClassAdapter - Creating brand-new static initializer in class com/fasterxml/jackson/databind/exc/InvalidFormatException
2024-11-12 13:43:14,816 INFO  EvoClassLoader - Keeping class: com.fasterxml.jackson.databind.exc.InvalidFormatException
2024-11-12 13:43:14,816 INFO  EvoClassLoader - Seeing class for first time: com.fasterxml.jackson.databind.exc.ValueInstantiationException
2024-11-12 13:43:14,816 INFO  EvoClassLoader - Instrumenting class 'com.fasterxml.jackson.databind.exc.ValueInstantiationException'.
2024-11-12 13:43:14,816 INFO  MethodCallReplacementClassAdapter - Adding mock interface to class com/fasterxml/jackson/databind/exc/ValueInstantiationException
2024-11-12 13:43:14,816 INFO  CreateClassResetClassAdapter - Creating brand-new static initializer in class com/fasterxml/jackson/databind/exc/ValueInstantiationException
2024-11-12 13:43:14,817 INFO  EvoClassLoader - Keeping class: com.fasterxml.jackson.databind.exc.ValueInstantiationException
2024-11-12 13:43:14,817 INFO  EvoClassLoader - Seeing class for first time: com.fasterxml.jackson.databind.deser.UnresolvedForwardReference
2024-11-12 13:43:14,817 INFO  EvoClassLoader - Instrumenting class 'com.fasterxml.jackson.databind.deser.UnresolvedForwardReference'.
2024-11-12 13:43:14,817 INFO  MethodCallReplacementClassAdapter - Adding mock interface to class com/fasterxml/jackson/databind/deser/UnresolvedForwardReference
2024-11-12 13:43:14,817 INFO  CreateClassResetClassAdapter - Creating brand-new static initializer in class com/fasterxml/jackson/databind/deser/UnresolvedForwardReference
2024-11-12 13:43:14,818 INFO  EvoClassLoader - Keeping class: com.fasterxml.jackson.databind.deser.UnresolvedForwardReference
2024-11-12 13:43:14,818 INFO  EvoClassLoader - Seeing class for first time: com.fasterxml.jackson.databind.deser.std.StringArrayDeserializer
2024-11-12 13:43:14,818 INFO  EvoClassLoader - Instrumenting class 'com.fasterxml.jackson.databind.deser.std.StringArrayDeserializer'.
2024-11-12 13:43:14,818 INFO  MethodCallReplacementClassAdapter - Adding mock interface to class com/fasterxml/jackson/databind/deser/std/StringArrayDeserializer
2024-11-12 13:43:14,819 INFO  CreateClassResetClassAdapter - Found static initializer in class com/fasterxml/jackson/databind/deser/std/StringArrayDeserializer
2024-11-12 13:43:14,819 INFO  EvoClassLoader - Defined package (3): package com.fasterxml.jackson.databind.deser.std, -1106567435
2024-11-12 13:43:14,819 INFO  EvoClassLoader - Seeing class for first time: com.fasterxml.jackson.databind.deser.ContextualDeserializer
2024-11-12 13:43:14,819 INFO  EvoClassLoader - Instrumenting class 'com.fasterxml.jackson.databind.deser.ContextualDeserializer'.
2024-11-12 13:43:14,819 INFO  EvoClassLoader - Keeping class: com.fasterxml.jackson.databind.deser.ContextualDeserializer
2024-11-12 13:43:14,819 INFO  EvoClassLoader - Seeing class for first time: com.fasterxml.jackson.databind.deser.std.StdDeserializer
2024-11-12 13:43:14,819 INFO  EvoClassLoader - Instrumenting class 'com.fasterxml.jackson.databind.deser.std.StdDeserializer'.
2024-11-12 13:43:14,820 INFO  MethodCallReplacementClassAdapter - Adding mock interface to class com/fasterxml/jackson/databind/deser/std/StdDeserializer
2024-11-12 13:43:14,823 INFO  CreateClassResetClassAdapter - Found static initializer in class com/fasterxml/jackson/databind/deser/std/StdDeserializer
2024-11-12 13:43:14,824 INFO  EvoClassLoader - Seeing class for first time: com.fasterxml.jackson.databind.deser.ValueInstantiator$Gettable
2024-11-12 13:43:14,824 INFO  EvoClassLoader - Instrumenting class 'com.fasterxml.jackson.databind.deser.ValueInstantiator$Gettable'.
2024-11-12 13:43:14,824 INFO  EvoClassLoader - Keeping class: com.fasterxml.jackson.databind.deser.ValueInstantiator$Gettable
2024-11-12 13:43:14,825 INFO  EvoClassLoader - Keeping class: com.fasterxml.jackson.databind.deser.std.StdDeserializer
2024-11-12 13:43:14,825 INFO  EvoClassLoader - Keeping class: com.fasterxml.jackson.databind.deser.std.StringArrayDeserializer
2024-11-12 13:43:14,825 INFO  EvoClassLoader - Seeing class for first time: com.fasterxml.jackson.databind.deser.std.ObjectArrayDeserializer
2024-11-12 13:43:14,825 INFO  EvoClassLoader - Instrumenting class 'com.fasterxml.jackson.databind.deser.std.ObjectArrayDeserializer'.
2024-11-12 13:43:14,825 INFO  MethodCallReplacementClassAdapter - Adding mock interface to class com/fasterxml/jackson/databind/deser/std/ObjectArrayDeserializer
2024-11-12 13:43:14,825 INFO  CreateClassResetClassAdapter - Creating brand-new static initializer in class com/fasterxml/jackson/databind/deser/std/ObjectArrayDeserializer
2024-11-12 13:43:14,826 INFO  EvoClassLoader - Seeing class for first time: com.fasterxml.jackson.databind.deser.std.ContainerDeserializerBase
2024-11-12 13:43:14,826 INFO  EvoClassLoader - Instrumenting class 'com.fasterxml.jackson.databind.deser.std.ContainerDeserializerBase'.
2024-11-12 13:43:14,826 INFO  MethodCallReplacementClassAdapter - Adding mock interface to class com/fasterxml/jackson/databind/deser/std/ContainerDeserializerBase
2024-11-12 13:43:14,826 INFO  CreateClassResetClassAdapter - Creating brand-new static initializer in class com/fasterxml/jackson/databind/deser/std/ContainerDeserializerBase
2024-11-12 13:43:14,826 INFO  EvoClassLoader - Keeping class: com.fasterxml.jackson.databind.deser.std.ContainerDeserializerBase
2024-11-12 13:43:14,826 INFO  EvoClassLoader - Keeping class: com.fasterxml.jackson.databind.deser.std.ObjectArrayDeserializer
2024-11-12 13:43:14,827 INFO  EvoClassLoader - Seeing class for first time: com.fasterxml.jackson.databind.deser.std.EnumSetDeserializer
2024-11-12 13:43:14,827 INFO  EvoClassLoader - Instrumenting class 'com.fasterxml.jackson.databind.deser.std.EnumSetDeserializer'.
2024-11-12 13:43:14,827 INFO  MethodCallReplacementClassAdapter - Adding mock interface to class com/fasterxml/jackson/databind/deser/std/EnumSetDeserializer
2024-11-12 13:43:14,827 INFO  CreateClassResetClassAdapter - Creating brand-new static initializer in class com/fasterxml/jackson/databind/deser/std/EnumSetDeserializer
2024-11-12 13:43:14,828 INFO  EvoClassLoader - Keeping class: com.fasterxml.jackson.databind.deser.std.EnumSetDeserializer
2024-11-12 13:43:14,828 INFO  EvoClassLoader - Seeing class for first time: com.fasterxml.jackson.databind.deser.AbstractDeserializer
2024-11-12 13:43:14,828 INFO  EvoClassLoader - Instrumenting class 'com.fasterxml.jackson.databind.deser.AbstractDeserializer'.
2024-11-12 13:43:14,828 INFO  MethodCallReplacementClassAdapter - Adding mock interface to class com/fasterxml/jackson/databind/deser/AbstractDeserializer
2024-11-12 13:43:14,829 INFO  CreateClassResetClassAdapter - Creating brand-new static initializer in class com/fasterxml/jackson/databind/deser/AbstractDeserializer
2024-11-12 13:43:14,830 INFO  EvoClassLoader - Keeping class: com.fasterxml.jackson.databind.deser.AbstractDeserializer
2024-11-12 13:43:14,830 INFO  EvoClassLoader - Seeing class for first time: com.fasterxml.jackson.databind.deser.std.ArrayBlockingQueueDeserializer
2024-11-12 13:43:14,830 INFO  EvoClassLoader - Instrumenting class 'com.fasterxml.jackson.databind.deser.std.ArrayBlockingQueueDeserializer'.
2024-11-12 13:43:14,830 INFO  MethodCallReplacementClassAdapter - Adding mock interface to class com/fasterxml/jackson/databind/deser/std/ArrayBlockingQueueDeserializer
2024-11-12 13:43:14,830 INFO  CreateClassResetClassAdapter - Creating brand-new static initializer in class com/fasterxml/jackson/databind/deser/std/ArrayBlockingQueueDeserializer
2024-11-12 13:43:14,830 INFO  EvoClassLoader - Seeing class for first time: com.fasterxml.jackson.databind.deser.std.CollectionDeserializer
2024-11-12 13:43:14,830 INFO  EvoClassLoader - Instrumenting class 'com.fasterxml.jackson.databind.deser.std.CollectionDeserializer'.
2024-11-12 13:43:14,830 INFO  MethodCallReplacementClassAdapter - Adding mock interface to class com/fasterxml/jackson/databind/deser/std/CollectionDeserializer
2024-11-12 13:43:14,831 INFO  CreateClassResetClassAdapter - Creating brand-new static initializer in class com/fasterxml/jackson/databind/deser/std/CollectionDeserializer
2024-11-12 13:43:14,831 INFO  EvoClassLoader - Keeping class: com.fasterxml.jackson.databind.deser.std.CollectionDeserializer
2024-11-12 13:43:14,831 INFO  EvoClassLoader - Keeping class: com.fasterxml.jackson.databind.deser.std.ArrayBlockingQueueDeserializer
2024-11-12 13:43:14,831 INFO  EvoClassLoader - Seeing class for first time: com.fasterxml.jackson.databind.deser.std.StringCollectionDeserializer
2024-11-12 13:43:14,831 INFO  EvoClassLoader - Instrumenting class 'com.fasterxml.jackson.databind.deser.std.StringCollectionDeserializer'.
2024-11-12 13:43:14,832 INFO  MethodCallReplacementClassAdapter - Adding mock interface to class com/fasterxml/jackson/databind/deser/std/StringCollectionDeserializer
2024-11-12 13:43:14,832 INFO  CreateClassResetClassAdapter - Creating brand-new static initializer in class com/fasterxml/jackson/databind/deser/std/StringCollectionDeserializer
2024-11-12 13:43:14,832 INFO  EvoClassLoader - Keeping class: com.fasterxml.jackson.databind.deser.std.StringCollectionDeserializer
2024-11-12 13:43:14,833 INFO  EvoClassLoader - Seeing class for first time: com.fasterxml.jackson.databind.deser.std.EnumMapDeserializer
2024-11-12 13:43:14,833 INFO  EvoClassLoader - Instrumenting class 'com.fasterxml.jackson.databind.deser.std.EnumMapDeserializer'.
2024-11-12 13:43:14,833 INFO  MethodCallReplacementClassAdapter - Adding mock interface to class com/fasterxml/jackson/databind/deser/std/EnumMapDeserializer
2024-11-12 13:43:14,833 INFO  CreateClassResetClassAdapter - Creating brand-new static initializer in class com/fasterxml/jackson/databind/deser/std/EnumMapDeserializer
2024-11-12 13:43:14,834 INFO  EvoClassLoader - Seeing class for first time: com.fasterxml.jackson.databind.deser.ResolvableDeserializer
2024-11-12 13:43:14,834 INFO  EvoClassLoader - Instrumenting class 'com.fasterxml.jackson.databind.deser.ResolvableDeserializer'.
2024-11-12 13:43:14,834 INFO  EvoClassLoader - Keeping class: com.fasterxml.jackson.databind.deser.ResolvableDeserializer
2024-11-12 13:43:14,834 INFO  EvoClassLoader - Keeping class: com.fasterxml.jackson.databind.deser.std.EnumMapDeserializer
2024-11-12 13:43:14,834 INFO  EvoClassLoader - Seeing class for first time: com.fasterxml.jackson.databind.deser.std.MapDeserializer
2024-11-12 13:43:14,834 INFO  EvoClassLoader - Instrumenting class 'com.fasterxml.jackson.databind.deser.std.MapDeserializer'.
2024-11-12 13:43:14,835 INFO  MethodCallReplacementClassAdapter - Adding mock interface to class com/fasterxml/jackson/databind/deser/std/MapDeserializer
2024-11-12 13:43:14,835 INFO  CreateClassResetClassAdapter - Creating brand-new static initializer in class com/fasterxml/jackson/databind/deser/std/MapDeserializer
2024-11-12 13:43:14,836 INFO  EvoClassLoader - Keeping class: com.fasterxml.jackson.databind.deser.std.MapDeserializer
2024-11-12 13:43:14,836 INFO  EvoClassLoader - Seeing class for first time: com.fasterxml.jackson.databind.deser.std.UntypedObjectDeserializer
2024-11-12 13:43:14,836 INFO  EvoClassLoader - Instrumenting class 'com.fasterxml.jackson.databind.deser.std.UntypedObjectDeserializer'.
2024-11-12 13:43:14,836 INFO  MethodCallReplacementClassAdapter - Adding mock interface to class com/fasterxml/jackson/databind/deser/std/UntypedObjectDeserializer
2024-11-12 13:43:14,837 INFO  CreateClassResetClassAdapter - Found static initializer in class com/fasterxml/jackson/databind/deser/std/UntypedObjectDeserializer
2024-11-12 13:43:14,837 INFO  EvoClassLoader - Keeping class: com.fasterxml.jackson.databind.deser.std.UntypedObjectDeserializer
2024-11-12 13:43:14,837 INFO  EvoClassLoader - Seeing class for first time: com.fasterxml.jackson.databind.deser.std.StringDeserializer
2024-11-12 13:43:14,837 INFO  EvoClassLoader - Instrumenting class 'com.fasterxml.jackson.databind.deser.std.StringDeserializer'.
2024-11-12 13:43:14,837 INFO  MethodCallReplacementClassAdapter - Adding mock interface to class com/fasterxml/jackson/databind/deser/std/StringDeserializer
2024-11-12 13:43:14,837 INFO  CreateClassResetClassAdapter - Found static initializer in class com/fasterxml/jackson/databind/deser/std/StringDeserializer
2024-11-12 13:43:14,837 INFO  EvoClassLoader - Seeing class for first time: com.fasterxml.jackson.databind.deser.std.StdScalarDeserializer
2024-11-12 13:43:14,837 INFO  EvoClassLoader - Instrumenting class 'com.fasterxml.jackson.databind.deser.std.StdScalarDeserializer'.
2024-11-12 13:43:14,838 INFO  MethodCallReplacementClassAdapter - Adding mock interface to class com/fasterxml/jackson/databind/deser/std/StdScalarDeserializer
2024-11-12 13:43:14,838 INFO  CreateClassResetClassAdapter - Creating brand-new static initializer in class com/fasterxml/jackson/databind/deser/std/StdScalarDeserializer
2024-11-12 13:43:14,838 INFO  EvoClassLoader - Keeping class: com.fasterxml.jackson.databind.deser.std.StdScalarDeserializer
2024-11-12 13:43:14,838 INFO  EvoClassLoader - Keeping class: com.fasterxml.jackson.databind.deser.std.StringDeserializer
2024-11-12 13:43:14,838 INFO  EvoClassLoader - Seeing class for first time: com.fasterxml.jackson.databind.deser.std.MapEntryDeserializer
2024-11-12 13:43:14,838 INFO  EvoClassLoader - Instrumenting class 'com.fasterxml.jackson.databind.deser.std.MapEntryDeserializer'.
2024-11-12 13:43:14,838 INFO  MethodCallReplacementClassAdapter - Adding mock interface to class com/fasterxml/jackson/databind/deser/std/MapEntryDeserializer
2024-11-12 13:43:14,839 INFO  CreateClassResetClassAdapter - Creating brand-new static initializer in class com/fasterxml/jackson/databind/deser/std/MapEntryDeserializer
2024-11-12 13:43:14,839 INFO  EvoClassLoader - Keeping class: com.fasterxml.jackson.databind.deser.std.MapEntryDeserializer
2024-11-12 13:43:14,839 INFO  EvoClassLoader - Seeing class for first time: com.fasterxml.jackson.databind.deser.std.TokenBufferDeserializer
2024-11-12 13:43:14,839 INFO  EvoClassLoader - Instrumenting class 'com.fasterxml.jackson.databind.deser.std.TokenBufferDeserializer'.
2024-11-12 13:43:14,839 INFO  MethodCallReplacementClassAdapter - Adding mock interface to class com/fasterxml/jackson/databind/deser/std/TokenBufferDeserializer
2024-11-12 13:43:14,840 INFO  CreateClassResetClassAdapter - Creating brand-new static initializer in class com/fasterxml/jackson/databind/deser/std/TokenBufferDeserializer
2024-11-12 13:43:14,840 INFO  EvoClassLoader - Keeping class: com.fasterxml.jackson.databind.deser.std.TokenBufferDeserializer
2024-11-12 13:43:14,840 INFO  EvoClassLoader - Seeing class for first time: com.fasterxml.jackson.databind.deser.std.EnumDeserializer
2024-11-12 13:43:14,840 INFO  EvoClassLoader - Instrumenting class 'com.fasterxml.jackson.databind.deser.std.EnumDeserializer'.
2024-11-12 13:43:14,840 INFO  MethodCallReplacementClassAdapter - Adding mock interface to class com/fasterxml/jackson/databind/deser/std/EnumDeserializer
2024-11-12 13:43:14,841 INFO  CreateClassResetClassAdapter - Creating brand-new static initializer in class com/fasterxml/jackson/databind/deser/std/EnumDeserializer
2024-11-12 13:43:14,841 INFO  EvoClassLoader - Keeping class: com.fasterxml.jackson.databind.deser.std.EnumDeserializer
2024-11-12 13:43:14,841 INFO  EvoClassLoader - Seeing class for first time: com.fasterxml.jackson.databind.deser.std.AtomicReferenceDeserializer
2024-11-12 13:43:14,841 INFO  EvoClassLoader - Instrumenting class 'com.fasterxml.jackson.databind.deser.std.AtomicReferenceDeserializer'.
2024-11-12 13:43:14,841 INFO  MethodCallReplacementClassAdapter - Adding mock interface to class com/fasterxml/jackson/databind/deser/std/AtomicReferenceDeserializer
2024-11-12 13:43:14,841 INFO  CreateClassResetClassAdapter - Creating brand-new static initializer in class com/fasterxml/jackson/databind/deser/std/AtomicReferenceDeserializer
2024-11-12 13:43:14,842 INFO  EvoClassLoader - Seeing class for first time: com.fasterxml.jackson.databind.deser.std.ReferenceTypeDeserializer
2024-11-12 13:43:14,842 INFO  EvoClassLoader - Instrumenting class 'com.fasterxml.jackson.databind.deser.std.ReferenceTypeDeserializer'.
2024-11-12 13:43:14,842 INFO  MethodCallReplacementClassAdapter - Adding mock interface to class com/fasterxml/jackson/databind/deser/std/ReferenceTypeDeserializer
2024-11-12 13:43:14,842 INFO  CreateClassResetClassAdapter - Creating brand-new static initializer in class com/fasterxml/jackson/databind/deser/std/ReferenceTypeDeserializer
2024-11-12 13:43:14,843 INFO  EvoClassLoader - Keeping class: com.fasterxml.jackson.databind.deser.std.ReferenceTypeDeserializer
2024-11-12 13:43:14,843 INFO  EvoClassLoader - Keeping class: com.fasterxml.jackson.databind.deser.std.AtomicReferenceDeserializer
2024-11-12 13:43:14,843 INFO  EvoClassLoader - Seeing class for first time: com.fasterxml.jackson.databind.introspect.AnnotatedConstructor
2024-11-12 13:43:14,843 INFO  EvoClassLoader - Instrumenting class 'com.fasterxml.jackson.databind.introspect.AnnotatedConstructor'.
2024-11-12 13:43:14,844 INFO  MethodCallReplacementClassAdapter - Adding mock interface to class com/fasterxml/jackson/databind/introspect/AnnotatedConstructor
2024-11-12 13:43:14,844 INFO  CreateClassResetClassAdapter - Creating brand-new static initializer in class com/fasterxml/jackson/databind/introspect/AnnotatedConstructor
2024-11-12 13:43:14,845 INFO  EvoClassLoader - Keeping class: com.fasterxml.jackson.databind.introspect.AnnotatedConstructor
2024-11-12 13:43:14,845 INFO  EvoClassLoader - Seeing class for first time: com.fasterxml.jackson.databind.deser.SettableBeanProperty
2024-11-12 13:43:14,845 INFO  EvoClassLoader - Instrumenting class 'com.fasterxml.jackson.databind.deser.SettableBeanProperty'.
2024-11-12 13:43:14,846 INFO  MethodCallReplacementClassAdapter - Adding mock interface to class com/fasterxml/jackson/databind/deser/SettableBeanProperty
2024-11-12 13:43:14,847 INFO  CreateClassResetClassAdapter - Found static initializer in class com/fasterxml/jackson/databind/deser/SettableBeanProperty
2024-11-12 13:43:14,847 INFO  EvoClassLoader - Keeping class: com.fasterxml.jackson.databind.deser.SettableBeanProperty
2024-11-12 13:43:14,847 INFO  EvoClassLoader - Seeing class for first time: com.fasterxml.jackson.databind.deser.CreatorProperty
2024-11-12 13:43:14,847 INFO  EvoClassLoader - Instrumenting class 'com.fasterxml.jackson.databind.deser.CreatorProperty'.
2024-11-12 13:43:14,848 INFO  MethodCallReplacementClassAdapter - Adding mock interface to class com/fasterxml/jackson/databind/deser/CreatorProperty
2024-11-12 13:43:14,848 INFO  CreateClassResetClassAdapter - Creating brand-new static initializer in class com/fasterxml/jackson/databind/deser/CreatorProperty
2024-11-12 13:43:14,849 INFO  EvoClassLoader - Keeping class: com.fasterxml.jackson.databind.deser.CreatorProperty
2024-11-12 13:43:14,850 INFO  EvoClassLoader - Seeing class for first time: com.fasterxml.jackson.databind.deser.std.ThrowableDeserializer
2024-11-12 13:43:14,850 INFO  EvoClassLoader - Instrumenting class 'com.fasterxml.jackson.databind.deser.std.ThrowableDeserializer'.
2024-11-12 13:43:14,850 INFO  MethodCallReplacementClassAdapter - Adding mock interface to class com/fasterxml/jackson/databind/deser/std/ThrowableDeserializer
2024-11-12 13:43:14,850 INFO  CreateClassResetClassAdapter - Creating brand-new static initializer in class com/fasterxml/jackson/databind/deser/std/ThrowableDeserializer
2024-11-12 13:43:14,850 INFO  CreateClassResetClassAdapter - Adding bytecode for initializing field PROP_NAME_MESSAGE
2024-11-12 13:43:14,851 INFO  EvoClassLoader - Seeing class for first time: com.fasterxml.jackson.databind.deser.BeanDeserializer
2024-11-12 13:43:14,851 INFO  EvoClassLoader - Instrumenting class 'com.fasterxml.jackson.databind.deser.BeanDeserializer'.
2024-11-12 13:43:14,852 INFO  MethodCallReplacementClassAdapter - Adding mock interface to class com/fasterxml/jackson/databind/deser/BeanDeserializer
2024-11-12 13:43:14,856 INFO  CreateClassResetClassAdapter - Creating brand-new static initializer in class com/fasterxml/jackson/databind/deser/BeanDeserializer
2024-11-12 13:43:14,857 INFO  EvoClassLoader - Seeing class for first time: com.fasterxml.jackson.databind.deser.BeanDeserializerBase
2024-11-12 13:43:14,857 INFO  EvoClassLoader - Instrumenting class 'com.fasterxml.jackson.databind.deser.BeanDeserializerBase'.
2024-11-12 13:43:14,859 INFO  MethodCallReplacementClassAdapter - Adding mock interface to class com/fasterxml/jackson/databind/deser/BeanDeserializerBase
2024-11-12 13:43:14,864 INFO  CreateClassResetClassAdapter - Found static initializer in class com/fasterxml/jackson/databind/deser/BeanDeserializerBase
2024-11-12 13:43:14,866 INFO  EvoClassLoader - Keeping class: com.fasterxml.jackson.databind.deser.BeanDeserializerBase
2024-11-12 13:43:14,866 INFO  EvoClassLoader - Keeping class: com.fasterxml.jackson.databind.deser.BeanDeserializer
2024-11-12 13:43:14,866 INFO  EvoClassLoader - Keeping class: com.fasterxml.jackson.databind.deser.std.ThrowableDeserializer
2024-11-12 13:43:14,866 INFO  EvoClassLoader - Seeing class for first time: com.fasterxml.jackson.databind.deser.impl.ErrorThrowingDeserializer
2024-11-12 13:43:14,866 INFO  EvoClassLoader - Instrumenting class 'com.fasterxml.jackson.databind.deser.impl.ErrorThrowingDeserializer'.
2024-11-12 13:43:14,867 INFO  MethodCallReplacementClassAdapter - Adding mock interface to class com/fasterxml/jackson/databind/deser/impl/ErrorThrowingDeserializer
2024-11-12 13:43:14,867 INFO  CreateClassResetClassAdapter - Creating brand-new static initializer in class com/fasterxml/jackson/databind/deser/impl/ErrorThrowingDeserializer
2024-11-12 13:43:14,867 INFO  EvoClassLoader - Keeping class: com.fasterxml.jackson.databind.deser.impl.ErrorThrowingDeserializer
2024-11-12 13:43:14,868 INFO  EvoClassLoader - Seeing class for first time: com.fasterxml.jackson.databind.deser.impl.UnsupportedTypeDeserializer
2024-11-12 13:43:14,868 INFO  EvoClassLoader - Instrumenting class 'com.fasterxml.jackson.databind.deser.impl.UnsupportedTypeDeserializer'.
2024-11-12 13:43:14,868 INFO  MethodCallReplacementClassAdapter - Adding mock interface to class com/fasterxml/jackson/databind/deser/impl/UnsupportedTypeDeserializer
2024-11-12 13:43:14,868 INFO  CreateClassResetClassAdapter - Creating brand-new static initializer in class com/fasterxml/jackson/databind/deser/impl/UnsupportedTypeDeserializer
2024-11-12 13:43:14,868 INFO  EvoClassLoader - Keeping class: com.fasterxml.jackson.databind.deser.impl.UnsupportedTypeDeserializer
2024-11-12 13:43:14,869 INFO  EvoClassLoader - Seeing class for first time: com.fasterxml.jackson.databind.introspect.AnnotatedField
2024-11-12 13:43:14,869 INFO  EvoClassLoader - Instrumenting class 'com.fasterxml.jackson.databind.introspect.AnnotatedField'.
2024-11-12 13:43:14,869 INFO  MethodCallReplacementClassAdapter - Adding mock interface to class com/fasterxml/jackson/databind/introspect/AnnotatedField
2024-11-12 13:43:14,870 INFO  CreateClassResetClassAdapter - Creating brand-new static initializer in class com/fasterxml/jackson/databind/introspect/AnnotatedField
2024-11-12 13:43:14,871 INFO  EvoClassLoader - Keeping class: com.fasterxml.jackson.databind.introspect.AnnotatedField
2024-11-12 13:43:14,871 INFO  EvoClassLoader - Seeing class for first time: com.fasterxml.jackson.annotation.ObjectIdGenerator
2024-11-12 13:43:14,871 INFO  EvoClassLoader - Instrumenting class 'com.fasterxml.jackson.annotation.ObjectIdGenerator'.
2024-11-12 13:43:14,871 INFO  MethodCallReplacementClassAdapter - Adding mock interface to class com/fasterxml/jackson/annotation/ObjectIdGenerator
2024-11-12 13:43:14,872 INFO  CreateClassResetClassAdapter - Creating brand-new static initializer in class com/fasterxml/jackson/annotation/ObjectIdGenerator
2024-11-12 13:43:14,872 INFO  EvoClassLoader - Keeping class: com.fasterxml.jackson.annotation.ObjectIdGenerator
2024-11-12 13:43:14,872 INFO  EvoClassLoader - Seeing class for first time: com.fasterxml.jackson.databind.deser.impl.PropertyBasedObjectIdGenerator
2024-11-12 13:43:14,872 INFO  EvoClassLoader - Instrumenting class 'com.fasterxml.jackson.databind.deser.impl.PropertyBasedObjectIdGenerator'.
2024-11-12 13:43:14,872 INFO  MethodCallReplacementClassAdapter - Adding mock interface to class com/fasterxml/jackson/databind/deser/impl/PropertyBasedObjectIdGenerator
2024-11-12 13:43:14,872 INFO  CreateClassResetClassAdapter - Creating brand-new static initializer in class com/fasterxml/jackson/databind/deser/impl/PropertyBasedObjectIdGenerator
2024-11-12 13:43:14,872 INFO  EvoClassLoader - Seeing class for first time: com.fasterxml.jackson.annotation.ObjectIdGenerators$PropertyGenerator
2024-11-12 13:43:14,872 INFO  EvoClassLoader - Instrumenting class 'com.fasterxml.jackson.annotation.ObjectIdGenerators$PropertyGenerator'.
2024-11-12 13:43:14,872 INFO  MethodCallReplacementClassAdapter - Adding mock interface to class com/fasterxml/jackson/annotation/ObjectIdGenerators$PropertyGenerator
2024-11-12 13:43:14,872 INFO  CreateClassResetClassAdapter - Creating brand-new static initializer in class com/fasterxml/jackson/annotation/ObjectIdGenerators$PropertyGenerator
2024-11-12 13:43:14,872 INFO  EvoClassLoader - Seeing class for first time: com.fasterxml.jackson.annotation.ObjectIdGenerators$Base
2024-11-12 13:43:14,872 INFO  EvoClassLoader - Instrumenting class 'com.fasterxml.jackson.annotation.ObjectIdGenerators$Base'.
2024-11-12 13:43:14,872 INFO  MethodCallReplacementClassAdapter - Adding mock interface to class com/fasterxml/jackson/annotation/ObjectIdGenerators$Base
2024-11-12 13:43:14,873 INFO  CreateClassResetClassAdapter - Creating brand-new static initializer in class com/fasterxml/jackson/annotation/ObjectIdGenerators$Base
2024-11-12 13:43:14,873 INFO  EvoClassLoader - Keeping class: com.fasterxml.jackson.annotation.ObjectIdGenerators$Base
2024-11-12 13:43:14,873 INFO  EvoClassLoader - Keeping class: com.fasterxml.jackson.annotation.ObjectIdGenerators$PropertyGenerator
2024-11-12 13:43:14,873 INFO  EvoClassLoader - Keeping class: com.fasterxml.jackson.databind.deser.impl.PropertyBasedObjectIdGenerator
2024-11-12 13:43:14,873 INFO  EvoClassLoader - Seeing class for first time: com.fasterxml.jackson.databind.deser.impl.MethodProperty
2024-11-12 13:43:14,873 INFO  EvoClassLoader - Instrumenting class 'com.fasterxml.jackson.databind.deser.impl.MethodProperty'.
2024-11-12 13:43:14,873 INFO  MethodCallReplacementClassAdapter - Adding mock interface to class com/fasterxml/jackson/databind/deser/impl/MethodProperty
2024-11-12 13:43:14,873 INFO  CreateClassResetClassAdapter - Creating brand-new static initializer in class com/fasterxml/jackson/databind/deser/impl/MethodProperty
2024-11-12 13:43:14,873 INFO  EvoClassLoader - Keeping class: com.fasterxml.jackson.databind.deser.impl.MethodProperty
2024-11-12 13:43:14,873 INFO  EvoClassLoader - Seeing class for first time: com.fasterxml.jackson.databind.deser.impl.FieldProperty
2024-11-12 13:43:14,873 INFO  EvoClassLoader - Instrumenting class 'com.fasterxml.jackson.databind.deser.impl.FieldProperty'.
2024-11-12 13:43:14,874 INFO  MethodCallReplacementClassAdapter - Adding mock interface to class com/fasterxml/jackson/databind/deser/impl/FieldProperty
2024-11-12 13:43:14,874 INFO  CreateClassResetClassAdapter - Creating brand-new static initializer in class com/fasterxml/jackson/databind/deser/impl/FieldProperty
2024-11-12 13:43:14,874 INFO  EvoClassLoader - Keeping class: com.fasterxml.jackson.databind.deser.impl.FieldProperty
2024-11-12 13:43:14,875 INFO  EvoClassLoader - Seeing class for first time: com.fasterxml.jackson.databind.deser.impl.SetterlessProperty
2024-11-12 13:43:14,875 INFO  EvoClassLoader - Instrumenting class 'com.fasterxml.jackson.databind.deser.impl.SetterlessProperty'.
2024-11-12 13:43:14,875 INFO  MethodCallReplacementClassAdapter - Adding mock interface to class com/fasterxml/jackson/databind/deser/impl/SetterlessProperty
2024-11-12 13:43:14,875 INFO  CreateClassResetClassAdapter - Creating brand-new static initializer in class com/fasterxml/jackson/databind/deser/impl/SetterlessProperty
2024-11-12 13:43:14,875 INFO  EvoClassLoader - Keeping class: com.fasterxml.jackson.databind.deser.impl.SetterlessProperty
2024-11-12 13:43:14,875 INFO  EvoClassLoader - Seeing class for first time: com.fasterxml.jackson.databind.deser.Deserializers
2024-11-12 13:43:14,875 INFO  EvoClassLoader - Instrumenting class 'com.fasterxml.jackson.databind.deser.Deserializers'.
2024-11-12 13:43:14,876 INFO  EvoClassLoader - Keeping class: com.fasterxml.jackson.databind.deser.Deserializers
2024-11-12 13:43:14,876 INFO  EvoClassLoader - Seeing class for first time: com.fasterxml.jackson.databind.PropertyName
2024-11-12 13:43:14,876 INFO  EvoClassLoader - Instrumenting class 'com.fasterxml.jackson.databind.PropertyName'.
2024-11-12 13:43:14,876 INFO  MethodCallReplacementClassAdapter - Adding mock interface to class com/fasterxml/jackson/databind/PropertyName
2024-11-12 13:43:14,876 INFO  CreateClassResetClassAdapter - Found static initializer in class com/fasterxml/jackson/databind/PropertyName
2024-11-12 13:43:14,877 INFO  EvoClassLoader - Keeping class: com.fasterxml.jackson.databind.PropertyName
2024-11-12 13:43:14,877 INFO  EvoClassLoader - Seeing class for first time: com.fasterxml.jackson.databind.cfg.DeserializerFactoryConfig
2024-11-12 13:43:14,877 INFO  EvoClassLoader - Instrumenting class 'com.fasterxml.jackson.databind.cfg.DeserializerFactoryConfig'.
2024-11-12 13:43:14,877 INFO  MethodCallReplacementClassAdapter - Adding mock interface to class com/fasterxml/jackson/databind/cfg/DeserializerFactoryConfig
2024-11-12 13:43:14,878 INFO  CreateClassResetClassAdapter - Found static initializer in class com/fasterxml/jackson/databind/cfg/DeserializerFactoryConfig
2024-11-12 13:43:14,878 INFO  EvoClassLoader - Keeping class: com.fasterxml.jackson.databind.cfg.DeserializerFactoryConfig
2024-11-12 13:43:14,878 INFO  EvoClassLoader - Seeing class for first time: com.fasterxml.jackson.databind.deser.BeanDeserializerModifier
2024-11-12 13:43:14,878 INFO  EvoClassLoader - Instrumenting class 'com.fasterxml.jackson.databind.deser.BeanDeserializerModifier'.
2024-11-12 13:43:14,878 INFO  MethodCallReplacementClassAdapter - Adding mock interface to class com/fasterxml/jackson/databind/deser/BeanDeserializerModifier
2024-11-12 13:43:14,878 INFO  CreateClassResetClassAdapter - Creating brand-new static initializer in class com/fasterxml/jackson/databind/deser/BeanDeserializerModifier
2024-11-12 13:43:14,878 INFO  EvoClassLoader - Keeping class: com.fasterxml.jackson.databind.deser.BeanDeserializerModifier
2024-11-12 13:43:14,878 INFO  EvoClassLoader - Seeing class for first time: com.fasterxml.jackson.databind.AbstractTypeResolver
2024-11-12 13:43:14,878 INFO  EvoClassLoader - Instrumenting class 'com.fasterxml.jackson.databind.AbstractTypeResolver'.
2024-11-12 13:43:14,879 INFO  MethodCallReplacementClassAdapter - Adding mock interface to class com/fasterxml/jackson/databind/AbstractTypeResolver
2024-11-12 13:43:14,879 INFO  CreateClassResetClassAdapter - Creating brand-new static initializer in class com/fasterxml/jackson/databind/AbstractTypeResolver
2024-11-12 13:43:14,879 INFO  EvoClassLoader - Keeping class: com.fasterxml.jackson.databind.AbstractTypeResolver
2024-11-12 13:43:14,879 INFO  EvoClassLoader - Seeing class for first time: com.fasterxml.jackson.databind.deser.ValueInstantiators
2024-11-12 13:43:14,879 INFO  EvoClassLoader - Instrumenting class 'com.fasterxml.jackson.databind.deser.ValueInstantiators'.
2024-11-12 13:43:14,879 INFO  EvoClassLoader - Keeping class: com.fasterxml.jackson.databind.deser.ValueInstantiators
2024-11-12 13:43:14,879 INFO  EvoClassLoader - Seeing class for first time: com.fasterxml.jackson.databind.deser.KeyDeserializers
2024-11-12 13:43:14,879 INFO  EvoClassLoader - Instrumenting class 'com.fasterxml.jackson.databind.deser.KeyDeserializers'.
2024-11-12 13:43:14,879 INFO  EvoClassLoader - Keeping class: com.fasterxml.jackson.databind.deser.KeyDeserializers
2024-11-12 13:43:14,879 INFO  EvoClassLoader - Seeing class for first time: com.fasterxml.jackson.databind.deser.std.StdKeyDeserializers
2024-11-12 13:43:14,879 INFO  EvoClassLoader - Instrumenting class 'com.fasterxml.jackson.databind.deser.std.StdKeyDeserializers'.
2024-11-12 13:43:14,879 INFO  MethodCallReplacementClassAdapter - Adding mock interface to class com/fasterxml/jackson/databind/deser/std/StdKeyDeserializers
2024-11-12 13:43:14,879 INFO  CreateClassResetClassAdapter - Creating brand-new static initializer in class com/fasterxml/jackson/databind/deser/std/StdKeyDeserializers
2024-11-12 13:43:14,879 INFO  EvoClassLoader - Keeping class: com.fasterxml.jackson.databind.deser.std.StdKeyDeserializers
2024-11-12 13:43:14,879 INFO  EvoClassLoader - Seeing class for first time: com.fasterxml.jackson.databind.KeyDeserializer
2024-11-12 13:43:14,879 INFO  EvoClassLoader - Instrumenting class 'com.fasterxml.jackson.databind.KeyDeserializer'.
2024-11-12 13:43:14,880 INFO  MethodCallReplacementClassAdapter - Adding mock interface to class com/fasterxml/jackson/databind/KeyDeserializer
2024-11-12 13:43:14,880 INFO  CreateClassResetClassAdapter - Creating brand-new static initializer in class com/fasterxml/jackson/databind/KeyDeserializer
2024-11-12 13:43:14,880 INFO  EvoClassLoader - Keeping class: com.fasterxml.jackson.databind.KeyDeserializer
2024-11-12 13:43:14,880 INFO  EvoClassLoader - Seeing class for first time: com.fasterxml.jackson.databind.deser.std.StdKeyDeserializer
2024-11-12 13:43:14,880 INFO  EvoClassLoader - Instrumenting class 'com.fasterxml.jackson.databind.deser.std.StdKeyDeserializer'.
2024-11-12 13:43:14,880 INFO  MethodCallReplacementClassAdapter - Adding mock interface to class com/fasterxml/jackson/databind/deser/std/StdKeyDeserializer
2024-11-12 13:43:14,880 INFO  CreateClassResetClassAdapter - Creating brand-new static initializer in class com/fasterxml/jackson/databind/deser/std/StdKeyDeserializer
2024-11-12 13:43:14,880 INFO  CreateClassResetClassAdapter - Adding bytecode for initializing field TYPE_BOOLEAN
2024-11-12 13:43:14,880 INFO  CreateClassResetClassAdapter - Adding bytecode for initializing field TYPE_BYTE
2024-11-12 13:43:14,880 INFO  CreateClassResetClassAdapter - Adding bytecode for initializing field TYPE_SHORT
2024-11-12 13:43:14,880 INFO  CreateClassResetClassAdapter - Adding bytecode for initializing field TYPE_CHAR
2024-11-12 13:43:14,880 INFO  CreateClassResetClassAdapter - Adding bytecode for initializing field TYPE_INT
2024-11-12 13:43:14,880 INFO  CreateClassResetClassAdapter - Adding bytecode for initializing field TYPE_LONG
2024-11-12 13:43:14,880 INFO  CreateClassResetClassAdapter - Adding bytecode for initializing field TYPE_FLOAT
2024-11-12 13:43:14,880 INFO  CreateClassResetClassAdapter - Adding bytecode for initializing field TYPE_DOUBLE
2024-11-12 13:43:14,880 INFO  CreateClassResetClassAdapter - Adding bytecode for initializing field TYPE_LOCALE
2024-11-12 13:43:14,880 INFO  CreateClassResetClassAdapter - Adding bytecode for initializing field TYPE_DATE
2024-11-12 13:43:14,880 INFO  CreateClassResetClassAdapter - Adding bytecode for initializing field TYPE_CALENDAR
2024-11-12 13:43:14,880 INFO  CreateClassResetClassAdapter - Adding bytecode for initializing field TYPE_UUID
2024-11-12 13:43:14,880 INFO  CreateClassResetClassAdapter - Adding bytecode for initializing field TYPE_URI
2024-11-12 13:43:14,880 INFO  CreateClassResetClassAdapter - Adding bytecode for initializing field TYPE_URL
2024-11-12 13:43:14,880 INFO  CreateClassResetClassAdapter - Adding bytecode for initializing field TYPE_CLASS
2024-11-12 13:43:14,880 INFO  CreateClassResetClassAdapter - Adding bytecode for initializing field TYPE_CURRENCY
2024-11-12 13:43:14,880 INFO  CreateClassResetClassAdapter - Adding bytecode for initializing field TYPE_BYTE_ARRAY
2024-11-12 13:43:14,881 INFO  EvoClassLoader - Keeping class: com.fasterxml.jackson.databind.deser.std.StdKeyDeserializer
2024-11-12 13:43:14,881 INFO  EvoClassLoader - Seeing class for first time: com.fasterxml.jackson.databind.deser.std.StdKeyDeserializer$StringCtorKeyDeserializer
2024-11-12 13:43:14,881 INFO  EvoClassLoader - Instrumenting class 'com.fasterxml.jackson.databind.deser.std.StdKeyDeserializer$StringCtorKeyDeserializer'.
2024-11-12 13:43:14,881 INFO  MethodCallReplacementClassAdapter - Adding mock interface to class com/fasterxml/jackson/databind/deser/std/StdKeyDeserializer$StringCtorKeyDeserializer
2024-11-12 13:43:14,881 INFO  CreateClassResetClassAdapter - Creating brand-new static initializer in class com/fasterxml/jackson/databind/deser/std/StdKeyDeserializer$StringCtorKeyDeserializer
2024-11-12 13:43:14,881 INFO  EvoClassLoader - Keeping class: com.fasterxml.jackson.databind.deser.std.StdKeyDeserializer$StringCtorKeyDeserializer
2024-11-12 13:43:14,881 INFO  EvoClassLoader - Seeing class for first time: com.fasterxml.jackson.databind.deser.std.StdKeyDeserializer$StringFactoryKeyDeserializer
2024-11-12 13:43:14,881 INFO  EvoClassLoader - Instrumenting class 'com.fasterxml.jackson.databind.deser.std.StdKeyDeserializer$StringFactoryKeyDeserializer'.
2024-11-12 13:43:14,881 INFO  MethodCallReplacementClassAdapter - Adding mock interface to class com/fasterxml/jackson/databind/deser/std/StdKeyDeserializer$StringFactoryKeyDeserializer
2024-11-12 13:43:14,881 INFO  CreateClassResetClassAdapter - Creating brand-new static initializer in class com/fasterxml/jackson/databind/deser/std/StdKeyDeserializer$StringFactoryKeyDeserializer
2024-11-12 13:43:14,882 INFO  EvoClassLoader - Keeping class: com.fasterxml.jackson.databind.deser.std.StdKeyDeserializer$StringFactoryKeyDeserializer
2024-11-12 13:43:14,882 INFO  EvoClassLoader - Seeing class for first time: com.fasterxml.jackson.databind.deser.std.StdKeyDeserializer$DelegatingKD
2024-11-12 13:43:14,882 INFO  EvoClassLoader - Instrumenting class 'com.fasterxml.jackson.databind.deser.std.StdKeyDeserializer$DelegatingKD'.
2024-11-12 13:43:14,882 INFO  MethodCallReplacementClassAdapter - Adding mock interface to class com/fasterxml/jackson/databind/deser/std/StdKeyDeserializer$DelegatingKD
2024-11-12 13:43:14,882 INFO  CreateClassResetClassAdapter - Creating brand-new static initializer in class com/fasterxml/jackson/databind/deser/std/StdKeyDeserializer$DelegatingKD
2024-11-12 13:43:14,882 INFO  EvoClassLoader - Keeping class: com.fasterxml.jackson.databind.deser.std.StdKeyDeserializer$DelegatingKD
2024-11-12 13:43:14,882 INFO  EvoClassLoader - Seeing class for first time: com.fasterxml.jackson.databind.deser.std.StdKeyDeserializer$EnumKD
2024-11-12 13:43:14,882 INFO  EvoClassLoader - Instrumenting class 'com.fasterxml.jackson.databind.deser.std.StdKeyDeserializer$EnumKD'.
2024-11-12 13:43:14,882 INFO  MethodCallReplacementClassAdapter - Adding mock interface to class com/fasterxml/jackson/databind/deser/std/StdKeyDeserializer$EnumKD
2024-11-12 13:43:14,883 INFO  CreateClassResetClassAdapter - Creating brand-new static initializer in class com/fasterxml/jackson/databind/deser/std/StdKeyDeserializer$EnumKD
2024-11-12 13:43:14,883 INFO  EvoClassLoader - Keeping class: com.fasterxml.jackson.databind.deser.std.StdKeyDeserializer$EnumKD
2024-11-12 13:43:14,883 INFO  EvoClassLoader - Seeing class for first time: com.fasterxml.jackson.databind.deser.DeserializerCache
2024-11-12 13:43:14,883 INFO  EvoClassLoader - Instrumenting class 'com.fasterxml.jackson.databind.deser.DeserializerCache'.
2024-11-12 13:43:14,883 INFO  MethodCallReplacementClassAdapter - Adding mock interface to class com/fasterxml/jackson/databind/deser/DeserializerCache
2024-11-12 13:43:14,885 INFO  CreateClassResetClassAdapter - Creating brand-new static initializer in class com/fasterxml/jackson/databind/deser/DeserializerCache
2024-11-12 13:43:14,886 INFO  EvoClassLoader - Keeping class: com.fasterxml.jackson.databind.deser.DeserializerCache
2024-11-12 13:43:14,886 INFO  EvoClassLoader - Seeing class for first time: com.fasterxml.jackson.databind.deser.std.StdDelegatingDeserializer
2024-11-12 13:43:14,886 INFO  EvoClassLoader - Instrumenting class 'com.fasterxml.jackson.databind.deser.std.StdDelegatingDeserializer'.
2024-11-12 13:43:14,886 INFO  MethodCallReplacementClassAdapter - Adding mock interface to class com/fasterxml/jackson/databind/deser/std/StdDelegatingDeserializer
2024-11-12 13:43:14,886 INFO  CreateClassResetClassAdapter - Creating brand-new static initializer in class com/fasterxml/jackson/databind/deser/std/StdDelegatingDeserializer
2024-11-12 13:43:14,887 INFO  EvoClassLoader - Keeping class: com.fasterxml.jackson.databind.deser.std.StdDelegatingDeserializer
2024-11-12 13:43:14,887 INFO  EvoClassLoader - Seeing class for first time: com.fasterxml.jackson.databind.ser.std.JsonValueSerializer
2024-11-12 13:43:14,887 INFO  EvoClassLoader - Instrumenting class 'com.fasterxml.jackson.databind.ser.std.JsonValueSerializer'.
2024-11-12 13:43:14,887 INFO  MethodCallReplacementClassAdapter - Adding mock interface to class com/fasterxml/jackson/databind/ser/std/JsonValueSerializer
2024-11-12 13:43:14,888 INFO  CreateClassResetClassAdapter - Creating brand-new static initializer in class com/fasterxml/jackson/databind/ser/std/JsonValueSerializer
2024-11-12 13:43:14,889 INFO  EvoClassLoader - Keeping class: com.fasterxml.jackson.databind.ser.std.JsonValueSerializer
2024-11-12 13:43:14,889 INFO  EvoClassLoader - Seeing class for first time: com.fasterxml.jackson.databind.ser.std.SerializableSerializer
2024-11-12 13:43:14,889 INFO  EvoClassLoader - Instrumenting class 'com.fasterxml.jackson.databind.ser.std.SerializableSerializer'.
2024-11-12 13:43:14,889 INFO  MethodCallReplacementClassAdapter - Adding mock interface to class com/fasterxml/jackson/databind/ser/std/SerializableSerializer
2024-11-12 13:43:14,890 INFO  CreateClassResetClassAdapter - Found static initializer in class com/fasterxml/jackson/databind/ser/std/SerializableSerializer
2024-11-12 13:43:14,890 INFO  EvoClassLoader - Keeping class: com.fasterxml.jackson.databind.ser.std.SerializableSerializer
2024-11-12 13:43:14,890 INFO  EvoClassLoader - Seeing class for first time: com.fasterxml.jackson.databind.ser.std.CalendarSerializer
2024-11-12 13:43:14,890 INFO  EvoClassLoader - Instrumenting class 'com.fasterxml.jackson.databind.ser.std.CalendarSerializer'.
2024-11-12 13:43:14,891 INFO  MethodCallReplacementClassAdapter - Adding mock interface to class com/fasterxml/jackson/databind/ser/std/CalendarSerializer
2024-11-12 13:43:14,891 INFO  CreateClassResetClassAdapter - Found static initializer in class com/fasterxml/jackson/databind/ser/std/CalendarSerializer
2024-11-12 13:43:14,891 INFO  EvoClassLoader - Seeing class for first time: com.fasterxml.jackson.databind.ser.std.DateTimeSerializerBase
2024-11-12 13:43:14,891 INFO  EvoClassLoader - Instrumenting class 'com.fasterxml.jackson.databind.ser.std.DateTimeSerializerBase'.
2024-11-12 13:43:14,891 INFO  MethodCallReplacementClassAdapter - Adding mock interface to class com/fasterxml/jackson/databind/ser/std/DateTimeSerializerBase
2024-11-12 13:43:14,893 INFO  CreateClassResetClassAdapter - Creating brand-new static initializer in class com/fasterxml/jackson/databind/ser/std/DateTimeSerializerBase
2024-11-12 13:43:14,893 INFO  EvoClassLoader - Seeing class for first time: com.fasterxml.jackson.databind.ser.std.StdScalarSerializer
2024-11-12 13:43:14,893 INFO  EvoClassLoader - Instrumenting class 'com.fasterxml.jackson.databind.ser.std.StdScalarSerializer'.
2024-11-12 13:43:14,893 INFO  MethodCallReplacementClassAdapter - Adding mock interface to class com/fasterxml/jackson/databind/ser/std/StdScalarSerializer
2024-11-12 13:43:14,894 INFO  CreateClassResetClassAdapter - Creating brand-new static initializer in class com/fasterxml/jackson/databind/ser/std/StdScalarSerializer
2024-11-12 13:43:14,895 INFO  EvoClassLoader - Keeping class: com.fasterxml.jackson.databind.ser.std.StdScalarSerializer
2024-11-12 13:43:14,895 INFO  EvoClassLoader - Keeping class: com.fasterxml.jackson.databind.ser.std.DateTimeSerializerBase
2024-11-12 13:43:14,895 INFO  EvoClassLoader - Keeping class: com.fasterxml.jackson.databind.ser.std.CalendarSerializer
2024-11-12 13:43:14,895 INFO  EvoClassLoader - Seeing class for first time: com.fasterxml.jackson.databind.ser.std.DateSerializer
2024-11-12 13:43:14,895 INFO  EvoClassLoader - Instrumenting class 'com.fasterxml.jackson.databind.ser.std.DateSerializer'.
2024-11-12 13:43:14,896 INFO  MethodCallReplacementClassAdapter - Adding mock interface to class com/fasterxml/jackson/databind/ser/std/DateSerializer
2024-11-12 13:43:14,896 INFO  CreateClassResetClassAdapter - Found static initializer in class com/fasterxml/jackson/databind/ser/std/DateSerializer
2024-11-12 13:43:14,897 INFO  EvoClassLoader - Keeping class: com.fasterxml.jackson.databind.ser.std.DateSerializer
2024-11-12 13:43:14,897 INFO  EvoClassLoader - Seeing class for first time: com.fasterxml.jackson.databind.ser.std.ByteBufferSerializer
2024-11-12 13:43:14,897 INFO  EvoClassLoader - Instrumenting class 'com.fasterxml.jackson.databind.ser.std.ByteBufferSerializer'.
2024-11-12 13:43:14,898 INFO  MethodCallReplacementClassAdapter - Adding mock interface to class com/fasterxml/jackson/databind/ser/std/ByteBufferSerializer
2024-11-12 13:43:14,898 INFO  CreateClassResetClassAdapter - Creating brand-new static initializer in class com/fasterxml/jackson/databind/ser/std/ByteBufferSerializer
2024-11-12 13:43:14,898 INFO  EvoClassLoader - Keeping class: com.fasterxml.jackson.databind.ser.std.ByteBufferSerializer
2024-11-12 13:43:14,898 INFO  EvoClassLoader - Seeing class for first time: com.fasterxml.jackson.databind.ser.std.InetAddressSerializer
2024-11-12 13:43:14,898 INFO  EvoClassLoader - Instrumenting class 'com.fasterxml.jackson.databind.ser.std.InetAddressSerializer'.
2024-11-12 13:43:14,899 INFO  MethodCallReplacementClassAdapter - Adding mock interface to class com/fasterxml/jackson/databind/ser/std/InetAddressSerializer
2024-11-12 13:43:14,899 INFO  CreateClassResetClassAdapter - Creating brand-new static initializer in class com/fasterxml/jackson/databind/ser/std/InetAddressSerializer
2024-11-12 13:43:14,899 INFO  EvoClassLoader - Keeping class: com.fasterxml.jackson.databind.ser.std.InetAddressSerializer
2024-11-12 13:43:14,899 INFO  EvoClassLoader - Seeing class for first time: com.fasterxml.jackson.databind.ser.std.InetSocketAddressSerializer
2024-11-12 13:43:14,899 INFO  EvoClassLoader - Instrumenting class 'com.fasterxml.jackson.databind.ser.std.InetSocketAddressSerializer'.
2024-11-12 13:43:14,900 INFO  MethodCallReplacementClassAdapter - Adding mock interface to class com/fasterxml/jackson/databind/ser/std/InetSocketAddressSerializer
2024-11-12 13:43:14,900 INFO  CreateClassResetClassAdapter - Creating brand-new static initializer in class com/fasterxml/jackson/databind/ser/std/InetSocketAddressSerializer
2024-11-12 13:43:14,900 INFO  EvoClassLoader - Keeping class: com.fasterxml.jackson.databind.ser.std.InetSocketAddressSerializer
2024-11-12 13:43:14,900 INFO  EvoClassLoader - Seeing class for first time: com.fasterxml.jackson.databind.ser.std.TimeZoneSerializer
2024-11-12 13:43:14,900 INFO  EvoClassLoader - Instrumenting class 'com.fasterxml.jackson.databind.ser.std.TimeZoneSerializer'.
2024-11-12 13:43:14,901 INFO  MethodCallReplacementClassAdapter - Adding mock interface to class com/fasterxml/jackson/databind/ser/std/TimeZoneSerializer
2024-11-12 13:43:14,901 INFO  CreateClassResetClassAdapter - Creating brand-new static initializer in class com/fasterxml/jackson/databind/ser/std/TimeZoneSerializer
2024-11-12 13:43:14,901 INFO  EvoClassLoader - Keeping class: com.fasterxml.jackson.databind.ser.std.TimeZoneSerializer
2024-11-12 13:43:14,901 INFO  EvoClassLoader - Seeing class for first time: com.fasterxml.jackson.databind.ser.std.ToStringSerializer
2024-11-12 13:43:14,901 INFO  EvoClassLoader - Instrumenting class 'com.fasterxml.jackson.databind.ser.std.ToStringSerializer'.
2024-11-12 13:43:14,901 INFO  MethodCallReplacementClassAdapter - Adding mock interface to class com/fasterxml/jackson/databind/ser/std/ToStringSerializer
2024-11-12 13:43:14,901 INFO  CreateClassResetClassAdapter - Found static initializer in class com/fasterxml/jackson/databind/ser/std/ToStringSerializer
2024-11-12 13:43:14,902 INFO  EvoClassLoader - Seeing class for first time: com.fasterxml.jackson.databind.ser.std.ToStringSerializerBase
2024-11-12 13:43:14,902 INFO  EvoClassLoader - Instrumenting class 'com.fasterxml.jackson.databind.ser.std.ToStringSerializerBase'.
2024-11-12 13:43:14,902 INFO  MethodCallReplacementClassAdapter - Adding mock interface to class com/fasterxml/jackson/databind/ser/std/ToStringSerializerBase
2024-11-12 13:43:14,902 INFO  CreateClassResetClassAdapter - Creating brand-new static initializer in class com/fasterxml/jackson/databind/ser/std/ToStringSerializerBase
2024-11-12 13:43:14,903 INFO  EvoClassLoader - Keeping class: com.fasterxml.jackson.databind.ser.std.ToStringSerializerBase
2024-11-12 13:43:14,903 INFO  EvoClassLoader - Keeping class: com.fasterxml.jackson.databind.ser.std.ToStringSerializer
2024-11-12 13:43:14,903 INFO  EvoClassLoader - Seeing class for first time: com.fasterxml.jackson.databind.ser.std.NumberSerializer
2024-11-12 13:43:14,903 INFO  EvoClassLoader - Instrumenting class 'com.fasterxml.jackson.databind.ser.std.NumberSerializer'.
2024-11-12 13:43:14,903 INFO  MethodCallReplacementClassAdapter - Adding mock interface to class com/fasterxml/jackson/databind/ser/std/NumberSerializer
2024-11-12 13:43:14,903 INFO  CreateClassResetClassAdapter - Found static initializer in class com/fasterxml/jackson/databind/ser/std/NumberSerializer
2024-11-12 13:43:14,904 INFO  EvoClassLoader - Keeping class: com.fasterxml.jackson.databind.ser.std.NumberSerializer
2024-11-12 13:43:14,904 INFO  EvoClassLoader - Seeing class for first time: com.fasterxml.jackson.databind.ser.std.EnumSerializer
2024-11-12 13:43:14,904 INFO  EvoClassLoader - Instrumenting class 'com.fasterxml.jackson.databind.ser.std.EnumSerializer'.
2024-11-12 13:43:14,904 INFO  MethodCallReplacementClassAdapter - Adding mock interface to class com/fasterxml/jackson/databind/ser/std/EnumSerializer
2024-11-12 13:43:14,905 INFO  CreateClassResetClassAdapter - Creating brand-new static initializer in class com/fasterxml/jackson/databind/ser/std/EnumSerializer
2024-11-12 13:43:14,906 INFO  EvoClassLoader - Keeping class: com.fasterxml.jackson.databind.ser.std.EnumSerializer
2024-11-12 13:43:14,906 INFO  EvoClassLoader - Seeing class for first time: com.fasterxml.jackson.databind.ser.impl.MapEntrySerializer
2024-11-12 13:43:14,906 INFO  EvoClassLoader - Instrumenting class 'com.fasterxml.jackson.databind.ser.impl.MapEntrySerializer'.
2024-11-12 13:43:14,906 INFO  MethodCallReplacementClassAdapter - Adding mock interface to class com/fasterxml/jackson/databind/ser/impl/MapEntrySerializer
2024-11-12 13:43:14,907 INFO  CreateClassResetClassAdapter - Found static initializer in class com/fasterxml/jackson/databind/ser/impl/MapEntrySerializer
2024-11-12 13:43:14,907 INFO  EvoClassLoader - Seeing class for first time: com.fasterxml.jackson.databind.ser.ContainerSerializer
2024-11-12 13:43:14,907 INFO  EvoClassLoader - Instrumenting class 'com.fasterxml.jackson.databind.ser.ContainerSerializer'.
2024-11-12 13:43:14,908 INFO  MethodCallReplacementClassAdapter - Adding mock interface to class com/fasterxml/jackson/databind/ser/ContainerSerializer
2024-11-12 13:43:14,908 INFO  CreateClassResetClassAdapter - Creating brand-new static initializer in class com/fasterxml/jackson/databind/ser/ContainerSerializer
2024-11-12 13:43:14,908 INFO  EvoClassLoader - Keeping class: com.fasterxml.jackson.databind.ser.ContainerSerializer
2024-11-12 13:43:14,908 INFO  EvoClassLoader - Keeping class: com.fasterxml.jackson.databind.ser.impl.MapEntrySerializer
2024-11-12 13:43:14,908 INFO  EvoClassLoader - Seeing class for first time: com.fasterxml.jackson.databind.ser.impl.IteratorSerializer
2024-11-12 13:43:14,908 INFO  EvoClassLoader - Instrumenting class 'com.fasterxml.jackson.databind.ser.impl.IteratorSerializer'.
2024-11-12 13:43:14,908 INFO  MethodCallReplacementClassAdapter - Adding mock interface to class com/fasterxml/jackson/databind/ser/impl/IteratorSerializer
2024-11-12 13:43:14,909 INFO  CreateClassResetClassAdapter - Creating brand-new static initializer in class com/fasterxml/jackson/databind/ser/impl/IteratorSerializer
2024-11-12 13:43:14,909 INFO  EvoClassLoader - Seeing class for first time: com.fasterxml.jackson.databind.ser.std.AsArraySerializerBase
2024-11-12 13:43:14,909 INFO  EvoClassLoader - Instrumenting class 'com.fasterxml.jackson.databind.ser.std.AsArraySerializerBase'.
2024-11-12 13:43:14,909 INFO  MethodCallReplacementClassAdapter - Adding mock interface to class com/fasterxml/jackson/databind/ser/std/AsArraySerializerBase
2024-11-12 13:43:14,910 INFO  CreateClassResetClassAdapter - Creating brand-new static initializer in class com/fasterxml/jackson/databind/ser/std/AsArraySerializerBase
2024-11-12 13:43:14,910 INFO  EvoClassLoader - Keeping class: com.fasterxml.jackson.databind.ser.std.AsArraySerializerBase
2024-11-12 13:43:14,910 INFO  EvoClassLoader - Keeping class: com.fasterxml.jackson.databind.ser.impl.IteratorSerializer
2024-11-12 13:43:14,910 INFO  EvoClassLoader - Seeing class for first time: com.fasterxml.jackson.databind.ser.std.IterableSerializer
2024-11-12 13:43:14,910 INFO  EvoClassLoader - Instrumenting class 'com.fasterxml.jackson.databind.ser.std.IterableSerializer'.
2024-11-12 13:43:14,910 INFO  MethodCallReplacementClassAdapter - Adding mock interface to class com/fasterxml/jackson/databind/ser/std/IterableSerializer
2024-11-12 13:43:14,911 INFO  CreateClassResetClassAdapter - Creating brand-new static initializer in class com/fasterxml/jackson/databind/ser/std/IterableSerializer
2024-11-12 13:43:14,911 INFO  EvoClassLoader - Keeping class: com.fasterxml.jackson.databind.ser.std.IterableSerializer
2024-11-12 13:43:14,911 INFO  EvoClassLoader - Seeing class for first time: com.fasterxml.jackson.databind.ser.std.MapSerializer
2024-11-12 13:43:14,911 INFO  EvoClassLoader - Instrumenting class 'com.fasterxml.jackson.databind.ser.std.MapSerializer'.
2024-11-12 13:43:14,912 INFO  MethodCallReplacementClassAdapter - Adding mock interface to class com/fasterxml/jackson/databind/ser/std/MapSerializer
2024-11-12 13:43:14,913 INFO  CreateClassResetClassAdapter - Found static initializer in class com/fasterxml/jackson/databind/ser/std/MapSerializer
2024-11-12 13:43:14,914 INFO  EvoClassLoader - Keeping class: com.fasterxml.jackson.databind.ser.std.MapSerializer
2024-11-12 13:43:14,914 INFO  EvoClassLoader - Seeing class for first time: com.fasterxml.jackson.databind.ser.std.CollectionSerializer
2024-11-12 13:43:14,914 INFO  EvoClassLoader - Instrumenting class 'com.fasterxml.jackson.databind.ser.std.CollectionSerializer'.
2024-11-12 13:43:14,914 INFO  MethodCallReplacementClassAdapter - Adding mock interface to class com/fasterxml/jackson/databind/ser/std/CollectionSerializer
2024-11-12 13:43:14,915 INFO  CreateClassResetClassAdapter - Creating brand-new static initializer in class com/fasterxml/jackson/databind/ser/std/CollectionSerializer
2024-11-12 13:43:14,915 INFO  EvoClassLoader - Keeping class: com.fasterxml.jackson.databind.ser.std.CollectionSerializer
2024-11-12 13:43:14,915 INFO  EvoClassLoader - Seeing class for first time: com.fasterxml.jackson.databind.ser.impl.IndexedStringListSerializer
2024-11-12 13:43:14,915 INFO  EvoClassLoader - Instrumenting class 'com.fasterxml.jackson.databind.ser.impl.IndexedStringListSerializer'.
2024-11-12 13:43:14,916 INFO  MethodCallReplacementClassAdapter - Adding mock interface to class com/fasterxml/jackson/databind/ser/impl/IndexedStringListSerializer
2024-11-12 13:43:14,916 INFO  CreateClassResetClassAdapter - Found static initializer in class com/fasterxml/jackson/databind/ser/impl/IndexedStringListSerializer
2024-11-12 13:43:14,917 INFO  EvoClassLoader - Seeing class for first time: com.fasterxml.jackson.databind.ser.std.StaticListSerializerBase
2024-11-12 13:43:14,917 INFO  EvoClassLoader - Instrumenting class 'com.fasterxml.jackson.databind.ser.std.StaticListSerializerBase'.
2024-11-12 13:43:14,917 INFO  MethodCallReplacementClassAdapter - Adding mock interface to class com/fasterxml/jackson/databind/ser/std/StaticListSerializerBase
2024-11-12 13:43:14,917 INFO  CreateClassResetClassAdapter - Creating brand-new static initializer in class com/fasterxml/jackson/databind/ser/std/StaticListSerializerBase
2024-11-12 13:43:14,918 INFO  EvoClassLoader - Keeping class: com.fasterxml.jackson.databind.ser.std.StaticListSerializerBase
2024-11-12 13:43:14,918 INFO  EvoClassLoader - Keeping class: com.fasterxml.jackson.databind.ser.impl.IndexedStringListSerializer
2024-11-12 13:43:14,918 INFO  EvoClassLoader - Seeing class for first time: com.fasterxml.jackson.databind.ser.impl.StringCollectionSerializer
2024-11-12 13:43:14,918 INFO  EvoClassLoader - Instrumenting class 'com.fasterxml.jackson.databind.ser.impl.StringCollectionSerializer'.
2024-11-12 13:43:14,918 INFO  MethodCallReplacementClassAdapter - Adding mock interface to class com/fasterxml/jackson/databind/ser/impl/StringCollectionSerializer
2024-11-12 13:43:14,919 INFO  CreateClassResetClassAdapter - Found static initializer in class com/fasterxml/jackson/databind/ser/impl/StringCollectionSerializer
2024-11-12 13:43:14,919 INFO  EvoClassLoader - Keeping class: com.fasterxml.jackson.databind.ser.impl.StringCollectionSerializer
2024-11-12 13:43:14,919 INFO  EvoClassLoader - Seeing class for first time: com.fasterxml.jackson.databind.ser.impl.StringArraySerializer
2024-11-12 13:43:14,919 INFO  EvoClassLoader - Instrumenting class 'com.fasterxml.jackson.databind.ser.impl.StringArraySerializer'.
2024-11-12 13:43:14,919 INFO  MethodCallReplacementClassAdapter - Adding mock interface to class com/fasterxml/jackson/databind/ser/impl/StringArraySerializer
2024-11-12 13:43:14,919 INFO  CreateClassResetClassAdapter - Found static initializer in class com/fasterxml/jackson/databind/ser/impl/StringArraySerializer
2024-11-12 13:43:14,920 INFO  EvoClassLoader - Seeing class for first time: com.fasterxml.jackson.databind.ser.std.ArraySerializerBase
2024-11-12 13:43:14,920 INFO  EvoClassLoader - Instrumenting class 'com.fasterxml.jackson.databind.ser.std.ArraySerializerBase'.
2024-11-12 13:43:14,920 INFO  MethodCallReplacementClassAdapter - Adding mock interface to class com/fasterxml/jackson/databind/ser/std/ArraySerializerBase
2024-11-12 13:43:14,921 INFO  CreateClassResetClassAdapter - Creating brand-new static initializer in class com/fasterxml/jackson/databind/ser/std/ArraySerializerBase
2024-11-12 13:43:14,921 INFO  EvoClassLoader - Keeping class: com.fasterxml.jackson.databind.ser.std.ArraySerializerBase
2024-11-12 13:43:14,921 INFO  EvoClassLoader - Keeping class: com.fasterxml.jackson.databind.ser.impl.StringArraySerializer
2024-11-12 13:43:14,921 INFO  EvoClassLoader - Seeing class for first time: com.fasterxml.jackson.databind.ser.std.ObjectArraySerializer
2024-11-12 13:43:14,921 INFO  EvoClassLoader - Instrumenting class 'com.fasterxml.jackson.databind.ser.std.ObjectArraySerializer'.
2024-11-12 13:43:14,922 INFO  MethodCallReplacementClassAdapter - Adding mock interface to class com/fasterxml/jackson/databind/ser/std/ObjectArraySerializer
2024-11-12 13:43:14,923 INFO  CreateClassResetClassAdapter - Creating brand-new static initializer in class com/fasterxml/jackson/databind/ser/std/ObjectArraySerializer
2024-11-12 13:43:14,924 INFO  EvoClassLoader - Keeping class: com.fasterxml.jackson.databind.ser.std.ObjectArraySerializer
2024-11-12 13:43:14,924 INFO  EvoClassLoader - Seeing class for first time: com.fasterxml.jackson.databind.ser.std.EnumSetSerializer
2024-11-12 13:43:14,924 INFO  EvoClassLoader - Instrumenting class 'com.fasterxml.jackson.databind.ser.std.EnumSetSerializer'.
2024-11-12 13:43:14,924 INFO  MethodCallReplacementClassAdapter - Adding mock interface to class com/fasterxml/jackson/databind/ser/std/EnumSetSerializer
2024-11-12 13:43:14,925 INFO  CreateClassResetClassAdapter - Creating brand-new static initializer in class com/fasterxml/jackson/databind/ser/std/EnumSetSerializer
2024-11-12 13:43:14,925 INFO  EvoClassLoader - Keeping class: com.fasterxml.jackson.databind.ser.std.EnumSetSerializer
2024-11-12 13:43:14,925 INFO  EvoClassLoader - Seeing class for first time: com.fasterxml.jackson.databind.ser.impl.IndexedListSerializer
2024-11-12 13:43:14,925 INFO  EvoClassLoader - Instrumenting class 'com.fasterxml.jackson.databind.ser.impl.IndexedListSerializer'.
2024-11-12 13:43:14,925 INFO  MethodCallReplacementClassAdapter - Adding mock interface to class com/fasterxml/jackson/databind/ser/impl/IndexedListSerializer
2024-11-12 13:43:14,926 INFO  CreateClassResetClassAdapter - Creating brand-new static initializer in class com/fasterxml/jackson/databind/ser/impl/IndexedListSerializer
2024-11-12 13:43:14,927 INFO  EvoClassLoader - Keeping class: com.fasterxml.jackson.databind.ser.impl.IndexedListSerializer
2024-11-12 13:43:14,927 INFO  EvoClassLoader - Seeing class for first time: com.fasterxml.jackson.databind.ser.std.ReferenceTypeSerializer
2024-11-12 13:43:14,927 INFO  EvoClassLoader - Instrumenting class 'com.fasterxml.jackson.databind.ser.std.ReferenceTypeSerializer'.
2024-11-12 13:43:14,928 INFO  MethodCallReplacementClassAdapter - Adding mock interface to class com/fasterxml/jackson/databind/ser/std/ReferenceTypeSerializer
2024-11-12 13:43:14,928 INFO  CreateClassResetClassAdapter - Found static initializer in class com/fasterxml/jackson/databind/ser/std/ReferenceTypeSerializer
2024-11-12 13:43:14,929 INFO  EvoClassLoader - Keeping class: com.fasterxml.jackson.databind.ser.std.ReferenceTypeSerializer
2024-11-12 13:43:14,930 INFO  EvoClassLoader - Seeing class for first time: com.fasterxml.jackson.databind.ser.BeanSerializer
2024-11-12 13:43:14,930 INFO  EvoClassLoader - Instrumenting class 'com.fasterxml.jackson.databind.ser.BeanSerializer'.
2024-11-12 13:43:14,930 INFO  MethodCallReplacementClassAdapter - Adding mock interface to class com/fasterxml/jackson/databind/ser/BeanSerializer
2024-11-12 13:43:14,930 INFO  CreateClassResetClassAdapter - Creating brand-new static initializer in class com/fasterxml/jackson/databind/ser/BeanSerializer
2024-11-12 13:43:14,931 INFO  EvoClassLoader - Seeing class for first time: com.fasterxml.jackson.databind.ser.std.BeanSerializerBase
2024-11-12 13:43:14,931 INFO  EvoClassLoader - Instrumenting class 'com.fasterxml.jackson.databind.ser.std.BeanSerializerBase'.
2024-11-12 13:43:14,931 INFO  MethodCallReplacementClassAdapter - Adding mock interface to class com/fasterxml/jackson/databind/ser/std/BeanSerializerBase
2024-11-12 13:43:14,933 INFO  CreateClassResetClassAdapter - Found static initializer in class com/fasterxml/jackson/databind/ser/std/BeanSerializerBase
2024-11-12 13:43:14,934 INFO  EvoClassLoader - Keeping class: com.fasterxml.jackson.databind.ser.std.BeanSerializerBase
2024-11-12 13:43:14,934 INFO  EvoClassLoader - Keeping class: com.fasterxml.jackson.databind.ser.BeanSerializer
2024-11-12 13:43:14,934 INFO  EvoClassLoader - Seeing class for first time: com.fasterxml.jackson.databind.ser.impl.UnsupportedTypeSerializer
2024-11-12 13:43:14,934 INFO  EvoClassLoader - Instrumenting class 'com.fasterxml.jackson.databind.ser.impl.UnsupportedTypeSerializer'.
2024-11-12 13:43:14,935 INFO  MethodCallReplacementClassAdapter - Adding mock interface to class com/fasterxml/jackson/databind/ser/impl/UnsupportedTypeSerializer
2024-11-12 13:43:14,935 INFO  CreateClassResetClassAdapter - Creating brand-new static initializer in class com/fasterxml/jackson/databind/ser/impl/UnsupportedTypeSerializer
2024-11-12 13:43:14,935 INFO  EvoClassLoader - Keeping class: com.fasterxml.jackson.databind.ser.impl.UnsupportedTypeSerializer
2024-11-12 13:43:14,935 INFO  EvoClassLoader - Seeing class for first time: com.fasterxml.jackson.databind.ser.impl.PropertyBasedObjectIdGenerator
2024-11-12 13:43:14,935 INFO  EvoClassLoader - Instrumenting class 'com.fasterxml.jackson.databind.ser.impl.PropertyBasedObjectIdGenerator'.
2024-11-12 13:43:14,936 INFO  MethodCallReplacementClassAdapter - Adding mock interface to class com/fasterxml/jackson/databind/ser/impl/PropertyBasedObjectIdGenerator
2024-11-12 13:43:14,936 INFO  CreateClassResetClassAdapter - Creating brand-new static initializer in class com/fasterxml/jackson/databind/ser/impl/PropertyBasedObjectIdGenerator
2024-11-12 13:43:14,937 INFO  EvoClassLoader - Keeping class: com.fasterxml.jackson.databind.ser.impl.PropertyBasedObjectIdGenerator
2024-11-12 13:43:14,937 INFO  EvoClassLoader - Seeing class for first time: com.fasterxml.jackson.databind.ser.std.StringSerializer
2024-11-12 13:43:14,937 INFO  EvoClassLoader - Instrumenting class 'com.fasterxml.jackson.databind.ser.std.StringSerializer'.
2024-11-12 13:43:14,938 INFO  MethodCallReplacementClassAdapter - Adding mock interface to class com/fasterxml/jackson/databind/ser/std/StringSerializer
2024-11-12 13:43:14,938 INFO  CreateClassResetClassAdapter - Creating brand-new static initializer in class com/fasterxml/jackson/databind/ser/std/StringSerializer
2024-11-12 13:43:14,938 INFO  EvoClassLoader - Keeping class: com.fasterxml.jackson.databind.ser.std.StringSerializer
2024-11-12 13:43:14,938 INFO  EvoClassLoader - Seeing class for first time: com.fasterxml.jackson.databind.ser.std.NumberSerializers
2024-11-12 13:43:14,938 INFO  EvoClassLoader - Instrumenting class 'com.fasterxml.jackson.databind.ser.std.NumberSerializers'.
2024-11-12 13:43:14,939 INFO  MethodCallReplacementClassAdapter - Adding mock interface to class com/fasterxml/jackson/databind/ser/std/NumberSerializers
2024-11-12 13:43:14,939 INFO  CreateClassResetClassAdapter - Creating brand-new static initializer in class com/fasterxml/jackson/databind/ser/std/NumberSerializers
2024-11-12 13:43:14,939 INFO  EvoClassLoader - Keeping class: com.fasterxml.jackson.databind.ser.std.NumberSerializers
2024-11-12 13:43:14,939 INFO  EvoClassLoader - Seeing class for first time: com.fasterxml.jackson.databind.ser.std.NumberSerializers$IntegerSerializer
2024-11-12 13:43:14,939 INFO  EvoClassLoader - Instrumenting class 'com.fasterxml.jackson.databind.ser.std.NumberSerializers$IntegerSerializer'.
2024-11-12 13:43:14,939 INFO  MethodCallReplacementClassAdapter - Adding mock interface to class com/fasterxml/jackson/databind/ser/std/NumberSerializers$IntegerSerializer
2024-11-12 13:43:14,940 INFO  CreateClassResetClassAdapter - Creating brand-new static initializer in class com/fasterxml/jackson/databind/ser/std/NumberSerializers$IntegerSerializer
2024-11-12 13:43:14,940 INFO  EvoClassLoader - Seeing class for first time: com.fasterxml.jackson.databind.ser.std.NumberSerializers$Base
2024-11-12 13:43:14,940 INFO  EvoClassLoader - Instrumenting class 'com.fasterxml.jackson.databind.ser.std.NumberSerializers$Base'.
2024-11-12 13:43:14,940 INFO  MethodCallReplacementClassAdapter - Adding mock interface to class com/fasterxml/jackson/databind/ser/std/NumberSerializers$Base
2024-11-12 13:43:14,940 INFO  CreateClassResetClassAdapter - Creating brand-new static initializer in class com/fasterxml/jackson/databind/ser/std/NumberSerializers$Base
2024-11-12 13:43:14,940 INFO  EvoClassLoader - Keeping class: com.fasterxml.jackson.databind.ser.std.NumberSerializers$Base
2024-11-12 13:43:14,940 INFO  EvoClassLoader - Keeping class: com.fasterxml.jackson.databind.ser.std.NumberSerializers$IntegerSerializer
2024-11-12 13:43:14,940 INFO  EvoClassLoader - Seeing class for first time: com.fasterxml.jackson.core.JsonParser$NumberType
2024-11-12 13:43:14,940 INFO  EvoClassLoader - Instrumenting class 'com.fasterxml.jackson.core.JsonParser$NumberType'.
2024-11-12 13:43:14,940 INFO  MethodCallReplacementClassAdapter - Adding mock interface to class com/fasterxml/jackson/core/JsonParser$NumberType
2024-11-12 13:43:14,940 INFO  CreateClassResetClassAdapter - Found static initializer in class com/fasterxml/jackson/core/JsonParser$NumberType
2024-11-12 13:43:14,941 INFO  EvoClassLoader - Keeping class: com.fasterxml.jackson.core.JsonParser$NumberType
2024-11-12 13:43:14,941 INFO  EvoClassLoader - Seeing class for first time: com.fasterxml.jackson.databind.ser.std.NumberSerializers$LongSerializer
2024-11-12 13:43:14,941 INFO  EvoClassLoader - Instrumenting class 'com.fasterxml.jackson.databind.ser.std.NumberSerializers$LongSerializer'.
2024-11-12 13:43:14,941 INFO  MethodCallReplacementClassAdapter - Adding mock interface to class com/fasterxml/jackson/databind/ser/std/NumberSerializers$LongSerializer
2024-11-12 13:43:14,941 INFO  CreateClassResetClassAdapter - Creating brand-new static initializer in class com/fasterxml/jackson/databind/ser/std/NumberSerializers$LongSerializer
2024-11-12 13:43:14,941 INFO  EvoClassLoader - Keeping class: com.fasterxml.jackson.databind.ser.std.NumberSerializers$LongSerializer
2024-11-12 13:43:14,941 INFO  EvoClassLoader - Seeing class for first time: com.fasterxml.jackson.databind.ser.std.NumberSerializers$IntLikeSerializer
2024-11-12 13:43:14,941 INFO  EvoClassLoader - Instrumenting class 'com.fasterxml.jackson.databind.ser.std.NumberSerializers$IntLikeSerializer'.
2024-11-12 13:43:14,941 INFO  MethodCallReplacementClassAdapter - Adding mock interface to class com/fasterxml/jackson/databind/ser/std/NumberSerializers$IntLikeSerializer
2024-11-12 13:43:14,941 INFO  CreateClassResetClassAdapter - Found static initializer in class com/fasterxml/jackson/databind/ser/std/NumberSerializers$IntLikeSerializer
2024-11-12 13:43:14,941 INFO  EvoClassLoader - Keeping class: com.fasterxml.jackson.databind.ser.std.NumberSerializers$IntLikeSerializer
2024-11-12 13:43:14,941 INFO  EvoClassLoader - Seeing class for first time: com.fasterxml.jackson.databind.ser.std.NumberSerializers$ShortSerializer
2024-11-12 13:43:14,942 INFO  EvoClassLoader - Instrumenting class 'com.fasterxml.jackson.databind.ser.std.NumberSerializers$ShortSerializer'.
2024-11-12 13:43:14,942 INFO  MethodCallReplacementClassAdapter - Adding mock interface to class com/fasterxml/jackson/databind/ser/std/NumberSerializers$ShortSerializer
2024-11-12 13:43:14,942 INFO  CreateClassResetClassAdapter - Found static initializer in class com/fasterxml/jackson/databind/ser/std/NumberSerializers$ShortSerializer
2024-11-12 13:43:14,942 INFO  EvoClassLoader - Keeping class: com.fasterxml.jackson.databind.ser.std.NumberSerializers$ShortSerializer
2024-11-12 13:43:14,942 INFO  EvoClassLoader - Seeing class for first time: com.fasterxml.jackson.databind.ser.std.NumberSerializers$DoubleSerializer
2024-11-12 13:43:14,942 INFO  EvoClassLoader - Instrumenting class 'com.fasterxml.jackson.databind.ser.std.NumberSerializers$DoubleSerializer'.
2024-11-12 13:43:14,942 INFO  MethodCallReplacementClassAdapter - Adding mock interface to class com/fasterxml/jackson/databind/ser/std/NumberSerializers$DoubleSerializer
2024-11-12 13:43:14,942 INFO  CreateClassResetClassAdapter - Creating brand-new static initializer in class com/fasterxml/jackson/databind/ser/std/NumberSerializers$DoubleSerializer
2024-11-12 13:43:14,942 INFO  EvoClassLoader - Keeping class: com.fasterxml.jackson.databind.ser.std.NumberSerializers$DoubleSerializer
2024-11-12 13:43:14,942 INFO  EvoClassLoader - Seeing class for first time: com.fasterxml.jackson.databind.ser.std.NumberSerializers$FloatSerializer
2024-11-12 13:43:14,942 INFO  EvoClassLoader - Instrumenting class 'com.fasterxml.jackson.databind.ser.std.NumberSerializers$FloatSerializer'.
2024-11-12 13:43:14,943 INFO  MethodCallReplacementClassAdapter - Adding mock interface to class com/fasterxml/jackson/databind/ser/std/NumberSerializers$FloatSerializer
2024-11-12 13:43:14,943 INFO  CreateClassResetClassAdapter - Found static initializer in class com/fasterxml/jackson/databind/ser/std/NumberSerializers$FloatSerializer
2024-11-12 13:43:14,943 INFO  EvoClassLoader - Keeping class: com.fasterxml.jackson.databind.ser.std.NumberSerializers$FloatSerializer
2024-11-12 13:43:14,943 INFO  EvoClassLoader - Seeing class for first time: com.fasterxml.jackson.databind.ser.std.BooleanSerializer
2024-11-12 13:43:14,943 INFO  EvoClassLoader - Instrumenting class 'com.fasterxml.jackson.databind.ser.std.BooleanSerializer'.
2024-11-12 13:43:14,943 INFO  MethodCallReplacementClassAdapter - Adding mock interface to class com/fasterxml/jackson/databind/ser/std/BooleanSerializer
2024-11-12 13:43:14,943 INFO  CreateClassResetClassAdapter - Creating brand-new static initializer in class com/fasterxml/jackson/databind/ser/std/BooleanSerializer
2024-11-12 13:43:14,943 INFO  EvoClassLoader - Keeping class: com.fasterxml.jackson.databind.ser.std.BooleanSerializer
2024-11-12 13:43:14,943 INFO  EvoClassLoader - Seeing class for first time: com.fasterxml.jackson.databind.ser.std.BooleanSerializer$AsNumber
2024-11-12 13:43:14,943 INFO  EvoClassLoader - Instrumenting class 'com.fasterxml.jackson.databind.ser.std.BooleanSerializer$AsNumber'.
2024-11-12 13:43:14,944 INFO  MethodCallReplacementClassAdapter - Adding mock interface to class com/fasterxml/jackson/databind/ser/std/BooleanSerializer$AsNumber
2024-11-12 13:43:14,944 INFO  CreateClassResetClassAdapter - Creating brand-new static initializer in class com/fasterxml/jackson/databind/ser/std/BooleanSerializer$AsNumber
2024-11-12 13:43:14,944 INFO  EvoClassLoader - Keeping class: com.fasterxml.jackson.databind.ser.std.BooleanSerializer$AsNumber
2024-11-12 13:43:14,944 INFO  EvoClassLoader - Seeing class for first time: com.fasterxml.jackson.databind.ser.std.NumberSerializer$BigDecimalAsStringSerializer
2024-11-12 13:43:14,944 INFO  EvoClassLoader - Instrumenting class 'com.fasterxml.jackson.databind.ser.std.NumberSerializer$BigDecimalAsStringSerializer'.
2024-11-12 13:43:14,944 INFO  MethodCallReplacementClassAdapter - Adding mock interface to class com/fasterxml/jackson/databind/ser/std/NumberSerializer$BigDecimalAsStringSerializer
2024-11-12 13:43:14,945 INFO  CreateClassResetClassAdapter - Found static initializer in class com/fasterxml/jackson/databind/ser/std/NumberSerializer$BigDecimalAsStringSerializer
2024-11-12 13:43:14,945 INFO  EvoClassLoader - Keeping class: com.fasterxml.jackson.databind.ser.std.NumberSerializer$BigDecimalAsStringSerializer
2024-11-12 13:43:14,946 INFO  EvoClassLoader - Seeing class for first time: com.fasterxml.jackson.databind.ser.std.StdJdkSerializers
2024-11-12 13:43:14,946 INFO  EvoClassLoader - Instrumenting class 'com.fasterxml.jackson.databind.ser.std.StdJdkSerializers'.
2024-11-12 13:43:14,946 INFO  MethodCallReplacementClassAdapter - Adding mock interface to class com/fasterxml/jackson/databind/ser/std/StdJdkSerializers
2024-11-12 13:43:14,946 INFO  CreateClassResetClassAdapter - Creating brand-new static initializer in class com/fasterxml/jackson/databind/ser/std/StdJdkSerializers
2024-11-12 13:43:14,946 INFO  EvoClassLoader - Keeping class: com.fasterxml.jackson.databind.ser.std.StdJdkSerializers
2024-11-12 13:43:14,947 INFO  EvoClassLoader - Seeing class for first time: com.fasterxml.jackson.databind.ser.std.UUIDSerializer
2024-11-12 13:43:14,947 INFO  EvoClassLoader - Instrumenting class 'com.fasterxml.jackson.databind.ser.std.UUIDSerializer'.
2024-11-12 13:43:14,947 INFO  MethodCallReplacementClassAdapter - Adding mock interface to class com/fasterxml/jackson/databind/ser/std/UUIDSerializer
2024-11-12 13:43:14,947 INFO  CreateClassResetClassAdapter - Found static initializer in class com/fasterxml/jackson/databind/ser/std/UUIDSerializer
2024-11-12 13:43:14,948 INFO  EvoClassLoader - Keeping class: com.fasterxml.jackson.databind.ser.std.UUIDSerializer
2024-11-12 13:43:14,948 INFO  EvoClassLoader - Seeing class for first time: com.fasterxml.jackson.databind.ser.std.StdJdkSerializers$AtomicBooleanSerializer
2024-11-12 13:43:14,948 INFO  EvoClassLoader - Instrumenting class 'com.fasterxml.jackson.databind.ser.std.StdJdkSerializers$AtomicBooleanSerializer'.
2024-11-12 13:43:14,948 INFO  MethodCallReplacementClassAdapter - Adding mock interface to class com/fasterxml/jackson/databind/ser/std/StdJdkSerializers$AtomicBooleanSerializer
2024-11-12 13:43:14,948 INFO  CreateClassResetClassAdapter - Creating brand-new static initializer in class com/fasterxml/jackson/databind/ser/std/StdJdkSerializers$AtomicBooleanSerializer
2024-11-12 13:43:14,948 INFO  EvoClassLoader - Keeping class: com.fasterxml.jackson.databind.ser.std.StdJdkSerializers$AtomicBooleanSerializer
2024-11-12 13:43:14,948 INFO  EvoClassLoader - Seeing class for first time: com.fasterxml.jackson.databind.ser.std.StdJdkSerializers$AtomicIntegerSerializer
2024-11-12 13:43:14,948 INFO  EvoClassLoader - Instrumenting class 'com.fasterxml.jackson.databind.ser.std.StdJdkSerializers$AtomicIntegerSerializer'.
2024-11-12 13:43:14,948 INFO  MethodCallReplacementClassAdapter - Adding mock interface to class com/fasterxml/jackson/databind/ser/std/StdJdkSerializers$AtomicIntegerSerializer
2024-11-12 13:43:14,948 INFO  CreateClassResetClassAdapter - Creating brand-new static initializer in class com/fasterxml/jackson/databind/ser/std/StdJdkSerializers$AtomicIntegerSerializer
2024-11-12 13:43:14,948 INFO  EvoClassLoader - Keeping class: com.fasterxml.jackson.databind.ser.std.StdJdkSerializers$AtomicIntegerSerializer
2024-11-12 13:43:14,948 INFO  EvoClassLoader - Seeing class for first time: com.fasterxml.jackson.databind.ser.std.StdJdkSerializers$AtomicLongSerializer
2024-11-12 13:43:14,948 INFO  EvoClassLoader - Instrumenting class 'com.fasterxml.jackson.databind.ser.std.StdJdkSerializers$AtomicLongSerializer'.
2024-11-12 13:43:14,949 INFO  MethodCallReplacementClassAdapter - Adding mock interface to class com/fasterxml/jackson/databind/ser/std/StdJdkSerializers$AtomicLongSerializer
2024-11-12 13:43:14,949 INFO  CreateClassResetClassAdapter - Creating brand-new static initializer in class com/fasterxml/jackson/databind/ser/std/StdJdkSerializers$AtomicLongSerializer
2024-11-12 13:43:14,949 INFO  EvoClassLoader - Keeping class: com.fasterxml.jackson.databind.ser.std.StdJdkSerializers$AtomicLongSerializer
2024-11-12 13:43:14,949 INFO  EvoClassLoader - Seeing class for first time: com.fasterxml.jackson.databind.ser.std.FileSerializer
2024-11-12 13:43:14,949 INFO  EvoClassLoader - Instrumenting class 'com.fasterxml.jackson.databind.ser.std.FileSerializer'.
2024-11-12 13:43:14,949 INFO  MethodCallReplacementClassAdapter - Adding mock interface to class com/fasterxml/jackson/databind/ser/std/FileSerializer
2024-11-12 13:43:14,949 INFO  CreateClassResetClassAdapter - Creating brand-new static initializer in class com/fasterxml/jackson/databind/ser/std/FileSerializer
2024-11-12 13:43:14,949 INFO  EvoClassLoader - Keeping class: com.fasterxml.jackson.databind.ser.std.FileSerializer
2024-11-12 13:43:14,949 INFO  EvoClassLoader - Seeing class for first time: com.fasterxml.jackson.databind.ser.std.ClassSerializer
2024-11-12 13:43:14,949 INFO  EvoClassLoader - Instrumenting class 'com.fasterxml.jackson.databind.ser.std.ClassSerializer'.
2024-11-12 13:43:14,949 INFO  MethodCallReplacementClassAdapter - Adding mock interface to class com/fasterxml/jackson/databind/ser/std/ClassSerializer
2024-11-12 13:43:14,949 INFO  CreateClassResetClassAdapter - Creating brand-new static initializer in class com/fasterxml/jackson/databind/ser/std/ClassSerializer
2024-11-12 13:43:14,949 INFO  EvoClassLoader - Keeping class: com.fasterxml.jackson.databind.ser.std.ClassSerializer
2024-11-12 13:43:14,949 INFO  EvoClassLoader - Seeing class for first time: com.fasterxml.jackson.databind.ser.std.TokenBufferSerializer
2024-11-12 13:43:14,949 INFO  EvoClassLoader - Instrumenting class 'com.fasterxml.jackson.databind.ser.std.TokenBufferSerializer'.
2024-11-12 13:43:14,950 INFO  MethodCallReplacementClassAdapter - Adding mock interface to class com/fasterxml/jackson/databind/ser/std/TokenBufferSerializer
2024-11-12 13:43:14,950 INFO  CreateClassResetClassAdapter - Creating brand-new static initializer in class com/fasterxml/jackson/databind/ser/std/TokenBufferSerializer
2024-11-12 13:43:14,950 INFO  EvoClassLoader - Keeping class: com.fasterxml.jackson.databind.ser.std.TokenBufferSerializer
2024-11-12 13:43:14,950 INFO  EvoClassLoader - Seeing class for first time: com.fasterxml.jackson.databind.cfg.SerializerFactoryConfig
2024-11-12 13:43:14,950 INFO  EvoClassLoader - Instrumenting class 'com.fasterxml.jackson.databind.cfg.SerializerFactoryConfig'.
2024-11-12 13:43:14,950 INFO  MethodCallReplacementClassAdapter - Adding mock interface to class com/fasterxml/jackson/databind/cfg/SerializerFactoryConfig
2024-11-12 13:43:14,951 INFO  CreateClassResetClassAdapter - Found static initializer in class com/fasterxml/jackson/databind/cfg/SerializerFactoryConfig
2024-11-12 13:43:14,951 INFO  EvoClassLoader - Keeping class: com.fasterxml.jackson.databind.cfg.SerializerFactoryConfig
2024-11-12 13:43:14,951 INFO  EvoClassLoader - Seeing class for first time: com.fasterxml.jackson.databind.ser.Serializers
2024-11-12 13:43:14,951 INFO  EvoClassLoader - Instrumenting class 'com.fasterxml.jackson.databind.ser.Serializers'.
2024-11-12 13:43:14,951 INFO  EvoClassLoader - Keeping class: com.fasterxml.jackson.databind.ser.Serializers
2024-11-12 13:43:14,952 INFO  EvoClassLoader - Seeing class for first time: com.fasterxml.jackson.databind.ser.BeanSerializerModifier
2024-11-12 13:43:14,952 INFO  EvoClassLoader - Instrumenting class 'com.fasterxml.jackson.databind.ser.BeanSerializerModifier'.
2024-11-12 13:43:14,952 INFO  MethodCallReplacementClassAdapter - Adding mock interface to class com/fasterxml/jackson/databind/ser/BeanSerializerModifier
2024-11-12 13:43:14,952 INFO  CreateClassResetClassAdapter - Creating brand-new static initializer in class com/fasterxml/jackson/databind/ser/BeanSerializerModifier
2024-11-12 13:43:14,952 INFO  EvoClassLoader - Keeping class: com.fasterxml.jackson.databind.ser.BeanSerializerModifier
2024-11-12 13:43:14,953 INFO  EvoClassLoader - Seeing class for first time: com.fasterxml.jackson.databind.type.ClassStack
2024-11-12 13:43:14,953 INFO  EvoClassLoader - Instrumenting class 'com.fasterxml.jackson.databind.type.ClassStack'.
2024-11-12 13:43:14,953 INFO  MethodCallReplacementClassAdapter - Adding mock interface to class com/fasterxml/jackson/databind/type/ClassStack
2024-11-12 13:43:14,953 INFO  CreateClassResetClassAdapter - Creating brand-new static initializer in class com/fasterxml/jackson/databind/type/ClassStack
2024-11-12 13:43:14,953 INFO  EvoClassLoader - Keeping class: com.fasterxml.jackson.databind.type.ClassStack
2024-11-12 13:43:14,953 INFO  EvoClassLoader - Seeing class for first time: com.fasterxml.jackson.databind.ObjectReader
2024-11-12 13:43:14,953 INFO  EvoClassLoader - Instrumenting class 'com.fasterxml.jackson.databind.ObjectReader'.
2024-11-12 13:43:14,954 INFO  MethodCallReplacementClassAdapter - Adding mock interface to class com/fasterxml/jackson/databind/ObjectReader
2024-11-12 13:43:14,959 INFO  CreateClassResetClassAdapter - Creating brand-new static initializer in class com/fasterxml/jackson/databind/ObjectReader
2024-11-12 13:43:14,960 INFO  EvoClassLoader - Keeping class: com.fasterxml.jackson.databind.ObjectReader
2024-11-12 13:43:14,960 INFO  EvoClassLoader - Seeing class for first time: com.fasterxml.jackson.core.filter.TokenFilter
2024-11-12 13:43:14,960 INFO  EvoClassLoader - Instrumenting class 'com.fasterxml.jackson.core.filter.TokenFilter'.
2024-11-12 13:43:14,960 INFO  MethodCallReplacementClassAdapter - Adding mock interface to class com/fasterxml/jackson/core/filter/TokenFilter
2024-11-12 13:43:14,960 INFO  CreateClassResetClassAdapter - Found static initializer in class com/fasterxml/jackson/core/filter/TokenFilter
2024-11-12 13:43:14,960 INFO  EvoClassLoader - Defined package (3): package com.fasterxml.jackson.core.filter, 1718031455
2024-11-12 13:43:14,961 INFO  EvoClassLoader - Keeping class: com.fasterxml.jackson.core.filter.TokenFilter
2024-11-12 13:43:14,961 INFO  EvoClassLoader - Seeing class for first time: com.fasterxml.jackson.core.filter.JsonPointerBasedFilter
2024-11-12 13:43:14,961 INFO  EvoClassLoader - Instrumenting class 'com.fasterxml.jackson.core.filter.JsonPointerBasedFilter'.
2024-11-12 13:43:14,961 INFO  MethodCallReplacementClassAdapter - Adding mock interface to class com/fasterxml/jackson/core/filter/JsonPointerBasedFilter
2024-11-12 13:43:14,961 INFO  CreateClassResetClassAdapter - Creating brand-new static initializer in class com/fasterxml/jackson/core/filter/JsonPointerBasedFilter
2024-11-12 13:43:14,961 INFO  EvoClassLoader - Keeping class: com.fasterxml.jackson.core.filter.JsonPointerBasedFilter
2024-11-12 13:43:14,962 INFO  EvoClassLoader - Seeing class for first time: com.fasterxml.jackson.databind.node.ArrayNode
2024-11-12 13:43:14,962 INFO  EvoClassLoader - Instrumenting class 'com.fasterxml.jackson.databind.node.ArrayNode'.
2024-11-12 13:43:14,962 INFO  MethodCallReplacementClassAdapter - Adding mock interface to class com/fasterxml/jackson/databind/node/ArrayNode
2024-11-12 13:43:14,964 INFO  CreateClassResetClassAdapter - Creating brand-new static initializer in class com/fasterxml/jackson/databind/node/ArrayNode
2024-11-12 13:43:14,965 INFO  EvoClassLoader - Keeping class: com.fasterxml.jackson.databind.node.ArrayNode
2024-11-12 13:43:14,966 INFO  EvoClassLoader - Seeing class for first time: com.fasterxml.jackson.core.filter.FilteringParserDelegate
2024-11-12 13:43:14,966 INFO  EvoClassLoader - Instrumenting class 'com.fasterxml.jackson.core.filter.FilteringParserDelegate'.
2024-11-12 13:43:14,966 INFO  MethodCallReplacementClassAdapter - Adding mock interface to class com/fasterxml/jackson/core/filter/FilteringParserDelegate
2024-11-12 13:43:14,967 INFO  CreateClassResetClassAdapter - Creating brand-new static initializer in class com/fasterxml/jackson/core/filter/FilteringParserDelegate
2024-11-12 13:43:14,968 INFO  EvoClassLoader - Seeing class for first time: com.fasterxml.jackson.core.util.JsonParserDelegate
2024-11-12 13:43:14,968 INFO  EvoClassLoader - Instrumenting class 'com.fasterxml.jackson.core.util.JsonParserDelegate'.
2024-11-12 13:43:14,968 INFO  MethodCallReplacementClassAdapter - Adding mock interface to class com/fasterxml/jackson/core/util/JsonParserDelegate
2024-11-12 13:43:14,969 INFO  CreateClassResetClassAdapter - Creating brand-new static initializer in class com/fasterxml/jackson/core/util/JsonParserDelegate
2024-11-12 13:43:14,969 INFO  EvoClassLoader - Keeping class: com.fasterxml.jackson.core.util.JsonParserDelegate
2024-11-12 13:43:14,969 INFO  EvoClassLoader - Keeping class: com.fasterxml.jackson.core.filter.FilteringParserDelegate
2024-11-12 13:43:14,970 INFO  EvoClassLoader - Seeing class for first time: com.fasterxml.jackson.core.JsonParseException
2024-11-12 13:43:14,970 INFO  EvoClassLoader - Instrumenting class 'com.fasterxml.jackson.core.JsonParseException'.
2024-11-12 13:43:14,970 INFO  MethodCallReplacementClassAdapter - Adding mock interface to class com/fasterxml/jackson/core/JsonParseException
2024-11-12 13:43:14,970 INFO  CreateClassResetClassAdapter - Creating brand-new static initializer in class com/fasterxml/jackson/core/JsonParseException
2024-11-12 13:43:14,970 INFO  EvoClassLoader - Seeing class for first time: com.fasterxml.jackson.core.exc.StreamReadException
2024-11-12 13:43:14,970 INFO  EvoClassLoader - Instrumenting class 'com.fasterxml.jackson.core.exc.StreamReadException'.
2024-11-12 13:43:14,970 INFO  MethodCallReplacementClassAdapter - Adding mock interface to class com/fasterxml/jackson/core/exc/StreamReadException
2024-11-12 13:43:14,970 INFO  CreateClassResetClassAdapter - Creating brand-new static initializer in class com/fasterxml/jackson/core/exc/StreamReadException
2024-11-12 13:43:14,970 INFO  EvoClassLoader - Defined package (3): package com.fasterxml.jackson.core.exc, -396410231
2024-11-12 13:43:14,970 INFO  EvoClassLoader - Keeping class: com.fasterxml.jackson.core.exc.StreamReadException
2024-11-12 13:43:14,970 INFO  EvoClassLoader - Keeping class: com.fasterxml.jackson.core.JsonParseException
2024-11-12 13:43:14,971 INFO  EvoClassLoader - Seeing class for first time: com.fasterxml.jackson.databind.introspect.AnnotationCollector$OneCollector
2024-11-12 13:43:14,971 INFO  EvoClassLoader - Instrumenting class 'com.fasterxml.jackson.databind.introspect.AnnotationCollector$OneCollector'.
2024-11-12 13:43:14,971 INFO  MethodCallReplacementClassAdapter - Adding mock interface to class com/fasterxml/jackson/databind/introspect/AnnotationCollector$OneCollector
2024-11-12 13:43:14,971 INFO  CreateClassResetClassAdapter - Creating brand-new static initializer in class com/fasterxml/jackson/databind/introspect/AnnotationCollector$OneCollector
2024-11-12 13:43:14,972 INFO  EvoClassLoader - Keeping class: com.fasterxml.jackson.databind.introspect.AnnotationCollector$OneCollector
2024-11-12 13:43:14,972 INFO  EvoClassLoader - Seeing class for first time: org.apache.hadoop.classification.InterfaceAudience$Private
2024-11-12 13:43:14,972 INFO  EvoClassLoader - Instrumenting class 'org.apache.hadoop.classification.InterfaceAudience$Private'.
2024-11-12 13:43:14,972 INFO  EvoClassLoader - Keeping class: org.apache.hadoop.classification.InterfaceAudience$Private
2024-11-12 13:43:14,973 INFO  EvoClassLoader - Seeing class for first time: org.apache.hadoop.classification.InterfaceStability$Unstable
2024-11-12 13:43:14,973 INFO  EvoClassLoader - Instrumenting class 'org.apache.hadoop.classification.InterfaceStability$Unstable'.
2024-11-12 13:43:14,973 INFO  EvoClassLoader - Keeping class: org.apache.hadoop.classification.InterfaceStability$Unstable
2024-11-12 13:43:14,974 INFO  EvoClassLoader - Seeing class for first time: com.fasterxml.jackson.databind.introspect.AnnotationCollector$NCollector
2024-11-12 13:43:14,974 INFO  EvoClassLoader - Instrumenting class 'com.fasterxml.jackson.databind.introspect.AnnotationCollector$NCollector'.
2024-11-12 13:43:14,974 INFO  MethodCallReplacementClassAdapter - Adding mock interface to class com/fasterxml/jackson/databind/introspect/AnnotationCollector$NCollector
2024-11-12 13:43:14,974 INFO  CreateClassResetClassAdapter - Creating brand-new static initializer in class com/fasterxml/jackson/databind/introspect/AnnotationCollector$NCollector
2024-11-12 13:43:14,974 INFO  EvoClassLoader - Keeping class: com.fasterxml.jackson.databind.introspect.AnnotationCollector$NCollector
2024-11-12 13:43:14,975 INFO  EvoClassLoader - Seeing class for first time: com.fasterxml.jackson.annotation.JacksonAnnotationsInside
2024-11-12 13:43:14,975 INFO  EvoClassLoader - Instrumenting class 'com.fasterxml.jackson.annotation.JacksonAnnotationsInside'.
2024-11-12 13:43:14,975 INFO  EvoClassLoader - Keeping class: com.fasterxml.jackson.annotation.JacksonAnnotationsInside
2024-11-12 13:43:14,975 INFO  EvoClassLoader - Seeing class for first time: com.fasterxml.jackson.databind.introspect.AnnotationCollector$TwoAnnotations
2024-11-12 13:43:14,975 INFO  EvoClassLoader - Instrumenting class 'com.fasterxml.jackson.databind.introspect.AnnotationCollector$TwoAnnotations'.
2024-11-12 13:43:14,975 INFO  MethodCallReplacementClassAdapter - Adding mock interface to class com/fasterxml/jackson/databind/introspect/AnnotationCollector$TwoAnnotations
2024-11-12 13:43:14,975 INFO  CreateClassResetClassAdapter - Creating brand-new static initializer in class com/fasterxml/jackson/databind/introspect/AnnotationCollector$TwoAnnotations
2024-11-12 13:43:14,976 INFO  EvoClassLoader - Keeping class: com.fasterxml.jackson.databind.introspect.AnnotationCollector$TwoAnnotations
2024-11-12 13:43:14,976 INFO  EvoClassLoader - Seeing class for first time: com.fasterxml.jackson.databind.introspect.POJOPropertiesCollector
2024-11-12 13:43:14,976 INFO  EvoClassLoader - Instrumenting class 'com.fasterxml.jackson.databind.introspect.POJOPropertiesCollector'.
2024-11-12 13:43:14,976 INFO  MethodCallReplacementClassAdapter - Adding mock interface to class com/fasterxml/jackson/databind/introspect/POJOPropertiesCollector
2024-11-12 13:43:14,978 INFO  CreateClassResetClassAdapter - Creating brand-new static initializer in class com/fasterxml/jackson/databind/introspect/POJOPropertiesCollector
2024-11-12 13:43:14,979 INFO  EvoClassLoader - Keeping class: com.fasterxml.jackson.databind.introspect.POJOPropertiesCollector
2024-11-12 13:43:14,980 INFO  EvoClassLoader - Seeing class for first time: com.fasterxml.jackson.annotation.JsonAutoDetect
2024-11-12 13:43:14,980 INFO  EvoClassLoader - Instrumenting class 'com.fasterxml.jackson.annotation.JsonAutoDetect'.
2024-11-12 13:43:14,980 INFO  EvoClassLoader - Keeping class: com.fasterxml.jackson.annotation.JsonAutoDetect
2024-11-12 13:43:14,980 INFO  EvoClassLoader - Seeing class for first time: com.fasterxml.jackson.annotation.JsonIdentityInfo
2024-11-12 13:43:14,980 INFO  EvoClassLoader - Instrumenting class 'com.fasterxml.jackson.annotation.JsonIdentityInfo'.
2024-11-12 13:43:14,980 INFO  EvoClassLoader - Keeping class: com.fasterxml.jackson.annotation.JsonIdentityInfo
2024-11-12 13:43:14,980 INFO  EvoClassLoader - Seeing class for first time: com.fasterxml.jackson.databind.util.ArrayIterator
2024-11-12 13:43:14,980 INFO  EvoClassLoader - Instrumenting class 'com.fasterxml.jackson.databind.util.ArrayIterator'.
2024-11-12 13:43:14,981 INFO  MethodCallReplacementClassAdapter - Adding mock interface to class com/fasterxml/jackson/databind/util/ArrayIterator
2024-11-12 13:43:14,981 INFO  CreateClassResetClassAdapter - Creating brand-new static initializer in class com/fasterxml/jackson/databind/util/ArrayIterator
2024-11-12 13:43:14,981 INFO  EvoClassLoader - Keeping class: com.fasterxml.jackson.databind.util.ArrayIterator
2024-11-12 13:43:14,981 INFO  EvoClassLoader - Seeing class for first time: com.fasterxml.jackson.databind.ext.OptionalHandlerFactory
2024-11-12 13:43:14,981 INFO  EvoClassLoader - Instrumenting class 'com.fasterxml.jackson.databind.ext.OptionalHandlerFactory'.
2024-11-12 13:43:14,981 INFO  MethodCallReplacementClassAdapter - Adding mock interface to class com/fasterxml/jackson/databind/ext/OptionalHandlerFactory
2024-11-12 13:43:14,982 INFO  CreateClassResetClassAdapter - Found static initializer in class com/fasterxml/jackson/databind/ext/OptionalHandlerFactory
2024-11-12 13:43:14,983 INFO  EvoClassLoader - Keeping class: com.fasterxml.jackson.databind.ext.OptionalHandlerFactory
2024-11-12 13:43:14,983 INFO  EvoClassLoader - Seeing class for first time: com.fasterxml.jackson.databind.ext.Java7Handlers
2024-11-12 13:43:14,983 INFO  EvoClassLoader - Instrumenting class 'com.fasterxml.jackson.databind.ext.Java7Handlers'.
2024-11-12 13:43:14,983 INFO  MethodCallReplacementClassAdapter - Adding mock interface to class com/fasterxml/jackson/databind/ext/Java7Handlers
2024-11-12 13:43:14,984 INFO  CreateClassResetClassAdapter - Found static initializer in class com/fasterxml/jackson/databind/ext/Java7Handlers
2024-11-12 13:43:14,984 INFO  EvoClassLoader - Keeping class: com.fasterxml.jackson.databind.ext.Java7Handlers
2024-11-12 13:43:14,984 INFO  EvoClassLoader - Seeing class for first time: com.fasterxml.jackson.databind.ext.Java7HandlersImpl
2024-11-12 13:43:14,984 INFO  EvoClassLoader - Instrumenting class 'com.fasterxml.jackson.databind.ext.Java7HandlersImpl'.
2024-11-12 13:43:14,984 INFO  MethodCallReplacementClassAdapter - Adding mock interface to class com/fasterxml/jackson/databind/ext/Java7HandlersImpl
2024-11-12 13:43:14,984 INFO  CreateClassResetClassAdapter - Creating brand-new static initializer in class com/fasterxml/jackson/databind/ext/Java7HandlersImpl
2024-11-12 13:43:14,985 INFO  EvoClassLoader - Keeping class: com.fasterxml.jackson.databind.ext.Java7HandlersImpl
2024-11-12 13:43:14,985 INFO  EvoClassLoader - Seeing class for first time: com.fasterxml.jackson.databind.ext.NioPathDeserializer
2024-11-12 13:43:14,985 INFO  EvoClassLoader - Instrumenting class 'com.fasterxml.jackson.databind.ext.NioPathDeserializer'.
2024-11-12 13:43:14,985 INFO  MethodCallReplacementClassAdapter - Adding mock interface to class com/fasterxml/jackson/databind/ext/NioPathDeserializer
2024-11-12 13:43:14,985 INFO  CreateClassResetClassAdapter - Found static initializer in class com/fasterxml/jackson/databind/ext/NioPathDeserializer
2024-11-12 13:43:14,985 INFO  EvoClassLoader - Keeping class: com.fasterxml.jackson.databind.ext.NioPathDeserializer
2024-11-12 13:43:14,985 INFO  EvoClassLoader - Seeing class for first time: com.fasterxml.jackson.databind.ext.NioPathSerializer
2024-11-12 13:43:14,985 INFO  EvoClassLoader - Instrumenting class 'com.fasterxml.jackson.databind.ext.NioPathSerializer'.
2024-11-12 13:43:14,985 INFO  MethodCallReplacementClassAdapter - Adding mock interface to class com/fasterxml/jackson/databind/ext/NioPathSerializer
2024-11-12 13:43:14,986 INFO  CreateClassResetClassAdapter - Creating brand-new static initializer in class com/fasterxml/jackson/databind/ext/NioPathSerializer
2024-11-12 13:43:14,986 INFO  EvoClassLoader - Keeping class: com.fasterxml.jackson.databind.ext.NioPathSerializer
2024-11-12 13:43:14,986 INFO  EvoClassLoader - Seeing class for first time: com.fasterxml.jackson.databind.deser.std.JdkDeserializers
2024-11-12 13:43:14,986 INFO  EvoClassLoader - Instrumenting class 'com.fasterxml.jackson.databind.deser.std.JdkDeserializers'.
2024-11-12 13:43:14,986 INFO  MethodCallReplacementClassAdapter - Adding mock interface to class com/fasterxml/jackson/databind/deser/std/JdkDeserializers
2024-11-12 13:43:14,986 INFO  CreateClassResetClassAdapter - Found static initializer in class com/fasterxml/jackson/databind/deser/std/JdkDeserializers
2024-11-12 13:43:14,986 INFO  EvoClassLoader - Keeping class: com.fasterxml.jackson.databind.deser.std.JdkDeserializers
2024-11-12 13:43:14,986 INFO  EvoClassLoader - Seeing class for first time: com.fasterxml.jackson.databind.deser.std.FromStringDeserializer
2024-11-12 13:43:14,986 INFO  EvoClassLoader - Instrumenting class 'com.fasterxml.jackson.databind.deser.std.FromStringDeserializer'.
2024-11-12 13:43:14,987 INFO  MethodCallReplacementClassAdapter - Adding mock interface to class com/fasterxml/jackson/databind/deser/std/FromStringDeserializer
2024-11-12 13:43:14,987 INFO  CreateClassResetClassAdapter - Creating brand-new static initializer in class com/fasterxml/jackson/databind/deser/std/FromStringDeserializer
2024-11-12 13:43:14,987 INFO  EvoClassLoader - Keeping class: com.fasterxml.jackson.databind.deser.std.FromStringDeserializer
2024-11-12 13:43:14,987 INFO  EvoClassLoader - Seeing class for first time: com.fasterxml.jackson.databind.deser.std.UUIDDeserializer
2024-11-12 13:43:14,987 INFO  EvoClassLoader - Instrumenting class 'com.fasterxml.jackson.databind.deser.std.UUIDDeserializer'.
2024-11-12 13:43:14,987 INFO  MethodCallReplacementClassAdapter - Adding mock interface to class com/fasterxml/jackson/databind/deser/std/UUIDDeserializer
2024-11-12 13:43:14,988 INFO  CreateClassResetClassAdapter - Found static initializer in class com/fasterxml/jackson/databind/deser/std/UUIDDeserializer
2024-11-12 13:43:14,988 INFO  EvoClassLoader - Keeping class: com.fasterxml.jackson.databind.deser.std.UUIDDeserializer
2024-11-12 13:43:14,988 INFO  EvoClassLoader - Seeing class for first time: com.fasterxml.jackson.databind.deser.std.StackTraceElementDeserializer
2024-11-12 13:43:14,988 INFO  EvoClassLoader - Instrumenting class 'com.fasterxml.jackson.databind.deser.std.StackTraceElementDeserializer'.
2024-11-12 13:43:14,988 INFO  MethodCallReplacementClassAdapter - Adding mock interface to class com/fasterxml/jackson/databind/deser/std/StackTraceElementDeserializer
2024-11-12 13:43:14,989 INFO  CreateClassResetClassAdapter - Creating brand-new static initializer in class com/fasterxml/jackson/databind/deser/std/StackTraceElementDeserializer
2024-11-12 13:43:14,990 INFO  EvoClassLoader - Keeping class: com.fasterxml.jackson.databind.deser.std.StackTraceElementDeserializer
2024-11-12 13:43:14,990 INFO  EvoClassLoader - Seeing class for first time: com.fasterxml.jackson.databind.deser.std.AtomicBooleanDeserializer
2024-11-12 13:43:14,990 INFO  EvoClassLoader - Instrumenting class 'com.fasterxml.jackson.databind.deser.std.AtomicBooleanDeserializer'.
2024-11-12 13:43:14,990 INFO  MethodCallReplacementClassAdapter - Adding mock interface to class com/fasterxml/jackson/databind/deser/std/AtomicBooleanDeserializer
2024-11-12 13:43:14,990 INFO  CreateClassResetClassAdapter - Creating brand-new static initializer in class com/fasterxml/jackson/databind/deser/std/AtomicBooleanDeserializer
2024-11-12 13:43:14,991 INFO  EvoClassLoader - Keeping class: com.fasterxml.jackson.databind.deser.std.AtomicBooleanDeserializer
2024-11-12 13:43:14,991 INFO  EvoClassLoader - Seeing class for first time: com.fasterxml.jackson.databind.deser.std.AtomicIntegerDeserializer
2024-11-12 13:43:14,991 INFO  EvoClassLoader - Instrumenting class 'com.fasterxml.jackson.databind.deser.std.AtomicIntegerDeserializer'.
2024-11-12 13:43:14,991 INFO  MethodCallReplacementClassAdapter - Adding mock interface to class com/fasterxml/jackson/databind/deser/std/AtomicIntegerDeserializer
2024-11-12 13:43:14,991 INFO  CreateClassResetClassAdapter - Creating brand-new static initializer in class com/fasterxml/jackson/databind/deser/std/AtomicIntegerDeserializer
2024-11-12 13:43:14,992 INFO  EvoClassLoader - Keeping class: com.fasterxml.jackson.databind.deser.std.AtomicIntegerDeserializer
2024-11-12 13:43:14,992 INFO  EvoClassLoader - Seeing class for first time: com.fasterxml.jackson.databind.deser.std.AtomicLongDeserializer
2024-11-12 13:43:14,992 INFO  EvoClassLoader - Instrumenting class 'com.fasterxml.jackson.databind.deser.std.AtomicLongDeserializer'.
2024-11-12 13:43:14,992 INFO  MethodCallReplacementClassAdapter - Adding mock interface to class com/fasterxml/jackson/databind/deser/std/AtomicLongDeserializer
2024-11-12 13:43:14,992 INFO  CreateClassResetClassAdapter - Creating brand-new static initializer in class com/fasterxml/jackson/databind/deser/std/AtomicLongDeserializer
2024-11-12 13:43:14,992 INFO  EvoClassLoader - Keeping class: com.fasterxml.jackson.databind.deser.std.AtomicLongDeserializer
2024-11-12 13:43:14,993 INFO  EvoClassLoader - Seeing class for first time: com.fasterxml.jackson.databind.deser.std.ByteBufferDeserializer
2024-11-12 13:43:14,993 INFO  EvoClassLoader - Instrumenting class 'com.fasterxml.jackson.databind.deser.std.ByteBufferDeserializer'.
2024-11-12 13:43:14,993 INFO  MethodCallReplacementClassAdapter - Adding mock interface to class com/fasterxml/jackson/databind/deser/std/ByteBufferDeserializer
2024-11-12 13:43:14,993 INFO  CreateClassResetClassAdapter - Creating brand-new static initializer in class com/fasterxml/jackson/databind/deser/std/ByteBufferDeserializer
2024-11-12 13:43:14,993 INFO  EvoClassLoader - Keeping class: com.fasterxml.jackson.databind.deser.std.ByteBufferDeserializer
2024-11-12 13:43:14,993 INFO  EvoClassLoader - Seeing class for first time: com.fasterxml.jackson.databind.deser.std.NullifyingDeserializer
2024-11-12 13:43:14,993 INFO  EvoClassLoader - Instrumenting class 'com.fasterxml.jackson.databind.deser.std.NullifyingDeserializer'.
2024-11-12 13:43:14,994 INFO  MethodCallReplacementClassAdapter - Adding mock interface to class com/fasterxml/jackson/databind/deser/std/NullifyingDeserializer
2024-11-12 13:43:14,994 INFO  CreateClassResetClassAdapter - Found static initializer in class com/fasterxml/jackson/databind/deser/std/NullifyingDeserializer
2024-11-12 13:43:14,994 INFO  EvoClassLoader - Keeping class: com.fasterxml.jackson.databind.deser.std.NullifyingDeserializer
2024-11-12 13:43:14,994 INFO  EvoClassLoader - Seeing class for first time: com.fasterxml.jackson.core.exc.InputCoercionException
2024-11-12 13:43:14,994 INFO  EvoClassLoader - Instrumenting class 'com.fasterxml.jackson.core.exc.InputCoercionException'.
2024-11-12 13:43:14,995 INFO  MethodCallReplacementClassAdapter - Adding mock interface to class com/fasterxml/jackson/core/exc/InputCoercionException
2024-11-12 13:43:14,995 INFO  CreateClassResetClassAdapter - Creating brand-new static initializer in class com/fasterxml/jackson/core/exc/InputCoercionException
2024-11-12 13:43:14,996 INFO  EvoClassLoader - Keeping class: com.fasterxml.jackson.core.exc.InputCoercionException
2024-11-12 13:43:14,997 INFO  EvoClassLoader - Seeing class for first time: com.fasterxml.jackson.databind.deser.std.FromStringDeserializer$StringBuilderDeserializer
2024-11-12 13:43:14,997 INFO  EvoClassLoader - Instrumenting class 'com.fasterxml.jackson.databind.deser.std.FromStringDeserializer$StringBuilderDeserializer'.
2024-11-12 13:43:14,998 INFO  MethodCallReplacementClassAdapter - Adding mock interface to class com/fasterxml/jackson/databind/deser/std/FromStringDeserializer$StringBuilderDeserializer
2024-11-12 13:43:14,998 INFO  CreateClassResetClassAdapter - Creating brand-new static initializer in class com/fasterxml/jackson/databind/deser/std/FromStringDeserializer$StringBuilderDeserializer
2024-11-12 13:43:14,998 INFO  EvoClassLoader - Keeping class: com.fasterxml.jackson.databind.deser.std.FromStringDeserializer$StringBuilderDeserializer
2024-11-12 13:43:14,998 INFO  EvoClassLoader - Seeing class for first time: com.fasterxml.jackson.databind.deser.std.FromStringDeserializer$Std
2024-11-12 13:43:14,998 INFO  EvoClassLoader - Instrumenting class 'com.fasterxml.jackson.databind.deser.std.FromStringDeserializer$Std'.
2024-11-12 13:43:14,998 INFO  MethodCallReplacementClassAdapter - Adding mock interface to class com/fasterxml/jackson/databind/deser/std/FromStringDeserializer$Std
2024-11-12 13:43:15,000 INFO  CreateClassResetClassAdapter - Creating brand-new static initializer in class com/fasterxml/jackson/databind/deser/std/FromStringDeserializer$Std
2024-11-12 13:43:15,000 INFO  CreateClassResetClassAdapter - Adding bytecode for initializing field STD_FILE
2024-11-12 13:43:15,000 INFO  CreateClassResetClassAdapter - Adding bytecode for initializing field STD_URL
2024-11-12 13:43:15,000 INFO  CreateClassResetClassAdapter - Adding bytecode for initializing field STD_URI
2024-11-12 13:43:15,000 INFO  CreateClassResetClassAdapter - Adding bytecode for initializing field STD_CLASS
2024-11-12 13:43:15,000 INFO  CreateClassResetClassAdapter - Adding bytecode for initializing field STD_JAVA_TYPE
2024-11-12 13:43:15,000 INFO  CreateClassResetClassAdapter - Adding bytecode for initializing field STD_CURRENCY
2024-11-12 13:43:15,000 INFO  CreateClassResetClassAdapter - Adding bytecode for initializing field STD_PATTERN
2024-11-12 13:43:15,000 INFO  CreateClassResetClassAdapter - Adding bytecode for initializing field STD_LOCALE
2024-11-12 13:43:15,000 INFO  CreateClassResetClassAdapter - Adding bytecode for initializing field STD_CHARSET
2024-11-12 13:43:15,000 INFO  CreateClassResetClassAdapter - Adding bytecode for initializing field STD_TIME_ZONE
2024-11-12 13:43:15,000 INFO  CreateClassResetClassAdapter - Adding bytecode for initializing field STD_INET_ADDRESS
2024-11-12 13:43:15,000 INFO  CreateClassResetClassAdapter - Adding bytecode for initializing field STD_INET_SOCKET_ADDRESS
2024-11-12 13:43:15,001 INFO  EvoClassLoader - Keeping class: com.fasterxml.jackson.databind.deser.std.FromStringDeserializer$Std
2024-11-12 13:43:15,001 INFO  EvoClassLoader - Seeing class for first time: com.fasterxml.jackson.databind.jsontype.impl.SubTypeValidator
2024-11-12 13:43:15,001 INFO  EvoClassLoader - Instrumenting class 'com.fasterxml.jackson.databind.jsontype.impl.SubTypeValidator'.
2024-11-12 13:43:15,002 INFO  MethodCallReplacementClassAdapter - Adding mock interface to class com/fasterxml/jackson/databind/jsontype/impl/SubTypeValidator
2024-11-12 13:43:15,002 INFO  CreateClassResetClassAdapter - Found static initializer in class com/fasterxml/jackson/databind/jsontype/impl/SubTypeValidator
2024-11-12 13:43:15,004 INFO  EvoClassLoader - Keeping class: com.fasterxml.jackson.databind.jsontype.impl.SubTypeValidator
2024-11-12 13:43:15,004 INFO  EvoClassLoader - Seeing class for first time: com.fasterxml.jackson.databind.util.BeanUtil
2024-11-12 13:43:15,004 INFO  EvoClassLoader - Instrumenting class 'com.fasterxml.jackson.databind.util.BeanUtil'.
2024-11-12 13:43:15,005 INFO  MethodCallReplacementClassAdapter - Adding mock interface to class com/fasterxml/jackson/databind/util/BeanUtil
2024-11-12 13:43:15,006 INFO  CreateClassResetClassAdapter - Creating brand-new static initializer in class com/fasterxml/jackson/databind/util/BeanUtil
2024-11-12 13:43:15,007 INFO  EvoClassLoader - Keeping class: com.fasterxml.jackson.databind.util.BeanUtil
2024-11-12 13:43:15,007 INFO  EvoClassLoader - Seeing class for first time: com.fasterxml.jackson.databind.annotation.JsonValueInstantiator
2024-11-12 13:43:15,007 INFO  EvoClassLoader - Instrumenting class 'com.fasterxml.jackson.databind.annotation.JsonValueInstantiator'.
2024-11-12 13:43:15,008 INFO  EvoClassLoader - Keeping class: com.fasterxml.jackson.databind.annotation.JsonValueInstantiator
2024-11-12 13:43:15,008 INFO  EvoClassLoader - Seeing class for first time: com.fasterxml.jackson.databind.deser.impl.JDKValueInstantiators
2024-11-12 13:43:15,008 INFO  EvoClassLoader - Instrumenting class 'com.fasterxml.jackson.databind.deser.impl.JDKValueInstantiators'.
2024-11-12 13:43:15,008 INFO  MethodCallReplacementClassAdapter - Adding mock interface to class com/fasterxml/jackson/databind/deser/impl/JDKValueInstantiators
2024-11-12 13:43:15,008 INFO  CreateClassResetClassAdapter - Creating brand-new static initializer in class com/fasterxml/jackson/databind/deser/impl/JDKValueInstantiators
2024-11-12 13:43:15,008 INFO  EvoClassLoader - Keeping class: com.fasterxml.jackson.databind.deser.impl.JDKValueInstantiators
2024-11-12 13:43:15,008 INFO  EvoClassLoader - Seeing class for first time: com.fasterxml.jackson.databind.deser.ValueInstantiator
2024-11-12 13:43:15,008 INFO  EvoClassLoader - Instrumenting class 'com.fasterxml.jackson.databind.deser.ValueInstantiator'.
2024-11-12 13:43:15,009 INFO  MethodCallReplacementClassAdapter - Adding mock interface to class com/fasterxml/jackson/databind/deser/ValueInstantiator
2024-11-12 13:43:15,009 INFO  CreateClassResetClassAdapter - Creating brand-new static initializer in class com/fasterxml/jackson/databind/deser/ValueInstantiator
2024-11-12 13:43:15,009 INFO  EvoClassLoader - Keeping class: com.fasterxml.jackson.databind.deser.ValueInstantiator
2024-11-12 13:43:15,009 INFO  EvoClassLoader - Seeing class for first time: com.fasterxml.jackson.databind.deser.std.JsonLocationInstantiator
2024-11-12 13:43:15,009 INFO  EvoClassLoader - Instrumenting class 'com.fasterxml.jackson.databind.deser.std.JsonLocationInstantiator'.
2024-11-12 13:43:15,010 INFO  MethodCallReplacementClassAdapter - Adding mock interface to class com/fasterxml/jackson/databind/deser/std/JsonLocationInstantiator
2024-11-12 13:43:15,010 INFO  CreateClassResetClassAdapter - Creating brand-new static initializer in class com/fasterxml/jackson/databind/deser/std/JsonLocationInstantiator
2024-11-12 13:43:15,010 INFO  EvoClassLoader - Seeing class for first time: com.fasterxml.jackson.databind.deser.ValueInstantiator$Base
2024-11-12 13:43:15,010 INFO  EvoClassLoader - Instrumenting class 'com.fasterxml.jackson.databind.deser.ValueInstantiator$Base'.
2024-11-12 13:43:15,010 INFO  MethodCallReplacementClassAdapter - Adding mock interface to class com/fasterxml/jackson/databind/deser/ValueInstantiator$Base
2024-11-12 13:43:15,010 INFO  CreateClassResetClassAdapter - Creating brand-new static initializer in class com/fasterxml/jackson/databind/deser/ValueInstantiator$Base
2024-11-12 13:43:15,010 INFO  EvoClassLoader - Keeping class: com.fasterxml.jackson.databind.deser.ValueInstantiator$Base
2024-11-12 13:43:15,010 INFO  EvoClassLoader - Keeping class: com.fasterxml.jackson.databind.deser.std.JsonLocationInstantiator
2024-11-12 13:43:15,010 INFO  EvoClassLoader - Seeing class for first time: com.fasterxml.jackson.databind.deser.impl.JDKValueInstantiators$ArrayListInstantiator
2024-11-12 13:43:15,010 INFO  EvoClassLoader - Instrumenting class 'com.fasterxml.jackson.databind.deser.impl.JDKValueInstantiators$ArrayListInstantiator'.
2024-11-12 13:43:15,011 INFO  MethodCallReplacementClassAdapter - Adding mock interface to class com/fasterxml/jackson/databind/deser/impl/JDKValueInstantiators$ArrayListInstantiator
2024-11-12 13:43:15,011 INFO  CreateClassResetClassAdapter - Found static initializer in class com/fasterxml/jackson/databind/deser/impl/JDKValueInstantiators$ArrayListInstantiator
2024-11-12 13:43:15,011 INFO  EvoClassLoader - Keeping class: com.fasterxml.jackson.databind.deser.impl.JDKValueInstantiators$ArrayListInstantiator
2024-11-12 13:43:15,011 INFO  EvoClassLoader - Seeing class for first time: com.fasterxml.jackson.databind.deser.impl.JDKValueInstantiators$ConstantValueInstantiator
2024-11-12 13:43:15,011 INFO  EvoClassLoader - Instrumenting class 'com.fasterxml.jackson.databind.deser.impl.JDKValueInstantiators$ConstantValueInstantiator'.
2024-11-12 13:43:15,011 INFO  MethodCallReplacementClassAdapter - Adding mock interface to class com/fasterxml/jackson/databind/deser/impl/JDKValueInstantiators$ConstantValueInstantiator
2024-11-12 13:43:15,011 INFO  CreateClassResetClassAdapter - Creating brand-new static initializer in class com/fasterxml/jackson/databind/deser/impl/JDKValueInstantiators$ConstantValueInstantiator
2024-11-12 13:43:15,011 INFO  EvoClassLoader - Keeping class: com.fasterxml.jackson.databind.deser.impl.JDKValueInstantiators$ConstantValueInstantiator
2024-11-12 13:43:15,011 INFO  EvoClassLoader - Seeing class for first time: com.fasterxml.jackson.databind.deser.impl.JDKValueInstantiators$LinkedHashMapInstantiator
2024-11-12 13:43:15,011 INFO  EvoClassLoader - Instrumenting class 'com.fasterxml.jackson.databind.deser.impl.JDKValueInstantiators$LinkedHashMapInstantiator'.
2024-11-12 13:43:15,011 INFO  MethodCallReplacementClassAdapter - Adding mock interface to class com/fasterxml/jackson/databind/deser/impl/JDKValueInstantiators$LinkedHashMapInstantiator
2024-11-12 13:43:15,011 INFO  CreateClassResetClassAdapter - Found static initializer in class com/fasterxml/jackson/databind/deser/impl/JDKValueInstantiators$LinkedHashMapInstantiator
2024-11-12 13:43:15,011 INFO  EvoClassLoader - Keeping class: com.fasterxml.jackson.databind.deser.impl.JDKValueInstantiators$LinkedHashMapInstantiator
2024-11-12 13:43:15,011 INFO  EvoClassLoader - Seeing class for first time: com.fasterxml.jackson.databind.deser.impl.JDKValueInstantiators$HashMapInstantiator
2024-11-12 13:43:15,011 INFO  EvoClassLoader - Instrumenting class 'com.fasterxml.jackson.databind.deser.impl.JDKValueInstantiators$HashMapInstantiator'.
2024-11-12 13:43:15,012 INFO  MethodCallReplacementClassAdapter - Adding mock interface to class com/fasterxml/jackson/databind/deser/impl/JDKValueInstantiators$HashMapInstantiator
2024-11-12 13:43:15,012 INFO  CreateClassResetClassAdapter - Found static initializer in class com/fasterxml/jackson/databind/deser/impl/JDKValueInstantiators$HashMapInstantiator
2024-11-12 13:43:15,012 INFO  EvoClassLoader - Keeping class: com.fasterxml.jackson.databind.deser.impl.JDKValueInstantiators$HashMapInstantiator
2024-11-12 13:43:15,012 INFO  EvoClassLoader - Seeing class for first time: com.fasterxml.jackson.core.JsonLocation
2024-11-12 13:43:15,012 INFO  EvoClassLoader - Instrumenting class 'com.fasterxml.jackson.core.JsonLocation'.
2024-11-12 13:43:15,012 INFO  MethodCallReplacementClassAdapter - Adding mock interface to class com/fasterxml/jackson/core/JsonLocation
2024-11-12 13:43:15,012 INFO  CreateClassResetClassAdapter - Found static initializer in class com/fasterxml/jackson/core/JsonLocation
2024-11-12 13:43:15,012 INFO  EvoClassLoader - Keeping class: com.fasterxml.jackson.core.JsonLocation
2024-11-12 13:43:15,012 INFO  EvoClassLoader - Seeing class for first time: com.fasterxml.jackson.databind.cfg.ConstructorDetector
2024-11-12 13:43:15,012 INFO  EvoClassLoader - Instrumenting class 'com.fasterxml.jackson.databind.cfg.ConstructorDetector'.
2024-11-12 13:43:15,013 INFO  MethodCallReplacementClassAdapter - Adding mock interface to class com/fasterxml/jackson/databind/cfg/ConstructorDetector
2024-11-12 13:43:15,013 INFO  CreateClassResetClassAdapter - Found static initializer in class com/fasterxml/jackson/databind/cfg/ConstructorDetector
2024-11-12 13:43:15,013 INFO  EvoClassLoader - Keeping class: com.fasterxml.jackson.databind.cfg.ConstructorDetector
2024-11-12 13:43:15,013 INFO  EvoClassLoader - Seeing class for first time: com.fasterxml.jackson.databind.cfg.ConstructorDetector$SingleArgConstructor
2024-11-12 13:43:15,013 INFO  EvoClassLoader - Instrumenting class 'com.fasterxml.jackson.databind.cfg.ConstructorDetector$SingleArgConstructor'.
2024-11-12 13:43:15,013 INFO  MethodCallReplacementClassAdapter - Adding mock interface to class com/fasterxml/jackson/databind/cfg/ConstructorDetector$SingleArgConstructor
2024-11-12 13:43:15,013 INFO  CreateClassResetClassAdapter - Found static initializer in class com/fasterxml/jackson/databind/cfg/ConstructorDetector$SingleArgConstructor
2024-11-12 13:43:15,013 INFO  EvoClassLoader - Keeping class: com.fasterxml.jackson.databind.cfg.ConstructorDetector$SingleArgConstructor
2024-11-12 13:43:15,013 INFO  EvoClassLoader - Seeing class for first time: com.fasterxml.jackson.databind.deser.impl.CreatorCollector
2024-11-12 13:43:15,013 INFO  EvoClassLoader - Instrumenting class 'com.fasterxml.jackson.databind.deser.impl.CreatorCollector'.
2024-11-12 13:43:15,014 INFO  MethodCallReplacementClassAdapter - Adding mock interface to class com/fasterxml/jackson/databind/deser/impl/CreatorCollector
2024-11-12 13:43:15,015 INFO  CreateClassResetClassAdapter - Found static initializer in class com/fasterxml/jackson/databind/deser/impl/CreatorCollector
2024-11-12 13:43:15,016 INFO  EvoClassLoader - Keeping class: com.fasterxml.jackson.databind.deser.impl.CreatorCollector
2024-11-12 13:43:15,016 INFO  EvoClassLoader - Seeing class for first time: com.fasterxml.jackson.databind.deser.std.StdValueInstantiator
2024-11-12 13:43:15,016 INFO  EvoClassLoader - Instrumenting class 'com.fasterxml.jackson.databind.deser.std.StdValueInstantiator'.
2024-11-12 13:43:15,016 INFO  MethodCallReplacementClassAdapter - Adding mock interface to class com/fasterxml/jackson/databind/deser/std/StdValueInstantiator
2024-11-12 13:43:15,017 INFO  CreateClassResetClassAdapter - Creating brand-new static initializer in class com/fasterxml/jackson/databind/deser/std/StdValueInstantiator
2024-11-12 13:43:15,018 INFO  EvoClassLoader - Keeping class: com.fasterxml.jackson.databind.deser.std.StdValueInstantiator
2024-11-12 13:43:15,019 INFO  EvoClassLoader - Seeing class for first time: com.fasterxml.jackson.databind.introspect.AnnotatedFieldCollector
2024-11-12 13:43:15,019 INFO  EvoClassLoader - Instrumenting class 'com.fasterxml.jackson.databind.introspect.AnnotatedFieldCollector'.
2024-11-12 13:43:15,019 INFO  MethodCallReplacementClassAdapter - Adding mock interface to class com/fasterxml/jackson/databind/introspect/AnnotatedFieldCollector
2024-11-12 13:43:15,020 INFO  CreateClassResetClassAdapter - Creating brand-new static initializer in class com/fasterxml/jackson/databind/introspect/AnnotatedFieldCollector
2024-11-12 13:43:15,021 INFO  EvoClassLoader - Seeing class for first time: com.fasterxml.jackson.databind.introspect.CollectorBase
2024-11-12 13:43:15,021 INFO  EvoClassLoader - Instrumenting class 'com.fasterxml.jackson.databind.introspect.CollectorBase'.
2024-11-12 13:43:15,021 INFO  MethodCallReplacementClassAdapter - Adding mock interface to class com/fasterxml/jackson/databind/introspect/CollectorBase
2024-11-12 13:43:15,021 INFO  CreateClassResetClassAdapter - Found static initializer in class com/fasterxml/jackson/databind/introspect/CollectorBase
2024-11-12 13:43:15,021 INFO  EvoClassLoader - Keeping class: com.fasterxml.jackson.databind.introspect.CollectorBase
2024-11-12 13:43:15,021 INFO  EvoClassLoader - Keeping class: com.fasterxml.jackson.databind.introspect.AnnotatedFieldCollector
2024-11-12 13:43:15,022 INFO  EvoClassLoader - Seeing class for first time: com.fasterxml.jackson.databind.introspect.AnnotationMap
2024-11-12 13:43:15,022 INFO  EvoClassLoader - Instrumenting class 'com.fasterxml.jackson.databind.introspect.AnnotationMap'.
2024-11-12 13:43:15,022 INFO  MethodCallReplacementClassAdapter - Adding mock interface to class com/fasterxml/jackson/databind/introspect/AnnotationMap
2024-11-12 13:43:15,023 INFO  CreateClassResetClassAdapter - Creating brand-new static initializer in class com/fasterxml/jackson/databind/introspect/AnnotationMap
2024-11-12 13:43:15,024 INFO  EvoClassLoader - Keeping class: com.fasterxml.jackson.databind.introspect.AnnotationMap
2024-11-12 13:43:15,024 INFO  EvoClassLoader - Seeing class for first time: com.fasterxml.jackson.databind.introspect.TypeResolutionContext$Basic
2024-11-12 13:43:15,024 INFO  EvoClassLoader - Instrumenting class 'com.fasterxml.jackson.databind.introspect.TypeResolutionContext$Basic'.
2024-11-12 13:43:15,024 INFO  MethodCallReplacementClassAdapter - Adding mock interface to class com/fasterxml/jackson/databind/introspect/TypeResolutionContext$Basic
2024-11-12 13:43:15,024 INFO  CreateClassResetClassAdapter - Creating brand-new static initializer in class com/fasterxml/jackson/databind/introspect/TypeResolutionContext$Basic
2024-11-12 13:43:15,025 INFO  EvoClassLoader - Keeping class: com.fasterxml.jackson.databind.introspect.TypeResolutionContext$Basic
2024-11-12 13:43:15,025 INFO  EvoClassLoader - Seeing class for first time: org.apache.hadoop.hdfs.server.datanode.DiskBalancerWorkStatus$Result
2024-11-12 13:43:15,025 INFO  EvoClassLoader - Instrumenting class 'org.apache.hadoop.hdfs.server.datanode.DiskBalancerWorkStatus$Result'.
2024-11-12 13:43:15,025 INFO  MethodCallReplacementClassAdapter - Adding mock interface to class org/apache/hadoop/hdfs/server/datanode/DiskBalancerWorkStatus$Result
2024-11-12 13:43:15,025 INFO  CreateClassResetClassAdapter - Found static initializer in class org/apache/hadoop/hdfs/server/datanode/DiskBalancerWorkStatus$Result
2024-11-12 13:43:15,026 INFO  EvoClassLoader - Keeping class: org.apache.hadoop.hdfs.server.datanode.DiskBalancerWorkStatus$Result
2024-11-12 13:43:15,026 INFO  EvoClassLoader - Seeing class for first time: com.fasterxml.jackson.databind.introspect.AnnotatedFieldCollector$FieldBuilder
2024-11-12 13:43:15,026 INFO  EvoClassLoader - Instrumenting class 'com.fasterxml.jackson.databind.introspect.AnnotatedFieldCollector$FieldBuilder'.
2024-11-12 13:43:15,026 INFO  MethodCallReplacementClassAdapter - Adding mock interface to class com/fasterxml/jackson/databind/introspect/AnnotatedFieldCollector$FieldBuilder
2024-11-12 13:43:15,026 INFO  CreateClassResetClassAdapter - Creating brand-new static initializer in class com/fasterxml/jackson/databind/introspect/AnnotatedFieldCollector$FieldBuilder
2024-11-12 13:43:15,026 INFO  EvoClassLoader - Keeping class: com.fasterxml.jackson.databind.introspect.AnnotatedFieldCollector$FieldBuilder
2024-11-12 13:43:15,027 INFO  EvoClassLoader - Seeing class for first time: com.fasterxml.jackson.annotation.JsonKey
2024-11-12 13:43:15,027 INFO  EvoClassLoader - Instrumenting class 'com.fasterxml.jackson.annotation.JsonKey'.
2024-11-12 13:43:15,028 INFO  EvoClassLoader - Keeping class: com.fasterxml.jackson.annotation.JsonKey
2024-11-12 13:43:15,028 INFO  EvoClassLoader - Seeing class for first time: com.fasterxml.jackson.annotation.JsonValue
2024-11-12 13:43:15,028 INFO  EvoClassLoader - Instrumenting class 'com.fasterxml.jackson.annotation.JsonValue'.
2024-11-12 13:43:15,029 INFO  EvoClassLoader - Keeping class: com.fasterxml.jackson.annotation.JsonValue
2024-11-12 13:43:15,029 INFO  EvoClassLoader - Seeing class for first time: com.fasterxml.jackson.annotation.JsonAnyGetter
2024-11-12 13:43:15,029 INFO  EvoClassLoader - Instrumenting class 'com.fasterxml.jackson.annotation.JsonAnyGetter'.
2024-11-12 13:43:15,029 INFO  EvoClassLoader - Keeping class: com.fasterxml.jackson.annotation.JsonAnyGetter
2024-11-12 13:43:15,029 INFO  EvoClassLoader - Seeing class for first time: com.fasterxml.jackson.annotation.JsonAnySetter
2024-11-12 13:43:15,029 INFO  EvoClassLoader - Instrumenting class 'com.fasterxml.jackson.annotation.JsonAnySetter'.
2024-11-12 13:43:15,030 INFO  EvoClassLoader - Keeping class: com.fasterxml.jackson.annotation.JsonAnySetter
2024-11-12 13:43:15,030 INFO  EvoClassLoader - Seeing class for first time: com.fasterxml.jackson.core.util.InternCache
2024-11-12 13:43:15,030 INFO  EvoClassLoader - Instrumenting class 'com.fasterxml.jackson.core.util.InternCache'.
2024-11-12 13:43:15,030 INFO  MethodCallReplacementClassAdapter - Adding mock interface to class com/fasterxml/jackson/core/util/InternCache
2024-11-12 13:43:15,030 INFO  CreateClassResetClassAdapter - Found static initializer in class com/fasterxml/jackson/core/util/InternCache
2024-11-12 13:43:15,039 INFO  EvoClassLoader - Keeping class: com.fasterxml.jackson.core.util.InternCache
2024-11-12 13:43:15,040 INFO  EvoClassLoader - Seeing class for first time: com.fasterxml.jackson.annotation.JsonSetter
2024-11-12 13:43:15,040 INFO  EvoClassLoader - Instrumenting class 'com.fasterxml.jackson.annotation.JsonSetter'.
2024-11-12 13:43:15,042 INFO  EvoClassLoader - Keeping class: com.fasterxml.jackson.annotation.JsonSetter
2024-11-12 13:43:15,042 INFO  EvoClassLoader - Seeing class for first time: com.fasterxml.jackson.annotation.JsonProperty
2024-11-12 13:43:15,042 INFO  EvoClassLoader - Instrumenting class 'com.fasterxml.jackson.annotation.JsonProperty'.
2024-11-12 13:43:15,042 INFO  EvoClassLoader - Keeping class: com.fasterxml.jackson.annotation.JsonProperty
2024-11-12 13:43:15,042 INFO  EvoClassLoader - Seeing class for first time: com.fasterxml.jackson.annotation.JsonAutoDetect$1
2024-11-12 13:43:15,042 INFO  EvoClassLoader - Instrumenting class 'com.fasterxml.jackson.annotation.JsonAutoDetect$1'.
2024-11-12 13:43:15,043 INFO  MethodCallReplacementClassAdapter - Adding mock interface to class com/fasterxml/jackson/annotation/JsonAutoDetect$1
2024-11-12 13:43:15,043 INFO  EvoClassLoader - Keeping class: com.fasterxml.jackson.annotation.JsonAutoDetect$1
2024-11-12 13:43:15,044 INFO  EvoClassLoader - Seeing class for first time: com.fasterxml.jackson.annotation.PropertyAccessor
2024-11-12 13:43:15,044 INFO  EvoClassLoader - Instrumenting class 'com.fasterxml.jackson.annotation.PropertyAccessor'.
2024-11-12 13:43:15,044 INFO  MethodCallReplacementClassAdapter - Adding mock interface to class com/fasterxml/jackson/annotation/PropertyAccessor
2024-11-12 13:43:15,044 INFO  CreateClassResetClassAdapter - Found static initializer in class com/fasterxml/jackson/annotation/PropertyAccessor
2024-11-12 13:43:15,044 INFO  EvoClassLoader - Keeping class: com.fasterxml.jackson.annotation.PropertyAccessor
2024-11-12 13:43:15,045 INFO  EvoClassLoader - Seeing class for first time: com.fasterxml.jackson.annotation.JsonIgnore
2024-11-12 13:43:15,045 INFO  EvoClassLoader - Instrumenting class 'com.fasterxml.jackson.annotation.JsonIgnore'.
2024-11-12 13:43:15,045 INFO  EvoClassLoader - Keeping class: com.fasterxml.jackson.annotation.JsonIgnore
2024-11-12 13:43:15,045 INFO  EvoClassLoader - Seeing class for first time: com.fasterxml.jackson.databind.introspect.POJOPropertyBuilder
2024-11-12 13:43:15,045 INFO  EvoClassLoader - Instrumenting class 'com.fasterxml.jackson.databind.introspect.POJOPropertyBuilder'.
2024-11-12 13:43:15,046 INFO  MethodCallReplacementClassAdapter - Adding mock interface to class com/fasterxml/jackson/databind/introspect/POJOPropertyBuilder
2024-11-12 13:43:15,050 INFO  CreateClassResetClassAdapter - Found static initializer in class com/fasterxml/jackson/databind/introspect/POJOPropertyBuilder
2024-11-12 13:43:15,052 INFO  EvoClassLoader - Keeping class: com.fasterxml.jackson.databind.introspect.POJOPropertyBuilder
2024-11-12 13:43:15,052 INFO  EvoClassLoader - Seeing class for first time: com.fasterxml.jackson.databind.introspect.POJOPropertyBuilder$WithMember
2024-11-12 13:43:15,052 INFO  EvoClassLoader - Instrumenting class 'com.fasterxml.jackson.databind.introspect.POJOPropertyBuilder$WithMember'.
2024-11-12 13:43:15,053 INFO  EvoClassLoader - Keeping class: com.fasterxml.jackson.databind.introspect.POJOPropertyBuilder$WithMember
2024-11-12 13:43:15,054 INFO  EvoClassLoader - Seeing class for first time: com.fasterxml.jackson.databind.AnnotationIntrospector$ReferenceProperty
2024-11-12 13:43:15,054 INFO  EvoClassLoader - Instrumenting class 'com.fasterxml.jackson.databind.AnnotationIntrospector$ReferenceProperty'.
2024-11-12 13:43:15,054 INFO  MethodCallReplacementClassAdapter - Adding mock interface to class com/fasterxml/jackson/databind/AnnotationIntrospector$ReferenceProperty
2024-11-12 13:43:15,054 INFO  CreateClassResetClassAdapter - Creating brand-new static initializer in class com/fasterxml/jackson/databind/AnnotationIntrospector$ReferenceProperty
2024-11-12 13:43:15,054 INFO  EvoClassLoader - Keeping class: com.fasterxml.jackson.databind.AnnotationIntrospector$ReferenceProperty
2024-11-12 13:43:15,054 INFO  EvoClassLoader - Seeing class for first time: com.fasterxml.jackson.databind.AnnotationIntrospector$ReferenceProperty$Type
2024-11-12 13:43:15,054 INFO  EvoClassLoader - Instrumenting class 'com.fasterxml.jackson.databind.AnnotationIntrospector$ReferenceProperty$Type'.
2024-11-12 13:43:15,054 INFO  MethodCallReplacementClassAdapter - Adding mock interface to class com/fasterxml/jackson/databind/AnnotationIntrospector$ReferenceProperty$Type
2024-11-12 13:43:15,054 INFO  CreateClassResetClassAdapter - Found static initializer in class com/fasterxml/jackson/databind/AnnotationIntrospector$ReferenceProperty$Type
2024-11-12 13:43:15,054 INFO  EvoClassLoader - Keeping class: com.fasterxml.jackson.databind.AnnotationIntrospector$ReferenceProperty$Type
2024-11-12 13:43:15,055 INFO  EvoClassLoader - Seeing class for first time: com.fasterxml.jackson.databind.introspect.POJOPropertyBuilder$Linked
2024-11-12 13:43:15,055 INFO  EvoClassLoader - Instrumenting class 'com.fasterxml.jackson.databind.introspect.POJOPropertyBuilder$Linked'.
2024-11-12 13:43:15,055 INFO  MethodCallReplacementClassAdapter - Adding mock interface to class com/fasterxml/jackson/databind/introspect/POJOPropertyBuilder$Linked
2024-11-12 13:43:15,055 INFO  CreateClassResetClassAdapter - Creating brand-new static initializer in class com/fasterxml/jackson/databind/introspect/POJOPropertyBuilder$Linked
2024-11-12 13:43:15,056 INFO  EvoClassLoader - Keeping class: com.fasterxml.jackson.databind.introspect.POJOPropertyBuilder$Linked
2024-11-12 13:43:15,056 INFO  EvoClassLoader - Seeing class for first time: com.fasterxml.jackson.databind.introspect.AnnotatedMethodCollector
2024-11-12 13:43:15,056 INFO  EvoClassLoader - Instrumenting class 'com.fasterxml.jackson.databind.introspect.AnnotatedMethodCollector'.
2024-11-12 13:43:15,056 INFO  MethodCallReplacementClassAdapter - Adding mock interface to class com/fasterxml/jackson/databind/introspect/AnnotatedMethodCollector
2024-11-12 13:43:15,057 INFO  CreateClassResetClassAdapter - Creating brand-new static initializer in class com/fasterxml/jackson/databind/introspect/AnnotatedMethodCollector
2024-11-12 13:43:15,057 INFO  EvoClassLoader - Keeping class: com.fasterxml.jackson.databind.introspect.AnnotatedMethodCollector
2024-11-12 13:43:15,058 INFO  EvoClassLoader - Seeing class for first time: org.apache.hadoop.hdfs.server.datanode.DiskBalancerWorkStatus$DiskBalancerWorkEntry
2024-11-12 13:43:15,058 INFO  EvoClassLoader - Instrumenting class 'org.apache.hadoop.hdfs.server.datanode.DiskBalancerWorkStatus$DiskBalancerWorkEntry'.
2024-11-12 13:43:15,058 INFO  MethodCallReplacementClassAdapter - Adding mock interface to class org/apache/hadoop/hdfs/server/datanode/DiskBalancerWorkStatus$DiskBalancerWorkEntry
2024-11-12 13:43:15,058 INFO  CreateClassResetClassAdapter - Creating brand-new static initializer in class org/apache/hadoop/hdfs/server/datanode/DiskBalancerWorkStatus$DiskBalancerWorkEntry
2024-11-12 13:43:15,058 INFO  EvoClassLoader - Keeping class: org.apache.hadoop.hdfs.server.datanode.DiskBalancerWorkStatus$DiskBalancerWorkEntry
2024-11-12 13:43:15,058 INFO  EvoClassLoader - Seeing class for first time: com.fasterxml.jackson.databind.introspect.MemberKey
2024-11-12 13:43:15,058 INFO  EvoClassLoader - Instrumenting class 'com.fasterxml.jackson.databind.introspect.MemberKey'.
2024-11-12 13:43:15,059 INFO  MethodCallReplacementClassAdapter - Adding mock interface to class com/fasterxml/jackson/databind/introspect/MemberKey
2024-11-12 13:43:15,059 INFO  CreateClassResetClassAdapter - Found static initializer in class com/fasterxml/jackson/databind/introspect/MemberKey
2024-11-12 13:43:15,059 INFO  EvoClassLoader - Keeping class: com.fasterxml.jackson.databind.introspect.MemberKey
2024-11-12 13:43:15,059 INFO  EvoClassLoader - Seeing class for first time: com.fasterxml.jackson.databind.introspect.AnnotatedMethodCollector$MethodBuilder
2024-11-12 13:43:15,059 INFO  EvoClassLoader - Instrumenting class 'com.fasterxml.jackson.databind.introspect.AnnotatedMethodCollector$MethodBuilder'.
2024-11-12 13:43:15,060 INFO  MethodCallReplacementClassAdapter - Adding mock interface to class com/fasterxml/jackson/databind/introspect/AnnotatedMethodCollector$MethodBuilder
2024-11-12 13:43:15,060 INFO  CreateClassResetClassAdapter - Creating brand-new static initializer in class com/fasterxml/jackson/databind/introspect/AnnotatedMethodCollector$MethodBuilder
2024-11-12 13:43:15,060 INFO  EvoClassLoader - Keeping class: com.fasterxml.jackson.databind.introspect.AnnotatedMethodCollector$MethodBuilder
2024-11-12 13:43:15,060 INFO  EvoClassLoader - Seeing class for first time: com.fasterxml.jackson.databind.introspect.AnnotatedMethodMap
2024-11-12 13:43:15,060 INFO  EvoClassLoader - Instrumenting class 'com.fasterxml.jackson.databind.introspect.AnnotatedMethodMap'.
2024-11-12 13:43:15,061 INFO  MethodCallReplacementClassAdapter - Adding mock interface to class com/fasterxml/jackson/databind/introspect/AnnotatedMethodMap
2024-11-12 13:43:15,061 INFO  CreateClassResetClassAdapter - Creating brand-new static initializer in class com/fasterxml/jackson/databind/introspect/AnnotatedMethodMap
2024-11-12 13:43:15,061 INFO  EvoClassLoader - Keeping class: com.fasterxml.jackson.databind.introspect.AnnotatedMethodMap
2024-11-12 13:43:15,061 INFO  EvoClassLoader - Seeing class for first time: com.fasterxml.jackson.annotation.JsonGetter
2024-11-12 13:43:15,061 INFO  EvoClassLoader - Instrumenting class 'com.fasterxml.jackson.annotation.JsonGetter'.
2024-11-12 13:43:15,061 INFO  EvoClassLoader - Keeping class: com.fasterxml.jackson.annotation.JsonGetter
2024-11-12 13:43:15,062 INFO  EvoClassLoader - Seeing class for first time: com.fasterxml.jackson.databind.introspect.AnnotatedCreatorCollector
2024-11-12 13:43:15,062 INFO  EvoClassLoader - Instrumenting class 'com.fasterxml.jackson.databind.introspect.AnnotatedCreatorCollector'.
2024-11-12 13:43:15,062 INFO  MethodCallReplacementClassAdapter - Adding mock interface to class com/fasterxml/jackson/databind/introspect/AnnotatedCreatorCollector
2024-11-12 13:43:15,063 INFO  CreateClassResetClassAdapter - Creating brand-new static initializer in class com/fasterxml/jackson/databind/introspect/AnnotatedCreatorCollector
2024-11-12 13:43:15,064 INFO  EvoClassLoader - Keeping class: com.fasterxml.jackson.databind.introspect.AnnotatedCreatorCollector
2024-11-12 13:43:15,065 INFO  EvoClassLoader - Seeing class for first time: com.fasterxml.jackson.databind.introspect.MethodGenericTypeResolver
2024-11-12 13:43:15,065 INFO  EvoClassLoader - Instrumenting class 'com.fasterxml.jackson.databind.introspect.MethodGenericTypeResolver'.
2024-11-12 13:43:15,065 INFO  MethodCallReplacementClassAdapter - Adding mock interface to class com/fasterxml/jackson/databind/introspect/MethodGenericTypeResolver
2024-11-12 13:43:15,066 INFO  CreateClassResetClassAdapter - Creating brand-new static initializer in class com/fasterxml/jackson/databind/introspect/MethodGenericTypeResolver
2024-11-12 13:43:15,066 INFO  EvoClassLoader - Keeping class: com.fasterxml.jackson.databind.introspect.MethodGenericTypeResolver
2024-11-12 13:43:15,067 INFO  EvoClassLoader - Seeing class for first time: com.fasterxml.jackson.databind.type.TypeBindings$TypeParamStash
2024-11-12 13:43:15,067 INFO  EvoClassLoader - Instrumenting class 'com.fasterxml.jackson.databind.type.TypeBindings$TypeParamStash'.
2024-11-12 13:43:15,068 INFO  MethodCallReplacementClassAdapter - Adding mock interface to class com/fasterxml/jackson/databind/type/TypeBindings$TypeParamStash
2024-11-12 13:43:15,068 INFO  CreateClassResetClassAdapter - Found static initializer in class com/fasterxml/jackson/databind/type/TypeBindings$TypeParamStash
2024-11-12 13:43:15,068 INFO  EvoClassLoader - Keeping class: com.fasterxml.jackson.databind.type.TypeBindings$TypeParamStash
2024-11-12 13:43:15,068 INFO  EvoClassLoader - Seeing class for first time: com.fasterxml.jackson.databind.type.TypeBindings$AsKey
2024-11-12 13:43:15,068 INFO  EvoClassLoader - Instrumenting class 'com.fasterxml.jackson.databind.type.TypeBindings$AsKey'.
2024-11-12 13:43:15,069 INFO  MethodCallReplacementClassAdapter - Adding mock interface to class com/fasterxml/jackson/databind/type/TypeBindings$AsKey
2024-11-12 13:43:15,069 INFO  CreateClassResetClassAdapter - Creating brand-new static initializer in class com/fasterxml/jackson/databind/type/TypeBindings$AsKey
2024-11-12 13:43:15,069 INFO  EvoClassLoader - Keeping class: com.fasterxml.jackson.databind.type.TypeBindings$AsKey
2024-11-12 13:43:15,070 INFO  EvoClassLoader - Seeing class for first time: com.fasterxml.jackson.databind.introspect.POJOPropertyBuilder$5
2024-11-12 13:43:15,070 INFO  EvoClassLoader - Instrumenting class 'com.fasterxml.jackson.databind.introspect.POJOPropertyBuilder$5'.
2024-11-12 13:43:15,070 INFO  MethodCallReplacementClassAdapter - Adding mock interface to class com/fasterxml/jackson/databind/introspect/POJOPropertyBuilder$5
2024-11-12 13:43:15,070 INFO  EvoClassLoader - Keeping class: com.fasterxml.jackson.databind.introspect.POJOPropertyBuilder$5
2024-11-12 13:43:15,070 INFO  EvoClassLoader - Seeing class for first time: com.fasterxml.jackson.annotation.JsonProperty$Access
2024-11-12 13:43:15,070 INFO  EvoClassLoader - Instrumenting class 'com.fasterxml.jackson.annotation.JsonProperty$Access'.
2024-11-12 13:43:15,070 INFO  MethodCallReplacementClassAdapter - Adding mock interface to class com/fasterxml/jackson/annotation/JsonProperty$Access
2024-11-12 13:43:15,070 INFO  CreateClassResetClassAdapter - Found static initializer in class com/fasterxml/jackson/annotation/JsonProperty$Access
2024-11-12 13:43:15,071 INFO  EvoClassLoader - Keeping class: com.fasterxml.jackson.annotation.JsonProperty$Access
2024-11-12 13:43:15,071 INFO  EvoClassLoader - Seeing class for first time: com.fasterxml.jackson.databind.introspect.POJOPropertyBuilder$6
2024-11-12 13:43:15,071 INFO  EvoClassLoader - Instrumenting class 'com.fasterxml.jackson.databind.introspect.POJOPropertyBuilder$6'.
2024-11-12 13:43:15,071 INFO  MethodCallReplacementClassAdapter - Adding mock interface to class com/fasterxml/jackson/databind/introspect/POJOPropertyBuilder$6
2024-11-12 13:43:15,071 INFO  EvoClassLoader - Keeping class: com.fasterxml.jackson.databind.introspect.POJOPropertyBuilder$6
2024-11-12 13:43:15,071 INFO  EvoClassLoader - Seeing class for first time: com.fasterxml.jackson.annotation.JacksonInject
2024-11-12 13:43:15,071 INFO  EvoClassLoader - Instrumenting class 'com.fasterxml.jackson.annotation.JacksonInject'.
2024-11-12 13:43:15,071 INFO  EvoClassLoader - Keeping class: com.fasterxml.jackson.annotation.JacksonInject
2024-11-12 13:43:15,072 INFO  EvoClassLoader - Seeing class for first time: com.fasterxml.jackson.databind.annotation.JsonNaming
2024-11-12 13:43:15,072 INFO  EvoClassLoader - Instrumenting class 'com.fasterxml.jackson.databind.annotation.JsonNaming'.
2024-11-12 13:43:15,072 INFO  EvoClassLoader - Keeping class: com.fasterxml.jackson.databind.annotation.JsonNaming
2024-11-12 13:43:15,072 INFO  EvoClassLoader - Seeing class for first time: com.fasterxml.jackson.annotation.JsonPropertyOrder
2024-11-12 13:43:15,072 INFO  EvoClassLoader - Instrumenting class 'com.fasterxml.jackson.annotation.JsonPropertyOrder'.
2024-11-12 13:43:15,072 INFO  EvoClassLoader - Keeping class: com.fasterxml.jackson.annotation.JsonPropertyOrder
2024-11-12 13:43:15,072 INFO  EvoClassLoader - Seeing class for first time: com.fasterxml.jackson.annotation.JsonPropertyDescription
2024-11-12 13:43:15,072 INFO  EvoClassLoader - Instrumenting class 'com.fasterxml.jackson.annotation.JsonPropertyDescription'.
2024-11-12 13:43:15,072 INFO  EvoClassLoader - Keeping class: com.fasterxml.jackson.annotation.JsonPropertyDescription
2024-11-12 13:43:15,072 INFO  EvoClassLoader - Seeing class for first time: com.fasterxml.jackson.databind.PropertyMetadata
2024-11-12 13:43:15,072 INFO  EvoClassLoader - Instrumenting class 'com.fasterxml.jackson.databind.PropertyMetadata'.
2024-11-12 13:43:15,073 INFO  MethodCallReplacementClassAdapter - Adding mock interface to class com/fasterxml/jackson/databind/PropertyMetadata
2024-11-12 13:43:15,073 INFO  CreateClassResetClassAdapter - Found static initializer in class com/fasterxml/jackson/databind/PropertyMetadata
2024-11-12 13:43:15,073 INFO  EvoClassLoader - Keeping class: com.fasterxml.jackson.databind.PropertyMetadata
2024-11-12 13:43:15,074 INFO  EvoClassLoader - Seeing class for first time: com.fasterxml.jackson.databind.deser.BasicDeserializerFactory$CreatorCollectionState
2024-11-12 13:43:15,074 INFO  EvoClassLoader - Instrumenting class 'com.fasterxml.jackson.databind.deser.BasicDeserializerFactory$CreatorCollectionState'.
2024-11-12 13:43:15,074 INFO  MethodCallReplacementClassAdapter - Adding mock interface to class com/fasterxml/jackson/databind/deser/BasicDeserializerFactory$CreatorCollectionState
2024-11-12 13:43:15,075 INFO  CreateClassResetClassAdapter - Creating brand-new static initializer in class com/fasterxml/jackson/databind/deser/BasicDeserializerFactory$CreatorCollectionState
2024-11-12 13:43:15,075 INFO  EvoClassLoader - Keeping class: com.fasterxml.jackson.databind.deser.BasicDeserializerFactory$CreatorCollectionState
2024-11-12 13:43:15,075 INFO  EvoClassLoader - Seeing class for first time: com.fasterxml.jackson.annotation.JsonCreator
2024-11-12 13:43:15,075 INFO  EvoClassLoader - Instrumenting class 'com.fasterxml.jackson.annotation.JsonCreator'.
2024-11-12 13:43:15,075 INFO  EvoClassLoader - Keeping class: com.fasterxml.jackson.annotation.JsonCreator
2024-11-12 13:43:15,075 INFO  EvoClassLoader - Seeing class for first time: com.fasterxml.jackson.annotation.JsonCreator$Mode
2024-11-12 13:43:15,075 INFO  EvoClassLoader - Instrumenting class 'com.fasterxml.jackson.annotation.JsonCreator$Mode'.
2024-11-12 13:43:15,076 INFO  MethodCallReplacementClassAdapter - Adding mock interface to class com/fasterxml/jackson/annotation/JsonCreator$Mode
2024-11-12 13:43:15,076 INFO  CreateClassResetClassAdapter - Found static initializer in class com/fasterxml/jackson/annotation/JsonCreator$Mode
2024-11-12 13:43:15,076 INFO  EvoClassLoader - Keeping class: com.fasterxml.jackson.annotation.JsonCreator$Mode
2024-11-12 13:43:15,076 INFO  EvoClassLoader - Seeing class for first time: com.fasterxml.jackson.databind.deser.impl.CreatorCandidate
2024-11-12 13:43:15,076 INFO  EvoClassLoader - Instrumenting class 'com.fasterxml.jackson.databind.deser.impl.CreatorCandidate'.
2024-11-12 13:43:15,076 INFO  MethodCallReplacementClassAdapter - Adding mock interface to class com/fasterxml/jackson/databind/deser/impl/CreatorCandidate
2024-11-12 13:43:15,076 INFO  CreateClassResetClassAdapter - Creating brand-new static initializer in class com/fasterxml/jackson/databind/deser/impl/CreatorCandidate
2024-11-12 13:43:15,077 INFO  EvoClassLoader - Keeping class: com.fasterxml.jackson.databind.deser.impl.CreatorCandidate
2024-11-12 13:43:15,077 INFO  EvoClassLoader - Seeing class for first time: com.fasterxml.jackson.databind.deser.impl.CreatorCandidate$Param
2024-11-12 13:43:15,077 INFO  EvoClassLoader - Instrumenting class 'com.fasterxml.jackson.databind.deser.impl.CreatorCandidate$Param'.
2024-11-12 13:43:15,077 INFO  MethodCallReplacementClassAdapter - Adding mock interface to class com/fasterxml/jackson/databind/deser/impl/CreatorCandidate$Param
2024-11-12 13:43:15,077 INFO  CreateClassResetClassAdapter - Creating brand-new static initializer in class com/fasterxml/jackson/databind/deser/impl/CreatorCandidate$Param
2024-11-12 13:43:15,077 INFO  EvoClassLoader - Keeping class: com.fasterxml.jackson.databind.deser.impl.CreatorCandidate$Param
2024-11-12 13:43:15,078 INFO  EvoClassLoader - Seeing class for first time: com.fasterxml.jackson.databind.deser.BeanDeserializerBuilder
2024-11-12 13:43:15,078 INFO  EvoClassLoader - Instrumenting class 'com.fasterxml.jackson.databind.deser.BeanDeserializerBuilder'.
2024-11-12 13:43:15,078 INFO  MethodCallReplacementClassAdapter - Adding mock interface to class com/fasterxml/jackson/databind/deser/BeanDeserializerBuilder
2024-11-12 13:43:15,079 INFO  CreateClassResetClassAdapter - Creating brand-new static initializer in class com/fasterxml/jackson/databind/deser/BeanDeserializerBuilder
2024-11-12 13:43:15,080 INFO  EvoClassLoader - Keeping class: com.fasterxml.jackson.databind.deser.BeanDeserializerBuilder
2024-11-12 13:43:15,080 INFO  EvoClassLoader - Seeing class for first time: com.fasterxml.jackson.databind.deser.impl.ObjectIdValueProperty
2024-11-12 13:43:15,080 INFO  EvoClassLoader - Instrumenting class 'com.fasterxml.jackson.databind.deser.impl.ObjectIdValueProperty'.
2024-11-12 13:43:15,080 INFO  MethodCallReplacementClassAdapter - Adding mock interface to class com/fasterxml/jackson/databind/deser/impl/ObjectIdValueProperty
2024-11-12 13:43:15,081 INFO  CreateClassResetClassAdapter - Creating brand-new static initializer in class com/fasterxml/jackson/databind/deser/impl/ObjectIdValueProperty
2024-11-12 13:43:15,081 INFO  EvoClassLoader - Keeping class: com.fasterxml.jackson.databind.deser.impl.ObjectIdValueProperty
2024-11-12 13:43:15,082 INFO  EvoClassLoader - Seeing class for first time: com.fasterxml.jackson.databind.deser.BuilderBasedDeserializer
2024-11-12 13:43:15,082 INFO  EvoClassLoader - Instrumenting class 'com.fasterxml.jackson.databind.deser.BuilderBasedDeserializer'.
2024-11-12 13:43:15,082 INFO  MethodCallReplacementClassAdapter - Adding mock interface to class com/fasterxml/jackson/databind/deser/BuilderBasedDeserializer
2024-11-12 13:43:15,084 INFO  CreateClassResetClassAdapter - Creating brand-new static initializer in class com/fasterxml/jackson/databind/deser/BuilderBasedDeserializer
2024-11-12 13:43:15,085 INFO  EvoClassLoader - Keeping class: com.fasterxml.jackson.databind.deser.BuilderBasedDeserializer
2024-11-12 13:43:15,085 INFO  EvoClassLoader - Seeing class for first time: com.fasterxml.jackson.annotation.JsonIgnoreProperties
2024-11-12 13:43:15,085 INFO  EvoClassLoader - Instrumenting class 'com.fasterxml.jackson.annotation.JsonIgnoreProperties'.
2024-11-12 13:43:15,085 INFO  EvoClassLoader - Keeping class: com.fasterxml.jackson.annotation.JsonIgnoreProperties
2024-11-12 13:43:15,085 INFO  EvoClassLoader - Seeing class for first time: com.fasterxml.jackson.annotation.JsonIgnoreProperties$Value
2024-11-12 13:43:15,085 INFO  EvoClassLoader - Instrumenting class 'com.fasterxml.jackson.annotation.JsonIgnoreProperties$Value'.
2024-11-12 13:43:15,086 INFO  MethodCallReplacementClassAdapter - Adding mock interface to class com/fasterxml/jackson/annotation/JsonIgnoreProperties$Value
2024-11-12 13:43:15,086 INFO  CreateClassResetClassAdapter - Found static initializer in class com/fasterxml/jackson/annotation/JsonIgnoreProperties$Value
2024-11-12 13:43:15,087 INFO  EvoClassLoader - Keeping class: com.fasterxml.jackson.annotation.JsonIgnoreProperties$Value
2024-11-12 13:43:15,087 INFO  EvoClassLoader - Seeing class for first time: com.fasterxml.jackson.annotation.JsonIncludeProperties
2024-11-12 13:43:15,087 INFO  EvoClassLoader - Instrumenting class 'com.fasterxml.jackson.annotation.JsonIncludeProperties'.
2024-11-12 13:43:15,088 INFO  EvoClassLoader - Keeping class: com.fasterxml.jackson.annotation.JsonIncludeProperties
2024-11-12 13:43:15,088 INFO  EvoClassLoader - Seeing class for first time: com.fasterxml.jackson.annotation.JsonIncludeProperties$Value
2024-11-12 13:43:15,088 INFO  EvoClassLoader - Instrumenting class 'com.fasterxml.jackson.annotation.JsonIncludeProperties$Value'.
2024-11-12 13:43:15,088 INFO  MethodCallReplacementClassAdapter - Adding mock interface to class com/fasterxml/jackson/annotation/JsonIncludeProperties$Value
2024-11-12 13:43:15,088 INFO  CreateClassResetClassAdapter - Found static initializer in class com/fasterxml/jackson/annotation/JsonIncludeProperties$Value
2024-11-12 13:43:15,088 INFO  EvoClassLoader - Keeping class: com.fasterxml.jackson.annotation.JsonIncludeProperties$Value
2024-11-12 13:43:15,089 INFO  EvoClassLoader - Seeing class for first time: com.fasterxml.jackson.databind.util.IgnorePropertiesUtil
2024-11-12 13:43:15,089 INFO  EvoClassLoader - Instrumenting class 'com.fasterxml.jackson.databind.util.IgnorePropertiesUtil'.
2024-11-12 13:43:15,089 INFO  MethodCallReplacementClassAdapter - Adding mock interface to class com/fasterxml/jackson/databind/util/IgnorePropertiesUtil
2024-11-12 13:43:15,089 INFO  CreateClassResetClassAdapter - Creating brand-new static initializer in class com/fasterxml/jackson/databind/util/IgnorePropertiesUtil
2024-11-12 13:43:15,090 INFO  EvoClassLoader - Keeping class: com.fasterxml.jackson.databind.util.IgnorePropertiesUtil
2024-11-12 13:43:15,091 INFO  EvoClassLoader - Seeing class for first time: com.fasterxml.jackson.annotation.JsonIgnoreType
2024-11-12 13:43:15,091 INFO  EvoClassLoader - Instrumenting class 'com.fasterxml.jackson.annotation.JsonIgnoreType'.
2024-11-12 13:43:15,092 INFO  EvoClassLoader - Keeping class: com.fasterxml.jackson.annotation.JsonIgnoreType
2024-11-12 13:43:15,092 INFO  EvoClassLoader - Seeing class for first time: com.fasterxml.jackson.databind.annotation.JsonTypeResolver
2024-11-12 13:43:15,092 INFO  EvoClassLoader - Instrumenting class 'com.fasterxml.jackson.databind.annotation.JsonTypeResolver'.
2024-11-12 13:43:15,092 INFO  EvoClassLoader - Keeping class: com.fasterxml.jackson.databind.annotation.JsonTypeResolver
2024-11-12 13:43:15,092 INFO  EvoClassLoader - Seeing class for first time: com.fasterxml.jackson.databind.deser.impl.FailingDeserializer
2024-11-12 13:43:15,092 INFO  EvoClassLoader - Instrumenting class 'com.fasterxml.jackson.databind.deser.impl.FailingDeserializer'.
2024-11-12 13:43:15,093 INFO  MethodCallReplacementClassAdapter - Adding mock interface to class com/fasterxml/jackson/databind/deser/impl/FailingDeserializer
2024-11-12 13:43:15,093 INFO  CreateClassResetClassAdapter - Creating brand-new static initializer in class com/fasterxml/jackson/databind/deser/impl/FailingDeserializer
2024-11-12 13:43:15,093 INFO  EvoClassLoader - Keeping class: com.fasterxml.jackson.databind.deser.impl.FailingDeserializer
2024-11-12 13:43:15,094 INFO  EvoClassLoader - Seeing class for first time: com.fasterxml.jackson.databind.deser.impl.NullsConstantProvider
2024-11-12 13:43:15,094 INFO  EvoClassLoader - Instrumenting class 'com.fasterxml.jackson.databind.deser.impl.NullsConstantProvider'.
2024-11-12 13:43:15,094 INFO  MethodCallReplacementClassAdapter - Adding mock interface to class com/fasterxml/jackson/databind/deser/impl/NullsConstantProvider
2024-11-12 13:43:15,095 INFO  CreateClassResetClassAdapter - Found static initializer in class com/fasterxml/jackson/databind/deser/impl/NullsConstantProvider
2024-11-12 13:43:15,095 INFO  EvoClassLoader - Keeping class: com.fasterxml.jackson.databind.deser.impl.NullsConstantProvider
2024-11-12 13:43:15,095 INFO  EvoClassLoader - Seeing class for first time: com.fasterxml.jackson.databind.util.AccessPattern
2024-11-12 13:43:15,095 INFO  EvoClassLoader - Instrumenting class 'com.fasterxml.jackson.databind.util.AccessPattern'.
2024-11-12 13:43:15,095 INFO  MethodCallReplacementClassAdapter - Adding mock interface to class com/fasterxml/jackson/databind/util/AccessPattern
2024-11-12 13:43:15,095 INFO  CreateClassResetClassAdapter - Found static initializer in class com/fasterxml/jackson/databind/util/AccessPattern
2024-11-12 13:43:15,096 INFO  EvoClassLoader - Keeping class: com.fasterxml.jackson.databind.util.AccessPattern
2024-11-12 13:43:15,096 INFO  EvoClassLoader - Seeing class for first time: com.fasterxml.jackson.databind.introspect.POJOPropertyBuilder$2
2024-11-12 13:43:15,096 INFO  EvoClassLoader - Instrumenting class 'com.fasterxml.jackson.databind.introspect.POJOPropertyBuilder$2'.
2024-11-12 13:43:15,096 INFO  MethodCallReplacementClassAdapter - Adding mock interface to class com/fasterxml/jackson/databind/introspect/POJOPropertyBuilder$2
2024-11-12 13:43:15,096 INFO  EvoClassLoader - Keeping class: com.fasterxml.jackson.databind.introspect.POJOPropertyBuilder$2
2024-11-12 13:43:15,097 INFO  EvoClassLoader - Seeing class for first time: com.fasterxml.jackson.databind.introspect.POJOPropertyBuilder$4
2024-11-12 13:43:15,097 INFO  EvoClassLoader - Instrumenting class 'com.fasterxml.jackson.databind.introspect.POJOPropertyBuilder$4'.
2024-11-12 13:43:15,097 INFO  MethodCallReplacementClassAdapter - Adding mock interface to class com/fasterxml/jackson/databind/introspect/POJOPropertyBuilder$4
2024-11-12 13:43:15,097 INFO  EvoClassLoader - Keeping class: com.fasterxml.jackson.databind.introspect.POJOPropertyBuilder$4
2024-11-12 13:43:15,097 INFO  EvoClassLoader - Seeing class for first time: com.fasterxml.jackson.databind.introspect.POJOPropertyBuilder$1
2024-11-12 13:43:15,097 INFO  EvoClassLoader - Instrumenting class 'com.fasterxml.jackson.databind.introspect.POJOPropertyBuilder$1'.
2024-11-12 13:43:15,098 INFO  MethodCallReplacementClassAdapter - Adding mock interface to class com/fasterxml/jackson/databind/introspect/POJOPropertyBuilder$1
2024-11-12 13:43:15,098 INFO  EvoClassLoader - Keeping class: com.fasterxml.jackson.databind.introspect.POJOPropertyBuilder$1
2024-11-12 13:43:15,100 INFO  EvoClassLoader - Seeing class for first time: com.fasterxml.jackson.annotation.JsonAlias
2024-11-12 13:43:15,100 INFO  EvoClassLoader - Instrumenting class 'com.fasterxml.jackson.annotation.JsonAlias'.
2024-11-12 13:43:15,101 INFO  EvoClassLoader - Keeping class: com.fasterxml.jackson.annotation.JsonAlias
2024-11-12 13:43:15,101 INFO  EvoClassLoader - Seeing class for first time: com.fasterxml.jackson.annotation.JsonFormat$Feature
2024-11-12 13:43:15,101 INFO  EvoClassLoader - Instrumenting class 'com.fasterxml.jackson.annotation.JsonFormat$Feature'.
2024-11-12 13:43:15,102 INFO  MethodCallReplacementClassAdapter - Adding mock interface to class com/fasterxml/jackson/annotation/JsonFormat$Feature
2024-11-12 13:43:15,102 INFO  CreateClassResetClassAdapter - Found static initializer in class com/fasterxml/jackson/annotation/JsonFormat$Feature
2024-11-12 13:43:15,102 INFO  EvoClassLoader - Keeping class: com.fasterxml.jackson.annotation.JsonFormat$Feature
2024-11-12 13:43:15,102 INFO  EvoClassLoader - Seeing class for first time: com.fasterxml.jackson.databind.deser.impl.BeanPropertyMap
2024-11-12 13:43:15,102 INFO  EvoClassLoader - Instrumenting class 'com.fasterxml.jackson.databind.deser.impl.BeanPropertyMap'.
2024-11-12 13:43:15,103 INFO  MethodCallReplacementClassAdapter - Adding mock interface to class com/fasterxml/jackson/databind/deser/impl/BeanPropertyMap
2024-11-12 13:43:15,105 INFO  CreateClassResetClassAdapter - Creating brand-new static initializer in class com/fasterxml/jackson/databind/deser/impl/BeanPropertyMap
2024-11-12 13:43:15,106 INFO  EvoClassLoader - Keeping class: com.fasterxml.jackson.databind.deser.impl.BeanPropertyMap
2024-11-12 13:43:15,107 INFO  EvoClassLoader - Seeing class for first time: com.fasterxml.jackson.databind.exc.IgnoredPropertyException
2024-11-12 13:43:15,107 INFO  EvoClassLoader - Instrumenting class 'com.fasterxml.jackson.databind.exc.IgnoredPropertyException'.
2024-11-12 13:43:15,107 INFO  MethodCallReplacementClassAdapter - Adding mock interface to class com/fasterxml/jackson/databind/exc/IgnoredPropertyException
2024-11-12 13:43:15,107 INFO  CreateClassResetClassAdapter - Creating brand-new static initializer in class com/fasterxml/jackson/databind/exc/IgnoredPropertyException
2024-11-12 13:43:15,108 INFO  EvoClassLoader - Keeping class: com.fasterxml.jackson.databind.exc.IgnoredPropertyException
2024-11-12 13:43:15,108 INFO  EvoClassLoader - Seeing class for first time: com.fasterxml.jackson.databind.deser.impl.ManagedReferenceProperty
2024-11-12 13:43:15,108 INFO  EvoClassLoader - Instrumenting class 'com.fasterxml.jackson.databind.deser.impl.ManagedReferenceProperty'.
2024-11-12 13:43:15,108 INFO  MethodCallReplacementClassAdapter - Adding mock interface to class com/fasterxml/jackson/databind/deser/impl/ManagedReferenceProperty
2024-11-12 13:43:15,108 INFO  CreateClassResetClassAdapter - Creating brand-new static initializer in class com/fasterxml/jackson/databind/deser/impl/ManagedReferenceProperty
2024-11-12 13:43:15,109 INFO  EvoClassLoader - Seeing class for first time: com.fasterxml.jackson.databind.deser.SettableBeanProperty$Delegating
2024-11-12 13:43:15,109 INFO  EvoClassLoader - Instrumenting class 'com.fasterxml.jackson.databind.deser.SettableBeanProperty$Delegating'.
2024-11-12 13:43:15,109 INFO  MethodCallReplacementClassAdapter - Adding mock interface to class com/fasterxml/jackson/databind/deser/SettableBeanProperty$Delegating
2024-11-12 13:43:15,109 INFO  CreateClassResetClassAdapter - Creating brand-new static initializer in class com/fasterxml/jackson/databind/deser/SettableBeanProperty$Delegating
2024-11-12 13:43:15,109 INFO  EvoClassLoader - Keeping class: com.fasterxml.jackson.databind.deser.SettableBeanProperty$Delegating
2024-11-12 13:43:15,109 INFO  EvoClassLoader - Keeping class: com.fasterxml.jackson.databind.deser.impl.ManagedReferenceProperty
2024-11-12 13:43:15,110 INFO  EvoClassLoader - Seeing class for first time: com.fasterxml.jackson.databind.deser.impl.ObjectIdReferenceProperty
2024-11-12 13:43:15,110 INFO  EvoClassLoader - Instrumenting class 'com.fasterxml.jackson.databind.deser.impl.ObjectIdReferenceProperty'.
2024-11-12 13:43:15,110 INFO  MethodCallReplacementClassAdapter - Adding mock interface to class com/fasterxml/jackson/databind/deser/impl/ObjectIdReferenceProperty
2024-11-12 13:43:15,111 INFO  CreateClassResetClassAdapter - Creating brand-new static initializer in class com/fasterxml/jackson/databind/deser/impl/ObjectIdReferenceProperty
2024-11-12 13:43:15,111 INFO  EvoClassLoader - Keeping class: com.fasterxml.jackson.databind.deser.impl.ObjectIdReferenceProperty
2024-11-12 13:43:15,111 INFO  EvoClassLoader - Seeing class for first time: com.fasterxml.jackson.databind.deser.impl.MergingSettableBeanProperty
2024-11-12 13:43:15,111 INFO  EvoClassLoader - Instrumenting class 'com.fasterxml.jackson.databind.deser.impl.MergingSettableBeanProperty'.
2024-11-12 13:43:15,112 INFO  MethodCallReplacementClassAdapter - Adding mock interface to class com/fasterxml/jackson/databind/deser/impl/MergingSettableBeanProperty
2024-11-12 13:43:15,112 INFO  CreateClassResetClassAdapter - Creating brand-new static initializer in class com/fasterxml/jackson/databind/deser/impl/MergingSettableBeanProperty
2024-11-12 13:43:15,112 INFO  EvoClassLoader - Keeping class: com.fasterxml.jackson.databind.deser.impl.MergingSettableBeanProperty
2024-11-12 13:43:15,112 INFO  EvoClassLoader - Seeing class for first time: com.fasterxml.jackson.databind.deser.impl.InnerClassProperty
2024-11-12 13:43:15,112 INFO  EvoClassLoader - Instrumenting class 'com.fasterxml.jackson.databind.deser.impl.InnerClassProperty'.
2024-11-12 13:43:15,112 INFO  MethodCallReplacementClassAdapter - Adding mock interface to class com/fasterxml/jackson/databind/deser/impl/InnerClassProperty
2024-11-12 13:43:15,113 INFO  CreateClassResetClassAdapter - Creating brand-new static initializer in class com/fasterxml/jackson/databind/deser/impl/InnerClassProperty
2024-11-12 13:43:15,113 INFO  EvoClassLoader - Keeping class: com.fasterxml.jackson.databind.deser.impl.InnerClassProperty
2024-11-12 13:43:15,114 INFO  EvoClassLoader - Seeing class for first time: com.fasterxml.jackson.databind.deser.impl.ReadableObjectId$Referring
2024-11-12 13:43:15,114 INFO  EvoClassLoader - Instrumenting class 'com.fasterxml.jackson.databind.deser.impl.ReadableObjectId$Referring'.
2024-11-12 13:43:15,115 INFO  MethodCallReplacementClassAdapter - Adding mock interface to class com/fasterxml/jackson/databind/deser/impl/ReadableObjectId$Referring
2024-11-12 13:43:15,115 INFO  CreateClassResetClassAdapter - Creating brand-new static initializer in class com/fasterxml/jackson/databind/deser/impl/ReadableObjectId$Referring
2024-11-12 13:43:15,115 INFO  EvoClassLoader - Keeping class: com.fasterxml.jackson.databind.deser.impl.ReadableObjectId$Referring
2024-11-12 13:43:15,115 INFO  EvoClassLoader - Seeing class for first time: com.fasterxml.jackson.databind.deser.BeanDeserializer$BeanReferring
2024-11-12 13:43:15,115 INFO  EvoClassLoader - Instrumenting class 'com.fasterxml.jackson.databind.deser.BeanDeserializer$BeanReferring'.
2024-11-12 13:43:15,115 INFO  MethodCallReplacementClassAdapter - Adding mock interface to class com/fasterxml/jackson/databind/deser/BeanDeserializer$BeanReferring
2024-11-12 13:43:15,115 INFO  CreateClassResetClassAdapter - Creating brand-new static initializer in class com/fasterxml/jackson/databind/deser/BeanDeserializer$BeanReferring
2024-11-12 13:43:15,115 INFO  EvoClassLoader - Keeping class: com.fasterxml.jackson.databind.deser.BeanDeserializer$BeanReferring
2024-11-12 13:43:15,116 INFO  EvoClassLoader - Seeing class for first time: com.fasterxml.jackson.databind.deser.impl.BeanAsArrayDeserializer
2024-11-12 13:43:15,116 INFO  EvoClassLoader - Instrumenting class 'com.fasterxml.jackson.databind.deser.impl.BeanAsArrayDeserializer'.
2024-11-12 13:43:15,116 INFO  MethodCallReplacementClassAdapter - Adding mock interface to class com/fasterxml/jackson/databind/deser/impl/BeanAsArrayDeserializer
2024-11-12 13:43:15,116 INFO  CreateClassResetClassAdapter - Creating brand-new static initializer in class com/fasterxml/jackson/databind/deser/impl/BeanAsArrayDeserializer
2024-11-12 13:43:15,117 INFO  EvoClassLoader - Keeping class: com.fasterxml.jackson.databind.deser.impl.BeanAsArrayDeserializer
2024-11-12 13:43:15,117 INFO  EvoClassLoader - Seeing class for first time: com.fasterxml.jackson.databind.deser.BasicDeserializerFactory$ContainerDefaultMappings
2024-11-12 13:43:15,117 INFO  EvoClassLoader - Instrumenting class 'com.fasterxml.jackson.databind.deser.BasicDeserializerFactory$ContainerDefaultMappings'.
2024-11-12 13:43:15,118 INFO  MethodCallReplacementClassAdapter - Adding mock interface to class com/fasterxml/jackson/databind/deser/BasicDeserializerFactory$ContainerDefaultMappings
2024-11-12 13:43:15,118 INFO  CreateClassResetClassAdapter - Found static initializer in class com/fasterxml/jackson/databind/deser/BasicDeserializerFactory$ContainerDefaultMappings
2024-11-12 13:43:15,118 INFO  EvoClassLoader - Keeping class: com.fasterxml.jackson.databind.deser.BasicDeserializerFactory$ContainerDefaultMappings
2024-11-12 13:43:15,121 INFO  EvoClassLoader - Seeing class for first time: com.fasterxml.jackson.databind.deser.std.FactoryBasedEnumDeserializer
2024-11-12 13:43:15,121 INFO  EvoClassLoader - Instrumenting class 'com.fasterxml.jackson.databind.deser.std.FactoryBasedEnumDeserializer'.
2024-11-12 13:43:15,121 INFO  MethodCallReplacementClassAdapter - Adding mock interface to class com/fasterxml/jackson/databind/deser/std/FactoryBasedEnumDeserializer
2024-11-12 13:43:15,122 INFO  CreateClassResetClassAdapter - Creating brand-new static initializer in class com/fasterxml/jackson/databind/deser/std/FactoryBasedEnumDeserializer
2024-11-12 13:43:15,123 INFO  EvoClassLoader - Keeping class: com.fasterxml.jackson.databind.deser.std.FactoryBasedEnumDeserializer
2024-11-12 13:43:15,124 INFO  EvoClassLoader - Seeing class for first time: com.fasterxml.jackson.databind.util.EnumResolver
2024-11-12 13:43:15,124 INFO  EvoClassLoader - Instrumenting class 'com.fasterxml.jackson.databind.util.EnumResolver'.
2024-11-12 13:43:15,124 INFO  MethodCallReplacementClassAdapter - Adding mock interface to class com/fasterxml/jackson/databind/util/EnumResolver
2024-11-12 13:43:15,126 INFO  CreateClassResetClassAdapter - Creating brand-new static initializer in class com/fasterxml/jackson/databind/util/EnumResolver
2024-11-12 13:43:15,126 INFO  EvoClassLoader - Keeping class: com.fasterxml.jackson.databind.util.EnumResolver
2024-11-12 13:43:15,127 INFO  EvoClassLoader - Seeing class for first time: com.fasterxml.jackson.annotation.JsonEnumDefaultValue
2024-11-12 13:43:15,127 INFO  EvoClassLoader - Instrumenting class 'com.fasterxml.jackson.annotation.JsonEnumDefaultValue'.
2024-11-12 13:43:15,127 INFO  EvoClassLoader - Keeping class: com.fasterxml.jackson.annotation.JsonEnumDefaultValue
2024-11-12 13:43:15,127 INFO  EvoClassLoader - Seeing class for first time: com.fasterxml.jackson.databind.util.CompactStringObjectMap
2024-11-12 13:43:15,127 INFO  EvoClassLoader - Instrumenting class 'com.fasterxml.jackson.databind.util.CompactStringObjectMap'.
2024-11-12 13:43:15,127 INFO  MethodCallReplacementClassAdapter - Adding mock interface to class com/fasterxml/jackson/databind/util/CompactStringObjectMap
2024-11-12 13:43:15,127 INFO  CreateClassResetClassAdapter - Found static initializer in class com/fasterxml/jackson/databind/util/CompactStringObjectMap
2024-11-12 13:43:15,128 INFO  EvoClassLoader - Keeping class: com.fasterxml.jackson.databind.util.CompactStringObjectMap
2024-11-12 13:43:15,128 INFO  EvoClassLoader - Seeing class for first time: com.fasterxml.jackson.databind.util.LinkedNode
2024-11-12 13:43:15,128 INFO  EvoClassLoader - Instrumenting class 'com.fasterxml.jackson.databind.util.LinkedNode'.
2024-11-12 13:43:15,128 INFO  MethodCallReplacementClassAdapter - Adding mock interface to class com/fasterxml/jackson/databind/util/LinkedNode
2024-11-12 13:43:15,129 INFO  CreateClassResetClassAdapter - Creating brand-new static initializer in class com/fasterxml/jackson/databind/util/LinkedNode
2024-11-12 13:43:15,129 INFO  EvoClassLoader - Keeping class: com.fasterxml.jackson.databind.util.LinkedNode
2024-11-12 13:43:15,129 INFO  EvoClassLoader - Seeing class for first time: org.apache.hadoop.hdfs.server.datanode.DiskBalancerWorkItem
2024-11-12 13:43:15,129 INFO  EvoClassLoader - Instrumenting class 'org.apache.hadoop.hdfs.server.datanode.DiskBalancerWorkItem'.
2024-11-12 13:43:15,130 INFO  MethodCallReplacementClassAdapter - Adding mock interface to class org/apache/hadoop/hdfs/server/datanode/DiskBalancerWorkItem
2024-11-12 13:43:15,130 INFO  CreateClassResetClassAdapter - Found static initializer in class org/apache/hadoop/hdfs/server/datanode/DiskBalancerWorkItem
2024-11-12 13:43:15,130 INFO  EvoClassLoader - Keeping class: org.apache.hadoop.hdfs.server.datanode.DiskBalancerWorkItem
2024-11-12 13:43:15,131 INFO  EvoClassLoader - Seeing class for first time: com.fasterxml.jackson.annotation.JsonInclude
2024-11-12 13:43:15,131 INFO  EvoClassLoader - Instrumenting class 'com.fasterxml.jackson.annotation.JsonInclude'.
2024-11-12 13:43:15,132 INFO  EvoClassLoader - Keeping class: com.fasterxml.jackson.annotation.JsonInclude
2024-11-12 13:43:15,132 INFO  EvoClassLoader - Seeing class for first time: com.fasterxml.jackson.annotation.JacksonAnnotation
2024-11-12 13:43:15,132 INFO  EvoClassLoader - Instrumenting class 'com.fasterxml.jackson.annotation.JacksonAnnotation'.
2024-11-12 13:43:15,132 INFO  EvoClassLoader - Keeping class: com.fasterxml.jackson.annotation.JacksonAnnotation
2024-11-12 13:43:15,136 INFO  EvoClassLoader - Seeing class for first time: com.fasterxml.jackson.databind.deser.std.NumberDeserializers
2024-11-12 13:43:15,136 INFO  EvoClassLoader - Instrumenting class 'com.fasterxml.jackson.databind.deser.std.NumberDeserializers'.
2024-11-12 13:43:15,136 INFO  MethodCallReplacementClassAdapter - Adding mock interface to class com/fasterxml/jackson/databind/deser/std/NumberDeserializers
2024-11-12 13:43:15,137 INFO  CreateClassResetClassAdapter - Found static initializer in class com/fasterxml/jackson/databind/deser/std/NumberDeserializers
2024-11-12 13:43:15,138 INFO  EvoClassLoader - Keeping class: com.fasterxml.jackson.databind.deser.std.NumberDeserializers
2024-11-12 13:43:15,138 INFO  EvoClassLoader - Seeing class for first time: com.fasterxml.jackson.databind.deser.std.NumberDeserializers$IntegerDeserializer
2024-11-12 13:43:15,138 INFO  EvoClassLoader - Instrumenting class 'com.fasterxml.jackson.databind.deser.std.NumberDeserializers$IntegerDeserializer'.
2024-11-12 13:43:15,138 INFO  MethodCallReplacementClassAdapter - Adding mock interface to class com/fasterxml/jackson/databind/deser/std/NumberDeserializers$IntegerDeserializer
2024-11-12 13:43:15,138 INFO  CreateClassResetClassAdapter - Found static initializer in class com/fasterxml/jackson/databind/deser/std/NumberDeserializers$IntegerDeserializer
2024-11-12 13:43:15,138 INFO  EvoClassLoader - Seeing class for first time: com.fasterxml.jackson.databind.deser.std.NumberDeserializers$PrimitiveOrWrapperDeserializer
2024-11-12 13:43:15,138 INFO  EvoClassLoader - Instrumenting class 'com.fasterxml.jackson.databind.deser.std.NumberDeserializers$PrimitiveOrWrapperDeserializer'.
2024-11-12 13:43:15,139 INFO  MethodCallReplacementClassAdapter - Adding mock interface to class com/fasterxml/jackson/databind/deser/std/NumberDeserializers$PrimitiveOrWrapperDeserializer
2024-11-12 13:43:15,139 INFO  CreateClassResetClassAdapter - Creating brand-new static initializer in class com/fasterxml/jackson/databind/deser/std/NumberDeserializers$PrimitiveOrWrapperDeserializer
2024-11-12 13:43:15,139 INFO  EvoClassLoader - Keeping class: com.fasterxml.jackson.databind.deser.std.NumberDeserializers$PrimitiveOrWrapperDeserializer
2024-11-12 13:43:15,139 INFO  EvoClassLoader - Keeping class: com.fasterxml.jackson.databind.deser.std.NumberDeserializers$IntegerDeserializer
2024-11-12 13:43:15,139 INFO  EvoClassLoader - Seeing class for first time: com.fasterxml.jackson.databind.deser.std.NumberDeserializers$BooleanDeserializer
2024-11-12 13:43:15,139 INFO  EvoClassLoader - Instrumenting class 'com.fasterxml.jackson.databind.deser.std.NumberDeserializers$BooleanDeserializer'.
2024-11-12 13:43:15,139 INFO  MethodCallReplacementClassAdapter - Adding mock interface to class com/fasterxml/jackson/databind/deser/std/NumberDeserializers$BooleanDeserializer
2024-11-12 13:43:15,139 INFO  CreateClassResetClassAdapter - Found static initializer in class com/fasterxml/jackson/databind/deser/std/NumberDeserializers$BooleanDeserializer
2024-11-12 13:43:15,139 INFO  EvoClassLoader - Keeping class: com.fasterxml.jackson.databind.deser.std.NumberDeserializers$BooleanDeserializer
2024-11-12 13:43:15,139 INFO  EvoClassLoader - Seeing class for first time: com.fasterxml.jackson.databind.deser.std.NumberDeserializers$LongDeserializer
2024-11-12 13:43:15,139 INFO  EvoClassLoader - Instrumenting class 'com.fasterxml.jackson.databind.deser.std.NumberDeserializers$LongDeserializer'.
2024-11-12 13:43:15,140 INFO  MethodCallReplacementClassAdapter - Adding mock interface to class com/fasterxml/jackson/databind/deser/std/NumberDeserializers$LongDeserializer
2024-11-12 13:43:15,140 INFO  CreateClassResetClassAdapter - Found static initializer in class com/fasterxml/jackson/databind/deser/std/NumberDeserializers$LongDeserializer
2024-11-12 13:43:15,140 INFO  EvoClassLoader - Keeping class: com.fasterxml.jackson.databind.deser.std.NumberDeserializers$LongDeserializer
2024-11-12 13:43:15,140 INFO  EvoClassLoader - Seeing class for first time: com.fasterxml.jackson.databind.deser.std.NumberDeserializers$DoubleDeserializer
2024-11-12 13:43:15,140 INFO  EvoClassLoader - Instrumenting class 'com.fasterxml.jackson.databind.deser.std.NumberDeserializers$DoubleDeserializer'.
2024-11-12 13:43:15,140 INFO  MethodCallReplacementClassAdapter - Adding mock interface to class com/fasterxml/jackson/databind/deser/std/NumberDeserializers$DoubleDeserializer
2024-11-12 13:43:15,140 INFO  CreateClassResetClassAdapter - Found static initializer in class com/fasterxml/jackson/databind/deser/std/NumberDeserializers$DoubleDeserializer
2024-11-12 13:43:15,140 INFO  EvoClassLoader - Keeping class: com.fasterxml.jackson.databind.deser.std.NumberDeserializers$DoubleDeserializer
2024-11-12 13:43:15,140 INFO  EvoClassLoader - Seeing class for first time: com.fasterxml.jackson.databind.deser.std.NumberDeserializers$CharacterDeserializer
2024-11-12 13:43:15,140 INFO  EvoClassLoader - Instrumenting class 'com.fasterxml.jackson.databind.deser.std.NumberDeserializers$CharacterDeserializer'.
2024-11-12 13:43:15,140 INFO  MethodCallReplacementClassAdapter - Adding mock interface to class com/fasterxml/jackson/databind/deser/std/NumberDeserializers$CharacterDeserializer
2024-11-12 13:43:15,141 INFO  CreateClassResetClassAdapter - Found static initializer in class com/fasterxml/jackson/databind/deser/std/NumberDeserializers$CharacterDeserializer
2024-11-12 13:43:15,141 INFO  EvoClassLoader - Keeping class: com.fasterxml.jackson.databind.deser.std.NumberDeserializers$CharacterDeserializer
2024-11-12 13:43:15,141 INFO  EvoClassLoader - Seeing class for first time: com.fasterxml.jackson.databind.deser.std.NumberDeserializers$ByteDeserializer
2024-11-12 13:43:15,141 INFO  EvoClassLoader - Instrumenting class 'com.fasterxml.jackson.databind.deser.std.NumberDeserializers$ByteDeserializer'.
2024-11-12 13:43:15,141 INFO  MethodCallReplacementClassAdapter - Adding mock interface to class com/fasterxml/jackson/databind/deser/std/NumberDeserializers$ByteDeserializer
2024-11-12 13:43:15,141 INFO  CreateClassResetClassAdapter - Found static initializer in class com/fasterxml/jackson/databind/deser/std/NumberDeserializers$ByteDeserializer
2024-11-12 13:43:15,141 INFO  EvoClassLoader - Keeping class: com.fasterxml.jackson.databind.deser.std.NumberDeserializers$ByteDeserializer
2024-11-12 13:43:15,141 INFO  EvoClassLoader - Seeing class for first time: com.fasterxml.jackson.databind.deser.std.NumberDeserializers$ShortDeserializer
2024-11-12 13:43:15,141 INFO  EvoClassLoader - Instrumenting class 'com.fasterxml.jackson.databind.deser.std.NumberDeserializers$ShortDeserializer'.
2024-11-12 13:43:15,142 INFO  MethodCallReplacementClassAdapter - Adding mock interface to class com/fasterxml/jackson/databind/deser/std/NumberDeserializers$ShortDeserializer
2024-11-12 13:43:15,142 INFO  CreateClassResetClassAdapter - Found static initializer in class com/fasterxml/jackson/databind/deser/std/NumberDeserializers$ShortDeserializer
2024-11-12 13:43:15,142 INFO  EvoClassLoader - Keeping class: com.fasterxml.jackson.databind.deser.std.NumberDeserializers$ShortDeserializer
2024-11-12 13:43:15,142 INFO  EvoClassLoader - Seeing class for first time: com.fasterxml.jackson.databind.deser.std.NumberDeserializers$FloatDeserializer
2024-11-12 13:43:15,142 INFO  EvoClassLoader - Instrumenting class 'com.fasterxml.jackson.databind.deser.std.NumberDeserializers$FloatDeserializer'.
2024-11-12 13:43:15,142 INFO  MethodCallReplacementClassAdapter - Adding mock interface to class com/fasterxml/jackson/databind/deser/std/NumberDeserializers$FloatDeserializer
2024-11-12 13:43:15,142 INFO  CreateClassResetClassAdapter - Found static initializer in class com/fasterxml/jackson/databind/deser/std/NumberDeserializers$FloatDeserializer
2024-11-12 13:43:15,142 INFO  EvoClassLoader - Keeping class: com.fasterxml.jackson.databind.deser.std.NumberDeserializers$FloatDeserializer
2024-11-12 13:43:15,142 INFO  EvoClassLoader - Seeing class for first time: com.fasterxml.jackson.databind.deser.std.NumberDeserializers$NumberDeserializer
2024-11-12 13:43:15,142 INFO  EvoClassLoader - Instrumenting class 'com.fasterxml.jackson.databind.deser.std.NumberDeserializers$NumberDeserializer'.
2024-11-12 13:43:15,143 INFO  MethodCallReplacementClassAdapter - Adding mock interface to class com/fasterxml/jackson/databind/deser/std/NumberDeserializers$NumberDeserializer
2024-11-12 13:43:15,143 INFO  CreateClassResetClassAdapter - Found static initializer in class com/fasterxml/jackson/databind/deser/std/NumberDeserializers$NumberDeserializer
2024-11-12 13:43:15,143 INFO  EvoClassLoader - Keeping class: com.fasterxml.jackson.databind.deser.std.NumberDeserializers$NumberDeserializer
2024-11-12 13:43:15,143 INFO  EvoClassLoader - Seeing class for first time: com.fasterxml.jackson.databind.deser.std.NumberDeserializers$BigDecimalDeserializer
2024-11-12 13:43:15,143 INFO  EvoClassLoader - Instrumenting class 'com.fasterxml.jackson.databind.deser.std.NumberDeserializers$BigDecimalDeserializer'.
2024-11-12 13:43:15,143 INFO  MethodCallReplacementClassAdapter - Adding mock interface to class com/fasterxml/jackson/databind/deser/std/NumberDeserializers$BigDecimalDeserializer
2024-11-12 13:43:15,143 INFO  CreateClassResetClassAdapter - Found static initializer in class com/fasterxml/jackson/databind/deser/std/NumberDeserializers$BigDecimalDeserializer
2024-11-12 13:43:15,143 INFO  EvoClassLoader - Keeping class: com.fasterxml.jackson.databind.deser.std.NumberDeserializers$BigDecimalDeserializer
2024-11-12 13:43:15,143 INFO  EvoClassLoader - Seeing class for first time: com.fasterxml.jackson.databind.deser.std.NumberDeserializers$BigIntegerDeserializer
2024-11-12 13:43:15,143 INFO  EvoClassLoader - Instrumenting class 'com.fasterxml.jackson.databind.deser.std.NumberDeserializers$BigIntegerDeserializer'.
2024-11-12 13:43:15,144 INFO  MethodCallReplacementClassAdapter - Adding mock interface to class com/fasterxml/jackson/databind/deser/std/NumberDeserializers$BigIntegerDeserializer
2024-11-12 13:43:15,144 INFO  CreateClassResetClassAdapter - Found static initializer in class com/fasterxml/jackson/databind/deser/std/NumberDeserializers$BigIntegerDeserializer
2024-11-12 13:43:15,144 INFO  EvoClassLoader - Keeping class: com.fasterxml.jackson.databind.deser.std.NumberDeserializers$BigIntegerDeserializer
2024-11-12 13:43:15,149 INFO  EvoClassLoader - Seeing class for first time: org.apache.hadoop.hdfs.protocol.proto.HdfsServerProtos$VersionResponseProto
2024-11-12 13:43:15,149 INFO  EvoClassLoader - Instrumenting class 'org.apache.hadoop.hdfs.protocol.proto.HdfsServerProtos$VersionResponseProto'.
2024-11-12 13:43:15,149 INFO  MethodCallReplacementClassAdapter - Adding mock interface to class org/apache/hadoop/hdfs/protocol/proto/HdfsServerProtos$VersionResponseProto
2024-11-12 13:43:15,150 INFO  CreateClassResetClassAdapter - Found static initializer in class org/apache/hadoop/hdfs/protocol/proto/HdfsServerProtos$VersionResponseProto
2024-11-12 13:43:15,150 INFO  EvoClassLoader - Keeping class: org.apache.hadoop.hdfs.protocol.proto.HdfsServerProtos$VersionResponseProto
2024-11-12 13:43:15,151 INFO  EvoClassLoader - Seeing class for first time: org.apache.hadoop.hdfs.protocol.proto.HdfsServerProtos$NamespaceInfoProtoOrBuilder
2024-11-12 13:43:15,151 INFO  EvoClassLoader - Instrumenting class 'org.apache.hadoop.hdfs.protocol.proto.HdfsServerProtos$NamespaceInfoProtoOrBuilder'.
2024-11-12 13:43:15,151 INFO  EvoClassLoader - Keeping class: org.apache.hadoop.hdfs.protocol.proto.HdfsServerProtos$NamespaceInfoProtoOrBuilder
2024-11-12 13:43:15,151 INFO  EvoClassLoader - Seeing class for first time: org.apache.hadoop.hdfs.protocol.proto.HdfsServerProtos$VersionResponseProto$1
2024-11-12 13:43:15,151 INFO  EvoClassLoader - Instrumenting class 'org.apache.hadoop.hdfs.protocol.proto.HdfsServerProtos$VersionResponseProto$1'.
2024-11-12 13:43:15,151 INFO  MethodCallReplacementClassAdapter - Adding mock interface to class org/apache/hadoop/hdfs/protocol/proto/HdfsServerProtos$VersionResponseProto$1
2024-11-12 13:43:15,152 INFO  EvoClassLoader - Keeping class: org.apache.hadoop.hdfs.protocol.proto.HdfsServerProtos$VersionResponseProto$1
2024-11-12 13:43:15,152 INFO  EvoClassLoader - Seeing class for first time: org.apache.hadoop.hdfs.protocol.proto.HdfsServerProtos$NamenodeRegistrationProto
2024-11-12 13:43:15,152 INFO  EvoClassLoader - Instrumenting class 'org.apache.hadoop.hdfs.protocol.proto.HdfsServerProtos$NamenodeRegistrationProto'.
2024-11-12 13:43:15,152 INFO  MethodCallReplacementClassAdapter - Adding mock interface to class org/apache/hadoop/hdfs/protocol/proto/HdfsServerProtos$NamenodeRegistrationProto
2024-11-12 13:43:15,153 INFO  CreateClassResetClassAdapter - Found static initializer in class org/apache/hadoop/hdfs/protocol/proto/HdfsServerProtos$NamenodeRegistrationProto
2024-11-12 13:43:15,153 INFO  EvoClassLoader - Seeing class for first time: org.apache.hadoop.hdfs.protocol.proto.HdfsServerProtos$NamenodeRegistrationProtoOrBuilder
2024-11-12 13:43:15,153 INFO  EvoClassLoader - Instrumenting class 'org.apache.hadoop.hdfs.protocol.proto.HdfsServerProtos$NamenodeRegistrationProtoOrBuilder'.
2024-11-12 13:43:15,153 INFO  EvoClassLoader - Keeping class: org.apache.hadoop.hdfs.protocol.proto.HdfsServerProtos$NamenodeRegistrationProtoOrBuilder
2024-11-12 13:43:15,153 INFO  EvoClassLoader - Keeping class: org.apache.hadoop.hdfs.protocol.proto.HdfsServerProtos$NamenodeRegistrationProto
2024-11-12 13:43:15,154 INFO  EvoClassLoader - Seeing class for first time: org.apache.hadoop.hdfs.protocol.proto.HdfsServerProtos$NamenodeRegistrationProto$1
2024-11-12 13:43:15,154 INFO  EvoClassLoader - Instrumenting class 'org.apache.hadoop.hdfs.protocol.proto.HdfsServerProtos$NamenodeRegistrationProto$1'.
2024-11-12 13:43:15,154 INFO  MethodCallReplacementClassAdapter - Adding mock interface to class org/apache/hadoop/hdfs/protocol/proto/HdfsServerProtos$NamenodeRegistrationProto$1
2024-11-12 13:43:15,154 INFO  EvoClassLoader - Keeping class: org.apache.hadoop.hdfs.protocol.proto.HdfsServerProtos$NamenodeRegistrationProto$1
2024-11-12 13:43:15,154 INFO  EvoClassLoader - Seeing class for first time: org.apache.hadoop.util.LightWeightGSet$LinkedElement
2024-11-12 13:43:15,154 INFO  EvoClassLoader - Instrumenting class 'org.apache.hadoop.util.LightWeightGSet$LinkedElement'.
2024-11-12 13:43:15,154 INFO  EvoClassLoader - Keeping class: org.apache.hadoop.util.LightWeightGSet$LinkedElement
2024-11-12 13:43:15,154 INFO  EvoClassLoader - Seeing class for first time: org.apache.hadoop.hdfs.server.datanode.checker.DatasetVolumeChecker
2024-11-12 13:43:15,154 INFO  EvoClassLoader - Instrumenting class 'org.apache.hadoop.hdfs.server.datanode.checker.DatasetVolumeChecker'.
2024-11-12 13:43:15,155 INFO  MethodCallReplacementClassAdapter - Adding mock interface to class org/apache/hadoop/hdfs/server/datanode/checker/DatasetVolumeChecker
2024-11-12 13:43:15,155 INFO  CreateClassResetClassAdapter - Found static initializer in class org/apache/hadoop/hdfs/server/datanode/checker/DatasetVolumeChecker
2024-11-12 13:43:15,155 INFO  EvoClassLoader - Keeping class: org.apache.hadoop.hdfs.server.datanode.checker.DatasetVolumeChecker
2024-11-12 13:43:15,156 INFO  EvoClassLoader - Seeing class for first time: org.apache.hadoop.thirdparty.com.google.common.util.concurrent.FutureCallback
2024-11-12 13:43:15,156 INFO  EvoClassLoader - Instrumenting class 'org.apache.hadoop.thirdparty.com.google.common.util.concurrent.FutureCallback'.
2024-11-12 13:43:15,156 INFO  EvoClassLoader - Defined package (3): package org.apache.hadoop.thirdparty.com.google.common.util.concurrent, 872641612
2024-11-12 13:43:15,156 INFO  EvoClassLoader - Keeping class: org.apache.hadoop.thirdparty.com.google.common.util.concurrent.FutureCallback
2024-11-12 13:43:15,156 INFO  EvoClassLoader - Seeing class for first time: org.apache.hadoop.hdfs.server.datanode.checker.DatasetVolumeChecker$Callback
2024-11-12 13:43:15,156 INFO  EvoClassLoader - Instrumenting class 'org.apache.hadoop.hdfs.server.datanode.checker.DatasetVolumeChecker$Callback'.
2024-11-12 13:43:15,156 INFO  EvoClassLoader - Keeping class: org.apache.hadoop.hdfs.server.datanode.checker.DatasetVolumeChecker$Callback
2024-11-12 13:43:15,156 INFO  EvoClassLoader - Seeing class for first time: org.apache.hadoop.hdfs.server.datanode.checker.AsyncChecker
2024-11-12 13:43:15,156 INFO  EvoClassLoader - Instrumenting class 'org.apache.hadoop.hdfs.server.datanode.checker.AsyncChecker'.
2024-11-12 13:43:15,157 INFO  EvoClassLoader - Keeping class: org.apache.hadoop.hdfs.server.datanode.checker.AsyncChecker
2024-11-12 13:43:15,157 INFO  EvoClassLoader - Seeing class for first time: org.apache.hadoop.hdfs.server.datanode.fsdataset.FsVolumeSpi$VolumeCheckContext
2024-11-12 13:43:15,157 INFO  EvoClassLoader - Instrumenting class 'org.apache.hadoop.hdfs.server.datanode.fsdataset.FsVolumeSpi$VolumeCheckContext'.
2024-11-12 13:43:15,157 INFO  MethodCallReplacementClassAdapter - Adding mock interface to class org/apache/hadoop/hdfs/server/datanode/fsdataset/FsVolumeSpi$VolumeCheckContext
2024-11-12 13:43:15,158 INFO  CreateClassResetClassAdapter - Creating brand-new static initializer in class org/apache/hadoop/hdfs/server/datanode/fsdataset/FsVolumeSpi$VolumeCheckContext
2024-11-12 13:43:15,158 INFO  EvoClassLoader - Defined package (3): package org.apache.hadoop.hdfs.server.datanode.fsdataset, 340736770
2024-11-12 13:43:15,158 INFO  EvoClassLoader - Keeping class: org.apache.hadoop.hdfs.server.datanode.fsdataset.FsVolumeSpi$VolumeCheckContext
2024-11-12 13:43:15,158 INFO  EvoClassLoader - Seeing class for first time: org.apache.hadoop.ipc.protobuf.RpcHeaderProtos$RpcRequestHeaderProto$Builder
2024-11-12 13:43:15,158 INFO  EvoClassLoader - Instrumenting class 'org.apache.hadoop.ipc.protobuf.RpcHeaderProtos$RpcRequestHeaderProto$Builder'.
2024-11-12 13:43:15,158 INFO  MethodCallReplacementClassAdapter - Adding mock interface to class org/apache/hadoop/ipc/protobuf/RpcHeaderProtos$RpcRequestHeaderProto$Builder
2024-11-12 13:43:15,159 INFO  CreateClassResetClassAdapter - Creating brand-new static initializer in class org/apache/hadoop/ipc/protobuf/RpcHeaderProtos$RpcRequestHeaderProto$Builder
2024-11-12 13:43:15,160 INFO  EvoClassLoader - Keeping class: org.apache.hadoop.ipc.protobuf.RpcHeaderProtos$RpcRequestHeaderProto$Builder
2024-11-12 13:43:15,160 INFO  EvoClassLoader - Seeing class for first time: org.apache.hadoop.ipc.protobuf.RpcHeaderProtos$RPCCallerContextProto
2024-11-12 13:43:15,160 INFO  EvoClassLoader - Instrumenting class 'org.apache.hadoop.ipc.protobuf.RpcHeaderProtos$RPCCallerContextProto'.
2024-11-12 13:43:15,161 INFO  MethodCallReplacementClassAdapter - Adding mock interface to class org/apache/hadoop/ipc/protobuf/RpcHeaderProtos$RPCCallerContextProto
2024-11-12 13:43:15,161 INFO  CreateClassResetClassAdapter - Found static initializer in class org/apache/hadoop/ipc/protobuf/RpcHeaderProtos$RPCCallerContextProto
2024-11-12 13:43:15,161 INFO  EvoClassLoader - Keeping class: org.apache.hadoop.ipc.protobuf.RpcHeaderProtos$RPCCallerContextProto
2024-11-12 13:43:15,162 INFO  EvoClassLoader - Seeing class for first time: org.apache.hadoop.ipc.protobuf.RpcHeaderProtos$RPCTraceInfoProto
2024-11-12 13:43:15,162 INFO  EvoClassLoader - Instrumenting class 'org.apache.hadoop.ipc.protobuf.RpcHeaderProtos$RPCTraceInfoProto'.
2024-11-12 13:43:15,162 INFO  MethodCallReplacementClassAdapter - Adding mock interface to class org/apache/hadoop/ipc/protobuf/RpcHeaderProtos$RPCTraceInfoProto
2024-11-12 13:43:15,162 INFO  CreateClassResetClassAdapter - Found static initializer in class org/apache/hadoop/ipc/protobuf/RpcHeaderProtos$RPCTraceInfoProto
2024-11-12 13:43:15,163 INFO  EvoClassLoader - Keeping class: org.apache.hadoop.ipc.protobuf.RpcHeaderProtos$RPCTraceInfoProto
2024-11-12 13:43:15,163 INFO  EvoClassLoader - Seeing class for first time: org.apache.hadoop.fs.RawLocalFileSystem$LocalFSFileInputStream
2024-11-12 13:43:15,163 INFO  EvoClassLoader - Instrumenting class 'org.apache.hadoop.fs.RawLocalFileSystem$LocalFSFileInputStream'.
2024-11-12 13:43:15,164 INFO  MethodCallReplacementClassAdapter - Adding mock interface to class org/apache/hadoop/fs/RawLocalFileSystem$LocalFSFileInputStream
2024-11-12 13:43:15,165 INFO  CreateClassResetClassAdapter - Creating brand-new static initializer in class org/apache/hadoop/fs/RawLocalFileSystem$LocalFSFileInputStream
2024-11-12 13:43:15,166 INFO  EvoClassLoader - Keeping class: org.apache.hadoop.fs.RawLocalFileSystem$LocalFSFileInputStream
2024-11-12 13:43:15,166 INFO  EvoClassLoader - Seeing class for first time: org.apache.hadoop.fs.statistics.IOStatistics
2024-11-12 13:43:15,166 INFO  EvoClassLoader - Instrumenting class 'org.apache.hadoop.fs.statistics.IOStatistics'.
2024-11-12 13:43:15,167 INFO  EvoClassLoader - Keeping class: org.apache.hadoop.fs.statistics.IOStatistics
2024-11-12 13:43:15,167 INFO  EvoClassLoader - Seeing class for first time: org.apache.hadoop.fs.FSError
2024-11-12 13:43:15,167 INFO  EvoClassLoader - Instrumenting class 'org.apache.hadoop.fs.FSError'.
2024-11-12 13:43:15,168 INFO  MethodCallReplacementClassAdapter - Adding mock interface to class org/apache/hadoop/fs/FSError
2024-11-12 13:43:15,168 INFO  CreateClassResetClassAdapter - Creating brand-new static initializer in class org/apache/hadoop/fs/FSError
2024-11-12 13:43:15,168 INFO  EvoClassLoader - Keeping class: org.apache.hadoop.fs.FSError
2024-11-12 13:43:15,168 INFO  EvoClassLoader - Seeing class for first time: org.apache.hadoop.hdfs.protocol.proto.DatanodeProtocolProtos$RegisterCommandProto
2024-11-12 13:43:15,168 INFO  EvoClassLoader - Instrumenting class 'org.apache.hadoop.hdfs.protocol.proto.DatanodeProtocolProtos$RegisterCommandProto'.
2024-11-12 13:43:15,168 INFO  MethodCallReplacementClassAdapter - Adding mock interface to class org/apache/hadoop/hdfs/protocol/proto/DatanodeProtocolProtos$RegisterCommandProto
2024-11-12 13:43:15,168 INFO  CreateClassResetClassAdapter - Found static initializer in class org/apache/hadoop/hdfs/protocol/proto/DatanodeProtocolProtos$RegisterCommandProto
2024-11-12 13:43:15,169 INFO  EvoClassLoader - Seeing class for first time: org.apache.hadoop.hdfs.protocol.proto.DatanodeProtocolProtos$RegisterCommandProtoOrBuilder
2024-11-12 13:43:15,169 INFO  EvoClassLoader - Instrumenting class 'org.apache.hadoop.hdfs.protocol.proto.DatanodeProtocolProtos$RegisterCommandProtoOrBuilder'.
2024-11-12 13:43:15,169 INFO  EvoClassLoader - Keeping class: org.apache.hadoop.hdfs.protocol.proto.DatanodeProtocolProtos$RegisterCommandProtoOrBuilder
2024-11-12 13:43:15,169 INFO  EvoClassLoader - Keeping class: org.apache.hadoop.hdfs.protocol.proto.DatanodeProtocolProtos$RegisterCommandProto
2024-11-12 13:43:15,169 INFO  EvoClassLoader - Seeing class for first time: org.apache.hadoop.hdfs.protocol.proto.DatanodeProtocolProtos$RegisterCommandProto$1
2024-11-12 13:43:15,169 INFO  EvoClassLoader - Instrumenting class 'org.apache.hadoop.hdfs.protocol.proto.DatanodeProtocolProtos$RegisterCommandProto$1'.
2024-11-12 13:43:15,169 INFO  MethodCallReplacementClassAdapter - Adding mock interface to class org/apache/hadoop/hdfs/protocol/proto/DatanodeProtocolProtos$RegisterCommandProto$1
2024-11-12 13:43:15,170 INFO  EvoClassLoader - Keeping class: org.apache.hadoop.hdfs.protocol.proto.DatanodeProtocolProtos$RegisterCommandProto$1
2024-11-12 13:43:15,170 INFO  EvoClassLoader - Seeing class for first time: org.apache.hadoop.hdfs.protocol.RollingUpgradeStatus
2024-11-12 13:43:15,170 INFO  EvoClassLoader - Instrumenting class 'org.apache.hadoop.hdfs.protocol.RollingUpgradeStatus'.
2024-11-12 13:43:15,170 INFO  MethodCallReplacementClassAdapter - Adding mock interface to class org/apache/hadoop/hdfs/protocol/RollingUpgradeStatus
2024-11-12 13:43:15,170 INFO  CreateClassResetClassAdapter - Creating brand-new static initializer in class org/apache/hadoop/hdfs/protocol/RollingUpgradeStatus
2024-11-12 13:43:15,170 INFO  EvoClassLoader - Keeping class: org.apache.hadoop.hdfs.protocol.RollingUpgradeStatus
2024-11-12 13:43:15,170 INFO  EvoClassLoader - Seeing class for first time: org.eclipse.jetty.util.component.LifeCycle
2024-11-12 13:43:15,170 INFO  EvoClassLoader - Instrumenting class 'org.eclipse.jetty.util.component.LifeCycle'.
2024-11-12 13:43:15,181 INFO  EvoClassLoader - Keeping class: org.eclipse.jetty.util.component.LifeCycle
2024-11-12 13:43:15,182 INFO  EvoClassLoader - Seeing class for first time: org.apache.hadoop.hdfs.qjournal.protocol.QJournalProtocolProtos$PersistedRecoveryPaxosData$1
2024-11-12 13:43:15,182 INFO  EvoClassLoader - Instrumenting class 'org.apache.hadoop.hdfs.qjournal.protocol.QJournalProtocolProtos$PersistedRecoveryPaxosData$1'.
2024-11-12 13:43:15,182 INFO  MethodCallReplacementClassAdapter - Adding mock interface to class org/apache/hadoop/hdfs/qjournal/protocol/QJournalProtocolProtos$PersistedRecoveryPaxosData$1
2024-11-12 13:43:15,182 INFO  EvoClassLoader - Keeping class: org.apache.hadoop.hdfs.qjournal.protocol.QJournalProtocolProtos$PersistedRecoveryPaxosData$1
2024-11-12 13:43:15,182 INFO  EvoClassLoader - Seeing class for first time: org.apache.hadoop.hdfs.qjournal.protocol.QJournalProtocolProtos$DoRollbackRequestProto$Builder
2024-11-12 13:43:15,182 INFO  EvoClassLoader - Instrumenting class 'org.apache.hadoop.hdfs.qjournal.protocol.QJournalProtocolProtos$DoRollbackRequestProto$Builder'.
2024-11-12 13:43:15,182 INFO  MethodCallReplacementClassAdapter - Adding mock interface to class org/apache/hadoop/hdfs/qjournal/protocol/QJournalProtocolProtos$DoRollbackRequestProto$Builder
2024-11-12 13:43:15,183 INFO  CreateClassResetClassAdapter - Creating brand-new static initializer in class org/apache/hadoop/hdfs/qjournal/protocol/QJournalProtocolProtos$DoRollbackRequestProto$Builder
2024-11-12 13:43:15,184 INFO  EvoClassLoader - Keeping class: org.apache.hadoop.hdfs.qjournal.protocol.QJournalProtocolProtos$DoRollbackRequestProto$Builder
2024-11-12 13:43:15,185 INFO  EvoClassLoader - Seeing class for first time: org.apache.hadoop.conf.ReconfigurationUtil
2024-11-12 13:43:15,185 INFO  EvoClassLoader - Instrumenting class 'org.apache.hadoop.conf.ReconfigurationUtil'.
2024-11-12 13:43:15,185 INFO  MethodCallReplacementClassAdapter - Adding mock interface to class org/apache/hadoop/conf/ReconfigurationUtil
2024-11-12 13:43:15,185 INFO  CreateClassResetClassAdapter - Creating brand-new static initializer in class org/apache/hadoop/conf/ReconfigurationUtil
2024-11-12 13:43:15,185 INFO  EvoClassLoader - Keeping class: org.apache.hadoop.conf.ReconfigurationUtil
2024-11-12 13:43:15,186 INFO  EvoClassLoader - Seeing class for first time: org.apache.hadoop.fs.BlockStoragePolicySpi
2024-11-12 13:43:15,186 INFO  EvoClassLoader - Instrumenting class 'org.apache.hadoop.fs.BlockStoragePolicySpi'.
2024-11-12 13:43:15,186 INFO  EvoClassLoader - Keeping class: org.apache.hadoop.fs.BlockStoragePolicySpi
2024-11-12 13:43:15,187 INFO  EvoClassLoader - Seeing class for first time: org.apache.hadoop.hdfs.protocol.datatransfer.IOStreamPair
2024-11-12 13:43:15,187 INFO  EvoClassLoader - Instrumenting class 'org.apache.hadoop.hdfs.protocol.datatransfer.IOStreamPair'.
2024-11-12 13:43:15,187 INFO  MethodCallReplacementClassAdapter - Adding mock interface to class org/apache/hadoop/hdfs/protocol/datatransfer/IOStreamPair
2024-11-12 13:43:15,187 INFO  CreateClassResetClassAdapter - Creating brand-new static initializer in class org/apache/hadoop/hdfs/protocol/datatransfer/IOStreamPair
2024-11-12 13:43:15,187 INFO  EvoClassLoader - Defined package (3): package org.apache.hadoop.hdfs.protocol.datatransfer, -312567207
2024-11-12 13:43:15,187 INFO  EvoClassLoader - Keeping class: org.apache.hadoop.hdfs.protocol.datatransfer.IOStreamPair
2024-11-12 13:43:15,187 INFO  EvoClassLoader - Seeing class for first time: org.apache.hadoop.io.Text$Comparator
2024-11-12 13:43:15,187 INFO  EvoClassLoader - Instrumenting class 'org.apache.hadoop.io.Text$Comparator'.
2024-11-12 13:43:15,188 INFO  MethodCallReplacementClassAdapter - Adding mock interface to class org/apache/hadoop/io/Text$Comparator
2024-11-12 13:43:15,188 INFO  CreateClassResetClassAdapter - Creating brand-new static initializer in class org/apache/hadoop/io/Text$Comparator
2024-11-12 13:43:15,188 INFO  EvoClassLoader - Seeing class for first time: org.apache.hadoop.io.WritableComparator
2024-11-12 13:43:15,188 INFO  EvoClassLoader - Instrumenting class 'org.apache.hadoop.io.WritableComparator'.
2024-11-12 13:43:15,188 INFO  MethodCallReplacementClassAdapter - Adding mock interface to class org/apache/hadoop/io/WritableComparator
2024-11-12 13:43:15,190 INFO  CreateClassResetClassAdapter - Found static initializer in class org/apache/hadoop/io/WritableComparator
2024-11-12 13:43:15,191 INFO  EvoClassLoader - Seeing class for first time: org.apache.hadoop.io.RawComparator
2024-11-12 13:43:15,191 INFO  EvoClassLoader - Instrumenting class 'org.apache.hadoop.io.RawComparator'.
2024-11-12 13:43:15,192 INFO  EvoClassLoader - Keeping class: org.apache.hadoop.io.RawComparator
2024-11-12 13:43:15,192 INFO  EvoClassLoader - Keeping class: org.apache.hadoop.io.WritableComparator
2024-11-12 13:43:15,192 INFO  EvoClassLoader - Keeping class: org.apache.hadoop.io.Text$Comparator
2024-11-12 13:43:15,192 INFO  EvoClassLoader - Seeing class for first time: org.apache.hadoop.fs.SafeModeAction
2024-11-12 13:43:15,192 INFO  EvoClassLoader - Instrumenting class 'org.apache.hadoop.fs.SafeModeAction'.
2024-11-12 13:43:15,192 INFO  MethodCallReplacementClassAdapter - Adding mock interface to class org/apache/hadoop/fs/SafeModeAction
2024-11-12 13:43:15,192 INFO  CreateClassResetClassAdapter - Found static initializer in class org/apache/hadoop/fs/SafeModeAction
2024-11-12 13:43:15,193 INFO  EvoClassLoader - Keeping class: org.apache.hadoop.fs.SafeModeAction
2024-11-12 13:43:15,193 INFO  EvoClassLoader - Seeing class for first time: org.apache.hadoop.fs.ChecksumException
2024-11-12 13:43:15,193 INFO  EvoClassLoader - Instrumenting class 'org.apache.hadoop.fs.ChecksumException'.
2024-11-12 13:43:15,193 INFO  MethodCallReplacementClassAdapter - Adding mock interface to class org/apache/hadoop/fs/ChecksumException
2024-11-12 13:43:15,193 INFO  CreateClassResetClassAdapter - Creating brand-new static initializer in class org/apache/hadoop/fs/ChecksumException
2024-11-12 13:43:15,193 INFO  EvoClassLoader - Keeping class: org.apache.hadoop.fs.ChecksumException
2024-11-12 13:43:15,193 INFO  EvoClassLoader - Seeing class for first time: org.apache.hadoop.hdfs.CannotObtainBlockLengthException
2024-11-12 13:43:15,193 INFO  EvoClassLoader - Instrumenting class 'org.apache.hadoop.hdfs.CannotObtainBlockLengthException'.
2024-11-12 13:43:15,194 INFO  MethodCallReplacementClassAdapter - Adding mock interface to class org/apache/hadoop/hdfs/CannotObtainBlockLengthException
2024-11-12 13:43:15,194 INFO  CreateClassResetClassAdapter - Creating brand-new static initializer in class org/apache/hadoop/hdfs/CannotObtainBlockLengthException
2024-11-12 13:43:15,194 INFO  EvoClassLoader - Keeping class: org.apache.hadoop.hdfs.CannotObtainBlockLengthException
2024-11-12 13:43:15,194 INFO  EvoClassLoader - Seeing class for first time: org.apache.hadoop.hdfs.RemotePeerFactory
2024-11-12 13:43:15,194 INFO  EvoClassLoader - Instrumenting class 'org.apache.hadoop.hdfs.RemotePeerFactory'.
2024-11-12 13:43:15,194 INFO  EvoClassLoader - Keeping class: org.apache.hadoop.hdfs.RemotePeerFactory
2024-11-12 13:43:15,194 INFO  EvoClassLoader - Seeing class for first time: org.apache.hadoop.hdfs.BlockMissingException
2024-11-12 13:43:15,194 INFO  EvoClassLoader - Instrumenting class 'org.apache.hadoop.hdfs.BlockMissingException'.
2024-11-12 13:43:15,195 INFO  MethodCallReplacementClassAdapter - Adding mock interface to class org/apache/hadoop/hdfs/BlockMissingException
2024-11-12 13:43:15,195 INFO  CreateClassResetClassAdapter - Creating brand-new static initializer in class org/apache/hadoop/hdfs/BlockMissingException
2024-11-12 13:43:15,195 INFO  EvoClassLoader - Keeping class: org.apache.hadoop.hdfs.BlockMissingException
2024-11-12 13:43:15,196 INFO  EvoClassLoader - Seeing class for first time: org.apache.hadoop.hdfs.ReaderStrategy
2024-11-12 13:43:15,196 INFO  EvoClassLoader - Instrumenting class 'org.apache.hadoop.hdfs.ReaderStrategy'.
2024-11-12 13:43:15,196 INFO  EvoClassLoader - Keeping class: org.apache.hadoop.hdfs.ReaderStrategy
2024-11-12 13:43:15,196 INFO  EvoClassLoader - Seeing class for first time: org.apache.hadoop.util.IdentityHashStore$Visitor
2024-11-12 13:43:15,196 INFO  EvoClassLoader - Instrumenting class 'org.apache.hadoop.util.IdentityHashStore$Visitor'.
2024-11-12 13:43:15,197 INFO  EvoClassLoader - Keeping class: org.apache.hadoop.util.IdentityHashStore$Visitor
2024-11-12 13:43:15,198 INFO  EvoClassLoader - Seeing class for first time: org.apache.hadoop.thirdparty.protobuf.DescriptorProtos$EnumOptions$Builder
2024-11-12 13:43:15,198 INFO  EvoClassLoader - Instrumenting class 'org.apache.hadoop.thirdparty.protobuf.DescriptorProtos$EnumOptions$Builder'.
2024-11-12 13:43:15,199 INFO  MethodCallReplacementClassAdapter - Adding mock interface to class org/apache/hadoop/thirdparty/protobuf/DescriptorProtos$EnumOptions$Builder
2024-11-12 13:43:15,200 INFO  CreateClassResetClassAdapter - Creating brand-new static initializer in class org/apache/hadoop/thirdparty/protobuf/DescriptorProtos$EnumOptions$Builder
2024-11-12 13:43:15,201 INFO  EvoClassLoader - Keeping class: org.apache.hadoop.thirdparty.protobuf.DescriptorProtos$EnumOptions$Builder
2024-11-12 13:43:15,202 INFO  EvoClassLoader - Seeing class for first time: org.apache.hadoop.hdfs.qjournal.protocol.QJournalProtocolProtos$StartLogSegmentResponseProto
2024-11-12 13:43:15,202 INFO  EvoClassLoader - Instrumenting class 'org.apache.hadoop.hdfs.qjournal.protocol.QJournalProtocolProtos$StartLogSegmentResponseProto'.
2024-11-12 13:43:15,203 INFO  MethodCallReplacementClassAdapter - Adding mock interface to class org/apache/hadoop/hdfs/qjournal/protocol/QJournalProtocolProtos$StartLogSegmentResponseProto
2024-11-12 13:43:15,203 INFO  CreateClassResetClassAdapter - Found static initializer in class org/apache/hadoop/hdfs/qjournal/protocol/QJournalProtocolProtos$StartLogSegmentResponseProto
2024-11-12 13:43:15,204 INFO  EvoClassLoader - Seeing class for first time: org.apache.hadoop.hdfs.qjournal.protocol.QJournalProtocolProtos$StartLogSegmentResponseProtoOrBuilder
2024-11-12 13:43:15,204 INFO  EvoClassLoader - Instrumenting class 'org.apache.hadoop.hdfs.qjournal.protocol.QJournalProtocolProtos$StartLogSegmentResponseProtoOrBuilder'.
2024-11-12 13:43:15,205 INFO  EvoClassLoader - Keeping class: org.apache.hadoop.hdfs.qjournal.protocol.QJournalProtocolProtos$StartLogSegmentResponseProtoOrBuilder
2024-11-12 13:43:15,205 INFO  EvoClassLoader - Keeping class: org.apache.hadoop.hdfs.qjournal.protocol.QJournalProtocolProtos$StartLogSegmentResponseProto
2024-11-12 13:43:15,205 INFO  EvoClassLoader - Seeing class for first time: org.apache.hadoop.hdfs.qjournal.protocol.QJournalProtocolProtos$StartLogSegmentResponseProto$1
2024-11-12 13:43:15,205 INFO  EvoClassLoader - Instrumenting class 'org.apache.hadoop.hdfs.qjournal.protocol.QJournalProtocolProtos$StartLogSegmentResponseProto$1'.
2024-11-12 13:43:15,205 INFO  MethodCallReplacementClassAdapter - Adding mock interface to class org/apache/hadoop/hdfs/qjournal/protocol/QJournalProtocolProtos$StartLogSegmentResponseProto$1
2024-11-12 13:43:15,205 INFO  EvoClassLoader - Keeping class: org.apache.hadoop.hdfs.qjournal.protocol.QJournalProtocolProtos$StartLogSegmentResponseProto$1
2024-11-12 13:43:15,205 INFO  EvoClassLoader - Seeing class for first time: org.apache.hadoop.hdfs.protocol.proto.HdfsServerProtos$CheckpointCommandProto
2024-11-12 13:43:15,205 INFO  EvoClassLoader - Instrumenting class 'org.apache.hadoop.hdfs.protocol.proto.HdfsServerProtos$CheckpointCommandProto'.
2024-11-12 13:43:15,206 INFO  MethodCallReplacementClassAdapter - Adding mock interface to class org/apache/hadoop/hdfs/protocol/proto/HdfsServerProtos$CheckpointCommandProto
2024-11-12 13:43:15,206 INFO  CreateClassResetClassAdapter - Found static initializer in class org/apache/hadoop/hdfs/protocol/proto/HdfsServerProtos$CheckpointCommandProto
2024-11-12 13:43:15,206 INFO  EvoClassLoader - Keeping class: org.apache.hadoop.hdfs.protocol.proto.HdfsServerProtos$CheckpointCommandProto
2024-11-12 13:43:15,206 INFO  EvoClassLoader - Seeing class for first time: org.apache.hadoop.hdfs.protocol.proto.HdfsServerProtos$CheckpointSignatureProtoOrBuilder
2024-11-12 13:43:15,206 INFO  EvoClassLoader - Instrumenting class 'org.apache.hadoop.hdfs.protocol.proto.HdfsServerProtos$CheckpointSignatureProtoOrBuilder'.
2024-11-12 13:43:15,207 INFO  EvoClassLoader - Keeping class: org.apache.hadoop.hdfs.protocol.proto.HdfsServerProtos$CheckpointSignatureProtoOrBuilder
2024-11-12 13:43:15,207 INFO  EvoClassLoader - Seeing class for first time: org.apache.hadoop.hdfs.protocol.proto.HdfsServerProtos$CheckpointCommandProto$1
2024-11-12 13:43:15,207 INFO  EvoClassLoader - Instrumenting class 'org.apache.hadoop.hdfs.protocol.proto.HdfsServerProtos$CheckpointCommandProto$1'.
2024-11-12 13:43:15,207 INFO  MethodCallReplacementClassAdapter - Adding mock interface to class org/apache/hadoop/hdfs/protocol/proto/HdfsServerProtos$CheckpointCommandProto$1
2024-11-12 13:43:15,207 INFO  EvoClassLoader - Keeping class: org.apache.hadoop.hdfs.protocol.proto.HdfsServerProtos$CheckpointCommandProto$1
2024-11-12 13:43:15,207 INFO  EvoClassLoader - Seeing class for first time: org.apache.hadoop.hdfs.qjournal.protocol.QJournalProtocolProtos$NewEpochRequestProto$1
2024-11-12 13:43:15,207 INFO  EvoClassLoader - Instrumenting class 'org.apache.hadoop.hdfs.qjournal.protocol.QJournalProtocolProtos$NewEpochRequestProto$1'.
2024-11-12 13:43:15,208 INFO  MethodCallReplacementClassAdapter - Adding mock interface to class org/apache/hadoop/hdfs/qjournal/protocol/QJournalProtocolProtos$NewEpochRequestProto$1
2024-11-12 13:43:15,208 INFO  EvoClassLoader - Keeping class: org.apache.hadoop.hdfs.qjournal.protocol.QJournalProtocolProtos$NewEpochRequestProto$1
2024-11-12 13:43:15,208 INFO  EvoClassLoader - Seeing class for first time: org.apache.hadoop.thirdparty.protobuf.DynamicMessage
2024-11-12 13:43:15,208 INFO  EvoClassLoader - Instrumenting class 'org.apache.hadoop.thirdparty.protobuf.DynamicMessage'.
2024-11-12 13:43:15,208 INFO  MethodCallReplacementClassAdapter - Adding mock interface to class org/apache/hadoop/thirdparty/protobuf/DynamicMessage
2024-11-12 13:43:15,209 INFO  CreateClassResetClassAdapter - Creating brand-new static initializer in class org/apache/hadoop/thirdparty/protobuf/DynamicMessage
2024-11-12 13:43:15,209 INFO  EvoClassLoader - Keeping class: org.apache.hadoop.thirdparty.protobuf.DynamicMessage
2024-11-12 13:43:15,210 INFO  EvoClassLoader - Seeing class for first time: org.apache.hadoop.fs.LocatedFileStatus
2024-11-12 13:43:15,210 INFO  EvoClassLoader - Instrumenting class 'org.apache.hadoop.fs.LocatedFileStatus'.
2024-11-12 13:43:15,210 INFO  MethodCallReplacementClassAdapter - Adding mock interface to class org/apache/hadoop/fs/LocatedFileStatus
2024-11-12 13:43:15,210 INFO  CreateClassResetClassAdapter - Creating brand-new static initializer in class org/apache/hadoop/fs/LocatedFileStatus
2024-11-12 13:43:15,211 INFO  EvoClassLoader - Keeping class: org.apache.hadoop.fs.LocatedFileStatus
2024-11-12 13:43:15,211 INFO  EvoClassLoader - Seeing class for first time: org.apache.hadoop.hdfs.protocol.HdfsPathHandle
2024-11-12 13:43:15,211 INFO  EvoClassLoader - Instrumenting class 'org.apache.hadoop.hdfs.protocol.HdfsPathHandle'.
2024-11-12 13:43:15,212 INFO  MethodCallReplacementClassAdapter - Adding mock interface to class org/apache/hadoop/hdfs/protocol/HdfsPathHandle
2024-11-12 13:43:15,212 INFO  CreateClassResetClassAdapter - Creating brand-new static initializer in class org/apache/hadoop/hdfs/protocol/HdfsPathHandle
2024-11-12 13:43:15,212 INFO  EvoClassLoader - Seeing class for first time: org.apache.hadoop.fs.PathHandle
2024-11-12 13:43:15,212 INFO  EvoClassLoader - Instrumenting class 'org.apache.hadoop.fs.PathHandle'.
2024-11-12 13:43:15,213 INFO  EvoClassLoader - Keeping class: org.apache.hadoop.fs.PathHandle
2024-11-12 13:43:15,213 INFO  EvoClassLoader - Keeping class: org.apache.hadoop.hdfs.protocol.HdfsPathHandle
2024-11-12 13:43:15,213 INFO  EvoClassLoader - Seeing class for first time: org.apache.hadoop.fs.InvalidPathHandleException
2024-11-12 13:43:15,213 INFO  EvoClassLoader - Instrumenting class 'org.apache.hadoop.fs.InvalidPathHandleException'.
2024-11-12 13:43:15,214 INFO  MethodCallReplacementClassAdapter - Adding mock interface to class org/apache/hadoop/fs/InvalidPathHandleException
2024-11-12 13:43:15,214 INFO  CreateClassResetClassAdapter - Creating brand-new static initializer in class org/apache/hadoop/fs/InvalidPathHandleException
2024-11-12 13:43:15,214 INFO  EvoClassLoader - Keeping class: org.apache.hadoop.fs.InvalidPathHandleException
2024-11-12 13:43:15,214 INFO  EvoClassLoader - Seeing class for first time: org.apache.hadoop.hdfs.server.datanode.DNConf
2024-11-12 13:43:15,214 INFO  EvoClassLoader - Instrumenting class 'org.apache.hadoop.hdfs.server.datanode.DNConf'.
2024-11-12 13:43:15,215 INFO  MethodCallReplacementClassAdapter - Adding mock interface to class org/apache/hadoop/hdfs/server/datanode/DNConf
2024-11-12 13:43:15,215 INFO  CreateClassResetClassAdapter - Creating brand-new static initializer in class org/apache/hadoop/hdfs/server/datanode/DNConf
2024-11-12 13:43:15,216 INFO  EvoClassLoader - Keeping class: org.apache.hadoop.hdfs.server.datanode.DNConf
2024-11-12 13:43:15,216 INFO  EvoClassLoader - Seeing class for first time: org.apache.hadoop.hdfs.protocol.proto.HdfsServerProtos$NamespaceInfoProto$1
2024-11-12 13:43:15,216 INFO  EvoClassLoader - Instrumenting class 'org.apache.hadoop.hdfs.protocol.proto.HdfsServerProtos$NamespaceInfoProto$1'.
2024-11-12 13:43:15,216 INFO  MethodCallReplacementClassAdapter - Adding mock interface to class org/apache/hadoop/hdfs/protocol/proto/HdfsServerProtos$NamespaceInfoProto$1
2024-11-12 13:43:15,216 INFO  EvoClassLoader - Keeping class: org.apache.hadoop.hdfs.protocol.proto.HdfsServerProtos$NamespaceInfoProto$1
2024-11-12 13:43:15,216 INFO  EvoClassLoader - Seeing class for first time: org.apache.hadoop.hdfs.qjournal.protocol.QJournalProtocolProtos$CanRollBackRequestProto$1
2024-11-12 13:43:15,216 INFO  EvoClassLoader - Instrumenting class 'org.apache.hadoop.hdfs.qjournal.protocol.QJournalProtocolProtos$CanRollBackRequestProto$1'.
2024-11-12 13:43:15,217 INFO  MethodCallReplacementClassAdapter - Adding mock interface to class org/apache/hadoop/hdfs/qjournal/protocol/QJournalProtocolProtos$CanRollBackRequestProto$1
2024-11-12 13:43:15,217 INFO  EvoClassLoader - Keeping class: org.apache.hadoop.hdfs.qjournal.protocol.QJournalProtocolProtos$CanRollBackRequestProto$1
2024-11-12 13:43:15,217 INFO  EvoClassLoader - Seeing class for first time: org.apache.commons.cli.ParseException
2024-11-12 13:43:15,217 INFO  EvoClassLoader - Instrumenting class 'org.apache.commons.cli.ParseException'.
2024-11-12 13:43:15,217 INFO  MethodCallReplacementClassAdapter - Adding mock interface to class org/apache/commons/cli/ParseException
2024-11-12 13:43:15,217 INFO  CreateClassResetClassAdapter - Creating brand-new static initializer in class org/apache/commons/cli/ParseException
2024-11-12 13:43:15,217 INFO  EvoClassLoader - Keeping class: org.apache.commons.cli.ParseException
2024-11-12 13:43:15,217 INFO  EvoClassLoader - Seeing class for first time: org.apache.hadoop.thirdparty.protobuf.DescriptorProtos$SourceCodeInfo$Location
2024-11-12 13:43:15,217 INFO  EvoClassLoader - Instrumenting class 'org.apache.hadoop.thirdparty.protobuf.DescriptorProtos$SourceCodeInfo$Location'.
2024-11-12 13:43:15,217 INFO  MethodCallReplacementClassAdapter - Adding mock interface to class org/apache/hadoop/thirdparty/protobuf/DescriptorProtos$SourceCodeInfo$Location
2024-11-12 13:43:15,218 INFO  CreateClassResetClassAdapter - Found static initializer in class org/apache/hadoop/thirdparty/protobuf/DescriptorProtos$SourceCodeInfo$Location
2024-11-12 13:43:15,218 INFO  EvoClassLoader - Seeing class for first time: org.apache.hadoop.thirdparty.protobuf.DescriptorProtos$SourceCodeInfo$LocationOrBuilder
2024-11-12 13:43:15,218 INFO  EvoClassLoader - Instrumenting class 'org.apache.hadoop.thirdparty.protobuf.DescriptorProtos$SourceCodeInfo$LocationOrBuilder'.
2024-11-12 13:43:15,219 INFO  EvoClassLoader - Keeping class: org.apache.hadoop.thirdparty.protobuf.DescriptorProtos$SourceCodeInfo$LocationOrBuilder
2024-11-12 13:43:15,219 INFO  EvoClassLoader - Keeping class: org.apache.hadoop.thirdparty.protobuf.DescriptorProtos$SourceCodeInfo$Location
2024-11-12 13:43:15,219 INFO  EvoClassLoader - Seeing class for first time: org.apache.hadoop.thirdparty.protobuf.DescriptorProtos$SourceCodeInfo$Location$1
2024-11-12 13:43:15,219 INFO  EvoClassLoader - Instrumenting class 'org.apache.hadoop.thirdparty.protobuf.DescriptorProtos$SourceCodeInfo$Location$1'.
2024-11-12 13:43:15,220 INFO  MethodCallReplacementClassAdapter - Adding mock interface to class org/apache/hadoop/thirdparty/protobuf/DescriptorProtos$SourceCodeInfo$Location$1
2024-11-12 13:43:15,220 INFO  EvoClassLoader - Keeping class: org.apache.hadoop.thirdparty.protobuf.DescriptorProtos$SourceCodeInfo$Location$1
2024-11-12 13:43:15,220 INFO  EvoClassLoader - Seeing class for first time: org.apache.hadoop.thirdparty.protobuf.Value$1
2024-11-12 13:43:15,220 INFO  EvoClassLoader - Instrumenting class 'org.apache.hadoop.thirdparty.protobuf.Value$1'.
2024-11-12 13:43:15,220 INFO  MethodCallReplacementClassAdapter - Adding mock interface to class org/apache/hadoop/thirdparty/protobuf/Value$1
2024-11-12 13:43:15,220 INFO  EvoClassLoader - Keeping class: org.apache.hadoop.thirdparty.protobuf.Value$1
2024-11-12 13:43:15,220 INFO  EvoClassLoader - Seeing class for first time: org.apache.hadoop.hdfs.qjournal.protocol.QJournalProtocolProtos$PrepareRecoveryResponseProtoOrBuilder
2024-11-12 13:43:15,220 INFO  EvoClassLoader - Instrumenting class 'org.apache.hadoop.hdfs.qjournal.protocol.QJournalProtocolProtos$PrepareRecoveryResponseProtoOrBuilder'.
2024-11-12 13:43:15,221 INFO  EvoClassLoader - Keeping class: org.apache.hadoop.hdfs.qjournal.protocol.QJournalProtocolProtos$PrepareRecoveryResponseProtoOrBuilder
2024-11-12 13:43:15,221 INFO  EvoClassLoader - Seeing class for first time: org.apache.hadoop.hdfs.qjournal.protocol.QJournalProtocolProtos$DoUpgradeResponseProto
2024-11-12 13:43:15,221 INFO  EvoClassLoader - Instrumenting class 'org.apache.hadoop.hdfs.qjournal.protocol.QJournalProtocolProtos$DoUpgradeResponseProto'.
2024-11-12 13:43:15,221 INFO  MethodCallReplacementClassAdapter - Adding mock interface to class org/apache/hadoop/hdfs/qjournal/protocol/QJournalProtocolProtos$DoUpgradeResponseProto
2024-11-12 13:43:15,221 INFO  CreateClassResetClassAdapter - Found static initializer in class org/apache/hadoop/hdfs/qjournal/protocol/QJournalProtocolProtos$DoUpgradeResponseProto
2024-11-12 13:43:15,222 INFO  EvoClassLoader - Seeing class for first time: org.apache.hadoop.hdfs.qjournal.protocol.QJournalProtocolProtos$DoUpgradeResponseProtoOrBuilder
2024-11-12 13:43:15,222 INFO  EvoClassLoader - Instrumenting class 'org.apache.hadoop.hdfs.qjournal.protocol.QJournalProtocolProtos$DoUpgradeResponseProtoOrBuilder'.
2024-11-12 13:43:15,222 INFO  EvoClassLoader - Keeping class: org.apache.hadoop.hdfs.qjournal.protocol.QJournalProtocolProtos$DoUpgradeResponseProtoOrBuilder
2024-11-12 13:43:15,222 INFO  EvoClassLoader - Keeping class: org.apache.hadoop.hdfs.qjournal.protocol.QJournalProtocolProtos$DoUpgradeResponseProto
2024-11-12 13:43:15,222 INFO  EvoClassLoader - Seeing class for first time: org.apache.hadoop.hdfs.qjournal.protocol.QJournalProtocolProtos$DoUpgradeResponseProto$1
2024-11-12 13:43:15,222 INFO  EvoClassLoader - Instrumenting class 'org.apache.hadoop.hdfs.qjournal.protocol.QJournalProtocolProtos$DoUpgradeResponseProto$1'.
2024-11-12 13:43:15,222 INFO  MethodCallReplacementClassAdapter - Adding mock interface to class org/apache/hadoop/hdfs/qjournal/protocol/QJournalProtocolProtos$DoUpgradeResponseProto$1
2024-11-12 13:43:15,222 INFO  EvoClassLoader - Keeping class: org.apache.hadoop.hdfs.qjournal.protocol.QJournalProtocolProtos$DoUpgradeResponseProto$1
2024-11-12 13:43:15,223 INFO  EvoClassLoader - Seeing class for first time: org.apache.hadoop.thirdparty.protobuf.UnknownFieldSet$Field
2024-11-12 13:43:15,223 INFO  EvoClassLoader - Instrumenting class 'org.apache.hadoop.thirdparty.protobuf.UnknownFieldSet$Field'.
2024-11-12 13:43:15,223 INFO  MethodCallReplacementClassAdapter - Adding mock interface to class org/apache/hadoop/thirdparty/protobuf/UnknownFieldSet$Field
2024-11-12 13:43:15,223 INFO  CreateClassResetClassAdapter - Found static initializer in class org/apache/hadoop/thirdparty/protobuf/UnknownFieldSet$Field
2024-11-12 13:43:15,224 INFO  EvoClassLoader - Keeping class: org.apache.hadoop.thirdparty.protobuf.UnknownFieldSet$Field
2024-11-12 13:43:15,224 INFO  EvoClassLoader - Seeing class for first time: org.apache.hadoop.hdfs.qjournal.protocol.QJournalProtocolProtos$GetJournaledEditsResponseProto$Builder
2024-11-12 13:43:15,224 INFO  EvoClassLoader - Instrumenting class 'org.apache.hadoop.hdfs.qjournal.protocol.QJournalProtocolProtos$GetJournaledEditsResponseProto$Builder'.
2024-11-12 13:43:15,225 INFO  MethodCallReplacementClassAdapter - Adding mock interface to class org/apache/hadoop/hdfs/qjournal/protocol/QJournalProtocolProtos$GetJournaledEditsResponseProto$Builder
2024-11-12 13:43:15,225 INFO  CreateClassResetClassAdapter - Creating brand-new static initializer in class org/apache/hadoop/hdfs/qjournal/protocol/QJournalProtocolProtos$GetJournaledEditsResponseProto$Builder
2024-11-12 13:43:15,226 INFO  EvoClassLoader - Seeing class for first time: org.apache.hadoop.hdfs.qjournal.protocol.QJournalProtocolProtos$GetJournaledEditsResponseProtoOrBuilder
2024-11-12 13:43:15,226 INFO  EvoClassLoader - Instrumenting class 'org.apache.hadoop.hdfs.qjournal.protocol.QJournalProtocolProtos$GetJournaledEditsResponseProtoOrBuilder'.
2024-11-12 13:43:15,226 INFO  EvoClassLoader - Keeping class: org.apache.hadoop.hdfs.qjournal.protocol.QJournalProtocolProtos$GetJournaledEditsResponseProtoOrBuilder
2024-11-12 13:43:15,226 INFO  EvoClassLoader - Keeping class: org.apache.hadoop.hdfs.qjournal.protocol.QJournalProtocolProtos$GetJournaledEditsResponseProto$Builder
2024-11-12 13:43:15,226 INFO  EvoClassLoader - Seeing class for first time: org.apache.hadoop.tracing.Tracer
2024-11-12 13:43:15,226 INFO  EvoClassLoader - Instrumenting class 'org.apache.hadoop.tracing.Tracer'.
2024-11-12 13:43:15,226 INFO  MethodCallReplacementClassAdapter - Adding mock interface to class org/apache/hadoop/tracing/Tracer
2024-11-12 13:43:15,226 INFO  CreateClassResetClassAdapter - Found static initializer in class org/apache/hadoop/tracing/Tracer
2024-11-12 13:43:15,227 INFO  EvoClassLoader - Defined package (3): package org.apache.hadoop.tracing, 1849968911
2024-11-12 13:43:15,227 INFO  EvoClassLoader - Keeping class: org.apache.hadoop.tracing.Tracer
2024-11-12 13:43:15,227 INFO  EvoClassLoader - Seeing class for first time: org.apache.hadoop.tracing.TraceScope
2024-11-12 13:43:15,227 INFO  EvoClassLoader - Instrumenting class 'org.apache.hadoop.tracing.TraceScope'.
2024-11-12 13:43:15,227 INFO  MethodCallReplacementClassAdapter - Adding mock interface to class org/apache/hadoop/tracing/TraceScope
2024-11-12 13:43:15,227 INFO  CreateClassResetClassAdapter - Creating brand-new static initializer in class org/apache/hadoop/tracing/TraceScope
2024-11-12 13:43:15,227 INFO  EvoClassLoader - Keeping class: org.apache.hadoop.tracing.TraceScope
2024-11-12 13:43:15,227 INFO  EvoClassLoader - Seeing class for first time: org.apache.hadoop.tracing.NullTraceScope
2024-11-12 13:43:15,227 INFO  EvoClassLoader - Instrumenting class 'org.apache.hadoop.tracing.NullTraceScope'.
2024-11-12 13:43:15,227 INFO  MethodCallReplacementClassAdapter - Adding mock interface to class org/apache/hadoop/tracing/NullTraceScope
2024-11-12 13:43:15,227 INFO  CreateClassResetClassAdapter - Found static initializer in class org/apache/hadoop/tracing/NullTraceScope
2024-11-12 13:43:15,227 INFO  EvoClassLoader - Keeping class: org.apache.hadoop.tracing.NullTraceScope
2024-11-12 13:43:15,227 INFO  EvoClassLoader - Seeing class for first time: org.apache.hadoop.hdfs.qjournal.protocol.RequestInfo
2024-11-12 13:43:15,227 INFO  EvoClassLoader - Instrumenting class 'org.apache.hadoop.hdfs.qjournal.protocol.RequestInfo'.
2024-11-12 13:43:15,227 INFO  MethodCallReplacementClassAdapter - Adding mock interface to class org/apache/hadoop/hdfs/qjournal/protocol/RequestInfo
2024-11-12 13:43:15,228 INFO  CreateClassResetClassAdapter - Creating brand-new static initializer in class org/apache/hadoop/hdfs/qjournal/protocol/RequestInfo
2024-11-12 13:43:15,228 INFO  EvoClassLoader - Keeping class: org.apache.hadoop.hdfs.qjournal.protocol.RequestInfo
2024-11-12 13:43:15,228 INFO  EvoClassLoader - Seeing class for first time: org.apache.hadoop.hdfs.DFSOutputStream
2024-11-12 13:43:15,228 INFO  EvoClassLoader - Instrumenting class 'org.apache.hadoop.hdfs.DFSOutputStream'.
2024-11-12 13:43:15,228 INFO  MethodCallReplacementClassAdapter - Adding mock interface to class org/apache/hadoop/hdfs/DFSOutputStream
2024-11-12 13:43:15,231 INFO  CreateClassResetClassAdapter - Found static initializer in class org/apache/hadoop/hdfs/DFSOutputStream
2024-11-12 13:43:15,233 INFO  EvoClassLoader - Seeing class for first time: org.apache.hadoop.fs.FSOutputSummer
2024-11-12 13:43:15,233 INFO  EvoClassLoader - Instrumenting class 'org.apache.hadoop.fs.FSOutputSummer'.
2024-11-12 13:43:15,233 INFO  MethodCallReplacementClassAdapter - Adding mock interface to class org/apache/hadoop/fs/FSOutputSummer
2024-11-12 13:43:15,234 INFO  CreateClassResetClassAdapter - Creating brand-new static initializer in class org/apache/hadoop/fs/FSOutputSummer
2024-11-12 13:43:15,234 INFO  CreateClassResetClassAdapter - Adding bytecode for initializing field BUFFER_NUM_CHUNKS
2024-11-12 13:43:15,234 INFO  EvoClassLoader - Keeping class: org.apache.hadoop.fs.FSOutputSummer
2024-11-12 13:43:15,234 INFO  EvoClassLoader - Keeping class: org.apache.hadoop.hdfs.DFSOutputStream
2024-11-12 13:43:15,234 INFO  EvoClassLoader - Seeing class for first time: org.apache.hadoop.ipc.RemoteException
2024-11-12 13:43:15,234 INFO  EvoClassLoader - Instrumenting class 'org.apache.hadoop.ipc.RemoteException'.
2024-11-12 13:43:15,234 INFO  MethodCallReplacementClassAdapter - Adding mock interface to class org/apache/hadoop/ipc/RemoteException
2024-11-12 13:43:15,234 INFO  CreateClassResetClassAdapter - Creating brand-new static initializer in class org/apache/hadoop/ipc/RemoteException
2024-11-12 13:43:15,234 INFO  CreateClassResetClassAdapter - Adding bytecode for initializing field UNSPECIFIED_ERROR
2024-11-12 13:43:15,235 INFO  EvoClassLoader - Keeping class: org.apache.hadoop.ipc.RemoteException
2024-11-12 13:43:15,235 INFO  EvoClassLoader - Seeing class for first time: org.apache.hadoop.hdfs.DFSStripedOutputStream
2024-11-12 13:43:15,235 INFO  EvoClassLoader - Instrumenting class 'org.apache.hadoop.hdfs.DFSStripedOutputStream'.
2024-11-12 13:43:15,235 INFO  MethodCallReplacementClassAdapter - Adding mock interface to class org/apache/hadoop/hdfs/DFSStripedOutputStream
2024-11-12 13:43:15,238 INFO  CreateClassResetClassAdapter - Found static initializer in class org/apache/hadoop/hdfs/DFSStripedOutputStream
2024-11-12 13:43:15,239 INFO  EvoClassLoader - Keeping class: org.apache.hadoop.hdfs.DFSStripedOutputStream
2024-11-12 13:43:15,241 INFO  EvoClassLoader - Seeing class for first time: org.apache.hadoop.crypto.CryptoProtocolVersion
2024-11-12 13:43:15,241 INFO  EvoClassLoader - Instrumenting class 'org.apache.hadoop.crypto.CryptoProtocolVersion'.
2024-11-12 13:43:15,241 INFO  MethodCallReplacementClassAdapter - Adding mock interface to class org/apache/hadoop/crypto/CryptoProtocolVersion
2024-11-12 13:43:15,241 INFO  CreateClassResetClassAdapter - Found static initializer in class org/apache/hadoop/crypto/CryptoProtocolVersion
2024-11-12 13:43:15,241 INFO  EvoClassLoader - Keeping class: org.apache.hadoop.crypto.CryptoProtocolVersion
2024-11-12 13:43:15,241 INFO  EvoClassLoader - Seeing class for first time: org.apache.hadoop.hdfs.qjournal.protocol.QJournalProtocolProtos$IsFormattedResponseProtoOrBuilder
2024-11-12 13:43:15,241 INFO  EvoClassLoader - Instrumenting class 'org.apache.hadoop.hdfs.qjournal.protocol.QJournalProtocolProtos$IsFormattedResponseProtoOrBuilder'.
2024-11-12 13:43:15,242 INFO  EvoClassLoader - Keeping class: org.apache.hadoop.hdfs.qjournal.protocol.QJournalProtocolProtos$IsFormattedResponseProtoOrBuilder
2024-11-12 13:43:15,242 INFO  EvoClassLoader - Seeing class for first time: org.apache.hadoop.fs.permission.AclStatus
2024-11-12 13:43:15,242 INFO  EvoClassLoader - Instrumenting class 'org.apache.hadoop.fs.permission.AclStatus'.
2024-11-12 13:43:15,242 INFO  MethodCallReplacementClassAdapter - Adding mock interface to class org/apache/hadoop/fs/permission/AclStatus
2024-11-12 13:43:15,242 INFO  CreateClassResetClassAdapter - Creating brand-new static initializer in class org/apache/hadoop/fs/permission/AclStatus
2024-11-12 13:43:15,242 INFO  EvoClassLoader - Keeping class: org.apache.hadoop.fs.permission.AclStatus
2024-11-12 13:43:15,243 INFO  EvoClassLoader - Seeing class for first time: org.apache.hadoop.hdfs.server.datanode.Replica
2024-11-12 13:43:15,243 INFO  EvoClassLoader - Instrumenting class 'org.apache.hadoop.hdfs.server.datanode.Replica'.
2024-11-12 13:43:15,243 INFO  EvoClassLoader - Keeping class: org.apache.hadoop.hdfs.server.datanode.Replica
2024-11-12 13:43:15,243 INFO  EvoClassLoader - Seeing class for first time: org.apache.hadoop.thirdparty.protobuf.DescriptorProtos$ServiceOptions$Builder
2024-11-12 13:43:15,243 INFO  EvoClassLoader - Instrumenting class 'org.apache.hadoop.thirdparty.protobuf.DescriptorProtos$ServiceOptions$Builder'.
2024-11-12 13:43:15,244 INFO  MethodCallReplacementClassAdapter - Adding mock interface to class org/apache/hadoop/thirdparty/protobuf/DescriptorProtos$ServiceOptions$Builder
2024-11-12 13:43:15,245 INFO  CreateClassResetClassAdapter - Creating brand-new static initializer in class org/apache/hadoop/thirdparty/protobuf/DescriptorProtos$ServiceOptions$Builder
2024-11-12 13:43:15,245 INFO  EvoClassLoader - Keeping class: org.apache.hadoop.thirdparty.protobuf.DescriptorProtos$ServiceOptions$Builder
2024-11-12 13:43:15,246 INFO  EvoClassLoader - Seeing class for first time: org.apache.hadoop.hdfs.qjournal.protocol.QJournalProtocolProtos$GetJournalStateResponseProto$1
2024-11-12 13:43:15,246 INFO  EvoClassLoader - Instrumenting class 'org.apache.hadoop.hdfs.qjournal.protocol.QJournalProtocolProtos$GetJournalStateResponseProto$1'.
2024-11-12 13:43:15,246 INFO  MethodCallReplacementClassAdapter - Adding mock interface to class org/apache/hadoop/hdfs/qjournal/protocol/QJournalProtocolProtos$GetJournalStateResponseProto$1
2024-11-12 13:43:15,247 INFO  EvoClassLoader - Keeping class: org.apache.hadoop.hdfs.qjournal.protocol.QJournalProtocolProtos$GetJournalStateResponseProto$1
2024-11-12 13:43:15,247 INFO  EvoClassLoader - Seeing class for first time: org.apache.hadoop.hdfs.FileChecksumHelper$FileChecksumComputer
2024-11-12 13:43:15,247 INFO  EvoClassLoader - Instrumenting class 'org.apache.hadoop.hdfs.FileChecksumHelper$FileChecksumComputer'.
2024-11-12 13:43:15,247 INFO  MethodCallReplacementClassAdapter - Adding mock interface to class org/apache/hadoop/hdfs/FileChecksumHelper$FileChecksumComputer
2024-11-12 13:43:15,248 INFO  CreateClassResetClassAdapter - Creating brand-new static initializer in class org/apache/hadoop/hdfs/FileChecksumHelper$FileChecksumComputer
2024-11-12 13:43:15,249 INFO  EvoClassLoader - Keeping class: org.apache.hadoop.hdfs.FileChecksumHelper$FileChecksumComputer
2024-11-12 13:43:15,249 INFO  EvoClassLoader - Seeing class for first time: org.apache.hadoop.fs.FileChecksum
2024-11-12 13:43:15,249 INFO  EvoClassLoader - Instrumenting class 'org.apache.hadoop.fs.FileChecksum'.
2024-11-12 13:43:15,249 INFO  MethodCallReplacementClassAdapter - Adding mock interface to class org/apache/hadoop/fs/FileChecksum
2024-11-12 13:43:15,249 INFO  CreateClassResetClassAdapter - Creating brand-new static initializer in class org/apache/hadoop/fs/FileChecksum
2024-11-12 13:43:15,249 INFO  EvoClassLoader - Keeping class: org.apache.hadoop.fs.FileChecksum
2024-11-12 13:43:15,249 INFO  EvoClassLoader - Seeing class for first time: org.apache.hadoop.fs.MD5MD5CRC32GzipFileChecksum
2024-11-12 13:43:15,249 INFO  EvoClassLoader - Instrumenting class 'org.apache.hadoop.fs.MD5MD5CRC32GzipFileChecksum'.
2024-11-12 13:43:15,250 INFO  MethodCallReplacementClassAdapter - Adding mock interface to class org/apache/hadoop/fs/MD5MD5CRC32GzipFileChecksum
2024-11-12 13:43:15,250 INFO  CreateClassResetClassAdapter - Creating brand-new static initializer in class org/apache/hadoop/fs/MD5MD5CRC32GzipFileChecksum
2024-11-12 13:43:15,250 INFO  EvoClassLoader - Seeing class for first time: org.apache.hadoop.fs.MD5MD5CRC32FileChecksum
2024-11-12 13:43:15,250 INFO  EvoClassLoader - Instrumenting class 'org.apache.hadoop.fs.MD5MD5CRC32FileChecksum'.
2024-11-12 13:43:15,250 INFO  MethodCallReplacementClassAdapter - Adding mock interface to class org/apache/hadoop/fs/MD5MD5CRC32FileChecksum
2024-11-12 13:43:15,250 INFO  CreateClassResetClassAdapter - Creating brand-new static initializer in class org/apache/hadoop/fs/MD5MD5CRC32FileChecksum
2024-11-12 13:43:15,250 INFO  CreateClassResetClassAdapter - Adding bytecode for initializing field LENGTH
2024-11-12 13:43:15,250 INFO  EvoClassLoader - Keeping class: org.apache.hadoop.fs.MD5MD5CRC32FileChecksum
2024-11-12 13:43:15,250 INFO  EvoClassLoader - Keeping class: org.apache.hadoop.fs.MD5MD5CRC32GzipFileChecksum
2024-11-12 13:43:15,250 INFO  EvoClassLoader - Seeing class for first time: org.apache.hadoop.fs.MD5MD5CRC32CastagnoliFileChecksum
2024-11-12 13:43:15,250 INFO  EvoClassLoader - Instrumenting class 'org.apache.hadoop.fs.MD5MD5CRC32CastagnoliFileChecksum'.
2024-11-12 13:43:15,250 INFO  MethodCallReplacementClassAdapter - Adding mock interface to class org/apache/hadoop/fs/MD5MD5CRC32CastagnoliFileChecksum
2024-11-12 13:43:15,251 INFO  CreateClassResetClassAdapter - Creating brand-new static initializer in class org/apache/hadoop/fs/MD5MD5CRC32CastagnoliFileChecksum
2024-11-12 13:43:15,251 INFO  EvoClassLoader - Keeping class: org.apache.hadoop.fs.MD5MD5CRC32CastagnoliFileChecksum
2024-11-12 13:43:15,251 INFO  EvoClassLoader - Seeing class for first time: org.apache.hadoop.fs.CompositeCrcFileChecksum
2024-11-12 13:43:15,251 INFO  EvoClassLoader - Instrumenting class 'org.apache.hadoop.fs.CompositeCrcFileChecksum'.
2024-11-12 13:43:15,251 INFO  MethodCallReplacementClassAdapter - Adding mock interface to class org/apache/hadoop/fs/CompositeCrcFileChecksum
2024-11-12 13:43:15,252 INFO  CreateClassResetClassAdapter - Creating brand-new static initializer in class org/apache/hadoop/fs/CompositeCrcFileChecksum
2024-11-12 13:43:15,252 INFO  CreateClassResetClassAdapter - Adding bytecode for initializing field LENGTH
2024-11-12 13:43:15,252 INFO  EvoClassLoader - Keeping class: org.apache.hadoop.fs.CompositeCrcFileChecksum
2024-11-12 13:43:15,252 INFO  EvoClassLoader - Seeing class for first time: net.bytebuddy.description.NamedElement
2024-11-12 13:43:15,252 INFO  EvoClassLoader - Instrumenting class 'net.bytebuddy.description.NamedElement'.
2024-11-12 13:43:15,253 INFO  EvoClassLoader - Keeping class: net.bytebuddy.description.NamedElement
2024-11-12 13:43:15,253 INFO  EvoClassLoader - Seeing class for first time: org.apache.hadoop.hdfs.security.token.block.DataEncryptionKey
2024-11-12 13:43:15,253 INFO  EvoClassLoader - Instrumenting class 'org.apache.hadoop.hdfs.security.token.block.DataEncryptionKey'.
2024-11-12 13:43:15,254 INFO  MethodCallReplacementClassAdapter - Adding mock interface to class org/apache/hadoop/hdfs/security/token/block/DataEncryptionKey
2024-11-12 13:43:15,254 INFO  CreateClassResetClassAdapter - Creating brand-new static initializer in class org/apache/hadoop/hdfs/security/token/block/DataEncryptionKey
2024-11-12 13:43:15,254 INFO  EvoClassLoader - Keeping class: org.apache.hadoop.hdfs.security.token.block.DataEncryptionKey
2024-11-12 13:43:15,254 INFO  EvoClassLoader - Seeing class for first time: org.apache.hadoop.hdfs.qjournal.protocol.QJournalProtocolProtos$DoFinalizeResponseProto
2024-11-12 13:43:15,254 INFO  EvoClassLoader - Instrumenting class 'org.apache.hadoop.hdfs.qjournal.protocol.QJournalProtocolProtos$DoFinalizeResponseProto'.
2024-11-12 13:43:15,254 INFO  MethodCallReplacementClassAdapter - Adding mock interface to class org/apache/hadoop/hdfs/qjournal/protocol/QJournalProtocolProtos$DoFinalizeResponseProto
2024-11-12 13:43:15,255 INFO  CreateClassResetClassAdapter - Found static initializer in class org/apache/hadoop/hdfs/qjournal/protocol/QJournalProtocolProtos$DoFinalizeResponseProto
2024-11-12 13:43:15,255 INFO  EvoClassLoader - Keeping class: org.apache.hadoop.hdfs.qjournal.protocol.QJournalProtocolProtos$DoFinalizeResponseProto
2024-11-12 13:43:15,255 INFO  EvoClassLoader - Seeing class for first time: org.apache.hadoop.hdfs.qjournal.protocol.QJournalProtocolProtos$DoFinalizeResponseProto$1
2024-11-12 13:43:15,255 INFO  EvoClassLoader - Instrumenting class 'org.apache.hadoop.hdfs.qjournal.protocol.QJournalProtocolProtos$DoFinalizeResponseProto$1'.
2024-11-12 13:43:15,256 INFO  MethodCallReplacementClassAdapter - Adding mock interface to class org/apache/hadoop/hdfs/qjournal/protocol/QJournalProtocolProtos$DoFinalizeResponseProto$1
2024-11-12 13:43:15,256 INFO  EvoClassLoader - Keeping class: org.apache.hadoop.hdfs.qjournal.protocol.QJournalProtocolProtos$DoFinalizeResponseProto$1
2024-11-12 13:43:15,256 INFO  EvoClassLoader - Seeing class for first time: org.apache.hadoop.hdfs.server.datanode.ReplicaUnderRecovery
2024-11-12 13:43:15,256 INFO  EvoClassLoader - Instrumenting class 'org.apache.hadoop.hdfs.server.datanode.ReplicaUnderRecovery'.
2024-11-12 13:43:15,256 INFO  MethodCallReplacementClassAdapter - Adding mock interface to class org/apache/hadoop/hdfs/server/datanode/ReplicaUnderRecovery
2024-11-12 13:43:15,257 INFO  CreateClassResetClassAdapter - Creating brand-new static initializer in class org/apache/hadoop/hdfs/server/datanode/ReplicaUnderRecovery
2024-11-12 13:43:15,257 INFO  EvoClassLoader - Seeing class for first time: org.apache.hadoop.hdfs.server.datanode.LocalReplica
2024-11-12 13:43:15,257 INFO  EvoClassLoader - Instrumenting class 'org.apache.hadoop.hdfs.server.datanode.LocalReplica'.
2024-11-12 13:43:15,257 INFO  MethodCallReplacementClassAdapter - Adding mock interface to class org/apache/hadoop/hdfs/server/datanode/LocalReplica
2024-11-12 13:43:15,258 INFO  CreateClassResetClassAdapter - Found static initializer in class org/apache/hadoop/hdfs/server/datanode/LocalReplica
2024-11-12 13:43:15,259 INFO  EvoClassLoader - Seeing class for first time: org.apache.hadoop.hdfs.server.datanode.ReplicaInfo
2024-11-12 13:43:15,259 INFO  EvoClassLoader - Instrumenting class 'org.apache.hadoop.hdfs.server.datanode.ReplicaInfo'.
2024-11-12 13:43:15,259 INFO  MethodCallReplacementClassAdapter - Adding mock interface to class org/apache/hadoop/hdfs/server/datanode/ReplicaInfo
2024-11-12 13:43:15,259 INFO  CreateClassResetClassAdapter - Found static initializer in class org/apache/hadoop/hdfs/server/datanode/ReplicaInfo
2024-11-12 13:43:15,260 INFO  EvoClassLoader - Seeing class for first time: org.apache.hadoop.hdfs.protocol.Block
2024-11-12 13:43:15,260 INFO  EvoClassLoader - Instrumenting class 'org.apache.hadoop.hdfs.protocol.Block'.
2024-11-12 13:43:15,260 INFO  MethodCallReplacementClassAdapter - Adding mock interface to class org/apache/hadoop/hdfs/protocol/Block
2024-11-12 13:43:15,261 INFO  CreateClassResetClassAdapter - Found static initializer in class org/apache/hadoop/hdfs/protocol/Block
2024-11-12 13:43:15,261 INFO  EvoClassLoader - Keeping class: org.apache.hadoop.hdfs.protocol.Block
2024-11-12 13:43:15,261 INFO  EvoClassLoader - Keeping class: org.apache.hadoop.hdfs.server.datanode.ReplicaInfo
2024-11-12 13:43:15,261 INFO  EvoClassLoader - Keeping class: org.apache.hadoop.hdfs.server.datanode.LocalReplica
2024-11-12 13:43:15,261 INFO  EvoClassLoader - Keeping class: org.apache.hadoop.hdfs.server.datanode.ReplicaUnderRecovery
2024-11-12 13:43:15,262 INFO  EvoClassLoader - Seeing class for first time: org.apache.hadoop.hdfs.protocol.Block$1
2024-11-12 13:43:15,262 INFO  EvoClassLoader - Instrumenting class 'org.apache.hadoop.hdfs.protocol.Block$1'.
2024-11-12 13:43:15,262 INFO  MethodCallReplacementClassAdapter - Adding mock interface to class org/apache/hadoop/hdfs/protocol/Block$1
2024-11-12 13:43:15,262 INFO  EvoClassLoader - Keeping class: org.apache.hadoop.hdfs.protocol.Block$1
2024-11-12 13:43:15,262 INFO  EvoClassLoader - Seeing class for first time: org.apache.hadoop.hdfs.server.datanode.FileIoProvider
2024-11-12 13:43:15,262 INFO  EvoClassLoader - Instrumenting class 'org.apache.hadoop.hdfs.server.datanode.FileIoProvider'.
2024-11-12 13:43:15,263 INFO  MethodCallReplacementClassAdapter - Adding mock interface to class org/apache/hadoop/hdfs/server/datanode/FileIoProvider
2024-11-12 13:43:15,263 INFO  CreateClassResetClassAdapter - Found static initializer in class org/apache/hadoop/hdfs/server/datanode/FileIoProvider
2024-11-12 13:43:15,264 INFO  EvoClassLoader - Keeping class: org.apache.hadoop.hdfs.server.datanode.FileIoProvider
2024-11-12 13:43:15,264 INFO  EvoClassLoader - Seeing class for first time: org.apache.hadoop.hdfs.server.datanode.FileIoProvider$WrappedRandomAccessFile
2024-11-12 13:43:15,264 INFO  EvoClassLoader - Instrumenting class 'org.apache.hadoop.hdfs.server.datanode.FileIoProvider$WrappedRandomAccessFile'.
2024-11-12 13:43:15,264 INFO  MethodCallReplacementClassAdapter - Adding mock interface to class org/apache/hadoop/hdfs/server/datanode/FileIoProvider$WrappedRandomAccessFile
2024-11-12 13:43:15,264 INFO  CreateClassResetClassAdapter - Creating brand-new static initializer in class org/apache/hadoop/hdfs/server/datanode/FileIoProvider$WrappedRandomAccessFile
2024-11-12 13:43:15,265 INFO  EvoClassLoader - Keeping class: org.apache.hadoop.hdfs.server.datanode.FileIoProvider$WrappedRandomAccessFile
2024-11-12 13:43:15,265 INFO  EvoClassLoader - Seeing class for first time: org.apache.hadoop.hdfs.server.datanode.FileIoProvider$WrappedFileOutputStream
2024-11-12 13:43:15,265 INFO  EvoClassLoader - Instrumenting class 'org.apache.hadoop.hdfs.server.datanode.FileIoProvider$WrappedFileOutputStream'.
2024-11-12 13:43:15,266 INFO  MethodCallReplacementClassAdapter - Adding mock interface to class org/apache/hadoop/hdfs/server/datanode/FileIoProvider$WrappedFileOutputStream
2024-11-12 13:43:15,266 INFO  CreateClassResetClassAdapter - Creating brand-new static initializer in class org/apache/hadoop/hdfs/server/datanode/FileIoProvider$WrappedFileOutputStream
2024-11-12 13:43:15,266 INFO  EvoClassLoader - Keeping class: org.apache.hadoop.hdfs.server.datanode.FileIoProvider$WrappedFileOutputStream
2024-11-12 13:43:15,267 INFO  EvoClassLoader - Seeing class for first time: org.apache.hadoop.hdfs.server.datanode.ProfilingFileIoEvents
2024-11-12 13:43:15,267 INFO  EvoClassLoader - Instrumenting class 'org.apache.hadoop.hdfs.server.datanode.ProfilingFileIoEvents'.
2024-11-12 13:43:15,267 INFO  MethodCallReplacementClassAdapter - Adding mock interface to class org/apache/hadoop/hdfs/server/datanode/ProfilingFileIoEvents
2024-11-12 13:43:15,267 INFO  CreateClassResetClassAdapter - Found static initializer in class org/apache/hadoop/hdfs/server/datanode/ProfilingFileIoEvents
2024-11-12 13:43:15,267 INFO  EvoClassLoader - Keeping class: org.apache.hadoop.hdfs.server.datanode.ProfilingFileIoEvents
2024-11-12 13:43:15,268 INFO  EvoClassLoader - Seeing class for first time: org.apache.hadoop.hdfs.server.datanode.FaultInjectorFileIoEvents
2024-11-12 13:43:15,268 INFO  EvoClassLoader - Instrumenting class 'org.apache.hadoop.hdfs.server.datanode.FaultInjectorFileIoEvents'.
2024-11-12 13:43:15,268 INFO  MethodCallReplacementClassAdapter - Adding mock interface to class org/apache/hadoop/hdfs/server/datanode/FaultInjectorFileIoEvents
2024-11-12 13:43:15,268 INFO  CreateClassResetClassAdapter - Creating brand-new static initializer in class org/apache/hadoop/hdfs/server/datanode/FaultInjectorFileIoEvents
2024-11-12 13:43:15,268 INFO  EvoClassLoader - Keeping class: org.apache.hadoop.hdfs.server.datanode.FaultInjectorFileIoEvents
2024-11-12 13:43:15,269 INFO  EvoClassLoader - Seeing class for first time: org.apache.hadoop.security.KerberosInfo
2024-11-12 13:43:15,269 INFO  EvoClassLoader - Instrumenting class 'org.apache.hadoop.security.KerberosInfo'.
2024-11-12 13:43:15,269 INFO  EvoClassLoader - Keeping class: org.apache.hadoop.security.KerberosInfo
2024-11-12 13:43:15,269 INFO  EvoClassLoader - Seeing class for first time: org.apache.hadoop.hdfs.DistributedFileSystem$PartialListingIterator
2024-11-12 13:43:15,269 INFO  EvoClassLoader - Instrumenting class 'org.apache.hadoop.hdfs.DistributedFileSystem$PartialListingIterator'.
2024-11-12 13:43:15,269 INFO  MethodCallReplacementClassAdapter - Adding mock interface to class org/apache/hadoop/hdfs/DistributedFileSystem$PartialListingIterator
2024-11-12 13:43:15,269 INFO  CreateClassResetClassAdapter - Creating brand-new static initializer in class org/apache/hadoop/hdfs/DistributedFileSystem$PartialListingIterator
2024-11-12 13:43:15,270 INFO  EvoClassLoader - Keeping class: org.apache.hadoop.hdfs.DistributedFileSystem$PartialListingIterator
2024-11-12 13:43:15,270 INFO  EvoClassLoader - Seeing class for first time: org.apache.hadoop.hdfs.qjournal.protocol.QJournalProtocolProtos$GetJournaledEditsRequestProto$Builder
2024-11-12 13:43:15,270 INFO  EvoClassLoader - Instrumenting class 'org.apache.hadoop.hdfs.qjournal.protocol.QJournalProtocolProtos$GetJournaledEditsRequestProto$Builder'.
2024-11-12 13:43:15,270 INFO  MethodCallReplacementClassAdapter - Adding mock interface to class org/apache/hadoop/hdfs/qjournal/protocol/QJournalProtocolProtos$GetJournaledEditsRequestProto$Builder
2024-11-12 13:43:15,271 INFO  CreateClassResetClassAdapter - Creating brand-new static initializer in class org/apache/hadoop/hdfs/qjournal/protocol/QJournalProtocolProtos$GetJournaledEditsRequestProto$Builder
2024-11-12 13:43:15,272 INFO  EvoClassLoader - Seeing class for first time: org.apache.hadoop.hdfs.qjournal.protocol.QJournalProtocolProtos$GetJournaledEditsRequestProtoOrBuilder
2024-11-12 13:43:15,272 INFO  EvoClassLoader - Instrumenting class 'org.apache.hadoop.hdfs.qjournal.protocol.QJournalProtocolProtos$GetJournaledEditsRequestProtoOrBuilder'.
2024-11-12 13:43:15,272 INFO  EvoClassLoader - Keeping class: org.apache.hadoop.hdfs.qjournal.protocol.QJournalProtocolProtos$GetJournaledEditsRequestProtoOrBuilder
2024-11-12 13:43:15,272 INFO  EvoClassLoader - Keeping class: org.apache.hadoop.hdfs.qjournal.protocol.QJournalProtocolProtos$GetJournaledEditsRequestProto$Builder
2024-11-12 13:43:15,272 INFO  EvoClassLoader - Seeing class for first time: org.apache.hadoop.thirdparty.protobuf.OptionOrBuilder
2024-11-12 13:43:15,272 INFO  EvoClassLoader - Instrumenting class 'org.apache.hadoop.thirdparty.protobuf.OptionOrBuilder'.
2024-11-12 13:43:15,273 INFO  EvoClassLoader - Keeping class: org.apache.hadoop.thirdparty.protobuf.OptionOrBuilder
2024-11-12 13:43:15,273 INFO  EvoClassLoader - Seeing class for first time: org.apache.hadoop.thirdparty.protobuf.BytesValue
2024-11-12 13:43:15,273 INFO  EvoClassLoader - Instrumenting class 'org.apache.hadoop.thirdparty.protobuf.BytesValue'.
2024-11-12 13:43:15,273 INFO  MethodCallReplacementClassAdapter - Adding mock interface to class org/apache/hadoop/thirdparty/protobuf/BytesValue
2024-11-12 13:43:15,273 INFO  CreateClassResetClassAdapter - Found static initializer in class org/apache/hadoop/thirdparty/protobuf/BytesValue
2024-11-12 13:43:15,274 INFO  EvoClassLoader - Seeing class for first time: org.apache.hadoop.thirdparty.protobuf.BytesValueOrBuilder
2024-11-12 13:43:15,274 INFO  EvoClassLoader - Instrumenting class 'org.apache.hadoop.thirdparty.protobuf.BytesValueOrBuilder'.
2024-11-12 13:43:15,274 INFO  EvoClassLoader - Keeping class: org.apache.hadoop.thirdparty.protobuf.BytesValueOrBuilder
2024-11-12 13:43:15,274 INFO  EvoClassLoader - Keeping class: org.apache.hadoop.thirdparty.protobuf.BytesValue
2024-11-12 13:43:15,274 INFO  EvoClassLoader - Seeing class for first time: org.apache.hadoop.thirdparty.protobuf.BytesValue$1
2024-11-12 13:43:15,274 INFO  EvoClassLoader - Instrumenting class 'org.apache.hadoop.thirdparty.protobuf.BytesValue$1'.
2024-11-12 13:43:15,274 INFO  MethodCallReplacementClassAdapter - Adding mock interface to class org/apache/hadoop/thirdparty/protobuf/BytesValue$1
2024-11-12 13:43:15,275 INFO  EvoClassLoader - Keeping class: org.apache.hadoop.thirdparty.protobuf.BytesValue$1
2024-11-12 13:43:15,275 INFO  EvoClassLoader - Seeing class for first time: org.apache.hadoop.thirdparty.protobuf.CheckReturnValue
2024-11-12 13:43:15,275 INFO  EvoClassLoader - Instrumenting class 'org.apache.hadoop.thirdparty.protobuf.CheckReturnValue'.
2024-11-12 13:43:15,275 INFO  EvoClassLoader - Keeping class: org.apache.hadoop.thirdparty.protobuf.CheckReturnValue
2024-11-12 13:43:15,275 INFO  EvoClassLoader - Seeing class for first time: org.apache.hadoop.hdfs.qjournal.protocol.QJournalProtocolProtos$FormatResponseProto$1
2024-11-12 13:43:15,275 INFO  EvoClassLoader - Instrumenting class 'org.apache.hadoop.hdfs.qjournal.protocol.QJournalProtocolProtos$FormatResponseProto$1'.
2024-11-12 13:43:15,275 INFO  MethodCallReplacementClassAdapter - Adding mock interface to class org/apache/hadoop/hdfs/qjournal/protocol/QJournalProtocolProtos$FormatResponseProto$1
2024-11-12 13:43:15,275 INFO  EvoClassLoader - Keeping class: org.apache.hadoop.hdfs.qjournal.protocol.QJournalProtocolProtos$FormatResponseProto$1
2024-11-12 13:43:15,276 INFO  EvoClassLoader - Seeing class for first time: org.apache.hadoop.thirdparty.protobuf.Struct
2024-11-12 13:43:15,276 INFO  EvoClassLoader - Instrumenting class 'org.apache.hadoop.thirdparty.protobuf.Struct'.
2024-11-12 13:43:15,276 INFO  MethodCallReplacementClassAdapter - Adding mock interface to class org/apache/hadoop/thirdparty/protobuf/Struct
2024-11-12 13:43:15,277 INFO  CreateClassResetClassAdapter - Found static initializer in class org/apache/hadoop/thirdparty/protobuf/Struct
2024-11-12 13:43:15,277 INFO  EvoClassLoader - Seeing class for first time: org.apache.hadoop.thirdparty.protobuf.StructOrBuilder
2024-11-12 13:43:15,277 INFO  EvoClassLoader - Instrumenting class 'org.apache.hadoop.thirdparty.protobuf.StructOrBuilder'.
2024-11-12 13:43:15,278 INFO  EvoClassLoader - Keeping class: org.apache.hadoop.thirdparty.protobuf.StructOrBuilder
2024-11-12 13:43:15,278 INFO  EvoClassLoader - Keeping class: org.apache.hadoop.thirdparty.protobuf.Struct
2024-11-12 13:43:15,278 INFO  EvoClassLoader - Seeing class for first time: org.apache.hadoop.thirdparty.protobuf.Struct$1
2024-11-12 13:43:15,278 INFO  EvoClassLoader - Instrumenting class 'org.apache.hadoop.thirdparty.protobuf.Struct$1'.
2024-11-12 13:43:15,278 INFO  MethodCallReplacementClassAdapter - Adding mock interface to class org/apache/hadoop/thirdparty/protobuf/Struct$1
2024-11-12 13:43:15,278 INFO  EvoClassLoader - Keeping class: org.apache.hadoop.thirdparty.protobuf.Struct$1
2024-11-12 13:43:15,278 INFO  EvoClassLoader - Seeing class for first time: org.apache.hadoop.hdfs.client.BlockReportOptions
2024-11-12 13:43:15,278 INFO  EvoClassLoader - Instrumenting class 'org.apache.hadoop.hdfs.client.BlockReportOptions'.
2024-11-12 13:43:15,278 INFO  MethodCallReplacementClassAdapter - Adding mock interface to class org/apache/hadoop/hdfs/client/BlockReportOptions
2024-11-12 13:43:15,279 INFO  CreateClassResetClassAdapter - Creating brand-new static initializer in class org/apache/hadoop/hdfs/client/BlockReportOptions
2024-11-12 13:43:15,279 INFO  EvoClassLoader - Keeping class: org.apache.hadoop.hdfs.client.BlockReportOptions
2024-11-12 13:43:15,279 INFO  EvoClassLoader - Seeing class for first time: org.apache.hadoop.hdfs.qjournal.protocol.QJournalProtocolProtos$FormatResponseProto$Builder
2024-11-12 13:43:15,279 INFO  EvoClassLoader - Instrumenting class 'org.apache.hadoop.hdfs.qjournal.protocol.QJournalProtocolProtos$FormatResponseProto$Builder'.
2024-11-12 13:43:15,279 INFO  MethodCallReplacementClassAdapter - Adding mock interface to class org/apache/hadoop/hdfs/qjournal/protocol/QJournalProtocolProtos$FormatResponseProto$Builder
2024-11-12 13:43:15,280 INFO  CreateClassResetClassAdapter - Creating brand-new static initializer in class org/apache/hadoop/hdfs/qjournal/protocol/QJournalProtocolProtos$FormatResponseProto$Builder
2024-11-12 13:43:15,280 INFO  EvoClassLoader - Seeing class for first time: org.apache.hadoop.hdfs.qjournal.protocol.QJournalProtocolProtos$FormatResponseProtoOrBuilder
2024-11-12 13:43:15,280 INFO  EvoClassLoader - Instrumenting class 'org.apache.hadoop.hdfs.qjournal.protocol.QJournalProtocolProtos$FormatResponseProtoOrBuilder'.
2024-11-12 13:43:15,280 INFO  EvoClassLoader - Keeping class: org.apache.hadoop.hdfs.qjournal.protocol.QJournalProtocolProtos$FormatResponseProtoOrBuilder
2024-11-12 13:43:15,280 INFO  EvoClassLoader - Keeping class: org.apache.hadoop.hdfs.qjournal.protocol.QJournalProtocolProtos$FormatResponseProto$Builder
2024-11-12 13:43:15,280 INFO  EvoClassLoader - Seeing class for first time: org.apache.hadoop.hdfs.qjournal.protocol.QJournalProtocolProtos$FinalizeLogSegmentResponseProtoOrBuilder
2024-11-12 13:43:15,281 INFO  EvoClassLoader - Instrumenting class 'org.apache.hadoop.hdfs.qjournal.protocol.QJournalProtocolProtos$FinalizeLogSegmentResponseProtoOrBuilder'.
2024-11-12 13:43:15,281 INFO  EvoClassLoader - Keeping class: org.apache.hadoop.hdfs.qjournal.protocol.QJournalProtocolProtos$FinalizeLogSegmentResponseProtoOrBuilder
2024-11-12 13:43:15,281 INFO  EvoClassLoader - Seeing class for first time: org.apache.hadoop.thirdparty.protobuf.Syntax
2024-11-12 13:43:15,281 INFO  EvoClassLoader - Instrumenting class 'org.apache.hadoop.thirdparty.protobuf.Syntax'.
2024-11-12 13:43:15,281 INFO  MethodCallReplacementClassAdapter - Adding mock interface to class org/apache/hadoop/thirdparty/protobuf/Syntax
2024-11-12 13:43:15,282 INFO  CreateClassResetClassAdapter - Found static initializer in class org/apache/hadoop/thirdparty/protobuf/Syntax
2024-11-12 13:43:15,282 INFO  EvoClassLoader - Keeping class: org.apache.hadoop.thirdparty.protobuf.Syntax
2024-11-12 13:43:15,282 INFO  EvoClassLoader - Seeing class for first time: org.apache.hadoop.hdfs.qjournal.protocol.QJournalProtocolProtos$NewEpochRequestProto$Builder
2024-11-12 13:43:15,282 INFO  EvoClassLoader - Instrumenting class 'org.apache.hadoop.hdfs.qjournal.protocol.QJournalProtocolProtos$NewEpochRequestProto$Builder'.
2024-11-12 13:43:15,283 INFO  MethodCallReplacementClassAdapter - Adding mock interface to class org/apache/hadoop/hdfs/qjournal/protocol/QJournalProtocolProtos$NewEpochRequestProto$Builder
2024-11-12 13:43:15,284 INFO  CreateClassResetClassAdapter - Creating brand-new static initializer in class org/apache/hadoop/hdfs/qjournal/protocol/QJournalProtocolProtos$NewEpochRequestProto$Builder
2024-11-12 13:43:15,285 INFO  EvoClassLoader - Seeing class for first time: org.apache.hadoop.hdfs.qjournal.protocol.QJournalProtocolProtos$NewEpochRequestProtoOrBuilder
2024-11-12 13:43:15,285 INFO  EvoClassLoader - Instrumenting class 'org.apache.hadoop.hdfs.qjournal.protocol.QJournalProtocolProtos$NewEpochRequestProtoOrBuilder'.
2024-11-12 13:43:15,285 INFO  EvoClassLoader - Keeping class: org.apache.hadoop.hdfs.qjournal.protocol.QJournalProtocolProtos$NewEpochRequestProtoOrBuilder
2024-11-12 13:43:15,285 INFO  EvoClassLoader - Keeping class: org.apache.hadoop.hdfs.qjournal.protocol.QJournalProtocolProtos$NewEpochRequestProto$Builder
2024-11-12 13:43:15,286 INFO  EvoClassLoader - Seeing class for first time: org.apache.hadoop.hdfs.protocol.proto.HdfsServerProtos$NamespaceInfoProto
2024-11-12 13:43:15,286 INFO  EvoClassLoader - Instrumenting class 'org.apache.hadoop.hdfs.protocol.proto.HdfsServerProtos$NamespaceInfoProto'.
2024-11-12 13:43:15,286 INFO  MethodCallReplacementClassAdapter - Adding mock interface to class org/apache/hadoop/hdfs/protocol/proto/HdfsServerProtos$NamespaceInfoProto
2024-11-12 13:43:15,287 INFO  CreateClassResetClassAdapter - Found static initializer in class org/apache/hadoop/hdfs/protocol/proto/HdfsServerProtos$NamespaceInfoProto
2024-11-12 13:43:15,287 INFO  EvoClassLoader - Keeping class: org.apache.hadoop.hdfs.protocol.proto.HdfsServerProtos$NamespaceInfoProto
2024-11-12 13:43:15,288 INFO  EvoClassLoader - Seeing class for first time: org.apache.hadoop.hdfs.DFSClient
2024-11-12 13:43:15,288 INFO  EvoClassLoader - Instrumenting class 'org.apache.hadoop.hdfs.DFSClient'.
2024-11-12 13:43:15,289 INFO  MethodCallReplacementClassAdapter - Adding mock interface to class org/apache/hadoop/hdfs/DFSClient
2024-11-12 13:43:15,296 INFO  CreateClassResetClassAdapter - Found static initializer in class org/apache/hadoop/hdfs/DFSClient
2024-11-12 13:43:15,299 INFO  EvoClassLoader - Seeing class for first time: org.apache.hadoop.crypto.key.KeyProviderTokenIssuer
2024-11-12 13:43:15,299 INFO  EvoClassLoader - Instrumenting class 'org.apache.hadoop.crypto.key.KeyProviderTokenIssuer'.
2024-11-12 13:43:15,299 INFO  EvoClassLoader - Defined package (3): package org.apache.hadoop.crypto.key, 588888133
2024-11-12 13:43:15,299 INFO  EvoClassLoader - Keeping class: org.apache.hadoop.crypto.key.KeyProviderTokenIssuer
2024-11-12 13:43:15,300 INFO  EvoClassLoader - Keeping class: org.apache.hadoop.hdfs.DFSClient
2024-11-12 13:43:15,300 INFO  EvoClassLoader - Seeing class for first time: org.apache.hadoop.hdfs.FileChecksumHelper$StripedFileNonStripedChecksumComputer
2024-11-12 13:43:15,300 INFO  EvoClassLoader - Instrumenting class 'org.apache.hadoop.hdfs.FileChecksumHelper$StripedFileNonStripedChecksumComputer'.
2024-11-12 13:43:15,300 INFO  MethodCallReplacementClassAdapter - Adding mock interface to class org/apache/hadoop/hdfs/FileChecksumHelper$StripedFileNonStripedChecksumComputer
2024-11-12 13:43:15,301 INFO  CreateClassResetClassAdapter - Creating brand-new static initializer in class org/apache/hadoop/hdfs/FileChecksumHelper$StripedFileNonStripedChecksumComputer
2024-11-12 13:43:15,302 INFO  EvoClassLoader - Keeping class: org.apache.hadoop.hdfs.FileChecksumHelper$StripedFileNonStripedChecksumComputer
2024-11-12 13:43:15,302 INFO  EvoClassLoader - Seeing class for first time: org.apache.hadoop.hdfs.FileChecksumHelper$ReplicatedFileChecksumComputer
2024-11-12 13:43:15,302 INFO  EvoClassLoader - Instrumenting class 'org.apache.hadoop.hdfs.FileChecksumHelper$ReplicatedFileChecksumComputer'.
2024-11-12 13:43:15,302 INFO  MethodCallReplacementClassAdapter - Adding mock interface to class org/apache/hadoop/hdfs/FileChecksumHelper$ReplicatedFileChecksumComputer
2024-11-12 13:43:15,303 INFO  CreateClassResetClassAdapter - Creating brand-new static initializer in class org/apache/hadoop/hdfs/FileChecksumHelper$ReplicatedFileChecksumComputer
2024-11-12 13:43:15,303 INFO  EvoClassLoader - Keeping class: org.apache.hadoop.hdfs.FileChecksumHelper$ReplicatedFileChecksumComputer
2024-11-12 13:43:15,303 INFO  EvoClassLoader - Seeing class for first time: org.apache.hadoop.hdfs.DFSStripedInputStream
2024-11-12 13:43:15,303 INFO  EvoClassLoader - Instrumenting class 'org.apache.hadoop.hdfs.DFSStripedInputStream'.
2024-11-12 13:43:15,304 INFO  MethodCallReplacementClassAdapter - Adding mock interface to class org/apache/hadoop/hdfs/DFSStripedInputStream
2024-11-12 13:43:15,304 INFO  CreateClassResetClassAdapter - Found static initializer in class org/apache/hadoop/hdfs/DFSStripedInputStream
2024-11-12 13:43:15,305 INFO  EvoClassLoader - Keeping class: org.apache.hadoop.hdfs.DFSStripedInputStream
2024-11-12 13:43:15,306 INFO  EvoClassLoader - Seeing class for first time: org.apache.hadoop.hdfs.protocol.OpenFilesIterator$OpenFilesType
2024-11-12 13:43:15,306 INFO  EvoClassLoader - Instrumenting class 'org.apache.hadoop.hdfs.protocol.OpenFilesIterator$OpenFilesType'.
2024-11-12 13:43:15,306 INFO  MethodCallReplacementClassAdapter - Adding mock interface to class org/apache/hadoop/hdfs/protocol/OpenFilesIterator$OpenFilesType
2024-11-12 13:43:15,306 INFO  CreateClassResetClassAdapter - Found static initializer in class org/apache/hadoop/hdfs/protocol/OpenFilesIterator$OpenFilesType
2024-11-12 13:43:15,306 INFO  EvoClassLoader - Keeping class: org.apache.hadoop.hdfs.protocol.OpenFilesIterator$OpenFilesType
2024-11-12 13:43:15,308 INFO  EvoClassLoader - Seeing class for first time: org.apache.hadoop.fs.HdfsBlockLocation
2024-11-12 13:43:15,308 INFO  EvoClassLoader - Instrumenting class 'org.apache.hadoop.fs.HdfsBlockLocation'.
2024-11-12 13:43:15,308 INFO  MethodCallReplacementClassAdapter - Adding mock interface to class org/apache/hadoop/fs/HdfsBlockLocation
2024-11-12 13:43:15,308 INFO  CreateClassResetClassAdapter - Creating brand-new static initializer in class org/apache/hadoop/fs/HdfsBlockLocation
2024-11-12 13:43:15,308 INFO  EvoClassLoader - Keeping class: org.apache.hadoop.fs.HdfsBlockLocation
2024-11-12 13:43:15,309 INFO  EvoClassLoader - Seeing class for first time: org.apache.hadoop.hdfs.DFSHedgedReadMetrics
2024-11-12 13:43:15,309 INFO  EvoClassLoader - Instrumenting class 'org.apache.hadoop.hdfs.DFSHedgedReadMetrics'.
2024-11-12 13:43:15,309 INFO  MethodCallReplacementClassAdapter - Adding mock interface to class org/apache/hadoop/hdfs/DFSHedgedReadMetrics
2024-11-12 13:43:15,309 INFO  CreateClassResetClassAdapter - Creating brand-new static initializer in class org/apache/hadoop/hdfs/DFSHedgedReadMetrics
2024-11-12 13:43:15,309 INFO  EvoClassLoader - Keeping class: org.apache.hadoop.hdfs.DFSHedgedReadMetrics
2024-11-12 13:43:15,310 INFO  EvoClassLoader - Seeing class for first time: org.apache.hadoop.fs.FsStatus
2024-11-12 13:43:15,310 INFO  EvoClassLoader - Instrumenting class 'org.apache.hadoop.fs.FsStatus'.
2024-11-12 13:43:15,310 INFO  MethodCallReplacementClassAdapter - Adding mock interface to class org/apache/hadoop/fs/FsStatus
2024-11-12 13:43:15,310 INFO  CreateClassResetClassAdapter - Creating brand-new static initializer in class org/apache/hadoop/fs/FsStatus
2024-11-12 13:43:15,310 INFO  EvoClassLoader - Keeping class: org.apache.hadoop.fs.FsStatus
2024-11-12 13:43:15,310 INFO  EvoClassLoader - Seeing class for first time: org.apache.hadoop.thirdparty.protobuf.ByteString$CodedBuilder
2024-11-12 13:43:15,310 INFO  EvoClassLoader - Instrumenting class 'org.apache.hadoop.thirdparty.protobuf.ByteString$CodedBuilder'.
2024-11-12 13:43:15,310 INFO  MethodCallReplacementClassAdapter - Adding mock interface to class org/apache/hadoop/thirdparty/protobuf/ByteString$CodedBuilder
2024-11-12 13:43:15,310 INFO  CreateClassResetClassAdapter - Creating brand-new static initializer in class org/apache/hadoop/thirdparty/protobuf/ByteString$CodedBuilder
2024-11-12 13:43:15,310 INFO  EvoClassLoader - Keeping class: org.apache.hadoop.thirdparty.protobuf.ByteString$CodedBuilder
2024-11-12 13:43:15,310 INFO  EvoClassLoader - Seeing class for first time: org.apache.hadoop.ipc.protobuf.RpcHeaderProtos$RpcResponseHeaderProto$RpcErrorCodeProto
2024-11-12 13:43:15,310 INFO  EvoClassLoader - Instrumenting class 'org.apache.hadoop.ipc.protobuf.RpcHeaderProtos$RpcResponseHeaderProto$RpcErrorCodeProto'.
2024-11-12 13:43:15,310 INFO  MethodCallReplacementClassAdapter - Adding mock interface to class org/apache/hadoop/ipc/protobuf/RpcHeaderProtos$RpcResponseHeaderProto$RpcErrorCodeProto
2024-11-12 13:43:15,311 INFO  CreateClassResetClassAdapter - Found static initializer in class org/apache/hadoop/ipc/protobuf/RpcHeaderProtos$RpcResponseHeaderProto$RpcErrorCodeProto
2024-11-12 13:43:15,311 INFO  EvoClassLoader - Keeping class: org.apache.hadoop.ipc.protobuf.RpcHeaderProtos$RpcResponseHeaderProto$RpcErrorCodeProto
2024-11-12 13:43:15,311 INFO  EvoClassLoader - Seeing class for first time: org.apache.hadoop.ipc.protobuf.RpcHeaderProtos$RpcResponseHeaderProto$RpcErrorCodeProto$1
2024-11-12 13:43:15,311 INFO  EvoClassLoader - Instrumenting class 'org.apache.hadoop.ipc.protobuf.RpcHeaderProtos$RpcResponseHeaderProto$RpcErrorCodeProto$1'.
2024-11-12 13:43:15,311 INFO  MethodCallReplacementClassAdapter - Adding mock interface to class org/apache/hadoop/ipc/protobuf/RpcHeaderProtos$RpcResponseHeaderProto$RpcErrorCodeProto$1
2024-11-12 13:43:15,311 INFO  EvoClassLoader - Keeping class: org.apache.hadoop.ipc.protobuf.RpcHeaderProtos$RpcResponseHeaderProto$RpcErrorCodeProto$1
2024-11-12 13:43:15,312 INFO  EvoClassLoader - Seeing class for first time: org.apache.hadoop.hdfs.server.datanode.metrics.DataNodeMetrics
2024-11-12 13:43:15,312 INFO  EvoClassLoader - Instrumenting class 'org.apache.hadoop.hdfs.server.datanode.metrics.DataNodeMetrics'.
2024-11-12 13:43:15,312 INFO  MethodCallReplacementClassAdapter - Adding mock interface to class org/apache/hadoop/hdfs/server/datanode/metrics/DataNodeMetrics
2024-11-12 13:43:15,312 INFO  CreateClassResetClassAdapter - Creating brand-new static initializer in class org/apache/hadoop/hdfs/server/datanode/metrics/DataNodeMetrics
2024-11-12 13:43:15,312 INFO  EvoClassLoader - Defined package (3): package org.apache.hadoop.hdfs.server.datanode.metrics, 875394682
2024-11-12 13:43:15,313 INFO  EvoClassLoader - Keeping class: org.apache.hadoop.hdfs.server.datanode.metrics.DataNodeMetrics
2024-11-12 13:43:15,313 INFO  EvoClassLoader - Seeing class for first time: org.apache.hadoop.metrics2.MetricsInfo
2024-11-12 13:43:15,313 INFO  EvoClassLoader - Instrumenting class 'org.apache.hadoop.metrics2.MetricsInfo'.
2024-11-12 13:43:15,313 INFO  EvoClassLoader - Keeping class: org.apache.hadoop.metrics2.MetricsInfo
2024-11-12 13:43:15,313 INFO  EvoClassLoader - Seeing class for first time: org.eclipse.jetty.io.NullByteBufferPool
2024-11-12 13:43:15,313 INFO  EvoClassLoader - Instrumenting class 'org.eclipse.jetty.io.NullByteBufferPool'.
2024-11-12 13:43:15,314 INFO  MethodCallReplacementClassAdapter - Adding mock interface to class org/eclipse/jetty/io/NullByteBufferPool
2024-11-12 13:43:15,314 INFO  CreateClassResetClassAdapter - Creating brand-new static initializer in class org/eclipse/jetty/io/NullByteBufferPool
2024-11-12 13:43:15,314 INFO  EvoClassLoader - Keeping class: org.eclipse.jetty.io.NullByteBufferPool
2024-11-12 13:43:15,314 INFO  EvoClassLoader - Seeing class for first time: org.apache.hadoop.security.token.SecretManager$1
2024-11-12 13:43:15,314 INFO  EvoClassLoader - Instrumenting class 'org.apache.hadoop.security.token.SecretManager$1'.
2024-11-12 13:43:15,314 INFO  MethodCallReplacementClassAdapter - Adding mock interface to class org/apache/hadoop/security/token/SecretManager$1
2024-11-12 13:43:15,314 INFO  EvoClassLoader - Keeping class: org.apache.hadoop.security.token.SecretManager$1
2024-11-12 13:43:15,315 INFO  EvoClassLoader - Seeing class for first time: org.apache.hadoop.security.token.TokenIdentifier
2024-11-12 13:43:15,315 INFO  EvoClassLoader - Instrumenting class 'org.apache.hadoop.security.token.TokenIdentifier'.
2024-11-12 13:43:15,315 INFO  MethodCallReplacementClassAdapter - Adding mock interface to class org/apache/hadoop/security/token/TokenIdentifier
2024-11-12 13:43:15,315 INFO  CreateClassResetClassAdapter - Creating brand-new static initializer in class org/apache/hadoop/security/token/TokenIdentifier
2024-11-12 13:43:15,315 INFO  EvoClassLoader - Keeping class: org.apache.hadoop.security.token.TokenIdentifier
2024-11-12 13:43:15,315 INFO  EvoClassLoader - Seeing class for first time: org.apache.hadoop.hdfs.security.token.block.BlockTokenIdentifier
2024-11-12 13:43:15,315 INFO  EvoClassLoader - Instrumenting class 'org.apache.hadoop.hdfs.security.token.block.BlockTokenIdentifier'.
2024-11-12 13:43:15,316 INFO  MethodCallReplacementClassAdapter - Adding mock interface to class org/apache/hadoop/hdfs/security/token/block/BlockTokenIdentifier
2024-11-12 13:43:15,317 INFO  CreateClassResetClassAdapter - Found static initializer in class org/apache/hadoop/hdfs/security/token/block/BlockTokenIdentifier
2024-11-12 13:43:15,317 INFO  EvoClassLoader - Keeping class: org.apache.hadoop.hdfs.security.token.block.BlockTokenIdentifier
2024-11-12 13:43:15,318 INFO  EvoClassLoader - Seeing class for first time: org.apache.hadoop.hdfs.protocol.BatchedDirectoryListing
2024-11-12 13:43:15,318 INFO  EvoClassLoader - Instrumenting class 'org.apache.hadoop.hdfs.protocol.BatchedDirectoryListing'.
2024-11-12 13:43:15,318 INFO  MethodCallReplacementClassAdapter - Adding mock interface to class org/apache/hadoop/hdfs/protocol/BatchedDirectoryListing
2024-11-12 13:43:15,318 INFO  CreateClassResetClassAdapter - Creating brand-new static initializer in class org/apache/hadoop/hdfs/protocol/BatchedDirectoryListing
2024-11-12 13:43:15,318 INFO  EvoClassLoader - Keeping class: org.apache.hadoop.hdfs.protocol.BatchedDirectoryListing
2024-11-12 13:43:15,318 INFO  EvoClassLoader - Seeing class for first time: org.apache.hadoop.hdfs.protocol.proto.HdfsServerProtos$VersionRequestProto
2024-11-12 13:43:15,318 INFO  EvoClassLoader - Instrumenting class 'org.apache.hadoop.hdfs.protocol.proto.HdfsServerProtos$VersionRequestProto'.
2024-11-12 13:43:15,319 INFO  MethodCallReplacementClassAdapter - Adding mock interface to class org/apache/hadoop/hdfs/protocol/proto/HdfsServerProtos$VersionRequestProto
2024-11-12 13:43:15,319 INFO  CreateClassResetClassAdapter - Found static initializer in class org/apache/hadoop/hdfs/protocol/proto/HdfsServerProtos$VersionRequestProto
2024-11-12 13:43:15,319 INFO  EvoClassLoader - Keeping class: org.apache.hadoop.hdfs.protocol.proto.HdfsServerProtos$VersionRequestProto
2024-11-12 13:43:15,320 INFO  EvoClassLoader - Seeing class for first time: org.apache.hadoop.hdfs.protocol.proto.HdfsServerProtos$VersionRequestProto$1
2024-11-12 13:43:15,320 INFO  EvoClassLoader - Instrumenting class 'org.apache.hadoop.hdfs.protocol.proto.HdfsServerProtos$VersionRequestProto$1'.
2024-11-12 13:43:15,320 INFO  MethodCallReplacementClassAdapter - Adding mock interface to class org/apache/hadoop/hdfs/protocol/proto/HdfsServerProtos$VersionRequestProto$1
2024-11-12 13:43:15,320 INFO  EvoClassLoader - Keeping class: org.apache.hadoop.hdfs.protocol.proto.HdfsServerProtos$VersionRequestProto$1
2024-11-12 13:43:15,320 INFO  EvoClassLoader - Seeing class for first time: org.apache.hadoop.fs.viewfs.ViewFileSystem$MountPoint
2024-11-12 13:43:15,320 INFO  EvoClassLoader - Instrumenting class 'org.apache.hadoop.fs.viewfs.ViewFileSystem$MountPoint'.
2024-11-12 13:43:15,320 INFO  MethodCallReplacementClassAdapter - Adding mock interface to class org/apache/hadoop/fs/viewfs/ViewFileSystem$MountPoint
2024-11-12 13:43:15,321 INFO  CreateClassResetClassAdapter - Creating brand-new static initializer in class org/apache/hadoop/fs/viewfs/ViewFileSystem$MountPoint
2024-11-12 13:43:15,321 INFO  EvoClassLoader - Defined package (3): package org.apache.hadoop.fs.viewfs, -788278400
2024-11-12 13:43:15,321 INFO  EvoClassLoader - Keeping class: org.apache.hadoop.fs.viewfs.ViewFileSystem$MountPoint
2024-11-12 13:43:15,321 INFO  EvoClassLoader - Seeing class for first time: org.apache.hadoop.thirdparty.protobuf.Method
2024-11-12 13:43:15,321 INFO  EvoClassLoader - Instrumenting class 'org.apache.hadoop.thirdparty.protobuf.Method'.
2024-11-12 13:43:15,321 INFO  MethodCallReplacementClassAdapter - Adding mock interface to class org/apache/hadoop/thirdparty/protobuf/Method
2024-11-12 13:43:15,322 INFO  CreateClassResetClassAdapter - Found static initializer in class org/apache/hadoop/thirdparty/protobuf/Method
2024-11-12 13:43:15,322 INFO  EvoClassLoader - Seeing class for first time: org.apache.hadoop.thirdparty.protobuf.MethodOrBuilder
2024-11-12 13:43:15,322 INFO  EvoClassLoader - Instrumenting class 'org.apache.hadoop.thirdparty.protobuf.MethodOrBuilder'.
2024-11-12 13:43:15,322 INFO  EvoClassLoader - Keeping class: org.apache.hadoop.thirdparty.protobuf.MethodOrBuilder
2024-11-12 13:43:15,322 INFO  EvoClassLoader - Keeping class: org.apache.hadoop.thirdparty.protobuf.Method
2024-11-12 13:43:15,323 INFO  EvoClassLoader - Seeing class for first time: org.apache.hadoop.thirdparty.protobuf.Method$1
2024-11-12 13:43:15,323 INFO  EvoClassLoader - Instrumenting class 'org.apache.hadoop.thirdparty.protobuf.Method$1'.
2024-11-12 13:43:15,323 INFO  MethodCallReplacementClassAdapter - Adding mock interface to class org/apache/hadoop/thirdparty/protobuf/Method$1
2024-11-12 13:43:15,323 INFO  EvoClassLoader - Keeping class: org.apache.hadoop.thirdparty.protobuf.Method$1
2024-11-12 13:43:15,323 INFO  EvoClassLoader - Seeing class for first time: org.apache.hadoop.thirdparty.protobuf.GeneratedMessageV3$ExtensionDescriptorRetriever
2024-11-12 13:43:15,323 INFO  EvoClassLoader - Instrumenting class 'org.apache.hadoop.thirdparty.protobuf.GeneratedMessageV3$ExtensionDescriptorRetriever'.
2024-11-12 13:43:15,324 INFO  EvoClassLoader - Keeping class: org.apache.hadoop.thirdparty.protobuf.GeneratedMessageV3$ExtensionDescriptorRetriever
2024-11-12 13:43:15,324 INFO  EvoClassLoader - Seeing class for first time: org.apache.hadoop.hdfs.qjournal.protocol.QJournalProtocolProtos$CanRollBackRequestProto$Builder
2024-11-12 13:43:15,324 INFO  EvoClassLoader - Instrumenting class 'org.apache.hadoop.hdfs.qjournal.protocol.QJournalProtocolProtos$CanRollBackRequestProto$Builder'.
2024-11-12 13:43:15,325 INFO  MethodCallReplacementClassAdapter - Adding mock interface to class org/apache/hadoop/hdfs/qjournal/protocol/QJournalProtocolProtos$CanRollBackRequestProto$Builder
2024-11-12 13:43:15,328 INFO  CreateClassResetClassAdapter - Creating brand-new static initializer in class org/apache/hadoop/hdfs/qjournal/protocol/QJournalProtocolProtos$CanRollBackRequestProto$Builder
2024-11-12 13:43:15,328 INFO  EvoClassLoader - Seeing class for first time: org.apache.hadoop.hdfs.qjournal.protocol.QJournalProtocolProtos$CanRollBackRequestProtoOrBuilder
2024-11-12 13:43:15,328 INFO  EvoClassLoader - Instrumenting class 'org.apache.hadoop.hdfs.qjournal.protocol.QJournalProtocolProtos$CanRollBackRequestProtoOrBuilder'.
2024-11-12 13:43:15,329 INFO  EvoClassLoader - Keeping class: org.apache.hadoop.hdfs.qjournal.protocol.QJournalProtocolProtos$CanRollBackRequestProtoOrBuilder
2024-11-12 13:43:15,329 INFO  EvoClassLoader - Keeping class: org.apache.hadoop.hdfs.qjournal.protocol.QJournalProtocolProtos$CanRollBackRequestProto$Builder
2024-11-12 13:43:15,329 INFO  EvoClassLoader - Seeing class for first time: org.apache.hadoop.thirdparty.protobuf.GeneratedMessageV3$FieldAccessorTable$SingularFieldAccessor$ReflectionInvoker
2024-11-12 13:43:15,329 INFO  EvoClassLoader - Instrumenting class 'org.apache.hadoop.thirdparty.protobuf.GeneratedMessageV3$FieldAccessorTable$SingularFieldAccessor$ReflectionInvoker'.
2024-11-12 13:43:15,330 INFO  MethodCallReplacementClassAdapter - Adding mock interface to class org/apache/hadoop/thirdparty/protobuf/GeneratedMessageV3$FieldAccessorTable$SingularFieldAccessor$ReflectionInvoker
2024-11-12 13:43:15,330 INFO  CreateClassResetClassAdapter - Creating brand-new static initializer in class org/apache/hadoop/thirdparty/protobuf/GeneratedMessageV3$FieldAccessorTable$SingularFieldAccessor$ReflectionInvoker
2024-11-12 13:43:15,330 INFO  EvoClassLoader - Keeping class: org.apache.hadoop.thirdparty.protobuf.GeneratedMessageV3$FieldAccessorTable$SingularFieldAccessor$ReflectionInvoker
2024-11-12 13:43:15,330 INFO  EvoClassLoader - Seeing class for first time: org.apache.hadoop.security.UserGroupInformation
2024-11-12 13:43:15,330 INFO  EvoClassLoader - Instrumenting class 'org.apache.hadoop.security.UserGroupInformation'.
2024-11-12 13:43:15,331 INFO  MethodCallReplacementClassAdapter - Adding mock interface to class org/apache/hadoop/security/UserGroupInformation
2024-11-12 13:43:15,337 INFO  CreateClassResetClassAdapter - Found static initializer in class org/apache/hadoop/security/UserGroupInformation
2024-11-12 13:43:15,338 INFO  EvoClassLoader - Keeping class: org.apache.hadoop.security.UserGroupInformation
2024-11-12 13:43:15,339 INFO  EvoClassLoader - Seeing class for first time: org.apache.hadoop.security.UserGroupInformation$HadoopLoginContext
2024-11-12 13:43:15,339 INFO  EvoClassLoader - Instrumenting class 'org.apache.hadoop.security.UserGroupInformation$HadoopLoginContext'.
2024-11-12 13:43:15,339 INFO  MethodCallReplacementClassAdapter - Adding mock interface to class org/apache/hadoop/security/UserGroupInformation$HadoopLoginContext
2024-11-12 13:43:15,339 INFO  CreateClassResetClassAdapter - Creating brand-new static initializer in class org/apache/hadoop/security/UserGroupInformation$HadoopLoginContext
2024-11-12 13:43:15,339 INFO  EvoClassLoader - Keeping class: org.apache.hadoop.security.UserGroupInformation$HadoopLoginContext
2024-11-12 13:43:15,339 INFO  EvoClassLoader - Seeing class for first time: org.apache.hadoop.security.KerberosAuthException
2024-11-12 13:43:15,339 INFO  EvoClassLoader - Instrumenting class 'org.apache.hadoop.security.KerberosAuthException'.
2024-11-12 13:43:15,340 INFO  MethodCallReplacementClassAdapter - Adding mock interface to class org/apache/hadoop/security/KerberosAuthException
2024-11-12 13:43:15,340 INFO  CreateClassResetClassAdapter - Creating brand-new static initializer in class org/apache/hadoop/security/KerberosAuthException
2024-11-12 13:43:15,340 INFO  EvoClassLoader - Keeping class: org.apache.hadoop.security.KerberosAuthException
2024-11-12 13:43:15,340 INFO  EvoClassLoader - Seeing class for first time: org.apache.hadoop.security.UserGroupInformation$AutoRenewalForUserCredsRunnable
2024-11-12 13:43:15,340 INFO  EvoClassLoader - Instrumenting class 'org.apache.hadoop.security.UserGroupInformation$AutoRenewalForUserCredsRunnable'.
2024-11-12 13:43:15,340 INFO  MethodCallReplacementClassAdapter - Adding mock interface to class org/apache/hadoop/security/UserGroupInformation$AutoRenewalForUserCredsRunnable
2024-11-12 13:43:15,340 INFO  CreateClassResetClassAdapter - Creating brand-new static initializer in class org/apache/hadoop/security/UserGroupInformation$AutoRenewalForUserCredsRunnable
2024-11-12 13:43:15,340 INFO  EvoClassLoader - Keeping class: org.apache.hadoop.security.UserGroupInformation$AutoRenewalForUserCredsRunnable
2024-11-12 13:43:15,340 INFO  EvoClassLoader - Seeing class for first time: org.apache.hadoop.security.UserGroupInformation$TicketCacheRenewalRunnable
2024-11-12 13:43:15,340 INFO  EvoClassLoader - Instrumenting class 'org.apache.hadoop.security.UserGroupInformation$TicketCacheRenewalRunnable'.
2024-11-12 13:43:15,341 INFO  MethodCallReplacementClassAdapter - Adding mock interface to class org/apache/hadoop/security/UserGroupInformation$TicketCacheRenewalRunnable
2024-11-12 13:43:15,341 INFO  CreateClassResetClassAdapter - Creating brand-new static initializer in class org/apache/hadoop/security/UserGroupInformation$TicketCacheRenewalRunnable
2024-11-12 13:43:15,341 INFO  EvoClassLoader - Keeping class: org.apache.hadoop.security.UserGroupInformation$TicketCacheRenewalRunnable
2024-11-12 13:43:15,341 INFO  EvoClassLoader - Seeing class for first time: org.apache.hadoop.security.UserGroupInformation$KeytabRenewalRunnable
2024-11-12 13:43:15,341 INFO  EvoClassLoader - Instrumenting class 'org.apache.hadoop.security.UserGroupInformation$KeytabRenewalRunnable'.
2024-11-12 13:43:15,341 INFO  MethodCallReplacementClassAdapter - Adding mock interface to class org/apache/hadoop/security/UserGroupInformation$KeytabRenewalRunnable
2024-11-12 13:43:15,341 INFO  CreateClassResetClassAdapter - Creating brand-new static initializer in class org/apache/hadoop/security/UserGroupInformation$KeytabRenewalRunnable
2024-11-12 13:43:15,341 INFO  EvoClassLoader - Keeping class: org.apache.hadoop.security.UserGroupInformation$KeytabRenewalRunnable
2024-11-12 13:43:15,341 INFO  EvoClassLoader - Seeing class for first time: org.apache.hadoop.security.Groups
2024-11-12 13:43:15,341 INFO  EvoClassLoader - Instrumenting class 'org.apache.hadoop.security.Groups'.
2024-11-12 13:43:15,342 INFO  MethodCallReplacementClassAdapter - Adding mock interface to class org/apache/hadoop/security/Groups
2024-11-12 13:43:15,342 INFO  CreateClassResetClassAdapter - Found static initializer in class org/apache/hadoop/security/Groups
2024-11-12 13:43:15,343 INFO  EvoClassLoader - Keeping class: org.apache.hadoop.security.Groups
2024-11-12 13:43:15,343 INFO  EvoClassLoader - Seeing class for first time: org.apache.hadoop.security.UserGroupInformation$TestingGroups
2024-11-12 13:43:15,343 INFO  EvoClassLoader - Instrumenting class 'org.apache.hadoop.security.UserGroupInformation$TestingGroups'.
2024-11-12 13:43:15,343 INFO  MethodCallReplacementClassAdapter - Adding mock interface to class org/apache/hadoop/security/UserGroupInformation$TestingGroups
2024-11-12 13:43:15,343 INFO  CreateClassResetClassAdapter - Creating brand-new static initializer in class org/apache/hadoop/security/UserGroupInformation$TestingGroups
2024-11-12 13:43:15,343 INFO  EvoClassLoader - Keeping class: org.apache.hadoop.security.UserGroupInformation$TestingGroups
2024-11-12 13:43:15,343 INFO  EvoClassLoader - Seeing class for first time: org.apache.hadoop.security.UserGroupInformation$UgiMetrics
2024-11-12 13:43:15,343 INFO  EvoClassLoader - Instrumenting class 'org.apache.hadoop.security.UserGroupInformation$UgiMetrics'.
2024-11-12 13:43:15,343 INFO  MethodCallReplacementClassAdapter - Adding mock interface to class org/apache/hadoop/security/UserGroupInformation$UgiMetrics
2024-11-12 13:43:15,344 INFO  CreateClassResetClassAdapter - Creating brand-new static initializer in class org/apache/hadoop/security/UserGroupInformation$UgiMetrics
2024-11-12 13:43:15,344 INFO  EvoClassLoader - Keeping class: org.apache.hadoop.security.UserGroupInformation$UgiMetrics
2024-11-12 13:43:15,344 INFO  EvoClassLoader - Seeing class for first time: org.apache.hadoop.metrics2.lib.DefaultMetricsSystem
2024-11-12 13:43:15,344 INFO  EvoClassLoader - Instrumenting class 'org.apache.hadoop.metrics2.lib.DefaultMetricsSystem'.
2024-11-12 13:43:15,344 INFO  MethodCallReplacementClassAdapter - Adding mock interface to class org/apache/hadoop/metrics2/lib/DefaultMetricsSystem
2024-11-12 13:43:15,344 INFO  CreateClassResetClassAdapter - Found static initializer in class org/apache/hadoop/metrics2/lib/DefaultMetricsSystem
2024-11-12 13:43:15,344 INFO  EvoClassLoader - Defined package (3): package org.apache.hadoop.metrics2.lib, 1694766009
2024-11-12 13:43:15,344 INFO  EvoClassLoader - Keeping class: org.apache.hadoop.metrics2.lib.DefaultMetricsSystem
2024-11-12 13:43:15,344 INFO  EvoClassLoader - Seeing class for first time: org.apache.hadoop.metrics2.MetricsException
2024-11-12 13:43:15,344 INFO  EvoClassLoader - Instrumenting class 'org.apache.hadoop.metrics2.MetricsException'.
2024-11-12 13:43:15,344 INFO  MethodCallReplacementClassAdapter - Adding mock interface to class org/apache/hadoop/metrics2/MetricsException
2024-11-12 13:43:15,344 INFO  CreateClassResetClassAdapter - Creating brand-new static initializer in class org/apache/hadoop/metrics2/MetricsException
2024-11-12 13:43:15,344 INFO  EvoClassLoader - Keeping class: org.apache.hadoop.metrics2.MetricsException
2024-11-12 13:43:15,345 INFO  EvoClassLoader - Seeing class for first time: org.apache.hadoop.metrics2.impl.MetricsSystemImpl
2024-11-12 13:43:15,345 INFO  EvoClassLoader - Instrumenting class 'org.apache.hadoop.metrics2.impl.MetricsSystemImpl'.
2024-11-12 13:43:15,345 INFO  MethodCallReplacementClassAdapter - Adding mock interface to class org/apache/hadoop/metrics2/impl/MetricsSystemImpl
2024-11-12 13:43:15,346 INFO  CreateClassResetClassAdapter - Found static initializer in class org/apache/hadoop/metrics2/impl/MetricsSystemImpl
2024-11-12 13:43:15,346 INFO  EvoClassLoader - Defined package (3): package org.apache.hadoop.metrics2.impl, 998053740
2024-11-12 13:43:15,347 INFO  EvoClassLoader - Seeing class for first time: org.apache.hadoop.metrics2.MetricsSystem
2024-11-12 13:43:15,347 INFO  EvoClassLoader - Instrumenting class 'org.apache.hadoop.metrics2.MetricsSystem'.
2024-11-12 13:43:15,347 INFO  MethodCallReplacementClassAdapter - Adding mock interface to class org/apache/hadoop/metrics2/MetricsSystem
2024-11-12 13:43:15,347 INFO  CreateClassResetClassAdapter - Creating brand-new static initializer in class org/apache/hadoop/metrics2/MetricsSystem
2024-11-12 13:43:15,347 INFO  EvoClassLoader - Seeing class for first time: org.apache.hadoop.metrics2.MetricsSystemMXBean
2024-11-12 13:43:15,347 INFO  EvoClassLoader - Instrumenting class 'org.apache.hadoop.metrics2.MetricsSystemMXBean'.
2024-11-12 13:43:15,348 INFO  EvoClassLoader - Keeping class: org.apache.hadoop.metrics2.MetricsSystemMXBean
2024-11-12 13:43:15,348 INFO  EvoClassLoader - Keeping class: org.apache.hadoop.metrics2.MetricsSystem
2024-11-12 13:43:15,348 INFO  EvoClassLoader - Keeping class: org.apache.hadoop.metrics2.impl.MetricsSystemImpl
2024-11-12 13:43:15,348 INFO  EvoClassLoader - Seeing class for first time: org.apache.commons.configuration2.Configuration
2024-11-12 13:43:15,348 INFO  EvoClassLoader - Instrumenting class 'org.apache.commons.configuration2.Configuration'.
2024-11-12 13:43:15,348 INFO  EvoClassLoader - Defined package (3): package org.apache.commons.configuration2, -1539130408
2024-11-12 13:43:15,349 INFO  EvoClassLoader - Seeing class for first time: org.apache.commons.configuration2.ImmutableConfiguration
2024-11-12 13:43:15,349 INFO  EvoClassLoader - Instrumenting class 'org.apache.commons.configuration2.ImmutableConfiguration'.
2024-11-12 13:43:15,350 INFO  EvoClassLoader - Keeping class: org.apache.commons.configuration2.ImmutableConfiguration
2024-11-12 13:43:15,350 INFO  EvoClassLoader - Seeing class for first time: org.apache.commons.configuration2.sync.SynchronizerSupport
2024-11-12 13:43:15,350 INFO  EvoClassLoader - Instrumenting class 'org.apache.commons.configuration2.sync.SynchronizerSupport'.
2024-11-12 13:43:15,350 INFO  EvoClassLoader - Defined package (3): package org.apache.commons.configuration2.sync, 1116684017
2024-11-12 13:43:15,350 INFO  EvoClassLoader - Keeping class: org.apache.commons.configuration2.sync.SynchronizerSupport
2024-11-12 13:43:15,350 INFO  EvoClassLoader - Keeping class: org.apache.commons.configuration2.Configuration
2024-11-12 13:43:15,350 INFO  EvoClassLoader - Seeing class for first time: org.apache.hadoop.metrics2.impl.MetricsConfigException
2024-11-12 13:43:15,350 INFO  EvoClassLoader - Instrumenting class 'org.apache.hadoop.metrics2.impl.MetricsConfigException'.
2024-11-12 13:43:15,350 INFO  MethodCallReplacementClassAdapter - Adding mock interface to class org/apache/hadoop/metrics2/impl/MetricsConfigException
2024-11-12 13:43:15,350 INFO  CreateClassResetClassAdapter - Creating brand-new static initializer in class org/apache/hadoop/metrics2/impl/MetricsConfigException
2024-11-12 13:43:15,351 INFO  EvoClassLoader - Keeping class: org.apache.hadoop.metrics2.impl.MetricsConfigException
2024-11-12 13:43:15,351 INFO  EvoClassLoader - Seeing class for first time: org.apache.hadoop.metrics2.impl.MetricsSystemImpl$4
2024-11-12 13:43:15,351 INFO  EvoClassLoader - Instrumenting class 'org.apache.hadoop.metrics2.impl.MetricsSystemImpl$4'.
2024-11-12 13:43:15,352 INFO  MethodCallReplacementClassAdapter - Adding mock interface to class org/apache/hadoop/metrics2/impl/MetricsSystemImpl$4
2024-11-12 13:43:15,352 INFO  EvoClassLoader - Keeping class: org.apache.hadoop.metrics2.impl.MetricsSystemImpl$4
2024-11-12 13:43:15,352 INFO  EvoClassLoader - Seeing class for first time: org.apache.hadoop.metrics2.MetricsSystem$Callback
2024-11-12 13:43:15,352 INFO  EvoClassLoader - Instrumenting class 'org.apache.hadoop.metrics2.MetricsSystem$Callback'.
2024-11-12 13:43:15,352 INFO  EvoClassLoader - Keeping class: org.apache.hadoop.metrics2.MetricsSystem$Callback
2024-11-12 13:43:15,353 INFO  EvoClassLoader - Seeing class for first time: org.apache.hadoop.metrics2.lib.MetricsRegistry
2024-11-12 13:43:15,353 INFO  EvoClassLoader - Instrumenting class 'org.apache.hadoop.metrics2.lib.MetricsRegistry'.
2024-11-12 13:43:15,353 INFO  MethodCallReplacementClassAdapter - Adding mock interface to class org/apache/hadoop/metrics2/lib/MetricsRegistry
2024-11-12 13:43:15,354 INFO  CreateClassResetClassAdapter - Creating brand-new static initializer in class org/apache/hadoop/metrics2/lib/MetricsRegistry
2024-11-12 13:43:15,355 INFO  EvoClassLoader - Keeping class: org.apache.hadoop.metrics2.lib.MetricsRegistry
2024-11-12 13:43:15,355 INFO  EvoClassLoader - Seeing class for first time: org.apache.hadoop.metrics2.lib.MutableQuantiles
2024-11-12 13:43:15,355 INFO  EvoClassLoader - Instrumenting class 'org.apache.hadoop.metrics2.lib.MutableQuantiles'.
2024-11-12 13:43:15,355 INFO  MethodCallReplacementClassAdapter - Adding mock interface to class org/apache/hadoop/metrics2/lib/MutableQuantiles
2024-11-12 13:43:15,356 INFO  CreateClassResetClassAdapter - Found static initializer in class org/apache/hadoop/metrics2/lib/MutableQuantiles
2024-11-12 13:43:15,356 INFO  EvoClassLoader - Seeing class for first time: org.apache.hadoop.metrics2.lib.MutableMetric
2024-11-12 13:43:15,356 INFO  EvoClassLoader - Instrumenting class 'org.apache.hadoop.metrics2.lib.MutableMetric'.
2024-11-12 13:43:15,357 INFO  MethodCallReplacementClassAdapter - Adding mock interface to class org/apache/hadoop/metrics2/lib/MutableMetric
2024-11-12 13:43:15,357 INFO  CreateClassResetClassAdapter - Creating brand-new static initializer in class org/apache/hadoop/metrics2/lib/MutableMetric
2024-11-12 13:43:15,357 INFO  EvoClassLoader - Keeping class: org.apache.hadoop.metrics2.lib.MutableMetric
2024-11-12 13:43:15,357 INFO  EvoClassLoader - Keeping class: org.apache.hadoop.metrics2.lib.MutableQuantiles
2024-11-12 13:43:15,357 INFO  EvoClassLoader - Seeing class for first time: org.apache.hadoop.metrics2.lib.MutableInverseQuantiles
2024-11-12 13:43:15,357 INFO  EvoClassLoader - Instrumenting class 'org.apache.hadoop.metrics2.lib.MutableInverseQuantiles'.
2024-11-12 13:43:15,358 INFO  MethodCallReplacementClassAdapter - Adding mock interface to class org/apache/hadoop/metrics2/lib/MutableInverseQuantiles
2024-11-12 13:43:15,358 INFO  CreateClassResetClassAdapter - Found static initializer in class org/apache/hadoop/metrics2/lib/MutableInverseQuantiles
2024-11-12 13:43:15,358 INFO  EvoClassLoader - Keeping class: org.apache.hadoop.metrics2.lib.MutableInverseQuantiles
2024-11-12 13:43:15,359 INFO  EvoClassLoader - Seeing class for first time: org.apache.hadoop.thirdparty.com.google.common.collect.Maps
2024-11-12 13:43:15,359 INFO  EvoClassLoader - Instrumenting class 'org.apache.hadoop.thirdparty.com.google.common.collect.Maps'.
2024-11-12 13:43:15,360 INFO  MethodCallReplacementClassAdapter - Adding mock interface to class org/apache/hadoop/thirdparty/com/google/common/collect/Maps
2024-11-12 13:43:15,366 INFO  CreateClassResetClassAdapter - Creating brand-new static initializer in class org/apache/hadoop/thirdparty/com/google/common/collect/Maps
2024-11-12 13:43:15,367 INFO  EvoClassLoader - Keeping class: org.apache.hadoop.thirdparty.com.google.common.collect.Maps
2024-11-12 13:43:15,367 INFO  EvoClassLoader - Seeing class for first time: org.apache.hadoop.thirdparty.com.google.common.collect.SortedMapDifference
2024-11-12 13:43:15,367 INFO  EvoClassLoader - Instrumenting class 'org.apache.hadoop.thirdparty.com.google.common.collect.SortedMapDifference'.
2024-11-12 13:43:15,368 INFO  EvoClassLoader - Seeing class for first time: org.apache.hadoop.thirdparty.com.google.common.collect.MapDifference
2024-11-12 13:43:15,368 INFO  EvoClassLoader - Instrumenting class 'org.apache.hadoop.thirdparty.com.google.common.collect.MapDifference'.
2024-11-12 13:43:15,369 INFO  EvoClassLoader - Keeping class: org.apache.hadoop.thirdparty.com.google.common.collect.MapDifference
2024-11-12 13:43:15,369 INFO  EvoClassLoader - Keeping class: org.apache.hadoop.thirdparty.com.google.common.collect.SortedMapDifference
2024-11-12 13:43:15,369 INFO  EvoClassLoader - Seeing class for first time: org.apache.hadoop.thirdparty.com.google.common.collect.UnmodifiableIterator
2024-11-12 13:43:15,369 INFO  EvoClassLoader - Instrumenting class 'org.apache.hadoop.thirdparty.com.google.common.collect.UnmodifiableIterator'.
2024-11-12 13:43:15,369 INFO  MethodCallReplacementClassAdapter - Adding mock interface to class org/apache/hadoop/thirdparty/com/google/common/collect/UnmodifiableIterator
2024-11-12 13:43:15,369 INFO  CreateClassResetClassAdapter - Creating brand-new static initializer in class org/apache/hadoop/thirdparty/com/google/common/collect/UnmodifiableIterator
2024-11-12 13:43:15,369 INFO  EvoClassLoader - Keeping class: org.apache.hadoop.thirdparty.com.google.common.collect.UnmodifiableIterator
2024-11-12 13:43:15,370 INFO  EvoClassLoader - Seeing class for first time: org.apache.hadoop.thirdparty.com.google.common.collect.Maps$8
2024-11-12 13:43:15,370 INFO  EvoClassLoader - Instrumenting class 'org.apache.hadoop.thirdparty.com.google.common.collect.Maps$8'.
2024-11-12 13:43:15,370 INFO  MethodCallReplacementClassAdapter - Adding mock interface to class org/apache/hadoop/thirdparty/com/google/common/collect/Maps$8
2024-11-12 13:43:15,370 INFO  EvoClassLoader - Keeping class: org.apache.hadoop.thirdparty.com.google.common.collect.Maps$8
2024-11-12 13:43:15,370 INFO  EvoClassLoader - Seeing class for first time: org.apache.hadoop.thirdparty.com.google.common.collect.Maps$BiMapConverter
2024-11-12 13:43:15,370 INFO  EvoClassLoader - Instrumenting class 'org.apache.hadoop.thirdparty.com.google.common.collect.Maps$BiMapConverter'.
2024-11-12 13:43:15,370 INFO  MethodCallReplacementClassAdapter - Adding mock interface to class org/apache/hadoop/thirdparty/com/google/common/collect/Maps$BiMapConverter
2024-11-12 13:43:15,370 INFO  CreateClassResetClassAdapter - Creating brand-new static initializer in class org/apache/hadoop/thirdparty/com/google/common/collect/Maps$BiMapConverter
2024-11-12 13:43:15,370 INFO  EvoClassLoader - Keeping class: org.apache.hadoop.thirdparty.com.google.common.collect.Maps$BiMapConverter
2024-11-12 13:43:15,370 INFO  EvoClassLoader - Seeing class for first time: org.apache.hadoop.thirdparty.com.google.common.collect.BiMap
2024-11-12 13:43:15,370 INFO  EvoClassLoader - Instrumenting class 'org.apache.hadoop.thirdparty.com.google.common.collect.BiMap'.
2024-11-12 13:43:15,371 INFO  EvoClassLoader - Keeping class: org.apache.hadoop.thirdparty.com.google.common.collect.BiMap
2024-11-12 13:43:15,371 INFO  EvoClassLoader - Seeing class for first time: org.apache.hadoop.thirdparty.com.google.common.collect.Maps$EntryTransformer
2024-11-12 13:43:15,371 INFO  EvoClassLoader - Instrumenting class 'org.apache.hadoop.thirdparty.com.google.common.collect.Maps$EntryTransformer'.
2024-11-12 13:43:15,371 INFO  EvoClassLoader - Keeping class: org.apache.hadoop.thirdparty.com.google.common.collect.Maps$EntryTransformer
2024-11-12 13:43:15,371 INFO  EvoClassLoader - Seeing class for first time: org.apache.hadoop.thirdparty.com.google.common.collect.ImmutableMap
2024-11-12 13:43:15,371 INFO  EvoClassLoader - Instrumenting class 'org.apache.hadoop.thirdparty.com.google.common.collect.ImmutableMap'.
2024-11-12 13:43:15,372 INFO  MethodCallReplacementClassAdapter - Adding mock interface to class org/apache/hadoop/thirdparty/com/google/common/collect/ImmutableMap
2024-11-12 13:43:15,372 INFO  CreateClassResetClassAdapter - Found static initializer in class org/apache/hadoop/thirdparty/com/google/common/collect/ImmutableMap
2024-11-12 13:43:15,373 INFO  EvoClassLoader - Keeping class: org.apache.hadoop.thirdparty.com.google.common.collect.ImmutableMap
2024-11-12 13:43:15,373 INFO  EvoClassLoader - Seeing class for first time: org.apache.hadoop.thirdparty.com.google.common.collect.ImmutableEnumMap
2024-11-12 13:43:15,373 INFO  EvoClassLoader - Instrumenting class 'org.apache.hadoop.thirdparty.com.google.common.collect.ImmutableEnumMap'.
2024-11-12 13:43:15,373 INFO  MethodCallReplacementClassAdapter - Adding mock interface to class org/apache/hadoop/thirdparty/com/google/common/collect/ImmutableEnumMap
2024-11-12 13:43:15,373 INFO  CreateClassResetClassAdapter - Creating brand-new static initializer in class org/apache/hadoop/thirdparty/com/google/common/collect/ImmutableEnumMap
2024-11-12 13:43:15,374 INFO  EvoClassLoader - Seeing class for first time: org.apache.hadoop.thirdparty.com.google.common.collect.ImmutableMap$IteratorBasedImmutableMap
2024-11-12 13:43:15,374 INFO  EvoClassLoader - Instrumenting class 'org.apache.hadoop.thirdparty.com.google.common.collect.ImmutableMap$IteratorBasedImmutableMap'.
2024-11-12 13:43:15,374 INFO  MethodCallReplacementClassAdapter - Adding mock interface to class org/apache/hadoop/thirdparty/com/google/common/collect/ImmutableMap$IteratorBasedImmutableMap
2024-11-12 13:43:15,374 INFO  CreateClassResetClassAdapter - Creating brand-new static initializer in class org/apache/hadoop/thirdparty/com/google/common/collect/ImmutableMap$IteratorBasedImmutableMap
2024-11-12 13:43:15,374 INFO  EvoClassLoader - Keeping class: org.apache.hadoop.thirdparty.com.google.common.collect.ImmutableMap$IteratorBasedImmutableMap
2024-11-12 13:43:15,374 INFO  EvoClassLoader - Keeping class: org.apache.hadoop.thirdparty.com.google.common.collect.ImmutableEnumMap
2024-11-12 13:43:15,374 INFO  EvoClassLoader - Seeing class for first time: org.apache.hadoop.metrics2.lib.Interns
2024-11-12 13:43:15,374 INFO  EvoClassLoader - Instrumenting class 'org.apache.hadoop.metrics2.lib.Interns'.
2024-11-12 13:43:15,374 INFO  MethodCallReplacementClassAdapter - Adding mock interface to class org/apache/hadoop/metrics2/lib/Interns
2024-11-12 13:43:15,374 INFO  CreateClassResetClassAdapter - Found static initializer in class org/apache/hadoop/metrics2/lib/Interns
2024-11-12 13:43:15,375 INFO  EvoClassLoader - Keeping class: org.apache.hadoop.metrics2.lib.Interns
2024-11-12 13:43:15,375 INFO  EvoClassLoader - Seeing class for first time: org.apache.hadoop.metrics2.lib.Interns$Info
2024-11-12 13:43:15,375 INFO  EvoClassLoader - Instrumenting class 'org.apache.hadoop.metrics2.lib.Interns$Info'.
2024-11-12 13:43:15,375 INFO  MethodCallReplacementClassAdapter - Adding mock interface to class org/apache/hadoop/metrics2/lib/Interns$Info
2024-11-12 13:43:15,375 INFO  CreateClassResetClassAdapter - Found static initializer in class org/apache/hadoop/metrics2/lib/Interns$Info
2024-11-12 13:43:15,375 INFO  EvoClassLoader - Keeping class: org.apache.hadoop.metrics2.lib.Interns$Info
2024-11-12 13:43:15,375 INFO  EvoClassLoader - Seeing class for first time: org.apache.hadoop.metrics2.lib.Interns$CacheWith2Keys
2024-11-12 13:43:15,375 INFO  EvoClassLoader - Instrumenting class 'org.apache.hadoop.metrics2.lib.Interns$CacheWith2Keys'.
2024-11-12 13:43:15,375 INFO  MethodCallReplacementClassAdapter - Adding mock interface to class org/apache/hadoop/metrics2/lib/Interns$CacheWith2Keys
2024-11-12 13:43:15,375 INFO  CreateClassResetClassAdapter - Creating brand-new static initializer in class org/apache/hadoop/metrics2/lib/Interns$CacheWith2Keys
2024-11-12 13:43:15,375 INFO  EvoClassLoader - Keeping class: org.apache.hadoop.metrics2.lib.Interns$CacheWith2Keys
2024-11-12 13:43:15,375 INFO  EvoClassLoader - Seeing class for first time: org.apache.hadoop.metrics2.lib.Interns$Info$1
2024-11-12 13:43:15,375 INFO  EvoClassLoader - Instrumenting class 'org.apache.hadoop.metrics2.lib.Interns$Info$1'.
2024-11-12 13:43:15,376 INFO  MethodCallReplacementClassAdapter - Adding mock interface to class org/apache/hadoop/metrics2/lib/Interns$Info$1
2024-11-12 13:43:15,376 INFO  EvoClassLoader - Keeping class: org.apache.hadoop.metrics2.lib.Interns$Info$1
2024-11-12 13:43:15,376 INFO  EvoClassLoader - Seeing class for first time: org.apache.hadoop.metrics2.lib.Interns$CacheWith2Keys$1
2024-11-12 13:43:15,376 INFO  EvoClassLoader - Instrumenting class 'org.apache.hadoop.metrics2.lib.Interns$CacheWith2Keys$1'.
2024-11-12 13:43:15,376 INFO  MethodCallReplacementClassAdapter - Adding mock interface to class org/apache/hadoop/metrics2/lib/Interns$CacheWith2Keys$1
2024-11-12 13:43:15,376 INFO  EvoClassLoader - Keeping class: org.apache.hadoop.metrics2.lib.Interns$CacheWith2Keys$1
2024-11-12 13:43:15,376 INFO  EvoClassLoader - Seeing class for first time: org.apache.hadoop.metrics2.lib.Interns$CacheWith2Keys$2
2024-11-12 13:43:15,376 INFO  EvoClassLoader - Instrumenting class 'org.apache.hadoop.metrics2.lib.Interns$CacheWith2Keys$2'.
2024-11-12 13:43:15,376 INFO  MethodCallReplacementClassAdapter - Adding mock interface to class org/apache/hadoop/metrics2/lib/Interns$CacheWith2Keys$2
2024-11-12 13:43:15,377 INFO  EvoClassLoader - Keeping class: org.apache.hadoop.metrics2.lib.Interns$CacheWith2Keys$2
2024-11-12 13:43:15,377 INFO  EvoClassLoader - Seeing class for first time: org.apache.hadoop.metrics2.lib.MetricsInfoImpl
2024-11-12 13:43:15,377 INFO  EvoClassLoader - Instrumenting class 'org.apache.hadoop.metrics2.lib.MetricsInfoImpl'.
2024-11-12 13:43:15,377 INFO  MethodCallReplacementClassAdapter - Adding mock interface to class org/apache/hadoop/metrics2/lib/MetricsInfoImpl
2024-11-12 13:43:15,377 INFO  CreateClassResetClassAdapter - Creating brand-new static initializer in class org/apache/hadoop/metrics2/lib/MetricsInfoImpl
2024-11-12 13:43:15,377 INFO  EvoClassLoader - Keeping class: org.apache.hadoop.metrics2.lib.MetricsInfoImpl
2024-11-12 13:43:15,377 INFO  EvoClassLoader - Seeing class for first time: org.apache.hadoop.util.Lists
2024-11-12 13:43:15,377 INFO  EvoClassLoader - Instrumenting class 'org.apache.hadoop.util.Lists'.
2024-11-12 13:43:15,377 INFO  MethodCallReplacementClassAdapter - Adding mock interface to class org/apache/hadoop/util/Lists
2024-11-12 13:43:15,378 INFO  CreateClassResetClassAdapter - Creating brand-new static initializer in class org/apache/hadoop/util/Lists
2024-11-12 13:43:15,378 INFO  EvoClassLoader - Keeping class: org.apache.hadoop.util.Lists
2024-11-12 13:43:15,378 INFO  EvoClassLoader - Seeing class for first time: org.apache.hadoop.metrics2.impl.MetricsCollectorImpl
2024-11-12 13:43:15,378 INFO  EvoClassLoader - Instrumenting class 'org.apache.hadoop.metrics2.impl.MetricsCollectorImpl'.
2024-11-12 13:43:15,378 INFO  MethodCallReplacementClassAdapter - Adding mock interface to class org/apache/hadoop/metrics2/impl/MetricsCollectorImpl
2024-11-12 13:43:15,378 INFO  CreateClassResetClassAdapter - Creating brand-new static initializer in class org/apache/hadoop/metrics2/impl/MetricsCollectorImpl
2024-11-12 13:43:15,379 INFO  EvoClassLoader - Seeing class for first time: org.apache.hadoop.metrics2.MetricsCollector
2024-11-12 13:43:15,379 INFO  EvoClassLoader - Instrumenting class 'org.apache.hadoop.metrics2.MetricsCollector'.
2024-11-12 13:43:15,379 INFO  EvoClassLoader - Keeping class: org.apache.hadoop.metrics2.MetricsCollector
2024-11-12 13:43:15,379 INFO  EvoClassLoader - Keeping class: org.apache.hadoop.metrics2.impl.MetricsCollectorImpl
2024-11-12 13:43:15,379 INFO  EvoClassLoader - Seeing class for first time: org.apache.hadoop.metrics2.MetricsRecordBuilder
2024-11-12 13:43:15,379 INFO  EvoClassLoader - Instrumenting class 'org.apache.hadoop.metrics2.MetricsRecordBuilder'.
2024-11-12 13:43:15,379 INFO  MethodCallReplacementClassAdapter - Adding mock interface to class org/apache/hadoop/metrics2/MetricsRecordBuilder
2024-11-12 13:43:15,379 INFO  CreateClassResetClassAdapter - Creating brand-new static initializer in class org/apache/hadoop/metrics2/MetricsRecordBuilder
2024-11-12 13:43:15,379 INFO  EvoClassLoader - Keeping class: org.apache.hadoop.metrics2.MetricsRecordBuilder
2024-11-12 13:43:15,379 INFO  EvoClassLoader - Seeing class for first time: org.apache.hadoop.metrics2.impl.MetricsRecordBuilderImpl
2024-11-12 13:43:15,379 INFO  EvoClassLoader - Instrumenting class 'org.apache.hadoop.metrics2.impl.MetricsRecordBuilderImpl'.
2024-11-12 13:43:15,379 INFO  MethodCallReplacementClassAdapter - Adding mock interface to class org/apache/hadoop/metrics2/impl/MetricsRecordBuilderImpl
2024-11-12 13:43:15,380 INFO  CreateClassResetClassAdapter - Creating brand-new static initializer in class org/apache/hadoop/metrics2/impl/MetricsRecordBuilderImpl
2024-11-12 13:43:15,380 INFO  EvoClassLoader - Keeping class: org.apache.hadoop.metrics2.impl.MetricsRecordBuilderImpl
2024-11-12 13:43:15,380 INFO  EvoClassLoader - Seeing class for first time: org.apache.hadoop.metrics2.lib.UniqueNames
2024-11-12 13:43:15,380 INFO  EvoClassLoader - Instrumenting class 'org.apache.hadoop.metrics2.lib.UniqueNames'.
2024-11-12 13:43:15,380 INFO  MethodCallReplacementClassAdapter - Adding mock interface to class org/apache/hadoop/metrics2/lib/UniqueNames
2024-11-12 13:43:15,380 INFO  CreateClassResetClassAdapter - Found static initializer in class org/apache/hadoop/metrics2/lib/UniqueNames
2024-11-12 13:43:15,380 INFO  EvoClassLoader - Keeping class: org.apache.hadoop.metrics2.lib.UniqueNames
2024-11-12 13:43:15,380 INFO  EvoClassLoader - Seeing class for first time: org.apache.hadoop.thirdparty.com.google.common.base.Joiner
2024-11-12 13:43:15,380 INFO  EvoClassLoader - Instrumenting class 'org.apache.hadoop.thirdparty.com.google.common.base.Joiner'.
2024-11-12 13:43:15,381 INFO  MethodCallReplacementClassAdapter - Adding mock interface to class org/apache/hadoop/thirdparty/com/google/common/base/Joiner
2024-11-12 13:43:15,381 INFO  CreateClassResetClassAdapter - Creating brand-new static initializer in class org/apache/hadoop/thirdparty/com/google/common/base/Joiner
2024-11-12 13:43:15,381 INFO  EvoClassLoader - Keeping class: org.apache.hadoop.thirdparty.com.google.common.base.Joiner
2024-11-12 13:43:15,381 INFO  EvoClassLoader - Seeing class for first time: org.apache.hadoop.thirdparty.com.google.common.base.Joiner$2
2024-11-12 13:43:15,381 INFO  EvoClassLoader - Instrumenting class 'org.apache.hadoop.thirdparty.com.google.common.base.Joiner$2'.
2024-11-12 13:43:15,381 INFO  MethodCallReplacementClassAdapter - Adding mock interface to class org/apache/hadoop/thirdparty/com/google/common/base/Joiner$2
2024-11-12 13:43:15,382 INFO  EvoClassLoader - Keeping class: org.apache.hadoop.thirdparty.com.google.common.base.Joiner$2
2024-11-12 13:43:15,382 INFO  EvoClassLoader - Seeing class for first time: org.apache.hadoop.thirdparty.com.google.common.base.Joiner$1
2024-11-12 13:43:15,382 INFO  EvoClassLoader - Instrumenting class 'org.apache.hadoop.thirdparty.com.google.common.base.Joiner$1'.
2024-11-12 13:43:15,382 INFO  MethodCallReplacementClassAdapter - Adding mock interface to class org/apache/hadoop/thirdparty/com/google/common/base/Joiner$1
2024-11-12 13:43:15,382 INFO  EvoClassLoader - Keeping class: org.apache.hadoop.thirdparty.com.google.common.base.Joiner$1
2024-11-12 13:43:15,382 INFO  EvoClassLoader - Seeing class for first time: org.apache.hadoop.metrics2.lib.MetricsAnnotations
2024-11-12 13:43:15,382 INFO  EvoClassLoader - Instrumenting class 'org.apache.hadoop.metrics2.lib.MetricsAnnotations'.
2024-11-12 13:43:15,382 INFO  MethodCallReplacementClassAdapter - Adding mock interface to class org/apache/hadoop/metrics2/lib/MetricsAnnotations
2024-11-12 13:43:15,382 INFO  CreateClassResetClassAdapter - Creating brand-new static initializer in class org/apache/hadoop/metrics2/lib/MetricsAnnotations
2024-11-12 13:43:15,382 INFO  EvoClassLoader - Keeping class: org.apache.hadoop.metrics2.lib.MetricsAnnotations
2024-11-12 13:43:15,383 INFO  EvoClassLoader - Seeing class for first time: org.apache.hadoop.metrics2.lib.MetricsSourceBuilder
2024-11-12 13:43:15,383 INFO  EvoClassLoader - Instrumenting class 'org.apache.hadoop.metrics2.lib.MetricsSourceBuilder'.
2024-11-12 13:43:15,383 INFO  MethodCallReplacementClassAdapter - Adding mock interface to class org/apache/hadoop/metrics2/lib/MetricsSourceBuilder
2024-11-12 13:43:15,383 INFO  CreateClassResetClassAdapter - Found static initializer in class org/apache/hadoop/metrics2/lib/MetricsSourceBuilder
2024-11-12 13:43:15,383 INFO  EvoClassLoader - Keeping class: org.apache.hadoop.metrics2.lib.MetricsSourceBuilder
2024-11-12 13:43:15,384 INFO  EvoClassLoader - Seeing class for first time: org.apache.hadoop.metrics2.lib.DefaultMetricsFactory
2024-11-12 13:43:15,384 INFO  EvoClassLoader - Instrumenting class 'org.apache.hadoop.metrics2.lib.DefaultMetricsFactory'.
2024-11-12 13:43:15,384 INFO  MethodCallReplacementClassAdapter - Adding mock interface to class org/apache/hadoop/metrics2/lib/DefaultMetricsFactory
2024-11-12 13:43:15,384 INFO  CreateClassResetClassAdapter - Found static initializer in class org/apache/hadoop/metrics2/lib/DefaultMetricsFactory
2024-11-12 13:43:15,384 INFO  EvoClassLoader - Keeping class: org.apache.hadoop.metrics2.lib.DefaultMetricsFactory
2024-11-12 13:43:15,384 INFO  EvoClassLoader - Seeing class for first time: org.apache.hadoop.metrics2.lib.MutableMetricsFactory
2024-11-12 13:43:15,384 INFO  EvoClassLoader - Instrumenting class 'org.apache.hadoop.metrics2.lib.MutableMetricsFactory'.
2024-11-12 13:43:15,385 INFO  MethodCallReplacementClassAdapter - Adding mock interface to class org/apache/hadoop/metrics2/lib/MutableMetricsFactory
2024-11-12 13:43:15,385 INFO  CreateClassResetClassAdapter - Found static initializer in class org/apache/hadoop/metrics2/lib/MutableMetricsFactory
2024-11-12 13:43:15,385 INFO  EvoClassLoader - Keeping class: org.apache.hadoop.metrics2.lib.MutableMetricsFactory
2024-11-12 13:43:15,385 INFO  EvoClassLoader - Seeing class for first time: org.apache.hadoop.metrics2.lib.MutableCounterInt
2024-11-12 13:43:15,385 INFO  EvoClassLoader - Instrumenting class 'org.apache.hadoop.metrics2.lib.MutableCounterInt'.
2024-11-12 13:43:15,386 INFO  MethodCallReplacementClassAdapter - Adding mock interface to class org/apache/hadoop/metrics2/lib/MutableCounterInt
2024-11-12 13:43:15,386 INFO  CreateClassResetClassAdapter - Creating brand-new static initializer in class org/apache/hadoop/metrics2/lib/MutableCounterInt
2024-11-12 13:43:15,386 INFO  EvoClassLoader - Seeing class for first time: org.apache.hadoop.metrics2.lib.MutableCounter
2024-11-12 13:43:15,386 INFO  EvoClassLoader - Instrumenting class 'org.apache.hadoop.metrics2.lib.MutableCounter'.
2024-11-12 13:43:15,386 INFO  MethodCallReplacementClassAdapter - Adding mock interface to class org/apache/hadoop/metrics2/lib/MutableCounter
2024-11-12 13:43:15,386 INFO  CreateClassResetClassAdapter - Creating brand-new static initializer in class org/apache/hadoop/metrics2/lib/MutableCounter
2024-11-12 13:43:15,386 INFO  EvoClassLoader - Keeping class: org.apache.hadoop.metrics2.lib.MutableCounter
2024-11-12 13:43:15,386 INFO  EvoClassLoader - Keeping class: org.apache.hadoop.metrics2.lib.MutableCounterInt
2024-11-12 13:43:15,386 INFO  EvoClassLoader - Seeing class for first time: org.apache.hadoop.metrics2.lib.MutableCounterLong
2024-11-12 13:43:15,386 INFO  EvoClassLoader - Instrumenting class 'org.apache.hadoop.metrics2.lib.MutableCounterLong'.
2024-11-12 13:43:15,386 INFO  MethodCallReplacementClassAdapter - Adding mock interface to class org/apache/hadoop/metrics2/lib/MutableCounterLong
2024-11-12 13:43:15,386 INFO  CreateClassResetClassAdapter - Creating brand-new static initializer in class org/apache/hadoop/metrics2/lib/MutableCounterLong
2024-11-12 13:43:15,386 INFO  EvoClassLoader - Keeping class: org.apache.hadoop.metrics2.lib.MutableCounterLong
2024-11-12 13:43:15,386 INFO  EvoClassLoader - Seeing class for first time: org.apache.hadoop.metrics2.lib.MutableGaugeInt
2024-11-12 13:43:15,386 INFO  EvoClassLoader - Instrumenting class 'org.apache.hadoop.metrics2.lib.MutableGaugeInt'.
2024-11-12 13:43:15,386 INFO  MethodCallReplacementClassAdapter - Adding mock interface to class org/apache/hadoop/metrics2/lib/MutableGaugeInt
2024-11-12 13:43:15,386 INFO  CreateClassResetClassAdapter - Creating brand-new static initializer in class org/apache/hadoop/metrics2/lib/MutableGaugeInt
2024-11-12 13:43:15,387 INFO  EvoClassLoader - Seeing class for first time: org.apache.hadoop.metrics2.lib.MutableGauge
2024-11-12 13:43:15,387 INFO  EvoClassLoader - Instrumenting class 'org.apache.hadoop.metrics2.lib.MutableGauge'.
2024-11-12 13:43:15,387 INFO  MethodCallReplacementClassAdapter - Adding mock interface to class org/apache/hadoop/metrics2/lib/MutableGauge
2024-11-12 13:43:15,387 INFO  CreateClassResetClassAdapter - Creating brand-new static initializer in class org/apache/hadoop/metrics2/lib/MutableGauge
2024-11-12 13:43:15,387 INFO  EvoClassLoader - Keeping class: org.apache.hadoop.metrics2.lib.MutableGauge
2024-11-12 13:43:15,387 INFO  EvoClassLoader - Keeping class: org.apache.hadoop.metrics2.lib.MutableGaugeInt
2024-11-12 13:43:15,387 INFO  EvoClassLoader - Seeing class for first time: org.apache.hadoop.metrics2.lib.MutableGaugeLong
2024-11-12 13:43:15,387 INFO  EvoClassLoader - Instrumenting class 'org.apache.hadoop.metrics2.lib.MutableGaugeLong'.
2024-11-12 13:43:15,387 INFO  MethodCallReplacementClassAdapter - Adding mock interface to class org/apache/hadoop/metrics2/lib/MutableGaugeLong
2024-11-12 13:43:15,387 INFO  CreateClassResetClassAdapter - Creating brand-new static initializer in class org/apache/hadoop/metrics2/lib/MutableGaugeLong
2024-11-12 13:43:15,387 INFO  EvoClassLoader - Keeping class: org.apache.hadoop.metrics2.lib.MutableGaugeLong
2024-11-12 13:43:15,387 INFO  EvoClassLoader - Seeing class for first time: org.apache.hadoop.metrics2.lib.MutableGaugeFloat
2024-11-12 13:43:15,387 INFO  EvoClassLoader - Instrumenting class 'org.apache.hadoop.metrics2.lib.MutableGaugeFloat'.
2024-11-12 13:43:15,387 INFO  MethodCallReplacementClassAdapter - Adding mock interface to class org/apache/hadoop/metrics2/lib/MutableGaugeFloat
2024-11-12 13:43:15,387 INFO  CreateClassResetClassAdapter - Creating brand-new static initializer in class org/apache/hadoop/metrics2/lib/MutableGaugeFloat
2024-11-12 13:43:15,387 INFO  EvoClassLoader - Keeping class: org.apache.hadoop.metrics2.lib.MutableGaugeFloat
2024-11-12 13:43:15,387 INFO  EvoClassLoader - Seeing class for first time: org.apache.hadoop.metrics2.lib.MutableRate
2024-11-12 13:43:15,387 INFO  EvoClassLoader - Instrumenting class 'org.apache.hadoop.metrics2.lib.MutableRate'.
2024-11-12 13:43:15,388 INFO  MethodCallReplacementClassAdapter - Adding mock interface to class org/apache/hadoop/metrics2/lib/MutableRate
2024-11-12 13:43:15,388 INFO  CreateClassResetClassAdapter - Creating brand-new static initializer in class org/apache/hadoop/metrics2/lib/MutableRate
2024-11-12 13:43:15,388 INFO  EvoClassLoader - Seeing class for first time: org.apache.hadoop.metrics2.lib.MutableStat
2024-11-12 13:43:15,388 INFO  EvoClassLoader - Instrumenting class 'org.apache.hadoop.metrics2.lib.MutableStat'.
2024-11-12 13:43:15,388 INFO  MethodCallReplacementClassAdapter - Adding mock interface to class org/apache/hadoop/metrics2/lib/MutableStat
2024-11-12 13:43:15,388 INFO  CreateClassResetClassAdapter - Creating brand-new static initializer in class org/apache/hadoop/metrics2/lib/MutableStat
2024-11-12 13:43:15,388 INFO  EvoClassLoader - Keeping class: org.apache.hadoop.metrics2.lib.MutableStat
2024-11-12 13:43:15,388 INFO  EvoClassLoader - Keeping class: org.apache.hadoop.metrics2.lib.MutableRate
2024-11-12 13:43:15,388 INFO  EvoClassLoader - Seeing class for first time: org.apache.hadoop.metrics2.lib.MutableRates
2024-11-12 13:43:15,388 INFO  EvoClassLoader - Instrumenting class 'org.apache.hadoop.metrics2.lib.MutableRates'.
2024-11-12 13:43:15,389 INFO  MethodCallReplacementClassAdapter - Adding mock interface to class org/apache/hadoop/metrics2/lib/MutableRates
2024-11-12 13:43:15,389 INFO  CreateClassResetClassAdapter - Found static initializer in class org/apache/hadoop/metrics2/lib/MutableRates
2024-11-12 13:43:15,389 INFO  EvoClassLoader - Keeping class: org.apache.hadoop.metrics2.lib.MutableRates
2024-11-12 13:43:15,389 INFO  EvoClassLoader - Seeing class for first time: org.apache.hadoop.metrics2.lib.MutableRatesWithAggregation
2024-11-12 13:43:15,389 INFO  EvoClassLoader - Instrumenting class 'org.apache.hadoop.metrics2.lib.MutableRatesWithAggregation'.
2024-11-12 13:43:15,389 INFO  MethodCallReplacementClassAdapter - Adding mock interface to class org/apache/hadoop/metrics2/lib/MutableRatesWithAggregation
2024-11-12 13:43:15,389 INFO  CreateClassResetClassAdapter - Found static initializer in class org/apache/hadoop/metrics2/lib/MutableRatesWithAggregation
2024-11-12 13:43:15,390 INFO  EvoClassLoader - Keeping class: org.apache.hadoop.metrics2.lib.MutableRatesWithAggregation
2024-11-12 13:43:15,390 INFO  EvoClassLoader - Seeing class for first time: org.apache.hadoop.metrics2.lib.MutableRollingAverages
2024-11-12 13:43:15,390 INFO  EvoClassLoader - Instrumenting class 'org.apache.hadoop.metrics2.lib.MutableRollingAverages'.
2024-11-12 13:43:15,390 INFO  MethodCallReplacementClassAdapter - Adding mock interface to class org/apache/hadoop/metrics2/lib/MutableRollingAverages
2024-11-12 13:43:15,390 INFO  CreateClassResetClassAdapter - Found static initializer in class org/apache/hadoop/metrics2/lib/MutableRollingAverages
2024-11-12 13:43:15,391 INFO  EvoClassLoader - Keeping class: org.apache.hadoop.metrics2.lib.MutableRollingAverages
2024-11-12 13:43:15,391 INFO  EvoClassLoader - Seeing class for first time: org.apache.hadoop.metrics2.lib.MethodMetric
2024-11-12 13:43:15,391 INFO  EvoClassLoader - Instrumenting class 'org.apache.hadoop.metrics2.lib.MethodMetric'.
2024-11-12 13:43:15,391 INFO  MethodCallReplacementClassAdapter - Adding mock interface to class org/apache/hadoop/metrics2/lib/MethodMetric
2024-11-12 13:43:15,391 INFO  CreateClassResetClassAdapter - Found static initializer in class org/apache/hadoop/metrics2/lib/MethodMetric
2024-11-12 13:43:15,392 INFO  EvoClassLoader - Keeping class: org.apache.hadoop.metrics2.lib.MethodMetric
2024-11-12 13:43:15,392 INFO  EvoClassLoader - Seeing class for first time: org.apache.hadoop.util.ReflectionUtils
2024-11-12 13:43:15,392 INFO  EvoClassLoader - Instrumenting class 'org.apache.hadoop.util.ReflectionUtils'.
2024-11-12 13:43:15,392 INFO  MethodCallReplacementClassAdapter - Adding mock interface to class org/apache/hadoop/util/ReflectionUtils
2024-11-12 13:43:15,395 INFO  CreateClassResetClassAdapter - Found static initializer in class org/apache/hadoop/util/ReflectionUtils
2024-11-12 13:43:15,396 INFO  EvoClassLoader - Keeping class: org.apache.hadoop.util.ReflectionUtils
2024-11-12 13:43:15,396 INFO  EvoClassLoader - Seeing class for first time: org.apache.hadoop.util.ReflectionUtils$1
2024-11-12 13:43:15,396 INFO  EvoClassLoader - Instrumenting class 'org.apache.hadoop.util.ReflectionUtils$1'.
2024-11-12 13:43:15,397 INFO  MethodCallReplacementClassAdapter - Adding mock interface to class org/apache/hadoop/util/ReflectionUtils$1
2024-11-12 13:43:15,397 INFO  EvoClassLoader - Keeping class: org.apache.hadoop.util.ReflectionUtils$1
2024-11-12 13:43:15,397 INFO  EvoClassLoader - Seeing class for first time: org.apache.hadoop.io.DataOutputBuffer
2024-11-12 13:43:15,397 INFO  EvoClassLoader - Instrumenting class 'org.apache.hadoop.io.DataOutputBuffer'.
2024-11-12 13:43:15,397 INFO  MethodCallReplacementClassAdapter - Adding mock interface to class org/apache/hadoop/io/DataOutputBuffer
2024-11-12 13:43:15,398 INFO  CreateClassResetClassAdapter - Creating brand-new static initializer in class org/apache/hadoop/io/DataOutputBuffer
2024-11-12 13:43:15,398 INFO  EvoClassLoader - Keeping class: org.apache.hadoop.io.DataOutputBuffer
2024-11-12 13:43:15,398 INFO  EvoClassLoader - Seeing class for first time: org.apache.hadoop.io.DataInputBuffer
2024-11-12 13:43:15,398 INFO  EvoClassLoader - Instrumenting class 'org.apache.hadoop.io.DataInputBuffer'.
2024-11-12 13:43:15,398 INFO  MethodCallReplacementClassAdapter - Adding mock interface to class org/apache/hadoop/io/DataInputBuffer
2024-11-12 13:43:15,398 INFO  CreateClassResetClassAdapter - Creating brand-new static initializer in class org/apache/hadoop/io/DataInputBuffer
2024-11-12 13:43:15,398 INFO  EvoClassLoader - Keeping class: org.apache.hadoop.io.DataInputBuffer
2024-11-12 13:43:15,399 INFO  EvoClassLoader - Seeing class for first time: org.apache.hadoop.util.ReflectionUtils$2
2024-11-12 13:43:15,399 INFO  EvoClassLoader - Instrumenting class 'org.apache.hadoop.util.ReflectionUtils$2'.
2024-11-12 13:43:15,399 INFO  MethodCallReplacementClassAdapter - Adding mock interface to class org/apache/hadoop/util/ReflectionUtils$2
2024-11-12 13:43:15,400 INFO  EvoClassLoader - Keeping class: org.apache.hadoop.util.ReflectionUtils$2
2024-11-12 13:43:15,400 INFO  EvoClassLoader - Seeing class for first time: org.apache.hadoop.metrics2.annotation.Metrics
2024-11-12 13:43:15,400 INFO  EvoClassLoader - Instrumenting class 'org.apache.hadoop.metrics2.annotation.Metrics'.
2024-11-12 13:43:15,401 INFO  EvoClassLoader - Defined package (3): package org.apache.hadoop.metrics2.annotation, 1989769083
2024-11-12 13:43:15,401 INFO  EvoClassLoader - Keeping class: org.apache.hadoop.metrics2.annotation.Metrics
2024-11-12 13:43:15,401 INFO  EvoClassLoader - Seeing class for first time: org.apache.hadoop.classification.InterfaceAudience$Public
2024-11-12 13:43:15,401 INFO  EvoClassLoader - Instrumenting class 'org.apache.hadoop.classification.InterfaceAudience$Public'.
2024-11-12 13:43:15,401 INFO  EvoClassLoader - Keeping class: org.apache.hadoop.classification.InterfaceAudience$Public
2024-11-12 13:43:15,403 INFO  EvoClassLoader - Seeing class for first time: org.apache.hadoop.security.UserGroupInformation$HadoopConfiguration
2024-11-12 13:43:15,403 INFO  EvoClassLoader - Instrumenting class 'org.apache.hadoop.security.UserGroupInformation$HadoopConfiguration'.
2024-11-12 13:43:15,403 INFO  MethodCallReplacementClassAdapter - Adding mock interface to class org/apache/hadoop/security/UserGroupInformation$HadoopConfiguration
2024-11-12 13:43:15,403 INFO  CreateClassResetClassAdapter - Found static initializer in class org/apache/hadoop/security/UserGroupInformation$HadoopConfiguration
2024-11-12 13:43:15,404 INFO  EvoClassLoader - Keeping class: org.apache.hadoop.security.UserGroupInformation$HadoopConfiguration
2024-11-12 13:43:15,404 INFO  EvoClassLoader - Seeing class for first time: org.apache.hadoop.security.UserGroupInformation$LoginParams
2024-11-12 13:43:15,404 INFO  EvoClassLoader - Instrumenting class 'org.apache.hadoop.security.UserGroupInformation$LoginParams'.
2024-11-12 13:43:15,404 INFO  MethodCallReplacementClassAdapter - Adding mock interface to class org/apache/hadoop/security/UserGroupInformation$LoginParams
2024-11-12 13:43:15,404 INFO  CreateClassResetClassAdapter - Creating brand-new static initializer in class org/apache/hadoop/security/UserGroupInformation$LoginParams
2024-11-12 13:43:15,404 INFO  EvoClassLoader - Keeping class: org.apache.hadoop.security.UserGroupInformation$LoginParams
2024-11-12 13:43:15,404 INFO  EvoClassLoader - Seeing class for first time: org.apache.hadoop.security.UserGroupInformation$LoginParam
2024-11-12 13:43:15,404 INFO  EvoClassLoader - Instrumenting class 'org.apache.hadoop.security.UserGroupInformation$LoginParam'.
2024-11-12 13:43:15,404 INFO  MethodCallReplacementClassAdapter - Adding mock interface to class org/apache/hadoop/security/UserGroupInformation$LoginParam
2024-11-12 13:43:15,404 INFO  CreateClassResetClassAdapter - Found static initializer in class org/apache/hadoop/security/UserGroupInformation$LoginParam
2024-11-12 13:43:15,405 INFO  EvoClassLoader - Keeping class: org.apache.hadoop.security.UserGroupInformation$LoginParam
2024-11-12 13:43:15,405 INFO  EvoClassLoader - Seeing class for first time: org.apache.hadoop.security.UserGroupInformation$AuthenticationMethod
2024-11-12 13:43:15,405 INFO  EvoClassLoader - Instrumenting class 'org.apache.hadoop.security.UserGroupInformation$AuthenticationMethod'.
2024-11-12 13:43:15,405 INFO  MethodCallReplacementClassAdapter - Adding mock interface to class org/apache/hadoop/security/UserGroupInformation$AuthenticationMethod
2024-11-12 13:43:15,405 INFO  CreateClassResetClassAdapter - Found static initializer in class org/apache/hadoop/security/UserGroupInformation$AuthenticationMethod
2024-11-12 13:43:15,406 INFO  EvoClassLoader - Keeping class: org.apache.hadoop.security.UserGroupInformation$AuthenticationMethod
2024-11-12 13:43:15,406 INFO  EvoClassLoader - Seeing class for first time: org.apache.hadoop.security.UserGroupInformation$RealUser
2024-11-12 13:43:15,406 INFO  EvoClassLoader - Instrumenting class 'org.apache.hadoop.security.UserGroupInformation$RealUser'.
2024-11-12 13:43:15,406 INFO  MethodCallReplacementClassAdapter - Adding mock interface to class org/apache/hadoop/security/UserGroupInformation$RealUser
2024-11-12 13:43:15,406 INFO  CreateClassResetClassAdapter - Creating brand-new static initializer in class org/apache/hadoop/security/UserGroupInformation$RealUser
2024-11-12 13:43:15,406 INFO  EvoClassLoader - Keeping class: org.apache.hadoop.security.UserGroupInformation$RealUser
2024-11-12 13:43:15,406 INFO  EvoClassLoader - Seeing class for first time: org.apache.hadoop.security.UserGroupInformation$HadoopLoginModule
2024-11-12 13:43:15,406 INFO  EvoClassLoader - Instrumenting class 'org.apache.hadoop.security.UserGroupInformation$HadoopLoginModule'.
2024-11-12 13:43:15,407 INFO  MethodCallReplacementClassAdapter - Adding mock interface to class org/apache/hadoop/security/UserGroupInformation$HadoopLoginModule
2024-11-12 13:43:15,407 INFO  CreateClassResetClassAdapter - Creating brand-new static initializer in class org/apache/hadoop/security/UserGroupInformation$HadoopLoginModule
2024-11-12 13:43:15,407 INFO  EvoClassLoader - Keeping class: org.apache.hadoop.security.UserGroupInformation$HadoopLoginModule
2024-11-12 13:43:15,407 INFO  EvoClassLoader - Seeing class for first time: org.apache.hadoop.metrics2.impl.MsInfo
2024-11-12 13:43:15,407 INFO  EvoClassLoader - Instrumenting class 'org.apache.hadoop.metrics2.impl.MsInfo'.
2024-11-12 13:43:15,408 INFO  MethodCallReplacementClassAdapter - Adding mock interface to class org/apache/hadoop/metrics2/impl/MsInfo
2024-11-12 13:43:15,408 INFO  CreateClassResetClassAdapter - Found static initializer in class org/apache/hadoop/metrics2/impl/MsInfo
2024-11-12 13:43:15,408 INFO  EvoClassLoader - Keeping class: org.apache.hadoop.metrics2.impl.MsInfo
2024-11-12 13:43:15,408 INFO  EvoClassLoader - Seeing class for first time: org.apache.hadoop.metrics2.lib.Interns$Tags
2024-11-12 13:43:15,408 INFO  EvoClassLoader - Instrumenting class 'org.apache.hadoop.metrics2.lib.Interns$Tags'.
2024-11-12 13:43:15,408 INFO  MethodCallReplacementClassAdapter - Adding mock interface to class org/apache/hadoop/metrics2/lib/Interns$Tags
2024-11-12 13:43:15,408 INFO  CreateClassResetClassAdapter - Found static initializer in class org/apache/hadoop/metrics2/lib/Interns$Tags
2024-11-12 13:43:15,408 INFO  EvoClassLoader - Keeping class: org.apache.hadoop.metrics2.lib.Interns$Tags
2024-11-12 13:43:15,408 INFO  EvoClassLoader - Seeing class for first time: org.apache.hadoop.metrics2.lib.Interns$Tags$1
2024-11-12 13:43:15,408 INFO  EvoClassLoader - Instrumenting class 'org.apache.hadoop.metrics2.lib.Interns$Tags$1'.
2024-11-12 13:43:15,408 INFO  MethodCallReplacementClassAdapter - Adding mock interface to class org/apache/hadoop/metrics2/lib/Interns$Tags$1
2024-11-12 13:43:15,409 INFO  EvoClassLoader - Keeping class: org.apache.hadoop.metrics2.lib.Interns$Tags$1
2024-11-12 13:43:15,409 INFO  EvoClassLoader - Seeing class for first time: org.apache.hadoop.metrics2.MetricsTag
2024-11-12 13:43:15,409 INFO  EvoClassLoader - Instrumenting class 'org.apache.hadoop.metrics2.MetricsTag'.
2024-11-12 13:43:15,409 INFO  MethodCallReplacementClassAdapter - Adding mock interface to class org/apache/hadoop/metrics2/MetricsTag
2024-11-12 13:43:15,409 INFO  CreateClassResetClassAdapter - Creating brand-new static initializer in class org/apache/hadoop/metrics2/MetricsTag
2024-11-12 13:43:15,409 INFO  EvoClassLoader - Keeping class: org.apache.hadoop.metrics2.MetricsTag
2024-11-12 13:43:15,409 INFO  EvoClassLoader - Seeing class for first time: org.apache.hadoop.metrics2.annotation.Metric
2024-11-12 13:43:15,409 INFO  EvoClassLoader - Instrumenting class 'org.apache.hadoop.metrics2.annotation.Metric'.
2024-11-12 13:43:15,410 INFO  EvoClassLoader - Keeping class: org.apache.hadoop.metrics2.annotation.Metric
2024-11-12 13:43:15,410 INFO  EvoClassLoader - Seeing class for first time: org.apache.hadoop.metrics2.annotation.Metric$Type
2024-11-12 13:43:15,410 INFO  EvoClassLoader - Instrumenting class 'org.apache.hadoop.metrics2.annotation.Metric$Type'.
2024-11-12 13:43:15,410 INFO  MethodCallReplacementClassAdapter - Adding mock interface to class org/apache/hadoop/metrics2/annotation/Metric$Type
2024-11-12 13:43:15,410 INFO  CreateClassResetClassAdapter - Found static initializer in class org/apache/hadoop/metrics2/annotation/Metric$Type
2024-11-12 13:43:15,410 INFO  EvoClassLoader - Keeping class: org.apache.hadoop.metrics2.annotation.Metric$Type
2024-11-12 13:43:15,411 INFO  EvoClassLoader - Seeing class for first time: org.apache.commons.lang3.StringUtils
2024-11-12 13:43:15,411 INFO  EvoClassLoader - Instrumenting class 'org.apache.commons.lang3.StringUtils'.
2024-11-12 13:43:15,412 INFO  MethodCallReplacementClassAdapter - Adding mock interface to class org/apache/commons/lang3/StringUtils
2024-11-12 13:43:15,416 INFO  CreateClassResetClassAdapter - Found static initializer in class org/apache/commons/lang3/StringUtils
2024-11-12 13:43:15,417 INFO  EvoClassLoader - Defined package (3): package org.apache.commons.lang3, -899722583
2024-11-12 13:43:15,418 INFO  EvoClassLoader - Keeping class: org.apache.commons.lang3.StringUtils
2024-11-12 13:43:15,421 INFO  EvoClassLoader - Seeing class for first time: org.apache.hadoop.metrics2.util.SampleStat
2024-11-12 13:43:15,421 INFO  EvoClassLoader - Instrumenting class 'org.apache.hadoop.metrics2.util.SampleStat'.
2024-11-12 13:43:15,422 INFO  MethodCallReplacementClassAdapter - Adding mock interface to class org/apache/hadoop/metrics2/util/SampleStat
2024-11-12 13:43:15,422 INFO  CreateClassResetClassAdapter - Creating brand-new static initializer in class org/apache/hadoop/metrics2/util/SampleStat
2024-11-12 13:43:15,422 INFO  EvoClassLoader - Defined package (3): package org.apache.hadoop.metrics2.util, 998417742
2024-11-12 13:43:15,422 INFO  EvoClassLoader - Keeping class: org.apache.hadoop.metrics2.util.SampleStat
2024-11-12 13:43:15,422 INFO  EvoClassLoader - Seeing class for first time: org.apache.hadoop.metrics2.util.SampleStat$MinMax
2024-11-12 13:43:15,422 INFO  EvoClassLoader - Instrumenting class 'org.apache.hadoop.metrics2.util.SampleStat$MinMax'.
2024-11-12 13:43:15,423 INFO  MethodCallReplacementClassAdapter - Adding mock interface to class org/apache/hadoop/metrics2/util/SampleStat$MinMax
2024-11-12 13:43:15,423 INFO  CreateClassResetClassAdapter - Creating brand-new static initializer in class org/apache/hadoop/metrics2/util/SampleStat$MinMax
2024-11-12 13:43:15,423 INFO  CreateClassResetClassAdapter - Adding bytecode for initializing field DEFAULT_MIN_VALUE
2024-11-12 13:43:15,423 INFO  CreateClassResetClassAdapter - Adding bytecode for initializing field DEFAULT_MAX_VALUE
2024-11-12 13:43:15,423 INFO  EvoClassLoader - Keeping class: org.apache.hadoop.metrics2.util.SampleStat$MinMax
2024-11-12 13:43:15,424 INFO  EvoClassLoader - Seeing class for first time: org.apache.hadoop.metrics2.lib.MetricsSourceBuilder$1
2024-11-12 13:43:15,424 INFO  EvoClassLoader - Instrumenting class 'org.apache.hadoop.metrics2.lib.MetricsSourceBuilder$1'.
2024-11-12 13:43:15,425 INFO  MethodCallReplacementClassAdapter - Adding mock interface to class org/apache/hadoop/metrics2/lib/MetricsSourceBuilder$1
2024-11-12 13:43:15,425 INFO  EvoClassLoader - Keeping class: org.apache.hadoop.metrics2.lib.MetricsSourceBuilder$1
2024-11-12 13:43:15,425 INFO  EvoClassLoader - Seeing class for first time: org.apache.hadoop.metrics2.lib.UniqueNames$Count
2024-11-12 13:43:15,425 INFO  EvoClassLoader - Instrumenting class 'org.apache.hadoop.metrics2.lib.UniqueNames$Count'.
2024-11-12 13:43:15,426 INFO  MethodCallReplacementClassAdapter - Adding mock interface to class org/apache/hadoop/metrics2/lib/UniqueNames$Count
2024-11-12 13:43:15,426 INFO  CreateClassResetClassAdapter - Creating brand-new static initializer in class org/apache/hadoop/metrics2/lib/UniqueNames$Count
2024-11-12 13:43:15,426 INFO  EvoClassLoader - Keeping class: org.apache.hadoop.metrics2.lib.UniqueNames$Count
2024-11-12 13:43:15,426 INFO  EvoClassLoader - Seeing class for first time: org.apache.hadoop.metrics2.impl.MetricsSystemImpl$1
2024-11-12 13:43:15,426 INFO  EvoClassLoader - Instrumenting class 'org.apache.hadoop.metrics2.impl.MetricsSystemImpl$1'.
2024-11-12 13:43:15,426 INFO  MethodCallReplacementClassAdapter - Adding mock interface to class org/apache/hadoop/metrics2/impl/MetricsSystemImpl$1
2024-11-12 13:43:15,426 INFO  EvoClassLoader - Seeing class for first time: org.apache.hadoop.metrics2.MetricsSystem$AbstractCallback
2024-11-12 13:43:15,426 INFO  EvoClassLoader - Instrumenting class 'org.apache.hadoop.metrics2.MetricsSystem$AbstractCallback'.
2024-11-12 13:43:15,427 INFO  MethodCallReplacementClassAdapter - Adding mock interface to class org/apache/hadoop/metrics2/MetricsSystem$AbstractCallback
2024-11-12 13:43:15,427 INFO  CreateClassResetClassAdapter - Creating brand-new static initializer in class org/apache/hadoop/metrics2/MetricsSystem$AbstractCallback
2024-11-12 13:43:15,427 INFO  EvoClassLoader - Keeping class: org.apache.hadoop.metrics2.MetricsSystem$AbstractCallback
2024-11-12 13:43:15,427 INFO  EvoClassLoader - Keeping class: org.apache.hadoop.metrics2.impl.MetricsSystemImpl$1
2024-11-12 13:43:15,427 INFO  EvoClassLoader - Seeing class for first time: org.apache.hadoop.metrics2.impl.MetricsSystemImpl$3
2024-11-12 13:43:15,427 INFO  EvoClassLoader - Instrumenting class 'org.apache.hadoop.metrics2.impl.MetricsSystemImpl$3'.
2024-11-12 13:43:15,427 INFO  MethodCallReplacementClassAdapter - Adding mock interface to class org/apache/hadoop/metrics2/impl/MetricsSystemImpl$3
2024-11-12 13:43:15,428 INFO  EvoClassLoader - Keeping class: org.apache.hadoop.metrics2.impl.MetricsSystemImpl$3
2024-11-12 13:43:15,430 INFO  EvoClassLoader - Seeing class for first time: org.apache.hadoop.util.PlatformName
2024-11-12 13:43:15,430 INFO  EvoClassLoader - Instrumenting class 'org.apache.hadoop.util.PlatformName'.
2024-11-12 13:43:15,430 INFO  MethodCallReplacementClassAdapter - Adding mock interface to class org/apache/hadoop/util/PlatformName
2024-11-12 13:43:15,430 INFO  CreateClassResetClassAdapter - Found static initializer in class org/apache/hadoop/util/PlatformName
2024-11-12 13:43:15,430 INFO  EvoClassLoader - Keeping class: org.apache.hadoop.util.PlatformName
2024-11-12 13:43:15,431 INFO  EvoClassLoader - Seeing class for first time: org.apache.commons.cli.Option
2024-11-12 13:43:15,431 INFO  EvoClassLoader - Instrumenting class 'org.apache.commons.cli.Option'.
2024-11-12 13:43:15,431 INFO  MethodCallReplacementClassAdapter - Adding mock interface to class org/apache/commons/cli/Option
2024-11-12 13:43:15,432 INFO  CreateClassResetClassAdapter - Creating brand-new static initializer in class org/apache/commons/cli/Option
2024-11-12 13:43:15,432 INFO  CreateClassResetClassAdapter - Adding bytecode for initializing field UNINITIALIZED
2024-11-12 13:43:15,432 INFO  CreateClassResetClassAdapter - Adding bytecode for initializing field UNLIMITED_VALUES
2024-11-12 13:43:15,433 INFO  EvoClassLoader - Keeping class: org.apache.commons.cli.Option
2024-11-12 13:43:15,433 INFO  EvoClassLoader - Seeing class for first time: net.bytebuddy.description.annotation.AnnotationSource
2024-11-12 13:43:15,433 INFO  EvoClassLoader - Instrumenting class 'net.bytebuddy.description.annotation.AnnotationSource'.
2024-11-12 13:43:15,433 INFO  EvoClassLoader - Defined package (3): package net.bytebuddy.description.annotation, -2027678782
2024-11-12 13:43:15,433 INFO  EvoClassLoader - Keeping class: net.bytebuddy.description.annotation.AnnotationSource
2024-11-12 13:43:15,433 INFO  EvoClassLoader - Seeing class for first time: org.apache.hadoop.hdfs.qjournal.protocol.QJournalProtocolProtos$GetJournalCTimeRequestProto$Builder
2024-11-12 13:43:15,433 INFO  EvoClassLoader - Instrumenting class 'org.apache.hadoop.hdfs.qjournal.protocol.QJournalProtocolProtos$GetJournalCTimeRequestProto$Builder'.
2024-11-12 13:43:15,434 INFO  MethodCallReplacementClassAdapter - Adding mock interface to class org/apache/hadoop/hdfs/qjournal/protocol/QJournalProtocolProtos$GetJournalCTimeRequestProto$Builder
2024-11-12 13:43:15,435 INFO  CreateClassResetClassAdapter - Creating brand-new static initializer in class org/apache/hadoop/hdfs/qjournal/protocol/QJournalProtocolProtos$GetJournalCTimeRequestProto$Builder
2024-11-12 13:43:15,435 INFO  EvoClassLoader - Seeing class for first time: org.apache.hadoop.hdfs.qjournal.protocol.QJournalProtocolProtos$GetJournalCTimeRequestProtoOrBuilder
2024-11-12 13:43:15,435 INFO  EvoClassLoader - Instrumenting class 'org.apache.hadoop.hdfs.qjournal.protocol.QJournalProtocolProtos$GetJournalCTimeRequestProtoOrBuilder'.
2024-11-12 13:43:15,435 INFO  EvoClassLoader - Keeping class: org.apache.hadoop.hdfs.qjournal.protocol.QJournalProtocolProtos$GetJournalCTimeRequestProtoOrBuilder
2024-11-12 13:43:15,436 INFO  EvoClassLoader - Keeping class: org.apache.hadoop.hdfs.qjournal.protocol.QJournalProtocolProtos$GetJournalCTimeRequestProto$Builder
2024-11-12 13:43:15,436 INFO  EvoClassLoader - Seeing class for first time: org.apache.hadoop.ipc.protobuf.RpcHeaderProtos
2024-11-12 13:43:15,436 INFO  EvoClassLoader - Instrumenting class 'org.apache.hadoop.ipc.protobuf.RpcHeaderProtos'.
2024-11-12 13:43:15,436 INFO  MethodCallReplacementClassAdapter - Adding mock interface to class org/apache/hadoop/ipc/protobuf/RpcHeaderProtos
2024-11-12 13:43:15,436 INFO  CreateClassResetClassAdapter - Found static initializer in class org/apache/hadoop/ipc/protobuf/RpcHeaderProtos
2024-11-12 13:43:15,437 INFO  EvoClassLoader - Keeping class: org.apache.hadoop.ipc.protobuf.RpcHeaderProtos
2024-11-12 13:43:15,438 INFO  EvoClassLoader - Seeing class for first time: org.apache.hadoop.thirdparty.protobuf.Descriptors$FileDescriptor$Syntax
2024-11-12 13:43:15,438 INFO  EvoClassLoader - Instrumenting class 'org.apache.hadoop.thirdparty.protobuf.Descriptors$FileDescriptor$Syntax'.
2024-11-12 13:43:15,439 INFO  MethodCallReplacementClassAdapter - Adding mock interface to class org/apache/hadoop/thirdparty/protobuf/Descriptors$FileDescriptor$Syntax
2024-11-12 13:43:15,439 INFO  CreateClassResetClassAdapter - Found static initializer in class org/apache/hadoop/thirdparty/protobuf/Descriptors$FileDescriptor$Syntax
2024-11-12 13:43:15,439 INFO  EvoClassLoader - Keeping class: org.apache.hadoop.thirdparty.protobuf.Descriptors$FileDescriptor$Syntax
2024-11-12 13:43:15,439 INFO  EvoClassLoader - Seeing class for first time: org.apache.hadoop.thirdparty.protobuf.TextFormat$Printer
2024-11-12 13:43:15,439 INFO  EvoClassLoader - Instrumenting class 'org.apache.hadoop.thirdparty.protobuf.TextFormat$Printer'.
2024-11-12 13:43:15,439 INFO  MethodCallReplacementClassAdapter - Adding mock interface to class org/apache/hadoop/thirdparty/protobuf/TextFormat$Printer
2024-11-12 13:43:15,440 INFO  CreateClassResetClassAdapter - Found static initializer in class org/apache/hadoop/thirdparty/protobuf/TextFormat$Printer
2024-11-12 13:43:15,441 INFO  EvoClassLoader - Keeping class: org.apache.hadoop.thirdparty.protobuf.TextFormat$Printer
2024-11-12 13:43:15,441 INFO  EvoClassLoader - Seeing class for first time: org.apache.hadoop.hdfs.qjournal.protocol.QJournalProtocolProtos$IsFormattedResponseProto$Builder
2024-11-12 13:43:15,441 INFO  EvoClassLoader - Instrumenting class 'org.apache.hadoop.hdfs.qjournal.protocol.QJournalProtocolProtos$IsFormattedResponseProto$Builder'.
2024-11-12 13:43:15,442 INFO  MethodCallReplacementClassAdapter - Adding mock interface to class org/apache/hadoop/hdfs/qjournal/protocol/QJournalProtocolProtos$IsFormattedResponseProto$Builder
2024-11-12 13:43:15,442 INFO  CreateClassResetClassAdapter - Creating brand-new static initializer in class org/apache/hadoop/hdfs/qjournal/protocol/QJournalProtocolProtos$IsFormattedResponseProto$Builder
2024-11-12 13:43:15,443 INFO  EvoClassLoader - Keeping class: org.apache.hadoop.hdfs.qjournal.protocol.QJournalProtocolProtos$IsFormattedResponseProto$Builder
2024-11-12 13:43:15,443 INFO  EvoClassLoader - Seeing class for first time: org.apache.hadoop.hdfs.server.datanode.BPOfferService
2024-11-12 13:43:15,443 INFO  EvoClassLoader - Instrumenting class 'org.apache.hadoop.hdfs.server.datanode.BPOfferService'.
2024-11-12 13:43:15,444 INFO  MethodCallReplacementClassAdapter - Adding mock interface to class org/apache/hadoop/hdfs/server/datanode/BPOfferService
2024-11-12 13:43:15,445 INFO  CreateClassResetClassAdapter - Found static initializer in class org/apache/hadoop/hdfs/server/datanode/BPOfferService
2024-11-12 13:43:15,446 INFO  EvoClassLoader - Keeping class: org.apache.hadoop.hdfs.server.datanode.BPOfferService
2024-11-12 13:43:15,446 INFO  EvoClassLoader - Seeing class for first time: org.apache.hadoop.hdfs.server.datanode.BPServiceActorAction
2024-11-12 13:43:15,446 INFO  EvoClassLoader - Instrumenting class 'org.apache.hadoop.hdfs.server.datanode.BPServiceActorAction'.
2024-11-12 13:43:15,446 INFO  EvoClassLoader - Keeping class: org.apache.hadoop.hdfs.server.datanode.BPServiceActorAction
2024-11-12 13:43:15,447 INFO  EvoClassLoader - Seeing class for first time: org.apache.hadoop.thirdparty.protobuf.ListValue$Builder
2024-11-12 13:43:15,447 INFO  EvoClassLoader - Instrumenting class 'org.apache.hadoop.thirdparty.protobuf.ListValue$Builder'.
2024-11-12 13:43:15,448 INFO  MethodCallReplacementClassAdapter - Adding mock interface to class org/apache/hadoop/thirdparty/protobuf/ListValue$Builder
2024-11-12 13:43:15,449 INFO  CreateClassResetClassAdapter - Creating brand-new static initializer in class org/apache/hadoop/thirdparty/protobuf/ListValue$Builder
2024-11-12 13:43:15,450 INFO  EvoClassLoader - Seeing class for first time: org.apache.hadoop.thirdparty.protobuf.ListValueOrBuilder
2024-11-12 13:43:15,450 INFO  EvoClassLoader - Instrumenting class 'org.apache.hadoop.thirdparty.protobuf.ListValueOrBuilder'.
2024-11-12 13:43:15,450 INFO  EvoClassLoader - Keeping class: org.apache.hadoop.thirdparty.protobuf.ListValueOrBuilder
2024-11-12 13:43:15,450 INFO  EvoClassLoader - Keeping class: org.apache.hadoop.thirdparty.protobuf.ListValue$Builder
2024-11-12 13:43:15,451 INFO  EvoClassLoader - Seeing class for first time: org.apache.hadoop.thirdparty.protobuf.Value
2024-11-12 13:43:15,451 INFO  EvoClassLoader - Instrumenting class 'org.apache.hadoop.thirdparty.protobuf.Value'.
2024-11-12 13:43:15,451 INFO  MethodCallReplacementClassAdapter - Adding mock interface to class org/apache/hadoop/thirdparty/protobuf/Value
2024-11-12 13:43:15,452 INFO  CreateClassResetClassAdapter - Found static initializer in class org/apache/hadoop/thirdparty/protobuf/Value
2024-11-12 13:43:15,452 INFO  EvoClassLoader - Seeing class for first time: org.apache.hadoop.thirdparty.protobuf.ValueOrBuilder
2024-11-12 13:43:15,452 INFO  EvoClassLoader - Instrumenting class 'org.apache.hadoop.thirdparty.protobuf.ValueOrBuilder'.
2024-11-12 13:43:15,453 INFO  EvoClassLoader - Keeping class: org.apache.hadoop.thirdparty.protobuf.ValueOrBuilder
2024-11-12 13:43:15,453 INFO  EvoClassLoader - Keeping class: org.apache.hadoop.thirdparty.protobuf.Value
2024-11-12 13:43:15,454 INFO  EvoClassLoader - Seeing class for first time: org.apache.hadoop.security.authorize.Service
2024-11-12 13:43:15,454 INFO  EvoClassLoader - Instrumenting class 'org.apache.hadoop.security.authorize.Service'.
2024-11-12 13:43:15,454 INFO  MethodCallReplacementClassAdapter - Adding mock interface to class org/apache/hadoop/security/authorize/Service
2024-11-12 13:43:15,454 INFO  CreateClassResetClassAdapter - Creating brand-new static initializer in class org/apache/hadoop/security/authorize/Service
2024-11-12 13:43:15,454 INFO  EvoClassLoader - Keeping class: org.apache.hadoop.security.authorize.Service
2024-11-12 13:43:15,454 INFO  EvoClassLoader - Seeing class for first time: org.apache.hadoop.hdfs.protocol.ClientProtocol
2024-11-12 13:43:15,454 INFO  EvoClassLoader - Instrumenting class 'org.apache.hadoop.hdfs.protocol.ClientProtocol'.
2024-11-12 13:43:15,456 INFO  EvoClassLoader - Keeping class: org.apache.hadoop.hdfs.protocol.ClientProtocol
2024-11-12 13:43:15,457 INFO  EvoClassLoader - Seeing class for first time: org.apache.hadoop.hdfs.server.protocol.DatanodeProtocol
2024-11-12 13:43:15,457 INFO  EvoClassLoader - Instrumenting class 'org.apache.hadoop.hdfs.server.protocol.DatanodeProtocol'.
2024-11-12 13:43:15,457 INFO  EvoClassLoader - Keeping class: org.apache.hadoop.hdfs.server.protocol.DatanodeProtocol
2024-11-12 13:43:15,457 INFO  EvoClassLoader - Seeing class for first time: org.apache.hadoop.hdfs.server.protocol.NamenodeProtocol
2024-11-12 13:43:15,457 INFO  EvoClassLoader - Instrumenting class 'org.apache.hadoop.hdfs.server.protocol.NamenodeProtocol'.
2024-11-12 13:43:15,458 INFO  EvoClassLoader - Keeping class: org.apache.hadoop.hdfs.server.protocol.NamenodeProtocol
2024-11-12 13:43:15,458 INFO  EvoClassLoader - Seeing class for first time: org.apache.hadoop.hdfs.qjournal.protocol.InterQJournalProtocol
2024-11-12 13:43:15,458 INFO  EvoClassLoader - Instrumenting class 'org.apache.hadoop.hdfs.qjournal.protocol.InterQJournalProtocol'.
2024-11-12 13:43:15,458 INFO  EvoClassLoader - Keeping class: org.apache.hadoop.hdfs.qjournal.protocol.InterQJournalProtocol
2024-11-12 13:43:15,458 INFO  EvoClassLoader - Seeing class for first time: org.apache.hadoop.ha.HAServiceProtocol
2024-11-12 13:43:15,458 INFO  EvoClassLoader - Instrumenting class 'org.apache.hadoop.ha.HAServiceProtocol'.
2024-11-12 13:43:15,459 INFO  EvoClassLoader - Defined package (3): package org.apache.hadoop.ha, -40118132
2024-11-12 13:43:15,459 INFO  EvoClassLoader - Keeping class: org.apache.hadoop.ha.HAServiceProtocol
2024-11-12 13:43:15,459 INFO  EvoClassLoader - Seeing class for first time: org.apache.hadoop.ha.ZKFCProtocol
2024-11-12 13:43:15,459 INFO  EvoClassLoader - Instrumenting class 'org.apache.hadoop.ha.ZKFCProtocol'.
2024-11-12 13:43:15,459 INFO  EvoClassLoader - Keeping class: org.apache.hadoop.ha.ZKFCProtocol
2024-11-12 13:43:15,459 INFO  EvoClassLoader - Seeing class for first time: org.apache.hadoop.security.authorize.RefreshAuthorizationPolicyProtocol
2024-11-12 13:43:15,459 INFO  EvoClassLoader - Instrumenting class 'org.apache.hadoop.security.authorize.RefreshAuthorizationPolicyProtocol'.
2024-11-12 13:43:15,459 INFO  EvoClassLoader - Keeping class: org.apache.hadoop.security.authorize.RefreshAuthorizationPolicyProtocol
2024-11-12 13:43:15,459 INFO  EvoClassLoader - Seeing class for first time: org.apache.hadoop.security.RefreshUserMappingsProtocol
2024-11-12 13:43:15,459 INFO  EvoClassLoader - Instrumenting class 'org.apache.hadoop.security.RefreshUserMappingsProtocol'.
2024-11-12 13:43:15,459 INFO  EvoClassLoader - Keeping class: org.apache.hadoop.security.RefreshUserMappingsProtocol
2024-11-12 13:43:15,459 INFO  EvoClassLoader - Seeing class for first time: org.apache.hadoop.tools.GetUserMappingsProtocol
2024-11-12 13:43:15,459 INFO  EvoClassLoader - Instrumenting class 'org.apache.hadoop.tools.GetUserMappingsProtocol'.
2024-11-12 13:43:15,460 INFO  EvoClassLoader - Defined package (3): package org.apache.hadoop.tools, -1146752664
2024-11-12 13:43:15,460 INFO  EvoClassLoader - Keeping class: org.apache.hadoop.tools.GetUserMappingsProtocol
2024-11-12 13:43:15,460 INFO  EvoClassLoader - Seeing class for first time: org.apache.hadoop.ipc.RefreshCallQueueProtocol
2024-11-12 13:43:15,460 INFO  EvoClassLoader - Instrumenting class 'org.apache.hadoop.ipc.RefreshCallQueueProtocol'.
2024-11-12 13:43:15,460 INFO  EvoClassLoader - Keeping class: org.apache.hadoop.ipc.RefreshCallQueueProtocol
2024-11-12 13:43:15,460 INFO  EvoClassLoader - Seeing class for first time: org.apache.hadoop.ipc.GenericRefreshProtocol
2024-11-12 13:43:15,460 INFO  EvoClassLoader - Instrumenting class 'org.apache.hadoop.ipc.GenericRefreshProtocol'.
2024-11-12 13:43:15,460 INFO  EvoClassLoader - Keeping class: org.apache.hadoop.ipc.GenericRefreshProtocol
2024-11-12 13:43:15,460 INFO  EvoClassLoader - Seeing class for first time: org.apache.hadoop.hdfs.qjournal.protocol.QJournalProtocolProtos$DoUpgradeRequestProto
2024-11-12 13:43:15,460 INFO  EvoClassLoader - Instrumenting class 'org.apache.hadoop.hdfs.qjournal.protocol.QJournalProtocolProtos$DoUpgradeRequestProto'.
2024-11-12 13:43:15,460 INFO  MethodCallReplacementClassAdapter - Adding mock interface to class org/apache/hadoop/hdfs/qjournal/protocol/QJournalProtocolProtos$DoUpgradeRequestProto
2024-11-12 13:43:15,461 INFO  CreateClassResetClassAdapter - Found static initializer in class org/apache/hadoop/hdfs/qjournal/protocol/QJournalProtocolProtos$DoUpgradeRequestProto
2024-11-12 13:43:15,461 INFO  EvoClassLoader - Seeing class for first time: org.apache.hadoop.hdfs.qjournal.protocol.QJournalProtocolProtos$DoUpgradeRequestProtoOrBuilder
2024-11-12 13:43:15,461 INFO  EvoClassLoader - Instrumenting class 'org.apache.hadoop.hdfs.qjournal.protocol.QJournalProtocolProtos$DoUpgradeRequestProtoOrBuilder'.
2024-11-12 13:43:15,461 INFO  EvoClassLoader - Keeping class: org.apache.hadoop.hdfs.qjournal.protocol.QJournalProtocolProtos$DoUpgradeRequestProtoOrBuilder
2024-11-12 13:43:15,461 INFO  EvoClassLoader - Keeping class: org.apache.hadoop.hdfs.qjournal.protocol.QJournalProtocolProtos$DoUpgradeRequestProto
2024-11-12 13:43:15,462 INFO  EvoClassLoader - Seeing class for first time: org.apache.hadoop.hdfs.qjournal.protocol.QJournalProtocolProtos$DoUpgradeRequestProto$1
2024-11-12 13:43:15,462 INFO  EvoClassLoader - Instrumenting class 'org.apache.hadoop.hdfs.qjournal.protocol.QJournalProtocolProtos$DoUpgradeRequestProto$1'.
2024-11-12 13:43:15,462 INFO  MethodCallReplacementClassAdapter - Adding mock interface to class org/apache/hadoop/hdfs/qjournal/protocol/QJournalProtocolProtos$DoUpgradeRequestProto$1
2024-11-12 13:43:15,462 INFO  EvoClassLoader - Keeping class: org.apache.hadoop.hdfs.qjournal.protocol.QJournalProtocolProtos$DoUpgradeRequestProto$1
2024-11-12 13:43:15,463 INFO  EvoClassLoader - Seeing class for first time: org.apache.hadoop.hdfs.server.protocol.BlockIdCommand
2024-11-12 13:43:15,463 INFO  EvoClassLoader - Instrumenting class 'org.apache.hadoop.hdfs.server.protocol.BlockIdCommand'.
2024-11-12 13:43:15,463 INFO  MethodCallReplacementClassAdapter - Adding mock interface to class org/apache/hadoop/hdfs/server/protocol/BlockIdCommand
2024-11-12 13:43:15,463 INFO  CreateClassResetClassAdapter - Creating brand-new static initializer in class org/apache/hadoop/hdfs/server/protocol/BlockIdCommand
2024-11-12 13:43:15,463 INFO  EvoClassLoader - Seeing class for first time: org.apache.hadoop.hdfs.server.protocol.DatanodeCommand
2024-11-12 13:43:15,463 INFO  EvoClassLoader - Instrumenting class 'org.apache.hadoop.hdfs.server.protocol.DatanodeCommand'.
2024-11-12 13:43:15,463 INFO  MethodCallReplacementClassAdapter - Adding mock interface to class org/apache/hadoop/hdfs/server/protocol/DatanodeCommand
2024-11-12 13:43:15,463 INFO  CreateClassResetClassAdapter - Creating brand-new static initializer in class org/apache/hadoop/hdfs/server/protocol/DatanodeCommand
2024-11-12 13:43:15,463 INFO  EvoClassLoader - Keeping class: org.apache.hadoop.hdfs.server.protocol.DatanodeCommand
2024-11-12 13:43:15,463 INFO  EvoClassLoader - Keeping class: org.apache.hadoop.hdfs.server.protocol.BlockIdCommand
2024-11-12 13:43:15,463 INFO  EvoClassLoader - Seeing class for first time: org.apache.hadoop.fs.permission.FsPermission$ImmutableFsPermission
2024-11-12 13:43:15,463 INFO  EvoClassLoader - Instrumenting class 'org.apache.hadoop.fs.permission.FsPermission$ImmutableFsPermission'.
2024-11-12 13:43:15,464 INFO  MethodCallReplacementClassAdapter - Adding mock interface to class org/apache/hadoop/fs/permission/FsPermission$ImmutableFsPermission
2024-11-12 13:43:15,464 INFO  CreateClassResetClassAdapter - Creating brand-new static initializer in class org/apache/hadoop/fs/permission/FsPermission$ImmutableFsPermission
2024-11-12 13:43:15,464 INFO  EvoClassLoader - Keeping class: org.apache.hadoop.fs.permission.FsPermission$ImmutableFsPermission
2024-11-12 13:43:15,464 INFO  EvoClassLoader - Seeing class for first time: org.apache.hadoop.fs.permission.FsPermission$1
2024-11-12 13:43:15,464 INFO  EvoClassLoader - Instrumenting class 'org.apache.hadoop.fs.permission.FsPermission$1'.
2024-11-12 13:43:15,464 INFO  MethodCallReplacementClassAdapter - Adding mock interface to class org/apache/hadoop/fs/permission/FsPermission$1
2024-11-12 13:43:15,464 INFO  EvoClassLoader - Keeping class: org.apache.hadoop.fs.permission.FsPermission$1
2024-11-12 13:43:15,464 INFO  EvoClassLoader - Seeing class for first time: org.apache.hadoop.hdfs.qjournal.protocol.QJournalProtocolProtos$PrepareRecoveryRequestProto$Builder
2024-11-12 13:43:15,464 INFO  EvoClassLoader - Instrumenting class 'org.apache.hadoop.hdfs.qjournal.protocol.QJournalProtocolProtos$PrepareRecoveryRequestProto$Builder'.
2024-11-12 13:43:15,465 INFO  MethodCallReplacementClassAdapter - Adding mock interface to class org/apache/hadoop/hdfs/qjournal/protocol/QJournalProtocolProtos$PrepareRecoveryRequestProto$Builder
2024-11-12 13:43:15,465 INFO  CreateClassResetClassAdapter - Creating brand-new static initializer in class org/apache/hadoop/hdfs/qjournal/protocol/QJournalProtocolProtos$PrepareRecoveryRequestProto$Builder
2024-11-12 13:43:15,466 INFO  EvoClassLoader - Keeping class: org.apache.hadoop.hdfs.qjournal.protocol.QJournalProtocolProtos$PrepareRecoveryRequestProto$Builder
2024-11-12 13:43:15,466 INFO  EvoClassLoader - Seeing class for first time: org.apache.hadoop.thirdparty.protobuf.FieldMask
2024-11-12 13:43:15,466 INFO  EvoClassLoader - Instrumenting class 'org.apache.hadoop.thirdparty.protobuf.FieldMask'.
2024-11-12 13:43:15,467 INFO  MethodCallReplacementClassAdapter - Adding mock interface to class org/apache/hadoop/thirdparty/protobuf/FieldMask
2024-11-12 13:43:15,467 INFO  CreateClassResetClassAdapter - Found static initializer in class org/apache/hadoop/thirdparty/protobuf/FieldMask
2024-11-12 13:43:15,468 INFO  EvoClassLoader - Keeping class: org.apache.hadoop.thirdparty.protobuf.FieldMask
2024-11-12 13:43:15,468 INFO  EvoClassLoader - Seeing class for first time: org.apache.hadoop.hdfs.server.common.HdfsServerConstants$StartupOption
2024-11-12 13:43:15,468 INFO  EvoClassLoader - Instrumenting class 'org.apache.hadoop.hdfs.server.common.HdfsServerConstants$StartupOption'.
2024-11-12 13:43:15,468 INFO  MethodCallReplacementClassAdapter - Adding mock interface to class org/apache/hadoop/hdfs/server/common/HdfsServerConstants$StartupOption
2024-11-12 13:43:15,468 INFO  CreateClassResetClassAdapter - Found static initializer in class org/apache/hadoop/hdfs/server/common/HdfsServerConstants$StartupOption
2024-11-12 13:43:15,469 INFO  EvoClassLoader - Keeping class: org.apache.hadoop.hdfs.server.common.HdfsServerConstants$StartupOption
2024-11-12 13:43:15,469 INFO  EvoClassLoader - Seeing class for first time: org.apache.hadoop.thirdparty.protobuf.GeneratedMessageV3$FieldAccessorTable$SingularEnumFieldAccessor
2024-11-12 13:43:15,469 INFO  EvoClassLoader - Instrumenting class 'org.apache.hadoop.thirdparty.protobuf.GeneratedMessageV3$FieldAccessorTable$SingularEnumFieldAccessor'.
2024-11-12 13:43:15,469 INFO  MethodCallReplacementClassAdapter - Adding mock interface to class org/apache/hadoop/thirdparty/protobuf/GeneratedMessageV3$FieldAccessorTable$SingularEnumFieldAccessor
2024-11-12 13:43:15,469 INFO  CreateClassResetClassAdapter - Creating brand-new static initializer in class org/apache/hadoop/thirdparty/protobuf/GeneratedMessageV3$FieldAccessorTable$SingularEnumFieldAccessor
2024-11-12 13:43:15,470 INFO  EvoClassLoader - Keeping class: org.apache.hadoop.thirdparty.protobuf.GeneratedMessageV3$FieldAccessorTable$SingularEnumFieldAccessor
2024-11-12 13:43:15,470 INFO  EvoClassLoader - Seeing class for first time: org.apache.hadoop.thirdparty.protobuf.NullValue$1
2024-11-12 13:43:15,470 INFO  EvoClassLoader - Instrumenting class 'org.apache.hadoop.thirdparty.protobuf.NullValue$1'.
2024-11-12 13:43:15,471 INFO  MethodCallReplacementClassAdapter - Adding mock interface to class org/apache/hadoop/thirdparty/protobuf/NullValue$1
2024-11-12 13:43:15,471 INFO  EvoClassLoader - Keeping class: org.apache.hadoop.thirdparty.protobuf.NullValue$1
2024-11-12 13:43:15,471 INFO  EvoClassLoader - Seeing class for first time: org.apache.hadoop.thirdparty.com.google.common.cache.Cache
2024-11-12 13:43:15,471 INFO  EvoClassLoader - Instrumenting class 'org.apache.hadoop.thirdparty.com.google.common.cache.Cache'.
2024-11-12 13:43:15,471 INFO  EvoClassLoader - Keeping class: org.apache.hadoop.thirdparty.com.google.common.cache.Cache
2024-11-12 13:43:15,471 INFO  EvoClassLoader - Seeing class for first time: org.apache.hadoop.hdfs.client.HdfsDataOutputStream
2024-11-12 13:43:15,471 INFO  EvoClassLoader - Instrumenting class 'org.apache.hadoop.hdfs.client.HdfsDataOutputStream'.
2024-11-12 13:43:15,471 INFO  MethodCallReplacementClassAdapter - Adding mock interface to class org/apache/hadoop/hdfs/client/HdfsDataOutputStream
2024-11-12 13:43:15,471 INFO  CreateClassResetClassAdapter - Creating brand-new static initializer in class org/apache/hadoop/hdfs/client/HdfsDataOutputStream
2024-11-12 13:43:15,472 INFO  EvoClassLoader - Keeping class: org.apache.hadoop.hdfs.client.HdfsDataOutputStream
2024-11-12 13:43:15,472 INFO  EvoClassLoader - Seeing class for first time: org.apache.hadoop.fs.FSDataOutputStream$PositionCache
2024-11-12 13:43:15,472 INFO  EvoClassLoader - Instrumenting class 'org.apache.hadoop.fs.FSDataOutputStream$PositionCache'.
2024-11-12 13:43:15,472 INFO  MethodCallReplacementClassAdapter - Adding mock interface to class org/apache/hadoop/fs/FSDataOutputStream$PositionCache
2024-11-12 13:43:15,472 INFO  CreateClassResetClassAdapter - Creating brand-new static initializer in class org/apache/hadoop/fs/FSDataOutputStream$PositionCache
2024-11-12 13:43:15,472 INFO  EvoClassLoader - Keeping class: org.apache.hadoop.fs.FSDataOutputStream$PositionCache
2024-11-12 13:43:15,473 INFO  EvoClassLoader - Seeing class for first time: org.apache.hadoop.crypto.CryptoOutputStream
2024-11-12 13:43:15,473 INFO  EvoClassLoader - Instrumenting class 'org.apache.hadoop.crypto.CryptoOutputStream'.
2024-11-12 13:43:15,473 INFO  MethodCallReplacementClassAdapter - Adding mock interface to class org/apache/hadoop/crypto/CryptoOutputStream
2024-11-12 13:43:15,474 INFO  CreateClassResetClassAdapter - Creating brand-new static initializer in class org/apache/hadoop/crypto/CryptoOutputStream
2024-11-12 13:43:15,475 INFO  EvoClassLoader - Keeping class: org.apache.hadoop.crypto.CryptoOutputStream
2024-11-12 13:43:15,475 INFO  EvoClassLoader - Seeing class for first time: org.apache.hadoop.hdfs.qjournal.protocol.QJournalProtocolProtos$IsFormattedResponseProto
2024-11-12 13:43:15,475 INFO  EvoClassLoader - Instrumenting class 'org.apache.hadoop.hdfs.qjournal.protocol.QJournalProtocolProtos$IsFormattedResponseProto'.
2024-11-12 13:43:15,475 INFO  MethodCallReplacementClassAdapter - Adding mock interface to class org/apache/hadoop/hdfs/qjournal/protocol/QJournalProtocolProtos$IsFormattedResponseProto
2024-11-12 13:43:15,475 INFO  CreateClassResetClassAdapter - Found static initializer in class org/apache/hadoop/hdfs/qjournal/protocol/QJournalProtocolProtos$IsFormattedResponseProto
2024-11-12 13:43:15,476 INFO  EvoClassLoader - Keeping class: org.apache.hadoop.hdfs.qjournal.protocol.QJournalProtocolProtos$IsFormattedResponseProto
2024-11-12 13:43:15,476 INFO  EvoClassLoader - Seeing class for first time: org.apache.hadoop.hdfs.qjournal.protocol.QJournalProtocolProtos$IsFormattedResponseProto$1
2024-11-12 13:43:15,476 INFO  EvoClassLoader - Instrumenting class 'org.apache.hadoop.hdfs.qjournal.protocol.QJournalProtocolProtos$IsFormattedResponseProto$1'.
2024-11-12 13:43:15,476 INFO  MethodCallReplacementClassAdapter - Adding mock interface to class org/apache/hadoop/hdfs/qjournal/protocol/QJournalProtocolProtos$IsFormattedResponseProto$1
2024-11-12 13:43:15,476 INFO  EvoClassLoader - Keeping class: org.apache.hadoop.hdfs.qjournal.protocol.QJournalProtocolProtos$IsFormattedResponseProto$1
2024-11-12 13:43:15,477 INFO  EvoClassLoader - Seeing class for first time: org.apache.hadoop.hdfs.qjournal.protocol.QJournalProtocolProtos$DoPreUpgradeResponseProtoOrBuilder
2024-11-12 13:43:15,477 INFO  EvoClassLoader - Instrumenting class 'org.apache.hadoop.hdfs.qjournal.protocol.QJournalProtocolProtos$DoPreUpgradeResponseProtoOrBuilder'.
2024-11-12 13:43:15,477 INFO  EvoClassLoader - Keeping class: org.apache.hadoop.hdfs.qjournal.protocol.QJournalProtocolProtos$DoPreUpgradeResponseProtoOrBuilder
2024-11-12 13:43:15,477 INFO  EvoClassLoader - Seeing class for first time: org.apache.hadoop.hdfs.qjournal.protocol.QJournalProtocolProtos$FinalizeLogSegmentRequestProtoOrBuilder
2024-11-12 13:43:15,477 INFO  EvoClassLoader - Instrumenting class 'org.apache.hadoop.hdfs.qjournal.protocol.QJournalProtocolProtos$FinalizeLogSegmentRequestProtoOrBuilder'.
2024-11-12 13:43:15,477 INFO  EvoClassLoader - Keeping class: org.apache.hadoop.hdfs.qjournal.protocol.QJournalProtocolProtos$FinalizeLogSegmentRequestProtoOrBuilder
2024-11-12 13:43:15,477 INFO  EvoClassLoader - Seeing class for first time: org.apache.hadoop.hdfs.net.Peer
2024-11-12 13:43:15,477 INFO  EvoClassLoader - Instrumenting class 'org.apache.hadoop.hdfs.net.Peer'.
2024-11-12 13:43:15,477 INFO  EvoClassLoader - Keeping class: org.apache.hadoop.hdfs.net.Peer
2024-11-12 13:43:15,478 INFO  EvoClassLoader - Seeing class for first time: org.apache.hadoop.thirdparty.protobuf.GeneratedMessageV3$FieldAccessorTable$RepeatedMessageFieldAccessor
2024-11-12 13:43:15,478 INFO  EvoClassLoader - Instrumenting class 'org.apache.hadoop.thirdparty.protobuf.GeneratedMessageV3$FieldAccessorTable$RepeatedMessageFieldAccessor'.
2024-11-12 13:43:15,478 INFO  MethodCallReplacementClassAdapter - Adding mock interface to class org/apache/hadoop/thirdparty/protobuf/GeneratedMessageV3$FieldAccessorTable$RepeatedMessageFieldAccessor
2024-11-12 13:43:15,478 INFO  CreateClassResetClassAdapter - Creating brand-new static initializer in class org/apache/hadoop/thirdparty/protobuf/GeneratedMessageV3$FieldAccessorTable$RepeatedMessageFieldAccessor
2024-11-12 13:43:15,478 INFO  EvoClassLoader - Seeing class for first time: org.apache.hadoop.thirdparty.protobuf.GeneratedMessageV3$FieldAccessorTable$RepeatedFieldAccessor
2024-11-12 13:43:15,478 INFO  EvoClassLoader - Instrumenting class 'org.apache.hadoop.thirdparty.protobuf.GeneratedMessageV3$FieldAccessorTable$RepeatedFieldAccessor'.
2024-11-12 13:43:15,478 INFO  MethodCallReplacementClassAdapter - Adding mock interface to class org/apache/hadoop/thirdparty/protobuf/GeneratedMessageV3$FieldAccessorTable$RepeatedFieldAccessor
2024-11-12 13:43:15,478 INFO  CreateClassResetClassAdapter - Creating brand-new static initializer in class org/apache/hadoop/thirdparty/protobuf/GeneratedMessageV3$FieldAccessorTable$RepeatedFieldAccessor
2024-11-12 13:43:15,478 INFO  EvoClassLoader - Keeping class: org.apache.hadoop.thirdparty.protobuf.GeneratedMessageV3$FieldAccessorTable$RepeatedFieldAccessor
2024-11-12 13:43:15,478 INFO  EvoClassLoader - Keeping class: org.apache.hadoop.thirdparty.protobuf.GeneratedMessageV3$FieldAccessorTable$RepeatedMessageFieldAccessor
2024-11-12 13:43:15,478 INFO  EvoClassLoader - Seeing class for first time: org.apache.hadoop.thirdparty.protobuf.GeneratedMessageV3$FieldAccessorTable$RepeatedFieldAccessor$MethodInvoker
2024-11-12 13:43:15,478 INFO  EvoClassLoader - Instrumenting class 'org.apache.hadoop.thirdparty.protobuf.GeneratedMessageV3$FieldAccessorTable$RepeatedFieldAccessor$MethodInvoker'.
2024-11-12 13:43:15,479 INFO  EvoClassLoader - Keeping class: org.apache.hadoop.thirdparty.protobuf.GeneratedMessageV3$FieldAccessorTable$RepeatedFieldAccessor$MethodInvoker
2024-11-12 13:43:15,479 INFO  EvoClassLoader - Seeing class for first time: org.apache.hadoop.hdfs.qjournal.protocol.QJournalProtocolProtos$AcceptRecoveryResponseProto
2024-11-12 13:43:15,479 INFO  EvoClassLoader - Instrumenting class 'org.apache.hadoop.hdfs.qjournal.protocol.QJournalProtocolProtos$AcceptRecoveryResponseProto'.
2024-11-12 13:43:15,479 INFO  MethodCallReplacementClassAdapter - Adding mock interface to class org/apache/hadoop/hdfs/qjournal/protocol/QJournalProtocolProtos$AcceptRecoveryResponseProto
2024-11-12 13:43:15,479 INFO  CreateClassResetClassAdapter - Found static initializer in class org/apache/hadoop/hdfs/qjournal/protocol/QJournalProtocolProtos$AcceptRecoveryResponseProto
2024-11-12 13:43:15,480 INFO  EvoClassLoader - Keeping class: org.apache.hadoop.hdfs.qjournal.protocol.QJournalProtocolProtos$AcceptRecoveryResponseProto
2024-11-12 13:43:15,480 INFO  EvoClassLoader - Seeing class for first time: org.apache.hadoop.hdfs.qjournal.protocol.QJournalProtocolProtos$AcceptRecoveryResponseProto$1
2024-11-12 13:43:15,480 INFO  EvoClassLoader - Instrumenting class 'org.apache.hadoop.hdfs.qjournal.protocol.QJournalProtocolProtos$AcceptRecoveryResponseProto$1'.
2024-11-12 13:43:15,480 INFO  MethodCallReplacementClassAdapter - Adding mock interface to class org/apache/hadoop/hdfs/qjournal/protocol/QJournalProtocolProtos$AcceptRecoveryResponseProto$1
2024-11-12 13:43:15,480 INFO  EvoClassLoader - Keeping class: org.apache.hadoop.hdfs.qjournal.protocol.QJournalProtocolProtos$AcceptRecoveryResponseProto$1
2024-11-12 13:43:15,480 INFO  EvoClassLoader - Seeing class for first time: org.apache.hadoop.hdfs.protocol.EncryptionZone
2024-11-12 13:43:15,480 INFO  EvoClassLoader - Instrumenting class 'org.apache.hadoop.hdfs.protocol.EncryptionZone'.
2024-11-12 13:43:15,480 INFO  MethodCallReplacementClassAdapter - Adding mock interface to class org/apache/hadoop/hdfs/protocol/EncryptionZone
2024-11-12 13:43:15,480 INFO  CreateClassResetClassAdapter - Creating brand-new static initializer in class org/apache/hadoop/hdfs/protocol/EncryptionZone
2024-11-12 13:43:15,481 INFO  EvoClassLoader - Keeping class: org.apache.hadoop.hdfs.protocol.EncryptionZone
2024-11-12 13:43:15,481 INFO  EvoClassLoader - Seeing class for first time: org.apache.hadoop.hdfs.qjournal.protocol.QJournalProtocolProtos$PrepareRecoveryResponseProto$Builder
2024-11-12 13:43:15,481 INFO  EvoClassLoader - Instrumenting class 'org.apache.hadoop.hdfs.qjournal.protocol.QJournalProtocolProtos$PrepareRecoveryResponseProto$Builder'.
2024-11-12 13:43:15,481 INFO  MethodCallReplacementClassAdapter - Adding mock interface to class org/apache/hadoop/hdfs/qjournal/protocol/QJournalProtocolProtos$PrepareRecoveryResponseProto$Builder
2024-11-12 13:43:15,482 INFO  CreateClassResetClassAdapter - Creating brand-new static initializer in class org/apache/hadoop/hdfs/qjournal/protocol/QJournalProtocolProtos$PrepareRecoveryResponseProto$Builder
2024-11-12 13:43:15,482 INFO  EvoClassLoader - Keeping class: org.apache.hadoop.hdfs.qjournal.protocol.QJournalProtocolProtos$PrepareRecoveryResponseProto$Builder
2024-11-12 13:43:15,483 INFO  EvoClassLoader - Seeing class for first time: org.apache.hadoop.hdfs.DFSUtilClient$CorruptedBlocks
2024-11-12 13:43:15,483 INFO  EvoClassLoader - Instrumenting class 'org.apache.hadoop.hdfs.DFSUtilClient$CorruptedBlocks'.
2024-11-12 13:43:15,483 INFO  MethodCallReplacementClassAdapter - Adding mock interface to class org/apache/hadoop/hdfs/DFSUtilClient$CorruptedBlocks
2024-11-12 13:43:15,483 INFO  CreateClassResetClassAdapter - Creating brand-new static initializer in class org/apache/hadoop/hdfs/DFSUtilClient$CorruptedBlocks
2024-11-12 13:43:15,483 INFO  EvoClassLoader - Keeping class: org.apache.hadoop.hdfs.DFSUtilClient$CorruptedBlocks
2024-11-12 13:43:15,483 INFO  EvoClassLoader - Seeing class for first time: org.eclipse.jetty.io.LeakTrackingByteBufferPool$1
2024-11-12 13:43:15,483 INFO  EvoClassLoader - Instrumenting class 'org.eclipse.jetty.io.LeakTrackingByteBufferPool$1'.
2024-11-12 13:43:15,483 INFO  MethodCallReplacementClassAdapter - Adding mock interface to class org/eclipse/jetty/io/LeakTrackingByteBufferPool$1
2024-11-12 13:43:15,484 INFO  EvoClassLoader - Seeing class for first time: org.eclipse.jetty.util.LeakDetector
2024-11-12 13:43:15,484 INFO  EvoClassLoader - Instrumenting class 'org.eclipse.jetty.util.LeakDetector'.
2024-11-12 13:43:15,484 INFO  MethodCallReplacementClassAdapter - Adding mock interface to class org/eclipse/jetty/util/LeakDetector
2024-11-12 13:43:15,485 INFO  CreateClassResetClassAdapter - Found static initializer in class org/eclipse/jetty/util/LeakDetector
2024-11-12 13:43:15,485 INFO  EvoClassLoader - Seeing class for first time: org.eclipse.jetty.util.component.AbstractLifeCycle
2024-11-12 13:43:15,485 INFO  EvoClassLoader - Instrumenting class 'org.eclipse.jetty.util.component.AbstractLifeCycle'.
2024-11-12 13:43:15,485 INFO  MethodCallReplacementClassAdapter - Adding mock interface to class org/eclipse/jetty/util/component/AbstractLifeCycle
2024-11-12 13:43:15,486 INFO  CreateClassResetClassAdapter - Found static initializer in class org/eclipse/jetty/util/component/AbstractLifeCycle
2024-11-12 13:43:15,486 INFO  EvoClassLoader - Keeping class: org.eclipse.jetty.util.component.AbstractLifeCycle
2024-11-12 13:43:15,486 INFO  EvoClassLoader - Keeping class: org.eclipse.jetty.util.LeakDetector
2024-11-12 13:43:15,486 INFO  EvoClassLoader - Keeping class: org.eclipse.jetty.io.LeakTrackingByteBufferPool$1
2024-11-12 13:43:15,486 INFO  EvoClassLoader - Seeing class for first time: org.apache.hadoop.hdfs.qjournal.protocol.QJournalProtocolProtos$StartLogSegmentRequestProto
2024-11-12 13:43:15,486 INFO  EvoClassLoader - Instrumenting class 'org.apache.hadoop.hdfs.qjournal.protocol.QJournalProtocolProtos$StartLogSegmentRequestProto'.
2024-11-12 13:43:15,487 INFO  MethodCallReplacementClassAdapter - Adding mock interface to class org/apache/hadoop/hdfs/qjournal/protocol/QJournalProtocolProtos$StartLogSegmentRequestProto
2024-11-12 13:43:15,487 INFO  CreateClassResetClassAdapter - Found static initializer in class org/apache/hadoop/hdfs/qjournal/protocol/QJournalProtocolProtos$StartLogSegmentRequestProto
2024-11-12 13:43:15,488 INFO  EvoClassLoader - Seeing class for first time: org.apache.hadoop.hdfs.qjournal.protocol.QJournalProtocolProtos$StartLogSegmentRequestProtoOrBuilder
2024-11-12 13:43:15,488 INFO  EvoClassLoader - Instrumenting class 'org.apache.hadoop.hdfs.qjournal.protocol.QJournalProtocolProtos$StartLogSegmentRequestProtoOrBuilder'.
2024-11-12 13:43:15,488 INFO  EvoClassLoader - Keeping class: org.apache.hadoop.hdfs.qjournal.protocol.QJournalProtocolProtos$StartLogSegmentRequestProtoOrBuilder
2024-11-12 13:43:15,488 INFO  EvoClassLoader - Keeping class: org.apache.hadoop.hdfs.qjournal.protocol.QJournalProtocolProtos$StartLogSegmentRequestProto
2024-11-12 13:43:15,488 INFO  EvoClassLoader - Seeing class for first time: org.apache.hadoop.hdfs.qjournal.protocol.QJournalProtocolProtos$StartLogSegmentRequestProto$1
2024-11-12 13:43:15,488 INFO  EvoClassLoader - Instrumenting class 'org.apache.hadoop.hdfs.qjournal.protocol.QJournalProtocolProtos$StartLogSegmentRequestProto$1'.
2024-11-12 13:43:15,489 INFO  MethodCallReplacementClassAdapter - Adding mock interface to class org/apache/hadoop/hdfs/qjournal/protocol/QJournalProtocolProtos$StartLogSegmentRequestProto$1
2024-11-12 13:43:15,489 INFO  EvoClassLoader - Keeping class: org.apache.hadoop.hdfs.qjournal.protocol.QJournalProtocolProtos$StartLogSegmentRequestProto$1
2024-11-12 13:43:15,489 INFO  EvoClassLoader - Seeing class for first time: org.apache.hadoop.thirdparty.protobuf.TextFormat$TextGenerator
2024-11-12 13:43:15,489 INFO  EvoClassLoader - Instrumenting class 'org.apache.hadoop.thirdparty.protobuf.TextFormat$TextGenerator'.
2024-11-12 13:43:15,489 INFO  MethodCallReplacementClassAdapter - Adding mock interface to class org/apache/hadoop/thirdparty/protobuf/TextFormat$TextGenerator
2024-11-12 13:43:15,490 INFO  CreateClassResetClassAdapter - Creating brand-new static initializer in class org/apache/hadoop/thirdparty/protobuf/TextFormat$TextGenerator
2024-11-12 13:43:15,490 INFO  EvoClassLoader - Keeping class: org.apache.hadoop.thirdparty.protobuf.TextFormat$TextGenerator
2024-11-12 13:43:15,490 INFO  EvoClassLoader - Seeing class for first time: org.apache.hadoop.hdfs.protocol.RollingUpgradeInfo
2024-11-12 13:43:15,490 INFO  EvoClassLoader - Instrumenting class 'org.apache.hadoop.hdfs.protocol.RollingUpgradeInfo'.
2024-11-12 13:43:15,490 INFO  MethodCallReplacementClassAdapter - Adding mock interface to class org/apache/hadoop/hdfs/protocol/RollingUpgradeInfo
2024-11-12 13:43:15,491 INFO  CreateClassResetClassAdapter - Creating brand-new static initializer in class org/apache/hadoop/hdfs/protocol/RollingUpgradeInfo
2024-11-12 13:43:15,491 INFO  EvoClassLoader - Keeping class: org.apache.hadoop.hdfs.protocol.RollingUpgradeInfo
2024-11-12 13:43:15,491 INFO  EvoClassLoader - Seeing class for first time: org.apache.hadoop.hdfs.qjournal.protocol.QJournalProtocolProtos$NewEpochResponseProto$Builder
2024-11-12 13:43:15,491 INFO  EvoClassLoader - Instrumenting class 'org.apache.hadoop.hdfs.qjournal.protocol.QJournalProtocolProtos$NewEpochResponseProto$Builder'.
2024-11-12 13:43:15,491 INFO  MethodCallReplacementClassAdapter - Adding mock interface to class org/apache/hadoop/hdfs/qjournal/protocol/QJournalProtocolProtos$NewEpochResponseProto$Builder
2024-11-12 13:43:15,492 INFO  CreateClassResetClassAdapter - Creating brand-new static initializer in class org/apache/hadoop/hdfs/qjournal/protocol/QJournalProtocolProtos$NewEpochResponseProto$Builder
2024-11-12 13:43:15,492 INFO  EvoClassLoader - Seeing class for first time: org.apache.hadoop.hdfs.qjournal.protocol.QJournalProtocolProtos$NewEpochResponseProtoOrBuilder
2024-11-12 13:43:15,492 INFO  EvoClassLoader - Instrumenting class 'org.apache.hadoop.hdfs.qjournal.protocol.QJournalProtocolProtos$NewEpochResponseProtoOrBuilder'.
2024-11-12 13:43:15,492 INFO  EvoClassLoader - Keeping class: org.apache.hadoop.hdfs.qjournal.protocol.QJournalProtocolProtos$NewEpochResponseProtoOrBuilder
2024-11-12 13:43:15,492 INFO  EvoClassLoader - Keeping class: org.apache.hadoop.hdfs.qjournal.protocol.QJournalProtocolProtos$NewEpochResponseProto$Builder
2024-11-12 13:43:15,493 INFO  EvoClassLoader - Seeing class for first time: org.apache.hadoop.hdfs.qjournal.protocolPB.QJournalProtocolServerSideTranslatorPB
2024-11-12 13:43:15,493 INFO  EvoClassLoader - Instrumenting class 'org.apache.hadoop.hdfs.qjournal.protocolPB.QJournalProtocolServerSideTranslatorPB'.
2024-11-12 13:43:15,493 INFO  MethodCallReplacementClassAdapter - Adding mock interface to class org/apache/hadoop/hdfs/qjournal/protocolPB/QJournalProtocolServerSideTranslatorPB
2024-11-12 13:43:15,494 INFO  CreateClassResetClassAdapter - Found static initializer in class org/apache/hadoop/hdfs/qjournal/protocolPB/QJournalProtocolServerSideTranslatorPB
2024-11-12 13:43:15,494 INFO  EvoClassLoader - Defined package (3): package org.apache.hadoop.hdfs.qjournal.protocolPB, -1900893056
2024-11-12 13:43:15,495 INFO  EvoClassLoader - Seeing class for first time: org.apache.hadoop.hdfs.qjournal.protocolPB.QJournalProtocolPB
2024-11-12 13:43:15,495 INFO  EvoClassLoader - Instrumenting class 'org.apache.hadoop.hdfs.qjournal.protocolPB.QJournalProtocolPB'.
2024-11-12 13:43:15,496 INFO  EvoClassLoader - Keeping class: org.apache.hadoop.hdfs.qjournal.protocolPB.QJournalProtocolPB
2024-11-12 13:43:15,496 INFO  EvoClassLoader - Keeping class: org.apache.hadoop.hdfs.qjournal.protocolPB.QJournalProtocolServerSideTranslatorPB
2024-11-12 13:43:15,497 INFO  EvoClassLoader - Seeing class for first time: org.apache.hadoop.hdfs.qjournal.protocol.QJournalProtocolProtos$JournalResponseProto
2024-11-12 13:43:15,497 INFO  EvoClassLoader - Instrumenting class 'org.apache.hadoop.hdfs.qjournal.protocol.QJournalProtocolProtos$JournalResponseProto'.
2024-11-12 13:43:15,497 INFO  MethodCallReplacementClassAdapter - Adding mock interface to class org/apache/hadoop/hdfs/qjournal/protocol/QJournalProtocolProtos$JournalResponseProto
2024-11-12 13:43:15,498 INFO  CreateClassResetClassAdapter - Found static initializer in class org/apache/hadoop/hdfs/qjournal/protocol/QJournalProtocolProtos$JournalResponseProto
2024-11-12 13:43:15,498 INFO  EvoClassLoader - Seeing class for first time: org.apache.hadoop.hdfs.qjournal.protocol.QJournalProtocolProtos$JournalResponseProtoOrBuilder
2024-11-12 13:43:15,498 INFO  EvoClassLoader - Instrumenting class 'org.apache.hadoop.hdfs.qjournal.protocol.QJournalProtocolProtos$JournalResponseProtoOrBuilder'.
2024-11-12 13:43:15,499 INFO  EvoClassLoader - Keeping class: org.apache.hadoop.hdfs.qjournal.protocol.QJournalProtocolProtos$JournalResponseProtoOrBuilder
2024-11-12 13:43:15,499 INFO  EvoClassLoader - Keeping class: org.apache.hadoop.hdfs.qjournal.protocol.QJournalProtocolProtos$JournalResponseProto
2024-11-12 13:43:15,500 INFO  EvoClassLoader - Seeing class for first time: org.apache.hadoop.hdfs.qjournal.protocol.QJournalProtocolProtos$JournalResponseProto$Builder
2024-11-12 13:43:15,500 INFO  EvoClassLoader - Instrumenting class 'org.apache.hadoop.hdfs.qjournal.protocol.QJournalProtocolProtos$JournalResponseProto$Builder'.
2024-11-12 13:43:15,500 INFO  MethodCallReplacementClassAdapter - Adding mock interface to class org/apache/hadoop/hdfs/qjournal/protocol/QJournalProtocolProtos$JournalResponseProto$Builder
2024-11-12 13:43:15,501 INFO  CreateClassResetClassAdapter - Creating brand-new static initializer in class org/apache/hadoop/hdfs/qjournal/protocol/QJournalProtocolProtos$JournalResponseProto$Builder
2024-11-12 13:43:15,502 INFO  EvoClassLoader - Keeping class: org.apache.hadoop.hdfs.qjournal.protocol.QJournalProtocolProtos$JournalResponseProto$Builder
2024-11-12 13:43:15,502 INFO  EvoClassLoader - Seeing class for first time: org.apache.hadoop.hdfs.qjournal.protocol.QJournalProtocolProtos$StartLogSegmentResponseProto$Builder
2024-11-12 13:43:15,502 INFO  EvoClassLoader - Instrumenting class 'org.apache.hadoop.hdfs.qjournal.protocol.QJournalProtocolProtos$StartLogSegmentResponseProto$Builder'.
2024-11-12 13:43:15,502 INFO  MethodCallReplacementClassAdapter - Adding mock interface to class org/apache/hadoop/hdfs/qjournal/protocol/QJournalProtocolProtos$StartLogSegmentResponseProto$Builder
2024-11-12 13:43:15,503 INFO  CreateClassResetClassAdapter - Creating brand-new static initializer in class org/apache/hadoop/hdfs/qjournal/protocol/QJournalProtocolProtos$StartLogSegmentResponseProto$Builder
2024-11-12 13:43:15,504 INFO  EvoClassLoader - Keeping class: org.apache.hadoop.hdfs.qjournal.protocol.QJournalProtocolProtos$StartLogSegmentResponseProto$Builder
2024-11-12 13:43:15,504 INFO  EvoClassLoader - Seeing class for first time: org.apache.hadoop.hdfs.qjournal.protocol.QJournalProtocolProtos$GetJournalCTimeRequestProto$1
2024-11-12 13:43:15,504 INFO  EvoClassLoader - Instrumenting class 'org.apache.hadoop.hdfs.qjournal.protocol.QJournalProtocolProtos$GetJournalCTimeRequestProto$1'.
2024-11-12 13:43:15,504 INFO  MethodCallReplacementClassAdapter - Adding mock interface to class org/apache/hadoop/hdfs/qjournal/protocol/QJournalProtocolProtos$GetJournalCTimeRequestProto$1
2024-11-12 13:43:15,504 INFO  EvoClassLoader - Keeping class: org.apache.hadoop.hdfs.qjournal.protocol.QJournalProtocolProtos$GetJournalCTimeRequestProto$1
2024-11-12 13:43:15,505 INFO  EvoClassLoader - Seeing class for first time: org.apache.hadoop.hdfs.util.DataTransferThrottler
2024-11-12 13:43:15,505 INFO  EvoClassLoader - Instrumenting class 'org.apache.hadoop.hdfs.util.DataTransferThrottler'.
2024-11-12 13:43:15,505 INFO  MethodCallReplacementClassAdapter - Adding mock interface to class org/apache/hadoop/hdfs/util/DataTransferThrottler
2024-11-12 13:43:15,505 INFO  CreateClassResetClassAdapter - Creating brand-new static initializer in class org/apache/hadoop/hdfs/util/DataTransferThrottler
2024-11-12 13:43:15,505 INFO  EvoClassLoader - Keeping class: org.apache.hadoop.hdfs.util.DataTransferThrottler
2024-11-12 13:43:15,505 INFO  EvoClassLoader - Seeing class for first time: org.apache.hadoop.fs.Options$ChecksumCombineMode
2024-11-12 13:43:15,505 INFO  EvoClassLoader - Instrumenting class 'org.apache.hadoop.fs.Options$ChecksumCombineMode'.
2024-11-12 13:43:15,506 INFO  MethodCallReplacementClassAdapter - Adding mock interface to class org/apache/hadoop/fs/Options$ChecksumCombineMode
2024-11-12 13:43:15,506 INFO  CreateClassResetClassAdapter - Found static initializer in class org/apache/hadoop/fs/Options$ChecksumCombineMode
2024-11-12 13:43:15,506 INFO  EvoClassLoader - Keeping class: org.apache.hadoop.fs.Options$ChecksumCombineMode
2024-11-12 13:43:15,506 INFO  EvoClassLoader - Seeing class for first time: org.apache.hadoop.thirdparty.protobuf.FieldOrBuilder
2024-11-12 13:43:15,506 INFO  EvoClassLoader - Instrumenting class 'org.apache.hadoop.thirdparty.protobuf.FieldOrBuilder'.
2024-11-12 13:43:15,506 INFO  EvoClassLoader - Keeping class: org.apache.hadoop.thirdparty.protobuf.FieldOrBuilder
2024-11-12 13:43:15,506 INFO  EvoClassLoader - Seeing class for first time: org.apache.hadoop.io.ByteBufferPool
2024-11-12 13:43:15,506 INFO  EvoClassLoader - Instrumenting class 'org.apache.hadoop.io.ByteBufferPool'.
2024-11-12 13:43:15,507 INFO  EvoClassLoader - Keeping class: org.apache.hadoop.io.ByteBufferPool
2024-11-12 13:43:15,507 INFO  EvoClassLoader - Seeing class for first time: org.apache.hadoop.hdfs.protocol.LocatedStripedBlock
2024-11-12 13:43:15,507 INFO  EvoClassLoader - Instrumenting class 'org.apache.hadoop.hdfs.protocol.LocatedStripedBlock'.
2024-11-12 13:43:15,507 INFO  MethodCallReplacementClassAdapter - Adding mock interface to class org/apache/hadoop/hdfs/protocol/LocatedStripedBlock
2024-11-12 13:43:15,507 INFO  CreateClassResetClassAdapter - Found static initializer in class org/apache/hadoop/hdfs/protocol/LocatedStripedBlock
2024-11-12 13:43:15,507 INFO  EvoClassLoader - Keeping class: org.apache.hadoop.hdfs.protocol.LocatedStripedBlock
2024-11-12 13:43:15,507 INFO  EvoClassLoader - Seeing class for first time: org.apache.hadoop.hdfs.StripeReader
2024-11-12 13:43:15,507 INFO  EvoClassLoader - Instrumenting class 'org.apache.hadoop.hdfs.StripeReader'.
2024-11-12 13:43:15,512 INFO  MethodCallReplacementClassAdapter - Adding mock interface to class org/apache/hadoop/hdfs/StripeReader
2024-11-12 13:43:15,513 INFO  CreateClassResetClassAdapter - Creating brand-new static initializer in class org/apache/hadoop/hdfs/StripeReader
2024-11-12 13:43:15,513 INFO  EvoClassLoader - Keeping class: org.apache.hadoop.hdfs.StripeReader
2024-11-12 13:43:15,513 INFO  EvoClassLoader - Seeing class for first time: org.apache.hadoop.hdfs.PositionStripeReader
2024-11-12 13:43:15,513 INFO  EvoClassLoader - Instrumenting class 'org.apache.hadoop.hdfs.PositionStripeReader'.
2024-11-12 13:43:15,514 INFO  MethodCallReplacementClassAdapter - Adding mock interface to class org/apache/hadoop/hdfs/PositionStripeReader
2024-11-12 13:43:15,514 INFO  CreateClassResetClassAdapter - Creating brand-new static initializer in class org/apache/hadoop/hdfs/PositionStripeReader
2024-11-12 13:43:15,514 INFO  EvoClassLoader - Keeping class: org.apache.hadoop.hdfs.PositionStripeReader
2024-11-12 13:43:15,514 INFO  EvoClassLoader - Seeing class for first time: org.apache.hadoop.hdfs.StatefulStripeReader
2024-11-12 13:43:15,514 INFO  EvoClassLoader - Instrumenting class 'org.apache.hadoop.hdfs.StatefulStripeReader'.
2024-11-12 13:43:15,514 INFO  MethodCallReplacementClassAdapter - Adding mock interface to class org/apache/hadoop/hdfs/StatefulStripeReader
2024-11-12 13:43:15,514 INFO  CreateClassResetClassAdapter - Creating brand-new static initializer in class org/apache/hadoop/hdfs/StatefulStripeReader
2024-11-12 13:43:15,515 INFO  EvoClassLoader - Keeping class: org.apache.hadoop.hdfs.StatefulStripeReader
2024-11-12 13:43:15,515 INFO  EvoClassLoader - Seeing class for first time: org.apache.hadoop.io.ElasticByteBufferPool
2024-11-12 13:43:15,515 INFO  EvoClassLoader - Instrumenting class 'org.apache.hadoop.io.ElasticByteBufferPool'.
2024-11-12 13:43:15,515 INFO  MethodCallReplacementClassAdapter - Adding mock interface to class org/apache/hadoop/io/ElasticByteBufferPool
2024-11-12 13:43:15,515 INFO  CreateClassResetClassAdapter - Creating brand-new static initializer in class org/apache/hadoop/io/ElasticByteBufferPool
2024-11-12 13:43:15,516 INFO  EvoClassLoader - Keeping class: org.apache.hadoop.io.ElasticByteBufferPool
2024-11-12 13:43:15,516 INFO  EvoClassLoader - Seeing class for first time: org.apache.hadoop.hdfs.protocol.datatransfer.BlockConstructionStage
2024-11-12 13:43:15,516 INFO  EvoClassLoader - Instrumenting class 'org.apache.hadoop.hdfs.protocol.datatransfer.BlockConstructionStage'.
2024-11-12 13:43:15,516 INFO  MethodCallReplacementClassAdapter - Adding mock interface to class org/apache/hadoop/hdfs/protocol/datatransfer/BlockConstructionStage
2024-11-12 13:43:15,517 INFO  CreateClassResetClassAdapter - Found static initializer in class org/apache/hadoop/hdfs/protocol/datatransfer/BlockConstructionStage
2024-11-12 13:43:15,517 INFO  EvoClassLoader - Keeping class: org.apache.hadoop.hdfs.protocol.datatransfer.BlockConstructionStage
2024-11-12 13:43:15,518 INFO  EvoClassLoader - Seeing class for first time: org.apache.hadoop.thirdparty.protobuf.Value$Builder
2024-11-12 13:43:15,518 INFO  EvoClassLoader - Instrumenting class 'org.apache.hadoop.thirdparty.protobuf.Value$Builder'.
2024-11-12 13:43:15,518 INFO  MethodCallReplacementClassAdapter - Adding mock interface to class org/apache/hadoop/thirdparty/protobuf/Value$Builder
2024-11-12 13:43:15,519 INFO  CreateClassResetClassAdapter - Creating brand-new static initializer in class org/apache/hadoop/thirdparty/protobuf/Value$Builder
2024-11-12 13:43:15,520 INFO  EvoClassLoader - Keeping class: org.apache.hadoop.thirdparty.protobuf.Value$Builder
2024-11-12 13:43:15,520 INFO  EvoClassLoader - Seeing class for first time: org.apache.hadoop.thirdparty.protobuf.ListValue
2024-11-12 13:43:15,520 INFO  EvoClassLoader - Instrumenting class 'org.apache.hadoop.thirdparty.protobuf.ListValue'.
2024-11-12 13:43:15,520 INFO  MethodCallReplacementClassAdapter - Adding mock interface to class org/apache/hadoop/thirdparty/protobuf/ListValue
2024-11-12 13:43:15,521 INFO  CreateClassResetClassAdapter - Found static initializer in class org/apache/hadoop/thirdparty/protobuf/ListValue
2024-11-12 13:43:15,521 INFO  EvoClassLoader - Keeping class: org.apache.hadoop.thirdparty.protobuf.ListValue
2024-11-12 13:43:15,522 INFO  EvoClassLoader - Seeing class for first time: net.bytebuddy.build.HashCodeAndEqualsPlugin$Enhance$InvokeSuper$3
2024-11-12 13:43:15,522 INFO  EvoClassLoader - Instrumenting class 'net.bytebuddy.build.HashCodeAndEqualsPlugin$Enhance$InvokeSuper$3'.
2024-11-12 13:43:15,522 INFO  MethodCallReplacementClassAdapter - Adding mock interface to class net/bytebuddy/build/HashCodeAndEqualsPlugin$Enhance$InvokeSuper$3
2024-11-12 13:43:15,522 INFO  EvoClassLoader - Defined package (3): package net.bytebuddy.build, -1091202835
2024-11-12 13:43:15,522 INFO  EvoClassLoader - Seeing class for first time: net.bytebuddy.build.HashCodeAndEqualsPlugin$Enhance$InvokeSuper
2024-11-12 13:43:15,522 INFO  EvoClassLoader - Instrumenting class 'net.bytebuddy.build.HashCodeAndEqualsPlugin$Enhance$InvokeSuper'.
2024-11-12 13:43:15,522 INFO  MethodCallReplacementClassAdapter - Adding mock interface to class net/bytebuddy/build/HashCodeAndEqualsPlugin$Enhance$InvokeSuper
2024-11-12 13:43:15,522 INFO  CreateClassResetClassAdapter - Found static initializer in class net/bytebuddy/build/HashCodeAndEqualsPlugin$Enhance$InvokeSuper
2024-11-12 13:43:15,522 INFO  EvoClassLoader - Keeping class: net.bytebuddy.build.HashCodeAndEqualsPlugin$Enhance$InvokeSuper
2024-11-12 13:43:15,522 INFO  EvoClassLoader - Keeping class: net.bytebuddy.build.HashCodeAndEqualsPlugin$Enhance$InvokeSuper$3
2024-11-12 13:43:15,522 INFO  EvoClassLoader - Seeing class for first time: net.bytebuddy.build.HashCodeAndEqualsPlugin$Enhance$InvokeSuper$1
2024-11-12 13:43:15,522 INFO  EvoClassLoader - Instrumenting class 'net.bytebuddy.build.HashCodeAndEqualsPlugin$Enhance$InvokeSuper$1'.
2024-11-12 13:43:15,523 INFO  MethodCallReplacementClassAdapter - Adding mock interface to class net/bytebuddy/build/HashCodeAndEqualsPlugin$Enhance$InvokeSuper$1
2024-11-12 13:43:15,526 INFO  EvoClassLoader - Keeping class: net.bytebuddy.build.HashCodeAndEqualsPlugin$Enhance$InvokeSuper$1
2024-11-12 13:43:15,526 INFO  EvoClassLoader - Seeing class for first time: net.bytebuddy.build.HashCodeAndEqualsPlugin$Enhance$InvokeSuper$2
2024-11-12 13:43:15,526 INFO  EvoClassLoader - Instrumenting class 'net.bytebuddy.build.HashCodeAndEqualsPlugin$Enhance$InvokeSuper$2'.
2024-11-12 13:43:15,527 INFO  MethodCallReplacementClassAdapter - Adding mock interface to class net/bytebuddy/build/HashCodeAndEqualsPlugin$Enhance$InvokeSuper$2
2024-11-12 13:43:15,527 INFO  EvoClassLoader - Keeping class: net.bytebuddy.build.HashCodeAndEqualsPlugin$Enhance$InvokeSuper$2
2024-11-12 13:43:15,527 INFO  EvoClassLoader - Seeing class for first time: net.bytebuddy.build.HashCodeAndEqualsPlugin$Enhance$InvokeSuper$4
2024-11-12 13:43:15,527 INFO  EvoClassLoader - Instrumenting class 'net.bytebuddy.build.HashCodeAndEqualsPlugin$Enhance$InvokeSuper$4'.
2024-11-12 13:43:15,527 INFO  MethodCallReplacementClassAdapter - Adding mock interface to class net/bytebuddy/build/HashCodeAndEqualsPlugin$Enhance$InvokeSuper$4
2024-11-12 13:43:15,527 INFO  EvoClassLoader - Keeping class: net.bytebuddy.build.HashCodeAndEqualsPlugin$Enhance$InvokeSuper$4
2024-11-12 13:43:15,527 INFO  EvoClassLoader - Seeing class for first time: net.bytebuddy.description.type.TypeDefinition
2024-11-12 13:43:15,527 INFO  EvoClassLoader - Instrumenting class 'net.bytebuddy.description.type.TypeDefinition'.
2024-11-12 13:43:15,528 INFO  EvoClassLoader - Defined package (3): package net.bytebuddy.description.type, 1043161613
2024-11-12 13:43:15,528 INFO  EvoClassLoader - Keeping class: net.bytebuddy.description.type.TypeDefinition
2024-11-12 13:43:15,528 INFO  EvoClassLoader - Seeing class for first time: net.bytebuddy.description.type.TypeDescription$Generic
2024-11-12 13:43:15,528 INFO  EvoClassLoader - Instrumenting class 'net.bytebuddy.description.type.TypeDescription$Generic'.
2024-11-12 13:43:15,528 INFO  EvoClassLoader - Keeping class: net.bytebuddy.description.type.TypeDescription$Generic
2024-11-12 13:43:15,529 INFO  EvoClassLoader - Seeing class for first time: org.apache.hadoop.thirdparty.protobuf.ExtensionRegistry$DescriptorIntPair
2024-11-12 13:43:15,529 INFO  EvoClassLoader - Instrumenting class 'org.apache.hadoop.thirdparty.protobuf.ExtensionRegistry$DescriptorIntPair'.
2024-11-12 13:43:15,529 INFO  MethodCallReplacementClassAdapter - Adding mock interface to class org/apache/hadoop/thirdparty/protobuf/ExtensionRegistry$DescriptorIntPair
2024-11-12 13:43:15,529 INFO  CreateClassResetClassAdapter - Creating brand-new static initializer in class org/apache/hadoop/thirdparty/protobuf/ExtensionRegistry$DescriptorIntPair
2024-11-12 13:43:15,529 INFO  EvoClassLoader - Keeping class: org.apache.hadoop.thirdparty.protobuf.ExtensionRegistry$DescriptorIntPair
2024-11-12 13:43:15,529 INFO  EvoClassLoader - Seeing class for first time: org.apache.hadoop.thirdparty.protobuf.Schema
2024-11-12 13:43:15,529 INFO  EvoClassLoader - Instrumenting class 'org.apache.hadoop.thirdparty.protobuf.Schema'.
2024-11-12 13:43:15,530 INFO  EvoClassLoader - Keeping class: org.apache.hadoop.thirdparty.protobuf.Schema
2024-11-12 13:43:15,530 INFO  EvoClassLoader - Seeing class for first time: org.apache.hadoop.ipc.protobuf.RpcHeaderProtos$RpcResponseHeaderProto$1
2024-11-12 13:43:15,530 INFO  EvoClassLoader - Instrumenting class 'org.apache.hadoop.ipc.protobuf.RpcHeaderProtos$RpcResponseHeaderProto$1'.
2024-11-12 13:43:15,530 INFO  MethodCallReplacementClassAdapter - Adding mock interface to class org/apache/hadoop/ipc/protobuf/RpcHeaderProtos$RpcResponseHeaderProto$1
2024-11-12 13:43:15,530 INFO  EvoClassLoader - Keeping class: org.apache.hadoop.ipc.protobuf.RpcHeaderProtos$RpcResponseHeaderProto$1
2024-11-12 13:43:15,530 INFO  EvoClassLoader - Seeing class for first time: org.apache.hadoop.hdfs.qjournal.protocol.QJournalProtocolProtos$GetJournalStateResponseProto$Builder
2024-11-12 13:43:15,530 INFO  EvoClassLoader - Instrumenting class 'org.apache.hadoop.hdfs.qjournal.protocol.QJournalProtocolProtos$GetJournalStateResponseProto$Builder'.
2024-11-12 13:43:15,531 INFO  MethodCallReplacementClassAdapter - Adding mock interface to class org/apache/hadoop/hdfs/qjournal/protocol/QJournalProtocolProtos$GetJournalStateResponseProto$Builder
2024-11-12 13:43:15,532 INFO  CreateClassResetClassAdapter - Creating brand-new static initializer in class org/apache/hadoop/hdfs/qjournal/protocol/QJournalProtocolProtos$GetJournalStateResponseProto$Builder
2024-11-12 13:43:15,533 INFO  EvoClassLoader - Seeing class for first time: org.apache.hadoop.hdfs.qjournal.protocol.QJournalProtocolProtos$GetJournalStateResponseProtoOrBuilder
2024-11-12 13:43:15,533 INFO  EvoClassLoader - Instrumenting class 'org.apache.hadoop.hdfs.qjournal.protocol.QJournalProtocolProtos$GetJournalStateResponseProtoOrBuilder'.
2024-11-12 13:43:15,533 INFO  EvoClassLoader - Keeping class: org.apache.hadoop.hdfs.qjournal.protocol.QJournalProtocolProtos$GetJournalStateResponseProtoOrBuilder
2024-11-12 13:43:15,534 INFO  EvoClassLoader - Keeping class: org.apache.hadoop.hdfs.qjournal.protocol.QJournalProtocolProtos$GetJournalStateResponseProto$Builder
2024-11-12 13:43:15,534 INFO  EvoClassLoader - Seeing class for first time: org.apache.hadoop.thirdparty.protobuf.AbstractMessageLite$InternalOneOfEnum
2024-11-12 13:43:15,534 INFO  EvoClassLoader - Instrumenting class 'org.apache.hadoop.thirdparty.protobuf.AbstractMessageLite$InternalOneOfEnum'.
2024-11-12 13:43:15,534 INFO  EvoClassLoader - Keeping class: org.apache.hadoop.thirdparty.protobuf.AbstractMessageLite$InternalOneOfEnum
2024-11-12 13:43:15,535 INFO  EvoClassLoader - Seeing class for first time: org.apache.hadoop.thirdparty.protobuf.DescriptorProtos$EnumOptions$1
2024-11-12 13:43:15,535 INFO  EvoClassLoader - Instrumenting class 'org.apache.hadoop.thirdparty.protobuf.DescriptorProtos$EnumOptions$1'.
2024-11-12 13:43:15,535 INFO  MethodCallReplacementClassAdapter - Adding mock interface to class org/apache/hadoop/thirdparty/protobuf/DescriptorProtos$EnumOptions$1
2024-11-12 13:43:15,535 INFO  EvoClassLoader - Keeping class: org.apache.hadoop.thirdparty.protobuf.DescriptorProtos$EnumOptions$1
2024-11-12 13:43:15,535 INFO  EvoClassLoader - Seeing class for first time: org.apache.hadoop.hdfs.qjournal.protocol.QJournalProtocolProtos$HeartbeatResponseProto$Builder
2024-11-12 13:43:15,535 INFO  EvoClassLoader - Instrumenting class 'org.apache.hadoop.hdfs.qjournal.protocol.QJournalProtocolProtos$HeartbeatResponseProto$Builder'.
2024-11-12 13:43:15,536 INFO  MethodCallReplacementClassAdapter - Adding mock interface to class org/apache/hadoop/hdfs/qjournal/protocol/QJournalProtocolProtos$HeartbeatResponseProto$Builder
2024-11-12 13:43:15,536 INFO  CreateClassResetClassAdapter - Creating brand-new static initializer in class org/apache/hadoop/hdfs/qjournal/protocol/QJournalProtocolProtos$HeartbeatResponseProto$Builder
2024-11-12 13:43:15,537 INFO  EvoClassLoader - Seeing class for first time: org.apache.hadoop.hdfs.qjournal.protocol.QJournalProtocolProtos$HeartbeatResponseProtoOrBuilder
2024-11-12 13:43:15,537 INFO  EvoClassLoader - Instrumenting class 'org.apache.hadoop.hdfs.qjournal.protocol.QJournalProtocolProtos$HeartbeatResponseProtoOrBuilder'.
2024-11-12 13:43:15,537 INFO  EvoClassLoader - Keeping class: org.apache.hadoop.hdfs.qjournal.protocol.QJournalProtocolProtos$HeartbeatResponseProtoOrBuilder
2024-11-12 13:43:15,537 INFO  EvoClassLoader - Keeping class: org.apache.hadoop.hdfs.qjournal.protocol.QJournalProtocolProtos$HeartbeatResponseProto$Builder
2024-11-12 13:43:15,537 INFO  EvoClassLoader - Seeing class for first time: org.apache.hadoop.thirdparty.protobuf.MapEntry$Builder
2024-11-12 13:43:15,537 INFO  EvoClassLoader - Instrumenting class 'org.apache.hadoop.thirdparty.protobuf.MapEntry$Builder'.
2024-11-12 13:43:15,537 INFO  MethodCallReplacementClassAdapter - Adding mock interface to class org/apache/hadoop/thirdparty/protobuf/MapEntry$Builder
2024-11-12 13:43:15,539 INFO  CreateClassResetClassAdapter - Creating brand-new static initializer in class org/apache/hadoop/thirdparty/protobuf/MapEntry$Builder
2024-11-12 13:43:15,539 INFO  EvoClassLoader - Keeping class: org.apache.hadoop.thirdparty.protobuf.MapEntry$Builder
2024-11-12 13:43:15,539 INFO  EvoClassLoader - Seeing class for first time: org.apache.hadoop.hdfs.protocol.HdfsConstants$SafeModeAction
2024-11-12 13:43:15,539 INFO  EvoClassLoader - Instrumenting class 'org.apache.hadoop.hdfs.protocol.HdfsConstants$SafeModeAction'.
2024-11-12 13:43:15,540 INFO  MethodCallReplacementClassAdapter - Adding mock interface to class org/apache/hadoop/hdfs/protocol/HdfsConstants$SafeModeAction
2024-11-12 13:43:15,540 INFO  CreateClassResetClassAdapter - Found static initializer in class org/apache/hadoop/hdfs/protocol/HdfsConstants$SafeModeAction
2024-11-12 13:43:15,540 INFO  EvoClassLoader - Keeping class: org.apache.hadoop.hdfs.protocol.HdfsConstants$SafeModeAction
2024-11-12 13:43:15,540 INFO  EvoClassLoader - Seeing class for first time: org.apache.hadoop.hdfs.qjournal.protocol.QJournalProtocolProtos$DoRollbackResponseProto$1
2024-11-12 13:43:15,540 INFO  EvoClassLoader - Instrumenting class 'org.apache.hadoop.hdfs.qjournal.protocol.QJournalProtocolProtos$DoRollbackResponseProto$1'.
2024-11-12 13:43:15,540 INFO  MethodCallReplacementClassAdapter - Adding mock interface to class org/apache/hadoop/hdfs/qjournal/protocol/QJournalProtocolProtos$DoRollbackResponseProto$1
2024-11-12 13:43:15,540 INFO  EvoClassLoader - Keeping class: org.apache.hadoop.hdfs.qjournal.protocol.QJournalProtocolProtos$DoRollbackResponseProto$1
2024-11-12 13:43:15,540 INFO  EvoClassLoader - Seeing class for first time: org.apache.hadoop.thirdparty.protobuf.Any
2024-11-12 13:43:15,540 INFO  EvoClassLoader - Instrumenting class 'org.apache.hadoop.thirdparty.protobuf.Any'.
2024-11-12 13:43:15,540 INFO  MethodCallReplacementClassAdapter - Adding mock interface to class org/apache/hadoop/thirdparty/protobuf/Any
2024-11-12 13:43:15,541 INFO  CreateClassResetClassAdapter - Found static initializer in class org/apache/hadoop/thirdparty/protobuf/Any
2024-11-12 13:43:15,541 INFO  EvoClassLoader - Seeing class for first time: org.apache.hadoop.thirdparty.protobuf.AnyOrBuilder
2024-11-12 13:43:15,541 INFO  EvoClassLoader - Instrumenting class 'org.apache.hadoop.thirdparty.protobuf.AnyOrBuilder'.
2024-11-12 13:43:15,541 INFO  EvoClassLoader - Keeping class: org.apache.hadoop.thirdparty.protobuf.AnyOrBuilder
2024-11-12 13:43:15,541 INFO  EvoClassLoader - Keeping class: org.apache.hadoop.thirdparty.protobuf.Any
2024-11-12 13:43:15,542 INFO  EvoClassLoader - Seeing class for first time: org.apache.hadoop.thirdparty.protobuf.Any$1
2024-11-12 13:43:15,542 INFO  EvoClassLoader - Instrumenting class 'org.apache.hadoop.thirdparty.protobuf.Any$1'.
2024-11-12 13:43:15,543 INFO  MethodCallReplacementClassAdapter - Adding mock interface to class org/apache/hadoop/thirdparty/protobuf/Any$1
2024-11-12 13:43:15,543 INFO  EvoClassLoader - Keeping class: org.apache.hadoop.thirdparty.protobuf.Any$1
2024-11-12 13:43:15,543 INFO  EvoClassLoader - Seeing class for first time: net.bytebuddy.utility.privilege.SetAccessibleAction
2024-11-12 13:43:15,543 INFO  EvoClassLoader - Instrumenting class 'net.bytebuddy.utility.privilege.SetAccessibleAction'.
2024-11-12 13:43:15,543 INFO  MethodCallReplacementClassAdapter - Adding mock interface to class net/bytebuddy/utility/privilege/SetAccessibleAction
2024-11-12 13:43:15,543 INFO  CreateClassResetClassAdapter - Creating brand-new static initializer in class net/bytebuddy/utility/privilege/SetAccessibleAction
2024-11-12 13:43:15,544 INFO  EvoClassLoader - Defined package (3): package net.bytebuddy.utility.privilege, -1580726098
2024-11-12 13:43:15,544 INFO  EvoClassLoader - Keeping class: net.bytebuddy.utility.privilege.SetAccessibleAction
2024-11-12 13:43:15,544 INFO  EvoClassLoader - Seeing class for first time: org.apache.hadoop.fs.QuotaUsage$Builder
2024-11-12 13:43:15,544 INFO  EvoClassLoader - Instrumenting class 'org.apache.hadoop.fs.QuotaUsage$Builder'.
2024-11-12 13:43:15,544 INFO  MethodCallReplacementClassAdapter - Adding mock interface to class org/apache/hadoop/fs/QuotaUsage$Builder
2024-11-12 13:43:15,544 INFO  CreateClassResetClassAdapter - Creating brand-new static initializer in class org/apache/hadoop/fs/QuotaUsage$Builder
2024-11-12 13:43:15,545 INFO  EvoClassLoader - Keeping class: org.apache.hadoop.fs.QuotaUsage$Builder
2024-11-12 13:43:15,545 INFO  EvoClassLoader - Seeing class for first time: org.apache.hadoop.fs.ContentSummary$Builder
2024-11-12 13:43:15,545 INFO  EvoClassLoader - Instrumenting class 'org.apache.hadoop.fs.ContentSummary$Builder'.
2024-11-12 13:43:15,545 INFO  MethodCallReplacementClassAdapter - Adding mock interface to class org/apache/hadoop/fs/ContentSummary$Builder
2024-11-12 13:43:15,545 INFO  CreateClassResetClassAdapter - Creating brand-new static initializer in class org/apache/hadoop/fs/ContentSummary$Builder
2024-11-12 13:43:15,545 INFO  EvoClassLoader - Keeping class: org.apache.hadoop.fs.ContentSummary$Builder
2024-11-12 13:43:15,546 INFO  EvoClassLoader - Seeing class for first time: org.apache.hadoop.hdfs.qjournal.protocol.QJournalProtocolProtos$DoPreUpgradeRequestProtoOrBuilder
2024-11-12 13:43:15,546 INFO  EvoClassLoader - Instrumenting class 'org.apache.hadoop.hdfs.qjournal.protocol.QJournalProtocolProtos$DoPreUpgradeRequestProtoOrBuilder'.
2024-11-12 13:43:15,546 INFO  EvoClassLoader - Keeping class: org.apache.hadoop.hdfs.qjournal.protocol.QJournalProtocolProtos$DoPreUpgradeRequestProtoOrBuilder
2024-11-12 13:43:15,546 INFO  EvoClassLoader - Seeing class for first time: org.apache.hadoop.thirdparty.protobuf.DescriptorProtos$UninterpretedOption$NamePartOrBuilder
2024-11-12 13:43:15,546 INFO  EvoClassLoader - Instrumenting class 'org.apache.hadoop.thirdparty.protobuf.DescriptorProtos$UninterpretedOption$NamePartOrBuilder'.
2024-11-12 13:43:15,546 INFO  EvoClassLoader - Keeping class: org.apache.hadoop.thirdparty.protobuf.DescriptorProtos$UninterpretedOption$NamePartOrBuilder
2024-11-12 13:43:15,547 INFO  EvoClassLoader - Seeing class for first time: org.apache.hadoop.thirdparty.com.google.common.primitives.Ints$IntConverter
2024-11-12 13:43:15,547 INFO  EvoClassLoader - Instrumenting class 'org.apache.hadoop.thirdparty.com.google.common.primitives.Ints$IntConverter'.
2024-11-12 13:43:15,547 INFO  MethodCallReplacementClassAdapter - Adding mock interface to class org/apache/hadoop/thirdparty/com/google/common/primitives/Ints$IntConverter
2024-11-12 13:43:15,547 INFO  CreateClassResetClassAdapter - Found static initializer in class org/apache/hadoop/thirdparty/com/google/common/primitives/Ints$IntConverter
2024-11-12 13:43:15,547 INFO  EvoClassLoader - Keeping class: org.apache.hadoop.thirdparty.com.google.common.primitives.Ints$IntConverter
2024-11-12 13:43:15,547 INFO  EvoClassLoader - Seeing class for first time: org.apache.hadoop.hdfs.qjournal.protocol.QJournalProtocolProtos$FinalizeLogSegmentResponseProto$Builder
2024-11-12 13:43:15,547 INFO  EvoClassLoader - Instrumenting class 'org.apache.hadoop.hdfs.qjournal.protocol.QJournalProtocolProtos$FinalizeLogSegmentResponseProto$Builder'.
2024-11-12 13:43:15,548 INFO  MethodCallReplacementClassAdapter - Adding mock interface to class org/apache/hadoop/hdfs/qjournal/protocol/QJournalProtocolProtos$FinalizeLogSegmentResponseProto$Builder
2024-11-12 13:43:15,548 INFO  CreateClassResetClassAdapter - Creating brand-new static initializer in class org/apache/hadoop/hdfs/qjournal/protocol/QJournalProtocolProtos$FinalizeLogSegmentResponseProto$Builder
2024-11-12 13:43:15,549 INFO  EvoClassLoader - Keeping class: org.apache.hadoop.hdfs.qjournal.protocol.QJournalProtocolProtos$FinalizeLogSegmentResponseProto$Builder
2024-11-12 13:43:15,549 INFO  EvoClassLoader - Seeing class for first time: org.apache.hadoop.hdfs.qjournal.protocol.QJournalProtocolProtos$GetJournaledEditsResponseProto
2024-11-12 13:43:15,549 INFO  EvoClassLoader - Instrumenting class 'org.apache.hadoop.hdfs.qjournal.protocol.QJournalProtocolProtos$GetJournaledEditsResponseProto'.
2024-11-12 13:43:15,550 INFO  MethodCallReplacementClassAdapter - Adding mock interface to class org/apache/hadoop/hdfs/qjournal/protocol/QJournalProtocolProtos$GetJournaledEditsResponseProto
2024-11-12 13:43:15,550 INFO  CreateClassResetClassAdapter - Found static initializer in class org/apache/hadoop/hdfs/qjournal/protocol/QJournalProtocolProtos$GetJournaledEditsResponseProto
2024-11-12 13:43:15,551 INFO  EvoClassLoader - Keeping class: org.apache.hadoop.hdfs.qjournal.protocol.QJournalProtocolProtos$GetJournaledEditsResponseProto
2024-11-12 13:43:15,551 INFO  EvoClassLoader - Seeing class for first time: org.apache.hadoop.hdfs.qjournal.protocol.QJournalProtocolProtos$GetJournaledEditsResponseProto$1
2024-11-12 13:43:15,551 INFO  EvoClassLoader - Instrumenting class 'org.apache.hadoop.hdfs.qjournal.protocol.QJournalProtocolProtos$GetJournaledEditsResponseProto$1'.
2024-11-12 13:43:15,551 INFO  MethodCallReplacementClassAdapter - Adding mock interface to class org/apache/hadoop/hdfs/qjournal/protocol/QJournalProtocolProtos$GetJournaledEditsResponseProto$1
2024-11-12 13:43:15,551 INFO  EvoClassLoader - Keeping class: org.apache.hadoop.hdfs.qjournal.protocol.QJournalProtocolProtos$GetJournaledEditsResponseProto$1
2024-11-12 13:43:15,552 INFO  EvoClassLoader - Seeing class for first time: org.apache.hadoop.thirdparty.protobuf.DescriptorProtos$EnumDescriptorProto$EnumReservedRange$1
2024-11-12 13:43:15,552 INFO  EvoClassLoader - Instrumenting class 'org.apache.hadoop.thirdparty.protobuf.DescriptorProtos$EnumDescriptorProto$EnumReservedRange$1'.
2024-11-12 13:43:15,552 INFO  MethodCallReplacementClassAdapter - Adding mock interface to class org/apache/hadoop/thirdparty/protobuf/DescriptorProtos$EnumDescriptorProto$EnumReservedRange$1
2024-11-12 13:43:15,552 INFO  EvoClassLoader - Keeping class: org.apache.hadoop.thirdparty.protobuf.DescriptorProtos$EnumDescriptorProto$EnumReservedRange$1
2024-11-12 13:43:15,552 INFO  EvoClassLoader - Seeing class for first time: org.apache.hadoop.hdfs.server.datanode.metrics.FSDatasetMBean
2024-11-12 13:43:15,552 INFO  EvoClassLoader - Instrumenting class 'org.apache.hadoop.hdfs.server.datanode.metrics.FSDatasetMBean'.
2024-11-12 13:43:15,553 INFO  EvoClassLoader - Keeping class: org.apache.hadoop.hdfs.server.datanode.metrics.FSDatasetMBean
2024-11-12 13:43:15,553 INFO  EvoClassLoader - Seeing class for first time: org.apache.hadoop.thirdparty.protobuf.DescriptorProtos$DescriptorProto$ReservedRange$1
2024-11-12 13:43:15,553 INFO  EvoClassLoader - Instrumenting class 'org.apache.hadoop.thirdparty.protobuf.DescriptorProtos$DescriptorProto$ReservedRange$1'.
2024-11-12 13:43:15,553 INFO  MethodCallReplacementClassAdapter - Adding mock interface to class org/apache/hadoop/thirdparty/protobuf/DescriptorProtos$DescriptorProto$ReservedRange$1
2024-11-12 13:43:15,554 INFO  EvoClassLoader - Keeping class: org.apache.hadoop.thirdparty.protobuf.DescriptorProtos$DescriptorProto$ReservedRange$1
2024-11-12 13:43:15,554 INFO  EvoClassLoader - Seeing class for first time: org.apache.hadoop.thirdparty.protobuf.ListValue$1
2024-11-12 13:43:15,554 INFO  EvoClassLoader - Instrumenting class 'org.apache.hadoop.thirdparty.protobuf.ListValue$1'.
2024-11-12 13:43:15,554 INFO  MethodCallReplacementClassAdapter - Adding mock interface to class org/apache/hadoop/thirdparty/protobuf/ListValue$1
2024-11-12 13:43:15,555 INFO  EvoClassLoader - Keeping class: org.apache.hadoop.thirdparty.protobuf.ListValue$1
2024-11-12 13:43:15,555 INFO  EvoClassLoader - Seeing class for first time: org.apache.hadoop.io.ByteWritable$Comparator
2024-11-12 13:43:15,555 INFO  EvoClassLoader - Instrumenting class 'org.apache.hadoop.io.ByteWritable$Comparator'.
2024-11-12 13:43:15,555 INFO  MethodCallReplacementClassAdapter - Adding mock interface to class org/apache/hadoop/io/ByteWritable$Comparator
2024-11-12 13:43:15,555 INFO  CreateClassResetClassAdapter - Creating brand-new static initializer in class org/apache/hadoop/io/ByteWritable$Comparator
2024-11-12 13:43:15,555 INFO  EvoClassLoader - Keeping class: org.apache.hadoop.io.ByteWritable$Comparator
2024-11-12 13:43:15,555 INFO  EvoClassLoader - Seeing class for first time: org.apache.hadoop.security.token.Token
2024-11-12 13:43:15,555 INFO  EvoClassLoader - Instrumenting class 'org.apache.hadoop.security.token.Token'.
2024-11-12 13:43:15,556 INFO  MethodCallReplacementClassAdapter - Adding mock interface to class org/apache/hadoop/security/token/Token
2024-11-12 13:43:15,556 INFO  CreateClassResetClassAdapter - Found static initializer in class org/apache/hadoop/security/token/Token
2024-11-12 13:43:15,557 INFO  EvoClassLoader - Keeping class: org.apache.hadoop.security.token.Token
2024-11-12 13:43:15,557 INFO  EvoClassLoader - Seeing class for first time: org.apache.hadoop.security.token.TokenRenewer
2024-11-12 13:43:15,557 INFO  EvoClassLoader - Instrumenting class 'org.apache.hadoop.security.token.TokenRenewer'.
2024-11-12 13:43:15,557 INFO  MethodCallReplacementClassAdapter - Adding mock interface to class org/apache/hadoop/security/token/TokenRenewer
2024-11-12 13:43:15,557 INFO  CreateClassResetClassAdapter - Creating brand-new static initializer in class org/apache/hadoop/security/token/TokenRenewer
2024-11-12 13:43:15,557 INFO  EvoClassLoader - Keeping class: org.apache.hadoop.security.token.TokenRenewer
2024-11-12 13:43:15,557 INFO  EvoClassLoader - Seeing class for first time: org.apache.hadoop.security.token.Token$TrivialRenewer
2024-11-12 13:43:15,557 INFO  EvoClassLoader - Instrumenting class 'org.apache.hadoop.security.token.Token$TrivialRenewer'.
2024-11-12 13:43:15,558 INFO  MethodCallReplacementClassAdapter - Adding mock interface to class org/apache/hadoop/security/token/Token$TrivialRenewer
2024-11-12 13:43:15,558 INFO  CreateClassResetClassAdapter - Creating brand-new static initializer in class org/apache/hadoop/security/token/Token$TrivialRenewer
2024-11-12 13:43:15,558 INFO  EvoClassLoader - Keeping class: org.apache.hadoop.security.token.Token$TrivialRenewer
2024-11-12 13:43:15,558 INFO  EvoClassLoader - Seeing class for first time: org.apache.hadoop.security.token.Token$PrivateToken
2024-11-12 13:43:15,558 INFO  EvoClassLoader - Instrumenting class 'org.apache.hadoop.security.token.Token$PrivateToken'.
2024-11-12 13:43:15,558 INFO  MethodCallReplacementClassAdapter - Adding mock interface to class org/apache/hadoop/security/token/Token$PrivateToken
2024-11-12 13:43:15,558 INFO  CreateClassResetClassAdapter - Found static initializer in class org/apache/hadoop/security/token/Token$PrivateToken
2024-11-12 13:43:15,558 INFO  EvoClassLoader - Keeping class: org.apache.hadoop.security.token.Token$PrivateToken
2024-11-12 13:43:15,559 INFO  EvoClassLoader - Seeing class for first time: org.apache.hadoop.hdfs.server.datanode.fsdataset.FsVolumeSpi$ScanInfo
2024-11-12 13:43:15,559 INFO  EvoClassLoader - Instrumenting class 'org.apache.hadoop.hdfs.server.datanode.fsdataset.FsVolumeSpi$ScanInfo'.
2024-11-12 13:43:15,559 INFO  MethodCallReplacementClassAdapter - Adding mock interface to class org/apache/hadoop/hdfs/server/datanode/fsdataset/FsVolumeSpi$ScanInfo
2024-11-12 13:43:15,560 INFO  CreateClassResetClassAdapter - Found static initializer in class org/apache/hadoop/hdfs/server/datanode/fsdataset/FsVolumeSpi$ScanInfo
2024-11-12 13:43:15,560 INFO  EvoClassLoader - Keeping class: org.apache.hadoop.hdfs.server.datanode.fsdataset.FsVolumeSpi$ScanInfo
2024-11-12 13:43:15,561 INFO  EvoClassLoader - Seeing class for first time: org.apache.hadoop.fs.Options$Rename
2024-11-12 13:43:15,561 INFO  EvoClassLoader - Instrumenting class 'org.apache.hadoop.fs.Options$Rename'.
2024-11-12 13:43:15,561 INFO  MethodCallReplacementClassAdapter - Adding mock interface to class org/apache/hadoop/fs/Options$Rename
2024-11-12 13:43:15,561 INFO  CreateClassResetClassAdapter - Found static initializer in class org/apache/hadoop/fs/Options$Rename
2024-11-12 13:43:15,561 INFO  EvoClassLoader - Keeping class: org.apache.hadoop.fs.Options$Rename
2024-11-12 13:43:15,561 INFO  EvoClassLoader - Seeing class for first time: org.apache.hadoop.hdfs.qjournal.protocol.QJournalProtocolProtos$DoPreUpgradeResponseProto
2024-11-12 13:43:15,561 INFO  EvoClassLoader - Instrumenting class 'org.apache.hadoop.hdfs.qjournal.protocol.QJournalProtocolProtos$DoPreUpgradeResponseProto'.
2024-11-12 13:43:15,561 INFO  MethodCallReplacementClassAdapter - Adding mock interface to class org/apache/hadoop/hdfs/qjournal/protocol/QJournalProtocolProtos$DoPreUpgradeResponseProto
2024-11-12 13:43:15,561 INFO  CreateClassResetClassAdapter - Found static initializer in class org/apache/hadoop/hdfs/qjournal/protocol/QJournalProtocolProtos$DoPreUpgradeResponseProto
2024-11-12 13:43:15,562 INFO  EvoClassLoader - Keeping class: org.apache.hadoop.hdfs.qjournal.protocol.QJournalProtocolProtos$DoPreUpgradeResponseProto
2024-11-12 13:43:15,562 INFO  EvoClassLoader - Seeing class for first time: org.apache.hadoop.hdfs.qjournal.protocol.QJournalProtocolProtos$DoPreUpgradeResponseProto$1
2024-11-12 13:43:15,562 INFO  EvoClassLoader - Instrumenting class 'org.apache.hadoop.hdfs.qjournal.protocol.QJournalProtocolProtos$DoPreUpgradeResponseProto$1'.
2024-11-12 13:43:15,562 INFO  MethodCallReplacementClassAdapter - Adding mock interface to class org/apache/hadoop/hdfs/qjournal/protocol/QJournalProtocolProtos$DoPreUpgradeResponseProto$1
2024-11-12 13:43:15,563 INFO  EvoClassLoader - Keeping class: org.apache.hadoop.hdfs.qjournal.protocol.QJournalProtocolProtos$DoPreUpgradeResponseProto$1
2024-11-12 13:43:15,563 INFO  EvoClassLoader - Seeing class for first time: org.apache.hadoop.thirdparty.protobuf.NioByteString$1
2024-11-12 13:43:15,563 INFO  EvoClassLoader - Instrumenting class 'org.apache.hadoop.thirdparty.protobuf.NioByteString$1'.
2024-11-12 13:43:15,563 INFO  MethodCallReplacementClassAdapter - Adding mock interface to class org/apache/hadoop/thirdparty/protobuf/NioByteString$1
2024-11-12 13:43:15,564 INFO  EvoClassLoader - Keeping class: org.apache.hadoop.thirdparty.protobuf.NioByteString$1
2024-11-12 13:43:15,564 INFO  EvoClassLoader - Seeing class for first time: org.apache.hadoop.hdfs.qjournal.protocol.QJournalProtocolProtos$FormatRequestProto
2024-11-12 13:43:15,564 INFO  EvoClassLoader - Instrumenting class 'org.apache.hadoop.hdfs.qjournal.protocol.QJournalProtocolProtos$FormatRequestProto'.
2024-11-12 13:43:15,565 INFO  MethodCallReplacementClassAdapter - Adding mock interface to class org/apache/hadoop/hdfs/qjournal/protocol/QJournalProtocolProtos$FormatRequestProto
2024-11-12 13:43:15,565 INFO  CreateClassResetClassAdapter - Found static initializer in class org/apache/hadoop/hdfs/qjournal/protocol/QJournalProtocolProtos$FormatRequestProto
2024-11-12 13:43:15,566 INFO  EvoClassLoader - Seeing class for first time: org.apache.hadoop.hdfs.qjournal.protocol.QJournalProtocolProtos$FormatRequestProtoOrBuilder
2024-11-12 13:43:15,566 INFO  EvoClassLoader - Instrumenting class 'org.apache.hadoop.hdfs.qjournal.protocol.QJournalProtocolProtos$FormatRequestProtoOrBuilder'.
2024-11-12 13:43:15,566 INFO  EvoClassLoader - Keeping class: org.apache.hadoop.hdfs.qjournal.protocol.QJournalProtocolProtos$FormatRequestProtoOrBuilder
2024-11-12 13:43:15,566 INFO  EvoClassLoader - Keeping class: org.apache.hadoop.hdfs.qjournal.protocol.QJournalProtocolProtos$FormatRequestProto
2024-11-12 13:43:15,566 INFO  EvoClassLoader - Seeing class for first time: org.apache.hadoop.ipc.ProtocolInfo
2024-11-12 13:43:15,566 INFO  EvoClassLoader - Instrumenting class 'org.apache.hadoop.ipc.ProtocolInfo'.
2024-11-12 13:43:15,567 INFO  EvoClassLoader - Keeping class: org.apache.hadoop.ipc.ProtocolInfo
2024-11-12 13:43:15,568 INFO  EvoClassLoader - Seeing class for first time: org.apache.hadoop.hdfs.qjournal.protocol.QJournalProtocolProtos$GetJournalCTimeResponseProto$1
2024-11-12 13:43:15,568 INFO  EvoClassLoader - Instrumenting class 'org.apache.hadoop.hdfs.qjournal.protocol.QJournalProtocolProtos$GetJournalCTimeResponseProto$1'.
2024-11-12 13:43:15,568 INFO  MethodCallReplacementClassAdapter - Adding mock interface to class org/apache/hadoop/hdfs/qjournal/protocol/QJournalProtocolProtos$GetJournalCTimeResponseProto$1
2024-11-12 13:43:15,568 INFO  EvoClassLoader - Keeping class: org.apache.hadoop.hdfs.qjournal.protocol.QJournalProtocolProtos$GetJournalCTimeResponseProto$1
2024-11-12 13:43:15,568 INFO  EvoClassLoader - Seeing class for first time: org.apache.hadoop.hdfs.qjournal.protocol.QJournalProtocolProtos$AcceptRecoveryRequestProto
2024-11-12 13:43:15,568 INFO  EvoClassLoader - Instrumenting class 'org.apache.hadoop.hdfs.qjournal.protocol.QJournalProtocolProtos$AcceptRecoveryRequestProto'.
2024-11-12 13:43:15,568 INFO  MethodCallReplacementClassAdapter - Adding mock interface to class org/apache/hadoop/hdfs/qjournal/protocol/QJournalProtocolProtos$AcceptRecoveryRequestProto
2024-11-12 13:43:15,568 INFO  CreateClassResetClassAdapter - Found static initializer in class org/apache/hadoop/hdfs/qjournal/protocol/QJournalProtocolProtos$AcceptRecoveryRequestProto
2024-11-12 13:43:15,569 INFO  EvoClassLoader - Seeing class for first time: org.apache.hadoop.hdfs.qjournal.protocol.QJournalProtocolProtos$AcceptRecoveryRequestProtoOrBuilder
2024-11-12 13:43:15,569 INFO  EvoClassLoader - Instrumenting class 'org.apache.hadoop.hdfs.qjournal.protocol.QJournalProtocolProtos$AcceptRecoveryRequestProtoOrBuilder'.
2024-11-12 13:43:15,569 INFO  EvoClassLoader - Keeping class: org.apache.hadoop.hdfs.qjournal.protocol.QJournalProtocolProtos$AcceptRecoveryRequestProtoOrBuilder
2024-11-12 13:43:15,569 INFO  EvoClassLoader - Keeping class: org.apache.hadoop.hdfs.qjournal.protocol.QJournalProtocolProtos$AcceptRecoveryRequestProto
2024-11-12 13:43:15,570 INFO  EvoClassLoader - Seeing class for first time: org.apache.hadoop.hdfs.qjournal.protocol.QJournalProtocolProtos$AcceptRecoveryRequestProto$1
2024-11-12 13:43:15,570 INFO  EvoClassLoader - Instrumenting class 'org.apache.hadoop.hdfs.qjournal.protocol.QJournalProtocolProtos$AcceptRecoveryRequestProto$1'.
2024-11-12 13:43:15,570 INFO  MethodCallReplacementClassAdapter - Adding mock interface to class org/apache/hadoop/hdfs/qjournal/protocol/QJournalProtocolProtos$AcceptRecoveryRequestProto$1
2024-11-12 13:43:15,570 INFO  EvoClassLoader - Keeping class: org.apache.hadoop.hdfs.qjournal.protocol.QJournalProtocolProtos$AcceptRecoveryRequestProto$1
2024-11-12 13:43:15,570 INFO  EvoClassLoader - Seeing class for first time: org.apache.hadoop.hdfs.client.impl.LeaseRenewer
2024-11-12 13:43:15,570 INFO  EvoClassLoader - Instrumenting class 'org.apache.hadoop.hdfs.client.impl.LeaseRenewer'.
2024-11-12 13:43:15,570 INFO  MethodCallReplacementClassAdapter - Adding mock interface to class org/apache/hadoop/hdfs/client/impl/LeaseRenewer
2024-11-12 13:43:15,571 INFO  CreateClassResetClassAdapter - Found static initializer in class org/apache/hadoop/hdfs/client/impl/LeaseRenewer
2024-11-12 13:43:15,571 INFO  EvoClassLoader - Defined package (3): package org.apache.hadoop.hdfs.client.impl, 1571191057
2024-11-12 13:43:15,572 INFO  EvoClassLoader - Keeping class: org.apache.hadoop.hdfs.client.impl.LeaseRenewer
2024-11-12 13:43:15,572 INFO  EvoClassLoader - Seeing class for first time: org.eclipse.jetty.util.component.Dumpable$DumpableContainer
2024-11-12 13:43:15,572 INFO  EvoClassLoader - Instrumenting class 'org.eclipse.jetty.util.component.Dumpable$DumpableContainer'.
2024-11-12 13:43:15,572 INFO  EvoClassLoader - Keeping class: org.eclipse.jetty.util.component.Dumpable$DumpableContainer
2024-11-12 13:43:15,573 INFO  EvoClassLoader - Seeing class for first time: org.apache.hadoop.hdfs.server.datanode.fsdataset.FsVolumeSpi
2024-11-12 13:43:15,573 INFO  EvoClassLoader - Instrumenting class 'org.apache.hadoop.hdfs.server.datanode.fsdataset.FsVolumeSpi'.
2024-11-12 13:43:15,573 INFO  EvoClassLoader - Keeping class: org.apache.hadoop.hdfs.server.datanode.fsdataset.FsVolumeSpi
2024-11-12 13:43:15,573 INFO  EvoClassLoader - Seeing class for first time: org.apache.hadoop.hdfs.protocol.proto.HdfsServerProtos$RemoteEditLogProto$Builder
2024-11-12 13:43:15,573 INFO  EvoClassLoader - Instrumenting class 'org.apache.hadoop.hdfs.protocol.proto.HdfsServerProtos$RemoteEditLogProto$Builder'.
2024-11-12 13:43:15,573 INFO  MethodCallReplacementClassAdapter - Adding mock interface to class org/apache/hadoop/hdfs/protocol/proto/HdfsServerProtos$RemoteEditLogProto$Builder
2024-11-12 13:43:15,574 INFO  CreateClassResetClassAdapter - Creating brand-new static initializer in class org/apache/hadoop/hdfs/protocol/proto/HdfsServerProtos$RemoteEditLogProto$Builder
2024-11-12 13:43:15,574 INFO  EvoClassLoader - Seeing class for first time: org.apache.hadoop.hdfs.protocol.proto.HdfsServerProtos$RemoteEditLogProtoOrBuilder
2024-11-12 13:43:15,574 INFO  EvoClassLoader - Instrumenting class 'org.apache.hadoop.hdfs.protocol.proto.HdfsServerProtos$RemoteEditLogProtoOrBuilder'.
2024-11-12 13:43:15,574 INFO  EvoClassLoader - Keeping class: org.apache.hadoop.hdfs.protocol.proto.HdfsServerProtos$RemoteEditLogProtoOrBuilder
2024-11-12 13:43:15,574 INFO  EvoClassLoader - Keeping class: org.apache.hadoop.hdfs.protocol.proto.HdfsServerProtos$RemoteEditLogProto$Builder
2024-11-12 13:43:15,574 INFO  EvoClassLoader - Seeing class for first time: org.apache.hadoop.hdfs.qjournal.protocol.QJournalProtocolProtos$CanRollBackResponseProto$1
2024-11-12 13:43:15,574 INFO  EvoClassLoader - Instrumenting class 'org.apache.hadoop.hdfs.qjournal.protocol.QJournalProtocolProtos$CanRollBackResponseProto$1'.
2024-11-12 13:43:15,575 INFO  MethodCallReplacementClassAdapter - Adding mock interface to class org/apache/hadoop/hdfs/qjournal/protocol/QJournalProtocolProtos$CanRollBackResponseProto$1
2024-11-12 13:43:15,575 INFO  EvoClassLoader - Keeping class: org.apache.hadoop.hdfs.qjournal.protocol.QJournalProtocolProtos$CanRollBackResponseProto$1
2024-11-12 13:43:15,575 INFO  EvoClassLoader - Seeing class for first time: org.apache.hadoop.hdfs.qjournal.protocol.QJournalProtocolProtos$HeartbeatRequestProtoOrBuilder
2024-11-12 13:43:15,575 INFO  EvoClassLoader - Instrumenting class 'org.apache.hadoop.hdfs.qjournal.protocol.QJournalProtocolProtos$HeartbeatRequestProtoOrBuilder'.
2024-11-12 13:43:15,575 INFO  EvoClassLoader - Keeping class: org.apache.hadoop.hdfs.qjournal.protocol.QJournalProtocolProtos$HeartbeatRequestProtoOrBuilder
2024-11-12 13:43:15,575 INFO  EvoClassLoader - Seeing class for first time: org.apache.hadoop.thirdparty.protobuf.DescriptorProtos$GeneratedCodeInfo
2024-11-12 13:43:15,575 INFO  EvoClassLoader - Instrumenting class 'org.apache.hadoop.thirdparty.protobuf.DescriptorProtos$GeneratedCodeInfo'.
2024-11-12 13:43:15,575 INFO  MethodCallReplacementClassAdapter - Adding mock interface to class org/apache/hadoop/thirdparty/protobuf/DescriptorProtos$GeneratedCodeInfo
2024-11-12 13:43:15,576 INFO  CreateClassResetClassAdapter - Found static initializer in class org/apache/hadoop/thirdparty/protobuf/DescriptorProtos$GeneratedCodeInfo
2024-11-12 13:43:15,576 INFO  EvoClassLoader - Seeing class for first time: org.apache.hadoop.thirdparty.protobuf.DescriptorProtos$GeneratedCodeInfoOrBuilder
2024-11-12 13:43:15,576 INFO  EvoClassLoader - Instrumenting class 'org.apache.hadoop.thirdparty.protobuf.DescriptorProtos$GeneratedCodeInfoOrBuilder'.
2024-11-12 13:43:15,576 INFO  EvoClassLoader - Keeping class: org.apache.hadoop.thirdparty.protobuf.DescriptorProtos$GeneratedCodeInfoOrBuilder
2024-11-12 13:43:15,576 INFO  EvoClassLoader - Keeping class: org.apache.hadoop.thirdparty.protobuf.DescriptorProtos$GeneratedCodeInfo
2024-11-12 13:43:15,576 INFO  EvoClassLoader - Seeing class for first time: org.apache.hadoop.thirdparty.protobuf.DescriptorProtos$GeneratedCodeInfo$1
2024-11-12 13:43:15,576 INFO  EvoClassLoader - Instrumenting class 'org.apache.hadoop.thirdparty.protobuf.DescriptorProtos$GeneratedCodeInfo$1'.
2024-11-12 13:43:15,577 INFO  MethodCallReplacementClassAdapter - Adding mock interface to class org/apache/hadoop/thirdparty/protobuf/DescriptorProtos$GeneratedCodeInfo$1
2024-11-12 13:43:15,577 INFO  EvoClassLoader - Keeping class: org.apache.hadoop.thirdparty.protobuf.DescriptorProtos$GeneratedCodeInfo$1
2024-11-12 13:43:15,577 INFO  EvoClassLoader - Seeing class for first time: org.apache.hadoop.ipc.protobuf.RpcHeaderProtos$RPCTraceInfoProto$1
2024-11-12 13:43:15,577 INFO  EvoClassLoader - Instrumenting class 'org.apache.hadoop.ipc.protobuf.RpcHeaderProtos$RPCTraceInfoProto$1'.
2024-11-12 13:43:15,577 INFO  MethodCallReplacementClassAdapter - Adding mock interface to class org/apache/hadoop/ipc/protobuf/RpcHeaderProtos$RPCTraceInfoProto$1
2024-11-12 13:43:15,577 INFO  EvoClassLoader - Keeping class: org.apache.hadoop.ipc.protobuf.RpcHeaderProtos$RPCTraceInfoProto$1
2024-11-12 13:43:15,578 INFO  EvoClassLoader - Seeing class for first time: org.apache.hadoop.hdfs.server.protocol.BlockRecoveryCommand
2024-11-12 13:43:15,578 INFO  EvoClassLoader - Instrumenting class 'org.apache.hadoop.hdfs.server.protocol.BlockRecoveryCommand'.
2024-11-12 13:43:15,578 INFO  MethodCallReplacementClassAdapter - Adding mock interface to class org/apache/hadoop/hdfs/server/protocol/BlockRecoveryCommand
2024-11-12 13:43:15,578 INFO  CreateClassResetClassAdapter - Creating brand-new static initializer in class org/apache/hadoop/hdfs/server/protocol/BlockRecoveryCommand
2024-11-12 13:43:15,578 INFO  EvoClassLoader - Keeping class: org.apache.hadoop.hdfs.server.protocol.BlockRecoveryCommand
2024-11-12 13:43:15,578 INFO  EvoClassLoader - Seeing class for first time: org.eclipse.jetty.util.component.ContainerLifeCycle$Managed
2024-11-12 13:43:15,578 INFO  EvoClassLoader - Instrumenting class 'org.eclipse.jetty.util.component.ContainerLifeCycle$Managed'.
2024-11-12 13:43:15,578 INFO  MethodCallReplacementClassAdapter - Adding mock interface to class org/eclipse/jetty/util/component/ContainerLifeCycle$Managed
2024-11-12 13:43:15,578 INFO  CreateClassResetClassAdapter - Found static initializer in class org/eclipse/jetty/util/component/ContainerLifeCycle$Managed
2024-11-12 13:43:15,578 INFO  EvoClassLoader - Keeping class: org.eclipse.jetty.util.component.ContainerLifeCycle$Managed
2024-11-12 13:43:15,579 INFO  EvoClassLoader - Seeing class for first time: org.apache.hadoop.util.Shell$ShellTimeoutTimerTask
2024-11-12 13:43:15,579 INFO  EvoClassLoader - Instrumenting class 'org.apache.hadoop.util.Shell$ShellTimeoutTimerTask'.
2024-11-12 13:43:15,579 INFO  MethodCallReplacementClassAdapter - Adding mock interface to class org/apache/hadoop/util/Shell$ShellTimeoutTimerTask
2024-11-12 13:43:15,579 INFO  CreateClassResetClassAdapter - Creating brand-new static initializer in class org/apache/hadoop/util/Shell$ShellTimeoutTimerTask
2024-11-12 13:43:15,579 INFO  EvoClassLoader - Keeping class: org.apache.hadoop.util.Shell$ShellTimeoutTimerTask
2024-11-12 13:43:15,579 INFO  EvoClassLoader - Seeing class for first time: org.apache.hadoop.thirdparty.com.google.common.primitives.Ints
2024-11-12 13:43:15,579 INFO  EvoClassLoader - Instrumenting class 'org.apache.hadoop.thirdparty.com.google.common.primitives.Ints'.
2024-11-12 13:43:15,579 INFO  MethodCallReplacementClassAdapter - Adding mock interface to class org/apache/hadoop/thirdparty/com/google/common/primitives/Ints
2024-11-12 13:43:15,580 INFO  CreateClassResetClassAdapter - Creating brand-new static initializer in class org/apache/hadoop/thirdparty/com/google/common/primitives/Ints
2024-11-12 13:43:15,580 INFO  CreateClassResetClassAdapter - Adding bytecode for initializing field BYTES
2024-11-12 13:43:15,580 INFO  CreateClassResetClassAdapter - Adding bytecode for initializing field MAX_POWER_OF_TWO
2024-11-12 13:43:15,580 INFO  EvoClassLoader - Seeing class for first time: org.apache.hadoop.thirdparty.com.google.common.primitives.IntsMethodsForWeb
2024-11-12 13:43:15,580 INFO  EvoClassLoader - Instrumenting class 'org.apache.hadoop.thirdparty.com.google.common.primitives.IntsMethodsForWeb'.
2024-11-12 13:43:15,581 INFO  MethodCallReplacementClassAdapter - Adding mock interface to class org/apache/hadoop/thirdparty/com/google/common/primitives/IntsMethodsForWeb
2024-11-12 13:43:15,581 INFO  CreateClassResetClassAdapter - Creating brand-new static initializer in class org/apache/hadoop/thirdparty/com/google/common/primitives/IntsMethodsForWeb
2024-11-12 13:43:15,581 INFO  EvoClassLoader - Keeping class: org.apache.hadoop.thirdparty.com.google.common.primitives.IntsMethodsForWeb
2024-11-12 13:43:15,581 INFO  EvoClassLoader - Keeping class: org.apache.hadoop.thirdparty.com.google.common.primitives.Ints
2024-11-12 13:43:15,581 INFO  EvoClassLoader - Seeing class for first time: org.apache.hadoop.hdfs.qjournal.protocol.QJournalProtocolProtos$GetJournalStateRequestProtoOrBuilder
2024-11-12 13:43:15,581 INFO  EvoClassLoader - Instrumenting class 'org.apache.hadoop.hdfs.qjournal.protocol.QJournalProtocolProtos$GetJournalStateRequestProtoOrBuilder'.
2024-11-12 13:43:15,582 INFO  EvoClassLoader - Keeping class: org.apache.hadoop.hdfs.qjournal.protocol.QJournalProtocolProtos$GetJournalStateRequestProtoOrBuilder
2024-11-12 13:43:15,582 INFO  EvoClassLoader - Seeing class for first time: org.apache.hadoop.hdfs.qjournal.protocol.QJournalProtocolProtos$CanRollBackResponseProto
2024-11-12 13:43:15,582 INFO  EvoClassLoader - Instrumenting class 'org.apache.hadoop.hdfs.qjournal.protocol.QJournalProtocolProtos$CanRollBackResponseProto'.
2024-11-12 13:43:15,583 INFO  MethodCallReplacementClassAdapter - Adding mock interface to class org/apache/hadoop/hdfs/qjournal/protocol/QJournalProtocolProtos$CanRollBackResponseProto
2024-11-12 13:43:15,583 INFO  CreateClassResetClassAdapter - Found static initializer in class org/apache/hadoop/hdfs/qjournal/protocol/QJournalProtocolProtos$CanRollBackResponseProto
2024-11-12 13:43:15,584 INFO  EvoClassLoader - Keeping class: org.apache.hadoop.hdfs.qjournal.protocol.QJournalProtocolProtos$CanRollBackResponseProto
2024-11-12 13:43:15,585 INFO  EvoClassLoader - Seeing class for first time: org.apache.hadoop.hdfs.qjournal.protocol.QJournalProtocolProtos$GetEditLogManifestRequestProto
2024-11-12 13:43:15,585 INFO  EvoClassLoader - Instrumenting class 'org.apache.hadoop.hdfs.qjournal.protocol.QJournalProtocolProtos$GetEditLogManifestRequestProto'.
2024-11-12 13:43:15,585 INFO  MethodCallReplacementClassAdapter - Adding mock interface to class org/apache/hadoop/hdfs/qjournal/protocol/QJournalProtocolProtos$GetEditLogManifestRequestProto
2024-11-12 13:43:15,586 INFO  CreateClassResetClassAdapter - Found static initializer in class org/apache/hadoop/hdfs/qjournal/protocol/QJournalProtocolProtos$GetEditLogManifestRequestProto
2024-11-12 13:43:15,586 INFO  EvoClassLoader - Keeping class: org.apache.hadoop.hdfs.qjournal.protocol.QJournalProtocolProtos$GetEditLogManifestRequestProto
2024-11-12 13:43:15,587 INFO  EvoClassLoader - Seeing class for first time: org.apache.hadoop.hdfs.qjournal.protocol.QJournalProtocolProtos$GetEditLogManifestRequestProto$1
2024-11-12 13:43:15,587 INFO  EvoClassLoader - Instrumenting class 'org.apache.hadoop.hdfs.qjournal.protocol.QJournalProtocolProtos$GetEditLogManifestRequestProto$1'.
2024-11-12 13:43:15,587 INFO  MethodCallReplacementClassAdapter - Adding mock interface to class org/apache/hadoop/hdfs/qjournal/protocol/QJournalProtocolProtos$GetEditLogManifestRequestProto$1
2024-11-12 13:43:15,588 INFO  EvoClassLoader - Keeping class: org.apache.hadoop.hdfs.qjournal.protocol.QJournalProtocolProtos$GetEditLogManifestRequestProto$1
2024-11-12 13:43:15,588 INFO  EvoClassLoader - Seeing class for first time: org.apache.hadoop.hdfs.protocolPB.DatanodeLifelineProtocolClientSideTranslatorPB
2024-11-12 13:43:15,588 INFO  EvoClassLoader - Instrumenting class 'org.apache.hadoop.hdfs.protocolPB.DatanodeLifelineProtocolClientSideTranslatorPB'.
2024-11-12 13:43:15,588 INFO  MethodCallReplacementClassAdapter - Adding mock interface to class org/apache/hadoop/hdfs/protocolPB/DatanodeLifelineProtocolClientSideTranslatorPB
2024-11-12 13:43:15,588 INFO  CreateClassResetClassAdapter - Found static initializer in class org/apache/hadoop/hdfs/protocolPB/DatanodeLifelineProtocolClientSideTranslatorPB
2024-11-12 13:43:15,589 INFO  EvoClassLoader - Keeping class: org.apache.hadoop.hdfs.protocolPB.DatanodeLifelineProtocolClientSideTranslatorPB
2024-11-12 13:43:15,589 INFO  EvoClassLoader - Seeing class for first time: org.apache.hadoop.hdfs.server.datanode.metrics.DataNodePeerMetrics
2024-11-12 13:43:15,589 INFO  EvoClassLoader - Instrumenting class 'org.apache.hadoop.hdfs.server.datanode.metrics.DataNodePeerMetrics'.
2024-11-12 13:43:15,589 INFO  MethodCallReplacementClassAdapter - Adding mock interface to class org/apache/hadoop/hdfs/server/datanode/metrics/DataNodePeerMetrics
2024-11-12 13:43:15,590 INFO  CreateClassResetClassAdapter - Found static initializer in class org/apache/hadoop/hdfs/server/datanode/metrics/DataNodePeerMetrics
2024-11-12 13:43:15,590 INFO  EvoClassLoader - Keeping class: org.apache.hadoop.hdfs.server.datanode.metrics.DataNodePeerMetrics
2024-11-12 13:43:15,590 INFO  EvoClassLoader - Seeing class for first time: org.apache.hadoop.metrics2.MetricsJsonBuilder
2024-11-12 13:43:15,590 INFO  EvoClassLoader - Instrumenting class 'org.apache.hadoop.metrics2.MetricsJsonBuilder'.
2024-11-12 13:43:15,591 INFO  MethodCallReplacementClassAdapter - Adding mock interface to class org/apache/hadoop/metrics2/MetricsJsonBuilder
2024-11-12 13:43:15,591 INFO  CreateClassResetClassAdapter - Found static initializer in class org/apache/hadoop/metrics2/MetricsJsonBuilder
2024-11-12 13:43:15,591 INFO  EvoClassLoader - Keeping class: org.apache.hadoop.metrics2.MetricsJsonBuilder
2024-11-12 13:43:15,591 INFO  EvoClassLoader - Seeing class for first time: org.apache.hadoop.io.BinaryComparable
2024-11-12 13:43:15,591 INFO  EvoClassLoader - Instrumenting class 'org.apache.hadoop.io.BinaryComparable'.
2024-11-12 13:43:15,592 INFO  MethodCallReplacementClassAdapter - Adding mock interface to class org/apache/hadoop/io/BinaryComparable
2024-11-12 13:43:15,592 INFO  CreateClassResetClassAdapter - Creating brand-new static initializer in class org/apache/hadoop/io/BinaryComparable
2024-11-12 13:43:15,592 INFO  EvoClassLoader - Keeping class: org.apache.hadoop.io.BinaryComparable
2024-11-12 13:43:15,592 INFO  EvoClassLoader - Seeing class for first time: org.apache.hadoop.hdfs.protocol.SnapshotDiffReport
2024-11-12 13:43:15,592 INFO  EvoClassLoader - Instrumenting class 'org.apache.hadoop.hdfs.protocol.SnapshotDiffReport'.
2024-11-12 13:43:15,593 INFO  MethodCallReplacementClassAdapter - Adding mock interface to class org/apache/hadoop/hdfs/protocol/SnapshotDiffReport
2024-11-12 13:43:15,593 INFO  CreateClassResetClassAdapter - Found static initializer in class org/apache/hadoop/hdfs/protocol/SnapshotDiffReport
2024-11-12 13:43:15,593 INFO  EvoClassLoader - Keeping class: org.apache.hadoop.hdfs.protocol.SnapshotDiffReport
2024-11-12 13:43:15,593 INFO  EvoClassLoader - Seeing class for first time: org.apache.hadoop.hdfs.qjournal.protocol.QJournalProtocolProtos$DoPreUpgradeResponseProto$Builder
2024-11-12 13:43:15,593 INFO  EvoClassLoader - Instrumenting class 'org.apache.hadoop.hdfs.qjournal.protocol.QJournalProtocolProtos$DoPreUpgradeResponseProto$Builder'.
2024-11-12 13:43:15,594 INFO  MethodCallReplacementClassAdapter - Adding mock interface to class org/apache/hadoop/hdfs/qjournal/protocol/QJournalProtocolProtos$DoPreUpgradeResponseProto$Builder
2024-11-12 13:43:15,594 INFO  CreateClassResetClassAdapter - Creating brand-new static initializer in class org/apache/hadoop/hdfs/qjournal/protocol/QJournalProtocolProtos$DoPreUpgradeResponseProto$Builder
2024-11-12 13:43:15,595 INFO  EvoClassLoader - Keeping class: org.apache.hadoop.hdfs.qjournal.protocol.QJournalProtocolProtos$DoPreUpgradeResponseProto$Builder
2024-11-12 13:43:15,595 INFO  EvoClassLoader - Seeing class for first time: org.codehaus.stax2.XMLStreamLocation2$1
2024-11-12 13:43:15,595 INFO  EvoClassLoader - Instrumenting class 'org.codehaus.stax2.XMLStreamLocation2$1'.
2024-11-12 13:43:15,595 INFO  MethodCallReplacementClassAdapter - Adding mock interface to class org/codehaus/stax2/XMLStreamLocation2$1
2024-11-12 13:43:15,596 INFO  EvoClassLoader - Keeping class: org.codehaus.stax2.XMLStreamLocation2$1
2024-11-12 13:43:15,596 INFO  EvoClassLoader - Seeing class for first time: org.apache.hadoop.hdfs.security.token.block.InvalidBlockTokenException
2024-11-12 13:43:15,596 INFO  EvoClassLoader - Instrumenting class 'org.apache.hadoop.hdfs.security.token.block.InvalidBlockTokenException'.
2024-11-12 13:43:15,596 INFO  MethodCallReplacementClassAdapter - Adding mock interface to class org/apache/hadoop/hdfs/security/token/block/InvalidBlockTokenException
2024-11-12 13:43:15,596 INFO  CreateClassResetClassAdapter - Creating brand-new static initializer in class org/apache/hadoop/hdfs/security/token/block/InvalidBlockTokenException
2024-11-12 13:43:15,596 INFO  EvoClassLoader - Keeping class: org.apache.hadoop.hdfs.security.token.block.InvalidBlockTokenException
2024-11-12 13:43:15,596 INFO  EvoClassLoader - Seeing class for first time: org.apache.hadoop.fs.PathIOException
2024-11-12 13:43:15,596 INFO  EvoClassLoader - Instrumenting class 'org.apache.hadoop.fs.PathIOException'.
2024-11-12 13:43:15,596 INFO  MethodCallReplacementClassAdapter - Adding mock interface to class org/apache/hadoop/fs/PathIOException
2024-11-12 13:43:15,597 INFO  CreateClassResetClassAdapter - Creating brand-new static initializer in class org/apache/hadoop/fs/PathIOException
2024-11-12 13:43:15,597 INFO  CreateClassResetClassAdapter - Adding bytecode for initializing field EIO
2024-11-12 13:43:15,597 INFO  EvoClassLoader - Keeping class: org.apache.hadoop.fs.PathIOException
2024-11-12 13:43:15,597 INFO  EvoClassLoader - Seeing class for first time: org.apache.hadoop.thirdparty.protobuf.DescriptorProtos$MethodOptions$1
2024-11-12 13:43:15,597 INFO  EvoClassLoader - Instrumenting class 'org.apache.hadoop.thirdparty.protobuf.DescriptorProtos$MethodOptions$1'.
2024-11-12 13:43:15,597 INFO  MethodCallReplacementClassAdapter - Adding mock interface to class org/apache/hadoop/thirdparty/protobuf/DescriptorProtos$MethodOptions$1
2024-11-12 13:43:15,597 INFO  EvoClassLoader - Keeping class: org.apache.hadoop.thirdparty.protobuf.DescriptorProtos$MethodOptions$1
2024-11-12 13:43:15,598 INFO  EvoClassLoader - Seeing class for first time: org.apache.hadoop.thirdparty.protobuf.RpcController
2024-11-12 13:43:15,598 INFO  EvoClassLoader - Instrumenting class 'org.apache.hadoop.thirdparty.protobuf.RpcController'.
2024-11-12 13:43:15,598 INFO  EvoClassLoader - Keeping class: org.apache.hadoop.thirdparty.protobuf.RpcController
2024-11-12 13:43:15,598 INFO  EvoClassLoader - Seeing class for first time: org.apache.hadoop.hdfs.qjournal.protocol.QJournalProtocolProtos$SegmentStateProto$Builder
2024-11-12 13:43:15,598 INFO  EvoClassLoader - Instrumenting class 'org.apache.hadoop.hdfs.qjournal.protocol.QJournalProtocolProtos$SegmentStateProto$Builder'.
2024-11-12 13:43:15,598 INFO  MethodCallReplacementClassAdapter - Adding mock interface to class org/apache/hadoop/hdfs/qjournal/protocol/QJournalProtocolProtos$SegmentStateProto$Builder
2024-11-12 13:43:15,599 INFO  CreateClassResetClassAdapter - Creating brand-new static initializer in class org/apache/hadoop/hdfs/qjournal/protocol/QJournalProtocolProtos$SegmentStateProto$Builder
2024-11-12 13:43:15,600 INFO  EvoClassLoader - Keeping class: org.apache.hadoop.hdfs.qjournal.protocol.QJournalProtocolProtos$SegmentStateProto$Builder
2024-11-12 13:43:15,600 INFO  EvoClassLoader - Seeing class for first time: org.apache.hadoop.hdfs.qjournal.protocol.QJournalProtocolProtos$GetJournalStateResponseProto
2024-11-12 13:43:15,600 INFO  EvoClassLoader - Instrumenting class 'org.apache.hadoop.hdfs.qjournal.protocol.QJournalProtocolProtos$GetJournalStateResponseProto'.
2024-11-12 13:43:15,600 INFO  MethodCallReplacementClassAdapter - Adding mock interface to class org/apache/hadoop/hdfs/qjournal/protocol/QJournalProtocolProtos$GetJournalStateResponseProto
2024-11-12 13:43:15,601 INFO  CreateClassResetClassAdapter - Found static initializer in class org/apache/hadoop/hdfs/qjournal/protocol/QJournalProtocolProtos$GetJournalStateResponseProto
2024-11-12 13:43:15,602 INFO  EvoClassLoader - Keeping class: org.apache.hadoop.hdfs.qjournal.protocol.QJournalProtocolProtos$GetJournalStateResponseProto
2024-11-12 13:43:15,602 INFO  EvoClassLoader - Seeing class for first time: org.apache.hadoop.hdfs.server.datanode.checker.StorageLocationChecker
2024-11-12 13:43:15,602 INFO  EvoClassLoader - Instrumenting class 'org.apache.hadoop.hdfs.server.datanode.checker.StorageLocationChecker'.
2024-11-12 13:43:15,602 INFO  MethodCallReplacementClassAdapter - Adding mock interface to class org/apache/hadoop/hdfs/server/datanode/checker/StorageLocationChecker
2024-11-12 13:43:15,603 INFO  CreateClassResetClassAdapter - Found static initializer in class org/apache/hadoop/hdfs/server/datanode/checker/StorageLocationChecker
2024-11-12 13:43:15,603 INFO  EvoClassLoader - Keeping class: org.apache.hadoop.hdfs.server.datanode.checker.StorageLocationChecker
2024-11-12 13:43:15,604 INFO  EvoClassLoader - Seeing class for first time: org.apache.hadoop.util.DiskChecker$DiskErrorException
2024-11-12 13:43:15,604 INFO  EvoClassLoader - Instrumenting class 'org.apache.hadoop.util.DiskChecker$DiskErrorException'.
2024-11-12 13:43:15,604 INFO  MethodCallReplacementClassAdapter - Adding mock interface to class org/apache/hadoop/util/DiskChecker$DiskErrorException
2024-11-12 13:43:15,604 INFO  CreateClassResetClassAdapter - Creating brand-new static initializer in class org/apache/hadoop/util/DiskChecker$DiskErrorException
2024-11-12 13:43:15,604 INFO  EvoClassLoader - Keeping class: org.apache.hadoop.util.DiskChecker$DiskErrorException
2024-11-12 13:43:15,605 INFO  EvoClassLoader - Seeing class for first time: org.apache.hadoop.hdfs.protocol.ErasureCodingPolicyInfo
2024-11-12 13:43:15,605 INFO  EvoClassLoader - Instrumenting class 'org.apache.hadoop.hdfs.protocol.ErasureCodingPolicyInfo'.
2024-11-12 13:43:15,605 INFO  MethodCallReplacementClassAdapter - Adding mock interface to class org/apache/hadoop/hdfs/protocol/ErasureCodingPolicyInfo
2024-11-12 13:43:15,605 INFO  CreateClassResetClassAdapter - Creating brand-new static initializer in class org/apache/hadoop/hdfs/protocol/ErasureCodingPolicyInfo
2024-11-12 13:43:15,606 INFO  EvoClassLoader - Keeping class: org.apache.hadoop.hdfs.protocol.ErasureCodingPolicyInfo
2024-11-12 13:43:15,606 INFO  EvoClassLoader - Seeing class for first time: org.apache.hadoop.crypto.key.KeyProvider
2024-11-12 13:43:15,606 INFO  EvoClassLoader - Instrumenting class 'org.apache.hadoop.crypto.key.KeyProvider'.
2024-11-12 13:43:15,606 INFO  MethodCallReplacementClassAdapter - Adding mock interface to class org/apache/hadoop/crypto/key/KeyProvider
2024-11-12 13:43:15,607 INFO  CreateClassResetClassAdapter - Creating brand-new static initializer in class org/apache/hadoop/crypto/key/KeyProvider
2024-11-12 13:43:15,607 INFO  CreateClassResetClassAdapter - Adding bytecode for initializing field DEFAULT_CIPHER_NAME
2024-11-12 13:43:15,607 INFO  CreateClassResetClassAdapter - Adding bytecode for initializing field DEFAULT_CIPHER
2024-11-12 13:43:15,607 INFO  CreateClassResetClassAdapter - Adding bytecode for initializing field DEFAULT_BITLENGTH_NAME
2024-11-12 13:43:15,607 INFO  CreateClassResetClassAdapter - Adding bytecode for initializing field DEFAULT_BITLENGTH
2024-11-12 13:43:15,607 INFO  CreateClassResetClassAdapter - Adding bytecode for initializing field JCEKS_KEY_SERIALFILTER_DEFAULT
2024-11-12 13:43:15,607 INFO  CreateClassResetClassAdapter - Adding bytecode for initializing field JCEKS_KEY_SERIAL_FILTER
2024-11-12 13:43:15,607 INFO  EvoClassLoader - Keeping class: org.apache.hadoop.crypto.key.KeyProvider
2024-11-12 13:43:15,608 INFO  EvoClassLoader - Seeing class for first time: org.bouncycastle.jce.provider.BouncyCastleProvider
2024-11-12 13:43:15,608 INFO  EvoClassLoader - Instrumenting class 'org.bouncycastle.jce.provider.BouncyCastleProvider'.
2024-11-12 13:43:15,608 INFO  MethodCallReplacementClassAdapter - Adding mock interface to class org/bouncycastle/jce/provider/BouncyCastleProvider
2024-11-12 13:43:15,609 INFO  CreateClassResetClassAdapter - Found static initializer in class org/bouncycastle/jce/provider/BouncyCastleProvider
2024-11-12 13:43:15,609 INFO  EvoClassLoader - Defined package (3): package org.bouncycastle.jce.provider, 1626108387
2024-11-12 13:43:15,610 INFO  EvoClassLoader - Seeing class for first time: org.bouncycastle.jcajce.provider.config.ConfigurableProvider
2024-11-12 13:43:15,610 INFO  EvoClassLoader - Instrumenting class 'org.bouncycastle.jcajce.provider.config.ConfigurableProvider'.
2024-11-12 13:43:15,610 INFO  EvoClassLoader - Defined package (3): package org.bouncycastle.jcajce.provider.config, 428989829
2024-11-12 13:43:15,610 INFO  EvoClassLoader - Keeping class: org.bouncycastle.jcajce.provider.config.ConfigurableProvider
2024-11-12 13:43:15,610 INFO  EvoClassLoader - Keeping class: org.bouncycastle.jce.provider.BouncyCastleProvider
2024-11-12 13:43:15,610 INFO  EvoClassLoader - Seeing class for first time: org.apache.hadoop.hdfs.qjournal.protocol.QJournalProtocolProtos$PrepareRecoveryResponseProto$1
2024-11-12 13:43:15,610 INFO  EvoClassLoader - Instrumenting class 'org.apache.hadoop.hdfs.qjournal.protocol.QJournalProtocolProtos$PrepareRecoveryResponseProto$1'.
2024-11-12 13:43:15,610 INFO  MethodCallReplacementClassAdapter - Adding mock interface to class org/apache/hadoop/hdfs/qjournal/protocol/QJournalProtocolProtos$PrepareRecoveryResponseProto$1
2024-11-12 13:43:15,611 INFO  EvoClassLoader - Keeping class: org.apache.hadoop.hdfs.qjournal.protocol.QJournalProtocolProtos$PrepareRecoveryResponseProto$1
2024-11-12 13:43:15,611 INFO  EvoClassLoader - Seeing class for first time: org.apache.hadoop.thirdparty.protobuf.DescriptorProtos
2024-11-12 13:43:15,611 INFO  EvoClassLoader - Instrumenting class 'org.apache.hadoop.thirdparty.protobuf.DescriptorProtos'.
2024-11-12 13:43:15,611 INFO  MethodCallReplacementClassAdapter - Adding mock interface to class org/apache/hadoop/thirdparty/protobuf/DescriptorProtos
2024-11-12 13:43:15,612 INFO  CreateClassResetClassAdapter - Found static initializer in class org/apache/hadoop/thirdparty/protobuf/DescriptorProtos
2024-11-12 13:43:15,613 INFO  EvoClassLoader - Keeping class: org.apache.hadoop.thirdparty.protobuf.DescriptorProtos
2024-11-12 13:43:15,614 INFO  EvoClassLoader - Seeing class for first time: org.apache.hadoop.thirdparty.protobuf.DescriptorProtos$ExtensionRangeOptionsOrBuilder
2024-11-12 13:43:15,614 INFO  EvoClassLoader - Instrumenting class 'org.apache.hadoop.thirdparty.protobuf.DescriptorProtos$ExtensionRangeOptionsOrBuilder'.
2024-11-12 13:43:15,614 INFO  EvoClassLoader - Keeping class: org.apache.hadoop.thirdparty.protobuf.DescriptorProtos$ExtensionRangeOptionsOrBuilder
2024-11-12 13:43:15,614 INFO  EvoClassLoader - Seeing class for first time: org.apache.hadoop.thirdparty.protobuf.DescriptorProtos$DescriptorProto$ExtensionRange$1
2024-11-12 13:43:15,614 INFO  EvoClassLoader - Instrumenting class 'org.apache.hadoop.thirdparty.protobuf.DescriptorProtos$DescriptorProto$ExtensionRange$1'.
2024-11-12 13:43:15,615 INFO  MethodCallReplacementClassAdapter - Adding mock interface to class org/apache/hadoop/thirdparty/protobuf/DescriptorProtos$DescriptorProto$ExtensionRange$1
2024-11-12 13:43:15,615 INFO  EvoClassLoader - Keeping class: org.apache.hadoop.thirdparty.protobuf.DescriptorProtos$DescriptorProto$ExtensionRange$1
2024-11-12 13:43:15,615 INFO  EvoClassLoader - Seeing class for first time: org.apache.hadoop.thirdparty.protobuf.DescriptorProtos$DescriptorProto$ExtensionRange$Builder
2024-11-12 13:43:15,615 INFO  EvoClassLoader - Instrumenting class 'org.apache.hadoop.thirdparty.protobuf.DescriptorProtos$DescriptorProto$ExtensionRange$Builder'.
2024-11-12 13:43:15,616 INFO  MethodCallReplacementClassAdapter - Adding mock interface to class org/apache/hadoop/thirdparty/protobuf/DescriptorProtos$DescriptorProto$ExtensionRange$Builder
2024-11-12 13:43:15,617 INFO  CreateClassResetClassAdapter - Creating brand-new static initializer in class org/apache/hadoop/thirdparty/protobuf/DescriptorProtos$DescriptorProto$ExtensionRange$Builder
2024-11-12 13:43:15,617 INFO  EvoClassLoader - Keeping class: org.apache.hadoop.thirdparty.protobuf.DescriptorProtos$DescriptorProto$ExtensionRange$Builder
2024-11-12 13:43:15,617 INFO  EvoClassLoader - Seeing class for first time: org.apache.hadoop.thirdparty.protobuf.DescriptorProtos$ExtensionRangeOptions
2024-11-12 13:43:15,617 INFO  EvoClassLoader - Instrumenting class 'org.apache.hadoop.thirdparty.protobuf.DescriptorProtos$ExtensionRangeOptions'.
2024-11-12 13:43:15,618 INFO  MethodCallReplacementClassAdapter - Adding mock interface to class org/apache/hadoop/thirdparty/protobuf/DescriptorProtos$ExtensionRangeOptions
2024-11-12 13:43:15,618 INFO  CreateClassResetClassAdapter - Found static initializer in class org/apache/hadoop/thirdparty/protobuf/DescriptorProtos$ExtensionRangeOptions
2024-11-12 13:43:15,618 INFO  EvoClassLoader - Keeping class: org.apache.hadoop.thirdparty.protobuf.DescriptorProtos$ExtensionRangeOptions
2024-11-12 13:43:15,620 INFO  EvoClassLoader - Seeing class for first time: org.apache.hadoop.thirdparty.protobuf.DescriptorProtos$FileOptions$OptimizeMode
2024-11-12 13:43:15,620 INFO  EvoClassLoader - Instrumenting class 'org.apache.hadoop.thirdparty.protobuf.DescriptorProtos$FileOptions$OptimizeMode'.
2024-11-12 13:43:15,620 INFO  MethodCallReplacementClassAdapter - Adding mock interface to class org/apache/hadoop/thirdparty/protobuf/DescriptorProtos$FileOptions$OptimizeMode
2024-11-12 13:43:15,621 INFO  CreateClassResetClassAdapter - Found static initializer in class org/apache/hadoop/thirdparty/protobuf/DescriptorProtos$FileOptions$OptimizeMode
2024-11-12 13:43:15,622 INFO  EvoClassLoader - Keeping class: org.apache.hadoop.thirdparty.protobuf.DescriptorProtos$FileOptions$OptimizeMode
2024-11-12 13:43:15,626 INFO  EvoClassLoader - Seeing class for first time: org.apache.hadoop.hdfs.DFSInotifyEventInputStream
2024-11-12 13:43:15,626 INFO  EvoClassLoader - Instrumenting class 'org.apache.hadoop.hdfs.DFSInotifyEventInputStream'.
2024-11-12 13:43:15,627 INFO  MethodCallReplacementClassAdapter - Adding mock interface to class org/apache/hadoop/hdfs/DFSInotifyEventInputStream
2024-11-12 13:43:15,628 INFO  CreateClassResetClassAdapter - Found static initializer in class org/apache/hadoop/hdfs/DFSInotifyEventInputStream
2024-11-12 13:43:15,628 INFO  EvoClassLoader - Keeping class: org.apache.hadoop.hdfs.DFSInotifyEventInputStream
2024-11-12 13:43:15,629 INFO  EvoClassLoader - Seeing class for first time: org.apache.hadoop.hdfs.inotify.MissingEventsException
2024-11-12 13:43:15,629 INFO  EvoClassLoader - Instrumenting class 'org.apache.hadoop.hdfs.inotify.MissingEventsException'.
2024-11-12 13:43:15,629 INFO  MethodCallReplacementClassAdapter - Adding mock interface to class org/apache/hadoop/hdfs/inotify/MissingEventsException
2024-11-12 13:43:15,629 INFO  CreateClassResetClassAdapter - Creating brand-new static initializer in class org/apache/hadoop/hdfs/inotify/MissingEventsException
2024-11-12 13:43:15,629 INFO  EvoClassLoader - Defined package (3): package org.apache.hadoop.hdfs.inotify, 693802656
2024-11-12 13:43:15,630 INFO  EvoClassLoader - Keeping class: org.apache.hadoop.hdfs.inotify.MissingEventsException
2024-11-12 13:43:15,630 INFO  EvoClassLoader - Seeing class for first time: org.apache.hadoop.fs.ChecksumFileSystem$ChecksumFSOutputSummer
2024-11-12 13:43:15,630 INFO  EvoClassLoader - Instrumenting class 'org.apache.hadoop.fs.ChecksumFileSystem$ChecksumFSOutputSummer'.
2024-11-12 13:43:15,630 INFO  MethodCallReplacementClassAdapter - Adding mock interface to class org/apache/hadoop/fs/ChecksumFileSystem$ChecksumFSOutputSummer
2024-11-12 13:43:15,631 INFO  CreateClassResetClassAdapter - Creating brand-new static initializer in class org/apache/hadoop/fs/ChecksumFileSystem$ChecksumFSOutputSummer
2024-11-12 13:43:15,631 INFO  CreateClassResetClassAdapter - Adding bytecode for initializing field CHKSUM_AS_FRACTION
2024-11-12 13:43:15,633 INFO  EvoClassLoader - Keeping class: org.apache.hadoop.fs.ChecksumFileSystem$ChecksumFSOutputSummer
2024-11-12 13:43:15,633 INFO  EvoClassLoader - Seeing class for first time: org.apache.hadoop.hdfs.protocol.LastBlockWithStatus
2024-11-12 13:43:15,633 INFO  EvoClassLoader - Instrumenting class 'org.apache.hadoop.hdfs.protocol.LastBlockWithStatus'.
2024-11-12 13:43:15,633 INFO  MethodCallReplacementClassAdapter - Adding mock interface to class org/apache/hadoop/hdfs/protocol/LastBlockWithStatus
2024-11-12 13:43:15,634 INFO  CreateClassResetClassAdapter - Creating brand-new static initializer in class org/apache/hadoop/hdfs/protocol/LastBlockWithStatus
2024-11-12 13:43:15,634 INFO  EvoClassLoader - Keeping class: org.apache.hadoop.hdfs.protocol.LastBlockWithStatus
2024-11-12 13:43:15,634 INFO  EvoClassLoader - Seeing class for first time: org.apache.hadoop.thirdparty.protobuf.ByteString$Output
2024-11-12 13:43:15,634 INFO  EvoClassLoader - Instrumenting class 'org.apache.hadoop.thirdparty.protobuf.ByteString$Output'.
2024-11-12 13:43:15,635 INFO  MethodCallReplacementClassAdapter - Adding mock interface to class org/apache/hadoop/thirdparty/protobuf/ByteString$Output
2024-11-12 13:43:15,635 INFO  CreateClassResetClassAdapter - Found static initializer in class org/apache/hadoop/thirdparty/protobuf/ByteString$Output
2024-11-12 13:43:15,636 INFO  EvoClassLoader - Keeping class: org.apache.hadoop.thirdparty.protobuf.ByteString$Output
2024-11-12 13:43:15,636 INFO  EvoClassLoader - Seeing class for first time: org.apache.hadoop.util.Shell$OSType
2024-11-12 13:43:15,636 INFO  EvoClassLoader - Instrumenting class 'org.apache.hadoop.util.Shell$OSType'.
2024-11-12 13:43:15,636 INFO  MethodCallReplacementClassAdapter - Adding mock interface to class org/apache/hadoop/util/Shell$OSType
2024-11-12 13:43:15,636 INFO  CreateClassResetClassAdapter - Found static initializer in class org/apache/hadoop/util/Shell$OSType
2024-11-12 13:43:15,636 INFO  EvoClassLoader - Keeping class: org.apache.hadoop.util.Shell$OSType
2024-11-12 13:43:15,636 INFO  EvoClassLoader - Seeing class for first time: org.apache.hadoop.thirdparty.protobuf.MapEntry
2024-11-12 13:43:15,636 INFO  EvoClassLoader - Instrumenting class 'org.apache.hadoop.thirdparty.protobuf.MapEntry'.
2024-11-12 13:43:15,637 INFO  MethodCallReplacementClassAdapter - Adding mock interface to class org/apache/hadoop/thirdparty/protobuf/MapEntry
2024-11-12 13:43:15,638 INFO  CreateClassResetClassAdapter - Creating brand-new static initializer in class org/apache/hadoop/thirdparty/protobuf/MapEntry
2024-11-12 13:43:15,638 INFO  EvoClassLoader - Keeping class: org.apache.hadoop.thirdparty.protobuf.MapEntry
2024-11-12 13:43:15,639 INFO  EvoClassLoader - Seeing class for first time: org.apache.hadoop.hdfs.server.datanode.ShortCircuitRegistry
2024-11-12 13:43:15,639 INFO  EvoClassLoader - Instrumenting class 'org.apache.hadoop.hdfs.server.datanode.ShortCircuitRegistry'.
2024-11-12 13:43:15,639 INFO  MethodCallReplacementClassAdapter - Adding mock interface to class org/apache/hadoop/hdfs/server/datanode/ShortCircuitRegistry
2024-11-12 13:43:15,640 INFO  CreateClassResetClassAdapter - Found static initializer in class org/apache/hadoop/hdfs/server/datanode/ShortCircuitRegistry
2024-11-12 13:43:15,641 INFO  EvoClassLoader - Keeping class: org.apache.hadoop.hdfs.server.datanode.ShortCircuitRegistry
2024-11-12 13:43:15,641 INFO  EvoClassLoader - Seeing class for first time: org.apache.hadoop.net.unix.DomainSocketWatcher$Handler
2024-11-12 13:43:15,641 INFO  EvoClassLoader - Instrumenting class 'org.apache.hadoop.net.unix.DomainSocketWatcher$Handler'.
2024-11-12 13:43:15,641 INFO  EvoClassLoader - Defined package (3): package org.apache.hadoop.net.unix, 1490252940
2024-11-12 13:43:15,641 INFO  EvoClassLoader - Keeping class: org.apache.hadoop.net.unix.DomainSocketWatcher$Handler
2024-11-12 13:43:15,641 INFO  EvoClassLoader - Seeing class for first time: org.apache.hadoop.fs.InvalidRequestException
2024-11-12 13:43:15,641 INFO  EvoClassLoader - Instrumenting class 'org.apache.hadoop.fs.InvalidRequestException'.
2024-11-12 13:43:15,642 INFO  MethodCallReplacementClassAdapter - Adding mock interface to class org/apache/hadoop/fs/InvalidRequestException
2024-11-12 13:43:15,642 INFO  CreateClassResetClassAdapter - Creating brand-new static initializer in class org/apache/hadoop/fs/InvalidRequestException
2024-11-12 13:43:15,642 INFO  EvoClassLoader - Keeping class: org.apache.hadoop.fs.InvalidRequestException
2024-11-12 13:43:15,643 INFO  EvoClassLoader - Seeing class for first time: org.apache.hadoop.fs.LeaseRecoverable
2024-11-12 13:43:15,643 INFO  EvoClassLoader - Instrumenting class 'org.apache.hadoop.fs.LeaseRecoverable'.
2024-11-12 13:43:15,643 INFO  EvoClassLoader - Keeping class: org.apache.hadoop.fs.LeaseRecoverable
2024-11-12 13:43:15,643 INFO  EvoClassLoader - Seeing class for first time: org.apache.hadoop.hdfs.protocol.proto.HdfsServerProtos$NNHAStatusHeartbeatProto$State
2024-11-12 13:43:15,643 INFO  EvoClassLoader - Instrumenting class 'org.apache.hadoop.hdfs.protocol.proto.HdfsServerProtos$NNHAStatusHeartbeatProto$State'.
2024-11-12 13:43:15,644 INFO  MethodCallReplacementClassAdapter - Adding mock interface to class org/apache/hadoop/hdfs/protocol/proto/HdfsServerProtos$NNHAStatusHeartbeatProto$State
2024-11-12 13:43:15,644 INFO  CreateClassResetClassAdapter - Found static initializer in class org/apache/hadoop/hdfs/protocol/proto/HdfsServerProtos$NNHAStatusHeartbeatProto$State
2024-11-12 13:43:15,644 INFO  EvoClassLoader - Keeping class: org.apache.hadoop.hdfs.protocol.proto.HdfsServerProtos$NNHAStatusHeartbeatProto$State
2024-11-12 13:43:15,644 INFO  EvoClassLoader - Seeing class for first time: org.apache.hadoop.hdfs.protocol.proto.HdfsServerProtos$NNHAStatusHeartbeatProto$State$1
2024-11-12 13:43:15,644 INFO  EvoClassLoader - Instrumenting class 'org.apache.hadoop.hdfs.protocol.proto.HdfsServerProtos$NNHAStatusHeartbeatProto$State$1'.
2024-11-12 13:43:15,645 INFO  MethodCallReplacementClassAdapter - Adding mock interface to class org/apache/hadoop/hdfs/protocol/proto/HdfsServerProtos$NNHAStatusHeartbeatProto$State$1
2024-11-12 13:43:15,645 INFO  EvoClassLoader - Keeping class: org.apache.hadoop.hdfs.protocol.proto.HdfsServerProtos$NNHAStatusHeartbeatProto$State$1
2024-11-12 13:43:15,645 INFO  EvoClassLoader - Seeing class for first time: org.apache.hadoop.classification.InterfaceStability$Stable
2024-11-12 13:43:15,645 INFO  EvoClassLoader - Instrumenting class 'org.apache.hadoop.classification.InterfaceStability$Stable'.
2024-11-12 13:43:15,645 INFO  EvoClassLoader - Keeping class: org.apache.hadoop.classification.InterfaceStability$Stable
2024-11-12 13:43:15,645 INFO  EvoClassLoader - Seeing class for first time: org.apache.hadoop.thirdparty.com.google.common.cache.LoadingCache
2024-11-12 13:43:15,645 INFO  EvoClassLoader - Instrumenting class 'org.apache.hadoop.thirdparty.com.google.common.cache.LoadingCache'.
2024-11-12 13:43:15,646 INFO  EvoClassLoader - Keeping class: org.apache.hadoop.thirdparty.com.google.common.cache.LoadingCache
2024-11-12 13:43:15,646 INFO  EvoClassLoader - Seeing class for first time: org.apache.hadoop.thirdparty.protobuf.DescriptorProtos$ServiceOptions$1
2024-11-12 13:43:15,646 INFO  EvoClassLoader - Instrumenting class 'org.apache.hadoop.thirdparty.protobuf.DescriptorProtos$ServiceOptions$1'.
2024-11-12 13:43:15,646 INFO  MethodCallReplacementClassAdapter - Adding mock interface to class org/apache/hadoop/thirdparty/protobuf/DescriptorProtos$ServiceOptions$1
2024-11-12 13:43:15,646 INFO  EvoClassLoader - Keeping class: org.apache.hadoop.thirdparty.protobuf.DescriptorProtos$ServiceOptions$1
2024-11-12 13:43:15,646 INFO  EvoClassLoader - Seeing class for first time: org.apache.commons.cli.UnrecognizedOptionException
2024-11-12 13:43:15,646 INFO  EvoClassLoader - Instrumenting class 'org.apache.commons.cli.UnrecognizedOptionException'.
2024-11-12 13:43:15,647 INFO  MethodCallReplacementClassAdapter - Adding mock interface to class org/apache/commons/cli/UnrecognizedOptionException
2024-11-12 13:43:15,647 INFO  CreateClassResetClassAdapter - Creating brand-new static initializer in class org/apache/commons/cli/UnrecognizedOptionException
2024-11-12 13:43:15,647 INFO  EvoClassLoader - Keeping class: org.apache.commons.cli.UnrecognizedOptionException
2024-11-12 13:43:15,647 INFO  EvoClassLoader - Seeing class for first time: org.apache.hadoop.thirdparty.protobuf.Method$Builder
2024-11-12 13:43:15,647 INFO  EvoClassLoader - Instrumenting class 'org.apache.hadoop.thirdparty.protobuf.Method$Builder'.
2024-11-12 13:43:15,647 INFO  MethodCallReplacementClassAdapter - Adding mock interface to class org/apache/hadoop/thirdparty/protobuf/Method$Builder
2024-11-12 13:43:15,648 INFO  CreateClassResetClassAdapter - Creating brand-new static initializer in class org/apache/hadoop/thirdparty/protobuf/Method$Builder
2024-11-12 13:43:15,649 INFO  EvoClassLoader - Keeping class: org.apache.hadoop.thirdparty.protobuf.Method$Builder
2024-11-12 13:43:15,649 INFO  EvoClassLoader - Seeing class for first time: org.apache.hadoop.thirdparty.protobuf.Option
2024-11-12 13:43:15,649 INFO  EvoClassLoader - Instrumenting class 'org.apache.hadoop.thirdparty.protobuf.Option'.
2024-11-12 13:43:15,649 INFO  MethodCallReplacementClassAdapter - Adding mock interface to class org/apache/hadoop/thirdparty/protobuf/Option
2024-11-12 13:43:15,650 INFO  CreateClassResetClassAdapter - Found static initializer in class org/apache/hadoop/thirdparty/protobuf/Option
2024-11-12 13:43:15,650 INFO  EvoClassLoader - Keeping class: org.apache.hadoop.thirdparty.protobuf.Option
2024-11-12 13:43:15,651 INFO  EvoClassLoader - Seeing class for first time: org.apache.hadoop.hdfs.server.datanode.DirectoryScanner
2024-11-12 13:43:15,651 INFO  EvoClassLoader - Instrumenting class 'org.apache.hadoop.hdfs.server.datanode.DirectoryScanner'.
2024-11-12 13:43:15,651 INFO  MethodCallReplacementClassAdapter - Adding mock interface to class org/apache/hadoop/hdfs/server/datanode/DirectoryScanner
2024-11-12 13:43:15,652 INFO  CreateClassResetClassAdapter - Found static initializer in class org/apache/hadoop/hdfs/server/datanode/DirectoryScanner
2024-11-12 13:43:15,653 INFO  EvoClassLoader - Keeping class: org.apache.hadoop.hdfs.server.datanode.DirectoryScanner
2024-11-12 13:43:15,653 INFO  EvoClassLoader - Seeing class for first time: org.apache.hadoop.thirdparty.protobuf.SmallSortedMap$EntrySet
2024-11-12 13:43:15,653 INFO  EvoClassLoader - Instrumenting class 'org.apache.hadoop.thirdparty.protobuf.SmallSortedMap$EntrySet'.
2024-11-12 13:43:15,653 INFO  MethodCallReplacementClassAdapter - Adding mock interface to class org/apache/hadoop/thirdparty/protobuf/SmallSortedMap$EntrySet
2024-11-12 13:43:15,654 INFO  CreateClassResetClassAdapter - Creating brand-new static initializer in class org/apache/hadoop/thirdparty/protobuf/SmallSortedMap$EntrySet
2024-11-12 13:43:15,654 INFO  EvoClassLoader - Keeping class: org.apache.hadoop.thirdparty.protobuf.SmallSortedMap$EntrySet
2024-11-12 13:43:15,654 INFO  EvoClassLoader - Seeing class for first time: org.eclipse.jetty.util.component.Destroyable
2024-11-12 13:43:15,654 INFO  EvoClassLoader - Instrumenting class 'org.eclipse.jetty.util.component.Destroyable'.
2024-11-12 13:43:15,654 INFO  EvoClassLoader - Keeping class: org.eclipse.jetty.util.component.Destroyable
2024-11-12 13:43:15,655 INFO  EvoClassLoader - Seeing class for first time: org.apache.hadoop.thirdparty.protobuf.DescriptorProtos$ExtensionRangeOptions$1
2024-11-12 13:43:15,655 INFO  EvoClassLoader - Instrumenting class 'org.apache.hadoop.thirdparty.protobuf.DescriptorProtos$ExtensionRangeOptions$1'.
2024-11-12 13:43:15,655 INFO  MethodCallReplacementClassAdapter - Adding mock interface to class org/apache/hadoop/thirdparty/protobuf/DescriptorProtos$ExtensionRangeOptions$1
2024-11-12 13:43:15,655 INFO  EvoClassLoader - Keeping class: org.apache.hadoop.thirdparty.protobuf.DescriptorProtos$ExtensionRangeOptions$1
2024-11-12 13:43:15,655 INFO  EvoClassLoader - Seeing class for first time: org.apache.hadoop.fs.MultipartUploaderBuilder
2024-11-12 13:43:15,655 INFO  EvoClassLoader - Instrumenting class 'org.apache.hadoop.fs.MultipartUploaderBuilder'.
2024-11-12 13:43:15,656 INFO  EvoClassLoader - Keeping class: org.apache.hadoop.fs.MultipartUploaderBuilder
2024-11-12 13:43:15,656 INFO  EvoClassLoader - Seeing class for first time: org.apache.hadoop.thirdparty.protobuf.GeneratedMessageV3$ExtendableMessage$ExtensionWriter
2024-11-12 13:43:15,656 INFO  EvoClassLoader - Instrumenting class 'org.apache.hadoop.thirdparty.protobuf.GeneratedMessageV3$ExtendableMessage$ExtensionWriter'.
2024-11-12 13:43:15,656 INFO  MethodCallReplacementClassAdapter - Adding mock interface to class org/apache/hadoop/thirdparty/protobuf/GeneratedMessageV3$ExtendableMessage$ExtensionWriter
2024-11-12 13:43:15,656 INFO  CreateClassResetClassAdapter - Creating brand-new static initializer in class org/apache/hadoop/thirdparty/protobuf/GeneratedMessageV3$ExtendableMessage$ExtensionWriter
2024-11-12 13:43:15,656 INFO  EvoClassLoader - Keeping class: org.apache.hadoop.thirdparty.protobuf.GeneratedMessageV3$ExtendableMessage$ExtensionWriter
2024-11-12 13:43:15,657 INFO  EvoClassLoader - Seeing class for first time: org.apache.hadoop.hdfs.protocol.proto.HdfsServerProtos$RemoteEditLogManifestProtoOrBuilder
2024-11-12 13:43:15,657 INFO  EvoClassLoader - Instrumenting class 'org.apache.hadoop.hdfs.protocol.proto.HdfsServerProtos$RemoteEditLogManifestProtoOrBuilder'.
2024-11-12 13:43:15,657 INFO  EvoClassLoader - Keeping class: org.apache.hadoop.hdfs.protocol.proto.HdfsServerProtos$RemoteEditLogManifestProtoOrBuilder
2024-11-12 13:43:15,657 INFO  EvoClassLoader - Seeing class for first time: org.apache.hadoop.hdfs.protocol.proto.HdfsServerProtos$RecoveringBlockProtoOrBuilder
2024-11-12 13:43:15,657 INFO  EvoClassLoader - Instrumenting class 'org.apache.hadoop.hdfs.protocol.proto.HdfsServerProtos$RecoveringBlockProtoOrBuilder'.
2024-11-12 13:43:15,657 INFO  EvoClassLoader - Keeping class: org.apache.hadoop.hdfs.protocol.proto.HdfsServerProtos$RecoveringBlockProtoOrBuilder
2024-11-12 13:43:15,657 INFO  EvoClassLoader - Seeing class for first time: org.apache.hadoop.thirdparty.protobuf.GeneratedMessageV3$FieldAccessorTable$SingularStringFieldAccessor
2024-11-12 13:43:15,657 INFO  EvoClassLoader - Instrumenting class 'org.apache.hadoop.thirdparty.protobuf.GeneratedMessageV3$FieldAccessorTable$SingularStringFieldAccessor'.
2024-11-12 13:43:15,657 INFO  MethodCallReplacementClassAdapter - Adding mock interface to class org/apache/hadoop/thirdparty/protobuf/GeneratedMessageV3$FieldAccessorTable$SingularStringFieldAccessor
2024-11-12 13:43:15,657 INFO  CreateClassResetClassAdapter - Creating brand-new static initializer in class org/apache/hadoop/thirdparty/protobuf/GeneratedMessageV3$FieldAccessorTable$SingularStringFieldAccessor
2024-11-12 13:43:15,658 INFO  EvoClassLoader - Keeping class: org.apache.hadoop.thirdparty.protobuf.GeneratedMessageV3$FieldAccessorTable$SingularStringFieldAccessor
2024-11-12 13:43:15,658 INFO  EvoClassLoader - Seeing class for first time: org.apache.hadoop.hdfs.protocol.proto.HdfsServerProtos$RemoteEditLogManifestProto$1
2024-11-12 13:43:15,658 INFO  EvoClassLoader - Instrumenting class 'org.apache.hadoop.hdfs.protocol.proto.HdfsServerProtos$RemoteEditLogManifestProto$1'.
2024-11-12 13:43:15,658 INFO  MethodCallReplacementClassAdapter - Adding mock interface to class org/apache/hadoop/hdfs/protocol/proto/HdfsServerProtos$RemoteEditLogManifestProto$1
2024-11-12 13:43:15,658 INFO  EvoClassLoader - Keeping class: org.apache.hadoop.hdfs.protocol.proto.HdfsServerProtos$RemoteEditLogManifestProto$1
2024-11-12 13:43:15,658 INFO  EvoClassLoader - Seeing class for first time: org.apache.hadoop.hdfs.qjournal.protocol.QJournalProtocolProtos$GetJournalCTimeRequestProto
2024-11-12 13:43:15,658 INFO  EvoClassLoader - Instrumenting class 'org.apache.hadoop.hdfs.qjournal.protocol.QJournalProtocolProtos$GetJournalCTimeRequestProto'.
2024-11-12 13:43:15,658 INFO  MethodCallReplacementClassAdapter - Adding mock interface to class org/apache/hadoop/hdfs/qjournal/protocol/QJournalProtocolProtos$GetJournalCTimeRequestProto
2024-11-12 13:43:15,659 INFO  CreateClassResetClassAdapter - Found static initializer in class org/apache/hadoop/hdfs/qjournal/protocol/QJournalProtocolProtos$GetJournalCTimeRequestProto
2024-11-12 13:43:15,659 INFO  EvoClassLoader - Keeping class: org.apache.hadoop.hdfs.qjournal.protocol.QJournalProtocolProtos$GetJournalCTimeRequestProto
2024-11-12 13:43:15,660 INFO  EvoClassLoader - Seeing class for first time: org.apache.hadoop.fs.impl.OpenFileParameters
2024-11-12 13:43:15,660 INFO  EvoClassLoader - Instrumenting class 'org.apache.hadoop.fs.impl.OpenFileParameters'.
2024-11-12 13:43:15,660 INFO  MethodCallReplacementClassAdapter - Adding mock interface to class org/apache/hadoop/fs/impl/OpenFileParameters
2024-11-12 13:43:15,660 INFO  CreateClassResetClassAdapter - Creating brand-new static initializer in class org/apache/hadoop/fs/impl/OpenFileParameters
2024-11-12 13:43:15,661 INFO  EvoClassLoader - Keeping class: org.apache.hadoop.fs.impl.OpenFileParameters
2024-11-12 13:43:15,661 INFO  EvoClassLoader - Seeing class for first time: org.apache.hadoop.hdfs.qjournal.protocol.QJournalProtocolProtos$RequestInfoProto$Builder
2024-11-12 13:43:15,661 INFO  EvoClassLoader - Instrumenting class 'org.apache.hadoop.hdfs.qjournal.protocol.QJournalProtocolProtos$RequestInfoProto$Builder'.
2024-11-12 13:43:15,661 INFO  MethodCallReplacementClassAdapter - Adding mock interface to class org/apache/hadoop/hdfs/qjournal/protocol/QJournalProtocolProtos$RequestInfoProto$Builder
2024-11-12 13:43:15,662 INFO  CreateClassResetClassAdapter - Creating brand-new static initializer in class org/apache/hadoop/hdfs/qjournal/protocol/QJournalProtocolProtos$RequestInfoProto$Builder
2024-11-12 13:43:15,664 INFO  EvoClassLoader - Keeping class: org.apache.hadoop.hdfs.qjournal.protocol.QJournalProtocolProtos$RequestInfoProto$Builder
2024-11-12 13:43:15,664 INFO  EvoClassLoader - Seeing class for first time: org.apache.hadoop.hdfs.qjournal.protocol.QJournalProtocolProtos$DoUpgradeRequestProto$Builder
2024-11-12 13:43:15,664 INFO  EvoClassLoader - Instrumenting class 'org.apache.hadoop.hdfs.qjournal.protocol.QJournalProtocolProtos$DoUpgradeRequestProto$Builder'.
2024-11-12 13:43:15,665 INFO  MethodCallReplacementClassAdapter - Adding mock interface to class org/apache/hadoop/hdfs/qjournal/protocol/QJournalProtocolProtos$DoUpgradeRequestProto$Builder
2024-11-12 13:43:15,666 INFO  CreateClassResetClassAdapter - Creating brand-new static initializer in class org/apache/hadoop/hdfs/qjournal/protocol/QJournalProtocolProtos$DoUpgradeRequestProto$Builder
2024-11-12 13:43:15,667 INFO  EvoClassLoader - Keeping class: org.apache.hadoop.hdfs.qjournal.protocol.QJournalProtocolProtos$DoUpgradeRequestProto$Builder
2024-11-12 13:43:15,668 INFO  EvoClassLoader - Seeing class for first time: org.apache.hadoop.hdfs.qjournal.protocol.QJournalProtocolProtos$FinalizeLogSegmentRequestProto$Builder
2024-11-12 13:43:15,668 INFO  EvoClassLoader - Instrumenting class 'org.apache.hadoop.hdfs.qjournal.protocol.QJournalProtocolProtos$FinalizeLogSegmentRequestProto$Builder'.
2024-11-12 13:43:15,668 INFO  MethodCallReplacementClassAdapter - Adding mock interface to class org/apache/hadoop/hdfs/qjournal/protocol/QJournalProtocolProtos$FinalizeLogSegmentRequestProto$Builder
2024-11-12 13:43:15,669 INFO  CreateClassResetClassAdapter - Creating brand-new static initializer in class org/apache/hadoop/hdfs/qjournal/protocol/QJournalProtocolProtos$FinalizeLogSegmentRequestProto$Builder
2024-11-12 13:43:15,670 INFO  EvoClassLoader - Keeping class: org.apache.hadoop.hdfs.qjournal.protocol.QJournalProtocolProtos$FinalizeLogSegmentRequestProto$Builder
2024-11-12 13:43:15,671 INFO  EvoClassLoader - Seeing class for first time: org.apache.hadoop.hdfs.protocol.proto.DatanodeProtocolProtos$RegisterCommandProto$Builder
2024-11-12 13:43:15,671 INFO  EvoClassLoader - Instrumenting class 'org.apache.hadoop.hdfs.protocol.proto.DatanodeProtocolProtos$RegisterCommandProto$Builder'.
2024-11-12 13:43:15,671 INFO  MethodCallReplacementClassAdapter - Adding mock interface to class org/apache/hadoop/hdfs/protocol/proto/DatanodeProtocolProtos$RegisterCommandProto$Builder
2024-11-12 13:43:15,672 INFO  CreateClassResetClassAdapter - Creating brand-new static initializer in class org/apache/hadoop/hdfs/protocol/proto/DatanodeProtocolProtos$RegisterCommandProto$Builder
2024-11-12 13:43:15,672 INFO  EvoClassLoader - Keeping class: org.apache.hadoop.hdfs.protocol.proto.DatanodeProtocolProtos$RegisterCommandProto$Builder
2024-11-12 13:43:15,672 INFO  EvoClassLoader - Seeing class for first time: org.apache.hadoop.hdfs.net.DomainPeerServer
2024-11-12 13:43:15,672 INFO  EvoClassLoader - Instrumenting class 'org.apache.hadoop.hdfs.net.DomainPeerServer'.
2024-11-12 13:43:15,673 INFO  MethodCallReplacementClassAdapter - Adding mock interface to class org/apache/hadoop/hdfs/net/DomainPeerServer
2024-11-12 13:43:15,673 INFO  CreateClassResetClassAdapter - Found static initializer in class org/apache/hadoop/hdfs/net/DomainPeerServer
2024-11-12 13:43:15,673 INFO  EvoClassLoader - Keeping class: org.apache.hadoop.hdfs.net.DomainPeerServer
2024-11-12 13:43:15,674 INFO  EvoClassLoader - Seeing class for first time: org.apache.hadoop.hdfs.protocol.CachePoolInfo
2024-11-12 13:43:15,674 INFO  EvoClassLoader - Instrumenting class 'org.apache.hadoop.hdfs.protocol.CachePoolInfo'.
2024-11-12 13:43:15,674 INFO  MethodCallReplacementClassAdapter - Adding mock interface to class org/apache/hadoop/hdfs/protocol/CachePoolInfo
2024-11-12 13:43:15,674 INFO  CreateClassResetClassAdapter - Creating brand-new static initializer in class org/apache/hadoop/hdfs/protocol/CachePoolInfo
2024-11-12 13:43:15,674 INFO  CreateClassResetClassAdapter - Adding bytecode for initializing field RELATIVE_EXPIRY_NEVER
2024-11-12 13:43:15,674 INFO  CreateClassResetClassAdapter - Adding bytecode for initializing field DEFAULT_MAX_RELATIVE_EXPIRY
2024-11-12 13:43:15,674 INFO  CreateClassResetClassAdapter - Adding bytecode for initializing field LIMIT_UNLIMITED
2024-11-12 13:43:15,674 INFO  CreateClassResetClassAdapter - Adding bytecode for initializing field DEFAULT_LIMIT
2024-11-12 13:43:15,674 INFO  CreateClassResetClassAdapter - Adding bytecode for initializing field DEFAULT_REPLICATION_NUM
2024-11-12 13:43:15,675 INFO  EvoClassLoader - Keeping class: org.apache.hadoop.hdfs.protocol.CachePoolInfo
2024-11-12 13:43:15,675 INFO  EvoClassLoader - Seeing class for first time: org.apache.hadoop.hdfs.qjournal.protocol.QJournalProtocolProtos$NewEpochResponseProto
2024-11-12 13:43:15,675 INFO  EvoClassLoader - Instrumenting class 'org.apache.hadoop.hdfs.qjournal.protocol.QJournalProtocolProtos$NewEpochResponseProto'.
2024-11-12 13:43:15,675 INFO  MethodCallReplacementClassAdapter - Adding mock interface to class org/apache/hadoop/hdfs/qjournal/protocol/QJournalProtocolProtos$NewEpochResponseProto
2024-11-12 13:43:15,676 INFO  CreateClassResetClassAdapter - Found static initializer in class org/apache/hadoop/hdfs/qjournal/protocol/QJournalProtocolProtos$NewEpochResponseProto
2024-11-12 13:43:15,677 INFO  EvoClassLoader - Keeping class: org.apache.hadoop.hdfs.qjournal.protocol.QJournalProtocolProtos$NewEpochResponseProto
2024-11-12 13:43:15,677 INFO  EvoClassLoader - Seeing class for first time: org.apache.hadoop.hdfs.qjournal.protocol.QJournalProtocolProtos$NewEpochResponseProto$1
2024-11-12 13:43:15,677 INFO  EvoClassLoader - Instrumenting class 'org.apache.hadoop.hdfs.qjournal.protocol.QJournalProtocolProtos$NewEpochResponseProto$1'.
2024-11-12 13:43:15,678 INFO  MethodCallReplacementClassAdapter - Adding mock interface to class org/apache/hadoop/hdfs/qjournal/protocol/QJournalProtocolProtos$NewEpochResponseProto$1
2024-11-12 13:43:15,678 INFO  EvoClassLoader - Keeping class: org.apache.hadoop.hdfs.qjournal.protocol.QJournalProtocolProtos$NewEpochResponseProto$1
2024-11-12 13:43:15,679 INFO  EvoClassLoader - Seeing class for first time: org.apache.hadoop.util.Progressable
2024-11-12 13:43:15,679 INFO  EvoClassLoader - Instrumenting class 'org.apache.hadoop.util.Progressable'.
2024-11-12 13:43:15,679 INFO  EvoClassLoader - Keeping class: org.apache.hadoop.util.Progressable
2024-11-12 13:43:15,679 INFO  EvoClassLoader - Seeing class for first time: org.apache.hadoop.hdfs.qjournal.protocol.QJournalProtocolProtos$DoPreUpgradeRequestProto$Builder
2024-11-12 13:43:15,679 INFO  EvoClassLoader - Instrumenting class 'org.apache.hadoop.hdfs.qjournal.protocol.QJournalProtocolProtos$DoPreUpgradeRequestProto$Builder'.
2024-11-12 13:43:15,679 INFO  MethodCallReplacementClassAdapter - Adding mock interface to class org/apache/hadoop/hdfs/qjournal/protocol/QJournalProtocolProtos$DoPreUpgradeRequestProto$Builder
2024-11-12 13:43:15,680 INFO  CreateClassResetClassAdapter - Creating brand-new static initializer in class org/apache/hadoop/hdfs/qjournal/protocol/QJournalProtocolProtos$DoPreUpgradeRequestProto$Builder
2024-11-12 13:43:15,681 INFO  EvoClassLoader - Keeping class: org.apache.hadoop.hdfs.qjournal.protocol.QJournalProtocolProtos$DoPreUpgradeRequestProto$Builder
2024-11-12 13:43:15,681 INFO  EvoClassLoader - Seeing class for first time: org.eclipse.jetty.util.component.ContainerLifeCycle$Bean
2024-11-12 13:43:15,681 INFO  EvoClassLoader - Instrumenting class 'org.eclipse.jetty.util.component.ContainerLifeCycle$Bean'.
2024-11-12 13:43:15,682 INFO  MethodCallReplacementClassAdapter - Adding mock interface to class org/eclipse/jetty/util/component/ContainerLifeCycle$Bean
2024-11-12 13:43:15,682 INFO  CreateClassResetClassAdapter - Creating brand-new static initializer in class org/eclipse/jetty/util/component/ContainerLifeCycle$Bean
2024-11-12 13:43:15,683 INFO  EvoClassLoader - Keeping class: org.eclipse.jetty.util.component.ContainerLifeCycle$Bean
2024-11-12 13:43:15,683 INFO  EvoClassLoader - Seeing class for first time: org.apache.hadoop.io.LongWritable
2024-11-12 13:43:15,683 INFO  EvoClassLoader - Instrumenting class 'org.apache.hadoop.io.LongWritable'.
2024-11-12 13:43:15,683 INFO  MethodCallReplacementClassAdapter - Adding mock interface to class org/apache/hadoop/io/LongWritable
2024-11-12 13:43:15,683 INFO  CreateClassResetClassAdapter - Found static initializer in class org/apache/hadoop/io/LongWritable
2024-11-12 13:43:15,683 INFO  EvoClassLoader - Seeing class for first time: org.apache.hadoop.io.WritableComparable
2024-11-12 13:43:15,683 INFO  EvoClassLoader - Instrumenting class 'org.apache.hadoop.io.WritableComparable'.
2024-11-12 13:43:15,684 INFO  EvoClassLoader - Keeping class: org.apache.hadoop.io.WritableComparable
2024-11-12 13:43:15,684 INFO  EvoClassLoader - Keeping class: org.apache.hadoop.io.LongWritable
2024-11-12 13:43:15,684 INFO  EvoClassLoader - Seeing class for first time: org.apache.hadoop.io.LongWritable$Comparator
2024-11-12 13:43:15,684 INFO  EvoClassLoader - Instrumenting class 'org.apache.hadoop.io.LongWritable$Comparator'.
2024-11-12 13:43:15,684 INFO  MethodCallReplacementClassAdapter - Adding mock interface to class org/apache/hadoop/io/LongWritable$Comparator
2024-11-12 13:43:15,684 INFO  CreateClassResetClassAdapter - Creating brand-new static initializer in class org/apache/hadoop/io/LongWritable$Comparator
2024-11-12 13:43:15,684 INFO  EvoClassLoader - Keeping class: org.apache.hadoop.io.LongWritable$Comparator
2024-11-12 13:43:15,684 INFO  EvoClassLoader - Seeing class for first time: org.apache.hadoop.hdfs.ViewDistributedFileSystem
2024-11-12 13:43:15,684 INFO  EvoClassLoader - Instrumenting class 'org.apache.hadoop.hdfs.ViewDistributedFileSystem'.
2024-11-12 13:43:15,685 INFO  MethodCallReplacementClassAdapter - Adding mock interface to class org/apache/hadoop/hdfs/ViewDistributedFileSystem
2024-11-12 13:43:15,687 INFO  CreateClassResetClassAdapter - Found static initializer in class org/apache/hadoop/hdfs/ViewDistributedFileSystem
2024-11-12 13:43:15,688 INFO  EvoClassLoader - Seeing class for first time: org.apache.hadoop.hdfs.DistributedFileSystem
2024-11-12 13:43:15,688 INFO  EvoClassLoader - Instrumenting class 'org.apache.hadoop.hdfs.DistributedFileSystem'.
2024-11-12 13:43:15,689 INFO  MethodCallReplacementClassAdapter - Adding mock interface to class org/apache/hadoop/hdfs/DistributedFileSystem
2024-11-12 13:43:15,693 INFO  CreateClassResetClassAdapter - Found static initializer in class org/apache/hadoop/hdfs/DistributedFileSystem
2024-11-12 13:43:15,694 INFO  EvoClassLoader - Seeing class for first time: org.apache.hadoop.fs.SafeMode
2024-11-12 13:43:15,694 INFO  EvoClassLoader - Instrumenting class 'org.apache.hadoop.fs.SafeMode'.
2024-11-12 13:43:15,695 INFO  EvoClassLoader - Keeping class: org.apache.hadoop.fs.SafeMode
2024-11-12 13:43:15,695 INFO  EvoClassLoader - Keeping class: org.apache.hadoop.hdfs.DistributedFileSystem
2024-11-12 13:43:15,695 INFO  EvoClassLoader - Keeping class: org.apache.hadoop.hdfs.ViewDistributedFileSystem
2024-11-12 13:43:15,695 INFO  EvoClassLoader - Seeing class for first time: org.apache.hadoop.hdfs.DistributedFileSystem$HdfsDataOutputStreamBuilder
2024-11-12 13:43:15,695 INFO  EvoClassLoader - Instrumenting class 'org.apache.hadoop.hdfs.DistributedFileSystem$HdfsDataOutputStreamBuilder'.
2024-11-12 13:43:15,696 INFO  MethodCallReplacementClassAdapter - Adding mock interface to class org/apache/hadoop/hdfs/DistributedFileSystem$HdfsDataOutputStreamBuilder
2024-11-12 13:43:15,696 INFO  CreateClassResetClassAdapter - Creating brand-new static initializer in class org/apache/hadoop/hdfs/DistributedFileSystem$HdfsDataOutputStreamBuilder
2024-11-12 13:43:15,696 INFO  EvoClassLoader - Keeping class: org.apache.hadoop.hdfs.DistributedFileSystem$HdfsDataOutputStreamBuilder
2024-11-12 13:43:15,697 INFO  EvoClassLoader - Seeing class for first time: org.apache.hadoop.fs.UnresolvedLinkException
2024-11-12 13:43:15,697 INFO  EvoClassLoader - Instrumenting class 'org.apache.hadoop.fs.UnresolvedLinkException'.
2024-11-12 13:43:15,697 INFO  MethodCallReplacementClassAdapter - Adding mock interface to class org/apache/hadoop/fs/UnresolvedLinkException
2024-11-12 13:43:15,697 INFO  CreateClassResetClassAdapter - Creating brand-new static initializer in class org/apache/hadoop/fs/UnresolvedLinkException
2024-11-12 13:43:15,697 INFO  EvoClassLoader - Keeping class: org.apache.hadoop.fs.UnresolvedLinkException
2024-11-12 13:43:15,699 INFO  EvoClassLoader - Seeing class for first time: org.apache.hadoop.hdfs.protocol.LocatedBlocks
2024-11-12 13:43:15,699 INFO  EvoClassLoader - Instrumenting class 'org.apache.hadoop.hdfs.protocol.LocatedBlocks'.
2024-11-12 13:43:15,699 INFO  MethodCallReplacementClassAdapter - Adding mock interface to class org/apache/hadoop/hdfs/protocol/LocatedBlocks
2024-11-12 13:43:15,700 INFO  CreateClassResetClassAdapter - Found static initializer in class org/apache/hadoop/hdfs/protocol/LocatedBlocks
2024-11-12 13:43:15,700 INFO  EvoClassLoader - Keeping class: org.apache.hadoop.hdfs.protocol.LocatedBlocks
2024-11-12 13:43:15,700 INFO  EvoClassLoader - Seeing class for first time: org.apache.hadoop.hdfs.server.datanode.fsdataset.FsDatasetSpi
2024-11-12 13:43:15,700 INFO  EvoClassLoader - Instrumenting class 'org.apache.hadoop.hdfs.server.datanode.fsdataset.FsDatasetSpi'.
2024-11-12 13:43:15,701 INFO  EvoClassLoader - Keeping class: org.apache.hadoop.hdfs.server.datanode.fsdataset.FsDatasetSpi
2024-11-12 13:43:15,701 INFO  EvoClassLoader - Seeing class for first time: org.apache.hadoop.hdfs.qjournal.protocol.QJournalProtocolProtos$FormatRequestProto$Builder
2024-11-12 13:43:15,701 INFO  EvoClassLoader - Instrumenting class 'org.apache.hadoop.hdfs.qjournal.protocol.QJournalProtocolProtos$FormatRequestProto$Builder'.
2024-11-12 13:43:15,701 INFO  MethodCallReplacementClassAdapter - Adding mock interface to class org/apache/hadoop/hdfs/qjournal/protocol/QJournalProtocolProtos$FormatRequestProto$Builder
2024-11-12 13:43:15,702 INFO  CreateClassResetClassAdapter - Creating brand-new static initializer in class org/apache/hadoop/hdfs/qjournal/protocol/QJournalProtocolProtos$FormatRequestProto$Builder
2024-11-12 13:43:15,703 INFO  EvoClassLoader - Keeping class: org.apache.hadoop.hdfs.qjournal.protocol.QJournalProtocolProtos$FormatRequestProto$Builder
2024-11-12 13:43:15,705 INFO  EvoClassLoader - Seeing class for first time: org.apache.hadoop.conf.StorageUnit
2024-11-12 13:43:15,705 INFO  EvoClassLoader - Instrumenting class 'org.apache.hadoop.conf.StorageUnit'.
2024-11-12 13:43:15,705 INFO  MethodCallReplacementClassAdapter - Adding mock interface to class org/apache/hadoop/conf/StorageUnit
2024-11-12 13:43:15,705 INFO  CreateClassResetClassAdapter - Found static initializer in class org/apache/hadoop/conf/StorageUnit
2024-11-12 13:43:15,705 INFO  EvoClassLoader - Keeping class: org.apache.hadoop.conf.StorageUnit
2024-11-12 13:43:15,705 INFO  EvoClassLoader - Seeing class for first time: org.apache.hadoop.conf.StorageUnit$1
2024-11-12 13:43:15,705 INFO  EvoClassLoader - Instrumenting class 'org.apache.hadoop.conf.StorageUnit$1'.
2024-11-12 13:43:15,705 INFO  MethodCallReplacementClassAdapter - Adding mock interface to class org/apache/hadoop/conf/StorageUnit$1
2024-11-12 13:43:15,706 INFO  EvoClassLoader - Keeping class: org.apache.hadoop.conf.StorageUnit$1
2024-11-12 13:43:15,706 INFO  EvoClassLoader - Seeing class for first time: org.apache.hadoop.conf.StorageUnit$2
2024-11-12 13:43:15,706 INFO  EvoClassLoader - Instrumenting class 'org.apache.hadoop.conf.StorageUnit$2'.
2024-11-12 13:43:15,706 INFO  MethodCallReplacementClassAdapter - Adding mock interface to class org/apache/hadoop/conf/StorageUnit$2
2024-11-12 13:43:15,706 INFO  EvoClassLoader - Keeping class: org.apache.hadoop.conf.StorageUnit$2
2024-11-12 13:43:15,706 INFO  EvoClassLoader - Seeing class for first time: org.apache.hadoop.conf.StorageUnit$3
2024-11-12 13:43:15,706 INFO  EvoClassLoader - Instrumenting class 'org.apache.hadoop.conf.StorageUnit$3'.
2024-11-12 13:43:15,706 INFO  MethodCallReplacementClassAdapter - Adding mock interface to class org/apache/hadoop/conf/StorageUnit$3
2024-11-12 13:43:15,706 INFO  EvoClassLoader - Keeping class: org.apache.hadoop.conf.StorageUnit$3
2024-11-12 13:43:15,706 INFO  EvoClassLoader - Seeing class for first time: org.apache.hadoop.conf.StorageUnit$4
2024-11-12 13:43:15,706 INFO  EvoClassLoader - Instrumenting class 'org.apache.hadoop.conf.StorageUnit$4'.
2024-11-12 13:43:15,706 INFO  MethodCallReplacementClassAdapter - Adding mock interface to class org/apache/hadoop/conf/StorageUnit$4
2024-11-12 13:43:15,706 INFO  EvoClassLoader - Keeping class: org.apache.hadoop.conf.StorageUnit$4
2024-11-12 13:43:15,706 INFO  EvoClassLoader - Seeing class for first time: org.apache.hadoop.conf.StorageUnit$5
2024-11-12 13:43:15,706 INFO  EvoClassLoader - Instrumenting class 'org.apache.hadoop.conf.StorageUnit$5'.
2024-11-12 13:43:15,706 INFO  MethodCallReplacementClassAdapter - Adding mock interface to class org/apache/hadoop/conf/StorageUnit$5
2024-11-12 13:43:15,707 INFO  EvoClassLoader - Keeping class: org.apache.hadoop.conf.StorageUnit$5
2024-11-12 13:43:15,707 INFO  EvoClassLoader - Seeing class for first time: org.apache.hadoop.conf.StorageUnit$6
2024-11-12 13:43:15,707 INFO  EvoClassLoader - Instrumenting class 'org.apache.hadoop.conf.StorageUnit$6'.
2024-11-12 13:43:15,707 INFO  MethodCallReplacementClassAdapter - Adding mock interface to class org/apache/hadoop/conf/StorageUnit$6
2024-11-12 13:43:15,707 INFO  EvoClassLoader - Keeping class: org.apache.hadoop.conf.StorageUnit$6
2024-11-12 13:43:15,707 INFO  EvoClassLoader - Seeing class for first time: org.apache.hadoop.conf.StorageUnit$7
2024-11-12 13:43:15,707 INFO  EvoClassLoader - Instrumenting class 'org.apache.hadoop.conf.StorageUnit$7'.
2024-11-12 13:43:15,707 INFO  MethodCallReplacementClassAdapter - Adding mock interface to class org/apache/hadoop/conf/StorageUnit$7
2024-11-12 13:43:15,707 INFO  EvoClassLoader - Keeping class: org.apache.hadoop.conf.StorageUnit$7
2024-11-12 13:43:15,709 INFO  EvoClassLoader - Seeing class for first time: org.apache.hadoop.thirdparty.protobuf.WireFormat$Utf8Validation
2024-11-12 13:43:15,709 INFO  EvoClassLoader - Instrumenting class 'org.apache.hadoop.thirdparty.protobuf.WireFormat$Utf8Validation'.
2024-11-12 13:43:15,709 INFO  MethodCallReplacementClassAdapter - Adding mock interface to class org/apache/hadoop/thirdparty/protobuf/WireFormat$Utf8Validation
2024-11-12 13:43:15,709 INFO  CreateClassResetClassAdapter - Found static initializer in class org/apache/hadoop/thirdparty/protobuf/WireFormat$Utf8Validation
2024-11-12 13:43:15,709 INFO  EvoClassLoader - Keeping class: org.apache.hadoop.thirdparty.protobuf.WireFormat$Utf8Validation
2024-11-12 13:43:15,709 INFO  EvoClassLoader - Seeing class for first time: org.apache.hadoop.thirdparty.protobuf.WireFormat$Utf8Validation$1
2024-11-12 13:43:15,709 INFO  EvoClassLoader - Instrumenting class 'org.apache.hadoop.thirdparty.protobuf.WireFormat$Utf8Validation$1'.
2024-11-12 13:43:15,710 INFO  MethodCallReplacementClassAdapter - Adding mock interface to class org/apache/hadoop/thirdparty/protobuf/WireFormat$Utf8Validation$1
2024-11-12 13:43:15,710 INFO  EvoClassLoader - Keeping class: org.apache.hadoop.thirdparty.protobuf.WireFormat$Utf8Validation$1
2024-11-12 13:43:15,710 INFO  EvoClassLoader - Seeing class for first time: org.apache.hadoop.thirdparty.protobuf.WireFormat$Utf8Validation$2
2024-11-12 13:43:15,710 INFO  EvoClassLoader - Instrumenting class 'org.apache.hadoop.thirdparty.protobuf.WireFormat$Utf8Validation$2'.
2024-11-12 13:43:15,710 INFO  MethodCallReplacementClassAdapter - Adding mock interface to class org/apache/hadoop/thirdparty/protobuf/WireFormat$Utf8Validation$2
2024-11-12 13:43:15,710 INFO  EvoClassLoader - Keeping class: org.apache.hadoop.thirdparty.protobuf.WireFormat$Utf8Validation$2
2024-11-12 13:43:15,710 INFO  EvoClassLoader - Seeing class for first time: org.apache.hadoop.thirdparty.protobuf.WireFormat$Utf8Validation$3
2024-11-12 13:43:15,710 INFO  EvoClassLoader - Instrumenting class 'org.apache.hadoop.thirdparty.protobuf.WireFormat$Utf8Validation$3'.
2024-11-12 13:43:15,710 INFO  MethodCallReplacementClassAdapter - Adding mock interface to class org/apache/hadoop/thirdparty/protobuf/WireFormat$Utf8Validation$3
2024-11-12 13:43:15,710 INFO  EvoClassLoader - Keeping class: org.apache.hadoop.thirdparty.protobuf.WireFormat$Utf8Validation$3
2024-11-12 13:43:15,710 INFO  EvoClassLoader - Seeing class for first time: org.apache.hadoop.hdfs.qjournal.protocol.QJournalProtocolProtos$JournalRequestProto$1
2024-11-12 13:43:15,710 INFO  EvoClassLoader - Instrumenting class 'org.apache.hadoop.hdfs.qjournal.protocol.QJournalProtocolProtos$JournalRequestProto$1'.
2024-11-12 13:43:15,710 INFO  MethodCallReplacementClassAdapter - Adding mock interface to class org/apache/hadoop/hdfs/qjournal/protocol/QJournalProtocolProtos$JournalRequestProto$1
2024-11-12 13:43:15,711 INFO  EvoClassLoader - Keeping class: org.apache.hadoop.hdfs.qjournal.protocol.QJournalProtocolProtos$JournalRequestProto$1
2024-11-12 13:43:15,711 INFO  EvoClassLoader - Seeing class for first time: org.apache.hadoop.thirdparty.protobuf.Option$Builder
2024-11-12 13:43:15,711 INFO  EvoClassLoader - Instrumenting class 'org.apache.hadoop.thirdparty.protobuf.Option$Builder'.
2024-11-12 13:43:15,711 INFO  MethodCallReplacementClassAdapter - Adding mock interface to class org/apache/hadoop/thirdparty/protobuf/Option$Builder
2024-11-12 13:43:15,712 INFO  CreateClassResetClassAdapter - Creating brand-new static initializer in class org/apache/hadoop/thirdparty/protobuf/Option$Builder
2024-11-12 13:43:15,712 INFO  EvoClassLoader - Keeping class: org.apache.hadoop.thirdparty.protobuf.Option$Builder
2024-11-12 13:43:15,712 INFO  EvoClassLoader - Seeing class for first time: org.apache.hadoop.thirdparty.protobuf.MapField
2024-11-12 13:43:15,712 INFO  EvoClassLoader - Instrumenting class 'org.apache.hadoop.thirdparty.protobuf.MapField'.
2024-11-12 13:43:15,713 INFO  MethodCallReplacementClassAdapter - Adding mock interface to class org/apache/hadoop/thirdparty/protobuf/MapField
2024-11-12 13:43:15,713 INFO  CreateClassResetClassAdapter - Creating brand-new static initializer in class org/apache/hadoop/thirdparty/protobuf/MapField
2024-11-12 13:43:15,713 INFO  EvoClassLoader - Seeing class for first time: org.apache.hadoop.thirdparty.protobuf.MutabilityOracle
2024-11-12 13:43:15,713 INFO  EvoClassLoader - Instrumenting class 'org.apache.hadoop.thirdparty.protobuf.MutabilityOracle'.
2024-11-12 13:43:15,714 INFO  EvoClassLoader - Keeping class: org.apache.hadoop.thirdparty.protobuf.MutabilityOracle
2024-11-12 13:43:15,714 INFO  EvoClassLoader - Keeping class: org.apache.hadoop.thirdparty.protobuf.MapField
2024-11-12 13:43:15,714 INFO  EvoClassLoader - Seeing class for first time: org.apache.hadoop.thirdparty.protobuf.MapField$Converter
2024-11-12 13:43:15,714 INFO  EvoClassLoader - Instrumenting class 'org.apache.hadoop.thirdparty.protobuf.MapField$Converter'.
2024-11-12 13:43:15,714 INFO  EvoClassLoader - Keeping class: org.apache.hadoop.thirdparty.protobuf.MapField$Converter
2024-11-12 13:43:15,714 INFO  EvoClassLoader - Seeing class for first time: org.eclipse.jetty.util.component.Container$Listener
2024-11-12 13:43:15,714 INFO  EvoClassLoader - Instrumenting class 'org.eclipse.jetty.util.component.Container$Listener'.
2024-11-12 13:43:15,714 INFO  EvoClassLoader - Keeping class: org.eclipse.jetty.util.component.Container$Listener
2024-11-12 13:43:15,714 INFO  EvoClassLoader - Seeing class for first time: org.apache.hadoop.thirdparty.protobuf.DynamicMessage$Builder
2024-11-12 13:43:15,714 INFO  EvoClassLoader - Instrumenting class 'org.apache.hadoop.thirdparty.protobuf.DynamicMessage$Builder'.
2024-11-12 13:43:15,715 INFO  MethodCallReplacementClassAdapter - Adding mock interface to class org/apache/hadoop/thirdparty/protobuf/DynamicMessage$Builder
2024-11-12 13:43:15,718 INFO  CreateClassResetClassAdapter - Creating brand-new static initializer in class org/apache/hadoop/thirdparty/protobuf/DynamicMessage$Builder
2024-11-12 13:43:15,719 INFO  EvoClassLoader - Keeping class: org.apache.hadoop.thirdparty.protobuf.DynamicMessage$Builder
2024-11-12 13:43:15,720 INFO  EvoClassLoader - Seeing class for first time: org.apache.hadoop.hdfs.qjournal.protocol.QJournalProtocolProtos$HeartbeatRequestProto$1
2024-11-12 13:43:15,720 INFO  EvoClassLoader - Instrumenting class 'org.apache.hadoop.hdfs.qjournal.protocol.QJournalProtocolProtos$HeartbeatRequestProto$1'.
2024-11-12 13:43:15,720 INFO  MethodCallReplacementClassAdapter - Adding mock interface to class org/apache/hadoop/hdfs/qjournal/protocol/QJournalProtocolProtos$HeartbeatRequestProto$1
2024-11-12 13:43:15,721 INFO  EvoClassLoader - Keeping class: org.apache.hadoop.hdfs.qjournal.protocol.QJournalProtocolProtos$HeartbeatRequestProto$1
2024-11-12 13:43:15,721 INFO  EvoClassLoader - Seeing class for first time: org.apache.hadoop.thirdparty.protobuf.RpcCallback
2024-11-12 13:43:15,721 INFO  EvoClassLoader - Instrumenting class 'org.apache.hadoop.thirdparty.protobuf.RpcCallback'.
2024-11-12 13:43:15,721 INFO  EvoClassLoader - Keeping class: org.apache.hadoop.thirdparty.protobuf.RpcCallback
2024-11-12 13:43:15,721 INFO  EvoClassLoader - Seeing class for first time: org.apache.hadoop.thirdparty.protobuf.TextFormat$1
2024-11-12 13:43:15,721 INFO  EvoClassLoader - Instrumenting class 'org.apache.hadoop.thirdparty.protobuf.TextFormat$1'.
2024-11-12 13:43:15,721 INFO  MethodCallReplacementClassAdapter - Adding mock interface to class org/apache/hadoop/thirdparty/protobuf/TextFormat$1
2024-11-12 13:43:15,721 INFO  EvoClassLoader - Keeping class: org.apache.hadoop.thirdparty.protobuf.TextFormat$1
2024-11-12 13:43:15,722 INFO  EvoClassLoader - Seeing class for first time: org.apache.hadoop.fs.FsServerDefaults
2024-11-12 13:43:15,722 INFO  EvoClassLoader - Instrumenting class 'org.apache.hadoop.fs.FsServerDefaults'.
2024-11-12 13:43:15,723 INFO  MethodCallReplacementClassAdapter - Adding mock interface to class org/apache/hadoop/fs/FsServerDefaults
2024-11-12 13:43:15,723 INFO  CreateClassResetClassAdapter - Found static initializer in class org/apache/hadoop/fs/FsServerDefaults
2024-11-12 13:43:15,723 INFO  EvoClassLoader - Keeping class: org.apache.hadoop.fs.FsServerDefaults
2024-11-12 13:43:15,723 INFO  EvoClassLoader - Seeing class for first time: org.apache.hadoop.util.DataChecksum$Type
2024-11-12 13:43:15,723 INFO  EvoClassLoader - Instrumenting class 'org.apache.hadoop.util.DataChecksum$Type'.
2024-11-12 13:43:15,724 INFO  MethodCallReplacementClassAdapter - Adding mock interface to class org/apache/hadoop/util/DataChecksum$Type
2024-11-12 13:43:15,725 INFO  CreateClassResetClassAdapter - Found static initializer in class org/apache/hadoop/util/DataChecksum$Type
2024-11-12 13:43:15,725 INFO  EvoClassLoader - Keeping class: org.apache.hadoop.util.DataChecksum$Type
2024-11-12 13:43:15,725 INFO  EvoClassLoader - Seeing class for first time: org.apache.hadoop.fs.FsServerDefaults$1
2024-11-12 13:43:15,725 INFO  EvoClassLoader - Instrumenting class 'org.apache.hadoop.fs.FsServerDefaults$1'.
2024-11-12 13:43:15,725 INFO  MethodCallReplacementClassAdapter - Adding mock interface to class org/apache/hadoop/fs/FsServerDefaults$1
2024-11-12 13:43:15,725 INFO  EvoClassLoader - Keeping class: org.apache.hadoop.fs.FsServerDefaults$1
2024-11-12 13:43:15,726 INFO  EvoClassLoader - Seeing class for first time: org.apache.hadoop.hdfs.qjournal.protocol.QJournalProtocolProtos$DoRollbackResponseProto$Builder
2024-11-12 13:43:15,726 INFO  EvoClassLoader - Instrumenting class 'org.apache.hadoop.hdfs.qjournal.protocol.QJournalProtocolProtos$DoRollbackResponseProto$Builder'.
2024-11-12 13:43:15,726 INFO  MethodCallReplacementClassAdapter - Adding mock interface to class org/apache/hadoop/hdfs/qjournal/protocol/QJournalProtocolProtos$DoRollbackResponseProto$Builder
2024-11-12 13:43:15,727 INFO  CreateClassResetClassAdapter - Creating brand-new static initializer in class org/apache/hadoop/hdfs/qjournal/protocol/QJournalProtocolProtos$DoRollbackResponseProto$Builder
2024-11-12 13:43:15,727 INFO  EvoClassLoader - Keeping class: org.apache.hadoop.hdfs.qjournal.protocol.QJournalProtocolProtos$DoRollbackResponseProto$Builder
2024-11-12 13:43:15,728 INFO  EvoClassLoader - Seeing class for first time: org.apache.hadoop.hdfs.server.protocol.NamespaceInfo
2024-11-12 13:43:15,728 INFO  EvoClassLoader - Instrumenting class 'org.apache.hadoop.hdfs.server.protocol.NamespaceInfo'.
2024-11-12 13:43:15,728 INFO  MethodCallReplacementClassAdapter - Adding mock interface to class org/apache/hadoop/hdfs/server/protocol/NamespaceInfo
2024-11-12 13:43:15,729 INFO  CreateClassResetClassAdapter - Found static initializer in class org/apache/hadoop/hdfs/server/protocol/NamespaceInfo
2024-11-12 13:43:15,730 INFO  EvoClassLoader - Keeping class: org.apache.hadoop.hdfs.server.protocol.NamespaceInfo
2024-11-12 13:43:15,730 INFO  EvoClassLoader - Seeing class for first time: org.apache.hadoop.hdfs.server.protocol.NamespaceInfo$Capability
2024-11-12 13:43:15,730 INFO  EvoClassLoader - Instrumenting class 'org.apache.hadoop.hdfs.server.protocol.NamespaceInfo$Capability'.
2024-11-12 13:43:15,730 INFO  MethodCallReplacementClassAdapter - Adding mock interface to class org/apache/hadoop/hdfs/server/protocol/NamespaceInfo$Capability
2024-11-12 13:43:15,731 INFO  CreateClassResetClassAdapter - Found static initializer in class org/apache/hadoop/hdfs/server/protocol/NamespaceInfo$Capability
2024-11-12 13:43:15,731 INFO  EvoClassLoader - Keeping class: org.apache.hadoop.hdfs.server.protocol.NamespaceInfo$Capability
2024-11-12 13:43:15,732 INFO  EvoClassLoader - Seeing class for first time: org.apache.hadoop.hdfs.qjournal.protocol.QJournalProtocolProtos$SegmentStateProto$1
2024-11-12 13:43:15,732 INFO  EvoClassLoader - Instrumenting class 'org.apache.hadoop.hdfs.qjournal.protocol.QJournalProtocolProtos$SegmentStateProto$1'.
2024-11-12 13:43:15,733 INFO  MethodCallReplacementClassAdapter - Adding mock interface to class org/apache/hadoop/hdfs/qjournal/protocol/QJournalProtocolProtos$SegmentStateProto$1
2024-11-12 13:43:15,733 INFO  EvoClassLoader - Keeping class: org.apache.hadoop.hdfs.qjournal.protocol.QJournalProtocolProtos$SegmentStateProto$1
2024-11-12 13:43:15,733 INFO  EvoClassLoader - Seeing class for first time: org.apache.hadoop.io.ByteWritable
2024-11-12 13:43:15,733 INFO  EvoClassLoader - Instrumenting class 'org.apache.hadoop.io.ByteWritable'.
2024-11-12 13:43:15,734 INFO  MethodCallReplacementClassAdapter - Adding mock interface to class org/apache/hadoop/io/ByteWritable
2024-11-12 13:43:15,734 INFO  CreateClassResetClassAdapter - Found static initializer in class org/apache/hadoop/io/ByteWritable
2024-11-12 13:43:15,734 INFO  EvoClassLoader - Keeping class: org.apache.hadoop.io.ByteWritable
2024-11-12 13:43:15,734 INFO  EvoClassLoader - Seeing class for first time: org.apache.commons.cli.CommandLine
2024-11-12 13:43:15,734 INFO  EvoClassLoader - Instrumenting class 'org.apache.commons.cli.CommandLine'.
2024-11-12 13:43:15,735 INFO  MethodCallReplacementClassAdapter - Adding mock interface to class org/apache/commons/cli/CommandLine
2024-11-12 13:43:15,735 INFO  CreateClassResetClassAdapter - Creating brand-new static initializer in class org/apache/commons/cli/CommandLine
2024-11-12 13:43:15,735 INFO  EvoClassLoader - Keeping class: org.apache.commons.cli.CommandLine
2024-11-12 13:43:15,736 INFO  EvoClassLoader - Seeing class for first time: org.apache.hadoop.hdfs.protocol.CacheDirectiveInfo
2024-11-12 13:43:15,736 INFO  EvoClassLoader - Instrumenting class 'org.apache.hadoop.hdfs.protocol.CacheDirectiveInfo'.
2024-11-12 13:43:15,736 INFO  MethodCallReplacementClassAdapter - Adding mock interface to class org/apache/hadoop/hdfs/protocol/CacheDirectiveInfo
2024-11-12 13:43:15,736 INFO  CreateClassResetClassAdapter - Creating brand-new static initializer in class org/apache/hadoop/hdfs/protocol/CacheDirectiveInfo
2024-11-12 13:43:15,736 INFO  EvoClassLoader - Keeping class: org.apache.hadoop.hdfs.protocol.CacheDirectiveInfo
2024-11-12 13:43:15,736 INFO  EvoClassLoader - Seeing class for first time: org.eclipse.jetty.io.LogarithmicArrayByteBufferPool
2024-11-12 13:43:15,736 INFO  EvoClassLoader - Instrumenting class 'org.eclipse.jetty.io.LogarithmicArrayByteBufferPool'.
2024-11-12 13:43:15,737 INFO  MethodCallReplacementClassAdapter - Adding mock interface to class org/eclipse/jetty/io/LogarithmicArrayByteBufferPool
2024-11-12 13:43:15,737 INFO  CreateClassResetClassAdapter - Creating brand-new static initializer in class org/eclipse/jetty/io/LogarithmicArrayByteBufferPool
2024-11-12 13:43:15,737 INFO  EvoClassLoader - Keeping class: org.eclipse.jetty.io.LogarithmicArrayByteBufferPool
2024-11-12 13:43:15,737 INFO  EvoClassLoader - Seeing class for first time: org.apache.hadoop.thirdparty.protobuf.GeneratedMessageV3$FieldAccessorTable$RepeatedFieldAccessor$ReflectionInvoker
2024-11-12 13:43:15,737 INFO  EvoClassLoader - Instrumenting class 'org.apache.hadoop.thirdparty.protobuf.GeneratedMessageV3$FieldAccessorTable$RepeatedFieldAccessor$ReflectionInvoker'.
2024-11-12 13:43:15,737 INFO  MethodCallReplacementClassAdapter - Adding mock interface to class org/apache/hadoop/thirdparty/protobuf/GeneratedMessageV3$FieldAccessorTable$RepeatedFieldAccessor$ReflectionInvoker
2024-11-12 13:43:15,737 INFO  CreateClassResetClassAdapter - Creating brand-new static initializer in class org/apache/hadoop/thirdparty/protobuf/GeneratedMessageV3$FieldAccessorTable$RepeatedFieldAccessor$ReflectionInvoker
2024-11-12 13:43:15,737 INFO  EvoClassLoader - Keeping class: org.apache.hadoop.thirdparty.protobuf.GeneratedMessageV3$FieldAccessorTable$RepeatedFieldAccessor$ReflectionInvoker
2024-11-12 13:43:15,738 INFO  EvoClassLoader - Seeing class for first time: org.apache.hadoop.hdfs.server.datanode.DiskBalancer
2024-11-12 13:43:15,738 INFO  EvoClassLoader - Instrumenting class 'org.apache.hadoop.hdfs.server.datanode.DiskBalancer'.
2024-11-12 13:43:15,738 INFO  MethodCallReplacementClassAdapter - Adding mock interface to class org/apache/hadoop/hdfs/server/datanode/DiskBalancer
2024-11-12 13:43:15,739 INFO  CreateClassResetClassAdapter - Found static initializer in class org/apache/hadoop/hdfs/server/datanode/DiskBalancer
2024-11-12 13:43:15,739 INFO  EvoClassLoader - Keeping class: org.apache.hadoop.hdfs.server.datanode.DiskBalancer
2024-11-12 13:43:15,740 INFO  EvoClassLoader - Seeing class for first time: org.apache.hadoop.thirdparty.protobuf.GeneratedMessageV3$FieldAccessorTable$SingularMessageFieldAccessor
2024-11-12 13:43:15,740 INFO  EvoClassLoader - Instrumenting class 'org.apache.hadoop.thirdparty.protobuf.GeneratedMessageV3$FieldAccessorTable$SingularMessageFieldAccessor'.
2024-11-12 13:43:15,740 INFO  MethodCallReplacementClassAdapter - Adding mock interface to class org/apache/hadoop/thirdparty/protobuf/GeneratedMessageV3$FieldAccessorTable$SingularMessageFieldAccessor
2024-11-12 13:43:15,740 INFO  CreateClassResetClassAdapter - Creating brand-new static initializer in class org/apache/hadoop/thirdparty/protobuf/GeneratedMessageV3$FieldAccessorTable$SingularMessageFieldAccessor
2024-11-12 13:43:15,741 INFO  EvoClassLoader - Keeping class: org.apache.hadoop.thirdparty.protobuf.GeneratedMessageV3$FieldAccessorTable$SingularMessageFieldAccessor
2024-11-12 13:43:15,741 INFO  EvoClassLoader - Seeing class for first time: org.apache.hadoop.thirdparty.protobuf.DescriptorProtos$SourceCodeInfo$Location$Builder
2024-11-12 13:43:15,741 INFO  EvoClassLoader - Instrumenting class 'org.apache.hadoop.thirdparty.protobuf.DescriptorProtos$SourceCodeInfo$Location$Builder'.
2024-11-12 13:43:15,741 INFO  MethodCallReplacementClassAdapter - Adding mock interface to class org/apache/hadoop/thirdparty/protobuf/DescriptorProtos$SourceCodeInfo$Location$Builder
2024-11-12 13:43:15,742 INFO  CreateClassResetClassAdapter - Creating brand-new static initializer in class org/apache/hadoop/thirdparty/protobuf/DescriptorProtos$SourceCodeInfo$Location$Builder
2024-11-12 13:43:15,743 INFO  EvoClassLoader - Keeping class: org.apache.hadoop.thirdparty.protobuf.DescriptorProtos$SourceCodeInfo$Location$Builder
2024-11-12 13:43:15,744 INFO  EvoClassLoader - Seeing class for first time: org.apache.hadoop.hdfs.qjournal.protocol.QJournalProtocolProtos$QJournalProtocolService$BlockingStub
2024-11-12 13:43:15,744 INFO  EvoClassLoader - Instrumenting class 'org.apache.hadoop.hdfs.qjournal.protocol.QJournalProtocolProtos$QJournalProtocolService$BlockingStub'.
2024-11-12 13:43:15,744 INFO  MethodCallReplacementClassAdapter - Adding mock interface to class org/apache/hadoop/hdfs/qjournal/protocol/QJournalProtocolProtos$QJournalProtocolService$BlockingStub
2024-11-12 13:43:15,744 INFO  CreateClassResetClassAdapter - Creating brand-new static initializer in class org/apache/hadoop/hdfs/qjournal/protocol/QJournalProtocolProtos$QJournalProtocolService$BlockingStub
2024-11-12 13:43:15,745 INFO  EvoClassLoader - Keeping class: org.apache.hadoop.hdfs.qjournal.protocol.QJournalProtocolProtos$QJournalProtocolService$BlockingStub
2024-11-12 13:43:15,745 INFO  EvoClassLoader - Seeing class for first time: org.apache.hadoop.hdfs.protocol.DatanodeLocalInfo
2024-11-12 13:43:15,745 INFO  EvoClassLoader - Instrumenting class 'org.apache.hadoop.hdfs.protocol.DatanodeLocalInfo'.
2024-11-12 13:43:15,745 INFO  MethodCallReplacementClassAdapter - Adding mock interface to class org/apache/hadoop/hdfs/protocol/DatanodeLocalInfo
2024-11-12 13:43:15,745 INFO  CreateClassResetClassAdapter - Creating brand-new static initializer in class org/apache/hadoop/hdfs/protocol/DatanodeLocalInfo
2024-11-12 13:43:15,745 INFO  EvoClassLoader - Keeping class: org.apache.hadoop.hdfs.protocol.DatanodeLocalInfo
2024-11-12 13:43:15,745 INFO  EvoClassLoader - Seeing class for first time: org.apache.hadoop.fs.FSInputChecker
2024-11-12 13:43:15,745 INFO  EvoClassLoader - Instrumenting class 'org.apache.hadoop.fs.FSInputChecker'.
2024-11-12 13:43:15,746 INFO  MethodCallReplacementClassAdapter - Adding mock interface to class org/apache/hadoop/fs/FSInputChecker
2024-11-12 13:43:15,746 INFO  CreateClassResetClassAdapter - Found static initializer in class org/apache/hadoop/fs/FSInputChecker
2024-11-12 13:43:15,747 INFO  EvoClassLoader - Keeping class: org.apache.hadoop.fs.FSInputChecker
2024-11-12 13:43:15,747 INFO  EvoClassLoader - Seeing class for first time: org.apache.hadoop.io.Text
2024-11-12 13:43:15,747 INFO  EvoClassLoader - Instrumenting class 'org.apache.hadoop.io.Text'.
2024-11-12 13:43:15,747 INFO  MethodCallReplacementClassAdapter - Adding mock interface to class org/apache/hadoop/io/Text
2024-11-12 13:43:15,748 INFO  CreateClassResetClassAdapter - Found static initializer in class org/apache/hadoop/io/Text
2024-11-12 13:43:15,749 INFO  EvoClassLoader - Keeping class: org.apache.hadoop.io.Text
2024-11-12 13:43:15,749 INFO  EvoClassLoader - Seeing class for first time: org.apache.hadoop.io.Text$1
2024-11-12 13:43:15,749 INFO  EvoClassLoader - Instrumenting class 'org.apache.hadoop.io.Text$1'.
2024-11-12 13:43:15,750 INFO  MethodCallReplacementClassAdapter - Adding mock interface to class org/apache/hadoop/io/Text$1
2024-11-12 13:43:15,750 INFO  EvoClassLoader - Keeping class: org.apache.hadoop.io.Text$1
2024-11-12 13:43:15,750 INFO  EvoClassLoader - Seeing class for first time: org.apache.hadoop.io.Text$2
2024-11-12 13:43:15,750 INFO  EvoClassLoader - Instrumenting class 'org.apache.hadoop.io.Text$2'.
2024-11-12 13:43:15,750 INFO  MethodCallReplacementClassAdapter - Adding mock interface to class org/apache/hadoop/io/Text$2
2024-11-12 13:43:15,750 INFO  EvoClassLoader - Keeping class: org.apache.hadoop.io.Text$2
2024-11-12 13:43:15,751 INFO  EvoClassLoader - Seeing class for first time: org.apache.hadoop.hdfs.qjournal.protocol.QJournalProtocolProtos$HeartbeatRequestProto$Builder
2024-11-12 13:43:15,751 INFO  EvoClassLoader - Instrumenting class 'org.apache.hadoop.hdfs.qjournal.protocol.QJournalProtocolProtos$HeartbeatRequestProto$Builder'.
2024-11-12 13:43:15,751 INFO  MethodCallReplacementClassAdapter - Adding mock interface to class org/apache/hadoop/hdfs/qjournal/protocol/QJournalProtocolProtos$HeartbeatRequestProto$Builder
2024-11-12 13:43:15,752 INFO  CreateClassResetClassAdapter - Creating brand-new static initializer in class org/apache/hadoop/hdfs/qjournal/protocol/QJournalProtocolProtos$HeartbeatRequestProto$Builder
2024-11-12 13:43:15,752 INFO  EvoClassLoader - Keeping class: org.apache.hadoop.hdfs.qjournal.protocol.QJournalProtocolProtos$HeartbeatRequestProto$Builder
2024-11-12 13:43:15,753 INFO  EvoClassLoader - Seeing class for first time: org.apache.hadoop.thirdparty.protobuf.Struct$Builder
2024-11-12 13:43:15,753 INFO  EvoClassLoader - Instrumenting class 'org.apache.hadoop.thirdparty.protobuf.Struct$Builder'.
2024-11-12 13:43:15,753 INFO  MethodCallReplacementClassAdapter - Adding mock interface to class org/apache/hadoop/thirdparty/protobuf/Struct$Builder
2024-11-12 13:43:15,754 INFO  CreateClassResetClassAdapter - Creating brand-new static initializer in class org/apache/hadoop/thirdparty/protobuf/Struct$Builder
2024-11-12 13:43:15,755 INFO  EvoClassLoader - Keeping class: org.apache.hadoop.thirdparty.protobuf.Struct$Builder
2024-11-12 13:43:15,756 INFO  EvoClassLoader - Seeing class for first time: org.eclipse.jetty.io.LeakTrackingByteBufferPool
2024-11-12 13:43:15,756 INFO  EvoClassLoader - Instrumenting class 'org.eclipse.jetty.io.LeakTrackingByteBufferPool'.
2024-11-12 13:43:15,756 INFO  MethodCallReplacementClassAdapter - Adding mock interface to class org/eclipse/jetty/io/LeakTrackingByteBufferPool
2024-11-12 13:43:15,756 INFO  CreateClassResetClassAdapter - Found static initializer in class org/eclipse/jetty/io/LeakTrackingByteBufferPool
2024-11-12 13:43:15,757 INFO  EvoClassLoader - Seeing class for first time: org.eclipse.jetty.util.component.ContainerLifeCycle
2024-11-12 13:43:15,757 INFO  EvoClassLoader - Instrumenting class 'org.eclipse.jetty.util.component.ContainerLifeCycle'.
2024-11-12 13:43:15,757 INFO  MethodCallReplacementClassAdapter - Adding mock interface to class org/eclipse/jetty/util/component/ContainerLifeCycle
2024-11-12 13:43:15,759 INFO  CreateClassResetClassAdapter - Found static initializer in class org/eclipse/jetty/util/component/ContainerLifeCycle
2024-11-12 13:43:15,760 INFO  EvoClassLoader - Seeing class for first time: org.eclipse.jetty.util.component.Container
2024-11-12 13:43:15,760 INFO  EvoClassLoader - Instrumenting class 'org.eclipse.jetty.util.component.Container'.
2024-11-12 13:43:15,760 INFO  EvoClassLoader - Keeping class: org.eclipse.jetty.util.component.Container
2024-11-12 13:43:15,760 INFO  EvoClassLoader - Keeping class: org.eclipse.jetty.util.component.ContainerLifeCycle
2024-11-12 13:43:15,761 INFO  EvoClassLoader - Keeping class: org.eclipse.jetty.io.LeakTrackingByteBufferPool
2024-11-12 13:43:15,761 INFO  EvoClassLoader - Seeing class for first time: org.apache.hadoop.hdfs.server.protocol.FinalizeCommand
2024-11-12 13:43:15,761 INFO  EvoClassLoader - Instrumenting class 'org.apache.hadoop.hdfs.server.protocol.FinalizeCommand'.
2024-11-12 13:43:15,762 INFO  MethodCallReplacementClassAdapter - Adding mock interface to class org/apache/hadoop/hdfs/server/protocol/FinalizeCommand
2024-11-12 13:43:15,762 INFO  CreateClassResetClassAdapter - Creating brand-new static initializer in class org/apache/hadoop/hdfs/server/protocol/FinalizeCommand
2024-11-12 13:43:15,762 INFO  EvoClassLoader - Keeping class: org.apache.hadoop.hdfs.server.protocol.FinalizeCommand
2024-11-12 13:43:15,762 INFO  EvoClassLoader - Seeing class for first time: org.apache.hadoop.fs.FileSystem$Statistics
2024-11-12 13:43:15,762 INFO  EvoClassLoader - Instrumenting class 'org.apache.hadoop.fs.FileSystem$Statistics'.
2024-11-12 13:43:15,762 INFO  MethodCallReplacementClassAdapter - Adding mock interface to class org/apache/hadoop/fs/FileSystem$Statistics
2024-11-12 13:43:15,762 INFO  CreateClassResetClassAdapter - Found static initializer in class org/apache/hadoop/fs/FileSystem$Statistics
2024-11-12 13:43:15,764 INFO  EvoClassLoader - Keeping class: org.apache.hadoop.fs.FileSystem$Statistics
2024-11-12 13:43:15,764 INFO  EvoClassLoader - Seeing class for first time: org.apache.hadoop.fs.FileSystem$Statistics$StatisticsAggregator
2024-11-12 13:43:15,764 INFO  EvoClassLoader - Instrumenting class 'org.apache.hadoop.fs.FileSystem$Statistics$StatisticsAggregator'.
2024-11-12 13:43:15,764 INFO  EvoClassLoader - Keeping class: org.apache.hadoop.fs.FileSystem$Statistics$StatisticsAggregator
2024-11-12 13:43:15,764 INFO  EvoClassLoader - Seeing class for first time: org.apache.hadoop.fs.FileSystem$Statistics$StatisticsDataReferenceCleaner
2024-11-12 13:43:15,764 INFO  EvoClassLoader - Instrumenting class 'org.apache.hadoop.fs.FileSystem$Statistics$StatisticsDataReferenceCleaner'.
2024-11-12 13:43:15,764 INFO  MethodCallReplacementClassAdapter - Adding mock interface to class org/apache/hadoop/fs/FileSystem$Statistics$StatisticsDataReferenceCleaner
2024-11-12 13:43:15,764 INFO  CreateClassResetClassAdapter - Creating brand-new static initializer in class org/apache/hadoop/fs/FileSystem$Statistics$StatisticsDataReferenceCleaner
2024-11-12 13:43:15,764 INFO  EvoClassLoader - Keeping class: org.apache.hadoop.fs.FileSystem$Statistics$StatisticsDataReferenceCleaner
2024-11-12 13:43:15,765 INFO  EvoClassLoader - Seeing class for first time: org.apache.hadoop.thirdparty.protobuf.DescriptorProtos$EnumValueOptions$1
2024-11-12 13:43:15,765 INFO  EvoClassLoader - Instrumenting class 'org.apache.hadoop.thirdparty.protobuf.DescriptorProtos$EnumValueOptions$1'.
2024-11-12 13:43:15,765 INFO  MethodCallReplacementClassAdapter - Adding mock interface to class org/apache/hadoop/thirdparty/protobuf/DescriptorProtos$EnumValueOptions$1
2024-11-12 13:43:15,766 INFO  EvoClassLoader - Keeping class: org.apache.hadoop.thirdparty.protobuf.DescriptorProtos$EnumValueOptions$1
2024-11-12 13:43:15,766 INFO  EvoClassLoader - Seeing class for first time: org.apache.hadoop.hdfs.qjournal.protocolPB.QJournalProtocolTranslatorPB
2024-11-12 13:43:15,766 INFO  EvoClassLoader - Instrumenting class 'org.apache.hadoop.hdfs.qjournal.protocolPB.QJournalProtocolTranslatorPB'.
2024-11-12 13:43:15,766 INFO  MethodCallReplacementClassAdapter - Adding mock interface to class org/apache/hadoop/hdfs/qjournal/protocolPB/QJournalProtocolTranslatorPB
2024-11-12 13:43:15,767 INFO  CreateClassResetClassAdapter - Found static initializer in class org/apache/hadoop/hdfs/qjournal/protocolPB/QJournalProtocolTranslatorPB
2024-11-12 13:43:15,768 INFO  EvoClassLoader - Keeping class: org.apache.hadoop.hdfs.qjournal.protocolPB.QJournalProtocolTranslatorPB
2024-11-12 13:43:15,768 INFO  EvoClassLoader - Seeing class for first time: org.apache.hadoop.hdfs.protocol.AddErasureCodingPolicyResponse
2024-11-12 13:43:15,768 INFO  EvoClassLoader - Instrumenting class 'org.apache.hadoop.hdfs.protocol.AddErasureCodingPolicyResponse'.
2024-11-12 13:43:15,769 INFO  MethodCallReplacementClassAdapter - Adding mock interface to class org/apache/hadoop/hdfs/protocol/AddErasureCodingPolicyResponse
2024-11-12 13:43:15,769 INFO  CreateClassResetClassAdapter - Creating brand-new static initializer in class org/apache/hadoop/hdfs/protocol/AddErasureCodingPolicyResponse
2024-11-12 13:43:15,769 INFO  EvoClassLoader - Keeping class: org.apache.hadoop.hdfs.protocol.AddErasureCodingPolicyResponse
2024-11-12 13:43:15,769 INFO  EvoClassLoader - Seeing class for first time: org.apache.hadoop.hdfs.protocol.proto.HdfsServerProtos$RemoteEditLogManifestProto$Builder
2024-11-12 13:43:15,769 INFO  EvoClassLoader - Instrumenting class 'org.apache.hadoop.hdfs.protocol.proto.HdfsServerProtos$RemoteEditLogManifestProto$Builder'.
2024-11-12 13:43:15,769 INFO  MethodCallReplacementClassAdapter - Adding mock interface to class org/apache/hadoop/hdfs/protocol/proto/HdfsServerProtos$RemoteEditLogManifestProto$Builder
2024-11-12 13:43:15,770 INFO  CreateClassResetClassAdapter - Creating brand-new static initializer in class org/apache/hadoop/hdfs/protocol/proto/HdfsServerProtos$RemoteEditLogManifestProto$Builder
2024-11-12 13:43:15,771 INFO  EvoClassLoader - Keeping class: org.apache.hadoop.hdfs.protocol.proto.HdfsServerProtos$RemoteEditLogManifestProto$Builder
2024-11-12 13:43:15,771 INFO  EvoClassLoader - Seeing class for first time: org.apache.hadoop.hdfs.protocol.proto.HdfsServerProtos$RemoteEditLogProto
2024-11-12 13:43:15,771 INFO  EvoClassLoader - Instrumenting class 'org.apache.hadoop.hdfs.protocol.proto.HdfsServerProtos$RemoteEditLogProto'.
2024-11-12 13:43:15,771 INFO  MethodCallReplacementClassAdapter - Adding mock interface to class org/apache/hadoop/hdfs/protocol/proto/HdfsServerProtos$RemoteEditLogProto
2024-11-12 13:43:15,771 INFO  CreateClassResetClassAdapter - Found static initializer in class org/apache/hadoop/hdfs/protocol/proto/HdfsServerProtos$RemoteEditLogProto
2024-11-12 13:43:15,772 INFO  EvoClassLoader - Keeping class: org.apache.hadoop.hdfs.protocol.proto.HdfsServerProtos$RemoteEditLogProto
2024-11-12 13:43:15,778 INFO  EvoClassLoader - Seeing class for first time: com.ctc.wstx.io.MergedReader
2024-11-12 13:43:15,778 INFO  EvoClassLoader - Instrumenting class 'com.ctc.wstx.io.MergedReader'.
2024-11-12 13:43:15,779 INFO  MethodCallReplacementClassAdapter - Adding mock interface to class com/ctc/wstx/io/MergedReader
2024-11-12 13:43:15,779 INFO  CreateClassResetClassAdapter - Creating brand-new static initializer in class com/ctc/wstx/io/MergedReader
2024-11-12 13:43:15,779 INFO  EvoClassLoader - Keeping class: com.ctc.wstx.io.MergedReader
2024-11-12 13:43:15,779 INFO  EvoClassLoader - Seeing class for first time: org.apache.hadoop.hdfs.qjournal.protocol.QJournalProtocolProtos$FinalizeLogSegmentRequestProto
2024-11-12 13:43:15,779 INFO  EvoClassLoader - Instrumenting class 'org.apache.hadoop.hdfs.qjournal.protocol.QJournalProtocolProtos$FinalizeLogSegmentRequestProto'.
2024-11-12 13:43:15,780 INFO  MethodCallReplacementClassAdapter - Adding mock interface to class org/apache/hadoop/hdfs/qjournal/protocol/QJournalProtocolProtos$FinalizeLogSegmentRequestProto
2024-11-12 13:43:15,780 INFO  CreateClassResetClassAdapter - Found static initializer in class org/apache/hadoop/hdfs/qjournal/protocol/QJournalProtocolProtos$FinalizeLogSegmentRequestProto
2024-11-12 13:43:15,780 INFO  EvoClassLoader - Keeping class: org.apache.hadoop.hdfs.qjournal.protocol.QJournalProtocolProtos$FinalizeLogSegmentRequestProto
2024-11-12 13:43:15,781 INFO  EvoClassLoader - Seeing class for first time: org.apache.hadoop.hdfs.qjournal.protocol.QJournalProtocolProtos$FinalizeLogSegmentRequestProto$1
2024-11-12 13:43:15,781 INFO  EvoClassLoader - Instrumenting class 'org.apache.hadoop.hdfs.qjournal.protocol.QJournalProtocolProtos$FinalizeLogSegmentRequestProto$1'.
2024-11-12 13:43:15,781 INFO  MethodCallReplacementClassAdapter - Adding mock interface to class org/apache/hadoop/hdfs/qjournal/protocol/QJournalProtocolProtos$FinalizeLogSegmentRequestProto$1
2024-11-12 13:43:15,781 INFO  EvoClassLoader - Keeping class: org.apache.hadoop.hdfs.qjournal.protocol.QJournalProtocolProtos$FinalizeLogSegmentRequestProto$1
2024-11-12 13:43:15,781 INFO  EvoClassLoader - Seeing class for first time: org.apache.hadoop.thirdparty.protobuf.DescriptorProtos$ExtensionRangeOptions$Builder
2024-11-12 13:43:15,781 INFO  EvoClassLoader - Instrumenting class 'org.apache.hadoop.thirdparty.protobuf.DescriptorProtos$ExtensionRangeOptions$Builder'.
2024-11-12 13:43:15,781 INFO  MethodCallReplacementClassAdapter - Adding mock interface to class org/apache/hadoop/thirdparty/protobuf/DescriptorProtos$ExtensionRangeOptions$Builder
2024-11-12 13:43:15,782 INFO  CreateClassResetClassAdapter - Creating brand-new static initializer in class org/apache/hadoop/thirdparty/protobuf/DescriptorProtos$ExtensionRangeOptions$Builder
2024-11-12 13:43:15,783 INFO  EvoClassLoader - Keeping class: org.apache.hadoop.thirdparty.protobuf.DescriptorProtos$ExtensionRangeOptions$Builder
2024-11-12 13:43:15,783 INFO  EvoClassLoader - Seeing class for first time: org.apache.hadoop.hdfs.server.common.HdfsServerConstants$NodeType
2024-11-12 13:43:15,783 INFO  EvoClassLoader - Instrumenting class 'org.apache.hadoop.hdfs.server.common.HdfsServerConstants$NodeType'.
2024-11-12 13:43:15,784 INFO  MethodCallReplacementClassAdapter - Adding mock interface to class org/apache/hadoop/hdfs/server/common/HdfsServerConstants$NodeType
2024-11-12 13:43:15,784 INFO  CreateClassResetClassAdapter - Found static initializer in class org/apache/hadoop/hdfs/server/common/HdfsServerConstants$NodeType
2024-11-12 13:43:15,784 INFO  EvoClassLoader - Keeping class: org.apache.hadoop.hdfs.server.common.HdfsServerConstants$NodeType
2024-11-12 13:43:15,784 INFO  EvoClassLoader - Seeing class for first time: org.apache.hadoop.fs.impl.FutureDataInputStreamBuilderImpl
2024-11-12 13:43:15,784 INFO  EvoClassLoader - Instrumenting class 'org.apache.hadoop.fs.impl.FutureDataInputStreamBuilderImpl'.
2024-11-12 13:43:15,785 INFO  MethodCallReplacementClassAdapter - Adding mock interface to class org/apache/hadoop/fs/impl/FutureDataInputStreamBuilderImpl
2024-11-12 13:43:15,785 INFO  CreateClassResetClassAdapter - Creating brand-new static initializer in class org/apache/hadoop/fs/impl/FutureDataInputStreamBuilderImpl
2024-11-12 13:43:15,785 INFO  EvoClassLoader - Keeping class: org.apache.hadoop.fs.impl.FutureDataInputStreamBuilderImpl
2024-11-12 13:43:15,785 INFO  EvoClassLoader - Seeing class for first time: org.apache.hadoop.fs.FileSystem$FSDataInputStreamBuilder
2024-11-12 13:43:15,785 INFO  EvoClassLoader - Instrumenting class 'org.apache.hadoop.fs.FileSystem$FSDataInputStreamBuilder'.
2024-11-12 13:43:15,785 INFO  MethodCallReplacementClassAdapter - Adding mock interface to class org/apache/hadoop/fs/FileSystem$FSDataInputStreamBuilder
2024-11-12 13:43:15,785 INFO  CreateClassResetClassAdapter - Creating brand-new static initializer in class org/apache/hadoop/fs/FileSystem$FSDataInputStreamBuilder
2024-11-12 13:43:15,786 INFO  EvoClassLoader - Keeping class: org.apache.hadoop.fs.FileSystem$FSDataInputStreamBuilder
2024-11-12 13:43:15,786 INFO  EvoClassLoader - Seeing class for first time: org.apache.hadoop.fs.ChecksumFileSystem$ChecksumFSInputChecker
2024-11-12 13:43:15,786 INFO  EvoClassLoader - Instrumenting class 'org.apache.hadoop.fs.ChecksumFileSystem$ChecksumFSInputChecker'.
2024-11-12 13:43:15,786 INFO  MethodCallReplacementClassAdapter - Adding mock interface to class org/apache/hadoop/fs/ChecksumFileSystem$ChecksumFSInputChecker
2024-11-12 13:43:15,787 INFO  CreateClassResetClassAdapter - Found static initializer in class org/apache/hadoop/fs/ChecksumFileSystem$ChecksumFSInputChecker
2024-11-12 13:43:15,787 INFO  EvoClassLoader - Keeping class: org.apache.hadoop.fs.ChecksumFileSystem$ChecksumFSInputChecker
2024-11-12 13:43:15,787 INFO  EvoClassLoader - Seeing class for first time: org.apache.hadoop.fs.ChecksumFileSystem$9
2024-11-12 13:43:15,787 INFO  EvoClassLoader - Instrumenting class 'org.apache.hadoop.fs.ChecksumFileSystem$9'.
2024-11-12 13:43:15,787 INFO  MethodCallReplacementClassAdapter - Adding mock interface to class org/apache/hadoop/fs/ChecksumFileSystem$9
2024-11-12 13:43:15,787 INFO  EvoClassLoader - Keeping class: org.apache.hadoop.fs.ChecksumFileSystem$9
2024-11-12 13:43:15,788 INFO  EvoClassLoader - Seeing class for first time: org.apache.hadoop.hdfs.server.datanode.DataStorage
2024-11-12 13:43:15,788 INFO  EvoClassLoader - Instrumenting class 'org.apache.hadoop.hdfs.server.datanode.DataStorage'.
2024-11-12 13:43:15,788 INFO  MethodCallReplacementClassAdapter - Adding mock interface to class org/apache/hadoop/hdfs/server/datanode/DataStorage
2024-11-12 13:43:15,790 INFO  CreateClassResetClassAdapter - Found static initializer in class org/apache/hadoop/hdfs/server/datanode/DataStorage
2024-11-12 13:43:15,791 INFO  EvoClassLoader - Keeping class: org.apache.hadoop.hdfs.server.datanode.DataStorage
2024-11-12 13:43:15,793 INFO  EvoClassLoader - Seeing class for first time: org.apache.hadoop.hdfs.protocol.HdfsConstants$DatanodeReportType
2024-11-12 13:43:15,793 INFO  EvoClassLoader - Instrumenting class 'org.apache.hadoop.hdfs.protocol.HdfsConstants$DatanodeReportType'.
2024-11-12 13:43:15,793 INFO  MethodCallReplacementClassAdapter - Adding mock interface to class org/apache/hadoop/hdfs/protocol/HdfsConstants$DatanodeReportType
2024-11-12 13:43:15,793 INFO  CreateClassResetClassAdapter - Found static initializer in class org/apache/hadoop/hdfs/protocol/HdfsConstants$DatanodeReportType
2024-11-12 13:43:15,793 INFO  EvoClassLoader - Keeping class: org.apache.hadoop.hdfs.protocol.HdfsConstants$DatanodeReportType
2024-11-12 13:43:15,794 INFO  EvoClassLoader - Seeing class for first time: org.apache.hadoop.hdfs.server.datanode.LocalReplica$ReplicaDirInfo
2024-11-12 13:43:15,794 INFO  EvoClassLoader - Instrumenting class 'org.apache.hadoop.hdfs.server.datanode.LocalReplica$ReplicaDirInfo'.
2024-11-12 13:43:15,794 INFO  MethodCallReplacementClassAdapter - Adding mock interface to class org/apache/hadoop/hdfs/server/datanode/LocalReplica$ReplicaDirInfo
2024-11-12 13:43:15,794 INFO  CreateClassResetClassAdapter - Creating brand-new static initializer in class org/apache/hadoop/hdfs/server/datanode/LocalReplica$ReplicaDirInfo
2024-11-12 13:43:15,794 INFO  EvoClassLoader - Keeping class: org.apache.hadoop.hdfs.server.datanode.LocalReplica$ReplicaDirInfo
2024-11-12 13:43:15,794 INFO  EvoClassLoader - Seeing class for first time: org.apache.hadoop.hdfs.qjournal.protocol.QJournalProtocolProtos$GetJournalCTimeResponseProto
2024-11-12 13:43:15,794 INFO  EvoClassLoader - Instrumenting class 'org.apache.hadoop.hdfs.qjournal.protocol.QJournalProtocolProtos$GetJournalCTimeResponseProto'.
2024-11-12 13:43:15,794 INFO  MethodCallReplacementClassAdapter - Adding mock interface to class org/apache/hadoop/hdfs/qjournal/protocol/QJournalProtocolProtos$GetJournalCTimeResponseProto
2024-11-12 13:43:15,794 INFO  CreateClassResetClassAdapter - Found static initializer in class org/apache/hadoop/hdfs/qjournal/protocol/QJournalProtocolProtos$GetJournalCTimeResponseProto
2024-11-12 13:43:15,795 INFO  EvoClassLoader - Keeping class: org.apache.hadoop.hdfs.qjournal.protocol.QJournalProtocolProtos$GetJournalCTimeResponseProto
2024-11-12 13:43:15,795 INFO  EvoClassLoader - Seeing class for first time: org.apache.hadoop.hdfs.protocol.DirectoryListing
2024-11-12 13:43:15,795 INFO  EvoClassLoader - Instrumenting class 'org.apache.hadoop.hdfs.protocol.DirectoryListing'.
2024-11-12 13:43:15,795 INFO  MethodCallReplacementClassAdapter - Adding mock interface to class org/apache/hadoop/hdfs/protocol/DirectoryListing
2024-11-12 13:43:15,796 INFO  CreateClassResetClassAdapter - Creating brand-new static initializer in class org/apache/hadoop/hdfs/protocol/DirectoryListing
2024-11-12 13:43:15,796 INFO  EvoClassLoader - Keeping class: org.apache.hadoop.hdfs.protocol.DirectoryListing
2024-11-12 13:43:15,796 INFO  EvoClassLoader - Seeing class for first time: org.apache.hadoop.hdfs.qjournal.protocol.QJournalProtocolProtos$DoFinalizeRequestProto$Builder
2024-11-12 13:43:15,796 INFO  EvoClassLoader - Instrumenting class 'org.apache.hadoop.hdfs.qjournal.protocol.QJournalProtocolProtos$DoFinalizeRequestProto$Builder'.
2024-11-12 13:43:15,796 INFO  MethodCallReplacementClassAdapter - Adding mock interface to class org/apache/hadoop/hdfs/qjournal/protocol/QJournalProtocolProtos$DoFinalizeRequestProto$Builder
2024-11-12 13:43:15,797 INFO  CreateClassResetClassAdapter - Creating brand-new static initializer in class org/apache/hadoop/hdfs/qjournal/protocol/QJournalProtocolProtos$DoFinalizeRequestProto$Builder
2024-11-12 13:43:15,798 INFO  EvoClassLoader - Keeping class: org.apache.hadoop.hdfs.qjournal.protocol.QJournalProtocolProtos$DoFinalizeRequestProto$Builder
2024-11-12 13:43:15,798 INFO  EvoClassLoader - Seeing class for first time: org.apache.hadoop.conf.Configuration$IntegerRanges
2024-11-12 13:43:15,798 INFO  EvoClassLoader - Instrumenting class 'org.apache.hadoop.conf.Configuration$IntegerRanges'.
2024-11-12 13:43:15,798 INFO  MethodCallReplacementClassAdapter - Adding mock interface to class org/apache/hadoop/conf/Configuration$IntegerRanges
2024-11-12 13:43:15,799 INFO  CreateClassResetClassAdapter - Creating brand-new static initializer in class org/apache/hadoop/conf/Configuration$IntegerRanges
2024-11-12 13:43:15,799 INFO  EvoClassLoader - Keeping class: org.apache.hadoop.conf.Configuration$IntegerRanges
2024-11-12 13:43:15,799 INFO  EvoClassLoader - Seeing class for first time: org.apache.hadoop.fs.LocalFileSystemPathHandle
2024-11-12 13:43:15,799 INFO  EvoClassLoader - Instrumenting class 'org.apache.hadoop.fs.LocalFileSystemPathHandle'.
2024-11-12 13:43:15,799 INFO  MethodCallReplacementClassAdapter - Adding mock interface to class org/apache/hadoop/fs/LocalFileSystemPathHandle
2024-11-12 13:43:15,800 INFO  CreateClassResetClassAdapter - Creating brand-new static initializer in class org/apache/hadoop/fs/LocalFileSystemPathHandle
2024-11-12 13:43:15,800 INFO  EvoClassLoader - Keeping class: org.apache.hadoop.fs.LocalFileSystemPathHandle
2024-11-12 13:43:15,800 INFO  EvoClassLoader - Seeing class for first time: org.apache.commons.cli.MissingOptionException
2024-11-12 13:43:15,800 INFO  EvoClassLoader - Instrumenting class 'org.apache.commons.cli.MissingOptionException'.
2024-11-12 13:43:15,800 INFO  MethodCallReplacementClassAdapter - Adding mock interface to class org/apache/commons/cli/MissingOptionException
2024-11-12 13:43:15,800 INFO  CreateClassResetClassAdapter - Creating brand-new static initializer in class org/apache/commons/cli/MissingOptionException
2024-11-12 13:43:15,800 INFO  EvoClassLoader - Keeping class: org.apache.commons.cli.MissingOptionException
2024-11-12 13:43:15,800 INFO  EvoClassLoader - Seeing class for first time: org.apache.hadoop.hdfs.qjournal.protocol.QJournalProtocolProtos$GetJournaledEditsRequestProto$1
2024-11-12 13:43:15,800 INFO  EvoClassLoader - Instrumenting class 'org.apache.hadoop.hdfs.qjournal.protocol.QJournalProtocolProtos$GetJournaledEditsRequestProto$1'.
2024-11-12 13:43:15,801 INFO  MethodCallReplacementClassAdapter - Adding mock interface to class org/apache/hadoop/hdfs/qjournal/protocol/QJournalProtocolProtos$GetJournaledEditsRequestProto$1
2024-11-12 13:43:15,801 INFO  EvoClassLoader - Keeping class: org.apache.hadoop.hdfs.qjournal.protocol.QJournalProtocolProtos$GetJournaledEditsRequestProto$1
2024-11-12 13:43:15,801 INFO  EvoClassLoader - Seeing class for first time: org.apache.hadoop.hdfs.server.datanode.web.DatanodeHttpServer
2024-11-12 13:43:15,801 INFO  EvoClassLoader - Instrumenting class 'org.apache.hadoop.hdfs.server.datanode.web.DatanodeHttpServer'.
2024-11-12 13:43:15,801 INFO  MethodCallReplacementClassAdapter - Adding mock interface to class org/apache/hadoop/hdfs/server/datanode/web/DatanodeHttpServer
2024-11-12 13:43:15,802 INFO  CreateClassResetClassAdapter - Found static initializer in class org/apache/hadoop/hdfs/server/datanode/web/DatanodeHttpServer
2024-11-12 13:43:15,803 INFO  EvoClassLoader - Defined package (3): package org.apache.hadoop.hdfs.server.datanode.web, 2070672523
2024-11-12 13:43:15,803 INFO  EvoClassLoader - Keeping class: org.apache.hadoop.hdfs.server.datanode.web.DatanodeHttpServer
2024-11-12 13:43:15,804 INFO  EvoClassLoader - Seeing class for first time: io.netty.channel.EventLoopGroup
2024-11-12 13:43:15,804 INFO  EvoClassLoader - Instrumenting class 'io.netty.channel.EventLoopGroup'.
2024-11-12 13:43:15,804 INFO  EvoClassLoader - Defined package (3): package io.netty.channel, -1443455697
2024-11-12 13:43:15,804 INFO  EvoClassLoader - Seeing class for first time: io.netty.util.concurrent.EventExecutorGroup
2024-11-12 13:43:15,804 INFO  EvoClassLoader - Instrumenting class 'io.netty.util.concurrent.EventExecutorGroup'.
2024-11-12 13:43:15,805 INFO  EvoClassLoader - Defined package (3): package io.netty.util.concurrent, 1377604431
2024-11-12 13:43:15,805 INFO  EvoClassLoader - Keeping class: io.netty.util.concurrent.EventExecutorGroup
2024-11-12 13:43:15,805 INFO  EvoClassLoader - Keeping class: io.netty.channel.EventLoopGroup
2024-11-12 13:43:15,805 INFO  EvoClassLoader - Seeing class for first time: io.netty.channel.ChannelHandler
2024-11-12 13:43:15,805 INFO  EvoClassLoader - Instrumenting class 'io.netty.channel.ChannelHandler'.
2024-11-12 13:43:15,805 INFO  EvoClassLoader - Keeping class: io.netty.channel.ChannelHandler
2024-11-12 13:43:15,805 INFO  EvoClassLoader - Seeing class for first time: io.netty.channel.ChannelFactory
2024-11-12 13:43:15,805 INFO  EvoClassLoader - Instrumenting class 'io.netty.channel.ChannelFactory'.
2024-11-12 13:43:15,806 INFO  EvoClassLoader - Seeing class for first time: io.netty.bootstrap.ChannelFactory
2024-11-12 13:43:15,806 INFO  EvoClassLoader - Instrumenting class 'io.netty.bootstrap.ChannelFactory'.
2024-11-12 13:43:15,806 INFO  EvoClassLoader - Defined package (3): package io.netty.bootstrap, 952734618
2024-11-12 13:43:15,806 INFO  EvoClassLoader - Keeping class: io.netty.bootstrap.ChannelFactory
2024-11-12 13:43:15,806 INFO  EvoClassLoader - Keeping class: io.netty.channel.ChannelFactory
2024-11-12 13:43:15,807 INFO  EvoClassLoader - Seeing class for first time: org.apache.hadoop.hdfs.protocol.proto.HdfsServerProtos$CheckpointSignatureProto
2024-11-12 13:43:15,807 INFO  EvoClassLoader - Instrumenting class 'org.apache.hadoop.hdfs.protocol.proto.HdfsServerProtos$CheckpointSignatureProto'.
2024-11-12 13:43:15,807 INFO  MethodCallReplacementClassAdapter - Adding mock interface to class org/apache/hadoop/hdfs/protocol/proto/HdfsServerProtos$CheckpointSignatureProto
2024-11-12 13:43:15,808 INFO  CreateClassResetClassAdapter - Found static initializer in class org/apache/hadoop/hdfs/protocol/proto/HdfsServerProtos$CheckpointSignatureProto
2024-11-12 13:43:15,809 INFO  EvoClassLoader - Keeping class: org.apache.hadoop.hdfs.protocol.proto.HdfsServerProtos$CheckpointSignatureProto
2024-11-12 13:43:15,809 INFO  EvoClassLoader - Seeing class for first time: org.apache.hadoop.hdfs.protocol.proto.HdfsServerProtos$CheckpointSignatureProto$1
2024-11-12 13:43:15,809 INFO  EvoClassLoader - Instrumenting class 'org.apache.hadoop.hdfs.protocol.proto.HdfsServerProtos$CheckpointSignatureProto$1'.
2024-11-12 13:43:15,809 INFO  MethodCallReplacementClassAdapter - Adding mock interface to class org/apache/hadoop/hdfs/protocol/proto/HdfsServerProtos$CheckpointSignatureProto$1
2024-11-12 13:43:15,810 INFO  EvoClassLoader - Keeping class: org.apache.hadoop.hdfs.protocol.proto.HdfsServerProtos$CheckpointSignatureProto$1
2024-11-12 13:43:15,810 INFO  EvoClassLoader - Seeing class for first time: org.apache.hadoop.hdfs.qjournal.protocol.QJournalProtocolProtos$IsFormattedRequestProto$1
2024-11-12 13:43:15,810 INFO  EvoClassLoader - Instrumenting class 'org.apache.hadoop.hdfs.qjournal.protocol.QJournalProtocolProtos$IsFormattedRequestProto$1'.
2024-11-12 13:43:15,810 INFO  MethodCallReplacementClassAdapter - Adding mock interface to class org/apache/hadoop/hdfs/qjournal/protocol/QJournalProtocolProtos$IsFormattedRequestProto$1
2024-11-12 13:43:15,810 INFO  EvoClassLoader - Keeping class: org.apache.hadoop.hdfs.qjournal.protocol.QJournalProtocolProtos$IsFormattedRequestProto$1
2024-11-12 13:43:15,811 INFO  EvoClassLoader - Seeing class for first time: org.apache.hadoop.hdfs.protocol.datatransfer.InvalidEncryptionKeyException
2024-11-12 13:43:15,811 INFO  EvoClassLoader - Instrumenting class 'org.apache.hadoop.hdfs.protocol.datatransfer.InvalidEncryptionKeyException'.
2024-11-12 13:43:15,811 INFO  MethodCallReplacementClassAdapter - Adding mock interface to class org/apache/hadoop/hdfs/protocol/datatransfer/InvalidEncryptionKeyException
2024-11-12 13:43:15,811 INFO  CreateClassResetClassAdapter - Creating brand-new static initializer in class org/apache/hadoop/hdfs/protocol/datatransfer/InvalidEncryptionKeyException
2024-11-12 13:43:15,811 INFO  EvoClassLoader - Keeping class: org.apache.hadoop.hdfs.protocol.datatransfer.InvalidEncryptionKeyException
2024-11-12 13:43:15,812 INFO  EvoClassLoader - Seeing class for first time: org.apache.hadoop.hdfs.qjournal.protocol.QJournalProtocolProtos$DiscardSegmentsRequestProto$Builder
2024-11-12 13:43:15,812 INFO  EvoClassLoader - Instrumenting class 'org.apache.hadoop.hdfs.qjournal.protocol.QJournalProtocolProtos$DiscardSegmentsRequestProto$Builder'.
2024-11-12 13:43:15,812 INFO  MethodCallReplacementClassAdapter - Adding mock interface to class org/apache/hadoop/hdfs/qjournal/protocol/QJournalProtocolProtos$DiscardSegmentsRequestProto$Builder
2024-11-12 13:43:15,813 INFO  CreateClassResetClassAdapter - Creating brand-new static initializer in class org/apache/hadoop/hdfs/qjournal/protocol/QJournalProtocolProtos$DiscardSegmentsRequestProto$Builder
2024-11-12 13:43:15,814 INFO  EvoClassLoader - Seeing class for first time: org.apache.hadoop.hdfs.qjournal.protocol.QJournalProtocolProtos$DiscardSegmentsRequestProtoOrBuilder
2024-11-12 13:43:15,814 INFO  EvoClassLoader - Instrumenting class 'org.apache.hadoop.hdfs.qjournal.protocol.QJournalProtocolProtos$DiscardSegmentsRequestProtoOrBuilder'.
2024-11-12 13:43:15,814 INFO  EvoClassLoader - Keeping class: org.apache.hadoop.hdfs.qjournal.protocol.QJournalProtocolProtos$DiscardSegmentsRequestProtoOrBuilder
2024-11-12 13:43:15,814 INFO  EvoClassLoader - Keeping class: org.apache.hadoop.hdfs.qjournal.protocol.QJournalProtocolProtos$DiscardSegmentsRequestProto$Builder
2024-11-12 13:43:15,815 INFO  EvoClassLoader - Seeing class for first time: org.apache.hadoop.io.ElasticByteBufferPool$Key
2024-11-12 13:43:15,815 INFO  EvoClassLoader - Instrumenting class 'org.apache.hadoop.io.ElasticByteBufferPool$Key'.
2024-11-12 13:43:15,815 INFO  MethodCallReplacementClassAdapter - Adding mock interface to class org/apache/hadoop/io/ElasticByteBufferPool$Key
2024-11-12 13:43:15,815 INFO  CreateClassResetClassAdapter - Creating brand-new static initializer in class org/apache/hadoop/io/ElasticByteBufferPool$Key
2024-11-12 13:43:15,815 INFO  EvoClassLoader - Keeping class: org.apache.hadoop.io.ElasticByteBufferPool$Key
2024-11-12 13:43:15,815 INFO  EvoClassLoader - Seeing class for first time: org.apache.hadoop.hdfs.qjournal.protocol.QJournalProtocolProtos$FormatResponseProto
2024-11-12 13:43:15,815 INFO  EvoClassLoader - Instrumenting class 'org.apache.hadoop.hdfs.qjournal.protocol.QJournalProtocolProtos$FormatResponseProto'.
2024-11-12 13:43:15,816 INFO  MethodCallReplacementClassAdapter - Adding mock interface to class org/apache/hadoop/hdfs/qjournal/protocol/QJournalProtocolProtos$FormatResponseProto
2024-11-12 13:43:15,816 INFO  CreateClassResetClassAdapter - Found static initializer in class org/apache/hadoop/hdfs/qjournal/protocol/QJournalProtocolProtos$FormatResponseProto
2024-11-12 13:43:15,816 INFO  EvoClassLoader - Keeping class: org.apache.hadoop.hdfs.qjournal.protocol.QJournalProtocolProtos$FormatResponseProto
2024-11-12 13:43:15,816 INFO  EvoClassLoader - Seeing class for first time: org.apache.hadoop.thirdparty.com.google.common.primitives.Longs
2024-11-12 13:43:15,816 INFO  EvoClassLoader - Instrumenting class 'org.apache.hadoop.thirdparty.com.google.common.primitives.Longs'.
2024-11-12 13:43:15,817 INFO  MethodCallReplacementClassAdapter - Adding mock interface to class org/apache/hadoop/thirdparty/com/google/common/primitives/Longs
2024-11-12 13:43:15,817 INFO  CreateClassResetClassAdapter - Creating brand-new static initializer in class org/apache/hadoop/thirdparty/com/google/common/primitives/Longs
2024-11-12 13:43:15,817 INFO  CreateClassResetClassAdapter - Adding bytecode for initializing field BYTES
2024-11-12 13:43:15,817 INFO  CreateClassResetClassAdapter - Adding bytecode for initializing field MAX_POWER_OF_TWO
2024-11-12 13:43:15,818 INFO  EvoClassLoader - Keeping class: org.apache.hadoop.thirdparty.com.google.common.primitives.Longs
2024-11-12 13:43:15,818 INFO  EvoClassLoader - Seeing class for first time: org.apache.hadoop.hdfs.protocol.SnapshotStatus
2024-11-12 13:43:15,818 INFO  EvoClassLoader - Instrumenting class 'org.apache.hadoop.hdfs.protocol.SnapshotStatus'.
2024-11-12 13:43:15,818 INFO  MethodCallReplacementClassAdapter - Adding mock interface to class org/apache/hadoop/hdfs/protocol/SnapshotStatus
2024-11-12 13:43:15,819 INFO  CreateClassResetClassAdapter - Creating brand-new static initializer in class org/apache/hadoop/hdfs/protocol/SnapshotStatus
2024-11-12 13:43:15,819 INFO  EvoClassLoader - Keeping class: org.apache.hadoop.hdfs.protocol.SnapshotStatus
2024-11-12 13:43:15,819 INFO  EvoClassLoader - Seeing class for first time: org.apache.hadoop.fs.Path
2024-11-12 13:43:15,819 INFO  EvoClassLoader - Instrumenting class 'org.apache.hadoop.fs.Path'.
2024-11-12 13:43:15,820 INFO  MethodCallReplacementClassAdapter - Adding mock interface to class org/apache/hadoop/fs/Path
2024-11-12 13:43:15,820 INFO  CreateClassResetClassAdapter - Found static initializer in class org/apache/hadoop/fs/Path
2024-11-12 13:43:15,821 INFO  EvoClassLoader - Keeping class: org.apache.hadoop.fs.Path
2024-11-12 13:43:15,822 INFO  EvoClassLoader - Seeing class for first time: net.bytebuddy.description.type.TypeDescription$Generic$OfNonGenericType$ForLoadedType
2024-11-12 13:43:15,822 INFO  EvoClassLoader - Instrumenting class 'net.bytebuddy.description.type.TypeDescription$Generic$OfNonGenericType$ForLoadedType'.
2024-11-12 13:43:15,822 INFO  MethodCallReplacementClassAdapter - Adding mock interface to class net/bytebuddy/description/type/TypeDescription$Generic$OfNonGenericType$ForLoadedType
2024-11-12 13:43:15,823 INFO  CreateClassResetClassAdapter - Found static initializer in class net/bytebuddy/description/type/TypeDescription$Generic$OfNonGenericType$ForLoadedType
2024-11-12 13:43:15,824 INFO  EvoClassLoader - Seeing class for first time: net.bytebuddy.description.type.TypeDescription$Generic$OfNonGenericType
2024-11-12 13:43:15,824 INFO  EvoClassLoader - Instrumenting class 'net.bytebuddy.description.type.TypeDescription$Generic$OfNonGenericType'.
2024-11-12 13:43:15,824 INFO  MethodCallReplacementClassAdapter - Adding mock interface to class net/bytebuddy/description/type/TypeDescription$Generic$OfNonGenericType
2024-11-12 13:43:15,827 INFO  CreateClassResetClassAdapter - Creating brand-new static initializer in class net/bytebuddy/description/type/TypeDescription$Generic$OfNonGenericType
2024-11-12 13:43:15,827 INFO  EvoClassLoader - Seeing class for first time: net.bytebuddy.description.type.TypeDescription$Generic$AbstractBase
2024-11-12 13:43:15,827 INFO  EvoClassLoader - Instrumenting class 'net.bytebuddy.description.type.TypeDescription$Generic$AbstractBase'.
2024-11-12 13:43:15,827 INFO  MethodCallReplacementClassAdapter - Adding mock interface to class net/bytebuddy/description/type/TypeDescription$Generic$AbstractBase
2024-11-12 13:43:15,827 INFO  CreateClassResetClassAdapter - Creating brand-new static initializer in class net/bytebuddy/description/type/TypeDescription$Generic$AbstractBase
2024-11-12 13:43:15,828 INFO  EvoClassLoader - Seeing class for first time: net.bytebuddy.description.ModifierReviewable$AbstractBase
2024-11-12 13:43:15,828 INFO  EvoClassLoader - Instrumenting class 'net.bytebuddy.description.ModifierReviewable$AbstractBase'.
2024-11-12 13:43:15,828 INFO  MethodCallReplacementClassAdapter - Adding mock interface to class net/bytebuddy/description/ModifierReviewable$AbstractBase
2024-11-12 13:43:15,829 INFO  CreateClassResetClassAdapter - Creating brand-new static initializer in class net/bytebuddy/description/ModifierReviewable$AbstractBase
2024-11-12 13:43:15,829 INFO  EvoClassLoader - Seeing class for first time: net.bytebuddy.description.ModifierReviewable$ForFieldDescription
2024-11-12 13:43:15,829 INFO  EvoClassLoader - Instrumenting class 'net.bytebuddy.description.ModifierReviewable$ForFieldDescription'.
2024-11-12 13:43:15,829 INFO  EvoClassLoader - Keeping class: net.bytebuddy.description.ModifierReviewable$ForFieldDescription
2024-11-12 13:43:15,829 INFO  EvoClassLoader - Seeing class for first time: net.bytebuddy.description.ModifierReviewable$ForMethodDescription
2024-11-12 13:43:15,829 INFO  EvoClassLoader - Instrumenting class 'net.bytebuddy.description.ModifierReviewable$ForMethodDescription'.
2024-11-12 13:43:15,829 INFO  EvoClassLoader - Keeping class: net.bytebuddy.description.ModifierReviewable$ForMethodDescription
2024-11-12 13:43:15,830 INFO  EvoClassLoader - Seeing class for first time: net.bytebuddy.description.ModifierReviewable$ForParameterDescription
2024-11-12 13:43:15,830 INFO  EvoClassLoader - Instrumenting class 'net.bytebuddy.description.ModifierReviewable$ForParameterDescription'.
2024-11-12 13:43:15,830 INFO  EvoClassLoader - Keeping class: net.bytebuddy.description.ModifierReviewable$ForParameterDescription
2024-11-12 13:43:15,830 INFO  EvoClassLoader - Keeping class: net.bytebuddy.description.ModifierReviewable$AbstractBase
2024-11-12 13:43:15,830 INFO  EvoClassLoader - Keeping class: net.bytebuddy.description.type.TypeDescription$Generic$AbstractBase
2024-11-12 13:43:15,830 INFO  EvoClassLoader - Keeping class: net.bytebuddy.description.type.TypeDescription$Generic$OfNonGenericType
2024-11-12 13:43:15,830 INFO  EvoClassLoader - Keeping class: net.bytebuddy.description.type.TypeDescription$Generic$OfNonGenericType$ForLoadedType
2024-11-12 13:43:15,831 INFO  EvoClassLoader - Seeing class for first time: net.bytebuddy.description.type.TypeDescription$Generic$Visitor$NoOp
2024-11-12 13:43:15,831 INFO  EvoClassLoader - Instrumenting class 'net.bytebuddy.description.type.TypeDescription$Generic$Visitor$NoOp'.
2024-11-12 13:43:15,831 INFO  MethodCallReplacementClassAdapter - Adding mock interface to class net/bytebuddy/description/type/TypeDescription$Generic$Visitor$NoOp
2024-11-12 13:43:15,831 INFO  CreateClassResetClassAdapter - Found static initializer in class net/bytebuddy/description/type/TypeDescription$Generic$Visitor$NoOp
2024-11-12 13:43:15,831 INFO  EvoClassLoader - Seeing class for first time: net.bytebuddy.description.type.TypeDescription$Generic$Visitor
2024-11-12 13:43:15,831 INFO  EvoClassLoader - Instrumenting class 'net.bytebuddy.description.type.TypeDescription$Generic$Visitor'.
2024-11-12 13:43:15,831 INFO  EvoClassLoader - Keeping class: net.bytebuddy.description.type.TypeDescription$Generic$Visitor
2024-11-12 13:43:15,832 INFO  EvoClassLoader - Keeping class: net.bytebuddy.description.type.TypeDescription$Generic$Visitor$NoOp
2024-11-12 13:43:15,832 INFO  EvoClassLoader - Seeing class for first time: net.bytebuddy.description.type.TypeDescription$Generic$Visitor$ForRawType
2024-11-12 13:43:15,832 INFO  EvoClassLoader - Instrumenting class 'net.bytebuddy.description.type.TypeDescription$Generic$Visitor$ForRawType'.
2024-11-12 13:43:15,832 INFO  MethodCallReplacementClassAdapter - Adding mock interface to class net/bytebuddy/description/type/TypeDescription$Generic$Visitor$ForRawType
2024-11-12 13:43:15,833 INFO  CreateClassResetClassAdapter - Creating brand-new static initializer in class net/bytebuddy/description/type/TypeDescription$Generic$Visitor$ForRawType
2024-11-12 13:43:15,833 INFO  EvoClassLoader - Keeping class: net.bytebuddy.description.type.TypeDescription$Generic$Visitor$ForRawType
2024-11-12 13:43:15,833 INFO  EvoClassLoader - Seeing class for first time: net.bytebuddy.description.method.MethodList
2024-11-12 13:43:15,833 INFO  EvoClassLoader - Instrumenting class 'net.bytebuddy.description.method.MethodList'.
2024-11-12 13:43:15,833 INFO  EvoClassLoader - Defined package (3): package net.bytebuddy.description.method, 1532181236
2024-11-12 13:43:15,833 INFO  EvoClassLoader - Seeing class for first time: net.bytebuddy.matcher.FilterableList
2024-11-12 13:43:15,833 INFO  EvoClassLoader - Instrumenting class 'net.bytebuddy.matcher.FilterableList'.
2024-11-12 13:43:15,834 INFO  EvoClassLoader - Keeping class: net.bytebuddy.matcher.FilterableList
2024-11-12 13:43:15,834 INFO  EvoClassLoader - Keeping class: net.bytebuddy.description.method.MethodList
2024-11-12 13:43:15,834 INFO  EvoClassLoader - Seeing class for first time: net.bytebuddy.description.field.FieldList
2024-11-12 13:43:15,834 INFO  EvoClassLoader - Instrumenting class 'net.bytebuddy.description.field.FieldList'.
2024-11-12 13:43:15,834 INFO  EvoClassLoader - Defined package (3): package net.bytebuddy.description.field, -2035144569
2024-11-12 13:43:15,834 INFO  EvoClassLoader - Keeping class: net.bytebuddy.description.field.FieldList
2024-11-12 13:43:15,834 INFO  EvoClassLoader - Seeing class for first time: net.bytebuddy.description.type.TypeList$Generic
2024-11-12 13:43:15,834 INFO  EvoClassLoader - Instrumenting class 'net.bytebuddy.description.type.TypeList$Generic'.
2024-11-12 13:43:15,834 INFO  EvoClassLoader - Keeping class: net.bytebuddy.description.type.TypeList$Generic
2024-11-12 13:43:15,835 INFO  EvoClassLoader - Seeing class for first time: net.bytebuddy.description.type.TypeDescription$Generic$AnnotationReader
2024-11-12 13:43:15,835 INFO  EvoClassLoader - Instrumenting class 'net.bytebuddy.description.type.TypeDescription$Generic$AnnotationReader'.
2024-11-12 13:43:15,835 INFO  EvoClassLoader - Keeping class: net.bytebuddy.description.type.TypeDescription$Generic$AnnotationReader
2024-11-12 13:43:15,835 INFO  EvoClassLoader - Seeing class for first time: net.bytebuddy.dynamic.TargetType
2024-11-12 13:43:15,835 INFO  EvoClassLoader - Instrumenting class 'net.bytebuddy.dynamic.TargetType'.
2024-11-12 13:43:15,835 INFO  MethodCallReplacementClassAdapter - Adding mock interface to class net/bytebuddy/dynamic/TargetType
2024-11-12 13:43:15,835 INFO  CreateClassResetClassAdapter - Found static initializer in class net/bytebuddy/dynamic/TargetType
2024-11-12 13:43:15,835 INFO  EvoClassLoader - Defined package (3): package net.bytebuddy.dynamic, 1219921662
2024-11-12 13:43:15,836 INFO  EvoClassLoader - Keeping class: net.bytebuddy.dynamic.TargetType
2024-11-12 13:43:15,836 INFO  EvoClassLoader - Seeing class for first time: net.bytebuddy.description.type.TypeDescription$Generic$AnnotationReader$NoOp
2024-11-12 13:43:15,836 INFO  EvoClassLoader - Instrumenting class 'net.bytebuddy.description.type.TypeDescription$Generic$AnnotationReader$NoOp'.
2024-11-12 13:43:15,836 INFO  MethodCallReplacementClassAdapter - Adding mock interface to class net/bytebuddy/description/type/TypeDescription$Generic$AnnotationReader$NoOp
2024-11-12 13:43:15,836 INFO  CreateClassResetClassAdapter - Found static initializer in class net/bytebuddy/description/type/TypeDescription$Generic$AnnotationReader$NoOp
2024-11-12 13:43:15,837 INFO  EvoClassLoader - Keeping class: net.bytebuddy.description.type.TypeDescription$Generic$AnnotationReader$NoOp
2024-11-12 13:43:15,837 INFO  EvoClassLoader - Seeing class for first time: net.bytebuddy.description.annotation.AnnotationList
2024-11-12 13:43:15,837 INFO  EvoClassLoader - Instrumenting class 'net.bytebuddy.description.annotation.AnnotationList'.
2024-11-12 13:43:15,837 INFO  EvoClassLoader - Keeping class: net.bytebuddy.description.annotation.AnnotationList
2024-11-12 13:43:15,837 INFO  EvoClassLoader - Seeing class for first time: org.apache.hadoop.hdfs.server.datanode.metrics.DataNodeDiskMetrics
2024-11-12 13:43:15,837 INFO  EvoClassLoader - Instrumenting class 'org.apache.hadoop.hdfs.server.datanode.metrics.DataNodeDiskMetrics'.
2024-11-12 13:43:15,838 INFO  MethodCallReplacementClassAdapter - Adding mock interface to class org/apache/hadoop/hdfs/server/datanode/metrics/DataNodeDiskMetrics
2024-11-12 13:43:15,838 INFO  CreateClassResetClassAdapter - Found static initializer in class org/apache/hadoop/hdfs/server/datanode/metrics/DataNodeDiskMetrics
2024-11-12 13:43:15,838 INFO  EvoClassLoader - Keeping class: org.apache.hadoop.hdfs.server.datanode.metrics.DataNodeDiskMetrics
2024-11-12 13:43:15,839 INFO  EvoClassLoader - Seeing class for first time: org.apache.hadoop.hdfs.protocol.HdfsConstants$ReencryptAction
2024-11-12 13:43:15,839 INFO  EvoClassLoader - Instrumenting class 'org.apache.hadoop.hdfs.protocol.HdfsConstants$ReencryptAction'.
2024-11-12 13:43:15,839 INFO  MethodCallReplacementClassAdapter - Adding mock interface to class org/apache/hadoop/hdfs/protocol/HdfsConstants$ReencryptAction
2024-11-12 13:43:15,839 INFO  CreateClassResetClassAdapter - Found static initializer in class org/apache/hadoop/hdfs/protocol/HdfsConstants$ReencryptAction
2024-11-12 13:43:15,840 INFO  EvoClassLoader - Keeping class: org.apache.hadoop.hdfs.protocol.HdfsConstants$ReencryptAction
2024-11-12 13:43:15,840 INFO  EvoClassLoader - Seeing class for first time: org.apache.hadoop.fs.RawLocalFileSystem$LocalFSFileOutputStream
2024-11-12 13:43:15,840 INFO  EvoClassLoader - Instrumenting class 'org.apache.hadoop.fs.RawLocalFileSystem$LocalFSFileOutputStream'.
2024-11-12 13:43:15,840 INFO  MethodCallReplacementClassAdapter - Adding mock interface to class org/apache/hadoop/fs/RawLocalFileSystem$LocalFSFileOutputStream
2024-11-12 13:43:15,840 INFO  CreateClassResetClassAdapter - Creating brand-new static initializer in class org/apache/hadoop/fs/RawLocalFileSystem$LocalFSFileOutputStream
2024-11-12 13:43:15,841 INFO  EvoClassLoader - Keeping class: org.apache.hadoop.fs.RawLocalFileSystem$LocalFSFileOutputStream
2024-11-12 13:43:15,841 INFO  EvoClassLoader - Seeing class for first time: org.apache.hadoop.hdfs.qjournal.protocol.QJournalProtocolProtos$DoPreUpgradeRequestProto
2024-11-12 13:43:15,841 INFO  EvoClassLoader - Instrumenting class 'org.apache.hadoop.hdfs.qjournal.protocol.QJournalProtocolProtos$DoPreUpgradeRequestProto'.
2024-11-12 13:43:15,841 INFO  MethodCallReplacementClassAdapter - Adding mock interface to class org/apache/hadoop/hdfs/qjournal/protocol/QJournalProtocolProtos$DoPreUpgradeRequestProto
2024-11-12 13:43:15,842 INFO  CreateClassResetClassAdapter - Found static initializer in class org/apache/hadoop/hdfs/qjournal/protocol/QJournalProtocolProtos$DoPreUpgradeRequestProto
2024-11-12 13:43:15,842 INFO  EvoClassLoader - Keeping class: org.apache.hadoop.hdfs.qjournal.protocol.QJournalProtocolProtos$DoPreUpgradeRequestProto
2024-11-12 13:43:15,842 INFO  EvoClassLoader - Seeing class for first time: org.apache.hadoop.hdfs.qjournal.protocol.QJournalProtocolProtos$DoPreUpgradeRequestProto$1
2024-11-12 13:43:15,842 INFO  EvoClassLoader - Instrumenting class 'org.apache.hadoop.hdfs.qjournal.protocol.QJournalProtocolProtos$DoPreUpgradeRequestProto$1'.
2024-11-12 13:43:15,843 INFO  MethodCallReplacementClassAdapter - Adding mock interface to class org/apache/hadoop/hdfs/qjournal/protocol/QJournalProtocolProtos$DoPreUpgradeRequestProto$1
2024-11-12 13:43:15,843 INFO  EvoClassLoader - Keeping class: org.apache.hadoop.hdfs.qjournal.protocol.QJournalProtocolProtos$DoPreUpgradeRequestProto$1
2024-11-12 13:43:15,843 INFO  EvoClassLoader - Seeing class for first time: org.apache.hadoop.hdfs.qjournal.protocol.QJournalProtocolProtos$PersistedRecoveryPaxosData
2024-11-12 13:43:15,843 INFO  EvoClassLoader - Instrumenting class 'org.apache.hadoop.hdfs.qjournal.protocol.QJournalProtocolProtos$PersistedRecoveryPaxosData'.
2024-11-12 13:43:15,843 INFO  MethodCallReplacementClassAdapter - Adding mock interface to class org/apache/hadoop/hdfs/qjournal/protocol/QJournalProtocolProtos$PersistedRecoveryPaxosData
2024-11-12 13:43:15,843 INFO  CreateClassResetClassAdapter - Found static initializer in class org/apache/hadoop/hdfs/qjournal/protocol/QJournalProtocolProtos$PersistedRecoveryPaxosData
2024-11-12 13:43:15,844 INFO  EvoClassLoader - Keeping class: org.apache.hadoop.hdfs.qjournal.protocol.QJournalProtocolProtos$PersistedRecoveryPaxosData
2024-11-12 13:43:15,844 INFO  EvoClassLoader - Seeing class for first time: org.apache.hadoop.hdfs.protocol.datatransfer.sasl.SaslDataTransferServer
2024-11-12 13:43:15,844 INFO  EvoClassLoader - Instrumenting class 'org.apache.hadoop.hdfs.protocol.datatransfer.sasl.SaslDataTransferServer'.
2024-11-12 13:43:15,844 INFO  MethodCallReplacementClassAdapter - Adding mock interface to class org/apache/hadoop/hdfs/protocol/datatransfer/sasl/SaslDataTransferServer
2024-11-12 13:43:15,845 INFO  CreateClassResetClassAdapter - Found static initializer in class org/apache/hadoop/hdfs/protocol/datatransfer/sasl/SaslDataTransferServer
2024-11-12 13:43:15,846 INFO  EvoClassLoader - Keeping class: org.apache.hadoop.hdfs.protocol.datatransfer.sasl.SaslDataTransferServer
2024-11-12 13:43:15,846 INFO  EvoClassLoader - Seeing class for first time: org.apache.hadoop.hdfs.protocol.datatransfer.sasl.SaslDataTransferServer$PasswordFunction
2024-11-12 13:43:15,846 INFO  EvoClassLoader - Instrumenting class 'org.apache.hadoop.hdfs.protocol.datatransfer.sasl.SaslDataTransferServer$PasswordFunction'.
2024-11-12 13:43:15,846 INFO  EvoClassLoader - Keeping class: org.apache.hadoop.hdfs.protocol.datatransfer.sasl.SaslDataTransferServer$PasswordFunction
2024-11-12 13:43:15,846 INFO  EvoClassLoader - Seeing class for first time: org.apache.hadoop.hdfs.protocol.datatransfer.sasl.InvalidMagicNumberException
2024-11-12 13:43:15,846 INFO  EvoClassLoader - Instrumenting class 'org.apache.hadoop.hdfs.protocol.datatransfer.sasl.InvalidMagicNumberException'.
2024-11-12 13:43:15,846 INFO  MethodCallReplacementClassAdapter - Adding mock interface to class org/apache/hadoop/hdfs/protocol/datatransfer/sasl/InvalidMagicNumberException
2024-11-12 13:43:15,846 INFO  CreateClassResetClassAdapter - Creating brand-new static initializer in class org/apache/hadoop/hdfs/protocol/datatransfer/sasl/InvalidMagicNumberException
2024-11-12 13:43:15,847 INFO  EvoClassLoader - Keeping class: org.apache.hadoop.hdfs.protocol.datatransfer.sasl.InvalidMagicNumberException
2024-11-12 13:43:15,847 INFO  EvoClassLoader - Seeing class for first time: org.apache.hadoop.thirdparty.protobuf.Field$Builder
2024-11-12 13:43:15,847 INFO  EvoClassLoader - Instrumenting class 'org.apache.hadoop.thirdparty.protobuf.Field$Builder'.
2024-11-12 13:43:15,847 INFO  MethodCallReplacementClassAdapter - Adding mock interface to class org/apache/hadoop/thirdparty/protobuf/Field$Builder
2024-11-12 13:43:15,849 INFO  CreateClassResetClassAdapter - Creating brand-new static initializer in class org/apache/hadoop/thirdparty/protobuf/Field$Builder
2024-11-12 13:43:15,849 INFO  EvoClassLoader - Keeping class: org.apache.hadoop.thirdparty.protobuf.Field$Builder
2024-11-12 13:43:15,850 INFO  EvoClassLoader - Seeing class for first time: org.apache.hadoop.fs.HarFileSystem$HarStatus
2024-11-12 13:43:15,850 INFO  EvoClassLoader - Instrumenting class 'org.apache.hadoop.fs.HarFileSystem$HarStatus'.
2024-11-12 13:43:15,850 INFO  MethodCallReplacementClassAdapter - Adding mock interface to class org/apache/hadoop/fs/HarFileSystem$HarStatus
2024-11-12 13:43:15,851 INFO  CreateClassResetClassAdapter - Creating brand-new static initializer in class org/apache/hadoop/fs/HarFileSystem$HarStatus
2024-11-12 13:43:15,851 INFO  EvoClassLoader - Keeping class: org.apache.hadoop.fs.HarFileSystem$HarStatus
2024-11-12 13:43:15,851 INFO  EvoClassLoader - Seeing class for first time: org.apache.hadoop.hdfs.qjournal.protocol.QJournalProtocolProtos$NewEpochRequestProto
2024-11-12 13:43:15,851 INFO  EvoClassLoader - Instrumenting class 'org.apache.hadoop.hdfs.qjournal.protocol.QJournalProtocolProtos$NewEpochRequestProto'.
2024-11-12 13:43:15,851 INFO  MethodCallReplacementClassAdapter - Adding mock interface to class org/apache/hadoop/hdfs/qjournal/protocol/QJournalProtocolProtos$NewEpochRequestProto
2024-11-12 13:43:15,852 INFO  CreateClassResetClassAdapter - Found static initializer in class org/apache/hadoop/hdfs/qjournal/protocol/QJournalProtocolProtos$NewEpochRequestProto
2024-11-12 13:43:15,852 INFO  EvoClassLoader - Keeping class: org.apache.hadoop.hdfs.qjournal.protocol.QJournalProtocolProtos$NewEpochRequestProto
2024-11-12 13:43:15,853 INFO  EvoClassLoader - Seeing class for first time: org.apache.hadoop.util.GenericOptionsParser
2024-11-12 13:43:15,853 INFO  EvoClassLoader - Instrumenting class 'org.apache.hadoop.util.GenericOptionsParser'.
2024-11-12 13:43:15,853 INFO  MethodCallReplacementClassAdapter - Adding mock interface to class org/apache/hadoop/util/GenericOptionsParser
2024-11-12 13:43:15,854 INFO  CreateClassResetClassAdapter - Found static initializer in class org/apache/hadoop/util/GenericOptionsParser
2024-11-12 13:43:15,855 INFO  EvoClassLoader - Keeping class: org.apache.hadoop.util.GenericOptionsParser
2024-11-12 13:43:15,855 INFO  EvoClassLoader - Seeing class for first time: org.apache.commons.cli.CommandLineParser
2024-11-12 13:43:15,855 INFO  EvoClassLoader - Instrumenting class 'org.apache.commons.cli.CommandLineParser'.
2024-11-12 13:43:15,855 INFO  EvoClassLoader - Keeping class: org.apache.commons.cli.CommandLineParser
2024-11-12 13:43:15,855 INFO  EvoClassLoader - Seeing class for first time: org.apache.hadoop.fs.GlobalStorageStatistics
2024-11-12 13:43:15,855 INFO  EvoClassLoader - Instrumenting class 'org.apache.hadoop.fs.GlobalStorageStatistics'.
2024-11-12 13:43:15,856 INFO  MethodCallReplacementClassAdapter - Adding mock interface to class org/apache/hadoop/fs/GlobalStorageStatistics
2024-11-12 13:43:15,856 INFO  CreateClassResetClassAdapter - Found static initializer in class org/apache/hadoop/fs/GlobalStorageStatistics
2024-11-12 13:43:15,856 INFO  EvoClassLoader - Keeping class: org.apache.hadoop.fs.GlobalStorageStatistics
2024-11-12 13:43:15,856 INFO  EvoClassLoader - Seeing class for first time: org.apache.commons.cli.GnuParser
2024-11-12 13:43:15,856 INFO  EvoClassLoader - Instrumenting class 'org.apache.commons.cli.GnuParser'.
2024-11-12 13:43:15,857 INFO  MethodCallReplacementClassAdapter - Adding mock interface to class org/apache/commons/cli/GnuParser
2024-11-12 13:43:15,857 INFO  CreateClassResetClassAdapter - Creating brand-new static initializer in class org/apache/commons/cli/GnuParser
2024-11-12 13:43:15,857 INFO  EvoClassLoader - Seeing class for first time: org.apache.commons.cli.Parser
2024-11-12 13:43:15,857 INFO  EvoClassLoader - Instrumenting class 'org.apache.commons.cli.Parser'.
2024-11-12 13:43:15,857 INFO  MethodCallReplacementClassAdapter - Adding mock interface to class org/apache/commons/cli/Parser
2024-11-12 13:43:15,857 INFO  CreateClassResetClassAdapter - Creating brand-new static initializer in class org/apache/commons/cli/Parser
2024-11-12 13:43:15,857 INFO  EvoClassLoader - Keeping class: org.apache.commons.cli.Parser
2024-11-12 13:43:15,857 INFO  EvoClassLoader - Keeping class: org.apache.commons.cli.GnuParser
2024-11-12 13:43:15,858 INFO  EvoClassLoader - Seeing class for first time: org.apache.commons.cli.MissingArgumentException
2024-11-12 13:43:15,858 INFO  EvoClassLoader - Instrumenting class 'org.apache.commons.cli.MissingArgumentException'.
2024-11-12 13:43:15,858 INFO  MethodCallReplacementClassAdapter - Adding mock interface to class org/apache/commons/cli/MissingArgumentException
2024-11-12 13:43:15,858 INFO  CreateClassResetClassAdapter - Creating brand-new static initializer in class org/apache/commons/cli/MissingArgumentException
2024-11-12 13:43:15,858 INFO  EvoClassLoader - Keeping class: org.apache.commons.cli.MissingArgumentException
2024-11-12 13:43:15,858 INFO  EvoClassLoader - Seeing class for first time: org.apache.hadoop.hdfs.qjournal.protocol.QJournalProtocolProtos$IsFormattedRequestProto
2024-11-12 13:43:15,858 INFO  EvoClassLoader - Instrumenting class 'org.apache.hadoop.hdfs.qjournal.protocol.QJournalProtocolProtos$IsFormattedRequestProto'.
2024-11-12 13:43:15,858 INFO  MethodCallReplacementClassAdapter - Adding mock interface to class org/apache/hadoop/hdfs/qjournal/protocol/QJournalProtocolProtos$IsFormattedRequestProto
2024-11-12 13:43:15,859 INFO  CreateClassResetClassAdapter - Found static initializer in class org/apache/hadoop/hdfs/qjournal/protocol/QJournalProtocolProtos$IsFormattedRequestProto
2024-11-12 13:43:15,859 INFO  EvoClassLoader - Keeping class: org.apache.hadoop.hdfs.qjournal.protocol.QJournalProtocolProtos$IsFormattedRequestProto
2024-11-12 13:43:15,860 INFO  EvoClassLoader - Seeing class for first time: org.apache.hadoop.hdfs.qjournal.protocol.QJournalProtocolProtos$GetEditLogManifestResponseProto
2024-11-12 13:43:15,860 INFO  EvoClassLoader - Instrumenting class 'org.apache.hadoop.hdfs.qjournal.protocol.QJournalProtocolProtos$GetEditLogManifestResponseProto'.
2024-11-12 13:43:15,860 INFO  MethodCallReplacementClassAdapter - Adding mock interface to class org/apache/hadoop/hdfs/qjournal/protocol/QJournalProtocolProtos$GetEditLogManifestResponseProto
2024-11-12 13:43:15,861 INFO  CreateClassResetClassAdapter - Found static initializer in class org/apache/hadoop/hdfs/qjournal/protocol/QJournalProtocolProtos$GetEditLogManifestResponseProto
2024-11-12 13:43:15,861 INFO  EvoClassLoader - Seeing class for first time: org.apache.hadoop.hdfs.qjournal.protocol.QJournalProtocolProtos$GetEditLogManifestResponseProtoOrBuilder
2024-11-12 13:43:15,861 INFO  EvoClassLoader - Instrumenting class 'org.apache.hadoop.hdfs.qjournal.protocol.QJournalProtocolProtos$GetEditLogManifestResponseProtoOrBuilder'.
2024-11-12 13:43:15,861 INFO  EvoClassLoader - Keeping class: org.apache.hadoop.hdfs.qjournal.protocol.QJournalProtocolProtos$GetEditLogManifestResponseProtoOrBuilder
2024-11-12 13:43:15,861 INFO  EvoClassLoader - Keeping class: org.apache.hadoop.hdfs.qjournal.protocol.QJournalProtocolProtos$GetEditLogManifestResponseProto
2024-11-12 13:43:15,862 INFO  EvoClassLoader - Seeing class for first time: org.apache.hadoop.hdfs.qjournal.protocol.QJournalProtocolProtos$GetEditLogManifestResponseProto$1
2024-11-12 13:43:15,862 INFO  EvoClassLoader - Instrumenting class 'org.apache.hadoop.hdfs.qjournal.protocol.QJournalProtocolProtos$GetEditLogManifestResponseProto$1'.
2024-11-12 13:43:15,862 INFO  MethodCallReplacementClassAdapter - Adding mock interface to class org/apache/hadoop/hdfs/qjournal/protocol/QJournalProtocolProtos$GetEditLogManifestResponseProto$1
2024-11-12 13:43:15,862 INFO  EvoClassLoader - Keeping class: org.apache.hadoop.hdfs.qjournal.protocol.QJournalProtocolProtos$GetEditLogManifestResponseProto$1
2024-11-12 13:43:15,862 INFO  EvoClassLoader - Seeing class for first time: org.apache.hadoop.hdfs.qjournal.protocol.QJournalProtocolProtos$DoRollbackResponseProto
2024-11-12 13:43:15,862 INFO  EvoClassLoader - Instrumenting class 'org.apache.hadoop.hdfs.qjournal.protocol.QJournalProtocolProtos$DoRollbackResponseProto'.
2024-11-12 13:43:15,863 INFO  MethodCallReplacementClassAdapter - Adding mock interface to class org/apache/hadoop/hdfs/qjournal/protocol/QJournalProtocolProtos$DoRollbackResponseProto
2024-11-12 13:43:15,863 INFO  CreateClassResetClassAdapter - Found static initializer in class org/apache/hadoop/hdfs/qjournal/protocol/QJournalProtocolProtos$DoRollbackResponseProto
2024-11-12 13:43:15,864 INFO  EvoClassLoader - Keeping class: org.apache.hadoop.hdfs.qjournal.protocol.QJournalProtocolProtos$DoRollbackResponseProto
2024-11-12 13:43:15,864 INFO  EvoClassLoader - Seeing class for first time: org.apache.commons.cli.OptionValidator
2024-11-12 13:43:15,864 INFO  EvoClassLoader - Instrumenting class 'org.apache.commons.cli.OptionValidator'.
2024-11-12 13:43:15,864 INFO  MethodCallReplacementClassAdapter - Adding mock interface to class org/apache/commons/cli/OptionValidator
2024-11-12 13:43:15,865 INFO  CreateClassResetClassAdapter - Creating brand-new static initializer in class org/apache/commons/cli/OptionValidator
2024-11-12 13:43:15,865 INFO  EvoClassLoader - Keeping class: org.apache.commons.cli.OptionValidator
2024-11-12 13:43:15,865 INFO  EvoClassLoader - Seeing class for first time: org.apache.hadoop.thirdparty.protobuf.BytesValue$Builder
2024-11-12 13:43:15,865 INFO  EvoClassLoader - Instrumenting class 'org.apache.hadoop.thirdparty.protobuf.BytesValue$Builder'.
2024-11-12 13:43:15,866 INFO  MethodCallReplacementClassAdapter - Adding mock interface to class org/apache/hadoop/thirdparty/protobuf/BytesValue$Builder
2024-11-12 13:43:15,866 INFO  CreateClassResetClassAdapter - Creating brand-new static initializer in class org/apache/hadoop/thirdparty/protobuf/BytesValue$Builder
2024-11-12 13:43:15,867 INFO  EvoClassLoader - Keeping class: org.apache.hadoop.thirdparty.protobuf.BytesValue$Builder
2024-11-12 13:43:15,867 INFO  EvoClassLoader - Seeing class for first time: org.apache.hadoop.hdfs.protocol.proto.HdfsServerProtos$NamespaceInfoProto$Builder
2024-11-12 13:43:15,867 INFO  EvoClassLoader - Instrumenting class 'org.apache.hadoop.hdfs.protocol.proto.HdfsServerProtos$NamespaceInfoProto$Builder'.
2024-11-12 13:43:15,868 INFO  MethodCallReplacementClassAdapter - Adding mock interface to class org/apache/hadoop/hdfs/protocol/proto/HdfsServerProtos$NamespaceInfoProto$Builder
2024-11-12 13:43:15,870 INFO  CreateClassResetClassAdapter - Creating brand-new static initializer in class org/apache/hadoop/hdfs/protocol/proto/HdfsServerProtos$NamespaceInfoProto$Builder
2024-11-12 13:43:15,870 INFO  EvoClassLoader - Keeping class: org.apache.hadoop.hdfs.protocol.proto.HdfsServerProtos$NamespaceInfoProto$Builder
2024-11-12 13:43:15,871 INFO  EvoClassLoader - Seeing class for first time: org.apache.hadoop.hdfs.protocol.BlockStoragePolicy
2024-11-12 13:43:15,871 INFO  EvoClassLoader - Instrumenting class 'org.apache.hadoop.hdfs.protocol.BlockStoragePolicy'.
2024-11-12 13:43:15,871 INFO  MethodCallReplacementClassAdapter - Adding mock interface to class org/apache/hadoop/hdfs/protocol/BlockStoragePolicy
2024-11-12 13:43:15,872 INFO  CreateClassResetClassAdapter - Found static initializer in class org/apache/hadoop/hdfs/protocol/BlockStoragePolicy
2024-11-12 13:43:15,872 INFO  EvoClassLoader - Keeping class: org.apache.hadoop.hdfs.protocol.BlockStoragePolicy
2024-11-12 13:43:15,872 INFO  EvoClassLoader - Seeing class for first time: org.apache.hadoop.ipc.protobuf.RpcHeaderProtos$RpcKindProto
2024-11-12 13:43:15,872 INFO  EvoClassLoader - Instrumenting class 'org.apache.hadoop.ipc.protobuf.RpcHeaderProtos$RpcKindProto'.
2024-11-12 13:43:15,873 INFO  MethodCallReplacementClassAdapter - Adding mock interface to class org/apache/hadoop/ipc/protobuf/RpcHeaderProtos$RpcKindProto
2024-11-12 13:43:15,873 INFO  CreateClassResetClassAdapter - Found static initializer in class org/apache/hadoop/ipc/protobuf/RpcHeaderProtos$RpcKindProto
2024-11-12 13:43:15,873 INFO  EvoClassLoader - Keeping class: org.apache.hadoop.ipc.protobuf.RpcHeaderProtos$RpcKindProto
2024-11-12 13:43:15,873 INFO  EvoClassLoader - Seeing class for first time: org.apache.hadoop.ipc.protobuf.RpcHeaderProtos$RpcKindProto$1
2024-11-12 13:43:15,873 INFO  EvoClassLoader - Instrumenting class 'org.apache.hadoop.ipc.protobuf.RpcHeaderProtos$RpcKindProto$1'.
2024-11-12 13:43:15,874 INFO  MethodCallReplacementClassAdapter - Adding mock interface to class org/apache/hadoop/ipc/protobuf/RpcHeaderProtos$RpcKindProto$1
2024-11-12 13:43:15,874 INFO  EvoClassLoader - Keeping class: org.apache.hadoop.ipc.protobuf.RpcHeaderProtos$RpcKindProto$1
2024-11-12 13:43:15,874 INFO  EvoClassLoader - Seeing class for first time: org.apache.hadoop.ipc.protobuf.RpcHeaderProtos$RpcResponseHeaderProto
2024-11-12 13:43:15,874 INFO  EvoClassLoader - Instrumenting class 'org.apache.hadoop.ipc.protobuf.RpcHeaderProtos$RpcResponseHeaderProto'.
2024-11-12 13:43:15,874 INFO  MethodCallReplacementClassAdapter - Adding mock interface to class org/apache/hadoop/ipc/protobuf/RpcHeaderProtos$RpcResponseHeaderProto
2024-11-12 13:43:15,875 INFO  CreateClassResetClassAdapter - Found static initializer in class org/apache/hadoop/ipc/protobuf/RpcHeaderProtos$RpcResponseHeaderProto
2024-11-12 13:43:15,876 INFO  EvoClassLoader - Keeping class: org.apache.hadoop.ipc.protobuf.RpcHeaderProtos$RpcResponseHeaderProto
2024-11-12 13:43:15,877 INFO  EvoClassLoader - Seeing class for first time: org.apache.hadoop.ipc.protobuf.RpcHeaderProtos$RPCCallerContextProto$Builder
2024-11-12 13:43:15,877 INFO  EvoClassLoader - Instrumenting class 'org.apache.hadoop.ipc.protobuf.RpcHeaderProtos$RPCCallerContextProto$Builder'.
2024-11-12 13:43:15,877 INFO  MethodCallReplacementClassAdapter - Adding mock interface to class org/apache/hadoop/ipc/protobuf/RpcHeaderProtos$RPCCallerContextProto$Builder
2024-11-12 13:43:15,878 INFO  CreateClassResetClassAdapter - Creating brand-new static initializer in class org/apache/hadoop/ipc/protobuf/RpcHeaderProtos$RPCCallerContextProto$Builder
2024-11-12 13:43:15,878 INFO  EvoClassLoader - Keeping class: org.apache.hadoop.ipc.protobuf.RpcHeaderProtos$RPCCallerContextProto$Builder
2024-11-12 13:43:15,878 INFO  EvoClassLoader - Seeing class for first time: org.apache.hadoop.hdfs.qjournal.protocol.QJournalProtocolProtos$PurgeLogsRequestProto$Builder
2024-11-12 13:43:15,878 INFO  EvoClassLoader - Instrumenting class 'org.apache.hadoop.hdfs.qjournal.protocol.QJournalProtocolProtos$PurgeLogsRequestProto$Builder'.
2024-11-12 13:43:15,879 INFO  MethodCallReplacementClassAdapter - Adding mock interface to class org/apache/hadoop/hdfs/qjournal/protocol/QJournalProtocolProtos$PurgeLogsRequestProto$Builder
2024-11-12 13:43:15,880 INFO  CreateClassResetClassAdapter - Creating brand-new static initializer in class org/apache/hadoop/hdfs/qjournal/protocol/QJournalProtocolProtos$PurgeLogsRequestProto$Builder
2024-11-12 13:43:15,880 INFO  EvoClassLoader - Keeping class: org.apache.hadoop.hdfs.qjournal.protocol.QJournalProtocolProtos$PurgeLogsRequestProto$Builder
2024-11-12 13:43:15,880 INFO  EvoClassLoader - Seeing class for first time: org.apache.hadoop.hdfs.protocol.HdfsLocatedFileStatus
2024-11-12 13:43:15,880 INFO  EvoClassLoader - Instrumenting class 'org.apache.hadoop.hdfs.protocol.HdfsLocatedFileStatus'.
2024-11-12 13:43:15,881 INFO  MethodCallReplacementClassAdapter - Adding mock interface to class org/apache/hadoop/hdfs/protocol/HdfsLocatedFileStatus
2024-11-12 13:43:15,881 INFO  CreateClassResetClassAdapter - Creating brand-new static initializer in class org/apache/hadoop/hdfs/protocol/HdfsLocatedFileStatus
2024-11-12 13:43:15,882 INFO  EvoClassLoader - Keeping class: org.apache.hadoop.hdfs.protocol.HdfsLocatedFileStatus
2024-11-12 13:43:15,882 INFO  EvoClassLoader - Seeing class for first time: org.apache.hadoop.thirdparty.protobuf.DescriptorProtos$SourceCodeInfo$1
2024-11-12 13:43:15,882 INFO  EvoClassLoader - Instrumenting class 'org.apache.hadoop.thirdparty.protobuf.DescriptorProtos$SourceCodeInfo$1'.
2024-11-12 13:43:15,883 INFO  MethodCallReplacementClassAdapter - Adding mock interface to class org/apache/hadoop/thirdparty/protobuf/DescriptorProtos$SourceCodeInfo$1
2024-11-12 13:43:15,883 INFO  EvoClassLoader - Keeping class: org.apache.hadoop.thirdparty.protobuf.DescriptorProtos$SourceCodeInfo$1
2024-11-12 13:43:15,883 INFO  EvoClassLoader - Seeing class for first time: org.apache.hadoop.thirdparty.protobuf.Field
2024-11-12 13:43:15,883 INFO  EvoClassLoader - Instrumenting class 'org.apache.hadoop.thirdparty.protobuf.Field'.
2024-11-12 13:43:15,884 INFO  MethodCallReplacementClassAdapter - Adding mock interface to class org/apache/hadoop/thirdparty/protobuf/Field
2024-11-12 13:43:15,884 INFO  CreateClassResetClassAdapter - Found static initializer in class org/apache/hadoop/thirdparty/protobuf/Field
2024-11-12 13:43:15,885 INFO  EvoClassLoader - Keeping class: org.apache.hadoop.thirdparty.protobuf.Field
2024-11-12 13:43:15,886 INFO  EvoClassLoader - Seeing class for first time: org.apache.hadoop.thirdparty.protobuf.Field$1
2024-11-12 13:43:15,886 INFO  EvoClassLoader - Instrumenting class 'org.apache.hadoop.thirdparty.protobuf.Field$1'.
2024-11-12 13:43:15,886 INFO  MethodCallReplacementClassAdapter - Adding mock interface to class org/apache/hadoop/thirdparty/protobuf/Field$1
2024-11-12 13:43:15,887 INFO  EvoClassLoader - Keeping class: org.apache.hadoop.thirdparty.protobuf.Field$1
2024-11-12 13:43:15,887 INFO  EvoClassLoader - Seeing class for first time: org.apache.hadoop.hdfs.qjournal.protocol.QJournalProtocolProtos$AcceptRecoveryRequestProto$Builder
2024-11-12 13:43:15,887 INFO  EvoClassLoader - Instrumenting class 'org.apache.hadoop.hdfs.qjournal.protocol.QJournalProtocolProtos$AcceptRecoveryRequestProto$Builder'.
2024-11-12 13:43:15,887 INFO  MethodCallReplacementClassAdapter - Adding mock interface to class org/apache/hadoop/hdfs/qjournal/protocol/QJournalProtocolProtos$AcceptRecoveryRequestProto$Builder
2024-11-12 13:43:15,888 INFO  CreateClassResetClassAdapter - Creating brand-new static initializer in class org/apache/hadoop/hdfs/qjournal/protocol/QJournalProtocolProtos$AcceptRecoveryRequestProto$Builder
2024-11-12 13:43:15,889 INFO  EvoClassLoader - Keeping class: org.apache.hadoop.hdfs.qjournal.protocol.QJournalProtocolProtos$AcceptRecoveryRequestProto$Builder
2024-11-12 13:43:15,890 INFO  EvoClassLoader - Seeing class for first time: org.apache.hadoop.thirdparty.protobuf.FieldSet$Builder
2024-11-12 13:43:15,890 INFO  EvoClassLoader - Instrumenting class 'org.apache.hadoop.thirdparty.protobuf.FieldSet$Builder'.
2024-11-12 13:43:15,890 INFO  MethodCallReplacementClassAdapter - Adding mock interface to class org/apache/hadoop/thirdparty/protobuf/FieldSet$Builder
2024-11-12 13:43:15,893 INFO  CreateClassResetClassAdapter - Creating brand-new static initializer in class org/apache/hadoop/thirdparty/protobuf/FieldSet$Builder
2024-11-12 13:43:15,894 INFO  EvoClassLoader - Keeping class: org.apache.hadoop.thirdparty.protobuf.FieldSet$Builder
2024-11-12 13:43:15,895 INFO  EvoClassLoader - Seeing class for first time: org.apache.hadoop.fs.statistics.BufferedIOStatisticsOutputStream
2024-11-12 13:43:15,895 INFO  EvoClassLoader - Instrumenting class 'org.apache.hadoop.fs.statistics.BufferedIOStatisticsOutputStream'.
2024-11-12 13:43:15,895 INFO  MethodCallReplacementClassAdapter - Adding mock interface to class org/apache/hadoop/fs/statistics/BufferedIOStatisticsOutputStream
2024-11-12 13:43:15,896 INFO  CreateClassResetClassAdapter - Creating brand-new static initializer in class org/apache/hadoop/fs/statistics/BufferedIOStatisticsOutputStream
2024-11-12 13:43:15,896 INFO  EvoClassLoader - Keeping class: org.apache.hadoop.fs.statistics.BufferedIOStatisticsOutputStream
2024-11-12 13:43:15,896 INFO  EvoClassLoader - Seeing class for first time: org.apache.hadoop.hdfs.qjournal.protocol.QJournalProtocolProtos$GetJournalStateRequestProto
2024-11-12 13:43:15,897 INFO  EvoClassLoader - Instrumenting class 'org.apache.hadoop.hdfs.qjournal.protocol.QJournalProtocolProtos$GetJournalStateRequestProto'.
2024-11-12 13:43:15,897 INFO  MethodCallReplacementClassAdapter - Adding mock interface to class org/apache/hadoop/hdfs/qjournal/protocol/QJournalProtocolProtos$GetJournalStateRequestProto
2024-11-12 13:43:15,898 INFO  CreateClassResetClassAdapter - Found static initializer in class org/apache/hadoop/hdfs/qjournal/protocol/QJournalProtocolProtos$GetJournalStateRequestProto
2024-11-12 13:43:15,900 INFO  EvoClassLoader - Keeping class: org.apache.hadoop.hdfs.qjournal.protocol.QJournalProtocolProtos$GetJournalStateRequestProto
2024-11-12 13:43:15,900 INFO  EvoClassLoader - Seeing class for first time: org.apache.hadoop.hdfs.qjournal.protocol.QJournalProtocolProtos$GetJournalStateRequestProto$1
2024-11-12 13:43:15,900 INFO  EvoClassLoader - Instrumenting class 'org.apache.hadoop.hdfs.qjournal.protocol.QJournalProtocolProtos$GetJournalStateRequestProto$1'.
2024-11-12 13:43:15,901 INFO  MethodCallReplacementClassAdapter - Adding mock interface to class org/apache/hadoop/hdfs/qjournal/protocol/QJournalProtocolProtos$GetJournalStateRequestProto$1
2024-11-12 13:43:15,901 INFO  EvoClassLoader - Keeping class: org.apache.hadoop.hdfs.qjournal.protocol.QJournalProtocolProtos$GetJournalStateRequestProto$1
2024-11-12 13:43:15,902 INFO  EvoClassLoader - Seeing class for first time: org.apache.hadoop.thirdparty.protobuf.DescriptorProtos$SourceCodeInfo$Builder
2024-11-12 13:43:15,902 INFO  EvoClassLoader - Instrumenting class 'org.apache.hadoop.thirdparty.protobuf.DescriptorProtos$SourceCodeInfo$Builder'.
2024-11-12 13:43:15,902 INFO  MethodCallReplacementClassAdapter - Adding mock interface to class org/apache/hadoop/thirdparty/protobuf/DescriptorProtos$SourceCodeInfo$Builder
2024-11-12 13:43:15,904 INFO  CreateClassResetClassAdapter - Creating brand-new static initializer in class org/apache/hadoop/thirdparty/protobuf/DescriptorProtos$SourceCodeInfo$Builder
2024-11-12 13:43:15,905 INFO  EvoClassLoader - Keeping class: org.apache.hadoop.thirdparty.protobuf.DescriptorProtos$SourceCodeInfo$Builder
2024-11-12 13:43:15,905 INFO  EvoClassLoader - Seeing class for first time: org.eclipse.jetty.util.annotation.ManagedObject
2024-11-12 13:43:15,905 INFO  EvoClassLoader - Instrumenting class 'org.eclipse.jetty.util.annotation.ManagedObject'.
2024-11-12 13:43:15,905 INFO  EvoClassLoader - Defined package (3): package org.eclipse.jetty.util.annotation, -21916774
2024-11-12 13:43:15,905 INFO  EvoClassLoader - Keeping class: org.eclipse.jetty.util.annotation.ManagedObject
2024-11-12 13:43:15,906 INFO  EvoClassLoader - Seeing class for first time: org.apache.hadoop.hdfs.qjournal.protocol.QJournalProtocolProtos$DoUpgradeResponseProto$Builder
2024-11-12 13:43:15,906 INFO  EvoClassLoader - Instrumenting class 'org.apache.hadoop.hdfs.qjournal.protocol.QJournalProtocolProtos$DoUpgradeResponseProto$Builder'.
2024-11-12 13:43:15,906 INFO  MethodCallReplacementClassAdapter - Adding mock interface to class org/apache/hadoop/hdfs/qjournal/protocol/QJournalProtocolProtos$DoUpgradeResponseProto$Builder
2024-11-12 13:43:15,907 INFO  CreateClassResetClassAdapter - Creating brand-new static initializer in class org/apache/hadoop/hdfs/qjournal/protocol/QJournalProtocolProtos$DoUpgradeResponseProto$Builder
2024-11-12 13:43:15,907 INFO  EvoClassLoader - Keeping class: org.apache.hadoop.hdfs.qjournal.protocol.QJournalProtocolProtos$DoUpgradeResponseProto$Builder
2024-11-12 13:43:15,907 INFO  EvoClassLoader - Seeing class for first time: org.apache.hadoop.conf.ReconfigurationTaskStatus
2024-11-12 13:43:15,907 INFO  EvoClassLoader - Instrumenting class 'org.apache.hadoop.conf.ReconfigurationTaskStatus'.
2024-11-12 13:43:15,908 INFO  MethodCallReplacementClassAdapter - Adding mock interface to class org/apache/hadoop/conf/ReconfigurationTaskStatus
2024-11-12 13:43:15,908 INFO  CreateClassResetClassAdapter - Creating brand-new static initializer in class org/apache/hadoop/conf/ReconfigurationTaskStatus
2024-11-12 13:43:15,908 INFO  EvoClassLoader - Keeping class: org.apache.hadoop.conf.ReconfigurationTaskStatus
2024-11-12 13:43:15,908 INFO  EvoClassLoader - Seeing class for first time: org.apache.hadoop.hdfs.protocol.BlockLocalPathInfo
2024-11-12 13:43:15,908 INFO  EvoClassLoader - Instrumenting class 'org.apache.hadoop.hdfs.protocol.BlockLocalPathInfo'.
2024-11-12 13:43:15,908 INFO  MethodCallReplacementClassAdapter - Adding mock interface to class org/apache/hadoop/hdfs/protocol/BlockLocalPathInfo
2024-11-12 13:43:15,908 INFO  CreateClassResetClassAdapter - Creating brand-new static initializer in class org/apache/hadoop/hdfs/protocol/BlockLocalPathInfo
2024-11-12 13:43:15,908 INFO  EvoClassLoader - Keeping class: org.apache.hadoop.hdfs.protocol.BlockLocalPathInfo
2024-11-12 13:43:15,909 INFO  EvoClassLoader - Seeing class for first time: org.apache.hadoop.util.Time$1
2024-11-12 13:43:15,909 INFO  EvoClassLoader - Instrumenting class 'org.apache.hadoop.util.Time$1'.
2024-11-12 13:43:15,909 INFO  MethodCallReplacementClassAdapter - Adding mock interface to class org/apache/hadoop/util/Time$1
2024-11-12 13:43:15,910 INFO  EvoClassLoader - Keeping class: org.apache.hadoop.util.Time$1
2024-11-12 13:43:15,910 INFO  EvoClassLoader - Seeing class for first time: org.apache.hadoop.thirdparty.protobuf.DescriptorProtos$OneofOptions$1
2024-11-12 13:43:15,910 INFO  EvoClassLoader - Instrumenting class 'org.apache.hadoop.thirdparty.protobuf.DescriptorProtos$OneofOptions$1'.
2024-11-12 13:43:15,910 INFO  MethodCallReplacementClassAdapter - Adding mock interface to class org/apache/hadoop/thirdparty/protobuf/DescriptorProtos$OneofOptions$1
2024-11-12 13:43:15,910 INFO  EvoClassLoader - Keeping class: org.apache.hadoop.thirdparty.protobuf.DescriptorProtos$OneofOptions$1
2024-11-12 13:43:15,910 INFO  EvoClassLoader - Seeing class for first time: org.apache.hadoop.hdfs.qjournal.protocol.QJournalProtocolProtos$PrepareRecoveryResponseProto
2024-11-12 13:43:15,910 INFO  EvoClassLoader - Instrumenting class 'org.apache.hadoop.hdfs.qjournal.protocol.QJournalProtocolProtos$PrepareRecoveryResponseProto'.
2024-11-12 13:43:15,911 INFO  MethodCallReplacementClassAdapter - Adding mock interface to class org/apache/hadoop/hdfs/qjournal/protocol/QJournalProtocolProtos$PrepareRecoveryResponseProto
2024-11-12 13:43:15,911 INFO  CreateClassResetClassAdapter - Found static initializer in class org/apache/hadoop/hdfs/qjournal/protocol/QJournalProtocolProtos$PrepareRecoveryResponseProto
2024-11-12 13:43:15,912 INFO  EvoClassLoader - Keeping class: org.apache.hadoop.hdfs.qjournal.protocol.QJournalProtocolProtos$PrepareRecoveryResponseProto
2024-11-12 13:43:15,912 INFO  EvoClassLoader - Seeing class for first time: org.apache.hadoop.hdfs.protocol.datatransfer.PipelineAck$ECN
2024-11-12 13:43:15,912 INFO  EvoClassLoader - Instrumenting class 'org.apache.hadoop.hdfs.protocol.datatransfer.PipelineAck$ECN'.
2024-11-12 13:43:15,912 INFO  MethodCallReplacementClassAdapter - Adding mock interface to class org/apache/hadoop/hdfs/protocol/datatransfer/PipelineAck$ECN
2024-11-12 13:43:15,912 INFO  CreateClassResetClassAdapter - Found static initializer in class org/apache/hadoop/hdfs/protocol/datatransfer/PipelineAck$ECN
2024-11-12 13:43:15,912 INFO  EvoClassLoader - Keeping class: org.apache.hadoop.hdfs.protocol.datatransfer.PipelineAck$ECN
2024-11-12 13:43:15,912 INFO  EvoClassLoader - Seeing class for first time: org.apache.hadoop.hdfs.protocolPB.DatanodeProtocolClientSideTranslatorPB
2024-11-12 13:43:15,912 INFO  EvoClassLoader - Instrumenting class 'org.apache.hadoop.hdfs.protocolPB.DatanodeProtocolClientSideTranslatorPB'.
2024-11-12 13:43:15,913 INFO  MethodCallReplacementClassAdapter - Adding mock interface to class org/apache/hadoop/hdfs/protocolPB/DatanodeProtocolClientSideTranslatorPB
2024-11-12 13:43:15,913 INFO  CreateClassResetClassAdapter - Found static initializer in class org/apache/hadoop/hdfs/protocolPB/DatanodeProtocolClientSideTranslatorPB
2024-11-12 13:43:15,914 INFO  EvoClassLoader - Keeping class: org.apache.hadoop.hdfs.protocolPB.DatanodeProtocolClientSideTranslatorPB
2024-11-12 13:43:15,914 INFO  EvoClassLoader - Seeing class for first time: org.apache.hadoop.hdfs.protocol.proto.HdfsServerProtos$VersionRequestProto$Builder
2024-11-12 13:43:15,914 INFO  EvoClassLoader - Instrumenting class 'org.apache.hadoop.hdfs.protocol.proto.HdfsServerProtos$VersionRequestProto$Builder'.
2024-11-12 13:43:15,915 INFO  MethodCallReplacementClassAdapter - Adding mock interface to class org/apache/hadoop/hdfs/protocol/proto/HdfsServerProtos$VersionRequestProto$Builder
2024-11-12 13:43:15,916 INFO  CreateClassResetClassAdapter - Creating brand-new static initializer in class org/apache/hadoop/hdfs/protocol/proto/HdfsServerProtos$VersionRequestProto$Builder
2024-11-12 13:43:15,916 INFO  EvoClassLoader - Keeping class: org.apache.hadoop.hdfs.protocol.proto.HdfsServerProtos$VersionRequestProto$Builder
2024-11-12 13:43:15,916 INFO  EvoClassLoader - Seeing class for first time: org.apache.hadoop.net.SocketOutputStream
2024-11-12 13:43:15,917 INFO  EvoClassLoader - Instrumenting class 'org.apache.hadoop.net.SocketOutputStream'.
2024-11-12 13:43:15,917 INFO  MethodCallReplacementClassAdapter - Adding mock interface to class org/apache/hadoop/net/SocketOutputStream
2024-11-12 13:43:15,917 INFO  CreateClassResetClassAdapter - Creating brand-new static initializer in class org/apache/hadoop/net/SocketOutputStream
2024-11-12 13:43:15,918 INFO  EvoClassLoader - Keeping class: org.apache.hadoop.net.SocketOutputStream
2024-11-12 13:43:15,918 INFO  EvoClassLoader - Seeing class for first time: net.bytebuddy.build.HashCodeAndEqualsPlugin$Enhance
2024-11-12 13:43:15,918 INFO  EvoClassLoader - Instrumenting class 'net.bytebuddy.build.HashCodeAndEqualsPlugin$Enhance'.
2024-11-12 13:43:15,918 INFO  EvoClassLoader - Keeping class: net.bytebuddy.build.HashCodeAndEqualsPlugin$Enhance
2024-11-12 13:43:15,918 INFO  EvoClassLoader - Seeing class for first time: org.apache.hadoop.hdfs.qjournal.protocol.QJournalProtocolProtos$GetJournaledEditsRequestProto
2024-11-12 13:43:15,918 INFO  EvoClassLoader - Instrumenting class 'org.apache.hadoop.hdfs.qjournal.protocol.QJournalProtocolProtos$GetJournaledEditsRequestProto'.
2024-11-12 13:43:15,918 INFO  MethodCallReplacementClassAdapter - Adding mock interface to class org/apache/hadoop/hdfs/qjournal/protocol/QJournalProtocolProtos$GetJournaledEditsRequestProto
2024-11-12 13:43:15,919 INFO  CreateClassResetClassAdapter - Found static initializer in class org/apache/hadoop/hdfs/qjournal/protocol/QJournalProtocolProtos$GetJournaledEditsRequestProto
2024-11-12 13:43:15,919 INFO  EvoClassLoader - Keeping class: org.apache.hadoop.hdfs.qjournal.protocol.QJournalProtocolProtos$GetJournaledEditsRequestProto
2024-11-12 13:43:15,920 INFO  EvoClassLoader - Seeing class for first time: org.apache.hadoop.thirdparty.protobuf.TextFormatEscaper$1
2024-11-12 13:43:15,920 INFO  EvoClassLoader - Instrumenting class 'org.apache.hadoop.thirdparty.protobuf.TextFormatEscaper$1'.
2024-11-12 13:43:15,920 INFO  MethodCallReplacementClassAdapter - Adding mock interface to class org/apache/hadoop/thirdparty/protobuf/TextFormatEscaper$1
2024-11-12 13:43:15,920 INFO  EvoClassLoader - Keeping class: org.apache.hadoop.thirdparty.protobuf.TextFormatEscaper$1
2024-11-12 13:43:15,920 INFO  EvoClassLoader - Seeing class for first time: org.apache.hadoop.ipc.internal.ShadedProtobufHelper$IpcCall
2024-11-12 13:43:15,920 INFO  EvoClassLoader - Instrumenting class 'org.apache.hadoop.ipc.internal.ShadedProtobufHelper$IpcCall'.
2024-11-12 13:43:15,920 INFO  EvoClassLoader - Keeping class: org.apache.hadoop.ipc.internal.ShadedProtobufHelper$IpcCall
2024-11-12 13:43:15,920 INFO  EvoClassLoader - Seeing class for first time: org.apache.hadoop.hdfs.qjournal.protocol.QJournalProtocolProtos$HeartbeatResponseProto
2024-11-12 13:43:15,920 INFO  EvoClassLoader - Instrumenting class 'org.apache.hadoop.hdfs.qjournal.protocol.QJournalProtocolProtos$HeartbeatResponseProto'.
2024-11-12 13:43:15,920 INFO  MethodCallReplacementClassAdapter - Adding mock interface to class org/apache/hadoop/hdfs/qjournal/protocol/QJournalProtocolProtos$HeartbeatResponseProto
2024-11-12 13:43:15,921 INFO  CreateClassResetClassAdapter - Found static initializer in class org/apache/hadoop/hdfs/qjournal/protocol/QJournalProtocolProtos$HeartbeatResponseProto
2024-11-12 13:43:15,921 INFO  EvoClassLoader - Keeping class: org.apache.hadoop.hdfs.qjournal.protocol.QJournalProtocolProtos$HeartbeatResponseProto
2024-11-12 13:43:15,921 INFO  EvoClassLoader - Seeing class for first time: org.apache.hadoop.thirdparty.protobuf.MessageReflection$BuilderAdapter
2024-11-12 13:43:15,921 INFO  EvoClassLoader - Instrumenting class 'org.apache.hadoop.thirdparty.protobuf.MessageReflection$BuilderAdapter'.
2024-11-12 13:43:15,921 INFO  MethodCallReplacementClassAdapter - Adding mock interface to class org/apache/hadoop/thirdparty/protobuf/MessageReflection$BuilderAdapter
2024-11-12 13:43:15,922 INFO  CreateClassResetClassAdapter - Creating brand-new static initializer in class org/apache/hadoop/thirdparty/protobuf/MessageReflection$BuilderAdapter
2024-11-12 13:43:15,922 INFO  EvoClassLoader - Keeping class: org.apache.hadoop.thirdparty.protobuf.MessageReflection$BuilderAdapter
2024-11-12 13:43:15,923 INFO  EvoClassLoader - Seeing class for first time: org.apache.hadoop.io.TestGenericWritable
2024-11-12 13:43:15,923 INFO  EvoClassLoader - Instrumenting class 'org.apache.hadoop.io.TestGenericWritable'.
2024-11-12 13:43:15,923 INFO  MethodCallReplacementClassAdapter - Adding mock interface to class org/apache/hadoop/io/TestGenericWritable
2024-11-12 13:43:15,923 INFO  CreateClassResetClassAdapter - Creating brand-new static initializer in class org/apache/hadoop/io/TestGenericWritable
2024-11-12 13:43:15,923 INFO  CreateClassResetClassAdapter - Adding bytecode for initializing field CONF_TEST_KEY
2024-11-12 13:43:15,923 INFO  CreateClassResetClassAdapter - Adding bytecode for initializing field CONF_TEST_VALUE
2024-11-12 13:43:15,923 INFO  EvoClassLoader - Keeping class: org.apache.hadoop.io.TestGenericWritable
2024-11-12 13:43:15,924 INFO  EvoClassLoader - Seeing class for first time: org.apache.hadoop.hdfs.server.protocol.RegisterCommand
2024-11-12 13:43:15,924 INFO  EvoClassLoader - Instrumenting class 'org.apache.hadoop.hdfs.server.protocol.RegisterCommand'.
2024-11-12 13:43:15,924 INFO  MethodCallReplacementClassAdapter - Adding mock interface to class org/apache/hadoop/hdfs/server/protocol/RegisterCommand
2024-11-12 13:43:15,924 INFO  CreateClassResetClassAdapter - Found static initializer in class org/apache/hadoop/hdfs/server/protocol/RegisterCommand
2024-11-12 13:43:15,924 INFO  EvoClassLoader - Keeping class: org.apache.hadoop.hdfs.server.protocol.RegisterCommand
2024-11-12 13:43:15,924 INFO  EvoClassLoader - Seeing class for first time: org.apache.hadoop.fs.FileSystem$Cache$Key
2024-11-12 13:43:15,924 INFO  EvoClassLoader - Instrumenting class 'org.apache.hadoop.fs.FileSystem$Cache$Key'.
2024-11-12 13:43:15,924 INFO  MethodCallReplacementClassAdapter - Adding mock interface to class org/apache/hadoop/fs/FileSystem$Cache$Key
2024-11-12 13:43:15,924 INFO  CreateClassResetClassAdapter - Creating brand-new static initializer in class org/apache/hadoop/fs/FileSystem$Cache$Key
2024-11-12 13:43:15,924 INFO  EvoClassLoader - Keeping class: org.apache.hadoop.fs.FileSystem$Cache$Key
2024-11-12 13:43:15,924 INFO  EvoClassLoader - Seeing class for first time: org.apache.hadoop.fs.FileSystem$DirectoryEntries
2024-11-12 13:43:15,924 INFO  EvoClassLoader - Instrumenting class 'org.apache.hadoop.fs.FileSystem$DirectoryEntries'.
2024-11-12 13:43:15,925 INFO  MethodCallReplacementClassAdapter - Adding mock interface to class org/apache/hadoop/fs/FileSystem$DirectoryEntries
2024-11-12 13:43:15,925 INFO  CreateClassResetClassAdapter - Creating brand-new static initializer in class org/apache/hadoop/fs/FileSystem$DirectoryEntries
2024-11-12 13:43:15,925 INFO  EvoClassLoader - Keeping class: org.apache.hadoop.fs.FileSystem$DirectoryEntries
2024-11-12 13:43:15,925 INFO  EvoClassLoader - Seeing class for first time: org.apache.hadoop.thirdparty.protobuf.DescriptorProtos$UninterpretedOption$Builder
2024-11-12 13:43:15,925 INFO  EvoClassLoader - Instrumenting class 'org.apache.hadoop.thirdparty.protobuf.DescriptorProtos$UninterpretedOption$Builder'.
2024-11-12 13:43:15,925 INFO  MethodCallReplacementClassAdapter - Adding mock interface to class org/apache/hadoop/thirdparty/protobuf/DescriptorProtos$UninterpretedOption$Builder
2024-11-12 13:43:15,926 INFO  CreateClassResetClassAdapter - Creating brand-new static initializer in class org/apache/hadoop/thirdparty/protobuf/DescriptorProtos$UninterpretedOption$Builder
2024-11-12 13:43:15,927 INFO  EvoClassLoader - Keeping class: org.apache.hadoop.thirdparty.protobuf.DescriptorProtos$UninterpretedOption$Builder
2024-11-12 13:43:15,927 INFO  EvoClassLoader - Seeing class for first time: org.apache.hadoop.thirdparty.protobuf.DescriptorProtos$UninterpretedOption$NamePart
2024-11-12 13:43:15,927 INFO  EvoClassLoader - Instrumenting class 'org.apache.hadoop.thirdparty.protobuf.DescriptorProtos$UninterpretedOption$NamePart'.
2024-11-12 13:43:15,927 INFO  MethodCallReplacementClassAdapter - Adding mock interface to class org/apache/hadoop/thirdparty/protobuf/DescriptorProtos$UninterpretedOption$NamePart
2024-11-12 13:43:15,927 INFO  CreateClassResetClassAdapter - Found static initializer in class org/apache/hadoop/thirdparty/protobuf/DescriptorProtos$UninterpretedOption$NamePart
2024-11-12 13:43:15,928 INFO  EvoClassLoader - Keeping class: org.apache.hadoop.thirdparty.protobuf.DescriptorProtos$UninterpretedOption$NamePart
2024-11-12 13:43:15,928 INFO  EvoClassLoader - Seeing class for first time: org.apache.hadoop.hdfs.server.datanode.BlockRecoveryWorker
2024-11-12 13:43:15,929 INFO  EvoClassLoader - Instrumenting class 'org.apache.hadoop.hdfs.server.datanode.BlockRecoveryWorker'.
2024-11-12 13:43:15,929 INFO  MethodCallReplacementClassAdapter - Adding mock interface to class org/apache/hadoop/hdfs/server/datanode/BlockRecoveryWorker
2024-11-12 13:43:15,929 INFO  CreateClassResetClassAdapter - Found static initializer in class org/apache/hadoop/hdfs/server/datanode/BlockRecoveryWorker
2024-11-12 13:43:15,930 INFO  EvoClassLoader - Keeping class: org.apache.hadoop.hdfs.server.datanode.BlockRecoveryWorker
2024-11-12 13:43:15,930 INFO  EvoClassLoader - Seeing class for first time: org.apache.hadoop.ipc.RPC$Server
2024-11-12 13:43:15,930 INFO  EvoClassLoader - Instrumenting class 'org.apache.hadoop.ipc.RPC$Server'.
2024-11-12 13:43:15,930 INFO  MethodCallReplacementClassAdapter - Adding mock interface to class org/apache/hadoop/ipc/RPC$Server
2024-11-12 13:43:15,930 INFO  CreateClassResetClassAdapter - Found static initializer in class org/apache/hadoop/ipc/RPC$Server
2024-11-12 13:43:15,931 INFO  EvoClassLoader - Keeping class: org.apache.hadoop.ipc.RPC$Server
2024-11-12 13:43:15,931 INFO  EvoClassLoader - Seeing class for first time: org.apache.hadoop.ipc.protobuf.ProtocolInfoProtos$ProtocolInfoService$BlockingInterface
2024-11-12 13:43:15,931 INFO  EvoClassLoader - Instrumenting class 'org.apache.hadoop.ipc.protobuf.ProtocolInfoProtos$ProtocolInfoService$BlockingInterface'.
2024-11-12 13:43:15,931 INFO  EvoClassLoader - Keeping class: org.apache.hadoop.ipc.protobuf.ProtocolInfoProtos$ProtocolInfoService$BlockingInterface
2024-11-12 13:43:15,932 INFO  EvoClassLoader - Seeing class for first time: org.apache.hadoop.ipc.protobuf.RpcHeaderProtos$RpcRequestHeaderProto$OperationProto
2024-11-12 13:43:15,932 INFO  EvoClassLoader - Instrumenting class 'org.apache.hadoop.ipc.protobuf.RpcHeaderProtos$RpcRequestHeaderProto$OperationProto'.
2024-11-12 13:43:15,932 INFO  MethodCallReplacementClassAdapter - Adding mock interface to class org/apache/hadoop/ipc/protobuf/RpcHeaderProtos$RpcRequestHeaderProto$OperationProto
2024-11-12 13:43:15,932 INFO  CreateClassResetClassAdapter - Found static initializer in class org/apache/hadoop/ipc/protobuf/RpcHeaderProtos$RpcRequestHeaderProto$OperationProto
2024-11-12 13:43:15,933 INFO  EvoClassLoader - Keeping class: org.apache.hadoop.ipc.protobuf.RpcHeaderProtos$RpcRequestHeaderProto$OperationProto
2024-11-12 13:43:15,933 INFO  EvoClassLoader - Seeing class for first time: org.apache.hadoop.ipc.protobuf.RpcHeaderProtos$RpcRequestHeaderProto$OperationProto$1
2024-11-12 13:43:15,933 INFO  EvoClassLoader - Instrumenting class 'org.apache.hadoop.ipc.protobuf.RpcHeaderProtos$RpcRequestHeaderProto$OperationProto$1'.
2024-11-12 13:43:15,933 INFO  MethodCallReplacementClassAdapter - Adding mock interface to class org/apache/hadoop/ipc/protobuf/RpcHeaderProtos$RpcRequestHeaderProto$OperationProto$1
2024-11-12 13:43:15,933 INFO  EvoClassLoader - Keeping class: org.apache.hadoop.ipc.protobuf.RpcHeaderProtos$RpcRequestHeaderProto$OperationProto$1
2024-11-12 13:43:15,933 INFO  EvoClassLoader - Seeing class for first time: org.apache.hadoop.hdfs.qjournal.protocol.QJournalProtocolProtos$StartLogSegmentRequestProto$Builder
2024-11-12 13:43:15,933 INFO  EvoClassLoader - Instrumenting class 'org.apache.hadoop.hdfs.qjournal.protocol.QJournalProtocolProtos$StartLogSegmentRequestProto$Builder'.
2024-11-12 13:43:15,934 INFO  MethodCallReplacementClassAdapter - Adding mock interface to class org/apache/hadoop/hdfs/qjournal/protocol/QJournalProtocolProtos$StartLogSegmentRequestProto$Builder
2024-11-12 13:43:15,934 INFO  CreateClassResetClassAdapter - Creating brand-new static initializer in class org/apache/hadoop/hdfs/qjournal/protocol/QJournalProtocolProtos$StartLogSegmentRequestProto$Builder
2024-11-12 13:43:15,935 INFO  EvoClassLoader - Keeping class: org.apache.hadoop.hdfs.qjournal.protocol.QJournalProtocolProtos$StartLogSegmentRequestProto$Builder
2024-11-12 13:43:15,935 INFO  EvoClassLoader - Seeing class for first time: org.apache.hadoop.hdfs.DFSOpsCountStatistics
2024-11-12 13:43:15,935 INFO  EvoClassLoader - Instrumenting class 'org.apache.hadoop.hdfs.DFSOpsCountStatistics'.
2024-11-12 13:43:15,936 INFO  MethodCallReplacementClassAdapter - Adding mock interface to class org/apache/hadoop/hdfs/DFSOpsCountStatistics
2024-11-12 13:43:15,936 INFO  CreateClassResetClassAdapter - Creating brand-new static initializer in class org/apache/hadoop/hdfs/DFSOpsCountStatistics
2024-11-12 13:43:15,936 INFO  CreateClassResetClassAdapter - Adding bytecode for initializing field NAME
2024-11-12 13:43:15,936 INFO  EvoClassLoader - Keeping class: org.apache.hadoop.hdfs.DFSOpsCountStatistics
2024-11-12 13:43:15,936 INFO  EvoClassLoader - Seeing class for first time: org.apache.hadoop.thirdparty.protobuf.MessageReflection
2024-11-12 13:43:15,936 INFO  EvoClassLoader - Instrumenting class 'org.apache.hadoop.thirdparty.protobuf.MessageReflection'.
2024-11-12 13:43:15,937 INFO  MethodCallReplacementClassAdapter - Adding mock interface to class org/apache/hadoop/thirdparty/protobuf/MessageReflection
2024-11-12 13:43:15,938 INFO  CreateClassResetClassAdapter - Creating brand-new static initializer in class org/apache/hadoop/thirdparty/protobuf/MessageReflection
2024-11-12 13:43:15,938 INFO  EvoClassLoader - Keeping class: org.apache.hadoop.thirdparty.protobuf.MessageReflection
2024-11-12 13:43:15,939 INFO  EvoClassLoader - Seeing class for first time: org.apache.hadoop.hdfs.qjournal.protocol.QJournalProtocolProtos$FinalizeLogSegmentResponseProto
2024-11-12 13:43:15,939 INFO  EvoClassLoader - Instrumenting class 'org.apache.hadoop.hdfs.qjournal.protocol.QJournalProtocolProtos$FinalizeLogSegmentResponseProto'.
2024-11-12 13:43:15,939 INFO  MethodCallReplacementClassAdapter - Adding mock interface to class org/apache/hadoop/hdfs/qjournal/protocol/QJournalProtocolProtos$FinalizeLogSegmentResponseProto
2024-11-12 13:43:15,939 INFO  CreateClassResetClassAdapter - Found static initializer in class org/apache/hadoop/hdfs/qjournal/protocol/QJournalProtocolProtos$FinalizeLogSegmentResponseProto
2024-11-12 13:43:15,939 INFO  EvoClassLoader - Keeping class: org.apache.hadoop.hdfs.qjournal.protocol.QJournalProtocolProtos$FinalizeLogSegmentResponseProto
2024-11-12 13:43:15,940 INFO  EvoClassLoader - Seeing class for first time: org.eclipse.jetty.io.ByteBufferPool$Bucket
2024-11-12 13:43:15,940 INFO  EvoClassLoader - Instrumenting class 'org.eclipse.jetty.io.ByteBufferPool$Bucket'.
2024-11-12 13:43:15,940 INFO  MethodCallReplacementClassAdapter - Adding mock interface to class org/eclipse/jetty/io/ByteBufferPool$Bucket
2024-11-12 13:43:15,940 INFO  CreateClassResetClassAdapter - Creating brand-new static initializer in class org/eclipse/jetty/io/ByteBufferPool$Bucket
2024-11-12 13:43:15,940 INFO  EvoClassLoader - Keeping class: org.eclipse.jetty.io.ByteBufferPool$Bucket
2024-11-12 13:43:15,940 INFO  EvoClassLoader - Seeing class for first time: org.apache.hadoop.hdfs.server.datanode.SecureDataNodeStarter$SecureResources
2024-11-12 13:43:15,940 INFO  EvoClassLoader - Instrumenting class 'org.apache.hadoop.hdfs.server.datanode.SecureDataNodeStarter$SecureResources'.
2024-11-12 13:43:15,941 INFO  MethodCallReplacementClassAdapter - Adding mock interface to class org/apache/hadoop/hdfs/server/datanode/SecureDataNodeStarter$SecureResources
2024-11-12 13:43:15,941 INFO  CreateClassResetClassAdapter - Creating brand-new static initializer in class org/apache/hadoop/hdfs/server/datanode/SecureDataNodeStarter$SecureResources
2024-11-12 13:43:15,941 INFO  EvoClassLoader - Keeping class: org.apache.hadoop.hdfs.server.datanode.SecureDataNodeStarter$SecureResources
2024-11-12 13:43:15,941 INFO  EvoClassLoader - Seeing class for first time: org.apache.hadoop.hdfs.server.datanode.DataNode$ChangedVolumes
2024-11-12 13:43:15,941 INFO  EvoClassLoader - Instrumenting class 'org.apache.hadoop.hdfs.server.datanode.DataNode$ChangedVolumes'.
2024-11-12 13:43:15,941 INFO  MethodCallReplacementClassAdapter - Adding mock interface to class org/apache/hadoop/hdfs/server/datanode/DataNode$ChangedVolumes
2024-11-12 13:43:15,941 INFO  CreateClassResetClassAdapter - Creating brand-new static initializer in class org/apache/hadoop/hdfs/server/datanode/DataNode$ChangedVolumes
2024-11-12 13:43:15,941 INFO  EvoClassLoader - Keeping class: org.apache.hadoop.hdfs.server.datanode.DataNode$ChangedVolumes
2024-11-12 13:43:15,941 INFO  EvoClassLoader - Seeing class for first time: org.apache.hadoop.hdfs.qjournal.protocol.QJournalProtocolProtos$GetEditLogManifestRequestProto$Builder
2024-11-12 13:43:15,941 INFO  EvoClassLoader - Instrumenting class 'org.apache.hadoop.hdfs.qjournal.protocol.QJournalProtocolProtos$GetEditLogManifestRequestProto$Builder'.
2024-11-12 13:43:15,941 INFO  MethodCallReplacementClassAdapter - Adding mock interface to class org/apache/hadoop/hdfs/qjournal/protocol/QJournalProtocolProtos$GetEditLogManifestRequestProto$Builder
2024-11-12 13:43:15,942 INFO  CreateClassResetClassAdapter - Creating brand-new static initializer in class org/apache/hadoop/hdfs/qjournal/protocol/QJournalProtocolProtos$GetEditLogManifestRequestProto$Builder
2024-11-12 13:43:15,943 INFO  EvoClassLoader - Keeping class: org.apache.hadoop.hdfs.qjournal.protocol.QJournalProtocolProtos$GetEditLogManifestRequestProto$Builder
2024-11-12 13:43:15,943 INFO  EvoClassLoader - Seeing class for first time: org.apache.hadoop.hdfs.LocatedBlocksRefresher
2024-11-12 13:43:15,943 INFO  EvoClassLoader - Instrumenting class 'org.apache.hadoop.hdfs.LocatedBlocksRefresher'.
2024-11-12 13:43:15,943 INFO  MethodCallReplacementClassAdapter - Adding mock interface to class org/apache/hadoop/hdfs/LocatedBlocksRefresher
2024-11-12 13:43:15,943 INFO  CreateClassResetClassAdapter - Found static initializer in class org/apache/hadoop/hdfs/LocatedBlocksRefresher
2024-11-12 13:43:15,944 INFO  EvoClassLoader - Keeping class: org.apache.hadoop.hdfs.LocatedBlocksRefresher
2024-11-12 13:43:15,944 INFO  EvoClassLoader - Seeing class for first time: org.apache.hadoop.thirdparty.protobuf.MapEntry$Metadata$1
2024-11-12 13:43:15,944 INFO  EvoClassLoader - Instrumenting class 'org.apache.hadoop.thirdparty.protobuf.MapEntry$Metadata$1'.
2024-11-12 13:43:15,944 INFO  MethodCallReplacementClassAdapter - Adding mock interface to class org/apache/hadoop/thirdparty/protobuf/MapEntry$Metadata$1
2024-11-12 13:43:15,944 INFO  EvoClassLoader - Keeping class: org.apache.hadoop.thirdparty.protobuf.MapEntry$Metadata$1
2024-11-12 13:43:15,944 INFO  EvoClassLoader - Seeing class for first time: org.apache.hadoop.thirdparty.protobuf.UnknownFieldSet$Builder
2024-11-12 13:43:15,944 INFO  EvoClassLoader - Instrumenting class 'org.apache.hadoop.thirdparty.protobuf.UnknownFieldSet$Builder'.
2024-11-12 13:43:15,945 INFO  MethodCallReplacementClassAdapter - Adding mock interface to class org/apache/hadoop/thirdparty/protobuf/UnknownFieldSet$Builder
2024-11-12 13:43:15,945 INFO  CreateClassResetClassAdapter - Creating brand-new static initializer in class org/apache/hadoop/thirdparty/protobuf/UnknownFieldSet$Builder
2024-11-12 13:43:15,946 INFO  EvoClassLoader - Keeping class: org.apache.hadoop.thirdparty.protobuf.UnknownFieldSet$Builder
2024-11-12 13:43:15,946 INFO  EvoClassLoader - Seeing class for first time: org.apache.hadoop.hdfs.server.protocol.ReplicaRecoveryInfo
2024-11-12 13:43:15,946 INFO  EvoClassLoader - Instrumenting class 'org.apache.hadoop.hdfs.server.protocol.ReplicaRecoveryInfo'.
2024-11-12 13:43:15,946 INFO  MethodCallReplacementClassAdapter - Adding mock interface to class org/apache/hadoop/hdfs/server/protocol/ReplicaRecoveryInfo
2024-11-12 13:43:15,946 INFO  CreateClassResetClassAdapter - Creating brand-new static initializer in class org/apache/hadoop/hdfs/server/protocol/ReplicaRecoveryInfo
2024-11-12 13:43:15,946 INFO  EvoClassLoader - Keeping class: org.apache.hadoop.hdfs.server.protocol.ReplicaRecoveryInfo
2024-11-12 13:43:15,947 INFO  EvoClassLoader - Seeing class for first time: org.apache.hadoop.hdfs.qjournal.protocol.QJournalProtocolProtos$DiscardSegmentsResponseProto$Builder
2024-11-12 13:43:15,947 INFO  EvoClassLoader - Instrumenting class 'org.apache.hadoop.hdfs.qjournal.protocol.QJournalProtocolProtos$DiscardSegmentsResponseProto$Builder'.
2024-11-12 13:43:15,947 INFO  MethodCallReplacementClassAdapter - Adding mock interface to class org/apache/hadoop/hdfs/qjournal/protocol/QJournalProtocolProtos$DiscardSegmentsResponseProto$Builder
2024-11-12 13:43:15,947 INFO  CreateClassResetClassAdapter - Creating brand-new static initializer in class org/apache/hadoop/hdfs/qjournal/protocol/QJournalProtocolProtos$DiscardSegmentsResponseProto$Builder
2024-11-12 13:43:15,947 INFO  EvoClassLoader - Keeping class: org.apache.hadoop.hdfs.qjournal.protocol.QJournalProtocolProtos$DiscardSegmentsResponseProto$Builder
2024-11-12 13:43:15,948 INFO  EvoClassLoader - Seeing class for first time: org.apache.hadoop.fs.HarFileSystem
2024-11-12 13:43:15,948 INFO  EvoClassLoader - Instrumenting class 'org.apache.hadoop.fs.HarFileSystem'.
2024-11-12 13:43:15,948 INFO  MethodCallReplacementClassAdapter - Adding mock interface to class org/apache/hadoop/fs/HarFileSystem
2024-11-12 13:43:15,949 INFO  CreateClassResetClassAdapter - Found static initializer in class org/apache/hadoop/fs/HarFileSystem
2024-11-12 13:43:15,951 INFO  EvoClassLoader - Keeping class: org.apache.hadoop.fs.HarFileSystem
2024-11-12 13:43:15,952 INFO  EvoClassLoader - Seeing class for first time: org.apache.hadoop.hdfs.qjournal.protocol.QJournalProtocolProtos$DiscardSegmentsRequestProto
2024-11-12 13:43:15,952 INFO  EvoClassLoader - Instrumenting class 'org.apache.hadoop.hdfs.qjournal.protocol.QJournalProtocolProtos$DiscardSegmentsRequestProto'.
2024-11-12 13:43:15,952 INFO  MethodCallReplacementClassAdapter - Adding mock interface to class org/apache/hadoop/hdfs/qjournal/protocol/QJournalProtocolProtos$DiscardSegmentsRequestProto
2024-11-12 13:43:15,953 INFO  CreateClassResetClassAdapter - Found static initializer in class org/apache/hadoop/hdfs/qjournal/protocol/QJournalProtocolProtos$DiscardSegmentsRequestProto
2024-11-12 13:43:15,954 INFO  EvoClassLoader - Keeping class: org.apache.hadoop.hdfs.qjournal.protocol.QJournalProtocolProtos$DiscardSegmentsRequestProto
2024-11-12 13:43:15,954 INFO  EvoClassLoader - Seeing class for first time: org.apache.avro.reflect.Stringable
2024-11-12 13:43:15,954 INFO  EvoClassLoader - Instrumenting class 'org.apache.avro.reflect.Stringable'.
2024-11-12 13:43:15,955 INFO  EvoClassLoader - Defined package (3): package org.apache.avro.reflect, 2135233687
2024-11-12 13:43:15,955 INFO  EvoClassLoader - Keeping class: org.apache.avro.reflect.Stringable
2024-11-12 13:43:15,955 INFO  EvoClassLoader - Seeing class for first time: org.apache.hadoop.io.WeakReferencedElasticByteBufferPool
2024-11-12 13:43:15,955 INFO  EvoClassLoader - Instrumenting class 'org.apache.hadoop.io.WeakReferencedElasticByteBufferPool'.
2024-11-12 13:43:15,955 INFO  MethodCallReplacementClassAdapter - Adding mock interface to class org/apache/hadoop/io/WeakReferencedElasticByteBufferPool
2024-11-12 13:43:15,955 INFO  CreateClassResetClassAdapter - Creating brand-new static initializer in class org/apache/hadoop/io/WeakReferencedElasticByteBufferPool
2024-11-12 13:43:15,956 INFO  EvoClassLoader - Keeping class: org.apache.hadoop.io.WeakReferencedElasticByteBufferPool
2024-11-12 13:43:15,956 INFO  EvoClassLoader - Seeing class for first time: org.apache.hadoop.ha.HAServiceProtocol$HAServiceState
2024-11-12 13:43:15,956 INFO  EvoClassLoader - Instrumenting class 'org.apache.hadoop.ha.HAServiceProtocol$HAServiceState'.
2024-11-12 13:43:15,956 INFO  MethodCallReplacementClassAdapter - Adding mock interface to class org/apache/hadoop/ha/HAServiceProtocol$HAServiceState
2024-11-12 13:43:15,956 INFO  CreateClassResetClassAdapter - Found static initializer in class org/apache/hadoop/ha/HAServiceProtocol$HAServiceState
2024-11-12 13:43:15,957 INFO  EvoClassLoader - Keeping class: org.apache.hadoop.ha.HAServiceProtocol$HAServiceState
2024-11-12 13:43:15,957 INFO  EvoClassLoader - Seeing class for first time: org.apache.hadoop.hdfs.protocol.proto.HdfsServerProtos$RemoteEditLogProto$1
2024-11-12 13:43:15,957 INFO  EvoClassLoader - Instrumenting class 'org.apache.hadoop.hdfs.protocol.proto.HdfsServerProtos$RemoteEditLogProto$1'.
2024-11-12 13:43:15,957 INFO  MethodCallReplacementClassAdapter - Adding mock interface to class org/apache/hadoop/hdfs/protocol/proto/HdfsServerProtos$RemoteEditLogProto$1
2024-11-12 13:43:15,958 INFO  EvoClassLoader - Keeping class: org.apache.hadoop.hdfs.protocol.proto.HdfsServerProtos$RemoteEditLogProto$1
2024-11-12 13:43:15,958 INFO  EvoClassLoader - Seeing class for first time: org.apache.hadoop.hdfs.qjournal.protocol.QJournalProtocolProtos$CanRollBackRequestProto
2024-11-12 13:43:15,958 INFO  EvoClassLoader - Instrumenting class 'org.apache.hadoop.hdfs.qjournal.protocol.QJournalProtocolProtos$CanRollBackRequestProto'.
2024-11-12 13:43:15,958 INFO  MethodCallReplacementClassAdapter - Adding mock interface to class org/apache/hadoop/hdfs/qjournal/protocol/QJournalProtocolProtos$CanRollBackRequestProto
2024-11-12 13:43:15,958 INFO  CreateClassResetClassAdapter - Found static initializer in class org/apache/hadoop/hdfs/qjournal/protocol/QJournalProtocolProtos$CanRollBackRequestProto
2024-11-12 13:43:15,959 INFO  EvoClassLoader - Keeping class: org.apache.hadoop.hdfs.qjournal.protocol.QJournalProtocolProtos$CanRollBackRequestProto
2024-11-12 13:43:15,959 INFO  EvoClassLoader - Seeing class for first time: org.apache.hadoop.hdfs.server.datanode.erasurecode.ErasureCodingWorker
2024-11-12 13:43:15,959 INFO  EvoClassLoader - Instrumenting class 'org.apache.hadoop.hdfs.server.datanode.erasurecode.ErasureCodingWorker'.
2024-11-12 13:43:15,960 INFO  MethodCallReplacementClassAdapter - Adding mock interface to class org/apache/hadoop/hdfs/server/datanode/erasurecode/ErasureCodingWorker
2024-11-12 13:43:15,960 INFO  CreateClassResetClassAdapter - Found static initializer in class org/apache/hadoop/hdfs/server/datanode/erasurecode/ErasureCodingWorker
2024-11-12 13:43:15,961 INFO  EvoClassLoader - Defined package (3): package org.apache.hadoop.hdfs.server.datanode.erasurecode, -1771528435
2024-11-12 13:43:15,961 INFO  EvoClassLoader - Keeping class: org.apache.hadoop.hdfs.server.datanode.erasurecode.ErasureCodingWorker
2024-11-12 13:43:15,961 INFO  EvoClassLoader - Seeing class for first time: org.apache.hadoop.hdfs.protocol.proto.HdfsServerProtos$RemoteEditLogManifestProto
2024-11-12 13:43:15,961 INFO  EvoClassLoader - Instrumenting class 'org.apache.hadoop.hdfs.protocol.proto.HdfsServerProtos$RemoteEditLogManifestProto'.
2024-11-12 13:43:15,962 INFO  MethodCallReplacementClassAdapter - Adding mock interface to class org/apache/hadoop/hdfs/protocol/proto/HdfsServerProtos$RemoteEditLogManifestProto
2024-11-12 13:43:15,962 INFO  CreateClassResetClassAdapter - Found static initializer in class org/apache/hadoop/hdfs/protocol/proto/HdfsServerProtos$RemoteEditLogManifestProto
2024-11-12 13:43:15,963 INFO  EvoClassLoader - Keeping class: org.apache.hadoop.hdfs.protocol.proto.HdfsServerProtos$RemoteEditLogManifestProto
2024-11-12 13:43:15,963 INFO  EvoClassLoader - Seeing class for first time: org.apache.commons.cli.Options
2024-11-12 13:43:15,963 INFO  EvoClassLoader - Instrumenting class 'org.apache.commons.cli.Options'.
2024-11-12 13:43:15,964 INFO  MethodCallReplacementClassAdapter - Adding mock interface to class org/apache/commons/cli/Options
2024-11-12 13:43:15,964 INFO  CreateClassResetClassAdapter - Creating brand-new static initializer in class org/apache/commons/cli/Options
2024-11-12 13:43:15,965 INFO  EvoClassLoader - Keeping class: org.apache.commons.cli.Options
2024-11-12 13:43:15,965 INFO  EvoClassLoader - Seeing class for first time: org.apache.hadoop.hdfs.server.protocol.DatanodeStorageReport
2024-11-12 13:43:15,965 INFO  EvoClassLoader - Instrumenting class 'org.apache.hadoop.hdfs.server.protocol.DatanodeStorageReport'.
2024-11-12 13:43:15,965 INFO  MethodCallReplacementClassAdapter - Adding mock interface to class org/apache/hadoop/hdfs/server/protocol/DatanodeStorageReport
2024-11-12 13:43:15,966 INFO  CreateClassResetClassAdapter - Creating brand-new static initializer in class org/apache/hadoop/hdfs/server/protocol/DatanodeStorageReport
2024-11-12 13:43:15,966 INFO  EvoClassLoader - Keeping class: org.apache.hadoop.hdfs.server.protocol.DatanodeStorageReport
2024-11-12 13:43:15,966 INFO  EvoClassLoader - Seeing class for first time: org.apache.hadoop.thirdparty.protobuf.DescriptorProtos$FileDescriptorSet$Builder
2024-11-12 13:43:15,966 INFO  EvoClassLoader - Instrumenting class 'org.apache.hadoop.thirdparty.protobuf.DescriptorProtos$FileDescriptorSet$Builder'.
2024-11-12 13:43:15,966 INFO  MethodCallReplacementClassAdapter - Adding mock interface to class org/apache/hadoop/thirdparty/protobuf/DescriptorProtos$FileDescriptorSet$Builder
2024-11-12 13:43:15,967 INFO  CreateClassResetClassAdapter - Creating brand-new static initializer in class org/apache/hadoop/thirdparty/protobuf/DescriptorProtos$FileDescriptorSet$Builder
2024-11-12 13:43:15,968 INFO  EvoClassLoader - Keeping class: org.apache.hadoop.thirdparty.protobuf.DescriptorProtos$FileDescriptorSet$Builder
2024-11-12 13:43:15,968 INFO  EvoClassLoader - Seeing class for first time: org.apache.hadoop.thirdparty.protobuf.GeneratedMessageV3$UnusedPrivateParameter
2024-11-12 13:43:15,968 INFO  EvoClassLoader - Instrumenting class 'org.apache.hadoop.thirdparty.protobuf.GeneratedMessageV3$UnusedPrivateParameter'.
2024-11-12 13:43:15,968 INFO  MethodCallReplacementClassAdapter - Adding mock interface to class org/apache/hadoop/thirdparty/protobuf/GeneratedMessageV3$UnusedPrivateParameter
2024-11-12 13:43:15,968 INFO  CreateClassResetClassAdapter - Found static initializer in class org/apache/hadoop/thirdparty/protobuf/GeneratedMessageV3$UnusedPrivateParameter
2024-11-12 13:43:15,968 INFO  EvoClassLoader - Keeping class: org.apache.hadoop.thirdparty.protobuf.GeneratedMessageV3$UnusedPrivateParameter
2024-11-12 13:43:15,969 INFO  EvoClassLoader - Seeing class for first time: org.apache.hadoop.hdfs.server.datanode.CachingStrategy
2024-11-12 13:43:15,969 INFO  EvoClassLoader - Instrumenting class 'org.apache.hadoop.hdfs.server.datanode.CachingStrategy'.
2024-11-12 13:43:15,969 INFO  MethodCallReplacementClassAdapter - Adding mock interface to class org/apache/hadoop/hdfs/server/datanode/CachingStrategy
2024-11-12 13:43:15,969 INFO  CreateClassResetClassAdapter - Creating brand-new static initializer in class org/apache/hadoop/hdfs/server/datanode/CachingStrategy
2024-11-12 13:43:15,969 INFO  EvoClassLoader - Keeping class: org.apache.hadoop.hdfs.server.datanode.CachingStrategy
2024-11-12 13:43:15,969 INFO  EvoClassLoader - Seeing class for first time: org.apache.hadoop.thirdparty.protobuf.EnumValue$Builder
2024-11-12 13:43:15,969 INFO  EvoClassLoader - Instrumenting class 'org.apache.hadoop.thirdparty.protobuf.EnumValue$Builder'.
2024-11-12 13:43:15,970 INFO  MethodCallReplacementClassAdapter - Adding mock interface to class org/apache/hadoop/thirdparty/protobuf/EnumValue$Builder
2024-11-12 13:43:15,971 INFO  CreateClassResetClassAdapter - Creating brand-new static initializer in class org/apache/hadoop/thirdparty/protobuf/EnumValue$Builder
2024-11-12 13:43:15,972 INFO  EvoClassLoader - Keeping class: org.apache.hadoop.thirdparty.protobuf.EnumValue$Builder
2024-11-12 13:43:15,973 INFO  EvoClassLoader - Seeing class for first time: org.apache.hadoop.util.Shell$ShellCommandExecutor
2024-11-12 13:43:15,973 INFO  EvoClassLoader - Instrumenting class 'org.apache.hadoop.util.Shell$ShellCommandExecutor'.
2024-11-12 13:43:15,973 INFO  MethodCallReplacementClassAdapter - Adding mock interface to class org/apache/hadoop/util/Shell$ShellCommandExecutor
2024-11-12 13:43:15,974 INFO  CreateClassResetClassAdapter - Creating brand-new static initializer in class org/apache/hadoop/util/Shell$ShellCommandExecutor
2024-11-12 13:43:15,974 INFO  EvoClassLoader - Seeing class for first time: org.apache.hadoop.util.Shell
2024-11-12 13:43:15,974 INFO  EvoClassLoader - Instrumenting class 'org.apache.hadoop.util.Shell'.
2024-11-12 13:43:15,974 INFO  MethodCallReplacementClassAdapter - Adding mock interface to class org/apache/hadoop/util/Shell
2024-11-12 13:43:15,977 INFO  CreateClassResetClassAdapter - Found static initializer in class org/apache/hadoop/util/Shell
2024-11-12 13:43:15,979 INFO  EvoClassLoader - Keeping class: org.apache.hadoop.util.Shell
2024-11-12 13:43:15,979 INFO  EvoClassLoader - Keeping class: org.apache.hadoop.util.Shell$ShellCommandExecutor
2024-11-12 13:43:15,980 INFO  EvoClassLoader - Seeing class for first time: org.apache.hadoop.util.Time
2024-11-12 13:43:15,980 INFO  EvoClassLoader - Instrumenting class 'org.apache.hadoop.util.Time'.
2024-11-12 13:43:15,981 INFO  MethodCallReplacementClassAdapter - Adding mock interface to class org/apache/hadoop/util/Time
2024-11-12 13:43:15,981 INFO  CreateClassResetClassAdapter - Found static initializer in class org/apache/hadoop/util/Time
2024-11-12 13:43:15,981 INFO  EvoClassLoader - Keeping class: org.apache.hadoop.util.Time
2024-11-12 13:43:15,983 INFO  EvoClassLoader - Seeing class for first time: org.apache.hadoop.ipc.protobuf.RpcHeaderProtos$RPCCallerContextProto$1
2024-11-12 13:43:15,983 INFO  EvoClassLoader - Instrumenting class 'org.apache.hadoop.ipc.protobuf.RpcHeaderProtos$RPCCallerContextProto$1'.
2024-11-12 13:43:15,983 INFO  MethodCallReplacementClassAdapter - Adding mock interface to class org/apache/hadoop/ipc/protobuf/RpcHeaderProtos$RPCCallerContextProto$1
2024-11-12 13:43:15,984 INFO  EvoClassLoader - Keeping class: org.apache.hadoop.ipc.protobuf.RpcHeaderProtos$RPCCallerContextProto$1
2024-11-12 13:43:15,984 INFO  EvoClassLoader - Seeing class for first time: org.apache.hadoop.hdfs.server.protocol.BlockECReconstructionCommand
2024-11-12 13:43:15,984 INFO  EvoClassLoader - Instrumenting class 'org.apache.hadoop.hdfs.server.protocol.BlockECReconstructionCommand'.
2024-11-12 13:43:15,984 INFO  MethodCallReplacementClassAdapter - Adding mock interface to class org/apache/hadoop/hdfs/server/protocol/BlockECReconstructionCommand
2024-11-12 13:43:15,984 INFO  CreateClassResetClassAdapter - Creating brand-new static initializer in class org/apache/hadoop/hdfs/server/protocol/BlockECReconstructionCommand
2024-11-12 13:43:15,985 INFO  EvoClassLoader - Keeping class: org.apache.hadoop.hdfs.server.protocol.BlockECReconstructionCommand
2024-11-12 13:43:15,985 INFO  EvoClassLoader - Seeing class for first time: org.apache.hadoop.thirdparty.protobuf.Field$Cardinality
2024-11-12 13:43:15,985 INFO  EvoClassLoader - Instrumenting class 'org.apache.hadoop.thirdparty.protobuf.Field$Cardinality'.
2024-11-12 13:43:15,985 INFO  MethodCallReplacementClassAdapter - Adding mock interface to class org/apache/hadoop/thirdparty/protobuf/Field$Cardinality
2024-11-12 13:43:15,986 INFO  CreateClassResetClassAdapter - Found static initializer in class org/apache/hadoop/thirdparty/protobuf/Field$Cardinality
2024-11-12 13:43:15,987 INFO  EvoClassLoader - Keeping class: org.apache.hadoop.thirdparty.protobuf.Field$Cardinality
2024-11-12 13:43:15,987 INFO  EvoClassLoader - Seeing class for first time: org.apache.hadoop.thirdparty.protobuf.Field$Cardinality$1
2024-11-12 13:43:15,987 INFO  EvoClassLoader - Instrumenting class 'org.apache.hadoop.thirdparty.protobuf.Field$Cardinality$1'.
2024-11-12 13:43:15,987 INFO  MethodCallReplacementClassAdapter - Adding mock interface to class org/apache/hadoop/thirdparty/protobuf/Field$Cardinality$1
2024-11-12 13:43:15,988 INFO  EvoClassLoader - Keeping class: org.apache.hadoop.thirdparty.protobuf.Field$Cardinality$1
2024-11-12 13:43:15,988 INFO  EvoClassLoader - Seeing class for first time: org.apache.hadoop.hdfs.qjournal.protocol.QJournalProtocolProtos$GetJournalStateRequestProto$Builder
2024-11-12 13:43:15,988 INFO  EvoClassLoader - Instrumenting class 'org.apache.hadoop.hdfs.qjournal.protocol.QJournalProtocolProtos$GetJournalStateRequestProto$Builder'.
2024-11-12 13:43:15,988 INFO  MethodCallReplacementClassAdapter - Adding mock interface to class org/apache/hadoop/hdfs/qjournal/protocol/QJournalProtocolProtos$GetJournalStateRequestProto$Builder
2024-11-12 13:43:15,989 INFO  CreateClassResetClassAdapter - Creating brand-new static initializer in class org/apache/hadoop/hdfs/qjournal/protocol/QJournalProtocolProtos$GetJournalStateRequestProto$Builder
2024-11-12 13:43:15,989 INFO  EvoClassLoader - Keeping class: org.apache.hadoop.hdfs.qjournal.protocol.QJournalProtocolProtos$GetJournalStateRequestProto$Builder
2024-11-12 13:43:15,990 INFO  EvoClassLoader - Seeing class for first time: org.apache.hadoop.thirdparty.protobuf.DescriptorProtos$UninterpretedOption$NamePart$1
2024-11-12 13:43:15,990 INFO  EvoClassLoader - Instrumenting class 'org.apache.hadoop.thirdparty.protobuf.DescriptorProtos$UninterpretedOption$NamePart$1'.
2024-11-12 13:43:15,990 INFO  MethodCallReplacementClassAdapter - Adding mock interface to class org/apache/hadoop/thirdparty/protobuf/DescriptorProtos$UninterpretedOption$NamePart$1
2024-11-12 13:43:15,990 INFO  EvoClassLoader - Keeping class: org.apache.hadoop.thirdparty.protobuf.DescriptorProtos$UninterpretedOption$NamePart$1
2024-11-12 13:43:15,991 INFO  EvoClassLoader - Seeing class for first time: org.apache.hadoop.thirdparty.protobuf.RepeatedFieldBuilderV3
2024-11-12 13:43:15,991 INFO  EvoClassLoader - Instrumenting class 'org.apache.hadoop.thirdparty.protobuf.RepeatedFieldBuilderV3'.
2024-11-12 13:43:15,991 INFO  MethodCallReplacementClassAdapter - Adding mock interface to class org/apache/hadoop/thirdparty/protobuf/RepeatedFieldBuilderV3
2024-11-12 13:43:15,991 INFO  CreateClassResetClassAdapter - Creating brand-new static initializer in class org/apache/hadoop/thirdparty/protobuf/RepeatedFieldBuilderV3
2024-11-12 13:43:15,991 INFO  EvoClassLoader - Keeping class: org.apache.hadoop.thirdparty.protobuf.RepeatedFieldBuilderV3
2024-11-12 13:43:15,992 INFO  EvoClassLoader - Seeing class for first time: org.apache.hadoop.hdfs.client.impl.DfsClientConf
2024-11-12 13:43:15,992 INFO  EvoClassLoader - Instrumenting class 'org.apache.hadoop.hdfs.client.impl.DfsClientConf'.
2024-11-12 13:43:15,992 INFO  MethodCallReplacementClassAdapter - Adding mock interface to class org/apache/hadoop/hdfs/client/impl/DfsClientConf
2024-11-12 13:43:15,992 INFO  CreateClassResetClassAdapter - Found static initializer in class org/apache/hadoop/hdfs/client/impl/DfsClientConf
2024-11-12 13:43:15,994 INFO  EvoClassLoader - Keeping class: org.apache.hadoop.hdfs.client.impl.DfsClientConf
2024-11-12 13:43:15,994 INFO  EvoClassLoader - Seeing class for first time: org.apache.hadoop.hdfs.security.token.block.BlockTokenIdentifier$AccessMode
2024-11-12 13:43:15,994 INFO  EvoClassLoader - Instrumenting class 'org.apache.hadoop.hdfs.security.token.block.BlockTokenIdentifier$AccessMode'.
2024-11-12 13:43:15,994 INFO  MethodCallReplacementClassAdapter - Adding mock interface to class org/apache/hadoop/hdfs/security/token/block/BlockTokenIdentifier$AccessMode
2024-11-12 13:43:15,994 INFO  CreateClassResetClassAdapter - Found static initializer in class org/apache/hadoop/hdfs/security/token/block/BlockTokenIdentifier$AccessMode
2024-11-12 13:43:15,994 INFO  EvoClassLoader - Keeping class: org.apache.hadoop.hdfs.security.token.block.BlockTokenIdentifier$AccessMode
2024-11-12 13:43:15,994 INFO  EvoClassLoader - Seeing class for first time: org.apache.hadoop.hdfs.protocol.datatransfer.sasl.SaslDataTransferClient
2024-11-12 13:43:15,994 INFO  EvoClassLoader - Instrumenting class 'org.apache.hadoop.hdfs.protocol.datatransfer.sasl.SaslDataTransferClient'.
2024-11-12 13:43:15,995 INFO  MethodCallReplacementClassAdapter - Adding mock interface to class org/apache/hadoop/hdfs/protocol/datatransfer/sasl/SaslDataTransferClient
2024-11-12 13:43:15,996 INFO  CreateClassResetClassAdapter - Found static initializer in class org/apache/hadoop/hdfs/protocol/datatransfer/sasl/SaslDataTransferClient
2024-11-12 13:43:15,997 INFO  EvoClassLoader - Keeping class: org.apache.hadoop.hdfs.protocol.datatransfer.sasl.SaslDataTransferClient
2024-11-12 13:43:15,997 INFO  EvoClassLoader - Seeing class for first time: org.apache.hadoop.thirdparty.protobuf.Value$KindCase
2024-11-12 13:43:15,997 INFO  EvoClassLoader - Instrumenting class 'org.apache.hadoop.thirdparty.protobuf.Value$KindCase'.
2024-11-12 13:43:15,997 INFO  MethodCallReplacementClassAdapter - Adding mock interface to class org/apache/hadoop/thirdparty/protobuf/Value$KindCase
2024-11-12 13:43:15,997 INFO  CreateClassResetClassAdapter - Found static initializer in class org/apache/hadoop/thirdparty/protobuf/Value$KindCase
2024-11-12 13:43:15,997 INFO  EvoClassLoader - Keeping class: org.apache.hadoop.thirdparty.protobuf.Value$KindCase
2024-11-12 13:43:15,997 INFO  EvoClassLoader - Seeing class for first time: org.apache.hadoop.hdfs.protocol.ErasureCodingPolicy
2024-11-12 13:43:15,997 INFO  EvoClassLoader - Instrumenting class 'org.apache.hadoop.hdfs.protocol.ErasureCodingPolicy'.
2024-11-12 13:43:15,998 INFO  MethodCallReplacementClassAdapter - Adding mock interface to class org/apache/hadoop/hdfs/protocol/ErasureCodingPolicy
2024-11-12 13:43:15,998 INFO  CreateClassResetClassAdapter - Creating brand-new static initializer in class org/apache/hadoop/hdfs/protocol/ErasureCodingPolicy
2024-11-12 13:43:15,998 INFO  EvoClassLoader - Keeping class: org.apache.hadoop.hdfs.protocol.ErasureCodingPolicy
2024-11-12 13:43:15,998 INFO  EvoClassLoader - Seeing class for first time: org.apache.hadoop.io.ReadaheadPool
2024-11-12 13:43:15,998 INFO  EvoClassLoader - Instrumenting class 'org.apache.hadoop.io.ReadaheadPool'.
2024-11-12 13:43:15,998 INFO  MethodCallReplacementClassAdapter - Adding mock interface to class org/apache/hadoop/io/ReadaheadPool
2024-11-12 13:43:15,998 INFO  CreateClassResetClassAdapter - Found static initializer in class org/apache/hadoop/io/ReadaheadPool
2024-11-12 13:43:15,999 INFO  EvoClassLoader - Keeping class: org.apache.hadoop.io.ReadaheadPool
2024-11-12 13:43:15,999 INFO  EvoClassLoader - Seeing class for first time: org.apache.hadoop.io.ReadaheadPool$ReadaheadRequest
2024-11-12 13:43:15,999 INFO  EvoClassLoader - Instrumenting class 'org.apache.hadoop.io.ReadaheadPool$ReadaheadRequest'.
2024-11-12 13:43:16,000 INFO  EvoClassLoader - Keeping class: org.apache.hadoop.io.ReadaheadPool$ReadaheadRequest
2024-11-12 13:43:16,000 INFO  EvoClassLoader - Seeing class for first time: org.apache.hadoop.hdfs.protocol.HdfsConstants$RollingUpgradeAction
2024-11-12 13:43:16,000 INFO  EvoClassLoader - Instrumenting class 'org.apache.hadoop.hdfs.protocol.HdfsConstants$RollingUpgradeAction'.
2024-11-12 13:43:16,000 INFO  MethodCallReplacementClassAdapter - Adding mock interface to class org/apache/hadoop/hdfs/protocol/HdfsConstants$RollingUpgradeAction
2024-11-12 13:43:16,000 INFO  CreateClassResetClassAdapter - Found static initializer in class org/apache/hadoop/hdfs/protocol/HdfsConstants$RollingUpgradeAction
2024-11-12 13:43:16,001 INFO  EvoClassLoader - Keeping class: org.apache.hadoop.hdfs.protocol.HdfsConstants$RollingUpgradeAction
2024-11-12 13:43:16,001 INFO  EvoClassLoader - Seeing class for first time: org.apache.hadoop.hdfs.protocol.datatransfer.PipelineAck$SLOW
2024-11-12 13:43:16,001 INFO  EvoClassLoader - Instrumenting class 'org.apache.hadoop.hdfs.protocol.datatransfer.PipelineAck$SLOW'.
2024-11-12 13:43:16,001 INFO  MethodCallReplacementClassAdapter - Adding mock interface to class org/apache/hadoop/hdfs/protocol/datatransfer/PipelineAck$SLOW
2024-11-12 13:43:16,001 INFO  CreateClassResetClassAdapter - Found static initializer in class org/apache/hadoop/hdfs/protocol/datatransfer/PipelineAck$SLOW
2024-11-12 13:43:16,002 INFO  EvoClassLoader - Keeping class: org.apache.hadoop.hdfs.protocol.datatransfer.PipelineAck$SLOW
2024-11-12 13:43:16,002 INFO  EvoClassLoader - Seeing class for first time: org.eclipse.jetty.util.BufferUtil
2024-11-12 13:43:16,002 INFO  EvoClassLoader - Instrumenting class 'org.eclipse.jetty.util.BufferUtil'.
2024-11-12 13:43:16,002 INFO  MethodCallReplacementClassAdapter - Adding mock interface to class org/eclipse/jetty/util/BufferUtil
2024-11-12 13:43:16,004 INFO  CreateClassResetClassAdapter - Found static initializer in class org/eclipse/jetty/util/BufferUtil
2024-11-12 13:43:16,004 INFO  EvoClassLoader - Keeping class: org.eclipse.jetty.util.BufferUtil
2024-11-12 13:43:16,005 INFO  EvoClassLoader - Seeing class for first time: org.apache.hadoop.hdfs.qjournal.protocol.QJournalProtocolProtos$HeartbeatRequestProto
2024-11-12 13:43:16,005 INFO  EvoClassLoader - Instrumenting class 'org.apache.hadoop.hdfs.qjournal.protocol.QJournalProtocolProtos$HeartbeatRequestProto'.
2024-11-12 13:43:16,005 INFO  MethodCallReplacementClassAdapter - Adding mock interface to class org/apache/hadoop/hdfs/qjournal/protocol/QJournalProtocolProtos$HeartbeatRequestProto
2024-11-12 13:43:16,005 INFO  CreateClassResetClassAdapter - Found static initializer in class org/apache/hadoop/hdfs/qjournal/protocol/QJournalProtocolProtos$HeartbeatRequestProto
2024-11-12 13:43:16,006 INFO  EvoClassLoader - Keeping class: org.apache.hadoop.hdfs.qjournal.protocol.QJournalProtocolProtos$HeartbeatRequestProto
2024-11-12 13:43:16,006 INFO  EvoClassLoader - Seeing class for first time: org.apache.hadoop.hdfs.protocol.proto.DataTransferProtos$Status
2024-11-12 13:43:16,006 INFO  EvoClassLoader - Instrumenting class 'org.apache.hadoop.hdfs.protocol.proto.DataTransferProtos$Status'.
2024-11-12 13:43:16,006 INFO  MethodCallReplacementClassAdapter - Adding mock interface to class org/apache/hadoop/hdfs/protocol/proto/DataTransferProtos$Status
2024-11-12 13:43:16,007 INFO  CreateClassResetClassAdapter - Found static initializer in class org/apache/hadoop/hdfs/protocol/proto/DataTransferProtos$Status
2024-11-12 13:43:16,007 INFO  EvoClassLoader - Keeping class: org.apache.hadoop.hdfs.protocol.proto.DataTransferProtos$Status
2024-11-12 13:43:16,007 INFO  EvoClassLoader - Seeing class for first time: org.apache.hadoop.hdfs.protocol.proto.DataTransferProtos$Status$1
2024-11-12 13:43:16,007 INFO  EvoClassLoader - Instrumenting class 'org.apache.hadoop.hdfs.protocol.proto.DataTransferProtos$Status$1'.
2024-11-12 13:43:16,007 INFO  MethodCallReplacementClassAdapter - Adding mock interface to class org/apache/hadoop/hdfs/protocol/proto/DataTransferProtos$Status$1
2024-11-12 13:43:16,007 INFO  EvoClassLoader - Keeping class: org.apache.hadoop.hdfs.protocol.proto.DataTransferProtos$Status$1
2024-11-12 13:43:16,008 INFO  EvoClassLoader - Seeing class for first time: org.apache.hadoop.hdfs.server.protocol.BlockCommand
2024-11-12 13:43:16,008 INFO  EvoClassLoader - Instrumenting class 'org.apache.hadoop.hdfs.server.protocol.BlockCommand'.
2024-11-12 13:43:16,008 INFO  MethodCallReplacementClassAdapter - Adding mock interface to class org/apache/hadoop/hdfs/server/protocol/BlockCommand
2024-11-12 13:43:16,008 INFO  CreateClassResetClassAdapter - Found static initializer in class org/apache/hadoop/hdfs/server/protocol/BlockCommand
2024-11-12 13:43:16,008 INFO  EvoClassLoader - Keeping class: org.apache.hadoop.hdfs.server.protocol.BlockCommand
2024-11-12 13:43:16,008 INFO  EvoClassLoader - Seeing class for first time: org.apache.hadoop.thirdparty.protobuf.MutabilityOracle$1
2024-11-12 13:43:16,008 INFO  EvoClassLoader - Instrumenting class 'org.apache.hadoop.thirdparty.protobuf.MutabilityOracle$1'.
2024-11-12 13:43:16,008 INFO  MethodCallReplacementClassAdapter - Adding mock interface to class org/apache/hadoop/thirdparty/protobuf/MutabilityOracle$1
2024-11-12 13:43:16,009 INFO  EvoClassLoader - Keeping class: org.apache.hadoop.thirdparty.protobuf.MutabilityOracle$1
2024-11-12 13:43:16,009 INFO  EvoClassLoader - Seeing class for first time: org.apache.hadoop.fs.RawLocalFileSystem
2024-11-12 13:43:16,009 INFO  EvoClassLoader - Instrumenting class 'org.apache.hadoop.fs.RawLocalFileSystem'.
2024-11-12 13:43:16,009 INFO  MethodCallReplacementClassAdapter - Adding mock interface to class org/apache/hadoop/fs/RawLocalFileSystem
2024-11-12 13:43:16,011 INFO  CreateClassResetClassAdapter - Found static initializer in class org/apache/hadoop/fs/RawLocalFileSystem
2024-11-12 13:43:16,012 INFO  EvoClassLoader - Keeping class: org.apache.hadoop.fs.RawLocalFileSystem
2024-11-12 13:43:16,013 INFO  EvoClassLoader - Seeing class for first time: org.apache.hadoop.fs.FileEncryptionInfo
2024-11-12 13:43:16,013 INFO  EvoClassLoader - Instrumenting class 'org.apache.hadoop.fs.FileEncryptionInfo'.
2024-11-12 13:43:16,013 INFO  MethodCallReplacementClassAdapter - Adding mock interface to class org/apache/hadoop/fs/FileEncryptionInfo
2024-11-12 13:43:16,013 INFO  CreateClassResetClassAdapter - Creating brand-new static initializer in class org/apache/hadoop/fs/FileEncryptionInfo
2024-11-12 13:43:16,013 INFO  EvoClassLoader - Keeping class: org.apache.hadoop.fs.FileEncryptionInfo
2024-11-12 13:43:16,013 INFO  EvoClassLoader - Seeing class for first time: org.apache.hadoop.classification.InterfaceAudience$LimitedPrivate
2024-11-12 13:43:16,013 INFO  EvoClassLoader - Instrumenting class 'org.apache.hadoop.classification.InterfaceAudience$LimitedPrivate'.
2024-11-12 13:43:16,014 INFO  EvoClassLoader - Keeping class: org.apache.hadoop.classification.InterfaceAudience$LimitedPrivate
2024-11-12 13:43:16,014 INFO  EvoClassLoader - Seeing class for first time: org.apache.hadoop.thirdparty.protobuf.NullValue
2024-11-12 13:43:16,014 INFO  EvoClassLoader - Instrumenting class 'org.apache.hadoop.thirdparty.protobuf.NullValue'.
2024-11-12 13:43:16,014 INFO  MethodCallReplacementClassAdapter - Adding mock interface to class org/apache/hadoop/thirdparty/protobuf/NullValue
2024-11-12 13:43:16,015 INFO  CreateClassResetClassAdapter - Found static initializer in class org/apache/hadoop/thirdparty/protobuf/NullValue
2024-11-12 13:43:16,015 INFO  EvoClassLoader - Keeping class: org.apache.hadoop.thirdparty.protobuf.NullValue
2024-11-12 13:43:16,015 INFO  EvoClassLoader - Seeing class for first time: org.apache.hadoop.fs.Options$ChecksumOpt
2024-11-12 13:43:16,015 INFO  EvoClassLoader - Instrumenting class 'org.apache.hadoop.fs.Options$ChecksumOpt'.
2024-11-12 13:43:16,015 INFO  MethodCallReplacementClassAdapter - Adding mock interface to class org/apache/hadoop/fs/Options$ChecksumOpt
2024-11-12 13:43:16,015 INFO  CreateClassResetClassAdapter - Creating brand-new static initializer in class org/apache/hadoop/fs/Options$ChecksumOpt
2024-11-12 13:43:16,015 INFO  EvoClassLoader - Keeping class: org.apache.hadoop.fs.Options$ChecksumOpt
2024-11-12 13:43:16,015 INFO  EvoClassLoader - Seeing class for first time: org.apache.hadoop.thirdparty.protobuf.Any$Builder
2024-11-12 13:43:16,015 INFO  EvoClassLoader - Instrumenting class 'org.apache.hadoop.thirdparty.protobuf.Any$Builder'.
2024-11-12 13:43:16,016 INFO  MethodCallReplacementClassAdapter - Adding mock interface to class org/apache/hadoop/thirdparty/protobuf/Any$Builder
2024-11-12 13:43:16,016 INFO  CreateClassResetClassAdapter - Creating brand-new static initializer in class org/apache/hadoop/thirdparty/protobuf/Any$Builder
2024-11-12 13:43:16,017 INFO  EvoClassLoader - Keeping class: org.apache.hadoop.thirdparty.protobuf.Any$Builder
2024-11-12 13:43:16,017 INFO  EvoClassLoader - Seeing class for first time: org.apache.hadoop.hdfs.qjournal.protocol.QJournalProtocolProtos$GetEditLogManifestResponseProto$Builder
2024-11-12 13:43:16,017 INFO  EvoClassLoader - Instrumenting class 'org.apache.hadoop.hdfs.qjournal.protocol.QJournalProtocolProtos$GetEditLogManifestResponseProto$Builder'.
2024-11-12 13:43:16,018 INFO  MethodCallReplacementClassAdapter - Adding mock interface to class org/apache/hadoop/hdfs/qjournal/protocol/QJournalProtocolProtos$GetEditLogManifestResponseProto$Builder
2024-11-12 13:43:16,019 INFO  CreateClassResetClassAdapter - Creating brand-new static initializer in class org/apache/hadoop/hdfs/qjournal/protocol/QJournalProtocolProtos$GetEditLogManifestResponseProto$Builder
2024-11-12 13:43:16,019 INFO  EvoClassLoader - Keeping class: org.apache.hadoop.hdfs.qjournal.protocol.QJournalProtocolProtos$GetEditLogManifestResponseProto$Builder
2024-11-12 13:43:16,020 INFO  EvoClassLoader - Seeing class for first time: org.apache.hadoop.hdfs.server.protocol.KeyUpdateCommand
2024-11-12 13:43:16,020 INFO  EvoClassLoader - Instrumenting class 'org.apache.hadoop.hdfs.server.protocol.KeyUpdateCommand'.
2024-11-12 13:43:16,020 INFO  MethodCallReplacementClassAdapter - Adding mock interface to class org/apache/hadoop/hdfs/server/protocol/KeyUpdateCommand
2024-11-12 13:43:16,020 INFO  CreateClassResetClassAdapter - Creating brand-new static initializer in class org/apache/hadoop/hdfs/server/protocol/KeyUpdateCommand
2024-11-12 13:43:16,020 INFO  EvoClassLoader - Keeping class: org.apache.hadoop.hdfs.server.protocol.KeyUpdateCommand
2024-11-12 13:43:16,020 INFO  EvoClassLoader - Seeing class for first time: org.apache.hadoop.fs.HarFileSystem$HarMetaData
2024-11-12 13:43:16,020 INFO  EvoClassLoader - Instrumenting class 'org.apache.hadoop.fs.HarFileSystem$HarMetaData'.
2024-11-12 13:43:16,021 INFO  MethodCallReplacementClassAdapter - Adding mock interface to class org/apache/hadoop/fs/HarFileSystem$HarMetaData
2024-11-12 13:43:16,022 INFO  CreateClassResetClassAdapter - Creating brand-new static initializer in class org/apache/hadoop/fs/HarFileSystem$HarMetaData
2024-11-12 13:43:16,022 INFO  EvoClassLoader - Keeping class: org.apache.hadoop.fs.HarFileSystem$HarMetaData
2024-11-12 13:43:16,023 INFO  EvoClassLoader - Seeing class for first time: org.apache.hadoop.hdfs.protocolPB.PBHelper
2024-11-12 13:43:16,023 INFO  EvoClassLoader - Instrumenting class 'org.apache.hadoop.hdfs.protocolPB.PBHelper'.
2024-11-12 13:43:16,024 INFO  MethodCallReplacementClassAdapter - Adding mock interface to class org/apache/hadoop/hdfs/protocolPB/PBHelper
2024-11-12 13:43:16,026 INFO  CreateClassResetClassAdapter - Found static initializer in class org/apache/hadoop/hdfs/protocolPB/PBHelper
2024-11-12 13:43:16,027 INFO  EvoClassLoader - Keeping class: org.apache.hadoop.hdfs.protocolPB.PBHelper
2024-11-12 13:43:16,028 INFO  EvoClassLoader - Seeing class for first time: org.apache.hadoop.hdfs.server.protocol.BalancerBandwidthCommand
2024-11-12 13:43:16,028 INFO  EvoClassLoader - Instrumenting class 'org.apache.hadoop.hdfs.server.protocol.BalancerBandwidthCommand'.
2024-11-12 13:43:16,028 INFO  MethodCallReplacementClassAdapter - Adding mock interface to class org/apache/hadoop/hdfs/server/protocol/BalancerBandwidthCommand
2024-11-12 13:43:16,028 INFO  CreateClassResetClassAdapter - Creating brand-new static initializer in class org/apache/hadoop/hdfs/server/protocol/BalancerBandwidthCommand
2024-11-12 13:43:16,028 INFO  CreateClassResetClassAdapter - Adding bytecode for initializing field BBC_DEFAULTBANDWIDTH
2024-11-12 13:43:16,028 INFO  EvoClassLoader - Keeping class: org.apache.hadoop.hdfs.server.protocol.BalancerBandwidthCommand
2024-11-12 13:43:16,029 INFO  EvoClassLoader - Seeing class for first time: org.apache.hadoop.hdfs.qjournal.protocol.QJournalProtocolProtos$AcceptRecoveryResponseProto$Builder
2024-11-12 13:43:16,029 INFO  EvoClassLoader - Instrumenting class 'org.apache.hadoop.hdfs.qjournal.protocol.QJournalProtocolProtos$AcceptRecoveryResponseProto$Builder'.
2024-11-12 13:43:16,030 INFO  MethodCallReplacementClassAdapter - Adding mock interface to class org/apache/hadoop/hdfs/qjournal/protocol/QJournalProtocolProtos$AcceptRecoveryResponseProto$Builder
2024-11-12 13:43:16,030 INFO  CreateClassResetClassAdapter - Creating brand-new static initializer in class org/apache/hadoop/hdfs/qjournal/protocol/QJournalProtocolProtos$AcceptRecoveryResponseProto$Builder
2024-11-12 13:43:16,031 INFO  EvoClassLoader - Keeping class: org.apache.hadoop.hdfs.qjournal.protocol.QJournalProtocolProtos$AcceptRecoveryResponseProto$Builder
2024-11-12 13:43:16,031 INFO  EvoClassLoader - Seeing class for first time: org.apache.hadoop.thirdparty.protobuf.Option$1
2024-11-12 13:43:16,031 INFO  EvoClassLoader - Instrumenting class 'org.apache.hadoop.thirdparty.protobuf.Option$1'.
2024-11-12 13:43:16,032 INFO  MethodCallReplacementClassAdapter - Adding mock interface to class org/apache/hadoop/thirdparty/protobuf/Option$1
2024-11-12 13:43:16,032 INFO  EvoClassLoader - Keeping class: org.apache.hadoop.thirdparty.protobuf.Option$1
2024-11-12 13:43:16,032 INFO  EvoClassLoader - Seeing class for first time: org.apache.hadoop.hdfs.server.datanode.fsdataset.LengthInputStream
2024-11-12 13:43:16,032 INFO  EvoClassLoader - Instrumenting class 'org.apache.hadoop.hdfs.server.datanode.fsdataset.LengthInputStream'.
2024-11-12 13:43:16,032 INFO  MethodCallReplacementClassAdapter - Adding mock interface to class org/apache/hadoop/hdfs/server/datanode/fsdataset/LengthInputStream
2024-11-12 13:43:16,033 INFO  CreateClassResetClassAdapter - Creating brand-new static initializer in class org/apache/hadoop/hdfs/server/datanode/fsdataset/LengthInputStream
2024-11-12 13:43:16,033 INFO  EvoClassLoader - Keeping class: org.apache.hadoop.hdfs.server.datanode.fsdataset.LengthInputStream
2024-11-12 13:43:16,033 INFO  EvoClassLoader - Seeing class for first time: org.apache.hadoop.hdfs.protocol.proto.HdfsServerProtos$RecoveringBlockProto
2024-11-12 13:43:16,033 INFO  EvoClassLoader - Instrumenting class 'org.apache.hadoop.hdfs.protocol.proto.HdfsServerProtos$RecoveringBlockProto'.
2024-11-12 13:43:16,033 INFO  MethodCallReplacementClassAdapter - Adding mock interface to class org/apache/hadoop/hdfs/protocol/proto/HdfsServerProtos$RecoveringBlockProto
2024-11-12 13:43:16,034 INFO  CreateClassResetClassAdapter - Found static initializer in class org/apache/hadoop/hdfs/protocol/proto/HdfsServerProtos$RecoveringBlockProto
2024-11-12 13:43:16,034 INFO  EvoClassLoader - Keeping class: org.apache.hadoop.hdfs.protocol.proto.HdfsServerProtos$RecoveringBlockProto
2024-11-12 13:43:16,034 INFO  EvoClassLoader - Seeing class for first time: org.apache.hadoop.hdfs.protocol.proto.HdfsProtos$ErasureCodingPolicyProtoOrBuilder
2024-11-12 13:43:16,034 INFO  EvoClassLoader - Instrumenting class 'org.apache.hadoop.hdfs.protocol.proto.HdfsProtos$ErasureCodingPolicyProtoOrBuilder'.
2024-11-12 13:43:16,035 INFO  EvoClassLoader - Keeping class: org.apache.hadoop.hdfs.protocol.proto.HdfsProtos$ErasureCodingPolicyProtoOrBuilder
2024-11-12 13:43:16,035 INFO  EvoClassLoader - Seeing class for first time: org.apache.hadoop.hdfs.protocol.proto.HdfsProtos$LocatedBlockProtoOrBuilder
2024-11-12 13:43:16,035 INFO  EvoClassLoader - Instrumenting class 'org.apache.hadoop.hdfs.protocol.proto.HdfsProtos$LocatedBlockProtoOrBuilder'.
2024-11-12 13:43:16,035 INFO  EvoClassLoader - Keeping class: org.apache.hadoop.hdfs.protocol.proto.HdfsProtos$LocatedBlockProtoOrBuilder
2024-11-12 13:43:16,035 INFO  EvoClassLoader - Seeing class for first time: org.apache.hadoop.hdfs.protocol.proto.HdfsProtos$BlockProtoOrBuilder
2024-11-12 13:43:16,035 INFO  EvoClassLoader - Instrumenting class 'org.apache.hadoop.hdfs.protocol.proto.HdfsProtos$BlockProtoOrBuilder'.
2024-11-12 13:43:16,035 INFO  EvoClassLoader - Keeping class: org.apache.hadoop.hdfs.protocol.proto.HdfsProtos$BlockProtoOrBuilder
2024-11-12 13:43:16,036 INFO  EvoClassLoader - Seeing class for first time: org.apache.hadoop.hdfs.protocol.proto.HdfsServerProtos$RecoveringBlockProto$1
2024-11-12 13:43:16,036 INFO  EvoClassLoader - Instrumenting class 'org.apache.hadoop.hdfs.protocol.proto.HdfsServerProtos$RecoveringBlockProto$1'.
2024-11-12 13:43:16,036 INFO  MethodCallReplacementClassAdapter - Adding mock interface to class org/apache/hadoop/hdfs/protocol/proto/HdfsServerProtos$RecoveringBlockProto$1
2024-11-12 13:43:16,036 INFO  EvoClassLoader - Keeping class: org.apache.hadoop.hdfs.protocol.proto.HdfsServerProtos$RecoveringBlockProto$1
2024-11-12 13:43:16,036 INFO  EvoClassLoader - Seeing class for first time: org.apache.hadoop.hdfs.protocol.SnapshottableDirectoryStatus
2024-11-12 13:43:16,036 INFO  EvoClassLoader - Instrumenting class 'org.apache.hadoop.hdfs.protocol.SnapshottableDirectoryStatus'.
2024-11-12 13:43:16,036 INFO  MethodCallReplacementClassAdapter - Adding mock interface to class org/apache/hadoop/hdfs/protocol/SnapshottableDirectoryStatus
2024-11-12 13:43:16,037 INFO  CreateClassResetClassAdapter - Found static initializer in class org/apache/hadoop/hdfs/protocol/SnapshottableDirectoryStatus
2024-11-12 13:43:16,037 INFO  EvoClassLoader - Keeping class: org.apache.hadoop.hdfs.protocol.SnapshottableDirectoryStatus
2024-11-12 13:43:16,038 INFO  EvoClassLoader - Seeing class for first time: org.apache.hadoop.hdfs.protocol.SnapshottableDirectoryStatus$1
2024-11-12 13:43:16,038 INFO  EvoClassLoader - Instrumenting class 'org.apache.hadoop.hdfs.protocol.SnapshottableDirectoryStatus$1'.
2024-11-12 13:43:16,038 INFO  MethodCallReplacementClassAdapter - Adding mock interface to class org/apache/hadoop/hdfs/protocol/SnapshottableDirectoryStatus$1
2024-11-12 13:43:16,038 INFO  EvoClassLoader - Keeping class: org.apache.hadoop.hdfs.protocol.SnapshottableDirectoryStatus$1
2024-11-12 13:43:16,038 INFO  EvoClassLoader - Seeing class for first time: org.apache.hadoop.hdfs.qjournal.protocol.QJournalProtocolProtos$JournalRequestProto
2024-11-12 13:43:16,038 INFO  EvoClassLoader - Instrumenting class 'org.apache.hadoop.hdfs.qjournal.protocol.QJournalProtocolProtos$JournalRequestProto'.
2024-11-12 13:43:16,038 INFO  MethodCallReplacementClassAdapter - Adding mock interface to class org/apache/hadoop/hdfs/qjournal/protocol/QJournalProtocolProtos$JournalRequestProto
2024-11-12 13:43:16,039 INFO  CreateClassResetClassAdapter - Found static initializer in class org/apache/hadoop/hdfs/qjournal/protocol/QJournalProtocolProtos$JournalRequestProto
2024-11-12 13:43:16,039 INFO  EvoClassLoader - Keeping class: org.apache.hadoop.hdfs.qjournal.protocol.QJournalProtocolProtos$JournalRequestProto
2024-11-12 13:43:16,039 INFO  EvoClassLoader - Seeing class for first time: org.apache.hadoop.thirdparty.protobuf.MessageReflection$MergeTarget$ContainerType
2024-11-12 13:43:16,039 INFO  EvoClassLoader - Instrumenting class 'org.apache.hadoop.thirdparty.protobuf.MessageReflection$MergeTarget$ContainerType'.
2024-11-12 13:43:16,040 INFO  MethodCallReplacementClassAdapter - Adding mock interface to class org/apache/hadoop/thirdparty/protobuf/MessageReflection$MergeTarget$ContainerType
2024-11-12 13:43:16,040 INFO  CreateClassResetClassAdapter - Found static initializer in class org/apache/hadoop/thirdparty/protobuf/MessageReflection$MergeTarget$ContainerType
2024-11-12 13:43:16,040 INFO  EvoClassLoader - Keeping class: org.apache.hadoop.thirdparty.protobuf.MessageReflection$MergeTarget$ContainerType
2024-11-12 13:43:16,041 INFO  EvoClassLoader - Seeing class for first time: org.apache.hadoop.hdfs.server.common.Storage$StorageDirectory
2024-11-12 13:43:16,041 INFO  EvoClassLoader - Instrumenting class 'org.apache.hadoop.hdfs.server.common.Storage$StorageDirectory'.
2024-11-12 13:43:16,041 INFO  MethodCallReplacementClassAdapter - Adding mock interface to class org/apache/hadoop/hdfs/server/common/Storage$StorageDirectory
2024-11-12 13:43:16,042 INFO  CreateClassResetClassAdapter - Found static initializer in class org/apache/hadoop/hdfs/server/common/Storage$StorageDirectory
2024-11-12 13:43:16,043 INFO  EvoClassLoader - Seeing class for first time: org.apache.hadoop.hdfs.server.common.Storage$FormatConfirmable
2024-11-12 13:43:16,043 INFO  EvoClassLoader - Instrumenting class 'org.apache.hadoop.hdfs.server.common.Storage$FormatConfirmable'.
2024-11-12 13:43:16,043 INFO  EvoClassLoader - Keeping class: org.apache.hadoop.hdfs.server.common.Storage$FormatConfirmable
2024-11-12 13:43:16,043 INFO  EvoClassLoader - Keeping class: org.apache.hadoop.hdfs.server.common.Storage$StorageDirectory
2024-11-12 13:43:16,044 INFO  EvoClassLoader - Seeing class for first time: org.apache.hadoop.hdfs.DeadNodeDetector$ProbeType
2024-11-12 13:43:16,044 INFO  EvoClassLoader - Instrumenting class 'org.apache.hadoop.hdfs.DeadNodeDetector$ProbeType'.
2024-11-12 13:43:16,044 INFO  MethodCallReplacementClassAdapter - Adding mock interface to class org/apache/hadoop/hdfs/DeadNodeDetector$ProbeType
2024-11-12 13:43:16,044 INFO  CreateClassResetClassAdapter - Found static initializer in class org/apache/hadoop/hdfs/DeadNodeDetector$ProbeType
2024-11-12 13:43:16,044 INFO  EvoClassLoader - Keeping class: org.apache.hadoop.hdfs.DeadNodeDetector$ProbeType
2024-11-12 13:43:16,044 INFO  EvoClassLoader - Seeing class for first time: org.apache.hadoop.hdfs.DeadNodeDetector$Probe
2024-11-12 13:43:16,044 INFO  EvoClassLoader - Instrumenting class 'org.apache.hadoop.hdfs.DeadNodeDetector$Probe'.
2024-11-12 13:43:16,044 INFO  MethodCallReplacementClassAdapter - Adding mock interface to class org/apache/hadoop/hdfs/DeadNodeDetector$Probe
2024-11-12 13:43:16,044 INFO  CreateClassResetClassAdapter - Creating brand-new static initializer in class org/apache/hadoop/hdfs/DeadNodeDetector$Probe
2024-11-12 13:43:16,044 INFO  EvoClassLoader - Keeping class: org.apache.hadoop.hdfs.DeadNodeDetector$Probe
2024-11-12 13:43:16,044 INFO  EvoClassLoader - Seeing class for first time: org.apache.hadoop.hdfs.DeadNodeDetector$UniqueQueue
2024-11-12 13:43:16,044 INFO  EvoClassLoader - Instrumenting class 'org.apache.hadoop.hdfs.DeadNodeDetector$UniqueQueue'.
2024-11-12 13:43:16,044 INFO  MethodCallReplacementClassAdapter - Adding mock interface to class org/apache/hadoop/hdfs/DeadNodeDetector$UniqueQueue
2024-11-12 13:43:16,044 INFO  CreateClassResetClassAdapter - Creating brand-new static initializer in class org/apache/hadoop/hdfs/DeadNodeDetector$UniqueQueue
2024-11-12 13:43:16,044 INFO  EvoClassLoader - Keeping class: org.apache.hadoop.hdfs.DeadNodeDetector$UniqueQueue
2024-11-12 13:43:16,045 INFO  EvoClassLoader - Seeing class for first time: org.apache.hadoop.thirdparty.protobuf.Writer$FieldOrder
2024-11-12 13:43:16,045 INFO  EvoClassLoader - Instrumenting class 'org.apache.hadoop.thirdparty.protobuf.Writer$FieldOrder'.
2024-11-12 13:43:16,045 INFO  MethodCallReplacementClassAdapter - Adding mock interface to class org/apache/hadoop/thirdparty/protobuf/Writer$FieldOrder
2024-11-12 13:43:16,045 INFO  CreateClassResetClassAdapter - Found static initializer in class org/apache/hadoop/thirdparty/protobuf/Writer$FieldOrder
2024-11-12 13:43:16,045 INFO  EvoClassLoader - Keeping class: org.apache.hadoop.thirdparty.protobuf.Writer$FieldOrder
2024-11-12 13:43:16,045 INFO  EvoClassLoader - Seeing class for first time: org.apache.hadoop.security.alias.CredentialProvider
2024-11-12 13:43:16,045 INFO  EvoClassLoader - Instrumenting class 'org.apache.hadoop.security.alias.CredentialProvider'.
2024-11-12 13:43:16,045 INFO  MethodCallReplacementClassAdapter - Adding mock interface to class org/apache/hadoop/security/alias/CredentialProvider
2024-11-12 13:43:16,045 INFO  CreateClassResetClassAdapter - Creating brand-new static initializer in class org/apache/hadoop/security/alias/CredentialProvider
2024-11-12 13:43:16,045 INFO  CreateClassResetClassAdapter - Adding bytecode for initializing field CLEAR_TEXT_FALLBACK
2024-11-12 13:43:16,045 INFO  EvoClassLoader - Defined package (3): package org.apache.hadoop.security.alias, -558591691
2024-11-12 13:43:16,046 INFO  EvoClassLoader - Keeping class: org.apache.hadoop.security.alias.CredentialProvider
2024-11-12 13:43:16,046 INFO  EvoClassLoader - Seeing class for first time: org.apache.hadoop.security.alias.CredentialProvider$CredentialEntry
2024-11-12 13:43:16,046 INFO  EvoClassLoader - Instrumenting class 'org.apache.hadoop.security.alias.CredentialProvider$CredentialEntry'.
2024-11-12 13:43:16,046 INFO  MethodCallReplacementClassAdapter - Adding mock interface to class org/apache/hadoop/security/alias/CredentialProvider$CredentialEntry
2024-11-12 13:43:16,046 INFO  CreateClassResetClassAdapter - Creating brand-new static initializer in class org/apache/hadoop/security/alias/CredentialProvider$CredentialEntry
2024-11-12 13:43:16,046 INFO  EvoClassLoader - Keeping class: org.apache.hadoop.security.alias.CredentialProvider$CredentialEntry
2024-11-12 13:43:16,046 INFO  EvoClassLoader - Seeing class for first time: org.apache.hadoop.conf.ConfigRedactor
2024-11-12 13:43:16,046 INFO  EvoClassLoader - Instrumenting class 'org.apache.hadoop.conf.ConfigRedactor'.
2024-11-12 13:43:16,046 INFO  MethodCallReplacementClassAdapter - Adding mock interface to class org/apache/hadoop/conf/ConfigRedactor
2024-11-12 13:43:16,046 INFO  CreateClassResetClassAdapter - Creating brand-new static initializer in class org/apache/hadoop/conf/ConfigRedactor
2024-11-12 13:43:16,046 INFO  CreateClassResetClassAdapter - Adding bytecode for initializing field REDACTED_TEXT
2024-11-12 13:43:16,046 INFO  CreateClassResetClassAdapter - Adding bytecode for initializing field REDACTED_XML
2024-11-12 13:43:16,046 INFO  EvoClassLoader - Keeping class: org.apache.hadoop.conf.ConfigRedactor
2024-11-12 13:43:16,046 INFO  EvoClassLoader - Seeing class for first time: org.apache.hadoop.hdfs.server.namenode.FSImage
2024-11-12 13:43:16,046 INFO  EvoClassLoader - Instrumenting class 'org.apache.hadoop.hdfs.server.namenode.FSImage'.
2024-11-12 13:43:16,047 INFO  MethodCallReplacementClassAdapter - Adding mock interface to class org/apache/hadoop/hdfs/server/namenode/FSImage
2024-11-12 13:43:16,049 INFO  CreateClassResetClassAdapter - Found static initializer in class org/apache/hadoop/hdfs/server/namenode/FSImage
2024-11-12 13:43:16,051 INFO  EvoClassLoader - Keeping class: org.apache.hadoop.hdfs.server.namenode.FSImage
2024-11-12 13:43:16,052 INFO  EvoClassLoader - Seeing class for first time: org.apache.hadoop.security.proto.SecurityProtos$TokenProto
2024-11-12 13:43:16,052 INFO  EvoClassLoader - Instrumenting class 'org.apache.hadoop.security.proto.SecurityProtos$TokenProto'.
2024-11-12 13:43:16,052 INFO  MethodCallReplacementClassAdapter - Adding mock interface to class org/apache/hadoop/security/proto/SecurityProtos$TokenProto
2024-11-12 13:43:16,052 INFO  CreateClassResetClassAdapter - Found static initializer in class org/apache/hadoop/security/proto/SecurityProtos$TokenProto
2024-11-12 13:43:16,053 INFO  EvoClassLoader - Seeing class for first time: org.apache.hadoop.security.proto.SecurityProtos$TokenProtoOrBuilder
2024-11-12 13:43:16,053 INFO  EvoClassLoader - Instrumenting class 'org.apache.hadoop.security.proto.SecurityProtos$TokenProtoOrBuilder'.
2024-11-12 13:43:16,053 INFO  EvoClassLoader - Keeping class: org.apache.hadoop.security.proto.SecurityProtos$TokenProtoOrBuilder
2024-11-12 13:43:16,053 INFO  EvoClassLoader - Keeping class: org.apache.hadoop.security.proto.SecurityProtos$TokenProto
2024-11-12 13:43:16,053 INFO  EvoClassLoader - Seeing class for first time: org.apache.hadoop.security.Credentials$SerializedFormat
2024-11-12 13:43:16,053 INFO  EvoClassLoader - Instrumenting class 'org.apache.hadoop.security.Credentials$SerializedFormat'.
2024-11-12 13:43:16,054 INFO  MethodCallReplacementClassAdapter - Adding mock interface to class org/apache/hadoop/security/Credentials$SerializedFormat
2024-11-12 13:43:16,054 INFO  CreateClassResetClassAdapter - Found static initializer in class org/apache/hadoop/security/Credentials$SerializedFormat
2024-11-12 13:43:16,054 INFO  EvoClassLoader - Keeping class: org.apache.hadoop.security.Credentials$SerializedFormat
2024-11-12 13:43:16,055 INFO  EvoClassLoader - Seeing class for first time: org.apache.hadoop.fs.Options$HandleOpt$Data
2024-11-12 13:43:16,055 INFO  EvoClassLoader - Instrumenting class 'org.apache.hadoop.fs.Options$HandleOpt$Data'.
2024-11-12 13:43:16,055 INFO  MethodCallReplacementClassAdapter - Adding mock interface to class org/apache/hadoop/fs/Options$HandleOpt$Data
2024-11-12 13:43:16,055 INFO  CreateClassResetClassAdapter - Creating brand-new static initializer in class org/apache/hadoop/fs/Options$HandleOpt$Data
2024-11-12 13:43:16,055 INFO  EvoClassLoader - Keeping class: org.apache.hadoop.fs.Options$HandleOpt$Data
2024-11-12 13:43:16,055 INFO  EvoClassLoader - Seeing class for first time: org.apache.hadoop.fs.Options$HandleOpt$Location
2024-11-12 13:43:16,055 INFO  EvoClassLoader - Instrumenting class 'org.apache.hadoop.fs.Options$HandleOpt$Location'.
2024-11-12 13:43:16,055 INFO  MethodCallReplacementClassAdapter - Adding mock interface to class org/apache/hadoop/fs/Options$HandleOpt$Location
2024-11-12 13:43:16,056 INFO  CreateClassResetClassAdapter - Creating brand-new static initializer in class org/apache/hadoop/fs/Options$HandleOpt$Location
2024-11-12 13:43:16,056 INFO  EvoClassLoader - Keeping class: org.apache.hadoop.fs.Options$HandleOpt$Location
2024-11-12 13:43:16,056 INFO  EvoClassLoader - Seeing class for first time: org.codehaus.stax2.typed.Base64Variant
2024-11-12 13:43:16,056 INFO  EvoClassLoader - Instrumenting class 'org.codehaus.stax2.typed.Base64Variant'.
2024-11-12 13:43:16,056 INFO  MethodCallReplacementClassAdapter - Adding mock interface to class org/codehaus/stax2/typed/Base64Variant
2024-11-12 13:43:16,056 INFO  CreateClassResetClassAdapter - Creating brand-new static initializer in class org/codehaus/stax2/typed/Base64Variant
2024-11-12 13:43:16,056 INFO  CreateClassResetClassAdapter - Adding bytecode for initializing field PADDING_CHAR_NONE
2024-11-12 13:43:16,056 INFO  CreateClassResetClassAdapter - Adding bytecode for initializing field BASE64_VALUE_INVALID
2024-11-12 13:43:16,056 INFO  CreateClassResetClassAdapter - Adding bytecode for initializing field BASE64_VALUE_PADDING
2024-11-12 13:43:16,057 INFO  EvoClassLoader - Keeping class: org.codehaus.stax2.typed.Base64Variant
2024-11-12 13:43:16,057 INFO  EvoClassLoader - Seeing class for first time: org.codehaus.stax2.ri.typed.ValueDecoderFactory
2024-11-12 13:43:16,057 INFO  EvoClassLoader - Instrumenting class 'org.codehaus.stax2.ri.typed.ValueDecoderFactory'.
2024-11-12 13:43:16,057 INFO  MethodCallReplacementClassAdapter - Adding mock interface to class org/codehaus/stax2/ri/typed/ValueDecoderFactory
2024-11-12 13:43:16,057 INFO  CreateClassResetClassAdapter - Creating brand-new static initializer in class org/codehaus/stax2/ri/typed/ValueDecoderFactory
2024-11-12 13:43:16,058 INFO  EvoClassLoader - Keeping class: org.codehaus.stax2.ri.typed.ValueDecoderFactory
2024-11-12 13:43:16,058 INFO  EvoClassLoader - Seeing class for first time: org.codehaus.stax2.ri.typed.CharArrayBase64Decoder
2024-11-12 13:43:16,058 INFO  EvoClassLoader - Instrumenting class 'org.codehaus.stax2.ri.typed.CharArrayBase64Decoder'.
2024-11-12 13:43:16,058 INFO  MethodCallReplacementClassAdapter - Adding mock interface to class org/codehaus/stax2/ri/typed/CharArrayBase64Decoder
2024-11-12 13:43:16,060 INFO  CreateClassResetClassAdapter - Creating brand-new static initializer in class org/codehaus/stax2/ri/typed/CharArrayBase64Decoder
2024-11-12 13:43:16,060 INFO  EvoClassLoader - Seeing class for first time: org.codehaus.stax2.ri.typed.Base64DecoderBase
2024-11-12 13:43:16,060 INFO  EvoClassLoader - Instrumenting class 'org.codehaus.stax2.ri.typed.Base64DecoderBase'.
2024-11-12 13:43:16,061 INFO  MethodCallReplacementClassAdapter - Adding mock interface to class org/codehaus/stax2/ri/typed/Base64DecoderBase
2024-11-12 13:43:16,061 INFO  CreateClassResetClassAdapter - Creating brand-new static initializer in class org/codehaus/stax2/ri/typed/Base64DecoderBase
2024-11-12 13:43:16,061 INFO  CreateClassResetClassAdapter - Adding bytecode for initializing field STATE_INITIAL
2024-11-12 13:43:16,061 INFO  CreateClassResetClassAdapter - Adding bytecode for initializing field STATE_VALID_1
2024-11-12 13:43:16,061 INFO  CreateClassResetClassAdapter - Adding bytecode for initializing field STATE_VALID_2
2024-11-12 13:43:16,061 INFO  CreateClassResetClassAdapter - Adding bytecode for initializing field STATE_VALID_3
2024-11-12 13:43:16,061 INFO  CreateClassResetClassAdapter - Adding bytecode for initializing field STATE_OUTPUT_3
2024-11-12 13:43:16,061 INFO  CreateClassResetClassAdapter - Adding bytecode for initializing field STATE_OUTPUT_2
2024-11-12 13:43:16,061 INFO  CreateClassResetClassAdapter - Adding bytecode for initializing field STATE_OUTPUT_1
2024-11-12 13:43:16,061 INFO  CreateClassResetClassAdapter - Adding bytecode for initializing field STATE_VALID_2_AND_PADDING
2024-11-12 13:43:16,061 INFO  CreateClassResetClassAdapter - Adding bytecode for initializing field INT_SPACE
2024-11-12 13:43:16,061 INFO  EvoClassLoader - Keeping class: org.codehaus.stax2.ri.typed.Base64DecoderBase
2024-11-12 13:43:16,061 INFO  EvoClassLoader - Keeping class: org.codehaus.stax2.ri.typed.CharArrayBase64Decoder
2024-11-12 13:43:16,062 INFO  EvoClassLoader - Seeing class for first time: org.apache.hadoop.hdfs.protocol.proto.HdfsServerProtos$NamenodeCommandProto$Builder
2024-11-12 13:43:16,062 INFO  EvoClassLoader - Instrumenting class 'org.apache.hadoop.hdfs.protocol.proto.HdfsServerProtos$NamenodeCommandProto$Builder'.
2024-11-12 13:43:16,062 INFO  MethodCallReplacementClassAdapter - Adding mock interface to class org/apache/hadoop/hdfs/protocol/proto/HdfsServerProtos$NamenodeCommandProto$Builder
2024-11-12 13:43:16,063 INFO  CreateClassResetClassAdapter - Creating brand-new static initializer in class org/apache/hadoop/hdfs/protocol/proto/HdfsServerProtos$NamenodeCommandProto$Builder
2024-11-12 13:43:16,063 INFO  EvoClassLoader - Keeping class: org.apache.hadoop.hdfs.protocol.proto.HdfsServerProtos$NamenodeCommandProto$Builder
2024-11-12 13:43:16,063 INFO  EvoClassLoader - Seeing class for first time: org.apache.hadoop.hdfs.protocol.proto.HdfsServerProtos$NamenodeCommandProto$Type
2024-11-12 13:43:16,063 INFO  EvoClassLoader - Instrumenting class 'org.apache.hadoop.hdfs.protocol.proto.HdfsServerProtos$NamenodeCommandProto$Type'.
2024-11-12 13:43:16,063 INFO  MethodCallReplacementClassAdapter - Adding mock interface to class org/apache/hadoop/hdfs/protocol/proto/HdfsServerProtos$NamenodeCommandProto$Type
2024-11-12 13:43:16,064 INFO  CreateClassResetClassAdapter - Found static initializer in class org/apache/hadoop/hdfs/protocol/proto/HdfsServerProtos$NamenodeCommandProto$Type
2024-11-12 13:43:16,064 INFO  EvoClassLoader - Keeping class: org.apache.hadoop.hdfs.protocol.proto.HdfsServerProtos$NamenodeCommandProto$Type
2024-11-12 13:43:16,064 INFO  EvoClassLoader - Seeing class for first time: org.apache.hadoop.hdfs.ReadStatistics
2024-11-12 13:43:16,064 INFO  EvoClassLoader - Instrumenting class 'org.apache.hadoop.hdfs.ReadStatistics'.
2024-11-12 13:43:16,064 INFO  MethodCallReplacementClassAdapter - Adding mock interface to class org/apache/hadoop/hdfs/ReadStatistics
2024-11-12 13:43:16,064 INFO  CreateClassResetClassAdapter - Creating brand-new static initializer in class org/apache/hadoop/hdfs/ReadStatistics
2024-11-12 13:43:16,065 INFO  EvoClassLoader - Keeping class: org.apache.hadoop.hdfs.ReadStatistics
2024-11-12 13:43:16,066 INFO  EvoClassLoader - Seeing class for first time: org.apache.hadoop.hdfs.server.datanode.StorageLocation$CheckContext
2024-11-12 13:43:16,066 INFO  EvoClassLoader - Instrumenting class 'org.apache.hadoop.hdfs.server.datanode.StorageLocation$CheckContext'.
2024-11-12 13:43:16,066 INFO  MethodCallReplacementClassAdapter - Adding mock interface to class org/apache/hadoop/hdfs/server/datanode/StorageLocation$CheckContext
2024-11-12 13:43:16,066 INFO  CreateClassResetClassAdapter - Creating brand-new static initializer in class org/apache/hadoop/hdfs/server/datanode/StorageLocation$CheckContext
2024-11-12 13:43:16,067 INFO  EvoClassLoader - Keeping class: org.apache.hadoop.hdfs.server.datanode.StorageLocation$CheckContext
2024-11-12 13:43:16,067 INFO  EvoClassLoader - Seeing class for first time: org.apache.hadoop.hdfs.server.datanode.checker.VolumeCheckResult
2024-11-12 13:43:16,067 INFO  EvoClassLoader - Instrumenting class 'org.apache.hadoop.hdfs.server.datanode.checker.VolumeCheckResult'.
2024-11-12 13:43:16,067 INFO  MethodCallReplacementClassAdapter - Adding mock interface to class org/apache/hadoop/hdfs/server/datanode/checker/VolumeCheckResult
2024-11-12 13:43:16,067 INFO  CreateClassResetClassAdapter - Found static initializer in class org/apache/hadoop/hdfs/server/datanode/checker/VolumeCheckResult
2024-11-12 13:43:16,068 INFO  EvoClassLoader - Keeping class: org.apache.hadoop.hdfs.server.datanode.checker.VolumeCheckResult
2024-11-12 13:43:16,068 INFO  EvoClassLoader - Seeing class for first time: org.apache.hadoop.hdfs.server.common.DataNodeLockManager$LockLevel
2024-11-12 13:43:16,068 INFO  EvoClassLoader - Instrumenting class 'org.apache.hadoop.hdfs.server.common.DataNodeLockManager$LockLevel'.
2024-11-12 13:43:16,068 INFO  MethodCallReplacementClassAdapter - Adding mock interface to class org/apache/hadoop/hdfs/server/common/DataNodeLockManager$LockLevel
2024-11-12 13:43:16,068 INFO  CreateClassResetClassAdapter - Found static initializer in class org/apache/hadoop/hdfs/server/common/DataNodeLockManager$LockLevel
2024-11-12 13:43:16,068 INFO  EvoClassLoader - Keeping class: org.apache.hadoop.hdfs.server.common.DataNodeLockManager$LockLevel
2024-11-12 13:43:16,068 INFO  EvoClassLoader - Seeing class for first time: org.apache.hadoop.hdfs.server.datanode.DataSetLockManager$TrackLog
2024-11-12 13:43:16,068 INFO  EvoClassLoader - Instrumenting class 'org.apache.hadoop.hdfs.server.datanode.DataSetLockManager$TrackLog'.
2024-11-12 13:43:16,069 INFO  MethodCallReplacementClassAdapter - Adding mock interface to class org/apache/hadoop/hdfs/server/datanode/DataSetLockManager$TrackLog
2024-11-12 13:43:16,069 INFO  CreateClassResetClassAdapter - Creating brand-new static initializer in class org/apache/hadoop/hdfs/server/datanode/DataSetLockManager$TrackLog
2024-11-12 13:43:16,070 INFO  EvoClassLoader - Keeping class: org.apache.hadoop.hdfs.server.datanode.DataSetLockManager$TrackLog
2024-11-12 13:43:16,071 INFO  EvoClassLoader - Seeing class for first time: org.apache.hadoop.hdfs.server.datanode.DataXceiver
2024-11-12 13:43:16,071 INFO  EvoClassLoader - Instrumenting class 'org.apache.hadoop.hdfs.server.datanode.DataXceiver'.
2024-11-12 13:43:16,072 INFO  MethodCallReplacementClassAdapter - Adding mock interface to class org/apache/hadoop/hdfs/server/datanode/DataXceiver
2024-11-12 13:43:16,077 INFO  CreateClassResetClassAdapter - Found static initializer in class org/apache/hadoop/hdfs/server/datanode/DataXceiver
2024-11-12 13:43:16,079 INFO  EvoClassLoader - Seeing class for first time: org.apache.hadoop.hdfs.protocol.datatransfer.Receiver
2024-11-12 13:43:16,079 INFO  EvoClassLoader - Instrumenting class 'org.apache.hadoop.hdfs.protocol.datatransfer.Receiver'.
2024-11-12 13:43:16,079 INFO  MethodCallReplacementClassAdapter - Adding mock interface to class org/apache/hadoop/hdfs/protocol/datatransfer/Receiver
2024-11-12 13:43:16,080 INFO  CreateClassResetClassAdapter - Creating brand-new static initializer in class org/apache/hadoop/hdfs/protocol/datatransfer/Receiver
2024-11-12 13:43:16,080 INFO  EvoClassLoader - Seeing class for first time: org.apache.hadoop.hdfs.protocol.datatransfer.DataTransferProtocol
2024-11-12 13:43:16,080 INFO  EvoClassLoader - Instrumenting class 'org.apache.hadoop.hdfs.protocol.datatransfer.DataTransferProtocol'.
2024-11-12 13:43:16,081 INFO  EvoClassLoader - Keeping class: org.apache.hadoop.hdfs.protocol.datatransfer.DataTransferProtocol
2024-11-12 13:43:16,081 INFO  EvoClassLoader - Keeping class: org.apache.hadoop.hdfs.protocol.datatransfer.Receiver
2024-11-12 13:43:16,081 INFO  EvoClassLoader - Keeping class: org.apache.hadoop.hdfs.server.datanode.DataXceiver
2024-11-12 13:43:16,081 INFO  EvoClassLoader - Seeing class for first time: org.apache.hadoop.fs.Abortable$AbortableResult
2024-11-12 13:43:16,081 INFO  EvoClassLoader - Instrumenting class 'org.apache.hadoop.fs.Abortable$AbortableResult'.
2024-11-12 13:43:16,081 INFO  EvoClassLoader - Keeping class: org.apache.hadoop.fs.Abortable$AbortableResult
2024-11-12 13:43:16,082 INFO  EvoClassLoader - Seeing class for first time: org.apache.hadoop.ipc.protobuf.RpcHeaderProtos$RpcSaslProto$SaslAuthOrBuilder
2024-11-12 13:43:16,082 INFO  EvoClassLoader - Instrumenting class 'org.apache.hadoop.ipc.protobuf.RpcHeaderProtos$RpcSaslProto$SaslAuthOrBuilder'.
2024-11-12 13:43:16,082 INFO  EvoClassLoader - Keeping class: org.apache.hadoop.ipc.protobuf.RpcHeaderProtos$RpcSaslProto$SaslAuthOrBuilder
2024-11-12 13:43:16,082 INFO  EvoClassLoader - Seeing class for first time: org.apache.hadoop.ipc.protobuf.RpcHeaderProtos$RpcSaslProto$SaslAuth
2024-11-12 13:43:16,082 INFO  EvoClassLoader - Instrumenting class 'org.apache.hadoop.ipc.protobuf.RpcHeaderProtos$RpcSaslProto$SaslAuth'.
2024-11-12 13:43:16,082 INFO  MethodCallReplacementClassAdapter - Adding mock interface to class org/apache/hadoop/ipc/protobuf/RpcHeaderProtos$RpcSaslProto$SaslAuth
2024-11-12 13:43:16,083 INFO  CreateClassResetClassAdapter - Found static initializer in class org/apache/hadoop/ipc/protobuf/RpcHeaderProtos$RpcSaslProto$SaslAuth
2024-11-12 13:43:16,083 INFO  EvoClassLoader - Keeping class: org.apache.hadoop.ipc.protobuf.RpcHeaderProtos$RpcSaslProto$SaslAuth
2024-11-12 13:43:16,084 INFO  EvoClassLoader - Seeing class for first time: org.apache.hadoop.ipc.protobuf.RpcHeaderProtos$RpcSaslProto$SaslState
2024-11-12 13:43:16,084 INFO  EvoClassLoader - Instrumenting class 'org.apache.hadoop.ipc.protobuf.RpcHeaderProtos$RpcSaslProto$SaslState'.
2024-11-12 13:43:16,084 INFO  MethodCallReplacementClassAdapter - Adding mock interface to class org/apache/hadoop/ipc/protobuf/RpcHeaderProtos$RpcSaslProto$SaslState
2024-11-12 13:43:16,084 INFO  CreateClassResetClassAdapter - Found static initializer in class org/apache/hadoop/ipc/protobuf/RpcHeaderProtos$RpcSaslProto$SaslState
2024-11-12 13:43:16,085 INFO  EvoClassLoader - Keeping class: org.apache.hadoop.ipc.protobuf.RpcHeaderProtos$RpcSaslProto$SaslState
2024-11-12 13:43:16,085 INFO  EvoClassLoader - Seeing class for first time: net.bytebuddy.description.modifier.TypeManifestation
2024-11-12 13:43:16,085 INFO  EvoClassLoader - Instrumenting class 'net.bytebuddy.description.modifier.TypeManifestation'.
2024-11-12 13:43:16,085 INFO  MethodCallReplacementClassAdapter - Adding mock interface to class net/bytebuddy/description/modifier/TypeManifestation
2024-11-12 13:43:16,085 INFO  CreateClassResetClassAdapter - Found static initializer in class net/bytebuddy/description/modifier/TypeManifestation
2024-11-12 13:43:16,085 INFO  EvoClassLoader - Defined package (3): package net.bytebuddy.description.modifier, -919915478
2024-11-12 13:43:16,085 INFO  EvoClassLoader - Seeing class for first time: net.bytebuddy.description.modifier.ModifierContributor$ForType
2024-11-12 13:43:16,085 INFO  EvoClassLoader - Instrumenting class 'net.bytebuddy.description.modifier.ModifierContributor$ForType'.
2024-11-12 13:43:16,086 INFO  EvoClassLoader - Seeing class for first time: net.bytebuddy.description.modifier.ModifierContributor
2024-11-12 13:43:16,086 INFO  EvoClassLoader - Instrumenting class 'net.bytebuddy.description.modifier.ModifierContributor'.
2024-11-12 13:43:16,086 INFO  EvoClassLoader - Keeping class: net.bytebuddy.description.modifier.ModifierContributor
2024-11-12 13:43:16,086 INFO  EvoClassLoader - Keeping class: net.bytebuddy.description.modifier.ModifierContributor$ForType
2024-11-12 13:43:16,086 INFO  EvoClassLoader - Keeping class: net.bytebuddy.description.modifier.TypeManifestation
2024-11-12 13:43:16,086 INFO  EvoClassLoader - Seeing class for first time: org.apache.hadoop.hdfs.util.ByteArrayManager
2024-11-12 13:43:16,086 INFO  EvoClassLoader - Instrumenting class 'org.apache.hadoop.hdfs.util.ByteArrayManager'.
2024-11-12 13:43:16,086 INFO  MethodCallReplacementClassAdapter - Adding mock interface to class org/apache/hadoop/hdfs/util/ByteArrayManager
2024-11-12 13:43:16,087 INFO  CreateClassResetClassAdapter - Found static initializer in class org/apache/hadoop/hdfs/util/ByteArrayManager
2024-11-12 13:43:16,088 INFO  EvoClassLoader - Keeping class: org.apache.hadoop.hdfs.util.ByteArrayManager
2024-11-12 13:43:16,088 INFO  EvoClassLoader - Seeing class for first time: org.apache.hadoop.hdfs.KeyProviderCache
2024-11-12 13:43:16,088 INFO  EvoClassLoader - Instrumenting class 'org.apache.hadoop.hdfs.KeyProviderCache'.
2024-11-12 13:43:16,088 INFO  MethodCallReplacementClassAdapter - Adding mock interface to class org/apache/hadoop/hdfs/KeyProviderCache
2024-11-12 13:43:16,088 INFO  CreateClassResetClassAdapter - Found static initializer in class org/apache/hadoop/hdfs/KeyProviderCache
2024-11-12 13:43:16,088 INFO  EvoClassLoader - Keeping class: org.apache.hadoop.hdfs.KeyProviderCache
2024-11-12 13:43:16,088 INFO  EvoClassLoader - Seeing class for first time: org.apache.hadoop.hdfs.shortcircuit.ShortCircuitCache
2024-11-12 13:43:16,088 INFO  EvoClassLoader - Instrumenting class 'org.apache.hadoop.hdfs.shortcircuit.ShortCircuitCache'.
2024-11-12 13:43:16,089 INFO  MethodCallReplacementClassAdapter - Adding mock interface to class org/apache/hadoop/hdfs/shortcircuit/ShortCircuitCache
2024-11-12 13:43:16,089 INFO  CreateClassResetClassAdapter - Found static initializer in class org/apache/hadoop/hdfs/shortcircuit/ShortCircuitCache
2024-11-12 13:43:16,090 INFO  EvoClassLoader - Defined package (3): package org.apache.hadoop.hdfs.shortcircuit, 285729535
2024-11-12 13:43:16,090 INFO  EvoClassLoader - Keeping class: org.apache.hadoop.hdfs.shortcircuit.ShortCircuitCache
2024-11-12 13:43:16,090 INFO  EvoClassLoader - Seeing class for first time: org.apache.hadoop.hdfs.PeerCache
2024-11-12 13:43:16,090 INFO  EvoClassLoader - Instrumenting class 'org.apache.hadoop.hdfs.PeerCache'.
2024-11-12 13:43:16,091 INFO  MethodCallReplacementClassAdapter - Adding mock interface to class org/apache/hadoop/hdfs/PeerCache
2024-11-12 13:43:16,093 INFO  CreateClassResetClassAdapter - Found static initializer in class org/apache/hadoop/hdfs/PeerCache
2024-11-12 13:43:16,093 INFO  EvoClassLoader - Keeping class: org.apache.hadoop.hdfs.PeerCache
2024-11-12 13:43:16,093 INFO  EvoClassLoader - Seeing class for first time: org.apache.hadoop.hdfs.shortcircuit.DomainSocketFactory
2024-11-12 13:43:16,093 INFO  EvoClassLoader - Instrumenting class 'org.apache.hadoop.hdfs.shortcircuit.DomainSocketFactory'.
2024-11-12 13:43:16,094 INFO  MethodCallReplacementClassAdapter - Adding mock interface to class org/apache/hadoop/hdfs/shortcircuit/DomainSocketFactory
2024-11-12 13:43:16,094 INFO  CreateClassResetClassAdapter - Found static initializer in class org/apache/hadoop/hdfs/shortcircuit/DomainSocketFactory
2024-11-12 13:43:16,094 INFO  EvoClassLoader - Keeping class: org.apache.hadoop.hdfs.shortcircuit.DomainSocketFactory
2024-11-12 13:43:16,095 INFO  EvoClassLoader - Seeing class for first time: org.apache.hadoop.service.Service$STATE
2024-11-12 13:43:16,095 INFO  EvoClassLoader - Instrumenting class 'org.apache.hadoop.service.Service$STATE'.
2024-11-12 13:43:16,095 INFO  MethodCallReplacementClassAdapter - Adding mock interface to class org/apache/hadoop/service/Service$STATE
2024-11-12 13:43:16,095 INFO  CreateClassResetClassAdapter - Found static initializer in class org/apache/hadoop/service/Service$STATE
2024-11-12 13:43:16,095 INFO  EvoClassLoader - Keeping class: org.apache.hadoop.service.Service$STATE
2024-11-12 13:43:16,095 INFO  EvoClassLoader - Seeing class for first time: org.apache.hadoop.service.ServiceStateChangeListener
2024-11-12 13:43:16,095 INFO  EvoClassLoader - Instrumenting class 'org.apache.hadoop.service.ServiceStateChangeListener'.
2024-11-12 13:43:16,095 INFO  EvoClassLoader - Keeping class: org.apache.hadoop.service.ServiceStateChangeListener
2024-11-12 13:43:16,095 INFO  EvoClassLoader - Seeing class for first time: org.apache.hadoop.ipc.RPC$RpcKind
2024-11-12 13:43:16,095 INFO  EvoClassLoader - Instrumenting class 'org.apache.hadoop.ipc.RPC$RpcKind'.
2024-11-12 13:43:16,096 INFO  MethodCallReplacementClassAdapter - Adding mock interface to class org/apache/hadoop/ipc/RPC$RpcKind
2024-11-12 13:43:16,096 INFO  CreateClassResetClassAdapter - Found static initializer in class org/apache/hadoop/ipc/RPC$RpcKind
2024-11-12 13:43:16,096 INFO  EvoClassLoader - Keeping class: org.apache.hadoop.ipc.RPC$RpcKind
2024-11-12 13:43:16,096 INFO  EvoClassLoader - Seeing class for first time: org.apache.hadoop.ipc.Server$Connection
2024-11-12 13:43:16,096 INFO  EvoClassLoader - Instrumenting class 'org.apache.hadoop.ipc.Server$Connection'.
2024-11-12 13:43:16,096 INFO  MethodCallReplacementClassAdapter - Adding mock interface to class org/apache/hadoop/ipc/Server$Connection
2024-11-12 13:43:16,099 INFO  CreateClassResetClassAdapter - Creating brand-new static initializer in class org/apache/hadoop/ipc/Server$Connection
2024-11-12 13:43:16,101 INFO  EvoClassLoader - Keeping class: org.apache.hadoop.ipc.Server$Connection
2024-11-12 13:43:16,101 INFO  EvoClassLoader - Seeing class for first time: org.apache.hadoop.ipc.Server$RpcCall
2024-11-12 13:43:16,101 INFO  EvoClassLoader - Instrumenting class 'org.apache.hadoop.ipc.Server$RpcCall'.
2024-11-12 13:43:16,101 INFO  MethodCallReplacementClassAdapter - Adding mock interface to class org/apache/hadoop/ipc/Server$RpcCall
2024-11-12 13:43:16,102 INFO  CreateClassResetClassAdapter - Creating brand-new static initializer in class org/apache/hadoop/ipc/Server$RpcCall
2024-11-12 13:43:16,102 INFO  EvoClassLoader - Seeing class for first time: org.apache.hadoop.ipc.Server$Call
2024-11-12 13:43:16,102 INFO  EvoClassLoader - Instrumenting class 'org.apache.hadoop.ipc.Server$Call'.
2024-11-12 13:43:16,103 INFO  MethodCallReplacementClassAdapter - Adding mock interface to class org/apache/hadoop/ipc/Server$Call
2024-11-12 13:43:16,103 INFO  CreateClassResetClassAdapter - Found static initializer in class org/apache/hadoop/ipc/Server$Call
2024-11-12 13:43:16,103 INFO  EvoClassLoader - Keeping class: org.apache.hadoop.ipc.Server$Call
2024-11-12 13:43:16,103 INFO  EvoClassLoader - Keeping class: org.apache.hadoop.ipc.Server$RpcCall
2024-11-12 13:43:16,103 INFO  EvoClassLoader - Seeing class for first time: org.apache.hadoop.security.SaslPropertiesResolver
2024-11-12 13:43:16,103 INFO  EvoClassLoader - Instrumenting class 'org.apache.hadoop.security.SaslPropertiesResolver'.
2024-11-12 13:43:16,103 INFO  MethodCallReplacementClassAdapter - Adding mock interface to class org/apache/hadoop/security/SaslPropertiesResolver
2024-11-12 13:43:16,104 INFO  CreateClassResetClassAdapter - Creating brand-new static initializer in class org/apache/hadoop/security/SaslPropertiesResolver
2024-11-12 13:43:16,104 INFO  EvoClassLoader - Keeping class: org.apache.hadoop.security.SaslPropertiesResolver
2024-11-12 13:43:16,104 INFO  EvoClassLoader - Seeing class for first time: org.apache.hadoop.ipc.CallQueueManager
2024-11-12 13:43:16,104 INFO  EvoClassLoader - Instrumenting class 'org.apache.hadoop.ipc.CallQueueManager'.
2024-11-12 13:43:16,104 INFO  MethodCallReplacementClassAdapter - Adding mock interface to class org/apache/hadoop/ipc/CallQueueManager
2024-11-12 13:43:16,105 INFO  CreateClassResetClassAdapter - Found static initializer in class org/apache/hadoop/ipc/CallQueueManager
2024-11-12 13:43:16,106 INFO  EvoClassLoader - Keeping class: org.apache.hadoop.ipc.CallQueueManager
2024-11-12 13:43:16,106 INFO  EvoClassLoader - Seeing class for first time: org.apache.hadoop.ipc.Server$ConnectionManager
2024-11-12 13:43:16,106 INFO  EvoClassLoader - Instrumenting class 'org.apache.hadoop.ipc.Server$ConnectionManager'.
2024-11-12 13:43:16,106 INFO  MethodCallReplacementClassAdapter - Adding mock interface to class org/apache/hadoop/ipc/Server$ConnectionManager
2024-11-12 13:43:16,107 INFO  CreateClassResetClassAdapter - Creating brand-new static initializer in class org/apache/hadoop/ipc/Server$ConnectionManager
2024-11-12 13:43:16,107 INFO  EvoClassLoader - Keeping class: org.apache.hadoop.ipc.Server$ConnectionManager
2024-11-12 13:43:16,107 INFO  EvoClassLoader - Seeing class for first time: org.apache.hadoop.ipc.AlignmentContext
2024-11-12 13:43:16,107 INFO  EvoClassLoader - Instrumenting class 'org.apache.hadoop.ipc.AlignmentContext'.
2024-11-12 13:43:16,107 INFO  EvoClassLoader - Keeping class: org.apache.hadoop.ipc.AlignmentContext
2024-11-12 13:43:16,107 INFO  EvoClassLoader - Seeing class for first time: org.apache.hadoop.ipc.Server$Responder
2024-11-12 13:43:16,107 INFO  EvoClassLoader - Instrumenting class 'org.apache.hadoop.ipc.Server$Responder'.
2024-11-12 13:43:16,107 INFO  MethodCallReplacementClassAdapter - Adding mock interface to class org/apache/hadoop/ipc/Server$Responder
2024-11-12 13:43:16,108 INFO  CreateClassResetClassAdapter - Creating brand-new static initializer in class org/apache/hadoop/ipc/Server$Responder
2024-11-12 13:43:16,108 INFO  EvoClassLoader - Keeping class: org.apache.hadoop.ipc.Server$Responder
2024-11-12 13:43:16,109 INFO  EvoClassLoader - Seeing class for first time: org.apache.hadoop.ipc.RPC$RpcInvoker
2024-11-12 13:43:16,109 INFO  EvoClassLoader - Instrumenting class 'org.apache.hadoop.ipc.RPC$RpcInvoker'.
2024-11-12 13:43:16,109 INFO  EvoClassLoader - Keeping class: org.apache.hadoop.ipc.RPC$RpcInvoker
2024-11-12 13:43:16,109 INFO  EvoClassLoader - Seeing class for first time: org.apache.hadoop.ipc.ProcessingDetails
2024-11-12 13:43:16,109 INFO  EvoClassLoader - Instrumenting class 'org.apache.hadoop.ipc.ProcessingDetails'.
2024-11-12 13:43:16,109 INFO  MethodCallReplacementClassAdapter - Adding mock interface to class org/apache/hadoop/ipc/ProcessingDetails
2024-11-12 13:43:16,109 INFO  CreateClassResetClassAdapter - Found static initializer in class org/apache/hadoop/ipc/ProcessingDetails
2024-11-12 13:43:16,109 INFO  EvoClassLoader - Keeping class: org.apache.hadoop.ipc.ProcessingDetails
2024-11-12 13:43:16,109 INFO  EvoClassLoader - Seeing class for first time: org.apache.hadoop.ipc.metrics.RpcMetrics
2024-11-12 13:43:16,109 INFO  EvoClassLoader - Instrumenting class 'org.apache.hadoop.ipc.metrics.RpcMetrics'.
2024-11-12 13:43:16,109 INFO  MethodCallReplacementClassAdapter - Adding mock interface to class org/apache/hadoop/ipc/metrics/RpcMetrics
2024-11-12 13:43:16,110 INFO  CreateClassResetClassAdapter - Found static initializer in class org/apache/hadoop/ipc/metrics/RpcMetrics
2024-11-12 13:43:16,110 INFO  EvoClassLoader - Defined package (3): package org.apache.hadoop.ipc.metrics, -814147906
2024-11-12 13:43:16,110 INFO  EvoClassLoader - Keeping class: org.apache.hadoop.ipc.metrics.RpcMetrics
2024-11-12 13:43:16,110 INFO  EvoClassLoader - Seeing class for first time: org.apache.hadoop.ipc.metrics.RpcDetailedMetrics
2024-11-12 13:43:16,110 INFO  EvoClassLoader - Instrumenting class 'org.apache.hadoop.ipc.metrics.RpcDetailedMetrics'.
2024-11-12 13:43:16,111 INFO  MethodCallReplacementClassAdapter - Adding mock interface to class org/apache/hadoop/ipc/metrics/RpcDetailedMetrics
2024-11-12 13:43:16,111 INFO  CreateClassResetClassAdapter - Found static initializer in class org/apache/hadoop/ipc/metrics/RpcDetailedMetrics
2024-11-12 13:43:16,111 INFO  EvoClassLoader - Keeping class: org.apache.hadoop.ipc.metrics.RpcDetailedMetrics
2024-11-12 13:43:16,111 INFO  EvoClassLoader - Seeing class for first time: org.apache.hadoop.security.authorize.ServiceAuthorizationManager
2024-11-12 13:43:16,111 INFO  EvoClassLoader - Instrumenting class 'org.apache.hadoop.security.authorize.ServiceAuthorizationManager'.
2024-11-12 13:43:16,111 INFO  MethodCallReplacementClassAdapter - Adding mock interface to class org/apache/hadoop/security/authorize/ServiceAuthorizationManager
2024-11-12 13:43:16,111 INFO  CreateClassResetClassAdapter - Found static initializer in class org/apache/hadoop/security/authorize/ServiceAuthorizationManager
2024-11-12 13:43:16,112 INFO  EvoClassLoader - Keeping class: org.apache.hadoop.security.authorize.ServiceAuthorizationManager
2024-11-12 13:43:16,112 INFO  EvoClassLoader - Seeing class for first time: org.apache.hadoop.hdfs.protocol.proto.HdfsServerProtos$NNHAStatusHeartbeatProto$Builder
2024-11-12 13:43:16,112 INFO  EvoClassLoader - Instrumenting class 'org.apache.hadoop.hdfs.protocol.proto.HdfsServerProtos$NNHAStatusHeartbeatProto$Builder'.
2024-11-12 13:43:16,112 INFO  MethodCallReplacementClassAdapter - Adding mock interface to class org/apache/hadoop/hdfs/protocol/proto/HdfsServerProtos$NNHAStatusHeartbeatProto$Builder
2024-11-12 13:43:16,113 INFO  CreateClassResetClassAdapter - Creating brand-new static initializer in class org/apache/hadoop/hdfs/protocol/proto/HdfsServerProtos$NNHAStatusHeartbeatProto$Builder
2024-11-12 13:43:16,113 INFO  EvoClassLoader - Keeping class: org.apache.hadoop.hdfs.protocol.proto.HdfsServerProtos$NNHAStatusHeartbeatProto$Builder
2024-11-12 13:43:16,113 INFO  EvoClassLoader - Seeing class for first time: org.apache.hadoop.hdfs.server.protocol.StorageReport
2024-11-12 13:43:16,113 INFO  EvoClassLoader - Instrumenting class 'org.apache.hadoop.hdfs.server.protocol.StorageReport'.
2024-11-12 13:43:16,113 INFO  MethodCallReplacementClassAdapter - Adding mock interface to class org/apache/hadoop/hdfs/server/protocol/StorageReport
2024-11-12 13:43:16,114 INFO  CreateClassResetClassAdapter - Found static initializer in class org/apache/hadoop/hdfs/server/protocol/StorageReport
2024-11-12 13:43:16,114 INFO  EvoClassLoader - Keeping class: org.apache.hadoop.hdfs.server.protocol.StorageReport
2024-11-12 13:43:16,114 INFO  EvoClassLoader - Seeing class for first time: org.apache.hadoop.hdfs.server.protocol.VolumeFailureSummary
2024-11-12 13:43:16,114 INFO  EvoClassLoader - Instrumenting class 'org.apache.hadoop.hdfs.server.protocol.VolumeFailureSummary'.
2024-11-12 13:43:16,114 INFO  MethodCallReplacementClassAdapter - Adding mock interface to class org/apache/hadoop/hdfs/server/protocol/VolumeFailureSummary
2024-11-12 13:43:16,114 INFO  CreateClassResetClassAdapter - Creating brand-new static initializer in class org/apache/hadoop/hdfs/server/protocol/VolumeFailureSummary
2024-11-12 13:43:16,114 INFO  EvoClassLoader - Keeping class: org.apache.hadoop.hdfs.server.protocol.VolumeFailureSummary
2024-11-12 13:43:16,114 INFO  EvoClassLoader - Seeing class for first time: org.apache.hadoop.thirdparty.protobuf.TextFormatParseInfoTree$Builder
2024-11-12 13:43:16,114 INFO  EvoClassLoader - Instrumenting class 'org.apache.hadoop.thirdparty.protobuf.TextFormatParseInfoTree$Builder'.
2024-11-12 13:43:16,114 INFO  MethodCallReplacementClassAdapter - Adding mock interface to class org/apache/hadoop/thirdparty/protobuf/TextFormatParseInfoTree$Builder
2024-11-12 13:43:16,114 INFO  CreateClassResetClassAdapter - Creating brand-new static initializer in class org/apache/hadoop/thirdparty/protobuf/TextFormatParseInfoTree$Builder
2024-11-12 13:43:16,114 INFO  EvoClassLoader - Keeping class: org.apache.hadoop.thirdparty.protobuf.TextFormatParseInfoTree$Builder
2024-11-12 13:43:16,115 INFO  EvoClassLoader - Seeing class for first time: org.apache.hadoop.thirdparty.protobuf.RpcChannel
2024-11-12 13:43:16,115 INFO  EvoClassLoader - Instrumenting class 'org.apache.hadoop.thirdparty.protobuf.RpcChannel'.
2024-11-12 13:43:16,115 INFO  EvoClassLoader - Keeping class: org.apache.hadoop.thirdparty.protobuf.RpcChannel
2024-11-12 13:43:16,115 INFO  EvoClassLoader - Seeing class for first time: org.apache.hadoop.hdfs.qjournal.protocol.QJournalProtocolProtos$QJournalProtocolService$Stub
2024-11-12 13:43:16,115 INFO  EvoClassLoader - Instrumenting class 'org.apache.hadoop.hdfs.qjournal.protocol.QJournalProtocolProtos$QJournalProtocolService$Stub'.
2024-11-12 13:43:16,115 INFO  MethodCallReplacementClassAdapter - Adding mock interface to class org/apache/hadoop/hdfs/qjournal/protocol/QJournalProtocolProtos$QJournalProtocolService$Stub
2024-11-12 13:43:16,115 INFO  CreateClassResetClassAdapter - Creating brand-new static initializer in class org/apache/hadoop/hdfs/qjournal/protocol/QJournalProtocolProtos$QJournalProtocolService$Stub
2024-11-12 13:43:16,116 INFO  EvoClassLoader - Seeing class for first time: org.apache.hadoop.hdfs.qjournal.protocol.QJournalProtocolProtos$QJournalProtocolService$Interface
2024-11-12 13:43:16,116 INFO  EvoClassLoader - Instrumenting class 'org.apache.hadoop.hdfs.qjournal.protocol.QJournalProtocolProtos$QJournalProtocolService$Interface'.
2024-11-12 13:43:16,116 INFO  EvoClassLoader - Keeping class: org.apache.hadoop.hdfs.qjournal.protocol.QJournalProtocolProtos$QJournalProtocolService$Interface
2024-11-12 13:43:16,116 INFO  EvoClassLoader - Keeping class: org.apache.hadoop.hdfs.qjournal.protocol.QJournalProtocolProtos$QJournalProtocolService$Stub
2024-11-12 13:43:16,116 INFO  EvoClassLoader - Seeing class for first time: org.apache.hadoop.thirdparty.protobuf.BlockingRpcChannel
2024-11-12 13:43:16,116 INFO  EvoClassLoader - Instrumenting class 'org.apache.hadoop.thirdparty.protobuf.BlockingRpcChannel'.
2024-11-12 13:43:16,116 INFO  EvoClassLoader - Keeping class: org.apache.hadoop.thirdparty.protobuf.BlockingRpcChannel
2024-11-12 13:43:16,117 INFO  EvoClassLoader - Seeing class for first time: org.apache.hadoop.hdfs.server.datanode.BlockScanner$Conf
2024-11-12 13:43:16,117 INFO  EvoClassLoader - Instrumenting class 'org.apache.hadoop.hdfs.server.datanode.BlockScanner$Conf'.
2024-11-12 13:43:16,117 INFO  MethodCallReplacementClassAdapter - Adding mock interface to class org/apache/hadoop/hdfs/server/datanode/BlockScanner$Conf
2024-11-12 13:43:16,117 INFO  CreateClassResetClassAdapter - Found static initializer in class org/apache/hadoop/hdfs/server/datanode/BlockScanner$Conf
2024-11-12 13:43:16,118 INFO  EvoClassLoader - Keeping class: org.apache.hadoop.hdfs.server.datanode.BlockScanner$Conf
2024-11-12 13:43:16,118 INFO  EvoClassLoader - Seeing class for first time: org.apache.hadoop.hdfs.server.datanode.VolumeScanner$Statistics
2024-11-12 13:43:16,118 INFO  EvoClassLoader - Instrumenting class 'org.apache.hadoop.hdfs.server.datanode.VolumeScanner$Statistics'.
2024-11-12 13:43:16,118 INFO  MethodCallReplacementClassAdapter - Adding mock interface to class org/apache/hadoop/hdfs/server/datanode/VolumeScanner$Statistics
2024-11-12 13:43:16,118 INFO  CreateClassResetClassAdapter - Creating brand-new static initializer in class org/apache/hadoop/hdfs/server/datanode/VolumeScanner$Statistics
2024-11-12 13:43:16,118 INFO  EvoClassLoader - Keeping class: org.apache.hadoop.hdfs.server.datanode.VolumeScanner$Statistics
2024-11-12 13:43:16,118 INFO  EvoClassLoader - Seeing class for first time: org.apache.hadoop.hdfs.server.datanode.fsdataset.FsVolumeReference
2024-11-12 13:43:16,118 INFO  EvoClassLoader - Instrumenting class 'org.apache.hadoop.hdfs.server.datanode.fsdataset.FsVolumeReference'.
2024-11-12 13:43:16,118 INFO  EvoClassLoader - Keeping class: org.apache.hadoop.hdfs.server.datanode.fsdataset.FsVolumeReference
2024-11-12 13:43:16,118 INFO  EvoClassLoader - Seeing class for first time: org.apache.hadoop.thirdparty.protobuf.DescriptorProtos$EnumDescriptorProto$EnumReservedRange$Builder
2024-11-12 13:43:16,118 INFO  EvoClassLoader - Instrumenting class 'org.apache.hadoop.thirdparty.protobuf.DescriptorProtos$EnumDescriptorProto$EnumReservedRange$Builder'.
2024-11-12 13:43:16,119 INFO  MethodCallReplacementClassAdapter - Adding mock interface to class org/apache/hadoop/thirdparty/protobuf/DescriptorProtos$EnumDescriptorProto$EnumReservedRange$Builder
2024-11-12 13:43:16,120 INFO  CreateClassResetClassAdapter - Creating brand-new static initializer in class org/apache/hadoop/thirdparty/protobuf/DescriptorProtos$EnumDescriptorProto$EnumReservedRange$Builder
2024-11-12 13:43:16,120 INFO  EvoClassLoader - Keeping class: org.apache.hadoop.thirdparty.protobuf.DescriptorProtos$EnumDescriptorProto$EnumReservedRange$Builder
2024-11-12 13:43:16,121 INFO  EvoClassLoader - Seeing class for first time: org.apache.hadoop.hdfs.security.token.block.ExportedBlockKeys
2024-11-12 13:43:16,121 INFO  EvoClassLoader - Instrumenting class 'org.apache.hadoop.hdfs.security.token.block.ExportedBlockKeys'.
2024-11-12 13:43:16,121 INFO  MethodCallReplacementClassAdapter - Adding mock interface to class org/apache/hadoop/hdfs/security/token/block/ExportedBlockKeys
2024-11-12 13:43:16,121 INFO  CreateClassResetClassAdapter - Found static initializer in class org/apache/hadoop/hdfs/security/token/block/ExportedBlockKeys
2024-11-12 13:43:16,122 INFO  EvoClassLoader - Keeping class: org.apache.hadoop.hdfs.security.token.block.ExportedBlockKeys
2024-11-12 13:43:16,122 INFO  EvoClassLoader - Seeing class for first time: org.apache.hadoop.hdfs.protocol.proto.ClientDatanodeProtocolProtos$DeleteBlockPoolRequestProto
2024-11-12 13:43:16,122 INFO  EvoClassLoader - Instrumenting class 'org.apache.hadoop.hdfs.protocol.proto.ClientDatanodeProtocolProtos$DeleteBlockPoolRequestProto'.
2024-11-12 13:43:16,122 INFO  MethodCallReplacementClassAdapter - Adding mock interface to class org/apache/hadoop/hdfs/protocol/proto/ClientDatanodeProtocolProtos$DeleteBlockPoolRequestProto
2024-11-12 13:43:16,123 INFO  CreateClassResetClassAdapter - Found static initializer in class org/apache/hadoop/hdfs/protocol/proto/ClientDatanodeProtocolProtos$DeleteBlockPoolRequestProto
2024-11-12 13:43:16,124 INFO  EvoClassLoader - Seeing class for first time: org.apache.hadoop.hdfs.protocol.proto.ClientDatanodeProtocolProtos$DeleteBlockPoolRequestProtoOrBuilder
2024-11-12 13:43:16,124 INFO  EvoClassLoader - Instrumenting class 'org.apache.hadoop.hdfs.protocol.proto.ClientDatanodeProtocolProtos$DeleteBlockPoolRequestProtoOrBuilder'.
2024-11-12 13:43:16,124 INFO  EvoClassLoader - Keeping class: org.apache.hadoop.hdfs.protocol.proto.ClientDatanodeProtocolProtos$DeleteBlockPoolRequestProtoOrBuilder
2024-11-12 13:43:16,124 INFO  EvoClassLoader - Keeping class: org.apache.hadoop.hdfs.protocol.proto.ClientDatanodeProtocolProtos$DeleteBlockPoolRequestProto
2024-11-12 13:43:16,125 INFO  EvoClassLoader - Seeing class for first time: org.apache.hadoop.hdfs.protocol.proto.ClientDatanodeProtocolProtos$DeleteBlockPoolResponseProto
2024-11-12 13:43:16,125 INFO  EvoClassLoader - Instrumenting class 'org.apache.hadoop.hdfs.protocol.proto.ClientDatanodeProtocolProtos$DeleteBlockPoolResponseProto'.
2024-11-12 13:43:16,125 INFO  MethodCallReplacementClassAdapter - Adding mock interface to class org/apache/hadoop/hdfs/protocol/proto/ClientDatanodeProtocolProtos$DeleteBlockPoolResponseProto
2024-11-12 13:43:16,125 INFO  CreateClassResetClassAdapter - Found static initializer in class org/apache/hadoop/hdfs/protocol/proto/ClientDatanodeProtocolProtos$DeleteBlockPoolResponseProto
2024-11-12 13:43:16,125 INFO  EvoClassLoader - Seeing class for first time: org.apache.hadoop.hdfs.protocol.proto.ClientDatanodeProtocolProtos$DeleteBlockPoolResponseProtoOrBuilder
2024-11-12 13:43:16,125 INFO  EvoClassLoader - Instrumenting class 'org.apache.hadoop.hdfs.protocol.proto.ClientDatanodeProtocolProtos$DeleteBlockPoolResponseProtoOrBuilder'.
2024-11-12 13:43:16,125 INFO  EvoClassLoader - Keeping class: org.apache.hadoop.hdfs.protocol.proto.ClientDatanodeProtocolProtos$DeleteBlockPoolResponseProtoOrBuilder
2024-11-12 13:43:16,126 INFO  EvoClassLoader - Keeping class: org.apache.hadoop.hdfs.protocol.proto.ClientDatanodeProtocolProtos$DeleteBlockPoolResponseProto
2024-11-12 13:43:16,126 INFO  EvoClassLoader - Seeing class for first time: org.apache.hadoop.hdfs.protocol.proto.ClientDatanodeProtocolProtos$ShutdownDatanodeRequestProto
2024-11-12 13:43:16,126 INFO  EvoClassLoader - Instrumenting class 'org.apache.hadoop.hdfs.protocol.proto.ClientDatanodeProtocolProtos$ShutdownDatanodeRequestProto'.
2024-11-12 13:43:16,126 INFO  MethodCallReplacementClassAdapter - Adding mock interface to class org/apache/hadoop/hdfs/protocol/proto/ClientDatanodeProtocolProtos$ShutdownDatanodeRequestProto
2024-11-12 13:43:16,126 INFO  CreateClassResetClassAdapter - Found static initializer in class org/apache/hadoop/hdfs/protocol/proto/ClientDatanodeProtocolProtos$ShutdownDatanodeRequestProto
2024-11-12 13:43:16,126 INFO  EvoClassLoader - Seeing class for first time: org.apache.hadoop.hdfs.protocol.proto.ClientDatanodeProtocolProtos$ShutdownDatanodeRequestProtoOrBuilder
2024-11-12 13:43:16,126 INFO  EvoClassLoader - Instrumenting class 'org.apache.hadoop.hdfs.protocol.proto.ClientDatanodeProtocolProtos$ShutdownDatanodeRequestProtoOrBuilder'.
2024-11-12 13:43:16,127 INFO  EvoClassLoader - Keeping class: org.apache.hadoop.hdfs.protocol.proto.ClientDatanodeProtocolProtos$ShutdownDatanodeRequestProtoOrBuilder
2024-11-12 13:43:16,127 INFO  EvoClassLoader - Keeping class: org.apache.hadoop.hdfs.protocol.proto.ClientDatanodeProtocolProtos$ShutdownDatanodeRequestProto
2024-11-12 13:43:16,127 INFO  EvoClassLoader - Seeing class for first time: org.apache.hadoop.hdfs.protocol.proto.ClientDatanodeProtocolProtos$ShutdownDatanodeResponseProto
2024-11-12 13:43:16,127 INFO  EvoClassLoader - Instrumenting class 'org.apache.hadoop.hdfs.protocol.proto.ClientDatanodeProtocolProtos$ShutdownDatanodeResponseProto'.
2024-11-12 13:43:16,127 INFO  MethodCallReplacementClassAdapter - Adding mock interface to class org/apache/hadoop/hdfs/protocol/proto/ClientDatanodeProtocolProtos$ShutdownDatanodeResponseProto
2024-11-12 13:43:16,127 INFO  CreateClassResetClassAdapter - Found static initializer in class org/apache/hadoop/hdfs/protocol/proto/ClientDatanodeProtocolProtos$ShutdownDatanodeResponseProto
2024-11-12 13:43:16,127 INFO  EvoClassLoader - Seeing class for first time: org.apache.hadoop.hdfs.protocol.proto.ClientDatanodeProtocolProtos$ShutdownDatanodeResponseProtoOrBuilder
2024-11-12 13:43:16,127 INFO  EvoClassLoader - Instrumenting class 'org.apache.hadoop.hdfs.protocol.proto.ClientDatanodeProtocolProtos$ShutdownDatanodeResponseProtoOrBuilder'.
2024-11-12 13:43:16,128 INFO  EvoClassLoader - Keeping class: org.apache.hadoop.hdfs.protocol.proto.ClientDatanodeProtocolProtos$ShutdownDatanodeResponseProtoOrBuilder
2024-11-12 13:43:16,128 INFO  EvoClassLoader - Keeping class: org.apache.hadoop.hdfs.protocol.proto.ClientDatanodeProtocolProtos$ShutdownDatanodeResponseProto
2024-11-12 13:43:16,128 INFO  EvoClassLoader - Seeing class for first time: org.apache.hadoop.hdfs.protocol.proto.ClientDatanodeProtocolProtos$RefreshNamenodesRequestProto
2024-11-12 13:43:16,128 INFO  EvoClassLoader - Instrumenting class 'org.apache.hadoop.hdfs.protocol.proto.ClientDatanodeProtocolProtos$RefreshNamenodesRequestProto'.
2024-11-12 13:43:16,128 INFO  MethodCallReplacementClassAdapter - Adding mock interface to class org/apache/hadoop/hdfs/protocol/proto/ClientDatanodeProtocolProtos$RefreshNamenodesRequestProto
2024-11-12 13:43:16,128 INFO  CreateClassResetClassAdapter - Found static initializer in class org/apache/hadoop/hdfs/protocol/proto/ClientDatanodeProtocolProtos$RefreshNamenodesRequestProto
2024-11-12 13:43:16,128 INFO  EvoClassLoader - Seeing class for first time: org.apache.hadoop.hdfs.protocol.proto.ClientDatanodeProtocolProtos$RefreshNamenodesRequestProtoOrBuilder
2024-11-12 13:43:16,129 INFO  EvoClassLoader - Instrumenting class 'org.apache.hadoop.hdfs.protocol.proto.ClientDatanodeProtocolProtos$RefreshNamenodesRequestProtoOrBuilder'.
2024-11-12 13:43:16,129 INFO  EvoClassLoader - Keeping class: org.apache.hadoop.hdfs.protocol.proto.ClientDatanodeProtocolProtos$RefreshNamenodesRequestProtoOrBuilder
2024-11-12 13:43:16,129 INFO  EvoClassLoader - Keeping class: org.apache.hadoop.hdfs.protocol.proto.ClientDatanodeProtocolProtos$RefreshNamenodesRequestProto
2024-11-12 13:43:16,129 INFO  EvoClassLoader - Seeing class for first time: org.apache.hadoop.hdfs.protocol.proto.ClientDatanodeProtocolProtos$RefreshNamenodesResponseProto
2024-11-12 13:43:16,129 INFO  EvoClassLoader - Instrumenting class 'org.apache.hadoop.hdfs.protocol.proto.ClientDatanodeProtocolProtos$RefreshNamenodesResponseProto'.
2024-11-12 13:43:16,129 INFO  MethodCallReplacementClassAdapter - Adding mock interface to class org/apache/hadoop/hdfs/protocol/proto/ClientDatanodeProtocolProtos$RefreshNamenodesResponseProto
2024-11-12 13:43:16,129 INFO  CreateClassResetClassAdapter - Found static initializer in class org/apache/hadoop/hdfs/protocol/proto/ClientDatanodeProtocolProtos$RefreshNamenodesResponseProto
2024-11-12 13:43:16,129 INFO  EvoClassLoader - Seeing class for first time: org.apache.hadoop.hdfs.protocol.proto.ClientDatanodeProtocolProtos$RefreshNamenodesResponseProtoOrBuilder
2024-11-12 13:43:16,129 INFO  EvoClassLoader - Instrumenting class 'org.apache.hadoop.hdfs.protocol.proto.ClientDatanodeProtocolProtos$RefreshNamenodesResponseProtoOrBuilder'.
2024-11-12 13:43:16,130 INFO  EvoClassLoader - Keeping class: org.apache.hadoop.hdfs.protocol.proto.ClientDatanodeProtocolProtos$RefreshNamenodesResponseProtoOrBuilder
2024-11-12 13:43:16,130 INFO  EvoClassLoader - Keeping class: org.apache.hadoop.hdfs.protocol.proto.ClientDatanodeProtocolProtos$RefreshNamenodesResponseProto
2024-11-12 13:43:16,130 INFO  EvoClassLoader - Seeing class for first time: org.apache.hadoop.hdfs.protocol.proto.ClientDatanodeProtocolProtos$EvictWritersRequestProto
2024-11-12 13:43:16,130 INFO  EvoClassLoader - Instrumenting class 'org.apache.hadoop.hdfs.protocol.proto.ClientDatanodeProtocolProtos$EvictWritersRequestProto'.
2024-11-12 13:43:16,130 INFO  MethodCallReplacementClassAdapter - Adding mock interface to class org/apache/hadoop/hdfs/protocol/proto/ClientDatanodeProtocolProtos$EvictWritersRequestProto
2024-11-12 13:43:16,130 INFO  CreateClassResetClassAdapter - Found static initializer in class org/apache/hadoop/hdfs/protocol/proto/ClientDatanodeProtocolProtos$EvictWritersRequestProto
2024-11-12 13:43:16,131 INFO  EvoClassLoader - Seeing class for first time: org.apache.hadoop.hdfs.protocol.proto.ClientDatanodeProtocolProtos$EvictWritersRequestProtoOrBuilder
2024-11-12 13:43:16,131 INFO  EvoClassLoader - Instrumenting class 'org.apache.hadoop.hdfs.protocol.proto.ClientDatanodeProtocolProtos$EvictWritersRequestProtoOrBuilder'.
2024-11-12 13:43:16,131 INFO  EvoClassLoader - Keeping class: org.apache.hadoop.hdfs.protocol.proto.ClientDatanodeProtocolProtos$EvictWritersRequestProtoOrBuilder
2024-11-12 13:43:16,131 INFO  EvoClassLoader - Keeping class: org.apache.hadoop.hdfs.protocol.proto.ClientDatanodeProtocolProtos$EvictWritersRequestProto
2024-11-12 13:43:16,131 INFO  EvoClassLoader - Seeing class for first time: org.apache.hadoop.hdfs.protocol.proto.ClientDatanodeProtocolProtos$EvictWritersResponseProto
2024-11-12 13:43:16,131 INFO  EvoClassLoader - Instrumenting class 'org.apache.hadoop.hdfs.protocol.proto.ClientDatanodeProtocolProtos$EvictWritersResponseProto'.
2024-11-12 13:43:16,131 INFO  MethodCallReplacementClassAdapter - Adding mock interface to class org/apache/hadoop/hdfs/protocol/proto/ClientDatanodeProtocolProtos$EvictWritersResponseProto
2024-11-12 13:43:16,131 INFO  CreateClassResetClassAdapter - Found static initializer in class org/apache/hadoop/hdfs/protocol/proto/ClientDatanodeProtocolProtos$EvictWritersResponseProto
2024-11-12 13:43:16,131 INFO  EvoClassLoader - Seeing class for first time: org.apache.hadoop.hdfs.protocol.proto.ClientDatanodeProtocolProtos$EvictWritersResponseProtoOrBuilder
2024-11-12 13:43:16,131 INFO  EvoClassLoader - Instrumenting class 'org.apache.hadoop.hdfs.protocol.proto.ClientDatanodeProtocolProtos$EvictWritersResponseProtoOrBuilder'.
2024-11-12 13:43:16,132 INFO  EvoClassLoader - Keeping class: org.apache.hadoop.hdfs.protocol.proto.ClientDatanodeProtocolProtos$EvictWritersResponseProtoOrBuilder
2024-11-12 13:43:16,132 INFO  EvoClassLoader - Keeping class: org.apache.hadoop.hdfs.protocol.proto.ClientDatanodeProtocolProtos$EvictWritersResponseProto
2024-11-12 13:43:16,132 INFO  EvoClassLoader - Seeing class for first time: org.apache.hadoop.hdfs.protocol.proto.ClientDatanodeProtocolProtos$GetVolumeReportRequestProto
2024-11-12 13:43:16,132 INFO  EvoClassLoader - Instrumenting class 'org.apache.hadoop.hdfs.protocol.proto.ClientDatanodeProtocolProtos$GetVolumeReportRequestProto'.
2024-11-12 13:43:16,132 INFO  MethodCallReplacementClassAdapter - Adding mock interface to class org/apache/hadoop/hdfs/protocol/proto/ClientDatanodeProtocolProtos$GetVolumeReportRequestProto
2024-11-12 13:43:16,132 INFO  CreateClassResetClassAdapter - Found static initializer in class org/apache/hadoop/hdfs/protocol/proto/ClientDatanodeProtocolProtos$GetVolumeReportRequestProto
2024-11-12 13:43:16,132 INFO  EvoClassLoader - Seeing class for first time: org.apache.hadoop.hdfs.protocol.proto.ClientDatanodeProtocolProtos$GetVolumeReportRequestProtoOrBuilder
2024-11-12 13:43:16,132 INFO  EvoClassLoader - Instrumenting class 'org.apache.hadoop.hdfs.protocol.proto.ClientDatanodeProtocolProtos$GetVolumeReportRequestProtoOrBuilder'.
2024-11-12 13:43:16,133 INFO  EvoClassLoader - Keeping class: org.apache.hadoop.hdfs.protocol.proto.ClientDatanodeProtocolProtos$GetVolumeReportRequestProtoOrBuilder
2024-11-12 13:43:16,133 INFO  EvoClassLoader - Keeping class: org.apache.hadoop.hdfs.protocol.proto.ClientDatanodeProtocolProtos$GetVolumeReportRequestProto
2024-11-12 13:43:16,133 INFO  EvoClassLoader - Seeing class for first time: org.apache.hadoop.hdfs.protocol.proto.ClientDatanodeProtocolProtos$GetVolumeReportResponseProto
2024-11-12 13:43:16,133 INFO  EvoClassLoader - Instrumenting class 'org.apache.hadoop.hdfs.protocol.proto.ClientDatanodeProtocolProtos$GetVolumeReportResponseProto'.
2024-11-12 13:43:16,133 INFO  MethodCallReplacementClassAdapter - Adding mock interface to class org/apache/hadoop/hdfs/protocol/proto/ClientDatanodeProtocolProtos$GetVolumeReportResponseProto
2024-11-12 13:43:16,133 INFO  CreateClassResetClassAdapter - Found static initializer in class org/apache/hadoop/hdfs/protocol/proto/ClientDatanodeProtocolProtos$GetVolumeReportResponseProto
2024-11-12 13:43:16,133 INFO  EvoClassLoader - Seeing class for first time: org.apache.hadoop.hdfs.protocol.proto.ClientDatanodeProtocolProtos$GetVolumeReportResponseProtoOrBuilder
2024-11-12 13:43:16,133 INFO  EvoClassLoader - Instrumenting class 'org.apache.hadoop.hdfs.protocol.proto.ClientDatanodeProtocolProtos$GetVolumeReportResponseProtoOrBuilder'.
2024-11-12 13:43:16,134 INFO  EvoClassLoader - Keeping class: org.apache.hadoop.hdfs.protocol.proto.ClientDatanodeProtocolProtos$GetVolumeReportResponseProtoOrBuilder
2024-11-12 13:43:16,134 INFO  EvoClassLoader - Keeping class: org.apache.hadoop.hdfs.protocol.proto.ClientDatanodeProtocolProtos$GetVolumeReportResponseProto
2024-11-12 13:43:16,134 INFO  EvoClassLoader - Seeing class for first time: org.apache.hadoop.hdfs.protocol.proto.ClientDatanodeProtocolProtos$GetReplicaVisibleLengthRequestProto
2024-11-12 13:43:16,134 INFO  EvoClassLoader - Instrumenting class 'org.apache.hadoop.hdfs.protocol.proto.ClientDatanodeProtocolProtos$GetReplicaVisibleLengthRequestProto'.
2024-11-12 13:43:16,134 INFO  MethodCallReplacementClassAdapter - Adding mock interface to class org/apache/hadoop/hdfs/protocol/proto/ClientDatanodeProtocolProtos$GetReplicaVisibleLengthRequestProto
2024-11-12 13:43:16,134 INFO  CreateClassResetClassAdapter - Found static initializer in class org/apache/hadoop/hdfs/protocol/proto/ClientDatanodeProtocolProtos$GetReplicaVisibleLengthRequestProto
2024-11-12 13:43:16,135 INFO  EvoClassLoader - Seeing class for first time: org.apache.hadoop.hdfs.protocol.proto.ClientDatanodeProtocolProtos$GetReplicaVisibleLengthRequestProtoOrBuilder
2024-11-12 13:43:16,135 INFO  EvoClassLoader - Instrumenting class 'org.apache.hadoop.hdfs.protocol.proto.ClientDatanodeProtocolProtos$GetReplicaVisibleLengthRequestProtoOrBuilder'.
2024-11-12 13:43:16,135 INFO  EvoClassLoader - Keeping class: org.apache.hadoop.hdfs.protocol.proto.ClientDatanodeProtocolProtos$GetReplicaVisibleLengthRequestProtoOrBuilder
2024-11-12 13:43:16,135 INFO  EvoClassLoader - Keeping class: org.apache.hadoop.hdfs.protocol.proto.ClientDatanodeProtocolProtos$GetReplicaVisibleLengthRequestProto
2024-11-12 13:43:16,135 INFO  EvoClassLoader - Seeing class for first time: org.apache.hadoop.hdfs.protocol.proto.ClientDatanodeProtocolProtos$GetReplicaVisibleLengthResponseProto
2024-11-12 13:43:16,135 INFO  EvoClassLoader - Instrumenting class 'org.apache.hadoop.hdfs.protocol.proto.ClientDatanodeProtocolProtos$GetReplicaVisibleLengthResponseProto'.
2024-11-12 13:43:16,135 INFO  MethodCallReplacementClassAdapter - Adding mock interface to class org/apache/hadoop/hdfs/protocol/proto/ClientDatanodeProtocolProtos$GetReplicaVisibleLengthResponseProto
2024-11-12 13:43:16,135 INFO  CreateClassResetClassAdapter - Found static initializer in class org/apache/hadoop/hdfs/protocol/proto/ClientDatanodeProtocolProtos$GetReplicaVisibleLengthResponseProto
2024-11-12 13:43:16,136 INFO  EvoClassLoader - Seeing class for first time: org.apache.hadoop.hdfs.protocol.proto.ClientDatanodeProtocolProtos$GetReplicaVisibleLengthResponseProtoOrBuilder
2024-11-12 13:43:16,136 INFO  EvoClassLoader - Instrumenting class 'org.apache.hadoop.hdfs.protocol.proto.ClientDatanodeProtocolProtos$GetReplicaVisibleLengthResponseProtoOrBuilder'.
2024-11-12 13:43:16,136 INFO  EvoClassLoader - Keeping class: org.apache.hadoop.hdfs.protocol.proto.ClientDatanodeProtocolProtos$GetReplicaVisibleLengthResponseProtoOrBuilder
2024-11-12 13:43:16,136 INFO  EvoClassLoader - Keeping class: org.apache.hadoop.hdfs.protocol.proto.ClientDatanodeProtocolProtos$GetReplicaVisibleLengthResponseProto
2024-11-12 13:43:16,136 INFO  EvoClassLoader - Seeing class for first time: org.apache.hadoop.hdfs.protocol.proto.ClientDatanodeProtocolProtos$GetBlockLocalPathInfoRequestProto
2024-11-12 13:43:16,136 INFO  EvoClassLoader - Instrumenting class 'org.apache.hadoop.hdfs.protocol.proto.ClientDatanodeProtocolProtos$GetBlockLocalPathInfoRequestProto'.
2024-11-12 13:43:16,137 INFO  MethodCallReplacementClassAdapter - Adding mock interface to class org/apache/hadoop/hdfs/protocol/proto/ClientDatanodeProtocolProtos$GetBlockLocalPathInfoRequestProto
2024-11-12 13:43:16,138 INFO  CreateClassResetClassAdapter - Found static initializer in class org/apache/hadoop/hdfs/protocol/proto/ClientDatanodeProtocolProtos$GetBlockLocalPathInfoRequestProto
2024-11-12 13:43:16,138 INFO  EvoClassLoader - Seeing class for first time: org.apache.hadoop.hdfs.protocol.proto.ClientDatanodeProtocolProtos$GetBlockLocalPathInfoRequestProtoOrBuilder
2024-11-12 13:43:16,138 INFO  EvoClassLoader - Instrumenting class 'org.apache.hadoop.hdfs.protocol.proto.ClientDatanodeProtocolProtos$GetBlockLocalPathInfoRequestProtoOrBuilder'.
2024-11-12 13:43:16,138 INFO  EvoClassLoader - Keeping class: org.apache.hadoop.hdfs.protocol.proto.ClientDatanodeProtocolProtos$GetBlockLocalPathInfoRequestProtoOrBuilder
2024-11-12 13:43:16,139 INFO  EvoClassLoader - Keeping class: org.apache.hadoop.hdfs.protocol.proto.ClientDatanodeProtocolProtos$GetBlockLocalPathInfoRequestProto
2024-11-12 13:43:16,139 INFO  EvoClassLoader - Seeing class for first time: org.apache.hadoop.hdfs.protocol.proto.ClientDatanodeProtocolProtos$GetBlockLocalPathInfoResponseProto
2024-11-12 13:43:16,139 INFO  EvoClassLoader - Instrumenting class 'org.apache.hadoop.hdfs.protocol.proto.ClientDatanodeProtocolProtos$GetBlockLocalPathInfoResponseProto'.
2024-11-12 13:43:16,139 INFO  MethodCallReplacementClassAdapter - Adding mock interface to class org/apache/hadoop/hdfs/protocol/proto/ClientDatanodeProtocolProtos$GetBlockLocalPathInfoResponseProto
2024-11-12 13:43:16,140 INFO  CreateClassResetClassAdapter - Found static initializer in class org/apache/hadoop/hdfs/protocol/proto/ClientDatanodeProtocolProtos$GetBlockLocalPathInfoResponseProto
2024-11-12 13:43:16,140 INFO  EvoClassLoader - Seeing class for first time: org.apache.hadoop.hdfs.protocol.proto.ClientDatanodeProtocolProtos$GetBlockLocalPathInfoResponseProtoOrBuilder
2024-11-12 13:43:16,140 INFO  EvoClassLoader - Instrumenting class 'org.apache.hadoop.hdfs.protocol.proto.ClientDatanodeProtocolProtos$GetBlockLocalPathInfoResponseProtoOrBuilder'.
2024-11-12 13:43:16,141 INFO  EvoClassLoader - Keeping class: org.apache.hadoop.hdfs.protocol.proto.ClientDatanodeProtocolProtos$GetBlockLocalPathInfoResponseProtoOrBuilder
2024-11-12 13:43:16,141 INFO  EvoClassLoader - Keeping class: org.apache.hadoop.hdfs.protocol.proto.ClientDatanodeProtocolProtos$GetBlockLocalPathInfoResponseProto
2024-11-12 13:43:16,141 INFO  EvoClassLoader - Seeing class for first time: org.apache.hadoop.hdfs.protocol.proto.ReconfigurationProtocolProtos$ListReconfigurablePropertiesRequestProto
2024-11-12 13:43:16,141 INFO  EvoClassLoader - Instrumenting class 'org.apache.hadoop.hdfs.protocol.proto.ReconfigurationProtocolProtos$ListReconfigurablePropertiesRequestProto'.
2024-11-12 13:43:16,141 INFO  MethodCallReplacementClassAdapter - Adding mock interface to class org/apache/hadoop/hdfs/protocol/proto/ReconfigurationProtocolProtos$ListReconfigurablePropertiesRequestProto
2024-11-12 13:43:16,142 INFO  CreateClassResetClassAdapter - Found static initializer in class org/apache/hadoop/hdfs/protocol/proto/ReconfigurationProtocolProtos$ListReconfigurablePropertiesRequestProto
2024-11-12 13:43:16,142 INFO  EvoClassLoader - Seeing class for first time: org.apache.hadoop.hdfs.protocol.proto.ReconfigurationProtocolProtos$ListReconfigurablePropertiesRequestProtoOrBuilder
2024-11-12 13:43:16,142 INFO  EvoClassLoader - Instrumenting class 'org.apache.hadoop.hdfs.protocol.proto.ReconfigurationProtocolProtos$ListReconfigurablePropertiesRequestProtoOrBuilder'.
2024-11-12 13:43:16,143 INFO  EvoClassLoader - Keeping class: org.apache.hadoop.hdfs.protocol.proto.ReconfigurationProtocolProtos$ListReconfigurablePropertiesRequestProtoOrBuilder
2024-11-12 13:43:16,143 INFO  EvoClassLoader - Keeping class: org.apache.hadoop.hdfs.protocol.proto.ReconfigurationProtocolProtos$ListReconfigurablePropertiesRequestProto
2024-11-12 13:43:16,143 INFO  EvoClassLoader - Seeing class for first time: org.apache.hadoop.hdfs.protocol.proto.ReconfigurationProtocolProtos$ListReconfigurablePropertiesResponseProto
2024-11-12 13:43:16,143 INFO  EvoClassLoader - Instrumenting class 'org.apache.hadoop.hdfs.protocol.proto.ReconfigurationProtocolProtos$ListReconfigurablePropertiesResponseProto'.
2024-11-12 13:43:16,143 INFO  MethodCallReplacementClassAdapter - Adding mock interface to class org/apache/hadoop/hdfs/protocol/proto/ReconfigurationProtocolProtos$ListReconfigurablePropertiesResponseProto
2024-11-12 13:43:16,144 INFO  CreateClassResetClassAdapter - Found static initializer in class org/apache/hadoop/hdfs/protocol/proto/ReconfigurationProtocolProtos$ListReconfigurablePropertiesResponseProto
2024-11-12 13:43:16,145 INFO  EvoClassLoader - Seeing class for first time: org.apache.hadoop.hdfs.protocol.proto.ReconfigurationProtocolProtos$ListReconfigurablePropertiesResponseProtoOrBuilder
2024-11-12 13:43:16,145 INFO  EvoClassLoader - Instrumenting class 'org.apache.hadoop.hdfs.protocol.proto.ReconfigurationProtocolProtos$ListReconfigurablePropertiesResponseProtoOrBuilder'.
2024-11-12 13:43:16,145 INFO  EvoClassLoader - Keeping class: org.apache.hadoop.hdfs.protocol.proto.ReconfigurationProtocolProtos$ListReconfigurablePropertiesResponseProtoOrBuilder
2024-11-12 13:43:16,145 INFO  EvoClassLoader - Keeping class: org.apache.hadoop.hdfs.protocol.proto.ReconfigurationProtocolProtos$ListReconfigurablePropertiesResponseProto
2024-11-12 13:43:16,145 INFO  EvoClassLoader - Seeing class for first time: org.apache.hadoop.hdfs.protocol.proto.ClientDatanodeProtocolProtos$SubmitDiskBalancerPlanRequestProto
2024-11-12 13:43:16,145 INFO  EvoClassLoader - Instrumenting class 'org.apache.hadoop.hdfs.protocol.proto.ClientDatanodeProtocolProtos$SubmitDiskBalancerPlanRequestProto'.
2024-11-12 13:43:16,146 INFO  MethodCallReplacementClassAdapter - Adding mock interface to class org/apache/hadoop/hdfs/protocol/proto/ClientDatanodeProtocolProtos$SubmitDiskBalancerPlanRequestProto
2024-11-12 13:43:16,147 INFO  CreateClassResetClassAdapter - Found static initializer in class org/apache/hadoop/hdfs/protocol/proto/ClientDatanodeProtocolProtos$SubmitDiskBalancerPlanRequestProto
2024-11-12 13:43:16,148 INFO  EvoClassLoader - Seeing class for first time: org.apache.hadoop.hdfs.protocol.proto.ClientDatanodeProtocolProtos$SubmitDiskBalancerPlanRequestProtoOrBuilder
2024-11-12 13:43:16,148 INFO  EvoClassLoader - Instrumenting class 'org.apache.hadoop.hdfs.protocol.proto.ClientDatanodeProtocolProtos$SubmitDiskBalancerPlanRequestProtoOrBuilder'.
2024-11-12 13:43:16,148 INFO  EvoClassLoader - Keeping class: org.apache.hadoop.hdfs.protocol.proto.ClientDatanodeProtocolProtos$SubmitDiskBalancerPlanRequestProtoOrBuilder
2024-11-12 13:43:16,148 INFO  EvoClassLoader - Keeping class: org.apache.hadoop.hdfs.protocol.proto.ClientDatanodeProtocolProtos$SubmitDiskBalancerPlanRequestProto
2024-11-12 13:43:16,148 INFO  EvoClassLoader - Seeing class for first time: org.apache.hadoop.hdfs.protocol.proto.ClientDatanodeProtocolProtos$SubmitDiskBalancerPlanResponseProto
2024-11-12 13:43:16,148 INFO  EvoClassLoader - Instrumenting class 'org.apache.hadoop.hdfs.protocol.proto.ClientDatanodeProtocolProtos$SubmitDiskBalancerPlanResponseProto'.
2024-11-12 13:43:16,149 INFO  MethodCallReplacementClassAdapter - Adding mock interface to class org/apache/hadoop/hdfs/protocol/proto/ClientDatanodeProtocolProtos$SubmitDiskBalancerPlanResponseProto
2024-11-12 13:43:16,149 INFO  CreateClassResetClassAdapter - Found static initializer in class org/apache/hadoop/hdfs/protocol/proto/ClientDatanodeProtocolProtos$SubmitDiskBalancerPlanResponseProto
2024-11-12 13:43:16,150 INFO  EvoClassLoader - Seeing class for first time: org.apache.hadoop.hdfs.protocol.proto.ClientDatanodeProtocolProtos$SubmitDiskBalancerPlanResponseProtoOrBuilder
2024-11-12 13:43:16,150 INFO  EvoClassLoader - Instrumenting class 'org.apache.hadoop.hdfs.protocol.proto.ClientDatanodeProtocolProtos$SubmitDiskBalancerPlanResponseProtoOrBuilder'.
2024-11-12 13:43:16,150 INFO  EvoClassLoader - Keeping class: org.apache.hadoop.hdfs.protocol.proto.ClientDatanodeProtocolProtos$SubmitDiskBalancerPlanResponseProtoOrBuilder
2024-11-12 13:43:16,150 INFO  EvoClassLoader - Keeping class: org.apache.hadoop.hdfs.protocol.proto.ClientDatanodeProtocolProtos$SubmitDiskBalancerPlanResponseProto
2024-11-12 13:43:16,150 INFO  EvoClassLoader - Seeing class for first time: org.apache.hadoop.hdfs.protocol.proto.ClientDatanodeProtocolProtos$QueryPlanStatusRequestProto
2024-11-12 13:43:16,150 INFO  EvoClassLoader - Instrumenting class 'org.apache.hadoop.hdfs.protocol.proto.ClientDatanodeProtocolProtos$QueryPlanStatusRequestProto'.
2024-11-12 13:43:16,150 INFO  MethodCallReplacementClassAdapter - Adding mock interface to class org/apache/hadoop/hdfs/protocol/proto/ClientDatanodeProtocolProtos$QueryPlanStatusRequestProto
2024-11-12 13:43:16,151 INFO  CreateClassResetClassAdapter - Found static initializer in class org/apache/hadoop/hdfs/protocol/proto/ClientDatanodeProtocolProtos$QueryPlanStatusRequestProto
2024-11-12 13:43:16,151 INFO  EvoClassLoader - Seeing class for first time: org.apache.hadoop.hdfs.protocol.proto.ClientDatanodeProtocolProtos$QueryPlanStatusRequestProtoOrBuilder
2024-11-12 13:43:16,151 INFO  EvoClassLoader - Instrumenting class 'org.apache.hadoop.hdfs.protocol.proto.ClientDatanodeProtocolProtos$QueryPlanStatusRequestProtoOrBuilder'.
2024-11-12 13:43:16,151 INFO  EvoClassLoader - Keeping class: org.apache.hadoop.hdfs.protocol.proto.ClientDatanodeProtocolProtos$QueryPlanStatusRequestProtoOrBuilder
2024-11-12 13:43:16,151 INFO  EvoClassLoader - Keeping class: org.apache.hadoop.hdfs.protocol.proto.ClientDatanodeProtocolProtos$QueryPlanStatusRequestProto
2024-11-12 13:43:16,151 INFO  EvoClassLoader - Seeing class for first time: org.apache.hadoop.hdfs.protocol.proto.ClientDatanodeProtocolProtos$QueryPlanStatusResponseProto
2024-11-12 13:43:16,151 INFO  EvoClassLoader - Instrumenting class 'org.apache.hadoop.hdfs.protocol.proto.ClientDatanodeProtocolProtos$QueryPlanStatusResponseProto'.
2024-11-12 13:43:16,152 INFO  MethodCallReplacementClassAdapter - Adding mock interface to class org/apache/hadoop/hdfs/protocol/proto/ClientDatanodeProtocolProtos$QueryPlanStatusResponseProto
2024-11-12 13:43:16,152 INFO  CreateClassResetClassAdapter - Found static initializer in class org/apache/hadoop/hdfs/protocol/proto/ClientDatanodeProtocolProtos$QueryPlanStatusResponseProto
2024-11-12 13:43:16,153 INFO  EvoClassLoader - Seeing class for first time: org.apache.hadoop.hdfs.protocol.proto.ClientDatanodeProtocolProtos$QueryPlanStatusResponseProtoOrBuilder
2024-11-12 13:43:16,153 INFO  EvoClassLoader - Instrumenting class 'org.apache.hadoop.hdfs.protocol.proto.ClientDatanodeProtocolProtos$QueryPlanStatusResponseProtoOrBuilder'.
2024-11-12 13:43:16,153 INFO  EvoClassLoader - Keeping class: org.apache.hadoop.hdfs.protocol.proto.ClientDatanodeProtocolProtos$QueryPlanStatusResponseProtoOrBuilder
2024-11-12 13:43:16,153 INFO  EvoClassLoader - Keeping class: org.apache.hadoop.hdfs.protocol.proto.ClientDatanodeProtocolProtos$QueryPlanStatusResponseProto
2024-11-12 13:43:16,153 INFO  EvoClassLoader - Seeing class for first time: org.apache.hadoop.hdfs.protocol.proto.ClientDatanodeProtocolProtos$DiskBalancerSettingRequestProto
2024-11-12 13:43:16,153 INFO  EvoClassLoader - Instrumenting class 'org.apache.hadoop.hdfs.protocol.proto.ClientDatanodeProtocolProtos$DiskBalancerSettingRequestProto'.
2024-11-12 13:43:16,153 INFO  MethodCallReplacementClassAdapter - Adding mock interface to class org/apache/hadoop/hdfs/protocol/proto/ClientDatanodeProtocolProtos$DiskBalancerSettingRequestProto
2024-11-12 13:43:16,154 INFO  CreateClassResetClassAdapter - Found static initializer in class org/apache/hadoop/hdfs/protocol/proto/ClientDatanodeProtocolProtos$DiskBalancerSettingRequestProto
2024-11-12 13:43:16,154 INFO  EvoClassLoader - Seeing class for first time: org.apache.hadoop.hdfs.protocol.proto.ClientDatanodeProtocolProtos$DiskBalancerSettingRequestProtoOrBuilder
2024-11-12 13:43:16,154 INFO  EvoClassLoader - Instrumenting class 'org.apache.hadoop.hdfs.protocol.proto.ClientDatanodeProtocolProtos$DiskBalancerSettingRequestProtoOrBuilder'.
2024-11-12 13:43:16,154 INFO  EvoClassLoader - Keeping class: org.apache.hadoop.hdfs.protocol.proto.ClientDatanodeProtocolProtos$DiskBalancerSettingRequestProtoOrBuilder
2024-11-12 13:43:16,154 INFO  EvoClassLoader - Keeping class: org.apache.hadoop.hdfs.protocol.proto.ClientDatanodeProtocolProtos$DiskBalancerSettingRequestProto
2024-11-12 13:43:16,154 INFO  EvoClassLoader - Seeing class for first time: org.apache.hadoop.hdfs.protocol.proto.ClientDatanodeProtocolProtos$DiskBalancerSettingResponseProto
2024-11-12 13:43:16,154 INFO  EvoClassLoader - Instrumenting class 'org.apache.hadoop.hdfs.protocol.proto.ClientDatanodeProtocolProtos$DiskBalancerSettingResponseProto'.
2024-11-12 13:43:16,155 INFO  MethodCallReplacementClassAdapter - Adding mock interface to class org/apache/hadoop/hdfs/protocol/proto/ClientDatanodeProtocolProtos$DiskBalancerSettingResponseProto
2024-11-12 13:43:16,155 INFO  CreateClassResetClassAdapter - Found static initializer in class org/apache/hadoop/hdfs/protocol/proto/ClientDatanodeProtocolProtos$DiskBalancerSettingResponseProto
2024-11-12 13:43:16,155 INFO  EvoClassLoader - Seeing class for first time: org.apache.hadoop.hdfs.protocol.proto.ClientDatanodeProtocolProtos$DiskBalancerSettingResponseProtoOrBuilder
2024-11-12 13:43:16,155 INFO  EvoClassLoader - Instrumenting class 'org.apache.hadoop.hdfs.protocol.proto.ClientDatanodeProtocolProtos$DiskBalancerSettingResponseProtoOrBuilder'.
2024-11-12 13:43:16,156 INFO  EvoClassLoader - Keeping class: org.apache.hadoop.hdfs.protocol.proto.ClientDatanodeProtocolProtos$DiskBalancerSettingResponseProtoOrBuilder
2024-11-12 13:43:16,156 INFO  EvoClassLoader - Keeping class: org.apache.hadoop.hdfs.protocol.proto.ClientDatanodeProtocolProtos$DiskBalancerSettingResponseProto
2024-11-12 13:43:16,156 INFO  EvoClassLoader - Seeing class for first time: org.apache.hadoop.hdfs.protocol.proto.ClientDatanodeProtocolProtos$TriggerBlockReportRequestProto
2024-11-12 13:43:16,156 INFO  EvoClassLoader - Instrumenting class 'org.apache.hadoop.hdfs.protocol.proto.ClientDatanodeProtocolProtos$TriggerBlockReportRequestProto'.
2024-11-12 13:43:16,156 INFO  MethodCallReplacementClassAdapter - Adding mock interface to class org/apache/hadoop/hdfs/protocol/proto/ClientDatanodeProtocolProtos$TriggerBlockReportRequestProto
2024-11-12 13:43:16,156 INFO  CreateClassResetClassAdapter - Found static initializer in class org/apache/hadoop/hdfs/protocol/proto/ClientDatanodeProtocolProtos$TriggerBlockReportRequestProto
2024-11-12 13:43:16,157 INFO  EvoClassLoader - Seeing class for first time: org.apache.hadoop.hdfs.protocol.proto.ClientDatanodeProtocolProtos$TriggerBlockReportRequestProtoOrBuilder
2024-11-12 13:43:16,157 INFO  EvoClassLoader - Instrumenting class 'org.apache.hadoop.hdfs.protocol.proto.ClientDatanodeProtocolProtos$TriggerBlockReportRequestProtoOrBuilder'.
2024-11-12 13:43:16,157 INFO  EvoClassLoader - Keeping class: org.apache.hadoop.hdfs.protocol.proto.ClientDatanodeProtocolProtos$TriggerBlockReportRequestProtoOrBuilder
2024-11-12 13:43:16,157 INFO  EvoClassLoader - Keeping class: org.apache.hadoop.hdfs.protocol.proto.ClientDatanodeProtocolProtos$TriggerBlockReportRequestProto
2024-11-12 13:43:16,157 INFO  EvoClassLoader - Seeing class for first time: org.apache.hadoop.hdfs.protocol.proto.ClientDatanodeProtocolProtos$TriggerBlockReportResponseProto
2024-11-12 13:43:16,157 INFO  EvoClassLoader - Instrumenting class 'org.apache.hadoop.hdfs.protocol.proto.ClientDatanodeProtocolProtos$TriggerBlockReportResponseProto'.
2024-11-12 13:43:16,157 INFO  MethodCallReplacementClassAdapter - Adding mock interface to class org/apache/hadoop/hdfs/protocol/proto/ClientDatanodeProtocolProtos$TriggerBlockReportResponseProto
2024-11-12 13:43:16,158 INFO  CreateClassResetClassAdapter - Found static initializer in class org/apache/hadoop/hdfs/protocol/proto/ClientDatanodeProtocolProtos$TriggerBlockReportResponseProto
2024-11-12 13:43:16,158 INFO  EvoClassLoader - Seeing class for first time: org.apache.hadoop.hdfs.protocol.proto.ClientDatanodeProtocolProtos$TriggerBlockReportResponseProtoOrBuilder
2024-11-12 13:43:16,158 INFO  EvoClassLoader - Instrumenting class 'org.apache.hadoop.hdfs.protocol.proto.ClientDatanodeProtocolProtos$TriggerBlockReportResponseProtoOrBuilder'.
2024-11-12 13:43:16,158 INFO  EvoClassLoader - Keeping class: org.apache.hadoop.hdfs.protocol.proto.ClientDatanodeProtocolProtos$TriggerBlockReportResponseProtoOrBuilder
2024-11-12 13:43:16,158 INFO  EvoClassLoader - Keeping class: org.apache.hadoop.hdfs.protocol.proto.ClientDatanodeProtocolProtos$TriggerBlockReportResponseProto
2024-11-12 13:43:16,158 INFO  EvoClassLoader - Seeing class for first time: org.apache.hadoop.hdfs.protocol.proto.ReconfigurationProtocolProtos$StartReconfigurationRequestProto
2024-11-12 13:43:16,158 INFO  EvoClassLoader - Instrumenting class 'org.apache.hadoop.hdfs.protocol.proto.ReconfigurationProtocolProtos$StartReconfigurationRequestProto'.
2024-11-12 13:43:16,159 INFO  MethodCallReplacementClassAdapter - Adding mock interface to class org/apache/hadoop/hdfs/protocol/proto/ReconfigurationProtocolProtos$StartReconfigurationRequestProto
2024-11-12 13:43:16,159 INFO  CreateClassResetClassAdapter - Found static initializer in class org/apache/hadoop/hdfs/protocol/proto/ReconfigurationProtocolProtos$StartReconfigurationRequestProto
2024-11-12 13:43:16,159 INFO  EvoClassLoader - Seeing class for first time: org.apache.hadoop.hdfs.protocol.proto.ReconfigurationProtocolProtos$StartReconfigurationRequestProtoOrBuilder
2024-11-12 13:43:16,159 INFO  EvoClassLoader - Instrumenting class 'org.apache.hadoop.hdfs.protocol.proto.ReconfigurationProtocolProtos$StartReconfigurationRequestProtoOrBuilder'.
2024-11-12 13:43:16,159 INFO  EvoClassLoader - Keeping class: org.apache.hadoop.hdfs.protocol.proto.ReconfigurationProtocolProtos$StartReconfigurationRequestProtoOrBuilder
2024-11-12 13:43:16,159 INFO  EvoClassLoader - Keeping class: org.apache.hadoop.hdfs.protocol.proto.ReconfigurationProtocolProtos$StartReconfigurationRequestProto
2024-11-12 13:43:16,159 INFO  EvoClassLoader - Seeing class for first time: org.apache.hadoop.hdfs.protocol.proto.ReconfigurationProtocolProtos$StartReconfigurationResponseProto
2024-11-12 13:43:16,159 INFO  EvoClassLoader - Instrumenting class 'org.apache.hadoop.hdfs.protocol.proto.ReconfigurationProtocolProtos$StartReconfigurationResponseProto'.
2024-11-12 13:43:16,160 INFO  MethodCallReplacementClassAdapter - Adding mock interface to class org/apache/hadoop/hdfs/protocol/proto/ReconfigurationProtocolProtos$StartReconfigurationResponseProto
2024-11-12 13:43:16,160 INFO  CreateClassResetClassAdapter - Found static initializer in class org/apache/hadoop/hdfs/protocol/proto/ReconfigurationProtocolProtos$StartReconfigurationResponseProto
2024-11-12 13:43:16,160 INFO  EvoClassLoader - Seeing class for first time: org.apache.hadoop.hdfs.protocol.proto.ReconfigurationProtocolProtos$StartReconfigurationResponseProtoOrBuilder
2024-11-12 13:43:16,160 INFO  EvoClassLoader - Instrumenting class 'org.apache.hadoop.hdfs.protocol.proto.ReconfigurationProtocolProtos$StartReconfigurationResponseProtoOrBuilder'.
2024-11-12 13:43:16,160 INFO  EvoClassLoader - Keeping class: org.apache.hadoop.hdfs.protocol.proto.ReconfigurationProtocolProtos$StartReconfigurationResponseProtoOrBuilder
2024-11-12 13:43:16,160 INFO  EvoClassLoader - Keeping class: org.apache.hadoop.hdfs.protocol.proto.ReconfigurationProtocolProtos$StartReconfigurationResponseProto
2024-11-12 13:43:16,160 INFO  EvoClassLoader - Seeing class for first time: org.apache.hadoop.hdfs.protocol.proto.ReconfigurationProtocolProtos$GetReconfigurationStatusRequestProto
2024-11-12 13:43:16,160 INFO  EvoClassLoader - Instrumenting class 'org.apache.hadoop.hdfs.protocol.proto.ReconfigurationProtocolProtos$GetReconfigurationStatusRequestProto'.
2024-11-12 13:43:16,161 INFO  MethodCallReplacementClassAdapter - Adding mock interface to class org/apache/hadoop/hdfs/protocol/proto/ReconfigurationProtocolProtos$GetReconfigurationStatusRequestProto
2024-11-12 13:43:16,161 INFO  CreateClassResetClassAdapter - Found static initializer in class org/apache/hadoop/hdfs/protocol/proto/ReconfigurationProtocolProtos$GetReconfigurationStatusRequestProto
2024-11-12 13:43:16,161 INFO  EvoClassLoader - Seeing class for first time: org.apache.hadoop.hdfs.protocol.proto.ReconfigurationProtocolProtos$GetReconfigurationStatusRequestProtoOrBuilder
2024-11-12 13:43:16,161 INFO  EvoClassLoader - Instrumenting class 'org.apache.hadoop.hdfs.protocol.proto.ReconfigurationProtocolProtos$GetReconfigurationStatusRequestProtoOrBuilder'.
2024-11-12 13:43:16,161 INFO  EvoClassLoader - Keeping class: org.apache.hadoop.hdfs.protocol.proto.ReconfigurationProtocolProtos$GetReconfigurationStatusRequestProtoOrBuilder
2024-11-12 13:43:16,161 INFO  EvoClassLoader - Keeping class: org.apache.hadoop.hdfs.protocol.proto.ReconfigurationProtocolProtos$GetReconfigurationStatusRequestProto
2024-11-12 13:43:16,161 INFO  EvoClassLoader - Seeing class for first time: org.apache.hadoop.hdfs.protocol.proto.ReconfigurationProtocolProtos$GetReconfigurationStatusResponseProto
2024-11-12 13:43:16,161 INFO  EvoClassLoader - Instrumenting class 'org.apache.hadoop.hdfs.protocol.proto.ReconfigurationProtocolProtos$GetReconfigurationStatusResponseProto'.
2024-11-12 13:43:16,162 INFO  MethodCallReplacementClassAdapter - Adding mock interface to class org/apache/hadoop/hdfs/protocol/proto/ReconfigurationProtocolProtos$GetReconfigurationStatusResponseProto
2024-11-12 13:43:16,162 INFO  CreateClassResetClassAdapter - Found static initializer in class org/apache/hadoop/hdfs/protocol/proto/ReconfigurationProtocolProtos$GetReconfigurationStatusResponseProto
2024-11-12 13:43:16,163 INFO  EvoClassLoader - Seeing class for first time: org.apache.hadoop.hdfs.protocol.proto.ReconfigurationProtocolProtos$GetReconfigurationStatusResponseProtoOrBuilder
2024-11-12 13:43:16,163 INFO  EvoClassLoader - Instrumenting class 'org.apache.hadoop.hdfs.protocol.proto.ReconfigurationProtocolProtos$GetReconfigurationStatusResponseProtoOrBuilder'.
2024-11-12 13:43:16,163 INFO  EvoClassLoader - Keeping class: org.apache.hadoop.hdfs.protocol.proto.ReconfigurationProtocolProtos$GetReconfigurationStatusResponseProtoOrBuilder
2024-11-12 13:43:16,163 INFO  EvoClassLoader - Keeping class: org.apache.hadoop.hdfs.protocol.proto.ReconfigurationProtocolProtos$GetReconfigurationStatusResponseProto
2024-11-12 13:43:16,163 INFO  EvoClassLoader - Seeing class for first time: org.apache.hadoop.hdfs.protocol.proto.ClientDatanodeProtocolProtos$GetBalancerBandwidthRequestProto
2024-11-12 13:43:16,163 INFO  EvoClassLoader - Instrumenting class 'org.apache.hadoop.hdfs.protocol.proto.ClientDatanodeProtocolProtos$GetBalancerBandwidthRequestProto'.
2024-11-12 13:43:16,163 INFO  MethodCallReplacementClassAdapter - Adding mock interface to class org/apache/hadoop/hdfs/protocol/proto/ClientDatanodeProtocolProtos$GetBalancerBandwidthRequestProto
2024-11-12 13:43:16,163 INFO  CreateClassResetClassAdapter - Found static initializer in class org/apache/hadoop/hdfs/protocol/proto/ClientDatanodeProtocolProtos$GetBalancerBandwidthRequestProto
2024-11-12 13:43:16,163 INFO  EvoClassLoader - Seeing class for first time: org.apache.hadoop.hdfs.protocol.proto.ClientDatanodeProtocolProtos$GetBalancerBandwidthRequestProtoOrBuilder
2024-11-12 13:43:16,163 INFO  EvoClassLoader - Instrumenting class 'org.apache.hadoop.hdfs.protocol.proto.ClientDatanodeProtocolProtos$GetBalancerBandwidthRequestProtoOrBuilder'.
2024-11-12 13:43:16,164 INFO  EvoClassLoader - Keeping class: org.apache.hadoop.hdfs.protocol.proto.ClientDatanodeProtocolProtos$GetBalancerBandwidthRequestProtoOrBuilder
2024-11-12 13:43:16,164 INFO  EvoClassLoader - Keeping class: org.apache.hadoop.hdfs.protocol.proto.ClientDatanodeProtocolProtos$GetBalancerBandwidthRequestProto
2024-11-12 13:43:16,164 INFO  EvoClassLoader - Seeing class for first time: org.apache.hadoop.hdfs.protocol.proto.ClientDatanodeProtocolProtos$GetBalancerBandwidthResponseProto
2024-11-12 13:43:16,164 INFO  EvoClassLoader - Instrumenting class 'org.apache.hadoop.hdfs.protocol.proto.ClientDatanodeProtocolProtos$GetBalancerBandwidthResponseProto'.
2024-11-12 13:43:16,164 INFO  MethodCallReplacementClassAdapter - Adding mock interface to class org/apache/hadoop/hdfs/protocol/proto/ClientDatanodeProtocolProtos$GetBalancerBandwidthResponseProto
2024-11-12 13:43:16,164 INFO  CreateClassResetClassAdapter - Found static initializer in class org/apache/hadoop/hdfs/protocol/proto/ClientDatanodeProtocolProtos$GetBalancerBandwidthResponseProto
2024-11-12 13:43:16,165 INFO  EvoClassLoader - Seeing class for first time: org.apache.hadoop.hdfs.protocol.proto.ClientDatanodeProtocolProtos$GetBalancerBandwidthResponseProtoOrBuilder
2024-11-12 13:43:16,165 INFO  EvoClassLoader - Instrumenting class 'org.apache.hadoop.hdfs.protocol.proto.ClientDatanodeProtocolProtos$GetBalancerBandwidthResponseProtoOrBuilder'.
2024-11-12 13:43:16,165 INFO  EvoClassLoader - Keeping class: org.apache.hadoop.hdfs.protocol.proto.ClientDatanodeProtocolProtos$GetBalancerBandwidthResponseProtoOrBuilder
2024-11-12 13:43:16,165 INFO  EvoClassLoader - Keeping class: org.apache.hadoop.hdfs.protocol.proto.ClientDatanodeProtocolProtos$GetBalancerBandwidthResponseProto
2024-11-12 13:43:16,165 INFO  EvoClassLoader - Seeing class for first time: org.apache.hadoop.hdfs.protocol.proto.ClientDatanodeProtocolProtos$GetDatanodeInfoRequestProto
2024-11-12 13:43:16,165 INFO  EvoClassLoader - Instrumenting class 'org.apache.hadoop.hdfs.protocol.proto.ClientDatanodeProtocolProtos$GetDatanodeInfoRequestProto'.
2024-11-12 13:43:16,166 INFO  MethodCallReplacementClassAdapter - Adding mock interface to class org/apache/hadoop/hdfs/protocol/proto/ClientDatanodeProtocolProtos$GetDatanodeInfoRequestProto
2024-11-12 13:43:16,166 INFO  CreateClassResetClassAdapter - Found static initializer in class org/apache/hadoop/hdfs/protocol/proto/ClientDatanodeProtocolProtos$GetDatanodeInfoRequestProto
2024-11-12 13:43:16,167 INFO  EvoClassLoader - Seeing class for first time: org.apache.hadoop.hdfs.protocol.proto.ClientDatanodeProtocolProtos$GetDatanodeInfoRequestProtoOrBuilder
2024-11-12 13:43:16,167 INFO  EvoClassLoader - Instrumenting class 'org.apache.hadoop.hdfs.protocol.proto.ClientDatanodeProtocolProtos$GetDatanodeInfoRequestProtoOrBuilder'.
2024-11-12 13:43:16,167 INFO  EvoClassLoader - Keeping class: org.apache.hadoop.hdfs.protocol.proto.ClientDatanodeProtocolProtos$GetDatanodeInfoRequestProtoOrBuilder
2024-11-12 13:43:16,167 INFO  EvoClassLoader - Keeping class: org.apache.hadoop.hdfs.protocol.proto.ClientDatanodeProtocolProtos$GetDatanodeInfoRequestProto
2024-11-12 13:43:16,167 INFO  EvoClassLoader - Seeing class for first time: org.apache.hadoop.hdfs.protocol.proto.ClientDatanodeProtocolProtos$GetDatanodeInfoResponseProto
2024-11-12 13:43:16,167 INFO  EvoClassLoader - Instrumenting class 'org.apache.hadoop.hdfs.protocol.proto.ClientDatanodeProtocolProtos$GetDatanodeInfoResponseProto'.
2024-11-12 13:43:16,167 INFO  MethodCallReplacementClassAdapter - Adding mock interface to class org/apache/hadoop/hdfs/protocol/proto/ClientDatanodeProtocolProtos$GetDatanodeInfoResponseProto
2024-11-12 13:43:16,168 INFO  CreateClassResetClassAdapter - Found static initializer in class org/apache/hadoop/hdfs/protocol/proto/ClientDatanodeProtocolProtos$GetDatanodeInfoResponseProto
2024-11-12 13:43:16,168 INFO  EvoClassLoader - Seeing class for first time: org.apache.hadoop.hdfs.protocol.proto.ClientDatanodeProtocolProtos$GetDatanodeInfoResponseProtoOrBuilder
2024-11-12 13:43:16,168 INFO  EvoClassLoader - Instrumenting class 'org.apache.hadoop.hdfs.protocol.proto.ClientDatanodeProtocolProtos$GetDatanodeInfoResponseProtoOrBuilder'.
2024-11-12 13:43:16,168 INFO  EvoClassLoader - Keeping class: org.apache.hadoop.hdfs.protocol.proto.ClientDatanodeProtocolProtos$GetDatanodeInfoResponseProtoOrBuilder
2024-11-12 13:43:16,168 INFO  EvoClassLoader - Keeping class: org.apache.hadoop.hdfs.protocol.proto.ClientDatanodeProtocolProtos$GetDatanodeInfoResponseProto
2024-11-12 13:43:16,168 INFO  EvoClassLoader - Seeing class for first time: org.apache.hadoop.hdfs.protocol.proto.ClientDatanodeProtocolProtos$CancelPlanRequestProto
2024-11-12 13:43:16,168 INFO  EvoClassLoader - Instrumenting class 'org.apache.hadoop.hdfs.protocol.proto.ClientDatanodeProtocolProtos$CancelPlanRequestProto'.
2024-11-12 13:43:16,169 INFO  MethodCallReplacementClassAdapter - Adding mock interface to class org/apache/hadoop/hdfs/protocol/proto/ClientDatanodeProtocolProtos$CancelPlanRequestProto
2024-11-12 13:43:16,169 INFO  CreateClassResetClassAdapter - Found static initializer in class org/apache/hadoop/hdfs/protocol/proto/ClientDatanodeProtocolProtos$CancelPlanRequestProto
2024-11-12 13:43:16,169 INFO  EvoClassLoader - Seeing class for first time: org.apache.hadoop.hdfs.protocol.proto.ClientDatanodeProtocolProtos$CancelPlanRequestProtoOrBuilder
2024-11-12 13:43:16,169 INFO  EvoClassLoader - Instrumenting class 'org.apache.hadoop.hdfs.protocol.proto.ClientDatanodeProtocolProtos$CancelPlanRequestProtoOrBuilder'.
2024-11-12 13:43:16,170 INFO  EvoClassLoader - Keeping class: org.apache.hadoop.hdfs.protocol.proto.ClientDatanodeProtocolProtos$CancelPlanRequestProtoOrBuilder
2024-11-12 13:43:16,170 INFO  EvoClassLoader - Keeping class: org.apache.hadoop.hdfs.protocol.proto.ClientDatanodeProtocolProtos$CancelPlanRequestProto
2024-11-12 13:43:16,170 INFO  EvoClassLoader - Seeing class for first time: org.apache.hadoop.hdfs.protocol.proto.ClientDatanodeProtocolProtos$CancelPlanResponseProto
2024-11-12 13:43:16,170 INFO  EvoClassLoader - Instrumenting class 'org.apache.hadoop.hdfs.protocol.proto.ClientDatanodeProtocolProtos$CancelPlanResponseProto'.
2024-11-12 13:43:16,170 INFO  MethodCallReplacementClassAdapter - Adding mock interface to class org/apache/hadoop/hdfs/protocol/proto/ClientDatanodeProtocolProtos$CancelPlanResponseProto
2024-11-12 13:43:16,170 INFO  CreateClassResetClassAdapter - Found static initializer in class org/apache/hadoop/hdfs/protocol/proto/ClientDatanodeProtocolProtos$CancelPlanResponseProto
2024-11-12 13:43:16,170 INFO  EvoClassLoader - Seeing class for first time: org.apache.hadoop.hdfs.protocol.proto.ClientDatanodeProtocolProtos$CancelPlanResponseProtoOrBuilder
2024-11-12 13:43:16,170 INFO  EvoClassLoader - Instrumenting class 'org.apache.hadoop.hdfs.protocol.proto.ClientDatanodeProtocolProtos$CancelPlanResponseProtoOrBuilder'.
2024-11-12 13:43:16,171 INFO  EvoClassLoader - Keeping class: org.apache.hadoop.hdfs.protocol.proto.ClientDatanodeProtocolProtos$CancelPlanResponseProtoOrBuilder
2024-11-12 13:43:16,171 INFO  EvoClassLoader - Keeping class: org.apache.hadoop.hdfs.protocol.proto.ClientDatanodeProtocolProtos$CancelPlanResponseProto
2024-11-12 13:43:16,172 INFO  EvoClassLoader - Seeing class for first time: org.apache.hadoop.hdfs.server.common.HdfsServerConstants$NamenodeRole
2024-11-12 13:43:16,172 INFO  EvoClassLoader - Instrumenting class 'org.apache.hadoop.hdfs.server.common.HdfsServerConstants$NamenodeRole'.
2024-11-12 13:43:16,172 INFO  MethodCallReplacementClassAdapter - Adding mock interface to class org/apache/hadoop/hdfs/server/common/HdfsServerConstants$NamenodeRole
2024-11-12 13:43:16,172 INFO  CreateClassResetClassAdapter - Found static initializer in class org/apache/hadoop/hdfs/server/common/HdfsServerConstants$NamenodeRole
2024-11-12 13:43:16,172 INFO  EvoClassLoader - Keeping class: org.apache.hadoop.hdfs.server.common.HdfsServerConstants$NamenodeRole
2024-11-12 13:43:16,173 INFO  EvoClassLoader - Seeing class for first time: org.apache.hadoop.ipc.protobuf.RpcHeaderProtos$RpcSaslProto$Builder
2024-11-12 13:43:16,173 INFO  EvoClassLoader - Instrumenting class 'org.apache.hadoop.ipc.protobuf.RpcHeaderProtos$RpcSaslProto$Builder'.
2024-11-12 13:43:16,173 INFO  MethodCallReplacementClassAdapter - Adding mock interface to class org/apache/hadoop/ipc/protobuf/RpcHeaderProtos$RpcSaslProto$Builder
2024-11-12 13:43:16,174 INFO  CreateClassResetClassAdapter - Creating brand-new static initializer in class org/apache/hadoop/ipc/protobuf/RpcHeaderProtos$RpcSaslProto$Builder
2024-11-12 13:43:16,175 INFO  EvoClassLoader - Keeping class: org.apache.hadoop.ipc.protobuf.RpcHeaderProtos$RpcSaslProto$Builder
2024-11-12 13:43:16,175 INFO  EvoClassLoader - Seeing class for first time: org.apache.hadoop.thirdparty.protobuf.Descriptors$FileDescriptor$InternalDescriptorAssigner
2024-11-12 13:43:16,175 INFO  EvoClassLoader - Instrumenting class 'org.apache.hadoop.thirdparty.protobuf.Descriptors$FileDescriptor$InternalDescriptorAssigner'.
2024-11-12 13:43:16,175 INFO  EvoClassLoader - Keeping class: org.apache.hadoop.thirdparty.protobuf.Descriptors$FileDescriptor$InternalDescriptorAssigner
2024-11-12 13:43:16,175 INFO  EvoClassLoader - Seeing class for first time: org.apache.hadoop.hdfs.protocol.proto.HdfsServerProtos$VersionResponseProto$Builder
2024-11-12 13:43:16,175 INFO  EvoClassLoader - Instrumenting class 'org.apache.hadoop.hdfs.protocol.proto.HdfsServerProtos$VersionResponseProto$Builder'.
2024-11-12 13:43:16,176 INFO  MethodCallReplacementClassAdapter - Adding mock interface to class org/apache/hadoop/hdfs/protocol/proto/HdfsServerProtos$VersionResponseProto$Builder
2024-11-12 13:43:16,176 INFO  CreateClassResetClassAdapter - Creating brand-new static initializer in class org/apache/hadoop/hdfs/protocol/proto/HdfsServerProtos$VersionResponseProto$Builder
2024-11-12 13:43:16,176 INFO  EvoClassLoader - Keeping class: org.apache.hadoop.hdfs.protocol.proto.HdfsServerProtos$VersionResponseProto$Builder
2024-11-12 13:43:16,177 INFO  EvoClassLoader - Seeing class for first time: org.apache.hadoop.hdfs.protocol.proto.HdfsServerProtos$NamenodeRegistrationProto$Builder
2024-11-12 13:43:16,177 INFO  EvoClassLoader - Instrumenting class 'org.apache.hadoop.hdfs.protocol.proto.HdfsServerProtos$NamenodeRegistrationProto$Builder'.
2024-11-12 13:43:16,177 INFO  MethodCallReplacementClassAdapter - Adding mock interface to class org/apache/hadoop/hdfs/protocol/proto/HdfsServerProtos$NamenodeRegistrationProto$Builder
2024-11-12 13:43:16,177 INFO  CreateClassResetClassAdapter - Creating brand-new static initializer in class org/apache/hadoop/hdfs/protocol/proto/HdfsServerProtos$NamenodeRegistrationProto$Builder
2024-11-12 13:43:16,178 INFO  EvoClassLoader - Keeping class: org.apache.hadoop.hdfs.protocol.proto.HdfsServerProtos$NamenodeRegistrationProto$Builder
2024-11-12 13:43:16,178 INFO  EvoClassLoader - Seeing class for first time: org.apache.hadoop.hdfs.protocol.proto.HdfsServerProtos$NamenodeRegistrationProto$NamenodeRoleProto
2024-11-12 13:43:16,178 INFO  EvoClassLoader - Instrumenting class 'org.apache.hadoop.hdfs.protocol.proto.HdfsServerProtos$NamenodeRegistrationProto$NamenodeRoleProto'.
2024-11-12 13:43:16,178 INFO  MethodCallReplacementClassAdapter - Adding mock interface to class org/apache/hadoop/hdfs/protocol/proto/HdfsServerProtos$NamenodeRegistrationProto$NamenodeRoleProto
2024-11-12 13:43:16,178 INFO  CreateClassResetClassAdapter - Found static initializer in class org/apache/hadoop/hdfs/protocol/proto/HdfsServerProtos$NamenodeRegistrationProto$NamenodeRoleProto
2024-11-12 13:43:16,179 INFO  EvoClassLoader - Keeping class: org.apache.hadoop.hdfs.protocol.proto.HdfsServerProtos$NamenodeRegistrationProto$NamenodeRoleProto
2024-11-12 13:43:16,179 INFO  EvoClassLoader - Seeing class for first time: org.apache.hadoop.ipc.protobuf.RpcHeaderProtos$RPCTraceInfoProto$Builder
2024-11-12 13:43:16,179 INFO  EvoClassLoader - Instrumenting class 'org.apache.hadoop.ipc.protobuf.RpcHeaderProtos$RPCTraceInfoProto$Builder'.
2024-11-12 13:43:16,179 INFO  MethodCallReplacementClassAdapter - Adding mock interface to class org/apache/hadoop/ipc/protobuf/RpcHeaderProtos$RPCTraceInfoProto$Builder
2024-11-12 13:43:16,179 INFO  CreateClassResetClassAdapter - Creating brand-new static initializer in class org/apache/hadoop/ipc/protobuf/RpcHeaderProtos$RPCTraceInfoProto$Builder
2024-11-12 13:43:16,180 INFO  EvoClassLoader - Keeping class: org.apache.hadoop.ipc.protobuf.RpcHeaderProtos$RPCTraceInfoProto$Builder
2024-11-12 13:43:16,181 INFO  EvoClassLoader - Seeing class for first time: org.apache.hadoop.thirdparty.protobuf.DescriptorProtos$MethodOptions$Builder
2024-11-12 13:43:16,181 INFO  EvoClassLoader - Instrumenting class 'org.apache.hadoop.thirdparty.protobuf.DescriptorProtos$MethodOptions$Builder'.
2024-11-12 13:43:16,181 INFO  MethodCallReplacementClassAdapter - Adding mock interface to class org/apache/hadoop/thirdparty/protobuf/DescriptorProtos$MethodOptions$Builder
2024-11-12 13:43:16,182 INFO  CreateClassResetClassAdapter - Creating brand-new static initializer in class org/apache/hadoop/thirdparty/protobuf/DescriptorProtos$MethodOptions$Builder
2024-11-12 13:43:16,182 INFO  EvoClassLoader - Keeping class: org.apache.hadoop.thirdparty.protobuf.DescriptorProtos$MethodOptions$Builder
2024-11-12 13:43:16,182 INFO  EvoClassLoader - Seeing class for first time: org.apache.hadoop.hdfs.DFSInputStream$DNAddrPair
2024-11-12 13:43:16,182 INFO  EvoClassLoader - Instrumenting class 'org.apache.hadoop.hdfs.DFSInputStream$DNAddrPair'.
2024-11-12 13:43:16,183 INFO  MethodCallReplacementClassAdapter - Adding mock interface to class org/apache/hadoop/hdfs/DFSInputStream$DNAddrPair
2024-11-12 13:43:16,183 INFO  CreateClassResetClassAdapter - Creating brand-new static initializer in class org/apache/hadoop/hdfs/DFSInputStream$DNAddrPair
2024-11-12 13:43:16,183 INFO  EvoClassLoader - Keeping class: org.apache.hadoop.hdfs.DFSInputStream$DNAddrPair
2024-11-12 13:43:16,183 INFO  EvoClassLoader - Seeing class for first time: org.apache.hadoop.hdfs.BlockReader
2024-11-12 13:43:16,183 INFO  EvoClassLoader - Instrumenting class 'org.apache.hadoop.hdfs.BlockReader'.
2024-11-12 13:43:16,184 INFO  EvoClassLoader - Keeping class: org.apache.hadoop.hdfs.BlockReader
2024-11-12 13:43:16,184 INFO  EvoClassLoader - Seeing class for first time: org.apache.hadoop.util.IdentityHashStore
2024-11-12 13:43:16,184 INFO  EvoClassLoader - Instrumenting class 'org.apache.hadoop.util.IdentityHashStore'.
2024-11-12 13:43:16,184 INFO  MethodCallReplacementClassAdapter - Adding mock interface to class org/apache/hadoop/util/IdentityHashStore
2024-11-12 13:43:16,184 INFO  CreateClassResetClassAdapter - Creating brand-new static initializer in class org/apache/hadoop/util/IdentityHashStore
2024-11-12 13:43:16,184 INFO  CreateClassResetClassAdapter - Adding bytecode for initializing field DEFAULT_MAX_CAPACITY
2024-11-12 13:43:16,184 INFO  EvoClassLoader - Keeping class: org.apache.hadoop.util.IdentityHashStore
2024-11-12 13:43:16,185 INFO  EvoClassLoader - Seeing class for first time: org.apache.hadoop.hdfs.protocol.proto.HdfsServerProtos$CheckpointCommandProto$Builder
2024-11-12 13:43:16,185 INFO  EvoClassLoader - Instrumenting class 'org.apache.hadoop.hdfs.protocol.proto.HdfsServerProtos$CheckpointCommandProto$Builder'.
2024-11-12 13:43:16,185 INFO  MethodCallReplacementClassAdapter - Adding mock interface to class org/apache/hadoop/hdfs/protocol/proto/HdfsServerProtos$CheckpointCommandProto$Builder
2024-11-12 13:43:16,186 INFO  CreateClassResetClassAdapter - Creating brand-new static initializer in class org/apache/hadoop/hdfs/protocol/proto/HdfsServerProtos$CheckpointCommandProto$Builder
2024-11-12 13:43:16,186 INFO  EvoClassLoader - Keeping class: org.apache.hadoop.hdfs.protocol.proto.HdfsServerProtos$CheckpointCommandProto$Builder
2024-11-12 13:43:16,186 INFO  EvoClassLoader - Seeing class for first time: org.apache.hadoop.hdfs.protocol.datatransfer.TrustedChannelResolver
2024-11-12 13:43:16,186 INFO  EvoClassLoader - Instrumenting class 'org.apache.hadoop.hdfs.protocol.datatransfer.TrustedChannelResolver'.
2024-11-12 13:43:16,187 INFO  MethodCallReplacementClassAdapter - Adding mock interface to class org/apache/hadoop/hdfs/protocol/datatransfer/TrustedChannelResolver
2024-11-12 13:43:16,187 INFO  CreateClassResetClassAdapter - Creating brand-new static initializer in class org/apache/hadoop/hdfs/protocol/datatransfer/TrustedChannelResolver
2024-11-12 13:43:16,187 INFO  EvoClassLoader - Keeping class: org.apache.hadoop.hdfs.protocol.datatransfer.TrustedChannelResolver
2024-11-12 13:43:16,187 INFO  EvoClassLoader - Seeing class for first time: org.codehaus.stax2.XMLStreamWriter2
2024-11-12 13:43:16,187 INFO  EvoClassLoader - Instrumenting class 'org.codehaus.stax2.XMLStreamWriter2'.
2024-11-12 13:43:16,188 INFO  EvoClassLoader - Seeing class for first time: org.codehaus.stax2.typed.TypedXMLStreamWriter
2024-11-12 13:43:16,188 INFO  EvoClassLoader - Instrumenting class 'org.codehaus.stax2.typed.TypedXMLStreamWriter'.
2024-11-12 13:43:16,188 INFO  EvoClassLoader - Keeping class: org.codehaus.stax2.typed.TypedXMLStreamWriter
2024-11-12 13:43:16,188 INFO  EvoClassLoader - Keeping class: org.codehaus.stax2.XMLStreamWriter2
2024-11-12 13:43:16,188 INFO  EvoClassLoader - Seeing class for first time: com.ctc.wstx.io.WstxInputLocation
2024-11-12 13:43:16,188 INFO  EvoClassLoader - Instrumenting class 'com.ctc.wstx.io.WstxInputLocation'.
2024-11-12 13:43:16,188 INFO  MethodCallReplacementClassAdapter - Adding mock interface to class com/ctc/wstx/io/WstxInputLocation
2024-11-12 13:43:16,188 INFO  CreateClassResetClassAdapter - Found static initializer in class com/ctc/wstx/io/WstxInputLocation
2024-11-12 13:43:16,189 INFO  EvoClassLoader - Keeping class: com.ctc.wstx.io.WstxInputLocation
2024-11-12 13:43:16,189 INFO  EvoClassLoader - Seeing class for first time: org.apache.hadoop.tracing.SpanContext
2024-11-12 13:43:16,189 INFO  EvoClassLoader - Instrumenting class 'org.apache.hadoop.tracing.SpanContext'.
2024-11-12 13:43:16,189 INFO  MethodCallReplacementClassAdapter - Adding mock interface to class org/apache/hadoop/tracing/SpanContext
2024-11-12 13:43:16,189 INFO  CreateClassResetClassAdapter - Creating brand-new static initializer in class org/apache/hadoop/tracing/SpanContext
2024-11-12 13:43:16,189 INFO  EvoClassLoader - Keeping class: org.apache.hadoop.tracing.SpanContext
2024-11-12 13:43:16,189 INFO  EvoClassLoader - Seeing class for first time: org.apache.hadoop.tracing.Span
2024-11-12 13:43:16,189 INFO  EvoClassLoader - Instrumenting class 'org.apache.hadoop.tracing.Span'.
2024-11-12 13:43:16,189 INFO  MethodCallReplacementClassAdapter - Adding mock interface to class org/apache/hadoop/tracing/Span
2024-11-12 13:43:16,189 INFO  CreateClassResetClassAdapter - Creating brand-new static initializer in class org/apache/hadoop/tracing/Span
2024-11-12 13:43:16,189 INFO  EvoClassLoader - Keeping class: org.apache.hadoop.tracing.Span
2024-11-12 13:43:16,189 INFO  EvoClassLoader - Seeing class for first time: org.apache.hadoop.util.DataChecksum
2024-11-12 13:43:16,189 INFO  EvoClassLoader - Instrumenting class 'org.apache.hadoop.util.DataChecksum'.
2024-11-12 13:43:16,190 INFO  MethodCallReplacementClassAdapter - Adding mock interface to class org/apache/hadoop/util/DataChecksum
2024-11-12 13:43:16,191 INFO  CreateClassResetClassAdapter - Found static initializer in class org/apache/hadoop/util/DataChecksum
2024-11-12 13:43:16,191 INFO  EvoClassLoader - Keeping class: org.apache.hadoop.util.DataChecksum
2024-11-12 13:43:16,191 INFO  EvoClassLoader - Seeing class for first time: org.apache.hadoop.hdfs.DFSPacket
2024-11-12 13:43:16,191 INFO  EvoClassLoader - Instrumenting class 'org.apache.hadoop.hdfs.DFSPacket'.
2024-11-12 13:43:16,192 INFO  MethodCallReplacementClassAdapter - Adding mock interface to class org/apache/hadoop/hdfs/DFSPacket
2024-11-12 13:43:16,192 INFO  CreateClassResetClassAdapter - Found static initializer in class org/apache/hadoop/hdfs/DFSPacket
2024-11-12 13:43:16,193 INFO  EvoClassLoader - Keeping class: org.apache.hadoop.hdfs.DFSPacket
2024-11-12 13:43:16,193 INFO  EvoClassLoader - Seeing class for first time: org.apache.hadoop.hdfs.DataStreamer
2024-11-12 13:43:16,193 INFO  EvoClassLoader - Instrumenting class 'org.apache.hadoop.hdfs.DataStreamer'.
2024-11-12 13:43:16,193 INFO  MethodCallReplacementClassAdapter - Adding mock interface to class org/apache/hadoop/hdfs/DataStreamer
2024-11-12 13:43:16,196 INFO  CreateClassResetClassAdapter - Found static initializer in class org/apache/hadoop/hdfs/DataStreamer
2024-11-12 13:43:16,199 INFO  EvoClassLoader - Keeping class: org.apache.hadoop.hdfs.DataStreamer
2024-11-12 13:43:16,199 INFO  EvoClassLoader - Seeing class for first time: org.apache.hadoop.thirdparty.protobuf.DescriptorProtos$FieldOptions$CType
2024-11-12 13:43:16,199 INFO  EvoClassLoader - Instrumenting class 'org.apache.hadoop.thirdparty.protobuf.DescriptorProtos$FieldOptions$CType'.
2024-11-12 13:43:16,200 INFO  MethodCallReplacementClassAdapter - Adding mock interface to class org/apache/hadoop/thirdparty/protobuf/DescriptorProtos$FieldOptions$CType
2024-11-12 13:43:16,200 INFO  CreateClassResetClassAdapter - Found static initializer in class org/apache/hadoop/thirdparty/protobuf/DescriptorProtos$FieldOptions$CType
2024-11-12 13:43:16,201 INFO  EvoClassLoader - Keeping class: org.apache.hadoop.thirdparty.protobuf.DescriptorProtos$FieldOptions$CType
2024-11-12 13:43:16,201 INFO  EvoClassLoader - Seeing class for first time: org.apache.hadoop.thirdparty.protobuf.DescriptorProtos$FieldOptions$JSType
2024-11-12 13:43:16,201 INFO  EvoClassLoader - Instrumenting class 'org.apache.hadoop.thirdparty.protobuf.DescriptorProtos$FieldOptions$JSType'.
2024-11-12 13:43:16,201 INFO  MethodCallReplacementClassAdapter - Adding mock interface to class org/apache/hadoop/thirdparty/protobuf/DescriptorProtos$FieldOptions$JSType
2024-11-12 13:43:16,202 INFO  CreateClassResetClassAdapter - Found static initializer in class org/apache/hadoop/thirdparty/protobuf/DescriptorProtos$FieldOptions$JSType
2024-11-12 13:43:16,202 INFO  EvoClassLoader - Keeping class: org.apache.hadoop.thirdparty.protobuf.DescriptorProtos$FieldOptions$JSType
2024-11-12 13:43:16,202 INFO  EvoClassLoader - Seeing class for first time: org.apache.hadoop.fs.permission.AclEntry
2024-11-12 13:43:16,202 INFO  EvoClassLoader - Instrumenting class 'org.apache.hadoop.fs.permission.AclEntry'.
2024-11-12 13:43:16,203 INFO  MethodCallReplacementClassAdapter - Adding mock interface to class org/apache/hadoop/fs/permission/AclEntry
2024-11-12 13:43:16,203 INFO  CreateClassResetClassAdapter - Creating brand-new static initializer in class org/apache/hadoop/fs/permission/AclEntry
2024-11-12 13:43:16,204 INFO  EvoClassLoader - Keeping class: org.apache.hadoop.fs.permission.AclEntry
2024-11-12 13:43:16,204 INFO  EvoClassLoader - Seeing class for first time: com.ctc.wstx.dtd.DTDId
2024-11-12 13:43:16,204 INFO  EvoClassLoader - Instrumenting class 'com.ctc.wstx.dtd.DTDId'.
2024-11-12 13:43:16,204 INFO  MethodCallReplacementClassAdapter - Adding mock interface to class com/ctc/wstx/dtd/DTDId
2024-11-12 13:43:16,204 INFO  CreateClassResetClassAdapter - Creating brand-new static initializer in class com/ctc/wstx/dtd/DTDId
2024-11-12 13:43:16,204 INFO  EvoClassLoader - Defined package (3): package com.ctc.wstx.dtd, -1605853969
2024-11-12 13:43:16,205 INFO  EvoClassLoader - Keeping class: com.ctc.wstx.dtd.DTDId
2024-11-12 13:43:16,205 INFO  EvoClassLoader - Seeing class for first time: com.ctc.wstx.dtd.DTDSubset
2024-11-12 13:43:16,205 INFO  EvoClassLoader - Instrumenting class 'com.ctc.wstx.dtd.DTDSubset'.
2024-11-12 13:43:16,205 INFO  MethodCallReplacementClassAdapter - Adding mock interface to class com/ctc/wstx/dtd/DTDSubset
2024-11-12 13:43:16,205 INFO  CreateClassResetClassAdapter - Creating brand-new static initializer in class com/ctc/wstx/dtd/DTDSubset
2024-11-12 13:43:16,205 INFO  EvoClassLoader - Keeping class: com.ctc.wstx.dtd.DTDSubset
2024-11-12 13:43:16,205 INFO  EvoClassLoader - Seeing class for first time: org.apache.hadoop.hdfs.protocol.DatanodeInfo$AdminStates
2024-11-12 13:43:16,205 INFO  EvoClassLoader - Instrumenting class 'org.apache.hadoop.hdfs.protocol.DatanodeInfo$AdminStates'.
2024-11-12 13:43:16,206 INFO  MethodCallReplacementClassAdapter - Adding mock interface to class org/apache/hadoop/hdfs/protocol/DatanodeInfo$AdminStates
2024-11-12 13:43:16,206 INFO  CreateClassResetClassAdapter - Found static initializer in class org/apache/hadoop/hdfs/protocol/DatanodeInfo$AdminStates
2024-11-12 13:43:16,206 INFO  EvoClassLoader - Keeping class: org.apache.hadoop.hdfs.protocol.DatanodeInfo$AdminStates
2024-11-12 13:43:16,206 INFO  EvoClassLoader - Seeing class for first time: org.apache.hadoop.thirdparty.com.google.common.base.Supplier
2024-11-12 13:43:16,206 INFO  EvoClassLoader - Instrumenting class 'org.apache.hadoop.thirdparty.com.google.common.base.Supplier'.
2024-11-12 13:43:16,207 INFO  EvoClassLoader - Keeping class: org.apache.hadoop.thirdparty.com.google.common.base.Supplier
2024-11-12 13:43:16,207 INFO  EvoClassLoader - Seeing class for first time: org.apache.hadoop.thirdparty.com.google.common.util.concurrent.ListenableFuture
2024-11-12 13:43:16,207 INFO  EvoClassLoader - Instrumenting class 'org.apache.hadoop.thirdparty.com.google.common.util.concurrent.ListenableFuture'.
2024-11-12 13:43:16,207 INFO  EvoClassLoader - Keeping class: org.apache.hadoop.thirdparty.com.google.common.util.concurrent.ListenableFuture
2024-11-12 13:43:16,207 INFO  EvoClassLoader - Seeing class for first time: org.apache.hadoop.hdfs.protocol.BlockChecksumType
2024-11-12 13:43:16,207 INFO  EvoClassLoader - Instrumenting class 'org.apache.hadoop.hdfs.protocol.BlockChecksumType'.
2024-11-12 13:43:16,207 INFO  MethodCallReplacementClassAdapter - Adding mock interface to class org/apache/hadoop/hdfs/protocol/BlockChecksumType
2024-11-12 13:43:16,207 INFO  CreateClassResetClassAdapter - Found static initializer in class org/apache/hadoop/hdfs/protocol/BlockChecksumType
2024-11-12 13:43:16,207 INFO  EvoClassLoader - Keeping class: org.apache.hadoop.hdfs.protocol.BlockChecksumType
2024-11-12 13:43:16,207 INFO  EvoClassLoader - Seeing class for first time: org.apache.hadoop.hdfs.protocol.proto.DataTransferProtos$OpBlockChecksumResponseProto
2024-11-12 13:43:16,207 INFO  EvoClassLoader - Instrumenting class 'org.apache.hadoop.hdfs.protocol.proto.DataTransferProtos$OpBlockChecksumResponseProto'.
2024-11-12 13:43:16,208 INFO  MethodCallReplacementClassAdapter - Adding mock interface to class org/apache/hadoop/hdfs/protocol/proto/DataTransferProtos$OpBlockChecksumResponseProto
2024-11-12 13:43:16,208 INFO  CreateClassResetClassAdapter - Found static initializer in class org/apache/hadoop/hdfs/protocol/proto/DataTransferProtos$OpBlockChecksumResponseProto
2024-11-12 13:43:16,209 INFO  EvoClassLoader - Seeing class for first time: org.apache.hadoop.hdfs.protocol.proto.DataTransferProtos$OpBlockChecksumResponseProtoOrBuilder
2024-11-12 13:43:16,209 INFO  EvoClassLoader - Instrumenting class 'org.apache.hadoop.hdfs.protocol.proto.DataTransferProtos$OpBlockChecksumResponseProtoOrBuilder'.
2024-11-12 13:43:16,209 INFO  EvoClassLoader - Keeping class: org.apache.hadoop.hdfs.protocol.proto.DataTransferProtos$OpBlockChecksumResponseProtoOrBuilder
2024-11-12 13:43:16,209 INFO  EvoClassLoader - Keeping class: org.apache.hadoop.hdfs.protocol.proto.DataTransferProtos$OpBlockChecksumResponseProto
2024-11-12 13:43:16,209 INFO  EvoClassLoader - Seeing class for first time: org.apache.hadoop.hdfs.protocol.datatransfer.Sender
2024-11-12 13:43:16,209 INFO  EvoClassLoader - Instrumenting class 'org.apache.hadoop.hdfs.protocol.datatransfer.Sender'.
2024-11-12 13:43:16,209 INFO  MethodCallReplacementClassAdapter - Adding mock interface to class org/apache/hadoop/hdfs/protocol/datatransfer/Sender
2024-11-12 13:43:16,209 INFO  CreateClassResetClassAdapter - Creating brand-new static initializer in class org/apache/hadoop/hdfs/protocol/datatransfer/Sender
2024-11-12 13:43:16,210 INFO  EvoClassLoader - Keeping class: org.apache.hadoop.hdfs.protocol.datatransfer.Sender
2024-11-12 13:43:16,210 INFO  EvoClassLoader - Seeing class for first time: org.apache.hadoop.fs.PartialListing
2024-11-12 13:43:16,210 INFO  EvoClassLoader - Instrumenting class 'org.apache.hadoop.fs.PartialListing'.
2024-11-12 13:43:16,210 INFO  MethodCallReplacementClassAdapter - Adding mock interface to class org/apache/hadoop/fs/PartialListing
2024-11-12 13:43:16,210 INFO  CreateClassResetClassAdapter - Creating brand-new static initializer in class org/apache/hadoop/fs/PartialListing
2024-11-12 13:43:16,211 INFO  EvoClassLoader - Keeping class: org.apache.hadoop.fs.PartialListing
2024-11-12 13:43:16,212 INFO  EvoClassLoader - Seeing class for first time: org.apache.hadoop.metrics2.source.JvmMetrics
2024-11-12 13:43:16,212 INFO  EvoClassLoader - Instrumenting class 'org.apache.hadoop.metrics2.source.JvmMetrics'.
2024-11-12 13:43:16,212 INFO  MethodCallReplacementClassAdapter - Adding mock interface to class org/apache/hadoop/metrics2/source/JvmMetrics
2024-11-12 13:43:16,212 INFO  CreateClassResetClassAdapter - Creating brand-new static initializer in class org/apache/hadoop/metrics2/source/JvmMetrics
2024-11-12 13:43:16,212 INFO  CreateClassResetClassAdapter - Adding bytecode for initializing field M
2024-11-12 13:43:16,212 INFO  CreateClassResetClassAdapter - Adding bytecode for initializing field MEMORY_MAX_UNLIMITED_MB
2024-11-12 13:43:16,213 INFO  EvoClassLoader - Defined package (3): package org.apache.hadoop.metrics2.source, 1640233575
2024-11-12 13:43:16,213 INFO  EvoClassLoader - Keeping class: org.apache.hadoop.metrics2.source.JvmMetrics
2024-11-12 13:43:16,213 INFO  EvoClassLoader - Seeing class for first time: org.apache.hadoop.hdfs.server.protocol.DataNodeUsageReport
2024-11-12 13:43:16,213 INFO  EvoClassLoader - Instrumenting class 'org.apache.hadoop.hdfs.server.protocol.DataNodeUsageReport'.
2024-11-12 13:43:16,214 INFO  MethodCallReplacementClassAdapter - Adding mock interface to class org/apache/hadoop/hdfs/server/protocol/DataNodeUsageReport
2024-11-12 13:43:16,214 INFO  CreateClassResetClassAdapter - Found static initializer in class org/apache/hadoop/hdfs/server/protocol/DataNodeUsageReport
2024-11-12 13:43:16,214 INFO  EvoClassLoader - Keeping class: org.apache.hadoop.hdfs.server.protocol.DataNodeUsageReport
2024-11-12 13:43:16,214 INFO  EvoClassLoader - Seeing class for first time: org.apache.hadoop.security.token.SecretManager$InvalidToken
2024-11-12 13:43:16,214 INFO  EvoClassLoader - Instrumenting class 'org.apache.hadoop.security.token.SecretManager$InvalidToken'.
2024-11-12 13:43:16,214 INFO  MethodCallReplacementClassAdapter - Adding mock interface to class org/apache/hadoop/security/token/SecretManager$InvalidToken
2024-11-12 13:43:16,214 INFO  CreateClassResetClassAdapter - Creating brand-new static initializer in class org/apache/hadoop/security/token/SecretManager$InvalidToken
2024-11-12 13:43:16,214 INFO  EvoClassLoader - Keeping class: org.apache.hadoop.security.token.SecretManager$InvalidToken
2024-11-12 13:43:16,215 INFO  EvoClassLoader - Seeing class for first time: org.apache.hadoop.hdfs.security.token.block.BlockTokenSecretManager
2024-11-12 13:43:16,215 INFO  EvoClassLoader - Instrumenting class 'org.apache.hadoop.hdfs.security.token.block.BlockTokenSecretManager'.
2024-11-12 13:43:16,215 INFO  MethodCallReplacementClassAdapter - Adding mock interface to class org/apache/hadoop/hdfs/security/token/block/BlockTokenSecretManager
2024-11-12 13:43:16,216 INFO  CreateClassResetClassAdapter - Found static initializer in class org/apache/hadoop/hdfs/security/token/block/BlockTokenSecretManager
2024-11-12 13:43:16,217 INFO  EvoClassLoader - Keeping class: org.apache.hadoop.hdfs.security.token.block.BlockTokenSecretManager
2024-11-12 13:43:16,217 INFO  EvoClassLoader - Seeing class for first time: org.apache.hadoop.hdfs.protocol.HdfsPartialListing
2024-11-12 13:43:16,217 INFO  EvoClassLoader - Instrumenting class 'org.apache.hadoop.hdfs.protocol.HdfsPartialListing'.
2024-11-12 13:43:16,218 INFO  MethodCallReplacementClassAdapter - Adding mock interface to class org/apache/hadoop/hdfs/protocol/HdfsPartialListing
2024-11-12 13:43:16,218 INFO  CreateClassResetClassAdapter - Creating brand-new static initializer in class org/apache/hadoop/hdfs/protocol/HdfsPartialListing
2024-11-12 13:43:16,218 INFO  EvoClassLoader - Keeping class: org.apache.hadoop.hdfs.protocol.HdfsPartialListing
2024-11-12 13:43:16,219 INFO  EvoClassLoader - Seeing class for first time: org.apache.hadoop.security.SaslRpcServer$AuthMethod
2024-11-12 13:43:16,219 INFO  EvoClassLoader - Instrumenting class 'org.apache.hadoop.security.SaslRpcServer$AuthMethod'.
2024-11-12 13:43:16,219 INFO  MethodCallReplacementClassAdapter - Adding mock interface to class org/apache/hadoop/security/SaslRpcServer$AuthMethod
2024-11-12 13:43:16,219 INFO  CreateClassResetClassAdapter - Found static initializer in class org/apache/hadoop/security/SaslRpcServer$AuthMethod
2024-11-12 13:43:16,219 INFO  EvoClassLoader - Keeping class: org.apache.hadoop.security.SaslRpcServer$AuthMethod
2024-11-12 13:43:16,219 INFO  EvoClassLoader - Seeing class for first time: org.apache.hadoop.io.retry.RetryPolicy
2024-11-12 13:43:16,219 INFO  EvoClassLoader - Instrumenting class 'org.apache.hadoop.io.retry.RetryPolicy'.
2024-11-12 13:43:16,220 INFO  EvoClassLoader - Defined package (3): package org.apache.hadoop.io.retry, -290473677
2024-11-12 13:43:16,220 INFO  EvoClassLoader - Keeping class: org.apache.hadoop.io.retry.RetryPolicy
2024-11-12 13:43:16,220 INFO  EvoClassLoader - Seeing class for first time: org.apache.hadoop.hdfs.protocol.proto.InterDatanodeProtocolProtos$InitReplicaRecoveryRequestProto
2024-11-12 13:43:16,220 INFO  EvoClassLoader - Instrumenting class 'org.apache.hadoop.hdfs.protocol.proto.InterDatanodeProtocolProtos$InitReplicaRecoveryRequestProto'.
2024-11-12 13:43:16,220 INFO  MethodCallReplacementClassAdapter - Adding mock interface to class org/apache/hadoop/hdfs/protocol/proto/InterDatanodeProtocolProtos$InitReplicaRecoveryRequestProto
2024-11-12 13:43:16,221 INFO  CreateClassResetClassAdapter - Found static initializer in class org/apache/hadoop/hdfs/protocol/proto/InterDatanodeProtocolProtos$InitReplicaRecoveryRequestProto
2024-11-12 13:43:16,221 INFO  EvoClassLoader - Seeing class for first time: org.apache.hadoop.hdfs.protocol.proto.InterDatanodeProtocolProtos$InitReplicaRecoveryRequestProtoOrBuilder
2024-11-12 13:43:16,221 INFO  EvoClassLoader - Instrumenting class 'org.apache.hadoop.hdfs.protocol.proto.InterDatanodeProtocolProtos$InitReplicaRecoveryRequestProtoOrBuilder'.
2024-11-12 13:43:16,221 INFO  EvoClassLoader - Keeping class: org.apache.hadoop.hdfs.protocol.proto.InterDatanodeProtocolProtos$InitReplicaRecoveryRequestProtoOrBuilder
2024-11-12 13:43:16,222 INFO  EvoClassLoader - Keeping class: org.apache.hadoop.hdfs.protocol.proto.InterDatanodeProtocolProtos$InitReplicaRecoveryRequestProto
2024-11-12 13:43:16,222 INFO  EvoClassLoader - Seeing class for first time: org.apache.hadoop.hdfs.protocol.proto.InterDatanodeProtocolProtos$InitReplicaRecoveryResponseProto
2024-11-12 13:43:16,222 INFO  EvoClassLoader - Instrumenting class 'org.apache.hadoop.hdfs.protocol.proto.InterDatanodeProtocolProtos$InitReplicaRecoveryResponseProto'.
2024-11-12 13:43:16,222 INFO  MethodCallReplacementClassAdapter - Adding mock interface to class org/apache/hadoop/hdfs/protocol/proto/InterDatanodeProtocolProtos$InitReplicaRecoveryResponseProto
2024-11-12 13:43:16,222 INFO  CreateClassResetClassAdapter - Found static initializer in class org/apache/hadoop/hdfs/protocol/proto/InterDatanodeProtocolProtos$InitReplicaRecoveryResponseProto
2024-11-12 13:43:16,222 INFO  EvoClassLoader - Seeing class for first time: org.apache.hadoop.hdfs.protocol.proto.InterDatanodeProtocolProtos$InitReplicaRecoveryResponseProtoOrBuilder
2024-11-12 13:43:16,222 INFO  EvoClassLoader - Instrumenting class 'org.apache.hadoop.hdfs.protocol.proto.InterDatanodeProtocolProtos$InitReplicaRecoveryResponseProtoOrBuilder'.
2024-11-12 13:43:16,223 INFO  EvoClassLoader - Keeping class: org.apache.hadoop.hdfs.protocol.proto.InterDatanodeProtocolProtos$InitReplicaRecoveryResponseProtoOrBuilder
2024-11-12 13:43:16,223 INFO  EvoClassLoader - Keeping class: org.apache.hadoop.hdfs.protocol.proto.InterDatanodeProtocolProtos$InitReplicaRecoveryResponseProto
2024-11-12 13:43:16,223 INFO  EvoClassLoader - Seeing class for first time: org.apache.hadoop.hdfs.protocol.proto.InterDatanodeProtocolProtos$UpdateReplicaUnderRecoveryRequestProto
2024-11-12 13:43:16,223 INFO  EvoClassLoader - Instrumenting class 'org.apache.hadoop.hdfs.protocol.proto.InterDatanodeProtocolProtos$UpdateReplicaUnderRecoveryRequestProto'.
2024-11-12 13:43:16,223 INFO  MethodCallReplacementClassAdapter - Adding mock interface to class org/apache/hadoop/hdfs/protocol/proto/InterDatanodeProtocolProtos$UpdateReplicaUnderRecoveryRequestProto
2024-11-12 13:43:16,223 INFO  CreateClassResetClassAdapter - Found static initializer in class org/apache/hadoop/hdfs/protocol/proto/InterDatanodeProtocolProtos$UpdateReplicaUnderRecoveryRequestProto
2024-11-12 13:43:16,224 INFO  EvoClassLoader - Seeing class for first time: org.apache.hadoop.hdfs.protocol.proto.InterDatanodeProtocolProtos$UpdateReplicaUnderRecoveryRequestProtoOrBuilder
2024-11-12 13:43:16,224 INFO  EvoClassLoader - Instrumenting class 'org.apache.hadoop.hdfs.protocol.proto.InterDatanodeProtocolProtos$UpdateReplicaUnderRecoveryRequestProtoOrBuilder'.
2024-11-12 13:43:16,224 INFO  EvoClassLoader - Keeping class: org.apache.hadoop.hdfs.protocol.proto.InterDatanodeProtocolProtos$UpdateReplicaUnderRecoveryRequestProtoOrBuilder
2024-11-12 13:43:16,224 INFO  EvoClassLoader - Keeping class: org.apache.hadoop.hdfs.protocol.proto.InterDatanodeProtocolProtos$UpdateReplicaUnderRecoveryRequestProto
2024-11-12 13:43:16,224 INFO  EvoClassLoader - Seeing class for first time: org.apache.hadoop.hdfs.protocol.proto.InterDatanodeProtocolProtos$UpdateReplicaUnderRecoveryResponseProto
2024-11-12 13:43:16,224 INFO  EvoClassLoader - Instrumenting class 'org.apache.hadoop.hdfs.protocol.proto.InterDatanodeProtocolProtos$UpdateReplicaUnderRecoveryResponseProto'.
2024-11-12 13:43:16,224 INFO  MethodCallReplacementClassAdapter - Adding mock interface to class org/apache/hadoop/hdfs/protocol/proto/InterDatanodeProtocolProtos$UpdateReplicaUnderRecoveryResponseProto
2024-11-12 13:43:16,224 INFO  CreateClassResetClassAdapter - Found static initializer in class org/apache/hadoop/hdfs/protocol/proto/InterDatanodeProtocolProtos$UpdateReplicaUnderRecoveryResponseProto
2024-11-12 13:43:16,225 INFO  EvoClassLoader - Seeing class for first time: org.apache.hadoop.hdfs.protocol.proto.InterDatanodeProtocolProtos$UpdateReplicaUnderRecoveryResponseProtoOrBuilder
2024-11-12 13:43:16,225 INFO  EvoClassLoader - Instrumenting class 'org.apache.hadoop.hdfs.protocol.proto.InterDatanodeProtocolProtos$UpdateReplicaUnderRecoveryResponseProtoOrBuilder'.
2024-11-12 13:43:16,225 INFO  EvoClassLoader - Keeping class: org.apache.hadoop.hdfs.protocol.proto.InterDatanodeProtocolProtos$UpdateReplicaUnderRecoveryResponseProtoOrBuilder
2024-11-12 13:43:16,225 INFO  EvoClassLoader - Keeping class: org.apache.hadoop.hdfs.protocol.proto.InterDatanodeProtocolProtos$UpdateReplicaUnderRecoveryResponseProto
2024-11-12 13:43:16,226 INFO  EvoClassLoader - Seeing class for first time: org.apache.hadoop.hdfs.server.protocol.ReceivedDeletedBlockInfo$BlockStatus
2024-11-12 13:43:16,226 INFO  EvoClassLoader - Instrumenting class 'org.apache.hadoop.hdfs.server.protocol.ReceivedDeletedBlockInfo$BlockStatus'.
2024-11-12 13:43:16,226 INFO  MethodCallReplacementClassAdapter - Adding mock interface to class org/apache/hadoop/hdfs/server/protocol/ReceivedDeletedBlockInfo$BlockStatus
2024-11-12 13:43:16,226 INFO  CreateClassResetClassAdapter - Found static initializer in class org/apache/hadoop/hdfs/server/protocol/ReceivedDeletedBlockInfo$BlockStatus
2024-11-12 13:43:16,226 INFO  EvoClassLoader - Keeping class: org.apache.hadoop.hdfs.server.protocol.ReceivedDeletedBlockInfo$BlockStatus
2024-11-12 13:43:16,226 INFO  EvoClassLoader - Seeing class for first time: org.apache.hadoop.hdfs.server.datanode.BPServiceActor
2024-11-12 13:43:16,226 INFO  EvoClassLoader - Instrumenting class 'org.apache.hadoop.hdfs.server.datanode.BPServiceActor'.
2024-11-12 13:43:16,227 INFO  MethodCallReplacementClassAdapter - Adding mock interface to class org/apache/hadoop/hdfs/server/datanode/BPServiceActor
2024-11-12 13:43:16,229 INFO  CreateClassResetClassAdapter - Found static initializer in class org/apache/hadoop/hdfs/server/datanode/BPServiceActor
2024-11-12 13:43:16,230 INFO  EvoClassLoader - Keeping class: org.apache.hadoop.hdfs.server.datanode.BPServiceActor
2024-11-12 13:43:16,230 INFO  EvoClassLoader - Seeing class for first time: org.apache.hadoop.hdfs.server.protocol.NNHAStatusHeartbeat
2024-11-12 13:43:16,230 INFO  EvoClassLoader - Instrumenting class 'org.apache.hadoop.hdfs.server.protocol.NNHAStatusHeartbeat'.
2024-11-12 13:43:16,231 INFO  MethodCallReplacementClassAdapter - Adding mock interface to class org/apache/hadoop/hdfs/server/protocol/NNHAStatusHeartbeat
2024-11-12 13:43:16,231 INFO  CreateClassResetClassAdapter - Creating brand-new static initializer in class org/apache/hadoop/hdfs/server/protocol/NNHAStatusHeartbeat
2024-11-12 13:43:16,231 INFO  EvoClassLoader - Keeping class: org.apache.hadoop.hdfs.server.protocol.NNHAStatusHeartbeat
2024-11-12 13:43:16,231 INFO  EvoClassLoader - Seeing class for first time: org.apache.hadoop.hdfs.server.namenode.MetaRecoveryContext
2024-11-12 13:43:16,231 INFO  EvoClassLoader - Instrumenting class 'org.apache.hadoop.hdfs.server.namenode.MetaRecoveryContext'.
2024-11-12 13:43:16,232 INFO  MethodCallReplacementClassAdapter - Adding mock interface to class org/apache/hadoop/hdfs/server/namenode/MetaRecoveryContext
2024-11-12 13:43:16,232 INFO  CreateClassResetClassAdapter - Found static initializer in class org/apache/hadoop/hdfs/server/namenode/MetaRecoveryContext
2024-11-12 13:43:16,233 INFO  EvoClassLoader - Keeping class: org.apache.hadoop.hdfs.server.namenode.MetaRecoveryContext
2024-11-12 13:43:16,233 INFO  EvoClassLoader - Seeing class for first time: org.apache.hadoop.hdfs.server.common.HdfsServerConstants$RollingUpgradeStartupOption
2024-11-12 13:43:16,233 INFO  EvoClassLoader - Instrumenting class 'org.apache.hadoop.hdfs.server.common.HdfsServerConstants$RollingUpgradeStartupOption'.
2024-11-12 13:43:16,233 INFO  MethodCallReplacementClassAdapter - Adding mock interface to class org/apache/hadoop/hdfs/server/common/HdfsServerConstants$RollingUpgradeStartupOption
2024-11-12 13:43:16,234 INFO  CreateClassResetClassAdapter - Found static initializer in class org/apache/hadoop/hdfs/server/common/HdfsServerConstants$RollingUpgradeStartupOption
2024-11-12 13:43:16,234 INFO  EvoClassLoader - Keeping class: org.apache.hadoop.hdfs.server.common.HdfsServerConstants$RollingUpgradeStartupOption
2024-11-12 13:43:16,234 INFO  EvoClassLoader - Seeing class for first time: org.apache.hadoop.thirdparty.com.google.common.cache.CacheStats
2024-11-12 13:43:16,234 INFO  EvoClassLoader - Instrumenting class 'org.apache.hadoop.thirdparty.com.google.common.cache.CacheStats'.
2024-11-12 13:43:16,235 INFO  MethodCallReplacementClassAdapter - Adding mock interface to class org/apache/hadoop/thirdparty/com/google/common/cache/CacheStats
2024-11-12 13:43:16,235 INFO  CreateClassResetClassAdapter - Creating brand-new static initializer in class org/apache/hadoop/thirdparty/com/google/common/cache/CacheStats
2024-11-12 13:43:16,235 INFO  EvoClassLoader - Keeping class: org.apache.hadoop.thirdparty.com.google.common.cache.CacheStats
2024-11-12 13:43:16,236 INFO  EvoClassLoader - Seeing class for first time: org.apache.hadoop.net.unix.DomainSocket
2024-11-12 13:43:16,236 INFO  EvoClassLoader - Instrumenting class 'org.apache.hadoop.net.unix.DomainSocket'.
2024-11-12 13:43:16,236 INFO  MethodCallReplacementClassAdapter - Adding mock interface to class org/apache/hadoop/net/unix/DomainSocket
2024-11-12 13:43:16,237 INFO  CreateClassResetClassAdapter - Found static initializer in class org/apache/hadoop/net/unix/DomainSocket
2024-11-12 13:43:16,238 INFO  EvoClassLoader - Keeping class: org.apache.hadoop.net.unix.DomainSocket
2024-11-12 13:43:16,238 INFO  EvoClassLoader - Seeing class for first time: org.apache.hadoop.crypto.CipherSuite
2024-11-12 13:43:16,238 INFO  EvoClassLoader - Instrumenting class 'org.apache.hadoop.crypto.CipherSuite'.
2024-11-12 13:43:16,238 INFO  MethodCallReplacementClassAdapter - Adding mock interface to class org/apache/hadoop/crypto/CipherSuite
2024-11-12 13:43:16,239 INFO  CreateClassResetClassAdapter - Found static initializer in class org/apache/hadoop/crypto/CipherSuite
2024-11-12 13:43:16,239 INFO  EvoClassLoader - Keeping class: org.apache.hadoop.crypto.CipherSuite
2024-11-12 13:43:16,240 INFO  EvoClassLoader - Seeing class for first time: org.eclipse.jetty.util.LeakDetector$LeakInfo
2024-11-12 13:43:16,240 INFO  EvoClassLoader - Instrumenting class 'org.eclipse.jetty.util.LeakDetector$LeakInfo'.
2024-11-12 13:43:16,240 INFO  MethodCallReplacementClassAdapter - Adding mock interface to class org/eclipse/jetty/util/LeakDetector$LeakInfo
2024-11-12 13:43:16,241 INFO  CreateClassResetClassAdapter - Creating brand-new static initializer in class org/eclipse/jetty/util/LeakDetector$LeakInfo
2024-11-12 13:43:16,241 INFO  EvoClassLoader - Keeping class: org.eclipse.jetty.util.LeakDetector$LeakInfo
2024-11-12 13:43:16,242 INFO  EvoClassLoader - Seeing class for first time: org.codehaus.stax2.validation.XMLValidationProblem
2024-11-12 13:43:16,242 INFO  EvoClassLoader - Instrumenting class 'org.codehaus.stax2.validation.XMLValidationProblem'.
2024-11-12 13:43:16,242 INFO  MethodCallReplacementClassAdapter - Adding mock interface to class org/codehaus/stax2/validation/XMLValidationProblem
2024-11-12 13:43:16,242 INFO  CreateClassResetClassAdapter - Creating brand-new static initializer in class org/codehaus/stax2/validation/XMLValidationProblem
2024-11-12 13:43:16,242 INFO  CreateClassResetClassAdapter - Adding bytecode for initializing field SEVERITY_WARNING
2024-11-12 13:43:16,242 INFO  CreateClassResetClassAdapter - Adding bytecode for initializing field SEVERITY_ERROR
2024-11-12 13:43:16,242 INFO  CreateClassResetClassAdapter - Adding bytecode for initializing field SEVERITY_FATAL
2024-11-12 13:43:16,242 INFO  EvoClassLoader - Keeping class: org.codehaus.stax2.validation.XMLValidationProblem
2024-11-12 13:43:16,243 INFO  EvoClassLoader - Seeing class for first time: org.apache.hadoop.hdfs.util.Canceler
2024-11-12 13:43:16,243 INFO  EvoClassLoader - Instrumenting class 'org.apache.hadoop.hdfs.util.Canceler'.
2024-11-12 13:43:16,243 INFO  MethodCallReplacementClassAdapter - Adding mock interface to class org/apache/hadoop/hdfs/util/Canceler
2024-11-12 13:43:16,243 INFO  CreateClassResetClassAdapter - Creating brand-new static initializer in class org/apache/hadoop/hdfs/util/Canceler
2024-11-12 13:43:16,243 INFO  EvoClassLoader - Keeping class: org.apache.hadoop.hdfs.util.Canceler
2024-11-12 13:43:16,243 INFO  EvoClassLoader - Seeing class for first time: org.apache.hadoop.hdfs.StripeReader$BlockReaderInfo
2024-11-12 13:43:16,243 INFO  EvoClassLoader - Instrumenting class 'org.apache.hadoop.hdfs.StripeReader$BlockReaderInfo'.
2024-11-12 13:43:16,244 INFO  MethodCallReplacementClassAdapter - Adding mock interface to class org/apache/hadoop/hdfs/StripeReader$BlockReaderInfo
2024-11-12 13:43:16,244 INFO  CreateClassResetClassAdapter - Creating brand-new static initializer in class org/apache/hadoop/hdfs/StripeReader$BlockReaderInfo
2024-11-12 13:43:16,244 INFO  EvoClassLoader - Keeping class: org.apache.hadoop.hdfs.StripeReader$BlockReaderInfo
2024-11-12 13:43:16,244 INFO  EvoClassLoader - Seeing class for first time: org.apache.hadoop.hdfs.util.StripedBlockUtil$BlockReadStats
2024-11-12 13:43:16,244 INFO  EvoClassLoader - Instrumenting class 'org.apache.hadoop.hdfs.util.StripedBlockUtil$BlockReadStats'.
2024-11-12 13:43:16,244 INFO  MethodCallReplacementClassAdapter - Adding mock interface to class org/apache/hadoop/hdfs/util/StripedBlockUtil$BlockReadStats
2024-11-12 13:43:16,244 INFO  CreateClassResetClassAdapter - Creating brand-new static initializer in class org/apache/hadoop/hdfs/util/StripedBlockUtil$BlockReadStats
2024-11-12 13:43:16,244 INFO  EvoClassLoader - Keeping class: org.apache.hadoop.hdfs.util.StripedBlockUtil$BlockReadStats
2024-11-12 13:43:16,244 INFO  EvoClassLoader - Seeing class for first time: com.ctc.wstx.dtd.DTDEventListener
2024-11-12 13:43:16,244 INFO  EvoClassLoader - Instrumenting class 'com.ctc.wstx.dtd.DTDEventListener'.
2024-11-12 13:43:16,245 INFO  EvoClassLoader - Keeping class: com.ctc.wstx.dtd.DTDEventListener
2024-11-12 13:43:16,245 INFO  EvoClassLoader - Seeing class for first time: org.codehaus.stax2.validation.ValidationProblemHandler
2024-11-12 13:43:16,245 INFO  EvoClassLoader - Instrumenting class 'org.codehaus.stax2.validation.ValidationProblemHandler'.
2024-11-12 13:43:16,245 INFO  EvoClassLoader - Keeping class: org.codehaus.stax2.validation.ValidationProblemHandler
2024-11-12 13:43:16,245 INFO  EvoClassLoader - Seeing class for first time: net.bytebuddy.description.type.TypeDescription
2024-11-12 13:43:16,245 INFO  EvoClassLoader - Instrumenting class 'net.bytebuddy.description.type.TypeDescription'.
2024-11-12 13:43:16,246 INFO  EvoClassLoader - Seeing class for first time: net.bytebuddy.description.ByteCodeElement
2024-11-12 13:43:16,246 INFO  EvoClassLoader - Instrumenting class 'net.bytebuddy.description.ByteCodeElement'.
2024-11-12 13:43:16,246 INFO  EvoClassLoader - Seeing class for first time: net.bytebuddy.description.NamedElement$WithRuntimeName
2024-11-12 13:43:16,246 INFO  EvoClassLoader - Instrumenting class 'net.bytebuddy.description.NamedElement$WithRuntimeName'.
2024-11-12 13:43:16,246 INFO  EvoClassLoader - Keeping class: net.bytebuddy.description.NamedElement$WithRuntimeName
2024-11-12 13:43:16,246 INFO  EvoClassLoader - Seeing class for first time: net.bytebuddy.description.DeclaredByType
2024-11-12 13:43:16,246 INFO  EvoClassLoader - Instrumenting class 'net.bytebuddy.description.DeclaredByType'.
2024-11-12 13:43:16,246 INFO  EvoClassLoader - Keeping class: net.bytebuddy.description.DeclaredByType
2024-11-12 13:43:16,246 INFO  EvoClassLoader - Keeping class: net.bytebuddy.description.ByteCodeElement
2024-11-12 13:43:16,246 INFO  EvoClassLoader - Seeing class for first time: net.bytebuddy.description.TypeVariableSource
2024-11-12 13:43:16,246 INFO  EvoClassLoader - Instrumenting class 'net.bytebuddy.description.TypeVariableSource'.
2024-11-12 13:43:16,247 INFO  EvoClassLoader - Keeping class: net.bytebuddy.description.TypeVariableSource
2024-11-12 13:43:16,247 INFO  EvoClassLoader - Keeping class: net.bytebuddy.description.type.TypeDescription
2024-11-12 13:43:16,247 INFO  EvoClassLoader - Seeing class for first time: net.bytebuddy.implementation.HashCodeMethod
2024-11-12 13:43:16,247 INFO  EvoClassLoader - Instrumenting class 'net.bytebuddy.implementation.HashCodeMethod'.
2024-11-12 13:43:16,247 INFO  MethodCallReplacementClassAdapter - Adding mock interface to class net/bytebuddy/implementation/HashCodeMethod
2024-11-12 13:43:16,248 INFO  CreateClassResetClassAdapter - Found static initializer in class net/bytebuddy/implementation/HashCodeMethod
2024-11-12 13:43:16,248 INFO  EvoClassLoader - Defined package (3): package net.bytebuddy.implementation, 1120813075
2024-11-12 13:43:16,248 INFO  EvoClassLoader - Seeing class for first time: net.bytebuddy.implementation.Implementation
2024-11-12 13:43:16,248 INFO  EvoClassLoader - Instrumenting class 'net.bytebuddy.implementation.Implementation'.
2024-11-12 13:43:16,248 INFO  EvoClassLoader - Seeing class for first time: net.bytebuddy.dynamic.scaffold.InstrumentedType$Prepareable
2024-11-12 13:43:16,248 INFO  EvoClassLoader - Instrumenting class 'net.bytebuddy.dynamic.scaffold.InstrumentedType$Prepareable'.
2024-11-12 13:43:16,248 INFO  EvoClassLoader - Defined package (3): package net.bytebuddy.dynamic.scaffold, 1693317350
2024-11-12 13:43:16,248 INFO  EvoClassLoader - Keeping class: net.bytebuddy.dynamic.scaffold.InstrumentedType$Prepareable
2024-11-12 13:43:16,248 INFO  EvoClassLoader - Keeping class: net.bytebuddy.implementation.Implementation
2024-11-12 13:43:16,249 INFO  EvoClassLoader - Keeping class: net.bytebuddy.implementation.HashCodeMethod
2024-11-12 13:43:16,249 INFO  EvoClassLoader - Seeing class for first time: net.bytebuddy.implementation.EqualsMethod
2024-11-12 13:43:16,249 INFO  EvoClassLoader - Instrumenting class 'net.bytebuddy.implementation.EqualsMethod'.
2024-11-12 13:43:16,249 INFO  MethodCallReplacementClassAdapter - Adding mock interface to class net/bytebuddy/implementation/EqualsMethod
2024-11-12 13:43:16,249 INFO  CreateClassResetClassAdapter - Found static initializer in class net/bytebuddy/implementation/EqualsMethod
2024-11-12 13:43:16,250 INFO  EvoClassLoader - Keeping class: net.bytebuddy.implementation.EqualsMethod
2024-11-12 13:43:16,251 INFO  EvoClassLoader - Seeing class for first time: org.apache.hadoop.thirdparty.protobuf.ArrayDecoders$Registers
2024-11-12 13:43:16,251 INFO  EvoClassLoader - Instrumenting class 'org.apache.hadoop.thirdparty.protobuf.ArrayDecoders$Registers'.
2024-11-12 13:43:16,251 INFO  MethodCallReplacementClassAdapter - Adding mock interface to class org/apache/hadoop/thirdparty/protobuf/ArrayDecoders$Registers
2024-11-12 13:43:16,252 INFO  CreateClassResetClassAdapter - Creating brand-new static initializer in class org/apache/hadoop/thirdparty/protobuf/ArrayDecoders$Registers
2024-11-12 13:43:16,252 INFO  EvoClassLoader - Keeping class: org.apache.hadoop.thirdparty.protobuf.ArrayDecoders$Registers
2024-11-12 13:43:16,254 INFO  EvoClassLoader - Seeing class for first time: org.apache.hadoop.hdfs.server.common.FileRegion
2024-11-12 13:43:16,254 INFO  EvoClassLoader - Instrumenting class 'org.apache.hadoop.hdfs.server.common.FileRegion'.
2024-11-12 13:43:16,254 INFO  MethodCallReplacementClassAdapter - Adding mock interface to class org/apache/hadoop/hdfs/server/common/FileRegion
2024-11-12 13:43:16,254 INFO  CreateClassResetClassAdapter - Creating brand-new static initializer in class org/apache/hadoop/hdfs/server/common/FileRegion
2024-11-12 13:43:16,255 INFO  EvoClassLoader - Seeing class for first time: org.apache.hadoop.hdfs.server.common.BlockAlias
2024-11-12 13:43:16,255 INFO  EvoClassLoader - Instrumenting class 'org.apache.hadoop.hdfs.server.common.BlockAlias'.
2024-11-12 13:43:16,255 INFO  EvoClassLoader - Keeping class: org.apache.hadoop.hdfs.server.common.BlockAlias
2024-11-12 13:43:16,255 INFO  EvoClassLoader - Keeping class: org.apache.hadoop.hdfs.server.common.FileRegion
2024-11-12 13:43:16,255 INFO  EvoClassLoader - Seeing class for first time: org.apache.hadoop.hdfs.server.diskbalancer.DiskBalancerException$Result
2024-11-12 13:43:16,255 INFO  EvoClassLoader - Instrumenting class 'org.apache.hadoop.hdfs.server.diskbalancer.DiskBalancerException$Result'.
2024-11-12 13:43:16,256 INFO  MethodCallReplacementClassAdapter - Adding mock interface to class org/apache/hadoop/hdfs/server/diskbalancer/DiskBalancerException$Result
2024-11-12 13:43:16,256 INFO  CreateClassResetClassAdapter - Found static initializer in class org/apache/hadoop/hdfs/server/diskbalancer/DiskBalancerException$Result
2024-11-12 13:43:16,256 INFO  EvoClassLoader - Keeping class: org.apache.hadoop.hdfs.server.diskbalancer.DiskBalancerException$Result
2024-11-12 13:43:16,256 INFO  EvoClassLoader - Seeing class for first time: org.apache.hadoop.hdfs.client.impl.LeaseRenewer$Factory$Key
2024-11-12 13:43:16,256 INFO  EvoClassLoader - Instrumenting class 'org.apache.hadoop.hdfs.client.impl.LeaseRenewer$Factory$Key'.
2024-11-12 13:43:16,257 INFO  MethodCallReplacementClassAdapter - Adding mock interface to class org/apache/hadoop/hdfs/client/impl/LeaseRenewer$Factory$Key
2024-11-12 13:43:16,257 INFO  CreateClassResetClassAdapter - Creating brand-new static initializer in class org/apache/hadoop/hdfs/client/impl/LeaseRenewer$Factory$Key
2024-11-12 13:43:16,257 INFO  EvoClassLoader - Keeping class: org.apache.hadoop.hdfs.client.impl.LeaseRenewer$Factory$Key
2024-11-12 13:43:16,257 INFO  EvoClassLoader - Seeing class for first time: org.apache.hadoop.hdfs.server.datanode.fsdataset.DataNodeVolumeMetrics
2024-11-12 13:43:16,257 INFO  EvoClassLoader - Instrumenting class 'org.apache.hadoop.hdfs.server.datanode.fsdataset.DataNodeVolumeMetrics'.
2024-11-12 13:43:16,258 INFO  MethodCallReplacementClassAdapter - Adding mock interface to class org/apache/hadoop/hdfs/server/datanode/fsdataset/DataNodeVolumeMetrics
2024-11-12 13:43:16,258 INFO  CreateClassResetClassAdapter - Creating brand-new static initializer in class org/apache/hadoop/hdfs/server/datanode/fsdataset/DataNodeVolumeMetrics
2024-11-12 13:43:16,259 INFO  EvoClassLoader - Keeping class: org.apache.hadoop.hdfs.server.datanode.fsdataset.DataNodeVolumeMetrics
2024-11-12 13:43:16,259 INFO  EvoClassLoader - Seeing class for first time: org.apache.hadoop.fs.DF
2024-11-12 13:43:16,259 INFO  EvoClassLoader - Instrumenting class 'org.apache.hadoop.fs.DF'.
2024-11-12 13:43:16,259 INFO  MethodCallReplacementClassAdapter - Adding mock interface to class org/apache/hadoop/fs/DF
2024-11-12 13:43:16,261 INFO  CreateClassResetClassAdapter - Creating brand-new static initializer in class org/apache/hadoop/fs/DF
2024-11-12 13:43:16,261 INFO  EvoClassLoader - Keeping class: org.apache.hadoop.fs.DF
2024-11-12 13:43:16,261 INFO  EvoClassLoader - Seeing class for first time: org.apache.hadoop.hdfs.server.datanode.fsdataset.FsVolumeSpi$BlockIterator
2024-11-12 13:43:16,261 INFO  EvoClassLoader - Instrumenting class 'org.apache.hadoop.hdfs.server.datanode.fsdataset.FsVolumeSpi$BlockIterator'.
2024-11-12 13:43:16,262 INFO  EvoClassLoader - Keeping class: org.apache.hadoop.hdfs.server.datanode.fsdataset.FsVolumeSpi$BlockIterator
2024-11-12 13:43:16,262 INFO  EvoClassLoader - Seeing class for first time: org.apache.hadoop.hdfs.server.datanode.DirectoryScanner$ReportCompiler
2024-11-12 13:43:16,262 INFO  EvoClassLoader - Instrumenting class 'org.apache.hadoop.hdfs.server.datanode.DirectoryScanner$ReportCompiler'.
2024-11-12 13:43:16,262 INFO  MethodCallReplacementClassAdapter - Adding mock interface to class org/apache/hadoop/hdfs/server/datanode/DirectoryScanner$ReportCompiler
2024-11-12 13:43:16,262 INFO  CreateClassResetClassAdapter - Creating brand-new static initializer in class org/apache/hadoop/hdfs/server/datanode/DirectoryScanner$ReportCompiler
2024-11-12 13:43:16,263 INFO  EvoClassLoader - Keeping class: org.apache.hadoop.hdfs.server.datanode.DirectoryScanner$ReportCompiler
2024-11-12 13:43:16,263 INFO  EvoClassLoader - Seeing class for first time: org.apache.hadoop.thirdparty.protobuf.DescriptorProtos$GeneratedCodeInfo$Builder
2024-11-12 13:43:16,263 INFO  EvoClassLoader - Instrumenting class 'org.apache.hadoop.thirdparty.protobuf.DescriptorProtos$GeneratedCodeInfo$Builder'.
2024-11-12 13:43:16,264 INFO  MethodCallReplacementClassAdapter - Adding mock interface to class org/apache/hadoop/thirdparty/protobuf/DescriptorProtos$GeneratedCodeInfo$Builder
2024-11-12 13:43:16,265 INFO  CreateClassResetClassAdapter - Creating brand-new static initializer in class org/apache/hadoop/thirdparty/protobuf/DescriptorProtos$GeneratedCodeInfo$Builder
2024-11-12 13:43:16,266 INFO  EvoClassLoader - Keeping class: org.apache.hadoop.thirdparty.protobuf.DescriptorProtos$GeneratedCodeInfo$Builder
2024-11-12 13:43:16,266 INFO  EvoClassLoader - Seeing class for first time: org.apache.hadoop.thirdparty.protobuf.DescriptorProtos$GeneratedCodeInfo$AnnotationOrBuilder
2024-11-12 13:43:16,266 INFO  EvoClassLoader - Instrumenting class 'org.apache.hadoop.thirdparty.protobuf.DescriptorProtos$GeneratedCodeInfo$AnnotationOrBuilder'.
2024-11-12 13:43:16,267 INFO  EvoClassLoader - Keeping class: org.apache.hadoop.thirdparty.protobuf.DescriptorProtos$GeneratedCodeInfo$AnnotationOrBuilder
2024-11-12 13:43:16,267 INFO  EvoClassLoader - Seeing class for first time: org.apache.hadoop.thirdparty.protobuf.DescriptorProtos$GeneratedCodeInfo$Annotation
2024-11-12 13:43:16,267 INFO  EvoClassLoader - Instrumenting class 'org.apache.hadoop.thirdparty.protobuf.DescriptorProtos$GeneratedCodeInfo$Annotation'.
2024-11-12 13:43:16,267 INFO  MethodCallReplacementClassAdapter - Adding mock interface to class org/apache/hadoop/thirdparty/protobuf/DescriptorProtos$GeneratedCodeInfo$Annotation
2024-11-12 13:43:16,268 INFO  CreateClassResetClassAdapter - Found static initializer in class org/apache/hadoop/thirdparty/protobuf/DescriptorProtos$GeneratedCodeInfo$Annotation
2024-11-12 13:43:16,268 INFO  EvoClassLoader - Keeping class: org.apache.hadoop.thirdparty.protobuf.DescriptorProtos$GeneratedCodeInfo$Annotation
2024-11-12 13:43:16,268 INFO  EvoClassLoader - Seeing class for first time: org.apache.hadoop.thirdparty.com.google.common.base.MoreObjects$ToStringHelper
2024-11-12 13:43:16,268 INFO  EvoClassLoader - Instrumenting class 'org.apache.hadoop.thirdparty.com.google.common.base.MoreObjects$ToStringHelper'.
2024-11-12 13:43:16,269 INFO  MethodCallReplacementClassAdapter - Adding mock interface to class org/apache/hadoop/thirdparty/com/google/common/base/MoreObjects$ToStringHelper
2024-11-12 13:43:16,269 INFO  CreateClassResetClassAdapter - Creating brand-new static initializer in class org/apache/hadoop/thirdparty/com/google/common/base/MoreObjects$ToStringHelper
2024-11-12 13:43:16,270 INFO  EvoClassLoader - Keeping class: org.apache.hadoop.thirdparty.com.google.common.base.MoreObjects$ToStringHelper
2024-11-12 13:43:16,271 INFO  EvoClassLoader - Seeing class for first time: org.apache.hadoop.hdfs.server.datanode.FileIoProvider$OPERATION
2024-11-12 13:43:16,271 INFO  EvoClassLoader - Instrumenting class 'org.apache.hadoop.hdfs.server.datanode.FileIoProvider$OPERATION'.
2024-11-12 13:43:16,271 INFO  MethodCallReplacementClassAdapter - Adding mock interface to class org/apache/hadoop/hdfs/server/datanode/FileIoProvider$OPERATION
2024-11-12 13:43:16,271 INFO  CreateClassResetClassAdapter - Found static initializer in class org/apache/hadoop/hdfs/server/datanode/FileIoProvider$OPERATION
2024-11-12 13:43:16,271 INFO  EvoClassLoader - Keeping class: org.apache.hadoop.hdfs.server.datanode.FileIoProvider$OPERATION
2024-11-12 13:43:16,272 INFO  EvoClassLoader - Seeing class for first time: org.apache.hadoop.hdfs.protocolPB.DatanodeLifelineProtocolPB
2024-11-12 13:43:16,272 INFO  EvoClassLoader - Instrumenting class 'org.apache.hadoop.hdfs.protocolPB.DatanodeLifelineProtocolPB'.
2024-11-12 13:43:16,272 INFO  EvoClassLoader - Seeing class for first time: org.apache.hadoop.hdfs.protocol.proto.DatanodeLifelineProtocolProtos$DatanodeLifelineProtocolService$BlockingInterface
2024-11-12 13:43:16,272 INFO  EvoClassLoader - Instrumenting class 'org.apache.hadoop.hdfs.protocol.proto.DatanodeLifelineProtocolProtos$DatanodeLifelineProtocolService$BlockingInterface'.
2024-11-12 13:43:16,273 INFO  EvoClassLoader - Keeping class: org.apache.hadoop.hdfs.protocol.proto.DatanodeLifelineProtocolProtos$DatanodeLifelineProtocolService$BlockingInterface
2024-11-12 13:43:16,273 INFO  EvoClassLoader - Keeping class: org.apache.hadoop.hdfs.protocolPB.DatanodeLifelineProtocolPB
2024-11-12 13:43:16,273 INFO  EvoClassLoader - Seeing class for first time: org.apache.hadoop.hdfs.protocol.proto.DatanodeProtocolProtos$HeartbeatRequestProto$Builder
2024-11-12 13:43:16,273 INFO  EvoClassLoader - Instrumenting class 'org.apache.hadoop.hdfs.protocol.proto.DatanodeProtocolProtos$HeartbeatRequestProto$Builder'.
2024-11-12 13:43:16,274 INFO  MethodCallReplacementClassAdapter - Adding mock interface to class org/apache/hadoop/hdfs/protocol/proto/DatanodeProtocolProtos$HeartbeatRequestProto$Builder
2024-11-12 13:43:16,275 INFO  CreateClassResetClassAdapter - Creating brand-new static initializer in class org/apache/hadoop/hdfs/protocol/proto/DatanodeProtocolProtos$HeartbeatRequestProto$Builder
2024-11-12 13:43:16,277 INFO  EvoClassLoader - Seeing class for first time: org.apache.hadoop.hdfs.protocol.proto.DatanodeProtocolProtos$HeartbeatRequestProtoOrBuilder
2024-11-12 13:43:16,277 INFO  EvoClassLoader - Instrumenting class 'org.apache.hadoop.hdfs.protocol.proto.DatanodeProtocolProtos$HeartbeatRequestProtoOrBuilder'.
2024-11-12 13:43:16,277 INFO  EvoClassLoader - Keeping class: org.apache.hadoop.hdfs.protocol.proto.DatanodeProtocolProtos$HeartbeatRequestProtoOrBuilder
2024-11-12 13:43:16,278 INFO  EvoClassLoader - Keeping class: org.apache.hadoop.hdfs.protocol.proto.DatanodeProtocolProtos$HeartbeatRequestProto$Builder
2024-11-12 13:43:16,278 INFO  EvoClassLoader - Seeing class for first time: org.apache.hadoop.hdfs.protocol.proto.DatanodeLifelineProtocolProtos$LifelineResponseProto
2024-11-12 13:43:16,278 INFO  EvoClassLoader - Instrumenting class 'org.apache.hadoop.hdfs.protocol.proto.DatanodeLifelineProtocolProtos$LifelineResponseProto'.
2024-11-12 13:43:16,278 INFO  MethodCallReplacementClassAdapter - Adding mock interface to class org/apache/hadoop/hdfs/protocol/proto/DatanodeLifelineProtocolProtos$LifelineResponseProto
2024-11-12 13:43:16,279 INFO  CreateClassResetClassAdapter - Found static initializer in class org/apache/hadoop/hdfs/protocol/proto/DatanodeLifelineProtocolProtos$LifelineResponseProto
2024-11-12 13:43:16,279 INFO  EvoClassLoader - Seeing class for first time: org.apache.hadoop.hdfs.protocol.proto.DatanodeLifelineProtocolProtos$LifelineResponseProtoOrBuilder
2024-11-12 13:43:16,279 INFO  EvoClassLoader - Instrumenting class 'org.apache.hadoop.hdfs.protocol.proto.DatanodeLifelineProtocolProtos$LifelineResponseProtoOrBuilder'.
2024-11-12 13:43:16,280 INFO  EvoClassLoader - Keeping class: org.apache.hadoop.hdfs.protocol.proto.DatanodeLifelineProtocolProtos$LifelineResponseProtoOrBuilder
2024-11-12 13:43:16,280 INFO  EvoClassLoader - Keeping class: org.apache.hadoop.hdfs.protocol.proto.DatanodeLifelineProtocolProtos$LifelineResponseProto
2024-11-12 13:43:16,280 INFO  EvoClassLoader - Seeing class for first time: org.apache.hadoop.hdfs.server.datanode.metrics.OutlierDetector
2024-11-12 13:43:16,280 INFO  EvoClassLoader - Instrumenting class 'org.apache.hadoop.hdfs.server.datanode.metrics.OutlierDetector'.
2024-11-12 13:43:16,281 INFO  MethodCallReplacementClassAdapter - Adding mock interface to class org/apache/hadoop/hdfs/server/datanode/metrics/OutlierDetector
2024-11-12 13:43:16,281 INFO  CreateClassResetClassAdapter - Found static initializer in class org/apache/hadoop/hdfs/server/datanode/metrics/OutlierDetector
2024-11-12 13:43:16,282 INFO  EvoClassLoader - Keeping class: org.apache.hadoop.hdfs.server.datanode.metrics.OutlierDetector
2024-11-12 13:43:16,282 INFO  EvoClassLoader - Seeing class for first time: org.apache.hadoop.hdfs.protocol.SnapshotDiffReport$DiffStats
2024-11-12 13:43:16,282 INFO  EvoClassLoader - Instrumenting class 'org.apache.hadoop.hdfs.protocol.SnapshotDiffReport$DiffStats'.
2024-11-12 13:43:16,283 INFO  MethodCallReplacementClassAdapter - Adding mock interface to class org/apache/hadoop/hdfs/protocol/SnapshotDiffReport$DiffStats
2024-11-12 13:43:16,283 INFO  CreateClassResetClassAdapter - Creating brand-new static initializer in class org/apache/hadoop/hdfs/protocol/SnapshotDiffReport$DiffStats
2024-11-12 13:43:16,283 INFO  EvoClassLoader - Keeping class: org.apache.hadoop.hdfs.protocol.SnapshotDiffReport$DiffStats
2024-11-12 13:43:16,283 INFO  EvoClassLoader - Seeing class for first time: org.apache.hadoop.hdfs.protocol.StripedBlockInfo
2024-11-12 13:43:16,283 INFO  EvoClassLoader - Instrumenting class 'org.apache.hadoop.hdfs.protocol.StripedBlockInfo'.
2024-11-12 13:43:16,283 INFO  MethodCallReplacementClassAdapter - Adding mock interface to class org/apache/hadoop/hdfs/protocol/StripedBlockInfo
2024-11-12 13:43:16,284 INFO  CreateClassResetClassAdapter - Creating brand-new static initializer in class org/apache/hadoop/hdfs/protocol/StripedBlockInfo
2024-11-12 13:43:16,284 INFO  EvoClassLoader - Keeping class: org.apache.hadoop.hdfs.protocol.StripedBlockInfo
2024-11-12 13:43:16,284 INFO  EvoClassLoader - Seeing class for first time: org.apache.hadoop.thirdparty.protobuf.DescriptorProtos$MethodOptions$IdempotencyLevel
2024-11-12 13:43:16,284 INFO  EvoClassLoader - Instrumenting class 'org.apache.hadoop.thirdparty.protobuf.DescriptorProtos$MethodOptions$IdempotencyLevel'.
2024-11-12 13:43:16,284 INFO  MethodCallReplacementClassAdapter - Adding mock interface to class org/apache/hadoop/thirdparty/protobuf/DescriptorProtos$MethodOptions$IdempotencyLevel
2024-11-12 13:43:16,284 INFO  CreateClassResetClassAdapter - Found static initializer in class org/apache/hadoop/thirdparty/protobuf/DescriptorProtos$MethodOptions$IdempotencyLevel
2024-11-12 13:43:16,285 INFO  EvoClassLoader - Keeping class: org.apache.hadoop.thirdparty.protobuf.DescriptorProtos$MethodOptions$IdempotencyLevel
2024-11-12 13:43:16,285 INFO  EvoClassLoader - Seeing class for first time: org.apache.hadoop.hdfs.protocol.ErasureCodingPolicyState
2024-11-12 13:43:16,285 INFO  EvoClassLoader - Instrumenting class 'org.apache.hadoop.hdfs.protocol.ErasureCodingPolicyState'.
2024-11-12 13:43:16,285 INFO  MethodCallReplacementClassAdapter - Adding mock interface to class org/apache/hadoop/hdfs/protocol/ErasureCodingPolicyState
2024-11-12 13:43:16,285 INFO  CreateClassResetClassAdapter - Found static initializer in class org/apache/hadoop/hdfs/protocol/ErasureCodingPolicyState
2024-11-12 13:43:16,285 INFO  EvoClassLoader - Keeping class: org.apache.hadoop.hdfs.protocol.ErasureCodingPolicyState
2024-11-12 13:43:16,285 INFO  EvoClassLoader - Seeing class for first time: org.apache.hadoop.crypto.key.KeyProvider$KeyVersion
2024-11-12 13:43:16,285 INFO  EvoClassLoader - Instrumenting class 'org.apache.hadoop.crypto.key.KeyProvider$KeyVersion'.
2024-11-12 13:43:16,286 INFO  MethodCallReplacementClassAdapter - Adding mock interface to class org/apache/hadoop/crypto/key/KeyProvider$KeyVersion
2024-11-12 13:43:16,286 INFO  CreateClassResetClassAdapter - Creating brand-new static initializer in class org/apache/hadoop/crypto/key/KeyProvider$KeyVersion
2024-11-12 13:43:16,286 INFO  EvoClassLoader - Keeping class: org.apache.hadoop.crypto.key.KeyProvider$KeyVersion
2024-11-12 13:43:16,286 INFO  EvoClassLoader - Seeing class for first time: org.apache.hadoop.crypto.key.KeyProvider$Options
2024-11-12 13:43:16,286 INFO  EvoClassLoader - Instrumenting class 'org.apache.hadoop.crypto.key.KeyProvider$Options'.
2024-11-12 13:43:16,286 INFO  MethodCallReplacementClassAdapter - Adding mock interface to class org/apache/hadoop/crypto/key/KeyProvider$Options
2024-11-12 13:43:16,286 INFO  CreateClassResetClassAdapter - Creating brand-new static initializer in class org/apache/hadoop/crypto/key/KeyProvider$Options
2024-11-12 13:43:16,286 INFO  EvoClassLoader - Keeping class: org.apache.hadoop.crypto.key.KeyProvider$Options
2024-11-12 13:43:16,286 INFO  EvoClassLoader - Seeing class for first time: org.apache.hadoop.crypto.key.KeyProvider$Metadata
2024-11-12 13:43:16,286 INFO  EvoClassLoader - Instrumenting class 'org.apache.hadoop.crypto.key.KeyProvider$Metadata'.
2024-11-12 13:43:16,287 INFO  MethodCallReplacementClassAdapter - Adding mock interface to class org/apache/hadoop/crypto/key/KeyProvider$Metadata
2024-11-12 13:43:16,287 INFO  CreateClassResetClassAdapter - Creating brand-new static initializer in class org/apache/hadoop/crypto/key/KeyProvider$Metadata
2024-11-12 13:43:16,287 INFO  CreateClassResetClassAdapter - Adding bytecode for initializing field CIPHER_FIELD
2024-11-12 13:43:16,287 INFO  CreateClassResetClassAdapter - Adding bytecode for initializing field BIT_LENGTH_FIELD
2024-11-12 13:43:16,287 INFO  CreateClassResetClassAdapter - Adding bytecode for initializing field CREATED_FIELD
2024-11-12 13:43:16,287 INFO  CreateClassResetClassAdapter - Adding bytecode for initializing field DESCRIPTION_FIELD
2024-11-12 13:43:16,287 INFO  CreateClassResetClassAdapter - Adding bytecode for initializing field VERSIONS_FIELD
2024-11-12 13:43:16,287 INFO  CreateClassResetClassAdapter - Adding bytecode for initializing field ATTRIBUTES_FIELD
2024-11-12 13:43:16,288 INFO  EvoClassLoader - Keeping class: org.apache.hadoop.crypto.key.KeyProvider$Metadata
2024-11-12 13:43:16,288 INFO  EvoClassLoader - Seeing class for first time: org.apache.hadoop.hdfs.inotify.EventBatch
2024-11-12 13:43:16,288 INFO  EvoClassLoader - Instrumenting class 'org.apache.hadoop.hdfs.inotify.EventBatch'.
2024-11-12 13:43:16,288 INFO  MethodCallReplacementClassAdapter - Adding mock interface to class org/apache/hadoop/hdfs/inotify/EventBatch
2024-11-12 13:43:16,288 INFO  CreateClassResetClassAdapter - Creating brand-new static initializer in class org/apache/hadoop/hdfs/inotify/EventBatch
2024-11-12 13:43:16,288 INFO  EvoClassLoader - Keeping class: org.apache.hadoop.hdfs.inotify.EventBatch
2024-11-12 13:43:16,288 INFO  EvoClassLoader - Seeing class for first time: org.apache.hadoop.thirdparty.protobuf.TypeRegistry$Builder
2024-11-12 13:43:16,288 INFO  EvoClassLoader - Instrumenting class 'org.apache.hadoop.thirdparty.protobuf.TypeRegistry$Builder'.
2024-11-12 13:43:16,289 INFO  MethodCallReplacementClassAdapter - Adding mock interface to class org/apache/hadoop/thirdparty/protobuf/TypeRegistry$Builder
2024-11-12 13:43:16,289 INFO  CreateClassResetClassAdapter - Creating brand-new static initializer in class org/apache/hadoop/thirdparty/protobuf/TypeRegistry$Builder
2024-11-12 13:43:16,289 INFO  EvoClassLoader - Keeping class: org.apache.hadoop.thirdparty.protobuf.TypeRegistry$Builder
2024-11-12 13:43:16,289 INFO  EvoClassLoader - Seeing class for first time: org.apache.hadoop.hdfs.server.datanode.ShortCircuitRegistry$Visitor
2024-11-12 13:43:16,289 INFO  EvoClassLoader - Instrumenting class 'org.apache.hadoop.hdfs.server.datanode.ShortCircuitRegistry$Visitor'.
2024-11-12 13:43:16,289 INFO  EvoClassLoader - Keeping class: org.apache.hadoop.hdfs.server.datanode.ShortCircuitRegistry$Visitor
2024-11-12 13:43:16,289 INFO  EvoClassLoader - Seeing class for first time: org.apache.hadoop.hdfs.ExtendedBlockId
2024-11-12 13:43:16,289 INFO  EvoClassLoader - Instrumenting class 'org.apache.hadoop.hdfs.ExtendedBlockId'.
2024-11-12 13:43:16,290 INFO  MethodCallReplacementClassAdapter - Adding mock interface to class org/apache/hadoop/hdfs/ExtendedBlockId
2024-11-12 13:43:16,290 INFO  CreateClassResetClassAdapter - Creating brand-new static initializer in class org/apache/hadoop/hdfs/ExtendedBlockId
2024-11-12 13:43:16,290 INFO  EvoClassLoader - Keeping class: org.apache.hadoop.hdfs.ExtendedBlockId
2024-11-12 13:43:16,290 INFO  EvoClassLoader - Seeing class for first time: org.apache.hadoop.hdfs.shortcircuit.ShortCircuitShm
2024-11-12 13:43:16,290 INFO  EvoClassLoader - Instrumenting class 'org.apache.hadoop.hdfs.shortcircuit.ShortCircuitShm'.
2024-11-12 13:43:16,290 INFO  MethodCallReplacementClassAdapter - Adding mock interface to class org/apache/hadoop/hdfs/shortcircuit/ShortCircuitShm
2024-11-12 13:43:16,291 INFO  CreateClassResetClassAdapter - Found static initializer in class org/apache/hadoop/hdfs/shortcircuit/ShortCircuitShm
2024-11-12 13:43:16,291 INFO  EvoClassLoader - Keeping class: org.apache.hadoop.hdfs.shortcircuit.ShortCircuitShm
2024-11-12 13:43:16,291 INFO  EvoClassLoader - Seeing class for first time: org.apache.hadoop.hdfs.server.datanode.ShortCircuitRegistry$NewShmInfo
2024-11-12 13:43:16,291 INFO  EvoClassLoader - Instrumenting class 'org.apache.hadoop.hdfs.server.datanode.ShortCircuitRegistry$NewShmInfo'.
2024-11-12 13:43:16,291 INFO  MethodCallReplacementClassAdapter - Adding mock interface to class org/apache/hadoop/hdfs/server/datanode/ShortCircuitRegistry$NewShmInfo
2024-11-12 13:43:16,291 INFO  CreateClassResetClassAdapter - Creating brand-new static initializer in class org/apache/hadoop/hdfs/server/datanode/ShortCircuitRegistry$NewShmInfo
2024-11-12 13:43:16,292 INFO  EvoClassLoader - Keeping class: org.apache.hadoop.hdfs.server.datanode.ShortCircuitRegistry$NewShmInfo
2024-11-12 13:43:16,292 INFO  EvoClassLoader - Seeing class for first time: org.apache.hadoop.hdfs.shortcircuit.ShortCircuitShm$SlotId
2024-11-12 13:43:16,292 INFO  EvoClassLoader - Instrumenting class 'org.apache.hadoop.hdfs.shortcircuit.ShortCircuitShm$SlotId'.
2024-11-12 13:43:16,292 INFO  MethodCallReplacementClassAdapter - Adding mock interface to class org/apache/hadoop/hdfs/shortcircuit/ShortCircuitShm$SlotId
2024-11-12 13:43:16,292 INFO  CreateClassResetClassAdapter - Creating brand-new static initializer in class org/apache/hadoop/hdfs/shortcircuit/ShortCircuitShm$SlotId
2024-11-12 13:43:16,292 INFO  EvoClassLoader - Keeping class: org.apache.hadoop.hdfs.shortcircuit.ShortCircuitShm$SlotId
2024-11-12 13:43:16,293 INFO  EvoClassLoader - Seeing class for first time: org.apache.hadoop.hdfs.server.datanode.DirectoryScanner$Stats
2024-11-12 13:43:16,293 INFO  EvoClassLoader - Instrumenting class 'org.apache.hadoop.hdfs.server.datanode.DirectoryScanner$Stats'.
2024-11-12 13:43:16,293 INFO  MethodCallReplacementClassAdapter - Adding mock interface to class org/apache/hadoop/hdfs/server/datanode/DirectoryScanner$Stats
2024-11-12 13:43:16,293 INFO  CreateClassResetClassAdapter - Creating brand-new static initializer in class org/apache/hadoop/hdfs/server/datanode/DirectoryScanner$Stats
2024-11-12 13:43:16,293 INFO  EvoClassLoader - Keeping class: org.apache.hadoop.hdfs.server.datanode.DirectoryScanner$Stats
2024-11-12 13:43:16,293 INFO  EvoClassLoader - Seeing class for first time: org.apache.hadoop.io.nativeio.Errno
2024-11-12 13:43:16,293 INFO  EvoClassLoader - Instrumenting class 'org.apache.hadoop.io.nativeio.Errno'.
2024-11-12 13:43:16,294 INFO  MethodCallReplacementClassAdapter - Adding mock interface to class org/apache/hadoop/io/nativeio/Errno
2024-11-12 13:43:16,294 INFO  CreateClassResetClassAdapter - Found static initializer in class org/apache/hadoop/io/nativeio/Errno
2024-11-12 13:43:16,294 INFO  EvoClassLoader - Keeping class: org.apache.hadoop.io.nativeio.Errno
2024-11-12 13:43:16,294 INFO  EvoClassLoader - Seeing class for first time: org.apache.hadoop.fs.MultipartUploader
2024-11-12 13:43:16,294 INFO  EvoClassLoader - Instrumenting class 'org.apache.hadoop.fs.MultipartUploader'.
2024-11-12 13:43:16,294 INFO  EvoClassLoader - Keeping class: org.apache.hadoop.fs.MultipartUploader
2024-11-12 13:43:16,294 INFO  EvoClassLoader - Seeing class for first time: net.bytebuddy.description.modifier.SyntheticState
2024-11-12 13:43:16,294 INFO  EvoClassLoader - Instrumenting class 'net.bytebuddy.description.modifier.SyntheticState'.
2024-11-12 13:43:16,294 INFO  MethodCallReplacementClassAdapter - Adding mock interface to class net/bytebuddy/description/modifier/SyntheticState
2024-11-12 13:43:16,294 INFO  CreateClassResetClassAdapter - Found static initializer in class net/bytebuddy/description/modifier/SyntheticState
2024-11-12 13:43:16,294 INFO  EvoClassLoader - Seeing class for first time: net.bytebuddy.description.modifier.ModifierContributor$ForMethod
2024-11-12 13:43:16,294 INFO  EvoClassLoader - Instrumenting class 'net.bytebuddy.description.modifier.ModifierContributor$ForMethod'.
2024-11-12 13:43:16,295 INFO  EvoClassLoader - Keeping class: net.bytebuddy.description.modifier.ModifierContributor$ForMethod
2024-11-12 13:43:16,295 INFO  EvoClassLoader - Seeing class for first time: net.bytebuddy.description.modifier.ModifierContributor$ForField
2024-11-12 13:43:16,295 INFO  EvoClassLoader - Instrumenting class 'net.bytebuddy.description.modifier.ModifierContributor$ForField'.
2024-11-12 13:43:16,295 INFO  EvoClassLoader - Keeping class: net.bytebuddy.description.modifier.ModifierContributor$ForField
2024-11-12 13:43:16,295 INFO  EvoClassLoader - Seeing class for first time: net.bytebuddy.description.modifier.ModifierContributor$ForParameter
2024-11-12 13:43:16,295 INFO  EvoClassLoader - Instrumenting class 'net.bytebuddy.description.modifier.ModifierContributor$ForParameter'.
2024-11-12 13:43:16,295 INFO  EvoClassLoader - Keeping class: net.bytebuddy.description.modifier.ModifierContributor$ForParameter
2024-11-12 13:43:16,295 INFO  EvoClassLoader - Keeping class: net.bytebuddy.description.modifier.SyntheticState
2024-11-12 13:43:16,295 INFO  EvoClassLoader - Seeing class for first time: org.apache.hadoop.hdfs.protocol.proto.HdfsProtos$ErasureCodingPolicyProto
2024-11-12 13:43:16,295 INFO  EvoClassLoader - Instrumenting class 'org.apache.hadoop.hdfs.protocol.proto.HdfsProtos$ErasureCodingPolicyProto'.
2024-11-12 13:43:16,295 INFO  MethodCallReplacementClassAdapter - Adding mock interface to class org/apache/hadoop/hdfs/protocol/proto/HdfsProtos$ErasureCodingPolicyProto
2024-11-12 13:43:16,296 INFO  CreateClassResetClassAdapter - Found static initializer in class org/apache/hadoop/hdfs/protocol/proto/HdfsProtos$ErasureCodingPolicyProto
2024-11-12 13:43:16,296 INFO  EvoClassLoader - Keeping class: org.apache.hadoop.hdfs.protocol.proto.HdfsProtos$ErasureCodingPolicyProto
2024-11-12 13:43:16,296 INFO  EvoClassLoader - Seeing class for first time: org.apache.hadoop.hdfs.protocol.proto.HdfsProtos$LocatedBlockProto
2024-11-12 13:43:16,296 INFO  EvoClassLoader - Instrumenting class 'org.apache.hadoop.hdfs.protocol.proto.HdfsProtos$LocatedBlockProto'.
2024-11-12 13:43:16,296 INFO  MethodCallReplacementClassAdapter - Adding mock interface to class org/apache/hadoop/hdfs/protocol/proto/HdfsProtos$LocatedBlockProto
2024-11-12 13:43:16,297 INFO  CreateClassResetClassAdapter - Found static initializer in class org/apache/hadoop/hdfs/protocol/proto/HdfsProtos$LocatedBlockProto
2024-11-12 13:43:16,297 INFO  EvoClassLoader - Keeping class: org.apache.hadoop.hdfs.protocol.proto.HdfsProtos$LocatedBlockProto
2024-11-12 13:43:16,297 INFO  EvoClassLoader - Seeing class for first time: org.apache.hadoop.hdfs.protocol.proto.HdfsProtos$BlockProto
2024-11-12 13:43:16,297 INFO  EvoClassLoader - Instrumenting class 'org.apache.hadoop.hdfs.protocol.proto.HdfsProtos$BlockProto'.
2024-11-12 13:43:16,298 INFO  MethodCallReplacementClassAdapter - Adding mock interface to class org/apache/hadoop/hdfs/protocol/proto/HdfsProtos$BlockProto
2024-11-12 13:43:16,298 INFO  CreateClassResetClassAdapter - Found static initializer in class org/apache/hadoop/hdfs/protocol/proto/HdfsProtos$BlockProto
2024-11-12 13:43:16,299 INFO  EvoClassLoader - Keeping class: org.apache.hadoop.hdfs.protocol.proto.HdfsProtos$BlockProto
2024-11-12 13:43:16,300 INFO  EvoClassLoader - Seeing class for first time: org.apache.hadoop.fs.viewfs.ViewFileSystemOverloadScheme
2024-11-12 13:43:16,300 INFO  EvoClassLoader - Instrumenting class 'org.apache.hadoop.fs.viewfs.ViewFileSystemOverloadScheme'.
2024-11-12 13:43:16,301 INFO  MethodCallReplacementClassAdapter - Adding mock interface to class org/apache/hadoop/fs/viewfs/ViewFileSystemOverloadScheme
2024-11-12 13:43:16,302 INFO  CreateClassResetClassAdapter - Creating brand-new static initializer in class org/apache/hadoop/fs/viewfs/ViewFileSystemOverloadScheme
2024-11-12 13:43:16,302 INFO  EvoClassLoader - Seeing class for first time: org.apache.hadoop.fs.viewfs.ViewFileSystem
2024-11-12 13:43:16,302 INFO  EvoClassLoader - Instrumenting class 'org.apache.hadoop.fs.viewfs.ViewFileSystem'.
2024-11-12 13:43:16,302 INFO  MethodCallReplacementClassAdapter - Adding mock interface to class org/apache/hadoop/fs/viewfs/ViewFileSystem
2024-11-12 13:43:16,305 INFO  CreateClassResetClassAdapter - Found static initializer in class org/apache/hadoop/fs/viewfs/ViewFileSystem
2024-11-12 13:43:16,307 INFO  EvoClassLoader - Keeping class: org.apache.hadoop.fs.viewfs.ViewFileSystem
2024-11-12 13:43:16,307 INFO  EvoClassLoader - Keeping class: org.apache.hadoop.fs.viewfs.ViewFileSystemOverloadScheme
2024-11-12 13:43:16,307 INFO  EvoClassLoader - Seeing class for first time: org.apache.hadoop.hdfs.server.protocol.DatanodeStorage
2024-11-12 13:43:16,307 INFO  EvoClassLoader - Instrumenting class 'org.apache.hadoop.hdfs.server.protocol.DatanodeStorage'.
2024-11-12 13:43:16,308 INFO  MethodCallReplacementClassAdapter - Adding mock interface to class org/apache/hadoop/hdfs/server/protocol/DatanodeStorage
2024-11-12 13:43:16,308 INFO  CreateClassResetClassAdapter - Creating brand-new static initializer in class org/apache/hadoop/hdfs/server/protocol/DatanodeStorage
2024-11-12 13:43:16,308 INFO  CreateClassResetClassAdapter - Adding bytecode for initializing field STORAGE_ID_PREFIX
2024-11-12 13:43:16,308 INFO  EvoClassLoader - Keeping class: org.apache.hadoop.hdfs.server.protocol.DatanodeStorage
2024-11-12 13:43:16,308 INFO  EvoClassLoader - Seeing class for first time: org.apache.hadoop.hdfs.server.datanode.fsdataset.impl.MountVolumeMap
2024-11-12 13:43:16,308 INFO  EvoClassLoader - Instrumenting class 'org.apache.hadoop.hdfs.server.datanode.fsdataset.impl.MountVolumeMap'.
2024-11-12 13:43:16,309 INFO  MethodCallReplacementClassAdapter - Adding mock interface to class org/apache/hadoop/hdfs/server/datanode/fsdataset/impl/MountVolumeMap
2024-11-12 13:43:16,309 INFO  CreateClassResetClassAdapter - Creating brand-new static initializer in class org/apache/hadoop/hdfs/server/datanode/fsdataset/impl/MountVolumeMap
2024-11-12 13:43:16,309 INFO  EvoClassLoader - Keeping class: org.apache.hadoop.hdfs.server.datanode.fsdataset.impl.MountVolumeMap
2024-11-12 13:43:16,309 INFO  EvoClassLoader - Seeing class for first time: org.apache.hadoop.hdfs.server.datanode.ReplicaHandler
2024-11-12 13:43:16,309 INFO  EvoClassLoader - Instrumenting class 'org.apache.hadoop.hdfs.server.datanode.ReplicaHandler'.
2024-11-12 13:43:16,309 INFO  MethodCallReplacementClassAdapter - Adding mock interface to class org/apache/hadoop/hdfs/server/datanode/ReplicaHandler
2024-11-12 13:43:16,309 INFO  CreateClassResetClassAdapter - Creating brand-new static initializer in class org/apache/hadoop/hdfs/server/datanode/ReplicaHandler
2024-11-12 13:43:16,310 INFO  EvoClassLoader - Keeping class: org.apache.hadoop.hdfs.server.datanode.ReplicaHandler
2024-11-12 13:43:16,310 INFO  EvoClassLoader - Seeing class for first time: org.apache.hadoop.hdfs.server.datanode.ReplicaInPipeline
2024-11-12 13:43:16,310 INFO  EvoClassLoader - Instrumenting class 'org.apache.hadoop.hdfs.server.datanode.ReplicaInPipeline'.
2024-11-12 13:43:16,310 INFO  EvoClassLoader - Keeping class: org.apache.hadoop.hdfs.server.datanode.ReplicaInPipeline
2024-11-12 13:43:16,310 INFO  EvoClassLoader - Seeing class for first time: org.apache.hadoop.hdfs.server.datanode.fsdataset.FsDatasetSpi$FsVolumeReferences
2024-11-12 13:43:16,310 INFO  EvoClassLoader - Instrumenting class 'org.apache.hadoop.hdfs.server.datanode.fsdataset.FsDatasetSpi$FsVolumeReferences'.
2024-11-12 13:43:16,310 INFO  MethodCallReplacementClassAdapter - Adding mock interface to class org/apache/hadoop/hdfs/server/datanode/fsdataset/FsDatasetSpi$FsVolumeReferences
2024-11-12 13:43:16,310 INFO  CreateClassResetClassAdapter - Creating brand-new static initializer in class org/apache/hadoop/hdfs/server/datanode/fsdataset/FsDatasetSpi$FsVolumeReferences
2024-11-12 13:43:16,311 INFO  EvoClassLoader - Keeping class: org.apache.hadoop.hdfs.server.datanode.fsdataset.FsDatasetSpi$FsVolumeReferences
2024-11-12 13:43:16,311 INFO  EvoClassLoader - Seeing class for first time: org.apache.hadoop.hdfs.server.datanode.fsdataset.ReplicaInputStreams
2024-11-12 13:43:16,311 INFO  EvoClassLoader - Instrumenting class 'org.apache.hadoop.hdfs.server.datanode.fsdataset.ReplicaInputStreams'.
2024-11-12 13:43:16,311 INFO  MethodCallReplacementClassAdapter - Adding mock interface to class org/apache/hadoop/hdfs/server/datanode/fsdataset/ReplicaInputStreams
2024-11-12 13:43:16,311 INFO  CreateClassResetClassAdapter - Found static initializer in class org/apache/hadoop/hdfs/server/datanode/fsdataset/ReplicaInputStreams
2024-11-12 13:43:16,311 INFO  EvoClassLoader - Keeping class: org.apache.hadoop.hdfs.server.datanode.fsdataset.ReplicaInputStreams
2024-11-12 13:43:16,311 INFO  EvoClassLoader - Seeing class for first time: org.apache.hadoop.hdfs.server.datanode.fsdataset.ReplicaOutputStreams
2024-11-12 13:43:16,311 INFO  EvoClassLoader - Instrumenting class 'org.apache.hadoop.hdfs.server.datanode.fsdataset.ReplicaOutputStreams'.
2024-11-12 13:43:16,311 INFO  MethodCallReplacementClassAdapter - Adding mock interface to class org/apache/hadoop/hdfs/server/datanode/fsdataset/ReplicaOutputStreams
2024-11-12 13:43:16,312 INFO  CreateClassResetClassAdapter - Found static initializer in class org/apache/hadoop/hdfs/server/datanode/fsdataset/ReplicaOutputStreams
2024-11-12 13:43:16,312 INFO  EvoClassLoader - Keeping class: org.apache.hadoop.hdfs.server.datanode.fsdataset.ReplicaOutputStreams
2024-11-12 13:43:16,313 INFO  EvoClassLoader - Seeing class for first time: org.apache.hadoop.thirdparty.protobuf.MapField$MutabilityAwareMap
2024-11-12 13:43:16,313 INFO  EvoClassLoader - Instrumenting class 'org.apache.hadoop.thirdparty.protobuf.MapField$MutabilityAwareMap'.
2024-11-12 13:43:16,313 INFO  MethodCallReplacementClassAdapter - Adding mock interface to class org/apache/hadoop/thirdparty/protobuf/MapField$MutabilityAwareMap
2024-11-12 13:43:16,313 INFO  CreateClassResetClassAdapter - Creating brand-new static initializer in class org/apache/hadoop/thirdparty/protobuf/MapField$MutabilityAwareMap
2024-11-12 13:43:16,313 INFO  EvoClassLoader - Keeping class: org.apache.hadoop.thirdparty.protobuf.MapField$MutabilityAwareMap
2024-11-12 13:43:16,314 INFO  EvoClassLoader - Seeing class for first time: org.apache.hadoop.fs.BatchedRemoteIterator$BatchedEntries
2024-11-12 13:43:16,314 INFO  EvoClassLoader - Instrumenting class 'org.apache.hadoop.fs.BatchedRemoteIterator$BatchedEntries'.
2024-11-12 13:43:16,314 INFO  EvoClassLoader - Keeping class: org.apache.hadoop.fs.BatchedRemoteIterator$BatchedEntries
2024-11-12 13:43:16,314 INFO  EvoClassLoader - Seeing class for first time: org.apache.hadoop.fs.XAttr
2024-11-12 13:43:16,314 INFO  EvoClassLoader - Instrumenting class 'org.apache.hadoop.fs.XAttr'.
2024-11-12 13:43:16,314 INFO  MethodCallReplacementClassAdapter - Adding mock interface to class org/apache/hadoop/fs/XAttr
2024-11-12 13:43:16,314 INFO  CreateClassResetClassAdapter - Creating brand-new static initializer in class org/apache/hadoop/fs/XAttr
2024-11-12 13:43:16,315 INFO  EvoClassLoader - Keeping class: org.apache.hadoop.fs.XAttr
2024-11-12 13:43:16,315 INFO  EvoClassLoader - Seeing class for first time: org.apache.hadoop.hdfs.protocol.ReplicatedBlockStats
2024-11-12 13:43:16,315 INFO  EvoClassLoader - Instrumenting class 'org.apache.hadoop.hdfs.protocol.ReplicatedBlockStats'.
2024-11-12 13:43:16,315 INFO  MethodCallReplacementClassAdapter - Adding mock interface to class org/apache/hadoop/hdfs/protocol/ReplicatedBlockStats
2024-11-12 13:43:16,315 INFO  CreateClassResetClassAdapter - Creating brand-new static initializer in class org/apache/hadoop/hdfs/protocol/ReplicatedBlockStats
2024-11-12 13:43:16,315 INFO  EvoClassLoader - Keeping class: org.apache.hadoop.hdfs.protocol.ReplicatedBlockStats
2024-11-12 13:43:16,315 INFO  EvoClassLoader - Seeing class for first time: org.apache.hadoop.hdfs.protocol.ECBlockGroupStats
2024-11-12 13:43:16,315 INFO  EvoClassLoader - Instrumenting class 'org.apache.hadoop.hdfs.protocol.ECBlockGroupStats'.
2024-11-12 13:43:16,316 INFO  MethodCallReplacementClassAdapter - Adding mock interface to class org/apache/hadoop/hdfs/protocol/ECBlockGroupStats
2024-11-12 13:43:16,316 INFO  CreateClassResetClassAdapter - Creating brand-new static initializer in class org/apache/hadoop/hdfs/protocol/ECBlockGroupStats
2024-11-12 13:43:16,316 INFO  EvoClassLoader - Keeping class: org.apache.hadoop.hdfs.protocol.ECBlockGroupStats
2024-11-12 13:43:16,317 INFO  EvoClassLoader - Seeing class for first time: org.apache.hadoop.hdfs.inotify.EventBatchList
2024-11-12 13:43:16,317 INFO  EvoClassLoader - Instrumenting class 'org.apache.hadoop.hdfs.inotify.EventBatchList'.
2024-11-12 13:43:16,317 INFO  MethodCallReplacementClassAdapter - Adding mock interface to class org/apache/hadoop/hdfs/inotify/EventBatchList
2024-11-12 13:43:16,317 INFO  CreateClassResetClassAdapter - Creating brand-new static initializer in class org/apache/hadoop/hdfs/inotify/EventBatchList
2024-11-12 13:43:16,317 INFO  EvoClassLoader - Keeping class: org.apache.hadoop.hdfs.inotify.EventBatchList
2024-11-12 13:43:16,318 INFO  EvoClassLoader - Seeing class for first time: org.apache.hadoop.hdfs.protocol.CacheDirectiveInfo$Expiration
2024-11-12 13:43:16,318 INFO  EvoClassLoader - Instrumenting class 'org.apache.hadoop.hdfs.protocol.CacheDirectiveInfo$Expiration'.
2024-11-12 13:43:16,318 INFO  MethodCallReplacementClassAdapter - Adding mock interface to class org/apache/hadoop/hdfs/protocol/CacheDirectiveInfo$Expiration
2024-11-12 13:43:16,319 INFO  CreateClassResetClassAdapter - Found static initializer in class org/apache/hadoop/hdfs/protocol/CacheDirectiveInfo$Expiration
2024-11-12 13:43:16,320 INFO  EvoClassLoader - Keeping class: org.apache.hadoop.hdfs.protocol.CacheDirectiveInfo$Expiration
2024-11-12 13:43:16,320 INFO  EvoClassLoader - Seeing class for first time: org.apache.hadoop.hdfs.server.diskbalancer.planner.NodePlan
2024-11-12 13:43:16,320 INFO  EvoClassLoader - Instrumenting class 'org.apache.hadoop.hdfs.server.diskbalancer.planner.NodePlan'.
2024-11-12 13:43:16,320 INFO  MethodCallReplacementClassAdapter - Adding mock interface to class org/apache/hadoop/hdfs/server/diskbalancer/planner/NodePlan
2024-11-12 13:43:16,320 INFO  CreateClassResetClassAdapter - Found static initializer in class org/apache/hadoop/hdfs/server/diskbalancer/planner/NodePlan
2024-11-12 13:43:16,320 INFO  EvoClassLoader - Defined package (3): package org.apache.hadoop.hdfs.server.diskbalancer.planner, 1588089104
2024-11-12 13:43:16,321 INFO  EvoClassLoader - Keeping class: org.apache.hadoop.hdfs.server.diskbalancer.planner.NodePlan
2024-11-12 13:43:16,321 INFO  EvoClassLoader - Seeing class for first time: org.apache.hadoop.hdfs.server.datanode.DiskBalancer$VolumePair
2024-11-12 13:43:16,321 INFO  EvoClassLoader - Instrumenting class 'org.apache.hadoop.hdfs.server.datanode.DiskBalancer$VolumePair'.
2024-11-12 13:43:16,321 INFO  MethodCallReplacementClassAdapter - Adding mock interface to class org/apache/hadoop/hdfs/server/datanode/DiskBalancer$VolumePair
2024-11-12 13:43:16,321 INFO  CreateClassResetClassAdapter - Creating brand-new static initializer in class org/apache/hadoop/hdfs/server/datanode/DiskBalancer$VolumePair
2024-11-12 13:43:16,322 INFO  EvoClassLoader - Keeping class: org.apache.hadoop.hdfs.server.datanode.DiskBalancer$VolumePair
2024-11-12 13:43:16,322 INFO  EvoClassLoader - Seeing class for first time: org.apache.hadoop.hdfs.server.diskbalancer.planner.Step
2024-11-12 13:43:16,322 INFO  EvoClassLoader - Instrumenting class 'org.apache.hadoop.hdfs.server.diskbalancer.planner.Step'.
2024-11-12 13:43:16,322 INFO  EvoClassLoader - Keeping class: org.apache.hadoop.hdfs.server.diskbalancer.planner.Step
2024-11-12 13:43:16,323 INFO  EvoClassLoader - Seeing class for first time: org.apache.hadoop.fs.FileSystem$Statistics$StatisticsData
2024-11-12 13:43:16,323 INFO  EvoClassLoader - Instrumenting class 'org.apache.hadoop.fs.FileSystem$Statistics$StatisticsData'.
2024-11-12 13:43:16,323 INFO  MethodCallReplacementClassAdapter - Adding mock interface to class org/apache/hadoop/fs/FileSystem$Statistics$StatisticsData
2024-11-12 13:43:16,323 INFO  CreateClassResetClassAdapter - Creating brand-new static initializer in class org/apache/hadoop/fs/FileSystem$Statistics$StatisticsData
2024-11-12 13:43:16,323 INFO  EvoClassLoader - Keeping class: org.apache.hadoop.fs.FileSystem$Statistics$StatisticsData
2024-11-12 13:43:16,324 INFO  EvoClassLoader - Seeing class for first time: org.apache.hadoop.thirdparty.protobuf.TextFormat$Tokenizer
2024-11-12 13:43:16,324 INFO  EvoClassLoader - Instrumenting class 'org.apache.hadoop.thirdparty.protobuf.TextFormat$Tokenizer'.
2024-11-12 13:43:16,324 INFO  MethodCallReplacementClassAdapter - Adding mock interface to class org/apache/hadoop/thirdparty/protobuf/TextFormat$Tokenizer
2024-11-12 13:43:16,324 INFO  CreateClassResetClassAdapter - Found static initializer in class org/apache/hadoop/thirdparty/protobuf/TextFormat$Tokenizer
2024-11-12 13:43:16,325 INFO  EvoClassLoader - Keeping class: org.apache.hadoop.thirdparty.protobuf.TextFormat$Tokenizer
2024-11-12 13:43:16,325 INFO  EvoClassLoader - Seeing class for first time: org.apache.hadoop.hdfs.server.datanode.DataStorage$VolumeBuilder
2024-11-12 13:43:16,325 INFO  EvoClassLoader - Instrumenting class 'org.apache.hadoop.hdfs.server.datanode.DataStorage$VolumeBuilder'.
2024-11-12 13:43:16,325 INFO  MethodCallReplacementClassAdapter - Adding mock interface to class org/apache/hadoop/hdfs/server/datanode/DataStorage$VolumeBuilder
2024-11-12 13:43:16,325 INFO  CreateClassResetClassAdapter - Found static initializer in class org/apache/hadoop/hdfs/server/datanode/DataStorage$VolumeBuilder
2024-11-12 13:43:16,325 INFO  EvoClassLoader - Keeping class: org.apache.hadoop.hdfs.server.datanode.DataStorage$VolumeBuilder
2024-11-12 13:43:16,325 INFO  EvoClassLoader - Seeing class for first time: org.apache.hadoop.fs.HardLink
2024-11-12 13:43:16,325 INFO  EvoClassLoader - Instrumenting class 'org.apache.hadoop.fs.HardLink'.
2024-11-12 13:43:16,326 INFO  MethodCallReplacementClassAdapter - Adding mock interface to class org/apache/hadoop/fs/HardLink
2024-11-12 13:43:16,326 INFO  CreateClassResetClassAdapter - Found static initializer in class org/apache/hadoop/fs/HardLink
2024-11-12 13:43:16,326 INFO  EvoClassLoader - Keeping class: org.apache.hadoop.fs.HardLink
2024-11-12 13:43:16,327 INFO  EvoClassLoader - Seeing class for first time: org.apache.hadoop.thirdparty.com.google.common.collect.MapMakerInternalMap$DummyInternalEntry
2024-11-12 13:43:16,327 INFO  EvoClassLoader - Instrumenting class 'org.apache.hadoop.thirdparty.com.google.common.collect.MapMakerInternalMap$DummyInternalEntry'.
2024-11-12 13:43:16,327 INFO  MethodCallReplacementClassAdapter - Adding mock interface to class org/apache/hadoop/thirdparty/com/google/common/collect/MapMakerInternalMap$DummyInternalEntry
2024-11-12 13:43:16,327 INFO  CreateClassResetClassAdapter - Creating brand-new static initializer in class org/apache/hadoop/thirdparty/com/google/common/collect/MapMakerInternalMap$DummyInternalEntry
2024-11-12 13:43:16,327 INFO  EvoClassLoader - Keeping class: org.apache.hadoop.thirdparty.com.google.common.collect.MapMakerInternalMap$DummyInternalEntry
2024-11-12 13:43:16,327 INFO  EvoClassLoader - Seeing class for first time: io.netty.bootstrap.ServerBootstrap
2024-11-12 13:43:16,327 INFO  EvoClassLoader - Instrumenting class 'io.netty.bootstrap.ServerBootstrap'.
2024-11-12 13:43:16,328 INFO  MethodCallReplacementClassAdapter - Adding mock interface to class io/netty/bootstrap/ServerBootstrap
2024-11-12 13:43:16,328 INFO  CreateClassResetClassAdapter - Found static initializer in class io/netty/bootstrap/ServerBootstrap
2024-11-12 13:43:16,328 INFO  EvoClassLoader - Seeing class for first time: io.netty.bootstrap.AbstractBootstrap
2024-11-12 13:43:16,328 INFO  EvoClassLoader - Instrumenting class 'io.netty.bootstrap.AbstractBootstrap'.
2024-11-12 13:43:16,329 INFO  MethodCallReplacementClassAdapter - Adding mock interface to class io/netty/bootstrap/AbstractBootstrap
2024-11-12 13:43:16,329 INFO  CreateClassResetClassAdapter - Found static initializer in class io/netty/bootstrap/AbstractBootstrap
2024-11-12 13:43:16,330 INFO  EvoClassLoader - Keeping class: io.netty.bootstrap.AbstractBootstrap
2024-11-12 13:43:16,330 INFO  EvoClassLoader - Keeping class: io.netty.bootstrap.ServerBootstrap
2024-11-12 13:43:16,330 INFO  EvoClassLoader - Seeing class for first time: org.apache.hadoop.security.ssl.SSLFactory
2024-11-12 13:43:16,330 INFO  EvoClassLoader - Instrumenting class 'org.apache.hadoop.security.ssl.SSLFactory'.
2024-11-12 13:43:16,330 INFO  MethodCallReplacementClassAdapter - Adding mock interface to class org/apache/hadoop/security/ssl/SSLFactory
2024-11-12 13:43:16,333 INFO  CreateClassResetClassAdapter - Found static initializer in class org/apache/hadoop/security/ssl/SSLFactory
2024-11-12 13:43:16,334 INFO  EvoClassLoader - Defined package (3): package org.apache.hadoop.security.ssl, 17313329
2024-11-12 13:43:16,334 INFO  EvoClassLoader - Seeing class for first time: org.apache.hadoop.security.authentication.client.ConnectionConfigurator
2024-11-12 13:43:16,334 INFO  EvoClassLoader - Instrumenting class 'org.apache.hadoop.security.authentication.client.ConnectionConfigurator'.
2024-11-12 13:43:16,335 INFO  EvoClassLoader - Defined package (3): package org.apache.hadoop.security.authentication.client, 134156518
2024-11-12 13:43:16,335 INFO  EvoClassLoader - Keeping class: org.apache.hadoop.security.authentication.client.ConnectionConfigurator
2024-11-12 13:43:16,335 INFO  EvoClassLoader - Keeping class: org.apache.hadoop.security.ssl.SSLFactory
2024-11-12 13:43:16,336 INFO  EvoClassLoader - Seeing class for first time: org.apache.hadoop.hdfs.protocol.proto.HdfsServerProtos$CheckpointSignatureProto$Builder
2024-11-12 13:43:16,336 INFO  EvoClassLoader - Instrumenting class 'org.apache.hadoop.hdfs.protocol.proto.HdfsServerProtos$CheckpointSignatureProto$Builder'.
2024-11-12 13:43:16,336 INFO  MethodCallReplacementClassAdapter - Adding mock interface to class org/apache/hadoop/hdfs/protocol/proto/HdfsServerProtos$CheckpointSignatureProto$Builder
2024-11-12 13:43:16,337 INFO  CreateClassResetClassAdapter - Creating brand-new static initializer in class org/apache/hadoop/hdfs/protocol/proto/HdfsServerProtos$CheckpointSignatureProto$Builder
2024-11-12 13:43:16,337 INFO  EvoClassLoader - Keeping class: org.apache.hadoop.hdfs.protocol.proto.HdfsServerProtos$CheckpointSignatureProto$Builder
2024-11-12 13:43:16,338 INFO  EvoClassLoader - Seeing class for first time: com.ctc.wstx.sr.Attribute
2024-11-12 13:43:16,338 INFO  EvoClassLoader - Instrumenting class 'com.ctc.wstx.sr.Attribute'.
2024-11-12 13:43:16,338 INFO  MethodCallReplacementClassAdapter - Adding mock interface to class com/ctc/wstx/sr/Attribute
2024-11-12 13:43:16,339 INFO  CreateClassResetClassAdapter - Creating brand-new static initializer in class com/ctc/wstx/sr/Attribute
2024-11-12 13:43:16,339 INFO  EvoClassLoader - Keeping class: com.ctc.wstx.sr.Attribute
2024-11-12 13:43:16,339 INFO  EvoClassLoader - Seeing class for first time: com.ctc.wstx.sw.XmlWriter
2024-11-12 13:43:16,339 INFO  EvoClassLoader - Instrumenting class 'com.ctc.wstx.sw.XmlWriter'.
2024-11-12 13:43:16,339 INFO  MethodCallReplacementClassAdapter - Adding mock interface to class com/ctc/wstx/sw/XmlWriter
2024-11-12 13:43:16,340 INFO  CreateClassResetClassAdapter - Creating brand-new static initializer in class com/ctc/wstx/sw/XmlWriter
2024-11-12 13:43:16,340 INFO  CreateClassResetClassAdapter - Adding bytecode for initializing field SURR1_FIRST
2024-11-12 13:43:16,340 INFO  CreateClassResetClassAdapter - Adding bytecode for initializing field SURR1_LAST
2024-11-12 13:43:16,340 INFO  CreateClassResetClassAdapter - Adding bytecode for initializing field SURR2_FIRST
2024-11-12 13:43:16,340 INFO  CreateClassResetClassAdapter - Adding bytecode for initializing field SURR2_LAST
2024-11-12 13:43:16,340 INFO  CreateClassResetClassAdapter - Adding bytecode for initializing field DEFAULT_QUOTE_CHAR
2024-11-12 13:43:16,340 INFO  EvoClassLoader - Defined package (3): package com.ctc.wstx.sw, 1195124713
2024-11-12 13:43:16,340 INFO  EvoClassLoader - Keeping class: com.ctc.wstx.sw.XmlWriter
2024-11-12 13:43:16,340 INFO  EvoClassLoader - Seeing class for first time: com.ctc.wstx.sr.ElemAttrs
2024-11-12 13:43:16,340 INFO  EvoClassLoader - Instrumenting class 'com.ctc.wstx.sr.ElemAttrs'.
2024-11-12 13:43:16,341 INFO  MethodCallReplacementClassAdapter - Adding mock interface to class com/ctc/wstx/sr/ElemAttrs
2024-11-12 13:43:16,341 INFO  CreateClassResetClassAdapter - Creating brand-new static initializer in class com/ctc/wstx/sr/ElemAttrs
2024-11-12 13:43:16,341 INFO  CreateClassResetClassAdapter - Adding bytecode for initializing field OFFSET_NS_URI
2024-11-12 13:43:16,341 INFO  EvoClassLoader - Keeping class: com.ctc.wstx.sr.ElemAttrs
2024-11-12 13:43:16,341 INFO  EvoClassLoader - Seeing class for first time: org.apache.hadoop.hdfs.server.protocol.SlowDiskReports$DiskOp
2024-11-12 13:43:16,341 INFO  EvoClassLoader - Instrumenting class 'org.apache.hadoop.hdfs.server.protocol.SlowDiskReports$DiskOp'.
2024-11-12 13:43:16,341 INFO  MethodCallReplacementClassAdapter - Adding mock interface to class org/apache/hadoop/hdfs/server/protocol/SlowDiskReports$DiskOp
2024-11-12 13:43:16,341 INFO  CreateClassResetClassAdapter - Found static initializer in class org/apache/hadoop/hdfs/server/protocol/SlowDiskReports$DiskOp
2024-11-12 13:43:16,342 INFO  EvoClassLoader - Keeping class: org.apache.hadoop.hdfs.server.protocol.SlowDiskReports$DiskOp
2024-11-12 13:43:16,342 INFO  EvoClassLoader - Seeing class for first time: org.apache.hadoop.thirdparty.protobuf.Extension$MessageType
2024-11-12 13:43:16,342 INFO  EvoClassLoader - Instrumenting class 'org.apache.hadoop.thirdparty.protobuf.Extension$MessageType'.
2024-11-12 13:43:16,342 INFO  MethodCallReplacementClassAdapter - Adding mock interface to class org/apache/hadoop/thirdparty/protobuf/Extension$MessageType
2024-11-12 13:43:16,342 INFO  CreateClassResetClassAdapter - Found static initializer in class org/apache/hadoop/thirdparty/protobuf/Extension$MessageType
2024-11-12 13:43:16,342 INFO  EvoClassLoader - Keeping class: org.apache.hadoop.thirdparty.protobuf.Extension$MessageType
2024-11-12 13:43:16,344 INFO  EvoClassLoader - Seeing class for first time: org.apache.hadoop.thirdparty.com.google.common.collect.MapMaker$Dummy
2024-11-12 13:43:16,344 INFO  EvoClassLoader - Instrumenting class 'org.apache.hadoop.thirdparty.com.google.common.collect.MapMaker$Dummy'.
2024-11-12 13:43:16,345 INFO  MethodCallReplacementClassAdapter - Adding mock interface to class org/apache/hadoop/thirdparty/com/google/common/collect/MapMaker$Dummy
2024-11-12 13:43:16,345 INFO  CreateClassResetClassAdapter - Found static initializer in class org/apache/hadoop/thirdparty/com/google/common/collect/MapMaker$Dummy
2024-11-12 13:43:16,345 INFO  EvoClassLoader - Keeping class: org.apache.hadoop.thirdparty.com.google.common.collect.MapMaker$Dummy
2024-11-12 13:43:16,346 INFO  EvoClassLoader - Seeing class for first time: org.apache.hadoop.ipc.StandbyException
2024-11-12 13:43:16,346 INFO  EvoClassLoader - Instrumenting class 'org.apache.hadoop.ipc.StandbyException'.
2024-11-12 13:43:16,346 INFO  MethodCallReplacementClassAdapter - Adding mock interface to class org/apache/hadoop/ipc/StandbyException
2024-11-12 13:43:16,346 INFO  CreateClassResetClassAdapter - Creating brand-new static initializer in class org/apache/hadoop/ipc/StandbyException
2024-11-12 13:43:16,346 INFO  EvoClassLoader - Keeping class: org.apache.hadoop.ipc.StandbyException
2024-11-12 13:43:16,347 INFO  EvoClassLoader - Seeing class for first time: org.apache.hadoop.thirdparty.protobuf.DescriptorProtos$OneofOptions$Builder
2024-11-12 13:43:16,347 INFO  EvoClassLoader - Instrumenting class 'org.apache.hadoop.thirdparty.protobuf.DescriptorProtos$OneofOptions$Builder'.
2024-11-12 13:43:16,348 INFO  MethodCallReplacementClassAdapter - Adding mock interface to class org/apache/hadoop/thirdparty/protobuf/DescriptorProtos$OneofOptions$Builder
2024-11-12 13:43:16,350 INFO  CreateClassResetClassAdapter - Creating brand-new static initializer in class org/apache/hadoop/thirdparty/protobuf/DescriptorProtos$OneofOptions$Builder
2024-11-12 13:43:16,351 INFO  EvoClassLoader - Keeping class: org.apache.hadoop.thirdparty.protobuf.DescriptorProtos$OneofOptions$Builder
2024-11-12 13:43:16,352 INFO  EvoClassLoader - Seeing class for first time: org.apache.hadoop.hdfs.server.protocol.SlowPeerReports
2024-11-12 13:43:16,352 INFO  EvoClassLoader - Instrumenting class 'org.apache.hadoop.hdfs.server.protocol.SlowPeerReports'.
2024-11-12 13:43:16,352 INFO  MethodCallReplacementClassAdapter - Adding mock interface to class org/apache/hadoop/hdfs/server/protocol/SlowPeerReports
2024-11-12 13:43:16,352 INFO  CreateClassResetClassAdapter - Found static initializer in class org/apache/hadoop/hdfs/server/protocol/SlowPeerReports
2024-11-12 13:43:16,353 INFO  EvoClassLoader - Keeping class: org.apache.hadoop.hdfs.server.protocol.SlowPeerReports
2024-11-12 13:43:16,353 INFO  EvoClassLoader - Seeing class for first time: org.apache.hadoop.hdfs.server.protocol.SlowDiskReports
2024-11-12 13:43:16,353 INFO  EvoClassLoader - Instrumenting class 'org.apache.hadoop.hdfs.server.protocol.SlowDiskReports'.
2024-11-12 13:43:16,353 INFO  MethodCallReplacementClassAdapter - Adding mock interface to class org/apache/hadoop/hdfs/server/protocol/SlowDiskReports
2024-11-12 13:43:16,353 INFO  CreateClassResetClassAdapter - Found static initializer in class org/apache/hadoop/hdfs/server/protocol/SlowDiskReports
2024-11-12 13:43:16,353 INFO  EvoClassLoader - Keeping class: org.apache.hadoop.hdfs.server.protocol.SlowDiskReports
2024-11-12 13:43:16,353 INFO  EvoClassLoader - Seeing class for first time: org.apache.hadoop.hdfs.server.protocol.HeartbeatResponse
2024-11-12 13:43:16,353 INFO  EvoClassLoader - Instrumenting class 'org.apache.hadoop.hdfs.server.protocol.HeartbeatResponse'.
2024-11-12 13:43:16,353 INFO  MethodCallReplacementClassAdapter - Adding mock interface to class org/apache/hadoop/hdfs/server/protocol/HeartbeatResponse
2024-11-12 13:43:16,353 INFO  CreateClassResetClassAdapter - Creating brand-new static initializer in class org/apache/hadoop/hdfs/server/protocol/HeartbeatResponse
2024-11-12 13:43:16,354 INFO  EvoClassLoader - Keeping class: org.apache.hadoop.hdfs.server.protocol.HeartbeatResponse
2024-11-12 13:43:16,354 INFO  EvoClassLoader - Seeing class for first time: org.apache.hadoop.hdfs.server.protocol.StorageBlockReport
2024-11-12 13:43:16,354 INFO  EvoClassLoader - Instrumenting class 'org.apache.hadoop.hdfs.server.protocol.StorageBlockReport'.
2024-11-12 13:43:16,354 INFO  MethodCallReplacementClassAdapter - Adding mock interface to class org/apache/hadoop/hdfs/server/protocol/StorageBlockReport
2024-11-12 13:43:16,354 INFO  CreateClassResetClassAdapter - Creating brand-new static initializer in class org/apache/hadoop/hdfs/server/protocol/StorageBlockReport
2024-11-12 13:43:16,354 INFO  EvoClassLoader - Keeping class: org.apache.hadoop.hdfs.server.protocol.StorageBlockReport
2024-11-12 13:43:16,354 INFO  EvoClassLoader - Seeing class for first time: org.apache.hadoop.hdfs.server.protocol.BlockReportContext
2024-11-12 13:43:16,354 INFO  EvoClassLoader - Instrumenting class 'org.apache.hadoop.hdfs.server.protocol.BlockReportContext'.
2024-11-12 13:43:16,354 INFO  MethodCallReplacementClassAdapter - Adding mock interface to class org/apache/hadoop/hdfs/server/protocol/BlockReportContext
2024-11-12 13:43:16,354 INFO  CreateClassResetClassAdapter - Creating brand-new static initializer in class org/apache/hadoop/hdfs/server/protocol/BlockReportContext
2024-11-12 13:43:16,354 INFO  EvoClassLoader - Keeping class: org.apache.hadoop.hdfs.server.protocol.BlockReportContext
2024-11-12 13:43:16,354 INFO  EvoClassLoader - Seeing class for first time: org.apache.hadoop.hdfs.server.protocol.StorageReceivedDeletedBlocks
2024-11-12 13:43:16,354 INFO  EvoClassLoader - Instrumenting class 'org.apache.hadoop.hdfs.server.protocol.StorageReceivedDeletedBlocks'.
2024-11-12 13:43:16,354 INFO  MethodCallReplacementClassAdapter - Adding mock interface to class org/apache/hadoop/hdfs/server/protocol/StorageReceivedDeletedBlocks
2024-11-12 13:43:16,354 INFO  CreateClassResetClassAdapter - Creating brand-new static initializer in class org/apache/hadoop/hdfs/server/protocol/StorageReceivedDeletedBlocks
2024-11-12 13:43:16,355 INFO  EvoClassLoader - Keeping class: org.apache.hadoop.hdfs.server.protocol.StorageReceivedDeletedBlocks
2024-11-12 13:43:16,355 INFO  EvoClassLoader - Seeing class for first time: org.apache.hadoop.hdfs.protocol.proto.DatanodeProtocolProtos$HeartbeatResponseProto
2024-11-12 13:43:16,355 INFO  EvoClassLoader - Instrumenting class 'org.apache.hadoop.hdfs.protocol.proto.DatanodeProtocolProtos$HeartbeatResponseProto'.
2024-11-12 13:43:16,355 INFO  MethodCallReplacementClassAdapter - Adding mock interface to class org/apache/hadoop/hdfs/protocol/proto/DatanodeProtocolProtos$HeartbeatResponseProto
2024-11-12 13:43:16,355 INFO  CreateClassResetClassAdapter - Found static initializer in class org/apache/hadoop/hdfs/protocol/proto/DatanodeProtocolProtos$HeartbeatResponseProto
2024-11-12 13:43:16,356 INFO  EvoClassLoader - Seeing class for first time: org.apache.hadoop.hdfs.protocol.proto.DatanodeProtocolProtos$HeartbeatResponseProtoOrBuilder
2024-11-12 13:43:16,356 INFO  EvoClassLoader - Instrumenting class 'org.apache.hadoop.hdfs.protocol.proto.DatanodeProtocolProtos$HeartbeatResponseProtoOrBuilder'.
2024-11-12 13:43:16,356 INFO  EvoClassLoader - Keeping class: org.apache.hadoop.hdfs.protocol.proto.DatanodeProtocolProtos$HeartbeatResponseProtoOrBuilder
2024-11-12 13:43:16,356 INFO  EvoClassLoader - Keeping class: org.apache.hadoop.hdfs.protocol.proto.DatanodeProtocolProtos$HeartbeatResponseProto
2024-11-12 13:43:16,356 INFO  EvoClassLoader - Seeing class for first time: org.apache.hadoop.hdfs.protocol.proto.DatanodeProtocolProtos$BlockReportRequestProto$Builder
2024-11-12 13:43:16,356 INFO  EvoClassLoader - Instrumenting class 'org.apache.hadoop.hdfs.protocol.proto.DatanodeProtocolProtos$BlockReportRequestProto$Builder'.
2024-11-12 13:43:16,357 INFO  MethodCallReplacementClassAdapter - Adding mock interface to class org/apache/hadoop/hdfs/protocol/proto/DatanodeProtocolProtos$BlockReportRequestProto$Builder
2024-11-12 13:43:16,358 INFO  CreateClassResetClassAdapter - Creating brand-new static initializer in class org/apache/hadoop/hdfs/protocol/proto/DatanodeProtocolProtos$BlockReportRequestProto$Builder
2024-11-12 13:43:16,358 INFO  EvoClassLoader - Seeing class for first time: org.apache.hadoop.hdfs.protocol.proto.DatanodeProtocolProtos$BlockReportRequestProtoOrBuilder
2024-11-12 13:43:16,358 INFO  EvoClassLoader - Instrumenting class 'org.apache.hadoop.hdfs.protocol.proto.DatanodeProtocolProtos$BlockReportRequestProtoOrBuilder'.
2024-11-12 13:43:16,359 INFO  EvoClassLoader - Keeping class: org.apache.hadoop.hdfs.protocol.proto.DatanodeProtocolProtos$BlockReportRequestProtoOrBuilder
2024-11-12 13:43:16,359 INFO  EvoClassLoader - Keeping class: org.apache.hadoop.hdfs.protocol.proto.DatanodeProtocolProtos$BlockReportRequestProto$Builder
2024-11-12 13:43:16,359 INFO  EvoClassLoader - Seeing class for first time: org.apache.hadoop.hdfs.protocol.proto.DatanodeProtocolProtos$BlockReportResponseProto
2024-11-12 13:43:16,359 INFO  EvoClassLoader - Instrumenting class 'org.apache.hadoop.hdfs.protocol.proto.DatanodeProtocolProtos$BlockReportResponseProto'.
2024-11-12 13:43:16,359 INFO  MethodCallReplacementClassAdapter - Adding mock interface to class org/apache/hadoop/hdfs/protocol/proto/DatanodeProtocolProtos$BlockReportResponseProto
2024-11-12 13:43:16,359 INFO  CreateClassResetClassAdapter - Found static initializer in class org/apache/hadoop/hdfs/protocol/proto/DatanodeProtocolProtos$BlockReportResponseProto
2024-11-12 13:43:16,360 INFO  EvoClassLoader - Seeing class for first time: org.apache.hadoop.hdfs.protocol.proto.DatanodeProtocolProtos$BlockReportResponseProtoOrBuilder
2024-11-12 13:43:16,360 INFO  EvoClassLoader - Instrumenting class 'org.apache.hadoop.hdfs.protocol.proto.DatanodeProtocolProtos$BlockReportResponseProtoOrBuilder'.
2024-11-12 13:43:16,360 INFO  EvoClassLoader - Keeping class: org.apache.hadoop.hdfs.protocol.proto.DatanodeProtocolProtos$BlockReportResponseProtoOrBuilder
2024-11-12 13:43:16,360 INFO  EvoClassLoader - Keeping class: org.apache.hadoop.hdfs.protocol.proto.DatanodeProtocolProtos$BlockReportResponseProto
2024-11-12 13:43:16,360 INFO  EvoClassLoader - Seeing class for first time: org.apache.hadoop.hdfs.protocol.proto.DatanodeProtocolProtos$CacheReportRequestProto$Builder
2024-11-12 13:43:16,360 INFO  EvoClassLoader - Instrumenting class 'org.apache.hadoop.hdfs.protocol.proto.DatanodeProtocolProtos$CacheReportRequestProto$Builder'.
2024-11-12 13:43:16,360 INFO  MethodCallReplacementClassAdapter - Adding mock interface to class org/apache/hadoop/hdfs/protocol/proto/DatanodeProtocolProtos$CacheReportRequestProto$Builder
2024-11-12 13:43:16,362 INFO  CreateClassResetClassAdapter - Creating brand-new static initializer in class org/apache/hadoop/hdfs/protocol/proto/DatanodeProtocolProtos$CacheReportRequestProto$Builder
2024-11-12 13:43:16,362 INFO  EvoClassLoader - Seeing class for first time: org.apache.hadoop.hdfs.protocol.proto.DatanodeProtocolProtos$CacheReportRequestProtoOrBuilder
2024-11-12 13:43:16,362 INFO  EvoClassLoader - Instrumenting class 'org.apache.hadoop.hdfs.protocol.proto.DatanodeProtocolProtos$CacheReportRequestProtoOrBuilder'.
2024-11-12 13:43:16,362 INFO  EvoClassLoader - Keeping class: org.apache.hadoop.hdfs.protocol.proto.DatanodeProtocolProtos$CacheReportRequestProtoOrBuilder
2024-11-12 13:43:16,362 INFO  EvoClassLoader - Keeping class: org.apache.hadoop.hdfs.protocol.proto.DatanodeProtocolProtos$CacheReportRequestProto$Builder
2024-11-12 13:43:16,362 INFO  EvoClassLoader - Seeing class for first time: org.apache.hadoop.hdfs.protocol.proto.DatanodeProtocolProtos$CacheReportResponseProto
2024-11-12 13:43:16,362 INFO  EvoClassLoader - Instrumenting class 'org.apache.hadoop.hdfs.protocol.proto.DatanodeProtocolProtos$CacheReportResponseProto'.
2024-11-12 13:43:16,363 INFO  MethodCallReplacementClassAdapter - Adding mock interface to class org/apache/hadoop/hdfs/protocol/proto/DatanodeProtocolProtos$CacheReportResponseProto
2024-11-12 13:43:16,363 INFO  CreateClassResetClassAdapter - Found static initializer in class org/apache/hadoop/hdfs/protocol/proto/DatanodeProtocolProtos$CacheReportResponseProto
2024-11-12 13:43:16,363 INFO  EvoClassLoader - Seeing class for first time: org.apache.hadoop.hdfs.protocol.proto.DatanodeProtocolProtos$CacheReportResponseProtoOrBuilder
2024-11-12 13:43:16,363 INFO  EvoClassLoader - Instrumenting class 'org.apache.hadoop.hdfs.protocol.proto.DatanodeProtocolProtos$CacheReportResponseProtoOrBuilder'.
2024-11-12 13:43:16,363 INFO  EvoClassLoader - Keeping class: org.apache.hadoop.hdfs.protocol.proto.DatanodeProtocolProtos$CacheReportResponseProtoOrBuilder
2024-11-12 13:43:16,363 INFO  EvoClassLoader - Keeping class: org.apache.hadoop.hdfs.protocol.proto.DatanodeProtocolProtos$CacheReportResponseProto
2024-11-12 13:43:16,363 INFO  EvoClassLoader - Seeing class for first time: org.apache.hadoop.hdfs.protocol.proto.DatanodeProtocolProtos$BlockReceivedAndDeletedRequestProto$Builder
2024-11-12 13:43:16,364 INFO  EvoClassLoader - Instrumenting class 'org.apache.hadoop.hdfs.protocol.proto.DatanodeProtocolProtos$BlockReceivedAndDeletedRequestProto$Builder'.
2024-11-12 13:43:16,364 INFO  MethodCallReplacementClassAdapter - Adding mock interface to class org/apache/hadoop/hdfs/protocol/proto/DatanodeProtocolProtos$BlockReceivedAndDeletedRequestProto$Builder
2024-11-12 13:43:16,365 INFO  CreateClassResetClassAdapter - Creating brand-new static initializer in class org/apache/hadoop/hdfs/protocol/proto/DatanodeProtocolProtos$BlockReceivedAndDeletedRequestProto$Builder
2024-11-12 13:43:16,366 INFO  EvoClassLoader - Seeing class for first time: org.apache.hadoop.hdfs.protocol.proto.DatanodeProtocolProtos$BlockReceivedAndDeletedRequestProtoOrBuilder
2024-11-12 13:43:16,366 INFO  EvoClassLoader - Instrumenting class 'org.apache.hadoop.hdfs.protocol.proto.DatanodeProtocolProtos$BlockReceivedAndDeletedRequestProtoOrBuilder'.
2024-11-12 13:43:16,366 INFO  EvoClassLoader - Keeping class: org.apache.hadoop.hdfs.protocol.proto.DatanodeProtocolProtos$BlockReceivedAndDeletedRequestProtoOrBuilder
2024-11-12 13:43:16,366 INFO  EvoClassLoader - Keeping class: org.apache.hadoop.hdfs.protocol.proto.DatanodeProtocolProtos$BlockReceivedAndDeletedRequestProto$Builder
2024-11-12 13:43:16,367 INFO  EvoClassLoader - Seeing class for first time: org.apache.hadoop.hdfs.protocol.proto.DatanodeProtocolProtos$BlockReceivedAndDeletedResponseProto
2024-11-12 13:43:16,367 INFO  EvoClassLoader - Instrumenting class 'org.apache.hadoop.hdfs.protocol.proto.DatanodeProtocolProtos$BlockReceivedAndDeletedResponseProto'.
2024-11-12 13:43:16,367 INFO  MethodCallReplacementClassAdapter - Adding mock interface to class org/apache/hadoop/hdfs/protocol/proto/DatanodeProtocolProtos$BlockReceivedAndDeletedResponseProto
2024-11-12 13:43:16,367 INFO  CreateClassResetClassAdapter - Found static initializer in class org/apache/hadoop/hdfs/protocol/proto/DatanodeProtocolProtos$BlockReceivedAndDeletedResponseProto
2024-11-12 13:43:16,367 INFO  EvoClassLoader - Seeing class for first time: org.apache.hadoop.hdfs.protocol.proto.DatanodeProtocolProtos$BlockReceivedAndDeletedResponseProtoOrBuilder
2024-11-12 13:43:16,367 INFO  EvoClassLoader - Instrumenting class 'org.apache.hadoop.hdfs.protocol.proto.DatanodeProtocolProtos$BlockReceivedAndDeletedResponseProtoOrBuilder'.
2024-11-12 13:43:16,367 INFO  EvoClassLoader - Keeping class: org.apache.hadoop.hdfs.protocol.proto.DatanodeProtocolProtos$BlockReceivedAndDeletedResponseProtoOrBuilder
2024-11-12 13:43:16,368 INFO  EvoClassLoader - Keeping class: org.apache.hadoop.hdfs.protocol.proto.DatanodeProtocolProtos$BlockReceivedAndDeletedResponseProto
2024-11-12 13:43:16,368 INFO  EvoClassLoader - Seeing class for first time: org.apache.hadoop.hdfs.protocol.proto.DatanodeProtocolProtos$ErrorReportRequestProto
2024-11-12 13:43:16,368 INFO  EvoClassLoader - Instrumenting class 'org.apache.hadoop.hdfs.protocol.proto.DatanodeProtocolProtos$ErrorReportRequestProto'.
2024-11-12 13:43:16,368 INFO  MethodCallReplacementClassAdapter - Adding mock interface to class org/apache/hadoop/hdfs/protocol/proto/DatanodeProtocolProtos$ErrorReportRequestProto
2024-11-12 13:43:16,368 INFO  CreateClassResetClassAdapter - Found static initializer in class org/apache/hadoop/hdfs/protocol/proto/DatanodeProtocolProtos$ErrorReportRequestProto
2024-11-12 13:43:16,368 INFO  EvoClassLoader - Seeing class for first time: org.apache.hadoop.hdfs.protocol.proto.DatanodeProtocolProtos$ErrorReportRequestProtoOrBuilder
2024-11-12 13:43:16,368 INFO  EvoClassLoader - Instrumenting class 'org.apache.hadoop.hdfs.protocol.proto.DatanodeProtocolProtos$ErrorReportRequestProtoOrBuilder'.
2024-11-12 13:43:16,369 INFO  EvoClassLoader - Keeping class: org.apache.hadoop.hdfs.protocol.proto.DatanodeProtocolProtos$ErrorReportRequestProtoOrBuilder
2024-11-12 13:43:16,369 INFO  EvoClassLoader - Keeping class: org.apache.hadoop.hdfs.protocol.proto.DatanodeProtocolProtos$ErrorReportRequestProto
2024-11-12 13:43:16,369 INFO  EvoClassLoader - Seeing class for first time: org.apache.hadoop.hdfs.protocol.proto.DatanodeProtocolProtos$ErrorReportResponseProto
2024-11-12 13:43:16,369 INFO  EvoClassLoader - Instrumenting class 'org.apache.hadoop.hdfs.protocol.proto.DatanodeProtocolProtos$ErrorReportResponseProto'.
2024-11-12 13:43:16,369 INFO  MethodCallReplacementClassAdapter - Adding mock interface to class org/apache/hadoop/hdfs/protocol/proto/DatanodeProtocolProtos$ErrorReportResponseProto
2024-11-12 13:43:16,369 INFO  CreateClassResetClassAdapter - Found static initializer in class org/apache/hadoop/hdfs/protocol/proto/DatanodeProtocolProtos$ErrorReportResponseProto
2024-11-12 13:43:16,369 INFO  EvoClassLoader - Seeing class for first time: org.apache.hadoop.hdfs.protocol.proto.DatanodeProtocolProtos$ErrorReportResponseProtoOrBuilder
2024-11-12 13:43:16,369 INFO  EvoClassLoader - Instrumenting class 'org.apache.hadoop.hdfs.protocol.proto.DatanodeProtocolProtos$ErrorReportResponseProtoOrBuilder'.
2024-11-12 13:43:16,369 INFO  EvoClassLoader - Keeping class: org.apache.hadoop.hdfs.protocol.proto.DatanodeProtocolProtos$ErrorReportResponseProtoOrBuilder
2024-11-12 13:43:16,369 INFO  EvoClassLoader - Keeping class: org.apache.hadoop.hdfs.protocol.proto.DatanodeProtocolProtos$ErrorReportResponseProto
2024-11-12 13:43:16,369 INFO  EvoClassLoader - Seeing class for first time: org.apache.hadoop.hdfs.protocol.proto.DatanodeProtocolProtos$ReportBadBlocksRequestProto
2024-11-12 13:43:16,369 INFO  EvoClassLoader - Instrumenting class 'org.apache.hadoop.hdfs.protocol.proto.DatanodeProtocolProtos$ReportBadBlocksRequestProto'.
2024-11-12 13:43:16,370 INFO  MethodCallReplacementClassAdapter - Adding mock interface to class org/apache/hadoop/hdfs/protocol/proto/DatanodeProtocolProtos$ReportBadBlocksRequestProto
2024-11-12 13:43:16,370 INFO  CreateClassResetClassAdapter - Found static initializer in class org/apache/hadoop/hdfs/protocol/proto/DatanodeProtocolProtos$ReportBadBlocksRequestProto
2024-11-12 13:43:16,370 INFO  EvoClassLoader - Seeing class for first time: org.apache.hadoop.hdfs.protocol.proto.DatanodeProtocolProtos$ReportBadBlocksRequestProtoOrBuilder
2024-11-12 13:43:16,370 INFO  EvoClassLoader - Instrumenting class 'org.apache.hadoop.hdfs.protocol.proto.DatanodeProtocolProtos$ReportBadBlocksRequestProtoOrBuilder'.
2024-11-12 13:43:16,370 INFO  EvoClassLoader - Keeping class: org.apache.hadoop.hdfs.protocol.proto.DatanodeProtocolProtos$ReportBadBlocksRequestProtoOrBuilder
2024-11-12 13:43:16,370 INFO  EvoClassLoader - Keeping class: org.apache.hadoop.hdfs.protocol.proto.DatanodeProtocolProtos$ReportBadBlocksRequestProto
2024-11-12 13:43:16,370 INFO  EvoClassLoader - Seeing class for first time: org.apache.hadoop.hdfs.protocol.proto.DatanodeProtocolProtos$ReportBadBlocksResponseProto
2024-11-12 13:43:16,370 INFO  EvoClassLoader - Instrumenting class 'org.apache.hadoop.hdfs.protocol.proto.DatanodeProtocolProtos$ReportBadBlocksResponseProto'.
2024-11-12 13:43:16,370 INFO  MethodCallReplacementClassAdapter - Adding mock interface to class org/apache/hadoop/hdfs/protocol/proto/DatanodeProtocolProtos$ReportBadBlocksResponseProto
2024-11-12 13:43:16,371 INFO  CreateClassResetClassAdapter - Found static initializer in class org/apache/hadoop/hdfs/protocol/proto/DatanodeProtocolProtos$ReportBadBlocksResponseProto
2024-11-12 13:43:16,371 INFO  EvoClassLoader - Seeing class for first time: org.apache.hadoop.hdfs.protocol.proto.DatanodeProtocolProtos$ReportBadBlocksResponseProtoOrBuilder
2024-11-12 13:43:16,371 INFO  EvoClassLoader - Instrumenting class 'org.apache.hadoop.hdfs.protocol.proto.DatanodeProtocolProtos$ReportBadBlocksResponseProtoOrBuilder'.
2024-11-12 13:43:16,371 INFO  EvoClassLoader - Keeping class: org.apache.hadoop.hdfs.protocol.proto.DatanodeProtocolProtos$ReportBadBlocksResponseProtoOrBuilder
2024-11-12 13:43:16,371 INFO  EvoClassLoader - Keeping class: org.apache.hadoop.hdfs.protocol.proto.DatanodeProtocolProtos$ReportBadBlocksResponseProto
2024-11-12 13:43:16,371 INFO  EvoClassLoader - Seeing class for first time: org.apache.hadoop.hdfs.protocol.proto.DatanodeProtocolProtos$CommitBlockSynchronizationRequestProto
2024-11-12 13:43:16,371 INFO  EvoClassLoader - Instrumenting class 'org.apache.hadoop.hdfs.protocol.proto.DatanodeProtocolProtos$CommitBlockSynchronizationRequestProto'.
2024-11-12 13:43:16,371 INFO  MethodCallReplacementClassAdapter - Adding mock interface to class org/apache/hadoop/hdfs/protocol/proto/DatanodeProtocolProtos$CommitBlockSynchronizationRequestProto
2024-11-12 13:43:16,372 INFO  CreateClassResetClassAdapter - Found static initializer in class org/apache/hadoop/hdfs/protocol/proto/DatanodeProtocolProtos$CommitBlockSynchronizationRequestProto
2024-11-12 13:43:16,372 INFO  EvoClassLoader - Seeing class for first time: org.apache.hadoop.hdfs.protocol.proto.DatanodeProtocolProtos$CommitBlockSynchronizationRequestProtoOrBuilder
2024-11-12 13:43:16,372 INFO  EvoClassLoader - Instrumenting class 'org.apache.hadoop.hdfs.protocol.proto.DatanodeProtocolProtos$CommitBlockSynchronizationRequestProtoOrBuilder'.
2024-11-12 13:43:16,372 INFO  EvoClassLoader - Keeping class: org.apache.hadoop.hdfs.protocol.proto.DatanodeProtocolProtos$CommitBlockSynchronizationRequestProtoOrBuilder
2024-11-12 13:43:16,372 INFO  EvoClassLoader - Keeping class: org.apache.hadoop.hdfs.protocol.proto.DatanodeProtocolProtos$CommitBlockSynchronizationRequestProto
2024-11-12 13:43:16,372 INFO  EvoClassLoader - Seeing class for first time: org.apache.hadoop.hdfs.protocol.proto.DatanodeProtocolProtos$CommitBlockSynchronizationResponseProto
2024-11-12 13:43:16,372 INFO  EvoClassLoader - Instrumenting class 'org.apache.hadoop.hdfs.protocol.proto.DatanodeProtocolProtos$CommitBlockSynchronizationResponseProto'.
2024-11-12 13:43:16,387 INFO  MethodCallReplacementClassAdapter - Adding mock interface to class org/apache/hadoop/hdfs/protocol/proto/DatanodeProtocolProtos$CommitBlockSynchronizationResponseProto
2024-11-12 13:43:16,388 INFO  CreateClassResetClassAdapter - Found static initializer in class org/apache/hadoop/hdfs/protocol/proto/DatanodeProtocolProtos$CommitBlockSynchronizationResponseProto
2024-11-12 13:43:16,388 INFO  EvoClassLoader - Seeing class for first time: org.apache.hadoop.hdfs.protocol.proto.DatanodeProtocolProtos$CommitBlockSynchronizationResponseProtoOrBuilder
2024-11-12 13:43:16,388 INFO  EvoClassLoader - Instrumenting class 'org.apache.hadoop.hdfs.protocol.proto.DatanodeProtocolProtos$CommitBlockSynchronizationResponseProtoOrBuilder'.
2024-11-12 13:43:16,389 INFO  EvoClassLoader - Keeping class: org.apache.hadoop.hdfs.protocol.proto.DatanodeProtocolProtos$CommitBlockSynchronizationResponseProtoOrBuilder
2024-11-12 13:43:16,389 INFO  EvoClassLoader - Keeping class: org.apache.hadoop.hdfs.protocol.proto.DatanodeProtocolProtos$CommitBlockSynchronizationResponseProto
2024-11-12 13:43:16,389 INFO  EvoClassLoader - Seeing class for first time: org.apache.hadoop.hdfs.protocolPB.DatanodeProtocolPB
2024-11-12 13:43:16,389 INFO  EvoClassLoader - Instrumenting class 'org.apache.hadoop.hdfs.protocolPB.DatanodeProtocolPB'.
2024-11-12 13:43:16,389 INFO  EvoClassLoader - Seeing class for first time: org.apache.hadoop.hdfs.protocol.proto.DatanodeProtocolProtos$DatanodeProtocolService$BlockingInterface
2024-11-12 13:43:16,389 INFO  EvoClassLoader - Instrumenting class 'org.apache.hadoop.hdfs.protocol.proto.DatanodeProtocolProtos$DatanodeProtocolService$BlockingInterface'.
2024-11-12 13:43:16,389 INFO  EvoClassLoader - Keeping class: org.apache.hadoop.hdfs.protocol.proto.DatanodeProtocolProtos$DatanodeProtocolService$BlockingInterface
2024-11-12 13:43:16,389 INFO  EvoClassLoader - Keeping class: org.apache.hadoop.hdfs.protocolPB.DatanodeProtocolPB
2024-11-12 13:43:16,389 INFO  EvoClassLoader - Seeing class for first time: org.apache.hadoop.hdfs.protocol.proto.DatanodeProtocolProtos$RegisterDatanodeRequestProto$Builder
2024-11-12 13:43:16,389 INFO  EvoClassLoader - Instrumenting class 'org.apache.hadoop.hdfs.protocol.proto.DatanodeProtocolProtos$RegisterDatanodeRequestProto$Builder'.
2024-11-12 13:43:16,389 INFO  MethodCallReplacementClassAdapter - Adding mock interface to class org/apache/hadoop/hdfs/protocol/proto/DatanodeProtocolProtos$RegisterDatanodeRequestProto$Builder
2024-11-12 13:43:16,390 INFO  CreateClassResetClassAdapter - Creating brand-new static initializer in class org/apache/hadoop/hdfs/protocol/proto/DatanodeProtocolProtos$RegisterDatanodeRequestProto$Builder
2024-11-12 13:43:16,390 INFO  EvoClassLoader - Seeing class for first time: org.apache.hadoop.hdfs.protocol.proto.DatanodeProtocolProtos$RegisterDatanodeRequestProtoOrBuilder
2024-11-12 13:43:16,390 INFO  EvoClassLoader - Instrumenting class 'org.apache.hadoop.hdfs.protocol.proto.DatanodeProtocolProtos$RegisterDatanodeRequestProtoOrBuilder'.
2024-11-12 13:43:16,391 INFO  EvoClassLoader - Keeping class: org.apache.hadoop.hdfs.protocol.proto.DatanodeProtocolProtos$RegisterDatanodeRequestProtoOrBuilder
2024-11-12 13:43:16,391 INFO  EvoClassLoader - Keeping class: org.apache.hadoop.hdfs.protocol.proto.DatanodeProtocolProtos$RegisterDatanodeRequestProto$Builder
2024-11-12 13:43:16,391 INFO  EvoClassLoader - Seeing class for first time: org.apache.hadoop.hdfs.protocol.proto.DatanodeProtocolProtos$RegisterDatanodeResponseProto
2024-11-12 13:43:16,391 INFO  EvoClassLoader - Instrumenting class 'org.apache.hadoop.hdfs.protocol.proto.DatanodeProtocolProtos$RegisterDatanodeResponseProto'.
2024-11-12 13:43:16,391 INFO  MethodCallReplacementClassAdapter - Adding mock interface to class org/apache/hadoop/hdfs/protocol/proto/DatanodeProtocolProtos$RegisterDatanodeResponseProto
2024-11-12 13:43:16,391 INFO  CreateClassResetClassAdapter - Found static initializer in class org/apache/hadoop/hdfs/protocol/proto/DatanodeProtocolProtos$RegisterDatanodeResponseProto
2024-11-12 13:43:16,391 INFO  EvoClassLoader - Seeing class for first time: org.apache.hadoop.hdfs.protocol.proto.DatanodeProtocolProtos$RegisterDatanodeResponseProtoOrBuilder
2024-11-12 13:43:16,391 INFO  EvoClassLoader - Instrumenting class 'org.apache.hadoop.hdfs.protocol.proto.DatanodeProtocolProtos$RegisterDatanodeResponseProtoOrBuilder'.
2024-11-12 13:43:16,392 INFO  EvoClassLoader - Keeping class: org.apache.hadoop.hdfs.protocol.proto.DatanodeProtocolProtos$RegisterDatanodeResponseProtoOrBuilder
2024-11-12 13:43:16,392 INFO  EvoClassLoader - Keeping class: org.apache.hadoop.hdfs.protocol.proto.DatanodeProtocolProtos$RegisterDatanodeResponseProto
2024-11-12 13:43:16,392 INFO  EvoClassLoader - Seeing class for first time: org.apache.hadoop.hdfs.protocol.BlockType
2024-11-12 13:43:16,392 INFO  EvoClassLoader - Instrumenting class 'org.apache.hadoop.hdfs.protocol.BlockType'.
2024-11-12 13:43:16,392 INFO  MethodCallReplacementClassAdapter - Adding mock interface to class org/apache/hadoop/hdfs/protocol/BlockType
2024-11-12 13:43:16,392 INFO  CreateClassResetClassAdapter - Found static initializer in class org/apache/hadoop/hdfs/protocol/BlockType
2024-11-12 13:43:16,392 INFO  EvoClassLoader - Keeping class: org.apache.hadoop.hdfs.protocol.BlockType
2024-11-12 13:43:16,393 INFO  EvoClassLoader - Seeing class for first time: org.apache.hadoop.thirdparty.protobuf.DescriptorProtos$UninterpretedOption$NamePart$Builder
2024-11-12 13:43:16,393 INFO  EvoClassLoader - Instrumenting class 'org.apache.hadoop.thirdparty.protobuf.DescriptorProtos$UninterpretedOption$NamePart$Builder'.
2024-11-12 13:43:16,393 INFO  MethodCallReplacementClassAdapter - Adding mock interface to class org/apache/hadoop/thirdparty/protobuf/DescriptorProtos$UninterpretedOption$NamePart$Builder
2024-11-12 13:43:16,393 INFO  CreateClassResetClassAdapter - Creating brand-new static initializer in class org/apache/hadoop/thirdparty/protobuf/DescriptorProtos$UninterpretedOption$NamePart$Builder
2024-11-12 13:43:16,394 INFO  EvoClassLoader - Keeping class: org.apache.hadoop.thirdparty.protobuf.DescriptorProtos$UninterpretedOption$NamePart$Builder
2024-11-12 13:43:16,394 INFO  EvoClassLoader - Seeing class for first time: org.apache.hadoop.ipc.RPC$Server$VerProtocolImpl
2024-11-12 13:43:16,394 INFO  EvoClassLoader - Instrumenting class 'org.apache.hadoop.ipc.RPC$Server$VerProtocolImpl'.
2024-11-12 13:43:16,394 INFO  MethodCallReplacementClassAdapter - Adding mock interface to class org/apache/hadoop/ipc/RPC$Server$VerProtocolImpl
2024-11-12 13:43:16,394 INFO  CreateClassResetClassAdapter - Creating brand-new static initializer in class org/apache/hadoop/ipc/RPC$Server$VerProtocolImpl
2024-11-12 13:43:16,395 INFO  EvoClassLoader - Keeping class: org.apache.hadoop.ipc.RPC$Server$VerProtocolImpl
2024-11-12 13:43:16,395 INFO  EvoClassLoader - Seeing class for first time: org.apache.hadoop.hdfs.DFSOpsCountStatistics$OpType
2024-11-12 13:43:16,395 INFO  EvoClassLoader - Instrumenting class 'org.apache.hadoop.hdfs.DFSOpsCountStatistics$OpType'.
2024-11-12 13:43:16,395 INFO  MethodCallReplacementClassAdapter - Adding mock interface to class org/apache/hadoop/hdfs/DFSOpsCountStatistics$OpType
2024-11-12 13:43:16,395 INFO  CreateClassResetClassAdapter - Found static initializer in class org/apache/hadoop/hdfs/DFSOpsCountStatistics$OpType
2024-11-12 13:43:16,396 INFO  EvoClassLoader - Keeping class: org.apache.hadoop.hdfs.DFSOpsCountStatistics$OpType
2024-11-12 13:43:16,397 INFO  EvoClassLoader - Seeing class for first time: net.bytebuddy.description.modifier.EnumerationState
2024-11-12 13:43:16,397 INFO  EvoClassLoader - Instrumenting class 'net.bytebuddy.description.modifier.EnumerationState'.
2024-11-12 13:43:16,397 INFO  MethodCallReplacementClassAdapter - Adding mock interface to class net/bytebuddy/description/modifier/EnumerationState
2024-11-12 13:43:16,397 INFO  CreateClassResetClassAdapter - Found static initializer in class net/bytebuddy/description/modifier/EnumerationState
2024-11-12 13:43:16,397 INFO  EvoClassLoader - Keeping class: net.bytebuddy.description.modifier.EnumerationState
2024-11-12 13:43:16,400 INFO  EvoClassLoader - Seeing class for first time: org.apache.commons.cli.OptionGroup
2024-11-12 13:43:16,400 INFO  EvoClassLoader - Instrumenting class 'org.apache.commons.cli.OptionGroup'.
2024-11-12 13:43:16,400 INFO  MethodCallReplacementClassAdapter - Adding mock interface to class org/apache/commons/cli/OptionGroup
2024-11-12 13:43:16,401 INFO  CreateClassResetClassAdapter - Creating brand-new static initializer in class org/apache/commons/cli/OptionGroup
2024-11-12 13:43:16,401 INFO  EvoClassLoader - Keeping class: org.apache.commons.cli.OptionGroup
2024-11-12 13:43:16,401 INFO  EvoClassLoader - Seeing class for first time: net.bytebuddy.description.modifier.Ownership
2024-11-12 13:43:16,401 INFO  EvoClassLoader - Instrumenting class 'net.bytebuddy.description.modifier.Ownership'.
2024-11-12 13:43:16,401 INFO  MethodCallReplacementClassAdapter - Adding mock interface to class net/bytebuddy/description/modifier/Ownership
2024-11-12 13:43:16,402 INFO  CreateClassResetClassAdapter - Found static initializer in class net/bytebuddy/description/modifier/Ownership
2024-11-12 13:43:16,402 INFO  EvoClassLoader - Keeping class: net.bytebuddy.description.modifier.Ownership
2024-11-12 13:43:16,402 INFO  EvoClassLoader - Seeing class for first time: net.bytebuddy.description.modifier.Visibility
2024-11-12 13:43:16,402 INFO  EvoClassLoader - Instrumenting class 'net.bytebuddy.description.modifier.Visibility'.
2024-11-12 13:43:16,402 INFO  MethodCallReplacementClassAdapter - Adding mock interface to class net/bytebuddy/description/modifier/Visibility
2024-11-12 13:43:16,403 INFO  CreateClassResetClassAdapter - Found static initializer in class net/bytebuddy/description/modifier/Visibility
2024-11-12 13:43:16,403 INFO  EvoClassLoader - Keeping class: net.bytebuddy.description.modifier.Visibility
2024-11-12 13:43:16,403 INFO  EvoClassLoader - Seeing class for first time: org.apache.hadoop.hdfs.protocol.LayoutVersion$FeatureInfo
2024-11-12 13:43:16,403 INFO  EvoClassLoader - Instrumenting class 'org.apache.hadoop.hdfs.protocol.LayoutVersion$FeatureInfo'.
2024-11-12 13:43:16,404 INFO  MethodCallReplacementClassAdapter - Adding mock interface to class org/apache/hadoop/hdfs/protocol/LayoutVersion$FeatureInfo
2024-11-12 13:43:16,404 INFO  CreateClassResetClassAdapter - Creating brand-new static initializer in class org/apache/hadoop/hdfs/protocol/LayoutVersion$FeatureInfo
2024-11-12 13:43:16,404 INFO  EvoClassLoader - Keeping class: org.apache.hadoop.hdfs.protocol.LayoutVersion$FeatureInfo
2024-11-12 13:43:16,404 INFO  EvoClassLoader - Seeing class for first time: org.apache.hadoop.hdfs.util.ByteArrayManager$Conf
2024-11-12 13:43:16,404 INFO  EvoClassLoader - Instrumenting class 'org.apache.hadoop.hdfs.util.ByteArrayManager$Conf'.
2024-11-12 13:43:16,404 INFO  MethodCallReplacementClassAdapter - Adding mock interface to class org/apache/hadoop/hdfs/util/ByteArrayManager$Conf
2024-11-12 13:43:16,405 INFO  CreateClassResetClassAdapter - Creating brand-new static initializer in class org/apache/hadoop/hdfs/util/ByteArrayManager$Conf
2024-11-12 13:43:16,405 INFO  EvoClassLoader - Keeping class: org.apache.hadoop.hdfs.util.ByteArrayManager$Conf
2024-11-12 13:43:16,405 INFO  EvoClassLoader - Seeing class for first time: org.apache.hadoop.hdfs.client.impl.DfsClientConf$ShortCircuitConf
2024-11-12 13:43:16,405 INFO  EvoClassLoader - Instrumenting class 'org.apache.hadoop.hdfs.client.impl.DfsClientConf$ShortCircuitConf'.
2024-11-12 13:43:16,405 INFO  MethodCallReplacementClassAdapter - Adding mock interface to class org/apache/hadoop/hdfs/client/impl/DfsClientConf$ShortCircuitConf
2024-11-12 13:43:16,405 INFO  CreateClassResetClassAdapter - Found static initializer in class org/apache/hadoop/hdfs/client/impl/DfsClientConf$ShortCircuitConf
2024-11-12 13:43:16,406 INFO  EvoClassLoader - Keeping class: org.apache.hadoop.hdfs.client.impl.DfsClientConf$ShortCircuitConf
2024-11-12 13:43:16,406 INFO  EvoClassLoader - Seeing class for first time: org.apache.hadoop.io.erasurecode.ECSchema
2024-11-12 13:43:16,406 INFO  EvoClassLoader - Instrumenting class 'org.apache.hadoop.io.erasurecode.ECSchema'.
2024-11-12 13:43:16,406 INFO  MethodCallReplacementClassAdapter - Adding mock interface to class org/apache/hadoop/io/erasurecode/ECSchema
2024-11-12 13:43:16,407 INFO  CreateClassResetClassAdapter - Found static initializer in class org/apache/hadoop/io/erasurecode/ECSchema
2024-11-12 13:43:16,407 INFO  EvoClassLoader - Defined package (3): package org.apache.hadoop.io.erasurecode, 230088481
2024-11-12 13:43:16,408 INFO  EvoClassLoader - Keeping class: org.apache.hadoop.io.erasurecode.ECSchema
2024-11-12 13:43:16,409 INFO  EvoClassLoader - Seeing class for first time: org.eclipse.jetty.util.resource.Resource
2024-11-12 13:43:16,409 INFO  EvoClassLoader - Instrumenting class 'org.eclipse.jetty.util.resource.Resource'.
2024-11-12 13:43:16,410 INFO  MethodCallReplacementClassAdapter - Adding mock interface to class org/eclipse/jetty/util/resource/Resource
2024-11-12 13:43:16,413 INFO  CreateClassResetClassAdapter - Found static initializer in class org/eclipse/jetty/util/resource/Resource
2024-11-12 13:43:16,413 INFO  EvoClassLoader - Defined package (3): package org.eclipse.jetty.util.resource, -375223495
2024-11-12 13:43:16,414 INFO  EvoClassLoader - Seeing class for first time: org.eclipse.jetty.util.resource.ResourceFactory
2024-11-12 13:43:16,414 INFO  EvoClassLoader - Instrumenting class 'org.eclipse.jetty.util.resource.ResourceFactory'.
2024-11-12 13:43:16,414 INFO  EvoClassLoader - Keeping class: org.eclipse.jetty.util.resource.ResourceFactory
2024-11-12 13:43:16,414 INFO  EvoClassLoader - Keeping class: org.eclipse.jetty.util.resource.Resource
2024-11-12 13:43:16,415 INFO  EvoClassLoader - Seeing class for first time: com.ctc.wstx.sr.ElemCallback
2024-11-12 13:43:16,415 INFO  EvoClassLoader - Instrumenting class 'com.ctc.wstx.sr.ElemCallback'.
2024-11-12 13:43:16,415 INFO  MethodCallReplacementClassAdapter - Adding mock interface to class com/ctc/wstx/sr/ElemCallback
2024-11-12 13:43:16,416 INFO  CreateClassResetClassAdapter - Creating brand-new static initializer in class com/ctc/wstx/sr/ElemCallback
2024-11-12 13:43:16,416 INFO  EvoClassLoader - Keeping class: com.ctc.wstx.sr.ElemCallback
2024-11-12 13:43:16,416 INFO  EvoClassLoader - Seeing class for first time: org.apache.hadoop.hdfs.server.common.Storage$StorageDirType
2024-11-12 13:43:16,416 INFO  EvoClassLoader - Instrumenting class 'org.apache.hadoop.hdfs.server.common.Storage$StorageDirType'.
2024-11-12 13:43:16,417 INFO  EvoClassLoader - Keeping class: org.apache.hadoop.hdfs.server.common.Storage$StorageDirType
2024-11-12 13:43:16,418 INFO  EvoClassLoader - Seeing class for first time: org.apache.hadoop.hdfs.protocol.proto.DatanodeProtocolProtos$BlockRecoveryCommandProto
2024-11-12 13:43:16,418 INFO  EvoClassLoader - Instrumenting class 'org.apache.hadoop.hdfs.protocol.proto.DatanodeProtocolProtos$BlockRecoveryCommandProto'.
2024-11-12 13:43:16,418 INFO  MethodCallReplacementClassAdapter - Adding mock interface to class org/apache/hadoop/hdfs/protocol/proto/DatanodeProtocolProtos$BlockRecoveryCommandProto
2024-11-12 13:43:16,418 INFO  CreateClassResetClassAdapter - Found static initializer in class org/apache/hadoop/hdfs/protocol/proto/DatanodeProtocolProtos$BlockRecoveryCommandProto
2024-11-12 13:43:16,419 INFO  EvoClassLoader - Seeing class for first time: org.apache.hadoop.hdfs.protocol.proto.DatanodeProtocolProtos$BlockRecoveryCommandProtoOrBuilder
2024-11-12 13:43:16,419 INFO  EvoClassLoader - Instrumenting class 'org.apache.hadoop.hdfs.protocol.proto.DatanodeProtocolProtos$BlockRecoveryCommandProtoOrBuilder'.
2024-11-12 13:43:16,419 INFO  EvoClassLoader - Keeping class: org.apache.hadoop.hdfs.protocol.proto.DatanodeProtocolProtos$BlockRecoveryCommandProtoOrBuilder
2024-11-12 13:43:16,419 INFO  EvoClassLoader - Keeping class: org.apache.hadoop.hdfs.protocol.proto.DatanodeProtocolProtos$BlockRecoveryCommandProto
2024-11-12 13:43:16,419 INFO  EvoClassLoader - Seeing class for first time: org.apache.hadoop.hdfs.protocol.proto.DatanodeProtocolProtos$FinalizeCommandProto
2024-11-12 13:43:16,419 INFO  EvoClassLoader - Instrumenting class 'org.apache.hadoop.hdfs.protocol.proto.DatanodeProtocolProtos$FinalizeCommandProto'.
2024-11-12 13:43:16,419 INFO  MethodCallReplacementClassAdapter - Adding mock interface to class org/apache/hadoop/hdfs/protocol/proto/DatanodeProtocolProtos$FinalizeCommandProto
2024-11-12 13:43:16,419 INFO  CreateClassResetClassAdapter - Found static initializer in class org/apache/hadoop/hdfs/protocol/proto/DatanodeProtocolProtos$FinalizeCommandProto
2024-11-12 13:43:16,420 INFO  EvoClassLoader - Seeing class for first time: org.apache.hadoop.hdfs.protocol.proto.DatanodeProtocolProtos$FinalizeCommandProtoOrBuilder
2024-11-12 13:43:16,420 INFO  EvoClassLoader - Instrumenting class 'org.apache.hadoop.hdfs.protocol.proto.DatanodeProtocolProtos$FinalizeCommandProtoOrBuilder'.
2024-11-12 13:43:16,420 INFO  EvoClassLoader - Keeping class: org.apache.hadoop.hdfs.protocol.proto.DatanodeProtocolProtos$FinalizeCommandProtoOrBuilder
2024-11-12 13:43:16,420 INFO  EvoClassLoader - Keeping class: org.apache.hadoop.hdfs.protocol.proto.DatanodeProtocolProtos$FinalizeCommandProto
2024-11-12 13:43:16,420 INFO  EvoClassLoader - Seeing class for first time: org.apache.hadoop.hdfs.protocol.proto.DatanodeProtocolProtos$KeyUpdateCommandProto
2024-11-12 13:43:16,420 INFO  EvoClassLoader - Instrumenting class 'org.apache.hadoop.hdfs.protocol.proto.DatanodeProtocolProtos$KeyUpdateCommandProto'.
2024-11-12 13:43:16,420 INFO  MethodCallReplacementClassAdapter - Adding mock interface to class org/apache/hadoop/hdfs/protocol/proto/DatanodeProtocolProtos$KeyUpdateCommandProto
2024-11-12 13:43:16,420 INFO  CreateClassResetClassAdapter - Found static initializer in class org/apache/hadoop/hdfs/protocol/proto/DatanodeProtocolProtos$KeyUpdateCommandProto
2024-11-12 13:43:16,421 INFO  EvoClassLoader - Seeing class for first time: org.apache.hadoop.hdfs.protocol.proto.DatanodeProtocolProtos$KeyUpdateCommandProtoOrBuilder
2024-11-12 13:43:16,421 INFO  EvoClassLoader - Instrumenting class 'org.apache.hadoop.hdfs.protocol.proto.DatanodeProtocolProtos$KeyUpdateCommandProtoOrBuilder'.
2024-11-12 13:43:16,421 INFO  EvoClassLoader - Keeping class: org.apache.hadoop.hdfs.protocol.proto.DatanodeProtocolProtos$KeyUpdateCommandProtoOrBuilder
2024-11-12 13:43:16,421 INFO  EvoClassLoader - Keeping class: org.apache.hadoop.hdfs.protocol.proto.DatanodeProtocolProtos$KeyUpdateCommandProto
2024-11-12 13:43:16,421 INFO  EvoClassLoader - Seeing class for first time: org.apache.hadoop.hdfs.protocol.proto.DatanodeProtocolProtos$DatanodeCommandProto
2024-11-12 13:43:16,421 INFO  EvoClassLoader - Instrumenting class 'org.apache.hadoop.hdfs.protocol.proto.DatanodeProtocolProtos$DatanodeCommandProto'.
2024-11-12 13:43:16,421 INFO  MethodCallReplacementClassAdapter - Adding mock interface to class org/apache/hadoop/hdfs/protocol/proto/DatanodeProtocolProtos$DatanodeCommandProto
2024-11-12 13:43:16,422 INFO  CreateClassResetClassAdapter - Found static initializer in class org/apache/hadoop/hdfs/protocol/proto/DatanodeProtocolProtos$DatanodeCommandProto
2024-11-12 13:43:16,422 INFO  EvoClassLoader - Seeing class for first time: org.apache.hadoop.hdfs.protocol.proto.DatanodeProtocolProtos$DatanodeCommandProtoOrBuilder
2024-11-12 13:43:16,422 INFO  EvoClassLoader - Instrumenting class 'org.apache.hadoop.hdfs.protocol.proto.DatanodeProtocolProtos$DatanodeCommandProtoOrBuilder'.
2024-11-12 13:43:16,422 INFO  EvoClassLoader - Keeping class: org.apache.hadoop.hdfs.protocol.proto.DatanodeProtocolProtos$DatanodeCommandProtoOrBuilder
2024-11-12 13:43:16,422 INFO  EvoClassLoader - Keeping class: org.apache.hadoop.hdfs.protocol.proto.DatanodeProtocolProtos$DatanodeCommandProto
2024-11-12 13:43:16,422 INFO  EvoClassLoader - Seeing class for first time: org.apache.hadoop.hdfs.server.protocol.ReceivedDeletedBlockInfo
2024-11-12 13:43:16,422 INFO  EvoClassLoader - Instrumenting class 'org.apache.hadoop.hdfs.server.protocol.ReceivedDeletedBlockInfo'.
2024-11-12 13:43:16,423 INFO  MethodCallReplacementClassAdapter - Adding mock interface to class org/apache/hadoop/hdfs/server/protocol/ReceivedDeletedBlockInfo
2024-11-12 13:43:16,423 INFO  CreateClassResetClassAdapter - Found static initializer in class org/apache/hadoop/hdfs/server/protocol/ReceivedDeletedBlockInfo
2024-11-12 13:43:16,423 INFO  EvoClassLoader - Keeping class: org.apache.hadoop.hdfs.server.protocol.ReceivedDeletedBlockInfo
2024-11-12 13:43:16,423 INFO  EvoClassLoader - Seeing class for first time: org.apache.hadoop.hdfs.protocol.proto.DatanodeProtocolProtos$ReceivedDeletedBlockInfoProto
2024-11-12 13:43:16,423 INFO  EvoClassLoader - Instrumenting class 'org.apache.hadoop.hdfs.protocol.proto.DatanodeProtocolProtos$ReceivedDeletedBlockInfoProto'.
2024-11-12 13:43:16,423 INFO  MethodCallReplacementClassAdapter - Adding mock interface to class org/apache/hadoop/hdfs/protocol/proto/DatanodeProtocolProtos$ReceivedDeletedBlockInfoProto
2024-11-12 13:43:16,423 INFO  CreateClassResetClassAdapter - Found static initializer in class org/apache/hadoop/hdfs/protocol/proto/DatanodeProtocolProtos$ReceivedDeletedBlockInfoProto
2024-11-12 13:43:16,424 INFO  EvoClassLoader - Seeing class for first time: org.apache.hadoop.hdfs.protocol.proto.DatanodeProtocolProtos$ReceivedDeletedBlockInfoProtoOrBuilder
2024-11-12 13:43:16,424 INFO  EvoClassLoader - Instrumenting class 'org.apache.hadoop.hdfs.protocol.proto.DatanodeProtocolProtos$ReceivedDeletedBlockInfoProtoOrBuilder'.
2024-11-12 13:43:16,424 INFO  EvoClassLoader - Keeping class: org.apache.hadoop.hdfs.protocol.proto.DatanodeProtocolProtos$ReceivedDeletedBlockInfoProtoOrBuilder
2024-11-12 13:43:16,424 INFO  EvoClassLoader - Keeping class: org.apache.hadoop.hdfs.protocol.proto.DatanodeProtocolProtos$ReceivedDeletedBlockInfoProto
2024-11-12 13:43:16,424 INFO  EvoClassLoader - Seeing class for first time: org.apache.hadoop.hdfs.protocol.proto.DatanodeProtocolProtos$BalancerBandwidthCommandProto
2024-11-12 13:43:16,424 INFO  EvoClassLoader - Instrumenting class 'org.apache.hadoop.hdfs.protocol.proto.DatanodeProtocolProtos$BalancerBandwidthCommandProto'.
2024-11-12 13:43:16,424 INFO  MethodCallReplacementClassAdapter - Adding mock interface to class org/apache/hadoop/hdfs/protocol/proto/DatanodeProtocolProtos$BalancerBandwidthCommandProto
2024-11-12 13:43:16,424 INFO  CreateClassResetClassAdapter - Found static initializer in class org/apache/hadoop/hdfs/protocol/proto/DatanodeProtocolProtos$BalancerBandwidthCommandProto
2024-11-12 13:43:16,425 INFO  EvoClassLoader - Seeing class for first time: org.apache.hadoop.hdfs.protocol.proto.DatanodeProtocolProtos$BalancerBandwidthCommandProtoOrBuilder
2024-11-12 13:43:16,425 INFO  EvoClassLoader - Instrumenting class 'org.apache.hadoop.hdfs.protocol.proto.DatanodeProtocolProtos$BalancerBandwidthCommandProtoOrBuilder'.
2024-11-12 13:43:16,425 INFO  EvoClassLoader - Keeping class: org.apache.hadoop.hdfs.protocol.proto.DatanodeProtocolProtos$BalancerBandwidthCommandProtoOrBuilder
2024-11-12 13:43:16,425 INFO  EvoClassLoader - Keeping class: org.apache.hadoop.hdfs.protocol.proto.DatanodeProtocolProtos$BalancerBandwidthCommandProto
2024-11-12 13:43:16,425 INFO  EvoClassLoader - Seeing class for first time: org.apache.hadoop.hdfs.protocol.proto.DatanodeProtocolProtos$BlockIdCommandProto
2024-11-12 13:43:16,425 INFO  EvoClassLoader - Instrumenting class 'org.apache.hadoop.hdfs.protocol.proto.DatanodeProtocolProtos$BlockIdCommandProto'.
2024-11-12 13:43:16,425 INFO  MethodCallReplacementClassAdapter - Adding mock interface to class org/apache/hadoop/hdfs/protocol/proto/DatanodeProtocolProtos$BlockIdCommandProto
2024-11-12 13:43:16,425 INFO  CreateClassResetClassAdapter - Found static initializer in class org/apache/hadoop/hdfs/protocol/proto/DatanodeProtocolProtos$BlockIdCommandProto
2024-11-12 13:43:16,426 INFO  EvoClassLoader - Seeing class for first time: org.apache.hadoop.hdfs.protocol.proto.DatanodeProtocolProtos$BlockIdCommandProtoOrBuilder
2024-11-12 13:43:16,426 INFO  EvoClassLoader - Instrumenting class 'org.apache.hadoop.hdfs.protocol.proto.DatanodeProtocolProtos$BlockIdCommandProtoOrBuilder'.
2024-11-12 13:43:16,426 INFO  EvoClassLoader - Keeping class: org.apache.hadoop.hdfs.protocol.proto.DatanodeProtocolProtos$BlockIdCommandProtoOrBuilder
2024-11-12 13:43:16,426 INFO  EvoClassLoader - Keeping class: org.apache.hadoop.hdfs.protocol.proto.DatanodeProtocolProtos$BlockIdCommandProto
2024-11-12 13:43:16,426 INFO  EvoClassLoader - Seeing class for first time: org.apache.hadoop.hdfs.protocol.proto.DatanodeProtocolProtos$BlockCommandProto
2024-11-12 13:43:16,426 INFO  EvoClassLoader - Instrumenting class 'org.apache.hadoop.hdfs.protocol.proto.DatanodeProtocolProtos$BlockCommandProto'.
2024-11-12 13:43:16,426 INFO  MethodCallReplacementClassAdapter - Adding mock interface to class org/apache/hadoop/hdfs/protocol/proto/DatanodeProtocolProtos$BlockCommandProto
2024-11-12 13:43:16,427 INFO  CreateClassResetClassAdapter - Found static initializer in class org/apache/hadoop/hdfs/protocol/proto/DatanodeProtocolProtos$BlockCommandProto
2024-11-12 13:43:16,427 INFO  EvoClassLoader - Seeing class for first time: org.apache.hadoop.hdfs.protocol.proto.DatanodeProtocolProtos$BlockCommandProtoOrBuilder
2024-11-12 13:43:16,427 INFO  EvoClassLoader - Instrumenting class 'org.apache.hadoop.hdfs.protocol.proto.DatanodeProtocolProtos$BlockCommandProtoOrBuilder'.
2024-11-12 13:43:16,428 INFO  EvoClassLoader - Keeping class: org.apache.hadoop.hdfs.protocol.proto.DatanodeProtocolProtos$BlockCommandProtoOrBuilder
2024-11-12 13:43:16,428 INFO  EvoClassLoader - Keeping class: org.apache.hadoop.hdfs.protocol.proto.DatanodeProtocolProtos$BlockCommandProto
2024-11-12 13:43:16,428 INFO  EvoClassLoader - Seeing class for first time: org.apache.hadoop.hdfs.protocol.proto.DatanodeProtocolProtos$DatanodeRegistrationProto
2024-11-12 13:43:16,428 INFO  EvoClassLoader - Instrumenting class 'org.apache.hadoop.hdfs.protocol.proto.DatanodeProtocolProtos$DatanodeRegistrationProto'.
2024-11-12 13:43:16,428 INFO  MethodCallReplacementClassAdapter - Adding mock interface to class org/apache/hadoop/hdfs/protocol/proto/DatanodeProtocolProtos$DatanodeRegistrationProto
2024-11-12 13:43:16,428 INFO  CreateClassResetClassAdapter - Found static initializer in class org/apache/hadoop/hdfs/protocol/proto/DatanodeProtocolProtos$DatanodeRegistrationProto
2024-11-12 13:43:16,429 INFO  EvoClassLoader - Seeing class for first time: org.apache.hadoop.hdfs.protocol.proto.DatanodeProtocolProtos$DatanodeRegistrationProtoOrBuilder
2024-11-12 13:43:16,429 INFO  EvoClassLoader - Instrumenting class 'org.apache.hadoop.hdfs.protocol.proto.DatanodeProtocolProtos$DatanodeRegistrationProtoOrBuilder'.
2024-11-12 13:43:16,429 INFO  EvoClassLoader - Keeping class: org.apache.hadoop.hdfs.protocol.proto.DatanodeProtocolProtos$DatanodeRegistrationProtoOrBuilder
2024-11-12 13:43:16,429 INFO  EvoClassLoader - Keeping class: org.apache.hadoop.hdfs.protocol.proto.DatanodeProtocolProtos$DatanodeRegistrationProto
2024-11-12 13:43:16,429 INFO  EvoClassLoader - Seeing class for first time: org.apache.hadoop.hdfs.protocol.proto.HdfsProtos$StorageUuidsProto
2024-11-12 13:43:16,429 INFO  EvoClassLoader - Instrumenting class 'org.apache.hadoop.hdfs.protocol.proto.HdfsProtos$StorageUuidsProto'.
2024-11-12 13:43:16,429 INFO  MethodCallReplacementClassAdapter - Adding mock interface to class org/apache/hadoop/hdfs/protocol/proto/HdfsProtos$StorageUuidsProto
2024-11-12 13:43:16,430 INFO  CreateClassResetClassAdapter - Found static initializer in class org/apache/hadoop/hdfs/protocol/proto/HdfsProtos$StorageUuidsProto
2024-11-12 13:43:16,430 INFO  EvoClassLoader - Seeing class for first time: org.apache.hadoop.hdfs.protocol.proto.HdfsProtos$StorageUuidsProtoOrBuilder
2024-11-12 13:43:16,430 INFO  EvoClassLoader - Instrumenting class 'org.apache.hadoop.hdfs.protocol.proto.HdfsProtos$StorageUuidsProtoOrBuilder'.
2024-11-12 13:43:16,430 INFO  EvoClassLoader - Keeping class: org.apache.hadoop.hdfs.protocol.proto.HdfsProtos$StorageUuidsProtoOrBuilder
2024-11-12 13:43:16,430 INFO  EvoClassLoader - Keeping class: org.apache.hadoop.hdfs.protocol.proto.HdfsProtos$StorageUuidsProto
2024-11-12 13:43:16,430 INFO  EvoClassLoader - Seeing class for first time: org.apache.hadoop.hdfs.protocol.proto.DatanodeProtocolProtos$BlockReportContextProto
2024-11-12 13:43:16,430 INFO  EvoClassLoader - Instrumenting class 'org.apache.hadoop.hdfs.protocol.proto.DatanodeProtocolProtos$BlockReportContextProto'.
2024-11-12 13:43:16,430 INFO  MethodCallReplacementClassAdapter - Adding mock interface to class org/apache/hadoop/hdfs/protocol/proto/DatanodeProtocolProtos$BlockReportContextProto
2024-11-12 13:43:16,431 INFO  CreateClassResetClassAdapter - Found static initializer in class org/apache/hadoop/hdfs/protocol/proto/DatanodeProtocolProtos$BlockReportContextProto
2024-11-12 13:43:16,431 INFO  EvoClassLoader - Seeing class for first time: org.apache.hadoop.hdfs.protocol.proto.DatanodeProtocolProtos$BlockReportContextProtoOrBuilder
2024-11-12 13:43:16,431 INFO  EvoClassLoader - Instrumenting class 'org.apache.hadoop.hdfs.protocol.proto.DatanodeProtocolProtos$BlockReportContextProtoOrBuilder'.
2024-11-12 13:43:16,431 INFO  EvoClassLoader - Keeping class: org.apache.hadoop.hdfs.protocol.proto.DatanodeProtocolProtos$BlockReportContextProtoOrBuilder
2024-11-12 13:43:16,431 INFO  EvoClassLoader - Keeping class: org.apache.hadoop.hdfs.protocol.proto.DatanodeProtocolProtos$BlockReportContextProto
2024-11-12 13:43:16,431 INFO  EvoClassLoader - Seeing class for first time: org.apache.hadoop.hdfs.server.protocol.JournalInfo
2024-11-12 13:43:16,431 INFO  EvoClassLoader - Instrumenting class 'org.apache.hadoop.hdfs.server.protocol.JournalInfo'.
2024-11-12 13:43:16,431 INFO  MethodCallReplacementClassAdapter - Adding mock interface to class org/apache/hadoop/hdfs/server/protocol/JournalInfo
2024-11-12 13:43:16,431 INFO  CreateClassResetClassAdapter - Creating brand-new static initializer in class org/apache/hadoop/hdfs/server/protocol/JournalInfo
2024-11-12 13:43:16,432 INFO  EvoClassLoader - Keeping class: org.apache.hadoop.hdfs.server.protocol.JournalInfo
2024-11-12 13:43:16,432 INFO  EvoClassLoader - Seeing class for first time: org.apache.hadoop.hdfs.protocol.proto.JournalProtocolProtos$JournalInfoProto
2024-11-12 13:43:16,432 INFO  EvoClassLoader - Instrumenting class 'org.apache.hadoop.hdfs.protocol.proto.JournalProtocolProtos$JournalInfoProto'.
2024-11-12 13:43:16,432 INFO  MethodCallReplacementClassAdapter - Adding mock interface to class org/apache/hadoop/hdfs/protocol/proto/JournalProtocolProtos$JournalInfoProto
2024-11-12 13:43:16,432 INFO  CreateClassResetClassAdapter - Found static initializer in class org/apache/hadoop/hdfs/protocol/proto/JournalProtocolProtos$JournalInfoProto
2024-11-12 13:43:16,432 INFO  EvoClassLoader - Seeing class for first time: org.apache.hadoop.hdfs.protocol.proto.JournalProtocolProtos$JournalInfoProtoOrBuilder
2024-11-12 13:43:16,432 INFO  EvoClassLoader - Instrumenting class 'org.apache.hadoop.hdfs.protocol.proto.JournalProtocolProtos$JournalInfoProtoOrBuilder'.
2024-11-12 13:43:16,432 INFO  EvoClassLoader - Keeping class: org.apache.hadoop.hdfs.protocol.proto.JournalProtocolProtos$JournalInfoProtoOrBuilder
2024-11-12 13:43:16,433 INFO  EvoClassLoader - Keeping class: org.apache.hadoop.hdfs.protocol.proto.JournalProtocolProtos$JournalInfoProto
2024-11-12 13:43:16,433 INFO  EvoClassLoader - Seeing class for first time: org.apache.hadoop.hdfs.protocol.proto.AliasMapProtocolProtos$KeyValueProto
2024-11-12 13:43:16,433 INFO  EvoClassLoader - Instrumenting class 'org.apache.hadoop.hdfs.protocol.proto.AliasMapProtocolProtos$KeyValueProto'.
2024-11-12 13:43:16,433 INFO  MethodCallReplacementClassAdapter - Adding mock interface to class org/apache/hadoop/hdfs/protocol/proto/AliasMapProtocolProtos$KeyValueProto
2024-11-12 13:43:16,433 INFO  CreateClassResetClassAdapter - Found static initializer in class org/apache/hadoop/hdfs/protocol/proto/AliasMapProtocolProtos$KeyValueProto
2024-11-12 13:43:16,433 INFO  EvoClassLoader - Seeing class for first time: org.apache.hadoop.hdfs.protocol.proto.AliasMapProtocolProtos$KeyValueProtoOrBuilder
2024-11-12 13:43:16,433 INFO  EvoClassLoader - Instrumenting class 'org.apache.hadoop.hdfs.protocol.proto.AliasMapProtocolProtos$KeyValueProtoOrBuilder'.
2024-11-12 13:43:16,433 INFO  EvoClassLoader - Keeping class: org.apache.hadoop.hdfs.protocol.proto.AliasMapProtocolProtos$KeyValueProtoOrBuilder
2024-11-12 13:43:16,434 INFO  EvoClassLoader - Keeping class: org.apache.hadoop.hdfs.protocol.proto.AliasMapProtocolProtos$KeyValueProto
2024-11-12 13:43:16,434 INFO  EvoClassLoader - Seeing class for first time: org.apache.hadoop.hdfs.protocol.proto.DatanodeProtocolProtos$BlockECReconstructionCommandProto
2024-11-12 13:43:16,434 INFO  EvoClassLoader - Instrumenting class 'org.apache.hadoop.hdfs.protocol.proto.DatanodeProtocolProtos$BlockECReconstructionCommandProto'.
2024-11-12 13:43:16,434 INFO  MethodCallReplacementClassAdapter - Adding mock interface to class org/apache/hadoop/hdfs/protocol/proto/DatanodeProtocolProtos$BlockECReconstructionCommandProto
2024-11-12 13:43:16,434 INFO  CreateClassResetClassAdapter - Found static initializer in class org/apache/hadoop/hdfs/protocol/proto/DatanodeProtocolProtos$BlockECReconstructionCommandProto
2024-11-12 13:43:16,434 INFO  EvoClassLoader - Seeing class for first time: org.apache.hadoop.hdfs.protocol.proto.DatanodeProtocolProtos$BlockECReconstructionCommandProtoOrBuilder
2024-11-12 13:43:16,434 INFO  EvoClassLoader - Instrumenting class 'org.apache.hadoop.hdfs.protocol.proto.DatanodeProtocolProtos$BlockECReconstructionCommandProtoOrBuilder'.
2024-11-12 13:43:16,435 INFO  EvoClassLoader - Keeping class: org.apache.hadoop.hdfs.protocol.proto.DatanodeProtocolProtos$BlockECReconstructionCommandProtoOrBuilder
2024-11-12 13:43:16,435 INFO  EvoClassLoader - Keeping class: org.apache.hadoop.hdfs.protocol.proto.DatanodeProtocolProtos$BlockECReconstructionCommandProto
2024-11-12 13:43:16,435 INFO  EvoClassLoader - Seeing class for first time: org.apache.hadoop.hdfs.security.token.block.BlockKey
2024-11-12 13:43:16,435 INFO  EvoClassLoader - Instrumenting class 'org.apache.hadoop.hdfs.security.token.block.BlockKey'.
2024-11-12 13:43:16,435 INFO  MethodCallReplacementClassAdapter - Adding mock interface to class org/apache/hadoop/hdfs/security/token/block/BlockKey
2024-11-12 13:43:16,435 INFO  CreateClassResetClassAdapter - Creating brand-new static initializer in class org/apache/hadoop/hdfs/security/token/block/BlockKey
2024-11-12 13:43:16,435 INFO  EvoClassLoader - Seeing class for first time: org.apache.hadoop.security.token.delegation.DelegationKey
2024-11-12 13:43:16,435 INFO  EvoClassLoader - Instrumenting class 'org.apache.hadoop.security.token.delegation.DelegationKey'.
2024-11-12 13:43:16,436 INFO  MethodCallReplacementClassAdapter - Adding mock interface to class org/apache/hadoop/security/token/delegation/DelegationKey
2024-11-12 13:43:16,437 INFO  CreateClassResetClassAdapter - Creating brand-new static initializer in class org/apache/hadoop/security/token/delegation/DelegationKey
2024-11-12 13:43:16,437 INFO  CreateClassResetClassAdapter - Adding bytecode for initializing field MAX_KEY_LEN
2024-11-12 13:43:16,437 INFO  EvoClassLoader - Defined package (3): package org.apache.hadoop.security.token.delegation, 367001656
2024-11-12 13:43:16,437 INFO  EvoClassLoader - Keeping class: org.apache.hadoop.security.token.delegation.DelegationKey
2024-11-12 13:43:16,437 INFO  EvoClassLoader - Keeping class: org.apache.hadoop.hdfs.security.token.block.BlockKey
2024-11-12 13:43:16,438 INFO  EvoClassLoader - Seeing class for first time: org.apache.hadoop.hdfs.protocol.proto.HdfsServerProtos$BlockKeyProto
2024-11-12 13:43:16,438 INFO  EvoClassLoader - Instrumenting class 'org.apache.hadoop.hdfs.protocol.proto.HdfsServerProtos$BlockKeyProto'.
2024-11-12 13:43:16,438 INFO  MethodCallReplacementClassAdapter - Adding mock interface to class org/apache/hadoop/hdfs/protocol/proto/HdfsServerProtos$BlockKeyProto
2024-11-12 13:43:16,438 INFO  CreateClassResetClassAdapter - Found static initializer in class org/apache/hadoop/hdfs/protocol/proto/HdfsServerProtos$BlockKeyProto
2024-11-12 13:43:16,439 INFO  EvoClassLoader - Seeing class for first time: org.apache.hadoop.hdfs.protocol.proto.HdfsServerProtos$BlockKeyProtoOrBuilder
2024-11-12 13:43:16,439 INFO  EvoClassLoader - Instrumenting class 'org.apache.hadoop.hdfs.protocol.proto.HdfsServerProtos$BlockKeyProtoOrBuilder'.
2024-11-12 13:43:16,439 INFO  EvoClassLoader - Keeping class: org.apache.hadoop.hdfs.protocol.proto.HdfsServerProtos$BlockKeyProtoOrBuilder
2024-11-12 13:43:16,439 INFO  EvoClassLoader - Keeping class: org.apache.hadoop.hdfs.protocol.proto.HdfsServerProtos$BlockKeyProto
2024-11-12 13:43:16,439 INFO  EvoClassLoader - Seeing class for first time: org.apache.hadoop.hdfs.protocol.proto.HdfsServerProtos$BlocksWithLocationsProto
2024-11-12 13:43:16,439 INFO  EvoClassLoader - Instrumenting class 'org.apache.hadoop.hdfs.protocol.proto.HdfsServerProtos$BlocksWithLocationsProto'.
2024-11-12 13:43:16,439 INFO  MethodCallReplacementClassAdapter - Adding mock interface to class org/apache/hadoop/hdfs/protocol/proto/HdfsServerProtos$BlocksWithLocationsProto
2024-11-12 13:43:16,440 INFO  CreateClassResetClassAdapter - Found static initializer in class org/apache/hadoop/hdfs/protocol/proto/HdfsServerProtos$BlocksWithLocationsProto
2024-11-12 13:43:16,440 INFO  EvoClassLoader - Seeing class for first time: org.apache.hadoop.hdfs.protocol.proto.HdfsServerProtos$BlocksWithLocationsProtoOrBuilder
2024-11-12 13:43:16,440 INFO  EvoClassLoader - Instrumenting class 'org.apache.hadoop.hdfs.protocol.proto.HdfsServerProtos$BlocksWithLocationsProtoOrBuilder'.
2024-11-12 13:43:16,440 INFO  EvoClassLoader - Keeping class: org.apache.hadoop.hdfs.protocol.proto.HdfsServerProtos$BlocksWithLocationsProtoOrBuilder
2024-11-12 13:43:16,440 INFO  EvoClassLoader - Keeping class: org.apache.hadoop.hdfs.protocol.proto.HdfsServerProtos$BlocksWithLocationsProto
2024-11-12 13:43:16,440 INFO  EvoClassLoader - Seeing class for first time: org.apache.hadoop.hdfs.server.protocol.BlocksWithLocations
2024-11-12 13:43:16,440 INFO  EvoClassLoader - Instrumenting class 'org.apache.hadoop.hdfs.server.protocol.BlocksWithLocations'.
2024-11-12 13:43:16,440 INFO  MethodCallReplacementClassAdapter - Adding mock interface to class org/apache/hadoop/hdfs/server/protocol/BlocksWithLocations
2024-11-12 13:43:16,440 INFO  CreateClassResetClassAdapter - Creating brand-new static initializer in class org/apache/hadoop/hdfs/server/protocol/BlocksWithLocations
2024-11-12 13:43:16,440 INFO  EvoClassLoader - Keeping class: org.apache.hadoop.hdfs.server.protocol.BlocksWithLocations
2024-11-12 13:43:16,440 INFO  EvoClassLoader - Seeing class for first time: org.apache.hadoop.hdfs.protocol.proto.HdfsServerProtos$BlockWithLocationsProto
2024-11-12 13:43:16,440 INFO  EvoClassLoader - Instrumenting class 'org.apache.hadoop.hdfs.protocol.proto.HdfsServerProtos$BlockWithLocationsProto'.
2024-11-12 13:43:16,441 INFO  MethodCallReplacementClassAdapter - Adding mock interface to class org/apache/hadoop/hdfs/protocol/proto/HdfsServerProtos$BlockWithLocationsProto
2024-11-12 13:43:16,441 INFO  CreateClassResetClassAdapter - Found static initializer in class org/apache/hadoop/hdfs/protocol/proto/HdfsServerProtos$BlockWithLocationsProto
2024-11-12 13:43:16,442 INFO  EvoClassLoader - Seeing class for first time: org.apache.hadoop.hdfs.protocol.proto.HdfsServerProtos$BlockWithLocationsProtoOrBuilder
2024-11-12 13:43:16,442 INFO  EvoClassLoader - Instrumenting class 'org.apache.hadoop.hdfs.protocol.proto.HdfsServerProtos$BlockWithLocationsProtoOrBuilder'.
2024-11-12 13:43:16,627 INFO  EvoClassLoader - Keeping class: org.apache.hadoop.hdfs.protocol.proto.HdfsServerProtos$BlockWithLocationsProtoOrBuilder
2024-11-12 13:43:16,628 INFO  EvoClassLoader - Keeping class: org.apache.hadoop.hdfs.protocol.proto.HdfsServerProtos$BlockWithLocationsProto
2024-11-12 13:43:16,628 INFO  EvoClassLoader - Seeing class for first time: org.apache.hadoop.hdfs.protocol.proto.HdfsServerProtos$ExportedBlockKeysProto
2024-11-12 13:43:16,628 INFO  EvoClassLoader - Instrumenting class 'org.apache.hadoop.hdfs.protocol.proto.HdfsServerProtos$ExportedBlockKeysProto'.
2024-11-12 13:43:16,628 INFO  MethodCallReplacementClassAdapter - Adding mock interface to class org/apache/hadoop/hdfs/protocol/proto/HdfsServerProtos$ExportedBlockKeysProto
2024-11-12 13:43:16,629 INFO  CreateClassResetClassAdapter - Found static initializer in class org/apache/hadoop/hdfs/protocol/proto/HdfsServerProtos$ExportedBlockKeysProto
2024-11-12 13:43:16,629 INFO  EvoClassLoader - Seeing class for first time: org.apache.hadoop.hdfs.protocol.proto.HdfsServerProtos$ExportedBlockKeysProtoOrBuilder
2024-11-12 13:43:16,629 INFO  EvoClassLoader - Instrumenting class 'org.apache.hadoop.hdfs.protocol.proto.HdfsServerProtos$ExportedBlockKeysProtoOrBuilder'.
2024-11-12 13:43:16,629 INFO  EvoClassLoader - Keeping class: org.apache.hadoop.hdfs.protocol.proto.HdfsServerProtos$ExportedBlockKeysProtoOrBuilder
2024-11-12 13:43:16,630 INFO  EvoClassLoader - Keeping class: org.apache.hadoop.hdfs.protocol.proto.HdfsServerProtos$ExportedBlockKeysProto
2024-11-12 13:43:16,630 INFO  EvoClassLoader - Seeing class for first time: org.apache.hadoop.hdfs.protocol.proto.HdfsServerProtos$ReplicaStateProto
2024-11-12 13:43:16,630 INFO  EvoClassLoader - Instrumenting class 'org.apache.hadoop.hdfs.protocol.proto.HdfsServerProtos$ReplicaStateProto'.
2024-11-12 13:43:16,630 INFO  MethodCallReplacementClassAdapter - Adding mock interface to class org/apache/hadoop/hdfs/protocol/proto/HdfsServerProtos$ReplicaStateProto
2024-11-12 13:43:16,630 INFO  CreateClassResetClassAdapter - Found static initializer in class org/apache/hadoop/hdfs/protocol/proto/HdfsServerProtos$ReplicaStateProto
2024-11-12 13:43:16,630 INFO  EvoClassLoader - Keeping class: org.apache.hadoop.hdfs.protocol.proto.HdfsServerProtos$ReplicaStateProto
2024-11-12 13:43:16,631 INFO  EvoClassLoader - Seeing class for first time: org.apache.hadoop.hdfs.server.protocol.RemoteEditLogManifest
2024-11-12 13:43:16,631 INFO  EvoClassLoader - Instrumenting class 'org.apache.hadoop.hdfs.server.protocol.RemoteEditLogManifest'.
2024-11-12 13:43:16,631 INFO  MethodCallReplacementClassAdapter - Adding mock interface to class org/apache/hadoop/hdfs/server/protocol/RemoteEditLogManifest
2024-11-12 13:43:16,631 INFO  CreateClassResetClassAdapter - Creating brand-new static initializer in class org/apache/hadoop/hdfs/server/protocol/RemoteEditLogManifest
2024-11-12 13:43:16,631 INFO  EvoClassLoader - Keeping class: org.apache.hadoop.hdfs.server.protocol.RemoteEditLogManifest
2024-11-12 13:43:16,631 INFO  EvoClassLoader - Seeing class for first time: org.apache.hadoop.hdfs.server.protocol.RemoteEditLog
2024-11-12 13:43:16,631 INFO  EvoClassLoader - Instrumenting class 'org.apache.hadoop.hdfs.server.protocol.RemoteEditLog'.
2024-11-12 13:43:16,631 INFO  MethodCallReplacementClassAdapter - Adding mock interface to class org/apache/hadoop/hdfs/server/protocol/RemoteEditLog
2024-11-12 13:43:16,632 INFO  CreateClassResetClassAdapter - Found static initializer in class org/apache/hadoop/hdfs/server/protocol/RemoteEditLog
2024-11-12 13:43:16,632 INFO  EvoClassLoader - Keeping class: org.apache.hadoop.hdfs.server.protocol.RemoteEditLog
2024-11-12 13:43:16,632 INFO  EvoClassLoader - Seeing class for first time: org.apache.hadoop.hdfs.protocol.proto.DatanodeProtocolProtos$VolumeFailureSummaryProto
2024-11-12 13:43:16,632 INFO  EvoClassLoader - Instrumenting class 'org.apache.hadoop.hdfs.protocol.proto.DatanodeProtocolProtos$VolumeFailureSummaryProto'.
2024-11-12 13:43:16,632 INFO  MethodCallReplacementClassAdapter - Adding mock interface to class org/apache/hadoop/hdfs/protocol/proto/DatanodeProtocolProtos$VolumeFailureSummaryProto
2024-11-12 13:43:16,633 INFO  CreateClassResetClassAdapter - Found static initializer in class org/apache/hadoop/hdfs/protocol/proto/DatanodeProtocolProtos$VolumeFailureSummaryProto
2024-11-12 13:43:16,633 INFO  EvoClassLoader - Seeing class for first time: org.apache.hadoop.hdfs.protocol.proto.DatanodeProtocolProtos$VolumeFailureSummaryProtoOrBuilder
2024-11-12 13:43:16,633 INFO  EvoClassLoader - Instrumenting class 'org.apache.hadoop.hdfs.protocol.proto.DatanodeProtocolProtos$VolumeFailureSummaryProtoOrBuilder'.
2024-11-12 13:43:16,634 INFO  EvoClassLoader - Keeping class: org.apache.hadoop.hdfs.protocol.proto.DatanodeProtocolProtos$VolumeFailureSummaryProtoOrBuilder
2024-11-12 13:43:16,634 INFO  EvoClassLoader - Keeping class: org.apache.hadoop.hdfs.protocol.proto.DatanodeProtocolProtos$VolumeFailureSummaryProto
2024-11-12 13:43:16,634 INFO  EvoClassLoader - Seeing class for first time: org.apache.hadoop.hdfs.protocol.proto.HdfsProtos$StorageTypesProto
2024-11-12 13:43:16,634 INFO  EvoClassLoader - Instrumenting class 'org.apache.hadoop.hdfs.protocol.proto.HdfsProtos$StorageTypesProto'.
2024-11-12 13:43:16,635 INFO  MethodCallReplacementClassAdapter - Adding mock interface to class org/apache/hadoop/hdfs/protocol/proto/HdfsProtos$StorageTypesProto
2024-11-12 13:43:16,635 INFO  CreateClassResetClassAdapter - Found static initializer in class org/apache/hadoop/hdfs/protocol/proto/HdfsProtos$StorageTypesProto
2024-11-12 13:43:16,636 INFO  EvoClassLoader - Seeing class for first time: org.apache.hadoop.hdfs.protocol.proto.HdfsProtos$StorageTypesProtoOrBuilder
2024-11-12 13:43:16,636 INFO  EvoClassLoader - Instrumenting class 'org.apache.hadoop.hdfs.protocol.proto.HdfsProtos$StorageTypesProtoOrBuilder'.
2024-11-12 13:43:16,636 INFO  EvoClassLoader - Keeping class: org.apache.hadoop.hdfs.protocol.proto.HdfsProtos$StorageTypesProtoOrBuilder
2024-11-12 13:43:16,636 INFO  EvoClassLoader - Keeping class: org.apache.hadoop.hdfs.protocol.proto.HdfsProtos$StorageTypesProto
2024-11-12 13:43:16,636 INFO  EvoClassLoader - Seeing class for first time: org.apache.hadoop.hdfs.protocol.proto.HdfsProtos$DatanodeInfosProto
2024-11-12 13:43:16,636 INFO  EvoClassLoader - Instrumenting class 'org.apache.hadoop.hdfs.protocol.proto.HdfsProtos$DatanodeInfosProto'.
2024-11-12 13:43:16,636 INFO  MethodCallReplacementClassAdapter - Adding mock interface to class org/apache/hadoop/hdfs/protocol/proto/HdfsProtos$DatanodeInfosProto
2024-11-12 13:43:16,637 INFO  CreateClassResetClassAdapter - Found static initializer in class org/apache/hadoop/hdfs/protocol/proto/HdfsProtos$DatanodeInfosProto
2024-11-12 13:43:16,637 INFO  EvoClassLoader - Seeing class for first time: org.apache.hadoop.hdfs.protocol.proto.HdfsProtos$DatanodeInfosProtoOrBuilder
2024-11-12 13:43:16,637 INFO  EvoClassLoader - Instrumenting class 'org.apache.hadoop.hdfs.protocol.proto.HdfsProtos$DatanodeInfosProtoOrBuilder'.
2024-11-12 13:43:16,638 INFO  EvoClassLoader - Keeping class: org.apache.hadoop.hdfs.protocol.proto.HdfsProtos$DatanodeInfosProtoOrBuilder
2024-11-12 13:43:16,639 INFO  EvoClassLoader - Keeping class: org.apache.hadoop.hdfs.protocol.proto.HdfsProtos$DatanodeInfosProto
2024-11-12 13:43:16,639 INFO  EvoClassLoader - Seeing class for first time: org.apache.hadoop.hdfs.protocol.proto.ErasureCodingProtos$BlockECReconstructionInfoProto
2024-11-12 13:43:16,639 INFO  EvoClassLoader - Instrumenting class 'org.apache.hadoop.hdfs.protocol.proto.ErasureCodingProtos$BlockECReconstructionInfoProto'.
2024-11-12 13:43:16,640 INFO  MethodCallReplacementClassAdapter - Adding mock interface to class org/apache/hadoop/hdfs/protocol/proto/ErasureCodingProtos$BlockECReconstructionInfoProto
2024-11-12 13:43:16,640 INFO  CreateClassResetClassAdapter - Found static initializer in class org/apache/hadoop/hdfs/protocol/proto/ErasureCodingProtos$BlockECReconstructionInfoProto
2024-11-12 13:43:16,641 INFO  EvoClassLoader - Seeing class for first time: org.apache.hadoop.hdfs.protocol.proto.ErasureCodingProtos$BlockECReconstructionInfoProtoOrBuilder
2024-11-12 13:43:16,641 INFO  EvoClassLoader - Instrumenting class 'org.apache.hadoop.hdfs.protocol.proto.ErasureCodingProtos$BlockECReconstructionInfoProtoOrBuilder'.
2024-11-12 13:43:16,641 INFO  EvoClassLoader - Keeping class: org.apache.hadoop.hdfs.protocol.proto.ErasureCodingProtos$BlockECReconstructionInfoProtoOrBuilder
2024-11-12 13:43:16,642 INFO  EvoClassLoader - Keeping class: org.apache.hadoop.hdfs.protocol.proto.ErasureCodingProtos$BlockECReconstructionInfoProto
2024-11-12 13:43:16,642 INFO  EvoClassLoader - Seeing class for first time: org.apache.hadoop.hdfs.server.protocol.BlockECReconstructionCommand$BlockECReconstructionInfo
2024-11-12 13:43:16,642 INFO  EvoClassLoader - Instrumenting class 'org.apache.hadoop.hdfs.server.protocol.BlockECReconstructionCommand$BlockECReconstructionInfo'.
2024-11-12 13:43:16,642 INFO  MethodCallReplacementClassAdapter - Adding mock interface to class org/apache/hadoop/hdfs/server/protocol/BlockECReconstructionCommand$BlockECReconstructionInfo
2024-11-12 13:43:16,642 INFO  CreateClassResetClassAdapter - Creating brand-new static initializer in class org/apache/hadoop/hdfs/server/protocol/BlockECReconstructionCommand$BlockECReconstructionInfo
2024-11-12 13:43:16,642 INFO  EvoClassLoader - Keeping class: org.apache.hadoop.hdfs.server.protocol.BlockECReconstructionCommand$BlockECReconstructionInfo
2024-11-12 13:43:16,642 INFO  EvoClassLoader - Seeing class for first time: net.bytebuddy.description.type.TypeDefinition$Sort
2024-11-12 13:43:16,642 INFO  EvoClassLoader - Instrumenting class 'net.bytebuddy.description.type.TypeDefinition$Sort'.
2024-11-12 13:43:16,643 INFO  MethodCallReplacementClassAdapter - Adding mock interface to class net/bytebuddy/description/type/TypeDefinition$Sort
2024-11-12 13:43:16,643 INFO  CreateClassResetClassAdapter - Found static initializer in class net/bytebuddy/description/type/TypeDefinition$Sort
2024-11-12 13:43:16,643 INFO  EvoClassLoader - Keeping class: net.bytebuddy.description.type.TypeDefinition$Sort
2024-11-12 13:43:16,643 INFO  EvoClassLoader - Seeing class for first time: net.bytebuddy.implementation.bytecode.StackSize
2024-11-12 13:43:16,643 INFO  EvoClassLoader - Instrumenting class 'net.bytebuddy.implementation.bytecode.StackSize'.
2024-11-12 13:43:16,643 INFO  MethodCallReplacementClassAdapter - Adding mock interface to class net/bytebuddy/implementation/bytecode/StackSize
2024-11-12 13:43:16,644 INFO  CreateClassResetClassAdapter - Found static initializer in class net/bytebuddy/implementation/bytecode/StackSize
2024-11-12 13:43:16,644 INFO  EvoClassLoader - Defined package (3): package net.bytebuddy.implementation.bytecode, -1213308304
2024-11-12 13:43:16,644 INFO  EvoClassLoader - Keeping class: net.bytebuddy.implementation.bytecode.StackSize
2024-11-12 13:43:16,644 INFO  EvoClassLoader - Seeing class for first time: org.apache.hadoop.thirdparty.com.google.common.base.Equivalence$Wrapper
2024-11-12 13:43:16,644 INFO  EvoClassLoader - Instrumenting class 'org.apache.hadoop.thirdparty.com.google.common.base.Equivalence$Wrapper'.
2024-11-12 13:43:16,644 INFO  MethodCallReplacementClassAdapter - Adding mock interface to class org/apache/hadoop/thirdparty/com/google/common/base/Equivalence$Wrapper
2024-11-12 13:43:16,644 INFO  CreateClassResetClassAdapter - Creating brand-new static initializer in class org/apache/hadoop/thirdparty/com/google/common/base/Equivalence$Wrapper
2024-11-12 13:43:16,645 INFO  EvoClassLoader - Keeping class: org.apache.hadoop.thirdparty.com.google.common.base.Equivalence$Wrapper
2024-11-12 13:43:16,645 INFO  EvoClassLoader - Seeing class for first time: org.apache.hadoop.fs.impl.CombinedFileRange
2024-11-12 13:43:16,645 INFO  EvoClassLoader - Instrumenting class 'org.apache.hadoop.fs.impl.CombinedFileRange'.
2024-11-12 13:43:16,645 INFO  MethodCallReplacementClassAdapter - Adding mock interface to class org/apache/hadoop/fs/impl/CombinedFileRange
2024-11-12 13:43:16,645 INFO  CreateClassResetClassAdapter - Creating brand-new static initializer in class org/apache/hadoop/fs/impl/CombinedFileRange
2024-11-12 13:43:16,646 INFO  EvoClassLoader - Seeing class for first time: org.apache.hadoop.fs.impl.FileRangeImpl
2024-11-12 13:43:16,646 INFO  EvoClassLoader - Instrumenting class 'org.apache.hadoop.fs.impl.FileRangeImpl'.
2024-11-12 13:43:16,646 INFO  MethodCallReplacementClassAdapter - Adding mock interface to class org/apache/hadoop/fs/impl/FileRangeImpl
2024-11-12 13:43:16,646 INFO  CreateClassResetClassAdapter - Creating brand-new static initializer in class org/apache/hadoop/fs/impl/FileRangeImpl
2024-11-12 13:43:16,646 INFO  EvoClassLoader - Seeing class for first time: org.apache.hadoop.fs.FileRange
2024-11-12 13:43:16,646 INFO  EvoClassLoader - Instrumenting class 'org.apache.hadoop.fs.FileRange'.
2024-11-12 13:43:16,646 INFO  EvoClassLoader - Keeping class: org.apache.hadoop.fs.FileRange
2024-11-12 13:43:16,646 INFO  EvoClassLoader - Keeping class: org.apache.hadoop.fs.impl.FileRangeImpl
2024-11-12 13:43:16,646 INFO  EvoClassLoader - Keeping class: org.apache.hadoop.fs.impl.CombinedFileRange
2024-11-12 13:43:16,647 INFO  EvoClassLoader - Seeing class for first time: org.apache.hadoop.hdfs.protocol.proto.HdfsServerProtos$RecoveringBlockProto$Builder
2024-11-12 13:43:16,647 INFO  EvoClassLoader - Instrumenting class 'org.apache.hadoop.hdfs.protocol.proto.HdfsServerProtos$RecoveringBlockProto$Builder'.
2024-11-12 13:43:16,647 INFO  MethodCallReplacementClassAdapter - Adding mock interface to class org/apache/hadoop/hdfs/protocol/proto/HdfsServerProtos$RecoveringBlockProto$Builder
2024-11-12 13:43:16,648 INFO  CreateClassResetClassAdapter - Creating brand-new static initializer in class org/apache/hadoop/hdfs/protocol/proto/HdfsServerProtos$RecoveringBlockProto$Builder
2024-11-12 13:43:16,649 INFO  EvoClassLoader - Keeping class: org.apache.hadoop.hdfs.protocol.proto.HdfsServerProtos$RecoveringBlockProto$Builder
2024-11-12 13:43:16,727 INFO  EvoClassLoader - Seeing class for first time: libcore.io.Memory
2024-11-12 13:43:16,727 INFO  EvoClassLoader - Instrumenting class 'libcore.io.Memory'.
2024-11-12 13:43:16,728 INFO  EvoClassLoader - Error while loading class: java.lang.ClassNotFoundException: Class 'libcore/io/Memory.class' should be in target project, but could not be found!
2024-11-12 13:43:16,728 INFO  EvoClassLoader - Seeing class for first time: org.robolectric.Robolectric
2024-11-12 13:43:16,728 INFO  EvoClassLoader - Instrumenting class 'org.robolectric.Robolectric'.
2024-11-12 13:43:16,728 INFO  EvoClassLoader - Error while loading class: java.lang.ClassNotFoundException: Class 'org/robolectric/Robolectric.class' should be in target project, but could not be found!
2024-11-12 13:43:16,728 INFO  EvoClassLoader - Seeing class for first time: org.apache.hadoop.thirdparty.protobuf.ByteString$AbstractByteIterator
2024-11-12 13:43:16,728 INFO  EvoClassLoader - Instrumenting class 'org.apache.hadoop.thirdparty.protobuf.ByteString$AbstractByteIterator'.
2024-11-12 13:43:16,728 INFO  MethodCallReplacementClassAdapter - Adding mock interface to class org/apache/hadoop/thirdparty/protobuf/ByteString$AbstractByteIterator
2024-11-12 13:43:16,729 INFO  CreateClassResetClassAdapter - Creating brand-new static initializer in class org/apache/hadoop/thirdparty/protobuf/ByteString$AbstractByteIterator
2024-11-12 13:43:16,729 INFO  EvoClassLoader - Keeping class: org.apache.hadoop.thirdparty.protobuf.ByteString$AbstractByteIterator
2024-11-12 13:43:16,729 INFO  EvoClassLoader - Seeing class for first time: org.apache.hadoop.thirdparty.protobuf.Utf8$DecodeUtil
2024-11-12 13:43:16,729 INFO  EvoClassLoader - Instrumenting class 'org.apache.hadoop.thirdparty.protobuf.Utf8$DecodeUtil'.
2024-11-12 13:43:16,730 INFO  MethodCallReplacementClassAdapter - Adding mock interface to class org/apache/hadoop/thirdparty/protobuf/Utf8$DecodeUtil
2024-11-12 13:43:16,730 INFO  CreateClassResetClassAdapter - Creating brand-new static initializer in class org/apache/hadoop/thirdparty/protobuf/Utf8$DecodeUtil
2024-11-12 13:43:16,730 INFO  EvoClassLoader - Keeping class: org.apache.hadoop.thirdparty.protobuf.Utf8$DecodeUtil
2024-11-12 13:43:16,732 INFO  EvoClassLoader - Seeing class for first time: org.apache.hadoop.thirdparty.protobuf.TextFormat$Parser$UnknownField
2024-11-12 13:43:16,732 INFO  EvoClassLoader - Instrumenting class 'org.apache.hadoop.thirdparty.protobuf.TextFormat$Parser$UnknownField'.
2024-11-12 13:43:16,732 INFO  MethodCallReplacementClassAdapter - Adding mock interface to class org/apache/hadoop/thirdparty/protobuf/TextFormat$Parser$UnknownField
2024-11-12 13:43:16,733 INFO  CreateClassResetClassAdapter - Creating brand-new static initializer in class org/apache/hadoop/thirdparty/protobuf/TextFormat$Parser$UnknownField
2024-11-12 13:43:16,733 INFO  EvoClassLoader - Keeping class: org.apache.hadoop.thirdparty.protobuf.TextFormat$Parser$UnknownField
2024-11-12 13:43:16,743 INFO  EvoClassLoader - Seeing class for first time: net.bytebuddy.build.HashCodeAndEqualsPlugin
2024-11-12 13:43:16,743 INFO  EvoClassLoader - Instrumenting class 'net.bytebuddy.build.HashCodeAndEqualsPlugin'.
2024-11-12 13:43:16,743 INFO  MethodCallReplacementClassAdapter - Adding mock interface to class net/bytebuddy/build/HashCodeAndEqualsPlugin
2024-11-12 13:43:16,744 INFO  CreateClassResetClassAdapter - Creating brand-new static initializer in class net/bytebuddy/build/HashCodeAndEqualsPlugin
2024-11-12 13:43:16,744 INFO  EvoClassLoader - Seeing class for first time: net.bytebuddy.build.Plugin
2024-11-12 13:43:16,744 INFO  EvoClassLoader - Instrumenting class 'net.bytebuddy.build.Plugin'.
2024-11-12 13:43:16,744 INFO  EvoClassLoader - Keeping class: net.bytebuddy.build.Plugin
2024-11-12 13:43:16,744 INFO  EvoClassLoader - Seeing class for first time: net.bytebuddy.build.Plugin$Factory
2024-11-12 13:43:16,744 INFO  EvoClassLoader - Instrumenting class 'net.bytebuddy.build.Plugin$Factory'.
2024-11-12 13:43:16,745 INFO  EvoClassLoader - Keeping class: net.bytebuddy.build.Plugin$Factory
2024-11-12 13:43:16,745 INFO  EvoClassLoader - Keeping class: net.bytebuddy.build.HashCodeAndEqualsPlugin
2024-11-12 13:43:16,745 INFO  EvoClassLoader - Seeing class for first time: org.assertj.core.internal.bytebuddy.build.HashCodeAndEqualsPlugin$Enhance$InvokeSuper
2024-11-12 13:43:16,745 INFO  EvoClassLoader - Instrumenting class 'org.assertj.core.internal.bytebuddy.build.HashCodeAndEqualsPlugin$Enhance$InvokeSuper'.
2024-11-12 13:43:16,746 INFO  MethodCallReplacementClassAdapter - Adding mock interface to class org/assertj/core/internal/bytebuddy/build/HashCodeAndEqualsPlugin$Enhance$InvokeSuper
2024-11-12 13:43:16,746 INFO  CreateClassResetClassAdapter - Found static initializer in class org/assertj/core/internal/bytebuddy/build/HashCodeAndEqualsPlugin$Enhance$InvokeSuper
2024-11-12 13:43:16,746 INFO  EvoClassLoader - Defined package (3): package org.assertj.core.internal.bytebuddy.build, -2103311512
2024-11-12 13:43:16,746 INFO  EvoClassLoader - Keeping class: org.assertj.core.internal.bytebuddy.build.HashCodeAndEqualsPlugin$Enhance$InvokeSuper
2024-11-12 13:43:16,746 INFO  EvoClassLoader - Seeing class for first time: org.assertj.core.internal.bytebuddy.build.HashCodeAndEqualsPlugin$Enhance
2024-11-12 13:43:16,746 INFO  EvoClassLoader - Instrumenting class 'org.assertj.core.internal.bytebuddy.build.HashCodeAndEqualsPlugin$Enhance'.
2024-11-12 13:43:16,746 INFO  EvoClassLoader - Keeping class: org.assertj.core.internal.bytebuddy.build.HashCodeAndEqualsPlugin$Enhance
2024-11-12 13:43:16,747 INFO  EvoClassLoader - Seeing class for first time: org.assertj.core.internal.bytebuddy.build.HashCodeAndEqualsPlugin
2024-11-12 13:43:16,747 INFO  EvoClassLoader - Instrumenting class 'org.assertj.core.internal.bytebuddy.build.HashCodeAndEqualsPlugin'.
2024-11-12 13:43:16,747 INFO  MethodCallReplacementClassAdapter - Adding mock interface to class org/assertj/core/internal/bytebuddy/build/HashCodeAndEqualsPlugin
2024-11-12 13:43:16,748 INFO  CreateClassResetClassAdapter - Creating brand-new static initializer in class org/assertj/core/internal/bytebuddy/build/HashCodeAndEqualsPlugin
2024-11-12 13:43:16,748 INFO  EvoClassLoader - Seeing class for first time: org.assertj.core.internal.bytebuddy.build.Plugin
2024-11-12 13:43:16,748 INFO  EvoClassLoader - Instrumenting class 'org.assertj.core.internal.bytebuddy.build.Plugin'.
2024-11-12 13:43:16,748 INFO  EvoClassLoader - Seeing class for first time: org.assertj.core.internal.bytebuddy.matcher.ElementMatcher
2024-11-12 13:43:16,748 INFO  EvoClassLoader - Instrumenting class 'org.assertj.core.internal.bytebuddy.matcher.ElementMatcher'.
2024-11-12 13:43:16,748 INFO  EvoClassLoader - Defined package (3): package org.assertj.core.internal.bytebuddy.matcher, -2037813332
2024-11-12 13:43:16,749 INFO  EvoClassLoader - Keeping class: org.assertj.core.internal.bytebuddy.matcher.ElementMatcher
2024-11-12 13:43:16,749 INFO  EvoClassLoader - Keeping class: org.assertj.core.internal.bytebuddy.build.Plugin
2024-11-12 13:43:16,749 INFO  EvoClassLoader - Seeing class for first time: org.assertj.core.internal.bytebuddy.build.Plugin$Factory
2024-11-12 13:43:16,749 INFO  EvoClassLoader - Instrumenting class 'org.assertj.core.internal.bytebuddy.build.Plugin$Factory'.
2024-11-12 13:43:16,750 INFO  EvoClassLoader - Keeping class: org.assertj.core.internal.bytebuddy.build.Plugin$Factory
2024-11-12 13:43:16,750 INFO  EvoClassLoader - Keeping class: org.assertj.core.internal.bytebuddy.build.HashCodeAndEqualsPlugin
2024-11-12 13:43:16,750 INFO  EvoClassLoader - Seeing class for first time: org.assertj.core.internal.bytebuddy.build.HashCodeAndEqualsPlugin$Enhance$InvokeSuper$1
2024-11-12 13:43:16,750 INFO  EvoClassLoader - Instrumenting class 'org.assertj.core.internal.bytebuddy.build.HashCodeAndEqualsPlugin$Enhance$InvokeSuper$1'.
2024-11-12 13:43:16,750 INFO  MethodCallReplacementClassAdapter - Adding mock interface to class org/assertj/core/internal/bytebuddy/build/HashCodeAndEqualsPlugin$Enhance$InvokeSuper$1
2024-11-12 13:43:16,753 INFO  EvoClassLoader - Keeping class: org.assertj.core.internal.bytebuddy.build.HashCodeAndEqualsPlugin$Enhance$InvokeSuper$1
2024-11-12 13:43:16,753 INFO  EvoClassLoader - Seeing class for first time: org.assertj.core.internal.bytebuddy.build.HashCodeAndEqualsPlugin$Enhance$InvokeSuper$2
2024-11-12 13:43:16,753 INFO  EvoClassLoader - Instrumenting class 'org.assertj.core.internal.bytebuddy.build.HashCodeAndEqualsPlugin$Enhance$InvokeSuper$2'.
2024-11-12 13:43:16,753 INFO  MethodCallReplacementClassAdapter - Adding mock interface to class org/assertj/core/internal/bytebuddy/build/HashCodeAndEqualsPlugin$Enhance$InvokeSuper$2
2024-11-12 13:43:16,754 INFO  EvoClassLoader - Keeping class: org.assertj.core.internal.bytebuddy.build.HashCodeAndEqualsPlugin$Enhance$InvokeSuper$2
2024-11-12 13:43:16,754 INFO  EvoClassLoader - Seeing class for first time: org.assertj.core.internal.bytebuddy.build.HashCodeAndEqualsPlugin$Enhance$InvokeSuper$3
2024-11-12 13:43:16,754 INFO  EvoClassLoader - Instrumenting class 'org.assertj.core.internal.bytebuddy.build.HashCodeAndEqualsPlugin$Enhance$InvokeSuper$3'.
2024-11-12 13:43:16,754 INFO  MethodCallReplacementClassAdapter - Adding mock interface to class org/assertj/core/internal/bytebuddy/build/HashCodeAndEqualsPlugin$Enhance$InvokeSuper$3
2024-11-12 13:43:16,755 INFO  EvoClassLoader - Keeping class: org.assertj.core.internal.bytebuddy.build.HashCodeAndEqualsPlugin$Enhance$InvokeSuper$3
2024-11-12 13:43:16,755 INFO  EvoClassLoader - Seeing class for first time: org.assertj.core.internal.bytebuddy.build.HashCodeAndEqualsPlugin$Enhance$InvokeSuper$4
2024-11-12 13:43:16,755 INFO  EvoClassLoader - Instrumenting class 'org.assertj.core.internal.bytebuddy.build.HashCodeAndEqualsPlugin$Enhance$InvokeSuper$4'.
2024-11-12 13:43:16,755 INFO  MethodCallReplacementClassAdapter - Adding mock interface to class org/assertj/core/internal/bytebuddy/build/HashCodeAndEqualsPlugin$Enhance$InvokeSuper$4
2024-11-12 13:43:16,755 INFO  EvoClassLoader - Keeping class: org.assertj.core.internal.bytebuddy.build.HashCodeAndEqualsPlugin$Enhance$InvokeSuper$4
2024-11-12 13:43:16,755 INFO  EvoClassLoader - Seeing class for first time: org.assertj.core.internal.bytebuddy.description.type.TypeDescription
2024-11-12 13:43:16,755 INFO  EvoClassLoader - Instrumenting class 'org.assertj.core.internal.bytebuddy.description.type.TypeDescription'.
2024-11-12 13:43:16,755 INFO  EvoClassLoader - Defined package (3): package org.assertj.core.internal.bytebuddy.description.type, -2063588174
2024-11-12 13:43:16,755 INFO  EvoClassLoader - Seeing class for first time: org.assertj.core.internal.bytebuddy.description.type.TypeDefinition
2024-11-12 13:43:16,755 INFO  EvoClassLoader - Instrumenting class 'org.assertj.core.internal.bytebuddy.description.type.TypeDefinition'.
2024-11-12 13:43:16,755 INFO  EvoClassLoader - Seeing class for first time: org.assertj.core.internal.bytebuddy.description.NamedElement
2024-11-12 13:43:16,755 INFO  EvoClassLoader - Instrumenting class 'org.assertj.core.internal.bytebuddy.description.NamedElement'.
2024-11-12 13:43:16,756 INFO  EvoClassLoader - Defined package (3): package org.assertj.core.internal.bytebuddy.description, 1484037494
2024-11-12 13:43:16,756 INFO  EvoClassLoader - Keeping class: org.assertj.core.internal.bytebuddy.description.NamedElement
2024-11-12 13:43:16,756 INFO  EvoClassLoader - Seeing class for first time: org.assertj.core.internal.bytebuddy.description.ModifierReviewable$ForTypeDefinition
2024-11-12 13:43:16,756 INFO  EvoClassLoader - Instrumenting class 'org.assertj.core.internal.bytebuddy.description.ModifierReviewable$ForTypeDefinition'.
2024-11-12 13:43:16,756 INFO  EvoClassLoader - Seeing class for first time: org.assertj.core.internal.bytebuddy.description.ModifierReviewable$OfAbstraction
2024-11-12 13:43:16,756 INFO  EvoClassLoader - Instrumenting class 'org.assertj.core.internal.bytebuddy.description.ModifierReviewable$OfAbstraction'.
2024-11-12 13:43:16,756 INFO  EvoClassLoader - Seeing class for first time: org.assertj.core.internal.bytebuddy.description.ModifierReviewable$OfByteCodeElement
2024-11-12 13:43:16,756 INFO  EvoClassLoader - Instrumenting class 'org.assertj.core.internal.bytebuddy.description.ModifierReviewable$OfByteCodeElement'.
2024-11-12 13:43:16,756 INFO  EvoClassLoader - Seeing class for first time: org.assertj.core.internal.bytebuddy.description.ModifierReviewable
2024-11-12 13:43:16,756 INFO  EvoClassLoader - Instrumenting class 'org.assertj.core.internal.bytebuddy.description.ModifierReviewable'.
2024-11-12 13:43:16,756 INFO  EvoClassLoader - Keeping class: org.assertj.core.internal.bytebuddy.description.ModifierReviewable
2024-11-12 13:43:16,756 INFO  EvoClassLoader - Keeping class: org.assertj.core.internal.bytebuddy.description.ModifierReviewable$OfByteCodeElement
2024-11-12 13:43:16,756 INFO  EvoClassLoader - Keeping class: org.assertj.core.internal.bytebuddy.description.ModifierReviewable$OfAbstraction
2024-11-12 13:43:16,756 INFO  EvoClassLoader - Seeing class for first time: org.assertj.core.internal.bytebuddy.description.ModifierReviewable$OfEnumeration
2024-11-12 13:43:16,756 INFO  EvoClassLoader - Instrumenting class 'org.assertj.core.internal.bytebuddy.description.ModifierReviewable$OfEnumeration'.
2024-11-12 13:43:16,756 INFO  EvoClassLoader - Keeping class: org.assertj.core.internal.bytebuddy.description.ModifierReviewable$OfEnumeration
2024-11-12 13:43:16,756 INFO  EvoClassLoader - Keeping class: org.assertj.core.internal.bytebuddy.description.ModifierReviewable$ForTypeDefinition
2024-11-12 13:43:16,756 INFO  EvoClassLoader - Keeping class: org.assertj.core.internal.bytebuddy.description.type.TypeDefinition
2024-11-12 13:43:16,756 INFO  EvoClassLoader - Seeing class for first time: org.assertj.core.internal.bytebuddy.description.ByteCodeElement
2024-11-12 13:43:16,756 INFO  EvoClassLoader - Instrumenting class 'org.assertj.core.internal.bytebuddy.description.ByteCodeElement'.
2024-11-12 13:43:16,757 INFO  EvoClassLoader - Seeing class for first time: org.assertj.core.internal.bytebuddy.description.NamedElement$WithRuntimeName
2024-11-12 13:43:16,757 INFO  EvoClassLoader - Instrumenting class 'org.assertj.core.internal.bytebuddy.description.NamedElement$WithRuntimeName'.
2024-11-12 13:43:16,757 INFO  EvoClassLoader - Keeping class: org.assertj.core.internal.bytebuddy.description.NamedElement$WithRuntimeName
2024-11-12 13:43:16,757 INFO  EvoClassLoader - Seeing class for first time: org.assertj.core.internal.bytebuddy.description.DeclaredByType
2024-11-12 13:43:16,757 INFO  EvoClassLoader - Instrumenting class 'org.assertj.core.internal.bytebuddy.description.DeclaredByType'.
2024-11-12 13:43:16,757 INFO  EvoClassLoader - Keeping class: org.assertj.core.internal.bytebuddy.description.DeclaredByType
2024-11-12 13:43:16,757 INFO  EvoClassLoader - Seeing class for first time: org.assertj.core.internal.bytebuddy.description.annotation.AnnotationSource
2024-11-12 13:43:16,757 INFO  EvoClassLoader - Instrumenting class 'org.assertj.core.internal.bytebuddy.description.annotation.AnnotationSource'.
2024-11-12 13:43:16,757 INFO  EvoClassLoader - Defined package (3): package org.assertj.core.internal.bytebuddy.description.annotation, 2042726055
2024-11-12 13:43:16,757 INFO  EvoClassLoader - Keeping class: org.assertj.core.internal.bytebuddy.description.annotation.AnnotationSource
2024-11-12 13:43:16,757 INFO  EvoClassLoader - Keeping class: org.assertj.core.internal.bytebuddy.description.ByteCodeElement
2024-11-12 13:43:16,757 INFO  EvoClassLoader - Seeing class for first time: org.assertj.core.internal.bytebuddy.description.TypeVariableSource
2024-11-12 13:43:16,757 INFO  EvoClassLoader - Instrumenting class 'org.assertj.core.internal.bytebuddy.description.TypeVariableSource'.
2024-11-12 13:43:16,757 INFO  EvoClassLoader - Keeping class: org.assertj.core.internal.bytebuddy.description.TypeVariableSource
2024-11-12 13:43:16,757 INFO  EvoClassLoader - Keeping class: org.assertj.core.internal.bytebuddy.description.type.TypeDescription
2024-11-12 13:43:16,757 INFO  EvoClassLoader - Seeing class for first time: org.assertj.core.internal.bytebuddy.implementation.HashCodeMethod
2024-11-12 13:43:16,757 INFO  EvoClassLoader - Instrumenting class 'org.assertj.core.internal.bytebuddy.implementation.HashCodeMethod'.
2024-11-12 13:43:16,757 INFO  MethodCallReplacementClassAdapter - Adding mock interface to class org/assertj/core/internal/bytebuddy/implementation/HashCodeMethod
2024-11-12 13:43:16,758 INFO  CreateClassResetClassAdapter - Found static initializer in class org/assertj/core/internal/bytebuddy/implementation/HashCodeMethod
2024-11-12 13:43:16,758 INFO  EvoClassLoader - Defined package (3): package org.assertj.core.internal.bytebuddy.implementation, -196384776
2024-11-12 13:43:16,759 INFO  EvoClassLoader - Seeing class for first time: org.assertj.core.internal.bytebuddy.implementation.Implementation
2024-11-12 13:43:16,759 INFO  EvoClassLoader - Instrumenting class 'org.assertj.core.internal.bytebuddy.implementation.Implementation'.
2024-11-12 13:43:16,759 INFO  EvoClassLoader - Seeing class for first time: org.assertj.core.internal.bytebuddy.dynamic.scaffold.InstrumentedType$Prepareable
2024-11-12 13:43:16,759 INFO  EvoClassLoader - Instrumenting class 'org.assertj.core.internal.bytebuddy.dynamic.scaffold.InstrumentedType$Prepareable'.
2024-11-12 13:43:16,759 INFO  EvoClassLoader - Defined package (3): package org.assertj.core.internal.bytebuddy.dynamic.scaffold, -1413432437
2024-11-12 13:43:16,759 INFO  EvoClassLoader - Keeping class: org.assertj.core.internal.bytebuddy.dynamic.scaffold.InstrumentedType$Prepareable
2024-11-12 13:43:16,759 INFO  EvoClassLoader - Keeping class: org.assertj.core.internal.bytebuddy.implementation.Implementation
2024-11-12 13:43:16,759 INFO  EvoClassLoader - Keeping class: org.assertj.core.internal.bytebuddy.implementation.HashCodeMethod
2024-11-12 13:43:16,759 INFO  EvoClassLoader - Seeing class for first time: org.assertj.core.internal.bytebuddy.implementation.EqualsMethod
2024-11-12 13:43:16,759 INFO  EvoClassLoader - Instrumenting class 'org.assertj.core.internal.bytebuddy.implementation.EqualsMethod'.
2024-11-12 13:43:16,759 INFO  MethodCallReplacementClassAdapter - Adding mock interface to class org/assertj/core/internal/bytebuddy/implementation/EqualsMethod
2024-11-12 13:43:16,760 INFO  CreateClassResetClassAdapter - Found static initializer in class org/assertj/core/internal/bytebuddy/implementation/EqualsMethod
2024-11-12 13:43:16,760 INFO  EvoClassLoader - Keeping class: org.assertj.core.internal.bytebuddy.implementation.EqualsMethod
2024-11-12 13:43:16,760 INFO  EvoClassLoader - Seeing class for first time: org.assertj.core.internal.bytebuddy.description.type.TypeDescription$Generic
2024-11-12 13:43:16,760 INFO  EvoClassLoader - Instrumenting class 'org.assertj.core.internal.bytebuddy.description.type.TypeDescription$Generic'.
2024-11-12 13:43:16,761 INFO  EvoClassLoader - Keeping class: org.assertj.core.internal.bytebuddy.description.type.TypeDescription$Generic
2024-11-12 13:43:16,761 INFO  EvoClassLoader - Seeing class for first time: org.apache.hadoop.thirdparty.protobuf.TextFormat$UnknownFieldParseException
2024-11-12 13:43:16,761 INFO  EvoClassLoader - Instrumenting class 'org.apache.hadoop.thirdparty.protobuf.TextFormat$UnknownFieldParseException'.
2024-11-12 13:43:16,762 INFO  MethodCallReplacementClassAdapter - Adding mock interface to class org/apache/hadoop/thirdparty/protobuf/TextFormat$UnknownFieldParseException
2024-11-12 13:43:16,762 INFO  CreateClassResetClassAdapter - Creating brand-new static initializer in class org/apache/hadoop/thirdparty/protobuf/TextFormat$UnknownFieldParseException
2024-11-12 13:43:16,762 INFO  EvoClassLoader - Keeping class: org.apache.hadoop.thirdparty.protobuf.TextFormat$UnknownFieldParseException
2024-11-12 13:43:16,762 INFO  EvoClassLoader - Seeing class for first time: org.apache.hadoop.thirdparty.protobuf.GeneratedMessageV3$FieldAccessorTable$RepeatedEnumFieldAccessor
2024-11-12 13:43:16,762 INFO  EvoClassLoader - Instrumenting class 'org.apache.hadoop.thirdparty.protobuf.GeneratedMessageV3$FieldAccessorTable$RepeatedEnumFieldAccessor'.
2024-11-12 13:43:16,762 INFO  MethodCallReplacementClassAdapter - Adding mock interface to class org/apache/hadoop/thirdparty/protobuf/GeneratedMessageV3$FieldAccessorTable$RepeatedEnumFieldAccessor
2024-11-12 13:43:16,762 INFO  CreateClassResetClassAdapter - Creating brand-new static initializer in class org/apache/hadoop/thirdparty/protobuf/GeneratedMessageV3$FieldAccessorTable$RepeatedEnumFieldAccessor
2024-11-12 13:43:16,763 INFO  EvoClassLoader - Keeping class: org.apache.hadoop.thirdparty.protobuf.GeneratedMessageV3$FieldAccessorTable$RepeatedEnumFieldAccessor
2024-11-12 13:43:16,763 INFO  EvoClassLoader - Seeing class for first time: org.apache.hadoop.thirdparty.protobuf.GeneratedMessageV3$FieldAccessorTable$MapFieldAccessor
2024-11-12 13:43:16,763 INFO  EvoClassLoader - Instrumenting class 'org.apache.hadoop.thirdparty.protobuf.GeneratedMessageV3$FieldAccessorTable$MapFieldAccessor'.
2024-11-12 13:43:16,763 INFO  MethodCallReplacementClassAdapter - Adding mock interface to class org/apache/hadoop/thirdparty/protobuf/GeneratedMessageV3$FieldAccessorTable$MapFieldAccessor
2024-11-12 13:43:16,763 INFO  CreateClassResetClassAdapter - Creating brand-new static initializer in class org/apache/hadoop/thirdparty/protobuf/GeneratedMessageV3$FieldAccessorTable$MapFieldAccessor
2024-11-12 13:43:16,763 INFO  EvoClassLoader - Keeping class: org.apache.hadoop.thirdparty.protobuf.GeneratedMessageV3$FieldAccessorTable$MapFieldAccessor
2024-11-12 13:43:16,764 INFO  EvoClassLoader - Seeing class for first time: org.apache.hadoop.conf.Configuration$ParsedTimeDuration
2024-11-12 13:43:16,764 INFO  EvoClassLoader - Instrumenting class 'org.apache.hadoop.conf.Configuration$ParsedTimeDuration'.
2024-11-12 13:43:16,764 INFO  MethodCallReplacementClassAdapter - Adding mock interface to class org/apache/hadoop/conf/Configuration$ParsedTimeDuration
2024-11-12 13:43:16,764 INFO  CreateClassResetClassAdapter - Found static initializer in class org/apache/hadoop/conf/Configuration$ParsedTimeDuration
2024-11-12 13:43:16,764 INFO  EvoClassLoader - Keeping class: org.apache.hadoop.conf.Configuration$ParsedTimeDuration
2024-11-12 13:43:16,765 INFO  EvoClassLoader - Seeing class for first time: org.apache.hadoop.thirdparty.com.google.common.collect.Interners$InternerFunction
2024-11-12 13:43:16,765 INFO  EvoClassLoader - Instrumenting class 'org.apache.hadoop.thirdparty.com.google.common.collect.Interners$InternerFunction'.
2024-11-12 13:43:16,765 INFO  MethodCallReplacementClassAdapter - Adding mock interface to class org/apache/hadoop/thirdparty/com/google/common/collect/Interners$InternerFunction
2024-11-12 13:43:16,765 INFO  CreateClassResetClassAdapter - Creating brand-new static initializer in class org/apache/hadoop/thirdparty/com/google/common/collect/Interners$InternerFunction
2024-11-12 13:43:16,766 INFO  EvoClassLoader - Keeping class: org.apache.hadoop.thirdparty.com.google.common.collect.Interners$InternerFunction
2024-11-12 13:43:16,766 INFO  EvoClassLoader - Seeing class for first time: org.apache.hadoop.thirdparty.com.google.common.collect.MapMakerInternalMap$SerializationProxy
2024-11-12 13:43:16,766 INFO  EvoClassLoader - Instrumenting class 'org.apache.hadoop.thirdparty.com.google.common.collect.MapMakerInternalMap$SerializationProxy'.
2024-11-12 13:43:16,766 INFO  MethodCallReplacementClassAdapter - Adding mock interface to class org/apache/hadoop/thirdparty/com/google/common/collect/MapMakerInternalMap$SerializationProxy
2024-11-12 13:43:16,766 INFO  CreateClassResetClassAdapter - Creating brand-new static initializer in class org/apache/hadoop/thirdparty/com/google/common/collect/MapMakerInternalMap$SerializationProxy
2024-11-12 13:43:16,766 INFO  EvoClassLoader - Seeing class for first time: org.apache.hadoop.thirdparty.com.google.common.collect.MapMakerInternalMap$AbstractSerializationProxy
2024-11-12 13:43:16,766 INFO  EvoClassLoader - Instrumenting class 'org.apache.hadoop.thirdparty.com.google.common.collect.MapMakerInternalMap$AbstractSerializationProxy'.
2024-11-12 13:43:16,767 INFO  MethodCallReplacementClassAdapter - Adding mock interface to class org/apache/hadoop/thirdparty/com/google/common/collect/MapMakerInternalMap$AbstractSerializationProxy
2024-11-12 13:43:16,767 INFO  CreateClassResetClassAdapter - Creating brand-new static initializer in class org/apache/hadoop/thirdparty/com/google/common/collect/MapMakerInternalMap$AbstractSerializationProxy
2024-11-12 13:43:16,767 INFO  EvoClassLoader - Seeing class for first time: org.apache.hadoop.thirdparty.com.google.common.collect.ForwardingConcurrentMap
2024-11-12 13:43:16,767 INFO  EvoClassLoader - Instrumenting class 'org.apache.hadoop.thirdparty.com.google.common.collect.ForwardingConcurrentMap'.
2024-11-12 13:43:16,767 INFO  MethodCallReplacementClassAdapter - Adding mock interface to class org/apache/hadoop/thirdparty/com/google/common/collect/ForwardingConcurrentMap
2024-11-12 13:43:16,767 INFO  CreateClassResetClassAdapter - Creating brand-new static initializer in class org/apache/hadoop/thirdparty/com/google/common/collect/ForwardingConcurrentMap
2024-11-12 13:43:16,767 INFO  EvoClassLoader - Seeing class for first time: org.apache.hadoop.thirdparty.com.google.common.collect.ForwardingMap
2024-11-12 13:43:16,767 INFO  EvoClassLoader - Instrumenting class 'org.apache.hadoop.thirdparty.com.google.common.collect.ForwardingMap'.
2024-11-12 13:43:16,768 INFO  MethodCallReplacementClassAdapter - Adding mock interface to class org/apache/hadoop/thirdparty/com/google/common/collect/ForwardingMap
2024-11-12 13:43:16,768 INFO  CreateClassResetClassAdapter - Creating brand-new static initializer in class org/apache/hadoop/thirdparty/com/google/common/collect/ForwardingMap
2024-11-12 13:43:16,768 INFO  EvoClassLoader - Seeing class for first time: org.apache.hadoop.thirdparty.com.google.common.collect.ForwardingObject
2024-11-12 13:43:16,768 INFO  EvoClassLoader - Instrumenting class 'org.apache.hadoop.thirdparty.com.google.common.collect.ForwardingObject'.
2024-11-12 13:43:16,768 INFO  MethodCallReplacementClassAdapter - Adding mock interface to class org/apache/hadoop/thirdparty/com/google/common/collect/ForwardingObject
2024-11-12 13:43:16,768 INFO  CreateClassResetClassAdapter - Creating brand-new static initializer in class org/apache/hadoop/thirdparty/com/google/common/collect/ForwardingObject
2024-11-12 13:43:16,768 INFO  EvoClassLoader - Keeping class: org.apache.hadoop.thirdparty.com.google.common.collect.ForwardingObject
2024-11-12 13:43:16,768 INFO  EvoClassLoader - Keeping class: org.apache.hadoop.thirdparty.com.google.common.collect.ForwardingMap
2024-11-12 13:43:16,768 INFO  EvoClassLoader - Keeping class: org.apache.hadoop.thirdparty.com.google.common.collect.ForwardingConcurrentMap
2024-11-12 13:43:16,768 INFO  EvoClassLoader - Keeping class: org.apache.hadoop.thirdparty.com.google.common.collect.MapMakerInternalMap$AbstractSerializationProxy
2024-11-12 13:43:16,768 INFO  EvoClassLoader - Keeping class: org.apache.hadoop.thirdparty.com.google.common.collect.MapMakerInternalMap$SerializationProxy
2024-11-12 13:43:16,768 INFO  EvoClassLoader - Seeing class for first time: org.apache.hadoop.thirdparty.com.google.common.collect.MapMakerInternalMap$SafeToArraySet
2024-11-12 13:43:16,768 INFO  EvoClassLoader - Instrumenting class 'org.apache.hadoop.thirdparty.com.google.common.collect.MapMakerInternalMap$SafeToArraySet'.
2024-11-12 13:43:16,769 INFO  MethodCallReplacementClassAdapter - Adding mock interface to class org/apache/hadoop/thirdparty/com/google/common/collect/MapMakerInternalMap$SafeToArraySet
2024-11-12 13:43:16,769 INFO  CreateClassResetClassAdapter - Creating brand-new static initializer in class org/apache/hadoop/thirdparty/com/google/common/collect/MapMakerInternalMap$SafeToArraySet
2024-11-12 13:43:16,769 INFO  EvoClassLoader - Keeping class: org.apache.hadoop.thirdparty.com.google.common.collect.MapMakerInternalMap$SafeToArraySet
2024-11-12 13:43:16,769 INFO  EvoClassLoader - Seeing class for first time: org.apache.hadoop.thirdparty.com.google.common.collect.MapMakerInternalMap$EntrySet
2024-11-12 13:43:16,769 INFO  EvoClassLoader - Instrumenting class 'org.apache.hadoop.thirdparty.com.google.common.collect.MapMakerInternalMap$EntrySet'.
2024-11-12 13:43:16,769 INFO  MethodCallReplacementClassAdapter - Adding mock interface to class org/apache/hadoop/thirdparty/com/google/common/collect/MapMakerInternalMap$EntrySet
2024-11-12 13:43:16,769 INFO  CreateClassResetClassAdapter - Creating brand-new static initializer in class org/apache/hadoop/thirdparty/com/google/common/collect/MapMakerInternalMap$EntrySet
2024-11-12 13:43:16,769 INFO  EvoClassLoader - Keeping class: org.apache.hadoop.thirdparty.com.google.common.collect.MapMakerInternalMap$EntrySet
2024-11-12 13:43:16,769 INFO  EvoClassLoader - Seeing class for first time: org.apache.hadoop.thirdparty.com.google.common.collect.MapMakerInternalMap$Values
2024-11-12 13:43:16,769 INFO  EvoClassLoader - Instrumenting class 'org.apache.hadoop.thirdparty.com.google.common.collect.MapMakerInternalMap$Values'.
2024-11-12 13:43:16,769 INFO  MethodCallReplacementClassAdapter - Adding mock interface to class org/apache/hadoop/thirdparty/com/google/common/collect/MapMakerInternalMap$Values
2024-11-12 13:43:16,770 INFO  CreateClassResetClassAdapter - Creating brand-new static initializer in class org/apache/hadoop/thirdparty/com/google/common/collect/MapMakerInternalMap$Values
2024-11-12 13:43:16,770 INFO  EvoClassLoader - Keeping class: org.apache.hadoop.thirdparty.com.google.common.collect.MapMakerInternalMap$Values
2024-11-12 13:43:16,770 INFO  EvoClassLoader - Seeing class for first time: org.apache.hadoop.thirdparty.com.google.common.collect.MapMakerInternalMap$KeySet
2024-11-12 13:43:16,770 INFO  EvoClassLoader - Instrumenting class 'org.apache.hadoop.thirdparty.com.google.common.collect.MapMakerInternalMap$KeySet'.
2024-11-12 13:43:16,770 INFO  MethodCallReplacementClassAdapter - Adding mock interface to class org/apache/hadoop/thirdparty/com/google/common/collect/MapMakerInternalMap$KeySet
2024-11-12 13:43:16,770 INFO  CreateClassResetClassAdapter - Creating brand-new static initializer in class org/apache/hadoop/thirdparty/com/google/common/collect/MapMakerInternalMap$KeySet
2024-11-12 13:43:16,770 INFO  EvoClassLoader - Keeping class: org.apache.hadoop.thirdparty.com.google.common.collect.MapMakerInternalMap$KeySet
2024-11-12 13:43:16,770 INFO  EvoClassLoader - Seeing class for first time: org.apache.hadoop.thirdparty.com.google.common.collect.MapMakerInternalMap$EntryIterator
2024-11-12 13:43:16,770 INFO  EvoClassLoader - Instrumenting class 'org.apache.hadoop.thirdparty.com.google.common.collect.MapMakerInternalMap$EntryIterator'.
2024-11-12 13:43:16,770 INFO  MethodCallReplacementClassAdapter - Adding mock interface to class org/apache/hadoop/thirdparty/com/google/common/collect/MapMakerInternalMap$EntryIterator
2024-11-12 13:43:16,770 INFO  CreateClassResetClassAdapter - Creating brand-new static initializer in class org/apache/hadoop/thirdparty/com/google/common/collect/MapMakerInternalMap$EntryIterator
2024-11-12 13:43:16,770 INFO  EvoClassLoader - Seeing class for first time: org.apache.hadoop.thirdparty.com.google.common.collect.MapMakerInternalMap$HashIterator
2024-11-12 13:43:16,770 INFO  EvoClassLoader - Instrumenting class 'org.apache.hadoop.thirdparty.com.google.common.collect.MapMakerInternalMap$HashIterator'.
2024-11-12 13:43:16,770 INFO  MethodCallReplacementClassAdapter - Adding mock interface to class org/apache/hadoop/thirdparty/com/google/common/collect/MapMakerInternalMap$HashIterator
2024-11-12 13:43:16,771 INFO  CreateClassResetClassAdapter - Creating brand-new static initializer in class org/apache/hadoop/thirdparty/com/google/common/collect/MapMakerInternalMap$HashIterator
2024-11-12 13:43:16,771 INFO  EvoClassLoader - Keeping class: org.apache.hadoop.thirdparty.com.google.common.collect.MapMakerInternalMap$HashIterator
2024-11-12 13:43:16,771 INFO  EvoClassLoader - Keeping class: org.apache.hadoop.thirdparty.com.google.common.collect.MapMakerInternalMap$EntryIterator
2024-11-12 13:43:16,771 INFO  EvoClassLoader - Seeing class for first time: org.apache.hadoop.thirdparty.com.google.common.collect.MapMakerInternalMap$WriteThroughEntry
2024-11-12 13:43:16,771 INFO  EvoClassLoader - Instrumenting class 'org.apache.hadoop.thirdparty.com.google.common.collect.MapMakerInternalMap$WriteThroughEntry'.
2024-11-12 13:43:16,771 INFO  MethodCallReplacementClassAdapter - Adding mock interface to class org/apache/hadoop/thirdparty/com/google/common/collect/MapMakerInternalMap$WriteThroughEntry
2024-11-12 13:43:16,771 INFO  CreateClassResetClassAdapter - Creating brand-new static initializer in class org/apache/hadoop/thirdparty/com/google/common/collect/MapMakerInternalMap$WriteThroughEntry
2024-11-12 13:43:16,771 INFO  EvoClassLoader - Seeing class for first time: org.apache.hadoop.thirdparty.com.google.common.collect.AbstractMapEntry
2024-11-12 13:43:16,771 INFO  EvoClassLoader - Instrumenting class 'org.apache.hadoop.thirdparty.com.google.common.collect.AbstractMapEntry'.
2024-11-12 13:43:16,771 INFO  MethodCallReplacementClassAdapter - Adding mock interface to class org/apache/hadoop/thirdparty/com/google/common/collect/AbstractMapEntry
2024-11-12 13:43:16,772 INFO  CreateClassResetClassAdapter - Creating brand-new static initializer in class org/apache/hadoop/thirdparty/com/google/common/collect/AbstractMapEntry
2024-11-12 13:43:16,772 INFO  EvoClassLoader - Keeping class: org.apache.hadoop.thirdparty.com.google.common.collect.AbstractMapEntry
2024-11-12 13:43:16,772 INFO  EvoClassLoader - Keeping class: org.apache.hadoop.thirdparty.com.google.common.collect.MapMakerInternalMap$WriteThroughEntry
2024-11-12 13:43:16,772 INFO  EvoClassLoader - Seeing class for first time: org.apache.hadoop.thirdparty.com.google.common.collect.MapMakerInternalMap$ValueIterator
2024-11-12 13:43:16,772 INFO  EvoClassLoader - Instrumenting class 'org.apache.hadoop.thirdparty.com.google.common.collect.MapMakerInternalMap$ValueIterator'.
2024-11-12 13:43:16,772 INFO  MethodCallReplacementClassAdapter - Adding mock interface to class org/apache/hadoop/thirdparty/com/google/common/collect/MapMakerInternalMap$ValueIterator
2024-11-12 13:43:16,772 INFO  CreateClassResetClassAdapter - Creating brand-new static initializer in class org/apache/hadoop/thirdparty/com/google/common/collect/MapMakerInternalMap$ValueIterator
2024-11-12 13:43:16,772 INFO  EvoClassLoader - Keeping class: org.apache.hadoop.thirdparty.com.google.common.collect.MapMakerInternalMap$ValueIterator
2024-11-12 13:43:16,772 INFO  EvoClassLoader - Seeing class for first time: org.apache.hadoop.thirdparty.com.google.common.collect.MapMakerInternalMap$KeyIterator
2024-11-12 13:43:16,772 INFO  EvoClassLoader - Instrumenting class 'org.apache.hadoop.thirdparty.com.google.common.collect.MapMakerInternalMap$KeyIterator'.
2024-11-12 13:43:16,772 INFO  MethodCallReplacementClassAdapter - Adding mock interface to class org/apache/hadoop/thirdparty/com/google/common/collect/MapMakerInternalMap$KeyIterator
2024-11-12 13:43:16,772 INFO  CreateClassResetClassAdapter - Creating brand-new static initializer in class org/apache/hadoop/thirdparty/com/google/common/collect/MapMakerInternalMap$KeyIterator
2024-11-12 13:43:16,772 INFO  EvoClassLoader - Keeping class: org.apache.hadoop.thirdparty.com.google.common.collect.MapMakerInternalMap$KeyIterator
2024-11-12 13:43:16,772 INFO  EvoClassLoader - Seeing class for first time: org.apache.hadoop.thirdparty.com.google.common.collect.MapMakerInternalMap$CleanupMapTask
2024-11-12 13:43:16,772 INFO  EvoClassLoader - Instrumenting class 'org.apache.hadoop.thirdparty.com.google.common.collect.MapMakerInternalMap$CleanupMapTask'.
2024-11-12 13:43:16,772 INFO  MethodCallReplacementClassAdapter - Adding mock interface to class org/apache/hadoop/thirdparty/com/google/common/collect/MapMakerInternalMap$CleanupMapTask
2024-11-12 13:43:16,772 INFO  CreateClassResetClassAdapter - Creating brand-new static initializer in class org/apache/hadoop/thirdparty/com/google/common/collect/MapMakerInternalMap$CleanupMapTask
2024-11-12 13:43:16,773 INFO  EvoClassLoader - Keeping class: org.apache.hadoop.thirdparty.com.google.common.collect.MapMakerInternalMap$CleanupMapTask
2024-11-12 13:43:16,773 INFO  EvoClassLoader - Seeing class for first time: org.apache.hadoop.thirdparty.com.google.common.collect.MapMakerInternalMap$WeakKeyDummyValueSegment
2024-11-12 13:43:16,773 INFO  EvoClassLoader - Instrumenting class 'org.apache.hadoop.thirdparty.com.google.common.collect.MapMakerInternalMap$WeakKeyDummyValueSegment'.
2024-11-12 13:43:16,773 INFO  MethodCallReplacementClassAdapter - Adding mock interface to class org/apache/hadoop/thirdparty/com/google/common/collect/MapMakerInternalMap$WeakKeyDummyValueSegment
2024-11-12 13:43:16,773 INFO  CreateClassResetClassAdapter - Creating brand-new static initializer in class org/apache/hadoop/thirdparty/com/google/common/collect/MapMakerInternalMap$WeakKeyDummyValueSegment
2024-11-12 13:43:16,773 INFO  EvoClassLoader - Keeping class: org.apache.hadoop.thirdparty.com.google.common.collect.MapMakerInternalMap$WeakKeyDummyValueSegment
2024-11-12 13:43:16,773 INFO  EvoClassLoader - Seeing class for first time: org.apache.hadoop.thirdparty.com.google.common.collect.MapMakerInternalMap$WeakKeyWeakValueSegment
2024-11-12 13:43:16,773 INFO  EvoClassLoader - Instrumenting class 'org.apache.hadoop.thirdparty.com.google.common.collect.MapMakerInternalMap$WeakKeyWeakValueSegment'.
2024-11-12 13:43:16,773 INFO  MethodCallReplacementClassAdapter - Adding mock interface to class org/apache/hadoop/thirdparty/com/google/common/collect/MapMakerInternalMap$WeakKeyWeakValueSegment
2024-11-12 13:43:16,773 INFO  CreateClassResetClassAdapter - Creating brand-new static initializer in class org/apache/hadoop/thirdparty/com/google/common/collect/MapMakerInternalMap$WeakKeyWeakValueSegment
2024-11-12 13:43:16,773 INFO  EvoClassLoader - Keeping class: org.apache.hadoop.thirdparty.com.google.common.collect.MapMakerInternalMap$WeakKeyWeakValueSegment
2024-11-12 13:43:16,773 INFO  EvoClassLoader - Seeing class for first time: org.apache.hadoop.thirdparty.com.google.common.collect.MapMakerInternalMap$WeakKeyStrongValueSegment
2024-11-12 13:43:16,773 INFO  EvoClassLoader - Instrumenting class 'org.apache.hadoop.thirdparty.com.google.common.collect.MapMakerInternalMap$WeakKeyStrongValueSegment'.
2024-11-12 13:43:16,774 INFO  MethodCallReplacementClassAdapter - Adding mock interface to class org/apache/hadoop/thirdparty/com/google/common/collect/MapMakerInternalMap$WeakKeyStrongValueSegment
2024-11-12 13:43:16,774 INFO  CreateClassResetClassAdapter - Creating brand-new static initializer in class org/apache/hadoop/thirdparty/com/google/common/collect/MapMakerInternalMap$WeakKeyStrongValueSegment
2024-11-12 13:43:16,774 INFO  EvoClassLoader - Keeping class: org.apache.hadoop.thirdparty.com.google.common.collect.MapMakerInternalMap$WeakKeyStrongValueSegment
2024-11-12 13:43:16,774 INFO  EvoClassLoader - Seeing class for first time: org.apache.hadoop.thirdparty.com.google.common.collect.MapMakerInternalMap$StrongKeyWeakValueSegment
2024-11-12 13:43:16,774 INFO  EvoClassLoader - Instrumenting class 'org.apache.hadoop.thirdparty.com.google.common.collect.MapMakerInternalMap$StrongKeyWeakValueSegment'.
2024-11-12 13:43:16,774 INFO  MethodCallReplacementClassAdapter - Adding mock interface to class org/apache/hadoop/thirdparty/com/google/common/collect/MapMakerInternalMap$StrongKeyWeakValueSegment
2024-11-12 13:43:16,774 INFO  CreateClassResetClassAdapter - Creating brand-new static initializer in class org/apache/hadoop/thirdparty/com/google/common/collect/MapMakerInternalMap$StrongKeyWeakValueSegment
2024-11-12 13:43:16,774 INFO  EvoClassLoader - Keeping class: org.apache.hadoop.thirdparty.com.google.common.collect.MapMakerInternalMap$StrongKeyWeakValueSegment
2024-11-12 13:43:16,774 INFO  EvoClassLoader - Seeing class for first time: org.apache.hadoop.thirdparty.com.google.common.collect.MapMakerInternalMap$StrongKeyStrongValueSegment
2024-11-12 13:43:16,774 INFO  EvoClassLoader - Instrumenting class 'org.apache.hadoop.thirdparty.com.google.common.collect.MapMakerInternalMap$StrongKeyStrongValueSegment'.
2024-11-12 13:43:16,774 INFO  MethodCallReplacementClassAdapter - Adding mock interface to class org/apache/hadoop/thirdparty/com/google/common/collect/MapMakerInternalMap$StrongKeyStrongValueSegment
2024-11-12 13:43:16,775 INFO  CreateClassResetClassAdapter - Creating brand-new static initializer in class org/apache/hadoop/thirdparty/com/google/common/collect/MapMakerInternalMap$StrongKeyStrongValueSegment
2024-11-12 13:43:16,775 INFO  EvoClassLoader - Keeping class: org.apache.hadoop.thirdparty.com.google.common.collect.MapMakerInternalMap$StrongKeyStrongValueSegment
2024-11-12 13:43:16,775 INFO  EvoClassLoader - Seeing class for first time: org.apache.hadoop.thirdparty.com.google.common.collect.MapMakerInternalMap$WeakValueReferenceImpl
2024-11-12 13:43:16,775 INFO  EvoClassLoader - Instrumenting class 'org.apache.hadoop.thirdparty.com.google.common.collect.MapMakerInternalMap$WeakValueReferenceImpl'.
2024-11-12 13:43:16,775 INFO  MethodCallReplacementClassAdapter - Adding mock interface to class org/apache/hadoop/thirdparty/com/google/common/collect/MapMakerInternalMap$WeakValueReferenceImpl
2024-11-12 13:43:16,775 INFO  CreateClassResetClassAdapter - Creating brand-new static initializer in class org/apache/hadoop/thirdparty/com/google/common/collect/MapMakerInternalMap$WeakValueReferenceImpl
2024-11-12 13:43:16,775 INFO  EvoClassLoader - Keeping class: org.apache.hadoop.thirdparty.com.google.common.collect.MapMakerInternalMap$WeakValueReferenceImpl
2024-11-12 13:43:16,775 INFO  EvoClassLoader - Seeing class for first time: org.apache.hadoop.thirdparty.com.google.common.collect.MapMakerInternalMap$WeakKeyWeakValueEntry
2024-11-12 13:43:16,775 INFO  EvoClassLoader - Instrumenting class 'org.apache.hadoop.thirdparty.com.google.common.collect.MapMakerInternalMap$WeakKeyWeakValueEntry'.
2024-11-12 13:43:16,775 INFO  MethodCallReplacementClassAdapter - Adding mock interface to class org/apache/hadoop/thirdparty/com/google/common/collect/MapMakerInternalMap$WeakKeyWeakValueEntry
2024-11-12 13:43:16,775 INFO  CreateClassResetClassAdapter - Creating brand-new static initializer in class org/apache/hadoop/thirdparty/com/google/common/collect/MapMakerInternalMap$WeakKeyWeakValueEntry
2024-11-12 13:43:16,775 INFO  EvoClassLoader - Seeing class for first time: org.apache.hadoop.thirdparty.com.google.common.collect.MapMakerInternalMap$WeakValueEntry
2024-11-12 13:43:16,775 INFO  EvoClassLoader - Instrumenting class 'org.apache.hadoop.thirdparty.com.google.common.collect.MapMakerInternalMap$WeakValueEntry'.
2024-11-12 13:43:16,776 INFO  EvoClassLoader - Keeping class: org.apache.hadoop.thirdparty.com.google.common.collect.MapMakerInternalMap$WeakValueEntry
2024-11-12 13:43:16,776 INFO  EvoClassLoader - Seeing class for first time: org.apache.hadoop.thirdparty.com.google.common.collect.MapMakerInternalMap$AbstractWeakKeyEntry
2024-11-12 13:43:16,776 INFO  EvoClassLoader - Instrumenting class 'org.apache.hadoop.thirdparty.com.google.common.collect.MapMakerInternalMap$AbstractWeakKeyEntry'.
2024-11-12 13:43:16,776 INFO  MethodCallReplacementClassAdapter - Adding mock interface to class org/apache/hadoop/thirdparty/com/google/common/collect/MapMakerInternalMap$AbstractWeakKeyEntry
2024-11-12 13:43:16,776 INFO  CreateClassResetClassAdapter - Creating brand-new static initializer in class org/apache/hadoop/thirdparty/com/google/common/collect/MapMakerInternalMap$AbstractWeakKeyEntry
2024-11-12 13:43:16,776 INFO  EvoClassLoader - Keeping class: org.apache.hadoop.thirdparty.com.google.common.collect.MapMakerInternalMap$AbstractWeakKeyEntry
2024-11-12 13:43:16,777 INFO  EvoClassLoader - Keeping class: org.apache.hadoop.thirdparty.com.google.common.collect.MapMakerInternalMap$WeakKeyWeakValueEntry
2024-11-12 13:43:16,777 INFO  EvoClassLoader - Seeing class for first time: org.apache.hadoop.thirdparty.com.google.common.collect.MapMakerInternalMap$WeakKeyStrongValueEntry
2024-11-12 13:43:16,777 INFO  EvoClassLoader - Instrumenting class 'org.apache.hadoop.thirdparty.com.google.common.collect.MapMakerInternalMap$WeakKeyStrongValueEntry'.
2024-11-12 13:43:16,777 INFO  MethodCallReplacementClassAdapter - Adding mock interface to class org/apache/hadoop/thirdparty/com/google/common/collect/MapMakerInternalMap$WeakKeyStrongValueEntry
2024-11-12 13:43:16,778 INFO  CreateClassResetClassAdapter - Creating brand-new static initializer in class org/apache/hadoop/thirdparty/com/google/common/collect/MapMakerInternalMap$WeakKeyStrongValueEntry
2024-11-12 13:43:16,778 INFO  EvoClassLoader - Keeping class: org.apache.hadoop.thirdparty.com.google.common.collect.MapMakerInternalMap$WeakKeyStrongValueEntry
2024-11-12 13:43:16,779 INFO  EvoClassLoader - Seeing class for first time: org.apache.hadoop.thirdparty.com.google.common.collect.MapMakerInternalMap$WeakKeyDummyValueEntry
2024-11-12 13:43:16,779 INFO  EvoClassLoader - Instrumenting class 'org.apache.hadoop.thirdparty.com.google.common.collect.MapMakerInternalMap$WeakKeyDummyValueEntry'.
2024-11-12 13:43:16,780 INFO  MethodCallReplacementClassAdapter - Adding mock interface to class org/apache/hadoop/thirdparty/com/google/common/collect/MapMakerInternalMap$WeakKeyDummyValueEntry
2024-11-12 13:43:16,780 INFO  CreateClassResetClassAdapter - Creating brand-new static initializer in class org/apache/hadoop/thirdparty/com/google/common/collect/MapMakerInternalMap$WeakKeyDummyValueEntry
2024-11-12 13:43:16,780 INFO  EvoClassLoader - Keeping class: org.apache.hadoop.thirdparty.com.google.common.collect.MapMakerInternalMap$WeakKeyDummyValueEntry
2024-11-12 13:43:16,780 INFO  EvoClassLoader - Seeing class for first time: org.apache.hadoop.thirdparty.com.google.common.collect.MapMakerInternalMap$StrongKeyWeakValueEntry
2024-11-12 13:43:16,780 INFO  EvoClassLoader - Instrumenting class 'org.apache.hadoop.thirdparty.com.google.common.collect.MapMakerInternalMap$StrongKeyWeakValueEntry'.
2024-11-12 13:43:16,781 INFO  MethodCallReplacementClassAdapter - Adding mock interface to class org/apache/hadoop/thirdparty/com/google/common/collect/MapMakerInternalMap$StrongKeyWeakValueEntry
2024-11-12 13:43:16,781 INFO  CreateClassResetClassAdapter - Creating brand-new static initializer in class org/apache/hadoop/thirdparty/com/google/common/collect/MapMakerInternalMap$StrongKeyWeakValueEntry
2024-11-12 13:43:16,782 INFO  EvoClassLoader - Keeping class: org.apache.hadoop.thirdparty.com.google.common.collect.MapMakerInternalMap$StrongKeyWeakValueEntry
2024-11-12 13:43:16,782 INFO  EvoClassLoader - Seeing class for first time: org.apache.hadoop.thirdparty.com.google.common.collect.MapMakerInternalMap$StrongKeyStrongValueEntry
2024-11-12 13:43:16,782 INFO  EvoClassLoader - Instrumenting class 'org.apache.hadoop.thirdparty.com.google.common.collect.MapMakerInternalMap$StrongKeyStrongValueEntry'.
2024-11-12 13:43:16,783 INFO  MethodCallReplacementClassAdapter - Adding mock interface to class org/apache/hadoop/thirdparty/com/google/common/collect/MapMakerInternalMap$StrongKeyStrongValueEntry
2024-11-12 13:43:16,784 INFO  CreateClassResetClassAdapter - Creating brand-new static initializer in class org/apache/hadoop/thirdparty/com/google/common/collect/MapMakerInternalMap$StrongKeyStrongValueEntry
2024-11-12 13:43:16,785 INFO  EvoClassLoader - Keeping class: org.apache.hadoop.thirdparty.com.google.common.collect.MapMakerInternalMap$StrongKeyStrongValueEntry
2024-11-12 13:43:16,862 INFO  EvoClassLoader - Seeing class for first time: org.apache.hadoop.hdfs.protocol.proto.HdfsProtos$HdfsPathHandleProto$1
2024-11-12 13:43:16,862 INFO  EvoClassLoader - Instrumenting class 'org.apache.hadoop.hdfs.protocol.proto.HdfsProtos$HdfsPathHandleProto$1'.
2024-11-12 13:43:16,862 INFO  MethodCallReplacementClassAdapter - Adding mock interface to class org/apache/hadoop/hdfs/protocol/proto/HdfsProtos$HdfsPathHandleProto$1
2024-11-12 13:43:16,863 INFO  EvoClassLoader - Keeping class: org.apache.hadoop.hdfs.protocol.proto.HdfsProtos$HdfsPathHandleProto$1
2024-11-12 13:43:16,863 INFO  EvoClassLoader - Seeing class for first time: org.apache.hadoop.hdfs.protocol.proto.HdfsProtos$HdfsPathHandleProto
2024-11-12 13:43:16,863 INFO  EvoClassLoader - Instrumenting class 'org.apache.hadoop.hdfs.protocol.proto.HdfsProtos$HdfsPathHandleProto'.
2024-11-12 13:43:16,863 INFO  MethodCallReplacementClassAdapter - Adding mock interface to class org/apache/hadoop/hdfs/protocol/proto/HdfsProtos$HdfsPathHandleProto
2024-11-12 13:43:16,864 INFO  CreateClassResetClassAdapter - Found static initializer in class org/apache/hadoop/hdfs/protocol/proto/HdfsProtos$HdfsPathHandleProto
2024-11-12 13:43:16,864 INFO  EvoClassLoader - Seeing class for first time: org.apache.hadoop.hdfs.protocol.proto.HdfsProtos$HdfsPathHandleProtoOrBuilder
2024-11-12 13:43:16,864 INFO  EvoClassLoader - Instrumenting class 'org.apache.hadoop.hdfs.protocol.proto.HdfsProtos$HdfsPathHandleProtoOrBuilder'.
2024-11-12 13:43:16,865 INFO  EvoClassLoader - Keeping class: org.apache.hadoop.hdfs.protocol.proto.HdfsProtos$HdfsPathHandleProtoOrBuilder
2024-11-12 13:43:16,865 INFO  EvoClassLoader - Keeping class: org.apache.hadoop.hdfs.protocol.proto.HdfsProtos$HdfsPathHandleProto
2024-11-12 13:43:16,865 INFO  EvoClassLoader - Seeing class for first time: org.apache.hadoop.hdfs.protocol.proto.HdfsProtos$RouterFederatedStateProto
2024-11-12 13:43:16,865 INFO  EvoClassLoader - Instrumenting class 'org.apache.hadoop.hdfs.protocol.proto.HdfsProtos$RouterFederatedStateProto'.
2024-11-12 13:43:16,865 INFO  MethodCallReplacementClassAdapter - Adding mock interface to class org/apache/hadoop/hdfs/protocol/proto/HdfsProtos$RouterFederatedStateProto
2024-11-12 13:43:16,867 INFO  CreateClassResetClassAdapter - Found static initializer in class org/apache/hadoop/hdfs/protocol/proto/HdfsProtos$RouterFederatedStateProto
2024-11-12 13:43:16,868 INFO  EvoClassLoader - Seeing class for first time: org.apache.hadoop.hdfs.protocol.proto.HdfsProtos$RouterFederatedStateProtoOrBuilder
2024-11-12 13:43:16,868 INFO  EvoClassLoader - Instrumenting class 'org.apache.hadoop.hdfs.protocol.proto.HdfsProtos$RouterFederatedStateProtoOrBuilder'.
2024-11-12 13:43:16,870 INFO  EvoClassLoader - Keeping class: org.apache.hadoop.hdfs.protocol.proto.HdfsProtos$RouterFederatedStateProtoOrBuilder
2024-11-12 13:43:16,870 INFO  EvoClassLoader - Keeping class: org.apache.hadoop.hdfs.protocol.proto.HdfsProtos$RouterFederatedStateProto
2024-11-12 13:43:16,870 INFO  EvoClassLoader - Seeing class for first time: org.apache.hadoop.hdfs.protocol.proto.HdfsProtos$BlockTokenSecretProto
2024-11-12 13:43:16,870 INFO  EvoClassLoader - Instrumenting class 'org.apache.hadoop.hdfs.protocol.proto.HdfsProtos$BlockTokenSecretProto'.
2024-11-12 13:43:16,871 INFO  MethodCallReplacementClassAdapter - Adding mock interface to class org/apache/hadoop/hdfs/protocol/proto/HdfsProtos$BlockTokenSecretProto
2024-11-12 13:43:16,871 INFO  CreateClassResetClassAdapter - Found static initializer in class org/apache/hadoop/hdfs/protocol/proto/HdfsProtos$BlockTokenSecretProto
2024-11-12 13:43:16,872 INFO  EvoClassLoader - Seeing class for first time: org.apache.hadoop.hdfs.protocol.proto.HdfsProtos$BlockTokenSecretProtoOrBuilder
2024-11-12 13:43:16,872 INFO  EvoClassLoader - Instrumenting class 'org.apache.hadoop.hdfs.protocol.proto.HdfsProtos$BlockTokenSecretProtoOrBuilder'.
2024-11-12 13:43:16,873 INFO  EvoClassLoader - Keeping class: org.apache.hadoop.hdfs.protocol.proto.HdfsProtos$BlockTokenSecretProtoOrBuilder
2024-11-12 13:43:16,873 INFO  EvoClassLoader - Keeping class: org.apache.hadoop.hdfs.protocol.proto.HdfsProtos$BlockTokenSecretProto
2024-11-12 13:43:16,873 INFO  EvoClassLoader - Seeing class for first time: org.apache.hadoop.hdfs.protocol.proto.HdfsProtos$RollingUpgradeStatusProto
2024-11-12 13:43:16,873 INFO  EvoClassLoader - Instrumenting class 'org.apache.hadoop.hdfs.protocol.proto.HdfsProtos$RollingUpgradeStatusProto'.
2024-11-12 13:43:16,874 INFO  MethodCallReplacementClassAdapter - Adding mock interface to class org/apache/hadoop/hdfs/protocol/proto/HdfsProtos$RollingUpgradeStatusProto
2024-11-12 13:43:16,874 INFO  CreateClassResetClassAdapter - Found static initializer in class org/apache/hadoop/hdfs/protocol/proto/HdfsProtos$RollingUpgradeStatusProto
2024-11-12 13:43:16,875 INFO  EvoClassLoader - Seeing class for first time: org.apache.hadoop.hdfs.protocol.proto.HdfsProtos$RollingUpgradeStatusProtoOrBuilder
2024-11-12 13:43:16,875 INFO  EvoClassLoader - Instrumenting class 'org.apache.hadoop.hdfs.protocol.proto.HdfsProtos$RollingUpgradeStatusProtoOrBuilder'.
2024-11-12 13:43:16,876 INFO  EvoClassLoader - Keeping class: org.apache.hadoop.hdfs.protocol.proto.HdfsProtos$RollingUpgradeStatusProtoOrBuilder
2024-11-12 13:43:16,876 INFO  EvoClassLoader - Keeping class: org.apache.hadoop.hdfs.protocol.proto.HdfsProtos$RollingUpgradeStatusProto
2024-11-12 13:43:16,876 INFO  EvoClassLoader - Seeing class for first time: org.apache.hadoop.hdfs.protocol.proto.HdfsProtos$SnapshotInfoProto
2024-11-12 13:43:16,876 INFO  EvoClassLoader - Instrumenting class 'org.apache.hadoop.hdfs.protocol.proto.HdfsProtos$SnapshotInfoProto'.
2024-11-12 13:43:16,877 INFO  MethodCallReplacementClassAdapter - Adding mock interface to class org/apache/hadoop/hdfs/protocol/proto/HdfsProtos$SnapshotInfoProto
2024-11-12 13:43:16,877 INFO  CreateClassResetClassAdapter - Found static initializer in class org/apache/hadoop/hdfs/protocol/proto/HdfsProtos$SnapshotInfoProto
2024-11-12 13:43:16,878 INFO  EvoClassLoader - Seeing class for first time: org.apache.hadoop.hdfs.protocol.proto.HdfsProtos$SnapshotInfoProtoOrBuilder
2024-11-12 13:43:16,878 INFO  EvoClassLoader - Instrumenting class 'org.apache.hadoop.hdfs.protocol.proto.HdfsProtos$SnapshotInfoProtoOrBuilder'.
2024-11-12 13:43:16,878 INFO  EvoClassLoader - Keeping class: org.apache.hadoop.hdfs.protocol.proto.HdfsProtos$SnapshotInfoProtoOrBuilder
2024-11-12 13:43:16,878 INFO  EvoClassLoader - Keeping class: org.apache.hadoop.hdfs.protocol.proto.HdfsProtos$SnapshotInfoProto
2024-11-12 13:43:16,878 INFO  EvoClassLoader - Seeing class for first time: org.apache.hadoop.hdfs.protocol.proto.HdfsProtos$SnapshotDiffReportListingProto
2024-11-12 13:43:16,878 INFO  EvoClassLoader - Instrumenting class 'org.apache.hadoop.hdfs.protocol.proto.HdfsProtos$SnapshotDiffReportListingProto'.
2024-11-12 13:43:16,878 INFO  MethodCallReplacementClassAdapter - Adding mock interface to class org/apache/hadoop/hdfs/protocol/proto/HdfsProtos$SnapshotDiffReportListingProto
2024-11-12 13:43:16,879 INFO  CreateClassResetClassAdapter - Found static initializer in class org/apache/hadoop/hdfs/protocol/proto/HdfsProtos$SnapshotDiffReportListingProto
2024-11-12 13:43:16,879 INFO  EvoClassLoader - Seeing class for first time: org.apache.hadoop.hdfs.protocol.proto.HdfsProtos$SnapshotDiffReportListingProtoOrBuilder
2024-11-12 13:43:16,879 INFO  EvoClassLoader - Instrumenting class 'org.apache.hadoop.hdfs.protocol.proto.HdfsProtos$SnapshotDiffReportListingProtoOrBuilder'.
2024-11-12 13:43:16,879 INFO  EvoClassLoader - Keeping class: org.apache.hadoop.hdfs.protocol.proto.HdfsProtos$SnapshotDiffReportListingProtoOrBuilder
2024-11-12 13:43:16,880 INFO  EvoClassLoader - Keeping class: org.apache.hadoop.hdfs.protocol.proto.HdfsProtos$SnapshotDiffReportListingProto
2024-11-12 13:43:16,880 INFO  EvoClassLoader - Seeing class for first time: org.apache.hadoop.hdfs.protocol.proto.HdfsProtos$SnapshotDiffReportCursorProto
2024-11-12 13:43:16,880 INFO  EvoClassLoader - Instrumenting class 'org.apache.hadoop.hdfs.protocol.proto.HdfsProtos$SnapshotDiffReportCursorProto'.
2024-11-12 13:43:16,880 INFO  MethodCallReplacementClassAdapter - Adding mock interface to class org/apache/hadoop/hdfs/protocol/proto/HdfsProtos$SnapshotDiffReportCursorProto
2024-11-12 13:43:16,880 INFO  CreateClassResetClassAdapter - Found static initializer in class org/apache/hadoop/hdfs/protocol/proto/HdfsProtos$SnapshotDiffReportCursorProto
2024-11-12 13:43:16,881 INFO  EvoClassLoader - Seeing class for first time: org.apache.hadoop.hdfs.protocol.proto.HdfsProtos$SnapshotDiffReportCursorProtoOrBuilder
2024-11-12 13:43:16,881 INFO  EvoClassLoader - Instrumenting class 'org.apache.hadoop.hdfs.protocol.proto.HdfsProtos$SnapshotDiffReportCursorProtoOrBuilder'.
2024-11-12 13:43:16,881 INFO  EvoClassLoader - Keeping class: org.apache.hadoop.hdfs.protocol.proto.HdfsProtos$SnapshotDiffReportCursorProtoOrBuilder
2024-11-12 13:43:16,881 INFO  EvoClassLoader - Keeping class: org.apache.hadoop.hdfs.protocol.proto.HdfsProtos$SnapshotDiffReportCursorProto
2024-11-12 13:43:16,881 INFO  EvoClassLoader - Seeing class for first time: org.apache.hadoop.hdfs.protocol.proto.HdfsProtos$SnapshotDiffReportListingEntryProto
2024-11-12 13:43:16,881 INFO  EvoClassLoader - Instrumenting class 'org.apache.hadoop.hdfs.protocol.proto.HdfsProtos$SnapshotDiffReportListingEntryProto'.
2024-11-12 13:43:16,881 INFO  MethodCallReplacementClassAdapter - Adding mock interface to class org/apache/hadoop/hdfs/protocol/proto/HdfsProtos$SnapshotDiffReportListingEntryProto
2024-11-12 13:43:16,882 INFO  CreateClassResetClassAdapter - Found static initializer in class org/apache/hadoop/hdfs/protocol/proto/HdfsProtos$SnapshotDiffReportListingEntryProto
2024-11-12 13:43:16,882 INFO  EvoClassLoader - Seeing class for first time: org.apache.hadoop.hdfs.protocol.proto.HdfsProtos$SnapshotDiffReportListingEntryProtoOrBuilder
2024-11-12 13:43:16,882 INFO  EvoClassLoader - Instrumenting class 'org.apache.hadoop.hdfs.protocol.proto.HdfsProtos$SnapshotDiffReportListingEntryProtoOrBuilder'.
2024-11-12 13:43:16,882 INFO  EvoClassLoader - Keeping class: org.apache.hadoop.hdfs.protocol.proto.HdfsProtos$SnapshotDiffReportListingEntryProtoOrBuilder
2024-11-12 13:43:16,883 INFO  EvoClassLoader - Keeping class: org.apache.hadoop.hdfs.protocol.proto.HdfsProtos$SnapshotDiffReportListingEntryProto
2024-11-12 13:43:16,883 INFO  EvoClassLoader - Seeing class for first time: org.apache.hadoop.hdfs.protocol.proto.HdfsProtos$SnapshotDiffReportProto
2024-11-12 13:43:16,883 INFO  EvoClassLoader - Instrumenting class 'org.apache.hadoop.hdfs.protocol.proto.HdfsProtos$SnapshotDiffReportProto'.
2024-11-12 13:43:16,883 INFO  MethodCallReplacementClassAdapter - Adding mock interface to class org/apache/hadoop/hdfs/protocol/proto/HdfsProtos$SnapshotDiffReportProto
2024-11-12 13:43:16,883 INFO  CreateClassResetClassAdapter - Found static initializer in class org/apache/hadoop/hdfs/protocol/proto/HdfsProtos$SnapshotDiffReportProto
2024-11-12 13:43:16,884 INFO  EvoClassLoader - Seeing class for first time: org.apache.hadoop.hdfs.protocol.proto.HdfsProtos$SnapshotDiffReportProtoOrBuilder
2024-11-12 13:43:16,884 INFO  EvoClassLoader - Instrumenting class 'org.apache.hadoop.hdfs.protocol.proto.HdfsProtos$SnapshotDiffReportProtoOrBuilder'.
2024-11-12 13:43:16,884 INFO  EvoClassLoader - Keeping class: org.apache.hadoop.hdfs.protocol.proto.HdfsProtos$SnapshotDiffReportProtoOrBuilder
2024-11-12 13:43:16,884 INFO  EvoClassLoader - Keeping class: org.apache.hadoop.hdfs.protocol.proto.HdfsProtos$SnapshotDiffReportProto
2024-11-12 13:43:16,884 INFO  EvoClassLoader - Seeing class for first time: org.apache.hadoop.hdfs.protocol.proto.HdfsProtos$SnapshotDiffReportEntryProto
2024-11-12 13:43:16,884 INFO  EvoClassLoader - Instrumenting class 'org.apache.hadoop.hdfs.protocol.proto.HdfsProtos$SnapshotDiffReportEntryProto'.
2024-11-12 13:43:16,884 INFO  MethodCallReplacementClassAdapter - Adding mock interface to class org/apache/hadoop/hdfs/protocol/proto/HdfsProtos$SnapshotDiffReportEntryProto
2024-11-12 13:43:16,885 INFO  CreateClassResetClassAdapter - Found static initializer in class org/apache/hadoop/hdfs/protocol/proto/HdfsProtos$SnapshotDiffReportEntryProto
2024-11-12 13:43:16,885 INFO  EvoClassLoader - Seeing class for first time: org.apache.hadoop.hdfs.protocol.proto.HdfsProtos$SnapshotDiffReportEntryProtoOrBuilder
2024-11-12 13:43:16,885 INFO  EvoClassLoader - Instrumenting class 'org.apache.hadoop.hdfs.protocol.proto.HdfsProtos$SnapshotDiffReportEntryProtoOrBuilder'.
2024-11-12 13:43:16,885 INFO  EvoClassLoader - Keeping class: org.apache.hadoop.hdfs.protocol.proto.HdfsProtos$SnapshotDiffReportEntryProtoOrBuilder
2024-11-12 13:43:16,885 INFO  EvoClassLoader - Keeping class: org.apache.hadoop.hdfs.protocol.proto.HdfsProtos$SnapshotDiffReportEntryProto
2024-11-12 13:43:16,885 INFO  EvoClassLoader - Seeing class for first time: org.apache.hadoop.hdfs.protocol.proto.HdfsProtos$SnapshotListingProto
2024-11-12 13:43:16,885 INFO  EvoClassLoader - Instrumenting class 'org.apache.hadoop.hdfs.protocol.proto.HdfsProtos$SnapshotListingProto'.
2024-11-12 13:43:16,885 INFO  MethodCallReplacementClassAdapter - Adding mock interface to class org/apache/hadoop/hdfs/protocol/proto/HdfsProtos$SnapshotListingProto
2024-11-12 13:43:16,886 INFO  CreateClassResetClassAdapter - Found static initializer in class org/apache/hadoop/hdfs/protocol/proto/HdfsProtos$SnapshotListingProto
2024-11-12 13:43:16,886 INFO  EvoClassLoader - Seeing class for first time: org.apache.hadoop.hdfs.protocol.proto.HdfsProtos$SnapshotListingProtoOrBuilder
2024-11-12 13:43:16,886 INFO  EvoClassLoader - Instrumenting class 'org.apache.hadoop.hdfs.protocol.proto.HdfsProtos$SnapshotListingProtoOrBuilder'.
2024-11-12 13:43:16,886 INFO  EvoClassLoader - Keeping class: org.apache.hadoop.hdfs.protocol.proto.HdfsProtos$SnapshotListingProtoOrBuilder
2024-11-12 13:43:16,886 INFO  EvoClassLoader - Keeping class: org.apache.hadoop.hdfs.protocol.proto.HdfsProtos$SnapshotListingProto
2024-11-12 13:43:16,886 INFO  EvoClassLoader - Seeing class for first time: org.apache.hadoop.hdfs.protocol.proto.HdfsProtos$SnapshottableDirectoryListingProto
2024-11-12 13:43:16,886 INFO  EvoClassLoader - Instrumenting class 'org.apache.hadoop.hdfs.protocol.proto.HdfsProtos$SnapshottableDirectoryListingProto'.
2024-11-12 13:43:16,886 INFO  MethodCallReplacementClassAdapter - Adding mock interface to class org/apache/hadoop/hdfs/protocol/proto/HdfsProtos$SnapshottableDirectoryListingProto
2024-11-12 13:43:16,887 INFO  CreateClassResetClassAdapter - Found static initializer in class org/apache/hadoop/hdfs/protocol/proto/HdfsProtos$SnapshottableDirectoryListingProto
2024-11-12 13:43:16,887 INFO  EvoClassLoader - Seeing class for first time: org.apache.hadoop.hdfs.protocol.proto.HdfsProtos$SnapshottableDirectoryListingProtoOrBuilder
2024-11-12 13:43:16,887 INFO  EvoClassLoader - Instrumenting class 'org.apache.hadoop.hdfs.protocol.proto.HdfsProtos$SnapshottableDirectoryListingProtoOrBuilder'.
2024-11-12 13:43:16,887 INFO  EvoClassLoader - Keeping class: org.apache.hadoop.hdfs.protocol.proto.HdfsProtos$SnapshottableDirectoryListingProtoOrBuilder
2024-11-12 13:43:16,887 INFO  EvoClassLoader - Keeping class: org.apache.hadoop.hdfs.protocol.proto.HdfsProtos$SnapshottableDirectoryListingProto
2024-11-12 13:43:16,887 INFO  EvoClassLoader - Seeing class for first time: org.apache.hadoop.hdfs.protocol.proto.HdfsProtos$SnapshotStatusProto
2024-11-12 13:43:16,887 INFO  EvoClassLoader - Instrumenting class 'org.apache.hadoop.hdfs.protocol.proto.HdfsProtos$SnapshotStatusProto'.
2024-11-12 13:43:16,887 INFO  MethodCallReplacementClassAdapter - Adding mock interface to class org/apache/hadoop/hdfs/protocol/proto/HdfsProtos$SnapshotStatusProto
2024-11-12 13:43:16,888 INFO  CreateClassResetClassAdapter - Found static initializer in class org/apache/hadoop/hdfs/protocol/proto/HdfsProtos$SnapshotStatusProto
2024-11-12 13:43:16,888 INFO  EvoClassLoader - Seeing class for first time: org.apache.hadoop.hdfs.protocol.proto.HdfsProtos$SnapshotStatusProtoOrBuilder
2024-11-12 13:43:16,888 INFO  EvoClassLoader - Instrumenting class 'org.apache.hadoop.hdfs.protocol.proto.HdfsProtos$SnapshotStatusProtoOrBuilder'.
2024-11-12 13:43:16,888 INFO  EvoClassLoader - Keeping class: org.apache.hadoop.hdfs.protocol.proto.HdfsProtos$SnapshotStatusProtoOrBuilder
2024-11-12 13:43:16,888 INFO  EvoClassLoader - Keeping class: org.apache.hadoop.hdfs.protocol.proto.HdfsProtos$SnapshotStatusProto
2024-11-12 13:43:16,888 INFO  EvoClassLoader - Seeing class for first time: org.apache.hadoop.hdfs.protocol.proto.HdfsProtos$SnapshottableDirectoryStatusProto
2024-11-12 13:43:16,888 INFO  EvoClassLoader - Instrumenting class 'org.apache.hadoop.hdfs.protocol.proto.HdfsProtos$SnapshottableDirectoryStatusProto'.
2024-11-12 13:43:16,888 INFO  MethodCallReplacementClassAdapter - Adding mock interface to class org/apache/hadoop/hdfs/protocol/proto/HdfsProtos$SnapshottableDirectoryStatusProto
2024-11-12 13:43:16,889 INFO  CreateClassResetClassAdapter - Found static initializer in class org/apache/hadoop/hdfs/protocol/proto/HdfsProtos$SnapshottableDirectoryStatusProto
2024-11-12 13:43:16,889 INFO  EvoClassLoader - Seeing class for first time: org.apache.hadoop.hdfs.protocol.proto.HdfsProtos$SnapshottableDirectoryStatusProtoOrBuilder
2024-11-12 13:43:16,889 INFO  EvoClassLoader - Instrumenting class 'org.apache.hadoop.hdfs.protocol.proto.HdfsProtos$SnapshottableDirectoryStatusProtoOrBuilder'.
2024-11-12 13:43:16,889 INFO  EvoClassLoader - Keeping class: org.apache.hadoop.hdfs.protocol.proto.HdfsProtos$SnapshottableDirectoryStatusProtoOrBuilder
2024-11-12 13:43:16,889 INFO  EvoClassLoader - Keeping class: org.apache.hadoop.hdfs.protocol.proto.HdfsProtos$SnapshottableDirectoryStatusProto
2024-11-12 13:43:16,889 INFO  EvoClassLoader - Seeing class for first time: org.apache.hadoop.hdfs.protocol.proto.HdfsProtos$BatchedDirectoryListingProto
2024-11-12 13:43:16,889 INFO  EvoClassLoader - Instrumenting class 'org.apache.hadoop.hdfs.protocol.proto.HdfsProtos$BatchedDirectoryListingProto'.
2024-11-12 13:43:16,890 INFO  MethodCallReplacementClassAdapter - Adding mock interface to class org/apache/hadoop/hdfs/protocol/proto/HdfsProtos$BatchedDirectoryListingProto
2024-11-12 13:43:16,890 INFO  CreateClassResetClassAdapter - Found static initializer in class org/apache/hadoop/hdfs/protocol/proto/HdfsProtos$BatchedDirectoryListingProto
2024-11-12 13:43:16,890 INFO  EvoClassLoader - Seeing class for first time: org.apache.hadoop.hdfs.protocol.proto.HdfsProtos$BatchedDirectoryListingProtoOrBuilder
2024-11-12 13:43:16,890 INFO  EvoClassLoader - Instrumenting class 'org.apache.hadoop.hdfs.protocol.proto.HdfsProtos$BatchedDirectoryListingProtoOrBuilder'.
2024-11-12 13:43:16,890 INFO  EvoClassLoader - Keeping class: org.apache.hadoop.hdfs.protocol.proto.HdfsProtos$BatchedDirectoryListingProtoOrBuilder
2024-11-12 13:43:16,890 INFO  EvoClassLoader - Keeping class: org.apache.hadoop.hdfs.protocol.proto.HdfsProtos$BatchedDirectoryListingProto
2024-11-12 13:43:16,890 INFO  EvoClassLoader - Seeing class for first time: org.apache.hadoop.hdfs.protocol.proto.HdfsProtos$RemoteExceptionProto
2024-11-12 13:43:16,890 INFO  EvoClassLoader - Instrumenting class 'org.apache.hadoop.hdfs.protocol.proto.HdfsProtos$RemoteExceptionProto'.
2024-11-12 13:43:16,891 INFO  MethodCallReplacementClassAdapter - Adding mock interface to class org/apache/hadoop/hdfs/protocol/proto/HdfsProtos$RemoteExceptionProto
2024-11-12 13:43:16,891 INFO  CreateClassResetClassAdapter - Found static initializer in class org/apache/hadoop/hdfs/protocol/proto/HdfsProtos$RemoteExceptionProto
2024-11-12 13:43:16,891 INFO  EvoClassLoader - Seeing class for first time: org.apache.hadoop.hdfs.protocol.proto.HdfsProtos$RemoteExceptionProtoOrBuilder
2024-11-12 13:43:16,891 INFO  EvoClassLoader - Instrumenting class 'org.apache.hadoop.hdfs.protocol.proto.HdfsProtos$RemoteExceptionProtoOrBuilder'.
2024-11-12 13:43:16,892 INFO  EvoClassLoader - Keeping class: org.apache.hadoop.hdfs.protocol.proto.HdfsProtos$RemoteExceptionProtoOrBuilder
2024-11-12 13:43:16,892 INFO  EvoClassLoader - Keeping class: org.apache.hadoop.hdfs.protocol.proto.HdfsProtos$RemoteExceptionProto
2024-11-12 13:43:16,892 INFO  EvoClassLoader - Seeing class for first time: org.apache.hadoop.hdfs.protocol.proto.HdfsProtos$DirectoryListingProto
2024-11-12 13:43:16,892 INFO  EvoClassLoader - Instrumenting class 'org.apache.hadoop.hdfs.protocol.proto.HdfsProtos$DirectoryListingProto'.
2024-11-12 13:43:16,892 INFO  MethodCallReplacementClassAdapter - Adding mock interface to class org/apache/hadoop/hdfs/protocol/proto/HdfsProtos$DirectoryListingProto
2024-11-12 13:43:16,892 INFO  CreateClassResetClassAdapter - Found static initializer in class org/apache/hadoop/hdfs/protocol/proto/HdfsProtos$DirectoryListingProto
2024-11-12 13:43:16,893 INFO  EvoClassLoader - Seeing class for first time: org.apache.hadoop.hdfs.protocol.proto.HdfsProtos$DirectoryListingProtoOrBuilder
2024-11-12 13:43:16,893 INFO  EvoClassLoader - Instrumenting class 'org.apache.hadoop.hdfs.protocol.proto.HdfsProtos$DirectoryListingProtoOrBuilder'.
2024-11-12 13:43:16,893 INFO  EvoClassLoader - Keeping class: org.apache.hadoop.hdfs.protocol.proto.HdfsProtos$DirectoryListingProtoOrBuilder
2024-11-12 13:43:16,893 INFO  EvoClassLoader - Keeping class: org.apache.hadoop.hdfs.protocol.proto.HdfsProtos$DirectoryListingProto
2024-11-12 13:43:16,893 INFO  EvoClassLoader - Seeing class for first time: org.apache.hadoop.hdfs.protocol.proto.HdfsProtos$FsServerDefaultsProto
2024-11-12 13:43:16,893 INFO  EvoClassLoader - Instrumenting class 'org.apache.hadoop.hdfs.protocol.proto.HdfsProtos$FsServerDefaultsProto'.
2024-11-12 13:43:16,893 INFO  MethodCallReplacementClassAdapter - Adding mock interface to class org/apache/hadoop/hdfs/protocol/proto/HdfsProtos$FsServerDefaultsProto
2024-11-12 13:43:16,894 INFO  CreateClassResetClassAdapter - Found static initializer in class org/apache/hadoop/hdfs/protocol/proto/HdfsProtos$FsServerDefaultsProto
2024-11-12 13:43:16,894 INFO  EvoClassLoader - Seeing class for first time: org.apache.hadoop.hdfs.protocol.proto.HdfsProtos$FsServerDefaultsProtoOrBuilder
2024-11-12 13:43:16,894 INFO  EvoClassLoader - Instrumenting class 'org.apache.hadoop.hdfs.protocol.proto.HdfsProtos$FsServerDefaultsProtoOrBuilder'.
2024-11-12 13:43:16,895 INFO  EvoClassLoader - Keeping class: org.apache.hadoop.hdfs.protocol.proto.HdfsProtos$FsServerDefaultsProtoOrBuilder
2024-11-12 13:43:16,895 INFO  EvoClassLoader - Keeping class: org.apache.hadoop.hdfs.protocol.proto.HdfsProtos$FsServerDefaultsProto
2024-11-12 13:43:16,895 INFO  EvoClassLoader - Seeing class for first time: org.apache.hadoop.hdfs.protocol.proto.HdfsProtos$BlockChecksumOptionsProto
2024-11-12 13:43:16,895 INFO  EvoClassLoader - Instrumenting class 'org.apache.hadoop.hdfs.protocol.proto.HdfsProtos$BlockChecksumOptionsProto'.
2024-11-12 13:43:16,895 INFO  MethodCallReplacementClassAdapter - Adding mock interface to class org/apache/hadoop/hdfs/protocol/proto/HdfsProtos$BlockChecksumOptionsProto
2024-11-12 13:43:16,895 INFO  CreateClassResetClassAdapter - Found static initializer in class org/apache/hadoop/hdfs/protocol/proto/HdfsProtos$BlockChecksumOptionsProto
2024-11-12 13:43:16,896 INFO  EvoClassLoader - Seeing class for first time: org.apache.hadoop.hdfs.protocol.proto.HdfsProtos$BlockChecksumOptionsProtoOrBuilder
2024-11-12 13:43:16,896 INFO  EvoClassLoader - Instrumenting class 'org.apache.hadoop.hdfs.protocol.proto.HdfsProtos$BlockChecksumOptionsProtoOrBuilder'.
2024-11-12 13:43:16,896 INFO  EvoClassLoader - Keeping class: org.apache.hadoop.hdfs.protocol.proto.HdfsProtos$BlockChecksumOptionsProtoOrBuilder
2024-11-12 13:43:16,896 INFO  EvoClassLoader - Keeping class: org.apache.hadoop.hdfs.protocol.proto.HdfsProtos$BlockChecksumOptionsProto
2024-11-12 13:43:16,896 INFO  EvoClassLoader - Seeing class for first time: org.apache.hadoop.hdfs.protocol.proto.HdfsProtos$HdfsFileStatusProto
2024-11-12 13:43:16,896 INFO  EvoClassLoader - Instrumenting class 'org.apache.hadoop.hdfs.protocol.proto.HdfsProtos$HdfsFileStatusProto'.
2024-11-12 13:43:16,896 INFO  MethodCallReplacementClassAdapter - Adding mock interface to class org/apache/hadoop/hdfs/protocol/proto/HdfsProtos$HdfsFileStatusProto
2024-11-12 13:43:16,897 INFO  CreateClassResetClassAdapter - Found static initializer in class org/apache/hadoop/hdfs/protocol/proto/HdfsProtos$HdfsFileStatusProto
2024-11-12 13:43:16,897 INFO  EvoClassLoader - Seeing class for first time: org.apache.hadoop.hdfs.protocol.proto.HdfsProtos$HdfsFileStatusProtoOrBuilder
2024-11-12 13:43:16,897 INFO  EvoClassLoader - Instrumenting class 'org.apache.hadoop.hdfs.protocol.proto.HdfsProtos$HdfsFileStatusProtoOrBuilder'.
2024-11-12 13:43:16,898 INFO  EvoClassLoader - Keeping class: org.apache.hadoop.hdfs.protocol.proto.HdfsProtos$HdfsFileStatusProtoOrBuilder
2024-11-12 13:43:16,898 INFO  EvoClassLoader - Keeping class: org.apache.hadoop.hdfs.protocol.proto.HdfsProtos$HdfsFileStatusProto
2024-11-12 13:43:16,898 INFO  EvoClassLoader - Seeing class for first time: org.apache.hadoop.hdfs.protocol.proto.HdfsProtos$HdfsPathHandleProto$Builder
2024-11-12 13:43:16,898 INFO  EvoClassLoader - Instrumenting class 'org.apache.hadoop.hdfs.protocol.proto.HdfsProtos$HdfsPathHandleProto$Builder'.
2024-11-12 13:43:16,899 INFO  MethodCallReplacementClassAdapter - Adding mock interface to class org/apache/hadoop/hdfs/protocol/proto/HdfsProtos$HdfsPathHandleProto$Builder
2024-11-12 13:43:16,899 INFO  CreateClassResetClassAdapter - Creating brand-new static initializer in class org/apache/hadoop/hdfs/protocol/proto/HdfsProtos$HdfsPathHandleProto$Builder
2024-11-12 13:43:16,900 INFO  EvoClassLoader - Keeping class: org.apache.hadoop.hdfs.protocol.proto.HdfsProtos$HdfsPathHandleProto$Builder
2024-11-12 13:43:16,901 INFO  EvoClassLoader - Seeing class for first time: org.apache.hadoop.fs.ChecksumFileSystem$FsOperation
2024-11-12 13:43:16,901 INFO  EvoClassLoader - Instrumenting class 'org.apache.hadoop.fs.ChecksumFileSystem$FsOperation'.
2024-11-12 13:43:16,901 INFO  MethodCallReplacementClassAdapter - Adding mock interface to class org/apache/hadoop/fs/ChecksumFileSystem$FsOperation
2024-11-12 13:43:16,901 INFO  CreateClassResetClassAdapter - Creating brand-new static initializer in class org/apache/hadoop/fs/ChecksumFileSystem$FsOperation
2024-11-12 13:43:16,901 INFO  EvoClassLoader - Keeping class: org.apache.hadoop.fs.ChecksumFileSystem$FsOperation
2024-11-12 13:43:16,902 INFO  EvoClassLoader - Seeing class for first time: org.apache.hadoop.fs.TestFileSystemInitialization$FailingFileSystem
2024-11-12 13:43:16,902 INFO  EvoClassLoader - Instrumenting class 'org.apache.hadoop.fs.TestFileSystemInitialization$FailingFileSystem'.
2024-11-12 13:43:16,902 INFO  MethodCallReplacementClassAdapter - Adding mock interface to class org/apache/hadoop/fs/TestFileSystemInitialization$FailingFileSystem
2024-11-12 13:43:16,903 INFO  CreateClassResetClassAdapter - Creating brand-new static initializer in class org/apache/hadoop/fs/TestFileSystemInitialization$FailingFileSystem
2024-11-12 13:43:16,903 INFO  CreateClassResetClassAdapter - Adding bytecode for initializing field INITIALIZE
2024-11-12 13:43:16,903 INFO  CreateClassResetClassAdapter - Adding bytecode for initializing field CLOSE
2024-11-12 13:43:16,903 INFO  CreateClassResetClassAdapter - Adding bytecode for initializing field initCount
2024-11-12 13:43:16,903 INFO  CreateClassResetClassAdapter - Adding bytecode for initializing field closeCount
2024-11-12 13:43:16,903 INFO  EvoClassLoader - Keeping class: org.apache.hadoop.fs.TestFileSystemInitialization$FailingFileSystem
2024-11-12 13:43:16,903 INFO  EvoClassLoader - Seeing class for first time: org.apache.hadoop.fs.TestFileSystemInitialization
2024-11-12 13:43:16,903 INFO  EvoClassLoader - Instrumenting class 'org.apache.hadoop.fs.TestFileSystemInitialization'.
2024-11-12 13:43:16,903 INFO  MethodCallReplacementClassAdapter - Adding mock interface to class org/apache/hadoop/fs/TestFileSystemInitialization
2024-11-12 13:43:16,904 INFO  CreateClassResetClassAdapter - Creating brand-new static initializer in class org/apache/hadoop/fs/TestFileSystemInitialization
2024-11-12 13:43:16,905 INFO  EvoClassLoader - Keeping class: org.apache.hadoop.fs.TestFileSystemInitialization
2024-11-12 13:43:16,905 INFO  EvoClassLoader - Seeing class for first time: org.apache.hadoop.fs.FSProtos$LocalFileSystemPathHandleProto$1
2024-11-12 13:43:16,905 INFO  EvoClassLoader - Instrumenting class 'org.apache.hadoop.fs.FSProtos$LocalFileSystemPathHandleProto$1'.
2024-11-12 13:43:16,905 INFO  MethodCallReplacementClassAdapter - Adding mock interface to class org/apache/hadoop/fs/FSProtos$LocalFileSystemPathHandleProto$1
2024-11-12 13:43:16,905 INFO  EvoClassLoader - Keeping class: org.apache.hadoop.fs.FSProtos$LocalFileSystemPathHandleProto$1
2024-11-12 13:43:16,905 INFO  EvoClassLoader - Seeing class for first time: org.apache.hadoop.fs.FSProtos$LocalFileSystemPathHandleProto
2024-11-12 13:43:16,905 INFO  EvoClassLoader - Instrumenting class 'org.apache.hadoop.fs.FSProtos$LocalFileSystemPathHandleProto'.
2024-11-12 13:43:16,905 INFO  MethodCallReplacementClassAdapter - Adding mock interface to class org/apache/hadoop/fs/FSProtos$LocalFileSystemPathHandleProto
2024-11-12 13:43:16,906 INFO  CreateClassResetClassAdapter - Found static initializer in class org/apache/hadoop/fs/FSProtos$LocalFileSystemPathHandleProto
2024-11-12 13:43:16,906 INFO  EvoClassLoader - Seeing class for first time: org.apache.hadoop.fs.FSProtos$LocalFileSystemPathHandleProtoOrBuilder
2024-11-12 13:43:16,906 INFO  EvoClassLoader - Instrumenting class 'org.apache.hadoop.fs.FSProtos$LocalFileSystemPathHandleProtoOrBuilder'.
2024-11-12 13:43:16,906 INFO  EvoClassLoader - Keeping class: org.apache.hadoop.fs.FSProtos$LocalFileSystemPathHandleProtoOrBuilder
2024-11-12 13:43:16,906 INFO  EvoClassLoader - Keeping class: org.apache.hadoop.fs.FSProtos$LocalFileSystemPathHandleProto
2024-11-12 13:43:16,906 INFO  EvoClassLoader - Seeing class for first time: org.apache.hadoop.fs.FSProtos
2024-11-12 13:43:16,906 INFO  EvoClassLoader - Instrumenting class 'org.apache.hadoop.fs.FSProtos'.
2024-11-12 13:43:16,907 INFO  MethodCallReplacementClassAdapter - Adding mock interface to class org/apache/hadoop/fs/FSProtos
2024-11-12 13:43:16,907 INFO  CreateClassResetClassAdapter - Found static initializer in class org/apache/hadoop/fs/FSProtos
2024-11-12 13:43:16,907 INFO  EvoClassLoader - Keeping class: org.apache.hadoop.fs.FSProtos
2024-11-12 13:43:16,907 INFO  EvoClassLoader - Seeing class for first time: org.apache.hadoop.fs.FSProtos$LocalFileSystemPathHandleProto$Builder
2024-11-12 13:43:16,907 INFO  EvoClassLoader - Instrumenting class 'org.apache.hadoop.fs.FSProtos$LocalFileSystemPathHandleProto$Builder'.
2024-11-12 13:43:16,907 INFO  MethodCallReplacementClassAdapter - Adding mock interface to class org/apache/hadoop/fs/FSProtos$LocalFileSystemPathHandleProto$Builder
2024-11-12 13:43:16,908 INFO  CreateClassResetClassAdapter - Creating brand-new static initializer in class org/apache/hadoop/fs/FSProtos$LocalFileSystemPathHandleProto$Builder
2024-11-12 13:43:16,909 INFO  EvoClassLoader - Keeping class: org.apache.hadoop.fs.FSProtos$LocalFileSystemPathHandleProto$Builder
2024-11-12 13:43:16,909 INFO  EvoClassLoader - Seeing class for first time: org.apache.hadoop.thirdparty.protobuf.MapEntryLite
2024-11-12 13:43:16,909 INFO  EvoClassLoader - Instrumenting class 'org.apache.hadoop.thirdparty.protobuf.MapEntryLite'.
2024-11-12 13:43:16,910 INFO  MethodCallReplacementClassAdapter - Adding mock interface to class org/apache/hadoop/thirdparty/protobuf/MapEntryLite
2024-11-12 13:43:16,910 INFO  CreateClassResetClassAdapter - Creating brand-new static initializer in class org/apache/hadoop/thirdparty/protobuf/MapEntryLite
2024-11-12 13:43:16,910 INFO  CreateClassResetClassAdapter - Adding bytecode for initializing field KEY_FIELD_NUMBER
2024-11-12 13:43:16,910 INFO  CreateClassResetClassAdapter - Adding bytecode for initializing field VALUE_FIELD_NUMBER
2024-11-12 13:43:16,910 INFO  EvoClassLoader - Keeping class: org.apache.hadoop.thirdparty.protobuf.MapEntryLite
2024-11-12 13:43:16,911 INFO  EvoClassLoader - Seeing class for first time: org.apache.hadoop.thirdparty.protobuf.ByteString$1
2024-11-12 13:43:16,911 INFO  EvoClassLoader - Instrumenting class 'org.apache.hadoop.thirdparty.protobuf.ByteString$1'.
2024-11-12 13:43:16,911 INFO  MethodCallReplacementClassAdapter - Adding mock interface to class org/apache/hadoop/thirdparty/protobuf/ByteString$1
2024-11-12 13:43:16,911 INFO  EvoClassLoader - Keeping class: org.apache.hadoop.thirdparty.protobuf.ByteString$1
2024-11-12 13:43:16,911 INFO  EvoClassLoader - Seeing class for first time: org.apache.hadoop.thirdparty.protobuf.RopeByteString
2024-11-12 13:43:16,911 INFO  EvoClassLoader - Instrumenting class 'org.apache.hadoop.thirdparty.protobuf.RopeByteString'.
2024-11-12 13:43:16,911 INFO  MethodCallReplacementClassAdapter - Adding mock interface to class org/apache/hadoop/thirdparty/protobuf/RopeByteString
2024-11-12 13:43:16,912 INFO  CreateClassResetClassAdapter - Found static initializer in class org/apache/hadoop/thirdparty/protobuf/RopeByteString
2024-11-12 13:43:16,913 INFO  EvoClassLoader - Keeping class: org.apache.hadoop.thirdparty.protobuf.RopeByteString
2024-11-12 13:43:16,913 INFO  EvoClassLoader - Seeing class for first time: org.apache.hadoop.thirdparty.protobuf.RopeByteString$RopeInputStream
2024-11-12 13:43:16,913 INFO  EvoClassLoader - Instrumenting class 'org.apache.hadoop.thirdparty.protobuf.RopeByteString$RopeInputStream'.
2024-11-12 13:43:16,913 INFO  MethodCallReplacementClassAdapter - Adding mock interface to class org/apache/hadoop/thirdparty/protobuf/RopeByteString$RopeInputStream
2024-11-12 13:43:16,914 INFO  CreateClassResetClassAdapter - Creating brand-new static initializer in class org/apache/hadoop/thirdparty/protobuf/RopeByteString$RopeInputStream
2024-11-12 13:43:16,914 INFO  EvoClassLoader - Keeping class: org.apache.hadoop.thirdparty.protobuf.RopeByteString$RopeInputStream
2024-11-12 13:43:16,918 INFO  EvoClassLoader - Seeing class for first time: org.apache.hadoop.thirdparty.protobuf.DescriptorProtos$GeneratedCodeInfo$Annotation$1
2024-11-12 13:43:16,918 INFO  EvoClassLoader - Instrumenting class 'org.apache.hadoop.thirdparty.protobuf.DescriptorProtos$GeneratedCodeInfo$Annotation$1'.
2024-11-12 13:43:16,918 INFO  MethodCallReplacementClassAdapter - Adding mock interface to class org/apache/hadoop/thirdparty/protobuf/DescriptorProtos$GeneratedCodeInfo$Annotation$1
2024-11-12 13:43:16,918 INFO  EvoClassLoader - Keeping class: org.apache.hadoop.thirdparty.protobuf.DescriptorProtos$GeneratedCodeInfo$Annotation$1
2024-11-12 13:43:16,919 INFO  EvoClassLoader - Seeing class for first time: org.apache.hadoop.thirdparty.protobuf.DescriptorProtos$GeneratedCodeInfo$Annotation$Builder
2024-11-12 13:43:16,919 INFO  EvoClassLoader - Instrumenting class 'org.apache.hadoop.thirdparty.protobuf.DescriptorProtos$GeneratedCodeInfo$Annotation$Builder'.
2024-11-12 13:43:16,919 INFO  MethodCallReplacementClassAdapter - Adding mock interface to class org/apache/hadoop/thirdparty/protobuf/DescriptorProtos$GeneratedCodeInfo$Annotation$Builder
2024-11-12 13:43:16,920 INFO  CreateClassResetClassAdapter - Creating brand-new static initializer in class org/apache/hadoop/thirdparty/protobuf/DescriptorProtos$GeneratedCodeInfo$Annotation$Builder
2024-11-12 13:43:16,921 INFO  EvoClassLoader - Keeping class: org.apache.hadoop.thirdparty.protobuf.DescriptorProtos$GeneratedCodeInfo$Annotation$Builder
2024-11-12 13:43:16,922 INFO  EvoClassLoader - Seeing class for first time: org.apache.hadoop.thirdparty.protobuf.SourceContextProto
2024-11-12 13:43:16,922 INFO  EvoClassLoader - Instrumenting class 'org.apache.hadoop.thirdparty.protobuf.SourceContextProto'.
2024-11-12 13:43:16,922 INFO  MethodCallReplacementClassAdapter - Adding mock interface to class org/apache/hadoop/thirdparty/protobuf/SourceContextProto
2024-11-12 13:43:16,922 INFO  CreateClassResetClassAdapter - Found static initializer in class org/apache/hadoop/thirdparty/protobuf/SourceContextProto
2024-11-12 13:43:16,922 INFO  EvoClassLoader - Keeping class: org.apache.hadoop.thirdparty.protobuf.SourceContextProto
2024-11-12 13:43:16,923 INFO  EvoClassLoader - Seeing class for first time: org.apache.hadoop.thirdparty.protobuf.AnyProto
2024-11-12 13:43:16,923 INFO  EvoClassLoader - Instrumenting class 'org.apache.hadoop.thirdparty.protobuf.AnyProto'.
2024-11-12 13:43:16,923 INFO  MethodCallReplacementClassAdapter - Adding mock interface to class org/apache/hadoop/thirdparty/protobuf/AnyProto
2024-11-12 13:43:16,923 INFO  CreateClassResetClassAdapter - Found static initializer in class org/apache/hadoop/thirdparty/protobuf/AnyProto
2024-11-12 13:43:16,923 INFO  EvoClassLoader - Keeping class: org.apache.hadoop.thirdparty.protobuf.AnyProto
2024-11-12 13:43:16,923 INFO  EvoClassLoader - Seeing class for first time: org.apache.hadoop.thirdparty.protobuf.TypeProto
2024-11-12 13:43:16,923 INFO  EvoClassLoader - Instrumenting class 'org.apache.hadoop.thirdparty.protobuf.TypeProto'.
2024-11-12 13:43:16,924 INFO  MethodCallReplacementClassAdapter - Adding mock interface to class org/apache/hadoop/thirdparty/protobuf/TypeProto
2024-11-12 13:43:16,924 INFO  CreateClassResetClassAdapter - Found static initializer in class org/apache/hadoop/thirdparty/protobuf/TypeProto
2024-11-12 13:43:16,924 INFO  EvoClassLoader - Keeping class: org.apache.hadoop.thirdparty.protobuf.TypeProto
2024-11-12 13:43:16,925 INFO  EvoClassLoader - Seeing class for first time: org.apache.hadoop.thirdparty.protobuf.ApiProto
2024-11-12 13:43:16,925 INFO  EvoClassLoader - Instrumenting class 'org.apache.hadoop.thirdparty.protobuf.ApiProto'.
2024-11-12 13:43:16,925 INFO  MethodCallReplacementClassAdapter - Adding mock interface to class org/apache/hadoop/thirdparty/protobuf/ApiProto
2024-11-12 13:43:16,926 INFO  CreateClassResetClassAdapter - Found static initializer in class org/apache/hadoop/thirdparty/protobuf/ApiProto
2024-11-12 13:43:16,926 INFO  EvoClassLoader - Keeping class: org.apache.hadoop.thirdparty.protobuf.ApiProto
2024-11-12 13:43:16,927 INFO  log - Logging initialized @58857ms to org.eclipse.jetty.util.log.Slf4jLog
2024-11-12 13:43:16,927 INFO  EvoClassLoader - Seeing class for first time: org.eclipse.jetty.util.component.ContainerLifeCycle$1
2024-11-12 13:43:16,927 INFO  EvoClassLoader - Instrumenting class 'org.eclipse.jetty.util.component.ContainerLifeCycle$1'.
2024-11-12 13:43:16,928 INFO  MethodCallReplacementClassAdapter - Adding mock interface to class org/eclipse/jetty/util/component/ContainerLifeCycle$1
2024-11-12 13:43:16,928 INFO  EvoClassLoader - Keeping class: org.eclipse.jetty.util.component.ContainerLifeCycle$1
2024-11-12 13:43:16,929 INFO  EvoClassLoader - Seeing class for first time: org.apache.hadoop.fs.TestFileSystemCaching$InitializeForeverFileSystem
2024-11-12 13:43:16,929 INFO  EvoClassLoader - Instrumenting class 'org.apache.hadoop.fs.TestFileSystemCaching$InitializeForeverFileSystem'.
2024-11-12 13:43:16,930 INFO  MethodCallReplacementClassAdapter - Adding mock interface to class org/apache/hadoop/fs/TestFileSystemCaching$InitializeForeverFileSystem
2024-11-12 13:43:16,930 INFO  CreateClassResetClassAdapter - Found static initializer in class org/apache/hadoop/fs/TestFileSystemCaching$InitializeForeverFileSystem
2024-11-12 13:43:16,930 INFO  EvoClassLoader - Keeping class: org.apache.hadoop.fs.TestFileSystemCaching$InitializeForeverFileSystem
2024-11-12 13:43:16,930 INFO  EvoClassLoader - Seeing class for first time: org.apache.hadoop.fs.TestFileSystemCaching
2024-11-12 13:43:16,930 INFO  EvoClassLoader - Instrumenting class 'org.apache.hadoop.fs.TestFileSystemCaching'.
2024-11-12 13:43:16,931 INFO  MethodCallReplacementClassAdapter - Adding mock interface to class org/apache/hadoop/fs/TestFileSystemCaching
2024-11-12 13:43:16,932 INFO  CreateClassResetClassAdapter - Creating brand-new static initializer in class org/apache/hadoop/fs/TestFileSystemCaching
2024-11-12 13:43:16,932 INFO  EvoClassLoader - Seeing class for first time: org.apache.hadoop.test.HadoopTestBase
2024-11-12 13:43:16,932 INFO  EvoClassLoader - Instrumenting class 'org.apache.hadoop.test.HadoopTestBase'.
2024-11-12 13:43:16,933 INFO  MethodCallReplacementClassAdapter - Adding mock interface to class org/apache/hadoop/test/HadoopTestBase
2024-11-12 13:43:16,933 INFO  CreateClassResetClassAdapter - Creating brand-new static initializer in class org/apache/hadoop/test/HadoopTestBase
2024-11-12 13:43:16,933 INFO  CreateClassResetClassAdapter - Adding bytecode for initializing field PROPERTY_TEST_DEFAULT_TIMEOUT
2024-11-12 13:43:16,933 INFO  CreateClassResetClassAdapter - Adding bytecode for initializing field TEST_DEFAULT_TIMEOUT_VALUE
2024-11-12 13:43:16,933 INFO  EvoClassLoader - Defined package (3): package org.apache.hadoop.test, 101545829
2024-11-12 13:43:16,933 INFO  EvoClassLoader - Keeping class: org.apache.hadoop.test.HadoopTestBase
2024-11-12 13:43:16,933 INFO  EvoClassLoader - Keeping class: org.apache.hadoop.fs.TestFileSystemCaching
2024-11-12 13:43:16,933 INFO  EvoClassLoader - Seeing class for first time: org.apache.hadoop.fs.TestFileSystemCaching$BlockingInitializer
2024-11-12 13:43:16,933 INFO  EvoClassLoader - Instrumenting class 'org.apache.hadoop.fs.TestFileSystemCaching$BlockingInitializer'.
2024-11-12 13:43:16,933 INFO  MethodCallReplacementClassAdapter - Adding mock interface to class org/apache/hadoop/fs/TestFileSystemCaching$BlockingInitializer
2024-11-12 13:43:16,933 INFO  CreateClassResetClassAdapter - Found static initializer in class org/apache/hadoop/fs/TestFileSystemCaching$BlockingInitializer
2024-11-12 13:43:16,934 INFO  EvoClassLoader - Keeping class: org.apache.hadoop.fs.TestFileSystemCaching$BlockingInitializer
2024-11-12 13:43:16,934 INFO  EvoClassLoader - Seeing class for first time: org.apache.hadoop.fs.FileSystemTestHelper$MockFileSystem
2024-11-12 13:43:16,934 INFO  EvoClassLoader - Instrumenting class 'org.apache.hadoop.fs.FileSystemTestHelper$MockFileSystem'.
2024-11-12 13:43:16,934 INFO  MethodCallReplacementClassAdapter - Adding mock interface to class org/apache/hadoop/fs/FileSystemTestHelper$MockFileSystem
2024-11-12 13:43:16,934 INFO  CreateClassResetClassAdapter - Creating brand-new static initializer in class org/apache/hadoop/fs/FileSystemTestHelper$MockFileSystem
2024-11-12 13:43:16,934 INFO  EvoClassLoader - Keeping class: org.apache.hadoop.fs.FileSystemTestHelper$MockFileSystem
2024-11-12 13:43:16,934 INFO  EvoClassLoader - Seeing class for first time: org.apache.hadoop.fs.FileSystemTestHelper
2024-11-12 13:43:16,934 INFO  EvoClassLoader - Instrumenting class 'org.apache.hadoop.fs.FileSystemTestHelper'.
2024-11-12 13:43:16,935 INFO  MethodCallReplacementClassAdapter - Adding mock interface to class org/apache/hadoop/fs/FileSystemTestHelper
2024-11-12 13:43:16,935 INFO  CreateClassResetClassAdapter - Creating brand-new static initializer in class org/apache/hadoop/fs/FileSystemTestHelper
2024-11-12 13:43:16,935 INFO  CreateClassResetClassAdapter - Adding bytecode for initializing field DEFAULT_BLOCK_SIZE
2024-11-12 13:43:16,935 INFO  CreateClassResetClassAdapter - Adding bytecode for initializing field DEFAULT_NUM_BLOCKS
2024-11-12 13:43:16,935 INFO  CreateClassResetClassAdapter - Adding bytecode for initializing field DEFAULT_NUM_REPL
2024-11-12 13:43:16,935 INFO  EvoClassLoader - Keeping class: org.apache.hadoop.fs.FileSystemTestHelper
2024-11-12 13:43:16,936 INFO  EvoClassLoader - Seeing class for first time: org.mockito.ArgumentMatchers
2024-11-12 13:43:16,936 INFO  EvoClassLoader - Instrumenting class 'org.mockito.ArgumentMatchers'.
2024-11-12 13:43:16,936 INFO  MethodCallReplacementClassAdapter - Adding mock interface to class org/mockito/ArgumentMatchers
2024-11-12 13:43:16,936 INFO  CreateClassResetClassAdapter - Creating brand-new static initializer in class org/mockito/ArgumentMatchers
2024-11-12 13:43:16,936 INFO  EvoClassLoader - Defined package (3): package org.mockito, -218950192
2024-11-12 13:43:16,936 INFO  EvoClassLoader - Keeping class: org.mockito.ArgumentMatchers
2024-11-12 13:43:16,936 INFO  EvoClassLoader - Seeing class for first time: org.mockito.ArgumentMatcher
2024-11-12 13:43:16,936 INFO  EvoClassLoader - Instrumenting class 'org.mockito.ArgumentMatcher'.
2024-11-12 13:43:16,937 INFO  EvoClassLoader - Keeping class: org.mockito.ArgumentMatcher
2024-11-12 13:43:16,937 INFO  EvoClassLoader - Seeing class for first time: org.mockito.internal.MockitoCore
2024-11-12 13:43:16,937 INFO  EvoClassLoader - Instrumenting class 'org.mockito.internal.MockitoCore'.
2024-11-12 13:43:16,938 INFO  MethodCallReplacementClassAdapter - Adding mock interface to class org/mockito/internal/MockitoCore
2024-11-12 13:43:16,939 INFO  CreateClassResetClassAdapter - Creating brand-new static initializer in class org/mockito/internal/MockitoCore
2024-11-12 13:43:16,939 INFO  EvoClassLoader - Defined package (3): package org.mockito.internal, -156488421
2024-11-12 13:43:16,940 INFO  EvoClassLoader - Keeping class: org.mockito.internal.MockitoCore
2024-11-12 13:43:16,940 INFO  EvoClassLoader - Seeing class for first time: org.mockito.stubbing.LenientStubber
2024-11-12 13:43:16,940 INFO  EvoClassLoader - Instrumenting class 'org.mockito.stubbing.LenientStubber'.
2024-11-12 13:43:16,940 INFO  EvoClassLoader - Defined package (3): package org.mockito.stubbing, 1147178060
2024-11-12 13:43:16,940 INFO  EvoClassLoader - Seeing class for first time: org.mockito.stubbing.BaseStubber
2024-11-12 13:43:16,940 INFO  EvoClassLoader - Instrumenting class 'org.mockito.stubbing.BaseStubber'.
2024-11-12 13:43:16,941 INFO  EvoClassLoader - Keeping class: org.mockito.stubbing.BaseStubber
2024-11-12 13:43:16,941 INFO  EvoClassLoader - Keeping class: org.mockito.stubbing.LenientStubber
2024-11-12 13:43:16,941 INFO  EvoClassLoader - Seeing class for first time: org.mockito.exceptions.base.MockitoException
2024-11-12 13:43:16,941 INFO  EvoClassLoader - Instrumenting class 'org.mockito.exceptions.base.MockitoException'.
2024-11-12 13:43:16,941 INFO  MethodCallReplacementClassAdapter - Adding mock interface to class org/mockito/exceptions/base/MockitoException
2024-11-12 13:43:16,941 INFO  CreateClassResetClassAdapter - Creating brand-new static initializer in class org/mockito/exceptions/base/MockitoException
2024-11-12 13:43:16,941 INFO  EvoClassLoader - Defined package (3): package org.mockito.exceptions.base, 2039938141
2024-11-12 13:43:16,941 INFO  EvoClassLoader - Keeping class: org.mockito.exceptions.base.MockitoException
2024-11-12 13:43:16,941 INFO  EvoClassLoader - Seeing class for first time: org.mockito.InOrder
2024-11-12 13:43:16,941 INFO  EvoClassLoader - Instrumenting class 'org.mockito.InOrder'.
2024-11-12 13:43:16,942 INFO  EvoClassLoader - Keeping class: org.mockito.InOrder
2024-11-12 13:43:16,942 INFO  EvoClassLoader - Seeing class for first time: org.mockito.internal.verification.api.VerificationDataInOrder
2024-11-12 13:43:16,942 INFO  EvoClassLoader - Instrumenting class 'org.mockito.internal.verification.api.VerificationDataInOrder'.
2024-11-12 13:43:16,942 INFO  EvoClassLoader - Defined package (3): package org.mockito.internal.verification.api, -1145445318
2024-11-12 13:43:16,942 INFO  EvoClassLoader - Keeping class: org.mockito.internal.verification.api.VerificationDataInOrder
2024-11-12 13:43:16,942 INFO  EvoClassLoader - Seeing class for first time: org.mockito.MockingDetails
2024-11-12 13:43:16,942 INFO  EvoClassLoader - Instrumenting class 'org.mockito.MockingDetails'.
2024-11-12 13:43:16,943 INFO  EvoClassLoader - Keeping class: org.mockito.MockingDetails
2024-11-12 13:43:16,943 INFO  EvoClassLoader - Seeing class for first time: org.mockito.exceptions.misusing.NotAMockException
2024-11-12 13:43:16,943 INFO  EvoClassLoader - Instrumenting class 'org.mockito.exceptions.misusing.NotAMockException'.
2024-11-12 13:43:16,943 INFO  MethodCallReplacementClassAdapter - Adding mock interface to class org/mockito/exceptions/misusing/NotAMockException
2024-11-12 13:43:16,943 INFO  CreateClassResetClassAdapter - Creating brand-new static initializer in class org/mockito/exceptions/misusing/NotAMockException
2024-11-12 13:43:16,943 INFO  EvoClassLoader - Defined package (3): package org.mockito.exceptions.misusing, -1043487719
2024-11-12 13:43:16,945 INFO  EvoClassLoader - Keeping class: org.mockito.exceptions.misusing.NotAMockException
2024-11-12 13:43:16,946 INFO  EvoClassLoader - Seeing class for first time: org.mockito.internal.verification.api.VerificationData
2024-11-12 13:43:16,946 INFO  EvoClassLoader - Instrumenting class 'org.mockito.internal.verification.api.VerificationData'.
2024-11-12 13:43:16,946 INFO  EvoClassLoader - Keeping class: org.mockito.internal.verification.api.VerificationData
2024-11-12 13:43:16,947 INFO  EvoClassLoader - Seeing class for first time: org.mockito.stubbing.Stubber
2024-11-12 13:43:16,947 INFO  EvoClassLoader - Instrumenting class 'org.mockito.stubbing.Stubber'.
2024-11-12 13:43:16,947 INFO  EvoClassLoader - Keeping class: org.mockito.stubbing.Stubber
2024-11-12 13:43:16,947 INFO  EvoClassLoader - Seeing class for first time: org.mockito.verification.VerificationMode
2024-11-12 13:43:16,947 INFO  EvoClassLoader - Instrumenting class 'org.mockito.verification.VerificationMode'.
2024-11-12 13:43:16,947 INFO  EvoClassLoader - Defined package (3): package org.mockito.verification, -390341255
2024-11-12 13:43:16,948 INFO  EvoClassLoader - Keeping class: org.mockito.verification.VerificationMode
2024-11-12 13:43:16,948 INFO  EvoClassLoader - Seeing class for first time: org.mockito.MockSettings
2024-11-12 13:43:16,948 INFO  EvoClassLoader - Instrumenting class 'org.mockito.MockSettings'.
2024-11-12 13:43:16,948 INFO  EvoClassLoader - Keeping class: org.mockito.MockSettings
2024-11-12 13:43:16,948 INFO  EvoClassLoader - Seeing class for first time: org.mockito.stubbing.OngoingStubbing
2024-11-12 13:43:16,948 INFO  EvoClassLoader - Instrumenting class 'org.mockito.stubbing.OngoingStubbing'.
2024-11-12 13:43:16,949 INFO  EvoClassLoader - Keeping class: org.mockito.stubbing.OngoingStubbing
2024-11-12 13:43:16,949 INFO  EvoClassLoader - Seeing class for first time: org.mockito.internal.verification.api.InOrderContext
2024-11-12 13:43:16,949 INFO  EvoClassLoader - Instrumenting class 'org.mockito.internal.verification.api.InOrderContext'.
2024-11-12 13:43:16,949 INFO  EvoClassLoader - Keeping class: org.mockito.internal.verification.api.InOrderContext
2024-11-12 13:43:16,949 INFO  EvoClassLoader - Seeing class for first time: org.mockito.invocation.Invocation
2024-11-12 13:43:16,949 INFO  EvoClassLoader - Instrumenting class 'org.mockito.invocation.Invocation'.
2024-11-12 13:43:16,949 INFO  EvoClassLoader - Defined package (3): package org.mockito.invocation, -1026637970
2024-11-12 13:43:16,950 INFO  EvoClassLoader - Seeing class for first time: org.mockito.invocation.InvocationOnMock
2024-11-12 13:43:16,950 INFO  EvoClassLoader - Instrumenting class 'org.mockito.invocation.InvocationOnMock'.
2024-11-12 13:43:16,950 INFO  EvoClassLoader - Keeping class: org.mockito.invocation.InvocationOnMock
2024-11-12 13:43:16,950 INFO  EvoClassLoader - Seeing class for first time: org.mockito.invocation.DescribedInvocation
2024-11-12 13:43:16,950 INFO  EvoClassLoader - Instrumenting class 'org.mockito.invocation.DescribedInvocation'.
2024-11-12 13:43:16,950 INFO  EvoClassLoader - Keeping class: org.mockito.invocation.DescribedInvocation
2024-11-12 13:43:16,950 INFO  EvoClassLoader - Keeping class: org.mockito.invocation.Invocation
2024-11-12 13:43:16,950 INFO  EvoClassLoader - Seeing class for first time: org.mockito.quality.Strictness
2024-11-12 13:43:16,950 INFO  EvoClassLoader - Instrumenting class 'org.mockito.quality.Strictness'.
2024-11-12 13:43:16,950 INFO  MethodCallReplacementClassAdapter - Adding mock interface to class org/mockito/quality/Strictness
2024-11-12 13:43:16,950 INFO  CreateClassResetClassAdapter - Found static initializer in class org/mockito/quality/Strictness
2024-11-12 13:43:16,950 INFO  EvoClassLoader - Defined package (3): package org.mockito.quality, 904861409
2024-11-12 13:43:16,950 INFO  EvoClassLoader - Keeping class: org.mockito.quality.Strictness
2024-11-12 13:43:16,950 INFO  EvoClassLoader - Seeing class for first time: org.mockito.internal.stubbing.defaultanswers.GloballyConfiguredAnswer
2024-11-12 13:43:16,950 INFO  EvoClassLoader - Instrumenting class 'org.mockito.internal.stubbing.defaultanswers.GloballyConfiguredAnswer'.
2024-11-12 13:43:16,951 INFO  MethodCallReplacementClassAdapter - Adding mock interface to class org/mockito/internal/stubbing/defaultanswers/GloballyConfiguredAnswer
2024-11-12 13:43:16,951 INFO  CreateClassResetClassAdapter - Creating brand-new static initializer in class org/mockito/internal/stubbing/defaultanswers/GloballyConfiguredAnswer
2024-11-12 13:43:16,951 INFO  EvoClassLoader - Defined package (3): package org.mockito.internal.stubbing.defaultanswers, -315287743
2024-11-12 13:43:16,951 INFO  EvoClassLoader - Seeing class for first time: org.mockito.stubbing.Answer
2024-11-12 13:43:16,951 INFO  EvoClassLoader - Instrumenting class 'org.mockito.stubbing.Answer'.
2024-11-12 13:43:16,951 INFO  EvoClassLoader - Keeping class: org.mockito.stubbing.Answer
2024-11-12 13:43:16,951 INFO  EvoClassLoader - Keeping class: org.mockito.internal.stubbing.defaultanswers.GloballyConfiguredAnswer
2024-11-12 13:43:16,951 INFO  EvoClassLoader - Seeing class for first time: org.mockito.internal.stubbing.defaultanswers.ReturnsSmartNulls
2024-11-12 13:43:16,951 INFO  EvoClassLoader - Instrumenting class 'org.mockito.internal.stubbing.defaultanswers.ReturnsSmartNulls'.
2024-11-12 13:43:16,951 INFO  MethodCallReplacementClassAdapter - Adding mock interface to class org/mockito/internal/stubbing/defaultanswers/ReturnsSmartNulls
2024-11-12 13:43:16,951 INFO  CreateClassResetClassAdapter - Creating brand-new static initializer in class org/mockito/internal/stubbing/defaultanswers/ReturnsSmartNulls
2024-11-12 13:43:16,952 INFO  EvoClassLoader - Keeping class: org.mockito.internal.stubbing.defaultanswers.ReturnsSmartNulls
2024-11-12 13:43:16,952 INFO  EvoClassLoader - Seeing class for first time: org.mockito.internal.stubbing.defaultanswers.RetrieveGenericsForDefaultAnswers$AnswerCallback
2024-11-12 13:43:16,952 INFO  EvoClassLoader - Instrumenting class 'org.mockito.internal.stubbing.defaultanswers.RetrieveGenericsForDefaultAnswers$AnswerCallback'.
2024-11-12 13:43:16,952 INFO  EvoClassLoader - Keeping class: org.mockito.internal.stubbing.defaultanswers.RetrieveGenericsForDefaultAnswers$AnswerCallback
2024-11-12 13:43:16,952 INFO  EvoClassLoader - Seeing class for first time: org.mockito.internal.stubbing.defaultanswers.ReturnsMoreEmptyValues
2024-11-12 13:43:16,952 INFO  EvoClassLoader - Instrumenting class 'org.mockito.internal.stubbing.defaultanswers.ReturnsMoreEmptyValues'.
2024-11-12 13:43:16,952 INFO  MethodCallReplacementClassAdapter - Adding mock interface to class org/mockito/internal/stubbing/defaultanswers/ReturnsMoreEmptyValues
2024-11-12 13:43:16,952 INFO  CreateClassResetClassAdapter - Creating brand-new static initializer in class org/mockito/internal/stubbing/defaultanswers/ReturnsMoreEmptyValues
2024-11-12 13:43:16,953 INFO  EvoClassLoader - Keeping class: org.mockito.internal.stubbing.defaultanswers.ReturnsMoreEmptyValues
2024-11-12 13:43:16,953 INFO  EvoClassLoader - Seeing class for first time: org.mockito.internal.stubbing.defaultanswers.ReturnsEmptyValues
2024-11-12 13:43:16,953 INFO  EvoClassLoader - Instrumenting class 'org.mockito.internal.stubbing.defaultanswers.ReturnsEmptyValues'.
2024-11-12 13:43:16,953 INFO  MethodCallReplacementClassAdapter - Adding mock interface to class org/mockito/internal/stubbing/defaultanswers/ReturnsEmptyValues
2024-11-12 13:43:16,953 INFO  CreateClassResetClassAdapter - Creating brand-new static initializer in class org/mockito/internal/stubbing/defaultanswers/ReturnsEmptyValues
2024-11-12 13:43:16,953 INFO  EvoClassLoader - Keeping class: org.mockito.internal.stubbing.defaultanswers.ReturnsEmptyValues
2024-11-12 13:43:16,953 INFO  EvoClassLoader - Seeing class for first time: org.mockito.internal.stubbing.defaultanswers.ReturnsMocks
2024-11-12 13:43:16,953 INFO  EvoClassLoader - Instrumenting class 'org.mockito.internal.stubbing.defaultanswers.ReturnsMocks'.
2024-11-12 13:43:16,953 INFO  MethodCallReplacementClassAdapter - Adding mock interface to class org/mockito/internal/stubbing/defaultanswers/ReturnsMocks
2024-11-12 13:43:16,953 INFO  CreateClassResetClassAdapter - Creating brand-new static initializer in class org/mockito/internal/stubbing/defaultanswers/ReturnsMocks
2024-11-12 13:43:16,954 INFO  EvoClassLoader - Keeping class: org.mockito.internal.stubbing.defaultanswers.ReturnsMocks
2024-11-12 13:43:16,954 INFO  EvoClassLoader - Seeing class for first time: org.mockito.internal.stubbing.defaultanswers.ReturnsDeepStubs
2024-11-12 13:43:16,954 INFO  EvoClassLoader - Instrumenting class 'org.mockito.internal.stubbing.defaultanswers.ReturnsDeepStubs'.
2024-11-12 13:43:16,954 INFO  MethodCallReplacementClassAdapter - Adding mock interface to class org/mockito/internal/stubbing/defaultanswers/ReturnsDeepStubs
2024-11-12 13:43:16,954 INFO  CreateClassResetClassAdapter - Creating brand-new static initializer in class org/mockito/internal/stubbing/defaultanswers/ReturnsDeepStubs
2024-11-12 13:43:16,954 INFO  EvoClassLoader - Keeping class: org.mockito.internal.stubbing.defaultanswers.ReturnsDeepStubs
2024-11-12 13:43:16,954 INFO  EvoClassLoader - Seeing class for first time: org.mockito.internal.stubbing.defaultanswers.ReturnsDeepStubs$ReturnsDeepStubsSerializationFallback
2024-11-12 13:43:16,954 INFO  EvoClassLoader - Instrumenting class 'org.mockito.internal.stubbing.defaultanswers.ReturnsDeepStubs$ReturnsDeepStubsSerializationFallback'.
2024-11-12 13:43:16,954 INFO  MethodCallReplacementClassAdapter - Adding mock interface to class org/mockito/internal/stubbing/defaultanswers/ReturnsDeepStubs$ReturnsDeepStubsSerializationFallback
2024-11-12 13:43:16,954 INFO  CreateClassResetClassAdapter - Creating brand-new static initializer in class org/mockito/internal/stubbing/defaultanswers/ReturnsDeepStubs$ReturnsDeepStubsSerializationFallback
2024-11-12 13:43:16,955 INFO  EvoClassLoader - Keeping class: org.mockito.internal.stubbing.defaultanswers.ReturnsDeepStubs$ReturnsDeepStubsSerializationFallback
2024-11-12 13:43:16,955 INFO  EvoClassLoader - Seeing class for first time: org.mockito.internal.util.reflection.GenericMetadataSupport
2024-11-12 13:43:16,955 INFO  EvoClassLoader - Instrumenting class 'org.mockito.internal.util.reflection.GenericMetadataSupport'.
2024-11-12 13:43:16,955 INFO  MethodCallReplacementClassAdapter - Adding mock interface to class org/mockito/internal/util/reflection/GenericMetadataSupport
2024-11-12 13:43:16,955 INFO  CreateClassResetClassAdapter - Creating brand-new static initializer in class org/mockito/internal/util/reflection/GenericMetadataSupport
2024-11-12 13:43:16,955 INFO  EvoClassLoader - Defined package (3): package org.mockito.internal.util.reflection, -252650812
2024-11-12 13:43:16,955 INFO  EvoClassLoader - Keeping class: org.mockito.internal.util.reflection.GenericMetadataSupport
2024-11-12 13:43:16,955 INFO  EvoClassLoader - Seeing class for first time: org.mockito.internal.stubbing.InvocationContainerImpl
2024-11-12 13:43:16,955 INFO  EvoClassLoader - Instrumenting class 'org.mockito.internal.stubbing.InvocationContainerImpl'.
2024-11-12 13:43:16,956 INFO  MethodCallReplacementClassAdapter - Adding mock interface to class org/mockito/internal/stubbing/InvocationContainerImpl
2024-11-12 13:43:16,956 INFO  CreateClassResetClassAdapter - Found static initializer in class org/mockito/internal/stubbing/InvocationContainerImpl
2024-11-12 13:43:16,956 INFO  EvoClassLoader - Defined package (3): package org.mockito.internal.stubbing, -1955235487
2024-11-12 13:43:16,956 INFO  EvoClassLoader - Seeing class for first time: org.mockito.invocation.InvocationContainer
2024-11-12 13:43:16,956 INFO  EvoClassLoader - Instrumenting class 'org.mockito.invocation.InvocationContainer'.
2024-11-12 13:43:16,957 INFO  EvoClassLoader - Keeping class: org.mockito.invocation.InvocationContainer
2024-11-12 13:43:16,957 INFO  EvoClassLoader - Keeping class: org.mockito.internal.stubbing.InvocationContainerImpl
2024-11-12 13:43:16,957 INFO  EvoClassLoader - Seeing class for first time: org.mockito.internal.stubbing.StubbedInvocationMatcher
2024-11-12 13:43:16,957 INFO  EvoClassLoader - Instrumenting class 'org.mockito.internal.stubbing.StubbedInvocationMatcher'.
2024-11-12 13:43:16,957 INFO  MethodCallReplacementClassAdapter - Adding mock interface to class org/mockito/internal/stubbing/StubbedInvocationMatcher
2024-11-12 13:43:16,957 INFO  CreateClassResetClassAdapter - Creating brand-new static initializer in class org/mockito/internal/stubbing/StubbedInvocationMatcher
2024-11-12 13:43:16,957 INFO  EvoClassLoader - Seeing class for first time: org.mockito.stubbing.Stubbing
2024-11-12 13:43:16,957 INFO  EvoClassLoader - Instrumenting class 'org.mockito.stubbing.Stubbing'.
2024-11-12 13:43:16,957 INFO  EvoClassLoader - Keeping class: org.mockito.stubbing.Stubbing
2024-11-12 13:43:16,957 INFO  EvoClassLoader - Seeing class for first time: org.mockito.internal.invocation.InvocationMatcher
2024-11-12 13:43:16,957 INFO  EvoClassLoader - Instrumenting class 'org.mockito.internal.invocation.InvocationMatcher'.
2024-11-12 13:43:16,958 INFO  MethodCallReplacementClassAdapter - Adding mock interface to class org/mockito/internal/invocation/InvocationMatcher
2024-11-12 13:43:16,958 INFO  CreateClassResetClassAdapter - Creating brand-new static initializer in class org/mockito/internal/invocation/InvocationMatcher
2024-11-12 13:43:16,958 INFO  EvoClassLoader - Defined package (3): package org.mockito.internal.invocation, -1738753213
2024-11-12 13:43:16,958 INFO  EvoClassLoader - Seeing class for first time: org.mockito.invocation.MatchableInvocation
2024-11-12 13:43:16,958 INFO  EvoClassLoader - Instrumenting class 'org.mockito.invocation.MatchableInvocation'.
2024-11-12 13:43:16,958 INFO  EvoClassLoader - Keeping class: org.mockito.invocation.MatchableInvocation
2024-11-12 13:43:16,958 INFO  EvoClassLoader - Keeping class: org.mockito.internal.invocation.InvocationMatcher
2024-11-12 13:43:16,958 INFO  EvoClassLoader - Keeping class: org.mockito.internal.stubbing.StubbedInvocationMatcher
2024-11-12 13:43:16,958 INFO  EvoClassLoader - Seeing class for first time: org.mockito.mock.MockCreationSettings
2024-11-12 13:43:16,958 INFO  EvoClassLoader - Instrumenting class 'org.mockito.mock.MockCreationSettings'.
2024-11-12 13:43:16,958 INFO  EvoClassLoader - Defined package (3): package org.mockito.mock, 677215976
2024-11-12 13:43:16,958 INFO  EvoClassLoader - Keeping class: org.mockito.mock.MockCreationSettings
2024-11-12 13:43:16,958 INFO  EvoClassLoader - Seeing class for first time: org.mockito.internal.stubbing.answers.CallsRealMethods
2024-11-12 13:43:16,958 INFO  EvoClassLoader - Instrumenting class 'org.mockito.internal.stubbing.answers.CallsRealMethods'.
2024-11-12 13:43:16,959 INFO  MethodCallReplacementClassAdapter - Adding mock interface to class org/mockito/internal/stubbing/answers/CallsRealMethods
2024-11-12 13:43:16,959 INFO  CreateClassResetClassAdapter - Creating brand-new static initializer in class org/mockito/internal/stubbing/answers/CallsRealMethods
2024-11-12 13:43:16,959 INFO  EvoClassLoader - Defined package (3): package org.mockito.internal.stubbing.answers, 1154371816
2024-11-12 13:43:16,959 INFO  EvoClassLoader - Seeing class for first time: org.mockito.stubbing.ValidableAnswer
2024-11-12 13:43:16,959 INFO  EvoClassLoader - Instrumenting class 'org.mockito.stubbing.ValidableAnswer'.
2024-11-12 13:43:16,959 INFO  EvoClassLoader - Keeping class: org.mockito.stubbing.ValidableAnswer
2024-11-12 13:43:16,959 INFO  EvoClassLoader - Keeping class: org.mockito.internal.stubbing.answers.CallsRealMethods
2024-11-12 13:43:16,959 INFO  EvoClassLoader - Seeing class for first time: org.mockito.internal.stubbing.defaultanswers.TriesToReturnSelf
2024-11-12 13:43:16,959 INFO  EvoClassLoader - Instrumenting class 'org.mockito.internal.stubbing.defaultanswers.TriesToReturnSelf'.
2024-11-12 13:43:16,959 INFO  MethodCallReplacementClassAdapter - Adding mock interface to class org/mockito/internal/stubbing/defaultanswers/TriesToReturnSelf
2024-11-12 13:43:16,959 INFO  CreateClassResetClassAdapter - Creating brand-new static initializer in class org/mockito/internal/stubbing/defaultanswers/TriesToReturnSelf
2024-11-12 13:43:16,959 INFO  EvoClassLoader - Keeping class: org.mockito.internal.stubbing.defaultanswers.TriesToReturnSelf
2024-11-12 13:43:16,959 INFO  EvoClassLoader - Seeing class for first time: org.mockito.Answers
2024-11-12 13:43:16,959 INFO  EvoClassLoader - Instrumenting class 'org.mockito.Answers'.
2024-11-12 13:43:16,960 INFO  MethodCallReplacementClassAdapter - Adding mock interface to class org/mockito/Answers
2024-11-12 13:43:16,960 INFO  CreateClassResetClassAdapter - Found static initializer in class org/mockito/Answers
2024-11-12 13:43:16,960 INFO  EvoClassLoader - Keeping class: org.mockito.Answers
2024-11-12 13:43:16,960 INFO  EvoClassLoader - Seeing class for first time: org.mockito.Mockito
2024-11-12 13:43:16,960 INFO  EvoClassLoader - Instrumenting class 'org.mockito.Mockito'.
2024-11-12 13:43:16,960 INFO  MethodCallReplacementClassAdapter - Adding mock interface to class org/mockito/Mockito
2024-11-12 13:43:16,960 INFO  CreateClassResetClassAdapter - Found static initializer in class org/mockito/Mockito
2024-11-12 13:43:16,961 INFO  EvoClassLoader - Keeping class: org.mockito.Mockito
2024-11-12 13:43:16,961 INFO  EvoClassLoader - Seeing class for first time: org.mockito.verification.VerificationWithTimeout
2024-11-12 13:43:16,961 INFO  EvoClassLoader - Instrumenting class 'org.mockito.verification.VerificationWithTimeout'.
2024-11-12 13:43:16,961 INFO  EvoClassLoader - Keeping class: org.mockito.verification.VerificationWithTimeout
2024-11-12 13:43:16,961 INFO  EvoClassLoader - Seeing class for first time: org.mockito.MockitoFramework
2024-11-12 13:43:16,961 INFO  EvoClassLoader - Instrumenting class 'org.mockito.MockitoFramework'.
2024-11-12 13:43:16,961 INFO  EvoClassLoader - Keeping class: org.mockito.MockitoFramework
2024-11-12 13:43:16,961 INFO  EvoClassLoader - Seeing class for first time: org.mockito.session.MockitoSessionBuilder
2024-11-12 13:43:16,961 INFO  EvoClassLoader - Instrumenting class 'org.mockito.session.MockitoSessionBuilder'.
2024-11-12 13:43:16,961 INFO  EvoClassLoader - Defined package (3): package org.mockito.session, -2056333192
2024-11-12 13:43:16,961 INFO  EvoClassLoader - Keeping class: org.mockito.session.MockitoSessionBuilder
2024-11-12 13:43:16,961 INFO  EvoClassLoader - Seeing class for first time: org.mockito.MockitoDebugger
2024-11-12 13:43:16,961 INFO  EvoClassLoader - Instrumenting class 'org.mockito.MockitoDebugger'.
2024-11-12 13:43:16,962 INFO  EvoClassLoader - Keeping class: org.mockito.MockitoDebugger
2024-11-12 13:43:16,962 INFO  EvoClassLoader - Seeing class for first time: org.mockito.verification.VerificationAfterDelay
2024-11-12 13:43:16,962 INFO  EvoClassLoader - Instrumenting class 'org.mockito.verification.VerificationAfterDelay'.
2024-11-12 13:43:16,962 INFO  EvoClassLoader - Keeping class: org.mockito.verification.VerificationAfterDelay
2024-11-12 13:43:16,962 INFO  EvoClassLoader - Seeing class for first time: org.mockito.internal.creation.settings.CreationSettings
2024-11-12 13:43:16,962 INFO  EvoClassLoader - Instrumenting class 'org.mockito.internal.creation.settings.CreationSettings'.
2024-11-12 13:43:16,962 INFO  MethodCallReplacementClassAdapter - Adding mock interface to class org/mockito/internal/creation/settings/CreationSettings
2024-11-12 13:43:16,962 INFO  CreateClassResetClassAdapter - Creating brand-new static initializer in class org/mockito/internal/creation/settings/CreationSettings
2024-11-12 13:43:16,962 INFO  EvoClassLoader - Defined package (3): package org.mockito.internal.creation.settings, -2096338881
2024-11-12 13:43:16,962 INFO  EvoClassLoader - Keeping class: org.mockito.internal.creation.settings.CreationSettings
2024-11-12 13:43:16,963 INFO  EvoClassLoader - Seeing class for first time: org.mockito.mock.MockName
2024-11-12 13:43:16,963 INFO  EvoClassLoader - Instrumenting class 'org.mockito.mock.MockName'.
2024-11-12 13:43:16,963 INFO  EvoClassLoader - Keeping class: org.mockito.mock.MockName
2024-11-12 13:43:16,963 INFO  EvoClassLoader - Seeing class for first time: org.mockito.mock.SerializableMode
2024-11-12 13:43:16,963 INFO  EvoClassLoader - Instrumenting class 'org.mockito.mock.SerializableMode'.
2024-11-12 13:43:16,963 INFO  MethodCallReplacementClassAdapter - Adding mock interface to class org/mockito/mock/SerializableMode
2024-11-12 13:43:16,963 INFO  CreateClassResetClassAdapter - Found static initializer in class org/mockito/mock/SerializableMode
2024-11-12 13:43:16,963 INFO  EvoClassLoader - Keeping class: org.mockito.mock.SerializableMode
2024-11-12 13:43:16,963 INFO  EvoClassLoader - Seeing class for first time: org.mockito.internal.creation.MockSettingsImpl
2024-11-12 13:43:16,963 INFO  EvoClassLoader - Instrumenting class 'org.mockito.internal.creation.MockSettingsImpl'.
2024-11-12 13:43:16,964 INFO  MethodCallReplacementClassAdapter - Adding mock interface to class org/mockito/internal/creation/MockSettingsImpl
2024-11-12 13:43:16,964 INFO  CreateClassResetClassAdapter - Creating brand-new static initializer in class org/mockito/internal/creation/MockSettingsImpl
2024-11-12 13:43:16,964 INFO  EvoClassLoader - Defined package (3): package org.mockito.internal.creation, -2008890798
2024-11-12 13:43:16,964 INFO  EvoClassLoader - Keeping class: org.mockito.internal.creation.MockSettingsImpl
2024-11-12 13:43:16,965 INFO  EvoClassLoader - Seeing class for first time: org.mockito.listeners.InvocationListener
2024-11-12 13:43:16,965 INFO  EvoClassLoader - Instrumenting class 'org.mockito.listeners.InvocationListener'.
2024-11-12 13:43:16,965 INFO  EvoClassLoader - Defined package (3): package org.mockito.listeners, 2017212321
2024-11-12 13:43:16,965 INFO  EvoClassLoader - Keeping class: org.mockito.listeners.InvocationListener
2024-11-12 13:43:16,965 INFO  EvoClassLoader - Seeing class for first time: org.mockito.listeners.StubbingLookupListener
2024-11-12 13:43:16,965 INFO  EvoClassLoader - Instrumenting class 'org.mockito.listeners.StubbingLookupListener'.
2024-11-12 13:43:16,965 INFO  EvoClassLoader - Keeping class: org.mockito.listeners.StubbingLookupListener
2024-11-12 13:43:16,965 INFO  EvoClassLoader - Seeing class for first time: org.mockito.listeners.VerificationStartedListener
2024-11-12 13:43:16,965 INFO  EvoClassLoader - Instrumenting class 'org.mockito.listeners.VerificationStartedListener'.
2024-11-12 13:43:16,965 INFO  EvoClassLoader - Keeping class: org.mockito.listeners.VerificationStartedListener
2024-11-12 13:43:16,965 INFO  EvoClassLoader - Seeing class for first time: org.mockito.internal.util.MockCreationValidator
2024-11-12 13:43:16,965 INFO  EvoClassLoader - Instrumenting class 'org.mockito.internal.util.MockCreationValidator'.
2024-11-12 13:43:16,966 INFO  MethodCallReplacementClassAdapter - Adding mock interface to class org/mockito/internal/util/MockCreationValidator
2024-11-12 13:43:16,966 INFO  CreateClassResetClassAdapter - Creating brand-new static initializer in class org/mockito/internal/util/MockCreationValidator
2024-11-12 13:43:16,966 INFO  EvoClassLoader - Defined package (3): package org.mockito.internal.util, 1337586933
2024-11-12 13:43:16,968 INFO  EvoClassLoader - Keeping class: org.mockito.internal.util.MockCreationValidator
2024-11-12 13:43:16,968 INFO  EvoClassLoader - Seeing class for first time: org.mockito.internal.configuration.plugins.PluginRegistry
2024-11-12 13:43:16,968 INFO  EvoClassLoader - Instrumenting class 'org.mockito.internal.configuration.plugins.PluginRegistry'.
2024-11-12 13:43:16,968 INFO  MethodCallReplacementClassAdapter - Adding mock interface to class org/mockito/internal/configuration/plugins/PluginRegistry
2024-11-12 13:43:16,969 INFO  CreateClassResetClassAdapter - Creating brand-new static initializer in class org/mockito/internal/configuration/plugins/PluginRegistry
2024-11-12 13:43:16,969 INFO  EvoClassLoader - Defined package (3): package org.mockito.internal.configuration.plugins, -1086470635
2024-11-12 13:43:16,969 INFO  EvoClassLoader - Keeping class: org.mockito.internal.configuration.plugins.PluginRegistry
2024-11-12 13:43:16,970 INFO  EvoClassLoader - Seeing class for first time: org.mockito.plugins.PluginSwitch
2024-11-12 13:43:16,970 INFO  EvoClassLoader - Instrumenting class 'org.mockito.plugins.PluginSwitch'.
2024-11-12 13:43:16,970 INFO  EvoClassLoader - Defined package (3): package org.mockito.plugins, -221983358
2024-11-12 13:43:16,970 INFO  EvoClassLoader - Keeping class: org.mockito.plugins.PluginSwitch
2024-11-12 13:43:16,970 INFO  EvoClassLoader - Seeing class for first time: org.mockito.plugins.InstantiatorProvider2
2024-11-12 13:43:16,970 INFO  EvoClassLoader - Instrumenting class 'org.mockito.plugins.InstantiatorProvider2'.
2024-11-12 13:43:16,971 INFO  EvoClassLoader - Keeping class: org.mockito.plugins.InstantiatorProvider2
2024-11-12 13:43:16,971 INFO  EvoClassLoader - Seeing class for first time: org.mockito.plugins.AnnotationEngine
2024-11-12 13:43:16,971 INFO  EvoClassLoader - Instrumenting class 'org.mockito.plugins.AnnotationEngine'.
2024-11-12 13:43:16,971 INFO  EvoClassLoader - Keeping class: org.mockito.plugins.AnnotationEngine
2024-11-12 13:43:16,971 INFO  EvoClassLoader - Seeing class for first time: org.mockito.plugins.MockMaker
2024-11-12 13:43:16,971 INFO  EvoClassLoader - Instrumenting class 'org.mockito.plugins.MockMaker'.
2024-11-12 13:43:16,971 INFO  EvoClassLoader - Keeping class: org.mockito.plugins.MockMaker
2024-11-12 13:43:16,971 INFO  EvoClassLoader - Seeing class for first time: org.mockito.plugins.MockitoLogger
2024-11-12 13:43:16,971 INFO  EvoClassLoader - Instrumenting class 'org.mockito.plugins.MockitoLogger'.
2024-11-12 13:43:16,972 INFO  EvoClassLoader - Keeping class: org.mockito.plugins.MockitoLogger
2024-11-12 13:43:16,972 INFO  EvoClassLoader - Seeing class for first time: org.mockito.plugins.StackTraceCleanerProvider
2024-11-12 13:43:16,972 INFO  EvoClassLoader - Instrumenting class 'org.mockito.plugins.StackTraceCleanerProvider'.
2024-11-12 13:43:16,972 INFO  EvoClassLoader - Keeping class: org.mockito.plugins.StackTraceCleanerProvider
2024-11-12 13:43:16,972 INFO  EvoClassLoader - Seeing class for first time: org.mockito.internal.configuration.plugins.PluginLoader
2024-11-12 13:43:16,972 INFO  EvoClassLoader - Instrumenting class 'org.mockito.internal.configuration.plugins.PluginLoader'.
2024-11-12 13:43:16,972 INFO  MethodCallReplacementClassAdapter - Adding mock interface to class org/mockito/internal/configuration/plugins/PluginLoader
2024-11-12 13:43:16,973 INFO  CreateClassResetClassAdapter - Creating brand-new static initializer in class org/mockito/internal/configuration/plugins/PluginLoader
2024-11-12 13:43:16,973 INFO  EvoClassLoader - Keeping class: org.mockito.internal.configuration.plugins.PluginLoader
2024-11-12 13:43:16,973 INFO  EvoClassLoader - Seeing class for first time: org.mockito.internal.configuration.plugins.DefaultPluginSwitch
2024-11-12 13:43:16,973 INFO  EvoClassLoader - Instrumenting class 'org.mockito.internal.configuration.plugins.DefaultPluginSwitch'.
2024-11-12 13:43:16,973 INFO  MethodCallReplacementClassAdapter - Adding mock interface to class org/mockito/internal/configuration/plugins/DefaultPluginSwitch
2024-11-12 13:43:16,973 INFO  CreateClassResetClassAdapter - Creating brand-new static initializer in class org/mockito/internal/configuration/plugins/DefaultPluginSwitch
2024-11-12 13:43:16,974 INFO  EvoClassLoader - Keeping class: org.mockito.internal.configuration.plugins.DefaultPluginSwitch
2024-11-12 13:43:16,974 INFO  EvoClassLoader - Seeing class for first time: org.mockito.internal.configuration.plugins.DefaultMockitoPlugins
2024-11-12 13:43:16,974 INFO  EvoClassLoader - Instrumenting class 'org.mockito.internal.configuration.plugins.DefaultMockitoPlugins'.
2024-11-12 13:43:16,974 INFO  MethodCallReplacementClassAdapter - Adding mock interface to class org/mockito/internal/configuration/plugins/DefaultMockitoPlugins
2024-11-12 13:43:16,974 INFO  CreateClassResetClassAdapter - Found static initializer in class org/mockito/internal/configuration/plugins/DefaultMockitoPlugins
2024-11-12 13:43:16,975 INFO  EvoClassLoader - Seeing class for first time: org.mockito.plugins.MockitoPlugins
2024-11-12 13:43:16,975 INFO  EvoClassLoader - Instrumenting class 'org.mockito.plugins.MockitoPlugins'.
2024-11-12 13:43:16,975 INFO  EvoClassLoader - Keeping class: org.mockito.plugins.MockitoPlugins
2024-11-12 13:43:16,975 INFO  EvoClassLoader - Keeping class: org.mockito.internal.configuration.plugins.DefaultMockitoPlugins
2024-11-12 13:43:16,975 INFO  EvoClassLoader - Seeing class for first time: org.mockito.internal.configuration.plugins.PluginInitializer
2024-11-12 13:43:16,975 INFO  EvoClassLoader - Instrumenting class 'org.mockito.internal.configuration.plugins.PluginInitializer'.
2024-11-12 13:43:16,975 INFO  MethodCallReplacementClassAdapter - Adding mock interface to class org/mockito/internal/configuration/plugins/PluginInitializer
2024-11-12 13:43:16,976 INFO  CreateClassResetClassAdapter - Creating brand-new static initializer in class org/mockito/internal/configuration/plugins/PluginInitializer
2024-11-12 13:43:16,977 INFO  EvoClassLoader - Keeping class: org.mockito.internal.configuration.plugins.PluginInitializer
2024-11-12 13:43:16,977 INFO  EvoClassLoader - Seeing class for first time: org.mockito.internal.configuration.plugins.PluginFinder
2024-11-12 13:43:16,977 INFO  EvoClassLoader - Instrumenting class 'org.mockito.internal.configuration.plugins.PluginFinder'.
2024-11-12 13:43:16,977 INFO  MethodCallReplacementClassAdapter - Adding mock interface to class org/mockito/internal/configuration/plugins/PluginFinder
2024-11-12 13:43:16,977 INFO  CreateClassResetClassAdapter - Creating brand-new static initializer in class org/mockito/internal/configuration/plugins/PluginFinder
2024-11-12 13:43:16,978 INFO  EvoClassLoader - Keeping class: org.mockito.internal.configuration.plugins.PluginFinder
2024-11-12 13:43:16,978 INFO  EvoClassLoader - Seeing class for first time: org.mockito.internal.util.collections.Iterables
2024-11-12 13:43:16,978 INFO  EvoClassLoader - Instrumenting class 'org.mockito.internal.util.collections.Iterables'.
2024-11-12 13:43:16,978 INFO  MethodCallReplacementClassAdapter - Adding mock interface to class org/mockito/internal/util/collections/Iterables
2024-11-12 13:43:16,979 INFO  CreateClassResetClassAdapter - Creating brand-new static initializer in class org/mockito/internal/util/collections/Iterables
2024-11-12 13:43:16,979 INFO  EvoClassLoader - Defined package (3): package org.mockito.internal.util.collections, 2017266204
2024-11-12 13:43:16,979 INFO  EvoClassLoader - Keeping class: org.mockito.internal.util.collections.Iterables
2024-11-12 13:43:16,979 INFO  EvoClassLoader - Seeing class for first time: org.mockito.internal.creation.bytebuddy.ByteBuddyMockMaker
2024-11-12 13:43:16,979 INFO  EvoClassLoader - Instrumenting class 'org.mockito.internal.creation.bytebuddy.ByteBuddyMockMaker'.
2024-11-12 13:43:16,979 INFO  MethodCallReplacementClassAdapter - Adding mock interface to class org/mockito/internal/creation/bytebuddy/ByteBuddyMockMaker
2024-11-12 13:43:16,980 INFO  CreateClassResetClassAdapter - Creating brand-new static initializer in class org/mockito/internal/creation/bytebuddy/ByteBuddyMockMaker
2024-11-12 13:43:16,980 INFO  EvoClassLoader - Defined package (3): package org.mockito.internal.creation.bytebuddy, 160730658
2024-11-12 13:43:16,980 INFO  EvoClassLoader - Seeing class for first time: org.mockito.internal.creation.bytebuddy.ClassCreatingMockMaker
2024-11-12 13:43:16,980 INFO  EvoClassLoader - Instrumenting class 'org.mockito.internal.creation.bytebuddy.ClassCreatingMockMaker'.
2024-11-12 13:43:16,980 INFO  EvoClassLoader - Keeping class: org.mockito.internal.creation.bytebuddy.ClassCreatingMockMaker
2024-11-12 13:43:16,980 INFO  EvoClassLoader - Keeping class: org.mockito.internal.creation.bytebuddy.ByteBuddyMockMaker
2024-11-12 13:43:16,980 INFO  EvoClassLoader - Seeing class for first time: org.mockito.plugins.MockMaker$TypeMockability
2024-11-12 13:43:16,980 INFO  EvoClassLoader - Instrumenting class 'org.mockito.plugins.MockMaker$TypeMockability'.
2024-11-12 13:43:16,980 INFO  EvoClassLoader - Keeping class: org.mockito.plugins.MockMaker$TypeMockability
2024-11-12 13:43:16,980 INFO  EvoClassLoader - Seeing class for first time: org.mockito.invocation.MockHandler
2024-11-12 13:43:16,980 INFO  EvoClassLoader - Instrumenting class 'org.mockito.invocation.MockHandler'.
2024-11-12 13:43:16,980 INFO  EvoClassLoader - Keeping class: org.mockito.invocation.MockHandler
2024-11-12 13:43:16,981 INFO  EvoClassLoader - Seeing class for first time: org.mockito.internal.creation.bytebuddy.SubclassByteBuddyMockMaker
2024-11-12 13:43:16,981 INFO  EvoClassLoader - Instrumenting class 'org.mockito.internal.creation.bytebuddy.SubclassByteBuddyMockMaker'.
2024-11-12 13:43:16,981 INFO  MethodCallReplacementClassAdapter - Adding mock interface to class org/mockito/internal/creation/bytebuddy/SubclassByteBuddyMockMaker
2024-11-12 13:43:16,981 INFO  CreateClassResetClassAdapter - Creating brand-new static initializer in class org/mockito/internal/creation/bytebuddy/SubclassByteBuddyMockMaker
2024-11-12 13:43:16,982 INFO  EvoClassLoader - Keeping class: org.mockito.internal.creation.bytebuddy.SubclassByteBuddyMockMaker
2024-11-12 13:43:16,982 INFO  EvoClassLoader - Seeing class for first time: org.mockito.creation.instance.InstantiationException
2024-11-12 13:43:16,982 INFO  EvoClassLoader - Instrumenting class 'org.mockito.creation.instance.InstantiationException'.
2024-11-12 13:43:16,982 INFO  MethodCallReplacementClassAdapter - Adding mock interface to class org/mockito/creation/instance/InstantiationException
2024-11-12 13:43:16,982 INFO  CreateClassResetClassAdapter - Creating brand-new static initializer in class org/mockito/creation/instance/InstantiationException
2024-11-12 13:43:16,982 INFO  EvoClassLoader - Defined package (3): package org.mockito.creation.instance, -680245722
2024-11-12 13:43:16,982 INFO  EvoClassLoader - Keeping class: org.mockito.creation.instance.InstantiationException
2024-11-12 13:43:16,982 INFO  EvoClassLoader - Seeing class for first time: org.mockito.internal.creation.bytebuddy.SubclassLoader
2024-11-12 13:43:16,982 INFO  EvoClassLoader - Instrumenting class 'org.mockito.internal.creation.bytebuddy.SubclassLoader'.
2024-11-12 13:43:16,983 INFO  EvoClassLoader - Keeping class: org.mockito.internal.creation.bytebuddy.SubclassLoader
2024-11-12 13:43:16,983 INFO  EvoClassLoader - Seeing class for first time: org.mockito.internal.creation.bytebuddy.BytecodeGenerator
2024-11-12 13:43:16,983 INFO  EvoClassLoader - Instrumenting class 'org.mockito.internal.creation.bytebuddy.BytecodeGenerator'.
2024-11-12 13:43:16,983 INFO  EvoClassLoader - Keeping class: org.mockito.internal.creation.bytebuddy.BytecodeGenerator
2024-11-12 13:43:16,983 INFO  EvoClassLoader - Seeing class for first time: org.mockito.internal.util.StringUtil
2024-11-12 13:43:16,983 INFO  EvoClassLoader - Instrumenting class 'org.mockito.internal.util.StringUtil'.
2024-11-12 13:43:16,983 INFO  MethodCallReplacementClassAdapter - Adding mock interface to class org/mockito/internal/util/StringUtil
2024-11-12 13:43:16,983 INFO  CreateClassResetClassAdapter - Found static initializer in class org/mockito/internal/util/StringUtil
2024-11-12 13:43:16,984 INFO  EvoClassLoader - Keeping class: org.mockito.internal.util.StringUtil
2024-11-12 13:43:16,984 INFO  EvoClassLoader - Seeing class for first time: org.mockito.internal.creation.bytebuddy.SubclassInjectionLoader
2024-11-12 13:43:16,984 INFO  EvoClassLoader - Instrumenting class 'org.mockito.internal.creation.bytebuddy.SubclassInjectionLoader'.
2024-11-12 13:43:16,984 INFO  MethodCallReplacementClassAdapter - Adding mock interface to class org/mockito/internal/creation/bytebuddy/SubclassInjectionLoader
2024-11-12 13:43:16,984 INFO  CreateClassResetClassAdapter - Found static initializer in class org/mockito/internal/creation/bytebuddy/SubclassInjectionLoader
2024-11-12 13:43:16,984 INFO  EvoClassLoader - Keeping class: org.mockito.internal.creation.bytebuddy.SubclassInjectionLoader
2024-11-12 13:43:16,984 INFO  EvoClassLoader - Seeing class for first time: net.bytebuddy.dynamic.loading.ClassLoadingStrategy
2024-11-12 13:43:16,984 INFO  EvoClassLoader - Instrumenting class 'net.bytebuddy.dynamic.loading.ClassLoadingStrategy'.
2024-11-12 13:43:16,985 INFO  EvoClassLoader - Defined package (3): package net.bytebuddy.dynamic.loading, -549610932
2024-11-12 13:43:16,985 INFO  EvoClassLoader - Keeping class: net.bytebuddy.dynamic.loading.ClassLoadingStrategy
2024-11-12 13:43:16,985 INFO  EvoClassLoader - Seeing class for first time: net.bytebuddy.dynamic.loading.ClassInjector$AbstractBase
2024-11-12 13:43:16,985 INFO  EvoClassLoader - Instrumenting class 'net.bytebuddy.dynamic.loading.ClassInjector$AbstractBase'.
2024-11-12 13:43:16,985 INFO  MethodCallReplacementClassAdapter - Adding mock interface to class net/bytebuddy/dynamic/loading/ClassInjector$AbstractBase
2024-11-12 13:43:16,985 INFO  CreateClassResetClassAdapter - Creating brand-new static initializer in class net/bytebuddy/dynamic/loading/ClassInjector$AbstractBase
2024-11-12 13:43:16,985 INFO  EvoClassLoader - Seeing class for first time: net.bytebuddy.dynamic.loading.ClassInjector
2024-11-12 13:43:16,985 INFO  EvoClassLoader - Instrumenting class 'net.bytebuddy.dynamic.loading.ClassInjector'.
2024-11-12 13:43:16,985 INFO  EvoClassLoader - Keeping class: net.bytebuddy.dynamic.loading.ClassInjector
2024-11-12 13:43:16,985 INFO  EvoClassLoader - Keeping class: net.bytebuddy.dynamic.loading.ClassInjector$AbstractBase
2024-11-12 13:43:16,985 INFO  EvoClassLoader - Seeing class for first time: net.bytebuddy.dynamic.loading.ClassInjector$UsingInstrumentation
2024-11-12 13:43:16,985 INFO  EvoClassLoader - Instrumenting class 'net.bytebuddy.dynamic.loading.ClassInjector$UsingInstrumentation'.
2024-11-12 13:43:16,986 INFO  MethodCallReplacementClassAdapter - Adding mock interface to class net/bytebuddy/dynamic/loading/ClassInjector$UsingInstrumentation
2024-11-12 13:43:16,986 INFO  CreateClassResetClassAdapter - Found static initializer in class net/bytebuddy/dynamic/loading/ClassInjector$UsingInstrumentation
2024-11-12 13:43:16,987 INFO  EvoClassLoader - Keeping class: net.bytebuddy.dynamic.loading.ClassInjector$UsingInstrumentation
2024-11-12 13:43:16,987 INFO  EvoClassLoader - Seeing class for first time: net.bytebuddy.dynamic.loading.ClassInjector$UsingUnsafe
2024-11-12 13:43:16,987 INFO  EvoClassLoader - Instrumenting class 'net.bytebuddy.dynamic.loading.ClassInjector$UsingUnsafe'.
2024-11-12 13:43:16,987 INFO  MethodCallReplacementClassAdapter - Adding mock interface to class net/bytebuddy/dynamic/loading/ClassInjector$UsingUnsafe
2024-11-12 13:43:16,987 INFO  CreateClassResetClassAdapter - Found static initializer in class net/bytebuddy/dynamic/loading/ClassInjector$UsingUnsafe
2024-11-12 13:43:16,988 INFO  EvoClassLoader - Keeping class: net.bytebuddy.dynamic.loading.ClassInjector$UsingUnsafe
2024-11-12 13:43:16,988 INFO  EvoClassLoader - Seeing class for first time: net.bytebuddy.dynamic.loading.ClassInjector$UsingLookup
2024-11-12 13:43:16,988 INFO  EvoClassLoader - Instrumenting class 'net.bytebuddy.dynamic.loading.ClassInjector$UsingLookup'.
2024-11-12 13:43:16,988 INFO  MethodCallReplacementClassAdapter - Adding mock interface to class net/bytebuddy/dynamic/loading/ClassInjector$UsingLookup
2024-11-12 13:43:16,989 INFO  CreateClassResetClassAdapter - Found static initializer in class net/bytebuddy/dynamic/loading/ClassInjector$UsingLookup
2024-11-12 13:43:16,989 INFO  EvoClassLoader - Keeping class: net.bytebuddy.dynamic.loading.ClassInjector$UsingLookup
2024-11-12 13:43:16,989 INFO  EvoClassLoader - Seeing class for first time: net.bytebuddy.dynamic.loading.ClassInjector$UsingReflection
2024-11-12 13:43:16,989 INFO  EvoClassLoader - Instrumenting class 'net.bytebuddy.dynamic.loading.ClassInjector$UsingReflection'.
2024-11-12 13:43:16,989 INFO  MethodCallReplacementClassAdapter - Adding mock interface to class net/bytebuddy/dynamic/loading/ClassInjector$UsingReflection
2024-11-12 13:43:16,990 INFO  CreateClassResetClassAdapter - Found static initializer in class net/bytebuddy/dynamic/loading/ClassInjector$UsingReflection
2024-11-12 13:43:16,990 INFO  EvoClassLoader - Keeping class: net.bytebuddy.dynamic.loading.ClassInjector$UsingReflection
2024-11-12 13:43:16,990 INFO  EvoClassLoader - Seeing class for first time: net.bytebuddy.dynamic.loading.ClassInjector$UsingReflection$Dispatcher$CreationAction
2024-11-12 13:43:16,990 INFO  EvoClassLoader - Instrumenting class 'net.bytebuddy.dynamic.loading.ClassInjector$UsingReflection$Dispatcher$CreationAction'.
2024-11-12 13:43:16,990 INFO  MethodCallReplacementClassAdapter - Adding mock interface to class net/bytebuddy/dynamic/loading/ClassInjector$UsingReflection$Dispatcher$CreationAction
2024-11-12 13:43:16,991 INFO  CreateClassResetClassAdapter - Found static initializer in class net/bytebuddy/dynamic/loading/ClassInjector$UsingReflection$Dispatcher$CreationAction
2024-11-12 13:43:16,991 INFO  EvoClassLoader - Keeping class: net.bytebuddy.dynamic.loading.ClassInjector$UsingReflection$Dispatcher$CreationAction
2024-11-12 13:43:16,991 INFO  EvoClassLoader - Seeing class for first time: net.bytebuddy.dynamic.loading.ClassInjector$UsingReflection$Dispatcher
2024-11-12 13:43:16,991 INFO  EvoClassLoader - Instrumenting class 'net.bytebuddy.dynamic.loading.ClassInjector$UsingReflection$Dispatcher'.
2024-11-12 13:43:16,991 INFO  EvoClassLoader - Keeping class: net.bytebuddy.dynamic.loading.ClassInjector$UsingReflection$Dispatcher
2024-11-12 13:43:16,991 INFO  EvoClassLoader - Seeing class for first time: net.bytebuddy.dynamic.loading.ClassInjector$UsingReflection$Dispatcher$Unavailable
2024-11-12 13:43:16,991 INFO  EvoClassLoader - Instrumenting class 'net.bytebuddy.dynamic.loading.ClassInjector$UsingReflection$Dispatcher$Unavailable'.
2024-11-12 13:43:16,991 INFO  MethodCallReplacementClassAdapter - Adding mock interface to class net/bytebuddy/dynamic/loading/ClassInjector$UsingReflection$Dispatcher$Unavailable
2024-11-12 13:43:16,991 INFO  CreateClassResetClassAdapter - Creating brand-new static initializer in class net/bytebuddy/dynamic/loading/ClassInjector$UsingReflection$Dispatcher$Unavailable
2024-11-12 13:43:16,991 INFO  EvoClassLoader - Keeping class: net.bytebuddy.dynamic.loading.ClassInjector$UsingReflection$Dispatcher$Unavailable
2024-11-12 13:43:16,991 INFO  EvoClassLoader - Seeing class for first time: net.bytebuddy.dynamic.loading.ClassInjector$UsingReflection$Dispatcher$UsingUnsafeOverride
2024-11-12 13:43:16,991 INFO  EvoClassLoader - Instrumenting class 'net.bytebuddy.dynamic.loading.ClassInjector$UsingReflection$Dispatcher$UsingUnsafeOverride'.
2024-11-12 13:43:16,992 INFO  MethodCallReplacementClassAdapter - Adding mock interface to class net/bytebuddy/dynamic/loading/ClassInjector$UsingReflection$Dispatcher$UsingUnsafeOverride
2024-11-12 13:43:16,992 INFO  CreateClassResetClassAdapter - Creating brand-new static initializer in class net/bytebuddy/dynamic/loading/ClassInjector$UsingReflection$Dispatcher$UsingUnsafeOverride
2024-11-12 13:43:16,993 INFO  EvoClassLoader - Seeing class for first time: net.bytebuddy.dynamic.loading.ClassInjector$UsingReflection$Dispatcher$Initializable
2024-11-12 13:43:16,993 INFO  EvoClassLoader - Instrumenting class 'net.bytebuddy.dynamic.loading.ClassInjector$UsingReflection$Dispatcher$Initializable'.
2024-11-12 13:43:16,993 INFO  EvoClassLoader - Keeping class: net.bytebuddy.dynamic.loading.ClassInjector$UsingReflection$Dispatcher$Initializable
2024-11-12 13:43:16,993 INFO  EvoClassLoader - Keeping class: net.bytebuddy.dynamic.loading.ClassInjector$UsingReflection$Dispatcher$UsingUnsafeOverride
2024-11-12 13:43:16,993 INFO  EvoClassLoader - Seeing class for first time: net.bytebuddy.dynamic.loading.ClassInjector$UsingReflection$Dispatcher$UsingUnsafeInjection
2024-11-12 13:43:16,993 INFO  EvoClassLoader - Instrumenting class 'net.bytebuddy.dynamic.loading.ClassInjector$UsingReflection$Dispatcher$UsingUnsafeInjection'.
2024-11-12 13:43:16,993 INFO  MethodCallReplacementClassAdapter - Adding mock interface to class net/bytebuddy/dynamic/loading/ClassInjector$UsingReflection$Dispatcher$UsingUnsafeInjection
2024-11-12 13:43:16,994 INFO  CreateClassResetClassAdapter - Creating brand-new static initializer in class net/bytebuddy/dynamic/loading/ClassInjector$UsingReflection$Dispatcher$UsingUnsafeInjection
2024-11-12 13:43:16,994 INFO  EvoClassLoader - Keeping class: net.bytebuddy.dynamic.loading.ClassInjector$UsingReflection$Dispatcher$UsingUnsafeInjection
2024-11-12 13:43:16,994 INFO  EvoClassLoader - Seeing class for first time: net.bytebuddy.dynamic.loading.ClassInjector$UsingReflection$Dispatcher$Direct
2024-11-12 13:43:16,994 INFO  EvoClassLoader - Instrumenting class 'net.bytebuddy.dynamic.loading.ClassInjector$UsingReflection$Dispatcher$Direct'.
2024-11-12 13:43:16,994 INFO  MethodCallReplacementClassAdapter - Adding mock interface to class net/bytebuddy/dynamic/loading/ClassInjector$UsingReflection$Dispatcher$Direct
2024-11-12 13:43:16,995 INFO  CreateClassResetClassAdapter - Creating brand-new static initializer in class net/bytebuddy/dynamic/loading/ClassInjector$UsingReflection$Dispatcher$Direct
2024-11-12 13:43:16,995 INFO  EvoClassLoader - Keeping class: net.bytebuddy.dynamic.loading.ClassInjector$UsingReflection$Dispatcher$Direct
2024-11-12 13:43:16,995 INFO  EvoClassLoader - Seeing class for first time: net.bytebuddy.utility.JavaModule$Dispatcher$CreationAction
2024-11-12 13:43:16,995 INFO  EvoClassLoader - Instrumenting class 'net.bytebuddy.utility.JavaModule$Dispatcher$CreationAction'.
2024-11-12 13:43:16,995 INFO  MethodCallReplacementClassAdapter - Adding mock interface to class net/bytebuddy/utility/JavaModule$Dispatcher$CreationAction
2024-11-12 13:43:16,995 INFO  CreateClassResetClassAdapter - Found static initializer in class net/bytebuddy/utility/JavaModule$Dispatcher$CreationAction
2024-11-12 13:43:16,995 INFO  EvoClassLoader - Defined package (3): package net.bytebuddy.utility, -1019824085
2024-11-12 13:43:16,995 INFO  EvoClassLoader - Keeping class: net.bytebuddy.utility.JavaModule$Dispatcher$CreationAction
2024-11-12 13:43:16,995 INFO  EvoClassLoader - Seeing class for first time: net.bytebuddy.utility.JavaModule$Dispatcher
2024-11-12 13:43:16,995 INFO  EvoClassLoader - Instrumenting class 'net.bytebuddy.utility.JavaModule$Dispatcher'.
2024-11-12 13:43:16,996 INFO  EvoClassLoader - Keeping class: net.bytebuddy.utility.JavaModule$Dispatcher
2024-11-12 13:43:16,996 INFO  EvoClassLoader - Seeing class for first time: net.bytebuddy.utility.JavaModule
2024-11-12 13:43:16,996 INFO  EvoClassLoader - Instrumenting class 'net.bytebuddy.utility.JavaModule'.
2024-11-12 13:43:16,996 INFO  MethodCallReplacementClassAdapter - Adding mock interface to class net/bytebuddy/utility/JavaModule
2024-11-12 13:43:16,996 INFO  CreateClassResetClassAdapter - Found static initializer in class net/bytebuddy/utility/JavaModule
2024-11-12 13:43:16,996 INFO  EvoClassLoader - Seeing class for first time: net.bytebuddy.description.NamedElement$WithOptionalName
2024-11-12 13:43:16,996 INFO  EvoClassLoader - Instrumenting class 'net.bytebuddy.description.NamedElement$WithOptionalName'.
2024-11-12 13:43:16,997 INFO  EvoClassLoader - Keeping class: net.bytebuddy.description.NamedElement$WithOptionalName
2024-11-12 13:43:16,997 INFO  EvoClassLoader - Keeping class: net.bytebuddy.utility.JavaModule
2024-11-12 13:43:16,997 INFO  EvoClassLoader - Seeing class for first time: net.bytebuddy.utility.JavaModule$Dispatcher$Disabled
2024-11-12 13:43:16,997 INFO  EvoClassLoader - Instrumenting class 'net.bytebuddy.utility.JavaModule$Dispatcher$Disabled'.
2024-11-12 13:43:16,997 INFO  MethodCallReplacementClassAdapter - Adding mock interface to class net/bytebuddy/utility/JavaModule$Dispatcher$Disabled
2024-11-12 13:43:16,997 INFO  CreateClassResetClassAdapter - Found static initializer in class net/bytebuddy/utility/JavaModule$Dispatcher$Disabled
2024-11-12 13:43:16,997 INFO  EvoClassLoader - Keeping class: net.bytebuddy.utility.JavaModule$Dispatcher$Disabled
2024-11-12 13:43:16,997 INFO  EvoClassLoader - Seeing class for first time: net.bytebuddy.utility.JavaModule$Dispatcher$Enabled
2024-11-12 13:43:16,997 INFO  EvoClassLoader - Instrumenting class 'net.bytebuddy.utility.JavaModule$Dispatcher$Enabled'.
2024-11-12 13:43:16,997 INFO  MethodCallReplacementClassAdapter - Adding mock interface to class net/bytebuddy/utility/JavaModule$Dispatcher$Enabled
2024-11-12 13:43:16,998 INFO  CreateClassResetClassAdapter - Found static initializer in class net/bytebuddy/utility/JavaModule$Dispatcher$Enabled
2024-11-12 13:43:17,000 INFO  EvoClassLoader - Keeping class: net.bytebuddy.utility.JavaModule$Dispatcher$Enabled
2024-11-12 13:43:17,001 INFO  EvoClassLoader - Seeing class for first time: net.bytebuddy.dynamic.loading.ClassInjector$UsingReflection$Dispatcher$Direct$ForJava7CapableVm
2024-11-12 13:43:17,001 INFO  EvoClassLoader - Instrumenting class 'net.bytebuddy.dynamic.loading.ClassInjector$UsingReflection$Dispatcher$Direct$ForJava7CapableVm'.
2024-11-12 13:43:17,002 INFO  MethodCallReplacementClassAdapter - Adding mock interface to class net/bytebuddy/dynamic/loading/ClassInjector$UsingReflection$Dispatcher$Direct$ForJava7CapableVm
2024-11-12 13:43:17,002 INFO  CreateClassResetClassAdapter - Creating brand-new static initializer in class net/bytebuddy/dynamic/loading/ClassInjector$UsingReflection$Dispatcher$Direct$ForJava7CapableVm
2024-11-12 13:43:17,003 INFO  EvoClassLoader - Keeping class: net.bytebuddy.dynamic.loading.ClassInjector$UsingReflection$Dispatcher$Direct$ForJava7CapableVm
2024-11-12 13:43:17,003 INFO  EvoClassLoader - Seeing class for first time: net.bytebuddy.dynamic.loading.ClassInjector$UsingReflection$Dispatcher$Direct$ForLegacyVm
2024-11-12 13:43:17,003 INFO  EvoClassLoader - Instrumenting class 'net.bytebuddy.dynamic.loading.ClassInjector$UsingReflection$Dispatcher$Direct$ForLegacyVm'.
2024-11-12 13:43:17,003 INFO  MethodCallReplacementClassAdapter - Adding mock interface to class net/bytebuddy/dynamic/loading/ClassInjector$UsingReflection$Dispatcher$Direct$ForLegacyVm
2024-11-12 13:43:17,003 INFO  CreateClassResetClassAdapter - Creating brand-new static initializer in class net/bytebuddy/dynamic/loading/ClassInjector$UsingReflection$Dispatcher$Direct$ForLegacyVm
2024-11-12 13:43:17,003 INFO  EvoClassLoader - Keeping class: net.bytebuddy.dynamic.loading.ClassInjector$UsingReflection$Dispatcher$Direct$ForLegacyVm
2024-11-12 13:43:17,003 INFO  EvoClassLoader - Seeing class for first time: net.bytebuddy.dynamic.loading.PackageDefinitionStrategy
2024-11-12 13:43:17,003 INFO  EvoClassLoader - Instrumenting class 'net.bytebuddy.dynamic.loading.PackageDefinitionStrategy'.
2024-11-12 13:43:17,004 INFO  EvoClassLoader - Keeping class: net.bytebuddy.dynamic.loading.PackageDefinitionStrategy
2024-11-12 13:43:17,004 INFO  EvoClassLoader - Seeing class for first time: org.mockito.internal.creation.bytebuddy.SubclassInjectionLoader$WithReflection
2024-11-12 13:43:17,004 INFO  EvoClassLoader - Instrumenting class 'org.mockito.internal.creation.bytebuddy.SubclassInjectionLoader$WithReflection'.
2024-11-12 13:43:17,004 INFO  MethodCallReplacementClassAdapter - Adding mock interface to class org/mockito/internal/creation/bytebuddy/SubclassInjectionLoader$WithReflection
2024-11-12 13:43:17,004 INFO  CreateClassResetClassAdapter - Creating brand-new static initializer in class org/mockito/internal/creation/bytebuddy/SubclassInjectionLoader$WithReflection
2024-11-12 13:43:17,004 INFO  EvoClassLoader - Keeping class: org.mockito.internal.creation.bytebuddy.SubclassInjectionLoader$WithReflection
2024-11-12 13:43:17,004 INFO  EvoClassLoader - Seeing class for first time: org.mockito.internal.creation.bytebuddy.SubclassInjectionLoader$WithLookup
2024-11-12 13:43:17,004 INFO  EvoClassLoader - Instrumenting class 'org.mockito.internal.creation.bytebuddy.SubclassInjectionLoader$WithLookup'.
2024-11-12 13:43:17,005 INFO  MethodCallReplacementClassAdapter - Adding mock interface to class org/mockito/internal/creation/bytebuddy/SubclassInjectionLoader$WithLookup
2024-11-12 13:43:17,005 INFO  CreateClassResetClassAdapter - Creating brand-new static initializer in class org/mockito/internal/creation/bytebuddy/SubclassInjectionLoader$WithLookup
2024-11-12 13:43:17,005 INFO  EvoClassLoader - Keeping class: org.mockito.internal.creation.bytebuddy.SubclassInjectionLoader$WithLookup
2024-11-12 13:43:17,005 INFO  EvoClassLoader - Seeing class for first time: org.mockito.internal.creation.bytebuddy.TypeCachingBytecodeGenerator
2024-11-12 13:43:17,005 INFO  EvoClassLoader - Instrumenting class 'org.mockito.internal.creation.bytebuddy.TypeCachingBytecodeGenerator'.
2024-11-12 13:43:17,005 INFO  MethodCallReplacementClassAdapter - Adding mock interface to class org/mockito/internal/creation/bytebuddy/TypeCachingBytecodeGenerator
2024-11-12 13:43:17,005 INFO  CreateClassResetClassAdapter - Creating brand-new static initializer in class org/mockito/internal/creation/bytebuddy/TypeCachingBytecodeGenerator
2024-11-12 13:43:17,006 INFO  EvoClassLoader - Keeping class: org.mockito.internal.creation.bytebuddy.TypeCachingBytecodeGenerator
2024-11-12 13:43:17,006 INFO  EvoClassLoader - Seeing class for first time: net.bytebuddy.TypeCache
2024-11-12 13:43:17,006 INFO  EvoClassLoader - Instrumenting class 'net.bytebuddy.TypeCache'.
2024-11-12 13:43:17,006 INFO  MethodCallReplacementClassAdapter - Adding mock interface to class net/bytebuddy/TypeCache
2024-11-12 13:43:17,007 INFO  CreateClassResetClassAdapter - Found static initializer in class net/bytebuddy/TypeCache
2024-11-12 13:43:17,008 INFO  EvoClassLoader - Defined package (3): package net.bytebuddy, 1746867117
2024-11-12 13:43:17,008 INFO  EvoClassLoader - Keeping class: net.bytebuddy.TypeCache
2024-11-12 13:43:17,008 INFO  EvoClassLoader - Seeing class for first time: net.bytebuddy.TypeCache$WithInlineExpunction
2024-11-12 13:43:17,008 INFO  EvoClassLoader - Instrumenting class 'net.bytebuddy.TypeCache$WithInlineExpunction'.
2024-11-12 13:43:17,008 INFO  MethodCallReplacementClassAdapter - Adding mock interface to class net/bytebuddy/TypeCache$WithInlineExpunction
2024-11-12 13:43:17,008 INFO  CreateClassResetClassAdapter - Creating brand-new static initializer in class net/bytebuddy/TypeCache$WithInlineExpunction
2024-11-12 13:43:17,008 INFO  EvoClassLoader - Keeping class: net.bytebuddy.TypeCache$WithInlineExpunction
2024-11-12 13:43:17,008 INFO  EvoClassLoader - Seeing class for first time: org.mockito.internal.creation.bytebuddy.MockFeatures
2024-11-12 13:43:17,008 INFO  EvoClassLoader - Instrumenting class 'org.mockito.internal.creation.bytebuddy.MockFeatures'.
2024-11-12 13:43:17,009 INFO  MethodCallReplacementClassAdapter - Adding mock interface to class org/mockito/internal/creation/bytebuddy/MockFeatures
2024-11-12 13:43:17,009 INFO  CreateClassResetClassAdapter - Creating brand-new static initializer in class org/mockito/internal/creation/bytebuddy/MockFeatures
2024-11-12 13:43:17,009 INFO  EvoClassLoader - Keeping class: org.mockito.internal.creation.bytebuddy.MockFeatures
2024-11-12 13:43:17,009 INFO  EvoClassLoader - Seeing class for first time: org.mockito.internal.creation.bytebuddy.SubclassBytecodeGenerator
2024-11-12 13:43:17,009 INFO  EvoClassLoader - Instrumenting class 'org.mockito.internal.creation.bytebuddy.SubclassBytecodeGenerator'.
2024-11-12 13:43:17,009 INFO  MethodCallReplacementClassAdapter - Adding mock interface to class org/mockito/internal/creation/bytebuddy/SubclassBytecodeGenerator
2024-11-12 13:43:17,011 INFO  CreateClassResetClassAdapter - Creating brand-new static initializer in class org/mockito/internal/creation/bytebuddy/SubclassBytecodeGenerator
2024-11-12 13:43:17,011 INFO  CreateClassResetClassAdapter - Adding bytecode for initializing field CODEGEN_PACKAGE
2024-11-12 13:43:17,012 INFO  EvoClassLoader - Keeping class: org.mockito.internal.creation.bytebuddy.SubclassBytecodeGenerator
2024-11-12 13:43:17,012 INFO  EvoClassLoader - Seeing class for first time: net.bytebuddy.implementation.attribute.MethodAttributeAppender$NoOp
2024-11-12 13:43:17,012 INFO  EvoClassLoader - Instrumenting class 'net.bytebuddy.implementation.attribute.MethodAttributeAppender$NoOp'.
2024-11-12 13:43:17,012 INFO  MethodCallReplacementClassAdapter - Adding mock interface to class net/bytebuddy/implementation/attribute/MethodAttributeAppender$NoOp
2024-11-12 13:43:17,012 INFO  CreateClassResetClassAdapter - Found static initializer in class net/bytebuddy/implementation/attribute/MethodAttributeAppender$NoOp
2024-11-12 13:43:17,012 INFO  EvoClassLoader - Defined package (3): package net.bytebuddy.implementation.attribute, -1192131967
2024-11-12 13:43:17,012 INFO  EvoClassLoader - Seeing class for first time: net.bytebuddy.implementation.attribute.MethodAttributeAppender
2024-11-12 13:43:17,012 INFO  EvoClassLoader - Instrumenting class 'net.bytebuddy.implementation.attribute.MethodAttributeAppender'.
2024-11-12 13:43:17,012 INFO  EvoClassLoader - Keeping class: net.bytebuddy.implementation.attribute.MethodAttributeAppender
2024-11-12 13:43:17,012 INFO  EvoClassLoader - Seeing class for first time: net.bytebuddy.implementation.attribute.MethodAttributeAppender$Factory
2024-11-12 13:43:17,012 INFO  EvoClassLoader - Instrumenting class 'net.bytebuddy.implementation.attribute.MethodAttributeAppender$Factory'.
2024-11-12 13:43:17,013 INFO  EvoClassLoader - Keeping class: net.bytebuddy.implementation.attribute.MethodAttributeAppender$Factory
2024-11-12 13:43:17,013 INFO  EvoClassLoader - Keeping class: net.bytebuddy.implementation.attribute.MethodAttributeAppender$NoOp
2024-11-12 13:43:17,013 INFO  EvoClassLoader - Seeing class for first time: net.bytebuddy.implementation.attribute.MethodAttributeAppender$ForInstrumentedMethod
2024-11-12 13:43:17,013 INFO  EvoClassLoader - Instrumenting class 'net.bytebuddy.implementation.attribute.MethodAttributeAppender$ForInstrumentedMethod'.
2024-11-12 13:43:17,013 INFO  MethodCallReplacementClassAdapter - Adding mock interface to class net/bytebuddy/implementation/attribute/MethodAttributeAppender$ForInstrumentedMethod
2024-11-12 13:43:17,013 INFO  CreateClassResetClassAdapter - Found static initializer in class net/bytebuddy/implementation/attribute/MethodAttributeAppender$ForInstrumentedMethod
2024-11-12 13:43:17,013 INFO  EvoClassLoader - Keeping class: net.bytebuddy.implementation.attribute.MethodAttributeAppender$ForInstrumentedMethod
2024-11-12 13:43:17,013 INFO  EvoClassLoader - Seeing class for first time: net.bytebuddy.dynamic.DynamicType$Builder
2024-11-12 13:43:17,013 INFO  EvoClassLoader - Instrumenting class 'net.bytebuddy.dynamic.DynamicType$Builder'.
2024-11-12 13:43:17,014 INFO  EvoClassLoader - Keeping class: net.bytebuddy.dynamic.DynamicType$Builder
2024-11-12 13:43:17,014 INFO  EvoClassLoader - Seeing class for first time: net.bytebuddy.matcher.ElementMatchers
2024-11-12 13:43:17,014 INFO  EvoClassLoader - Instrumenting class 'net.bytebuddy.matcher.ElementMatchers'.
2024-11-12 13:43:17,015 INFO  MethodCallReplacementClassAdapter - Adding mock interface to class net/bytebuddy/matcher/ElementMatchers
2024-11-12 13:43:17,018 INFO  CreateClassResetClassAdapter - Found static initializer in class net/bytebuddy/matcher/ElementMatchers
2024-11-12 13:43:17,019 INFO  EvoClassLoader - Keeping class: net.bytebuddy.matcher.ElementMatchers
2024-11-12 13:43:17,020 INFO  EvoClassLoader - Seeing class for first time: net.bytebuddy.matcher.ElementMatcher$Junction
2024-11-12 13:43:17,020 INFO  EvoClassLoader - Instrumenting class 'net.bytebuddy.matcher.ElementMatcher$Junction'.
2024-11-12 13:43:17,020 INFO  EvoClassLoader - Keeping class: net.bytebuddy.matcher.ElementMatcher$Junction
2024-11-12 13:43:17,020 INFO  EvoClassLoader - Seeing class for first time: net.bytebuddy.matcher.BooleanMatcher
2024-11-12 13:43:17,020 INFO  EvoClassLoader - Instrumenting class 'net.bytebuddy.matcher.BooleanMatcher'.
2024-11-12 13:43:17,020 INFO  MethodCallReplacementClassAdapter - Adding mock interface to class net/bytebuddy/matcher/BooleanMatcher
2024-11-12 13:43:17,021 INFO  CreateClassResetClassAdapter - Creating brand-new static initializer in class net/bytebuddy/matcher/BooleanMatcher
2024-11-12 13:43:17,021 INFO  EvoClassLoader - Seeing class for first time: net.bytebuddy.matcher.ElementMatcher$Junction$AbstractBase
2024-11-12 13:43:17,021 INFO  EvoClassLoader - Instrumenting class 'net.bytebuddy.matcher.ElementMatcher$Junction$AbstractBase'.
2024-11-12 13:43:17,021 INFO  MethodCallReplacementClassAdapter - Adding mock interface to class net/bytebuddy/matcher/ElementMatcher$Junction$AbstractBase
2024-11-12 13:43:17,021 INFO  CreateClassResetClassAdapter - Creating brand-new static initializer in class net/bytebuddy/matcher/ElementMatcher$Junction$AbstractBase
2024-11-12 13:43:17,021 INFO  EvoClassLoader - Keeping class: net.bytebuddy.matcher.ElementMatcher$Junction$AbstractBase
2024-11-12 13:43:17,021 INFO  EvoClassLoader - Keeping class: net.bytebuddy.matcher.BooleanMatcher
2024-11-12 13:43:17,021 INFO  EvoClassLoader - Seeing class for first time: net.bytebuddy.matcher.NullMatcher
2024-11-12 13:43:17,021 INFO  EvoClassLoader - Instrumenting class 'net.bytebuddy.matcher.NullMatcher'.
2024-11-12 13:43:17,021 INFO  MethodCallReplacementClassAdapter - Adding mock interface to class net/bytebuddy/matcher/NullMatcher
2024-11-12 13:43:17,021 INFO  CreateClassResetClassAdapter - Creating brand-new static initializer in class net/bytebuddy/matcher/NullMatcher
2024-11-12 13:43:17,022 INFO  EvoClassLoader - Keeping class: net.bytebuddy.matcher.NullMatcher
2024-11-12 13:43:17,022 INFO  EvoClassLoader - Seeing class for first time: net.bytebuddy.matcher.EqualityMatcher
2024-11-12 13:43:17,022 INFO  EvoClassLoader - Instrumenting class 'net.bytebuddy.matcher.EqualityMatcher'.
2024-11-12 13:43:17,022 INFO  MethodCallReplacementClassAdapter - Adding mock interface to class net/bytebuddy/matcher/EqualityMatcher
2024-11-12 13:43:17,022 INFO  CreateClassResetClassAdapter - Creating brand-new static initializer in class net/bytebuddy/matcher/EqualityMatcher
2024-11-12 13:43:17,022 INFO  EvoClassLoader - Keeping class: net.bytebuddy.matcher.EqualityMatcher
2024-11-12 13:43:17,022 INFO  EvoClassLoader - Seeing class for first time: net.bytebuddy.description.method.MethodDescription$InDefinedShape
2024-11-12 13:43:17,022 INFO  EvoClassLoader - Instrumenting class 'net.bytebuddy.description.method.MethodDescription$InDefinedShape'.
2024-11-12 13:43:17,022 INFO  EvoClassLoader - Seeing class for first time: net.bytebuddy.description.method.MethodDescription
2024-11-12 13:43:17,022 INFO  EvoClassLoader - Instrumenting class 'net.bytebuddy.description.method.MethodDescription'.
2024-11-12 13:43:17,022 INFO  EvoClassLoader - Seeing class for first time: net.bytebuddy.description.NamedElement$WithGenericName
2024-11-12 13:43:17,022 INFO  EvoClassLoader - Instrumenting class 'net.bytebuddy.description.NamedElement$WithGenericName'.
2024-11-12 13:43:17,022 INFO  EvoClassLoader - Keeping class: net.bytebuddy.description.NamedElement$WithGenericName
2024-11-12 13:43:17,022 INFO  EvoClassLoader - Seeing class for first time: net.bytebuddy.description.ByteCodeElement$TypeDependant
2024-11-12 13:43:17,022 INFO  EvoClassLoader - Instrumenting class 'net.bytebuddy.description.ByteCodeElement$TypeDependant'.
2024-11-12 13:43:17,023 INFO  EvoClassLoader - Keeping class: net.bytebuddy.description.ByteCodeElement$TypeDependant
2024-11-12 13:43:17,023 INFO  EvoClassLoader - Keeping class: net.bytebuddy.description.method.MethodDescription
2024-11-12 13:43:17,023 INFO  EvoClassLoader - Keeping class: net.bytebuddy.description.method.MethodDescription$InDefinedShape
2024-11-12 13:43:17,023 INFO  EvoClassLoader - Seeing class for first time: net.bytebuddy.description.field.FieldDescription$InDefinedShape
2024-11-12 13:43:17,023 INFO  EvoClassLoader - Instrumenting class 'net.bytebuddy.description.field.FieldDescription$InDefinedShape'.
2024-11-12 13:43:17,023 INFO  EvoClassLoader - Seeing class for first time: net.bytebuddy.description.field.FieldDescription
2024-11-12 13:43:17,023 INFO  EvoClassLoader - Instrumenting class 'net.bytebuddy.description.field.FieldDescription'.
2024-11-12 13:43:17,023 INFO  EvoClassLoader - Keeping class: net.bytebuddy.description.field.FieldDescription
2024-11-12 13:43:17,023 INFO  EvoClassLoader - Keeping class: net.bytebuddy.description.field.FieldDescription$InDefinedShape
2024-11-12 13:43:17,023 INFO  EvoClassLoader - Seeing class for first time: net.bytebuddy.description.method.ParameterDescription$InDefinedShape
2024-11-12 13:43:17,023 INFO  EvoClassLoader - Instrumenting class 'net.bytebuddy.description.method.ParameterDescription$InDefinedShape'.
2024-11-12 13:43:17,023 INFO  EvoClassLoader - Seeing class for first time: net.bytebuddy.description.method.ParameterDescription
2024-11-12 13:43:17,023 INFO  EvoClassLoader - Instrumenting class 'net.bytebuddy.description.method.ParameterDescription'.
2024-11-12 13:43:17,024 INFO  EvoClassLoader - Keeping class: net.bytebuddy.description.method.ParameterDescription
2024-11-12 13:43:17,024 INFO  EvoClassLoader - Keeping class: net.bytebuddy.description.method.ParameterDescription$InDefinedShape
2024-11-12 13:43:17,024 INFO  EvoClassLoader - Seeing class for first time: net.bytebuddy.description.method.MethodDescription$SignatureToken
2024-11-12 13:43:17,024 INFO  EvoClassLoader - Instrumenting class 'net.bytebuddy.description.method.MethodDescription$SignatureToken'.
2024-11-12 13:43:17,024 INFO  MethodCallReplacementClassAdapter - Adding mock interface to class net/bytebuddy/description/method/MethodDescription$SignatureToken
2024-11-12 13:43:17,024 INFO  CreateClassResetClassAdapter - Creating brand-new static initializer in class net/bytebuddy/description/method/MethodDescription$SignatureToken
2024-11-12 13:43:17,025 INFO  EvoClassLoader - Keeping class: net.bytebuddy.description.method.MethodDescription$SignatureToken
2024-11-12 13:43:17,025 INFO  EvoClassLoader - Seeing class for first time: net.bytebuddy.matcher.ElementMatcher$Junction$Disjunction
2024-11-12 13:43:17,025 INFO  EvoClassLoader - Instrumenting class 'net.bytebuddy.matcher.ElementMatcher$Junction$Disjunction'.
2024-11-12 13:43:17,026 INFO  MethodCallReplacementClassAdapter - Adding mock interface to class net/bytebuddy/matcher/ElementMatcher$Junction$Disjunction
2024-11-12 13:43:17,026 INFO  CreateClassResetClassAdapter - Creating brand-new static initializer in class net/bytebuddy/matcher/ElementMatcher$Junction$Disjunction
2024-11-12 13:43:17,026 INFO  EvoClassLoader - Keeping class: net.bytebuddy.matcher.ElementMatcher$Junction$Disjunction
2024-11-12 13:43:17,026 INFO  EvoClassLoader - Seeing class for first time: net.bytebuddy.matcher.ElementMatcher$Junction$Conjunction
2024-11-12 13:43:17,026 INFO  EvoClassLoader - Instrumenting class 'net.bytebuddy.matcher.ElementMatcher$Junction$Conjunction'.
2024-11-12 13:43:17,026 INFO  MethodCallReplacementClassAdapter - Adding mock interface to class net/bytebuddy/matcher/ElementMatcher$Junction$Conjunction
2024-11-12 13:43:17,027 INFO  CreateClassResetClassAdapter - Creating brand-new static initializer in class net/bytebuddy/matcher/ElementMatcher$Junction$Conjunction
2024-11-12 13:43:17,027 INFO  EvoClassLoader - Keeping class: net.bytebuddy.matcher.ElementMatcher$Junction$Conjunction
2024-11-12 13:43:17,027 INFO  EvoClassLoader - Seeing class for first time: net.bytebuddy.implementation.MethodDelegation
2024-11-12 13:43:17,027 INFO  EvoClassLoader - Instrumenting class 'net.bytebuddy.implementation.MethodDelegation'.
2024-11-12 13:43:17,027 INFO  MethodCallReplacementClassAdapter - Adding mock interface to class net/bytebuddy/implementation/MethodDelegation
2024-11-12 13:43:17,027 INFO  CreateClassResetClassAdapter - Creating brand-new static initializer in class net/bytebuddy/implementation/MethodDelegation
2024-11-12 13:43:17,028 INFO  EvoClassLoader - Seeing class for first time: net.bytebuddy.implementation.Implementation$Composable
2024-11-12 13:43:17,028 INFO  EvoClassLoader - Instrumenting class 'net.bytebuddy.implementation.Implementation$Composable'.
2024-11-12 13:43:17,028 INFO  EvoClassLoader - Keeping class: net.bytebuddy.implementation.Implementation$Composable
2024-11-12 13:43:17,028 INFO  EvoClassLoader - Keeping class: net.bytebuddy.implementation.MethodDelegation
2024-11-12 13:43:17,028 INFO  EvoClassLoader - Seeing class for first time: net.bytebuddy.implementation.bind.MethodDelegationBinder$TerminationHandler
2024-11-12 13:43:17,028 INFO  EvoClassLoader - Instrumenting class 'net.bytebuddy.implementation.bind.MethodDelegationBinder$TerminationHandler'.
2024-11-12 13:43:17,028 INFO  EvoClassLoader - Defined package (3): package net.bytebuddy.implementation.bind, -1489227464
2024-11-12 13:43:17,028 INFO  EvoClassLoader - Keeping class: net.bytebuddy.implementation.bind.MethodDelegationBinder$TerminationHandler
2024-11-12 13:43:17,028 INFO  EvoClassLoader - Seeing class for first time: net.bytebuddy.implementation.bind.MethodDelegationBinder$AmbiguityResolver
2024-11-12 13:43:17,028 INFO  EvoClassLoader - Instrumenting class 'net.bytebuddy.implementation.bind.MethodDelegationBinder$AmbiguityResolver'.
2024-11-12 13:43:17,029 INFO  EvoClassLoader - Keeping class: net.bytebuddy.implementation.bind.MethodDelegationBinder$AmbiguityResolver
2024-11-12 13:43:17,029 INFO  EvoClassLoader - Seeing class for first time: net.bytebuddy.implementation.bind.MethodDelegationBinder$Record
2024-11-12 13:43:17,029 INFO  EvoClassLoader - Instrumenting class 'net.bytebuddy.implementation.bind.MethodDelegationBinder$Record'.
2024-11-12 13:43:17,029 INFO  EvoClassLoader - Keeping class: net.bytebuddy.implementation.bind.MethodDelegationBinder$Record
2024-11-12 13:43:17,029 INFO  EvoClassLoader - Seeing class for first time: net.bytebuddy.implementation.bytecode.ByteCodeAppender
2024-11-12 13:43:17,029 INFO  EvoClassLoader - Instrumenting class 'net.bytebuddy.implementation.bytecode.ByteCodeAppender'.
2024-11-12 13:43:17,029 INFO  EvoClassLoader - Keeping class: net.bytebuddy.implementation.bytecode.ByteCodeAppender
2024-11-12 13:43:17,029 INFO  EvoClassLoader - Seeing class for first time: net.bytebuddy.dynamic.scaffold.MethodGraph$Compiler
2024-11-12 13:43:17,029 INFO  EvoClassLoader - Instrumenting class 'net.bytebuddy.dynamic.scaffold.MethodGraph$Compiler'.
2024-11-12 13:43:17,030 INFO  EvoClassLoader - Keeping class: net.bytebuddy.dynamic.scaffold.MethodGraph$Compiler
2024-11-12 13:43:17,030 INFO  EvoClassLoader - Seeing class for first time: net.bytebuddy.implementation.Implementation$Target
2024-11-12 13:43:17,030 INFO  EvoClassLoader - Instrumenting class 'net.bytebuddy.implementation.Implementation$Target'.
2024-11-12 13:43:17,030 INFO  EvoClassLoader - Keeping class: net.bytebuddy.implementation.Implementation$Target
2024-11-12 13:43:17,030 INFO  EvoClassLoader - Seeing class for first time: net.bytebuddy.dynamic.scaffold.FieldLocator$Factory
2024-11-12 13:43:17,030 INFO  EvoClassLoader - Instrumenting class 'net.bytebuddy.dynamic.scaffold.FieldLocator$Factory'.
2024-11-12 13:43:17,030 INFO  EvoClassLoader - Keeping class: net.bytebuddy.dynamic.scaffold.FieldLocator$Factory
2024-11-12 13:43:17,030 INFO  EvoClassLoader - Seeing class for first time: net.bytebuddy.implementation.MethodDelegation$WithCustomProperties
2024-11-12 13:43:17,030 INFO  EvoClassLoader - Instrumenting class 'net.bytebuddy.implementation.MethodDelegation$WithCustomProperties'.
2024-11-12 13:43:17,030 INFO  MethodCallReplacementClassAdapter - Adding mock interface to class net/bytebuddy/implementation/MethodDelegation$WithCustomProperties
2024-11-12 13:43:17,031 INFO  CreateClassResetClassAdapter - Creating brand-new static initializer in class net/bytebuddy/implementation/MethodDelegation$WithCustomProperties
2024-11-12 13:43:17,031 INFO  EvoClassLoader - Keeping class: net.bytebuddy.implementation.MethodDelegation$WithCustomProperties
2024-11-12 13:43:17,032 INFO  EvoClassLoader - Seeing class for first time: net.bytebuddy.implementation.bytecode.assign.Assigner
2024-11-12 13:43:17,032 INFO  EvoClassLoader - Instrumenting class 'net.bytebuddy.implementation.bytecode.assign.Assigner'.
2024-11-12 13:43:17,032 INFO  EvoClassLoader - Defined package (3): package net.bytebuddy.implementation.bytecode.assign, -1145952723
2024-11-12 13:43:17,032 INFO  EvoClassLoader - Keeping class: net.bytebuddy.implementation.bytecode.assign.Assigner
2024-11-12 13:43:17,032 INFO  EvoClassLoader - Seeing class for first time: net.bytebuddy.dynamic.scaffold.InstrumentedType
2024-11-12 13:43:17,032 INFO  EvoClassLoader - Instrumenting class 'net.bytebuddy.dynamic.scaffold.InstrumentedType'.
2024-11-12 13:43:17,033 INFO  EvoClassLoader - Keeping class: net.bytebuddy.dynamic.scaffold.InstrumentedType
2024-11-12 13:43:17,033 INFO  EvoClassLoader - Seeing class for first time: net.bytebuddy.implementation.bind.MethodDelegationBinder$BindingResolver
2024-11-12 13:43:17,033 INFO  EvoClassLoader - Instrumenting class 'net.bytebuddy.implementation.bind.MethodDelegationBinder$BindingResolver'.
2024-11-12 13:43:17,033 INFO  EvoClassLoader - Keeping class: net.bytebuddy.implementation.bind.MethodDelegationBinder$BindingResolver
2024-11-12 13:43:17,034 INFO  EvoClassLoader - Seeing class for first time: net.bytebuddy.implementation.MethodDelegation$ImplementationDelegate
2024-11-12 13:43:17,034 INFO  EvoClassLoader - Instrumenting class 'net.bytebuddy.implementation.MethodDelegation$ImplementationDelegate'.
2024-11-12 13:43:17,034 INFO  EvoClassLoader - Keeping class: net.bytebuddy.implementation.MethodDelegation$ImplementationDelegate
2024-11-12 13:43:17,034 INFO  EvoClassLoader - Seeing class for first time: net.bytebuddy.implementation.bind.annotation.TargetMethodAnnotationDrivenBinder$ParameterBinder
2024-11-12 13:43:17,034 INFO  EvoClassLoader - Instrumenting class 'net.bytebuddy.implementation.bind.annotation.TargetMethodAnnotationDrivenBinder$ParameterBinder'.
2024-11-12 13:43:17,034 INFO  EvoClassLoader - Defined package (3): package net.bytebuddy.implementation.bind.annotation, -818977371
2024-11-12 13:43:17,034 INFO  EvoClassLoader - Keeping class: net.bytebuddy.implementation.bind.annotation.TargetMethodAnnotationDrivenBinder$ParameterBinder
2024-11-12 13:43:17,034 INFO  EvoClassLoader - Seeing class for first time: net.bytebuddy.implementation.bind.MethodDelegationBinder$AmbiguityResolver$Compound
2024-11-12 13:43:17,034 INFO  EvoClassLoader - Instrumenting class 'net.bytebuddy.implementation.bind.MethodDelegationBinder$AmbiguityResolver$Compound'.
2024-11-12 13:43:17,035 INFO  MethodCallReplacementClassAdapter - Adding mock interface to class net/bytebuddy/implementation/bind/MethodDelegationBinder$AmbiguityResolver$Compound
2024-11-12 13:43:17,035 INFO  CreateClassResetClassAdapter - Creating brand-new static initializer in class net/bytebuddy/implementation/bind/MethodDelegationBinder$AmbiguityResolver$Compound
2024-11-12 13:43:17,035 INFO  EvoClassLoader - Keeping class: net.bytebuddy.implementation.bind.MethodDelegationBinder$AmbiguityResolver$Compound
2024-11-12 13:43:17,035 INFO  EvoClassLoader - Seeing class for first time: net.bytebuddy.implementation.bind.MethodDelegationBinder
2024-11-12 13:43:17,035 INFO  EvoClassLoader - Instrumenting class 'net.bytebuddy.implementation.bind.MethodDelegationBinder'.
2024-11-12 13:43:17,035 INFO  EvoClassLoader - Keeping class: net.bytebuddy.implementation.bind.MethodDelegationBinder
2024-11-12 13:43:17,035 INFO  EvoClassLoader - Seeing class for first time: net.bytebuddy.implementation.bind.MethodDelegationBinder$MethodBinding
2024-11-12 13:43:17,035 INFO  EvoClassLoader - Instrumenting class 'net.bytebuddy.implementation.bind.MethodDelegationBinder$MethodBinding'.
2024-11-12 13:43:17,035 INFO  EvoClassLoader - Seeing class for first time: net.bytebuddy.implementation.bytecode.StackManipulation
2024-11-12 13:43:17,035 INFO  EvoClassLoader - Instrumenting class 'net.bytebuddy.implementation.bytecode.StackManipulation'.
2024-11-12 13:43:17,036 INFO  EvoClassLoader - Keeping class: net.bytebuddy.implementation.bytecode.StackManipulation
2024-11-12 13:43:17,036 INFO  EvoClassLoader - Keeping class: net.bytebuddy.implementation.bind.MethodDelegationBinder$MethodBinding
2024-11-12 13:43:17,036 INFO  EvoClassLoader - Seeing class for first time: net.bytebuddy.implementation.bind.MethodDelegationBinder$AmbiguityResolver$Resolution
2024-11-12 13:43:17,036 INFO  EvoClassLoader - Instrumenting class 'net.bytebuddy.implementation.bind.MethodDelegationBinder$AmbiguityResolver$Resolution'.
2024-11-12 13:43:17,036 INFO  MethodCallReplacementClassAdapter - Adding mock interface to class net/bytebuddy/implementation/bind/MethodDelegationBinder$AmbiguityResolver$Resolution
2024-11-12 13:43:17,036 INFO  CreateClassResetClassAdapter - Found static initializer in class net/bytebuddy/implementation/bind/MethodDelegationBinder$AmbiguityResolver$Resolution
2024-11-12 13:43:17,036 INFO  EvoClassLoader - Keeping class: net.bytebuddy.implementation.bind.MethodDelegationBinder$AmbiguityResolver$Resolution
2024-11-12 13:43:17,036 INFO  EvoClassLoader - Seeing class for first time: net.bytebuddy.implementation.bind.annotation.BindingPriority$Resolver
2024-11-12 13:43:17,036 INFO  EvoClassLoader - Instrumenting class 'net.bytebuddy.implementation.bind.annotation.BindingPriority$Resolver'.
2024-11-12 13:43:17,036 INFO  MethodCallReplacementClassAdapter - Adding mock interface to class net/bytebuddy/implementation/bind/annotation/BindingPriority$Resolver
2024-11-12 13:43:17,036 INFO  CreateClassResetClassAdapter - Found static initializer in class net/bytebuddy/implementation/bind/annotation/BindingPriority$Resolver
2024-11-12 13:43:17,036 INFO  EvoClassLoader - Keeping class: net.bytebuddy.implementation.bind.annotation.BindingPriority$Resolver
2024-11-12 13:43:17,036 INFO  EvoClassLoader - Seeing class for first time: net.bytebuddy.implementation.bind.annotation.BindingPriority
2024-11-12 13:43:17,036 INFO  EvoClassLoader - Instrumenting class 'net.bytebuddy.implementation.bind.annotation.BindingPriority'.
2024-11-12 13:43:17,036 INFO  EvoClassLoader - Keeping class: net.bytebuddy.implementation.bind.annotation.BindingPriority
2024-11-12 13:43:17,037 INFO  EvoClassLoader - Seeing class for first time: net.bytebuddy.description.annotation.AnnotationDescription$Loadable
2024-11-12 13:43:17,037 INFO  EvoClassLoader - Instrumenting class 'net.bytebuddy.description.annotation.AnnotationDescription$Loadable'.
2024-11-12 13:43:17,037 INFO  EvoClassLoader - Seeing class for first time: net.bytebuddy.description.annotation.AnnotationDescription
2024-11-12 13:43:17,037 INFO  EvoClassLoader - Instrumenting class 'net.bytebuddy.description.annotation.AnnotationDescription'.
2024-11-12 13:43:17,037 INFO  EvoClassLoader - Keeping class: net.bytebuddy.description.annotation.AnnotationDescription
2024-11-12 13:43:17,037 INFO  EvoClassLoader - Keeping class: net.bytebuddy.description.annotation.AnnotationDescription$Loadable
2024-11-12 13:43:17,037 INFO  EvoClassLoader - Seeing class for first time: net.bytebuddy.implementation.bind.DeclaringTypeResolver
2024-11-12 13:43:17,037 INFO  EvoClassLoader - Instrumenting class 'net.bytebuddy.implementation.bind.DeclaringTypeResolver'.
2024-11-12 13:43:17,037 INFO  MethodCallReplacementClassAdapter - Adding mock interface to class net/bytebuddy/implementation/bind/DeclaringTypeResolver
2024-11-12 13:43:17,037 INFO  CreateClassResetClassAdapter - Found static initializer in class net/bytebuddy/implementation/bind/DeclaringTypeResolver
2024-11-12 13:43:17,037 INFO  EvoClassLoader - Keeping class: net.bytebuddy.implementation.bind.DeclaringTypeResolver
2024-11-12 13:43:17,037 INFO  EvoClassLoader - Seeing class for first time: net.bytebuddy.implementation.bind.ArgumentTypeResolver
2024-11-12 13:43:17,037 INFO  EvoClassLoader - Instrumenting class 'net.bytebuddy.implementation.bind.ArgumentTypeResolver'.
2024-11-12 13:43:17,038 INFO  MethodCallReplacementClassAdapter - Adding mock interface to class net/bytebuddy/implementation/bind/ArgumentTypeResolver
2024-11-12 13:43:17,038 INFO  CreateClassResetClassAdapter - Found static initializer in class net/bytebuddy/implementation/bind/ArgumentTypeResolver
2024-11-12 13:43:17,038 INFO  EvoClassLoader - Keeping class: net.bytebuddy.implementation.bind.ArgumentTypeResolver
2024-11-12 13:43:17,038 INFO  EvoClassLoader - Seeing class for first time: net.bytebuddy.implementation.bind.MethodNameEqualityResolver
2024-11-12 13:43:17,038 INFO  EvoClassLoader - Instrumenting class 'net.bytebuddy.implementation.bind.MethodNameEqualityResolver'.
2024-11-12 13:43:17,038 INFO  MethodCallReplacementClassAdapter - Adding mock interface to class net/bytebuddy/implementation/bind/MethodNameEqualityResolver
2024-11-12 13:43:17,038 INFO  CreateClassResetClassAdapter - Found static initializer in class net/bytebuddy/implementation/bind/MethodNameEqualityResolver
2024-11-12 13:43:17,038 INFO  EvoClassLoader - Keeping class: net.bytebuddy.implementation.bind.MethodNameEqualityResolver
2024-11-12 13:43:17,039 INFO  EvoClassLoader - Seeing class for first time: net.bytebuddy.implementation.bind.ParameterLengthResolver
2024-11-12 13:43:17,039 INFO  EvoClassLoader - Instrumenting class 'net.bytebuddy.implementation.bind.ParameterLengthResolver'.
2024-11-12 13:43:17,039 INFO  MethodCallReplacementClassAdapter - Adding mock interface to class net/bytebuddy/implementation/bind/ParameterLengthResolver
2024-11-12 13:43:17,039 INFO  CreateClassResetClassAdapter - Found static initializer in class net/bytebuddy/implementation/bind/ParameterLengthResolver
2024-11-12 13:43:17,039 INFO  EvoClassLoader - Keeping class: net.bytebuddy.implementation.bind.ParameterLengthResolver
2024-11-12 13:43:17,039 INFO  EvoClassLoader - Seeing class for first time: net.bytebuddy.implementation.bind.annotation.Argument$Binder
2024-11-12 13:43:17,039 INFO  EvoClassLoader - Instrumenting class 'net.bytebuddy.implementation.bind.annotation.Argument$Binder'.
2024-11-12 13:43:17,039 INFO  MethodCallReplacementClassAdapter - Adding mock interface to class net/bytebuddy/implementation/bind/annotation/Argument$Binder
2024-11-12 13:43:17,040 INFO  CreateClassResetClassAdapter - Found static initializer in class net/bytebuddy/implementation/bind/annotation/Argument$Binder
2024-11-12 13:43:17,040 INFO  EvoClassLoader - Keeping class: net.bytebuddy.implementation.bind.annotation.Argument$Binder
2024-11-12 13:43:17,040 INFO  EvoClassLoader - Seeing class for first time: net.bytebuddy.implementation.bind.annotation.Argument
2024-11-12 13:43:17,040 INFO  EvoClassLoader - Instrumenting class 'net.bytebuddy.implementation.bind.annotation.Argument'.
2024-11-12 13:43:17,040 INFO  EvoClassLoader - Keeping class: net.bytebuddy.implementation.bind.annotation.Argument
2024-11-12 13:43:17,040 INFO  EvoClassLoader - Seeing class for first time: net.bytebuddy.implementation.bind.MethodDelegationBinder$ParameterBinding
2024-11-12 13:43:17,040 INFO  EvoClassLoader - Instrumenting class 'net.bytebuddy.implementation.bind.MethodDelegationBinder$ParameterBinding'.
2024-11-12 13:43:17,040 INFO  EvoClassLoader - Keeping class: net.bytebuddy.implementation.bind.MethodDelegationBinder$ParameterBinding
2024-11-12 13:43:17,040 INFO  EvoClassLoader - Seeing class for first time: net.bytebuddy.implementation.bytecode.assign.Assigner$Typing
2024-11-12 13:43:17,040 INFO  EvoClassLoader - Instrumenting class 'net.bytebuddy.implementation.bytecode.assign.Assigner$Typing'.
2024-11-12 13:43:17,041 INFO  MethodCallReplacementClassAdapter - Adding mock interface to class net/bytebuddy/implementation/bytecode/assign/Assigner$Typing
2024-11-12 13:43:17,041 INFO  CreateClassResetClassAdapter - Found static initializer in class net/bytebuddy/implementation/bytecode/assign/Assigner$Typing
2024-11-12 13:43:17,041 INFO  EvoClassLoader - Keeping class: net.bytebuddy.implementation.bytecode.assign.Assigner$Typing
2024-11-12 13:43:17,041 INFO  EvoClassLoader - Seeing class for first time: net.bytebuddy.implementation.bind.annotation.AllArguments$Binder
2024-11-12 13:43:17,041 INFO  EvoClassLoader - Instrumenting class 'net.bytebuddy.implementation.bind.annotation.AllArguments$Binder'.
2024-11-12 13:43:17,041 INFO  MethodCallReplacementClassAdapter - Adding mock interface to class net/bytebuddy/implementation/bind/annotation/AllArguments$Binder
2024-11-12 13:43:17,042 INFO  CreateClassResetClassAdapter - Found static initializer in class net/bytebuddy/implementation/bind/annotation/AllArguments$Binder
2024-11-12 13:43:17,042 INFO  EvoClassLoader - Keeping class: net.bytebuddy.implementation.bind.annotation.AllArguments$Binder
2024-11-12 13:43:17,042 INFO  EvoClassLoader - Seeing class for first time: net.bytebuddy.implementation.bind.annotation.AllArguments
2024-11-12 13:43:17,042 INFO  EvoClassLoader - Instrumenting class 'net.bytebuddy.implementation.bind.annotation.AllArguments'.
2024-11-12 13:43:17,043 INFO  EvoClassLoader - Keeping class: net.bytebuddy.implementation.bind.annotation.AllArguments
2024-11-12 13:43:17,043 INFO  EvoClassLoader - Seeing class for first time: net.bytebuddy.implementation.bind.annotation.Origin$Binder
2024-11-12 13:43:17,043 INFO  EvoClassLoader - Instrumenting class 'net.bytebuddy.implementation.bind.annotation.Origin$Binder'.
2024-11-12 13:43:17,043 INFO  MethodCallReplacementClassAdapter - Adding mock interface to class net/bytebuddy/implementation/bind/annotation/Origin$Binder
2024-11-12 13:43:17,044 INFO  CreateClassResetClassAdapter - Found static initializer in class net/bytebuddy/implementation/bind/annotation/Origin$Binder
2024-11-12 13:43:17,044 INFO  EvoClassLoader - Keeping class: net.bytebuddy.implementation.bind.annotation.Origin$Binder
2024-11-12 13:43:17,044 INFO  EvoClassLoader - Seeing class for first time: net.bytebuddy.implementation.bind.annotation.Origin
2024-11-12 13:43:17,044 INFO  EvoClassLoader - Instrumenting class 'net.bytebuddy.implementation.bind.annotation.Origin'.
2024-11-12 13:43:17,045 INFO  EvoClassLoader - Keeping class: net.bytebuddy.implementation.bind.annotation.Origin
2024-11-12 13:43:17,045 INFO  EvoClassLoader - Seeing class for first time: net.bytebuddy.implementation.bind.MethodDelegationBinder$ParameterBinding$Anonymous
2024-11-12 13:43:17,045 INFO  EvoClassLoader - Instrumenting class 'net.bytebuddy.implementation.bind.MethodDelegationBinder$ParameterBinding$Anonymous'.
2024-11-12 13:43:17,045 INFO  MethodCallReplacementClassAdapter - Adding mock interface to class net/bytebuddy/implementation/bind/MethodDelegationBinder$ParameterBinding$Anonymous
2024-11-12 13:43:17,045 INFO  CreateClassResetClassAdapter - Creating brand-new static initializer in class net/bytebuddy/implementation/bind/MethodDelegationBinder$ParameterBinding$Anonymous
2024-11-12 13:43:17,045 INFO  EvoClassLoader - Keeping class: net.bytebuddy.implementation.bind.MethodDelegationBinder$ParameterBinding$Anonymous
2024-11-12 13:43:17,045 INFO  EvoClassLoader - Seeing class for first time: net.bytebuddy.implementation.bind.MethodDelegationBinder$ParameterBinding$Illegal
2024-11-12 13:43:17,045 INFO  EvoClassLoader - Instrumenting class 'net.bytebuddy.implementation.bind.MethodDelegationBinder$ParameterBinding$Illegal'.
2024-11-12 13:43:17,045 INFO  MethodCallReplacementClassAdapter - Adding mock interface to class net/bytebuddy/implementation/bind/MethodDelegationBinder$ParameterBinding$Illegal
2024-11-12 13:43:17,046 INFO  CreateClassResetClassAdapter - Found static initializer in class net/bytebuddy/implementation/bind/MethodDelegationBinder$ParameterBinding$Illegal
2024-11-12 13:43:17,046 INFO  EvoClassLoader - Keeping class: net.bytebuddy.implementation.bind.MethodDelegationBinder$ParameterBinding$Illegal
2024-11-12 13:43:17,046 INFO  EvoClassLoader - Seeing class for first time: net.bytebuddy.utility.JavaConstant
2024-11-12 13:43:17,046 INFO  EvoClassLoader - Instrumenting class 'net.bytebuddy.utility.JavaConstant'.
2024-11-12 13:43:17,046 INFO  EvoClassLoader - Keeping class: net.bytebuddy.utility.JavaConstant
2024-11-12 13:43:17,046 INFO  EvoClassLoader - Seeing class for first time: net.bytebuddy.implementation.bind.annotation.This$Binder
2024-11-12 13:43:17,046 INFO  EvoClassLoader - Instrumenting class 'net.bytebuddy.implementation.bind.annotation.This$Binder'.
2024-11-12 13:43:17,046 INFO  MethodCallReplacementClassAdapter - Adding mock interface to class net/bytebuddy/implementation/bind/annotation/This$Binder
2024-11-12 13:43:17,047 INFO  CreateClassResetClassAdapter - Found static initializer in class net/bytebuddy/implementation/bind/annotation/This$Binder
2024-11-12 13:43:17,047 INFO  EvoClassLoader - Keeping class: net.bytebuddy.implementation.bind.annotation.This$Binder
2024-11-12 13:43:17,047 INFO  EvoClassLoader - Seeing class for first time: net.bytebuddy.implementation.bind.annotation.This
2024-11-12 13:43:17,047 INFO  EvoClassLoader - Instrumenting class 'net.bytebuddy.implementation.bind.annotation.This'.
2024-11-12 13:43:17,047 INFO  EvoClassLoader - Keeping class: net.bytebuddy.implementation.bind.annotation.This
2024-11-12 13:43:17,047 INFO  EvoClassLoader - Seeing class for first time: net.bytebuddy.implementation.bytecode.constant.NullConstant
2024-11-12 13:43:17,047 INFO  EvoClassLoader - Instrumenting class 'net.bytebuddy.implementation.bytecode.constant.NullConstant'.
2024-11-12 13:43:17,048 INFO  MethodCallReplacementClassAdapter - Adding mock interface to class net/bytebuddy/implementation/bytecode/constant/NullConstant
2024-11-12 13:43:17,048 INFO  CreateClassResetClassAdapter - Found static initializer in class net/bytebuddy/implementation/bytecode/constant/NullConstant
2024-11-12 13:43:17,048 INFO  EvoClassLoader - Defined package (3): package net.bytebuddy.implementation.bytecode.constant, -1946865310
2024-11-12 13:43:17,048 INFO  EvoClassLoader - Keeping class: net.bytebuddy.implementation.bytecode.constant.NullConstant
2024-11-12 13:43:17,048 INFO  EvoClassLoader - Seeing class for first time: net.bytebuddy.implementation.bytecode.StackManipulation$Compound
2024-11-12 13:43:17,048 INFO  EvoClassLoader - Instrumenting class 'net.bytebuddy.implementation.bytecode.StackManipulation$Compound'.
2024-11-12 13:43:17,048 INFO  MethodCallReplacementClassAdapter - Adding mock interface to class net/bytebuddy/implementation/bytecode/StackManipulation$Compound
2024-11-12 13:43:17,048 INFO  CreateClassResetClassAdapter - Creating brand-new static initializer in class net/bytebuddy/implementation/bytecode/StackManipulation$Compound
2024-11-12 13:43:17,048 INFO  EvoClassLoader - Keeping class: net.bytebuddy.implementation.bytecode.StackManipulation$Compound
2024-11-12 13:43:17,048 INFO  EvoClassLoader - Seeing class for first time: net.bytebuddy.description.modifier.SynchronizationState
2024-11-12 13:43:17,048 INFO  EvoClassLoader - Instrumenting class 'net.bytebuddy.description.modifier.SynchronizationState'.
2024-11-12 13:43:17,049 INFO  MethodCallReplacementClassAdapter - Adding mock interface to class net/bytebuddy/description/modifier/SynchronizationState
2024-11-12 13:43:17,049 INFO  CreateClassResetClassAdapter - Found static initializer in class net/bytebuddy/description/modifier/SynchronizationState
2024-11-12 13:43:17,049 INFO  EvoClassLoader - Keeping class: net.bytebuddy.description.modifier.SynchronizationState
2024-11-12 13:43:17,049 INFO  EvoClassLoader - Seeing class for first time: net.bytebuddy.description.modifier.FieldManifestation
2024-11-12 13:43:17,049 INFO  EvoClassLoader - Instrumenting class 'net.bytebuddy.description.modifier.FieldManifestation'.
2024-11-12 13:43:17,049 INFO  MethodCallReplacementClassAdapter - Adding mock interface to class net/bytebuddy/description/modifier/FieldManifestation
2024-11-12 13:43:17,049 INFO  CreateClassResetClassAdapter - Found static initializer in class net/bytebuddy/description/modifier/FieldManifestation
2024-11-12 13:43:17,049 INFO  EvoClassLoader - Keeping class: net.bytebuddy.description.modifier.FieldManifestation
2024-11-12 13:43:17,049 INFO  EvoClassLoader - Seeing class for first time: net.bytebuddy.description.modifier.FieldPersistence
2024-11-12 13:43:17,049 INFO  EvoClassLoader - Instrumenting class 'net.bytebuddy.description.modifier.FieldPersistence'.
2024-11-12 13:43:17,049 INFO  MethodCallReplacementClassAdapter - Adding mock interface to class net/bytebuddy/description/modifier/FieldPersistence
2024-11-12 13:43:17,049 INFO  CreateClassResetClassAdapter - Found static initializer in class net/bytebuddy/description/modifier/FieldPersistence
2024-11-12 13:43:17,050 INFO  EvoClassLoader - Keeping class: net.bytebuddy.description.modifier.FieldPersistence
2024-11-12 13:43:17,050 INFO  EvoClassLoader - Seeing class for first time: net.bytebuddy.description.modifier.MethodStrictness
2024-11-12 13:43:17,050 INFO  EvoClassLoader - Instrumenting class 'net.bytebuddy.description.modifier.MethodStrictness'.
2024-11-12 13:43:17,050 INFO  MethodCallReplacementClassAdapter - Adding mock interface to class net/bytebuddy/description/modifier/MethodStrictness
2024-11-12 13:43:17,050 INFO  CreateClassResetClassAdapter - Found static initializer in class net/bytebuddy/description/modifier/MethodStrictness
2024-11-12 13:43:17,050 INFO  EvoClassLoader - Keeping class: net.bytebuddy.description.modifier.MethodStrictness
2024-11-12 13:43:17,050 INFO  EvoClassLoader - Seeing class for first time: net.bytebuddy.description.modifier.MethodManifestation
2024-11-12 13:43:17,050 INFO  EvoClassLoader - Instrumenting class 'net.bytebuddy.description.modifier.MethodManifestation'.
2024-11-12 13:43:17,050 INFO  MethodCallReplacementClassAdapter - Adding mock interface to class net/bytebuddy/description/modifier/MethodManifestation
2024-11-12 13:43:17,050 INFO  CreateClassResetClassAdapter - Found static initializer in class net/bytebuddy/description/modifier/MethodManifestation
2024-11-12 13:43:17,050 INFO  EvoClassLoader - Keeping class: net.bytebuddy.description.modifier.MethodManifestation
2024-11-12 13:43:17,050 INFO  EvoClassLoader - Seeing class for first time: net.bytebuddy.description.modifier.ParameterManifestation
2024-11-12 13:43:17,050 INFO  EvoClassLoader - Instrumenting class 'net.bytebuddy.description.modifier.ParameterManifestation'.
2024-11-12 13:43:17,050 INFO  MethodCallReplacementClassAdapter - Adding mock interface to class net/bytebuddy/description/modifier/ParameterManifestation
2024-11-12 13:43:17,050 INFO  CreateClassResetClassAdapter - Found static initializer in class net/bytebuddy/description/modifier/ParameterManifestation
2024-11-12 13:43:17,050 INFO  EvoClassLoader - Keeping class: net.bytebuddy.description.modifier.ParameterManifestation
2024-11-12 13:43:17,050 INFO  EvoClassLoader - Seeing class for first time: net.bytebuddy.description.modifier.ProvisioningState
2024-11-12 13:43:17,050 INFO  EvoClassLoader - Instrumenting class 'net.bytebuddy.description.modifier.ProvisioningState'.
2024-11-12 13:43:17,051 INFO  MethodCallReplacementClassAdapter - Adding mock interface to class net/bytebuddy/description/modifier/ProvisioningState
2024-11-12 13:43:17,051 INFO  CreateClassResetClassAdapter - Found static initializer in class net/bytebuddy/description/modifier/ProvisioningState
2024-11-12 13:43:17,051 INFO  EvoClassLoader - Keeping class: net.bytebuddy.description.modifier.ProvisioningState
2024-11-12 13:43:17,051 INFO  EvoClassLoader - Seeing class for first time: net.bytebuddy.description.TypeVariableSource$AbstractBase
2024-11-12 13:43:17,051 INFO  EvoClassLoader - Instrumenting class 'net.bytebuddy.description.TypeVariableSource$AbstractBase'.
2024-11-12 13:43:17,051 INFO  MethodCallReplacementClassAdapter - Adding mock interface to class net/bytebuddy/description/TypeVariableSource$AbstractBase
2024-11-12 13:43:17,051 INFO  CreateClassResetClassAdapter - Creating brand-new static initializer in class net/bytebuddy/description/TypeVariableSource$AbstractBase
2024-11-12 13:43:17,051 INFO  EvoClassLoader - Keeping class: net.bytebuddy.description.TypeVariableSource$AbstractBase
2024-11-12 13:43:17,051 INFO  EvoClassLoader - Seeing class for first time: net.bytebuddy.utility.privilege.GetSystemPropertyAction
2024-11-12 13:43:17,051 INFO  EvoClassLoader - Instrumenting class 'net.bytebuddy.utility.privilege.GetSystemPropertyAction'.
2024-11-12 13:43:17,051 INFO  MethodCallReplacementClassAdapter - Adding mock interface to class net/bytebuddy/utility/privilege/GetSystemPropertyAction
2024-11-12 13:43:17,051 INFO  CreateClassResetClassAdapter - Creating brand-new static initializer in class net/bytebuddy/utility/privilege/GetSystemPropertyAction
2024-11-12 13:43:17,051 INFO  EvoClassLoader - Keeping class: net.bytebuddy.utility.privilege.GetSystemPropertyAction
2024-11-12 13:43:17,052 INFO  EvoClassLoader - Seeing class for first time: net.bytebuddy.description.type.TypeDescription$AbstractBase
2024-11-12 13:43:17,052 INFO  EvoClassLoader - Instrumenting class 'net.bytebuddy.description.type.TypeDescription$AbstractBase'.
2024-11-12 13:43:17,052 INFO  MethodCallReplacementClassAdapter - Adding mock interface to class net/bytebuddy/description/type/TypeDescription$AbstractBase
2024-11-12 13:43:17,055 INFO  CreateClassResetClassAdapter - Found static initializer in class net/bytebuddy/description/type/TypeDescription$AbstractBase
2024-11-12 13:43:17,056 INFO  EvoClassLoader - Keeping class: net.bytebuddy.description.type.TypeDescription$AbstractBase
2024-11-12 13:43:17,056 INFO  EvoClassLoader - Seeing class for first time: net.bytebuddy.description.type.TypeDescription$SuperTypeLoading
2024-11-12 13:43:17,056 INFO  EvoClassLoader - Instrumenting class 'net.bytebuddy.description.type.TypeDescription$SuperTypeLoading'.
2024-11-12 13:43:17,056 INFO  MethodCallReplacementClassAdapter - Adding mock interface to class net/bytebuddy/description/type/TypeDescription$SuperTypeLoading
2024-11-12 13:43:17,057 INFO  CreateClassResetClassAdapter - Creating brand-new static initializer in class net/bytebuddy/description/type/TypeDescription$SuperTypeLoading
2024-11-12 13:43:17,057 INFO  EvoClassLoader - Keeping class: net.bytebuddy.description.type.TypeDescription$SuperTypeLoading
2024-11-12 13:43:17,057 INFO  EvoClassLoader - Seeing class for first time: net.bytebuddy.description.type.TypeDescription$ForPackageDescription
2024-11-12 13:43:17,057 INFO  EvoClassLoader - Instrumenting class 'net.bytebuddy.description.type.TypeDescription$ForPackageDescription'.
2024-11-12 13:43:17,057 INFO  MethodCallReplacementClassAdapter - Adding mock interface to class net/bytebuddy/description/type/TypeDescription$ForPackageDescription
2024-11-12 13:43:17,057 INFO  CreateClassResetClassAdapter - Creating brand-new static initializer in class net/bytebuddy/description/type/TypeDescription$ForPackageDescription
2024-11-12 13:43:17,057 INFO  EvoClassLoader - Seeing class for first time: net.bytebuddy.description.type.TypeDescription$AbstractBase$OfSimpleType
2024-11-12 13:43:17,057 INFO  EvoClassLoader - Instrumenting class 'net.bytebuddy.description.type.TypeDescription$AbstractBase$OfSimpleType'.
2024-11-12 13:43:17,058 INFO  MethodCallReplacementClassAdapter - Adding mock interface to class net/bytebuddy/description/type/TypeDescription$AbstractBase$OfSimpleType
2024-11-12 13:43:17,058 INFO  CreateClassResetClassAdapter - Creating brand-new static initializer in class net/bytebuddy/description/type/TypeDescription$AbstractBase$OfSimpleType
2024-11-12 13:43:17,058 INFO  EvoClassLoader - Keeping class: net.bytebuddy.description.type.TypeDescription$AbstractBase$OfSimpleType
2024-11-12 13:43:17,058 INFO  EvoClassLoader - Keeping class: net.bytebuddy.description.type.TypeDescription$ForPackageDescription
2024-11-12 13:43:17,058 INFO  EvoClassLoader - Seeing class for first time: net.bytebuddy.description.type.TypeDescription$Latent
2024-11-12 13:43:17,058 INFO  EvoClassLoader - Instrumenting class 'net.bytebuddy.description.type.TypeDescription$Latent'.
2024-11-12 13:43:17,058 INFO  MethodCallReplacementClassAdapter - Adding mock interface to class net/bytebuddy/description/type/TypeDescription$Latent
2024-11-12 13:43:17,059 INFO  CreateClassResetClassAdapter - Creating brand-new static initializer in class net/bytebuddy/description/type/TypeDescription$Latent
2024-11-12 13:43:17,059 INFO  EvoClassLoader - Keeping class: net.bytebuddy.description.type.TypeDescription$Latent
2024-11-12 13:43:17,059 INFO  EvoClassLoader - Seeing class for first time: net.bytebuddy.description.type.TypeDescription$ArrayProjection
2024-11-12 13:43:17,059 INFO  EvoClassLoader - Instrumenting class 'net.bytebuddy.description.type.TypeDescription$ArrayProjection'.
2024-11-12 13:43:17,059 INFO  MethodCallReplacementClassAdapter - Adding mock interface to class net/bytebuddy/description/type/TypeDescription$ArrayProjection
2024-11-12 13:43:17,060 INFO  CreateClassResetClassAdapter - Creating brand-new static initializer in class net/bytebuddy/description/type/TypeDescription$ArrayProjection
2024-11-12 13:43:17,060 INFO  CreateClassResetClassAdapter - Adding bytecode for initializing field ARRAY_IMPLIED
2024-11-12 13:43:17,060 INFO  CreateClassResetClassAdapter - Adding bytecode for initializing field ARRAY_EXCLUDED
2024-11-12 13:43:17,060 INFO  EvoClassLoader - Keeping class: net.bytebuddy.description.type.TypeDescription$ArrayProjection
2024-11-12 13:43:17,060 INFO  EvoClassLoader - Seeing class for first time: net.bytebuddy.description.type.TypeDescription$ForLoadedType
2024-11-12 13:43:17,060 INFO  EvoClassLoader - Instrumenting class 'net.bytebuddy.description.type.TypeDescription$ForLoadedType'.
2024-11-12 13:43:17,060 INFO  MethodCallReplacementClassAdapter - Adding mock interface to class net/bytebuddy/description/type/TypeDescription$ForLoadedType
2024-11-12 13:43:17,063 INFO  CreateClassResetClassAdapter - Found static initializer in class net/bytebuddy/description/type/TypeDescription$ForLoadedType
2024-11-12 13:43:17,065 INFO  EvoClassLoader - Keeping class: net.bytebuddy.description.type.TypeDescription$ForLoadedType
2024-11-12 13:43:17,066 INFO  EvoClassLoader - Seeing class for first time: net.bytebuddy.description.TypeVariableSource$Visitor
2024-11-12 13:43:17,066 INFO  EvoClassLoader - Instrumenting class 'net.bytebuddy.description.TypeVariableSource$Visitor'.
2024-11-12 13:43:17,067 INFO  EvoClassLoader - Keeping class: net.bytebuddy.description.TypeVariableSource$Visitor
2024-11-12 13:43:17,067 INFO  EvoClassLoader - Seeing class for first time: net.bytebuddy.description.type.TypeDescription$ForLoadedType$Dispatcher$CreationAction
2024-11-12 13:43:17,067 INFO  EvoClassLoader - Instrumenting class 'net.bytebuddy.description.type.TypeDescription$ForLoadedType$Dispatcher$CreationAction'.
2024-11-12 13:43:17,067 INFO  MethodCallReplacementClassAdapter - Adding mock interface to class net/bytebuddy/description/type/TypeDescription$ForLoadedType$Dispatcher$CreationAction
2024-11-12 13:43:17,067 INFO  CreateClassResetClassAdapter - Found static initializer in class net/bytebuddy/description/type/TypeDescription$ForLoadedType$Dispatcher$CreationAction
2024-11-12 13:43:17,068 INFO  EvoClassLoader - Keeping class: net.bytebuddy.description.type.TypeDescription$ForLoadedType$Dispatcher$CreationAction
2024-11-12 13:43:17,068 INFO  EvoClassLoader - Seeing class for first time: net.bytebuddy.description.type.TypeDescription$ForLoadedType$Dispatcher
2024-11-12 13:43:17,068 INFO  EvoClassLoader - Instrumenting class 'net.bytebuddy.description.type.TypeDescription$ForLoadedType$Dispatcher'.
2024-11-12 13:43:17,068 INFO  EvoClassLoader - Keeping class: net.bytebuddy.description.type.TypeDescription$ForLoadedType$Dispatcher
2024-11-12 13:43:17,068 INFO  EvoClassLoader - Seeing class for first time: net.bytebuddy.description.type.TypeDescription$ForLoadedType$Dispatcher$ForJava11CapableVm
2024-11-12 13:43:17,068 INFO  EvoClassLoader - Instrumenting class 'net.bytebuddy.description.type.TypeDescription$ForLoadedType$Dispatcher$ForJava11CapableVm'.
2024-11-12 13:43:17,068 INFO  MethodCallReplacementClassAdapter - Adding mock interface to class net/bytebuddy/description/type/TypeDescription$ForLoadedType$Dispatcher$ForJava11CapableVm
2024-11-12 13:43:17,069 INFO  CreateClassResetClassAdapter - Creating brand-new static initializer in class net/bytebuddy/description/type/TypeDescription$ForLoadedType$Dispatcher$ForJava11CapableVm
2024-11-12 13:43:17,069 INFO  EvoClassLoader - Keeping class: net.bytebuddy.description.type.TypeDescription$ForLoadedType$Dispatcher$ForJava11CapableVm
2024-11-12 13:43:17,070 INFO  EvoClassLoader - Seeing class for first time: net.bytebuddy.description.type.TypeDescription$ForLoadedType$Dispatcher$ForLegacyVm
2024-11-12 13:43:17,070 INFO  EvoClassLoader - Instrumenting class 'net.bytebuddy.description.type.TypeDescription$ForLoadedType$Dispatcher$ForLegacyVm'.
2024-11-12 13:43:17,070 INFO  MethodCallReplacementClassAdapter - Adding mock interface to class net/bytebuddy/description/type/TypeDescription$ForLoadedType$Dispatcher$ForLegacyVm
2024-11-12 13:43:17,070 INFO  CreateClassResetClassAdapter - Found static initializer in class net/bytebuddy/description/type/TypeDescription$ForLoadedType$Dispatcher$ForLegacyVm
2024-11-12 13:43:17,070 INFO  EvoClassLoader - Keeping class: net.bytebuddy.description.type.TypeDescription$ForLoadedType$Dispatcher$ForLegacyVm
2024-11-12 13:43:17,071 INFO  EvoClassLoader - Seeing class for first time: net.bytebuddy.description.type.PackageDescription
2024-11-12 13:43:17,071 INFO  EvoClassLoader - Instrumenting class 'net.bytebuddy.description.type.PackageDescription'.
2024-11-12 13:43:17,072 INFO  EvoClassLoader - Keeping class: net.bytebuddy.description.type.PackageDescription
2024-11-12 13:43:17,072 INFO  EvoClassLoader - Seeing class for first time: net.bytebuddy.description.type.TypeList
2024-11-12 13:43:17,072 INFO  EvoClassLoader - Instrumenting class 'net.bytebuddy.description.type.TypeList'.
2024-11-12 13:43:17,073 INFO  EvoClassLoader - Keeping class: net.bytebuddy.description.type.TypeList
2024-11-12 13:43:17,073 INFO  EvoClassLoader - Seeing class for first time: net.bytebuddy.matcher.FilterableList$AbstractBase
2024-11-12 13:43:17,073 INFO  EvoClassLoader - Instrumenting class 'net.bytebuddy.matcher.FilterableList$AbstractBase'.
2024-11-12 13:43:17,074 INFO  MethodCallReplacementClassAdapter - Adding mock interface to class net/bytebuddy/matcher/FilterableList$AbstractBase
2024-11-12 13:43:17,074 INFO  CreateClassResetClassAdapter - Creating brand-new static initializer in class net/bytebuddy/matcher/FilterableList$AbstractBase
2024-11-12 13:43:17,074 INFO  CreateClassResetClassAdapter - Adding bytecode for initializing field ONLY
2024-11-12 13:43:17,075 INFO  EvoClassLoader - Keeping class: net.bytebuddy.matcher.FilterableList$AbstractBase
2024-11-12 13:43:17,075 INFO  EvoClassLoader - Seeing class for first time: net.bytebuddy.description.method.MethodList$AbstractBase
2024-11-12 13:43:17,075 INFO  EvoClassLoader - Instrumenting class 'net.bytebuddy.description.method.MethodList$AbstractBase'.
2024-11-12 13:43:17,075 INFO  MethodCallReplacementClassAdapter - Adding mock interface to class net/bytebuddy/description/method/MethodList$AbstractBase
2024-11-12 13:43:17,075 INFO  CreateClassResetClassAdapter - Creating brand-new static initializer in class net/bytebuddy/description/method/MethodList$AbstractBase
2024-11-12 13:43:17,075 INFO  EvoClassLoader - Keeping class: net.bytebuddy.description.method.MethodList$AbstractBase
2024-11-12 13:43:17,075 INFO  EvoClassLoader - Seeing class for first time: net.bytebuddy.description.method.MethodList$Empty
2024-11-12 13:43:17,075 INFO  EvoClassLoader - Instrumenting class 'net.bytebuddy.description.method.MethodList$Empty'.
2024-11-12 13:43:17,076 INFO  MethodCallReplacementClassAdapter - Adding mock interface to class net/bytebuddy/description/method/MethodList$Empty
2024-11-12 13:43:17,076 INFO  CreateClassResetClassAdapter - Creating brand-new static initializer in class net/bytebuddy/description/method/MethodList$Empty
2024-11-12 13:43:17,076 INFO  EvoClassLoader - Seeing class for first time: net.bytebuddy.matcher.FilterableList$Empty
2024-11-12 13:43:17,076 INFO  EvoClassLoader - Instrumenting class 'net.bytebuddy.matcher.FilterableList$Empty'.
2024-11-12 13:43:17,076 INFO  MethodCallReplacementClassAdapter - Adding mock interface to class net/bytebuddy/matcher/FilterableList$Empty
2024-11-12 13:43:17,076 INFO  CreateClassResetClassAdapter - Creating brand-new static initializer in class net/bytebuddy/matcher/FilterableList$Empty
2024-11-12 13:43:17,077 INFO  EvoClassLoader - Keeping class: net.bytebuddy.matcher.FilterableList$Empty
2024-11-12 13:43:17,077 INFO  EvoClassLoader - Keeping class: net.bytebuddy.description.method.MethodList$Empty
2024-11-12 13:43:17,077 INFO  EvoClassLoader - Seeing class for first time: net.bytebuddy.description.method.MethodList$TypeSubstituting
2024-11-12 13:43:17,077 INFO  EvoClassLoader - Instrumenting class 'net.bytebuddy.description.method.MethodList$TypeSubstituting'.
2024-11-12 13:43:17,077 INFO  MethodCallReplacementClassAdapter - Adding mock interface to class net/bytebuddy/description/method/MethodList$TypeSubstituting
2024-11-12 13:43:17,077 INFO  CreateClassResetClassAdapter - Creating brand-new static initializer in class net/bytebuddy/description/method/MethodList$TypeSubstituting
2024-11-12 13:43:17,077 INFO  EvoClassLoader - Keeping class: net.bytebuddy.description.method.MethodList$TypeSubstituting
2024-11-12 13:43:17,077 INFO  EvoClassLoader - Seeing class for first time: net.bytebuddy.description.method.MethodList$ForTokens
2024-11-12 13:43:17,077 INFO  EvoClassLoader - Instrumenting class 'net.bytebuddy.description.method.MethodList$ForTokens'.
2024-11-12 13:43:17,077 INFO  MethodCallReplacementClassAdapter - Adding mock interface to class net/bytebuddy/description/method/MethodList$ForTokens
2024-11-12 13:43:17,077 INFO  CreateClassResetClassAdapter - Creating brand-new static initializer in class net/bytebuddy/description/method/MethodList$ForTokens
2024-11-12 13:43:17,077 INFO  EvoClassLoader - Keeping class: net.bytebuddy.description.method.MethodList$ForTokens
2024-11-12 13:43:17,077 INFO  EvoClassLoader - Seeing class for first time: net.bytebuddy.description.method.MethodList$Explicit
2024-11-12 13:43:17,077 INFO  EvoClassLoader - Instrumenting class 'net.bytebuddy.description.method.MethodList$Explicit'.
2024-11-12 13:43:17,077 INFO  MethodCallReplacementClassAdapter - Adding mock interface to class net/bytebuddy/description/method/MethodList$Explicit
2024-11-12 13:43:17,078 INFO  CreateClassResetClassAdapter - Creating brand-new static initializer in class net/bytebuddy/description/method/MethodList$Explicit
2024-11-12 13:43:17,078 INFO  EvoClassLoader - Keeping class: net.bytebuddy.description.method.MethodList$Explicit
2024-11-12 13:43:17,078 INFO  EvoClassLoader - Seeing class for first time: net.bytebuddy.description.method.MethodList$ForLoadedMethods
2024-11-12 13:43:17,078 INFO  EvoClassLoader - Instrumenting class 'net.bytebuddy.description.method.MethodList$ForLoadedMethods'.
2024-11-12 13:43:17,078 INFO  MethodCallReplacementClassAdapter - Adding mock interface to class net/bytebuddy/description/method/MethodList$ForLoadedMethods
2024-11-12 13:43:17,079 INFO  CreateClassResetClassAdapter - Creating brand-new static initializer in class net/bytebuddy/description/method/MethodList$ForLoadedMethods
2024-11-12 13:43:17,079 INFO  EvoClassLoader - Keeping class: net.bytebuddy.description.method.MethodList$ForLoadedMethods
2024-11-12 13:43:17,079 INFO  EvoClassLoader - Seeing class for first time: net.bytebuddy.description.ByteCodeElement$Token$TokenList
2024-11-12 13:43:17,079 INFO  EvoClassLoader - Instrumenting class 'net.bytebuddy.description.ByteCodeElement$Token$TokenList'.
2024-11-12 13:43:17,080 INFO  MethodCallReplacementClassAdapter - Adding mock interface to class net/bytebuddy/description/ByteCodeElement$Token$TokenList
2024-11-12 13:43:17,080 INFO  CreateClassResetClassAdapter - Creating brand-new static initializer in class net/bytebuddy/description/ByteCodeElement$Token$TokenList
2024-11-12 13:43:17,080 INFO  EvoClassLoader - Keeping class: net.bytebuddy.description.ByteCodeElement$Token$TokenList
2024-11-12 13:43:17,080 INFO  EvoClassLoader - Seeing class for first time: net.bytebuddy.description.method.MethodDescription$ForLoadedConstructor
2024-11-12 13:43:17,080 INFO  EvoClassLoader - Instrumenting class 'net.bytebuddy.description.method.MethodDescription$ForLoadedConstructor'.
2024-11-12 13:43:17,080 INFO  MethodCallReplacementClassAdapter - Adding mock interface to class net/bytebuddy/description/method/MethodDescription$ForLoadedConstructor
2024-11-12 13:43:17,081 INFO  CreateClassResetClassAdapter - Creating brand-new static initializer in class net/bytebuddy/description/method/MethodDescription$ForLoadedConstructor
2024-11-12 13:43:17,081 INFO  EvoClassLoader - Seeing class for first time: net.bytebuddy.description.method.ParameterDescription$ForLoadedParameter$ParameterAnnotationSource
2024-11-12 13:43:17,081 INFO  EvoClassLoader - Instrumenting class 'net.bytebuddy.description.method.ParameterDescription$ForLoadedParameter$ParameterAnnotationSource'.
2024-11-12 13:43:17,082 INFO  EvoClassLoader - Keeping class: net.bytebuddy.description.method.ParameterDescription$ForLoadedParameter$ParameterAnnotationSource
2024-11-12 13:43:17,082 INFO  EvoClassLoader - Seeing class for first time: net.bytebuddy.description.method.MethodDescription$InDefinedShape$AbstractBase
2024-11-12 13:43:17,082 INFO  EvoClassLoader - Instrumenting class 'net.bytebuddy.description.method.MethodDescription$InDefinedShape$AbstractBase'.
2024-11-12 13:43:17,082 INFO  MethodCallReplacementClassAdapter - Adding mock interface to class net/bytebuddy/description/method/MethodDescription$InDefinedShape$AbstractBase
2024-11-12 13:43:17,082 INFO  CreateClassResetClassAdapter - Creating brand-new static initializer in class net/bytebuddy/description/method/MethodDescription$InDefinedShape$AbstractBase
2024-11-12 13:43:17,083 INFO  EvoClassLoader - Seeing class for first time: net.bytebuddy.description.method.MethodDescription$AbstractBase
2024-11-12 13:43:17,083 INFO  EvoClassLoader - Instrumenting class 'net.bytebuddy.description.method.MethodDescription$AbstractBase'.
2024-11-12 13:43:17,083 INFO  MethodCallReplacementClassAdapter - Adding mock interface to class net/bytebuddy/description/method/MethodDescription$AbstractBase
2024-11-12 13:43:17,085 INFO  CreateClassResetClassAdapter - Creating brand-new static initializer in class net/bytebuddy/description/method/MethodDescription$AbstractBase
2024-11-12 13:43:17,085 INFO  CreateClassResetClassAdapter - Adding bytecode for initializing field SOURCE_MODIFIERS
2024-11-12 13:43:17,086 INFO  EvoClassLoader - Keeping class: net.bytebuddy.description.method.MethodDescription$AbstractBase
2024-11-12 13:43:17,086 INFO  EvoClassLoader - Keeping class: net.bytebuddy.description.method.MethodDescription$InDefinedShape$AbstractBase
2024-11-12 13:43:17,087 INFO  EvoClassLoader - Keeping class: net.bytebuddy.description.method.MethodDescription$ForLoadedConstructor
2024-11-12 13:43:17,087 INFO  EvoClassLoader - Seeing class for first time: net.bytebuddy.description.method.MethodDescription$ForLoadedMethod
2024-11-12 13:43:17,087 INFO  EvoClassLoader - Instrumenting class 'net.bytebuddy.description.method.MethodDescription$ForLoadedMethod'.
2024-11-12 13:43:17,087 INFO  MethodCallReplacementClassAdapter - Adding mock interface to class net/bytebuddy/description/method/MethodDescription$ForLoadedMethod
2024-11-12 13:43:17,088 INFO  CreateClassResetClassAdapter - Creating brand-new static initializer in class net/bytebuddy/description/method/MethodDescription$ForLoadedMethod
2024-11-12 13:43:17,088 INFO  EvoClassLoader - Keeping class: net.bytebuddy.description.method.MethodDescription$ForLoadedMethod
2024-11-12 13:43:17,088 INFO  EvoClassLoader - Seeing class for first time: net.bytebuddy.matcher.NameMatcher
2024-11-12 13:43:17,088 INFO  EvoClassLoader - Instrumenting class 'net.bytebuddy.matcher.NameMatcher'.
2024-11-12 13:43:17,089 INFO  MethodCallReplacementClassAdapter - Adding mock interface to class net/bytebuddy/matcher/NameMatcher
2024-11-12 13:43:17,089 INFO  CreateClassResetClassAdapter - Creating brand-new static initializer in class net/bytebuddy/matcher/NameMatcher
2024-11-12 13:43:17,089 INFO  EvoClassLoader - Keeping class: net.bytebuddy.matcher.NameMatcher
2024-11-12 13:43:17,089 INFO  EvoClassLoader - Seeing class for first time: net.bytebuddy.matcher.StringMatcher
2024-11-12 13:43:17,089 INFO  EvoClassLoader - Instrumenting class 'net.bytebuddy.matcher.StringMatcher'.
2024-11-12 13:43:17,089 INFO  MethodCallReplacementClassAdapter - Adding mock interface to class net/bytebuddy/matcher/StringMatcher
2024-11-12 13:43:17,089 INFO  CreateClassResetClassAdapter - Creating brand-new static initializer in class net/bytebuddy/matcher/StringMatcher
2024-11-12 13:43:17,090 INFO  EvoClassLoader - Keeping class: net.bytebuddy.matcher.StringMatcher
2024-11-12 13:43:17,090 INFO  EvoClassLoader - Seeing class for first time: net.bytebuddy.matcher.StringMatcher$Mode
2024-11-12 13:43:17,090 INFO  EvoClassLoader - Instrumenting class 'net.bytebuddy.matcher.StringMatcher$Mode'.
2024-11-12 13:43:17,090 INFO  MethodCallReplacementClassAdapter - Adding mock interface to class net/bytebuddy/matcher/StringMatcher$Mode
2024-11-12 13:43:17,090 INFO  CreateClassResetClassAdapter - Found static initializer in class net/bytebuddy/matcher/StringMatcher$Mode
2024-11-12 13:43:17,090 INFO  EvoClassLoader - Keeping class: net.bytebuddy.matcher.StringMatcher$Mode
2024-11-12 13:43:17,090 INFO  EvoClassLoader - Seeing class for first time: net.bytebuddy.matcher.StringMatcher$Mode$1
2024-11-12 13:43:17,090 INFO  EvoClassLoader - Instrumenting class 'net.bytebuddy.matcher.StringMatcher$Mode$1'.
2024-11-12 13:43:17,091 INFO  MethodCallReplacementClassAdapter - Adding mock interface to class net/bytebuddy/matcher/StringMatcher$Mode$1
2024-11-12 13:43:17,091 INFO  EvoClassLoader - Keeping class: net.bytebuddy.matcher.StringMatcher$Mode$1
2024-11-12 13:43:17,091 INFO  EvoClassLoader - Seeing class for first time: net.bytebuddy.matcher.StringMatcher$Mode$2
2024-11-12 13:43:17,091 INFO  EvoClassLoader - Instrumenting class 'net.bytebuddy.matcher.StringMatcher$Mode$2'.
2024-11-12 13:43:17,091 INFO  MethodCallReplacementClassAdapter - Adding mock interface to class net/bytebuddy/matcher/StringMatcher$Mode$2
2024-11-12 13:43:17,091 INFO  EvoClassLoader - Keeping class: net.bytebuddy.matcher.StringMatcher$Mode$2
2024-11-12 13:43:17,091 INFO  EvoClassLoader - Seeing class for first time: net.bytebuddy.matcher.StringMatcher$Mode$3
2024-11-12 13:43:17,091 INFO  EvoClassLoader - Instrumenting class 'net.bytebuddy.matcher.StringMatcher$Mode$3'.
2024-11-12 13:43:17,092 INFO  MethodCallReplacementClassAdapter - Adding mock interface to class net/bytebuddy/matcher/StringMatcher$Mode$3
2024-11-12 13:43:17,092 INFO  EvoClassLoader - Keeping class: net.bytebuddy.matcher.StringMatcher$Mode$3
2024-11-12 13:43:17,092 INFO  EvoClassLoader - Seeing class for first time: net.bytebuddy.matcher.StringMatcher$Mode$4
2024-11-12 13:43:17,092 INFO  EvoClassLoader - Instrumenting class 'net.bytebuddy.matcher.StringMatcher$Mode$4'.
2024-11-12 13:43:17,092 INFO  MethodCallReplacementClassAdapter - Adding mock interface to class net/bytebuddy/matcher/StringMatcher$Mode$4
2024-11-12 13:43:17,092 INFO  EvoClassLoader - Keeping class: net.bytebuddy.matcher.StringMatcher$Mode$4
2024-11-12 13:43:17,092 INFO  EvoClassLoader - Seeing class for first time: net.bytebuddy.matcher.StringMatcher$Mode$5
2024-11-12 13:43:17,092 INFO  EvoClassLoader - Instrumenting class 'net.bytebuddy.matcher.StringMatcher$Mode$5'.
2024-11-12 13:43:17,092 INFO  MethodCallReplacementClassAdapter - Adding mock interface to class net/bytebuddy/matcher/StringMatcher$Mode$5
2024-11-12 13:43:17,092 INFO  EvoClassLoader - Keeping class: net.bytebuddy.matcher.StringMatcher$Mode$5
2024-11-12 13:43:17,092 INFO  EvoClassLoader - Seeing class for first time: net.bytebuddy.matcher.StringMatcher$Mode$6
2024-11-12 13:43:17,092 INFO  EvoClassLoader - Instrumenting class 'net.bytebuddy.matcher.StringMatcher$Mode$6'.
2024-11-12 13:43:17,092 INFO  MethodCallReplacementClassAdapter - Adding mock interface to class net/bytebuddy/matcher/StringMatcher$Mode$6
2024-11-12 13:43:17,092 INFO  EvoClassLoader - Keeping class: net.bytebuddy.matcher.StringMatcher$Mode$6
2024-11-12 13:43:17,092 INFO  EvoClassLoader - Seeing class for first time: net.bytebuddy.matcher.StringMatcher$Mode$7
2024-11-12 13:43:17,092 INFO  EvoClassLoader - Instrumenting class 'net.bytebuddy.matcher.StringMatcher$Mode$7'.
2024-11-12 13:43:17,093 INFO  MethodCallReplacementClassAdapter - Adding mock interface to class net/bytebuddy/matcher/StringMatcher$Mode$7
2024-11-12 13:43:17,093 INFO  EvoClassLoader - Keeping class: net.bytebuddy.matcher.StringMatcher$Mode$7
2024-11-12 13:43:17,093 INFO  EvoClassLoader - Seeing class for first time: net.bytebuddy.matcher.StringMatcher$Mode$8
2024-11-12 13:43:17,093 INFO  EvoClassLoader - Instrumenting class 'net.bytebuddy.matcher.StringMatcher$Mode$8'.
2024-11-12 13:43:17,093 INFO  MethodCallReplacementClassAdapter - Adding mock interface to class net/bytebuddy/matcher/StringMatcher$Mode$8
2024-11-12 13:43:17,093 INFO  EvoClassLoader - Keeping class: net.bytebuddy.matcher.StringMatcher$Mode$8
2024-11-12 13:43:17,093 INFO  EvoClassLoader - Seeing class for first time: net.bytebuddy.matcher.StringMatcher$Mode$9
2024-11-12 13:43:17,093 INFO  EvoClassLoader - Instrumenting class 'net.bytebuddy.matcher.StringMatcher$Mode$9'.
2024-11-12 13:43:17,093 INFO  MethodCallReplacementClassAdapter - Adding mock interface to class net/bytebuddy/matcher/StringMatcher$Mode$9
2024-11-12 13:43:17,093 INFO  EvoClassLoader - Keeping class: net.bytebuddy.matcher.StringMatcher$Mode$9
2024-11-12 13:43:17,093 INFO  EvoClassLoader - Seeing class for first time: net.bytebuddy.description.method.MethodDescription$TypeToken
2024-11-12 13:43:17,093 INFO  EvoClassLoader - Instrumenting class 'net.bytebuddy.description.method.MethodDescription$TypeToken'.
2024-11-12 13:43:17,094 INFO  MethodCallReplacementClassAdapter - Adding mock interface to class net/bytebuddy/description/method/MethodDescription$TypeToken
2024-11-12 13:43:17,094 INFO  CreateClassResetClassAdapter - Creating brand-new static initializer in class net/bytebuddy/description/method/MethodDescription$TypeToken
2024-11-12 13:43:17,094 INFO  EvoClassLoader - Keeping class: net.bytebuddy.description.method.MethodDescription$TypeToken
2024-11-12 13:43:17,094 INFO  EvoClassLoader - Seeing class for first time: net.bytebuddy.description.method.MethodDescription$Token
2024-11-12 13:43:17,094 INFO  EvoClassLoader - Instrumenting class 'net.bytebuddy.description.method.MethodDescription$Token'.
2024-11-12 13:43:17,094 INFO  MethodCallReplacementClassAdapter - Adding mock interface to class net/bytebuddy/description/method/MethodDescription$Token
2024-11-12 13:43:17,094 INFO  CreateClassResetClassAdapter - Creating brand-new static initializer in class net/bytebuddy/description/method/MethodDescription$Token
2024-11-12 13:43:17,095 INFO  EvoClassLoader - Seeing class for first time: net.bytebuddy.description.ByteCodeElement$Token
2024-11-12 13:43:17,095 INFO  EvoClassLoader - Instrumenting class 'net.bytebuddy.description.ByteCodeElement$Token'.
2024-11-12 13:43:17,095 INFO  EvoClassLoader - Keeping class: net.bytebuddy.description.ByteCodeElement$Token
2024-11-12 13:43:17,095 INFO  EvoClassLoader - Keeping class: net.bytebuddy.description.method.MethodDescription$Token
2024-11-12 13:43:17,095 INFO  EvoClassLoader - Seeing class for first time: net.bytebuddy.description.method.MethodDescription$TypeSubstituting
2024-11-12 13:43:17,095 INFO  EvoClassLoader - Instrumenting class 'net.bytebuddy.description.method.MethodDescription$TypeSubstituting'.
2024-11-12 13:43:17,096 INFO  MethodCallReplacementClassAdapter - Adding mock interface to class net/bytebuddy/description/method/MethodDescription$TypeSubstituting
2024-11-12 13:43:17,096 INFO  CreateClassResetClassAdapter - Creating brand-new static initializer in class net/bytebuddy/description/method/MethodDescription$TypeSubstituting
2024-11-12 13:43:17,096 INFO  EvoClassLoader - Seeing class for first time: net.bytebuddy.description.method.MethodDescription$InGenericShape
2024-11-12 13:43:17,096 INFO  EvoClassLoader - Instrumenting class 'net.bytebuddy.description.method.MethodDescription$InGenericShape'.
2024-11-12 13:43:17,096 INFO  EvoClassLoader - Keeping class: net.bytebuddy.description.method.MethodDescription$InGenericShape
2024-11-12 13:43:17,096 INFO  EvoClassLoader - Keeping class: net.bytebuddy.description.method.MethodDescription$TypeSubstituting
2024-11-12 13:43:17,096 INFO  EvoClassLoader - Seeing class for first time: net.bytebuddy.description.method.MethodDescription$Latent
2024-11-12 13:43:17,096 INFO  EvoClassLoader - Instrumenting class 'net.bytebuddy.description.method.MethodDescription$Latent'.
2024-11-12 13:43:17,096 INFO  MethodCallReplacementClassAdapter - Adding mock interface to class net/bytebuddy/description/method/MethodDescription$Latent
2024-11-12 13:43:17,097 INFO  CreateClassResetClassAdapter - Creating brand-new static initializer in class net/bytebuddy/description/method/MethodDescription$Latent
2024-11-12 13:43:17,097 INFO  EvoClassLoader - Keeping class: net.bytebuddy.description.method.MethodDescription$Latent
2024-11-12 13:43:17,098 INFO  EvoClassLoader - Seeing class for first time: net.bytebuddy.description.annotation.AnnotationValue
2024-11-12 13:43:17,098 INFO  EvoClassLoader - Instrumenting class 'net.bytebuddy.description.annotation.AnnotationValue'.
2024-11-12 13:43:17,098 INFO  EvoClassLoader - Keeping class: net.bytebuddy.description.annotation.AnnotationValue
2024-11-12 13:43:17,098 INFO  EvoClassLoader - Seeing class for first time: net.bytebuddy.description.enumeration.EnumerationDescription
2024-11-12 13:43:17,098 INFO  EvoClassLoader - Instrumenting class 'net.bytebuddy.description.enumeration.EnumerationDescription'.
2024-11-12 13:43:17,098 INFO  EvoClassLoader - Defined package (3): package net.bytebuddy.description.enumeration, -242486252
2024-11-12 13:43:17,098 INFO  EvoClassLoader - Keeping class: net.bytebuddy.description.enumeration.EnumerationDescription
2024-11-12 13:43:17,099 INFO  EvoClassLoader - Seeing class for first time: net.bytebuddy.description.method.ParameterList
2024-11-12 13:43:17,099 INFO  EvoClassLoader - Instrumenting class 'net.bytebuddy.description.method.ParameterList'.
2024-11-12 13:43:17,099 INFO  EvoClassLoader - Keeping class: net.bytebuddy.description.method.ParameterList
2024-11-12 13:43:17,099 INFO  EvoClassLoader - Seeing class for first time: net.bytebuddy.implementation.bind.annotation.Super$Binder
2024-11-12 13:43:17,099 INFO  EvoClassLoader - Instrumenting class 'net.bytebuddy.implementation.bind.annotation.Super$Binder'.
2024-11-12 13:43:17,100 INFO  MethodCallReplacementClassAdapter - Adding mock interface to class net/bytebuddy/implementation/bind/annotation/Super$Binder
2024-11-12 13:43:17,100 INFO  CreateClassResetClassAdapter - Found static initializer in class net/bytebuddy/implementation/bind/annotation/Super$Binder
2024-11-12 13:43:17,101 INFO  EvoClassLoader - Keeping class: net.bytebuddy.implementation.bind.annotation.Super$Binder
2024-11-12 13:43:17,101 INFO  EvoClassLoader - Seeing class for first time: net.bytebuddy.implementation.bind.annotation.Super
2024-11-12 13:43:17,101 INFO  EvoClassLoader - Instrumenting class 'net.bytebuddy.implementation.bind.annotation.Super'.
2024-11-12 13:43:17,101 INFO  EvoClassLoader - Keeping class: net.bytebuddy.implementation.bind.annotation.Super
2024-11-12 13:43:17,101 INFO  EvoClassLoader - Seeing class for first time: net.bytebuddy.implementation.bind.annotation.Super$Instantiation
2024-11-12 13:43:17,101 INFO  EvoClassLoader - Instrumenting class 'net.bytebuddy.implementation.bind.annotation.Super$Instantiation'.
2024-11-12 13:43:17,102 INFO  MethodCallReplacementClassAdapter - Adding mock interface to class net/bytebuddy/implementation/bind/annotation/Super$Instantiation
2024-11-12 13:43:17,102 INFO  CreateClassResetClassAdapter - Found static initializer in class net/bytebuddy/implementation/bind/annotation/Super$Instantiation
2024-11-12 13:43:17,102 INFO  EvoClassLoader - Keeping class: net.bytebuddy.implementation.bind.annotation.Super$Instantiation
2024-11-12 13:43:17,102 INFO  EvoClassLoader - Seeing class for first time: net.bytebuddy.implementation.bind.annotation.Default$Binder
2024-11-12 13:43:17,102 INFO  EvoClassLoader - Instrumenting class 'net.bytebuddy.implementation.bind.annotation.Default$Binder'.
2024-11-12 13:43:17,102 INFO  MethodCallReplacementClassAdapter - Adding mock interface to class net/bytebuddy/implementation/bind/annotation/Default$Binder
2024-11-12 13:43:17,103 INFO  CreateClassResetClassAdapter - Found static initializer in class net/bytebuddy/implementation/bind/annotation/Default$Binder
2024-11-12 13:43:17,104 INFO  EvoClassLoader - Keeping class: net.bytebuddy.implementation.bind.annotation.Default$Binder
2024-11-12 13:43:17,104 INFO  EvoClassLoader - Seeing class for first time: net.bytebuddy.implementation.bind.annotation.Default
2024-11-12 13:43:17,104 INFO  EvoClassLoader - Instrumenting class 'net.bytebuddy.implementation.bind.annotation.Default'.
2024-11-12 13:43:17,104 INFO  EvoClassLoader - Keeping class: net.bytebuddy.implementation.bind.annotation.Default
2024-11-12 13:43:17,104 INFO  EvoClassLoader - Seeing class for first time: net.bytebuddy.implementation.bind.annotation.SuperCall$Binder
2024-11-12 13:43:17,104 INFO  EvoClassLoader - Instrumenting class 'net.bytebuddy.implementation.bind.annotation.SuperCall$Binder'.
2024-11-12 13:43:17,105 INFO  MethodCallReplacementClassAdapter - Adding mock interface to class net/bytebuddy/implementation/bind/annotation/SuperCall$Binder
2024-11-12 13:43:17,106 INFO  CreateClassResetClassAdapter - Found static initializer in class net/bytebuddy/implementation/bind/annotation/SuperCall$Binder
2024-11-12 13:43:17,106 INFO  EvoClassLoader - Keeping class: net.bytebuddy.implementation.bind.annotation.SuperCall$Binder
2024-11-12 13:43:17,106 INFO  EvoClassLoader - Seeing class for first time: net.bytebuddy.implementation.bind.annotation.SuperCall
2024-11-12 13:43:17,106 INFO  EvoClassLoader - Instrumenting class 'net.bytebuddy.implementation.bind.annotation.SuperCall'.
2024-11-12 13:43:17,106 INFO  EvoClassLoader - Keeping class: net.bytebuddy.implementation.bind.annotation.SuperCall
2024-11-12 13:43:17,107 INFO  EvoClassLoader - Seeing class for first time: net.bytebuddy.implementation.auxiliary.MethodCallProxy$AssignableSignatureCall
2024-11-12 13:43:17,107 INFO  EvoClassLoader - Instrumenting class 'net.bytebuddy.implementation.auxiliary.MethodCallProxy$AssignableSignatureCall'.
2024-11-12 13:43:17,107 INFO  MethodCallReplacementClassAdapter - Adding mock interface to class net/bytebuddy/implementation/auxiliary/MethodCallProxy$AssignableSignatureCall
2024-11-12 13:43:17,107 INFO  CreateClassResetClassAdapter - Creating brand-new static initializer in class net/bytebuddy/implementation/auxiliary/MethodCallProxy$AssignableSignatureCall
2024-11-12 13:43:17,107 INFO  EvoClassLoader - Defined package (3): package net.bytebuddy.implementation.auxiliary, -448976725
2024-11-12 13:43:17,107 INFO  EvoClassLoader - Keeping class: net.bytebuddy.implementation.auxiliary.MethodCallProxy$AssignableSignatureCall
2024-11-12 13:43:17,107 INFO  EvoClassLoader - Seeing class for first time: net.bytebuddy.implementation.bind.annotation.DefaultCall$Binder
2024-11-12 13:43:17,107 INFO  EvoClassLoader - Instrumenting class 'net.bytebuddy.implementation.bind.annotation.DefaultCall$Binder'.
2024-11-12 13:43:17,108 INFO  MethodCallReplacementClassAdapter - Adding mock interface to class net/bytebuddy/implementation/bind/annotation/DefaultCall$Binder
2024-11-12 13:43:17,109 INFO  CreateClassResetClassAdapter - Found static initializer in class net/bytebuddy/implementation/bind/annotation/DefaultCall$Binder
2024-11-12 13:43:17,109 INFO  EvoClassLoader - Keeping class: net.bytebuddy.implementation.bind.annotation.DefaultCall$Binder
2024-11-12 13:43:17,109 INFO  EvoClassLoader - Seeing class for first time: net.bytebuddy.implementation.bind.annotation.DefaultCall
2024-11-12 13:43:17,109 INFO  EvoClassLoader - Instrumenting class 'net.bytebuddy.implementation.bind.annotation.DefaultCall'.
2024-11-12 13:43:17,110 INFO  EvoClassLoader - Keeping class: net.bytebuddy.implementation.bind.annotation.DefaultCall
2024-11-12 13:43:17,110 INFO  EvoClassLoader - Seeing class for first time: net.bytebuddy.implementation.bind.annotation.DefaultCall$Binder$DefaultMethodLocator$Implicit
2024-11-12 13:43:17,110 INFO  EvoClassLoader - Instrumenting class 'net.bytebuddy.implementation.bind.annotation.DefaultCall$Binder$DefaultMethodLocator$Implicit'.
2024-11-12 13:43:17,110 INFO  MethodCallReplacementClassAdapter - Adding mock interface to class net/bytebuddy/implementation/bind/annotation/DefaultCall$Binder$DefaultMethodLocator$Implicit
2024-11-12 13:43:17,110 INFO  CreateClassResetClassAdapter - Found static initializer in class net/bytebuddy/implementation/bind/annotation/DefaultCall$Binder$DefaultMethodLocator$Implicit
2024-11-12 13:43:17,110 INFO  EvoClassLoader - Seeing class for first time: net.bytebuddy.implementation.bind.annotation.DefaultCall$Binder$DefaultMethodLocator
2024-11-12 13:43:17,110 INFO  EvoClassLoader - Instrumenting class 'net.bytebuddy.implementation.bind.annotation.DefaultCall$Binder$DefaultMethodLocator'.
2024-11-12 13:43:17,110 INFO  EvoClassLoader - Keeping class: net.bytebuddy.implementation.bind.annotation.DefaultCall$Binder$DefaultMethodLocator
2024-11-12 13:43:17,110 INFO  EvoClassLoader - Keeping class: net.bytebuddy.implementation.bind.annotation.DefaultCall$Binder$DefaultMethodLocator$Implicit
2024-11-12 13:43:17,110 INFO  EvoClassLoader - Seeing class for first time: net.bytebuddy.implementation.bind.annotation.DefaultCall$Binder$DefaultMethodLocator$Explicit
2024-11-12 13:43:17,110 INFO  EvoClassLoader - Instrumenting class 'net.bytebuddy.implementation.bind.annotation.DefaultCall$Binder$DefaultMethodLocator$Explicit'.
2024-11-12 13:43:17,111 INFO  MethodCallReplacementClassAdapter - Adding mock interface to class net/bytebuddy/implementation/bind/annotation/DefaultCall$Binder$DefaultMethodLocator$Explicit
2024-11-12 13:43:17,111 INFO  CreateClassResetClassAdapter - Creating brand-new static initializer in class net/bytebuddy/implementation/bind/annotation/DefaultCall$Binder$DefaultMethodLocator$Explicit
2024-11-12 13:43:17,111 INFO  EvoClassLoader - Keeping class: net.bytebuddy.implementation.bind.annotation.DefaultCall$Binder$DefaultMethodLocator$Explicit
2024-11-12 13:43:17,112 INFO  EvoClassLoader - Seeing class for first time: net.bytebuddy.implementation.bind.annotation.SuperMethod$Binder
2024-11-12 13:43:17,112 INFO  EvoClassLoader - Instrumenting class 'net.bytebuddy.implementation.bind.annotation.SuperMethod$Binder'.
2024-11-12 13:43:17,112 INFO  MethodCallReplacementClassAdapter - Adding mock interface to class net/bytebuddy/implementation/bind/annotation/SuperMethod$Binder
2024-11-12 13:43:17,113 INFO  CreateClassResetClassAdapter - Found static initializer in class net/bytebuddy/implementation/bind/annotation/SuperMethod$Binder
2024-11-12 13:43:17,113 INFO  EvoClassLoader - Keeping class: net.bytebuddy.implementation.bind.annotation.SuperMethod$Binder
2024-11-12 13:43:17,113 INFO  EvoClassLoader - Seeing class for first time: net.bytebuddy.implementation.bind.annotation.SuperMethod
2024-11-12 13:43:17,113 INFO  EvoClassLoader - Instrumenting class 'net.bytebuddy.implementation.bind.annotation.SuperMethod'.
2024-11-12 13:43:17,114 INFO  EvoClassLoader - Keeping class: net.bytebuddy.implementation.bind.annotation.SuperMethod
2024-11-12 13:43:17,114 INFO  EvoClassLoader - Seeing class for first time: net.bytebuddy.implementation.bind.annotation.DefaultMethod$Binder
2024-11-12 13:43:17,114 INFO  EvoClassLoader - Instrumenting class 'net.bytebuddy.implementation.bind.annotation.DefaultMethod$Binder'.
2024-11-12 13:43:17,114 INFO  MethodCallReplacementClassAdapter - Adding mock interface to class net/bytebuddy/implementation/bind/annotation/DefaultMethod$Binder
2024-11-12 13:43:17,116 INFO  CreateClassResetClassAdapter - Found static initializer in class net/bytebuddy/implementation/bind/annotation/DefaultMethod$Binder
2024-11-12 13:43:17,117 INFO  EvoClassLoader - Keeping class: net.bytebuddy.implementation.bind.annotation.DefaultMethod$Binder
2024-11-12 13:43:17,117 INFO  EvoClassLoader - Seeing class for first time: net.bytebuddy.implementation.bind.annotation.DefaultMethod
2024-11-12 13:43:17,117 INFO  EvoClassLoader - Instrumenting class 'net.bytebuddy.implementation.bind.annotation.DefaultMethod'.
2024-11-12 13:43:17,117 INFO  EvoClassLoader - Keeping class: net.bytebuddy.implementation.bind.annotation.DefaultMethod
2024-11-12 13:43:17,117 INFO  EvoClassLoader - Seeing class for first time: net.bytebuddy.implementation.bind.annotation.DefaultMethod$Binder$MethodLocator$ForImplicitType
2024-11-12 13:43:17,117 INFO  EvoClassLoader - Instrumenting class 'net.bytebuddy.implementation.bind.annotation.DefaultMethod$Binder$MethodLocator$ForImplicitType'.
2024-11-12 13:43:17,118 INFO  MethodCallReplacementClassAdapter - Adding mock interface to class net/bytebuddy/implementation/bind/annotation/DefaultMethod$Binder$MethodLocator$ForImplicitType
2024-11-12 13:43:17,118 INFO  CreateClassResetClassAdapter - Found static initializer in class net/bytebuddy/implementation/bind/annotation/DefaultMethod$Binder$MethodLocator$ForImplicitType
2024-11-12 13:43:17,118 INFO  EvoClassLoader - Seeing class for first time: net.bytebuddy.implementation.bind.annotation.DefaultMethod$Binder$MethodLocator
2024-11-12 13:43:17,118 INFO  EvoClassLoader - Instrumenting class 'net.bytebuddy.implementation.bind.annotation.DefaultMethod$Binder$MethodLocator'.
2024-11-12 13:43:17,118 INFO  EvoClassLoader - Keeping class: net.bytebuddy.implementation.bind.annotation.DefaultMethod$Binder$MethodLocator
2024-11-12 13:43:17,118 INFO  EvoClassLoader - Keeping class: net.bytebuddy.implementation.bind.annotation.DefaultMethod$Binder$MethodLocator$ForImplicitType
2024-11-12 13:43:17,118 INFO  EvoClassLoader - Seeing class for first time: net.bytebuddy.implementation.bind.annotation.DefaultMethod$Binder$MethodLocator$ForExplicitType
2024-11-12 13:43:17,118 INFO  EvoClassLoader - Instrumenting class 'net.bytebuddy.implementation.bind.annotation.DefaultMethod$Binder$MethodLocator$ForExplicitType'.
2024-11-12 13:43:17,118 INFO  MethodCallReplacementClassAdapter - Adding mock interface to class net/bytebuddy/implementation/bind/annotation/DefaultMethod$Binder$MethodLocator$ForExplicitType
2024-11-12 13:43:17,119 INFO  CreateClassResetClassAdapter - Creating brand-new static initializer in class net/bytebuddy/implementation/bind/annotation/DefaultMethod$Binder$MethodLocator$ForExplicitType
2024-11-12 13:43:17,119 INFO  EvoClassLoader - Keeping class: net.bytebuddy.implementation.bind.annotation.DefaultMethod$Binder$MethodLocator$ForExplicitType
2024-11-12 13:43:17,120 INFO  EvoClassLoader - Seeing class for first time: net.bytebuddy.implementation.bind.annotation.TargetMethodAnnotationDrivenBinder$ParameterBinder$ForFieldBinding
2024-11-12 13:43:17,120 INFO  EvoClassLoader - Instrumenting class 'net.bytebuddy.implementation.bind.annotation.TargetMethodAnnotationDrivenBinder$ParameterBinder$ForFieldBinding'.
2024-11-12 13:43:17,121 INFO  MethodCallReplacementClassAdapter - Adding mock interface to class net/bytebuddy/implementation/bind/annotation/TargetMethodAnnotationDrivenBinder$ParameterBinder$ForFieldBinding
2024-11-12 13:43:17,122 INFO  CreateClassResetClassAdapter - Creating brand-new static initializer in class net/bytebuddy/implementation/bind/annotation/TargetMethodAnnotationDrivenBinder$ParameterBinder$ForFieldBinding
2024-11-12 13:43:17,122 INFO  CreateClassResetClassAdapter - Adding bytecode for initializing field BEAN_PROPERTY
2024-11-12 13:43:17,122 INFO  EvoClassLoader - Keeping class: net.bytebuddy.implementation.bind.annotation.TargetMethodAnnotationDrivenBinder$ParameterBinder$ForFieldBinding
2024-11-12 13:43:17,122 INFO  EvoClassLoader - Seeing class for first time: net.bytebuddy.implementation.bind.annotation.TargetMethodAnnotationDrivenBinder
2024-11-12 13:43:17,122 INFO  EvoClassLoader - Instrumenting class 'net.bytebuddy.implementation.bind.annotation.TargetMethodAnnotationDrivenBinder'.
2024-11-12 13:43:17,123 INFO  MethodCallReplacementClassAdapter - Adding mock interface to class net/bytebuddy/implementation/bind/annotation/TargetMethodAnnotationDrivenBinder
2024-11-12 13:43:17,123 INFO  CreateClassResetClassAdapter - Creating brand-new static initializer in class net/bytebuddy/implementation/bind/annotation/TargetMethodAnnotationDrivenBinder
2024-11-12 13:43:17,123 INFO  EvoClassLoader - Keeping class: net.bytebuddy.implementation.bind.annotation.TargetMethodAnnotationDrivenBinder
2024-11-12 13:43:17,123 INFO  EvoClassLoader - Seeing class for first time: net.bytebuddy.dynamic.scaffold.FieldLocator$Resolution
2024-11-12 13:43:17,123 INFO  EvoClassLoader - Instrumenting class 'net.bytebuddy.dynamic.scaffold.FieldLocator$Resolution'.
2024-11-12 13:43:17,123 INFO  EvoClassLoader - Keeping class: net.bytebuddy.dynamic.scaffold.FieldLocator$Resolution
2024-11-12 13:43:17,123 INFO  EvoClassLoader - Seeing class for first time: net.bytebuddy.dynamic.scaffold.FieldLocator$ForClassHierarchy
2024-11-12 13:43:17,123 INFO  EvoClassLoader - Instrumenting class 'net.bytebuddy.dynamic.scaffold.FieldLocator$ForClassHierarchy'.
2024-11-12 13:43:17,123 INFO  MethodCallReplacementClassAdapter - Adding mock interface to class net/bytebuddy/dynamic/scaffold/FieldLocator$ForClassHierarchy
2024-11-12 13:43:17,123 INFO  CreateClassResetClassAdapter - Creating brand-new static initializer in class net/bytebuddy/dynamic/scaffold/FieldLocator$ForClassHierarchy
2024-11-12 13:43:17,124 INFO  EvoClassLoader - Seeing class for first time: net.bytebuddy.dynamic.scaffold.FieldLocator$AbstractBase
2024-11-12 13:43:17,124 INFO  EvoClassLoader - Instrumenting class 'net.bytebuddy.dynamic.scaffold.FieldLocator$AbstractBase'.
2024-11-12 13:43:17,124 INFO  MethodCallReplacementClassAdapter - Adding mock interface to class net/bytebuddy/dynamic/scaffold/FieldLocator$AbstractBase
2024-11-12 13:43:17,124 INFO  CreateClassResetClassAdapter - Creating brand-new static initializer in class net/bytebuddy/dynamic/scaffold/FieldLocator$AbstractBase
2024-11-12 13:43:17,124 INFO  EvoClassLoader - Seeing class for first time: net.bytebuddy.dynamic.scaffold.FieldLocator
2024-11-12 13:43:17,124 INFO  EvoClassLoader - Instrumenting class 'net.bytebuddy.dynamic.scaffold.FieldLocator'.
2024-11-12 13:43:17,124 INFO  EvoClassLoader - Keeping class: net.bytebuddy.dynamic.scaffold.FieldLocator
2024-11-12 13:43:17,124 INFO  EvoClassLoader - Keeping class: net.bytebuddy.dynamic.scaffold.FieldLocator$AbstractBase
2024-11-12 13:43:17,124 INFO  EvoClassLoader - Keeping class: net.bytebuddy.dynamic.scaffold.FieldLocator$ForClassHierarchy
2024-11-12 13:43:17,124 INFO  EvoClassLoader - Seeing class for first time: net.bytebuddy.dynamic.scaffold.FieldLocator$ForExactType
2024-11-12 13:43:17,124 INFO  EvoClassLoader - Instrumenting class 'net.bytebuddy.dynamic.scaffold.FieldLocator$ForExactType'.
2024-11-12 13:43:17,124 INFO  MethodCallReplacementClassAdapter - Adding mock interface to class net/bytebuddy/dynamic/scaffold/FieldLocator$ForExactType
2024-11-12 13:43:17,125 INFO  CreateClassResetClassAdapter - Creating brand-new static initializer in class net/bytebuddy/dynamic/scaffold/FieldLocator$ForExactType
2024-11-12 13:43:17,125 INFO  EvoClassLoader - Keeping class: net.bytebuddy.dynamic.scaffold.FieldLocator$ForExactType
2024-11-12 13:43:17,125 INFO  EvoClassLoader - Seeing class for first time: net.bytebuddy.implementation.bind.annotation.FieldValue$Binder$Delegate
2024-11-12 13:43:17,125 INFO  EvoClassLoader - Instrumenting class 'net.bytebuddy.implementation.bind.annotation.FieldValue$Binder$Delegate'.
2024-11-12 13:43:17,125 INFO  MethodCallReplacementClassAdapter - Adding mock interface to class net/bytebuddy/implementation/bind/annotation/FieldValue$Binder$Delegate
2024-11-12 13:43:17,125 INFO  CreateClassResetClassAdapter - Creating brand-new static initializer in class net/bytebuddy/implementation/bind/annotation/FieldValue$Binder$Delegate
2024-11-12 13:43:17,126 INFO  EvoClassLoader - Keeping class: net.bytebuddy.implementation.bind.annotation.FieldValue$Binder$Delegate
2024-11-12 13:43:17,126 INFO  EvoClassLoader - Seeing class for first time: net.bytebuddy.implementation.bind.annotation.FieldValue$Binder
2024-11-12 13:43:17,126 INFO  EvoClassLoader - Instrumenting class 'net.bytebuddy.implementation.bind.annotation.FieldValue$Binder'.
2024-11-12 13:43:17,126 INFO  MethodCallReplacementClassAdapter - Adding mock interface to class net/bytebuddy/implementation/bind/annotation/FieldValue$Binder
2024-11-12 13:43:17,126 INFO  CreateClassResetClassAdapter - Found static initializer in class net/bytebuddy/implementation/bind/annotation/FieldValue$Binder
2024-11-12 13:43:17,126 INFO  EvoClassLoader - Keeping class: net.bytebuddy.implementation.bind.annotation.FieldValue$Binder
2024-11-12 13:43:17,126 INFO  EvoClassLoader - Seeing class for first time: net.bytebuddy.implementation.bind.annotation.FieldValue
2024-11-12 13:43:17,126 INFO  EvoClassLoader - Instrumenting class 'net.bytebuddy.implementation.bind.annotation.FieldValue'.
2024-11-12 13:43:17,126 INFO  EvoClassLoader - Keeping class: net.bytebuddy.implementation.bind.annotation.FieldValue
2024-11-12 13:43:17,126 INFO  EvoClassLoader - Seeing class for first time: net.bytebuddy.implementation.bytecode.StackManipulation$Trivial
2024-11-12 13:43:17,126 INFO  EvoClassLoader - Instrumenting class 'net.bytebuddy.implementation.bytecode.StackManipulation$Trivial'.
2024-11-12 13:43:17,126 INFO  MethodCallReplacementClassAdapter - Adding mock interface to class net/bytebuddy/implementation/bytecode/StackManipulation$Trivial
2024-11-12 13:43:17,126 INFO  CreateClassResetClassAdapter - Found static initializer in class net/bytebuddy/implementation/bytecode/StackManipulation$Trivial
2024-11-12 13:43:17,127 INFO  EvoClassLoader - Keeping class: net.bytebuddy.implementation.bytecode.StackManipulation$Trivial
2024-11-12 13:43:17,127 INFO  EvoClassLoader - Seeing class for first time: net.bytebuddy.implementation.bind.annotation.StubValue$Binder
2024-11-12 13:43:17,127 INFO  EvoClassLoader - Instrumenting class 'net.bytebuddy.implementation.bind.annotation.StubValue$Binder'.
2024-11-12 13:43:17,127 INFO  MethodCallReplacementClassAdapter - Adding mock interface to class net/bytebuddy/implementation/bind/annotation/StubValue$Binder
2024-11-12 13:43:17,128 INFO  CreateClassResetClassAdapter - Found static initializer in class net/bytebuddy/implementation/bind/annotation/StubValue$Binder
2024-11-12 13:43:17,128 INFO  EvoClassLoader - Keeping class: net.bytebuddy.implementation.bind.annotation.StubValue$Binder
2024-11-12 13:43:17,128 INFO  EvoClassLoader - Seeing class for first time: net.bytebuddy.implementation.bind.annotation.StubValue
2024-11-12 13:43:17,128 INFO  EvoClassLoader - Instrumenting class 'net.bytebuddy.implementation.bind.annotation.StubValue'.
2024-11-12 13:43:17,128 INFO  EvoClassLoader - Keeping class: net.bytebuddy.implementation.bind.annotation.StubValue
2024-11-12 13:43:17,128 INFO  EvoClassLoader - Seeing class for first time: net.bytebuddy.implementation.bind.annotation.Empty$Binder
2024-11-12 13:43:17,128 INFO  EvoClassLoader - Instrumenting class 'net.bytebuddy.implementation.bind.annotation.Empty$Binder'.
2024-11-12 13:43:17,129 INFO  MethodCallReplacementClassAdapter - Adding mock interface to class net/bytebuddy/implementation/bind/annotation/Empty$Binder
2024-11-12 13:43:17,129 INFO  CreateClassResetClassAdapter - Found static initializer in class net/bytebuddy/implementation/bind/annotation/Empty$Binder
2024-11-12 13:43:17,129 INFO  EvoClassLoader - Keeping class: net.bytebuddy.implementation.bind.annotation.Empty$Binder
2024-11-12 13:43:17,129 INFO  EvoClassLoader - Seeing class for first time: net.bytebuddy.implementation.bind.annotation.Empty
2024-11-12 13:43:17,129 INFO  EvoClassLoader - Instrumenting class 'net.bytebuddy.implementation.bind.annotation.Empty'.
2024-11-12 13:43:17,129 INFO  EvoClassLoader - Keeping class: net.bytebuddy.implementation.bind.annotation.Empty
2024-11-12 13:43:17,129 INFO  EvoClassLoader - Seeing class for first time: net.bytebuddy.implementation.bind.MethodDelegationBinder$BindingResolver$Default
2024-11-12 13:43:17,129 INFO  EvoClassLoader - Instrumenting class 'net.bytebuddy.implementation.bind.MethodDelegationBinder$BindingResolver$Default'.
2024-11-12 13:43:17,129 INFO  MethodCallReplacementClassAdapter - Adding mock interface to class net/bytebuddy/implementation/bind/MethodDelegationBinder$BindingResolver$Default
2024-11-12 13:43:17,130 INFO  CreateClassResetClassAdapter - Found static initializer in class net/bytebuddy/implementation/bind/MethodDelegationBinder$BindingResolver$Default
2024-11-12 13:43:17,130 INFO  EvoClassLoader - Keeping class: net.bytebuddy.implementation.bind.MethodDelegationBinder$BindingResolver$Default
2024-11-12 13:43:17,130 INFO  EvoClassLoader - Seeing class for first time: net.bytebuddy.implementation.bind.MethodDelegationBinder$BindingResolver$StreamWriting
2024-11-12 13:43:17,130 INFO  EvoClassLoader - Instrumenting class 'net.bytebuddy.implementation.bind.MethodDelegationBinder$BindingResolver$StreamWriting'.
2024-11-12 13:43:17,131 INFO  MethodCallReplacementClassAdapter - Adding mock interface to class net/bytebuddy/implementation/bind/MethodDelegationBinder$BindingResolver$StreamWriting
2024-11-12 13:43:17,131 INFO  CreateClassResetClassAdapter - Creating brand-new static initializer in class net/bytebuddy/implementation/bind/MethodDelegationBinder$BindingResolver$StreamWriting
2024-11-12 13:43:17,131 INFO  EvoClassLoader - Keeping class: net.bytebuddy.implementation.bind.MethodDelegationBinder$BindingResolver$StreamWriting
2024-11-12 13:43:17,131 INFO  EvoClassLoader - Seeing class for first time: net.bytebuddy.implementation.bind.MethodDelegationBinder$BindingResolver$Unique
2024-11-12 13:43:17,131 INFO  EvoClassLoader - Instrumenting class 'net.bytebuddy.implementation.bind.MethodDelegationBinder$BindingResolver$Unique'.
2024-11-12 13:43:17,132 INFO  MethodCallReplacementClassAdapter - Adding mock interface to class net/bytebuddy/implementation/bind/MethodDelegationBinder$BindingResolver$Unique
2024-11-12 13:43:17,132 INFO  CreateClassResetClassAdapter - Found static initializer in class net/bytebuddy/implementation/bind/MethodDelegationBinder$BindingResolver$Unique
2024-11-12 13:43:17,132 INFO  EvoClassLoader - Keeping class: net.bytebuddy.implementation.bind.MethodDelegationBinder$BindingResolver$Unique
2024-11-12 13:43:17,133 INFO  EvoClassLoader - Seeing class for first time: net.bytebuddy.matcher.ModifierMatcher
2024-11-12 13:43:17,133 INFO  EvoClassLoader - Instrumenting class 'net.bytebuddy.matcher.ModifierMatcher'.
2024-11-12 13:43:17,133 INFO  MethodCallReplacementClassAdapter - Adding mock interface to class net/bytebuddy/matcher/ModifierMatcher
2024-11-12 13:43:17,133 INFO  CreateClassResetClassAdapter - Creating brand-new static initializer in class net/bytebuddy/matcher/ModifierMatcher
2024-11-12 13:43:17,133 INFO  EvoClassLoader - Keeping class: net.bytebuddy.matcher.ModifierMatcher
2024-11-12 13:43:17,133 INFO  EvoClassLoader - Seeing class for first time: net.bytebuddy.matcher.ModifierMatcher$Mode
2024-11-12 13:43:17,133 INFO  EvoClassLoader - Instrumenting class 'net.bytebuddy.matcher.ModifierMatcher$Mode'.
2024-11-12 13:43:17,134 INFO  MethodCallReplacementClassAdapter - Adding mock interface to class net/bytebuddy/matcher/ModifierMatcher$Mode
2024-11-12 13:43:17,134 INFO  CreateClassResetClassAdapter - Found static initializer in class net/bytebuddy/matcher/ModifierMatcher$Mode
2024-11-12 13:43:17,134 INFO  EvoClassLoader - Keeping class: net.bytebuddy.matcher.ModifierMatcher$Mode
2024-11-12 13:43:17,135 INFO  EvoClassLoader - Seeing class for first time: net.bytebuddy.implementation.bind.annotation.TargetMethodAnnotationDrivenBinder$DelegationProcessor
2024-11-12 13:43:17,135 INFO  EvoClassLoader - Instrumenting class 'net.bytebuddy.implementation.bind.annotation.TargetMethodAnnotationDrivenBinder$DelegationProcessor'.
2024-11-12 13:43:17,135 INFO  MethodCallReplacementClassAdapter - Adding mock interface to class net/bytebuddy/implementation/bind/annotation/TargetMethodAnnotationDrivenBinder$DelegationProcessor
2024-11-12 13:43:17,136 INFO  CreateClassResetClassAdapter - Creating brand-new static initializer in class net/bytebuddy/implementation/bind/annotation/TargetMethodAnnotationDrivenBinder$DelegationProcessor
2024-11-12 13:43:17,136 INFO  EvoClassLoader - Keeping class: net.bytebuddy.implementation.bind.annotation.TargetMethodAnnotationDrivenBinder$DelegationProcessor
2024-11-12 13:43:17,136 INFO  EvoClassLoader - Seeing class for first time: net.bytebuddy.implementation.bind.annotation.TargetMethodAnnotationDrivenBinder$DelegationProcessor$Handler
2024-11-12 13:43:17,136 INFO  EvoClassLoader - Instrumenting class 'net.bytebuddy.implementation.bind.annotation.TargetMethodAnnotationDrivenBinder$DelegationProcessor$Handler'.
2024-11-12 13:43:17,136 INFO  EvoClassLoader - Keeping class: net.bytebuddy.implementation.bind.annotation.TargetMethodAnnotationDrivenBinder$DelegationProcessor$Handler
2024-11-12 13:43:17,136 INFO  EvoClassLoader - Seeing class for first time: net.bytebuddy.implementation.bind.annotation.TargetMethodAnnotationDrivenBinder$DelegationProcessor$Handler$Unbound
2024-11-12 13:43:17,136 INFO  EvoClassLoader - Instrumenting class 'net.bytebuddy.implementation.bind.annotation.TargetMethodAnnotationDrivenBinder$DelegationProcessor$Handler$Unbound'.
2024-11-12 13:43:17,136 INFO  MethodCallReplacementClassAdapter - Adding mock interface to class net/bytebuddy/implementation/bind/annotation/TargetMethodAnnotationDrivenBinder$DelegationProcessor$Handler$Unbound
2024-11-12 13:43:17,137 INFO  CreateClassResetClassAdapter - Creating brand-new static initializer in class net/bytebuddy/implementation/bind/annotation/TargetMethodAnnotationDrivenBinder$DelegationProcessor$Handler$Unbound
2024-11-12 13:43:17,137 INFO  EvoClassLoader - Keeping class: net.bytebuddy.implementation.bind.annotation.TargetMethodAnnotationDrivenBinder$DelegationProcessor$Handler$Unbound
2024-11-12 13:43:17,137 INFO  EvoClassLoader - Seeing class for first time: net.bytebuddy.implementation.MethodDelegation$ImplementationDelegate$ForStaticMethod
2024-11-12 13:43:17,137 INFO  EvoClassLoader - Instrumenting class 'net.bytebuddy.implementation.MethodDelegation$ImplementationDelegate$ForStaticMethod'.
2024-11-12 13:43:17,137 INFO  MethodCallReplacementClassAdapter - Adding mock interface to class net/bytebuddy/implementation/MethodDelegation$ImplementationDelegate$ForStaticMethod
2024-11-12 13:43:17,137 INFO  CreateClassResetClassAdapter - Creating brand-new static initializer in class net/bytebuddy/implementation/MethodDelegation$ImplementationDelegate$ForStaticMethod
2024-11-12 13:43:17,137 INFO  EvoClassLoader - Keeping class: net.bytebuddy.implementation.MethodDelegation$ImplementationDelegate$ForStaticMethod
2024-11-12 13:43:17,137 INFO  EvoClassLoader - Seeing class for first time: net.bytebuddy.implementation.MethodDelegation$ImplementationDelegate$ForConstruction
2024-11-12 13:43:17,137 INFO  EvoClassLoader - Instrumenting class 'net.bytebuddy.implementation.MethodDelegation$ImplementationDelegate$ForConstruction'.
2024-11-12 13:43:17,137 INFO  MethodCallReplacementClassAdapter - Adding mock interface to class net/bytebuddy/implementation/MethodDelegation$ImplementationDelegate$ForConstruction
2024-11-12 13:43:17,137 INFO  CreateClassResetClassAdapter - Creating brand-new static initializer in class net/bytebuddy/implementation/MethodDelegation$ImplementationDelegate$ForConstruction
2024-11-12 13:43:17,138 INFO  EvoClassLoader - Keeping class: net.bytebuddy.implementation.MethodDelegation$ImplementationDelegate$ForConstruction
2024-11-12 13:43:17,138 INFO  EvoClassLoader - Seeing class for first time: net.bytebuddy.implementation.MethodDelegation$ImplementationDelegate$ForMethodReturn
2024-11-12 13:43:17,138 INFO  EvoClassLoader - Instrumenting class 'net.bytebuddy.implementation.MethodDelegation$ImplementationDelegate$ForMethodReturn'.
2024-11-12 13:43:17,138 INFO  MethodCallReplacementClassAdapter - Adding mock interface to class net/bytebuddy/implementation/MethodDelegation$ImplementationDelegate$ForMethodReturn
2024-11-12 13:43:17,138 INFO  CreateClassResetClassAdapter - Creating brand-new static initializer in class net/bytebuddy/implementation/MethodDelegation$ImplementationDelegate$ForMethodReturn
2024-11-12 13:43:17,138 INFO  EvoClassLoader - Keeping class: net.bytebuddy.implementation.MethodDelegation$ImplementationDelegate$ForMethodReturn
2024-11-12 13:43:17,139 INFO  EvoClassLoader - Seeing class for first time: net.bytebuddy.implementation.MethodDelegation$ImplementationDelegate$ForField
2024-11-12 13:43:17,139 INFO  EvoClassLoader - Instrumenting class 'net.bytebuddy.implementation.MethodDelegation$ImplementationDelegate$ForField'.
2024-11-12 13:43:17,139 INFO  MethodCallReplacementClassAdapter - Adding mock interface to class net/bytebuddy/implementation/MethodDelegation$ImplementationDelegate$ForField
2024-11-12 13:43:17,139 INFO  CreateClassResetClassAdapter - Creating brand-new static initializer in class net/bytebuddy/implementation/MethodDelegation$ImplementationDelegate$ForField
2024-11-12 13:43:17,139 INFO  EvoClassLoader - Keeping class: net.bytebuddy.implementation.MethodDelegation$ImplementationDelegate$ForField
2024-11-12 13:43:17,140 INFO  EvoClassLoader - Seeing class for first time: net.bytebuddy.implementation.MethodDelegation$ImplementationDelegate$Compiled
2024-11-12 13:43:17,140 INFO  EvoClassLoader - Instrumenting class 'net.bytebuddy.implementation.MethodDelegation$ImplementationDelegate$Compiled'.
2024-11-12 13:43:17,140 INFO  EvoClassLoader - Keeping class: net.bytebuddy.implementation.MethodDelegation$ImplementationDelegate$Compiled
2024-11-12 13:43:17,140 INFO  EvoClassLoader - Seeing class for first time: net.bytebuddy.implementation.bind.annotation.IgnoreForBinding$Verifier
2024-11-12 13:43:17,140 INFO  EvoClassLoader - Instrumenting class 'net.bytebuddy.implementation.bind.annotation.IgnoreForBinding$Verifier'.
2024-11-12 13:43:17,141 INFO  MethodCallReplacementClassAdapter - Adding mock interface to class net/bytebuddy/implementation/bind/annotation/IgnoreForBinding$Verifier
2024-11-12 13:43:17,141 INFO  CreateClassResetClassAdapter - Creating brand-new static initializer in class net/bytebuddy/implementation/bind/annotation/IgnoreForBinding$Verifier
2024-11-12 13:43:17,141 INFO  EvoClassLoader - Keeping class: net.bytebuddy.implementation.bind.annotation.IgnoreForBinding$Verifier
2024-11-12 13:43:17,141 INFO  EvoClassLoader - Seeing class for first time: net.bytebuddy.implementation.bind.annotation.IgnoreForBinding
2024-11-12 13:43:17,141 INFO  EvoClassLoader - Instrumenting class 'net.bytebuddy.implementation.bind.annotation.IgnoreForBinding'.
2024-11-12 13:43:17,141 INFO  EvoClassLoader - Keeping class: net.bytebuddy.implementation.bind.annotation.IgnoreForBinding
2024-11-12 13:43:17,141 INFO  EvoClassLoader - Seeing class for first time: net.bytebuddy.description.annotation.AnnotationList$AbstractBase
2024-11-12 13:43:17,141 INFO  EvoClassLoader - Instrumenting class 'net.bytebuddy.description.annotation.AnnotationList$AbstractBase'.
2024-11-12 13:43:17,142 INFO  MethodCallReplacementClassAdapter - Adding mock interface to class net/bytebuddy/description/annotation/AnnotationList$AbstractBase
2024-11-12 13:43:17,142 INFO  CreateClassResetClassAdapter - Creating brand-new static initializer in class net/bytebuddy/description/annotation/AnnotationList$AbstractBase
2024-11-12 13:43:17,142 INFO  EvoClassLoader - Keeping class: net.bytebuddy.description.annotation.AnnotationList$AbstractBase
2024-11-12 13:43:17,142 INFO  EvoClassLoader - Seeing class for first time: net.bytebuddy.description.annotation.AnnotationList$Empty
2024-11-12 13:43:17,142 INFO  EvoClassLoader - Instrumenting class 'net.bytebuddy.description.annotation.AnnotationList$Empty'.
2024-11-12 13:43:17,143 INFO  MethodCallReplacementClassAdapter - Adding mock interface to class net/bytebuddy/description/annotation/AnnotationList$Empty
2024-11-12 13:43:17,143 INFO  CreateClassResetClassAdapter - Creating brand-new static initializer in class net/bytebuddy/description/annotation/AnnotationList$Empty
2024-11-12 13:43:17,143 INFO  EvoClassLoader - Keeping class: net.bytebuddy.description.annotation.AnnotationList$Empty
2024-11-12 13:43:17,143 INFO  EvoClassLoader - Seeing class for first time: net.bytebuddy.description.annotation.AnnotationList$Explicit
2024-11-12 13:43:17,143 INFO  EvoClassLoader - Instrumenting class 'net.bytebuddy.description.annotation.AnnotationList$Explicit'.
2024-11-12 13:43:17,144 INFO  MethodCallReplacementClassAdapter - Adding mock interface to class net/bytebuddy/description/annotation/AnnotationList$Explicit
2024-11-12 13:43:17,144 INFO  CreateClassResetClassAdapter - Creating brand-new static initializer in class net/bytebuddy/description/annotation/AnnotationList$Explicit
2024-11-12 13:43:17,144 INFO  EvoClassLoader - Keeping class: net.bytebuddy.description.annotation.AnnotationList$Explicit
2024-11-12 13:43:17,144 INFO  EvoClassLoader - Seeing class for first time: net.bytebuddy.description.annotation.AnnotationList$ForLoadedAnnotations
2024-11-12 13:43:17,144 INFO  EvoClassLoader - Instrumenting class 'net.bytebuddy.description.annotation.AnnotationList$ForLoadedAnnotations'.
2024-11-12 13:43:17,144 INFO  MethodCallReplacementClassAdapter - Adding mock interface to class net/bytebuddy/description/annotation/AnnotationList$ForLoadedAnnotations
2024-11-12 13:43:17,144 INFO  CreateClassResetClassAdapter - Creating brand-new static initializer in class net/bytebuddy/description/annotation/AnnotationList$ForLoadedAnnotations
2024-11-12 13:43:17,145 INFO  EvoClassLoader - Keeping class: net.bytebuddy.description.annotation.AnnotationList$ForLoadedAnnotations
2024-11-12 13:43:17,145 INFO  EvoClassLoader - Seeing class for first time: net.bytebuddy.description.annotation.AnnotationDescription$AbstractBase
2024-11-12 13:43:17,145 INFO  EvoClassLoader - Instrumenting class 'net.bytebuddy.description.annotation.AnnotationDescription$AbstractBase'.
2024-11-12 13:43:17,146 INFO  MethodCallReplacementClassAdapter - Adding mock interface to class net/bytebuddy/description/annotation/AnnotationDescription$AbstractBase
2024-11-12 13:43:17,146 INFO  CreateClassResetClassAdapter - Found static initializer in class net/bytebuddy/description/annotation/AnnotationDescription$AbstractBase
2024-11-12 13:43:17,146 INFO  EvoClassLoader - Keeping class: net.bytebuddy.description.annotation.AnnotationDescription$AbstractBase
2024-11-12 13:43:17,146 INFO  EvoClassLoader - Seeing class for first time: net.bytebuddy.description.annotation.AnnotationDescription$Builder
2024-11-12 13:43:17,146 INFO  EvoClassLoader - Instrumenting class 'net.bytebuddy.description.annotation.AnnotationDescription$Builder'.
2024-11-12 13:43:17,147 INFO  MethodCallReplacementClassAdapter - Adding mock interface to class net/bytebuddy/description/annotation/AnnotationDescription$Builder
2024-11-12 13:43:17,148 INFO  CreateClassResetClassAdapter - Creating brand-new static initializer in class net/bytebuddy/description/annotation/AnnotationDescription$Builder
2024-11-12 13:43:17,149 INFO  EvoClassLoader - Keeping class: net.bytebuddy.description.annotation.AnnotationDescription$Builder
2024-11-12 13:43:17,149 INFO  EvoClassLoader - Seeing class for first time: net.bytebuddy.description.annotation.AnnotationDescription$Latent
2024-11-12 13:43:17,149 INFO  EvoClassLoader - Instrumenting class 'net.bytebuddy.description.annotation.AnnotationDescription$Latent'.
2024-11-12 13:43:17,150 INFO  MethodCallReplacementClassAdapter - Adding mock interface to class net/bytebuddy/description/annotation/AnnotationDescription$Latent
2024-11-12 13:43:17,151 INFO  CreateClassResetClassAdapter - Creating brand-new static initializer in class net/bytebuddy/description/annotation/AnnotationDescription$Latent
2024-11-12 13:43:17,151 INFO  EvoClassLoader - Keeping class: net.bytebuddy.description.annotation.AnnotationDescription$Latent
2024-11-12 13:43:17,151 INFO  EvoClassLoader - Seeing class for first time: net.bytebuddy.description.annotation.AnnotationDescription$ForLoadedAnnotation
2024-11-12 13:43:17,151 INFO  EvoClassLoader - Instrumenting class 'net.bytebuddy.description.annotation.AnnotationDescription$ForLoadedAnnotation'.
2024-11-12 13:43:17,151 INFO  MethodCallReplacementClassAdapter - Adding mock interface to class net/bytebuddy/description/annotation/AnnotationDescription$ForLoadedAnnotation
2024-11-12 13:43:17,152 INFO  CreateClassResetClassAdapter - Creating brand-new static initializer in class net/bytebuddy/description/annotation/AnnotationDescription$ForLoadedAnnotation
2024-11-12 13:43:17,153 INFO  EvoClassLoader - Seeing class for first time: net.bytebuddy.description.annotation.AnnotationDescription$AbstractBase$ForPrepared
2024-11-12 13:43:17,153 INFO  EvoClassLoader - Instrumenting class 'net.bytebuddy.description.annotation.AnnotationDescription$AbstractBase$ForPrepared'.
2024-11-12 13:43:17,153 INFO  MethodCallReplacementClassAdapter - Adding mock interface to class net/bytebuddy/description/annotation/AnnotationDescription$AbstractBase$ForPrepared
2024-11-12 13:43:17,153 INFO  CreateClassResetClassAdapter - Creating brand-new static initializer in class net/bytebuddy/description/annotation/AnnotationDescription$AbstractBase$ForPrepared
2024-11-12 13:43:17,154 INFO  EvoClassLoader - Keeping class: net.bytebuddy.description.annotation.AnnotationDescription$AbstractBase$ForPrepared
2024-11-12 13:43:17,154 INFO  EvoClassLoader - Keeping class: net.bytebuddy.description.annotation.AnnotationDescription$ForLoadedAnnotation
2024-11-12 13:43:17,155 INFO  EvoClassLoader - Seeing class for first time: net.bytebuddy.description.type.TypeDefinition$SuperClassIterator
2024-11-12 13:43:17,155 INFO  EvoClassLoader - Instrumenting class 'net.bytebuddy.description.type.TypeDefinition$SuperClassIterator'.
2024-11-12 13:43:17,155 INFO  MethodCallReplacementClassAdapter - Adding mock interface to class net/bytebuddy/description/type/TypeDefinition$SuperClassIterator
2024-11-12 13:43:17,155 INFO  CreateClassResetClassAdapter - Creating brand-new static initializer in class net/bytebuddy/description/type/TypeDefinition$SuperClassIterator
2024-11-12 13:43:17,155 INFO  EvoClassLoader - Keeping class: net.bytebuddy.description.type.TypeDefinition$SuperClassIterator
2024-11-12 13:43:17,156 INFO  EvoClassLoader - Seeing class for first time: net.bytebuddy.description.type.TypeDescription$Generic$AnnotationReader$ForOwnerType
2024-11-12 13:43:17,156 INFO  EvoClassLoader - Instrumenting class 'net.bytebuddy.description.type.TypeDescription$Generic$AnnotationReader$ForOwnerType'.
2024-11-12 13:43:17,156 INFO  MethodCallReplacementClassAdapter - Adding mock interface to class net/bytebuddy/description/type/TypeDescription$Generic$AnnotationReader$ForOwnerType
2024-11-12 13:43:17,157 INFO  CreateClassResetClassAdapter - Found static initializer in class net/bytebuddy/description/type/TypeDescription$Generic$AnnotationReader$ForOwnerType
2024-11-12 13:43:17,157 INFO  EvoClassLoader - Seeing class for first time: net.bytebuddy.description.type.TypeDescription$Generic$AnnotationReader$Delegator$Chained
2024-11-12 13:43:17,157 INFO  EvoClassLoader - Instrumenting class 'net.bytebuddy.description.type.TypeDescription$Generic$AnnotationReader$Delegator$Chained'.
2024-11-12 13:43:17,157 INFO  MethodCallReplacementClassAdapter - Adding mock interface to class net/bytebuddy/description/type/TypeDescription$Generic$AnnotationReader$Delegator$Chained
2024-11-12 13:43:17,157 INFO  CreateClassResetClassAdapter - Found static initializer in class net/bytebuddy/description/type/TypeDescription$Generic$AnnotationReader$Delegator$Chained
2024-11-12 13:43:17,158 INFO  EvoClassLoader - Seeing class for first time: net.bytebuddy.description.type.TypeDescription$Generic$AnnotationReader$Delegator
2024-11-12 13:43:17,158 INFO  EvoClassLoader - Instrumenting class 'net.bytebuddy.description.type.TypeDescription$Generic$AnnotationReader$Delegator'.
2024-11-12 13:43:17,158 INFO  MethodCallReplacementClassAdapter - Adding mock interface to class net/bytebuddy/description/type/TypeDescription$Generic$AnnotationReader$Delegator
2024-11-12 13:43:17,158 INFO  CreateClassResetClassAdapter - Found static initializer in class net/bytebuddy/description/type/TypeDescription$Generic$AnnotationReader$Delegator
2024-11-12 13:43:17,158 INFO  EvoClassLoader - Keeping class: net.bytebuddy.description.type.TypeDescription$Generic$AnnotationReader$Delegator
2024-11-12 13:43:17,158 INFO  EvoClassLoader - Keeping class: net.bytebuddy.description.type.TypeDescription$Generic$AnnotationReader$Delegator$Chained
2024-11-12 13:43:17,158 INFO  EvoClassLoader - Keeping class: net.bytebuddy.description.type.TypeDescription$Generic$AnnotationReader$ForOwnerType
2024-11-12 13:43:17,158 INFO  EvoClassLoader - Seeing class for first time: net.bytebuddy.description.type.TypeDescription$Generic$AnnotationReader$ForComponentType
2024-11-12 13:43:17,158 INFO  EvoClassLoader - Instrumenting class 'net.bytebuddy.description.type.TypeDescription$Generic$AnnotationReader$ForComponentType'.
2024-11-12 13:43:17,158 INFO  MethodCallReplacementClassAdapter - Adding mock interface to class net/bytebuddy/description/type/TypeDescription$Generic$AnnotationReader$ForComponentType
2024-11-12 13:43:17,159 INFO  CreateClassResetClassAdapter - Found static initializer in class net/bytebuddy/description/type/TypeDescription$Generic$AnnotationReader$ForComponentType
2024-11-12 13:43:17,159 INFO  EvoClassLoader - Keeping class: net.bytebuddy.description.type.TypeDescription$Generic$AnnotationReader$ForComponentType
2024-11-12 13:43:17,159 INFO  EvoClassLoader - Seeing class for first time: net.bytebuddy.description.type.TypeDescription$Generic$AnnotationReader$ForTypeArgument
2024-11-12 13:43:17,159 INFO  EvoClassLoader - Instrumenting class 'net.bytebuddy.description.type.TypeDescription$Generic$AnnotationReader$ForTypeArgument'.
2024-11-12 13:43:17,159 INFO  MethodCallReplacementClassAdapter - Adding mock interface to class net/bytebuddy/description/type/TypeDescription$Generic$AnnotationReader$ForTypeArgument
2024-11-12 13:43:17,160 INFO  CreateClassResetClassAdapter - Found static initializer in class net/bytebuddy/description/type/TypeDescription$Generic$AnnotationReader$ForTypeArgument
2024-11-12 13:43:17,161 INFO  EvoClassLoader - Keeping class: net.bytebuddy.description.type.TypeDescription$Generic$AnnotationReader$ForTypeArgument
2024-11-12 13:43:17,161 INFO  EvoClassLoader - Seeing class for first time: net.bytebuddy.description.type.TypeDescription$Generic$AnnotationReader$ForTypeVariableBoundType
2024-11-12 13:43:17,161 INFO  EvoClassLoader - Instrumenting class 'net.bytebuddy.description.type.TypeDescription$Generic$AnnotationReader$ForTypeVariableBoundType'.
2024-11-12 13:43:17,161 INFO  MethodCallReplacementClassAdapter - Adding mock interface to class net/bytebuddy/description/type/TypeDescription$Generic$AnnotationReader$ForTypeVariableBoundType
2024-11-12 13:43:17,162 INFO  CreateClassResetClassAdapter - Found static initializer in class net/bytebuddy/description/type/TypeDescription$Generic$AnnotationReader$ForTypeVariableBoundType
2024-11-12 13:43:17,163 INFO  EvoClassLoader - Keeping class: net.bytebuddy.description.type.TypeDescription$Generic$AnnotationReader$ForTypeVariableBoundType
2024-11-12 13:43:17,163 INFO  EvoClassLoader - Seeing class for first time: net.bytebuddy.description.type.TypeDescription$Generic$AnnotationReader$ForWildcardLowerBoundType
2024-11-12 13:43:17,163 INFO  EvoClassLoader - Instrumenting class 'net.bytebuddy.description.type.TypeDescription$Generic$AnnotationReader$ForWildcardLowerBoundType'.
2024-11-12 13:43:17,163 INFO  MethodCallReplacementClassAdapter - Adding mock interface to class net/bytebuddy/description/type/TypeDescription$Generic$AnnotationReader$ForWildcardLowerBoundType
2024-11-12 13:43:17,164 INFO  CreateClassResetClassAdapter - Found static initializer in class net/bytebuddy/description/type/TypeDescription$Generic$AnnotationReader$ForWildcardLowerBoundType
2024-11-12 13:43:17,165 INFO  EvoClassLoader - Keeping class: net.bytebuddy.description.type.TypeDescription$Generic$AnnotationReader$ForWildcardLowerBoundType
2024-11-12 13:43:17,165 INFO  EvoClassLoader - Seeing class for first time: net.bytebuddy.description.type.TypeDescription$Generic$AnnotationReader$ForWildcardUpperBoundType
2024-11-12 13:43:17,165 INFO  EvoClassLoader - Instrumenting class 'net.bytebuddy.description.type.TypeDescription$Generic$AnnotationReader$ForWildcardUpperBoundType'.
2024-11-12 13:43:17,165 INFO  MethodCallReplacementClassAdapter - Adding mock interface to class net/bytebuddy/description/type/TypeDescription$Generic$AnnotationReader$ForWildcardUpperBoundType
2024-11-12 13:43:17,166 INFO  CreateClassResetClassAdapter - Found static initializer in class net/bytebuddy/description/type/TypeDescription$Generic$AnnotationReader$ForWildcardUpperBoundType
2024-11-12 13:43:17,167 INFO  EvoClassLoader - Keeping class: net.bytebuddy.description.type.TypeDescription$Generic$AnnotationReader$ForWildcardUpperBoundType
2024-11-12 13:43:17,167 INFO  EvoClassLoader - Seeing class for first time: net.bytebuddy.description.type.TypeDescription$Generic$Builder
2024-11-12 13:43:17,167 INFO  EvoClassLoader - Instrumenting class 'net.bytebuddy.description.type.TypeDescription$Generic$Builder'.
2024-11-12 13:43:17,168 INFO  MethodCallReplacementClassAdapter - Adding mock interface to class net/bytebuddy/description/type/TypeDescription$Generic$Builder
2024-11-12 13:43:17,170 INFO  CreateClassResetClassAdapter - Found static initializer in class net/bytebuddy/description/type/TypeDescription$Generic$Builder
2024-11-12 13:43:17,170 INFO  EvoClassLoader - Keeping class: net.bytebuddy.description.type.TypeDescription$Generic$Builder
2024-11-12 13:43:17,170 INFO  EvoClassLoader - Seeing class for first time: net.bytebuddy.description.type.TypeDescription$Generic$LazyProjection
2024-11-12 13:43:17,170 INFO  EvoClassLoader - Instrumenting class 'net.bytebuddy.description.type.TypeDescription$Generic$LazyProjection'.
2024-11-12 13:43:17,171 INFO  MethodCallReplacementClassAdapter - Adding mock interface to class net/bytebuddy/description/type/TypeDescription$Generic$LazyProjection
2024-11-12 13:43:17,171 INFO  CreateClassResetClassAdapter - Creating brand-new static initializer in class net/bytebuddy/description/type/TypeDescription$Generic$LazyProjection
2024-11-12 13:43:17,172 INFO  EvoClassLoader - Keeping class: net.bytebuddy.description.type.TypeDescription$Generic$LazyProjection
2024-11-12 13:43:17,172 INFO  EvoClassLoader - Seeing class for first time: net.bytebuddy.description.type.TypeDescription$Generic$OfTypeVariable
2024-11-12 13:43:17,172 INFO  EvoClassLoader - Instrumenting class 'net.bytebuddy.description.type.TypeDescription$Generic$OfTypeVariable'.
2024-11-12 13:43:17,172 INFO  MethodCallReplacementClassAdapter - Adding mock interface to class net/bytebuddy/description/type/TypeDescription$Generic$OfTypeVariable
2024-11-12 13:43:17,173 INFO  CreateClassResetClassAdapter - Creating brand-new static initializer in class net/bytebuddy/description/type/TypeDescription$Generic$OfTypeVariable
2024-11-12 13:43:17,173 INFO  EvoClassLoader - Keeping class: net.bytebuddy.description.type.TypeDescription$Generic$OfTypeVariable
2024-11-12 13:43:17,173 INFO  EvoClassLoader - Seeing class for first time: net.bytebuddy.description.type.TypeDescription$Generic$OfParameterizedType
2024-11-12 13:43:17,173 INFO  EvoClassLoader - Instrumenting class 'net.bytebuddy.description.type.TypeDescription$Generic$OfParameterizedType'.
2024-11-12 13:43:17,174 INFO  MethodCallReplacementClassAdapter - Adding mock interface to class net/bytebuddy/description/type/TypeDescription$Generic$OfParameterizedType
2024-11-12 13:43:17,175 INFO  CreateClassResetClassAdapter - Creating brand-new static initializer in class net/bytebuddy/description/type/TypeDescription$Generic$OfParameterizedType
2024-11-12 13:43:17,176 INFO  EvoClassLoader - Keeping class: net.bytebuddy.description.type.TypeDescription$Generic$OfParameterizedType
2024-11-12 13:43:17,176 INFO  EvoClassLoader - Seeing class for first time: net.bytebuddy.description.type.TypeDescription$Generic$OfWildcardType
2024-11-12 13:43:17,176 INFO  EvoClassLoader - Instrumenting class 'net.bytebuddy.description.type.TypeDescription$Generic$OfWildcardType'.
2024-11-12 13:43:17,176 INFO  MethodCallReplacementClassAdapter - Adding mock interface to class net/bytebuddy/description/type/TypeDescription$Generic$OfWildcardType
2024-11-12 13:43:17,176 INFO  CreateClassResetClassAdapter - Creating brand-new static initializer in class net/bytebuddy/description/type/TypeDescription$Generic$OfWildcardType
2024-11-12 13:43:17,176 INFO  CreateClassResetClassAdapter - Adding bytecode for initializing field SYMBOL
2024-11-12 13:43:17,177 INFO  EvoClassLoader - Keeping class: net.bytebuddy.description.type.TypeDescription$Generic$OfWildcardType
2024-11-12 13:43:17,177 INFO  EvoClassLoader - Seeing class for first time: net.bytebuddy.description.type.TypeDescription$Generic$OfGenericArray
2024-11-12 13:43:17,177 INFO  EvoClassLoader - Instrumenting class 'net.bytebuddy.description.type.TypeDescription$Generic$OfGenericArray'.
2024-11-12 13:43:17,177 INFO  MethodCallReplacementClassAdapter - Adding mock interface to class net/bytebuddy/description/type/TypeDescription$Generic$OfGenericArray
2024-11-12 13:43:17,177 INFO  CreateClassResetClassAdapter - Creating brand-new static initializer in class net/bytebuddy/description/type/TypeDescription$Generic$OfGenericArray
2024-11-12 13:43:17,178 INFO  EvoClassLoader - Keeping class: net.bytebuddy.description.type.TypeDescription$Generic$OfGenericArray
2024-11-12 13:43:17,178 INFO  EvoClassLoader - Seeing class for first time: net.bytebuddy.description.type.TypeDescription$Generic$OfNonGenericType$ForReifiedErasure
2024-11-12 13:43:17,178 INFO  EvoClassLoader - Instrumenting class 'net.bytebuddy.description.type.TypeDescription$Generic$OfNonGenericType$ForReifiedErasure'.
2024-11-12 13:43:17,178 INFO  MethodCallReplacementClassAdapter - Adding mock interface to class net/bytebuddy/description/type/TypeDescription$Generic$OfNonGenericType$ForReifiedErasure
2024-11-12 13:43:17,179 INFO  CreateClassResetClassAdapter - Creating brand-new static initializer in class net/bytebuddy/description/type/TypeDescription$Generic$OfNonGenericType$ForReifiedErasure
2024-11-12 13:43:17,179 INFO  EvoClassLoader - Keeping class: net.bytebuddy.description.type.TypeDescription$Generic$OfNonGenericType$ForReifiedErasure
2024-11-12 13:43:17,179 INFO  EvoClassLoader - Seeing class for first time: net.bytebuddy.description.type.TypeDescription$Generic$OfNonGenericType$Latent
2024-11-12 13:43:17,179 INFO  EvoClassLoader - Instrumenting class 'net.bytebuddy.description.type.TypeDescription$Generic$OfNonGenericType$Latent'.
2024-11-12 13:43:17,179 INFO  MethodCallReplacementClassAdapter - Adding mock interface to class net/bytebuddy/description/type/TypeDescription$Generic$OfNonGenericType$Latent
2024-11-12 13:43:17,179 INFO  CreateClassResetClassAdapter - Creating brand-new static initializer in class net/bytebuddy/description/type/TypeDescription$Generic$OfNonGenericType$Latent
2024-11-12 13:43:17,180 INFO  EvoClassLoader - Keeping class: net.bytebuddy.description.type.TypeDescription$Generic$OfNonGenericType$Latent
2024-11-12 13:43:17,180 INFO  EvoClassLoader - Seeing class for first time: net.bytebuddy.description.type.TypeDescription$Generic$OfNonGenericType$ForErasure
2024-11-12 13:43:17,180 INFO  EvoClassLoader - Instrumenting class 'net.bytebuddy.description.type.TypeDescription$Generic$OfNonGenericType$ForErasure'.
2024-11-12 13:43:17,180 INFO  MethodCallReplacementClassAdapter - Adding mock interface to class net/bytebuddy/description/type/TypeDescription$Generic$OfNonGenericType$ForErasure
2024-11-12 13:43:17,180 INFO  CreateClassResetClassAdapter - Creating brand-new static initializer in class net/bytebuddy/description/type/TypeDescription$Generic$OfNonGenericType$ForErasure
2024-11-12 13:43:17,180 INFO  EvoClassLoader - Keeping class: net.bytebuddy.description.type.TypeDescription$Generic$OfNonGenericType$ForErasure
2024-11-12 13:43:17,180 INFO  EvoClassLoader - Seeing class for first time: net.bytebuddy.description.method.ParameterList$AbstractBase
2024-11-12 13:43:17,180 INFO  EvoClassLoader - Instrumenting class 'net.bytebuddy.description.method.ParameterList$AbstractBase'.
2024-11-12 13:43:17,180 INFO  MethodCallReplacementClassAdapter - Adding mock interface to class net/bytebuddy/description/method/ParameterList$AbstractBase
2024-11-12 13:43:17,180 INFO  CreateClassResetClassAdapter - Creating brand-new static initializer in class net/bytebuddy/description/method/ParameterList$AbstractBase
2024-11-12 13:43:17,180 INFO  EvoClassLoader - Keeping class: net.bytebuddy.description.method.ParameterList$AbstractBase
2024-11-12 13:43:17,180 INFO  EvoClassLoader - Seeing class for first time: net.bytebuddy.description.method.ParameterList$Empty
2024-11-12 13:43:17,180 INFO  EvoClassLoader - Instrumenting class 'net.bytebuddy.description.method.ParameterList$Empty'.
2024-11-12 13:43:17,181 INFO  MethodCallReplacementClassAdapter - Adding mock interface to class net/bytebuddy/description/method/ParameterList$Empty
2024-11-12 13:43:17,181 INFO  CreateClassResetClassAdapter - Creating brand-new static initializer in class net/bytebuddy/description/method/ParameterList$Empty
2024-11-12 13:43:17,181 INFO  EvoClassLoader - Keeping class: net.bytebuddy.description.method.ParameterList$Empty
2024-11-12 13:43:17,181 INFO  EvoClassLoader - Seeing class for first time: net.bytebuddy.description.method.ParameterList$TypeSubstituting
2024-11-12 13:43:17,181 INFO  EvoClassLoader - Instrumenting class 'net.bytebuddy.description.method.ParameterList$TypeSubstituting'.
2024-11-12 13:43:17,181 INFO  MethodCallReplacementClassAdapter - Adding mock interface to class net/bytebuddy/description/method/ParameterList$TypeSubstituting
2024-11-12 13:43:17,181 INFO  CreateClassResetClassAdapter - Creating brand-new static initializer in class net/bytebuddy/description/method/ParameterList$TypeSubstituting
2024-11-12 13:43:17,181 INFO  EvoClassLoader - Keeping class: net.bytebuddy.description.method.ParameterList$TypeSubstituting
2024-11-12 13:43:17,181 INFO  EvoClassLoader - Seeing class for first time: net.bytebuddy.description.method.ParameterList$ForTokens
2024-11-12 13:43:17,181 INFO  EvoClassLoader - Instrumenting class 'net.bytebuddy.description.method.ParameterList$ForTokens'.
2024-11-12 13:43:17,181 INFO  MethodCallReplacementClassAdapter - Adding mock interface to class net/bytebuddy/description/method/ParameterList$ForTokens
2024-11-12 13:43:17,181 INFO  CreateClassResetClassAdapter - Creating brand-new static initializer in class net/bytebuddy/description/method/ParameterList$ForTokens
2024-11-12 13:43:17,182 INFO  EvoClassLoader - Keeping class: net.bytebuddy.description.method.ParameterList$ForTokens
2024-11-12 13:43:17,182 INFO  EvoClassLoader - Seeing class for first time: net.bytebuddy.description.method.ParameterList$Explicit
2024-11-12 13:43:17,182 INFO  EvoClassLoader - Instrumenting class 'net.bytebuddy.description.method.ParameterList$Explicit'.
2024-11-12 13:43:17,182 INFO  MethodCallReplacementClassAdapter - Adding mock interface to class net/bytebuddy/description/method/ParameterList$Explicit
2024-11-12 13:43:17,182 INFO  CreateClassResetClassAdapter - Creating brand-new static initializer in class net/bytebuddy/description/method/ParameterList$Explicit
2024-11-12 13:43:17,182 INFO  EvoClassLoader - Keeping class: net.bytebuddy.description.method.ParameterList$Explicit
2024-11-12 13:43:17,182 INFO  EvoClassLoader - Seeing class for first time: net.bytebuddy.description.method.ParameterList$ForLoadedExecutable
2024-11-12 13:43:17,182 INFO  EvoClassLoader - Instrumenting class 'net.bytebuddy.description.method.ParameterList$ForLoadedExecutable'.
2024-11-12 13:43:17,182 INFO  MethodCallReplacementClassAdapter - Adding mock interface to class net/bytebuddy/description/method/ParameterList$ForLoadedExecutable
2024-11-12 13:43:17,182 INFO  CreateClassResetClassAdapter - Found static initializer in class net/bytebuddy/description/method/ParameterList$ForLoadedExecutable
2024-11-12 13:43:17,182 INFO  EvoClassLoader - Keeping class: net.bytebuddy.description.method.ParameterList$ForLoadedExecutable
2024-11-12 13:43:17,183 INFO  EvoClassLoader - Seeing class for first time: net.bytebuddy.description.method.ParameterList$ForLoadedExecutable$Dispatcher$CreationAction
2024-11-12 13:43:17,183 INFO  EvoClassLoader - Instrumenting class 'net.bytebuddy.description.method.ParameterList$ForLoadedExecutable$Dispatcher$CreationAction'.
2024-11-12 13:43:17,183 INFO  MethodCallReplacementClassAdapter - Adding mock interface to class net/bytebuddy/description/method/ParameterList$ForLoadedExecutable$Dispatcher$CreationAction
2024-11-12 13:43:17,184 INFO  CreateClassResetClassAdapter - Found static initializer in class net/bytebuddy/description/method/ParameterList$ForLoadedExecutable$Dispatcher$CreationAction
2024-11-12 13:43:17,184 INFO  EvoClassLoader - Keeping class: net.bytebuddy.description.method.ParameterList$ForLoadedExecutable$Dispatcher$CreationAction
2024-11-12 13:43:17,184 INFO  EvoClassLoader - Seeing class for first time: net.bytebuddy.description.method.ParameterList$ForLoadedExecutable$Dispatcher
2024-11-12 13:43:17,184 INFO  EvoClassLoader - Instrumenting class 'net.bytebuddy.description.method.ParameterList$ForLoadedExecutable$Dispatcher'.
2024-11-12 13:43:17,184 INFO  EvoClassLoader - Keeping class: net.bytebuddy.description.method.ParameterList$ForLoadedExecutable$Dispatcher
2024-11-12 13:43:17,184 INFO  EvoClassLoader - Seeing class for first time: net.bytebuddy.description.method.ParameterList$ForLoadedExecutable$Dispatcher$ForJava8CapableVm
2024-11-12 13:43:17,184 INFO  EvoClassLoader - Instrumenting class 'net.bytebuddy.description.method.ParameterList$ForLoadedExecutable$Dispatcher$ForJava8CapableVm'.
2024-11-12 13:43:17,185 INFO  MethodCallReplacementClassAdapter - Adding mock interface to class net/bytebuddy/description/method/ParameterList$ForLoadedExecutable$Dispatcher$ForJava8CapableVm
2024-11-12 13:43:17,185 INFO  CreateClassResetClassAdapter - Found static initializer in class net/bytebuddy/description/method/ParameterList$ForLoadedExecutable$Dispatcher$ForJava8CapableVm
2024-11-12 13:43:17,186 INFO  EvoClassLoader - Keeping class: net.bytebuddy.description.method.ParameterList$ForLoadedExecutable$Dispatcher$ForJava8CapableVm
2024-11-12 13:43:17,186 INFO  EvoClassLoader - Seeing class for first time: net.bytebuddy.description.method.ParameterList$ForLoadedExecutable$Dispatcher$ForLegacyVm
2024-11-12 13:43:17,186 INFO  EvoClassLoader - Instrumenting class 'net.bytebuddy.description.method.ParameterList$ForLoadedExecutable$Dispatcher$ForLegacyVm'.
2024-11-12 13:43:17,186 INFO  MethodCallReplacementClassAdapter - Adding mock interface to class net/bytebuddy/description/method/ParameterList$ForLoadedExecutable$Dispatcher$ForLegacyVm
2024-11-12 13:43:17,186 INFO  CreateClassResetClassAdapter - Found static initializer in class net/bytebuddy/description/method/ParameterList$ForLoadedExecutable$Dispatcher$ForLegacyVm
2024-11-12 13:43:17,187 INFO  EvoClassLoader - Keeping class: net.bytebuddy.description.method.ParameterList$ForLoadedExecutable$Dispatcher$ForLegacyVm
2024-11-12 13:43:17,188 INFO  EvoClassLoader - Seeing class for first time: net.bytebuddy.description.method.ParameterList$ForLoadedExecutable$OfMethod
2024-11-12 13:43:17,188 INFO  EvoClassLoader - Instrumenting class 'net.bytebuddy.description.method.ParameterList$ForLoadedExecutable$OfMethod'.
2024-11-12 13:43:17,189 INFO  MethodCallReplacementClassAdapter - Adding mock interface to class net/bytebuddy/description/method/ParameterList$ForLoadedExecutable$OfMethod
2024-11-12 13:43:17,189 INFO  CreateClassResetClassAdapter - Creating brand-new static initializer in class net/bytebuddy/description/method/ParameterList$ForLoadedExecutable$OfMethod
2024-11-12 13:43:17,189 INFO  EvoClassLoader - Keeping class: net.bytebuddy.description.method.ParameterList$ForLoadedExecutable$OfMethod
2024-11-12 13:43:17,189 INFO  EvoClassLoader - Seeing class for first time: net.bytebuddy.description.method.ParameterList$ForLoadedExecutable$OfLegacyVmMethod
2024-11-12 13:43:17,189 INFO  EvoClassLoader - Instrumenting class 'net.bytebuddy.description.method.ParameterList$ForLoadedExecutable$OfLegacyVmMethod'.
2024-11-12 13:43:17,189 INFO  MethodCallReplacementClassAdapter - Adding mock interface to class net/bytebuddy/description/method/ParameterList$ForLoadedExecutable$OfLegacyVmMethod
2024-11-12 13:43:17,189 INFO  CreateClassResetClassAdapter - Creating brand-new static initializer in class net/bytebuddy/description/method/ParameterList$ForLoadedExecutable$OfLegacyVmMethod
2024-11-12 13:43:17,189 INFO  EvoClassLoader - Keeping class: net.bytebuddy.description.method.ParameterList$ForLoadedExecutable$OfLegacyVmMethod
2024-11-12 13:43:17,189 INFO  EvoClassLoader - Seeing class for first time: net.bytebuddy.description.method.ParameterList$ForLoadedExecutable$OfLegacyVmConstructor
2024-11-12 13:43:17,189 INFO  EvoClassLoader - Instrumenting class 'net.bytebuddy.description.method.ParameterList$ForLoadedExecutable$OfLegacyVmConstructor'.
2024-11-12 13:43:17,190 INFO  MethodCallReplacementClassAdapter - Adding mock interface to class net/bytebuddy/description/method/ParameterList$ForLoadedExecutable$OfLegacyVmConstructor
2024-11-12 13:43:17,190 INFO  CreateClassResetClassAdapter - Creating brand-new static initializer in class net/bytebuddy/description/method/ParameterList$ForLoadedExecutable$OfLegacyVmConstructor
2024-11-12 13:43:17,190 INFO  EvoClassLoader - Keeping class: net.bytebuddy.description.method.ParameterList$ForLoadedExecutable$OfLegacyVmConstructor
2024-11-12 13:43:17,190 INFO  EvoClassLoader - Seeing class for first time: net.bytebuddy.description.method.ParameterDescription$AbstractBase
2024-11-12 13:43:17,190 INFO  EvoClassLoader - Instrumenting class 'net.bytebuddy.description.method.ParameterDescription$AbstractBase'.
2024-11-12 13:43:17,190 INFO  MethodCallReplacementClassAdapter - Adding mock interface to class net/bytebuddy/description/method/ParameterDescription$AbstractBase
2024-11-12 13:43:17,190 INFO  CreateClassResetClassAdapter - Creating brand-new static initializer in class net/bytebuddy/description/method/ParameterDescription$AbstractBase
2024-11-12 13:43:17,191 INFO  EvoClassLoader - Keeping class: net.bytebuddy.description.method.ParameterDescription$AbstractBase
2024-11-12 13:43:17,191 INFO  EvoClassLoader - Seeing class for first time: net.bytebuddy.description.method.ParameterDescription$Token
2024-11-12 13:43:17,191 INFO  EvoClassLoader - Instrumenting class 'net.bytebuddy.description.method.ParameterDescription$Token'.
2024-11-12 13:43:17,191 INFO  MethodCallReplacementClassAdapter - Adding mock interface to class net/bytebuddy/description/method/ParameterDescription$Token
2024-11-12 13:43:17,191 INFO  CreateClassResetClassAdapter - Found static initializer in class net/bytebuddy/description/method/ParameterDescription$Token
2024-11-12 13:43:17,191 INFO  EvoClassLoader - Keeping class: net.bytebuddy.description.method.ParameterDescription$Token
2024-11-12 13:43:17,191 INFO  EvoClassLoader - Seeing class for first time: net.bytebuddy.description.method.ParameterDescription$TypeSubstituting
2024-11-12 13:43:17,191 INFO  EvoClassLoader - Instrumenting class 'net.bytebuddy.description.method.ParameterDescription$TypeSubstituting'.
2024-11-12 13:43:17,192 INFO  MethodCallReplacementClassAdapter - Adding mock interface to class net/bytebuddy/description/method/ParameterDescription$TypeSubstituting
2024-11-12 13:43:17,192 INFO  CreateClassResetClassAdapter - Creating brand-new static initializer in class net/bytebuddy/description/method/ParameterDescription$TypeSubstituting
2024-11-12 13:43:17,192 INFO  EvoClassLoader - Seeing class for first time: net.bytebuddy.description.method.ParameterDescription$InGenericShape
2024-11-12 13:43:17,192 INFO  EvoClassLoader - Instrumenting class 'net.bytebuddy.description.method.ParameterDescription$InGenericShape'.
2024-11-12 13:43:17,192 INFO  EvoClassLoader - Keeping class: net.bytebuddy.description.method.ParameterDescription$InGenericShape
2024-11-12 13:43:17,192 INFO  EvoClassLoader - Keeping class: net.bytebuddy.description.method.ParameterDescription$TypeSubstituting
2024-11-12 13:43:17,192 INFO  EvoClassLoader - Seeing class for first time: net.bytebuddy.description.method.ParameterDescription$Latent
2024-11-12 13:43:17,192 INFO  EvoClassLoader - Instrumenting class 'net.bytebuddy.description.method.ParameterDescription$Latent'.
2024-11-12 13:43:17,192 INFO  MethodCallReplacementClassAdapter - Adding mock interface to class net/bytebuddy/description/method/ParameterDescription$Latent
2024-11-12 13:43:17,193 INFO  CreateClassResetClassAdapter - Creating brand-new static initializer in class net/bytebuddy/description/method/ParameterDescription$Latent
2024-11-12 13:43:17,193 INFO  EvoClassLoader - Seeing class for first time: net.bytebuddy.description.method.ParameterDescription$InDefinedShape$AbstractBase
2024-11-12 13:43:17,193 INFO  EvoClassLoader - Instrumenting class 'net.bytebuddy.description.method.ParameterDescription$InDefinedShape$AbstractBase'.
2024-11-12 13:43:17,193 INFO  MethodCallReplacementClassAdapter - Adding mock interface to class net/bytebuddy/description/method/ParameterDescription$InDefinedShape$AbstractBase
2024-11-12 13:43:17,193 INFO  CreateClassResetClassAdapter - Creating brand-new static initializer in class net/bytebuddy/description/method/ParameterDescription$InDefinedShape$AbstractBase
2024-11-12 13:43:17,193 INFO  EvoClassLoader - Keeping class: net.bytebuddy.description.method.ParameterDescription$InDefinedShape$AbstractBase
2024-11-12 13:43:17,193 INFO  EvoClassLoader - Keeping class: net.bytebuddy.description.method.ParameterDescription$Latent
2024-11-12 13:43:17,193 INFO  EvoClassLoader - Seeing class for first time: net.bytebuddy.description.method.ParameterDescription$ForLoadedParameter
2024-11-12 13:43:17,193 INFO  EvoClassLoader - Instrumenting class 'net.bytebuddy.description.method.ParameterDescription$ForLoadedParameter'.
2024-11-12 13:43:17,193 INFO  MethodCallReplacementClassAdapter - Adding mock interface to class net/bytebuddy/description/method/ParameterDescription$ForLoadedParameter
2024-11-12 13:43:17,193 INFO  CreateClassResetClassAdapter - Found static initializer in class net/bytebuddy/description/method/ParameterDescription$ForLoadedParameter
2024-11-12 13:43:17,193 INFO  EvoClassLoader - Keeping class: net.bytebuddy.description.method.ParameterDescription$ForLoadedParameter
2024-11-12 13:43:17,194 INFO  EvoClassLoader - Seeing class for first time: net.bytebuddy.description.method.ParameterDescription$ForLoadedParameter$Dispatcher$CreationAction
2024-11-12 13:43:17,194 INFO  EvoClassLoader - Instrumenting class 'net.bytebuddy.description.method.ParameterDescription$ForLoadedParameter$Dispatcher$CreationAction'.
2024-11-12 13:43:17,194 INFO  MethodCallReplacementClassAdapter - Adding mock interface to class net/bytebuddy/description/method/ParameterDescription$ForLoadedParameter$Dispatcher$CreationAction
2024-11-12 13:43:17,194 INFO  CreateClassResetClassAdapter - Found static initializer in class net/bytebuddy/description/method/ParameterDescription$ForLoadedParameter$Dispatcher$CreationAction
2024-11-12 13:43:17,194 INFO  EvoClassLoader - Keeping class: net.bytebuddy.description.method.ParameterDescription$ForLoadedParameter$Dispatcher$CreationAction
2024-11-12 13:43:17,194 INFO  EvoClassLoader - Seeing class for first time: net.bytebuddy.description.method.ParameterDescription$ForLoadedParameter$Dispatcher
2024-11-12 13:43:17,194 INFO  EvoClassLoader - Instrumenting class 'net.bytebuddy.description.method.ParameterDescription$ForLoadedParameter$Dispatcher'.
2024-11-12 13:43:17,194 INFO  EvoClassLoader - Keeping class: net.bytebuddy.description.method.ParameterDescription$ForLoadedParameter$Dispatcher
2024-11-12 13:43:17,194 INFO  EvoClassLoader - Seeing class for first time: net.bytebuddy.description.method.ParameterDescription$ForLoadedParameter$Dispatcher$ForLegacyVm
2024-11-12 13:43:17,194 INFO  EvoClassLoader - Instrumenting class 'net.bytebuddy.description.method.ParameterDescription$ForLoadedParameter$Dispatcher$ForLegacyVm'.
2024-11-12 13:43:17,195 INFO  MethodCallReplacementClassAdapter - Adding mock interface to class net/bytebuddy/description/method/ParameterDescription$ForLoadedParameter$Dispatcher$ForLegacyVm
2024-11-12 13:43:17,195 INFO  CreateClassResetClassAdapter - Found static initializer in class net/bytebuddy/description/method/ParameterDescription$ForLoadedParameter$Dispatcher$ForLegacyVm
2024-11-12 13:43:17,195 INFO  EvoClassLoader - Keeping class: net.bytebuddy.description.method.ParameterDescription$ForLoadedParameter$Dispatcher$ForLegacyVm
2024-11-12 13:43:17,195 INFO  EvoClassLoader - Seeing class for first time: net.bytebuddy.description.method.ParameterDescription$ForLoadedParameter$Dispatcher$ForJava8CapableVm
2024-11-12 13:43:17,195 INFO  EvoClassLoader - Instrumenting class 'net.bytebuddy.description.method.ParameterDescription$ForLoadedParameter$Dispatcher$ForJava8CapableVm'.
2024-11-12 13:43:17,195 INFO  MethodCallReplacementClassAdapter - Adding mock interface to class net/bytebuddy/description/method/ParameterDescription$ForLoadedParameter$Dispatcher$ForJava8CapableVm
2024-11-12 13:43:17,195 INFO  CreateClassResetClassAdapter - Found static initializer in class net/bytebuddy/description/method/ParameterDescription$ForLoadedParameter$Dispatcher$ForJava8CapableVm
2024-11-12 13:43:17,196 INFO  EvoClassLoader - Keeping class: net.bytebuddy.description.method.ParameterDescription$ForLoadedParameter$Dispatcher$ForJava8CapableVm
2024-11-12 13:43:17,196 INFO  EvoClassLoader - Seeing class for first time: net.bytebuddy.description.method.ParameterDescription$ForLoadedParameter$OfMethod
2024-11-12 13:43:17,196 INFO  EvoClassLoader - Instrumenting class 'net.bytebuddy.description.method.ParameterDescription$ForLoadedParameter$OfMethod'.
2024-11-12 13:43:17,196 INFO  MethodCallReplacementClassAdapter - Adding mock interface to class net/bytebuddy/description/method/ParameterDescription$ForLoadedParameter$OfMethod
2024-11-12 13:43:17,197 INFO  CreateClassResetClassAdapter - Creating brand-new static initializer in class net/bytebuddy/description/method/ParameterDescription$ForLoadedParameter$OfMethod
2024-11-12 13:43:17,197 INFO  EvoClassLoader - Keeping class: net.bytebuddy.description.method.ParameterDescription$ForLoadedParameter$OfMethod
2024-11-12 13:43:17,197 INFO  EvoClassLoader - Seeing class for first time: net.bytebuddy.description.method.ParameterDescription$ForLoadedParameter$OfLegacyVmConstructor
2024-11-12 13:43:17,197 INFO  EvoClassLoader - Instrumenting class 'net.bytebuddy.description.method.ParameterDescription$ForLoadedParameter$OfLegacyVmConstructor'.
2024-11-12 13:43:17,197 INFO  MethodCallReplacementClassAdapter - Adding mock interface to class net/bytebuddy/description/method/ParameterDescription$ForLoadedParameter$OfLegacyVmConstructor
2024-11-12 13:43:17,197 INFO  CreateClassResetClassAdapter - Creating brand-new static initializer in class net/bytebuddy/description/method/ParameterDescription$ForLoadedParameter$OfLegacyVmConstructor
2024-11-12 13:43:17,198 INFO  EvoClassLoader - Keeping class: net.bytebuddy.description.method.ParameterDescription$ForLoadedParameter$OfLegacyVmConstructor
2024-11-12 13:43:17,198 INFO  EvoClassLoader - Seeing class for first time: net.bytebuddy.description.method.ParameterDescription$ForLoadedParameter$OfLegacyVmMethod
2024-11-12 13:43:17,198 INFO  EvoClassLoader - Instrumenting class 'net.bytebuddy.description.method.ParameterDescription$ForLoadedParameter$OfLegacyVmMethod'.
2024-11-12 13:43:17,198 INFO  MethodCallReplacementClassAdapter - Adding mock interface to class net/bytebuddy/description/method/ParameterDescription$ForLoadedParameter$OfLegacyVmMethod
2024-11-12 13:43:17,198 INFO  CreateClassResetClassAdapter - Creating brand-new static initializer in class net/bytebuddy/description/method/ParameterDescription$ForLoadedParameter$OfLegacyVmMethod
2024-11-12 13:43:17,198 INFO  EvoClassLoader - Keeping class: net.bytebuddy.description.method.ParameterDescription$ForLoadedParameter$OfLegacyVmMethod
2024-11-12 13:43:17,198 INFO  EvoClassLoader - Seeing class for first time: net.bytebuddy.description.method.ParameterDescription$ForLoadedParameter$OfConstructor
2024-11-12 13:43:17,198 INFO  EvoClassLoader - Instrumenting class 'net.bytebuddy.description.method.ParameterDescription$ForLoadedParameter$OfConstructor'.
2024-11-12 13:43:17,199 INFO  MethodCallReplacementClassAdapter - Adding mock interface to class net/bytebuddy/description/method/ParameterDescription$ForLoadedParameter$OfConstructor
2024-11-12 13:43:17,199 INFO  CreateClassResetClassAdapter - Creating brand-new static initializer in class net/bytebuddy/description/method/ParameterDescription$ForLoadedParameter$OfConstructor
2024-11-12 13:43:17,199 INFO  EvoClassLoader - Keeping class: net.bytebuddy.description.method.ParameterDescription$ForLoadedParameter$OfConstructor
2024-11-12 13:43:17,200 INFO  EvoClassLoader - Seeing class for first time: net.bytebuddy.implementation.bind.annotation.RuntimeType$Verifier
2024-11-12 13:43:17,200 INFO  EvoClassLoader - Instrumenting class 'net.bytebuddy.implementation.bind.annotation.RuntimeType$Verifier'.
2024-11-12 13:43:17,200 INFO  MethodCallReplacementClassAdapter - Adding mock interface to class net/bytebuddy/implementation/bind/annotation/RuntimeType$Verifier
2024-11-12 13:43:17,200 INFO  CreateClassResetClassAdapter - Creating brand-new static initializer in class net/bytebuddy/implementation/bind/annotation/RuntimeType$Verifier
2024-11-12 13:43:17,200 INFO  EvoClassLoader - Keeping class: net.bytebuddy.implementation.bind.annotation.RuntimeType$Verifier
2024-11-12 13:43:17,200 INFO  EvoClassLoader - Seeing class for first time: net.bytebuddy.implementation.bind.annotation.RuntimeType
2024-11-12 13:43:17,200 INFO  EvoClassLoader - Instrumenting class 'net.bytebuddy.implementation.bind.annotation.RuntimeType'.
2024-11-12 13:43:17,200 INFO  EvoClassLoader - Keeping class: net.bytebuddy.implementation.bind.annotation.RuntimeType
2024-11-12 13:43:17,200 INFO  EvoClassLoader - Seeing class for first time: net.bytebuddy.implementation.bind.annotation.AllArguments$Assignment
2024-11-12 13:43:17,200 INFO  EvoClassLoader - Instrumenting class 'net.bytebuddy.implementation.bind.annotation.AllArguments$Assignment'.
2024-11-12 13:43:17,201 INFO  MethodCallReplacementClassAdapter - Adding mock interface to class net/bytebuddy/implementation/bind/annotation/AllArguments$Assignment
2024-11-12 13:43:17,201 INFO  CreateClassResetClassAdapter - Found static initializer in class net/bytebuddy/implementation/bind/annotation/AllArguments$Assignment
2024-11-12 13:43:17,201 INFO  EvoClassLoader - Keeping class: net.bytebuddy.implementation.bind.annotation.AllArguments$Assignment
2024-11-12 13:43:17,201 INFO  EvoClassLoader - Seeing class for first time: net.bytebuddy.implementation.bytecode.assign.Assigner$Refusing
2024-11-12 13:43:17,201 INFO  EvoClassLoader - Instrumenting class 'net.bytebuddy.implementation.bytecode.assign.Assigner$Refusing'.
2024-11-12 13:43:17,201 INFO  MethodCallReplacementClassAdapter - Adding mock interface to class net/bytebuddy/implementation/bytecode/assign/Assigner$Refusing
2024-11-12 13:43:17,201 INFO  CreateClassResetClassAdapter - Found static initializer in class net/bytebuddy/implementation/bytecode/assign/Assigner$Refusing
2024-11-12 13:43:17,201 INFO  EvoClassLoader - Keeping class: net.bytebuddy.implementation.bytecode.assign.Assigner$Refusing
2024-11-12 13:43:17,201 INFO  EvoClassLoader - Seeing class for first time: net.bytebuddy.implementation.bytecode.assign.Assigner$EqualTypesOnly
2024-11-12 13:43:17,201 INFO  EvoClassLoader - Instrumenting class 'net.bytebuddy.implementation.bytecode.assign.Assigner$EqualTypesOnly'.
2024-11-12 13:43:17,201 INFO  MethodCallReplacementClassAdapter - Adding mock interface to class net/bytebuddy/implementation/bytecode/assign/Assigner$EqualTypesOnly
2024-11-12 13:43:17,201 INFO  CreateClassResetClassAdapter - Found static initializer in class net/bytebuddy/implementation/bytecode/assign/Assigner$EqualTypesOnly
2024-11-12 13:43:17,202 INFO  EvoClassLoader - Keeping class: net.bytebuddy.implementation.bytecode.assign.Assigner$EqualTypesOnly
2024-11-12 13:43:17,202 INFO  EvoClassLoader - Seeing class for first time: net.bytebuddy.implementation.bind.annotation.TargetMethodAnnotationDrivenBinder$DelegationProcessor$Handler$Bound
2024-11-12 13:43:17,202 INFO  EvoClassLoader - Instrumenting class 'net.bytebuddy.implementation.bind.annotation.TargetMethodAnnotationDrivenBinder$DelegationProcessor$Handler$Bound'.
2024-11-12 13:43:17,202 INFO  MethodCallReplacementClassAdapter - Adding mock interface to class net/bytebuddy/implementation/bind/annotation/TargetMethodAnnotationDrivenBinder$DelegationProcessor$Handler$Bound
2024-11-12 13:43:17,202 INFO  CreateClassResetClassAdapter - Creating brand-new static initializer in class net/bytebuddy/implementation/bind/annotation/TargetMethodAnnotationDrivenBinder$DelegationProcessor$Handler$Bound
2024-11-12 13:43:17,202 INFO  EvoClassLoader - Keeping class: net.bytebuddy.implementation.bind.annotation.TargetMethodAnnotationDrivenBinder$DelegationProcessor$Handler$Bound
2024-11-12 13:43:17,203 INFO  EvoClassLoader - Seeing class for first time: net.bytebuddy.implementation.bind.annotation.TargetMethodAnnotationDrivenBinder$Record
2024-11-12 13:43:17,203 INFO  EvoClassLoader - Instrumenting class 'net.bytebuddy.implementation.bind.annotation.TargetMethodAnnotationDrivenBinder$Record'.
2024-11-12 13:43:17,203 INFO  MethodCallReplacementClassAdapter - Adding mock interface to class net/bytebuddy/implementation/bind/annotation/TargetMethodAnnotationDrivenBinder$Record
2024-11-12 13:43:17,203 INFO  CreateClassResetClassAdapter - Creating brand-new static initializer in class net/bytebuddy/implementation/bind/annotation/TargetMethodAnnotationDrivenBinder$Record
2024-11-12 13:43:17,203 INFO  EvoClassLoader - Keeping class: net.bytebuddy.implementation.bind.annotation.TargetMethodAnnotationDrivenBinder$Record
2024-11-12 13:43:17,203 INFO  EvoClassLoader - Seeing class for first time: net.bytebuddy.implementation.bind.MethodDelegationBinder$MethodInvoker
2024-11-12 13:43:17,203 INFO  EvoClassLoader - Instrumenting class 'net.bytebuddy.implementation.bind.MethodDelegationBinder$MethodInvoker'.
2024-11-12 13:43:17,204 INFO  EvoClassLoader - Keeping class: net.bytebuddy.implementation.bind.MethodDelegationBinder$MethodInvoker
2024-11-12 13:43:17,204 INFO  EvoClassLoader - Seeing class for first time: net.bytebuddy.implementation.bind.MethodDelegationBinder$TerminationHandler$Default
2024-11-12 13:43:17,204 INFO  EvoClassLoader - Instrumenting class 'net.bytebuddy.implementation.bind.MethodDelegationBinder$TerminationHandler$Default'.
2024-11-12 13:43:17,204 INFO  MethodCallReplacementClassAdapter - Adding mock interface to class net/bytebuddy/implementation/bind/MethodDelegationBinder$TerminationHandler$Default
2024-11-12 13:43:17,204 INFO  CreateClassResetClassAdapter - Found static initializer in class net/bytebuddy/implementation/bind/MethodDelegationBinder$TerminationHandler$Default
2024-11-12 13:43:17,204 INFO  EvoClassLoader - Keeping class: net.bytebuddy.implementation.bind.MethodDelegationBinder$TerminationHandler$Default
2024-11-12 13:43:17,204 INFO  EvoClassLoader - Seeing class for first time: net.bytebuddy.implementation.bind.MethodDelegationBinder$TerminationHandler$Default$1
2024-11-12 13:43:17,204 INFO  EvoClassLoader - Instrumenting class 'net.bytebuddy.implementation.bind.MethodDelegationBinder$TerminationHandler$Default$1'.
2024-11-12 13:43:17,204 INFO  MethodCallReplacementClassAdapter - Adding mock interface to class net/bytebuddy/implementation/bind/MethodDelegationBinder$TerminationHandler$Default$1
2024-11-12 13:43:17,205 INFO  EvoClassLoader - Keeping class: net.bytebuddy.implementation.bind.MethodDelegationBinder$TerminationHandler$Default$1
2024-11-12 13:43:17,205 INFO  EvoClassLoader - Seeing class for first time: net.bytebuddy.implementation.bind.MethodDelegationBinder$TerminationHandler$Default$2
2024-11-12 13:43:17,205 INFO  EvoClassLoader - Instrumenting class 'net.bytebuddy.implementation.bind.MethodDelegationBinder$TerminationHandler$Default$2'.
2024-11-12 13:43:17,205 INFO  MethodCallReplacementClassAdapter - Adding mock interface to class net/bytebuddy/implementation/bind/MethodDelegationBinder$TerminationHandler$Default$2
2024-11-12 13:43:17,205 INFO  EvoClassLoader - Keeping class: net.bytebuddy.implementation.bind.MethodDelegationBinder$TerminationHandler$Default$2
2024-11-12 13:43:17,205 INFO  EvoClassLoader - Seeing class for first time: net.bytebuddy.implementation.bytecode.assign.primitive.VoidAwareAssigner
2024-11-12 13:43:17,205 INFO  EvoClassLoader - Instrumenting class 'net.bytebuddy.implementation.bytecode.assign.primitive.VoidAwareAssigner'.
2024-11-12 13:43:17,205 INFO  MethodCallReplacementClassAdapter - Adding mock interface to class net/bytebuddy/implementation/bytecode/assign/primitive/VoidAwareAssigner
2024-11-12 13:43:17,206 INFO  CreateClassResetClassAdapter - Creating brand-new static initializer in class net/bytebuddy/implementation/bytecode/assign/primitive/VoidAwareAssigner
2024-11-12 13:43:17,206 INFO  EvoClassLoader - Defined package (3): package net.bytebuddy.implementation.bytecode.assign.primitive, -607948186
2024-11-12 13:43:17,206 INFO  EvoClassLoader - Keeping class: net.bytebuddy.implementation.bytecode.assign.primitive.VoidAwareAssigner
2024-11-12 13:43:17,206 INFO  EvoClassLoader - Seeing class for first time: net.bytebuddy.implementation.bytecode.assign.primitive.PrimitiveTypeAwareAssigner
2024-11-12 13:43:17,206 INFO  EvoClassLoader - Instrumenting class 'net.bytebuddy.implementation.bytecode.assign.primitive.PrimitiveTypeAwareAssigner'.
2024-11-12 13:43:17,206 INFO  MethodCallReplacementClassAdapter - Adding mock interface to class net/bytebuddy/implementation/bytecode/assign/primitive/PrimitiveTypeAwareAssigner
2024-11-12 13:43:17,206 INFO  CreateClassResetClassAdapter - Creating brand-new static initializer in class net/bytebuddy/implementation/bytecode/assign/primitive/PrimitiveTypeAwareAssigner
2024-11-12 13:43:17,206 INFO  EvoClassLoader - Keeping class: net.bytebuddy.implementation.bytecode.assign.primitive.PrimitiveTypeAwareAssigner
2024-11-12 13:43:17,207 INFO  EvoClassLoader - Seeing class for first time: net.bytebuddy.implementation.bytecode.assign.reference.ReferenceTypeAwareAssigner
2024-11-12 13:43:17,207 INFO  EvoClassLoader - Instrumenting class 'net.bytebuddy.implementation.bytecode.assign.reference.ReferenceTypeAwareAssigner'.
2024-11-12 13:43:17,207 INFO  MethodCallReplacementClassAdapter - Adding mock interface to class net/bytebuddy/implementation/bytecode/assign/reference/ReferenceTypeAwareAssigner
2024-11-12 13:43:17,207 INFO  CreateClassResetClassAdapter - Found static initializer in class net/bytebuddy/implementation/bytecode/assign/reference/ReferenceTypeAwareAssigner
2024-11-12 13:43:17,207 INFO  EvoClassLoader - Defined package (3): package net.bytebuddy.implementation.bytecode.assign.reference, 301704394
2024-11-12 13:43:17,207 INFO  EvoClassLoader - Keeping class: net.bytebuddy.implementation.bytecode.assign.reference.ReferenceTypeAwareAssigner
2024-11-12 13:43:17,207 INFO  EvoClassLoader - Seeing class for first time: net.bytebuddy.implementation.bytecode.StackManipulation$Illegal
2024-11-12 13:43:17,207 INFO  EvoClassLoader - Instrumenting class 'net.bytebuddy.implementation.bytecode.StackManipulation$Illegal'.
2024-11-12 13:43:17,207 INFO  MethodCallReplacementClassAdapter - Adding mock interface to class net/bytebuddy/implementation/bytecode/StackManipulation$Illegal
2024-11-12 13:43:17,208 INFO  CreateClassResetClassAdapter - Found static initializer in class net/bytebuddy/implementation/bytecode/StackManipulation$Illegal
2024-11-12 13:43:17,208 INFO  EvoClassLoader - Keeping class: net.bytebuddy.implementation.bytecode.StackManipulation$Illegal
2024-11-12 13:43:17,208 INFO  EvoClassLoader - Seeing class for first time: net.bytebuddy.implementation.bind.annotation.Argument$BindingMechanic
2024-11-12 13:43:17,208 INFO  EvoClassLoader - Instrumenting class 'net.bytebuddy.implementation.bind.annotation.Argument$BindingMechanic'.
2024-11-12 13:43:17,208 INFO  MethodCallReplacementClassAdapter - Adding mock interface to class net/bytebuddy/implementation/bind/annotation/Argument$BindingMechanic
2024-11-12 13:43:17,208 INFO  CreateClassResetClassAdapter - Found static initializer in class net/bytebuddy/implementation/bind/annotation/Argument$BindingMechanic
2024-11-12 13:43:17,208 INFO  EvoClassLoader - Keeping class: net.bytebuddy.implementation.bind.annotation.Argument$BindingMechanic
2024-11-12 13:43:17,208 INFO  EvoClassLoader - Seeing class for first time: net.bytebuddy.implementation.bind.annotation.Argument$BindingMechanic$1
2024-11-12 13:43:17,208 INFO  EvoClassLoader - Instrumenting class 'net.bytebuddy.implementation.bind.annotation.Argument$BindingMechanic$1'.
2024-11-12 13:43:17,208 INFO  MethodCallReplacementClassAdapter - Adding mock interface to class net/bytebuddy/implementation/bind/annotation/Argument$BindingMechanic$1
2024-11-12 13:43:17,209 INFO  EvoClassLoader - Keeping class: net.bytebuddy.implementation.bind.annotation.Argument$BindingMechanic$1
2024-11-12 13:43:17,209 INFO  EvoClassLoader - Seeing class for first time: net.bytebuddy.implementation.bind.annotation.Argument$BindingMechanic$2
2024-11-12 13:43:17,209 INFO  EvoClassLoader - Instrumenting class 'net.bytebuddy.implementation.bind.annotation.Argument$BindingMechanic$2'.
2024-11-12 13:43:17,209 INFO  MethodCallReplacementClassAdapter - Adding mock interface to class net/bytebuddy/implementation/bind/annotation/Argument$BindingMechanic$2
2024-11-12 13:43:17,209 INFO  EvoClassLoader - Keeping class: net.bytebuddy.implementation.bind.annotation.Argument$BindingMechanic$2
2024-11-12 13:43:17,209 INFO  EvoClassLoader - Seeing class for first time: net.bytebuddy.ByteBuddy
2024-11-12 13:43:17,209 INFO  EvoClassLoader - Instrumenting class 'net.bytebuddy.ByteBuddy'.
2024-11-12 13:43:17,209 INFO  MethodCallReplacementClassAdapter - Adding mock interface to class net/bytebuddy/ByteBuddy
2024-11-12 13:43:17,211 INFO  CreateClassResetClassAdapter - Creating brand-new static initializer in class net/bytebuddy/ByteBuddy
2024-11-12 13:43:17,211 INFO  CreateClassResetClassAdapter - Adding bytecode for initializing field BYTE_BUDDY_DEFAULT_PREFIX
2024-11-12 13:43:17,211 INFO  CreateClassResetClassAdapter - Adding bytecode for initializing field BYTE_BUDDY_DEFAULT_SUFFIX
2024-11-12 13:43:17,212 INFO  EvoClassLoader - Keeping class: net.bytebuddy.ByteBuddy
2024-11-12 13:43:17,212 INFO  EvoClassLoader - Seeing class for first time: net.bytebuddy.NamingStrategy
2024-11-12 13:43:17,212 INFO  EvoClassLoader - Instrumenting class 'net.bytebuddy.NamingStrategy'.
2024-11-12 13:43:17,212 INFO  EvoClassLoader - Keeping class: net.bytebuddy.NamingStrategy
2024-11-12 13:43:17,212 INFO  EvoClassLoader - Seeing class for first time: net.bytebuddy.implementation.auxiliary.AuxiliaryType$NamingStrategy
2024-11-12 13:43:17,212 INFO  EvoClassLoader - Instrumenting class 'net.bytebuddy.implementation.auxiliary.AuxiliaryType$NamingStrategy'.
2024-11-12 13:43:17,212 INFO  EvoClassLoader - Keeping class: net.bytebuddy.implementation.auxiliary.AuxiliaryType$NamingStrategy
2024-11-12 13:43:17,212 INFO  EvoClassLoader - Seeing class for first time: net.bytebuddy.implementation.attribute.AnnotationValueFilter$Factory
2024-11-12 13:43:17,212 INFO  EvoClassLoader - Instrumenting class 'net.bytebuddy.implementation.attribute.AnnotationValueFilter$Factory'.
2024-11-12 13:43:17,212 INFO  EvoClassLoader - Keeping class: net.bytebuddy.implementation.attribute.AnnotationValueFilter$Factory
2024-11-12 13:43:17,212 INFO  EvoClassLoader - Seeing class for first time: net.bytebuddy.implementation.Implementation$Context$Factory
2024-11-12 13:43:17,212 INFO  EvoClassLoader - Instrumenting class 'net.bytebuddy.implementation.Implementation$Context$Factory'.
2024-11-12 13:43:17,213 INFO  EvoClassLoader - Keeping class: net.bytebuddy.implementation.Implementation$Context$Factory
2024-11-12 13:43:17,213 INFO  EvoClassLoader - Seeing class for first time: net.bytebuddy.dynamic.scaffold.InstrumentedType$Factory
2024-11-12 13:43:17,213 INFO  EvoClassLoader - Instrumenting class 'net.bytebuddy.dynamic.scaffold.InstrumentedType$Factory'.
2024-11-12 13:43:17,213 INFO  EvoClassLoader - Keeping class: net.bytebuddy.dynamic.scaffold.InstrumentedType$Factory
2024-11-12 13:43:17,213 INFO  EvoClassLoader - Seeing class for first time: net.bytebuddy.dynamic.VisibilityBridgeStrategy
2024-11-12 13:43:17,213 INFO  EvoClassLoader - Instrumenting class 'net.bytebuddy.dynamic.VisibilityBridgeStrategy'.
2024-11-12 13:43:17,213 INFO  EvoClassLoader - Keeping class: net.bytebuddy.dynamic.VisibilityBridgeStrategy
2024-11-12 13:43:17,213 INFO  EvoClassLoader - Seeing class for first time: net.bytebuddy.dynamic.scaffold.ClassWriterStrategy
2024-11-12 13:43:17,213 INFO  EvoClassLoader - Instrumenting class 'net.bytebuddy.dynamic.scaffold.ClassWriterStrategy'.
2024-11-12 13:43:17,213 INFO  EvoClassLoader - Keeping class: net.bytebuddy.dynamic.scaffold.ClassWriterStrategy
2024-11-12 13:43:17,213 INFO  EvoClassLoader - Seeing class for first time: net.bytebuddy.matcher.LatentMatcher
2024-11-12 13:43:17,213 INFO  EvoClassLoader - Instrumenting class 'net.bytebuddy.matcher.LatentMatcher'.
2024-11-12 13:43:17,213 INFO  EvoClassLoader - Keeping class: net.bytebuddy.matcher.LatentMatcher
2024-11-12 13:43:17,213 INFO  EvoClassLoader - Seeing class for first time: net.bytebuddy.dynamic.scaffold.subclass.ConstructorStrategy
2024-11-12 13:43:17,213 INFO  EvoClassLoader - Instrumenting class 'net.bytebuddy.dynamic.scaffold.subclass.ConstructorStrategy'.
2024-11-12 13:43:17,213 INFO  EvoClassLoader - Defined package (3): package net.bytebuddy.dynamic.scaffold.subclass, -1647218880
2024-11-12 13:43:17,213 INFO  EvoClassLoader - Keeping class: net.bytebuddy.dynamic.scaffold.subclass.ConstructorStrategy
2024-11-12 13:43:17,214 INFO  EvoClassLoader - Seeing class for first time: net.bytebuddy.description.type.TypeList$Generic$Explicit
2024-11-12 13:43:17,214 INFO  EvoClassLoader - Instrumenting class 'net.bytebuddy.description.type.TypeList$Generic$Explicit'.
2024-11-12 13:43:17,214 INFO  MethodCallReplacementClassAdapter - Adding mock interface to class net/bytebuddy/description/type/TypeList$Generic$Explicit
2024-11-12 13:43:17,214 INFO  CreateClassResetClassAdapter - Creating brand-new static initializer in class net/bytebuddy/description/type/TypeList$Generic$Explicit
2024-11-12 13:43:17,214 INFO  EvoClassLoader - Seeing class for first time: net.bytebuddy.description.type.TypeList$Generic$AbstractBase
2024-11-12 13:43:17,214 INFO  EvoClassLoader - Instrumenting class 'net.bytebuddy.description.type.TypeList$Generic$AbstractBase'.
2024-11-12 13:43:17,214 INFO  MethodCallReplacementClassAdapter - Adding mock interface to class net/bytebuddy/description/type/TypeList$Generic$AbstractBase
2024-11-12 13:43:17,215 INFO  CreateClassResetClassAdapter - Creating brand-new static initializer in class net/bytebuddy/description/type/TypeList$Generic$AbstractBase
2024-11-12 13:43:17,215 INFO  EvoClassLoader - Keeping class: net.bytebuddy.description.type.TypeList$Generic$AbstractBase
2024-11-12 13:43:17,215 INFO  EvoClassLoader - Keeping class: net.bytebuddy.description.type.TypeList$Generic$Explicit
2024-11-12 13:43:17,215 INFO  EvoClassLoader - Seeing class for first time: net.bytebuddy.description.type.TypeList$Generic$Empty
2024-11-12 13:43:17,215 INFO  EvoClassLoader - Instrumenting class 'net.bytebuddy.description.type.TypeList$Generic$Empty'.
2024-11-12 13:43:17,215 INFO  MethodCallReplacementClassAdapter - Adding mock interface to class net/bytebuddy/description/type/TypeList$Generic$Empty
2024-11-12 13:43:17,215 INFO  CreateClassResetClassAdapter - Creating brand-new static initializer in class net/bytebuddy/description/type/TypeList$Generic$Empty
2024-11-12 13:43:17,216 INFO  EvoClassLoader - Keeping class: net.bytebuddy.description.type.TypeList$Generic$Empty
2024-11-12 13:43:17,216 INFO  EvoClassLoader - Seeing class for first time: net.bytebuddy.dynamic.scaffold.TypeValidation
2024-11-12 13:43:17,216 INFO  EvoClassLoader - Instrumenting class 'net.bytebuddy.dynamic.scaffold.TypeValidation'.
2024-11-12 13:43:17,217 INFO  MethodCallReplacementClassAdapter - Adding mock interface to class net/bytebuddy/dynamic/scaffold/TypeValidation
2024-11-12 13:43:17,217 INFO  CreateClassResetClassAdapter - Found static initializer in class net/bytebuddy/dynamic/scaffold/TypeValidation
2024-11-12 13:43:17,217 INFO  EvoClassLoader - Keeping class: net.bytebuddy.dynamic.scaffold.TypeValidation
2024-11-12 13:43:17,217 INFO  EvoClassLoader - Seeing class for first time: net.bytebuddy.implementation.attribute.AnnotationRetention
2024-11-12 13:43:17,217 INFO  EvoClassLoader - Instrumenting class 'net.bytebuddy.implementation.attribute.AnnotationRetention'.
2024-11-12 13:43:17,217 INFO  MethodCallReplacementClassAdapter - Adding mock interface to class net/bytebuddy/implementation/attribute/AnnotationRetention
2024-11-12 13:43:17,217 INFO  CreateClassResetClassAdapter - Found static initializer in class net/bytebuddy/implementation/attribute/AnnotationRetention
2024-11-12 13:43:17,217 INFO  EvoClassLoader - Keeping class: net.bytebuddy.implementation.attribute.AnnotationRetention
2024-11-12 13:43:17,217 INFO  EvoClassLoader - Seeing class for first time: net.bytebuddy.ClassFileVersion
2024-11-12 13:43:17,217 INFO  EvoClassLoader - Instrumenting class 'net.bytebuddy.ClassFileVersion'.
2024-11-12 13:43:17,218 INFO  MethodCallReplacementClassAdapter - Adding mock interface to class net/bytebuddy/ClassFileVersion
2024-11-12 13:43:17,219 INFO  CreateClassResetClassAdapter - Found static initializer in class net/bytebuddy/ClassFileVersion
2024-11-12 13:43:17,219 INFO  EvoClassLoader - Keeping class: net.bytebuddy.ClassFileVersion
2024-11-12 13:43:17,219 INFO  EvoClassLoader - Seeing class for first time: net.bytebuddy.dynamic.ClassFileLocator
2024-11-12 13:43:17,219 INFO  EvoClassLoader - Instrumenting class 'net.bytebuddy.dynamic.ClassFileLocator'.
2024-11-12 13:43:17,219 INFO  EvoClassLoader - Keeping class: net.bytebuddy.dynamic.ClassFileLocator
2024-11-12 13:43:17,220 INFO  EvoClassLoader - Seeing class for first time: net.bytebuddy.dynamic.scaffold.inline.MethodNameTransformer
2024-11-12 13:43:17,220 INFO  EvoClassLoader - Instrumenting class 'net.bytebuddy.dynamic.scaffold.inline.MethodNameTransformer'.
2024-11-12 13:43:17,220 INFO  EvoClassLoader - Defined package (3): package net.bytebuddy.dynamic.scaffold.inline, 1493541025
2024-11-12 13:43:17,220 INFO  EvoClassLoader - Keeping class: net.bytebuddy.dynamic.scaffold.inline.MethodNameTransformer
2024-11-12 13:43:17,220 INFO  EvoClassLoader - Seeing class for first time: net.bytebuddy.ClassFileVersion$VersionLocator$CreationAction
2024-11-12 13:43:17,220 INFO  EvoClassLoader - Instrumenting class 'net.bytebuddy.ClassFileVersion$VersionLocator$CreationAction'.
2024-11-12 13:43:17,220 INFO  MethodCallReplacementClassAdapter - Adding mock interface to class net/bytebuddy/ClassFileVersion$VersionLocator$CreationAction
2024-11-12 13:43:17,220 INFO  CreateClassResetClassAdapter - Found static initializer in class net/bytebuddy/ClassFileVersion$VersionLocator$CreationAction
2024-11-12 13:43:17,221 INFO  EvoClassLoader - Keeping class: net.bytebuddy.ClassFileVersion$VersionLocator$CreationAction
2024-11-12 13:43:17,221 INFO  EvoClassLoader - Seeing class for first time: net.bytebuddy.ClassFileVersion$VersionLocator
2024-11-12 13:43:17,221 INFO  EvoClassLoader - Instrumenting class 'net.bytebuddy.ClassFileVersion$VersionLocator'.
2024-11-12 13:43:17,221 INFO  EvoClassLoader - Keeping class: net.bytebuddy.ClassFileVersion$VersionLocator
2024-11-12 13:43:17,221 INFO  EvoClassLoader - Seeing class for first time: net.bytebuddy.ClassFileVersion$VersionLocator$ForLegacyVm
2024-11-12 13:43:17,221 INFO  EvoClassLoader - Instrumenting class 'net.bytebuddy.ClassFileVersion$VersionLocator$ForLegacyVm'.
2024-11-12 13:43:17,221 INFO  MethodCallReplacementClassAdapter - Adding mock interface to class net/bytebuddy/ClassFileVersion$VersionLocator$ForLegacyVm
2024-11-12 13:43:17,222 INFO  CreateClassResetClassAdapter - Found static initializer in class net/bytebuddy/ClassFileVersion$VersionLocator$ForLegacyVm
2024-11-12 13:43:17,222 INFO  EvoClassLoader - Keeping class: net.bytebuddy.ClassFileVersion$VersionLocator$ForLegacyVm
2024-11-12 13:43:17,222 INFO  EvoClassLoader - Seeing class for first time: net.bytebuddy.ClassFileVersion$VersionLocator$ForJava9CapableVm
2024-11-12 13:43:17,222 INFO  EvoClassLoader - Instrumenting class 'net.bytebuddy.ClassFileVersion$VersionLocator$ForJava9CapableVm'.
2024-11-12 13:43:17,223 INFO  MethodCallReplacementClassAdapter - Adding mock interface to class net/bytebuddy/ClassFileVersion$VersionLocator$ForJava9CapableVm
2024-11-12 13:43:17,223 INFO  CreateClassResetClassAdapter - Found static initializer in class net/bytebuddy/ClassFileVersion$VersionLocator$ForJava9CapableVm
2024-11-12 13:43:17,224 INFO  EvoClassLoader - Keeping class: net.bytebuddy.ClassFileVersion$VersionLocator$ForJava9CapableVm
2024-11-12 13:43:17,224 INFO  EvoClassLoader - Seeing class for first time: net.bytebuddy.jar.asm.ClassVisitor
2024-11-12 13:43:17,224 INFO  EvoClassLoader - Instrumenting class 'net.bytebuddy.jar.asm.ClassVisitor'.
2024-11-12 13:43:17,225 INFO  MethodCallReplacementClassAdapter - Adding mock interface to class net/bytebuddy/jar/asm/ClassVisitor
2024-11-12 13:43:17,226 INFO  CreateClassResetClassAdapter - Creating brand-new static initializer in class net/bytebuddy/jar/asm/ClassVisitor
2024-11-12 13:43:17,226 INFO  EvoClassLoader - Defined package (3): package net.bytebuddy.jar.asm, 1565040359
2024-11-12 13:43:17,226 INFO  EvoClassLoader - Keeping class: net.bytebuddy.jar.asm.ClassVisitor
2024-11-12 13:43:17,226 INFO  EvoClassLoader - Seeing class for first time: net.bytebuddy.ClassFileVersion$VersionExtractor
2024-11-12 13:43:17,226 INFO  EvoClassLoader - Instrumenting class 'net.bytebuddy.ClassFileVersion$VersionExtractor'.
2024-11-12 13:43:17,227 INFO  MethodCallReplacementClassAdapter - Adding mock interface to class net/bytebuddy/ClassFileVersion$VersionExtractor
2024-11-12 13:43:17,227 INFO  CreateClassResetClassAdapter - Creating brand-new static initializer in class net/bytebuddy/ClassFileVersion$VersionExtractor
2024-11-12 13:43:17,227 INFO  EvoClassLoader - Keeping class: net.bytebuddy.ClassFileVersion$VersionExtractor
2024-11-12 13:43:17,228 INFO  EvoClassLoader - Seeing class for first time: net.bytebuddy.NamingStrategy$AbstractBase
2024-11-12 13:43:17,228 INFO  EvoClassLoader - Instrumenting class 'net.bytebuddy.NamingStrategy$AbstractBase'.
2024-11-12 13:43:17,228 INFO  MethodCallReplacementClassAdapter - Adding mock interface to class net/bytebuddy/NamingStrategy$AbstractBase
2024-11-12 13:43:17,228 INFO  CreateClassResetClassAdapter - Creating brand-new static initializer in class net/bytebuddy/NamingStrategy$AbstractBase
2024-11-12 13:43:17,228 INFO  EvoClassLoader - Keeping class: net.bytebuddy.NamingStrategy$AbstractBase
2024-11-12 13:43:17,228 INFO  EvoClassLoader - Seeing class for first time: net.bytebuddy.NamingStrategy$PrefixingRandom
2024-11-12 13:43:17,228 INFO  EvoClassLoader - Instrumenting class 'net.bytebuddy.NamingStrategy$PrefixingRandom'.
2024-11-12 13:43:17,229 INFO  MethodCallReplacementClassAdapter - Adding mock interface to class net/bytebuddy/NamingStrategy$PrefixingRandom
2024-11-12 13:43:17,229 INFO  CreateClassResetClassAdapter - Creating brand-new static initializer in class net/bytebuddy/NamingStrategy$PrefixingRandom
2024-11-12 13:43:17,229 INFO  EvoClassLoader - Keeping class: net.bytebuddy.NamingStrategy$PrefixingRandom
2024-11-12 13:43:17,229 INFO  EvoClassLoader - Seeing class for first time: net.bytebuddy.NamingStrategy$SuffixingRandom
2024-11-12 13:43:17,229 INFO  EvoClassLoader - Instrumenting class 'net.bytebuddy.NamingStrategy$SuffixingRandom'.
2024-11-12 13:43:17,229 INFO  MethodCallReplacementClassAdapter - Adding mock interface to class net/bytebuddy/NamingStrategy$SuffixingRandom
2024-11-12 13:43:17,229 INFO  CreateClassResetClassAdapter - Creating brand-new static initializer in class net/bytebuddy/NamingStrategy$SuffixingRandom
2024-11-12 13:43:17,229 INFO  CreateClassResetClassAdapter - Adding bytecode for initializing field BYTE_BUDDY_RENAME_PACKAGE
2024-11-12 13:43:17,229 INFO  CreateClassResetClassAdapter - Adding bytecode for initializing field NO_PREFIX
2024-11-12 13:43:17,229 INFO  CreateClassResetClassAdapter - Adding bytecode for initializing field JAVA_PACKAGE
2024-11-12 13:43:17,230 INFO  EvoClassLoader - Keeping class: net.bytebuddy.NamingStrategy$SuffixingRandom
2024-11-12 13:43:17,230 INFO  EvoClassLoader - Seeing class for first time: net.bytebuddy.NamingStrategy$SuffixingRandom$BaseNameResolver
2024-11-12 13:43:17,230 INFO  EvoClassLoader - Instrumenting class 'net.bytebuddy.NamingStrategy$SuffixingRandom$BaseNameResolver'.
2024-11-12 13:43:17,230 INFO  EvoClassLoader - Keeping class: net.bytebuddy.NamingStrategy$SuffixingRandom$BaseNameResolver
2024-11-12 13:43:17,230 INFO  EvoClassLoader - Seeing class for first time: net.bytebuddy.NamingStrategy$SuffixingRandom$BaseNameResolver$ForUnnamedType
2024-11-12 13:43:17,230 INFO  EvoClassLoader - Instrumenting class 'net.bytebuddy.NamingStrategy$SuffixingRandom$BaseNameResolver$ForUnnamedType'.
2024-11-12 13:43:17,231 INFO  MethodCallReplacementClassAdapter - Adding mock interface to class net/bytebuddy/NamingStrategy$SuffixingRandom$BaseNameResolver$ForUnnamedType
2024-11-12 13:43:17,231 INFO  CreateClassResetClassAdapter - Found static initializer in class net/bytebuddy/NamingStrategy$SuffixingRandom$BaseNameResolver$ForUnnamedType
2024-11-12 13:43:17,231 INFO  EvoClassLoader - Keeping class: net.bytebuddy.NamingStrategy$SuffixingRandom$BaseNameResolver$ForUnnamedType
2024-11-12 13:43:17,231 INFO  EvoClassLoader - Seeing class for first time: net.bytebuddy.NamingStrategy$SuffixingRandom$BaseNameResolver$ForFixedValue
2024-11-12 13:43:17,231 INFO  EvoClassLoader - Instrumenting class 'net.bytebuddy.NamingStrategy$SuffixingRandom$BaseNameResolver$ForFixedValue'.
2024-11-12 13:43:17,231 INFO  MethodCallReplacementClassAdapter - Adding mock interface to class net/bytebuddy/NamingStrategy$SuffixingRandom$BaseNameResolver$ForFixedValue
2024-11-12 13:43:17,231 INFO  CreateClassResetClassAdapter - Creating brand-new static initializer in class net/bytebuddy/NamingStrategy$SuffixingRandom$BaseNameResolver$ForFixedValue
2024-11-12 13:43:17,232 INFO  EvoClassLoader - Keeping class: net.bytebuddy.NamingStrategy$SuffixingRandom$BaseNameResolver$ForFixedValue
2024-11-12 13:43:17,232 INFO  EvoClassLoader - Seeing class for first time: net.bytebuddy.NamingStrategy$SuffixingRandom$BaseNameResolver$ForGivenType
2024-11-12 13:43:17,232 INFO  EvoClassLoader - Instrumenting class 'net.bytebuddy.NamingStrategy$SuffixingRandom$BaseNameResolver$ForGivenType'.
2024-11-12 13:43:17,232 INFO  MethodCallReplacementClassAdapter - Adding mock interface to class net/bytebuddy/NamingStrategy$SuffixingRandom$BaseNameResolver$ForGivenType
2024-11-12 13:43:17,232 INFO  CreateClassResetClassAdapter - Creating brand-new static initializer in class net/bytebuddy/NamingStrategy$SuffixingRandom$BaseNameResolver$ForGivenType
2024-11-12 13:43:17,232 INFO  EvoClassLoader - Keeping class: net.bytebuddy.NamingStrategy$SuffixingRandom$BaseNameResolver$ForGivenType
2024-11-12 13:43:17,233 INFO  EvoClassLoader - Seeing class for first time: net.bytebuddy.utility.RandomString
2024-11-12 13:43:17,233 INFO  EvoClassLoader - Instrumenting class 'net.bytebuddy.utility.RandomString'.
2024-11-12 13:43:17,233 INFO  MethodCallReplacementClassAdapter - Adding mock interface to class net/bytebuddy/utility/RandomString
2024-11-12 13:43:17,234 INFO  CreateClassResetClassAdapter - Found static initializer in class net/bytebuddy/utility/RandomString
2024-11-12 13:43:17,235 INFO  EvoClassLoader - Keeping class: net.bytebuddy.utility.RandomString
2024-11-12 13:43:17,235 INFO  EvoClassLoader - Seeing class for first time: net.bytebuddy.implementation.auxiliary.AuxiliaryType$NamingStrategy$SuffixingRandom
2024-11-12 13:43:17,235 INFO  EvoClassLoader - Instrumenting class 'net.bytebuddy.implementation.auxiliary.AuxiliaryType$NamingStrategy$SuffixingRandom'.
2024-11-12 13:43:17,235 INFO  MethodCallReplacementClassAdapter - Adding mock interface to class net/bytebuddy/implementation/auxiliary/AuxiliaryType$NamingStrategy$SuffixingRandom
2024-11-12 13:43:17,236 INFO  CreateClassResetClassAdapter - Creating brand-new static initializer in class net/bytebuddy/implementation/auxiliary/AuxiliaryType$NamingStrategy$SuffixingRandom
2024-11-12 13:43:17,236 INFO  EvoClassLoader - Keeping class: net.bytebuddy.implementation.auxiliary.AuxiliaryType$NamingStrategy$SuffixingRandom
2024-11-12 13:43:17,236 INFO  EvoClassLoader - Seeing class for first time: net.bytebuddy.implementation.auxiliary.AuxiliaryType
2024-11-12 13:43:17,236 INFO  EvoClassLoader - Instrumenting class 'net.bytebuddy.implementation.auxiliary.AuxiliaryType'.
2024-11-12 13:43:17,236 INFO  EvoClassLoader - Keeping class: net.bytebuddy.implementation.auxiliary.AuxiliaryType
2024-11-12 13:43:17,236 INFO  EvoClassLoader - Seeing class for first time: net.bytebuddy.implementation.attribute.AnnotationValueFilter$Default
2024-11-12 13:43:17,236 INFO  EvoClassLoader - Instrumenting class 'net.bytebuddy.implementation.attribute.AnnotationValueFilter$Default'.
2024-11-12 13:43:17,237 INFO  MethodCallReplacementClassAdapter - Adding mock interface to class net/bytebuddy/implementation/attribute/AnnotationValueFilter$Default
2024-11-12 13:43:17,237 INFO  CreateClassResetClassAdapter - Found static initializer in class net/bytebuddy/implementation/attribute/AnnotationValueFilter$Default
2024-11-12 13:43:17,237 INFO  EvoClassLoader - Seeing class for first time: net.bytebuddy.implementation.attribute.AnnotationValueFilter
2024-11-12 13:43:17,237 INFO  EvoClassLoader - Instrumenting class 'net.bytebuddy.implementation.attribute.AnnotationValueFilter'.
2024-11-12 13:43:17,237 INFO  EvoClassLoader - Keeping class: net.bytebuddy.implementation.attribute.AnnotationValueFilter
2024-11-12 13:43:17,237 INFO  EvoClassLoader - Keeping class: net.bytebuddy.implementation.attribute.AnnotationValueFilter$Default
2024-11-12 13:43:17,237 INFO  EvoClassLoader - Seeing class for first time: net.bytebuddy.implementation.attribute.AnnotationValueFilter$Default$1
2024-11-12 13:43:17,237 INFO  EvoClassLoader - Instrumenting class 'net.bytebuddy.implementation.attribute.AnnotationValueFilter$Default$1'.
2024-11-12 13:43:17,238 INFO  MethodCallReplacementClassAdapter - Adding mock interface to class net/bytebuddy/implementation/attribute/AnnotationValueFilter$Default$1
2024-11-12 13:43:17,238 INFO  EvoClassLoader - Keeping class: net.bytebuddy.implementation.attribute.AnnotationValueFilter$Default$1
2024-11-12 13:43:17,238 INFO  EvoClassLoader - Seeing class for first time: net.bytebuddy.implementation.attribute.AnnotationValueFilter$Default$2
2024-11-12 13:43:17,238 INFO  EvoClassLoader - Instrumenting class 'net.bytebuddy.implementation.attribute.AnnotationValueFilter$Default$2'.
2024-11-12 13:43:17,238 INFO  MethodCallReplacementClassAdapter - Adding mock interface to class net/bytebuddy/implementation/attribute/AnnotationValueFilter$Default$2
2024-11-12 13:43:17,238 INFO  EvoClassLoader - Keeping class: net.bytebuddy.implementation.attribute.AnnotationValueFilter$Default$2
2024-11-12 13:43:17,239 INFO  EvoClassLoader - Seeing class for first time: net.bytebuddy.implementation.Implementation$Context$Default$Factory
2024-11-12 13:43:17,239 INFO  EvoClassLoader - Instrumenting class 'net.bytebuddy.implementation.Implementation$Context$Default$Factory'.
2024-11-12 13:43:17,239 INFO  MethodCallReplacementClassAdapter - Adding mock interface to class net/bytebuddy/implementation/Implementation$Context$Default$Factory
2024-11-12 13:43:17,239 INFO  CreateClassResetClassAdapter - Found static initializer in class net/bytebuddy/implementation/Implementation$Context$Default$Factory
2024-11-12 13:43:17,239 INFO  EvoClassLoader - Keeping class: net.bytebuddy.implementation.Implementation$Context$Default$Factory
2024-11-12 13:43:17,239 INFO  EvoClassLoader - Seeing class for first time: net.bytebuddy.implementation.Implementation$Context$Default
2024-11-12 13:43:17,239 INFO  EvoClassLoader - Instrumenting class 'net.bytebuddy.implementation.Implementation$Context$Default'.
2024-11-12 13:43:17,240 INFO  MethodCallReplacementClassAdapter - Adding mock interface to class net/bytebuddy/implementation/Implementation$Context$Default
2024-11-12 13:43:17,243 INFO  CreateClassResetClassAdapter - Creating brand-new static initializer in class net/bytebuddy/implementation/Implementation$Context$Default
2024-11-12 13:43:17,243 INFO  CreateClassResetClassAdapter - Adding bytecode for initializing field ACCESSOR_METHOD_SUFFIX
2024-11-12 13:43:17,243 INFO  CreateClassResetClassAdapter - Adding bytecode for initializing field FIELD_CACHE_PREFIX
2024-11-12 13:43:17,244 INFO  EvoClassLoader - Seeing class for first time: net.bytebuddy.implementation.Implementation$Context$ExtractableView$AbstractBase
2024-11-12 13:43:17,244 INFO  EvoClassLoader - Instrumenting class 'net.bytebuddy.implementation.Implementation$Context$ExtractableView$AbstractBase'.
2024-11-12 13:43:17,244 INFO  MethodCallReplacementClassAdapter - Adding mock interface to class net/bytebuddy/implementation/Implementation$Context$ExtractableView$AbstractBase
2024-11-12 13:43:17,244 INFO  CreateClassResetClassAdapter - Creating brand-new static initializer in class net/bytebuddy/implementation/Implementation$Context$ExtractableView$AbstractBase
2024-11-12 13:43:17,245 INFO  EvoClassLoader - Seeing class for first time: net.bytebuddy.implementation.Implementation$Context$ExtractableView
2024-11-12 13:43:17,245 INFO  EvoClassLoader - Instrumenting class 'net.bytebuddy.implementation.Implementation$Context$ExtractableView'.
2024-11-12 13:43:17,245 INFO  EvoClassLoader - Seeing class for first time: net.bytebuddy.implementation.Implementation$Context
2024-11-12 13:43:17,245 INFO  EvoClassLoader - Instrumenting class 'net.bytebuddy.implementation.Implementation$Context'.
2024-11-12 13:43:17,245 INFO  EvoClassLoader - Seeing class for first time: net.bytebuddy.implementation.MethodAccessorFactory
2024-11-12 13:43:17,245 INFO  EvoClassLoader - Instrumenting class 'net.bytebuddy.implementation.MethodAccessorFactory'.
2024-11-12 13:43:17,245 INFO  EvoClassLoader - Keeping class: net.bytebuddy.implementation.MethodAccessorFactory
2024-11-12 13:43:17,245 INFO  EvoClassLoader - Keeping class: net.bytebuddy.implementation.Implementation$Context
2024-11-12 13:43:17,245 INFO  EvoClassLoader - Keeping class: net.bytebuddy.implementation.Implementation$Context$ExtractableView
2024-11-12 13:43:17,245 INFO  EvoClassLoader - Keeping class: net.bytebuddy.implementation.Implementation$Context$ExtractableView$AbstractBase
2024-11-12 13:43:17,245 INFO  EvoClassLoader - Keeping class: net.bytebuddy.implementation.Implementation$Context$Default
2024-11-12 13:43:17,246 INFO  EvoClassLoader - Seeing class for first time: net.bytebuddy.dynamic.scaffold.TypeInitializer
2024-11-12 13:43:17,246 INFO  EvoClassLoader - Instrumenting class 'net.bytebuddy.dynamic.scaffold.TypeInitializer'.
2024-11-12 13:43:17,246 INFO  EvoClassLoader - Keeping class: net.bytebuddy.dynamic.scaffold.TypeInitializer
2024-11-12 13:43:17,246 INFO  EvoClassLoader - Seeing class for first time: net.bytebuddy.dynamic.scaffold.MethodGraph$Compiler$AbstractBase
2024-11-12 13:43:17,246 INFO  EvoClassLoader - Instrumenting class 'net.bytebuddy.dynamic.scaffold.MethodGraph$Compiler$AbstractBase'.
2024-11-12 13:43:17,246 INFO  MethodCallReplacementClassAdapter - Adding mock interface to class net/bytebuddy/dynamic/scaffold/MethodGraph$Compiler$AbstractBase
2024-11-12 13:43:17,246 INFO  CreateClassResetClassAdapter - Creating brand-new static initializer in class net/bytebuddy/dynamic/scaffold/MethodGraph$Compiler$AbstractBase
2024-11-12 13:43:17,246 INFO  EvoClassLoader - Keeping class: net.bytebuddy.dynamic.scaffold.MethodGraph$Compiler$AbstractBase
2024-11-12 13:43:17,246 INFO  EvoClassLoader - Seeing class for first time: net.bytebuddy.dynamic.scaffold.MethodGraph
2024-11-12 13:43:17,246 INFO  EvoClassLoader - Instrumenting class 'net.bytebuddy.dynamic.scaffold.MethodGraph'.
2024-11-12 13:43:17,247 INFO  EvoClassLoader - Keeping class: net.bytebuddy.dynamic.scaffold.MethodGraph
2024-11-12 13:43:17,247 INFO  EvoClassLoader - Seeing class for first time: net.bytebuddy.dynamic.scaffold.MethodGraph$Compiler$Default
2024-11-12 13:43:17,247 INFO  EvoClassLoader - Instrumenting class 'net.bytebuddy.dynamic.scaffold.MethodGraph$Compiler$Default'.
2024-11-12 13:43:17,247 INFO  MethodCallReplacementClassAdapter - Adding mock interface to class net/bytebuddy/dynamic/scaffold/MethodGraph$Compiler$Default
2024-11-12 13:43:17,248 INFO  CreateClassResetClassAdapter - Creating brand-new static initializer in class net/bytebuddy/dynamic/scaffold/MethodGraph$Compiler$Default
2024-11-12 13:43:17,249 INFO  EvoClassLoader - Keeping class: net.bytebuddy.dynamic.scaffold.MethodGraph$Compiler$Default
2024-11-12 13:43:17,249 INFO  EvoClassLoader - Seeing class for first time: net.bytebuddy.dynamic.scaffold.MethodGraph$Linked
2024-11-12 13:43:17,249 INFO  EvoClassLoader - Instrumenting class 'net.bytebuddy.dynamic.scaffold.MethodGraph$Linked'.
2024-11-12 13:43:17,249 INFO  EvoClassLoader - Keeping class: net.bytebuddy.dynamic.scaffold.MethodGraph$Linked
2024-11-12 13:43:17,249 INFO  EvoClassLoader - Seeing class for first time: net.bytebuddy.dynamic.scaffold.MethodGraph$Empty
2024-11-12 13:43:17,249 INFO  EvoClassLoader - Instrumenting class 'net.bytebuddy.dynamic.scaffold.MethodGraph$Empty'.
2024-11-12 13:43:17,250 INFO  MethodCallReplacementClassAdapter - Adding mock interface to class net/bytebuddy/dynamic/scaffold/MethodGraph$Empty
2024-11-12 13:43:17,250 INFO  CreateClassResetClassAdapter - Found static initializer in class net/bytebuddy/dynamic/scaffold/MethodGraph$Empty
2024-11-12 13:43:17,250 INFO  EvoClassLoader - Keeping class: net.bytebuddy.dynamic.scaffold.MethodGraph$Empty
2024-11-12 13:43:17,250 INFO  EvoClassLoader - Seeing class for first time: net.bytebuddy.dynamic.scaffold.MethodGraph$Compiler$Default$Harmonizer
2024-11-12 13:43:17,250 INFO  EvoClassLoader - Instrumenting class 'net.bytebuddy.dynamic.scaffold.MethodGraph$Compiler$Default$Harmonizer'.
2024-11-12 13:43:17,251 INFO  EvoClassLoader - Keeping class: net.bytebuddy.dynamic.scaffold.MethodGraph$Compiler$Default$Harmonizer
2024-11-12 13:43:17,251 INFO  EvoClassLoader - Seeing class for first time: net.bytebuddy.dynamic.scaffold.MethodGraph$Compiler$Default$Merger
2024-11-12 13:43:17,251 INFO  EvoClassLoader - Instrumenting class 'net.bytebuddy.dynamic.scaffold.MethodGraph$Compiler$Default$Merger'.
2024-11-12 13:43:17,251 INFO  EvoClassLoader - Keeping class: net.bytebuddy.dynamic.scaffold.MethodGraph$Compiler$Default$Merger
2024-11-12 13:43:17,251 INFO  EvoClassLoader - Seeing class for first time: net.bytebuddy.dynamic.scaffold.MethodGraph$Compiler$Default$Key$Store
2024-11-12 13:43:17,251 INFO  EvoClassLoader - Instrumenting class 'net.bytebuddy.dynamic.scaffold.MethodGraph$Compiler$Default$Key$Store'.
2024-11-12 13:43:17,251 INFO  MethodCallReplacementClassAdapter - Adding mock interface to class net/bytebuddy/dynamic/scaffold/MethodGraph$Compiler$Default$Key$Store
2024-11-12 13:43:17,253 INFO  CreateClassResetClassAdapter - Creating brand-new static initializer in class net/bytebuddy/dynamic/scaffold/MethodGraph$Compiler$Default$Key$Store
2024-11-12 13:43:17,253 INFO  EvoClassLoader - Keeping class: net.bytebuddy.dynamic.scaffold.MethodGraph$Compiler$Default$Key$Store
2024-11-12 13:43:17,253 INFO  EvoClassLoader - Seeing class for first time: net.bytebuddy.dynamic.scaffold.MethodGraph$Compiler$Default$Harmonizer$ForJavaMethod
2024-11-12 13:43:17,253 INFO  EvoClassLoader - Instrumenting class 'net.bytebuddy.dynamic.scaffold.MethodGraph$Compiler$Default$Harmonizer$ForJavaMethod'.
2024-11-12 13:43:17,253 INFO  MethodCallReplacementClassAdapter - Adding mock interface to class net/bytebuddy/dynamic/scaffold/MethodGraph$Compiler$Default$Harmonizer$ForJavaMethod
2024-11-12 13:43:17,253 INFO  CreateClassResetClassAdapter - Found static initializer in class net/bytebuddy/dynamic/scaffold/MethodGraph$Compiler$Default$Harmonizer$ForJavaMethod
2024-11-12 13:43:17,254 INFO  EvoClassLoader - Keeping class: net.bytebuddy.dynamic.scaffold.MethodGraph$Compiler$Default$Harmonizer$ForJavaMethod
2024-11-12 13:43:17,254 INFO  EvoClassLoader - Seeing class for first time: net.bytebuddy.dynamic.scaffold.MethodGraph$Compiler$Default$Harmonizer$ForJVMMethod
2024-11-12 13:43:17,254 INFO  EvoClassLoader - Instrumenting class 'net.bytebuddy.dynamic.scaffold.MethodGraph$Compiler$Default$Harmonizer$ForJVMMethod'.
2024-11-12 13:43:17,254 INFO  MethodCallReplacementClassAdapter - Adding mock interface to class net/bytebuddy/dynamic/scaffold/MethodGraph$Compiler$Default$Harmonizer$ForJVMMethod
2024-11-12 13:43:17,254 INFO  CreateClassResetClassAdapter - Found static initializer in class net/bytebuddy/dynamic/scaffold/MethodGraph$Compiler$Default$Harmonizer$ForJVMMethod
2024-11-12 13:43:17,254 INFO  EvoClassLoader - Keeping class: net.bytebuddy.dynamic.scaffold.MethodGraph$Compiler$Default$Harmonizer$ForJVMMethod
2024-11-12 13:43:17,255 INFO  EvoClassLoader - Seeing class for first time: net.bytebuddy.dynamic.scaffold.MethodGraph$Compiler$Default$Harmonizer$ForJavaMethod$Token
2024-11-12 13:43:17,255 INFO  EvoClassLoader - Instrumenting class 'net.bytebuddy.dynamic.scaffold.MethodGraph$Compiler$Default$Harmonizer$ForJavaMethod$Token'.
2024-11-12 13:43:17,255 INFO  MethodCallReplacementClassAdapter - Adding mock interface to class net/bytebuddy/dynamic/scaffold/MethodGraph$Compiler$Default$Harmonizer$ForJavaMethod$Token
2024-11-12 13:43:17,255 INFO  CreateClassResetClassAdapter - Creating brand-new static initializer in class net/bytebuddy/dynamic/scaffold/MethodGraph$Compiler$Default$Harmonizer$ForJavaMethod$Token
2024-11-12 13:43:17,255 INFO  EvoClassLoader - Keeping class: net.bytebuddy.dynamic.scaffold.MethodGraph$Compiler$Default$Harmonizer$ForJavaMethod$Token
2024-11-12 13:43:17,255 INFO  EvoClassLoader - Seeing class for first time: net.bytebuddy.dynamic.scaffold.MethodGraph$Compiler$Default$Merger$Directional
2024-11-12 13:43:17,255 INFO  EvoClassLoader - Instrumenting class 'net.bytebuddy.dynamic.scaffold.MethodGraph$Compiler$Default$Merger$Directional'.
2024-11-12 13:43:17,255 INFO  MethodCallReplacementClassAdapter - Adding mock interface to class net/bytebuddy/dynamic/scaffold/MethodGraph$Compiler$Default$Merger$Directional
2024-11-12 13:43:17,255 INFO  CreateClassResetClassAdapter - Found static initializer in class net/bytebuddy/dynamic/scaffold/MethodGraph$Compiler$Default$Merger$Directional
2024-11-12 13:43:17,255 INFO  EvoClassLoader - Keeping class: net.bytebuddy.dynamic.scaffold.MethodGraph$Compiler$Default$Merger$Directional
2024-11-12 13:43:17,256 INFO  EvoClassLoader - Seeing class for first time: net.bytebuddy.description.type.TypeDescription$Generic$Visitor$Reifying
2024-11-12 13:43:17,256 INFO  EvoClassLoader - Instrumenting class 'net.bytebuddy.description.type.TypeDescription$Generic$Visitor$Reifying'.
2024-11-12 13:43:17,256 INFO  MethodCallReplacementClassAdapter - Adding mock interface to class net/bytebuddy/description/type/TypeDescription$Generic$Visitor$Reifying
2024-11-12 13:43:17,257 INFO  CreateClassResetClassAdapter - Found static initializer in class net/bytebuddy/description/type/TypeDescription$Generic$Visitor$Reifying
2024-11-12 13:43:17,257 INFO  EvoClassLoader - Keeping class: net.bytebuddy.description.type.TypeDescription$Generic$Visitor$Reifying
2024-11-12 13:43:17,257 INFO  EvoClassLoader - Seeing class for first time: net.bytebuddy.description.type.TypeDescription$Generic$Visitor$Reducing
2024-11-12 13:43:17,257 INFO  EvoClassLoader - Instrumenting class 'net.bytebuddy.description.type.TypeDescription$Generic$Visitor$Reducing'.
2024-11-12 13:43:17,257 INFO  MethodCallReplacementClassAdapter - Adding mock interface to class net/bytebuddy/description/type/TypeDescription$Generic$Visitor$Reducing
2024-11-12 13:43:17,258 INFO  CreateClassResetClassAdapter - Creating brand-new static initializer in class net/bytebuddy/description/type/TypeDescription$Generic$Visitor$Reducing
2024-11-12 13:43:17,258 INFO  EvoClassLoader - Keeping class: net.bytebuddy.description.type.TypeDescription$Generic$Visitor$Reducing
2024-11-12 13:43:17,258 INFO  EvoClassLoader - Seeing class for first time: net.bytebuddy.description.type.TypeDescription$Generic$Visitor$Substitutor
2024-11-12 13:43:17,258 INFO  EvoClassLoader - Instrumenting class 'net.bytebuddy.description.type.TypeDescription$Generic$Visitor$Substitutor'.
2024-11-12 13:43:17,258 INFO  MethodCallReplacementClassAdapter - Adding mock interface to class net/bytebuddy/description/type/TypeDescription$Generic$Visitor$Substitutor
2024-11-12 13:43:17,259 INFO  CreateClassResetClassAdapter - Creating brand-new static initializer in class net/bytebuddy/description/type/TypeDescription$Generic$Visitor$Substitutor
2024-11-12 13:43:17,259 INFO  EvoClassLoader - Keeping class: net.bytebuddy.description.type.TypeDescription$Generic$Visitor$Substitutor
2024-11-12 13:43:17,259 INFO  EvoClassLoader - Seeing class for first time: net.bytebuddy.description.type.TypeDescription$Generic$Visitor$ForSignatureVisitor
2024-11-12 13:43:17,259 INFO  EvoClassLoader - Instrumenting class 'net.bytebuddy.description.type.TypeDescription$Generic$Visitor$ForSignatureVisitor'.
2024-11-12 13:43:17,259 INFO  MethodCallReplacementClassAdapter - Adding mock interface to class net/bytebuddy/description/type/TypeDescription$Generic$Visitor$ForSignatureVisitor
2024-11-12 13:43:17,260 INFO  CreateClassResetClassAdapter - Creating brand-new static initializer in class net/bytebuddy/description/type/TypeDescription$Generic$Visitor$ForSignatureVisitor
2024-11-12 13:43:17,260 INFO  CreateClassResetClassAdapter - Adding bytecode for initializing field ONLY_CHARACTER
2024-11-12 13:43:17,260 INFO  EvoClassLoader - Keeping class: net.bytebuddy.description.type.TypeDescription$Generic$Visitor$ForSignatureVisitor
2024-11-12 13:43:17,260 INFO  EvoClassLoader - Seeing class for first time: net.bytebuddy.description.type.TypeDescription$Generic$Visitor$Reifying$1
2024-11-12 13:43:17,260 INFO  EvoClassLoader - Instrumenting class 'net.bytebuddy.description.type.TypeDescription$Generic$Visitor$Reifying$1'.
2024-11-12 13:43:17,260 INFO  MethodCallReplacementClassAdapter - Adding mock interface to class net/bytebuddy/description/type/TypeDescription$Generic$Visitor$Reifying$1
2024-11-12 13:43:17,260 INFO  EvoClassLoader - Keeping class: net.bytebuddy.description.type.TypeDescription$Generic$Visitor$Reifying$1
2024-11-12 13:43:17,260 INFO  EvoClassLoader - Seeing class for first time: net.bytebuddy.description.type.TypeDescription$Generic$Visitor$Reifying$2
2024-11-12 13:43:17,260 INFO  EvoClassLoader - Instrumenting class 'net.bytebuddy.description.type.TypeDescription$Generic$Visitor$Reifying$2'.
2024-11-12 13:43:17,261 INFO  MethodCallReplacementClassAdapter - Adding mock interface to class net/bytebuddy/description/type/TypeDescription$Generic$Visitor$Reifying$2
2024-11-12 13:43:17,261 INFO  EvoClassLoader - Keeping class: net.bytebuddy.description.type.TypeDescription$Generic$Visitor$Reifying$2
2024-11-12 13:43:17,261 INFO  EvoClassLoader - Seeing class for first time: net.bytebuddy.dynamic.scaffold.InstrumentedType$Factory$Default
2024-11-12 13:43:17,261 INFO  EvoClassLoader - Instrumenting class 'net.bytebuddy.dynamic.scaffold.InstrumentedType$Factory$Default'.
2024-11-12 13:43:17,261 INFO  MethodCallReplacementClassAdapter - Adding mock interface to class net/bytebuddy/dynamic/scaffold/InstrumentedType$Factory$Default
2024-11-12 13:43:17,261 INFO  CreateClassResetClassAdapter - Found static initializer in class net/bytebuddy/dynamic/scaffold/InstrumentedType$Factory$Default
2024-11-12 13:43:17,262 INFO  EvoClassLoader - Keeping class: net.bytebuddy.dynamic.scaffold.InstrumentedType$Factory$Default
2024-11-12 13:43:17,262 INFO  EvoClassLoader - Seeing class for first time: net.bytebuddy.dynamic.scaffold.InstrumentedType$Factory$Default$1
2024-11-12 13:43:17,262 INFO  EvoClassLoader - Instrumenting class 'net.bytebuddy.dynamic.scaffold.InstrumentedType$Factory$Default$1'.
2024-11-12 13:43:17,262 INFO  MethodCallReplacementClassAdapter - Adding mock interface to class net/bytebuddy/dynamic/scaffold/InstrumentedType$Factory$Default$1
2024-11-12 13:43:17,262 INFO  EvoClassLoader - Keeping class: net.bytebuddy.dynamic.scaffold.InstrumentedType$Factory$Default$1
2024-11-12 13:43:17,262 INFO  EvoClassLoader - Seeing class for first time: net.bytebuddy.dynamic.scaffold.InstrumentedType$Factory$Default$2
2024-11-12 13:43:17,262 INFO  EvoClassLoader - Instrumenting class 'net.bytebuddy.dynamic.scaffold.InstrumentedType$Factory$Default$2'.
2024-11-12 13:43:17,262 INFO  MethodCallReplacementClassAdapter - Adding mock interface to class net/bytebuddy/dynamic/scaffold/InstrumentedType$Factory$Default$2
2024-11-12 13:43:17,262 INFO  EvoClassLoader - Keeping class: net.bytebuddy.dynamic.scaffold.InstrumentedType$Factory$Default$2
2024-11-12 13:43:17,263 INFO  EvoClassLoader - Seeing class for first time: net.bytebuddy.implementation.LoadedTypeInitializer
2024-11-12 13:43:17,263 INFO  EvoClassLoader - Instrumenting class 'net.bytebuddy.implementation.LoadedTypeInitializer'.
2024-11-12 13:43:17,263 INFO  EvoClassLoader - Keeping class: net.bytebuddy.implementation.LoadedTypeInitializer
2024-11-12 13:43:17,263 INFO  EvoClassLoader - Seeing class for first time: net.bytebuddy.dynamic.scaffold.InstrumentedType$WithFlexibleName
2024-11-12 13:43:17,263 INFO  EvoClassLoader - Instrumenting class 'net.bytebuddy.dynamic.scaffold.InstrumentedType$WithFlexibleName'.
2024-11-12 13:43:17,263 INFO  EvoClassLoader - Keeping class: net.bytebuddy.dynamic.scaffold.InstrumentedType$WithFlexibleName
2024-11-12 13:43:17,264 INFO  EvoClassLoader - Seeing class for first time: net.bytebuddy.dynamic.VisibilityBridgeStrategy$Default
2024-11-12 13:43:17,264 INFO  EvoClassLoader - Instrumenting class 'net.bytebuddy.dynamic.VisibilityBridgeStrategy$Default'.
2024-11-12 13:43:17,264 INFO  MethodCallReplacementClassAdapter - Adding mock interface to class net/bytebuddy/dynamic/VisibilityBridgeStrategy$Default
2024-11-12 13:43:17,264 INFO  CreateClassResetClassAdapter - Found static initializer in class net/bytebuddy/dynamic/VisibilityBridgeStrategy$Default
2024-11-12 13:43:17,264 INFO  EvoClassLoader - Keeping class: net.bytebuddy.dynamic.VisibilityBridgeStrategy$Default
2024-11-12 13:43:17,264 INFO  EvoClassLoader - Seeing class for first time: net.bytebuddy.dynamic.VisibilityBridgeStrategy$Default$1
2024-11-12 13:43:17,264 INFO  EvoClassLoader - Instrumenting class 'net.bytebuddy.dynamic.VisibilityBridgeStrategy$Default$1'.
2024-11-12 13:43:17,264 INFO  MethodCallReplacementClassAdapter - Adding mock interface to class net/bytebuddy/dynamic/VisibilityBridgeStrategy$Default$1
2024-11-12 13:43:17,264 INFO  EvoClassLoader - Keeping class: net.bytebuddy.dynamic.VisibilityBridgeStrategy$Default$1
2024-11-12 13:43:17,264 INFO  EvoClassLoader - Seeing class for first time: net.bytebuddy.dynamic.VisibilityBridgeStrategy$Default$2
2024-11-12 13:43:17,264 INFO  EvoClassLoader - Instrumenting class 'net.bytebuddy.dynamic.VisibilityBridgeStrategy$Default$2'.
2024-11-12 13:43:17,265 INFO  MethodCallReplacementClassAdapter - Adding mock interface to class net/bytebuddy/dynamic/VisibilityBridgeStrategy$Default$2
2024-11-12 13:43:17,265 INFO  EvoClassLoader - Keeping class: net.bytebuddy.dynamic.VisibilityBridgeStrategy$Default$2
2024-11-12 13:43:17,265 INFO  EvoClassLoader - Seeing class for first time: net.bytebuddy.dynamic.VisibilityBridgeStrategy$Default$3
2024-11-12 13:43:17,265 INFO  EvoClassLoader - Instrumenting class 'net.bytebuddy.dynamic.VisibilityBridgeStrategy$Default$3'.
2024-11-12 13:43:17,265 INFO  MethodCallReplacementClassAdapter - Adding mock interface to class net/bytebuddy/dynamic/VisibilityBridgeStrategy$Default$3
2024-11-12 13:43:17,265 INFO  EvoClassLoader - Keeping class: net.bytebuddy.dynamic.VisibilityBridgeStrategy$Default$3
2024-11-12 13:43:17,265 INFO  EvoClassLoader - Seeing class for first time: net.bytebuddy.dynamic.scaffold.ClassWriterStrategy$Default
2024-11-12 13:43:17,265 INFO  EvoClassLoader - Instrumenting class 'net.bytebuddy.dynamic.scaffold.ClassWriterStrategy$Default'.
2024-11-12 13:43:17,265 INFO  MethodCallReplacementClassAdapter - Adding mock interface to class net/bytebuddy/dynamic/scaffold/ClassWriterStrategy$Default
2024-11-12 13:43:17,265 INFO  CreateClassResetClassAdapter - Found static initializer in class net/bytebuddy/dynamic/scaffold/ClassWriterStrategy$Default
2024-11-12 13:43:17,265 INFO  EvoClassLoader - Keeping class: net.bytebuddy.dynamic.scaffold.ClassWriterStrategy$Default
2024-11-12 13:43:17,265 INFO  EvoClassLoader - Seeing class for first time: net.bytebuddy.dynamic.scaffold.ClassWriterStrategy$FrameComputingClassWriter
2024-11-12 13:43:17,265 INFO  EvoClassLoader - Instrumenting class 'net.bytebuddy.dynamic.scaffold.ClassWriterStrategy$FrameComputingClassWriter'.
2024-11-12 13:43:17,265 INFO  MethodCallReplacementClassAdapter - Adding mock interface to class net/bytebuddy/dynamic/scaffold/ClassWriterStrategy$FrameComputingClassWriter
2024-11-12 13:43:17,265 INFO  CreateClassResetClassAdapter - Creating brand-new static initializer in class net/bytebuddy/dynamic/scaffold/ClassWriterStrategy$FrameComputingClassWriter
2024-11-12 13:43:17,266 INFO  EvoClassLoader - Seeing class for first time: net.bytebuddy.jar.asm.ClassWriter
2024-11-12 13:43:17,266 INFO  EvoClassLoader - Instrumenting class 'net.bytebuddy.jar.asm.ClassWriter'.
2024-11-12 13:43:17,266 INFO  MethodCallReplacementClassAdapter - Adding mock interface to class net/bytebuddy/jar/asm/ClassWriter
2024-11-12 13:43:17,266 INFO  CreateClassResetClassAdapter - Creating brand-new static initializer in class net/bytebuddy/jar/asm/ClassWriter
2024-11-12 13:43:17,266 INFO  CreateClassResetClassAdapter - Adding bytecode for initializing field COMPUTE_MAXS
2024-11-12 13:43:17,266 INFO  CreateClassResetClassAdapter - Adding bytecode for initializing field COMPUTE_FRAMES
2024-11-12 13:43:17,267 INFO  EvoClassLoader - Keeping class: net.bytebuddy.jar.asm.ClassWriter
2024-11-12 13:43:17,267 INFO  EvoClassLoader - Keeping class: net.bytebuddy.dynamic.scaffold.ClassWriterStrategy$FrameComputingClassWriter
2024-11-12 13:43:17,268 INFO  EvoClassLoader - Seeing class for first time: net.bytebuddy.dynamic.scaffold.ClassWriterStrategy$Default$1
2024-11-12 13:43:17,268 INFO  EvoClassLoader - Instrumenting class 'net.bytebuddy.dynamic.scaffold.ClassWriterStrategy$Default$1'.
2024-11-12 13:43:17,268 INFO  MethodCallReplacementClassAdapter - Adding mock interface to class net/bytebuddy/dynamic/scaffold/ClassWriterStrategy$Default$1
2024-11-12 13:43:17,268 INFO  EvoClassLoader - Keeping class: net.bytebuddy.dynamic.scaffold.ClassWriterStrategy$Default$1
2024-11-12 13:43:17,268 INFO  EvoClassLoader - Seeing class for first time: net.bytebuddy.dynamic.scaffold.ClassWriterStrategy$Default$2
2024-11-12 13:43:17,268 INFO  EvoClassLoader - Instrumenting class 'net.bytebuddy.dynamic.scaffold.ClassWriterStrategy$Default$2'.
2024-11-12 13:43:17,268 INFO  MethodCallReplacementClassAdapter - Adding mock interface to class net/bytebuddy/dynamic/scaffold/ClassWriterStrategy$Default$2
2024-11-12 13:43:17,268 INFO  EvoClassLoader - Keeping class: net.bytebuddy.dynamic.scaffold.ClassWriterStrategy$Default$2
2024-11-12 13:43:17,268 INFO  EvoClassLoader - Seeing class for first time: net.bytebuddy.pool.TypePool
2024-11-12 13:43:17,268 INFO  EvoClassLoader - Instrumenting class 'net.bytebuddy.pool.TypePool'.
2024-11-12 13:43:17,269 INFO  EvoClassLoader - Defined package (3): package net.bytebuddy.pool, 1766326717
2024-11-12 13:43:17,269 INFO  EvoClassLoader - Keeping class: net.bytebuddy.pool.TypePool
2024-11-12 13:43:17,269 INFO  EvoClassLoader - Seeing class for first time: net.bytebuddy.matcher.LatentMatcher$Resolved
2024-11-12 13:43:17,269 INFO  EvoClassLoader - Instrumenting class 'net.bytebuddy.matcher.LatentMatcher$Resolved'.
2024-11-12 13:43:17,269 INFO  MethodCallReplacementClassAdapter - Adding mock interface to class net/bytebuddy/matcher/LatentMatcher$Resolved
2024-11-12 13:43:17,269 INFO  CreateClassResetClassAdapter - Creating brand-new static initializer in class net/bytebuddy/matcher/LatentMatcher$Resolved
2024-11-12 13:43:17,270 INFO  EvoClassLoader - Keeping class: net.bytebuddy.matcher.LatentMatcher$Resolved
2024-11-12 13:43:17,270 INFO  EvoClassLoader - Seeing class for first time: net.bytebuddy.matcher.LatentMatcher$Disjunction
2024-11-12 13:43:17,270 INFO  EvoClassLoader - Instrumenting class 'net.bytebuddy.matcher.LatentMatcher$Disjunction'.
2024-11-12 13:43:17,270 INFO  MethodCallReplacementClassAdapter - Adding mock interface to class net/bytebuddy/matcher/LatentMatcher$Disjunction
2024-11-12 13:43:17,270 INFO  CreateClassResetClassAdapter - Creating brand-new static initializer in class net/bytebuddy/matcher/LatentMatcher$Disjunction
2024-11-12 13:43:17,270 INFO  EvoClassLoader - Keeping class: net.bytebuddy.matcher.LatentMatcher$Disjunction
2024-11-12 13:43:17,270 INFO  EvoClassLoader - Seeing class for first time: net.bytebuddy.matcher.LatentMatcher$Conjunction
2024-11-12 13:43:17,270 INFO  EvoClassLoader - Instrumenting class 'net.bytebuddy.matcher.LatentMatcher$Conjunction'.
2024-11-12 13:43:17,270 INFO  MethodCallReplacementClassAdapter - Adding mock interface to class net/bytebuddy/matcher/LatentMatcher$Conjunction
2024-11-12 13:43:17,270 INFO  CreateClassResetClassAdapter - Creating brand-new static initializer in class net/bytebuddy/matcher/LatentMatcher$Conjunction
2024-11-12 13:43:17,270 INFO  EvoClassLoader - Keeping class: net.bytebuddy.matcher.LatentMatcher$Conjunction
2024-11-12 13:43:17,271 INFO  EvoClassLoader - Seeing class for first time: net.bytebuddy.matcher.LatentMatcher$ForMethodToken
2024-11-12 13:43:17,271 INFO  EvoClassLoader - Instrumenting class 'net.bytebuddy.matcher.LatentMatcher$ForMethodToken'.
2024-11-12 13:43:17,271 INFO  MethodCallReplacementClassAdapter - Adding mock interface to class net/bytebuddy/matcher/LatentMatcher$ForMethodToken
2024-11-12 13:43:17,271 INFO  CreateClassResetClassAdapter - Creating brand-new static initializer in class net/bytebuddy/matcher/LatentMatcher$ForMethodToken
2024-11-12 13:43:17,271 INFO  EvoClassLoader - Keeping class: net.bytebuddy.matcher.LatentMatcher$ForMethodToken
2024-11-12 13:43:17,271 INFO  EvoClassLoader - Seeing class for first time: net.bytebuddy.matcher.LatentMatcher$ForFieldToken
2024-11-12 13:43:17,271 INFO  EvoClassLoader - Instrumenting class 'net.bytebuddy.matcher.LatentMatcher$ForFieldToken'.
2024-11-12 13:43:17,271 INFO  MethodCallReplacementClassAdapter - Adding mock interface to class net/bytebuddy/matcher/LatentMatcher$ForFieldToken
2024-11-12 13:43:17,271 INFO  CreateClassResetClassAdapter - Creating brand-new static initializer in class net/bytebuddy/matcher/LatentMatcher$ForFieldToken
2024-11-12 13:43:17,271 INFO  EvoClassLoader - Keeping class: net.bytebuddy.matcher.LatentMatcher$ForFieldToken
2024-11-12 13:43:17,271 INFO  EvoClassLoader - Seeing class for first time: net.bytebuddy.matcher.MethodParametersMatcher
2024-11-12 13:43:17,271 INFO  EvoClassLoader - Instrumenting class 'net.bytebuddy.matcher.MethodParametersMatcher'.
2024-11-12 13:43:17,271 INFO  MethodCallReplacementClassAdapter - Adding mock interface to class net/bytebuddy/matcher/MethodParametersMatcher
2024-11-12 13:43:17,272 INFO  CreateClassResetClassAdapter - Creating brand-new static initializer in class net/bytebuddy/matcher/MethodParametersMatcher
2024-11-12 13:43:17,272 INFO  EvoClassLoader - Keeping class: net.bytebuddy.matcher.MethodParametersMatcher
2024-11-12 13:43:17,272 INFO  EvoClassLoader - Seeing class for first time: net.bytebuddy.matcher.CollectionSizeMatcher
2024-11-12 13:43:17,272 INFO  EvoClassLoader - Instrumenting class 'net.bytebuddy.matcher.CollectionSizeMatcher'.
2024-11-12 13:43:17,272 INFO  MethodCallReplacementClassAdapter - Adding mock interface to class net/bytebuddy/matcher/CollectionSizeMatcher
2024-11-12 13:43:17,272 INFO  CreateClassResetClassAdapter - Creating brand-new static initializer in class net/bytebuddy/matcher/CollectionSizeMatcher
2024-11-12 13:43:17,272 INFO  EvoClassLoader - Keeping class: net.bytebuddy.matcher.CollectionSizeMatcher
2024-11-12 13:43:17,272 INFO  EvoClassLoader - Seeing class for first time: net.bytebuddy.description.type.TypeList$Generic$OfMethodExceptionTypes
2024-11-12 13:43:17,272 INFO  EvoClassLoader - Instrumenting class 'net.bytebuddy.description.type.TypeList$Generic$OfMethodExceptionTypes'.
2024-11-12 13:43:17,272 INFO  MethodCallReplacementClassAdapter - Adding mock interface to class net/bytebuddy/description/type/TypeList$Generic$OfMethodExceptionTypes
2024-11-12 13:43:17,273 INFO  CreateClassResetClassAdapter - Creating brand-new static initializer in class net/bytebuddy/description/type/TypeList$Generic$OfMethodExceptionTypes
2024-11-12 13:43:17,273 INFO  EvoClassLoader - Keeping class: net.bytebuddy.description.type.TypeList$Generic$OfMethodExceptionTypes
2024-11-12 13:43:17,273 INFO  EvoClassLoader - Seeing class for first time: net.bytebuddy.description.type.TypeList$Generic$OfConstructorExceptionTypes
2024-11-12 13:43:17,273 INFO  EvoClassLoader - Instrumenting class 'net.bytebuddy.description.type.TypeList$Generic$OfConstructorExceptionTypes'.
2024-11-12 13:43:17,273 INFO  MethodCallReplacementClassAdapter - Adding mock interface to class net/bytebuddy/description/type/TypeList$Generic$OfConstructorExceptionTypes
2024-11-12 13:43:17,273 INFO  CreateClassResetClassAdapter - Creating brand-new static initializer in class net/bytebuddy/description/type/TypeList$Generic$OfConstructorExceptionTypes
2024-11-12 13:43:17,273 INFO  EvoClassLoader - Keeping class: net.bytebuddy.description.type.TypeList$Generic$OfConstructorExceptionTypes
2024-11-12 13:43:17,273 INFO  EvoClassLoader - Seeing class for first time: net.bytebuddy.description.type.TypeList$Generic$OfLoadedInterfaceTypes
2024-11-12 13:43:17,273 INFO  EvoClassLoader - Instrumenting class 'net.bytebuddy.description.type.TypeList$Generic$OfLoadedInterfaceTypes'.
2024-11-12 13:43:17,273 INFO  MethodCallReplacementClassAdapter - Adding mock interface to class net/bytebuddy/description/type/TypeList$Generic$OfLoadedInterfaceTypes
2024-11-12 13:43:17,273 INFO  CreateClassResetClassAdapter - Creating brand-new static initializer in class net/bytebuddy/description/type/TypeList$Generic$OfLoadedInterfaceTypes
2024-11-12 13:43:17,273 INFO  EvoClassLoader - Keeping class: net.bytebuddy.description.type.TypeList$Generic$OfLoadedInterfaceTypes
2024-11-12 13:43:17,273 INFO  EvoClassLoader - Seeing class for first time: net.bytebuddy.description.type.TypeList$Generic$ForDetachedTypes
2024-11-12 13:43:17,273 INFO  EvoClassLoader - Instrumenting class 'net.bytebuddy.description.type.TypeList$Generic$ForDetachedTypes'.
2024-11-12 13:43:17,274 INFO  MethodCallReplacementClassAdapter - Adding mock interface to class net/bytebuddy/description/type/TypeList$Generic$ForDetachedTypes
2024-11-12 13:43:17,274 INFO  CreateClassResetClassAdapter - Creating brand-new static initializer in class net/bytebuddy/description/type/TypeList$Generic$ForDetachedTypes
2024-11-12 13:43:17,274 INFO  EvoClassLoader - Keeping class: net.bytebuddy.description.type.TypeList$Generic$ForDetachedTypes
2024-11-12 13:43:17,274 INFO  EvoClassLoader - Seeing class for first time: net.bytebuddy.description.type.TypeList$Generic$ForLoadedTypes
2024-11-12 13:43:17,274 INFO  EvoClassLoader - Instrumenting class 'net.bytebuddy.description.type.TypeList$Generic$ForLoadedTypes'.
2024-11-12 13:43:17,274 INFO  MethodCallReplacementClassAdapter - Adding mock interface to class net/bytebuddy/description/type/TypeList$Generic$ForLoadedTypes
2024-11-12 13:43:17,274 INFO  CreateClassResetClassAdapter - Creating brand-new static initializer in class net/bytebuddy/description/type/TypeList$Generic$ForLoadedTypes
2024-11-12 13:43:17,274 INFO  EvoClassLoader - Keeping class: net.bytebuddy.description.type.TypeList$Generic$ForLoadedTypes
2024-11-12 13:43:17,275 INFO  EvoClassLoader - Seeing class for first time: net.bytebuddy.matcher.ErasureMatcher
2024-11-12 13:43:17,275 INFO  EvoClassLoader - Instrumenting class 'net.bytebuddy.matcher.ErasureMatcher'.
2024-11-12 13:43:17,275 INFO  MethodCallReplacementClassAdapter - Adding mock interface to class net/bytebuddy/matcher/ErasureMatcher
2024-11-12 13:43:17,275 INFO  CreateClassResetClassAdapter - Creating brand-new static initializer in class net/bytebuddy/matcher/ErasureMatcher
2024-11-12 13:43:17,275 INFO  EvoClassLoader - Keeping class: net.bytebuddy.matcher.ErasureMatcher
2024-11-12 13:43:17,275 INFO  EvoClassLoader - Seeing class for first time: net.bytebuddy.matcher.MethodReturnTypeMatcher
2024-11-12 13:43:17,275 INFO  EvoClassLoader - Instrumenting class 'net.bytebuddy.matcher.MethodReturnTypeMatcher'.
2024-11-12 13:43:17,275 INFO  MethodCallReplacementClassAdapter - Adding mock interface to class net/bytebuddy/matcher/MethodReturnTypeMatcher
2024-11-12 13:43:17,275 INFO  CreateClassResetClassAdapter - Creating brand-new static initializer in class net/bytebuddy/matcher/MethodReturnTypeMatcher
2024-11-12 13:43:17,275 INFO  EvoClassLoader - Keeping class: net.bytebuddy.matcher.MethodReturnTypeMatcher
2024-11-12 13:43:17,275 INFO  EvoClassLoader - Seeing class for first time: net.bytebuddy.matcher.DeclaringTypeMatcher
2024-11-12 13:43:17,275 INFO  EvoClassLoader - Instrumenting class 'net.bytebuddy.matcher.DeclaringTypeMatcher'.
2024-11-12 13:43:17,276 INFO  MethodCallReplacementClassAdapter - Adding mock interface to class net/bytebuddy/matcher/DeclaringTypeMatcher
2024-11-12 13:43:17,276 INFO  CreateClassResetClassAdapter - Creating brand-new static initializer in class net/bytebuddy/matcher/DeclaringTypeMatcher
2024-11-12 13:43:17,276 INFO  EvoClassLoader - Keeping class: net.bytebuddy.matcher.DeclaringTypeMatcher
2024-11-12 13:43:17,276 INFO  EvoClassLoader - Seeing class for first time: org.mockito.internal.creation.bytebuddy.ModuleHandler
2024-11-12 13:43:17,276 INFO  EvoClassLoader - Instrumenting class 'org.mockito.internal.creation.bytebuddy.ModuleHandler'.
2024-11-12 13:43:17,276 INFO  MethodCallReplacementClassAdapter - Adding mock interface to class org/mockito/internal/creation/bytebuddy/ModuleHandler
2024-11-12 13:43:17,276 INFO  CreateClassResetClassAdapter - Creating brand-new static initializer in class org/mockito/internal/creation/bytebuddy/ModuleHandler
2024-11-12 13:43:17,276 INFO  EvoClassLoader - Keeping class: org.mockito.internal.creation.bytebuddy.ModuleHandler
2024-11-12 13:43:17,276 INFO  EvoClassLoader - Seeing class for first time: org.mockito.internal.creation.bytebuddy.ModuleHandler$ModuleSystemFound
2024-11-12 13:43:17,276 INFO  EvoClassLoader - Instrumenting class 'org.mockito.internal.creation.bytebuddy.ModuleHandler$ModuleSystemFound'.
2024-11-12 13:43:17,277 INFO  MethodCallReplacementClassAdapter - Adding mock interface to class org/mockito/internal/creation/bytebuddy/ModuleHandler$ModuleSystemFound
2024-11-12 13:43:17,278 INFO  CreateClassResetClassAdapter - Creating brand-new static initializer in class org/mockito/internal/creation/bytebuddy/ModuleHandler$ModuleSystemFound
2024-11-12 13:43:17,278 INFO  EvoClassLoader - Keeping class: org.mockito.internal.creation.bytebuddy.ModuleHandler$ModuleSystemFound
2024-11-12 13:43:17,278 INFO  EvoClassLoader - Seeing class for first time: org.mockito.internal.creation.bytebuddy.ModuleHandler$NoModuleSystemFound
2024-11-12 13:43:17,278 INFO  EvoClassLoader - Instrumenting class 'org.mockito.internal.creation.bytebuddy.ModuleHandler$NoModuleSystemFound'.
2024-11-12 13:43:17,279 INFO  MethodCallReplacementClassAdapter - Adding mock interface to class org/mockito/internal/creation/bytebuddy/ModuleHandler$NoModuleSystemFound
2024-11-12 13:43:17,279 INFO  CreateClassResetClassAdapter - Creating brand-new static initializer in class org/mockito/internal/creation/bytebuddy/ModuleHandler$NoModuleSystemFound
2024-11-12 13:43:17,279 INFO  EvoClassLoader - Keeping class: org.mockito.internal.creation.bytebuddy.ModuleHandler$NoModuleSystemFound
2024-11-12 13:43:17,279 INFO  EvoClassLoader - Seeing class for first time: net.bytebuddy.TypeCache$SimpleKey
2024-11-12 13:43:17,279 INFO  EvoClassLoader - Instrumenting class 'net.bytebuddy.TypeCache$SimpleKey'.
2024-11-12 13:43:17,280 INFO  MethodCallReplacementClassAdapter - Adding mock interface to class net/bytebuddy/TypeCache$SimpleKey
2024-11-12 13:43:17,280 INFO  CreateClassResetClassAdapter - Creating brand-new static initializer in class net/bytebuddy/TypeCache$SimpleKey
2024-11-12 13:43:17,280 INFO  EvoClassLoader - Keeping class: net.bytebuddy.TypeCache$SimpleKey
2024-11-12 13:43:17,280 INFO  EvoClassLoader - Seeing class for first time: net.bytebuddy.TypeCache$Sort
2024-11-12 13:43:17,280 INFO  EvoClassLoader - Instrumenting class 'net.bytebuddy.TypeCache$Sort'.
2024-11-12 13:43:17,280 INFO  MethodCallReplacementClassAdapter - Adding mock interface to class net/bytebuddy/TypeCache$Sort
2024-11-12 13:43:17,280 INFO  CreateClassResetClassAdapter - Found static initializer in class net/bytebuddy/TypeCache$Sort
2024-11-12 13:43:17,280 INFO  EvoClassLoader - Keeping class: net.bytebuddy.TypeCache$Sort
2024-11-12 13:43:17,280 INFO  EvoClassLoader - Seeing class for first time: net.bytebuddy.TypeCache$StorageKey
2024-11-12 13:43:17,280 INFO  EvoClassLoader - Instrumenting class 'net.bytebuddy.TypeCache$StorageKey'.
2024-11-12 13:43:17,280 INFO  MethodCallReplacementClassAdapter - Adding mock interface to class net/bytebuddy/TypeCache$StorageKey
2024-11-12 13:43:17,280 INFO  CreateClassResetClassAdapter - Creating brand-new static initializer in class net/bytebuddy/TypeCache$StorageKey
2024-11-12 13:43:17,280 INFO  EvoClassLoader - Keeping class: net.bytebuddy.TypeCache$StorageKey
2024-11-12 13:43:17,280 INFO  EvoClassLoader - Seeing class for first time: net.bytebuddy.TypeCache$LookupKey
2024-11-12 13:43:17,280 INFO  EvoClassLoader - Instrumenting class 'net.bytebuddy.TypeCache$LookupKey'.
2024-11-12 13:43:17,281 INFO  MethodCallReplacementClassAdapter - Adding mock interface to class net/bytebuddy/TypeCache$LookupKey
2024-11-12 13:43:17,281 INFO  CreateClassResetClassAdapter - Creating brand-new static initializer in class net/bytebuddy/TypeCache$LookupKey
2024-11-12 13:43:17,281 INFO  EvoClassLoader - Keeping class: net.bytebuddy.TypeCache$LookupKey
2024-11-12 13:43:17,281 INFO  EvoClassLoader - Seeing class for first time: net.bytebuddy.TypeCache$Sort$1
2024-11-12 13:43:17,281 INFO  EvoClassLoader - Instrumenting class 'net.bytebuddy.TypeCache$Sort$1'.
2024-11-12 13:43:17,281 INFO  MethodCallReplacementClassAdapter - Adding mock interface to class net/bytebuddy/TypeCache$Sort$1
2024-11-12 13:43:17,281 INFO  EvoClassLoader - Keeping class: net.bytebuddy.TypeCache$Sort$1
2024-11-12 13:43:17,281 INFO  EvoClassLoader - Seeing class for first time: net.bytebuddy.TypeCache$Sort$2
2024-11-12 13:43:17,281 INFO  EvoClassLoader - Instrumenting class 'net.bytebuddy.TypeCache$Sort$2'.
2024-11-12 13:43:17,281 INFO  MethodCallReplacementClassAdapter - Adding mock interface to class net/bytebuddy/TypeCache$Sort$2
2024-11-12 13:43:17,281 INFO  EvoClassLoader - Keeping class: net.bytebuddy.TypeCache$Sort$2
2024-11-12 13:43:17,282 INFO  EvoClassLoader - Seeing class for first time: org.mockito.internal.exceptions.stacktrace.DefaultStackTraceCleanerProvider
2024-11-12 13:43:17,282 INFO  EvoClassLoader - Instrumenting class 'org.mockito.internal.exceptions.stacktrace.DefaultStackTraceCleanerProvider'.
2024-11-12 13:43:17,282 INFO  MethodCallReplacementClassAdapter - Adding mock interface to class org/mockito/internal/exceptions/stacktrace/DefaultStackTraceCleanerProvider
2024-11-12 13:43:17,282 INFO  CreateClassResetClassAdapter - Creating brand-new static initializer in class org/mockito/internal/exceptions/stacktrace/DefaultStackTraceCleanerProvider
2024-11-12 13:43:17,282 INFO  EvoClassLoader - Defined package (3): package org.mockito.internal.exceptions.stacktrace, 1054137684
2024-11-12 13:43:17,282 INFO  EvoClassLoader - Keeping class: org.mockito.internal.exceptions.stacktrace.DefaultStackTraceCleanerProvider
2024-11-12 13:43:17,282 INFO  EvoClassLoader - Seeing class for first time: org.mockito.exceptions.stacktrace.StackTraceCleaner
2024-11-12 13:43:17,282 INFO  EvoClassLoader - Instrumenting class 'org.mockito.exceptions.stacktrace.StackTraceCleaner'.
2024-11-12 13:43:17,282 INFO  EvoClassLoader - Defined package (3): package org.mockito.exceptions.stacktrace, -1970331575
2024-11-12 13:43:17,283 INFO  EvoClassLoader - Keeping class: org.mockito.exceptions.stacktrace.StackTraceCleaner
2024-11-12 13:43:17,283 INFO  EvoClassLoader - Seeing class for first time: org.mockito.internal.configuration.InjectingAnnotationEngine
2024-11-12 13:43:17,283 INFO  EvoClassLoader - Instrumenting class 'org.mockito.internal.configuration.InjectingAnnotationEngine'.
2024-11-12 13:43:17,283 INFO  MethodCallReplacementClassAdapter - Adding mock interface to class org/mockito/internal/configuration/InjectingAnnotationEngine
2024-11-12 13:43:17,283 INFO  CreateClassResetClassAdapter - Creating brand-new static initializer in class org/mockito/internal/configuration/InjectingAnnotationEngine
2024-11-12 13:43:17,283 INFO  EvoClassLoader - Defined package (3): package org.mockito.internal.configuration, -292859549
2024-11-12 13:43:17,283 INFO  EvoClassLoader - Seeing class for first time: org.mockito.configuration.AnnotationEngine
2024-11-12 13:43:17,283 INFO  EvoClassLoader - Instrumenting class 'org.mockito.configuration.AnnotationEngine'.
2024-11-12 13:43:17,283 INFO  EvoClassLoader - Defined package (3): package org.mockito.configuration, 1488869720
2024-11-12 13:43:17,283 INFO  EvoClassLoader - Keeping class: org.mockito.configuration.AnnotationEngine
2024-11-12 13:43:17,283 INFO  EvoClassLoader - Keeping class: org.mockito.internal.configuration.InjectingAnnotationEngine
2024-11-12 13:43:17,283 INFO  EvoClassLoader - Seeing class for first time: org.mockito.internal.configuration.IndependentAnnotationEngine
2024-11-12 13:43:17,283 INFO  EvoClassLoader - Instrumenting class 'org.mockito.internal.configuration.IndependentAnnotationEngine'.
2024-11-12 13:43:17,284 INFO  MethodCallReplacementClassAdapter - Adding mock interface to class org/mockito/internal/configuration/IndependentAnnotationEngine
2024-11-12 13:43:17,284 INFO  CreateClassResetClassAdapter - Creating brand-new static initializer in class org/mockito/internal/configuration/IndependentAnnotationEngine
2024-11-12 13:43:17,284 INFO  EvoClassLoader - Keeping class: org.mockito.internal.configuration.IndependentAnnotationEngine
2024-11-12 13:43:17,284 INFO  EvoClassLoader - Seeing class for first time: org.mockito.internal.configuration.FieldAnnotationProcessor
2024-11-12 13:43:17,284 INFO  EvoClassLoader - Instrumenting class 'org.mockito.internal.configuration.FieldAnnotationProcessor'.
2024-11-12 13:43:17,285 INFO  EvoClassLoader - Keeping class: org.mockito.internal.configuration.FieldAnnotationProcessor
2024-11-12 13:43:17,285 INFO  EvoClassLoader - Seeing class for first time: org.mockito.internal.configuration.MockAnnotationProcessor
2024-11-12 13:43:17,285 INFO  EvoClassLoader - Instrumenting class 'org.mockito.internal.configuration.MockAnnotationProcessor'.
2024-11-12 13:43:17,285 INFO  MethodCallReplacementClassAdapter - Adding mock interface to class org/mockito/internal/configuration/MockAnnotationProcessor
2024-11-12 13:43:17,285 INFO  CreateClassResetClassAdapter - Creating brand-new static initializer in class org/mockito/internal/configuration/MockAnnotationProcessor
2024-11-12 13:43:17,285 INFO  EvoClassLoader - Keeping class: org.mockito.internal.configuration.MockAnnotationProcessor
2024-11-12 13:43:17,285 INFO  EvoClassLoader - Seeing class for first time: org.mockito.Mock
2024-11-12 13:43:17,285 INFO  EvoClassLoader - Instrumenting class 'org.mockito.Mock'.
2024-11-12 13:43:17,285 INFO  EvoClassLoader - Keeping class: org.mockito.Mock
2024-11-12 13:43:17,285 INFO  EvoClassLoader - Seeing class for first time: org.mockito.internal.configuration.CaptorAnnotationProcessor
2024-11-12 13:43:17,285 INFO  EvoClassLoader - Instrumenting class 'org.mockito.internal.configuration.CaptorAnnotationProcessor'.
2024-11-12 13:43:17,285 INFO  MethodCallReplacementClassAdapter - Adding mock interface to class org/mockito/internal/configuration/CaptorAnnotationProcessor
2024-11-12 13:43:17,286 INFO  CreateClassResetClassAdapter - Creating brand-new static initializer in class org/mockito/internal/configuration/CaptorAnnotationProcessor
2024-11-12 13:43:17,286 INFO  EvoClassLoader - Keeping class: org.mockito.internal.configuration.CaptorAnnotationProcessor
2024-11-12 13:43:17,286 INFO  EvoClassLoader - Seeing class for first time: org.mockito.Captor
2024-11-12 13:43:17,286 INFO  EvoClassLoader - Instrumenting class 'org.mockito.Captor'.
2024-11-12 13:43:17,286 INFO  EvoClassLoader - Keeping class: org.mockito.Captor
2024-11-12 13:43:17,286 INFO  EvoClassLoader - Seeing class for first time: org.mockito.internal.configuration.SpyAnnotationEngine
2024-11-12 13:43:17,286 INFO  EvoClassLoader - Instrumenting class 'org.mockito.internal.configuration.SpyAnnotationEngine'.
2024-11-12 13:43:17,286 INFO  MethodCallReplacementClassAdapter - Adding mock interface to class org/mockito/internal/configuration/SpyAnnotationEngine
2024-11-12 13:43:17,286 INFO  CreateClassResetClassAdapter - Creating brand-new static initializer in class org/mockito/internal/configuration/SpyAnnotationEngine
2024-11-12 13:43:17,287 INFO  EvoClassLoader - Keeping class: org.mockito.internal.configuration.SpyAnnotationEngine
2024-11-12 13:43:17,287 INFO  EvoClassLoader - Seeing class for first time: org.mockito.internal.util.ConsoleMockitoLogger
2024-11-12 13:43:17,287 INFO  EvoClassLoader - Instrumenting class 'org.mockito.internal.util.ConsoleMockitoLogger'.
2024-11-12 13:43:17,287 INFO  MethodCallReplacementClassAdapter - Adding mock interface to class org/mockito/internal/util/ConsoleMockitoLogger
2024-11-12 13:43:17,287 INFO  CreateClassResetClassAdapter - Creating brand-new static initializer in class org/mockito/internal/util/ConsoleMockitoLogger
2024-11-12 13:43:17,287 INFO  EvoClassLoader - Keeping class: org.mockito.internal.util.ConsoleMockitoLogger
2024-11-12 13:43:17,287 INFO  EvoClassLoader - Seeing class for first time: org.mockito.internal.creation.instance.ObjenesisInstantiator
2024-11-12 13:43:17,287 INFO  EvoClassLoader - Instrumenting class 'org.mockito.internal.creation.instance.ObjenesisInstantiator'.
2024-11-12 13:43:17,287 INFO  MethodCallReplacementClassAdapter - Adding mock interface to class org/mockito/internal/creation/instance/ObjenesisInstantiator
2024-11-12 13:43:17,287 INFO  CreateClassResetClassAdapter - Creating brand-new static initializer in class org/mockito/internal/creation/instance/ObjenesisInstantiator
2024-11-12 13:43:17,287 INFO  EvoClassLoader - Defined package (3): package org.mockito.internal.creation.instance, 1319125169
2024-11-12 13:43:17,288 INFO  EvoClassLoader - Seeing class for first time: org.mockito.creation.instance.Instantiator
2024-11-12 13:43:17,288 INFO  EvoClassLoader - Instrumenting class 'org.mockito.creation.instance.Instantiator'.
2024-11-12 13:43:17,288 INFO  EvoClassLoader - Keeping class: org.mockito.creation.instance.Instantiator
2024-11-12 13:43:17,288 INFO  EvoClassLoader - Keeping class: org.mockito.internal.creation.instance.ObjenesisInstantiator
2024-11-12 13:43:17,288 INFO  EvoClassLoader - Seeing class for first time: org.objenesis.ObjenesisBase
2024-11-12 13:43:17,288 INFO  EvoClassLoader - Instrumenting class 'org.objenesis.ObjenesisBase'.
2024-11-12 13:43:17,288 INFO  MethodCallReplacementClassAdapter - Adding mock interface to class org/objenesis/ObjenesisBase
2024-11-12 13:43:17,289 INFO  CreateClassResetClassAdapter - Creating brand-new static initializer in class org/objenesis/ObjenesisBase
2024-11-12 13:43:17,289 INFO  EvoClassLoader - Defined package (3): package org.objenesis, 1290585006
2024-11-12 13:43:17,289 INFO  EvoClassLoader - Seeing class for first time: org.objenesis.Objenesis
2024-11-12 13:43:17,289 INFO  EvoClassLoader - Instrumenting class 'org.objenesis.Objenesis'.
2024-11-12 13:43:17,289 INFO  EvoClassLoader - Keeping class: org.objenesis.Objenesis
2024-11-12 13:43:17,289 INFO  EvoClassLoader - Keeping class: org.objenesis.ObjenesisBase
2024-11-12 13:43:17,289 INFO  EvoClassLoader - Seeing class for first time: org.objenesis.instantiator.ObjectInstantiator
2024-11-12 13:43:17,289 INFO  EvoClassLoader - Instrumenting class 'org.objenesis.instantiator.ObjectInstantiator'.
2024-11-12 13:43:17,289 INFO  EvoClassLoader - Defined package (3): package org.objenesis.instantiator, 1421553214
2024-11-12 13:43:17,289 INFO  EvoClassLoader - Keeping class: org.objenesis.instantiator.ObjectInstantiator
2024-11-12 13:43:17,289 INFO  EvoClassLoader - Seeing class for first time: org.objenesis.ObjenesisStd
2024-11-12 13:43:17,289 INFO  EvoClassLoader - Instrumenting class 'org.objenesis.ObjenesisStd'.
2024-11-12 13:43:17,290 INFO  MethodCallReplacementClassAdapter - Adding mock interface to class org/objenesis/ObjenesisStd
2024-11-12 13:43:17,290 INFO  CreateClassResetClassAdapter - Creating brand-new static initializer in class org/objenesis/ObjenesisStd
2024-11-12 13:43:17,290 INFO  EvoClassLoader - Keeping class: org.objenesis.ObjenesisStd
2024-11-12 13:43:17,290 INFO  EvoClassLoader - Seeing class for first time: org.objenesis.strategy.InstantiatorStrategy
2024-11-12 13:43:17,290 INFO  EvoClassLoader - Instrumenting class 'org.objenesis.strategy.InstantiatorStrategy'.
2024-11-12 13:43:17,290 INFO  EvoClassLoader - Defined package (3): package org.objenesis.strategy, -2038098509
2024-11-12 13:43:17,290 INFO  EvoClassLoader - Keeping class: org.objenesis.strategy.InstantiatorStrategy
2024-11-12 13:43:17,290 INFO  EvoClassLoader - Seeing class for first time: org.mockito.internal.configuration.GlobalConfiguration
2024-11-12 13:43:17,290 INFO  EvoClassLoader - Instrumenting class 'org.mockito.internal.configuration.GlobalConfiguration'.
2024-11-12 13:43:17,290 INFO  MethodCallReplacementClassAdapter - Adding mock interface to class org/mockito/internal/configuration/GlobalConfiguration
2024-11-12 13:43:17,290 INFO  CreateClassResetClassAdapter - Found static initializer in class org/mockito/internal/configuration/GlobalConfiguration
2024-11-12 13:43:17,290 INFO  EvoClassLoader - Seeing class for first time: org.mockito.configuration.IMockitoConfiguration
2024-11-12 13:43:17,290 INFO  EvoClassLoader - Instrumenting class 'org.mockito.configuration.IMockitoConfiguration'.
2024-11-12 13:43:17,291 INFO  EvoClassLoader - Keeping class: org.mockito.configuration.IMockitoConfiguration
2024-11-12 13:43:17,291 INFO  EvoClassLoader - Keeping class: org.mockito.internal.configuration.GlobalConfiguration
2024-11-12 13:43:17,291 INFO  EvoClassLoader - Seeing class for first time: org.mockito.configuration.DefaultMockitoConfiguration
2024-11-12 13:43:17,291 INFO  EvoClassLoader - Instrumenting class 'org.mockito.configuration.DefaultMockitoConfiguration'.
2024-11-12 13:43:17,291 INFO  MethodCallReplacementClassAdapter - Adding mock interface to class org/mockito/configuration/DefaultMockitoConfiguration
2024-11-12 13:43:17,291 INFO  CreateClassResetClassAdapter - Creating brand-new static initializer in class org/mockito/configuration/DefaultMockitoConfiguration
2024-11-12 13:43:17,291 INFO  EvoClassLoader - Keeping class: org.mockito.configuration.DefaultMockitoConfiguration
2024-11-12 13:43:17,291 INFO  EvoClassLoader - Seeing class for first time: org.mockito.internal.configuration.ClassPathLoader
2024-11-12 13:43:17,291 INFO  EvoClassLoader - Instrumenting class 'org.mockito.internal.configuration.ClassPathLoader'.
2024-11-12 13:43:17,291 INFO  MethodCallReplacementClassAdapter - Adding mock interface to class org/mockito/internal/configuration/ClassPathLoader
2024-11-12 13:43:17,291 INFO  CreateClassResetClassAdapter - Creating brand-new static initializer in class org/mockito/internal/configuration/ClassPathLoader
2024-11-12 13:43:17,291 INFO  CreateClassResetClassAdapter - Adding bytecode for initializing field MOCKITO_CONFIGURATION_CLASS_NAME
2024-11-12 13:43:17,291 INFO  EvoClassLoader - Keeping class: org.mockito.internal.configuration.ClassPathLoader
2024-11-12 13:43:17,292 INFO  EvoClassLoader - Seeing class for first time: org.mockito.exceptions.misusing.MockitoConfigurationException
2024-11-12 13:43:17,292 INFO  EvoClassLoader - Instrumenting class 'org.mockito.exceptions.misusing.MockitoConfigurationException'.
2024-11-12 13:43:17,292 INFO  MethodCallReplacementClassAdapter - Adding mock interface to class org/mockito/exceptions/misusing/MockitoConfigurationException
2024-11-12 13:43:17,292 INFO  CreateClassResetClassAdapter - Creating brand-new static initializer in class org/mockito/exceptions/misusing/MockitoConfigurationException
2024-11-12 13:43:17,292 INFO  EvoClassLoader - Keeping class: org.mockito.exceptions.misusing.MockitoConfigurationException
2024-11-12 13:43:17,292 INFO  EvoClassLoader - Seeing class for first time: org.objenesis.strategy.BaseInstantiatorStrategy
2024-11-12 13:43:17,292 INFO  EvoClassLoader - Instrumenting class 'org.objenesis.strategy.BaseInstantiatorStrategy'.
2024-11-12 13:43:17,292 INFO  MethodCallReplacementClassAdapter - Adding mock interface to class org/objenesis/strategy/BaseInstantiatorStrategy
2024-11-12 13:43:17,292 INFO  CreateClassResetClassAdapter - Creating brand-new static initializer in class org/objenesis/strategy/BaseInstantiatorStrategy
2024-11-12 13:43:17,292 INFO  EvoClassLoader - Keeping class: org.objenesis.strategy.BaseInstantiatorStrategy
2024-11-12 13:43:17,292 INFO  EvoClassLoader - Seeing class for first time: org.objenesis.strategy.StdInstantiatorStrategy
2024-11-12 13:43:17,292 INFO  EvoClassLoader - Instrumenting class 'org.objenesis.strategy.StdInstantiatorStrategy'.
2024-11-12 13:43:17,292 INFO  MethodCallReplacementClassAdapter - Adding mock interface to class org/objenesis/strategy/StdInstantiatorStrategy
2024-11-12 13:43:17,292 INFO  CreateClassResetClassAdapter - Creating brand-new static initializer in class org/objenesis/strategy/StdInstantiatorStrategy
2024-11-12 13:43:17,293 INFO  EvoClassLoader - Keeping class: org.objenesis.strategy.StdInstantiatorStrategy
2024-11-12 13:43:17,293 INFO  EvoClassLoader - Seeing class for first time: org.mockito.internal.creation.instance.DefaultInstantiatorProvider
2024-11-12 13:43:17,293 INFO  EvoClassLoader - Instrumenting class 'org.mockito.internal.creation.instance.DefaultInstantiatorProvider'.
2024-11-12 13:43:17,293 INFO  MethodCallReplacementClassAdapter - Adding mock interface to class org/mockito/internal/creation/instance/DefaultInstantiatorProvider
2024-11-12 13:43:17,293 INFO  CreateClassResetClassAdapter - Found static initializer in class org/mockito/internal/creation/instance/DefaultInstantiatorProvider
2024-11-12 13:43:17,294 INFO  EvoClassLoader - Keeping class: org.mockito.internal.creation.instance.DefaultInstantiatorProvider
2024-11-12 13:43:17,294 INFO  EvoClassLoader - Seeing class for first time: org.mockito.configuration.MockitoConfiguration
2024-11-12 13:43:17,294 INFO  EvoClassLoader - Instrumenting class 'org.mockito.configuration.MockitoConfiguration'.
2024-11-12 13:43:17,294 INFO  EvoClassLoader - Error while loading class: java.lang.ClassNotFoundException: Class 'org/mockito/configuration/MockitoConfiguration.class' should be in target project, but could not be found!
2024-11-12 13:43:17,294 INFO  EvoClassLoader - Seeing class for first time: org.mockito.internal.configuration.plugins.Plugins
2024-11-12 13:43:17,294 INFO  EvoClassLoader - Instrumenting class 'org.mockito.internal.configuration.plugins.Plugins'.
2024-11-12 13:43:17,295 INFO  MethodCallReplacementClassAdapter - Adding mock interface to class org/mockito/internal/configuration/plugins/Plugins
2024-11-12 13:43:17,295 INFO  CreateClassResetClassAdapter - Found static initializer in class org/mockito/internal/configuration/plugins/Plugins
2024-11-12 13:43:17,295 INFO  EvoClassLoader - Keeping class: org.mockito.internal.configuration.plugins.Plugins
2024-11-12 13:43:17,296 INFO  EvoClassLoader - Seeing class for first time: org.mockito.plugins.InstantiatorProvider
2024-11-12 13:43:17,296 INFO  EvoClassLoader - Instrumenting class 'org.mockito.plugins.InstantiatorProvider'.
2024-11-12 13:43:17,296 INFO  EvoClassLoader - Keeping class: org.mockito.plugins.InstantiatorProvider
2024-11-12 13:43:17,297 INFO  EvoClassLoader - Seeing class for first time: org.mockito.internal.creation.bytebuddy.MockMethodInterceptor$DispatcherDefaultingToRealMethod
2024-11-12 13:43:17,297 INFO  EvoClassLoader - Instrumenting class 'org.mockito.internal.creation.bytebuddy.MockMethodInterceptor$DispatcherDefaultingToRealMethod'.
2024-11-12 13:43:17,297 INFO  MethodCallReplacementClassAdapter - Adding mock interface to class org/mockito/internal/creation/bytebuddy/MockMethodInterceptor$DispatcherDefaultingToRealMethod
2024-11-12 13:43:17,298 INFO  CreateClassResetClassAdapter - Creating brand-new static initializer in class org/mockito/internal/creation/bytebuddy/MockMethodInterceptor$DispatcherDefaultingToRealMethod
2024-11-12 13:43:17,298 INFO  EvoClassLoader - Keeping class: org.mockito.internal.creation.bytebuddy.MockMethodInterceptor$DispatcherDefaultingToRealMethod
2024-11-12 13:43:17,298 INFO  EvoClassLoader - Seeing class for first time: net.bytebuddy.implementation.bind.MethodDelegationBinder$AmbiguityResolver$NoOp
2024-11-12 13:43:17,298 INFO  EvoClassLoader - Instrumenting class 'net.bytebuddy.implementation.bind.MethodDelegationBinder$AmbiguityResolver$NoOp'.
2024-11-12 13:43:17,298 INFO  MethodCallReplacementClassAdapter - Adding mock interface to class net/bytebuddy/implementation/bind/MethodDelegationBinder$AmbiguityResolver$NoOp
2024-11-12 13:43:17,298 INFO  CreateClassResetClassAdapter - Found static initializer in class net/bytebuddy/implementation/bind/MethodDelegationBinder$AmbiguityResolver$NoOp
2024-11-12 13:43:17,299 INFO  EvoClassLoader - Keeping class: net.bytebuddy.implementation.bind.MethodDelegationBinder$AmbiguityResolver$NoOp
2024-11-12 13:43:17,299 INFO  EvoClassLoader - Seeing class for first time: org.mockito.internal.invocation.RealMethod
2024-11-12 13:43:17,299 INFO  EvoClassLoader - Instrumenting class 'org.mockito.internal.invocation.RealMethod'.
2024-11-12 13:43:17,300 INFO  EvoClassLoader - Keeping class: org.mockito.internal.invocation.RealMethod
2024-11-12 13:43:17,300 INFO  EvoClassLoader - Seeing class for first time: org.mockito.internal.creation.bytebuddy.MockMethodInterceptor
2024-11-12 13:43:17,300 INFO  EvoClassLoader - Instrumenting class 'org.mockito.internal.creation.bytebuddy.MockMethodInterceptor'.
2024-11-12 13:43:17,301 INFO  MethodCallReplacementClassAdapter - Adding mock interface to class org/mockito/internal/creation/bytebuddy/MockMethodInterceptor
2024-11-12 13:43:17,301 INFO  CreateClassResetClassAdapter - Creating brand-new static initializer in class org/mockito/internal/creation/bytebuddy/MockMethodInterceptor
2024-11-12 13:43:17,301 INFO  EvoClassLoader - Keeping class: org.mockito.internal.creation.bytebuddy.MockMethodInterceptor
2024-11-12 13:43:17,309 INFO  EvoClassLoader - Seeing class for first time: org.mockito.internal.creation.bytebuddy.MockMethodInterceptor$ForHashCode
2024-11-12 13:43:17,309 INFO  EvoClassLoader - Instrumenting class 'org.mockito.internal.creation.bytebuddy.MockMethodInterceptor$ForHashCode'.
2024-11-12 13:43:17,309 INFO  MethodCallReplacementClassAdapter - Adding mock interface to class org/mockito/internal/creation/bytebuddy/MockMethodInterceptor$ForHashCode
2024-11-12 13:43:17,309 INFO  CreateClassResetClassAdapter - Creating brand-new static initializer in class org/mockito/internal/creation/bytebuddy/MockMethodInterceptor$ForHashCode
2024-11-12 13:43:17,309 INFO  EvoClassLoader - Keeping class: org.mockito.internal.creation.bytebuddy.MockMethodInterceptor$ForHashCode
2024-11-12 13:43:17,310 INFO  EvoClassLoader - Seeing class for first time: org.mockito.internal.creation.bytebuddy.MockMethodInterceptor$ForEquals
2024-11-12 13:43:17,310 INFO  EvoClassLoader - Instrumenting class 'org.mockito.internal.creation.bytebuddy.MockMethodInterceptor$ForEquals'.
2024-11-12 13:43:17,310 INFO  MethodCallReplacementClassAdapter - Adding mock interface to class org/mockito/internal/creation/bytebuddy/MockMethodInterceptor$ForEquals
2024-11-12 13:43:17,310 INFO  CreateClassResetClassAdapter - Creating brand-new static initializer in class org/mockito/internal/creation/bytebuddy/MockMethodInterceptor$ForEquals
2024-11-12 13:43:17,310 INFO  EvoClassLoader - Keeping class: org.mockito.internal.creation.bytebuddy.MockMethodInterceptor$ForEquals
2024-11-12 13:43:17,311 INFO  EvoClassLoader - Seeing class for first time: org.mockito.internal.creation.bytebuddy.MockMethodInterceptor$ForWriteReplace
2024-11-12 13:43:17,311 INFO  EvoClassLoader - Instrumenting class 'org.mockito.internal.creation.bytebuddy.MockMethodInterceptor$ForWriteReplace'.
2024-11-12 13:43:17,311 INFO  MethodCallReplacementClassAdapter - Adding mock interface to class org/mockito/internal/creation/bytebuddy/MockMethodInterceptor$ForWriteReplace
2024-11-12 13:43:17,311 INFO  CreateClassResetClassAdapter - Creating brand-new static initializer in class org/mockito/internal/creation/bytebuddy/MockMethodInterceptor$ForWriteReplace
2024-11-12 13:43:17,311 INFO  EvoClassLoader - Keeping class: org.mockito.internal.creation.bytebuddy.MockMethodInterceptor$ForWriteReplace
2024-11-12 13:43:17,312 INFO  EvoClassLoader - Seeing class for first time: org.mockito.internal.creation.bytebuddy.MockAccess
2024-11-12 13:43:17,312 INFO  EvoClassLoader - Instrumenting class 'org.mockito.internal.creation.bytebuddy.MockAccess'.
2024-11-12 13:43:17,312 INFO  EvoClassLoader - Keeping class: org.mockito.internal.creation.bytebuddy.MockAccess
2024-11-12 13:43:17,316 INFO  EvoClassLoader - Seeing class for first time: org.mockito.internal.util.MockUtil
2024-11-12 13:43:17,316 INFO  EvoClassLoader - Instrumenting class 'org.mockito.internal.util.MockUtil'.
2024-11-12 13:43:17,316 INFO  MethodCallReplacementClassAdapter - Adding mock interface to class org/mockito/internal/util/MockUtil
2024-11-12 13:43:17,316 INFO  CreateClassResetClassAdapter - Found static initializer in class org/mockito/internal/util/MockUtil
2024-11-12 13:43:17,318 INFO  EvoClassLoader - Keeping class: org.mockito.internal.util.MockUtil
2024-11-12 13:43:17,318 INFO  EvoClassLoader - Seeing class for first time: org.mockito.internal.creation.bytebuddy.SubclassByteBuddyMockMaker$1
2024-11-12 13:43:17,318 INFO  EvoClassLoader - Instrumenting class 'org.mockito.internal.creation.bytebuddy.SubclassByteBuddyMockMaker$1'.
2024-11-12 13:43:17,319 INFO  MethodCallReplacementClassAdapter - Adding mock interface to class org/mockito/internal/creation/bytebuddy/SubclassByteBuddyMockMaker$1
2024-11-12 13:43:17,319 INFO  EvoClassLoader - Keeping class: org.mockito.internal.creation.bytebuddy.SubclassByteBuddyMockMaker$1
2024-11-12 13:43:17,319 INFO  EvoClassLoader - Seeing class for first time: org.mockito.internal.util.MockNameImpl
2024-11-12 13:43:17,319 INFO  EvoClassLoader - Instrumenting class 'org.mockito.internal.util.MockNameImpl'.
2024-11-12 13:43:17,320 INFO  MethodCallReplacementClassAdapter - Adding mock interface to class org/mockito/internal/util/MockNameImpl
2024-11-12 13:43:17,320 INFO  CreateClassResetClassAdapter - Creating brand-new static initializer in class org/mockito/internal/util/MockNameImpl
2024-11-12 13:43:17,320 INFO  EvoClassLoader - Keeping class: org.mockito.internal.util.MockNameImpl
2024-11-12 13:43:17,320 INFO  EvoClassLoader - Seeing class for first time: org.mockito.internal.handler.MockHandlerFactory
2024-11-12 13:43:17,320 INFO  EvoClassLoader - Instrumenting class 'org.mockito.internal.handler.MockHandlerFactory'.
2024-11-12 13:43:17,321 INFO  MethodCallReplacementClassAdapter - Adding mock interface to class org/mockito/internal/handler/MockHandlerFactory
2024-11-12 13:43:17,321 INFO  CreateClassResetClassAdapter - Creating brand-new static initializer in class org/mockito/internal/handler/MockHandlerFactory
2024-11-12 13:43:17,321 INFO  EvoClassLoader - Defined package (3): package org.mockito.internal.handler, 153635191
2024-11-12 13:43:17,321 INFO  EvoClassLoader - Keeping class: org.mockito.internal.handler.MockHandlerFactory
2024-11-12 13:43:17,321 INFO  EvoClassLoader - Seeing class for first time: org.mockito.internal.handler.MockHandlerImpl
2024-11-12 13:43:17,321 INFO  EvoClassLoader - Instrumenting class 'org.mockito.internal.handler.MockHandlerImpl'.
2024-11-12 13:43:17,321 INFO  MethodCallReplacementClassAdapter - Adding mock interface to class org/mockito/internal/handler/MockHandlerImpl
2024-11-12 13:43:17,321 INFO  CreateClassResetClassAdapter - Creating brand-new static initializer in class org/mockito/internal/handler/MockHandlerImpl
2024-11-12 13:43:17,322 INFO  EvoClassLoader - Keeping class: org.mockito.internal.handler.MockHandlerImpl
2024-11-12 13:43:17,322 INFO  EvoClassLoader - Seeing class for first time: org.mockito.internal.invocation.MatchersBinder
2024-11-12 13:43:17,322 INFO  EvoClassLoader - Instrumenting class 'org.mockito.internal.invocation.MatchersBinder'.
2024-11-12 13:43:17,322 INFO  MethodCallReplacementClassAdapter - Adding mock interface to class org/mockito/internal/invocation/MatchersBinder
2024-11-12 13:43:17,322 INFO  CreateClassResetClassAdapter - Creating brand-new static initializer in class org/mockito/internal/invocation/MatchersBinder
2024-11-12 13:43:17,322 INFO  EvoClassLoader - Keeping class: org.mockito.internal.invocation.MatchersBinder
2024-11-12 13:43:17,322 INFO  EvoClassLoader - Seeing class for first time: org.mockito.internal.progress.ArgumentMatcherStorage
2024-11-12 13:43:17,322 INFO  EvoClassLoader - Instrumenting class 'org.mockito.internal.progress.ArgumentMatcherStorage'.
2024-11-12 13:43:17,323 INFO  EvoClassLoader - Defined package (3): package org.mockito.internal.progress, -535423584
2024-11-12 13:43:17,323 INFO  EvoClassLoader - Keeping class: org.mockito.internal.progress.ArgumentMatcherStorage
2024-11-12 13:43:17,323 INFO  EvoClassLoader - Seeing class for first time: org.mockito.invocation.StubInfo
2024-11-12 13:43:17,323 INFO  EvoClassLoader - Instrumenting class 'org.mockito.invocation.StubInfo'.
2024-11-12 13:43:17,323 INFO  EvoClassLoader - Keeping class: org.mockito.invocation.StubInfo
2024-11-12 13:43:17,323 INFO  EvoClassLoader - Seeing class for first time: org.mockito.internal.verification.RegisteredInvocations
2024-11-12 13:43:17,323 INFO  EvoClassLoader - Instrumenting class 'org.mockito.internal.verification.RegisteredInvocations'.
2024-11-12 13:43:17,323 INFO  EvoClassLoader - Defined package (3): package org.mockito.internal.verification, -1833289714
2024-11-12 13:43:17,323 INFO  EvoClassLoader - Keeping class: org.mockito.internal.verification.RegisteredInvocations
2024-11-12 13:43:17,323 INFO  EvoClassLoader - Seeing class for first time: org.mockito.internal.verification.DefaultRegisteredInvocations
2024-11-12 13:43:17,323 INFO  EvoClassLoader - Instrumenting class 'org.mockito.internal.verification.DefaultRegisteredInvocations'.
2024-11-12 13:43:17,324 INFO  MethodCallReplacementClassAdapter - Adding mock interface to class org/mockito/internal/verification/DefaultRegisteredInvocations
2024-11-12 13:43:17,324 INFO  CreateClassResetClassAdapter - Creating brand-new static initializer in class org/mockito/internal/verification/DefaultRegisteredInvocations
2024-11-12 13:43:17,324 INFO  EvoClassLoader - Keeping class: org.mockito.internal.verification.DefaultRegisteredInvocations
2024-11-12 13:43:17,324 INFO  EvoClassLoader - Seeing class for first time: org.mockito.internal.util.collections.ListUtil$Filter
2024-11-12 13:43:17,324 INFO  EvoClassLoader - Instrumenting class 'org.mockito.internal.util.collections.ListUtil$Filter'.
2024-11-12 13:43:17,324 INFO  EvoClassLoader - Keeping class: org.mockito.internal.util.collections.ListUtil$Filter
2024-11-12 13:43:17,324 INFO  EvoClassLoader - Seeing class for first time: org.mockito.internal.stubbing.DoAnswerStyleStubbing
2024-11-12 13:43:17,324 INFO  EvoClassLoader - Instrumenting class 'org.mockito.internal.stubbing.DoAnswerStyleStubbing'.
2024-11-12 13:43:17,324 INFO  MethodCallReplacementClassAdapter - Adding mock interface to class org/mockito/internal/stubbing/DoAnswerStyleStubbing
2024-11-12 13:43:17,324 INFO  CreateClassResetClassAdapter - Creating brand-new static initializer in class org/mockito/internal/stubbing/DoAnswerStyleStubbing
2024-11-12 13:43:17,325 INFO  EvoClassLoader - Keeping class: org.mockito.internal.stubbing.DoAnswerStyleStubbing
2024-11-12 13:43:17,325 INFO  EvoClassLoader - Seeing class for first time: org.mockito.internal.handler.NullResultGuardian
2024-11-12 13:43:17,325 INFO  EvoClassLoader - Instrumenting class 'org.mockito.internal.handler.NullResultGuardian'.
2024-11-12 13:43:17,325 INFO  MethodCallReplacementClassAdapter - Adding mock interface to class org/mockito/internal/handler/NullResultGuardian
2024-11-12 13:43:17,325 INFO  CreateClassResetClassAdapter - Creating brand-new static initializer in class org/mockito/internal/handler/NullResultGuardian
2024-11-12 13:43:17,325 INFO  EvoClassLoader - Keeping class: org.mockito.internal.handler.NullResultGuardian
2024-11-12 13:43:17,325 INFO  EvoClassLoader - Seeing class for first time: org.mockito.internal.handler.InvocationNotifierHandler
2024-11-12 13:43:17,325 INFO  EvoClassLoader - Instrumenting class 'org.mockito.internal.handler.InvocationNotifierHandler'.
2024-11-12 13:43:17,325 INFO  MethodCallReplacementClassAdapter - Adding mock interface to class org/mockito/internal/handler/InvocationNotifierHandler
2024-11-12 13:43:17,325 INFO  CreateClassResetClassAdapter - Creating brand-new static initializer in class org/mockito/internal/handler/InvocationNotifierHandler
2024-11-12 13:43:17,325 INFO  EvoClassLoader - Keeping class: org.mockito.internal.handler.InvocationNotifierHandler
2024-11-12 13:43:17,325 INFO  EvoClassLoader - Seeing class for first time: org.mockito.listeners.MethodInvocationReport
2024-11-12 13:43:17,325 INFO  EvoClassLoader - Instrumenting class 'org.mockito.listeners.MethodInvocationReport'.
2024-11-12 13:43:17,326 INFO  EvoClassLoader - Keeping class: org.mockito.listeners.MethodInvocationReport
2024-11-12 13:43:17,326 INFO  EvoClassLoader - Seeing class for first time: org.mockito.internal.creation.bytebuddy.TypeCachingBytecodeGenerator$MockitoMockKey
2024-11-12 13:43:17,326 INFO  EvoClassLoader - Instrumenting class 'org.mockito.internal.creation.bytebuddy.TypeCachingBytecodeGenerator$MockitoMockKey'.
2024-11-12 13:43:17,326 INFO  MethodCallReplacementClassAdapter - Adding mock interface to class org/mockito/internal/creation/bytebuddy/TypeCachingBytecodeGenerator$MockitoMockKey
2024-11-12 13:43:17,326 INFO  CreateClassResetClassAdapter - Creating brand-new static initializer in class org/mockito/internal/creation/bytebuddy/TypeCachingBytecodeGenerator$MockitoMockKey
2024-11-12 13:43:17,326 INFO  EvoClassLoader - Keeping class: org.mockito.internal.creation.bytebuddy.TypeCachingBytecodeGenerator$MockitoMockKey
2024-11-12 13:43:17,326 INFO  EvoClassLoader - Seeing class for first time: net.bytebuddy.utility.CompoundList
2024-11-12 13:43:17,326 INFO  EvoClassLoader - Instrumenting class 'net.bytebuddy.utility.CompoundList'.
2024-11-12 13:43:17,326 INFO  MethodCallReplacementClassAdapter - Adding mock interface to class net/bytebuddy/utility/CompoundList
2024-11-12 13:43:17,327 INFO  CreateClassResetClassAdapter - Creating brand-new static initializer in class net/bytebuddy/utility/CompoundList
2024-11-12 13:43:17,327 INFO  EvoClassLoader - Keeping class: net.bytebuddy.utility.CompoundList
2024-11-12 13:43:17,327 INFO  EvoClassLoader - Seeing class for first time: org.mockito.internal.creation.bytebuddy.TypeCachingBytecodeGenerator$1
2024-11-12 13:43:17,327 INFO  EvoClassLoader - Instrumenting class 'org.mockito.internal.creation.bytebuddy.TypeCachingBytecodeGenerator$1'.
2024-11-12 13:43:17,327 INFO  MethodCallReplacementClassAdapter - Adding mock interface to class org/mockito/internal/creation/bytebuddy/TypeCachingBytecodeGenerator$1
2024-11-12 13:43:17,327 INFO  EvoClassLoader - Keeping class: org.mockito.internal.creation.bytebuddy.TypeCachingBytecodeGenerator$1
2024-11-12 13:43:17,327 INFO  EvoClassLoader - Seeing class for first time: net.bytebuddy.dynamic.loading.MultipleParentClassLoader$Builder
2024-11-12 13:43:17,327 INFO  EvoClassLoader - Instrumenting class 'net.bytebuddy.dynamic.loading.MultipleParentClassLoader$Builder'.
2024-11-12 13:43:17,327 INFO  MethodCallReplacementClassAdapter - Adding mock interface to class net/bytebuddy/dynamic/loading/MultipleParentClassLoader$Builder
2024-11-12 13:43:17,328 INFO  CreateClassResetClassAdapter - Creating brand-new static initializer in class net/bytebuddy/dynamic/loading/MultipleParentClassLoader$Builder
2024-11-12 13:43:17,328 INFO  CreateClassResetClassAdapter - Adding bytecode for initializing field ONLY
2024-11-12 13:43:17,328 INFO  EvoClassLoader - Keeping class: net.bytebuddy.dynamic.loading.MultipleParentClassLoader$Builder
2024-11-12 13:43:17,328 INFO  EvoClassLoader - Seeing class for first time: net.bytebuddy.dynamic.loading.MultipleParentClassLoader
2024-11-12 13:43:17,328 INFO  EvoClassLoader - Instrumenting class 'net.bytebuddy.dynamic.loading.MultipleParentClassLoader'.
2024-11-12 13:43:17,329 INFO  MethodCallReplacementClassAdapter - Adding mock interface to class net/bytebuddy/dynamic/loading/MultipleParentClassLoader
2024-11-12 13:43:17,329 INFO  CreateClassResetClassAdapter - Creating brand-new static initializer in class net/bytebuddy/dynamic/loading/MultipleParentClassLoader
2024-11-12 13:43:17,329 INFO  EvoClassLoader - Seeing class for first time: net.bytebuddy.dynamic.loading.InjectionClassLoader
2024-11-12 13:43:17,329 INFO  EvoClassLoader - Instrumenting class 'net.bytebuddy.dynamic.loading.InjectionClassLoader'.
2024-11-12 13:43:17,329 INFO  MethodCallReplacementClassAdapter - Adding mock interface to class net/bytebuddy/dynamic/loading/InjectionClassLoader
2024-11-12 13:43:17,329 INFO  CreateClassResetClassAdapter - Creating brand-new static initializer in class net/bytebuddy/dynamic/loading/InjectionClassLoader
2024-11-12 13:43:17,330 INFO  EvoClassLoader - Keeping class: net.bytebuddy.dynamic.loading.InjectionClassLoader
2024-11-12 13:43:17,330 INFO  EvoClassLoader - Keeping class: net.bytebuddy.dynamic.loading.MultipleParentClassLoader
2024-11-12 13:43:17,330 INFO  EvoClassLoader - Seeing class for first time: net.bytebuddy.dynamic.scaffold.subclass.ConstructorStrategy$Default
2024-11-12 13:43:17,330 INFO  EvoClassLoader - Instrumenting class 'net.bytebuddy.dynamic.scaffold.subclass.ConstructorStrategy$Default'.
2024-11-12 13:43:17,330 INFO  MethodCallReplacementClassAdapter - Adding mock interface to class net/bytebuddy/dynamic/scaffold/subclass/ConstructorStrategy$Default
2024-11-12 13:43:17,330 INFO  CreateClassResetClassAdapter - Found static initializer in class net/bytebuddy/dynamic/scaffold/subclass/ConstructorStrategy$Default
2024-11-12 13:43:17,332 INFO  EvoClassLoader - Keeping class: net.bytebuddy.dynamic.scaffold.subclass.ConstructorStrategy$Default
2024-11-12 13:43:17,332 INFO  EvoClassLoader - Seeing class for first time: net.bytebuddy.dynamic.scaffold.subclass.ConstructorStrategy$ForDefaultConstructor
2024-11-12 13:43:17,332 INFO  EvoClassLoader - Instrumenting class 'net.bytebuddy.dynamic.scaffold.subclass.ConstructorStrategy$ForDefaultConstructor'.
2024-11-12 13:43:17,332 INFO  MethodCallReplacementClassAdapter - Adding mock interface to class net/bytebuddy/dynamic/scaffold/subclass/ConstructorStrategy$ForDefaultConstructor
2024-11-12 13:43:17,333 INFO  CreateClassResetClassAdapter - Creating brand-new static initializer in class net/bytebuddy/dynamic/scaffold/subclass/ConstructorStrategy$ForDefaultConstructor
2024-11-12 13:43:17,334 INFO  EvoClassLoader - Keeping class: net.bytebuddy.dynamic.scaffold.subclass.ConstructorStrategy$ForDefaultConstructor
2024-11-12 13:43:17,334 INFO  EvoClassLoader - Seeing class for first time: net.bytebuddy.dynamic.scaffold.subclass.ConstructorStrategy$Default$1
2024-11-12 13:43:17,334 INFO  EvoClassLoader - Instrumenting class 'net.bytebuddy.dynamic.scaffold.subclass.ConstructorStrategy$Default$1'.
2024-11-12 13:43:17,334 INFO  MethodCallReplacementClassAdapter - Adding mock interface to class net/bytebuddy/dynamic/scaffold/subclass/ConstructorStrategy$Default$1
2024-11-12 13:43:17,334 INFO  EvoClassLoader - Keeping class: net.bytebuddy.dynamic.scaffold.subclass.ConstructorStrategy$Default$1
2024-11-12 13:43:17,334 INFO  EvoClassLoader - Seeing class for first time: net.bytebuddy.dynamic.scaffold.subclass.ConstructorStrategy$Default$2
2024-11-12 13:43:17,334 INFO  EvoClassLoader - Instrumenting class 'net.bytebuddy.dynamic.scaffold.subclass.ConstructorStrategy$Default$2'.
2024-11-12 13:43:17,335 INFO  MethodCallReplacementClassAdapter - Adding mock interface to class net/bytebuddy/dynamic/scaffold/subclass/ConstructorStrategy$Default$2
2024-11-12 13:43:17,336 INFO  EvoClassLoader - Keeping class: net.bytebuddy.dynamic.scaffold.subclass.ConstructorStrategy$Default$2
2024-11-12 13:43:17,336 INFO  EvoClassLoader - Seeing class for first time: net.bytebuddy.dynamic.scaffold.subclass.ConstructorStrategy$Default$3
2024-11-12 13:43:17,336 INFO  EvoClassLoader - Instrumenting class 'net.bytebuddy.dynamic.scaffold.subclass.ConstructorStrategy$Default$3'.
2024-11-12 13:43:17,336 INFO  MethodCallReplacementClassAdapter - Adding mock interface to class net/bytebuddy/dynamic/scaffold/subclass/ConstructorStrategy$Default$3
2024-11-12 13:43:17,337 INFO  EvoClassLoader - Keeping class: net.bytebuddy.dynamic.scaffold.subclass.ConstructorStrategy$Default$3
2024-11-12 13:43:17,337 INFO  EvoClassLoader - Seeing class for first time: net.bytebuddy.dynamic.scaffold.subclass.ConstructorStrategy$Default$4
2024-11-12 13:43:17,337 INFO  EvoClassLoader - Instrumenting class 'net.bytebuddy.dynamic.scaffold.subclass.ConstructorStrategy$Default$4'.
2024-11-12 13:43:17,337 INFO  MethodCallReplacementClassAdapter - Adding mock interface to class net/bytebuddy/dynamic/scaffold/subclass/ConstructorStrategy$Default$4
2024-11-12 13:43:17,338 INFO  EvoClassLoader - Keeping class: net.bytebuddy.dynamic.scaffold.subclass.ConstructorStrategy$Default$4
2024-11-12 13:43:17,338 INFO  EvoClassLoader - Seeing class for first time: net.bytebuddy.dynamic.scaffold.subclass.ConstructorStrategy$Default$5
2024-11-12 13:43:17,338 INFO  EvoClassLoader - Instrumenting class 'net.bytebuddy.dynamic.scaffold.subclass.ConstructorStrategy$Default$5'.
2024-11-12 13:43:17,338 INFO  MethodCallReplacementClassAdapter - Adding mock interface to class net/bytebuddy/dynamic/scaffold/subclass/ConstructorStrategy$Default$5
2024-11-12 13:43:17,338 INFO  EvoClassLoader - Keeping class: net.bytebuddy.dynamic.scaffold.subclass.ConstructorStrategy$Default$5
2024-11-12 13:43:17,338 INFO  EvoClassLoader - Seeing class for first time: net.bytebuddy.dynamic.scaffold.MethodRegistry
2024-11-12 13:43:17,338 INFO  EvoClassLoader - Instrumenting class 'net.bytebuddy.dynamic.scaffold.MethodRegistry'.
2024-11-12 13:43:17,338 INFO  EvoClassLoader - Keeping class: net.bytebuddy.dynamic.scaffold.MethodRegistry
2024-11-12 13:43:17,339 INFO  EvoClassLoader - Seeing class for first time: net.bytebuddy.dynamic.scaffold.MethodRegistry$Handler
2024-11-12 13:43:17,339 INFO  EvoClassLoader - Instrumenting class 'net.bytebuddy.dynamic.scaffold.MethodRegistry$Handler'.
2024-11-12 13:43:17,339 INFO  EvoClassLoader - Keeping class: net.bytebuddy.dynamic.scaffold.MethodRegistry$Handler
2024-11-12 13:43:17,340 INFO  EvoClassLoader - Seeing class for first time: net.bytebuddy.dynamic.DynamicType$Builder$AbstractBase
2024-11-12 13:43:17,340 INFO  EvoClassLoader - Instrumenting class 'net.bytebuddy.dynamic.DynamicType$Builder$AbstractBase'.
2024-11-12 13:43:17,340 INFO  MethodCallReplacementClassAdapter - Adding mock interface to class net/bytebuddy/dynamic/DynamicType$Builder$AbstractBase
2024-11-12 13:43:17,344 INFO  CreateClassResetClassAdapter - Creating brand-new static initializer in class net/bytebuddy/dynamic/DynamicType$Builder$AbstractBase
2024-11-12 13:43:17,345 INFO  EvoClassLoader - Keeping class: net.bytebuddy.dynamic.DynamicType$Builder$AbstractBase
2024-11-12 13:43:17,345 INFO  EvoClassLoader - Seeing class for first time: net.bytebuddy.dynamic.DynamicType
2024-11-12 13:43:17,345 INFO  EvoClassLoader - Instrumenting class 'net.bytebuddy.dynamic.DynamicType'.
2024-11-12 13:43:17,345 INFO  EvoClassLoader - Keeping class: net.bytebuddy.dynamic.DynamicType
2024-11-12 13:43:17,345 INFO  EvoClassLoader - Seeing class for first time: net.bytebuddy.dynamic.TypeResolutionStrategy
2024-11-12 13:43:17,345 INFO  EvoClassLoader - Instrumenting class 'net.bytebuddy.dynamic.TypeResolutionStrategy'.
2024-11-12 13:43:17,345 INFO  EvoClassLoader - Keeping class: net.bytebuddy.dynamic.TypeResolutionStrategy
2024-11-12 13:43:17,345 INFO  EvoClassLoader - Seeing class for first time: net.bytebuddy.dynamic.DynamicType$Builder$MethodDefinition$ReceiverTypeDefinition
2024-11-12 13:43:17,345 INFO  EvoClassLoader - Instrumenting class 'net.bytebuddy.dynamic.DynamicType$Builder$MethodDefinition$ReceiverTypeDefinition'.
2024-11-12 13:43:17,345 INFO  EvoClassLoader - Seeing class for first time: net.bytebuddy.dynamic.DynamicType$Builder$MethodDefinition
2024-11-12 13:43:17,345 INFO  EvoClassLoader - Instrumenting class 'net.bytebuddy.dynamic.DynamicType$Builder$MethodDefinition'.
2024-11-12 13:43:17,345 INFO  EvoClassLoader - Keeping class: net.bytebuddy.dynamic.DynamicType$Builder$MethodDefinition
2024-11-12 13:43:17,346 INFO  EvoClassLoader - Keeping class: net.bytebuddy.dynamic.DynamicType$Builder$MethodDefinition$ReceiverTypeDefinition
2024-11-12 13:43:17,346 INFO  EvoClassLoader - Seeing class for first time: net.bytebuddy.dynamic.DynamicType$Builder$FieldDefinition$Optional
2024-11-12 13:43:17,346 INFO  EvoClassLoader - Instrumenting class 'net.bytebuddy.dynamic.DynamicType$Builder$FieldDefinition$Optional'.
2024-11-12 13:43:17,346 INFO  EvoClassLoader - Seeing class for first time: net.bytebuddy.dynamic.DynamicType$Builder$FieldDefinition
2024-11-12 13:43:17,346 INFO  EvoClassLoader - Instrumenting class 'net.bytebuddy.dynamic.DynamicType$Builder$FieldDefinition'.
2024-11-12 13:43:17,346 INFO  EvoClassLoader - Keeping class: net.bytebuddy.dynamic.DynamicType$Builder$FieldDefinition
2024-11-12 13:43:17,346 INFO  EvoClassLoader - Keeping class: net.bytebuddy.dynamic.DynamicType$Builder$FieldDefinition$Optional
2024-11-12 13:43:17,346 INFO  EvoClassLoader - Seeing class for first time: net.bytebuddy.dynamic.DynamicType$Builder$MethodDefinition$ParameterDefinition
2024-11-12 13:43:17,346 INFO  EvoClassLoader - Instrumenting class 'net.bytebuddy.dynamic.DynamicType$Builder$MethodDefinition$ParameterDefinition'.
2024-11-12 13:43:17,346 INFO  EvoClassLoader - Seeing class for first time: net.bytebuddy.dynamic.DynamicType$Builder$MethodDefinition$ExceptionDefinition
2024-11-12 13:43:17,346 INFO  EvoClassLoader - Instrumenting class 'net.bytebuddy.dynamic.DynamicType$Builder$MethodDefinition$ExceptionDefinition'.
2024-11-12 13:43:17,346 INFO  EvoClassLoader - Seeing class for first time: net.bytebuddy.dynamic.DynamicType$Builder$MethodDefinition$TypeVariableDefinition
2024-11-12 13:43:17,346 INFO  EvoClassLoader - Instrumenting class 'net.bytebuddy.dynamic.DynamicType$Builder$MethodDefinition$TypeVariableDefinition'.
2024-11-12 13:43:17,346 INFO  EvoClassLoader - Seeing class for first time: net.bytebuddy.dynamic.DynamicType$Builder$MethodDefinition$ImplementationDefinition
2024-11-12 13:43:17,346 INFO  EvoClassLoader - Instrumenting class 'net.bytebuddy.dynamic.DynamicType$Builder$MethodDefinition$ImplementationDefinition'.
2024-11-12 13:43:17,347 INFO  EvoClassLoader - Keeping class: net.bytebuddy.dynamic.DynamicType$Builder$MethodDefinition$ImplementationDefinition
2024-11-12 13:43:17,347 INFO  EvoClassLoader - Keeping class: net.bytebuddy.dynamic.DynamicType$Builder$MethodDefinition$TypeVariableDefinition
2024-11-12 13:43:17,347 INFO  EvoClassLoader - Keeping class: net.bytebuddy.dynamic.DynamicType$Builder$MethodDefinition$ExceptionDefinition
2024-11-12 13:43:17,347 INFO  EvoClassLoader - Keeping class: net.bytebuddy.dynamic.DynamicType$Builder$MethodDefinition$ParameterDefinition
2024-11-12 13:43:17,347 INFO  EvoClassLoader - Seeing class for first time: net.bytebuddy.dynamic.DynamicType$Builder$MethodDefinition$ParameterDefinition$Initial
2024-11-12 13:43:17,347 INFO  EvoClassLoader - Instrumenting class 'net.bytebuddy.dynamic.DynamicType$Builder$MethodDefinition$ParameterDefinition$Initial'.
2024-11-12 13:43:17,347 INFO  EvoClassLoader - Seeing class for first time: net.bytebuddy.dynamic.DynamicType$Builder$MethodDefinition$ParameterDefinition$Simple
2024-11-12 13:43:17,347 INFO  EvoClassLoader - Instrumenting class 'net.bytebuddy.dynamic.DynamicType$Builder$MethodDefinition$ParameterDefinition$Simple'.
2024-11-12 13:43:17,347 INFO  EvoClassLoader - Keeping class: net.bytebuddy.dynamic.DynamicType$Builder$MethodDefinition$ParameterDefinition$Simple
2024-11-12 13:43:17,347 INFO  EvoClassLoader - Keeping class: net.bytebuddy.dynamic.DynamicType$Builder$MethodDefinition$ParameterDefinition$Initial
2024-11-12 13:43:17,347 INFO  EvoClassLoader - Seeing class for first time: net.bytebuddy.dynamic.DynamicType$Builder$FieldDefinition$Optional$Valuable
2024-11-12 13:43:17,347 INFO  EvoClassLoader - Instrumenting class 'net.bytebuddy.dynamic.DynamicType$Builder$FieldDefinition$Optional$Valuable'.
2024-11-12 13:43:17,347 INFO  EvoClassLoader - Seeing class for first time: net.bytebuddy.dynamic.DynamicType$Builder$FieldDefinition$Valuable
2024-11-12 13:43:17,347 INFO  EvoClassLoader - Instrumenting class 'net.bytebuddy.dynamic.DynamicType$Builder$FieldDefinition$Valuable'.
2024-11-12 13:43:17,347 INFO  EvoClassLoader - Keeping class: net.bytebuddy.dynamic.DynamicType$Builder$FieldDefinition$Valuable
2024-11-12 13:43:17,347 INFO  EvoClassLoader - Keeping class: net.bytebuddy.dynamic.DynamicType$Builder$FieldDefinition$Optional$Valuable
2024-11-12 13:43:17,348 INFO  EvoClassLoader - Seeing class for first time: net.bytebuddy.dynamic.DynamicType$Builder$InnerTypeDefinition
2024-11-12 13:43:17,348 INFO  EvoClassLoader - Instrumenting class 'net.bytebuddy.dynamic.DynamicType$Builder$InnerTypeDefinition'.
2024-11-12 13:43:17,348 INFO  EvoClassLoader - Keeping class: net.bytebuddy.dynamic.DynamicType$Builder$InnerTypeDefinition
2024-11-12 13:43:17,348 INFO  EvoClassLoader - Seeing class for first time: net.bytebuddy.dynamic.DynamicType$Builder$InnerTypeDefinition$ForType
2024-11-12 13:43:17,348 INFO  EvoClassLoader - Instrumenting class 'net.bytebuddy.dynamic.DynamicType$Builder$InnerTypeDefinition$ForType'.
2024-11-12 13:43:17,348 INFO  EvoClassLoader - Keeping class: net.bytebuddy.dynamic.DynamicType$Builder$InnerTypeDefinition$ForType
2024-11-12 13:43:17,348 INFO  EvoClassLoader - Seeing class for first time: net.bytebuddy.dynamic.DynamicType$Builder$TypeVariableDefinition
2024-11-12 13:43:17,348 INFO  EvoClassLoader - Instrumenting class 'net.bytebuddy.dynamic.DynamicType$Builder$TypeVariableDefinition'.
2024-11-12 13:43:17,348 INFO  EvoClassLoader - Keeping class: net.bytebuddy.dynamic.DynamicType$Builder$TypeVariableDefinition
2024-11-12 13:43:17,348 INFO  EvoClassLoader - Seeing class for first time: net.bytebuddy.dynamic.DynamicType$Builder$MethodDefinition$ImplementationDefinition$Optional
2024-11-12 13:43:17,348 INFO  EvoClassLoader - Instrumenting class 'net.bytebuddy.dynamic.DynamicType$Builder$MethodDefinition$ImplementationDefinition$Optional'.
2024-11-12 13:43:17,348 INFO  EvoClassLoader - Keeping class: net.bytebuddy.dynamic.DynamicType$Builder$MethodDefinition$ImplementationDefinition$Optional
2024-11-12 13:43:17,348 INFO  EvoClassLoader - Seeing class for first time: net.bytebuddy.dynamic.DynamicType$Unloaded
2024-11-12 13:43:17,348 INFO  EvoClassLoader - Instrumenting class 'net.bytebuddy.dynamic.DynamicType$Unloaded'.
2024-11-12 13:43:17,348 INFO  EvoClassLoader - Keeping class: net.bytebuddy.dynamic.DynamicType$Unloaded
2024-11-12 13:43:17,348 INFO  EvoClassLoader - Seeing class for first time: net.bytebuddy.dynamic.DynamicType$Builder$AbstractBase$Adapter
2024-11-12 13:43:17,348 INFO  EvoClassLoader - Instrumenting class 'net.bytebuddy.dynamic.DynamicType$Builder$AbstractBase$Adapter'.
2024-11-12 13:43:17,349 INFO  MethodCallReplacementClassAdapter - Adding mock interface to class net/bytebuddy/dynamic/DynamicType$Builder$AbstractBase$Adapter
2024-11-12 13:43:17,351 INFO  CreateClassResetClassAdapter - Creating brand-new static initializer in class net/bytebuddy/dynamic/DynamicType$Builder$AbstractBase$Adapter
2024-11-12 13:43:17,352 INFO  EvoClassLoader - Keeping class: net.bytebuddy.dynamic.DynamicType$Builder$AbstractBase$Adapter
2024-11-12 13:43:17,352 INFO  EvoClassLoader - Seeing class for first time: net.bytebuddy.dynamic.DynamicType$Builder$AbstractBase$Adapter$InnerTypeDefinitionForTypeAdapter
2024-11-12 13:43:17,352 INFO  EvoClassLoader - Instrumenting class 'net.bytebuddy.dynamic.DynamicType$Builder$AbstractBase$Adapter$InnerTypeDefinitionForTypeAdapter'.
2024-11-12 13:43:17,352 INFO  MethodCallReplacementClassAdapter - Adding mock interface to class net/bytebuddy/dynamic/DynamicType$Builder$AbstractBase$Adapter$InnerTypeDefinitionForTypeAdapter
2024-11-12 13:43:17,352 INFO  CreateClassResetClassAdapter - Creating brand-new static initializer in class net/bytebuddy/dynamic/DynamicType$Builder$AbstractBase$Adapter$InnerTypeDefinitionForTypeAdapter
2024-11-12 13:43:17,353 INFO  EvoClassLoader - Seeing class for first time: net.bytebuddy.dynamic.DynamicType$Builder$AbstractBase$Delegator
2024-11-12 13:43:17,353 INFO  EvoClassLoader - Instrumenting class 'net.bytebuddy.dynamic.DynamicType$Builder$AbstractBase$Delegator'.
2024-11-12 13:43:17,353 INFO  MethodCallReplacementClassAdapter - Adding mock interface to class net/bytebuddy/dynamic/DynamicType$Builder$AbstractBase$Delegator
2024-11-12 13:43:17,353 INFO  CreateClassResetClassAdapter - Creating brand-new static initializer in class net/bytebuddy/dynamic/DynamicType$Builder$AbstractBase$Delegator
2024-11-12 13:43:17,353 INFO  EvoClassLoader - Keeping class: net.bytebuddy.dynamic.DynamicType$Builder$AbstractBase$Delegator
2024-11-12 13:43:17,353 INFO  EvoClassLoader - Keeping class: net.bytebuddy.dynamic.DynamicType$Builder$AbstractBase$Adapter$InnerTypeDefinitionForTypeAdapter
2024-11-12 13:43:17,353 INFO  EvoClassLoader - Seeing class for first time: net.bytebuddy.dynamic.DynamicType$Builder$AbstractBase$Adapter$InnerTypeDefinitionForMethodAdapter
2024-11-12 13:43:17,353 INFO  EvoClassLoader - Instrumenting class 'net.bytebuddy.dynamic.DynamicType$Builder$AbstractBase$Adapter$InnerTypeDefinitionForMethodAdapter'.
2024-11-12 13:43:17,353 INFO  MethodCallReplacementClassAdapter - Adding mock interface to class net/bytebuddy/dynamic/DynamicType$Builder$AbstractBase$Adapter$InnerTypeDefinitionForMethodAdapter
2024-11-12 13:43:17,354 INFO  CreateClassResetClassAdapter - Creating brand-new static initializer in class net/bytebuddy/dynamic/DynamicType$Builder$AbstractBase$Adapter$InnerTypeDefinitionForMethodAdapter
2024-11-12 13:43:17,354 INFO  EvoClassLoader - Keeping class: net.bytebuddy.dynamic.DynamicType$Builder$AbstractBase$Adapter$InnerTypeDefinitionForMethodAdapter
2024-11-12 13:43:17,354 INFO  EvoClassLoader - Seeing class for first time: net.bytebuddy.implementation.attribute.TypeAttributeAppender
2024-11-12 13:43:17,354 INFO  EvoClassLoader - Instrumenting class 'net.bytebuddy.implementation.attribute.TypeAttributeAppender'.
2024-11-12 13:43:17,354 INFO  EvoClassLoader - Keeping class: net.bytebuddy.implementation.attribute.TypeAttributeAppender
2024-11-12 13:43:17,354 INFO  EvoClassLoader - Seeing class for first time: net.bytebuddy.asm.AsmVisitorWrapper
2024-11-12 13:43:17,354 INFO  EvoClassLoader - Instrumenting class 'net.bytebuddy.asm.AsmVisitorWrapper'.
2024-11-12 13:43:17,354 INFO  EvoClassLoader - Defined package (3): package net.bytebuddy.asm, 1442437306
2024-11-12 13:43:17,354 INFO  EvoClassLoader - Keeping class: net.bytebuddy.asm.AsmVisitorWrapper
2024-11-12 13:43:17,355 INFO  EvoClassLoader - Seeing class for first time: net.bytebuddy.dynamic.Transformer
2024-11-12 13:43:17,355 INFO  EvoClassLoader - Instrumenting class 'net.bytebuddy.dynamic.Transformer'.
2024-11-12 13:43:17,355 INFO  EvoClassLoader - Keeping class: net.bytebuddy.dynamic.Transformer
2024-11-12 13:43:17,355 INFO  EvoClassLoader - Seeing class for first time: net.bytebuddy.dynamic.scaffold.FieldRegistry
2024-11-12 13:43:17,355 INFO  EvoClassLoader - Instrumenting class 'net.bytebuddy.dynamic.scaffold.FieldRegistry'.
2024-11-12 13:43:17,355 INFO  EvoClassLoader - Keeping class: net.bytebuddy.dynamic.scaffold.FieldRegistry
2024-11-12 13:43:17,355 INFO  EvoClassLoader - Seeing class for first time: net.bytebuddy.dynamic.scaffold.subclass.SubclassDynamicTypeBuilder
2024-11-12 13:43:17,355 INFO  EvoClassLoader - Instrumenting class 'net.bytebuddy.dynamic.scaffold.subclass.SubclassDynamicTypeBuilder'.
2024-11-12 13:43:17,355 INFO  MethodCallReplacementClassAdapter - Adding mock interface to class net/bytebuddy/dynamic/scaffold/subclass/SubclassDynamicTypeBuilder
2024-11-12 13:43:17,356 INFO  CreateClassResetClassAdapter - Creating brand-new static initializer in class net/bytebuddy/dynamic/scaffold/subclass/SubclassDynamicTypeBuilder
2024-11-12 13:43:17,356 INFO  EvoClassLoader - Keeping class: net.bytebuddy.dynamic.scaffold.subclass.SubclassDynamicTypeBuilder
2024-11-12 13:43:17,356 INFO  EvoClassLoader - Seeing class for first time: net.bytebuddy.implementation.Implementation$Target$Factory
2024-11-12 13:43:17,356 INFO  EvoClassLoader - Instrumenting class 'net.bytebuddy.implementation.Implementation$Target$Factory'.
2024-11-12 13:43:17,356 INFO  EvoClassLoader - Keeping class: net.bytebuddy.implementation.Implementation$Target$Factory
2024-11-12 13:43:17,356 INFO  EvoClassLoader - Seeing class for first time: net.bytebuddy.dynamic.scaffold.TypeWriter$FieldPool
2024-11-12 13:43:17,356 INFO  EvoClassLoader - Instrumenting class 'net.bytebuddy.dynamic.scaffold.TypeWriter$FieldPool'.
2024-11-12 13:43:17,356 INFO  EvoClassLoader - Keeping class: net.bytebuddy.dynamic.scaffold.TypeWriter$FieldPool
2024-11-12 13:43:17,357 INFO  EvoClassLoader - Seeing class for first time: net.bytebuddy.description.modifier.ModifierContributor$Resolver
2024-11-12 13:43:17,357 INFO  EvoClassLoader - Instrumenting class 'net.bytebuddy.description.modifier.ModifierContributor$Resolver'.
2024-11-12 13:43:17,357 INFO  MethodCallReplacementClassAdapter - Adding mock interface to class net/bytebuddy/description/modifier/ModifierContributor$Resolver
2024-11-12 13:43:17,357 INFO  CreateClassResetClassAdapter - Creating brand-new static initializer in class net/bytebuddy/description/modifier/ModifierContributor$Resolver
2024-11-12 13:43:17,357 INFO  EvoClassLoader - Keeping class: net.bytebuddy.description.modifier.ModifierContributor$Resolver
2024-11-12 13:43:17,358 INFO  EvoClassLoader - Seeing class for first time: net.bytebuddy.dynamic.scaffold.InstrumentedType$Default
2024-11-12 13:43:17,358 INFO  EvoClassLoader - Instrumenting class 'net.bytebuddy.dynamic.scaffold.InstrumentedType$Default'.
2024-11-12 13:43:17,358 INFO  MethodCallReplacementClassAdapter - Adding mock interface to class net/bytebuddy/dynamic/scaffold/InstrumentedType$Default
2024-11-12 13:43:17,363 INFO  CreateClassResetClassAdapter - Found static initializer in class net/bytebuddy/dynamic/scaffold/InstrumentedType$Default
2024-11-12 13:43:17,365 INFO  EvoClassLoader - Keeping class: net.bytebuddy.dynamic.scaffold.InstrumentedType$Default
2024-11-12 13:43:17,365 INFO  EvoClassLoader - Seeing class for first time: net.bytebuddy.dynamic.scaffold.InstrumentedType$Frozen
2024-11-12 13:43:17,365 INFO  EvoClassLoader - Instrumenting class 'net.bytebuddy.dynamic.scaffold.InstrumentedType$Frozen'.
2024-11-12 13:43:17,366 INFO  MethodCallReplacementClassAdapter - Adding mock interface to class net/bytebuddy/dynamic/scaffold/InstrumentedType$Frozen
2024-11-12 13:43:17,366 INFO  CreateClassResetClassAdapter - Creating brand-new static initializer in class net/bytebuddy/dynamic/scaffold/InstrumentedType$Frozen
2024-11-12 13:43:17,368 INFO  EvoClassLoader - Keeping class: net.bytebuddy.dynamic.scaffold.InstrumentedType$Frozen
2024-11-12 13:43:17,369 INFO  EvoClassLoader - Seeing class for first time: net.bytebuddy.description.type.TypeList$Explicit
2024-11-12 13:43:17,369 INFO  EvoClassLoader - Instrumenting class 'net.bytebuddy.description.type.TypeList$Explicit'.
2024-11-12 13:43:17,369 INFO  MethodCallReplacementClassAdapter - Adding mock interface to class net/bytebuddy/description/type/TypeList$Explicit
2024-11-12 13:43:17,369 INFO  CreateClassResetClassAdapter - Creating brand-new static initializer in class net/bytebuddy/description/type/TypeList$Explicit
2024-11-12 13:43:17,370 INFO  EvoClassLoader - Seeing class for first time: net.bytebuddy.description.type.TypeList$AbstractBase
2024-11-12 13:43:17,370 INFO  EvoClassLoader - Instrumenting class 'net.bytebuddy.description.type.TypeList$AbstractBase'.
2024-11-12 13:43:17,370 INFO  MethodCallReplacementClassAdapter - Adding mock interface to class net/bytebuddy/description/type/TypeList$AbstractBase
2024-11-12 13:43:17,370 INFO  CreateClassResetClassAdapter - Creating brand-new static initializer in class net/bytebuddy/description/type/TypeList$AbstractBase
2024-11-12 13:43:17,370 INFO  EvoClassLoader - Keeping class: net.bytebuddy.description.type.TypeList$AbstractBase
2024-11-12 13:43:17,370 INFO  EvoClassLoader - Keeping class: net.bytebuddy.description.type.TypeList$Explicit
2024-11-12 13:43:17,370 INFO  EvoClassLoader - Seeing class for first time: net.bytebuddy.description.field.FieldDescription$Token
2024-11-12 13:43:17,370 INFO  EvoClassLoader - Instrumenting class 'net.bytebuddy.description.field.FieldDescription$Token'.
2024-11-12 13:43:17,370 INFO  MethodCallReplacementClassAdapter - Adding mock interface to class net/bytebuddy/description/field/FieldDescription$Token
2024-11-12 13:43:17,371 INFO  CreateClassResetClassAdapter - Creating brand-new static initializer in class net/bytebuddy/description/field/FieldDescription$Token
2024-11-12 13:43:17,371 INFO  EvoClassLoader - Keeping class: net.bytebuddy.description.field.FieldDescription$Token
2024-11-12 13:43:17,371 INFO  EvoClassLoader - Seeing class for first time: net.bytebuddy.description.type.TypeVariableToken
2024-11-12 13:43:17,371 INFO  EvoClassLoader - Instrumenting class 'net.bytebuddy.description.type.TypeVariableToken'.
2024-11-12 13:43:17,371 INFO  MethodCallReplacementClassAdapter - Adding mock interface to class net/bytebuddy/description/type/TypeVariableToken
2024-11-12 13:43:17,371 INFO  CreateClassResetClassAdapter - Creating brand-new static initializer in class net/bytebuddy/description/type/TypeVariableToken
2024-11-12 13:43:17,372 INFO  EvoClassLoader - Keeping class: net.bytebuddy.description.type.TypeVariableToken
2024-11-12 13:43:17,372 INFO  EvoClassLoader - Seeing class for first time: net.bytebuddy.dynamic.scaffold.TypeInitializer$None
2024-11-12 13:43:17,372 INFO  EvoClassLoader - Instrumenting class 'net.bytebuddy.dynamic.scaffold.TypeInitializer$None'.
2024-11-12 13:43:17,372 INFO  MethodCallReplacementClassAdapter - Adding mock interface to class net/bytebuddy/dynamic/scaffold/TypeInitializer$None
2024-11-12 13:43:17,373 INFO  CreateClassResetClassAdapter - Found static initializer in class net/bytebuddy/dynamic/scaffold/TypeInitializer$None
2024-11-12 13:43:17,373 INFO  EvoClassLoader - Keeping class: net.bytebuddy.dynamic.scaffold.TypeInitializer$None
2024-11-12 13:43:17,373 INFO  EvoClassLoader - Seeing class for first time: net.bytebuddy.dynamic.scaffold.TypeInitializer$Simple
2024-11-12 13:43:17,373 INFO  EvoClassLoader - Instrumenting class 'net.bytebuddy.dynamic.scaffold.TypeInitializer$Simple'.
2024-11-12 13:43:17,373 INFO  MethodCallReplacementClassAdapter - Adding mock interface to class net/bytebuddy/dynamic/scaffold/TypeInitializer$Simple
2024-11-12 13:43:17,373 INFO  CreateClassResetClassAdapter - Creating brand-new static initializer in class net/bytebuddy/dynamic/scaffold/TypeInitializer$Simple
2024-11-12 13:43:17,374 INFO  EvoClassLoader - Keeping class: net.bytebuddy.dynamic.scaffold.TypeInitializer$Simple
2024-11-12 13:43:17,374 INFO  EvoClassLoader - Seeing class for first time: net.bytebuddy.jar.asm.MethodVisitor
2024-11-12 13:43:17,374 INFO  EvoClassLoader - Instrumenting class 'net.bytebuddy.jar.asm.MethodVisitor'.
2024-11-12 13:43:17,374 INFO  MethodCallReplacementClassAdapter - Adding mock interface to class net/bytebuddy/jar/asm/MethodVisitor
2024-11-12 13:43:17,375 INFO  CreateClassResetClassAdapter - Creating brand-new static initializer in class net/bytebuddy/jar/asm/MethodVisitor
2024-11-12 13:43:17,375 INFO  CreateClassResetClassAdapter - Adding bytecode for initializing field REQUIRES_ASM5
2024-11-12 13:43:17,376 INFO  EvoClassLoader - Keeping class: net.bytebuddy.jar.asm.MethodVisitor
2024-11-12 13:43:17,376 INFO  EvoClassLoader - Seeing class for first time: net.bytebuddy.implementation.bytecode.ByteCodeAppender$Size
2024-11-12 13:43:17,376 INFO  EvoClassLoader - Instrumenting class 'net.bytebuddy.implementation.bytecode.ByteCodeAppender$Size'.
2024-11-12 13:43:17,376 INFO  MethodCallReplacementClassAdapter - Adding mock interface to class net/bytebuddy/implementation/bytecode/ByteCodeAppender$Size
2024-11-12 13:43:17,376 INFO  CreateClassResetClassAdapter - Creating brand-new static initializer in class net/bytebuddy/implementation/bytecode/ByteCodeAppender$Size
2024-11-12 13:43:17,376 INFO  EvoClassLoader - Keeping class: net.bytebuddy.implementation.bytecode.ByteCodeAppender$Size
2024-11-12 13:43:17,376 INFO  EvoClassLoader - Seeing class for first time: net.bytebuddy.dynamic.scaffold.TypeWriter$MethodPool$Record
2024-11-12 13:43:17,376 INFO  EvoClassLoader - Instrumenting class 'net.bytebuddy.dynamic.scaffold.TypeWriter$MethodPool$Record'.
2024-11-12 13:43:17,377 INFO  EvoClassLoader - Keeping class: net.bytebuddy.dynamic.scaffold.TypeWriter$MethodPool$Record
2024-11-12 13:43:17,377 INFO  EvoClassLoader - Seeing class for first time: net.bytebuddy.implementation.LoadedTypeInitializer$NoOp
2024-11-12 13:43:17,377 INFO  EvoClassLoader - Instrumenting class 'net.bytebuddy.implementation.LoadedTypeInitializer$NoOp'.
2024-11-12 13:43:17,377 INFO  MethodCallReplacementClassAdapter - Adding mock interface to class net/bytebuddy/implementation/LoadedTypeInitializer$NoOp
2024-11-12 13:43:17,377 INFO  CreateClassResetClassAdapter - Found static initializer in class net/bytebuddy/implementation/LoadedTypeInitializer$NoOp
2024-11-12 13:43:17,377 INFO  EvoClassLoader - Keeping class: net.bytebuddy.implementation.LoadedTypeInitializer$NoOp
2024-11-12 13:43:17,377 INFO  EvoClassLoader - Seeing class for first time: net.bytebuddy.implementation.LoadedTypeInitializer$Compound
2024-11-12 13:43:17,377 INFO  EvoClassLoader - Instrumenting class 'net.bytebuddy.implementation.LoadedTypeInitializer$Compound'.
2024-11-12 13:43:17,377 INFO  MethodCallReplacementClassAdapter - Adding mock interface to class net/bytebuddy/implementation/LoadedTypeInitializer$Compound
2024-11-12 13:43:17,378 INFO  CreateClassResetClassAdapter - Creating brand-new static initializer in class net/bytebuddy/implementation/LoadedTypeInitializer$Compound
2024-11-12 13:43:17,378 INFO  EvoClassLoader - Keeping class: net.bytebuddy.implementation.LoadedTypeInitializer$Compound
2024-11-12 13:43:17,378 INFO  EvoClassLoader - Seeing class for first time: net.bytebuddy.implementation.LoadedTypeInitializer$ForStaticField
2024-11-12 13:43:17,378 INFO  EvoClassLoader - Instrumenting class 'net.bytebuddy.implementation.LoadedTypeInitializer$ForStaticField'.
2024-11-12 13:43:17,378 INFO  MethodCallReplacementClassAdapter - Adding mock interface to class net/bytebuddy/implementation/LoadedTypeInitializer$ForStaticField
2024-11-12 13:43:17,380 INFO  CreateClassResetClassAdapter - Found static initializer in class net/bytebuddy/implementation/LoadedTypeInitializer$ForStaticField
2024-11-12 13:43:17,380 INFO  EvoClassLoader - Keeping class: net.bytebuddy.implementation.LoadedTypeInitializer$ForStaticField
2024-11-12 13:43:17,381 INFO  EvoClassLoader - Seeing class for first time: net.bytebuddy.description.type.TypeDescription$Generic$OfGenericArray$Latent
2024-11-12 13:43:17,381 INFO  EvoClassLoader - Instrumenting class 'net.bytebuddy.description.type.TypeDescription$Generic$OfGenericArray$Latent'.
2024-11-12 13:43:17,381 INFO  MethodCallReplacementClassAdapter - Adding mock interface to class net/bytebuddy/description/type/TypeDescription$Generic$OfGenericArray$Latent
2024-11-12 13:43:17,381 INFO  CreateClassResetClassAdapter - Creating brand-new static initializer in class net/bytebuddy/description/type/TypeDescription$Generic$OfGenericArray$Latent
2024-11-12 13:43:17,381 INFO  EvoClassLoader - Keeping class: net.bytebuddy.description.type.TypeDescription$Generic$OfGenericArray$Latent
2024-11-12 13:43:17,381 INFO  EvoClassLoader - Seeing class for first time: net.bytebuddy.description.type.TypeDescription$Generic$Visitor$Substitutor$ForDetachment
2024-11-12 13:43:17,381 INFO  EvoClassLoader - Instrumenting class 'net.bytebuddy.description.type.TypeDescription$Generic$Visitor$Substitutor$ForDetachment'.
2024-11-12 13:43:17,382 INFO  MethodCallReplacementClassAdapter - Adding mock interface to class net/bytebuddy/description/type/TypeDescription$Generic$Visitor$Substitutor$ForDetachment
2024-11-12 13:43:17,383 INFO  CreateClassResetClassAdapter - Creating brand-new static initializer in class net/bytebuddy/description/type/TypeDescription$Generic$Visitor$Substitutor$ForDetachment
2024-11-12 13:43:17,383 INFO  EvoClassLoader - Keeping class: net.bytebuddy.description.type.TypeDescription$Generic$Visitor$Substitutor$ForDetachment
2024-11-12 13:43:17,383 INFO  EvoClassLoader - Seeing class for first time: net.bytebuddy.description.type.TypeDescription$Generic$Visitor$Substitutor$ForTokenNormalization
2024-11-12 13:43:17,383 INFO  EvoClassLoader - Instrumenting class 'net.bytebuddy.description.type.TypeDescription$Generic$Visitor$Substitutor$ForTokenNormalization'.
2024-11-12 13:43:17,384 INFO  MethodCallReplacementClassAdapter - Adding mock interface to class net/bytebuddy/description/type/TypeDescription$Generic$Visitor$Substitutor$ForTokenNormalization
2024-11-12 13:43:17,384 INFO  CreateClassResetClassAdapter - Creating brand-new static initializer in class net/bytebuddy/description/type/TypeDescription$Generic$Visitor$Substitutor$ForTokenNormalization
2024-11-12 13:43:17,384 INFO  EvoClassLoader - Keeping class: net.bytebuddy.description.type.TypeDescription$Generic$Visitor$Substitutor$ForTokenNormalization
2024-11-12 13:43:17,384 INFO  EvoClassLoader - Seeing class for first time: net.bytebuddy.description.type.TypeDescription$Generic$Visitor$Substitutor$ForTypeVariableBinding
2024-11-12 13:43:17,384 INFO  EvoClassLoader - Instrumenting class 'net.bytebuddy.description.type.TypeDescription$Generic$Visitor$Substitutor$ForTypeVariableBinding'.
2024-11-12 13:43:17,385 INFO  MethodCallReplacementClassAdapter - Adding mock interface to class net/bytebuddy/description/type/TypeDescription$Generic$Visitor$Substitutor$ForTypeVariableBinding
2024-11-12 13:43:17,385 INFO  CreateClassResetClassAdapter - Creating brand-new static initializer in class net/bytebuddy/description/type/TypeDescription$Generic$Visitor$Substitutor$ForTypeVariableBinding
2024-11-12 13:43:17,385 INFO  EvoClassLoader - Seeing class for first time: net.bytebuddy.description.type.TypeDescription$Generic$Visitor$Substitutor$WithoutTypeSubstitution
2024-11-12 13:43:17,385 INFO  EvoClassLoader - Instrumenting class 'net.bytebuddy.description.type.TypeDescription$Generic$Visitor$Substitutor$WithoutTypeSubstitution'.
2024-11-12 13:43:17,385 INFO  MethodCallReplacementClassAdapter - Adding mock interface to class net/bytebuddy/description/type/TypeDescription$Generic$Visitor$Substitutor$WithoutTypeSubstitution
2024-11-12 13:43:17,385 INFO  CreateClassResetClassAdapter - Creating brand-new static initializer in class net/bytebuddy/description/type/TypeDescription$Generic$Visitor$Substitutor$WithoutTypeSubstitution
2024-11-12 13:43:17,385 INFO  EvoClassLoader - Keeping class: net.bytebuddy.description.type.TypeDescription$Generic$Visitor$Substitutor$WithoutTypeSubstitution
2024-11-12 13:43:17,385 INFO  EvoClassLoader - Keeping class: net.bytebuddy.description.type.TypeDescription$Generic$Visitor$Substitutor$ForTypeVariableBinding
2024-11-12 13:43:17,385 INFO  EvoClassLoader - Seeing class for first time: net.bytebuddy.dynamic.scaffold.FieldRegistry$Default
2024-11-12 13:43:17,385 INFO  EvoClassLoader - Instrumenting class 'net.bytebuddy.dynamic.scaffold.FieldRegistry$Default'.
2024-11-12 13:43:17,385 INFO  MethodCallReplacementClassAdapter - Adding mock interface to class net/bytebuddy/dynamic/scaffold/FieldRegistry$Default
2024-11-12 13:43:17,385 INFO  CreateClassResetClassAdapter - Creating brand-new static initializer in class net/bytebuddy/dynamic/scaffold/FieldRegistry$Default
2024-11-12 13:43:17,386 INFO  EvoClassLoader - Keeping class: net.bytebuddy.dynamic.scaffold.FieldRegistry$Default
2024-11-12 13:43:17,386 INFO  EvoClassLoader - Seeing class for first time: net.bytebuddy.dynamic.scaffold.FieldRegistry$Compiled
2024-11-12 13:43:17,386 INFO  EvoClassLoader - Instrumenting class 'net.bytebuddy.dynamic.scaffold.FieldRegistry$Compiled'.
2024-11-12 13:43:17,386 INFO  EvoClassLoader - Keeping class: net.bytebuddy.dynamic.scaffold.FieldRegistry$Compiled
2024-11-12 13:43:17,386 INFO  EvoClassLoader - Seeing class for first time: net.bytebuddy.implementation.attribute.FieldAttributeAppender$Factory
2024-11-12 13:43:17,386 INFO  EvoClassLoader - Instrumenting class 'net.bytebuddy.implementation.attribute.FieldAttributeAppender$Factory'.
2024-11-12 13:43:17,386 INFO  EvoClassLoader - Keeping class: net.bytebuddy.implementation.attribute.FieldAttributeAppender$Factory
2024-11-12 13:43:17,386 INFO  EvoClassLoader - Seeing class for first time: net.bytebuddy.dynamic.scaffold.MethodRegistry$Default
2024-11-12 13:43:17,386 INFO  EvoClassLoader - Instrumenting class 'net.bytebuddy.dynamic.scaffold.MethodRegistry$Default'.
2024-11-12 13:43:17,386 INFO  MethodCallReplacementClassAdapter - Adding mock interface to class net/bytebuddy/dynamic/scaffold/MethodRegistry$Default
2024-11-12 13:43:17,387 INFO  CreateClassResetClassAdapter - Creating brand-new static initializer in class net/bytebuddy/dynamic/scaffold/MethodRegistry$Default
2024-11-12 13:43:17,387 INFO  EvoClassLoader - Keeping class: net.bytebuddy.dynamic.scaffold.MethodRegistry$Default
2024-11-12 13:43:17,388 INFO  EvoClassLoader - Seeing class for first time: net.bytebuddy.dynamic.scaffold.MethodRegistry$Prepared
2024-11-12 13:43:17,388 INFO  EvoClassLoader - Instrumenting class 'net.bytebuddy.dynamic.scaffold.MethodRegistry$Prepared'.
2024-11-12 13:43:17,388 INFO  EvoClassLoader - Keeping class: net.bytebuddy.dynamic.scaffold.MethodRegistry$Prepared
2024-11-12 13:43:17,389 INFO  EvoClassLoader - Seeing class for first time: net.bytebuddy.implementation.attribute.TypeAttributeAppender$ForInstrumentedType
2024-11-12 13:43:17,389 INFO  EvoClassLoader - Instrumenting class 'net.bytebuddy.implementation.attribute.TypeAttributeAppender$ForInstrumentedType'.
2024-11-12 13:43:17,389 INFO  MethodCallReplacementClassAdapter - Adding mock interface to class net/bytebuddy/implementation/attribute/TypeAttributeAppender$ForInstrumentedType
2024-11-12 13:43:17,389 INFO  CreateClassResetClassAdapter - Found static initializer in class net/bytebuddy/implementation/attribute/TypeAttributeAppender$ForInstrumentedType
2024-11-12 13:43:17,390 INFO  EvoClassLoader - Keeping class: net.bytebuddy.implementation.attribute.TypeAttributeAppender$ForInstrumentedType
2024-11-12 13:43:17,390 INFO  EvoClassLoader - Seeing class for first time: net.bytebuddy.implementation.attribute.TypeAttributeAppender$Compound
2024-11-12 13:43:17,390 INFO  EvoClassLoader - Instrumenting class 'net.bytebuddy.implementation.attribute.TypeAttributeAppender$Compound'.
2024-11-12 13:43:17,390 INFO  MethodCallReplacementClassAdapter - Adding mock interface to class net/bytebuddy/implementation/attribute/TypeAttributeAppender$Compound
2024-11-12 13:43:17,390 INFO  CreateClassResetClassAdapter - Creating brand-new static initializer in class net/bytebuddy/implementation/attribute/TypeAttributeAppender$Compound
2024-11-12 13:43:17,391 INFO  EvoClassLoader - Keeping class: net.bytebuddy.implementation.attribute.TypeAttributeAppender$Compound
2024-11-12 13:43:17,391 INFO  EvoClassLoader - Seeing class for first time: net.bytebuddy.implementation.attribute.TypeAttributeAppender$Explicit
2024-11-12 13:43:17,391 INFO  EvoClassLoader - Instrumenting class 'net.bytebuddy.implementation.attribute.TypeAttributeAppender$Explicit'.
2024-11-12 13:43:17,391 INFO  MethodCallReplacementClassAdapter - Adding mock interface to class net/bytebuddy/implementation/attribute/TypeAttributeAppender$Explicit
2024-11-12 13:43:17,392 INFO  CreateClassResetClassAdapter - Creating brand-new static initializer in class net/bytebuddy/implementation/attribute/TypeAttributeAppender$Explicit
2024-11-12 13:43:17,392 INFO  EvoClassLoader - Keeping class: net.bytebuddy.implementation.attribute.TypeAttributeAppender$Explicit
2024-11-12 13:43:17,392 INFO  EvoClassLoader - Seeing class for first time: net.bytebuddy.implementation.attribute.AnnotationAppender$Target
2024-11-12 13:43:17,392 INFO  EvoClassLoader - Instrumenting class 'net.bytebuddy.implementation.attribute.AnnotationAppender$Target'.
2024-11-12 13:43:17,392 INFO  EvoClassLoader - Keeping class: net.bytebuddy.implementation.attribute.AnnotationAppender$Target
2024-11-12 13:43:17,392 INFO  EvoClassLoader - Seeing class for first time: net.bytebuddy.implementation.attribute.AnnotationAppender
2024-11-12 13:43:17,392 INFO  EvoClassLoader - Instrumenting class 'net.bytebuddy.implementation.attribute.AnnotationAppender'.
2024-11-12 13:43:17,392 INFO  EvoClassLoader - Keeping class: net.bytebuddy.implementation.attribute.AnnotationAppender
2024-11-12 13:43:17,393 INFO  EvoClassLoader - Seeing class for first time: net.bytebuddy.asm.AsmVisitorWrapper$NoOp
2024-11-12 13:43:17,393 INFO  EvoClassLoader - Instrumenting class 'net.bytebuddy.asm.AsmVisitorWrapper$NoOp'.
2024-11-12 13:43:17,393 INFO  MethodCallReplacementClassAdapter - Adding mock interface to class net/bytebuddy/asm/AsmVisitorWrapper$NoOp
2024-11-12 13:43:17,393 INFO  CreateClassResetClassAdapter - Found static initializer in class net/bytebuddy/asm/AsmVisitorWrapper$NoOp
2024-11-12 13:43:17,393 INFO  EvoClassLoader - Keeping class: net.bytebuddy.asm.AsmVisitorWrapper$NoOp
2024-11-12 13:43:17,393 INFO  EvoClassLoader - Seeing class for first time: net.bytebuddy.asm.AsmVisitorWrapper$Compound
2024-11-12 13:43:17,393 INFO  EvoClassLoader - Instrumenting class 'net.bytebuddy.asm.AsmVisitorWrapper$Compound'.
2024-11-12 13:43:17,393 INFO  MethodCallReplacementClassAdapter - Adding mock interface to class net/bytebuddy/asm/AsmVisitorWrapper$Compound
2024-11-12 13:43:17,393 INFO  CreateClassResetClassAdapter - Creating brand-new static initializer in class net/bytebuddy/asm/AsmVisitorWrapper$Compound
2024-11-12 13:43:17,393 INFO  EvoClassLoader - Keeping class: net.bytebuddy.asm.AsmVisitorWrapper$Compound
2024-11-12 13:43:17,393 INFO  EvoClassLoader - Seeing class for first time: net.bytebuddy.asm.AsmVisitorWrapper$ForDeclaredMethods
2024-11-12 13:43:17,393 INFO  EvoClassLoader - Instrumenting class 'net.bytebuddy.asm.AsmVisitorWrapper$ForDeclaredMethods'.
2024-11-12 13:43:17,394 INFO  MethodCallReplacementClassAdapter - Adding mock interface to class net/bytebuddy/asm/AsmVisitorWrapper$ForDeclaredMethods
2024-11-12 13:43:17,394 INFO  CreateClassResetClassAdapter - Creating brand-new static initializer in class net/bytebuddy/asm/AsmVisitorWrapper$ForDeclaredMethods
2024-11-12 13:43:17,394 INFO  EvoClassLoader - Keeping class: net.bytebuddy.asm.AsmVisitorWrapper$ForDeclaredMethods
2024-11-12 13:43:17,394 INFO  EvoClassLoader - Seeing class for first time: net.bytebuddy.asm.AsmVisitorWrapper$ForDeclaredFields
2024-11-12 13:43:17,394 INFO  EvoClassLoader - Instrumenting class 'net.bytebuddy.asm.AsmVisitorWrapper$ForDeclaredFields'.
2024-11-12 13:43:17,394 INFO  MethodCallReplacementClassAdapter - Adding mock interface to class net/bytebuddy/asm/AsmVisitorWrapper$ForDeclaredFields
2024-11-12 13:43:17,394 INFO  CreateClassResetClassAdapter - Creating brand-new static initializer in class net/bytebuddy/asm/AsmVisitorWrapper$ForDeclaredFields
2024-11-12 13:43:17,394 INFO  EvoClassLoader - Seeing class for first time: net.bytebuddy.asm.AsmVisitorWrapper$AbstractBase
2024-11-12 13:43:17,394 INFO  EvoClassLoader - Instrumenting class 'net.bytebuddy.asm.AsmVisitorWrapper$AbstractBase'.
2024-11-12 13:43:17,394 INFO  MethodCallReplacementClassAdapter - Adding mock interface to class net/bytebuddy/asm/AsmVisitorWrapper$AbstractBase
2024-11-12 13:43:17,394 INFO  CreateClassResetClassAdapter - Creating brand-new static initializer in class net/bytebuddy/asm/AsmVisitorWrapper$AbstractBase
2024-11-12 13:43:17,395 INFO  EvoClassLoader - Keeping class: net.bytebuddy.asm.AsmVisitorWrapper$AbstractBase
2024-11-12 13:43:17,395 INFO  EvoClassLoader - Keeping class: net.bytebuddy.asm.AsmVisitorWrapper$ForDeclaredFields
2024-11-12 13:43:17,395 INFO  EvoClassLoader - Seeing class for first time: net.bytebuddy.dynamic.DynamicType$Builder$AbstractBase$Adapter$OptionalMethodMatchAdapter
2024-11-12 13:43:17,395 INFO  EvoClassLoader - Instrumenting class 'net.bytebuddy.dynamic.DynamicType$Builder$AbstractBase$Adapter$OptionalMethodMatchAdapter'.
2024-11-12 13:43:17,395 INFO  MethodCallReplacementClassAdapter - Adding mock interface to class net/bytebuddy/dynamic/DynamicType$Builder$AbstractBase$Adapter$OptionalMethodMatchAdapter
2024-11-12 13:43:17,395 INFO  CreateClassResetClassAdapter - Creating brand-new static initializer in class net/bytebuddy/dynamic/DynamicType$Builder$AbstractBase$Adapter$OptionalMethodMatchAdapter
2024-11-12 13:43:17,396 INFO  EvoClassLoader - Keeping class: net.bytebuddy.dynamic.DynamicType$Builder$AbstractBase$Adapter$OptionalMethodMatchAdapter
2024-11-12 13:43:17,396 INFO  EvoClassLoader - Seeing class for first time: net.bytebuddy.matcher.MethodSortMatcher
2024-11-12 13:43:17,396 INFO  EvoClassLoader - Instrumenting class 'net.bytebuddy.matcher.MethodSortMatcher'.
2024-11-12 13:43:17,396 INFO  MethodCallReplacementClassAdapter - Adding mock interface to class net/bytebuddy/matcher/MethodSortMatcher
2024-11-12 13:43:17,396 INFO  CreateClassResetClassAdapter - Creating brand-new static initializer in class net/bytebuddy/matcher/MethodSortMatcher
2024-11-12 13:43:17,396 INFO  EvoClassLoader - Keeping class: net.bytebuddy.matcher.MethodSortMatcher
2024-11-12 13:43:17,397 INFO  EvoClassLoader - Seeing class for first time: net.bytebuddy.matcher.MethodSortMatcher$Sort
2024-11-12 13:43:17,397 INFO  EvoClassLoader - Instrumenting class 'net.bytebuddy.matcher.MethodSortMatcher$Sort'.
2024-11-12 13:43:17,397 INFO  MethodCallReplacementClassAdapter - Adding mock interface to class net/bytebuddy/matcher/MethodSortMatcher$Sort
2024-11-12 13:43:17,397 INFO  CreateClassResetClassAdapter - Found static initializer in class net/bytebuddy/matcher/MethodSortMatcher$Sort
2024-11-12 13:43:17,397 INFO  EvoClassLoader - Keeping class: net.bytebuddy.matcher.MethodSortMatcher$Sort
2024-11-12 13:43:17,397 INFO  EvoClassLoader - Seeing class for first time: net.bytebuddy.matcher.MethodSortMatcher$Sort$1
2024-11-12 13:43:17,397 INFO  EvoClassLoader - Instrumenting class 'net.bytebuddy.matcher.MethodSortMatcher$Sort$1'.
2024-11-12 13:43:17,397 INFO  MethodCallReplacementClassAdapter - Adding mock interface to class net/bytebuddy/matcher/MethodSortMatcher$Sort$1
2024-11-12 13:43:17,397 INFO  EvoClassLoader - Keeping class: net.bytebuddy.matcher.MethodSortMatcher$Sort$1
2024-11-12 13:43:17,397 INFO  EvoClassLoader - Seeing class for first time: net.bytebuddy.matcher.MethodSortMatcher$Sort$2
2024-11-12 13:43:17,397 INFO  EvoClassLoader - Instrumenting class 'net.bytebuddy.matcher.MethodSortMatcher$Sort$2'.
2024-11-12 13:43:17,397 INFO  MethodCallReplacementClassAdapter - Adding mock interface to class net/bytebuddy/matcher/MethodSortMatcher$Sort$2
2024-11-12 13:43:17,397 INFO  EvoClassLoader - Keeping class: net.bytebuddy.matcher.MethodSortMatcher$Sort$2
2024-11-12 13:43:17,397 INFO  EvoClassLoader - Seeing class for first time: net.bytebuddy.matcher.MethodSortMatcher$Sort$3
2024-11-12 13:43:17,397 INFO  EvoClassLoader - Instrumenting class 'net.bytebuddy.matcher.MethodSortMatcher$Sort$3'.
2024-11-12 13:43:17,398 INFO  MethodCallReplacementClassAdapter - Adding mock interface to class net/bytebuddy/matcher/MethodSortMatcher$Sort$3
2024-11-12 13:43:17,398 INFO  EvoClassLoader - Keeping class: net.bytebuddy.matcher.MethodSortMatcher$Sort$3
2024-11-12 13:43:17,398 INFO  EvoClassLoader - Seeing class for first time: net.bytebuddy.matcher.MethodSortMatcher$Sort$4
2024-11-12 13:43:17,398 INFO  EvoClassLoader - Instrumenting class 'net.bytebuddy.matcher.MethodSortMatcher$Sort$4'.
2024-11-12 13:43:17,398 INFO  MethodCallReplacementClassAdapter - Adding mock interface to class net/bytebuddy/matcher/MethodSortMatcher$Sort$4
2024-11-12 13:43:17,398 INFO  EvoClassLoader - Keeping class: net.bytebuddy.matcher.MethodSortMatcher$Sort$4
2024-11-12 13:43:17,398 INFO  EvoClassLoader - Seeing class for first time: net.bytebuddy.matcher.MethodSortMatcher$Sort$5
2024-11-12 13:43:17,398 INFO  EvoClassLoader - Instrumenting class 'net.bytebuddy.matcher.MethodSortMatcher$Sort$5'.
2024-11-12 13:43:17,398 INFO  MethodCallReplacementClassAdapter - Adding mock interface to class net/bytebuddy/matcher/MethodSortMatcher$Sort$5
2024-11-12 13:43:17,398 INFO  EvoClassLoader - Keeping class: net.bytebuddy.matcher.MethodSortMatcher$Sort$5
2024-11-12 13:43:17,399 INFO  EvoClassLoader - Seeing class for first time: net.bytebuddy.dynamic.DynamicType$Builder$MethodDefinition$ImplementationDefinition$AbstractBase
2024-11-12 13:43:17,399 INFO  EvoClassLoader - Instrumenting class 'net.bytebuddy.dynamic.DynamicType$Builder$MethodDefinition$ImplementationDefinition$AbstractBase'.
2024-11-12 13:43:17,399 INFO  MethodCallReplacementClassAdapter - Adding mock interface to class net/bytebuddy/dynamic/DynamicType$Builder$MethodDefinition$ImplementationDefinition$AbstractBase
2024-11-12 13:43:17,399 INFO  CreateClassResetClassAdapter - Creating brand-new static initializer in class net/bytebuddy/dynamic/DynamicType$Builder$MethodDefinition$ImplementationDefinition$AbstractBase
2024-11-12 13:43:17,400 INFO  EvoClassLoader - Keeping class: net.bytebuddy.dynamic.DynamicType$Builder$MethodDefinition$ImplementationDefinition$AbstractBase
2024-11-12 13:43:17,400 INFO  EvoClassLoader - Seeing class for first time: net.bytebuddy.dynamic.DynamicType$Builder$AbstractBase$Adapter$MethodMatchAdapter
2024-11-12 13:43:17,400 INFO  EvoClassLoader - Instrumenting class 'net.bytebuddy.dynamic.DynamicType$Builder$AbstractBase$Adapter$MethodMatchAdapter'.
2024-11-12 13:43:17,400 INFO  MethodCallReplacementClassAdapter - Adding mock interface to class net/bytebuddy/dynamic/DynamicType$Builder$AbstractBase$Adapter$MethodMatchAdapter
2024-11-12 13:43:17,400 INFO  CreateClassResetClassAdapter - Creating brand-new static initializer in class net/bytebuddy/dynamic/DynamicType$Builder$AbstractBase$Adapter$MethodMatchAdapter
2024-11-12 13:43:17,401 INFO  EvoClassLoader - Keeping class: net.bytebuddy.dynamic.DynamicType$Builder$AbstractBase$Adapter$MethodMatchAdapter
2024-11-12 13:43:17,401 INFO  EvoClassLoader - Seeing class for first time: net.bytebuddy.dynamic.scaffold.MethodRegistry$Handler$ForImplementation
2024-11-12 13:43:17,401 INFO  EvoClassLoader - Instrumenting class 'net.bytebuddy.dynamic.scaffold.MethodRegistry$Handler$ForImplementation'.
2024-11-12 13:43:17,401 INFO  MethodCallReplacementClassAdapter - Adding mock interface to class net/bytebuddy/dynamic/scaffold/MethodRegistry$Handler$ForImplementation
2024-11-12 13:43:17,401 INFO  CreateClassResetClassAdapter - Creating brand-new static initializer in class net/bytebuddy/dynamic/scaffold/MethodRegistry$Handler$ForImplementation
2024-11-12 13:43:17,401 INFO  EvoClassLoader - Keeping class: net.bytebuddy.dynamic.scaffold.MethodRegistry$Handler$ForImplementation
2024-11-12 13:43:17,401 INFO  EvoClassLoader - Seeing class for first time: net.bytebuddy.dynamic.scaffold.MethodRegistry$Handler$ForAnnotationValue
2024-11-12 13:43:17,401 INFO  EvoClassLoader - Instrumenting class 'net.bytebuddy.dynamic.scaffold.MethodRegistry$Handler$ForAnnotationValue'.
2024-11-12 13:43:17,402 INFO  MethodCallReplacementClassAdapter - Adding mock interface to class net/bytebuddy/dynamic/scaffold/MethodRegistry$Handler$ForAnnotationValue
2024-11-12 13:43:17,402 INFO  CreateClassResetClassAdapter - Creating brand-new static initializer in class net/bytebuddy/dynamic/scaffold/MethodRegistry$Handler$ForAnnotationValue
2024-11-12 13:43:17,402 INFO  EvoClassLoader - Seeing class for first time: net.bytebuddy.dynamic.scaffold.MethodRegistry$Handler$Compiled
2024-11-12 13:43:17,402 INFO  EvoClassLoader - Instrumenting class 'net.bytebuddy.dynamic.scaffold.MethodRegistry$Handler$Compiled'.
2024-11-12 13:43:17,402 INFO  EvoClassLoader - Keeping class: net.bytebuddy.dynamic.scaffold.MethodRegistry$Handler$Compiled
2024-11-12 13:43:17,402 INFO  EvoClassLoader - Keeping class: net.bytebuddy.dynamic.scaffold.MethodRegistry$Handler$ForAnnotationValue
2024-11-12 13:43:17,402 INFO  EvoClassLoader - Seeing class for first time: net.bytebuddy.dynamic.scaffold.MethodRegistry$Handler$ForImplementation$Compiled
2024-11-12 13:43:17,402 INFO  EvoClassLoader - Instrumenting class 'net.bytebuddy.dynamic.scaffold.MethodRegistry$Handler$ForImplementation$Compiled'.
2024-11-12 13:43:17,402 INFO  MethodCallReplacementClassAdapter - Adding mock interface to class net/bytebuddy/dynamic/scaffold/MethodRegistry$Handler$ForImplementation$Compiled
2024-11-12 13:43:17,402 INFO  CreateClassResetClassAdapter - Creating brand-new static initializer in class net/bytebuddy/dynamic/scaffold/MethodRegistry$Handler$ForImplementation$Compiled
2024-11-12 13:43:17,402 INFO  EvoClassLoader - Keeping class: net.bytebuddy.dynamic.scaffold.MethodRegistry$Handler$ForImplementation$Compiled
2024-11-12 13:43:17,402 INFO  EvoClassLoader - Seeing class for first time: net.bytebuddy.dynamic.DynamicType$Builder$MethodDefinition$AbstractBase
2024-11-12 13:43:17,402 INFO  EvoClassLoader - Instrumenting class 'net.bytebuddy.dynamic.DynamicType$Builder$MethodDefinition$AbstractBase'.
2024-11-12 13:43:17,403 INFO  MethodCallReplacementClassAdapter - Adding mock interface to class net/bytebuddy/dynamic/DynamicType$Builder$MethodDefinition$AbstractBase
2024-11-12 13:43:17,403 INFO  CreateClassResetClassAdapter - Creating brand-new static initializer in class net/bytebuddy/dynamic/DynamicType$Builder$MethodDefinition$AbstractBase
2024-11-12 13:43:17,403 INFO  EvoClassLoader - Keeping class: net.bytebuddy.dynamic.DynamicType$Builder$MethodDefinition$AbstractBase
2024-11-12 13:43:17,403 INFO  EvoClassLoader - Seeing class for first time: net.bytebuddy.dynamic.DynamicType$Builder$MethodDefinition$ReceiverTypeDefinition$AbstractBase
2024-11-12 13:43:17,403 INFO  EvoClassLoader - Instrumenting class 'net.bytebuddy.dynamic.DynamicType$Builder$MethodDefinition$ReceiverTypeDefinition$AbstractBase'.
2024-11-12 13:43:17,403 INFO  MethodCallReplacementClassAdapter - Adding mock interface to class net/bytebuddy/dynamic/DynamicType$Builder$MethodDefinition$ReceiverTypeDefinition$AbstractBase
2024-11-12 13:43:17,403 INFO  CreateClassResetClassAdapter - Creating brand-new static initializer in class net/bytebuddy/dynamic/DynamicType$Builder$MethodDefinition$ReceiverTypeDefinition$AbstractBase
2024-11-12 13:43:17,403 INFO  EvoClassLoader - Keeping class: net.bytebuddy.dynamic.DynamicType$Builder$MethodDefinition$ReceiverTypeDefinition$AbstractBase
2024-11-12 13:43:17,403 INFO  EvoClassLoader - Seeing class for first time: net.bytebuddy.dynamic.DynamicType$Builder$MethodDefinition$AbstractBase$Adapter
2024-11-12 13:43:17,403 INFO  EvoClassLoader - Instrumenting class 'net.bytebuddy.dynamic.DynamicType$Builder$MethodDefinition$AbstractBase$Adapter'.
2024-11-12 13:43:17,403 INFO  MethodCallReplacementClassAdapter - Adding mock interface to class net/bytebuddy/dynamic/DynamicType$Builder$MethodDefinition$AbstractBase$Adapter
2024-11-12 13:43:17,404 INFO  CreateClassResetClassAdapter - Creating brand-new static initializer in class net/bytebuddy/dynamic/DynamicType$Builder$MethodDefinition$AbstractBase$Adapter
2024-11-12 13:43:17,404 INFO  EvoClassLoader - Keeping class: net.bytebuddy.dynamic.DynamicType$Builder$MethodDefinition$AbstractBase$Adapter
2024-11-12 13:43:17,404 INFO  EvoClassLoader - Seeing class for first time: net.bytebuddy.dynamic.DynamicType$Builder$AbstractBase$Adapter$MethodMatchAdapter$AnnotationAdapter
2024-11-12 13:43:17,404 INFO  EvoClassLoader - Instrumenting class 'net.bytebuddy.dynamic.DynamicType$Builder$AbstractBase$Adapter$MethodMatchAdapter$AnnotationAdapter'.
2024-11-12 13:43:17,404 INFO  MethodCallReplacementClassAdapter - Adding mock interface to class net/bytebuddy/dynamic/DynamicType$Builder$AbstractBase$Adapter$MethodMatchAdapter$AnnotationAdapter
2024-11-12 13:43:17,404 INFO  CreateClassResetClassAdapter - Creating brand-new static initializer in class net/bytebuddy/dynamic/DynamicType$Builder$AbstractBase$Adapter$MethodMatchAdapter$AnnotationAdapter
2024-11-12 13:43:17,404 INFO  EvoClassLoader - Keeping class: net.bytebuddy.dynamic.DynamicType$Builder$AbstractBase$Adapter$MethodMatchAdapter$AnnotationAdapter
2024-11-12 13:43:17,405 INFO  EvoClassLoader - Seeing class for first time: net.bytebuddy.implementation.attribute.MethodAttributeAppender$Compound
2024-11-12 13:43:17,405 INFO  EvoClassLoader - Instrumenting class 'net.bytebuddy.implementation.attribute.MethodAttributeAppender$Compound'.
2024-11-12 13:43:17,405 INFO  MethodCallReplacementClassAdapter - Adding mock interface to class net/bytebuddy/implementation/attribute/MethodAttributeAppender$Compound
2024-11-12 13:43:17,412 INFO  CreateClassResetClassAdapter - Creating brand-new static initializer in class net/bytebuddy/implementation/attribute/MethodAttributeAppender$Compound
2024-11-12 13:43:17,412 INFO  EvoClassLoader - Keeping class: net.bytebuddy.implementation.attribute.MethodAttributeAppender$Compound
2024-11-12 13:43:17,412 INFO  EvoClassLoader - Seeing class for first time: net.bytebuddy.implementation.attribute.MethodAttributeAppender$ForReceiverType
2024-11-12 13:43:17,412 INFO  EvoClassLoader - Instrumenting class 'net.bytebuddy.implementation.attribute.MethodAttributeAppender$ForReceiverType'.
2024-11-12 13:43:17,412 INFO  MethodCallReplacementClassAdapter - Adding mock interface to class net/bytebuddy/implementation/attribute/MethodAttributeAppender$ForReceiverType
2024-11-12 13:43:17,412 INFO  CreateClassResetClassAdapter - Creating brand-new static initializer in class net/bytebuddy/implementation/attribute/MethodAttributeAppender$ForReceiverType
2024-11-12 13:43:17,413 INFO  EvoClassLoader - Keeping class: net.bytebuddy.implementation.attribute.MethodAttributeAppender$ForReceiverType
2024-11-12 13:43:17,413 INFO  EvoClassLoader - Seeing class for first time: net.bytebuddy.implementation.attribute.MethodAttributeAppender$Explicit
2024-11-12 13:43:17,413 INFO  EvoClassLoader - Instrumenting class 'net.bytebuddy.implementation.attribute.MethodAttributeAppender$Explicit'.
2024-11-12 13:43:17,413 INFO  MethodCallReplacementClassAdapter - Adding mock interface to class net/bytebuddy/implementation/attribute/MethodAttributeAppender$Explicit
2024-11-12 13:43:17,413 INFO  CreateClassResetClassAdapter - Creating brand-new static initializer in class net/bytebuddy/implementation/attribute/MethodAttributeAppender$Explicit
2024-11-12 13:43:17,413 INFO  EvoClassLoader - Keeping class: net.bytebuddy.implementation.attribute.MethodAttributeAppender$Explicit
2024-11-12 13:43:17,413 INFO  EvoClassLoader - Seeing class for first time: net.bytebuddy.dynamic.Transformer$NoOp
2024-11-12 13:43:17,413 INFO  EvoClassLoader - Instrumenting class 'net.bytebuddy.dynamic.Transformer$NoOp'.
2024-11-12 13:43:17,415 INFO  MethodCallReplacementClassAdapter - Adding mock interface to class net/bytebuddy/dynamic/Transformer$NoOp
2024-11-12 13:43:17,415 INFO  CreateClassResetClassAdapter - Found static initializer in class net/bytebuddy/dynamic/Transformer$NoOp
2024-11-12 13:43:17,415 INFO  EvoClassLoader - Keeping class: net.bytebuddy.dynamic.Transformer$NoOp
2024-11-12 13:43:17,415 INFO  EvoClassLoader - Seeing class for first time: net.bytebuddy.dynamic.Transformer$Compound
2024-11-12 13:43:17,415 INFO  EvoClassLoader - Instrumenting class 'net.bytebuddy.dynamic.Transformer$Compound'.
2024-11-12 13:43:17,415 INFO  MethodCallReplacementClassAdapter - Adding mock interface to class net/bytebuddy/dynamic/Transformer$Compound
2024-11-12 13:43:17,415 INFO  CreateClassResetClassAdapter - Creating brand-new static initializer in class net/bytebuddy/dynamic/Transformer$Compound
2024-11-12 13:43:17,416 INFO  EvoClassLoader - Keeping class: net.bytebuddy.dynamic.Transformer$Compound
2024-11-12 13:43:17,416 INFO  EvoClassLoader - Seeing class for first time: net.bytebuddy.dynamic.Transformer$ForMethod
2024-11-12 13:43:17,416 INFO  EvoClassLoader - Instrumenting class 'net.bytebuddy.dynamic.Transformer$ForMethod'.
2024-11-12 13:43:17,416 INFO  MethodCallReplacementClassAdapter - Adding mock interface to class net/bytebuddy/dynamic/Transformer$ForMethod
2024-11-12 13:43:17,416 INFO  CreateClassResetClassAdapter - Creating brand-new static initializer in class net/bytebuddy/dynamic/Transformer$ForMethod
2024-11-12 13:43:17,416 INFO  EvoClassLoader - Keeping class: net.bytebuddy.dynamic.Transformer$ForMethod
2024-11-12 13:43:17,416 INFO  EvoClassLoader - Seeing class for first time: net.bytebuddy.dynamic.Transformer$ForField
2024-11-12 13:43:17,416 INFO  EvoClassLoader - Instrumenting class 'net.bytebuddy.dynamic.Transformer$ForField'.
2024-11-12 13:43:17,416 INFO  MethodCallReplacementClassAdapter - Adding mock interface to class net/bytebuddy/dynamic/Transformer$ForField
2024-11-12 13:43:17,417 INFO  CreateClassResetClassAdapter - Creating brand-new static initializer in class net/bytebuddy/dynamic/Transformer$ForField
2024-11-12 13:43:17,417 INFO  EvoClassLoader - Keeping class: net.bytebuddy.dynamic.Transformer$ForField
2024-11-12 13:43:17,417 INFO  EvoClassLoader - Seeing class for first time: net.bytebuddy.dynamic.Transformer$ForMethod$MethodModifierTransformer
2024-11-12 13:43:17,417 INFO  EvoClassLoader - Instrumenting class 'net.bytebuddy.dynamic.Transformer$ForMethod$MethodModifierTransformer'.
2024-11-12 13:43:17,417 INFO  MethodCallReplacementClassAdapter - Adding mock interface to class net/bytebuddy/dynamic/Transformer$ForMethod$MethodModifierTransformer
2024-11-12 13:43:17,417 INFO  CreateClassResetClassAdapter - Creating brand-new static initializer in class net/bytebuddy/dynamic/Transformer$ForMethod$MethodModifierTransformer
2024-11-12 13:43:17,418 INFO  EvoClassLoader - Keeping class: net.bytebuddy.dynamic.Transformer$ForMethod$MethodModifierTransformer
2024-11-12 13:43:17,418 INFO  EvoClassLoader - Seeing class for first time: net.bytebuddy.dynamic.Transformer$ForMethod$TransformedMethod
2024-11-12 13:43:17,418 INFO  EvoClassLoader - Instrumenting class 'net.bytebuddy.dynamic.Transformer$ForMethod$TransformedMethod'.
2024-11-12 13:43:17,418 INFO  MethodCallReplacementClassAdapter - Adding mock interface to class net/bytebuddy/dynamic/Transformer$ForMethod$TransformedMethod
2024-11-12 13:43:17,418 INFO  CreateClassResetClassAdapter - Creating brand-new static initializer in class net/bytebuddy/dynamic/Transformer$ForMethod$TransformedMethod
2024-11-12 13:43:17,418 INFO  EvoClassLoader - Keeping class: net.bytebuddy.dynamic.Transformer$ForMethod$TransformedMethod
2024-11-12 13:43:17,418 INFO  EvoClassLoader - Seeing class for first time: net.bytebuddy.implementation.attribute.MethodAttributeAppender$ForInstrumentedMethod$1
2024-11-12 13:43:17,418 INFO  EvoClassLoader - Instrumenting class 'net.bytebuddy.implementation.attribute.MethodAttributeAppender$ForInstrumentedMethod$1'.
2024-11-12 13:43:17,419 INFO  MethodCallReplacementClassAdapter - Adding mock interface to class net/bytebuddy/implementation/attribute/MethodAttributeAppender$ForInstrumentedMethod$1
2024-11-12 13:43:17,419 INFO  EvoClassLoader - Keeping class: net.bytebuddy.implementation.attribute.MethodAttributeAppender$ForInstrumentedMethod$1
2024-11-12 13:43:17,419 INFO  EvoClassLoader - Seeing class for first time: net.bytebuddy.implementation.attribute.MethodAttributeAppender$ForInstrumentedMethod$2
2024-11-12 13:43:17,419 INFO  EvoClassLoader - Instrumenting class 'net.bytebuddy.implementation.attribute.MethodAttributeAppender$ForInstrumentedMethod$2'.
2024-11-12 13:43:17,419 INFO  MethodCallReplacementClassAdapter - Adding mock interface to class net/bytebuddy/implementation/attribute/MethodAttributeAppender$ForInstrumentedMethod$2
2024-11-12 13:43:17,419 INFO  EvoClassLoader - Keeping class: net.bytebuddy.implementation.attribute.MethodAttributeAppender$ForInstrumentedMethod$2
2024-11-12 13:43:17,419 INFO  EvoClassLoader - Seeing class for first time: net.bytebuddy.implementation.attribute.MethodAttributeAppender$Factory$Compound
2024-11-12 13:43:17,419 INFO  EvoClassLoader - Instrumenting class 'net.bytebuddy.implementation.attribute.MethodAttributeAppender$Factory$Compound'.
2024-11-12 13:43:17,419 INFO  MethodCallReplacementClassAdapter - Adding mock interface to class net/bytebuddy/implementation/attribute/MethodAttributeAppender$Factory$Compound
2024-11-12 13:43:17,419 INFO  CreateClassResetClassAdapter - Creating brand-new static initializer in class net/bytebuddy/implementation/attribute/MethodAttributeAppender$Factory$Compound
2024-11-12 13:43:17,420 INFO  EvoClassLoader - Keeping class: net.bytebuddy.implementation.attribute.MethodAttributeAppender$Factory$Compound
2024-11-12 13:43:17,420 INFO  EvoClassLoader - Seeing class for first time: net.bytebuddy.dynamic.scaffold.MethodRegistry$Default$Entry
2024-11-12 13:43:17,420 INFO  EvoClassLoader - Instrumenting class 'net.bytebuddy.dynamic.scaffold.MethodRegistry$Default$Entry'.
2024-11-12 13:43:17,420 INFO  MethodCallReplacementClassAdapter - Adding mock interface to class net/bytebuddy/dynamic/scaffold/MethodRegistry$Default$Entry
2024-11-12 13:43:17,420 INFO  CreateClassResetClassAdapter - Creating brand-new static initializer in class net/bytebuddy/dynamic/scaffold/MethodRegistry$Default$Entry
2024-11-12 13:43:17,420 INFO  EvoClassLoader - Keeping class: net.bytebuddy.dynamic.scaffold.MethodRegistry$Default$Entry
2024-11-12 13:43:17,420 INFO  EvoClassLoader - Seeing class for first time: net.bytebuddy.dynamic.scaffold.MethodRegistry$Default$Compiled
2024-11-12 13:43:17,420 INFO  EvoClassLoader - Instrumenting class 'net.bytebuddy.dynamic.scaffold.MethodRegistry$Default$Compiled'.
2024-11-12 13:43:17,420 INFO  MethodCallReplacementClassAdapter - Adding mock interface to class net/bytebuddy/dynamic/scaffold/MethodRegistry$Default$Compiled
2024-11-12 13:43:17,421 INFO  CreateClassResetClassAdapter - Creating brand-new static initializer in class net/bytebuddy/dynamic/scaffold/MethodRegistry$Default$Compiled
2024-11-12 13:43:17,421 INFO  EvoClassLoader - Seeing class for first time: net.bytebuddy.dynamic.scaffold.MethodRegistry$Compiled
2024-11-12 13:43:17,421 INFO  EvoClassLoader - Instrumenting class 'net.bytebuddy.dynamic.scaffold.MethodRegistry$Compiled'.
2024-11-12 13:43:17,421 INFO  EvoClassLoader - Seeing class for first time: net.bytebuddy.dynamic.scaffold.TypeWriter$MethodPool
2024-11-12 13:43:17,421 INFO  EvoClassLoader - Instrumenting class 'net.bytebuddy.dynamic.scaffold.TypeWriter$MethodPool'.
2024-11-12 13:43:17,421 INFO  EvoClassLoader - Keeping class: net.bytebuddy.dynamic.scaffold.TypeWriter$MethodPool
2024-11-12 13:43:17,421 INFO  EvoClassLoader - Keeping class: net.bytebuddy.dynamic.scaffold.MethodRegistry$Compiled
2024-11-12 13:43:17,421 INFO  EvoClassLoader - Keeping class: net.bytebuddy.dynamic.scaffold.MethodRegistry$Default$Compiled
2024-11-12 13:43:17,421 INFO  EvoClassLoader - Seeing class for first time: net.bytebuddy.dynamic.scaffold.MethodRegistry$Default$Prepared
2024-11-12 13:43:17,421 INFO  EvoClassLoader - Instrumenting class 'net.bytebuddy.dynamic.scaffold.MethodRegistry$Default$Prepared'.
2024-11-12 13:43:17,422 INFO  MethodCallReplacementClassAdapter - Adding mock interface to class net/bytebuddy/dynamic/scaffold/MethodRegistry$Default$Prepared
2024-11-12 13:43:17,422 INFO  CreateClassResetClassAdapter - Creating brand-new static initializer in class net/bytebuddy/dynamic/scaffold/MethodRegistry$Default$Prepared
2024-11-12 13:43:17,422 INFO  EvoClassLoader - Keeping class: net.bytebuddy.dynamic.scaffold.MethodRegistry$Default$Prepared
2024-11-12 13:43:17,422 INFO  EvoClassLoader - Seeing class for first time: net.bytebuddy.dynamic.scaffold.MethodRegistry$Default$Prepared$Entry
2024-11-12 13:43:17,422 INFO  EvoClassLoader - Instrumenting class 'net.bytebuddy.dynamic.scaffold.MethodRegistry$Default$Prepared$Entry'.
2024-11-12 13:43:17,422 INFO  MethodCallReplacementClassAdapter - Adding mock interface to class net/bytebuddy/dynamic/scaffold/MethodRegistry$Default$Prepared$Entry
2024-11-12 13:43:17,423 INFO  CreateClassResetClassAdapter - Creating brand-new static initializer in class net/bytebuddy/dynamic/scaffold/MethodRegistry$Default$Prepared$Entry
2024-11-12 13:43:17,423 INFO  EvoClassLoader - Keeping class: net.bytebuddy.dynamic.scaffold.MethodRegistry$Default$Prepared$Entry
2024-11-12 13:43:17,423 INFO  EvoClassLoader - Seeing class for first time: net.bytebuddy.matcher.CollectionOneToOneMatcher
2024-11-12 13:43:17,423 INFO  EvoClassLoader - Instrumenting class 'net.bytebuddy.matcher.CollectionOneToOneMatcher'.
2024-11-12 13:43:17,423 INFO  MethodCallReplacementClassAdapter - Adding mock interface to class net/bytebuddy/matcher/CollectionOneToOneMatcher
2024-11-12 13:43:17,423 INFO  CreateClassResetClassAdapter - Creating brand-new static initializer in class net/bytebuddy/matcher/CollectionOneToOneMatcher
2024-11-12 13:43:17,423 INFO  EvoClassLoader - Keeping class: net.bytebuddy.matcher.CollectionOneToOneMatcher
2024-11-12 13:43:17,423 INFO  EvoClassLoader - Seeing class for first time: net.bytebuddy.matcher.CollectionErasureMatcher
2024-11-12 13:43:17,423 INFO  EvoClassLoader - Instrumenting class 'net.bytebuddy.matcher.CollectionErasureMatcher'.
2024-11-12 13:43:17,424 INFO  MethodCallReplacementClassAdapter - Adding mock interface to class net/bytebuddy/matcher/CollectionErasureMatcher
2024-11-12 13:43:17,424 INFO  CreateClassResetClassAdapter - Creating brand-new static initializer in class net/bytebuddy/matcher/CollectionErasureMatcher
2024-11-12 13:43:17,424 INFO  EvoClassLoader - Keeping class: net.bytebuddy.matcher.CollectionErasureMatcher
2024-11-12 13:43:17,424 INFO  EvoClassLoader - Seeing class for first time: net.bytebuddy.matcher.MethodParameterTypesMatcher
2024-11-12 13:43:17,424 INFO  EvoClassLoader - Instrumenting class 'net.bytebuddy.matcher.MethodParameterTypesMatcher'.
2024-11-12 13:43:17,424 INFO  MethodCallReplacementClassAdapter - Adding mock interface to class net/bytebuddy/matcher/MethodParameterTypesMatcher
2024-11-12 13:43:17,424 INFO  CreateClassResetClassAdapter - Creating brand-new static initializer in class net/bytebuddy/matcher/MethodParameterTypesMatcher
2024-11-12 13:43:17,424 INFO  EvoClassLoader - Keeping class: net.bytebuddy.matcher.MethodParameterTypesMatcher
2024-11-12 13:43:17,425 INFO  EvoClassLoader - Seeing class for first time: net.bytebuddy.dynamic.DynamicType$Builder$FieldDefinition$Optional$AbstractBase
2024-11-12 13:43:17,425 INFO  EvoClassLoader - Instrumenting class 'net.bytebuddy.dynamic.DynamicType$Builder$FieldDefinition$Optional$AbstractBase'.
2024-11-12 13:43:17,425 INFO  MethodCallReplacementClassAdapter - Adding mock interface to class net/bytebuddy/dynamic/DynamicType$Builder$FieldDefinition$Optional$AbstractBase
2024-11-12 13:43:17,425 INFO  CreateClassResetClassAdapter - Creating brand-new static initializer in class net/bytebuddy/dynamic/DynamicType$Builder$FieldDefinition$Optional$AbstractBase
2024-11-12 13:43:17,425 INFO  EvoClassLoader - Keeping class: net.bytebuddy.dynamic.DynamicType$Builder$FieldDefinition$Optional$AbstractBase
2024-11-12 13:43:17,425 INFO  EvoClassLoader - Seeing class for first time: net.bytebuddy.dynamic.DynamicType$Builder$FieldDefinition$Optional$Valuable$AbstractBase
2024-11-12 13:43:17,425 INFO  EvoClassLoader - Instrumenting class 'net.bytebuddy.dynamic.DynamicType$Builder$FieldDefinition$Optional$Valuable$AbstractBase'.
2024-11-12 13:43:17,425 INFO  MethodCallReplacementClassAdapter - Adding mock interface to class net/bytebuddy/dynamic/DynamicType$Builder$FieldDefinition$Optional$Valuable$AbstractBase
2024-11-12 13:43:17,425 INFO  CreateClassResetClassAdapter - Creating brand-new static initializer in class net/bytebuddy/dynamic/DynamicType$Builder$FieldDefinition$Optional$Valuable$AbstractBase
2024-11-12 13:43:17,426 INFO  EvoClassLoader - Keeping class: net.bytebuddy.dynamic.DynamicType$Builder$FieldDefinition$Optional$Valuable$AbstractBase
2024-11-12 13:43:17,426 INFO  EvoClassLoader - Seeing class for first time: net.bytebuddy.dynamic.DynamicType$Builder$FieldDefinition$Optional$Valuable$AbstractBase$Adapter
2024-11-12 13:43:17,426 INFO  EvoClassLoader - Instrumenting class 'net.bytebuddy.dynamic.DynamicType$Builder$FieldDefinition$Optional$Valuable$AbstractBase$Adapter'.
2024-11-12 13:43:17,426 INFO  MethodCallReplacementClassAdapter - Adding mock interface to class net/bytebuddy/dynamic/DynamicType$Builder$FieldDefinition$Optional$Valuable$AbstractBase$Adapter
2024-11-12 13:43:17,426 INFO  CreateClassResetClassAdapter - Creating brand-new static initializer in class net/bytebuddy/dynamic/DynamicType$Builder$FieldDefinition$Optional$Valuable$AbstractBase$Adapter
2024-11-12 13:43:17,426 INFO  EvoClassLoader - Keeping class: net.bytebuddy.dynamic.DynamicType$Builder$FieldDefinition$Optional$Valuable$AbstractBase$Adapter
2024-11-12 13:43:17,426 INFO  EvoClassLoader - Seeing class for first time: net.bytebuddy.dynamic.DynamicType$Builder$AbstractBase$Adapter$FieldDefinitionAdapter
2024-11-12 13:43:17,426 INFO  EvoClassLoader - Instrumenting class 'net.bytebuddy.dynamic.DynamicType$Builder$AbstractBase$Adapter$FieldDefinitionAdapter'.
2024-11-12 13:43:17,427 INFO  MethodCallReplacementClassAdapter - Adding mock interface to class net/bytebuddy/dynamic/DynamicType$Builder$AbstractBase$Adapter$FieldDefinitionAdapter
2024-11-12 13:43:17,427 INFO  CreateClassResetClassAdapter - Creating brand-new static initializer in class net/bytebuddy/dynamic/DynamicType$Builder$AbstractBase$Adapter$FieldDefinitionAdapter
2024-11-12 13:43:17,427 INFO  EvoClassLoader - Keeping class: net.bytebuddy.dynamic.DynamicType$Builder$AbstractBase$Adapter$FieldDefinitionAdapter
2024-11-12 13:43:17,427 INFO  EvoClassLoader - Seeing class for first time: net.bytebuddy.dynamic.DynamicType$Builder$AbstractBase$Adapter$MethodDefinitionAdapter
2024-11-12 13:43:17,427 INFO  EvoClassLoader - Instrumenting class 'net.bytebuddy.dynamic.DynamicType$Builder$AbstractBase$Adapter$MethodDefinitionAdapter'.
2024-11-12 13:43:17,428 INFO  MethodCallReplacementClassAdapter - Adding mock interface to class net/bytebuddy/dynamic/DynamicType$Builder$AbstractBase$Adapter$MethodDefinitionAdapter
2024-11-12 13:43:17,428 INFO  CreateClassResetClassAdapter - Creating brand-new static initializer in class net/bytebuddy/dynamic/DynamicType$Builder$AbstractBase$Adapter$MethodDefinitionAdapter
2024-11-12 13:43:17,429 INFO  EvoClassLoader - Seeing class for first time: net.bytebuddy.dynamic.DynamicType$Builder$MethodDefinition$ParameterDefinition$Initial$AbstractBase
2024-11-12 13:43:17,429 INFO  EvoClassLoader - Instrumenting class 'net.bytebuddy.dynamic.DynamicType$Builder$MethodDefinition$ParameterDefinition$Initial$AbstractBase'.
2024-11-12 13:43:17,429 INFO  MethodCallReplacementClassAdapter - Adding mock interface to class net/bytebuddy/dynamic/DynamicType$Builder$MethodDefinition$ParameterDefinition$Initial$AbstractBase
2024-11-12 13:43:17,433 INFO  CreateClassResetClassAdapter - Creating brand-new static initializer in class net/bytebuddy/dynamic/DynamicType$Builder$MethodDefinition$ParameterDefinition$Initial$AbstractBase
2024-11-12 13:43:17,434 INFO  EvoClassLoader - Seeing class for first time: net.bytebuddy.dynamic.DynamicType$Builder$MethodDefinition$ParameterDefinition$AbstractBase
2024-11-12 13:43:17,434 INFO  EvoClassLoader - Instrumenting class 'net.bytebuddy.dynamic.DynamicType$Builder$MethodDefinition$ParameterDefinition$AbstractBase'.
2024-11-12 13:43:17,434 INFO  MethodCallReplacementClassAdapter - Adding mock interface to class net/bytebuddy/dynamic/DynamicType$Builder$MethodDefinition$ParameterDefinition$AbstractBase
2024-11-12 13:43:17,434 INFO  CreateClassResetClassAdapter - Creating brand-new static initializer in class net/bytebuddy/dynamic/DynamicType$Builder$MethodDefinition$ParameterDefinition$AbstractBase
2024-11-12 13:43:17,434 INFO  EvoClassLoader - Seeing class for first time: net.bytebuddy.dynamic.DynamicType$Builder$MethodDefinition$ExceptionDefinition$AbstractBase
2024-11-12 13:43:17,434 INFO  EvoClassLoader - Instrumenting class 'net.bytebuddy.dynamic.DynamicType$Builder$MethodDefinition$ExceptionDefinition$AbstractBase'.
2024-11-12 13:43:17,434 INFO  MethodCallReplacementClassAdapter - Adding mock interface to class net/bytebuddy/dynamic/DynamicType$Builder$MethodDefinition$ExceptionDefinition$AbstractBase
2024-11-12 13:43:17,434 INFO  CreateClassResetClassAdapter - Creating brand-new static initializer in class net/bytebuddy/dynamic/DynamicType$Builder$MethodDefinition$ExceptionDefinition$AbstractBase
2024-11-12 13:43:17,435 INFO  EvoClassLoader - Seeing class for first time: net.bytebuddy.dynamic.DynamicType$Builder$MethodDefinition$TypeVariableDefinition$AbstractBase
2024-11-12 13:43:17,435 INFO  EvoClassLoader - Instrumenting class 'net.bytebuddy.dynamic.DynamicType$Builder$MethodDefinition$TypeVariableDefinition$AbstractBase'.
2024-11-12 13:43:17,435 INFO  MethodCallReplacementClassAdapter - Adding mock interface to class net/bytebuddy/dynamic/DynamicType$Builder$MethodDefinition$TypeVariableDefinition$AbstractBase
2024-11-12 13:43:17,435 INFO  CreateClassResetClassAdapter - Creating brand-new static initializer in class net/bytebuddy/dynamic/DynamicType$Builder$MethodDefinition$TypeVariableDefinition$AbstractBase
2024-11-12 13:43:17,435 INFO  EvoClassLoader - Keeping class: net.bytebuddy.dynamic.DynamicType$Builder$MethodDefinition$TypeVariableDefinition$AbstractBase
2024-11-12 13:43:17,435 INFO  EvoClassLoader - Keeping class: net.bytebuddy.dynamic.DynamicType$Builder$MethodDefinition$ExceptionDefinition$AbstractBase
2024-11-12 13:43:17,435 INFO  EvoClassLoader - Keeping class: net.bytebuddy.dynamic.DynamicType$Builder$MethodDefinition$ParameterDefinition$AbstractBase
2024-11-12 13:43:17,436 INFO  EvoClassLoader - Keeping class: net.bytebuddy.dynamic.DynamicType$Builder$MethodDefinition$ParameterDefinition$Initial$AbstractBase
2024-11-12 13:43:17,436 INFO  EvoClassLoader - Keeping class: net.bytebuddy.dynamic.DynamicType$Builder$AbstractBase$Adapter$MethodDefinitionAdapter
2024-11-12 13:43:17,436 INFO  EvoClassLoader - Seeing class for first time: net.bytebuddy.dynamic.DynamicType$Builder$AbstractBase$Adapter$FieldMatchAdapter
2024-11-12 13:43:17,436 INFO  EvoClassLoader - Instrumenting class 'net.bytebuddy.dynamic.DynamicType$Builder$AbstractBase$Adapter$FieldMatchAdapter'.
2024-11-12 13:43:17,436 INFO  MethodCallReplacementClassAdapter - Adding mock interface to class net/bytebuddy/dynamic/DynamicType$Builder$AbstractBase$Adapter$FieldMatchAdapter
2024-11-12 13:43:17,436 INFO  CreateClassResetClassAdapter - Creating brand-new static initializer in class net/bytebuddy/dynamic/DynamicType$Builder$AbstractBase$Adapter$FieldMatchAdapter
2024-11-12 13:43:17,437 INFO  EvoClassLoader - Keeping class: net.bytebuddy.dynamic.DynamicType$Builder$AbstractBase$Adapter$FieldMatchAdapter
2024-11-12 13:43:17,438 INFO  EvoClassLoader - Seeing class for first time: net.bytebuddy.description.field.FieldDescription$SignatureToken
2024-11-12 13:43:17,438 INFO  EvoClassLoader - Instrumenting class 'net.bytebuddy.description.field.FieldDescription$SignatureToken'.
2024-11-12 13:43:17,438 INFO  MethodCallReplacementClassAdapter - Adding mock interface to class net/bytebuddy/description/field/FieldDescription$SignatureToken
2024-11-12 13:43:17,438 INFO  CreateClassResetClassAdapter - Creating brand-new static initializer in class net/bytebuddy/description/field/FieldDescription$SignatureToken
2024-11-12 13:43:17,439 INFO  EvoClassLoader - Keeping class: net.bytebuddy.description.field.FieldDescription$SignatureToken
2024-11-12 13:43:17,439 INFO  EvoClassLoader - Seeing class for first time: net.bytebuddy.implementation.attribute.FieldAttributeAppender$ForInstrumentedField
2024-11-12 13:43:17,439 INFO  EvoClassLoader - Instrumenting class 'net.bytebuddy.implementation.attribute.FieldAttributeAppender$ForInstrumentedField'.
2024-11-12 13:43:17,439 INFO  MethodCallReplacementClassAdapter - Adding mock interface to class net/bytebuddy/implementation/attribute/FieldAttributeAppender$ForInstrumentedField
2024-11-12 13:43:17,440 INFO  CreateClassResetClassAdapter - Found static initializer in class net/bytebuddy/implementation/attribute/FieldAttributeAppender$ForInstrumentedField
2024-11-12 13:43:17,440 INFO  EvoClassLoader - Seeing class for first time: net.bytebuddy.implementation.attribute.FieldAttributeAppender
2024-11-12 13:43:17,440 INFO  EvoClassLoader - Instrumenting class 'net.bytebuddy.implementation.attribute.FieldAttributeAppender'.
2024-11-12 13:43:17,440 INFO  EvoClassLoader - Keeping class: net.bytebuddy.implementation.attribute.FieldAttributeAppender
2024-11-12 13:43:17,440 INFO  EvoClassLoader - Keeping class: net.bytebuddy.implementation.attribute.FieldAttributeAppender$ForInstrumentedField
2024-11-12 13:43:17,440 INFO  EvoClassLoader - Seeing class for first time: net.bytebuddy.implementation.attribute.FieldAttributeAppender$Compound
2024-11-12 13:43:17,440 INFO  EvoClassLoader - Instrumenting class 'net.bytebuddy.implementation.attribute.FieldAttributeAppender$Compound'.
2024-11-12 13:43:17,441 INFO  MethodCallReplacementClassAdapter - Adding mock interface to class net/bytebuddy/implementation/attribute/FieldAttributeAppender$Compound
2024-11-12 13:43:17,441 INFO  CreateClassResetClassAdapter - Creating brand-new static initializer in class net/bytebuddy/implementation/attribute/FieldAttributeAppender$Compound
2024-11-12 13:43:17,441 INFO  EvoClassLoader - Keeping class: net.bytebuddy.implementation.attribute.FieldAttributeAppender$Compound
2024-11-12 13:43:17,441 INFO  EvoClassLoader - Seeing class for first time: net.bytebuddy.implementation.attribute.FieldAttributeAppender$Explicit
2024-11-12 13:43:17,441 INFO  EvoClassLoader - Instrumenting class 'net.bytebuddy.implementation.attribute.FieldAttributeAppender$Explicit'.
2024-11-12 13:43:17,441 INFO  MethodCallReplacementClassAdapter - Adding mock interface to class net/bytebuddy/implementation/attribute/FieldAttributeAppender$Explicit
2024-11-12 13:43:17,442 INFO  CreateClassResetClassAdapter - Creating brand-new static initializer in class net/bytebuddy/implementation/attribute/FieldAttributeAppender$Explicit
2024-11-12 13:43:17,442 INFO  EvoClassLoader - Keeping class: net.bytebuddy.implementation.attribute.FieldAttributeAppender$Explicit
2024-11-12 13:43:17,442 INFO  EvoClassLoader - Seeing class for first time: net.bytebuddy.jar.asm.FieldVisitor
2024-11-12 13:43:17,442 INFO  EvoClassLoader - Instrumenting class 'net.bytebuddy.jar.asm.FieldVisitor'.
2024-11-12 13:43:17,442 INFO  MethodCallReplacementClassAdapter - Adding mock interface to class net/bytebuddy/jar/asm/FieldVisitor
2024-11-12 13:43:17,443 INFO  CreateClassResetClassAdapter - Creating brand-new static initializer in class net/bytebuddy/jar/asm/FieldVisitor
2024-11-12 13:43:17,443 INFO  EvoClassLoader - Keeping class: net.bytebuddy.jar.asm.FieldVisitor
2024-11-12 13:43:17,444 INFO  EvoClassLoader - Seeing class for first time: net.bytebuddy.dynamic.scaffold.FieldRegistry$Default$Entry
2024-11-12 13:43:17,444 INFO  EvoClassLoader - Instrumenting class 'net.bytebuddy.dynamic.scaffold.FieldRegistry$Default$Entry'.
2024-11-12 13:43:17,444 INFO  MethodCallReplacementClassAdapter - Adding mock interface to class net/bytebuddy/dynamic/scaffold/FieldRegistry$Default$Entry
2024-11-12 13:43:17,444 INFO  CreateClassResetClassAdapter - Creating brand-new static initializer in class net/bytebuddy/dynamic/scaffold/FieldRegistry$Default$Entry
2024-11-12 13:43:17,444 INFO  EvoClassLoader - Keeping class: net.bytebuddy.dynamic.scaffold.FieldRegistry$Default$Entry
2024-11-12 13:43:17,444 INFO  EvoClassLoader - Seeing class for first time: net.bytebuddy.dynamic.scaffold.FieldRegistry$Default$Compiled
2024-11-12 13:43:17,444 INFO  EvoClassLoader - Instrumenting class 'net.bytebuddy.dynamic.scaffold.FieldRegistry$Default$Compiled'.
2024-11-12 13:43:17,444 INFO  MethodCallReplacementClassAdapter - Adding mock interface to class net/bytebuddy/dynamic/scaffold/FieldRegistry$Default$Compiled
2024-11-12 13:43:17,444 INFO  CreateClassResetClassAdapter - Creating brand-new static initializer in class net/bytebuddy/dynamic/scaffold/FieldRegistry$Default$Compiled
2024-11-12 13:43:17,444 INFO  EvoClassLoader - Keeping class: net.bytebuddy.dynamic.scaffold.FieldRegistry$Default$Compiled
2024-11-12 13:43:17,445 INFO  EvoClassLoader - Seeing class for first time: net.bytebuddy.implementation.FieldAccessor
2024-11-12 13:43:17,445 INFO  EvoClassLoader - Instrumenting class 'net.bytebuddy.implementation.FieldAccessor'.
2024-11-12 13:43:17,445 INFO  MethodCallReplacementClassAdapter - Adding mock interface to class net/bytebuddy/implementation/FieldAccessor
2024-11-12 13:43:17,445 INFO  CreateClassResetClassAdapter - Creating brand-new static initializer in class net/bytebuddy/implementation/FieldAccessor
2024-11-12 13:43:17,445 INFO  EvoClassLoader - Keeping class: net.bytebuddy.implementation.FieldAccessor
2024-11-12 13:43:17,445 INFO  EvoClassLoader - Seeing class for first time: net.bytebuddy.implementation.FieldAccessor$FieldLocation
2024-11-12 13:43:17,445 INFO  EvoClassLoader - Instrumenting class 'net.bytebuddy.implementation.FieldAccessor$FieldLocation'.
2024-11-12 13:43:17,445 INFO  EvoClassLoader - Keeping class: net.bytebuddy.implementation.FieldAccessor$FieldLocation
2024-11-12 13:43:17,445 INFO  EvoClassLoader - Seeing class for first time: net.bytebuddy.implementation.FieldAccessor$AssignerConfigurable
2024-11-12 13:43:17,445 INFO  EvoClassLoader - Instrumenting class 'net.bytebuddy.implementation.FieldAccessor$AssignerConfigurable'.
2024-11-12 13:43:17,445 INFO  EvoClassLoader - Seeing class for first time: net.bytebuddy.implementation.FieldAccessor$PropertyConfigurable
2024-11-12 13:43:17,445 INFO  EvoClassLoader - Instrumenting class 'net.bytebuddy.implementation.FieldAccessor$PropertyConfigurable'.
2024-11-12 13:43:17,446 INFO  EvoClassLoader - Keeping class: net.bytebuddy.implementation.FieldAccessor$PropertyConfigurable
2024-11-12 13:43:17,446 INFO  EvoClassLoader - Keeping class: net.bytebuddy.implementation.FieldAccessor$AssignerConfigurable
2024-11-12 13:43:17,446 INFO  EvoClassLoader - Seeing class for first time: net.bytebuddy.implementation.FieldAccessor$OwnerTypeLocatable
2024-11-12 13:43:17,446 INFO  EvoClassLoader - Instrumenting class 'net.bytebuddy.implementation.FieldAccessor$OwnerTypeLocatable'.
2024-11-12 13:43:17,446 INFO  EvoClassLoader - Keeping class: net.bytebuddy.implementation.FieldAccessor$OwnerTypeLocatable
2024-11-12 13:43:17,446 INFO  EvoClassLoader - Seeing class for first time: net.bytebuddy.implementation.FieldAccessor$FieldNameExtractor
2024-11-12 13:43:17,446 INFO  EvoClassLoader - Instrumenting class 'net.bytebuddy.implementation.FieldAccessor$FieldNameExtractor'.
2024-11-12 13:43:17,446 INFO  EvoClassLoader - Keeping class: net.bytebuddy.implementation.FieldAccessor$FieldNameExtractor
2024-11-12 13:43:17,446 INFO  EvoClassLoader - Seeing class for first time: net.bytebuddy.implementation.FieldAccessor$FieldNameExtractor$ForBeanProperty
2024-11-12 13:43:17,446 INFO  EvoClassLoader - Instrumenting class 'net.bytebuddy.implementation.FieldAccessor$FieldNameExtractor$ForBeanProperty'.
2024-11-12 13:43:17,446 INFO  MethodCallReplacementClassAdapter - Adding mock interface to class net/bytebuddy/implementation/FieldAccessor$FieldNameExtractor$ForBeanProperty
2024-11-12 13:43:17,446 INFO  CreateClassResetClassAdapter - Found static initializer in class net/bytebuddy/implementation/FieldAccessor$FieldNameExtractor$ForBeanProperty
2024-11-12 13:43:17,447 INFO  EvoClassLoader - Keeping class: net.bytebuddy.implementation.FieldAccessor$FieldNameExtractor$ForBeanProperty
2024-11-12 13:43:17,447 INFO  EvoClassLoader - Seeing class for first time: net.bytebuddy.implementation.FieldAccessor$FieldNameExtractor$ForFixedValue
2024-11-12 13:43:17,447 INFO  EvoClassLoader - Instrumenting class 'net.bytebuddy.implementation.FieldAccessor$FieldNameExtractor$ForFixedValue'.
2024-11-12 13:43:17,447 INFO  MethodCallReplacementClassAdapter - Adding mock interface to class net/bytebuddy/implementation/FieldAccessor$FieldNameExtractor$ForFixedValue
2024-11-12 13:43:17,447 INFO  CreateClassResetClassAdapter - Creating brand-new static initializer in class net/bytebuddy/implementation/FieldAccessor$FieldNameExtractor$ForFixedValue
2024-11-12 13:43:17,447 INFO  EvoClassLoader - Keeping class: net.bytebuddy.implementation.FieldAccessor$FieldNameExtractor$ForFixedValue
2024-11-12 13:43:17,447 INFO  EvoClassLoader - Seeing class for first time: net.bytebuddy.implementation.FieldAccessor$ForImplicitProperty
2024-11-12 13:43:17,447 INFO  EvoClassLoader - Instrumenting class 'net.bytebuddy.implementation.FieldAccessor$ForImplicitProperty'.
2024-11-12 13:43:17,447 INFO  MethodCallReplacementClassAdapter - Adding mock interface to class net/bytebuddy/implementation/FieldAccessor$ForImplicitProperty
2024-11-12 13:43:17,449 INFO  CreateClassResetClassAdapter - Creating brand-new static initializer in class net/bytebuddy/implementation/FieldAccessor$ForImplicitProperty
2024-11-12 13:43:17,450 INFO  EvoClassLoader - Keeping class: net.bytebuddy.implementation.FieldAccessor$ForImplicitProperty
2024-11-12 13:43:17,450 INFO  EvoClassLoader - Seeing class for first time: net.bytebuddy.implementation.FieldAccessor$ForSetter
2024-11-12 13:43:17,450 INFO  EvoClassLoader - Instrumenting class 'net.bytebuddy.implementation.FieldAccessor$ForSetter'.
2024-11-12 13:43:17,450 INFO  MethodCallReplacementClassAdapter - Adding mock interface to class net/bytebuddy/implementation/FieldAccessor$ForSetter
2024-11-12 13:43:17,450 INFO  CreateClassResetClassAdapter - Creating brand-new static initializer in class net/bytebuddy/implementation/FieldAccessor$ForSetter
2024-11-12 13:43:17,451 INFO  EvoClassLoader - Keeping class: net.bytebuddy.implementation.FieldAccessor$ForSetter
2024-11-12 13:43:17,451 INFO  EvoClassLoader - Seeing class for first time: net.bytebuddy.implementation.FieldAccessor$FieldLocation$Relative
2024-11-12 13:43:17,451 INFO  EvoClassLoader - Instrumenting class 'net.bytebuddy.implementation.FieldAccessor$FieldLocation$Relative'.
2024-11-12 13:43:17,451 INFO  MethodCallReplacementClassAdapter - Adding mock interface to class net/bytebuddy/implementation/FieldAccessor$FieldLocation$Relative
2024-11-12 13:43:17,452 INFO  CreateClassResetClassAdapter - Creating brand-new static initializer in class net/bytebuddy/implementation/FieldAccessor$FieldLocation$Relative
2024-11-12 13:43:17,452 INFO  EvoClassLoader - Keeping class: net.bytebuddy.implementation.FieldAccessor$FieldLocation$Relative
2024-11-12 13:43:17,452 INFO  EvoClassLoader - Seeing class for first time: net.bytebuddy.implementation.FieldAccessor$FieldLocation$Prepared
2024-11-12 13:43:17,452 INFO  EvoClassLoader - Instrumenting class 'net.bytebuddy.implementation.FieldAccessor$FieldLocation$Prepared'.
2024-11-12 13:43:17,452 INFO  EvoClassLoader - Keeping class: net.bytebuddy.implementation.FieldAccessor$FieldLocation$Prepared
2024-11-12 13:43:17,453 INFO  EvoClassLoader - Seeing class for first time: net.bytebuddy.dynamic.scaffold.FieldLocator$ForClassHierarchy$Factory
2024-11-12 13:43:17,453 INFO  EvoClassLoader - Instrumenting class 'net.bytebuddy.dynamic.scaffold.FieldLocator$ForClassHierarchy$Factory'.
2024-11-12 13:43:17,453 INFO  MethodCallReplacementClassAdapter - Adding mock interface to class net/bytebuddy/dynamic/scaffold/FieldLocator$ForClassHierarchy$Factory
2024-11-12 13:43:17,453 INFO  CreateClassResetClassAdapter - Found static initializer in class net/bytebuddy/dynamic/scaffold/FieldLocator$ForClassHierarchy$Factory
2024-11-12 13:43:17,453 INFO  EvoClassLoader - Keeping class: net.bytebuddy.dynamic.scaffold.FieldLocator$ForClassHierarchy$Factory
2024-11-12 13:43:17,454 INFO  EvoClassLoader - Seeing class for first time: net.bytebuddy.description.type.TypeList$Empty
2024-11-12 13:43:17,454 INFO  EvoClassLoader - Instrumenting class 'net.bytebuddy.description.type.TypeList$Empty'.
2024-11-12 13:43:17,454 INFO  MethodCallReplacementClassAdapter - Adding mock interface to class net/bytebuddy/description/type/TypeList$Empty
2024-11-12 13:43:17,454 INFO  CreateClassResetClassAdapter - Creating brand-new static initializer in class net/bytebuddy/description/type/TypeList$Empty
2024-11-12 13:43:17,454 INFO  EvoClassLoader - Keeping class: net.bytebuddy.description.type.TypeList$Empty
2024-11-12 13:43:17,454 INFO  EvoClassLoader - Seeing class for first time: net.bytebuddy.description.type.TypeList$ForLoadedTypes
2024-11-12 13:43:17,454 INFO  EvoClassLoader - Instrumenting class 'net.bytebuddy.description.type.TypeList$ForLoadedTypes'.
2024-11-12 13:43:17,455 INFO  MethodCallReplacementClassAdapter - Adding mock interface to class net/bytebuddy/description/type/TypeList$ForLoadedTypes
2024-11-12 13:43:17,455 INFO  CreateClassResetClassAdapter - Creating brand-new static initializer in class net/bytebuddy/description/type/TypeList$ForLoadedTypes
2024-11-12 13:43:17,455 INFO  EvoClassLoader - Keeping class: net.bytebuddy.description.type.TypeList$ForLoadedTypes
2024-11-12 13:43:17,456 INFO  EvoClassLoader - Seeing class for first time: net.bytebuddy.matcher.SuperTypeMatcher
2024-11-12 13:43:17,456 INFO  EvoClassLoader - Instrumenting class 'net.bytebuddy.matcher.SuperTypeMatcher'.
2024-11-12 13:43:17,456 INFO  MethodCallReplacementClassAdapter - Adding mock interface to class net/bytebuddy/matcher/SuperTypeMatcher
2024-11-12 13:43:17,456 INFO  CreateClassResetClassAdapter - Creating brand-new static initializer in class net/bytebuddy/matcher/SuperTypeMatcher
2024-11-12 13:43:17,456 INFO  EvoClassLoader - Keeping class: net.bytebuddy.matcher.SuperTypeMatcher
2024-11-12 13:43:17,456 INFO  EvoClassLoader - Seeing class for first time: net.bytebuddy.dynamic.TypeResolutionStrategy$Passive
2024-11-12 13:43:17,456 INFO  EvoClassLoader - Instrumenting class 'net.bytebuddy.dynamic.TypeResolutionStrategy$Passive'.
2024-11-12 13:43:17,457 INFO  MethodCallReplacementClassAdapter - Adding mock interface to class net/bytebuddy/dynamic/TypeResolutionStrategy$Passive
2024-11-12 13:43:17,457 INFO  CreateClassResetClassAdapter - Found static initializer in class net/bytebuddy/dynamic/TypeResolutionStrategy$Passive
2024-11-12 13:43:17,457 INFO  EvoClassLoader - Seeing class for first time: net.bytebuddy.dynamic.TypeResolutionStrategy$Resolved
2024-11-12 13:43:17,457 INFO  EvoClassLoader - Instrumenting class 'net.bytebuddy.dynamic.TypeResolutionStrategy$Resolved'.
2024-11-12 13:43:17,457 INFO  EvoClassLoader - Keeping class: net.bytebuddy.dynamic.TypeResolutionStrategy$Resolved
2024-11-12 13:43:17,457 INFO  EvoClassLoader - Keeping class: net.bytebuddy.dynamic.TypeResolutionStrategy$Passive
2024-11-12 13:43:17,457 INFO  EvoClassLoader - Seeing class for first time: net.bytebuddy.dynamic.TypeResolutionStrategy$Disabled
2024-11-12 13:43:17,457 INFO  EvoClassLoader - Instrumenting class 'net.bytebuddy.dynamic.TypeResolutionStrategy$Disabled'.
2024-11-12 13:43:17,457 INFO  MethodCallReplacementClassAdapter - Adding mock interface to class net/bytebuddy/dynamic/TypeResolutionStrategy$Disabled
2024-11-12 13:43:17,458 INFO  CreateClassResetClassAdapter - Found static initializer in class net/bytebuddy/dynamic/TypeResolutionStrategy$Disabled
2024-11-12 13:43:17,458 INFO  EvoClassLoader - Keeping class: net.bytebuddy.dynamic.TypeResolutionStrategy$Disabled
2024-11-12 13:43:17,458 INFO  EvoClassLoader - Seeing class for first time: net.bytebuddy.dynamic.TypeResolutionStrategy$Lazy
2024-11-12 13:43:17,458 INFO  EvoClassLoader - Instrumenting class 'net.bytebuddy.dynamic.TypeResolutionStrategy$Lazy'.
2024-11-12 13:43:17,458 INFO  MethodCallReplacementClassAdapter - Adding mock interface to class net/bytebuddy/dynamic/TypeResolutionStrategy$Lazy
2024-11-12 13:43:17,458 INFO  CreateClassResetClassAdapter - Found static initializer in class net/bytebuddy/dynamic/TypeResolutionStrategy$Lazy
2024-11-12 13:43:17,458 INFO  EvoClassLoader - Keeping class: net.bytebuddy.dynamic.TypeResolutionStrategy$Lazy
2024-11-12 13:43:17,458 INFO  EvoClassLoader - Seeing class for first time: net.bytebuddy.dynamic.TypeResolutionStrategy$Active
2024-11-12 13:43:17,458 INFO  EvoClassLoader - Instrumenting class 'net.bytebuddy.dynamic.TypeResolutionStrategy$Active'.
2024-11-12 13:43:17,458 INFO  MethodCallReplacementClassAdapter - Adding mock interface to class net/bytebuddy/dynamic/TypeResolutionStrategy$Active
2024-11-12 13:43:17,458 INFO  CreateClassResetClassAdapter - Creating brand-new static initializer in class net/bytebuddy/dynamic/TypeResolutionStrategy$Active
2024-11-12 13:43:17,459 INFO  EvoClassLoader - Keeping class: net.bytebuddy.dynamic.TypeResolutionStrategy$Active
2024-11-12 13:43:17,459 INFO  EvoClassLoader - Seeing class for first time: net.bytebuddy.jar.asm.Type
2024-11-12 13:43:17,459 INFO  EvoClassLoader - Instrumenting class 'net.bytebuddy.jar.asm.Type'.
2024-11-12 13:43:17,459 INFO  MethodCallReplacementClassAdapter - Adding mock interface to class net/bytebuddy/jar/asm/Type
2024-11-12 13:43:17,460 INFO  CreateClassResetClassAdapter - Found static initializer in class net/bytebuddy/jar/asm/Type
2024-11-12 13:43:17,461 INFO  EvoClassLoader - Keeping class: net.bytebuddy.jar.asm.Type
2024-11-12 13:43:17,461 INFO  EvoClassLoader - Seeing class for first time: net.bytebuddy.pool.TypePool$AbstractBase
2024-11-12 13:43:17,461 INFO  EvoClassLoader - Instrumenting class 'net.bytebuddy.pool.TypePool$AbstractBase'.
2024-11-12 13:43:17,462 INFO  MethodCallReplacementClassAdapter - Adding mock interface to class net/bytebuddy/pool/TypePool$AbstractBase
2024-11-12 13:43:17,462 INFO  CreateClassResetClassAdapter - Found static initializer in class net/bytebuddy/pool/TypePool$AbstractBase
2024-11-12 13:43:17,463 INFO  EvoClassLoader - Keeping class: net.bytebuddy.pool.TypePool$AbstractBase
2024-11-12 13:43:17,463 INFO  EvoClassLoader - Seeing class for first time: net.bytebuddy.pool.TypePool$Explicit
2024-11-12 13:43:17,463 INFO  EvoClassLoader - Instrumenting class 'net.bytebuddy.pool.TypePool$Explicit'.
2024-11-12 13:43:17,463 INFO  MethodCallReplacementClassAdapter - Adding mock interface to class net/bytebuddy/pool/TypePool$Explicit
2024-11-12 13:43:17,463 INFO  CreateClassResetClassAdapter - Creating brand-new static initializer in class net/bytebuddy/pool/TypePool$Explicit
2024-11-12 13:43:17,463 INFO  EvoClassLoader - Seeing class for first time: net.bytebuddy.pool.TypePool$AbstractBase$Hierarchical
2024-11-12 13:43:17,463 INFO  EvoClassLoader - Instrumenting class 'net.bytebuddy.pool.TypePool$AbstractBase$Hierarchical'.
2024-11-12 13:43:17,463 INFO  MethodCallReplacementClassAdapter - Adding mock interface to class net/bytebuddy/pool/TypePool$AbstractBase$Hierarchical
2024-11-12 13:43:17,463 INFO  CreateClassResetClassAdapter - Creating brand-new static initializer in class net/bytebuddy/pool/TypePool$AbstractBase$Hierarchical
2024-11-12 13:43:17,463 INFO  EvoClassLoader - Keeping class: net.bytebuddy.pool.TypePool$AbstractBase$Hierarchical
2024-11-12 13:43:17,463 INFO  EvoClassLoader - Keeping class: net.bytebuddy.pool.TypePool$Explicit
2024-11-12 13:43:17,464 INFO  EvoClassLoader - Seeing class for first time: net.bytebuddy.pool.TypePool$ClassLoading
2024-11-12 13:43:17,464 INFO  EvoClassLoader - Instrumenting class 'net.bytebuddy.pool.TypePool$ClassLoading'.
2024-11-12 13:43:17,464 INFO  MethodCallReplacementClassAdapter - Adding mock interface to class net/bytebuddy/pool/TypePool$ClassLoading
2024-11-12 13:43:17,464 INFO  CreateClassResetClassAdapter - Found static initializer in class net/bytebuddy/pool/TypePool$ClassLoading
2024-11-12 13:43:17,464 INFO  EvoClassLoader - Keeping class: net.bytebuddy.pool.TypePool$ClassLoading
2024-11-12 13:43:17,464 INFO  EvoClassLoader - Seeing class for first time: net.bytebuddy.pool.TypePool$LazyFacade
2024-11-12 13:43:17,464 INFO  EvoClassLoader - Instrumenting class 'net.bytebuddy.pool.TypePool$LazyFacade'.
2024-11-12 13:43:17,464 INFO  MethodCallReplacementClassAdapter - Adding mock interface to class net/bytebuddy/pool/TypePool$LazyFacade
2024-11-12 13:43:17,464 INFO  CreateClassResetClassAdapter - Creating brand-new static initializer in class net/bytebuddy/pool/TypePool$LazyFacade
2024-11-12 13:43:17,464 INFO  EvoClassLoader - Keeping class: net.bytebuddy.pool.TypePool$LazyFacade
2024-11-12 13:43:17,464 INFO  EvoClassLoader - Seeing class for first time: net.bytebuddy.pool.TypePool$Default
2024-11-12 13:43:17,464 INFO  EvoClassLoader - Instrumenting class 'net.bytebuddy.pool.TypePool$Default'.
2024-11-12 13:43:17,465 INFO  MethodCallReplacementClassAdapter - Adding mock interface to class net/bytebuddy/pool/TypePool$Default
2024-11-12 13:43:17,465 INFO  CreateClassResetClassAdapter - Found static initializer in class net/bytebuddy/pool/TypePool$Default
2024-11-12 13:43:17,465 INFO  EvoClassLoader - Keeping class: net.bytebuddy.pool.TypePool$Default
2024-11-12 13:43:17,466 INFO  EvoClassLoader - Seeing class for first time: net.bytebuddy.pool.TypePool$Resolution
2024-11-12 13:43:17,466 INFO  EvoClassLoader - Instrumenting class 'net.bytebuddy.pool.TypePool$Resolution'.
2024-11-12 13:43:17,466 INFO  EvoClassLoader - Keeping class: net.bytebuddy.pool.TypePool$Resolution
2024-11-12 13:43:17,466 INFO  EvoClassLoader - Seeing class for first time: net.bytebuddy.pool.TypePool$AbstractBase$RawDescriptionArray
2024-11-12 13:43:17,466 INFO  EvoClassLoader - Instrumenting class 'net.bytebuddy.pool.TypePool$AbstractBase$RawDescriptionArray'.
2024-11-12 13:43:17,466 INFO  MethodCallReplacementClassAdapter - Adding mock interface to class net/bytebuddy/pool/TypePool$AbstractBase$RawDescriptionArray
2024-11-12 13:43:17,467 INFO  CreateClassResetClassAdapter - Creating brand-new static initializer in class net/bytebuddy/pool/TypePool$AbstractBase$RawDescriptionArray
2024-11-12 13:43:17,467 INFO  EvoClassLoader - Seeing class for first time: net.bytebuddy.description.annotation.AnnotationValue$AbstractBase
2024-11-12 13:43:17,467 INFO  EvoClassLoader - Instrumenting class 'net.bytebuddy.description.annotation.AnnotationValue$AbstractBase'.
2024-11-12 13:43:17,467 INFO  MethodCallReplacementClassAdapter - Adding mock interface to class net/bytebuddy/description/annotation/AnnotationValue$AbstractBase
2024-11-12 13:43:17,468 INFO  CreateClassResetClassAdapter - Creating brand-new static initializer in class net/bytebuddy/description/annotation/AnnotationValue$AbstractBase
2024-11-12 13:43:17,468 INFO  EvoClassLoader - Keeping class: net.bytebuddy.description.annotation.AnnotationValue$AbstractBase
2024-11-12 13:43:17,468 INFO  EvoClassLoader - Keeping class: net.bytebuddy.pool.TypePool$AbstractBase$RawDescriptionArray
2024-11-12 13:43:17,468 INFO  EvoClassLoader - Seeing class for first time: net.bytebuddy.pool.TypePool$AbstractBase$RawTypeValue
2024-11-12 13:43:17,468 INFO  EvoClassLoader - Instrumenting class 'net.bytebuddy.pool.TypePool$AbstractBase$RawTypeValue'.
2024-11-12 13:43:17,469 INFO  MethodCallReplacementClassAdapter - Adding mock interface to class net/bytebuddy/pool/TypePool$AbstractBase$RawTypeValue
2024-11-12 13:43:17,469 INFO  CreateClassResetClassAdapter - Creating brand-new static initializer in class net/bytebuddy/pool/TypePool$AbstractBase$RawTypeValue
2024-11-12 13:43:17,469 INFO  CreateClassResetClassAdapter - Adding bytecode for initializing field NO_INITIALIZATION
2024-11-12 13:43:17,469 INFO  EvoClassLoader - Keeping class: net.bytebuddy.pool.TypePool$AbstractBase$RawTypeValue
2024-11-12 13:43:17,469 INFO  EvoClassLoader - Seeing class for first time: net.bytebuddy.pool.TypePool$AbstractBase$RawEnumerationValue
2024-11-12 13:43:17,469 INFO  EvoClassLoader - Instrumenting class 'net.bytebuddy.pool.TypePool$AbstractBase$RawEnumerationValue'.
2024-11-12 13:43:17,469 INFO  MethodCallReplacementClassAdapter - Adding mock interface to class net/bytebuddy/pool/TypePool$AbstractBase$RawEnumerationValue
2024-11-12 13:43:17,470 INFO  CreateClassResetClassAdapter - Creating brand-new static initializer in class net/bytebuddy/pool/TypePool$AbstractBase$RawEnumerationValue
2024-11-12 13:43:17,471 INFO  EvoClassLoader - Keeping class: net.bytebuddy.pool.TypePool$AbstractBase$RawEnumerationValue
2024-11-12 13:43:17,471 INFO  EvoClassLoader - Seeing class for first time: net.bytebuddy.pool.TypePool$AbstractBase$RawAnnotationValue
2024-11-12 13:43:17,471 INFO  EvoClassLoader - Instrumenting class 'net.bytebuddy.pool.TypePool$AbstractBase$RawAnnotationValue'.
2024-11-12 13:43:17,471 INFO  MethodCallReplacementClassAdapter - Adding mock interface to class net/bytebuddy/pool/TypePool$AbstractBase$RawAnnotationValue
2024-11-12 13:43:17,471 INFO  CreateClassResetClassAdapter - Creating brand-new static initializer in class net/bytebuddy/pool/TypePool$AbstractBase$RawAnnotationValue
2024-11-12 13:43:17,472 INFO  EvoClassLoader - Keeping class: net.bytebuddy.pool.TypePool$AbstractBase$RawAnnotationValue
2024-11-12 13:43:17,472 INFO  EvoClassLoader - Seeing class for first time: net.bytebuddy.pool.TypePool$AbstractBase$ArrayTypeResolution
2024-11-12 13:43:17,472 INFO  EvoClassLoader - Instrumenting class 'net.bytebuddy.pool.TypePool$AbstractBase$ArrayTypeResolution'.
2024-11-12 13:43:17,472 INFO  MethodCallReplacementClassAdapter - Adding mock interface to class net/bytebuddy/pool/TypePool$AbstractBase$ArrayTypeResolution
2024-11-12 13:43:17,472 INFO  CreateClassResetClassAdapter - Creating brand-new static initializer in class net/bytebuddy/pool/TypePool$AbstractBase$ArrayTypeResolution
2024-11-12 13:43:17,473 INFO  EvoClassLoader - Keeping class: net.bytebuddy.pool.TypePool$AbstractBase$ArrayTypeResolution
2024-11-12 13:43:17,473 INFO  EvoClassLoader - Seeing class for first time: net.bytebuddy.pool.TypePool$CacheProvider
2024-11-12 13:43:17,473 INFO  EvoClassLoader - Instrumenting class 'net.bytebuddy.pool.TypePool$CacheProvider'.
2024-11-12 13:43:17,473 INFO  EvoClassLoader - Keeping class: net.bytebuddy.pool.TypePool$CacheProvider
2024-11-12 13:43:17,473 INFO  EvoClassLoader - Seeing class for first time: net.bytebuddy.pool.TypePool$Empty
2024-11-12 13:43:17,473 INFO  EvoClassLoader - Instrumenting class 'net.bytebuddy.pool.TypePool$Empty'.
2024-11-12 13:43:17,473 INFO  MethodCallReplacementClassAdapter - Adding mock interface to class net/bytebuddy/pool/TypePool$Empty
2024-11-12 13:43:17,473 INFO  CreateClassResetClassAdapter - Found static initializer in class net/bytebuddy/pool/TypePool$Empty
2024-11-12 13:43:17,473 INFO  EvoClassLoader - Keeping class: net.bytebuddy.pool.TypePool$Empty
2024-11-12 13:43:17,474 INFO  EvoClassLoader - Seeing class for first time: net.bytebuddy.pool.TypePool$CacheProvider$NoOp
2024-11-12 13:43:17,474 INFO  EvoClassLoader - Instrumenting class 'net.bytebuddy.pool.TypePool$CacheProvider$NoOp'.
2024-11-12 13:43:17,474 INFO  MethodCallReplacementClassAdapter - Adding mock interface to class net/bytebuddy/pool/TypePool$CacheProvider$NoOp
2024-11-12 13:43:17,474 INFO  CreateClassResetClassAdapter - Found static initializer in class net/bytebuddy/pool/TypePool$CacheProvider$NoOp
2024-11-12 13:43:17,474 INFO  EvoClassLoader - Keeping class: net.bytebuddy.pool.TypePool$CacheProvider$NoOp
2024-11-12 13:43:17,474 INFO  EvoClassLoader - Seeing class for first time: net.bytebuddy.pool.TypePool$CacheProvider$Simple
2024-11-12 13:43:17,474 INFO  EvoClassLoader - Instrumenting class 'net.bytebuddy.pool.TypePool$CacheProvider$Simple'.
2024-11-12 13:43:17,474 INFO  MethodCallReplacementClassAdapter - Adding mock interface to class net/bytebuddy/pool/TypePool$CacheProvider$Simple
2024-11-12 13:43:17,474 INFO  CreateClassResetClassAdapter - Creating brand-new static initializer in class net/bytebuddy/pool/TypePool$CacheProvider$Simple
2024-11-12 13:43:17,474 INFO  EvoClassLoader - Keeping class: net.bytebuddy.pool.TypePool$CacheProvider$Simple
2024-11-12 13:43:17,474 INFO  EvoClassLoader - Seeing class for first time: net.bytebuddy.implementation.SuperMethodCall
2024-11-12 13:43:17,474 INFO  EvoClassLoader - Instrumenting class 'net.bytebuddy.implementation.SuperMethodCall'.
2024-11-12 13:43:17,475 INFO  MethodCallReplacementClassAdapter - Adding mock interface to class net/bytebuddy/implementation/SuperMethodCall
2024-11-12 13:43:17,475 INFO  CreateClassResetClassAdapter - Found static initializer in class net/bytebuddy/implementation/SuperMethodCall
2024-11-12 13:43:17,475 INFO  EvoClassLoader - Keeping class: net.bytebuddy.implementation.SuperMethodCall
2024-11-12 13:43:17,475 INFO  EvoClassLoader - Seeing class for first time: net.bytebuddy.description.type.TypeDescription$Generic$LazyProjection$WithEagerNavigation
2024-11-12 13:43:17,475 INFO  EvoClassLoader - Instrumenting class 'net.bytebuddy.description.type.TypeDescription$Generic$LazyProjection$WithEagerNavigation'.
2024-11-12 13:43:17,475 INFO  MethodCallReplacementClassAdapter - Adding mock interface to class net/bytebuddy/description/type/TypeDescription$Generic$LazyProjection$WithEagerNavigation
2024-11-12 13:43:17,475 INFO  CreateClassResetClassAdapter - Creating brand-new static initializer in class net/bytebuddy/description/type/TypeDescription$Generic$LazyProjection$WithEagerNavigation
2024-11-12 13:43:17,476 INFO  EvoClassLoader - Keeping class: net.bytebuddy.description.type.TypeDescription$Generic$LazyProjection$WithEagerNavigation
2024-11-12 13:43:17,476 INFO  EvoClassLoader - Seeing class for first time: net.bytebuddy.description.type.TypeDescription$Generic$LazyProjection$WithResolvedErasure
2024-11-12 13:43:17,476 INFO  EvoClassLoader - Instrumenting class 'net.bytebuddy.description.type.TypeDescription$Generic$LazyProjection$WithResolvedErasure'.
2024-11-12 13:43:17,476 INFO  MethodCallReplacementClassAdapter - Adding mock interface to class net/bytebuddy/description/type/TypeDescription$Generic$LazyProjection$WithResolvedErasure
2024-11-12 13:43:17,476 INFO  CreateClassResetClassAdapter - Creating brand-new static initializer in class net/bytebuddy/description/type/TypeDescription$Generic$LazyProjection$WithResolvedErasure
2024-11-12 13:43:17,476 INFO  EvoClassLoader - Keeping class: net.bytebuddy.description.type.TypeDescription$Generic$LazyProjection$WithResolvedErasure
2024-11-12 13:43:17,476 INFO  EvoClassLoader - Seeing class for first time: net.bytebuddy.description.type.TypeDescription$Generic$LazyProjection$OfMethodParameter
2024-11-12 13:43:17,476 INFO  EvoClassLoader - Instrumenting class 'net.bytebuddy.description.type.TypeDescription$Generic$LazyProjection$OfMethodParameter'.
2024-11-12 13:43:17,477 INFO  MethodCallReplacementClassAdapter - Adding mock interface to class net/bytebuddy/description/type/TypeDescription$Generic$LazyProjection$OfMethodParameter
2024-11-12 13:43:17,477 INFO  CreateClassResetClassAdapter - Creating brand-new static initializer in class net/bytebuddy/description/type/TypeDescription$Generic$LazyProjection$OfMethodParameter
2024-11-12 13:43:17,477 INFO  EvoClassLoader - Seeing class for first time: net.bytebuddy.description.type.TypeDescription$Generic$LazyProjection$WithEagerNavigation$OfAnnotatedElement
2024-11-12 13:43:17,477 INFO  EvoClassLoader - Instrumenting class 'net.bytebuddy.description.type.TypeDescription$Generic$LazyProjection$WithEagerNavigation$OfAnnotatedElement'.
2024-11-12 13:43:17,477 INFO  MethodCallReplacementClassAdapter - Adding mock interface to class net/bytebuddy/description/type/TypeDescription$Generic$LazyProjection$WithEagerNavigation$OfAnnotatedElement
2024-11-12 13:43:17,477 INFO  CreateClassResetClassAdapter - Creating brand-new static initializer in class net/bytebuddy/description/type/TypeDescription$Generic$LazyProjection$WithEagerNavigation$OfAnnotatedElement
2024-11-12 13:43:17,478 INFO  EvoClassLoader - Keeping class: net.bytebuddy.description.type.TypeDescription$Generic$LazyProjection$WithEagerNavigation$OfAnnotatedElement
2024-11-12 13:43:17,478 INFO  EvoClassLoader - Keeping class: net.bytebuddy.description.type.TypeDescription$Generic$LazyProjection$OfMethodParameter
2024-11-12 13:43:17,478 INFO  EvoClassLoader - Seeing class for first time: net.bytebuddy.description.type.TypeDescription$Generic$LazyProjection$OfConstructorParameter
2024-11-12 13:43:17,478 INFO  EvoClassLoader - Instrumenting class 'net.bytebuddy.description.type.TypeDescription$Generic$LazyProjection$OfConstructorParameter'.
2024-11-12 13:43:17,478 INFO  MethodCallReplacementClassAdapter - Adding mock interface to class net/bytebuddy/description/type/TypeDescription$Generic$LazyProjection$OfConstructorParameter
2024-11-12 13:43:17,478 INFO  CreateClassResetClassAdapter - Creating brand-new static initializer in class net/bytebuddy/description/type/TypeDescription$Generic$LazyProjection$OfConstructorParameter
2024-11-12 13:43:17,478 INFO  EvoClassLoader - Keeping class: net.bytebuddy.description.type.TypeDescription$Generic$LazyProjection$OfConstructorParameter
2024-11-12 13:43:17,478 INFO  EvoClassLoader - Seeing class for first time: net.bytebuddy.description.type.TypeDescription$Generic$LazyProjection$ForLoadedReturnType
2024-11-12 13:43:17,478 INFO  EvoClassLoader - Instrumenting class 'net.bytebuddy.description.type.TypeDescription$Generic$LazyProjection$ForLoadedReturnType'.
2024-11-12 13:43:17,479 INFO  MethodCallReplacementClassAdapter - Adding mock interface to class net/bytebuddy/description/type/TypeDescription$Generic$LazyProjection$ForLoadedReturnType
2024-11-12 13:43:17,479 INFO  CreateClassResetClassAdapter - Creating brand-new static initializer in class net/bytebuddy/description/type/TypeDescription$Generic$LazyProjection$ForLoadedReturnType
2024-11-12 13:43:17,479 INFO  EvoClassLoader - Keeping class: net.bytebuddy.description.type.TypeDescription$Generic$LazyProjection$ForLoadedReturnType
2024-11-12 13:43:17,479 INFO  EvoClassLoader - Seeing class for first time: net.bytebuddy.description.type.TypeDescription$Generic$LazyProjection$ForLoadedFieldType
2024-11-12 13:43:17,479 INFO  EvoClassLoader - Instrumenting class 'net.bytebuddy.description.type.TypeDescription$Generic$LazyProjection$ForLoadedFieldType'.
2024-11-12 13:43:17,480 INFO  MethodCallReplacementClassAdapter - Adding mock interface to class net/bytebuddy/description/type/TypeDescription$Generic$LazyProjection$ForLoadedFieldType
2024-11-12 13:43:17,480 INFO  CreateClassResetClassAdapter - Creating brand-new static initializer in class net/bytebuddy/description/type/TypeDescription$Generic$LazyProjection$ForLoadedFieldType
2024-11-12 13:43:17,480 INFO  EvoClassLoader - Keeping class: net.bytebuddy.description.type.TypeDescription$Generic$LazyProjection$ForLoadedFieldType
2024-11-12 13:43:17,480 INFO  EvoClassLoader - Seeing class for first time: net.bytebuddy.description.type.TypeDescription$Generic$LazyProjection$ForLoadedSuperClass
2024-11-12 13:43:17,480 INFO  EvoClassLoader - Instrumenting class 'net.bytebuddy.description.type.TypeDescription$Generic$LazyProjection$ForLoadedSuperClass'.
2024-11-12 13:43:17,480 INFO  MethodCallReplacementClassAdapter - Adding mock interface to class net/bytebuddy/description/type/TypeDescription$Generic$LazyProjection$ForLoadedSuperClass
2024-11-12 13:43:17,480 INFO  CreateClassResetClassAdapter - Creating brand-new static initializer in class net/bytebuddy/description/type/TypeDescription$Generic$LazyProjection$ForLoadedSuperClass
2024-11-12 13:43:17,480 INFO  EvoClassLoader - Seeing class for first time: net.bytebuddy.description.type.TypeDescription$Generic$LazyProjection$WithLazyNavigation$OfAnnotatedElement
2024-11-12 13:43:17,480 INFO  EvoClassLoader - Instrumenting class 'net.bytebuddy.description.type.TypeDescription$Generic$LazyProjection$WithLazyNavigation$OfAnnotatedElement'.
2024-11-12 13:43:17,480 INFO  MethodCallReplacementClassAdapter - Adding mock interface to class net/bytebuddy/description/type/TypeDescription$Generic$LazyProjection$WithLazyNavigation$OfAnnotatedElement
2024-11-12 13:43:17,480 INFO  CreateClassResetClassAdapter - Creating brand-new static initializer in class net/bytebuddy/description/type/TypeDescription$Generic$LazyProjection$WithLazyNavigation$OfAnnotatedElement
2024-11-12 13:43:17,480 INFO  EvoClassLoader - Seeing class for first time: net.bytebuddy.description.type.TypeDescription$Generic$LazyProjection$WithLazyNavigation
2024-11-12 13:43:17,480 INFO  EvoClassLoader - Instrumenting class 'net.bytebuddy.description.type.TypeDescription$Generic$LazyProjection$WithLazyNavigation'.
2024-11-12 13:43:17,481 INFO  MethodCallReplacementClassAdapter - Adding mock interface to class net/bytebuddy/description/type/TypeDescription$Generic$LazyProjection$WithLazyNavigation
2024-11-12 13:43:17,481 INFO  CreateClassResetClassAdapter - Creating brand-new static initializer in class net/bytebuddy/description/type/TypeDescription$Generic$LazyProjection$WithLazyNavigation
2024-11-12 13:43:17,481 INFO  EvoClassLoader - Keeping class: net.bytebuddy.description.type.TypeDescription$Generic$LazyProjection$WithLazyNavigation
2024-11-12 13:43:17,481 INFO  EvoClassLoader - Keeping class: net.bytebuddy.description.type.TypeDescription$Generic$LazyProjection$WithLazyNavigation$OfAnnotatedElement
2024-11-12 13:43:17,481 INFO  EvoClassLoader - Keeping class: net.bytebuddy.description.type.TypeDescription$Generic$LazyProjection$ForLoadedSuperClass
2024-11-12 13:43:17,481 INFO  EvoClassLoader - Seeing class for first time: net.bytebuddy.description.type.TypeDescription$Generic$Visitor$Substitutor$ForAttachment
2024-11-12 13:43:17,481 INFO  EvoClassLoader - Instrumenting class 'net.bytebuddy.description.type.TypeDescription$Generic$Visitor$Substitutor$ForAttachment'.
2024-11-12 13:43:17,481 INFO  MethodCallReplacementClassAdapter - Adding mock interface to class net/bytebuddy/description/type/TypeDescription$Generic$Visitor$Substitutor$ForAttachment
2024-11-12 13:43:17,482 INFO  CreateClassResetClassAdapter - Creating brand-new static initializer in class net/bytebuddy/description/type/TypeDescription$Generic$Visitor$Substitutor$ForAttachment
2024-11-12 13:43:17,483 INFO  EvoClassLoader - Keeping class: net.bytebuddy.description.type.TypeDescription$Generic$Visitor$Substitutor$ForAttachment
2024-11-12 13:43:17,484 INFO  EvoClassLoader - Seeing class for first time: net.bytebuddy.matcher.VisibilityMatcher
2024-11-12 13:43:17,484 INFO  EvoClassLoader - Instrumenting class 'net.bytebuddy.matcher.VisibilityMatcher'.
2024-11-12 13:43:17,484 INFO  MethodCallReplacementClassAdapter - Adding mock interface to class net/bytebuddy/matcher/VisibilityMatcher
2024-11-12 13:43:17,484 INFO  CreateClassResetClassAdapter - Creating brand-new static initializer in class net/bytebuddy/matcher/VisibilityMatcher
2024-11-12 13:43:17,484 INFO  EvoClassLoader - Keeping class: net.bytebuddy.matcher.VisibilityMatcher
2024-11-12 13:43:17,485 INFO  EvoClassLoader - Seeing class for first time: net.bytebuddy.description.type.TypeDescription$Generic$AnnotationReader$Dispatcher$CreationAction
2024-11-12 13:43:17,485 INFO  EvoClassLoader - Instrumenting class 'net.bytebuddy.description.type.TypeDescription$Generic$AnnotationReader$Dispatcher$CreationAction'.
2024-11-12 13:43:17,485 INFO  MethodCallReplacementClassAdapter - Adding mock interface to class net/bytebuddy/description/type/TypeDescription$Generic$AnnotationReader$Dispatcher$CreationAction
2024-11-12 13:43:17,485 INFO  CreateClassResetClassAdapter - Found static initializer in class net/bytebuddy/description/type/TypeDescription$Generic$AnnotationReader$Dispatcher$CreationAction
2024-11-12 13:43:17,485 INFO  EvoClassLoader - Keeping class: net.bytebuddy.description.type.TypeDescription$Generic$AnnotationReader$Dispatcher$CreationAction
2024-11-12 13:43:17,485 INFO  EvoClassLoader - Seeing class for first time: net.bytebuddy.description.type.TypeDescription$Generic$AnnotationReader$Dispatcher
2024-11-12 13:43:17,485 INFO  EvoClassLoader - Instrumenting class 'net.bytebuddy.description.type.TypeDescription$Generic$AnnotationReader$Dispatcher'.
2024-11-12 13:43:17,485 INFO  EvoClassLoader - Keeping class: net.bytebuddy.description.type.TypeDescription$Generic$AnnotationReader$Dispatcher
2024-11-12 13:43:17,485 INFO  EvoClassLoader - Seeing class for first time: net.bytebuddy.description.type.TypeDescription$Generic$AnnotationReader$Dispatcher$ForJava8CapableVm
2024-11-12 13:43:17,485 INFO  EvoClassLoader - Instrumenting class 'net.bytebuddy.description.type.TypeDescription$Generic$AnnotationReader$Dispatcher$ForJava8CapableVm'.
2024-11-12 13:43:17,486 INFO  MethodCallReplacementClassAdapter - Adding mock interface to class net/bytebuddy/description/type/TypeDescription$Generic$AnnotationReader$Dispatcher$ForJava8CapableVm
2024-11-12 13:43:17,486 INFO  CreateClassResetClassAdapter - Creating brand-new static initializer in class net/bytebuddy/description/type/TypeDescription$Generic$AnnotationReader$Dispatcher$ForJava8CapableVm
2024-11-12 13:43:17,486 INFO  EvoClassLoader - Keeping class: net.bytebuddy.description.type.TypeDescription$Generic$AnnotationReader$Dispatcher$ForJava8CapableVm
2024-11-12 13:43:17,486 INFO  EvoClassLoader - Seeing class for first time: net.bytebuddy.description.type.TypeDescription$Generic$AnnotationReader$Dispatcher$ForLegacyVm
2024-11-12 13:43:17,486 INFO  EvoClassLoader - Instrumenting class 'net.bytebuddy.description.type.TypeDescription$Generic$AnnotationReader$Dispatcher$ForLegacyVm'.
2024-11-12 13:43:17,487 INFO  MethodCallReplacementClassAdapter - Adding mock interface to class net/bytebuddy/description/type/TypeDescription$Generic$AnnotationReader$Dispatcher$ForLegacyVm
2024-11-12 13:43:17,487 INFO  CreateClassResetClassAdapter - Found static initializer in class net/bytebuddy/description/type/TypeDescription$Generic$AnnotationReader$Dispatcher$ForLegacyVm
2024-11-12 13:43:17,487 INFO  EvoClassLoader - Keeping class: net.bytebuddy.description.type.TypeDescription$Generic$AnnotationReader$Dispatcher$ForLegacyVm
2024-11-12 13:43:17,487 INFO  EvoClassLoader - Seeing class for first time: net.bytebuddy.description.type.TypeDescription$Generic$AnnotationReader$Dispatcher$ForJava8CapableVm$Resolved
2024-11-12 13:43:17,487 INFO  EvoClassLoader - Instrumenting class 'net.bytebuddy.description.type.TypeDescription$Generic$AnnotationReader$Dispatcher$ForJava8CapableVm$Resolved'.
2024-11-12 13:43:17,487 INFO  MethodCallReplacementClassAdapter - Adding mock interface to class net/bytebuddy/description/type/TypeDescription$Generic$AnnotationReader$Dispatcher$ForJava8CapableVm$Resolved
2024-11-12 13:43:17,487 INFO  CreateClassResetClassAdapter - Creating brand-new static initializer in class net/bytebuddy/description/type/TypeDescription$Generic$AnnotationReader$Dispatcher$ForJava8CapableVm$Resolved
2024-11-12 13:43:17,488 INFO  EvoClassLoader - Keeping class: net.bytebuddy.description.type.TypeDescription$Generic$AnnotationReader$Dispatcher$ForJava8CapableVm$Resolved
2024-11-12 13:43:17,488 INFO  EvoClassLoader - Seeing class for first time: net.bytebuddy.description.type.TypeDescription$Generic$AnnotationReader$Dispatcher$ForJava8CapableVm$AnnotatedExceptionType
2024-11-12 13:43:17,488 INFO  EvoClassLoader - Instrumenting class 'net.bytebuddy.description.type.TypeDescription$Generic$AnnotationReader$Dispatcher$ForJava8CapableVm$AnnotatedExceptionType'.
2024-11-12 13:43:17,488 INFO  MethodCallReplacementClassAdapter - Adding mock interface to class net/bytebuddy/description/type/TypeDescription$Generic$AnnotationReader$Dispatcher$ForJava8CapableVm$AnnotatedExceptionType
2024-11-12 13:43:17,488 INFO  CreateClassResetClassAdapter - Creating brand-new static initializer in class net/bytebuddy/description/type/TypeDescription$Generic$AnnotationReader$Dispatcher$ForJava8CapableVm$AnnotatedExceptionType
2024-11-12 13:43:17,488 INFO  EvoClassLoader - Keeping class: net.bytebuddy.description.type.TypeDescription$Generic$AnnotationReader$Dispatcher$ForJava8CapableVm$AnnotatedExceptionType
2024-11-12 13:43:17,488 INFO  EvoClassLoader - Seeing class for first time: net.bytebuddy.description.type.TypeDescription$Generic$AnnotationReader$Dispatcher$ForJava8CapableVm$AnnotatedParameterizedType
2024-11-12 13:43:17,488 INFO  EvoClassLoader - Instrumenting class 'net.bytebuddy.description.type.TypeDescription$Generic$AnnotationReader$Dispatcher$ForJava8CapableVm$AnnotatedParameterizedType'.
2024-11-12 13:43:17,489 INFO  MethodCallReplacementClassAdapter - Adding mock interface to class net/bytebuddy/description/type/TypeDescription$Generic$AnnotationReader$Dispatcher$ForJava8CapableVm$AnnotatedParameterizedType
2024-11-12 13:43:17,489 INFO  CreateClassResetClassAdapter - Creating brand-new static initializer in class net/bytebuddy/description/type/TypeDescription$Generic$AnnotationReader$Dispatcher$ForJava8CapableVm$AnnotatedParameterizedType
2024-11-12 13:43:17,489 INFO  EvoClassLoader - Keeping class: net.bytebuddy.description.type.TypeDescription$Generic$AnnotationReader$Dispatcher$ForJava8CapableVm$AnnotatedParameterizedType
2024-11-12 13:43:17,489 INFO  EvoClassLoader - Seeing class for first time: net.bytebuddy.description.type.TypeDescription$Generic$AnnotationReader$Dispatcher$ForJava8CapableVm$AnnotatedReturnType
2024-11-12 13:43:17,489 INFO  EvoClassLoader - Instrumenting class 'net.bytebuddy.description.type.TypeDescription$Generic$AnnotationReader$Dispatcher$ForJava8CapableVm$AnnotatedReturnType'.
2024-11-12 13:43:17,489 INFO  MethodCallReplacementClassAdapter - Adding mock interface to class net/bytebuddy/description/type/TypeDescription$Generic$AnnotationReader$Dispatcher$ForJava8CapableVm$AnnotatedReturnType
2024-11-12 13:43:17,490 INFO  CreateClassResetClassAdapter - Creating brand-new static initializer in class net/bytebuddy/description/type/TypeDescription$Generic$AnnotationReader$Dispatcher$ForJava8CapableVm$AnnotatedReturnType
2024-11-12 13:43:17,490 INFO  EvoClassLoader - Keeping class: net.bytebuddy.description.type.TypeDescription$Generic$AnnotationReader$Dispatcher$ForJava8CapableVm$AnnotatedReturnType
2024-11-12 13:43:17,490 INFO  EvoClassLoader - Seeing class for first time: net.bytebuddy.description.type.TypeDescription$Generic$AnnotationReader$Dispatcher$ForJava8CapableVm$AnnotatedFieldType
2024-11-12 13:43:17,490 INFO  EvoClassLoader - Instrumenting class 'net.bytebuddy.description.type.TypeDescription$Generic$AnnotationReader$Dispatcher$ForJava8CapableVm$AnnotatedFieldType'.
2024-11-12 13:43:17,490 INFO  MethodCallReplacementClassAdapter - Adding mock interface to class net/bytebuddy/description/type/TypeDescription$Generic$AnnotationReader$Dispatcher$ForJava8CapableVm$AnnotatedFieldType
2024-11-12 13:43:17,490 INFO  CreateClassResetClassAdapter - Creating brand-new static initializer in class net/bytebuddy/description/type/TypeDescription$Generic$AnnotationReader$Dispatcher$ForJava8CapableVm$AnnotatedFieldType
2024-11-12 13:43:17,490 INFO  EvoClassLoader - Keeping class: net.bytebuddy.description.type.TypeDescription$Generic$AnnotationReader$Dispatcher$ForJava8CapableVm$AnnotatedFieldType
2024-11-12 13:43:17,490 INFO  EvoClassLoader - Seeing class for first time: net.bytebuddy.description.type.TypeDescription$Generic$AnnotationReader$Dispatcher$ForJava8CapableVm$AnnotatedInterfaceType
2024-11-12 13:43:17,490 INFO  EvoClassLoader - Instrumenting class 'net.bytebuddy.description.type.TypeDescription$Generic$AnnotationReader$Dispatcher$ForJava8CapableVm$AnnotatedInterfaceType'.
2024-11-12 13:43:17,490 INFO  MethodCallReplacementClassAdapter - Adding mock interface to class net/bytebuddy/description/type/TypeDescription$Generic$AnnotationReader$Dispatcher$ForJava8CapableVm$AnnotatedInterfaceType
2024-11-12 13:43:17,491 INFO  CreateClassResetClassAdapter - Creating brand-new static initializer in class net/bytebuddy/description/type/TypeDescription$Generic$AnnotationReader$Dispatcher$ForJava8CapableVm$AnnotatedInterfaceType
2024-11-12 13:43:17,491 INFO  EvoClassLoader - Keeping class: net.bytebuddy.description.type.TypeDescription$Generic$AnnotationReader$Dispatcher$ForJava8CapableVm$AnnotatedInterfaceType
2024-11-12 13:43:17,491 INFO  EvoClassLoader - Seeing class for first time: net.bytebuddy.description.type.TypeDescription$Generic$AnnotationReader$Dispatcher$ForJava8CapableVm$AnnotatedSuperClass
2024-11-12 13:43:17,491 INFO  EvoClassLoader - Instrumenting class 'net.bytebuddy.description.type.TypeDescription$Generic$AnnotationReader$Dispatcher$ForJava8CapableVm$AnnotatedSuperClass'.
2024-11-12 13:43:17,491 INFO  MethodCallReplacementClassAdapter - Adding mock interface to class net/bytebuddy/description/type/TypeDescription$Generic$AnnotationReader$Dispatcher$ForJava8CapableVm$AnnotatedSuperClass
2024-11-12 13:43:17,491 INFO  CreateClassResetClassAdapter - Creating brand-new static initializer in class net/bytebuddy/description/type/TypeDescription$Generic$AnnotationReader$Dispatcher$ForJava8CapableVm$AnnotatedSuperClass
2024-11-12 13:43:17,491 INFO  EvoClassLoader - Keeping class: net.bytebuddy.description.type.TypeDescription$Generic$AnnotationReader$Dispatcher$ForJava8CapableVm$AnnotatedSuperClass
2024-11-12 13:43:17,491 INFO  EvoClassLoader - Seeing class for first time: net.bytebuddy.description.type.TypeDescription$Generic$AnnotationReader$Dispatcher$ForJava8CapableVm$AnnotatedTypeVariableType
2024-11-12 13:43:17,491 INFO  EvoClassLoader - Instrumenting class 'net.bytebuddy.description.type.TypeDescription$Generic$AnnotationReader$Dispatcher$ForJava8CapableVm$AnnotatedTypeVariableType'.
2024-11-12 13:43:17,492 INFO  MethodCallReplacementClassAdapter - Adding mock interface to class net/bytebuddy/description/type/TypeDescription$Generic$AnnotationReader$Dispatcher$ForJava8CapableVm$AnnotatedTypeVariableType
2024-11-12 13:43:17,492 INFO  CreateClassResetClassAdapter - Creating brand-new static initializer in class net/bytebuddy/description/type/TypeDescription$Generic$AnnotationReader$Dispatcher$ForJava8CapableVm$AnnotatedTypeVariableType
2024-11-12 13:43:17,492 INFO  EvoClassLoader - Keeping class: net.bytebuddy.description.type.TypeDescription$Generic$AnnotationReader$Dispatcher$ForJava8CapableVm$AnnotatedTypeVariableType
2024-11-12 13:43:17,492 INFO  EvoClassLoader - Seeing class for first time: net.bytebuddy.description.type.TypeList$Generic$ForLoadedTypes$OfTypeVariables
2024-11-12 13:43:17,492 INFO  EvoClassLoader - Instrumenting class 'net.bytebuddy.description.type.TypeList$Generic$ForLoadedTypes$OfTypeVariables'.
2024-11-12 13:43:17,492 INFO  MethodCallReplacementClassAdapter - Adding mock interface to class net/bytebuddy/description/type/TypeList$Generic$ForLoadedTypes$OfTypeVariables
2024-11-12 13:43:17,492 INFO  CreateClassResetClassAdapter - Creating brand-new static initializer in class net/bytebuddy/description/type/TypeList$Generic$ForLoadedTypes$OfTypeVariables
2024-11-12 13:43:17,493 INFO  EvoClassLoader - Keeping class: net.bytebuddy.description.type.TypeList$Generic$ForLoadedTypes$OfTypeVariables
2024-11-12 13:43:17,493 INFO  EvoClassLoader - Seeing class for first time: net.bytebuddy.matcher.TypeSortMatcher
2024-11-12 13:43:17,493 INFO  EvoClassLoader - Instrumenting class 'net.bytebuddy.matcher.TypeSortMatcher'.
2024-11-12 13:43:17,493 INFO  MethodCallReplacementClassAdapter - Adding mock interface to class net/bytebuddy/matcher/TypeSortMatcher
2024-11-12 13:43:17,493 INFO  CreateClassResetClassAdapter - Creating brand-new static initializer in class net/bytebuddy/matcher/TypeSortMatcher
2024-11-12 13:43:17,493 INFO  EvoClassLoader - Keeping class: net.bytebuddy.matcher.TypeSortMatcher
2024-11-12 13:43:17,494 INFO  EvoClassLoader - Seeing class for first time: net.bytebuddy.description.method.ParameterList$ForLoadedExecutable$OfConstructor
2024-11-12 13:43:17,494 INFO  EvoClassLoader - Instrumenting class 'net.bytebuddy.description.method.ParameterList$ForLoadedExecutable$OfConstructor'.
2024-11-12 13:43:17,494 INFO  MethodCallReplacementClassAdapter - Adding mock interface to class net/bytebuddy/description/method/ParameterList$ForLoadedExecutable$OfConstructor
2024-11-12 13:43:17,494 INFO  CreateClassResetClassAdapter - Creating brand-new static initializer in class net/bytebuddy/description/method/ParameterList$ForLoadedExecutable$OfConstructor
2024-11-12 13:43:17,494 INFO  EvoClassLoader - Keeping class: net.bytebuddy.description.method.ParameterList$ForLoadedExecutable$OfConstructor
2024-11-12 13:43:17,494 INFO  EvoClassLoader - Seeing class for first time: net.bytebuddy.dynamic.scaffold.subclass.SubclassDynamicTypeBuilder$InstrumentableMatcher
2024-11-12 13:43:17,494 INFO  EvoClassLoader - Instrumenting class 'net.bytebuddy.dynamic.scaffold.subclass.SubclassDynamicTypeBuilder$InstrumentableMatcher'.
2024-11-12 13:43:17,495 INFO  MethodCallReplacementClassAdapter - Adding mock interface to class net/bytebuddy/dynamic/scaffold/subclass/SubclassDynamicTypeBuilder$InstrumentableMatcher
2024-11-12 13:43:17,495 INFO  CreateClassResetClassAdapter - Creating brand-new static initializer in class net/bytebuddy/dynamic/scaffold/subclass/SubclassDynamicTypeBuilder$InstrumentableMatcher
2024-11-12 13:43:17,495 INFO  EvoClassLoader - Keeping class: net.bytebuddy.dynamic.scaffold.subclass.SubclassDynamicTypeBuilder$InstrumentableMatcher
2024-11-12 13:43:17,496 INFO  EvoClassLoader - Seeing class for first time: net.bytebuddy.description.annotation.AnnotationSource$Empty
2024-11-12 13:43:17,496 INFO  EvoClassLoader - Instrumenting class 'net.bytebuddy.description.annotation.AnnotationSource$Empty'.
2024-11-12 13:43:17,496 INFO  MethodCallReplacementClassAdapter - Adding mock interface to class net/bytebuddy/description/annotation/AnnotationSource$Empty
2024-11-12 13:43:17,496 INFO  CreateClassResetClassAdapter - Found static initializer in class net/bytebuddy/description/annotation/AnnotationSource$Empty
2024-11-12 13:43:17,496 INFO  EvoClassLoader - Keeping class: net.bytebuddy.description.annotation.AnnotationSource$Empty
2024-11-12 13:43:17,496 INFO  EvoClassLoader - Seeing class for first time: net.bytebuddy.description.annotation.AnnotationSource$Explicit
2024-11-12 13:43:17,496 INFO  EvoClassLoader - Instrumenting class 'net.bytebuddy.description.annotation.AnnotationSource$Explicit'.
2024-11-12 13:43:17,496 INFO  MethodCallReplacementClassAdapter - Adding mock interface to class net/bytebuddy/description/annotation/AnnotationSource$Explicit
2024-11-12 13:43:17,496 INFO  CreateClassResetClassAdapter - Creating brand-new static initializer in class net/bytebuddy/description/annotation/AnnotationSource$Explicit
2024-11-12 13:43:17,496 INFO  EvoClassLoader - Keeping class: net.bytebuddy.description.annotation.AnnotationSource$Explicit
2024-11-12 13:43:17,497 INFO  EvoClassLoader - Seeing class for first time: net.bytebuddy.dynamic.scaffold.MethodGraph$Compiler$Default$Key
2024-11-12 13:43:17,497 INFO  EvoClassLoader - Instrumenting class 'net.bytebuddy.dynamic.scaffold.MethodGraph$Compiler$Default$Key'.
2024-11-12 13:43:17,497 INFO  MethodCallReplacementClassAdapter - Adding mock interface to class net/bytebuddy/dynamic/scaffold/MethodGraph$Compiler$Default$Key
2024-11-12 13:43:17,497 INFO  CreateClassResetClassAdapter - Creating brand-new static initializer in class net/bytebuddy/dynamic/scaffold/MethodGraph$Compiler$Default$Key
2024-11-12 13:43:17,497 INFO  EvoClassLoader - Keeping class: net.bytebuddy.dynamic.scaffold.MethodGraph$Compiler$Default$Key
2024-11-12 13:43:17,497 INFO  EvoClassLoader - Seeing class for first time: net.bytebuddy.dynamic.scaffold.MethodGraph$Compiler$Default$Key$Store$Entry$Resolved
2024-11-12 13:43:17,497 INFO  EvoClassLoader - Instrumenting class 'net.bytebuddy.dynamic.scaffold.MethodGraph$Compiler$Default$Key$Store$Entry$Resolved'.
2024-11-12 13:43:17,497 INFO  MethodCallReplacementClassAdapter - Adding mock interface to class net/bytebuddy/dynamic/scaffold/MethodGraph$Compiler$Default$Key$Store$Entry$Resolved
2024-11-12 13:43:17,497 INFO  CreateClassResetClassAdapter - Creating brand-new static initializer in class net/bytebuddy/dynamic/scaffold/MethodGraph$Compiler$Default$Key$Store$Entry$Resolved
2024-11-12 13:43:17,497 INFO  CreateClassResetClassAdapter - Adding bytecode for initializing field MADE_VISIBLE
2024-11-12 13:43:17,497 INFO  CreateClassResetClassAdapter - Adding bytecode for initializing field NOT_MADE_VISIBLE
2024-11-12 13:43:17,498 INFO  EvoClassLoader - Seeing class for first time: net.bytebuddy.dynamic.scaffold.MethodGraph$Compiler$Default$Key$Store$Entry
2024-11-12 13:43:17,498 INFO  EvoClassLoader - Instrumenting class 'net.bytebuddy.dynamic.scaffold.MethodGraph$Compiler$Default$Key$Store$Entry'.
2024-11-12 13:43:17,498 INFO  EvoClassLoader - Keeping class: net.bytebuddy.dynamic.scaffold.MethodGraph$Compiler$Default$Key$Store$Entry
2024-11-12 13:43:17,498 INFO  EvoClassLoader - Keeping class: net.bytebuddy.dynamic.scaffold.MethodGraph$Compiler$Default$Key$Store$Entry$Resolved
2024-11-12 13:43:17,498 INFO  EvoClassLoader - Seeing class for first time: net.bytebuddy.dynamic.scaffold.MethodGraph$Compiler$Default$Key$Store$Entry$Ambiguous
2024-11-12 13:43:17,498 INFO  EvoClassLoader - Instrumenting class 'net.bytebuddy.dynamic.scaffold.MethodGraph$Compiler$Default$Key$Store$Entry$Ambiguous'.
2024-11-12 13:43:17,498 INFO  MethodCallReplacementClassAdapter - Adding mock interface to class net/bytebuddy/dynamic/scaffold/MethodGraph$Compiler$Default$Key$Store$Entry$Ambiguous
2024-11-12 13:43:17,498 INFO  CreateClassResetClassAdapter - Creating brand-new static initializer in class net/bytebuddy/dynamic/scaffold/MethodGraph$Compiler$Default$Key$Store$Entry$Ambiguous
2024-11-12 13:43:17,499 INFO  EvoClassLoader - Keeping class: net.bytebuddy.dynamic.scaffold.MethodGraph$Compiler$Default$Key$Store$Entry$Ambiguous
2024-11-12 13:43:17,499 INFO  EvoClassLoader - Seeing class for first time: net.bytebuddy.dynamic.scaffold.MethodGraph$Compiler$Default$Key$Store$Entry$Initial
2024-11-12 13:43:17,499 INFO  EvoClassLoader - Instrumenting class 'net.bytebuddy.dynamic.scaffold.MethodGraph$Compiler$Default$Key$Store$Entry$Initial'.
2024-11-12 13:43:17,499 INFO  MethodCallReplacementClassAdapter - Adding mock interface to class net/bytebuddy/dynamic/scaffold/MethodGraph$Compiler$Default$Key$Store$Entry$Initial
2024-11-12 13:43:17,500 INFO  CreateClassResetClassAdapter - Creating brand-new static initializer in class net/bytebuddy/dynamic/scaffold/MethodGraph$Compiler$Default$Key$Store$Entry$Initial
2024-11-12 13:43:17,500 INFO  EvoClassLoader - Keeping class: net.bytebuddy.dynamic.scaffold.MethodGraph$Compiler$Default$Key$Store$Entry$Initial
2024-11-12 13:43:17,500 INFO  EvoClassLoader - Seeing class for first time: net.bytebuddy.description.type.TypeList$Generic$ForDetachedTypes$WithResolvedErasure
2024-11-12 13:43:17,500 INFO  EvoClassLoader - Instrumenting class 'net.bytebuddy.description.type.TypeList$Generic$ForDetachedTypes$WithResolvedErasure'.
2024-11-12 13:43:17,500 INFO  MethodCallReplacementClassAdapter - Adding mock interface to class net/bytebuddy/description/type/TypeList$Generic$ForDetachedTypes$WithResolvedErasure
2024-11-12 13:43:17,501 INFO  CreateClassResetClassAdapter - Creating brand-new static initializer in class net/bytebuddy/description/type/TypeList$Generic$ForDetachedTypes$WithResolvedErasure
2024-11-12 13:43:17,501 INFO  EvoClassLoader - Keeping class: net.bytebuddy.description.type.TypeList$Generic$ForDetachedTypes$WithResolvedErasure
2024-11-12 13:43:17,501 INFO  EvoClassLoader - Seeing class for first time: net.bytebuddy.description.type.TypeList$Generic$ForDetachedTypes$OfTypeVariables
2024-11-12 13:43:17,501 INFO  EvoClassLoader - Instrumenting class 'net.bytebuddy.description.type.TypeList$Generic$ForDetachedTypes$OfTypeVariables'.
2024-11-12 13:43:17,501 INFO  MethodCallReplacementClassAdapter - Adding mock interface to class net/bytebuddy/description/type/TypeList$Generic$ForDetachedTypes$OfTypeVariables
2024-11-12 13:43:17,501 INFO  CreateClassResetClassAdapter - Creating brand-new static initializer in class net/bytebuddy/description/type/TypeList$Generic$ForDetachedTypes$OfTypeVariables
2024-11-12 13:43:17,501 INFO  EvoClassLoader - Keeping class: net.bytebuddy.description.type.TypeList$Generic$ForDetachedTypes$OfTypeVariables
2024-11-12 13:43:17,502 INFO  EvoClassLoader - Seeing class for first time: net.bytebuddy.dynamic.scaffold.MethodGraph$Compiler$Default$Key$Harmonized
2024-11-12 13:43:17,502 INFO  EvoClassLoader - Instrumenting class 'net.bytebuddy.dynamic.scaffold.MethodGraph$Compiler$Default$Key$Harmonized'.
2024-11-12 13:43:17,502 INFO  MethodCallReplacementClassAdapter - Adding mock interface to class net/bytebuddy/dynamic/scaffold/MethodGraph$Compiler$Default$Key$Harmonized
2024-11-12 13:43:17,502 INFO  CreateClassResetClassAdapter - Creating brand-new static initializer in class net/bytebuddy/dynamic/scaffold/MethodGraph$Compiler$Default$Key$Harmonized
2024-11-12 13:43:17,502 INFO  EvoClassLoader - Keeping class: net.bytebuddy.dynamic.scaffold.MethodGraph$Compiler$Default$Key$Harmonized
2024-11-12 13:43:17,502 INFO  EvoClassLoader - Seeing class for first time: net.bytebuddy.dynamic.scaffold.MethodGraph$Compiler$Default$Key$Detached
2024-11-12 13:43:17,502 INFO  EvoClassLoader - Instrumenting class 'net.bytebuddy.dynamic.scaffold.MethodGraph$Compiler$Default$Key$Detached'.
2024-11-12 13:43:17,503 INFO  MethodCallReplacementClassAdapter - Adding mock interface to class net/bytebuddy/dynamic/scaffold/MethodGraph$Compiler$Default$Key$Detached
2024-11-12 13:43:17,503 INFO  CreateClassResetClassAdapter - Creating brand-new static initializer in class net/bytebuddy/dynamic/scaffold/MethodGraph$Compiler$Default$Key$Detached
2024-11-12 13:43:17,503 INFO  EvoClassLoader - Keeping class: net.bytebuddy.dynamic.scaffold.MethodGraph$Compiler$Default$Key$Detached
2024-11-12 13:43:17,503 INFO  EvoClassLoader - Seeing class for first time: net.bytebuddy.dynamic.scaffold.MethodGraph$Node
2024-11-12 13:43:17,503 INFO  EvoClassLoader - Instrumenting class 'net.bytebuddy.dynamic.scaffold.MethodGraph$Node'.
2024-11-12 13:43:17,504 INFO  EvoClassLoader - Keeping class: net.bytebuddy.dynamic.scaffold.MethodGraph$Node
2024-11-12 13:43:17,505 INFO  EvoClassLoader - Seeing class for first time: net.bytebuddy.description.type.TypeDescription$Generic$OfParameterizedType$ForLoadedType
2024-11-12 13:43:17,505 INFO  EvoClassLoader - Instrumenting class 'net.bytebuddy.description.type.TypeDescription$Generic$OfParameterizedType$ForLoadedType'.
2024-11-12 13:43:17,505 INFO  MethodCallReplacementClassAdapter - Adding mock interface to class net/bytebuddy/description/type/TypeDescription$Generic$OfParameterizedType$ForLoadedType
2024-11-12 13:43:17,505 INFO  CreateClassResetClassAdapter - Creating brand-new static initializer in class net/bytebuddy/description/type/TypeDescription$Generic$OfParameterizedType$ForLoadedType
2024-11-12 13:43:17,505 INFO  EvoClassLoader - Keeping class: net.bytebuddy.description.type.TypeDescription$Generic$OfParameterizedType$ForLoadedType
2024-11-12 13:43:17,505 INFO  EvoClassLoader - Seeing class for first time: net.bytebuddy.description.type.TypeDescription$Generic$OfParameterizedType$ForGenerifiedErasure
2024-11-12 13:43:17,505 INFO  EvoClassLoader - Instrumenting class 'net.bytebuddy.description.type.TypeDescription$Generic$OfParameterizedType$ForGenerifiedErasure'.
2024-11-12 13:43:17,506 INFO  MethodCallReplacementClassAdapter - Adding mock interface to class net/bytebuddy/description/type/TypeDescription$Generic$OfParameterizedType$ForGenerifiedErasure
2024-11-12 13:43:17,506 INFO  CreateClassResetClassAdapter - Creating brand-new static initializer in class net/bytebuddy/description/type/TypeDescription$Generic$OfParameterizedType$ForGenerifiedErasure
2024-11-12 13:43:17,507 INFO  EvoClassLoader - Keeping class: net.bytebuddy.description.type.TypeDescription$Generic$OfParameterizedType$ForGenerifiedErasure
2024-11-12 13:43:17,507 INFO  EvoClassLoader - Seeing class for first time: net.bytebuddy.description.type.TypeDescription$Generic$OfParameterizedType$ForReifiedType
2024-11-12 13:43:17,507 INFO  EvoClassLoader - Instrumenting class 'net.bytebuddy.description.type.TypeDescription$Generic$OfParameterizedType$ForReifiedType'.
2024-11-12 13:43:17,507 INFO  MethodCallReplacementClassAdapter - Adding mock interface to class net/bytebuddy/description/type/TypeDescription$Generic$OfParameterizedType$ForReifiedType
2024-11-12 13:43:17,508 INFO  CreateClassResetClassAdapter - Creating brand-new static initializer in class net/bytebuddy/description/type/TypeDescription$Generic$OfParameterizedType$ForReifiedType
2024-11-12 13:43:17,508 INFO  EvoClassLoader - Keeping class: net.bytebuddy.description.type.TypeDescription$Generic$OfParameterizedType$ForReifiedType
2024-11-12 13:43:17,509 INFO  EvoClassLoader - Seeing class for first time: net.bytebuddy.description.type.TypeDescription$Generic$OfParameterizedType$Latent
2024-11-12 13:43:17,509 INFO  EvoClassLoader - Instrumenting class 'net.bytebuddy.description.type.TypeDescription$Generic$OfParameterizedType$Latent'.
2024-11-12 13:43:17,509 INFO  MethodCallReplacementClassAdapter - Adding mock interface to class net/bytebuddy/description/type/TypeDescription$Generic$OfParameterizedType$Latent
2024-11-12 13:43:17,509 INFO  CreateClassResetClassAdapter - Creating brand-new static initializer in class net/bytebuddy/description/type/TypeDescription$Generic$OfParameterizedType$Latent
2024-11-12 13:43:17,509 INFO  EvoClassLoader - Keeping class: net.bytebuddy.description.type.TypeDescription$Generic$OfParameterizedType$Latent
2024-11-12 13:43:17,510 INFO  EvoClassLoader - Seeing class for first time: net.bytebuddy.description.type.TypeList$Generic$OfLoadedInterfaceTypes$TypeProjection
2024-11-12 13:43:17,510 INFO  EvoClassLoader - Instrumenting class 'net.bytebuddy.description.type.TypeList$Generic$OfLoadedInterfaceTypes$TypeProjection'.
2024-11-12 13:43:17,510 INFO  MethodCallReplacementClassAdapter - Adding mock interface to class net/bytebuddy/description/type/TypeList$Generic$OfLoadedInterfaceTypes$TypeProjection
2024-11-12 13:43:17,510 INFO  CreateClassResetClassAdapter - Creating brand-new static initializer in class net/bytebuddy/description/type/TypeList$Generic$OfLoadedInterfaceTypes$TypeProjection
2024-11-12 13:43:17,510 INFO  EvoClassLoader - Keeping class: net.bytebuddy.description.type.TypeList$Generic$OfLoadedInterfaceTypes$TypeProjection
2024-11-12 13:43:17,511 INFO  EvoClassLoader - Seeing class for first time: net.bytebuddy.description.modifier.Visibility$1
2024-11-12 13:43:17,511 INFO  EvoClassLoader - Instrumenting class 'net.bytebuddy.description.modifier.Visibility$1'.
2024-11-12 13:43:17,511 INFO  MethodCallReplacementClassAdapter - Adding mock interface to class net/bytebuddy/description/modifier/Visibility$1
2024-11-12 13:43:17,511 INFO  EvoClassLoader - Keeping class: net.bytebuddy.description.modifier.Visibility$1
2024-11-12 13:43:17,513 INFO  EvoClassLoader - Seeing class for first time: net.bytebuddy.description.type.TypeDescription$Generic$OfGenericArray$ForLoadedType
2024-11-12 13:43:17,513 INFO  EvoClassLoader - Instrumenting class 'net.bytebuddy.description.type.TypeDescription$Generic$OfGenericArray$ForLoadedType'.
2024-11-12 13:43:17,513 INFO  MethodCallReplacementClassAdapter - Adding mock interface to class net/bytebuddy/description/type/TypeDescription$Generic$OfGenericArray$ForLoadedType
2024-11-12 13:43:17,513 INFO  CreateClassResetClassAdapter - Creating brand-new static initializer in class net/bytebuddy/description/type/TypeDescription$Generic$OfGenericArray$ForLoadedType
2024-11-12 13:43:17,513 INFO  EvoClassLoader - Keeping class: net.bytebuddy.description.type.TypeDescription$Generic$OfGenericArray$ForLoadedType
2024-11-12 13:43:17,514 INFO  EvoClassLoader - Seeing class for first time: net.bytebuddy.dynamic.scaffold.MethodGraph$Compiler$Default$Key$Store$Entry$Resolved$Node
2024-11-12 13:43:17,514 INFO  EvoClassLoader - Instrumenting class 'net.bytebuddy.dynamic.scaffold.MethodGraph$Compiler$Default$Key$Store$Entry$Resolved$Node'.
2024-11-12 13:43:17,515 INFO  MethodCallReplacementClassAdapter - Adding mock interface to class net/bytebuddy/dynamic/scaffold/MethodGraph$Compiler$Default$Key$Store$Entry$Resolved$Node
2024-11-12 13:43:17,515 INFO  CreateClassResetClassAdapter - Creating brand-new static initializer in class net/bytebuddy/dynamic/scaffold/MethodGraph$Compiler$Default$Key$Store$Entry$Resolved$Node
2024-11-12 13:43:17,515 INFO  EvoClassLoader - Keeping class: net.bytebuddy.dynamic.scaffold.MethodGraph$Compiler$Default$Key$Store$Entry$Resolved$Node
2024-11-12 13:43:17,515 INFO  EvoClassLoader - Seeing class for first time: net.bytebuddy.dynamic.scaffold.MethodGraph$Node$Sort
2024-11-12 13:43:17,515 INFO  EvoClassLoader - Instrumenting class 'net.bytebuddy.dynamic.scaffold.MethodGraph$Node$Sort'.
2024-11-12 13:43:17,516 INFO  MethodCallReplacementClassAdapter - Adding mock interface to class net/bytebuddy/dynamic/scaffold/MethodGraph$Node$Sort
2024-11-12 13:43:17,516 INFO  CreateClassResetClassAdapter - Found static initializer in class net/bytebuddy/dynamic/scaffold/MethodGraph$Node$Sort
2024-11-12 13:43:17,517 INFO  EvoClassLoader - Keeping class: net.bytebuddy.dynamic.scaffold.MethodGraph$Node$Sort
2024-11-12 13:43:17,517 INFO  EvoClassLoader - Seeing class for first time: net.bytebuddy.dynamic.scaffold.MethodGraph$Compiler$Default$Key$Store$Graph
2024-11-12 13:43:17,517 INFO  EvoClassLoader - Instrumenting class 'net.bytebuddy.dynamic.scaffold.MethodGraph$Compiler$Default$Key$Store$Graph'.
2024-11-12 13:43:17,517 INFO  MethodCallReplacementClassAdapter - Adding mock interface to class net/bytebuddy/dynamic/scaffold/MethodGraph$Compiler$Default$Key$Store$Graph
2024-11-12 13:43:17,517 INFO  CreateClassResetClassAdapter - Creating brand-new static initializer in class net/bytebuddy/dynamic/scaffold/MethodGraph$Compiler$Default$Key$Store$Graph
2024-11-12 13:43:17,518 INFO  EvoClassLoader - Keeping class: net.bytebuddy.dynamic.scaffold.MethodGraph$Compiler$Default$Key$Store$Graph
2024-11-12 13:43:17,518 INFO  EvoClassLoader - Seeing class for first time: net.bytebuddy.dynamic.scaffold.MethodGraph$Node$Unresolved
2024-11-12 13:43:17,518 INFO  EvoClassLoader - Instrumenting class 'net.bytebuddy.dynamic.scaffold.MethodGraph$Node$Unresolved'.
2024-11-12 13:43:17,518 INFO  MethodCallReplacementClassAdapter - Adding mock interface to class net/bytebuddy/dynamic/scaffold/MethodGraph$Node$Unresolved
2024-11-12 13:43:17,518 INFO  CreateClassResetClassAdapter - Found static initializer in class net/bytebuddy/dynamic/scaffold/MethodGraph$Node$Unresolved
2024-11-12 13:43:17,518 INFO  EvoClassLoader - Keeping class: net.bytebuddy.dynamic.scaffold.MethodGraph$Node$Unresolved
2024-11-12 13:43:17,518 INFO  EvoClassLoader - Seeing class for first time: net.bytebuddy.dynamic.scaffold.MethodGraph$NodeList
2024-11-12 13:43:17,518 INFO  EvoClassLoader - Instrumenting class 'net.bytebuddy.dynamic.scaffold.MethodGraph$NodeList'.
2024-11-12 13:43:17,519 INFO  MethodCallReplacementClassAdapter - Adding mock interface to class net/bytebuddy/dynamic/scaffold/MethodGraph$NodeList
2024-11-12 13:43:17,519 INFO  CreateClassResetClassAdapter - Creating brand-new static initializer in class net/bytebuddy/dynamic/scaffold/MethodGraph$NodeList
2024-11-12 13:43:17,519 INFO  EvoClassLoader - Keeping class: net.bytebuddy.dynamic.scaffold.MethodGraph$NodeList
2024-11-12 13:43:17,519 INFO  EvoClassLoader - Seeing class for first time: net.bytebuddy.dynamic.scaffold.MethodGraph$Linked$Delegation
2024-11-12 13:43:17,519 INFO  EvoClassLoader - Instrumenting class 'net.bytebuddy.dynamic.scaffold.MethodGraph$Linked$Delegation'.
2024-11-12 13:43:17,519 INFO  MethodCallReplacementClassAdapter - Adding mock interface to class net/bytebuddy/dynamic/scaffold/MethodGraph$Linked$Delegation
2024-11-12 13:43:17,520 INFO  CreateClassResetClassAdapter - Creating brand-new static initializer in class net/bytebuddy/dynamic/scaffold/MethodGraph$Linked$Delegation
2024-11-12 13:43:17,520 INFO  EvoClassLoader - Keeping class: net.bytebuddy.dynamic.scaffold.MethodGraph$Linked$Delegation
2024-11-12 13:43:17,520 INFO  EvoClassLoader - Seeing class for first time: net.bytebuddy.matcher.NegatingMatcher
2024-11-12 13:43:17,520 INFO  EvoClassLoader - Instrumenting class 'net.bytebuddy.matcher.NegatingMatcher'.
2024-11-12 13:43:17,520 INFO  MethodCallReplacementClassAdapter - Adding mock interface to class net/bytebuddy/matcher/NegatingMatcher
2024-11-12 13:43:17,520 INFO  CreateClassResetClassAdapter - Creating brand-new static initializer in class net/bytebuddy/matcher/NegatingMatcher
2024-11-12 13:43:17,520 INFO  EvoClassLoader - Keeping class: net.bytebuddy.matcher.NegatingMatcher
2024-11-12 13:43:17,520 INFO  EvoClassLoader - Seeing class for first time: net.bytebuddy.matcher.MethodParameterTypeMatcher
2024-11-12 13:43:17,520 INFO  EvoClassLoader - Instrumenting class 'net.bytebuddy.matcher.MethodParameterTypeMatcher'.
2024-11-12 13:43:17,521 INFO  MethodCallReplacementClassAdapter - Adding mock interface to class net/bytebuddy/matcher/MethodParameterTypeMatcher
2024-11-12 13:43:17,521 INFO  CreateClassResetClassAdapter - Creating brand-new static initializer in class net/bytebuddy/matcher/MethodParameterTypeMatcher
2024-11-12 13:43:17,521 INFO  EvoClassLoader - Keeping class: net.bytebuddy.matcher.MethodParameterTypeMatcher
2024-11-12 13:43:17,521 INFO  EvoClassLoader - Seeing class for first time: net.bytebuddy.matcher.CollectionItemMatcher
2024-11-12 13:43:17,521 INFO  EvoClassLoader - Instrumenting class 'net.bytebuddy.matcher.CollectionItemMatcher'.
2024-11-12 13:43:17,521 INFO  MethodCallReplacementClassAdapter - Adding mock interface to class net/bytebuddy/matcher/CollectionItemMatcher
2024-11-12 13:43:17,521 INFO  CreateClassResetClassAdapter - Creating brand-new static initializer in class net/bytebuddy/matcher/CollectionItemMatcher
2024-11-12 13:43:17,521 INFO  EvoClassLoader - Keeping class: net.bytebuddy.matcher.CollectionItemMatcher
2024-11-12 13:43:17,521 INFO  EvoClassLoader - Seeing class for first time: net.bytebuddy.dynamic.scaffold.MethodGraph$Simple
2024-11-12 13:43:17,521 INFO  EvoClassLoader - Instrumenting class 'net.bytebuddy.dynamic.scaffold.MethodGraph$Simple'.
2024-11-12 13:43:17,521 INFO  MethodCallReplacementClassAdapter - Adding mock interface to class net/bytebuddy/dynamic/scaffold/MethodGraph$Simple
2024-11-12 13:43:17,522 INFO  CreateClassResetClassAdapter - Creating brand-new static initializer in class net/bytebuddy/dynamic/scaffold/MethodGraph$Simple
2024-11-12 13:43:17,522 INFO  EvoClassLoader - Keeping class: net.bytebuddy.dynamic.scaffold.MethodGraph$Simple
2024-11-12 13:43:17,522 INFO  EvoClassLoader - Seeing class for first time: net.bytebuddy.description.type.TypeList$Generic$OfMethodExceptionTypes$TypeProjection
2024-11-12 13:43:17,522 INFO  EvoClassLoader - Instrumenting class 'net.bytebuddy.description.type.TypeList$Generic$OfMethodExceptionTypes$TypeProjection'.
2024-11-12 13:43:17,523 INFO  MethodCallReplacementClassAdapter - Adding mock interface to class net/bytebuddy/description/type/TypeList$Generic$OfMethodExceptionTypes$TypeProjection
2024-11-12 13:43:17,523 INFO  CreateClassResetClassAdapter - Creating brand-new static initializer in class net/bytebuddy/description/type/TypeList$Generic$OfMethodExceptionTypes$TypeProjection
2024-11-12 13:43:17,523 INFO  EvoClassLoader - Keeping class: net.bytebuddy.description.type.TypeList$Generic$OfMethodExceptionTypes$TypeProjection
2024-11-12 13:43:17,523 INFO  EvoClassLoader - Seeing class for first time: net.bytebuddy.dynamic.scaffold.MethodGraph$Node$Simple
2024-11-12 13:43:17,523 INFO  EvoClassLoader - Instrumenting class 'net.bytebuddy.dynamic.scaffold.MethodGraph$Node$Simple'.
2024-11-12 13:43:17,523 INFO  MethodCallReplacementClassAdapter - Adding mock interface to class net/bytebuddy/dynamic/scaffold/MethodGraph$Node$Simple
2024-11-12 13:43:17,523 INFO  CreateClassResetClassAdapter - Creating brand-new static initializer in class net/bytebuddy/dynamic/scaffold/MethodGraph$Node$Simple
2024-11-12 13:43:17,524 INFO  EvoClassLoader - Keeping class: net.bytebuddy.dynamic.scaffold.MethodGraph$Node$Simple
2024-11-12 13:43:17,524 INFO  EvoClassLoader - Seeing class for first time: net.bytebuddy.description.type.TypeDescription$Generic$OfParameterizedType$ForLoadedType$ParameterArgumentTypeList
2024-11-12 13:43:17,524 INFO  EvoClassLoader - Instrumenting class 'net.bytebuddy.description.type.TypeDescription$Generic$OfParameterizedType$ForLoadedType$ParameterArgumentTypeList'.
2024-11-12 13:43:17,524 INFO  MethodCallReplacementClassAdapter - Adding mock interface to class net/bytebuddy/description/type/TypeDescription$Generic$OfParameterizedType$ForLoadedType$ParameterArgumentTypeList
2024-11-12 13:43:17,524 INFO  CreateClassResetClassAdapter - Creating brand-new static initializer in class net/bytebuddy/description/type/TypeDescription$Generic$OfParameterizedType$ForLoadedType$ParameterArgumentTypeList
2024-11-12 13:43:17,525 INFO  EvoClassLoader - Keeping class: net.bytebuddy.description.type.TypeDescription$Generic$OfParameterizedType$ForLoadedType$ParameterArgumentTypeList
2024-11-12 13:43:17,525 INFO  EvoClassLoader - Seeing class for first time: net.bytebuddy.description.type.TypeDescription$Generic$OfWildcardType$ForLoadedType
2024-11-12 13:43:17,525 INFO  EvoClassLoader - Instrumenting class 'net.bytebuddy.description.type.TypeDescription$Generic$OfWildcardType$ForLoadedType'.
2024-11-12 13:43:17,526 INFO  MethodCallReplacementClassAdapter - Adding mock interface to class net/bytebuddy/description/type/TypeDescription$Generic$OfWildcardType$ForLoadedType
2024-11-12 13:43:17,526 INFO  CreateClassResetClassAdapter - Creating brand-new static initializer in class net/bytebuddy/description/type/TypeDescription$Generic$OfWildcardType$ForLoadedType
2024-11-12 13:43:17,526 INFO  EvoClassLoader - Keeping class: net.bytebuddy.description.type.TypeDescription$Generic$OfWildcardType$ForLoadedType
2024-11-12 13:43:17,526 INFO  EvoClassLoader - Seeing class for first time: net.bytebuddy.description.type.TypeDescription$Generic$OfWildcardType$Latent
2024-11-12 13:43:17,526 INFO  EvoClassLoader - Instrumenting class 'net.bytebuddy.description.type.TypeDescription$Generic$OfWildcardType$Latent'.
2024-11-12 13:43:17,526 INFO  MethodCallReplacementClassAdapter - Adding mock interface to class net/bytebuddy/description/type/TypeDescription$Generic$OfWildcardType$Latent
2024-11-12 13:43:17,526 INFO  CreateClassResetClassAdapter - Creating brand-new static initializer in class net/bytebuddy/description/type/TypeDescription$Generic$OfWildcardType$Latent
2024-11-12 13:43:17,526 INFO  EvoClassLoader - Keeping class: net.bytebuddy.description.type.TypeDescription$Generic$OfWildcardType$Latent
2024-11-12 13:43:17,526 INFO  EvoClassLoader - Seeing class for first time: net.bytebuddy.description.type.TypeDescription$Generic$OfWildcardType$ForLoadedType$WildcardUpperBoundTypeList
2024-11-12 13:43:17,526 INFO  EvoClassLoader - Instrumenting class 'net.bytebuddy.description.type.TypeDescription$Generic$OfWildcardType$ForLoadedType$WildcardUpperBoundTypeList'.
2024-11-12 13:43:17,527 INFO  MethodCallReplacementClassAdapter - Adding mock interface to class net/bytebuddy/description/type/TypeDescription$Generic$OfWildcardType$ForLoadedType$WildcardUpperBoundTypeList
2024-11-12 13:43:17,527 INFO  CreateClassResetClassAdapter - Creating brand-new static initializer in class net/bytebuddy/description/type/TypeDescription$Generic$OfWildcardType$ForLoadedType$WildcardUpperBoundTypeList
2024-11-12 13:43:17,527 INFO  EvoClassLoader - Keeping class: net.bytebuddy.description.type.TypeDescription$Generic$OfWildcardType$ForLoadedType$WildcardUpperBoundTypeList
2024-11-12 13:43:17,527 INFO  EvoClassLoader - Seeing class for first time: net.bytebuddy.description.type.TypeDescription$Generic$OfWildcardType$ForLoadedType$WildcardLowerBoundTypeList
2024-11-12 13:43:17,527 INFO  EvoClassLoader - Instrumenting class 'net.bytebuddy.description.type.TypeDescription$Generic$OfWildcardType$ForLoadedType$WildcardLowerBoundTypeList'.
2024-11-12 13:43:17,527 INFO  MethodCallReplacementClassAdapter - Adding mock interface to class net/bytebuddy/description/type/TypeDescription$Generic$OfWildcardType$ForLoadedType$WildcardLowerBoundTypeList
2024-11-12 13:43:17,527 INFO  CreateClassResetClassAdapter - Creating brand-new static initializer in class net/bytebuddy/description/type/TypeDescription$Generic$OfWildcardType$ForLoadedType$WildcardLowerBoundTypeList
2024-11-12 13:43:17,527 INFO  EvoClassLoader - Keeping class: net.bytebuddy.description.type.TypeDescription$Generic$OfWildcardType$ForLoadedType$WildcardLowerBoundTypeList
2024-11-12 13:43:17,528 INFO  EvoClassLoader - Seeing class for first time: net.bytebuddy.description.method.MethodDescription$Latent$TypeInitializer
2024-11-12 13:43:17,528 INFO  EvoClassLoader - Instrumenting class 'net.bytebuddy.description.method.MethodDescription$Latent$TypeInitializer'.
2024-11-12 13:43:17,528 INFO  MethodCallReplacementClassAdapter - Adding mock interface to class net/bytebuddy/description/method/MethodDescription$Latent$TypeInitializer
2024-11-12 13:43:17,528 INFO  CreateClassResetClassAdapter - Creating brand-new static initializer in class net/bytebuddy/description/method/MethodDescription$Latent$TypeInitializer
2024-11-12 13:43:17,528 INFO  EvoClassLoader - Keeping class: net.bytebuddy.description.method.MethodDescription$Latent$TypeInitializer
2024-11-12 13:43:17,528 INFO  EvoClassLoader - Seeing class for first time: net.bytebuddy.dynamic.scaffold.subclass.SubclassImplementationTarget$OriginTypeResolver
2024-11-12 13:43:17,528 INFO  EvoClassLoader - Instrumenting class 'net.bytebuddy.dynamic.scaffold.subclass.SubclassImplementationTarget$OriginTypeResolver'.
2024-11-12 13:43:17,529 INFO  MethodCallReplacementClassAdapter - Adding mock interface to class net/bytebuddy/dynamic/scaffold/subclass/SubclassImplementationTarget$OriginTypeResolver
2024-11-12 13:43:17,529 INFO  CreateClassResetClassAdapter - Found static initializer in class net/bytebuddy/dynamic/scaffold/subclass/SubclassImplementationTarget$OriginTypeResolver
2024-11-12 13:43:17,529 INFO  EvoClassLoader - Keeping class: net.bytebuddy.dynamic.scaffold.subclass.SubclassImplementationTarget$OriginTypeResolver
2024-11-12 13:43:17,529 INFO  EvoClassLoader - Seeing class for first time: net.bytebuddy.dynamic.scaffold.subclass.SubclassImplementationTarget
2024-11-12 13:43:17,529 INFO  EvoClassLoader - Instrumenting class 'net.bytebuddy.dynamic.scaffold.subclass.SubclassImplementationTarget'.
2024-11-12 13:43:17,529 INFO  MethodCallReplacementClassAdapter - Adding mock interface to class net/bytebuddy/dynamic/scaffold/subclass/SubclassImplementationTarget
2024-11-12 13:43:17,530 INFO  CreateClassResetClassAdapter - Creating brand-new static initializer in class net/bytebuddy/dynamic/scaffold/subclass/SubclassImplementationTarget
2024-11-12 13:43:17,530 INFO  EvoClassLoader - Seeing class for first time: net.bytebuddy.implementation.Implementation$Target$AbstractBase
2024-11-12 13:43:17,530 INFO  EvoClassLoader - Instrumenting class 'net.bytebuddy.implementation.Implementation$Target$AbstractBase'.
2024-11-12 13:43:17,530 INFO  MethodCallReplacementClassAdapter - Adding mock interface to class net/bytebuddy/implementation/Implementation$Target$AbstractBase
2024-11-12 13:43:17,530 INFO  CreateClassResetClassAdapter - Creating brand-new static initializer in class net/bytebuddy/implementation/Implementation$Target$AbstractBase
2024-11-12 13:43:17,530 INFO  EvoClassLoader - Keeping class: net.bytebuddy.implementation.Implementation$Target$AbstractBase
2024-11-12 13:43:17,530 INFO  EvoClassLoader - Keeping class: net.bytebuddy.dynamic.scaffold.subclass.SubclassImplementationTarget
2024-11-12 13:43:17,530 INFO  EvoClassLoader - Seeing class for first time: net.bytebuddy.dynamic.scaffold.subclass.SubclassImplementationTarget$Factory
2024-11-12 13:43:17,530 INFO  EvoClassLoader - Instrumenting class 'net.bytebuddy.dynamic.scaffold.subclass.SubclassImplementationTarget$Factory'.
2024-11-12 13:43:17,531 INFO  MethodCallReplacementClassAdapter - Adding mock interface to class net/bytebuddy/dynamic/scaffold/subclass/SubclassImplementationTarget$Factory
2024-11-12 13:43:17,531 INFO  CreateClassResetClassAdapter - Found static initializer in class net/bytebuddy/dynamic/scaffold/subclass/SubclassImplementationTarget$Factory
2024-11-12 13:43:17,531 INFO  EvoClassLoader - Keeping class: net.bytebuddy.dynamic.scaffold.subclass.SubclassImplementationTarget$Factory
2024-11-12 13:43:17,531 INFO  EvoClassLoader - Seeing class for first time: net.bytebuddy.dynamic.scaffold.subclass.SubclassImplementationTarget$OriginTypeResolver$1
2024-11-12 13:43:17,531 INFO  EvoClassLoader - Instrumenting class 'net.bytebuddy.dynamic.scaffold.subclass.SubclassImplementationTarget$OriginTypeResolver$1'.
2024-11-12 13:43:17,531 INFO  MethodCallReplacementClassAdapter - Adding mock interface to class net/bytebuddy/dynamic/scaffold/subclass/SubclassImplementationTarget$OriginTypeResolver$1
2024-11-12 13:43:17,531 INFO  EvoClassLoader - Keeping class: net.bytebuddy.dynamic.scaffold.subclass.SubclassImplementationTarget$OriginTypeResolver$1
2024-11-12 13:43:17,531 INFO  EvoClassLoader - Seeing class for first time: net.bytebuddy.dynamic.scaffold.subclass.SubclassImplementationTarget$OriginTypeResolver$2
2024-11-12 13:43:17,531 INFO  EvoClassLoader - Instrumenting class 'net.bytebuddy.dynamic.scaffold.subclass.SubclassImplementationTarget$OriginTypeResolver$2'.
2024-11-12 13:43:17,531 INFO  MethodCallReplacementClassAdapter - Adding mock interface to class net/bytebuddy/dynamic/scaffold/subclass/SubclassImplementationTarget$OriginTypeResolver$2
2024-11-12 13:43:17,531 INFO  EvoClassLoader - Keeping class: net.bytebuddy.dynamic.scaffold.subclass.SubclassImplementationTarget$OriginTypeResolver$2
2024-11-12 13:43:17,532 INFO  EvoClassLoader - Seeing class for first time: net.bytebuddy.implementation.Implementation$SpecialMethodInvocation
2024-11-12 13:43:17,532 INFO  EvoClassLoader - Instrumenting class 'net.bytebuddy.implementation.Implementation$SpecialMethodInvocation'.
2024-11-12 13:43:17,532 INFO  EvoClassLoader - Keeping class: net.bytebuddy.implementation.Implementation$SpecialMethodInvocation
2024-11-12 13:43:17,532 INFO  EvoClassLoader - Seeing class for first time: net.bytebuddy.implementation.Implementation$SpecialMethodInvocation$Illegal
2024-11-12 13:43:17,532 INFO  EvoClassLoader - Instrumenting class 'net.bytebuddy.implementation.Implementation$SpecialMethodInvocation$Illegal'.
2024-11-12 13:43:17,532 INFO  MethodCallReplacementClassAdapter - Adding mock interface to class net/bytebuddy/implementation/Implementation$SpecialMethodInvocation$Illegal
2024-11-12 13:43:17,533 INFO  CreateClassResetClassAdapter - Found static initializer in class net/bytebuddy/implementation/Implementation$SpecialMethodInvocation$Illegal
2024-11-12 13:43:17,534 INFO  EvoClassLoader - Keeping class: net.bytebuddy.implementation.Implementation$SpecialMethodInvocation$Illegal
2024-11-12 13:43:17,534 INFO  EvoClassLoader - Seeing class for first time: net.bytebuddy.implementation.Implementation$Target$AbstractBase$DefaultMethodInvocation
2024-11-12 13:43:17,534 INFO  EvoClassLoader - Instrumenting class 'net.bytebuddy.implementation.Implementation$Target$AbstractBase$DefaultMethodInvocation'.
2024-11-12 13:43:17,534 INFO  MethodCallReplacementClassAdapter - Adding mock interface to class net/bytebuddy/implementation/Implementation$Target$AbstractBase$DefaultMethodInvocation
2024-11-12 13:43:17,534 INFO  CreateClassResetClassAdapter - Found static initializer in class net/bytebuddy/implementation/Implementation$Target$AbstractBase$DefaultMethodInvocation
2024-11-12 13:43:17,535 INFO  EvoClassLoader - Keeping class: net.bytebuddy.implementation.Implementation$Target$AbstractBase$DefaultMethodInvocation
2024-11-12 13:43:17,535 INFO  EvoClassLoader - Seeing class for first time: net.bytebuddy.implementation.Implementation$Target$AbstractBase$DefaultMethodInvocation$1
2024-11-12 13:43:17,535 INFO  EvoClassLoader - Instrumenting class 'net.bytebuddy.implementation.Implementation$Target$AbstractBase$DefaultMethodInvocation$1'.
2024-11-12 13:43:17,535 INFO  MethodCallReplacementClassAdapter - Adding mock interface to class net/bytebuddy/implementation/Implementation$Target$AbstractBase$DefaultMethodInvocation$1
2024-11-12 13:43:17,535 INFO  EvoClassLoader - Keeping class: net.bytebuddy.implementation.Implementation$Target$AbstractBase$DefaultMethodInvocation$1
2024-11-12 13:43:17,535 INFO  EvoClassLoader - Seeing class for first time: net.bytebuddy.implementation.Implementation$Target$AbstractBase$DefaultMethodInvocation$2
2024-11-12 13:43:17,535 INFO  EvoClassLoader - Instrumenting class 'net.bytebuddy.implementation.Implementation$Target$AbstractBase$DefaultMethodInvocation$2'.
2024-11-12 13:43:17,536 INFO  MethodCallReplacementClassAdapter - Adding mock interface to class net/bytebuddy/implementation/Implementation$Target$AbstractBase$DefaultMethodInvocation$2
2024-11-12 13:43:17,536 INFO  EvoClassLoader - Keeping class: net.bytebuddy.implementation.Implementation$Target$AbstractBase$DefaultMethodInvocation$2
2024-11-12 13:43:17,536 INFO  EvoClassLoader - Seeing class for first time: net.bytebuddy.implementation.MethodDelegation$ImplementationDelegate$Compiled$ForStaticCall
2024-11-12 13:43:17,536 INFO  EvoClassLoader - Instrumenting class 'net.bytebuddy.implementation.MethodDelegation$ImplementationDelegate$Compiled$ForStaticCall'.
2024-11-12 13:43:17,536 INFO  MethodCallReplacementClassAdapter - Adding mock interface to class net/bytebuddy/implementation/MethodDelegation$ImplementationDelegate$Compiled$ForStaticCall
2024-11-12 13:43:17,537 INFO  CreateClassResetClassAdapter - Creating brand-new static initializer in class net/bytebuddy/implementation/MethodDelegation$ImplementationDelegate$Compiled$ForStaticCall
2024-11-12 13:43:17,537 INFO  EvoClassLoader - Keeping class: net.bytebuddy.implementation.MethodDelegation$ImplementationDelegate$Compiled$ForStaticCall
2024-11-12 13:43:17,537 INFO  EvoClassLoader - Seeing class for first time: net.bytebuddy.implementation.MethodDelegation$ImplementationDelegate$Compiled$ForConstruction
2024-11-12 13:43:17,537 INFO  EvoClassLoader - Instrumenting class 'net.bytebuddy.implementation.MethodDelegation$ImplementationDelegate$Compiled$ForConstruction'.
2024-11-12 13:43:17,537 INFO  MethodCallReplacementClassAdapter - Adding mock interface to class net/bytebuddy/implementation/MethodDelegation$ImplementationDelegate$Compiled$ForConstruction
2024-11-12 13:43:17,537 INFO  CreateClassResetClassAdapter - Creating brand-new static initializer in class net/bytebuddy/implementation/MethodDelegation$ImplementationDelegate$Compiled$ForConstruction
2024-11-12 13:43:17,538 INFO  EvoClassLoader - Keeping class: net.bytebuddy.implementation.MethodDelegation$ImplementationDelegate$Compiled$ForConstruction
2024-11-12 13:43:17,538 INFO  EvoClassLoader - Seeing class for first time: net.bytebuddy.implementation.MethodDelegation$ImplementationDelegate$Compiled$ForMethodReturn
2024-11-12 13:43:17,538 INFO  EvoClassLoader - Instrumenting class 'net.bytebuddy.implementation.MethodDelegation$ImplementationDelegate$Compiled$ForMethodReturn'.
2024-11-12 13:43:17,538 INFO  MethodCallReplacementClassAdapter - Adding mock interface to class net/bytebuddy/implementation/MethodDelegation$ImplementationDelegate$Compiled$ForMethodReturn
2024-11-12 13:43:17,539 INFO  CreateClassResetClassAdapter - Creating brand-new static initializer in class net/bytebuddy/implementation/MethodDelegation$ImplementationDelegate$Compiled$ForMethodReturn
2024-11-12 13:43:17,539 INFO  EvoClassLoader - Keeping class: net.bytebuddy.implementation.MethodDelegation$ImplementationDelegate$Compiled$ForMethodReturn
2024-11-12 13:43:17,540 INFO  EvoClassLoader - Seeing class for first time: net.bytebuddy.implementation.MethodDelegation$ImplementationDelegate$Compiled$ForField
2024-11-12 13:43:17,540 INFO  EvoClassLoader - Instrumenting class 'net.bytebuddy.implementation.MethodDelegation$ImplementationDelegate$Compiled$ForField'.
2024-11-12 13:43:17,540 INFO  MethodCallReplacementClassAdapter - Adding mock interface to class net/bytebuddy/implementation/MethodDelegation$ImplementationDelegate$Compiled$ForField
2024-11-12 13:43:17,541 INFO  CreateClassResetClassAdapter - Creating brand-new static initializer in class net/bytebuddy/implementation/MethodDelegation$ImplementationDelegate$Compiled$ForField
2024-11-12 13:43:17,541 INFO  EvoClassLoader - Keeping class: net.bytebuddy.implementation.MethodDelegation$ImplementationDelegate$Compiled$ForField
2024-11-12 13:43:17,541 INFO  EvoClassLoader - Seeing class for first time: net.bytebuddy.implementation.MethodDelegation$Appender
2024-11-12 13:43:17,541 INFO  EvoClassLoader - Instrumenting class 'net.bytebuddy.implementation.MethodDelegation$Appender'.
2024-11-12 13:43:17,541 INFO  MethodCallReplacementClassAdapter - Adding mock interface to class net/bytebuddy/implementation/MethodDelegation$Appender
2024-11-12 13:43:17,542 INFO  CreateClassResetClassAdapter - Creating brand-new static initializer in class net/bytebuddy/implementation/MethodDelegation$Appender
2024-11-12 13:43:17,542 INFO  EvoClassLoader - Keeping class: net.bytebuddy.implementation.MethodDelegation$Appender
2024-11-12 13:43:17,542 INFO  EvoClassLoader - Seeing class for first time: net.bytebuddy.implementation.bind.MethodDelegationBinder$Processor
2024-11-12 13:43:17,542 INFO  EvoClassLoader - Instrumenting class 'net.bytebuddy.implementation.bind.MethodDelegationBinder$Processor'.
2024-11-12 13:43:17,542 INFO  MethodCallReplacementClassAdapter - Adding mock interface to class net/bytebuddy/implementation/bind/MethodDelegationBinder$Processor
2024-11-12 13:43:17,544 INFO  CreateClassResetClassAdapter - Creating brand-new static initializer in class net/bytebuddy/implementation/bind/MethodDelegationBinder$Processor
2024-11-12 13:43:17,544 INFO  EvoClassLoader - Keeping class: net.bytebuddy.implementation.bind.MethodDelegationBinder$Processor
2024-11-12 13:43:17,544 INFO  EvoClassLoader - Seeing class for first time: net.bytebuddy.dynamic.scaffold.MethodRegistry$Default$Compiled$Entry
2024-11-12 13:43:17,544 INFO  EvoClassLoader - Instrumenting class 'net.bytebuddy.dynamic.scaffold.MethodRegistry$Default$Compiled$Entry'.
2024-11-12 13:43:17,545 INFO  MethodCallReplacementClassAdapter - Adding mock interface to class net/bytebuddy/dynamic/scaffold/MethodRegistry$Default$Compiled$Entry
2024-11-12 13:43:17,545 INFO  CreateClassResetClassAdapter - Creating brand-new static initializer in class net/bytebuddy/dynamic/scaffold/MethodRegistry$Default$Compiled$Entry
2024-11-12 13:43:17,545 INFO  EvoClassLoader - Keeping class: net.bytebuddy.dynamic.scaffold.MethodRegistry$Default$Compiled$Entry
2024-11-12 13:43:17,546 INFO  EvoClassLoader - Seeing class for first time: net.bytebuddy.dynamic.Transformer$ForMethod$TransformedMethod$AttachmentVisitor
2024-11-12 13:43:17,546 INFO  EvoClassLoader - Instrumenting class 'net.bytebuddy.dynamic.Transformer$ForMethod$TransformedMethod$AttachmentVisitor'.
2024-11-12 13:43:17,546 INFO  MethodCallReplacementClassAdapter - Adding mock interface to class net/bytebuddy/dynamic/Transformer$ForMethod$TransformedMethod$AttachmentVisitor
2024-11-12 13:43:17,547 INFO  CreateClassResetClassAdapter - Creating brand-new static initializer in class net/bytebuddy/dynamic/Transformer$ForMethod$TransformedMethod$AttachmentVisitor
2024-11-12 13:43:17,547 INFO  EvoClassLoader - Keeping class: net.bytebuddy.dynamic.Transformer$ForMethod$TransformedMethod$AttachmentVisitor
2024-11-12 13:43:17,548 INFO  EvoClassLoader - Seeing class for first time: net.bytebuddy.dynamic.Transformer$ForMethod$TransformedMethod$TransformedParameterList
2024-11-12 13:43:17,548 INFO  EvoClassLoader - Instrumenting class 'net.bytebuddy.dynamic.Transformer$ForMethod$TransformedMethod$TransformedParameterList'.
2024-11-12 13:43:17,548 INFO  MethodCallReplacementClassAdapter - Adding mock interface to class net/bytebuddy/dynamic/Transformer$ForMethod$TransformedMethod$TransformedParameterList
2024-11-12 13:43:17,548 INFO  CreateClassResetClassAdapter - Creating brand-new static initializer in class net/bytebuddy/dynamic/Transformer$ForMethod$TransformedMethod$TransformedParameterList
2024-11-12 13:43:17,548 INFO  EvoClassLoader - Keeping class: net.bytebuddy.dynamic.Transformer$ForMethod$TransformedMethod$TransformedParameterList
2024-11-12 13:43:17,548 INFO  EvoClassLoader - Seeing class for first time: net.bytebuddy.dynamic.Transformer$ForMethod$TransformedMethod$TransformedParameter
2024-11-12 13:43:17,548 INFO  EvoClassLoader - Instrumenting class 'net.bytebuddy.dynamic.Transformer$ForMethod$TransformedMethod$TransformedParameter'.
2024-11-12 13:43:17,549 INFO  MethodCallReplacementClassAdapter - Adding mock interface to class net/bytebuddy/dynamic/Transformer$ForMethod$TransformedMethod$TransformedParameter
2024-11-12 13:43:17,549 INFO  CreateClassResetClassAdapter - Creating brand-new static initializer in class net/bytebuddy/dynamic/Transformer$ForMethod$TransformedMethod$TransformedParameter
2024-11-12 13:43:17,549 INFO  EvoClassLoader - Keeping class: net.bytebuddy.dynamic.Transformer$ForMethod$TransformedMethod$TransformedParameter
2024-11-12 13:43:17,550 INFO  EvoClassLoader - Seeing class for first time: net.bytebuddy.implementation.FieldAccessor$ForImplicitProperty$Appender
2024-11-12 13:43:17,550 INFO  EvoClassLoader - Instrumenting class 'net.bytebuddy.implementation.FieldAccessor$ForImplicitProperty$Appender'.
2024-11-12 13:43:17,550 INFO  MethodCallReplacementClassAdapter - Adding mock interface to class net/bytebuddy/implementation/FieldAccessor$ForImplicitProperty$Appender
2024-11-12 13:43:17,552 INFO  CreateClassResetClassAdapter - Creating brand-new static initializer in class net/bytebuddy/implementation/FieldAccessor$ForImplicitProperty$Appender
2024-11-12 13:43:17,552 INFO  EvoClassLoader - Keeping class: net.bytebuddy.implementation.FieldAccessor$ForImplicitProperty$Appender
2024-11-12 13:43:17,553 INFO  EvoClassLoader - Seeing class for first time: net.bytebuddy.implementation.FieldAccessor$FieldLocation$Relative$Prepared
2024-11-12 13:43:17,553 INFO  EvoClassLoader - Instrumenting class 'net.bytebuddy.implementation.FieldAccessor$FieldLocation$Relative$Prepared'.
2024-11-12 13:43:17,553 INFO  MethodCallReplacementClassAdapter - Adding mock interface to class net/bytebuddy/implementation/FieldAccessor$FieldLocation$Relative$Prepared
2024-11-12 13:43:17,553 INFO  CreateClassResetClassAdapter - Creating brand-new static initializer in class net/bytebuddy/implementation/FieldAccessor$FieldLocation$Relative$Prepared
2024-11-12 13:43:17,553 INFO  EvoClassLoader - Keeping class: net.bytebuddy.implementation.FieldAccessor$FieldLocation$Relative$Prepared
2024-11-12 13:43:17,554 INFO  EvoClassLoader - Seeing class for first time: net.bytebuddy.dynamic.scaffold.FieldLocator$ForTopLevelType
2024-11-12 13:43:17,554 INFO  EvoClassLoader - Instrumenting class 'net.bytebuddy.dynamic.scaffold.FieldLocator$ForTopLevelType'.
2024-11-12 13:43:17,554 INFO  MethodCallReplacementClassAdapter - Adding mock interface to class net/bytebuddy/dynamic/scaffold/FieldLocator$ForTopLevelType
2024-11-12 13:43:17,554 INFO  CreateClassResetClassAdapter - Creating brand-new static initializer in class net/bytebuddy/dynamic/scaffold/FieldLocator$ForTopLevelType
2024-11-12 13:43:17,554 INFO  EvoClassLoader - Keeping class: net.bytebuddy.dynamic.scaffold.FieldLocator$ForTopLevelType
2024-11-12 13:43:17,554 INFO  EvoClassLoader - Seeing class for first time: net.bytebuddy.dynamic.scaffold.FieldLocator$Resolution$Simple
2024-11-12 13:43:17,554 INFO  EvoClassLoader - Instrumenting class 'net.bytebuddy.dynamic.scaffold.FieldLocator$Resolution$Simple'.
2024-11-12 13:43:17,554 INFO  MethodCallReplacementClassAdapter - Adding mock interface to class net/bytebuddy/dynamic/scaffold/FieldLocator$Resolution$Simple
2024-11-12 13:43:17,554 INFO  CreateClassResetClassAdapter - Creating brand-new static initializer in class net/bytebuddy/dynamic/scaffold/FieldLocator$Resolution$Simple
2024-11-12 13:43:17,554 INFO  EvoClassLoader - Keeping class: net.bytebuddy.dynamic.scaffold.FieldLocator$Resolution$Simple
2024-11-12 13:43:17,554 INFO  EvoClassLoader - Seeing class for first time: net.bytebuddy.dynamic.scaffold.FieldLocator$Resolution$Illegal
2024-11-12 13:43:17,554 INFO  EvoClassLoader - Instrumenting class 'net.bytebuddy.dynamic.scaffold.FieldLocator$Resolution$Illegal'.
2024-11-12 13:43:17,554 INFO  MethodCallReplacementClassAdapter - Adding mock interface to class net/bytebuddy/dynamic/scaffold/FieldLocator$Resolution$Illegal
2024-11-12 13:43:17,555 INFO  CreateClassResetClassAdapter - Found static initializer in class net/bytebuddy/dynamic/scaffold/FieldLocator$Resolution$Illegal
2024-11-12 13:43:17,555 INFO  EvoClassLoader - Keeping class: net.bytebuddy.dynamic.scaffold.FieldLocator$Resolution$Illegal
2024-11-12 13:43:17,555 INFO  EvoClassLoader - Seeing class for first time: net.bytebuddy.implementation.SuperMethodCall$Appender
2024-11-12 13:43:17,555 INFO  EvoClassLoader - Instrumenting class 'net.bytebuddy.implementation.SuperMethodCall$Appender'.
2024-11-12 13:43:17,555 INFO  MethodCallReplacementClassAdapter - Adding mock interface to class net/bytebuddy/implementation/SuperMethodCall$Appender
2024-11-12 13:43:17,556 INFO  CreateClassResetClassAdapter - Creating brand-new static initializer in class net/bytebuddy/implementation/SuperMethodCall$Appender
2024-11-12 13:43:17,556 INFO  EvoClassLoader - Keeping class: net.bytebuddy.implementation.SuperMethodCall$Appender
2024-11-12 13:43:17,556 INFO  EvoClassLoader - Seeing class for first time: net.bytebuddy.implementation.SuperMethodCall$Appender$TerminationHandler
2024-11-12 13:43:17,556 INFO  EvoClassLoader - Instrumenting class 'net.bytebuddy.implementation.SuperMethodCall$Appender$TerminationHandler'.
2024-11-12 13:43:17,556 INFO  MethodCallReplacementClassAdapter - Adding mock interface to class net/bytebuddy/implementation/SuperMethodCall$Appender$TerminationHandler
2024-11-12 13:43:17,556 INFO  CreateClassResetClassAdapter - Found static initializer in class net/bytebuddy/implementation/SuperMethodCall$Appender$TerminationHandler
2024-11-12 13:43:17,556 INFO  EvoClassLoader - Keeping class: net.bytebuddy.implementation.SuperMethodCall$Appender$TerminationHandler
2024-11-12 13:43:17,556 INFO  EvoClassLoader - Seeing class for first time: net.bytebuddy.implementation.SuperMethodCall$Appender$TerminationHandler$1
2024-11-12 13:43:17,556 INFO  EvoClassLoader - Instrumenting class 'net.bytebuddy.implementation.SuperMethodCall$Appender$TerminationHandler$1'.
2024-11-12 13:43:17,556 INFO  MethodCallReplacementClassAdapter - Adding mock interface to class net/bytebuddy/implementation/SuperMethodCall$Appender$TerminationHandler$1
2024-11-12 13:43:17,557 INFO  EvoClassLoader - Keeping class: net.bytebuddy.implementation.SuperMethodCall$Appender$TerminationHandler$1
2024-11-12 13:43:17,557 INFO  EvoClassLoader - Seeing class for first time: net.bytebuddy.implementation.SuperMethodCall$Appender$TerminationHandler$2
2024-11-12 13:43:17,557 INFO  EvoClassLoader - Instrumenting class 'net.bytebuddy.implementation.SuperMethodCall$Appender$TerminationHandler$2'.
2024-11-12 13:43:17,557 INFO  MethodCallReplacementClassAdapter - Adding mock interface to class net/bytebuddy/implementation/SuperMethodCall$Appender$TerminationHandler$2
2024-11-12 13:43:17,557 INFO  EvoClassLoader - Keeping class: net.bytebuddy.implementation.SuperMethodCall$Appender$TerminationHandler$2
2024-11-12 13:43:17,557 INFO  EvoClassLoader - Seeing class for first time: net.bytebuddy.dynamic.scaffold.TypeWriter$MethodPool$Record$ForNonImplementedMethod
2024-11-12 13:43:17,557 INFO  EvoClassLoader - Instrumenting class 'net.bytebuddy.dynamic.scaffold.TypeWriter$MethodPool$Record$ForNonImplementedMethod'.
2024-11-12 13:43:17,557 INFO  MethodCallReplacementClassAdapter - Adding mock interface to class net/bytebuddy/dynamic/scaffold/TypeWriter$MethodPool$Record$ForNonImplementedMethod
2024-11-12 13:43:17,557 INFO  CreateClassResetClassAdapter - Creating brand-new static initializer in class net/bytebuddy/dynamic/scaffold/TypeWriter$MethodPool$Record$ForNonImplementedMethod
2024-11-12 13:43:17,558 INFO  EvoClassLoader - Keeping class: net.bytebuddy.dynamic.scaffold.TypeWriter$MethodPool$Record$ForNonImplementedMethod
2024-11-12 13:43:17,558 INFO  EvoClassLoader - Seeing class for first time: net.bytebuddy.dynamic.scaffold.FieldRegistry$Default$Compiled$Entry
2024-11-12 13:43:17,558 INFO  EvoClassLoader - Instrumenting class 'net.bytebuddy.dynamic.scaffold.FieldRegistry$Default$Compiled$Entry'.
2024-11-12 13:43:17,558 INFO  MethodCallReplacementClassAdapter - Adding mock interface to class net/bytebuddy/dynamic/scaffold/FieldRegistry$Default$Compiled$Entry
2024-11-12 13:43:17,558 INFO  CreateClassResetClassAdapter - Creating brand-new static initializer in class net/bytebuddy/dynamic/scaffold/FieldRegistry$Default$Compiled$Entry
2024-11-12 13:43:17,558 INFO  EvoClassLoader - Keeping class: net.bytebuddy.dynamic.scaffold.FieldRegistry$Default$Compiled$Entry
2024-11-12 13:43:17,558 INFO  EvoClassLoader - Seeing class for first time: net.bytebuddy.dynamic.scaffold.TypeWriter$FieldPool$Record
2024-11-12 13:43:17,558 INFO  EvoClassLoader - Instrumenting class 'net.bytebuddy.dynamic.scaffold.TypeWriter$FieldPool$Record'.
2024-11-12 13:43:17,558 INFO  EvoClassLoader - Keeping class: net.bytebuddy.dynamic.scaffold.TypeWriter$FieldPool$Record
2024-11-12 13:43:17,558 INFO  EvoClassLoader - Seeing class for first time: net.bytebuddy.matcher.LatentMatcher$ForFieldToken$ResolvedMatcher
2024-11-12 13:43:17,558 INFO  EvoClassLoader - Instrumenting class 'net.bytebuddy.matcher.LatentMatcher$ForFieldToken$ResolvedMatcher'.
2024-11-12 13:43:17,559 INFO  MethodCallReplacementClassAdapter - Adding mock interface to class net/bytebuddy/matcher/LatentMatcher$ForFieldToken$ResolvedMatcher
2024-11-12 13:43:17,559 INFO  CreateClassResetClassAdapter - Creating brand-new static initializer in class net/bytebuddy/matcher/LatentMatcher$ForFieldToken$ResolvedMatcher
2024-11-12 13:43:17,559 INFO  EvoClassLoader - Keeping class: net.bytebuddy.matcher.LatentMatcher$ForFieldToken$ResolvedMatcher
2024-11-12 13:43:17,559 INFO  EvoClassLoader - Seeing class for first time: net.bytebuddy.dynamic.scaffold.TypeWriter$Default
2024-11-12 13:43:17,559 INFO  EvoClassLoader - Instrumenting class 'net.bytebuddy.dynamic.scaffold.TypeWriter$Default'.
2024-11-12 13:43:17,559 INFO  MethodCallReplacementClassAdapter - Adding mock interface to class net/bytebuddy/dynamic/scaffold/TypeWriter$Default
2024-11-12 13:43:17,560 INFO  CreateClassResetClassAdapter - Found static initializer in class net/bytebuddy/dynamic/scaffold/TypeWriter$Default
2024-11-12 13:43:17,560 INFO  EvoClassLoader - Seeing class for first time: net.bytebuddy.dynamic.scaffold.TypeWriter
2024-11-12 13:43:17,560 INFO  EvoClassLoader - Instrumenting class 'net.bytebuddy.dynamic.scaffold.TypeWriter'.
2024-11-12 13:43:17,560 INFO  EvoClassLoader - Keeping class: net.bytebuddy.dynamic.scaffold.TypeWriter
2024-11-12 13:43:17,560 INFO  EvoClassLoader - Keeping class: net.bytebuddy.dynamic.scaffold.TypeWriter$Default
2024-11-12 13:43:17,561 INFO  EvoClassLoader - Seeing class for first time: net.bytebuddy.dynamic.scaffold.inline.MethodRebaseResolver
2024-11-12 13:43:17,561 INFO  EvoClassLoader - Instrumenting class 'net.bytebuddy.dynamic.scaffold.inline.MethodRebaseResolver'.
2024-11-12 13:43:17,561 INFO  EvoClassLoader - Keeping class: net.bytebuddy.dynamic.scaffold.inline.MethodRebaseResolver
2024-11-12 13:43:17,561 INFO  EvoClassLoader - Seeing class for first time: net.bytebuddy.dynamic.scaffold.TypeWriter$Default$UnresolvedType
2024-11-12 13:43:17,561 INFO  EvoClassLoader - Instrumenting class 'net.bytebuddy.dynamic.scaffold.TypeWriter$Default$UnresolvedType'.
2024-11-12 13:43:17,561 INFO  MethodCallReplacementClassAdapter - Adding mock interface to class net/bytebuddy/dynamic/scaffold/TypeWriter$Default$UnresolvedType
2024-11-12 13:43:17,561 INFO  CreateClassResetClassAdapter - Creating brand-new static initializer in class net/bytebuddy/dynamic/scaffold/TypeWriter$Default$UnresolvedType
2024-11-12 13:43:17,561 INFO  EvoClassLoader - Keeping class: net.bytebuddy.dynamic.scaffold.TypeWriter$Default$UnresolvedType
2024-11-12 13:43:17,562 INFO  EvoClassLoader - Seeing class for first time: net.bytebuddy.dynamic.scaffold.TypeWriter$Default$ForCreation
2024-11-12 13:43:17,562 INFO  EvoClassLoader - Instrumenting class 'net.bytebuddy.dynamic.scaffold.TypeWriter$Default$ForCreation'.
2024-11-12 13:43:17,562 INFO  MethodCallReplacementClassAdapter - Adding mock interface to class net/bytebuddy/dynamic/scaffold/TypeWriter$Default$ForCreation
2024-11-12 13:43:17,562 INFO  CreateClassResetClassAdapter - Creating brand-new static initializer in class net/bytebuddy/dynamic/scaffold/TypeWriter$Default$ForCreation
2024-11-12 13:43:17,562 INFO  EvoClassLoader - Keeping class: net.bytebuddy.dynamic.scaffold.TypeWriter$Default$ForCreation
2024-11-12 13:43:17,562 INFO  EvoClassLoader - Seeing class for first time: net.bytebuddy.dynamic.scaffold.TypeWriter$Default$ClassDumpAction
2024-11-12 13:43:17,562 INFO  EvoClassLoader - Instrumenting class 'net.bytebuddy.dynamic.scaffold.TypeWriter$Default$ClassDumpAction'.
2024-11-12 13:43:17,563 INFO  MethodCallReplacementClassAdapter - Adding mock interface to class net/bytebuddy/dynamic/scaffold/TypeWriter$Default$ClassDumpAction
2024-11-12 13:43:17,563 INFO  CreateClassResetClassAdapter - Found static initializer in class net/bytebuddy/dynamic/scaffold/TypeWriter$Default$ClassDumpAction
2024-11-12 13:43:17,564 INFO  EvoClassLoader - Keeping class: net.bytebuddy.dynamic.scaffold.TypeWriter$Default$ClassDumpAction
2024-11-12 13:43:17,564 INFO  EvoClassLoader - Seeing class for first time: net.bytebuddy.dynamic.scaffold.TypeInitializer$Drain
2024-11-12 13:43:17,564 INFO  EvoClassLoader - Instrumenting class 'net.bytebuddy.dynamic.scaffold.TypeInitializer$Drain'.
2024-11-12 13:43:17,564 INFO  EvoClassLoader - Keeping class: net.bytebuddy.dynamic.scaffold.TypeInitializer$Drain
2024-11-12 13:43:17,565 INFO  EvoClassLoader - Seeing class for first time: net.bytebuddy.description.field.FieldList$AbstractBase
2024-11-12 13:43:17,565 INFO  EvoClassLoader - Instrumenting class 'net.bytebuddy.description.field.FieldList$AbstractBase'.
2024-11-12 13:43:17,565 INFO  MethodCallReplacementClassAdapter - Adding mock interface to class net/bytebuddy/description/field/FieldList$AbstractBase
2024-11-12 13:43:17,565 INFO  CreateClassResetClassAdapter - Creating brand-new static initializer in class net/bytebuddy/description/field/FieldList$AbstractBase
2024-11-12 13:43:17,565 INFO  EvoClassLoader - Keeping class: net.bytebuddy.description.field.FieldList$AbstractBase
2024-11-12 13:43:17,565 INFO  EvoClassLoader - Seeing class for first time: net.bytebuddy.description.field.FieldList$Empty
2024-11-12 13:43:17,565 INFO  EvoClassLoader - Instrumenting class 'net.bytebuddy.description.field.FieldList$Empty'.
2024-11-12 13:43:17,565 INFO  MethodCallReplacementClassAdapter - Adding mock interface to class net/bytebuddy/description/field/FieldList$Empty
2024-11-12 13:43:17,565 INFO  CreateClassResetClassAdapter - Creating brand-new static initializer in class net/bytebuddy/description/field/FieldList$Empty
2024-11-12 13:43:17,565 INFO  EvoClassLoader - Keeping class: net.bytebuddy.description.field.FieldList$Empty
2024-11-12 13:43:17,565 INFO  EvoClassLoader - Seeing class for first time: net.bytebuddy.description.field.FieldList$TypeSubstituting
2024-11-12 13:43:17,565 INFO  EvoClassLoader - Instrumenting class 'net.bytebuddy.description.field.FieldList$TypeSubstituting'.
2024-11-12 13:43:17,565 INFO  MethodCallReplacementClassAdapter - Adding mock interface to class net/bytebuddy/description/field/FieldList$TypeSubstituting
2024-11-12 13:43:17,566 INFO  CreateClassResetClassAdapter - Creating brand-new static initializer in class net/bytebuddy/description/field/FieldList$TypeSubstituting
2024-11-12 13:43:17,566 INFO  EvoClassLoader - Keeping class: net.bytebuddy.description.field.FieldList$TypeSubstituting
2024-11-12 13:43:17,566 INFO  EvoClassLoader - Seeing class for first time: net.bytebuddy.description.field.FieldList$ForTokens
2024-11-12 13:43:17,566 INFO  EvoClassLoader - Instrumenting class 'net.bytebuddy.description.field.FieldList$ForTokens'.
2024-11-12 13:43:17,566 INFO  MethodCallReplacementClassAdapter - Adding mock interface to class net/bytebuddy/description/field/FieldList$ForTokens
2024-11-12 13:43:17,566 INFO  CreateClassResetClassAdapter - Creating brand-new static initializer in class net/bytebuddy/description/field/FieldList$ForTokens
2024-11-12 13:43:17,566 INFO  EvoClassLoader - Keeping class: net.bytebuddy.description.field.FieldList$ForTokens
2024-11-12 13:43:17,566 INFO  EvoClassLoader - Seeing class for first time: net.bytebuddy.description.field.FieldList$Explicit
2024-11-12 13:43:17,566 INFO  EvoClassLoader - Instrumenting class 'net.bytebuddy.description.field.FieldList$Explicit'.
2024-11-12 13:43:17,566 INFO  MethodCallReplacementClassAdapter - Adding mock interface to class net/bytebuddy/description/field/FieldList$Explicit
2024-11-12 13:43:17,566 INFO  CreateClassResetClassAdapter - Creating brand-new static initializer in class net/bytebuddy/description/field/FieldList$Explicit
2024-11-12 13:43:17,567 INFO  EvoClassLoader - Keeping class: net.bytebuddy.description.field.FieldList$Explicit
2024-11-12 13:43:17,567 INFO  EvoClassLoader - Seeing class for first time: net.bytebuddy.description.field.FieldList$ForLoadedFields
2024-11-12 13:43:17,567 INFO  EvoClassLoader - Instrumenting class 'net.bytebuddy.description.field.FieldList$ForLoadedFields'.
2024-11-12 13:43:17,567 INFO  MethodCallReplacementClassAdapter - Adding mock interface to class net/bytebuddy/description/field/FieldList$ForLoadedFields
2024-11-12 13:43:17,567 INFO  CreateClassResetClassAdapter - Creating brand-new static initializer in class net/bytebuddy/description/field/FieldList$ForLoadedFields
2024-11-12 13:43:17,567 INFO  EvoClassLoader - Keeping class: net.bytebuddy.description.field.FieldList$ForLoadedFields
2024-11-12 13:43:17,568 INFO  EvoClassLoader - Seeing class for first time: net.bytebuddy.jar.asm.AnnotationVisitor
2024-11-12 13:43:17,568 INFO  EvoClassLoader - Instrumenting class 'net.bytebuddy.jar.asm.AnnotationVisitor'.
2024-11-12 13:43:17,568 INFO  MethodCallReplacementClassAdapter - Adding mock interface to class net/bytebuddy/jar/asm/AnnotationVisitor
2024-11-12 13:43:17,568 INFO  CreateClassResetClassAdapter - Creating brand-new static initializer in class net/bytebuddy/jar/asm/AnnotationVisitor
2024-11-12 13:43:17,568 INFO  EvoClassLoader - Keeping class: net.bytebuddy.jar.asm.AnnotationVisitor
2024-11-12 13:43:17,568 INFO  EvoClassLoader - Seeing class for first time: net.bytebuddy.jar.asm.TypePath
2024-11-12 13:43:17,568 INFO  EvoClassLoader - Instrumenting class 'net.bytebuddy.jar.asm.TypePath'.
2024-11-12 13:43:17,569 INFO  MethodCallReplacementClassAdapter - Adding mock interface to class net/bytebuddy/jar/asm/TypePath
2024-11-12 13:43:17,569 INFO  CreateClassResetClassAdapter - Creating brand-new static initializer in class net/bytebuddy/jar/asm/TypePath
2024-11-12 13:43:17,569 INFO  CreateClassResetClassAdapter - Adding bytecode for initializing field ARRAY_ELEMENT
2024-11-12 13:43:17,569 INFO  CreateClassResetClassAdapter - Adding bytecode for initializing field INNER_TYPE
2024-11-12 13:43:17,569 INFO  CreateClassResetClassAdapter - Adding bytecode for initializing field WILDCARD_BOUND
2024-11-12 13:43:17,569 INFO  CreateClassResetClassAdapter - Adding bytecode for initializing field TYPE_ARGUMENT
2024-11-12 13:43:17,569 INFO  EvoClassLoader - Keeping class: net.bytebuddy.jar.asm.TypePath
2024-11-12 13:43:17,569 INFO  EvoClassLoader - Seeing class for first time: net.bytebuddy.jar.asm.Attribute
2024-11-12 13:43:17,569 INFO  EvoClassLoader - Instrumenting class 'net.bytebuddy.jar.asm.Attribute'.
2024-11-12 13:43:17,570 INFO  MethodCallReplacementClassAdapter - Adding mock interface to class net/bytebuddy/jar/asm/Attribute
2024-11-12 13:43:17,570 INFO  CreateClassResetClassAdapter - Creating brand-new static initializer in class net/bytebuddy/jar/asm/Attribute
2024-11-12 13:43:17,570 INFO  EvoClassLoader - Keeping class: net.bytebuddy.jar.asm.Attribute
2024-11-12 13:43:17,570 INFO  EvoClassLoader - Seeing class for first time: net.bytebuddy.jar.asm.ModuleVisitor
2024-11-12 13:43:17,570 INFO  EvoClassLoader - Instrumenting class 'net.bytebuddy.jar.asm.ModuleVisitor'.
2024-11-12 13:43:17,570 INFO  MethodCallReplacementClassAdapter - Adding mock interface to class net/bytebuddy/jar/asm/ModuleVisitor
2024-11-12 13:43:17,571 INFO  CreateClassResetClassAdapter - Creating brand-new static initializer in class net/bytebuddy/jar/asm/ModuleVisitor
2024-11-12 13:43:17,571 INFO  EvoClassLoader - Keeping class: net.bytebuddy.jar.asm.ModuleVisitor
2024-11-12 13:43:17,571 INFO  EvoClassLoader - Seeing class for first time: net.bytebuddy.jar.asm.ClassTooLargeException
2024-11-12 13:43:17,571 INFO  EvoClassLoader - Instrumenting class 'net.bytebuddy.jar.asm.ClassTooLargeException'.
2024-11-12 13:43:17,571 INFO  MethodCallReplacementClassAdapter - Adding mock interface to class net/bytebuddy/jar/asm/ClassTooLargeException
2024-11-12 13:43:17,571 INFO  CreateClassResetClassAdapter - Creating brand-new static initializer in class net/bytebuddy/jar/asm/ClassTooLargeException
2024-11-12 13:43:17,572 INFO  EvoClassLoader - Keeping class: net.bytebuddy.jar.asm.ClassTooLargeException
2024-11-12 13:43:17,572 INFO  EvoClassLoader - Seeing class for first time: net.bytebuddy.jar.asm.ModuleWriter
2024-11-12 13:43:17,572 INFO  EvoClassLoader - Instrumenting class 'net.bytebuddy.jar.asm.ModuleWriter'.
2024-11-12 13:43:17,572 INFO  MethodCallReplacementClassAdapter - Adding mock interface to class net/bytebuddy/jar/asm/ModuleWriter
2024-11-12 13:43:17,572 INFO  CreateClassResetClassAdapter - Creating brand-new static initializer in class net/bytebuddy/jar/asm/ModuleWriter
2024-11-12 13:43:17,572 INFO  EvoClassLoader - Keeping class: net.bytebuddy.jar.asm.ModuleWriter
2024-11-12 13:43:17,573 INFO  EvoClassLoader - Seeing class for first time: net.bytebuddy.jar.asm.AnnotationWriter
2024-11-12 13:43:17,573 INFO  EvoClassLoader - Instrumenting class 'net.bytebuddy.jar.asm.AnnotationWriter'.
2024-11-12 13:43:17,573 INFO  MethodCallReplacementClassAdapter - Adding mock interface to class net/bytebuddy/jar/asm/AnnotationWriter
2024-11-12 13:43:17,573 INFO  CreateClassResetClassAdapter - Creating brand-new static initializer in class net/bytebuddy/jar/asm/AnnotationWriter
2024-11-12 13:43:17,573 INFO  EvoClassLoader - Keeping class: net.bytebuddy.jar.asm.AnnotationWriter
2024-11-12 13:43:17,573 INFO  EvoClassLoader - Seeing class for first time: net.bytebuddy.jar.asm.MethodWriter
2024-11-12 13:43:17,573 INFO  EvoClassLoader - Instrumenting class 'net.bytebuddy.jar.asm.MethodWriter'.
2024-11-12 13:43:17,574 INFO  MethodCallReplacementClassAdapter - Adding mock interface to class net/bytebuddy/jar/asm/MethodWriter
2024-11-12 13:43:17,576 INFO  CreateClassResetClassAdapter - Found static initializer in class net/bytebuddy/jar/asm/MethodWriter
2024-11-12 13:43:17,578 INFO  EvoClassLoader - Keeping class: net.bytebuddy.jar.asm.MethodWriter
2024-11-12 13:43:17,578 INFO  EvoClassLoader - Seeing class for first time: net.bytebuddy.jar.asm.FieldWriter
2024-11-12 13:43:17,578 INFO  EvoClassLoader - Instrumenting class 'net.bytebuddy.jar.asm.FieldWriter'.
2024-11-12 13:43:17,578 INFO  MethodCallReplacementClassAdapter - Adding mock interface to class net/bytebuddy/jar/asm/FieldWriter
2024-11-12 13:43:17,579 INFO  CreateClassResetClassAdapter - Creating brand-new static initializer in class net/bytebuddy/jar/asm/FieldWriter
2024-11-12 13:43:17,579 INFO  EvoClassLoader - Keeping class: net.bytebuddy.jar.asm.FieldWriter
2024-11-12 13:43:17,579 INFO  EvoClassLoader - Seeing class for first time: net.bytebuddy.jar.asm.Handle
2024-11-12 13:43:17,579 INFO  EvoClassLoader - Instrumenting class 'net.bytebuddy.jar.asm.Handle'.
2024-11-12 13:43:17,579 INFO  MethodCallReplacementClassAdapter - Adding mock interface to class net/bytebuddy/jar/asm/Handle
2024-11-12 13:43:17,579 INFO  CreateClassResetClassAdapter - Creating brand-new static initializer in class net/bytebuddy/jar/asm/Handle
2024-11-12 13:43:17,580 INFO  EvoClassLoader - Keeping class: net.bytebuddy.jar.asm.Handle
2024-11-12 13:43:17,580 INFO  EvoClassLoader - Seeing class for first time: net.bytebuddy.jar.asm.MethodTooLargeException
2024-11-12 13:43:17,580 INFO  EvoClassLoader - Instrumenting class 'net.bytebuddy.jar.asm.MethodTooLargeException'.
2024-11-12 13:43:17,580 INFO  MethodCallReplacementClassAdapter - Adding mock interface to class net/bytebuddy/jar/asm/MethodTooLargeException
2024-11-12 13:43:17,580 INFO  CreateClassResetClassAdapter - Creating brand-new static initializer in class net/bytebuddy/jar/asm/MethodTooLargeException
2024-11-12 13:43:17,580 INFO  EvoClassLoader - Keeping class: net.bytebuddy.jar.asm.MethodTooLargeException
2024-11-12 13:43:17,580 INFO  EvoClassLoader - Seeing class for first time: net.bytebuddy.jar.asm.SymbolTable
2024-11-12 13:43:17,580 INFO  EvoClassLoader - Instrumenting class 'net.bytebuddy.jar.asm.SymbolTable'.
2024-11-12 13:43:17,581 INFO  MethodCallReplacementClassAdapter - Adding mock interface to class net/bytebuddy/jar/asm/SymbolTable
2024-11-12 13:43:17,582 INFO  CreateClassResetClassAdapter - Creating brand-new static initializer in class net/bytebuddy/jar/asm/SymbolTable
2024-11-12 13:43:17,583 INFO  EvoClassLoader - Keeping class: net.bytebuddy.jar.asm.SymbolTable
2024-11-12 13:43:17,584 INFO  EvoClassLoader - Seeing class for first time: net.bytebuddy.jar.asm.Symbol
2024-11-12 13:43:17,584 INFO  EvoClassLoader - Instrumenting class 'net.bytebuddy.jar.asm.Symbol'.
2024-11-12 13:43:17,584 INFO  MethodCallReplacementClassAdapter - Adding mock interface to class net/bytebuddy/jar/asm/Symbol
2024-11-12 13:43:17,584 INFO  CreateClassResetClassAdapter - Creating brand-new static initializer in class net/bytebuddy/jar/asm/Symbol
2024-11-12 13:43:17,584 INFO  CreateClassResetClassAdapter - Adding bytecode for initializing field CONSTANT_CLASS_TAG
2024-11-12 13:43:17,584 INFO  CreateClassResetClassAdapter - Adding bytecode for initializing field CONSTANT_FIELDREF_TAG
2024-11-12 13:43:17,584 INFO  CreateClassResetClassAdapter - Adding bytecode for initializing field CONSTANT_METHODREF_TAG
2024-11-12 13:43:17,584 INFO  CreateClassResetClassAdapter - Adding bytecode for initializing field CONSTANT_INTERFACE_METHODREF_TAG
2024-11-12 13:43:17,584 INFO  CreateClassResetClassAdapter - Adding bytecode for initializing field CONSTANT_STRING_TAG
2024-11-12 13:43:17,584 INFO  CreateClassResetClassAdapter - Adding bytecode for initializing field CONSTANT_INTEGER_TAG
2024-11-12 13:43:17,584 INFO  CreateClassResetClassAdapter - Adding bytecode for initializing field CONSTANT_FLOAT_TAG
2024-11-12 13:43:17,584 INFO  CreateClassResetClassAdapter - Adding bytecode for initializing field CONSTANT_LONG_TAG
2024-11-12 13:43:17,584 INFO  CreateClassResetClassAdapter - Adding bytecode for initializing field CONSTANT_DOUBLE_TAG
2024-11-12 13:43:17,584 INFO  CreateClassResetClassAdapter - Adding bytecode for initializing field CONSTANT_NAME_AND_TYPE_TAG
2024-11-12 13:43:17,584 INFO  CreateClassResetClassAdapter - Adding bytecode for initializing field CONSTANT_UTF8_TAG
2024-11-12 13:43:17,584 INFO  CreateClassResetClassAdapter - Adding bytecode for initializing field CONSTANT_METHOD_HANDLE_TAG
2024-11-12 13:43:17,584 INFO  CreateClassResetClassAdapter - Adding bytecode for initializing field CONSTANT_METHOD_TYPE_TAG
2024-11-12 13:43:17,584 INFO  CreateClassResetClassAdapter - Adding bytecode for initializing field CONSTANT_DYNAMIC_TAG
2024-11-12 13:43:17,584 INFO  CreateClassResetClassAdapter - Adding bytecode for initializing field CONSTANT_INVOKE_DYNAMIC_TAG
2024-11-12 13:43:17,584 INFO  CreateClassResetClassAdapter - Adding bytecode for initializing field CONSTANT_MODULE_TAG
2024-11-12 13:43:17,584 INFO  CreateClassResetClassAdapter - Adding bytecode for initializing field CONSTANT_PACKAGE_TAG
2024-11-12 13:43:17,584 INFO  CreateClassResetClassAdapter - Adding bytecode for initializing field BOOTSTRAP_METHOD_TAG
2024-11-12 13:43:17,584 INFO  CreateClassResetClassAdapter - Adding bytecode for initializing field TYPE_TAG
2024-11-12 13:43:17,584 INFO  CreateClassResetClassAdapter - Adding bytecode for initializing field UNINITIALIZED_TYPE_TAG
2024-11-12 13:43:17,584 INFO  CreateClassResetClassAdapter - Adding bytecode for initializing field MERGED_TYPE_TAG
2024-11-12 13:43:17,585 INFO  EvoClassLoader - Keeping class: net.bytebuddy.jar.asm.Symbol
2024-11-12 13:43:17,585 INFO  EvoClassLoader - Seeing class for first time: net.bytebuddy.jar.asm.SymbolTable$Entry
2024-11-12 13:43:17,585 INFO  EvoClassLoader - Instrumenting class 'net.bytebuddy.jar.asm.SymbolTable$Entry'.
2024-11-12 13:43:17,585 INFO  MethodCallReplacementClassAdapter - Adding mock interface to class net/bytebuddy/jar/asm/SymbolTable$Entry
2024-11-12 13:43:17,585 INFO  CreateClassResetClassAdapter - Creating brand-new static initializer in class net/bytebuddy/jar/asm/SymbolTable$Entry
2024-11-12 13:43:17,585 INFO  EvoClassLoader - Keeping class: net.bytebuddy.jar.asm.SymbolTable$Entry
2024-11-12 13:43:17,586 INFO  EvoClassLoader - Seeing class for first time: net.bytebuddy.jar.asm.ByteVector
2024-11-12 13:43:17,586 INFO  EvoClassLoader - Instrumenting class 'net.bytebuddy.jar.asm.ByteVector'.
2024-11-12 13:43:17,586 INFO  MethodCallReplacementClassAdapter - Adding mock interface to class net/bytebuddy/jar/asm/ByteVector
2024-11-12 13:43:17,587 INFO  CreateClassResetClassAdapter - Creating brand-new static initializer in class net/bytebuddy/jar/asm/ByteVector
2024-11-12 13:43:17,587 INFO  EvoClassLoader - Keeping class: net.bytebuddy.jar.asm.ByteVector
2024-11-12 13:43:17,587 INFO  EvoClassLoader - Seeing class for first time: net.bytebuddy.jar.asm.ClassReader
2024-11-12 13:43:17,587 INFO  EvoClassLoader - Instrumenting class 'net.bytebuddy.jar.asm.ClassReader'.
2024-11-12 13:43:17,588 INFO  MethodCallReplacementClassAdapter - Adding mock interface to class net/bytebuddy/jar/asm/ClassReader
2024-11-12 13:43:17,591 INFO  CreateClassResetClassAdapter - Creating brand-new static initializer in class net/bytebuddy/jar/asm/ClassReader
2024-11-12 13:43:17,591 INFO  CreateClassResetClassAdapter - Adding bytecode for initializing field SKIP_CODE
2024-11-12 13:43:17,591 INFO  CreateClassResetClassAdapter - Adding bytecode for initializing field SKIP_DEBUG
2024-11-12 13:43:17,591 INFO  CreateClassResetClassAdapter - Adding bytecode for initializing field SKIP_FRAMES
2024-11-12 13:43:17,591 INFO  CreateClassResetClassAdapter - Adding bytecode for initializing field EXPAND_FRAMES
2024-11-12 13:43:17,591 INFO  CreateClassResetClassAdapter - Adding bytecode for initializing field EXPAND_ASM_INSNS
2024-11-12 13:43:17,591 INFO  CreateClassResetClassAdapter - Adding bytecode for initializing field INPUT_STREAM_DATA_CHUNK_SIZE
2024-11-12 13:43:17,592 INFO  EvoClassLoader - Keeping class: net.bytebuddy.jar.asm.ClassReader
2024-11-12 13:43:17,593 INFO  EvoClassLoader - Seeing class for first time: net.bytebuddy.implementation.Implementation$Context$Default$FieldSetterDelegation
2024-11-12 13:43:17,593 INFO  EvoClassLoader - Instrumenting class 'net.bytebuddy.implementation.Implementation$Context$Default$FieldSetterDelegation'.
2024-11-12 13:43:17,593 INFO  MethodCallReplacementClassAdapter - Adding mock interface to class net/bytebuddy/implementation/Implementation$Context$Default$FieldSetterDelegation
2024-11-12 13:43:17,593 INFO  CreateClassResetClassAdapter - Creating brand-new static initializer in class net/bytebuddy/implementation/Implementation$Context$Default$FieldSetterDelegation
2024-11-12 13:43:17,594 INFO  EvoClassLoader - Seeing class for first time: net.bytebuddy.implementation.Implementation$Context$Default$DelegationRecord
2024-11-12 13:43:17,594 INFO  EvoClassLoader - Instrumenting class 'net.bytebuddy.implementation.Implementation$Context$Default$DelegationRecord'.
2024-11-12 13:43:17,594 INFO  MethodCallReplacementClassAdapter - Adding mock interface to class net/bytebuddy/implementation/Implementation$Context$Default$DelegationRecord
2024-11-12 13:43:17,594 INFO  CreateClassResetClassAdapter - Creating brand-new static initializer in class net/bytebuddy/implementation/Implementation$Context$Default$DelegationRecord
2024-11-12 13:43:17,594 INFO  EvoClassLoader - Seeing class for first time: net.bytebuddy.dynamic.scaffold.TypeWriter$MethodPool$Record$ForDefinedMethod
2024-11-12 13:43:17,594 INFO  EvoClassLoader - Instrumenting class 'net.bytebuddy.dynamic.scaffold.TypeWriter$MethodPool$Record$ForDefinedMethod'.
2024-11-12 13:43:17,594 INFO  MethodCallReplacementClassAdapter - Adding mock interface to class net/bytebuddy/dynamic/scaffold/TypeWriter$MethodPool$Record$ForDefinedMethod
2024-11-12 13:43:17,594 INFO  CreateClassResetClassAdapter - Creating brand-new static initializer in class net/bytebuddy/dynamic/scaffold/TypeWriter$MethodPool$Record$ForDefinedMethod
2024-11-12 13:43:17,594 INFO  EvoClassLoader - Keeping class: net.bytebuddy.dynamic.scaffold.TypeWriter$MethodPool$Record$ForDefinedMethod
2024-11-12 13:43:17,594 INFO  EvoClassLoader - Keeping class: net.bytebuddy.implementation.Implementation$Context$Default$DelegationRecord
2024-11-12 13:43:17,594 INFO  EvoClassLoader - Keeping class: net.bytebuddy.implementation.Implementation$Context$Default$FieldSetterDelegation
2024-11-12 13:43:17,594 INFO  EvoClassLoader - Seeing class for first time: net.bytebuddy.implementation.Implementation$Context$Default$FieldGetterDelegation
2024-11-12 13:43:17,594 INFO  EvoClassLoader - Instrumenting class 'net.bytebuddy.implementation.Implementation$Context$Default$FieldGetterDelegation'.
2024-11-12 13:43:17,595 INFO  MethodCallReplacementClassAdapter - Adding mock interface to class net/bytebuddy/implementation/Implementation$Context$Default$FieldGetterDelegation
2024-11-12 13:43:17,595 INFO  CreateClassResetClassAdapter - Creating brand-new static initializer in class net/bytebuddy/implementation/Implementation$Context$Default$FieldGetterDelegation
2024-11-12 13:43:17,595 INFO  EvoClassLoader - Keeping class: net.bytebuddy.implementation.Implementation$Context$Default$FieldGetterDelegation
2024-11-12 13:43:17,595 INFO  EvoClassLoader - Seeing class for first time: net.bytebuddy.implementation.Implementation$Context$Default$AccessorMethodDelegation
2024-11-12 13:43:17,595 INFO  EvoClassLoader - Instrumenting class 'net.bytebuddy.implementation.Implementation$Context$Default$AccessorMethodDelegation'.
2024-11-12 13:43:17,595 INFO  MethodCallReplacementClassAdapter - Adding mock interface to class net/bytebuddy/implementation/Implementation$Context$Default$AccessorMethodDelegation
2024-11-12 13:43:17,595 INFO  CreateClassResetClassAdapter - Creating brand-new static initializer in class net/bytebuddy/implementation/Implementation$Context$Default$AccessorMethodDelegation
2024-11-12 13:43:17,596 INFO  EvoClassLoader - Keeping class: net.bytebuddy.implementation.Implementation$Context$Default$AccessorMethodDelegation
2024-11-12 13:43:17,596 INFO  EvoClassLoader - Seeing class for first time: net.bytebuddy.implementation.MethodAccessorFactory$AccessType
2024-11-12 13:43:17,596 INFO  EvoClassLoader - Instrumenting class 'net.bytebuddy.implementation.MethodAccessorFactory$AccessType'.
2024-11-12 13:43:17,596 INFO  MethodCallReplacementClassAdapter - Adding mock interface to class net/bytebuddy/implementation/MethodAccessorFactory$AccessType
2024-11-12 13:43:17,596 INFO  CreateClassResetClassAdapter - Found static initializer in class net/bytebuddy/implementation/MethodAccessorFactory$AccessType
2024-11-12 13:43:17,596 INFO  EvoClassLoader - Keeping class: net.bytebuddy.implementation.MethodAccessorFactory$AccessType
2024-11-12 13:43:17,596 INFO  EvoClassLoader - Seeing class for first time: net.bytebuddy.dynamic.scaffold.TypeWriter$Default$ValidatingClassVisitor
2024-11-12 13:43:17,596 INFO  EvoClassLoader - Instrumenting class 'net.bytebuddy.dynamic.scaffold.TypeWriter$Default$ValidatingClassVisitor'.
2024-11-12 13:43:17,596 INFO  MethodCallReplacementClassAdapter - Adding mock interface to class net/bytebuddy/dynamic/scaffold/TypeWriter$Default$ValidatingClassVisitor
2024-11-12 13:43:17,598 INFO  CreateClassResetClassAdapter - Found static initializer in class net/bytebuddy/dynamic/scaffold/TypeWriter$Default$ValidatingClassVisitor
2024-11-12 13:43:17,598 INFO  EvoClassLoader - Keeping class: net.bytebuddy.dynamic.scaffold.TypeWriter$Default$ValidatingClassVisitor
2024-11-12 13:43:17,598 INFO  EvoClassLoader - Seeing class for first time: net.bytebuddy.dynamic.scaffold.TypeWriter$Default$ForInlining
2024-11-12 13:43:17,598 INFO  EvoClassLoader - Instrumenting class 'net.bytebuddy.dynamic.scaffold.TypeWriter$Default$ForInlining'.
2024-11-12 13:43:17,599 INFO  MethodCallReplacementClassAdapter - Adding mock interface to class net/bytebuddy/dynamic/scaffold/TypeWriter$Default$ForInlining
2024-11-12 13:43:17,599 INFO  CreateClassResetClassAdapter - Found static initializer in class net/bytebuddy/dynamic/scaffold/TypeWriter$Default$ForInlining
2024-11-12 13:43:17,600 INFO  EvoClassLoader - Keeping class: net.bytebuddy.dynamic.scaffold.TypeWriter$Default$ForInlining
2024-11-12 13:43:17,600 INFO  EvoClassLoader - Seeing class for first time: net.bytebuddy.dynamic.scaffold.TypeWriter$Default$ValidatingClassVisitor$ValidatingMethodVisitor
2024-11-12 13:43:17,600 INFO  EvoClassLoader - Instrumenting class 'net.bytebuddy.dynamic.scaffold.TypeWriter$Default$ValidatingClassVisitor$ValidatingMethodVisitor'.
2024-11-12 13:43:17,600 INFO  MethodCallReplacementClassAdapter - Adding mock interface to class net/bytebuddy/dynamic/scaffold/TypeWriter$Default$ValidatingClassVisitor$ValidatingMethodVisitor
2024-11-12 13:43:17,600 INFO  CreateClassResetClassAdapter - Creating brand-new static initializer in class net/bytebuddy/dynamic/scaffold/TypeWriter$Default$ValidatingClassVisitor$ValidatingMethodVisitor
2024-11-12 13:43:17,601 INFO  EvoClassLoader - Keeping class: net.bytebuddy.dynamic.scaffold.TypeWriter$Default$ValidatingClassVisitor$ValidatingMethodVisitor
2024-11-12 13:43:17,601 INFO  EvoClassLoader - Seeing class for first time: net.bytebuddy.dynamic.scaffold.TypeWriter$Default$ValidatingClassVisitor$ValidatingFieldVisitor
2024-11-12 13:43:17,601 INFO  EvoClassLoader - Instrumenting class 'net.bytebuddy.dynamic.scaffold.TypeWriter$Default$ValidatingClassVisitor$ValidatingFieldVisitor'.
2024-11-12 13:43:17,601 INFO  MethodCallReplacementClassAdapter - Adding mock interface to class net/bytebuddy/dynamic/scaffold/TypeWriter$Default$ValidatingClassVisitor$ValidatingFieldVisitor
2024-11-12 13:43:17,601 INFO  CreateClassResetClassAdapter - Creating brand-new static initializer in class net/bytebuddy/dynamic/scaffold/TypeWriter$Default$ValidatingClassVisitor$ValidatingFieldVisitor
2024-11-12 13:43:17,601 INFO  EvoClassLoader - Keeping class: net.bytebuddy.dynamic.scaffold.TypeWriter$Default$ValidatingClassVisitor$ValidatingFieldVisitor
2024-11-12 13:43:17,601 INFO  EvoClassLoader - Seeing class for first time: net.bytebuddy.dynamic.scaffold.TypeWriter$Default$ValidatingClassVisitor$Constraint
2024-11-12 13:43:17,601 INFO  EvoClassLoader - Instrumenting class 'net.bytebuddy.dynamic.scaffold.TypeWriter$Default$ValidatingClassVisitor$Constraint'.
2024-11-12 13:43:17,601 INFO  EvoClassLoader - Keeping class: net.bytebuddy.dynamic.scaffold.TypeWriter$Default$ValidatingClassVisitor$Constraint
2024-11-12 13:43:17,601 INFO  EvoClassLoader - Seeing class for first time: net.bytebuddy.jar.asm.signature.SignatureVisitor
2024-11-12 13:43:17,601 INFO  EvoClassLoader - Instrumenting class 'net.bytebuddy.jar.asm.signature.SignatureVisitor'.
2024-11-12 13:43:17,602 INFO  MethodCallReplacementClassAdapter - Adding mock interface to class net/bytebuddy/jar/asm/signature/SignatureVisitor
2024-11-12 13:43:17,602 INFO  CreateClassResetClassAdapter - Creating brand-new static initializer in class net/bytebuddy/jar/asm/signature/SignatureVisitor
2024-11-12 13:43:17,602 INFO  CreateClassResetClassAdapter - Adding bytecode for initializing field EXTENDS
2024-11-12 13:43:17,602 INFO  CreateClassResetClassAdapter - Adding bytecode for initializing field SUPER
2024-11-12 13:43:17,602 INFO  CreateClassResetClassAdapter - Adding bytecode for initializing field INSTANCEOF
2024-11-12 13:43:17,602 INFO  EvoClassLoader - Defined package (3): package net.bytebuddy.jar.asm.signature, 153638513
2024-11-12 13:43:17,603 INFO  EvoClassLoader - Keeping class: net.bytebuddy.jar.asm.signature.SignatureVisitor
2024-11-12 13:43:17,603 INFO  EvoClassLoader - Seeing class for first time: net.bytebuddy.jar.asm.signature.SignatureWriter
2024-11-12 13:43:17,603 INFO  EvoClassLoader - Instrumenting class 'net.bytebuddy.jar.asm.signature.SignatureWriter'.
2024-11-12 13:43:17,603 INFO  MethodCallReplacementClassAdapter - Adding mock interface to class net/bytebuddy/jar/asm/signature/SignatureWriter
2024-11-12 13:43:17,603 INFO  CreateClassResetClassAdapter - Creating brand-new static initializer in class net/bytebuddy/jar/asm/signature/SignatureWriter
2024-11-12 13:43:17,604 INFO  EvoClassLoader - Keeping class: net.bytebuddy.jar.asm.signature.SignatureWriter
2024-11-12 13:43:17,605 INFO  EvoClassLoader - Seeing class for first time: net.bytebuddy.implementation.attribute.AnnotationAppender$Default
2024-11-12 13:43:17,605 INFO  EvoClassLoader - Instrumenting class 'net.bytebuddy.implementation.attribute.AnnotationAppender$Default'.
2024-11-12 13:43:17,605 INFO  MethodCallReplacementClassAdapter - Adding mock interface to class net/bytebuddy/implementation/attribute/AnnotationAppender$Default
2024-11-12 13:43:17,606 INFO  CreateClassResetClassAdapter - Creating brand-new static initializer in class net/bytebuddy/implementation/attribute/AnnotationAppender$Default
2024-11-12 13:43:17,607 INFO  EvoClassLoader - Keeping class: net.bytebuddy.implementation.attribute.AnnotationAppender$Default
2024-11-12 13:43:17,607 INFO  EvoClassLoader - Seeing class for first time: net.bytebuddy.implementation.attribute.AnnotationAppender$ForTypeAnnotations
2024-11-12 13:43:17,607 INFO  EvoClassLoader - Instrumenting class 'net.bytebuddy.implementation.attribute.AnnotationAppender$ForTypeAnnotations'.
2024-11-12 13:43:17,607 INFO  MethodCallReplacementClassAdapter - Adding mock interface to class net/bytebuddy/implementation/attribute/AnnotationAppender$ForTypeAnnotations
2024-11-12 13:43:17,608 INFO  CreateClassResetClassAdapter - Creating brand-new static initializer in class net/bytebuddy/implementation/attribute/AnnotationAppender$ForTypeAnnotations
2024-11-12 13:43:17,608 INFO  CreateClassResetClassAdapter - Adding bytecode for initializing field VARIABLE_ON_TYPE
2024-11-12 13:43:17,608 INFO  CreateClassResetClassAdapter - Adding bytecode for initializing field VARIABLE_ON_INVOKEABLE
2024-11-12 13:43:17,608 INFO  CreateClassResetClassAdapter - Adding bytecode for initializing field EMPTY_TYPE_PATH
2024-11-12 13:43:17,608 INFO  CreateClassResetClassAdapter - Adding bytecode for initializing field COMPONENT_TYPE_PATH
2024-11-12 13:43:17,608 INFO  CreateClassResetClassAdapter - Adding bytecode for initializing field WILDCARD_TYPE_PATH
2024-11-12 13:43:17,608 INFO  CreateClassResetClassAdapter - Adding bytecode for initializing field INNER_CLASS_PATH
2024-11-12 13:43:17,608 INFO  CreateClassResetClassAdapter - Adding bytecode for initializing field INDEXED_TYPE_DELIMITER
2024-11-12 13:43:17,608 INFO  CreateClassResetClassAdapter - Adding bytecode for initializing field SUPER_CLASS_INDEX
2024-11-12 13:43:17,608 INFO  EvoClassLoader - Keeping class: net.bytebuddy.implementation.attribute.AnnotationAppender$ForTypeAnnotations
2024-11-12 13:43:17,608 INFO  EvoClassLoader - Seeing class for first time: net.bytebuddy.implementation.attribute.AnnotationAppender$Target$OnType
2024-11-12 13:43:17,608 INFO  EvoClassLoader - Instrumenting class 'net.bytebuddy.implementation.attribute.AnnotationAppender$Target$OnType'.
2024-11-12 13:43:17,609 INFO  MethodCallReplacementClassAdapter - Adding mock interface to class net/bytebuddy/implementation/attribute/AnnotationAppender$Target$OnType
2024-11-12 13:43:17,609 INFO  CreateClassResetClassAdapter - Creating brand-new static initializer in class net/bytebuddy/implementation/attribute/AnnotationAppender$Target$OnType
2024-11-12 13:43:17,609 INFO  EvoClassLoader - Keeping class: net.bytebuddy.implementation.attribute.AnnotationAppender$Target$OnType
2024-11-12 13:43:17,609 INFO  EvoClassLoader - Seeing class for first time: net.bytebuddy.implementation.attribute.AnnotationAppender$Target$OnField
2024-11-12 13:43:17,609 INFO  EvoClassLoader - Instrumenting class 'net.bytebuddy.implementation.attribute.AnnotationAppender$Target$OnField'.
2024-11-12 13:43:17,609 INFO  MethodCallReplacementClassAdapter - Adding mock interface to class net/bytebuddy/implementation/attribute/AnnotationAppender$Target$OnField
2024-11-12 13:43:17,609 INFO  CreateClassResetClassAdapter - Creating brand-new static initializer in class net/bytebuddy/implementation/attribute/AnnotationAppender$Target$OnField
2024-11-12 13:43:17,609 INFO  EvoClassLoader - Keeping class: net.bytebuddy.implementation.attribute.AnnotationAppender$Target$OnField
2024-11-12 13:43:17,609 INFO  EvoClassLoader - Seeing class for first time: net.bytebuddy.implementation.attribute.AnnotationAppender$Target$OnMethodParameter
2024-11-12 13:43:17,609 INFO  EvoClassLoader - Instrumenting class 'net.bytebuddy.implementation.attribute.AnnotationAppender$Target$OnMethodParameter'.
2024-11-12 13:43:17,609 INFO  MethodCallReplacementClassAdapter - Adding mock interface to class net/bytebuddy/implementation/attribute/AnnotationAppender$Target$OnMethodParameter
2024-11-12 13:43:17,609 INFO  CreateClassResetClassAdapter - Creating brand-new static initializer in class net/bytebuddy/implementation/attribute/AnnotationAppender$Target$OnMethodParameter
2024-11-12 13:43:17,609 INFO  EvoClassLoader - Keeping class: net.bytebuddy.implementation.attribute.AnnotationAppender$Target$OnMethodParameter
2024-11-12 13:43:17,609 INFO  EvoClassLoader - Seeing class for first time: net.bytebuddy.implementation.attribute.AnnotationAppender$Target$OnMethod
2024-11-12 13:43:17,609 INFO  EvoClassLoader - Instrumenting class 'net.bytebuddy.implementation.attribute.AnnotationAppender$Target$OnMethod'.
2024-11-12 13:43:17,610 INFO  MethodCallReplacementClassAdapter - Adding mock interface to class net/bytebuddy/implementation/attribute/AnnotationAppender$Target$OnMethod
2024-11-12 13:43:17,610 INFO  CreateClassResetClassAdapter - Creating brand-new static initializer in class net/bytebuddy/implementation/attribute/AnnotationAppender$Target$OnMethod
2024-11-12 13:43:17,610 INFO  EvoClassLoader - Keeping class: net.bytebuddy.implementation.attribute.AnnotationAppender$Target$OnMethod
2024-11-12 13:43:17,610 INFO  EvoClassLoader - Seeing class for first time: net.bytebuddy.jar.asm.TypeReference
2024-11-12 13:43:17,610 INFO  EvoClassLoader - Instrumenting class 'net.bytebuddy.jar.asm.TypeReference'.
2024-11-12 13:43:17,610 INFO  MethodCallReplacementClassAdapter - Adding mock interface to class net/bytebuddy/jar/asm/TypeReference
2024-11-12 13:43:17,611 INFO  CreateClassResetClassAdapter - Creating brand-new static initializer in class net/bytebuddy/jar/asm/TypeReference
2024-11-12 13:43:17,611 INFO  CreateClassResetClassAdapter - Adding bytecode for initializing field CLASS_TYPE_PARAMETER
2024-11-12 13:43:17,611 INFO  CreateClassResetClassAdapter - Adding bytecode for initializing field METHOD_TYPE_PARAMETER
2024-11-12 13:43:17,611 INFO  CreateClassResetClassAdapter - Adding bytecode for initializing field CLASS_EXTENDS
2024-11-12 13:43:17,611 INFO  CreateClassResetClassAdapter - Adding bytecode for initializing field CLASS_TYPE_PARAMETER_BOUND
2024-11-12 13:43:17,611 INFO  CreateClassResetClassAdapter - Adding bytecode for initializing field METHOD_TYPE_PARAMETER_BOUND
2024-11-12 13:43:17,611 INFO  CreateClassResetClassAdapter - Adding bytecode for initializing field FIELD
2024-11-12 13:43:17,611 INFO  CreateClassResetClassAdapter - Adding bytecode for initializing field METHOD_RETURN
2024-11-12 13:43:17,611 INFO  CreateClassResetClassAdapter - Adding bytecode for initializing field METHOD_RECEIVER
2024-11-12 13:43:17,611 INFO  CreateClassResetClassAdapter - Adding bytecode for initializing field METHOD_FORMAL_PARAMETER
2024-11-12 13:43:17,611 INFO  CreateClassResetClassAdapter - Adding bytecode for initializing field THROWS
2024-11-12 13:43:17,611 INFO  CreateClassResetClassAdapter - Adding bytecode for initializing field LOCAL_VARIABLE
2024-11-12 13:43:17,611 INFO  CreateClassResetClassAdapter - Adding bytecode for initializing field RESOURCE_VARIABLE
2024-11-12 13:43:17,611 INFO  CreateClassResetClassAdapter - Adding bytecode for initializing field EXCEPTION_PARAMETER
2024-11-12 13:43:17,611 INFO  CreateClassResetClassAdapter - Adding bytecode for initializing field INSTANCEOF
2024-11-12 13:43:17,611 INFO  CreateClassResetClassAdapter - Adding bytecode for initializing field NEW
2024-11-12 13:43:17,611 INFO  CreateClassResetClassAdapter - Adding bytecode for initializing field CONSTRUCTOR_REFERENCE
2024-11-12 13:43:17,611 INFO  CreateClassResetClassAdapter - Adding bytecode for initializing field METHOD_REFERENCE
2024-11-12 13:43:17,611 INFO  CreateClassResetClassAdapter - Adding bytecode for initializing field CAST
2024-11-12 13:43:17,611 INFO  CreateClassResetClassAdapter - Adding bytecode for initializing field CONSTRUCTOR_INVOCATION_TYPE_ARGUMENT
2024-11-12 13:43:17,611 INFO  CreateClassResetClassAdapter - Adding bytecode for initializing field METHOD_INVOCATION_TYPE_ARGUMENT
2024-11-12 13:43:17,611 INFO  CreateClassResetClassAdapter - Adding bytecode for initializing field CONSTRUCTOR_REFERENCE_TYPE_ARGUMENT
2024-11-12 13:43:17,611 INFO  CreateClassResetClassAdapter - Adding bytecode for initializing field METHOD_REFERENCE_TYPE_ARGUMENT
2024-11-12 13:43:17,612 INFO  EvoClassLoader - Keeping class: net.bytebuddy.jar.asm.TypeReference
2024-11-12 13:43:17,612 INFO  EvoClassLoader - Seeing class for first time: net.bytebuddy.description.field.FieldDescription$AbstractBase
2024-11-12 13:43:17,612 INFO  EvoClassLoader - Instrumenting class 'net.bytebuddy.description.field.FieldDescription$AbstractBase'.
2024-11-12 13:43:17,613 INFO  MethodCallReplacementClassAdapter - Adding mock interface to class net/bytebuddy/description/field/FieldDescription$AbstractBase
2024-11-12 13:43:17,613 INFO  CreateClassResetClassAdapter - Creating brand-new static initializer in class net/bytebuddy/description/field/FieldDescription$AbstractBase
2024-11-12 13:43:17,613 INFO  EvoClassLoader - Keeping class: net.bytebuddy.description.field.FieldDescription$AbstractBase
2024-11-12 13:43:17,613 INFO  EvoClassLoader - Seeing class for first time: net.bytebuddy.description.field.FieldDescription$TypeSubstituting
2024-11-12 13:43:17,613 INFO  EvoClassLoader - Instrumenting class 'net.bytebuddy.description.field.FieldDescription$TypeSubstituting'.
2024-11-12 13:43:17,614 INFO  MethodCallReplacementClassAdapter - Adding mock interface to class net/bytebuddy/description/field/FieldDescription$TypeSubstituting
2024-11-12 13:43:17,614 INFO  CreateClassResetClassAdapter - Creating brand-new static initializer in class net/bytebuddy/description/field/FieldDescription$TypeSubstituting
2024-11-12 13:43:17,614 INFO  EvoClassLoader - Seeing class for first time: net.bytebuddy.description.field.FieldDescription$InGenericShape
2024-11-12 13:43:17,614 INFO  EvoClassLoader - Instrumenting class 'net.bytebuddy.description.field.FieldDescription$InGenericShape'.
2024-11-12 13:43:17,614 INFO  EvoClassLoader - Keeping class: net.bytebuddy.description.field.FieldDescription$InGenericShape
2024-11-12 13:43:17,614 INFO  EvoClassLoader - Keeping class: net.bytebuddy.description.field.FieldDescription$TypeSubstituting
2024-11-12 13:43:17,614 INFO  EvoClassLoader - Seeing class for first time: net.bytebuddy.description.field.FieldDescription$Latent
2024-11-12 13:43:17,614 INFO  EvoClassLoader - Instrumenting class 'net.bytebuddy.description.field.FieldDescription$Latent'.
2024-11-12 13:43:17,615 INFO  MethodCallReplacementClassAdapter - Adding mock interface to class net/bytebuddy/description/field/FieldDescription$Latent
2024-11-12 13:43:17,615 INFO  CreateClassResetClassAdapter - Creating brand-new static initializer in class net/bytebuddy/description/field/FieldDescription$Latent
2024-11-12 13:43:17,615 INFO  EvoClassLoader - Seeing class for first time: net.bytebuddy.description.field.FieldDescription$InDefinedShape$AbstractBase
2024-11-12 13:43:17,615 INFO  EvoClassLoader - Instrumenting class 'net.bytebuddy.description.field.FieldDescription$InDefinedShape$AbstractBase'.
2024-11-12 13:43:17,615 INFO  MethodCallReplacementClassAdapter - Adding mock interface to class net/bytebuddy/description/field/FieldDescription$InDefinedShape$AbstractBase
2024-11-12 13:43:17,615 INFO  CreateClassResetClassAdapter - Creating brand-new static initializer in class net/bytebuddy/description/field/FieldDescription$InDefinedShape$AbstractBase
2024-11-12 13:43:17,615 INFO  EvoClassLoader - Keeping class: net.bytebuddy.description.field.FieldDescription$InDefinedShape$AbstractBase
2024-11-12 13:43:17,615 INFO  EvoClassLoader - Keeping class: net.bytebuddy.description.field.FieldDescription$Latent
2024-11-12 13:43:17,615 INFO  EvoClassLoader - Seeing class for first time: net.bytebuddy.description.field.FieldDescription$ForLoadedField
2024-11-12 13:43:17,615 INFO  EvoClassLoader - Instrumenting class 'net.bytebuddy.description.field.FieldDescription$ForLoadedField'.
2024-11-12 13:43:17,615 INFO  MethodCallReplacementClassAdapter - Adding mock interface to class net/bytebuddy/description/field/FieldDescription$ForLoadedField
2024-11-12 13:43:17,616 INFO  CreateClassResetClassAdapter - Creating brand-new static initializer in class net/bytebuddy/description/field/FieldDescription$ForLoadedField
2024-11-12 13:43:17,616 INFO  EvoClassLoader - Keeping class: net.bytebuddy.description.field.FieldDescription$ForLoadedField
2024-11-12 13:43:17,617 INFO  EvoClassLoader - Seeing class for first time: net.bytebuddy.dynamic.scaffold.TypeWriter$FieldPool$Record$ForExplicitField
2024-11-12 13:43:17,617 INFO  EvoClassLoader - Instrumenting class 'net.bytebuddy.dynamic.scaffold.TypeWriter$FieldPool$Record$ForExplicitField'.
2024-11-12 13:43:17,617 INFO  MethodCallReplacementClassAdapter - Adding mock interface to class net/bytebuddy/dynamic/scaffold/TypeWriter$FieldPool$Record$ForExplicitField
2024-11-12 13:43:17,617 INFO  CreateClassResetClassAdapter - Creating brand-new static initializer in class net/bytebuddy/dynamic/scaffold/TypeWriter$FieldPool$Record$ForExplicitField
2024-11-12 13:43:17,617 INFO  EvoClassLoader - Keeping class: net.bytebuddy.dynamic.scaffold.TypeWriter$FieldPool$Record$ForExplicitField
2024-11-12 13:43:17,618 INFO  EvoClassLoader - Seeing class for first time: net.bytebuddy.jar.asm.Attribute$Set
2024-11-12 13:43:17,618 INFO  EvoClassLoader - Instrumenting class 'net.bytebuddy.jar.asm.Attribute$Set'.
2024-11-12 13:43:17,618 INFO  MethodCallReplacementClassAdapter - Adding mock interface to class net/bytebuddy/jar/asm/Attribute$Set
2024-11-12 13:43:17,618 INFO  CreateClassResetClassAdapter - Creating brand-new static initializer in class net/bytebuddy/jar/asm/Attribute$Set
2024-11-12 13:43:17,618 INFO  CreateClassResetClassAdapter - Adding bytecode for initializing field SIZE_INCREMENT
2024-11-12 13:43:17,618 INFO  EvoClassLoader - Keeping class: net.bytebuddy.jar.asm.Attribute$Set
2024-11-12 13:43:17,618 INFO  EvoClassLoader - Seeing class for first time: net.bytebuddy.dynamic.scaffold.TypeWriter$MethodPool$Record$AccessBridgeWrapper
2024-11-12 13:43:17,618 INFO  EvoClassLoader - Instrumenting class 'net.bytebuddy.dynamic.scaffold.TypeWriter$MethodPool$Record$AccessBridgeWrapper'.
2024-11-12 13:43:17,619 INFO  MethodCallReplacementClassAdapter - Adding mock interface to class net/bytebuddy/dynamic/scaffold/TypeWriter$MethodPool$Record$AccessBridgeWrapper
2024-11-12 13:43:17,619 INFO  CreateClassResetClassAdapter - Creating brand-new static initializer in class net/bytebuddy/dynamic/scaffold/TypeWriter$MethodPool$Record$AccessBridgeWrapper
2024-11-12 13:43:17,619 INFO  EvoClassLoader - Keeping class: net.bytebuddy.dynamic.scaffold.TypeWriter$MethodPool$Record$AccessBridgeWrapper
2024-11-12 13:43:17,620 INFO  EvoClassLoader - Seeing class for first time: net.bytebuddy.dynamic.scaffold.TypeWriter$MethodPool$Record$Sort
2024-11-12 13:43:17,620 INFO  EvoClassLoader - Instrumenting class 'net.bytebuddy.dynamic.scaffold.TypeWriter$MethodPool$Record$Sort'.
2024-11-12 13:43:17,620 INFO  MethodCallReplacementClassAdapter - Adding mock interface to class net/bytebuddy/dynamic/scaffold/TypeWriter$MethodPool$Record$Sort
2024-11-12 13:43:17,620 INFO  CreateClassResetClassAdapter - Found static initializer in class net/bytebuddy/dynamic/scaffold/TypeWriter$MethodPool$Record$Sort
2024-11-12 13:43:17,620 INFO  EvoClassLoader - Keeping class: net.bytebuddy.dynamic.scaffold.TypeWriter$MethodPool$Record$Sort
2024-11-12 13:43:17,620 INFO  EvoClassLoader - Seeing class for first time: net.bytebuddy.dynamic.scaffold.TypeInitializer$Drain$Default
2024-11-12 13:43:17,620 INFO  EvoClassLoader - Instrumenting class 'net.bytebuddy.dynamic.scaffold.TypeInitializer$Drain$Default'.
2024-11-12 13:43:17,620 INFO  MethodCallReplacementClassAdapter - Adding mock interface to class net/bytebuddy/dynamic/scaffold/TypeInitializer$Drain$Default
2024-11-12 13:43:17,620 INFO  CreateClassResetClassAdapter - Creating brand-new static initializer in class net/bytebuddy/dynamic/scaffold/TypeInitializer$Drain$Default
2024-11-12 13:43:17,620 INFO  EvoClassLoader - Keeping class: net.bytebuddy.dynamic.scaffold.TypeInitializer$Drain$Default
2024-11-12 13:43:17,621 INFO  EvoClassLoader - Seeing class for first time: net.bytebuddy.dynamic.DynamicType$Default$Dispatcher$CreationAction
2024-11-12 13:43:17,621 INFO  EvoClassLoader - Instrumenting class 'net.bytebuddy.dynamic.DynamicType$Default$Dispatcher$CreationAction'.
2024-11-12 13:43:17,621 INFO  MethodCallReplacementClassAdapter - Adding mock interface to class net/bytebuddy/dynamic/DynamicType$Default$Dispatcher$CreationAction
2024-11-12 13:43:17,621 INFO  CreateClassResetClassAdapter - Found static initializer in class net/bytebuddy/dynamic/DynamicType$Default$Dispatcher$CreationAction
2024-11-12 13:43:17,622 INFO  EvoClassLoader - Keeping class: net.bytebuddy.dynamic.DynamicType$Default$Dispatcher$CreationAction
2024-11-12 13:43:17,622 INFO  EvoClassLoader - Seeing class for first time: net.bytebuddy.dynamic.DynamicType$Default$Dispatcher
2024-11-12 13:43:17,622 INFO  EvoClassLoader - Instrumenting class 'net.bytebuddy.dynamic.DynamicType$Default$Dispatcher'.
2024-11-12 13:43:17,622 INFO  EvoClassLoader - Keeping class: net.bytebuddy.dynamic.DynamicType$Default$Dispatcher
2024-11-12 13:43:17,622 INFO  EvoClassLoader - Seeing class for first time: net.bytebuddy.dynamic.DynamicType$Default
2024-11-12 13:43:17,622 INFO  EvoClassLoader - Instrumenting class 'net.bytebuddy.dynamic.DynamicType$Default'.
2024-11-12 13:43:17,622 INFO  MethodCallReplacementClassAdapter - Adding mock interface to class net/bytebuddy/dynamic/DynamicType$Default
2024-11-12 13:43:17,624 INFO  CreateClassResetClassAdapter - Found static initializer in class net/bytebuddy/dynamic/DynamicType$Default
2024-11-12 13:43:17,624 INFO  EvoClassLoader - Keeping class: net.bytebuddy.dynamic.DynamicType$Default
2024-11-12 13:43:17,624 INFO  EvoClassLoader - Seeing class for first time: net.bytebuddy.dynamic.DynamicType$Default$Dispatcher$ForJava7CapableVm
2024-11-12 13:43:17,624 INFO  EvoClassLoader - Instrumenting class 'net.bytebuddy.dynamic.DynamicType$Default$Dispatcher$ForJava7CapableVm'.
2024-11-12 13:43:17,624 INFO  MethodCallReplacementClassAdapter - Adding mock interface to class net/bytebuddy/dynamic/DynamicType$Default$Dispatcher$ForJava7CapableVm
2024-11-12 13:43:17,625 INFO  CreateClassResetClassAdapter - Creating brand-new static initializer in class net/bytebuddy/dynamic/DynamicType$Default$Dispatcher$ForJava7CapableVm
2024-11-12 13:43:17,625 INFO  EvoClassLoader - Keeping class: net.bytebuddy.dynamic.DynamicType$Default$Dispatcher$ForJava7CapableVm
2024-11-12 13:43:17,625 INFO  EvoClassLoader - Seeing class for first time: net.bytebuddy.dynamic.DynamicType$Default$Dispatcher$ForLegacyVm
2024-11-12 13:43:17,625 INFO  EvoClassLoader - Instrumenting class 'net.bytebuddy.dynamic.DynamicType$Default$Dispatcher$ForLegacyVm'.
2024-11-12 13:43:17,625 INFO  MethodCallReplacementClassAdapter - Adding mock interface to class net/bytebuddy/dynamic/DynamicType$Default$Dispatcher$ForLegacyVm
2024-11-12 13:43:17,626 INFO  CreateClassResetClassAdapter - Found static initializer in class net/bytebuddy/dynamic/DynamicType$Default$Dispatcher$ForLegacyVm
2024-11-12 13:43:17,626 INFO  EvoClassLoader - Keeping class: net.bytebuddy.dynamic.DynamicType$Default$Dispatcher$ForLegacyVm
2024-11-12 13:43:17,627 INFO  EvoClassLoader - Seeing class for first time: net.bytebuddy.dynamic.DynamicType$Default$Unloaded
2024-11-12 13:43:17,627 INFO  EvoClassLoader - Instrumenting class 'net.bytebuddy.dynamic.DynamicType$Default$Unloaded'.
2024-11-12 13:43:17,627 INFO  MethodCallReplacementClassAdapter - Adding mock interface to class net/bytebuddy/dynamic/DynamicType$Default$Unloaded
2024-11-12 13:43:17,627 INFO  CreateClassResetClassAdapter - Creating brand-new static initializer in class net/bytebuddy/dynamic/DynamicType$Default$Unloaded
2024-11-12 13:43:17,628 INFO  EvoClassLoader - Keeping class: net.bytebuddy.dynamic.DynamicType$Default$Unloaded
2024-11-12 13:43:17,628 INFO  EvoClassLoader - Seeing class for first time: net.bytebuddy.dynamic.DynamicType$Default$Loaded
2024-11-12 13:43:17,628 INFO  EvoClassLoader - Instrumenting class 'net.bytebuddy.dynamic.DynamicType$Default$Loaded'.
2024-11-12 13:43:17,628 INFO  MethodCallReplacementClassAdapter - Adding mock interface to class net/bytebuddy/dynamic/DynamicType$Default$Loaded
2024-11-12 13:43:17,628 INFO  CreateClassResetClassAdapter - Creating brand-new static initializer in class net/bytebuddy/dynamic/DynamicType$Default$Loaded
2024-11-12 13:43:17,628 INFO  EvoClassLoader - Seeing class for first time: net.bytebuddy.dynamic.DynamicType$Loaded
2024-11-12 13:43:17,628 INFO  EvoClassLoader - Instrumenting class 'net.bytebuddy.dynamic.DynamicType$Loaded'.
2024-11-12 13:43:17,628 INFO  EvoClassLoader - Keeping class: net.bytebuddy.dynamic.DynamicType$Loaded
2024-11-12 13:43:17,628 INFO  EvoClassLoader - Keeping class: net.bytebuddy.dynamic.DynamicType$Default$Loaded
2024-11-12 13:43:17,628 INFO  EvoClassLoader - Seeing class for first time: net.bytebuddy.dynamic.loading.ClassLoadingStrategy$Default$WrappingDispatcher
2024-11-12 13:43:17,628 INFO  EvoClassLoader - Instrumenting class 'net.bytebuddy.dynamic.loading.ClassLoadingStrategy$Default$WrappingDispatcher'.
2024-11-12 13:43:17,628 INFO  MethodCallReplacementClassAdapter - Adding mock interface to class net/bytebuddy/dynamic/loading/ClassLoadingStrategy$Default$WrappingDispatcher
2024-11-12 13:43:17,629 INFO  CreateClassResetClassAdapter - Creating brand-new static initializer in class net/bytebuddy/dynamic/loading/ClassLoadingStrategy$Default$WrappingDispatcher
2024-11-12 13:43:17,629 INFO  CreateClassResetClassAdapter - Adding bytecode for initializing field CHILD_FIRST
2024-11-12 13:43:17,629 INFO  CreateClassResetClassAdapter - Adding bytecode for initializing field PARENT_FIRST
2024-11-12 13:43:17,629 INFO  EvoClassLoader - Seeing class for first time: net.bytebuddy.dynamic.loading.ClassLoadingStrategy$Configurable
2024-11-12 13:43:17,629 INFO  EvoClassLoader - Instrumenting class 'net.bytebuddy.dynamic.loading.ClassLoadingStrategy$Configurable'.
2024-11-12 13:43:17,629 INFO  EvoClassLoader - Keeping class: net.bytebuddy.dynamic.loading.ClassLoadingStrategy$Configurable
2024-11-12 13:43:17,629 INFO  EvoClassLoader - Keeping class: net.bytebuddy.dynamic.loading.ClassLoadingStrategy$Default$WrappingDispatcher
2024-11-12 13:43:17,629 INFO  EvoClassLoader - Seeing class for first time: net.bytebuddy.dynamic.loading.ClassLoadingStrategy$Default
2024-11-12 13:43:17,629 INFO  EvoClassLoader - Instrumenting class 'net.bytebuddy.dynamic.loading.ClassLoadingStrategy$Default'.
2024-11-12 13:43:17,629 INFO  MethodCallReplacementClassAdapter - Adding mock interface to class net/bytebuddy/dynamic/loading/ClassLoadingStrategy$Default
2024-11-12 13:43:17,629 INFO  CreateClassResetClassAdapter - Found static initializer in class net/bytebuddy/dynamic/loading/ClassLoadingStrategy$Default
2024-11-12 13:43:17,629 INFO  EvoClassLoader - Keeping class: net.bytebuddy.dynamic.loading.ClassLoadingStrategy$Default
2024-11-12 13:43:17,630 INFO  EvoClassLoader - Seeing class for first time: net.bytebuddy.dynamic.loading.ByteArrayClassLoader$PersistenceHandler
2024-11-12 13:43:17,630 INFO  EvoClassLoader - Instrumenting class 'net.bytebuddy.dynamic.loading.ByteArrayClassLoader$PersistenceHandler'.
2024-11-12 13:43:17,630 INFO  MethodCallReplacementClassAdapter - Adding mock interface to class net/bytebuddy/dynamic/loading/ByteArrayClassLoader$PersistenceHandler
2024-11-12 13:43:17,630 INFO  CreateClassResetClassAdapter - Found static initializer in class net/bytebuddy/dynamic/loading/ByteArrayClassLoader$PersistenceHandler
2024-11-12 13:43:17,630 INFO  EvoClassLoader - Keeping class: net.bytebuddy.dynamic.loading.ByteArrayClassLoader$PersistenceHandler
2024-11-12 13:43:17,630 INFO  EvoClassLoader - Seeing class for first time: net.bytebuddy.dynamic.loading.ByteArrayClassLoader
2024-11-12 13:43:17,630 INFO  EvoClassLoader - Instrumenting class 'net.bytebuddy.dynamic.loading.ByteArrayClassLoader'.
2024-11-12 13:43:17,630 INFO  MethodCallReplacementClassAdapter - Adding mock interface to class net/bytebuddy/dynamic/loading/ByteArrayClassLoader
2024-11-12 13:43:17,632 INFO  CreateClassResetClassAdapter - Found static initializer in class net/bytebuddy/dynamic/loading/ByteArrayClassLoader
2024-11-12 13:43:17,633 INFO  EvoClassLoader - Keeping class: net.bytebuddy.dynamic.loading.ByteArrayClassLoader
2024-11-12 13:43:17,633 INFO  EvoClassLoader - Seeing class for first time: net.bytebuddy.dynamic.loading.ByteArrayClassLoader$SingletonEnumeration
2024-11-12 13:43:17,633 INFO  EvoClassLoader - Instrumenting class 'net.bytebuddy.dynamic.loading.ByteArrayClassLoader$SingletonEnumeration'.
2024-11-12 13:43:17,633 INFO  MethodCallReplacementClassAdapter - Adding mock interface to class net/bytebuddy/dynamic/loading/ByteArrayClassLoader$SingletonEnumeration
2024-11-12 13:43:17,633 INFO  CreateClassResetClassAdapter - Creating brand-new static initializer in class net/bytebuddy/dynamic/loading/ByteArrayClassLoader$SingletonEnumeration
2024-11-12 13:43:17,634 INFO  EvoClassLoader - Keeping class: net.bytebuddy.dynamic.loading.ByteArrayClassLoader$SingletonEnumeration
2024-11-12 13:43:17,634 INFO  EvoClassLoader - Seeing class for first time: net.bytebuddy.dynamic.loading.ByteArrayClassLoader$EmptyEnumeration
2024-11-12 13:43:17,634 INFO  EvoClassLoader - Instrumenting class 'net.bytebuddy.dynamic.loading.ByteArrayClassLoader$EmptyEnumeration'.
2024-11-12 13:43:17,634 INFO  MethodCallReplacementClassAdapter - Adding mock interface to class net/bytebuddy/dynamic/loading/ByteArrayClassLoader$EmptyEnumeration
2024-11-12 13:43:17,634 INFO  CreateClassResetClassAdapter - Found static initializer in class net/bytebuddy/dynamic/loading/ByteArrayClassLoader$EmptyEnumeration
2024-11-12 13:43:17,634 INFO  EvoClassLoader - Keeping class: net.bytebuddy.dynamic.loading.ByteArrayClassLoader$EmptyEnumeration
2024-11-12 13:43:17,634 INFO  EvoClassLoader - Seeing class for first time: net.bytebuddy.dynamic.loading.ByteArrayClassLoader$ChildFirst
2024-11-12 13:43:17,634 INFO  EvoClassLoader - Instrumenting class 'net.bytebuddy.dynamic.loading.ByteArrayClassLoader$ChildFirst'.
2024-11-12 13:43:17,634 INFO  MethodCallReplacementClassAdapter - Adding mock interface to class net/bytebuddy/dynamic/loading/ByteArrayClassLoader$ChildFirst
2024-11-12 13:43:17,635 INFO  CreateClassResetClassAdapter - Creating brand-new static initializer in class net/bytebuddy/dynamic/loading/ByteArrayClassLoader$ChildFirst
2024-11-12 13:43:17,635 INFO  CreateClassResetClassAdapter - Adding bytecode for initializing field CLASS_FILE_SUFFIX
2024-11-12 13:43:17,636 INFO  EvoClassLoader - Keeping class: net.bytebuddy.dynamic.loading.ByteArrayClassLoader$ChildFirst
2024-11-12 13:43:17,636 INFO  EvoClassLoader - Seeing class for first time: net.bytebuddy.dynamic.loading.ByteArrayClassLoader$PersistenceHandler$1
2024-11-12 13:43:17,636 INFO  EvoClassLoader - Instrumenting class 'net.bytebuddy.dynamic.loading.ByteArrayClassLoader$PersistenceHandler$1'.
2024-11-12 13:43:17,636 INFO  MethodCallReplacementClassAdapter - Adding mock interface to class net/bytebuddy/dynamic/loading/ByteArrayClassLoader$PersistenceHandler$1
2024-11-12 13:43:17,636 INFO  EvoClassLoader - Keeping class: net.bytebuddy.dynamic.loading.ByteArrayClassLoader$PersistenceHandler$1
2024-11-12 13:43:17,637 INFO  EvoClassLoader - Seeing class for first time: net.bytebuddy.dynamic.loading.ByteArrayClassLoader$PersistenceHandler$2
2024-11-12 13:43:17,637 INFO  EvoClassLoader - Instrumenting class 'net.bytebuddy.dynamic.loading.ByteArrayClassLoader$PersistenceHandler$2'.
2024-11-12 13:43:17,637 INFO  MethodCallReplacementClassAdapter - Adding mock interface to class net/bytebuddy/dynamic/loading/ByteArrayClassLoader$PersistenceHandler$2
2024-11-12 13:43:17,637 INFO  EvoClassLoader - Keeping class: net.bytebuddy.dynamic.loading.ByteArrayClassLoader$PersistenceHandler$2
2024-11-12 13:43:17,637 INFO  EvoClassLoader - Seeing class for first time: net.bytebuddy.dynamic.loading.PackageDefinitionStrategy$Trivial
2024-11-12 13:43:17,637 INFO  EvoClassLoader - Instrumenting class 'net.bytebuddy.dynamic.loading.PackageDefinitionStrategy$Trivial'.
2024-11-12 13:43:17,638 INFO  MethodCallReplacementClassAdapter - Adding mock interface to class net/bytebuddy/dynamic/loading/PackageDefinitionStrategy$Trivial
2024-11-12 13:43:17,638 INFO  CreateClassResetClassAdapter - Found static initializer in class net/bytebuddy/dynamic/loading/PackageDefinitionStrategy$Trivial
2024-11-12 13:43:17,638 INFO  EvoClassLoader - Keeping class: net.bytebuddy.dynamic.loading.PackageDefinitionStrategy$Trivial
2024-11-12 13:43:17,638 INFO  EvoClassLoader - Seeing class for first time: net.bytebuddy.dynamic.loading.PackageDefinitionStrategy$ManifestReading
2024-11-12 13:43:17,638 INFO  EvoClassLoader - Instrumenting class 'net.bytebuddy.dynamic.loading.PackageDefinitionStrategy$ManifestReading'.
2024-11-12 13:43:17,638 INFO  MethodCallReplacementClassAdapter - Adding mock interface to class net/bytebuddy/dynamic/loading/PackageDefinitionStrategy$ManifestReading
2024-11-12 13:43:17,639 INFO  CreateClassResetClassAdapter - Found static initializer in class net/bytebuddy/dynamic/loading/PackageDefinitionStrategy$ManifestReading
2024-11-12 13:43:17,640 INFO  EvoClassLoader - Keeping class: net.bytebuddy.dynamic.loading.PackageDefinitionStrategy$ManifestReading
2024-11-12 13:43:17,640 INFO  EvoClassLoader - Seeing class for first time: net.bytebuddy.dynamic.loading.PackageDefinitionStrategy$Definition
2024-11-12 13:43:17,640 INFO  EvoClassLoader - Instrumenting class 'net.bytebuddy.dynamic.loading.PackageDefinitionStrategy$Definition'.
2024-11-12 13:43:17,640 INFO  EvoClassLoader - Keeping class: net.bytebuddy.dynamic.loading.PackageDefinitionStrategy$Definition
2024-11-12 13:43:17,641 INFO  EvoClassLoader - Seeing class for first time: net.bytebuddy.dynamic.loading.ClassLoadingStrategy$Default$InjectionDispatcher
2024-11-12 13:43:17,641 INFO  EvoClassLoader - Instrumenting class 'net.bytebuddy.dynamic.loading.ClassLoadingStrategy$Default$InjectionDispatcher'.
2024-11-12 13:43:17,641 INFO  MethodCallReplacementClassAdapter - Adding mock interface to class net/bytebuddy/dynamic/loading/ClassLoadingStrategy$Default$InjectionDispatcher
2024-11-12 13:43:17,641 INFO  CreateClassResetClassAdapter - Creating brand-new static initializer in class net/bytebuddy/dynamic/loading/ClassLoadingStrategy$Default$InjectionDispatcher
2024-11-12 13:43:17,641 INFO  EvoClassLoader - Keeping class: net.bytebuddy.dynamic.loading.ClassLoadingStrategy$Default$InjectionDispatcher
2024-11-12 13:43:17,641 INFO  EvoClassLoader - Seeing class for first time: net.bytebuddy.dynamic.loading.PackageDefinitionStrategy$NoOp
2024-11-12 13:43:17,641 INFO  EvoClassLoader - Instrumenting class 'net.bytebuddy.dynamic.loading.PackageDefinitionStrategy$NoOp'.
2024-11-12 13:43:17,642 INFO  MethodCallReplacementClassAdapter - Adding mock interface to class net/bytebuddy/dynamic/loading/PackageDefinitionStrategy$NoOp
2024-11-12 13:43:17,642 INFO  CreateClassResetClassAdapter - Found static initializer in class net/bytebuddy/dynamic/loading/PackageDefinitionStrategy$NoOp
2024-11-12 13:43:17,642 INFO  EvoClassLoader - Keeping class: net.bytebuddy.dynamic.loading.PackageDefinitionStrategy$NoOp
2024-11-12 13:43:17,642 INFO  EvoClassLoader - Seeing class for first time: net.bytebuddy.dynamic.loading.ClassLoadingStrategy$ForUnsafeInjection
2024-11-12 13:43:17,642 INFO  EvoClassLoader - Instrumenting class 'net.bytebuddy.dynamic.loading.ClassLoadingStrategy$ForUnsafeInjection'.
2024-11-12 13:43:17,642 INFO  MethodCallReplacementClassAdapter - Adding mock interface to class net/bytebuddy/dynamic/loading/ClassLoadingStrategy$ForUnsafeInjection
2024-11-12 13:43:17,642 INFO  CreateClassResetClassAdapter - Creating brand-new static initializer in class net/bytebuddy/dynamic/loading/ClassLoadingStrategy$ForUnsafeInjection
2024-11-12 13:43:17,642 INFO  EvoClassLoader - Keeping class: net.bytebuddy.dynamic.loading.ClassLoadingStrategy$ForUnsafeInjection
2024-11-12 13:43:17,642 INFO  EvoClassLoader - Seeing class for first time: net.bytebuddy.dynamic.loading.ClassLoadingStrategy$ForBootstrapInjection
2024-11-12 13:43:17,642 INFO  EvoClassLoader - Instrumenting class 'net.bytebuddy.dynamic.loading.ClassLoadingStrategy$ForBootstrapInjection'.
2024-11-12 13:43:17,643 INFO  MethodCallReplacementClassAdapter - Adding mock interface to class net/bytebuddy/dynamic/loading/ClassLoadingStrategy$ForBootstrapInjection
2024-11-12 13:43:17,643 INFO  CreateClassResetClassAdapter - Creating brand-new static initializer in class net/bytebuddy/dynamic/loading/ClassLoadingStrategy$ForBootstrapInjection
2024-11-12 13:43:17,643 INFO  EvoClassLoader - Keeping class: net.bytebuddy.dynamic.loading.ClassLoadingStrategy$ForBootstrapInjection
2024-11-12 13:43:17,643 INFO  EvoClassLoader - Seeing class for first time: net.bytebuddy.dynamic.loading.ClassLoadingStrategy$UsingLookup
2024-11-12 13:43:17,643 INFO  EvoClassLoader - Instrumenting class 'net.bytebuddy.dynamic.loading.ClassLoadingStrategy$UsingLookup'.
2024-11-12 13:43:17,644 INFO  MethodCallReplacementClassAdapter - Adding mock interface to class net/bytebuddy/dynamic/loading/ClassLoadingStrategy$UsingLookup
2024-11-12 13:43:17,644 INFO  CreateClassResetClassAdapter - Creating brand-new static initializer in class net/bytebuddy/dynamic/loading/ClassLoadingStrategy$UsingLookup
2024-11-12 13:43:17,644 INFO  EvoClassLoader - Keeping class: net.bytebuddy.dynamic.loading.ClassLoadingStrategy$UsingLookup
2024-11-12 13:43:17,644 INFO  EvoClassLoader - Seeing class for first time: net.bytebuddy.dynamic.loading.PackageDefinitionStrategy$Definition$Undefined
2024-11-12 13:43:17,644 INFO  EvoClassLoader - Instrumenting class 'net.bytebuddy.dynamic.loading.PackageDefinitionStrategy$Definition$Undefined'.
2024-11-12 13:43:17,644 INFO  MethodCallReplacementClassAdapter - Adding mock interface to class net/bytebuddy/dynamic/loading/PackageDefinitionStrategy$Definition$Undefined
2024-11-12 13:43:17,645 INFO  CreateClassResetClassAdapter - Found static initializer in class net/bytebuddy/dynamic/loading/PackageDefinitionStrategy$Definition$Undefined
2024-11-12 13:43:17,645 INFO  EvoClassLoader - Keeping class: net.bytebuddy.dynamic.loading.PackageDefinitionStrategy$Definition$Undefined
2024-11-12 13:43:17,645 INFO  EvoClassLoader - Seeing class for first time: net.bytebuddy.dynamic.loading.PackageDefinitionStrategy$Definition$Simple
2024-11-12 13:43:17,645 INFO  EvoClassLoader - Instrumenting class 'net.bytebuddy.dynamic.loading.PackageDefinitionStrategy$Definition$Simple'.
2024-11-12 13:43:17,645 INFO  MethodCallReplacementClassAdapter - Adding mock interface to class net/bytebuddy/dynamic/loading/PackageDefinitionStrategy$Definition$Simple
2024-11-12 13:43:17,645 INFO  CreateClassResetClassAdapter - Creating brand-new static initializer in class net/bytebuddy/dynamic/loading/PackageDefinitionStrategy$Definition$Simple
2024-11-12 13:43:17,646 INFO  EvoClassLoader - Keeping class: net.bytebuddy.dynamic.loading.PackageDefinitionStrategy$Definition$Simple
2024-11-12 13:43:17,646 INFO  EvoClassLoader - Seeing class for first time: net.bytebuddy.dynamic.loading.PackageDefinitionStrategy$Definition$Trivial
2024-11-12 13:43:17,646 INFO  EvoClassLoader - Instrumenting class 'net.bytebuddy.dynamic.loading.PackageDefinitionStrategy$Definition$Trivial'.
2024-11-12 13:43:17,646 INFO  MethodCallReplacementClassAdapter - Adding mock interface to class net/bytebuddy/dynamic/loading/PackageDefinitionStrategy$Definition$Trivial
2024-11-12 13:43:17,646 INFO  CreateClassResetClassAdapter - Found static initializer in class net/bytebuddy/dynamic/loading/PackageDefinitionStrategy$Definition$Trivial
2024-11-12 13:43:17,646 INFO  EvoClassLoader - Keeping class: net.bytebuddy.dynamic.loading.PackageDefinitionStrategy$Definition$Trivial
2024-11-12 13:43:17,646 INFO  EvoClassLoader - Seeing class for first time: org.objenesis.strategy.PlatformDescription
2024-11-12 13:43:17,646 INFO  EvoClassLoader - Instrumenting class 'org.objenesis.strategy.PlatformDescription'.
2024-11-12 13:43:17,647 INFO  MethodCallReplacementClassAdapter - Adding mock interface to class org/objenesis/strategy/PlatformDescription
2024-11-12 13:43:17,647 INFO  CreateClassResetClassAdapter - Found static initializer in class org/objenesis/strategy/PlatformDescription
2024-11-12 13:43:17,648 INFO  EvoClassLoader - Keeping class: org.objenesis.strategy.PlatformDescription
2024-11-12 13:43:17,648 INFO  EvoClassLoader - Seeing class for first time: org.objenesis.ObjenesisException
2024-11-12 13:43:17,648 INFO  EvoClassLoader - Instrumenting class 'org.objenesis.ObjenesisException'.
2024-11-12 13:43:17,648 INFO  MethodCallReplacementClassAdapter - Adding mock interface to class org/objenesis/ObjenesisException
2024-11-12 13:43:17,648 INFO  CreateClassResetClassAdapter - Creating brand-new static initializer in class org/objenesis/ObjenesisException
2024-11-12 13:43:17,648 INFO  EvoClassLoader - Keeping class: org.objenesis.ObjenesisException
2024-11-12 13:43:17,649 INFO  EvoClassLoader - Seeing class for first time: org.objenesis.instantiator.sun.SunReflectionFactoryInstantiator
2024-11-12 13:43:17,649 INFO  EvoClassLoader - Instrumenting class 'org.objenesis.instantiator.sun.SunReflectionFactoryInstantiator'.
2024-11-12 13:43:17,649 INFO  MethodCallReplacementClassAdapter - Adding mock interface to class org/objenesis/instantiator/sun/SunReflectionFactoryInstantiator
2024-11-12 13:43:17,650 INFO  CreateClassResetClassAdapter - Creating brand-new static initializer in class org/objenesis/instantiator/sun/SunReflectionFactoryInstantiator
2024-11-12 13:43:17,650 INFO  EvoClassLoader - Defined package (3): package org.objenesis.instantiator.sun, 183797404
2024-11-12 13:43:17,650 INFO  EvoClassLoader - Keeping class: org.objenesis.instantiator.sun.SunReflectionFactoryInstantiator
2024-11-12 13:43:17,650 INFO  EvoClassLoader - Seeing class for first time: org.objenesis.instantiator.sun.SunReflectionFactoryHelper
2024-11-12 13:43:17,650 INFO  EvoClassLoader - Instrumenting class 'org.objenesis.instantiator.sun.SunReflectionFactoryHelper'.
2024-11-12 13:43:17,650 INFO  MethodCallReplacementClassAdapter - Adding mock interface to class org/objenesis/instantiator/sun/SunReflectionFactoryHelper
2024-11-12 13:43:17,651 INFO  CreateClassResetClassAdapter - Creating brand-new static initializer in class org/objenesis/instantiator/sun/SunReflectionFactoryHelper
2024-11-12 13:43:17,651 INFO  EvoClassLoader - Keeping class: org.objenesis.instantiator.sun.SunReflectionFactoryHelper
2024-11-12 13:43:17,651 INFO  EvoClassLoader - Seeing class for first time: org.mockito.invocation.Location
2024-11-12 13:43:17,651 INFO  EvoClassLoader - Instrumenting class 'org.mockito.invocation.Location'.
2024-11-12 13:43:17,652 INFO  EvoClassLoader - Keeping class: org.mockito.invocation.Location
2024-11-12 13:43:17,652 INFO  EvoClassLoader - Seeing class for first time: org.mockito.internal.creation.bytebuddy.ByteBuddyCrossClassLoaderSerializationSupport
2024-11-12 13:43:17,652 INFO  EvoClassLoader - Instrumenting class 'org.mockito.internal.creation.bytebuddy.ByteBuddyCrossClassLoaderSerializationSupport'.
2024-11-12 13:43:17,652 INFO  MethodCallReplacementClassAdapter - Adding mock interface to class org/mockito/internal/creation/bytebuddy/ByteBuddyCrossClassLoaderSerializationSupport
2024-11-12 13:43:17,652 INFO  CreateClassResetClassAdapter - Creating brand-new static initializer in class org/mockito/internal/creation/bytebuddy/ByteBuddyCrossClassLoaderSerializationSupport
2024-11-12 13:43:17,652 INFO  CreateClassResetClassAdapter - Adding bytecode for initializing field MOCKITO_PROXY_MARKER
2024-11-12 13:43:17,653 INFO  EvoClassLoader - Keeping class: org.mockito.internal.creation.bytebuddy.ByteBuddyCrossClassLoaderSerializationSupport
2024-11-12 13:43:17,653 INFO  EvoClassLoader - Seeing class for first time: org.mockito.exceptions.base.MockitoSerializationIssue
2024-11-12 13:43:17,653 INFO  EvoClassLoader - Instrumenting class 'org.mockito.exceptions.base.MockitoSerializationIssue'.
2024-11-12 13:43:17,653 INFO  MethodCallReplacementClassAdapter - Adding mock interface to class org/mockito/exceptions/base/MockitoSerializationIssue
2024-11-12 13:43:17,653 INFO  CreateClassResetClassAdapter - Creating brand-new static initializer in class org/mockito/exceptions/base/MockitoSerializationIssue
2024-11-12 13:43:17,653 INFO  EvoClassLoader - Keeping class: org.mockito.exceptions.base.MockitoSerializationIssue
2024-11-12 13:43:17,654 INFO  EvoClassLoader - Seeing class for first time: org.eclipse.jetty.io.MappedByteBufferPool
2024-11-12 13:43:17,654 INFO  EvoClassLoader - Instrumenting class 'org.eclipse.jetty.io.MappedByteBufferPool'.
2024-11-12 13:43:17,654 INFO  MethodCallReplacementClassAdapter - Adding mock interface to class org/eclipse/jetty/io/MappedByteBufferPool
2024-11-12 13:43:17,655 INFO  CreateClassResetClassAdapter - Found static initializer in class org/eclipse/jetty/io/MappedByteBufferPool
2024-11-12 13:43:17,656 INFO  EvoClassLoader - Keeping class: org.eclipse.jetty.io.MappedByteBufferPool
2024-11-12 13:43:17,657 INFO  EvoClassLoader - Seeing class for first time: org.eclipse.jetty.io.MappedByteBufferPool$Tagged
2024-11-12 13:43:17,657 INFO  EvoClassLoader - Instrumenting class 'org.eclipse.jetty.io.MappedByteBufferPool$Tagged'.
2024-11-12 13:43:17,657 INFO  MethodCallReplacementClassAdapter - Adding mock interface to class org/eclipse/jetty/io/MappedByteBufferPool$Tagged
2024-11-12 13:43:17,657 INFO  CreateClassResetClassAdapter - Creating brand-new static initializer in class org/eclipse/jetty/io/MappedByteBufferPool$Tagged
2024-11-12 13:43:17,658 INFO  EvoClassLoader - Keeping class: org.eclipse.jetty.io.MappedByteBufferPool$Tagged
2024-11-12 13:43:17,658 INFO  EvoClassLoader - Seeing class for first time: org.apache.hadoop.thirdparty.protobuf.MessageReflection$ExtensionBuilderAdapter
2024-11-12 13:43:17,658 INFO  EvoClassLoader - Instrumenting class 'org.apache.hadoop.thirdparty.protobuf.MessageReflection$ExtensionBuilderAdapter'.
2024-11-12 13:43:17,658 INFO  MethodCallReplacementClassAdapter - Adding mock interface to class org/apache/hadoop/thirdparty/protobuf/MessageReflection$ExtensionBuilderAdapter
2024-11-12 13:43:17,659 INFO  CreateClassResetClassAdapter - Creating brand-new static initializer in class org/apache/hadoop/thirdparty/protobuf/MessageReflection$ExtensionBuilderAdapter
2024-11-12 13:43:17,660 INFO  EvoClassLoader - Keeping class: org.apache.hadoop.thirdparty.protobuf.MessageReflection$ExtensionBuilderAdapter
2024-11-12 13:43:17,660 INFO  EvoClassLoader - Seeing class for first time: org.apache.hadoop.thirdparty.protobuf.MessageReflection$ExtensionAdapter
2024-11-12 13:43:17,660 INFO  EvoClassLoader - Instrumenting class 'org.apache.hadoop.thirdparty.protobuf.MessageReflection$ExtensionAdapter'.
2024-11-12 13:43:17,660 INFO  MethodCallReplacementClassAdapter - Adding mock interface to class org/apache/hadoop/thirdparty/protobuf/MessageReflection$ExtensionAdapter
2024-11-12 13:43:17,660 INFO  CreateClassResetClassAdapter - Creating brand-new static initializer in class org/apache/hadoop/thirdparty/protobuf/MessageReflection$ExtensionAdapter
2024-11-12 13:43:17,661 INFO  EvoClassLoader - Keeping class: org.apache.hadoop.thirdparty.protobuf.MessageReflection$ExtensionAdapter
2024-11-12 13:43:17,661 INFO  EvoClassLoader - Seeing class for first time: org.apache.hadoop.thirdparty.protobuf.FloatValue$Builder
2024-11-12 13:43:17,661 INFO  EvoClassLoader - Instrumenting class 'org.apache.hadoop.thirdparty.protobuf.FloatValue$Builder'.
2024-11-12 13:43:17,661 INFO  MethodCallReplacementClassAdapter - Adding mock interface to class org/apache/hadoop/thirdparty/protobuf/FloatValue$Builder
2024-11-12 13:43:17,663 INFO  CreateClassResetClassAdapter - Creating brand-new static initializer in class org/apache/hadoop/thirdparty/protobuf/FloatValue$Builder
2024-11-12 13:43:17,663 INFO  EvoClassLoader - Seeing class for first time: org.apache.hadoop.thirdparty.protobuf.FloatValueOrBuilder
2024-11-12 13:43:17,663 INFO  EvoClassLoader - Instrumenting class 'org.apache.hadoop.thirdparty.protobuf.FloatValueOrBuilder'.
2024-11-12 13:43:17,664 INFO  EvoClassLoader - Keeping class: org.apache.hadoop.thirdparty.protobuf.FloatValueOrBuilder
2024-11-12 13:43:17,664 INFO  EvoClassLoader - Keeping class: org.apache.hadoop.thirdparty.protobuf.FloatValue$Builder
2024-11-12 13:43:17,664 INFO  EvoClassLoader - Seeing class for first time: org.apache.hadoop.thirdparty.protobuf.FloatValue
2024-11-12 13:43:17,664 INFO  EvoClassLoader - Instrumenting class 'org.apache.hadoop.thirdparty.protobuf.FloatValue'.
2024-11-12 13:43:17,664 INFO  MethodCallReplacementClassAdapter - Adding mock interface to class org/apache/hadoop/thirdparty/protobuf/FloatValue
2024-11-12 13:43:17,665 INFO  CreateClassResetClassAdapter - Found static initializer in class org/apache/hadoop/thirdparty/protobuf/FloatValue
2024-11-12 13:43:17,666 INFO  EvoClassLoader - Keeping class: org.apache.hadoop.thirdparty.protobuf.FloatValue
2024-11-12 13:43:17,667 INFO  EvoClassLoader - Seeing class for first time: org.apache.hadoop.thirdparty.protobuf.WrappersProto
2024-11-12 13:43:17,667 INFO  EvoClassLoader - Instrumenting class 'org.apache.hadoop.thirdparty.protobuf.WrappersProto'.
2024-11-12 13:43:17,667 INFO  MethodCallReplacementClassAdapter - Adding mock interface to class org/apache/hadoop/thirdparty/protobuf/WrappersProto
2024-11-12 13:43:17,668 INFO  CreateClassResetClassAdapter - Found static initializer in class org/apache/hadoop/thirdparty/protobuf/WrappersProto
2024-11-12 13:43:17,668 INFO  EvoClassLoader - Keeping class: org.apache.hadoop.thirdparty.protobuf.WrappersProto
2024-11-12 13:43:17,671 INFO  EvoClassLoader - Seeing class for first time: org.apache.hadoop.fs.RawPathHandle
2024-11-12 13:43:17,671 INFO  EvoClassLoader - Instrumenting class 'org.apache.hadoop.fs.RawPathHandle'.
2024-11-12 13:43:17,672 INFO  MethodCallReplacementClassAdapter - Adding mock interface to class org/apache/hadoop/fs/RawPathHandle
2024-11-12 13:43:17,674 INFO  CreateClassResetClassAdapter - Creating brand-new static initializer in class org/apache/hadoop/fs/RawPathHandle
2024-11-12 13:43:17,674 INFO  CreateClassResetClassAdapter - Adding bytecode for initializing field MAX_SIZE
2024-11-12 13:43:17,675 INFO  EvoClassLoader - Keeping class: org.apache.hadoop.fs.RawPathHandle
2024-11-12 13:43:17,676 INFO  EvoClassLoader - Seeing class for first time: org.apache.hadoop.ipc.RPC
2024-11-12 13:43:17,676 INFO  EvoClassLoader - Instrumenting class 'org.apache.hadoop.ipc.RPC'.
2024-11-12 13:43:17,676 INFO  MethodCallReplacementClassAdapter - Adding mock interface to class org/apache/hadoop/ipc/RPC
2024-11-12 13:43:17,679 INFO  CreateClassResetClassAdapter - Found static initializer in class org/apache/hadoop/ipc/RPC
2024-11-12 13:43:17,680 INFO  EvoClassLoader - Keeping class: org.apache.hadoop.ipc.RPC
2024-11-12 13:43:17,680 INFO  EvoClassLoader - Seeing class for first time: org.apache.hadoop.ipc.RPC$Builder
2024-11-12 13:43:17,680 INFO  EvoClassLoader - Instrumenting class 'org.apache.hadoop.ipc.RPC$Builder'.
2024-11-12 13:43:17,681 INFO  MethodCallReplacementClassAdapter - Adding mock interface to class org/apache/hadoop/ipc/RPC$Builder
2024-11-12 13:43:17,681 INFO  CreateClassResetClassAdapter - Creating brand-new static initializer in class org/apache/hadoop/ipc/RPC$Builder
2024-11-12 13:43:17,682 INFO  EvoClassLoader - Keeping class: org.apache.hadoop.ipc.RPC$Builder
2024-11-12 13:43:17,682 INFO  EvoClassLoader - Seeing class for first time: org.apache.hadoop.ipc.RPC$VersionMismatch
2024-11-12 13:43:17,682 INFO  EvoClassLoader - Instrumenting class 'org.apache.hadoop.ipc.RPC$VersionMismatch'.
2024-11-12 13:43:17,682 INFO  MethodCallReplacementClassAdapter - Adding mock interface to class org/apache/hadoop/ipc/RPC$VersionMismatch
2024-11-12 13:43:17,682 INFO  CreateClassResetClassAdapter - Creating brand-new static initializer in class org/apache/hadoop/ipc/RPC$VersionMismatch
2024-11-12 13:43:17,683 INFO  EvoClassLoader - Keeping class: org.apache.hadoop.ipc.RPC$VersionMismatch
2024-11-12 13:43:17,684 INFO  EvoClassLoader - Seeing class for first time: org.apache.hadoop.ipc.ProtocolProxy
2024-11-12 13:43:17,684 INFO  EvoClassLoader - Instrumenting class 'org.apache.hadoop.ipc.ProtocolProxy'.
2024-11-12 13:43:17,684 INFO  MethodCallReplacementClassAdapter - Adding mock interface to class org/apache/hadoop/ipc/ProtocolProxy
2024-11-12 13:43:17,685 INFO  CreateClassResetClassAdapter - Creating brand-new static initializer in class org/apache/hadoop/ipc/ProtocolProxy
2024-11-12 13:43:17,686 INFO  EvoClassLoader - Keeping class: org.apache.hadoop.ipc.ProtocolProxy
2024-11-12 13:43:17,686 INFO  EvoClassLoader - Seeing class for first time: org.apache.hadoop.ipc.Client$ConnectionId
2024-11-12 13:43:17,686 INFO  EvoClassLoader - Instrumenting class 'org.apache.hadoop.ipc.Client$ConnectionId'.
2024-11-12 13:43:17,686 INFO  MethodCallReplacementClassAdapter - Adding mock interface to class org/apache/hadoop/ipc/Client$ConnectionId
2024-11-12 13:43:17,687 INFO  CreateClassResetClassAdapter - Creating brand-new static initializer in class org/apache/hadoop/ipc/Client$ConnectionId
2024-11-12 13:43:17,687 INFO  CreateClassResetClassAdapter - Adding bytecode for initializing field PRIME
2024-11-12 13:43:17,688 INFO  EvoClassLoader - Keeping class: org.apache.hadoop.ipc.Client$ConnectionId
2024-11-12 13:43:17,688 INFO  EvoClassLoader - Seeing class for first time: org.apache.hadoop.ipc.RpcEngine
2024-11-12 13:43:17,688 INFO  EvoClassLoader - Instrumenting class 'org.apache.hadoop.ipc.RpcEngine'.
2024-11-12 13:43:17,688 INFO  EvoClassLoader - Keeping class: org.apache.hadoop.ipc.RpcEngine
2024-11-12 13:43:17,688 INFO  EvoClassLoader - Seeing class for first time: org.apache.hadoop.ipc.RpcClientUtil
2024-11-12 13:43:17,688 INFO  EvoClassLoader - Instrumenting class 'org.apache.hadoop.ipc.RpcClientUtil'.
2024-11-12 13:43:17,689 INFO  MethodCallReplacementClassAdapter - Adding mock interface to class org/apache/hadoop/ipc/RpcClientUtil
2024-11-12 13:43:17,689 INFO  CreateClassResetClassAdapter - Found static initializer in class org/apache/hadoop/ipc/RpcClientUtil
2024-11-12 13:43:17,689 INFO  EvoClassLoader - Keeping class: org.apache.hadoop.ipc.RpcClientUtil
2024-11-12 13:43:17,689 INFO  EvoClassLoader - Seeing class for first time: org.apache.hadoop.ipc.ProtocolMetaInfoPB
2024-11-12 13:43:17,689 INFO  EvoClassLoader - Instrumenting class 'org.apache.hadoop.ipc.ProtocolMetaInfoPB'.
2024-11-12 13:43:17,690 INFO  EvoClassLoader - Keeping class: org.apache.hadoop.ipc.ProtocolMetaInfoPB
2024-11-12 13:43:17,690 INFO  EvoClassLoader - Seeing class for first time: org.apache.hadoop.ipc.protobuf.ProtocolInfoProtos$GetProtocolSignatureRequestProto$Builder
2024-11-12 13:43:17,690 INFO  EvoClassLoader - Instrumenting class 'org.apache.hadoop.ipc.protobuf.ProtocolInfoProtos$GetProtocolSignatureRequestProto$Builder'.
2024-11-12 13:43:17,690 INFO  MethodCallReplacementClassAdapter - Adding mock interface to class org/apache/hadoop/ipc/protobuf/ProtocolInfoProtos$GetProtocolSignatureRequestProto$Builder
2024-11-12 13:43:17,690 INFO  CreateClassResetClassAdapter - Creating brand-new static initializer in class org/apache/hadoop/ipc/protobuf/ProtocolInfoProtos$GetProtocolSignatureRequestProto$Builder
2024-11-12 13:43:17,691 INFO  EvoClassLoader - Seeing class for first time: org.apache.hadoop.ipc.protobuf.ProtocolInfoProtos$GetProtocolSignatureRequestProtoOrBuilder
2024-11-12 13:43:17,691 INFO  EvoClassLoader - Instrumenting class 'org.apache.hadoop.ipc.protobuf.ProtocolInfoProtos$GetProtocolSignatureRequestProtoOrBuilder'.
2024-11-12 13:43:17,691 INFO  EvoClassLoader - Keeping class: org.apache.hadoop.ipc.protobuf.ProtocolInfoProtos$GetProtocolSignatureRequestProtoOrBuilder
2024-11-12 13:43:17,691 INFO  EvoClassLoader - Keeping class: org.apache.hadoop.ipc.protobuf.ProtocolInfoProtos$GetProtocolSignatureRequestProto$Builder
2024-11-12 13:43:17,691 INFO  EvoClassLoader - Seeing class for first time: org.apache.hadoop.ipc.protobuf.ProtocolInfoProtos$GetProtocolSignatureResponseProto
2024-11-12 13:43:17,691 INFO  EvoClassLoader - Instrumenting class 'org.apache.hadoop.ipc.protobuf.ProtocolInfoProtos$GetProtocolSignatureResponseProto'.
2024-11-12 13:43:17,691 INFO  MethodCallReplacementClassAdapter - Adding mock interface to class org/apache/hadoop/ipc/protobuf/ProtocolInfoProtos$GetProtocolSignatureResponseProto
2024-11-12 13:43:17,692 INFO  CreateClassResetClassAdapter - Found static initializer in class org/apache/hadoop/ipc/protobuf/ProtocolInfoProtos$GetProtocolSignatureResponseProto
2024-11-12 13:43:17,692 INFO  EvoClassLoader - Seeing class for first time: org.apache.hadoop.ipc.protobuf.ProtocolInfoProtos$GetProtocolSignatureResponseProtoOrBuilder
2024-11-12 13:43:17,692 INFO  EvoClassLoader - Instrumenting class 'org.apache.hadoop.ipc.protobuf.ProtocolInfoProtos$GetProtocolSignatureResponseProtoOrBuilder'.
2024-11-12 13:43:17,692 INFO  EvoClassLoader - Keeping class: org.apache.hadoop.ipc.protobuf.ProtocolInfoProtos$GetProtocolSignatureResponseProtoOrBuilder
2024-11-12 13:43:17,692 INFO  EvoClassLoader - Keeping class: org.apache.hadoop.ipc.protobuf.ProtocolInfoProtos$GetProtocolSignatureResponseProto
2024-11-12 13:43:17,693 INFO  EvoClassLoader - Seeing class for first time: org.apache.hadoop.hdfs.server.common.HdfsServerConstants
2024-11-12 13:43:17,693 INFO  EvoClassLoader - Instrumenting class 'org.apache.hadoop.hdfs.server.common.HdfsServerConstants'.
2024-11-12 13:43:17,693 INFO  EvoClassLoader - Keeping class: org.apache.hadoop.hdfs.server.common.HdfsServerConstants
2024-11-12 13:43:17,693 INFO  EvoClassLoader - Seeing class for first time: org.apache.hadoop.hdfs.server.common.HdfsServerConstants$BlockUCState
2024-11-12 13:43:17,693 INFO  EvoClassLoader - Instrumenting class 'org.apache.hadoop.hdfs.server.common.HdfsServerConstants$BlockUCState'.
2024-11-12 13:43:17,693 INFO  MethodCallReplacementClassAdapter - Adding mock interface to class org/apache/hadoop/hdfs/server/common/HdfsServerConstants$BlockUCState
2024-11-12 13:43:17,693 INFO  CreateClassResetClassAdapter - Found static initializer in class org/apache/hadoop/hdfs/server/common/HdfsServerConstants$BlockUCState
2024-11-12 13:43:17,693 INFO  EvoClassLoader - Keeping class: org.apache.hadoop.hdfs.server.common.HdfsServerConstants$BlockUCState
2024-11-12 13:43:17,693 INFO  EvoClassLoader - Seeing class for first time: org.apache.hadoop.hdfs.protocol.proto.DatanodeProtocolProtos
2024-11-12 13:43:17,693 INFO  EvoClassLoader - Instrumenting class 'org.apache.hadoop.hdfs.protocol.proto.DatanodeProtocolProtos'.
2024-11-12 13:43:17,694 INFO  MethodCallReplacementClassAdapter - Adding mock interface to class org/apache/hadoop/hdfs/protocol/proto/DatanodeProtocolProtos
2024-11-12 13:43:17,694 INFO  CreateClassResetClassAdapter - Found static initializer in class org/apache/hadoop/hdfs/protocol/proto/DatanodeProtocolProtos
2024-11-12 13:43:17,695 INFO  EvoClassLoader - Keeping class: org.apache.hadoop.hdfs.protocol.proto.DatanodeProtocolProtos
2024-11-12 13:43:17,695 INFO  EvoClassLoader - Seeing class for first time: org.apache.hadoop.hdfs.protocol.proto.DatanodeProtocolProtos$DatanodeProtocolService
2024-11-12 13:43:17,695 INFO  EvoClassLoader - Instrumenting class 'org.apache.hadoop.hdfs.protocol.proto.DatanodeProtocolProtos$DatanodeProtocolService'.
2024-11-12 13:43:17,695 INFO  MethodCallReplacementClassAdapter - Adding mock interface to class org/apache/hadoop/hdfs/protocol/proto/DatanodeProtocolProtos$DatanodeProtocolService
2024-11-12 13:43:17,696 INFO  CreateClassResetClassAdapter - Creating brand-new static initializer in class org/apache/hadoop/hdfs/protocol/proto/DatanodeProtocolProtos$DatanodeProtocolService
2024-11-12 13:43:17,696 INFO  EvoClassLoader - Keeping class: org.apache.hadoop.hdfs.protocol.proto.DatanodeProtocolProtos$DatanodeProtocolService
2024-11-12 13:43:17,696 INFO  EvoClassLoader - Seeing class for first time: org.apache.hadoop.hdfs.protocol.proto.DatanodeProtocolProtos$SlowDiskReportProto
2024-11-12 13:43:17,696 INFO  EvoClassLoader - Instrumenting class 'org.apache.hadoop.hdfs.protocol.proto.DatanodeProtocolProtos$SlowDiskReportProto'.
2024-11-12 13:43:17,696 INFO  MethodCallReplacementClassAdapter - Adding mock interface to class org/apache/hadoop/hdfs/protocol/proto/DatanodeProtocolProtos$SlowDiskReportProto
2024-11-12 13:43:17,697 INFO  CreateClassResetClassAdapter - Found static initializer in class org/apache/hadoop/hdfs/protocol/proto/DatanodeProtocolProtos$SlowDiskReportProto
2024-11-12 13:43:17,697 INFO  EvoClassLoader - Seeing class for first time: org.apache.hadoop.hdfs.protocol.proto.DatanodeProtocolProtos$SlowDiskReportProtoOrBuilder
2024-11-12 13:43:17,697 INFO  EvoClassLoader - Instrumenting class 'org.apache.hadoop.hdfs.protocol.proto.DatanodeProtocolProtos$SlowDiskReportProtoOrBuilder'.
2024-11-12 13:43:17,697 INFO  EvoClassLoader - Keeping class: org.apache.hadoop.hdfs.protocol.proto.DatanodeProtocolProtos$SlowDiskReportProtoOrBuilder
2024-11-12 13:43:17,697 INFO  EvoClassLoader - Keeping class: org.apache.hadoop.hdfs.protocol.proto.DatanodeProtocolProtos$SlowDiskReportProto
2024-11-12 13:43:17,697 INFO  EvoClassLoader - Seeing class for first time: org.apache.hadoop.hdfs.protocol.proto.DatanodeProtocolProtos$SlowPeerReportProto
2024-11-12 13:43:17,697 INFO  EvoClassLoader - Instrumenting class 'org.apache.hadoop.hdfs.protocol.proto.DatanodeProtocolProtos$SlowPeerReportProto'.
2024-11-12 13:43:17,697 INFO  MethodCallReplacementClassAdapter - Adding mock interface to class org/apache/hadoop/hdfs/protocol/proto/DatanodeProtocolProtos$SlowPeerReportProto
2024-11-12 13:43:17,698 INFO  CreateClassResetClassAdapter - Found static initializer in class org/apache/hadoop/hdfs/protocol/proto/DatanodeProtocolProtos$SlowPeerReportProto
2024-11-12 13:43:17,698 INFO  EvoClassLoader - Seeing class for first time: org.apache.hadoop.hdfs.protocol.proto.DatanodeProtocolProtos$SlowPeerReportProtoOrBuilder
2024-11-12 13:43:17,698 INFO  EvoClassLoader - Instrumenting class 'org.apache.hadoop.hdfs.protocol.proto.DatanodeProtocolProtos$SlowPeerReportProtoOrBuilder'.
2024-11-12 13:43:17,698 INFO  EvoClassLoader - Keeping class: org.apache.hadoop.hdfs.protocol.proto.DatanodeProtocolProtos$SlowPeerReportProtoOrBuilder
2024-11-12 13:43:17,698 INFO  EvoClassLoader - Keeping class: org.apache.hadoop.hdfs.protocol.proto.DatanodeProtocolProtos$SlowPeerReportProto
2024-11-12 13:43:17,698 INFO  EvoClassLoader - Seeing class for first time: org.apache.hadoop.hdfs.protocol.proto.DatanodeProtocolProtos$BlockReceivedAndDeletedRequestProto
2024-11-12 13:43:17,698 INFO  EvoClassLoader - Instrumenting class 'org.apache.hadoop.hdfs.protocol.proto.DatanodeProtocolProtos$BlockReceivedAndDeletedRequestProto'.
2024-11-12 13:43:17,699 INFO  MethodCallReplacementClassAdapter - Adding mock interface to class org/apache/hadoop/hdfs/protocol/proto/DatanodeProtocolProtos$BlockReceivedAndDeletedRequestProto
2024-11-12 13:43:17,699 INFO  CreateClassResetClassAdapter - Found static initializer in class org/apache/hadoop/hdfs/protocol/proto/DatanodeProtocolProtos$BlockReceivedAndDeletedRequestProto
2024-11-12 13:43:17,700 INFO  EvoClassLoader - Keeping class: org.apache.hadoop.hdfs.protocol.proto.DatanodeProtocolProtos$BlockReceivedAndDeletedRequestProto
2024-11-12 13:43:17,700 INFO  EvoClassLoader - Seeing class for first time: org.apache.hadoop.hdfs.protocol.proto.DatanodeProtocolProtos$StorageReceivedDeletedBlocksProto
2024-11-12 13:43:17,700 INFO  EvoClassLoader - Instrumenting class 'org.apache.hadoop.hdfs.protocol.proto.DatanodeProtocolProtos$StorageReceivedDeletedBlocksProto'.
2024-11-12 13:43:17,701 INFO  MethodCallReplacementClassAdapter - Adding mock interface to class org/apache/hadoop/hdfs/protocol/proto/DatanodeProtocolProtos$StorageReceivedDeletedBlocksProto
2024-11-12 13:43:17,701 INFO  CreateClassResetClassAdapter - Found static initializer in class org/apache/hadoop/hdfs/protocol/proto/DatanodeProtocolProtos$StorageReceivedDeletedBlocksProto
2024-11-12 13:43:17,702 INFO  EvoClassLoader - Seeing class for first time: org.apache.hadoop.hdfs.protocol.proto.DatanodeProtocolProtos$StorageReceivedDeletedBlocksProtoOrBuilder
2024-11-12 13:43:17,702 INFO  EvoClassLoader - Instrumenting class 'org.apache.hadoop.hdfs.protocol.proto.DatanodeProtocolProtos$StorageReceivedDeletedBlocksProtoOrBuilder'.
2024-11-12 13:43:17,702 INFO  EvoClassLoader - Keeping class: org.apache.hadoop.hdfs.protocol.proto.DatanodeProtocolProtos$StorageReceivedDeletedBlocksProtoOrBuilder
2024-11-12 13:43:17,703 INFO  EvoClassLoader - Keeping class: org.apache.hadoop.hdfs.protocol.proto.DatanodeProtocolProtos$StorageReceivedDeletedBlocksProto
2024-11-12 13:43:17,703 INFO  EvoClassLoader - Seeing class for first time: org.apache.hadoop.hdfs.protocol.proto.DatanodeProtocolProtos$CacheReportRequestProto
2024-11-12 13:43:17,703 INFO  EvoClassLoader - Instrumenting class 'org.apache.hadoop.hdfs.protocol.proto.DatanodeProtocolProtos$CacheReportRequestProto'.
2024-11-12 13:43:17,703 INFO  MethodCallReplacementClassAdapter - Adding mock interface to class org/apache/hadoop/hdfs/protocol/proto/DatanodeProtocolProtos$CacheReportRequestProto
2024-11-12 13:43:17,704 INFO  CreateClassResetClassAdapter - Found static initializer in class org/apache/hadoop/hdfs/protocol/proto/DatanodeProtocolProtos$CacheReportRequestProto
2024-11-12 13:43:17,705 INFO  EvoClassLoader - Keeping class: org.apache.hadoop.hdfs.protocol.proto.DatanodeProtocolProtos$CacheReportRequestProto
2024-11-12 13:43:17,705 INFO  EvoClassLoader - Seeing class for first time: org.apache.hadoop.hdfs.protocol.proto.DatanodeProtocolProtos$StorageBlockReportProto
2024-11-12 13:43:17,705 INFO  EvoClassLoader - Instrumenting class 'org.apache.hadoop.hdfs.protocol.proto.DatanodeProtocolProtos$StorageBlockReportProto'.
2024-11-12 13:43:17,705 INFO  MethodCallReplacementClassAdapter - Adding mock interface to class org/apache/hadoop/hdfs/protocol/proto/DatanodeProtocolProtos$StorageBlockReportProto
2024-11-12 13:43:17,706 INFO  CreateClassResetClassAdapter - Found static initializer in class org/apache/hadoop/hdfs/protocol/proto/DatanodeProtocolProtos$StorageBlockReportProto
2024-11-12 13:43:17,707 INFO  EvoClassLoader - Seeing class for first time: org.apache.hadoop.hdfs.protocol.proto.DatanodeProtocolProtos$StorageBlockReportProtoOrBuilder
2024-11-12 13:43:17,707 INFO  EvoClassLoader - Instrumenting class 'org.apache.hadoop.hdfs.protocol.proto.DatanodeProtocolProtos$StorageBlockReportProtoOrBuilder'.
2024-11-12 13:43:17,708 INFO  EvoClassLoader - Keeping class: org.apache.hadoop.hdfs.protocol.proto.DatanodeProtocolProtos$StorageBlockReportProtoOrBuilder
2024-11-12 13:43:17,708 INFO  EvoClassLoader - Keeping class: org.apache.hadoop.hdfs.protocol.proto.DatanodeProtocolProtos$StorageBlockReportProto
2024-11-12 13:43:17,708 INFO  EvoClassLoader - Seeing class for first time: org.apache.hadoop.hdfs.protocol.proto.DatanodeProtocolProtos$BlockReportRequestProto
2024-11-12 13:43:17,708 INFO  EvoClassLoader - Instrumenting class 'org.apache.hadoop.hdfs.protocol.proto.DatanodeProtocolProtos$BlockReportRequestProto'.
2024-11-12 13:43:17,708 INFO  MethodCallReplacementClassAdapter - Adding mock interface to class org/apache/hadoop/hdfs/protocol/proto/DatanodeProtocolProtos$BlockReportRequestProto
2024-11-12 13:43:17,709 INFO  CreateClassResetClassAdapter - Found static initializer in class org/apache/hadoop/hdfs/protocol/proto/DatanodeProtocolProtos$BlockReportRequestProto
2024-11-12 13:43:17,710 INFO  EvoClassLoader - Keeping class: org.apache.hadoop.hdfs.protocol.proto.DatanodeProtocolProtos$BlockReportRequestProto
2024-11-12 13:43:17,710 INFO  EvoClassLoader - Seeing class for first time: org.apache.hadoop.hdfs.protocol.proto.DatanodeProtocolProtos$HeartbeatRequestProto
2024-11-12 13:43:17,710 INFO  EvoClassLoader - Instrumenting class 'org.apache.hadoop.hdfs.protocol.proto.DatanodeProtocolProtos$HeartbeatRequestProto'.
2024-11-12 13:43:17,710 INFO  MethodCallReplacementClassAdapter - Adding mock interface to class org/apache/hadoop/hdfs/protocol/proto/DatanodeProtocolProtos$HeartbeatRequestProto
2024-11-12 13:43:17,712 INFO  CreateClassResetClassAdapter - Found static initializer in class org/apache/hadoop/hdfs/protocol/proto/DatanodeProtocolProtos$HeartbeatRequestProto
2024-11-12 13:43:17,713 INFO  EvoClassLoader - Keeping class: org.apache.hadoop.hdfs.protocol.proto.DatanodeProtocolProtos$HeartbeatRequestProto
2024-11-12 13:43:17,713 INFO  EvoClassLoader - Seeing class for first time: org.apache.hadoop.hdfs.protocol.proto.DatanodeProtocolProtos$RegisterDatanodeRequestProto
2024-11-12 13:43:17,713 INFO  EvoClassLoader - Instrumenting class 'org.apache.hadoop.hdfs.protocol.proto.DatanodeProtocolProtos$RegisterDatanodeRequestProto'.
2024-11-12 13:43:17,713 INFO  MethodCallReplacementClassAdapter - Adding mock interface to class org/apache/hadoop/hdfs/protocol/proto/DatanodeProtocolProtos$RegisterDatanodeRequestProto
2024-11-12 13:43:17,714 INFO  CreateClassResetClassAdapter - Found static initializer in class org/apache/hadoop/hdfs/protocol/proto/DatanodeProtocolProtos$RegisterDatanodeRequestProto
2024-11-12 13:43:17,714 INFO  EvoClassLoader - Keeping class: org.apache.hadoop.hdfs.protocol.proto.DatanodeProtocolProtos$RegisterDatanodeRequestProto
2024-11-12 13:43:17,715 INFO  EvoClassLoader - Seeing class for first time: org.apache.hadoop.thirdparty.protobuf.SmallSortedMap$DescendingEntryIterator
2024-11-12 13:43:17,715 INFO  EvoClassLoader - Instrumenting class 'org.apache.hadoop.thirdparty.protobuf.SmallSortedMap$DescendingEntryIterator'.
2024-11-12 13:43:17,715 INFO  MethodCallReplacementClassAdapter - Adding mock interface to class org/apache/hadoop/thirdparty/protobuf/SmallSortedMap$DescendingEntryIterator
2024-11-12 13:43:17,715 INFO  CreateClassResetClassAdapter - Creating brand-new static initializer in class org/apache/hadoop/thirdparty/protobuf/SmallSortedMap$DescendingEntryIterator
2024-11-12 13:43:17,716 INFO  EvoClassLoader - Keeping class: org.apache.hadoop.thirdparty.protobuf.SmallSortedMap$DescendingEntryIterator
2024-11-12 13:43:17,716 INFO  EvoClassLoader - Seeing class for first time: org.apache.hadoop.thirdparty.protobuf.SmallSortedMap$DescendingEntrySet
2024-11-12 13:43:17,716 INFO  EvoClassLoader - Instrumenting class 'org.apache.hadoop.thirdparty.protobuf.SmallSortedMap$DescendingEntrySet'.
2024-11-12 13:43:17,716 INFO  MethodCallReplacementClassAdapter - Adding mock interface to class org/apache/hadoop/thirdparty/protobuf/SmallSortedMap$DescendingEntrySet
2024-11-12 13:43:17,716 INFO  CreateClassResetClassAdapter - Creating brand-new static initializer in class org/apache/hadoop/thirdparty/protobuf/SmallSortedMap$DescendingEntrySet
2024-11-12 13:43:17,717 INFO  EvoClassLoader - Keeping class: org.apache.hadoop.thirdparty.protobuf.SmallSortedMap$DescendingEntrySet
]]></system-out>
  </testcase>
  <testcase name="test038" classname="org.apache.hadoop.hdfs.qjournal.protocol.QJournalProtocolProtos_ESTest" time="0.006">
    <system-out><![CDATA[2024-11-12 13:43:17,720 INFO  EvoClassLoader - Seeing class for first time: libcore.io.Memory
2024-11-12 13:43:17,720 INFO  EvoClassLoader - Instrumenting class 'libcore.io.Memory'.
2024-11-12 13:43:17,720 INFO  EvoClassLoader - Error while loading class: java.lang.ClassNotFoundException: Class 'libcore/io/Memory.class' should be in target project, but could not be found!
2024-11-12 13:43:17,720 INFO  EvoClassLoader - Seeing class for first time: org.robolectric.Robolectric
2024-11-12 13:43:17,720 INFO  EvoClassLoader - Instrumenting class 'org.robolectric.Robolectric'.
2024-11-12 13:43:17,721 INFO  EvoClassLoader - Error while loading class: java.lang.ClassNotFoundException: Class 'org/robolectric/Robolectric.class' should be in target project, but could not be found!
2024-11-12 13:43:17,805 INFO  log - Logging initialized @59735ms to org.eclipse.jetty.util.log.Slf4jLog
2024-11-12 13:43:17,812 INFO  EvoClassLoader - Seeing class for first time: org.mockito.configuration.MockitoConfiguration
2024-11-12 13:43:17,812 INFO  EvoClassLoader - Instrumenting class 'org.mockito.configuration.MockitoConfiguration'.
2024-11-12 13:43:17,813 INFO  EvoClassLoader - Error while loading class: java.lang.ClassNotFoundException: Class 'org/mockito/configuration/MockitoConfiguration.class' should be in target project, but could not be found!
]]></system-out>
  </testcase>
  <testcase name="test035" classname="org.apache.hadoop.hdfs.qjournal.protocol.QJournalProtocolProtos_ESTest" time="0.001">
    <system-out><![CDATA[2024-11-12 13:43:17,833 INFO  EvoClassLoader - Seeing class for first time: libcore.io.Memory
2024-11-12 13:43:17,833 INFO  EvoClassLoader - Instrumenting class 'libcore.io.Memory'.
2024-11-12 13:43:17,833 INFO  EvoClassLoader - Error while loading class: java.lang.ClassNotFoundException: Class 'libcore/io/Memory.class' should be in target project, but could not be found!
2024-11-12 13:43:17,833 INFO  EvoClassLoader - Seeing class for first time: org.robolectric.Robolectric
2024-11-12 13:43:17,833 INFO  EvoClassLoader - Instrumenting class 'org.robolectric.Robolectric'.
2024-11-12 13:43:17,833 INFO  EvoClassLoader - Error while loading class: java.lang.ClassNotFoundException: Class 'org/robolectric/Robolectric.class' should be in target project, but could not be found!
2024-11-12 13:43:17,878 INFO  log - Logging initialized @59808ms to org.eclipse.jetty.util.log.Slf4jLog
2024-11-12 13:43:17,887 INFO  EvoClassLoader - Seeing class for first time: org.mockito.configuration.MockitoConfiguration
2024-11-12 13:43:17,887 INFO  EvoClassLoader - Instrumenting class 'org.mockito.configuration.MockitoConfiguration'.
2024-11-12 13:43:17,887 INFO  EvoClassLoader - Error while loading class: java.lang.ClassNotFoundException: Class 'org/mockito/configuration/MockitoConfiguration.class' should be in target project, but could not be found!
]]></system-out>
  </testcase>
  <testcase name="test036" classname="org.apache.hadoop.hdfs.qjournal.protocol.QJournalProtocolProtos_ESTest" time="0.003">
    <system-out><![CDATA[2024-11-12 13:43:17,913 INFO  ThreadStopper - Found new thread
2024-11-12 13:43:17,914 INFO  EvoClassLoader - Seeing class for first time: libcore.io.Memory
2024-11-12 13:43:17,914 INFO  EvoClassLoader - Instrumenting class 'libcore.io.Memory'.
2024-11-12 13:43:17,915 INFO  EvoClassLoader - Error while loading class: java.lang.ClassNotFoundException: Class 'libcore/io/Memory.class' should be in target project, but could not be found!
2024-11-12 13:43:17,915 INFO  EvoClassLoader - Seeing class for first time: org.robolectric.Robolectric
2024-11-12 13:43:17,915 INFO  EvoClassLoader - Instrumenting class 'org.robolectric.Robolectric'.
2024-11-12 13:43:17,915 INFO  EvoClassLoader - Error while loading class: java.lang.ClassNotFoundException: Class 'org/robolectric/Robolectric.class' should be in target project, but could not be found!
2024-11-12 13:43:17,967 INFO  log - Logging initialized @59897ms to org.eclipse.jetty.util.log.Slf4jLog
2024-11-12 13:43:17,982 INFO  EvoClassLoader - Seeing class for first time: org.mockito.configuration.MockitoConfiguration
2024-11-12 13:43:17,982 INFO  EvoClassLoader - Instrumenting class 'org.mockito.configuration.MockitoConfiguration'.
2024-11-12 13:43:17,982 INFO  EvoClassLoader - Error while loading class: java.lang.ClassNotFoundException: Class 'org/mockito/configuration/MockitoConfiguration.class' should be in target project, but could not be found!
]]></system-out>
  </testcase>
  <testcase name="test039" classname="org.apache.hadoop.hdfs.qjournal.protocol.QJournalProtocolProtos_ESTest" time="0.007">
    <system-out><![CDATA[2024-11-12 13:43:18,003 INFO  EvoClassLoader - Seeing class for first time: libcore.io.Memory
2024-11-12 13:43:18,003 INFO  EvoClassLoader - Instrumenting class 'libcore.io.Memory'.
2024-11-12 13:43:18,004 INFO  EvoClassLoader - Error while loading class: java.lang.ClassNotFoundException: Class 'libcore/io/Memory.class' should be in target project, but could not be found!
2024-11-12 13:43:18,004 INFO  EvoClassLoader - Seeing class for first time: org.robolectric.Robolectric
2024-11-12 13:43:18,004 INFO  EvoClassLoader - Instrumenting class 'org.robolectric.Robolectric'.
2024-11-12 13:43:18,004 INFO  EvoClassLoader - Error while loading class: java.lang.ClassNotFoundException: Class 'org/robolectric/Robolectric.class' should be in target project, but could not be found!
2024-11-12 13:43:18,053 INFO  log - Logging initialized @59983ms to org.eclipse.jetty.util.log.Slf4jLog
2024-11-12 13:43:18,057 INFO  EvoClassLoader - Seeing class for first time: org.mockito.configuration.MockitoConfiguration
2024-11-12 13:43:18,057 INFO  EvoClassLoader - Instrumenting class 'org.mockito.configuration.MockitoConfiguration'.
2024-11-12 13:43:18,058 INFO  EvoClassLoader - Error while loading class: java.lang.ClassNotFoundException: Class 'org/mockito/configuration/MockitoConfiguration.class' should be in target project, but could not be found!
]]></system-out>
  </testcase>
  <testcase name="test040" classname="org.apache.hadoop.hdfs.qjournal.protocol.QJournalProtocolProtos_ESTest" time="0.006">
    <system-out><![CDATA[2024-11-12 13:43:18,073 INFO  EvoClassLoader - Seeing class for first time: libcore.io.Memory
2024-11-12 13:43:18,074 INFO  EvoClassLoader - Instrumenting class 'libcore.io.Memory'.
2024-11-12 13:43:18,074 INFO  EvoClassLoader - Error while loading class: java.lang.ClassNotFoundException: Class 'libcore/io/Memory.class' should be in target project, but could not be found!
2024-11-12 13:43:18,074 INFO  EvoClassLoader - Seeing class for first time: org.robolectric.Robolectric
2024-11-12 13:43:18,074 INFO  EvoClassLoader - Instrumenting class 'org.robolectric.Robolectric'.
2024-11-12 13:43:18,075 INFO  EvoClassLoader - Error while loading class: java.lang.ClassNotFoundException: Class 'org/robolectric/Robolectric.class' should be in target project, but could not be found!
2024-11-12 13:43:18,119 INFO  log - Logging initialized @60049ms to org.eclipse.jetty.util.log.Slf4jLog
2024-11-12 13:43:18,125 INFO  EvoClassLoader - Seeing class for first time: org.mockito.configuration.MockitoConfiguration
2024-11-12 13:43:18,125 INFO  EvoClassLoader - Instrumenting class 'org.mockito.configuration.MockitoConfiguration'.
2024-11-12 13:43:18,125 INFO  EvoClassLoader - Error while loading class: java.lang.ClassNotFoundException: Class 'org/mockito/configuration/MockitoConfiguration.class' should be in target project, but could not be found!
]]></system-out>
  </testcase>
  <testcase name="test041" classname="org.apache.hadoop.hdfs.qjournal.protocol.QJournalProtocolProtos_ESTest" time="0.009">
    <system-out><![CDATA[2024-11-12 13:43:18,144 INFO  EvoClassLoader - Seeing class for first time: libcore.io.Memory
2024-11-12 13:43:18,144 INFO  EvoClassLoader - Instrumenting class 'libcore.io.Memory'.
2024-11-12 13:43:18,144 INFO  EvoClassLoader - Error while loading class: java.lang.ClassNotFoundException: Class 'libcore/io/Memory.class' should be in target project, but could not be found!
2024-11-12 13:43:18,144 INFO  EvoClassLoader - Seeing class for first time: org.robolectric.Robolectric
2024-11-12 13:43:18,144 INFO  EvoClassLoader - Instrumenting class 'org.robolectric.Robolectric'.
2024-11-12 13:43:18,144 INFO  EvoClassLoader - Error while loading class: java.lang.ClassNotFoundException: Class 'org/robolectric/Robolectric.class' should be in target project, but could not be found!
2024-11-12 13:43:18,180 INFO  log - Logging initialized @60110ms to org.eclipse.jetty.util.log.Slf4jLog
2024-11-12 13:43:18,184 INFO  EvoClassLoader - Seeing class for first time: org.mockito.configuration.MockitoConfiguration
2024-11-12 13:43:18,184 INFO  EvoClassLoader - Instrumenting class 'org.mockito.configuration.MockitoConfiguration'.
2024-11-12 13:43:18,184 INFO  EvoClassLoader - Error while loading class: java.lang.ClassNotFoundException: Class 'org/mockito/configuration/MockitoConfiguration.class' should be in target project, but could not be found!
]]></system-out>
  </testcase>
  <testcase name="test044" classname="org.apache.hadoop.hdfs.qjournal.protocol.QJournalProtocolProtos_ESTest" time="0.042">
    <system-out><![CDATA[2024-11-12 13:43:18,195 INFO  EvoClassLoader - Seeing class for first time: libcore.io.Memory
2024-11-12 13:43:18,196 INFO  EvoClassLoader - Instrumenting class 'libcore.io.Memory'.
2024-11-12 13:43:18,196 INFO  EvoClassLoader - Error while loading class: java.lang.ClassNotFoundException: Class 'libcore/io/Memory.class' should be in target project, but could not be found!
2024-11-12 13:43:18,196 INFO  EvoClassLoader - Seeing class for first time: org.robolectric.Robolectric
2024-11-12 13:43:18,196 INFO  EvoClassLoader - Instrumenting class 'org.robolectric.Robolectric'.
2024-11-12 13:43:18,196 INFO  EvoClassLoader - Error while loading class: java.lang.ClassNotFoundException: Class 'org/robolectric/Robolectric.class' should be in target project, but could not be found!
2024-11-12 13:43:18,217 INFO  log - Logging initialized @60147ms to org.eclipse.jetty.util.log.Slf4jLog
2024-11-12 13:43:18,223 INFO  EvoClassLoader - Seeing class for first time: org.mockito.configuration.MockitoConfiguration
2024-11-12 13:43:18,223 INFO  EvoClassLoader - Instrumenting class 'org.mockito.configuration.MockitoConfiguration'.
2024-11-12 13:43:18,223 INFO  EvoClassLoader - Error while loading class: java.lang.ClassNotFoundException: Class 'org/mockito/configuration/MockitoConfiguration.class' should be in target project, but could not be found!
]]></system-out>
  </testcase>
  <testcase name="test045" classname="org.apache.hadoop.hdfs.qjournal.protocol.QJournalProtocolProtos_ESTest" time="0.034">
    <system-out><![CDATA[2024-11-12 13:43:18,241 INFO  EvoClassLoader - Seeing class for first time: libcore.io.Memory
2024-11-12 13:43:18,241 INFO  EvoClassLoader - Instrumenting class 'libcore.io.Memory'.
2024-11-12 13:43:18,241 INFO  EvoClassLoader - Error while loading class: java.lang.ClassNotFoundException: Class 'libcore/io/Memory.class' should be in target project, but could not be found!
2024-11-12 13:43:18,241 INFO  EvoClassLoader - Seeing class for first time: org.robolectric.Robolectric
2024-11-12 13:43:18,241 INFO  EvoClassLoader - Instrumenting class 'org.robolectric.Robolectric'.
2024-11-12 13:43:18,241 INFO  EvoClassLoader - Error while loading class: java.lang.ClassNotFoundException: Class 'org/robolectric/Robolectric.class' should be in target project, but could not be found!
2024-11-12 13:43:18,258 INFO  log - Logging initialized @60188ms to org.eclipse.jetty.util.log.Slf4jLog
2024-11-12 13:43:18,262 INFO  EvoClassLoader - Seeing class for first time: org.mockito.configuration.MockitoConfiguration
2024-11-12 13:43:18,262 INFO  EvoClassLoader - Instrumenting class 'org.mockito.configuration.MockitoConfiguration'.
2024-11-12 13:43:18,263 INFO  EvoClassLoader - Error while loading class: java.lang.ClassNotFoundException: Class 'org/mockito/configuration/MockitoConfiguration.class' should be in target project, but could not be found!
]]></system-out>
  </testcase>
  <testcase name="test042" classname="org.apache.hadoop.hdfs.qjournal.protocol.QJournalProtocolProtos_ESTest" time="0.036">
    <system-out><![CDATA[2024-11-12 13:43:18,270 INFO  ThreadStopper - Found new thread
2024-11-12 13:43:18,270 INFO  EvoClassLoader - Seeing class for first time: libcore.io.Memory
2024-11-12 13:43:18,270 INFO  EvoClassLoader - Instrumenting class 'libcore.io.Memory'.
2024-11-12 13:43:18,271 INFO  EvoClassLoader - Error while loading class: java.lang.ClassNotFoundException: Class 'libcore/io/Memory.class' should be in target project, but could not be found!
2024-11-12 13:43:18,271 INFO  EvoClassLoader - Seeing class for first time: org.robolectric.Robolectric
2024-11-12 13:43:18,271 INFO  EvoClassLoader - Instrumenting class 'org.robolectric.Robolectric'.
2024-11-12 13:43:18,271 INFO  EvoClassLoader - Error while loading class: java.lang.ClassNotFoundException: Class 'org/robolectric/Robolectric.class' should be in target project, but could not be found!
2024-11-12 13:43:18,274 INFO  EvoClassLoader - Seeing class for first time: org.apache.hadoop.thirdparty.protobuf.DescriptorProtos$1
2024-11-12 13:43:18,274 INFO  EvoClassLoader - Instrumenting class 'org.apache.hadoop.thirdparty.protobuf.DescriptorProtos$1'.
2024-11-12 13:43:18,274 INFO  MethodCallReplacementClassAdapter - Adding mock interface to class org/apache/hadoop/thirdparty/protobuf/DescriptorProtos$1
2024-11-12 13:43:18,275 INFO  EvoClassLoader - Keeping class: org.apache.hadoop.thirdparty.protobuf.DescriptorProtos$1
2024-11-12 13:43:18,294 INFO  log - Logging initialized @60224ms to org.eclipse.jetty.util.log.Slf4jLog
2024-11-12 13:43:18,297 INFO  EvoClassLoader - Seeing class for first time: org.mockito.configuration.MockitoConfiguration
2024-11-12 13:43:18,297 INFO  EvoClassLoader - Instrumenting class 'org.mockito.configuration.MockitoConfiguration'.
2024-11-12 13:43:18,297 INFO  EvoClassLoader - Error while loading class: java.lang.ClassNotFoundException: Class 'org/mockito/configuration/MockitoConfiguration.class' should be in target project, but could not be found!
]]></system-out>
  </testcase>
  <testcase name="test043" classname="org.apache.hadoop.hdfs.qjournal.protocol.QJournalProtocolProtos_ESTest" time="0.029">
    <system-out><![CDATA[2024-11-12 13:43:18,306 INFO  EvoClassLoader - Seeing class for first time: libcore.io.Memory
2024-11-12 13:43:18,306 INFO  EvoClassLoader - Instrumenting class 'libcore.io.Memory'.
2024-11-12 13:43:18,307 INFO  EvoClassLoader - Error while loading class: java.lang.ClassNotFoundException: Class 'libcore/io/Memory.class' should be in target project, but could not be found!
2024-11-12 13:43:18,307 INFO  EvoClassLoader - Seeing class for first time: org.robolectric.Robolectric
2024-11-12 13:43:18,307 INFO  EvoClassLoader - Instrumenting class 'org.robolectric.Robolectric'.
2024-11-12 13:43:18,307 INFO  EvoClassLoader - Error while loading class: java.lang.ClassNotFoundException: Class 'org/robolectric/Robolectric.class' should be in target project, but could not be found!
2024-11-12 13:43:18,324 INFO  log - Logging initialized @60254ms to org.eclipse.jetty.util.log.Slf4jLog
2024-11-12 13:43:18,328 INFO  EvoClassLoader - Seeing class for first time: org.mockito.configuration.MockitoConfiguration
2024-11-12 13:43:18,328 INFO  EvoClassLoader - Instrumenting class 'org.mockito.configuration.MockitoConfiguration'.
2024-11-12 13:43:18,328 INFO  EvoClassLoader - Error while loading class: java.lang.ClassNotFoundException: Class 'org/mockito/configuration/MockitoConfiguration.class' should be in target project, but could not be found!
]]></system-out>
  </testcase>
  <testcase name="test048" classname="org.apache.hadoop.hdfs.qjournal.protocol.QJournalProtocolProtos_ESTest" time="0.044">
    <system-out><![CDATA[2024-11-12 13:43:18,339 INFO  EvoClassLoader - Seeing class for first time: libcore.io.Memory
2024-11-12 13:43:18,339 INFO  EvoClassLoader - Instrumenting class 'libcore.io.Memory'.
2024-11-12 13:43:18,339 INFO  EvoClassLoader - Error while loading class: java.lang.ClassNotFoundException: Class 'libcore/io/Memory.class' should be in target project, but could not be found!
2024-11-12 13:43:18,339 INFO  EvoClassLoader - Seeing class for first time: org.robolectric.Robolectric
2024-11-12 13:43:18,339 INFO  EvoClassLoader - Instrumenting class 'org.robolectric.Robolectric'.
2024-11-12 13:43:18,339 INFO  EvoClassLoader - Error while loading class: java.lang.ClassNotFoundException: Class 'org/robolectric/Robolectric.class' should be in target project, but could not be found!
2024-11-12 13:43:18,361 INFO  log - Logging initialized @60291ms to org.eclipse.jetty.util.log.Slf4jLog
2024-11-12 13:43:18,368 INFO  EvoClassLoader - Seeing class for first time: org.mockito.configuration.MockitoConfiguration
2024-11-12 13:43:18,368 INFO  EvoClassLoader - Instrumenting class 'org.mockito.configuration.MockitoConfiguration'.
2024-11-12 13:43:18,369 INFO  EvoClassLoader - Error while loading class: java.lang.ClassNotFoundException: Class 'org/mockito/configuration/MockitoConfiguration.class' should be in target project, but could not be found!
]]></system-out>
  </testcase>
  <testcase name="test049" classname="org.apache.hadoop.hdfs.qjournal.protocol.QJournalProtocolProtos_ESTest" time="0.045">
    <system-out><![CDATA[2024-11-12 13:43:18,381 INFO  EvoClassLoader - Seeing class for first time: libcore.io.Memory
2024-11-12 13:43:18,381 INFO  EvoClassLoader - Instrumenting class 'libcore.io.Memory'.
2024-11-12 13:43:18,381 INFO  EvoClassLoader - Error while loading class: java.lang.ClassNotFoundException: Class 'libcore/io/Memory.class' should be in target project, but could not be found!
2024-11-12 13:43:18,381 INFO  EvoClassLoader - Seeing class for first time: org.robolectric.Robolectric
2024-11-12 13:43:18,381 INFO  EvoClassLoader - Instrumenting class 'org.robolectric.Robolectric'.
2024-11-12 13:43:18,382 INFO  EvoClassLoader - Error while loading class: java.lang.ClassNotFoundException: Class 'org/robolectric/Robolectric.class' should be in target project, but could not be found!
2024-11-12 13:43:18,406 INFO  log - Logging initialized @60336ms to org.eclipse.jetty.util.log.Slf4jLog
2024-11-12 13:43:18,410 INFO  EvoClassLoader - Seeing class for first time: org.mockito.configuration.MockitoConfiguration
2024-11-12 13:43:18,410 INFO  EvoClassLoader - Instrumenting class 'org.mockito.configuration.MockitoConfiguration'.
2024-11-12 13:43:18,410 INFO  EvoClassLoader - Error while loading class: java.lang.ClassNotFoundException: Class 'org/mockito/configuration/MockitoConfiguration.class' should be in target project, but could not be found!
]]></system-out>
  </testcase>
  <testcase name="test046" classname="org.apache.hadoop.hdfs.qjournal.protocol.QJournalProtocolProtos_ESTest" time="0.053">
    <system-out><![CDATA[2024-11-12 13:43:18,421 INFO  EvoClassLoader - Seeing class for first time: libcore.io.Memory
2024-11-12 13:43:18,421 INFO  EvoClassLoader - Instrumenting class 'libcore.io.Memory'.
2024-11-12 13:43:18,422 INFO  EvoClassLoader - Error while loading class: java.lang.ClassNotFoundException: Class 'libcore/io/Memory.class' should be in target project, but could not be found!
2024-11-12 13:43:18,422 INFO  EvoClassLoader - Seeing class for first time: org.robolectric.Robolectric
2024-11-12 13:43:18,422 INFO  EvoClassLoader - Instrumenting class 'org.robolectric.Robolectric'.
2024-11-12 13:43:18,422 INFO  EvoClassLoader - Error while loading class: java.lang.ClassNotFoundException: Class 'org/robolectric/Robolectric.class' should be in target project, but could not be found!
2024-11-12 13:43:18,457 INFO  log - Logging initialized @60387ms to org.eclipse.jetty.util.log.Slf4jLog
2024-11-12 13:43:18,463 INFO  EvoClassLoader - Seeing class for first time: org.mockito.configuration.MockitoConfiguration
2024-11-12 13:43:18,463 INFO  EvoClassLoader - Instrumenting class 'org.mockito.configuration.MockitoConfiguration'.
2024-11-12 13:43:18,464 INFO  EvoClassLoader - Error while loading class: java.lang.ClassNotFoundException: Class 'org/mockito/configuration/MockitoConfiguration.class' should be in target project, but could not be found!
]]></system-out>
  </testcase>
  <testcase name="test047" classname="org.apache.hadoop.hdfs.qjournal.protocol.QJournalProtocolProtos_ESTest" time="0.039">
    <system-out><![CDATA[2024-11-12 13:43:18,477 INFO  EvoClassLoader - Seeing class for first time: libcore.io.Memory
2024-11-12 13:43:18,477 INFO  EvoClassLoader - Instrumenting class 'libcore.io.Memory'.
2024-11-12 13:43:18,478 INFO  EvoClassLoader - Error while loading class: java.lang.ClassNotFoundException: Class 'libcore/io/Memory.class' should be in target project, but could not be found!
2024-11-12 13:43:18,478 INFO  EvoClassLoader - Seeing class for first time: org.robolectric.Robolectric
2024-11-12 13:43:18,478 INFO  EvoClassLoader - Instrumenting class 'org.robolectric.Robolectric'.
2024-11-12 13:43:18,478 INFO  EvoClassLoader - Error while loading class: java.lang.ClassNotFoundException: Class 'org/robolectric/Robolectric.class' should be in target project, but could not be found!
2024-11-12 13:43:18,506 INFO  log - Logging initialized @60436ms to org.eclipse.jetty.util.log.Slf4jLog
2024-11-12 13:43:18,509 INFO  EvoClassLoader - Seeing class for first time: org.mockito.configuration.MockitoConfiguration
2024-11-12 13:43:18,509 INFO  EvoClassLoader - Instrumenting class 'org.mockito.configuration.MockitoConfiguration'.
2024-11-12 13:43:18,509 INFO  EvoClassLoader - Error while loading class: java.lang.ClassNotFoundException: Class 'org/mockito/configuration/MockitoConfiguration.class' should be in target project, but could not be found!
]]></system-out>
  </testcase>
  <testcase name="test051" classname="org.apache.hadoop.hdfs.qjournal.protocol.QJournalProtocolProtos_ESTest" time="0.122">
    <system-out><![CDATA[2024-11-12 13:43:18,526 INFO  EvoClassLoader - Seeing class for first time: libcore.io.Memory
2024-11-12 13:43:18,526 INFO  EvoClassLoader - Instrumenting class 'libcore.io.Memory'.
2024-11-12 13:43:18,526 INFO  EvoClassLoader - Error while loading class: java.lang.ClassNotFoundException: Class 'libcore/io/Memory.class' should be in target project, but could not be found!
2024-11-12 13:43:18,526 INFO  EvoClassLoader - Seeing class for first time: org.robolectric.Robolectric
2024-11-12 13:43:18,526 INFO  EvoClassLoader - Instrumenting class 'org.robolectric.Robolectric'.
2024-11-12 13:43:18,526 INFO  EvoClassLoader - Error while loading class: java.lang.ClassNotFoundException: Class 'org/robolectric/Robolectric.class' should be in target project, but could not be found!
2024-11-12 13:43:18,580 INFO  log - Logging initialized @60510ms to org.eclipse.jetty.util.log.Slf4jLog
2024-11-12 13:43:18,604 INFO  EvoClassLoader - Seeing class for first time: org.mockito.configuration.MockitoConfiguration
2024-11-12 13:43:18,604 INFO  EvoClassLoader - Instrumenting class 'org.mockito.configuration.MockitoConfiguration'.
2024-11-12 13:43:18,604 INFO  EvoClassLoader - Error while loading class: java.lang.ClassNotFoundException: Class 'org/mockito/configuration/MockitoConfiguration.class' should be in target project, but could not be found!
]]></system-out>
  </testcase>
  <testcase name="test052" classname="org.apache.hadoop.hdfs.qjournal.protocol.QJournalProtocolProtos_ESTest" time="0.032">
    <system-out><![CDATA[2024-11-12 13:43:18,642 INFO  EvoClassLoader - Seeing class for first time: libcore.io.Memory
2024-11-12 13:43:18,642 INFO  EvoClassLoader - Instrumenting class 'libcore.io.Memory'.
2024-11-12 13:43:18,642 INFO  EvoClassLoader - Error while loading class: java.lang.ClassNotFoundException: Class 'libcore/io/Memory.class' should be in target project, but could not be found!
2024-11-12 13:43:18,642 INFO  EvoClassLoader - Seeing class for first time: org.robolectric.Robolectric
2024-11-12 13:43:18,642 INFO  EvoClassLoader - Instrumenting class 'org.robolectric.Robolectric'.
2024-11-12 13:43:18,642 INFO  EvoClassLoader - Error while loading class: java.lang.ClassNotFoundException: Class 'org/robolectric/Robolectric.class' should be in target project, but could not be found!
2024-11-12 13:43:18,655 INFO  log - Logging initialized @60585ms to org.eclipse.jetty.util.log.Slf4jLog
2024-11-12 13:43:18,659 INFO  EvoClassLoader - Seeing class for first time: org.mockito.configuration.MockitoConfiguration
2024-11-12 13:43:18,659 INFO  EvoClassLoader - Instrumenting class 'org.mockito.configuration.MockitoConfiguration'.
2024-11-12 13:43:18,660 INFO  EvoClassLoader - Error while loading class: java.lang.ClassNotFoundException: Class 'org/mockito/configuration/MockitoConfiguration.class' should be in target project, but could not be found!
]]></system-out>
  </testcase>
  <testcase name="test050" classname="org.apache.hadoop.hdfs.qjournal.protocol.QJournalProtocolProtos_ESTest" time="0.045">
    <system-out><![CDATA[2024-11-12 13:43:18,677 INFO  EvoClassLoader - Seeing class for first time: libcore.io.Memory
2024-11-12 13:43:18,677 INFO  EvoClassLoader - Instrumenting class 'libcore.io.Memory'.
2024-11-12 13:43:18,677 INFO  EvoClassLoader - Error while loading class: java.lang.ClassNotFoundException: Class 'libcore/io/Memory.class' should be in target project, but could not be found!
2024-11-12 13:43:18,677 INFO  EvoClassLoader - Seeing class for first time: org.robolectric.Robolectric
2024-11-12 13:43:18,677 INFO  EvoClassLoader - Instrumenting class 'org.robolectric.Robolectric'.
2024-11-12 13:43:18,677 INFO  EvoClassLoader - Error while loading class: java.lang.ClassNotFoundException: Class 'org/robolectric/Robolectric.class' should be in target project, but could not be found!
2024-11-12 13:43:18,698 INFO  log - Logging initialized @60628ms to org.eclipse.jetty.util.log.Slf4jLog
2024-11-12 13:43:18,703 INFO  EvoClassLoader - Seeing class for first time: org.mockito.configuration.MockitoConfiguration
2024-11-12 13:43:18,703 INFO  EvoClassLoader - Instrumenting class 'org.mockito.configuration.MockitoConfiguration'.
2024-11-12 13:43:18,704 INFO  EvoClassLoader - Error while loading class: java.lang.ClassNotFoundException: Class 'org/mockito/configuration/MockitoConfiguration.class' should be in target project, but could not be found!
]]></system-out>
  </testcase>
  <testcase name="test055" classname="org.apache.hadoop.hdfs.qjournal.protocol.QJournalProtocolProtos_ESTest" time="0.028">
    <system-out><![CDATA[2024-11-12 13:43:18,714 INFO  EvoClassLoader - Seeing class for first time: libcore.io.Memory
2024-11-12 13:43:18,714 INFO  EvoClassLoader - Instrumenting class 'libcore.io.Memory'.
2024-11-12 13:43:18,716 INFO  EvoClassLoader - Error while loading class: java.lang.ClassNotFoundException: Class 'libcore/io/Memory.class' should be in target project, but could not be found!
2024-11-12 13:43:18,716 INFO  EvoClassLoader - Seeing class for first time: org.robolectric.Robolectric
2024-11-12 13:43:18,716 INFO  EvoClassLoader - Instrumenting class 'org.robolectric.Robolectric'.
2024-11-12 13:43:18,717 INFO  EvoClassLoader - Error while loading class: java.lang.ClassNotFoundException: Class 'org/robolectric/Robolectric.class' should be in target project, but could not be found!
2024-11-12 13:43:18,731 INFO  log - Logging initialized @60661ms to org.eclipse.jetty.util.log.Slf4jLog
2024-11-12 13:43:18,735 INFO  EvoClassLoader - Seeing class for first time: org.mockito.configuration.MockitoConfiguration
2024-11-12 13:43:18,735 INFO  EvoClassLoader - Instrumenting class 'org.mockito.configuration.MockitoConfiguration'.
2024-11-12 13:43:18,735 INFO  EvoClassLoader - Error while loading class: java.lang.ClassNotFoundException: Class 'org/mockito/configuration/MockitoConfiguration.class' should be in target project, but could not be found!
]]></system-out>
  </testcase>
  <testcase name="test056" classname="org.apache.hadoop.hdfs.qjournal.protocol.QJournalProtocolProtos_ESTest" time="0.038">
    <system-out><![CDATA[2024-11-12 13:43:18,747 INFO  EvoClassLoader - Seeing class for first time: libcore.io.Memory
2024-11-12 13:43:18,747 INFO  EvoClassLoader - Instrumenting class 'libcore.io.Memory'.
2024-11-12 13:43:18,747 INFO  EvoClassLoader - Error while loading class: java.lang.ClassNotFoundException: Class 'libcore/io/Memory.class' should be in target project, but could not be found!
2024-11-12 13:43:18,747 INFO  EvoClassLoader - Seeing class for first time: org.robolectric.Robolectric
2024-11-12 13:43:18,747 INFO  EvoClassLoader - Instrumenting class 'org.robolectric.Robolectric'.
2024-11-12 13:43:18,747 INFO  EvoClassLoader - Error while loading class: java.lang.ClassNotFoundException: Class 'org/robolectric/Robolectric.class' should be in target project, but could not be found!
2024-11-12 13:43:18,763 INFO  log - Logging initialized @60693ms to org.eclipse.jetty.util.log.Slf4jLog
2024-11-12 13:43:18,769 INFO  EvoClassLoader - Seeing class for first time: org.mockito.configuration.MockitoConfiguration
2024-11-12 13:43:18,769 INFO  EvoClassLoader - Instrumenting class 'org.mockito.configuration.MockitoConfiguration'.
2024-11-12 13:43:18,769 INFO  EvoClassLoader - Error while loading class: java.lang.ClassNotFoundException: Class 'org/mockito/configuration/MockitoConfiguration.class' should be in target project, but could not be found!
]]></system-out>
  </testcase>
  <testcase name="test053" classname="org.apache.hadoop.hdfs.qjournal.protocol.QJournalProtocolProtos_ESTest" time="0.035">
    <system-out><![CDATA[2024-11-12 13:43:18,785 INFO  EvoClassLoader - Seeing class for first time: libcore.io.Memory
2024-11-12 13:43:18,785 INFO  EvoClassLoader - Instrumenting class 'libcore.io.Memory'.
2024-11-12 13:43:18,785 INFO  EvoClassLoader - Error while loading class: java.lang.ClassNotFoundException: Class 'libcore/io/Memory.class' should be in target project, but could not be found!
2024-11-12 13:43:18,785 INFO  EvoClassLoader - Seeing class for first time: org.robolectric.Robolectric
2024-11-12 13:43:18,785 INFO  EvoClassLoader - Instrumenting class 'org.robolectric.Robolectric'.
2024-11-12 13:43:18,785 INFO  EvoClassLoader - Error while loading class: java.lang.ClassNotFoundException: Class 'org/robolectric/Robolectric.class' should be in target project, but could not be found!
2024-11-12 13:43:18,805 INFO  log - Logging initialized @60735ms to org.eclipse.jetty.util.log.Slf4jLog
2024-11-12 13:43:18,808 INFO  EvoClassLoader - Seeing class for first time: org.mockito.configuration.MockitoConfiguration
2024-11-12 13:43:18,808 INFO  EvoClassLoader - Instrumenting class 'org.mockito.configuration.MockitoConfiguration'.
2024-11-12 13:43:18,808 INFO  EvoClassLoader - Error while loading class: java.lang.ClassNotFoundException: Class 'org/mockito/configuration/MockitoConfiguration.class' should be in target project, but could not be found!
]]></system-out>
  </testcase>
  <testcase name="test054" classname="org.apache.hadoop.hdfs.qjournal.protocol.QJournalProtocolProtos_ESTest" time="0.031">
    <system-out><![CDATA[2024-11-12 13:43:18,818 INFO  EvoClassLoader - Seeing class for first time: libcore.io.Memory
2024-11-12 13:43:18,818 INFO  EvoClassLoader - Instrumenting class 'libcore.io.Memory'.
2024-11-12 13:43:18,819 INFO  EvoClassLoader - Error while loading class: java.lang.ClassNotFoundException: Class 'libcore/io/Memory.class' should be in target project, but could not be found!
2024-11-12 13:43:18,819 INFO  EvoClassLoader - Seeing class for first time: org.robolectric.Robolectric
2024-11-12 13:43:18,819 INFO  EvoClassLoader - Instrumenting class 'org.robolectric.Robolectric'.
2024-11-12 13:43:18,819 INFO  EvoClassLoader - Error while loading class: java.lang.ClassNotFoundException: Class 'org/robolectric/Robolectric.class' should be in target project, but could not be found!
2024-11-12 13:43:18,833 INFO  log - Logging initialized @60763ms to org.eclipse.jetty.util.log.Slf4jLog
2024-11-12 13:43:18,836 INFO  EvoClassLoader - Seeing class for first time: org.mockito.configuration.MockitoConfiguration
2024-11-12 13:43:18,836 INFO  EvoClassLoader - Instrumenting class 'org.mockito.configuration.MockitoConfiguration'.
2024-11-12 13:43:18,836 INFO  EvoClassLoader - Error while loading class: java.lang.ClassNotFoundException: Class 'org/mockito/configuration/MockitoConfiguration.class' should be in target project, but could not be found!
]]></system-out>
  </testcase>
  <testcase name="test015" classname="org.apache.hadoop.hdfs.qjournal.protocol.QJournalProtocolProtos_ESTest" time="0.041">
    <system-out><![CDATA[2024-11-12 13:43:18,847 INFO  EvoClassLoader - Seeing class for first time: libcore.io.Memory
2024-11-12 13:43:18,847 INFO  EvoClassLoader - Instrumenting class 'libcore.io.Memory'.
2024-11-12 13:43:18,847 INFO  EvoClassLoader - Error while loading class: java.lang.ClassNotFoundException: Class 'libcore/io/Memory.class' should be in target project, but could not be found!
2024-11-12 13:43:18,847 INFO  EvoClassLoader - Seeing class for first time: org.robolectric.Robolectric
2024-11-12 13:43:18,847 INFO  EvoClassLoader - Instrumenting class 'org.robolectric.Robolectric'.
2024-11-12 13:43:18,849 INFO  EvoClassLoader - Error while loading class: java.lang.ClassNotFoundException: Class 'org/robolectric/Robolectric.class' should be in target project, but could not be found!
2024-11-12 13:43:18,870 INFO  log - Logging initialized @60800ms to org.eclipse.jetty.util.log.Slf4jLog
2024-11-12 13:43:18,883 INFO  EvoClassLoader - Seeing class for first time: org.mockito.configuration.MockitoConfiguration
2024-11-12 13:43:18,883 INFO  EvoClassLoader - Instrumenting class 'org.mockito.configuration.MockitoConfiguration'.
2024-11-12 13:43:18,884 INFO  EvoClassLoader - Error while loading class: java.lang.ClassNotFoundException: Class 'org/mockito/configuration/MockitoConfiguration.class' should be in target project, but could not be found!
]]></system-out>
  </testcase>
  <testcase name="test016" classname="org.apache.hadoop.hdfs.qjournal.protocol.QJournalProtocolProtos_ESTest" time="0.028">
    <system-out><![CDATA[2024-11-12 13:43:18,891 INFO  EvoClassLoader - Seeing class for first time: libcore.io.Memory
2024-11-12 13:43:18,891 INFO  EvoClassLoader - Instrumenting class 'libcore.io.Memory'.
2024-11-12 13:43:18,891 INFO  EvoClassLoader - Error while loading class: java.lang.ClassNotFoundException: Class 'libcore/io/Memory.class' should be in target project, but could not be found!
2024-11-12 13:43:18,891 INFO  EvoClassLoader - Seeing class for first time: org.robolectric.Robolectric
2024-11-12 13:43:18,891 INFO  EvoClassLoader - Instrumenting class 'org.robolectric.Robolectric'.
2024-11-12 13:43:18,891 INFO  EvoClassLoader - Error while loading class: java.lang.ClassNotFoundException: Class 'org/robolectric/Robolectric.class' should be in target project, but could not be found!
2024-11-12 13:43:18,905 INFO  log - Logging initialized @60835ms to org.eclipse.jetty.util.log.Slf4jLog
2024-11-12 13:43:18,910 INFO  EvoClassLoader - Seeing class for first time: org.mockito.configuration.MockitoConfiguration
2024-11-12 13:43:18,910 INFO  EvoClassLoader - Instrumenting class 'org.mockito.configuration.MockitoConfiguration'.
2024-11-12 13:43:18,910 INFO  EvoClassLoader - Error while loading class: java.lang.ClassNotFoundException: Class 'org/mockito/configuration/MockitoConfiguration.class' should be in target project, but could not be found!
]]></system-out>
  </testcase>
  <testcase name="test013" classname="org.apache.hadoop.hdfs.qjournal.protocol.QJournalProtocolProtos_ESTest" time="0.035">
    <system-out><![CDATA[2024-11-12 13:43:18,918 INFO  EvoClassLoader - Seeing class for first time: libcore.io.Memory
2024-11-12 13:43:18,918 INFO  EvoClassLoader - Instrumenting class 'libcore.io.Memory'.
2024-11-12 13:43:18,919 INFO  EvoClassLoader - Error while loading class: java.lang.ClassNotFoundException: Class 'libcore/io/Memory.class' should be in target project, but could not be found!
2024-11-12 13:43:18,919 INFO  EvoClassLoader - Seeing class for first time: org.robolectric.Robolectric
2024-11-12 13:43:18,919 INFO  EvoClassLoader - Instrumenting class 'org.robolectric.Robolectric'.
2024-11-12 13:43:18,919 INFO  EvoClassLoader - Error while loading class: java.lang.ClassNotFoundException: Class 'org/robolectric/Robolectric.class' should be in target project, but could not be found!
2024-11-12 13:43:18,933 INFO  log - Logging initialized @60863ms to org.eclipse.jetty.util.log.Slf4jLog
2024-11-12 13:43:18,938 INFO  EvoClassLoader - Seeing class for first time: org.mockito.configuration.MockitoConfiguration
2024-11-12 13:43:18,938 INFO  EvoClassLoader - Instrumenting class 'org.mockito.configuration.MockitoConfiguration'.
2024-11-12 13:43:18,938 INFO  EvoClassLoader - Error while loading class: java.lang.ClassNotFoundException: Class 'org/mockito/configuration/MockitoConfiguration.class' should be in target project, but could not be found!
]]></system-out>
  </testcase>
  <testcase name="test014" classname="org.apache.hadoop.hdfs.qjournal.protocol.QJournalProtocolProtos_ESTest" time="0.023">
    <system-out><![CDATA[2024-11-12 13:43:18,953 INFO  EvoClassLoader - Seeing class for first time: libcore.io.Memory
2024-11-12 13:43:18,953 INFO  EvoClassLoader - Instrumenting class 'libcore.io.Memory'.
2024-11-12 13:43:18,954 INFO  EvoClassLoader - Error while loading class: java.lang.ClassNotFoundException: Class 'libcore/io/Memory.class' should be in target project, but could not be found!
2024-11-12 13:43:18,954 INFO  EvoClassLoader - Seeing class for first time: org.robolectric.Robolectric
2024-11-12 13:43:18,954 INFO  EvoClassLoader - Instrumenting class 'org.robolectric.Robolectric'.
2024-11-12 13:43:18,954 INFO  EvoClassLoader - Error while loading class: java.lang.ClassNotFoundException: Class 'org/robolectric/Robolectric.class' should be in target project, but could not be found!
2024-11-12 13:43:18,967 INFO  log - Logging initialized @60897ms to org.eclipse.jetty.util.log.Slf4jLog
2024-11-12 13:43:18,970 INFO  EvoClassLoader - Seeing class for first time: org.mockito.configuration.MockitoConfiguration
2024-11-12 13:43:18,970 INFO  EvoClassLoader - Instrumenting class 'org.mockito.configuration.MockitoConfiguration'.
2024-11-12 13:43:18,970 INFO  EvoClassLoader - Error while loading class: java.lang.ClassNotFoundException: Class 'org/mockito/configuration/MockitoConfiguration.class' should be in target project, but could not be found!
]]></system-out>
  </testcase>
  <testcase name="test019" classname="org.apache.hadoop.hdfs.qjournal.protocol.QJournalProtocolProtos_ESTest" time="0.025">
    <system-out><![CDATA[2024-11-12 13:43:18,977 INFO  EvoClassLoader - Seeing class for first time: libcore.io.Memory
2024-11-12 13:43:18,977 INFO  EvoClassLoader - Instrumenting class 'libcore.io.Memory'.
2024-11-12 13:43:18,977 INFO  EvoClassLoader - Error while loading class: java.lang.ClassNotFoundException: Class 'libcore/io/Memory.class' should be in target project, but could not be found!
2024-11-12 13:43:18,977 INFO  EvoClassLoader - Seeing class for first time: org.robolectric.Robolectric
2024-11-12 13:43:18,977 INFO  EvoClassLoader - Instrumenting class 'org.robolectric.Robolectric'.
2024-11-12 13:43:18,978 INFO  EvoClassLoader - Error while loading class: java.lang.ClassNotFoundException: Class 'org/robolectric/Robolectric.class' should be in target project, but could not be found!
2024-11-12 13:43:18,992 INFO  log - Logging initialized @60922ms to org.eclipse.jetty.util.log.Slf4jLog
2024-11-12 13:43:18,995 INFO  EvoClassLoader - Seeing class for first time: org.mockito.configuration.MockitoConfiguration
2024-11-12 13:43:18,995 INFO  EvoClassLoader - Instrumenting class 'org.mockito.configuration.MockitoConfiguration'.
2024-11-12 13:43:18,995 INFO  EvoClassLoader - Error while loading class: java.lang.ClassNotFoundException: Class 'org/mockito/configuration/MockitoConfiguration.class' should be in target project, but could not be found!
]]></system-out>
  </testcase>
  <testcase name="test017" classname="org.apache.hadoop.hdfs.qjournal.protocol.QJournalProtocolProtos_ESTest" time="0.026">
    <system-out><![CDATA[2024-11-12 13:43:19,003 INFO  EvoClassLoader - Seeing class for first time: libcore.io.Memory
2024-11-12 13:43:19,003 INFO  EvoClassLoader - Instrumenting class 'libcore.io.Memory'.
2024-11-12 13:43:19,004 INFO  EvoClassLoader - Error while loading class: java.lang.ClassNotFoundException: Class 'libcore/io/Memory.class' should be in target project, but could not be found!
2024-11-12 13:43:19,004 INFO  EvoClassLoader - Seeing class for first time: org.robolectric.Robolectric
2024-11-12 13:43:19,004 INFO  EvoClassLoader - Instrumenting class 'org.robolectric.Robolectric'.
2024-11-12 13:43:19,004 INFO  EvoClassLoader - Error while loading class: java.lang.ClassNotFoundException: Class 'org/robolectric/Robolectric.class' should be in target project, but could not be found!
2024-11-12 13:43:19,019 INFO  log - Logging initialized @60949ms to org.eclipse.jetty.util.log.Slf4jLog
2024-11-12 13:43:19,022 INFO  EvoClassLoader - Seeing class for first time: org.mockito.configuration.MockitoConfiguration
2024-11-12 13:43:19,022 INFO  EvoClassLoader - Instrumenting class 'org.mockito.configuration.MockitoConfiguration'.
2024-11-12 13:43:19,022 INFO  EvoClassLoader - Error while loading class: java.lang.ClassNotFoundException: Class 'org/mockito/configuration/MockitoConfiguration.class' should be in target project, but could not be found!
]]></system-out>
  </testcase>
  <testcase name="test018" classname="org.apache.hadoop.hdfs.qjournal.protocol.QJournalProtocolProtos_ESTest" time="0.026">
    <system-out><![CDATA[2024-11-12 13:43:19,030 INFO  EvoClassLoader - Seeing class for first time: libcore.io.Memory
2024-11-12 13:43:19,030 INFO  EvoClassLoader - Instrumenting class 'libcore.io.Memory'.
2024-11-12 13:43:19,030 INFO  EvoClassLoader - Error while loading class: java.lang.ClassNotFoundException: Class 'libcore/io/Memory.class' should be in target project, but could not be found!
2024-11-12 13:43:19,030 INFO  EvoClassLoader - Seeing class for first time: org.robolectric.Robolectric
2024-11-12 13:43:19,030 INFO  EvoClassLoader - Instrumenting class 'org.robolectric.Robolectric'.
2024-11-12 13:43:19,030 INFO  EvoClassLoader - Error while loading class: java.lang.ClassNotFoundException: Class 'org/robolectric/Robolectric.class' should be in target project, but could not be found!
2024-11-12 13:43:19,044 INFO  log - Logging initialized @60974ms to org.eclipse.jetty.util.log.Slf4jLog
2024-11-12 13:43:19,047 INFO  EvoClassLoader - Seeing class for first time: org.mockito.configuration.MockitoConfiguration
2024-11-12 13:43:19,047 INFO  EvoClassLoader - Instrumenting class 'org.mockito.configuration.MockitoConfiguration'.
2024-11-12 13:43:19,047 INFO  EvoClassLoader - Error while loading class: java.lang.ClassNotFoundException: Class 'org/mockito/configuration/MockitoConfiguration.class' should be in target project, but could not be found!
]]></system-out>
  </testcase>
  <testcase name="test022" classname="org.apache.hadoop.hdfs.qjournal.protocol.QJournalProtocolProtos_ESTest" time="0.025">
    <system-out><![CDATA[2024-11-12 13:43:19,054 INFO  EvoClassLoader - Seeing class for first time: libcore.io.Memory
2024-11-12 13:43:19,054 INFO  EvoClassLoader - Instrumenting class 'libcore.io.Memory'.
2024-11-12 13:43:19,054 INFO  EvoClassLoader - Error while loading class: java.lang.ClassNotFoundException: Class 'libcore/io/Memory.class' should be in target project, but could not be found!
2024-11-12 13:43:19,054 INFO  EvoClassLoader - Seeing class for first time: org.robolectric.Robolectric
2024-11-12 13:43:19,054 INFO  EvoClassLoader - Instrumenting class 'org.robolectric.Robolectric'.
2024-11-12 13:43:19,055 INFO  EvoClassLoader - Error while loading class: java.lang.ClassNotFoundException: Class 'org/robolectric/Robolectric.class' should be in target project, but could not be found!
2024-11-12 13:43:19,067 INFO  log - Logging initialized @60997ms to org.eclipse.jetty.util.log.Slf4jLog
2024-11-12 13:43:19,069 INFO  EvoClassLoader - Seeing class for first time: org.mockito.configuration.MockitoConfiguration
2024-11-12 13:43:19,069 INFO  EvoClassLoader - Instrumenting class 'org.mockito.configuration.MockitoConfiguration'.
2024-11-12 13:43:19,070 INFO  EvoClassLoader - Error while loading class: java.lang.ClassNotFoundException: Class 'org/mockito/configuration/MockitoConfiguration.class' should be in target project, but could not be found!
]]></system-out>
  </testcase>
  <testcase name="test023" classname="org.apache.hadoop.hdfs.qjournal.protocol.QJournalProtocolProtos_ESTest" time="0.027">
    <system-out><![CDATA[2024-11-12 13:43:19,079 INFO  EvoClassLoader - Seeing class for first time: libcore.io.Memory
2024-11-12 13:43:19,079 INFO  EvoClassLoader - Instrumenting class 'libcore.io.Memory'.
2024-11-12 13:43:19,079 INFO  EvoClassLoader - Error while loading class: java.lang.ClassNotFoundException: Class 'libcore/io/Memory.class' should be in target project, but could not be found!
2024-11-12 13:43:19,079 INFO  EvoClassLoader - Seeing class for first time: org.robolectric.Robolectric
2024-11-12 13:43:19,079 INFO  EvoClassLoader - Instrumenting class 'org.robolectric.Robolectric'.
2024-11-12 13:43:19,079 INFO  EvoClassLoader - Error while loading class: java.lang.ClassNotFoundException: Class 'org/robolectric/Robolectric.class' should be in target project, but could not be found!
2024-11-12 13:43:19,091 INFO  log - Logging initialized @61021ms to org.eclipse.jetty.util.log.Slf4jLog
2024-11-12 13:43:19,095 INFO  EvoClassLoader - Seeing class for first time: org.mockito.configuration.MockitoConfiguration
2024-11-12 13:43:19,096 INFO  EvoClassLoader - Instrumenting class 'org.mockito.configuration.MockitoConfiguration'.
2024-11-12 13:43:19,096 INFO  EvoClassLoader - Error while loading class: java.lang.ClassNotFoundException: Class 'org/mockito/configuration/MockitoConfiguration.class' should be in target project, but could not be found!
]]></system-out>
  </testcase>
  <testcase name="test020" classname="org.apache.hadoop.hdfs.qjournal.protocol.QJournalProtocolProtos_ESTest" time="0.02">
    <system-out><![CDATA[2024-11-12 13:43:19,105 INFO  EvoClassLoader - Seeing class for first time: libcore.io.Memory
2024-11-12 13:43:19,105 INFO  EvoClassLoader - Instrumenting class 'libcore.io.Memory'.
2024-11-12 13:43:19,105 INFO  EvoClassLoader - Error while loading class: java.lang.ClassNotFoundException: Class 'libcore/io/Memory.class' should be in target project, but could not be found!
2024-11-12 13:43:19,105 INFO  EvoClassLoader - Seeing class for first time: org.robolectric.Robolectric
2024-11-12 13:43:19,105 INFO  EvoClassLoader - Instrumenting class 'org.robolectric.Robolectric'.
2024-11-12 13:43:19,106 INFO  EvoClassLoader - Error while loading class: java.lang.ClassNotFoundException: Class 'org/robolectric/Robolectric.class' should be in target project, but could not be found!
2024-11-12 13:43:19,117 INFO  log - Logging initialized @61047ms to org.eclipse.jetty.util.log.Slf4jLog
2024-11-12 13:43:19,120 INFO  EvoClassLoader - Seeing class for first time: org.mockito.configuration.MockitoConfiguration
2024-11-12 13:43:19,120 INFO  EvoClassLoader - Instrumenting class 'org.mockito.configuration.MockitoConfiguration'.
2024-11-12 13:43:19,120 INFO  EvoClassLoader - Error while loading class: java.lang.ClassNotFoundException: Class 'org/mockito/configuration/MockitoConfiguration.class' should be in target project, but could not be found!
]]></system-out>
  </testcase>
  <testcase name="test021" classname="org.apache.hadoop.hdfs.qjournal.protocol.QJournalProtocolProtos_ESTest" time="0.024">
    <system-out><![CDATA[2024-11-12 13:43:19,125 INFO  EvoClassLoader - Seeing class for first time: libcore.io.Memory
2024-11-12 13:43:19,125 INFO  EvoClassLoader - Instrumenting class 'libcore.io.Memory'.
2024-11-12 13:43:19,126 INFO  EvoClassLoader - Error while loading class: java.lang.ClassNotFoundException: Class 'libcore/io/Memory.class' should be in target project, but could not be found!
2024-11-12 13:43:19,126 INFO  EvoClassLoader - Seeing class for first time: org.robolectric.Robolectric
2024-11-12 13:43:19,126 INFO  EvoClassLoader - Instrumenting class 'org.robolectric.Robolectric'.
2024-11-12 13:43:19,126 INFO  EvoClassLoader - Error while loading class: java.lang.ClassNotFoundException: Class 'org/robolectric/Robolectric.class' should be in target project, but could not be found!
2024-11-12 13:43:19,141 INFO  log - Logging initialized @61071ms to org.eclipse.jetty.util.log.Slf4jLog
2024-11-12 13:43:19,143 INFO  EvoClassLoader - Seeing class for first time: org.mockito.configuration.MockitoConfiguration
2024-11-12 13:43:19,143 INFO  EvoClassLoader - Instrumenting class 'org.mockito.configuration.MockitoConfiguration'.
2024-11-12 13:43:19,144 INFO  EvoClassLoader - Error while loading class: java.lang.ClassNotFoundException: Class 'org/mockito/configuration/MockitoConfiguration.class' should be in target project, but could not be found!
]]></system-out>
  </testcase>
  <testcase name="test026" classname="org.apache.hadoop.hdfs.qjournal.protocol.QJournalProtocolProtos_ESTest" time="0.02">
    <system-out><![CDATA[2024-11-12 13:43:19,150 INFO  EvoClassLoader - Seeing class for first time: libcore.io.Memory
2024-11-12 13:43:19,150 INFO  EvoClassLoader - Instrumenting class 'libcore.io.Memory'.
2024-11-12 13:43:19,150 INFO  EvoClassLoader - Error while loading class: java.lang.ClassNotFoundException: Class 'libcore/io/Memory.class' should be in target project, but could not be found!
2024-11-12 13:43:19,150 INFO  EvoClassLoader - Seeing class for first time: org.robolectric.Robolectric
2024-11-12 13:43:19,150 INFO  EvoClassLoader - Instrumenting class 'org.robolectric.Robolectric'.
2024-11-12 13:43:19,150 INFO  EvoClassLoader - Error while loading class: java.lang.ClassNotFoundException: Class 'org/robolectric/Robolectric.class' should be in target project, but could not be found!
2024-11-12 13:43:19,161 INFO  log - Logging initialized @61091ms to org.eclipse.jetty.util.log.Slf4jLog
2024-11-12 13:43:19,164 INFO  EvoClassLoader - Seeing class for first time: org.mockito.configuration.MockitoConfiguration
2024-11-12 13:43:19,164 INFO  EvoClassLoader - Instrumenting class 'org.mockito.configuration.MockitoConfiguration'.
2024-11-12 13:43:19,164 INFO  EvoClassLoader - Error while loading class: java.lang.ClassNotFoundException: Class 'org/mockito/configuration/MockitoConfiguration.class' should be in target project, but could not be found!
]]></system-out>
  </testcase>
  <testcase name="test027" classname="org.apache.hadoop.hdfs.qjournal.protocol.QJournalProtocolProtos_ESTest" time="0.024">
    <system-out><![CDATA[2024-11-12 13:43:19,171 INFO  EvoClassLoader - Seeing class for first time: libcore.io.Memory
2024-11-12 13:43:19,171 INFO  EvoClassLoader - Instrumenting class 'libcore.io.Memory'.
2024-11-12 13:43:19,171 INFO  EvoClassLoader - Error while loading class: java.lang.ClassNotFoundException: Class 'libcore/io/Memory.class' should be in target project, but could not be found!
2024-11-12 13:43:19,171 INFO  EvoClassLoader - Seeing class for first time: org.robolectric.Robolectric
2024-11-12 13:43:19,171 INFO  EvoClassLoader - Instrumenting class 'org.robolectric.Robolectric'.
2024-11-12 13:43:19,171 INFO  EvoClassLoader - Error while loading class: java.lang.ClassNotFoundException: Class 'org/robolectric/Robolectric.class' should be in target project, but could not be found!
2024-11-12 13:43:19,183 INFO  log - Logging initialized @61113ms to org.eclipse.jetty.util.log.Slf4jLog
2024-11-12 13:43:19,186 INFO  EvoClassLoader - Seeing class for first time: org.mockito.configuration.MockitoConfiguration
2024-11-12 13:43:19,186 INFO  EvoClassLoader - Instrumenting class 'org.mockito.configuration.MockitoConfiguration'.
2024-11-12 13:43:19,186 INFO  EvoClassLoader - Error while loading class: java.lang.ClassNotFoundException: Class 'org/mockito/configuration/MockitoConfiguration.class' should be in target project, but could not be found!
]]></system-out>
  </testcase>
  <testcase name="test024" classname="org.apache.hadoop.hdfs.qjournal.protocol.QJournalProtocolProtos_ESTest" time="0.023">
    <system-out><![CDATA[2024-11-12 13:43:19,194 INFO  EvoClassLoader - Seeing class for first time: libcore.io.Memory
2024-11-12 13:43:19,194 INFO  EvoClassLoader - Instrumenting class 'libcore.io.Memory'.
2024-11-12 13:43:19,194 INFO  EvoClassLoader - Error while loading class: java.lang.ClassNotFoundException: Class 'libcore/io/Memory.class' should be in target project, but could not be found!
2024-11-12 13:43:19,194 INFO  EvoClassLoader - Seeing class for first time: org.robolectric.Robolectric
2024-11-12 13:43:19,194 INFO  EvoClassLoader - Instrumenting class 'org.robolectric.Robolectric'.
2024-11-12 13:43:19,194 INFO  EvoClassLoader - Error while loading class: java.lang.ClassNotFoundException: Class 'org/robolectric/Robolectric.class' should be in target project, but could not be found!
2024-11-12 13:43:19,206 INFO  log - Logging initialized @61136ms to org.eclipse.jetty.util.log.Slf4jLog
2024-11-12 13:43:19,209 INFO  EvoClassLoader - Seeing class for first time: org.mockito.configuration.MockitoConfiguration
2024-11-12 13:43:19,209 INFO  EvoClassLoader - Instrumenting class 'org.mockito.configuration.MockitoConfiguration'.
2024-11-12 13:43:19,209 INFO  EvoClassLoader - Error while loading class: java.lang.ClassNotFoundException: Class 'org/mockito/configuration/MockitoConfiguration.class' should be in target project, but could not be found!
]]></system-out>
  </testcase>
  <testcase name="test025" classname="org.apache.hadoop.hdfs.qjournal.protocol.QJournalProtocolProtos_ESTest" time="0.02">
    <system-out><![CDATA[2024-11-12 13:43:19,215 INFO  EvoClassLoader - Seeing class for first time: libcore.io.Memory
2024-11-12 13:43:19,215 INFO  EvoClassLoader - Instrumenting class 'libcore.io.Memory'.
2024-11-12 13:43:19,215 INFO  EvoClassLoader - Error while loading class: java.lang.ClassNotFoundException: Class 'libcore/io/Memory.class' should be in target project, but could not be found!
2024-11-12 13:43:19,215 INFO  EvoClassLoader - Seeing class for first time: org.robolectric.Robolectric
2024-11-12 13:43:19,215 INFO  EvoClassLoader - Instrumenting class 'org.robolectric.Robolectric'.
2024-11-12 13:43:19,215 INFO  EvoClassLoader - Error while loading class: java.lang.ClassNotFoundException: Class 'org/robolectric/Robolectric.class' should be in target project, but could not be found!
2024-11-12 13:43:19,227 INFO  log - Logging initialized @61157ms to org.eclipse.jetty.util.log.Slf4jLog
2024-11-12 13:43:19,229 INFO  EvoClassLoader - Seeing class for first time: org.mockito.configuration.MockitoConfiguration
2024-11-12 13:43:19,229 INFO  EvoClassLoader - Instrumenting class 'org.mockito.configuration.MockitoConfiguration'.
2024-11-12 13:43:19,229 INFO  EvoClassLoader - Error while loading class: java.lang.ClassNotFoundException: Class 'org/mockito/configuration/MockitoConfiguration.class' should be in target project, but could not be found!
]]></system-out>
  </testcase>
  <testcase name="test028" classname="org.apache.hadoop.hdfs.qjournal.protocol.QJournalProtocolProtos_ESTest" time="0.018">
    <system-out><![CDATA[2024-11-12 13:43:19,236 INFO  EvoClassLoader - Seeing class for first time: libcore.io.Memory
2024-11-12 13:43:19,236 INFO  EvoClassLoader - Instrumenting class 'libcore.io.Memory'.
2024-11-12 13:43:19,236 INFO  EvoClassLoader - Error while loading class: java.lang.ClassNotFoundException: Class 'libcore/io/Memory.class' should be in target project, but could not be found!
2024-11-12 13:43:19,237 INFO  EvoClassLoader - Seeing class for first time: org.robolectric.Robolectric
2024-11-12 13:43:19,237 INFO  EvoClassLoader - Instrumenting class 'org.robolectric.Robolectric'.
2024-11-12 13:43:19,237 INFO  EvoClassLoader - Error while loading class: java.lang.ClassNotFoundException: Class 'org/robolectric/Robolectric.class' should be in target project, but could not be found!
2024-11-12 13:43:19,248 INFO  log - Logging initialized @61178ms to org.eclipse.jetty.util.log.Slf4jLog
2024-11-12 13:43:19,250 INFO  EvoClassLoader - Seeing class for first time: org.mockito.configuration.MockitoConfiguration
2024-11-12 13:43:19,250 INFO  EvoClassLoader - Instrumenting class 'org.mockito.configuration.MockitoConfiguration'.
2024-11-12 13:43:19,250 INFO  EvoClassLoader - Error while loading class: java.lang.ClassNotFoundException: Class 'org/mockito/configuration/MockitoConfiguration.class' should be in target project, but could not be found!
]]></system-out>
  </testcase>
  <testcase name="test029" classname="org.apache.hadoop.hdfs.qjournal.protocol.QJournalProtocolProtos_ESTest" time="0.022">
    <system-out><![CDATA[2024-11-12 13:43:19,256 INFO  EvoClassLoader - Seeing class for first time: libcore.io.Memory
2024-11-12 13:43:19,256 INFO  EvoClassLoader - Instrumenting class 'libcore.io.Memory'.
2024-11-12 13:43:19,256 INFO  EvoClassLoader - Error while loading class: java.lang.ClassNotFoundException: Class 'libcore/io/Memory.class' should be in target project, but could not be found!
2024-11-12 13:43:19,256 INFO  EvoClassLoader - Seeing class for first time: org.robolectric.Robolectric
2024-11-12 13:43:19,256 INFO  EvoClassLoader - Instrumenting class 'org.robolectric.Robolectric'.
2024-11-12 13:43:19,256 INFO  EvoClassLoader - Error while loading class: java.lang.ClassNotFoundException: Class 'org/robolectric/Robolectric.class' should be in target project, but could not be found!
2024-11-12 13:43:19,267 INFO  log - Logging initialized @61197ms to org.eclipse.jetty.util.log.Slf4jLog
2024-11-12 13:43:19,270 INFO  EvoClassLoader - Seeing class for first time: org.mockito.configuration.MockitoConfiguration
2024-11-12 13:43:19,270 INFO  EvoClassLoader - Instrumenting class 'org.mockito.configuration.MockitoConfiguration'.
2024-11-12 13:43:19,270 INFO  EvoClassLoader - Error while loading class: java.lang.ClassNotFoundException: Class 'org/mockito/configuration/MockitoConfiguration.class' should be in target project, but could not be found!
]]></system-out>
  </testcase>
  <testcase name="test030" classname="org.apache.hadoop.hdfs.qjournal.protocol.QJournalProtocolProtos_ESTest" time="0.02">
    <system-out><![CDATA[2024-11-12 13:43:19,276 INFO  EvoClassLoader - Seeing class for first time: libcore.io.Memory
2024-11-12 13:43:19,276 INFO  EvoClassLoader - Instrumenting class 'libcore.io.Memory'.
2024-11-12 13:43:19,277 INFO  EvoClassLoader - Error while loading class: java.lang.ClassNotFoundException: Class 'libcore/io/Memory.class' should be in target project, but could not be found!
2024-11-12 13:43:19,277 INFO  EvoClassLoader - Seeing class for first time: org.robolectric.Robolectric
2024-11-12 13:43:19,277 INFO  EvoClassLoader - Instrumenting class 'org.robolectric.Robolectric'.
2024-11-12 13:43:19,277 INFO  EvoClassLoader - Error while loading class: java.lang.ClassNotFoundException: Class 'org/robolectric/Robolectric.class' should be in target project, but could not be found!
2024-11-12 13:43:19,288 INFO  log - Logging initialized @61218ms to org.eclipse.jetty.util.log.Slf4jLog
2024-11-12 13:43:19,290 INFO  EvoClassLoader - Seeing class for first time: org.mockito.configuration.MockitoConfiguration
2024-11-12 13:43:19,290 INFO  EvoClassLoader - Instrumenting class 'org.mockito.configuration.MockitoConfiguration'.
2024-11-12 13:43:19,291 INFO  EvoClassLoader - Error while loading class: java.lang.ClassNotFoundException: Class 'org/mockito/configuration/MockitoConfiguration.class' should be in target project, but could not be found!
]]></system-out>
  </testcase>
  <testcase name="test033" classname="org.apache.hadoop.hdfs.qjournal.protocol.QJournalProtocolProtos_ESTest" time="0.024">
    <system-out><![CDATA[2024-11-12 13:43:19,297 INFO  EvoClassLoader - Seeing class for first time: libcore.io.Memory
2024-11-12 13:43:19,297 INFO  EvoClassLoader - Instrumenting class 'libcore.io.Memory'.
2024-11-12 13:43:19,297 INFO  EvoClassLoader - Error while loading class: java.lang.ClassNotFoundException: Class 'libcore/io/Memory.class' should be in target project, but could not be found!
2024-11-12 13:43:19,297 INFO  EvoClassLoader - Seeing class for first time: org.robolectric.Robolectric
2024-11-12 13:43:19,297 INFO  EvoClassLoader - Instrumenting class 'org.robolectric.Robolectric'.
2024-11-12 13:43:19,297 INFO  EvoClassLoader - Error while loading class: java.lang.ClassNotFoundException: Class 'org/robolectric/Robolectric.class' should be in target project, but could not be found!
2024-11-12 13:43:19,310 INFO  log - Logging initialized @61240ms to org.eclipse.jetty.util.log.Slf4jLog
2024-11-12 13:43:19,313 INFO  EvoClassLoader - Seeing class for first time: org.mockito.configuration.MockitoConfiguration
2024-11-12 13:43:19,313 INFO  EvoClassLoader - Instrumenting class 'org.mockito.configuration.MockitoConfiguration'.
2024-11-12 13:43:19,313 INFO  EvoClassLoader - Error while loading class: java.lang.ClassNotFoundException: Class 'org/mockito/configuration/MockitoConfiguration.class' should be in target project, but could not be found!
]]></system-out>
  </testcase>
  <testcase name="test034" classname="org.apache.hadoop.hdfs.qjournal.protocol.QJournalProtocolProtos_ESTest" time="0.02">
    <system-out><![CDATA[2024-11-12 13:43:19,320 INFO  EvoClassLoader - Seeing class for first time: libcore.io.Memory
2024-11-12 13:43:19,320 INFO  EvoClassLoader - Instrumenting class 'libcore.io.Memory'.
2024-11-12 13:43:19,321 INFO  EvoClassLoader - Error while loading class: java.lang.ClassNotFoundException: Class 'libcore/io/Memory.class' should be in target project, but could not be found!
2024-11-12 13:43:19,321 INFO  EvoClassLoader - Seeing class for first time: org.robolectric.Robolectric
2024-11-12 13:43:19,321 INFO  EvoClassLoader - Instrumenting class 'org.robolectric.Robolectric'.
2024-11-12 13:43:19,321 INFO  EvoClassLoader - Error while loading class: java.lang.ClassNotFoundException: Class 'org/robolectric/Robolectric.class' should be in target project, but could not be found!
2024-11-12 13:43:19,333 INFO  log - Logging initialized @61263ms to org.eclipse.jetty.util.log.Slf4jLog
2024-11-12 13:43:19,336 INFO  EvoClassLoader - Seeing class for first time: org.mockito.configuration.MockitoConfiguration
2024-11-12 13:43:19,336 INFO  EvoClassLoader - Instrumenting class 'org.mockito.configuration.MockitoConfiguration'.
2024-11-12 13:43:19,336 INFO  EvoClassLoader - Error while loading class: java.lang.ClassNotFoundException: Class 'org/mockito/configuration/MockitoConfiguration.class' should be in target project, but could not be found!
]]></system-out>
  </testcase>
  <testcase name="test031" classname="org.apache.hadoop.hdfs.qjournal.protocol.QJournalProtocolProtos_ESTest" time="0.0">
    <skipped message="Mock call to startLogSegment which was not presented when the test was generated"/>
    <system-out><![CDATA[2024-11-12 13:43:19,344 INFO  EvoClassLoader - Seeing class for first time: libcore.io.Memory
2024-11-12 13:43:19,344 INFO  EvoClassLoader - Instrumenting class 'libcore.io.Memory'.
2024-11-12 13:43:19,344 INFO  EvoClassLoader - Error while loading class: java.lang.ClassNotFoundException: Class 'libcore/io/Memory.class' should be in target project, but could not be found!
2024-11-12 13:43:19,344 INFO  EvoClassLoader - Seeing class for first time: org.robolectric.Robolectric
2024-11-12 13:43:19,344 INFO  EvoClassLoader - Instrumenting class 'org.robolectric.Robolectric'.
2024-11-12 13:43:19,344 INFO  EvoClassLoader - Error while loading class: java.lang.ClassNotFoundException: Class 'org/robolectric/Robolectric.class' should be in target project, but could not be found!
2024-11-12 13:43:19,355 INFO  log - Logging initialized @61285ms to org.eclipse.jetty.util.log.Slf4jLog
2024-11-12 13:43:19,358 INFO  EvoClassLoader - Seeing class for first time: org.mockito.configuration.MockitoConfiguration
2024-11-12 13:43:19,358 INFO  EvoClassLoader - Instrumenting class 'org.mockito.configuration.MockitoConfiguration'.
2024-11-12 13:43:19,358 INFO  EvoClassLoader - Error while loading class: java.lang.ClassNotFoundException: Class 'org/mockito/configuration/MockitoConfiguration.class' should be in target project, but could not be found!
]]></system-out>
  </testcase>
  <testcase name="test032" classname="org.apache.hadoop.hdfs.qjournal.protocol.QJournalProtocolProtos_ESTest" time="0.019">
    <system-out><![CDATA[2024-11-12 13:43:19,367 INFO  EvoClassLoader - Seeing class for first time: libcore.io.Memory
2024-11-12 13:43:19,367 INFO  EvoClassLoader - Instrumenting class 'libcore.io.Memory'.
2024-11-12 13:43:19,368 INFO  EvoClassLoader - Error while loading class: java.lang.ClassNotFoundException: Class 'libcore/io/Memory.class' should be in target project, but could not be found!
2024-11-12 13:43:19,368 INFO  EvoClassLoader - Seeing class for first time: org.robolectric.Robolectric
2024-11-12 13:43:19,368 INFO  EvoClassLoader - Instrumenting class 'org.robolectric.Robolectric'.
2024-11-12 13:43:19,368 INFO  EvoClassLoader - Error while loading class: java.lang.ClassNotFoundException: Class 'org/robolectric/Robolectric.class' should be in target project, but could not be found!
2024-11-12 13:43:19,378 INFO  log - Logging initialized @61308ms to org.eclipse.jetty.util.log.Slf4jLog
2024-11-12 13:43:19,380 INFO  EvoClassLoader - Seeing class for first time: org.mockito.configuration.MockitoConfiguration
2024-11-12 13:43:19,380 INFO  EvoClassLoader - Instrumenting class 'org.mockito.configuration.MockitoConfiguration'.
2024-11-12 13:43:19,380 INFO  EvoClassLoader - Error while loading class: java.lang.ClassNotFoundException: Class 'org/mockito/configuration/MockitoConfiguration.class' should be in target project, but could not be found!
]]></system-out>
  </testcase>
  <testcase name="test114" classname="org.apache.hadoop.hdfs.qjournal.protocol.QJournalProtocolProtos_ESTest" time="0.023">
    <system-out><![CDATA[2024-11-12 13:43:19,386 INFO  EvoClassLoader - Seeing class for first time: libcore.io.Memory
2024-11-12 13:43:19,386 INFO  EvoClassLoader - Instrumenting class 'libcore.io.Memory'.
2024-11-12 13:43:19,387 INFO  EvoClassLoader - Error while loading class: java.lang.ClassNotFoundException: Class 'libcore/io/Memory.class' should be in target project, but could not be found!
2024-11-12 13:43:19,387 INFO  EvoClassLoader - Seeing class for first time: org.robolectric.Robolectric
2024-11-12 13:43:19,387 INFO  EvoClassLoader - Instrumenting class 'org.robolectric.Robolectric'.
2024-11-12 13:43:19,387 INFO  EvoClassLoader - Error while loading class: java.lang.ClassNotFoundException: Class 'org/robolectric/Robolectric.class' should be in target project, but could not be found!
2024-11-12 13:43:19,400 INFO  log - Logging initialized @61330ms to org.eclipse.jetty.util.log.Slf4jLog
2024-11-12 13:43:19,403 INFO  EvoClassLoader - Seeing class for first time: org.mockito.configuration.MockitoConfiguration
2024-11-12 13:43:19,403 INFO  EvoClassLoader - Instrumenting class 'org.mockito.configuration.MockitoConfiguration'.
2024-11-12 13:43:19,404 INFO  EvoClassLoader - Error while loading class: java.lang.ClassNotFoundException: Class 'org/mockito/configuration/MockitoConfiguration.class' should be in target project, but could not be found!
]]></system-out>
  </testcase>
  <testcase name="test115" classname="org.apache.hadoop.hdfs.qjournal.protocol.QJournalProtocolProtos_ESTest" time="0.02">
    <system-out><![CDATA[2024-11-12 13:43:19,409 INFO  EvoClassLoader - Seeing class for first time: libcore.io.Memory
2024-11-12 13:43:19,409 INFO  EvoClassLoader - Instrumenting class 'libcore.io.Memory'.
2024-11-12 13:43:19,409 INFO  EvoClassLoader - Error while loading class: java.lang.ClassNotFoundException: Class 'libcore/io/Memory.class' should be in target project, but could not be found!
2024-11-12 13:43:19,409 INFO  EvoClassLoader - Seeing class for first time: org.robolectric.Robolectric
2024-11-12 13:43:19,409 INFO  EvoClassLoader - Instrumenting class 'org.robolectric.Robolectric'.
2024-11-12 13:43:19,409 INFO  EvoClassLoader - Error while loading class: java.lang.ClassNotFoundException: Class 'org/robolectric/Robolectric.class' should be in target project, but could not be found!
2024-11-12 13:43:19,421 INFO  log - Logging initialized @61351ms to org.eclipse.jetty.util.log.Slf4jLog
2024-11-12 13:43:19,423 INFO  EvoClassLoader - Seeing class for first time: org.mockito.configuration.MockitoConfiguration
2024-11-12 13:43:19,423 INFO  EvoClassLoader - Instrumenting class 'org.mockito.configuration.MockitoConfiguration'.
2024-11-12 13:43:19,423 INFO  EvoClassLoader - Error while loading class: java.lang.ClassNotFoundException: Class 'org/mockito/configuration/MockitoConfiguration.class' should be in target project, but could not be found!
]]></system-out>
  </testcase>
  <testcase name="test079" classname="org.apache.hadoop.hdfs.qjournal.protocol.QJournalProtocolProtos_ESTest" time="0.019">
    <system-out><![CDATA[2024-11-12 13:43:19,429 INFO  EvoClassLoader - Seeing class for first time: libcore.io.Memory
2024-11-12 13:43:19,429 INFO  EvoClassLoader - Instrumenting class 'libcore.io.Memory'.
2024-11-12 13:43:19,430 INFO  EvoClassLoader - Error while loading class: java.lang.ClassNotFoundException: Class 'libcore/io/Memory.class' should be in target project, but could not be found!
2024-11-12 13:43:19,430 INFO  EvoClassLoader - Seeing class for first time: org.robolectric.Robolectric
2024-11-12 13:43:19,430 INFO  EvoClassLoader - Instrumenting class 'org.robolectric.Robolectric'.
2024-11-12 13:43:19,430 INFO  EvoClassLoader - Error while loading class: java.lang.ClassNotFoundException: Class 'org/robolectric/Robolectric.class' should be in target project, but could not be found!
2024-11-12 13:43:19,442 INFO  log - Logging initialized @61372ms to org.eclipse.jetty.util.log.Slf4jLog
2024-11-12 13:43:19,444 INFO  EvoClassLoader - Seeing class for first time: org.mockito.configuration.MockitoConfiguration
2024-11-12 13:43:19,444 INFO  EvoClassLoader - Instrumenting class 'org.mockito.configuration.MockitoConfiguration'.
2024-11-12 13:43:19,444 INFO  EvoClassLoader - Error while loading class: java.lang.ClassNotFoundException: Class 'org/mockito/configuration/MockitoConfiguration.class' should be in target project, but could not be found!
]]></system-out>
  </testcase>
  <testcase name="test112" classname="org.apache.hadoop.hdfs.qjournal.protocol.QJournalProtocolProtos_ESTest" time="0.022">
    <system-out><![CDATA[2024-11-12 13:43:19,449 INFO  EvoClassLoader - Seeing class for first time: libcore.io.Memory
2024-11-12 13:43:19,449 INFO  EvoClassLoader - Instrumenting class 'libcore.io.Memory'.
2024-11-12 13:43:19,449 INFO  EvoClassLoader - Error while loading class: java.lang.ClassNotFoundException: Class 'libcore/io/Memory.class' should be in target project, but could not be found!
2024-11-12 13:43:19,449 INFO  EvoClassLoader - Seeing class for first time: org.robolectric.Robolectric
2024-11-12 13:43:19,449 INFO  EvoClassLoader - Instrumenting class 'org.robolectric.Robolectric'.
2024-11-12 13:43:19,449 INFO  EvoClassLoader - Error while loading class: java.lang.ClassNotFoundException: Class 'org/robolectric/Robolectric.class' should be in target project, but could not be found!
2024-11-12 13:43:19,462 INFO  log - Logging initialized @61392ms to org.eclipse.jetty.util.log.Slf4jLog
2024-11-12 13:43:19,464 INFO  EvoClassLoader - Seeing class for first time: org.mockito.configuration.MockitoConfiguration
2024-11-12 13:43:19,464 INFO  EvoClassLoader - Instrumenting class 'org.mockito.configuration.MockitoConfiguration'.
2024-11-12 13:43:19,465 INFO  EvoClassLoader - Error while loading class: java.lang.ClassNotFoundException: Class 'org/mockito/configuration/MockitoConfiguration.class' should be in target project, but could not be found!
]]></system-out>
  </testcase>
  <testcase name="test113" classname="org.apache.hadoop.hdfs.qjournal.protocol.QJournalProtocolProtos_ESTest" time="0.027">
    <system-out><![CDATA[2024-11-12 13:43:19,470 INFO  EvoClassLoader - Seeing class for first time: libcore.io.Memory
2024-11-12 13:43:19,470 INFO  EvoClassLoader - Instrumenting class 'libcore.io.Memory'.
2024-11-12 13:43:19,470 INFO  EvoClassLoader - Error while loading class: java.lang.ClassNotFoundException: Class 'libcore/io/Memory.class' should be in target project, but could not be found!
2024-11-12 13:43:19,470 INFO  EvoClassLoader - Seeing class for first time: org.robolectric.Robolectric
2024-11-12 13:43:19,470 INFO  EvoClassLoader - Instrumenting class 'org.robolectric.Robolectric'.
2024-11-12 13:43:19,470 INFO  EvoClassLoader - Error while loading class: java.lang.ClassNotFoundException: Class 'org/robolectric/Robolectric.class' should be in target project, but could not be found!
2024-11-12 13:43:19,489 INFO  log - Logging initialized @61420ms to org.eclipse.jetty.util.log.Slf4jLog
2024-11-12 13:43:19,492 INFO  EvoClassLoader - Seeing class for first time: org.mockito.configuration.MockitoConfiguration
2024-11-12 13:43:19,492 INFO  EvoClassLoader - Instrumenting class 'org.mockito.configuration.MockitoConfiguration'.
2024-11-12 13:43:19,492 INFO  EvoClassLoader - Error while loading class: java.lang.ClassNotFoundException: Class 'org/mockito/configuration/MockitoConfiguration.class' should be in target project, but could not be found!
]]></system-out>
  </testcase>
  <testcase name="test118" classname="org.apache.hadoop.hdfs.qjournal.protocol.QJournalProtocolProtos_ESTest" time="0.019">
    <system-out><![CDATA[2024-11-12 13:43:19,498 INFO  EvoClassLoader - Seeing class for first time: libcore.io.Memory
2024-11-12 13:43:19,498 INFO  EvoClassLoader - Instrumenting class 'libcore.io.Memory'.
2024-11-12 13:43:19,498 INFO  EvoClassLoader - Error while loading class: java.lang.ClassNotFoundException: Class 'libcore/io/Memory.class' should be in target project, but could not be found!
2024-11-12 13:43:19,498 INFO  EvoClassLoader - Seeing class for first time: org.robolectric.Robolectric
2024-11-12 13:43:19,498 INFO  EvoClassLoader - Instrumenting class 'org.robolectric.Robolectric'.
2024-11-12 13:43:19,498 INFO  EvoClassLoader - Error while loading class: java.lang.ClassNotFoundException: Class 'org/robolectric/Robolectric.class' should be in target project, but could not be found!
2024-11-12 13:43:19,509 INFO  log - Logging initialized @61439ms to org.eclipse.jetty.util.log.Slf4jLog
2024-11-12 13:43:19,511 INFO  EvoClassLoader - Seeing class for first time: org.mockito.configuration.MockitoConfiguration
2024-11-12 13:43:19,511 INFO  EvoClassLoader - Instrumenting class 'org.mockito.configuration.MockitoConfiguration'.
2024-11-12 13:43:19,511 INFO  EvoClassLoader - Error while loading class: java.lang.ClassNotFoundException: Class 'org/mockito/configuration/MockitoConfiguration.class' should be in target project, but could not be found!
]]></system-out>
  </testcase>
  <testcase name="test119" classname="org.apache.hadoop.hdfs.qjournal.protocol.QJournalProtocolProtos_ESTest" time="0.023">
    <system-out><![CDATA[2024-11-12 13:43:19,516 INFO  EvoClassLoader - Seeing class for first time: libcore.io.Memory
2024-11-12 13:43:19,516 INFO  EvoClassLoader - Instrumenting class 'libcore.io.Memory'.
2024-11-12 13:43:19,517 INFO  EvoClassLoader - Error while loading class: java.lang.ClassNotFoundException: Class 'libcore/io/Memory.class' should be in target project, but could not be found!
2024-11-12 13:43:19,517 INFO  EvoClassLoader - Seeing class for first time: org.robolectric.Robolectric
2024-11-12 13:43:19,517 INFO  EvoClassLoader - Instrumenting class 'org.robolectric.Robolectric'.
2024-11-12 13:43:19,517 INFO  EvoClassLoader - Error while loading class: java.lang.ClassNotFoundException: Class 'org/robolectric/Robolectric.class' should be in target project, but could not be found!
2024-11-12 13:43:19,530 INFO  log - Logging initialized @61460ms to org.eclipse.jetty.util.log.Slf4jLog
2024-11-12 13:43:19,532 INFO  EvoClassLoader - Seeing class for first time: org.mockito.configuration.MockitoConfiguration
2024-11-12 13:43:19,532 INFO  EvoClassLoader - Instrumenting class 'org.mockito.configuration.MockitoConfiguration'.
2024-11-12 13:43:19,532 INFO  EvoClassLoader - Error while loading class: java.lang.ClassNotFoundException: Class 'org/mockito/configuration/MockitoConfiguration.class' should be in target project, but could not be found!
]]></system-out>
  </testcase>
  <testcase name="test116" classname="org.apache.hadoop.hdfs.qjournal.protocol.QJournalProtocolProtos_ESTest" time="0.023">
    <system-out><![CDATA[2024-11-12 13:43:19,539 INFO  EvoClassLoader - Seeing class for first time: libcore.io.Memory
2024-11-12 13:43:19,539 INFO  EvoClassLoader - Instrumenting class 'libcore.io.Memory'.
2024-11-12 13:43:19,540 INFO  EvoClassLoader - Error while loading class: java.lang.ClassNotFoundException: Class 'libcore/io/Memory.class' should be in target project, but could not be found!
2024-11-12 13:43:19,540 INFO  EvoClassLoader - Seeing class for first time: org.robolectric.Robolectric
2024-11-12 13:43:19,540 INFO  EvoClassLoader - Instrumenting class 'org.robolectric.Robolectric'.
2024-11-12 13:43:19,540 INFO  EvoClassLoader - Error while loading class: java.lang.ClassNotFoundException: Class 'org/robolectric/Robolectric.class' should be in target project, but could not be found!
2024-11-12 13:43:19,551 INFO  log - Logging initialized @61481ms to org.eclipse.jetty.util.log.Slf4jLog
2024-11-12 13:43:19,554 INFO  EvoClassLoader - Seeing class for first time: org.mockito.configuration.MockitoConfiguration
2024-11-12 13:43:19,554 INFO  EvoClassLoader - Instrumenting class 'org.mockito.configuration.MockitoConfiguration'.
2024-11-12 13:43:19,555 INFO  EvoClassLoader - Error while loading class: java.lang.ClassNotFoundException: Class 'org/mockito/configuration/MockitoConfiguration.class' should be in target project, but could not be found!
]]></system-out>
  </testcase>
  <testcase name="test117" classname="org.apache.hadoop.hdfs.qjournal.protocol.QJournalProtocolProtos_ESTest" time="0.018">
    <system-out><![CDATA[2024-11-12 13:43:19,562 INFO  EvoClassLoader - Seeing class for first time: libcore.io.Memory
2024-11-12 13:43:19,562 INFO  EvoClassLoader - Instrumenting class 'libcore.io.Memory'.
2024-11-12 13:43:19,563 INFO  EvoClassLoader - Error while loading class: java.lang.ClassNotFoundException: Class 'libcore/io/Memory.class' should be in target project, but could not be found!
2024-11-12 13:43:19,563 INFO  EvoClassLoader - Seeing class for first time: org.robolectric.Robolectric
2024-11-12 13:43:19,563 INFO  EvoClassLoader - Instrumenting class 'org.robolectric.Robolectric'.
2024-11-12 13:43:19,563 INFO  EvoClassLoader - Error while loading class: java.lang.ClassNotFoundException: Class 'org/robolectric/Robolectric.class' should be in target project, but could not be found!
2024-11-12 13:43:19,574 INFO  log - Logging initialized @61504ms to org.eclipse.jetty.util.log.Slf4jLog
2024-11-12 13:43:19,576 INFO  EvoClassLoader - Seeing class for first time: org.mockito.configuration.MockitoConfiguration
2024-11-12 13:43:19,576 INFO  EvoClassLoader - Instrumenting class 'org.mockito.configuration.MockitoConfiguration'.
2024-11-12 13:43:19,576 INFO  EvoClassLoader - Error while loading class: java.lang.ClassNotFoundException: Class 'org/mockito/configuration/MockitoConfiguration.class' should be in target project, but could not be found!
]]></system-out>
  </testcase>
  <testcase name="test084" classname="org.apache.hadoop.hdfs.qjournal.protocol.QJournalProtocolProtos_ESTest" time="0.02">
    <system-out><![CDATA[2024-11-12 13:43:19,581 INFO  EvoClassLoader - Seeing class for first time: libcore.io.Memory
2024-11-12 13:43:19,581 INFO  EvoClassLoader - Instrumenting class 'libcore.io.Memory'.
2024-11-12 13:43:19,581 INFO  EvoClassLoader - Error while loading class: java.lang.ClassNotFoundException: Class 'libcore/io/Memory.class' should be in target project, but could not be found!
2024-11-12 13:43:19,581 INFO  EvoClassLoader - Seeing class for first time: org.robolectric.Robolectric
2024-11-12 13:43:19,581 INFO  EvoClassLoader - Instrumenting class 'org.robolectric.Robolectric'.
2024-11-12 13:43:19,581 INFO  EvoClassLoader - Error while loading class: java.lang.ClassNotFoundException: Class 'org/robolectric/Robolectric.class' should be in target project, but could not be found!
2024-11-12 13:43:19,592 INFO  log - Logging initialized @61522ms to org.eclipse.jetty.util.log.Slf4jLog
2024-11-12 13:43:19,595 INFO  EvoClassLoader - Seeing class for first time: org.mockito.configuration.MockitoConfiguration
2024-11-12 13:43:19,595 INFO  EvoClassLoader - Instrumenting class 'org.mockito.configuration.MockitoConfiguration'.
2024-11-12 13:43:19,595 INFO  EvoClassLoader - Error while loading class: java.lang.ClassNotFoundException: Class 'org/mockito/configuration/MockitoConfiguration.class' should be in target project, but could not be found!
]]></system-out>
  </testcase>
  <testcase name="test085" classname="org.apache.hadoop.hdfs.qjournal.protocol.QJournalProtocolProtos_ESTest" time="0.021">
    <system-out><![CDATA[2024-11-12 13:43:19,601 INFO  EvoClassLoader - Seeing class for first time: libcore.io.Memory
2024-11-12 13:43:19,601 INFO  EvoClassLoader - Instrumenting class 'libcore.io.Memory'.
2024-11-12 13:43:19,601 INFO  EvoClassLoader - Error while loading class: java.lang.ClassNotFoundException: Class 'libcore/io/Memory.class' should be in target project, but could not be found!
2024-11-12 13:43:19,601 INFO  EvoClassLoader - Seeing class for first time: org.robolectric.Robolectric
2024-11-12 13:43:19,601 INFO  EvoClassLoader - Instrumenting class 'org.robolectric.Robolectric'.
2024-11-12 13:43:19,601 INFO  EvoClassLoader - Error while loading class: java.lang.ClassNotFoundException: Class 'org/robolectric/Robolectric.class' should be in target project, but could not be found!
2024-11-12 13:43:19,612 INFO  log - Logging initialized @61542ms to org.eclipse.jetty.util.log.Slf4jLog
2024-11-12 13:43:19,614 INFO  EvoClassLoader - Seeing class for first time: org.mockito.configuration.MockitoConfiguration
2024-11-12 13:43:19,614 INFO  EvoClassLoader - Instrumenting class 'org.mockito.configuration.MockitoConfiguration'.
2024-11-12 13:43:19,614 INFO  EvoClassLoader - Error while loading class: java.lang.ClassNotFoundException: Class 'org/mockito/configuration/MockitoConfiguration.class' should be in target project, but could not be found!
]]></system-out>
  </testcase>
  <testcase name="test082" classname="org.apache.hadoop.hdfs.qjournal.protocol.QJournalProtocolProtos_ESTest" time="0.019">
    <system-out><![CDATA[2024-11-12 13:43:19,621 INFO  EvoClassLoader - Seeing class for first time: libcore.io.Memory
2024-11-12 13:43:19,621 INFO  EvoClassLoader - Instrumenting class 'libcore.io.Memory'.
2024-11-12 13:43:19,622 INFO  EvoClassLoader - Error while loading class: java.lang.ClassNotFoundException: Class 'libcore/io/Memory.class' should be in target project, but could not be found!
2024-11-12 13:43:19,622 INFO  EvoClassLoader - Seeing class for first time: org.robolectric.Robolectric
2024-11-12 13:43:19,622 INFO  EvoClassLoader - Instrumenting class 'org.robolectric.Robolectric'.
2024-11-12 13:43:19,622 INFO  EvoClassLoader - Error while loading class: java.lang.ClassNotFoundException: Class 'org/robolectric/Robolectric.class' should be in target project, but could not be found!
2024-11-12 13:43:19,632 INFO  log - Logging initialized @61562ms to org.eclipse.jetty.util.log.Slf4jLog
2024-11-12 13:43:19,635 INFO  EvoClassLoader - Seeing class for first time: org.mockito.configuration.MockitoConfiguration
2024-11-12 13:43:19,635 INFO  EvoClassLoader - Instrumenting class 'org.mockito.configuration.MockitoConfiguration'.
2024-11-12 13:43:19,635 INFO  EvoClassLoader - Error while loading class: java.lang.ClassNotFoundException: Class 'org/mockito/configuration/MockitoConfiguration.class' should be in target project, but could not be found!
]]></system-out>
  </testcase>
  <testcase name="test083" classname="org.apache.hadoop.hdfs.qjournal.protocol.QJournalProtocolProtos_ESTest" time="0.021">
    <system-out><![CDATA[2024-11-12 13:43:19,640 INFO  EvoClassLoader - Seeing class for first time: libcore.io.Memory
2024-11-12 13:43:19,640 INFO  EvoClassLoader - Instrumenting class 'libcore.io.Memory'.
2024-11-12 13:43:19,641 INFO  EvoClassLoader - Error while loading class: java.lang.ClassNotFoundException: Class 'libcore/io/Memory.class' should be in target project, but could not be found!
2024-11-12 13:43:19,641 INFO  EvoClassLoader - Seeing class for first time: org.robolectric.Robolectric
2024-11-12 13:43:19,641 INFO  EvoClassLoader - Instrumenting class 'org.robolectric.Robolectric'.
2024-11-12 13:43:19,641 INFO  EvoClassLoader - Error while loading class: java.lang.ClassNotFoundException: Class 'org/robolectric/Robolectric.class' should be in target project, but could not be found!
2024-11-12 13:43:19,654 INFO  log - Logging initialized @61584ms to org.eclipse.jetty.util.log.Slf4jLog
2024-11-12 13:43:19,656 INFO  EvoClassLoader - Seeing class for first time: org.mockito.configuration.MockitoConfiguration
2024-11-12 13:43:19,656 INFO  EvoClassLoader - Instrumenting class 'org.mockito.configuration.MockitoConfiguration'.
2024-11-12 13:43:19,656 INFO  EvoClassLoader - Error while loading class: java.lang.ClassNotFoundException: Class 'org/mockito/configuration/MockitoConfiguration.class' should be in target project, but could not be found!
]]></system-out>
  </testcase>
  <testcase name="test000" classname="org.apache.hadoop.hdfs.qjournal.protocol.QJournalProtocolProtos_ESTest" time="0.034">
    <system-out><![CDATA[2024-11-12 13:43:19,662 INFO  EvoClassLoader - Seeing class for first time: libcore.io.Memory
2024-11-12 13:43:19,662 INFO  EvoClassLoader - Instrumenting class 'libcore.io.Memory'.
2024-11-12 13:43:19,662 INFO  EvoClassLoader - Error while loading class: java.lang.ClassNotFoundException: Class 'libcore/io/Memory.class' should be in target project, but could not be found!
2024-11-12 13:43:19,662 INFO  EvoClassLoader - Seeing class for first time: org.robolectric.Robolectric
2024-11-12 13:43:19,662 INFO  EvoClassLoader - Instrumenting class 'org.robolectric.Robolectric'.
2024-11-12 13:43:19,662 INFO  EvoClassLoader - Error while loading class: java.lang.ClassNotFoundException: Class 'org/robolectric/Robolectric.class' should be in target project, but could not be found!
2024-11-12 13:43:19,686 INFO  log - Logging initialized @61616ms to org.eclipse.jetty.util.log.Slf4jLog
2024-11-12 13:43:19,688 INFO  EvoClassLoader - Seeing class for first time: org.mockito.configuration.MockitoConfiguration
2024-11-12 13:43:19,688 INFO  EvoClassLoader - Instrumenting class 'org.mockito.configuration.MockitoConfiguration'.
2024-11-12 13:43:19,689 INFO  EvoClassLoader - Error while loading class: java.lang.ClassNotFoundException: Class 'org/mockito/configuration/MockitoConfiguration.class' should be in target project, but could not be found!
]]></system-out>
  </testcase>
  <testcase name="test088" classname="org.apache.hadoop.hdfs.qjournal.protocol.QJournalProtocolProtos_ESTest" time="0.018">
    <system-out><![CDATA[2024-11-12 13:43:19,695 INFO  EvoClassLoader - Seeing class for first time: libcore.io.Memory
2024-11-12 13:43:19,695 INFO  EvoClassLoader - Instrumenting class 'libcore.io.Memory'.
2024-11-12 13:43:19,695 INFO  EvoClassLoader - Error while loading class: java.lang.ClassNotFoundException: Class 'libcore/io/Memory.class' should be in target project, but could not be found!
2024-11-12 13:43:19,695 INFO  EvoClassLoader - Seeing class for first time: org.robolectric.Robolectric
2024-11-12 13:43:19,695 INFO  EvoClassLoader - Instrumenting class 'org.robolectric.Robolectric'.
2024-11-12 13:43:19,695 INFO  EvoClassLoader - Error while loading class: java.lang.ClassNotFoundException: Class 'org/robolectric/Robolectric.class' should be in target project, but could not be found!
2024-11-12 13:43:19,706 INFO  log - Logging initialized @61636ms to org.eclipse.jetty.util.log.Slf4jLog
2024-11-12 13:43:19,708 INFO  EvoClassLoader - Seeing class for first time: org.mockito.configuration.MockitoConfiguration
2024-11-12 13:43:19,708 INFO  EvoClassLoader - Instrumenting class 'org.mockito.configuration.MockitoConfiguration'.
2024-11-12 13:43:19,708 INFO  EvoClassLoader - Error while loading class: java.lang.ClassNotFoundException: Class 'org/mockito/configuration/MockitoConfiguration.class' should be in target project, but could not be found!
]]></system-out>
  </testcase>
  <testcase name="test001" classname="org.apache.hadoop.hdfs.qjournal.protocol.QJournalProtocolProtos_ESTest" time="0.035">
    <system-out><![CDATA[2024-11-12 13:43:19,729 INFO  EvoClassLoader - Seeing class for first time: libcore.io.Memory
2024-11-12 13:43:19,729 INFO  EvoClassLoader - Instrumenting class 'libcore.io.Memory'.
2024-11-12 13:43:19,729 INFO  EvoClassLoader - Error while loading class: java.lang.ClassNotFoundException: Class 'libcore/io/Memory.class' should be in target project, but could not be found!
2024-11-12 13:43:19,729 INFO  EvoClassLoader - Seeing class for first time: org.robolectric.Robolectric
2024-11-12 13:43:19,729 INFO  EvoClassLoader - Instrumenting class 'org.robolectric.Robolectric'.
2024-11-12 13:43:19,729 INFO  EvoClassLoader - Error while loading class: java.lang.ClassNotFoundException: Class 'org/robolectric/Robolectric.class' should be in target project, but could not be found!
2024-11-12 13:43:19,740 INFO  log - Logging initialized @61670ms to org.eclipse.jetty.util.log.Slf4jLog
2024-11-12 13:43:19,742 INFO  EvoClassLoader - Seeing class for first time: org.mockito.configuration.MockitoConfiguration
2024-11-12 13:43:19,742 INFO  EvoClassLoader - Instrumenting class 'org.mockito.configuration.MockitoConfiguration'.
2024-11-12 13:43:19,743 INFO  EvoClassLoader - Error while loading class: java.lang.ClassNotFoundException: Class 'org/mockito/configuration/MockitoConfiguration.class' should be in target project, but could not be found!
]]></system-out>
  </testcase>
  <testcase name="test089" classname="org.apache.hadoop.hdfs.qjournal.protocol.QJournalProtocolProtos_ESTest" time="0.024">
    <system-out><![CDATA[2024-11-12 13:43:19,748 INFO  EvoClassLoader - Seeing class for first time: libcore.io.Memory
2024-11-12 13:43:19,748 INFO  EvoClassLoader - Instrumenting class 'libcore.io.Memory'.
2024-11-12 13:43:19,748 INFO  EvoClassLoader - Error while loading class: java.lang.ClassNotFoundException: Class 'libcore/io/Memory.class' should be in target project, but could not be found!
2024-11-12 13:43:19,748 INFO  EvoClassLoader - Seeing class for first time: org.robolectric.Robolectric
2024-11-12 13:43:19,748 INFO  EvoClassLoader - Instrumenting class 'org.robolectric.Robolectric'.
2024-11-12 13:43:19,748 INFO  EvoClassLoader - Error while loading class: java.lang.ClassNotFoundException: Class 'org/robolectric/Robolectric.class' should be in target project, but could not be found!
2024-11-12 13:43:19,759 INFO  log - Logging initialized @61689ms to org.eclipse.jetty.util.log.Slf4jLog
2024-11-12 13:43:19,762 INFO  EvoClassLoader - Seeing class for first time: org.mockito.configuration.MockitoConfiguration
2024-11-12 13:43:19,762 INFO  EvoClassLoader - Instrumenting class 'org.mockito.configuration.MockitoConfiguration'.
2024-11-12 13:43:19,762 INFO  EvoClassLoader - Error while loading class: java.lang.ClassNotFoundException: Class 'org/mockito/configuration/MockitoConfiguration.class' should be in target project, but could not be found!
]]></system-out>
  </testcase>
  <testcase name="test086" classname="org.apache.hadoop.hdfs.qjournal.protocol.QJournalProtocolProtos_ESTest" time="0.027">
    <system-out><![CDATA[2024-11-12 13:43:19,770 INFO  EvoClassLoader - Seeing class for first time: libcore.io.Memory
2024-11-12 13:43:19,770 INFO  EvoClassLoader - Instrumenting class 'libcore.io.Memory'.
2024-11-12 13:43:19,770 INFO  EvoClassLoader - Error while loading class: java.lang.ClassNotFoundException: Class 'libcore/io/Memory.class' should be in target project, but could not be found!
2024-11-12 13:43:19,770 INFO  EvoClassLoader - Seeing class for first time: org.robolectric.Robolectric
2024-11-12 13:43:19,770 INFO  EvoClassLoader - Instrumenting class 'org.robolectric.Robolectric'.
2024-11-12 13:43:19,770 INFO  EvoClassLoader - Error while loading class: java.lang.ClassNotFoundException: Class 'org/robolectric/Robolectric.class' should be in target project, but could not be found!
2024-11-12 13:43:19,785 INFO  log - Logging initialized @61715ms to org.eclipse.jetty.util.log.Slf4jLog
2024-11-12 13:43:19,790 INFO  EvoClassLoader - Seeing class for first time: org.mockito.configuration.MockitoConfiguration
2024-11-12 13:43:19,790 INFO  EvoClassLoader - Instrumenting class 'org.mockito.configuration.MockitoConfiguration'.
2024-11-12 13:43:19,790 INFO  EvoClassLoader - Error while loading class: java.lang.ClassNotFoundException: Class 'org/mockito/configuration/MockitoConfiguration.class' should be in target project, but could not be found!
]]></system-out>
  </testcase>
  <testcase name="test087" classname="org.apache.hadoop.hdfs.qjournal.protocol.QJournalProtocolProtos_ESTest" time="0.025">
    <system-out><![CDATA[2024-11-12 13:43:19,797 INFO  EvoClassLoader - Seeing class for first time: libcore.io.Memory
2024-11-12 13:43:19,797 INFO  EvoClassLoader - Instrumenting class 'libcore.io.Memory'.
2024-11-12 13:43:19,798 INFO  EvoClassLoader - Error while loading class: java.lang.ClassNotFoundException: Class 'libcore/io/Memory.class' should be in target project, but could not be found!
2024-11-12 13:43:19,798 INFO  EvoClassLoader - Seeing class for first time: org.robolectric.Robolectric
2024-11-12 13:43:19,798 INFO  EvoClassLoader - Instrumenting class 'org.robolectric.Robolectric'.
2024-11-12 13:43:19,798 INFO  EvoClassLoader - Error while loading class: java.lang.ClassNotFoundException: Class 'org/robolectric/Robolectric.class' should be in target project, but could not be found!
2024-11-12 13:43:19,810 INFO  log - Logging initialized @61740ms to org.eclipse.jetty.util.log.Slf4jLog
2024-11-12 13:43:19,813 INFO  EvoClassLoader - Seeing class for first time: org.mockito.configuration.MockitoConfiguration
2024-11-12 13:43:19,813 INFO  EvoClassLoader - Instrumenting class 'org.mockito.configuration.MockitoConfiguration'.
2024-11-12 13:43:19,813 INFO  EvoClassLoader - Error while loading class: java.lang.ClassNotFoundException: Class 'org/mockito/configuration/MockitoConfiguration.class' should be in target project, but could not be found!
]]></system-out>
  </testcase>
  <testcase name="test120" classname="org.apache.hadoop.hdfs.qjournal.protocol.QJournalProtocolProtos_ESTest" time="0.019">
    <system-out><![CDATA[2024-11-12 13:43:19,822 INFO  EvoClassLoader - Seeing class for first time: libcore.io.Memory
2024-11-12 13:43:19,822 INFO  EvoClassLoader - Instrumenting class 'libcore.io.Memory'.
2024-11-12 13:43:19,822 INFO  EvoClassLoader - Error while loading class: java.lang.ClassNotFoundException: Class 'libcore/io/Memory.class' should be in target project, but could not be found!
2024-11-12 13:43:19,822 INFO  EvoClassLoader - Seeing class for first time: org.robolectric.Robolectric
2024-11-12 13:43:19,822 INFO  EvoClassLoader - Instrumenting class 'org.robolectric.Robolectric'.
2024-11-12 13:43:19,823 INFO  EvoClassLoader - Error while loading class: java.lang.ClassNotFoundException: Class 'org/robolectric/Robolectric.class' should be in target project, but could not be found!
2024-11-12 13:43:19,835 INFO  log - Logging initialized @61765ms to org.eclipse.jetty.util.log.Slf4jLog
2024-11-12 13:43:19,837 INFO  EvoClassLoader - Seeing class for first time: org.mockito.configuration.MockitoConfiguration
2024-11-12 13:43:19,837 INFO  EvoClassLoader - Instrumenting class 'org.mockito.configuration.MockitoConfiguration'.
2024-11-12 13:43:19,837 INFO  EvoClassLoader - Error while loading class: java.lang.ClassNotFoundException: Class 'org/mockito/configuration/MockitoConfiguration.class' should be in target project, but could not be found!
]]></system-out>
  </testcase>
  <testcase name="test080" classname="org.apache.hadoop.hdfs.qjournal.protocol.QJournalProtocolProtos_ESTest" time="0.022">
    <system-out><![CDATA[2024-11-12 13:43:19,844 INFO  EvoClassLoader - Seeing class for first time: libcore.io.Memory
2024-11-12 13:43:19,844 INFO  EvoClassLoader - Instrumenting class 'libcore.io.Memory'.
2024-11-12 13:43:19,844 INFO  EvoClassLoader - Error while loading class: java.lang.ClassNotFoundException: Class 'libcore/io/Memory.class' should be in target project, but could not be found!
2024-11-12 13:43:19,844 INFO  EvoClassLoader - Seeing class for first time: org.robolectric.Robolectric
2024-11-12 13:43:19,844 INFO  EvoClassLoader - Instrumenting class 'org.robolectric.Robolectric'.
2024-11-12 13:43:19,844 INFO  EvoClassLoader - Error while loading class: java.lang.ClassNotFoundException: Class 'org/robolectric/Robolectric.class' should be in target project, but could not be found!
2024-11-12 13:43:19,858 INFO  log - Logging initialized @61788ms to org.eclipse.jetty.util.log.Slf4jLog
2024-11-12 13:43:19,860 INFO  EvoClassLoader - Seeing class for first time: org.mockito.configuration.MockitoConfiguration
2024-11-12 13:43:19,860 INFO  EvoClassLoader - Instrumenting class 'org.mockito.configuration.MockitoConfiguration'.
2024-11-12 13:43:19,860 INFO  EvoClassLoader - Error while loading class: java.lang.ClassNotFoundException: Class 'org/mockito/configuration/MockitoConfiguration.class' should be in target project, but could not be found!
]]></system-out>
  </testcase>
  <testcase name="test081" classname="org.apache.hadoop.hdfs.qjournal.protocol.QJournalProtocolProtos_ESTest" time="0.022">
    <system-out><![CDATA[2024-11-12 13:43:19,865 INFO  EvoClassLoader - Seeing class for first time: libcore.io.Memory
2024-11-12 13:43:19,865 INFO  EvoClassLoader - Instrumenting class 'libcore.io.Memory'.
2024-11-12 13:43:19,866 INFO  EvoClassLoader - Error while loading class: java.lang.ClassNotFoundException: Class 'libcore/io/Memory.class' should be in target project, but could not be found!
2024-11-12 13:43:19,866 INFO  EvoClassLoader - Seeing class for first time: org.robolectric.Robolectric
2024-11-12 13:43:19,866 INFO  EvoClassLoader - Instrumenting class 'org.robolectric.Robolectric'.
2024-11-12 13:43:19,866 INFO  EvoClassLoader - Error while loading class: java.lang.ClassNotFoundException: Class 'org/robolectric/Robolectric.class' should be in target project, but could not be found!
2024-11-12 13:43:19,876 INFO  log - Logging initialized @61806ms to org.eclipse.jetty.util.log.Slf4jLog
2024-11-12 13:43:19,878 INFO  EvoClassLoader - Seeing class for first time: org.mockito.configuration.MockitoConfiguration
2024-11-12 13:43:19,878 INFO  EvoClassLoader - Instrumenting class 'org.mockito.configuration.MockitoConfiguration'.
2024-11-12 13:43:19,878 INFO  EvoClassLoader - Error while loading class: java.lang.ClassNotFoundException: Class 'org/mockito/configuration/MockitoConfiguration.class' should be in target project, but could not be found!
]]></system-out>
  </testcase>
  <testcase name="test004" classname="org.apache.hadoop.hdfs.qjournal.protocol.QJournalProtocolProtos_ESTest" time="0.018">
    <system-out><![CDATA[2024-11-12 13:43:19,884 INFO  EvoClassLoader - Seeing class for first time: libcore.io.Memory
2024-11-12 13:43:19,884 INFO  EvoClassLoader - Instrumenting class 'libcore.io.Memory'.
2024-11-12 13:43:19,885 INFO  EvoClassLoader - Error while loading class: java.lang.ClassNotFoundException: Class 'libcore/io/Memory.class' should be in target project, but could not be found!
2024-11-12 13:43:19,885 INFO  EvoClassLoader - Seeing class for first time: org.robolectric.Robolectric
2024-11-12 13:43:19,885 INFO  EvoClassLoader - Instrumenting class 'org.robolectric.Robolectric'.
2024-11-12 13:43:19,885 INFO  EvoClassLoader - Error while loading class: java.lang.ClassNotFoundException: Class 'org/robolectric/Robolectric.class' should be in target project, but could not be found!
2024-11-12 13:43:19,897 INFO  log - Logging initialized @61827ms to org.eclipse.jetty.util.log.Slf4jLog
2024-11-12 13:43:19,899 INFO  EvoClassLoader - Seeing class for first time: org.mockito.configuration.MockitoConfiguration
2024-11-12 13:43:19,899 INFO  EvoClassLoader - Instrumenting class 'org.mockito.configuration.MockitoConfiguration'.
2024-11-12 13:43:19,899 INFO  EvoClassLoader - Error while loading class: java.lang.ClassNotFoundException: Class 'org/mockito/configuration/MockitoConfiguration.class' should be in target project, but could not be found!
]]></system-out>
  </testcase>
  <testcase name="test005" classname="org.apache.hadoop.hdfs.qjournal.protocol.QJournalProtocolProtos_ESTest" time="0.021">
    <system-out><![CDATA[2024-11-12 13:43:19,906 INFO  EvoClassLoader - Seeing class for first time: libcore.io.Memory
2024-11-12 13:43:19,906 INFO  EvoClassLoader - Instrumenting class 'libcore.io.Memory'.
2024-11-12 13:43:19,906 INFO  EvoClassLoader - Error while loading class: java.lang.ClassNotFoundException: Class 'libcore/io/Memory.class' should be in target project, but could not be found!
2024-11-12 13:43:19,906 INFO  EvoClassLoader - Seeing class for first time: org.robolectric.Robolectric
2024-11-12 13:43:19,906 INFO  EvoClassLoader - Instrumenting class 'org.robolectric.Robolectric'.
2024-11-12 13:43:19,906 INFO  EvoClassLoader - Error while loading class: java.lang.ClassNotFoundException: Class 'org/robolectric/Robolectric.class' should be in target project, but could not be found!
2024-11-12 13:43:19,918 INFO  log - Logging initialized @61848ms to org.eclipse.jetty.util.log.Slf4jLog
2024-11-12 13:43:19,920 INFO  EvoClassLoader - Seeing class for first time: org.mockito.configuration.MockitoConfiguration
2024-11-12 13:43:19,920 INFO  EvoClassLoader - Instrumenting class 'org.mockito.configuration.MockitoConfiguration'.
2024-11-12 13:43:19,921 INFO  EvoClassLoader - Error while loading class: java.lang.ClassNotFoundException: Class 'org/mockito/configuration/MockitoConfiguration.class' should be in target project, but could not be found!
]]></system-out>
  </testcase>
  <testcase name="test002" classname="org.apache.hadoop.hdfs.qjournal.protocol.QJournalProtocolProtos_ESTest" time="0.018">
    <system-out><![CDATA[2024-11-12 13:43:19,926 INFO  EvoClassLoader - Seeing class for first time: libcore.io.Memory
2024-11-12 13:43:19,926 INFO  EvoClassLoader - Instrumenting class 'libcore.io.Memory'.
2024-11-12 13:43:19,926 INFO  EvoClassLoader - Error while loading class: java.lang.ClassNotFoundException: Class 'libcore/io/Memory.class' should be in target project, but could not be found!
2024-11-12 13:43:19,926 INFO  EvoClassLoader - Seeing class for first time: org.robolectric.Robolectric
2024-11-12 13:43:19,926 INFO  EvoClassLoader - Instrumenting class 'org.robolectric.Robolectric'.
2024-11-12 13:43:19,926 INFO  EvoClassLoader - Error while loading class: java.lang.ClassNotFoundException: Class 'org/robolectric/Robolectric.class' should be in target project, but could not be found!
2024-11-12 13:43:19,938 INFO  log - Logging initialized @61868ms to org.eclipse.jetty.util.log.Slf4jLog
2024-11-12 13:43:19,940 INFO  EvoClassLoader - Seeing class for first time: org.mockito.configuration.MockitoConfiguration
2024-11-12 13:43:19,940 INFO  EvoClassLoader - Instrumenting class 'org.mockito.configuration.MockitoConfiguration'.
2024-11-12 13:43:19,940 INFO  EvoClassLoader - Error while loading class: java.lang.ClassNotFoundException: Class 'org/mockito/configuration/MockitoConfiguration.class' should be in target project, but could not be found!
]]></system-out>
  </testcase>
  <testcase name="test003" classname="org.apache.hadoop.hdfs.qjournal.protocol.QJournalProtocolProtos_ESTest" time="0.021">
    <system-out><![CDATA[2024-11-12 13:43:19,946 INFO  EvoClassLoader - Seeing class for first time: libcore.io.Memory
2024-11-12 13:43:19,946 INFO  EvoClassLoader - Instrumenting class 'libcore.io.Memory'.
2024-11-12 13:43:19,946 INFO  EvoClassLoader - Error while loading class: java.lang.ClassNotFoundException: Class 'libcore/io/Memory.class' should be in target project, but could not be found!
2024-11-12 13:43:19,946 INFO  EvoClassLoader - Seeing class for first time: org.robolectric.Robolectric
2024-11-12 13:43:19,946 INFO  EvoClassLoader - Instrumenting class 'org.robolectric.Robolectric'.
2024-11-12 13:43:19,946 INFO  EvoClassLoader - Error while loading class: java.lang.ClassNotFoundException: Class 'org/robolectric/Robolectric.class' should be in target project, but could not be found!
2024-11-12 13:43:19,958 INFO  log - Logging initialized @61888ms to org.eclipse.jetty.util.log.Slf4jLog
2024-11-12 13:43:19,960 INFO  EvoClassLoader - Seeing class for first time: org.mockito.configuration.MockitoConfiguration
2024-11-12 13:43:19,960 INFO  EvoClassLoader - Instrumenting class 'org.mockito.configuration.MockitoConfiguration'.
2024-11-12 13:43:19,960 INFO  EvoClassLoader - Error while loading class: java.lang.ClassNotFoundException: Class 'org/mockito/configuration/MockitoConfiguration.class' should be in target project, but could not be found!
]]></system-out>
  </testcase>
  <testcase name="test008" classname="org.apache.hadoop.hdfs.qjournal.protocol.QJournalProtocolProtos_ESTest" time="0.019">
    <system-out><![CDATA[2024-11-12 13:43:19,966 INFO  EvoClassLoader - Seeing class for first time: libcore.io.Memory
2024-11-12 13:43:19,966 INFO  EvoClassLoader - Instrumenting class 'libcore.io.Memory'.
2024-11-12 13:43:19,967 INFO  EvoClassLoader - Error while loading class: java.lang.ClassNotFoundException: Class 'libcore/io/Memory.class' should be in target project, but could not be found!
2024-11-12 13:43:19,967 INFO  EvoClassLoader - Seeing class for first time: org.robolectric.Robolectric
2024-11-12 13:43:19,967 INFO  EvoClassLoader - Instrumenting class 'org.robolectric.Robolectric'.
2024-11-12 13:43:19,967 INFO  EvoClassLoader - Error while loading class: java.lang.ClassNotFoundException: Class 'org/robolectric/Robolectric.class' should be in target project, but could not be found!
2024-11-12 13:43:19,977 INFO  log - Logging initialized @61907ms to org.eclipse.jetty.util.log.Slf4jLog
2024-11-12 13:43:19,979 INFO  EvoClassLoader - Seeing class for first time: org.mockito.configuration.MockitoConfiguration
2024-11-12 13:43:19,979 INFO  EvoClassLoader - Instrumenting class 'org.mockito.configuration.MockitoConfiguration'.
2024-11-12 13:43:19,979 INFO  EvoClassLoader - Error while loading class: java.lang.ClassNotFoundException: Class 'org/mockito/configuration/MockitoConfiguration.class' should be in target project, but could not be found!
]]></system-out>
  </testcase>
  <testcase name="test009" classname="org.apache.hadoop.hdfs.qjournal.protocol.QJournalProtocolProtos_ESTest" time="0.019">
    <system-out><![CDATA[2024-11-12 13:43:19,985 INFO  EvoClassLoader - Seeing class for first time: libcore.io.Memory
2024-11-12 13:43:19,985 INFO  EvoClassLoader - Instrumenting class 'libcore.io.Memory'.
2024-11-12 13:43:19,985 INFO  EvoClassLoader - Error while loading class: java.lang.ClassNotFoundException: Class 'libcore/io/Memory.class' should be in target project, but could not be found!
2024-11-12 13:43:19,985 INFO  EvoClassLoader - Seeing class for first time: org.robolectric.Robolectric
2024-11-12 13:43:19,985 INFO  EvoClassLoader - Instrumenting class 'org.robolectric.Robolectric'.
2024-11-12 13:43:19,985 INFO  EvoClassLoader - Error while loading class: java.lang.ClassNotFoundException: Class 'org/robolectric/Robolectric.class' should be in target project, but could not be found!
2024-11-12 13:43:19,996 INFO  log - Logging initialized @61926ms to org.eclipse.jetty.util.log.Slf4jLog
2024-11-12 13:43:19,998 INFO  EvoClassLoader - Seeing class for first time: org.mockito.configuration.MockitoConfiguration
2024-11-12 13:43:19,998 INFO  EvoClassLoader - Instrumenting class 'org.mockito.configuration.MockitoConfiguration'.
2024-11-12 13:43:19,998 INFO  EvoClassLoader - Error while loading class: java.lang.ClassNotFoundException: Class 'org/mockito/configuration/MockitoConfiguration.class' should be in target project, but could not be found!
]]></system-out>
  </testcase>
  <testcase name="test006" classname="org.apache.hadoop.hdfs.qjournal.protocol.QJournalProtocolProtos_ESTest" time="0.02">
    <system-out><![CDATA[2024-11-12 13:43:20,004 INFO  EvoClassLoader - Seeing class for first time: libcore.io.Memory
2024-11-12 13:43:20,004 INFO  EvoClassLoader - Instrumenting class 'libcore.io.Memory'.
2024-11-12 13:43:20,004 INFO  EvoClassLoader - Error while loading class: java.lang.ClassNotFoundException: Class 'libcore/io/Memory.class' should be in target project, but could not be found!
2024-11-12 13:43:20,004 INFO  EvoClassLoader - Seeing class for first time: org.robolectric.Robolectric
2024-11-12 13:43:20,004 INFO  EvoClassLoader - Instrumenting class 'org.robolectric.Robolectric'.
2024-11-12 13:43:20,004 INFO  EvoClassLoader - Error while loading class: java.lang.ClassNotFoundException: Class 'org/robolectric/Robolectric.class' should be in target project, but could not be found!
2024-11-12 13:43:20,014 INFO  log - Logging initialized @61944ms to org.eclipse.jetty.util.log.Slf4jLog
2024-11-12 13:43:20,017 INFO  EvoClassLoader - Seeing class for first time: org.mockito.configuration.MockitoConfiguration
2024-11-12 13:43:20,017 INFO  EvoClassLoader - Instrumenting class 'org.mockito.configuration.MockitoConfiguration'.
2024-11-12 13:43:20,017 INFO  EvoClassLoader - Error while loading class: java.lang.ClassNotFoundException: Class 'org/mockito/configuration/MockitoConfiguration.class' should be in target project, but could not be found!
]]></system-out>
  </testcase>
  <testcase name="test007" classname="org.apache.hadoop.hdfs.qjournal.protocol.QJournalProtocolProtos_ESTest" time="0.02">
    <system-out><![CDATA[2024-11-12 13:43:20,024 INFO  EvoClassLoader - Seeing class for first time: libcore.io.Memory
2024-11-12 13:43:20,024 INFO  EvoClassLoader - Instrumenting class 'libcore.io.Memory'.
2024-11-12 13:43:20,024 INFO  EvoClassLoader - Error while loading class: java.lang.ClassNotFoundException: Class 'libcore/io/Memory.class' should be in target project, but could not be found!
2024-11-12 13:43:20,024 INFO  EvoClassLoader - Seeing class for first time: org.robolectric.Robolectric
2024-11-12 13:43:20,024 INFO  EvoClassLoader - Instrumenting class 'org.robolectric.Robolectric'.
2024-11-12 13:43:20,024 INFO  EvoClassLoader - Error while loading class: java.lang.ClassNotFoundException: Class 'org/robolectric/Robolectric.class' should be in target project, but could not be found!
2024-11-12 13:43:20,035 INFO  log - Logging initialized @61965ms to org.eclipse.jetty.util.log.Slf4jLog
2024-11-12 13:43:20,037 INFO  EvoClassLoader - Seeing class for first time: org.mockito.configuration.MockitoConfiguration
2024-11-12 13:43:20,037 INFO  EvoClassLoader - Instrumenting class 'org.mockito.configuration.MockitoConfiguration'.
2024-11-12 13:43:20,037 INFO  EvoClassLoader - Error while loading class: java.lang.ClassNotFoundException: Class 'org/mockito/configuration/MockitoConfiguration.class' should be in target project, but could not be found!
]]></system-out>
  </testcase>
  <testcase name="test095" classname="org.apache.hadoop.hdfs.qjournal.protocol.QJournalProtocolProtos_ESTest" time="0.019">
    <system-out><![CDATA[2024-11-12 13:43:20,043 INFO  EvoClassLoader - Seeing class for first time: libcore.io.Memory
2024-11-12 13:43:20,043 INFO  EvoClassLoader - Instrumenting class 'libcore.io.Memory'.
2024-11-12 13:43:20,043 INFO  EvoClassLoader - Error while loading class: java.lang.ClassNotFoundException: Class 'libcore/io/Memory.class' should be in target project, but could not be found!
2024-11-12 13:43:20,043 INFO  EvoClassLoader - Seeing class for first time: org.robolectric.Robolectric
2024-11-12 13:43:20,043 INFO  EvoClassLoader - Instrumenting class 'org.robolectric.Robolectric'.
2024-11-12 13:43:20,043 INFO  EvoClassLoader - Error while loading class: java.lang.ClassNotFoundException: Class 'org/robolectric/Robolectric.class' should be in target project, but could not be found!
2024-11-12 13:43:20,055 INFO  log - Logging initialized @61985ms to org.eclipse.jetty.util.log.Slf4jLog
2024-11-12 13:43:20,057 INFO  EvoClassLoader - Seeing class for first time: org.mockito.configuration.MockitoConfiguration
2024-11-12 13:43:20,057 INFO  EvoClassLoader - Instrumenting class 'org.mockito.configuration.MockitoConfiguration'.
2024-11-12 13:43:20,057 INFO  EvoClassLoader - Error while loading class: java.lang.ClassNotFoundException: Class 'org/mockito/configuration/MockitoConfiguration.class' should be in target project, but could not be found!
]]></system-out>
  </testcase>
  <testcase name="test096" classname="org.apache.hadoop.hdfs.qjournal.protocol.QJournalProtocolProtos_ESTest" time="0.022">
    <system-out><![CDATA[2024-11-12 13:43:20,063 INFO  EvoClassLoader - Seeing class for first time: libcore.io.Memory
2024-11-12 13:43:20,063 INFO  EvoClassLoader - Instrumenting class 'libcore.io.Memory'.
2024-11-12 13:43:20,063 INFO  EvoClassLoader - Error while loading class: java.lang.ClassNotFoundException: Class 'libcore/io/Memory.class' should be in target project, but could not be found!
2024-11-12 13:43:20,063 INFO  EvoClassLoader - Seeing class for first time: org.robolectric.Robolectric
2024-11-12 13:43:20,063 INFO  EvoClassLoader - Instrumenting class 'org.robolectric.Robolectric'.
2024-11-12 13:43:20,063 INFO  EvoClassLoader - Error while loading class: java.lang.ClassNotFoundException: Class 'org/robolectric/Robolectric.class' should be in target project, but could not be found!
2024-11-12 13:43:20,073 INFO  log - Logging initialized @62003ms to org.eclipse.jetty.util.log.Slf4jLog
2024-11-12 13:43:20,076 INFO  EvoClassLoader - Seeing class for first time: org.mockito.configuration.MockitoConfiguration
2024-11-12 13:43:20,076 INFO  EvoClassLoader - Instrumenting class 'org.mockito.configuration.MockitoConfiguration'.
2024-11-12 13:43:20,076 INFO  EvoClassLoader - Error while loading class: java.lang.ClassNotFoundException: Class 'org/mockito/configuration/MockitoConfiguration.class' should be in target project, but could not be found!
]]></system-out>
  </testcase>
  <testcase name="test093" classname="org.apache.hadoop.hdfs.qjournal.protocol.QJournalProtocolProtos_ESTest" time="0.016">
    <system-out><![CDATA[2024-11-12 13:43:20,084 INFO  EvoClassLoader - Seeing class for first time: libcore.io.Memory
2024-11-12 13:43:20,084 INFO  EvoClassLoader - Instrumenting class 'libcore.io.Memory'.
2024-11-12 13:43:20,084 INFO  EvoClassLoader - Error while loading class: java.lang.ClassNotFoundException: Class 'libcore/io/Memory.class' should be in target project, but could not be found!
2024-11-12 13:43:20,084 INFO  EvoClassLoader - Seeing class for first time: org.robolectric.Robolectric
2024-11-12 13:43:20,084 INFO  EvoClassLoader - Instrumenting class 'org.robolectric.Robolectric'.
2024-11-12 13:43:20,084 INFO  EvoClassLoader - Error while loading class: java.lang.ClassNotFoundException: Class 'org/robolectric/Robolectric.class' should be in target project, but could not be found!
2024-11-12 13:43:20,093 INFO  log - Logging initialized @62023ms to org.eclipse.jetty.util.log.Slf4jLog
2024-11-12 13:43:20,095 INFO  EvoClassLoader - Seeing class for first time: org.mockito.configuration.MockitoConfiguration
2024-11-12 13:43:20,095 INFO  EvoClassLoader - Instrumenting class 'org.mockito.configuration.MockitoConfiguration'.
2024-11-12 13:43:20,095 INFO  EvoClassLoader - Error while loading class: java.lang.ClassNotFoundException: Class 'org/mockito/configuration/MockitoConfiguration.class' should be in target project, but could not be found!
]]></system-out>
  </testcase>
  <testcase name="test094" classname="org.apache.hadoop.hdfs.qjournal.protocol.QJournalProtocolProtos_ESTest" time="0.019">
    <system-out><![CDATA[2024-11-12 13:43:20,100 INFO  EvoClassLoader - Seeing class for first time: libcore.io.Memory
2024-11-12 13:43:20,100 INFO  EvoClassLoader - Instrumenting class 'libcore.io.Memory'.
2024-11-12 13:43:20,100 INFO  EvoClassLoader - Error while loading class: java.lang.ClassNotFoundException: Class 'libcore/io/Memory.class' should be in target project, but could not be found!
2024-11-12 13:43:20,100 INFO  EvoClassLoader - Seeing class for first time: org.robolectric.Robolectric
2024-11-12 13:43:20,100 INFO  EvoClassLoader - Instrumenting class 'org.robolectric.Robolectric'.
2024-11-12 13:43:20,100 INFO  EvoClassLoader - Error while loading class: java.lang.ClassNotFoundException: Class 'org/robolectric/Robolectric.class' should be in target project, but could not be found!
2024-11-12 13:43:20,111 INFO  log - Logging initialized @62041ms to org.eclipse.jetty.util.log.Slf4jLog
2024-11-12 13:43:20,113 INFO  EvoClassLoader - Seeing class for first time: org.mockito.configuration.MockitoConfiguration
2024-11-12 13:43:20,113 INFO  EvoClassLoader - Instrumenting class 'org.mockito.configuration.MockitoConfiguration'.
2024-11-12 13:43:20,113 INFO  EvoClassLoader - Error while loading class: java.lang.ClassNotFoundException: Class 'org/mockito/configuration/MockitoConfiguration.class' should be in target project, but could not be found!
]]></system-out>
  </testcase>
  <testcase name="test011" classname="org.apache.hadoop.hdfs.qjournal.protocol.QJournalProtocolProtos_ESTest" time="0.018">
    <system-out><![CDATA[2024-11-12 13:43:20,119 INFO  EvoClassLoader - Seeing class for first time: libcore.io.Memory
2024-11-12 13:43:20,119 INFO  EvoClassLoader - Instrumenting class 'libcore.io.Memory'.
2024-11-12 13:43:20,120 INFO  EvoClassLoader - Error while loading class: java.lang.ClassNotFoundException: Class 'libcore/io/Memory.class' should be in target project, but could not be found!
2024-11-12 13:43:20,120 INFO  EvoClassLoader - Seeing class for first time: org.robolectric.Robolectric
2024-11-12 13:43:20,120 INFO  EvoClassLoader - Instrumenting class 'org.robolectric.Robolectric'.
2024-11-12 13:43:20,120 INFO  EvoClassLoader - Error while loading class: java.lang.ClassNotFoundException: Class 'org/robolectric/Robolectric.class' should be in target project, but could not be found!
2024-11-12 13:43:20,129 INFO  log - Logging initialized @62059ms to org.eclipse.jetty.util.log.Slf4jLog
2024-11-12 13:43:20,132 INFO  EvoClassLoader - Seeing class for first time: org.mockito.configuration.MockitoConfiguration
2024-11-12 13:43:20,132 INFO  EvoClassLoader - Instrumenting class 'org.mockito.configuration.MockitoConfiguration'.
2024-11-12 13:43:20,132 INFO  EvoClassLoader - Error while loading class: java.lang.ClassNotFoundException: Class 'org/mockito/configuration/MockitoConfiguration.class' should be in target project, but could not be found!
]]></system-out>
  </testcase>
  <testcase name="test099" classname="org.apache.hadoop.hdfs.qjournal.protocol.QJournalProtocolProtos_ESTest" time="0.021">
    <system-out><![CDATA[2024-11-12 13:43:20,137 INFO  EvoClassLoader - Seeing class for first time: libcore.io.Memory
2024-11-12 13:43:20,137 INFO  EvoClassLoader - Instrumenting class 'libcore.io.Memory'.
2024-11-12 13:43:20,137 INFO  EvoClassLoader - Error while loading class: java.lang.ClassNotFoundException: Class 'libcore/io/Memory.class' should be in target project, but could not be found!
2024-11-12 13:43:20,137 INFO  EvoClassLoader - Seeing class for first time: org.robolectric.Robolectric
2024-11-12 13:43:20,137 INFO  EvoClassLoader - Instrumenting class 'org.robolectric.Robolectric'.
2024-11-12 13:43:20,138 INFO  EvoClassLoader - Error while loading class: java.lang.ClassNotFoundException: Class 'org/robolectric/Robolectric.class' should be in target project, but could not be found!
2024-11-12 13:43:20,148 INFO  log - Logging initialized @62078ms to org.eclipse.jetty.util.log.Slf4jLog
2024-11-12 13:43:20,152 INFO  EvoClassLoader - Seeing class for first time: org.mockito.configuration.MockitoConfiguration
2024-11-12 13:43:20,152 INFO  EvoClassLoader - Instrumenting class 'org.mockito.configuration.MockitoConfiguration'.
2024-11-12 13:43:20,152 INFO  EvoClassLoader - Error while loading class: java.lang.ClassNotFoundException: Class 'org/mockito/configuration/MockitoConfiguration.class' should be in target project, but could not be found!
]]></system-out>
  </testcase>
  <testcase name="test012" classname="org.apache.hadoop.hdfs.qjournal.protocol.QJournalProtocolProtos_ESTest" time="0.019">
    <system-out><![CDATA[2024-11-12 13:43:20,158 INFO  EvoClassLoader - Seeing class for first time: libcore.io.Memory
2024-11-12 13:43:20,158 INFO  EvoClassLoader - Instrumenting class 'libcore.io.Memory'.
2024-11-12 13:43:20,158 INFO  EvoClassLoader - Error while loading class: java.lang.ClassNotFoundException: Class 'libcore/io/Memory.class' should be in target project, but could not be found!
2024-11-12 13:43:20,158 INFO  EvoClassLoader - Seeing class for first time: org.robolectric.Robolectric
2024-11-12 13:43:20,158 INFO  EvoClassLoader - Instrumenting class 'org.robolectric.Robolectric'.
2024-11-12 13:43:20,158 INFO  EvoClassLoader - Error while loading class: java.lang.ClassNotFoundException: Class 'org/robolectric/Robolectric.class' should be in target project, but could not be found!
2024-11-12 13:43:20,169 INFO  log - Logging initialized @62099ms to org.eclipse.jetty.util.log.Slf4jLog
2024-11-12 13:43:20,171 INFO  EvoClassLoader - Seeing class for first time: org.mockito.configuration.MockitoConfiguration
2024-11-12 13:43:20,171 INFO  EvoClassLoader - Instrumenting class 'org.mockito.configuration.MockitoConfiguration'.
2024-11-12 13:43:20,171 INFO  EvoClassLoader - Error while loading class: java.lang.ClassNotFoundException: Class 'org/mockito/configuration/MockitoConfiguration.class' should be in target project, but could not be found!
]]></system-out>
  </testcase>
  <testcase name="test097" classname="org.apache.hadoop.hdfs.qjournal.protocol.QJournalProtocolProtos_ESTest" time="0.02">
    <system-out><![CDATA[2024-11-12 13:43:20,178 INFO  EvoClassLoader - Seeing class for first time: libcore.io.Memory
2024-11-12 13:43:20,178 INFO  EvoClassLoader - Instrumenting class 'libcore.io.Memory'.
2024-11-12 13:43:20,178 INFO  EvoClassLoader - Error while loading class: java.lang.ClassNotFoundException: Class 'libcore/io/Memory.class' should be in target project, but could not be found!
2024-11-12 13:43:20,178 INFO  EvoClassLoader - Seeing class for first time: org.robolectric.Robolectric
2024-11-12 13:43:20,178 INFO  EvoClassLoader - Instrumenting class 'org.robolectric.Robolectric'.
2024-11-12 13:43:20,178 INFO  EvoClassLoader - Error while loading class: java.lang.ClassNotFoundException: Class 'org/robolectric/Robolectric.class' should be in target project, but could not be found!
2024-11-12 13:43:20,189 INFO  log - Logging initialized @62119ms to org.eclipse.jetty.util.log.Slf4jLog
2024-11-12 13:43:20,192 INFO  EvoClassLoader - Seeing class for first time: org.mockito.configuration.MockitoConfiguration
2024-11-12 13:43:20,192 INFO  EvoClassLoader - Instrumenting class 'org.mockito.configuration.MockitoConfiguration'.
2024-11-12 13:43:20,192 INFO  EvoClassLoader - Error while loading class: java.lang.ClassNotFoundException: Class 'org/mockito/configuration/MockitoConfiguration.class' should be in target project, but could not be found!
]]></system-out>
  </testcase>
  <testcase name="test010" classname="org.apache.hadoop.hdfs.qjournal.protocol.QJournalProtocolProtos_ESTest" time="0.019">
    <system-out><![CDATA[2024-11-12 13:43:20,197 INFO  EvoClassLoader - Seeing class for first time: libcore.io.Memory
2024-11-12 13:43:20,197 INFO  EvoClassLoader - Instrumenting class 'libcore.io.Memory'.
2024-11-12 13:43:20,197 INFO  EvoClassLoader - Error while loading class: java.lang.ClassNotFoundException: Class 'libcore/io/Memory.class' should be in target project, but could not be found!
2024-11-12 13:43:20,197 INFO  EvoClassLoader - Seeing class for first time: org.robolectric.Robolectric
2024-11-12 13:43:20,197 INFO  EvoClassLoader - Instrumenting class 'org.robolectric.Robolectric'.
2024-11-12 13:43:20,197 INFO  EvoClassLoader - Error while loading class: java.lang.ClassNotFoundException: Class 'org/robolectric/Robolectric.class' should be in target project, but could not be found!
2024-11-12 13:43:20,207 INFO  log - Logging initialized @62137ms to org.eclipse.jetty.util.log.Slf4jLog
2024-11-12 13:43:20,209 INFO  EvoClassLoader - Seeing class for first time: org.mockito.configuration.MockitoConfiguration
2024-11-12 13:43:20,209 INFO  EvoClassLoader - Instrumenting class 'org.mockito.configuration.MockitoConfiguration'.
2024-11-12 13:43:20,209 INFO  EvoClassLoader - Error while loading class: java.lang.ClassNotFoundException: Class 'org/mockito/configuration/MockitoConfiguration.class' should be in target project, but could not be found!
]]></system-out>
  </testcase>
  <testcase name="test098" classname="org.apache.hadoop.hdfs.qjournal.protocol.QJournalProtocolProtos_ESTest" time="0.019">
    <system-out><![CDATA[2024-11-12 13:43:20,216 INFO  EvoClassLoader - Seeing class for first time: libcore.io.Memory
2024-11-12 13:43:20,216 INFO  EvoClassLoader - Instrumenting class 'libcore.io.Memory'.
2024-11-12 13:43:20,217 INFO  EvoClassLoader - Error while loading class: java.lang.ClassNotFoundException: Class 'libcore/io/Memory.class' should be in target project, but could not be found!
2024-11-12 13:43:20,217 INFO  EvoClassLoader - Seeing class for first time: org.robolectric.Robolectric
2024-11-12 13:43:20,217 INFO  EvoClassLoader - Instrumenting class 'org.robolectric.Robolectric'.
2024-11-12 13:43:20,217 INFO  EvoClassLoader - Error while loading class: java.lang.ClassNotFoundException: Class 'org/robolectric/Robolectric.class' should be in target project, but could not be found!
2024-11-12 13:43:20,227 INFO  log - Logging initialized @62157ms to org.eclipse.jetty.util.log.Slf4jLog
2024-11-12 13:43:20,229 INFO  EvoClassLoader - Seeing class for first time: org.mockito.configuration.MockitoConfiguration
2024-11-12 13:43:20,229 INFO  EvoClassLoader - Instrumenting class 'org.mockito.configuration.MockitoConfiguration'.
2024-11-12 13:43:20,229 INFO  EvoClassLoader - Error while loading class: java.lang.ClassNotFoundException: Class 'org/mockito/configuration/MockitoConfiguration.class' should be in target project, but could not be found!
]]></system-out>
  </testcase>
  <testcase name="test091" classname="org.apache.hadoop.hdfs.qjournal.protocol.QJournalProtocolProtos_ESTest" time="0.02">
    <system-out><![CDATA[2024-11-12 13:43:20,234 INFO  EvoClassLoader - Seeing class for first time: libcore.io.Memory
2024-11-12 13:43:20,234 INFO  EvoClassLoader - Instrumenting class 'libcore.io.Memory'.
2024-11-12 13:43:20,234 INFO  EvoClassLoader - Error while loading class: java.lang.ClassNotFoundException: Class 'libcore/io/Memory.class' should be in target project, but could not be found!
2024-11-12 13:43:20,234 INFO  EvoClassLoader - Seeing class for first time: org.robolectric.Robolectric
2024-11-12 13:43:20,234 INFO  EvoClassLoader - Instrumenting class 'org.robolectric.Robolectric'.
2024-11-12 13:43:20,234 INFO  EvoClassLoader - Error while loading class: java.lang.ClassNotFoundException: Class 'org/robolectric/Robolectric.class' should be in target project, but could not be found!
2024-11-12 13:43:20,245 INFO  log - Logging initialized @62175ms to org.eclipse.jetty.util.log.Slf4jLog
2024-11-12 13:43:20,248 INFO  EvoClassLoader - Seeing class for first time: org.mockito.configuration.MockitoConfiguration
2024-11-12 13:43:20,248 INFO  EvoClassLoader - Instrumenting class 'org.mockito.configuration.MockitoConfiguration'.
2024-11-12 13:43:20,248 INFO  EvoClassLoader - Error while loading class: java.lang.ClassNotFoundException: Class 'org/mockito/configuration/MockitoConfiguration.class' should be in target project, but could not be found!
]]></system-out>
  </testcase>
  <testcase name="test092" classname="org.apache.hadoop.hdfs.qjournal.protocol.QJournalProtocolProtos_ESTest" time="0.021">
    <system-out><![CDATA[2024-11-12 13:43:20,256 INFO  EvoClassLoader - Seeing class for first time: libcore.io.Memory
2024-11-12 13:43:20,256 INFO  EvoClassLoader - Instrumenting class 'libcore.io.Memory'.
2024-11-12 13:43:20,256 INFO  EvoClassLoader - Error while loading class: java.lang.ClassNotFoundException: Class 'libcore/io/Memory.class' should be in target project, but could not be found!
2024-11-12 13:43:20,256 INFO  EvoClassLoader - Seeing class for first time: org.robolectric.Robolectric
2024-11-12 13:43:20,256 INFO  EvoClassLoader - Instrumenting class 'org.robolectric.Robolectric'.
2024-11-12 13:43:20,256 INFO  EvoClassLoader - Error while loading class: java.lang.ClassNotFoundException: Class 'org/robolectric/Robolectric.class' should be in target project, but could not be found!
2024-11-12 13:43:20,266 INFO  log - Logging initialized @62196ms to org.eclipse.jetty.util.log.Slf4jLog
2024-11-12 13:43:20,269 INFO  EvoClassLoader - Seeing class for first time: org.mockito.configuration.MockitoConfiguration
2024-11-12 13:43:20,269 INFO  EvoClassLoader - Instrumenting class 'org.mockito.configuration.MockitoConfiguration'.
2024-11-12 13:43:20,269 INFO  EvoClassLoader - Error while loading class: java.lang.ClassNotFoundException: Class 'org/mockito/configuration/MockitoConfiguration.class' should be in target project, but could not be found!
]]></system-out>
  </testcase>
  <testcase name="test090" classname="org.apache.hadoop.hdfs.qjournal.protocol.QJournalProtocolProtos_ESTest" time="0.018">
    <system-out><![CDATA[2024-11-12 13:43:20,274 INFO  EvoClassLoader - Seeing class for first time: libcore.io.Memory
2024-11-12 13:43:20,274 INFO  EvoClassLoader - Instrumenting class 'libcore.io.Memory'.
2024-11-12 13:43:20,274 INFO  EvoClassLoader - Error while loading class: java.lang.ClassNotFoundException: Class 'libcore/io/Memory.class' should be in target project, but could not be found!
2024-11-12 13:43:20,274 INFO  EvoClassLoader - Seeing class for first time: org.robolectric.Robolectric
2024-11-12 13:43:20,274 INFO  EvoClassLoader - Instrumenting class 'org.robolectric.Robolectric'.
2024-11-12 13:43:20,275 INFO  EvoClassLoader - Error while loading class: java.lang.ClassNotFoundException: Class 'org/robolectric/Robolectric.class' should be in target project, but could not be found!
2024-11-12 13:43:20,287 INFO  log - Logging initialized @62217ms to org.eclipse.jetty.util.log.Slf4jLog
2024-11-12 13:43:20,289 INFO  EvoClassLoader - Seeing class for first time: org.mockito.configuration.MockitoConfiguration
2024-11-12 13:43:20,289 INFO  EvoClassLoader - Instrumenting class 'org.mockito.configuration.MockitoConfiguration'.
2024-11-12 13:43:20,289 INFO  EvoClassLoader - Error while loading class: java.lang.ClassNotFoundException: Class 'org/mockito/configuration/MockitoConfiguration.class' should be in target project, but could not be found!
]]></system-out>
  </testcase>
  <testcase name="test059" classname="org.apache.hadoop.hdfs.qjournal.protocol.QJournalProtocolProtos_ESTest" time="0.022">
    <system-out><![CDATA[2024-11-12 13:43:20,294 INFO  EvoClassLoader - Seeing class for first time: libcore.io.Memory
2024-11-12 13:43:20,294 INFO  EvoClassLoader - Instrumenting class 'libcore.io.Memory'.
2024-11-12 13:43:20,294 INFO  EvoClassLoader - Error while loading class: java.lang.ClassNotFoundException: Class 'libcore/io/Memory.class' should be in target project, but could not be found!
2024-11-12 13:43:20,294 INFO  EvoClassLoader - Seeing class for first time: org.robolectric.Robolectric
2024-11-12 13:43:20,294 INFO  EvoClassLoader - Instrumenting class 'org.robolectric.Robolectric'.
2024-11-12 13:43:20,295 INFO  EvoClassLoader - Error while loading class: java.lang.ClassNotFoundException: Class 'org/robolectric/Robolectric.class' should be in target project, but could not be found!
2024-11-12 13:43:20,306 INFO  log - Logging initialized @62236ms to org.eclipse.jetty.util.log.Slf4jLog
2024-11-12 13:43:20,310 INFO  EvoClassLoader - Seeing class for first time: org.mockito.configuration.MockitoConfiguration
2024-11-12 13:43:20,310 INFO  EvoClassLoader - Instrumenting class 'org.mockito.configuration.MockitoConfiguration'.
2024-11-12 13:43:20,310 INFO  EvoClassLoader - Error while loading class: java.lang.ClassNotFoundException: Class 'org/mockito/configuration/MockitoConfiguration.class' should be in target project, but could not be found!
]]></system-out>
  </testcase>
  <testcase name="test057" classname="org.apache.hadoop.hdfs.qjournal.protocol.QJournalProtocolProtos_ESTest" time="0.026">
    <system-out><![CDATA[2024-11-12 13:43:20,317 INFO  EvoClassLoader - Seeing class for first time: libcore.io.Memory
2024-11-12 13:43:20,317 INFO  EvoClassLoader - Instrumenting class 'libcore.io.Memory'.
2024-11-12 13:43:20,317 INFO  EvoClassLoader - Error while loading class: java.lang.ClassNotFoundException: Class 'libcore/io/Memory.class' should be in target project, but could not be found!
2024-11-12 13:43:20,317 INFO  EvoClassLoader - Seeing class for first time: org.robolectric.Robolectric
2024-11-12 13:43:20,317 INFO  EvoClassLoader - Instrumenting class 'org.robolectric.Robolectric'.
2024-11-12 13:43:20,317 INFO  EvoClassLoader - Error while loading class: java.lang.ClassNotFoundException: Class 'org/robolectric/Robolectric.class' should be in target project, but could not be found!
2024-11-12 13:43:20,335 INFO  log - Logging initialized @62265ms to org.eclipse.jetty.util.log.Slf4jLog
2024-11-12 13:43:20,337 INFO  EvoClassLoader - Seeing class for first time: org.mockito.configuration.MockitoConfiguration
2024-11-12 13:43:20,337 INFO  EvoClassLoader - Instrumenting class 'org.mockito.configuration.MockitoConfiguration'.
2024-11-12 13:43:20,337 INFO  EvoClassLoader - Error while loading class: java.lang.ClassNotFoundException: Class 'org/mockito/configuration/MockitoConfiguration.class' should be in target project, but could not be found!
]]></system-out>
  </testcase>
  <testcase name="test058" classname="org.apache.hadoop.hdfs.qjournal.protocol.QJournalProtocolProtos_ESTest" time="0.023">
    <system-out><![CDATA[2024-11-12 13:43:20,343 INFO  EvoClassLoader - Seeing class for first time: libcore.io.Memory
2024-11-12 13:43:20,343 INFO  EvoClassLoader - Instrumenting class 'libcore.io.Memory'.
2024-11-12 13:43:20,343 INFO  EvoClassLoader - Error while loading class: java.lang.ClassNotFoundException: Class 'libcore/io/Memory.class' should be in target project, but could not be found!
2024-11-12 13:43:20,343 INFO  EvoClassLoader - Seeing class for first time: org.robolectric.Robolectric
2024-11-12 13:43:20,343 INFO  EvoClassLoader - Instrumenting class 'org.robolectric.Robolectric'.
2024-11-12 13:43:20,343 INFO  EvoClassLoader - Error while loading class: java.lang.ClassNotFoundException: Class 'org/robolectric/Robolectric.class' should be in target project, but could not be found!
2024-11-12 13:43:20,354 INFO  log - Logging initialized @62284ms to org.eclipse.jetty.util.log.Slf4jLog
2024-11-12 13:43:20,357 INFO  EvoClassLoader - Seeing class for first time: org.mockito.configuration.MockitoConfiguration
2024-11-12 13:43:20,357 INFO  EvoClassLoader - Instrumenting class 'org.mockito.configuration.MockitoConfiguration'.
2024-11-12 13:43:20,357 INFO  EvoClassLoader - Error while loading class: java.lang.ClassNotFoundException: Class 'org/mockito/configuration/MockitoConfiguration.class' should be in target project, but could not be found!
]]></system-out>
  </testcase>
  <testcase name="test062" classname="org.apache.hadoop.hdfs.qjournal.protocol.QJournalProtocolProtos_ESTest" time="0.03">
    <system-out><![CDATA[2024-11-12 13:43:20,369 INFO  EvoClassLoader - Seeing class for first time: libcore.io.Memory
2024-11-12 13:43:20,369 INFO  EvoClassLoader - Instrumenting class 'libcore.io.Memory'.
2024-11-12 13:43:20,369 INFO  EvoClassLoader - Error while loading class: java.lang.ClassNotFoundException: Class 'libcore/io/Memory.class' should be in target project, but could not be found!
2024-11-12 13:43:20,369 INFO  EvoClassLoader - Seeing class for first time: org.robolectric.Robolectric
2024-11-12 13:43:20,369 INFO  EvoClassLoader - Instrumenting class 'org.robolectric.Robolectric'.
2024-11-12 13:43:20,369 INFO  EvoClassLoader - Error while loading class: java.lang.ClassNotFoundException: Class 'org/robolectric/Robolectric.class' should be in target project, but could not be found!
2024-11-12 13:43:20,386 INFO  log - Logging initialized @62316ms to org.eclipse.jetty.util.log.Slf4jLog
2024-11-12 13:43:20,389 INFO  EvoClassLoader - Seeing class for first time: org.mockito.configuration.MockitoConfiguration
2024-11-12 13:43:20,389 INFO  EvoClassLoader - Instrumenting class 'org.mockito.configuration.MockitoConfiguration'.
2024-11-12 13:43:20,389 INFO  EvoClassLoader - Error while loading class: java.lang.ClassNotFoundException: Class 'org/mockito/configuration/MockitoConfiguration.class' should be in target project, but could not be found!
]]></system-out>
  </testcase>
  <testcase name="test063" classname="org.apache.hadoop.hdfs.qjournal.protocol.QJournalProtocolProtos_ESTest" time="0.03">
    <system-out><![CDATA[2024-11-12 13:43:20,395 INFO  EvoClassLoader - Seeing class for first time: libcore.io.Memory
2024-11-12 13:43:20,395 INFO  EvoClassLoader - Instrumenting class 'libcore.io.Memory'.
2024-11-12 13:43:20,395 INFO  EvoClassLoader - Error while loading class: java.lang.ClassNotFoundException: Class 'libcore/io/Memory.class' should be in target project, but could not be found!
2024-11-12 13:43:20,395 INFO  EvoClassLoader - Seeing class for first time: org.robolectric.Robolectric
2024-11-12 13:43:20,395 INFO  EvoClassLoader - Instrumenting class 'org.robolectric.Robolectric'.
2024-11-12 13:43:20,395 INFO  EvoClassLoader - Error while loading class: java.lang.ClassNotFoundException: Class 'org/robolectric/Robolectric.class' should be in target project, but could not be found!
2024-11-12 13:43:20,411 INFO  log - Logging initialized @62341ms to org.eclipse.jetty.util.log.Slf4jLog
2024-11-12 13:43:20,414 INFO  EvoClassLoader - Seeing class for first time: org.mockito.configuration.MockitoConfiguration
2024-11-12 13:43:20,414 INFO  EvoClassLoader - Instrumenting class 'org.mockito.configuration.MockitoConfiguration'.
2024-11-12 13:43:20,414 INFO  EvoClassLoader - Error while loading class: java.lang.ClassNotFoundException: Class 'org/mockito/configuration/MockitoConfiguration.class' should be in target project, but could not be found!
]]></system-out>
  </testcase>
  <testcase name="test060" classname="org.apache.hadoop.hdfs.qjournal.protocol.QJournalProtocolProtos_ESTest" time="0.019">
    <system-out><![CDATA[2024-11-12 13:43:20,423 INFO  EvoClassLoader - Seeing class for first time: libcore.io.Memory
2024-11-12 13:43:20,423 INFO  EvoClassLoader - Instrumenting class 'libcore.io.Memory'.
2024-11-12 13:43:20,424 INFO  EvoClassLoader - Error while loading class: java.lang.ClassNotFoundException: Class 'libcore/io/Memory.class' should be in target project, but could not be found!
2024-11-12 13:43:20,424 INFO  EvoClassLoader - Seeing class for first time: org.robolectric.Robolectric
2024-11-12 13:43:20,424 INFO  EvoClassLoader - Instrumenting class 'org.robolectric.Robolectric'.
2024-11-12 13:43:20,424 INFO  EvoClassLoader - Error while loading class: java.lang.ClassNotFoundException: Class 'org/robolectric/Robolectric.class' should be in target project, but could not be found!
2024-11-12 13:43:20,437 INFO  log - Logging initialized @62367ms to org.eclipse.jetty.util.log.Slf4jLog
2024-11-12 13:43:20,439 INFO  EvoClassLoader - Seeing class for first time: org.mockito.configuration.MockitoConfiguration
2024-11-12 13:43:20,439 INFO  EvoClassLoader - Instrumenting class 'org.mockito.configuration.MockitoConfiguration'.
2024-11-12 13:43:20,439 INFO  EvoClassLoader - Error while loading class: java.lang.ClassNotFoundException: Class 'org/mockito/configuration/MockitoConfiguration.class' should be in target project, but could not be found!
]]></system-out>
  </testcase>
  <testcase name="test061" classname="org.apache.hadoop.hdfs.qjournal.protocol.QJournalProtocolProtos_ESTest" time="0.02">
    <system-out><![CDATA[2024-11-12 13:43:20,445 INFO  EvoClassLoader - Seeing class for first time: libcore.io.Memory
2024-11-12 13:43:20,445 INFO  EvoClassLoader - Instrumenting class 'libcore.io.Memory'.
2024-11-12 13:43:20,446 INFO  EvoClassLoader - Error while loading class: java.lang.ClassNotFoundException: Class 'libcore/io/Memory.class' should be in target project, but could not be found!
2024-11-12 13:43:20,446 INFO  EvoClassLoader - Seeing class for first time: org.robolectric.Robolectric
2024-11-12 13:43:20,446 INFO  EvoClassLoader - Instrumenting class 'org.robolectric.Robolectric'.
2024-11-12 13:43:20,446 INFO  EvoClassLoader - Error while loading class: java.lang.ClassNotFoundException: Class 'org/robolectric/Robolectric.class' should be in target project, but could not be found!
2024-11-12 13:43:20,457 INFO  log - Logging initialized @62387ms to org.eclipse.jetty.util.log.Slf4jLog
2024-11-12 13:43:20,459 INFO  EvoClassLoader - Seeing class for first time: org.mockito.configuration.MockitoConfiguration
2024-11-12 13:43:20,459 INFO  EvoClassLoader - Instrumenting class 'org.mockito.configuration.MockitoConfiguration'.
2024-11-12 13:43:20,459 INFO  EvoClassLoader - Error while loading class: java.lang.ClassNotFoundException: Class 'org/mockito/configuration/MockitoConfiguration.class' should be in target project, but could not be found!
]]></system-out>
  </testcase>
  <testcase name="test066" classname="org.apache.hadoop.hdfs.qjournal.protocol.QJournalProtocolProtos_ESTest" time="0.032">
    <system-out><![CDATA[2024-11-12 13:43:20,465 INFO  EvoClassLoader - Seeing class for first time: libcore.io.Memory
2024-11-12 13:43:20,465 INFO  EvoClassLoader - Instrumenting class 'libcore.io.Memory'.
2024-11-12 13:43:20,465 INFO  EvoClassLoader - Error while loading class: java.lang.ClassNotFoundException: Class 'libcore/io/Memory.class' should be in target project, but could not be found!
2024-11-12 13:43:20,465 INFO  EvoClassLoader - Seeing class for first time: org.robolectric.Robolectric
2024-11-12 13:43:20,465 INFO  EvoClassLoader - Instrumenting class 'org.robolectric.Robolectric'.
2024-11-12 13:43:20,465 INFO  EvoClassLoader - Error while loading class: java.lang.ClassNotFoundException: Class 'org/robolectric/Robolectric.class' should be in target project, but could not be found!
2024-11-12 13:43:20,487 INFO  log - Logging initialized @62417ms to org.eclipse.jetty.util.log.Slf4jLog
2024-11-12 13:43:20,490 INFO  EvoClassLoader - Seeing class for first time: org.mockito.configuration.MockitoConfiguration
2024-11-12 13:43:20,490 INFO  EvoClassLoader - Instrumenting class 'org.mockito.configuration.MockitoConfiguration'.
2024-11-12 13:43:20,490 INFO  EvoClassLoader - Error while loading class: java.lang.ClassNotFoundException: Class 'org/mockito/configuration/MockitoConfiguration.class' should be in target project, but could not be found!
]]></system-out>
  </testcase>
  <testcase name="test067" classname="org.apache.hadoop.hdfs.qjournal.protocol.QJournalProtocolProtos_ESTest" time="0.021">
    <system-out><![CDATA[2024-11-12 13:43:20,497 INFO  EvoClassLoader - Seeing class for first time: libcore.io.Memory
2024-11-12 13:43:20,497 INFO  EvoClassLoader - Instrumenting class 'libcore.io.Memory'.
2024-11-12 13:43:20,497 INFO  EvoClassLoader - Error while loading class: java.lang.ClassNotFoundException: Class 'libcore/io/Memory.class' should be in target project, but could not be found!
2024-11-12 13:43:20,497 INFO  EvoClassLoader - Seeing class for first time: org.robolectric.Robolectric
2024-11-12 13:43:20,497 INFO  EvoClassLoader - Instrumenting class 'org.robolectric.Robolectric'.
2024-11-12 13:43:20,497 INFO  EvoClassLoader - Error while loading class: java.lang.ClassNotFoundException: Class 'org/robolectric/Robolectric.class' should be in target project, but could not be found!
2024-11-12 13:43:20,509 INFO  log - Logging initialized @62439ms to org.eclipse.jetty.util.log.Slf4jLog
2024-11-12 13:43:20,512 INFO  EvoClassLoader - Seeing class for first time: org.mockito.configuration.MockitoConfiguration
2024-11-12 13:43:20,512 INFO  EvoClassLoader - Instrumenting class 'org.mockito.configuration.MockitoConfiguration'.
2024-11-12 13:43:20,512 INFO  EvoClassLoader - Error while loading class: java.lang.ClassNotFoundException: Class 'org/mockito/configuration/MockitoConfiguration.class' should be in target project, but could not be found!
]]></system-out>
  </testcase>
  <testcase name="test100" classname="org.apache.hadoop.hdfs.qjournal.protocol.QJournalProtocolProtos_ESTest" time="0.023">
    <system-out><![CDATA[2024-11-12 13:43:20,518 INFO  EvoClassLoader - Seeing class for first time: libcore.io.Memory
2024-11-12 13:43:20,518 INFO  EvoClassLoader - Instrumenting class 'libcore.io.Memory'.
2024-11-12 13:43:20,518 INFO  EvoClassLoader - Error while loading class: java.lang.ClassNotFoundException: Class 'libcore/io/Memory.class' should be in target project, but could not be found!
2024-11-12 13:43:20,518 INFO  EvoClassLoader - Seeing class for first time: org.robolectric.Robolectric
2024-11-12 13:43:20,518 INFO  EvoClassLoader - Instrumenting class 'org.robolectric.Robolectric'.
2024-11-12 13:43:20,518 INFO  EvoClassLoader - Error while loading class: java.lang.ClassNotFoundException: Class 'org/robolectric/Robolectric.class' should be in target project, but could not be found!
2024-11-12 13:43:20,528 INFO  log - Logging initialized @62458ms to org.eclipse.jetty.util.log.Slf4jLog
2024-11-12 13:43:20,531 INFO  EvoClassLoader - Seeing class for first time: org.mockito.configuration.MockitoConfiguration
2024-11-12 13:43:20,531 INFO  EvoClassLoader - Instrumenting class 'org.mockito.configuration.MockitoConfiguration'.
2024-11-12 13:43:20,531 INFO  EvoClassLoader - Error while loading class: java.lang.ClassNotFoundException: Class 'org/mockito/configuration/MockitoConfiguration.class' should be in target project, but could not be found!
]]></system-out>
  </testcase>
  <testcase name="test064" classname="org.apache.hadoop.hdfs.qjournal.protocol.QJournalProtocolProtos_ESTest" time="0.02">
    <system-out><![CDATA[2024-11-12 13:43:20,537 INFO  EvoClassLoader - Seeing class for first time: libcore.io.Memory
2024-11-12 13:43:20,537 INFO  EvoClassLoader - Instrumenting class 'libcore.io.Memory'.
2024-11-12 13:43:20,538 INFO  EvoClassLoader - Error while loading class: java.lang.ClassNotFoundException: Class 'libcore/io/Memory.class' should be in target project, but could not be found!
2024-11-12 13:43:20,538 INFO  EvoClassLoader - Seeing class for first time: org.robolectric.Robolectric
2024-11-12 13:43:20,538 INFO  EvoClassLoader - Instrumenting class 'org.robolectric.Robolectric'.
2024-11-12 13:43:20,538 INFO  EvoClassLoader - Error while loading class: java.lang.ClassNotFoundException: Class 'org/robolectric/Robolectric.class' should be in target project, but could not be found!
2024-11-12 13:43:20,552 INFO  log - Logging initialized @62482ms to org.eclipse.jetty.util.log.Slf4jLog
2024-11-12 13:43:20,555 INFO  EvoClassLoader - Seeing class for first time: org.mockito.configuration.MockitoConfiguration
2024-11-12 13:43:20,555 INFO  EvoClassLoader - Instrumenting class 'org.mockito.configuration.MockitoConfiguration'.
2024-11-12 13:43:20,556 INFO  EvoClassLoader - Error while loading class: java.lang.ClassNotFoundException: Class 'org/mockito/configuration/MockitoConfiguration.class' should be in target project, but could not be found!
]]></system-out>
  </testcase>
  <testcase name="test065" classname="org.apache.hadoop.hdfs.qjournal.protocol.QJournalProtocolProtos_ESTest" time="0.021">
    <system-out><![CDATA[2024-11-12 13:43:20,561 INFO  EvoClassLoader - Seeing class for first time: libcore.io.Memory
2024-11-12 13:43:20,561 INFO  EvoClassLoader - Instrumenting class 'libcore.io.Memory'.
2024-11-12 13:43:20,561 INFO  EvoClassLoader - Error while loading class: java.lang.ClassNotFoundException: Class 'libcore/io/Memory.class' should be in target project, but could not be found!
2024-11-12 13:43:20,561 INFO  EvoClassLoader - Seeing class for first time: org.robolectric.Robolectric
2024-11-12 13:43:20,561 INFO  EvoClassLoader - Instrumenting class 'org.robolectric.Robolectric'.
2024-11-12 13:43:20,562 INFO  EvoClassLoader - Error while loading class: java.lang.ClassNotFoundException: Class 'org/robolectric/Robolectric.class' should be in target project, but could not be found!
2024-11-12 13:43:20,574 INFO  log - Logging initialized @62504ms to org.eclipse.jetty.util.log.Slf4jLog
2024-11-12 13:43:20,576 INFO  EvoClassLoader - Seeing class for first time: org.mockito.configuration.MockitoConfiguration
2024-11-12 13:43:20,576 INFO  EvoClassLoader - Instrumenting class 'org.mockito.configuration.MockitoConfiguration'.
2024-11-12 13:43:20,576 INFO  EvoClassLoader - Error while loading class: java.lang.ClassNotFoundException: Class 'org/mockito/configuration/MockitoConfiguration.class' should be in target project, but could not be found!
]]></system-out>
  </testcase>
  <testcase name="test109" classname="org.apache.hadoop.hdfs.qjournal.protocol.QJournalProtocolProtos_ESTest" time="0.021">
    <system-out><![CDATA[2024-11-12 13:43:20,582 INFO  EvoClassLoader - Seeing class for first time: libcore.io.Memory
2024-11-12 13:43:20,582 INFO  EvoClassLoader - Instrumenting class 'libcore.io.Memory'.
2024-11-12 13:43:20,583 INFO  EvoClassLoader - Error while loading class: java.lang.ClassNotFoundException: Class 'libcore/io/Memory.class' should be in target project, but could not be found!
2024-11-12 13:43:20,583 INFO  EvoClassLoader - Seeing class for first time: org.robolectric.Robolectric
2024-11-12 13:43:20,583 INFO  EvoClassLoader - Instrumenting class 'org.robolectric.Robolectric'.
2024-11-12 13:43:20,583 INFO  EvoClassLoader - Error while loading class: java.lang.ClassNotFoundException: Class 'org/robolectric/Robolectric.class' should be in target project, but could not be found!
2024-11-12 13:43:20,594 INFO  log - Logging initialized @62524ms to org.eclipse.jetty.util.log.Slf4jLog
2024-11-12 13:43:20,596 INFO  EvoClassLoader - Seeing class for first time: org.mockito.configuration.MockitoConfiguration
2024-11-12 13:43:20,596 INFO  EvoClassLoader - Instrumenting class 'org.mockito.configuration.MockitoConfiguration'.
2024-11-12 13:43:20,597 INFO  EvoClassLoader - Error while loading class: java.lang.ClassNotFoundException: Class 'org/mockito/configuration/MockitoConfiguration.class' should be in target project, but could not be found!
]]></system-out>
  </testcase>
  <testcase name="test103" classname="org.apache.hadoop.hdfs.qjournal.protocol.QJournalProtocolProtos_ESTest" time="0.026">
    <system-out><![CDATA[2024-11-12 13:43:20,605 INFO  EvoClassLoader - Seeing class for first time: libcore.io.Memory
2024-11-12 13:43:20,605 INFO  EvoClassLoader - Instrumenting class 'libcore.io.Memory'.
2024-11-12 13:43:20,605 INFO  EvoClassLoader - Error while loading class: java.lang.ClassNotFoundException: Class 'libcore/io/Memory.class' should be in target project, but could not be found!
2024-11-12 13:43:20,605 INFO  EvoClassLoader - Seeing class for first time: org.robolectric.Robolectric
2024-11-12 13:43:20,605 INFO  EvoClassLoader - Instrumenting class 'org.robolectric.Robolectric'.
2024-11-12 13:43:20,605 INFO  EvoClassLoader - Error while loading class: java.lang.ClassNotFoundException: Class 'org/robolectric/Robolectric.class' should be in target project, but could not be found!
2024-11-12 13:43:20,620 INFO  log - Logging initialized @62550ms to org.eclipse.jetty.util.log.Slf4jLog
2024-11-12 13:43:20,622 INFO  EvoClassLoader - Seeing class for first time: org.mockito.configuration.MockitoConfiguration
2024-11-12 13:43:20,622 INFO  EvoClassLoader - Instrumenting class 'org.mockito.configuration.MockitoConfiguration'.
2024-11-12 13:43:20,622 INFO  EvoClassLoader - Error while loading class: java.lang.ClassNotFoundException: Class 'org/mockito/configuration/MockitoConfiguration.class' should be in target project, but could not be found!
]]></system-out>
  </testcase>
  <testcase name="test104" classname="org.apache.hadoop.hdfs.qjournal.protocol.QJournalProtocolProtos_ESTest" time="0.022">
    <system-out><![CDATA[2024-11-12 13:43:20,628 INFO  EvoClassLoader - Seeing class for first time: libcore.io.Memory
2024-11-12 13:43:20,628 INFO  EvoClassLoader - Instrumenting class 'libcore.io.Memory'.
2024-11-12 13:43:20,629 INFO  EvoClassLoader - Error while loading class: java.lang.ClassNotFoundException: Class 'libcore/io/Memory.class' should be in target project, but could not be found!
2024-11-12 13:43:20,629 INFO  EvoClassLoader - Seeing class for first time: org.robolectric.Robolectric
2024-11-12 13:43:20,629 INFO  EvoClassLoader - Instrumenting class 'org.robolectric.Robolectric'.
2024-11-12 13:43:20,629 INFO  EvoClassLoader - Error while loading class: java.lang.ClassNotFoundException: Class 'org/robolectric/Robolectric.class' should be in target project, but could not be found!
2024-11-12 13:43:20,641 INFO  log - Logging initialized @62571ms to org.eclipse.jetty.util.log.Slf4jLog
2024-11-12 13:43:20,644 INFO  EvoClassLoader - Seeing class for first time: org.mockito.configuration.MockitoConfiguration
2024-11-12 13:43:20,644 INFO  EvoClassLoader - Instrumenting class 'org.mockito.configuration.MockitoConfiguration'.
2024-11-12 13:43:20,645 INFO  EvoClassLoader - Error while loading class: java.lang.ClassNotFoundException: Class 'org/mockito/configuration/MockitoConfiguration.class' should be in target project, but could not be found!
]]></system-out>
  </testcase>
  <testcase name="test068" classname="org.apache.hadoop.hdfs.qjournal.protocol.QJournalProtocolProtos_ESTest" time="0.022">
    <system-out><![CDATA[2024-11-12 13:43:20,651 INFO  EvoClassLoader - Seeing class for first time: libcore.io.Memory
2024-11-12 13:43:20,651 INFO  EvoClassLoader - Instrumenting class 'libcore.io.Memory'.
2024-11-12 13:43:20,651 INFO  EvoClassLoader - Error while loading class: java.lang.ClassNotFoundException: Class 'libcore/io/Memory.class' should be in target project, but could not be found!
2024-11-12 13:43:20,651 INFO  EvoClassLoader - Seeing class for first time: org.robolectric.Robolectric
2024-11-12 13:43:20,651 INFO  EvoClassLoader - Instrumenting class 'org.robolectric.Robolectric'.
2024-11-12 13:43:20,651 INFO  EvoClassLoader - Error while loading class: java.lang.ClassNotFoundException: Class 'org/robolectric/Robolectric.class' should be in target project, but could not be found!
2024-11-12 13:43:20,662 INFO  log - Logging initialized @62592ms to org.eclipse.jetty.util.log.Slf4jLog
2024-11-12 13:43:20,665 INFO  EvoClassLoader - Seeing class for first time: org.mockito.configuration.MockitoConfiguration
2024-11-12 13:43:20,665 INFO  EvoClassLoader - Instrumenting class 'org.mockito.configuration.MockitoConfiguration'.
2024-11-12 13:43:20,665 INFO  EvoClassLoader - Error while loading class: java.lang.ClassNotFoundException: Class 'org/mockito/configuration/MockitoConfiguration.class' should be in target project, but could not be found!
]]></system-out>
  </testcase>
  <testcase name="test101" classname="org.apache.hadoop.hdfs.qjournal.protocol.QJournalProtocolProtos_ESTest" time="0.031">
    <system-out><![CDATA[2024-11-12 13:43:20,674 INFO  EvoClassLoader - Seeing class for first time: libcore.io.Memory
2024-11-12 13:43:20,674 INFO  EvoClassLoader - Instrumenting class 'libcore.io.Memory'.
2024-11-12 13:43:20,674 INFO  EvoClassLoader - Error while loading class: java.lang.ClassNotFoundException: Class 'libcore/io/Memory.class' should be in target project, but could not be found!
2024-11-12 13:43:20,674 INFO  EvoClassLoader - Seeing class for first time: org.robolectric.Robolectric
2024-11-12 13:43:20,674 INFO  EvoClassLoader - Instrumenting class 'org.robolectric.Robolectric'.
2024-11-12 13:43:20,675 INFO  EvoClassLoader - Error while loading class: java.lang.ClassNotFoundException: Class 'org/robolectric/Robolectric.class' should be in target project, but could not be found!
2024-11-12 13:43:20,690 INFO  log - Logging initialized @62620ms to org.eclipse.jetty.util.log.Slf4jLog
2024-11-12 13:43:20,694 INFO  EvoClassLoader - Seeing class for first time: org.mockito.configuration.MockitoConfiguration
2024-11-12 13:43:20,694 INFO  EvoClassLoader - Instrumenting class 'org.mockito.configuration.MockitoConfiguration'.
2024-11-12 13:43:20,694 INFO  EvoClassLoader - Error while loading class: java.lang.ClassNotFoundException: Class 'org/mockito/configuration/MockitoConfiguration.class' should be in target project, but could not be found!
]]></system-out>
  </testcase>
  <testcase name="test069" classname="org.apache.hadoop.hdfs.qjournal.protocol.QJournalProtocolProtos_ESTest" time="0.025">
    <system-out><![CDATA[2024-11-12 13:43:20,706 INFO  EvoClassLoader - Seeing class for first time: libcore.io.Memory
2024-11-12 13:43:20,706 INFO  EvoClassLoader - Instrumenting class 'libcore.io.Memory'.
2024-11-12 13:43:20,706 INFO  EvoClassLoader - Error while loading class: java.lang.ClassNotFoundException: Class 'libcore/io/Memory.class' should be in target project, but could not be found!
2024-11-12 13:43:20,706 INFO  EvoClassLoader - Seeing class for first time: org.robolectric.Robolectric
2024-11-12 13:43:20,706 INFO  EvoClassLoader - Instrumenting class 'org.robolectric.Robolectric'.
2024-11-12 13:43:20,706 INFO  EvoClassLoader - Error while loading class: java.lang.ClassNotFoundException: Class 'org/robolectric/Robolectric.class' should be in target project, but could not be found!
2024-11-12 13:43:20,721 INFO  log - Logging initialized @62652ms to org.eclipse.jetty.util.log.Slf4jLog
2024-11-12 13:43:20,724 INFO  EvoClassLoader - Seeing class for first time: org.mockito.configuration.MockitoConfiguration
2024-11-12 13:43:20,724 INFO  EvoClassLoader - Instrumenting class 'org.mockito.configuration.MockitoConfiguration'.
2024-11-12 13:43:20,724 INFO  EvoClassLoader - Error while loading class: java.lang.ClassNotFoundException: Class 'org/mockito/configuration/MockitoConfiguration.class' should be in target project, but could not be found!
]]></system-out>
  </testcase>
  <testcase name="test102" classname="org.apache.hadoop.hdfs.qjournal.protocol.QJournalProtocolProtos_ESTest" time="0.027">
    <system-out><![CDATA[2024-11-12 13:43:20,729 INFO  EvoClassLoader - Seeing class for first time: libcore.io.Memory
2024-11-12 13:43:20,729 INFO  EvoClassLoader - Instrumenting class 'libcore.io.Memory'.
2024-11-12 13:43:20,730 INFO  EvoClassLoader - Error while loading class: java.lang.ClassNotFoundException: Class 'libcore/io/Memory.class' should be in target project, but could not be found!
2024-11-12 13:43:20,730 INFO  EvoClassLoader - Seeing class for first time: org.robolectric.Robolectric
2024-11-12 13:43:20,730 INFO  EvoClassLoader - Instrumenting class 'org.robolectric.Robolectric'.
2024-11-12 13:43:20,730 INFO  EvoClassLoader - Error while loading class: java.lang.ClassNotFoundException: Class 'org/robolectric/Robolectric.class' should be in target project, but could not be found!
2024-11-12 13:43:20,743 INFO  log - Logging initialized @62673ms to org.eclipse.jetty.util.log.Slf4jLog
2024-11-12 13:43:20,746 INFO  EvoClassLoader - Seeing class for first time: org.mockito.configuration.MockitoConfiguration
2024-11-12 13:43:20,746 INFO  EvoClassLoader - Instrumenting class 'org.mockito.configuration.MockitoConfiguration'.
2024-11-12 13:43:20,746 INFO  EvoClassLoader - Error while loading class: java.lang.ClassNotFoundException: Class 'org/mockito/configuration/MockitoConfiguration.class' should be in target project, but could not be found!
]]></system-out>
  </testcase>
  <testcase name="test107" classname="org.apache.hadoop.hdfs.qjournal.protocol.QJournalProtocolProtos_ESTest" time="0.026">
    <system-out><![CDATA[2024-11-12 13:43:20,756 INFO  EvoClassLoader - Seeing class for first time: libcore.io.Memory
2024-11-12 13:43:20,756 INFO  EvoClassLoader - Instrumenting class 'libcore.io.Memory'.
2024-11-12 13:43:20,756 INFO  EvoClassLoader - Error while loading class: java.lang.ClassNotFoundException: Class 'libcore/io/Memory.class' should be in target project, but could not be found!
2024-11-12 13:43:20,756 INFO  EvoClassLoader - Seeing class for first time: org.robolectric.Robolectric
2024-11-12 13:43:20,756 INFO  EvoClassLoader - Instrumenting class 'org.robolectric.Robolectric'.
2024-11-12 13:43:20,756 INFO  EvoClassLoader - Error while loading class: java.lang.ClassNotFoundException: Class 'org/robolectric/Robolectric.class' should be in target project, but could not be found!
2024-11-12 13:43:20,770 INFO  log - Logging initialized @62700ms to org.eclipse.jetty.util.log.Slf4jLog
2024-11-12 13:43:20,774 INFO  EvoClassLoader - Seeing class for first time: org.mockito.configuration.MockitoConfiguration
2024-11-12 13:43:20,774 INFO  EvoClassLoader - Instrumenting class 'org.mockito.configuration.MockitoConfiguration'.
2024-11-12 13:43:20,775 INFO  EvoClassLoader - Error while loading class: java.lang.ClassNotFoundException: Class 'org/mockito/configuration/MockitoConfiguration.class' should be in target project, but could not be found!
]]></system-out>
  </testcase>
  <testcase name="test108" classname="org.apache.hadoop.hdfs.qjournal.protocol.QJournalProtocolProtos_ESTest" time="0.027">
    <system-out><![CDATA[2024-11-12 13:43:20,783 INFO  EvoClassLoader - Seeing class for first time: libcore.io.Memory
2024-11-12 13:43:20,783 INFO  EvoClassLoader - Instrumenting class 'libcore.io.Memory'.
2024-11-12 13:43:20,783 INFO  EvoClassLoader - Error while loading class: java.lang.ClassNotFoundException: Class 'libcore/io/Memory.class' should be in target project, but could not be found!
2024-11-12 13:43:20,783 INFO  EvoClassLoader - Seeing class for first time: org.robolectric.Robolectric
2024-11-12 13:43:20,783 INFO  EvoClassLoader - Instrumenting class 'org.robolectric.Robolectric'.
2024-11-12 13:43:20,783 INFO  EvoClassLoader - Error while loading class: java.lang.ClassNotFoundException: Class 'org/robolectric/Robolectric.class' should be in target project, but could not be found!
2024-11-12 13:43:20,796 INFO  log - Logging initialized @62726ms to org.eclipse.jetty.util.log.Slf4jLog
2024-11-12 13:43:20,798 INFO  EvoClassLoader - Seeing class for first time: org.mockito.configuration.MockitoConfiguration
2024-11-12 13:43:20,798 INFO  EvoClassLoader - Instrumenting class 'org.mockito.configuration.MockitoConfiguration'.
2024-11-12 13:43:20,799 INFO  EvoClassLoader - Error while loading class: java.lang.ClassNotFoundException: Class 'org/mockito/configuration/MockitoConfiguration.class' should be in target project, but could not be found!
]]></system-out>
  </testcase>
  <testcase name="test105" classname="org.apache.hadoop.hdfs.qjournal.protocol.QJournalProtocolProtos_ESTest" time="0.019">
    <system-out><![CDATA[2024-11-12 13:43:20,809 INFO  EvoClassLoader - Seeing class for first time: libcore.io.Memory
2024-11-12 13:43:20,809 INFO  EvoClassLoader - Instrumenting class 'libcore.io.Memory'.
2024-11-12 13:43:20,810 INFO  EvoClassLoader - Error while loading class: java.lang.ClassNotFoundException: Class 'libcore/io/Memory.class' should be in target project, but could not be found!
2024-11-12 13:43:20,810 INFO  EvoClassLoader - Seeing class for first time: org.robolectric.Robolectric
2024-11-12 13:43:20,810 INFO  EvoClassLoader - Instrumenting class 'org.robolectric.Robolectric'.
2024-11-12 13:43:20,810 INFO  EvoClassLoader - Error while loading class: java.lang.ClassNotFoundException: Class 'org/robolectric/Robolectric.class' should be in target project, but could not be found!
2024-11-12 13:43:20,821 INFO  log - Logging initialized @62751ms to org.eclipse.jetty.util.log.Slf4jLog
2024-11-12 13:43:20,823 INFO  EvoClassLoader - Seeing class for first time: org.mockito.configuration.MockitoConfiguration
2024-11-12 13:43:20,823 INFO  EvoClassLoader - Instrumenting class 'org.mockito.configuration.MockitoConfiguration'.
2024-11-12 13:43:20,823 INFO  EvoClassLoader - Error while loading class: java.lang.ClassNotFoundException: Class 'org/mockito/configuration/MockitoConfiguration.class' should be in target project, but could not be found!
]]></system-out>
  </testcase>
  <testcase name="test106" classname="org.apache.hadoop.hdfs.qjournal.protocol.QJournalProtocolProtos_ESTest" time="0.028">
    <system-out><![CDATA[2024-11-12 13:43:20,829 INFO  EvoClassLoader - Seeing class for first time: libcore.io.Memory
2024-11-12 13:43:20,829 INFO  EvoClassLoader - Instrumenting class 'libcore.io.Memory'.
2024-11-12 13:43:20,829 INFO  EvoClassLoader - Error while loading class: java.lang.ClassNotFoundException: Class 'libcore/io/Memory.class' should be in target project, but could not be found!
2024-11-12 13:43:20,829 INFO  EvoClassLoader - Seeing class for first time: org.robolectric.Robolectric
2024-11-12 13:43:20,829 INFO  EvoClassLoader - Instrumenting class 'org.robolectric.Robolectric'.
2024-11-12 13:43:20,829 INFO  EvoClassLoader - Error while loading class: java.lang.ClassNotFoundException: Class 'org/robolectric/Robolectric.class' should be in target project, but could not be found!
2024-11-12 13:43:20,849 INFO  log - Logging initialized @62779ms to org.eclipse.jetty.util.log.Slf4jLog
2024-11-12 13:43:20,852 INFO  EvoClassLoader - Seeing class for first time: org.mockito.configuration.MockitoConfiguration
2024-11-12 13:43:20,852 INFO  EvoClassLoader - Instrumenting class 'org.mockito.configuration.MockitoConfiguration'.
2024-11-12 13:43:20,852 INFO  EvoClassLoader - Error while loading class: java.lang.ClassNotFoundException: Class 'org/mockito/configuration/MockitoConfiguration.class' should be in target project, but could not be found!
]]></system-out>
  </testcase>
  <testcase name="test073" classname="org.apache.hadoop.hdfs.qjournal.protocol.QJournalProtocolProtos_ESTest" time="0.037">
    <system-out><![CDATA[2024-11-12 13:43:20,873 INFO  EvoClassLoader - Seeing class for first time: libcore.io.Memory
2024-11-12 13:43:20,873 INFO  EvoClassLoader - Instrumenting class 'libcore.io.Memory'.
2024-11-12 13:43:20,874 INFO  EvoClassLoader - Error while loading class: java.lang.ClassNotFoundException: Class 'libcore/io/Memory.class' should be in target project, but could not be found!
2024-11-12 13:43:20,874 INFO  EvoClassLoader - Seeing class for first time: org.robolectric.Robolectric
2024-11-12 13:43:20,874 INFO  EvoClassLoader - Instrumenting class 'org.robolectric.Robolectric'.
2024-11-12 13:43:20,874 INFO  EvoClassLoader - Error while loading class: java.lang.ClassNotFoundException: Class 'org/robolectric/Robolectric.class' should be in target project, but could not be found!
2024-11-12 13:43:20,884 INFO  log - Logging initialized @62814ms to org.eclipse.jetty.util.log.Slf4jLog
2024-11-12 13:43:20,886 INFO  EvoClassLoader - Seeing class for first time: org.mockito.configuration.MockitoConfiguration
2024-11-12 13:43:20,886 INFO  EvoClassLoader - Instrumenting class 'org.mockito.configuration.MockitoConfiguration'.
2024-11-12 13:43:20,886 INFO  EvoClassLoader - Error while loading class: java.lang.ClassNotFoundException: Class 'org/mockito/configuration/MockitoConfiguration.class' should be in target project, but could not be found!
]]></system-out>
  </testcase>
  <testcase name="test074" classname="org.apache.hadoop.hdfs.qjournal.protocol.QJournalProtocolProtos_ESTest" time="0.027">
    <system-out><![CDATA[2024-11-12 13:43:20,894 INFO  EvoClassLoader - Seeing class for first time: libcore.io.Memory
2024-11-12 13:43:20,894 INFO  EvoClassLoader - Instrumenting class 'libcore.io.Memory'.
2024-11-12 13:43:20,894 INFO  EvoClassLoader - Error while loading class: java.lang.ClassNotFoundException: Class 'libcore/io/Memory.class' should be in target project, but could not be found!
2024-11-12 13:43:20,894 INFO  EvoClassLoader - Seeing class for first time: org.robolectric.Robolectric
2024-11-12 13:43:20,894 INFO  EvoClassLoader - Instrumenting class 'org.robolectric.Robolectric'.
2024-11-12 13:43:20,894 INFO  EvoClassLoader - Error while loading class: java.lang.ClassNotFoundException: Class 'org/robolectric/Robolectric.class' should be in target project, but could not be found!
2024-11-12 13:43:20,905 INFO  log - Logging initialized @62835ms to org.eclipse.jetty.util.log.Slf4jLog
2024-11-12 13:43:20,907 INFO  EvoClassLoader - Seeing class for first time: org.mockito.configuration.MockitoConfiguration
2024-11-12 13:43:20,907 INFO  EvoClassLoader - Instrumenting class 'org.mockito.configuration.MockitoConfiguration'.
2024-11-12 13:43:20,908 INFO  EvoClassLoader - Error while loading class: java.lang.ClassNotFoundException: Class 'org/mockito/configuration/MockitoConfiguration.class' should be in target project, but could not be found!
]]></system-out>
  </testcase>
  <testcase name="test071" classname="org.apache.hadoop.hdfs.qjournal.protocol.QJournalProtocolProtos_ESTest" time="0.017">
    <system-out><![CDATA[2024-11-12 13:43:20,917 INFO  EvoClassLoader - Seeing class for first time: libcore.io.Memory
2024-11-12 13:43:20,917 INFO  EvoClassLoader - Instrumenting class 'libcore.io.Memory'.
2024-11-12 13:43:20,917 INFO  EvoClassLoader - Error while loading class: java.lang.ClassNotFoundException: Class 'libcore/io/Memory.class' should be in target project, but could not be found!
2024-11-12 13:43:20,917 INFO  EvoClassLoader - Seeing class for first time: org.robolectric.Robolectric
2024-11-12 13:43:20,917 INFO  EvoClassLoader - Instrumenting class 'org.robolectric.Robolectric'.
2024-11-12 13:43:20,918 INFO  EvoClassLoader - Error while loading class: java.lang.ClassNotFoundException: Class 'org/robolectric/Robolectric.class' should be in target project, but could not be found!
2024-11-12 13:43:20,928 INFO  log - Logging initialized @62858ms to org.eclipse.jetty.util.log.Slf4jLog
2024-11-12 13:43:20,930 INFO  EvoClassLoader - Seeing class for first time: org.mockito.configuration.MockitoConfiguration
2024-11-12 13:43:20,930 INFO  EvoClassLoader - Instrumenting class 'org.mockito.configuration.MockitoConfiguration'.
2024-11-12 13:43:20,930 INFO  EvoClassLoader - Error while loading class: java.lang.ClassNotFoundException: Class 'org/mockito/configuration/MockitoConfiguration.class' should be in target project, but could not be found!
]]></system-out>
  </testcase>
  <testcase name="test072" classname="org.apache.hadoop.hdfs.qjournal.protocol.QJournalProtocolProtos_ESTest" time="0.018">
    <system-out><![CDATA[2024-11-12 13:43:20,937 INFO  EvoClassLoader - Seeing class for first time: libcore.io.Memory
2024-11-12 13:43:20,937 INFO  EvoClassLoader - Instrumenting class 'libcore.io.Memory'.
2024-11-12 13:43:20,937 INFO  EvoClassLoader - Error while loading class: java.lang.ClassNotFoundException: Class 'libcore/io/Memory.class' should be in target project, but could not be found!
2024-11-12 13:43:20,937 INFO  EvoClassLoader - Seeing class for first time: org.robolectric.Robolectric
2024-11-12 13:43:20,937 INFO  EvoClassLoader - Instrumenting class 'org.robolectric.Robolectric'.
2024-11-12 13:43:20,937 INFO  EvoClassLoader - Error while loading class: java.lang.ClassNotFoundException: Class 'org/robolectric/Robolectric.class' should be in target project, but could not be found!
2024-11-12 13:43:20,948 INFO  log - Logging initialized @62878ms to org.eclipse.jetty.util.log.Slf4jLog
2024-11-12 13:43:20,950 INFO  EvoClassLoader - Seeing class for first time: org.mockito.configuration.MockitoConfiguration
2024-11-12 13:43:20,950 INFO  EvoClassLoader - Instrumenting class 'org.mockito.configuration.MockitoConfiguration'.
2024-11-12 13:43:20,950 INFO  EvoClassLoader - Error while loading class: java.lang.ClassNotFoundException: Class 'org/mockito/configuration/MockitoConfiguration.class' should be in target project, but could not be found!
]]></system-out>
  </testcase>
  <testcase name="test077" classname="org.apache.hadoop.hdfs.qjournal.protocol.QJournalProtocolProtos_ESTest" time="0.02">
    <system-out><![CDATA[2024-11-12 13:43:20,955 INFO  EvoClassLoader - Seeing class for first time: libcore.io.Memory
2024-11-12 13:43:20,955 INFO  EvoClassLoader - Instrumenting class 'libcore.io.Memory'.
2024-11-12 13:43:20,955 INFO  EvoClassLoader - Error while loading class: java.lang.ClassNotFoundException: Class 'libcore/io/Memory.class' should be in target project, but could not be found!
2024-11-12 13:43:20,956 INFO  EvoClassLoader - Seeing class for first time: org.robolectric.Robolectric
2024-11-12 13:43:20,956 INFO  EvoClassLoader - Instrumenting class 'org.robolectric.Robolectric'.
2024-11-12 13:43:20,956 INFO  EvoClassLoader - Error while loading class: java.lang.ClassNotFoundException: Class 'org/robolectric/Robolectric.class' should be in target project, but could not be found!
2024-11-12 13:43:20,966 INFO  log - Logging initialized @62896ms to org.eclipse.jetty.util.log.Slf4jLog
2024-11-12 13:43:20,968 INFO  EvoClassLoader - Seeing class for first time: org.mockito.configuration.MockitoConfiguration
2024-11-12 13:43:20,968 INFO  EvoClassLoader - Instrumenting class 'org.mockito.configuration.MockitoConfiguration'.
2024-11-12 13:43:20,968 INFO  EvoClassLoader - Error while loading class: java.lang.ClassNotFoundException: Class 'org/mockito/configuration/MockitoConfiguration.class' should be in target project, but could not be found!
]]></system-out>
  </testcase>
  <testcase name="test110" classname="org.apache.hadoop.hdfs.qjournal.protocol.QJournalProtocolProtos_ESTest" time="0.019">
    <system-out><![CDATA[2024-11-12 13:43:20,974 INFO  EvoClassLoader - Seeing class for first time: libcore.io.Memory
2024-11-12 13:43:20,974 INFO  EvoClassLoader - Instrumenting class 'libcore.io.Memory'.
2024-11-12 13:43:20,975 INFO  EvoClassLoader - Error while loading class: java.lang.ClassNotFoundException: Class 'libcore/io/Memory.class' should be in target project, but could not be found!
2024-11-12 13:43:20,975 INFO  EvoClassLoader - Seeing class for first time: org.robolectric.Robolectric
2024-11-12 13:43:20,975 INFO  EvoClassLoader - Instrumenting class 'org.robolectric.Robolectric'.
2024-11-12 13:43:20,975 INFO  EvoClassLoader - Error while loading class: java.lang.ClassNotFoundException: Class 'org/robolectric/Robolectric.class' should be in target project, but could not be found!
2024-11-12 13:43:20,986 INFO  log - Logging initialized @62916ms to org.eclipse.jetty.util.log.Slf4jLog
2024-11-12 13:43:20,988 INFO  EvoClassLoader - Seeing class for first time: org.mockito.configuration.MockitoConfiguration
2024-11-12 13:43:20,988 INFO  EvoClassLoader - Instrumenting class 'org.mockito.configuration.MockitoConfiguration'.
2024-11-12 13:43:20,988 INFO  EvoClassLoader - Error while loading class: java.lang.ClassNotFoundException: Class 'org/mockito/configuration/MockitoConfiguration.class' should be in target project, but could not be found!
]]></system-out>
  </testcase>
  <testcase name="test078" classname="org.apache.hadoop.hdfs.qjournal.protocol.QJournalProtocolProtos_ESTest" time="0.019">
    <system-out><![CDATA[2024-11-12 13:43:20,993 INFO  EvoClassLoader - Seeing class for first time: libcore.io.Memory
2024-11-12 13:43:20,993 INFO  EvoClassLoader - Instrumenting class 'libcore.io.Memory'.
2024-11-12 13:43:20,993 INFO  EvoClassLoader - Error while loading class: java.lang.ClassNotFoundException: Class 'libcore/io/Memory.class' should be in target project, but could not be found!
2024-11-12 13:43:20,993 INFO  EvoClassLoader - Seeing class for first time: org.robolectric.Robolectric
2024-11-12 13:43:20,993 INFO  EvoClassLoader - Instrumenting class 'org.robolectric.Robolectric'.
2024-11-12 13:43:20,993 INFO  EvoClassLoader - Error while loading class: java.lang.ClassNotFoundException: Class 'org/robolectric/Robolectric.class' should be in target project, but could not be found!
2024-11-12 13:43:21,005 INFO  log - Logging initialized @62935ms to org.eclipse.jetty.util.log.Slf4jLog
2024-11-12 13:43:21,007 INFO  EvoClassLoader - Seeing class for first time: org.mockito.configuration.MockitoConfiguration
2024-11-12 13:43:21,007 INFO  EvoClassLoader - Instrumenting class 'org.mockito.configuration.MockitoConfiguration'.
2024-11-12 13:43:21,007 INFO  EvoClassLoader - Error while loading class: java.lang.ClassNotFoundException: Class 'org/mockito/configuration/MockitoConfiguration.class' should be in target project, but could not be found!
]]></system-out>
  </testcase>
  <testcase name="test111" classname="org.apache.hadoop.hdfs.qjournal.protocol.QJournalProtocolProtos_ESTest" time="0.023">
    <system-out><![CDATA[2024-11-12 13:43:21,012 INFO  EvoClassLoader - Seeing class for first time: libcore.io.Memory
2024-11-12 13:43:21,012 INFO  EvoClassLoader - Instrumenting class 'libcore.io.Memory'.
2024-11-12 13:43:21,012 INFO  EvoClassLoader - Error while loading class: java.lang.ClassNotFoundException: Class 'libcore/io/Memory.class' should be in target project, but could not be found!
2024-11-12 13:43:21,012 INFO  EvoClassLoader - Seeing class for first time: org.robolectric.Robolectric
2024-11-12 13:43:21,012 INFO  EvoClassLoader - Instrumenting class 'org.robolectric.Robolectric'.
2024-11-12 13:43:21,012 INFO  EvoClassLoader - Error while loading class: java.lang.ClassNotFoundException: Class 'org/robolectric/Robolectric.class' should be in target project, but could not be found!
2024-11-12 13:43:21,023 INFO  log - Logging initialized @62953ms to org.eclipse.jetty.util.log.Slf4jLog
2024-11-12 13:43:21,026 INFO  EvoClassLoader - Seeing class for first time: org.mockito.configuration.MockitoConfiguration
2024-11-12 13:43:21,026 INFO  EvoClassLoader - Instrumenting class 'org.mockito.configuration.MockitoConfiguration'.
2024-11-12 13:43:21,026 INFO  EvoClassLoader - Error while loading class: java.lang.ClassNotFoundException: Class 'org/mockito/configuration/MockitoConfiguration.class' should be in target project, but could not be found!
]]></system-out>
  </testcase>
  <testcase name="test075" classname="org.apache.hadoop.hdfs.qjournal.protocol.QJournalProtocolProtos_ESTest" time="0.015">
    <system-out><![CDATA[2024-11-12 13:43:21,031 INFO  EvoClassLoader - Seeing class for first time: libcore.io.Memory
2024-11-12 13:43:21,031 INFO  EvoClassLoader - Instrumenting class 'libcore.io.Memory'.
2024-11-12 13:43:21,032 INFO  EvoClassLoader - Error while loading class: java.lang.ClassNotFoundException: Class 'libcore/io/Memory.class' should be in target project, but could not be found!
2024-11-12 13:43:21,032 INFO  EvoClassLoader - Seeing class for first time: org.robolectric.Robolectric
2024-11-12 13:43:21,032 INFO  EvoClassLoader - Instrumenting class 'org.robolectric.Robolectric'.
2024-11-12 13:43:21,032 INFO  EvoClassLoader - Error while loading class: java.lang.ClassNotFoundException: Class 'org/robolectric/Robolectric.class' should be in target project, but could not be found!
2024-11-12 13:43:21,044 INFO  log - Logging initialized @62974ms to org.eclipse.jetty.util.log.Slf4jLog
2024-11-12 13:43:21,046 INFO  EvoClassLoader - Seeing class for first time: org.mockito.configuration.MockitoConfiguration
2024-11-12 13:43:21,046 INFO  EvoClassLoader - Instrumenting class 'org.mockito.configuration.MockitoConfiguration'.
2024-11-12 13:43:21,047 INFO  EvoClassLoader - Error while loading class: java.lang.ClassNotFoundException: Class 'org/mockito/configuration/MockitoConfiguration.class' should be in target project, but could not be found!
]]></system-out>
  </testcase>
  <testcase name="test076" classname="org.apache.hadoop.hdfs.qjournal.protocol.QJournalProtocolProtos_ESTest" time="0.025">
    <system-out><![CDATA[2024-11-12 13:43:21,051 INFO  EvoClassLoader - Seeing class for first time: libcore.io.Memory
2024-11-12 13:43:21,051 INFO  EvoClassLoader - Instrumenting class 'libcore.io.Memory'.
2024-11-12 13:43:21,052 INFO  EvoClassLoader - Error while loading class: java.lang.ClassNotFoundException: Class 'libcore/io/Memory.class' should be in target project, but could not be found!
2024-11-12 13:43:21,052 INFO  EvoClassLoader - Seeing class for first time: org.robolectric.Robolectric
2024-11-12 13:43:21,052 INFO  EvoClassLoader - Instrumenting class 'org.robolectric.Robolectric'.
2024-11-12 13:43:21,052 INFO  EvoClassLoader - Error while loading class: java.lang.ClassNotFoundException: Class 'org/robolectric/Robolectric.class' should be in target project, but could not be found!
2024-11-12 13:43:21,062 INFO  log - Logging initialized @62992ms to org.eclipse.jetty.util.log.Slf4jLog
2024-11-12 13:43:21,065 INFO  EvoClassLoader - Seeing class for first time: org.mockito.configuration.MockitoConfiguration
2024-11-12 13:43:21,065 INFO  EvoClassLoader - Instrumenting class 'org.mockito.configuration.MockitoConfiguration'.
2024-11-12 13:43:21,065 INFO  EvoClassLoader - Error while loading class: java.lang.ClassNotFoundException: Class 'org/mockito/configuration/MockitoConfiguration.class' should be in target project, but could not be found!
]]></system-out>
  </testcase>
  <testcase name="test070" classname="org.apache.hadoop.hdfs.qjournal.protocol.QJournalProtocolProtos_ESTest" time="0.017">
    <system-out><![CDATA[2024-11-12 13:43:21,071 INFO  EvoClassLoader - Seeing class for first time: libcore.io.Memory
2024-11-12 13:43:21,071 INFO  EvoClassLoader - Instrumenting class 'libcore.io.Memory'.
2024-11-12 13:43:21,071 INFO  EvoClassLoader - Error while loading class: java.lang.ClassNotFoundException: Class 'libcore/io/Memory.class' should be in target project, but could not be found!
2024-11-12 13:43:21,071 INFO  EvoClassLoader - Seeing class for first time: org.robolectric.Robolectric
2024-11-12 13:43:21,071 INFO  EvoClassLoader - Instrumenting class 'org.robolectric.Robolectric'.
2024-11-12 13:43:21,071 INFO  EvoClassLoader - Error while loading class: java.lang.ClassNotFoundException: Class 'org/robolectric/Robolectric.class' should be in target project, but could not be found!
2024-11-12 13:43:21,082 INFO  log - Logging initialized @63012ms to org.eclipse.jetty.util.log.Slf4jLog
2024-11-12 13:43:21,086 INFO  EvoClassLoader - Seeing class for first time: org.mockito.configuration.MockitoConfiguration
2024-11-12 13:43:21,086 INFO  EvoClassLoader - Instrumenting class 'org.mockito.configuration.MockitoConfiguration'.
2024-11-12 13:43:21,086 INFO  EvoClassLoader - Error while loading class: java.lang.ClassNotFoundException: Class 'org/mockito/configuration/MockitoConfiguration.class' should be in target project, but could not be found!
]]></system-out>
  </testcase>
</testsuite>