<?xml version="1.0" encoding="UTF-8"?>
<testsuite xmlns:xsi="http://www.w3.org/2001/XMLSchema-instance" xsi:noNamespaceSchemaLocation="https://maven.apache.org/surefire/maven-surefire-plugin/xsd/surefire-test-report-3.0.xsd" version="3.0" name="org.apache.hadoop.hdfs.server.namenode.ha.proto.HAZKInfoProtos_ESTest" time="1.587" tests="78" errors="0" skipped="0" failures="0">
  <properties>
    <property name="awt.toolkit" value="sun.awt.X11.XToolkit"/>
    <property name="file.encoding.pkg" value="sun.io"/>
    <property name="java.specification.version" value="1.8"/>
    <property name="sun.cpu.isalist" value=""/>
    <property name="sun.jnu.encoding" value="UTF-8"/>
    <property name="java.class.path" value="/home/wtwhite/code/regression-test-generation-NON-SOURCE-EQUIV/find-diff-classes/compile/gaoss/org/apache/hadoop/hadoop-hdfs/3.4.0/target/test-classes:/home/wtwhite/code/regression-test-generation-NON-SOURCE-EQUIV/find-diff-classes/compile/gaoss/org/apache/hadoop/hadoop-hdfs/3.4.0/target/classes:/home/wtwhite/code/craw-redhat-oss/wget/crawl/google-aoss/org/apache/hadoop/hadoop-hdfs/3.4.0/hadoop-hdfs-3.4.0.jar:/home/wtwhite/code/regression-test-generation-NON-SOURCE-EQUIV/find-diff-classes/compile/gaoss/org/apache/hadoop/hadoop-hdfs/3.4.0/t/dependency/AppleJavaExtensions-1.4.jar:/home/wtwhite/code/regression-test-generation-NON-SOURCE-EQUIV/find-diff-classes/compile/gaoss/org/apache/hadoop/hadoop-hdfs/3.4.0/t/dependency/animal-sniffer-annotations-1.17.jar:/home/wtwhite/code/regression-test-generation-NON-SOURCE-EQUIV/find-diff-classes/compile/gaoss/org/apache/hadoop/hadoop-hdfs/3.4.0/t/dependency/apiguardian-api-1.1.2.jar:/home/wtwhite/code/regression-test-generation-NON-SOURCE-EQUIV/find-diff-classes/compile/gaoss/org/apache/hadoop/hadoop-hdfs/3.4.0/t/dependency/asm-5.0.4.jar:/home/wtwhite/code/regression-test-generation-NON-SOURCE-EQUIV/find-diff-classes/compile/gaoss/org/apache/hadoop/hadoop-hdfs/3.4.0/t/dependency/asm-commons-5.0.2.jar:/home/wtwhite/code/regression-test-generation-NON-SOURCE-EQUIV/find-diff-classes/compile/gaoss/org/apache/hadoop/hadoop-hdfs/3.4.0/t/dependency/asm-debug-all-5.0.2.jar:/home/wtwhite/code/regression-test-generation-NON-SOURCE-EQUIV/find-diff-classes/compile/gaoss/org/apache/hadoop/hadoop-hdfs/3.4.0/t/dependency/asm-tree-5.0.2.jar:/home/wtwhite/code/regression-test-generation-NON-SOURCE-EQUIV/find-diff-classes/compile/gaoss/org/apache/hadoop/hadoop-hdfs/3.4.0/t/dependency/assertj-core-3.12.2.jar:/home/wtwhite/code/regression-test-generation-NON-SOURCE-EQUIV/find-diff-classes/compile/gaoss/org/apache/hadoop/hadoop-hdfs/3.4.0/t/dependency/audience-annotations-0.12.0.jar:/home/wtwhite/code/regression-test-generation-NON-SOURCE-EQUIV/find-diff-classes/compile/gaoss/org/apache/hadoop/hadoop-hdfs/3.4.0/t/dependency/avro-1.9.2.jar:/home/wtwhite/code/regression-test-generation-NON-SOURCE-EQUIV/find-diff-classes/compile/gaoss/org/apache/hadoop/hadoop-hdfs/3.4.0/t/dependency/bcel-findbugs-6.0.jar:/home/wtwhite/code/regression-test-generation-NON-SOURCE-EQUIV/find-diff-classes/compile/gaoss/org/apache/hadoop/hadoop-hdfs/3.4.0/t/dependency/bcprov-jdk15on-1.70.jar:/home/wtwhite/code/regression-test-generation-NON-SOURCE-EQUIV/find-diff-classes/compile/gaoss/org/apache/hadoop/hadoop-hdfs/3.4.0/t/dependency/byte-buddy-1.9.10.jar:/home/wtwhite/code/regression-test-generation-NON-SOURCE-EQUIV/find-diff-classes/compile/gaoss/org/apache/hadoop/hadoop-hdfs/3.4.0/t/dependency/byte-buddy-agent-1.9.10.jar:/home/wtwhite/code/regression-test-generation-NON-SOURCE-EQUIV/find-diff-classes/compile/gaoss/org/apache/hadoop/hadoop-hdfs/3.4.0/t/dependency/checker-qual-2.5.2.jar:/home/wtwhite/code/regression-test-generation-NON-SOURCE-EQUIV/find-diff-classes/compile/gaoss/org/apache/hadoop/hadoop-hdfs/3.4.0/t/dependency/commons-beanutils-1.9.4.jar:/home/wtwhite/code/regression-test-generation-NON-SOURCE-EQUIV/find-diff-classes/compile/gaoss/org/apache/hadoop/hadoop-hdfs/3.4.0/t/dependency/commons-cli-1.5.0.jar:/home/wtwhite/code/regression-test-generation-NON-SOURCE-EQUIV/find-diff-classes/compile/gaoss/org/apache/hadoop/hadoop-hdfs/3.4.0/t/dependency/commons-codec-1.15.jar:/home/wtwhite/code/regression-test-generation-NON-SOURCE-EQUIV/find-diff-classes/compile/gaoss/org/apache/hadoop/hadoop-hdfs/3.4.0/t/dependency/commons-collections-3.2.2.jar:/home/wtwhite/code/regression-test-generation-NON-SOURCE-EQUIV/find-diff-classes/compile/gaoss/org/apache/hadoop/hadoop-hdfs/3.4.0/t/dependency/commons-compress-1.24.0.jar:/home/wtwhite/code/regression-test-generation-NON-SOURCE-EQUIV/find-diff-classes/compile/gaoss/org/apache/hadoop/hadoop-hdfs/3.4.0/t/dependency/commons-configuration2-2.8.0.jar:/home/wtwhite/code/regression-test-generation-NON-SOURCE-EQUIV/find-diff-classes/compile/gaoss/org/apache/hadoop/hadoop-hdfs/3.4.0/t/dependency/commons-daemon-1.0.13.jar:/home/wtwhite/code/regression-test-generation-NON-SOURCE-EQUIV/find-diff-classes/compile/gaoss/org/apache/hadoop/hadoop-hdfs/3.4.0/t/dependency/commons-io-2.14.0.jar:/home/wtwhite/code/regression-test-generation-NON-SOURCE-EQUIV/find-diff-classes/compile/gaoss/org/apache/hadoop/hadoop-hdfs/3.4.0/t/dependency/commons-lang-2.6.jar:/home/wtwhite/code/regression-test-generation-NON-SOURCE-EQUIV/find-diff-classes/compile/gaoss/org/apache/hadoop/hadoop-hdfs/3.4.0/t/dependency/commons-lang3-3.12.0.jar:/home/wtwhite/code/regression-test-generation-NON-SOURCE-EQUIV/find-diff-classes/compile/gaoss/org/apache/hadoop/hadoop-hdfs/3.4.0/t/dependency/commons-logging-1.2.jar:/home/wtwhite/code/regression-test-generation-NON-SOURCE-EQUIV/find-diff-classes/compile/gaoss/org/apache/hadoop/hadoop-hdfs/3.4.0/t/dependency/commons-math3-3.6.1.jar:/home/wtwhite/code/regression-test-generation-NON-SOURCE-EQUIV/find-diff-classes/compile/gaoss/org/apache/hadoop/hadoop-hdfs/3.4.0/t/dependency/commons-net-3.9.0.jar:/home/wtwhite/code/regression-test-generation-NON-SOURCE-EQUIV/find-diff-classes/compile/gaoss/org/apache/hadoop/hadoop-hdfs/3.4.0/t/dependency/commons-text-1.10.0.jar:/home/wtwhite/code/regression-test-generation-NON-SOURCE-EQUIV/find-diff-classes/compile/gaoss/org/apache/hadoop/hadoop-hdfs/3.4.0/t/dependency/curator-client-5.2.0.jar:/home/wtwhite/code/regression-test-generation-NON-SOURCE-EQUIV/find-diff-classes/compile/gaoss/org/apache/hadoop/hadoop-hdfs/3.4.0/t/dependency/curator-framework-5.2.0.jar:/home/wtwhite/code/regression-test-generation-NON-SOURCE-EQUIV/find-diff-classes/compile/gaoss/org/apache/hadoop/hadoop-hdfs/3.4.0/t/dependency/curator-recipes-5.2.0.jar:/home/wtwhite/code/regression-test-generation-NON-SOURCE-EQUIV/find-diff-classes/compile/gaoss/org/apache/hadoop/hadoop-hdfs/3.4.0/t/dependency/curator-test-5.2.0.jar:/home/wtwhite/code/regression-test-generation-NON-SOURCE-EQUIV/find-diff-classes/compile/gaoss/org/apache/hadoop/hadoop-hdfs/3.4.0/t/dependency/dnsjava-3.4.0.jar:/home/wtwhite/code/regression-test-generation-NON-SOURCE-EQUIV/find-diff-classes/compile/gaoss/org/apache/hadoop/hadoop-hdfs/3.4.0/t/dependency/dom4j-1.6.1.jar:/home/wtwhite/code/regression-test-generation-NON-SOURCE-EQUIV/find-diff-classes/compile/gaoss/org/apache/hadoop/hadoop-hdfs/3.4.0/t/dependency/failureaccess-1.0.jar:/home/wtwhite/code/regression-test-generation-NON-SOURCE-EQUIV/find-diff-classes/compile/gaoss/org/apache/hadoop/hadoop-hdfs/3.4.0/t/dependency/findbugs-3.0.1.jar:/home/wtwhite/code/regression-test-generation-NON-SOURCE-EQUIV/find-diff-classes/compile/gaoss/org/apache/hadoop/hadoop-hdfs/3.4.0/t/dependency/gson-2.9.0.jar:/home/wtwhite/code/regression-test-generation-NON-SOURCE-EQUIV/find-diff-classes/compile/gaoss/org/apache/hadoop/hadoop-hdfs/3.4.0/t/dependency/guava-27.0-jre.jar:/home/wtwhite/code/regression-test-generation-NON-SOURCE-EQUIV/find-diff-classes/compile/gaoss/org/apache/hadoop/hadoop-hdfs/3.4.0/t/dependency/hadoop-annotations-3.4.0.jar:/home/wtwhite/code/regression-test-generation-NON-SOURCE-EQUIV/find-diff-classes/compile/gaoss/org/apache/hadoop/hadoop-hdfs/3.4.0/t/dependency/hadoop-auth-3.4.0.jar:/home/wtwhite/code/regression-test-generation-NON-SOURCE-EQUIV/find-diff-classes/compile/gaoss/org/apache/hadoop/hadoop-hdfs/3.4.0/t/dependency/hadoop-common-3.4.0-tests.jar:/home/wtwhite/code/regression-test-generation-NON-SOURCE-EQUIV/find-diff-classes/compile/gaoss/org/apache/hadoop/hadoop-hdfs/3.4.0/t/dependency/hadoop-common-3.4.0.jar:/home/wtwhite/code/regression-test-generation-NON-SOURCE-EQUIV/find-diff-classes/compile/gaoss/org/apache/hadoop/hadoop-hdfs/3.4.0/t/dependency/hadoop-hdfs-client-3.4.0.jar:/home/wtwhite/code/regression-test-generation-NON-SOURCE-EQUIV/find-diff-classes/compile/gaoss/org/apache/hadoop/hadoop-hdfs/3.4.0/t/dependency/hadoop-kms-3.4.0-tests.jar:/home/wtwhite/code/regression-test-generation-NON-SOURCE-EQUIV/find-diff-classes/compile/gaoss/org/apache/hadoop/hadoop-hdfs/3.4.0/t/dependency/hadoop-kms-3.4.0.jar:/home/wtwhite/code/regression-test-generation-NON-SOURCE-EQUIV/find-diff-classes/compile/gaoss/org/apache/hadoop/hadoop-hdfs/3.4.0/t/dependency/hadoop-minikdc-3.4.0.jar:/home/wtwhite/code/regression-test-generation-NON-SOURCE-EQUIV/find-diff-classes/compile/gaoss/org/apache/hadoop/hadoop-hdfs/3.4.0/t/dependency/hadoop-shaded-guava-1.2.0.jar:/home/wtwhite/code/regression-test-generation-NON-SOURCE-EQUIV/find-diff-classes/compile/gaoss/org/apache/hadoop/hadoop-hdfs/3.4.0/t/dependency/hadoop-shaded-protobuf_3_21-1.2.0.jar:/home/wtwhite/code/regression-test-generation-NON-SOURCE-EQUIV/find-diff-classes/compile/gaoss/org/apache/hadoop/hadoop-hdfs/3.4.0/t/dependency/hamcrest-core-1.3.jar:/home/wtwhite/code/regression-test-generation-NON-SOURCE-EQUIV/find-diff-classes/compile/gaoss/org/apache/hadoop/hadoop-hdfs/3.4.0/t/dependency/httpclient-4.5.13.jar:/home/wtwhite/code/regression-test-generation-NON-SOURCE-EQUIV/find-diff-classes/compile/gaoss/org/apache/hadoop/hadoop-hdfs/3.4.0/t/dependency/httpcore-4.4.13.jar:/home/wtwhite/code/regression-test-generation-NON-SOURCE-EQUIV/find-diff-classes/compile/gaoss/org/apache/hadoop/hadoop-hdfs/3.4.0/t/dependency/j2objc-annotations-1.1.jar:/home/wtwhite/code/regression-test-generation-NON-SOURCE-EQUIV/find-diff-classes/compile/gaoss/org/apache/hadoop/hadoop-hdfs/3.4.0/t/dependency/jFormatString-2.0.1.jar:/home/wtwhite/code/regression-test-generation-NON-SOURCE-EQUIV/find-diff-classes/compile/gaoss/org/apache/hadoop/hadoop-hdfs/3.4.0/t/dependency/jackson-annotations-2.12.7.jar:/home/wtwhite/code/regression-test-generation-NON-SOURCE-EQUIV/find-diff-classes/compile/gaoss/org/apache/hadoop/hadoop-hdfs/3.4.0/t/dependency/jackson-core-2.12.7.jar:/home/wtwhite/code/regression-test-generation-NON-SOURCE-EQUIV/find-diff-classes/compile/gaoss/org/apache/hadoop/hadoop-hdfs/3.4.0/t/dependency/jackson-databind-2.12.7.1.jar:/home/wtwhite/code/regression-test-generation-NON-SOURCE-EQUIV/find-diff-classes/compile/gaoss/org/apache/hadoop/hadoop-hdfs/3.4.0/t/dependency/jakarta.activation-api-1.2.1.jar:/home/wtwhite/code/regression-test-generation-NON-SOURCE-EQUIV/find-diff-classes/compile/gaoss/org/apache/hadoop/hadoop-hdfs/3.4.0/t/dependency/javax.servlet-api-3.1.0.jar:/home/wtwhite/code/regression-test-generation-NON-SOURCE-EQUIV/find-diff-classes/compile/gaoss/org/apache/hadoop/hadoop-hdfs/3.4.0/t/dependency/jaxb-api-2.2.11.jar:/home/wtwhite/code/regression-test-generation-NON-SOURCE-EQUIV/find-diff-classes/compile/gaoss/org/apache/hadoop/hadoop-hdfs/3.4.0/t/dependency/jaxb-impl-2.2.3-1.jar:/home/wtwhite/code/regression-test-generation-NON-SOURCE-EQUIV/find-diff-classes/compile/gaoss/org/apache/hadoop/hadoop-hdfs/3.4.0/t/dependency/jaxen-1.1.6.jar:/home/wtwhite/code/regression-test-generation-NON-SOURCE-EQUIV/find-diff-classes/compile/gaoss/org/apache/hadoop/hadoop-hdfs/3.4.0/t/dependency/jcip-annotations-1.0-1.jar:/home/wtwhite/code/regression-test-generation-NON-SOURCE-EQUIV/find-diff-classes/compile/gaoss/org/apache/hadoop/hadoop-hdfs/3.4.0/t/dependency/jcip-annotations-1.0.jar:/home/wtwhite/code/regression-test-generation-NON-SOURCE-EQUIV/find-diff-classes/compile/gaoss/org/apache/hadoop/hadoop-hdfs/3.4.0/t/dependency/jdk.tools-1.8.jar:/home/wtwhite/code/regression-test-generation-NON-SOURCE-EQUIV/find-diff-classes/compile/gaoss/org/apache/hadoop/hadoop-hdfs/3.4.0/t/dependency/jersey-core-1.19.4.jar:/home/wtwhite/code/regression-test-generation-NON-SOURCE-EQUIV/find-diff-classes/compile/gaoss/org/apache/hadoop/hadoop-hdfs/3.4.0/t/dependency/jersey-json-1.20.jar:/home/wtwhite/code/regression-test-generation-NON-SOURCE-EQUIV/find-diff-classes/compile/gaoss/org/apache/hadoop/hadoop-hdfs/3.4.0/t/dependency/jersey-server-1.19.4.jar:/home/wtwhite/code/regression-test-generation-NON-SOURCE-EQUIV/find-diff-classes/compile/gaoss/org/apache/hadoop/hadoop-hdfs/3.4.0/t/dependency/jersey-servlet-1.19.4.jar:/home/wtwhite/code/regression-test-generation-NON-SOURCE-EQUIV/find-diff-classes/compile/gaoss/org/apache/hadoop/hadoop-hdfs/3.4.0/t/dependency/jettison-1.5.4.jar:/home/wtwhite/code/regression-test-generation-NON-SOURCE-EQUIV/find-diff-classes/compile/gaoss/org/apache/hadoop/hadoop-hdfs/3.4.0/t/dependency/jetty-http-9.4.53.v20231009.jar:/home/wtwhite/code/regression-test-generation-NON-SOURCE-EQUIV/find-diff-classes/compile/gaoss/org/apache/hadoop/hadoop-hdfs/3.4.0/t/dependency/jetty-io-9.4.53.v20231009.jar:/home/wtwhite/code/regression-test-generation-NON-SOURCE-EQUIV/find-diff-classes/compile/gaoss/org/apache/hadoop/hadoop-hdfs/3.4.0/t/dependency/jetty-security-9.4.53.v20231009.jar:/home/wtwhite/code/regression-test-generation-NON-SOURCE-EQUIV/find-diff-classes/compile/gaoss/org/apache/hadoop/hadoop-hdfs/3.4.0/t/dependency/jetty-server-9.4.53.v20231009.jar:/home/wtwhite/code/regression-test-generation-NON-SOURCE-EQUIV/find-diff-classes/compile/gaoss/org/apache/hadoop/hadoop-hdfs/3.4.0/t/dependency/jetty-servlet-9.4.53.v20231009.jar:/home/wtwhite/code/regression-test-generation-NON-SOURCE-EQUIV/find-diff-classes/compile/gaoss/org/apache/hadoop/hadoop-hdfs/3.4.0/t/dependency/jetty-util-9.4.53.v20231009.jar:/home/wtwhite/code/regression-test-generation-NON-SOURCE-EQUIV/find-diff-classes/compile/gaoss/org/apache/hadoop/hadoop-hdfs/3.4.0/t/dependency/jetty-util-ajax-9.4.53.v20231009.jar:/home/wtwhite/code/regression-test-generation-NON-SOURCE-EQUIV/find-diff-classes/compile/gaoss/org/apache/hadoop/hadoop-hdfs/3.4.0/t/dependency/jetty-webapp-9.4.53.v20231009.jar:/home/wtwhite/code/regression-test-generation-NON-SOURCE-EQUIV/find-diff-classes/compile/gaoss/org/apache/hadoop/hadoop-hdfs/3.4.0/t/dependency/jetty-xml-9.4.53.v20231009.jar:/home/wtwhite/code/regression-test-generation-NON-SOURCE-EQUIV/find-diff-classes/compile/gaoss/org/apache/hadoop/hadoop-hdfs/3.4.0/t/dependency/jline-3.9.0.jar:/home/wtwhite/code/regression-test-generation-NON-SOURCE-EQUIV/find-diff-classes/compile/gaoss/org/apache/hadoop/hadoop-hdfs/3.4.0/t/dependency/jsch-0.1.55.jar:/home/wtwhite/code/regression-test-generation-NON-SOURCE-EQUIV/find-diff-classes/compile/gaoss/org/apache/hadoop/hadoop-hdfs/3.4.0/t/dependency/jsp-api-2.1.jar:/home/wtwhite/code/regression-test-generation-NON-SOURCE-EQUIV/find-diff-classes/compile/gaoss/org/apache/hadoop/hadoop-hdfs/3.4.0/t/dependency/jsr305-3.0.2.jar:/home/wtwhite/code/regression-test-generation-NON-SOURCE-EQUIV/find-diff-classes/compile/gaoss/org/apache/hadoop/hadoop-hdfs/3.4.0/t/dependency/jsr311-api-1.1.1.jar:/home/wtwhite/code/regression-test-generation-NON-SOURCE-EQUIV/find-diff-classes/compile/gaoss/org/apache/hadoop/hadoop-hdfs/3.4.0/t/dependency/jul-to-slf4j-1.7.36.jar:/home/wtwhite/code/regression-test-generation-NON-SOURCE-EQUIV/find-diff-classes/compile/gaoss/org/apache/hadoop/hadoop-hdfs/3.4.0/t/dependency/junit-4.13.2.jar:/home/wtwhite/code/regression-test-generation-NON-SOURCE-EQUIV/find-diff-classes/compile/gaoss/org/apache/hadoop/hadoop-hdfs/3.4.0/t/dependency/junit-jupiter-api-5.8.2.jar:/home/wtwhite/code/regression-test-generation-NON-SOURCE-EQUIV/find-diff-classes/compile/gaoss/org/apache/hadoop/hadoop-hdfs/3.4.0/t/dependency/junit-platform-commons-1.8.2.jar:/home/wtwhite/code/regression-test-generation-NON-SOURCE-EQUIV/find-diff-classes/compile/gaoss/org/apache/hadoop/hadoop-hdfs/3.4.0/t/dependency/kerb-admin-2.0.3.jar:/home/wtwhite/code/regression-test-generation-NON-SOURCE-EQUIV/find-diff-classes/compile/gaoss/org/apache/hadoop/hadoop-hdfs/3.4.0/t/dependency/kerb-client-2.0.3.jar:/home/wtwhite/code/regression-test-generation-NON-SOURCE-EQUIV/find-diff-classes/compile/gaoss/org/apache/hadoop/hadoop-hdfs/3.4.0/t/dependency/kerb-common-2.0.3.jar:/home/wtwhite/code/regression-test-generation-NON-SOURCE-EQUIV/find-diff-classes/compile/gaoss/org/apache/hadoop/hadoop-hdfs/3.4.0/t/dependency/kerb-core-2.0.3.jar:/home/wtwhite/code/regression-test-generation-NON-SOURCE-EQUIV/find-diff-classes/compile/gaoss/org/apache/hadoop/hadoop-hdfs/3.4.0/t/dependency/kerb-crypto-2.0.3.jar:/home/wtwhite/code/regression-test-generation-NON-SOURCE-EQUIV/find-diff-classes/compile/gaoss/org/apache/hadoop/hadoop-hdfs/3.4.0/t/dependency/kerb-identity-2.0.3.jar:/home/wtwhite/code/regression-test-generation-NON-SOURCE-EQUIV/find-diff-classes/compile/gaoss/org/apache/hadoop/hadoop-hdfs/3.4.0/t/dependency/kerb-server-2.0.3.jar:/home/wtwhite/code/regression-test-generation-NON-SOURCE-EQUIV/find-diff-classes/compile/gaoss/org/apache/hadoop/hadoop-hdfs/3.4.0/t/dependency/kerb-simplekdc-2.0.3.jar:/home/wtwhite/code/regression-test-generation-NON-SOURCE-EQUIV/find-diff-classes/compile/gaoss/org/apache/hadoop/hadoop-hdfs/3.4.0/t/dependency/kerb-util-2.0.3.jar:/home/wtwhite/code/regression-test-generation-NON-SOURCE-EQUIV/find-diff-classes/compile/gaoss/org/apache/hadoop/hadoop-hdfs/3.4.0/t/dependency/kerby-asn1-2.0.3.jar:/home/wtwhite/code/regression-test-generation-NON-SOURCE-EQUIV/find-diff-classes/compile/gaoss/org/apache/hadoop/hadoop-hdfs/3.4.0/t/dependency/kerby-config-2.0.3.jar:/home/wtwhite/code/regression-test-generation-NON-SOURCE-EQUIV/find-diff-classes/compile/gaoss/org/apache/hadoop/hadoop-hdfs/3.4.0/t/dependency/kerby-pkix-2.0.3.jar:/home/wtwhite/code/regression-test-generation-NON-SOURCE-EQUIV/find-diff-classes/compile/gaoss/org/apache/hadoop/hadoop-hdfs/3.4.0/t/dependency/kerby-util-2.0.3.jar:/home/wtwhite/code/regression-test-generation-NON-SOURCE-EQUIV/find-diff-classes/compile/gaoss/org/apache/hadoop/hadoop-hdfs/3.4.0/t/dependency/kerby-xdr-2.0.3.jar:/home/wtwhite/code/regression-test-generation-NON-SOURCE-EQUIV/find-diff-classes/compile/gaoss/org/apache/hadoop/hadoop-hdfs/3.4.0/t/dependency/leveldbjni-all-1.8.jar:/home/wtwhite/code/regression-test-generation-NON-SOURCE-EQUIV/find-diff-classes/compile/gaoss/org/apache/hadoop/hadoop-hdfs/3.4.0/t/dependency/listenablefuture-9999.0-empty-to-avoid-conflict-with-guava.jar:/home/wtwhite/code/regression-test-generation-NON-SOURCE-EQUIV/find-diff-classes/compile/gaoss/org/apache/hadoop/hadoop-hdfs/3.4.0/t/dependency/lz4-java-1.7.1.jar:/home/wtwhite/code/regression-test-generation-NON-SOURCE-EQUIV/find-diff-classes/compile/gaoss/org/apache/hadoop/hadoop-hdfs/3.4.0/t/dependency/metrics-core-3.2.4.jar:/home/wtwhite/code/regression-test-generation-NON-SOURCE-EQUIV/find-diff-classes/compile/gaoss/org/apache/hadoop/hadoop-hdfs/3.4.0/t/dependency/mockito-core-2.28.2.jar:/home/wtwhite/code/regression-test-generation-NON-SOURCE-EQUIV/find-diff-classes/compile/gaoss/org/apache/hadoop/hadoop-hdfs/3.4.0/t/dependency/netty-all-4.1.100.Final.jar:/home/wtwhite/code/regression-test-generation-NON-SOURCE-EQUIV/find-diff-classes/compile/gaoss/org/apache/hadoop/hadoop-hdfs/3.4.0/t/dependency/netty-buffer-4.1.100.Final.jar:/home/wtwhite/code/regression-test-generation-NON-SOURCE-EQUIV/find-diff-classes/compile/gaoss/org/apache/hadoop/hadoop-hdfs/3.4.0/t/dependency/netty-codec-4.1.100.Final.jar:/home/wtwhite/code/regression-test-generation-NON-SOURCE-EQUIV/find-diff-classes/compile/gaoss/org/apache/hadoop/hadoop-hdfs/3.4.0/t/dependency/netty-codec-dns-4.1.100.Final.jar:/home/wtwhite/code/regression-test-generation-NON-SOURCE-EQUIV/find-diff-classes/compile/gaoss/org/apache/hadoop/hadoop-hdfs/3.4.0/t/dependency/netty-codec-haproxy-4.1.100.Final.jar:/home/wtwhite/code/regression-test-generation-NON-SOURCE-EQUIV/find-diff-classes/compile/gaoss/org/apache/hadoop/hadoop-hdfs/3.4.0/t/dependency/netty-codec-http-4.1.100.Final.jar:/home/wtwhite/code/regression-test-generation-NON-SOURCE-EQUIV/find-diff-classes/compile/gaoss/org/apache/hadoop/hadoop-hdfs/3.4.0/t/dependency/netty-codec-http2-4.1.100.Final.jar:/home/wtwhite/code/regression-test-generation-NON-SOURCE-EQUIV/find-diff-classes/compile/gaoss/org/apache/hadoop/hadoop-hdfs/3.4.0/t/dependency/netty-codec-memcache-4.1.100.Final.jar:/home/wtwhite/code/regression-test-generation-NON-SOURCE-EQUIV/find-diff-classes/compile/gaoss/org/apache/hadoop/hadoop-hdfs/3.4.0/t/dependency/netty-codec-mqtt-4.1.100.Final.jar:/home/wtwhite/code/regression-test-generation-NON-SOURCE-EQUIV/find-diff-classes/compile/gaoss/org/apache/hadoop/hadoop-hdfs/3.4.0/t/dependency/netty-codec-redis-4.1.100.Final.jar:/home/wtwhite/code/regression-test-generation-NON-SOURCE-EQUIV/find-diff-classes/compile/gaoss/org/apache/hadoop/hadoop-hdfs/3.4.0/t/dependency/netty-codec-smtp-4.1.100.Final.jar:/home/wtwhite/code/regression-test-generation-NON-SOURCE-EQUIV/find-diff-classes/compile/gaoss/org/apache/hadoop/hadoop-hdfs/3.4.0/t/dependency/netty-codec-socks-4.1.100.Final.jar:/home/wtwhite/code/regression-test-generation-NON-SOURCE-EQUIV/find-diff-classes/compile/gaoss/org/apache/hadoop/hadoop-hdfs/3.4.0/t/dependency/netty-codec-stomp-4.1.100.Final.jar:/home/wtwhite/code/regression-test-generation-NON-SOURCE-EQUIV/find-diff-classes/compile/gaoss/org/apache/hadoop/hadoop-hdfs/3.4.0/t/dependency/netty-codec-xml-4.1.100.Final.jar:/home/wtwhite/code/regression-test-generation-NON-SOURCE-EQUIV/find-diff-classes/compile/gaoss/org/apache/hadoop/hadoop-hdfs/3.4.0/t/dependency/netty-common-4.1.100.Final.jar:/home/wtwhite/code/regression-test-generation-NON-SOURCE-EQUIV/find-diff-classes/compile/gaoss/org/apache/hadoop/hadoop-hdfs/3.4.0/t/dependency/netty-handler-4.1.100.Final.jar:/home/wtwhite/code/regression-test-generation-NON-SOURCE-EQUIV/find-diff-classes/compile/gaoss/org/apache/hadoop/hadoop-hdfs/3.4.0/t/dependency/netty-handler-proxy-4.1.100.Final.jar:/home/wtwhite/code/regression-test-generation-NON-SOURCE-EQUIV/find-diff-classes/compile/gaoss/org/apache/hadoop/hadoop-hdfs/3.4.0/t/dependency/netty-handler-ssl-ocsp-4.1.100.Final.jar:/home/wtwhite/code/regression-test-generation-NON-SOURCE-EQUIV/find-diff-classes/compile/gaoss/org/apache/hadoop/hadoop-hdfs/3.4.0/t/dependency/netty-resolver-4.1.100.Final.jar:/home/wtwhite/code/regression-test-generation-NON-SOURCE-EQUIV/find-diff-classes/compile/gaoss/org/apache/hadoop/hadoop-hdfs/3.4.0/t/dependency/netty-resolver-dns-4.1.100.Final.jar:/home/wtwhite/code/regression-test-generation-NON-SOURCE-EQUIV/find-diff-classes/compile/gaoss/org/apache/hadoop/hadoop-hdfs/3.4.0/t/dependency/netty-resolver-dns-classes-macos-4.1.100.Final.jar:/home/wtwhite/code/regression-test-generation-NON-SOURCE-EQUIV/find-diff-classes/compile/gaoss/org/apache/hadoop/hadoop-hdfs/3.4.0/t/dependency/netty-resolver-dns-native-macos-4.1.100.Final-osx-aarch_64.jar:/home/wtwhite/code/regression-test-generation-NON-SOURCE-EQUIV/find-diff-classes/compile/gaoss/org/apache/hadoop/hadoop-hdfs/3.4.0/t/dependency/netty-resolver-dns-native-macos-4.1.100.Final-osx-x86_64.jar:/home/wtwhite/code/regression-test-generation-NON-SOURCE-EQUIV/find-diff-classes/compile/gaoss/org/apache/hadoop/hadoop-hdfs/3.4.0/t/dependency/netty-transport-4.1.100.Final.jar:/home/wtwhite/code/regression-test-generation-NON-SOURCE-EQUIV/find-diff-classes/compile/gaoss/org/apache/hadoop/hadoop-hdfs/3.4.0/t/dependency/netty-transport-classes-epoll-4.1.100.Final.jar:/home/wtwhite/code/regression-test-generation-NON-SOURCE-EQUIV/find-diff-classes/compile/gaoss/org/apache/hadoop/hadoop-hdfs/3.4.0/t/dependency/netty-transport-classes-kqueue-4.1.100.Final.jar:/home/wtwhite/code/regression-test-generation-NON-SOURCE-EQUIV/find-diff-classes/compile/gaoss/org/apache/hadoop/hadoop-hdfs/3.4.0/t/dependency/netty-transport-native-epoll-4.1.100.Final-linux-aarch_64.jar:/home/wtwhite/code/regression-test-generation-NON-SOURCE-EQUIV/find-diff-classes/compile/gaoss/org/apache/hadoop/hadoop-hdfs/3.4.0/t/dependency/netty-transport-native-epoll-4.1.100.Final-linux-x86_64.jar:/home/wtwhite/code/regression-test-generation-NON-SOURCE-EQUIV/find-diff-classes/compile/gaoss/org/apache/hadoop/hadoop-hdfs/3.4.0/t/dependency/netty-transport-native-epoll-4.1.100.Final.jar:/home/wtwhite/code/regression-test-generation-NON-SOURCE-EQUIV/find-diff-classes/compile/gaoss/org/apache/hadoop/hadoop-hdfs/3.4.0/t/dependency/netty-transport-native-kqueue-4.1.100.Final-osx-aarch_64.jar:/home/wtwhite/code/regression-test-generation-NON-SOURCE-EQUIV/find-diff-classes/compile/gaoss/org/apache/hadoop/hadoop-hdfs/3.4.0/t/dependency/netty-transport-native-kqueue-4.1.100.Final-osx-x86_64.jar:/home/wtwhite/code/regression-test-generation-NON-SOURCE-EQUIV/find-diff-classes/compile/gaoss/org/apache/hadoop/hadoop-hdfs/3.4.0/t/dependency/netty-transport-native-unix-common-4.1.100.Final.jar:/home/wtwhite/code/regression-test-generation-NON-SOURCE-EQUIV/find-diff-classes/compile/gaoss/org/apache/hadoop/hadoop-hdfs/3.4.0/t/dependency/netty-transport-rxtx-4.1.100.Final.jar:/home/wtwhite/code/regression-test-generation-NON-SOURCE-EQUIV/find-diff-classes/compile/gaoss/org/apache/hadoop/hadoop-hdfs/3.4.0/t/dependency/netty-transport-sctp-4.1.100.Final.jar:/home/wtwhite/code/regression-test-generation-NON-SOURCE-EQUIV/find-diff-classes/compile/gaoss/org/apache/hadoop/hadoop-hdfs/3.4.0/t/dependency/netty-transport-udt-4.1.100.Final.jar:/home/wtwhite/code/regression-test-generation-NON-SOURCE-EQUIV/find-diff-classes/compile/gaoss/org/apache/hadoop/hadoop-hdfs/3.4.0/t/dependency/nimbus-jose-jwt-9.31.jar:/home/wtwhite/code/regression-test-generation-NON-SOURCE-EQUIV/find-diff-classes/compile/gaoss/org/apache/hadoop/hadoop-hdfs/3.4.0/t/dependency/objenesis-2.6.jar:/home/wtwhite/code/regression-test-generation-NON-SOURCE-EQUIV/find-diff-classes/compile/gaoss/org/apache/hadoop/hadoop-hdfs/3.4.0/t/dependency/opentest4j-1.2.0.jar:/home/wtwhite/code/regression-test-generation-NON-SOURCE-EQUIV/find-diff-classes/compile/gaoss/org/apache/hadoop/hadoop-hdfs/3.4.0/t/dependency/protobuf-java-2.5.0.jar:/home/wtwhite/code/regression-test-generation-NON-SOURCE-EQUIV/find-diff-classes/compile/gaoss/org/apache/hadoop/hadoop-hdfs/3.4.0/t/dependency/re2j-1.1.jar:/home/wtwhite/code/regression-test-generation-NON-SOURCE-EQUIV/find-diff-classes/compile/gaoss/org/apache/hadoop/hadoop-hdfs/3.4.0/t/dependency/reload4j-1.2.22.jar:/home/wtwhite/code/regression-test-generation-NON-SOURCE-EQUIV/find-diff-classes/compile/gaoss/org/apache/hadoop/hadoop-hdfs/3.4.0/t/dependency/slf4j-api-1.7.36.jar:/home/wtwhite/code/regression-test-generation-NON-SOURCE-EQUIV/find-diff-classes/compile/gaoss/org/apache/hadoop/hadoop-hdfs/3.4.0/t/dependency/slf4j-reload4j-1.7.36.jar:/home/wtwhite/code/regression-test-generation-NON-SOURCE-EQUIV/find-diff-classes/compile/gaoss/org/apache/hadoop/hadoop-hdfs/3.4.0/t/dependency/snappy-java-1.1.10.4.jar:/home/wtwhite/code/regression-test-generation-NON-SOURCE-EQUIV/find-diff-classes/compile/gaoss/org/apache/hadoop/hadoop-hdfs/3.4.0/t/dependency/stax2-api-4.2.1.jar:/home/wtwhite/code/regression-test-generation-NON-SOURCE-EQUIV/find-diff-classes/compile/gaoss/org/apache/hadoop/hadoop-hdfs/3.4.0/t/dependency/token-provider-2.0.3.jar:/home/wtwhite/code/regression-test-generation-NON-SOURCE-EQUIV/find-diff-classes/compile/gaoss/org/apache/hadoop/hadoop-hdfs/3.4.0/t/dependency/woodstox-core-5.4.0.jar:/home/wtwhite/code/regression-test-generation-NON-SOURCE-EQUIV/find-diff-classes/compile/gaoss/org/apache/hadoop/hadoop-hdfs/3.4.0/t/dependency/zookeeper-3.8.3-tests.jar:/home/wtwhite/code/regression-test-generation-NON-SOURCE-EQUIV/find-diff-classes/compile/gaoss/org/apache/hadoop/hadoop-hdfs/3.4.0/t/dependency/zookeeper-3.8.3.jar:/home/wtwhite/code/regression-test-generation-NON-SOURCE-EQUIV/find-diff-classes/compile/gaoss/org/apache/hadoop/hadoop-hdfs/3.4.0/t/dependency/zookeeper-jute-3.8.3.jar:/home/wtwhite/code/regression-test-generation/evosuite/evosuite-standalone-runtime-1.2.0.jar:/home/wtwhite/.m2/repository/junit/junit/4.13.2/junit-4.13.2.jar:/home/wtwhite/.m2/repository/org/hamcrest/hamcrest-core/1.3/hamcrest-core-1.3.jar:"/>
    <property name="java.vm.vendor" value="Private Build"/>
    <property name="sun.arch.data.model" value="64"/>
    <property name="java.vendor.url" value="http://java.oracle.com/"/>
    <property name="user.timezone" value="Pacific/Auckland"/>
    <property name="java.vm.specification.version" value="1.8"/>
    <property name="os.name" value="Linux"/>
    <property name="RUNDIR" value="/home/wtwhite/code/regression-test-generation-NON-SOURCE-EQUIV/find-diff-classes/run-mvn"/>
    <property name="user.country" value="NZ"/>
    <property name="sun.java.launcher" value="SUN_STANDARD"/>
    <property name="sun.boot.library.path" value="/usr/lib/jvm/java-8-openjdk-amd64/jre/lib/amd64"/>
    <property name="sun.java.command" value="/home/wtwhite/code/regression-test-generation-NON-SOURCE-EQUIV/find-diff-classes/compile/gaoss/org/apache/hadoop/hadoop-hdfs/3.4.0/target/surefire/surefirebooter-20241112134217976_3.jar /home/wtwhite/code/regression-test-generation-NON-SOURCE-EQUIV/find-diff-classes/compile/gaoss/org/apache/hadoop/hadoop-hdfs/3.4.0/target/surefire 2024-11-12T13-42-17_849-jvmRun1 surefire-20241112134217976_1tmp surefire_0-20241112134217976_2tmp"/>
    <property name="surefire.test.class.path" value="/home/wtwhite/code/regression-test-generation-NON-SOURCE-EQUIV/find-diff-classes/compile/gaoss/org/apache/hadoop/hadoop-hdfs/3.4.0/target/test-classes:/home/wtwhite/code/regression-test-generation-NON-SOURCE-EQUIV/find-diff-classes/compile/gaoss/org/apache/hadoop/hadoop-hdfs/3.4.0/target/classes:/home/wtwhite/code/craw-redhat-oss/wget/crawl/google-aoss/org/apache/hadoop/hadoop-hdfs/3.4.0/hadoop-hdfs-3.4.0.jar:/home/wtwhite/code/regression-test-generation-NON-SOURCE-EQUIV/find-diff-classes/compile/gaoss/org/apache/hadoop/hadoop-hdfs/3.4.0/t/dependency/AppleJavaExtensions-1.4.jar:/home/wtwhite/code/regression-test-generation-NON-SOURCE-EQUIV/find-diff-classes/compile/gaoss/org/apache/hadoop/hadoop-hdfs/3.4.0/t/dependency/animal-sniffer-annotations-1.17.jar:/home/wtwhite/code/regression-test-generation-NON-SOURCE-EQUIV/find-diff-classes/compile/gaoss/org/apache/hadoop/hadoop-hdfs/3.4.0/t/dependency/apiguardian-api-1.1.2.jar:/home/wtwhite/code/regression-test-generation-NON-SOURCE-EQUIV/find-diff-classes/compile/gaoss/org/apache/hadoop/hadoop-hdfs/3.4.0/t/dependency/asm-5.0.4.jar:/home/wtwhite/code/regression-test-generation-NON-SOURCE-EQUIV/find-diff-classes/compile/gaoss/org/apache/hadoop/hadoop-hdfs/3.4.0/t/dependency/asm-commons-5.0.2.jar:/home/wtwhite/code/regression-test-generation-NON-SOURCE-EQUIV/find-diff-classes/compile/gaoss/org/apache/hadoop/hadoop-hdfs/3.4.0/t/dependency/asm-debug-all-5.0.2.jar:/home/wtwhite/code/regression-test-generation-NON-SOURCE-EQUIV/find-diff-classes/compile/gaoss/org/apache/hadoop/hadoop-hdfs/3.4.0/t/dependency/asm-tree-5.0.2.jar:/home/wtwhite/code/regression-test-generation-NON-SOURCE-EQUIV/find-diff-classes/compile/gaoss/org/apache/hadoop/hadoop-hdfs/3.4.0/t/dependency/assertj-core-3.12.2.jar:/home/wtwhite/code/regression-test-generation-NON-SOURCE-EQUIV/find-diff-classes/compile/gaoss/org/apache/hadoop/hadoop-hdfs/3.4.0/t/dependency/audience-annotations-0.12.0.jar:/home/wtwhite/code/regression-test-generation-NON-SOURCE-EQUIV/find-diff-classes/compile/gaoss/org/apache/hadoop/hadoop-hdfs/3.4.0/t/dependency/avro-1.9.2.jar:/home/wtwhite/code/regression-test-generation-NON-SOURCE-EQUIV/find-diff-classes/compile/gaoss/org/apache/hadoop/hadoop-hdfs/3.4.0/t/dependency/bcel-findbugs-6.0.jar:/home/wtwhite/code/regression-test-generation-NON-SOURCE-EQUIV/find-diff-classes/compile/gaoss/org/apache/hadoop/hadoop-hdfs/3.4.0/t/dependency/bcprov-jdk15on-1.70.jar:/home/wtwhite/code/regression-test-generation-NON-SOURCE-EQUIV/find-diff-classes/compile/gaoss/org/apache/hadoop/hadoop-hdfs/3.4.0/t/dependency/byte-buddy-1.9.10.jar:/home/wtwhite/code/regression-test-generation-NON-SOURCE-EQUIV/find-diff-classes/compile/gaoss/org/apache/hadoop/hadoop-hdfs/3.4.0/t/dependency/byte-buddy-agent-1.9.10.jar:/home/wtwhite/code/regression-test-generation-NON-SOURCE-EQUIV/find-diff-classes/compile/gaoss/org/apache/hadoop/hadoop-hdfs/3.4.0/t/dependency/checker-qual-2.5.2.jar:/home/wtwhite/code/regression-test-generation-NON-SOURCE-EQUIV/find-diff-classes/compile/gaoss/org/apache/hadoop/hadoop-hdfs/3.4.0/t/dependency/commons-beanutils-1.9.4.jar:/home/wtwhite/code/regression-test-generation-NON-SOURCE-EQUIV/find-diff-classes/compile/gaoss/org/apache/hadoop/hadoop-hdfs/3.4.0/t/dependency/commons-cli-1.5.0.jar:/home/wtwhite/code/regression-test-generation-NON-SOURCE-EQUIV/find-diff-classes/compile/gaoss/org/apache/hadoop/hadoop-hdfs/3.4.0/t/dependency/commons-codec-1.15.jar:/home/wtwhite/code/regression-test-generation-NON-SOURCE-EQUIV/find-diff-classes/compile/gaoss/org/apache/hadoop/hadoop-hdfs/3.4.0/t/dependency/commons-collections-3.2.2.jar:/home/wtwhite/code/regression-test-generation-NON-SOURCE-EQUIV/find-diff-classes/compile/gaoss/org/apache/hadoop/hadoop-hdfs/3.4.0/t/dependency/commons-compress-1.24.0.jar:/home/wtwhite/code/regression-test-generation-NON-SOURCE-EQUIV/find-diff-classes/compile/gaoss/org/apache/hadoop/hadoop-hdfs/3.4.0/t/dependency/commons-configuration2-2.8.0.jar:/home/wtwhite/code/regression-test-generation-NON-SOURCE-EQUIV/find-diff-classes/compile/gaoss/org/apache/hadoop/hadoop-hdfs/3.4.0/t/dependency/commons-daemon-1.0.13.jar:/home/wtwhite/code/regression-test-generation-NON-SOURCE-EQUIV/find-diff-classes/compile/gaoss/org/apache/hadoop/hadoop-hdfs/3.4.0/t/dependency/commons-io-2.14.0.jar:/home/wtwhite/code/regression-test-generation-NON-SOURCE-EQUIV/find-diff-classes/compile/gaoss/org/apache/hadoop/hadoop-hdfs/3.4.0/t/dependency/commons-lang-2.6.jar:/home/wtwhite/code/regression-test-generation-NON-SOURCE-EQUIV/find-diff-classes/compile/gaoss/org/apache/hadoop/hadoop-hdfs/3.4.0/t/dependency/commons-lang3-3.12.0.jar:/home/wtwhite/code/regression-test-generation-NON-SOURCE-EQUIV/find-diff-classes/compile/gaoss/org/apache/hadoop/hadoop-hdfs/3.4.0/t/dependency/commons-logging-1.2.jar:/home/wtwhite/code/regression-test-generation-NON-SOURCE-EQUIV/find-diff-classes/compile/gaoss/org/apache/hadoop/hadoop-hdfs/3.4.0/t/dependency/commons-math3-3.6.1.jar:/home/wtwhite/code/regression-test-generation-NON-SOURCE-EQUIV/find-diff-classes/compile/gaoss/org/apache/hadoop/hadoop-hdfs/3.4.0/t/dependency/commons-net-3.9.0.jar:/home/wtwhite/code/regression-test-generation-NON-SOURCE-EQUIV/find-diff-classes/compile/gaoss/org/apache/hadoop/hadoop-hdfs/3.4.0/t/dependency/commons-text-1.10.0.jar:/home/wtwhite/code/regression-test-generation-NON-SOURCE-EQUIV/find-diff-classes/compile/gaoss/org/apache/hadoop/hadoop-hdfs/3.4.0/t/dependency/curator-client-5.2.0.jar:/home/wtwhite/code/regression-test-generation-NON-SOURCE-EQUIV/find-diff-classes/compile/gaoss/org/apache/hadoop/hadoop-hdfs/3.4.0/t/dependency/curator-framework-5.2.0.jar:/home/wtwhite/code/regression-test-generation-NON-SOURCE-EQUIV/find-diff-classes/compile/gaoss/org/apache/hadoop/hadoop-hdfs/3.4.0/t/dependency/curator-recipes-5.2.0.jar:/home/wtwhite/code/regression-test-generation-NON-SOURCE-EQUIV/find-diff-classes/compile/gaoss/org/apache/hadoop/hadoop-hdfs/3.4.0/t/dependency/curator-test-5.2.0.jar:/home/wtwhite/code/regression-test-generation-NON-SOURCE-EQUIV/find-diff-classes/compile/gaoss/org/apache/hadoop/hadoop-hdfs/3.4.0/t/dependency/dnsjava-3.4.0.jar:/home/wtwhite/code/regression-test-generation-NON-SOURCE-EQUIV/find-diff-classes/compile/gaoss/org/apache/hadoop/hadoop-hdfs/3.4.0/t/dependency/dom4j-1.6.1.jar:/home/wtwhite/code/regression-test-generation-NON-SOURCE-EQUIV/find-diff-classes/compile/gaoss/org/apache/hadoop/hadoop-hdfs/3.4.0/t/dependency/failureaccess-1.0.jar:/home/wtwhite/code/regression-test-generation-NON-SOURCE-EQUIV/find-diff-classes/compile/gaoss/org/apache/hadoop/hadoop-hdfs/3.4.0/t/dependency/findbugs-3.0.1.jar:/home/wtwhite/code/regression-test-generation-NON-SOURCE-EQUIV/find-diff-classes/compile/gaoss/org/apache/hadoop/hadoop-hdfs/3.4.0/t/dependency/gson-2.9.0.jar:/home/wtwhite/code/regression-test-generation-NON-SOURCE-EQUIV/find-diff-classes/compile/gaoss/org/apache/hadoop/hadoop-hdfs/3.4.0/t/dependency/guava-27.0-jre.jar:/home/wtwhite/code/regression-test-generation-NON-SOURCE-EQUIV/find-diff-classes/compile/gaoss/org/apache/hadoop/hadoop-hdfs/3.4.0/t/dependency/hadoop-annotations-3.4.0.jar:/home/wtwhite/code/regression-test-generation-NON-SOURCE-EQUIV/find-diff-classes/compile/gaoss/org/apache/hadoop/hadoop-hdfs/3.4.0/t/dependency/hadoop-auth-3.4.0.jar:/home/wtwhite/code/regression-test-generation-NON-SOURCE-EQUIV/find-diff-classes/compile/gaoss/org/apache/hadoop/hadoop-hdfs/3.4.0/t/dependency/hadoop-common-3.4.0-tests.jar:/home/wtwhite/code/regression-test-generation-NON-SOURCE-EQUIV/find-diff-classes/compile/gaoss/org/apache/hadoop/hadoop-hdfs/3.4.0/t/dependency/hadoop-common-3.4.0.jar:/home/wtwhite/code/regression-test-generation-NON-SOURCE-EQUIV/find-diff-classes/compile/gaoss/org/apache/hadoop/hadoop-hdfs/3.4.0/t/dependency/hadoop-hdfs-client-3.4.0.jar:/home/wtwhite/code/regression-test-generation-NON-SOURCE-EQUIV/find-diff-classes/compile/gaoss/org/apache/hadoop/hadoop-hdfs/3.4.0/t/dependency/hadoop-kms-3.4.0-tests.jar:/home/wtwhite/code/regression-test-generation-NON-SOURCE-EQUIV/find-diff-classes/compile/gaoss/org/apache/hadoop/hadoop-hdfs/3.4.0/t/dependency/hadoop-kms-3.4.0.jar:/home/wtwhite/code/regression-test-generation-NON-SOURCE-EQUIV/find-diff-classes/compile/gaoss/org/apache/hadoop/hadoop-hdfs/3.4.0/t/dependency/hadoop-minikdc-3.4.0.jar:/home/wtwhite/code/regression-test-generation-NON-SOURCE-EQUIV/find-diff-classes/compile/gaoss/org/apache/hadoop/hadoop-hdfs/3.4.0/t/dependency/hadoop-shaded-guava-1.2.0.jar:/home/wtwhite/code/regression-test-generation-NON-SOURCE-EQUIV/find-diff-classes/compile/gaoss/org/apache/hadoop/hadoop-hdfs/3.4.0/t/dependency/hadoop-shaded-protobuf_3_21-1.2.0.jar:/home/wtwhite/code/regression-test-generation-NON-SOURCE-EQUIV/find-diff-classes/compile/gaoss/org/apache/hadoop/hadoop-hdfs/3.4.0/t/dependency/hamcrest-core-1.3.jar:/home/wtwhite/code/regression-test-generation-NON-SOURCE-EQUIV/find-diff-classes/compile/gaoss/org/apache/hadoop/hadoop-hdfs/3.4.0/t/dependency/httpclient-4.5.13.jar:/home/wtwhite/code/regression-test-generation-NON-SOURCE-EQUIV/find-diff-classes/compile/gaoss/org/apache/hadoop/hadoop-hdfs/3.4.0/t/dependency/httpcore-4.4.13.jar:/home/wtwhite/code/regression-test-generation-NON-SOURCE-EQUIV/find-diff-classes/compile/gaoss/org/apache/hadoop/hadoop-hdfs/3.4.0/t/dependency/j2objc-annotations-1.1.jar:/home/wtwhite/code/regression-test-generation-NON-SOURCE-EQUIV/find-diff-classes/compile/gaoss/org/apache/hadoop/hadoop-hdfs/3.4.0/t/dependency/jFormatString-2.0.1.jar:/home/wtwhite/code/regression-test-generation-NON-SOURCE-EQUIV/find-diff-classes/compile/gaoss/org/apache/hadoop/hadoop-hdfs/3.4.0/t/dependency/jackson-annotations-2.12.7.jar:/home/wtwhite/code/regression-test-generation-NON-SOURCE-EQUIV/find-diff-classes/compile/gaoss/org/apache/hadoop/hadoop-hdfs/3.4.0/t/dependency/jackson-core-2.12.7.jar:/home/wtwhite/code/regression-test-generation-NON-SOURCE-EQUIV/find-diff-classes/compile/gaoss/org/apache/hadoop/hadoop-hdfs/3.4.0/t/dependency/jackson-databind-2.12.7.1.jar:/home/wtwhite/code/regression-test-generation-NON-SOURCE-EQUIV/find-diff-classes/compile/gaoss/org/apache/hadoop/hadoop-hdfs/3.4.0/t/dependency/jakarta.activation-api-1.2.1.jar:/home/wtwhite/code/regression-test-generation-NON-SOURCE-EQUIV/find-diff-classes/compile/gaoss/org/apache/hadoop/hadoop-hdfs/3.4.0/t/dependency/javax.servlet-api-3.1.0.jar:/home/wtwhite/code/regression-test-generation-NON-SOURCE-EQUIV/find-diff-classes/compile/gaoss/org/apache/hadoop/hadoop-hdfs/3.4.0/t/dependency/jaxb-api-2.2.11.jar:/home/wtwhite/code/regression-test-generation-NON-SOURCE-EQUIV/find-diff-classes/compile/gaoss/org/apache/hadoop/hadoop-hdfs/3.4.0/t/dependency/jaxb-impl-2.2.3-1.jar:/home/wtwhite/code/regression-test-generation-NON-SOURCE-EQUIV/find-diff-classes/compile/gaoss/org/apache/hadoop/hadoop-hdfs/3.4.0/t/dependency/jaxen-1.1.6.jar:/home/wtwhite/code/regression-test-generation-NON-SOURCE-EQUIV/find-diff-classes/compile/gaoss/org/apache/hadoop/hadoop-hdfs/3.4.0/t/dependency/jcip-annotations-1.0-1.jar:/home/wtwhite/code/regression-test-generation-NON-SOURCE-EQUIV/find-diff-classes/compile/gaoss/org/apache/hadoop/hadoop-hdfs/3.4.0/t/dependency/jcip-annotations-1.0.jar:/home/wtwhite/code/regression-test-generation-NON-SOURCE-EQUIV/find-diff-classes/compile/gaoss/org/apache/hadoop/hadoop-hdfs/3.4.0/t/dependency/jdk.tools-1.8.jar:/home/wtwhite/code/regression-test-generation-NON-SOURCE-EQUIV/find-diff-classes/compile/gaoss/org/apache/hadoop/hadoop-hdfs/3.4.0/t/dependency/jersey-core-1.19.4.jar:/home/wtwhite/code/regression-test-generation-NON-SOURCE-EQUIV/find-diff-classes/compile/gaoss/org/apache/hadoop/hadoop-hdfs/3.4.0/t/dependency/jersey-json-1.20.jar:/home/wtwhite/code/regression-test-generation-NON-SOURCE-EQUIV/find-diff-classes/compile/gaoss/org/apache/hadoop/hadoop-hdfs/3.4.0/t/dependency/jersey-server-1.19.4.jar:/home/wtwhite/code/regression-test-generation-NON-SOURCE-EQUIV/find-diff-classes/compile/gaoss/org/apache/hadoop/hadoop-hdfs/3.4.0/t/dependency/jersey-servlet-1.19.4.jar:/home/wtwhite/code/regression-test-generation-NON-SOURCE-EQUIV/find-diff-classes/compile/gaoss/org/apache/hadoop/hadoop-hdfs/3.4.0/t/dependency/jettison-1.5.4.jar:/home/wtwhite/code/regression-test-generation-NON-SOURCE-EQUIV/find-diff-classes/compile/gaoss/org/apache/hadoop/hadoop-hdfs/3.4.0/t/dependency/jetty-http-9.4.53.v20231009.jar:/home/wtwhite/code/regression-test-generation-NON-SOURCE-EQUIV/find-diff-classes/compile/gaoss/org/apache/hadoop/hadoop-hdfs/3.4.0/t/dependency/jetty-io-9.4.53.v20231009.jar:/home/wtwhite/code/regression-test-generation-NON-SOURCE-EQUIV/find-diff-classes/compile/gaoss/org/apache/hadoop/hadoop-hdfs/3.4.0/t/dependency/jetty-security-9.4.53.v20231009.jar:/home/wtwhite/code/regression-test-generation-NON-SOURCE-EQUIV/find-diff-classes/compile/gaoss/org/apache/hadoop/hadoop-hdfs/3.4.0/t/dependency/jetty-server-9.4.53.v20231009.jar:/home/wtwhite/code/regression-test-generation-NON-SOURCE-EQUIV/find-diff-classes/compile/gaoss/org/apache/hadoop/hadoop-hdfs/3.4.0/t/dependency/jetty-servlet-9.4.53.v20231009.jar:/home/wtwhite/code/regression-test-generation-NON-SOURCE-EQUIV/find-diff-classes/compile/gaoss/org/apache/hadoop/hadoop-hdfs/3.4.0/t/dependency/jetty-util-9.4.53.v20231009.jar:/home/wtwhite/code/regression-test-generation-NON-SOURCE-EQUIV/find-diff-classes/compile/gaoss/org/apache/hadoop/hadoop-hdfs/3.4.0/t/dependency/jetty-util-ajax-9.4.53.v20231009.jar:/home/wtwhite/code/regression-test-generation-NON-SOURCE-EQUIV/find-diff-classes/compile/gaoss/org/apache/hadoop/hadoop-hdfs/3.4.0/t/dependency/jetty-webapp-9.4.53.v20231009.jar:/home/wtwhite/code/regression-test-generation-NON-SOURCE-EQUIV/find-diff-classes/compile/gaoss/org/apache/hadoop/hadoop-hdfs/3.4.0/t/dependency/jetty-xml-9.4.53.v20231009.jar:/home/wtwhite/code/regression-test-generation-NON-SOURCE-EQUIV/find-diff-classes/compile/gaoss/org/apache/hadoop/hadoop-hdfs/3.4.0/t/dependency/jline-3.9.0.jar:/home/wtwhite/code/regression-test-generation-NON-SOURCE-EQUIV/find-diff-classes/compile/gaoss/org/apache/hadoop/hadoop-hdfs/3.4.0/t/dependency/jsch-0.1.55.jar:/home/wtwhite/code/regression-test-generation-NON-SOURCE-EQUIV/find-diff-classes/compile/gaoss/org/apache/hadoop/hadoop-hdfs/3.4.0/t/dependency/jsp-api-2.1.jar:/home/wtwhite/code/regression-test-generation-NON-SOURCE-EQUIV/find-diff-classes/compile/gaoss/org/apache/hadoop/hadoop-hdfs/3.4.0/t/dependency/jsr305-3.0.2.jar:/home/wtwhite/code/regression-test-generation-NON-SOURCE-EQUIV/find-diff-classes/compile/gaoss/org/apache/hadoop/hadoop-hdfs/3.4.0/t/dependency/jsr311-api-1.1.1.jar:/home/wtwhite/code/regression-test-generation-NON-SOURCE-EQUIV/find-diff-classes/compile/gaoss/org/apache/hadoop/hadoop-hdfs/3.4.0/t/dependency/jul-to-slf4j-1.7.36.jar:/home/wtwhite/code/regression-test-generation-NON-SOURCE-EQUIV/find-diff-classes/compile/gaoss/org/apache/hadoop/hadoop-hdfs/3.4.0/t/dependency/junit-4.13.2.jar:/home/wtwhite/code/regression-test-generation-NON-SOURCE-EQUIV/find-diff-classes/compile/gaoss/org/apache/hadoop/hadoop-hdfs/3.4.0/t/dependency/junit-jupiter-api-5.8.2.jar:/home/wtwhite/code/regression-test-generation-NON-SOURCE-EQUIV/find-diff-classes/compile/gaoss/org/apache/hadoop/hadoop-hdfs/3.4.0/t/dependency/junit-platform-commons-1.8.2.jar:/home/wtwhite/code/regression-test-generation-NON-SOURCE-EQUIV/find-diff-classes/compile/gaoss/org/apache/hadoop/hadoop-hdfs/3.4.0/t/dependency/kerb-admin-2.0.3.jar:/home/wtwhite/code/regression-test-generation-NON-SOURCE-EQUIV/find-diff-classes/compile/gaoss/org/apache/hadoop/hadoop-hdfs/3.4.0/t/dependency/kerb-client-2.0.3.jar:/home/wtwhite/code/regression-test-generation-NON-SOURCE-EQUIV/find-diff-classes/compile/gaoss/org/apache/hadoop/hadoop-hdfs/3.4.0/t/dependency/kerb-common-2.0.3.jar:/home/wtwhite/code/regression-test-generation-NON-SOURCE-EQUIV/find-diff-classes/compile/gaoss/org/apache/hadoop/hadoop-hdfs/3.4.0/t/dependency/kerb-core-2.0.3.jar:/home/wtwhite/code/regression-test-generation-NON-SOURCE-EQUIV/find-diff-classes/compile/gaoss/org/apache/hadoop/hadoop-hdfs/3.4.0/t/dependency/kerb-crypto-2.0.3.jar:/home/wtwhite/code/regression-test-generation-NON-SOURCE-EQUIV/find-diff-classes/compile/gaoss/org/apache/hadoop/hadoop-hdfs/3.4.0/t/dependency/kerb-identity-2.0.3.jar:/home/wtwhite/code/regression-test-generation-NON-SOURCE-EQUIV/find-diff-classes/compile/gaoss/org/apache/hadoop/hadoop-hdfs/3.4.0/t/dependency/kerb-server-2.0.3.jar:/home/wtwhite/code/regression-test-generation-NON-SOURCE-EQUIV/find-diff-classes/compile/gaoss/org/apache/hadoop/hadoop-hdfs/3.4.0/t/dependency/kerb-simplekdc-2.0.3.jar:/home/wtwhite/code/regression-test-generation-NON-SOURCE-EQUIV/find-diff-classes/compile/gaoss/org/apache/hadoop/hadoop-hdfs/3.4.0/t/dependency/kerb-util-2.0.3.jar:/home/wtwhite/code/regression-test-generation-NON-SOURCE-EQUIV/find-diff-classes/compile/gaoss/org/apache/hadoop/hadoop-hdfs/3.4.0/t/dependency/kerby-asn1-2.0.3.jar:/home/wtwhite/code/regression-test-generation-NON-SOURCE-EQUIV/find-diff-classes/compile/gaoss/org/apache/hadoop/hadoop-hdfs/3.4.0/t/dependency/kerby-config-2.0.3.jar:/home/wtwhite/code/regression-test-generation-NON-SOURCE-EQUIV/find-diff-classes/compile/gaoss/org/apache/hadoop/hadoop-hdfs/3.4.0/t/dependency/kerby-pkix-2.0.3.jar:/home/wtwhite/code/regression-test-generation-NON-SOURCE-EQUIV/find-diff-classes/compile/gaoss/org/apache/hadoop/hadoop-hdfs/3.4.0/t/dependency/kerby-util-2.0.3.jar:/home/wtwhite/code/regression-test-generation-NON-SOURCE-EQUIV/find-diff-classes/compile/gaoss/org/apache/hadoop/hadoop-hdfs/3.4.0/t/dependency/kerby-xdr-2.0.3.jar:/home/wtwhite/code/regression-test-generation-NON-SOURCE-EQUIV/find-diff-classes/compile/gaoss/org/apache/hadoop/hadoop-hdfs/3.4.0/t/dependency/leveldbjni-all-1.8.jar:/home/wtwhite/code/regression-test-generation-NON-SOURCE-EQUIV/find-diff-classes/compile/gaoss/org/apache/hadoop/hadoop-hdfs/3.4.0/t/dependency/listenablefuture-9999.0-empty-to-avoid-conflict-with-guava.jar:/home/wtwhite/code/regression-test-generation-NON-SOURCE-EQUIV/find-diff-classes/compile/gaoss/org/apache/hadoop/hadoop-hdfs/3.4.0/t/dependency/lz4-java-1.7.1.jar:/home/wtwhite/code/regression-test-generation-NON-SOURCE-EQUIV/find-diff-classes/compile/gaoss/org/apache/hadoop/hadoop-hdfs/3.4.0/t/dependency/metrics-core-3.2.4.jar:/home/wtwhite/code/regression-test-generation-NON-SOURCE-EQUIV/find-diff-classes/compile/gaoss/org/apache/hadoop/hadoop-hdfs/3.4.0/t/dependency/mockito-core-2.28.2.jar:/home/wtwhite/code/regression-test-generation-NON-SOURCE-EQUIV/find-diff-classes/compile/gaoss/org/apache/hadoop/hadoop-hdfs/3.4.0/t/dependency/netty-all-4.1.100.Final.jar:/home/wtwhite/code/regression-test-generation-NON-SOURCE-EQUIV/find-diff-classes/compile/gaoss/org/apache/hadoop/hadoop-hdfs/3.4.0/t/dependency/netty-buffer-4.1.100.Final.jar:/home/wtwhite/code/regression-test-generation-NON-SOURCE-EQUIV/find-diff-classes/compile/gaoss/org/apache/hadoop/hadoop-hdfs/3.4.0/t/dependency/netty-codec-4.1.100.Final.jar:/home/wtwhite/code/regression-test-generation-NON-SOURCE-EQUIV/find-diff-classes/compile/gaoss/org/apache/hadoop/hadoop-hdfs/3.4.0/t/dependency/netty-codec-dns-4.1.100.Final.jar:/home/wtwhite/code/regression-test-generation-NON-SOURCE-EQUIV/find-diff-classes/compile/gaoss/org/apache/hadoop/hadoop-hdfs/3.4.0/t/dependency/netty-codec-haproxy-4.1.100.Final.jar:/home/wtwhite/code/regression-test-generation-NON-SOURCE-EQUIV/find-diff-classes/compile/gaoss/org/apache/hadoop/hadoop-hdfs/3.4.0/t/dependency/netty-codec-http-4.1.100.Final.jar:/home/wtwhite/code/regression-test-generation-NON-SOURCE-EQUIV/find-diff-classes/compile/gaoss/org/apache/hadoop/hadoop-hdfs/3.4.0/t/dependency/netty-codec-http2-4.1.100.Final.jar:/home/wtwhite/code/regression-test-generation-NON-SOURCE-EQUIV/find-diff-classes/compile/gaoss/org/apache/hadoop/hadoop-hdfs/3.4.0/t/dependency/netty-codec-memcache-4.1.100.Final.jar:/home/wtwhite/code/regression-test-generation-NON-SOURCE-EQUIV/find-diff-classes/compile/gaoss/org/apache/hadoop/hadoop-hdfs/3.4.0/t/dependency/netty-codec-mqtt-4.1.100.Final.jar:/home/wtwhite/code/regression-test-generation-NON-SOURCE-EQUIV/find-diff-classes/compile/gaoss/org/apache/hadoop/hadoop-hdfs/3.4.0/t/dependency/netty-codec-redis-4.1.100.Final.jar:/home/wtwhite/code/regression-test-generation-NON-SOURCE-EQUIV/find-diff-classes/compile/gaoss/org/apache/hadoop/hadoop-hdfs/3.4.0/t/dependency/netty-codec-smtp-4.1.100.Final.jar:/home/wtwhite/code/regression-test-generation-NON-SOURCE-EQUIV/find-diff-classes/compile/gaoss/org/apache/hadoop/hadoop-hdfs/3.4.0/t/dependency/netty-codec-socks-4.1.100.Final.jar:/home/wtwhite/code/regression-test-generation-NON-SOURCE-EQUIV/find-diff-classes/compile/gaoss/org/apache/hadoop/hadoop-hdfs/3.4.0/t/dependency/netty-codec-stomp-4.1.100.Final.jar:/home/wtwhite/code/regression-test-generation-NON-SOURCE-EQUIV/find-diff-classes/compile/gaoss/org/apache/hadoop/hadoop-hdfs/3.4.0/t/dependency/netty-codec-xml-4.1.100.Final.jar:/home/wtwhite/code/regression-test-generation-NON-SOURCE-EQUIV/find-diff-classes/compile/gaoss/org/apache/hadoop/hadoop-hdfs/3.4.0/t/dependency/netty-common-4.1.100.Final.jar:/home/wtwhite/code/regression-test-generation-NON-SOURCE-EQUIV/find-diff-classes/compile/gaoss/org/apache/hadoop/hadoop-hdfs/3.4.0/t/dependency/netty-handler-4.1.100.Final.jar:/home/wtwhite/code/regression-test-generation-NON-SOURCE-EQUIV/find-diff-classes/compile/gaoss/org/apache/hadoop/hadoop-hdfs/3.4.0/t/dependency/netty-handler-proxy-4.1.100.Final.jar:/home/wtwhite/code/regression-test-generation-NON-SOURCE-EQUIV/find-diff-classes/compile/gaoss/org/apache/hadoop/hadoop-hdfs/3.4.0/t/dependency/netty-handler-ssl-ocsp-4.1.100.Final.jar:/home/wtwhite/code/regression-test-generation-NON-SOURCE-EQUIV/find-diff-classes/compile/gaoss/org/apache/hadoop/hadoop-hdfs/3.4.0/t/dependency/netty-resolver-4.1.100.Final.jar:/home/wtwhite/code/regression-test-generation-NON-SOURCE-EQUIV/find-diff-classes/compile/gaoss/org/apache/hadoop/hadoop-hdfs/3.4.0/t/dependency/netty-resolver-dns-4.1.100.Final.jar:/home/wtwhite/code/regression-test-generation-NON-SOURCE-EQUIV/find-diff-classes/compile/gaoss/org/apache/hadoop/hadoop-hdfs/3.4.0/t/dependency/netty-resolver-dns-classes-macos-4.1.100.Final.jar:/home/wtwhite/code/regression-test-generation-NON-SOURCE-EQUIV/find-diff-classes/compile/gaoss/org/apache/hadoop/hadoop-hdfs/3.4.0/t/dependency/netty-resolver-dns-native-macos-4.1.100.Final-osx-aarch_64.jar:/home/wtwhite/code/regression-test-generation-NON-SOURCE-EQUIV/find-diff-classes/compile/gaoss/org/apache/hadoop/hadoop-hdfs/3.4.0/t/dependency/netty-resolver-dns-native-macos-4.1.100.Final-osx-x86_64.jar:/home/wtwhite/code/regression-test-generation-NON-SOURCE-EQUIV/find-diff-classes/compile/gaoss/org/apache/hadoop/hadoop-hdfs/3.4.0/t/dependency/netty-transport-4.1.100.Final.jar:/home/wtwhite/code/regression-test-generation-NON-SOURCE-EQUIV/find-diff-classes/compile/gaoss/org/apache/hadoop/hadoop-hdfs/3.4.0/t/dependency/netty-transport-classes-epoll-4.1.100.Final.jar:/home/wtwhite/code/regression-test-generation-NON-SOURCE-EQUIV/find-diff-classes/compile/gaoss/org/apache/hadoop/hadoop-hdfs/3.4.0/t/dependency/netty-transport-classes-kqueue-4.1.100.Final.jar:/home/wtwhite/code/regression-test-generation-NON-SOURCE-EQUIV/find-diff-classes/compile/gaoss/org/apache/hadoop/hadoop-hdfs/3.4.0/t/dependency/netty-transport-native-epoll-4.1.100.Final-linux-aarch_64.jar:/home/wtwhite/code/regression-test-generation-NON-SOURCE-EQUIV/find-diff-classes/compile/gaoss/org/apache/hadoop/hadoop-hdfs/3.4.0/t/dependency/netty-transport-native-epoll-4.1.100.Final-linux-x86_64.jar:/home/wtwhite/code/regression-test-generation-NON-SOURCE-EQUIV/find-diff-classes/compile/gaoss/org/apache/hadoop/hadoop-hdfs/3.4.0/t/dependency/netty-transport-native-epoll-4.1.100.Final.jar:/home/wtwhite/code/regression-test-generation-NON-SOURCE-EQUIV/find-diff-classes/compile/gaoss/org/apache/hadoop/hadoop-hdfs/3.4.0/t/dependency/netty-transport-native-kqueue-4.1.100.Final-osx-aarch_64.jar:/home/wtwhite/code/regression-test-generation-NON-SOURCE-EQUIV/find-diff-classes/compile/gaoss/org/apache/hadoop/hadoop-hdfs/3.4.0/t/dependency/netty-transport-native-kqueue-4.1.100.Final-osx-x86_64.jar:/home/wtwhite/code/regression-test-generation-NON-SOURCE-EQUIV/find-diff-classes/compile/gaoss/org/apache/hadoop/hadoop-hdfs/3.4.0/t/dependency/netty-transport-native-unix-common-4.1.100.Final.jar:/home/wtwhite/code/regression-test-generation-NON-SOURCE-EQUIV/find-diff-classes/compile/gaoss/org/apache/hadoop/hadoop-hdfs/3.4.0/t/dependency/netty-transport-rxtx-4.1.100.Final.jar:/home/wtwhite/code/regression-test-generation-NON-SOURCE-EQUIV/find-diff-classes/compile/gaoss/org/apache/hadoop/hadoop-hdfs/3.4.0/t/dependency/netty-transport-sctp-4.1.100.Final.jar:/home/wtwhite/code/regression-test-generation-NON-SOURCE-EQUIV/find-diff-classes/compile/gaoss/org/apache/hadoop/hadoop-hdfs/3.4.0/t/dependency/netty-transport-udt-4.1.100.Final.jar:/home/wtwhite/code/regression-test-generation-NON-SOURCE-EQUIV/find-diff-classes/compile/gaoss/org/apache/hadoop/hadoop-hdfs/3.4.0/t/dependency/nimbus-jose-jwt-9.31.jar:/home/wtwhite/code/regression-test-generation-NON-SOURCE-EQUIV/find-diff-classes/compile/gaoss/org/apache/hadoop/hadoop-hdfs/3.4.0/t/dependency/objenesis-2.6.jar:/home/wtwhite/code/regression-test-generation-NON-SOURCE-EQUIV/find-diff-classes/compile/gaoss/org/apache/hadoop/hadoop-hdfs/3.4.0/t/dependency/opentest4j-1.2.0.jar:/home/wtwhite/code/regression-test-generation-NON-SOURCE-EQUIV/find-diff-classes/compile/gaoss/org/apache/hadoop/hadoop-hdfs/3.4.0/t/dependency/protobuf-java-2.5.0.jar:/home/wtwhite/code/regression-test-generation-NON-SOURCE-EQUIV/find-diff-classes/compile/gaoss/org/apache/hadoop/hadoop-hdfs/3.4.0/t/dependency/re2j-1.1.jar:/home/wtwhite/code/regression-test-generation-NON-SOURCE-EQUIV/find-diff-classes/compile/gaoss/org/apache/hadoop/hadoop-hdfs/3.4.0/t/dependency/reload4j-1.2.22.jar:/home/wtwhite/code/regression-test-generation-NON-SOURCE-EQUIV/find-diff-classes/compile/gaoss/org/apache/hadoop/hadoop-hdfs/3.4.0/t/dependency/slf4j-api-1.7.36.jar:/home/wtwhite/code/regression-test-generation-NON-SOURCE-EQUIV/find-diff-classes/compile/gaoss/org/apache/hadoop/hadoop-hdfs/3.4.0/t/dependency/slf4j-reload4j-1.7.36.jar:/home/wtwhite/code/regression-test-generation-NON-SOURCE-EQUIV/find-diff-classes/compile/gaoss/org/apache/hadoop/hadoop-hdfs/3.4.0/t/dependency/snappy-java-1.1.10.4.jar:/home/wtwhite/code/regression-test-generation-NON-SOURCE-EQUIV/find-diff-classes/compile/gaoss/org/apache/hadoop/hadoop-hdfs/3.4.0/t/dependency/stax2-api-4.2.1.jar:/home/wtwhite/code/regression-test-generation-NON-SOURCE-EQUIV/find-diff-classes/compile/gaoss/org/apache/hadoop/hadoop-hdfs/3.4.0/t/dependency/token-provider-2.0.3.jar:/home/wtwhite/code/regression-test-generation-NON-SOURCE-EQUIV/find-diff-classes/compile/gaoss/org/apache/hadoop/hadoop-hdfs/3.4.0/t/dependency/woodstox-core-5.4.0.jar:/home/wtwhite/code/regression-test-generation-NON-SOURCE-EQUIV/find-diff-classes/compile/gaoss/org/apache/hadoop/hadoop-hdfs/3.4.0/t/dependency/zookeeper-3.8.3-tests.jar:/home/wtwhite/code/regression-test-generation-NON-SOURCE-EQUIV/find-diff-classes/compile/gaoss/org/apache/hadoop/hadoop-hdfs/3.4.0/t/dependency/zookeeper-3.8.3.jar:/home/wtwhite/code/regression-test-generation-NON-SOURCE-EQUIV/find-diff-classes/compile/gaoss/org/apache/hadoop/hadoop-hdfs/3.4.0/t/dependency/zookeeper-jute-3.8.3.jar:/home/wtwhite/code/regression-test-generation/evosuite/evosuite-standalone-runtime-1.2.0.jar:/home/wtwhite/.m2/repository/junit/junit/4.13.2/junit-4.13.2.jar:/home/wtwhite/.m2/repository/org/hamcrest/hamcrest-core/1.3/hamcrest-core-1.3.jar:"/>
    <property name="sun.cpu.endian" value="little"/>
    <property name="user.home" value="/home/wtwhite"/>
    <property name="user.language" value="en"/>
    <property name="java.specification.vendor" value="Oracle Corporation"/>
    <property name="java.home" value="/usr/lib/jvm/java-8-openjdk-amd64/jre"/>
    <property name="basedir" value="/home/wtwhite/code/regression-test-generation-NON-SOURCE-EQUIV/find-diff-classes/compile/gaoss/org/apache/hadoop/hadoop-hdfs/3.4.0"/>
    <property name="file.separator" value="/"/>
    <property name="line.separator" value="&#10;"/>
    <property name="java.vm.specification.vendor" value="Oracle Corporation"/>
    <property name="java.specification.name" value="Java Platform API Specification"/>
    <property name="java.awt.graphicsenv" value="sun.awt.X11GraphicsEnvironment"/>
    <property name="surefire.real.class.path" value="/home/wtwhite/code/regression-test-generation-NON-SOURCE-EQUIV/find-diff-classes/compile/gaoss/org/apache/hadoop/hadoop-hdfs/3.4.0/target/surefire/surefirebooter-20241112134217976_3.jar"/>
    <property name="sun.boot.class.path" value="/usr/lib/jvm/java-8-openjdk-amd64/jre/lib/resources.jar:/usr/lib/jvm/java-8-openjdk-amd64/jre/lib/rt.jar:/usr/lib/jvm/java-8-openjdk-amd64/jre/lib/sunrsasign.jar:/usr/lib/jvm/java-8-openjdk-amd64/jre/lib/jsse.jar:/usr/lib/jvm/java-8-openjdk-amd64/jre/lib/jce.jar:/usr/lib/jvm/java-8-openjdk-amd64/jre/lib/charsets.jar:/usr/lib/jvm/java-8-openjdk-amd64/jre/lib/jfr.jar:/usr/lib/jvm/java-8-openjdk-amd64/jre/classes"/>
    <property name="sun.management.compiler" value="HotSpot 64-Bit Tiered Compilers"/>
    <property name="java.runtime.version" value="1.8.0_382-8u382-ga-1~22.04.1-b05"/>
    <property name="user.name" value="wtwhite"/>
    <property name="path.separator" value=":"/>
    <property name="os.version" value="5.15.0-87-generic"/>
    <property name="java.endorsed.dirs" value="/usr/lib/jvm/java-8-openjdk-amd64/jre/lib/endorsed"/>
    <property name="java.runtime.name" value="OpenJDK Runtime Environment"/>
    <property name="file.encoding" value="UTF-8"/>
    <property name="java.vm.name" value="OpenJDK 64-Bit Server VM"/>
    <property name="localRepository" value="/home/wtwhite/.m2/repository"/>
    <property name="java.vendor.url.bug" value="http://bugreport.sun.com/bugreport/"/>
    <property name="java.io.tmpdir" value="/tmp"/>
    <property name="java.version" value="1.8.0_382"/>
    <property name="user.dir" value="/home/wtwhite/code/regression-test-generation-NON-SOURCE-EQUIV/find-diff-classes/compile/gaoss/org/apache/hadoop/hadoop-hdfs/3.4.0"/>
    <property name="os.arch" value="amd64"/>
    <property name="java.vm.specification.name" value="Java Virtual Machine Specification"/>
    <property name="java.awt.printerjob" value="sun.print.PSPrinterJob"/>
    <property name="sun.os.patch.level" value="unknown"/>
    <property name="java.library.path" value="/usr/java/packages/lib/amd64:/usr/lib/x86_64-linux-gnu/jni:/lib/x86_64-linux-gnu:/usr/lib/x86_64-linux-gnu:/usr/lib/jni:/lib:/usr/lib"/>
    <property name="java.vm.info" value="mixed mode"/>
    <property name="java.vendor" value="Private Build"/>
    <property name="java.vm.version" value="25.382-b05"/>
    <property name="java.specification.maintenance.version" value="5"/>
    <property name="java.ext.dirs" value="/usr/lib/jvm/java-8-openjdk-amd64/jre/lib/ext:/usr/java/packages/lib/ext"/>
    <property name="sun.io.unicode.encoding" value="UnicodeLittle"/>
    <property name="java.class.version" value="52.0"/>
  </properties>
  <testcase name="test71" classname="org.apache.hadoop.hdfs.server.namenode.ha.proto.HAZKInfoProtos_ESTest" time="0.469">
    <system-out><![CDATA[2024-11-12 13:42:43,549 INFO  EvoClassLoader - Seeing class for first time: org.apache.hadoop.hdfs.server.namenode.ha.proto.HAZKInfoProtos_ESTest
2024-11-12 13:42:43,549 INFO  EvoClassLoader - Instrumenting class 'org.apache.hadoop.hdfs.server.namenode.ha.proto.HAZKInfoProtos_ESTest'.
2024-11-12 13:42:43,551 INFO  EvoClassLoader - Seeing class for first time: org.apache.hadoop.hdfs.server.namenode.ha.proto.HAZKInfoProtos_ESTest_scaffolding
2024-11-12 13:42:43,551 INFO  EvoClassLoader - Instrumenting class 'org.apache.hadoop.hdfs.server.namenode.ha.proto.HAZKInfoProtos_ESTest_scaffolding'.
2024-11-12 13:42:43,552 INFO  EvoClassLoader - Keeping class: org.apache.hadoop.hdfs.server.namenode.ha.proto.HAZKInfoProtos_ESTest_scaffolding
2024-11-12 13:42:43,552 INFO  EvoClassLoader - Keeping class: org.apache.hadoop.hdfs.server.namenode.ha.proto.HAZKInfoProtos_ESTest
2024-11-12 13:42:43,552 INFO  EvoClassLoader - Seeing class for first time: org.apache.hadoop.thirdparty.protobuf.ExtensionRegistryLite
2024-11-12 13:42:43,552 INFO  EvoClassLoader - Instrumenting class 'org.apache.hadoop.thirdparty.protobuf.ExtensionRegistryLite'.
2024-11-12 13:42:43,552 INFO  MethodCallReplacementClassAdapter - Adding mock interface to class org/apache/hadoop/thirdparty/protobuf/ExtensionRegistryLite
2024-11-12 13:42:43,554 INFO  CreateClassResetClassAdapter - Found static initializer in class org/apache/hadoop/thirdparty/protobuf/ExtensionRegistryLite
2024-11-12 13:42:43,555 INFO  EvoClassLoader - Keeping class: org.apache.hadoop.thirdparty.protobuf.ExtensionRegistryLite
2024-11-12 13:42:43,555 INFO  EvoClassLoader - Seeing class for first time: org.apache.hadoop.thirdparty.protobuf.ExtensionRegistry
2024-11-12 13:42:43,555 INFO  EvoClassLoader - Instrumenting class 'org.apache.hadoop.thirdparty.protobuf.ExtensionRegistry'.
2024-11-12 13:42:43,555 INFO  MethodCallReplacementClassAdapter - Adding mock interface to class org/apache/hadoop/thirdparty/protobuf/ExtensionRegistry
2024-11-12 13:42:43,557 INFO  CreateClassResetClassAdapter - Found static initializer in class org/apache/hadoop/thirdparty/protobuf/ExtensionRegistry
2024-11-12 13:42:43,558 INFO  EvoClassLoader - Keeping class: org.apache.hadoop.thirdparty.protobuf.ExtensionRegistry
2024-11-12 13:42:43,558 INFO  EvoClassLoader - Seeing class for first time: org.apache.hadoop.thirdparty.protobuf.Message
2024-11-12 13:42:43,558 INFO  EvoClassLoader - Instrumenting class 'org.apache.hadoop.thirdparty.protobuf.Message'.
2024-11-12 13:42:43,558 INFO  EvoClassLoader - Seeing class for first time: org.apache.hadoop.thirdparty.protobuf.MessageLite
2024-11-12 13:42:43,558 INFO  EvoClassLoader - Instrumenting class 'org.apache.hadoop.thirdparty.protobuf.MessageLite'.
2024-11-12 13:42:43,559 INFO  EvoClassLoader - Seeing class for first time: org.apache.hadoop.thirdparty.protobuf.MessageLiteOrBuilder
2024-11-12 13:42:43,559 INFO  EvoClassLoader - Instrumenting class 'org.apache.hadoop.thirdparty.protobuf.MessageLiteOrBuilder'.
2024-11-12 13:42:43,559 INFO  EvoClassLoader - Keeping class: org.apache.hadoop.thirdparty.protobuf.MessageLiteOrBuilder
2024-11-12 13:42:43,559 INFO  EvoClassLoader - Keeping class: org.apache.hadoop.thirdparty.protobuf.MessageLite
2024-11-12 13:42:43,559 INFO  EvoClassLoader - Seeing class for first time: org.apache.hadoop.thirdparty.protobuf.MessageOrBuilder
2024-11-12 13:42:43,559 INFO  EvoClassLoader - Instrumenting class 'org.apache.hadoop.thirdparty.protobuf.MessageOrBuilder'.
2024-11-12 13:42:43,559 INFO  EvoClassLoader - Keeping class: org.apache.hadoop.thirdparty.protobuf.MessageOrBuilder
2024-11-12 13:42:43,559 INFO  EvoClassLoader - Keeping class: org.apache.hadoop.thirdparty.protobuf.Message
2024-11-12 13:42:43,562 INFO  EvoClassLoader - Seeing class for first time: org.apache.hadoop.thirdparty.protobuf.CodedOutputStream$AbstractBufferedEncoder
2024-11-12 13:42:43,562 INFO  EvoClassLoader - Instrumenting class 'org.apache.hadoop.thirdparty.protobuf.CodedOutputStream$AbstractBufferedEncoder'.
2024-11-12 13:42:43,562 INFO  MethodCallReplacementClassAdapter - Adding mock interface to class org/apache/hadoop/thirdparty/protobuf/CodedOutputStream$AbstractBufferedEncoder
2024-11-12 13:42:43,563 INFO  CreateClassResetClassAdapter - Creating brand-new static initializer in class org/apache/hadoop/thirdparty/protobuf/CodedOutputStream$AbstractBufferedEncoder
2024-11-12 13:42:43,563 INFO  EvoClassLoader - Seeing class for first time: org.apache.hadoop.thirdparty.protobuf.CodedOutputStream
2024-11-12 13:42:43,563 INFO  EvoClassLoader - Instrumenting class 'org.apache.hadoop.thirdparty.protobuf.CodedOutputStream'.
2024-11-12 13:42:43,564 INFO  MethodCallReplacementClassAdapter - Adding mock interface to class org/apache/hadoop/thirdparty/protobuf/CodedOutputStream
2024-11-12 13:42:43,565 INFO  CreateClassResetClassAdapter - Found static initializer in class org/apache/hadoop/thirdparty/protobuf/CodedOutputStream
2024-11-12 13:42:43,566 INFO  EvoClassLoader - Seeing class for first time: org.apache.hadoop.thirdparty.protobuf.ByteOutput
2024-11-12 13:42:43,566 INFO  EvoClassLoader - Instrumenting class 'org.apache.hadoop.thirdparty.protobuf.ByteOutput'.
2024-11-12 13:42:43,566 INFO  MethodCallReplacementClassAdapter - Adding mock interface to class org/apache/hadoop/thirdparty/protobuf/ByteOutput
2024-11-12 13:42:43,566 INFO  CreateClassResetClassAdapter - Creating brand-new static initializer in class org/apache/hadoop/thirdparty/protobuf/ByteOutput
2024-11-12 13:42:43,567 INFO  EvoClassLoader - Keeping class: org.apache.hadoop.thirdparty.protobuf.ByteOutput
2024-11-12 13:42:43,567 INFO  EvoClassLoader - Keeping class: org.apache.hadoop.thirdparty.protobuf.CodedOutputStream
2024-11-12 13:42:43,567 INFO  EvoClassLoader - Keeping class: org.apache.hadoop.thirdparty.protobuf.CodedOutputStream$AbstractBufferedEncoder
2024-11-12 13:42:43,567 INFO  EvoClassLoader - Seeing class for first time: org.apache.hadoop.thirdparty.protobuf.Utf8$UnpairedSurrogateException
2024-11-12 13:42:43,567 INFO  EvoClassLoader - Instrumenting class 'org.apache.hadoop.thirdparty.protobuf.Utf8$UnpairedSurrogateException'.
2024-11-12 13:42:43,567 INFO  MethodCallReplacementClassAdapter - Adding mock interface to class org/apache/hadoop/thirdparty/protobuf/Utf8$UnpairedSurrogateException
2024-11-12 13:42:43,567 INFO  CreateClassResetClassAdapter - Creating brand-new static initializer in class org/apache/hadoop/thirdparty/protobuf/Utf8$UnpairedSurrogateException
2024-11-12 13:42:43,567 INFO  EvoClassLoader - Keeping class: org.apache.hadoop.thirdparty.protobuf.Utf8$UnpairedSurrogateException
2024-11-12 13:42:43,567 INFO  EvoClassLoader - Seeing class for first time: org.apache.hadoop.thirdparty.protobuf.CodedOutputStream$SafeDirectNioEncoder
2024-11-12 13:42:43,567 INFO  EvoClassLoader - Instrumenting class 'org.apache.hadoop.thirdparty.protobuf.CodedOutputStream$SafeDirectNioEncoder'.
2024-11-12 13:42:43,568 INFO  MethodCallReplacementClassAdapter - Adding mock interface to class org/apache/hadoop/thirdparty/protobuf/CodedOutputStream$SafeDirectNioEncoder
2024-11-12 13:42:43,568 INFO  CreateClassResetClassAdapter - Creating brand-new static initializer in class org/apache/hadoop/thirdparty/protobuf/CodedOutputStream$SafeDirectNioEncoder
2024-11-12 13:42:43,568 INFO  EvoClassLoader - Keeping class: org.apache.hadoop.thirdparty.protobuf.CodedOutputStream$SafeDirectNioEncoder
2024-11-12 13:42:43,568 INFO  EvoClassLoader - Seeing class for first time: org.apache.hadoop.thirdparty.protobuf.CodedOutputStream$UnsafeDirectNioEncoder
2024-11-12 13:42:43,568 INFO  EvoClassLoader - Instrumenting class 'org.apache.hadoop.thirdparty.protobuf.CodedOutputStream$UnsafeDirectNioEncoder'.
2024-11-12 13:42:43,569 INFO  MethodCallReplacementClassAdapter - Adding mock interface to class org/apache/hadoop/thirdparty/protobuf/CodedOutputStream$UnsafeDirectNioEncoder
2024-11-12 13:42:43,570 INFO  CreateClassResetClassAdapter - Creating brand-new static initializer in class org/apache/hadoop/thirdparty/protobuf/CodedOutputStream$UnsafeDirectNioEncoder
2024-11-12 13:42:43,570 INFO  EvoClassLoader - Keeping class: org.apache.hadoop.thirdparty.protobuf.CodedOutputStream$UnsafeDirectNioEncoder
2024-11-12 13:42:43,570 INFO  EvoClassLoader - Seeing class for first time: org.apache.hadoop.thirdparty.protobuf.CodedOutputStream$OutOfSpaceException
2024-11-12 13:42:43,570 INFO  EvoClassLoader - Instrumenting class 'org.apache.hadoop.thirdparty.protobuf.CodedOutputStream$OutOfSpaceException'.
2024-11-12 13:42:43,571 INFO  MethodCallReplacementClassAdapter - Adding mock interface to class org/apache/hadoop/thirdparty/protobuf/CodedOutputStream$OutOfSpaceException
2024-11-12 13:42:43,571 INFO  CreateClassResetClassAdapter - Creating brand-new static initializer in class org/apache/hadoop/thirdparty/protobuf/CodedOutputStream$OutOfSpaceException
2024-11-12 13:42:43,571 INFO  CreateClassResetClassAdapter - Adding bytecode for initializing field MESSAGE
2024-11-12 13:42:43,571 INFO  EvoClassLoader - Keeping class: org.apache.hadoop.thirdparty.protobuf.CodedOutputStream$OutOfSpaceException
2024-11-12 13:42:43,571 INFO  EvoClassLoader - Seeing class for first time: org.apache.hadoop.thirdparty.protobuf.Writer
2024-11-12 13:42:43,571 INFO  EvoClassLoader - Instrumenting class 'org.apache.hadoop.thirdparty.protobuf.Writer'.
2024-11-12 13:42:43,572 INFO  EvoClassLoader - Keeping class: org.apache.hadoop.thirdparty.protobuf.Writer
2024-11-12 13:42:43,572 INFO  EvoClassLoader - Seeing class for first time: org.apache.hadoop.thirdparty.protobuf.CodedOutputStream$ByteOutputEncoder
2024-11-12 13:42:43,572 INFO  EvoClassLoader - Instrumenting class 'org.apache.hadoop.thirdparty.protobuf.CodedOutputStream$ByteOutputEncoder'.
2024-11-12 13:42:43,572 INFO  MethodCallReplacementClassAdapter - Adding mock interface to class org/apache/hadoop/thirdparty/protobuf/CodedOutputStream$ByteOutputEncoder
2024-11-12 13:42:43,572 INFO  CreateClassResetClassAdapter - Creating brand-new static initializer in class org/apache/hadoop/thirdparty/protobuf/CodedOutputStream$ByteOutputEncoder
2024-11-12 13:42:43,573 INFO  EvoClassLoader - Keeping class: org.apache.hadoop.thirdparty.protobuf.CodedOutputStream$ByteOutputEncoder
2024-11-12 13:42:43,573 INFO  EvoClassLoader - Seeing class for first time: org.apache.hadoop.thirdparty.protobuf.CodedOutputStream$HeapNioEncoder
2024-11-12 13:42:43,573 INFO  EvoClassLoader - Instrumenting class 'org.apache.hadoop.thirdparty.protobuf.CodedOutputStream$HeapNioEncoder'.
2024-11-12 13:42:43,573 INFO  MethodCallReplacementClassAdapter - Adding mock interface to class org/apache/hadoop/thirdparty/protobuf/CodedOutputStream$HeapNioEncoder
2024-11-12 13:42:43,573 INFO  CreateClassResetClassAdapter - Creating brand-new static initializer in class org/apache/hadoop/thirdparty/protobuf/CodedOutputStream$HeapNioEncoder
2024-11-12 13:42:43,573 INFO  EvoClassLoader - Seeing class for first time: org.apache.hadoop.thirdparty.protobuf.CodedOutputStream$ArrayEncoder
2024-11-12 13:42:43,573 INFO  EvoClassLoader - Instrumenting class 'org.apache.hadoop.thirdparty.protobuf.CodedOutputStream$ArrayEncoder'.
2024-11-12 13:42:43,573 INFO  MethodCallReplacementClassAdapter - Adding mock interface to class org/apache/hadoop/thirdparty/protobuf/CodedOutputStream$ArrayEncoder
2024-11-12 13:42:43,574 INFO  CreateClassResetClassAdapter - Creating brand-new static initializer in class org/apache/hadoop/thirdparty/protobuf/CodedOutputStream$ArrayEncoder
2024-11-12 13:42:43,574 INFO  EvoClassLoader - Keeping class: org.apache.hadoop.thirdparty.protobuf.CodedOutputStream$ArrayEncoder
2024-11-12 13:42:43,574 INFO  EvoClassLoader - Keeping class: org.apache.hadoop.thirdparty.protobuf.CodedOutputStream$HeapNioEncoder
2024-11-12 13:42:43,574 INFO  EvoClassLoader - Seeing class for first time: org.apache.hadoop.thirdparty.protobuf.CodedOutputStream$OutputStreamEncoder
2024-11-12 13:42:43,574 INFO  EvoClassLoader - Instrumenting class 'org.apache.hadoop.thirdparty.protobuf.CodedOutputStream$OutputStreamEncoder'.
2024-11-12 13:42:43,574 INFO  MethodCallReplacementClassAdapter - Adding mock interface to class org/apache/hadoop/thirdparty/protobuf/CodedOutputStream$OutputStreamEncoder
2024-11-12 13:42:43,575 INFO  CreateClassResetClassAdapter - Creating brand-new static initializer in class org/apache/hadoop/thirdparty/protobuf/CodedOutputStream$OutputStreamEncoder
2024-11-12 13:42:43,575 INFO  EvoClassLoader - Keeping class: org.apache.hadoop.thirdparty.protobuf.CodedOutputStream$OutputStreamEncoder
2024-11-12 13:42:43,575 INFO  EvoClassLoader - Seeing class for first time: org.apache.hadoop.thirdparty.protobuf.UnsafeUtil
2024-11-12 13:42:43,575 INFO  EvoClassLoader - Instrumenting class 'org.apache.hadoop.thirdparty.protobuf.UnsafeUtil'.
2024-11-12 13:42:43,576 INFO  MethodCallReplacementClassAdapter - Adding mock interface to class org/apache/hadoop/thirdparty/protobuf/UnsafeUtil
2024-11-12 13:42:43,576 INFO  CreateClassResetClassAdapter - Found static initializer in class org/apache/hadoop/thirdparty/protobuf/UnsafeUtil
2024-11-12 13:42:43,577 INFO  EvoClassLoader - Keeping class: org.apache.hadoop.thirdparty.protobuf.UnsafeUtil
2024-11-12 13:42:43,577 INFO  EvoClassLoader - Seeing class for first time: org.apache.hadoop.thirdparty.protobuf.UnsafeUtil$MemoryAccessor
2024-11-12 13:42:43,577 INFO  EvoClassLoader - Instrumenting class 'org.apache.hadoop.thirdparty.protobuf.UnsafeUtil$MemoryAccessor'.
2024-11-12 13:42:43,577 INFO  MethodCallReplacementClassAdapter - Adding mock interface to class org/apache/hadoop/thirdparty/protobuf/UnsafeUtil$MemoryAccessor
2024-11-12 13:42:43,577 INFO  CreateClassResetClassAdapter - Creating brand-new static initializer in class org/apache/hadoop/thirdparty/protobuf/UnsafeUtil$MemoryAccessor
2024-11-12 13:42:43,577 INFO  EvoClassLoader - Keeping class: org.apache.hadoop.thirdparty.protobuf.UnsafeUtil$MemoryAccessor
2024-11-12 13:42:43,577 INFO  EvoClassLoader - Seeing class for first time: org.apache.hadoop.thirdparty.protobuf.UnsafeUtil$Android64MemoryAccessor
2024-11-12 13:42:43,577 INFO  EvoClassLoader - Instrumenting class 'org.apache.hadoop.thirdparty.protobuf.UnsafeUtil$Android64MemoryAccessor'.
2024-11-12 13:42:43,578 INFO  MethodCallReplacementClassAdapter - Adding mock interface to class org/apache/hadoop/thirdparty/protobuf/UnsafeUtil$Android64MemoryAccessor
2024-11-12 13:42:43,578 INFO  CreateClassResetClassAdapter - Creating brand-new static initializer in class org/apache/hadoop/thirdparty/protobuf/UnsafeUtil$Android64MemoryAccessor
2024-11-12 13:42:43,578 INFO  EvoClassLoader - Keeping class: org.apache.hadoop.thirdparty.protobuf.UnsafeUtil$Android64MemoryAccessor
2024-11-12 13:42:43,578 INFO  EvoClassLoader - Seeing class for first time: org.apache.hadoop.thirdparty.protobuf.UnsafeUtil$Android32MemoryAccessor
2024-11-12 13:42:43,578 INFO  EvoClassLoader - Instrumenting class 'org.apache.hadoop.thirdparty.protobuf.UnsafeUtil$Android32MemoryAccessor'.
2024-11-12 13:42:43,578 INFO  MethodCallReplacementClassAdapter - Adding mock interface to class org/apache/hadoop/thirdparty/protobuf/UnsafeUtil$Android32MemoryAccessor
2024-11-12 13:42:43,578 INFO  CreateClassResetClassAdapter - Creating brand-new static initializer in class org/apache/hadoop/thirdparty/protobuf/UnsafeUtil$Android32MemoryAccessor
2024-11-12 13:42:43,578 INFO  CreateClassResetClassAdapter - Adding bytecode for initializing field SMALL_ADDRESS_MASK
2024-11-12 13:42:43,578 INFO  EvoClassLoader - Keeping class: org.apache.hadoop.thirdparty.protobuf.UnsafeUtil$Android32MemoryAccessor
2024-11-12 13:42:43,578 INFO  EvoClassLoader - Seeing class for first time: org.apache.hadoop.thirdparty.protobuf.UnsafeUtil$JvmMemoryAccessor
2024-11-12 13:42:43,578 INFO  EvoClassLoader - Instrumenting class 'org.apache.hadoop.thirdparty.protobuf.UnsafeUtil$JvmMemoryAccessor'.
2024-11-12 13:42:43,578 INFO  MethodCallReplacementClassAdapter - Adding mock interface to class org/apache/hadoop/thirdparty/protobuf/UnsafeUtil$JvmMemoryAccessor
2024-11-12 13:42:43,579 INFO  CreateClassResetClassAdapter - Creating brand-new static initializer in class org/apache/hadoop/thirdparty/protobuf/UnsafeUtil$JvmMemoryAccessor
2024-11-12 13:42:43,579 INFO  EvoClassLoader - Keeping class: org.apache.hadoop.thirdparty.protobuf.UnsafeUtil$JvmMemoryAccessor
2024-11-12 13:42:43,579 INFO  EvoClassLoader - Seeing class for first time: org.apache.hadoop.thirdparty.protobuf.UnsafeUtil$1
2024-11-12 13:42:43,579 INFO  EvoClassLoader - Instrumenting class 'org.apache.hadoop.thirdparty.protobuf.UnsafeUtil$1'.
2024-11-12 13:42:43,579 INFO  MethodCallReplacementClassAdapter - Adding mock interface to class org/apache/hadoop/thirdparty/protobuf/UnsafeUtil$1
2024-11-12 13:42:43,579 INFO  EvoClassLoader - Keeping class: org.apache.hadoop.thirdparty.protobuf.UnsafeUtil$1
2024-11-12 13:42:43,580 INFO  EvoClassLoader - Seeing class for first time: org.apache.hadoop.thirdparty.protobuf.Android
2024-11-12 13:42:43,580 INFO  EvoClassLoader - Instrumenting class 'org.apache.hadoop.thirdparty.protobuf.Android'.
2024-11-12 13:42:43,580 INFO  MethodCallReplacementClassAdapter - Adding mock interface to class org/apache/hadoop/thirdparty/protobuf/Android
2024-11-12 13:42:43,580 INFO  CreateClassResetClassAdapter - Found static initializer in class org/apache/hadoop/thirdparty/protobuf/Android
2024-11-12 13:42:43,580 INFO  EvoClassLoader - Keeping class: org.apache.hadoop.thirdparty.protobuf.Android
2024-11-12 13:42:43,580 INFO  EvoClassLoader - Seeing class for first time: libcore.io.Memory
2024-11-12 13:42:43,580 INFO  EvoClassLoader - Instrumenting class 'libcore.io.Memory'.
2024-11-12 13:42:43,580 INFO  EvoClassLoader - Error while loading class: java.lang.ClassNotFoundException: Class 'libcore/io/Memory.class' should be in target project, but could not be found!
2024-11-12 13:42:43,580 INFO  EvoClassLoader - Seeing class for first time: org.robolectric.Robolectric
2024-11-12 13:42:43,580 INFO  EvoClassLoader - Instrumenting class 'org.robolectric.Robolectric'.
2024-11-12 13:42:43,580 INFO  EvoClassLoader - Error while loading class: java.lang.ClassNotFoundException: Class 'org/robolectric/Robolectric.class' should be in target project, but could not be found!
2024-11-12 13:42:43,581 INFO  EvoClassLoader - Seeing class for first time: org.apache.hadoop.thirdparty.protobuf.CodedInputStream$StreamDecoder
2024-11-12 13:42:43,581 INFO  EvoClassLoader - Instrumenting class 'org.apache.hadoop.thirdparty.protobuf.CodedInputStream$StreamDecoder'.
2024-11-12 13:42:43,581 INFO  MethodCallReplacementClassAdapter - Adding mock interface to class org/apache/hadoop/thirdparty/protobuf/CodedInputStream$StreamDecoder
2024-11-12 13:42:43,582 INFO  CreateClassResetClassAdapter - Creating brand-new static initializer in class org/apache/hadoop/thirdparty/protobuf/CodedInputStream$StreamDecoder
2024-11-12 13:42:43,582 INFO  EvoClassLoader - Seeing class for first time: org.apache.hadoop.thirdparty.protobuf.CodedInputStream
2024-11-12 13:42:43,582 INFO  EvoClassLoader - Instrumenting class 'org.apache.hadoop.thirdparty.protobuf.CodedInputStream'.
2024-11-12 13:42:43,583 INFO  MethodCallReplacementClassAdapter - Adding mock interface to class org/apache/hadoop/thirdparty/protobuf/CodedInputStream
2024-11-12 13:42:43,583 INFO  CreateClassResetClassAdapter - Found static initializer in class org/apache/hadoop/thirdparty/protobuf/CodedInputStream
2024-11-12 13:42:43,584 INFO  EvoClassLoader - Keeping class: org.apache.hadoop.thirdparty.protobuf.CodedInputStream
2024-11-12 13:42:43,584 INFO  EvoClassLoader - Keeping class: org.apache.hadoop.thirdparty.protobuf.CodedInputStream$StreamDecoder
2024-11-12 13:42:43,584 INFO  EvoClassLoader - Seeing class for first time: org.apache.hadoop.thirdparty.protobuf.InvalidProtocolBufferException
2024-11-12 13:42:43,584 INFO  EvoClassLoader - Instrumenting class 'org.apache.hadoop.thirdparty.protobuf.InvalidProtocolBufferException'.
2024-11-12 13:42:43,584 INFO  MethodCallReplacementClassAdapter - Adding mock interface to class org/apache/hadoop/thirdparty/protobuf/InvalidProtocolBufferException
2024-11-12 13:42:43,584 INFO  CreateClassResetClassAdapter - Creating brand-new static initializer in class org/apache/hadoop/thirdparty/protobuf/InvalidProtocolBufferException
2024-11-12 13:42:43,584 INFO  EvoClassLoader - Keeping class: org.apache.hadoop.thirdparty.protobuf.InvalidProtocolBufferException
2024-11-12 13:42:43,584 INFO  EvoClassLoader - Seeing class for first time: org.apache.hadoop.thirdparty.protobuf.IterableByteBufferInputStream
2024-11-12 13:42:43,584 INFO  EvoClassLoader - Instrumenting class 'org.apache.hadoop.thirdparty.protobuf.IterableByteBufferInputStream'.
2024-11-12 13:42:43,585 INFO  MethodCallReplacementClassAdapter - Adding mock interface to class org/apache/hadoop/thirdparty/protobuf/IterableByteBufferInputStream
2024-11-12 13:42:43,585 INFO  CreateClassResetClassAdapter - Creating brand-new static initializer in class org/apache/hadoop/thirdparty/protobuf/IterableByteBufferInputStream
2024-11-12 13:42:43,585 INFO  EvoClassLoader - Keeping class: org.apache.hadoop.thirdparty.protobuf.IterableByteBufferInputStream
2024-11-12 13:42:43,585 INFO  EvoClassLoader - Seeing class for first time: org.apache.hadoop.thirdparty.protobuf.CodedInputStream$IterableDirectByteBufferDecoder
2024-11-12 13:42:43,585 INFO  EvoClassLoader - Instrumenting class 'org.apache.hadoop.thirdparty.protobuf.CodedInputStream$IterableDirectByteBufferDecoder'.
2024-11-12 13:42:43,585 INFO  MethodCallReplacementClassAdapter - Adding mock interface to class org/apache/hadoop/thirdparty/protobuf/CodedInputStream$IterableDirectByteBufferDecoder
2024-11-12 13:42:43,586 INFO  CreateClassResetClassAdapter - Creating brand-new static initializer in class org/apache/hadoop/thirdparty/protobuf/CodedInputStream$IterableDirectByteBufferDecoder
2024-11-12 13:42:43,586 INFO  EvoClassLoader - Keeping class: org.apache.hadoop.thirdparty.protobuf.CodedInputStream$IterableDirectByteBufferDecoder
2024-11-12 13:42:43,586 INFO  EvoClassLoader - Seeing class for first time: org.apache.hadoop.thirdparty.protobuf.CodedInputStream$UnsafeDirectNioDecoder
2024-11-12 13:42:43,586 INFO  EvoClassLoader - Instrumenting class 'org.apache.hadoop.thirdparty.protobuf.CodedInputStream$UnsafeDirectNioDecoder'.
2024-11-12 13:42:43,586 INFO  MethodCallReplacementClassAdapter - Adding mock interface to class org/apache/hadoop/thirdparty/protobuf/CodedInputStream$UnsafeDirectNioDecoder
2024-11-12 13:42:43,587 INFO  CreateClassResetClassAdapter - Creating brand-new static initializer in class org/apache/hadoop/thirdparty/protobuf/CodedInputStream$UnsafeDirectNioDecoder
2024-11-12 13:42:43,587 INFO  EvoClassLoader - Keeping class: org.apache.hadoop.thirdparty.protobuf.CodedInputStream$UnsafeDirectNioDecoder
2024-11-12 13:42:43,587 INFO  EvoClassLoader - Seeing class for first time: org.apache.hadoop.thirdparty.protobuf.CodedInputStream$ArrayDecoder
2024-11-12 13:42:43,587 INFO  EvoClassLoader - Instrumenting class 'org.apache.hadoop.thirdparty.protobuf.CodedInputStream$ArrayDecoder'.
2024-11-12 13:42:43,587 INFO  MethodCallReplacementClassAdapter - Adding mock interface to class org/apache/hadoop/thirdparty/protobuf/CodedInputStream$ArrayDecoder
2024-11-12 13:42:43,588 INFO  CreateClassResetClassAdapter - Creating brand-new static initializer in class org/apache/hadoop/thirdparty/protobuf/CodedInputStream$ArrayDecoder
2024-11-12 13:42:43,588 INFO  EvoClassLoader - Keeping class: org.apache.hadoop.thirdparty.protobuf.CodedInputStream$ArrayDecoder
2024-11-12 13:42:43,588 INFO  EvoClassLoader - Seeing class for first time: org.apache.hadoop.thirdparty.protobuf.InvalidProtocolBufferException$InvalidWireTypeException
2024-11-12 13:42:43,588 INFO  EvoClassLoader - Instrumenting class 'org.apache.hadoop.thirdparty.protobuf.InvalidProtocolBufferException$InvalidWireTypeException'.
2024-11-12 13:42:43,588 INFO  MethodCallReplacementClassAdapter - Adding mock interface to class org/apache/hadoop/thirdparty/protobuf/InvalidProtocolBufferException$InvalidWireTypeException
2024-11-12 13:42:43,588 INFO  CreateClassResetClassAdapter - Creating brand-new static initializer in class org/apache/hadoop/thirdparty/protobuf/InvalidProtocolBufferException$InvalidWireTypeException
2024-11-12 13:42:43,588 INFO  EvoClassLoader - Keeping class: org.apache.hadoop.thirdparty.protobuf.InvalidProtocolBufferException$InvalidWireTypeException
2024-11-12 13:42:43,589 INFO  EvoClassLoader - Seeing class for first time: org.apache.hadoop.thirdparty.protobuf.ByteString$Output
2024-11-12 13:42:43,589 INFO  EvoClassLoader - Instrumenting class 'org.apache.hadoop.thirdparty.protobuf.ByteString$Output'.
2024-11-12 13:42:43,589 INFO  MethodCallReplacementClassAdapter - Adding mock interface to class org/apache/hadoop/thirdparty/protobuf/ByteString$Output
2024-11-12 13:42:43,589 INFO  CreateClassResetClassAdapter - Found static initializer in class org/apache/hadoop/thirdparty/protobuf/ByteString$Output
2024-11-12 13:42:43,589 INFO  EvoClassLoader - Keeping class: org.apache.hadoop.thirdparty.protobuf.ByteString$Output
2024-11-12 13:42:43,590 INFO  EvoClassLoader - Seeing class for first time: org.apache.hadoop.thirdparty.protobuf.TextFormatEscaper
2024-11-12 13:42:43,590 INFO  EvoClassLoader - Instrumenting class 'org.apache.hadoop.thirdparty.protobuf.TextFormatEscaper'.
2024-11-12 13:42:43,590 INFO  MethodCallReplacementClassAdapter - Adding mock interface to class org/apache/hadoop/thirdparty/protobuf/TextFormatEscaper
2024-11-12 13:42:43,590 INFO  CreateClassResetClassAdapter - Creating brand-new static initializer in class org/apache/hadoop/thirdparty/protobuf/TextFormatEscaper
2024-11-12 13:42:43,590 INFO  EvoClassLoader - Keeping class: org.apache.hadoop.thirdparty.protobuf.TextFormatEscaper
2024-11-12 13:42:43,590 INFO  EvoClassLoader - Seeing class for first time: org.apache.hadoop.thirdparty.protobuf.TextFormatEscaper$ByteSequence
2024-11-12 13:42:43,590 INFO  EvoClassLoader - Instrumenting class 'org.apache.hadoop.thirdparty.protobuf.TextFormatEscaper$ByteSequence'.
2024-11-12 13:42:43,590 INFO  EvoClassLoader - Keeping class: org.apache.hadoop.thirdparty.protobuf.TextFormatEscaper$ByteSequence
2024-11-12 13:42:43,590 INFO  EvoClassLoader - Seeing class for first time: org.apache.hadoop.thirdparty.protobuf.TypeRegistry
2024-11-12 13:42:43,590 INFO  EvoClassLoader - Instrumenting class 'org.apache.hadoop.thirdparty.protobuf.TypeRegistry'.
2024-11-12 13:42:43,590 INFO  MethodCallReplacementClassAdapter - Adding mock interface to class org/apache/hadoop/thirdparty/protobuf/TypeRegistry
2024-11-12 13:42:43,590 INFO  CreateClassResetClassAdapter - Found static initializer in class org/apache/hadoop/thirdparty/protobuf/TypeRegistry
2024-11-12 13:42:43,591 INFO  EvoClassLoader - Keeping class: org.apache.hadoop.thirdparty.protobuf.TypeRegistry
2024-11-12 13:42:43,591 INFO  EvoClassLoader - Seeing class for first time: org.apache.hadoop.thirdparty.protobuf.MapEntry
2024-11-12 13:42:43,591 INFO  EvoClassLoader - Instrumenting class 'org.apache.hadoop.thirdparty.protobuf.MapEntry'.
2024-11-12 13:42:43,591 INFO  MethodCallReplacementClassAdapter - Adding mock interface to class org/apache/hadoop/thirdparty/protobuf/MapEntry
2024-11-12 13:42:43,592 INFO  CreateClassResetClassAdapter - Creating brand-new static initializer in class org/apache/hadoop/thirdparty/protobuf/MapEntry
2024-11-12 13:42:43,592 INFO  EvoClassLoader - Seeing class for first time: org.apache.hadoop.thirdparty.protobuf.AbstractMessage
2024-11-12 13:42:43,592 INFO  EvoClassLoader - Instrumenting class 'org.apache.hadoop.thirdparty.protobuf.AbstractMessage'.
2024-11-12 13:42:43,592 INFO  MethodCallReplacementClassAdapter - Adding mock interface to class org/apache/hadoop/thirdparty/protobuf/AbstractMessage
2024-11-12 13:42:43,593 INFO  CreateClassResetClassAdapter - Creating brand-new static initializer in class org/apache/hadoop/thirdparty/protobuf/AbstractMessage
2024-11-12 13:42:43,593 INFO  EvoClassLoader - Seeing class for first time: org.apache.hadoop.thirdparty.protobuf.AbstractMessageLite
2024-11-12 13:42:43,593 INFO  EvoClassLoader - Instrumenting class 'org.apache.hadoop.thirdparty.protobuf.AbstractMessageLite'.
2024-11-12 13:42:43,593 INFO  MethodCallReplacementClassAdapter - Adding mock interface to class org/apache/hadoop/thirdparty/protobuf/AbstractMessageLite
2024-11-12 13:42:43,594 INFO  CreateClassResetClassAdapter - Creating brand-new static initializer in class org/apache/hadoop/thirdparty/protobuf/AbstractMessageLite
2024-11-12 13:42:43,594 INFO  EvoClassLoader - Keeping class: org.apache.hadoop.thirdparty.protobuf.AbstractMessageLite
2024-11-12 13:42:43,594 INFO  EvoClassLoader - Keeping class: org.apache.hadoop.thirdparty.protobuf.AbstractMessage
2024-11-12 13:42:43,594 INFO  EvoClassLoader - Keeping class: org.apache.hadoop.thirdparty.protobuf.MapEntry
2024-11-12 13:42:43,595 INFO  EvoClassLoader - Seeing class for first time: org.apache.hadoop.thirdparty.protobuf.MapEntryLite$Metadata
2024-11-12 13:42:43,595 INFO  EvoClassLoader - Instrumenting class 'org.apache.hadoop.thirdparty.protobuf.MapEntryLite$Metadata'.
2024-11-12 13:42:43,595 INFO  MethodCallReplacementClassAdapter - Adding mock interface to class org/apache/hadoop/thirdparty/protobuf/MapEntryLite$Metadata
2024-11-12 13:42:43,595 INFO  CreateClassResetClassAdapter - Creating brand-new static initializer in class org/apache/hadoop/thirdparty/protobuf/MapEntryLite$Metadata
2024-11-12 13:42:43,595 INFO  EvoClassLoader - Keeping class: org.apache.hadoop.thirdparty.protobuf.MapEntryLite$Metadata
2024-11-12 13:42:43,595 INFO  EvoClassLoader - Seeing class for first time: org.apache.hadoop.thirdparty.protobuf.MapEntry$Metadata
2024-11-12 13:42:43,595 INFO  EvoClassLoader - Instrumenting class 'org.apache.hadoop.thirdparty.protobuf.MapEntry$Metadata'.
2024-11-12 13:42:43,595 INFO  MethodCallReplacementClassAdapter - Adding mock interface to class org/apache/hadoop/thirdparty/protobuf/MapEntry$Metadata
2024-11-12 13:42:43,595 INFO  CreateClassResetClassAdapter - Creating brand-new static initializer in class org/apache/hadoop/thirdparty/protobuf/MapEntry$Metadata
2024-11-12 13:42:43,595 INFO  EvoClassLoader - Keeping class: org.apache.hadoop.thirdparty.protobuf.MapEntry$Metadata
2024-11-12 13:42:43,595 INFO  EvoClassLoader - Seeing class for first time: org.apache.hadoop.thirdparty.protobuf.MessageLite$Builder
2024-11-12 13:42:43,595 INFO  EvoClassLoader - Instrumenting class 'org.apache.hadoop.thirdparty.protobuf.MessageLite$Builder'.
2024-11-12 13:42:43,596 INFO  EvoClassLoader - Keeping class: org.apache.hadoop.thirdparty.protobuf.MessageLite$Builder
2024-11-12 13:42:43,596 INFO  EvoClassLoader - Seeing class for first time: org.apache.hadoop.thirdparty.protobuf.Message$Builder
2024-11-12 13:42:43,596 INFO  EvoClassLoader - Instrumenting class 'org.apache.hadoop.thirdparty.protobuf.Message$Builder'.
2024-11-12 13:42:43,596 INFO  EvoClassLoader - Keeping class: org.apache.hadoop.thirdparty.protobuf.Message$Builder
2024-11-12 13:42:43,596 INFO  EvoClassLoader - Seeing class for first time: org.apache.hadoop.thirdparty.protobuf.CheckReturnValue
2024-11-12 13:42:43,596 INFO  EvoClassLoader - Instrumenting class 'org.apache.hadoop.thirdparty.protobuf.CheckReturnValue'.
2024-11-12 13:42:43,596 INFO  EvoClassLoader - Keeping class: org.apache.hadoop.thirdparty.protobuf.CheckReturnValue
2024-11-12 13:42:43,596 INFO  EvoClassLoader - Seeing class for first time: org.apache.hadoop.thirdparty.protobuf.GeneratedMessage$GeneratedExtension
2024-11-12 13:42:43,596 INFO  EvoClassLoader - Instrumenting class 'org.apache.hadoop.thirdparty.protobuf.GeneratedMessage$GeneratedExtension'.
2024-11-12 13:42:43,597 INFO  MethodCallReplacementClassAdapter - Adding mock interface to class org/apache/hadoop/thirdparty/protobuf/GeneratedMessage$GeneratedExtension
2024-11-12 13:42:43,597 INFO  CreateClassResetClassAdapter - Creating brand-new static initializer in class org/apache/hadoop/thirdparty/protobuf/GeneratedMessage$GeneratedExtension
2024-11-12 13:42:43,597 INFO  EvoClassLoader - Seeing class for first time: org.apache.hadoop.thirdparty.protobuf.Extension
2024-11-12 13:42:43,597 INFO  EvoClassLoader - Instrumenting class 'org.apache.hadoop.thirdparty.protobuf.Extension'.
2024-11-12 13:42:43,598 INFO  MethodCallReplacementClassAdapter - Adding mock interface to class org/apache/hadoop/thirdparty/protobuf/Extension
2024-11-12 13:42:43,598 INFO  CreateClassResetClassAdapter - Creating brand-new static initializer in class org/apache/hadoop/thirdparty/protobuf/Extension
2024-11-12 13:42:43,598 INFO  EvoClassLoader - Seeing class for first time: org.apache.hadoop.thirdparty.protobuf.ExtensionLite
2024-11-12 13:42:43,598 INFO  EvoClassLoader - Instrumenting class 'org.apache.hadoop.thirdparty.protobuf.ExtensionLite'.
2024-11-12 13:42:43,598 INFO  MethodCallReplacementClassAdapter - Adding mock interface to class org/apache/hadoop/thirdparty/protobuf/ExtensionLite
2024-11-12 13:42:43,598 INFO  CreateClassResetClassAdapter - Creating brand-new static initializer in class org/apache/hadoop/thirdparty/protobuf/ExtensionLite
2024-11-12 13:42:43,598 INFO  EvoClassLoader - Keeping class: org.apache.hadoop.thirdparty.protobuf.ExtensionLite
2024-11-12 13:42:43,598 INFO  EvoClassLoader - Keeping class: org.apache.hadoop.thirdparty.protobuf.Extension
2024-11-12 13:42:43,598 INFO  EvoClassLoader - Keeping class: org.apache.hadoop.thirdparty.protobuf.GeneratedMessage$GeneratedExtension
2024-11-12 13:42:43,598 INFO  EvoClassLoader - Seeing class for first time: org.apache.hadoop.thirdparty.protobuf.GeneratedMessage$ExtensionDescriptorRetriever
2024-11-12 13:42:43,598 INFO  EvoClassLoader - Instrumenting class 'org.apache.hadoop.thirdparty.protobuf.GeneratedMessage$ExtensionDescriptorRetriever'.
2024-11-12 13:42:43,598 INFO  EvoClassLoader - Keeping class: org.apache.hadoop.thirdparty.protobuf.GeneratedMessage$ExtensionDescriptorRetriever
2024-11-12 13:42:43,598 INFO  EvoClassLoader - Seeing class for first time: org.apache.hadoop.thirdparty.protobuf.DescriptorProtos$SourceCodeInfo$Builder
2024-11-12 13:42:43,598 INFO  EvoClassLoader - Instrumenting class 'org.apache.hadoop.thirdparty.protobuf.DescriptorProtos$SourceCodeInfo$Builder'.
2024-11-12 13:42:43,599 INFO  MethodCallReplacementClassAdapter - Adding mock interface to class org/apache/hadoop/thirdparty/protobuf/DescriptorProtos$SourceCodeInfo$Builder
2024-11-12 13:42:43,599 INFO  CreateClassResetClassAdapter - Creating brand-new static initializer in class org/apache/hadoop/thirdparty/protobuf/DescriptorProtos$SourceCodeInfo$Builder
2024-11-12 13:42:43,600 INFO  EvoClassLoader - Seeing class for first time: org.apache.hadoop.thirdparty.protobuf.DescriptorProtos$SourceCodeInfoOrBuilder
2024-11-12 13:42:43,600 INFO  EvoClassLoader - Instrumenting class 'org.apache.hadoop.thirdparty.protobuf.DescriptorProtos$SourceCodeInfoOrBuilder'.
2024-11-12 13:42:43,600 INFO  EvoClassLoader - Keeping class: org.apache.hadoop.thirdparty.protobuf.DescriptorProtos$SourceCodeInfoOrBuilder
2024-11-12 13:42:43,600 INFO  EvoClassLoader - Seeing class for first time: org.apache.hadoop.thirdparty.protobuf.GeneratedMessageV3$Builder
2024-11-12 13:42:43,600 INFO  EvoClassLoader - Instrumenting class 'org.apache.hadoop.thirdparty.protobuf.GeneratedMessageV3$Builder'.
2024-11-12 13:42:43,601 INFO  MethodCallReplacementClassAdapter - Adding mock interface to class org/apache/hadoop/thirdparty/protobuf/GeneratedMessageV3$Builder
2024-11-12 13:42:43,601 INFO  CreateClassResetClassAdapter - Creating brand-new static initializer in class org/apache/hadoop/thirdparty/protobuf/GeneratedMessageV3$Builder
2024-11-12 13:42:43,602 INFO  EvoClassLoader - Seeing class for first time: org.apache.hadoop.thirdparty.protobuf.AbstractMessage$Builder
2024-11-12 13:42:43,602 INFO  EvoClassLoader - Instrumenting class 'org.apache.hadoop.thirdparty.protobuf.AbstractMessage$Builder'.
2024-11-12 13:42:43,602 INFO  MethodCallReplacementClassAdapter - Adding mock interface to class org/apache/hadoop/thirdparty/protobuf/AbstractMessage$Builder
2024-11-12 13:42:43,603 INFO  CreateClassResetClassAdapter - Creating brand-new static initializer in class org/apache/hadoop/thirdparty/protobuf/AbstractMessage$Builder
2024-11-12 13:42:43,603 INFO  EvoClassLoader - Seeing class for first time: org.apache.hadoop.thirdparty.protobuf.AbstractMessageLite$Builder
2024-11-12 13:42:43,603 INFO  EvoClassLoader - Instrumenting class 'org.apache.hadoop.thirdparty.protobuf.AbstractMessageLite$Builder'.
2024-11-12 13:42:43,604 INFO  MethodCallReplacementClassAdapter - Adding mock interface to class org/apache/hadoop/thirdparty/protobuf/AbstractMessageLite$Builder
2024-11-12 13:42:43,605 INFO  CreateClassResetClassAdapter - Creating brand-new static initializer in class org/apache/hadoop/thirdparty/protobuf/AbstractMessageLite$Builder
2024-11-12 13:42:43,605 INFO  EvoClassLoader - Keeping class: org.apache.hadoop.thirdparty.protobuf.AbstractMessageLite$Builder
2024-11-12 13:42:43,605 INFO  EvoClassLoader - Keeping class: org.apache.hadoop.thirdparty.protobuf.AbstractMessage$Builder
2024-11-12 13:42:43,605 INFO  EvoClassLoader - Keeping class: org.apache.hadoop.thirdparty.protobuf.GeneratedMessageV3$Builder
2024-11-12 13:42:43,605 INFO  EvoClassLoader - Keeping class: org.apache.hadoop.thirdparty.protobuf.DescriptorProtos$SourceCodeInfo$Builder
2024-11-12 13:42:43,605 INFO  EvoClassLoader - Seeing class for first time: org.apache.hadoop.thirdparty.protobuf.AbstractMessageLite$Builder$LimitedInputStream
2024-11-12 13:42:43,605 INFO  EvoClassLoader - Instrumenting class 'org.apache.hadoop.thirdparty.protobuf.AbstractMessageLite$Builder$LimitedInputStream'.
2024-11-12 13:42:43,606 INFO  MethodCallReplacementClassAdapter - Adding mock interface to class org/apache/hadoop/thirdparty/protobuf/AbstractMessageLite$Builder$LimitedInputStream
2024-11-12 13:42:43,606 INFO  CreateClassResetClassAdapter - Creating brand-new static initializer in class org/apache/hadoop/thirdparty/protobuf/AbstractMessageLite$Builder$LimitedInputStream
2024-11-12 13:42:43,606 INFO  EvoClassLoader - Keeping class: org.apache.hadoop.thirdparty.protobuf.AbstractMessageLite$Builder$LimitedInputStream
2024-11-12 13:42:43,606 INFO  EvoClassLoader - Seeing class for first time: org.apache.hadoop.thirdparty.protobuf.GeneratedMessageV3$BuilderParent
2024-11-12 13:42:43,606 INFO  EvoClassLoader - Instrumenting class 'org.apache.hadoop.thirdparty.protobuf.GeneratedMessageV3$BuilderParent'.
2024-11-12 13:42:43,606 INFO  EvoClassLoader - Seeing class for first time: org.apache.hadoop.thirdparty.protobuf.AbstractMessage$BuilderParent
2024-11-12 13:42:43,606 INFO  EvoClassLoader - Instrumenting class 'org.apache.hadoop.thirdparty.protobuf.AbstractMessage$BuilderParent'.
2024-11-12 13:42:43,607 INFO  EvoClassLoader - Keeping class: org.apache.hadoop.thirdparty.protobuf.AbstractMessage$BuilderParent
2024-11-12 13:42:43,607 INFO  EvoClassLoader - Keeping class: org.apache.hadoop.thirdparty.protobuf.GeneratedMessageV3$BuilderParent
2024-11-12 13:42:43,607 INFO  EvoClassLoader - Seeing class for first time: org.apache.hadoop.thirdparty.protobuf.DescriptorProtos$SourceCodeInfo$Location
2024-11-12 13:42:43,607 INFO  EvoClassLoader - Instrumenting class 'org.apache.hadoop.thirdparty.protobuf.DescriptorProtos$SourceCodeInfo$Location'.
2024-11-12 13:42:43,607 INFO  MethodCallReplacementClassAdapter - Adding mock interface to class org/apache/hadoop/thirdparty/protobuf/DescriptorProtos$SourceCodeInfo$Location
2024-11-12 13:42:43,607 INFO  CreateClassResetClassAdapter - Found static initializer in class org/apache/hadoop/thirdparty/protobuf/DescriptorProtos$SourceCodeInfo$Location
2024-11-12 13:42:43,608 INFO  EvoClassLoader - Seeing class for first time: org.apache.hadoop.thirdparty.protobuf.DescriptorProtos$SourceCodeInfo$LocationOrBuilder
2024-11-12 13:42:43,608 INFO  EvoClassLoader - Instrumenting class 'org.apache.hadoop.thirdparty.protobuf.DescriptorProtos$SourceCodeInfo$LocationOrBuilder'.
2024-11-12 13:42:43,608 INFO  EvoClassLoader - Keeping class: org.apache.hadoop.thirdparty.protobuf.DescriptorProtos$SourceCodeInfo$LocationOrBuilder
2024-11-12 13:42:43,608 INFO  EvoClassLoader - Seeing class for first time: org.apache.hadoop.thirdparty.protobuf.GeneratedMessageV3
2024-11-12 13:42:43,608 INFO  EvoClassLoader - Instrumenting class 'org.apache.hadoop.thirdparty.protobuf.GeneratedMessageV3'.
2024-11-12 13:42:43,609 INFO  MethodCallReplacementClassAdapter - Adding mock interface to class org/apache/hadoop/thirdparty/protobuf/GeneratedMessageV3
2024-11-12 13:42:43,610 INFO  CreateClassResetClassAdapter - Found static initializer in class org/apache/hadoop/thirdparty/protobuf/GeneratedMessageV3
2024-11-12 13:42:43,611 INFO  EvoClassLoader - Keeping class: org.apache.hadoop.thirdparty.protobuf.GeneratedMessageV3
2024-11-12 13:42:43,611 INFO  EvoClassLoader - Keeping class: org.apache.hadoop.thirdparty.protobuf.DescriptorProtos$SourceCodeInfo$Location
2024-11-12 13:42:43,611 INFO  EvoClassLoader - Seeing class for first time: org.apache.hadoop.thirdparty.protobuf.UninitializedMessageException
2024-11-12 13:42:43,611 INFO  EvoClassLoader - Instrumenting class 'org.apache.hadoop.thirdparty.protobuf.UninitializedMessageException'.
2024-11-12 13:42:43,611 INFO  MethodCallReplacementClassAdapter - Adding mock interface to class org/apache/hadoop/thirdparty/protobuf/UninitializedMessageException
2024-11-12 13:42:43,611 INFO  CreateClassResetClassAdapter - Creating brand-new static initializer in class org/apache/hadoop/thirdparty/protobuf/UninitializedMessageException
2024-11-12 13:42:43,612 INFO  EvoClassLoader - Keeping class: org.apache.hadoop.thirdparty.protobuf.UninitializedMessageException
2024-11-12 13:42:43,612 INFO  EvoClassLoader - Seeing class for first time: org.apache.hadoop.thirdparty.protobuf.TextFormat$Parser$SingularOverwritePolicy
2024-11-12 13:42:43,612 INFO  EvoClassLoader - Instrumenting class 'org.apache.hadoop.thirdparty.protobuf.TextFormat$Parser$SingularOverwritePolicy'.
2024-11-12 13:42:43,612 INFO  MethodCallReplacementClassAdapter - Adding mock interface to class org/apache/hadoop/thirdparty/protobuf/TextFormat$Parser$SingularOverwritePolicy
2024-11-12 13:42:43,612 INFO  CreateClassResetClassAdapter - Found static initializer in class org/apache/hadoop/thirdparty/protobuf/TextFormat$Parser$SingularOverwritePolicy
2024-11-12 13:42:43,615 INFO  EvoClassLoader - Keeping class: org.apache.hadoop.thirdparty.protobuf.TextFormat$Parser$SingularOverwritePolicy
2024-11-12 13:42:43,615 INFO  EvoClassLoader - Seeing class for first time: org.apache.hadoop.thirdparty.protobuf.DescriptorProtos$FileOptions
2024-11-12 13:42:43,615 INFO  EvoClassLoader - Instrumenting class 'org.apache.hadoop.thirdparty.protobuf.DescriptorProtos$FileOptions'.
2024-11-12 13:42:43,616 INFO  MethodCallReplacementClassAdapter - Adding mock interface to class org/apache/hadoop/thirdparty/protobuf/DescriptorProtos$FileOptions
2024-11-12 13:42:43,617 INFO  CreateClassResetClassAdapter - Found static initializer in class org/apache/hadoop/thirdparty/protobuf/DescriptorProtos$FileOptions
2024-11-12 13:42:43,617 INFO  EvoClassLoader - Seeing class for first time: org.apache.hadoop.thirdparty.protobuf.DescriptorProtos$FileOptionsOrBuilder
2024-11-12 13:42:43,617 INFO  EvoClassLoader - Instrumenting class 'org.apache.hadoop.thirdparty.protobuf.DescriptorProtos$FileOptionsOrBuilder'.
2024-11-12 13:42:43,618 INFO  EvoClassLoader - Seeing class for first time: org.apache.hadoop.thirdparty.protobuf.GeneratedMessageV3$ExtendableMessageOrBuilder
2024-11-12 13:42:43,618 INFO  EvoClassLoader - Instrumenting class 'org.apache.hadoop.thirdparty.protobuf.GeneratedMessageV3$ExtendableMessageOrBuilder'.
2024-11-12 13:42:43,618 INFO  EvoClassLoader - Keeping class: org.apache.hadoop.thirdparty.protobuf.GeneratedMessageV3$ExtendableMessageOrBuilder
2024-11-12 13:42:43,618 INFO  EvoClassLoader - Keeping class: org.apache.hadoop.thirdparty.protobuf.DescriptorProtos$FileOptionsOrBuilder
2024-11-12 13:42:43,618 INFO  EvoClassLoader - Seeing class for first time: org.apache.hadoop.thirdparty.protobuf.GeneratedMessageV3$ExtendableMessage
2024-11-12 13:42:43,618 INFO  EvoClassLoader - Instrumenting class 'org.apache.hadoop.thirdparty.protobuf.GeneratedMessageV3$ExtendableMessage'.
2024-11-12 13:42:43,618 INFO  MethodCallReplacementClassAdapter - Adding mock interface to class org/apache/hadoop/thirdparty/protobuf/GeneratedMessageV3$ExtendableMessage
2024-11-12 13:42:43,619 INFO  CreateClassResetClassAdapter - Creating brand-new static initializer in class org/apache/hadoop/thirdparty/protobuf/GeneratedMessageV3$ExtendableMessage
2024-11-12 13:42:43,619 INFO  EvoClassLoader - Keeping class: org.apache.hadoop.thirdparty.protobuf.GeneratedMessageV3$ExtendableMessage
2024-11-12 13:42:43,619 INFO  EvoClassLoader - Keeping class: org.apache.hadoop.thirdparty.protobuf.DescriptorProtos$FileOptions
2024-11-12 13:42:43,620 INFO  EvoClassLoader - Seeing class for first time: org.apache.hadoop.thirdparty.protobuf.Internal$IntList
2024-11-12 13:42:43,620 INFO  EvoClassLoader - Instrumenting class 'org.apache.hadoop.thirdparty.protobuf.Internal$IntList'.
2024-11-12 13:42:43,620 INFO  EvoClassLoader - Seeing class for first time: org.apache.hadoop.thirdparty.protobuf.Internal$ProtobufList
2024-11-12 13:42:43,620 INFO  EvoClassLoader - Instrumenting class 'org.apache.hadoop.thirdparty.protobuf.Internal$ProtobufList'.
2024-11-12 13:42:43,620 INFO  EvoClassLoader - Keeping class: org.apache.hadoop.thirdparty.protobuf.Internal$ProtobufList
2024-11-12 13:42:43,621 INFO  EvoClassLoader - Keeping class: org.apache.hadoop.thirdparty.protobuf.Internal$IntList
2024-11-12 13:42:43,621 INFO  EvoClassLoader - Seeing class for first time: org.apache.hadoop.thirdparty.protobuf.Internal$LongList
2024-11-12 13:42:43,621 INFO  EvoClassLoader - Instrumenting class 'org.apache.hadoop.thirdparty.protobuf.Internal$LongList'.
2024-11-12 13:42:43,621 INFO  EvoClassLoader - Keeping class: org.apache.hadoop.thirdparty.protobuf.Internal$LongList
2024-11-12 13:42:43,621 INFO  EvoClassLoader - Seeing class for first time: org.apache.hadoop.thirdparty.protobuf.Reader
2024-11-12 13:42:43,621 INFO  EvoClassLoader - Instrumenting class 'org.apache.hadoop.thirdparty.protobuf.Reader'.
2024-11-12 13:42:43,621 INFO  EvoClassLoader - Keeping class: org.apache.hadoop.thirdparty.protobuf.Reader
2024-11-12 13:42:43,622 INFO  EvoClassLoader - Seeing class for first time: org.apache.hadoop.thirdparty.protobuf.Internal$FloatList
2024-11-12 13:42:43,622 INFO  EvoClassLoader - Instrumenting class 'org.apache.hadoop.thirdparty.protobuf.Internal$FloatList'.
2024-11-12 13:42:43,622 INFO  EvoClassLoader - Keeping class: org.apache.hadoop.thirdparty.protobuf.Internal$FloatList
2024-11-12 13:42:43,622 INFO  EvoClassLoader - Seeing class for first time: org.apache.hadoop.thirdparty.protobuf.Internal$DoubleList
2024-11-12 13:42:43,622 INFO  EvoClassLoader - Instrumenting class 'org.apache.hadoop.thirdparty.protobuf.Internal$DoubleList'.
2024-11-12 13:42:43,622 INFO  EvoClassLoader - Keeping class: org.apache.hadoop.thirdparty.protobuf.Internal$DoubleList
2024-11-12 13:42:43,622 INFO  EvoClassLoader - Seeing class for first time: org.apache.hadoop.thirdparty.protobuf.Internal$BooleanList
2024-11-12 13:42:43,622 INFO  EvoClassLoader - Instrumenting class 'org.apache.hadoop.thirdparty.protobuf.Internal$BooleanList'.
2024-11-12 13:42:43,623 INFO  EvoClassLoader - Keeping class: org.apache.hadoop.thirdparty.protobuf.Internal$BooleanList
2024-11-12 13:42:43,623 INFO  EvoClassLoader - Seeing class for first time: org.apache.hadoop.thirdparty.protobuf.MessageReflection$MergeTarget
2024-11-12 13:42:43,623 INFO  EvoClassLoader - Instrumenting class 'org.apache.hadoop.thirdparty.protobuf.MessageReflection$MergeTarget'.
2024-11-12 13:42:43,624 INFO  EvoClassLoader - Keeping class: org.apache.hadoop.thirdparty.protobuf.MessageReflection$MergeTarget
2024-11-12 13:42:43,624 INFO  EvoClassLoader - Seeing class for first time: org.apache.hadoop.thirdparty.protobuf.FieldSet$FieldDescriptorLite
2024-11-12 13:42:43,624 INFO  EvoClassLoader - Instrumenting class 'org.apache.hadoop.thirdparty.protobuf.FieldSet$FieldDescriptorLite'.
2024-11-12 13:42:43,624 INFO  EvoClassLoader - Keeping class: org.apache.hadoop.thirdparty.protobuf.FieldSet$FieldDescriptorLite
2024-11-12 13:42:43,624 INFO  EvoClassLoader - Seeing class for first time: org.apache.hadoop.thirdparty.protobuf.GeneratedMessageV3$ExtendableBuilder
2024-11-12 13:42:43,624 INFO  EvoClassLoader - Instrumenting class 'org.apache.hadoop.thirdparty.protobuf.GeneratedMessageV3$ExtendableBuilder'.
2024-11-12 13:42:43,625 INFO  MethodCallReplacementClassAdapter - Adding mock interface to class org/apache/hadoop/thirdparty/protobuf/GeneratedMessageV3$ExtendableBuilder
2024-11-12 13:42:43,626 INFO  CreateClassResetClassAdapter - Creating brand-new static initializer in class org/apache/hadoop/thirdparty/protobuf/GeneratedMessageV3$ExtendableBuilder
2024-11-12 13:42:43,626 INFO  EvoClassLoader - Keeping class: org.apache.hadoop.thirdparty.protobuf.GeneratedMessageV3$ExtendableBuilder
2024-11-12 13:42:43,627 INFO  EvoClassLoader - Seeing class for first time: org.apache.hadoop.thirdparty.protobuf.Parser
2024-11-12 13:42:43,627 INFO  EvoClassLoader - Instrumenting class 'org.apache.hadoop.thirdparty.protobuf.Parser'.
2024-11-12 13:42:43,627 INFO  EvoClassLoader - Keeping class: org.apache.hadoop.thirdparty.protobuf.Parser
2024-11-12 13:42:43,628 INFO  EvoClassLoader - Seeing class for first time: org.apache.hadoop.thirdparty.protobuf.UnknownFieldSet
2024-11-12 13:42:43,628 INFO  EvoClassLoader - Instrumenting class 'org.apache.hadoop.thirdparty.protobuf.UnknownFieldSet'.
2024-11-12 13:42:43,628 INFO  MethodCallReplacementClassAdapter - Adding mock interface to class org/apache/hadoop/thirdparty/protobuf/UnknownFieldSet
2024-11-12 13:42:43,629 INFO  CreateClassResetClassAdapter - Found static initializer in class org/apache/hadoop/thirdparty/protobuf/UnknownFieldSet
2024-11-12 13:42:43,629 INFO  EvoClassLoader - Keeping class: org.apache.hadoop.thirdparty.protobuf.UnknownFieldSet
2024-11-12 13:42:43,630 INFO  EvoClassLoader - Seeing class for first time: org.apache.hadoop.thirdparty.protobuf.UnknownFieldSet$Parser
2024-11-12 13:42:43,630 INFO  EvoClassLoader - Instrumenting class 'org.apache.hadoop.thirdparty.protobuf.UnknownFieldSet$Parser'.
2024-11-12 13:42:43,630 INFO  MethodCallReplacementClassAdapter - Adding mock interface to class org/apache/hadoop/thirdparty/protobuf/UnknownFieldSet$Parser
2024-11-12 13:42:43,630 INFO  CreateClassResetClassAdapter - Creating brand-new static initializer in class org/apache/hadoop/thirdparty/protobuf/UnknownFieldSet$Parser
2024-11-12 13:42:43,630 INFO  EvoClassLoader - Seeing class for first time: org.apache.hadoop.thirdparty.protobuf.AbstractParser
2024-11-12 13:42:43,630 INFO  EvoClassLoader - Instrumenting class 'org.apache.hadoop.thirdparty.protobuf.AbstractParser'.
2024-11-12 13:42:43,631 INFO  MethodCallReplacementClassAdapter - Adding mock interface to class org/apache/hadoop/thirdparty/protobuf/AbstractParser
2024-11-12 13:42:43,631 INFO  CreateClassResetClassAdapter - Found static initializer in class org/apache/hadoop/thirdparty/protobuf/AbstractParser
2024-11-12 13:42:43,631 INFO  EvoClassLoader - Keeping class: org.apache.hadoop.thirdparty.protobuf.AbstractParser
2024-11-12 13:42:43,631 INFO  EvoClassLoader - Keeping class: org.apache.hadoop.thirdparty.protobuf.UnknownFieldSet$Parser
2024-11-12 13:42:43,632 INFO  EvoClassLoader - Seeing class for first time: org.apache.hadoop.thirdparty.protobuf.ExtensionRegistryFactory
2024-11-12 13:42:43,632 INFO  EvoClassLoader - Instrumenting class 'org.apache.hadoop.thirdparty.protobuf.ExtensionRegistryFactory'.
2024-11-12 13:42:43,632 INFO  MethodCallReplacementClassAdapter - Adding mock interface to class org/apache/hadoop/thirdparty/protobuf/ExtensionRegistryFactory
2024-11-12 13:42:43,632 INFO  CreateClassResetClassAdapter - Found static initializer in class org/apache/hadoop/thirdparty/protobuf/ExtensionRegistryFactory
2024-11-12 13:42:43,632 INFO  EvoClassLoader - Keeping class: org.apache.hadoop.thirdparty.protobuf.ExtensionRegistryFactory
2024-11-12 13:42:43,633 INFO  EvoClassLoader - Seeing class for first time: org.apache.hadoop.thirdparty.protobuf.ExtensionRegistry$ExtensionInfo
2024-11-12 13:42:43,633 INFO  EvoClassLoader - Instrumenting class 'org.apache.hadoop.thirdparty.protobuf.ExtensionRegistry$ExtensionInfo'.
2024-11-12 13:42:43,633 INFO  MethodCallReplacementClassAdapter - Adding mock interface to class org/apache/hadoop/thirdparty/protobuf/ExtensionRegistry$ExtensionInfo
2024-11-12 13:42:43,633 INFO  CreateClassResetClassAdapter - Creating brand-new static initializer in class org/apache/hadoop/thirdparty/protobuf/ExtensionRegistry$ExtensionInfo
2024-11-12 13:42:43,633 INFO  EvoClassLoader - Keeping class: org.apache.hadoop.thirdparty.protobuf.ExtensionRegistry$ExtensionInfo
2024-11-12 13:42:43,633 INFO  EvoClassLoader - Seeing class for first time: org.apache.hadoop.thirdparty.protobuf.Descriptors$Descriptor
2024-11-12 13:42:43,633 INFO  EvoClassLoader - Instrumenting class 'org.apache.hadoop.thirdparty.protobuf.Descriptors$Descriptor'.
2024-11-12 13:42:43,634 INFO  MethodCallReplacementClassAdapter - Adding mock interface to class org/apache/hadoop/thirdparty/protobuf/Descriptors$Descriptor
2024-11-12 13:42:43,634 INFO  CreateClassResetClassAdapter - Creating brand-new static initializer in class org/apache/hadoop/thirdparty/protobuf/Descriptors$Descriptor
2024-11-12 13:42:43,635 INFO  EvoClassLoader - Seeing class for first time: org.apache.hadoop.thirdparty.protobuf.Descriptors$GenericDescriptor
2024-11-12 13:42:43,635 INFO  EvoClassLoader - Instrumenting class 'org.apache.hadoop.thirdparty.protobuf.Descriptors$GenericDescriptor'.
2024-11-12 13:42:43,635 INFO  MethodCallReplacementClassAdapter - Adding mock interface to class org/apache/hadoop/thirdparty/protobuf/Descriptors$GenericDescriptor
2024-11-12 13:42:43,635 INFO  CreateClassResetClassAdapter - Creating brand-new static initializer in class org/apache/hadoop/thirdparty/protobuf/Descriptors$GenericDescriptor
2024-11-12 13:42:43,635 INFO  EvoClassLoader - Keeping class: org.apache.hadoop.thirdparty.protobuf.Descriptors$GenericDescriptor
2024-11-12 13:42:43,635 INFO  EvoClassLoader - Keeping class: org.apache.hadoop.thirdparty.protobuf.Descriptors$Descriptor
2024-11-12 13:42:43,635 INFO  EvoClassLoader - Seeing class for first time: org.apache.hadoop.thirdparty.protobuf.Extension$ExtensionType
2024-11-12 13:42:43,635 INFO  EvoClassLoader - Instrumenting class 'org.apache.hadoop.thirdparty.protobuf.Extension$ExtensionType'.
2024-11-12 13:42:43,635 INFO  MethodCallReplacementClassAdapter - Adding mock interface to class org/apache/hadoop/thirdparty/protobuf/Extension$ExtensionType
2024-11-12 13:42:43,635 INFO  CreateClassResetClassAdapter - Found static initializer in class org/apache/hadoop/thirdparty/protobuf/Extension$ExtensionType
2024-11-12 13:42:43,635 INFO  EvoClassLoader - Keeping class: org.apache.hadoop.thirdparty.protobuf.Extension$ExtensionType
2024-11-12 13:42:43,635 INFO  EvoClassLoader - Seeing class for first time: org.apache.hadoop.thirdparty.protobuf.Descriptors$FieldDescriptor
2024-11-12 13:42:43,635 INFO  EvoClassLoader - Instrumenting class 'org.apache.hadoop.thirdparty.protobuf.Descriptors$FieldDescriptor'.
2024-11-12 13:42:43,636 INFO  MethodCallReplacementClassAdapter - Adding mock interface to class org/apache/hadoop/thirdparty/protobuf/Descriptors$FieldDescriptor
2024-11-12 13:42:43,636 INFO  CreateClassResetClassAdapter - Found static initializer in class org/apache/hadoop/thirdparty/protobuf/Descriptors$FieldDescriptor
2024-11-12 13:42:43,637 INFO  EvoClassLoader - Keeping class: org.apache.hadoop.thirdparty.protobuf.Descriptors$FieldDescriptor
2024-11-12 13:42:43,637 INFO  EvoClassLoader - Seeing class for first time: org.apache.hadoop.thirdparty.protobuf.FieldSet
2024-11-12 13:42:43,637 INFO  EvoClassLoader - Instrumenting class 'org.apache.hadoop.thirdparty.protobuf.FieldSet'.
2024-11-12 13:42:43,637 INFO  MethodCallReplacementClassAdapter - Adding mock interface to class org/apache/hadoop/thirdparty/protobuf/FieldSet
2024-11-12 13:42:43,639 INFO  CreateClassResetClassAdapter - Found static initializer in class org/apache/hadoop/thirdparty/protobuf/FieldSet
2024-11-12 13:42:43,640 INFO  EvoClassLoader - Keeping class: org.apache.hadoop.thirdparty.protobuf.FieldSet
2024-11-12 13:42:43,640 INFO  EvoClassLoader - Seeing class for first time: org.apache.hadoop.thirdparty.protobuf.LazyFieldLite
2024-11-12 13:42:43,640 INFO  EvoClassLoader - Instrumenting class 'org.apache.hadoop.thirdparty.protobuf.LazyFieldLite'.
2024-11-12 13:42:43,640 INFO  MethodCallReplacementClassAdapter - Adding mock interface to class org/apache/hadoop/thirdparty/protobuf/LazyFieldLite
2024-11-12 13:42:43,641 INFO  CreateClassResetClassAdapter - Found static initializer in class org/apache/hadoop/thirdparty/protobuf/LazyFieldLite
2024-11-12 13:42:43,641 INFO  EvoClassLoader - Keeping class: org.apache.hadoop.thirdparty.protobuf.LazyFieldLite
2024-11-12 13:42:43,641 INFO  EvoClassLoader - Seeing class for first time: org.apache.hadoop.thirdparty.protobuf.LazyField
2024-11-12 13:42:43,641 INFO  EvoClassLoader - Instrumenting class 'org.apache.hadoop.thirdparty.protobuf.LazyField'.
2024-11-12 13:42:43,641 INFO  MethodCallReplacementClassAdapter - Adding mock interface to class org/apache/hadoop/thirdparty/protobuf/LazyField
2024-11-12 13:42:43,641 INFO  CreateClassResetClassAdapter - Creating brand-new static initializer in class org/apache/hadoop/thirdparty/protobuf/LazyField
2024-11-12 13:42:43,641 INFO  EvoClassLoader - Keeping class: org.apache.hadoop.thirdparty.protobuf.LazyField
2024-11-12 13:42:43,642 INFO  EvoClassLoader - Seeing class for first time: org.apache.hadoop.thirdparty.protobuf.SmallSortedMap
2024-11-12 13:42:43,642 INFO  EvoClassLoader - Instrumenting class 'org.apache.hadoop.thirdparty.protobuf.SmallSortedMap'.
2024-11-12 13:42:43,642 INFO  MethodCallReplacementClassAdapter - Adding mock interface to class org/apache/hadoop/thirdparty/protobuf/SmallSortedMap
2024-11-12 13:42:43,642 INFO  CreateClassResetClassAdapter - Creating brand-new static initializer in class org/apache/hadoop/thirdparty/protobuf/SmallSortedMap
2024-11-12 13:42:43,642 INFO  EvoClassLoader - Keeping class: org.apache.hadoop.thirdparty.protobuf.SmallSortedMap
2024-11-12 13:42:43,642 INFO  EvoClassLoader - Seeing class for first time: org.apache.hadoop.thirdparty.protobuf.SmallSortedMap$1
2024-11-12 13:42:43,642 INFO  EvoClassLoader - Instrumenting class 'org.apache.hadoop.thirdparty.protobuf.SmallSortedMap$1'.
2024-11-12 13:42:43,643 INFO  MethodCallReplacementClassAdapter - Adding mock interface to class org/apache/hadoop/thirdparty/protobuf/SmallSortedMap$1
2024-11-12 13:42:43,643 INFO  EvoClassLoader - Keeping class: org.apache.hadoop.thirdparty.protobuf.SmallSortedMap$1
2024-11-12 13:42:43,643 INFO  EvoClassLoader - Seeing class for first time: org.apache.hadoop.thirdparty.protobuf.SmallSortedMap$EmptySet
2024-11-12 13:42:43,643 INFO  EvoClassLoader - Instrumenting class 'org.apache.hadoop.thirdparty.protobuf.SmallSortedMap$EmptySet'.
2024-11-12 13:42:43,643 INFO  MethodCallReplacementClassAdapter - Adding mock interface to class org/apache/hadoop/thirdparty/protobuf/SmallSortedMap$EmptySet
2024-11-12 13:42:43,643 INFO  CreateClassResetClassAdapter - Found static initializer in class org/apache/hadoop/thirdparty/protobuf/SmallSortedMap$EmptySet
2024-11-12 13:42:43,643 INFO  EvoClassLoader - Keeping class: org.apache.hadoop.thirdparty.protobuf.SmallSortedMap$EmptySet
2024-11-12 13:42:43,643 INFO  EvoClassLoader - Seeing class for first time: org.apache.hadoop.thirdparty.protobuf.SmallSortedMap$EmptySet$1
2024-11-12 13:42:43,643 INFO  EvoClassLoader - Instrumenting class 'org.apache.hadoop.thirdparty.protobuf.SmallSortedMap$EmptySet$1'.
2024-11-12 13:42:43,643 INFO  MethodCallReplacementClassAdapter - Adding mock interface to class org/apache/hadoop/thirdparty/protobuf/SmallSortedMap$EmptySet$1
2024-11-12 13:42:43,643 INFO  EvoClassLoader - Keeping class: org.apache.hadoop.thirdparty.protobuf.SmallSortedMap$EmptySet$1
2024-11-12 13:42:43,644 INFO  EvoClassLoader - Seeing class for first time: org.apache.hadoop.thirdparty.protobuf.SmallSortedMap$EmptySet$2
2024-11-12 13:42:43,644 INFO  EvoClassLoader - Instrumenting class 'org.apache.hadoop.thirdparty.protobuf.SmallSortedMap$EmptySet$2'.
2024-11-12 13:42:43,644 INFO  MethodCallReplacementClassAdapter - Adding mock interface to class org/apache/hadoop/thirdparty/protobuf/SmallSortedMap$EmptySet$2
2024-11-12 13:42:43,644 INFO  EvoClassLoader - Keeping class: org.apache.hadoop.thirdparty.protobuf.SmallSortedMap$EmptySet$2
2024-11-12 13:42:43,644 INFO  EvoClassLoader - Seeing class for first time: org.apache.hadoop.thirdparty.protobuf.DescriptorProtos$FileOptions$1
2024-11-12 13:42:43,644 INFO  EvoClassLoader - Instrumenting class 'org.apache.hadoop.thirdparty.protobuf.DescriptorProtos$FileOptions$1'.
2024-11-12 13:42:43,644 INFO  MethodCallReplacementClassAdapter - Adding mock interface to class org/apache/hadoop/thirdparty/protobuf/DescriptorProtos$FileOptions$1
2024-11-12 13:42:43,644 INFO  EvoClassLoader - Keeping class: org.apache.hadoop.thirdparty.protobuf.DescriptorProtos$FileOptions$1
2024-11-12 13:42:43,644 INFO  EvoClassLoader - Seeing class for first time: org.apache.hadoop.thirdparty.protobuf.DescriptorProtos$OneofDescriptorProto
2024-11-12 13:42:43,644 INFO  EvoClassLoader - Instrumenting class 'org.apache.hadoop.thirdparty.protobuf.DescriptorProtos$OneofDescriptorProto'.
2024-11-12 13:42:43,644 INFO  MethodCallReplacementClassAdapter - Adding mock interface to class org/apache/hadoop/thirdparty/protobuf/DescriptorProtos$OneofDescriptorProto
2024-11-12 13:42:43,645 INFO  CreateClassResetClassAdapter - Found static initializer in class org/apache/hadoop/thirdparty/protobuf/DescriptorProtos$OneofDescriptorProto
2024-11-12 13:42:43,645 INFO  EvoClassLoader - Seeing class for first time: org.apache.hadoop.thirdparty.protobuf.DescriptorProtos$OneofDescriptorProtoOrBuilder
2024-11-12 13:42:43,645 INFO  EvoClassLoader - Instrumenting class 'org.apache.hadoop.thirdparty.protobuf.DescriptorProtos$OneofDescriptorProtoOrBuilder'.
2024-11-12 13:42:43,645 INFO  EvoClassLoader - Keeping class: org.apache.hadoop.thirdparty.protobuf.DescriptorProtos$OneofDescriptorProtoOrBuilder
2024-11-12 13:42:43,645 INFO  EvoClassLoader - Keeping class: org.apache.hadoop.thirdparty.protobuf.DescriptorProtos$OneofDescriptorProto
2024-11-12 13:42:43,645 INFO  EvoClassLoader - Seeing class for first time: org.apache.hadoop.thirdparty.protobuf.DescriptorProtos$OneofOptionsOrBuilder
2024-11-12 13:42:43,645 INFO  EvoClassLoader - Instrumenting class 'org.apache.hadoop.thirdparty.protobuf.DescriptorProtos$OneofOptionsOrBuilder'.
2024-11-12 13:42:43,646 INFO  EvoClassLoader - Keeping class: org.apache.hadoop.thirdparty.protobuf.DescriptorProtos$OneofOptionsOrBuilder
2024-11-12 13:42:43,646 INFO  EvoClassLoader - Seeing class for first time: org.apache.hadoop.thirdparty.protobuf.DescriptorProtos$OneofDescriptorProto$1
2024-11-12 13:42:43,646 INFO  EvoClassLoader - Instrumenting class 'org.apache.hadoop.thirdparty.protobuf.DescriptorProtos$OneofDescriptorProto$1'.
2024-11-12 13:42:43,646 INFO  MethodCallReplacementClassAdapter - Adding mock interface to class org/apache/hadoop/thirdparty/protobuf/DescriptorProtos$OneofDescriptorProto$1
2024-11-12 13:42:43,646 INFO  EvoClassLoader - Keeping class: org.apache.hadoop.thirdparty.protobuf.DescriptorProtos$OneofDescriptorProto$1
2024-11-12 13:42:43,646 INFO  EvoClassLoader - Seeing class for first time: org.apache.hadoop.thirdparty.protobuf.Descriptors$NumberGetter
2024-11-12 13:42:43,646 INFO  EvoClassLoader - Instrumenting class 'org.apache.hadoop.thirdparty.protobuf.Descriptors$NumberGetter'.
2024-11-12 13:42:43,646 INFO  EvoClassLoader - Keeping class: org.apache.hadoop.thirdparty.protobuf.Descriptors$NumberGetter
2024-11-12 13:42:43,646 INFO  EvoClassLoader - Seeing class for first time: org.apache.hadoop.thirdparty.protobuf.GeneratedMessageV3$1
2024-11-12 13:42:43,646 INFO  EvoClassLoader - Instrumenting class 'org.apache.hadoop.thirdparty.protobuf.GeneratedMessageV3$1'.
2024-11-12 13:42:43,646 INFO  MethodCallReplacementClassAdapter - Adding mock interface to class org/apache/hadoop/thirdparty/protobuf/GeneratedMessageV3$1
2024-11-12 13:42:43,646 INFO  EvoClassLoader - Keeping class: org.apache.hadoop.thirdparty.protobuf.GeneratedMessageV3$1
2024-11-12 13:42:43,646 INFO  EvoClassLoader - Seeing class for first time: org.apache.hadoop.thirdparty.protobuf.Descriptors$EnumValueDescriptor
2024-11-12 13:42:43,646 INFO  EvoClassLoader - Instrumenting class 'org.apache.hadoop.thirdparty.protobuf.Descriptors$EnumValueDescriptor'.
2024-11-12 13:42:43,647 INFO  MethodCallReplacementClassAdapter - Adding mock interface to class org/apache/hadoop/thirdparty/protobuf/Descriptors$EnumValueDescriptor
2024-11-12 13:42:43,647 INFO  CreateClassResetClassAdapter - Found static initializer in class org/apache/hadoop/thirdparty/protobuf/Descriptors$EnumValueDescriptor
2024-11-12 13:42:43,647 INFO  EvoClassLoader - Seeing class for first time: org.apache.hadoop.thirdparty.protobuf.Internal$EnumLite
2024-11-12 13:42:43,647 INFO  EvoClassLoader - Instrumenting class 'org.apache.hadoop.thirdparty.protobuf.Internal$EnumLite'.
2024-11-12 13:42:43,647 INFO  EvoClassLoader - Keeping class: org.apache.hadoop.thirdparty.protobuf.Internal$EnumLite
2024-11-12 13:42:43,647 INFO  EvoClassLoader - Keeping class: org.apache.hadoop.thirdparty.protobuf.Descriptors$EnumValueDescriptor
2024-11-12 13:42:43,647 INFO  EvoClassLoader - Seeing class for first time: org.apache.hadoop.thirdparty.protobuf.Descriptors$EnumValueDescriptor$1
2024-11-12 13:42:43,647 INFO  EvoClassLoader - Instrumenting class 'org.apache.hadoop.thirdparty.protobuf.Descriptors$EnumValueDescriptor$1'.
2024-11-12 13:42:43,647 INFO  MethodCallReplacementClassAdapter - Adding mock interface to class org/apache/hadoop/thirdparty/protobuf/Descriptors$EnumValueDescriptor$1
2024-11-12 13:42:43,648 INFO  EvoClassLoader - Keeping class: org.apache.hadoop.thirdparty.protobuf.Descriptors$EnumValueDescriptor$1
2024-11-12 13:42:43,648 INFO  EvoClassLoader - Seeing class for first time: org.apache.hadoop.thirdparty.protobuf.Descriptors$EnumValueDescriptor$2
2024-11-12 13:42:43,648 INFO  EvoClassLoader - Instrumenting class 'org.apache.hadoop.thirdparty.protobuf.Descriptors$EnumValueDescriptor$2'.
2024-11-12 13:42:43,648 INFO  MethodCallReplacementClassAdapter - Adding mock interface to class org/apache/hadoop/thirdparty/protobuf/Descriptors$EnumValueDescriptor$2
2024-11-12 13:42:43,648 INFO  EvoClassLoader - Keeping class: org.apache.hadoop.thirdparty.protobuf.Descriptors$EnumValueDescriptor$2
2024-11-12 13:42:43,648 INFO  EvoClassLoader - Seeing class for first time: org.apache.hadoop.thirdparty.protobuf.GeneratedMessageV3$FieldAccessorTable$FieldAccessor
2024-11-12 13:42:43,648 INFO  EvoClassLoader - Instrumenting class 'org.apache.hadoop.thirdparty.protobuf.GeneratedMessageV3$FieldAccessorTable$FieldAccessor'.
2024-11-12 13:42:43,649 INFO  EvoClassLoader - Keeping class: org.apache.hadoop.thirdparty.protobuf.GeneratedMessageV3$FieldAccessorTable$FieldAccessor
2024-11-12 13:42:43,649 INFO  EvoClassLoader - Seeing class for first time: org.apache.hadoop.thirdparty.protobuf.DescriptorProtos$FieldDescriptorProto$Label
2024-11-12 13:42:43,649 INFO  EvoClassLoader - Instrumenting class 'org.apache.hadoop.thirdparty.protobuf.DescriptorProtos$FieldDescriptorProto$Label'.
2024-11-12 13:42:43,649 INFO  MethodCallReplacementClassAdapter - Adding mock interface to class org/apache/hadoop/thirdparty/protobuf/DescriptorProtos$FieldDescriptorProto$Label
2024-11-12 13:42:43,650 INFO  CreateClassResetClassAdapter - Found static initializer in class org/apache/hadoop/thirdparty/protobuf/DescriptorProtos$FieldDescriptorProto$Label
2024-11-12 13:42:43,650 INFO  EvoClassLoader - Seeing class for first time: org.apache.hadoop.thirdparty.protobuf.ProtocolMessageEnum
2024-11-12 13:42:43,650 INFO  EvoClassLoader - Instrumenting class 'org.apache.hadoop.thirdparty.protobuf.ProtocolMessageEnum'.
2024-11-12 13:42:43,650 INFO  EvoClassLoader - Keeping class: org.apache.hadoop.thirdparty.protobuf.ProtocolMessageEnum
2024-11-12 13:42:43,650 INFO  EvoClassLoader - Keeping class: org.apache.hadoop.thirdparty.protobuf.DescriptorProtos$FieldDescriptorProto$Label
2024-11-12 13:42:43,650 INFO  EvoClassLoader - Seeing class for first time: org.apache.hadoop.thirdparty.protobuf.Internal$EnumLiteMap
2024-11-12 13:42:43,650 INFO  EvoClassLoader - Instrumenting class 'org.apache.hadoop.thirdparty.protobuf.Internal$EnumLiteMap'.
2024-11-12 13:42:43,651 INFO  EvoClassLoader - Keeping class: org.apache.hadoop.thirdparty.protobuf.Internal$EnumLiteMap
2024-11-12 13:42:43,651 INFO  EvoClassLoader - Seeing class for first time: org.apache.hadoop.thirdparty.protobuf.DescriptorProtos$FieldDescriptorProto$Label$1
2024-11-12 13:42:43,651 INFO  EvoClassLoader - Instrumenting class 'org.apache.hadoop.thirdparty.protobuf.DescriptorProtos$FieldDescriptorProto$Label$1'.
2024-11-12 13:42:43,651 INFO  MethodCallReplacementClassAdapter - Adding mock interface to class org/apache/hadoop/thirdparty/protobuf/DescriptorProtos$FieldDescriptorProto$Label$1
2024-11-12 13:42:43,651 INFO  EvoClassLoader - Keeping class: org.apache.hadoop.thirdparty.protobuf.DescriptorProtos$FieldDescriptorProto$Label$1
2024-11-12 13:42:43,652 INFO  EvoClassLoader - Seeing class for first time: org.apache.hadoop.thirdparty.protobuf.ByteString$CodedBuilder
2024-11-12 13:42:43,652 INFO  EvoClassLoader - Instrumenting class 'org.apache.hadoop.thirdparty.protobuf.ByteString$CodedBuilder'.
2024-11-12 13:42:43,653 INFO  MethodCallReplacementClassAdapter - Adding mock interface to class org/apache/hadoop/thirdparty/protobuf/ByteString$CodedBuilder
2024-11-12 13:42:43,653 INFO  CreateClassResetClassAdapter - Creating brand-new static initializer in class org/apache/hadoop/thirdparty/protobuf/ByteString$CodedBuilder
2024-11-12 13:42:43,653 INFO  EvoClassLoader - Keeping class: org.apache.hadoop.thirdparty.protobuf.ByteString$CodedBuilder
2024-11-12 13:42:43,653 INFO  EvoClassLoader - Seeing class for first time: org.apache.hadoop.thirdparty.protobuf.ByteString
2024-11-12 13:42:43,653 INFO  EvoClassLoader - Instrumenting class 'org.apache.hadoop.thirdparty.protobuf.ByteString'.
2024-11-12 13:42:43,653 INFO  MethodCallReplacementClassAdapter - Adding mock interface to class org/apache/hadoop/thirdparty/protobuf/ByteString
2024-11-12 13:42:43,654 INFO  CreateClassResetClassAdapter - Found static initializer in class org/apache/hadoop/thirdparty/protobuf/ByteString
2024-11-12 13:42:43,655 INFO  EvoClassLoader - Keeping class: org.apache.hadoop.thirdparty.protobuf.ByteString
2024-11-12 13:42:43,655 INFO  EvoClassLoader - Seeing class for first time: org.apache.hadoop.thirdparty.protobuf.ByteString$LiteralByteString
2024-11-12 13:42:43,655 INFO  EvoClassLoader - Instrumenting class 'org.apache.hadoop.thirdparty.protobuf.ByteString$LiteralByteString'.
2024-11-12 13:42:43,655 INFO  MethodCallReplacementClassAdapter - Adding mock interface to class org/apache/hadoop/thirdparty/protobuf/ByteString$LiteralByteString
2024-11-12 13:42:43,656 INFO  CreateClassResetClassAdapter - Creating brand-new static initializer in class org/apache/hadoop/thirdparty/protobuf/ByteString$LiteralByteString
2024-11-12 13:42:43,656 INFO  EvoClassLoader - Seeing class for first time: org.apache.hadoop.thirdparty.protobuf.ByteString$LeafByteString
2024-11-12 13:42:43,656 INFO  EvoClassLoader - Instrumenting class 'org.apache.hadoop.thirdparty.protobuf.ByteString$LeafByteString'.
2024-11-12 13:42:43,656 INFO  MethodCallReplacementClassAdapter - Adding mock interface to class org/apache/hadoop/thirdparty/protobuf/ByteString$LeafByteString
2024-11-12 13:42:43,656 INFO  CreateClassResetClassAdapter - Creating brand-new static initializer in class org/apache/hadoop/thirdparty/protobuf/ByteString$LeafByteString
2024-11-12 13:42:43,656 INFO  EvoClassLoader - Keeping class: org.apache.hadoop.thirdparty.protobuf.ByteString$LeafByteString
2024-11-12 13:42:43,656 INFO  EvoClassLoader - Keeping class: org.apache.hadoop.thirdparty.protobuf.ByteString$LiteralByteString
2024-11-12 13:42:43,656 INFO  EvoClassLoader - Seeing class for first time: org.apache.hadoop.thirdparty.protobuf.DescriptorProtos$MessageOptionsOrBuilder
2024-11-12 13:42:43,656 INFO  EvoClassLoader - Instrumenting class 'org.apache.hadoop.thirdparty.protobuf.DescriptorProtos$MessageOptionsOrBuilder'.
2024-11-12 13:42:43,657 INFO  EvoClassLoader - Keeping class: org.apache.hadoop.thirdparty.protobuf.DescriptorProtos$MessageOptionsOrBuilder
2024-11-12 13:42:43,657 INFO  EvoClassLoader - Seeing class for first time: org.apache.hadoop.thirdparty.protobuf.DescriptorProtos$FieldOptionsOrBuilder
2024-11-12 13:42:43,657 INFO  EvoClassLoader - Instrumenting class 'org.apache.hadoop.thirdparty.protobuf.DescriptorProtos$FieldOptionsOrBuilder'.
2024-11-12 13:42:43,657 INFO  EvoClassLoader - Keeping class: org.apache.hadoop.thirdparty.protobuf.DescriptorProtos$FieldOptionsOrBuilder
2024-11-12 13:42:43,657 INFO  EvoClassLoader - Seeing class for first time: org.apache.hadoop.thirdparty.protobuf.WireFormat$FieldType$4
2024-11-12 13:42:43,657 INFO  EvoClassLoader - Instrumenting class 'org.apache.hadoop.thirdparty.protobuf.WireFormat$FieldType$4'.
2024-11-12 13:42:43,658 INFO  MethodCallReplacementClassAdapter - Adding mock interface to class org/apache/hadoop/thirdparty/protobuf/WireFormat$FieldType$4
2024-11-12 13:42:43,658 INFO  EvoClassLoader - Seeing class for first time: org.apache.hadoop.thirdparty.protobuf.WireFormat$FieldType
2024-11-12 13:42:43,658 INFO  EvoClassLoader - Instrumenting class 'org.apache.hadoop.thirdparty.protobuf.WireFormat$FieldType'.
2024-11-12 13:42:43,658 INFO  MethodCallReplacementClassAdapter - Adding mock interface to class org/apache/hadoop/thirdparty/protobuf/WireFormat$FieldType
2024-11-12 13:42:43,658 INFO  CreateClassResetClassAdapter - Found static initializer in class org/apache/hadoop/thirdparty/protobuf/WireFormat$FieldType
2024-11-12 13:42:43,658 INFO  EvoClassLoader - Keeping class: org.apache.hadoop.thirdparty.protobuf.WireFormat$FieldType
2024-11-12 13:42:43,658 INFO  EvoClassLoader - Keeping class: org.apache.hadoop.thirdparty.protobuf.WireFormat$FieldType$4
2024-11-12 13:42:43,658 INFO  EvoClassLoader - Seeing class for first time: org.apache.hadoop.thirdparty.protobuf.WireFormat$FieldType$1
2024-11-12 13:42:43,658 INFO  EvoClassLoader - Instrumenting class 'org.apache.hadoop.thirdparty.protobuf.WireFormat$FieldType$1'.
2024-11-12 13:42:43,659 INFO  MethodCallReplacementClassAdapter - Adding mock interface to class org/apache/hadoop/thirdparty/protobuf/WireFormat$FieldType$1
2024-11-12 13:42:43,659 INFO  EvoClassLoader - Keeping class: org.apache.hadoop.thirdparty.protobuf.WireFormat$FieldType$1
2024-11-12 13:42:43,659 INFO  EvoClassLoader - Seeing class for first time: org.apache.hadoop.thirdparty.protobuf.WireFormat$FieldType$2
2024-11-12 13:42:43,659 INFO  EvoClassLoader - Instrumenting class 'org.apache.hadoop.thirdparty.protobuf.WireFormat$FieldType$2'.
2024-11-12 13:42:43,659 INFO  MethodCallReplacementClassAdapter - Adding mock interface to class org/apache/hadoop/thirdparty/protobuf/WireFormat$FieldType$2
2024-11-12 13:42:43,659 INFO  EvoClassLoader - Keeping class: org.apache.hadoop.thirdparty.protobuf.WireFormat$FieldType$2
2024-11-12 13:42:43,659 INFO  EvoClassLoader - Seeing class for first time: org.apache.hadoop.thirdparty.protobuf.WireFormat$FieldType$3
2024-11-12 13:42:43,659 INFO  EvoClassLoader - Instrumenting class 'org.apache.hadoop.thirdparty.protobuf.WireFormat$FieldType$3'.
2024-11-12 13:42:43,659 INFO  MethodCallReplacementClassAdapter - Adding mock interface to class org/apache/hadoop/thirdparty/protobuf/WireFormat$FieldType$3
2024-11-12 13:42:43,659 INFO  EvoClassLoader - Keeping class: org.apache.hadoop.thirdparty.protobuf.WireFormat$FieldType$3
2024-11-12 13:42:43,659 INFO  EvoClassLoader - Seeing class for first time: org.apache.hadoop.thirdparty.protobuf.WireFormat$JavaType
2024-11-12 13:42:43,659 INFO  EvoClassLoader - Instrumenting class 'org.apache.hadoop.thirdparty.protobuf.WireFormat$JavaType'.
2024-11-12 13:42:43,660 INFO  MethodCallReplacementClassAdapter - Adding mock interface to class org/apache/hadoop/thirdparty/protobuf/WireFormat$JavaType
2024-11-12 13:42:43,660 INFO  CreateClassResetClassAdapter - Found static initializer in class org/apache/hadoop/thirdparty/protobuf/WireFormat$JavaType
2024-11-12 13:42:43,660 INFO  EvoClassLoader - Keeping class: org.apache.hadoop.thirdparty.protobuf.WireFormat$JavaType
2024-11-12 13:42:43,660 INFO  EvoClassLoader - Seeing class for first time: org.apache.hadoop.thirdparty.protobuf.ByteString$ByteArrayCopier
2024-11-12 13:42:43,660 INFO  EvoClassLoader - Instrumenting class 'org.apache.hadoop.thirdparty.protobuf.ByteString$ByteArrayCopier'.
2024-11-12 13:42:43,660 INFO  EvoClassLoader - Keeping class: org.apache.hadoop.thirdparty.protobuf.ByteString$ByteArrayCopier
2024-11-12 13:42:43,660 INFO  EvoClassLoader - Seeing class for first time: org.apache.hadoop.thirdparty.protobuf.ByteString$ByteIterator
2024-11-12 13:42:43,660 INFO  EvoClassLoader - Instrumenting class 'org.apache.hadoop.thirdparty.protobuf.ByteString$ByteIterator'.
2024-11-12 13:42:43,661 INFO  EvoClassLoader - Keeping class: org.apache.hadoop.thirdparty.protobuf.ByteString$ByteIterator
2024-11-12 13:42:43,661 INFO  EvoClassLoader - Seeing class for first time: org.apache.hadoop.thirdparty.protobuf.NioByteString
2024-11-12 13:42:43,661 INFO  EvoClassLoader - Instrumenting class 'org.apache.hadoop.thirdparty.protobuf.NioByteString'.
2024-11-12 13:42:43,661 INFO  MethodCallReplacementClassAdapter - Adding mock interface to class org/apache/hadoop/thirdparty/protobuf/NioByteString
2024-11-12 13:42:43,662 INFO  CreateClassResetClassAdapter - Creating brand-new static initializer in class org/apache/hadoop/thirdparty/protobuf/NioByteString
2024-11-12 13:42:43,662 INFO  EvoClassLoader - Keeping class: org.apache.hadoop.thirdparty.protobuf.NioByteString
2024-11-12 13:42:43,662 INFO  EvoClassLoader - Seeing class for first time: org.apache.hadoop.thirdparty.protobuf.ByteString$BoundedByteString
2024-11-12 13:42:43,662 INFO  EvoClassLoader - Instrumenting class 'org.apache.hadoop.thirdparty.protobuf.ByteString$BoundedByteString'.
2024-11-12 13:42:43,663 INFO  MethodCallReplacementClassAdapter - Adding mock interface to class org/apache/hadoop/thirdparty/protobuf/ByteString$BoundedByteString
2024-11-12 13:42:43,663 INFO  CreateClassResetClassAdapter - Creating brand-new static initializer in class org/apache/hadoop/thirdparty/protobuf/ByteString$BoundedByteString
2024-11-12 13:42:43,663 INFO  EvoClassLoader - Keeping class: org.apache.hadoop.thirdparty.protobuf.ByteString$BoundedByteString
2024-11-12 13:42:43,663 INFO  EvoClassLoader - Seeing class for first time: org.apache.hadoop.thirdparty.protobuf.Internal
2024-11-12 13:42:43,663 INFO  EvoClassLoader - Instrumenting class 'org.apache.hadoop.thirdparty.protobuf.Internal'.
2024-11-12 13:42:43,664 INFO  MethodCallReplacementClassAdapter - Adding mock interface to class org/apache/hadoop/thirdparty/protobuf/Internal
2024-11-12 13:42:43,665 INFO  CreateClassResetClassAdapter - Found static initializer in class org/apache/hadoop/thirdparty/protobuf/Internal
2024-11-12 13:42:43,666 INFO  EvoClassLoader - Keeping class: org.apache.hadoop.thirdparty.protobuf.Internal
2024-11-12 13:42:43,667 INFO  EvoClassLoader - Seeing class for first time: org.apache.hadoop.thirdparty.protobuf.ByteString$ArraysByteArrayCopier
2024-11-12 13:42:43,667 INFO  EvoClassLoader - Instrumenting class 'org.apache.hadoop.thirdparty.protobuf.ByteString$ArraysByteArrayCopier'.
2024-11-12 13:42:43,667 INFO  MethodCallReplacementClassAdapter - Adding mock interface to class org/apache/hadoop/thirdparty/protobuf/ByteString$ArraysByteArrayCopier
2024-11-12 13:42:43,668 INFO  CreateClassResetClassAdapter - Creating brand-new static initializer in class org/apache/hadoop/thirdparty/protobuf/ByteString$ArraysByteArrayCopier
2024-11-12 13:42:43,669 INFO  EvoClassLoader - Keeping class: org.apache.hadoop.thirdparty.protobuf.ByteString$ArraysByteArrayCopier
2024-11-12 13:42:43,669 INFO  EvoClassLoader - Seeing class for first time: org.apache.hadoop.thirdparty.protobuf.ByteString$2
2024-11-12 13:42:43,669 INFO  EvoClassLoader - Instrumenting class 'org.apache.hadoop.thirdparty.protobuf.ByteString$2'.
2024-11-12 13:42:43,670 INFO  MethodCallReplacementClassAdapter - Adding mock interface to class org/apache/hadoop/thirdparty/protobuf/ByteString$2
2024-11-12 13:42:43,670 INFO  EvoClassLoader - Keeping class: org.apache.hadoop.thirdparty.protobuf.ByteString$2
2024-11-12 13:42:43,671 INFO  EvoClassLoader - Seeing class for first time: org.apache.hadoop.thirdparty.protobuf.DescriptorProtos$DescriptorProto$1
2024-11-12 13:42:43,671 INFO  EvoClassLoader - Instrumenting class 'org.apache.hadoop.thirdparty.protobuf.DescriptorProtos$DescriptorProto$1'.
2024-11-12 13:42:43,671 INFO  MethodCallReplacementClassAdapter - Adding mock interface to class org/apache/hadoop/thirdparty/protobuf/DescriptorProtos$DescriptorProto$1
2024-11-12 13:42:43,671 INFO  EvoClassLoader - Keeping class: org.apache.hadoop.thirdparty.protobuf.DescriptorProtos$DescriptorProto$1
2024-11-12 13:42:43,672 INFO  EvoClassLoader - Seeing class for first time: org.apache.hadoop.thirdparty.protobuf.DescriptorProtos$FileDescriptorProtoOrBuilder
2024-11-12 13:42:43,672 INFO  EvoClassLoader - Instrumenting class 'org.apache.hadoop.thirdparty.protobuf.DescriptorProtos$FileDescriptorProtoOrBuilder'.
2024-11-12 13:42:43,672 INFO  EvoClassLoader - Keeping class: org.apache.hadoop.thirdparty.protobuf.DescriptorProtos$FileDescriptorProtoOrBuilder
2024-11-12 13:42:43,673 INFO  EvoClassLoader - Seeing class for first time: org.apache.hadoop.thirdparty.protobuf.TextFormat
2024-11-12 13:42:43,673 INFO  EvoClassLoader - Instrumenting class 'org.apache.hadoop.thirdparty.protobuf.TextFormat'.
2024-11-12 13:42:43,673 INFO  MethodCallReplacementClassAdapter - Adding mock interface to class org/apache/hadoop/thirdparty/protobuf/TextFormat
2024-11-12 13:42:43,675 INFO  CreateClassResetClassAdapter - Found static initializer in class org/apache/hadoop/thirdparty/protobuf/TextFormat
2024-11-12 13:42:43,676 INFO  EvoClassLoader - Keeping class: org.apache.hadoop.thirdparty.protobuf.TextFormat
2024-11-12 13:42:43,677 INFO  EvoClassLoader - Seeing class for first time: org.apache.hadoop.thirdparty.protobuf.TextFormat$InvalidEscapeSequenceException
2024-11-12 13:42:43,677 INFO  EvoClassLoader - Instrumenting class 'org.apache.hadoop.thirdparty.protobuf.TextFormat$InvalidEscapeSequenceException'.
2024-11-12 13:42:43,677 INFO  MethodCallReplacementClassAdapter - Adding mock interface to class org/apache/hadoop/thirdparty/protobuf/TextFormat$InvalidEscapeSequenceException
2024-11-12 13:42:43,677 INFO  CreateClassResetClassAdapter - Creating brand-new static initializer in class org/apache/hadoop/thirdparty/protobuf/TextFormat$InvalidEscapeSequenceException
2024-11-12 13:42:43,677 INFO  EvoClassLoader - Keeping class: org.apache.hadoop.thirdparty.protobuf.TextFormat$InvalidEscapeSequenceException
2024-11-12 13:42:43,678 INFO  EvoClassLoader - Seeing class for first time: org.apache.hadoop.thirdparty.protobuf.TextFormat$Parser
2024-11-12 13:42:43,678 INFO  EvoClassLoader - Instrumenting class 'org.apache.hadoop.thirdparty.protobuf.TextFormat$Parser'.
2024-11-12 13:42:43,678 INFO  MethodCallReplacementClassAdapter - Adding mock interface to class org/apache/hadoop/thirdparty/protobuf/TextFormat$Parser
2024-11-12 13:42:43,690 INFO  CreateClassResetClassAdapter - Creating brand-new static initializer in class org/apache/hadoop/thirdparty/protobuf/TextFormat$Parser
2024-11-12 13:42:43,690 INFO  CreateClassResetClassAdapter - Adding bytecode for initializing field BUFFER_SIZE
2024-11-12 13:42:43,692 INFO  EvoClassLoader - Keeping class: org.apache.hadoop.thirdparty.protobuf.TextFormat$Parser
2024-11-12 13:42:43,692 INFO  EvoClassLoader - Seeing class for first time: org.apache.hadoop.thirdparty.protobuf.TextFormat$ParseException
2024-11-12 13:42:43,692 INFO  EvoClassLoader - Instrumenting class 'org.apache.hadoop.thirdparty.protobuf.TextFormat$ParseException'.
2024-11-12 13:42:43,692 INFO  MethodCallReplacementClassAdapter - Adding mock interface to class org/apache/hadoop/thirdparty/protobuf/TextFormat$ParseException
2024-11-12 13:42:43,692 INFO  CreateClassResetClassAdapter - Creating brand-new static initializer in class org/apache/hadoop/thirdparty/protobuf/TextFormat$ParseException
2024-11-12 13:42:43,693 INFO  EvoClassLoader - Keeping class: org.apache.hadoop.thirdparty.protobuf.TextFormat$ParseException
2024-11-12 13:42:43,694 INFO  EvoClassLoader - Seeing class for first time: org.apache.hadoop.thirdparty.protobuf.TextFormat$Parser$Builder
2024-11-12 13:42:43,694 INFO  EvoClassLoader - Instrumenting class 'org.apache.hadoop.thirdparty.protobuf.TextFormat$Parser$Builder'.
2024-11-12 13:42:43,694 INFO  MethodCallReplacementClassAdapter - Adding mock interface to class org/apache/hadoop/thirdparty/protobuf/TextFormat$Parser$Builder
2024-11-12 13:42:43,695 INFO  CreateClassResetClassAdapter - Creating brand-new static initializer in class org/apache/hadoop/thirdparty/protobuf/TextFormat$Parser$Builder
2024-11-12 13:42:43,695 INFO  EvoClassLoader - Keeping class: org.apache.hadoop.thirdparty.protobuf.TextFormat$Parser$Builder
2024-11-12 13:42:43,695 INFO  EvoClassLoader - Seeing class for first time: org.apache.hadoop.thirdparty.protobuf.TypeRegistry$EmptyTypeRegistryHolder
2024-11-12 13:42:43,695 INFO  EvoClassLoader - Instrumenting class 'org.apache.hadoop.thirdparty.protobuf.TypeRegistry$EmptyTypeRegistryHolder'.
2024-11-12 13:42:43,695 INFO  MethodCallReplacementClassAdapter - Adding mock interface to class org/apache/hadoop/thirdparty/protobuf/TypeRegistry$EmptyTypeRegistryHolder
2024-11-12 13:42:43,695 INFO  CreateClassResetClassAdapter - Found static initializer in class org/apache/hadoop/thirdparty/protobuf/TypeRegistry$EmptyTypeRegistryHolder
2024-11-12 13:42:43,695 INFO  EvoClassLoader - Keeping class: org.apache.hadoop.thirdparty.protobuf.TypeRegistry$EmptyTypeRegistryHolder
2024-11-12 13:42:43,696 INFO  EvoClassLoader - Seeing class for first time: org.apache.hadoop.thirdparty.protobuf.GeneratedMessageV3$ExtensionDescriptorRetriever
2024-11-12 13:42:43,696 INFO  EvoClassLoader - Instrumenting class 'org.apache.hadoop.thirdparty.protobuf.GeneratedMessageV3$ExtensionDescriptorRetriever'.
2024-11-12 13:42:43,696 INFO  EvoClassLoader - Keeping class: org.apache.hadoop.thirdparty.protobuf.GeneratedMessageV3$ExtensionDescriptorRetriever
2024-11-12 13:42:43,696 INFO  EvoClassLoader - Seeing class for first time: org.apache.hadoop.thirdparty.protobuf.Descriptors$DescriptorValidationException
2024-11-12 13:42:43,696 INFO  EvoClassLoader - Instrumenting class 'org.apache.hadoop.thirdparty.protobuf.Descriptors$DescriptorValidationException'.
2024-11-12 13:42:43,696 INFO  MethodCallReplacementClassAdapter - Adding mock interface to class org/apache/hadoop/thirdparty/protobuf/Descriptors$DescriptorValidationException
2024-11-12 13:42:43,696 INFO  CreateClassResetClassAdapter - Creating brand-new static initializer in class org/apache/hadoop/thirdparty/protobuf/Descriptors$DescriptorValidationException
2024-11-12 13:42:43,700 INFO  EvoClassLoader - Keeping class: org.apache.hadoop.thirdparty.protobuf.Descriptors$DescriptorValidationException
2024-11-12 13:42:43,700 INFO  EvoClassLoader - Seeing class for first time: org.apache.hadoop.thirdparty.protobuf.GeneratedMessageV3$FieldAccessorTable$SingularFieldAccessor$ReflectionInvoker
2024-11-12 13:42:43,700 INFO  EvoClassLoader - Instrumenting class 'org.apache.hadoop.thirdparty.protobuf.GeneratedMessageV3$FieldAccessorTable$SingularFieldAccessor$ReflectionInvoker'.
2024-11-12 13:42:43,700 INFO  MethodCallReplacementClassAdapter - Adding mock interface to class org/apache/hadoop/thirdparty/protobuf/GeneratedMessageV3$FieldAccessorTable$SingularFieldAccessor$ReflectionInvoker
2024-11-12 13:42:43,701 INFO  CreateClassResetClassAdapter - Creating brand-new static initializer in class org/apache/hadoop/thirdparty/protobuf/GeneratedMessageV3$FieldAccessorTable$SingularFieldAccessor$ReflectionInvoker
2024-11-12 13:42:43,701 INFO  EvoClassLoader - Seeing class for first time: org.apache.hadoop.thirdparty.protobuf.GeneratedMessageV3$FieldAccessorTable$SingularFieldAccessor$MethodInvoker
2024-11-12 13:42:43,701 INFO  EvoClassLoader - Instrumenting class 'org.apache.hadoop.thirdparty.protobuf.GeneratedMessageV3$FieldAccessorTable$SingularFieldAccessor$MethodInvoker'.
2024-11-12 13:42:43,702 INFO  EvoClassLoader - Keeping class: org.apache.hadoop.thirdparty.protobuf.GeneratedMessageV3$FieldAccessorTable$SingularFieldAccessor$MethodInvoker
2024-11-12 13:42:43,702 INFO  EvoClassLoader - Keeping class: org.apache.hadoop.thirdparty.protobuf.GeneratedMessageV3$FieldAccessorTable$SingularFieldAccessor$ReflectionInvoker
2024-11-12 13:42:43,702 INFO  EvoClassLoader - Seeing class for first time: org.apache.hadoop.thirdparty.protobuf.TextFormatEscaper$1
2024-11-12 13:42:43,702 INFO  EvoClassLoader - Instrumenting class 'org.apache.hadoop.thirdparty.protobuf.TextFormatEscaper$1'.
2024-11-12 13:42:43,702 INFO  MethodCallReplacementClassAdapter - Adding mock interface to class org/apache/hadoop/thirdparty/protobuf/TextFormatEscaper$1
2024-11-12 13:42:43,703 INFO  EvoClassLoader - Keeping class: org.apache.hadoop.thirdparty.protobuf.TextFormatEscaper$1
2024-11-12 13:42:43,703 INFO  EvoClassLoader - Seeing class for first time: org.apache.hadoop.thirdparty.protobuf.DescriptorProtos$MessageOptions$1
2024-11-12 13:42:43,703 INFO  EvoClassLoader - Instrumenting class 'org.apache.hadoop.thirdparty.protobuf.DescriptorProtos$MessageOptions$1'.
2024-11-12 13:42:43,703 INFO  MethodCallReplacementClassAdapter - Adding mock interface to class org/apache/hadoop/thirdparty/protobuf/DescriptorProtos$MessageOptions$1
2024-11-12 13:42:43,704 INFO  EvoClassLoader - Keeping class: org.apache.hadoop.thirdparty.protobuf.DescriptorProtos$MessageOptions$1
2024-11-12 13:42:43,704 INFO  EvoClassLoader - Seeing class for first time: org.apache.hadoop.thirdparty.protobuf.GeneratedMessageV3$FieldAccessorTable$SingularStringFieldAccessor
2024-11-12 13:42:43,704 INFO  EvoClassLoader - Instrumenting class 'org.apache.hadoop.thirdparty.protobuf.GeneratedMessageV3$FieldAccessorTable$SingularStringFieldAccessor'.
2024-11-12 13:42:43,704 INFO  MethodCallReplacementClassAdapter - Adding mock interface to class org/apache/hadoop/thirdparty/protobuf/GeneratedMessageV3$FieldAccessorTable$SingularStringFieldAccessor
2024-11-12 13:42:43,704 INFO  CreateClassResetClassAdapter - Creating brand-new static initializer in class org/apache/hadoop/thirdparty/protobuf/GeneratedMessageV3$FieldAccessorTable$SingularStringFieldAccessor
2024-11-12 13:42:43,704 INFO  EvoClassLoader - Seeing class for first time: org.apache.hadoop.thirdparty.protobuf.GeneratedMessageV3$FieldAccessorTable$SingularFieldAccessor
2024-11-12 13:42:43,704 INFO  EvoClassLoader - Instrumenting class 'org.apache.hadoop.thirdparty.protobuf.GeneratedMessageV3$FieldAccessorTable$SingularFieldAccessor'.
2024-11-12 13:42:43,705 INFO  MethodCallReplacementClassAdapter - Adding mock interface to class org/apache/hadoop/thirdparty/protobuf/GeneratedMessageV3$FieldAccessorTable$SingularFieldAccessor
2024-11-12 13:42:43,705 INFO  CreateClassResetClassAdapter - Creating brand-new static initializer in class org/apache/hadoop/thirdparty/protobuf/GeneratedMessageV3$FieldAccessorTable$SingularFieldAccessor
2024-11-12 13:42:43,705 INFO  EvoClassLoader - Keeping class: org.apache.hadoop.thirdparty.protobuf.GeneratedMessageV3$FieldAccessorTable$SingularFieldAccessor
2024-11-12 13:42:43,705 INFO  EvoClassLoader - Keeping class: org.apache.hadoop.thirdparty.protobuf.GeneratedMessageV3$FieldAccessorTable$SingularStringFieldAccessor
2024-11-12 13:42:43,706 INFO  EvoClassLoader - Seeing class for first time: org.apache.hadoop.thirdparty.protobuf.Descriptors$FieldDescriptor$1
2024-11-12 13:42:43,706 INFO  EvoClassLoader - Instrumenting class 'org.apache.hadoop.thirdparty.protobuf.Descriptors$FieldDescriptor$1'.
2024-11-12 13:42:43,707 INFO  MethodCallReplacementClassAdapter - Adding mock interface to class org/apache/hadoop/thirdparty/protobuf/Descriptors$FieldDescriptor$1
2024-11-12 13:42:43,707 INFO  EvoClassLoader - Keeping class: org.apache.hadoop.thirdparty.protobuf.Descriptors$FieldDescriptor$1
2024-11-12 13:42:43,707 INFO  EvoClassLoader - Seeing class for first time: org.apache.hadoop.thirdparty.protobuf.Descriptors$FieldDescriptor$Type
2024-11-12 13:42:43,707 INFO  EvoClassLoader - Instrumenting class 'org.apache.hadoop.thirdparty.protobuf.Descriptors$FieldDescriptor$Type'.
2024-11-12 13:42:43,707 INFO  MethodCallReplacementClassAdapter - Adding mock interface to class org/apache/hadoop/thirdparty/protobuf/Descriptors$FieldDescriptor$Type
2024-11-12 13:42:43,707 INFO  CreateClassResetClassAdapter - Found static initializer in class org/apache/hadoop/thirdparty/protobuf/Descriptors$FieldDescriptor$Type
2024-11-12 13:42:43,708 INFO  EvoClassLoader - Keeping class: org.apache.hadoop.thirdparty.protobuf.Descriptors$FieldDescriptor$Type
2024-11-12 13:42:43,708 INFO  EvoClassLoader - Seeing class for first time: org.apache.hadoop.thirdparty.protobuf.Descriptors$FieldDescriptor$JavaType
2024-11-12 13:42:43,708 INFO  EvoClassLoader - Instrumenting class 'org.apache.hadoop.thirdparty.protobuf.Descriptors$FieldDescriptor$JavaType'.
2024-11-12 13:42:43,708 INFO  MethodCallReplacementClassAdapter - Adding mock interface to class org/apache/hadoop/thirdparty/protobuf/Descriptors$FieldDescriptor$JavaType
2024-11-12 13:42:43,708 INFO  CreateClassResetClassAdapter - Found static initializer in class org/apache/hadoop/thirdparty/protobuf/Descriptors$FieldDescriptor$JavaType
2024-11-12 13:42:43,708 INFO  EvoClassLoader - Keeping class: org.apache.hadoop.thirdparty.protobuf.Descriptors$FieldDescriptor$JavaType
2024-11-12 13:42:43,709 INFO  EvoClassLoader - Seeing class for first time: org.apache.hadoop.thirdparty.protobuf.DescriptorProtos$FieldDescriptorProto$Type
2024-11-12 13:42:43,709 INFO  EvoClassLoader - Instrumenting class 'org.apache.hadoop.thirdparty.protobuf.DescriptorProtos$FieldDescriptorProto$Type'.
2024-11-12 13:42:43,709 INFO  MethodCallReplacementClassAdapter - Adding mock interface to class org/apache/hadoop/thirdparty/protobuf/DescriptorProtos$FieldDescriptorProto$Type
2024-11-12 13:42:43,710 INFO  CreateClassResetClassAdapter - Found static initializer in class org/apache/hadoop/thirdparty/protobuf/DescriptorProtos$FieldDescriptorProto$Type
2024-11-12 13:42:43,710 INFO  EvoClassLoader - Keeping class: org.apache.hadoop.thirdparty.protobuf.DescriptorProtos$FieldDescriptorProto$Type
2024-11-12 13:42:43,710 INFO  EvoClassLoader - Seeing class for first time: org.apache.hadoop.thirdparty.protobuf.DescriptorProtos$FieldDescriptorProto$Type$1
2024-11-12 13:42:43,710 INFO  EvoClassLoader - Instrumenting class 'org.apache.hadoop.thirdparty.protobuf.DescriptorProtos$FieldDescriptorProto$Type$1'.
2024-11-12 13:42:43,711 INFO  MethodCallReplacementClassAdapter - Adding mock interface to class org/apache/hadoop/thirdparty/protobuf/DescriptorProtos$FieldDescriptorProto$Type$1
2024-11-12 13:42:43,711 INFO  EvoClassLoader - Keeping class: org.apache.hadoop.thirdparty.protobuf.DescriptorProtos$FieldDescriptorProto$Type$1
2024-11-12 13:42:43,711 INFO  EvoClassLoader - Seeing class for first time: org.apache.hadoop.thirdparty.protobuf.DescriptorProtos$DescriptorProto$ExtensionRangeOrBuilder
2024-11-12 13:42:43,711 INFO  EvoClassLoader - Instrumenting class 'org.apache.hadoop.thirdparty.protobuf.DescriptorProtos$DescriptorProto$ExtensionRangeOrBuilder'.
2024-11-12 13:42:43,712 INFO  EvoClassLoader - Keeping class: org.apache.hadoop.thirdparty.protobuf.DescriptorProtos$DescriptorProto$ExtensionRangeOrBuilder
2024-11-12 13:42:43,712 INFO  EvoClassLoader - Seeing class for first time: org.apache.hadoop.thirdparty.protobuf.Descriptors$FileDescriptor$Syntax
2024-11-12 13:42:43,712 INFO  EvoClassLoader - Instrumenting class 'org.apache.hadoop.thirdparty.protobuf.Descriptors$FileDescriptor$Syntax'.
2024-11-12 13:42:43,712 INFO  MethodCallReplacementClassAdapter - Adding mock interface to class org/apache/hadoop/thirdparty/protobuf/Descriptors$FileDescriptor$Syntax
2024-11-12 13:42:43,712 INFO  CreateClassResetClassAdapter - Found static initializer in class org/apache/hadoop/thirdparty/protobuf/Descriptors$FileDescriptor$Syntax
2024-11-12 13:42:43,713 INFO  EvoClassLoader - Keeping class: org.apache.hadoop.thirdparty.protobuf.Descriptors$FileDescriptor$Syntax
2024-11-12 13:42:43,713 INFO  EvoClassLoader - Seeing class for first time: org.apache.hadoop.thirdparty.protobuf.Utf8$UnsafeProcessor
2024-11-12 13:42:43,713 INFO  EvoClassLoader - Instrumenting class 'org.apache.hadoop.thirdparty.protobuf.Utf8$UnsafeProcessor'.
2024-11-12 13:42:43,714 INFO  MethodCallReplacementClassAdapter - Adding mock interface to class org/apache/hadoop/thirdparty/protobuf/Utf8$UnsafeProcessor
2024-11-12 13:42:43,715 INFO  CreateClassResetClassAdapter - Creating brand-new static initializer in class org/apache/hadoop/thirdparty/protobuf/Utf8$UnsafeProcessor
2024-11-12 13:42:43,715 INFO  EvoClassLoader - Seeing class for first time: org.apache.hadoop.thirdparty.protobuf.Utf8$Processor
2024-11-12 13:42:43,715 INFO  EvoClassLoader - Instrumenting class 'org.apache.hadoop.thirdparty.protobuf.Utf8$Processor'.
2024-11-12 13:42:43,716 INFO  MethodCallReplacementClassAdapter - Adding mock interface to class org/apache/hadoop/thirdparty/protobuf/Utf8$Processor
2024-11-12 13:42:43,717 INFO  CreateClassResetClassAdapter - Creating brand-new static initializer in class org/apache/hadoop/thirdparty/protobuf/Utf8$Processor
2024-11-12 13:42:43,717 INFO  EvoClassLoader - Keeping class: org.apache.hadoop.thirdparty.protobuf.Utf8$Processor
2024-11-12 13:42:43,717 INFO  EvoClassLoader - Keeping class: org.apache.hadoop.thirdparty.protobuf.Utf8$UnsafeProcessor
2024-11-12 13:42:43,718 INFO  EvoClassLoader - Seeing class for first time: org.apache.hadoop.thirdparty.protobuf.GeneratedMessageV3$FieldAccessorTable$OneofAccessor
2024-11-12 13:42:43,718 INFO  EvoClassLoader - Instrumenting class 'org.apache.hadoop.thirdparty.protobuf.GeneratedMessageV3$FieldAccessorTable$OneofAccessor'.
2024-11-12 13:42:43,718 INFO  MethodCallReplacementClassAdapter - Adding mock interface to class org/apache/hadoop/thirdparty/protobuf/GeneratedMessageV3$FieldAccessorTable$OneofAccessor
2024-11-12 13:42:43,718 INFO  CreateClassResetClassAdapter - Creating brand-new static initializer in class org/apache/hadoop/thirdparty/protobuf/GeneratedMessageV3$FieldAccessorTable$OneofAccessor
2024-11-12 13:42:43,718 INFO  EvoClassLoader - Keeping class: org.apache.hadoop.thirdparty.protobuf.GeneratedMessageV3$FieldAccessorTable$OneofAccessor
2024-11-12 13:42:43,718 INFO  EvoClassLoader - Seeing class for first time: org.apache.hadoop.thirdparty.protobuf.TextFormat$Printer
2024-11-12 13:42:43,718 INFO  EvoClassLoader - Instrumenting class 'org.apache.hadoop.thirdparty.protobuf.TextFormat$Printer'.
2024-11-12 13:42:43,719 INFO  MethodCallReplacementClassAdapter - Adding mock interface to class org/apache/hadoop/thirdparty/protobuf/TextFormat$Printer
2024-11-12 13:42:43,720 INFO  CreateClassResetClassAdapter - Found static initializer in class org/apache/hadoop/thirdparty/protobuf/TextFormat$Printer
2024-11-12 13:42:43,720 INFO  EvoClassLoader - Keeping class: org.apache.hadoop.thirdparty.protobuf.TextFormat$Printer
2024-11-12 13:42:43,721 INFO  EvoClassLoader - Seeing class for first time: org.apache.hadoop.thirdparty.protobuf.Descriptors$EnumDescriptor
2024-11-12 13:42:43,721 INFO  EvoClassLoader - Instrumenting class 'org.apache.hadoop.thirdparty.protobuf.Descriptors$EnumDescriptor'.
2024-11-12 13:42:43,722 INFO  MethodCallReplacementClassAdapter - Adding mock interface to class org/apache/hadoop/thirdparty/protobuf/Descriptors$EnumDescriptor
2024-11-12 13:42:43,722 INFO  CreateClassResetClassAdapter - Creating brand-new static initializer in class org/apache/hadoop/thirdparty/protobuf/Descriptors$EnumDescriptor
2024-11-12 13:42:43,723 INFO  EvoClassLoader - Keeping class: org.apache.hadoop.thirdparty.protobuf.Descriptors$EnumDescriptor
2024-11-12 13:42:43,723 INFO  EvoClassLoader - Seeing class for first time: org.apache.hadoop.thirdparty.protobuf.MessageReflection
2024-11-12 13:42:43,723 INFO  EvoClassLoader - Instrumenting class 'org.apache.hadoop.thirdparty.protobuf.MessageReflection'.
2024-11-12 13:42:43,724 INFO  MethodCallReplacementClassAdapter - Adding mock interface to class org/apache/hadoop/thirdparty/protobuf/MessageReflection
2024-11-12 13:42:43,725 INFO  CreateClassResetClassAdapter - Creating brand-new static initializer in class org/apache/hadoop/thirdparty/protobuf/MessageReflection
2024-11-12 13:42:43,725 INFO  EvoClassLoader - Keeping class: org.apache.hadoop.thirdparty.protobuf.MessageReflection
2024-11-12 13:42:43,726 INFO  EvoClassLoader - Seeing class for first time: org.apache.hadoop.thirdparty.protobuf.WireFormat
2024-11-12 13:42:43,726 INFO  EvoClassLoader - Instrumenting class 'org.apache.hadoop.thirdparty.protobuf.WireFormat'.
2024-11-12 13:42:43,726 INFO  MethodCallReplacementClassAdapter - Adding mock interface to class org/apache/hadoop/thirdparty/protobuf/WireFormat
2024-11-12 13:42:43,727 INFO  CreateClassResetClassAdapter - Found static initializer in class org/apache/hadoop/thirdparty/protobuf/WireFormat
2024-11-12 13:42:43,727 INFO  EvoClassLoader - Keeping class: org.apache.hadoop.thirdparty.protobuf.WireFormat
2024-11-12 13:42:43,727 INFO  EvoClassLoader - Seeing class for first time: org.apache.hadoop.thirdparty.protobuf.UnknownFieldSet$Builder
2024-11-12 13:42:43,727 INFO  EvoClassLoader - Instrumenting class 'org.apache.hadoop.thirdparty.protobuf.UnknownFieldSet$Builder'.
2024-11-12 13:42:43,727 INFO  MethodCallReplacementClassAdapter - Adding mock interface to class org/apache/hadoop/thirdparty/protobuf/UnknownFieldSet$Builder
2024-11-12 13:42:43,728 INFO  CreateClassResetClassAdapter - Creating brand-new static initializer in class org/apache/hadoop/thirdparty/protobuf/UnknownFieldSet$Builder
2024-11-12 13:42:43,729 INFO  EvoClassLoader - Keeping class: org.apache.hadoop.thirdparty.protobuf.UnknownFieldSet$Builder
2024-11-12 13:42:43,729 INFO  EvoClassLoader - Seeing class for first time: org.apache.hadoop.thirdparty.protobuf.DescriptorProtos$ServiceDescriptorProto
2024-11-12 13:42:43,729 INFO  EvoClassLoader - Instrumenting class 'org.apache.hadoop.thirdparty.protobuf.DescriptorProtos$ServiceDescriptorProto'.
2024-11-12 13:42:43,729 INFO  MethodCallReplacementClassAdapter - Adding mock interface to class org/apache/hadoop/thirdparty/protobuf/DescriptorProtos$ServiceDescriptorProto
2024-11-12 13:42:43,729 INFO  CreateClassResetClassAdapter - Found static initializer in class org/apache/hadoop/thirdparty/protobuf/DescriptorProtos$ServiceDescriptorProto
2024-11-12 13:42:43,730 INFO  EvoClassLoader - Seeing class for first time: org.apache.hadoop.thirdparty.protobuf.DescriptorProtos$ServiceDescriptorProtoOrBuilder
2024-11-12 13:42:43,730 INFO  EvoClassLoader - Instrumenting class 'org.apache.hadoop.thirdparty.protobuf.DescriptorProtos$ServiceDescriptorProtoOrBuilder'.
2024-11-12 13:42:43,730 INFO  EvoClassLoader - Keeping class: org.apache.hadoop.thirdparty.protobuf.DescriptorProtos$ServiceDescriptorProtoOrBuilder
2024-11-12 13:42:43,730 INFO  EvoClassLoader - Keeping class: org.apache.hadoop.thirdparty.protobuf.DescriptorProtos$ServiceDescriptorProto
2024-11-12 13:42:43,730 INFO  EvoClassLoader - Seeing class for first time: org.apache.hadoop.thirdparty.protobuf.DescriptorProtos$ServiceOptionsOrBuilder
2024-11-12 13:42:43,730 INFO  EvoClassLoader - Instrumenting class 'org.apache.hadoop.thirdparty.protobuf.DescriptorProtos$ServiceOptionsOrBuilder'.
2024-11-12 13:42:43,731 INFO  EvoClassLoader - Keeping class: org.apache.hadoop.thirdparty.protobuf.DescriptorProtos$ServiceOptionsOrBuilder
2024-11-12 13:42:43,731 INFO  EvoClassLoader - Seeing class for first time: org.apache.hadoop.thirdparty.protobuf.DescriptorProtos$ServiceDescriptorProto$1
2024-11-12 13:42:43,731 INFO  EvoClassLoader - Instrumenting class 'org.apache.hadoop.thirdparty.protobuf.DescriptorProtos$ServiceDescriptorProto$1'.
2024-11-12 13:42:43,731 INFO  MethodCallReplacementClassAdapter - Adding mock interface to class org/apache/hadoop/thirdparty/protobuf/DescriptorProtos$ServiceDescriptorProto$1
2024-11-12 13:42:43,731 INFO  EvoClassLoader - Keeping class: org.apache.hadoop.thirdparty.protobuf.DescriptorProtos$ServiceDescriptorProto$1
2024-11-12 13:42:43,732 INFO  EvoClassLoader - Seeing class for first time: org.apache.hadoop.thirdparty.protobuf.GeneratedMessageLite$GeneratedExtension
2024-11-12 13:42:43,732 INFO  EvoClassLoader - Instrumenting class 'org.apache.hadoop.thirdparty.protobuf.GeneratedMessageLite$GeneratedExtension'.
2024-11-12 13:42:43,732 INFO  MethodCallReplacementClassAdapter - Adding mock interface to class org/apache/hadoop/thirdparty/protobuf/GeneratedMessageLite$GeneratedExtension
2024-11-12 13:42:43,733 INFO  CreateClassResetClassAdapter - Creating brand-new static initializer in class org/apache/hadoop/thirdparty/protobuf/GeneratedMessageLite$GeneratedExtension
2024-11-12 13:42:43,733 INFO  EvoClassLoader - Keeping class: org.apache.hadoop.thirdparty.protobuf.GeneratedMessageLite$GeneratedExtension
2024-11-12 13:42:43,733 INFO  EvoClassLoader - Seeing class for first time: org.apache.hadoop.thirdparty.protobuf.DescriptorProtos$FieldDescriptorProto
2024-11-12 13:42:43,733 INFO  EvoClassLoader - Instrumenting class 'org.apache.hadoop.thirdparty.protobuf.DescriptorProtos$FieldDescriptorProto'.
2024-11-12 13:42:43,734 INFO  MethodCallReplacementClassAdapter - Adding mock interface to class org/apache/hadoop/thirdparty/protobuf/DescriptorProtos$FieldDescriptorProto
2024-11-12 13:42:43,734 INFO  CreateClassResetClassAdapter - Found static initializer in class org/apache/hadoop/thirdparty/protobuf/DescriptorProtos$FieldDescriptorProto
2024-11-12 13:42:43,734 INFO  EvoClassLoader - Seeing class for first time: org.apache.hadoop.thirdparty.protobuf.DescriptorProtos$FieldDescriptorProtoOrBuilder
2024-11-12 13:42:43,734 INFO  EvoClassLoader - Instrumenting class 'org.apache.hadoop.thirdparty.protobuf.DescriptorProtos$FieldDescriptorProtoOrBuilder'.
2024-11-12 13:42:43,735 INFO  EvoClassLoader - Keeping class: org.apache.hadoop.thirdparty.protobuf.DescriptorProtos$FieldDescriptorProtoOrBuilder
2024-11-12 13:42:43,735 INFO  EvoClassLoader - Keeping class: org.apache.hadoop.thirdparty.protobuf.DescriptorProtos$FieldDescriptorProto
2024-11-12 13:42:43,735 INFO  EvoClassLoader - Seeing class for first time: org.apache.hadoop.thirdparty.protobuf.DescriptorProtos$FieldDescriptorProto$1
2024-11-12 13:42:43,735 INFO  EvoClassLoader - Instrumenting class 'org.apache.hadoop.thirdparty.protobuf.DescriptorProtos$FieldDescriptorProto$1'.
2024-11-12 13:42:43,735 INFO  MethodCallReplacementClassAdapter - Adding mock interface to class org/apache/hadoop/thirdparty/protobuf/DescriptorProtos$FieldDescriptorProto$1
2024-11-12 13:42:43,736 INFO  EvoClassLoader - Keeping class: org.apache.hadoop.thirdparty.protobuf.DescriptorProtos$FieldDescriptorProto$1
2024-11-12 13:42:43,736 INFO  EvoClassLoader - Seeing class for first time: org.apache.hadoop.thirdparty.protobuf.DescriptorProtos$DescriptorProtoOrBuilder
2024-11-12 13:42:43,736 INFO  EvoClassLoader - Instrumenting class 'org.apache.hadoop.thirdparty.protobuf.DescriptorProtos$DescriptorProtoOrBuilder'.
2024-11-12 13:42:43,736 INFO  EvoClassLoader - Keeping class: org.apache.hadoop.thirdparty.protobuf.DescriptorProtos$DescriptorProtoOrBuilder
2024-11-12 13:42:43,736 INFO  EvoClassLoader - Seeing class for first time: org.apache.hadoop.thirdparty.protobuf.DescriptorProtos$DescriptorProto$ExtensionRange
2024-11-12 13:42:43,736 INFO  EvoClassLoader - Instrumenting class 'org.apache.hadoop.thirdparty.protobuf.DescriptorProtos$DescriptorProto$ExtensionRange'.
2024-11-12 13:42:43,736 INFO  MethodCallReplacementClassAdapter - Adding mock interface to class org/apache/hadoop/thirdparty/protobuf/DescriptorProtos$DescriptorProto$ExtensionRange
2024-11-12 13:42:43,736 INFO  CreateClassResetClassAdapter - Found static initializer in class org/apache/hadoop/thirdparty/protobuf/DescriptorProtos$DescriptorProto$ExtensionRange
2024-11-12 13:42:43,737 INFO  EvoClassLoader - Keeping class: org.apache.hadoop.thirdparty.protobuf.DescriptorProtos$DescriptorProto$ExtensionRange
2024-11-12 13:42:43,737 INFO  EvoClassLoader - Seeing class for first time: org.apache.hadoop.thirdparty.protobuf.DescriptorProtos$ExtensionRangeOptionsOrBuilder
2024-11-12 13:42:43,737 INFO  EvoClassLoader - Instrumenting class 'org.apache.hadoop.thirdparty.protobuf.DescriptorProtos$ExtensionRangeOptionsOrBuilder'.
2024-11-12 13:42:43,737 INFO  EvoClassLoader - Keeping class: org.apache.hadoop.thirdparty.protobuf.DescriptorProtos$ExtensionRangeOptionsOrBuilder
2024-11-12 13:42:43,737 INFO  EvoClassLoader - Seeing class for first time: org.apache.hadoop.thirdparty.protobuf.DescriptorProtos$DescriptorProto$ExtensionRange$1
2024-11-12 13:42:43,737 INFO  EvoClassLoader - Instrumenting class 'org.apache.hadoop.thirdparty.protobuf.DescriptorProtos$DescriptorProto$ExtensionRange$1'.
2024-11-12 13:42:43,737 INFO  MethodCallReplacementClassAdapter - Adding mock interface to class org/apache/hadoop/thirdparty/protobuf/DescriptorProtos$DescriptorProto$ExtensionRange$1
2024-11-12 13:42:43,738 INFO  EvoClassLoader - Keeping class: org.apache.hadoop.thirdparty.protobuf.DescriptorProtos$DescriptorProto$ExtensionRange$1
2024-11-12 13:42:43,738 INFO  EvoClassLoader - Seeing class for first time: org.apache.hadoop.thirdparty.protobuf.DescriptorProtos$FileOptions$Builder
2024-11-12 13:42:43,738 INFO  EvoClassLoader - Instrumenting class 'org.apache.hadoop.thirdparty.protobuf.DescriptorProtos$FileOptions$Builder'.
2024-11-12 13:42:43,738 INFO  MethodCallReplacementClassAdapter - Adding mock interface to class org/apache/hadoop/thirdparty/protobuf/DescriptorProtos$FileOptions$Builder
2024-11-12 13:42:43,740 INFO  CreateClassResetClassAdapter - Creating brand-new static initializer in class org/apache/hadoop/thirdparty/protobuf/DescriptorProtos$FileOptions$Builder
2024-11-12 13:42:43,741 INFO  EvoClassLoader - Keeping class: org.apache.hadoop.thirdparty.protobuf.DescriptorProtos$FileOptions$Builder
2024-11-12 13:42:43,743 INFO  EvoClassLoader - Seeing class for first time: org.apache.hadoop.thirdparty.protobuf.DescriptorProtos$UninterpretedOption
2024-11-12 13:42:43,743 INFO  EvoClassLoader - Instrumenting class 'org.apache.hadoop.thirdparty.protobuf.DescriptorProtos$UninterpretedOption'.
2024-11-12 13:42:43,744 INFO  MethodCallReplacementClassAdapter - Adding mock interface to class org/apache/hadoop/thirdparty/protobuf/DescriptorProtos$UninterpretedOption
2024-11-12 13:42:43,745 INFO  CreateClassResetClassAdapter - Found static initializer in class org/apache/hadoop/thirdparty/protobuf/DescriptorProtos$UninterpretedOption
2024-11-12 13:42:43,746 INFO  EvoClassLoader - Seeing class for first time: org.apache.hadoop.thirdparty.protobuf.DescriptorProtos$UninterpretedOptionOrBuilder
2024-11-12 13:42:43,746 INFO  EvoClassLoader - Instrumenting class 'org.apache.hadoop.thirdparty.protobuf.DescriptorProtos$UninterpretedOptionOrBuilder'.
2024-11-12 13:42:43,747 INFO  EvoClassLoader - Keeping class: org.apache.hadoop.thirdparty.protobuf.DescriptorProtos$UninterpretedOptionOrBuilder
2024-11-12 13:42:43,748 INFO  EvoClassLoader - Keeping class: org.apache.hadoop.thirdparty.protobuf.DescriptorProtos$UninterpretedOption
2024-11-12 13:42:43,749 INFO  EvoClassLoader - Seeing class for first time: org.apache.hadoop.thirdparty.protobuf.IntArrayList
2024-11-12 13:42:43,749 INFO  EvoClassLoader - Instrumenting class 'org.apache.hadoop.thirdparty.protobuf.IntArrayList'.
2024-11-12 13:42:43,749 INFO  MethodCallReplacementClassAdapter - Adding mock interface to class org/apache/hadoop/thirdparty/protobuf/IntArrayList
2024-11-12 13:42:43,750 INFO  CreateClassResetClassAdapter - Found static initializer in class org/apache/hadoop/thirdparty/protobuf/IntArrayList
2024-11-12 13:42:43,750 INFO  EvoClassLoader - Seeing class for first time: org.apache.hadoop.thirdparty.protobuf.PrimitiveNonBoxingCollection
2024-11-12 13:42:43,750 INFO  EvoClassLoader - Instrumenting class 'org.apache.hadoop.thirdparty.protobuf.PrimitiveNonBoxingCollection'.
2024-11-12 13:42:43,750 INFO  EvoClassLoader - Keeping class: org.apache.hadoop.thirdparty.protobuf.PrimitiveNonBoxingCollection
2024-11-12 13:42:43,751 INFO  EvoClassLoader - Seeing class for first time: org.apache.hadoop.thirdparty.protobuf.AbstractProtobufList
2024-11-12 13:42:43,751 INFO  EvoClassLoader - Instrumenting class 'org.apache.hadoop.thirdparty.protobuf.AbstractProtobufList'.
2024-11-12 13:42:43,751 INFO  MethodCallReplacementClassAdapter - Adding mock interface to class org/apache/hadoop/thirdparty/protobuf/AbstractProtobufList
2024-11-12 13:42:43,751 INFO  CreateClassResetClassAdapter - Creating brand-new static initializer in class org/apache/hadoop/thirdparty/protobuf/AbstractProtobufList
2024-11-12 13:42:43,751 INFO  CreateClassResetClassAdapter - Adding bytecode for initializing field DEFAULT_CAPACITY
2024-11-12 13:42:43,751 INFO  EvoClassLoader - Keeping class: org.apache.hadoop.thirdparty.protobuf.AbstractProtobufList
2024-11-12 13:42:43,751 INFO  EvoClassLoader - Keeping class: org.apache.hadoop.thirdparty.protobuf.IntArrayList
2024-11-12 13:42:43,752 INFO  EvoClassLoader - Seeing class for first time: org.apache.hadoop.thirdparty.protobuf.MapField
2024-11-12 13:42:43,752 INFO  EvoClassLoader - Instrumenting class 'org.apache.hadoop.thirdparty.protobuf.MapField'.
2024-11-12 13:42:43,752 INFO  MethodCallReplacementClassAdapter - Adding mock interface to class org/apache/hadoop/thirdparty/protobuf/MapField
2024-11-12 13:42:43,753 INFO  CreateClassResetClassAdapter - Creating brand-new static initializer in class org/apache/hadoop/thirdparty/protobuf/MapField
2024-11-12 13:42:43,753 INFO  EvoClassLoader - Seeing class for first time: org.apache.hadoop.thirdparty.protobuf.MutabilityOracle
2024-11-12 13:42:43,753 INFO  EvoClassLoader - Instrumenting class 'org.apache.hadoop.thirdparty.protobuf.MutabilityOracle'.
2024-11-12 13:42:43,753 INFO  EvoClassLoader - Keeping class: org.apache.hadoop.thirdparty.protobuf.MutabilityOracle
2024-11-12 13:42:43,753 INFO  EvoClassLoader - Keeping class: org.apache.hadoop.thirdparty.protobuf.MapField
2024-11-12 13:42:43,753 INFO  EvoClassLoader - Seeing class for first time: org.apache.hadoop.thirdparty.protobuf.MapField$Converter
2024-11-12 13:42:43,753 INFO  EvoClassLoader - Instrumenting class 'org.apache.hadoop.thirdparty.protobuf.MapField$Converter'.
2024-11-12 13:42:43,753 INFO  EvoClassLoader - Keeping class: org.apache.hadoop.thirdparty.protobuf.MapField$Converter
2024-11-12 13:42:43,754 INFO  EvoClassLoader - Seeing class for first time: org.apache.hadoop.thirdparty.protobuf.DescriptorProtos$DescriptorProto$Builder
2024-11-12 13:42:43,754 INFO  EvoClassLoader - Instrumenting class 'org.apache.hadoop.thirdparty.protobuf.DescriptorProtos$DescriptorProto$Builder'.
2024-11-12 13:42:43,754 INFO  MethodCallReplacementClassAdapter - Adding mock interface to class org/apache/hadoop/thirdparty/protobuf/DescriptorProtos$DescriptorProto$Builder
2024-11-12 13:42:43,756 INFO  CreateClassResetClassAdapter - Creating brand-new static initializer in class org/apache/hadoop/thirdparty/protobuf/DescriptorProtos$DescriptorProto$Builder
2024-11-12 13:42:43,757 INFO  EvoClassLoader - Keeping class: org.apache.hadoop.thirdparty.protobuf.DescriptorProtos$DescriptorProto$Builder
2024-11-12 13:42:43,757 INFO  EvoClassLoader - Seeing class for first time: org.apache.hadoop.thirdparty.protobuf.DescriptorProtos$DescriptorProto
2024-11-12 13:42:43,757 INFO  EvoClassLoader - Instrumenting class 'org.apache.hadoop.thirdparty.protobuf.DescriptorProtos$DescriptorProto'.
2024-11-12 13:42:43,757 INFO  MethodCallReplacementClassAdapter - Adding mock interface to class org/apache/hadoop/thirdparty/protobuf/DescriptorProtos$DescriptorProto
2024-11-12 13:42:43,758 INFO  CreateClassResetClassAdapter - Found static initializer in class org/apache/hadoop/thirdparty/protobuf/DescriptorProtos$DescriptorProto
2024-11-12 13:42:43,759 INFO  EvoClassLoader - Keeping class: org.apache.hadoop.thirdparty.protobuf.DescriptorProtos$DescriptorProto
2024-11-12 13:42:43,759 INFO  EvoClassLoader - Seeing class for first time: org.apache.hadoop.thirdparty.protobuf.DescriptorProtos$EnumDescriptorProto
2024-11-12 13:42:43,759 INFO  EvoClassLoader - Instrumenting class 'org.apache.hadoop.thirdparty.protobuf.DescriptorProtos$EnumDescriptorProto'.
2024-11-12 13:42:43,759 INFO  MethodCallReplacementClassAdapter - Adding mock interface to class org/apache/hadoop/thirdparty/protobuf/DescriptorProtos$EnumDescriptorProto
2024-11-12 13:42:43,759 INFO  CreateClassResetClassAdapter - Found static initializer in class org/apache/hadoop/thirdparty/protobuf/DescriptorProtos$EnumDescriptorProto
2024-11-12 13:42:43,760 INFO  EvoClassLoader - Seeing class for first time: org.apache.hadoop.thirdparty.protobuf.DescriptorProtos$EnumDescriptorProtoOrBuilder
2024-11-12 13:42:43,760 INFO  EvoClassLoader - Instrumenting class 'org.apache.hadoop.thirdparty.protobuf.DescriptorProtos$EnumDescriptorProtoOrBuilder'.
2024-11-12 13:42:43,760 INFO  EvoClassLoader - Keeping class: org.apache.hadoop.thirdparty.protobuf.DescriptorProtos$EnumDescriptorProtoOrBuilder
2024-11-12 13:42:43,760 INFO  EvoClassLoader - Keeping class: org.apache.hadoop.thirdparty.protobuf.DescriptorProtos$EnumDescriptorProto
2024-11-12 13:42:43,760 INFO  EvoClassLoader - Seeing class for first time: org.apache.hadoop.thirdparty.protobuf.DescriptorProtos$DescriptorProto$ReservedRange
2024-11-12 13:42:43,760 INFO  EvoClassLoader - Instrumenting class 'org.apache.hadoop.thirdparty.protobuf.DescriptorProtos$DescriptorProto$ReservedRange'.
2024-11-12 13:42:43,760 INFO  MethodCallReplacementClassAdapter - Adding mock interface to class org/apache/hadoop/thirdparty/protobuf/DescriptorProtos$DescriptorProto$ReservedRange
2024-11-12 13:42:43,760 INFO  CreateClassResetClassAdapter - Found static initializer in class org/apache/hadoop/thirdparty/protobuf/DescriptorProtos$DescriptorProto$ReservedRange
2024-11-12 13:42:43,761 INFO  EvoClassLoader - Seeing class for first time: org.apache.hadoop.thirdparty.protobuf.DescriptorProtos$DescriptorProto$ReservedRangeOrBuilder
2024-11-12 13:42:43,761 INFO  EvoClassLoader - Instrumenting class 'org.apache.hadoop.thirdparty.protobuf.DescriptorProtos$DescriptorProto$ReservedRangeOrBuilder'.
2024-11-12 13:42:43,761 INFO  EvoClassLoader - Keeping class: org.apache.hadoop.thirdparty.protobuf.DescriptorProtos$DescriptorProto$ReservedRangeOrBuilder
2024-11-12 13:42:43,761 INFO  EvoClassLoader - Keeping class: org.apache.hadoop.thirdparty.protobuf.DescriptorProtos$DescriptorProto$ReservedRange
2024-11-12 13:42:43,761 INFO  EvoClassLoader - Seeing class for first time: org.apache.hadoop.thirdparty.protobuf.DescriptorProtos$MessageOptions
2024-11-12 13:42:43,761 INFO  EvoClassLoader - Instrumenting class 'org.apache.hadoop.thirdparty.protobuf.DescriptorProtos$MessageOptions'.
2024-11-12 13:42:43,761 INFO  MethodCallReplacementClassAdapter - Adding mock interface to class org/apache/hadoop/thirdparty/protobuf/DescriptorProtos$MessageOptions
2024-11-12 13:42:43,762 INFO  CreateClassResetClassAdapter - Found static initializer in class org/apache/hadoop/thirdparty/protobuf/DescriptorProtos$MessageOptions
2024-11-12 13:42:43,762 INFO  EvoClassLoader - Keeping class: org.apache.hadoop.thirdparty.protobuf.DescriptorProtos$MessageOptions
2024-11-12 13:42:43,762 INFO  EvoClassLoader - Seeing class for first time: org.apache.hadoop.thirdparty.protobuf.LazyStringList
2024-11-12 13:42:43,762 INFO  EvoClassLoader - Instrumenting class 'org.apache.hadoop.thirdparty.protobuf.LazyStringList'.
2024-11-12 13:42:43,762 INFO  EvoClassLoader - Seeing class for first time: org.apache.hadoop.thirdparty.protobuf.ProtocolStringList
2024-11-12 13:42:43,762 INFO  EvoClassLoader - Instrumenting class 'org.apache.hadoop.thirdparty.protobuf.ProtocolStringList'.
2024-11-12 13:42:43,763 INFO  EvoClassLoader - Keeping class: org.apache.hadoop.thirdparty.protobuf.ProtocolStringList
2024-11-12 13:42:43,763 INFO  EvoClassLoader - Keeping class: org.apache.hadoop.thirdparty.protobuf.LazyStringList
2024-11-12 13:42:43,764 INFO  EvoClassLoader - Seeing class for first time: org.apache.hadoop.thirdparty.protobuf.TextFormat$1
2024-11-12 13:42:43,764 INFO  EvoClassLoader - Instrumenting class 'org.apache.hadoop.thirdparty.protobuf.TextFormat$1'.
2024-11-12 13:42:43,764 INFO  MethodCallReplacementClassAdapter - Adding mock interface to class org/apache/hadoop/thirdparty/protobuf/TextFormat$1
2024-11-12 13:42:43,765 INFO  EvoClassLoader - Keeping class: org.apache.hadoop.thirdparty.protobuf.TextFormat$1
2024-11-12 13:42:43,765 INFO  EvoClassLoader - Seeing class for first time: org.apache.hadoop.thirdparty.protobuf.Descriptors$DescriptorPool$PackageDescriptor
2024-11-12 13:42:43,765 INFO  EvoClassLoader - Instrumenting class 'org.apache.hadoop.thirdparty.protobuf.Descriptors$DescriptorPool$PackageDescriptor'.
2024-11-12 13:42:43,765 INFO  MethodCallReplacementClassAdapter - Adding mock interface to class org/apache/hadoop/thirdparty/protobuf/Descriptors$DescriptorPool$PackageDescriptor
2024-11-12 13:42:43,765 INFO  CreateClassResetClassAdapter - Creating brand-new static initializer in class org/apache/hadoop/thirdparty/protobuf/Descriptors$DescriptorPool$PackageDescriptor
2024-11-12 13:42:43,765 INFO  EvoClassLoader - Keeping class: org.apache.hadoop.thirdparty.protobuf.Descriptors$DescriptorPool$PackageDescriptor
2024-11-12 13:42:43,765 INFO  EvoClassLoader - Seeing class for first time: org.apache.hadoop.hdfs.server.namenode.ha.proto.HAZKInfoProtos
2024-11-12 13:42:43,765 INFO  EvoClassLoader - Instrumenting class 'org.apache.hadoop.hdfs.server.namenode.ha.proto.HAZKInfoProtos'.
2024-11-12 13:42:43,766 INFO  MethodCallReplacementClassAdapter - Adding mock interface to class org/apache/hadoop/hdfs/server/namenode/ha/proto/HAZKInfoProtos
2024-11-12 13:42:43,766 INFO  CreateClassResetClassAdapter - Found static initializer in class org/apache/hadoop/hdfs/server/namenode/ha/proto/HAZKInfoProtos
2024-11-12 13:42:43,766 INFO  EvoClassLoader - Keeping class: org.apache.hadoop.hdfs.server.namenode.ha.proto.HAZKInfoProtos
2024-11-12 13:42:43,766 INFO  EvoClassLoader - Seeing class for first time: org.apache.hadoop.thirdparty.protobuf.Descriptors$FileDescriptor
2024-11-12 13:42:43,766 INFO  EvoClassLoader - Instrumenting class 'org.apache.hadoop.thirdparty.protobuf.Descriptors$FileDescriptor'.
2024-11-12 13:42:43,767 INFO  MethodCallReplacementClassAdapter - Adding mock interface to class org/apache/hadoop/thirdparty/protobuf/Descriptors$FileDescriptor
2024-11-12 13:42:43,767 INFO  CreateClassResetClassAdapter - Creating brand-new static initializer in class org/apache/hadoop/thirdparty/protobuf/Descriptors$FileDescriptor
2024-11-12 13:42:43,768 INFO  EvoClassLoader - Keeping class: org.apache.hadoop.thirdparty.protobuf.Descriptors$FileDescriptor
2024-11-12 13:42:43,769 INFO  EvoClassLoader - Seeing class for first time: org.apache.hadoop.thirdparty.protobuf.DescriptorProtos$FileDescriptorProto
2024-11-12 13:42:43,769 INFO  EvoClassLoader - Instrumenting class 'org.apache.hadoop.thirdparty.protobuf.DescriptorProtos$FileDescriptorProto'.
2024-11-12 13:42:43,769 INFO  MethodCallReplacementClassAdapter - Adding mock interface to class org/apache/hadoop/thirdparty/protobuf/DescriptorProtos$FileDescriptorProto
2024-11-12 13:42:43,769 INFO  CreateClassResetClassAdapter - Found static initializer in class org/apache/hadoop/thirdparty/protobuf/DescriptorProtos$FileDescriptorProto
2024-11-12 13:42:43,770 INFO  EvoClassLoader - Keeping class: org.apache.hadoop.thirdparty.protobuf.DescriptorProtos$FileDescriptorProto
2024-11-12 13:42:43,771 INFO  EvoClassLoader - Seeing class for first time: org.apache.hadoop.thirdparty.protobuf.LazyStringArrayList
2024-11-12 13:42:43,771 INFO  EvoClassLoader - Instrumenting class 'org.apache.hadoop.thirdparty.protobuf.LazyStringArrayList'.
2024-11-12 13:42:43,771 INFO  MethodCallReplacementClassAdapter - Adding mock interface to class org/apache/hadoop/thirdparty/protobuf/LazyStringArrayList
2024-11-12 13:42:43,772 INFO  CreateClassResetClassAdapter - Found static initializer in class org/apache/hadoop/thirdparty/protobuf/LazyStringArrayList
2024-11-12 13:42:43,772 INFO  EvoClassLoader - Keeping class: org.apache.hadoop.thirdparty.protobuf.LazyStringArrayList
2024-11-12 13:42:43,773 INFO  EvoClassLoader - Seeing class for first time: org.apache.hadoop.thirdparty.protobuf.DescriptorProtos$FileDescriptorProto$1
2024-11-12 13:42:43,773 INFO  EvoClassLoader - Instrumenting class 'org.apache.hadoop.thirdparty.protobuf.DescriptorProtos$FileDescriptorProto$1'.
2024-11-12 13:42:43,773 INFO  MethodCallReplacementClassAdapter - Adding mock interface to class org/apache/hadoop/thirdparty/protobuf/DescriptorProtos$FileDescriptorProto$1
2024-11-12 13:42:43,773 INFO  EvoClassLoader - Keeping class: org.apache.hadoop.thirdparty.protobuf.DescriptorProtos$FileDescriptorProto$1
2024-11-12 13:42:43,773 INFO  EvoClassLoader - Seeing class for first time: org.apache.hadoop.thirdparty.protobuf.DescriptorProtos$FileDescriptorProto$Builder
2024-11-12 13:42:43,773 INFO  EvoClassLoader - Instrumenting class 'org.apache.hadoop.thirdparty.protobuf.DescriptorProtos$FileDescriptorProto$Builder'.
2024-11-12 13:42:43,774 INFO  MethodCallReplacementClassAdapter - Adding mock interface to class org/apache/hadoop/thirdparty/protobuf/DescriptorProtos$FileDescriptorProto$Builder
2024-11-12 13:42:43,775 INFO  CreateClassResetClassAdapter - Creating brand-new static initializer in class org/apache/hadoop/thirdparty/protobuf/DescriptorProtos$FileDescriptorProto$Builder
2024-11-12 13:42:43,776 INFO  EvoClassLoader - Keeping class: org.apache.hadoop.thirdparty.protobuf.DescriptorProtos$FileDescriptorProto$Builder
2024-11-12 13:42:43,777 INFO  EvoClassLoader - Seeing class for first time: org.apache.hadoop.thirdparty.protobuf.DescriptorProtos$SourceCodeInfo
2024-11-12 13:42:43,777 INFO  EvoClassLoader - Instrumenting class 'org.apache.hadoop.thirdparty.protobuf.DescriptorProtos$SourceCodeInfo'.
2024-11-12 13:42:43,777 INFO  MethodCallReplacementClassAdapter - Adding mock interface to class org/apache/hadoop/thirdparty/protobuf/DescriptorProtos$SourceCodeInfo
2024-11-12 13:42:43,777 INFO  CreateClassResetClassAdapter - Found static initializer in class org/apache/hadoop/thirdparty/protobuf/DescriptorProtos$SourceCodeInfo
2024-11-12 13:42:43,777 INFO  EvoClassLoader - Keeping class: org.apache.hadoop.thirdparty.protobuf.DescriptorProtos$SourceCodeInfo
2024-11-12 13:42:43,779 INFO  EvoClassLoader - Seeing class for first time: org.apache.hadoop.thirdparty.protobuf.DescriptorProtos$FieldDescriptorProto$Builder
2024-11-12 13:42:43,779 INFO  EvoClassLoader - Instrumenting class 'org.apache.hadoop.thirdparty.protobuf.DescriptorProtos$FieldDescriptorProto$Builder'.
2024-11-12 13:42:43,779 INFO  MethodCallReplacementClassAdapter - Adding mock interface to class org/apache/hadoop/thirdparty/protobuf/DescriptorProtos$FieldDescriptorProto$Builder
2024-11-12 13:42:43,780 INFO  CreateClassResetClassAdapter - Creating brand-new static initializer in class org/apache/hadoop/thirdparty/protobuf/DescriptorProtos$FieldDescriptorProto$Builder
2024-11-12 13:42:43,781 INFO  EvoClassLoader - Keeping class: org.apache.hadoop.thirdparty.protobuf.DescriptorProtos$FieldDescriptorProto$Builder
2024-11-12 13:42:43,781 INFO  EvoClassLoader - Seeing class for first time: org.apache.hadoop.thirdparty.protobuf.DescriptorProtos$FieldOptions
2024-11-12 13:42:43,781 INFO  EvoClassLoader - Instrumenting class 'org.apache.hadoop.thirdparty.protobuf.DescriptorProtos$FieldOptions'.
2024-11-12 13:42:43,782 INFO  MethodCallReplacementClassAdapter - Adding mock interface to class org/apache/hadoop/thirdparty/protobuf/DescriptorProtos$FieldOptions
2024-11-12 13:42:43,782 INFO  CreateClassResetClassAdapter - Found static initializer in class org/apache/hadoop/thirdparty/protobuf/DescriptorProtos$FieldOptions
2024-11-12 13:42:43,783 INFO  EvoClassLoader - Keeping class: org.apache.hadoop.thirdparty.protobuf.DescriptorProtos$FieldOptions
2024-11-12 13:42:43,784 INFO  EvoClassLoader - Seeing class for first time: org.apache.hadoop.thirdparty.protobuf.SingleFieldBuilderV3
2024-11-12 13:42:43,784 INFO  EvoClassLoader - Instrumenting class 'org.apache.hadoop.thirdparty.protobuf.SingleFieldBuilderV3'.
2024-11-12 13:42:43,784 INFO  MethodCallReplacementClassAdapter - Adding mock interface to class org/apache/hadoop/thirdparty/protobuf/SingleFieldBuilderV3
2024-11-12 13:42:43,784 INFO  CreateClassResetClassAdapter - Creating brand-new static initializer in class org/apache/hadoop/thirdparty/protobuf/SingleFieldBuilderV3
2024-11-12 13:42:43,784 INFO  EvoClassLoader - Keeping class: org.apache.hadoop.thirdparty.protobuf.SingleFieldBuilderV3
2024-11-12 13:42:43,784 INFO  EvoClassLoader - Seeing class for first time: org.apache.hadoop.thirdparty.protobuf.GeneratedMessageV3$Builder$BuilderParentImpl
2024-11-12 13:42:43,784 INFO  EvoClassLoader - Instrumenting class 'org.apache.hadoop.thirdparty.protobuf.GeneratedMessageV3$Builder$BuilderParentImpl'.
2024-11-12 13:42:43,785 INFO  MethodCallReplacementClassAdapter - Adding mock interface to class org/apache/hadoop/thirdparty/protobuf/GeneratedMessageV3$Builder$BuilderParentImpl
2024-11-12 13:42:43,785 INFO  CreateClassResetClassAdapter - Creating brand-new static initializer in class org/apache/hadoop/thirdparty/protobuf/GeneratedMessageV3$Builder$BuilderParentImpl
2024-11-12 13:42:43,785 INFO  EvoClassLoader - Keeping class: org.apache.hadoop.thirdparty.protobuf.GeneratedMessageV3$Builder$BuilderParentImpl
2024-11-12 13:42:43,785 INFO  EvoClassLoader - Seeing class for first time: org.apache.hadoop.thirdparty.protobuf.Descriptors$DescriptorPool
2024-11-12 13:42:43,785 INFO  EvoClassLoader - Instrumenting class 'org.apache.hadoop.thirdparty.protobuf.Descriptors$DescriptorPool'.
2024-11-12 13:42:43,785 INFO  MethodCallReplacementClassAdapter - Adding mock interface to class org/apache/hadoop/thirdparty/protobuf/Descriptors$DescriptorPool
2024-11-12 13:42:43,786 INFO  CreateClassResetClassAdapter - Creating brand-new static initializer in class org/apache/hadoop/thirdparty/protobuf/Descriptors$DescriptorPool
2024-11-12 13:42:43,786 INFO  EvoClassLoader - Keeping class: org.apache.hadoop.thirdparty.protobuf.Descriptors$DescriptorPool
2024-11-12 13:42:43,786 INFO  EvoClassLoader - Seeing class for first time: org.apache.hadoop.thirdparty.protobuf.Utf8
2024-11-12 13:42:43,786 INFO  EvoClassLoader - Instrumenting class 'org.apache.hadoop.thirdparty.protobuf.Utf8'.
2024-11-12 13:42:43,786 INFO  MethodCallReplacementClassAdapter - Adding mock interface to class org/apache/hadoop/thirdparty/protobuf/Utf8
2024-11-12 13:42:43,787 INFO  CreateClassResetClassAdapter - Found static initializer in class org/apache/hadoop/thirdparty/protobuf/Utf8
2024-11-12 13:42:43,788 INFO  EvoClassLoader - Keeping class: org.apache.hadoop.thirdparty.protobuf.Utf8
2024-11-12 13:42:43,788 INFO  EvoClassLoader - Seeing class for first time: org.apache.hadoop.thirdparty.protobuf.Utf8$SafeProcessor
2024-11-12 13:42:43,788 INFO  EvoClassLoader - Instrumenting class 'org.apache.hadoop.thirdparty.protobuf.Utf8$SafeProcessor'.
2024-11-12 13:42:43,788 INFO  MethodCallReplacementClassAdapter - Adding mock interface to class org/apache/hadoop/thirdparty/protobuf/Utf8$SafeProcessor
2024-11-12 13:42:43,788 INFO  CreateClassResetClassAdapter - Creating brand-new static initializer in class org/apache/hadoop/thirdparty/protobuf/Utf8$SafeProcessor
2024-11-12 13:42:43,788 INFO  EvoClassLoader - Keeping class: org.apache.hadoop.thirdparty.protobuf.Utf8$SafeProcessor
2024-11-12 13:42:43,789 INFO  EvoClassLoader - Seeing class for first time: org.apache.hadoop.thirdparty.protobuf.Descriptors
2024-11-12 13:42:43,789 INFO  EvoClassLoader - Instrumenting class 'org.apache.hadoop.thirdparty.protobuf.Descriptors'.
2024-11-12 13:42:43,789 INFO  MethodCallReplacementClassAdapter - Adding mock interface to class org/apache/hadoop/thirdparty/protobuf/Descriptors
2024-11-12 13:42:43,789 INFO  CreateClassResetClassAdapter - Found static initializer in class org/apache/hadoop/thirdparty/protobuf/Descriptors
2024-11-12 13:42:43,790 INFO  EvoClassLoader - Keeping class: org.apache.hadoop.thirdparty.protobuf.Descriptors
2024-11-12 13:42:43,790 INFO  EvoClassLoader - Seeing class for first time: org.apache.hadoop.thirdparty.protobuf.Descriptors$ServiceDescriptor
2024-11-12 13:42:43,790 INFO  EvoClassLoader - Instrumenting class 'org.apache.hadoop.thirdparty.protobuf.Descriptors$ServiceDescriptor'.
2024-11-12 13:42:43,790 INFO  MethodCallReplacementClassAdapter - Adding mock interface to class org/apache/hadoop/thirdparty/protobuf/Descriptors$ServiceDescriptor
2024-11-12 13:42:43,790 INFO  CreateClassResetClassAdapter - Creating brand-new static initializer in class org/apache/hadoop/thirdparty/protobuf/Descriptors$ServiceDescriptor
2024-11-12 13:42:43,790 INFO  EvoClassLoader - Keeping class: org.apache.hadoop.thirdparty.protobuf.Descriptors$ServiceDescriptor
2024-11-12 13:42:43,790 INFO  EvoClassLoader - Seeing class for first time: org.apache.hadoop.thirdparty.protobuf.Descriptors$OneofDescriptor
2024-11-12 13:42:43,790 INFO  EvoClassLoader - Instrumenting class 'org.apache.hadoop.thirdparty.protobuf.Descriptors$OneofDescriptor'.
2024-11-12 13:42:43,791 INFO  MethodCallReplacementClassAdapter - Adding mock interface to class org/apache/hadoop/thirdparty/protobuf/Descriptors$OneofDescriptor
2024-11-12 13:42:43,791 INFO  CreateClassResetClassAdapter - Creating brand-new static initializer in class org/apache/hadoop/thirdparty/protobuf/Descriptors$OneofDescriptor
2024-11-12 13:42:43,791 INFO  EvoClassLoader - Keeping class: org.apache.hadoop.thirdparty.protobuf.Descriptors$OneofDescriptor
2024-11-12 13:42:43,791 INFO  EvoClassLoader - Seeing class for first time: org.apache.hadoop.thirdparty.protobuf.DescriptorProtos$FieldOptions$1
2024-11-12 13:42:43,791 INFO  EvoClassLoader - Instrumenting class 'org.apache.hadoop.thirdparty.protobuf.DescriptorProtos$FieldOptions$1'.
2024-11-12 13:42:43,792 INFO  MethodCallReplacementClassAdapter - Adding mock interface to class org/apache/hadoop/thirdparty/protobuf/DescriptorProtos$FieldOptions$1
2024-11-12 13:42:43,792 INFO  EvoClassLoader - Keeping class: org.apache.hadoop.thirdparty.protobuf.DescriptorProtos$FieldOptions$1
2024-11-12 13:42:43,792 INFO  EvoClassLoader - Seeing class for first time: org.apache.hadoop.thirdparty.protobuf.Descriptors$1
2024-11-12 13:42:43,792 INFO  EvoClassLoader - Instrumenting class 'org.apache.hadoop.thirdparty.protobuf.Descriptors$1'.
2024-11-12 13:42:43,792 INFO  MethodCallReplacementClassAdapter - Adding mock interface to class org/apache/hadoop/thirdparty/protobuf/Descriptors$1
2024-11-12 13:42:43,793 INFO  EvoClassLoader - Keeping class: org.apache.hadoop.thirdparty.protobuf.Descriptors$1
2024-11-12 13:42:43,793 INFO  EvoClassLoader - Seeing class for first time: org.apache.hadoop.thirdparty.protobuf.GeneratedMessageV3$FieldAccessorTable
2024-11-12 13:42:43,793 INFO  EvoClassLoader - Instrumenting class 'org.apache.hadoop.thirdparty.protobuf.GeneratedMessageV3$FieldAccessorTable'.
2024-11-12 13:42:43,793 INFO  MethodCallReplacementClassAdapter - Adding mock interface to class org/apache/hadoop/thirdparty/protobuf/GeneratedMessageV3$FieldAccessorTable
2024-11-12 13:42:43,794 INFO  CreateClassResetClassAdapter - Creating brand-new static initializer in class org/apache/hadoop/thirdparty/protobuf/GeneratedMessageV3$FieldAccessorTable
2024-11-12 13:42:43,794 INFO  EvoClassLoader - Keeping class: org.apache.hadoop.thirdparty.protobuf.GeneratedMessageV3$FieldAccessorTable
2024-11-12 13:42:43,795 INFO  EvoClassLoader - Seeing class for first time: org.apache.hadoop.thirdparty.protobuf.TextFormat$TextGenerator
2024-11-12 13:42:43,795 INFO  EvoClassLoader - Instrumenting class 'org.apache.hadoop.thirdparty.protobuf.TextFormat$TextGenerator'.
2024-11-12 13:42:43,795 INFO  MethodCallReplacementClassAdapter - Adding mock interface to class org/apache/hadoop/thirdparty/protobuf/TextFormat$TextGenerator
2024-11-12 13:42:43,796 INFO  CreateClassResetClassAdapter - Creating brand-new static initializer in class org/apache/hadoop/thirdparty/protobuf/TextFormat$TextGenerator
2024-11-12 13:42:43,796 INFO  EvoClassLoader - Keeping class: org.apache.hadoop.thirdparty.protobuf.TextFormat$TextGenerator
2024-11-12 13:42:43,796 INFO  EvoClassLoader - Seeing class for first time: org.apache.hadoop.thirdparty.protobuf.GeneratedMessageV3$UnusedPrivateParameter
2024-11-12 13:42:43,796 INFO  EvoClassLoader - Instrumenting class 'org.apache.hadoop.thirdparty.protobuf.GeneratedMessageV3$UnusedPrivateParameter'.
2024-11-12 13:42:43,797 INFO  MethodCallReplacementClassAdapter - Adding mock interface to class org/apache/hadoop/thirdparty/protobuf/GeneratedMessageV3$UnusedPrivateParameter
2024-11-12 13:42:43,797 INFO  CreateClassResetClassAdapter - Found static initializer in class org/apache/hadoop/thirdparty/protobuf/GeneratedMessageV3$UnusedPrivateParameter
2024-11-12 13:42:43,797 INFO  EvoClassLoader - Keeping class: org.apache.hadoop.thirdparty.protobuf.GeneratedMessageV3$UnusedPrivateParameter
2024-11-12 13:42:43,797 INFO  EvoClassLoader - Seeing class for first time: org.apache.hadoop.thirdparty.protobuf.DescriptorProtos$SourceCodeInfo$Location$Builder
2024-11-12 13:42:43,797 INFO  EvoClassLoader - Instrumenting class 'org.apache.hadoop.thirdparty.protobuf.DescriptorProtos$SourceCodeInfo$Location$Builder'.
2024-11-12 13:42:43,798 INFO  MethodCallReplacementClassAdapter - Adding mock interface to class org/apache/hadoop/thirdparty/protobuf/DescriptorProtos$SourceCodeInfo$Location$Builder
2024-11-12 13:42:43,800 INFO  CreateClassResetClassAdapter - Creating brand-new static initializer in class org/apache/hadoop/thirdparty/protobuf/DescriptorProtos$SourceCodeInfo$Location$Builder
2024-11-12 13:42:43,801 INFO  EvoClassLoader - Keeping class: org.apache.hadoop.thirdparty.protobuf.DescriptorProtos$SourceCodeInfo$Location$Builder
2024-11-12 13:42:43,802 INFO  EvoClassLoader - Seeing class for first time: org.apache.hadoop.thirdparty.protobuf.DescriptorProtos$UninterpretedOption$1
2024-11-12 13:42:43,802 INFO  EvoClassLoader - Instrumenting class 'org.apache.hadoop.thirdparty.protobuf.DescriptorProtos$UninterpretedOption$1'.
2024-11-12 13:42:43,803 INFO  MethodCallReplacementClassAdapter - Adding mock interface to class org/apache/hadoop/thirdparty/protobuf/DescriptorProtos$UninterpretedOption$1
2024-11-12 13:42:43,803 INFO  EvoClassLoader - Keeping class: org.apache.hadoop.thirdparty.protobuf.DescriptorProtos$UninterpretedOption$1
2024-11-12 13:42:43,803 INFO  EvoClassLoader - Seeing class for first time: org.apache.hadoop.thirdparty.protobuf.Schema
2024-11-12 13:42:43,803 INFO  EvoClassLoader - Instrumenting class 'org.apache.hadoop.thirdparty.protobuf.Schema'.
2024-11-12 13:42:43,803 INFO  EvoClassLoader - Keeping class: org.apache.hadoop.thirdparty.protobuf.Schema
2024-11-12 13:42:43,804 INFO  EvoClassLoader - Seeing class for first time: org.apache.hadoop.thirdparty.protobuf.UnknownFieldSet$Field$Builder
2024-11-12 13:42:43,804 INFO  EvoClassLoader - Instrumenting class 'org.apache.hadoop.thirdparty.protobuf.UnknownFieldSet$Field$Builder'.
2024-11-12 13:42:43,804 INFO  MethodCallReplacementClassAdapter - Adding mock interface to class org/apache/hadoop/thirdparty/protobuf/UnknownFieldSet$Field$Builder
2024-11-12 13:42:43,804 INFO  CreateClassResetClassAdapter - Creating brand-new static initializer in class org/apache/hadoop/thirdparty/protobuf/UnknownFieldSet$Field$Builder
2024-11-12 13:42:43,805 INFO  EvoClassLoader - Keeping class: org.apache.hadoop.thirdparty.protobuf.UnknownFieldSet$Field$Builder
2024-11-12 13:42:43,805 INFO  EvoClassLoader - Seeing class for first time: org.apache.hadoop.thirdparty.protobuf.Descriptors$FileDescriptor$InternalDescriptorAssigner
2024-11-12 13:42:43,805 INFO  EvoClassLoader - Instrumenting class 'org.apache.hadoop.thirdparty.protobuf.Descriptors$FileDescriptor$InternalDescriptorAssigner'.
2024-11-12 13:42:43,805 INFO  EvoClassLoader - Keeping class: org.apache.hadoop.thirdparty.protobuf.Descriptors$FileDescriptor$InternalDescriptorAssigner
2024-11-12 13:42:43,806 INFO  EvoClassLoader - Seeing class for first time: org.apache.hadoop.thirdparty.protobuf.MutabilityOracle$1
2024-11-12 13:42:43,806 INFO  EvoClassLoader - Instrumenting class 'org.apache.hadoop.thirdparty.protobuf.MutabilityOracle$1'.
2024-11-12 13:42:43,806 INFO  MethodCallReplacementClassAdapter - Adding mock interface to class org/apache/hadoop/thirdparty/protobuf/MutabilityOracle$1
2024-11-12 13:42:43,806 INFO  EvoClassLoader - Keeping class: org.apache.hadoop.thirdparty.protobuf.MutabilityOracle$1
2024-11-12 13:42:43,806 INFO  EvoClassLoader - Seeing class for first time: org.apache.hadoop.thirdparty.protobuf.DescriptorProtos$DescriptorProto$ReservedRange$1
2024-11-12 13:42:43,806 INFO  EvoClassLoader - Instrumenting class 'org.apache.hadoop.thirdparty.protobuf.DescriptorProtos$DescriptorProto$ReservedRange$1'.
2024-11-12 13:42:43,806 INFO  MethodCallReplacementClassAdapter - Adding mock interface to class org/apache/hadoop/thirdparty/protobuf/DescriptorProtos$DescriptorProto$ReservedRange$1
2024-11-12 13:42:43,806 INFO  EvoClassLoader - Keeping class: org.apache.hadoop.thirdparty.protobuf.DescriptorProtos$DescriptorProto$ReservedRange$1
2024-11-12 13:42:43,807 INFO  EvoClassLoader - Seeing class for first time: org.apache.hadoop.thirdparty.protobuf.NioByteString$1
2024-11-12 13:42:43,807 INFO  EvoClassLoader - Instrumenting class 'org.apache.hadoop.thirdparty.protobuf.NioByteString$1'.
2024-11-12 13:42:43,807 INFO  MethodCallReplacementClassAdapter - Adding mock interface to class org/apache/hadoop/thirdparty/protobuf/NioByteString$1
2024-11-12 13:42:43,807 INFO  EvoClassLoader - Keeping class: org.apache.hadoop.thirdparty.protobuf.NioByteString$1
2024-11-12 13:42:43,808 INFO  EvoClassLoader - Seeing class for first time: org.apache.hadoop.hdfs.server.namenode.ha.proto.HAZKInfoProtos$ActiveNodeInfoOrBuilder
2024-11-12 13:42:43,808 INFO  EvoClassLoader - Instrumenting class 'org.apache.hadoop.hdfs.server.namenode.ha.proto.HAZKInfoProtos$ActiveNodeInfoOrBuilder'.
2024-11-12 13:42:43,808 INFO  EvoClassLoader - Keeping class: org.apache.hadoop.hdfs.server.namenode.ha.proto.HAZKInfoProtos$ActiveNodeInfoOrBuilder
2024-11-12 13:42:43,808 INFO  EvoClassLoader - Seeing class for first time: org.apache.hadoop.thirdparty.protobuf.DescriptorProtos$GeneratedCodeInfoOrBuilder
2024-11-12 13:42:43,808 INFO  EvoClassLoader - Instrumenting class 'org.apache.hadoop.thirdparty.protobuf.DescriptorProtos$GeneratedCodeInfoOrBuilder'.
2024-11-12 13:42:43,808 INFO  EvoClassLoader - Keeping class: org.apache.hadoop.thirdparty.protobuf.DescriptorProtos$GeneratedCodeInfoOrBuilder
2024-11-12 13:42:43,808 INFO  EvoClassLoader - Seeing class for first time: org.apache.hadoop.thirdparty.protobuf.DescriptorProtos$GeneratedCodeInfo
2024-11-12 13:42:43,808 INFO  EvoClassLoader - Instrumenting class 'org.apache.hadoop.thirdparty.protobuf.DescriptorProtos$GeneratedCodeInfo'.
2024-11-12 13:42:43,809 INFO  MethodCallReplacementClassAdapter - Adding mock interface to class org/apache/hadoop/thirdparty/protobuf/DescriptorProtos$GeneratedCodeInfo
2024-11-12 13:42:43,809 INFO  CreateClassResetClassAdapter - Found static initializer in class org/apache/hadoop/thirdparty/protobuf/DescriptorProtos$GeneratedCodeInfo
2024-11-12 13:42:43,809 INFO  EvoClassLoader - Keeping class: org.apache.hadoop.thirdparty.protobuf.DescriptorProtos$GeneratedCodeInfo
2024-11-12 13:42:43,809 INFO  EvoClassLoader - Seeing class for first time: org.apache.hadoop.thirdparty.protobuf.DescriptorProtos$GeneratedCodeInfo$1
2024-11-12 13:42:43,809 INFO  EvoClassLoader - Instrumenting class 'org.apache.hadoop.thirdparty.protobuf.DescriptorProtos$GeneratedCodeInfo$1'.
2024-11-12 13:42:43,810 INFO  MethodCallReplacementClassAdapter - Adding mock interface to class org/apache/hadoop/thirdparty/protobuf/DescriptorProtos$GeneratedCodeInfo$1
2024-11-12 13:42:43,810 INFO  EvoClassLoader - Keeping class: org.apache.hadoop.thirdparty.protobuf.DescriptorProtos$GeneratedCodeInfo$1
2024-11-12 13:42:43,810 INFO  EvoClassLoader - Seeing class for first time: org.apache.hadoop.thirdparty.protobuf.DescriptorProtos$EnumOptionsOrBuilder
2024-11-12 13:42:43,810 INFO  EvoClassLoader - Instrumenting class 'org.apache.hadoop.thirdparty.protobuf.DescriptorProtos$EnumOptionsOrBuilder'.
2024-11-12 13:42:43,811 INFO  EvoClassLoader - Keeping class: org.apache.hadoop.thirdparty.protobuf.DescriptorProtos$EnumOptionsOrBuilder
2024-11-12 13:42:43,811 INFO  EvoClassLoader - Seeing class for first time: org.apache.hadoop.thirdparty.protobuf.DescriptorProtos$EnumDescriptorProto$1
2024-11-12 13:42:43,811 INFO  EvoClassLoader - Instrumenting class 'org.apache.hadoop.thirdparty.protobuf.DescriptorProtos$EnumDescriptorProto$1'.
2024-11-12 13:42:43,811 INFO  MethodCallReplacementClassAdapter - Adding mock interface to class org/apache/hadoop/thirdparty/protobuf/DescriptorProtos$EnumDescriptorProto$1
2024-11-12 13:42:43,812 INFO  EvoClassLoader - Keeping class: org.apache.hadoop.thirdparty.protobuf.DescriptorProtos$EnumDescriptorProto$1
2024-11-12 13:42:43,812 INFO  EvoClassLoader - Seeing class for first time: org.apache.hadoop.thirdparty.protobuf.DescriptorProtos$SourceCodeInfo$Location$1
2024-11-12 13:42:43,812 INFO  EvoClassLoader - Instrumenting class 'org.apache.hadoop.thirdparty.protobuf.DescriptorProtos$SourceCodeInfo$Location$1'.
2024-11-12 13:42:43,813 INFO  MethodCallReplacementClassAdapter - Adding mock interface to class org/apache/hadoop/thirdparty/protobuf/DescriptorProtos$SourceCodeInfo$Location$1
2024-11-12 13:42:43,813 INFO  EvoClassLoader - Keeping class: org.apache.hadoop.thirdparty.protobuf.DescriptorProtos$SourceCodeInfo$Location$1
2024-11-12 13:42:43,814 INFO  EvoClassLoader - Seeing class for first time: org.apache.hadoop.thirdparty.protobuf.UnknownFieldSet$Field
2024-11-12 13:42:43,814 INFO  EvoClassLoader - Instrumenting class 'org.apache.hadoop.thirdparty.protobuf.UnknownFieldSet$Field'.
2024-11-12 13:42:43,814 INFO  MethodCallReplacementClassAdapter - Adding mock interface to class org/apache/hadoop/thirdparty/protobuf/UnknownFieldSet$Field
2024-11-12 13:42:43,815 INFO  CreateClassResetClassAdapter - Found static initializer in class org/apache/hadoop/thirdparty/protobuf/UnknownFieldSet$Field
2024-11-12 13:42:43,816 INFO  EvoClassLoader - Keeping class: org.apache.hadoop.thirdparty.protobuf.UnknownFieldSet$Field
2024-11-12 13:42:43,816 INFO  EvoClassLoader - Seeing class for first time: org.apache.hadoop.hdfs.server.namenode.ha.proto.HAZKInfoProtos$ActiveNodeInfo$Builder
2024-11-12 13:42:43,816 INFO  EvoClassLoader - Instrumenting class 'org.apache.hadoop.hdfs.server.namenode.ha.proto.HAZKInfoProtos$ActiveNodeInfo$Builder'.
2024-11-12 13:42:43,817 INFO  MethodCallReplacementClassAdapter - Adding mock interface to class org/apache/hadoop/hdfs/server/namenode/ha/proto/HAZKInfoProtos$ActiveNodeInfo$Builder
2024-11-12 13:42:43,817 INFO  CreateClassResetClassAdapter - Creating brand-new static initializer in class org/apache/hadoop/hdfs/server/namenode/ha/proto/HAZKInfoProtos$ActiveNodeInfo$Builder
2024-11-12 13:42:43,818 INFO  EvoClassLoader - Keeping class: org.apache.hadoop.hdfs.server.namenode.ha.proto.HAZKInfoProtos$ActiveNodeInfo$Builder
2024-11-12 13:42:43,818 INFO  EvoClassLoader - Seeing class for first time: org.apache.hadoop.hdfs.server.namenode.ha.proto.HAZKInfoProtos$ActiveNodeInfo
2024-11-12 13:42:43,818 INFO  EvoClassLoader - Instrumenting class 'org.apache.hadoop.hdfs.server.namenode.ha.proto.HAZKInfoProtos$ActiveNodeInfo'.
2024-11-12 13:42:43,819 INFO  MethodCallReplacementClassAdapter - Adding mock interface to class org/apache/hadoop/hdfs/server/namenode/ha/proto/HAZKInfoProtos$ActiveNodeInfo
2024-11-12 13:42:43,819 INFO  CreateClassResetClassAdapter - Found static initializer in class org/apache/hadoop/hdfs/server/namenode/ha/proto/HAZKInfoProtos$ActiveNodeInfo
2024-11-12 13:42:43,819 INFO  EvoClassLoader - Keeping class: org.apache.hadoop.hdfs.server.namenode.ha.proto.HAZKInfoProtos$ActiveNodeInfo
2024-11-12 13:42:43,820 INFO  EvoClassLoader - Seeing class for first time: org.apache.hadoop.hdfs.server.namenode.ha.proto.HAZKInfoProtos$ActiveNodeInfo$1
2024-11-12 13:42:43,820 INFO  EvoClassLoader - Instrumenting class 'org.apache.hadoop.hdfs.server.namenode.ha.proto.HAZKInfoProtos$ActiveNodeInfo$1'.
2024-11-12 13:42:43,820 INFO  MethodCallReplacementClassAdapter - Adding mock interface to class org/apache/hadoop/hdfs/server/namenode/ha/proto/HAZKInfoProtos$ActiveNodeInfo$1
2024-11-12 13:42:43,820 INFO  EvoClassLoader - Keeping class: org.apache.hadoop.hdfs.server.namenode.ha.proto.HAZKInfoProtos$ActiveNodeInfo$1
2024-11-12 13:42:43,820 INFO  EvoClassLoader - Seeing class for first time: org.apache.hadoop.thirdparty.protobuf.DescriptorProtos$SourceCodeInfo$1
2024-11-12 13:42:43,820 INFO  EvoClassLoader - Instrumenting class 'org.apache.hadoop.thirdparty.protobuf.DescriptorProtos$SourceCodeInfo$1'.
2024-11-12 13:42:43,820 INFO  MethodCallReplacementClassAdapter - Adding mock interface to class org/apache/hadoop/thirdparty/protobuf/DescriptorProtos$SourceCodeInfo$1
2024-11-12 13:42:43,820 INFO  EvoClassLoader - Keeping class: org.apache.hadoop.thirdparty.protobuf.DescriptorProtos$SourceCodeInfo$1
2024-11-12 13:42:43,821 INFO  EvoClassLoader - Seeing class for first time: org.apache.hadoop.thirdparty.protobuf.DescriptorProtos
2024-11-12 13:42:43,821 INFO  EvoClassLoader - Instrumenting class 'org.apache.hadoop.thirdparty.protobuf.DescriptorProtos'.
2024-11-12 13:42:43,821 INFO  MethodCallReplacementClassAdapter - Adding mock interface to class org/apache/hadoop/thirdparty/protobuf/DescriptorProtos
2024-11-12 13:42:43,821 INFO  CreateClassResetClassAdapter - Found static initializer in class org/apache/hadoop/thirdparty/protobuf/DescriptorProtos
2024-11-12 13:42:43,822 INFO  EvoClassLoader - Keeping class: org.apache.hadoop.thirdparty.protobuf.DescriptorProtos
2024-11-12 13:42:43,822 INFO  EvoClassLoader - Seeing class for first time: org.apache.hadoop.thirdparty.protobuf.DescriptorProtos$DescriptorProto$ExtensionRange$Builder
2024-11-12 13:42:43,822 INFO  EvoClassLoader - Instrumenting class 'org.apache.hadoop.thirdparty.protobuf.DescriptorProtos$DescriptorProto$ExtensionRange$Builder'.
2024-11-12 13:42:43,823 INFO  MethodCallReplacementClassAdapter - Adding mock interface to class org/apache/hadoop/thirdparty/protobuf/DescriptorProtos$DescriptorProto$ExtensionRange$Builder
2024-11-12 13:42:43,823 INFO  CreateClassResetClassAdapter - Creating brand-new static initializer in class org/apache/hadoop/thirdparty/protobuf/DescriptorProtos$DescriptorProto$ExtensionRange$Builder
2024-11-12 13:42:43,824 INFO  EvoClassLoader - Keeping class: org.apache.hadoop.thirdparty.protobuf.DescriptorProtos$DescriptorProto$ExtensionRange$Builder
2024-11-12 13:42:43,824 INFO  EvoClassLoader - Seeing class for first time: org.apache.hadoop.thirdparty.protobuf.DescriptorProtos$ExtensionRangeOptions
2024-11-12 13:42:43,824 INFO  EvoClassLoader - Instrumenting class 'org.apache.hadoop.thirdparty.protobuf.DescriptorProtos$ExtensionRangeOptions'.
2024-11-12 13:42:43,824 INFO  MethodCallReplacementClassAdapter - Adding mock interface to class org/apache/hadoop/thirdparty/protobuf/DescriptorProtos$ExtensionRangeOptions
2024-11-12 13:42:43,825 INFO  CreateClassResetClassAdapter - Found static initializer in class org/apache/hadoop/thirdparty/protobuf/DescriptorProtos$ExtensionRangeOptions
2024-11-12 13:42:43,825 INFO  EvoClassLoader - Keeping class: org.apache.hadoop.thirdparty.protobuf.DescriptorProtos$ExtensionRangeOptions
2024-11-12 13:42:43,825 INFO  EvoClassLoader - Seeing class for first time: org.apache.hadoop.thirdparty.protobuf.DescriptorProtos$EnumDescriptorProto$Builder
2024-11-12 13:42:43,825 INFO  EvoClassLoader - Instrumenting class 'org.apache.hadoop.thirdparty.protobuf.DescriptorProtos$EnumDescriptorProto$Builder'.
2024-11-12 13:42:43,826 INFO  MethodCallReplacementClassAdapter - Adding mock interface to class org/apache/hadoop/thirdparty/protobuf/DescriptorProtos$EnumDescriptorProto$Builder
2024-11-12 13:42:43,828 INFO  CreateClassResetClassAdapter - Creating brand-new static initializer in class org/apache/hadoop/thirdparty/protobuf/DescriptorProtos$EnumDescriptorProto$Builder
2024-11-12 13:42:43,832 INFO  EvoClassLoader - Keeping class: org.apache.hadoop.thirdparty.protobuf.DescriptorProtos$EnumDescriptorProto$Builder
2024-11-12 13:42:43,832 INFO  EvoClassLoader - Seeing class for first time: org.apache.hadoop.thirdparty.protobuf.DescriptorProtos$EnumValueDescriptorProto
2024-11-12 13:42:43,832 INFO  EvoClassLoader - Instrumenting class 'org.apache.hadoop.thirdparty.protobuf.DescriptorProtos$EnumValueDescriptorProto'.
2024-11-12 13:42:43,833 INFO  MethodCallReplacementClassAdapter - Adding mock interface to class org/apache/hadoop/thirdparty/protobuf/DescriptorProtos$EnumValueDescriptorProto
2024-11-12 13:42:43,833 INFO  CreateClassResetClassAdapter - Found static initializer in class org/apache/hadoop/thirdparty/protobuf/DescriptorProtos$EnumValueDescriptorProto
2024-11-12 13:42:43,834 INFO  EvoClassLoader - Seeing class for first time: org.apache.hadoop.thirdparty.protobuf.DescriptorProtos$EnumValueDescriptorProtoOrBuilder
2024-11-12 13:42:43,834 INFO  EvoClassLoader - Instrumenting class 'org.apache.hadoop.thirdparty.protobuf.DescriptorProtos$EnumValueDescriptorProtoOrBuilder'.
2024-11-12 13:42:43,834 INFO  EvoClassLoader - Keeping class: org.apache.hadoop.thirdparty.protobuf.DescriptorProtos$EnumValueDescriptorProtoOrBuilder
2024-11-12 13:42:43,834 INFO  EvoClassLoader - Keeping class: org.apache.hadoop.thirdparty.protobuf.DescriptorProtos$EnumValueDescriptorProto
2024-11-12 13:42:43,834 INFO  EvoClassLoader - Seeing class for first time: org.apache.hadoop.thirdparty.protobuf.DescriptorProtos$EnumDescriptorProto$EnumReservedRange
2024-11-12 13:42:43,834 INFO  EvoClassLoader - Instrumenting class 'org.apache.hadoop.thirdparty.protobuf.DescriptorProtos$EnumDescriptorProto$EnumReservedRange'.
2024-11-12 13:42:43,834 INFO  MethodCallReplacementClassAdapter - Adding mock interface to class org/apache/hadoop/thirdparty/protobuf/DescriptorProtos$EnumDescriptorProto$EnumReservedRange
2024-11-12 13:42:43,835 INFO  CreateClassResetClassAdapter - Found static initializer in class org/apache/hadoop/thirdparty/protobuf/DescriptorProtos$EnumDescriptorProto$EnumReservedRange
2024-11-12 13:42:43,835 INFO  EvoClassLoader - Seeing class for first time: org.apache.hadoop.thirdparty.protobuf.DescriptorProtos$EnumDescriptorProto$EnumReservedRangeOrBuilder
2024-11-12 13:42:43,835 INFO  EvoClassLoader - Instrumenting class 'org.apache.hadoop.thirdparty.protobuf.DescriptorProtos$EnumDescriptorProto$EnumReservedRangeOrBuilder'.
2024-11-12 13:42:43,835 INFO  EvoClassLoader - Keeping class: org.apache.hadoop.thirdparty.protobuf.DescriptorProtos$EnumDescriptorProto$EnumReservedRangeOrBuilder
2024-11-12 13:42:43,835 INFO  EvoClassLoader - Keeping class: org.apache.hadoop.thirdparty.protobuf.DescriptorProtos$EnumDescriptorProto$EnumReservedRange
2024-11-12 13:42:43,835 INFO  EvoClassLoader - Seeing class for first time: org.apache.hadoop.thirdparty.protobuf.DescriptorProtos$EnumOptions
2024-11-12 13:42:43,835 INFO  EvoClassLoader - Instrumenting class 'org.apache.hadoop.thirdparty.protobuf.DescriptorProtos$EnumOptions'.
2024-11-12 13:42:43,835 INFO  MethodCallReplacementClassAdapter - Adding mock interface to class org/apache/hadoop/thirdparty/protobuf/DescriptorProtos$EnumOptions
2024-11-12 13:42:43,836 INFO  CreateClassResetClassAdapter - Found static initializer in class org/apache/hadoop/thirdparty/protobuf/DescriptorProtos$EnumOptions
2024-11-12 13:42:43,836 INFO  EvoClassLoader - Keeping class: org.apache.hadoop.thirdparty.protobuf.DescriptorProtos$EnumOptions
2024-11-12 13:42:43,837 INFO  EvoClassLoader - Seeing class for first time: org.apache.hadoop.thirdparty.protobuf.DescriptorProtos$EnumValueOptionsOrBuilder
2024-11-12 13:42:43,837 INFO  EvoClassLoader - Instrumenting class 'org.apache.hadoop.thirdparty.protobuf.DescriptorProtos$EnumValueOptionsOrBuilder'.
2024-11-12 13:42:43,837 INFO  EvoClassLoader - Keeping class: org.apache.hadoop.thirdparty.protobuf.DescriptorProtos$EnumValueOptionsOrBuilder
2024-11-12 13:42:43,837 INFO  EvoClassLoader - Seeing class for first time: org.apache.hadoop.thirdparty.protobuf.DescriptorProtos$EnumValueDescriptorProto$1
2024-11-12 13:42:43,837 INFO  EvoClassLoader - Instrumenting class 'org.apache.hadoop.thirdparty.protobuf.DescriptorProtos$EnumValueDescriptorProto$1'.
2024-11-12 13:42:43,837 INFO  MethodCallReplacementClassAdapter - Adding mock interface to class org/apache/hadoop/thirdparty/protobuf/DescriptorProtos$EnumValueDescriptorProto$1
2024-11-12 13:42:43,838 INFO  EvoClassLoader - Keeping class: org.apache.hadoop.thirdparty.protobuf.DescriptorProtos$EnumValueDescriptorProto$1
2024-11-12 13:42:43,838 INFO  EvoClassLoader - Seeing class for first time: org.apache.hadoop.thirdparty.protobuf.DescriptorProtos$EnumValueDescriptorProto$Builder
2024-11-12 13:42:43,838 INFO  EvoClassLoader - Instrumenting class 'org.apache.hadoop.thirdparty.protobuf.DescriptorProtos$EnumValueDescriptorProto$Builder'.
2024-11-12 13:42:43,838 INFO  MethodCallReplacementClassAdapter - Adding mock interface to class org/apache/hadoop/thirdparty/protobuf/DescriptorProtos$EnumValueDescriptorProto$Builder
2024-11-12 13:42:43,839 INFO  CreateClassResetClassAdapter - Creating brand-new static initializer in class org/apache/hadoop/thirdparty/protobuf/DescriptorProtos$EnumValueDescriptorProto$Builder
2024-11-12 13:42:43,839 INFO  EvoClassLoader - Keeping class: org.apache.hadoop.thirdparty.protobuf.DescriptorProtos$EnumValueDescriptorProto$Builder
2024-11-12 13:42:43,840 INFO  EvoClassLoader - Seeing class for first time: org.apache.hadoop.thirdparty.protobuf.DescriptorProtos$EnumValueOptions
2024-11-12 13:42:43,840 INFO  EvoClassLoader - Instrumenting class 'org.apache.hadoop.thirdparty.protobuf.DescriptorProtos$EnumValueOptions'.
2024-11-12 13:42:43,840 INFO  MethodCallReplacementClassAdapter - Adding mock interface to class org/apache/hadoop/thirdparty/protobuf/DescriptorProtos$EnumValueOptions
2024-11-12 13:42:43,841 INFO  CreateClassResetClassAdapter - Found static initializer in class org/apache/hadoop/thirdparty/protobuf/DescriptorProtos$EnumValueOptions
2024-11-12 13:42:43,842 INFO  EvoClassLoader - Keeping class: org.apache.hadoop.thirdparty.protobuf.DescriptorProtos$EnumValueOptions
2024-11-12 13:42:43,843 INFO  EvoClassLoader - Seeing class for first time: org.apache.hadoop.thirdparty.protobuf.DescriptorProtos$FieldOptions$Builder
2024-11-12 13:42:43,843 INFO  EvoClassLoader - Instrumenting class 'org.apache.hadoop.thirdparty.protobuf.DescriptorProtos$FieldOptions$Builder'.
2024-11-12 13:42:43,844 INFO  MethodCallReplacementClassAdapter - Adding mock interface to class org/apache/hadoop/thirdparty/protobuf/DescriptorProtos$FieldOptions$Builder
2024-11-12 13:42:43,846 INFO  CreateClassResetClassAdapter - Creating brand-new static initializer in class org/apache/hadoop/thirdparty/protobuf/DescriptorProtos$FieldOptions$Builder
2024-11-12 13:42:43,847 INFO  EvoClassLoader - Keeping class: org.apache.hadoop.thirdparty.protobuf.DescriptorProtos$FieldOptions$Builder
2024-11-12 13:42:43,848 INFO  EvoClassLoader - Seeing class for first time: org.apache.hadoop.thirdparty.protobuf.DescriptorProtos$DescriptorProto$ReservedRange$Builder
2024-11-12 13:42:43,848 INFO  EvoClassLoader - Instrumenting class 'org.apache.hadoop.thirdparty.protobuf.DescriptorProtos$DescriptorProto$ReservedRange$Builder'.
2024-11-12 13:42:43,848 INFO  MethodCallReplacementClassAdapter - Adding mock interface to class org/apache/hadoop/thirdparty/protobuf/DescriptorProtos$DescriptorProto$ReservedRange$Builder
2024-11-12 13:42:43,849 INFO  CreateClassResetClassAdapter - Creating brand-new static initializer in class org/apache/hadoop/thirdparty/protobuf/DescriptorProtos$DescriptorProto$ReservedRange$Builder
2024-11-12 13:42:43,849 INFO  EvoClassLoader - Keeping class: org.apache.hadoop.thirdparty.protobuf.DescriptorProtos$DescriptorProto$ReservedRange$Builder
2024-11-12 13:42:43,850 INFO  EvoClassLoader - Seeing class for first time: org.apache.hadoop.thirdparty.protobuf.DescriptorProtos$FileOptions$OptimizeMode
2024-11-12 13:42:43,850 INFO  EvoClassLoader - Instrumenting class 'org.apache.hadoop.thirdparty.protobuf.DescriptorProtos$FileOptions$OptimizeMode'.
2024-11-12 13:42:43,850 INFO  MethodCallReplacementClassAdapter - Adding mock interface to class org/apache/hadoop/thirdparty/protobuf/DescriptorProtos$FileOptions$OptimizeMode
2024-11-12 13:42:43,851 INFO  CreateClassResetClassAdapter - Found static initializer in class org/apache/hadoop/thirdparty/protobuf/DescriptorProtos$FileOptions$OptimizeMode
2024-11-12 13:42:43,851 INFO  EvoClassLoader - Keeping class: org.apache.hadoop.thirdparty.protobuf.DescriptorProtos$FileOptions$OptimizeMode
2024-11-12 13:42:43,851 INFO  EvoClassLoader - Seeing class for first time: org.apache.hadoop.thirdparty.protobuf.DescriptorProtos$FileOptions$OptimizeMode$1
2024-11-12 13:42:43,851 INFO  EvoClassLoader - Instrumenting class 'org.apache.hadoop.thirdparty.protobuf.DescriptorProtos$FileOptions$OptimizeMode$1'.
2024-11-12 13:42:43,852 INFO  MethodCallReplacementClassAdapter - Adding mock interface to class org/apache/hadoop/thirdparty/protobuf/DescriptorProtos$FileOptions$OptimizeMode$1
2024-11-12 13:42:43,852 INFO  EvoClassLoader - Keeping class: org.apache.hadoop.thirdparty.protobuf.DescriptorProtos$FileOptions$OptimizeMode$1
2024-11-12 13:42:43,854 INFO  EvoClassLoader - Seeing class for first time: org.apache.hadoop.thirdparty.protobuf.Descriptors$DescriptorPool$SearchFilter
2024-11-12 13:42:43,854 INFO  EvoClassLoader - Instrumenting class 'org.apache.hadoop.thirdparty.protobuf.Descriptors$DescriptorPool$SearchFilter'.
2024-11-12 13:42:43,854 INFO  MethodCallReplacementClassAdapter - Adding mock interface to class org/apache/hadoop/thirdparty/protobuf/Descriptors$DescriptorPool$SearchFilter
2024-11-12 13:42:43,854 INFO  CreateClassResetClassAdapter - Found static initializer in class org/apache/hadoop/thirdparty/protobuf/Descriptors$DescriptorPool$SearchFilter
2024-11-12 13:42:43,854 INFO  EvoClassLoader - Keeping class: org.apache.hadoop.thirdparty.protobuf.Descriptors$DescriptorPool$SearchFilter
2024-11-12 13:42:43,855 INFO  EvoClassLoader - Seeing class for first time: org.apache.hadoop.thirdparty.protobuf.Descriptors$MethodDescriptor
2024-11-12 13:42:43,855 INFO  EvoClassLoader - Instrumenting class 'org.apache.hadoop.thirdparty.protobuf.Descriptors$MethodDescriptor'.
2024-11-12 13:42:43,856 INFO  MethodCallReplacementClassAdapter - Adding mock interface to class org/apache/hadoop/thirdparty/protobuf/Descriptors$MethodDescriptor
2024-11-12 13:42:43,856 INFO  CreateClassResetClassAdapter - Creating brand-new static initializer in class org/apache/hadoop/thirdparty/protobuf/Descriptors$MethodDescriptor
2024-11-12 13:42:43,856 INFO  EvoClassLoader - Keeping class: org.apache.hadoop.thirdparty.protobuf.Descriptors$MethodDescriptor
2024-11-12 13:42:43,856 INFO  EvoClassLoader - Seeing class for first time: org.apache.hadoop.thirdparty.protobuf.Writer$FieldOrder
2024-11-12 13:42:43,856 INFO  EvoClassLoader - Instrumenting class 'org.apache.hadoop.thirdparty.protobuf.Writer$FieldOrder'.
2024-11-12 13:42:43,856 INFO  MethodCallReplacementClassAdapter - Adding mock interface to class org/apache/hadoop/thirdparty/protobuf/Writer$FieldOrder
2024-11-12 13:42:43,857 INFO  CreateClassResetClassAdapter - Found static initializer in class org/apache/hadoop/thirdparty/protobuf/Writer$FieldOrder
2024-11-12 13:42:43,857 INFO  EvoClassLoader - Keeping class: org.apache.hadoop.thirdparty.protobuf.Writer$FieldOrder
2024-11-12 13:42:43,857 INFO  EvoClassLoader - Seeing class for first time: org.apache.hadoop.thirdparty.protobuf.TypeRegistry$Builder
2024-11-12 13:42:43,857 INFO  EvoClassLoader - Instrumenting class 'org.apache.hadoop.thirdparty.protobuf.TypeRegistry$Builder'.
2024-11-12 13:42:43,857 INFO  MethodCallReplacementClassAdapter - Adding mock interface to class org/apache/hadoop/thirdparty/protobuf/TypeRegistry$Builder
2024-11-12 13:42:43,857 INFO  CreateClassResetClassAdapter - Creating brand-new static initializer in class org/apache/hadoop/thirdparty/protobuf/TypeRegistry$Builder
2024-11-12 13:42:43,858 INFO  EvoClassLoader - Keeping class: org.apache.hadoop.thirdparty.protobuf.TypeRegistry$Builder
2024-11-12 13:42:43,858 INFO  EvoClassLoader - Seeing class for first time: org.apache.hadoop.thirdparty.protobuf.MapEntry$Builder
2024-11-12 13:42:43,858 INFO  EvoClassLoader - Instrumenting class 'org.apache.hadoop.thirdparty.protobuf.MapEntry$Builder'.
2024-11-12 13:42:43,858 INFO  MethodCallReplacementClassAdapter - Adding mock interface to class org/apache/hadoop/thirdparty/protobuf/MapEntry$Builder
2024-11-12 13:42:43,859 INFO  CreateClassResetClassAdapter - Creating brand-new static initializer in class org/apache/hadoop/thirdparty/protobuf/MapEntry$Builder
2024-11-12 13:42:43,859 INFO  EvoClassLoader - Keeping class: org.apache.hadoop.thirdparty.protobuf.MapEntry$Builder
2024-11-12 13:42:43,860 INFO  EvoClassLoader - Seeing class for first time: org.apache.hadoop.thirdparty.protobuf.RepeatedFieldBuilderV3
2024-11-12 13:42:43,860 INFO  EvoClassLoader - Instrumenting class 'org.apache.hadoop.thirdparty.protobuf.RepeatedFieldBuilderV3'.
2024-11-12 13:42:43,860 INFO  MethodCallReplacementClassAdapter - Adding mock interface to class org/apache/hadoop/thirdparty/protobuf/RepeatedFieldBuilderV3
2024-11-12 13:42:43,860 INFO  CreateClassResetClassAdapter - Creating brand-new static initializer in class org/apache/hadoop/thirdparty/protobuf/RepeatedFieldBuilderV3
2024-11-12 13:42:43,860 INFO  EvoClassLoader - Keeping class: org.apache.hadoop.thirdparty.protobuf.RepeatedFieldBuilderV3
2024-11-12 13:42:43,861 INFO  EvoClassLoader - Seeing class for first time: org.apache.hadoop.thirdparty.protobuf.DescriptorProtos$OneofOptions
2024-11-12 13:42:43,861 INFO  EvoClassLoader - Instrumenting class 'org.apache.hadoop.thirdparty.protobuf.DescriptorProtos$OneofOptions'.
2024-11-12 13:42:43,861 INFO  MethodCallReplacementClassAdapter - Adding mock interface to class org/apache/hadoop/thirdparty/protobuf/DescriptorProtos$OneofOptions
2024-11-12 13:42:43,861 INFO  CreateClassResetClassAdapter - Found static initializer in class org/apache/hadoop/thirdparty/protobuf/DescriptorProtos$OneofOptions
2024-11-12 13:42:43,861 INFO  EvoClassLoader - Keeping class: org.apache.hadoop.thirdparty.protobuf.DescriptorProtos$OneofOptions
2024-11-12 13:42:43,862 INFO  EvoClassLoader - Seeing class for first time: org.apache.hadoop.thirdparty.protobuf.DescriptorProtos$OneofDescriptorProto$Builder
2024-11-12 13:42:43,862 INFO  EvoClassLoader - Instrumenting class 'org.apache.hadoop.thirdparty.protobuf.DescriptorProtos$OneofDescriptorProto$Builder'.
2024-11-12 13:42:43,862 INFO  MethodCallReplacementClassAdapter - Adding mock interface to class org/apache/hadoop/thirdparty/protobuf/DescriptorProtos$OneofDescriptorProto$Builder
2024-11-12 13:42:43,862 INFO  CreateClassResetClassAdapter - Creating brand-new static initializer in class org/apache/hadoop/thirdparty/protobuf/DescriptorProtos$OneofDescriptorProto$Builder
2024-11-12 13:42:43,863 INFO  EvoClassLoader - Keeping class: org.apache.hadoop.thirdparty.protobuf.DescriptorProtos$OneofDescriptorProto$Builder
2024-11-12 13:42:43,863 INFO  EvoClassLoader - Seeing class for first time: org.apache.hadoop.thirdparty.protobuf.DescriptorProtos$FieldOptions$CType
2024-11-12 13:42:43,863 INFO  EvoClassLoader - Instrumenting class 'org.apache.hadoop.thirdparty.protobuf.DescriptorProtos$FieldOptions$CType'.
2024-11-12 13:42:43,863 INFO  MethodCallReplacementClassAdapter - Adding mock interface to class org/apache/hadoop/thirdparty/protobuf/DescriptorProtos$FieldOptions$CType
2024-11-12 13:42:43,864 INFO  CreateClassResetClassAdapter - Found static initializer in class org/apache/hadoop/thirdparty/protobuf/DescriptorProtos$FieldOptions$CType
2024-11-12 13:42:43,864 INFO  EvoClassLoader - Keeping class: org.apache.hadoop.thirdparty.protobuf.DescriptorProtos$FieldOptions$CType
2024-11-12 13:42:43,864 INFO  EvoClassLoader - Seeing class for first time: org.apache.hadoop.thirdparty.protobuf.DescriptorProtos$FieldOptions$JSType
2024-11-12 13:42:43,864 INFO  EvoClassLoader - Instrumenting class 'org.apache.hadoop.thirdparty.protobuf.DescriptorProtos$FieldOptions$JSType'.
2024-11-12 13:42:43,864 INFO  MethodCallReplacementClassAdapter - Adding mock interface to class org/apache/hadoop/thirdparty/protobuf/DescriptorProtos$FieldOptions$JSType
2024-11-12 13:42:43,865 INFO  CreateClassResetClassAdapter - Found static initializer in class org/apache/hadoop/thirdparty/protobuf/DescriptorProtos$FieldOptions$JSType
2024-11-12 13:42:43,865 INFO  EvoClassLoader - Keeping class: org.apache.hadoop.thirdparty.protobuf.DescriptorProtos$FieldOptions$JSType
2024-11-12 13:42:43,866 INFO  EvoClassLoader - Seeing class for first time: org.apache.hadoop.thirdparty.protobuf.WireFormat$Utf8Validation
2024-11-12 13:42:43,866 INFO  EvoClassLoader - Instrumenting class 'org.apache.hadoop.thirdparty.protobuf.WireFormat$Utf8Validation'.
2024-11-12 13:42:43,866 INFO  MethodCallReplacementClassAdapter - Adding mock interface to class org/apache/hadoop/thirdparty/protobuf/WireFormat$Utf8Validation
2024-11-12 13:42:43,866 INFO  CreateClassResetClassAdapter - Found static initializer in class org/apache/hadoop/thirdparty/protobuf/WireFormat$Utf8Validation
2024-11-12 13:42:43,866 INFO  EvoClassLoader - Keeping class: org.apache.hadoop.thirdparty.protobuf.WireFormat$Utf8Validation
2024-11-12 13:42:43,866 INFO  EvoClassLoader - Seeing class for first time: org.apache.hadoop.thirdparty.protobuf.DescriptorProtos$ServiceOptions
2024-11-12 13:42:43,866 INFO  EvoClassLoader - Instrumenting class 'org.apache.hadoop.thirdparty.protobuf.DescriptorProtos$ServiceOptions'.
2024-11-12 13:42:43,867 INFO  MethodCallReplacementClassAdapter - Adding mock interface to class org/apache/hadoop/thirdparty/protobuf/DescriptorProtos$ServiceOptions
2024-11-12 13:42:43,867 INFO  CreateClassResetClassAdapter - Found static initializer in class org/apache/hadoop/thirdparty/protobuf/DescriptorProtos$ServiceOptions
2024-11-12 13:42:43,867 INFO  EvoClassLoader - Keeping class: org.apache.hadoop.thirdparty.protobuf.DescriptorProtos$ServiceOptions
2024-11-12 13:42:43,867 INFO  EvoClassLoader - Seeing class for first time: org.apache.hadoop.thirdparty.protobuf.DescriptorProtos$ServiceDescriptorProto$Builder
2024-11-12 13:42:43,867 INFO  EvoClassLoader - Instrumenting class 'org.apache.hadoop.thirdparty.protobuf.DescriptorProtos$ServiceDescriptorProto$Builder'.
2024-11-12 13:42:43,868 INFO  MethodCallReplacementClassAdapter - Adding mock interface to class org/apache/hadoop/thirdparty/protobuf/DescriptorProtos$ServiceDescriptorProto$Builder
2024-11-12 13:42:43,869 INFO  CreateClassResetClassAdapter - Creating brand-new static initializer in class org/apache/hadoop/thirdparty/protobuf/DescriptorProtos$ServiceDescriptorProto$Builder
2024-11-12 13:42:43,869 INFO  EvoClassLoader - Keeping class: org.apache.hadoop.thirdparty.protobuf.DescriptorProtos$ServiceDescriptorProto$Builder
2024-11-12 13:42:43,870 INFO  EvoClassLoader - Seeing class for first time: org.apache.hadoop.thirdparty.protobuf.DescriptorProtos$MethodDescriptorProtoOrBuilder
2024-11-12 13:42:43,870 INFO  EvoClassLoader - Instrumenting class 'org.apache.hadoop.thirdparty.protobuf.DescriptorProtos$MethodDescriptorProtoOrBuilder'.
2024-11-12 13:42:43,870 INFO  EvoClassLoader - Keeping class: org.apache.hadoop.thirdparty.protobuf.DescriptorProtos$MethodDescriptorProtoOrBuilder
2024-11-12 13:42:43,870 INFO  EvoClassLoader - Seeing class for first time: org.apache.hadoop.thirdparty.protobuf.DescriptorProtos$MethodDescriptorProto
2024-11-12 13:42:43,870 INFO  EvoClassLoader - Instrumenting class 'org.apache.hadoop.thirdparty.protobuf.DescriptorProtos$MethodDescriptorProto'.
2024-11-12 13:42:43,870 INFO  MethodCallReplacementClassAdapter - Adding mock interface to class org/apache/hadoop/thirdparty/protobuf/DescriptorProtos$MethodDescriptorProto
2024-11-12 13:42:43,871 INFO  CreateClassResetClassAdapter - Found static initializer in class org/apache/hadoop/thirdparty/protobuf/DescriptorProtos$MethodDescriptorProto
2024-11-12 13:42:43,871 INFO  EvoClassLoader - Keeping class: org.apache.hadoop.thirdparty.protobuf.DescriptorProtos$MethodDescriptorProto
2024-11-12 13:42:43,872 INFO  EvoClassLoader - Seeing class for first time: org.apache.hadoop.thirdparty.protobuf.DescriptorProtos$UninterpretedOption$Builder
2024-11-12 13:42:43,872 INFO  EvoClassLoader - Instrumenting class 'org.apache.hadoop.thirdparty.protobuf.DescriptorProtos$UninterpretedOption$Builder'.
2024-11-12 13:42:43,872 INFO  MethodCallReplacementClassAdapter - Adding mock interface to class org/apache/hadoop/thirdparty/protobuf/DescriptorProtos$UninterpretedOption$Builder
2024-11-12 13:42:43,874 INFO  CreateClassResetClassAdapter - Creating brand-new static initializer in class org/apache/hadoop/thirdparty/protobuf/DescriptorProtos$UninterpretedOption$Builder
2024-11-12 13:42:43,874 INFO  EvoClassLoader - Keeping class: org.apache.hadoop.thirdparty.protobuf.DescriptorProtos$UninterpretedOption$Builder
2024-11-12 13:42:43,874 INFO  EvoClassLoader - Seeing class for first time: org.apache.hadoop.thirdparty.protobuf.MapField$MutabilityAwareMap
2024-11-12 13:42:43,874 INFO  EvoClassLoader - Instrumenting class 'org.apache.hadoop.thirdparty.protobuf.MapField$MutabilityAwareMap'.
2024-11-12 13:42:43,875 INFO  MethodCallReplacementClassAdapter - Adding mock interface to class org/apache/hadoop/thirdparty/protobuf/MapField$MutabilityAwareMap
2024-11-12 13:42:43,875 INFO  CreateClassResetClassAdapter - Creating brand-new static initializer in class org/apache/hadoop/thirdparty/protobuf/MapField$MutabilityAwareMap
2024-11-12 13:42:43,875 INFO  EvoClassLoader - Keeping class: org.apache.hadoop.thirdparty.protobuf.MapField$MutabilityAwareMap
2024-11-12 13:42:43,875 INFO  EvoClassLoader - Seeing class for first time: org.apache.hadoop.thirdparty.protobuf.DescriptorProtos$MessageOptions$Builder
2024-11-12 13:42:43,875 INFO  EvoClassLoader - Instrumenting class 'org.apache.hadoop.thirdparty.protobuf.DescriptorProtos$MessageOptions$Builder'.
2024-11-12 13:42:43,876 INFO  MethodCallReplacementClassAdapter - Adding mock interface to class org/apache/hadoop/thirdparty/protobuf/DescriptorProtos$MessageOptions$Builder
2024-11-12 13:42:43,877 INFO  CreateClassResetClassAdapter - Creating brand-new static initializer in class org/apache/hadoop/thirdparty/protobuf/DescriptorProtos$MessageOptions$Builder
2024-11-12 13:42:43,877 INFO  EvoClassLoader - Keeping class: org.apache.hadoop.thirdparty.protobuf.DescriptorProtos$MessageOptions$Builder
2024-11-12 13:42:43,877 INFO  EvoClassLoader - Seeing class for first time: org.apache.hadoop.thirdparty.protobuf.TextFormatParseInfoTree$Builder
2024-11-12 13:42:43,877 INFO  EvoClassLoader - Instrumenting class 'org.apache.hadoop.thirdparty.protobuf.TextFormatParseInfoTree$Builder'.
2024-11-12 13:42:43,878 INFO  MethodCallReplacementClassAdapter - Adding mock interface to class org/apache/hadoop/thirdparty/protobuf/TextFormatParseInfoTree$Builder
2024-11-12 13:42:43,878 INFO  CreateClassResetClassAdapter - Creating brand-new static initializer in class org/apache/hadoop/thirdparty/protobuf/TextFormatParseInfoTree$Builder
2024-11-12 13:42:43,878 INFO  EvoClassLoader - Keeping class: org.apache.hadoop.thirdparty.protobuf.TextFormatParseInfoTree$Builder
2024-11-12 13:42:43,878 INFO  EvoClassLoader - Seeing class for first time: org.apache.hadoop.thirdparty.protobuf.DescriptorProtos$UninterpretedOption$NamePartOrBuilder
2024-11-12 13:42:43,878 INFO  EvoClassLoader - Instrumenting class 'org.apache.hadoop.thirdparty.protobuf.DescriptorProtos$UninterpretedOption$NamePartOrBuilder'.
2024-11-12 13:42:43,878 INFO  EvoClassLoader - Keeping class: org.apache.hadoop.thirdparty.protobuf.DescriptorProtos$UninterpretedOption$NamePartOrBuilder
2024-11-12 13:42:43,878 INFO  EvoClassLoader - Seeing class for first time: org.apache.hadoop.thirdparty.protobuf.DescriptorProtos$UninterpretedOption$NamePart
2024-11-12 13:42:43,878 INFO  EvoClassLoader - Instrumenting class 'org.apache.hadoop.thirdparty.protobuf.DescriptorProtos$UninterpretedOption$NamePart'.
2024-11-12 13:42:43,878 INFO  MethodCallReplacementClassAdapter - Adding mock interface to class org/apache/hadoop/thirdparty/protobuf/DescriptorProtos$UninterpretedOption$NamePart
2024-11-12 13:42:43,879 INFO  CreateClassResetClassAdapter - Found static initializer in class org/apache/hadoop/thirdparty/protobuf/DescriptorProtos$UninterpretedOption$NamePart
2024-11-12 13:42:43,879 INFO  EvoClassLoader - Keeping class: org.apache.hadoop.thirdparty.protobuf.DescriptorProtos$UninterpretedOption$NamePart
2024-11-12 13:42:43,879 INFO  EvoClassLoader - Seeing class for first time: org.apache.hadoop.thirdparty.protobuf.ArrayDecoders$Registers
2024-11-12 13:42:43,879 INFO  EvoClassLoader - Instrumenting class 'org.apache.hadoop.thirdparty.protobuf.ArrayDecoders$Registers'.
2024-11-12 13:42:43,879 INFO  MethodCallReplacementClassAdapter - Adding mock interface to class org/apache/hadoop/thirdparty/protobuf/ArrayDecoders$Registers
2024-11-12 13:42:43,880 INFO  CreateClassResetClassAdapter - Creating brand-new static initializer in class org/apache/hadoop/thirdparty/protobuf/ArrayDecoders$Registers
2024-11-12 13:42:43,880 INFO  EvoClassLoader - Keeping class: org.apache.hadoop.thirdparty.protobuf.ArrayDecoders$Registers
2024-11-12 13:42:43,880 INFO  EvoClassLoader - Seeing class for first time: org.apache.hadoop.thirdparty.protobuf.MessageReflection$MergeTarget$ContainerType
2024-11-12 13:42:43,880 INFO  EvoClassLoader - Instrumenting class 'org.apache.hadoop.thirdparty.protobuf.MessageReflection$MergeTarget$ContainerType'.
2024-11-12 13:42:43,880 INFO  MethodCallReplacementClassAdapter - Adding mock interface to class org/apache/hadoop/thirdparty/protobuf/MessageReflection$MergeTarget$ContainerType
2024-11-12 13:42:43,880 INFO  CreateClassResetClassAdapter - Found static initializer in class org/apache/hadoop/thirdparty/protobuf/MessageReflection$MergeTarget$ContainerType
2024-11-12 13:42:43,880 INFO  EvoClassLoader - Keeping class: org.apache.hadoop.thirdparty.protobuf.MessageReflection$MergeTarget$ContainerType
2024-11-12 13:42:43,880 INFO  EvoClassLoader - Seeing class for first time: org.apache.hadoop.thirdparty.protobuf.TextFormat$Tokenizer
2024-11-12 13:42:43,880 INFO  EvoClassLoader - Instrumenting class 'org.apache.hadoop.thirdparty.protobuf.TextFormat$Tokenizer'.
2024-11-12 13:42:43,881 INFO  MethodCallReplacementClassAdapter - Adding mock interface to class org/apache/hadoop/thirdparty/protobuf/TextFormat$Tokenizer
2024-11-12 13:42:43,881 INFO  CreateClassResetClassAdapter - Found static initializer in class org/apache/hadoop/thirdparty/protobuf/TextFormat$Tokenizer
2024-11-12 13:42:43,881 INFO  EvoClassLoader - Keeping class: org.apache.hadoop.thirdparty.protobuf.TextFormat$Tokenizer
2024-11-12 13:42:43,883 INFO  EvoClassLoader - Seeing class for first time: org.apache.hadoop.thirdparty.protobuf.DescriptorProtos$GeneratedCodeInfo$AnnotationOrBuilder
2024-11-12 13:42:43,883 INFO  EvoClassLoader - Instrumenting class 'org.apache.hadoop.thirdparty.protobuf.DescriptorProtos$GeneratedCodeInfo$AnnotationOrBuilder'.
2024-11-12 13:42:43,883 INFO  EvoClassLoader - Keeping class: org.apache.hadoop.thirdparty.protobuf.DescriptorProtos$GeneratedCodeInfo$AnnotationOrBuilder
2024-11-12 13:42:43,883 INFO  EvoClassLoader - Seeing class for first time: org.apache.hadoop.thirdparty.protobuf.DescriptorProtos$GeneratedCodeInfo$Annotation
2024-11-12 13:42:43,883 INFO  EvoClassLoader - Instrumenting class 'org.apache.hadoop.thirdparty.protobuf.DescriptorProtos$GeneratedCodeInfo$Annotation'.
2024-11-12 13:42:43,884 INFO  MethodCallReplacementClassAdapter - Adding mock interface to class org/apache/hadoop/thirdparty/protobuf/DescriptorProtos$GeneratedCodeInfo$Annotation
2024-11-12 13:42:43,884 INFO  CreateClassResetClassAdapter - Found static initializer in class org/apache/hadoop/thirdparty/protobuf/DescriptorProtos$GeneratedCodeInfo$Annotation
2024-11-12 13:42:43,885 INFO  EvoClassLoader - Keeping class: org.apache.hadoop.thirdparty.protobuf.DescriptorProtos$GeneratedCodeInfo$Annotation
2024-11-12 13:42:43,885 INFO  EvoClassLoader - Seeing class for first time: org.apache.hadoop.thirdparty.protobuf.DescriptorProtos$GeneratedCodeInfo$Builder
2024-11-12 13:42:43,885 INFO  EvoClassLoader - Instrumenting class 'org.apache.hadoop.thirdparty.protobuf.DescriptorProtos$GeneratedCodeInfo$Builder'.
2024-11-12 13:42:43,886 INFO  MethodCallReplacementClassAdapter - Adding mock interface to class org/apache/hadoop/thirdparty/protobuf/DescriptorProtos$GeneratedCodeInfo$Builder
2024-11-12 13:42:43,887 INFO  CreateClassResetClassAdapter - Creating brand-new static initializer in class org/apache/hadoop/thirdparty/protobuf/DescriptorProtos$GeneratedCodeInfo$Builder
2024-11-12 13:42:43,887 INFO  EvoClassLoader - Keeping class: org.apache.hadoop.thirdparty.protobuf.DescriptorProtos$GeneratedCodeInfo$Builder
2024-11-12 13:42:43,888 INFO  EvoClassLoader - Seeing class for first time: org.apache.hadoop.thirdparty.protobuf.GeneratedMessageV3$ExtendableMessage$ExtensionWriter
2024-11-12 13:42:43,888 INFO  EvoClassLoader - Instrumenting class 'org.apache.hadoop.thirdparty.protobuf.GeneratedMessageV3$ExtendableMessage$ExtensionWriter'.
2024-11-12 13:42:43,888 INFO  MethodCallReplacementClassAdapter - Adding mock interface to class org/apache/hadoop/thirdparty/protobuf/GeneratedMessageV3$ExtendableMessage$ExtensionWriter
2024-11-12 13:42:43,888 INFO  CreateClassResetClassAdapter - Creating brand-new static initializer in class org/apache/hadoop/thirdparty/protobuf/GeneratedMessageV3$ExtendableMessage$ExtensionWriter
2024-11-12 13:42:43,889 INFO  EvoClassLoader - Keeping class: org.apache.hadoop.thirdparty.protobuf.GeneratedMessageV3$ExtendableMessage$ExtensionWriter
2024-11-12 13:42:43,889 INFO  EvoClassLoader - Seeing class for first time: org.apache.hadoop.thirdparty.protobuf.Extension$MessageType
2024-11-12 13:42:43,889 INFO  EvoClassLoader - Instrumenting class 'org.apache.hadoop.thirdparty.protobuf.Extension$MessageType'.
2024-11-12 13:42:43,889 INFO  MethodCallReplacementClassAdapter - Adding mock interface to class org/apache/hadoop/thirdparty/protobuf/Extension$MessageType
2024-11-12 13:42:43,889 INFO  CreateClassResetClassAdapter - Found static initializer in class org/apache/hadoop/thirdparty/protobuf/Extension$MessageType
2024-11-12 13:42:43,889 INFO  EvoClassLoader - Keeping class: org.apache.hadoop.thirdparty.protobuf.Extension$MessageType
2024-11-12 13:42:43,890 INFO  EvoClassLoader - Seeing class for first time: org.apache.hadoop.thirdparty.protobuf.FieldSet$Builder
2024-11-12 13:42:43,890 INFO  EvoClassLoader - Instrumenting class 'org.apache.hadoop.thirdparty.protobuf.FieldSet$Builder'.
2024-11-12 13:42:43,890 INFO  MethodCallReplacementClassAdapter - Adding mock interface to class org/apache/hadoop/thirdparty/protobuf/FieldSet$Builder
2024-11-12 13:42:43,893 INFO  CreateClassResetClassAdapter - Creating brand-new static initializer in class org/apache/hadoop/thirdparty/protobuf/FieldSet$Builder
2024-11-12 13:42:43,894 INFO  EvoClassLoader - Keeping class: org.apache.hadoop.thirdparty.protobuf.FieldSet$Builder
2024-11-12 13:42:43,894 INFO  EvoClassLoader - Seeing class for first time: org.apache.hadoop.thirdparty.protobuf.DescriptorProtos$MethodOptions
2024-11-12 13:42:43,894 INFO  EvoClassLoader - Instrumenting class 'org.apache.hadoop.thirdparty.protobuf.DescriptorProtos$MethodOptions'.
2024-11-12 13:42:43,895 INFO  MethodCallReplacementClassAdapter - Adding mock interface to class org/apache/hadoop/thirdparty/protobuf/DescriptorProtos$MethodOptions
2024-11-12 13:42:43,895 INFO  CreateClassResetClassAdapter - Found static initializer in class org/apache/hadoop/thirdparty/protobuf/DescriptorProtos$MethodOptions
2024-11-12 13:42:43,896 INFO  EvoClassLoader - Seeing class for first time: org.apache.hadoop.thirdparty.protobuf.DescriptorProtos$MethodOptionsOrBuilder
2024-11-12 13:42:43,896 INFO  EvoClassLoader - Instrumenting class 'org.apache.hadoop.thirdparty.protobuf.DescriptorProtos$MethodOptionsOrBuilder'.
2024-11-12 13:42:43,896 INFO  EvoClassLoader - Keeping class: org.apache.hadoop.thirdparty.protobuf.DescriptorProtos$MethodOptionsOrBuilder
2024-11-12 13:42:43,896 INFO  EvoClassLoader - Keeping class: org.apache.hadoop.thirdparty.protobuf.DescriptorProtos$MethodOptions
2024-11-12 13:42:43,903 INFO  EvoClassLoader - Seeing class for first time: libcore.io.Memory
2024-11-12 13:42:43,903 INFO  EvoClassLoader - Instrumenting class 'libcore.io.Memory'.
2024-11-12 13:42:43,904 INFO  EvoClassLoader - Error while loading class: java.lang.ClassNotFoundException: Class 'libcore/io/Memory.class' should be in target project, but could not be found!
2024-11-12 13:42:43,904 INFO  EvoClassLoader - Seeing class for first time: org.robolectric.Robolectric
2024-11-12 13:42:43,904 INFO  EvoClassLoader - Instrumenting class 'org.robolectric.Robolectric'.
2024-11-12 13:42:43,904 INFO  EvoClassLoader - Error while loading class: java.lang.ClassNotFoundException: Class 'org/robolectric/Robolectric.class' should be in target project, but could not be found!
2024-11-12 13:42:43,904 INFO  EvoClassLoader - Seeing class for first time: org.apache.hadoop.thirdparty.protobuf.ByteString$AbstractByteIterator
2024-11-12 13:42:43,904 INFO  EvoClassLoader - Instrumenting class 'org.apache.hadoop.thirdparty.protobuf.ByteString$AbstractByteIterator'.
2024-11-12 13:42:43,904 INFO  MethodCallReplacementClassAdapter - Adding mock interface to class org/apache/hadoop/thirdparty/protobuf/ByteString$AbstractByteIterator
2024-11-12 13:42:43,905 INFO  CreateClassResetClassAdapter - Creating brand-new static initializer in class org/apache/hadoop/thirdparty/protobuf/ByteString$AbstractByteIterator
2024-11-12 13:42:43,905 INFO  EvoClassLoader - Keeping class: org.apache.hadoop.thirdparty.protobuf.ByteString$AbstractByteIterator
2024-11-12 13:42:43,905 INFO  EvoClassLoader - Seeing class for first time: org.apache.hadoop.thirdparty.protobuf.Utf8$DecodeUtil
2024-11-12 13:42:43,905 INFO  EvoClassLoader - Instrumenting class 'org.apache.hadoop.thirdparty.protobuf.Utf8$DecodeUtil'.
2024-11-12 13:42:43,906 INFO  MethodCallReplacementClassAdapter - Adding mock interface to class org/apache/hadoop/thirdparty/protobuf/Utf8$DecodeUtil
2024-11-12 13:42:43,906 INFO  CreateClassResetClassAdapter - Creating brand-new static initializer in class org/apache/hadoop/thirdparty/protobuf/Utf8$DecodeUtil
2024-11-12 13:42:43,906 INFO  EvoClassLoader - Keeping class: org.apache.hadoop.thirdparty.protobuf.Utf8$DecodeUtil
2024-11-12 13:42:43,907 INFO  EvoClassLoader - Seeing class for first time: net.bytebuddy.build.HashCodeAndEqualsPlugin$Enhance$InvokeSuper
2024-11-12 13:42:43,907 INFO  EvoClassLoader - Instrumenting class 'net.bytebuddy.build.HashCodeAndEqualsPlugin$Enhance$InvokeSuper'.
2024-11-12 13:42:43,907 INFO  MethodCallReplacementClassAdapter - Adding mock interface to class net/bytebuddy/build/HashCodeAndEqualsPlugin$Enhance$InvokeSuper
2024-11-12 13:42:43,907 INFO  CreateClassResetClassAdapter - Found static initializer in class net/bytebuddy/build/HashCodeAndEqualsPlugin$Enhance$InvokeSuper
2024-11-12 13:42:43,907 INFO  EvoClassLoader - Defined package (3): package net.bytebuddy.build, -1091202835
2024-11-12 13:42:43,907 INFO  EvoClassLoader - Keeping class: net.bytebuddy.build.HashCodeAndEqualsPlugin$Enhance$InvokeSuper
2024-11-12 13:42:43,907 INFO  EvoClassLoader - Seeing class for first time: net.bytebuddy.build.HashCodeAndEqualsPlugin$Enhance
2024-11-12 13:42:43,907 INFO  EvoClassLoader - Instrumenting class 'net.bytebuddy.build.HashCodeAndEqualsPlugin$Enhance'.
2024-11-12 13:42:43,907 INFO  EvoClassLoader - Keeping class: net.bytebuddy.build.HashCodeAndEqualsPlugin$Enhance
2024-11-12 13:42:43,907 INFO  EvoClassLoader - Seeing class for first time: net.bytebuddy.build.HashCodeAndEqualsPlugin
2024-11-12 13:42:43,907 INFO  EvoClassLoader - Instrumenting class 'net.bytebuddy.build.HashCodeAndEqualsPlugin'.
2024-11-12 13:42:43,908 INFO  MethodCallReplacementClassAdapter - Adding mock interface to class net/bytebuddy/build/HashCodeAndEqualsPlugin
2024-11-12 13:42:43,909 INFO  CreateClassResetClassAdapter - Creating brand-new static initializer in class net/bytebuddy/build/HashCodeAndEqualsPlugin
2024-11-12 13:42:43,909 INFO  EvoClassLoader - Seeing class for first time: net.bytebuddy.build.Plugin
2024-11-12 13:42:43,909 INFO  EvoClassLoader - Instrumenting class 'net.bytebuddy.build.Plugin'.
2024-11-12 13:42:43,909 INFO  EvoClassLoader - Seeing class for first time: net.bytebuddy.matcher.ElementMatcher
2024-11-12 13:42:43,909 INFO  EvoClassLoader - Instrumenting class 'net.bytebuddy.matcher.ElementMatcher'.
2024-11-12 13:42:43,909 INFO  EvoClassLoader - Defined package (3): package net.bytebuddy.matcher, -63983631
2024-11-12 13:42:43,909 INFO  EvoClassLoader - Keeping class: net.bytebuddy.matcher.ElementMatcher
2024-11-12 13:42:43,910 INFO  EvoClassLoader - Keeping class: net.bytebuddy.build.Plugin
2024-11-12 13:42:43,910 INFO  EvoClassLoader - Seeing class for first time: net.bytebuddy.build.Plugin$Factory
2024-11-12 13:42:43,910 INFO  EvoClassLoader - Instrumenting class 'net.bytebuddy.build.Plugin$Factory'.
2024-11-12 13:42:43,910 INFO  EvoClassLoader - Keeping class: net.bytebuddy.build.Plugin$Factory
2024-11-12 13:42:43,910 INFO  EvoClassLoader - Keeping class: net.bytebuddy.build.HashCodeAndEqualsPlugin
2024-11-12 13:42:43,910 INFO  EvoClassLoader - Seeing class for first time: net.bytebuddy.build.HashCodeAndEqualsPlugin$Enhance$InvokeSuper$1
2024-11-12 13:42:43,910 INFO  EvoClassLoader - Instrumenting class 'net.bytebuddy.build.HashCodeAndEqualsPlugin$Enhance$InvokeSuper$1'.
2024-11-12 13:42:43,910 INFO  MethodCallReplacementClassAdapter - Adding mock interface to class net/bytebuddy/build/HashCodeAndEqualsPlugin$Enhance$InvokeSuper$1
2024-11-12 13:42:43,915 INFO  EvoClassLoader - Keeping class: net.bytebuddy.build.HashCodeAndEqualsPlugin$Enhance$InvokeSuper$1
2024-11-12 13:42:43,915 INFO  EvoClassLoader - Seeing class for first time: net.bytebuddy.build.HashCodeAndEqualsPlugin$Enhance$InvokeSuper$2
2024-11-12 13:42:43,915 INFO  EvoClassLoader - Instrumenting class 'net.bytebuddy.build.HashCodeAndEqualsPlugin$Enhance$InvokeSuper$2'.
2024-11-12 13:42:43,915 INFO  MethodCallReplacementClassAdapter - Adding mock interface to class net/bytebuddy/build/HashCodeAndEqualsPlugin$Enhance$InvokeSuper$2
2024-11-12 13:42:43,915 INFO  EvoClassLoader - Keeping class: net.bytebuddy.build.HashCodeAndEqualsPlugin$Enhance$InvokeSuper$2
2024-11-12 13:42:43,915 INFO  EvoClassLoader - Seeing class for first time: net.bytebuddy.build.HashCodeAndEqualsPlugin$Enhance$InvokeSuper$3
2024-11-12 13:42:43,915 INFO  EvoClassLoader - Instrumenting class 'net.bytebuddy.build.HashCodeAndEqualsPlugin$Enhance$InvokeSuper$3'.
2024-11-12 13:42:43,915 INFO  MethodCallReplacementClassAdapter - Adding mock interface to class net/bytebuddy/build/HashCodeAndEqualsPlugin$Enhance$InvokeSuper$3
2024-11-12 13:42:43,916 INFO  EvoClassLoader - Keeping class: net.bytebuddy.build.HashCodeAndEqualsPlugin$Enhance$InvokeSuper$3
2024-11-12 13:42:43,916 INFO  EvoClassLoader - Seeing class for first time: net.bytebuddy.build.HashCodeAndEqualsPlugin$Enhance$InvokeSuper$4
2024-11-12 13:42:43,916 INFO  EvoClassLoader - Instrumenting class 'net.bytebuddy.build.HashCodeAndEqualsPlugin$Enhance$InvokeSuper$4'.
2024-11-12 13:42:43,916 INFO  MethodCallReplacementClassAdapter - Adding mock interface to class net/bytebuddy/build/HashCodeAndEqualsPlugin$Enhance$InvokeSuper$4
2024-11-12 13:42:43,916 INFO  EvoClassLoader - Keeping class: net.bytebuddy.build.HashCodeAndEqualsPlugin$Enhance$InvokeSuper$4
2024-11-12 13:42:43,916 INFO  EvoClassLoader - Seeing class for first time: net.bytebuddy.description.type.TypeDescription
2024-11-12 13:42:43,916 INFO  EvoClassLoader - Instrumenting class 'net.bytebuddy.description.type.TypeDescription'.
2024-11-12 13:42:43,916 INFO  EvoClassLoader - Defined package (3): package net.bytebuddy.description.type, 1043161613
2024-11-12 13:42:43,917 INFO  EvoClassLoader - Seeing class for first time: net.bytebuddy.description.type.TypeDefinition
2024-11-12 13:42:43,917 INFO  EvoClassLoader - Instrumenting class 'net.bytebuddy.description.type.TypeDefinition'.
2024-11-12 13:42:43,917 INFO  EvoClassLoader - Seeing class for first time: net.bytebuddy.description.NamedElement
2024-11-12 13:42:43,917 INFO  EvoClassLoader - Instrumenting class 'net.bytebuddy.description.NamedElement'.
2024-11-12 13:42:43,917 INFO  EvoClassLoader - Defined package (3): package net.bytebuddy.description, 348599099
2024-11-12 13:42:43,917 INFO  EvoClassLoader - Keeping class: net.bytebuddy.description.NamedElement
2024-11-12 13:42:43,917 INFO  EvoClassLoader - Seeing class for first time: net.bytebuddy.description.ModifierReviewable$ForTypeDefinition
2024-11-12 13:42:43,917 INFO  EvoClassLoader - Instrumenting class 'net.bytebuddy.description.ModifierReviewable$ForTypeDefinition'.
2024-11-12 13:42:43,917 INFO  EvoClassLoader - Seeing class for first time: net.bytebuddy.description.ModifierReviewable$OfAbstraction
2024-11-12 13:42:43,917 INFO  EvoClassLoader - Instrumenting class 'net.bytebuddy.description.ModifierReviewable$OfAbstraction'.
2024-11-12 13:42:43,917 INFO  EvoClassLoader - Seeing class for first time: net.bytebuddy.description.ModifierReviewable$OfByteCodeElement
2024-11-12 13:42:43,917 INFO  EvoClassLoader - Instrumenting class 'net.bytebuddy.description.ModifierReviewable$OfByteCodeElement'.
2024-11-12 13:42:43,918 INFO  EvoClassLoader - Seeing class for first time: net.bytebuddy.description.ModifierReviewable
2024-11-12 13:42:43,918 INFO  EvoClassLoader - Instrumenting class 'net.bytebuddy.description.ModifierReviewable'.
2024-11-12 13:42:43,918 INFO  EvoClassLoader - Keeping class: net.bytebuddy.description.ModifierReviewable
2024-11-12 13:42:43,918 INFO  EvoClassLoader - Keeping class: net.bytebuddy.description.ModifierReviewable$OfByteCodeElement
2024-11-12 13:42:43,918 INFO  EvoClassLoader - Keeping class: net.bytebuddy.description.ModifierReviewable$OfAbstraction
2024-11-12 13:42:43,918 INFO  EvoClassLoader - Seeing class for first time: net.bytebuddy.description.ModifierReviewable$OfEnumeration
2024-11-12 13:42:43,918 INFO  EvoClassLoader - Instrumenting class 'net.bytebuddy.description.ModifierReviewable$OfEnumeration'.
2024-11-12 13:42:43,918 INFO  EvoClassLoader - Keeping class: net.bytebuddy.description.ModifierReviewable$OfEnumeration
2024-11-12 13:42:43,918 INFO  EvoClassLoader - Keeping class: net.bytebuddy.description.ModifierReviewable$ForTypeDefinition
2024-11-12 13:42:43,918 INFO  EvoClassLoader - Keeping class: net.bytebuddy.description.type.TypeDefinition
2024-11-12 13:42:43,918 INFO  EvoClassLoader - Seeing class for first time: net.bytebuddy.description.ByteCodeElement
2024-11-12 13:42:43,918 INFO  EvoClassLoader - Instrumenting class 'net.bytebuddy.description.ByteCodeElement'.
2024-11-12 13:42:43,918 INFO  EvoClassLoader - Seeing class for first time: net.bytebuddy.description.NamedElement$WithRuntimeName
2024-11-12 13:42:43,918 INFO  EvoClassLoader - Instrumenting class 'net.bytebuddy.description.NamedElement$WithRuntimeName'.
2024-11-12 13:42:43,918 INFO  EvoClassLoader - Keeping class: net.bytebuddy.description.NamedElement$WithRuntimeName
2024-11-12 13:42:43,918 INFO  EvoClassLoader - Seeing class for first time: net.bytebuddy.description.DeclaredByType
2024-11-12 13:42:43,918 INFO  EvoClassLoader - Instrumenting class 'net.bytebuddy.description.DeclaredByType'.
2024-11-12 13:42:43,919 INFO  EvoClassLoader - Keeping class: net.bytebuddy.description.DeclaredByType
2024-11-12 13:42:43,919 INFO  EvoClassLoader - Seeing class for first time: net.bytebuddy.description.annotation.AnnotationSource
2024-11-12 13:42:43,919 INFO  EvoClassLoader - Instrumenting class 'net.bytebuddy.description.annotation.AnnotationSource'.
2024-11-12 13:42:43,919 INFO  EvoClassLoader - Defined package (3): package net.bytebuddy.description.annotation, -2027678782
2024-11-12 13:42:43,919 INFO  EvoClassLoader - Keeping class: net.bytebuddy.description.annotation.AnnotationSource
2024-11-12 13:42:43,919 INFO  EvoClassLoader - Keeping class: net.bytebuddy.description.ByteCodeElement
2024-11-12 13:42:43,919 INFO  EvoClassLoader - Seeing class for first time: net.bytebuddy.description.TypeVariableSource
2024-11-12 13:42:43,919 INFO  EvoClassLoader - Instrumenting class 'net.bytebuddy.description.TypeVariableSource'.
2024-11-12 13:42:43,919 INFO  EvoClassLoader - Keeping class: net.bytebuddy.description.TypeVariableSource
2024-11-12 13:42:43,920 INFO  EvoClassLoader - Keeping class: net.bytebuddy.description.type.TypeDescription
2024-11-12 13:42:43,920 INFO  EvoClassLoader - Seeing class for first time: net.bytebuddy.implementation.HashCodeMethod
2024-11-12 13:42:43,920 INFO  EvoClassLoader - Instrumenting class 'net.bytebuddy.implementation.HashCodeMethod'.
2024-11-12 13:42:43,920 INFO  MethodCallReplacementClassAdapter - Adding mock interface to class net/bytebuddy/implementation/HashCodeMethod
2024-11-12 13:42:43,921 INFO  CreateClassResetClassAdapter - Found static initializer in class net/bytebuddy/implementation/HashCodeMethod
2024-11-12 13:42:43,921 INFO  EvoClassLoader - Defined package (3): package net.bytebuddy.implementation, 1120813075
2024-11-12 13:42:43,921 INFO  EvoClassLoader - Seeing class for first time: net.bytebuddy.implementation.Implementation
2024-11-12 13:42:43,921 INFO  EvoClassLoader - Instrumenting class 'net.bytebuddy.implementation.Implementation'.
2024-11-12 13:42:43,921 INFO  EvoClassLoader - Seeing class for first time: net.bytebuddy.dynamic.scaffold.InstrumentedType$Prepareable
2024-11-12 13:42:43,921 INFO  EvoClassLoader - Instrumenting class 'net.bytebuddy.dynamic.scaffold.InstrumentedType$Prepareable'.
2024-11-12 13:42:43,922 INFO  EvoClassLoader - Defined package (3): package net.bytebuddy.dynamic.scaffold, 1693317350
2024-11-12 13:42:43,922 INFO  EvoClassLoader - Keeping class: net.bytebuddy.dynamic.scaffold.InstrumentedType$Prepareable
2024-11-12 13:42:43,922 INFO  EvoClassLoader - Keeping class: net.bytebuddy.implementation.Implementation
2024-11-12 13:42:43,922 INFO  EvoClassLoader - Keeping class: net.bytebuddy.implementation.HashCodeMethod
2024-11-12 13:42:43,922 INFO  EvoClassLoader - Seeing class for first time: net.bytebuddy.implementation.EqualsMethod
2024-11-12 13:42:43,922 INFO  EvoClassLoader - Instrumenting class 'net.bytebuddy.implementation.EqualsMethod'.
2024-11-12 13:42:43,922 INFO  MethodCallReplacementClassAdapter - Adding mock interface to class net/bytebuddy/implementation/EqualsMethod
2024-11-12 13:42:43,923 INFO  CreateClassResetClassAdapter - Found static initializer in class net/bytebuddy/implementation/EqualsMethod
2024-11-12 13:42:43,923 INFO  EvoClassLoader - Keeping class: net.bytebuddy.implementation.EqualsMethod
2024-11-12 13:42:43,923 INFO  EvoClassLoader - Seeing class for first time: net.bytebuddy.description.type.TypeDescription$Generic
2024-11-12 13:42:43,923 INFO  EvoClassLoader - Instrumenting class 'net.bytebuddy.description.type.TypeDescription$Generic'.
2024-11-12 13:42:43,924 INFO  EvoClassLoader - Keeping class: net.bytebuddy.description.type.TypeDescription$Generic
2024-11-12 13:42:43,924 INFO  EvoClassLoader - Seeing class for first time: org.assertj.core.internal.bytebuddy.build.HashCodeAndEqualsPlugin$Enhance$InvokeSuper
2024-11-12 13:42:43,924 INFO  EvoClassLoader - Instrumenting class 'org.assertj.core.internal.bytebuddy.build.HashCodeAndEqualsPlugin$Enhance$InvokeSuper'.
2024-11-12 13:42:43,924 INFO  MethodCallReplacementClassAdapter - Adding mock interface to class org/assertj/core/internal/bytebuddy/build/HashCodeAndEqualsPlugin$Enhance$InvokeSuper
2024-11-12 13:42:43,924 INFO  CreateClassResetClassAdapter - Found static initializer in class org/assertj/core/internal/bytebuddy/build/HashCodeAndEqualsPlugin$Enhance$InvokeSuper
2024-11-12 13:42:43,924 INFO  EvoClassLoader - Defined package (3): package org.assertj.core.internal.bytebuddy.build, -2103311512
2024-11-12 13:42:43,924 INFO  EvoClassLoader - Keeping class: org.assertj.core.internal.bytebuddy.build.HashCodeAndEqualsPlugin$Enhance$InvokeSuper
2024-11-12 13:42:43,924 INFO  EvoClassLoader - Seeing class for first time: org.assertj.core.internal.bytebuddy.build.HashCodeAndEqualsPlugin$Enhance
2024-11-12 13:42:43,924 INFO  EvoClassLoader - Instrumenting class 'org.assertj.core.internal.bytebuddy.build.HashCodeAndEqualsPlugin$Enhance'.
2024-11-12 13:42:43,925 INFO  EvoClassLoader - Keeping class: org.assertj.core.internal.bytebuddy.build.HashCodeAndEqualsPlugin$Enhance
2024-11-12 13:42:43,925 INFO  EvoClassLoader - Seeing class for first time: org.assertj.core.internal.bytebuddy.build.HashCodeAndEqualsPlugin
2024-11-12 13:42:43,925 INFO  EvoClassLoader - Instrumenting class 'org.assertj.core.internal.bytebuddy.build.HashCodeAndEqualsPlugin'.
2024-11-12 13:42:43,925 INFO  MethodCallReplacementClassAdapter - Adding mock interface to class org/assertj/core/internal/bytebuddy/build/HashCodeAndEqualsPlugin
2024-11-12 13:42:43,926 INFO  CreateClassResetClassAdapter - Creating brand-new static initializer in class org/assertj/core/internal/bytebuddy/build/HashCodeAndEqualsPlugin
2024-11-12 13:42:43,926 INFO  EvoClassLoader - Seeing class for first time: org.assertj.core.internal.bytebuddy.build.Plugin
2024-11-12 13:42:43,926 INFO  EvoClassLoader - Instrumenting class 'org.assertj.core.internal.bytebuddy.build.Plugin'.
2024-11-12 13:42:43,926 INFO  EvoClassLoader - Seeing class for first time: org.assertj.core.internal.bytebuddy.matcher.ElementMatcher
2024-11-12 13:42:43,926 INFO  EvoClassLoader - Instrumenting class 'org.assertj.core.internal.bytebuddy.matcher.ElementMatcher'.
2024-11-12 13:42:43,926 INFO  EvoClassLoader - Defined package (3): package org.assertj.core.internal.bytebuddy.matcher, -2037813332
2024-11-12 13:42:43,926 INFO  EvoClassLoader - Keeping class: org.assertj.core.internal.bytebuddy.matcher.ElementMatcher
2024-11-12 13:42:43,926 INFO  EvoClassLoader - Keeping class: org.assertj.core.internal.bytebuddy.build.Plugin
2024-11-12 13:42:43,926 INFO  EvoClassLoader - Seeing class for first time: org.assertj.core.internal.bytebuddy.build.Plugin$Factory
2024-11-12 13:42:43,926 INFO  EvoClassLoader - Instrumenting class 'org.assertj.core.internal.bytebuddy.build.Plugin$Factory'.
2024-11-12 13:42:43,926 INFO  EvoClassLoader - Keeping class: org.assertj.core.internal.bytebuddy.build.Plugin$Factory
2024-11-12 13:42:43,926 INFO  EvoClassLoader - Keeping class: org.assertj.core.internal.bytebuddy.build.HashCodeAndEqualsPlugin
2024-11-12 13:42:43,926 INFO  EvoClassLoader - Seeing class for first time: org.assertj.core.internal.bytebuddy.build.HashCodeAndEqualsPlugin$Enhance$InvokeSuper$1
2024-11-12 13:42:43,926 INFO  EvoClassLoader - Instrumenting class 'org.assertj.core.internal.bytebuddy.build.HashCodeAndEqualsPlugin$Enhance$InvokeSuper$1'.
2024-11-12 13:42:43,926 INFO  MethodCallReplacementClassAdapter - Adding mock interface to class org/assertj/core/internal/bytebuddy/build/HashCodeAndEqualsPlugin$Enhance$InvokeSuper$1
2024-11-12 13:42:43,929 INFO  EvoClassLoader - Keeping class: org.assertj.core.internal.bytebuddy.build.HashCodeAndEqualsPlugin$Enhance$InvokeSuper$1
2024-11-12 13:42:43,929 INFO  EvoClassLoader - Seeing class for first time: org.assertj.core.internal.bytebuddy.build.HashCodeAndEqualsPlugin$Enhance$InvokeSuper$2
2024-11-12 13:42:43,929 INFO  EvoClassLoader - Instrumenting class 'org.assertj.core.internal.bytebuddy.build.HashCodeAndEqualsPlugin$Enhance$InvokeSuper$2'.
2024-11-12 13:42:43,930 INFO  MethodCallReplacementClassAdapter - Adding mock interface to class org/assertj/core/internal/bytebuddy/build/HashCodeAndEqualsPlugin$Enhance$InvokeSuper$2
2024-11-12 13:42:43,930 INFO  EvoClassLoader - Keeping class: org.assertj.core.internal.bytebuddy.build.HashCodeAndEqualsPlugin$Enhance$InvokeSuper$2
2024-11-12 13:42:43,930 INFO  EvoClassLoader - Seeing class for first time: org.assertj.core.internal.bytebuddy.build.HashCodeAndEqualsPlugin$Enhance$InvokeSuper$3
2024-11-12 13:42:43,930 INFO  EvoClassLoader - Instrumenting class 'org.assertj.core.internal.bytebuddy.build.HashCodeAndEqualsPlugin$Enhance$InvokeSuper$3'.
2024-11-12 13:42:43,930 INFO  MethodCallReplacementClassAdapter - Adding mock interface to class org/assertj/core/internal/bytebuddy/build/HashCodeAndEqualsPlugin$Enhance$InvokeSuper$3
2024-11-12 13:42:43,930 INFO  EvoClassLoader - Keeping class: org.assertj.core.internal.bytebuddy.build.HashCodeAndEqualsPlugin$Enhance$InvokeSuper$3
2024-11-12 13:42:43,930 INFO  EvoClassLoader - Seeing class for first time: org.assertj.core.internal.bytebuddy.build.HashCodeAndEqualsPlugin$Enhance$InvokeSuper$4
2024-11-12 13:42:43,930 INFO  EvoClassLoader - Instrumenting class 'org.assertj.core.internal.bytebuddy.build.HashCodeAndEqualsPlugin$Enhance$InvokeSuper$4'.
2024-11-12 13:42:43,930 INFO  MethodCallReplacementClassAdapter - Adding mock interface to class org/assertj/core/internal/bytebuddy/build/HashCodeAndEqualsPlugin$Enhance$InvokeSuper$4
2024-11-12 13:42:43,930 INFO  EvoClassLoader - Keeping class: org.assertj.core.internal.bytebuddy.build.HashCodeAndEqualsPlugin$Enhance$InvokeSuper$4
2024-11-12 13:42:43,930 INFO  EvoClassLoader - Seeing class for first time: org.assertj.core.internal.bytebuddy.description.type.TypeDescription
2024-11-12 13:42:43,930 INFO  EvoClassLoader - Instrumenting class 'org.assertj.core.internal.bytebuddy.description.type.TypeDescription'.
2024-11-12 13:42:43,931 INFO  EvoClassLoader - Defined package (3): package org.assertj.core.internal.bytebuddy.description.type, -2063588174
2024-11-12 13:42:43,931 INFO  EvoClassLoader - Seeing class for first time: org.assertj.core.internal.bytebuddy.description.type.TypeDefinition
2024-11-12 13:42:43,931 INFO  EvoClassLoader - Instrumenting class 'org.assertj.core.internal.bytebuddy.description.type.TypeDefinition'.
2024-11-12 13:42:43,931 INFO  EvoClassLoader - Seeing class for first time: org.assertj.core.internal.bytebuddy.description.NamedElement
2024-11-12 13:42:43,931 INFO  EvoClassLoader - Instrumenting class 'org.assertj.core.internal.bytebuddy.description.NamedElement'.
2024-11-12 13:42:43,931 INFO  EvoClassLoader - Defined package (3): package org.assertj.core.internal.bytebuddy.description, 1484037494
2024-11-12 13:42:43,931 INFO  EvoClassLoader - Keeping class: org.assertj.core.internal.bytebuddy.description.NamedElement
2024-11-12 13:42:43,931 INFO  EvoClassLoader - Seeing class for first time: org.assertj.core.internal.bytebuddy.description.ModifierReviewable$ForTypeDefinition
2024-11-12 13:42:43,931 INFO  EvoClassLoader - Instrumenting class 'org.assertj.core.internal.bytebuddy.description.ModifierReviewable$ForTypeDefinition'.
2024-11-12 13:42:43,931 INFO  EvoClassLoader - Seeing class for first time: org.assertj.core.internal.bytebuddy.description.ModifierReviewable$OfAbstraction
2024-11-12 13:42:43,931 INFO  EvoClassLoader - Instrumenting class 'org.assertj.core.internal.bytebuddy.description.ModifierReviewable$OfAbstraction'.
2024-11-12 13:42:43,931 INFO  EvoClassLoader - Seeing class for first time: org.assertj.core.internal.bytebuddy.description.ModifierReviewable$OfByteCodeElement
2024-11-12 13:42:43,931 INFO  EvoClassLoader - Instrumenting class 'org.assertj.core.internal.bytebuddy.description.ModifierReviewable$OfByteCodeElement'.
2024-11-12 13:42:43,931 INFO  EvoClassLoader - Seeing class for first time: org.assertj.core.internal.bytebuddy.description.ModifierReviewable
2024-11-12 13:42:43,931 INFO  EvoClassLoader - Instrumenting class 'org.assertj.core.internal.bytebuddy.description.ModifierReviewable'.
2024-11-12 13:42:43,931 INFO  EvoClassLoader - Keeping class: org.assertj.core.internal.bytebuddy.description.ModifierReviewable
2024-11-12 13:42:43,931 INFO  EvoClassLoader - Keeping class: org.assertj.core.internal.bytebuddy.description.ModifierReviewable$OfByteCodeElement
2024-11-12 13:42:43,931 INFO  EvoClassLoader - Keeping class: org.assertj.core.internal.bytebuddy.description.ModifierReviewable$OfAbstraction
2024-11-12 13:42:43,931 INFO  EvoClassLoader - Seeing class for first time: org.assertj.core.internal.bytebuddy.description.ModifierReviewable$OfEnumeration
2024-11-12 13:42:43,931 INFO  EvoClassLoader - Instrumenting class 'org.assertj.core.internal.bytebuddy.description.ModifierReviewable$OfEnumeration'.
2024-11-12 13:42:43,932 INFO  EvoClassLoader - Keeping class: org.assertj.core.internal.bytebuddy.description.ModifierReviewable$OfEnumeration
2024-11-12 13:42:43,932 INFO  EvoClassLoader - Keeping class: org.assertj.core.internal.bytebuddy.description.ModifierReviewable$ForTypeDefinition
2024-11-12 13:42:43,932 INFO  EvoClassLoader - Keeping class: org.assertj.core.internal.bytebuddy.description.type.TypeDefinition
2024-11-12 13:42:43,932 INFO  EvoClassLoader - Seeing class for first time: org.assertj.core.internal.bytebuddy.description.ByteCodeElement
2024-11-12 13:42:43,932 INFO  EvoClassLoader - Instrumenting class 'org.assertj.core.internal.bytebuddy.description.ByteCodeElement'.
2024-11-12 13:42:43,932 INFO  EvoClassLoader - Seeing class for first time: org.assertj.core.internal.bytebuddy.description.NamedElement$WithRuntimeName
2024-11-12 13:42:43,932 INFO  EvoClassLoader - Instrumenting class 'org.assertj.core.internal.bytebuddy.description.NamedElement$WithRuntimeName'.
2024-11-12 13:42:43,932 INFO  EvoClassLoader - Keeping class: org.assertj.core.internal.bytebuddy.description.NamedElement$WithRuntimeName
2024-11-12 13:42:43,932 INFO  EvoClassLoader - Seeing class for first time: org.assertj.core.internal.bytebuddy.description.DeclaredByType
2024-11-12 13:42:43,932 INFO  EvoClassLoader - Instrumenting class 'org.assertj.core.internal.bytebuddy.description.DeclaredByType'.
2024-11-12 13:42:43,933 INFO  EvoClassLoader - Keeping class: org.assertj.core.internal.bytebuddy.description.DeclaredByType
2024-11-12 13:42:43,933 INFO  EvoClassLoader - Seeing class for first time: org.assertj.core.internal.bytebuddy.description.annotation.AnnotationSource
2024-11-12 13:42:43,933 INFO  EvoClassLoader - Instrumenting class 'org.assertj.core.internal.bytebuddy.description.annotation.AnnotationSource'.
2024-11-12 13:42:43,933 INFO  EvoClassLoader - Defined package (3): package org.assertj.core.internal.bytebuddy.description.annotation, 2042726055
2024-11-12 13:42:43,933 INFO  EvoClassLoader - Keeping class: org.assertj.core.internal.bytebuddy.description.annotation.AnnotationSource
2024-11-12 13:42:43,933 INFO  EvoClassLoader - Keeping class: org.assertj.core.internal.bytebuddy.description.ByteCodeElement
2024-11-12 13:42:43,933 INFO  EvoClassLoader - Seeing class for first time: org.assertj.core.internal.bytebuddy.description.TypeVariableSource
2024-11-12 13:42:43,933 INFO  EvoClassLoader - Instrumenting class 'org.assertj.core.internal.bytebuddy.description.TypeVariableSource'.
2024-11-12 13:42:43,933 INFO  EvoClassLoader - Keeping class: org.assertj.core.internal.bytebuddy.description.TypeVariableSource
2024-11-12 13:42:43,933 INFO  EvoClassLoader - Keeping class: org.assertj.core.internal.bytebuddy.description.type.TypeDescription
2024-11-12 13:42:43,933 INFO  EvoClassLoader - Seeing class for first time: org.assertj.core.internal.bytebuddy.implementation.HashCodeMethod
2024-11-12 13:42:43,933 INFO  EvoClassLoader - Instrumenting class 'org.assertj.core.internal.bytebuddy.implementation.HashCodeMethod'.
2024-11-12 13:42:43,934 INFO  MethodCallReplacementClassAdapter - Adding mock interface to class org/assertj/core/internal/bytebuddy/implementation/HashCodeMethod
2024-11-12 13:42:43,934 INFO  CreateClassResetClassAdapter - Found static initializer in class org/assertj/core/internal/bytebuddy/implementation/HashCodeMethod
2024-11-12 13:42:43,934 INFO  EvoClassLoader - Defined package (3): package org.assertj.core.internal.bytebuddy.implementation, -196384776
2024-11-12 13:42:43,935 INFO  EvoClassLoader - Seeing class for first time: org.assertj.core.internal.bytebuddy.implementation.Implementation
2024-11-12 13:42:43,935 INFO  EvoClassLoader - Instrumenting class 'org.assertj.core.internal.bytebuddy.implementation.Implementation'.
2024-11-12 13:42:43,935 INFO  EvoClassLoader - Seeing class for first time: org.assertj.core.internal.bytebuddy.dynamic.scaffold.InstrumentedType$Prepareable
2024-11-12 13:42:43,935 INFO  EvoClassLoader - Instrumenting class 'org.assertj.core.internal.bytebuddy.dynamic.scaffold.InstrumentedType$Prepareable'.
2024-11-12 13:42:43,935 INFO  EvoClassLoader - Defined package (3): package org.assertj.core.internal.bytebuddy.dynamic.scaffold, -1413432437
2024-11-12 13:42:43,935 INFO  EvoClassLoader - Keeping class: org.assertj.core.internal.bytebuddy.dynamic.scaffold.InstrumentedType$Prepareable
2024-11-12 13:42:43,935 INFO  EvoClassLoader - Keeping class: org.assertj.core.internal.bytebuddy.implementation.Implementation
2024-11-12 13:42:43,935 INFO  EvoClassLoader - Keeping class: org.assertj.core.internal.bytebuddy.implementation.HashCodeMethod
2024-11-12 13:42:43,935 INFO  EvoClassLoader - Seeing class for first time: org.assertj.core.internal.bytebuddy.implementation.EqualsMethod
2024-11-12 13:42:43,935 INFO  EvoClassLoader - Instrumenting class 'org.assertj.core.internal.bytebuddy.implementation.EqualsMethod'.
2024-11-12 13:42:43,935 INFO  MethodCallReplacementClassAdapter - Adding mock interface to class org/assertj/core/internal/bytebuddy/implementation/EqualsMethod
2024-11-12 13:42:43,936 INFO  CreateClassResetClassAdapter - Found static initializer in class org/assertj/core/internal/bytebuddy/implementation/EqualsMethod
2024-11-12 13:42:43,936 INFO  EvoClassLoader - Keeping class: org.assertj.core.internal.bytebuddy.implementation.EqualsMethod
2024-11-12 13:42:43,936 INFO  EvoClassLoader - Seeing class for first time: org.assertj.core.internal.bytebuddy.description.type.TypeDescription$Generic
2024-11-12 13:42:43,936 INFO  EvoClassLoader - Instrumenting class 'org.assertj.core.internal.bytebuddy.description.type.TypeDescription$Generic'.
2024-11-12 13:42:43,936 INFO  EvoClassLoader - Keeping class: org.assertj.core.internal.bytebuddy.description.type.TypeDescription$Generic
2024-11-12 13:42:43,937 INFO  EvoClassLoader - Seeing class for first time: org.apache.hadoop.thirdparty.protobuf.TextFormat$Parser$UnknownField
2024-11-12 13:42:43,937 INFO  EvoClassLoader - Instrumenting class 'org.apache.hadoop.thirdparty.protobuf.TextFormat$Parser$UnknownField'.
2024-11-12 13:42:43,937 INFO  MethodCallReplacementClassAdapter - Adding mock interface to class org/apache/hadoop/thirdparty/protobuf/TextFormat$Parser$UnknownField
2024-11-12 13:42:43,937 INFO  CreateClassResetClassAdapter - Creating brand-new static initializer in class org/apache/hadoop/thirdparty/protobuf/TextFormat$Parser$UnknownField
2024-11-12 13:42:43,937 INFO  EvoClassLoader - Keeping class: org.apache.hadoop.thirdparty.protobuf.TextFormat$Parser$UnknownField
2024-11-12 13:42:43,937 INFO  EvoClassLoader - Seeing class for first time: org.apache.hadoop.thirdparty.protobuf.TextFormat$UnknownFieldParseException
2024-11-12 13:42:43,937 INFO  EvoClassLoader - Instrumenting class 'org.apache.hadoop.thirdparty.protobuf.TextFormat$UnknownFieldParseException'.
2024-11-12 13:42:43,937 INFO  MethodCallReplacementClassAdapter - Adding mock interface to class org/apache/hadoop/thirdparty/protobuf/TextFormat$UnknownFieldParseException
2024-11-12 13:42:43,938 INFO  CreateClassResetClassAdapter - Creating brand-new static initializer in class org/apache/hadoop/thirdparty/protobuf/TextFormat$UnknownFieldParseException
2024-11-12 13:42:43,938 INFO  EvoClassLoader - Keeping class: org.apache.hadoop.thirdparty.protobuf.TextFormat$UnknownFieldParseException
2024-11-12 13:42:43,938 INFO  EvoClassLoader - Seeing class for first time: org.apache.hadoop.thirdparty.protobuf.GeneratedMessageV3$FieldAccessorTable$RepeatedMessageFieldAccessor
2024-11-12 13:42:43,938 INFO  EvoClassLoader - Instrumenting class 'org.apache.hadoop.thirdparty.protobuf.GeneratedMessageV3$FieldAccessorTable$RepeatedMessageFieldAccessor'.
2024-11-12 13:42:43,938 INFO  MethodCallReplacementClassAdapter - Adding mock interface to class org/apache/hadoop/thirdparty/protobuf/GeneratedMessageV3$FieldAccessorTable$RepeatedMessageFieldAccessor
2024-11-12 13:42:43,938 INFO  CreateClassResetClassAdapter - Creating brand-new static initializer in class org/apache/hadoop/thirdparty/protobuf/GeneratedMessageV3$FieldAccessorTable$RepeatedMessageFieldAccessor
2024-11-12 13:42:43,938 INFO  EvoClassLoader - Seeing class for first time: org.apache.hadoop.thirdparty.protobuf.GeneratedMessageV3$FieldAccessorTable$RepeatedFieldAccessor
2024-11-12 13:42:43,938 INFO  EvoClassLoader - Instrumenting class 'org.apache.hadoop.thirdparty.protobuf.GeneratedMessageV3$FieldAccessorTable$RepeatedFieldAccessor'.
2024-11-12 13:42:43,938 INFO  MethodCallReplacementClassAdapter - Adding mock interface to class org/apache/hadoop/thirdparty/protobuf/GeneratedMessageV3$FieldAccessorTable$RepeatedFieldAccessor
2024-11-12 13:42:43,939 INFO  CreateClassResetClassAdapter - Creating brand-new static initializer in class org/apache/hadoop/thirdparty/protobuf/GeneratedMessageV3$FieldAccessorTable$RepeatedFieldAccessor
2024-11-12 13:42:43,939 INFO  EvoClassLoader - Keeping class: org.apache.hadoop.thirdparty.protobuf.GeneratedMessageV3$FieldAccessorTable$RepeatedFieldAccessor
2024-11-12 13:42:43,939 INFO  EvoClassLoader - Keeping class: org.apache.hadoop.thirdparty.protobuf.GeneratedMessageV3$FieldAccessorTable$RepeatedMessageFieldAccessor
2024-11-12 13:42:43,939 INFO  EvoClassLoader - Seeing class for first time: org.apache.hadoop.thirdparty.protobuf.GeneratedMessageV3$FieldAccessorTable$SingularMessageFieldAccessor
2024-11-12 13:42:43,939 INFO  EvoClassLoader - Instrumenting class 'org.apache.hadoop.thirdparty.protobuf.GeneratedMessageV3$FieldAccessorTable$SingularMessageFieldAccessor'.
2024-11-12 13:42:43,939 INFO  MethodCallReplacementClassAdapter - Adding mock interface to class org/apache/hadoop/thirdparty/protobuf/GeneratedMessageV3$FieldAccessorTable$SingularMessageFieldAccessor
2024-11-12 13:42:43,939 INFO  CreateClassResetClassAdapter - Creating brand-new static initializer in class org/apache/hadoop/thirdparty/protobuf/GeneratedMessageV3$FieldAccessorTable$SingularMessageFieldAccessor
2024-11-12 13:42:43,939 INFO  EvoClassLoader - Keeping class: org.apache.hadoop.thirdparty.protobuf.GeneratedMessageV3$FieldAccessorTable$SingularMessageFieldAccessor
2024-11-12 13:42:43,939 INFO  EvoClassLoader - Seeing class for first time: org.apache.hadoop.thirdparty.protobuf.GeneratedMessageV3$FieldAccessorTable$RepeatedEnumFieldAccessor
2024-11-12 13:42:43,939 INFO  EvoClassLoader - Instrumenting class 'org.apache.hadoop.thirdparty.protobuf.GeneratedMessageV3$FieldAccessorTable$RepeatedEnumFieldAccessor'.
2024-11-12 13:42:43,939 INFO  MethodCallReplacementClassAdapter - Adding mock interface to class org/apache/hadoop/thirdparty/protobuf/GeneratedMessageV3$FieldAccessorTable$RepeatedEnumFieldAccessor
2024-11-12 13:42:43,940 INFO  CreateClassResetClassAdapter - Creating brand-new static initializer in class org/apache/hadoop/thirdparty/protobuf/GeneratedMessageV3$FieldAccessorTable$RepeatedEnumFieldAccessor
2024-11-12 13:42:43,940 INFO  EvoClassLoader - Keeping class: org.apache.hadoop.thirdparty.protobuf.GeneratedMessageV3$FieldAccessorTable$RepeatedEnumFieldAccessor
2024-11-12 13:42:43,940 INFO  EvoClassLoader - Seeing class for first time: org.apache.hadoop.thirdparty.protobuf.GeneratedMessageV3$FieldAccessorTable$SingularEnumFieldAccessor
2024-11-12 13:42:43,940 INFO  EvoClassLoader - Instrumenting class 'org.apache.hadoop.thirdparty.protobuf.GeneratedMessageV3$FieldAccessorTable$SingularEnumFieldAccessor'.
2024-11-12 13:42:43,940 INFO  MethodCallReplacementClassAdapter - Adding mock interface to class org/apache/hadoop/thirdparty/protobuf/GeneratedMessageV3$FieldAccessorTable$SingularEnumFieldAccessor
2024-11-12 13:42:43,940 INFO  CreateClassResetClassAdapter - Creating brand-new static initializer in class org/apache/hadoop/thirdparty/protobuf/GeneratedMessageV3$FieldAccessorTable$SingularEnumFieldAccessor
2024-11-12 13:42:43,940 INFO  EvoClassLoader - Keeping class: org.apache.hadoop.thirdparty.protobuf.GeneratedMessageV3$FieldAccessorTable$SingularEnumFieldAccessor
2024-11-12 13:42:43,940 INFO  EvoClassLoader - Seeing class for first time: org.apache.hadoop.thirdparty.protobuf.GeneratedMessageV3$FieldAccessorTable$MapFieldAccessor
2024-11-12 13:42:43,940 INFO  EvoClassLoader - Instrumenting class 'org.apache.hadoop.thirdparty.protobuf.GeneratedMessageV3$FieldAccessorTable$MapFieldAccessor'.
2024-11-12 13:42:43,941 INFO  MethodCallReplacementClassAdapter - Adding mock interface to class org/apache/hadoop/thirdparty/protobuf/GeneratedMessageV3$FieldAccessorTable$MapFieldAccessor
2024-11-12 13:42:43,941 INFO  CreateClassResetClassAdapter - Creating brand-new static initializer in class org/apache/hadoop/thirdparty/protobuf/GeneratedMessageV3$FieldAccessorTable$MapFieldAccessor
2024-11-12 13:42:43,941 INFO  EvoClassLoader - Keeping class: org.apache.hadoop.thirdparty.protobuf.GeneratedMessageV3$FieldAccessorTable$MapFieldAccessor
2024-11-12 13:42:43,941 INFO  EvoClassLoader - Seeing class for first time: org.apache.hadoop.thirdparty.protobuf.ExtensionRegistry$DescriptorIntPair
2024-11-12 13:42:43,941 INFO  EvoClassLoader - Instrumenting class 'org.apache.hadoop.thirdparty.protobuf.ExtensionRegistry$DescriptorIntPair'.
2024-11-12 13:42:43,941 INFO  MethodCallReplacementClassAdapter - Adding mock interface to class org/apache/hadoop/thirdparty/protobuf/ExtensionRegistry$DescriptorIntPair
2024-11-12 13:42:43,941 INFO  CreateClassResetClassAdapter - Creating brand-new static initializer in class org/apache/hadoop/thirdparty/protobuf/ExtensionRegistry$DescriptorIntPair
2024-11-12 13:42:43,941 INFO  EvoClassLoader - Keeping class: org.apache.hadoop.thirdparty.protobuf.ExtensionRegistry$DescriptorIntPair
2024-11-12 13:42:43,942 INFO  EvoClassLoader - Seeing class for first time: org.eclipse.jetty.io.NullByteBufferPool
2024-11-12 13:42:43,942 INFO  EvoClassLoader - Instrumenting class 'org.eclipse.jetty.io.NullByteBufferPool'.
2024-11-12 13:42:43,942 INFO  MethodCallReplacementClassAdapter - Adding mock interface to class org/eclipse/jetty/io/NullByteBufferPool
2024-11-12 13:42:43,942 INFO  CreateClassResetClassAdapter - Creating brand-new static initializer in class org/eclipse/jetty/io/NullByteBufferPool
2024-11-12 13:42:43,942 INFO  EvoClassLoader - Seeing class for first time: org.eclipse.jetty.io.ByteBufferPool
2024-11-12 13:42:43,942 INFO  EvoClassLoader - Instrumenting class 'org.eclipse.jetty.io.ByteBufferPool'.
2024-11-12 13:42:43,942 INFO  EvoClassLoader - Keeping class: org.eclipse.jetty.io.ByteBufferPool
2024-11-12 13:42:43,942 INFO  EvoClassLoader - Keeping class: org.eclipse.jetty.io.NullByteBufferPool
2024-11-12 13:42:43,942 INFO  EvoClassLoader - Seeing class for first time: org.eclipse.jetty.util.BufferUtil
2024-11-12 13:42:43,942 INFO  EvoClassLoader - Instrumenting class 'org.eclipse.jetty.util.BufferUtil'.
2024-11-12 13:42:43,943 INFO  MethodCallReplacementClassAdapter - Adding mock interface to class org/eclipse/jetty/util/BufferUtil
2024-11-12 13:42:43,944 INFO  CreateClassResetClassAdapter - Found static initializer in class org/eclipse/jetty/util/BufferUtil
2024-11-12 13:42:43,944 INFO  EvoClassLoader - Defined package (3): package org.eclipse.jetty.util, 464202339
2024-11-12 13:42:43,944 INFO  EvoClassLoader - Keeping class: org.eclipse.jetty.util.BufferUtil
2024-11-12 13:42:43,945 INFO  EvoClassLoader - Seeing class for first time: org.eclipse.jetty.util.resource.Resource
2024-11-12 13:42:43,945 INFO  EvoClassLoader - Instrumenting class 'org.eclipse.jetty.util.resource.Resource'.
2024-11-12 13:42:43,945 INFO  MethodCallReplacementClassAdapter - Adding mock interface to class org/eclipse/jetty/util/resource/Resource
2024-11-12 13:42:43,957 INFO  CreateClassResetClassAdapter - Found static initializer in class org/eclipse/jetty/util/resource/Resource
2024-11-12 13:42:43,957 INFO  EvoClassLoader - Defined package (3): package org.eclipse.jetty.util.resource, -375223495
2024-11-12 13:42:43,958 INFO  EvoClassLoader - Seeing class for first time: org.eclipse.jetty.util.resource.ResourceFactory
2024-11-12 13:42:43,958 INFO  EvoClassLoader - Instrumenting class 'org.eclipse.jetty.util.resource.ResourceFactory'.
2024-11-12 13:42:43,958 INFO  EvoClassLoader - Keeping class: org.eclipse.jetty.util.resource.ResourceFactory
2024-11-12 13:42:43,958 INFO  EvoClassLoader - Keeping class: org.eclipse.jetty.util.resource.Resource
2024-11-12 13:42:43,959 INFO  EvoClassLoader - Seeing class for first time: org.apache.hadoop.thirdparty.protobuf.DescriptorProtos$MethodDescriptorProto$1
2024-11-12 13:42:43,959 INFO  EvoClassLoader - Instrumenting class 'org.apache.hadoop.thirdparty.protobuf.DescriptorProtos$MethodDescriptorProto$1'.
2024-11-12 13:42:43,959 INFO  MethodCallReplacementClassAdapter - Adding mock interface to class org/apache/hadoop/thirdparty/protobuf/DescriptorProtos$MethodDescriptorProto$1
2024-11-12 13:42:43,959 INFO  EvoClassLoader - Keeping class: org.apache.hadoop.thirdparty.protobuf.DescriptorProtos$MethodDescriptorProto$1
2024-11-12 13:42:43,960 INFO  EvoClassLoader - Seeing class for first time: org.apache.hadoop.thirdparty.protobuf.DescriptorProtos$MethodDescriptorProto$Builder
2024-11-12 13:42:43,960 INFO  EvoClassLoader - Instrumenting class 'org.apache.hadoop.thirdparty.protobuf.DescriptorProtos$MethodDescriptorProto$Builder'.
2024-11-12 13:42:43,960 INFO  MethodCallReplacementClassAdapter - Adding mock interface to class org/apache/hadoop/thirdparty/protobuf/DescriptorProtos$MethodDescriptorProto$Builder
2024-11-12 13:42:43,961 INFO  CreateClassResetClassAdapter - Creating brand-new static initializer in class org/apache/hadoop/thirdparty/protobuf/DescriptorProtos$MethodDescriptorProto$Builder
2024-11-12 13:42:43,961 INFO  EvoClassLoader - Keeping class: org.apache.hadoop.thirdparty.protobuf.DescriptorProtos$MethodDescriptorProto$Builder
2024-11-12 13:42:43,962 INFO  EvoClassLoader - Seeing class for first time: org.apache.hadoop.thirdparty.protobuf.DescriptorProtos$MethodOptions$Builder
2024-11-12 13:42:43,962 INFO  EvoClassLoader - Instrumenting class 'org.apache.hadoop.thirdparty.protobuf.DescriptorProtos$MethodOptions$Builder'.
2024-11-12 13:42:43,963 INFO  MethodCallReplacementClassAdapter - Adding mock interface to class org/apache/hadoop/thirdparty/protobuf/DescriptorProtos$MethodOptions$Builder
2024-11-12 13:42:43,963 INFO  CreateClassResetClassAdapter - Creating brand-new static initializer in class org/apache/hadoop/thirdparty/protobuf/DescriptorProtos$MethodOptions$Builder
2024-11-12 13:42:43,964 INFO  EvoClassLoader - Keeping class: org.apache.hadoop.thirdparty.protobuf.DescriptorProtos$MethodOptions$Builder
2024-11-12 13:42:43,964 INFO  EvoClassLoader - Seeing class for first time: org.apache.hadoop.thirdparty.protobuf.Any$1
2024-11-12 13:42:43,964 INFO  EvoClassLoader - Instrumenting class 'org.apache.hadoop.thirdparty.protobuf.Any$1'.
2024-11-12 13:42:43,965 INFO  MethodCallReplacementClassAdapter - Adding mock interface to class org/apache/hadoop/thirdparty/protobuf/Any$1
2024-11-12 13:42:43,966 INFO  EvoClassLoader - Keeping class: org.apache.hadoop.thirdparty.protobuf.Any$1
2024-11-12 13:42:43,966 INFO  EvoClassLoader - Seeing class for first time: org.apache.hadoop.thirdparty.protobuf.Any
2024-11-12 13:42:43,966 INFO  EvoClassLoader - Instrumenting class 'org.apache.hadoop.thirdparty.protobuf.Any'.
2024-11-12 13:42:43,966 INFO  MethodCallReplacementClassAdapter - Adding mock interface to class org/apache/hadoop/thirdparty/protobuf/Any
2024-11-12 13:42:43,966 INFO  CreateClassResetClassAdapter - Found static initializer in class org/apache/hadoop/thirdparty/protobuf/Any
2024-11-12 13:42:43,967 INFO  EvoClassLoader - Seeing class for first time: org.apache.hadoop.thirdparty.protobuf.AnyOrBuilder
2024-11-12 13:42:43,967 INFO  EvoClassLoader - Instrumenting class 'org.apache.hadoop.thirdparty.protobuf.AnyOrBuilder'.
2024-11-12 13:42:43,967 INFO  EvoClassLoader - Keeping class: org.apache.hadoop.thirdparty.protobuf.AnyOrBuilder
2024-11-12 13:42:43,968 INFO  EvoClassLoader - Keeping class: org.apache.hadoop.thirdparty.protobuf.Any
2024-11-12 13:42:43,968 INFO  EvoClassLoader - Seeing class for first time: org.apache.hadoop.thirdparty.protobuf.Any$Builder
2024-11-12 13:42:43,968 INFO  EvoClassLoader - Instrumenting class 'org.apache.hadoop.thirdparty.protobuf.Any$Builder'.
2024-11-12 13:42:43,968 INFO  MethodCallReplacementClassAdapter - Adding mock interface to class org/apache/hadoop/thirdparty/protobuf/Any$Builder
2024-11-12 13:42:43,969 INFO  CreateClassResetClassAdapter - Creating brand-new static initializer in class org/apache/hadoop/thirdparty/protobuf/Any$Builder
2024-11-12 13:42:43,969 INFO  EvoClassLoader - Keeping class: org.apache.hadoop.thirdparty.protobuf.Any$Builder
2024-11-12 13:42:43,970 INFO  EvoClassLoader - Seeing class for first time: org.apache.hadoop.thirdparty.protobuf.DescriptorProtos$EnumOptions$Builder
2024-11-12 13:42:43,970 INFO  EvoClassLoader - Instrumenting class 'org.apache.hadoop.thirdparty.protobuf.DescriptorProtos$EnumOptions$Builder'.
2024-11-12 13:42:43,970 INFO  MethodCallReplacementClassAdapter - Adding mock interface to class org/apache/hadoop/thirdparty/protobuf/DescriptorProtos$EnumOptions$Builder
2024-11-12 13:42:43,971 INFO  CreateClassResetClassAdapter - Creating brand-new static initializer in class org/apache/hadoop/thirdparty/protobuf/DescriptorProtos$EnumOptions$Builder
2024-11-12 13:42:43,971 INFO  EvoClassLoader - Keeping class: org.apache.hadoop.thirdparty.protobuf.DescriptorProtos$EnumOptions$Builder
2024-11-12 13:42:43,973 INFO  EvoClassLoader - Seeing class for first time: org.apache.hadoop.thirdparty.protobuf.DescriptorProtos$ExtensionRangeOptions$Builder
2024-11-12 13:42:43,973 INFO  EvoClassLoader - Instrumenting class 'org.apache.hadoop.thirdparty.protobuf.DescriptorProtos$ExtensionRangeOptions$Builder'.
2024-11-12 13:42:43,973 INFO  MethodCallReplacementClassAdapter - Adding mock interface to class org/apache/hadoop/thirdparty/protobuf/DescriptorProtos$ExtensionRangeOptions$Builder
2024-11-12 13:42:43,974 INFO  CreateClassResetClassAdapter - Creating brand-new static initializer in class org/apache/hadoop/thirdparty/protobuf/DescriptorProtos$ExtensionRangeOptions$Builder
2024-11-12 13:42:43,974 INFO  EvoClassLoader - Keeping class: org.apache.hadoop.thirdparty.protobuf.DescriptorProtos$ExtensionRangeOptions$Builder
2024-11-12 13:42:43,974 INFO  EvoClassLoader - Seeing class for first time: org.apache.hadoop.thirdparty.protobuf.DescriptorProtos$EnumDescriptorProto$EnumReservedRange$Builder
2024-11-12 13:42:43,974 INFO  EvoClassLoader - Instrumenting class 'org.apache.hadoop.thirdparty.protobuf.DescriptorProtos$EnumDescriptorProto$EnumReservedRange$Builder'.
2024-11-12 13:42:43,975 INFO  MethodCallReplacementClassAdapter - Adding mock interface to class org/apache/hadoop/thirdparty/protobuf/DescriptorProtos$EnumDescriptorProto$EnumReservedRange$Builder
2024-11-12 13:42:43,975 INFO  CreateClassResetClassAdapter - Creating brand-new static initializer in class org/apache/hadoop/thirdparty/protobuf/DescriptorProtos$EnumDescriptorProto$EnumReservedRange$Builder
2024-11-12 13:42:43,975 INFO  EvoClassLoader - Keeping class: org.apache.hadoop.thirdparty.protobuf.DescriptorProtos$EnumDescriptorProto$EnumReservedRange$Builder
2024-11-12 13:42:43,976 INFO  EvoClassLoader - Seeing class for first time: org.apache.hadoop.thirdparty.protobuf.DescriptorProtos$EnumValueOptions$Builder
2024-11-12 13:42:43,976 INFO  EvoClassLoader - Instrumenting class 'org.apache.hadoop.thirdparty.protobuf.DescriptorProtos$EnumValueOptions$Builder'.
2024-11-12 13:42:43,976 INFO  MethodCallReplacementClassAdapter - Adding mock interface to class org/apache/hadoop/thirdparty/protobuf/DescriptorProtos$EnumValueOptions$Builder
2024-11-12 13:42:43,977 INFO  CreateClassResetClassAdapter - Creating brand-new static initializer in class org/apache/hadoop/thirdparty/protobuf/DescriptorProtos$EnumValueOptions$Builder
2024-11-12 13:42:43,978 INFO  EvoClassLoader - Keeping class: org.apache.hadoop.thirdparty.protobuf.DescriptorProtos$EnumValueOptions$Builder
2024-11-12 13:42:43,984 INFO  EvoClassLoader - Seeing class for first time: org.apache.hadoop.thirdparty.protobuf.DynamicMessage
2024-11-12 13:42:43,984 INFO  EvoClassLoader - Instrumenting class 'org.apache.hadoop.thirdparty.protobuf.DynamicMessage'.
2024-11-12 13:42:43,985 INFO  MethodCallReplacementClassAdapter - Adding mock interface to class org/apache/hadoop/thirdparty/protobuf/DynamicMessage
2024-11-12 13:42:43,989 INFO  CreateClassResetClassAdapter - Creating brand-new static initializer in class org/apache/hadoop/thirdparty/protobuf/DynamicMessage
2024-11-12 13:42:43,989 INFO  EvoClassLoader - Keeping class: org.apache.hadoop.thirdparty.protobuf.DynamicMessage
2024-11-12 13:42:43,990 INFO  EvoClassLoader - Seeing class for first time: org.apache.hadoop.thirdparty.protobuf.DynamicMessage$Builder
2024-11-12 13:42:43,990 INFO  EvoClassLoader - Instrumenting class 'org.apache.hadoop.thirdparty.protobuf.DynamicMessage$Builder'.
2024-11-12 13:42:43,990 INFO  MethodCallReplacementClassAdapter - Adding mock interface to class org/apache/hadoop/thirdparty/protobuf/DynamicMessage$Builder
2024-11-12 13:42:43,991 INFO  CreateClassResetClassAdapter - Creating brand-new static initializer in class org/apache/hadoop/thirdparty/protobuf/DynamicMessage$Builder
2024-11-12 13:42:43,992 INFO  EvoClassLoader - Keeping class: org.apache.hadoop.thirdparty.protobuf.DynamicMessage$Builder
2024-11-12 13:42:43,993 INFO  EvoClassLoader - Seeing class for first time: org.apache.hadoop.thirdparty.protobuf.MessageReflection$BuilderAdapter
2024-11-12 13:42:43,993 INFO  EvoClassLoader - Instrumenting class 'org.apache.hadoop.thirdparty.protobuf.MessageReflection$BuilderAdapter'.
2024-11-12 13:42:43,993 INFO  MethodCallReplacementClassAdapter - Adding mock interface to class org/apache/hadoop/thirdparty/protobuf/MessageReflection$BuilderAdapter
2024-11-12 13:42:43,994 INFO  CreateClassResetClassAdapter - Creating brand-new static initializer in class org/apache/hadoop/thirdparty/protobuf/MessageReflection$BuilderAdapter
2024-11-12 13:42:43,995 INFO  EvoClassLoader - Keeping class: org.apache.hadoop.thirdparty.protobuf.MessageReflection$BuilderAdapter
2024-11-12 13:42:43,995 INFO  EvoClassLoader - Seeing class for first time: org.apache.hadoop.thirdparty.protobuf.MessageReflection$ExtensionBuilderAdapter
2024-11-12 13:42:43,995 INFO  EvoClassLoader - Instrumenting class 'org.apache.hadoop.thirdparty.protobuf.MessageReflection$ExtensionBuilderAdapter'.
2024-11-12 13:42:43,995 INFO  MethodCallReplacementClassAdapter - Adding mock interface to class org/apache/hadoop/thirdparty/protobuf/MessageReflection$ExtensionBuilderAdapter
2024-11-12 13:42:43,996 INFO  CreateClassResetClassAdapter - Creating brand-new static initializer in class org/apache/hadoop/thirdparty/protobuf/MessageReflection$ExtensionBuilderAdapter
2024-11-12 13:42:43,996 INFO  EvoClassLoader - Keeping class: org.apache.hadoop.thirdparty.protobuf.MessageReflection$ExtensionBuilderAdapter
2024-11-12 13:42:43,996 INFO  EvoClassLoader - Seeing class for first time: org.apache.hadoop.thirdparty.protobuf.MessageReflection$ExtensionAdapter
2024-11-12 13:42:43,996 INFO  EvoClassLoader - Instrumenting class 'org.apache.hadoop.thirdparty.protobuf.MessageReflection$ExtensionAdapter'.
2024-11-12 13:42:43,996 INFO  MethodCallReplacementClassAdapter - Adding mock interface to class org/apache/hadoop/thirdparty/protobuf/MessageReflection$ExtensionAdapter
2024-11-12 13:42:43,996 INFO  CreateClassResetClassAdapter - Creating brand-new static initializer in class org/apache/hadoop/thirdparty/protobuf/MessageReflection$ExtensionAdapter
2024-11-12 13:42:43,997 INFO  EvoClassLoader - Keeping class: org.apache.hadoop.thirdparty.protobuf.MessageReflection$ExtensionAdapter
2024-11-12 13:42:43,997 INFO  EvoClassLoader - Seeing class for first time: org.eclipse.jetty.io.AbstractByteBufferPool
2024-11-12 13:42:43,997 INFO  EvoClassLoader - Instrumenting class 'org.eclipse.jetty.io.AbstractByteBufferPool'.
2024-11-12 13:42:43,997 INFO  MethodCallReplacementClassAdapter - Adding mock interface to class org/eclipse/jetty/io/AbstractByteBufferPool
2024-11-12 13:42:43,997 INFO  CreateClassResetClassAdapter - Creating brand-new static initializer in class org/eclipse/jetty/io/AbstractByteBufferPool
2024-11-12 13:42:43,998 INFO  EvoClassLoader - Keeping class: org.eclipse.jetty.io.AbstractByteBufferPool
2024-11-12 13:42:43,998 INFO  EvoClassLoader - Seeing class for first time: org.eclipse.jetty.util.log.Log$1
2024-11-12 13:42:43,998 INFO  EvoClassLoader - Instrumenting class 'org.eclipse.jetty.util.log.Log$1'.
2024-11-12 13:42:43,998 INFO  MethodCallReplacementClassAdapter - Adding mock interface to class org/eclipse/jetty/util/log/Log$1
2024-11-12 13:42:43,998 INFO  EvoClassLoader - Defined package (3): package org.eclipse.jetty.util.log, -1550856903
2024-11-12 13:42:43,999 INFO  EvoClassLoader - Keeping class: org.eclipse.jetty.util.log.Log$1
2024-11-12 13:42:43,999 INFO  EvoClassLoader - Seeing class for first time: org.eclipse.jetty.util.log.Log
2024-11-12 13:42:43,999 INFO  EvoClassLoader - Instrumenting class 'org.eclipse.jetty.util.log.Log'.
2024-11-12 13:42:43,999 INFO  MethodCallReplacementClassAdapter - Adding mock interface to class org/eclipse/jetty/util/log/Log
2024-11-12 13:42:43,999 INFO  CreateClassResetClassAdapter - Found static initializer in class org/eclipse/jetty/util/log/Log
2024-11-12 13:42:44,000 INFO  EvoClassLoader - Keeping class: org.eclipse.jetty.util.log.Log
2024-11-12 13:42:44,000 INFO  EvoClassLoader - Seeing class for first time: org.eclipse.jetty.util.Loader
2024-11-12 13:42:44,000 INFO  EvoClassLoader - Instrumenting class 'org.eclipse.jetty.util.Loader'.
2024-11-12 13:42:44,000 INFO  MethodCallReplacementClassAdapter - Adding mock interface to class org/eclipse/jetty/util/Loader
2024-11-12 13:42:44,000 INFO  CreateClassResetClassAdapter - Creating brand-new static initializer in class org/eclipse/jetty/util/Loader
2024-11-12 13:42:44,000 INFO  EvoClassLoader - Keeping class: org.eclipse.jetty.util.Loader
2024-11-12 13:42:44,000 INFO  EvoClassLoader - Seeing class for first time: org.eclipse.jetty.util.log.Logger
2024-11-12 13:42:44,000 INFO  EvoClassLoader - Instrumenting class 'org.eclipse.jetty.util.log.Logger'.
2024-11-12 13:42:44,001 INFO  EvoClassLoader - Keeping class: org.eclipse.jetty.util.log.Logger
2024-11-12 13:42:44,002 INFO  EvoClassLoader - Seeing class for first time: org.eclipse.jetty.util.log.AbstractLogger
2024-11-12 13:42:44,002 INFO  EvoClassLoader - Instrumenting class 'org.eclipse.jetty.util.log.AbstractLogger'.
2024-11-12 13:42:44,002 INFO  MethodCallReplacementClassAdapter - Adding mock interface to class org/eclipse/jetty/util/log/AbstractLogger
2024-11-12 13:42:44,003 INFO  CreateClassResetClassAdapter - Creating brand-new static initializer in class org/eclipse/jetty/util/log/AbstractLogger
2024-11-12 13:42:44,003 INFO  CreateClassResetClassAdapter - Adding bytecode for initializing field LEVEL_DEFAULT
2024-11-12 13:42:44,003 INFO  CreateClassResetClassAdapter - Adding bytecode for initializing field LEVEL_ALL
2024-11-12 13:42:44,003 INFO  CreateClassResetClassAdapter - Adding bytecode for initializing field LEVEL_DEBUG
2024-11-12 13:42:44,003 INFO  CreateClassResetClassAdapter - Adding bytecode for initializing field LEVEL_INFO
2024-11-12 13:42:44,003 INFO  CreateClassResetClassAdapter - Adding bytecode for initializing field LEVEL_WARN
2024-11-12 13:42:44,003 INFO  CreateClassResetClassAdapter - Adding bytecode for initializing field LEVEL_OFF
2024-11-12 13:42:44,003 INFO  EvoClassLoader - Keeping class: org.eclipse.jetty.util.log.AbstractLogger
2024-11-12 13:42:44,003 INFO  EvoClassLoader - Seeing class for first time: org.eclipse.jetty.util.log.Slf4jLog
2024-11-12 13:42:44,003 INFO  EvoClassLoader - Instrumenting class 'org.eclipse.jetty.util.log.Slf4jLog'.
2024-11-12 13:42:44,003 INFO  MethodCallReplacementClassAdapter - Adding mock interface to class org/eclipse/jetty/util/log/Slf4jLog
2024-11-12 13:42:44,003 INFO  CreateClassResetClassAdapter - Creating brand-new static initializer in class org/eclipse/jetty/util/log/Slf4jLog
2024-11-12 13:42:44,004 INFO  EvoClassLoader - Keeping class: org.eclipse.jetty.util.log.Slf4jLog
2024-11-12 13:42:44,004 INFO  EvoClassLoader - Seeing class for first time: org.eclipse.jetty.util.log.JettyAwareLogger
2024-11-12 13:42:44,004 INFO  EvoClassLoader - Instrumenting class 'org.eclipse.jetty.util.log.JettyAwareLogger'.
2024-11-12 13:42:44,004 INFO  MethodCallReplacementClassAdapter - Adding mock interface to class org/eclipse/jetty/util/log/JettyAwareLogger
2024-11-12 13:42:44,004 INFO  CreateClassResetClassAdapter - Found static initializer in class org/eclipse/jetty/util/log/JettyAwareLogger
2024-11-12 13:42:44,005 INFO  EvoClassLoader - Keeping class: org.eclipse.jetty.util.log.JettyAwareLogger
2024-11-12 13:42:44,005 INFO  EvoClassLoader - Seeing class for first time: org.eclipse.jetty.util.Uptime$DefaultImpl
2024-11-12 13:42:44,005 INFO  EvoClassLoader - Instrumenting class 'org.eclipse.jetty.util.Uptime$DefaultImpl'.
2024-11-12 13:42:44,006 INFO  MethodCallReplacementClassAdapter - Adding mock interface to class org/eclipse/jetty/util/Uptime$DefaultImpl
2024-11-12 13:42:44,008 INFO  CreateClassResetClassAdapter - Creating brand-new static initializer in class org/eclipse/jetty/util/Uptime$DefaultImpl
2024-11-12 13:42:44,009 INFO  EvoClassLoader - Seeing class for first time: org.eclipse.jetty.util.Uptime$Impl
2024-11-12 13:42:44,009 INFO  EvoClassLoader - Instrumenting class 'org.eclipse.jetty.util.Uptime$Impl'.
2024-11-12 13:42:44,009 INFO  EvoClassLoader - Keeping class: org.eclipse.jetty.util.Uptime$Impl
2024-11-12 13:42:44,010 INFO  EvoClassLoader - Keeping class: org.eclipse.jetty.util.Uptime$DefaultImpl
2024-11-12 13:42:44,010 INFO  EvoClassLoader - Seeing class for first time: org.eclipse.jetty.util.Uptime
2024-11-12 13:42:44,010 INFO  EvoClassLoader - Instrumenting class 'org.eclipse.jetty.util.Uptime'.
2024-11-12 13:42:44,010 INFO  MethodCallReplacementClassAdapter - Adding mock interface to class org/eclipse/jetty/util/Uptime
2024-11-12 13:42:44,010 INFO  CreateClassResetClassAdapter - Found static initializer in class org/eclipse/jetty/util/Uptime
2024-11-12 13:42:44,010 INFO  EvoClassLoader - Keeping class: org.eclipse.jetty.util.Uptime
2024-11-12 13:42:44,012 INFO  EvoClassLoader - Seeing class for first time: org.eclipse.jetty.io.MappedByteBufferPool
2024-11-12 13:42:44,012 INFO  EvoClassLoader - Instrumenting class 'org.eclipse.jetty.io.MappedByteBufferPool'.
2024-11-12 13:42:44,012 INFO  MethodCallReplacementClassAdapter - Adding mock interface to class org/eclipse/jetty/io/MappedByteBufferPool
2024-11-12 13:42:44,014 INFO  CreateClassResetClassAdapter - Found static initializer in class org/eclipse/jetty/io/MappedByteBufferPool
2024-11-12 13:42:44,014 INFO  EvoClassLoader - Seeing class for first time: org.eclipse.jetty.util.component.Dumpable
2024-11-12 13:42:44,014 INFO  EvoClassLoader - Instrumenting class 'org.eclipse.jetty.util.component.Dumpable'.
2024-11-12 13:42:44,015 INFO  EvoClassLoader - Defined package (3): package org.eclipse.jetty.util.component, 1836137266
2024-11-12 13:42:44,016 INFO  EvoClassLoader - Keeping class: org.eclipse.jetty.util.component.Dumpable
2024-11-12 13:42:44,016 INFO  EvoClassLoader - Keeping class: org.eclipse.jetty.io.MappedByteBufferPool
2024-11-12 13:42:44,017 INFO  EvoClassLoader - Seeing class for first time: org.eclipse.jetty.io.ByteBufferPool$Bucket
2024-11-12 13:42:44,017 INFO  EvoClassLoader - Instrumenting class 'org.eclipse.jetty.io.ByteBufferPool$Bucket'.
2024-11-12 13:42:44,017 INFO  MethodCallReplacementClassAdapter - Adding mock interface to class org/eclipse/jetty/io/ByteBufferPool$Bucket
2024-11-12 13:42:44,017 INFO  CreateClassResetClassAdapter - Creating brand-new static initializer in class org/eclipse/jetty/io/ByteBufferPool$Bucket
2024-11-12 13:42:44,017 INFO  EvoClassLoader - Keeping class: org.eclipse.jetty.io.ByteBufferPool$Bucket
2024-11-12 13:42:44,019 INFO  log - Logging initialized @25949ms to org.eclipse.jetty.util.log.Slf4jLog
2024-11-12 13:42:44,020 INFO  EvoClassLoader - Seeing class for first time: org.eclipse.jetty.io.ArrayByteBufferPool
2024-11-12 13:42:44,020 INFO  EvoClassLoader - Instrumenting class 'org.eclipse.jetty.io.ArrayByteBufferPool'.
2024-11-12 13:42:44,020 INFO  MethodCallReplacementClassAdapter - Adding mock interface to class org/eclipse/jetty/io/ArrayByteBufferPool
2024-11-12 13:42:44,021 INFO  CreateClassResetClassAdapter - Found static initializer in class org/eclipse/jetty/io/ArrayByteBufferPool
2024-11-12 13:42:44,022 INFO  EvoClassLoader - Keeping class: org.eclipse.jetty.io.ArrayByteBufferPool
2024-11-12 13:42:44,023 INFO  EvoClassLoader - Seeing class for first time: org.apache.hadoop.thirdparty.protobuf.ExtensionRegistryLite$ObjectIntPair
2024-11-12 13:42:44,023 INFO  EvoClassLoader - Instrumenting class 'org.apache.hadoop.thirdparty.protobuf.ExtensionRegistryLite$ObjectIntPair'.
2024-11-12 13:42:44,024 INFO  MethodCallReplacementClassAdapter - Adding mock interface to class org/apache/hadoop/thirdparty/protobuf/ExtensionRegistryLite$ObjectIntPair
2024-11-12 13:42:44,024 INFO  CreateClassResetClassAdapter - Creating brand-new static initializer in class org/apache/hadoop/thirdparty/protobuf/ExtensionRegistryLite$ObjectIntPair
2024-11-12 13:42:44,024 INFO  EvoClassLoader - Keeping class: org.apache.hadoop.thirdparty.protobuf.ExtensionRegistryLite$ObjectIntPair
2024-11-12 13:42:44,024 INFO  EvoClassLoader - Seeing class for first time: org.apache.hadoop.thirdparty.protobuf.DescriptorProtos$UninterpretedOption$NamePart$Builder
2024-11-12 13:42:44,024 INFO  EvoClassLoader - Instrumenting class 'org.apache.hadoop.thirdparty.protobuf.DescriptorProtos$UninterpretedOption$NamePart$Builder'.
2024-11-12 13:42:44,024 INFO  MethodCallReplacementClassAdapter - Adding mock interface to class org/apache/hadoop/thirdparty/protobuf/DescriptorProtos$UninterpretedOption$NamePart$Builder
2024-11-12 13:42:44,027 INFO  CreateClassResetClassAdapter - Creating brand-new static initializer in class org/apache/hadoop/thirdparty/protobuf/DescriptorProtos$UninterpretedOption$NamePart$Builder
2024-11-12 13:42:44,028 INFO  EvoClassLoader - Keeping class: org.apache.hadoop.thirdparty.protobuf.DescriptorProtos$UninterpretedOption$NamePart$Builder
2024-11-12 13:42:44,028 INFO  EvoClassLoader - Seeing class for first time: org.apache.hadoop.thirdparty.protobuf.MapEntryLite
2024-11-12 13:42:44,028 INFO  EvoClassLoader - Instrumenting class 'org.apache.hadoop.thirdparty.protobuf.MapEntryLite'.
2024-11-12 13:42:44,028 INFO  MethodCallReplacementClassAdapter - Adding mock interface to class org/apache/hadoop/thirdparty/protobuf/MapEntryLite
2024-11-12 13:42:44,029 INFO  CreateClassResetClassAdapter - Creating brand-new static initializer in class org/apache/hadoop/thirdparty/protobuf/MapEntryLite
2024-11-12 13:42:44,029 INFO  CreateClassResetClassAdapter - Adding bytecode for initializing field KEY_FIELD_NUMBER
2024-11-12 13:42:44,029 INFO  CreateClassResetClassAdapter - Adding bytecode for initializing field VALUE_FIELD_NUMBER
2024-11-12 13:42:44,029 INFO  EvoClassLoader - Keeping class: org.apache.hadoop.thirdparty.protobuf.MapEntryLite
2024-11-12 13:42:44,029 INFO  EvoClassLoader - Seeing class for first time: org.apache.hadoop.thirdparty.protobuf.MapEntry$Metadata$1
2024-11-12 13:42:44,029 INFO  EvoClassLoader - Instrumenting class 'org.apache.hadoop.thirdparty.protobuf.MapEntry$Metadata$1'.
2024-11-12 13:42:44,030 INFO  MethodCallReplacementClassAdapter - Adding mock interface to class org/apache/hadoop/thirdparty/protobuf/MapEntry$Metadata$1
2024-11-12 13:42:44,030 INFO  EvoClassLoader - Keeping class: org.apache.hadoop.thirdparty.protobuf.MapEntry$Metadata$1
2024-11-12 13:42:44,030 INFO  EvoClassLoader - Seeing class for first time: org.apache.hadoop.thirdparty.protobuf.Mixin$1
2024-11-12 13:42:44,030 INFO  EvoClassLoader - Instrumenting class 'org.apache.hadoop.thirdparty.protobuf.Mixin$1'.
2024-11-12 13:42:44,030 INFO  MethodCallReplacementClassAdapter - Adding mock interface to class org/apache/hadoop/thirdparty/protobuf/Mixin$1
2024-11-12 13:42:44,030 INFO  EvoClassLoader - Keeping class: org.apache.hadoop.thirdparty.protobuf.Mixin$1
2024-11-12 13:42:44,030 INFO  EvoClassLoader - Seeing class for first time: org.apache.hadoop.thirdparty.protobuf.Mixin
2024-11-12 13:42:44,030 INFO  EvoClassLoader - Instrumenting class 'org.apache.hadoop.thirdparty.protobuf.Mixin'.
2024-11-12 13:42:44,031 INFO  MethodCallReplacementClassAdapter - Adding mock interface to class org/apache/hadoop/thirdparty/protobuf/Mixin
2024-11-12 13:42:44,031 INFO  CreateClassResetClassAdapter - Found static initializer in class org/apache/hadoop/thirdparty/protobuf/Mixin
2024-11-12 13:42:44,031 INFO  EvoClassLoader - Seeing class for first time: org.apache.hadoop.thirdparty.protobuf.MixinOrBuilder
2024-11-12 13:42:44,031 INFO  EvoClassLoader - Instrumenting class 'org.apache.hadoop.thirdparty.protobuf.MixinOrBuilder'.
2024-11-12 13:42:44,032 INFO  EvoClassLoader - Keeping class: org.apache.hadoop.thirdparty.protobuf.MixinOrBuilder
2024-11-12 13:42:44,032 INFO  EvoClassLoader - Keeping class: org.apache.hadoop.thirdparty.protobuf.Mixin
2024-11-12 13:42:44,032 INFO  EvoClassLoader - Seeing class for first time: org.apache.hadoop.thirdparty.protobuf.Mixin$Builder
2024-11-12 13:42:44,032 INFO  EvoClassLoader - Instrumenting class 'org.apache.hadoop.thirdparty.protobuf.Mixin$Builder'.
2024-11-12 13:42:44,032 INFO  MethodCallReplacementClassAdapter - Adding mock interface to class org/apache/hadoop/thirdparty/protobuf/Mixin$Builder
2024-11-12 13:42:44,033 INFO  CreateClassResetClassAdapter - Creating brand-new static initializer in class org/apache/hadoop/thirdparty/protobuf/Mixin$Builder
2024-11-12 13:42:44,033 INFO  EvoClassLoader - Keeping class: org.apache.hadoop.thirdparty.protobuf.Mixin$Builder
2024-11-12 13:42:44,034 INFO  EvoClassLoader - Seeing class for first time: org.apache.hadoop.thirdparty.protobuf.DescriptorProtos$OneofOptions$Builder
2024-11-12 13:42:44,034 INFO  EvoClassLoader - Instrumenting class 'org.apache.hadoop.thirdparty.protobuf.DescriptorProtos$OneofOptions$Builder'.
2024-11-12 13:42:44,034 INFO  MethodCallReplacementClassAdapter - Adding mock interface to class org/apache/hadoop/thirdparty/protobuf/DescriptorProtos$OneofOptions$Builder
2024-11-12 13:42:44,035 INFO  CreateClassResetClassAdapter - Creating brand-new static initializer in class org/apache/hadoop/thirdparty/protobuf/DescriptorProtos$OneofOptions$Builder
2024-11-12 13:42:44,035 INFO  EvoClassLoader - Keeping class: org.apache.hadoop.thirdparty.protobuf.DescriptorProtos$OneofOptions$Builder
2024-11-12 13:42:44,036 INFO  EvoClassLoader - Seeing class for first time: org.apache.hadoop.thirdparty.protobuf.DescriptorProtos$GeneratedCodeInfo$Annotation$Builder
2024-11-12 13:42:44,036 INFO  EvoClassLoader - Instrumenting class 'org.apache.hadoop.thirdparty.protobuf.DescriptorProtos$GeneratedCodeInfo$Annotation$Builder'.
2024-11-12 13:42:44,037 INFO  MethodCallReplacementClassAdapter - Adding mock interface to class org/apache/hadoop/thirdparty/protobuf/DescriptorProtos$GeneratedCodeInfo$Annotation$Builder
2024-11-12 13:42:44,038 INFO  CreateClassResetClassAdapter - Creating brand-new static initializer in class org/apache/hadoop/thirdparty/protobuf/DescriptorProtos$GeneratedCodeInfo$Annotation$Builder
2024-11-12 13:42:44,038 INFO  EvoClassLoader - Keeping class: org.apache.hadoop.thirdparty.protobuf.DescriptorProtos$GeneratedCodeInfo$Annotation$Builder
2024-11-12 13:42:44,038 INFO  EvoClassLoader - Seeing class for first time: org.apache.hadoop.thirdparty.protobuf.Api$1
2024-11-12 13:42:44,038 INFO  EvoClassLoader - Instrumenting class 'org.apache.hadoop.thirdparty.protobuf.Api$1'.
2024-11-12 13:42:44,038 INFO  MethodCallReplacementClassAdapter - Adding mock interface to class org/apache/hadoop/thirdparty/protobuf/Api$1
2024-11-12 13:42:44,038 INFO  EvoClassLoader - Keeping class: org.apache.hadoop.thirdparty.protobuf.Api$1
2024-11-12 13:42:44,038 INFO  EvoClassLoader - Seeing class for first time: org.apache.hadoop.thirdparty.protobuf.Api
2024-11-12 13:42:44,038 INFO  EvoClassLoader - Instrumenting class 'org.apache.hadoop.thirdparty.protobuf.Api'.
2024-11-12 13:42:44,039 INFO  MethodCallReplacementClassAdapter - Adding mock interface to class org/apache/hadoop/thirdparty/protobuf/Api
2024-11-12 13:42:44,039 INFO  CreateClassResetClassAdapter - Found static initializer in class org/apache/hadoop/thirdparty/protobuf/Api
2024-11-12 13:42:44,039 INFO  EvoClassLoader - Seeing class for first time: org.apache.hadoop.thirdparty.protobuf.ApiOrBuilder
2024-11-12 13:42:44,039 INFO  EvoClassLoader - Instrumenting class 'org.apache.hadoop.thirdparty.protobuf.ApiOrBuilder'.
2024-11-12 13:42:44,040 INFO  EvoClassLoader - Keeping class: org.apache.hadoop.thirdparty.protobuf.ApiOrBuilder
2024-11-12 13:42:44,040 INFO  EvoClassLoader - Keeping class: org.apache.hadoop.thirdparty.protobuf.Api
2024-11-12 13:42:44,040 INFO  EvoClassLoader - Seeing class for first time: org.apache.hadoop.thirdparty.protobuf.SourceContextOrBuilder
2024-11-12 13:42:44,040 INFO  EvoClassLoader - Instrumenting class 'org.apache.hadoop.thirdparty.protobuf.SourceContextOrBuilder'.
2024-11-12 13:42:44,040 INFO  EvoClassLoader - Keeping class: org.apache.hadoop.thirdparty.protobuf.SourceContextOrBuilder
2024-11-12 13:42:44,040 INFO  EvoClassLoader - Seeing class for first time: org.apache.hadoop.thirdparty.protobuf.SourceContext
2024-11-12 13:42:44,040 INFO  EvoClassLoader - Instrumenting class 'org.apache.hadoop.thirdparty.protobuf.SourceContext'.
2024-11-12 13:42:44,040 INFO  MethodCallReplacementClassAdapter - Adding mock interface to class org/apache/hadoop/thirdparty/protobuf/SourceContext
2024-11-12 13:42:44,041 INFO  CreateClassResetClassAdapter - Found static initializer in class org/apache/hadoop/thirdparty/protobuf/SourceContext
2024-11-12 13:42:44,041 INFO  EvoClassLoader - Keeping class: org.apache.hadoop.thirdparty.protobuf.SourceContext
2024-11-12 13:42:44,041 INFO  EvoClassLoader - Seeing class for first time: org.apache.hadoop.thirdparty.protobuf.Option
2024-11-12 13:42:44,041 INFO  EvoClassLoader - Instrumenting class 'org.apache.hadoop.thirdparty.protobuf.Option'.
2024-11-12 13:42:44,041 INFO  MethodCallReplacementClassAdapter - Adding mock interface to class org/apache/hadoop/thirdparty/protobuf/Option
2024-11-12 13:42:44,041 INFO  CreateClassResetClassAdapter - Found static initializer in class org/apache/hadoop/thirdparty/protobuf/Option
2024-11-12 13:42:44,042 INFO  EvoClassLoader - Seeing class for first time: org.apache.hadoop.thirdparty.protobuf.OptionOrBuilder
2024-11-12 13:42:44,042 INFO  EvoClassLoader - Instrumenting class 'org.apache.hadoop.thirdparty.protobuf.OptionOrBuilder'.
2024-11-12 13:42:44,042 INFO  EvoClassLoader - Keeping class: org.apache.hadoop.thirdparty.protobuf.OptionOrBuilder
2024-11-12 13:42:44,042 INFO  EvoClassLoader - Keeping class: org.apache.hadoop.thirdparty.protobuf.Option
2024-11-12 13:42:44,042 INFO  EvoClassLoader - Seeing class for first time: org.apache.hadoop.thirdparty.protobuf.Api$Builder
2024-11-12 13:42:44,042 INFO  EvoClassLoader - Instrumenting class 'org.apache.hadoop.thirdparty.protobuf.Api$Builder'.
2024-11-12 13:42:44,042 INFO  MethodCallReplacementClassAdapter - Adding mock interface to class org/apache/hadoop/thirdparty/protobuf/Api$Builder
2024-11-12 13:42:44,043 INFO  CreateClassResetClassAdapter - Creating brand-new static initializer in class org/apache/hadoop/thirdparty/protobuf/Api$Builder
2024-11-12 13:42:44,044 INFO  EvoClassLoader - Keeping class: org.apache.hadoop.thirdparty.protobuf.Api$Builder
2024-11-12 13:42:44,044 INFO  EvoClassLoader - Seeing class for first time: org.apache.hadoop.thirdparty.protobuf.MethodOrBuilder
2024-11-12 13:42:44,044 INFO  EvoClassLoader - Instrumenting class 'org.apache.hadoop.thirdparty.protobuf.MethodOrBuilder'.
2024-11-12 13:42:44,044 INFO  EvoClassLoader - Keeping class: org.apache.hadoop.thirdparty.protobuf.MethodOrBuilder
2024-11-12 13:42:44,045 INFO  EvoClassLoader - Seeing class for first time: org.apache.hadoop.thirdparty.protobuf.Syntax
2024-11-12 13:42:44,045 INFO  EvoClassLoader - Instrumenting class 'org.apache.hadoop.thirdparty.protobuf.Syntax'.
2024-11-12 13:42:44,045 INFO  MethodCallReplacementClassAdapter - Adding mock interface to class org/apache/hadoop/thirdparty/protobuf/Syntax
2024-11-12 13:42:44,045 INFO  CreateClassResetClassAdapter - Found static initializer in class org/apache/hadoop/thirdparty/protobuf/Syntax
2024-11-12 13:42:44,046 INFO  EvoClassLoader - Keeping class: org.apache.hadoop.thirdparty.protobuf.Syntax
2024-11-12 13:42:44,046 INFO  EvoClassLoader - Seeing class for first time: org.apache.hadoop.thirdparty.protobuf.Method
2024-11-12 13:42:44,046 INFO  EvoClassLoader - Instrumenting class 'org.apache.hadoop.thirdparty.protobuf.Method'.
2024-11-12 13:42:44,046 INFO  MethodCallReplacementClassAdapter - Adding mock interface to class org/apache/hadoop/thirdparty/protobuf/Method
2024-11-12 13:42:44,046 INFO  CreateClassResetClassAdapter - Found static initializer in class org/apache/hadoop/thirdparty/protobuf/Method
2024-11-12 13:42:44,046 INFO  EvoClassLoader - Keeping class: org.apache.hadoop.thirdparty.protobuf.Method
2024-11-12 13:42:44,047 INFO  EvoClassLoader - Seeing class for first time: org.apache.hadoop.thirdparty.protobuf.SourceContextProto
2024-11-12 13:42:44,047 INFO  EvoClassLoader - Instrumenting class 'org.apache.hadoop.thirdparty.protobuf.SourceContextProto'.
2024-11-12 13:42:44,047 INFO  MethodCallReplacementClassAdapter - Adding mock interface to class org/apache/hadoop/thirdparty/protobuf/SourceContextProto
2024-11-12 13:42:44,047 INFO  CreateClassResetClassAdapter - Found static initializer in class org/apache/hadoop/thirdparty/protobuf/SourceContextProto
2024-11-12 13:42:44,047 INFO  EvoClassLoader - Keeping class: org.apache.hadoop.thirdparty.protobuf.SourceContextProto
2024-11-12 13:42:44,048 INFO  EvoClassLoader - Seeing class for first time: org.apache.hadoop.thirdparty.protobuf.AnyProto
2024-11-12 13:42:44,048 INFO  EvoClassLoader - Instrumenting class 'org.apache.hadoop.thirdparty.protobuf.AnyProto'.
2024-11-12 13:42:44,048 INFO  MethodCallReplacementClassAdapter - Adding mock interface to class org/apache/hadoop/thirdparty/protobuf/AnyProto
2024-11-12 13:42:44,048 INFO  CreateClassResetClassAdapter - Found static initializer in class org/apache/hadoop/thirdparty/protobuf/AnyProto
2024-11-12 13:42:44,048 INFO  EvoClassLoader - Keeping class: org.apache.hadoop.thirdparty.protobuf.AnyProto
2024-11-12 13:42:44,048 INFO  EvoClassLoader - Seeing class for first time: org.apache.hadoop.thirdparty.protobuf.UnmodifiableLazyStringList
2024-11-12 13:42:44,048 INFO  EvoClassLoader - Instrumenting class 'org.apache.hadoop.thirdparty.protobuf.UnmodifiableLazyStringList'.
2024-11-12 13:42:44,049 INFO  MethodCallReplacementClassAdapter - Adding mock interface to class org/apache/hadoop/thirdparty/protobuf/UnmodifiableLazyStringList
2024-11-12 13:42:44,049 INFO  CreateClassResetClassAdapter - Creating brand-new static initializer in class org/apache/hadoop/thirdparty/protobuf/UnmodifiableLazyStringList
2024-11-12 13:42:44,049 INFO  EvoClassLoader - Keeping class: org.apache.hadoop.thirdparty.protobuf.UnmodifiableLazyStringList
2024-11-12 13:42:44,050 INFO  EvoClassLoader - Seeing class for first time: org.apache.hadoop.thirdparty.protobuf.TypeProto
2024-11-12 13:42:44,050 INFO  EvoClassLoader - Instrumenting class 'org.apache.hadoop.thirdparty.protobuf.TypeProto'.
2024-11-12 13:42:44,050 INFO  MethodCallReplacementClassAdapter - Adding mock interface to class org/apache/hadoop/thirdparty/protobuf/TypeProto
2024-11-12 13:42:44,050 INFO  CreateClassResetClassAdapter - Found static initializer in class org/apache/hadoop/thirdparty/protobuf/TypeProto
2024-11-12 13:42:44,050 INFO  EvoClassLoader - Keeping class: org.apache.hadoop.thirdparty.protobuf.TypeProto
2024-11-12 13:42:44,054 INFO  EvoClassLoader - Seeing class for first time: org.apache.hadoop.thirdparty.protobuf.ApiProto
2024-11-12 13:42:44,054 INFO  EvoClassLoader - Instrumenting class 'org.apache.hadoop.thirdparty.protobuf.ApiProto'.
2024-11-12 13:42:44,055 INFO  MethodCallReplacementClassAdapter - Adding mock interface to class org/apache/hadoop/thirdparty/protobuf/ApiProto
2024-11-12 13:42:44,055 INFO  CreateClassResetClassAdapter - Found static initializer in class org/apache/hadoop/thirdparty/protobuf/ApiProto
2024-11-12 13:42:44,055 INFO  EvoClassLoader - Keeping class: org.apache.hadoop.thirdparty.protobuf.ApiProto
2024-11-12 13:42:44,056 INFO  EvoClassLoader - Seeing class for first time: org.apache.hadoop.thirdparty.protobuf.EnumValue$1
2024-11-12 13:42:44,056 INFO  EvoClassLoader - Instrumenting class 'org.apache.hadoop.thirdparty.protobuf.EnumValue$1'.
2024-11-12 13:42:44,056 INFO  MethodCallReplacementClassAdapter - Adding mock interface to class org/apache/hadoop/thirdparty/protobuf/EnumValue$1
2024-11-12 13:42:44,056 INFO  EvoClassLoader - Keeping class: org.apache.hadoop.thirdparty.protobuf.EnumValue$1
2024-11-12 13:42:44,056 INFO  EvoClassLoader - Seeing class for first time: org.apache.hadoop.thirdparty.protobuf.EnumValue
2024-11-12 13:42:44,056 INFO  EvoClassLoader - Instrumenting class 'org.apache.hadoop.thirdparty.protobuf.EnumValue'.
2024-11-12 13:42:44,056 INFO  MethodCallReplacementClassAdapter - Adding mock interface to class org/apache/hadoop/thirdparty/protobuf/EnumValue
2024-11-12 13:42:44,057 INFO  CreateClassResetClassAdapter - Found static initializer in class org/apache/hadoop/thirdparty/protobuf/EnumValue
2024-11-12 13:42:44,057 INFO  EvoClassLoader - Seeing class for first time: org.apache.hadoop.thirdparty.protobuf.EnumValueOrBuilder
2024-11-12 13:42:44,057 INFO  EvoClassLoader - Instrumenting class 'org.apache.hadoop.thirdparty.protobuf.EnumValueOrBuilder'.
2024-11-12 13:42:44,057 INFO  EvoClassLoader - Keeping class: org.apache.hadoop.thirdparty.protobuf.EnumValueOrBuilder
2024-11-12 13:42:44,057 INFO  EvoClassLoader - Keeping class: org.apache.hadoop.thirdparty.protobuf.EnumValue
2024-11-12 13:42:44,058 INFO  EvoClassLoader - Seeing class for first time: org.apache.hadoop.thirdparty.protobuf.EnumValue$Builder
2024-11-12 13:42:44,058 INFO  EvoClassLoader - Instrumenting class 'org.apache.hadoop.thirdparty.protobuf.EnumValue$Builder'.
2024-11-12 13:42:44,058 INFO  MethodCallReplacementClassAdapter - Adding mock interface to class org/apache/hadoop/thirdparty/protobuf/EnumValue$Builder
2024-11-12 13:42:44,058 INFO  CreateClassResetClassAdapter - Creating brand-new static initializer in class org/apache/hadoop/thirdparty/protobuf/EnumValue$Builder
2024-11-12 13:42:44,059 INFO  EvoClassLoader - Keeping class: org.apache.hadoop.thirdparty.protobuf.EnumValue$Builder
2024-11-12 13:42:44,059 INFO  EvoClassLoader - Seeing class for first time: org.apache.hadoop.thirdparty.protobuf.DescriptorProtos$EnumValueOptions$1
2024-11-12 13:42:44,059 INFO  EvoClassLoader - Instrumenting class 'org.apache.hadoop.thirdparty.protobuf.DescriptorProtos$EnumValueOptions$1'.
2024-11-12 13:42:44,059 INFO  MethodCallReplacementClassAdapter - Adding mock interface to class org/apache/hadoop/thirdparty/protobuf/DescriptorProtos$EnumValueOptions$1
2024-11-12 13:42:44,060 INFO  EvoClassLoader - Keeping class: org.apache.hadoop.thirdparty.protobuf.DescriptorProtos$EnumValueOptions$1
2024-11-12 13:42:44,060 INFO  EvoClassLoader - Seeing class for first time: org.apache.hadoop.thirdparty.protobuf.ListValue$Builder
2024-11-12 13:42:44,060 INFO  EvoClassLoader - Instrumenting class 'org.apache.hadoop.thirdparty.protobuf.ListValue$Builder'.
2024-11-12 13:42:44,060 INFO  MethodCallReplacementClassAdapter - Adding mock interface to class org/apache/hadoop/thirdparty/protobuf/ListValue$Builder
2024-11-12 13:42:44,061 INFO  CreateClassResetClassAdapter - Creating brand-new static initializer in class org/apache/hadoop/thirdparty/protobuf/ListValue$Builder
2024-11-12 13:42:44,061 INFO  EvoClassLoader - Seeing class for first time: org.apache.hadoop.thirdparty.protobuf.ListValueOrBuilder
2024-11-12 13:42:44,061 INFO  EvoClassLoader - Instrumenting class 'org.apache.hadoop.thirdparty.protobuf.ListValueOrBuilder'.
2024-11-12 13:42:44,061 INFO  EvoClassLoader - Keeping class: org.apache.hadoop.thirdparty.protobuf.ListValueOrBuilder
2024-11-12 13:42:44,061 INFO  EvoClassLoader - Keeping class: org.apache.hadoop.thirdparty.protobuf.ListValue$Builder
2024-11-12 13:42:44,061 INFO  EvoClassLoader - Seeing class for first time: org.apache.hadoop.thirdparty.protobuf.ListValue
2024-11-12 13:42:44,061 INFO  EvoClassLoader - Instrumenting class 'org.apache.hadoop.thirdparty.protobuf.ListValue'.
2024-11-12 13:42:44,062 INFO  MethodCallReplacementClassAdapter - Adding mock interface to class org/apache/hadoop/thirdparty/protobuf/ListValue
2024-11-12 13:42:44,062 INFO  CreateClassResetClassAdapter - Found static initializer in class org/apache/hadoop/thirdparty/protobuf/ListValue
2024-11-12 13:42:44,062 INFO  EvoClassLoader - Keeping class: org.apache.hadoop.thirdparty.protobuf.ListValue
2024-11-12 13:42:44,062 INFO  EvoClassLoader - Seeing class for first time: org.apache.hadoop.thirdparty.protobuf.Value
2024-11-12 13:42:44,062 INFO  EvoClassLoader - Instrumenting class 'org.apache.hadoop.thirdparty.protobuf.Value'.
2024-11-12 13:42:44,063 INFO  MethodCallReplacementClassAdapter - Adding mock interface to class org/apache/hadoop/thirdparty/protobuf/Value
2024-11-12 13:42:44,063 INFO  CreateClassResetClassAdapter - Found static initializer in class org/apache/hadoop/thirdparty/protobuf/Value
2024-11-12 13:42:44,063 INFO  EvoClassLoader - Seeing class for first time: org.apache.hadoop.thirdparty.protobuf.ValueOrBuilder
2024-11-12 13:42:44,063 INFO  EvoClassLoader - Instrumenting class 'org.apache.hadoop.thirdparty.protobuf.ValueOrBuilder'.
2024-11-12 13:42:44,063 INFO  EvoClassLoader - Keeping class: org.apache.hadoop.thirdparty.protobuf.ValueOrBuilder
2024-11-12 13:42:44,063 INFO  EvoClassLoader - Keeping class: org.apache.hadoop.thirdparty.protobuf.Value
2024-11-12 13:42:44,064 INFO  EvoClassLoader - Seeing class for first time: org.apache.hadoop.thirdparty.protobuf.Value$Builder
2024-11-12 13:42:44,064 INFO  EvoClassLoader - Instrumenting class 'org.apache.hadoop.thirdparty.protobuf.Value$Builder'.
2024-11-12 13:42:44,064 INFO  MethodCallReplacementClassAdapter - Adding mock interface to class org/apache/hadoop/thirdparty/protobuf/Value$Builder
2024-11-12 13:42:44,065 INFO  CreateClassResetClassAdapter - Creating brand-new static initializer in class org/apache/hadoop/thirdparty/protobuf/Value$Builder
2024-11-12 13:42:44,065 INFO  EvoClassLoader - Keeping class: org.apache.hadoop.thirdparty.protobuf.Value$Builder
2024-11-12 13:42:44,067 INFO  EvoClassLoader - Seeing class for first time: org.apache.hadoop.thirdparty.protobuf.StructProto
2024-11-12 13:42:44,067 INFO  EvoClassLoader - Instrumenting class 'org.apache.hadoop.thirdparty.protobuf.StructProto'.
2024-11-12 13:42:44,067 INFO  MethodCallReplacementClassAdapter - Adding mock interface to class org/apache/hadoop/thirdparty/protobuf/StructProto
2024-11-12 13:42:44,067 INFO  CreateClassResetClassAdapter - Found static initializer in class org/apache/hadoop/thirdparty/protobuf/StructProto
2024-11-12 13:42:44,068 INFO  EvoClassLoader - Keeping class: org.apache.hadoop.thirdparty.protobuf.StructProto
2024-11-12 13:42:44,071 INFO  EvoClassLoader - Seeing class for first time: org.eclipse.jetty.io.LogarithmicArrayByteBufferPool
2024-11-12 13:42:44,071 INFO  EvoClassLoader - Instrumenting class 'org.eclipse.jetty.io.LogarithmicArrayByteBufferPool'.
2024-11-12 13:42:44,072 INFO  MethodCallReplacementClassAdapter - Adding mock interface to class org/eclipse/jetty/io/LogarithmicArrayByteBufferPool
2024-11-12 13:42:44,072 INFO  CreateClassResetClassAdapter - Creating brand-new static initializer in class org/eclipse/jetty/io/LogarithmicArrayByteBufferPool
2024-11-12 13:42:44,072 INFO  EvoClassLoader - Keeping class: org.eclipse.jetty.io.LogarithmicArrayByteBufferPool
2024-11-12 13:42:44,073 INFO  EvoClassLoader - Seeing class for first time: org.eclipse.jetty.util.AbstractTrie
2024-11-12 13:42:44,073 INFO  EvoClassLoader - Instrumenting class 'org.eclipse.jetty.util.AbstractTrie'.
2024-11-12 13:42:44,073 INFO  MethodCallReplacementClassAdapter - Adding mock interface to class org/eclipse/jetty/util/AbstractTrie
2024-11-12 13:42:44,073 INFO  CreateClassResetClassAdapter - Creating brand-new static initializer in class org/eclipse/jetty/util/AbstractTrie
2024-11-12 13:42:44,074 INFO  EvoClassLoader - Seeing class for first time: org.eclipse.jetty.util.Trie
2024-11-12 13:42:44,074 INFO  EvoClassLoader - Instrumenting class 'org.eclipse.jetty.util.Trie'.
2024-11-12 13:42:44,074 INFO  EvoClassLoader - Keeping class: org.eclipse.jetty.util.Trie
2024-11-12 13:42:44,074 INFO  EvoClassLoader - Keeping class: org.eclipse.jetty.util.AbstractTrie
2024-11-12 13:42:44,074 INFO  EvoClassLoader - Seeing class for first time: org.eclipse.jetty.util.ArrayTrie
2024-11-12 13:42:44,074 INFO  EvoClassLoader - Instrumenting class 'org.eclipse.jetty.util.ArrayTrie'.
2024-11-12 13:42:44,075 INFO  MethodCallReplacementClassAdapter - Adding mock interface to class org/eclipse/jetty/util/ArrayTrie
2024-11-12 13:42:44,076 INFO  CreateClassResetClassAdapter - Found static initializer in class org/eclipse/jetty/util/ArrayTrie
2024-11-12 13:42:44,076 INFO  EvoClassLoader - Keeping class: org.eclipse.jetty.util.ArrayTrie
2024-11-12 13:42:44,076 INFO  EvoClassLoader - Seeing class for first time: org.eclipse.jetty.util.MathUtils
2024-11-12 13:42:44,076 INFO  EvoClassLoader - Instrumenting class 'org.eclipse.jetty.util.MathUtils'.
2024-11-12 13:42:44,077 INFO  MethodCallReplacementClassAdapter - Adding mock interface to class org/eclipse/jetty/util/MathUtils
2024-11-12 13:42:44,077 INFO  CreateClassResetClassAdapter - Creating brand-new static initializer in class org/eclipse/jetty/util/MathUtils
2024-11-12 13:42:44,077 INFO  EvoClassLoader - Keeping class: org.eclipse.jetty.util.MathUtils
2024-11-12 13:42:44,077 INFO  EvoClassLoader - Seeing class for first time: org.eclipse.jetty.util.StringUtil
2024-11-12 13:42:44,077 INFO  EvoClassLoader - Instrumenting class 'org.eclipse.jetty.util.StringUtil'.
2024-11-12 13:42:44,077 INFO  MethodCallReplacementClassAdapter - Adding mock interface to class org/eclipse/jetty/util/StringUtil
2024-11-12 13:42:44,078 INFO  CreateClassResetClassAdapter - Found static initializer in class org/eclipse/jetty/util/StringUtil
2024-11-12 13:42:44,078 INFO  EvoClassLoader - Keeping class: org.eclipse.jetty.util.StringUtil
2024-11-12 13:42:44,079 INFO  EvoClassLoader - Seeing class for first time: org.apache.hadoop.thirdparty.protobuf.Method$1
2024-11-12 13:42:44,079 INFO  EvoClassLoader - Instrumenting class 'org.apache.hadoop.thirdparty.protobuf.Method$1'.
2024-11-12 13:42:44,079 INFO  MethodCallReplacementClassAdapter - Adding mock interface to class org/apache/hadoop/thirdparty/protobuf/Method$1
2024-11-12 13:42:44,080 INFO  EvoClassLoader - Keeping class: org.apache.hadoop.thirdparty.protobuf.Method$1
2024-11-12 13:42:44,080 INFO  EvoClassLoader - Seeing class for first time: org.apache.hadoop.thirdparty.protobuf.Method$Builder
2024-11-12 13:42:44,080 INFO  EvoClassLoader - Instrumenting class 'org.apache.hadoop.thirdparty.protobuf.Method$Builder'.
2024-11-12 13:42:44,080 INFO  MethodCallReplacementClassAdapter - Adding mock interface to class org/apache/hadoop/thirdparty/protobuf/Method$Builder
2024-11-12 13:42:44,081 INFO  CreateClassResetClassAdapter - Creating brand-new static initializer in class org/apache/hadoop/thirdparty/protobuf/Method$Builder
2024-11-12 13:42:44,082 INFO  EvoClassLoader - Keeping class: org.apache.hadoop.thirdparty.protobuf.Method$Builder
2024-11-12 13:42:44,082 INFO  EvoClassLoader - Seeing class for first time: org.apache.hadoop.thirdparty.protobuf.DescriptorProtos$EnumDescriptorProto$EnumReservedRange$1
2024-11-12 13:42:44,082 INFO  EvoClassLoader - Instrumenting class 'org.apache.hadoop.thirdparty.protobuf.DescriptorProtos$EnumDescriptorProto$EnumReservedRange$1'.
2024-11-12 13:42:44,082 INFO  MethodCallReplacementClassAdapter - Adding mock interface to class org/apache/hadoop/thirdparty/protobuf/DescriptorProtos$EnumDescriptorProto$EnumReservedRange$1
2024-11-12 13:42:44,082 INFO  EvoClassLoader - Keeping class: org.apache.hadoop.thirdparty.protobuf.DescriptorProtos$EnumDescriptorProto$EnumReservedRange$1
2024-11-12 13:42:44,084 INFO  EvoClassLoader - Seeing class for first time: org.apache.hadoop.thirdparty.protobuf.DescriptorProtos$ServiceOptions$Builder
2024-11-12 13:42:44,084 INFO  EvoClassLoader - Instrumenting class 'org.apache.hadoop.thirdparty.protobuf.DescriptorProtos$ServiceOptions$Builder'.
2024-11-12 13:42:44,084 INFO  MethodCallReplacementClassAdapter - Adding mock interface to class org/apache/hadoop/thirdparty/protobuf/DescriptorProtos$ServiceOptions$Builder
2024-11-12 13:42:44,085 INFO  CreateClassResetClassAdapter - Creating brand-new static initializer in class org/apache/hadoop/thirdparty/protobuf/DescriptorProtos$ServiceOptions$Builder
2024-11-12 13:42:44,086 INFO  EvoClassLoader - Keeping class: org.apache.hadoop.thirdparty.protobuf.DescriptorProtos$ServiceOptions$Builder
2024-11-12 13:42:44,086 INFO  EvoClassLoader - Seeing class for first time: org.apache.hadoop.thirdparty.protobuf.DescriptorProtos$GeneratedCodeInfo$Annotation$1
2024-11-12 13:42:44,086 INFO  EvoClassLoader - Instrumenting class 'org.apache.hadoop.thirdparty.protobuf.DescriptorProtos$GeneratedCodeInfo$Annotation$1'.
2024-11-12 13:42:44,086 INFO  MethodCallReplacementClassAdapter - Adding mock interface to class org/apache/hadoop/thirdparty/protobuf/DescriptorProtos$GeneratedCodeInfo$Annotation$1
2024-11-12 13:42:44,086 INFO  EvoClassLoader - Keeping class: org.apache.hadoop.thirdparty.protobuf.DescriptorProtos$GeneratedCodeInfo$Annotation$1
2024-11-12 13:42:44,087 INFO  EvoClassLoader - Seeing class for first time: org.apache.hadoop.thirdparty.protobuf.Field$1
2024-11-12 13:42:44,087 INFO  EvoClassLoader - Instrumenting class 'org.apache.hadoop.thirdparty.protobuf.Field$1'.
2024-11-12 13:42:44,088 INFO  MethodCallReplacementClassAdapter - Adding mock interface to class org/apache/hadoop/thirdparty/protobuf/Field$1
2024-11-12 13:42:44,088 INFO  EvoClassLoader - Keeping class: org.apache.hadoop.thirdparty.protobuf.Field$1
2024-11-12 13:42:44,088 INFO  EvoClassLoader - Seeing class for first time: org.apache.hadoop.thirdparty.protobuf.Field
2024-11-12 13:42:44,088 INFO  EvoClassLoader - Instrumenting class 'org.apache.hadoop.thirdparty.protobuf.Field'.
2024-11-12 13:42:44,088 INFO  MethodCallReplacementClassAdapter - Adding mock interface to class org/apache/hadoop/thirdparty/protobuf/Field
2024-11-12 13:42:44,088 INFO  CreateClassResetClassAdapter - Found static initializer in class org/apache/hadoop/thirdparty/protobuf/Field
2024-11-12 13:42:44,089 INFO  EvoClassLoader - Seeing class for first time: org.apache.hadoop.thirdparty.protobuf.FieldOrBuilder
2024-11-12 13:42:44,089 INFO  EvoClassLoader - Instrumenting class 'org.apache.hadoop.thirdparty.protobuf.FieldOrBuilder'.
2024-11-12 13:42:44,089 INFO  EvoClassLoader - Keeping class: org.apache.hadoop.thirdparty.protobuf.FieldOrBuilder
2024-11-12 13:42:44,089 INFO  EvoClassLoader - Keeping class: org.apache.hadoop.thirdparty.protobuf.Field
2024-11-12 13:42:44,090 INFO  EvoClassLoader - Seeing class for first time: org.apache.hadoop.thirdparty.protobuf.Field$Builder
2024-11-12 13:42:44,090 INFO  EvoClassLoader - Instrumenting class 'org.apache.hadoop.thirdparty.protobuf.Field$Builder'.
2024-11-12 13:42:44,090 INFO  MethodCallReplacementClassAdapter - Adding mock interface to class org/apache/hadoop/thirdparty/protobuf/Field$Builder
2024-11-12 13:42:44,092 INFO  CreateClassResetClassAdapter - Creating brand-new static initializer in class org/apache/hadoop/thirdparty/protobuf/Field$Builder
2024-11-12 13:42:44,092 INFO  EvoClassLoader - Keeping class: org.apache.hadoop.thirdparty.protobuf.Field$Builder
2024-11-12 13:42:44,092 INFO  EvoClassLoader - Seeing class for first time: org.apache.hadoop.thirdparty.protobuf.Field$Cardinality
2024-11-12 13:42:44,092 INFO  EvoClassLoader - Instrumenting class 'org.apache.hadoop.thirdparty.protobuf.Field$Cardinality'.
2024-11-12 13:42:44,092 INFO  MethodCallReplacementClassAdapter - Adding mock interface to class org/apache/hadoop/thirdparty/protobuf/Field$Cardinality
2024-11-12 13:42:44,093 INFO  CreateClassResetClassAdapter - Found static initializer in class org/apache/hadoop/thirdparty/protobuf/Field$Cardinality
2024-11-12 13:42:44,093 INFO  EvoClassLoader - Keeping class: org.apache.hadoop.thirdparty.protobuf.Field$Cardinality
2024-11-12 13:42:44,093 INFO  EvoClassLoader - Seeing class for first time: org.apache.hadoop.thirdparty.protobuf.Field$Kind
2024-11-12 13:42:44,093 INFO  EvoClassLoader - Instrumenting class 'org.apache.hadoop.thirdparty.protobuf.Field$Kind'.
2024-11-12 13:42:44,093 INFO  MethodCallReplacementClassAdapter - Adding mock interface to class org/apache/hadoop/thirdparty/protobuf/Field$Kind
2024-11-12 13:42:44,094 INFO  CreateClassResetClassAdapter - Found static initializer in class org/apache/hadoop/thirdparty/protobuf/Field$Kind
2024-11-12 13:42:44,094 INFO  EvoClassLoader - Keeping class: org.apache.hadoop.thirdparty.protobuf.Field$Kind
2024-11-12 13:42:44,095 INFO  EvoClassLoader - Seeing class for first time: org.apache.hadoop.thirdparty.protobuf.Option$Builder
2024-11-12 13:42:44,095 INFO  EvoClassLoader - Instrumenting class 'org.apache.hadoop.thirdparty.protobuf.Option$Builder'.
2024-11-12 13:42:44,095 INFO  MethodCallReplacementClassAdapter - Adding mock interface to class org/apache/hadoop/thirdparty/protobuf/Option$Builder
2024-11-12 13:42:44,096 INFO  CreateClassResetClassAdapter - Creating brand-new static initializer in class org/apache/hadoop/thirdparty/protobuf/Option$Builder
2024-11-12 13:42:44,096 INFO  EvoClassLoader - Keeping class: org.apache.hadoop.thirdparty.protobuf.Option$Builder
2024-11-12 13:42:44,096 INFO  EvoClassLoader - Seeing class for first time: org.apache.hadoop.thirdparty.protobuf.Type$1
2024-11-12 13:42:44,096 INFO  EvoClassLoader - Instrumenting class 'org.apache.hadoop.thirdparty.protobuf.Type$1'.
2024-11-12 13:42:44,096 INFO  MethodCallReplacementClassAdapter - Adding mock interface to class org/apache/hadoop/thirdparty/protobuf/Type$1
2024-11-12 13:42:44,096 INFO  EvoClassLoader - Keeping class: org.apache.hadoop.thirdparty.protobuf.Type$1
2024-11-12 13:42:44,096 INFO  EvoClassLoader - Seeing class for first time: org.apache.hadoop.thirdparty.protobuf.Type
2024-11-12 13:42:44,096 INFO  EvoClassLoader - Instrumenting class 'org.apache.hadoop.thirdparty.protobuf.Type'.
2024-11-12 13:42:44,097 INFO  MethodCallReplacementClassAdapter - Adding mock interface to class org/apache/hadoop/thirdparty/protobuf/Type
2024-11-12 13:42:44,097 INFO  CreateClassResetClassAdapter - Found static initializer in class org/apache/hadoop/thirdparty/protobuf/Type
2024-11-12 13:42:44,097 INFO  EvoClassLoader - Seeing class for first time: org.apache.hadoop.thirdparty.protobuf.TypeOrBuilder
2024-11-12 13:42:44,097 INFO  EvoClassLoader - Instrumenting class 'org.apache.hadoop.thirdparty.protobuf.TypeOrBuilder'.
2024-11-12 13:42:44,098 INFO  EvoClassLoader - Keeping class: org.apache.hadoop.thirdparty.protobuf.TypeOrBuilder
2024-11-12 13:42:44,098 INFO  EvoClassLoader - Keeping class: org.apache.hadoop.thirdparty.protobuf.Type
2024-11-12 13:42:44,098 INFO  EvoClassLoader - Seeing class for first time: org.apache.hadoop.thirdparty.protobuf.Type$Builder
2024-11-12 13:42:44,098 INFO  EvoClassLoader - Instrumenting class 'org.apache.hadoop.thirdparty.protobuf.Type$Builder'.
2024-11-12 13:42:44,099 INFO  MethodCallReplacementClassAdapter - Adding mock interface to class org/apache/hadoop/thirdparty/protobuf/Type$Builder
2024-11-12 13:42:44,101 INFO  CreateClassResetClassAdapter - Creating brand-new static initializer in class org/apache/hadoop/thirdparty/protobuf/Type$Builder
2024-11-12 13:42:44,102 INFO  EvoClassLoader - Keeping class: org.apache.hadoop.thirdparty.protobuf.Type$Builder
2024-11-12 13:42:44,102 INFO  EvoClassLoader - Seeing class for first time: org.apache.hadoop.thirdparty.protobuf.DescriptorProtos$FileDescriptorSet$1
2024-11-12 13:42:44,102 INFO  EvoClassLoader - Instrumenting class 'org.apache.hadoop.thirdparty.protobuf.DescriptorProtos$FileDescriptorSet$1'.
2024-11-12 13:42:44,103 INFO  MethodCallReplacementClassAdapter - Adding mock interface to class org/apache/hadoop/thirdparty/protobuf/DescriptorProtos$FileDescriptorSet$1
2024-11-12 13:42:44,103 INFO  EvoClassLoader - Keeping class: org.apache.hadoop.thirdparty.protobuf.DescriptorProtos$FileDescriptorSet$1
2024-11-12 13:42:44,103 INFO  EvoClassLoader - Seeing class for first time: org.apache.hadoop.thirdparty.protobuf.DescriptorProtos$FileDescriptorSet
2024-11-12 13:42:44,103 INFO  EvoClassLoader - Instrumenting class 'org.apache.hadoop.thirdparty.protobuf.DescriptorProtos$FileDescriptorSet'.
2024-11-12 13:42:44,103 INFO  MethodCallReplacementClassAdapter - Adding mock interface to class org/apache/hadoop/thirdparty/protobuf/DescriptorProtos$FileDescriptorSet
2024-11-12 13:42:44,104 INFO  CreateClassResetClassAdapter - Found static initializer in class org/apache/hadoop/thirdparty/protobuf/DescriptorProtos$FileDescriptorSet
2024-11-12 13:42:44,104 INFO  EvoClassLoader - Seeing class for first time: org.apache.hadoop.thirdparty.protobuf.DescriptorProtos$FileDescriptorSetOrBuilder
2024-11-12 13:42:44,104 INFO  EvoClassLoader - Instrumenting class 'org.apache.hadoop.thirdparty.protobuf.DescriptorProtos$FileDescriptorSetOrBuilder'.
2024-11-12 13:42:44,105 INFO  EvoClassLoader - Keeping class: org.apache.hadoop.thirdparty.protobuf.DescriptorProtos$FileDescriptorSetOrBuilder
2024-11-12 13:42:44,105 INFO  EvoClassLoader - Keeping class: org.apache.hadoop.thirdparty.protobuf.DescriptorProtos$FileDescriptorSet
2024-11-12 13:42:44,105 INFO  EvoClassLoader - Seeing class for first time: org.apache.hadoop.thirdparty.protobuf.DescriptorProtos$FileDescriptorSet$Builder
2024-11-12 13:42:44,105 INFO  EvoClassLoader - Instrumenting class 'org.apache.hadoop.thirdparty.protobuf.DescriptorProtos$FileDescriptorSet$Builder'.
2024-11-12 13:42:44,106 INFO  MethodCallReplacementClassAdapter - Adding mock interface to class org/apache/hadoop/thirdparty/protobuf/DescriptorProtos$FileDescriptorSet$Builder
2024-11-12 13:42:44,107 INFO  CreateClassResetClassAdapter - Creating brand-new static initializer in class org/apache/hadoop/thirdparty/protobuf/DescriptorProtos$FileDescriptorSet$Builder
2024-11-12 13:42:44,108 INFO  EvoClassLoader - Keeping class: org.apache.hadoop.thirdparty.protobuf.DescriptorProtos$FileDescriptorSet$Builder
2024-11-12 13:42:44,108 INFO  EvoClassLoader - Seeing class for first time: org.apache.hadoop.thirdparty.protobuf.Timestamp$Builder
2024-11-12 13:42:44,108 INFO  EvoClassLoader - Instrumenting class 'org.apache.hadoop.thirdparty.protobuf.Timestamp$Builder'.
2024-11-12 13:42:44,108 INFO  MethodCallReplacementClassAdapter - Adding mock interface to class org/apache/hadoop/thirdparty/protobuf/Timestamp$Builder
2024-11-12 13:42:44,108 INFO  CreateClassResetClassAdapter - Creating brand-new static initializer in class org/apache/hadoop/thirdparty/protobuf/Timestamp$Builder
2024-11-12 13:42:44,109 INFO  EvoClassLoader - Seeing class for first time: org.apache.hadoop.thirdparty.protobuf.TimestampOrBuilder
2024-11-12 13:42:44,109 INFO  EvoClassLoader - Instrumenting class 'org.apache.hadoop.thirdparty.protobuf.TimestampOrBuilder'.
2024-11-12 13:42:44,109 INFO  EvoClassLoader - Keeping class: org.apache.hadoop.thirdparty.protobuf.TimestampOrBuilder
2024-11-12 13:42:44,109 INFO  EvoClassLoader - Keeping class: org.apache.hadoop.thirdparty.protobuf.Timestamp$Builder
2024-11-12 13:42:44,109 INFO  EvoClassLoader - Seeing class for first time: org.apache.hadoop.thirdparty.protobuf.Timestamp
2024-11-12 13:42:44,109 INFO  EvoClassLoader - Instrumenting class 'org.apache.hadoop.thirdparty.protobuf.Timestamp'.
2024-11-12 13:42:44,109 INFO  MethodCallReplacementClassAdapter - Adding mock interface to class org/apache/hadoop/thirdparty/protobuf/Timestamp
2024-11-12 13:42:44,110 INFO  CreateClassResetClassAdapter - Found static initializer in class org/apache/hadoop/thirdparty/protobuf/Timestamp
2024-11-12 13:42:44,110 INFO  EvoClassLoader - Keeping class: org.apache.hadoop.thirdparty.protobuf.Timestamp
2024-11-12 13:42:44,110 INFO  EvoClassLoader - Seeing class for first time: org.apache.hadoop.thirdparty.protobuf.TimestampProto
2024-11-12 13:42:44,110 INFO  EvoClassLoader - Instrumenting class 'org.apache.hadoop.thirdparty.protobuf.TimestampProto'.
2024-11-12 13:42:44,111 INFO  MethodCallReplacementClassAdapter - Adding mock interface to class org/apache/hadoop/thirdparty/protobuf/TimestampProto
2024-11-12 13:42:44,111 INFO  CreateClassResetClassAdapter - Found static initializer in class org/apache/hadoop/thirdparty/protobuf/TimestampProto
2024-11-12 13:42:44,111 INFO  EvoClassLoader - Keeping class: org.apache.hadoop.thirdparty.protobuf.TimestampProto
2024-11-12 13:42:44,113 INFO  EvoClassLoader - Seeing class for first time: org.apache.hadoop.thirdparty.protobuf.StringValue$1
2024-11-12 13:42:44,113 INFO  EvoClassLoader - Instrumenting class 'org.apache.hadoop.thirdparty.protobuf.StringValue$1'.
2024-11-12 13:42:44,113 INFO  MethodCallReplacementClassAdapter - Adding mock interface to class org/apache/hadoop/thirdparty/protobuf/StringValue$1
2024-11-12 13:42:44,113 INFO  EvoClassLoader - Keeping class: org.apache.hadoop.thirdparty.protobuf.StringValue$1
2024-11-12 13:42:44,113 INFO  EvoClassLoader - Seeing class for first time: org.apache.hadoop.thirdparty.protobuf.StringValue
2024-11-12 13:42:44,113 INFO  EvoClassLoader - Instrumenting class 'org.apache.hadoop.thirdparty.protobuf.StringValue'.
2024-11-12 13:42:44,114 INFO  MethodCallReplacementClassAdapter - Adding mock interface to class org/apache/hadoop/thirdparty/protobuf/StringValue
2024-11-12 13:42:44,114 INFO  CreateClassResetClassAdapter - Found static initializer in class org/apache/hadoop/thirdparty/protobuf/StringValue
2024-11-12 13:42:44,114 INFO  EvoClassLoader - Seeing class for first time: org.apache.hadoop.thirdparty.protobuf.StringValueOrBuilder
2024-11-12 13:42:44,114 INFO  EvoClassLoader - Instrumenting class 'org.apache.hadoop.thirdparty.protobuf.StringValueOrBuilder'.
2024-11-12 13:42:44,115 INFO  EvoClassLoader - Keeping class: org.apache.hadoop.thirdparty.protobuf.StringValueOrBuilder
2024-11-12 13:42:44,115 INFO  EvoClassLoader - Keeping class: org.apache.hadoop.thirdparty.protobuf.StringValue
2024-11-12 13:42:44,115 INFO  EvoClassLoader - Seeing class for first time: org.apache.hadoop.thirdparty.protobuf.StringValue$Builder
2024-11-12 13:42:44,115 INFO  EvoClassLoader - Instrumenting class 'org.apache.hadoop.thirdparty.protobuf.StringValue$Builder'.
2024-11-12 13:42:44,116 INFO  MethodCallReplacementClassAdapter - Adding mock interface to class org/apache/hadoop/thirdparty/protobuf/StringValue$Builder
2024-11-12 13:42:44,117 INFO  CreateClassResetClassAdapter - Creating brand-new static initializer in class org/apache/hadoop/thirdparty/protobuf/StringValue$Builder
2024-11-12 13:42:44,118 INFO  EvoClassLoader - Keeping class: org.apache.hadoop.thirdparty.protobuf.StringValue$Builder
2024-11-12 13:42:44,118 INFO  EvoClassLoader - Seeing class for first time: org.apache.hadoop.thirdparty.protobuf.WrappersProto
2024-11-12 13:42:44,118 INFO  EvoClassLoader - Instrumenting class 'org.apache.hadoop.thirdparty.protobuf.WrappersProto'.
2024-11-12 13:42:44,118 INFO  MethodCallReplacementClassAdapter - Adding mock interface to class org/apache/hadoop/thirdparty/protobuf/WrappersProto
2024-11-12 13:42:44,118 INFO  CreateClassResetClassAdapter - Found static initializer in class org/apache/hadoop/thirdparty/protobuf/WrappersProto
2024-11-12 13:42:44,119 INFO  EvoClassLoader - Keeping class: org.apache.hadoop.thirdparty.protobuf.WrappersProto
2024-11-12 13:42:44,120 INFO  EvoClassLoader - Seeing class for first time: org.apache.hadoop.thirdparty.protobuf.Int32Value$1
2024-11-12 13:42:44,120 INFO  EvoClassLoader - Instrumenting class 'org.apache.hadoop.thirdparty.protobuf.Int32Value$1'.
2024-11-12 13:42:44,120 INFO  MethodCallReplacementClassAdapter - Adding mock interface to class org/apache/hadoop/thirdparty/protobuf/Int32Value$1
2024-11-12 13:42:44,120 INFO  EvoClassLoader - Keeping class: org.apache.hadoop.thirdparty.protobuf.Int32Value$1
2024-11-12 13:42:44,120 INFO  EvoClassLoader - Seeing class for first time: org.apache.hadoop.thirdparty.protobuf.Int32Value
2024-11-12 13:42:44,120 INFO  EvoClassLoader - Instrumenting class 'org.apache.hadoop.thirdparty.protobuf.Int32Value'.
2024-11-12 13:42:44,120 INFO  MethodCallReplacementClassAdapter - Adding mock interface to class org/apache/hadoop/thirdparty/protobuf/Int32Value
2024-11-12 13:42:44,120 INFO  CreateClassResetClassAdapter - Found static initializer in class org/apache/hadoop/thirdparty/protobuf/Int32Value
2024-11-12 13:42:44,121 INFO  EvoClassLoader - Seeing class for first time: org.apache.hadoop.thirdparty.protobuf.Int32ValueOrBuilder
2024-11-12 13:42:44,121 INFO  EvoClassLoader - Instrumenting class 'org.apache.hadoop.thirdparty.protobuf.Int32ValueOrBuilder'.
2024-11-12 13:42:44,121 INFO  EvoClassLoader - Keeping class: org.apache.hadoop.thirdparty.protobuf.Int32ValueOrBuilder
2024-11-12 13:42:44,121 INFO  EvoClassLoader - Keeping class: org.apache.hadoop.thirdparty.protobuf.Int32Value
2024-11-12 13:42:44,121 INFO  EvoClassLoader - Seeing class for first time: org.apache.hadoop.thirdparty.protobuf.Int32Value$Builder
2024-11-12 13:42:44,121 INFO  EvoClassLoader - Instrumenting class 'org.apache.hadoop.thirdparty.protobuf.Int32Value$Builder'.
2024-11-12 13:42:44,121 INFO  MethodCallReplacementClassAdapter - Adding mock interface to class org/apache/hadoop/thirdparty/protobuf/Int32Value$Builder
2024-11-12 13:42:44,122 INFO  CreateClassResetClassAdapter - Creating brand-new static initializer in class org/apache/hadoop/thirdparty/protobuf/Int32Value$Builder
2024-11-12 13:42:44,122 INFO  EvoClassLoader - Keeping class: org.apache.hadoop.thirdparty.protobuf.Int32Value$Builder
2024-11-12 13:42:44,123 INFO  EvoClassLoader - Seeing class for first time: org.apache.hadoop.thirdparty.protobuf.SourceContext$Builder
2024-11-12 13:42:44,123 INFO  EvoClassLoader - Instrumenting class 'org.apache.hadoop.thirdparty.protobuf.SourceContext$Builder'.
2024-11-12 13:42:44,123 INFO  MethodCallReplacementClassAdapter - Adding mock interface to class org/apache/hadoop/thirdparty/protobuf/SourceContext$Builder
2024-11-12 13:42:44,124 INFO  CreateClassResetClassAdapter - Creating brand-new static initializer in class org/apache/hadoop/thirdparty/protobuf/SourceContext$Builder
2024-11-12 13:42:44,124 INFO  EvoClassLoader - Keeping class: org.apache.hadoop.thirdparty.protobuf.SourceContext$Builder
2024-11-12 13:42:44,125 INFO  EvoClassLoader - Seeing class for first time: org.apache.hadoop.thirdparty.protobuf.Empty$Builder
2024-11-12 13:42:44,125 INFO  EvoClassLoader - Instrumenting class 'org.apache.hadoop.thirdparty.protobuf.Empty$Builder'.
2024-11-12 13:42:44,125 INFO  MethodCallReplacementClassAdapter - Adding mock interface to class org/apache/hadoop/thirdparty/protobuf/Empty$Builder
2024-11-12 13:42:44,126 INFO  CreateClassResetClassAdapter - Creating brand-new static initializer in class org/apache/hadoop/thirdparty/protobuf/Empty$Builder
2024-11-12 13:42:44,126 INFO  EvoClassLoader - Seeing class for first time: org.apache.hadoop.thirdparty.protobuf.EmptyOrBuilder
2024-11-12 13:42:44,126 INFO  EvoClassLoader - Instrumenting class 'org.apache.hadoop.thirdparty.protobuf.EmptyOrBuilder'.
2024-11-12 13:42:44,126 INFO  EvoClassLoader - Keeping class: org.apache.hadoop.thirdparty.protobuf.EmptyOrBuilder
2024-11-12 13:42:44,126 INFO  EvoClassLoader - Keeping class: org.apache.hadoop.thirdparty.protobuf.Empty$Builder
2024-11-12 13:42:44,126 INFO  EvoClassLoader - Seeing class for first time: org.apache.hadoop.thirdparty.protobuf.Empty
2024-11-12 13:42:44,126 INFO  EvoClassLoader - Instrumenting class 'org.apache.hadoop.thirdparty.protobuf.Empty'.
2024-11-12 13:42:44,127 INFO  MethodCallReplacementClassAdapter - Adding mock interface to class org/apache/hadoop/thirdparty/protobuf/Empty
2024-11-12 13:42:44,127 INFO  CreateClassResetClassAdapter - Found static initializer in class org/apache/hadoop/thirdparty/protobuf/Empty
2024-11-12 13:42:44,128 INFO  EvoClassLoader - Keeping class: org.apache.hadoop.thirdparty.protobuf.Empty
2024-11-12 13:42:44,128 INFO  EvoClassLoader - Seeing class for first time: org.apache.hadoop.thirdparty.protobuf.EmptyProto
2024-11-12 13:42:44,128 INFO  EvoClassLoader - Instrumenting class 'org.apache.hadoop.thirdparty.protobuf.EmptyProto'.
2024-11-12 13:42:44,128 INFO  MethodCallReplacementClassAdapter - Adding mock interface to class org/apache/hadoop/thirdparty/protobuf/EmptyProto
2024-11-12 13:42:44,128 INFO  CreateClassResetClassAdapter - Found static initializer in class org/apache/hadoop/thirdparty/protobuf/EmptyProto
2024-11-12 13:42:44,129 INFO  EvoClassLoader - Keeping class: org.apache.hadoop.thirdparty.protobuf.EmptyProto
2024-11-12 13:42:44,129 INFO  EvoClassLoader - Seeing class for first time: org.apache.hadoop.thirdparty.protobuf.BytesValue$1
2024-11-12 13:42:44,129 INFO  EvoClassLoader - Instrumenting class 'org.apache.hadoop.thirdparty.protobuf.BytesValue$1'.
2024-11-12 13:42:44,130 INFO  MethodCallReplacementClassAdapter - Adding mock interface to class org/apache/hadoop/thirdparty/protobuf/BytesValue$1
2024-11-12 13:42:44,130 INFO  EvoClassLoader - Keeping class: org.apache.hadoop.thirdparty.protobuf.BytesValue$1
2024-11-12 13:42:44,130 INFO  EvoClassLoader - Seeing class for first time: org.apache.hadoop.thirdparty.protobuf.BytesValue
2024-11-12 13:42:44,130 INFO  EvoClassLoader - Instrumenting class 'org.apache.hadoop.thirdparty.protobuf.BytesValue'.
2024-11-12 13:42:44,130 INFO  MethodCallReplacementClassAdapter - Adding mock interface to class org/apache/hadoop/thirdparty/protobuf/BytesValue
2024-11-12 13:42:44,131 INFO  CreateClassResetClassAdapter - Found static initializer in class org/apache/hadoop/thirdparty/protobuf/BytesValue
2024-11-12 13:42:44,131 INFO  EvoClassLoader - Seeing class for first time: org.apache.hadoop.thirdparty.protobuf.BytesValueOrBuilder
2024-11-12 13:42:44,131 INFO  EvoClassLoader - Instrumenting class 'org.apache.hadoop.thirdparty.protobuf.BytesValueOrBuilder'.
2024-11-12 13:42:44,131 INFO  EvoClassLoader - Keeping class: org.apache.hadoop.thirdparty.protobuf.BytesValueOrBuilder
2024-11-12 13:42:44,131 INFO  EvoClassLoader - Keeping class: org.apache.hadoop.thirdparty.protobuf.BytesValue
2024-11-12 13:42:44,132 INFO  EvoClassLoader - Seeing class for first time: org.apache.hadoop.thirdparty.protobuf.BytesValue$Builder
2024-11-12 13:42:44,132 INFO  EvoClassLoader - Instrumenting class 'org.apache.hadoop.thirdparty.protobuf.BytesValue$Builder'.
2024-11-12 13:42:44,132 INFO  MethodCallReplacementClassAdapter - Adding mock interface to class org/apache/hadoop/thirdparty/protobuf/BytesValue$Builder
2024-11-12 13:42:44,133 INFO  CreateClassResetClassAdapter - Creating brand-new static initializer in class org/apache/hadoop/thirdparty/protobuf/BytesValue$Builder
2024-11-12 13:42:44,133 INFO  EvoClassLoader - Keeping class: org.apache.hadoop.thirdparty.protobuf.BytesValue$Builder
2024-11-12 13:42:44,134 INFO  EvoClassLoader - Seeing class for first time: org.eclipse.jetty.util.component.AbstractLifeCycle
2024-11-12 13:42:44,134 INFO  EvoClassLoader - Instrumenting class 'org.eclipse.jetty.util.component.AbstractLifeCycle'.
2024-11-12 13:42:44,134 INFO  MethodCallReplacementClassAdapter - Adding mock interface to class org/eclipse/jetty/util/component/AbstractLifeCycle
2024-11-12 13:42:44,134 INFO  CreateClassResetClassAdapter - Found static initializer in class org/eclipse/jetty/util/component/AbstractLifeCycle
2024-11-12 13:42:44,135 INFO  EvoClassLoader - Seeing class for first time: org.eclipse.jetty.util.component.LifeCycle
2024-11-12 13:42:44,135 INFO  EvoClassLoader - Instrumenting class 'org.eclipse.jetty.util.component.LifeCycle'.
2024-11-12 13:42:44,135 INFO  EvoClassLoader - Keeping class: org.eclipse.jetty.util.component.LifeCycle
2024-11-12 13:42:44,135 INFO  EvoClassLoader - Keeping class: org.eclipse.jetty.util.component.AbstractLifeCycle
2024-11-12 13:42:44,136 INFO  EvoClassLoader - Seeing class for first time: org.eclipse.jetty.util.component.LifeCycle$Listener
2024-11-12 13:42:44,136 INFO  EvoClassLoader - Instrumenting class 'org.eclipse.jetty.util.component.LifeCycle$Listener'.
2024-11-12 13:42:44,136 INFO  EvoClassLoader - Keeping class: org.eclipse.jetty.util.component.LifeCycle$Listener
2024-11-12 13:42:44,136 INFO  EvoClassLoader - Seeing class for first time: org.eclipse.jetty.util.component.ContainerLifeCycle
2024-11-12 13:42:44,136 INFO  EvoClassLoader - Instrumenting class 'org.eclipse.jetty.util.component.ContainerLifeCycle'.
2024-11-12 13:42:44,136 INFO  MethodCallReplacementClassAdapter - Adding mock interface to class org/eclipse/jetty/util/component/ContainerLifeCycle
2024-11-12 13:42:44,138 INFO  CreateClassResetClassAdapter - Found static initializer in class org/eclipse/jetty/util/component/ContainerLifeCycle
2024-11-12 13:42:44,138 INFO  EvoClassLoader - Seeing class for first time: org.eclipse.jetty.util.component.Container
2024-11-12 13:42:44,138 INFO  EvoClassLoader - Instrumenting class 'org.eclipse.jetty.util.component.Container'.
2024-11-12 13:42:44,139 INFO  EvoClassLoader - Keeping class: org.eclipse.jetty.util.component.Container
2024-11-12 13:42:44,139 INFO  EvoClassLoader - Seeing class for first time: org.eclipse.jetty.util.component.Destroyable
2024-11-12 13:42:44,139 INFO  EvoClassLoader - Instrumenting class 'org.eclipse.jetty.util.component.Destroyable'.
2024-11-12 13:42:44,139 INFO  EvoClassLoader - Keeping class: org.eclipse.jetty.util.component.Destroyable
2024-11-12 13:42:44,139 INFO  EvoClassLoader - Seeing class for first time: org.eclipse.jetty.util.component.Dumpable$DumpableContainer
2024-11-12 13:42:44,139 INFO  EvoClassLoader - Instrumenting class 'org.eclipse.jetty.util.component.Dumpable$DumpableContainer'.
2024-11-12 13:42:44,139 INFO  EvoClassLoader - Keeping class: org.eclipse.jetty.util.component.Dumpable$DumpableContainer
2024-11-12 13:42:44,139 INFO  EvoClassLoader - Keeping class: org.eclipse.jetty.util.component.ContainerLifeCycle
2024-11-12 13:42:44,140 INFO  EvoClassLoader - Seeing class for first time: org.eclipse.jetty.util.component.ContainerLifeCycle$Managed
2024-11-12 13:42:44,140 INFO  EvoClassLoader - Instrumenting class 'org.eclipse.jetty.util.component.ContainerLifeCycle$Managed'.
2024-11-12 13:42:44,140 INFO  MethodCallReplacementClassAdapter - Adding mock interface to class org/eclipse/jetty/util/component/ContainerLifeCycle$Managed
2024-11-12 13:42:44,140 INFO  CreateClassResetClassAdapter - Found static initializer in class org/eclipse/jetty/util/component/ContainerLifeCycle$Managed
2024-11-12 13:42:44,140 INFO  EvoClassLoader - Keeping class: org.eclipse.jetty.util.component.ContainerLifeCycle$Managed
2024-11-12 13:42:44,140 INFO  EvoClassLoader - Seeing class for first time: org.eclipse.jetty.util.component.ContainerLifeCycle$Bean
2024-11-12 13:42:44,140 INFO  EvoClassLoader - Instrumenting class 'org.eclipse.jetty.util.component.ContainerLifeCycle$Bean'.
2024-11-12 13:42:44,140 INFO  MethodCallReplacementClassAdapter - Adding mock interface to class org/eclipse/jetty/util/component/ContainerLifeCycle$Bean
2024-11-12 13:42:44,141 INFO  CreateClassResetClassAdapter - Creating brand-new static initializer in class org/eclipse/jetty/util/component/ContainerLifeCycle$Bean
2024-11-12 13:42:44,141 INFO  EvoClassLoader - Keeping class: org.eclipse.jetty.util.component.ContainerLifeCycle$Bean
2024-11-12 13:42:44,141 INFO  EvoClassLoader - Seeing class for first time: org.eclipse.jetty.util.component.Container$Listener
2024-11-12 13:42:44,141 INFO  EvoClassLoader - Instrumenting class 'org.eclipse.jetty.util.component.Container$Listener'.
2024-11-12 13:42:44,141 INFO  EvoClassLoader - Keeping class: org.eclipse.jetty.util.component.Container$Listener
2024-11-12 13:42:44,141 INFO  EvoClassLoader - Seeing class for first time: org.eclipse.jetty.io.LeakTrackingByteBufferPool
2024-11-12 13:42:44,141 INFO  EvoClassLoader - Instrumenting class 'org.eclipse.jetty.io.LeakTrackingByteBufferPool'.
2024-11-12 13:42:44,141 INFO  MethodCallReplacementClassAdapter - Adding mock interface to class org/eclipse/jetty/io/LeakTrackingByteBufferPool
2024-11-12 13:42:44,142 INFO  CreateClassResetClassAdapter - Found static initializer in class org/eclipse/jetty/io/LeakTrackingByteBufferPool
2024-11-12 13:42:44,142 INFO  EvoClassLoader - Keeping class: org.eclipse.jetty.io.LeakTrackingByteBufferPool
2024-11-12 13:42:44,142 INFO  EvoClassLoader - Seeing class for first time: org.eclipse.jetty.util.LeakDetector
2024-11-12 13:42:44,142 INFO  EvoClassLoader - Instrumenting class 'org.eclipse.jetty.util.LeakDetector'.
2024-11-12 13:42:44,142 INFO  MethodCallReplacementClassAdapter - Adding mock interface to class org/eclipse/jetty/util/LeakDetector
2024-11-12 13:42:44,143 INFO  CreateClassResetClassAdapter - Found static initializer in class org/eclipse/jetty/util/LeakDetector
2024-11-12 13:42:44,143 INFO  EvoClassLoader - Keeping class: org.eclipse.jetty.util.LeakDetector
2024-11-12 13:42:44,143 INFO  EvoClassLoader - Seeing class for first time: org.eclipse.jetty.io.LeakTrackingByteBufferPool$1
2024-11-12 13:42:44,143 INFO  EvoClassLoader - Instrumenting class 'org.eclipse.jetty.io.LeakTrackingByteBufferPool$1'.
2024-11-12 13:42:44,143 INFO  MethodCallReplacementClassAdapter - Adding mock interface to class org/eclipse/jetty/io/LeakTrackingByteBufferPool$1
2024-11-12 13:42:44,143 INFO  EvoClassLoader - Keeping class: org.eclipse.jetty.io.LeakTrackingByteBufferPool$1
2024-11-12 13:42:44,143 INFO  EvoClassLoader - Seeing class for first time: org.eclipse.jetty.util.LeakDetector$LeakInfo
2024-11-12 13:42:44,143 INFO  EvoClassLoader - Instrumenting class 'org.eclipse.jetty.util.LeakDetector$LeakInfo'.
2024-11-12 13:42:44,144 INFO  MethodCallReplacementClassAdapter - Adding mock interface to class org/eclipse/jetty/util/LeakDetector$LeakInfo
2024-11-12 13:42:44,144 INFO  CreateClassResetClassAdapter - Creating brand-new static initializer in class org/eclipse/jetty/util/LeakDetector$LeakInfo
2024-11-12 13:42:44,144 INFO  EvoClassLoader - Keeping class: org.eclipse.jetty.util.LeakDetector$LeakInfo
2024-11-12 13:42:44,145 INFO  EvoClassLoader - Seeing class for first time: org.eclipse.jetty.util.component.ContainerLifeCycle$1
2024-11-12 13:42:44,145 INFO  EvoClassLoader - Instrumenting class 'org.eclipse.jetty.util.component.ContainerLifeCycle$1'.
2024-11-12 13:42:44,145 INFO  MethodCallReplacementClassAdapter - Adding mock interface to class org/eclipse/jetty/util/component/ContainerLifeCycle$1
2024-11-12 13:42:44,145 INFO  EvoClassLoader - Keeping class: org.eclipse.jetty.util.component.ContainerLifeCycle$1
2024-11-12 13:42:44,145 INFO  EvoClassLoader - Seeing class for first time: org.apache.hadoop.thirdparty.protobuf.DescriptorProtos$EnumOptions$1
2024-11-12 13:42:44,145 INFO  EvoClassLoader - Instrumenting class 'org.apache.hadoop.thirdparty.protobuf.DescriptorProtos$EnumOptions$1'.
2024-11-12 13:42:44,145 INFO  MethodCallReplacementClassAdapter - Adding mock interface to class org/apache/hadoop/thirdparty/protobuf/DescriptorProtos$EnumOptions$1
2024-11-12 13:42:44,145 INFO  EvoClassLoader - Keeping class: org.apache.hadoop.thirdparty.protobuf.DescriptorProtos$EnumOptions$1
2024-11-12 13:42:44,146 INFO  EvoClassLoader - Seeing class for first time: org.apache.hadoop.thirdparty.protobuf.Struct$1
2024-11-12 13:42:44,146 INFO  EvoClassLoader - Instrumenting class 'org.apache.hadoop.thirdparty.protobuf.Struct$1'.
2024-11-12 13:42:44,146 INFO  MethodCallReplacementClassAdapter - Adding mock interface to class org/apache/hadoop/thirdparty/protobuf/Struct$1
2024-11-12 13:42:44,146 INFO  EvoClassLoader - Keeping class: org.apache.hadoop.thirdparty.protobuf.Struct$1
2024-11-12 13:42:44,146 INFO  EvoClassLoader - Seeing class for first time: org.apache.hadoop.thirdparty.protobuf.Struct
2024-11-12 13:42:44,146 INFO  EvoClassLoader - Instrumenting class 'org.apache.hadoop.thirdparty.protobuf.Struct'.
2024-11-12 13:42:44,146 INFO  MethodCallReplacementClassAdapter - Adding mock interface to class org/apache/hadoop/thirdparty/protobuf/Struct
2024-11-12 13:42:44,147 INFO  CreateClassResetClassAdapter - Found static initializer in class org/apache/hadoop/thirdparty/protobuf/Struct
2024-11-12 13:42:44,148 INFO  EvoClassLoader - Seeing class for first time: org.apache.hadoop.thirdparty.protobuf.StructOrBuilder
2024-11-12 13:42:44,148 INFO  EvoClassLoader - Instrumenting class 'org.apache.hadoop.thirdparty.protobuf.StructOrBuilder'.
2024-11-12 13:42:44,148 INFO  EvoClassLoader - Keeping class: org.apache.hadoop.thirdparty.protobuf.StructOrBuilder
2024-11-12 13:42:44,148 INFO  EvoClassLoader - Keeping class: org.apache.hadoop.thirdparty.protobuf.Struct
2024-11-12 13:42:44,149 INFO  EvoClassLoader - Seeing class for first time: org.apache.hadoop.thirdparty.protobuf.Struct$Builder
2024-11-12 13:42:44,149 INFO  EvoClassLoader - Instrumenting class 'org.apache.hadoop.thirdparty.protobuf.Struct$Builder'.
2024-11-12 13:42:44,149 INFO  MethodCallReplacementClassAdapter - Adding mock interface to class org/apache/hadoop/thirdparty/protobuf/Struct$Builder
2024-11-12 13:42:44,150 INFO  CreateClassResetClassAdapter - Creating brand-new static initializer in class org/apache/hadoop/thirdparty/protobuf/Struct$Builder
2024-11-12 13:42:44,151 INFO  EvoClassLoader - Keeping class: org.apache.hadoop.thirdparty.protobuf.Struct$Builder
2024-11-12 13:42:44,152 INFO  EvoClassLoader - Seeing class for first time: org.apache.hadoop.thirdparty.protobuf.UInt32Value$1
2024-11-12 13:42:44,152 INFO  EvoClassLoader - Instrumenting class 'org.apache.hadoop.thirdparty.protobuf.UInt32Value$1'.
2024-11-12 13:42:44,152 INFO  MethodCallReplacementClassAdapter - Adding mock interface to class org/apache/hadoop/thirdparty/protobuf/UInt32Value$1
2024-11-12 13:42:44,152 INFO  EvoClassLoader - Keeping class: org.apache.hadoop.thirdparty.protobuf.UInt32Value$1
2024-11-12 13:42:44,152 INFO  EvoClassLoader - Seeing class for first time: org.apache.hadoop.thirdparty.protobuf.UInt32Value
2024-11-12 13:42:44,152 INFO  EvoClassLoader - Instrumenting class 'org.apache.hadoop.thirdparty.protobuf.UInt32Value'.
2024-11-12 13:42:44,153 INFO  MethodCallReplacementClassAdapter - Adding mock interface to class org/apache/hadoop/thirdparty/protobuf/UInt32Value
2024-11-12 13:42:44,153 INFO  CreateClassResetClassAdapter - Found static initializer in class org/apache/hadoop/thirdparty/protobuf/UInt32Value
2024-11-12 13:42:44,153 INFO  EvoClassLoader - Seeing class for first time: org.apache.hadoop.thirdparty.protobuf.UInt32ValueOrBuilder
2024-11-12 13:42:44,153 INFO  EvoClassLoader - Instrumenting class 'org.apache.hadoop.thirdparty.protobuf.UInt32ValueOrBuilder'.
2024-11-12 13:42:44,153 INFO  EvoClassLoader - Keeping class: org.apache.hadoop.thirdparty.protobuf.UInt32ValueOrBuilder
2024-11-12 13:42:44,153 INFO  EvoClassLoader - Keeping class: org.apache.hadoop.thirdparty.protobuf.UInt32Value
2024-11-12 13:42:44,153 INFO  EvoClassLoader - Seeing class for first time: org.apache.hadoop.thirdparty.protobuf.UInt32Value$Builder
2024-11-12 13:42:44,153 INFO  EvoClassLoader - Instrumenting class 'org.apache.hadoop.thirdparty.protobuf.UInt32Value$Builder'.
2024-11-12 13:42:44,154 INFO  MethodCallReplacementClassAdapter - Adding mock interface to class org/apache/hadoop/thirdparty/protobuf/UInt32Value$Builder
2024-11-12 13:42:44,154 INFO  CreateClassResetClassAdapter - Creating brand-new static initializer in class org/apache/hadoop/thirdparty/protobuf/UInt32Value$Builder
2024-11-12 13:42:44,154 INFO  EvoClassLoader - Keeping class: org.apache.hadoop.thirdparty.protobuf.UInt32Value$Builder
2024-11-12 13:42:44,155 INFO  EvoClassLoader - Seeing class for first time: org.apache.hadoop.thirdparty.protobuf.DescriptorProtos$ServiceOptions$1
2024-11-12 13:42:44,155 INFO  EvoClassLoader - Instrumenting class 'org.apache.hadoop.thirdparty.protobuf.DescriptorProtos$ServiceOptions$1'.
2024-11-12 13:42:44,155 INFO  MethodCallReplacementClassAdapter - Adding mock interface to class org/apache/hadoop/thirdparty/protobuf/DescriptorProtos$ServiceOptions$1
2024-11-12 13:42:44,155 INFO  EvoClassLoader - Keeping class: org.apache.hadoop.thirdparty.protobuf.DescriptorProtos$ServiceOptions$1
2024-11-12 13:42:44,156 INFO  EvoClassLoader - Seeing class for first time: org.apache.hadoop.thirdparty.protobuf.BoolValue$1
2024-11-12 13:42:44,156 INFO  EvoClassLoader - Instrumenting class 'org.apache.hadoop.thirdparty.protobuf.BoolValue$1'.
2024-11-12 13:42:44,156 INFO  MethodCallReplacementClassAdapter - Adding mock interface to class org/apache/hadoop/thirdparty/protobuf/BoolValue$1
2024-11-12 13:42:44,156 INFO  EvoClassLoader - Keeping class: org.apache.hadoop.thirdparty.protobuf.BoolValue$1
2024-11-12 13:42:44,156 INFO  EvoClassLoader - Seeing class for first time: org.apache.hadoop.thirdparty.protobuf.BoolValue
2024-11-12 13:42:44,156 INFO  EvoClassLoader - Instrumenting class 'org.apache.hadoop.thirdparty.protobuf.BoolValue'.
2024-11-12 13:42:44,156 INFO  MethodCallReplacementClassAdapter - Adding mock interface to class org/apache/hadoop/thirdparty/protobuf/BoolValue
2024-11-12 13:42:44,156 INFO  CreateClassResetClassAdapter - Found static initializer in class org/apache/hadoop/thirdparty/protobuf/BoolValue
2024-11-12 13:42:44,156 INFO  EvoClassLoader - Seeing class for first time: org.apache.hadoop.thirdparty.protobuf.BoolValueOrBuilder
2024-11-12 13:42:44,156 INFO  EvoClassLoader - Instrumenting class 'org.apache.hadoop.thirdparty.protobuf.BoolValueOrBuilder'.
2024-11-12 13:42:44,157 INFO  EvoClassLoader - Keeping class: org.apache.hadoop.thirdparty.protobuf.BoolValueOrBuilder
2024-11-12 13:42:44,157 INFO  EvoClassLoader - Keeping class: org.apache.hadoop.thirdparty.protobuf.BoolValue
2024-11-12 13:42:44,157 INFO  EvoClassLoader - Seeing class for first time: org.apache.hadoop.thirdparty.protobuf.BoolValue$Builder
2024-11-12 13:42:44,157 INFO  EvoClassLoader - Instrumenting class 'org.apache.hadoop.thirdparty.protobuf.BoolValue$Builder'.
2024-11-12 13:42:44,157 INFO  MethodCallReplacementClassAdapter - Adding mock interface to class org/apache/hadoop/thirdparty/protobuf/BoolValue$Builder
2024-11-12 13:42:44,158 INFO  CreateClassResetClassAdapter - Creating brand-new static initializer in class org/apache/hadoop/thirdparty/protobuf/BoolValue$Builder
2024-11-12 13:42:44,158 INFO  EvoClassLoader - Keeping class: org.apache.hadoop.thirdparty.protobuf.BoolValue$Builder
2024-11-12 13:42:44,159 INFO  EvoClassLoader - Seeing class for first time: org.apache.hadoop.thirdparty.protobuf.Int64Value$1
2024-11-12 13:42:44,159 INFO  EvoClassLoader - Instrumenting class 'org.apache.hadoop.thirdparty.protobuf.Int64Value$1'.
2024-11-12 13:42:44,159 INFO  MethodCallReplacementClassAdapter - Adding mock interface to class org/apache/hadoop/thirdparty/protobuf/Int64Value$1
2024-11-12 13:42:44,159 INFO  EvoClassLoader - Keeping class: org.apache.hadoop.thirdparty.protobuf.Int64Value$1
2024-11-12 13:42:44,159 INFO  EvoClassLoader - Seeing class for first time: org.apache.hadoop.thirdparty.protobuf.Int64Value
2024-11-12 13:42:44,159 INFO  EvoClassLoader - Instrumenting class 'org.apache.hadoop.thirdparty.protobuf.Int64Value'.
2024-11-12 13:42:44,159 INFO  MethodCallReplacementClassAdapter - Adding mock interface to class org/apache/hadoop/thirdparty/protobuf/Int64Value
2024-11-12 13:42:44,159 INFO  CreateClassResetClassAdapter - Found static initializer in class org/apache/hadoop/thirdparty/protobuf/Int64Value
2024-11-12 13:42:44,160 INFO  EvoClassLoader - Seeing class for first time: org.apache.hadoop.thirdparty.protobuf.Int64ValueOrBuilder
2024-11-12 13:42:44,160 INFO  EvoClassLoader - Instrumenting class 'org.apache.hadoop.thirdparty.protobuf.Int64ValueOrBuilder'.
2024-11-12 13:42:44,160 INFO  EvoClassLoader - Keeping class: org.apache.hadoop.thirdparty.protobuf.Int64ValueOrBuilder
2024-11-12 13:42:44,160 INFO  EvoClassLoader - Keeping class: org.apache.hadoop.thirdparty.protobuf.Int64Value
2024-11-12 13:42:44,160 INFO  EvoClassLoader - Seeing class for first time: org.apache.hadoop.thirdparty.protobuf.Int64Value$Builder
2024-11-12 13:42:44,160 INFO  EvoClassLoader - Instrumenting class 'org.apache.hadoop.thirdparty.protobuf.Int64Value$Builder'.
2024-11-12 13:42:44,160 INFO  MethodCallReplacementClassAdapter - Adding mock interface to class org/apache/hadoop/thirdparty/protobuf/Int64Value$Builder
2024-11-12 13:42:44,161 INFO  CreateClassResetClassAdapter - Creating brand-new static initializer in class org/apache/hadoop/thirdparty/protobuf/Int64Value$Builder
2024-11-12 13:42:44,161 INFO  EvoClassLoader - Keeping class: org.apache.hadoop.thirdparty.protobuf.Int64Value$Builder
2024-11-12 13:42:44,161 INFO  EvoClassLoader - Seeing class for first time: org.apache.hadoop.thirdparty.protobuf.SourceContext$1
2024-11-12 13:42:44,161 INFO  EvoClassLoader - Instrumenting class 'org.apache.hadoop.thirdparty.protobuf.SourceContext$1'.
2024-11-12 13:42:44,161 INFO  MethodCallReplacementClassAdapter - Adding mock interface to class org/apache/hadoop/thirdparty/protobuf/SourceContext$1
2024-11-12 13:42:44,161 INFO  EvoClassLoader - Keeping class: org.apache.hadoop.thirdparty.protobuf.SourceContext$1
2024-11-12 13:42:44,162 INFO  EvoClassLoader - Seeing class for first time: org.apache.hadoop.thirdparty.protobuf.FieldMask$1
2024-11-12 13:42:44,162 INFO  EvoClassLoader - Instrumenting class 'org.apache.hadoop.thirdparty.protobuf.FieldMask$1'.
2024-11-12 13:42:44,162 INFO  MethodCallReplacementClassAdapter - Adding mock interface to class org/apache/hadoop/thirdparty/protobuf/FieldMask$1
2024-11-12 13:42:44,162 INFO  EvoClassLoader - Keeping class: org.apache.hadoop.thirdparty.protobuf.FieldMask$1
2024-11-12 13:42:44,162 INFO  EvoClassLoader - Seeing class for first time: org.apache.hadoop.thirdparty.protobuf.FieldMask
2024-11-12 13:42:44,162 INFO  EvoClassLoader - Instrumenting class 'org.apache.hadoop.thirdparty.protobuf.FieldMask'.
2024-11-12 13:42:44,163 INFO  MethodCallReplacementClassAdapter - Adding mock interface to class org/apache/hadoop/thirdparty/protobuf/FieldMask
2024-11-12 13:42:44,163 INFO  CreateClassResetClassAdapter - Found static initializer in class org/apache/hadoop/thirdparty/protobuf/FieldMask
2024-11-12 13:42:44,163 INFO  EvoClassLoader - Seeing class for first time: org.apache.hadoop.thirdparty.protobuf.FieldMaskOrBuilder
2024-11-12 13:42:44,163 INFO  EvoClassLoader - Instrumenting class 'org.apache.hadoop.thirdparty.protobuf.FieldMaskOrBuilder'.
2024-11-12 13:42:44,163 INFO  EvoClassLoader - Keeping class: org.apache.hadoop.thirdparty.protobuf.FieldMaskOrBuilder
2024-11-12 13:42:44,163 INFO  EvoClassLoader - Keeping class: org.apache.hadoop.thirdparty.protobuf.FieldMask
2024-11-12 13:42:44,163 INFO  EvoClassLoader - Seeing class for first time: org.apache.hadoop.thirdparty.protobuf.FieldMask$Builder
2024-11-12 13:42:44,163 INFO  EvoClassLoader - Instrumenting class 'org.apache.hadoop.thirdparty.protobuf.FieldMask$Builder'.
2024-11-12 13:42:44,164 INFO  MethodCallReplacementClassAdapter - Adding mock interface to class org/apache/hadoop/thirdparty/protobuf/FieldMask$Builder
2024-11-12 13:42:44,164 INFO  CreateClassResetClassAdapter - Creating brand-new static initializer in class org/apache/hadoop/thirdparty/protobuf/FieldMask$Builder
2024-11-12 13:42:44,164 INFO  EvoClassLoader - Keeping class: org.apache.hadoop.thirdparty.protobuf.FieldMask$Builder
2024-11-12 13:42:44,165 INFO  EvoClassLoader - Seeing class for first time: org.apache.hadoop.thirdparty.protobuf.FieldMaskProto
2024-11-12 13:42:44,165 INFO  EvoClassLoader - Instrumenting class 'org.apache.hadoop.thirdparty.protobuf.FieldMaskProto'.
2024-11-12 13:42:44,165 INFO  MethodCallReplacementClassAdapter - Adding mock interface to class org/apache/hadoop/thirdparty/protobuf/FieldMaskProto
2024-11-12 13:42:44,165 INFO  CreateClassResetClassAdapter - Found static initializer in class org/apache/hadoop/thirdparty/protobuf/FieldMaskProto
2024-11-12 13:42:44,165 INFO  EvoClassLoader - Keeping class: org.apache.hadoop.thirdparty.protobuf.FieldMaskProto
2024-11-12 13:42:44,165 INFO  EvoClassLoader - Seeing class for first time: org.apache.hadoop.thirdparty.protobuf.Option$1
2024-11-12 13:42:44,165 INFO  EvoClassLoader - Instrumenting class 'org.apache.hadoop.thirdparty.protobuf.Option$1'.
2024-11-12 13:42:44,166 INFO  MethodCallReplacementClassAdapter - Adding mock interface to class org/apache/hadoop/thirdparty/protobuf/Option$1
2024-11-12 13:42:44,166 INFO  EvoClassLoader - Keeping class: org.apache.hadoop.thirdparty.protobuf.Option$1
2024-11-12 13:42:44,166 INFO  EvoClassLoader - Seeing class for first time: org.apache.hadoop.thirdparty.protobuf.ListValue$1
2024-11-12 13:42:44,167 INFO  EvoClassLoader - Instrumenting class 'org.apache.hadoop.thirdparty.protobuf.ListValue$1'.
2024-11-12 13:42:44,167 INFO  MethodCallReplacementClassAdapter - Adding mock interface to class org/apache/hadoop/thirdparty/protobuf/ListValue$1
2024-11-12 13:42:44,167 INFO  EvoClassLoader - Keeping class: org.apache.hadoop.thirdparty.protobuf.ListValue$1
2024-11-12 13:42:44,167 INFO  EvoClassLoader - Seeing class for first time: org.codehaus.stax2.XMLInputFactory2
2024-11-12 13:42:44,167 INFO  EvoClassLoader - Instrumenting class 'org.codehaus.stax2.XMLInputFactory2'.
2024-11-12 13:42:44,168 INFO  MethodCallReplacementClassAdapter - Adding mock interface to class org/codehaus/stax2/XMLInputFactory2
2024-11-12 13:42:44,168 INFO  CreateClassResetClassAdapter - Creating brand-new static initializer in class org/codehaus/stax2/XMLInputFactory2
2024-11-12 13:42:44,168 INFO  CreateClassResetClassAdapter - Adding bytecode for initializing field P_REPORT_PROLOG_WHITESPACE
2024-11-12 13:42:44,168 INFO  CreateClassResetClassAdapter - Adding bytecode for initializing field P_REPORT_CDATA
2024-11-12 13:42:44,168 INFO  CreateClassResetClassAdapter - Adding bytecode for initializing field P_LAZY_PARSING
2024-11-12 13:42:44,168 INFO  CreateClassResetClassAdapter - Adding bytecode for initializing field P_INTERN_NAMES
2024-11-12 13:42:44,168 INFO  CreateClassResetClassAdapter - Adding bytecode for initializing field P_INTERN_NS_URIS
2024-11-12 13:42:44,168 INFO  CreateClassResetClassAdapter - Adding bytecode for initializing field P_PRESERVE_LOCATION
2024-11-12 13:42:44,168 INFO  CreateClassResetClassAdapter - Adding bytecode for initializing field P_AUTO_CLOSE_INPUT
2024-11-12 13:42:44,168 INFO  CreateClassResetClassAdapter - Adding bytecode for initializing field P_DTD_OVERRIDE
2024-11-12 13:42:44,168 INFO  EvoClassLoader - Defined package (3): package org.codehaus.stax2, -1889860742
2024-11-12 13:42:44,168 INFO  EvoClassLoader - Seeing class for first time: org.codehaus.stax2.XMLStreamProperties
2024-11-12 13:42:44,168 INFO  EvoClassLoader - Instrumenting class 'org.codehaus.stax2.XMLStreamProperties'.
2024-11-12 13:42:44,168 INFO  EvoClassLoader - Keeping class: org.codehaus.stax2.XMLStreamProperties
2024-11-12 13:42:44,168 INFO  EvoClassLoader - Keeping class: org.codehaus.stax2.XMLInputFactory2
2024-11-12 13:42:44,168 INFO  EvoClassLoader - Seeing class for first time: org.codehaus.stax2.XMLEventReader2
2024-11-12 13:42:44,168 INFO  EvoClassLoader - Instrumenting class 'org.codehaus.stax2.XMLEventReader2'.
2024-11-12 13:42:44,169 INFO  EvoClassLoader - Keeping class: org.codehaus.stax2.XMLEventReader2
2024-11-12 13:42:44,169 INFO  EvoClassLoader - Seeing class for first time: org.codehaus.stax2.XMLStreamReader2
2024-11-12 13:42:44,169 INFO  EvoClassLoader - Instrumenting class 'org.codehaus.stax2.XMLStreamReader2'.
2024-11-12 13:42:44,169 INFO  EvoClassLoader - Seeing class for first time: org.codehaus.stax2.typed.TypedXMLStreamReader
2024-11-12 13:42:44,169 INFO  EvoClassLoader - Instrumenting class 'org.codehaus.stax2.typed.TypedXMLStreamReader'.
2024-11-12 13:42:44,169 INFO  EvoClassLoader - Defined package (3): package org.codehaus.stax2.typed, -1667283722
2024-11-12 13:42:44,169 INFO  EvoClassLoader - Keeping class: org.codehaus.stax2.typed.TypedXMLStreamReader
2024-11-12 13:42:44,169 INFO  EvoClassLoader - Seeing class for first time: org.codehaus.stax2.validation.Validatable
2024-11-12 13:42:44,169 INFO  EvoClassLoader - Instrumenting class 'org.codehaus.stax2.validation.Validatable'.
2024-11-12 13:42:44,169 INFO  EvoClassLoader - Defined package (3): package org.codehaus.stax2.validation, 1474122605
2024-11-12 13:42:44,169 INFO  EvoClassLoader - Keeping class: org.codehaus.stax2.validation.Validatable
2024-11-12 13:42:44,170 INFO  EvoClassLoader - Keeping class: org.codehaus.stax2.XMLStreamReader2
2024-11-12 13:42:44,170 INFO  EvoClassLoader - Seeing class for first time: com.ctc.wstx.util.SymbolTable
2024-11-12 13:42:44,170 INFO  EvoClassLoader - Instrumenting class 'com.ctc.wstx.util.SymbolTable'.
2024-11-12 13:42:44,170 INFO  MethodCallReplacementClassAdapter - Adding mock interface to class com/ctc/wstx/util/SymbolTable
2024-11-12 13:42:44,171 INFO  CreateClassResetClassAdapter - Creating brand-new static initializer in class com/ctc/wstx/util/SymbolTable
2024-11-12 13:42:44,171 INFO  CreateClassResetClassAdapter - Adding bytecode for initializing field DEFAULT_TABLE_SIZE
2024-11-12 13:42:44,171 INFO  CreateClassResetClassAdapter - Adding bytecode for initializing field DEFAULT_FILL_FACTOR
2024-11-12 13:42:44,171 INFO  CreateClassResetClassAdapter - Adding bytecode for initializing field EMPTY_STRING
2024-11-12 13:42:44,171 INFO  EvoClassLoader - Defined package (3): package com.ctc.wstx.util, 1758641223
2024-11-12 13:42:44,171 INFO  EvoClassLoader - Keeping class: com.ctc.wstx.util.SymbolTable
2024-11-12 13:42:44,172 INFO  EvoClassLoader - Seeing class for first time: com.ctc.wstx.util.SymbolTable$Bucket
2024-11-12 13:42:44,172 INFO  EvoClassLoader - Instrumenting class 'com.ctc.wstx.util.SymbolTable$Bucket'.
2024-11-12 13:42:44,172 INFO  MethodCallReplacementClassAdapter - Adding mock interface to class com/ctc/wstx/util/SymbolTable$Bucket
2024-11-12 13:42:44,172 INFO  CreateClassResetClassAdapter - Creating brand-new static initializer in class com/ctc/wstx/util/SymbolTable$Bucket
2024-11-12 13:42:44,172 INFO  EvoClassLoader - Keeping class: com.ctc.wstx.util.SymbolTable$Bucket
2024-11-12 13:42:44,173 INFO  EvoClassLoader - Seeing class for first time: com.ctc.wstx.util.DefaultXmlSymbolTable
2024-11-12 13:42:44,173 INFO  EvoClassLoader - Instrumenting class 'com.ctc.wstx.util.DefaultXmlSymbolTable'.
2024-11-12 13:42:44,173 INFO  MethodCallReplacementClassAdapter - Adding mock interface to class com/ctc/wstx/util/DefaultXmlSymbolTable
2024-11-12 13:42:44,173 INFO  CreateClassResetClassAdapter - Found static initializer in class com/ctc/wstx/util/DefaultXmlSymbolTable
2024-11-12 13:42:44,173 INFO  EvoClassLoader - Keeping class: com.ctc.wstx.util.DefaultXmlSymbolTable
2024-11-12 13:42:44,173 INFO  EvoClassLoader - Seeing class for first time: com.ctc.wstx.stax.WstxInputFactory
2024-11-12 13:42:44,173 INFO  EvoClassLoader - Instrumenting class 'com.ctc.wstx.stax.WstxInputFactory'.
2024-11-12 13:42:44,174 INFO  MethodCallReplacementClassAdapter - Adding mock interface to class com/ctc/wstx/stax/WstxInputFactory
2024-11-12 13:42:44,177 INFO  CreateClassResetClassAdapter - Found static initializer in class com/ctc/wstx/stax/WstxInputFactory
2024-11-12 13:42:44,177 INFO  EvoClassLoader - Defined package (3): package com.ctc.wstx.stax, 1758581405
2024-11-12 13:42:44,177 INFO  EvoClassLoader - Seeing class for first time: com.ctc.wstx.sr.ReaderCreator
2024-11-12 13:42:44,177 INFO  EvoClassLoader - Instrumenting class 'com.ctc.wstx.sr.ReaderCreator'.
2024-11-12 13:42:44,178 INFO  EvoClassLoader - Defined package (3): package com.ctc.wstx.sr, 1195124708
2024-11-12 13:42:44,178 INFO  EvoClassLoader - Keeping class: com.ctc.wstx.sr.ReaderCreator
2024-11-12 13:42:44,178 INFO  EvoClassLoader - Seeing class for first time: com.ctc.wstx.cfg.InputConfigFlags
2024-11-12 13:42:44,178 INFO  EvoClassLoader - Instrumenting class 'com.ctc.wstx.cfg.InputConfigFlags'.
2024-11-12 13:42:44,178 INFO  EvoClassLoader - Defined package (3): package com.ctc.wstx.cfg, -1605855361
2024-11-12 13:42:44,178 INFO  EvoClassLoader - Keeping class: com.ctc.wstx.cfg.InputConfigFlags
2024-11-12 13:42:44,178 INFO  EvoClassLoader - Keeping class: com.ctc.wstx.stax.WstxInputFactory
2024-11-12 13:42:44,178 INFO  EvoClassLoader - Seeing class for first time: com.ctc.wstx.exc.WstxIOException
2024-11-12 13:42:44,178 INFO  EvoClassLoader - Instrumenting class 'com.ctc.wstx.exc.WstxIOException'.
2024-11-12 13:42:44,178 INFO  MethodCallReplacementClassAdapter - Adding mock interface to class com/ctc/wstx/exc/WstxIOException
2024-11-12 13:42:44,178 INFO  CreateClassResetClassAdapter - Creating brand-new static initializer in class com/ctc/wstx/exc/WstxIOException
2024-11-12 13:42:44,178 INFO  EvoClassLoader - Defined package (3): package com.ctc.wstx.exc, -1605852885
2024-11-12 13:42:44,178 INFO  EvoClassLoader - Seeing class for first time: com.ctc.wstx.exc.WstxException
2024-11-12 13:42:44,178 INFO  EvoClassLoader - Instrumenting class 'com.ctc.wstx.exc.WstxException'.
2024-11-12 13:42:44,179 INFO  MethodCallReplacementClassAdapter - Adding mock interface to class com/ctc/wstx/exc/WstxException
2024-11-12 13:42:44,179 INFO  CreateClassResetClassAdapter - Creating brand-new static initializer in class com/ctc/wstx/exc/WstxException
2024-11-12 13:42:44,179 INFO  EvoClassLoader - Keeping class: com.ctc.wstx.exc.WstxException
2024-11-12 13:42:44,179 INFO  EvoClassLoader - Keeping class: com.ctc.wstx.exc.WstxIOException
2024-11-12 13:42:44,179 INFO  EvoClassLoader - Seeing class for first time: com.ctc.wstx.io.InputBootstrapper
2024-11-12 13:42:44,179 INFO  EvoClassLoader - Instrumenting class 'com.ctc.wstx.io.InputBootstrapper'.
2024-11-12 13:42:44,180 INFO  MethodCallReplacementClassAdapter - Adding mock interface to class com/ctc/wstx/io/InputBootstrapper
2024-11-12 13:42:44,180 INFO  CreateClassResetClassAdapter - Creating brand-new static initializer in class com/ctc/wstx/io/InputBootstrapper
2024-11-12 13:42:44,180 INFO  CreateClassResetClassAdapter - Adding bytecode for initializing field ERR_XMLDECL_KW_VERSION
2024-11-12 13:42:44,180 INFO  CreateClassResetClassAdapter - Adding bytecode for initializing field ERR_XMLDECL_KW_ENCODING
2024-11-12 13:42:44,180 INFO  CreateClassResetClassAdapter - Adding bytecode for initializing field ERR_XMLDECL_KW_STANDALONE
2024-11-12 13:42:44,180 INFO  CreateClassResetClassAdapter - Adding bytecode for initializing field ERR_XMLDECL_END_MARKER
2024-11-12 13:42:44,180 INFO  CreateClassResetClassAdapter - Adding bytecode for initializing field ERR_XMLDECL_EXP_SPACE
2024-11-12 13:42:44,180 INFO  CreateClassResetClassAdapter - Adding bytecode for initializing field ERR_XMLDECL_EXP_EQ
2024-11-12 13:42:44,180 INFO  CreateClassResetClassAdapter - Adding bytecode for initializing field ERR_XMLDECL_EXP_ATTRVAL
2024-11-12 13:42:44,180 INFO  CreateClassResetClassAdapter - Adding bytecode for initializing field CHAR_NULL
2024-11-12 13:42:44,180 INFO  CreateClassResetClassAdapter - Adding bytecode for initializing field CHAR_SPACE
2024-11-12 13:42:44,180 INFO  CreateClassResetClassAdapter - Adding bytecode for initializing field CHAR_NEL
2024-11-12 13:42:44,180 INFO  CreateClassResetClassAdapter - Adding bytecode for initializing field CHAR_CR
2024-11-12 13:42:44,180 INFO  CreateClassResetClassAdapter - Adding bytecode for initializing field CHAR_LF
2024-11-12 13:42:44,180 INFO  CreateClassResetClassAdapter - Adding bytecode for initializing field BYTE_NULL
2024-11-12 13:42:44,180 INFO  CreateClassResetClassAdapter - Adding bytecode for initializing field BYTE_CR
2024-11-12 13:42:44,180 INFO  CreateClassResetClassAdapter - Adding bytecode for initializing field BYTE_LF
2024-11-12 13:42:44,180 INFO  EvoClassLoader - Defined package (3): package com.ctc.wstx.io, 1195124395
2024-11-12 13:42:44,180 INFO  EvoClassLoader - Keeping class: com.ctc.wstx.io.InputBootstrapper
2024-11-12 13:42:44,180 INFO  EvoClassLoader - Seeing class for first time: com.ctc.wstx.io.StreamBootstrapper
2024-11-12 13:42:44,180 INFO  EvoClassLoader - Instrumenting class 'com.ctc.wstx.io.StreamBootstrapper'.
2024-11-12 13:42:44,180 INFO  MethodCallReplacementClassAdapter - Adding mock interface to class com/ctc/wstx/io/StreamBootstrapper
2024-11-12 13:42:44,183 INFO  CreateClassResetClassAdapter - Creating brand-new static initializer in class com/ctc/wstx/io/StreamBootstrapper
2024-11-12 13:42:44,183 INFO  CreateClassResetClassAdapter - Adding bytecode for initializing field MIN_BUF_SIZE
2024-11-12 13:42:44,184 INFO  EvoClassLoader - Keeping class: com.ctc.wstx.io.StreamBootstrapper
2024-11-12 13:42:44,184 INFO  EvoClassLoader - Seeing class for first time: com.ctc.wstx.io.ReaderBootstrapper
2024-11-12 13:42:44,184 INFO  EvoClassLoader - Instrumenting class 'com.ctc.wstx.io.ReaderBootstrapper'.
2024-11-12 13:42:44,184 INFO  MethodCallReplacementClassAdapter - Adding mock interface to class com/ctc/wstx/io/ReaderBootstrapper
2024-11-12 13:42:44,185 INFO  CreateClassResetClassAdapter - Creating brand-new static initializer in class com/ctc/wstx/io/ReaderBootstrapper
2024-11-12 13:42:44,185 INFO  CreateClassResetClassAdapter - Adding bytecode for initializing field CHAR_BOM_MARKER
2024-11-12 13:42:44,185 INFO  EvoClassLoader - Keeping class: com.ctc.wstx.io.ReaderBootstrapper
2024-11-12 13:42:44,185 INFO  EvoClassLoader - Seeing class for first time: com.ctc.wstx.api.ReaderConfig
2024-11-12 13:42:44,185 INFO  EvoClassLoader - Instrumenting class 'com.ctc.wstx.api.ReaderConfig'.
2024-11-12 13:42:44,186 INFO  MethodCallReplacementClassAdapter - Adding mock interface to class com/ctc/wstx/api/ReaderConfig
2024-11-12 13:42:44,187 INFO  CreateClassResetClassAdapter - Found static initializer in class com/ctc/wstx/api/ReaderConfig
2024-11-12 13:42:44,188 INFO  EvoClassLoader - Defined package (3): package com.ctc.wstx.api, -1605856971
2024-11-12 13:42:44,188 INFO  EvoClassLoader - Seeing class for first time: com.ctc.wstx.api.CommonConfig
2024-11-12 13:42:44,188 INFO  EvoClassLoader - Instrumenting class 'com.ctc.wstx.api.CommonConfig'.
2024-11-12 13:42:44,189 INFO  MethodCallReplacementClassAdapter - Adding mock interface to class com/ctc/wstx/api/CommonConfig
2024-11-12 13:42:44,190 INFO  CreateClassResetClassAdapter - Found static initializer in class com/ctc/wstx/api/CommonConfig
2024-11-12 13:42:44,190 INFO  EvoClassLoader - Keeping class: com.ctc.wstx.api.CommonConfig
2024-11-12 13:42:44,190 INFO  EvoClassLoader - Keeping class: com.ctc.wstx.api.ReaderConfig
2024-11-12 13:42:44,190 INFO  EvoClassLoader - Seeing class for first time: com.ctc.wstx.dtd.DTDId
2024-11-12 13:42:44,190 INFO  EvoClassLoader - Instrumenting class 'com.ctc.wstx.dtd.DTDId'.
2024-11-12 13:42:44,190 INFO  MethodCallReplacementClassAdapter - Adding mock interface to class com/ctc/wstx/dtd/DTDId
2024-11-12 13:42:44,191 INFO  CreateClassResetClassAdapter - Creating brand-new static initializer in class com/ctc/wstx/dtd/DTDId
2024-11-12 13:42:44,191 INFO  EvoClassLoader - Defined package (3): package com.ctc.wstx.dtd, -1605853969
2024-11-12 13:42:44,191 INFO  EvoClassLoader - Keeping class: com.ctc.wstx.dtd.DTDId
2024-11-12 13:42:44,191 INFO  EvoClassLoader - Seeing class for first time: com.ctc.wstx.dtd.DTDSubset
2024-11-12 13:42:44,191 INFO  EvoClassLoader - Instrumenting class 'com.ctc.wstx.dtd.DTDSubset'.
2024-11-12 13:42:44,192 INFO  MethodCallReplacementClassAdapter - Adding mock interface to class com/ctc/wstx/dtd/DTDSubset
2024-11-12 13:42:44,192 INFO  CreateClassResetClassAdapter - Creating brand-new static initializer in class com/ctc/wstx/dtd/DTDSubset
2024-11-12 13:42:44,192 INFO  EvoClassLoader - Seeing class for first time: org.codehaus.stax2.validation.DTDValidationSchema
2024-11-12 13:42:44,192 INFO  EvoClassLoader - Instrumenting class 'org.codehaus.stax2.validation.DTDValidationSchema'.
2024-11-12 13:42:44,192 INFO  EvoClassLoader - Seeing class for first time: org.codehaus.stax2.validation.XMLValidationSchema
2024-11-12 13:42:44,192 INFO  EvoClassLoader - Instrumenting class 'org.codehaus.stax2.validation.XMLValidationSchema'.
2024-11-12 13:42:44,192 INFO  EvoClassLoader - Keeping class: org.codehaus.stax2.validation.XMLValidationSchema
2024-11-12 13:42:44,192 INFO  EvoClassLoader - Keeping class: org.codehaus.stax2.validation.DTDValidationSchema
2024-11-12 13:42:44,192 INFO  EvoClassLoader - Keeping class: com.ctc.wstx.dtd.DTDSubset
2024-11-12 13:42:44,192 INFO  EvoClassLoader - Seeing class for first time: com.ctc.wstx.io.SystemId
2024-11-12 13:42:44,192 INFO  EvoClassLoader - Instrumenting class 'com.ctc.wstx.io.SystemId'.
2024-11-12 13:42:44,192 INFO  MethodCallReplacementClassAdapter - Adding mock interface to class com/ctc/wstx/io/SystemId
2024-11-12 13:42:44,193 INFO  CreateClassResetClassAdapter - Creating brand-new static initializer in class com/ctc/wstx/io/SystemId
2024-11-12 13:42:44,193 INFO  EvoClassLoader - Keeping class: com.ctc.wstx.io.SystemId
2024-11-12 13:42:44,194 INFO  EvoClassLoader - Seeing class for first time: com.ctc.wstx.ent.EntityDecl
2024-11-12 13:42:44,194 INFO  EvoClassLoader - Instrumenting class 'com.ctc.wstx.ent.EntityDecl'.
2024-11-12 13:42:44,194 INFO  MethodCallReplacementClassAdapter - Adding mock interface to class com/ctc/wstx/ent/EntityDecl
2024-11-12 13:42:44,194 INFO  CreateClassResetClassAdapter - Creating brand-new static initializer in class com/ctc/wstx/ent/EntityDecl
2024-11-12 13:42:44,194 INFO  EvoClassLoader - Defined package (3): package com.ctc.wstx.ent, -1605853178
2024-11-12 13:42:44,194 INFO  EvoClassLoader - Seeing class for first time: com.ctc.wstx.evt.WEntityDeclaration
2024-11-12 13:42:44,194 INFO  EvoClassLoader - Instrumenting class 'com.ctc.wstx.evt.WEntityDeclaration'.
2024-11-12 13:42:44,194 INFO  MethodCallReplacementClassAdapter - Adding mock interface to class com/ctc/wstx/evt/WEntityDeclaration
2024-11-12 13:42:44,194 INFO  CreateClassResetClassAdapter - Creating brand-new static initializer in class com/ctc/wstx/evt/WEntityDeclaration
2024-11-12 13:42:44,194 INFO  EvoClassLoader - Defined package (3): package com.ctc.wstx.evt, -1605852930
2024-11-12 13:42:44,195 INFO  EvoClassLoader - Seeing class for first time: org.codehaus.stax2.ri.evt.BaseEventImpl
2024-11-12 13:42:44,195 INFO  EvoClassLoader - Instrumenting class 'org.codehaus.stax2.ri.evt.BaseEventImpl'.
2024-11-12 13:42:44,195 INFO  MethodCallReplacementClassAdapter - Adding mock interface to class org/codehaus/stax2/ri/evt/BaseEventImpl
2024-11-12 13:42:44,195 INFO  CreateClassResetClassAdapter - Creating brand-new static initializer in class org/codehaus/stax2/ri/evt/BaseEventImpl
2024-11-12 13:42:44,195 INFO  EvoClassLoader - Defined package (3): package org.codehaus.stax2.ri.evt, -220188000
2024-11-12 13:42:44,195 INFO  EvoClassLoader - Seeing class for first time: org.codehaus.stax2.evt.XMLEvent2
2024-11-12 13:42:44,195 INFO  EvoClassLoader - Instrumenting class 'org.codehaus.stax2.evt.XMLEvent2'.
2024-11-12 13:42:44,195 INFO  EvoClassLoader - Defined package (3): package org.codehaus.stax2.evt, -1695602321
2024-11-12 13:42:44,195 INFO  EvoClassLoader - Keeping class: org.codehaus.stax2.evt.XMLEvent2
2024-11-12 13:42:44,196 INFO  EvoClassLoader - Keeping class: org.codehaus.stax2.ri.evt.BaseEventImpl
2024-11-12 13:42:44,196 INFO  EvoClassLoader - Keeping class: com.ctc.wstx.evt.WEntityDeclaration
2024-11-12 13:42:44,196 INFO  EvoClassLoader - Keeping class: com.ctc.wstx.ent.EntityDecl
2024-11-12 13:42:44,196 INFO  EvoClassLoader - Seeing class for first time: com.ctc.wstx.api.WstxInputProperties$ParsingMode
2024-11-12 13:42:44,196 INFO  EvoClassLoader - Instrumenting class 'com.ctc.wstx.api.WstxInputProperties$ParsingMode'.
2024-11-12 13:42:44,196 INFO  MethodCallReplacementClassAdapter - Adding mock interface to class com/ctc/wstx/api/WstxInputProperties$ParsingMode
2024-11-12 13:42:44,196 INFO  CreateClassResetClassAdapter - Creating brand-new static initializer in class com/ctc/wstx/api/WstxInputProperties$ParsingMode
2024-11-12 13:42:44,196 INFO  EvoClassLoader - Keeping class: com.ctc.wstx.api.WstxInputProperties$ParsingMode
2024-11-12 13:42:44,196 INFO  EvoClassLoader - Seeing class for first time: com.ctc.wstx.dtd.DTDEventListener
2024-11-12 13:42:44,196 INFO  EvoClassLoader - Instrumenting class 'com.ctc.wstx.dtd.DTDEventListener'.
2024-11-12 13:42:44,196 INFO  EvoClassLoader - Keeping class: com.ctc.wstx.dtd.DTDEventListener
2024-11-12 13:42:44,196 INFO  EvoClassLoader - Seeing class for first time: com.ctc.wstx.io.BufferRecycler
2024-11-12 13:42:44,196 INFO  EvoClassLoader - Instrumenting class 'com.ctc.wstx.io.BufferRecycler'.
2024-11-12 13:42:44,197 INFO  MethodCallReplacementClassAdapter - Adding mock interface to class com/ctc/wstx/io/BufferRecycler
2024-11-12 13:42:44,197 INFO  CreateClassResetClassAdapter - Creating brand-new static initializer in class com/ctc/wstx/io/BufferRecycler
2024-11-12 13:42:44,197 INFO  EvoClassLoader - Keeping class: com.ctc.wstx.io.BufferRecycler
2024-11-12 13:42:44,197 INFO  EvoClassLoader - Seeing class for first time: com.ctc.wstx.api.WstxInputProperties
2024-11-12 13:42:44,197 INFO  EvoClassLoader - Instrumenting class 'com.ctc.wstx.api.WstxInputProperties'.
2024-11-12 13:42:44,197 INFO  MethodCallReplacementClassAdapter - Adding mock interface to class com/ctc/wstx/api/WstxInputProperties
2024-11-12 13:42:44,197 INFO  CreateClassResetClassAdapter - Found static initializer in class com/ctc/wstx/api/WstxInputProperties
2024-11-12 13:42:44,197 INFO  EvoClassLoader - Keeping class: com.ctc.wstx.api.WstxInputProperties
2024-11-12 13:42:44,197 INFO  EvoClassLoader - Seeing class for first time: org.apache.hadoop.conf.Configuration$DeprecationDelta
2024-11-12 13:42:44,197 INFO  EvoClassLoader - Instrumenting class 'org.apache.hadoop.conf.Configuration$DeprecationDelta'.
2024-11-12 13:42:44,198 INFO  MethodCallReplacementClassAdapter - Adding mock interface to class org/apache/hadoop/conf/Configuration$DeprecationDelta
2024-11-12 13:42:44,198 INFO  CreateClassResetClassAdapter - Creating brand-new static initializer in class org/apache/hadoop/conf/Configuration$DeprecationDelta
2024-11-12 13:42:44,198 INFO  EvoClassLoader - Defined package (3): package org.apache.hadoop.conf, 101048823
2024-11-12 13:42:44,198 INFO  EvoClassLoader - Keeping class: org.apache.hadoop.conf.Configuration$DeprecationDelta
2024-11-12 13:42:44,198 INFO  EvoClassLoader - Seeing class for first time: org.apache.hadoop.conf.Configuration
2024-11-12 13:42:44,198 INFO  EvoClassLoader - Instrumenting class 'org.apache.hadoop.conf.Configuration'.
2024-11-12 13:42:44,198 INFO  MethodCallReplacementClassAdapter - Adding mock interface to class org/apache/hadoop/conf/Configuration
2024-11-12 13:42:44,203 INFO  CreateClassResetClassAdapter - Found static initializer in class org/apache/hadoop/conf/Configuration
2024-11-12 13:42:44,204 INFO  EvoClassLoader - Seeing class for first time: org.apache.hadoop.io.Writable
2024-11-12 13:42:44,204 INFO  EvoClassLoader - Instrumenting class 'org.apache.hadoop.io.Writable'.
2024-11-12 13:42:44,204 INFO  EvoClassLoader - Defined package (3): package org.apache.hadoop.io, -40118087
2024-11-12 13:42:44,205 INFO  EvoClassLoader - Keeping class: org.apache.hadoop.io.Writable
2024-11-12 13:42:44,205 INFO  EvoClassLoader - Keeping class: org.apache.hadoop.conf.Configuration
2024-11-12 13:42:44,205 INFO  EvoClassLoader - Seeing class for first time: org.apache.hadoop.conf.Configuration$NegativeCacheSentinel
2024-11-12 13:42:44,205 INFO  EvoClassLoader - Instrumenting class 'org.apache.hadoop.conf.Configuration$NegativeCacheSentinel'.
2024-11-12 13:42:44,205 INFO  MethodCallReplacementClassAdapter - Adding mock interface to class org/apache/hadoop/conf/Configuration$NegativeCacheSentinel
2024-11-12 13:42:44,205 INFO  CreateClassResetClassAdapter - Creating brand-new static initializer in class org/apache/hadoop/conf/Configuration$NegativeCacheSentinel
2024-11-12 13:42:44,205 INFO  EvoClassLoader - Keeping class: org.apache.hadoop.conf.Configuration$NegativeCacheSentinel
2024-11-12 13:42:44,205 INFO  EvoClassLoader - Seeing class for first time: org.apache.hadoop.conf.Configuration$Parser
2024-11-12 13:42:44,205 INFO  EvoClassLoader - Instrumenting class 'org.apache.hadoop.conf.Configuration$Parser'.
2024-11-12 13:42:44,205 INFO  MethodCallReplacementClassAdapter - Adding mock interface to class org/apache/hadoop/conf/Configuration$Parser
2024-11-12 13:42:44,208 INFO  CreateClassResetClassAdapter - Creating brand-new static initializer in class org/apache/hadoop/conf/Configuration$Parser
2024-11-12 13:42:44,208 INFO  EvoClassLoader - Keeping class: org.apache.hadoop.conf.Configuration$Parser
2024-11-12 13:42:44,208 INFO  EvoClassLoader - Seeing class for first time: org.apache.hadoop.conf.Configuration$ParsedItem
2024-11-12 13:42:44,208 INFO  EvoClassLoader - Instrumenting class 'org.apache.hadoop.conf.Configuration$ParsedItem'.
2024-11-12 13:42:44,209 INFO  MethodCallReplacementClassAdapter - Adding mock interface to class org/apache/hadoop/conf/Configuration$ParsedItem
2024-11-12 13:42:44,209 INFO  CreateClassResetClassAdapter - Creating brand-new static initializer in class org/apache/hadoop/conf/Configuration$ParsedItem
2024-11-12 13:42:44,209 INFO  EvoClassLoader - Keeping class: org.apache.hadoop.conf.Configuration$ParsedItem
2024-11-12 13:42:44,209 INFO  EvoClassLoader - Seeing class for first time: org.apache.hadoop.conf.Configuration$IntegerRanges
2024-11-12 13:42:44,209 INFO  EvoClassLoader - Instrumenting class 'org.apache.hadoop.conf.Configuration$IntegerRanges'.
2024-11-12 13:42:44,209 INFO  MethodCallReplacementClassAdapter - Adding mock interface to class org/apache/hadoop/conf/Configuration$IntegerRanges
2024-11-12 13:42:44,210 INFO  CreateClassResetClassAdapter - Creating brand-new static initializer in class org/apache/hadoop/conf/Configuration$IntegerRanges
2024-11-12 13:42:44,210 INFO  EvoClassLoader - Keeping class: org.apache.hadoop.conf.Configuration$IntegerRanges
2024-11-12 13:42:44,210 INFO  EvoClassLoader - Seeing class for first time: org.apache.hadoop.conf.Configuration$ParsedTimeDuration
2024-11-12 13:42:44,210 INFO  EvoClassLoader - Instrumenting class 'org.apache.hadoop.conf.Configuration$ParsedTimeDuration'.
2024-11-12 13:42:44,211 INFO  MethodCallReplacementClassAdapter - Adding mock interface to class org/apache/hadoop/conf/Configuration$ParsedTimeDuration
2024-11-12 13:42:44,211 INFO  CreateClassResetClassAdapter - Found static initializer in class org/apache/hadoop/conf/Configuration$ParsedTimeDuration
2024-11-12 13:42:44,211 INFO  EvoClassLoader - Keeping class: org.apache.hadoop.conf.Configuration$ParsedTimeDuration
2024-11-12 13:42:44,211 INFO  EvoClassLoader - Seeing class for first time: org.apache.hadoop.conf.Configuration$DeprecationContext
2024-11-12 13:42:44,211 INFO  EvoClassLoader - Instrumenting class 'org.apache.hadoop.conf.Configuration$DeprecationContext'.
2024-11-12 13:42:44,211 INFO  MethodCallReplacementClassAdapter - Adding mock interface to class org/apache/hadoop/conf/Configuration$DeprecationContext
2024-11-12 13:42:44,211 INFO  CreateClassResetClassAdapter - Creating brand-new static initializer in class org/apache/hadoop/conf/Configuration$DeprecationContext
2024-11-12 13:42:44,212 INFO  EvoClassLoader - Keeping class: org.apache.hadoop.conf.Configuration$DeprecationContext
2024-11-12 13:42:44,212 INFO  EvoClassLoader - Seeing class for first time: org.apache.hadoop.util.Preconditions
2024-11-12 13:42:44,212 INFO  EvoClassLoader - Instrumenting class 'org.apache.hadoop.util.Preconditions'.
2024-11-12 13:42:44,212 INFO  MethodCallReplacementClassAdapter - Adding mock interface to class org/apache/hadoop/util/Preconditions
2024-11-12 13:42:44,213 INFO  CreateClassResetClassAdapter - Found static initializer in class org/apache/hadoop/util/Preconditions
2024-11-12 13:42:44,213 INFO  EvoClassLoader - Keeping class: org.apache.hadoop.util.Preconditions
2024-11-12 13:42:44,214 INFO  EvoClassLoader - Seeing class for first time: org.apache.hadoop.conf.Configuration$DeprecatedKeyInfo
2024-11-12 13:42:44,214 INFO  EvoClassLoader - Instrumenting class 'org.apache.hadoop.conf.Configuration$DeprecatedKeyInfo'.
2024-11-12 13:42:44,214 INFO  MethodCallReplacementClassAdapter - Adding mock interface to class org/apache/hadoop/conf/Configuration$DeprecatedKeyInfo
2024-11-12 13:42:44,214 INFO  CreateClassResetClassAdapter - Creating brand-new static initializer in class org/apache/hadoop/conf/Configuration$DeprecatedKeyInfo
2024-11-12 13:42:44,214 INFO  EvoClassLoader - Keeping class: org.apache.hadoop.conf.Configuration$DeprecatedKeyInfo
2024-11-12 13:42:44,214 INFO  EvoClassLoader - Seeing class for first time: org.apache.commons.collections.map.AbstractMapDecorator
2024-11-12 13:42:44,214 INFO  EvoClassLoader - Instrumenting class 'org.apache.commons.collections.map.AbstractMapDecorator'.
2024-11-12 13:42:44,214 INFO  MethodCallReplacementClassAdapter - Adding mock interface to class org/apache/commons/collections/map/AbstractMapDecorator
2024-11-12 13:42:44,214 INFO  CreateClassResetClassAdapter - Creating brand-new static initializer in class org/apache/commons/collections/map/AbstractMapDecorator
2024-11-12 13:42:44,214 INFO  EvoClassLoader - Defined package (3): package org.apache.commons.collections.map, -1340437721
2024-11-12 13:42:44,215 INFO  EvoClassLoader - Keeping class: org.apache.commons.collections.map.AbstractMapDecorator
2024-11-12 13:42:44,215 INFO  EvoClassLoader - Seeing class for first time: org.apache.commons.collections.map.UnmodifiableMap
2024-11-12 13:42:44,215 INFO  EvoClassLoader - Instrumenting class 'org.apache.commons.collections.map.UnmodifiableMap'.
2024-11-12 13:42:44,215 INFO  MethodCallReplacementClassAdapter - Adding mock interface to class org/apache/commons/collections/map/UnmodifiableMap
2024-11-12 13:42:44,215 INFO  CreateClassResetClassAdapter - Creating brand-new static initializer in class org/apache/commons/collections/map/UnmodifiableMap
2024-11-12 13:42:44,215 INFO  EvoClassLoader - Seeing class for first time: org.apache.commons.collections.IterableMap
2024-11-12 13:42:44,215 INFO  EvoClassLoader - Instrumenting class 'org.apache.commons.collections.IterableMap'.
2024-11-12 13:42:44,215 INFO  EvoClassLoader - Defined package (3): package org.apache.commons.collections, -177651399
2024-11-12 13:42:44,215 INFO  EvoClassLoader - Keeping class: org.apache.commons.collections.IterableMap
2024-11-12 13:42:44,215 INFO  EvoClassLoader - Seeing class for first time: org.apache.commons.collections.Unmodifiable
2024-11-12 13:42:44,215 INFO  EvoClassLoader - Instrumenting class 'org.apache.commons.collections.Unmodifiable'.
2024-11-12 13:42:44,216 INFO  EvoClassLoader - Keeping class: org.apache.commons.collections.Unmodifiable
2024-11-12 13:42:44,216 INFO  EvoClassLoader - Keeping class: org.apache.commons.collections.map.UnmodifiableMap
2024-11-12 13:42:44,216 INFO  EvoClassLoader - Seeing class for first time: org.apache.commons.collections.MapIterator
2024-11-12 13:42:44,216 INFO  EvoClassLoader - Instrumenting class 'org.apache.commons.collections.MapIterator'.
2024-11-12 13:42:44,216 INFO  EvoClassLoader - Keeping class: org.apache.commons.collections.MapIterator
2024-11-12 13:42:44,217 INFO  EvoClassLoader - Seeing class for first time: org.apache.hadoop.fs.FileSystem
2024-11-12 13:42:44,217 INFO  EvoClassLoader - Instrumenting class 'org.apache.hadoop.fs.FileSystem'.
2024-11-12 13:42:44,217 INFO  MethodCallReplacementClassAdapter - Adding mock interface to class org/apache/hadoop/fs/FileSystem
2024-11-12 13:42:44,222 INFO  CreateClassResetClassAdapter - Found static initializer in class org/apache/hadoop/fs/FileSystem
2024-11-12 13:42:44,222 INFO  EvoClassLoader - Defined package (3): package org.apache.hadoop.fs, -40118176
2024-11-12 13:42:44,223 INFO  EvoClassLoader - Seeing class for first time: org.apache.hadoop.security.token.DelegationTokenIssuer
2024-11-12 13:42:44,223 INFO  EvoClassLoader - Instrumenting class 'org.apache.hadoop.security.token.DelegationTokenIssuer'.
2024-11-12 13:42:44,223 INFO  EvoClassLoader - Defined package (3): package org.apache.hadoop.security.token, -540953378
2024-11-12 13:42:44,223 INFO  EvoClassLoader - Keeping class: org.apache.hadoop.security.token.DelegationTokenIssuer
2024-11-12 13:42:44,223 INFO  EvoClassLoader - Seeing class for first time: org.apache.hadoop.fs.PathCapabilities
2024-11-12 13:42:44,223 INFO  EvoClassLoader - Instrumenting class 'org.apache.hadoop.fs.PathCapabilities'.
2024-11-12 13:42:44,224 INFO  EvoClassLoader - Keeping class: org.apache.hadoop.fs.PathCapabilities
2024-11-12 13:42:44,224 INFO  EvoClassLoader - Seeing class for first time: org.apache.hadoop.conf.Configured
2024-11-12 13:42:44,224 INFO  EvoClassLoader - Instrumenting class 'org.apache.hadoop.conf.Configured'.
2024-11-12 13:42:44,224 INFO  MethodCallReplacementClassAdapter - Adding mock interface to class org/apache/hadoop/conf/Configured
2024-11-12 13:42:44,224 INFO  CreateClassResetClassAdapter - Creating brand-new static initializer in class org/apache/hadoop/conf/Configured
2024-11-12 13:42:44,225 INFO  EvoClassLoader - Seeing class for first time: org.apache.hadoop.conf.Configurable
2024-11-12 13:42:44,225 INFO  EvoClassLoader - Instrumenting class 'org.apache.hadoop.conf.Configurable'.
2024-11-12 13:42:44,225 INFO  EvoClassLoader - Keeping class: org.apache.hadoop.conf.Configurable
2024-11-12 13:42:44,225 INFO  EvoClassLoader - Keeping class: org.apache.hadoop.conf.Configured
2024-11-12 13:42:44,225 INFO  EvoClassLoader - Keeping class: org.apache.hadoop.fs.FileSystem
2024-11-12 13:42:44,225 INFO  EvoClassLoader - Seeing class for first time: org.apache.hadoop.fs.LocalFileSystem
2024-11-12 13:42:44,225 INFO  EvoClassLoader - Instrumenting class 'org.apache.hadoop.fs.LocalFileSystem'.
2024-11-12 13:42:44,225 INFO  MethodCallReplacementClassAdapter - Adding mock interface to class org/apache/hadoop/fs/LocalFileSystem
2024-11-12 13:42:44,226 INFO  CreateClassResetClassAdapter - Found static initializer in class org/apache/hadoop/fs/LocalFileSystem
2024-11-12 13:42:44,227 INFO  EvoClassLoader - Seeing class for first time: org.apache.hadoop.fs.ChecksumFileSystem
2024-11-12 13:42:44,227 INFO  EvoClassLoader - Instrumenting class 'org.apache.hadoop.fs.ChecksumFileSystem'.
2024-11-12 13:42:44,228 INFO  MethodCallReplacementClassAdapter - Adding mock interface to class org/apache/hadoop/fs/ChecksumFileSystem
2024-11-12 13:42:44,230 INFO  CreateClassResetClassAdapter - Found static initializer in class org/apache/hadoop/fs/ChecksumFileSystem
2024-11-12 13:42:44,230 INFO  EvoClassLoader - Seeing class for first time: org.apache.hadoop.fs.FilterFileSystem
2024-11-12 13:42:44,230 INFO  EvoClassLoader - Instrumenting class 'org.apache.hadoop.fs.FilterFileSystem'.
2024-11-12 13:42:44,230 INFO  MethodCallReplacementClassAdapter - Adding mock interface to class org/apache/hadoop/fs/FilterFileSystem
2024-11-12 13:42:44,231 INFO  CreateClassResetClassAdapter - Creating brand-new static initializer in class org/apache/hadoop/fs/FilterFileSystem
2024-11-12 13:42:44,232 INFO  EvoClassLoader - Keeping class: org.apache.hadoop.fs.FilterFileSystem
2024-11-12 13:42:44,232 INFO  EvoClassLoader - Keeping class: org.apache.hadoop.fs.ChecksumFileSystem
2024-11-12 13:42:44,232 INFO  EvoClassLoader - Keeping class: org.apache.hadoop.fs.LocalFileSystem
2024-11-12 13:42:44,233 INFO  EvoClassLoader - Seeing class for first time: org.apache.hadoop.fs.Path
2024-11-12 13:42:44,233 INFO  EvoClassLoader - Instrumenting class 'org.apache.hadoop.fs.Path'.
2024-11-12 13:42:44,233 INFO  MethodCallReplacementClassAdapter - Adding mock interface to class org/apache/hadoop/fs/Path
2024-11-12 13:42:44,234 INFO  CreateClassResetClassAdapter - Found static initializer in class org/apache/hadoop/fs/Path
2024-11-12 13:42:44,235 INFO  EvoClassLoader - Keeping class: org.apache.hadoop.fs.Path
2024-11-12 13:42:44,235 INFO  EvoClassLoader - Seeing class for first time: org.apache.hadoop.conf.Configuration$Resource
2024-11-12 13:42:44,235 INFO  EvoClassLoader - Instrumenting class 'org.apache.hadoop.conf.Configuration$Resource'.
2024-11-12 13:42:44,235 INFO  MethodCallReplacementClassAdapter - Adding mock interface to class org/apache/hadoop/conf/Configuration$Resource
2024-11-12 13:42:44,235 INFO  CreateClassResetClassAdapter - Creating brand-new static initializer in class org/apache/hadoop/conf/Configuration$Resource
2024-11-12 13:42:44,235 INFO  EvoClassLoader - Keeping class: org.apache.hadoop.conf.Configuration$Resource
2024-11-12 13:42:44,235 INFO  EvoClassLoader - Seeing class for first time: org.apache.hadoop.conf.StorageUnit
2024-11-12 13:42:44,235 INFO  EvoClassLoader - Instrumenting class 'org.apache.hadoop.conf.StorageUnit'.
2024-11-12 13:42:44,236 INFO  MethodCallReplacementClassAdapter - Adding mock interface to class org/apache/hadoop/conf/StorageUnit
2024-11-12 13:42:44,236 INFO  CreateClassResetClassAdapter - Found static initializer in class org/apache/hadoop/conf/StorageUnit
2024-11-12 13:42:44,236 INFO  EvoClassLoader - Keeping class: org.apache.hadoop.conf.StorageUnit
2024-11-12 13:42:44,236 INFO  EvoClassLoader - Seeing class for first time: org.apache.hadoop.security.alias.CredentialProvider
2024-11-12 13:42:44,236 INFO  EvoClassLoader - Instrumenting class 'org.apache.hadoop.security.alias.CredentialProvider'.
2024-11-12 13:42:44,236 INFO  MethodCallReplacementClassAdapter - Adding mock interface to class org/apache/hadoop/security/alias/CredentialProvider
2024-11-12 13:42:44,236 INFO  CreateClassResetClassAdapter - Creating brand-new static initializer in class org/apache/hadoop/security/alias/CredentialProvider
2024-11-12 13:42:44,236 INFO  CreateClassResetClassAdapter - Adding bytecode for initializing field CLEAR_TEXT_FALLBACK
2024-11-12 13:42:44,236 INFO  EvoClassLoader - Defined package (3): package org.apache.hadoop.security.alias, -558591691
2024-11-12 13:42:44,236 INFO  EvoClassLoader - Keeping class: org.apache.hadoop.security.alias.CredentialProvider
2024-11-12 13:42:44,236 INFO  EvoClassLoader - Seeing class for first time: org.apache.hadoop.security.alias.CredentialProvider$CredentialEntry
2024-11-12 13:42:44,236 INFO  EvoClassLoader - Instrumenting class 'org.apache.hadoop.security.alias.CredentialProvider$CredentialEntry'.
2024-11-12 13:42:44,236 INFO  MethodCallReplacementClassAdapter - Adding mock interface to class org/apache/hadoop/security/alias/CredentialProvider$CredentialEntry
2024-11-12 13:42:44,236 INFO  CreateClassResetClassAdapter - Creating brand-new static initializer in class org/apache/hadoop/security/alias/CredentialProvider$CredentialEntry
2024-11-12 13:42:44,237 INFO  EvoClassLoader - Keeping class: org.apache.hadoop.security.alias.CredentialProvider$CredentialEntry
2024-11-12 13:42:44,237 INFO  EvoClassLoader - Seeing class for first time: org.apache.hadoop.conf.ConfigRedactor
2024-11-12 13:42:44,237 INFO  EvoClassLoader - Instrumenting class 'org.apache.hadoop.conf.ConfigRedactor'.
2024-11-12 13:42:44,237 INFO  MethodCallReplacementClassAdapter - Adding mock interface to class org/apache/hadoop/conf/ConfigRedactor
2024-11-12 13:42:44,237 INFO  CreateClassResetClassAdapter - Creating brand-new static initializer in class org/apache/hadoop/conf/ConfigRedactor
2024-11-12 13:42:44,237 INFO  CreateClassResetClassAdapter - Adding bytecode for initializing field REDACTED_TEXT
2024-11-12 13:42:44,237 INFO  CreateClassResetClassAdapter - Adding bytecode for initializing field REDACTED_XML
2024-11-12 13:42:44,237 INFO  EvoClassLoader - Keeping class: org.apache.hadoop.conf.ConfigRedactor
2024-11-12 13:42:44,237 INFO  EvoClassLoader - Seeing class for first time: com.fasterxml.jackson.core.JsonGenerator
2024-11-12 13:42:44,237 INFO  EvoClassLoader - Instrumenting class 'com.fasterxml.jackson.core.JsonGenerator'.
2024-11-12 13:42:44,237 INFO  MethodCallReplacementClassAdapter - Adding mock interface to class com/fasterxml/jackson/core/JsonGenerator
2024-11-12 13:42:44,238 INFO  CreateClassResetClassAdapter - Found static initializer in class com/fasterxml/jackson/core/JsonGenerator
2024-11-12 13:42:44,238 INFO  EvoClassLoader - Defined package (3): package com.fasterxml.jackson.core, 1215208167
2024-11-12 13:42:44,239 INFO  EvoClassLoader - Seeing class for first time: com.fasterxml.jackson.core.Versioned
2024-11-12 13:42:44,239 INFO  EvoClassLoader - Instrumenting class 'com.fasterxml.jackson.core.Versioned'.
2024-11-12 13:42:44,239 INFO  EvoClassLoader - Keeping class: com.fasterxml.jackson.core.Versioned
2024-11-12 13:42:44,240 INFO  EvoClassLoader - Keeping class: com.fasterxml.jackson.core.JsonGenerator
2024-11-12 13:42:44,242 INFO  EvoClassLoader - Seeing class for first time: org.apache.hadoop.thirdparty.protobuf.Value$1
2024-11-12 13:42:44,242 INFO  EvoClassLoader - Instrumenting class 'org.apache.hadoop.thirdparty.protobuf.Value$1'.
2024-11-12 13:42:44,242 INFO  MethodCallReplacementClassAdapter - Adding mock interface to class org/apache/hadoop/thirdparty/protobuf/Value$1
2024-11-12 13:42:44,242 INFO  EvoClassLoader - Keeping class: org.apache.hadoop.thirdparty.protobuf.Value$1
2024-11-12 13:42:44,243 INFO  EvoClassLoader - Seeing class for first time: org.apache.hadoop.thirdparty.protobuf.NullValue
2024-11-12 13:42:44,243 INFO  EvoClassLoader - Instrumenting class 'org.apache.hadoop.thirdparty.protobuf.NullValue'.
2024-11-12 13:42:44,243 INFO  MethodCallReplacementClassAdapter - Adding mock interface to class org/apache/hadoop/thirdparty/protobuf/NullValue
2024-11-12 13:42:44,244 INFO  CreateClassResetClassAdapter - Found static initializer in class org/apache/hadoop/thirdparty/protobuf/NullValue
2024-11-12 13:42:44,244 INFO  EvoClassLoader - Keeping class: org.apache.hadoop.thirdparty.protobuf.NullValue
2024-11-12 13:42:44,244 INFO  EvoClassLoader - Seeing class for first time: org.apache.hadoop.thirdparty.protobuf.Value$KindCase
2024-11-12 13:42:44,244 INFO  EvoClassLoader - Instrumenting class 'org.apache.hadoop.thirdparty.protobuf.Value$KindCase'.
2024-11-12 13:42:44,245 INFO  MethodCallReplacementClassAdapter - Adding mock interface to class org/apache/hadoop/thirdparty/protobuf/Value$KindCase
2024-11-12 13:42:44,245 INFO  CreateClassResetClassAdapter - Found static initializer in class org/apache/hadoop/thirdparty/protobuf/Value$KindCase
2024-11-12 13:42:44,245 INFO  EvoClassLoader - Seeing class for first time: org.apache.hadoop.thirdparty.protobuf.AbstractMessageLite$InternalOneOfEnum
2024-11-12 13:42:44,245 INFO  EvoClassLoader - Instrumenting class 'org.apache.hadoop.thirdparty.protobuf.AbstractMessageLite$InternalOneOfEnum'.
2024-11-12 13:42:44,245 INFO  EvoClassLoader - Keeping class: org.apache.hadoop.thirdparty.protobuf.AbstractMessageLite$InternalOneOfEnum
2024-11-12 13:42:44,245 INFO  EvoClassLoader - Keeping class: org.apache.hadoop.thirdparty.protobuf.Value$KindCase
2024-11-12 13:42:44,248 INFO  EvoClassLoader - Seeing class for first time: org.apache.hadoop.thirdparty.protobuf.Enum$1
2024-11-12 13:42:44,248 INFO  EvoClassLoader - Instrumenting class 'org.apache.hadoop.thirdparty.protobuf.Enum$1'.
2024-11-12 13:42:44,248 INFO  MethodCallReplacementClassAdapter - Adding mock interface to class org/apache/hadoop/thirdparty/protobuf/Enum$1
2024-11-12 13:42:44,248 INFO  EvoClassLoader - Keeping class: org.apache.hadoop.thirdparty.protobuf.Enum$1
2024-11-12 13:42:44,248 INFO  EvoClassLoader - Seeing class for first time: org.apache.hadoop.thirdparty.protobuf.Enum
2024-11-12 13:42:44,248 INFO  EvoClassLoader - Instrumenting class 'org.apache.hadoop.thirdparty.protobuf.Enum'.
2024-11-12 13:42:44,248 INFO  MethodCallReplacementClassAdapter - Adding mock interface to class org/apache/hadoop/thirdparty/protobuf/Enum
2024-11-12 13:42:44,249 INFO  CreateClassResetClassAdapter - Found static initializer in class org/apache/hadoop/thirdparty/protobuf/Enum
2024-11-12 13:42:44,249 INFO  EvoClassLoader - Seeing class for first time: org.apache.hadoop.thirdparty.protobuf.EnumOrBuilder
2024-11-12 13:42:44,249 INFO  EvoClassLoader - Instrumenting class 'org.apache.hadoop.thirdparty.protobuf.EnumOrBuilder'.
2024-11-12 13:42:44,249 INFO  EvoClassLoader - Keeping class: org.apache.hadoop.thirdparty.protobuf.EnumOrBuilder
2024-11-12 13:42:44,249 INFO  EvoClassLoader - Keeping class: org.apache.hadoop.thirdparty.protobuf.Enum
2024-11-12 13:42:44,250 INFO  EvoClassLoader - Seeing class for first time: org.apache.hadoop.thirdparty.protobuf.Enum$Builder
2024-11-12 13:42:44,250 INFO  EvoClassLoader - Instrumenting class 'org.apache.hadoop.thirdparty.protobuf.Enum$Builder'.
2024-11-12 13:42:44,250 INFO  MethodCallReplacementClassAdapter - Adding mock interface to class org/apache/hadoop/thirdparty/protobuf/Enum$Builder
2024-11-12 13:42:44,251 INFO  CreateClassResetClassAdapter - Creating brand-new static initializer in class org/apache/hadoop/thirdparty/protobuf/Enum$Builder
2024-11-12 13:42:44,252 INFO  EvoClassLoader - Keeping class: org.apache.hadoop.thirdparty.protobuf.Enum$Builder
2024-11-12 13:42:44,254 INFO  EvoClassLoader - Seeing class for first time: org.apache.hadoop.thirdparty.protobuf.DescriptorProtos$OneofOptions$1
2024-11-12 13:42:44,254 INFO  EvoClassLoader - Instrumenting class 'org.apache.hadoop.thirdparty.protobuf.DescriptorProtos$OneofOptions$1'.
2024-11-12 13:42:44,254 INFO  MethodCallReplacementClassAdapter - Adding mock interface to class org/apache/hadoop/thirdparty/protobuf/DescriptorProtos$OneofOptions$1
2024-11-12 13:42:44,254 INFO  EvoClassLoader - Keeping class: org.apache.hadoop.thirdparty.protobuf.DescriptorProtos$OneofOptions$1
2024-11-12 13:42:44,255 INFO  EvoClassLoader - Seeing class for first time: org.apache.hadoop.thirdparty.protobuf.GeneratedMessageV3$FieldAccessorTable$RepeatedFieldAccessor$MethodInvoker
2024-11-12 13:42:44,255 INFO  EvoClassLoader - Instrumenting class 'org.apache.hadoop.thirdparty.protobuf.GeneratedMessageV3$FieldAccessorTable$RepeatedFieldAccessor$MethodInvoker'.
2024-11-12 13:42:44,256 INFO  EvoClassLoader - Keeping class: org.apache.hadoop.thirdparty.protobuf.GeneratedMessageV3$FieldAccessorTable$RepeatedFieldAccessor$MethodInvoker
2024-11-12 13:42:44,256 INFO  EvoClassLoader - Seeing class for first time: org.apache.hadoop.thirdparty.protobuf.GeneratedMessageV3$FieldAccessorTable$RepeatedFieldAccessor$ReflectionInvoker
2024-11-12 13:42:44,256 INFO  EvoClassLoader - Instrumenting class 'org.apache.hadoop.thirdparty.protobuf.GeneratedMessageV3$FieldAccessorTable$RepeatedFieldAccessor$ReflectionInvoker'.
2024-11-12 13:42:44,256 INFO  MethodCallReplacementClassAdapter - Adding mock interface to class org/apache/hadoop/thirdparty/protobuf/GeneratedMessageV3$FieldAccessorTable$RepeatedFieldAccessor$ReflectionInvoker
2024-11-12 13:42:44,256 INFO  CreateClassResetClassAdapter - Creating brand-new static initializer in class org/apache/hadoop/thirdparty/protobuf/GeneratedMessageV3$FieldAccessorTable$RepeatedFieldAccessor$ReflectionInvoker
2024-11-12 13:42:44,256 INFO  EvoClassLoader - Keeping class: org.apache.hadoop.thirdparty.protobuf.GeneratedMessageV3$FieldAccessorTable$RepeatedFieldAccessor$ReflectionInvoker
2024-11-12 13:42:44,257 INFO  EvoClassLoader - Seeing class for first time: org.apache.hadoop.thirdparty.protobuf.UInt64Value$Builder
2024-11-12 13:42:44,257 INFO  EvoClassLoader - Instrumenting class 'org.apache.hadoop.thirdparty.protobuf.UInt64Value$Builder'.
2024-11-12 13:42:44,257 INFO  MethodCallReplacementClassAdapter - Adding mock interface to class org/apache/hadoop/thirdparty/protobuf/UInt64Value$Builder
2024-11-12 13:42:44,258 INFO  CreateClassResetClassAdapter - Creating brand-new static initializer in class org/apache/hadoop/thirdparty/protobuf/UInt64Value$Builder
2024-11-12 13:42:44,258 INFO  EvoClassLoader - Seeing class for first time: org.apache.hadoop.thirdparty.protobuf.UInt64ValueOrBuilder
2024-11-12 13:42:44,258 INFO  EvoClassLoader - Instrumenting class 'org.apache.hadoop.thirdparty.protobuf.UInt64ValueOrBuilder'.
2024-11-12 13:42:44,258 INFO  EvoClassLoader - Keeping class: org.apache.hadoop.thirdparty.protobuf.UInt64ValueOrBuilder
2024-11-12 13:42:44,259 INFO  EvoClassLoader - Keeping class: org.apache.hadoop.thirdparty.protobuf.UInt64Value$Builder
2024-11-12 13:42:44,259 INFO  EvoClassLoader - Seeing class for first time: org.apache.hadoop.thirdparty.protobuf.UInt64Value
2024-11-12 13:42:44,259 INFO  EvoClassLoader - Instrumenting class 'org.apache.hadoop.thirdparty.protobuf.UInt64Value'.
2024-11-12 13:42:44,259 INFO  MethodCallReplacementClassAdapter - Adding mock interface to class org/apache/hadoop/thirdparty/protobuf/UInt64Value
2024-11-12 13:42:44,259 INFO  CreateClassResetClassAdapter - Found static initializer in class org/apache/hadoop/thirdparty/protobuf/UInt64Value
2024-11-12 13:42:44,259 INFO  EvoClassLoader - Keeping class: org.apache.hadoop.thirdparty.protobuf.UInt64Value
2024-11-12 13:42:44,261 INFO  EvoClassLoader - Seeing class for first time: org.apache.hadoop.thirdparty.protobuf.Duration$Builder
2024-11-12 13:42:44,261 INFO  EvoClassLoader - Instrumenting class 'org.apache.hadoop.thirdparty.protobuf.Duration$Builder'.
2024-11-12 13:42:44,261 INFO  MethodCallReplacementClassAdapter - Adding mock interface to class org/apache/hadoop/thirdparty/protobuf/Duration$Builder
2024-11-12 13:42:44,261 INFO  CreateClassResetClassAdapter - Creating brand-new static initializer in class org/apache/hadoop/thirdparty/protobuf/Duration$Builder
2024-11-12 13:42:44,262 INFO  EvoClassLoader - Seeing class for first time: org.apache.hadoop.thirdparty.protobuf.DurationOrBuilder
2024-11-12 13:42:44,262 INFO  EvoClassLoader - Instrumenting class 'org.apache.hadoop.thirdparty.protobuf.DurationOrBuilder'.
2024-11-12 13:42:44,262 INFO  EvoClassLoader - Keeping class: org.apache.hadoop.thirdparty.protobuf.DurationOrBuilder
2024-11-12 13:42:44,262 INFO  EvoClassLoader - Keeping class: org.apache.hadoop.thirdparty.protobuf.Duration$Builder
2024-11-12 13:42:44,262 INFO  EvoClassLoader - Seeing class for first time: org.apache.hadoop.thirdparty.protobuf.Duration
2024-11-12 13:42:44,262 INFO  EvoClassLoader - Instrumenting class 'org.apache.hadoop.thirdparty.protobuf.Duration'.
2024-11-12 13:42:44,262 INFO  MethodCallReplacementClassAdapter - Adding mock interface to class org/apache/hadoop/thirdparty/protobuf/Duration
2024-11-12 13:42:44,262 INFO  CreateClassResetClassAdapter - Found static initializer in class org/apache/hadoop/thirdparty/protobuf/Duration
2024-11-12 13:42:44,263 INFO  EvoClassLoader - Keeping class: org.apache.hadoop.thirdparty.protobuf.Duration
2024-11-12 13:42:44,263 INFO  EvoClassLoader - Seeing class for first time: org.apache.hadoop.thirdparty.protobuf.DurationProto
2024-11-12 13:42:44,263 INFO  EvoClassLoader - Instrumenting class 'org.apache.hadoop.thirdparty.protobuf.DurationProto'.
2024-11-12 13:42:44,263 INFO  MethodCallReplacementClassAdapter - Adding mock interface to class org/apache/hadoop/thirdparty/protobuf/DurationProto
2024-11-12 13:42:44,263 INFO  CreateClassResetClassAdapter - Found static initializer in class org/apache/hadoop/thirdparty/protobuf/DurationProto
2024-11-12 13:42:44,263 INFO  EvoClassLoader - Keeping class: org.apache.hadoop.thirdparty.protobuf.DurationProto
2024-11-12 13:42:44,264 INFO  EvoClassLoader - Seeing class for first time: org.eclipse.jetty.io.MappedByteBufferPool$Tagged
2024-11-12 13:42:44,264 INFO  EvoClassLoader - Instrumenting class 'org.eclipse.jetty.io.MappedByteBufferPool$Tagged'.
2024-11-12 13:42:44,264 INFO  MethodCallReplacementClassAdapter - Adding mock interface to class org/eclipse/jetty/io/MappedByteBufferPool$Tagged
2024-11-12 13:42:44,264 INFO  CreateClassResetClassAdapter - Creating brand-new static initializer in class org/eclipse/jetty/io/MappedByteBufferPool$Tagged
2024-11-12 13:42:44,264 INFO  EvoClassLoader - Keeping class: org.eclipse.jetty.io.MappedByteBufferPool$Tagged
2024-11-12 13:42:44,264 INFO  EvoClassLoader - Seeing class for first time: org.apache.hadoop.thirdparty.protobuf.Timestamp$1
2024-11-12 13:42:44,264 INFO  EvoClassLoader - Instrumenting class 'org.apache.hadoop.thirdparty.protobuf.Timestamp$1'.
2024-11-12 13:42:44,265 INFO  MethodCallReplacementClassAdapter - Adding mock interface to class org/apache/hadoop/thirdparty/protobuf/Timestamp$1
2024-11-12 13:42:44,265 INFO  EvoClassLoader - Keeping class: org.apache.hadoop.thirdparty.protobuf.Timestamp$1
2024-11-12 13:42:44,265 INFO  EvoClassLoader - Seeing class for first time: org.apache.hadoop.thirdparty.protobuf.ByteString$1
2024-11-12 13:42:44,265 INFO  EvoClassLoader - Instrumenting class 'org.apache.hadoop.thirdparty.protobuf.ByteString$1'.
2024-11-12 13:42:44,265 INFO  MethodCallReplacementClassAdapter - Adding mock interface to class org/apache/hadoop/thirdparty/protobuf/ByteString$1
2024-11-12 13:42:44,266 INFO  EvoClassLoader - Keeping class: org.apache.hadoop.thirdparty.protobuf.ByteString$1
2024-11-12 13:42:44,266 INFO  EvoClassLoader - Seeing class for first time: org.apache.hadoop.thirdparty.protobuf.Duration$1
2024-11-12 13:42:44,266 INFO  EvoClassLoader - Instrumenting class 'org.apache.hadoop.thirdparty.protobuf.Duration$1'.
2024-11-12 13:42:44,266 INFO  MethodCallReplacementClassAdapter - Adding mock interface to class org/apache/hadoop/thirdparty/protobuf/Duration$1
2024-11-12 13:42:44,266 INFO  EvoClassLoader - Keeping class: org.apache.hadoop.thirdparty.protobuf.Duration$1
]]></system-out>
  </testcase>
  <testcase name="test72" classname="org.apache.hadoop.hdfs.server.namenode.ha.proto.HAZKInfoProtos_ESTest" time="0.002">
    <system-out><![CDATA[2024-11-12 13:42:44,268 INFO  ThreadStopper - Found new thread
2024-11-12 13:42:44,268 INFO  EvoClassLoader - Seeing class for first time: libcore.io.Memory
2024-11-12 13:42:44,268 INFO  EvoClassLoader - Instrumenting class 'libcore.io.Memory'.
2024-11-12 13:42:44,269 INFO  EvoClassLoader - Error while loading class: java.lang.ClassNotFoundException: Class 'libcore/io/Memory.class' should be in target project, but could not be found!
2024-11-12 13:42:44,269 INFO  EvoClassLoader - Seeing class for first time: org.robolectric.Robolectric
2024-11-12 13:42:44,269 INFO  EvoClassLoader - Instrumenting class 'org.robolectric.Robolectric'.
2024-11-12 13:42:44,269 INFO  EvoClassLoader - Error while loading class: java.lang.ClassNotFoundException: Class 'org/robolectric/Robolectric.class' should be in target project, but could not be found!
2024-11-12 13:42:44,279 INFO  log - Logging initialized @26209ms to org.eclipse.jetty.util.log.Slf4jLog
]]></system-out>
  </testcase>
  <testcase name="test73" classname="org.apache.hadoop.hdfs.server.namenode.ha.proto.HAZKInfoProtos_ESTest" time="0.005">
    <system-out><![CDATA[2024-11-12 13:42:44,288 INFO  EvoClassLoader - Seeing class for first time: libcore.io.Memory
2024-11-12 13:42:44,288 INFO  EvoClassLoader - Instrumenting class 'libcore.io.Memory'.
2024-11-12 13:42:44,288 INFO  EvoClassLoader - Error while loading class: java.lang.ClassNotFoundException: Class 'libcore/io/Memory.class' should be in target project, but could not be found!
2024-11-12 13:42:44,288 INFO  EvoClassLoader - Seeing class for first time: org.robolectric.Robolectric
2024-11-12 13:42:44,288 INFO  EvoClassLoader - Instrumenting class 'org.robolectric.Robolectric'.
2024-11-12 13:42:44,289 INFO  EvoClassLoader - Error while loading class: java.lang.ClassNotFoundException: Class 'org/robolectric/Robolectric.class' should be in target project, but could not be found!
2024-11-12 13:42:44,297 INFO  log - Logging initialized @26227ms to org.eclipse.jetty.util.log.Slf4jLog
]]></system-out>
  </testcase>
  <testcase name="test30" classname="org.apache.hadoop.hdfs.server.namenode.ha.proto.HAZKInfoProtos_ESTest" time="0.002">
    <system-out><![CDATA[2024-11-12 13:42:44,305 INFO  EvoClassLoader - Seeing class for first time: libcore.io.Memory
2024-11-12 13:42:44,305 INFO  EvoClassLoader - Instrumenting class 'libcore.io.Memory'.
2024-11-12 13:42:44,306 INFO  EvoClassLoader - Error while loading class: java.lang.ClassNotFoundException: Class 'libcore/io/Memory.class' should be in target project, but could not be found!
2024-11-12 13:42:44,306 INFO  EvoClassLoader - Seeing class for first time: org.robolectric.Robolectric
2024-11-12 13:42:44,306 INFO  EvoClassLoader - Instrumenting class 'org.robolectric.Robolectric'.
2024-11-12 13:42:44,306 INFO  EvoClassLoader - Error while loading class: java.lang.ClassNotFoundException: Class 'org/robolectric/Robolectric.class' should be in target project, but could not be found!
2024-11-12 13:42:44,313 INFO  log - Logging initialized @26243ms to org.eclipse.jetty.util.log.Slf4jLog
]]></system-out>
  </testcase>
  <testcase name="test74" classname="org.apache.hadoop.hdfs.server.namenode.ha.proto.HAZKInfoProtos_ESTest" time="0.005">
    <system-out><![CDATA[2024-11-12 13:42:44,318 INFO  EvoClassLoader - Seeing class for first time: libcore.io.Memory
2024-11-12 13:42:44,318 INFO  EvoClassLoader - Instrumenting class 'libcore.io.Memory'.
2024-11-12 13:42:44,319 INFO  EvoClassLoader - Error while loading class: java.lang.ClassNotFoundException: Class 'libcore/io/Memory.class' should be in target project, but could not be found!
2024-11-12 13:42:44,319 INFO  EvoClassLoader - Seeing class for first time: org.robolectric.Robolectric
2024-11-12 13:42:44,319 INFO  EvoClassLoader - Instrumenting class 'org.robolectric.Robolectric'.
2024-11-12 13:42:44,319 INFO  EvoClassLoader - Error while loading class: java.lang.ClassNotFoundException: Class 'org/robolectric/Robolectric.class' should be in target project, but could not be found!
2024-11-12 13:42:44,322 INFO  log - Logging initialized @26252ms to org.eclipse.jetty.util.log.Slf4jLog
]]></system-out>
  </testcase>
  <testcase name="test70" classname="org.apache.hadoop.hdfs.server.namenode.ha.proto.HAZKInfoProtos_ESTest" time="0.003">
    <system-out><![CDATA[2024-11-12 13:42:44,329 INFO  EvoClassLoader - Seeing class for first time: libcore.io.Memory
2024-11-12 13:42:44,329 INFO  EvoClassLoader - Instrumenting class 'libcore.io.Memory'.
2024-11-12 13:42:44,329 INFO  EvoClassLoader - Error while loading class: java.lang.ClassNotFoundException: Class 'libcore/io/Memory.class' should be in target project, but could not be found!
2024-11-12 13:42:44,330 INFO  EvoClassLoader - Seeing class for first time: org.robolectric.Robolectric
2024-11-12 13:42:44,330 INFO  EvoClassLoader - Instrumenting class 'org.robolectric.Robolectric'.
2024-11-12 13:42:44,330 INFO  EvoClassLoader - Error while loading class: java.lang.ClassNotFoundException: Class 'org/robolectric/Robolectric.class' should be in target project, but could not be found!
2024-11-12 13:42:44,336 INFO  log - Logging initialized @26266ms to org.eclipse.jetty.util.log.Slf4jLog
]]></system-out>
  </testcase>
  <testcase name="test39" classname="org.apache.hadoop.hdfs.server.namenode.ha.proto.HAZKInfoProtos_ESTest" time="0.004">
    <system-out><![CDATA[2024-11-12 13:42:44,345 INFO  EvoClassLoader - Seeing class for first time: libcore.io.Memory
2024-11-12 13:42:44,345 INFO  EvoClassLoader - Instrumenting class 'libcore.io.Memory'.
2024-11-12 13:42:44,345 INFO  EvoClassLoader - Error while loading class: java.lang.ClassNotFoundException: Class 'libcore/io/Memory.class' should be in target project, but could not be found!
2024-11-12 13:42:44,345 INFO  EvoClassLoader - Seeing class for first time: org.robolectric.Robolectric
2024-11-12 13:42:44,345 INFO  EvoClassLoader - Instrumenting class 'org.robolectric.Robolectric'.
2024-11-12 13:42:44,345 INFO  EvoClassLoader - Error while loading class: java.lang.ClassNotFoundException: Class 'org/robolectric/Robolectric.class' should be in target project, but could not be found!
2024-11-12 13:42:44,350 INFO  log - Logging initialized @26280ms to org.eclipse.jetty.util.log.Slf4jLog
]]></system-out>
  </testcase>
  <testcase name="test35" classname="org.apache.hadoop.hdfs.server.namenode.ha.proto.HAZKInfoProtos_ESTest" time="0.004">
    <system-out><![CDATA[2024-11-12 13:42:44,355 INFO  EvoClassLoader - Seeing class for first time: libcore.io.Memory
2024-11-12 13:42:44,355 INFO  EvoClassLoader - Instrumenting class 'libcore.io.Memory'.
2024-11-12 13:42:44,356 INFO  EvoClassLoader - Error while loading class: java.lang.ClassNotFoundException: Class 'libcore/io/Memory.class' should be in target project, but could not be found!
2024-11-12 13:42:44,356 INFO  EvoClassLoader - Seeing class for first time: org.robolectric.Robolectric
2024-11-12 13:42:44,356 INFO  EvoClassLoader - Instrumenting class 'org.robolectric.Robolectric'.
2024-11-12 13:42:44,356 INFO  EvoClassLoader - Error while loading class: java.lang.ClassNotFoundException: Class 'org/robolectric/Robolectric.class' should be in target project, but could not be found!
2024-11-12 13:42:44,369 INFO  log - Logging initialized @26299ms to org.eclipse.jetty.util.log.Slf4jLog
]]></system-out>
  </testcase>
  <testcase name="test36" classname="org.apache.hadoop.hdfs.server.namenode.ha.proto.HAZKInfoProtos_ESTest" time="0.004">
    <system-out><![CDATA[2024-11-12 13:42:44,378 INFO  EvoClassLoader - Seeing class for first time: libcore.io.Memory
2024-11-12 13:42:44,378 INFO  EvoClassLoader - Instrumenting class 'libcore.io.Memory'.
2024-11-12 13:42:44,378 INFO  EvoClassLoader - Error while loading class: java.lang.ClassNotFoundException: Class 'libcore/io/Memory.class' should be in target project, but could not be found!
2024-11-12 13:42:44,378 INFO  EvoClassLoader - Seeing class for first time: org.robolectric.Robolectric
2024-11-12 13:42:44,378 INFO  EvoClassLoader - Instrumenting class 'org.robolectric.Robolectric'.
2024-11-12 13:42:44,378 INFO  EvoClassLoader - Error while loading class: java.lang.ClassNotFoundException: Class 'org/robolectric/Robolectric.class' should be in target project, but could not be found!
2024-11-12 13:42:44,386 INFO  log - Logging initialized @26316ms to org.eclipse.jetty.util.log.Slf4jLog
]]></system-out>
  </testcase>
  <testcase name="test37" classname="org.apache.hadoop.hdfs.server.namenode.ha.proto.HAZKInfoProtos_ESTest" time="0.003">
    <system-out><![CDATA[2024-11-12 13:42:44,395 INFO  EvoClassLoader - Seeing class for first time: libcore.io.Memory
2024-11-12 13:42:44,395 INFO  EvoClassLoader - Instrumenting class 'libcore.io.Memory'.
2024-11-12 13:42:44,395 INFO  EvoClassLoader - Error while loading class: java.lang.ClassNotFoundException: Class 'libcore/io/Memory.class' should be in target project, but could not be found!
2024-11-12 13:42:44,395 INFO  EvoClassLoader - Seeing class for first time: org.robolectric.Robolectric
2024-11-12 13:42:44,395 INFO  EvoClassLoader - Instrumenting class 'org.robolectric.Robolectric'.
2024-11-12 13:42:44,395 INFO  EvoClassLoader - Error while loading class: java.lang.ClassNotFoundException: Class 'org/robolectric/Robolectric.class' should be in target project, but could not be found!
2024-11-12 13:42:44,402 INFO  log - Logging initialized @26332ms to org.eclipse.jetty.util.log.Slf4jLog
]]></system-out>
  </testcase>
  <testcase name="test38" classname="org.apache.hadoop.hdfs.server.namenode.ha.proto.HAZKInfoProtos_ESTest" time="0.005">
    <system-out><![CDATA[2024-11-12 13:42:44,411 INFO  EvoClassLoader - Seeing class for first time: libcore.io.Memory
2024-11-12 13:42:44,411 INFO  EvoClassLoader - Instrumenting class 'libcore.io.Memory'.
2024-11-12 13:42:44,411 INFO  EvoClassLoader - Error while loading class: java.lang.ClassNotFoundException: Class 'libcore/io/Memory.class' should be in target project, but could not be found!
2024-11-12 13:42:44,411 INFO  EvoClassLoader - Seeing class for first time: org.robolectric.Robolectric
2024-11-12 13:42:44,411 INFO  EvoClassLoader - Instrumenting class 'org.robolectric.Robolectric'.
2024-11-12 13:42:44,412 INFO  EvoClassLoader - Error while loading class: java.lang.ClassNotFoundException: Class 'org/robolectric/Robolectric.class' should be in target project, but could not be found!
2024-11-12 13:42:44,419 INFO  log - Logging initialized @26349ms to org.eclipse.jetty.util.log.Slf4jLog
]]></system-out>
  </testcase>
  <testcase name="test31" classname="org.apache.hadoop.hdfs.server.namenode.ha.proto.HAZKInfoProtos_ESTest" time="0.005">
    <system-out><![CDATA[2024-11-12 13:42:44,424 INFO  EvoClassLoader - Seeing class for first time: libcore.io.Memory
2024-11-12 13:42:44,424 INFO  EvoClassLoader - Instrumenting class 'libcore.io.Memory'.
2024-11-12 13:42:44,425 INFO  EvoClassLoader - Error while loading class: java.lang.ClassNotFoundException: Class 'libcore/io/Memory.class' should be in target project, but could not be found!
2024-11-12 13:42:44,425 INFO  EvoClassLoader - Seeing class for first time: org.robolectric.Robolectric
2024-11-12 13:42:44,425 INFO  EvoClassLoader - Instrumenting class 'org.robolectric.Robolectric'.
2024-11-12 13:42:44,425 INFO  EvoClassLoader - Error while loading class: java.lang.ClassNotFoundException: Class 'org/robolectric/Robolectric.class' should be in target project, but could not be found!
2024-11-12 13:42:44,430 INFO  log - Logging initialized @26360ms to org.eclipse.jetty.util.log.Slf4jLog
]]></system-out>
  </testcase>
  <testcase name="test75" classname="org.apache.hadoop.hdfs.server.namenode.ha.proto.HAZKInfoProtos_ESTest" time="0.006">
    <system-out><![CDATA[2024-11-12 13:42:44,439 INFO  EvoClassLoader - Seeing class for first time: libcore.io.Memory
2024-11-12 13:42:44,439 INFO  EvoClassLoader - Instrumenting class 'libcore.io.Memory'.
2024-11-12 13:42:44,439 INFO  EvoClassLoader - Error while loading class: java.lang.ClassNotFoundException: Class 'libcore/io/Memory.class' should be in target project, but could not be found!
2024-11-12 13:42:44,439 INFO  EvoClassLoader - Seeing class for first time: org.robolectric.Robolectric
2024-11-12 13:42:44,439 INFO  EvoClassLoader - Instrumenting class 'org.robolectric.Robolectric'.
2024-11-12 13:42:44,439 INFO  EvoClassLoader - Error while loading class: java.lang.ClassNotFoundException: Class 'org/robolectric/Robolectric.class' should be in target project, but could not be found!
2024-11-12 13:42:44,444 INFO  log - Logging initialized @26374ms to org.eclipse.jetty.util.log.Slf4jLog
]]></system-out>
  </testcase>
  <testcase name="test32" classname="org.apache.hadoop.hdfs.server.namenode.ha.proto.HAZKInfoProtos_ESTest" time="0.012">
    <system-out><![CDATA[2024-11-12 13:42:44,450 INFO  EvoClassLoader - Seeing class for first time: libcore.io.Memory
2024-11-12 13:42:44,450 INFO  EvoClassLoader - Instrumenting class 'libcore.io.Memory'.
2024-11-12 13:42:44,450 INFO  EvoClassLoader - Error while loading class: java.lang.ClassNotFoundException: Class 'libcore/io/Memory.class' should be in target project, but could not be found!
2024-11-12 13:42:44,450 INFO  EvoClassLoader - Seeing class for first time: org.robolectric.Robolectric
2024-11-12 13:42:44,450 INFO  EvoClassLoader - Instrumenting class 'org.robolectric.Robolectric'.
2024-11-12 13:42:44,450 INFO  EvoClassLoader - Error while loading class: java.lang.ClassNotFoundException: Class 'org/robolectric/Robolectric.class' should be in target project, but could not be found!
2024-11-12 13:42:44,453 INFO  log - Logging initialized @26383ms to org.eclipse.jetty.util.log.Slf4jLog
]]></system-out>
  </testcase>
  <testcase name="test76" classname="org.apache.hadoop.hdfs.server.namenode.ha.proto.HAZKInfoProtos_ESTest" time="0.03">
    <system-out><![CDATA[2024-11-12 13:42:44,469 INFO  EvoClassLoader - Seeing class for first time: libcore.io.Memory
2024-11-12 13:42:44,469 INFO  EvoClassLoader - Instrumenting class 'libcore.io.Memory'.
2024-11-12 13:42:44,469 INFO  EvoClassLoader - Error while loading class: java.lang.ClassNotFoundException: Class 'libcore/io/Memory.class' should be in target project, but could not be found!
2024-11-12 13:42:44,469 INFO  EvoClassLoader - Seeing class for first time: org.robolectric.Robolectric
2024-11-12 13:42:44,469 INFO  EvoClassLoader - Instrumenting class 'org.robolectric.Robolectric'.
2024-11-12 13:42:44,469 INFO  EvoClassLoader - Error while loading class: java.lang.ClassNotFoundException: Class 'org/robolectric/Robolectric.class' should be in target project, but could not be found!
2024-11-12 13:42:44,485 INFO  log - Logging initialized @26415ms to org.eclipse.jetty.util.log.Slf4jLog
]]></system-out>
  </testcase>
  <testcase name="test33" classname="org.apache.hadoop.hdfs.server.namenode.ha.proto.HAZKInfoProtos_ESTest" time="0.03">
    <system-out><![CDATA[2024-11-12 13:42:44,497 INFO  EvoClassLoader - Seeing class for first time: libcore.io.Memory
2024-11-12 13:42:44,497 INFO  EvoClassLoader - Instrumenting class 'libcore.io.Memory'.
2024-11-12 13:42:44,498 INFO  EvoClassLoader - Error while loading class: java.lang.ClassNotFoundException: Class 'libcore/io/Memory.class' should be in target project, but could not be found!
2024-11-12 13:42:44,498 INFO  EvoClassLoader - Seeing class for first time: org.robolectric.Robolectric
2024-11-12 13:42:44,498 INFO  EvoClassLoader - Instrumenting class 'org.robolectric.Robolectric'.
2024-11-12 13:42:44,498 INFO  EvoClassLoader - Error while loading class: java.lang.ClassNotFoundException: Class 'org/robolectric/Robolectric.class' should be in target project, but could not be found!
2024-11-12 13:42:44,511 INFO  log - Logging initialized @26441ms to org.eclipse.jetty.util.log.Slf4jLog
]]></system-out>
  </testcase>
  <testcase name="test77" classname="org.apache.hadoop.hdfs.server.namenode.ha.proto.HAZKInfoProtos_ESTest" time="0.014">
    <system-out><![CDATA[2024-11-12 13:42:44,528 INFO  EvoClassLoader - Seeing class for first time: libcore.io.Memory
2024-11-12 13:42:44,528 INFO  EvoClassLoader - Instrumenting class 'libcore.io.Memory'.
2024-11-12 13:42:44,528 INFO  EvoClassLoader - Error while loading class: java.lang.ClassNotFoundException: Class 'libcore/io/Memory.class' should be in target project, but could not be found!
2024-11-12 13:42:44,528 INFO  EvoClassLoader - Seeing class for first time: org.robolectric.Robolectric
2024-11-12 13:42:44,528 INFO  EvoClassLoader - Instrumenting class 'org.robolectric.Robolectric'.
2024-11-12 13:42:44,529 INFO  EvoClassLoader - Error while loading class: java.lang.ClassNotFoundException: Class 'org/robolectric/Robolectric.class' should be in target project, but could not be found!
2024-11-12 13:42:44,531 INFO  log - Logging initialized @26461ms to org.eclipse.jetty.util.log.Slf4jLog
]]></system-out>
  </testcase>
  <testcase name="test34" classname="org.apache.hadoop.hdfs.server.namenode.ha.proto.HAZKInfoProtos_ESTest" time="0.014">
    <system-out><![CDATA[2024-11-12 13:42:44,539 INFO  EvoClassLoader - Seeing class for first time: libcore.io.Memory
2024-11-12 13:42:44,539 INFO  EvoClassLoader - Instrumenting class 'libcore.io.Memory'.
2024-11-12 13:42:44,539 INFO  EvoClassLoader - Error while loading class: java.lang.ClassNotFoundException: Class 'libcore/io/Memory.class' should be in target project, but could not be found!
2024-11-12 13:42:44,539 INFO  EvoClassLoader - Seeing class for first time: org.robolectric.Robolectric
2024-11-12 13:42:44,539 INFO  EvoClassLoader - Instrumenting class 'org.robolectric.Robolectric'.
2024-11-12 13:42:44,540 INFO  EvoClassLoader - Error while loading class: java.lang.ClassNotFoundException: Class 'org/robolectric/Robolectric.class' should be in target project, but could not be found!
2024-11-12 13:42:44,545 INFO  log - Logging initialized @26475ms to org.eclipse.jetty.util.log.Slf4jLog
]]></system-out>
  </testcase>
  <testcase name="test60" classname="org.apache.hadoop.hdfs.server.namenode.ha.proto.HAZKInfoProtos_ESTest" time="0.014">
    <system-out><![CDATA[2024-11-12 13:42:44,554 INFO  EvoClassLoader - Seeing class for first time: libcore.io.Memory
2024-11-12 13:42:44,554 INFO  EvoClassLoader - Instrumenting class 'libcore.io.Memory'.
2024-11-12 13:42:44,554 INFO  EvoClassLoader - Error while loading class: java.lang.ClassNotFoundException: Class 'libcore/io/Memory.class' should be in target project, but could not be found!
2024-11-12 13:42:44,554 INFO  EvoClassLoader - Seeing class for first time: org.robolectric.Robolectric
2024-11-12 13:42:44,554 INFO  EvoClassLoader - Instrumenting class 'org.robolectric.Robolectric'.
2024-11-12 13:42:44,554 INFO  EvoClassLoader - Error while loading class: java.lang.ClassNotFoundException: Class 'org/robolectric/Robolectric.class' should be in target project, but could not be found!
2024-11-12 13:42:44,560 INFO  log - Logging initialized @26490ms to org.eclipse.jetty.util.log.Slf4jLog
]]></system-out>
  </testcase>
  <testcase name="test61" classname="org.apache.hadoop.hdfs.server.namenode.ha.proto.HAZKInfoProtos_ESTest" time="0.01">
    <system-out><![CDATA[2024-11-12 13:42:44,565 INFO  EvoClassLoader - Seeing class for first time: libcore.io.Memory
2024-11-12 13:42:44,565 INFO  EvoClassLoader - Instrumenting class 'libcore.io.Memory'.
2024-11-12 13:42:44,566 INFO  EvoClassLoader - Error while loading class: java.lang.ClassNotFoundException: Class 'libcore/io/Memory.class' should be in target project, but could not be found!
2024-11-12 13:42:44,566 INFO  EvoClassLoader - Seeing class for first time: org.robolectric.Robolectric
2024-11-12 13:42:44,566 INFO  EvoClassLoader - Instrumenting class 'org.robolectric.Robolectric'.
2024-11-12 13:42:44,566 INFO  EvoClassLoader - Error while loading class: java.lang.ClassNotFoundException: Class 'org/robolectric/Robolectric.class' should be in target project, but could not be found!
2024-11-12 13:42:44,569 INFO  log - Logging initialized @26499ms to org.eclipse.jetty.util.log.Slf4jLog
]]></system-out>
  </testcase>
  <testcase name="test62" classname="org.apache.hadoop.hdfs.server.namenode.ha.proto.HAZKInfoProtos_ESTest" time="0.016">
    <system-out><![CDATA[2024-11-12 13:42:44,576 INFO  EvoClassLoader - Seeing class for first time: libcore.io.Memory
2024-11-12 13:42:44,577 INFO  EvoClassLoader - Instrumenting class 'libcore.io.Memory'.
2024-11-12 13:42:44,577 INFO  EvoClassLoader - Error while loading class: java.lang.ClassNotFoundException: Class 'libcore/io/Memory.class' should be in target project, but could not be found!
2024-11-12 13:42:44,577 INFO  EvoClassLoader - Seeing class for first time: org.robolectric.Robolectric
2024-11-12 13:42:44,577 INFO  EvoClassLoader - Instrumenting class 'org.robolectric.Robolectric'.
2024-11-12 13:42:44,577 INFO  EvoClassLoader - Error while loading class: java.lang.ClassNotFoundException: Class 'org/robolectric/Robolectric.class' should be in target project, but could not be found!
2024-11-12 13:42:44,583 INFO  log - Logging initialized @26513ms to org.eclipse.jetty.util.log.Slf4jLog
]]></system-out>
  </testcase>
  <testcase name="test63" classname="org.apache.hadoop.hdfs.server.namenode.ha.proto.HAZKInfoProtos_ESTest" time="0.01">
    <system-out><![CDATA[2024-11-12 13:42:44,591 INFO  EvoClassLoader - Seeing class for first time: libcore.io.Memory
2024-11-12 13:42:44,591 INFO  EvoClassLoader - Instrumenting class 'libcore.io.Memory'.
2024-11-12 13:42:44,591 INFO  EvoClassLoader - Error while loading class: java.lang.ClassNotFoundException: Class 'libcore/io/Memory.class' should be in target project, but could not be found!
2024-11-12 13:42:44,591 INFO  EvoClassLoader - Seeing class for first time: org.robolectric.Robolectric
2024-11-12 13:42:44,591 INFO  EvoClassLoader - Instrumenting class 'org.robolectric.Robolectric'.
2024-11-12 13:42:44,592 INFO  EvoClassLoader - Error while loading class: java.lang.ClassNotFoundException: Class 'org/robolectric/Robolectric.class' should be in target project, but could not be found!
2024-11-12 13:42:44,598 INFO  log - Logging initialized @26528ms to org.eclipse.jetty.util.log.Slf4jLog
]]></system-out>
  </testcase>
  <testcase name="test28" classname="org.apache.hadoop.hdfs.server.namenode.ha.proto.HAZKInfoProtos_ESTest" time="0.013">
    <system-out><![CDATA[2024-11-12 13:42:44,605 INFO  EvoClassLoader - Seeing class for first time: libcore.io.Memory
2024-11-12 13:42:44,605 INFO  EvoClassLoader - Instrumenting class 'libcore.io.Memory'.
2024-11-12 13:42:44,606 INFO  EvoClassLoader - Error while loading class: java.lang.ClassNotFoundException: Class 'libcore/io/Memory.class' should be in target project, but could not be found!
2024-11-12 13:42:44,606 INFO  EvoClassLoader - Seeing class for first time: org.robolectric.Robolectric
2024-11-12 13:42:44,606 INFO  EvoClassLoader - Instrumenting class 'org.robolectric.Robolectric'.
2024-11-12 13:42:44,606 INFO  EvoClassLoader - Error while loading class: java.lang.ClassNotFoundException: Class 'org/robolectric/Robolectric.class' should be in target project, but could not be found!
2024-11-12 13:42:44,612 INFO  log - Logging initialized @26542ms to org.eclipse.jetty.util.log.Slf4jLog
]]></system-out>
  </testcase>
  <testcase name="test29" classname="org.apache.hadoop.hdfs.server.namenode.ha.proto.HAZKInfoProtos_ESTest" time="0.011">
    <system-out><![CDATA[2024-11-12 13:42:44,618 INFO  EvoClassLoader - Seeing class for first time: libcore.io.Memory
2024-11-12 13:42:44,618 INFO  EvoClassLoader - Instrumenting class 'libcore.io.Memory'.
2024-11-12 13:42:44,618 INFO  EvoClassLoader - Error while loading class: java.lang.ClassNotFoundException: Class 'libcore/io/Memory.class' should be in target project, but could not be found!
2024-11-12 13:42:44,618 INFO  EvoClassLoader - Seeing class for first time: org.robolectric.Robolectric
2024-11-12 13:42:44,618 INFO  EvoClassLoader - Instrumenting class 'org.robolectric.Robolectric'.
2024-11-12 13:42:44,618 INFO  EvoClassLoader - Error while loading class: java.lang.ClassNotFoundException: Class 'org/robolectric/Robolectric.class' should be in target project, but could not be found!
2024-11-12 13:42:44,623 INFO  log - Logging initialized @26553ms to org.eclipse.jetty.util.log.Slf4jLog
]]></system-out>
  </testcase>
  <testcase name="test24" classname="org.apache.hadoop.hdfs.server.namenode.ha.proto.HAZKInfoProtos_ESTest" time="0.011">
    <system-out><![CDATA[2024-11-12 13:42:44,629 INFO  EvoClassLoader - Seeing class for first time: libcore.io.Memory
2024-11-12 13:42:44,629 INFO  EvoClassLoader - Instrumenting class 'libcore.io.Memory'.
2024-11-12 13:42:44,629 INFO  EvoClassLoader - Error while loading class: java.lang.ClassNotFoundException: Class 'libcore/io/Memory.class' should be in target project, but could not be found!
2024-11-12 13:42:44,629 INFO  EvoClassLoader - Seeing class for first time: org.robolectric.Robolectric
2024-11-12 13:42:44,629 INFO  EvoClassLoader - Instrumenting class 'org.robolectric.Robolectric'.
2024-11-12 13:42:44,629 INFO  EvoClassLoader - Error while loading class: java.lang.ClassNotFoundException: Class 'org/robolectric/Robolectric.class' should be in target project, but could not be found!
2024-11-12 13:42:44,633 INFO  log - Logging initialized @26563ms to org.eclipse.jetty.util.log.Slf4jLog
]]></system-out>
  </testcase>
  <testcase name="test68" classname="org.apache.hadoop.hdfs.server.namenode.ha.proto.HAZKInfoProtos_ESTest" time="0.009">
    <system-out><![CDATA[2024-11-12 13:42:44,639 INFO  EvoClassLoader - Seeing class for first time: libcore.io.Memory
2024-11-12 13:42:44,639 INFO  EvoClassLoader - Instrumenting class 'libcore.io.Memory'.
2024-11-12 13:42:44,640 INFO  EvoClassLoader - Error while loading class: java.lang.ClassNotFoundException: Class 'libcore/io/Memory.class' should be in target project, but could not be found!
2024-11-12 13:42:44,640 INFO  EvoClassLoader - Seeing class for first time: org.robolectric.Robolectric
2024-11-12 13:42:44,640 INFO  EvoClassLoader - Instrumenting class 'org.robolectric.Robolectric'.
2024-11-12 13:42:44,640 INFO  EvoClassLoader - Error while loading class: java.lang.ClassNotFoundException: Class 'org/robolectric/Robolectric.class' should be in target project, but could not be found!
2024-11-12 13:42:44,643 INFO  log - Logging initialized @26573ms to org.eclipse.jetty.util.log.Slf4jLog
]]></system-out>
  </testcase>
  <testcase name="test25" classname="org.apache.hadoop.hdfs.server.namenode.ha.proto.HAZKInfoProtos_ESTest" time="0.013">
    <system-out><![CDATA[2024-11-12 13:42:44,648 INFO  EvoClassLoader - Seeing class for first time: libcore.io.Memory
2024-11-12 13:42:44,648 INFO  EvoClassLoader - Instrumenting class 'libcore.io.Memory'.
2024-11-12 13:42:44,648 INFO  EvoClassLoader - Error while loading class: java.lang.ClassNotFoundException: Class 'libcore/io/Memory.class' should be in target project, but could not be found!
2024-11-12 13:42:44,648 INFO  EvoClassLoader - Seeing class for first time: org.robolectric.Robolectric
2024-11-12 13:42:44,648 INFO  EvoClassLoader - Instrumenting class 'org.robolectric.Robolectric'.
2024-11-12 13:42:44,648 INFO  EvoClassLoader - Error while loading class: java.lang.ClassNotFoundException: Class 'org/robolectric/Robolectric.class' should be in target project, but could not be found!
2024-11-12 13:42:44,654 INFO  log - Logging initialized @26584ms to org.eclipse.jetty.util.log.Slf4jLog
]]></system-out>
  </testcase>
  <testcase name="test69" classname="org.apache.hadoop.hdfs.server.namenode.ha.proto.HAZKInfoProtos_ESTest" time="0.013">
    <system-out><![CDATA[2024-11-12 13:42:44,661 INFO  EvoClassLoader - Seeing class for first time: libcore.io.Memory
2024-11-12 13:42:44,661 INFO  EvoClassLoader - Instrumenting class 'libcore.io.Memory'.
2024-11-12 13:42:44,662 INFO  EvoClassLoader - Error while loading class: java.lang.ClassNotFoundException: Class 'libcore/io/Memory.class' should be in target project, but could not be found!
2024-11-12 13:42:44,662 INFO  EvoClassLoader - Seeing class for first time: org.robolectric.Robolectric
2024-11-12 13:42:44,662 INFO  EvoClassLoader - Instrumenting class 'org.robolectric.Robolectric'.
2024-11-12 13:42:44,662 INFO  EvoClassLoader - Error while loading class: java.lang.ClassNotFoundException: Class 'org/robolectric/Robolectric.class' should be in target project, but could not be found!
2024-11-12 13:42:44,663 INFO  EvoClassLoader - Seeing class for first time: org.apache.hadoop.thirdparty.protobuf.DescriptorProtos$1
2024-11-12 13:42:44,663 INFO  EvoClassLoader - Instrumenting class 'org.apache.hadoop.thirdparty.protobuf.DescriptorProtos$1'.
2024-11-12 13:42:44,663 INFO  MethodCallReplacementClassAdapter - Adding mock interface to class org/apache/hadoop/thirdparty/protobuf/DescriptorProtos$1
2024-11-12 13:42:44,664 INFO  EvoClassLoader - Keeping class: org.apache.hadoop.thirdparty.protobuf.DescriptorProtos$1
2024-11-12 13:42:44,665 INFO  log - Logging initialized @26595ms to org.eclipse.jetty.util.log.Slf4jLog
]]></system-out>
  </testcase>
  <testcase name="test26" classname="org.apache.hadoop.hdfs.server.namenode.ha.proto.HAZKInfoProtos_ESTest" time="0.009">
    <system-out><![CDATA[2024-11-12 13:42:44,673 INFO  EvoClassLoader - Seeing class for first time: libcore.io.Memory
2024-11-12 13:42:44,673 INFO  EvoClassLoader - Instrumenting class 'libcore.io.Memory'.
2024-11-12 13:42:44,673 INFO  EvoClassLoader - Error while loading class: java.lang.ClassNotFoundException: Class 'libcore/io/Memory.class' should be in target project, but could not be found!
2024-11-12 13:42:44,673 INFO  EvoClassLoader - Seeing class for first time: org.robolectric.Robolectric
2024-11-12 13:42:44,673 INFO  EvoClassLoader - Instrumenting class 'org.robolectric.Robolectric'.
2024-11-12 13:42:44,673 INFO  EvoClassLoader - Error while loading class: java.lang.ClassNotFoundException: Class 'org/robolectric/Robolectric.class' should be in target project, but could not be found!
2024-11-12 13:42:44,676 INFO  log - Logging initialized @26606ms to org.eclipse.jetty.util.log.Slf4jLog
]]></system-out>
  </testcase>
  <testcase name="test27" classname="org.apache.hadoop.hdfs.server.namenode.ha.proto.HAZKInfoProtos_ESTest" time="0.007">
    <system-out><![CDATA[2024-11-12 13:42:44,681 INFO  EvoClassLoader - Seeing class for first time: libcore.io.Memory
2024-11-12 13:42:44,681 INFO  EvoClassLoader - Instrumenting class 'libcore.io.Memory'.
2024-11-12 13:42:44,681 INFO  EvoClassLoader - Error while loading class: java.lang.ClassNotFoundException: Class 'libcore/io/Memory.class' should be in target project, but could not be found!
2024-11-12 13:42:44,681 INFO  EvoClassLoader - Seeing class for first time: org.robolectric.Robolectric
2024-11-12 13:42:44,681 INFO  EvoClassLoader - Instrumenting class 'org.robolectric.Robolectric'.
2024-11-12 13:42:44,682 INFO  EvoClassLoader - Error while loading class: java.lang.ClassNotFoundException: Class 'org/robolectric/Robolectric.class' should be in target project, but could not be found!
2024-11-12 13:42:44,686 INFO  log - Logging initialized @26616ms to org.eclipse.jetty.util.log.Slf4jLog
]]></system-out>
  </testcase>
  <testcase name="test20" classname="org.apache.hadoop.hdfs.server.namenode.ha.proto.HAZKInfoProtos_ESTest" time="0.008">
    <system-out><![CDATA[2024-11-12 13:42:44,690 INFO  EvoClassLoader - Seeing class for first time: libcore.io.Memory
2024-11-12 13:42:44,690 INFO  EvoClassLoader - Instrumenting class 'libcore.io.Memory'.
2024-11-12 13:42:44,690 INFO  EvoClassLoader - Error while loading class: java.lang.ClassNotFoundException: Class 'libcore/io/Memory.class' should be in target project, but could not be found!
2024-11-12 13:42:44,690 INFO  EvoClassLoader - Seeing class for first time: org.robolectric.Robolectric
2024-11-12 13:42:44,690 INFO  EvoClassLoader - Instrumenting class 'org.robolectric.Robolectric'.
2024-11-12 13:42:44,691 INFO  EvoClassLoader - Error while loading class: java.lang.ClassNotFoundException: Class 'org/robolectric/Robolectric.class' should be in target project, but could not be found!
2024-11-12 13:42:44,693 INFO  log - Logging initialized @26623ms to org.eclipse.jetty.util.log.Slf4jLog
]]></system-out>
  </testcase>
  <testcase name="test64" classname="org.apache.hadoop.hdfs.server.namenode.ha.proto.HAZKInfoProtos_ESTest" time="0.011">
    <system-out><![CDATA[2024-11-12 13:42:44,699 INFO  EvoClassLoader - Seeing class for first time: libcore.io.Memory
2024-11-12 13:42:44,699 INFO  EvoClassLoader - Instrumenting class 'libcore.io.Memory'.
2024-11-12 13:42:44,699 INFO  EvoClassLoader - Error while loading class: java.lang.ClassNotFoundException: Class 'libcore/io/Memory.class' should be in target project, but could not be found!
2024-11-12 13:42:44,699 INFO  EvoClassLoader - Seeing class for first time: org.robolectric.Robolectric
2024-11-12 13:42:44,699 INFO  EvoClassLoader - Instrumenting class 'org.robolectric.Robolectric'.
2024-11-12 13:42:44,700 INFO  EvoClassLoader - Error while loading class: java.lang.ClassNotFoundException: Class 'org/robolectric/Robolectric.class' should be in target project, but could not be found!
2024-11-12 13:42:44,703 INFO  log - Logging initialized @26633ms to org.eclipse.jetty.util.log.Slf4jLog
]]></system-out>
  </testcase>
  <testcase name="test21" classname="org.apache.hadoop.hdfs.server.namenode.ha.proto.HAZKInfoProtos_ESTest" time="0.014">
    <system-out><![CDATA[2024-11-12 13:42:44,708 INFO  EvoClassLoader - Seeing class for first time: libcore.io.Memory
2024-11-12 13:42:44,708 INFO  EvoClassLoader - Instrumenting class 'libcore.io.Memory'.
2024-11-12 13:42:44,708 INFO  EvoClassLoader - Error while loading class: java.lang.ClassNotFoundException: Class 'libcore/io/Memory.class' should be in target project, but could not be found!
2024-11-12 13:42:44,708 INFO  EvoClassLoader - Seeing class for first time: org.robolectric.Robolectric
2024-11-12 13:42:44,708 INFO  EvoClassLoader - Instrumenting class 'org.robolectric.Robolectric'.
2024-11-12 13:42:44,708 INFO  EvoClassLoader - Error while loading class: java.lang.ClassNotFoundException: Class 'org/robolectric/Robolectric.class' should be in target project, but could not be found!
2024-11-12 13:42:44,711 INFO  log - Logging initialized @26641ms to org.eclipse.jetty.util.log.Slf4jLog
]]></system-out>
  </testcase>
  <testcase name="test65" classname="org.apache.hadoop.hdfs.server.namenode.ha.proto.HAZKInfoProtos_ESTest" time="0.007">
    <system-out><![CDATA[2024-11-12 13:42:44,718 INFO  EvoClassLoader - Seeing class for first time: libcore.io.Memory
2024-11-12 13:42:44,718 INFO  EvoClassLoader - Instrumenting class 'libcore.io.Memory'.
2024-11-12 13:42:44,718 INFO  EvoClassLoader - Error while loading class: java.lang.ClassNotFoundException: Class 'libcore/io/Memory.class' should be in target project, but could not be found!
2024-11-12 13:42:44,718 INFO  EvoClassLoader - Seeing class for first time: org.robolectric.Robolectric
2024-11-12 13:42:44,718 INFO  EvoClassLoader - Instrumenting class 'org.robolectric.Robolectric'.
2024-11-12 13:42:44,718 INFO  EvoClassLoader - Error while loading class: java.lang.ClassNotFoundException: Class 'org/robolectric/Robolectric.class' should be in target project, but could not be found!
2024-11-12 13:42:44,721 INFO  log - Logging initialized @26651ms to org.eclipse.jetty.util.log.Slf4jLog
]]></system-out>
  </testcase>
  <testcase name="test22" classname="org.apache.hadoop.hdfs.server.namenode.ha.proto.HAZKInfoProtos_ESTest" time="0.01">
    <system-out><![CDATA[2024-11-12 13:42:44,728 INFO  EvoClassLoader - Seeing class for first time: libcore.io.Memory
2024-11-12 13:42:44,728 INFO  EvoClassLoader - Instrumenting class 'libcore.io.Memory'.
2024-11-12 13:42:44,728 INFO  EvoClassLoader - Error while loading class: java.lang.ClassNotFoundException: Class 'libcore/io/Memory.class' should be in target project, but could not be found!
2024-11-12 13:42:44,728 INFO  EvoClassLoader - Seeing class for first time: org.robolectric.Robolectric
2024-11-12 13:42:44,728 INFO  EvoClassLoader - Instrumenting class 'org.robolectric.Robolectric'.
2024-11-12 13:42:44,728 INFO  EvoClassLoader - Error while loading class: java.lang.ClassNotFoundException: Class 'org/robolectric/Robolectric.class' should be in target project, but could not be found!
2024-11-12 13:42:44,734 INFO  log - Logging initialized @26664ms to org.eclipse.jetty.util.log.Slf4jLog
]]></system-out>
  </testcase>
  <testcase name="test66" classname="org.apache.hadoop.hdfs.server.namenode.ha.proto.HAZKInfoProtos_ESTest" time="0.009">
    <system-out><![CDATA[2024-11-12 13:42:44,740 INFO  EvoClassLoader - Seeing class for first time: libcore.io.Memory
2024-11-12 13:42:44,740 INFO  EvoClassLoader - Instrumenting class 'libcore.io.Memory'.
2024-11-12 13:42:44,741 INFO  EvoClassLoader - Error while loading class: java.lang.ClassNotFoundException: Class 'libcore/io/Memory.class' should be in target project, but could not be found!
2024-11-12 13:42:44,741 INFO  EvoClassLoader - Seeing class for first time: org.robolectric.Robolectric
2024-11-12 13:42:44,741 INFO  EvoClassLoader - Instrumenting class 'org.robolectric.Robolectric'.
2024-11-12 13:42:44,741 INFO  EvoClassLoader - Error while loading class: java.lang.ClassNotFoundException: Class 'org/robolectric/Robolectric.class' should be in target project, but could not be found!
2024-11-12 13:42:44,743 INFO  log - Logging initialized @26673ms to org.eclipse.jetty.util.log.Slf4jLog
]]></system-out>
  </testcase>
  <testcase name="test23" classname="org.apache.hadoop.hdfs.server.namenode.ha.proto.HAZKInfoProtos_ESTest" time="0.008">
    <system-out><![CDATA[2024-11-12 13:42:44,750 INFO  EvoClassLoader - Seeing class for first time: libcore.io.Memory
2024-11-12 13:42:44,750 INFO  EvoClassLoader - Instrumenting class 'libcore.io.Memory'.
2024-11-12 13:42:44,750 INFO  EvoClassLoader - Error while loading class: java.lang.ClassNotFoundException: Class 'libcore/io/Memory.class' should be in target project, but could not be found!
2024-11-12 13:42:44,750 INFO  EvoClassLoader - Seeing class for first time: org.robolectric.Robolectric
2024-11-12 13:42:44,750 INFO  EvoClassLoader - Instrumenting class 'org.robolectric.Robolectric'.
2024-11-12 13:42:44,750 INFO  EvoClassLoader - Error while loading class: java.lang.ClassNotFoundException: Class 'org/robolectric/Robolectric.class' should be in target project, but could not be found!
2024-11-12 13:42:44,753 INFO  log - Logging initialized @26683ms to org.eclipse.jetty.util.log.Slf4jLog
]]></system-out>
  </testcase>
  <testcase name="test67" classname="org.apache.hadoop.hdfs.server.namenode.ha.proto.HAZKInfoProtos_ESTest" time="0.012">
    <system-out><![CDATA[2024-11-12 13:42:44,758 INFO  EvoClassLoader - Seeing class for first time: libcore.io.Memory
2024-11-12 13:42:44,758 INFO  EvoClassLoader - Instrumenting class 'libcore.io.Memory'.
2024-11-12 13:42:44,758 INFO  EvoClassLoader - Error while loading class: java.lang.ClassNotFoundException: Class 'libcore/io/Memory.class' should be in target project, but could not be found!
2024-11-12 13:42:44,758 INFO  EvoClassLoader - Seeing class for first time: org.robolectric.Robolectric
2024-11-12 13:42:44,758 INFO  EvoClassLoader - Instrumenting class 'org.robolectric.Robolectric'.
2024-11-12 13:42:44,758 INFO  EvoClassLoader - Error while loading class: java.lang.ClassNotFoundException: Class 'org/robolectric/Robolectric.class' should be in target project, but could not be found!
2024-11-12 13:42:44,761 INFO  log - Logging initialized @26691ms to org.eclipse.jetty.util.log.Slf4jLog
]]></system-out>
  </testcase>
  <testcase name="test50" classname="org.apache.hadoop.hdfs.server.namenode.ha.proto.HAZKInfoProtos_ESTest" time="0.007">
    <system-out><![CDATA[2024-11-12 13:42:44,767 INFO  EvoClassLoader - Seeing class for first time: libcore.io.Memory
2024-11-12 13:42:44,767 INFO  EvoClassLoader - Instrumenting class 'libcore.io.Memory'.
2024-11-12 13:42:44,768 INFO  EvoClassLoader - Error while loading class: java.lang.ClassNotFoundException: Class 'libcore/io/Memory.class' should be in target project, but could not be found!
2024-11-12 13:42:44,768 INFO  EvoClassLoader - Seeing class for first time: org.robolectric.Robolectric
2024-11-12 13:42:44,768 INFO  EvoClassLoader - Instrumenting class 'org.robolectric.Robolectric'.
2024-11-12 13:42:44,768 INFO  EvoClassLoader - Error while loading class: java.lang.ClassNotFoundException: Class 'org/robolectric/Robolectric.class' should be in target project, but could not be found!
2024-11-12 13:42:44,772 INFO  log - Logging initialized @26702ms to org.eclipse.jetty.util.log.Slf4jLog
]]></system-out>
  </testcase>
  <testcase name="test51" classname="org.apache.hadoop.hdfs.server.namenode.ha.proto.HAZKInfoProtos_ESTest" time="0.009">
    <system-out><![CDATA[2024-11-12 13:42:44,777 INFO  EvoClassLoader - Seeing class for first time: libcore.io.Memory
2024-11-12 13:42:44,777 INFO  EvoClassLoader - Instrumenting class 'libcore.io.Memory'.
2024-11-12 13:42:44,778 INFO  EvoClassLoader - Error while loading class: java.lang.ClassNotFoundException: Class 'libcore/io/Memory.class' should be in target project, but could not be found!
2024-11-12 13:42:44,778 INFO  EvoClassLoader - Seeing class for first time: org.robolectric.Robolectric
2024-11-12 13:42:44,778 INFO  EvoClassLoader - Instrumenting class 'org.robolectric.Robolectric'.
2024-11-12 13:42:44,778 INFO  EvoClassLoader - Error while loading class: java.lang.ClassNotFoundException: Class 'org/robolectric/Robolectric.class' should be in target project, but could not be found!
2024-11-12 13:42:44,781 INFO  log - Logging initialized @26711ms to org.eclipse.jetty.util.log.Slf4jLog
]]></system-out>
  </testcase>
  <testcase name="test52" classname="org.apache.hadoop.hdfs.server.namenode.ha.proto.HAZKInfoProtos_ESTest" time="0.011">
    <system-out><![CDATA[2024-11-12 13:42:44,785 INFO  EvoClassLoader - Seeing class for first time: libcore.io.Memory
2024-11-12 13:42:44,785 INFO  EvoClassLoader - Instrumenting class 'libcore.io.Memory'.
2024-11-12 13:42:44,786 INFO  EvoClassLoader - Error while loading class: java.lang.ClassNotFoundException: Class 'libcore/io/Memory.class' should be in target project, but could not be found!
2024-11-12 13:42:44,786 INFO  EvoClassLoader - Seeing class for first time: org.robolectric.Robolectric
2024-11-12 13:42:44,786 INFO  EvoClassLoader - Instrumenting class 'org.robolectric.Robolectric'.
2024-11-12 13:42:44,786 INFO  EvoClassLoader - Error while loading class: java.lang.ClassNotFoundException: Class 'org/robolectric/Robolectric.class' should be in target project, but could not be found!
2024-11-12 13:42:44,789 INFO  log - Logging initialized @26719ms to org.eclipse.jetty.util.log.Slf4jLog
]]></system-out>
  </testcase>
  <testcase name="test17" classname="org.apache.hadoop.hdfs.server.namenode.ha.proto.HAZKInfoProtos_ESTest" time="0.013">
    <system-out><![CDATA[2024-11-12 13:42:44,794 INFO  EvoClassLoader - Seeing class for first time: libcore.io.Memory
2024-11-12 13:42:44,794 INFO  EvoClassLoader - Instrumenting class 'libcore.io.Memory'.
2024-11-12 13:42:44,795 INFO  EvoClassLoader - Error while loading class: java.lang.ClassNotFoundException: Class 'libcore/io/Memory.class' should be in target project, but could not be found!
2024-11-12 13:42:44,795 INFO  EvoClassLoader - Seeing class for first time: org.robolectric.Robolectric
2024-11-12 13:42:44,795 INFO  EvoClassLoader - Instrumenting class 'org.robolectric.Robolectric'.
2024-11-12 13:42:44,795 INFO  EvoClassLoader - Error while loading class: java.lang.ClassNotFoundException: Class 'org/robolectric/Robolectric.class' should be in target project, but could not be found!
2024-11-12 13:42:44,798 INFO  log - Logging initialized @26728ms to org.eclipse.jetty.util.log.Slf4jLog
]]></system-out>
  </testcase>
  <testcase name="test18" classname="org.apache.hadoop.hdfs.server.namenode.ha.proto.HAZKInfoProtos_ESTest" time="0.013">
    <system-out><![CDATA[2024-11-12 13:42:44,807 INFO  EvoClassLoader - Seeing class for first time: libcore.io.Memory
2024-11-12 13:42:44,807 INFO  EvoClassLoader - Instrumenting class 'libcore.io.Memory'.
2024-11-12 13:42:44,808 INFO  EvoClassLoader - Error while loading class: java.lang.ClassNotFoundException: Class 'libcore/io/Memory.class' should be in target project, but could not be found!
2024-11-12 13:42:44,808 INFO  EvoClassLoader - Seeing class for first time: org.robolectric.Robolectric
2024-11-12 13:42:44,808 INFO  EvoClassLoader - Instrumenting class 'org.robolectric.Robolectric'.
2024-11-12 13:42:44,808 INFO  EvoClassLoader - Error while loading class: java.lang.ClassNotFoundException: Class 'org/robolectric/Robolectric.class' should be in target project, but could not be found!
2024-11-12 13:42:44,811 INFO  log - Logging initialized @26741ms to org.eclipse.jetty.util.log.Slf4jLog
]]></system-out>
  </testcase>
  <testcase name="test19" classname="org.apache.hadoop.hdfs.server.namenode.ha.proto.HAZKInfoProtos_ESTest" time="0.008">
    <system-out><![CDATA[2024-11-12 13:42:44,820 INFO  EvoClassLoader - Seeing class for first time: libcore.io.Memory
2024-11-12 13:42:44,820 INFO  EvoClassLoader - Instrumenting class 'libcore.io.Memory'.
2024-11-12 13:42:44,820 INFO  EvoClassLoader - Error while loading class: java.lang.ClassNotFoundException: Class 'libcore/io/Memory.class' should be in target project, but could not be found!
2024-11-12 13:42:44,820 INFO  EvoClassLoader - Seeing class for first time: org.robolectric.Robolectric
2024-11-12 13:42:44,820 INFO  EvoClassLoader - Instrumenting class 'org.robolectric.Robolectric'.
2024-11-12 13:42:44,821 INFO  EvoClassLoader - Error while loading class: java.lang.ClassNotFoundException: Class 'org/robolectric/Robolectric.class' should be in target project, but could not be found!
2024-11-12 13:42:44,824 INFO  log - Logging initialized @26754ms to org.eclipse.jetty.util.log.Slf4jLog
]]></system-out>
  </testcase>
  <testcase name="test13" classname="org.apache.hadoop.hdfs.server.namenode.ha.proto.HAZKInfoProtos_ESTest" time="0.007">
    <system-out><![CDATA[2024-11-12 13:42:44,829 INFO  EvoClassLoader - Seeing class for first time: libcore.io.Memory
2024-11-12 13:42:44,829 INFO  EvoClassLoader - Instrumenting class 'libcore.io.Memory'.
2024-11-12 13:42:44,829 INFO  EvoClassLoader - Error while loading class: java.lang.ClassNotFoundException: Class 'libcore/io/Memory.class' should be in target project, but could not be found!
2024-11-12 13:42:44,829 INFO  EvoClassLoader - Seeing class for first time: org.robolectric.Robolectric
2024-11-12 13:42:44,829 INFO  EvoClassLoader - Instrumenting class 'org.robolectric.Robolectric'.
2024-11-12 13:42:44,830 INFO  EvoClassLoader - Error while loading class: java.lang.ClassNotFoundException: Class 'org/robolectric/Robolectric.class' should be in target project, but could not be found!
2024-11-12 13:42:44,833 INFO  log - Logging initialized @26763ms to org.eclipse.jetty.util.log.Slf4jLog
]]></system-out>
  </testcase>
  <testcase name="test57" classname="org.apache.hadoop.hdfs.server.namenode.ha.proto.HAZKInfoProtos_ESTest" time="0.008">
    <system-out><![CDATA[2024-11-12 13:42:44,838 INFO  EvoClassLoader - Seeing class for first time: libcore.io.Memory
2024-11-12 13:42:44,838 INFO  EvoClassLoader - Instrumenting class 'libcore.io.Memory'.
2024-11-12 13:42:44,838 INFO  EvoClassLoader - Error while loading class: java.lang.ClassNotFoundException: Class 'libcore/io/Memory.class' should be in target project, but could not be found!
2024-11-12 13:42:44,838 INFO  EvoClassLoader - Seeing class for first time: org.robolectric.Robolectric
2024-11-12 13:42:44,838 INFO  EvoClassLoader - Instrumenting class 'org.robolectric.Robolectric'.
2024-11-12 13:42:44,838 INFO  EvoClassLoader - Error while loading class: java.lang.ClassNotFoundException: Class 'org/robolectric/Robolectric.class' should be in target project, but could not be found!
2024-11-12 13:42:44,841 INFO  log - Logging initialized @26771ms to org.eclipse.jetty.util.log.Slf4jLog
]]></system-out>
  </testcase>
  <testcase name="test14" classname="org.apache.hadoop.hdfs.server.namenode.ha.proto.HAZKInfoProtos_ESTest" time="0.012">
    <system-out><![CDATA[2024-11-12 13:42:44,846 INFO  EvoClassLoader - Seeing class for first time: libcore.io.Memory
2024-11-12 13:42:44,846 INFO  EvoClassLoader - Instrumenting class 'libcore.io.Memory'.
2024-11-12 13:42:44,846 INFO  EvoClassLoader - Error while loading class: java.lang.ClassNotFoundException: Class 'libcore/io/Memory.class' should be in target project, but could not be found!
2024-11-12 13:42:44,846 INFO  EvoClassLoader - Seeing class for first time: org.robolectric.Robolectric
2024-11-12 13:42:44,846 INFO  EvoClassLoader - Instrumenting class 'org.robolectric.Robolectric'.
2024-11-12 13:42:44,846 INFO  EvoClassLoader - Error while loading class: java.lang.ClassNotFoundException: Class 'org/robolectric/Robolectric.class' should be in target project, but could not be found!
2024-11-12 13:42:44,850 INFO  log - Logging initialized @26780ms to org.eclipse.jetty.util.log.Slf4jLog
]]></system-out>
  </testcase>
  <testcase name="test58" classname="org.apache.hadoop.hdfs.server.namenode.ha.proto.HAZKInfoProtos_ESTest" time="0.011">
    <system-out><![CDATA[2024-11-12 13:42:44,857 INFO  EvoClassLoader - Seeing class for first time: libcore.io.Memory
2024-11-12 13:42:44,857 INFO  EvoClassLoader - Instrumenting class 'libcore.io.Memory'.
2024-11-12 13:42:44,858 INFO  EvoClassLoader - Error while loading class: java.lang.ClassNotFoundException: Class 'libcore/io/Memory.class' should be in target project, but could not be found!
2024-11-12 13:42:44,858 INFO  EvoClassLoader - Seeing class for first time: org.robolectric.Robolectric
2024-11-12 13:42:44,858 INFO  EvoClassLoader - Instrumenting class 'org.robolectric.Robolectric'.
2024-11-12 13:42:44,858 INFO  EvoClassLoader - Error while loading class: java.lang.ClassNotFoundException: Class 'org/robolectric/Robolectric.class' should be in target project, but could not be found!
2024-11-12 13:42:44,864 INFO  log - Logging initialized @26794ms to org.eclipse.jetty.util.log.Slf4jLog
]]></system-out>
  </testcase>
  <testcase name="test15" classname="org.apache.hadoop.hdfs.server.namenode.ha.proto.HAZKInfoProtos_ESTest" time="0.012">
    <system-out><![CDATA[2024-11-12 13:42:44,870 INFO  EvoClassLoader - Seeing class for first time: libcore.io.Memory
2024-11-12 13:42:44,870 INFO  EvoClassLoader - Instrumenting class 'libcore.io.Memory'.
2024-11-12 13:42:44,870 INFO  EvoClassLoader - Error while loading class: java.lang.ClassNotFoundException: Class 'libcore/io/Memory.class' should be in target project, but could not be found!
2024-11-12 13:42:44,870 INFO  EvoClassLoader - Seeing class for first time: org.robolectric.Robolectric
2024-11-12 13:42:44,870 INFO  EvoClassLoader - Instrumenting class 'org.robolectric.Robolectric'.
2024-11-12 13:42:44,870 INFO  EvoClassLoader - Error while loading class: java.lang.ClassNotFoundException: Class 'org/robolectric/Robolectric.class' should be in target project, but could not be found!
2024-11-12 13:42:44,874 INFO  log - Logging initialized @26804ms to org.eclipse.jetty.util.log.Slf4jLog
]]></system-out>
  </testcase>
  <testcase name="test59" classname="org.apache.hadoop.hdfs.server.namenode.ha.proto.HAZKInfoProtos_ESTest" time="0.023">
    <system-out><![CDATA[2024-11-12 13:42:44,891 INFO  EvoClassLoader - Seeing class for first time: libcore.io.Memory
2024-11-12 13:42:44,891 INFO  EvoClassLoader - Instrumenting class 'libcore.io.Memory'.
2024-11-12 13:42:44,891 INFO  EvoClassLoader - Error while loading class: java.lang.ClassNotFoundException: Class 'libcore/io/Memory.class' should be in target project, but could not be found!
2024-11-12 13:42:44,891 INFO  EvoClassLoader - Seeing class for first time: org.robolectric.Robolectric
2024-11-12 13:42:44,891 INFO  EvoClassLoader - Instrumenting class 'org.robolectric.Robolectric'.
2024-11-12 13:42:44,891 INFO  EvoClassLoader - Error while loading class: java.lang.ClassNotFoundException: Class 'org/robolectric/Robolectric.class' should be in target project, but could not be found!
2024-11-12 13:42:44,896 INFO  log - Logging initialized @26826ms to org.eclipse.jetty.util.log.Slf4jLog
]]></system-out>
  </testcase>
  <testcase name="test16" classname="org.apache.hadoop.hdfs.server.namenode.ha.proto.HAZKInfoProtos_ESTest" time="0.013">
    <system-out><![CDATA[2024-11-12 13:42:44,905 INFO  EvoClassLoader - Seeing class for first time: libcore.io.Memory
2024-11-12 13:42:44,905 INFO  EvoClassLoader - Instrumenting class 'libcore.io.Memory'.
2024-11-12 13:42:44,906 INFO  EvoClassLoader - Error while loading class: java.lang.ClassNotFoundException: Class 'libcore/io/Memory.class' should be in target project, but could not be found!
2024-11-12 13:42:44,906 INFO  EvoClassLoader - Seeing class for first time: org.robolectric.Robolectric
2024-11-12 13:42:44,906 INFO  EvoClassLoader - Instrumenting class 'org.robolectric.Robolectric'.
2024-11-12 13:42:44,906 INFO  EvoClassLoader - Error while loading class: java.lang.ClassNotFoundException: Class 'org/robolectric/Robolectric.class' should be in target project, but could not be found!
2024-11-12 13:42:44,911 INFO  log - Logging initialized @26841ms to org.eclipse.jetty.util.log.Slf4jLog
]]></system-out>
  </testcase>
  <testcase name="test53" classname="org.apache.hadoop.hdfs.server.namenode.ha.proto.HAZKInfoProtos_ESTest" time="0.01">
    <system-out><![CDATA[2024-11-12 13:42:44,917 INFO  EvoClassLoader - Seeing class for first time: libcore.io.Memory
2024-11-12 13:42:44,917 INFO  EvoClassLoader - Instrumenting class 'libcore.io.Memory'.
2024-11-12 13:42:44,917 INFO  EvoClassLoader - Error while loading class: java.lang.ClassNotFoundException: Class 'libcore/io/Memory.class' should be in target project, but could not be found!
2024-11-12 13:42:44,917 INFO  EvoClassLoader - Seeing class for first time: org.robolectric.Robolectric
2024-11-12 13:42:44,917 INFO  EvoClassLoader - Instrumenting class 'org.robolectric.Robolectric'.
2024-11-12 13:42:44,918 INFO  EvoClassLoader - Error while loading class: java.lang.ClassNotFoundException: Class 'org/robolectric/Robolectric.class' should be in target project, but could not be found!
2024-11-12 13:42:44,922 INFO  log - Logging initialized @26852ms to org.eclipse.jetty.util.log.Slf4jLog
]]></system-out>
  </testcase>
  <testcase name="test10" classname="org.apache.hadoop.hdfs.server.namenode.ha.proto.HAZKInfoProtos_ESTest" time="0.012">
    <system-out><![CDATA[2024-11-12 13:42:44,928 INFO  EvoClassLoader - Seeing class for first time: libcore.io.Memory
2024-11-12 13:42:44,928 INFO  EvoClassLoader - Instrumenting class 'libcore.io.Memory'.
2024-11-12 13:42:44,928 INFO  EvoClassLoader - Error while loading class: java.lang.ClassNotFoundException: Class 'libcore/io/Memory.class' should be in target project, but could not be found!
2024-11-12 13:42:44,928 INFO  EvoClassLoader - Seeing class for first time: org.robolectric.Robolectric
2024-11-12 13:42:44,928 INFO  EvoClassLoader - Instrumenting class 'org.robolectric.Robolectric'.
2024-11-12 13:42:44,928 INFO  EvoClassLoader - Error while loading class: java.lang.ClassNotFoundException: Class 'org/robolectric/Robolectric.class' should be in target project, but could not be found!
2024-11-12 13:42:44,933 INFO  log - Logging initialized @26863ms to org.eclipse.jetty.util.log.Slf4jLog
]]></system-out>
  </testcase>
  <testcase name="test54" classname="org.apache.hadoop.hdfs.server.namenode.ha.proto.HAZKInfoProtos_ESTest" time="0.009">
    <system-out><![CDATA[2024-11-12 13:42:44,939 INFO  EvoClassLoader - Seeing class for first time: libcore.io.Memory
2024-11-12 13:42:44,939 INFO  EvoClassLoader - Instrumenting class 'libcore.io.Memory'.
2024-11-12 13:42:44,940 INFO  EvoClassLoader - Error while loading class: java.lang.ClassNotFoundException: Class 'libcore/io/Memory.class' should be in target project, but could not be found!
2024-11-12 13:42:44,940 INFO  EvoClassLoader - Seeing class for first time: org.robolectric.Robolectric
2024-11-12 13:42:44,940 INFO  EvoClassLoader - Instrumenting class 'org.robolectric.Robolectric'.
2024-11-12 13:42:44,940 INFO  EvoClassLoader - Error while loading class: java.lang.ClassNotFoundException: Class 'org/robolectric/Robolectric.class' should be in target project, but could not be found!
2024-11-12 13:42:44,942 INFO  log - Logging initialized @26872ms to org.eclipse.jetty.util.log.Slf4jLog
]]></system-out>
  </testcase>
  <testcase name="test11" classname="org.apache.hadoop.hdfs.server.namenode.ha.proto.HAZKInfoProtos_ESTest" time="0.013">
    <system-out><![CDATA[2024-11-12 13:42:44,948 INFO  EvoClassLoader - Seeing class for first time: libcore.io.Memory
2024-11-12 13:42:44,948 INFO  EvoClassLoader - Instrumenting class 'libcore.io.Memory'.
2024-11-12 13:42:44,948 INFO  EvoClassLoader - Error while loading class: java.lang.ClassNotFoundException: Class 'libcore/io/Memory.class' should be in target project, but could not be found!
2024-11-12 13:42:44,948 INFO  EvoClassLoader - Seeing class for first time: org.robolectric.Robolectric
2024-11-12 13:42:44,948 INFO  EvoClassLoader - Instrumenting class 'org.robolectric.Robolectric'.
2024-11-12 13:42:44,948 INFO  EvoClassLoader - Error while loading class: java.lang.ClassNotFoundException: Class 'org/robolectric/Robolectric.class' should be in target project, but could not be found!
2024-11-12 13:42:44,952 INFO  log - Logging initialized @26882ms to org.eclipse.jetty.util.log.Slf4jLog
]]></system-out>
  </testcase>
  <testcase name="test55" classname="org.apache.hadoop.hdfs.server.namenode.ha.proto.HAZKInfoProtos_ESTest" time="0.009">
    <system-out><![CDATA[2024-11-12 13:42:44,959 INFO  EvoClassLoader - Seeing class for first time: libcore.io.Memory
2024-11-12 13:42:44,959 INFO  EvoClassLoader - Instrumenting class 'libcore.io.Memory'.
2024-11-12 13:42:44,960 INFO  EvoClassLoader - Error while loading class: java.lang.ClassNotFoundException: Class 'libcore/io/Memory.class' should be in target project, but could not be found!
2024-11-12 13:42:44,960 INFO  EvoClassLoader - Seeing class for first time: org.robolectric.Robolectric
2024-11-12 13:42:44,960 INFO  EvoClassLoader - Instrumenting class 'org.robolectric.Robolectric'.
2024-11-12 13:42:44,960 INFO  EvoClassLoader - Error while loading class: java.lang.ClassNotFoundException: Class 'org/robolectric/Robolectric.class' should be in target project, but could not be found!
2024-11-12 13:42:44,964 INFO  log - Logging initialized @26894ms to org.eclipse.jetty.util.log.Slf4jLog
]]></system-out>
  </testcase>
  <testcase name="test12" classname="org.apache.hadoop.hdfs.server.namenode.ha.proto.HAZKInfoProtos_ESTest" time="0.007">
    <system-out><![CDATA[2024-11-12 13:42:44,970 INFO  EvoClassLoader - Seeing class for first time: libcore.io.Memory
2024-11-12 13:42:44,970 INFO  EvoClassLoader - Instrumenting class 'libcore.io.Memory'.
2024-11-12 13:42:44,970 INFO  EvoClassLoader - Error while loading class: java.lang.ClassNotFoundException: Class 'libcore/io/Memory.class' should be in target project, but could not be found!
2024-11-12 13:42:44,970 INFO  EvoClassLoader - Seeing class for first time: org.robolectric.Robolectric
2024-11-12 13:42:44,970 INFO  EvoClassLoader - Instrumenting class 'org.robolectric.Robolectric'.
2024-11-12 13:42:44,971 INFO  EvoClassLoader - Error while loading class: java.lang.ClassNotFoundException: Class 'org/robolectric/Robolectric.class' should be in target project, but could not be found!
2024-11-12 13:42:44,974 INFO  log - Logging initialized @26904ms to org.eclipse.jetty.util.log.Slf4jLog
]]></system-out>
  </testcase>
  <testcase name="test56" classname="org.apache.hadoop.hdfs.server.namenode.ha.proto.HAZKInfoProtos_ESTest" time="0.008">
    <system-out><![CDATA[2024-11-12 13:42:44,978 INFO  EvoClassLoader - Seeing class for first time: libcore.io.Memory
2024-11-12 13:42:44,978 INFO  EvoClassLoader - Instrumenting class 'libcore.io.Memory'.
2024-11-12 13:42:44,979 INFO  EvoClassLoader - Error while loading class: java.lang.ClassNotFoundException: Class 'libcore/io/Memory.class' should be in target project, but could not be found!
2024-11-12 13:42:44,979 INFO  EvoClassLoader - Seeing class for first time: org.robolectric.Robolectric
2024-11-12 13:42:44,979 INFO  EvoClassLoader - Instrumenting class 'org.robolectric.Robolectric'.
2024-11-12 13:42:44,979 INFO  EvoClassLoader - Error while loading class: java.lang.ClassNotFoundException: Class 'org/robolectric/Robolectric.class' should be in target project, but could not be found!
2024-11-12 13:42:44,981 INFO  log - Logging initialized @26911ms to org.eclipse.jetty.util.log.Slf4jLog
]]></system-out>
  </testcase>
  <testcase name="test40" classname="org.apache.hadoop.hdfs.server.namenode.ha.proto.HAZKInfoProtos_ESTest" time="0.009">
    <system-out><![CDATA[2024-11-12 13:42:44,986 INFO  EvoClassLoader - Seeing class for first time: libcore.io.Memory
2024-11-12 13:42:44,986 INFO  EvoClassLoader - Instrumenting class 'libcore.io.Memory'.
2024-11-12 13:42:44,986 INFO  EvoClassLoader - Error while loading class: java.lang.ClassNotFoundException: Class 'libcore/io/Memory.class' should be in target project, but could not be found!
2024-11-12 13:42:44,986 INFO  EvoClassLoader - Seeing class for first time: org.robolectric.Robolectric
2024-11-12 13:42:44,986 INFO  EvoClassLoader - Instrumenting class 'org.robolectric.Robolectric'.
2024-11-12 13:42:44,986 INFO  EvoClassLoader - Error while loading class: java.lang.ClassNotFoundException: Class 'org/robolectric/Robolectric.class' should be in target project, but could not be found!
2024-11-12 13:42:44,989 INFO  log - Logging initialized @26919ms to org.eclipse.jetty.util.log.Slf4jLog
]]></system-out>
  </testcase>
  <testcase name="test41" classname="org.apache.hadoop.hdfs.server.namenode.ha.proto.HAZKInfoProtos_ESTest" time="0.006">
    <system-out><![CDATA[2024-11-12 13:42:44,993 INFO  EvoClassLoader - Seeing class for first time: libcore.io.Memory
2024-11-12 13:42:44,993 INFO  EvoClassLoader - Instrumenting class 'libcore.io.Memory'.
2024-11-12 13:42:44,993 INFO  EvoClassLoader - Error while loading class: java.lang.ClassNotFoundException: Class 'libcore/io/Memory.class' should be in target project, but could not be found!
2024-11-12 13:42:44,993 INFO  EvoClassLoader - Seeing class for first time: org.robolectric.Robolectric
2024-11-12 13:42:44,993 INFO  EvoClassLoader - Instrumenting class 'org.robolectric.Robolectric'.
2024-11-12 13:42:44,994 INFO  EvoClassLoader - Error while loading class: java.lang.ClassNotFoundException: Class 'org/robolectric/Robolectric.class' should be in target project, but could not be found!
2024-11-12 13:42:44,996 INFO  log - Logging initialized @26926ms to org.eclipse.jetty.util.log.Slf4jLog
]]></system-out>
  </testcase>
  <testcase name="test06" classname="org.apache.hadoop.hdfs.server.namenode.ha.proto.HAZKInfoProtos_ESTest" time="0.005">
    <system-out><![CDATA[2024-11-12 13:42:44,999 INFO  EvoClassLoader - Seeing class for first time: libcore.io.Memory
2024-11-12 13:42:44,999 INFO  EvoClassLoader - Instrumenting class 'libcore.io.Memory'.
2024-11-12 13:42:45,000 INFO  EvoClassLoader - Error while loading class: java.lang.ClassNotFoundException: Class 'libcore/io/Memory.class' should be in target project, but could not be found!
2024-11-12 13:42:45,000 INFO  EvoClassLoader - Seeing class for first time: org.robolectric.Robolectric
2024-11-12 13:42:45,000 INFO  EvoClassLoader - Instrumenting class 'org.robolectric.Robolectric'.
2024-11-12 13:42:45,000 INFO  EvoClassLoader - Error while loading class: java.lang.ClassNotFoundException: Class 'org/robolectric/Robolectric.class' should be in target project, but could not be found!
2024-11-12 13:42:45,003 INFO  log - Logging initialized @26933ms to org.eclipse.jetty.util.log.Slf4jLog
]]></system-out>
  </testcase>
  <testcase name="test07" classname="org.apache.hadoop.hdfs.server.namenode.ha.proto.HAZKInfoProtos_ESTest" time="0.007">
    <system-out><![CDATA[2024-11-12 13:42:45,008 INFO  EvoClassLoader - Seeing class for first time: libcore.io.Memory
2024-11-12 13:42:45,008 INFO  EvoClassLoader - Instrumenting class 'libcore.io.Memory'.
2024-11-12 13:42:45,008 INFO  EvoClassLoader - Error while loading class: java.lang.ClassNotFoundException: Class 'libcore/io/Memory.class' should be in target project, but could not be found!
2024-11-12 13:42:45,008 INFO  EvoClassLoader - Seeing class for first time: org.robolectric.Robolectric
2024-11-12 13:42:45,008 INFO  EvoClassLoader - Instrumenting class 'org.robolectric.Robolectric'.
2024-11-12 13:42:45,008 INFO  EvoClassLoader - Error while loading class: java.lang.ClassNotFoundException: Class 'org/robolectric/Robolectric.class' should be in target project, but could not be found!
2024-11-12 13:42:45,010 INFO  log - Logging initialized @26940ms to org.eclipse.jetty.util.log.Slf4jLog
]]></system-out>
  </testcase>
  <testcase name="test08" classname="org.apache.hadoop.hdfs.server.namenode.ha.proto.HAZKInfoProtos_ESTest" time="0.01">
    <system-out><![CDATA[2024-11-12 13:42:45,015 INFO  EvoClassLoader - Seeing class for first time: libcore.io.Memory
2024-11-12 13:42:45,015 INFO  EvoClassLoader - Instrumenting class 'libcore.io.Memory'.
2024-11-12 13:42:45,015 INFO  EvoClassLoader - Error while loading class: java.lang.ClassNotFoundException: Class 'libcore/io/Memory.class' should be in target project, but could not be found!
2024-11-12 13:42:45,015 INFO  EvoClassLoader - Seeing class for first time: org.robolectric.Robolectric
2024-11-12 13:42:45,015 INFO  EvoClassLoader - Instrumenting class 'org.robolectric.Robolectric'.
2024-11-12 13:42:45,015 INFO  EvoClassLoader - Error while loading class: java.lang.ClassNotFoundException: Class 'org/robolectric/Robolectric.class' should be in target project, but could not be found!
2024-11-12 13:42:45,019 INFO  log - Logging initialized @26949ms to org.eclipse.jetty.util.log.Slf4jLog
]]></system-out>
  </testcase>
  <testcase name="test09" classname="org.apache.hadoop.hdfs.server.namenode.ha.proto.HAZKInfoProtos_ESTest" time="0.006">
    <system-out><![CDATA[2024-11-12 13:42:45,023 INFO  EvoClassLoader - Seeing class for first time: libcore.io.Memory
2024-11-12 13:42:45,023 INFO  EvoClassLoader - Instrumenting class 'libcore.io.Memory'.
2024-11-12 13:42:45,023 INFO  EvoClassLoader - Error while loading class: java.lang.ClassNotFoundException: Class 'libcore/io/Memory.class' should be in target project, but could not be found!
2024-11-12 13:42:45,023 INFO  EvoClassLoader - Seeing class for first time: org.robolectric.Robolectric
2024-11-12 13:42:45,023 INFO  EvoClassLoader - Instrumenting class 'org.robolectric.Robolectric'.
2024-11-12 13:42:45,024 INFO  EvoClassLoader - Error while loading class: java.lang.ClassNotFoundException: Class 'org/robolectric/Robolectric.class' should be in target project, but could not be found!
2024-11-12 13:42:45,026 INFO  log - Logging initialized @26956ms to org.eclipse.jetty.util.log.Slf4jLog
]]></system-out>
  </testcase>
  <testcase name="test02" classname="org.apache.hadoop.hdfs.server.namenode.ha.proto.HAZKInfoProtos_ESTest" time="0.007">
    <system-out><![CDATA[2024-11-12 13:42:45,030 INFO  EvoClassLoader - Seeing class for first time: libcore.io.Memory
2024-11-12 13:42:45,030 INFO  EvoClassLoader - Instrumenting class 'libcore.io.Memory'.
2024-11-12 13:42:45,030 INFO  EvoClassLoader - Error while loading class: java.lang.ClassNotFoundException: Class 'libcore/io/Memory.class' should be in target project, but could not be found!
2024-11-12 13:42:45,030 INFO  EvoClassLoader - Seeing class for first time: org.robolectric.Robolectric
2024-11-12 13:42:45,030 INFO  EvoClassLoader - Instrumenting class 'org.robolectric.Robolectric'.
2024-11-12 13:42:45,031 INFO  EvoClassLoader - Error while loading class: java.lang.ClassNotFoundException: Class 'org/robolectric/Robolectric.class' should be in target project, but could not be found!
2024-11-12 13:42:45,034 INFO  log - Logging initialized @26964ms to org.eclipse.jetty.util.log.Slf4jLog
]]></system-out>
  </testcase>
  <testcase name="test46" classname="org.apache.hadoop.hdfs.server.namenode.ha.proto.HAZKInfoProtos_ESTest" time="0.007">
    <system-out><![CDATA[2024-11-12 13:42:45,038 INFO  EvoClassLoader - Seeing class for first time: libcore.io.Memory
2024-11-12 13:42:45,038 INFO  EvoClassLoader - Instrumenting class 'libcore.io.Memory'.
2024-11-12 13:42:45,038 INFO  EvoClassLoader - Error while loading class: java.lang.ClassNotFoundException: Class 'libcore/io/Memory.class' should be in target project, but could not be found!
2024-11-12 13:42:45,038 INFO  EvoClassLoader - Seeing class for first time: org.robolectric.Robolectric
2024-11-12 13:42:45,038 INFO  EvoClassLoader - Instrumenting class 'org.robolectric.Robolectric'.
2024-11-12 13:42:45,038 INFO  EvoClassLoader - Error while loading class: java.lang.ClassNotFoundException: Class 'org/robolectric/Robolectric.class' should be in target project, but could not be found!
2024-11-12 13:42:45,040 INFO  log - Logging initialized @26970ms to org.eclipse.jetty.util.log.Slf4jLog
]]></system-out>
  </testcase>
  <testcase name="test03" classname="org.apache.hadoop.hdfs.server.namenode.ha.proto.HAZKInfoProtos_ESTest" time="0.009">
    <system-out><![CDATA[2024-11-12 13:42:45,044 INFO  EvoClassLoader - Seeing class for first time: libcore.io.Memory
2024-11-12 13:42:45,044 INFO  EvoClassLoader - Instrumenting class 'libcore.io.Memory'.
2024-11-12 13:42:45,045 INFO  EvoClassLoader - Error while loading class: java.lang.ClassNotFoundException: Class 'libcore/io/Memory.class' should be in target project, but could not be found!
2024-11-12 13:42:45,045 INFO  EvoClassLoader - Seeing class for first time: org.robolectric.Robolectric
2024-11-12 13:42:45,045 INFO  EvoClassLoader - Instrumenting class 'org.robolectric.Robolectric'.
2024-11-12 13:42:45,045 INFO  EvoClassLoader - Error while loading class: java.lang.ClassNotFoundException: Class 'org/robolectric/Robolectric.class' should be in target project, but could not be found!
2024-11-12 13:42:45,048 INFO  log - Logging initialized @26978ms to org.eclipse.jetty.util.log.Slf4jLog
]]></system-out>
  </testcase>
  <testcase name="test47" classname="org.apache.hadoop.hdfs.server.namenode.ha.proto.HAZKInfoProtos_ESTest" time="0.008">
    <system-out><![CDATA[2024-11-12 13:42:45,054 INFO  EvoClassLoader - Seeing class for first time: libcore.io.Memory
2024-11-12 13:42:45,054 INFO  EvoClassLoader - Instrumenting class 'libcore.io.Memory'.
2024-11-12 13:42:45,054 INFO  EvoClassLoader - Error while loading class: java.lang.ClassNotFoundException: Class 'libcore/io/Memory.class' should be in target project, but could not be found!
2024-11-12 13:42:45,054 INFO  EvoClassLoader - Seeing class for first time: org.robolectric.Robolectric
2024-11-12 13:42:45,054 INFO  EvoClassLoader - Instrumenting class 'org.robolectric.Robolectric'.
2024-11-12 13:42:45,054 INFO  EvoClassLoader - Error while loading class: java.lang.ClassNotFoundException: Class 'org/robolectric/Robolectric.class' should be in target project, but could not be found!
2024-11-12 13:42:45,057 INFO  log - Logging initialized @26987ms to org.eclipse.jetty.util.log.Slf4jLog
]]></system-out>
  </testcase>
  <testcase name="test04" classname="org.apache.hadoop.hdfs.server.namenode.ha.proto.HAZKInfoProtos_ESTest" time="0.008">
    <system-out><![CDATA[2024-11-12 13:42:45,062 INFO  EvoClassLoader - Seeing class for first time: libcore.io.Memory
2024-11-12 13:42:45,062 INFO  EvoClassLoader - Instrumenting class 'libcore.io.Memory'.
2024-11-12 13:42:45,062 INFO  EvoClassLoader - Error while loading class: java.lang.ClassNotFoundException: Class 'libcore/io/Memory.class' should be in target project, but could not be found!
2024-11-12 13:42:45,062 INFO  EvoClassLoader - Seeing class for first time: org.robolectric.Robolectric
2024-11-12 13:42:45,062 INFO  EvoClassLoader - Instrumenting class 'org.robolectric.Robolectric'.
2024-11-12 13:42:45,062 INFO  EvoClassLoader - Error while loading class: java.lang.ClassNotFoundException: Class 'org/robolectric/Robolectric.class' should be in target project, but could not be found!
2024-11-12 13:42:45,065 INFO  log - Logging initialized @26995ms to org.eclipse.jetty.util.log.Slf4jLog
]]></system-out>
  </testcase>
  <testcase name="test48" classname="org.apache.hadoop.hdfs.server.namenode.ha.proto.HAZKInfoProtos_ESTest" time="0.008">
    <system-out><![CDATA[2024-11-12 13:42:45,070 INFO  EvoClassLoader - Seeing class for first time: libcore.io.Memory
2024-11-12 13:42:45,070 INFO  EvoClassLoader - Instrumenting class 'libcore.io.Memory'.
2024-11-12 13:42:45,070 INFO  EvoClassLoader - Error while loading class: java.lang.ClassNotFoundException: Class 'libcore/io/Memory.class' should be in target project, but could not be found!
2024-11-12 13:42:45,070 INFO  EvoClassLoader - Seeing class for first time: org.robolectric.Robolectric
2024-11-12 13:42:45,070 INFO  EvoClassLoader - Instrumenting class 'org.robolectric.Robolectric'.
2024-11-12 13:42:45,070 INFO  EvoClassLoader - Error while loading class: java.lang.ClassNotFoundException: Class 'org/robolectric/Robolectric.class' should be in target project, but could not be found!
2024-11-12 13:42:45,073 INFO  log - Logging initialized @27003ms to org.eclipse.jetty.util.log.Slf4jLog
]]></system-out>
  </testcase>
  <testcase name="test05" classname="org.apache.hadoop.hdfs.server.namenode.ha.proto.HAZKInfoProtos_ESTest" time="0.008">
    <system-out><![CDATA[2024-11-12 13:42:45,077 INFO  EvoClassLoader - Seeing class for first time: libcore.io.Memory
2024-11-12 13:42:45,077 INFO  EvoClassLoader - Instrumenting class 'libcore.io.Memory'.
2024-11-12 13:42:45,077 INFO  EvoClassLoader - Error while loading class: java.lang.ClassNotFoundException: Class 'libcore/io/Memory.class' should be in target project, but could not be found!
2024-11-12 13:42:45,077 INFO  EvoClassLoader - Seeing class for first time: org.robolectric.Robolectric
2024-11-12 13:42:45,077 INFO  EvoClassLoader - Instrumenting class 'org.robolectric.Robolectric'.
2024-11-12 13:42:45,077 INFO  EvoClassLoader - Error while loading class: java.lang.ClassNotFoundException: Class 'org/robolectric/Robolectric.class' should be in target project, but could not be found!
2024-11-12 13:42:45,080 INFO  log - Logging initialized @27010ms to org.eclipse.jetty.util.log.Slf4jLog
]]></system-out>
  </testcase>
  <testcase name="test49" classname="org.apache.hadoop.hdfs.server.namenode.ha.proto.HAZKInfoProtos_ESTest" time="0.012">
    <system-out><![CDATA[2024-11-12 13:42:45,086 INFO  EvoClassLoader - Seeing class for first time: libcore.io.Memory
2024-11-12 13:42:45,086 INFO  EvoClassLoader - Instrumenting class 'libcore.io.Memory'.
2024-11-12 13:42:45,086 INFO  EvoClassLoader - Error while loading class: java.lang.ClassNotFoundException: Class 'libcore/io/Memory.class' should be in target project, but could not be found!
2024-11-12 13:42:45,086 INFO  EvoClassLoader - Seeing class for first time: org.robolectric.Robolectric
2024-11-12 13:42:45,086 INFO  EvoClassLoader - Instrumenting class 'org.robolectric.Robolectric'.
2024-11-12 13:42:45,087 INFO  EvoClassLoader - Error while loading class: java.lang.ClassNotFoundException: Class 'org/robolectric/Robolectric.class' should be in target project, but could not be found!
2024-11-12 13:42:45,093 INFO  log - Logging initialized @27023ms to org.eclipse.jetty.util.log.Slf4jLog
]]></system-out>
  </testcase>
  <testcase name="test42" classname="org.apache.hadoop.hdfs.server.namenode.ha.proto.HAZKInfoProtos_ESTest" time="0.008">
    <system-out><![CDATA[2024-11-12 13:42:45,098 INFO  EvoClassLoader - Seeing class for first time: libcore.io.Memory
2024-11-12 13:42:45,098 INFO  EvoClassLoader - Instrumenting class 'libcore.io.Memory'.
2024-11-12 13:42:45,098 INFO  EvoClassLoader - Error while loading class: java.lang.ClassNotFoundException: Class 'libcore/io/Memory.class' should be in target project, but could not be found!
2024-11-12 13:42:45,098 INFO  EvoClassLoader - Seeing class for first time: org.robolectric.Robolectric
2024-11-12 13:42:45,098 INFO  EvoClassLoader - Instrumenting class 'org.robolectric.Robolectric'.
2024-11-12 13:42:45,098 INFO  EvoClassLoader - Error while loading class: java.lang.ClassNotFoundException: Class 'org/robolectric/Robolectric.class' should be in target project, but could not be found!
2024-11-12 13:42:45,101 INFO  log - Logging initialized @27031ms to org.eclipse.jetty.util.log.Slf4jLog
]]></system-out>
  </testcase>
  <testcase name="test43" classname="org.apache.hadoop.hdfs.server.namenode.ha.proto.HAZKInfoProtos_ESTest" time="0.01">
    <system-out><![CDATA[2024-11-12 13:42:45,106 INFO  EvoClassLoader - Seeing class for first time: libcore.io.Memory
2024-11-12 13:42:45,106 INFO  EvoClassLoader - Instrumenting class 'libcore.io.Memory'.
2024-11-12 13:42:45,106 INFO  EvoClassLoader - Error while loading class: java.lang.ClassNotFoundException: Class 'libcore/io/Memory.class' should be in target project, but could not be found!
2024-11-12 13:42:45,106 INFO  EvoClassLoader - Seeing class for first time: org.robolectric.Robolectric
2024-11-12 13:42:45,106 INFO  EvoClassLoader - Instrumenting class 'org.robolectric.Robolectric'.
2024-11-12 13:42:45,106 INFO  EvoClassLoader - Error while loading class: java.lang.ClassNotFoundException: Class 'org/robolectric/Robolectric.class' should be in target project, but could not be found!
2024-11-12 13:42:45,109 INFO  log - Logging initialized @27039ms to org.eclipse.jetty.util.log.Slf4jLog
]]></system-out>
  </testcase>
  <testcase name="test00" classname="org.apache.hadoop.hdfs.server.namenode.ha.proto.HAZKInfoProtos_ESTest" time="0.01">
    <system-out><![CDATA[2024-11-12 13:42:45,116 INFO  EvoClassLoader - Seeing class for first time: libcore.io.Memory
2024-11-12 13:42:45,116 INFO  EvoClassLoader - Instrumenting class 'libcore.io.Memory'.
2024-11-12 13:42:45,117 INFO  EvoClassLoader - Error while loading class: java.lang.ClassNotFoundException: Class 'libcore/io/Memory.class' should be in target project, but could not be found!
2024-11-12 13:42:45,117 INFO  EvoClassLoader - Seeing class for first time: org.robolectric.Robolectric
2024-11-12 13:42:45,117 INFO  EvoClassLoader - Instrumenting class 'org.robolectric.Robolectric'.
2024-11-12 13:42:45,117 INFO  EvoClassLoader - Error while loading class: java.lang.ClassNotFoundException: Class 'org/robolectric/Robolectric.class' should be in target project, but could not be found!
2024-11-12 13:42:45,121 INFO  log - Logging initialized @27051ms to org.eclipse.jetty.util.log.Slf4jLog
]]></system-out>
  </testcase>
  <testcase name="test44" classname="org.apache.hadoop.hdfs.server.namenode.ha.proto.HAZKInfoProtos_ESTest" time="0.009">
    <system-out><![CDATA[2024-11-12 13:42:45,127 INFO  EvoClassLoader - Seeing class for first time: libcore.io.Memory
2024-11-12 13:42:45,127 INFO  EvoClassLoader - Instrumenting class 'libcore.io.Memory'.
2024-11-12 13:42:45,127 INFO  EvoClassLoader - Error while loading class: java.lang.ClassNotFoundException: Class 'libcore/io/Memory.class' should be in target project, but could not be found!
2024-11-12 13:42:45,127 INFO  EvoClassLoader - Seeing class for first time: org.robolectric.Robolectric
2024-11-12 13:42:45,127 INFO  EvoClassLoader - Instrumenting class 'org.robolectric.Robolectric'.
2024-11-12 13:42:45,127 INFO  EvoClassLoader - Error while loading class: java.lang.ClassNotFoundException: Class 'org/robolectric/Robolectric.class' should be in target project, but could not be found!
2024-11-12 13:42:45,130 INFO  log - Logging initialized @27060ms to org.eclipse.jetty.util.log.Slf4jLog
]]></system-out>
  </testcase>
  <testcase name="test01" classname="org.apache.hadoop.hdfs.server.namenode.ha.proto.HAZKInfoProtos_ESTest" time="0.009">
    <system-out><![CDATA[2024-11-12 13:42:45,135 INFO  EvoClassLoader - Seeing class for first time: libcore.io.Memory
2024-11-12 13:42:45,135 INFO  EvoClassLoader - Instrumenting class 'libcore.io.Memory'.
2024-11-12 13:42:45,135 INFO  EvoClassLoader - Error while loading class: java.lang.ClassNotFoundException: Class 'libcore/io/Memory.class' should be in target project, but could not be found!
2024-11-12 13:42:45,135 INFO  EvoClassLoader - Seeing class for first time: org.robolectric.Robolectric
2024-11-12 13:42:45,135 INFO  EvoClassLoader - Instrumenting class 'org.robolectric.Robolectric'.
2024-11-12 13:42:45,136 INFO  EvoClassLoader - Error while loading class: java.lang.ClassNotFoundException: Class 'org/robolectric/Robolectric.class' should be in target project, but could not be found!
2024-11-12 13:42:45,138 INFO  log - Logging initialized @27068ms to org.eclipse.jetty.util.log.Slf4jLog
]]></system-out>
  </testcase>
  <testcase name="test45" classname="org.apache.hadoop.hdfs.server.namenode.ha.proto.HAZKInfoProtos_ESTest" time="0.016">
    <system-out><![CDATA[2024-11-12 13:42:45,144 INFO  EvoClassLoader - Seeing class for first time: libcore.io.Memory
2024-11-12 13:42:45,144 INFO  EvoClassLoader - Instrumenting class 'libcore.io.Memory'.
2024-11-12 13:42:45,145 INFO  EvoClassLoader - Error while loading class: java.lang.ClassNotFoundException: Class 'libcore/io/Memory.class' should be in target project, but could not be found!
2024-11-12 13:42:45,145 INFO  EvoClassLoader - Seeing class for first time: org.robolectric.Robolectric
2024-11-12 13:42:45,145 INFO  EvoClassLoader - Instrumenting class 'org.robolectric.Robolectric'.
2024-11-12 13:42:45,145 INFO  EvoClassLoader - Error while loading class: java.lang.ClassNotFoundException: Class 'org/robolectric/Robolectric.class' should be in target project, but could not be found!
2024-11-12 13:42:45,151 INFO  log - Logging initialized @27081ms to org.eclipse.jetty.util.log.Slf4jLog
]]></system-out>
  </testcase>
</testsuite>