<?xml version="1.0" encoding="UTF-8"?>
<testsuite xmlns:xsi="http://www.w3.org/2001/XMLSchema-instance" xsi:noNamespaceSchemaLocation="https://maven.apache.org/surefire/maven-surefire-plugin/xsd/surefire-test-report-3.0.xsd" version="3.0" name="org.apache.hadoop.hdfs.server.namenode.FsImageProto_ESTest" time="3.83" tests="135" errors="0" skipped="0" failures="0">
  <properties>
    <property name="awt.toolkit" value="sun.awt.X11.XToolkit"/>
    <property name="file.encoding.pkg" value="sun.io"/>
    <property name="java.specification.version" value="1.8"/>
    <property name="sun.cpu.isalist" value=""/>
    <property name="sun.jnu.encoding" value="UTF-8"/>
    <property name="java.class.path" value="/home/wtwhite/code/regression-test-generation-NON-SOURCE-EQUIV/find-diff-classes/compile/gaoss/org/apache/hadoop/hadoop-hdfs/3.4.0/target/test-classes:/home/wtwhite/code/regression-test-generation-NON-SOURCE-EQUIV/find-diff-classes/compile/gaoss/org/apache/hadoop/hadoop-hdfs/3.4.0/target/classes:/home/wtwhite/code/craw-redhat-oss/wget/crawl/google-aoss/org/apache/hadoop/hadoop-hdfs/3.4.0/hadoop-hdfs-3.4.0.jar:/home/wtwhite/code/regression-test-generation-NON-SOURCE-EQUIV/find-diff-classes/compile/gaoss/org/apache/hadoop/hadoop-hdfs/3.4.0/t/dependency/AppleJavaExtensions-1.4.jar:/home/wtwhite/code/regression-test-generation-NON-SOURCE-EQUIV/find-diff-classes/compile/gaoss/org/apache/hadoop/hadoop-hdfs/3.4.0/t/dependency/animal-sniffer-annotations-1.17.jar:/home/wtwhite/code/regression-test-generation-NON-SOURCE-EQUIV/find-diff-classes/compile/gaoss/org/apache/hadoop/hadoop-hdfs/3.4.0/t/dependency/apiguardian-api-1.1.2.jar:/home/wtwhite/code/regression-test-generation-NON-SOURCE-EQUIV/find-diff-classes/compile/gaoss/org/apache/hadoop/hadoop-hdfs/3.4.0/t/dependency/asm-5.0.4.jar:/home/wtwhite/code/regression-test-generation-NON-SOURCE-EQUIV/find-diff-classes/compile/gaoss/org/apache/hadoop/hadoop-hdfs/3.4.0/t/dependency/asm-commons-5.0.2.jar:/home/wtwhite/code/regression-test-generation-NON-SOURCE-EQUIV/find-diff-classes/compile/gaoss/org/apache/hadoop/hadoop-hdfs/3.4.0/t/dependency/asm-debug-all-5.0.2.jar:/home/wtwhite/code/regression-test-generation-NON-SOURCE-EQUIV/find-diff-classes/compile/gaoss/org/apache/hadoop/hadoop-hdfs/3.4.0/t/dependency/asm-tree-5.0.2.jar:/home/wtwhite/code/regression-test-generation-NON-SOURCE-EQUIV/find-diff-classes/compile/gaoss/org/apache/hadoop/hadoop-hdfs/3.4.0/t/dependency/assertj-core-3.12.2.jar:/home/wtwhite/code/regression-test-generation-NON-SOURCE-EQUIV/find-diff-classes/compile/gaoss/org/apache/hadoop/hadoop-hdfs/3.4.0/t/dependency/audience-annotations-0.12.0.jar:/home/wtwhite/code/regression-test-generation-NON-SOURCE-EQUIV/find-diff-classes/compile/gaoss/org/apache/hadoop/hadoop-hdfs/3.4.0/t/dependency/avro-1.9.2.jar:/home/wtwhite/code/regression-test-generation-NON-SOURCE-EQUIV/find-diff-classes/compile/gaoss/org/apache/hadoop/hadoop-hdfs/3.4.0/t/dependency/bcel-findbugs-6.0.jar:/home/wtwhite/code/regression-test-generation-NON-SOURCE-EQUIV/find-diff-classes/compile/gaoss/org/apache/hadoop/hadoop-hdfs/3.4.0/t/dependency/bcprov-jdk15on-1.70.jar:/home/wtwhite/code/regression-test-generation-NON-SOURCE-EQUIV/find-diff-classes/compile/gaoss/org/apache/hadoop/hadoop-hdfs/3.4.0/t/dependency/byte-buddy-1.9.10.jar:/home/wtwhite/code/regression-test-generation-NON-SOURCE-EQUIV/find-diff-classes/compile/gaoss/org/apache/hadoop/hadoop-hdfs/3.4.0/t/dependency/byte-buddy-agent-1.9.10.jar:/home/wtwhite/code/regression-test-generation-NON-SOURCE-EQUIV/find-diff-classes/compile/gaoss/org/apache/hadoop/hadoop-hdfs/3.4.0/t/dependency/checker-qual-2.5.2.jar:/home/wtwhite/code/regression-test-generation-NON-SOURCE-EQUIV/find-diff-classes/compile/gaoss/org/apache/hadoop/hadoop-hdfs/3.4.0/t/dependency/commons-beanutils-1.9.4.jar:/home/wtwhite/code/regression-test-generation-NON-SOURCE-EQUIV/find-diff-classes/compile/gaoss/org/apache/hadoop/hadoop-hdfs/3.4.0/t/dependency/commons-cli-1.5.0.jar:/home/wtwhite/code/regression-test-generation-NON-SOURCE-EQUIV/find-diff-classes/compile/gaoss/org/apache/hadoop/hadoop-hdfs/3.4.0/t/dependency/commons-codec-1.15.jar:/home/wtwhite/code/regression-test-generation-NON-SOURCE-EQUIV/find-diff-classes/compile/gaoss/org/apache/hadoop/hadoop-hdfs/3.4.0/t/dependency/commons-collections-3.2.2.jar:/home/wtwhite/code/regression-test-generation-NON-SOURCE-EQUIV/find-diff-classes/compile/gaoss/org/apache/hadoop/hadoop-hdfs/3.4.0/t/dependency/commons-compress-1.24.0.jar:/home/wtwhite/code/regression-test-generation-NON-SOURCE-EQUIV/find-diff-classes/compile/gaoss/org/apache/hadoop/hadoop-hdfs/3.4.0/t/dependency/commons-configuration2-2.8.0.jar:/home/wtwhite/code/regression-test-generation-NON-SOURCE-EQUIV/find-diff-classes/compile/gaoss/org/apache/hadoop/hadoop-hdfs/3.4.0/t/dependency/commons-daemon-1.0.13.jar:/home/wtwhite/code/regression-test-generation-NON-SOURCE-EQUIV/find-diff-classes/compile/gaoss/org/apache/hadoop/hadoop-hdfs/3.4.0/t/dependency/commons-io-2.14.0.jar:/home/wtwhite/code/regression-test-generation-NON-SOURCE-EQUIV/find-diff-classes/compile/gaoss/org/apache/hadoop/hadoop-hdfs/3.4.0/t/dependency/commons-lang-2.6.jar:/home/wtwhite/code/regression-test-generation-NON-SOURCE-EQUIV/find-diff-classes/compile/gaoss/org/apache/hadoop/hadoop-hdfs/3.4.0/t/dependency/commons-lang3-3.12.0.jar:/home/wtwhite/code/regression-test-generation-NON-SOURCE-EQUIV/find-diff-classes/compile/gaoss/org/apache/hadoop/hadoop-hdfs/3.4.0/t/dependency/commons-logging-1.2.jar:/home/wtwhite/code/regression-test-generation-NON-SOURCE-EQUIV/find-diff-classes/compile/gaoss/org/apache/hadoop/hadoop-hdfs/3.4.0/t/dependency/commons-math3-3.6.1.jar:/home/wtwhite/code/regression-test-generation-NON-SOURCE-EQUIV/find-diff-classes/compile/gaoss/org/apache/hadoop/hadoop-hdfs/3.4.0/t/dependency/commons-net-3.9.0.jar:/home/wtwhite/code/regression-test-generation-NON-SOURCE-EQUIV/find-diff-classes/compile/gaoss/org/apache/hadoop/hadoop-hdfs/3.4.0/t/dependency/commons-text-1.10.0.jar:/home/wtwhite/code/regression-test-generation-NON-SOURCE-EQUIV/find-diff-classes/compile/gaoss/org/apache/hadoop/hadoop-hdfs/3.4.0/t/dependency/curator-client-5.2.0.jar:/home/wtwhite/code/regression-test-generation-NON-SOURCE-EQUIV/find-diff-classes/compile/gaoss/org/apache/hadoop/hadoop-hdfs/3.4.0/t/dependency/curator-framework-5.2.0.jar:/home/wtwhite/code/regression-test-generation-NON-SOURCE-EQUIV/find-diff-classes/compile/gaoss/org/apache/hadoop/hadoop-hdfs/3.4.0/t/dependency/curator-recipes-5.2.0.jar:/home/wtwhite/code/regression-test-generation-NON-SOURCE-EQUIV/find-diff-classes/compile/gaoss/org/apache/hadoop/hadoop-hdfs/3.4.0/t/dependency/curator-test-5.2.0.jar:/home/wtwhite/code/regression-test-generation-NON-SOURCE-EQUIV/find-diff-classes/compile/gaoss/org/apache/hadoop/hadoop-hdfs/3.4.0/t/dependency/dnsjava-3.4.0.jar:/home/wtwhite/code/regression-test-generation-NON-SOURCE-EQUIV/find-diff-classes/compile/gaoss/org/apache/hadoop/hadoop-hdfs/3.4.0/t/dependency/dom4j-1.6.1.jar:/home/wtwhite/code/regression-test-generation-NON-SOURCE-EQUIV/find-diff-classes/compile/gaoss/org/apache/hadoop/hadoop-hdfs/3.4.0/t/dependency/failureaccess-1.0.jar:/home/wtwhite/code/regression-test-generation-NON-SOURCE-EQUIV/find-diff-classes/compile/gaoss/org/apache/hadoop/hadoop-hdfs/3.4.0/t/dependency/findbugs-3.0.1.jar:/home/wtwhite/code/regression-test-generation-NON-SOURCE-EQUIV/find-diff-classes/compile/gaoss/org/apache/hadoop/hadoop-hdfs/3.4.0/t/dependency/gson-2.9.0.jar:/home/wtwhite/code/regression-test-generation-NON-SOURCE-EQUIV/find-diff-classes/compile/gaoss/org/apache/hadoop/hadoop-hdfs/3.4.0/t/dependency/guava-27.0-jre.jar:/home/wtwhite/code/regression-test-generation-NON-SOURCE-EQUIV/find-diff-classes/compile/gaoss/org/apache/hadoop/hadoop-hdfs/3.4.0/t/dependency/hadoop-annotations-3.4.0.jar:/home/wtwhite/code/regression-test-generation-NON-SOURCE-EQUIV/find-diff-classes/compile/gaoss/org/apache/hadoop/hadoop-hdfs/3.4.0/t/dependency/hadoop-auth-3.4.0.jar:/home/wtwhite/code/regression-test-generation-NON-SOURCE-EQUIV/find-diff-classes/compile/gaoss/org/apache/hadoop/hadoop-hdfs/3.4.0/t/dependency/hadoop-common-3.4.0-tests.jar:/home/wtwhite/code/regression-test-generation-NON-SOURCE-EQUIV/find-diff-classes/compile/gaoss/org/apache/hadoop/hadoop-hdfs/3.4.0/t/dependency/hadoop-common-3.4.0.jar:/home/wtwhite/code/regression-test-generation-NON-SOURCE-EQUIV/find-diff-classes/compile/gaoss/org/apache/hadoop/hadoop-hdfs/3.4.0/t/dependency/hadoop-hdfs-client-3.4.0.jar:/home/wtwhite/code/regression-test-generation-NON-SOURCE-EQUIV/find-diff-classes/compile/gaoss/org/apache/hadoop/hadoop-hdfs/3.4.0/t/dependency/hadoop-kms-3.4.0-tests.jar:/home/wtwhite/code/regression-test-generation-NON-SOURCE-EQUIV/find-diff-classes/compile/gaoss/org/apache/hadoop/hadoop-hdfs/3.4.0/t/dependency/hadoop-kms-3.4.0.jar:/home/wtwhite/code/regression-test-generation-NON-SOURCE-EQUIV/find-diff-classes/compile/gaoss/org/apache/hadoop/hadoop-hdfs/3.4.0/t/dependency/hadoop-minikdc-3.4.0.jar:/home/wtwhite/code/regression-test-generation-NON-SOURCE-EQUIV/find-diff-classes/compile/gaoss/org/apache/hadoop/hadoop-hdfs/3.4.0/t/dependency/hadoop-shaded-guava-1.2.0.jar:/home/wtwhite/code/regression-test-generation-NON-SOURCE-EQUIV/find-diff-classes/compile/gaoss/org/apache/hadoop/hadoop-hdfs/3.4.0/t/dependency/hadoop-shaded-protobuf_3_21-1.2.0.jar:/home/wtwhite/code/regression-test-generation-NON-SOURCE-EQUIV/find-diff-classes/compile/gaoss/org/apache/hadoop/hadoop-hdfs/3.4.0/t/dependency/hamcrest-core-1.3.jar:/home/wtwhite/code/regression-test-generation-NON-SOURCE-EQUIV/find-diff-classes/compile/gaoss/org/apache/hadoop/hadoop-hdfs/3.4.0/t/dependency/httpclient-4.5.13.jar:/home/wtwhite/code/regression-test-generation-NON-SOURCE-EQUIV/find-diff-classes/compile/gaoss/org/apache/hadoop/hadoop-hdfs/3.4.0/t/dependency/httpcore-4.4.13.jar:/home/wtwhite/code/regression-test-generation-NON-SOURCE-EQUIV/find-diff-classes/compile/gaoss/org/apache/hadoop/hadoop-hdfs/3.4.0/t/dependency/j2objc-annotations-1.1.jar:/home/wtwhite/code/regression-test-generation-NON-SOURCE-EQUIV/find-diff-classes/compile/gaoss/org/apache/hadoop/hadoop-hdfs/3.4.0/t/dependency/jFormatString-2.0.1.jar:/home/wtwhite/code/regression-test-generation-NON-SOURCE-EQUIV/find-diff-classes/compile/gaoss/org/apache/hadoop/hadoop-hdfs/3.4.0/t/dependency/jackson-annotations-2.12.7.jar:/home/wtwhite/code/regression-test-generation-NON-SOURCE-EQUIV/find-diff-classes/compile/gaoss/org/apache/hadoop/hadoop-hdfs/3.4.0/t/dependency/jackson-core-2.12.7.jar:/home/wtwhite/code/regression-test-generation-NON-SOURCE-EQUIV/find-diff-classes/compile/gaoss/org/apache/hadoop/hadoop-hdfs/3.4.0/t/dependency/jackson-databind-2.12.7.1.jar:/home/wtwhite/code/regression-test-generation-NON-SOURCE-EQUIV/find-diff-classes/compile/gaoss/org/apache/hadoop/hadoop-hdfs/3.4.0/t/dependency/jakarta.activation-api-1.2.1.jar:/home/wtwhite/code/regression-test-generation-NON-SOURCE-EQUIV/find-diff-classes/compile/gaoss/org/apache/hadoop/hadoop-hdfs/3.4.0/t/dependency/javax.servlet-api-3.1.0.jar:/home/wtwhite/code/regression-test-generation-NON-SOURCE-EQUIV/find-diff-classes/compile/gaoss/org/apache/hadoop/hadoop-hdfs/3.4.0/t/dependency/jaxb-api-2.2.11.jar:/home/wtwhite/code/regression-test-generation-NON-SOURCE-EQUIV/find-diff-classes/compile/gaoss/org/apache/hadoop/hadoop-hdfs/3.4.0/t/dependency/jaxb-impl-2.2.3-1.jar:/home/wtwhite/code/regression-test-generation-NON-SOURCE-EQUIV/find-diff-classes/compile/gaoss/org/apache/hadoop/hadoop-hdfs/3.4.0/t/dependency/jaxen-1.1.6.jar:/home/wtwhite/code/regression-test-generation-NON-SOURCE-EQUIV/find-diff-classes/compile/gaoss/org/apache/hadoop/hadoop-hdfs/3.4.0/t/dependency/jcip-annotations-1.0-1.jar:/home/wtwhite/code/regression-test-generation-NON-SOURCE-EQUIV/find-diff-classes/compile/gaoss/org/apache/hadoop/hadoop-hdfs/3.4.0/t/dependency/jcip-annotations-1.0.jar:/home/wtwhite/code/regression-test-generation-NON-SOURCE-EQUIV/find-diff-classes/compile/gaoss/org/apache/hadoop/hadoop-hdfs/3.4.0/t/dependency/jdk.tools-1.8.jar:/home/wtwhite/code/regression-test-generation-NON-SOURCE-EQUIV/find-diff-classes/compile/gaoss/org/apache/hadoop/hadoop-hdfs/3.4.0/t/dependency/jersey-core-1.19.4.jar:/home/wtwhite/code/regression-test-generation-NON-SOURCE-EQUIV/find-diff-classes/compile/gaoss/org/apache/hadoop/hadoop-hdfs/3.4.0/t/dependency/jersey-json-1.20.jar:/home/wtwhite/code/regression-test-generation-NON-SOURCE-EQUIV/find-diff-classes/compile/gaoss/org/apache/hadoop/hadoop-hdfs/3.4.0/t/dependency/jersey-server-1.19.4.jar:/home/wtwhite/code/regression-test-generation-NON-SOURCE-EQUIV/find-diff-classes/compile/gaoss/org/apache/hadoop/hadoop-hdfs/3.4.0/t/dependency/jersey-servlet-1.19.4.jar:/home/wtwhite/code/regression-test-generation-NON-SOURCE-EQUIV/find-diff-classes/compile/gaoss/org/apache/hadoop/hadoop-hdfs/3.4.0/t/dependency/jettison-1.5.4.jar:/home/wtwhite/code/regression-test-generation-NON-SOURCE-EQUIV/find-diff-classes/compile/gaoss/org/apache/hadoop/hadoop-hdfs/3.4.0/t/dependency/jetty-http-9.4.53.v20231009.jar:/home/wtwhite/code/regression-test-generation-NON-SOURCE-EQUIV/find-diff-classes/compile/gaoss/org/apache/hadoop/hadoop-hdfs/3.4.0/t/dependency/jetty-io-9.4.53.v20231009.jar:/home/wtwhite/code/regression-test-generation-NON-SOURCE-EQUIV/find-diff-classes/compile/gaoss/org/apache/hadoop/hadoop-hdfs/3.4.0/t/dependency/jetty-security-9.4.53.v20231009.jar:/home/wtwhite/code/regression-test-generation-NON-SOURCE-EQUIV/find-diff-classes/compile/gaoss/org/apache/hadoop/hadoop-hdfs/3.4.0/t/dependency/jetty-server-9.4.53.v20231009.jar:/home/wtwhite/code/regression-test-generation-NON-SOURCE-EQUIV/find-diff-classes/compile/gaoss/org/apache/hadoop/hadoop-hdfs/3.4.0/t/dependency/jetty-servlet-9.4.53.v20231009.jar:/home/wtwhite/code/regression-test-generation-NON-SOURCE-EQUIV/find-diff-classes/compile/gaoss/org/apache/hadoop/hadoop-hdfs/3.4.0/t/dependency/jetty-util-9.4.53.v20231009.jar:/home/wtwhite/code/regression-test-generation-NON-SOURCE-EQUIV/find-diff-classes/compile/gaoss/org/apache/hadoop/hadoop-hdfs/3.4.0/t/dependency/jetty-util-ajax-9.4.53.v20231009.jar:/home/wtwhite/code/regression-test-generation-NON-SOURCE-EQUIV/find-diff-classes/compile/gaoss/org/apache/hadoop/hadoop-hdfs/3.4.0/t/dependency/jetty-webapp-9.4.53.v20231009.jar:/home/wtwhite/code/regression-test-generation-NON-SOURCE-EQUIV/find-diff-classes/compile/gaoss/org/apache/hadoop/hadoop-hdfs/3.4.0/t/dependency/jetty-xml-9.4.53.v20231009.jar:/home/wtwhite/code/regression-test-generation-NON-SOURCE-EQUIV/find-diff-classes/compile/gaoss/org/apache/hadoop/hadoop-hdfs/3.4.0/t/dependency/jline-3.9.0.jar:/home/wtwhite/code/regression-test-generation-NON-SOURCE-EQUIV/find-diff-classes/compile/gaoss/org/apache/hadoop/hadoop-hdfs/3.4.0/t/dependency/jsch-0.1.55.jar:/home/wtwhite/code/regression-test-generation-NON-SOURCE-EQUIV/find-diff-classes/compile/gaoss/org/apache/hadoop/hadoop-hdfs/3.4.0/t/dependency/jsp-api-2.1.jar:/home/wtwhite/code/regression-test-generation-NON-SOURCE-EQUIV/find-diff-classes/compile/gaoss/org/apache/hadoop/hadoop-hdfs/3.4.0/t/dependency/jsr305-3.0.2.jar:/home/wtwhite/code/regression-test-generation-NON-SOURCE-EQUIV/find-diff-classes/compile/gaoss/org/apache/hadoop/hadoop-hdfs/3.4.0/t/dependency/jsr311-api-1.1.1.jar:/home/wtwhite/code/regression-test-generation-NON-SOURCE-EQUIV/find-diff-classes/compile/gaoss/org/apache/hadoop/hadoop-hdfs/3.4.0/t/dependency/jul-to-slf4j-1.7.36.jar:/home/wtwhite/code/regression-test-generation-NON-SOURCE-EQUIV/find-diff-classes/compile/gaoss/org/apache/hadoop/hadoop-hdfs/3.4.0/t/dependency/junit-4.13.2.jar:/home/wtwhite/code/regression-test-generation-NON-SOURCE-EQUIV/find-diff-classes/compile/gaoss/org/apache/hadoop/hadoop-hdfs/3.4.0/t/dependency/junit-jupiter-api-5.8.2.jar:/home/wtwhite/code/regression-test-generation-NON-SOURCE-EQUIV/find-diff-classes/compile/gaoss/org/apache/hadoop/hadoop-hdfs/3.4.0/t/dependency/junit-platform-commons-1.8.2.jar:/home/wtwhite/code/regression-test-generation-NON-SOURCE-EQUIV/find-diff-classes/compile/gaoss/org/apache/hadoop/hadoop-hdfs/3.4.0/t/dependency/kerb-admin-2.0.3.jar:/home/wtwhite/code/regression-test-generation-NON-SOURCE-EQUIV/find-diff-classes/compile/gaoss/org/apache/hadoop/hadoop-hdfs/3.4.0/t/dependency/kerb-client-2.0.3.jar:/home/wtwhite/code/regression-test-generation-NON-SOURCE-EQUIV/find-diff-classes/compile/gaoss/org/apache/hadoop/hadoop-hdfs/3.4.0/t/dependency/kerb-common-2.0.3.jar:/home/wtwhite/code/regression-test-generation-NON-SOURCE-EQUIV/find-diff-classes/compile/gaoss/org/apache/hadoop/hadoop-hdfs/3.4.0/t/dependency/kerb-core-2.0.3.jar:/home/wtwhite/code/regression-test-generation-NON-SOURCE-EQUIV/find-diff-classes/compile/gaoss/org/apache/hadoop/hadoop-hdfs/3.4.0/t/dependency/kerb-crypto-2.0.3.jar:/home/wtwhite/code/regression-test-generation-NON-SOURCE-EQUIV/find-diff-classes/compile/gaoss/org/apache/hadoop/hadoop-hdfs/3.4.0/t/dependency/kerb-identity-2.0.3.jar:/home/wtwhite/code/regression-test-generation-NON-SOURCE-EQUIV/find-diff-classes/compile/gaoss/org/apache/hadoop/hadoop-hdfs/3.4.0/t/dependency/kerb-server-2.0.3.jar:/home/wtwhite/code/regression-test-generation-NON-SOURCE-EQUIV/find-diff-classes/compile/gaoss/org/apache/hadoop/hadoop-hdfs/3.4.0/t/dependency/kerb-simplekdc-2.0.3.jar:/home/wtwhite/code/regression-test-generation-NON-SOURCE-EQUIV/find-diff-classes/compile/gaoss/org/apache/hadoop/hadoop-hdfs/3.4.0/t/dependency/kerb-util-2.0.3.jar:/home/wtwhite/code/regression-test-generation-NON-SOURCE-EQUIV/find-diff-classes/compile/gaoss/org/apache/hadoop/hadoop-hdfs/3.4.0/t/dependency/kerby-asn1-2.0.3.jar:/home/wtwhite/code/regression-test-generation-NON-SOURCE-EQUIV/find-diff-classes/compile/gaoss/org/apache/hadoop/hadoop-hdfs/3.4.0/t/dependency/kerby-config-2.0.3.jar:/home/wtwhite/code/regression-test-generation-NON-SOURCE-EQUIV/find-diff-classes/compile/gaoss/org/apache/hadoop/hadoop-hdfs/3.4.0/t/dependency/kerby-pkix-2.0.3.jar:/home/wtwhite/code/regression-test-generation-NON-SOURCE-EQUIV/find-diff-classes/compile/gaoss/org/apache/hadoop/hadoop-hdfs/3.4.0/t/dependency/kerby-util-2.0.3.jar:/home/wtwhite/code/regression-test-generation-NON-SOURCE-EQUIV/find-diff-classes/compile/gaoss/org/apache/hadoop/hadoop-hdfs/3.4.0/t/dependency/kerby-xdr-2.0.3.jar:/home/wtwhite/code/regression-test-generation-NON-SOURCE-EQUIV/find-diff-classes/compile/gaoss/org/apache/hadoop/hadoop-hdfs/3.4.0/t/dependency/leveldbjni-all-1.8.jar:/home/wtwhite/code/regression-test-generation-NON-SOURCE-EQUIV/find-diff-classes/compile/gaoss/org/apache/hadoop/hadoop-hdfs/3.4.0/t/dependency/listenablefuture-9999.0-empty-to-avoid-conflict-with-guava.jar:/home/wtwhite/code/regression-test-generation-NON-SOURCE-EQUIV/find-diff-classes/compile/gaoss/org/apache/hadoop/hadoop-hdfs/3.4.0/t/dependency/lz4-java-1.7.1.jar:/home/wtwhite/code/regression-test-generation-NON-SOURCE-EQUIV/find-diff-classes/compile/gaoss/org/apache/hadoop/hadoop-hdfs/3.4.0/t/dependency/metrics-core-3.2.4.jar:/home/wtwhite/code/regression-test-generation-NON-SOURCE-EQUIV/find-diff-classes/compile/gaoss/org/apache/hadoop/hadoop-hdfs/3.4.0/t/dependency/mockito-core-2.28.2.jar:/home/wtwhite/code/regression-test-generation-NON-SOURCE-EQUIV/find-diff-classes/compile/gaoss/org/apache/hadoop/hadoop-hdfs/3.4.0/t/dependency/netty-all-4.1.100.Final.jar:/home/wtwhite/code/regression-test-generation-NON-SOURCE-EQUIV/find-diff-classes/compile/gaoss/org/apache/hadoop/hadoop-hdfs/3.4.0/t/dependency/netty-buffer-4.1.100.Final.jar:/home/wtwhite/code/regression-test-generation-NON-SOURCE-EQUIV/find-diff-classes/compile/gaoss/org/apache/hadoop/hadoop-hdfs/3.4.0/t/dependency/netty-codec-4.1.100.Final.jar:/home/wtwhite/code/regression-test-generation-NON-SOURCE-EQUIV/find-diff-classes/compile/gaoss/org/apache/hadoop/hadoop-hdfs/3.4.0/t/dependency/netty-codec-dns-4.1.100.Final.jar:/home/wtwhite/code/regression-test-generation-NON-SOURCE-EQUIV/find-diff-classes/compile/gaoss/org/apache/hadoop/hadoop-hdfs/3.4.0/t/dependency/netty-codec-haproxy-4.1.100.Final.jar:/home/wtwhite/code/regression-test-generation-NON-SOURCE-EQUIV/find-diff-classes/compile/gaoss/org/apache/hadoop/hadoop-hdfs/3.4.0/t/dependency/netty-codec-http-4.1.100.Final.jar:/home/wtwhite/code/regression-test-generation-NON-SOURCE-EQUIV/find-diff-classes/compile/gaoss/org/apache/hadoop/hadoop-hdfs/3.4.0/t/dependency/netty-codec-http2-4.1.100.Final.jar:/home/wtwhite/code/regression-test-generation-NON-SOURCE-EQUIV/find-diff-classes/compile/gaoss/org/apache/hadoop/hadoop-hdfs/3.4.0/t/dependency/netty-codec-memcache-4.1.100.Final.jar:/home/wtwhite/code/regression-test-generation-NON-SOURCE-EQUIV/find-diff-classes/compile/gaoss/org/apache/hadoop/hadoop-hdfs/3.4.0/t/dependency/netty-codec-mqtt-4.1.100.Final.jar:/home/wtwhite/code/regression-test-generation-NON-SOURCE-EQUIV/find-diff-classes/compile/gaoss/org/apache/hadoop/hadoop-hdfs/3.4.0/t/dependency/netty-codec-redis-4.1.100.Final.jar:/home/wtwhite/code/regression-test-generation-NON-SOURCE-EQUIV/find-diff-classes/compile/gaoss/org/apache/hadoop/hadoop-hdfs/3.4.0/t/dependency/netty-codec-smtp-4.1.100.Final.jar:/home/wtwhite/code/regression-test-generation-NON-SOURCE-EQUIV/find-diff-classes/compile/gaoss/org/apache/hadoop/hadoop-hdfs/3.4.0/t/dependency/netty-codec-socks-4.1.100.Final.jar:/home/wtwhite/code/regression-test-generation-NON-SOURCE-EQUIV/find-diff-classes/compile/gaoss/org/apache/hadoop/hadoop-hdfs/3.4.0/t/dependency/netty-codec-stomp-4.1.100.Final.jar:/home/wtwhite/code/regression-test-generation-NON-SOURCE-EQUIV/find-diff-classes/compile/gaoss/org/apache/hadoop/hadoop-hdfs/3.4.0/t/dependency/netty-codec-xml-4.1.100.Final.jar:/home/wtwhite/code/regression-test-generation-NON-SOURCE-EQUIV/find-diff-classes/compile/gaoss/org/apache/hadoop/hadoop-hdfs/3.4.0/t/dependency/netty-common-4.1.100.Final.jar:/home/wtwhite/code/regression-test-generation-NON-SOURCE-EQUIV/find-diff-classes/compile/gaoss/org/apache/hadoop/hadoop-hdfs/3.4.0/t/dependency/netty-handler-4.1.100.Final.jar:/home/wtwhite/code/regression-test-generation-NON-SOURCE-EQUIV/find-diff-classes/compile/gaoss/org/apache/hadoop/hadoop-hdfs/3.4.0/t/dependency/netty-handler-proxy-4.1.100.Final.jar:/home/wtwhite/code/regression-test-generation-NON-SOURCE-EQUIV/find-diff-classes/compile/gaoss/org/apache/hadoop/hadoop-hdfs/3.4.0/t/dependency/netty-handler-ssl-ocsp-4.1.100.Final.jar:/home/wtwhite/code/regression-test-generation-NON-SOURCE-EQUIV/find-diff-classes/compile/gaoss/org/apache/hadoop/hadoop-hdfs/3.4.0/t/dependency/netty-resolver-4.1.100.Final.jar:/home/wtwhite/code/regression-test-generation-NON-SOURCE-EQUIV/find-diff-classes/compile/gaoss/org/apache/hadoop/hadoop-hdfs/3.4.0/t/dependency/netty-resolver-dns-4.1.100.Final.jar:/home/wtwhite/code/regression-test-generation-NON-SOURCE-EQUIV/find-diff-classes/compile/gaoss/org/apache/hadoop/hadoop-hdfs/3.4.0/t/dependency/netty-resolver-dns-classes-macos-4.1.100.Final.jar:/home/wtwhite/code/regression-test-generation-NON-SOURCE-EQUIV/find-diff-classes/compile/gaoss/org/apache/hadoop/hadoop-hdfs/3.4.0/t/dependency/netty-resolver-dns-native-macos-4.1.100.Final-osx-aarch_64.jar:/home/wtwhite/code/regression-test-generation-NON-SOURCE-EQUIV/find-diff-classes/compile/gaoss/org/apache/hadoop/hadoop-hdfs/3.4.0/t/dependency/netty-resolver-dns-native-macos-4.1.100.Final-osx-x86_64.jar:/home/wtwhite/code/regression-test-generation-NON-SOURCE-EQUIV/find-diff-classes/compile/gaoss/org/apache/hadoop/hadoop-hdfs/3.4.0/t/dependency/netty-transport-4.1.100.Final.jar:/home/wtwhite/code/regression-test-generation-NON-SOURCE-EQUIV/find-diff-classes/compile/gaoss/org/apache/hadoop/hadoop-hdfs/3.4.0/t/dependency/netty-transport-classes-epoll-4.1.100.Final.jar:/home/wtwhite/code/regression-test-generation-NON-SOURCE-EQUIV/find-diff-classes/compile/gaoss/org/apache/hadoop/hadoop-hdfs/3.4.0/t/dependency/netty-transport-classes-kqueue-4.1.100.Final.jar:/home/wtwhite/code/regression-test-generation-NON-SOURCE-EQUIV/find-diff-classes/compile/gaoss/org/apache/hadoop/hadoop-hdfs/3.4.0/t/dependency/netty-transport-native-epoll-4.1.100.Final-linux-aarch_64.jar:/home/wtwhite/code/regression-test-generation-NON-SOURCE-EQUIV/find-diff-classes/compile/gaoss/org/apache/hadoop/hadoop-hdfs/3.4.0/t/dependency/netty-transport-native-epoll-4.1.100.Final-linux-x86_64.jar:/home/wtwhite/code/regression-test-generation-NON-SOURCE-EQUIV/find-diff-classes/compile/gaoss/org/apache/hadoop/hadoop-hdfs/3.4.0/t/dependency/netty-transport-native-epoll-4.1.100.Final.jar:/home/wtwhite/code/regression-test-generation-NON-SOURCE-EQUIV/find-diff-classes/compile/gaoss/org/apache/hadoop/hadoop-hdfs/3.4.0/t/dependency/netty-transport-native-kqueue-4.1.100.Final-osx-aarch_64.jar:/home/wtwhite/code/regression-test-generation-NON-SOURCE-EQUIV/find-diff-classes/compile/gaoss/org/apache/hadoop/hadoop-hdfs/3.4.0/t/dependency/netty-transport-native-kqueue-4.1.100.Final-osx-x86_64.jar:/home/wtwhite/code/regression-test-generation-NON-SOURCE-EQUIV/find-diff-classes/compile/gaoss/org/apache/hadoop/hadoop-hdfs/3.4.0/t/dependency/netty-transport-native-unix-common-4.1.100.Final.jar:/home/wtwhite/code/regression-test-generation-NON-SOURCE-EQUIV/find-diff-classes/compile/gaoss/org/apache/hadoop/hadoop-hdfs/3.4.0/t/dependency/netty-transport-rxtx-4.1.100.Final.jar:/home/wtwhite/code/regression-test-generation-NON-SOURCE-EQUIV/find-diff-classes/compile/gaoss/org/apache/hadoop/hadoop-hdfs/3.4.0/t/dependency/netty-transport-sctp-4.1.100.Final.jar:/home/wtwhite/code/regression-test-generation-NON-SOURCE-EQUIV/find-diff-classes/compile/gaoss/org/apache/hadoop/hadoop-hdfs/3.4.0/t/dependency/netty-transport-udt-4.1.100.Final.jar:/home/wtwhite/code/regression-test-generation-NON-SOURCE-EQUIV/find-diff-classes/compile/gaoss/org/apache/hadoop/hadoop-hdfs/3.4.0/t/dependency/nimbus-jose-jwt-9.31.jar:/home/wtwhite/code/regression-test-generation-NON-SOURCE-EQUIV/find-diff-classes/compile/gaoss/org/apache/hadoop/hadoop-hdfs/3.4.0/t/dependency/objenesis-2.6.jar:/home/wtwhite/code/regression-test-generation-NON-SOURCE-EQUIV/find-diff-classes/compile/gaoss/org/apache/hadoop/hadoop-hdfs/3.4.0/t/dependency/opentest4j-1.2.0.jar:/home/wtwhite/code/regression-test-generation-NON-SOURCE-EQUIV/find-diff-classes/compile/gaoss/org/apache/hadoop/hadoop-hdfs/3.4.0/t/dependency/protobuf-java-2.5.0.jar:/home/wtwhite/code/regression-test-generation-NON-SOURCE-EQUIV/find-diff-classes/compile/gaoss/org/apache/hadoop/hadoop-hdfs/3.4.0/t/dependency/re2j-1.1.jar:/home/wtwhite/code/regression-test-generation-NON-SOURCE-EQUIV/find-diff-classes/compile/gaoss/org/apache/hadoop/hadoop-hdfs/3.4.0/t/dependency/reload4j-1.2.22.jar:/home/wtwhite/code/regression-test-generation-NON-SOURCE-EQUIV/find-diff-classes/compile/gaoss/org/apache/hadoop/hadoop-hdfs/3.4.0/t/dependency/slf4j-api-1.7.36.jar:/home/wtwhite/code/regression-test-generation-NON-SOURCE-EQUIV/find-diff-classes/compile/gaoss/org/apache/hadoop/hadoop-hdfs/3.4.0/t/dependency/slf4j-reload4j-1.7.36.jar:/home/wtwhite/code/regression-test-generation-NON-SOURCE-EQUIV/find-diff-classes/compile/gaoss/org/apache/hadoop/hadoop-hdfs/3.4.0/t/dependency/snappy-java-1.1.10.4.jar:/home/wtwhite/code/regression-test-generation-NON-SOURCE-EQUIV/find-diff-classes/compile/gaoss/org/apache/hadoop/hadoop-hdfs/3.4.0/t/dependency/stax2-api-4.2.1.jar:/home/wtwhite/code/regression-test-generation-NON-SOURCE-EQUIV/find-diff-classes/compile/gaoss/org/apache/hadoop/hadoop-hdfs/3.4.0/t/dependency/token-provider-2.0.3.jar:/home/wtwhite/code/regression-test-generation-NON-SOURCE-EQUIV/find-diff-classes/compile/gaoss/org/apache/hadoop/hadoop-hdfs/3.4.0/t/dependency/woodstox-core-5.4.0.jar:/home/wtwhite/code/regression-test-generation-NON-SOURCE-EQUIV/find-diff-classes/compile/gaoss/org/apache/hadoop/hadoop-hdfs/3.4.0/t/dependency/zookeeper-3.8.3-tests.jar:/home/wtwhite/code/regression-test-generation-NON-SOURCE-EQUIV/find-diff-classes/compile/gaoss/org/apache/hadoop/hadoop-hdfs/3.4.0/t/dependency/zookeeper-3.8.3.jar:/home/wtwhite/code/regression-test-generation-NON-SOURCE-EQUIV/find-diff-classes/compile/gaoss/org/apache/hadoop/hadoop-hdfs/3.4.0/t/dependency/zookeeper-jute-3.8.3.jar:/home/wtwhite/code/regression-test-generation/evosuite/evosuite-standalone-runtime-1.2.0.jar:/home/wtwhite/.m2/repository/junit/junit/4.13.2/junit-4.13.2.jar:/home/wtwhite/.m2/repository/org/hamcrest/hamcrest-core/1.3/hamcrest-core-1.3.jar:"/>
    <property name="java.vm.vendor" value="Private Build"/>
    <property name="sun.arch.data.model" value="64"/>
    <property name="java.vendor.url" value="http://java.oracle.com/"/>
    <property name="user.timezone" value="Pacific/Auckland"/>
    <property name="java.vm.specification.version" value="1.8"/>
    <property name="os.name" value="Linux"/>
    <property name="RUNDIR" value="/home/wtwhite/code/regression-test-generation-NON-SOURCE-EQUIV/find-diff-classes/run-mvn"/>
    <property name="user.country" value="NZ"/>
    <property name="sun.java.launcher" value="SUN_STANDARD"/>
    <property name="sun.boot.library.path" value="/usr/lib/jvm/java-8-openjdk-amd64/jre/lib/amd64"/>
    <property name="sun.java.command" value="/home/wtwhite/code/regression-test-generation-NON-SOURCE-EQUIV/find-diff-classes/compile/gaoss/org/apache/hadoop/hadoop-hdfs/3.4.0/target/surefire/surefirebooter-20241112134217976_3.jar /home/wtwhite/code/regression-test-generation-NON-SOURCE-EQUIV/find-diff-classes/compile/gaoss/org/apache/hadoop/hadoop-hdfs/3.4.0/target/surefire 2024-11-12T13-42-17_849-jvmRun1 surefire-20241112134217976_1tmp surefire_0-20241112134217976_2tmp"/>
    <property name="surefire.test.class.path" value="/home/wtwhite/code/regression-test-generation-NON-SOURCE-EQUIV/find-diff-classes/compile/gaoss/org/apache/hadoop/hadoop-hdfs/3.4.0/target/test-classes:/home/wtwhite/code/regression-test-generation-NON-SOURCE-EQUIV/find-diff-classes/compile/gaoss/org/apache/hadoop/hadoop-hdfs/3.4.0/target/classes:/home/wtwhite/code/craw-redhat-oss/wget/crawl/google-aoss/org/apache/hadoop/hadoop-hdfs/3.4.0/hadoop-hdfs-3.4.0.jar:/home/wtwhite/code/regression-test-generation-NON-SOURCE-EQUIV/find-diff-classes/compile/gaoss/org/apache/hadoop/hadoop-hdfs/3.4.0/t/dependency/AppleJavaExtensions-1.4.jar:/home/wtwhite/code/regression-test-generation-NON-SOURCE-EQUIV/find-diff-classes/compile/gaoss/org/apache/hadoop/hadoop-hdfs/3.4.0/t/dependency/animal-sniffer-annotations-1.17.jar:/home/wtwhite/code/regression-test-generation-NON-SOURCE-EQUIV/find-diff-classes/compile/gaoss/org/apache/hadoop/hadoop-hdfs/3.4.0/t/dependency/apiguardian-api-1.1.2.jar:/home/wtwhite/code/regression-test-generation-NON-SOURCE-EQUIV/find-diff-classes/compile/gaoss/org/apache/hadoop/hadoop-hdfs/3.4.0/t/dependency/asm-5.0.4.jar:/home/wtwhite/code/regression-test-generation-NON-SOURCE-EQUIV/find-diff-classes/compile/gaoss/org/apache/hadoop/hadoop-hdfs/3.4.0/t/dependency/asm-commons-5.0.2.jar:/home/wtwhite/code/regression-test-generation-NON-SOURCE-EQUIV/find-diff-classes/compile/gaoss/org/apache/hadoop/hadoop-hdfs/3.4.0/t/dependency/asm-debug-all-5.0.2.jar:/home/wtwhite/code/regression-test-generation-NON-SOURCE-EQUIV/find-diff-classes/compile/gaoss/org/apache/hadoop/hadoop-hdfs/3.4.0/t/dependency/asm-tree-5.0.2.jar:/home/wtwhite/code/regression-test-generation-NON-SOURCE-EQUIV/find-diff-classes/compile/gaoss/org/apache/hadoop/hadoop-hdfs/3.4.0/t/dependency/assertj-core-3.12.2.jar:/home/wtwhite/code/regression-test-generation-NON-SOURCE-EQUIV/find-diff-classes/compile/gaoss/org/apache/hadoop/hadoop-hdfs/3.4.0/t/dependency/audience-annotations-0.12.0.jar:/home/wtwhite/code/regression-test-generation-NON-SOURCE-EQUIV/find-diff-classes/compile/gaoss/org/apache/hadoop/hadoop-hdfs/3.4.0/t/dependency/avro-1.9.2.jar:/home/wtwhite/code/regression-test-generation-NON-SOURCE-EQUIV/find-diff-classes/compile/gaoss/org/apache/hadoop/hadoop-hdfs/3.4.0/t/dependency/bcel-findbugs-6.0.jar:/home/wtwhite/code/regression-test-generation-NON-SOURCE-EQUIV/find-diff-classes/compile/gaoss/org/apache/hadoop/hadoop-hdfs/3.4.0/t/dependency/bcprov-jdk15on-1.70.jar:/home/wtwhite/code/regression-test-generation-NON-SOURCE-EQUIV/find-diff-classes/compile/gaoss/org/apache/hadoop/hadoop-hdfs/3.4.0/t/dependency/byte-buddy-1.9.10.jar:/home/wtwhite/code/regression-test-generation-NON-SOURCE-EQUIV/find-diff-classes/compile/gaoss/org/apache/hadoop/hadoop-hdfs/3.4.0/t/dependency/byte-buddy-agent-1.9.10.jar:/home/wtwhite/code/regression-test-generation-NON-SOURCE-EQUIV/find-diff-classes/compile/gaoss/org/apache/hadoop/hadoop-hdfs/3.4.0/t/dependency/checker-qual-2.5.2.jar:/home/wtwhite/code/regression-test-generation-NON-SOURCE-EQUIV/find-diff-classes/compile/gaoss/org/apache/hadoop/hadoop-hdfs/3.4.0/t/dependency/commons-beanutils-1.9.4.jar:/home/wtwhite/code/regression-test-generation-NON-SOURCE-EQUIV/find-diff-classes/compile/gaoss/org/apache/hadoop/hadoop-hdfs/3.4.0/t/dependency/commons-cli-1.5.0.jar:/home/wtwhite/code/regression-test-generation-NON-SOURCE-EQUIV/find-diff-classes/compile/gaoss/org/apache/hadoop/hadoop-hdfs/3.4.0/t/dependency/commons-codec-1.15.jar:/home/wtwhite/code/regression-test-generation-NON-SOURCE-EQUIV/find-diff-classes/compile/gaoss/org/apache/hadoop/hadoop-hdfs/3.4.0/t/dependency/commons-collections-3.2.2.jar:/home/wtwhite/code/regression-test-generation-NON-SOURCE-EQUIV/find-diff-classes/compile/gaoss/org/apache/hadoop/hadoop-hdfs/3.4.0/t/dependency/commons-compress-1.24.0.jar:/home/wtwhite/code/regression-test-generation-NON-SOURCE-EQUIV/find-diff-classes/compile/gaoss/org/apache/hadoop/hadoop-hdfs/3.4.0/t/dependency/commons-configuration2-2.8.0.jar:/home/wtwhite/code/regression-test-generation-NON-SOURCE-EQUIV/find-diff-classes/compile/gaoss/org/apache/hadoop/hadoop-hdfs/3.4.0/t/dependency/commons-daemon-1.0.13.jar:/home/wtwhite/code/regression-test-generation-NON-SOURCE-EQUIV/find-diff-classes/compile/gaoss/org/apache/hadoop/hadoop-hdfs/3.4.0/t/dependency/commons-io-2.14.0.jar:/home/wtwhite/code/regression-test-generation-NON-SOURCE-EQUIV/find-diff-classes/compile/gaoss/org/apache/hadoop/hadoop-hdfs/3.4.0/t/dependency/commons-lang-2.6.jar:/home/wtwhite/code/regression-test-generation-NON-SOURCE-EQUIV/find-diff-classes/compile/gaoss/org/apache/hadoop/hadoop-hdfs/3.4.0/t/dependency/commons-lang3-3.12.0.jar:/home/wtwhite/code/regression-test-generation-NON-SOURCE-EQUIV/find-diff-classes/compile/gaoss/org/apache/hadoop/hadoop-hdfs/3.4.0/t/dependency/commons-logging-1.2.jar:/home/wtwhite/code/regression-test-generation-NON-SOURCE-EQUIV/find-diff-classes/compile/gaoss/org/apache/hadoop/hadoop-hdfs/3.4.0/t/dependency/commons-math3-3.6.1.jar:/home/wtwhite/code/regression-test-generation-NON-SOURCE-EQUIV/find-diff-classes/compile/gaoss/org/apache/hadoop/hadoop-hdfs/3.4.0/t/dependency/commons-net-3.9.0.jar:/home/wtwhite/code/regression-test-generation-NON-SOURCE-EQUIV/find-diff-classes/compile/gaoss/org/apache/hadoop/hadoop-hdfs/3.4.0/t/dependency/commons-text-1.10.0.jar:/home/wtwhite/code/regression-test-generation-NON-SOURCE-EQUIV/find-diff-classes/compile/gaoss/org/apache/hadoop/hadoop-hdfs/3.4.0/t/dependency/curator-client-5.2.0.jar:/home/wtwhite/code/regression-test-generation-NON-SOURCE-EQUIV/find-diff-classes/compile/gaoss/org/apache/hadoop/hadoop-hdfs/3.4.0/t/dependency/curator-framework-5.2.0.jar:/home/wtwhite/code/regression-test-generation-NON-SOURCE-EQUIV/find-diff-classes/compile/gaoss/org/apache/hadoop/hadoop-hdfs/3.4.0/t/dependency/curator-recipes-5.2.0.jar:/home/wtwhite/code/regression-test-generation-NON-SOURCE-EQUIV/find-diff-classes/compile/gaoss/org/apache/hadoop/hadoop-hdfs/3.4.0/t/dependency/curator-test-5.2.0.jar:/home/wtwhite/code/regression-test-generation-NON-SOURCE-EQUIV/find-diff-classes/compile/gaoss/org/apache/hadoop/hadoop-hdfs/3.4.0/t/dependency/dnsjava-3.4.0.jar:/home/wtwhite/code/regression-test-generation-NON-SOURCE-EQUIV/find-diff-classes/compile/gaoss/org/apache/hadoop/hadoop-hdfs/3.4.0/t/dependency/dom4j-1.6.1.jar:/home/wtwhite/code/regression-test-generation-NON-SOURCE-EQUIV/find-diff-classes/compile/gaoss/org/apache/hadoop/hadoop-hdfs/3.4.0/t/dependency/failureaccess-1.0.jar:/home/wtwhite/code/regression-test-generation-NON-SOURCE-EQUIV/find-diff-classes/compile/gaoss/org/apache/hadoop/hadoop-hdfs/3.4.0/t/dependency/findbugs-3.0.1.jar:/home/wtwhite/code/regression-test-generation-NON-SOURCE-EQUIV/find-diff-classes/compile/gaoss/org/apache/hadoop/hadoop-hdfs/3.4.0/t/dependency/gson-2.9.0.jar:/home/wtwhite/code/regression-test-generation-NON-SOURCE-EQUIV/find-diff-classes/compile/gaoss/org/apache/hadoop/hadoop-hdfs/3.4.0/t/dependency/guava-27.0-jre.jar:/home/wtwhite/code/regression-test-generation-NON-SOURCE-EQUIV/find-diff-classes/compile/gaoss/org/apache/hadoop/hadoop-hdfs/3.4.0/t/dependency/hadoop-annotations-3.4.0.jar:/home/wtwhite/code/regression-test-generation-NON-SOURCE-EQUIV/find-diff-classes/compile/gaoss/org/apache/hadoop/hadoop-hdfs/3.4.0/t/dependency/hadoop-auth-3.4.0.jar:/home/wtwhite/code/regression-test-generation-NON-SOURCE-EQUIV/find-diff-classes/compile/gaoss/org/apache/hadoop/hadoop-hdfs/3.4.0/t/dependency/hadoop-common-3.4.0-tests.jar:/home/wtwhite/code/regression-test-generation-NON-SOURCE-EQUIV/find-diff-classes/compile/gaoss/org/apache/hadoop/hadoop-hdfs/3.4.0/t/dependency/hadoop-common-3.4.0.jar:/home/wtwhite/code/regression-test-generation-NON-SOURCE-EQUIV/find-diff-classes/compile/gaoss/org/apache/hadoop/hadoop-hdfs/3.4.0/t/dependency/hadoop-hdfs-client-3.4.0.jar:/home/wtwhite/code/regression-test-generation-NON-SOURCE-EQUIV/find-diff-classes/compile/gaoss/org/apache/hadoop/hadoop-hdfs/3.4.0/t/dependency/hadoop-kms-3.4.0-tests.jar:/home/wtwhite/code/regression-test-generation-NON-SOURCE-EQUIV/find-diff-classes/compile/gaoss/org/apache/hadoop/hadoop-hdfs/3.4.0/t/dependency/hadoop-kms-3.4.0.jar:/home/wtwhite/code/regression-test-generation-NON-SOURCE-EQUIV/find-diff-classes/compile/gaoss/org/apache/hadoop/hadoop-hdfs/3.4.0/t/dependency/hadoop-minikdc-3.4.0.jar:/home/wtwhite/code/regression-test-generation-NON-SOURCE-EQUIV/find-diff-classes/compile/gaoss/org/apache/hadoop/hadoop-hdfs/3.4.0/t/dependency/hadoop-shaded-guava-1.2.0.jar:/home/wtwhite/code/regression-test-generation-NON-SOURCE-EQUIV/find-diff-classes/compile/gaoss/org/apache/hadoop/hadoop-hdfs/3.4.0/t/dependency/hadoop-shaded-protobuf_3_21-1.2.0.jar:/home/wtwhite/code/regression-test-generation-NON-SOURCE-EQUIV/find-diff-classes/compile/gaoss/org/apache/hadoop/hadoop-hdfs/3.4.0/t/dependency/hamcrest-core-1.3.jar:/home/wtwhite/code/regression-test-generation-NON-SOURCE-EQUIV/find-diff-classes/compile/gaoss/org/apache/hadoop/hadoop-hdfs/3.4.0/t/dependency/httpclient-4.5.13.jar:/home/wtwhite/code/regression-test-generation-NON-SOURCE-EQUIV/find-diff-classes/compile/gaoss/org/apache/hadoop/hadoop-hdfs/3.4.0/t/dependency/httpcore-4.4.13.jar:/home/wtwhite/code/regression-test-generation-NON-SOURCE-EQUIV/find-diff-classes/compile/gaoss/org/apache/hadoop/hadoop-hdfs/3.4.0/t/dependency/j2objc-annotations-1.1.jar:/home/wtwhite/code/regression-test-generation-NON-SOURCE-EQUIV/find-diff-classes/compile/gaoss/org/apache/hadoop/hadoop-hdfs/3.4.0/t/dependency/jFormatString-2.0.1.jar:/home/wtwhite/code/regression-test-generation-NON-SOURCE-EQUIV/find-diff-classes/compile/gaoss/org/apache/hadoop/hadoop-hdfs/3.4.0/t/dependency/jackson-annotations-2.12.7.jar:/home/wtwhite/code/regression-test-generation-NON-SOURCE-EQUIV/find-diff-classes/compile/gaoss/org/apache/hadoop/hadoop-hdfs/3.4.0/t/dependency/jackson-core-2.12.7.jar:/home/wtwhite/code/regression-test-generation-NON-SOURCE-EQUIV/find-diff-classes/compile/gaoss/org/apache/hadoop/hadoop-hdfs/3.4.0/t/dependency/jackson-databind-2.12.7.1.jar:/home/wtwhite/code/regression-test-generation-NON-SOURCE-EQUIV/find-diff-classes/compile/gaoss/org/apache/hadoop/hadoop-hdfs/3.4.0/t/dependency/jakarta.activation-api-1.2.1.jar:/home/wtwhite/code/regression-test-generation-NON-SOURCE-EQUIV/find-diff-classes/compile/gaoss/org/apache/hadoop/hadoop-hdfs/3.4.0/t/dependency/javax.servlet-api-3.1.0.jar:/home/wtwhite/code/regression-test-generation-NON-SOURCE-EQUIV/find-diff-classes/compile/gaoss/org/apache/hadoop/hadoop-hdfs/3.4.0/t/dependency/jaxb-api-2.2.11.jar:/home/wtwhite/code/regression-test-generation-NON-SOURCE-EQUIV/find-diff-classes/compile/gaoss/org/apache/hadoop/hadoop-hdfs/3.4.0/t/dependency/jaxb-impl-2.2.3-1.jar:/home/wtwhite/code/regression-test-generation-NON-SOURCE-EQUIV/find-diff-classes/compile/gaoss/org/apache/hadoop/hadoop-hdfs/3.4.0/t/dependency/jaxen-1.1.6.jar:/home/wtwhite/code/regression-test-generation-NON-SOURCE-EQUIV/find-diff-classes/compile/gaoss/org/apache/hadoop/hadoop-hdfs/3.4.0/t/dependency/jcip-annotations-1.0-1.jar:/home/wtwhite/code/regression-test-generation-NON-SOURCE-EQUIV/find-diff-classes/compile/gaoss/org/apache/hadoop/hadoop-hdfs/3.4.0/t/dependency/jcip-annotations-1.0.jar:/home/wtwhite/code/regression-test-generation-NON-SOURCE-EQUIV/find-diff-classes/compile/gaoss/org/apache/hadoop/hadoop-hdfs/3.4.0/t/dependency/jdk.tools-1.8.jar:/home/wtwhite/code/regression-test-generation-NON-SOURCE-EQUIV/find-diff-classes/compile/gaoss/org/apache/hadoop/hadoop-hdfs/3.4.0/t/dependency/jersey-core-1.19.4.jar:/home/wtwhite/code/regression-test-generation-NON-SOURCE-EQUIV/find-diff-classes/compile/gaoss/org/apache/hadoop/hadoop-hdfs/3.4.0/t/dependency/jersey-json-1.20.jar:/home/wtwhite/code/regression-test-generation-NON-SOURCE-EQUIV/find-diff-classes/compile/gaoss/org/apache/hadoop/hadoop-hdfs/3.4.0/t/dependency/jersey-server-1.19.4.jar:/home/wtwhite/code/regression-test-generation-NON-SOURCE-EQUIV/find-diff-classes/compile/gaoss/org/apache/hadoop/hadoop-hdfs/3.4.0/t/dependency/jersey-servlet-1.19.4.jar:/home/wtwhite/code/regression-test-generation-NON-SOURCE-EQUIV/find-diff-classes/compile/gaoss/org/apache/hadoop/hadoop-hdfs/3.4.0/t/dependency/jettison-1.5.4.jar:/home/wtwhite/code/regression-test-generation-NON-SOURCE-EQUIV/find-diff-classes/compile/gaoss/org/apache/hadoop/hadoop-hdfs/3.4.0/t/dependency/jetty-http-9.4.53.v20231009.jar:/home/wtwhite/code/regression-test-generation-NON-SOURCE-EQUIV/find-diff-classes/compile/gaoss/org/apache/hadoop/hadoop-hdfs/3.4.0/t/dependency/jetty-io-9.4.53.v20231009.jar:/home/wtwhite/code/regression-test-generation-NON-SOURCE-EQUIV/find-diff-classes/compile/gaoss/org/apache/hadoop/hadoop-hdfs/3.4.0/t/dependency/jetty-security-9.4.53.v20231009.jar:/home/wtwhite/code/regression-test-generation-NON-SOURCE-EQUIV/find-diff-classes/compile/gaoss/org/apache/hadoop/hadoop-hdfs/3.4.0/t/dependency/jetty-server-9.4.53.v20231009.jar:/home/wtwhite/code/regression-test-generation-NON-SOURCE-EQUIV/find-diff-classes/compile/gaoss/org/apache/hadoop/hadoop-hdfs/3.4.0/t/dependency/jetty-servlet-9.4.53.v20231009.jar:/home/wtwhite/code/regression-test-generation-NON-SOURCE-EQUIV/find-diff-classes/compile/gaoss/org/apache/hadoop/hadoop-hdfs/3.4.0/t/dependency/jetty-util-9.4.53.v20231009.jar:/home/wtwhite/code/regression-test-generation-NON-SOURCE-EQUIV/find-diff-classes/compile/gaoss/org/apache/hadoop/hadoop-hdfs/3.4.0/t/dependency/jetty-util-ajax-9.4.53.v20231009.jar:/home/wtwhite/code/regression-test-generation-NON-SOURCE-EQUIV/find-diff-classes/compile/gaoss/org/apache/hadoop/hadoop-hdfs/3.4.0/t/dependency/jetty-webapp-9.4.53.v20231009.jar:/home/wtwhite/code/regression-test-generation-NON-SOURCE-EQUIV/find-diff-classes/compile/gaoss/org/apache/hadoop/hadoop-hdfs/3.4.0/t/dependency/jetty-xml-9.4.53.v20231009.jar:/home/wtwhite/code/regression-test-generation-NON-SOURCE-EQUIV/find-diff-classes/compile/gaoss/org/apache/hadoop/hadoop-hdfs/3.4.0/t/dependency/jline-3.9.0.jar:/home/wtwhite/code/regression-test-generation-NON-SOURCE-EQUIV/find-diff-classes/compile/gaoss/org/apache/hadoop/hadoop-hdfs/3.4.0/t/dependency/jsch-0.1.55.jar:/home/wtwhite/code/regression-test-generation-NON-SOURCE-EQUIV/find-diff-classes/compile/gaoss/org/apache/hadoop/hadoop-hdfs/3.4.0/t/dependency/jsp-api-2.1.jar:/home/wtwhite/code/regression-test-generation-NON-SOURCE-EQUIV/find-diff-classes/compile/gaoss/org/apache/hadoop/hadoop-hdfs/3.4.0/t/dependency/jsr305-3.0.2.jar:/home/wtwhite/code/regression-test-generation-NON-SOURCE-EQUIV/find-diff-classes/compile/gaoss/org/apache/hadoop/hadoop-hdfs/3.4.0/t/dependency/jsr311-api-1.1.1.jar:/home/wtwhite/code/regression-test-generation-NON-SOURCE-EQUIV/find-diff-classes/compile/gaoss/org/apache/hadoop/hadoop-hdfs/3.4.0/t/dependency/jul-to-slf4j-1.7.36.jar:/home/wtwhite/code/regression-test-generation-NON-SOURCE-EQUIV/find-diff-classes/compile/gaoss/org/apache/hadoop/hadoop-hdfs/3.4.0/t/dependency/junit-4.13.2.jar:/home/wtwhite/code/regression-test-generation-NON-SOURCE-EQUIV/find-diff-classes/compile/gaoss/org/apache/hadoop/hadoop-hdfs/3.4.0/t/dependency/junit-jupiter-api-5.8.2.jar:/home/wtwhite/code/regression-test-generation-NON-SOURCE-EQUIV/find-diff-classes/compile/gaoss/org/apache/hadoop/hadoop-hdfs/3.4.0/t/dependency/junit-platform-commons-1.8.2.jar:/home/wtwhite/code/regression-test-generation-NON-SOURCE-EQUIV/find-diff-classes/compile/gaoss/org/apache/hadoop/hadoop-hdfs/3.4.0/t/dependency/kerb-admin-2.0.3.jar:/home/wtwhite/code/regression-test-generation-NON-SOURCE-EQUIV/find-diff-classes/compile/gaoss/org/apache/hadoop/hadoop-hdfs/3.4.0/t/dependency/kerb-client-2.0.3.jar:/home/wtwhite/code/regression-test-generation-NON-SOURCE-EQUIV/find-diff-classes/compile/gaoss/org/apache/hadoop/hadoop-hdfs/3.4.0/t/dependency/kerb-common-2.0.3.jar:/home/wtwhite/code/regression-test-generation-NON-SOURCE-EQUIV/find-diff-classes/compile/gaoss/org/apache/hadoop/hadoop-hdfs/3.4.0/t/dependency/kerb-core-2.0.3.jar:/home/wtwhite/code/regression-test-generation-NON-SOURCE-EQUIV/find-diff-classes/compile/gaoss/org/apache/hadoop/hadoop-hdfs/3.4.0/t/dependency/kerb-crypto-2.0.3.jar:/home/wtwhite/code/regression-test-generation-NON-SOURCE-EQUIV/find-diff-classes/compile/gaoss/org/apache/hadoop/hadoop-hdfs/3.4.0/t/dependency/kerb-identity-2.0.3.jar:/home/wtwhite/code/regression-test-generation-NON-SOURCE-EQUIV/find-diff-classes/compile/gaoss/org/apache/hadoop/hadoop-hdfs/3.4.0/t/dependency/kerb-server-2.0.3.jar:/home/wtwhite/code/regression-test-generation-NON-SOURCE-EQUIV/find-diff-classes/compile/gaoss/org/apache/hadoop/hadoop-hdfs/3.4.0/t/dependency/kerb-simplekdc-2.0.3.jar:/home/wtwhite/code/regression-test-generation-NON-SOURCE-EQUIV/find-diff-classes/compile/gaoss/org/apache/hadoop/hadoop-hdfs/3.4.0/t/dependency/kerb-util-2.0.3.jar:/home/wtwhite/code/regression-test-generation-NON-SOURCE-EQUIV/find-diff-classes/compile/gaoss/org/apache/hadoop/hadoop-hdfs/3.4.0/t/dependency/kerby-asn1-2.0.3.jar:/home/wtwhite/code/regression-test-generation-NON-SOURCE-EQUIV/find-diff-classes/compile/gaoss/org/apache/hadoop/hadoop-hdfs/3.4.0/t/dependency/kerby-config-2.0.3.jar:/home/wtwhite/code/regression-test-generation-NON-SOURCE-EQUIV/find-diff-classes/compile/gaoss/org/apache/hadoop/hadoop-hdfs/3.4.0/t/dependency/kerby-pkix-2.0.3.jar:/home/wtwhite/code/regression-test-generation-NON-SOURCE-EQUIV/find-diff-classes/compile/gaoss/org/apache/hadoop/hadoop-hdfs/3.4.0/t/dependency/kerby-util-2.0.3.jar:/home/wtwhite/code/regression-test-generation-NON-SOURCE-EQUIV/find-diff-classes/compile/gaoss/org/apache/hadoop/hadoop-hdfs/3.4.0/t/dependency/kerby-xdr-2.0.3.jar:/home/wtwhite/code/regression-test-generation-NON-SOURCE-EQUIV/find-diff-classes/compile/gaoss/org/apache/hadoop/hadoop-hdfs/3.4.0/t/dependency/leveldbjni-all-1.8.jar:/home/wtwhite/code/regression-test-generation-NON-SOURCE-EQUIV/find-diff-classes/compile/gaoss/org/apache/hadoop/hadoop-hdfs/3.4.0/t/dependency/listenablefuture-9999.0-empty-to-avoid-conflict-with-guava.jar:/home/wtwhite/code/regression-test-generation-NON-SOURCE-EQUIV/find-diff-classes/compile/gaoss/org/apache/hadoop/hadoop-hdfs/3.4.0/t/dependency/lz4-java-1.7.1.jar:/home/wtwhite/code/regression-test-generation-NON-SOURCE-EQUIV/find-diff-classes/compile/gaoss/org/apache/hadoop/hadoop-hdfs/3.4.0/t/dependency/metrics-core-3.2.4.jar:/home/wtwhite/code/regression-test-generation-NON-SOURCE-EQUIV/find-diff-classes/compile/gaoss/org/apache/hadoop/hadoop-hdfs/3.4.0/t/dependency/mockito-core-2.28.2.jar:/home/wtwhite/code/regression-test-generation-NON-SOURCE-EQUIV/find-diff-classes/compile/gaoss/org/apache/hadoop/hadoop-hdfs/3.4.0/t/dependency/netty-all-4.1.100.Final.jar:/home/wtwhite/code/regression-test-generation-NON-SOURCE-EQUIV/find-diff-classes/compile/gaoss/org/apache/hadoop/hadoop-hdfs/3.4.0/t/dependency/netty-buffer-4.1.100.Final.jar:/home/wtwhite/code/regression-test-generation-NON-SOURCE-EQUIV/find-diff-classes/compile/gaoss/org/apache/hadoop/hadoop-hdfs/3.4.0/t/dependency/netty-codec-4.1.100.Final.jar:/home/wtwhite/code/regression-test-generation-NON-SOURCE-EQUIV/find-diff-classes/compile/gaoss/org/apache/hadoop/hadoop-hdfs/3.4.0/t/dependency/netty-codec-dns-4.1.100.Final.jar:/home/wtwhite/code/regression-test-generation-NON-SOURCE-EQUIV/find-diff-classes/compile/gaoss/org/apache/hadoop/hadoop-hdfs/3.4.0/t/dependency/netty-codec-haproxy-4.1.100.Final.jar:/home/wtwhite/code/regression-test-generation-NON-SOURCE-EQUIV/find-diff-classes/compile/gaoss/org/apache/hadoop/hadoop-hdfs/3.4.0/t/dependency/netty-codec-http-4.1.100.Final.jar:/home/wtwhite/code/regression-test-generation-NON-SOURCE-EQUIV/find-diff-classes/compile/gaoss/org/apache/hadoop/hadoop-hdfs/3.4.0/t/dependency/netty-codec-http2-4.1.100.Final.jar:/home/wtwhite/code/regression-test-generation-NON-SOURCE-EQUIV/find-diff-classes/compile/gaoss/org/apache/hadoop/hadoop-hdfs/3.4.0/t/dependency/netty-codec-memcache-4.1.100.Final.jar:/home/wtwhite/code/regression-test-generation-NON-SOURCE-EQUIV/find-diff-classes/compile/gaoss/org/apache/hadoop/hadoop-hdfs/3.4.0/t/dependency/netty-codec-mqtt-4.1.100.Final.jar:/home/wtwhite/code/regression-test-generation-NON-SOURCE-EQUIV/find-diff-classes/compile/gaoss/org/apache/hadoop/hadoop-hdfs/3.4.0/t/dependency/netty-codec-redis-4.1.100.Final.jar:/home/wtwhite/code/regression-test-generation-NON-SOURCE-EQUIV/find-diff-classes/compile/gaoss/org/apache/hadoop/hadoop-hdfs/3.4.0/t/dependency/netty-codec-smtp-4.1.100.Final.jar:/home/wtwhite/code/regression-test-generation-NON-SOURCE-EQUIV/find-diff-classes/compile/gaoss/org/apache/hadoop/hadoop-hdfs/3.4.0/t/dependency/netty-codec-socks-4.1.100.Final.jar:/home/wtwhite/code/regression-test-generation-NON-SOURCE-EQUIV/find-diff-classes/compile/gaoss/org/apache/hadoop/hadoop-hdfs/3.4.0/t/dependency/netty-codec-stomp-4.1.100.Final.jar:/home/wtwhite/code/regression-test-generation-NON-SOURCE-EQUIV/find-diff-classes/compile/gaoss/org/apache/hadoop/hadoop-hdfs/3.4.0/t/dependency/netty-codec-xml-4.1.100.Final.jar:/home/wtwhite/code/regression-test-generation-NON-SOURCE-EQUIV/find-diff-classes/compile/gaoss/org/apache/hadoop/hadoop-hdfs/3.4.0/t/dependency/netty-common-4.1.100.Final.jar:/home/wtwhite/code/regression-test-generation-NON-SOURCE-EQUIV/find-diff-classes/compile/gaoss/org/apache/hadoop/hadoop-hdfs/3.4.0/t/dependency/netty-handler-4.1.100.Final.jar:/home/wtwhite/code/regression-test-generation-NON-SOURCE-EQUIV/find-diff-classes/compile/gaoss/org/apache/hadoop/hadoop-hdfs/3.4.0/t/dependency/netty-handler-proxy-4.1.100.Final.jar:/home/wtwhite/code/regression-test-generation-NON-SOURCE-EQUIV/find-diff-classes/compile/gaoss/org/apache/hadoop/hadoop-hdfs/3.4.0/t/dependency/netty-handler-ssl-ocsp-4.1.100.Final.jar:/home/wtwhite/code/regression-test-generation-NON-SOURCE-EQUIV/find-diff-classes/compile/gaoss/org/apache/hadoop/hadoop-hdfs/3.4.0/t/dependency/netty-resolver-4.1.100.Final.jar:/home/wtwhite/code/regression-test-generation-NON-SOURCE-EQUIV/find-diff-classes/compile/gaoss/org/apache/hadoop/hadoop-hdfs/3.4.0/t/dependency/netty-resolver-dns-4.1.100.Final.jar:/home/wtwhite/code/regression-test-generation-NON-SOURCE-EQUIV/find-diff-classes/compile/gaoss/org/apache/hadoop/hadoop-hdfs/3.4.0/t/dependency/netty-resolver-dns-classes-macos-4.1.100.Final.jar:/home/wtwhite/code/regression-test-generation-NON-SOURCE-EQUIV/find-diff-classes/compile/gaoss/org/apache/hadoop/hadoop-hdfs/3.4.0/t/dependency/netty-resolver-dns-native-macos-4.1.100.Final-osx-aarch_64.jar:/home/wtwhite/code/regression-test-generation-NON-SOURCE-EQUIV/find-diff-classes/compile/gaoss/org/apache/hadoop/hadoop-hdfs/3.4.0/t/dependency/netty-resolver-dns-native-macos-4.1.100.Final-osx-x86_64.jar:/home/wtwhite/code/regression-test-generation-NON-SOURCE-EQUIV/find-diff-classes/compile/gaoss/org/apache/hadoop/hadoop-hdfs/3.4.0/t/dependency/netty-transport-4.1.100.Final.jar:/home/wtwhite/code/regression-test-generation-NON-SOURCE-EQUIV/find-diff-classes/compile/gaoss/org/apache/hadoop/hadoop-hdfs/3.4.0/t/dependency/netty-transport-classes-epoll-4.1.100.Final.jar:/home/wtwhite/code/regression-test-generation-NON-SOURCE-EQUIV/find-diff-classes/compile/gaoss/org/apache/hadoop/hadoop-hdfs/3.4.0/t/dependency/netty-transport-classes-kqueue-4.1.100.Final.jar:/home/wtwhite/code/regression-test-generation-NON-SOURCE-EQUIV/find-diff-classes/compile/gaoss/org/apache/hadoop/hadoop-hdfs/3.4.0/t/dependency/netty-transport-native-epoll-4.1.100.Final-linux-aarch_64.jar:/home/wtwhite/code/regression-test-generation-NON-SOURCE-EQUIV/find-diff-classes/compile/gaoss/org/apache/hadoop/hadoop-hdfs/3.4.0/t/dependency/netty-transport-native-epoll-4.1.100.Final-linux-x86_64.jar:/home/wtwhite/code/regression-test-generation-NON-SOURCE-EQUIV/find-diff-classes/compile/gaoss/org/apache/hadoop/hadoop-hdfs/3.4.0/t/dependency/netty-transport-native-epoll-4.1.100.Final.jar:/home/wtwhite/code/regression-test-generation-NON-SOURCE-EQUIV/find-diff-classes/compile/gaoss/org/apache/hadoop/hadoop-hdfs/3.4.0/t/dependency/netty-transport-native-kqueue-4.1.100.Final-osx-aarch_64.jar:/home/wtwhite/code/regression-test-generation-NON-SOURCE-EQUIV/find-diff-classes/compile/gaoss/org/apache/hadoop/hadoop-hdfs/3.4.0/t/dependency/netty-transport-native-kqueue-4.1.100.Final-osx-x86_64.jar:/home/wtwhite/code/regression-test-generation-NON-SOURCE-EQUIV/find-diff-classes/compile/gaoss/org/apache/hadoop/hadoop-hdfs/3.4.0/t/dependency/netty-transport-native-unix-common-4.1.100.Final.jar:/home/wtwhite/code/regression-test-generation-NON-SOURCE-EQUIV/find-diff-classes/compile/gaoss/org/apache/hadoop/hadoop-hdfs/3.4.0/t/dependency/netty-transport-rxtx-4.1.100.Final.jar:/home/wtwhite/code/regression-test-generation-NON-SOURCE-EQUIV/find-diff-classes/compile/gaoss/org/apache/hadoop/hadoop-hdfs/3.4.0/t/dependency/netty-transport-sctp-4.1.100.Final.jar:/home/wtwhite/code/regression-test-generation-NON-SOURCE-EQUIV/find-diff-classes/compile/gaoss/org/apache/hadoop/hadoop-hdfs/3.4.0/t/dependency/netty-transport-udt-4.1.100.Final.jar:/home/wtwhite/code/regression-test-generation-NON-SOURCE-EQUIV/find-diff-classes/compile/gaoss/org/apache/hadoop/hadoop-hdfs/3.4.0/t/dependency/nimbus-jose-jwt-9.31.jar:/home/wtwhite/code/regression-test-generation-NON-SOURCE-EQUIV/find-diff-classes/compile/gaoss/org/apache/hadoop/hadoop-hdfs/3.4.0/t/dependency/objenesis-2.6.jar:/home/wtwhite/code/regression-test-generation-NON-SOURCE-EQUIV/find-diff-classes/compile/gaoss/org/apache/hadoop/hadoop-hdfs/3.4.0/t/dependency/opentest4j-1.2.0.jar:/home/wtwhite/code/regression-test-generation-NON-SOURCE-EQUIV/find-diff-classes/compile/gaoss/org/apache/hadoop/hadoop-hdfs/3.4.0/t/dependency/protobuf-java-2.5.0.jar:/home/wtwhite/code/regression-test-generation-NON-SOURCE-EQUIV/find-diff-classes/compile/gaoss/org/apache/hadoop/hadoop-hdfs/3.4.0/t/dependency/re2j-1.1.jar:/home/wtwhite/code/regression-test-generation-NON-SOURCE-EQUIV/find-diff-classes/compile/gaoss/org/apache/hadoop/hadoop-hdfs/3.4.0/t/dependency/reload4j-1.2.22.jar:/home/wtwhite/code/regression-test-generation-NON-SOURCE-EQUIV/find-diff-classes/compile/gaoss/org/apache/hadoop/hadoop-hdfs/3.4.0/t/dependency/slf4j-api-1.7.36.jar:/home/wtwhite/code/regression-test-generation-NON-SOURCE-EQUIV/find-diff-classes/compile/gaoss/org/apache/hadoop/hadoop-hdfs/3.4.0/t/dependency/slf4j-reload4j-1.7.36.jar:/home/wtwhite/code/regression-test-generation-NON-SOURCE-EQUIV/find-diff-classes/compile/gaoss/org/apache/hadoop/hadoop-hdfs/3.4.0/t/dependency/snappy-java-1.1.10.4.jar:/home/wtwhite/code/regression-test-generation-NON-SOURCE-EQUIV/find-diff-classes/compile/gaoss/org/apache/hadoop/hadoop-hdfs/3.4.0/t/dependency/stax2-api-4.2.1.jar:/home/wtwhite/code/regression-test-generation-NON-SOURCE-EQUIV/find-diff-classes/compile/gaoss/org/apache/hadoop/hadoop-hdfs/3.4.0/t/dependency/token-provider-2.0.3.jar:/home/wtwhite/code/regression-test-generation-NON-SOURCE-EQUIV/find-diff-classes/compile/gaoss/org/apache/hadoop/hadoop-hdfs/3.4.0/t/dependency/woodstox-core-5.4.0.jar:/home/wtwhite/code/regression-test-generation-NON-SOURCE-EQUIV/find-diff-classes/compile/gaoss/org/apache/hadoop/hadoop-hdfs/3.4.0/t/dependency/zookeeper-3.8.3-tests.jar:/home/wtwhite/code/regression-test-generation-NON-SOURCE-EQUIV/find-diff-classes/compile/gaoss/org/apache/hadoop/hadoop-hdfs/3.4.0/t/dependency/zookeeper-3.8.3.jar:/home/wtwhite/code/regression-test-generation-NON-SOURCE-EQUIV/find-diff-classes/compile/gaoss/org/apache/hadoop/hadoop-hdfs/3.4.0/t/dependency/zookeeper-jute-3.8.3.jar:/home/wtwhite/code/regression-test-generation/evosuite/evosuite-standalone-runtime-1.2.0.jar:/home/wtwhite/.m2/repository/junit/junit/4.13.2/junit-4.13.2.jar:/home/wtwhite/.m2/repository/org/hamcrest/hamcrest-core/1.3/hamcrest-core-1.3.jar:"/>
    <property name="sun.cpu.endian" value="little"/>
    <property name="user.home" value="/home/wtwhite"/>
    <property name="user.language" value="en"/>
    <property name="java.specification.vendor" value="Oracle Corporation"/>
    <property name="java.home" value="/usr/lib/jvm/java-8-openjdk-amd64/jre"/>
    <property name="basedir" value="/home/wtwhite/code/regression-test-generation-NON-SOURCE-EQUIV/find-diff-classes/compile/gaoss/org/apache/hadoop/hadoop-hdfs/3.4.0"/>
    <property name="file.separator" value="/"/>
    <property name="line.separator" value="&#10;"/>
    <property name="java.vm.specification.vendor" value="Oracle Corporation"/>
    <property name="java.specification.name" value="Java Platform API Specification"/>
    <property name="java.awt.graphicsenv" value="sun.awt.X11GraphicsEnvironment"/>
    <property name="surefire.real.class.path" value="/home/wtwhite/code/regression-test-generation-NON-SOURCE-EQUIV/find-diff-classes/compile/gaoss/org/apache/hadoop/hadoop-hdfs/3.4.0/target/surefire/surefirebooter-20241112134217976_3.jar"/>
    <property name="sun.boot.class.path" value="/usr/lib/jvm/java-8-openjdk-amd64/jre/lib/resources.jar:/usr/lib/jvm/java-8-openjdk-amd64/jre/lib/rt.jar:/usr/lib/jvm/java-8-openjdk-amd64/jre/lib/sunrsasign.jar:/usr/lib/jvm/java-8-openjdk-amd64/jre/lib/jsse.jar:/usr/lib/jvm/java-8-openjdk-amd64/jre/lib/jce.jar:/usr/lib/jvm/java-8-openjdk-amd64/jre/lib/charsets.jar:/usr/lib/jvm/java-8-openjdk-amd64/jre/lib/jfr.jar:/usr/lib/jvm/java-8-openjdk-amd64/jre/classes"/>
    <property name="sun.management.compiler" value="HotSpot 64-Bit Tiered Compilers"/>
    <property name="java.runtime.version" value="1.8.0_382-8u382-ga-1~22.04.1-b05"/>
    <property name="user.name" value="wtwhite"/>
    <property name="path.separator" value=":"/>
    <property name="os.version" value="5.15.0-87-generic"/>
    <property name="java.endorsed.dirs" value="/usr/lib/jvm/java-8-openjdk-amd64/jre/lib/endorsed"/>
    <property name="java.runtime.name" value="OpenJDK Runtime Environment"/>
    <property name="file.encoding" value="UTF-8"/>
    <property name="java.vm.name" value="OpenJDK 64-Bit Server VM"/>
    <property name="localRepository" value="/home/wtwhite/.m2/repository"/>
    <property name="java.vendor.url.bug" value="http://bugreport.sun.com/bugreport/"/>
    <property name="java.io.tmpdir" value="/tmp"/>
    <property name="java.version" value="1.8.0_382"/>
    <property name="user.dir" value="/home/wtwhite/code/regression-test-generation-NON-SOURCE-EQUIV/find-diff-classes/compile/gaoss/org/apache/hadoop/hadoop-hdfs/3.4.0"/>
    <property name="os.arch" value="amd64"/>
    <property name="java.vm.specification.name" value="Java Virtual Machine Specification"/>
    <property name="java.awt.printerjob" value="sun.print.PSPrinterJob"/>
    <property name="sun.os.patch.level" value="unknown"/>
    <property name="java.library.path" value="/usr/java/packages/lib/amd64:/usr/lib/x86_64-linux-gnu/jni:/lib/x86_64-linux-gnu:/usr/lib/x86_64-linux-gnu:/usr/lib/jni:/lib:/usr/lib"/>
    <property name="java.vm.info" value="mixed mode"/>
    <property name="java.vendor" value="Private Build"/>
    <property name="java.vm.version" value="25.382-b05"/>
    <property name="java.specification.maintenance.version" value="5"/>
    <property name="java.ext.dirs" value="/usr/lib/jvm/java-8-openjdk-amd64/jre/lib/ext:/usr/java/packages/lib/ext"/>
    <property name="sun.io.unicode.encoding" value="UnicodeLittle"/>
    <property name="java.class.version" value="52.0"/>
  </properties>
  <testcase name="test049" classname="org.apache.hadoop.hdfs.server.namenode.FsImageProto_ESTest" time="0.304">
    <system-out><![CDATA[2024-11-12 13:42:22,873 INFO  EvoClassLoader - Seeing class for first time: org.apache.hadoop.hdfs.server.namenode.FsImageProto_ESTest
2024-11-12 13:42:22,873 INFO  EvoClassLoader - Instrumenting class 'org.apache.hadoop.hdfs.server.namenode.FsImageProto_ESTest'.
2024-11-12 13:42:22,877 INFO  EvoClassLoader - Seeing class for first time: org.apache.hadoop.hdfs.server.namenode.FsImageProto_ESTest_scaffolding
2024-11-12 13:42:22,877 INFO  EvoClassLoader - Instrumenting class 'org.apache.hadoop.hdfs.server.namenode.FsImageProto_ESTest_scaffolding'.
2024-11-12 13:42:22,880 INFO  EvoClassLoader - Keeping class: org.apache.hadoop.hdfs.server.namenode.FsImageProto_ESTest_scaffolding
2024-11-12 13:42:22,880 INFO  EvoClassLoader - Keeping class: org.apache.hadoop.hdfs.server.namenode.FsImageProto_ESTest
2024-11-12 13:42:22,880 INFO  EvoClassLoader - Seeing class for first time: org.apache.hadoop.thirdparty.protobuf.ExtensionRegistryLite
2024-11-12 13:42:22,880 INFO  EvoClassLoader - Instrumenting class 'org.apache.hadoop.thirdparty.protobuf.ExtensionRegistryLite'.
2024-11-12 13:42:22,881 INFO  MethodCallReplacementClassAdapter - Adding mock interface to class org/apache/hadoop/thirdparty/protobuf/ExtensionRegistryLite
2024-11-12 13:42:22,883 INFO  CreateClassResetClassAdapter - Found static initializer in class org/apache/hadoop/thirdparty/protobuf/ExtensionRegistryLite
2024-11-12 13:42:22,884 INFO  EvoClassLoader - Keeping class: org.apache.hadoop.thirdparty.protobuf.ExtensionRegistryLite
2024-11-12 13:42:22,884 INFO  EvoClassLoader - Seeing class for first time: org.apache.hadoop.thirdparty.protobuf.ExtensionRegistry
2024-11-12 13:42:22,884 INFO  EvoClassLoader - Instrumenting class 'org.apache.hadoop.thirdparty.protobuf.ExtensionRegistry'.
2024-11-12 13:42:22,884 INFO  MethodCallReplacementClassAdapter - Adding mock interface to class org/apache/hadoop/thirdparty/protobuf/ExtensionRegistry
2024-11-12 13:42:22,885 INFO  CreateClassResetClassAdapter - Found static initializer in class org/apache/hadoop/thirdparty/protobuf/ExtensionRegistry
2024-11-12 13:42:22,886 INFO  EvoClassLoader - Keeping class: org.apache.hadoop.thirdparty.protobuf.ExtensionRegistry
2024-11-12 13:42:22,886 INFO  EvoClassLoader - Seeing class for first time: org.apache.hadoop.thirdparty.protobuf.Message
2024-11-12 13:42:22,886 INFO  EvoClassLoader - Instrumenting class 'org.apache.hadoop.thirdparty.protobuf.Message'.
2024-11-12 13:42:22,887 INFO  EvoClassLoader - Seeing class for first time: org.apache.hadoop.thirdparty.protobuf.MessageLite
2024-11-12 13:42:22,887 INFO  EvoClassLoader - Instrumenting class 'org.apache.hadoop.thirdparty.protobuf.MessageLite'.
2024-11-12 13:42:22,887 INFO  EvoClassLoader - Seeing class for first time: org.apache.hadoop.thirdparty.protobuf.MessageLiteOrBuilder
2024-11-12 13:42:22,887 INFO  EvoClassLoader - Instrumenting class 'org.apache.hadoop.thirdparty.protobuf.MessageLiteOrBuilder'.
2024-11-12 13:42:22,887 INFO  EvoClassLoader - Keeping class: org.apache.hadoop.thirdparty.protobuf.MessageLiteOrBuilder
2024-11-12 13:42:22,887 INFO  EvoClassLoader - Keeping class: org.apache.hadoop.thirdparty.protobuf.MessageLite
2024-11-12 13:42:22,887 INFO  EvoClassLoader - Seeing class for first time: org.apache.hadoop.thirdparty.protobuf.MessageOrBuilder
2024-11-12 13:42:22,887 INFO  EvoClassLoader - Instrumenting class 'org.apache.hadoop.thirdparty.protobuf.MessageOrBuilder'.
2024-11-12 13:42:22,887 INFO  EvoClassLoader - Keeping class: org.apache.hadoop.thirdparty.protobuf.MessageOrBuilder
2024-11-12 13:42:22,887 INFO  EvoClassLoader - Keeping class: org.apache.hadoop.thirdparty.protobuf.Message
2024-11-12 13:42:22,903 INFO  EvoClassLoader - Seeing class for first time: org.apache.hadoop.hdfs.server.namenode.FsImageProto$INodeSection$INodeDirectory$Builder
2024-11-12 13:42:22,903 INFO  EvoClassLoader - Instrumenting class 'org.apache.hadoop.hdfs.server.namenode.FsImageProto$INodeSection$INodeDirectory$Builder'.
2024-11-12 13:42:22,905 INFO  MethodCallReplacementClassAdapter - Adding mock interface to class org/apache/hadoop/hdfs/server/namenode/FsImageProto$INodeSection$INodeDirectory$Builder
2024-11-12 13:42:22,907 INFO  CreateClassResetClassAdapter - Creating brand-new static initializer in class org/apache/hadoop/hdfs/server/namenode/FsImageProto$INodeSection$INodeDirectory$Builder
2024-11-12 13:42:22,908 INFO  EvoClassLoader - Seeing class for first time: org.apache.hadoop.hdfs.server.namenode.FsImageProto$INodeSection$INodeDirectoryOrBuilder
2024-11-12 13:42:22,908 INFO  EvoClassLoader - Instrumenting class 'org.apache.hadoop.hdfs.server.namenode.FsImageProto$INodeSection$INodeDirectoryOrBuilder'.
2024-11-12 13:42:22,909 INFO  EvoClassLoader - Keeping class: org.apache.hadoop.hdfs.server.namenode.FsImageProto$INodeSection$INodeDirectoryOrBuilder
2024-11-12 13:42:22,909 INFO  EvoClassLoader - Seeing class for first time: org.apache.hadoop.thirdparty.protobuf.GeneratedMessageV3$Builder
2024-11-12 13:42:22,909 INFO  EvoClassLoader - Instrumenting class 'org.apache.hadoop.thirdparty.protobuf.GeneratedMessageV3$Builder'.
2024-11-12 13:42:22,910 INFO  MethodCallReplacementClassAdapter - Adding mock interface to class org/apache/hadoop/thirdparty/protobuf/GeneratedMessageV3$Builder
2024-11-12 13:42:22,911 INFO  CreateClassResetClassAdapter - Creating brand-new static initializer in class org/apache/hadoop/thirdparty/protobuf/GeneratedMessageV3$Builder
2024-11-12 13:42:22,912 INFO  EvoClassLoader - Seeing class for first time: org.apache.hadoop.thirdparty.protobuf.AbstractMessage$Builder
2024-11-12 13:42:22,912 INFO  EvoClassLoader - Instrumenting class 'org.apache.hadoop.thirdparty.protobuf.AbstractMessage$Builder'.
2024-11-12 13:42:22,912 INFO  MethodCallReplacementClassAdapter - Adding mock interface to class org/apache/hadoop/thirdparty/protobuf/AbstractMessage$Builder
2024-11-12 13:42:22,914 INFO  CreateClassResetClassAdapter - Creating brand-new static initializer in class org/apache/hadoop/thirdparty/protobuf/AbstractMessage$Builder
2024-11-12 13:42:22,914 INFO  EvoClassLoader - Seeing class for first time: org.apache.hadoop.thirdparty.protobuf.Message$Builder
2024-11-12 13:42:22,914 INFO  EvoClassLoader - Instrumenting class 'org.apache.hadoop.thirdparty.protobuf.Message$Builder'.
2024-11-12 13:42:22,915 INFO  EvoClassLoader - Seeing class for first time: org.apache.hadoop.thirdparty.protobuf.MessageLite$Builder
2024-11-12 13:42:22,915 INFO  EvoClassLoader - Instrumenting class 'org.apache.hadoop.thirdparty.protobuf.MessageLite$Builder'.
2024-11-12 13:42:22,916 INFO  EvoClassLoader - Keeping class: org.apache.hadoop.thirdparty.protobuf.MessageLite$Builder
2024-11-12 13:42:22,916 INFO  EvoClassLoader - Keeping class: org.apache.hadoop.thirdparty.protobuf.Message$Builder
2024-11-12 13:42:22,916 INFO  EvoClassLoader - Seeing class for first time: org.apache.hadoop.thirdparty.protobuf.AbstractMessageLite$Builder
2024-11-12 13:42:22,916 INFO  EvoClassLoader - Instrumenting class 'org.apache.hadoop.thirdparty.protobuf.AbstractMessageLite$Builder'.
2024-11-12 13:42:22,917 INFO  MethodCallReplacementClassAdapter - Adding mock interface to class org/apache/hadoop/thirdparty/protobuf/AbstractMessageLite$Builder
2024-11-12 13:42:22,919 INFO  CreateClassResetClassAdapter - Creating brand-new static initializer in class org/apache/hadoop/thirdparty/protobuf/AbstractMessageLite$Builder
2024-11-12 13:42:22,920 INFO  EvoClassLoader - Keeping class: org.apache.hadoop.thirdparty.protobuf.AbstractMessageLite$Builder
2024-11-12 13:42:22,920 INFO  EvoClassLoader - Keeping class: org.apache.hadoop.thirdparty.protobuf.AbstractMessage$Builder
2024-11-12 13:42:22,920 INFO  EvoClassLoader - Keeping class: org.apache.hadoop.thirdparty.protobuf.GeneratedMessageV3$Builder
2024-11-12 13:42:22,920 INFO  EvoClassLoader - Keeping class: org.apache.hadoop.hdfs.server.namenode.FsImageProto$INodeSection$INodeDirectory$Builder
2024-11-12 13:42:22,920 INFO  EvoClassLoader - Seeing class for first time: org.apache.hadoop.thirdparty.protobuf.InvalidProtocolBufferException
2024-11-12 13:42:22,920 INFO  EvoClassLoader - Instrumenting class 'org.apache.hadoop.thirdparty.protobuf.InvalidProtocolBufferException'.
2024-11-12 13:42:22,921 INFO  MethodCallReplacementClassAdapter - Adding mock interface to class org/apache/hadoop/thirdparty/protobuf/InvalidProtocolBufferException
2024-11-12 13:42:22,922 INFO  CreateClassResetClassAdapter - Creating brand-new static initializer in class org/apache/hadoop/thirdparty/protobuf/InvalidProtocolBufferException
2024-11-12 13:42:22,922 INFO  EvoClassLoader - Keeping class: org.apache.hadoop.thirdparty.protobuf.InvalidProtocolBufferException
2024-11-12 13:42:22,923 INFO  EvoClassLoader - Seeing class for first time: org.apache.hadoop.thirdparty.protobuf.AbstractMessageLite$Builder$LimitedInputStream
2024-11-12 13:42:22,923 INFO  EvoClassLoader - Instrumenting class 'org.apache.hadoop.thirdparty.protobuf.AbstractMessageLite$Builder$LimitedInputStream'.
2024-11-12 13:42:22,923 INFO  MethodCallReplacementClassAdapter - Adding mock interface to class org/apache/hadoop/thirdparty/protobuf/AbstractMessageLite$Builder$LimitedInputStream
2024-11-12 13:42:22,923 INFO  CreateClassResetClassAdapter - Creating brand-new static initializer in class org/apache/hadoop/thirdparty/protobuf/AbstractMessageLite$Builder$LimitedInputStream
2024-11-12 13:42:22,924 INFO  EvoClassLoader - Keeping class: org.apache.hadoop.thirdparty.protobuf.AbstractMessageLite$Builder$LimitedInputStream
2024-11-12 13:42:22,925 INFO  EvoClassLoader - Seeing class for first time: org.apache.hadoop.thirdparty.protobuf.GeneratedMessageV3$BuilderParent
2024-11-12 13:42:22,925 INFO  EvoClassLoader - Instrumenting class 'org.apache.hadoop.thirdparty.protobuf.GeneratedMessageV3$BuilderParent'.
2024-11-12 13:42:22,926 INFO  EvoClassLoader - Seeing class for first time: org.apache.hadoop.thirdparty.protobuf.AbstractMessage$BuilderParent
2024-11-12 13:42:22,926 INFO  EvoClassLoader - Instrumenting class 'org.apache.hadoop.thirdparty.protobuf.AbstractMessage$BuilderParent'.
2024-11-12 13:42:22,926 INFO  EvoClassLoader - Keeping class: org.apache.hadoop.thirdparty.protobuf.AbstractMessage$BuilderParent
2024-11-12 13:42:22,926 INFO  EvoClassLoader - Keeping class: org.apache.hadoop.thirdparty.protobuf.GeneratedMessageV3$BuilderParent
2024-11-12 13:42:22,927 INFO  EvoClassLoader - Seeing class for first time: org.apache.hadoop.thirdparty.protobuf.UninitializedMessageException
2024-11-12 13:42:22,927 INFO  EvoClassLoader - Instrumenting class 'org.apache.hadoop.thirdparty.protobuf.UninitializedMessageException'.
2024-11-12 13:42:22,927 INFO  MethodCallReplacementClassAdapter - Adding mock interface to class org/apache/hadoop/thirdparty/protobuf/UninitializedMessageException
2024-11-12 13:42:22,928 INFO  CreateClassResetClassAdapter - Creating brand-new static initializer in class org/apache/hadoop/thirdparty/protobuf/UninitializedMessageException
2024-11-12 13:42:22,928 INFO  EvoClassLoader - Keeping class: org.apache.hadoop.thirdparty.protobuf.UninitializedMessageException
2024-11-12 13:42:22,928 INFO  EvoClassLoader - Seeing class for first time: org.apache.hadoop.hdfs.server.namenode.FsImageProto$INodeSection$XAttrFeatureProtoOrBuilder
2024-11-12 13:42:22,928 INFO  EvoClassLoader - Instrumenting class 'org.apache.hadoop.hdfs.server.namenode.FsImageProto$INodeSection$XAttrFeatureProtoOrBuilder'.
2024-11-12 13:42:22,929 INFO  EvoClassLoader - Keeping class: org.apache.hadoop.hdfs.server.namenode.FsImageProto$INodeSection$XAttrFeatureProtoOrBuilder
2024-11-12 13:42:22,929 INFO  EvoClassLoader - Seeing class for first time: org.apache.hadoop.thirdparty.protobuf.AbstractMessage
2024-11-12 13:42:22,929 INFO  EvoClassLoader - Instrumenting class 'org.apache.hadoop.thirdparty.protobuf.AbstractMessage'.
2024-11-12 13:42:22,930 INFO  MethodCallReplacementClassAdapter - Adding mock interface to class org/apache/hadoop/thirdparty/protobuf/AbstractMessage
2024-11-12 13:42:22,931 INFO  CreateClassResetClassAdapter - Creating brand-new static initializer in class org/apache/hadoop/thirdparty/protobuf/AbstractMessage
2024-11-12 13:42:22,931 INFO  EvoClassLoader - Seeing class for first time: org.apache.hadoop.thirdparty.protobuf.AbstractMessageLite
2024-11-12 13:42:22,931 INFO  EvoClassLoader - Instrumenting class 'org.apache.hadoop.thirdparty.protobuf.AbstractMessageLite'.
2024-11-12 13:42:22,932 INFO  MethodCallReplacementClassAdapter - Adding mock interface to class org/apache/hadoop/thirdparty/protobuf/AbstractMessageLite
2024-11-12 13:42:22,934 INFO  CreateClassResetClassAdapter - Creating brand-new static initializer in class org/apache/hadoop/thirdparty/protobuf/AbstractMessageLite
2024-11-12 13:42:22,934 INFO  EvoClassLoader - Keeping class: org.apache.hadoop.thirdparty.protobuf.AbstractMessageLite
2024-11-12 13:42:22,934 INFO  EvoClassLoader - Keeping class: org.apache.hadoop.thirdparty.protobuf.AbstractMessage
2024-11-12 13:42:22,934 INFO  EvoClassLoader - Seeing class for first time: org.apache.hadoop.hdfs.server.namenode.FsImageProto$INodeSection$XAttrFeatureProto
2024-11-12 13:42:22,934 INFO  EvoClassLoader - Instrumenting class 'org.apache.hadoop.hdfs.server.namenode.FsImageProto$INodeSection$XAttrFeatureProto'.
2024-11-12 13:42:22,934 INFO  MethodCallReplacementClassAdapter - Adding mock interface to class org/apache/hadoop/hdfs/server/namenode/FsImageProto$INodeSection$XAttrFeatureProto
2024-11-12 13:42:22,935 INFO  CreateClassResetClassAdapter - Found static initializer in class org/apache/hadoop/hdfs/server/namenode/FsImageProto$INodeSection$XAttrFeatureProto
2024-11-12 13:42:22,936 INFO  EvoClassLoader - Seeing class for first time: org.apache.hadoop.thirdparty.protobuf.GeneratedMessageV3
2024-11-12 13:42:22,936 INFO  EvoClassLoader - Instrumenting class 'org.apache.hadoop.thirdparty.protobuf.GeneratedMessageV3'.
2024-11-12 13:42:22,936 INFO  MethodCallReplacementClassAdapter - Adding mock interface to class org/apache/hadoop/thirdparty/protobuf/GeneratedMessageV3
2024-11-12 13:42:22,939 INFO  CreateClassResetClassAdapter - Found static initializer in class org/apache/hadoop/thirdparty/protobuf/GeneratedMessageV3
2024-11-12 13:42:22,941 INFO  EvoClassLoader - Keeping class: org.apache.hadoop.thirdparty.protobuf.GeneratedMessageV3
2024-11-12 13:42:22,941 INFO  EvoClassLoader - Keeping class: org.apache.hadoop.hdfs.server.namenode.FsImageProto$INodeSection$XAttrFeatureProto
2024-11-12 13:42:22,941 INFO  EvoClassLoader - Seeing class for first time: org.apache.hadoop.hdfs.server.namenode.FsImageProto$INodeSection$AclFeatureProto
2024-11-12 13:42:22,941 INFO  EvoClassLoader - Instrumenting class 'org.apache.hadoop.hdfs.server.namenode.FsImageProto$INodeSection$AclFeatureProto'.
2024-11-12 13:42:22,942 INFO  MethodCallReplacementClassAdapter - Adding mock interface to class org/apache/hadoop/hdfs/server/namenode/FsImageProto$INodeSection$AclFeatureProto
2024-11-12 13:42:22,943 INFO  CreateClassResetClassAdapter - Found static initializer in class org/apache/hadoop/hdfs/server/namenode/FsImageProto$INodeSection$AclFeatureProto
2024-11-12 13:42:22,943 INFO  EvoClassLoader - Seeing class for first time: org.apache.hadoop.hdfs.server.namenode.FsImageProto$INodeSection$AclFeatureProtoOrBuilder
2024-11-12 13:42:22,943 INFO  EvoClassLoader - Instrumenting class 'org.apache.hadoop.hdfs.server.namenode.FsImageProto$INodeSection$AclFeatureProtoOrBuilder'.
2024-11-12 13:42:22,944 INFO  EvoClassLoader - Keeping class: org.apache.hadoop.hdfs.server.namenode.FsImageProto$INodeSection$AclFeatureProtoOrBuilder
2024-11-12 13:42:22,944 INFO  EvoClassLoader - Keeping class: org.apache.hadoop.hdfs.server.namenode.FsImageProto$INodeSection$AclFeatureProto
2024-11-12 13:42:22,944 INFO  EvoClassLoader - Seeing class for first time: org.apache.hadoop.hdfs.server.namenode.FsImageProto$INodeSection$QuotaByStorageTypeFeatureProto
2024-11-12 13:42:22,944 INFO  EvoClassLoader - Instrumenting class 'org.apache.hadoop.hdfs.server.namenode.FsImageProto$INodeSection$QuotaByStorageTypeFeatureProto'.
2024-11-12 13:42:22,945 INFO  MethodCallReplacementClassAdapter - Adding mock interface to class org/apache/hadoop/hdfs/server/namenode/FsImageProto$INodeSection$QuotaByStorageTypeFeatureProto
2024-11-12 13:42:22,945 INFO  CreateClassResetClassAdapter - Found static initializer in class org/apache/hadoop/hdfs/server/namenode/FsImageProto$INodeSection$QuotaByStorageTypeFeatureProto
2024-11-12 13:42:22,946 INFO  EvoClassLoader - Seeing class for first time: org.apache.hadoop.hdfs.server.namenode.FsImageProto$INodeSection$QuotaByStorageTypeFeatureProtoOrBuilder
2024-11-12 13:42:22,946 INFO  EvoClassLoader - Instrumenting class 'org.apache.hadoop.hdfs.server.namenode.FsImageProto$INodeSection$QuotaByStorageTypeFeatureProtoOrBuilder'.
2024-11-12 13:42:22,946 INFO  EvoClassLoader - Keeping class: org.apache.hadoop.hdfs.server.namenode.FsImageProto$INodeSection$QuotaByStorageTypeFeatureProtoOrBuilder
2024-11-12 13:42:22,946 INFO  EvoClassLoader - Keeping class: org.apache.hadoop.hdfs.server.namenode.FsImageProto$INodeSection$QuotaByStorageTypeFeatureProto
2024-11-12 13:42:22,947 INFO  EvoClassLoader - Seeing class for first time: org.apache.hadoop.hdfs.protocol.proto.HdfsProtos$ECTopologyVerifierResultProto
2024-11-12 13:42:22,947 INFO  EvoClassLoader - Instrumenting class 'org.apache.hadoop.hdfs.protocol.proto.HdfsProtos$ECTopologyVerifierResultProto'.
2024-11-12 13:42:22,947 INFO  MethodCallReplacementClassAdapter - Adding mock interface to class org/apache/hadoop/hdfs/protocol/proto/HdfsProtos$ECTopologyVerifierResultProto
2024-11-12 13:42:22,948 INFO  CreateClassResetClassAdapter - Found static initializer in class org/apache/hadoop/hdfs/protocol/proto/HdfsProtos$ECTopologyVerifierResultProto
2024-11-12 13:42:22,949 INFO  EvoClassLoader - Seeing class for first time: org.apache.hadoop.hdfs.protocol.proto.HdfsProtos$ECTopologyVerifierResultProtoOrBuilder
2024-11-12 13:42:22,949 INFO  EvoClassLoader - Instrumenting class 'org.apache.hadoop.hdfs.protocol.proto.HdfsProtos$ECTopologyVerifierResultProtoOrBuilder'.
2024-11-12 13:42:22,950 INFO  EvoClassLoader - Keeping class: org.apache.hadoop.hdfs.protocol.proto.HdfsProtos$ECTopologyVerifierResultProtoOrBuilder
2024-11-12 13:42:22,950 INFO  EvoClassLoader - Keeping class: org.apache.hadoop.hdfs.protocol.proto.HdfsProtos$ECTopologyVerifierResultProto
2024-11-12 13:42:22,950 INFO  EvoClassLoader - Seeing class for first time: org.apache.hadoop.thirdparty.protobuf.Internal$IntList
2024-11-12 13:42:22,950 INFO  EvoClassLoader - Instrumenting class 'org.apache.hadoop.thirdparty.protobuf.Internal$IntList'.
2024-11-12 13:42:22,951 INFO  EvoClassLoader - Seeing class for first time: org.apache.hadoop.thirdparty.protobuf.Internal$ProtobufList
2024-11-12 13:42:22,951 INFO  EvoClassLoader - Instrumenting class 'org.apache.hadoop.thirdparty.protobuf.Internal$ProtobufList'.
2024-11-12 13:42:22,952 INFO  EvoClassLoader - Keeping class: org.apache.hadoop.thirdparty.protobuf.Internal$ProtobufList
2024-11-12 13:42:22,952 INFO  EvoClassLoader - Keeping class: org.apache.hadoop.thirdparty.protobuf.Internal$IntList
2024-11-12 13:42:22,952 INFO  EvoClassLoader - Seeing class for first time: org.apache.hadoop.thirdparty.protobuf.Internal$LongList
2024-11-12 13:42:22,952 INFO  EvoClassLoader - Instrumenting class 'org.apache.hadoop.thirdparty.protobuf.Internal$LongList'.
2024-11-12 13:42:22,953 INFO  EvoClassLoader - Keeping class: org.apache.hadoop.thirdparty.protobuf.Internal$LongList
2024-11-12 13:42:22,953 INFO  EvoClassLoader - Seeing class for first time: org.apache.hadoop.thirdparty.protobuf.Reader
2024-11-12 13:42:22,953 INFO  EvoClassLoader - Instrumenting class 'org.apache.hadoop.thirdparty.protobuf.Reader'.
2024-11-12 13:42:22,954 INFO  EvoClassLoader - Keeping class: org.apache.hadoop.thirdparty.protobuf.Reader
2024-11-12 13:42:22,954 INFO  EvoClassLoader - Seeing class for first time: org.apache.hadoop.thirdparty.protobuf.Internal$FloatList
2024-11-12 13:42:22,954 INFO  EvoClassLoader - Instrumenting class 'org.apache.hadoop.thirdparty.protobuf.Internal$FloatList'.
2024-11-12 13:42:22,954 INFO  EvoClassLoader - Keeping class: org.apache.hadoop.thirdparty.protobuf.Internal$FloatList
2024-11-12 13:42:22,955 INFO  EvoClassLoader - Seeing class for first time: org.apache.hadoop.thirdparty.protobuf.Internal$DoubleList
2024-11-12 13:42:22,955 INFO  EvoClassLoader - Instrumenting class 'org.apache.hadoop.thirdparty.protobuf.Internal$DoubleList'.
2024-11-12 13:42:22,955 INFO  EvoClassLoader - Keeping class: org.apache.hadoop.thirdparty.protobuf.Internal$DoubleList
2024-11-12 13:42:22,955 INFO  EvoClassLoader - Seeing class for first time: org.apache.hadoop.thirdparty.protobuf.Internal$BooleanList
2024-11-12 13:42:22,955 INFO  EvoClassLoader - Instrumenting class 'org.apache.hadoop.thirdparty.protobuf.Internal$BooleanList'.
2024-11-12 13:42:22,956 INFO  EvoClassLoader - Keeping class: org.apache.hadoop.thirdparty.protobuf.Internal$BooleanList
2024-11-12 13:42:22,956 INFO  EvoClassLoader - Seeing class for first time: org.apache.hadoop.thirdparty.protobuf.Parser
2024-11-12 13:42:22,956 INFO  EvoClassLoader - Instrumenting class 'org.apache.hadoop.thirdparty.protobuf.Parser'.
2024-11-12 13:42:22,957 INFO  EvoClassLoader - Keeping class: org.apache.hadoop.thirdparty.protobuf.Parser
2024-11-12 13:42:22,957 INFO  EvoClassLoader - Seeing class for first time: org.apache.hadoop.thirdparty.protobuf.UnknownFieldSet
2024-11-12 13:42:22,957 INFO  EvoClassLoader - Instrumenting class 'org.apache.hadoop.thirdparty.protobuf.UnknownFieldSet'.
2024-11-12 13:42:22,957 INFO  MethodCallReplacementClassAdapter - Adding mock interface to class org/apache/hadoop/thirdparty/protobuf/UnknownFieldSet
2024-11-12 13:42:22,958 INFO  CreateClassResetClassAdapter - Found static initializer in class org/apache/hadoop/thirdparty/protobuf/UnknownFieldSet
2024-11-12 13:42:22,958 INFO  EvoClassLoader - Keeping class: org.apache.hadoop.thirdparty.protobuf.UnknownFieldSet
2024-11-12 13:42:22,959 INFO  EvoClassLoader - Seeing class for first time: org.apache.hadoop.thirdparty.protobuf.UnknownFieldSet$Parser
2024-11-12 13:42:22,959 INFO  EvoClassLoader - Instrumenting class 'org.apache.hadoop.thirdparty.protobuf.UnknownFieldSet$Parser'.
2024-11-12 13:42:22,959 INFO  MethodCallReplacementClassAdapter - Adding mock interface to class org/apache/hadoop/thirdparty/protobuf/UnknownFieldSet$Parser
2024-11-12 13:42:22,959 INFO  CreateClassResetClassAdapter - Creating brand-new static initializer in class org/apache/hadoop/thirdparty/protobuf/UnknownFieldSet$Parser
2024-11-12 13:42:22,959 INFO  EvoClassLoader - Seeing class for first time: org.apache.hadoop.thirdparty.protobuf.AbstractParser
2024-11-12 13:42:22,959 INFO  EvoClassLoader - Instrumenting class 'org.apache.hadoop.thirdparty.protobuf.AbstractParser'.
2024-11-12 13:42:22,959 INFO  MethodCallReplacementClassAdapter - Adding mock interface to class org/apache/hadoop/thirdparty/protobuf/AbstractParser
2024-11-12 13:42:22,960 INFO  CreateClassResetClassAdapter - Found static initializer in class org/apache/hadoop/thirdparty/protobuf/AbstractParser
2024-11-12 13:42:22,960 INFO  EvoClassLoader - Keeping class: org.apache.hadoop.thirdparty.protobuf.AbstractParser
2024-11-12 13:42:22,960 INFO  EvoClassLoader - Keeping class: org.apache.hadoop.thirdparty.protobuf.UnknownFieldSet$Parser
2024-11-12 13:42:22,960 INFO  EvoClassLoader - Seeing class for first time: org.apache.hadoop.thirdparty.protobuf.ExtensionRegistryFactory
2024-11-12 13:42:22,960 INFO  EvoClassLoader - Instrumenting class 'org.apache.hadoop.thirdparty.protobuf.ExtensionRegistryFactory'.
2024-11-12 13:42:22,961 INFO  MethodCallReplacementClassAdapter - Adding mock interface to class org/apache/hadoop/thirdparty/protobuf/ExtensionRegistryFactory
2024-11-12 13:42:22,961 INFO  CreateClassResetClassAdapter - Found static initializer in class org/apache/hadoop/thirdparty/protobuf/ExtensionRegistryFactory
2024-11-12 13:42:22,961 INFO  EvoClassLoader - Keeping class: org.apache.hadoop.thirdparty.protobuf.ExtensionRegistryFactory
2024-11-12 13:42:22,961 INFO  EvoClassLoader - Seeing class for first time: org.apache.hadoop.thirdparty.protobuf.Extension
2024-11-12 13:42:22,961 INFO  EvoClassLoader - Instrumenting class 'org.apache.hadoop.thirdparty.protobuf.Extension'.
2024-11-12 13:42:22,961 INFO  MethodCallReplacementClassAdapter - Adding mock interface to class org/apache/hadoop/thirdparty/protobuf/Extension
2024-11-12 13:42:22,961 INFO  CreateClassResetClassAdapter - Creating brand-new static initializer in class org/apache/hadoop/thirdparty/protobuf/Extension
2024-11-12 13:42:22,961 INFO  EvoClassLoader - Seeing class for first time: org.apache.hadoop.thirdparty.protobuf.ExtensionLite
2024-11-12 13:42:22,961 INFO  EvoClassLoader - Instrumenting class 'org.apache.hadoop.thirdparty.protobuf.ExtensionLite'.
2024-11-12 13:42:22,962 INFO  MethodCallReplacementClassAdapter - Adding mock interface to class org/apache/hadoop/thirdparty/protobuf/ExtensionLite
2024-11-12 13:42:22,962 INFO  CreateClassResetClassAdapter - Creating brand-new static initializer in class org/apache/hadoop/thirdparty/protobuf/ExtensionLite
2024-11-12 13:42:22,962 INFO  EvoClassLoader - Keeping class: org.apache.hadoop.thirdparty.protobuf.ExtensionLite
2024-11-12 13:42:22,962 INFO  EvoClassLoader - Keeping class: org.apache.hadoop.thirdparty.protobuf.Extension
2024-11-12 13:42:22,962 INFO  EvoClassLoader - Seeing class for first time: org.apache.hadoop.thirdparty.protobuf.GeneratedMessage$GeneratedExtension
2024-11-12 13:42:22,962 INFO  EvoClassLoader - Instrumenting class 'org.apache.hadoop.thirdparty.protobuf.GeneratedMessage$GeneratedExtension'.
2024-11-12 13:42:22,962 INFO  MethodCallReplacementClassAdapter - Adding mock interface to class org/apache/hadoop/thirdparty/protobuf/GeneratedMessage$GeneratedExtension
2024-11-12 13:42:22,963 INFO  CreateClassResetClassAdapter - Creating brand-new static initializer in class org/apache/hadoop/thirdparty/protobuf/GeneratedMessage$GeneratedExtension
2024-11-12 13:42:22,963 INFO  EvoClassLoader - Keeping class: org.apache.hadoop.thirdparty.protobuf.GeneratedMessage$GeneratedExtension
2024-11-12 13:42:22,963 INFO  EvoClassLoader - Seeing class for first time: org.apache.hadoop.thirdparty.protobuf.ExtensionRegistry$ExtensionInfo
2024-11-12 13:42:22,963 INFO  EvoClassLoader - Instrumenting class 'org.apache.hadoop.thirdparty.protobuf.ExtensionRegistry$ExtensionInfo'.
2024-11-12 13:42:22,964 INFO  MethodCallReplacementClassAdapter - Adding mock interface to class org/apache/hadoop/thirdparty/protobuf/ExtensionRegistry$ExtensionInfo
2024-11-12 13:42:22,964 INFO  CreateClassResetClassAdapter - Creating brand-new static initializer in class org/apache/hadoop/thirdparty/protobuf/ExtensionRegistry$ExtensionInfo
2024-11-12 13:42:22,964 INFO  EvoClassLoader - Keeping class: org.apache.hadoop.thirdparty.protobuf.ExtensionRegistry$ExtensionInfo
2024-11-12 13:42:22,964 INFO  EvoClassLoader - Seeing class for first time: org.apache.hadoop.thirdparty.protobuf.Descriptors$Descriptor
2024-11-12 13:42:22,964 INFO  EvoClassLoader - Instrumenting class 'org.apache.hadoop.thirdparty.protobuf.Descriptors$Descriptor'.
2024-11-12 13:42:22,964 INFO  MethodCallReplacementClassAdapter - Adding mock interface to class org/apache/hadoop/thirdparty/protobuf/Descriptors$Descriptor
2024-11-12 13:42:22,965 INFO  CreateClassResetClassAdapter - Creating brand-new static initializer in class org/apache/hadoop/thirdparty/protobuf/Descriptors$Descriptor
2024-11-12 13:42:22,965 INFO  EvoClassLoader - Seeing class for first time: org.apache.hadoop.thirdparty.protobuf.Descriptors$GenericDescriptor
2024-11-12 13:42:22,965 INFO  EvoClassLoader - Instrumenting class 'org.apache.hadoop.thirdparty.protobuf.Descriptors$GenericDescriptor'.
2024-11-12 13:42:22,965 INFO  MethodCallReplacementClassAdapter - Adding mock interface to class org/apache/hadoop/thirdparty/protobuf/Descriptors$GenericDescriptor
2024-11-12 13:42:22,966 INFO  CreateClassResetClassAdapter - Creating brand-new static initializer in class org/apache/hadoop/thirdparty/protobuf/Descriptors$GenericDescriptor
2024-11-12 13:42:22,966 INFO  EvoClassLoader - Keeping class: org.apache.hadoop.thirdparty.protobuf.Descriptors$GenericDescriptor
2024-11-12 13:42:22,966 INFO  EvoClassLoader - Keeping class: org.apache.hadoop.thirdparty.protobuf.Descriptors$Descriptor
2024-11-12 13:42:22,966 INFO  EvoClassLoader - Seeing class for first time: org.apache.hadoop.thirdparty.protobuf.Extension$ExtensionType
2024-11-12 13:42:22,966 INFO  EvoClassLoader - Instrumenting class 'org.apache.hadoop.thirdparty.protobuf.Extension$ExtensionType'.
2024-11-12 13:42:22,966 INFO  MethodCallReplacementClassAdapter - Adding mock interface to class org/apache/hadoop/thirdparty/protobuf/Extension$ExtensionType
2024-11-12 13:42:22,966 INFO  CreateClassResetClassAdapter - Found static initializer in class org/apache/hadoop/thirdparty/protobuf/Extension$ExtensionType
2024-11-12 13:42:22,966 INFO  EvoClassLoader - Keeping class: org.apache.hadoop.thirdparty.protobuf.Extension$ExtensionType
2024-11-12 13:42:22,966 INFO  EvoClassLoader - Seeing class for first time: org.apache.hadoop.thirdparty.protobuf.Descriptors$FieldDescriptor
2024-11-12 13:42:22,966 INFO  EvoClassLoader - Instrumenting class 'org.apache.hadoop.thirdparty.protobuf.Descriptors$FieldDescriptor'.
2024-11-12 13:42:22,967 INFO  MethodCallReplacementClassAdapter - Adding mock interface to class org/apache/hadoop/thirdparty/protobuf/Descriptors$FieldDescriptor
2024-11-12 13:42:22,968 INFO  CreateClassResetClassAdapter - Found static initializer in class org/apache/hadoop/thirdparty/protobuf/Descriptors$FieldDescriptor
2024-11-12 13:42:22,969 INFO  EvoClassLoader - Seeing class for first time: org.apache.hadoop.thirdparty.protobuf.FieldSet$FieldDescriptorLite
2024-11-12 13:42:22,969 INFO  EvoClassLoader - Instrumenting class 'org.apache.hadoop.thirdparty.protobuf.FieldSet$FieldDescriptorLite'.
2024-11-12 13:42:22,969 INFO  EvoClassLoader - Keeping class: org.apache.hadoop.thirdparty.protobuf.FieldSet$FieldDescriptorLite
2024-11-12 13:42:22,969 INFO  EvoClassLoader - Keeping class: org.apache.hadoop.thirdparty.protobuf.Descriptors$FieldDescriptor
2024-11-12 13:42:22,969 INFO  EvoClassLoader - Seeing class for first time: org.apache.hadoop.hdfs.protocol.proto.HdfsProtos$ECTopologyVerifierResultProto$1
2024-11-12 13:42:22,969 INFO  EvoClassLoader - Instrumenting class 'org.apache.hadoop.hdfs.protocol.proto.HdfsProtos$ECTopologyVerifierResultProto$1'.
2024-11-12 13:42:22,969 INFO  MethodCallReplacementClassAdapter - Adding mock interface to class org/apache/hadoop/hdfs/protocol/proto/HdfsProtos$ECTopologyVerifierResultProto$1
2024-11-12 13:42:22,970 INFO  EvoClassLoader - Keeping class: org.apache.hadoop.hdfs.protocol.proto.HdfsProtos$ECTopologyVerifierResultProto$1
2024-11-12 13:42:22,970 INFO  EvoClassLoader - Seeing class for first time: org.apache.hadoop.thirdparty.protobuf.ByteString$Output
2024-11-12 13:42:22,970 INFO  EvoClassLoader - Instrumenting class 'org.apache.hadoop.thirdparty.protobuf.ByteString$Output'.
2024-11-12 13:42:22,970 INFO  MethodCallReplacementClassAdapter - Adding mock interface to class org/apache/hadoop/thirdparty/protobuf/ByteString$Output
2024-11-12 13:42:22,970 INFO  CreateClassResetClassAdapter - Found static initializer in class org/apache/hadoop/thirdparty/protobuf/ByteString$Output
2024-11-12 13:42:22,971 INFO  EvoClassLoader - Keeping class: org.apache.hadoop.thirdparty.protobuf.ByteString$Output
2024-11-12 13:42:22,971 INFO  EvoClassLoader - Seeing class for first time: org.apache.hadoop.thirdparty.protobuf.Writer
2024-11-12 13:42:22,971 INFO  EvoClassLoader - Instrumenting class 'org.apache.hadoop.thirdparty.protobuf.Writer'.
2024-11-12 13:42:22,971 INFO  EvoClassLoader - Keeping class: org.apache.hadoop.thirdparty.protobuf.Writer
2024-11-12 13:42:22,971 INFO  EvoClassLoader - Seeing class for first time: org.apache.hadoop.thirdparty.protobuf.LongArrayList
2024-11-12 13:42:22,971 INFO  EvoClassLoader - Instrumenting class 'org.apache.hadoop.thirdparty.protobuf.LongArrayList'.
2024-11-12 13:42:22,971 INFO  MethodCallReplacementClassAdapter - Adding mock interface to class org/apache/hadoop/thirdparty/protobuf/LongArrayList
2024-11-12 13:42:22,972 INFO  CreateClassResetClassAdapter - Found static initializer in class org/apache/hadoop/thirdparty/protobuf/LongArrayList
2024-11-12 13:42:22,972 INFO  EvoClassLoader - Seeing class for first time: org.apache.hadoop.thirdparty.protobuf.PrimitiveNonBoxingCollection
2024-11-12 13:42:22,972 INFO  EvoClassLoader - Instrumenting class 'org.apache.hadoop.thirdparty.protobuf.PrimitiveNonBoxingCollection'.
2024-11-12 13:42:22,972 INFO  EvoClassLoader - Keeping class: org.apache.hadoop.thirdparty.protobuf.PrimitiveNonBoxingCollection
2024-11-12 13:42:22,972 INFO  EvoClassLoader - Seeing class for first time: org.apache.hadoop.thirdparty.protobuf.AbstractProtobufList
2024-11-12 13:42:22,972 INFO  EvoClassLoader - Instrumenting class 'org.apache.hadoop.thirdparty.protobuf.AbstractProtobufList'.
2024-11-12 13:42:22,973 INFO  MethodCallReplacementClassAdapter - Adding mock interface to class org/apache/hadoop/thirdparty/protobuf/AbstractProtobufList
2024-11-12 13:42:22,973 INFO  CreateClassResetClassAdapter - Creating brand-new static initializer in class org/apache/hadoop/thirdparty/protobuf/AbstractProtobufList
2024-11-12 13:42:22,973 INFO  CreateClassResetClassAdapter - Adding bytecode for initializing field DEFAULT_CAPACITY
2024-11-12 13:42:22,973 INFO  EvoClassLoader - Keeping class: org.apache.hadoop.thirdparty.protobuf.AbstractProtobufList
2024-11-12 13:42:22,973 INFO  EvoClassLoader - Keeping class: org.apache.hadoop.thirdparty.protobuf.LongArrayList
2024-11-12 13:42:22,973 INFO  EvoClassLoader - Seeing class for first time: org.apache.hadoop.thirdparty.protobuf.TextFormatEscaper
2024-11-12 13:42:22,973 INFO  EvoClassLoader - Instrumenting class 'org.apache.hadoop.thirdparty.protobuf.TextFormatEscaper'.
2024-11-12 13:42:22,983 INFO  MethodCallReplacementClassAdapter - Adding mock interface to class org/apache/hadoop/thirdparty/protobuf/TextFormatEscaper
2024-11-12 13:42:22,983 INFO  CreateClassResetClassAdapter - Creating brand-new static initializer in class org/apache/hadoop/thirdparty/protobuf/TextFormatEscaper
2024-11-12 13:42:22,983 INFO  EvoClassLoader - Keeping class: org.apache.hadoop.thirdparty.protobuf.TextFormatEscaper
2024-11-12 13:42:22,983 INFO  EvoClassLoader - Seeing class for first time: org.apache.hadoop.thirdparty.protobuf.TextFormatEscaper$ByteSequence
2024-11-12 13:42:22,983 INFO  EvoClassLoader - Instrumenting class 'org.apache.hadoop.thirdparty.protobuf.TextFormatEscaper$ByteSequence'.
2024-11-12 13:42:22,983 INFO  EvoClassLoader - Keeping class: org.apache.hadoop.thirdparty.protobuf.TextFormatEscaper$ByteSequence
2024-11-12 13:42:22,984 INFO  EvoClassLoader - Seeing class for first time: org.apache.hadoop.hdfs.server.namenode.FsImageProto$SnapshotDiffSectionOrBuilder
2024-11-12 13:42:22,984 INFO  EvoClassLoader - Instrumenting class 'org.apache.hadoop.hdfs.server.namenode.FsImageProto$SnapshotDiffSectionOrBuilder'.
2024-11-12 13:42:22,984 INFO  EvoClassLoader - Keeping class: org.apache.hadoop.hdfs.server.namenode.FsImageProto$SnapshotDiffSectionOrBuilder
2024-11-12 13:42:22,984 INFO  EvoClassLoader - Seeing class for first time: org.apache.hadoop.thirdparty.protobuf.TypeRegistry
2024-11-12 13:42:22,984 INFO  EvoClassLoader - Instrumenting class 'org.apache.hadoop.thirdparty.protobuf.TypeRegistry'.
2024-11-12 13:42:22,984 INFO  MethodCallReplacementClassAdapter - Adding mock interface to class org/apache/hadoop/thirdparty/protobuf/TypeRegistry
2024-11-12 13:42:22,984 INFO  CreateClassResetClassAdapter - Found static initializer in class org/apache/hadoop/thirdparty/protobuf/TypeRegistry
2024-11-12 13:42:22,985 INFO  EvoClassLoader - Keeping class: org.apache.hadoop.thirdparty.protobuf.TypeRegistry
2024-11-12 13:42:22,985 INFO  EvoClassLoader - Seeing class for first time: org.apache.hadoop.thirdparty.protobuf.MapEntry
2024-11-12 13:42:22,985 INFO  EvoClassLoader - Instrumenting class 'org.apache.hadoop.thirdparty.protobuf.MapEntry'.
2024-11-12 13:42:22,985 INFO  MethodCallReplacementClassAdapter - Adding mock interface to class org/apache/hadoop/thirdparty/protobuf/MapEntry
2024-11-12 13:42:22,986 INFO  CreateClassResetClassAdapter - Creating brand-new static initializer in class org/apache/hadoop/thirdparty/protobuf/MapEntry
2024-11-12 13:42:22,986 INFO  EvoClassLoader - Keeping class: org.apache.hadoop.thirdparty.protobuf.MapEntry
2024-11-12 13:42:22,986 INFO  EvoClassLoader - Seeing class for first time: org.apache.hadoop.thirdparty.protobuf.MapEntryLite$Metadata
2024-11-12 13:42:22,986 INFO  EvoClassLoader - Instrumenting class 'org.apache.hadoop.thirdparty.protobuf.MapEntryLite$Metadata'.
2024-11-12 13:42:22,987 INFO  MethodCallReplacementClassAdapter - Adding mock interface to class org/apache/hadoop/thirdparty/protobuf/MapEntryLite$Metadata
2024-11-12 13:42:22,987 INFO  CreateClassResetClassAdapter - Creating brand-new static initializer in class org/apache/hadoop/thirdparty/protobuf/MapEntryLite$Metadata
2024-11-12 13:42:22,987 INFO  EvoClassLoader - Keeping class: org.apache.hadoop.thirdparty.protobuf.MapEntryLite$Metadata
2024-11-12 13:42:22,987 INFO  EvoClassLoader - Seeing class for first time: org.apache.hadoop.thirdparty.protobuf.MapEntry$Metadata
2024-11-12 13:42:22,987 INFO  EvoClassLoader - Instrumenting class 'org.apache.hadoop.thirdparty.protobuf.MapEntry$Metadata'.
2024-11-12 13:42:22,987 INFO  MethodCallReplacementClassAdapter - Adding mock interface to class org/apache/hadoop/thirdparty/protobuf/MapEntry$Metadata
2024-11-12 13:42:22,987 INFO  CreateClassResetClassAdapter - Creating brand-new static initializer in class org/apache/hadoop/thirdparty/protobuf/MapEntry$Metadata
2024-11-12 13:42:22,987 INFO  EvoClassLoader - Keeping class: org.apache.hadoop.thirdparty.protobuf.MapEntry$Metadata
2024-11-12 13:42:22,987 INFO  EvoClassLoader - Seeing class for first time: org.apache.hadoop.thirdparty.protobuf.DescriptorProtos$FileOptions$OptimizeMode$1
2024-11-12 13:42:22,987 INFO  EvoClassLoader - Instrumenting class 'org.apache.hadoop.thirdparty.protobuf.DescriptorProtos$FileOptions$OptimizeMode$1'.
2024-11-12 13:42:22,988 INFO  MethodCallReplacementClassAdapter - Adding mock interface to class org/apache/hadoop/thirdparty/protobuf/DescriptorProtos$FileOptions$OptimizeMode$1
2024-11-12 13:42:22,988 INFO  EvoClassLoader - Seeing class for first time: org.apache.hadoop.thirdparty.protobuf.Internal$EnumLiteMap
2024-11-12 13:42:22,988 INFO  EvoClassLoader - Instrumenting class 'org.apache.hadoop.thirdparty.protobuf.Internal$EnumLiteMap'.
2024-11-12 13:42:22,988 INFO  EvoClassLoader - Keeping class: org.apache.hadoop.thirdparty.protobuf.Internal$EnumLiteMap
2024-11-12 13:42:22,988 INFO  EvoClassLoader - Keeping class: org.apache.hadoop.thirdparty.protobuf.DescriptorProtos$FileOptions$OptimizeMode$1
2024-11-12 13:42:22,988 INFO  EvoClassLoader - Seeing class for first time: org.apache.hadoop.thirdparty.protobuf.Internal$EnumLite
2024-11-12 13:42:22,988 INFO  EvoClassLoader - Instrumenting class 'org.apache.hadoop.thirdparty.protobuf.Internal$EnumLite'.
2024-11-12 13:42:22,988 INFO  EvoClassLoader - Keeping class: org.apache.hadoop.thirdparty.protobuf.Internal$EnumLite
2024-11-12 13:42:22,988 INFO  EvoClassLoader - Seeing class for first time: org.apache.hadoop.thirdparty.protobuf.GeneratedMessage$ExtensionDescriptorRetriever
2024-11-12 13:42:22,988 INFO  EvoClassLoader - Instrumenting class 'org.apache.hadoop.thirdparty.protobuf.GeneratedMessage$ExtensionDescriptorRetriever'.
2024-11-12 13:42:22,988 INFO  EvoClassLoader - Keeping class: org.apache.hadoop.thirdparty.protobuf.GeneratedMessage$ExtensionDescriptorRetriever
2024-11-12 13:42:22,989 INFO  EvoClassLoader - Seeing class for first time: org.apache.hadoop.hdfs.server.namenode.FsImageProto$SnapshotDiffSection$DirectoryDiffOrBuilder
2024-11-12 13:42:22,989 INFO  EvoClassLoader - Instrumenting class 'org.apache.hadoop.hdfs.server.namenode.FsImageProto$SnapshotDiffSection$DirectoryDiffOrBuilder'.
2024-11-12 13:42:22,989 INFO  EvoClassLoader - Keeping class: org.apache.hadoop.hdfs.server.namenode.FsImageProto$SnapshotDiffSection$DirectoryDiffOrBuilder
2024-11-12 13:42:22,989 INFO  EvoClassLoader - Seeing class for first time: org.apache.hadoop.hdfs.protocol.proto.HdfsProtos$DatanodeLocalInfoProtoOrBuilder
2024-11-12 13:42:22,989 INFO  EvoClassLoader - Instrumenting class 'org.apache.hadoop.hdfs.protocol.proto.HdfsProtos$DatanodeLocalInfoProtoOrBuilder'.
2024-11-12 13:42:22,989 INFO  EvoClassLoader - Keeping class: org.apache.hadoop.hdfs.protocol.proto.HdfsProtos$DatanodeLocalInfoProtoOrBuilder
2024-11-12 13:42:22,989 INFO  EvoClassLoader - Seeing class for first time: org.apache.hadoop.hdfs.server.namenode.FsImageProto$FilesUnderConstructionSection$FileUnderConstructionEntry$1
2024-11-12 13:42:22,989 INFO  EvoClassLoader - Instrumenting class 'org.apache.hadoop.hdfs.server.namenode.FsImageProto$FilesUnderConstructionSection$FileUnderConstructionEntry$1'.
2024-11-12 13:42:22,989 INFO  MethodCallReplacementClassAdapter - Adding mock interface to class org/apache/hadoop/hdfs/server/namenode/FsImageProto$FilesUnderConstructionSection$FileUnderConstructionEntry$1
2024-11-12 13:42:22,989 INFO  EvoClassLoader - Keeping class: org.apache.hadoop.hdfs.server.namenode.FsImageProto$FilesUnderConstructionSection$FileUnderConstructionEntry$1
2024-11-12 13:42:22,989 INFO  EvoClassLoader - Seeing class for first time: org.apache.hadoop.thirdparty.protobuf.DescriptorProtos$DescriptorProto$ReservedRange$Builder
2024-11-12 13:42:22,989 INFO  EvoClassLoader - Instrumenting class 'org.apache.hadoop.thirdparty.protobuf.DescriptorProtos$DescriptorProto$ReservedRange$Builder'.
2024-11-12 13:42:22,990 INFO  MethodCallReplacementClassAdapter - Adding mock interface to class org/apache/hadoop/thirdparty/protobuf/DescriptorProtos$DescriptorProto$ReservedRange$Builder
2024-11-12 13:42:22,990 INFO  CreateClassResetClassAdapter - Creating brand-new static initializer in class org/apache/hadoop/thirdparty/protobuf/DescriptorProtos$DescriptorProto$ReservedRange$Builder
2024-11-12 13:42:22,991 INFO  EvoClassLoader - Seeing class for first time: org.apache.hadoop.thirdparty.protobuf.DescriptorProtos$DescriptorProto$ReservedRangeOrBuilder
2024-11-12 13:42:22,991 INFO  EvoClassLoader - Instrumenting class 'org.apache.hadoop.thirdparty.protobuf.DescriptorProtos$DescriptorProto$ReservedRangeOrBuilder'.
2024-11-12 13:42:22,991 INFO  EvoClassLoader - Keeping class: org.apache.hadoop.thirdparty.protobuf.DescriptorProtos$DescriptorProto$ReservedRangeOrBuilder
2024-11-12 13:42:22,991 INFO  EvoClassLoader - Keeping class: org.apache.hadoop.thirdparty.protobuf.DescriptorProtos$DescriptorProto$ReservedRange$Builder
2024-11-12 13:42:22,991 INFO  EvoClassLoader - Seeing class for first time: org.apache.hadoop.thirdparty.protobuf.CodedInputStream
2024-11-12 13:42:22,992 INFO  EvoClassLoader - Instrumenting class 'org.apache.hadoop.thirdparty.protobuf.CodedInputStream'.
2024-11-12 13:42:22,992 INFO  MethodCallReplacementClassAdapter - Adding mock interface to class org/apache/hadoop/thirdparty/protobuf/CodedInputStream
2024-11-12 13:42:22,993 INFO  CreateClassResetClassAdapter - Found static initializer in class org/apache/hadoop/thirdparty/protobuf/CodedInputStream
2024-11-12 13:42:22,993 INFO  EvoClassLoader - Keeping class: org.apache.hadoop.thirdparty.protobuf.CodedInputStream
2024-11-12 13:42:22,993 INFO  EvoClassLoader - Seeing class for first time: org.apache.hadoop.thirdparty.protobuf.IterableByteBufferInputStream
2024-11-12 13:42:22,993 INFO  EvoClassLoader - Instrumenting class 'org.apache.hadoop.thirdparty.protobuf.IterableByteBufferInputStream'.
2024-11-12 13:42:22,993 INFO  MethodCallReplacementClassAdapter - Adding mock interface to class org/apache/hadoop/thirdparty/protobuf/IterableByteBufferInputStream
2024-11-12 13:42:22,993 INFO  CreateClassResetClassAdapter - Creating brand-new static initializer in class org/apache/hadoop/thirdparty/protobuf/IterableByteBufferInputStream
2024-11-12 13:42:22,994 INFO  EvoClassLoader - Keeping class: org.apache.hadoop.thirdparty.protobuf.IterableByteBufferInputStream
2024-11-12 13:42:22,994 INFO  EvoClassLoader - Seeing class for first time: org.apache.hadoop.thirdparty.protobuf.CodedInputStream$IterableDirectByteBufferDecoder
2024-11-12 13:42:22,994 INFO  EvoClassLoader - Instrumenting class 'org.apache.hadoop.thirdparty.protobuf.CodedInputStream$IterableDirectByteBufferDecoder'.
2024-11-12 13:42:22,994 INFO  MethodCallReplacementClassAdapter - Adding mock interface to class org/apache/hadoop/thirdparty/protobuf/CodedInputStream$IterableDirectByteBufferDecoder
2024-11-12 13:42:22,995 INFO  CreateClassResetClassAdapter - Creating brand-new static initializer in class org/apache/hadoop/thirdparty/protobuf/CodedInputStream$IterableDirectByteBufferDecoder
2024-11-12 13:42:22,995 INFO  EvoClassLoader - Keeping class: org.apache.hadoop.thirdparty.protobuf.CodedInputStream$IterableDirectByteBufferDecoder
2024-11-12 13:42:22,995 INFO  EvoClassLoader - Seeing class for first time: org.apache.hadoop.thirdparty.protobuf.CodedInputStream$StreamDecoder
2024-11-12 13:42:22,995 INFO  EvoClassLoader - Instrumenting class 'org.apache.hadoop.thirdparty.protobuf.CodedInputStream$StreamDecoder'.
2024-11-12 13:42:22,996 INFO  MethodCallReplacementClassAdapter - Adding mock interface to class org/apache/hadoop/thirdparty/protobuf/CodedInputStream$StreamDecoder
2024-11-12 13:42:22,998 INFO  CreateClassResetClassAdapter - Creating brand-new static initializer in class org/apache/hadoop/thirdparty/protobuf/CodedInputStream$StreamDecoder
2024-11-12 13:42:22,998 INFO  EvoClassLoader - Keeping class: org.apache.hadoop.thirdparty.protobuf.CodedInputStream$StreamDecoder
2024-11-12 13:42:22,999 INFO  EvoClassLoader - Seeing class for first time: org.apache.hadoop.thirdparty.protobuf.CodedInputStream$UnsafeDirectNioDecoder
2024-11-12 13:42:22,999 INFO  EvoClassLoader - Instrumenting class 'org.apache.hadoop.thirdparty.protobuf.CodedInputStream$UnsafeDirectNioDecoder'.
2024-11-12 13:42:22,999 INFO  MethodCallReplacementClassAdapter - Adding mock interface to class org/apache/hadoop/thirdparty/protobuf/CodedInputStream$UnsafeDirectNioDecoder
2024-11-12 13:42:23,000 INFO  CreateClassResetClassAdapter - Creating brand-new static initializer in class org/apache/hadoop/thirdparty/protobuf/CodedInputStream$UnsafeDirectNioDecoder
2024-11-12 13:42:23,001 INFO  EvoClassLoader - Keeping class: org.apache.hadoop.thirdparty.protobuf.CodedInputStream$UnsafeDirectNioDecoder
2024-11-12 13:42:23,001 INFO  EvoClassLoader - Seeing class for first time: org.apache.hadoop.thirdparty.protobuf.CodedInputStream$ArrayDecoder
2024-11-12 13:42:23,001 INFO  EvoClassLoader - Instrumenting class 'org.apache.hadoop.thirdparty.protobuf.CodedInputStream$ArrayDecoder'.
2024-11-12 13:42:23,002 INFO  MethodCallReplacementClassAdapter - Adding mock interface to class org/apache/hadoop/thirdparty/protobuf/CodedInputStream$ArrayDecoder
2024-11-12 13:42:23,003 INFO  CreateClassResetClassAdapter - Creating brand-new static initializer in class org/apache/hadoop/thirdparty/protobuf/CodedInputStream$ArrayDecoder
2024-11-12 13:42:23,004 INFO  EvoClassLoader - Keeping class: org.apache.hadoop.thirdparty.protobuf.CodedInputStream$ArrayDecoder
2024-11-12 13:42:23,004 INFO  EvoClassLoader - Seeing class for first time: org.apache.hadoop.thirdparty.protobuf.DescriptorProtos$FileOptions
2024-11-12 13:42:23,004 INFO  EvoClassLoader - Instrumenting class 'org.apache.hadoop.thirdparty.protobuf.DescriptorProtos$FileOptions'.
2024-11-12 13:42:23,004 INFO  MethodCallReplacementClassAdapter - Adding mock interface to class org/apache/hadoop/thirdparty/protobuf/DescriptorProtos$FileOptions
2024-11-12 13:42:23,005 INFO  CreateClassResetClassAdapter - Found static initializer in class org/apache/hadoop/thirdparty/protobuf/DescriptorProtos$FileOptions
2024-11-12 13:42:23,006 INFO  EvoClassLoader - Seeing class for first time: org.apache.hadoop.thirdparty.protobuf.DescriptorProtos$FileOptionsOrBuilder
2024-11-12 13:42:23,006 INFO  EvoClassLoader - Instrumenting class 'org.apache.hadoop.thirdparty.protobuf.DescriptorProtos$FileOptionsOrBuilder'.
2024-11-12 13:42:23,006 INFO  EvoClassLoader - Seeing class for first time: org.apache.hadoop.thirdparty.protobuf.GeneratedMessageV3$ExtendableMessageOrBuilder
2024-11-12 13:42:23,006 INFO  EvoClassLoader - Instrumenting class 'org.apache.hadoop.thirdparty.protobuf.GeneratedMessageV3$ExtendableMessageOrBuilder'.
2024-11-12 13:42:23,006 INFO  EvoClassLoader - Keeping class: org.apache.hadoop.thirdparty.protobuf.GeneratedMessageV3$ExtendableMessageOrBuilder
2024-11-12 13:42:23,006 INFO  EvoClassLoader - Keeping class: org.apache.hadoop.thirdparty.protobuf.DescriptorProtos$FileOptionsOrBuilder
2024-11-12 13:42:23,007 INFO  EvoClassLoader - Seeing class for first time: org.apache.hadoop.thirdparty.protobuf.GeneratedMessageV3$ExtendableMessage
2024-11-12 13:42:23,007 INFO  EvoClassLoader - Instrumenting class 'org.apache.hadoop.thirdparty.protobuf.GeneratedMessageV3$ExtendableMessage'.
2024-11-12 13:42:23,007 INFO  MethodCallReplacementClassAdapter - Adding mock interface to class org/apache/hadoop/thirdparty/protobuf/GeneratedMessageV3$ExtendableMessage
2024-11-12 13:42:23,008 INFO  CreateClassResetClassAdapter - Creating brand-new static initializer in class org/apache/hadoop/thirdparty/protobuf/GeneratedMessageV3$ExtendableMessage
2024-11-12 13:42:23,008 INFO  EvoClassLoader - Keeping class: org.apache.hadoop.thirdparty.protobuf.GeneratedMessageV3$ExtendableMessage
2024-11-12 13:42:23,009 INFO  EvoClassLoader - Keeping class: org.apache.hadoop.thirdparty.protobuf.DescriptorProtos$FileOptions
2024-11-12 13:42:23,009 INFO  EvoClassLoader - Seeing class for first time: org.apache.hadoop.thirdparty.protobuf.MessageReflection$MergeTarget
2024-11-12 13:42:23,009 INFO  EvoClassLoader - Instrumenting class 'org.apache.hadoop.thirdparty.protobuf.MessageReflection$MergeTarget'.
2024-11-12 13:42:23,010 INFO  EvoClassLoader - Keeping class: org.apache.hadoop.thirdparty.protobuf.MessageReflection$MergeTarget
2024-11-12 13:42:23,010 INFO  EvoClassLoader - Seeing class for first time: org.apache.hadoop.thirdparty.protobuf.GeneratedMessageV3$ExtendableBuilder
2024-11-12 13:42:23,010 INFO  EvoClassLoader - Instrumenting class 'org.apache.hadoop.thirdparty.protobuf.GeneratedMessageV3$ExtendableBuilder'.
2024-11-12 13:42:23,010 INFO  MethodCallReplacementClassAdapter - Adding mock interface to class org/apache/hadoop/thirdparty/protobuf/GeneratedMessageV3$ExtendableBuilder
2024-11-12 13:42:23,012 INFO  CreateClassResetClassAdapter - Creating brand-new static initializer in class org/apache/hadoop/thirdparty/protobuf/GeneratedMessageV3$ExtendableBuilder
2024-11-12 13:42:23,013 INFO  EvoClassLoader - Keeping class: org.apache.hadoop.thirdparty.protobuf.GeneratedMessageV3$ExtendableBuilder
2024-11-12 13:42:23,014 INFO  EvoClassLoader - Seeing class for first time: org.apache.hadoop.thirdparty.protobuf.FieldSet
2024-11-12 13:42:23,014 INFO  EvoClassLoader - Instrumenting class 'org.apache.hadoop.thirdparty.protobuf.FieldSet'.
2024-11-12 13:42:23,014 INFO  MethodCallReplacementClassAdapter - Adding mock interface to class org/apache/hadoop/thirdparty/protobuf/FieldSet
2024-11-12 13:42:23,017 INFO  CreateClassResetClassAdapter - Found static initializer in class org/apache/hadoop/thirdparty/protobuf/FieldSet
2024-11-12 13:42:23,018 INFO  EvoClassLoader - Keeping class: org.apache.hadoop.thirdparty.protobuf.FieldSet
2024-11-12 13:42:23,018 INFO  EvoClassLoader - Seeing class for first time: org.apache.hadoop.thirdparty.protobuf.LazyFieldLite
2024-11-12 13:42:23,018 INFO  EvoClassLoader - Instrumenting class 'org.apache.hadoop.thirdparty.protobuf.LazyFieldLite'.
2024-11-12 13:42:23,018 INFO  MethodCallReplacementClassAdapter - Adding mock interface to class org/apache/hadoop/thirdparty/protobuf/LazyFieldLite
2024-11-12 13:42:23,019 INFO  CreateClassResetClassAdapter - Found static initializer in class org/apache/hadoop/thirdparty/protobuf/LazyFieldLite
2024-11-12 13:42:23,019 INFO  EvoClassLoader - Keeping class: org.apache.hadoop.thirdparty.protobuf.LazyFieldLite
2024-11-12 13:42:23,019 INFO  EvoClassLoader - Seeing class for first time: org.apache.hadoop.thirdparty.protobuf.LazyField
2024-11-12 13:42:23,019 INFO  EvoClassLoader - Instrumenting class 'org.apache.hadoop.thirdparty.protobuf.LazyField'.
2024-11-12 13:42:23,020 INFO  MethodCallReplacementClassAdapter - Adding mock interface to class org/apache/hadoop/thirdparty/protobuf/LazyField
2024-11-12 13:42:23,020 INFO  CreateClassResetClassAdapter - Creating brand-new static initializer in class org/apache/hadoop/thirdparty/protobuf/LazyField
2024-11-12 13:42:23,020 INFO  EvoClassLoader - Keeping class: org.apache.hadoop.thirdparty.protobuf.LazyField
2024-11-12 13:42:23,021 INFO  EvoClassLoader - Seeing class for first time: org.apache.hadoop.thirdparty.protobuf.SmallSortedMap
2024-11-12 13:42:23,021 INFO  EvoClassLoader - Instrumenting class 'org.apache.hadoop.thirdparty.protobuf.SmallSortedMap'.
2024-11-12 13:42:23,021 INFO  MethodCallReplacementClassAdapter - Adding mock interface to class org/apache/hadoop/thirdparty/protobuf/SmallSortedMap
2024-11-12 13:42:23,022 INFO  CreateClassResetClassAdapter - Creating brand-new static initializer in class org/apache/hadoop/thirdparty/protobuf/SmallSortedMap
2024-11-12 13:42:23,023 INFO  EvoClassLoader - Keeping class: org.apache.hadoop.thirdparty.protobuf.SmallSortedMap
2024-11-12 13:42:23,023 INFO  EvoClassLoader - Seeing class for first time: org.apache.hadoop.thirdparty.protobuf.SmallSortedMap$1
2024-11-12 13:42:23,023 INFO  EvoClassLoader - Instrumenting class 'org.apache.hadoop.thirdparty.protobuf.SmallSortedMap$1'.
2024-11-12 13:42:23,023 INFO  MethodCallReplacementClassAdapter - Adding mock interface to class org/apache/hadoop/thirdparty/protobuf/SmallSortedMap$1
2024-11-12 13:42:23,024 INFO  EvoClassLoader - Keeping class: org.apache.hadoop.thirdparty.protobuf.SmallSortedMap$1
2024-11-12 13:42:23,024 INFO  EvoClassLoader - Seeing class for first time: org.apache.hadoop.thirdparty.protobuf.SmallSortedMap$EmptySet
2024-11-12 13:42:23,024 INFO  EvoClassLoader - Instrumenting class 'org.apache.hadoop.thirdparty.protobuf.SmallSortedMap$EmptySet'.
2024-11-12 13:42:23,025 INFO  MethodCallReplacementClassAdapter - Adding mock interface to class org/apache/hadoop/thirdparty/protobuf/SmallSortedMap$EmptySet
2024-11-12 13:42:23,025 INFO  CreateClassResetClassAdapter - Found static initializer in class org/apache/hadoop/thirdparty/protobuf/SmallSortedMap$EmptySet
2024-11-12 13:42:23,025 INFO  EvoClassLoader - Keeping class: org.apache.hadoop.thirdparty.protobuf.SmallSortedMap$EmptySet
2024-11-12 13:42:23,025 INFO  EvoClassLoader - Seeing class for first time: org.apache.hadoop.thirdparty.protobuf.SmallSortedMap$EmptySet$1
2024-11-12 13:42:23,025 INFO  EvoClassLoader - Instrumenting class 'org.apache.hadoop.thirdparty.protobuf.SmallSortedMap$EmptySet$1'.
2024-11-12 13:42:23,026 INFO  MethodCallReplacementClassAdapter - Adding mock interface to class org/apache/hadoop/thirdparty/protobuf/SmallSortedMap$EmptySet$1
2024-11-12 13:42:23,026 INFO  EvoClassLoader - Keeping class: org.apache.hadoop.thirdparty.protobuf.SmallSortedMap$EmptySet$1
2024-11-12 13:42:23,026 INFO  EvoClassLoader - Seeing class for first time: org.apache.hadoop.thirdparty.protobuf.SmallSortedMap$EmptySet$2
2024-11-12 13:42:23,026 INFO  EvoClassLoader - Instrumenting class 'org.apache.hadoop.thirdparty.protobuf.SmallSortedMap$EmptySet$2'.
2024-11-12 13:42:23,027 INFO  MethodCallReplacementClassAdapter - Adding mock interface to class org/apache/hadoop/thirdparty/protobuf/SmallSortedMap$EmptySet$2
2024-11-12 13:42:23,027 INFO  EvoClassLoader - Keeping class: org.apache.hadoop.thirdparty.protobuf.SmallSortedMap$EmptySet$2
2024-11-12 13:42:23,027 INFO  EvoClassLoader - Seeing class for first time: org.apache.hadoop.thirdparty.protobuf.DescriptorProtos$FileOptions$1
2024-11-12 13:42:23,027 INFO  EvoClassLoader - Instrumenting class 'org.apache.hadoop.thirdparty.protobuf.DescriptorProtos$FileOptions$1'.
2024-11-12 13:42:23,028 INFO  MethodCallReplacementClassAdapter - Adding mock interface to class org/apache/hadoop/thirdparty/protobuf/DescriptorProtos$FileOptions$1
2024-11-12 13:42:23,028 INFO  EvoClassLoader - Keeping class: org.apache.hadoop.thirdparty.protobuf.DescriptorProtos$FileOptions$1
2024-11-12 13:42:23,028 INFO  EvoClassLoader - Seeing class for first time: org.apache.hadoop.hdfs.protocol.proto.HdfsProtos$FileEncryptionInfoProto
2024-11-12 13:42:23,028 INFO  EvoClassLoader - Instrumenting class 'org.apache.hadoop.hdfs.protocol.proto.HdfsProtos$FileEncryptionInfoProto'.
2024-11-12 13:42:23,029 INFO  MethodCallReplacementClassAdapter - Adding mock interface to class org/apache/hadoop/hdfs/protocol/proto/HdfsProtos$FileEncryptionInfoProto
2024-11-12 13:42:23,030 INFO  CreateClassResetClassAdapter - Found static initializer in class org/apache/hadoop/hdfs/protocol/proto/HdfsProtos$FileEncryptionInfoProto
2024-11-12 13:42:23,030 INFO  EvoClassLoader - Seeing class for first time: org.apache.hadoop.hdfs.protocol.proto.HdfsProtos$FileEncryptionInfoProtoOrBuilder
2024-11-12 13:42:23,030 INFO  EvoClassLoader - Instrumenting class 'org.apache.hadoop.hdfs.protocol.proto.HdfsProtos$FileEncryptionInfoProtoOrBuilder'.
2024-11-12 13:42:23,031 INFO  EvoClassLoader - Keeping class: org.apache.hadoop.hdfs.protocol.proto.HdfsProtos$FileEncryptionInfoProtoOrBuilder
2024-11-12 13:42:23,031 INFO  EvoClassLoader - Keeping class: org.apache.hadoop.hdfs.protocol.proto.HdfsProtos$FileEncryptionInfoProto
2024-11-12 13:42:23,031 INFO  EvoClassLoader - Seeing class for first time: org.apache.hadoop.thirdparty.protobuf.ByteString
2024-11-12 13:42:23,031 INFO  EvoClassLoader - Instrumenting class 'org.apache.hadoop.thirdparty.protobuf.ByteString'.
2024-11-12 13:42:23,032 INFO  MethodCallReplacementClassAdapter - Adding mock interface to class org/apache/hadoop/thirdparty/protobuf/ByteString
2024-11-12 13:42:23,034 INFO  CreateClassResetClassAdapter - Found static initializer in class org/apache/hadoop/thirdparty/protobuf/ByteString
2024-11-12 13:42:23,034 INFO  EvoClassLoader - Keeping class: org.apache.hadoop.thirdparty.protobuf.ByteString
2024-11-12 13:42:23,034 INFO  EvoClassLoader - Seeing class for first time: org.apache.hadoop.thirdparty.protobuf.ByteString$LiteralByteString
2024-11-12 13:42:23,034 INFO  EvoClassLoader - Instrumenting class 'org.apache.hadoop.thirdparty.protobuf.ByteString$LiteralByteString'.
2024-11-12 13:42:23,035 INFO  MethodCallReplacementClassAdapter - Adding mock interface to class org/apache/hadoop/thirdparty/protobuf/ByteString$LiteralByteString
2024-11-12 13:42:23,036 INFO  CreateClassResetClassAdapter - Creating brand-new static initializer in class org/apache/hadoop/thirdparty/protobuf/ByteString$LiteralByteString
2024-11-12 13:42:23,037 INFO  EvoClassLoader - Seeing class for first time: org.apache.hadoop.thirdparty.protobuf.ByteString$LeafByteString
2024-11-12 13:42:23,037 INFO  EvoClassLoader - Instrumenting class 'org.apache.hadoop.thirdparty.protobuf.ByteString$LeafByteString'.
2024-11-12 13:42:23,037 INFO  MethodCallReplacementClassAdapter - Adding mock interface to class org/apache/hadoop/thirdparty/protobuf/ByteString$LeafByteString
2024-11-12 13:42:23,037 INFO  CreateClassResetClassAdapter - Creating brand-new static initializer in class org/apache/hadoop/thirdparty/protobuf/ByteString$LeafByteString
2024-11-12 13:42:23,038 INFO  EvoClassLoader - Keeping class: org.apache.hadoop.thirdparty.protobuf.ByteString$LeafByteString
2024-11-12 13:42:23,038 INFO  EvoClassLoader - Keeping class: org.apache.hadoop.thirdparty.protobuf.ByteString$LiteralByteString
2024-11-12 13:42:23,038 INFO  EvoClassLoader - Seeing class for first time: org.apache.hadoop.thirdparty.protobuf.ByteString$ByteArrayCopier
2024-11-12 13:42:23,038 INFO  EvoClassLoader - Instrumenting class 'org.apache.hadoop.thirdparty.protobuf.ByteString$ByteArrayCopier'.
2024-11-12 13:42:23,038 INFO  EvoClassLoader - Keeping class: org.apache.hadoop.thirdparty.protobuf.ByteString$ByteArrayCopier
2024-11-12 13:42:23,039 INFO  EvoClassLoader - Seeing class for first time: org.apache.hadoop.thirdparty.protobuf.ByteString$ByteIterator
2024-11-12 13:42:23,039 INFO  EvoClassLoader - Instrumenting class 'org.apache.hadoop.thirdparty.protobuf.ByteString$ByteIterator'.
2024-11-12 13:42:23,040 INFO  EvoClassLoader - Keeping class: org.apache.hadoop.thirdparty.protobuf.ByteString$ByteIterator
2024-11-12 13:42:23,040 INFO  EvoClassLoader - Seeing class for first time: org.apache.hadoop.thirdparty.protobuf.NioByteString
2024-11-12 13:42:23,040 INFO  EvoClassLoader - Instrumenting class 'org.apache.hadoop.thirdparty.protobuf.NioByteString'.
2024-11-12 13:42:23,040 INFO  MethodCallReplacementClassAdapter - Adding mock interface to class org/apache/hadoop/thirdparty/protobuf/NioByteString
2024-11-12 13:42:23,043 INFO  CreateClassResetClassAdapter - Creating brand-new static initializer in class org/apache/hadoop/thirdparty/protobuf/NioByteString
2024-11-12 13:42:23,043 INFO  EvoClassLoader - Keeping class: org.apache.hadoop.thirdparty.protobuf.NioByteString
2024-11-12 13:42:23,043 INFO  EvoClassLoader - Seeing class for first time: org.apache.hadoop.thirdparty.protobuf.ByteString$BoundedByteString
2024-11-12 13:42:23,043 INFO  EvoClassLoader - Instrumenting class 'org.apache.hadoop.thirdparty.protobuf.ByteString$BoundedByteString'.
2024-11-12 13:42:23,044 INFO  MethodCallReplacementClassAdapter - Adding mock interface to class org/apache/hadoop/thirdparty/protobuf/ByteString$BoundedByteString
2024-11-12 13:42:23,044 INFO  CreateClassResetClassAdapter - Creating brand-new static initializer in class org/apache/hadoop/thirdparty/protobuf/ByteString$BoundedByteString
2024-11-12 13:42:23,044 INFO  EvoClassLoader - Keeping class: org.apache.hadoop.thirdparty.protobuf.ByteString$BoundedByteString
2024-11-12 13:42:23,044 INFO  EvoClassLoader - Seeing class for first time: org.apache.hadoop.thirdparty.protobuf.Internal
2024-11-12 13:42:23,044 INFO  EvoClassLoader - Instrumenting class 'org.apache.hadoop.thirdparty.protobuf.Internal'.
2024-11-12 13:42:23,045 INFO  MethodCallReplacementClassAdapter - Adding mock interface to class org/apache/hadoop/thirdparty/protobuf/Internal
2024-11-12 13:42:23,046 INFO  CreateClassResetClassAdapter - Found static initializer in class org/apache/hadoop/thirdparty/protobuf/Internal
2024-11-12 13:42:23,046 INFO  EvoClassLoader - Keeping class: org.apache.hadoop.thirdparty.protobuf.Internal
2024-11-12 13:42:23,046 INFO  EvoClassLoader - Seeing class for first time: org.apache.hadoop.thirdparty.protobuf.InvalidProtocolBufferException$InvalidWireTypeException
2024-11-12 13:42:23,046 INFO  EvoClassLoader - Instrumenting class 'org.apache.hadoop.thirdparty.protobuf.InvalidProtocolBufferException$InvalidWireTypeException'.
2024-11-12 13:42:23,046 INFO  MethodCallReplacementClassAdapter - Adding mock interface to class org/apache/hadoop/thirdparty/protobuf/InvalidProtocolBufferException$InvalidWireTypeException
2024-11-12 13:42:23,047 INFO  CreateClassResetClassAdapter - Creating brand-new static initializer in class org/apache/hadoop/thirdparty/protobuf/InvalidProtocolBufferException$InvalidWireTypeException
2024-11-12 13:42:23,047 INFO  EvoClassLoader - Keeping class: org.apache.hadoop.thirdparty.protobuf.InvalidProtocolBufferException$InvalidWireTypeException
2024-11-12 13:42:23,047 INFO  EvoClassLoader - Seeing class for first time: org.apache.hadoop.thirdparty.protobuf.Android
2024-11-12 13:42:23,047 INFO  EvoClassLoader - Instrumenting class 'org.apache.hadoop.thirdparty.protobuf.Android'.
2024-11-12 13:42:23,047 INFO  MethodCallReplacementClassAdapter - Adding mock interface to class org/apache/hadoop/thirdparty/protobuf/Android
2024-11-12 13:42:23,048 INFO  CreateClassResetClassAdapter - Found static initializer in class org/apache/hadoop/thirdparty/protobuf/Android
2024-11-12 13:42:23,048 INFO  EvoClassLoader - Keeping class: org.apache.hadoop.thirdparty.protobuf.Android
2024-11-12 13:42:23,048 INFO  EvoClassLoader - Seeing class for first time: libcore.io.Memory
2024-11-12 13:42:23,048 INFO  EvoClassLoader - Instrumenting class 'libcore.io.Memory'.
2024-11-12 13:42:23,049 INFO  EvoClassLoader - Error while loading class: java.lang.ClassNotFoundException: Class 'libcore/io/Memory.class' should be in target project, but could not be found!
2024-11-12 13:42:23,049 INFO  EvoClassLoader - Seeing class for first time: org.robolectric.Robolectric
2024-11-12 13:42:23,049 INFO  EvoClassLoader - Instrumenting class 'org.robolectric.Robolectric'.
2024-11-12 13:42:23,049 INFO  EvoClassLoader - Error while loading class: java.lang.ClassNotFoundException: Class 'org/robolectric/Robolectric.class' should be in target project, but could not be found!
2024-11-12 13:42:23,049 INFO  EvoClassLoader - Seeing class for first time: org.apache.hadoop.thirdparty.protobuf.ByteString$ArraysByteArrayCopier
2024-11-12 13:42:23,049 INFO  EvoClassLoader - Instrumenting class 'org.apache.hadoop.thirdparty.protobuf.ByteString$ArraysByteArrayCopier'.
2024-11-12 13:42:23,049 INFO  MethodCallReplacementClassAdapter - Adding mock interface to class org/apache/hadoop/thirdparty/protobuf/ByteString$ArraysByteArrayCopier
2024-11-12 13:42:23,050 INFO  CreateClassResetClassAdapter - Creating brand-new static initializer in class org/apache/hadoop/thirdparty/protobuf/ByteString$ArraysByteArrayCopier
2024-11-12 13:42:23,050 INFO  EvoClassLoader - Keeping class: org.apache.hadoop.thirdparty.protobuf.ByteString$ArraysByteArrayCopier
2024-11-12 13:42:23,050 INFO  EvoClassLoader - Seeing class for first time: org.apache.hadoop.thirdparty.protobuf.ByteString$2
2024-11-12 13:42:23,050 INFO  EvoClassLoader - Instrumenting class 'org.apache.hadoop.thirdparty.protobuf.ByteString$2'.
2024-11-12 13:42:23,050 INFO  MethodCallReplacementClassAdapter - Adding mock interface to class org/apache/hadoop/thirdparty/protobuf/ByteString$2
2024-11-12 13:42:23,051 INFO  EvoClassLoader - Keeping class: org.apache.hadoop.thirdparty.protobuf.ByteString$2
2024-11-12 13:42:23,051 INFO  EvoClassLoader - Seeing class for first time: org.apache.hadoop.hdfs.protocol.proto.HdfsProtos$FileEncryptionInfoProto$1
2024-11-12 13:42:23,051 INFO  EvoClassLoader - Instrumenting class 'org.apache.hadoop.hdfs.protocol.proto.HdfsProtos$FileEncryptionInfoProto$1'.
2024-11-12 13:42:23,051 INFO  MethodCallReplacementClassAdapter - Adding mock interface to class org/apache/hadoop/hdfs/protocol/proto/HdfsProtos$FileEncryptionInfoProto$1
2024-11-12 13:42:23,052 INFO  EvoClassLoader - Keeping class: org.apache.hadoop.hdfs.protocol.proto.HdfsProtos$FileEncryptionInfoProto$1
2024-11-12 13:42:23,052 INFO  EvoClassLoader - Seeing class for first time: org.apache.hadoop.thirdparty.protobuf.DescriptorProtos$OneofDescriptorProto
2024-11-12 13:42:23,052 INFO  EvoClassLoader - Instrumenting class 'org.apache.hadoop.thirdparty.protobuf.DescriptorProtos$OneofDescriptorProto'.
2024-11-12 13:42:23,052 INFO  MethodCallReplacementClassAdapter - Adding mock interface to class org/apache/hadoop/thirdparty/protobuf/DescriptorProtos$OneofDescriptorProto
2024-11-12 13:42:23,053 INFO  CreateClassResetClassAdapter - Found static initializer in class org/apache/hadoop/thirdparty/protobuf/DescriptorProtos$OneofDescriptorProto
2024-11-12 13:42:23,053 INFO  EvoClassLoader - Seeing class for first time: org.apache.hadoop.thirdparty.protobuf.DescriptorProtos$OneofDescriptorProtoOrBuilder
2024-11-12 13:42:23,053 INFO  EvoClassLoader - Instrumenting class 'org.apache.hadoop.thirdparty.protobuf.DescriptorProtos$OneofDescriptorProtoOrBuilder'.
2024-11-12 13:42:23,054 INFO  EvoClassLoader - Keeping class: org.apache.hadoop.thirdparty.protobuf.DescriptorProtos$OneofDescriptorProtoOrBuilder
2024-11-12 13:42:23,054 INFO  EvoClassLoader - Keeping class: org.apache.hadoop.thirdparty.protobuf.DescriptorProtos$OneofDescriptorProto
2024-11-12 13:42:23,054 INFO  EvoClassLoader - Seeing class for first time: org.apache.hadoop.thirdparty.protobuf.DescriptorProtos$OneofOptionsOrBuilder
2024-11-12 13:42:23,054 INFO  EvoClassLoader - Instrumenting class 'org.apache.hadoop.thirdparty.protobuf.DescriptorProtos$OneofOptionsOrBuilder'.
2024-11-12 13:42:23,055 INFO  EvoClassLoader - Keeping class: org.apache.hadoop.thirdparty.protobuf.DescriptorProtos$OneofOptionsOrBuilder
2024-11-12 13:42:23,055 INFO  EvoClassLoader - Seeing class for first time: org.apache.hadoop.thirdparty.protobuf.DescriptorProtos$OneofDescriptorProto$1
2024-11-12 13:42:23,055 INFO  EvoClassLoader - Instrumenting class 'org.apache.hadoop.thirdparty.protobuf.DescriptorProtos$OneofDescriptorProto$1'.
2024-11-12 13:42:23,056 INFO  MethodCallReplacementClassAdapter - Adding mock interface to class org/apache/hadoop/thirdparty/protobuf/DescriptorProtos$OneofDescriptorProto$1
2024-11-12 13:42:23,056 INFO  EvoClassLoader - Keeping class: org.apache.hadoop.thirdparty.protobuf.DescriptorProtos$OneofDescriptorProto$1
2024-11-12 13:42:23,056 INFO  EvoClassLoader - Seeing class for first time: org.apache.hadoop.thirdparty.protobuf.CodedOutputStream
2024-11-12 13:42:23,056 INFO  EvoClassLoader - Instrumenting class 'org.apache.hadoop.thirdparty.protobuf.CodedOutputStream'.
2024-11-12 13:42:23,057 INFO  MethodCallReplacementClassAdapter - Adding mock interface to class org/apache/hadoop/thirdparty/protobuf/CodedOutputStream
2024-11-12 13:42:23,060 INFO  CreateClassResetClassAdapter - Found static initializer in class org/apache/hadoop/thirdparty/protobuf/CodedOutputStream
2024-11-12 13:42:23,061 INFO  EvoClassLoader - Seeing class for first time: org.apache.hadoop.thirdparty.protobuf.ByteOutput
2024-11-12 13:42:23,061 INFO  EvoClassLoader - Instrumenting class 'org.apache.hadoop.thirdparty.protobuf.ByteOutput'.
2024-11-12 13:42:23,061 INFO  MethodCallReplacementClassAdapter - Adding mock interface to class org/apache/hadoop/thirdparty/protobuf/ByteOutput
2024-11-12 13:42:23,061 INFO  CreateClassResetClassAdapter - Creating brand-new static initializer in class org/apache/hadoop/thirdparty/protobuf/ByteOutput
2024-11-12 13:42:23,061 INFO  EvoClassLoader - Keeping class: org.apache.hadoop.thirdparty.protobuf.ByteOutput
2024-11-12 13:42:23,061 INFO  EvoClassLoader - Keeping class: org.apache.hadoop.thirdparty.protobuf.CodedOutputStream
2024-11-12 13:42:23,061 INFO  EvoClassLoader - Seeing class for first time: org.apache.hadoop.thirdparty.protobuf.Utf8$UnpairedSurrogateException
2024-11-12 13:42:23,061 INFO  EvoClassLoader - Instrumenting class 'org.apache.hadoop.thirdparty.protobuf.Utf8$UnpairedSurrogateException'.
2024-11-12 13:42:23,061 INFO  MethodCallReplacementClassAdapter - Adding mock interface to class org/apache/hadoop/thirdparty/protobuf/Utf8$UnpairedSurrogateException
2024-11-12 13:42:23,062 INFO  CreateClassResetClassAdapter - Creating brand-new static initializer in class org/apache/hadoop/thirdparty/protobuf/Utf8$UnpairedSurrogateException
2024-11-12 13:42:23,062 INFO  EvoClassLoader - Keeping class: org.apache.hadoop.thirdparty.protobuf.Utf8$UnpairedSurrogateException
2024-11-12 13:42:23,062 INFO  EvoClassLoader - Seeing class for first time: org.apache.hadoop.thirdparty.protobuf.CodedOutputStream$SafeDirectNioEncoder
2024-11-12 13:42:23,062 INFO  EvoClassLoader - Instrumenting class 'org.apache.hadoop.thirdparty.protobuf.CodedOutputStream$SafeDirectNioEncoder'.
2024-11-12 13:42:23,062 INFO  MethodCallReplacementClassAdapter - Adding mock interface to class org/apache/hadoop/thirdparty/protobuf/CodedOutputStream$SafeDirectNioEncoder
2024-11-12 13:42:23,062 INFO  CreateClassResetClassAdapter - Creating brand-new static initializer in class org/apache/hadoop/thirdparty/protobuf/CodedOutputStream$SafeDirectNioEncoder
2024-11-12 13:42:23,063 INFO  EvoClassLoader - Keeping class: org.apache.hadoop.thirdparty.protobuf.CodedOutputStream$SafeDirectNioEncoder
2024-11-12 13:42:23,063 INFO  EvoClassLoader - Seeing class for first time: org.apache.hadoop.thirdparty.protobuf.CodedOutputStream$UnsafeDirectNioEncoder
2024-11-12 13:42:23,063 INFO  EvoClassLoader - Instrumenting class 'org.apache.hadoop.thirdparty.protobuf.CodedOutputStream$UnsafeDirectNioEncoder'.
2024-11-12 13:42:23,063 INFO  MethodCallReplacementClassAdapter - Adding mock interface to class org/apache/hadoop/thirdparty/protobuf/CodedOutputStream$UnsafeDirectNioEncoder
2024-11-12 13:42:23,064 INFO  CreateClassResetClassAdapter - Creating brand-new static initializer in class org/apache/hadoop/thirdparty/protobuf/CodedOutputStream$UnsafeDirectNioEncoder
2024-11-12 13:42:23,064 INFO  EvoClassLoader - Keeping class: org.apache.hadoop.thirdparty.protobuf.CodedOutputStream$UnsafeDirectNioEncoder
2024-11-12 13:42:23,064 INFO  EvoClassLoader - Seeing class for first time: org.apache.hadoop.thirdparty.protobuf.CodedOutputStream$OutOfSpaceException
2024-11-12 13:42:23,064 INFO  EvoClassLoader - Instrumenting class 'org.apache.hadoop.thirdparty.protobuf.CodedOutputStream$OutOfSpaceException'.
2024-11-12 13:42:23,064 INFO  MethodCallReplacementClassAdapter - Adding mock interface to class org/apache/hadoop/thirdparty/protobuf/CodedOutputStream$OutOfSpaceException
2024-11-12 13:42:23,065 INFO  CreateClassResetClassAdapter - Creating brand-new static initializer in class org/apache/hadoop/thirdparty/protobuf/CodedOutputStream$OutOfSpaceException
2024-11-12 13:42:23,065 INFO  CreateClassResetClassAdapter - Adding bytecode for initializing field MESSAGE
2024-11-12 13:42:23,065 INFO  EvoClassLoader - Keeping class: org.apache.hadoop.thirdparty.protobuf.CodedOutputStream$OutOfSpaceException
2024-11-12 13:42:23,065 INFO  EvoClassLoader - Seeing class for first time: org.apache.hadoop.thirdparty.protobuf.CodedOutputStream$ByteOutputEncoder
2024-11-12 13:42:23,065 INFO  EvoClassLoader - Instrumenting class 'org.apache.hadoop.thirdparty.protobuf.CodedOutputStream$ByteOutputEncoder'.
2024-11-12 13:42:23,065 INFO  MethodCallReplacementClassAdapter - Adding mock interface to class org/apache/hadoop/thirdparty/protobuf/CodedOutputStream$ByteOutputEncoder
2024-11-12 13:42:23,066 INFO  CreateClassResetClassAdapter - Creating brand-new static initializer in class org/apache/hadoop/thirdparty/protobuf/CodedOutputStream$ByteOutputEncoder
2024-11-12 13:42:23,066 INFO  EvoClassLoader - Seeing class for first time: org.apache.hadoop.thirdparty.protobuf.CodedOutputStream$AbstractBufferedEncoder
2024-11-12 13:42:23,066 INFO  EvoClassLoader - Instrumenting class 'org.apache.hadoop.thirdparty.protobuf.CodedOutputStream$AbstractBufferedEncoder'.
2024-11-12 13:42:23,066 INFO  MethodCallReplacementClassAdapter - Adding mock interface to class org/apache/hadoop/thirdparty/protobuf/CodedOutputStream$AbstractBufferedEncoder
2024-11-12 13:42:23,067 INFO  CreateClassResetClassAdapter - Creating brand-new static initializer in class org/apache/hadoop/thirdparty/protobuf/CodedOutputStream$AbstractBufferedEncoder
2024-11-12 13:42:23,067 INFO  EvoClassLoader - Keeping class: org.apache.hadoop.thirdparty.protobuf.CodedOutputStream$AbstractBufferedEncoder
2024-11-12 13:42:23,067 INFO  EvoClassLoader - Keeping class: org.apache.hadoop.thirdparty.protobuf.CodedOutputStream$ByteOutputEncoder
2024-11-12 13:42:23,067 INFO  EvoClassLoader - Seeing class for first time: org.apache.hadoop.thirdparty.protobuf.CodedOutputStream$HeapNioEncoder
2024-11-12 13:42:23,067 INFO  EvoClassLoader - Instrumenting class 'org.apache.hadoop.thirdparty.protobuf.CodedOutputStream$HeapNioEncoder'.
2024-11-12 13:42:23,068 INFO  MethodCallReplacementClassAdapter - Adding mock interface to class org/apache/hadoop/thirdparty/protobuf/CodedOutputStream$HeapNioEncoder
2024-11-12 13:42:23,068 INFO  CreateClassResetClassAdapter - Creating brand-new static initializer in class org/apache/hadoop/thirdparty/protobuf/CodedOutputStream$HeapNioEncoder
2024-11-12 13:42:23,068 INFO  EvoClassLoader - Seeing class for first time: org.apache.hadoop.thirdparty.protobuf.CodedOutputStream$ArrayEncoder
2024-11-12 13:42:23,068 INFO  EvoClassLoader - Instrumenting class 'org.apache.hadoop.thirdparty.protobuf.CodedOutputStream$ArrayEncoder'.
2024-11-12 13:42:23,068 INFO  MethodCallReplacementClassAdapter - Adding mock interface to class org/apache/hadoop/thirdparty/protobuf/CodedOutputStream$ArrayEncoder
2024-11-12 13:42:23,069 INFO  CreateClassResetClassAdapter - Creating brand-new static initializer in class org/apache/hadoop/thirdparty/protobuf/CodedOutputStream$ArrayEncoder
2024-11-12 13:42:23,069 INFO  EvoClassLoader - Keeping class: org.apache.hadoop.thirdparty.protobuf.CodedOutputStream$ArrayEncoder
2024-11-12 13:42:23,069 INFO  EvoClassLoader - Keeping class: org.apache.hadoop.thirdparty.protobuf.CodedOutputStream$HeapNioEncoder
2024-11-12 13:42:23,069 INFO  EvoClassLoader - Seeing class for first time: org.apache.hadoop.thirdparty.protobuf.CodedOutputStream$OutputStreamEncoder
2024-11-12 13:42:23,069 INFO  EvoClassLoader - Instrumenting class 'org.apache.hadoop.thirdparty.protobuf.CodedOutputStream$OutputStreamEncoder'.
2024-11-12 13:42:23,070 INFO  MethodCallReplacementClassAdapter - Adding mock interface to class org/apache/hadoop/thirdparty/protobuf/CodedOutputStream$OutputStreamEncoder
2024-11-12 13:42:23,070 INFO  CreateClassResetClassAdapter - Creating brand-new static initializer in class org/apache/hadoop/thirdparty/protobuf/CodedOutputStream$OutputStreamEncoder
2024-11-12 13:42:23,071 INFO  EvoClassLoader - Keeping class: org.apache.hadoop.thirdparty.protobuf.CodedOutputStream$OutputStreamEncoder
2024-11-12 13:42:23,071 INFO  EvoClassLoader - Seeing class for first time: org.apache.hadoop.thirdparty.protobuf.UnsafeUtil
2024-11-12 13:42:23,071 INFO  EvoClassLoader - Instrumenting class 'org.apache.hadoop.thirdparty.protobuf.UnsafeUtil'.
2024-11-12 13:42:23,072 INFO  MethodCallReplacementClassAdapter - Adding mock interface to class org/apache/hadoop/thirdparty/protobuf/UnsafeUtil
2024-11-12 13:42:23,074 INFO  CreateClassResetClassAdapter - Found static initializer in class org/apache/hadoop/thirdparty/protobuf/UnsafeUtil
2024-11-12 13:42:23,075 INFO  EvoClassLoader - Keeping class: org.apache.hadoop.thirdparty.protobuf.UnsafeUtil
2024-11-12 13:42:23,075 INFO  EvoClassLoader - Seeing class for first time: org.apache.hadoop.thirdparty.protobuf.UnsafeUtil$MemoryAccessor
2024-11-12 13:42:23,075 INFO  EvoClassLoader - Instrumenting class 'org.apache.hadoop.thirdparty.protobuf.UnsafeUtil$MemoryAccessor'.
2024-11-12 13:42:23,076 INFO  MethodCallReplacementClassAdapter - Adding mock interface to class org/apache/hadoop/thirdparty/protobuf/UnsafeUtil$MemoryAccessor
2024-11-12 13:42:23,076 INFO  CreateClassResetClassAdapter - Creating brand-new static initializer in class org/apache/hadoop/thirdparty/protobuf/UnsafeUtil$MemoryAccessor
2024-11-12 13:42:23,077 INFO  EvoClassLoader - Keeping class: org.apache.hadoop.thirdparty.protobuf.UnsafeUtil$MemoryAccessor
2024-11-12 13:42:23,077 INFO  EvoClassLoader - Seeing class for first time: org.apache.hadoop.thirdparty.protobuf.UnsafeUtil$Android64MemoryAccessor
2024-11-12 13:42:23,077 INFO  EvoClassLoader - Instrumenting class 'org.apache.hadoop.thirdparty.protobuf.UnsafeUtil$Android64MemoryAccessor'.
2024-11-12 13:42:23,077 INFO  MethodCallReplacementClassAdapter - Adding mock interface to class org/apache/hadoop/thirdparty/protobuf/UnsafeUtil$Android64MemoryAccessor
2024-11-12 13:42:23,078 INFO  CreateClassResetClassAdapter - Creating brand-new static initializer in class org/apache/hadoop/thirdparty/protobuf/UnsafeUtil$Android64MemoryAccessor
2024-11-12 13:42:23,078 INFO  EvoClassLoader - Keeping class: org.apache.hadoop.thirdparty.protobuf.UnsafeUtil$Android64MemoryAccessor
2024-11-12 13:42:23,078 INFO  EvoClassLoader - Seeing class for first time: org.apache.hadoop.thirdparty.protobuf.UnsafeUtil$Android32MemoryAccessor
2024-11-12 13:42:23,078 INFO  EvoClassLoader - Instrumenting class 'org.apache.hadoop.thirdparty.protobuf.UnsafeUtil$Android32MemoryAccessor'.
2024-11-12 13:42:23,079 INFO  MethodCallReplacementClassAdapter - Adding mock interface to class org/apache/hadoop/thirdparty/protobuf/UnsafeUtil$Android32MemoryAccessor
2024-11-12 13:42:23,079 INFO  CreateClassResetClassAdapter - Creating brand-new static initializer in class org/apache/hadoop/thirdparty/protobuf/UnsafeUtil$Android32MemoryAccessor
2024-11-12 13:42:23,079 INFO  CreateClassResetClassAdapter - Adding bytecode for initializing field SMALL_ADDRESS_MASK
2024-11-12 13:42:23,079 INFO  EvoClassLoader - Keeping class: org.apache.hadoop.thirdparty.protobuf.UnsafeUtil$Android32MemoryAccessor
2024-11-12 13:42:23,079 INFO  EvoClassLoader - Seeing class for first time: org.apache.hadoop.thirdparty.protobuf.UnsafeUtil$JvmMemoryAccessor
2024-11-12 13:42:23,079 INFO  EvoClassLoader - Instrumenting class 'org.apache.hadoop.thirdparty.protobuf.UnsafeUtil$JvmMemoryAccessor'.
2024-11-12 13:42:23,080 INFO  MethodCallReplacementClassAdapter - Adding mock interface to class org/apache/hadoop/thirdparty/protobuf/UnsafeUtil$JvmMemoryAccessor
2024-11-12 13:42:23,080 INFO  CreateClassResetClassAdapter - Creating brand-new static initializer in class org/apache/hadoop/thirdparty/protobuf/UnsafeUtil$JvmMemoryAccessor
2024-11-12 13:42:23,080 INFO  EvoClassLoader - Keeping class: org.apache.hadoop.thirdparty.protobuf.UnsafeUtil$JvmMemoryAccessor
2024-11-12 13:42:23,081 INFO  EvoClassLoader - Seeing class for first time: org.apache.hadoop.thirdparty.protobuf.UnsafeUtil$1
2024-11-12 13:42:23,081 INFO  EvoClassLoader - Instrumenting class 'org.apache.hadoop.thirdparty.protobuf.UnsafeUtil$1'.
2024-11-12 13:42:23,081 INFO  MethodCallReplacementClassAdapter - Adding mock interface to class org/apache/hadoop/thirdparty/protobuf/UnsafeUtil$1
2024-11-12 13:42:23,082 INFO  EvoClassLoader - Keeping class: org.apache.hadoop.thirdparty.protobuf.UnsafeUtil$1
2024-11-12 13:42:23,083 INFO  EvoClassLoader - Seeing class for first time: org.apache.hadoop.hdfs.server.namenode.FsImageProto$INodeReferenceSection$INodeReferenceOrBuilder
2024-11-12 13:42:23,083 INFO  EvoClassLoader - Instrumenting class 'org.apache.hadoop.hdfs.server.namenode.FsImageProto$INodeReferenceSection$INodeReferenceOrBuilder'.
2024-11-12 13:42:23,084 INFO  EvoClassLoader - Keeping class: org.apache.hadoop.hdfs.server.namenode.FsImageProto$INodeReferenceSection$INodeReferenceOrBuilder
2024-11-12 13:42:23,084 INFO  EvoClassLoader - Seeing class for first time: org.apache.hadoop.hdfs.protocol.proto.HdfsProtos$SnapshotListingProtoOrBuilder
2024-11-12 13:42:23,084 INFO  EvoClassLoader - Instrumenting class 'org.apache.hadoop.hdfs.protocol.proto.HdfsProtos$SnapshotListingProtoOrBuilder'.
2024-11-12 13:42:23,085 INFO  EvoClassLoader - Keeping class: org.apache.hadoop.hdfs.protocol.proto.HdfsProtos$SnapshotListingProtoOrBuilder
2024-11-12 13:42:23,085 INFO  EvoClassLoader - Seeing class for first time: org.apache.hadoop.hdfs.protocol.proto.HdfsProtos$BlockProto
2024-11-12 13:42:23,085 INFO  EvoClassLoader - Instrumenting class 'org.apache.hadoop.hdfs.protocol.proto.HdfsProtos$BlockProto'.
2024-11-12 13:42:23,085 INFO  MethodCallReplacementClassAdapter - Adding mock interface to class org/apache/hadoop/hdfs/protocol/proto/HdfsProtos$BlockProto
2024-11-12 13:42:23,086 INFO  CreateClassResetClassAdapter - Found static initializer in class org/apache/hadoop/hdfs/protocol/proto/HdfsProtos$BlockProto
2024-11-12 13:42:23,086 INFO  EvoClassLoader - Seeing class for first time: org.apache.hadoop.hdfs.protocol.proto.HdfsProtos$BlockProtoOrBuilder
2024-11-12 13:42:23,086 INFO  EvoClassLoader - Instrumenting class 'org.apache.hadoop.hdfs.protocol.proto.HdfsProtos$BlockProtoOrBuilder'.
2024-11-12 13:42:23,087 INFO  EvoClassLoader - Keeping class: org.apache.hadoop.hdfs.protocol.proto.HdfsProtos$BlockProtoOrBuilder
2024-11-12 13:42:23,087 INFO  EvoClassLoader - Keeping class: org.apache.hadoop.hdfs.protocol.proto.HdfsProtos$BlockProto
2024-11-12 13:42:23,087 INFO  EvoClassLoader - Seeing class for first time: org.apache.hadoop.hdfs.protocol.proto.HdfsProtos$BlockProto$1
2024-11-12 13:42:23,087 INFO  EvoClassLoader - Instrumenting class 'org.apache.hadoop.hdfs.protocol.proto.HdfsProtos$BlockProto$1'.
2024-11-12 13:42:23,088 INFO  MethodCallReplacementClassAdapter - Adding mock interface to class org/apache/hadoop/hdfs/protocol/proto/HdfsProtos$BlockProto$1
2024-11-12 13:42:23,088 INFO  EvoClassLoader - Keeping class: org.apache.hadoop.hdfs.protocol.proto.HdfsProtos$BlockProto$1
2024-11-12 13:42:23,088 INFO  EvoClassLoader - Seeing class for first time: org.apache.hadoop.hdfs.protocol.proto.HdfsProtos$StorageReportProto
2024-11-12 13:42:23,088 INFO  EvoClassLoader - Instrumenting class 'org.apache.hadoop.hdfs.protocol.proto.HdfsProtos$StorageReportProto'.
2024-11-12 13:42:23,089 INFO  MethodCallReplacementClassAdapter - Adding mock interface to class org/apache/hadoop/hdfs/protocol/proto/HdfsProtos$StorageReportProto
2024-11-12 13:42:23,090 INFO  CreateClassResetClassAdapter - Found static initializer in class org/apache/hadoop/hdfs/protocol/proto/HdfsProtos$StorageReportProto
2024-11-12 13:42:23,090 INFO  EvoClassLoader - Seeing class for first time: org.apache.hadoop.hdfs.protocol.proto.HdfsProtos$StorageReportProtoOrBuilder
2024-11-12 13:42:23,090 INFO  EvoClassLoader - Instrumenting class 'org.apache.hadoop.hdfs.protocol.proto.HdfsProtos$StorageReportProtoOrBuilder'.
2024-11-12 13:42:23,092 INFO  EvoClassLoader - Keeping class: org.apache.hadoop.hdfs.protocol.proto.HdfsProtos$StorageReportProtoOrBuilder
2024-11-12 13:42:23,092 INFO  EvoClassLoader - Keeping class: org.apache.hadoop.hdfs.protocol.proto.HdfsProtos$StorageReportProto
2024-11-12 13:42:23,092 INFO  EvoClassLoader - Seeing class for first time: org.apache.hadoop.hdfs.protocol.proto.HdfsProtos$DatanodeStorageProtoOrBuilder
2024-11-12 13:42:23,092 INFO  EvoClassLoader - Instrumenting class 'org.apache.hadoop.hdfs.protocol.proto.HdfsProtos$DatanodeStorageProtoOrBuilder'.
2024-11-12 13:42:23,094 INFO  EvoClassLoader - Keeping class: org.apache.hadoop.hdfs.protocol.proto.HdfsProtos$DatanodeStorageProtoOrBuilder
2024-11-12 13:42:23,094 INFO  EvoClassLoader - Seeing class for first time: org.apache.hadoop.hdfs.protocol.proto.HdfsProtos$StorageReportProto$1
2024-11-12 13:42:23,094 INFO  EvoClassLoader - Instrumenting class 'org.apache.hadoop.hdfs.protocol.proto.HdfsProtos$StorageReportProto$1'.
2024-11-12 13:42:23,094 INFO  MethodCallReplacementClassAdapter - Adding mock interface to class org/apache/hadoop/hdfs/protocol/proto/HdfsProtos$StorageReportProto$1
2024-11-12 13:42:23,095 INFO  EvoClassLoader - Keeping class: org.apache.hadoop.hdfs.protocol.proto.HdfsProtos$StorageReportProto$1
2024-11-12 13:42:23,095 INFO  EvoClassLoader - Seeing class for first time: org.apache.hadoop.thirdparty.protobuf.DescriptorProtos$ServiceOptions
2024-11-12 13:42:23,095 INFO  EvoClassLoader - Instrumenting class 'org.apache.hadoop.thirdparty.protobuf.DescriptorProtos$ServiceOptions'.
2024-11-12 13:42:23,096 INFO  MethodCallReplacementClassAdapter - Adding mock interface to class org/apache/hadoop/thirdparty/protobuf/DescriptorProtos$ServiceOptions
2024-11-12 13:42:23,097 INFO  CreateClassResetClassAdapter - Found static initializer in class org/apache/hadoop/thirdparty/protobuf/DescriptorProtos$ServiceOptions
2024-11-12 13:42:23,097 INFO  EvoClassLoader - Seeing class for first time: org.apache.hadoop.thirdparty.protobuf.DescriptorProtos$ServiceOptionsOrBuilder
2024-11-12 13:42:23,097 INFO  EvoClassLoader - Instrumenting class 'org.apache.hadoop.thirdparty.protobuf.DescriptorProtos$ServiceOptionsOrBuilder'.
2024-11-12 13:42:23,098 INFO  EvoClassLoader - Keeping class: org.apache.hadoop.thirdparty.protobuf.DescriptorProtos$ServiceOptionsOrBuilder
2024-11-12 13:42:23,098 INFO  EvoClassLoader - Keeping class: org.apache.hadoop.thirdparty.protobuf.DescriptorProtos$ServiceOptions
2024-11-12 13:42:23,098 INFO  EvoClassLoader - Seeing class for first time: org.apache.hadoop.thirdparty.protobuf.DescriptorProtos$ServiceOptions$1
2024-11-12 13:42:23,099 INFO  EvoClassLoader - Instrumenting class 'org.apache.hadoop.thirdparty.protobuf.DescriptorProtos$ServiceOptions$1'.
2024-11-12 13:42:23,099 INFO  MethodCallReplacementClassAdapter - Adding mock interface to class org/apache/hadoop/thirdparty/protobuf/DescriptorProtos$ServiceOptions$1
2024-11-12 13:42:23,100 INFO  EvoClassLoader - Keeping class: org.apache.hadoop.thirdparty.protobuf.DescriptorProtos$ServiceOptions$1
2024-11-12 13:42:23,100 INFO  EvoClassLoader - Seeing class for first time: org.apache.hadoop.hdfs.server.namenode.FsImageProto$StringTableSection$Entry$1
2024-11-12 13:42:23,100 INFO  EvoClassLoader - Instrumenting class 'org.apache.hadoop.hdfs.server.namenode.FsImageProto$StringTableSection$Entry$1'.
2024-11-12 13:42:23,100 INFO  MethodCallReplacementClassAdapter - Adding mock interface to class org/apache/hadoop/hdfs/server/namenode/FsImageProto$StringTableSection$Entry$1
2024-11-12 13:42:23,101 INFO  EvoClassLoader - Keeping class: org.apache.hadoop.hdfs.server.namenode.FsImageProto$StringTableSection$Entry$1
2024-11-12 13:42:23,101 INFO  EvoClassLoader - Seeing class for first time: org.apache.hadoop.thirdparty.protobuf.UnmodifiableLazyStringList
2024-11-12 13:42:23,101 INFO  EvoClassLoader - Instrumenting class 'org.apache.hadoop.thirdparty.protobuf.UnmodifiableLazyStringList'.
2024-11-12 13:42:23,101 INFO  MethodCallReplacementClassAdapter - Adding mock interface to class org/apache/hadoop/thirdparty/protobuf/UnmodifiableLazyStringList
2024-11-12 13:42:23,102 INFO  CreateClassResetClassAdapter - Creating brand-new static initializer in class org/apache/hadoop/thirdparty/protobuf/UnmodifiableLazyStringList
2024-11-12 13:42:23,102 INFO  EvoClassLoader - Seeing class for first time: org.apache.hadoop.thirdparty.protobuf.LazyStringList
2024-11-12 13:42:23,102 INFO  EvoClassLoader - Instrumenting class 'org.apache.hadoop.thirdparty.protobuf.LazyStringList'.
2024-11-12 13:42:23,102 INFO  EvoClassLoader - Seeing class for first time: org.apache.hadoop.thirdparty.protobuf.ProtocolStringList
2024-11-12 13:42:23,102 INFO  EvoClassLoader - Instrumenting class 'org.apache.hadoop.thirdparty.protobuf.ProtocolStringList'.
2024-11-12 13:42:23,103 INFO  EvoClassLoader - Keeping class: org.apache.hadoop.thirdparty.protobuf.ProtocolStringList
2024-11-12 13:42:23,103 INFO  EvoClassLoader - Keeping class: org.apache.hadoop.thirdparty.protobuf.LazyStringList
2024-11-12 13:42:23,103 INFO  EvoClassLoader - Keeping class: org.apache.hadoop.thirdparty.protobuf.UnmodifiableLazyStringList
2024-11-12 13:42:23,104 INFO  EvoClassLoader - Seeing class for first time: org.apache.hadoop.thirdparty.protobuf.DescriptorProtos$FieldDescriptorProto$Label
2024-11-12 13:42:23,104 INFO  EvoClassLoader - Instrumenting class 'org.apache.hadoop.thirdparty.protobuf.DescriptorProtos$FieldDescriptorProto$Label'.
2024-11-12 13:42:23,104 INFO  MethodCallReplacementClassAdapter - Adding mock interface to class org/apache/hadoop/thirdparty/protobuf/DescriptorProtos$FieldDescriptorProto$Label
2024-11-12 13:42:23,106 INFO  CreateClassResetClassAdapter - Found static initializer in class org/apache/hadoop/thirdparty/protobuf/DescriptorProtos$FieldDescriptorProto$Label
2024-11-12 13:42:23,106 INFO  EvoClassLoader - Seeing class for first time: org.apache.hadoop.thirdparty.protobuf.ProtocolMessageEnum
2024-11-12 13:42:23,106 INFO  EvoClassLoader - Instrumenting class 'org.apache.hadoop.thirdparty.protobuf.ProtocolMessageEnum'.
2024-11-12 13:42:23,106 INFO  EvoClassLoader - Keeping class: org.apache.hadoop.thirdparty.protobuf.ProtocolMessageEnum
2024-11-12 13:42:23,106 INFO  EvoClassLoader - Keeping class: org.apache.hadoop.thirdparty.protobuf.DescriptorProtos$FieldDescriptorProto$Label
2024-11-12 13:42:23,107 INFO  EvoClassLoader - Seeing class for first time: org.apache.hadoop.thirdparty.protobuf.DescriptorProtos$FieldDescriptorProto$Label$1
2024-11-12 13:42:23,107 INFO  EvoClassLoader - Instrumenting class 'org.apache.hadoop.thirdparty.protobuf.DescriptorProtos$FieldDescriptorProto$Label$1'.
2024-11-12 13:42:23,107 INFO  MethodCallReplacementClassAdapter - Adding mock interface to class org/apache/hadoop/thirdparty/protobuf/DescriptorProtos$FieldDescriptorProto$Label$1
2024-11-12 13:42:23,108 INFO  EvoClassLoader - Keeping class: org.apache.hadoop.thirdparty.protobuf.DescriptorProtos$FieldDescriptorProto$Label$1
2024-11-12 13:42:23,108 INFO  EvoClassLoader - Seeing class for first time: org.apache.hadoop.hdfs.protocol.proto.HdfsProtos$SnapshotInfoProtoOrBuilder
2024-11-12 13:42:23,108 INFO  EvoClassLoader - Instrumenting class 'org.apache.hadoop.hdfs.protocol.proto.HdfsProtos$SnapshotInfoProtoOrBuilder'.
2024-11-12 13:42:23,109 INFO  EvoClassLoader - Keeping class: org.apache.hadoop.hdfs.protocol.proto.HdfsProtos$SnapshotInfoProtoOrBuilder
2024-11-12 13:42:23,109 INFO  EvoClassLoader - Seeing class for first time: org.apache.hadoop.hdfs.server.namenode.FsImageProto$INodeSection$FileUnderConstructionFeatureOrBuilder
2024-11-12 13:42:23,109 INFO  EvoClassLoader - Instrumenting class 'org.apache.hadoop.hdfs.server.namenode.FsImageProto$INodeSection$FileUnderConstructionFeatureOrBuilder'.
2024-11-12 13:42:23,110 INFO  EvoClassLoader - Keeping class: org.apache.hadoop.hdfs.server.namenode.FsImageProto$INodeSection$FileUnderConstructionFeatureOrBuilder
2024-11-12 13:42:23,110 INFO  EvoClassLoader - Seeing class for first time: org.apache.hadoop.thirdparty.protobuf.Method$Builder
2024-11-12 13:42:23,110 INFO  EvoClassLoader - Instrumenting class 'org.apache.hadoop.thirdparty.protobuf.Method$Builder'.
2024-11-12 13:42:23,111 INFO  MethodCallReplacementClassAdapter - Adding mock interface to class org/apache/hadoop/thirdparty/protobuf/Method$Builder
2024-11-12 13:42:23,114 INFO  CreateClassResetClassAdapter - Creating brand-new static initializer in class org/apache/hadoop/thirdparty/protobuf/Method$Builder
2024-11-12 13:42:23,115 INFO  EvoClassLoader - Seeing class for first time: org.apache.hadoop.thirdparty.protobuf.MethodOrBuilder
2024-11-12 13:42:23,115 INFO  EvoClassLoader - Instrumenting class 'org.apache.hadoop.thirdparty.protobuf.MethodOrBuilder'.
2024-11-12 13:42:23,115 INFO  EvoClassLoader - Keeping class: org.apache.hadoop.thirdparty.protobuf.MethodOrBuilder
2024-11-12 13:42:23,116 INFO  EvoClassLoader - Keeping class: org.apache.hadoop.thirdparty.protobuf.Method$Builder
2024-11-12 13:42:23,116 INFO  EvoClassLoader - Seeing class for first time: org.apache.hadoop.thirdparty.protobuf.Option
2024-11-12 13:42:23,116 INFO  EvoClassLoader - Instrumenting class 'org.apache.hadoop.thirdparty.protobuf.Option'.
2024-11-12 13:42:23,117 INFO  MethodCallReplacementClassAdapter - Adding mock interface to class org/apache/hadoop/thirdparty/protobuf/Option
2024-11-12 13:42:23,117 INFO  CreateClassResetClassAdapter - Found static initializer in class org/apache/hadoop/thirdparty/protobuf/Option
2024-11-12 13:42:23,118 INFO  EvoClassLoader - Seeing class for first time: org.apache.hadoop.thirdparty.protobuf.OptionOrBuilder
2024-11-12 13:42:23,118 INFO  EvoClassLoader - Instrumenting class 'org.apache.hadoop.thirdparty.protobuf.OptionOrBuilder'.
2024-11-12 13:42:23,118 INFO  EvoClassLoader - Keeping class: org.apache.hadoop.thirdparty.protobuf.OptionOrBuilder
2024-11-12 13:42:23,119 INFO  EvoClassLoader - Keeping class: org.apache.hadoop.thirdparty.protobuf.Option
2024-11-12 13:42:23,120 INFO  EvoClassLoader - Seeing class for first time: org.apache.hadoop.hdfs.server.namenode.FsImageProto$ErasureCodingSection
2024-11-12 13:42:23,120 INFO  EvoClassLoader - Instrumenting class 'org.apache.hadoop.hdfs.server.namenode.FsImageProto$ErasureCodingSection'.
2024-11-12 13:42:23,120 INFO  MethodCallReplacementClassAdapter - Adding mock interface to class org/apache/hadoop/hdfs/server/namenode/FsImageProto$ErasureCodingSection
2024-11-12 13:42:23,121 INFO  CreateClassResetClassAdapter - Found static initializer in class org/apache/hadoop/hdfs/server/namenode/FsImageProto$ErasureCodingSection
2024-11-12 13:42:23,121 INFO  EvoClassLoader - Seeing class for first time: org.apache.hadoop.hdfs.server.namenode.FsImageProto$ErasureCodingSectionOrBuilder
2024-11-12 13:42:23,121 INFO  EvoClassLoader - Instrumenting class 'org.apache.hadoop.hdfs.server.namenode.FsImageProto$ErasureCodingSectionOrBuilder'.
2024-11-12 13:42:23,122 INFO  EvoClassLoader - Keeping class: org.apache.hadoop.hdfs.server.namenode.FsImageProto$ErasureCodingSectionOrBuilder
2024-11-12 13:42:23,122 INFO  EvoClassLoader - Keeping class: org.apache.hadoop.hdfs.server.namenode.FsImageProto$ErasureCodingSection
2024-11-12 13:42:23,122 INFO  EvoClassLoader - Seeing class for first time: org.apache.hadoop.hdfs.server.namenode.FsImageProto$ErasureCodingSection$1
2024-11-12 13:42:23,122 INFO  EvoClassLoader - Instrumenting class 'org.apache.hadoop.hdfs.server.namenode.FsImageProto$ErasureCodingSection$1'.
2024-11-12 13:42:23,122 INFO  MethodCallReplacementClassAdapter - Adding mock interface to class org/apache/hadoop/hdfs/server/namenode/FsImageProto$ErasureCodingSection$1
2024-11-12 13:42:23,123 INFO  EvoClassLoader - Keeping class: org.apache.hadoop.hdfs.server.namenode.FsImageProto$ErasureCodingSection$1
2024-11-12 13:42:23,123 INFO  EvoClassLoader - Seeing class for first time: org.apache.hadoop.hdfs.protocol.proto.HdfsProtos$CipherOptionProtoOrBuilder
2024-11-12 13:42:23,123 INFO  EvoClassLoader - Instrumenting class 'org.apache.hadoop.hdfs.protocol.proto.HdfsProtos$CipherOptionProtoOrBuilder'.
2024-11-12 13:42:23,124 INFO  EvoClassLoader - Keeping class: org.apache.hadoop.hdfs.protocol.proto.HdfsProtos$CipherOptionProtoOrBuilder
2024-11-12 13:42:23,124 INFO  EvoClassLoader - Seeing class for first time: org.apache.hadoop.hdfs.server.namenode.FsImageProto$StringTableSection$EntryOrBuilder
2024-11-12 13:42:23,124 INFO  EvoClassLoader - Instrumenting class 'org.apache.hadoop.hdfs.server.namenode.FsImageProto$StringTableSection$EntryOrBuilder'.
2024-11-12 13:42:23,124 INFO  EvoClassLoader - Keeping class: org.apache.hadoop.hdfs.server.namenode.FsImageProto$StringTableSection$EntryOrBuilder
2024-11-12 13:42:23,124 INFO  EvoClassLoader - Seeing class for first time: org.apache.hadoop.thirdparty.protobuf.DescriptorProtos$MessageOptionsOrBuilder
2024-11-12 13:42:23,124 INFO  EvoClassLoader - Instrumenting class 'org.apache.hadoop.thirdparty.protobuf.DescriptorProtos$MessageOptionsOrBuilder'.
2024-11-12 13:42:23,125 INFO  EvoClassLoader - Keeping class: org.apache.hadoop.thirdparty.protobuf.DescriptorProtos$MessageOptionsOrBuilder
2024-11-12 13:42:23,125 INFO  EvoClassLoader - Seeing class for first time: org.apache.hadoop.hdfs.server.namenode.FsImageProto$FileSummary
2024-11-12 13:42:23,125 INFO  EvoClassLoader - Instrumenting class 'org.apache.hadoop.hdfs.server.namenode.FsImageProto$FileSummary'.
2024-11-12 13:42:23,125 INFO  MethodCallReplacementClassAdapter - Adding mock interface to class org/apache/hadoop/hdfs/server/namenode/FsImageProto$FileSummary
2024-11-12 13:42:23,126 INFO  CreateClassResetClassAdapter - Found static initializer in class org/apache/hadoop/hdfs/server/namenode/FsImageProto$FileSummary
2024-11-12 13:42:23,126 INFO  EvoClassLoader - Seeing class for first time: org.apache.hadoop.hdfs.server.namenode.FsImageProto$FileSummaryOrBuilder
2024-11-12 13:42:23,126 INFO  EvoClassLoader - Instrumenting class 'org.apache.hadoop.hdfs.server.namenode.FsImageProto$FileSummaryOrBuilder'.
2024-11-12 13:42:23,127 INFO  EvoClassLoader - Keeping class: org.apache.hadoop.hdfs.server.namenode.FsImageProto$FileSummaryOrBuilder
2024-11-12 13:42:23,127 INFO  EvoClassLoader - Keeping class: org.apache.hadoop.hdfs.server.namenode.FsImageProto$FileSummary
2024-11-12 13:42:23,128 INFO  EvoClassLoader - Seeing class for first time: org.apache.hadoop.hdfs.server.namenode.FsImageProto$FileSummary$1
2024-11-12 13:42:23,128 INFO  EvoClassLoader - Instrumenting class 'org.apache.hadoop.hdfs.server.namenode.FsImageProto$FileSummary$1'.
2024-11-12 13:42:23,128 INFO  MethodCallReplacementClassAdapter - Adding mock interface to class org/apache/hadoop/hdfs/server/namenode/FsImageProto$FileSummary$1
2024-11-12 13:42:23,128 INFO  EvoClassLoader - Keeping class: org.apache.hadoop.hdfs.server.namenode.FsImageProto$FileSummary$1
2024-11-12 13:42:23,128 INFO  EvoClassLoader - Seeing class for first time: org.apache.hadoop.thirdparty.protobuf.DescriptorProtos$FieldOptionsOrBuilder
2024-11-12 13:42:23,128 INFO  EvoClassLoader - Instrumenting class 'org.apache.hadoop.thirdparty.protobuf.DescriptorProtos$FieldOptionsOrBuilder'.
2024-11-12 13:42:23,129 INFO  EvoClassLoader - Keeping class: org.apache.hadoop.thirdparty.protobuf.DescriptorProtos$FieldOptionsOrBuilder
2024-11-12 13:42:23,129 INFO  EvoClassLoader - Seeing class for first time: org.apache.hadoop.hdfs.server.namenode.FsImageProto$SnapshotDiffSection$CreatedListEntry
2024-11-12 13:42:23,129 INFO  EvoClassLoader - Instrumenting class 'org.apache.hadoop.hdfs.server.namenode.FsImageProto$SnapshotDiffSection$CreatedListEntry'.
2024-11-12 13:42:23,130 INFO  MethodCallReplacementClassAdapter - Adding mock interface to class org/apache/hadoop/hdfs/server/namenode/FsImageProto$SnapshotDiffSection$CreatedListEntry
2024-11-12 13:42:23,130 INFO  CreateClassResetClassAdapter - Found static initializer in class org/apache/hadoop/hdfs/server/namenode/FsImageProto$SnapshotDiffSection$CreatedListEntry
2024-11-12 13:42:23,130 INFO  EvoClassLoader - Seeing class for first time: org.apache.hadoop.hdfs.server.namenode.FsImageProto$SnapshotDiffSection$CreatedListEntryOrBuilder
2024-11-12 13:42:23,130 INFO  EvoClassLoader - Instrumenting class 'org.apache.hadoop.hdfs.server.namenode.FsImageProto$SnapshotDiffSection$CreatedListEntryOrBuilder'.
2024-11-12 13:42:23,131 INFO  EvoClassLoader - Keeping class: org.apache.hadoop.hdfs.server.namenode.FsImageProto$SnapshotDiffSection$CreatedListEntryOrBuilder
2024-11-12 13:42:23,131 INFO  EvoClassLoader - Keeping class: org.apache.hadoop.hdfs.server.namenode.FsImageProto$SnapshotDiffSection$CreatedListEntry
2024-11-12 13:42:23,131 INFO  EvoClassLoader - Seeing class for first time: org.apache.hadoop.hdfs.server.namenode.FsImageProto$SnapshotDiffSection$CreatedListEntry$1
2024-11-12 13:42:23,131 INFO  EvoClassLoader - Instrumenting class 'org.apache.hadoop.hdfs.server.namenode.FsImageProto$SnapshotDiffSection$CreatedListEntry$1'.
2024-11-12 13:42:23,132 INFO  MethodCallReplacementClassAdapter - Adding mock interface to class org/apache/hadoop/hdfs/server/namenode/FsImageProto$SnapshotDiffSection$CreatedListEntry$1
2024-11-12 13:42:23,132 INFO  EvoClassLoader - Keeping class: org.apache.hadoop.hdfs.server.namenode.FsImageProto$SnapshotDiffSection$CreatedListEntry$1
2024-11-12 13:42:23,132 INFO  EvoClassLoader - Seeing class for first time: org.apache.hadoop.thirdparty.protobuf.DescriptorProtos$EnumDescriptorProto$1
2024-11-12 13:42:23,132 INFO  EvoClassLoader - Instrumenting class 'org.apache.hadoop.thirdparty.protobuf.DescriptorProtos$EnumDescriptorProto$1'.
2024-11-12 13:42:23,133 INFO  MethodCallReplacementClassAdapter - Adding mock interface to class org/apache/hadoop/thirdparty/protobuf/DescriptorProtos$EnumDescriptorProto$1
2024-11-12 13:42:23,133 INFO  EvoClassLoader - Keeping class: org.apache.hadoop.thirdparty.protobuf.DescriptorProtos$EnumDescriptorProto$1
2024-11-12 13:42:23,133 INFO  EvoClassLoader - Seeing class for first time: org.apache.hadoop.thirdparty.protobuf.DescriptorProtos$DescriptorProto$1
2024-11-12 13:42:23,133 INFO  EvoClassLoader - Instrumenting class 'org.apache.hadoop.thirdparty.protobuf.DescriptorProtos$DescriptorProto$1'.
2024-11-12 13:42:23,134 INFO  MethodCallReplacementClassAdapter - Adding mock interface to class org/apache/hadoop/thirdparty/protobuf/DescriptorProtos$DescriptorProto$1
2024-11-12 13:42:23,134 INFO  EvoClassLoader - Keeping class: org.apache.hadoop.thirdparty.protobuf.DescriptorProtos$DescriptorProto$1
2024-11-12 13:42:23,134 INFO  EvoClassLoader - Seeing class for first time: org.apache.hadoop.thirdparty.protobuf.DescriptorProtos$ExtensionRangeOptions
2024-11-12 13:42:23,134 INFO  EvoClassLoader - Instrumenting class 'org.apache.hadoop.thirdparty.protobuf.DescriptorProtos$ExtensionRangeOptions'.
2024-11-12 13:42:23,135 INFO  MethodCallReplacementClassAdapter - Adding mock interface to class org/apache/hadoop/thirdparty/protobuf/DescriptorProtos$ExtensionRangeOptions
2024-11-12 13:42:23,136 INFO  CreateClassResetClassAdapter - Found static initializer in class org/apache/hadoop/thirdparty/protobuf/DescriptorProtos$ExtensionRangeOptions
2024-11-12 13:42:23,137 INFO  EvoClassLoader - Seeing class for first time: org.apache.hadoop.thirdparty.protobuf.DescriptorProtos$ExtensionRangeOptionsOrBuilder
2024-11-12 13:42:23,137 INFO  EvoClassLoader - Instrumenting class 'org.apache.hadoop.thirdparty.protobuf.DescriptorProtos$ExtensionRangeOptionsOrBuilder'.
2024-11-12 13:42:23,137 INFO  EvoClassLoader - Keeping class: org.apache.hadoop.thirdparty.protobuf.DescriptorProtos$ExtensionRangeOptionsOrBuilder
2024-11-12 13:42:23,138 INFO  EvoClassLoader - Keeping class: org.apache.hadoop.thirdparty.protobuf.DescriptorProtos$ExtensionRangeOptions
2024-11-12 13:42:23,138 INFO  EvoClassLoader - Seeing class for first time: org.apache.hadoop.thirdparty.protobuf.DescriptorProtos$ExtensionRangeOptions$1
2024-11-12 13:42:23,138 INFO  EvoClassLoader - Instrumenting class 'org.apache.hadoop.thirdparty.protobuf.DescriptorProtos$ExtensionRangeOptions$1'.
2024-11-12 13:42:23,139 INFO  MethodCallReplacementClassAdapter - Adding mock interface to class org/apache/hadoop/thirdparty/protobuf/DescriptorProtos$ExtensionRangeOptions$1
2024-11-12 13:42:23,139 INFO  EvoClassLoader - Keeping class: org.apache.hadoop.thirdparty.protobuf.DescriptorProtos$ExtensionRangeOptions$1
2024-11-12 13:42:23,139 INFO  EvoClassLoader - Seeing class for first time: org.apache.hadoop.hdfs.protocol.proto.HdfsProtos$FsServerDefaultsProtoOrBuilder
2024-11-12 13:42:23,139 INFO  EvoClassLoader - Instrumenting class 'org.apache.hadoop.hdfs.protocol.proto.HdfsProtos$FsServerDefaultsProtoOrBuilder'.
2024-11-12 13:42:23,140 INFO  EvoClassLoader - Keeping class: org.apache.hadoop.hdfs.protocol.proto.HdfsProtos$FsServerDefaultsProtoOrBuilder
2024-11-12 13:42:23,140 INFO  EvoClassLoader - Seeing class for first time: org.apache.hadoop.thirdparty.protobuf.TextFormat
2024-11-12 13:42:23,140 INFO  EvoClassLoader - Instrumenting class 'org.apache.hadoop.thirdparty.protobuf.TextFormat'.
2024-11-12 13:42:23,141 INFO  MethodCallReplacementClassAdapter - Adding mock interface to class org/apache/hadoop/thirdparty/protobuf/TextFormat
2024-11-12 13:42:23,143 INFO  CreateClassResetClassAdapter - Found static initializer in class org/apache/hadoop/thirdparty/protobuf/TextFormat
2024-11-12 13:42:23,144 INFO  EvoClassLoader - Keeping class: org.apache.hadoop.thirdparty.protobuf.TextFormat
2024-11-12 13:42:23,144 INFO  EvoClassLoader - Seeing class for first time: org.apache.hadoop.thirdparty.protobuf.TextFormat$InvalidEscapeSequenceException
2024-11-12 13:42:23,144 INFO  EvoClassLoader - Instrumenting class 'org.apache.hadoop.thirdparty.protobuf.TextFormat$InvalidEscapeSequenceException'.
2024-11-12 13:42:23,144 INFO  MethodCallReplacementClassAdapter - Adding mock interface to class org/apache/hadoop/thirdparty/protobuf/TextFormat$InvalidEscapeSequenceException
2024-11-12 13:42:23,145 INFO  CreateClassResetClassAdapter - Creating brand-new static initializer in class org/apache/hadoop/thirdparty/protobuf/TextFormat$InvalidEscapeSequenceException
2024-11-12 13:42:23,145 INFO  EvoClassLoader - Keeping class: org.apache.hadoop.thirdparty.protobuf.TextFormat$InvalidEscapeSequenceException
2024-11-12 13:42:23,146 INFO  EvoClassLoader - Seeing class for first time: org.apache.hadoop.thirdparty.protobuf.TextFormat$Parser
2024-11-12 13:42:23,146 INFO  EvoClassLoader - Instrumenting class 'org.apache.hadoop.thirdparty.protobuf.TextFormat$Parser'.
2024-11-12 13:42:23,146 INFO  MethodCallReplacementClassAdapter - Adding mock interface to class org/apache/hadoop/thirdparty/protobuf/TextFormat$Parser
2024-11-12 13:42:23,152 INFO  CreateClassResetClassAdapter - Creating brand-new static initializer in class org/apache/hadoop/thirdparty/protobuf/TextFormat$Parser
2024-11-12 13:42:23,152 INFO  CreateClassResetClassAdapter - Adding bytecode for initializing field BUFFER_SIZE
2024-11-12 13:42:23,153 INFO  EvoClassLoader - Keeping class: org.apache.hadoop.thirdparty.protobuf.TextFormat$Parser
2024-11-12 13:42:23,153 INFO  EvoClassLoader - Seeing class for first time: org.apache.hadoop.thirdparty.protobuf.TextFormat$ParseException
2024-11-12 13:42:23,153 INFO  EvoClassLoader - Instrumenting class 'org.apache.hadoop.thirdparty.protobuf.TextFormat$ParseException'.
2024-11-12 13:42:23,154 INFO  MethodCallReplacementClassAdapter - Adding mock interface to class org/apache/hadoop/thirdparty/protobuf/TextFormat$ParseException
2024-11-12 13:42:23,154 INFO  CreateClassResetClassAdapter - Creating brand-new static initializer in class org/apache/hadoop/thirdparty/protobuf/TextFormat$ParseException
2024-11-12 13:42:23,154 INFO  EvoClassLoader - Keeping class: org.apache.hadoop.thirdparty.protobuf.TextFormat$ParseException
2024-11-12 13:42:23,154 INFO  EvoClassLoader - Seeing class for first time: org.apache.hadoop.thirdparty.protobuf.TextFormat$Parser$Builder
2024-11-12 13:42:23,154 INFO  EvoClassLoader - Instrumenting class 'org.apache.hadoop.thirdparty.protobuf.TextFormat$Parser$Builder'.
2024-11-12 13:42:23,155 INFO  MethodCallReplacementClassAdapter - Adding mock interface to class org/apache/hadoop/thirdparty/protobuf/TextFormat$Parser$Builder
2024-11-12 13:42:23,155 INFO  CreateClassResetClassAdapter - Creating brand-new static initializer in class org/apache/hadoop/thirdparty/protobuf/TextFormat$Parser$Builder
2024-11-12 13:42:23,155 INFO  EvoClassLoader - Keeping class: org.apache.hadoop.thirdparty.protobuf.TextFormat$Parser$Builder
2024-11-12 13:42:23,155 INFO  EvoClassLoader - Seeing class for first time: org.apache.hadoop.thirdparty.protobuf.TextFormat$Parser$SingularOverwritePolicy
2024-11-12 13:42:23,155 INFO  EvoClassLoader - Instrumenting class 'org.apache.hadoop.thirdparty.protobuf.TextFormat$Parser$SingularOverwritePolicy'.
2024-11-12 13:42:23,155 INFO  MethodCallReplacementClassAdapter - Adding mock interface to class org/apache/hadoop/thirdparty/protobuf/TextFormat$Parser$SingularOverwritePolicy
2024-11-12 13:42:23,155 INFO  CreateClassResetClassAdapter - Found static initializer in class org/apache/hadoop/thirdparty/protobuf/TextFormat$Parser$SingularOverwritePolicy
2024-11-12 13:42:23,155 INFO  EvoClassLoader - Keeping class: org.apache.hadoop.thirdparty.protobuf.TextFormat$Parser$SingularOverwritePolicy
2024-11-12 13:42:23,156 INFO  EvoClassLoader - Seeing class for first time: org.apache.hadoop.thirdparty.protobuf.TypeRegistry$EmptyTypeRegistryHolder
2024-11-12 13:42:23,156 INFO  EvoClassLoader - Instrumenting class 'org.apache.hadoop.thirdparty.protobuf.TypeRegistry$EmptyTypeRegistryHolder'.
2024-11-12 13:42:23,156 INFO  MethodCallReplacementClassAdapter - Adding mock interface to class org/apache/hadoop/thirdparty/protobuf/TypeRegistry$EmptyTypeRegistryHolder
2024-11-12 13:42:23,156 INFO  CreateClassResetClassAdapter - Found static initializer in class org/apache/hadoop/thirdparty/protobuf/TypeRegistry$EmptyTypeRegistryHolder
2024-11-12 13:42:23,156 INFO  EvoClassLoader - Keeping class: org.apache.hadoop.thirdparty.protobuf.TypeRegistry$EmptyTypeRegistryHolder
2024-11-12 13:42:23,156 INFO  EvoClassLoader - Seeing class for first time: org.apache.hadoop.hdfs.protocol.proto.HdfsProtos$DatanodeIDProto
2024-11-12 13:42:23,156 INFO  EvoClassLoader - Instrumenting class 'org.apache.hadoop.hdfs.protocol.proto.HdfsProtos$DatanodeIDProto'.
2024-11-12 13:42:23,157 INFO  MethodCallReplacementClassAdapter - Adding mock interface to class org/apache/hadoop/hdfs/protocol/proto/HdfsProtos$DatanodeIDProto
2024-11-12 13:42:23,157 INFO  CreateClassResetClassAdapter - Found static initializer in class org/apache/hadoop/hdfs/protocol/proto/HdfsProtos$DatanodeIDProto
2024-11-12 13:42:23,157 INFO  EvoClassLoader - Seeing class for first time: org.apache.hadoop.hdfs.protocol.proto.HdfsProtos$DatanodeIDProtoOrBuilder
2024-11-12 13:42:23,157 INFO  EvoClassLoader - Instrumenting class 'org.apache.hadoop.hdfs.protocol.proto.HdfsProtos$DatanodeIDProtoOrBuilder'.
2024-11-12 13:42:23,158 INFO  EvoClassLoader - Keeping class: org.apache.hadoop.hdfs.protocol.proto.HdfsProtos$DatanodeIDProtoOrBuilder
2024-11-12 13:42:23,158 INFO  EvoClassLoader - Keeping class: org.apache.hadoop.hdfs.protocol.proto.HdfsProtos$DatanodeIDProto
2024-11-12 13:42:23,158 INFO  EvoClassLoader - Seeing class for first time: org.apache.hadoop.hdfs.protocol.proto.HdfsProtos$DatanodeIDProto$1
2024-11-12 13:42:23,158 INFO  EvoClassLoader - Instrumenting class 'org.apache.hadoop.hdfs.protocol.proto.HdfsProtos$DatanodeIDProto$1'.
2024-11-12 13:42:23,158 INFO  MethodCallReplacementClassAdapter - Adding mock interface to class org/apache/hadoop/hdfs/protocol/proto/HdfsProtos$DatanodeIDProto$1
2024-11-12 13:42:23,159 INFO  EvoClassLoader - Keeping class: org.apache.hadoop.hdfs.protocol.proto.HdfsProtos$DatanodeIDProto$1
2024-11-12 13:42:23,159 INFO  EvoClassLoader - Seeing class for first time: org.apache.hadoop.thirdparty.protobuf.RepeatedFieldBuilderV3$MessageExternalList
2024-11-12 13:42:23,159 INFO  EvoClassLoader - Instrumenting class 'org.apache.hadoop.thirdparty.protobuf.RepeatedFieldBuilderV3$MessageExternalList'.
2024-11-12 13:42:23,159 INFO  MethodCallReplacementClassAdapter - Adding mock interface to class org/apache/hadoop/thirdparty/protobuf/RepeatedFieldBuilderV3$MessageExternalList
2024-11-12 13:42:23,159 INFO  CreateClassResetClassAdapter - Creating brand-new static initializer in class org/apache/hadoop/thirdparty/protobuf/RepeatedFieldBuilderV3$MessageExternalList
2024-11-12 13:42:23,160 INFO  EvoClassLoader - Keeping class: org.apache.hadoop.thirdparty.protobuf.RepeatedFieldBuilderV3$MessageExternalList
2024-11-12 13:42:23,160 INFO  EvoClassLoader - Seeing class for first time: org.apache.hadoop.hdfs.protocol.proto.HdfsProtos$ZoneEncryptionInfoProtoOrBuilder
2024-11-12 13:42:23,160 INFO  EvoClassLoader - Instrumenting class 'org.apache.hadoop.hdfs.protocol.proto.HdfsProtos$ZoneEncryptionInfoProtoOrBuilder'.
2024-11-12 13:42:23,160 INFO  EvoClassLoader - Keeping class: org.apache.hadoop.hdfs.protocol.proto.HdfsProtos$ZoneEncryptionInfoProtoOrBuilder
2024-11-12 13:42:23,160 INFO  EvoClassLoader - Seeing class for first time: org.apache.hadoop.thirdparty.protobuf.DescriptorProtos$EnumValueDescriptorProtoOrBuilder
2024-11-12 13:42:23,160 INFO  EvoClassLoader - Instrumenting class 'org.apache.hadoop.thirdparty.protobuf.DescriptorProtos$EnumValueDescriptorProtoOrBuilder'.
2024-11-12 13:42:23,161 INFO  EvoClassLoader - Keeping class: org.apache.hadoop.thirdparty.protobuf.DescriptorProtos$EnumValueDescriptorProtoOrBuilder
2024-11-12 13:42:23,161 INFO  EvoClassLoader - Seeing class for first time: org.apache.hadoop.thirdparty.protobuf.GeneratedMessageV3$FieldAccessorTable$SingularStringFieldAccessor
2024-11-12 13:42:23,161 INFO  EvoClassLoader - Instrumenting class 'org.apache.hadoop.thirdparty.protobuf.GeneratedMessageV3$FieldAccessorTable$SingularStringFieldAccessor'.
2024-11-12 13:42:23,161 INFO  MethodCallReplacementClassAdapter - Adding mock interface to class org/apache/hadoop/thirdparty/protobuf/GeneratedMessageV3$FieldAccessorTable$SingularStringFieldAccessor
2024-11-12 13:42:23,162 INFO  CreateClassResetClassAdapter - Creating brand-new static initializer in class org/apache/hadoop/thirdparty/protobuf/GeneratedMessageV3$FieldAccessorTable$SingularStringFieldAccessor
2024-11-12 13:42:23,162 INFO  EvoClassLoader - Seeing class for first time: org.apache.hadoop.thirdparty.protobuf.GeneratedMessageV3$FieldAccessorTable$SingularFieldAccessor
2024-11-12 13:42:23,162 INFO  EvoClassLoader - Instrumenting class 'org.apache.hadoop.thirdparty.protobuf.GeneratedMessageV3$FieldAccessorTable$SingularFieldAccessor'.
2024-11-12 13:42:23,162 INFO  MethodCallReplacementClassAdapter - Adding mock interface to class org/apache/hadoop/thirdparty/protobuf/GeneratedMessageV3$FieldAccessorTable$SingularFieldAccessor
2024-11-12 13:42:23,163 INFO  CreateClassResetClassAdapter - Creating brand-new static initializer in class org/apache/hadoop/thirdparty/protobuf/GeneratedMessageV3$FieldAccessorTable$SingularFieldAccessor
2024-11-12 13:42:23,163 INFO  EvoClassLoader - Seeing class for first time: org.apache.hadoop.thirdparty.protobuf.GeneratedMessageV3$FieldAccessorTable$FieldAccessor
2024-11-12 13:42:23,163 INFO  EvoClassLoader - Instrumenting class 'org.apache.hadoop.thirdparty.protobuf.GeneratedMessageV3$FieldAccessorTable$FieldAccessor'.
2024-11-12 13:42:23,163 INFO  EvoClassLoader - Keeping class: org.apache.hadoop.thirdparty.protobuf.GeneratedMessageV3$FieldAccessorTable$FieldAccessor
2024-11-12 13:42:23,164 INFO  EvoClassLoader - Keeping class: org.apache.hadoop.thirdparty.protobuf.GeneratedMessageV3$FieldAccessorTable$SingularFieldAccessor
2024-11-12 13:42:23,164 INFO  EvoClassLoader - Keeping class: org.apache.hadoop.thirdparty.protobuf.GeneratedMessageV3$FieldAccessorTable$SingularStringFieldAccessor
2024-11-12 13:42:23,164 INFO  EvoClassLoader - Seeing class for first time: org.apache.hadoop.thirdparty.protobuf.GeneratedMessageV3$FieldAccessorTable$SingularFieldAccessor$MethodInvoker
2024-11-12 13:42:23,164 INFO  EvoClassLoader - Instrumenting class 'org.apache.hadoop.thirdparty.protobuf.GeneratedMessageV3$FieldAccessorTable$SingularFieldAccessor$MethodInvoker'.
2024-11-12 13:42:23,164 INFO  EvoClassLoader - Keeping class: org.apache.hadoop.thirdparty.protobuf.GeneratedMessageV3$FieldAccessorTable$SingularFieldAccessor$MethodInvoker
2024-11-12 13:42:23,165 INFO  EvoClassLoader - Seeing class for first time: org.apache.hadoop.hdfs.server.namenode.FsImageProto$SnapshotDiffSection$FileDiffOrBuilder
2024-11-12 13:42:23,165 INFO  EvoClassLoader - Instrumenting class 'org.apache.hadoop.hdfs.server.namenode.FsImageProto$SnapshotDiffSection$FileDiffOrBuilder'.
2024-11-12 13:42:23,165 INFO  EvoClassLoader - Keeping class: org.apache.hadoop.hdfs.server.namenode.FsImageProto$SnapshotDiffSection$FileDiffOrBuilder
2024-11-12 13:42:23,165 INFO  EvoClassLoader - Seeing class for first time: org.apache.hadoop.thirdparty.protobuf.Descriptors$NumberGetter
2024-11-12 13:42:23,166 INFO  EvoClassLoader - Instrumenting class 'org.apache.hadoop.thirdparty.protobuf.Descriptors$NumberGetter'.
2024-11-12 13:42:23,166 INFO  EvoClassLoader - Keeping class: org.apache.hadoop.thirdparty.protobuf.Descriptors$NumberGetter
2024-11-12 13:42:23,167 INFO  EvoClassLoader - Seeing class for first time: org.apache.hadoop.thirdparty.protobuf.Descriptors$DescriptorValidationException
2024-11-12 13:42:23,167 INFO  EvoClassLoader - Instrumenting class 'org.apache.hadoop.thirdparty.protobuf.Descriptors$DescriptorValidationException'.
2024-11-12 13:42:23,167 INFO  MethodCallReplacementClassAdapter - Adding mock interface to class org/apache/hadoop/thirdparty/protobuf/Descriptors$DescriptorValidationException
2024-11-12 13:42:23,168 INFO  CreateClassResetClassAdapter - Creating brand-new static initializer in class org/apache/hadoop/thirdparty/protobuf/Descriptors$DescriptorValidationException
2024-11-12 13:42:23,168 INFO  EvoClassLoader - Keeping class: org.apache.hadoop.thirdparty.protobuf.Descriptors$DescriptorValidationException
2024-11-12 13:42:23,169 INFO  EvoClassLoader - Seeing class for first time: org.apache.hadoop.thirdparty.protobuf.Descriptors$FieldDescriptor$1
2024-11-12 13:42:23,169 INFO  EvoClassLoader - Instrumenting class 'org.apache.hadoop.thirdparty.protobuf.Descriptors$FieldDescriptor$1'.
2024-11-12 13:42:23,170 INFO  MethodCallReplacementClassAdapter - Adding mock interface to class org/apache/hadoop/thirdparty/protobuf/Descriptors$FieldDescriptor$1
2024-11-12 13:42:23,170 INFO  EvoClassLoader - Keeping class: org.apache.hadoop.thirdparty.protobuf.Descriptors$FieldDescriptor$1
2024-11-12 13:42:23,170 INFO  EvoClassLoader - Seeing class for first time: org.apache.hadoop.thirdparty.protobuf.WireFormat$FieldType
2024-11-12 13:42:23,170 INFO  EvoClassLoader - Instrumenting class 'org.apache.hadoop.thirdparty.protobuf.WireFormat$FieldType'.
2024-11-12 13:42:23,171 INFO  MethodCallReplacementClassAdapter - Adding mock interface to class org/apache/hadoop/thirdparty/protobuf/WireFormat$FieldType
2024-11-12 13:42:23,171 INFO  CreateClassResetClassAdapter - Found static initializer in class org/apache/hadoop/thirdparty/protobuf/WireFormat$FieldType
2024-11-12 13:42:23,171 INFO  EvoClassLoader - Keeping class: org.apache.hadoop.thirdparty.protobuf.WireFormat$FieldType
2024-11-12 13:42:23,172 INFO  EvoClassLoader - Seeing class for first time: org.apache.hadoop.thirdparty.protobuf.WireFormat$FieldType$1
2024-11-12 13:42:23,172 INFO  EvoClassLoader - Instrumenting class 'org.apache.hadoop.thirdparty.protobuf.WireFormat$FieldType$1'.
2024-11-12 13:42:23,172 INFO  MethodCallReplacementClassAdapter - Adding mock interface to class org/apache/hadoop/thirdparty/protobuf/WireFormat$FieldType$1
2024-11-12 13:42:23,172 INFO  EvoClassLoader - Keeping class: org.apache.hadoop.thirdparty.protobuf.WireFormat$FieldType$1
2024-11-12 13:42:23,172 INFO  EvoClassLoader - Seeing class for first time: org.apache.hadoop.thirdparty.protobuf.WireFormat$FieldType$2
2024-11-12 13:42:23,173 INFO  EvoClassLoader - Instrumenting class 'org.apache.hadoop.thirdparty.protobuf.WireFormat$FieldType$2'.
2024-11-12 13:42:23,173 INFO  MethodCallReplacementClassAdapter - Adding mock interface to class org/apache/hadoop/thirdparty/protobuf/WireFormat$FieldType$2
2024-11-12 13:42:23,173 INFO  EvoClassLoader - Keeping class: org.apache.hadoop.thirdparty.protobuf.WireFormat$FieldType$2
2024-11-12 13:42:23,173 INFO  EvoClassLoader - Seeing class for first time: org.apache.hadoop.thirdparty.protobuf.WireFormat$FieldType$3
2024-11-12 13:42:23,173 INFO  EvoClassLoader - Instrumenting class 'org.apache.hadoop.thirdparty.protobuf.WireFormat$FieldType$3'.
2024-11-12 13:42:23,174 INFO  MethodCallReplacementClassAdapter - Adding mock interface to class org/apache/hadoop/thirdparty/protobuf/WireFormat$FieldType$3
2024-11-12 13:42:23,174 INFO  EvoClassLoader - Keeping class: org.apache.hadoop.thirdparty.protobuf.WireFormat$FieldType$3
2024-11-12 13:42:23,174 INFO  EvoClassLoader - Seeing class for first time: org.apache.hadoop.thirdparty.protobuf.WireFormat$FieldType$4
2024-11-12 13:42:23,174 INFO  EvoClassLoader - Instrumenting class 'org.apache.hadoop.thirdparty.protobuf.WireFormat$FieldType$4'.
2024-11-12 13:42:23,174 INFO  MethodCallReplacementClassAdapter - Adding mock interface to class org/apache/hadoop/thirdparty/protobuf/WireFormat$FieldType$4
2024-11-12 13:42:23,174 INFO  EvoClassLoader - Keeping class: org.apache.hadoop.thirdparty.protobuf.WireFormat$FieldType$4
2024-11-12 13:42:23,175 INFO  EvoClassLoader - Seeing class for first time: org.apache.hadoop.thirdparty.protobuf.WireFormat$JavaType
2024-11-12 13:42:23,175 INFO  EvoClassLoader - Instrumenting class 'org.apache.hadoop.thirdparty.protobuf.WireFormat$JavaType'.
2024-11-12 13:42:23,175 INFO  MethodCallReplacementClassAdapter - Adding mock interface to class org/apache/hadoop/thirdparty/protobuf/WireFormat$JavaType
2024-11-12 13:42:23,175 INFO  CreateClassResetClassAdapter - Found static initializer in class org/apache/hadoop/thirdparty/protobuf/WireFormat$JavaType
2024-11-12 13:42:23,175 INFO  EvoClassLoader - Keeping class: org.apache.hadoop.thirdparty.protobuf.WireFormat$JavaType
2024-11-12 13:42:23,176 INFO  EvoClassLoader - Seeing class for first time: org.apache.hadoop.thirdparty.protobuf.Descriptors$FieldDescriptor$Type
2024-11-12 13:42:23,176 INFO  EvoClassLoader - Instrumenting class 'org.apache.hadoop.thirdparty.protobuf.Descriptors$FieldDescriptor$Type'.
2024-11-12 13:42:23,176 INFO  MethodCallReplacementClassAdapter - Adding mock interface to class org/apache/hadoop/thirdparty/protobuf/Descriptors$FieldDescriptor$Type
2024-11-12 13:42:23,177 INFO  CreateClassResetClassAdapter - Found static initializer in class org/apache/hadoop/thirdparty/protobuf/Descriptors$FieldDescriptor$Type
2024-11-12 13:42:23,177 INFO  EvoClassLoader - Keeping class: org.apache.hadoop.thirdparty.protobuf.Descriptors$FieldDescriptor$Type
2024-11-12 13:42:23,177 INFO  EvoClassLoader - Seeing class for first time: org.apache.hadoop.thirdparty.protobuf.Descriptors$FieldDescriptor$JavaType
2024-11-12 13:42:23,177 INFO  EvoClassLoader - Instrumenting class 'org.apache.hadoop.thirdparty.protobuf.Descriptors$FieldDescriptor$JavaType'.
2024-11-12 13:42:23,177 INFO  MethodCallReplacementClassAdapter - Adding mock interface to class org/apache/hadoop/thirdparty/protobuf/Descriptors$FieldDescriptor$JavaType
2024-11-12 13:42:23,178 INFO  CreateClassResetClassAdapter - Found static initializer in class org/apache/hadoop/thirdparty/protobuf/Descriptors$FieldDescriptor$JavaType
2024-11-12 13:42:23,178 INFO  EvoClassLoader - Keeping class: org.apache.hadoop.thirdparty.protobuf.Descriptors$FieldDescriptor$JavaType
2024-11-12 13:42:23,178 INFO  EvoClassLoader - Seeing class for first time: org.apache.hadoop.thirdparty.protobuf.DescriptorProtos$FieldDescriptorProto$Type
2024-11-12 13:42:23,178 INFO  EvoClassLoader - Instrumenting class 'org.apache.hadoop.thirdparty.protobuf.DescriptorProtos$FieldDescriptorProto$Type'.
2024-11-12 13:42:23,179 INFO  MethodCallReplacementClassAdapter - Adding mock interface to class org/apache/hadoop/thirdparty/protobuf/DescriptorProtos$FieldDescriptorProto$Type
2024-11-12 13:42:23,180 INFO  CreateClassResetClassAdapter - Found static initializer in class org/apache/hadoop/thirdparty/protobuf/DescriptorProtos$FieldDescriptorProto$Type
2024-11-12 13:42:23,180 INFO  EvoClassLoader - Keeping class: org.apache.hadoop.thirdparty.protobuf.DescriptorProtos$FieldDescriptorProto$Type
2024-11-12 13:42:23,181 INFO  EvoClassLoader - Seeing class for first time: org.apache.hadoop.thirdparty.protobuf.DescriptorProtos$FieldDescriptorProto$Type$1
2024-11-12 13:42:23,181 INFO  EvoClassLoader - Instrumenting class 'org.apache.hadoop.thirdparty.protobuf.DescriptorProtos$FieldDescriptorProto$Type$1'.
2024-11-12 13:42:23,181 INFO  MethodCallReplacementClassAdapter - Adding mock interface to class org/apache/hadoop/thirdparty/protobuf/DescriptorProtos$FieldDescriptorProto$Type$1
2024-11-12 13:42:23,182 INFO  EvoClassLoader - Keeping class: org.apache.hadoop.thirdparty.protobuf.DescriptorProtos$FieldDescriptorProto$Type$1
2024-11-12 13:42:23,182 INFO  EvoClassLoader - Seeing class for first time: org.apache.hadoop.hdfs.protocol.proto.HdfsProtos$FsServerDefaultsProto
2024-11-12 13:42:23,182 INFO  EvoClassLoader - Instrumenting class 'org.apache.hadoop.hdfs.protocol.proto.HdfsProtos$FsServerDefaultsProto'.
2024-11-12 13:42:23,182 INFO  MethodCallReplacementClassAdapter - Adding mock interface to class org/apache/hadoop/hdfs/protocol/proto/HdfsProtos$FsServerDefaultsProto
2024-11-12 13:42:23,184 INFO  CreateClassResetClassAdapter - Found static initializer in class org/apache/hadoop/hdfs/protocol/proto/HdfsProtos$FsServerDefaultsProto
2024-11-12 13:42:23,185 INFO  EvoClassLoader - Keeping class: org.apache.hadoop.hdfs.protocol.proto.HdfsProtos$FsServerDefaultsProto
2024-11-12 13:42:23,186 INFO  EvoClassLoader - Seeing class for first time: org.apache.hadoop.hdfs.protocol.proto.HdfsProtos$FsServerDefaultsProto$1
2024-11-12 13:42:23,186 INFO  EvoClassLoader - Instrumenting class 'org.apache.hadoop.hdfs.protocol.proto.HdfsProtos$FsServerDefaultsProto$1'.
2024-11-12 13:42:23,186 INFO  MethodCallReplacementClassAdapter - Adding mock interface to class org/apache/hadoop/hdfs/protocol/proto/HdfsProtos$FsServerDefaultsProto$1
2024-11-12 13:42:23,187 INFO  EvoClassLoader - Keeping class: org.apache.hadoop.hdfs.protocol.proto.HdfsProtos$FsServerDefaultsProto$1
2024-11-12 13:42:23,187 INFO  EvoClassLoader - Seeing class for first time: org.apache.hadoop.hdfs.server.namenode.FsImageProto$INodeSection$AclFeatureProto$Builder
2024-11-12 13:42:23,187 INFO  EvoClassLoader - Instrumenting class 'org.apache.hadoop.hdfs.server.namenode.FsImageProto$INodeSection$AclFeatureProto$Builder'.
2024-11-12 13:42:23,188 INFO  MethodCallReplacementClassAdapter - Adding mock interface to class org/apache/hadoop/hdfs/server/namenode/FsImageProto$INodeSection$AclFeatureProto$Builder
2024-11-12 13:42:23,190 INFO  CreateClassResetClassAdapter - Creating brand-new static initializer in class org/apache/hadoop/hdfs/server/namenode/FsImageProto$INodeSection$AclFeatureProto$Builder
2024-11-12 13:42:23,191 INFO  EvoClassLoader - Keeping class: org.apache.hadoop.hdfs.server.namenode.FsImageProto$INodeSection$AclFeatureProto$Builder
2024-11-12 13:42:23,192 INFO  EvoClassLoader - Seeing class for first time: org.apache.hadoop.hdfs.server.namenode.FsImageProto$INodeSection$INode$Type$1
2024-11-12 13:42:23,192 INFO  EvoClassLoader - Instrumenting class 'org.apache.hadoop.hdfs.server.namenode.FsImageProto$INodeSection$INode$Type$1'.
2024-11-12 13:42:23,192 INFO  MethodCallReplacementClassAdapter - Adding mock interface to class org/apache/hadoop/hdfs/server/namenode/FsImageProto$INodeSection$INode$Type$1
2024-11-12 13:42:23,193 INFO  EvoClassLoader - Keeping class: org.apache.hadoop.hdfs.server.namenode.FsImageProto$INodeSection$INode$Type$1
2024-11-12 13:42:23,193 INFO  EvoClassLoader - Seeing class for first time: org.apache.hadoop.hdfs.protocol.proto.HdfsProtos$LocatedBlocksProtoOrBuilder
2024-11-12 13:42:23,193 INFO  EvoClassLoader - Instrumenting class 'org.apache.hadoop.hdfs.protocol.proto.HdfsProtos$LocatedBlocksProtoOrBuilder'.
2024-11-12 13:42:23,193 INFO  EvoClassLoader - Keeping class: org.apache.hadoop.hdfs.protocol.proto.HdfsProtos$LocatedBlocksProtoOrBuilder
2024-11-12 13:42:23,194 INFO  EvoClassLoader - Seeing class for first time: org.apache.hadoop.hdfs.protocol.proto.HdfsProtos$PerFileEncryptionInfoProto
2024-11-12 13:42:23,194 INFO  EvoClassLoader - Instrumenting class 'org.apache.hadoop.hdfs.protocol.proto.HdfsProtos$PerFileEncryptionInfoProto'.
2024-11-12 13:42:23,194 INFO  MethodCallReplacementClassAdapter - Adding mock interface to class org/apache/hadoop/hdfs/protocol/proto/HdfsProtos$PerFileEncryptionInfoProto
2024-11-12 13:42:23,195 INFO  CreateClassResetClassAdapter - Found static initializer in class org/apache/hadoop/hdfs/protocol/proto/HdfsProtos$PerFileEncryptionInfoProto
2024-11-12 13:42:23,195 INFO  EvoClassLoader - Seeing class for first time: org.apache.hadoop.hdfs.protocol.proto.HdfsProtos$PerFileEncryptionInfoProtoOrBuilder
2024-11-12 13:42:23,195 INFO  EvoClassLoader - Instrumenting class 'org.apache.hadoop.hdfs.protocol.proto.HdfsProtos$PerFileEncryptionInfoProtoOrBuilder'.
2024-11-12 13:42:23,196 INFO  EvoClassLoader - Keeping class: org.apache.hadoop.hdfs.protocol.proto.HdfsProtos$PerFileEncryptionInfoProtoOrBuilder
2024-11-12 13:42:23,196 INFO  EvoClassLoader - Keeping class: org.apache.hadoop.hdfs.protocol.proto.HdfsProtos$PerFileEncryptionInfoProto
2024-11-12 13:42:23,197 INFO  EvoClassLoader - Seeing class for first time: org.apache.hadoop.hdfs.protocol.proto.HdfsProtos$PerFileEncryptionInfoProto$1
2024-11-12 13:42:23,197 INFO  EvoClassLoader - Instrumenting class 'org.apache.hadoop.hdfs.protocol.proto.HdfsProtos$PerFileEncryptionInfoProto$1'.
2024-11-12 13:42:23,198 INFO  MethodCallReplacementClassAdapter - Adding mock interface to class org/apache/hadoop/hdfs/protocol/proto/HdfsProtos$PerFileEncryptionInfoProto$1
2024-11-12 13:42:23,198 INFO  EvoClassLoader - Keeping class: org.apache.hadoop.hdfs.protocol.proto.HdfsProtos$PerFileEncryptionInfoProto$1
2024-11-12 13:42:23,198 INFO  EvoClassLoader - Seeing class for first time: org.apache.hadoop.hdfs.protocol.proto.HdfsProtos$DataEncryptionKeyProtoOrBuilder
2024-11-12 13:42:23,198 INFO  EvoClassLoader - Instrumenting class 'org.apache.hadoop.hdfs.protocol.proto.HdfsProtos$DataEncryptionKeyProtoOrBuilder'.
2024-11-12 13:42:23,199 INFO  EvoClassLoader - Keeping class: org.apache.hadoop.hdfs.protocol.proto.HdfsProtos$DataEncryptionKeyProtoOrBuilder
2024-11-12 13:42:23,199 INFO  EvoClassLoader - Seeing class for first time: org.apache.hadoop.hdfs.protocol.proto.HdfsProtos$DirectoryListingProto
2024-11-12 13:42:23,199 INFO  EvoClassLoader - Instrumenting class 'org.apache.hadoop.hdfs.protocol.proto.HdfsProtos$DirectoryListingProto'.
2024-11-12 13:42:23,200 INFO  MethodCallReplacementClassAdapter - Adding mock interface to class org/apache/hadoop/hdfs/protocol/proto/HdfsProtos$DirectoryListingProto
2024-11-12 13:42:23,200 INFO  CreateClassResetClassAdapter - Found static initializer in class org/apache/hadoop/hdfs/protocol/proto/HdfsProtos$DirectoryListingProto
2024-11-12 13:42:23,201 INFO  EvoClassLoader - Seeing class for first time: org.apache.hadoop.hdfs.protocol.proto.HdfsProtos$DirectoryListingProtoOrBuilder
2024-11-12 13:42:23,201 INFO  EvoClassLoader - Instrumenting class 'org.apache.hadoop.hdfs.protocol.proto.HdfsProtos$DirectoryListingProtoOrBuilder'.
2024-11-12 13:42:23,202 INFO  EvoClassLoader - Keeping class: org.apache.hadoop.hdfs.protocol.proto.HdfsProtos$DirectoryListingProtoOrBuilder
2024-11-12 13:42:23,202 INFO  EvoClassLoader - Keeping class: org.apache.hadoop.hdfs.protocol.proto.HdfsProtos$DirectoryListingProto
2024-11-12 13:42:23,202 INFO  EvoClassLoader - Seeing class for first time: org.apache.hadoop.hdfs.protocol.proto.HdfsProtos$DirectoryListingProto$1
2024-11-12 13:42:23,202 INFO  EvoClassLoader - Instrumenting class 'org.apache.hadoop.hdfs.protocol.proto.HdfsProtos$DirectoryListingProto$1'.
2024-11-12 13:42:23,203 INFO  MethodCallReplacementClassAdapter - Adding mock interface to class org/apache/hadoop/hdfs/protocol/proto/HdfsProtos$DirectoryListingProto$1
2024-11-12 13:42:23,203 INFO  EvoClassLoader - Keeping class: org.apache.hadoop.hdfs.protocol.proto.HdfsProtos$DirectoryListingProto$1
2024-11-12 13:42:23,203 INFO  EvoClassLoader - Seeing class for first time: org.apache.hadoop.thirdparty.protobuf.DescriptorProtos$DescriptorProto$ExtensionRangeOrBuilder
2024-11-12 13:42:23,203 INFO  EvoClassLoader - Instrumenting class 'org.apache.hadoop.thirdparty.protobuf.DescriptorProtos$DescriptorProto$ExtensionRangeOrBuilder'.
2024-11-12 13:42:23,204 INFO  EvoClassLoader - Keeping class: org.apache.hadoop.thirdparty.protobuf.DescriptorProtos$DescriptorProto$ExtensionRangeOrBuilder
2024-11-12 13:42:23,204 INFO  EvoClassLoader - Seeing class for first time: org.apache.hadoop.hdfs.protocol.proto.HdfsProtos$LocatedBlockProtoOrBuilder
2024-11-12 13:42:23,204 INFO  EvoClassLoader - Instrumenting class 'org.apache.hadoop.hdfs.protocol.proto.HdfsProtos$LocatedBlockProtoOrBuilder'.
2024-11-12 13:42:23,204 INFO  EvoClassLoader - Keeping class: org.apache.hadoop.hdfs.protocol.proto.HdfsProtos$LocatedBlockProtoOrBuilder
2024-11-12 13:42:23,205 INFO  EvoClassLoader - Seeing class for first time: org.apache.hadoop.hdfs.protocol.proto.XAttrProtos
2024-11-12 13:42:23,205 INFO  EvoClassLoader - Instrumenting class 'org.apache.hadoop.hdfs.protocol.proto.XAttrProtos'.
2024-11-12 13:42:23,205 INFO  MethodCallReplacementClassAdapter - Adding mock interface to class org/apache/hadoop/hdfs/protocol/proto/XAttrProtos
2024-11-12 13:42:23,205 INFO  CreateClassResetClassAdapter - Found static initializer in class org/apache/hadoop/hdfs/protocol/proto/XAttrProtos
2024-11-12 13:42:23,205 INFO  EvoClassLoader - Keeping class: org.apache.hadoop.hdfs.protocol.proto.XAttrProtos
2024-11-12 13:42:23,205 INFO  EvoClassLoader - Seeing class for first time: org.apache.hadoop.thirdparty.protobuf.Descriptors$FileDescriptor
2024-11-12 13:42:23,205 INFO  EvoClassLoader - Instrumenting class 'org.apache.hadoop.thirdparty.protobuf.Descriptors$FileDescriptor'.
2024-11-12 13:42:23,206 INFO  MethodCallReplacementClassAdapter - Adding mock interface to class org/apache/hadoop/thirdparty/protobuf/Descriptors$FileDescriptor
2024-11-12 13:42:23,208 INFO  CreateClassResetClassAdapter - Creating brand-new static initializer in class org/apache/hadoop/thirdparty/protobuf/Descriptors$FileDescriptor
2024-11-12 13:42:23,209 INFO  EvoClassLoader - Keeping class: org.apache.hadoop.thirdparty.protobuf.Descriptors$FileDescriptor
2024-11-12 13:42:23,210 INFO  EvoClassLoader - Seeing class for first time: org.apache.hadoop.thirdparty.protobuf.DescriptorProtos$FileDescriptorProto
2024-11-12 13:42:23,210 INFO  EvoClassLoader - Instrumenting class 'org.apache.hadoop.thirdparty.protobuf.DescriptorProtos$FileDescriptorProto'.
2024-11-12 13:42:23,212 INFO  MethodCallReplacementClassAdapter - Adding mock interface to class org/apache/hadoop/thirdparty/protobuf/DescriptorProtos$FileDescriptorProto
2024-11-12 13:42:23,213 INFO  CreateClassResetClassAdapter - Found static initializer in class org/apache/hadoop/thirdparty/protobuf/DescriptorProtos$FileDescriptorProto
2024-11-12 13:42:23,214 INFO  EvoClassLoader - Seeing class for first time: org.apache.hadoop.thirdparty.protobuf.DescriptorProtos$FileDescriptorProtoOrBuilder
2024-11-12 13:42:23,214 INFO  EvoClassLoader - Instrumenting class 'org.apache.hadoop.thirdparty.protobuf.DescriptorProtos$FileDescriptorProtoOrBuilder'.
2024-11-12 13:42:23,214 INFO  EvoClassLoader - Keeping class: org.apache.hadoop.thirdparty.protobuf.DescriptorProtos$FileDescriptorProtoOrBuilder
2024-11-12 13:42:23,215 INFO  EvoClassLoader - Keeping class: org.apache.hadoop.thirdparty.protobuf.DescriptorProtos$FileDescriptorProto
2024-11-12 13:42:23,215 INFO  EvoClassLoader - Seeing class for first time: org.apache.hadoop.thirdparty.protobuf.DescriptorProtos$SourceCodeInfoOrBuilder
2024-11-12 13:42:23,215 INFO  EvoClassLoader - Instrumenting class 'org.apache.hadoop.thirdparty.protobuf.DescriptorProtos$SourceCodeInfoOrBuilder'.
2024-11-12 13:42:23,216 INFO  EvoClassLoader - Keeping class: org.apache.hadoop.thirdparty.protobuf.DescriptorProtos$SourceCodeInfoOrBuilder
2024-11-12 13:42:23,217 INFO  EvoClassLoader - Seeing class for first time: org.apache.hadoop.thirdparty.protobuf.LazyStringArrayList
2024-11-12 13:42:23,217 INFO  EvoClassLoader - Instrumenting class 'org.apache.hadoop.thirdparty.protobuf.LazyStringArrayList'.
2024-11-12 13:42:23,217 INFO  MethodCallReplacementClassAdapter - Adding mock interface to class org/apache/hadoop/thirdparty/protobuf/LazyStringArrayList
2024-11-12 13:42:23,219 INFO  CreateClassResetClassAdapter - Found static initializer in class org/apache/hadoop/thirdparty/protobuf/LazyStringArrayList
2024-11-12 13:42:23,220 INFO  EvoClassLoader - Keeping class: org.apache.hadoop.thirdparty.protobuf.LazyStringArrayList
2024-11-12 13:42:23,220 INFO  EvoClassLoader - Seeing class for first time: org.apache.hadoop.thirdparty.protobuf.IntArrayList
2024-11-12 13:42:23,220 INFO  EvoClassLoader - Instrumenting class 'org.apache.hadoop.thirdparty.protobuf.IntArrayList'.
2024-11-12 13:42:23,221 INFO  MethodCallReplacementClassAdapter - Adding mock interface to class org/apache/hadoop/thirdparty/protobuf/IntArrayList
2024-11-12 13:42:23,222 INFO  CreateClassResetClassAdapter - Found static initializer in class org/apache/hadoop/thirdparty/protobuf/IntArrayList
2024-11-12 13:42:23,223 INFO  EvoClassLoader - Keeping class: org.apache.hadoop.thirdparty.protobuf.IntArrayList
2024-11-12 13:42:23,223 INFO  EvoClassLoader - Seeing class for first time: org.apache.hadoop.thirdparty.protobuf.DescriptorProtos$FileDescriptorProto$1
2024-11-12 13:42:23,223 INFO  EvoClassLoader - Instrumenting class 'org.apache.hadoop.thirdparty.protobuf.DescriptorProtos$FileDescriptorProto$1'.
2024-11-12 13:42:23,224 INFO  MethodCallReplacementClassAdapter - Adding mock interface to class org/apache/hadoop/thirdparty/protobuf/DescriptorProtos$FileDescriptorProto$1
2024-11-12 13:42:23,224 INFO  EvoClassLoader - Keeping class: org.apache.hadoop.thirdparty.protobuf.DescriptorProtos$FileDescriptorProto$1
2024-11-12 13:42:23,225 INFO  EvoClassLoader - Seeing class for first time: org.apache.hadoop.thirdparty.protobuf.DescriptorProtos$FileDescriptorProto$Builder
2024-11-12 13:42:23,225 INFO  EvoClassLoader - Instrumenting class 'org.apache.hadoop.thirdparty.protobuf.DescriptorProtos$FileDescriptorProto$Builder'.
2024-11-12 13:42:23,226 INFO  MethodCallReplacementClassAdapter - Adding mock interface to class org/apache/hadoop/thirdparty/protobuf/DescriptorProtos$FileDescriptorProto$Builder
2024-11-12 13:42:23,230 INFO  CreateClassResetClassAdapter - Creating brand-new static initializer in class org/apache/hadoop/thirdparty/protobuf/DescriptorProtos$FileDescriptorProto$Builder
2024-11-12 13:42:23,232 INFO  EvoClassLoader - Keeping class: org.apache.hadoop.thirdparty.protobuf.DescriptorProtos$FileDescriptorProto$Builder
2024-11-12 13:42:23,232 INFO  EvoClassLoader - Seeing class for first time: org.apache.hadoop.thirdparty.protobuf.DescriptorProtos$DescriptorProto
2024-11-12 13:42:23,232 INFO  EvoClassLoader - Instrumenting class 'org.apache.hadoop.thirdparty.protobuf.DescriptorProtos$DescriptorProto'.
2024-11-12 13:42:23,233 INFO  MethodCallReplacementClassAdapter - Adding mock interface to class org/apache/hadoop/thirdparty/protobuf/DescriptorProtos$DescriptorProto
2024-11-12 13:42:23,235 INFO  CreateClassResetClassAdapter - Found static initializer in class org/apache/hadoop/thirdparty/protobuf/DescriptorProtos$DescriptorProto
2024-11-12 13:42:23,235 INFO  EvoClassLoader - Seeing class for first time: org.apache.hadoop.thirdparty.protobuf.DescriptorProtos$DescriptorProtoOrBuilder
2024-11-12 13:42:23,235 INFO  EvoClassLoader - Instrumenting class 'org.apache.hadoop.thirdparty.protobuf.DescriptorProtos$DescriptorProtoOrBuilder'.
2024-11-12 13:42:23,236 INFO  EvoClassLoader - Keeping class: org.apache.hadoop.thirdparty.protobuf.DescriptorProtos$DescriptorProtoOrBuilder
2024-11-12 13:42:23,237 INFO  EvoClassLoader - Keeping class: org.apache.hadoop.thirdparty.protobuf.DescriptorProtos$DescriptorProto
2024-11-12 13:42:23,237 INFO  EvoClassLoader - Seeing class for first time: org.apache.hadoop.thirdparty.protobuf.DescriptorProtos$EnumDescriptorProto
2024-11-12 13:42:23,237 INFO  EvoClassLoader - Instrumenting class 'org.apache.hadoop.thirdparty.protobuf.DescriptorProtos$EnumDescriptorProto'.
2024-11-12 13:42:23,237 INFO  MethodCallReplacementClassAdapter - Adding mock interface to class org/apache/hadoop/thirdparty/protobuf/DescriptorProtos$EnumDescriptorProto
2024-11-12 13:42:23,238 INFO  CreateClassResetClassAdapter - Found static initializer in class org/apache/hadoop/thirdparty/protobuf/DescriptorProtos$EnumDescriptorProto
2024-11-12 13:42:23,239 INFO  EvoClassLoader - Seeing class for first time: org.apache.hadoop.thirdparty.protobuf.DescriptorProtos$EnumDescriptorProtoOrBuilder
2024-11-12 13:42:23,239 INFO  EvoClassLoader - Instrumenting class 'org.apache.hadoop.thirdparty.protobuf.DescriptorProtos$EnumDescriptorProtoOrBuilder'.
2024-11-12 13:42:23,240 INFO  EvoClassLoader - Keeping class: org.apache.hadoop.thirdparty.protobuf.DescriptorProtos$EnumDescriptorProtoOrBuilder
2024-11-12 13:42:23,240 INFO  EvoClassLoader - Keeping class: org.apache.hadoop.thirdparty.protobuf.DescriptorProtos$EnumDescriptorProto
2024-11-12 13:42:23,240 INFO  EvoClassLoader - Seeing class for first time: org.apache.hadoop.thirdparty.protobuf.DescriptorProtos$ServiceDescriptorProto
2024-11-12 13:42:23,240 INFO  EvoClassLoader - Instrumenting class 'org.apache.hadoop.thirdparty.protobuf.DescriptorProtos$ServiceDescriptorProto'.
2024-11-12 13:42:23,241 INFO  MethodCallReplacementClassAdapter - Adding mock interface to class org/apache/hadoop/thirdparty/protobuf/DescriptorProtos$ServiceDescriptorProto
2024-11-12 13:42:23,242 INFO  CreateClassResetClassAdapter - Found static initializer in class org/apache/hadoop/thirdparty/protobuf/DescriptorProtos$ServiceDescriptorProto
2024-11-12 13:42:23,242 INFO  EvoClassLoader - Seeing class for first time: org.apache.hadoop.thirdparty.protobuf.DescriptorProtos$ServiceDescriptorProtoOrBuilder
2024-11-12 13:42:23,242 INFO  EvoClassLoader - Instrumenting class 'org.apache.hadoop.thirdparty.protobuf.DescriptorProtos$ServiceDescriptorProtoOrBuilder'.
2024-11-12 13:42:23,243 INFO  EvoClassLoader - Keeping class: org.apache.hadoop.thirdparty.protobuf.DescriptorProtos$ServiceDescriptorProtoOrBuilder
2024-11-12 13:42:23,243 INFO  EvoClassLoader - Keeping class: org.apache.hadoop.thirdparty.protobuf.DescriptorProtos$ServiceDescriptorProto
2024-11-12 13:42:23,243 INFO  EvoClassLoader - Seeing class for first time: org.apache.hadoop.thirdparty.protobuf.DescriptorProtos$FieldDescriptorProto
2024-11-12 13:42:23,243 INFO  EvoClassLoader - Instrumenting class 'org.apache.hadoop.thirdparty.protobuf.DescriptorProtos$FieldDescriptorProto'.
2024-11-12 13:42:23,244 INFO  MethodCallReplacementClassAdapter - Adding mock interface to class org/apache/hadoop/thirdparty/protobuf/DescriptorProtos$FieldDescriptorProto
2024-11-12 13:42:23,245 INFO  CreateClassResetClassAdapter - Found static initializer in class org/apache/hadoop/thirdparty/protobuf/DescriptorProtos$FieldDescriptorProto
2024-11-12 13:42:23,245 INFO  EvoClassLoader - Seeing class for first time: org.apache.hadoop.thirdparty.protobuf.DescriptorProtos$FieldDescriptorProtoOrBuilder
2024-11-12 13:42:23,245 INFO  EvoClassLoader - Instrumenting class 'org.apache.hadoop.thirdparty.protobuf.DescriptorProtos$FieldDescriptorProtoOrBuilder'.
2024-11-12 13:42:23,246 INFO  EvoClassLoader - Keeping class: org.apache.hadoop.thirdparty.protobuf.DescriptorProtos$FieldDescriptorProtoOrBuilder
2024-11-12 13:42:23,246 INFO  EvoClassLoader - Keeping class: org.apache.hadoop.thirdparty.protobuf.DescriptorProtos$FieldDescriptorProto
2024-11-12 13:42:23,247 INFO  EvoClassLoader - Seeing class for first time: org.apache.hadoop.thirdparty.protobuf.DescriptorProtos$SourceCodeInfo
2024-11-12 13:42:23,247 INFO  EvoClassLoader - Instrumenting class 'org.apache.hadoop.thirdparty.protobuf.DescriptorProtos$SourceCodeInfo'.
2024-11-12 13:42:23,247 INFO  MethodCallReplacementClassAdapter - Adding mock interface to class org/apache/hadoop/thirdparty/protobuf/DescriptorProtos$SourceCodeInfo
2024-11-12 13:42:23,248 INFO  CreateClassResetClassAdapter - Found static initializer in class org/apache/hadoop/thirdparty/protobuf/DescriptorProtos$SourceCodeInfo
2024-11-12 13:42:23,249 INFO  EvoClassLoader - Keeping class: org.apache.hadoop.thirdparty.protobuf.DescriptorProtos$SourceCodeInfo
2024-11-12 13:42:23,250 INFO  EvoClassLoader - Seeing class for first time: org.apache.hadoop.thirdparty.protobuf.WireFormat
2024-11-12 13:42:23,250 INFO  EvoClassLoader - Instrumenting class 'org.apache.hadoop.thirdparty.protobuf.WireFormat'.
2024-11-12 13:42:23,251 INFO  MethodCallReplacementClassAdapter - Adding mock interface to class org/apache/hadoop/thirdparty/protobuf/WireFormat
2024-11-12 13:42:23,253 INFO  CreateClassResetClassAdapter - Found static initializer in class org/apache/hadoop/thirdparty/protobuf/WireFormat
2024-11-12 13:42:23,253 INFO  EvoClassLoader - Keeping class: org.apache.hadoop.thirdparty.protobuf.WireFormat
2024-11-12 13:42:23,255 INFO  EvoClassLoader - Seeing class for first time: org.apache.hadoop.thirdparty.protobuf.DescriptorProtos$DescriptorProto$Builder
2024-11-12 13:42:23,255 INFO  EvoClassLoader - Instrumenting class 'org.apache.hadoop.thirdparty.protobuf.DescriptorProtos$DescriptorProto$Builder'.
2024-11-12 13:42:23,256 INFO  MethodCallReplacementClassAdapter - Adding mock interface to class org/apache/hadoop/thirdparty/protobuf/DescriptorProtos$DescriptorProto$Builder
2024-11-12 13:42:23,261 INFO  CreateClassResetClassAdapter - Creating brand-new static initializer in class org/apache/hadoop/thirdparty/protobuf/DescriptorProtos$DescriptorProto$Builder
2024-11-12 13:42:23,263 INFO  EvoClassLoader - Keeping class: org.apache.hadoop.thirdparty.protobuf.DescriptorProtos$DescriptorProto$Builder
2024-11-12 13:42:23,264 INFO  EvoClassLoader - Seeing class for first time: org.apache.hadoop.thirdparty.protobuf.DescriptorProtos$DescriptorProto$ExtensionRange
2024-11-12 13:42:23,264 INFO  EvoClassLoader - Instrumenting class 'org.apache.hadoop.thirdparty.protobuf.DescriptorProtos$DescriptorProto$ExtensionRange'.
2024-11-12 13:42:23,265 INFO  MethodCallReplacementClassAdapter - Adding mock interface to class org/apache/hadoop/thirdparty/protobuf/DescriptorProtos$DescriptorProto$ExtensionRange
2024-11-12 13:42:23,266 INFO  CreateClassResetClassAdapter - Found static initializer in class org/apache/hadoop/thirdparty/protobuf/DescriptorProtos$DescriptorProto$ExtensionRange
2024-11-12 13:42:23,267 INFO  EvoClassLoader - Keeping class: org.apache.hadoop.thirdparty.protobuf.DescriptorProtos$DescriptorProto$ExtensionRange
2024-11-12 13:42:23,267 INFO  EvoClassLoader - Seeing class for first time: org.apache.hadoop.thirdparty.protobuf.DescriptorProtos$DescriptorProto$ReservedRange
2024-11-12 13:42:23,267 INFO  EvoClassLoader - Instrumenting class 'org.apache.hadoop.thirdparty.protobuf.DescriptorProtos$DescriptorProto$ReservedRange'.
2024-11-12 13:42:23,268 INFO  MethodCallReplacementClassAdapter - Adding mock interface to class org/apache/hadoop/thirdparty/protobuf/DescriptorProtos$DescriptorProto$ReservedRange
2024-11-12 13:42:23,268 INFO  CreateClassResetClassAdapter - Found static initializer in class org/apache/hadoop/thirdparty/protobuf/DescriptorProtos$DescriptorProto$ReservedRange
2024-11-12 13:42:23,269 INFO  EvoClassLoader - Keeping class: org.apache.hadoop.thirdparty.protobuf.DescriptorProtos$DescriptorProto$ReservedRange
2024-11-12 13:42:23,269 INFO  EvoClassLoader - Seeing class for first time: org.apache.hadoop.thirdparty.protobuf.DescriptorProtos$MessageOptions
2024-11-12 13:42:23,269 INFO  EvoClassLoader - Instrumenting class 'org.apache.hadoop.thirdparty.protobuf.DescriptorProtos$MessageOptions'.
2024-11-12 13:42:23,270 INFO  MethodCallReplacementClassAdapter - Adding mock interface to class org/apache/hadoop/thirdparty/protobuf/DescriptorProtos$MessageOptions
2024-11-12 13:42:23,270 INFO  CreateClassResetClassAdapter - Found static initializer in class org/apache/hadoop/thirdparty/protobuf/DescriptorProtos$MessageOptions
2024-11-12 13:42:23,271 INFO  EvoClassLoader - Keeping class: org.apache.hadoop.thirdparty.protobuf.DescriptorProtos$MessageOptions
2024-11-12 13:42:23,274 INFO  EvoClassLoader - Seeing class for first time: org.apache.hadoop.thirdparty.protobuf.DescriptorProtos$FieldDescriptorProto$1
2024-11-12 13:42:23,274 INFO  EvoClassLoader - Instrumenting class 'org.apache.hadoop.thirdparty.protobuf.DescriptorProtos$FieldDescriptorProto$1'.
2024-11-12 13:42:23,274 INFO  MethodCallReplacementClassAdapter - Adding mock interface to class org/apache/hadoop/thirdparty/protobuf/DescriptorProtos$FieldDescriptorProto$1
2024-11-12 13:42:23,275 INFO  EvoClassLoader - Keeping class: org.apache.hadoop.thirdparty.protobuf.DescriptorProtos$FieldDescriptorProto$1
2024-11-12 13:42:23,275 INFO  EvoClassLoader - Seeing class for first time: org.apache.hadoop.thirdparty.protobuf.DescriptorProtos$FieldDescriptorProto$Builder
2024-11-12 13:42:23,275 INFO  EvoClassLoader - Instrumenting class 'org.apache.hadoop.thirdparty.protobuf.DescriptorProtos$FieldDescriptorProto$Builder'.
2024-11-12 13:42:23,276 INFO  MethodCallReplacementClassAdapter - Adding mock interface to class org/apache/hadoop/thirdparty/protobuf/DescriptorProtos$FieldDescriptorProto$Builder
2024-11-12 13:42:23,278 INFO  CreateClassResetClassAdapter - Creating brand-new static initializer in class org/apache/hadoop/thirdparty/protobuf/DescriptorProtos$FieldDescriptorProto$Builder
2024-11-12 13:42:23,278 INFO  EvoClassLoader - Keeping class: org.apache.hadoop.thirdparty.protobuf.DescriptorProtos$FieldDescriptorProto$Builder
2024-11-12 13:42:23,279 INFO  EvoClassLoader - Seeing class for first time: org.apache.hadoop.thirdparty.protobuf.DescriptorProtos$FieldOptions
2024-11-12 13:42:23,279 INFO  EvoClassLoader - Instrumenting class 'org.apache.hadoop.thirdparty.protobuf.DescriptorProtos$FieldOptions'.
2024-11-12 13:42:23,280 INFO  MethodCallReplacementClassAdapter - Adding mock interface to class org/apache/hadoop/thirdparty/protobuf/DescriptorProtos$FieldOptions
2024-11-12 13:42:23,280 INFO  CreateClassResetClassAdapter - Found static initializer in class org/apache/hadoop/thirdparty/protobuf/DescriptorProtos$FieldOptions
2024-11-12 13:42:23,281 INFO  EvoClassLoader - Keeping class: org.apache.hadoop.thirdparty.protobuf.DescriptorProtos$FieldOptions
2024-11-12 13:42:23,283 INFO  EvoClassLoader - Seeing class for first time: org.apache.hadoop.thirdparty.protobuf.DescriptorProtos$EnumOptionsOrBuilder
2024-11-12 13:42:23,283 INFO  EvoClassLoader - Instrumenting class 'org.apache.hadoop.thirdparty.protobuf.DescriptorProtos$EnumOptionsOrBuilder'.
2024-11-12 13:42:23,284 INFO  EvoClassLoader - Keeping class: org.apache.hadoop.thirdparty.protobuf.DescriptorProtos$EnumOptionsOrBuilder
2024-11-12 13:42:23,284 INFO  EvoClassLoader - Seeing class for first time: org.apache.hadoop.thirdparty.protobuf.DescriptorProtos$EnumDescriptorProto$Builder
2024-11-12 13:42:23,284 INFO  EvoClassLoader - Instrumenting class 'org.apache.hadoop.thirdparty.protobuf.DescriptorProtos$EnumDescriptorProto$Builder'.
2024-11-12 13:42:23,285 INFO  MethodCallReplacementClassAdapter - Adding mock interface to class org/apache/hadoop/thirdparty/protobuf/DescriptorProtos$EnumDescriptorProto$Builder
2024-11-12 13:42:23,288 INFO  CreateClassResetClassAdapter - Creating brand-new static initializer in class org/apache/hadoop/thirdparty/protobuf/DescriptorProtos$EnumDescriptorProto$Builder
2024-11-12 13:42:23,290 INFO  EvoClassLoader - Keeping class: org.apache.hadoop.thirdparty.protobuf.DescriptorProtos$EnumDescriptorProto$Builder
2024-11-12 13:42:23,290 INFO  EvoClassLoader - Seeing class for first time: org.apache.hadoop.thirdparty.protobuf.DescriptorProtos$EnumValueDescriptorProto
2024-11-12 13:42:23,290 INFO  EvoClassLoader - Instrumenting class 'org.apache.hadoop.thirdparty.protobuf.DescriptorProtos$EnumValueDescriptorProto'.
2024-11-12 13:42:23,291 INFO  MethodCallReplacementClassAdapter - Adding mock interface to class org/apache/hadoop/thirdparty/protobuf/DescriptorProtos$EnumValueDescriptorProto
2024-11-12 13:42:23,292 INFO  CreateClassResetClassAdapter - Found static initializer in class org/apache/hadoop/thirdparty/protobuf/DescriptorProtos$EnumValueDescriptorProto
2024-11-12 13:42:23,293 INFO  EvoClassLoader - Keeping class: org.apache.hadoop.thirdparty.protobuf.DescriptorProtos$EnumValueDescriptorProto
2024-11-12 13:42:23,293 INFO  EvoClassLoader - Seeing class for first time: org.apache.hadoop.thirdparty.protobuf.DescriptorProtos$EnumDescriptorProto$EnumReservedRange
2024-11-12 13:42:23,293 INFO  EvoClassLoader - Instrumenting class 'org.apache.hadoop.thirdparty.protobuf.DescriptorProtos$EnumDescriptorProto$EnumReservedRange'.
2024-11-12 13:42:23,294 INFO  MethodCallReplacementClassAdapter - Adding mock interface to class org/apache/hadoop/thirdparty/protobuf/DescriptorProtos$EnumDescriptorProto$EnumReservedRange
2024-11-12 13:42:23,296 INFO  CreateClassResetClassAdapter - Found static initializer in class org/apache/hadoop/thirdparty/protobuf/DescriptorProtos$EnumDescriptorProto$EnumReservedRange
2024-11-12 13:42:23,296 INFO  EvoClassLoader - Seeing class for first time: org.apache.hadoop.thirdparty.protobuf.DescriptorProtos$EnumDescriptorProto$EnumReservedRangeOrBuilder
2024-11-12 13:42:23,296 INFO  EvoClassLoader - Instrumenting class 'org.apache.hadoop.thirdparty.protobuf.DescriptorProtos$EnumDescriptorProto$EnumReservedRangeOrBuilder'.
2024-11-12 13:42:23,297 INFO  EvoClassLoader - Keeping class: org.apache.hadoop.thirdparty.protobuf.DescriptorProtos$EnumDescriptorProto$EnumReservedRangeOrBuilder
2024-11-12 13:42:23,297 INFO  EvoClassLoader - Keeping class: org.apache.hadoop.thirdparty.protobuf.DescriptorProtos$EnumDescriptorProto$EnumReservedRange
2024-11-12 13:42:23,297 INFO  EvoClassLoader - Seeing class for first time: org.apache.hadoop.thirdparty.protobuf.DescriptorProtos$EnumOptions
2024-11-12 13:42:23,297 INFO  EvoClassLoader - Instrumenting class 'org.apache.hadoop.thirdparty.protobuf.DescriptorProtos$EnumOptions'.
2024-11-12 13:42:23,298 INFO  MethodCallReplacementClassAdapter - Adding mock interface to class org/apache/hadoop/thirdparty/protobuf/DescriptorProtos$EnumOptions
2024-11-12 13:42:23,300 INFO  CreateClassResetClassAdapter - Found static initializer in class org/apache/hadoop/thirdparty/protobuf/DescriptorProtos$EnumOptions
2024-11-12 13:42:23,301 INFO  EvoClassLoader - Keeping class: org.apache.hadoop.thirdparty.protobuf.DescriptorProtos$EnumOptions
2024-11-12 13:42:23,303 INFO  EvoClassLoader - Seeing class for first time: org.apache.hadoop.thirdparty.protobuf.DescriptorProtos$EnumValueOptionsOrBuilder
2024-11-12 13:42:23,303 INFO  EvoClassLoader - Instrumenting class 'org.apache.hadoop.thirdparty.protobuf.DescriptorProtos$EnumValueOptionsOrBuilder'.
2024-11-12 13:42:23,304 INFO  EvoClassLoader - Keeping class: org.apache.hadoop.thirdparty.protobuf.DescriptorProtos$EnumValueOptionsOrBuilder
2024-11-12 13:42:23,304 INFO  EvoClassLoader - Seeing class for first time: org.apache.hadoop.thirdparty.protobuf.DescriptorProtos$EnumValueDescriptorProto$1
2024-11-12 13:42:23,304 INFO  EvoClassLoader - Instrumenting class 'org.apache.hadoop.thirdparty.protobuf.DescriptorProtos$EnumValueDescriptorProto$1'.
2024-11-12 13:42:23,304 INFO  MethodCallReplacementClassAdapter - Adding mock interface to class org/apache/hadoop/thirdparty/protobuf/DescriptorProtos$EnumValueDescriptorProto$1
2024-11-12 13:42:23,305 INFO  EvoClassLoader - Keeping class: org.apache.hadoop.thirdparty.protobuf.DescriptorProtos$EnumValueDescriptorProto$1
2024-11-12 13:42:23,305 INFO  EvoClassLoader - Seeing class for first time: org.apache.hadoop.thirdparty.protobuf.DescriptorProtos$EnumValueDescriptorProto$Builder
2024-11-12 13:42:23,305 INFO  EvoClassLoader - Instrumenting class 'org.apache.hadoop.thirdparty.protobuf.DescriptorProtos$EnumValueDescriptorProto$Builder'.
2024-11-12 13:42:23,306 INFO  MethodCallReplacementClassAdapter - Adding mock interface to class org/apache/hadoop/thirdparty/protobuf/DescriptorProtos$EnumValueDescriptorProto$Builder
2024-11-12 13:42:23,307 INFO  CreateClassResetClassAdapter - Creating brand-new static initializer in class org/apache/hadoop/thirdparty/protobuf/DescriptorProtos$EnumValueDescriptorProto$Builder
2024-11-12 13:42:23,308 INFO  EvoClassLoader - Keeping class: org.apache.hadoop.thirdparty.protobuf.DescriptorProtos$EnumValueDescriptorProto$Builder
2024-11-12 13:42:23,308 INFO  EvoClassLoader - Seeing class for first time: org.apache.hadoop.thirdparty.protobuf.DescriptorProtos$EnumValueOptions
2024-11-12 13:42:23,308 INFO  EvoClassLoader - Instrumenting class 'org.apache.hadoop.thirdparty.protobuf.DescriptorProtos$EnumValueOptions'.
2024-11-12 13:42:23,309 INFO  MethodCallReplacementClassAdapter - Adding mock interface to class org/apache/hadoop/thirdparty/protobuf/DescriptorProtos$EnumValueOptions
2024-11-12 13:42:23,310 INFO  CreateClassResetClassAdapter - Found static initializer in class org/apache/hadoop/thirdparty/protobuf/DescriptorProtos$EnumValueOptions
2024-11-12 13:42:23,310 INFO  EvoClassLoader - Keeping class: org.apache.hadoop.thirdparty.protobuf.DescriptorProtos$EnumValueOptions
2024-11-12 13:42:23,312 INFO  EvoClassLoader - Seeing class for first time: org.apache.hadoop.thirdparty.protobuf.SingleFieldBuilderV3
2024-11-12 13:42:23,312 INFO  EvoClassLoader - Instrumenting class 'org.apache.hadoop.thirdparty.protobuf.SingleFieldBuilderV3'.
2024-11-12 13:42:23,313 INFO  MethodCallReplacementClassAdapter - Adding mock interface to class org/apache/hadoop/thirdparty/protobuf/SingleFieldBuilderV3
2024-11-12 13:42:23,313 INFO  CreateClassResetClassAdapter - Creating brand-new static initializer in class org/apache/hadoop/thirdparty/protobuf/SingleFieldBuilderV3
2024-11-12 13:42:23,313 INFO  EvoClassLoader - Keeping class: org.apache.hadoop.thirdparty.protobuf.SingleFieldBuilderV3
2024-11-12 13:42:23,313 INFO  EvoClassLoader - Seeing class for first time: org.apache.hadoop.thirdparty.protobuf.GeneratedMessageV3$Builder$BuilderParentImpl
2024-11-12 13:42:23,313 INFO  EvoClassLoader - Instrumenting class 'org.apache.hadoop.thirdparty.protobuf.GeneratedMessageV3$Builder$BuilderParentImpl'.
2024-11-12 13:42:23,314 INFO  MethodCallReplacementClassAdapter - Adding mock interface to class org/apache/hadoop/thirdparty/protobuf/GeneratedMessageV3$Builder$BuilderParentImpl
2024-11-12 13:42:23,314 INFO  CreateClassResetClassAdapter - Creating brand-new static initializer in class org/apache/hadoop/thirdparty/protobuf/GeneratedMessageV3$Builder$BuilderParentImpl
2024-11-12 13:42:23,314 INFO  EvoClassLoader - Keeping class: org.apache.hadoop.thirdparty.protobuf.GeneratedMessageV3$Builder$BuilderParentImpl
2024-11-12 13:42:23,314 INFO  EvoClassLoader - Seeing class for first time: org.apache.hadoop.thirdparty.protobuf.GeneratedMessageV3$1
2024-11-12 13:42:23,314 INFO  EvoClassLoader - Instrumenting class 'org.apache.hadoop.thirdparty.protobuf.GeneratedMessageV3$1'.
2024-11-12 13:42:23,314 INFO  MethodCallReplacementClassAdapter - Adding mock interface to class org/apache/hadoop/thirdparty/protobuf/GeneratedMessageV3$1
2024-11-12 13:42:23,315 INFO  EvoClassLoader - Keeping class: org.apache.hadoop.thirdparty.protobuf.GeneratedMessageV3$1
2024-11-12 13:42:23,315 INFO  EvoClassLoader - Seeing class for first time: org.apache.hadoop.thirdparty.protobuf.DescriptorProtos$FileOptions$Builder
2024-11-12 13:42:23,315 INFO  EvoClassLoader - Instrumenting class 'org.apache.hadoop.thirdparty.protobuf.DescriptorProtos$FileOptions$Builder'.
2024-11-12 13:42:23,316 INFO  MethodCallReplacementClassAdapter - Adding mock interface to class org/apache/hadoop/thirdparty/protobuf/DescriptorProtos$FileOptions$Builder
2024-11-12 13:42:23,320 INFO  CreateClassResetClassAdapter - Creating brand-new static initializer in class org/apache/hadoop/thirdparty/protobuf/DescriptorProtos$FileOptions$Builder
2024-11-12 13:42:23,321 INFO  EvoClassLoader - Keeping class: org.apache.hadoop.thirdparty.protobuf.DescriptorProtos$FileOptions$Builder
2024-11-12 13:42:23,322 INFO  EvoClassLoader - Seeing class for first time: org.apache.hadoop.thirdparty.protobuf.DescriptorProtos$UninterpretedOption
2024-11-12 13:42:23,322 INFO  EvoClassLoader - Instrumenting class 'org.apache.hadoop.thirdparty.protobuf.DescriptorProtos$UninterpretedOption'.
2024-11-12 13:42:23,323 INFO  MethodCallReplacementClassAdapter - Adding mock interface to class org/apache/hadoop/thirdparty/protobuf/DescriptorProtos$UninterpretedOption
2024-11-12 13:42:23,324 INFO  CreateClassResetClassAdapter - Found static initializer in class org/apache/hadoop/thirdparty/protobuf/DescriptorProtos$UninterpretedOption
2024-11-12 13:42:23,325 INFO  EvoClassLoader - Seeing class for first time: org.apache.hadoop.thirdparty.protobuf.DescriptorProtos$UninterpretedOptionOrBuilder
2024-11-12 13:42:23,325 INFO  EvoClassLoader - Instrumenting class 'org.apache.hadoop.thirdparty.protobuf.DescriptorProtos$UninterpretedOptionOrBuilder'.
2024-11-12 13:42:23,326 INFO  EvoClassLoader - Keeping class: org.apache.hadoop.thirdparty.protobuf.DescriptorProtos$UninterpretedOptionOrBuilder
2024-11-12 13:42:23,326 INFO  EvoClassLoader - Keeping class: org.apache.hadoop.thirdparty.protobuf.DescriptorProtos$UninterpretedOption
2024-11-12 13:42:23,328 INFO  EvoClassLoader - Seeing class for first time: org.apache.hadoop.thirdparty.protobuf.Descriptors$DescriptorPool
2024-11-12 13:42:23,328 INFO  EvoClassLoader - Instrumenting class 'org.apache.hadoop.thirdparty.protobuf.Descriptors$DescriptorPool'.
2024-11-12 13:42:23,329 INFO  MethodCallReplacementClassAdapter - Adding mock interface to class org/apache/hadoop/thirdparty/protobuf/Descriptors$DescriptorPool
2024-11-12 13:42:23,330 INFO  CreateClassResetClassAdapter - Creating brand-new static initializer in class org/apache/hadoop/thirdparty/protobuf/Descriptors$DescriptorPool
2024-11-12 13:42:23,330 INFO  EvoClassLoader - Keeping class: org.apache.hadoop.thirdparty.protobuf.Descriptors$DescriptorPool
2024-11-12 13:42:23,331 INFO  EvoClassLoader - Seeing class for first time: org.apache.hadoop.thirdparty.protobuf.Utf8
2024-11-12 13:42:23,331 INFO  EvoClassLoader - Instrumenting class 'org.apache.hadoop.thirdparty.protobuf.Utf8'.
2024-11-12 13:42:23,331 INFO  MethodCallReplacementClassAdapter - Adding mock interface to class org/apache/hadoop/thirdparty/protobuf/Utf8
2024-11-12 13:42:23,333 INFO  CreateClassResetClassAdapter - Found static initializer in class org/apache/hadoop/thirdparty/protobuf/Utf8
2024-11-12 13:42:23,334 INFO  EvoClassLoader - Keeping class: org.apache.hadoop.thirdparty.protobuf.Utf8
2024-11-12 13:42:23,334 INFO  EvoClassLoader - Seeing class for first time: org.apache.hadoop.thirdparty.protobuf.Utf8$Processor
2024-11-12 13:42:23,334 INFO  EvoClassLoader - Instrumenting class 'org.apache.hadoop.thirdparty.protobuf.Utf8$Processor'.
2024-11-12 13:42:23,334 INFO  MethodCallReplacementClassAdapter - Adding mock interface to class org/apache/hadoop/thirdparty/protobuf/Utf8$Processor
2024-11-12 13:42:23,337 INFO  CreateClassResetClassAdapter - Creating brand-new static initializer in class org/apache/hadoop/thirdparty/protobuf/Utf8$Processor
2024-11-12 13:42:23,337 INFO  EvoClassLoader - Keeping class: org.apache.hadoop.thirdparty.protobuf.Utf8$Processor
2024-11-12 13:42:23,337 INFO  EvoClassLoader - Seeing class for first time: org.apache.hadoop.thirdparty.protobuf.Utf8$UnsafeProcessor
2024-11-12 13:42:23,337 INFO  EvoClassLoader - Instrumenting class 'org.apache.hadoop.thirdparty.protobuf.Utf8$UnsafeProcessor'.
2024-11-12 13:42:23,338 INFO  MethodCallReplacementClassAdapter - Adding mock interface to class org/apache/hadoop/thirdparty/protobuf/Utf8$UnsafeProcessor
2024-11-12 13:42:23,340 INFO  CreateClassResetClassAdapter - Creating brand-new static initializer in class org/apache/hadoop/thirdparty/protobuf/Utf8$UnsafeProcessor
2024-11-12 13:42:23,340 INFO  EvoClassLoader - Keeping class: org.apache.hadoop.thirdparty.protobuf.Utf8$UnsafeProcessor
2024-11-12 13:42:23,340 INFO  EvoClassLoader - Seeing class for first time: org.apache.hadoop.thirdparty.protobuf.Utf8$SafeProcessor
2024-11-12 13:42:23,340 INFO  EvoClassLoader - Instrumenting class 'org.apache.hadoop.thirdparty.protobuf.Utf8$SafeProcessor'.
2024-11-12 13:42:23,341 INFO  MethodCallReplacementClassAdapter - Adding mock interface to class org/apache/hadoop/thirdparty/protobuf/Utf8$SafeProcessor
2024-11-12 13:42:23,342 INFO  CreateClassResetClassAdapter - Creating brand-new static initializer in class org/apache/hadoop/thirdparty/protobuf/Utf8$SafeProcessor
2024-11-12 13:42:23,342 INFO  EvoClassLoader - Keeping class: org.apache.hadoop.thirdparty.protobuf.Utf8$SafeProcessor
2024-11-12 13:42:23,344 INFO  EvoClassLoader - Seeing class for first time: org.apache.hadoop.thirdparty.protobuf.Descriptors$DescriptorPool$PackageDescriptor
2024-11-12 13:42:23,344 INFO  EvoClassLoader - Instrumenting class 'org.apache.hadoop.thirdparty.protobuf.Descriptors$DescriptorPool$PackageDescriptor'.
2024-11-12 13:42:23,344 INFO  MethodCallReplacementClassAdapter - Adding mock interface to class org/apache/hadoop/thirdparty/protobuf/Descriptors$DescriptorPool$PackageDescriptor
2024-11-12 13:42:23,345 INFO  CreateClassResetClassAdapter - Creating brand-new static initializer in class org/apache/hadoop/thirdparty/protobuf/Descriptors$DescriptorPool$PackageDescriptor
2024-11-12 13:42:23,345 INFO  EvoClassLoader - Keeping class: org.apache.hadoop.thirdparty.protobuf.Descriptors$DescriptorPool$PackageDescriptor
2024-11-12 13:42:23,346 INFO  EvoClassLoader - Seeing class for first time: org.apache.hadoop.thirdparty.protobuf.Descriptors
2024-11-12 13:42:23,346 INFO  EvoClassLoader - Instrumenting class 'org.apache.hadoop.thirdparty.protobuf.Descriptors'.
2024-11-12 13:42:23,346 INFO  MethodCallReplacementClassAdapter - Adding mock interface to class org/apache/hadoop/thirdparty/protobuf/Descriptors
2024-11-12 13:42:23,346 INFO  CreateClassResetClassAdapter - Found static initializer in class org/apache/hadoop/thirdparty/protobuf/Descriptors
2024-11-12 13:42:23,346 INFO  EvoClassLoader - Keeping class: org.apache.hadoop.thirdparty.protobuf.Descriptors
2024-11-12 13:42:23,347 INFO  EvoClassLoader - Seeing class for first time: org.apache.hadoop.thirdparty.protobuf.Descriptors$EnumDescriptor
2024-11-12 13:42:23,347 INFO  EvoClassLoader - Instrumenting class 'org.apache.hadoop.thirdparty.protobuf.Descriptors$EnumDescriptor'.
2024-11-12 13:42:23,347 INFO  MethodCallReplacementClassAdapter - Adding mock interface to class org/apache/hadoop/thirdparty/protobuf/Descriptors$EnumDescriptor
2024-11-12 13:42:23,347 INFO  CreateClassResetClassAdapter - Creating brand-new static initializer in class org/apache/hadoop/thirdparty/protobuf/Descriptors$EnumDescriptor
2024-11-12 13:42:23,348 INFO  EvoClassLoader - Keeping class: org.apache.hadoop.thirdparty.protobuf.Descriptors$EnumDescriptor
2024-11-12 13:42:23,348 INFO  EvoClassLoader - Seeing class for first time: org.apache.hadoop.thirdparty.protobuf.Descriptors$ServiceDescriptor
2024-11-12 13:42:23,348 INFO  EvoClassLoader - Instrumenting class 'org.apache.hadoop.thirdparty.protobuf.Descriptors$ServiceDescriptor'.
2024-11-12 13:42:23,348 INFO  MethodCallReplacementClassAdapter - Adding mock interface to class org/apache/hadoop/thirdparty/protobuf/Descriptors$ServiceDescriptor
2024-11-12 13:42:23,348 INFO  CreateClassResetClassAdapter - Creating brand-new static initializer in class org/apache/hadoop/thirdparty/protobuf/Descriptors$ServiceDescriptor
2024-11-12 13:42:23,349 INFO  EvoClassLoader - Keeping class: org.apache.hadoop.thirdparty.protobuf.Descriptors$ServiceDescriptor
2024-11-12 13:42:23,349 INFO  EvoClassLoader - Seeing class for first time: org.apache.hadoop.thirdparty.protobuf.Descriptors$OneofDescriptor
2024-11-12 13:42:23,349 INFO  EvoClassLoader - Instrumenting class 'org.apache.hadoop.thirdparty.protobuf.Descriptors$OneofDescriptor'.
2024-11-12 13:42:23,349 INFO  MethodCallReplacementClassAdapter - Adding mock interface to class org/apache/hadoop/thirdparty/protobuf/Descriptors$OneofDescriptor
2024-11-12 13:42:23,349 INFO  CreateClassResetClassAdapter - Creating brand-new static initializer in class org/apache/hadoop/thirdparty/protobuf/Descriptors$OneofDescriptor
2024-11-12 13:42:23,351 INFO  EvoClassLoader - Keeping class: org.apache.hadoop.thirdparty.protobuf.Descriptors$OneofDescriptor
2024-11-12 13:42:23,352 INFO  EvoClassLoader - Seeing class for first time: org.apache.hadoop.thirdparty.protobuf.Descriptors$EnumValueDescriptor
2024-11-12 13:42:23,352 INFO  EvoClassLoader - Instrumenting class 'org.apache.hadoop.thirdparty.protobuf.Descriptors$EnumValueDescriptor'.
2024-11-12 13:42:23,352 INFO  MethodCallReplacementClassAdapter - Adding mock interface to class org/apache/hadoop/thirdparty/protobuf/Descriptors$EnumValueDescriptor
2024-11-12 13:42:23,352 INFO  CreateClassResetClassAdapter - Found static initializer in class org/apache/hadoop/thirdparty/protobuf/Descriptors$EnumValueDescriptor
2024-11-12 13:42:23,353 INFO  EvoClassLoader - Keeping class: org.apache.hadoop.thirdparty.protobuf.Descriptors$EnumValueDescriptor
2024-11-12 13:42:23,353 INFO  EvoClassLoader - Seeing class for first time: org.apache.hadoop.thirdparty.protobuf.Descriptors$EnumValueDescriptor$1
2024-11-12 13:42:23,353 INFO  EvoClassLoader - Instrumenting class 'org.apache.hadoop.thirdparty.protobuf.Descriptors$EnumValueDescriptor$1'.
2024-11-12 13:42:23,353 INFO  MethodCallReplacementClassAdapter - Adding mock interface to class org/apache/hadoop/thirdparty/protobuf/Descriptors$EnumValueDescriptor$1
2024-11-12 13:42:23,354 INFO  EvoClassLoader - Keeping class: org.apache.hadoop.thirdparty.protobuf.Descriptors$EnumValueDescriptor$1
2024-11-12 13:42:23,354 INFO  EvoClassLoader - Seeing class for first time: org.apache.hadoop.thirdparty.protobuf.Descriptors$EnumValueDescriptor$2
2024-11-12 13:42:23,354 INFO  EvoClassLoader - Instrumenting class 'org.apache.hadoop.thirdparty.protobuf.Descriptors$EnumValueDescriptor$2'.
2024-11-12 13:42:23,354 INFO  MethodCallReplacementClassAdapter - Adding mock interface to class org/apache/hadoop/thirdparty/protobuf/Descriptors$EnumValueDescriptor$2
2024-11-12 13:42:23,354 INFO  EvoClassLoader - Keeping class: org.apache.hadoop.thirdparty.protobuf.Descriptors$EnumValueDescriptor$2
2024-11-12 13:42:23,355 INFO  EvoClassLoader - Seeing class for first time: org.apache.hadoop.thirdparty.protobuf.Descriptors$DescriptorPool$SearchFilter
2024-11-12 13:42:23,355 INFO  EvoClassLoader - Instrumenting class 'org.apache.hadoop.thirdparty.protobuf.Descriptors$DescriptorPool$SearchFilter'.
2024-11-12 13:42:23,355 INFO  MethodCallReplacementClassAdapter - Adding mock interface to class org/apache/hadoop/thirdparty/protobuf/Descriptors$DescriptorPool$SearchFilter
2024-11-12 13:42:23,355 INFO  CreateClassResetClassAdapter - Found static initializer in class org/apache/hadoop/thirdparty/protobuf/Descriptors$DescriptorPool$SearchFilter
2024-11-12 13:42:23,356 INFO  EvoClassLoader - Keeping class: org.apache.hadoop.thirdparty.protobuf.Descriptors$DescriptorPool$SearchFilter
2024-11-12 13:42:23,357 INFO  EvoClassLoader - Seeing class for first time: org.apache.hadoop.thirdparty.protobuf.DescriptorProtos$FieldOptions$1
2024-11-12 13:42:23,357 INFO  EvoClassLoader - Instrumenting class 'org.apache.hadoop.thirdparty.protobuf.DescriptorProtos$FieldOptions$1'.
2024-11-12 13:42:23,357 INFO  MethodCallReplacementClassAdapter - Adding mock interface to class org/apache/hadoop/thirdparty/protobuf/DescriptorProtos$FieldOptions$1
2024-11-12 13:42:23,357 INFO  EvoClassLoader - Keeping class: org.apache.hadoop.thirdparty.protobuf.DescriptorProtos$FieldOptions$1
2024-11-12 13:42:23,358 INFO  EvoClassLoader - Seeing class for first time: org.apache.hadoop.thirdparty.protobuf.Descriptors$1
2024-11-12 13:42:23,358 INFO  EvoClassLoader - Instrumenting class 'org.apache.hadoop.thirdparty.protobuf.Descriptors$1'.
2024-11-12 13:42:23,358 INFO  MethodCallReplacementClassAdapter - Adding mock interface to class org/apache/hadoop/thirdparty/protobuf/Descriptors$1
2024-11-12 13:42:23,358 INFO  EvoClassLoader - Keeping class: org.apache.hadoop.thirdparty.protobuf.Descriptors$1
2024-11-12 13:42:23,359 INFO  EvoClassLoader - Seeing class for first time: org.apache.hadoop.thirdparty.protobuf.DescriptorProtos$MessageOptions$1
2024-11-12 13:42:23,359 INFO  EvoClassLoader - Instrumenting class 'org.apache.hadoop.thirdparty.protobuf.DescriptorProtos$MessageOptions$1'.
2024-11-12 13:42:23,360 INFO  MethodCallReplacementClassAdapter - Adding mock interface to class org/apache/hadoop/thirdparty/protobuf/DescriptorProtos$MessageOptions$1
2024-11-12 13:42:23,360 INFO  EvoClassLoader - Keeping class: org.apache.hadoop.thirdparty.protobuf.DescriptorProtos$MessageOptions$1
2024-11-12 13:42:23,360 INFO  EvoClassLoader - Seeing class for first time: org.apache.hadoop.thirdparty.protobuf.GeneratedMessageV3$FieldAccessorTable
2024-11-12 13:42:23,360 INFO  EvoClassLoader - Instrumenting class 'org.apache.hadoop.thirdparty.protobuf.GeneratedMessageV3$FieldAccessorTable'.
2024-11-12 13:42:23,361 INFO  MethodCallReplacementClassAdapter - Adding mock interface to class org/apache/hadoop/thirdparty/protobuf/GeneratedMessageV3$FieldAccessorTable
2024-11-12 13:42:23,362 INFO  CreateClassResetClassAdapter - Creating brand-new static initializer in class org/apache/hadoop/thirdparty/protobuf/GeneratedMessageV3$FieldAccessorTable
2024-11-12 13:42:23,363 INFO  EvoClassLoader - Keeping class: org.apache.hadoop.thirdparty.protobuf.GeneratedMessageV3$FieldAccessorTable
2024-11-12 13:42:23,363 INFO  EvoClassLoader - Seeing class for first time: org.apache.hadoop.thirdparty.protobuf.GeneratedMessageV3$FieldAccessorTable$OneofAccessor
2024-11-12 13:42:23,363 INFO  EvoClassLoader - Instrumenting class 'org.apache.hadoop.thirdparty.protobuf.GeneratedMessageV3$FieldAccessorTable$OneofAccessor'.
2024-11-12 13:42:23,364 INFO  MethodCallReplacementClassAdapter - Adding mock interface to class org/apache/hadoop/thirdparty/protobuf/GeneratedMessageV3$FieldAccessorTable$OneofAccessor
2024-11-12 13:42:23,364 INFO  CreateClassResetClassAdapter - Creating brand-new static initializer in class org/apache/hadoop/thirdparty/protobuf/GeneratedMessageV3$FieldAccessorTable$OneofAccessor
2024-11-12 13:42:23,365 INFO  EvoClassLoader - Keeping class: org.apache.hadoop.thirdparty.protobuf.GeneratedMessageV3$FieldAccessorTable$OneofAccessor
2024-11-12 13:42:23,365 INFO  EvoClassLoader - Seeing class for first time: org.apache.hadoop.hdfs.server.namenode.FsImageProto$INodeSection$INodeFileOrBuilder
2024-11-12 13:42:23,365 INFO  EvoClassLoader - Instrumenting class 'org.apache.hadoop.hdfs.server.namenode.FsImageProto$INodeSection$INodeFileOrBuilder'.
2024-11-12 13:42:23,366 INFO  EvoClassLoader - Keeping class: org.apache.hadoop.hdfs.server.namenode.FsImageProto$INodeSection$INodeFileOrBuilder
2024-11-12 13:42:23,366 INFO  EvoClassLoader - Seeing class for first time: org.checkerframework.framework.qual.SubtypeOf
2024-11-12 13:42:23,366 INFO  EvoClassLoader - Instrumenting class 'org.checkerframework.framework.qual.SubtypeOf'.
2024-11-12 13:42:23,367 INFO  EvoClassLoader - Defined package (3): package org.checkerframework.framework.qual, -1094255910
2024-11-12 13:42:23,367 INFO  EvoClassLoader - Keeping class: org.checkerframework.framework.qual.SubtypeOf
2024-11-12 13:42:23,368 INFO  EvoClassLoader - Seeing class for first time: org.apache.hadoop.hdfs.server.namenode.FsImageProto$CacheManagerSection$1
2024-11-12 13:42:23,368 INFO  EvoClassLoader - Instrumenting class 'org.apache.hadoop.hdfs.server.namenode.FsImageProto$CacheManagerSection$1'.
2024-11-12 13:42:23,368 INFO  MethodCallReplacementClassAdapter - Adding mock interface to class org/apache/hadoop/hdfs/server/namenode/FsImageProto$CacheManagerSection$1
2024-11-12 13:42:23,369 INFO  EvoClassLoader - Keeping class: org.apache.hadoop.hdfs.server.namenode.FsImageProto$CacheManagerSection$1
2024-11-12 13:42:23,369 INFO  EvoClassLoader - Seeing class for first time: org.apache.hadoop.hdfs.server.namenode.FsImageProto$INodeSection$INodeDirectory$1
2024-11-12 13:42:23,369 INFO  EvoClassLoader - Instrumenting class 'org.apache.hadoop.hdfs.server.namenode.FsImageProto$INodeSection$INodeDirectory$1'.
2024-11-12 13:42:23,369 INFO  MethodCallReplacementClassAdapter - Adding mock interface to class org/apache/hadoop/hdfs/server/namenode/FsImageProto$INodeSection$INodeDirectory$1
2024-11-12 13:42:23,370 INFO  EvoClassLoader - Keeping class: org.apache.hadoop.hdfs.server.namenode.FsImageProto$INodeSection$INodeDirectory$1
2024-11-12 13:42:23,370 INFO  EvoClassLoader - Seeing class for first time: org.apache.hadoop.hdfs.server.namenode.FsImageProto$INodeSection$FileUnderConstructionFeature
2024-11-12 13:42:23,370 INFO  EvoClassLoader - Instrumenting class 'org.apache.hadoop.hdfs.server.namenode.FsImageProto$INodeSection$FileUnderConstructionFeature'.
2024-11-12 13:42:23,371 INFO  MethodCallReplacementClassAdapter - Adding mock interface to class org/apache/hadoop/hdfs/server/namenode/FsImageProto$INodeSection$FileUnderConstructionFeature
2024-11-12 13:42:23,371 INFO  CreateClassResetClassAdapter - Found static initializer in class org/apache/hadoop/hdfs/server/namenode/FsImageProto$INodeSection$FileUnderConstructionFeature
2024-11-12 13:42:23,372 INFO  EvoClassLoader - Keeping class: org.apache.hadoop.hdfs.server.namenode.FsImageProto$INodeSection$FileUnderConstructionFeature
2024-11-12 13:42:23,372 INFO  EvoClassLoader - Seeing class for first time: org.apache.hadoop.hdfs.server.namenode.FsImageProto$INodeSection$FileUnderConstructionFeature$1
2024-11-12 13:42:23,372 INFO  EvoClassLoader - Instrumenting class 'org.apache.hadoop.hdfs.server.namenode.FsImageProto$INodeSection$FileUnderConstructionFeature$1'.
2024-11-12 13:42:23,373 INFO  MethodCallReplacementClassAdapter - Adding mock interface to class org/apache/hadoop/hdfs/server/namenode/FsImageProto$INodeSection$FileUnderConstructionFeature$1
2024-11-12 13:42:23,375 INFO  EvoClassLoader - Keeping class: org.apache.hadoop.hdfs.server.namenode.FsImageProto$INodeSection$FileUnderConstructionFeature$1
2024-11-12 13:42:23,375 INFO  EvoClassLoader - Seeing class for first time: org.apache.hadoop.hdfs.server.namenode.FsImageProto$StringTableSection
2024-11-12 13:42:23,375 INFO  EvoClassLoader - Instrumenting class 'org.apache.hadoop.hdfs.server.namenode.FsImageProto$StringTableSection'.
2024-11-12 13:42:23,375 INFO  MethodCallReplacementClassAdapter - Adding mock interface to class org/apache/hadoop/hdfs/server/namenode/FsImageProto$StringTableSection
2024-11-12 13:42:23,376 INFO  CreateClassResetClassAdapter - Found static initializer in class org/apache/hadoop/hdfs/server/namenode/FsImageProto$StringTableSection
2024-11-12 13:42:23,376 INFO  EvoClassLoader - Seeing class for first time: org.apache.hadoop.hdfs.server.namenode.FsImageProto$StringTableSectionOrBuilder
2024-11-12 13:42:23,376 INFO  EvoClassLoader - Instrumenting class 'org.apache.hadoop.hdfs.server.namenode.FsImageProto$StringTableSectionOrBuilder'.
2024-11-12 13:42:23,376 INFO  EvoClassLoader - Keeping class: org.apache.hadoop.hdfs.server.namenode.FsImageProto$StringTableSectionOrBuilder
2024-11-12 13:42:23,377 INFO  EvoClassLoader - Keeping class: org.apache.hadoop.hdfs.server.namenode.FsImageProto$StringTableSection
2024-11-12 13:42:23,377 INFO  EvoClassLoader - Seeing class for first time: org.apache.hadoop.hdfs.server.namenode.FsImageProto$StringTableSection$1
2024-11-12 13:42:23,377 INFO  EvoClassLoader - Instrumenting class 'org.apache.hadoop.hdfs.server.namenode.FsImageProto$StringTableSection$1'.
2024-11-12 13:42:23,377 INFO  MethodCallReplacementClassAdapter - Adding mock interface to class org/apache/hadoop/hdfs/server/namenode/FsImageProto$StringTableSection$1
2024-11-12 13:42:23,377 INFO  EvoClassLoader - Keeping class: org.apache.hadoop.hdfs.server.namenode.FsImageProto$StringTableSection$1
2024-11-12 13:42:23,377 INFO  EvoClassLoader - Seeing class for first time: org.apache.hadoop.hdfs.server.namenode.FsImageProto$FilesUnderConstructionSection
2024-11-12 13:42:23,378 INFO  EvoClassLoader - Instrumenting class 'org.apache.hadoop.hdfs.server.namenode.FsImageProto$FilesUnderConstructionSection'.
2024-11-12 13:42:23,378 INFO  MethodCallReplacementClassAdapter - Adding mock interface to class org/apache/hadoop/hdfs/server/namenode/FsImageProto$FilesUnderConstructionSection
2024-11-12 13:42:23,378 INFO  CreateClassResetClassAdapter - Found static initializer in class org/apache/hadoop/hdfs/server/namenode/FsImageProto$FilesUnderConstructionSection
2024-11-12 13:42:23,379 INFO  EvoClassLoader - Seeing class for first time: org.apache.hadoop.hdfs.server.namenode.FsImageProto$FilesUnderConstructionSectionOrBuilder
2024-11-12 13:42:23,379 INFO  EvoClassLoader - Instrumenting class 'org.apache.hadoop.hdfs.server.namenode.FsImageProto$FilesUnderConstructionSectionOrBuilder'.
2024-11-12 13:42:23,379 INFO  EvoClassLoader - Keeping class: org.apache.hadoop.hdfs.server.namenode.FsImageProto$FilesUnderConstructionSectionOrBuilder
2024-11-12 13:42:23,379 INFO  EvoClassLoader - Keeping class: org.apache.hadoop.hdfs.server.namenode.FsImageProto$FilesUnderConstructionSection
2024-11-12 13:42:23,379 INFO  EvoClassLoader - Seeing class for first time: org.apache.hadoop.hdfs.server.namenode.FsImageProto$FilesUnderConstructionSection$1
2024-11-12 13:42:23,379 INFO  EvoClassLoader - Instrumenting class 'org.apache.hadoop.hdfs.server.namenode.FsImageProto$FilesUnderConstructionSection$1'.
2024-11-12 13:42:23,379 INFO  MethodCallReplacementClassAdapter - Adding mock interface to class org/apache/hadoop/hdfs/server/namenode/FsImageProto$FilesUnderConstructionSection$1
2024-11-12 13:42:23,380 INFO  EvoClassLoader - Keeping class: org.apache.hadoop.hdfs.server.namenode.FsImageProto$FilesUnderConstructionSection$1
2024-11-12 13:42:23,380 INFO  EvoClassLoader - Seeing class for first time: org.apache.hadoop.hdfs.protocol.proto.HdfsProtos$StorageTypeQuotaInfosProto
2024-11-12 13:42:23,380 INFO  EvoClassLoader - Instrumenting class 'org.apache.hadoop.hdfs.protocol.proto.HdfsProtos$StorageTypeQuotaInfosProto'.
2024-11-12 13:42:23,380 INFO  MethodCallReplacementClassAdapter - Adding mock interface to class org/apache/hadoop/hdfs/protocol/proto/HdfsProtos$StorageTypeQuotaInfosProto
2024-11-12 13:42:23,381 INFO  CreateClassResetClassAdapter - Found static initializer in class org/apache/hadoop/hdfs/protocol/proto/HdfsProtos$StorageTypeQuotaInfosProto
2024-11-12 13:42:23,381 INFO  EvoClassLoader - Seeing class for first time: org.apache.hadoop.hdfs.protocol.proto.HdfsProtos$StorageTypeQuotaInfosProtoOrBuilder
2024-11-12 13:42:23,381 INFO  EvoClassLoader - Instrumenting class 'org.apache.hadoop.hdfs.protocol.proto.HdfsProtos$StorageTypeQuotaInfosProtoOrBuilder'.
2024-11-12 13:42:23,382 INFO  EvoClassLoader - Keeping class: org.apache.hadoop.hdfs.protocol.proto.HdfsProtos$StorageTypeQuotaInfosProtoOrBuilder
2024-11-12 13:42:23,382 INFO  EvoClassLoader - Keeping class: org.apache.hadoop.hdfs.protocol.proto.HdfsProtos$StorageTypeQuotaInfosProto
2024-11-12 13:42:23,383 INFO  EvoClassLoader - Seeing class for first time: org.apache.hadoop.hdfs.protocol.proto.HdfsProtos$StorageTypeQuotaInfosProto$1
2024-11-12 13:42:23,383 INFO  EvoClassLoader - Instrumenting class 'org.apache.hadoop.hdfs.protocol.proto.HdfsProtos$StorageTypeQuotaInfosProto$1'.
2024-11-12 13:42:23,384 INFO  MethodCallReplacementClassAdapter - Adding mock interface to class org/apache/hadoop/hdfs/protocol/proto/HdfsProtos$StorageTypeQuotaInfosProto$1
2024-11-12 13:42:23,384 INFO  EvoClassLoader - Keeping class: org.apache.hadoop.hdfs.protocol.proto.HdfsProtos$StorageTypeQuotaInfosProto$1
2024-11-12 13:42:23,384 INFO  EvoClassLoader - Seeing class for first time: com.google.common.base.Converter$ConverterComposition
2024-11-12 13:42:23,384 INFO  EvoClassLoader - Instrumenting class 'com.google.common.base.Converter$ConverterComposition'.
2024-11-12 13:42:23,385 INFO  MethodCallReplacementClassAdapter - Adding mock interface to class com/google/common/base/Converter$ConverterComposition
2024-11-12 13:42:23,385 INFO  CreateClassResetClassAdapter - Creating brand-new static initializer in class com/google/common/base/Converter$ConverterComposition
2024-11-12 13:42:23,385 INFO  EvoClassLoader - Defined package (3): package com.google.common.base, 1713999436
2024-11-12 13:42:23,385 INFO  EvoClassLoader - Seeing class for first time: com.google.common.base.Converter
2024-11-12 13:42:23,385 INFO  EvoClassLoader - Instrumenting class 'com.google.common.base.Converter'.
2024-11-12 13:42:23,386 INFO  MethodCallReplacementClassAdapter - Adding mock interface to class com/google/common/base/Converter
2024-11-12 13:42:23,387 INFO  CreateClassResetClassAdapter - Creating brand-new static initializer in class com/google/common/base/Converter
2024-11-12 13:42:23,387 INFO  EvoClassLoader - Seeing class for first time: com.google.common.base.Function
2024-11-12 13:42:23,387 INFO  EvoClassLoader - Instrumenting class 'com.google.common.base.Function'.
2024-11-12 13:42:23,388 INFO  EvoClassLoader - Keeping class: com.google.common.base.Function
2024-11-12 13:42:23,388 INFO  EvoClassLoader - Keeping class: com.google.common.base.Converter
2024-11-12 13:42:23,388 INFO  EvoClassLoader - Keeping class: com.google.common.base.Converter$ConverterComposition
2024-11-12 13:42:23,388 INFO  EvoClassLoader - Seeing class for first time: com.google.common.base.Converter$FunctionBasedConverter
2024-11-12 13:42:23,388 INFO  EvoClassLoader - Instrumenting class 'com.google.common.base.Converter$FunctionBasedConverter'.
2024-11-12 13:42:23,389 INFO  MethodCallReplacementClassAdapter - Adding mock interface to class com/google/common/base/Converter$FunctionBasedConverter
2024-11-12 13:42:23,389 INFO  CreateClassResetClassAdapter - Creating brand-new static initializer in class com/google/common/base/Converter$FunctionBasedConverter
2024-11-12 13:42:23,389 INFO  EvoClassLoader - Keeping class: com.google.common.base.Converter$FunctionBasedConverter
2024-11-12 13:42:23,389 INFO  EvoClassLoader - Seeing class for first time: com.google.common.base.Converter$IdentityConverter
2024-11-12 13:42:23,389 INFO  EvoClassLoader - Instrumenting class 'com.google.common.base.Converter$IdentityConverter'.
2024-11-12 13:42:23,390 INFO  MethodCallReplacementClassAdapter - Adding mock interface to class com/google/common/base/Converter$IdentityConverter
2024-11-12 13:42:23,391 INFO  CreateClassResetClassAdapter - Found static initializer in class com/google/common/base/Converter$IdentityConverter
2024-11-12 13:42:23,391 INFO  EvoClassLoader - Keeping class: com.google.common.base.Converter$IdentityConverter
2024-11-12 13:42:23,391 INFO  EvoClassLoader - Seeing class for first time: com.google.common.base.Converter$ReverseConverter
2024-11-12 13:42:23,391 INFO  EvoClassLoader - Instrumenting class 'com.google.common.base.Converter$ReverseConverter'.
2024-11-12 13:42:23,391 INFO  MethodCallReplacementClassAdapter - Adding mock interface to class com/google/common/base/Converter$ReverseConverter
2024-11-12 13:42:23,391 INFO  CreateClassResetClassAdapter - Creating brand-new static initializer in class com/google/common/base/Converter$ReverseConverter
2024-11-12 13:42:23,392 INFO  EvoClassLoader - Keeping class: com.google.common.base.Converter$ReverseConverter
2024-11-12 13:42:23,392 INFO  EvoClassLoader - Seeing class for first time: org.apache.hadoop.hdfs.server.namenode.FsImageProto$SecretManagerSection$DelegationKey$1
2024-11-12 13:42:23,392 INFO  EvoClassLoader - Instrumenting class 'org.apache.hadoop.hdfs.server.namenode.FsImageProto$SecretManagerSection$DelegationKey$1'.
2024-11-12 13:42:23,393 INFO  MethodCallReplacementClassAdapter - Adding mock interface to class org/apache/hadoop/hdfs/server/namenode/FsImageProto$SecretManagerSection$DelegationKey$1
2024-11-12 13:42:23,393 INFO  EvoClassLoader - Keeping class: org.apache.hadoop.hdfs.server.namenode.FsImageProto$SecretManagerSection$DelegationKey$1
2024-11-12 13:42:23,395 INFO  EvoClassLoader - Seeing class for first time: org.apache.hadoop.thirdparty.protobuf.DescriptorProtos$ServiceDescriptorProto$1
2024-11-12 13:42:23,395 INFO  EvoClassLoader - Instrumenting class 'org.apache.hadoop.thirdparty.protobuf.DescriptorProtos$ServiceDescriptorProto$1'.
2024-11-12 13:42:23,395 INFO  MethodCallReplacementClassAdapter - Adding mock interface to class org/apache/hadoop/thirdparty/protobuf/DescriptorProtos$ServiceDescriptorProto$1
2024-11-12 13:42:23,395 INFO  EvoClassLoader - Keeping class: org.apache.hadoop.thirdparty.protobuf.DescriptorProtos$ServiceDescriptorProto$1
2024-11-12 13:42:23,396 INFO  EvoClassLoader - Seeing class for first time: org.apache.hadoop.hdfs.protocol.proto.HdfsProtos
2024-11-12 13:42:23,396 INFO  EvoClassLoader - Instrumenting class 'org.apache.hadoop.hdfs.protocol.proto.HdfsProtos'.
2024-11-12 13:42:23,396 INFO  MethodCallReplacementClassAdapter - Adding mock interface to class org/apache/hadoop/hdfs/protocol/proto/HdfsProtos
2024-11-12 13:42:23,397 INFO  CreateClassResetClassAdapter - Found static initializer in class org/apache/hadoop/hdfs/protocol/proto/HdfsProtos
2024-11-12 13:42:23,400 INFO  EvoClassLoader - Keeping class: org.apache.hadoop.hdfs.protocol.proto.HdfsProtos
2024-11-12 13:42:23,402 INFO  EvoClassLoader - Seeing class for first time: org.apache.hadoop.security.proto.SecurityProtos
2024-11-12 13:42:23,402 INFO  EvoClassLoader - Instrumenting class 'org.apache.hadoop.security.proto.SecurityProtos'.
2024-11-12 13:42:23,403 INFO  MethodCallReplacementClassAdapter - Adding mock interface to class org/apache/hadoop/security/proto/SecurityProtos
2024-11-12 13:42:23,403 INFO  CreateClassResetClassAdapter - Found static initializer in class org/apache/hadoop/security/proto/SecurityProtos
2024-11-12 13:42:23,404 INFO  EvoClassLoader - Defined package (3): package org.apache.hadoop.security.proto, -544553779
2024-11-12 13:42:23,404 INFO  EvoClassLoader - Keeping class: org.apache.hadoop.security.proto.SecurityProtos
2024-11-12 13:42:23,407 INFO  EvoClassLoader - Seeing class for first time: org.apache.hadoop.hdfs.protocol.proto.AclProtos
2024-11-12 13:42:23,407 INFO  EvoClassLoader - Instrumenting class 'org.apache.hadoop.hdfs.protocol.proto.AclProtos'.
2024-11-12 13:42:23,407 INFO  MethodCallReplacementClassAdapter - Adding mock interface to class org/apache/hadoop/hdfs/protocol/proto/AclProtos
2024-11-12 13:42:23,408 INFO  CreateClassResetClassAdapter - Found static initializer in class org/apache/hadoop/hdfs/protocol/proto/AclProtos
2024-11-12 13:42:23,409 INFO  EvoClassLoader - Keeping class: org.apache.hadoop.hdfs.protocol.proto.AclProtos
2024-11-12 13:42:23,415 INFO  EvoClassLoader - Seeing class for first time: org.apache.hadoop.thirdparty.protobuf.DescriptorProtos$FieldOptions$Builder
2024-11-12 13:42:23,415 INFO  EvoClassLoader - Instrumenting class 'org.apache.hadoop.thirdparty.protobuf.DescriptorProtos$FieldOptions$Builder'.
2024-11-12 13:42:23,417 INFO  MethodCallReplacementClassAdapter - Adding mock interface to class org/apache/hadoop/thirdparty/protobuf/DescriptorProtos$FieldOptions$Builder
2024-11-12 13:42:23,420 INFO  CreateClassResetClassAdapter - Creating brand-new static initializer in class org/apache/hadoop/thirdparty/protobuf/DescriptorProtos$FieldOptions$Builder
2024-11-12 13:42:23,420 INFO  EvoClassLoader - Keeping class: org.apache.hadoop.thirdparty.protobuf.DescriptorProtos$FieldOptions$Builder
2024-11-12 13:42:23,430 INFO  EvoClassLoader - Seeing class for first time: org.apache.hadoop.thirdparty.protobuf.DescriptorProtos$MessageOptions$Builder
2024-11-12 13:42:23,430 INFO  EvoClassLoader - Instrumenting class 'org.apache.hadoop.thirdparty.protobuf.DescriptorProtos$MessageOptions$Builder'.
2024-11-12 13:42:23,432 INFO  MethodCallReplacementClassAdapter - Adding mock interface to class org/apache/hadoop/thirdparty/protobuf/DescriptorProtos$MessageOptions$Builder
2024-11-12 13:42:23,436 INFO  CreateClassResetClassAdapter - Creating brand-new static initializer in class org/apache/hadoop/thirdparty/protobuf/DescriptorProtos$MessageOptions$Builder
2024-11-12 13:42:23,437 INFO  EvoClassLoader - Keeping class: org.apache.hadoop.thirdparty.protobuf.DescriptorProtos$MessageOptions$Builder
2024-11-12 13:42:23,457 INFO  EvoClassLoader - Seeing class for first time: org.apache.hadoop.thirdparty.protobuf.GeneratedMessageLite$GeneratedExtension
2024-11-12 13:42:23,457 INFO  EvoClassLoader - Instrumenting class 'org.apache.hadoop.thirdparty.protobuf.GeneratedMessageLite$GeneratedExtension'.
2024-11-12 13:42:23,458 INFO  MethodCallReplacementClassAdapter - Adding mock interface to class org/apache/hadoop/thirdparty/protobuf/GeneratedMessageLite$GeneratedExtension
2024-11-12 13:42:23,459 INFO  CreateClassResetClassAdapter - Creating brand-new static initializer in class org/apache/hadoop/thirdparty/protobuf/GeneratedMessageLite$GeneratedExtension
2024-11-12 13:42:23,459 INFO  EvoClassLoader - Keeping class: org.apache.hadoop.thirdparty.protobuf.GeneratedMessageLite$GeneratedExtension
2024-11-12 13:42:23,460 INFO  EvoClassLoader - Seeing class for first time: org.apache.hadoop.hdfs.protocol.proto.HdfsProtos$StorageTypesProtoOrBuilder
2024-11-12 13:42:23,460 INFO  EvoClassLoader - Instrumenting class 'org.apache.hadoop.hdfs.protocol.proto.HdfsProtos$StorageTypesProtoOrBuilder'.
2024-11-12 13:42:23,461 INFO  EvoClassLoader - Keeping class: org.apache.hadoop.hdfs.protocol.proto.HdfsProtos$StorageTypesProtoOrBuilder
2024-11-12 13:42:23,461 INFO  EvoClassLoader - Seeing class for first time: org.apache.hadoop.thirdparty.protobuf.DescriptorProtos$DescriptorProto$ExtensionRange$1
2024-11-12 13:42:23,462 INFO  EvoClassLoader - Instrumenting class 'org.apache.hadoop.thirdparty.protobuf.DescriptorProtos$DescriptorProto$ExtensionRange$1'.
2024-11-12 13:42:23,462 INFO  MethodCallReplacementClassAdapter - Adding mock interface to class org/apache/hadoop/thirdparty/protobuf/DescriptorProtos$DescriptorProto$ExtensionRange$1
2024-11-12 13:42:23,463 INFO  EvoClassLoader - Keeping class: org.apache.hadoop.thirdparty.protobuf.DescriptorProtos$DescriptorProto$ExtensionRange$1
2024-11-12 13:42:23,463 INFO  EvoClassLoader - Seeing class for first time: org.apache.hadoop.hdfs.protocol.proto.HdfsProtos$DatanodeVolumeInfoProtoOrBuilder
2024-11-12 13:42:23,463 INFO  EvoClassLoader - Instrumenting class 'org.apache.hadoop.hdfs.protocol.proto.HdfsProtos$DatanodeVolumeInfoProtoOrBuilder'.
2024-11-12 13:42:23,464 INFO  EvoClassLoader - Keeping class: org.apache.hadoop.hdfs.protocol.proto.HdfsProtos$DatanodeVolumeInfoProtoOrBuilder
2024-11-12 13:42:23,464 INFO  EvoClassLoader - Seeing class for first time: org.apache.hadoop.hdfs.protocol.proto.HdfsProtos$ECSchemaProto
2024-11-12 13:42:23,464 INFO  EvoClassLoader - Instrumenting class 'org.apache.hadoop.hdfs.protocol.proto.HdfsProtos$ECSchemaProto'.
2024-11-12 13:42:23,465 INFO  MethodCallReplacementClassAdapter - Adding mock interface to class org/apache/hadoop/hdfs/protocol/proto/HdfsProtos$ECSchemaProto
2024-11-12 13:42:23,466 INFO  CreateClassResetClassAdapter - Found static initializer in class org/apache/hadoop/hdfs/protocol/proto/HdfsProtos$ECSchemaProto
2024-11-12 13:42:23,467 INFO  EvoClassLoader - Seeing class for first time: org.apache.hadoop.hdfs.protocol.proto.HdfsProtos$ECSchemaProtoOrBuilder
2024-11-12 13:42:23,468 INFO  EvoClassLoader - Instrumenting class 'org.apache.hadoop.hdfs.protocol.proto.HdfsProtos$ECSchemaProtoOrBuilder'.
2024-11-12 13:42:23,469 INFO  EvoClassLoader - Keeping class: org.apache.hadoop.hdfs.protocol.proto.HdfsProtos$ECSchemaProtoOrBuilder
2024-11-12 13:42:23,469 INFO  EvoClassLoader - Keeping class: org.apache.hadoop.hdfs.protocol.proto.HdfsProtos$ECSchemaProto
2024-11-12 13:42:23,469 INFO  EvoClassLoader - Seeing class for first time: org.apache.hadoop.hdfs.protocol.proto.HdfsProtos$ECSchemaProto$1
2024-11-12 13:42:23,470 INFO  EvoClassLoader - Instrumenting class 'org.apache.hadoop.hdfs.protocol.proto.HdfsProtos$ECSchemaProto$1'.
2024-11-12 13:42:23,470 INFO  MethodCallReplacementClassAdapter - Adding mock interface to class org/apache/hadoop/hdfs/protocol/proto/HdfsProtos$ECSchemaProto$1
2024-11-12 13:42:23,471 INFO  EvoClassLoader - Keeping class: org.apache.hadoop.hdfs.protocol.proto.HdfsProtos$ECSchemaProto$1
2024-11-12 13:42:23,471 INFO  EvoClassLoader - Seeing class for first time: org.apache.hadoop.hdfs.protocol.proto.HdfsProtos$ECSchemaOptionEntryProto
2024-11-12 13:42:23,471 INFO  EvoClassLoader - Instrumenting class 'org.apache.hadoop.hdfs.protocol.proto.HdfsProtos$ECSchemaOptionEntryProto'.
2024-11-12 13:42:23,472 INFO  MethodCallReplacementClassAdapter - Adding mock interface to class org/apache/hadoop/hdfs/protocol/proto/HdfsProtos$ECSchemaOptionEntryProto
2024-11-12 13:42:23,473 INFO  CreateClassResetClassAdapter - Found static initializer in class org/apache/hadoop/hdfs/protocol/proto/HdfsProtos$ECSchemaOptionEntryProto
2024-11-12 13:42:23,473 INFO  EvoClassLoader - Seeing class for first time: org.apache.hadoop.hdfs.protocol.proto.HdfsProtos$ECSchemaOptionEntryProtoOrBuilder
2024-11-12 13:42:23,473 INFO  EvoClassLoader - Instrumenting class 'org.apache.hadoop.hdfs.protocol.proto.HdfsProtos$ECSchemaOptionEntryProtoOrBuilder'.
2024-11-12 13:42:23,474 INFO  EvoClassLoader - Keeping class: org.apache.hadoop.hdfs.protocol.proto.HdfsProtos$ECSchemaOptionEntryProtoOrBuilder
2024-11-12 13:42:23,474 INFO  EvoClassLoader - Keeping class: org.apache.hadoop.hdfs.protocol.proto.HdfsProtos$ECSchemaOptionEntryProto
2024-11-12 13:42:23,474 INFO  EvoClassLoader - Seeing class for first time: org.apache.hadoop.hdfs.protocol.proto.HdfsProtos$ECSchemaOptionEntryProto$1
2024-11-12 13:42:23,474 INFO  EvoClassLoader - Instrumenting class 'org.apache.hadoop.hdfs.protocol.proto.HdfsProtos$ECSchemaOptionEntryProto$1'.
2024-11-12 13:42:23,474 INFO  MethodCallReplacementClassAdapter - Adding mock interface to class org/apache/hadoop/hdfs/protocol/proto/HdfsProtos$ECSchemaOptionEntryProto$1
2024-11-12 13:42:23,475 INFO  EvoClassLoader - Keeping class: org.apache.hadoop.hdfs.protocol.proto.HdfsProtos$ECSchemaOptionEntryProto$1
2024-11-12 13:42:23,475 INFO  EvoClassLoader - Seeing class for first time: org.apache.hadoop.hdfs.server.namenode.FsImageProto$NameSystemSection$1
2024-11-12 13:42:23,475 INFO  EvoClassLoader - Instrumenting class 'org.apache.hadoop.hdfs.server.namenode.FsImageProto$NameSystemSection$1'.
2024-11-12 13:42:23,475 INFO  MethodCallReplacementClassAdapter - Adding mock interface to class org/apache/hadoop/hdfs/server/namenode/FsImageProto$NameSystemSection$1
2024-11-12 13:42:23,475 INFO  EvoClassLoader - Keeping class: org.apache.hadoop.hdfs.server.namenode.FsImageProto$NameSystemSection$1
2024-11-12 13:42:23,476 INFO  EvoClassLoader - Seeing class for first time: org.apache.hadoop.hdfs.protocol.proto.HdfsProtos$BlockTypeProto
2024-11-12 13:42:23,476 INFO  EvoClassLoader - Instrumenting class 'org.apache.hadoop.hdfs.protocol.proto.HdfsProtos$BlockTypeProto'.
2024-11-12 13:42:23,476 INFO  MethodCallReplacementClassAdapter - Adding mock interface to class org/apache/hadoop/hdfs/protocol/proto/HdfsProtos$BlockTypeProto
2024-11-12 13:42:23,477 INFO  CreateClassResetClassAdapter - Found static initializer in class org/apache/hadoop/hdfs/protocol/proto/HdfsProtos$BlockTypeProto
2024-11-12 13:42:23,477 INFO  EvoClassLoader - Keeping class: org.apache.hadoop.hdfs.protocol.proto.HdfsProtos$BlockTypeProto
2024-11-12 13:42:23,477 INFO  EvoClassLoader - Seeing class for first time: org.apache.hadoop.hdfs.protocol.proto.HdfsProtos$BlockTypeProto$1
2024-11-12 13:42:23,477 INFO  EvoClassLoader - Instrumenting class 'org.apache.hadoop.hdfs.protocol.proto.HdfsProtos$BlockTypeProto$1'.
2024-11-12 13:42:23,477 INFO  MethodCallReplacementClassAdapter - Adding mock interface to class org/apache/hadoop/hdfs/protocol/proto/HdfsProtos$BlockTypeProto$1
2024-11-12 13:42:23,477 INFO  EvoClassLoader - Keeping class: org.apache.hadoop.hdfs.protocol.proto.HdfsProtos$BlockTypeProto$1
2024-11-12 13:42:23,477 INFO  EvoClassLoader - Seeing class for first time: org.apache.hadoop.thirdparty.protobuf.Method$1
2024-11-12 13:42:23,477 INFO  EvoClassLoader - Instrumenting class 'org.apache.hadoop.thirdparty.protobuf.Method$1'.
2024-11-12 13:42:23,478 INFO  MethodCallReplacementClassAdapter - Adding mock interface to class org/apache/hadoop/thirdparty/protobuf/Method$1
2024-11-12 13:42:23,478 INFO  EvoClassLoader - Keeping class: org.apache.hadoop.thirdparty.protobuf.Method$1
2024-11-12 13:42:23,478 INFO  EvoClassLoader - Seeing class for first time: org.apache.hadoop.thirdparty.protobuf.MapField
2024-11-12 13:42:23,478 INFO  EvoClassLoader - Instrumenting class 'org.apache.hadoop.thirdparty.protobuf.MapField'.
2024-11-12 13:42:23,478 INFO  MethodCallReplacementClassAdapter - Adding mock interface to class org/apache/hadoop/thirdparty/protobuf/MapField
2024-11-12 13:42:23,478 INFO  CreateClassResetClassAdapter - Creating brand-new static initializer in class org/apache/hadoop/thirdparty/protobuf/MapField
2024-11-12 13:42:23,479 INFO  EvoClassLoader - Seeing class for first time: org.apache.hadoop.thirdparty.protobuf.MutabilityOracle
2024-11-12 13:42:23,479 INFO  EvoClassLoader - Instrumenting class 'org.apache.hadoop.thirdparty.protobuf.MutabilityOracle'.
2024-11-12 13:42:23,479 INFO  EvoClassLoader - Keeping class: org.apache.hadoop.thirdparty.protobuf.MutabilityOracle
2024-11-12 13:42:23,479 INFO  EvoClassLoader - Keeping class: org.apache.hadoop.thirdparty.protobuf.MapField
2024-11-12 13:42:23,479 INFO  EvoClassLoader - Seeing class for first time: org.apache.hadoop.thirdparty.protobuf.MapField$Converter
2024-11-12 13:42:23,479 INFO  EvoClassLoader - Instrumenting class 'org.apache.hadoop.thirdparty.protobuf.MapField$Converter'.
2024-11-12 13:42:23,479 INFO  EvoClassLoader - Keeping class: org.apache.hadoop.thirdparty.protobuf.MapField$Converter
2024-11-12 13:42:23,479 INFO  EvoClassLoader - Seeing class for first time: org.apache.hadoop.hdfs.server.namenode.FsImageProto$INodeSection$INodeSymlinkOrBuilder
2024-11-12 13:42:23,479 INFO  EvoClassLoader - Instrumenting class 'org.apache.hadoop.hdfs.server.namenode.FsImageProto$INodeSection$INodeSymlinkOrBuilder'.
2024-11-12 13:42:23,480 INFO  EvoClassLoader - Keeping class: org.apache.hadoop.hdfs.server.namenode.FsImageProto$INodeSection$INodeSymlinkOrBuilder
2024-11-12 13:42:23,480 INFO  EvoClassLoader - Seeing class for first time: org.apache.hadoop.hdfs.protocol.proto.HdfsProtos$BatchedListingKeyProtoOrBuilder
2024-11-12 13:42:23,480 INFO  EvoClassLoader - Instrumenting class 'org.apache.hadoop.hdfs.protocol.proto.HdfsProtos$BatchedListingKeyProtoOrBuilder'.
2024-11-12 13:42:23,480 INFO  EvoClassLoader - Keeping class: org.apache.hadoop.hdfs.protocol.proto.HdfsProtos$BatchedListingKeyProtoOrBuilder
2024-11-12 13:42:23,480 INFO  EvoClassLoader - Seeing class for first time: org.apache.hadoop.hdfs.protocol.proto.HdfsProtos$ProvidedStorageLocationProtoOrBuilder
2024-11-12 13:42:23,480 INFO  EvoClassLoader - Instrumenting class 'org.apache.hadoop.hdfs.protocol.proto.HdfsProtos$ProvidedStorageLocationProtoOrBuilder'.
2024-11-12 13:42:23,480 INFO  EvoClassLoader - Keeping class: org.apache.hadoop.hdfs.protocol.proto.HdfsProtos$ProvidedStorageLocationProtoOrBuilder
2024-11-12 13:42:23,480 INFO  EvoClassLoader - Seeing class for first time: org.apache.hadoop.hdfs.server.namenode.FsImageProto$INodeSection$INode$Type
2024-11-12 13:42:23,480 INFO  EvoClassLoader - Instrumenting class 'org.apache.hadoop.hdfs.server.namenode.FsImageProto$INodeSection$INode$Type'.
2024-11-12 13:42:23,480 INFO  MethodCallReplacementClassAdapter - Adding mock interface to class org/apache/hadoop/hdfs/server/namenode/FsImageProto$INodeSection$INode$Type
2024-11-12 13:42:23,481 INFO  CreateClassResetClassAdapter - Found static initializer in class org/apache/hadoop/hdfs/server/namenode/FsImageProto$INodeSection$INode$Type
2024-11-12 13:42:23,484 INFO  EvoClassLoader - Keeping class: org.apache.hadoop.hdfs.server.namenode.FsImageProto$INodeSection$INode$Type
2024-11-12 13:42:23,484 INFO  EvoClassLoader - Seeing class for first time: org.apache.hadoop.thirdparty.protobuf.TextFormat$1
2024-11-12 13:42:23,484 INFO  EvoClassLoader - Instrumenting class 'org.apache.hadoop.thirdparty.protobuf.TextFormat$1'.
2024-11-12 13:42:23,485 INFO  MethodCallReplacementClassAdapter - Adding mock interface to class org/apache/hadoop/thirdparty/protobuf/TextFormat$1
2024-11-12 13:42:23,486 INFO  EvoClassLoader - Keeping class: org.apache.hadoop.thirdparty.protobuf.TextFormat$1
2024-11-12 13:42:23,486 INFO  EvoClassLoader - Seeing class for first time: org.apache.hadoop.hdfs.server.namenode.FsImageProto$INodeReferenceSection$INodeReference
2024-11-12 13:42:23,486 INFO  EvoClassLoader - Instrumenting class 'org.apache.hadoop.hdfs.server.namenode.FsImageProto$INodeReferenceSection$INodeReference'.
2024-11-12 13:42:23,486 INFO  MethodCallReplacementClassAdapter - Adding mock interface to class org/apache/hadoop/hdfs/server/namenode/FsImageProto$INodeReferenceSection$INodeReference
2024-11-12 13:42:23,487 INFO  CreateClassResetClassAdapter - Found static initializer in class org/apache/hadoop/hdfs/server/namenode/FsImageProto$INodeReferenceSection$INodeReference
2024-11-12 13:42:23,489 INFO  EvoClassLoader - Keeping class: org.apache.hadoop.hdfs.server.namenode.FsImageProto$INodeReferenceSection$INodeReference
2024-11-12 13:42:23,489 INFO  EvoClassLoader - Seeing class for first time: org.apache.hadoop.hdfs.server.namenode.FsImageProto$INodeReferenceSection$INodeReference$1
2024-11-12 13:42:23,489 INFO  EvoClassLoader - Instrumenting class 'org.apache.hadoop.hdfs.server.namenode.FsImageProto$INodeReferenceSection$INodeReference$1'.
2024-11-12 13:42:23,489 INFO  MethodCallReplacementClassAdapter - Adding mock interface to class org/apache/hadoop/hdfs/server/namenode/FsImageProto$INodeReferenceSection$INodeReference$1
2024-11-12 13:42:23,490 INFO  EvoClassLoader - Keeping class: org.apache.hadoop.hdfs.server.namenode.FsImageProto$INodeReferenceSection$INodeReference$1
2024-11-12 13:42:23,490 INFO  EvoClassLoader - Seeing class for first time: org.apache.hadoop.hdfs.protocol.proto.HdfsProtos$DatanodeInfosProtoOrBuilder
2024-11-12 13:42:23,490 INFO  EvoClassLoader - Instrumenting class 'org.apache.hadoop.hdfs.protocol.proto.HdfsProtos$DatanodeInfosProtoOrBuilder'.
2024-11-12 13:42:23,491 INFO  EvoClassLoader - Keeping class: org.apache.hadoop.hdfs.protocol.proto.HdfsProtos$DatanodeInfosProtoOrBuilder
2024-11-12 13:42:23,491 INFO  EvoClassLoader - Seeing class for first time: org.apache.hadoop.hdfs.protocol.proto.HdfsProtos$SnapshottableDirectoryListingProto
2024-11-12 13:42:23,491 INFO  EvoClassLoader - Instrumenting class 'org.apache.hadoop.hdfs.protocol.proto.HdfsProtos$SnapshottableDirectoryListingProto'.
2024-11-12 13:42:23,492 INFO  MethodCallReplacementClassAdapter - Adding mock interface to class org/apache/hadoop/hdfs/protocol/proto/HdfsProtos$SnapshottableDirectoryListingProto
2024-11-12 13:42:23,493 INFO  CreateClassResetClassAdapter - Found static initializer in class org/apache/hadoop/hdfs/protocol/proto/HdfsProtos$SnapshottableDirectoryListingProto
2024-11-12 13:42:23,494 INFO  EvoClassLoader - Seeing class for first time: org.apache.hadoop.hdfs.protocol.proto.HdfsProtos$SnapshottableDirectoryListingProtoOrBuilder
2024-11-12 13:42:23,494 INFO  EvoClassLoader - Instrumenting class 'org.apache.hadoop.hdfs.protocol.proto.HdfsProtos$SnapshottableDirectoryListingProtoOrBuilder'.
2024-11-12 13:42:23,495 INFO  EvoClassLoader - Keeping class: org.apache.hadoop.hdfs.protocol.proto.HdfsProtos$SnapshottableDirectoryListingProtoOrBuilder
2024-11-12 13:42:23,495 INFO  EvoClassLoader - Keeping class: org.apache.hadoop.hdfs.protocol.proto.HdfsProtos$SnapshottableDirectoryListingProto
2024-11-12 13:42:23,495 INFO  EvoClassLoader - Seeing class for first time: org.apache.hadoop.hdfs.protocol.proto.HdfsProtos$SnapshottableDirectoryListingProto$1
2024-11-12 13:42:23,495 INFO  EvoClassLoader - Instrumenting class 'org.apache.hadoop.hdfs.protocol.proto.HdfsProtos$SnapshottableDirectoryListingProto$1'.
2024-11-12 13:42:23,496 INFO  MethodCallReplacementClassAdapter - Adding mock interface to class org/apache/hadoop/hdfs/protocol/proto/HdfsProtos$SnapshottableDirectoryListingProto$1
2024-11-12 13:42:23,497 INFO  EvoClassLoader - Keeping class: org.apache.hadoop.hdfs.protocol.proto.HdfsProtos$SnapshottableDirectoryListingProto$1
2024-11-12 13:42:23,498 INFO  EvoClassLoader - Seeing class for first time: org.apache.hadoop.thirdparty.protobuf.WrappersProto
2024-11-12 13:42:23,498 INFO  EvoClassLoader - Instrumenting class 'org.apache.hadoop.thirdparty.protobuf.WrappersProto'.
2024-11-12 13:42:23,498 INFO  MethodCallReplacementClassAdapter - Adding mock interface to class org/apache/hadoop/thirdparty/protobuf/WrappersProto
2024-11-12 13:42:23,499 INFO  CreateClassResetClassAdapter - Found static initializer in class org/apache/hadoop/thirdparty/protobuf/WrappersProto
2024-11-12 13:42:23,500 INFO  EvoClassLoader - Keeping class: org.apache.hadoop.thirdparty.protobuf.WrappersProto
2024-11-12 13:42:23,502 INFO  EvoClassLoader - Seeing class for first time: org.eclipse.jetty.util.log.AbstractLogger
2024-11-12 13:42:23,502 INFO  EvoClassLoader - Instrumenting class 'org.eclipse.jetty.util.log.AbstractLogger'.
2024-11-12 13:42:23,503 INFO  MethodCallReplacementClassAdapter - Adding mock interface to class org/eclipse/jetty/util/log/AbstractLogger
2024-11-12 13:42:23,504 INFO  CreateClassResetClassAdapter - Creating brand-new static initializer in class org/eclipse/jetty/util/log/AbstractLogger
2024-11-12 13:42:23,504 INFO  CreateClassResetClassAdapter - Adding bytecode for initializing field LEVEL_DEFAULT
2024-11-12 13:42:23,504 INFO  CreateClassResetClassAdapter - Adding bytecode for initializing field LEVEL_ALL
2024-11-12 13:42:23,504 INFO  CreateClassResetClassAdapter - Adding bytecode for initializing field LEVEL_DEBUG
2024-11-12 13:42:23,504 INFO  CreateClassResetClassAdapter - Adding bytecode for initializing field LEVEL_INFO
2024-11-12 13:42:23,504 INFO  CreateClassResetClassAdapter - Adding bytecode for initializing field LEVEL_WARN
2024-11-12 13:42:23,504 INFO  CreateClassResetClassAdapter - Adding bytecode for initializing field LEVEL_OFF
2024-11-12 13:42:23,504 INFO  EvoClassLoader - Defined package (3): package org.eclipse.jetty.util.log, -1550856903
2024-11-12 13:42:23,504 INFO  EvoClassLoader - Seeing class for first time: org.eclipse.jetty.util.log.Logger
2024-11-12 13:42:23,504 INFO  EvoClassLoader - Instrumenting class 'org.eclipse.jetty.util.log.Logger'.
2024-11-12 13:42:23,505 INFO  EvoClassLoader - Keeping class: org.eclipse.jetty.util.log.Logger
2024-11-12 13:42:23,505 INFO  EvoClassLoader - Keeping class: org.eclipse.jetty.util.log.AbstractLogger
2024-11-12 13:42:23,505 INFO  EvoClassLoader - Seeing class for first time: org.apache.hadoop.hdfs.protocol.proto.HdfsProtos$BlockChecksumOptionsProto
2024-11-12 13:42:23,505 INFO  EvoClassLoader - Instrumenting class 'org.apache.hadoop.hdfs.protocol.proto.HdfsProtos$BlockChecksumOptionsProto'.
2024-11-12 13:42:23,506 INFO  MethodCallReplacementClassAdapter - Adding mock interface to class org/apache/hadoop/hdfs/protocol/proto/HdfsProtos$BlockChecksumOptionsProto
2024-11-12 13:42:23,506 INFO  CreateClassResetClassAdapter - Found static initializer in class org/apache/hadoop/hdfs/protocol/proto/HdfsProtos$BlockChecksumOptionsProto
2024-11-12 13:42:23,507 INFO  EvoClassLoader - Seeing class for first time: org.apache.hadoop.hdfs.protocol.proto.HdfsProtos$BlockChecksumOptionsProtoOrBuilder
2024-11-12 13:42:23,507 INFO  EvoClassLoader - Instrumenting class 'org.apache.hadoop.hdfs.protocol.proto.HdfsProtos$BlockChecksumOptionsProtoOrBuilder'.
2024-11-12 13:42:23,507 INFO  EvoClassLoader - Keeping class: org.apache.hadoop.hdfs.protocol.proto.HdfsProtos$BlockChecksumOptionsProtoOrBuilder
2024-11-12 13:42:23,507 INFO  EvoClassLoader - Keeping class: org.apache.hadoop.hdfs.protocol.proto.HdfsProtos$BlockChecksumOptionsProto
2024-11-12 13:42:23,508 INFO  EvoClassLoader - Seeing class for first time: org.apache.hadoop.hdfs.protocol.proto.HdfsProtos$BlockChecksumOptionsProto$1
2024-11-12 13:42:23,508 INFO  EvoClassLoader - Instrumenting class 'org.apache.hadoop.hdfs.protocol.proto.HdfsProtos$BlockChecksumOptionsProto$1'.
2024-11-12 13:42:23,508 INFO  MethodCallReplacementClassAdapter - Adding mock interface to class org/apache/hadoop/hdfs/protocol/proto/HdfsProtos$BlockChecksumOptionsProto$1
2024-11-12 13:42:23,508 INFO  EvoClassLoader - Keeping class: org.apache.hadoop.hdfs.protocol.proto.HdfsProtos$BlockChecksumOptionsProto$1
2024-11-12 13:42:23,509 INFO  EvoClassLoader - Seeing class for first time: org.apache.hadoop.hdfs.protocol.proto.HdfsProtos$BlockStoragePolicyProtoOrBuilder
2024-11-12 13:42:23,509 INFO  EvoClassLoader - Instrumenting class 'org.apache.hadoop.hdfs.protocol.proto.HdfsProtos$BlockStoragePolicyProtoOrBuilder'.
2024-11-12 13:42:23,509 INFO  EvoClassLoader - Keeping class: org.apache.hadoop.hdfs.protocol.proto.HdfsProtos$BlockStoragePolicyProtoOrBuilder
2024-11-12 13:42:23,510 INFO  EvoClassLoader - Seeing class for first time: org.checkerframework.checker.nullness.qual.Nullable
2024-11-12 13:42:23,510 INFO  EvoClassLoader - Instrumenting class 'org.checkerframework.checker.nullness.qual.Nullable'.
2024-11-12 13:42:23,510 INFO  EvoClassLoader - Defined package (3): package org.checkerframework.checker.nullness.qual, -1463688597
2024-11-12 13:42:23,511 INFO  EvoClassLoader - Keeping class: org.checkerframework.checker.nullness.qual.Nullable
2024-11-12 13:42:23,511 INFO  EvoClassLoader - Seeing class for first time: org.apache.hadoop.hdfs.server.namenode.FsImageProto$INodeSection$1
2024-11-12 13:42:23,511 INFO  EvoClassLoader - Instrumenting class 'org.apache.hadoop.hdfs.server.namenode.FsImageProto$INodeSection$1'.
2024-11-12 13:42:23,511 INFO  MethodCallReplacementClassAdapter - Adding mock interface to class org/apache/hadoop/hdfs/server/namenode/FsImageProto$INodeSection$1
2024-11-12 13:42:23,511 INFO  EvoClassLoader - Keeping class: org.apache.hadoop.hdfs.server.namenode.FsImageProto$INodeSection$1
2024-11-12 13:42:23,512 INFO  EvoClassLoader - Seeing class for first time: org.apache.hadoop.hdfs.server.namenode.FsImageProto$INodeSection$FileUnderConstructionFeature$Builder
2024-11-12 13:42:23,512 INFO  EvoClassLoader - Instrumenting class 'org.apache.hadoop.hdfs.server.namenode.FsImageProto$INodeSection$FileUnderConstructionFeature$Builder'.
2024-11-12 13:42:23,512 INFO  MethodCallReplacementClassAdapter - Adding mock interface to class org/apache/hadoop/hdfs/server/namenode/FsImageProto$INodeSection$FileUnderConstructionFeature$Builder
2024-11-12 13:42:23,514 INFO  CreateClassResetClassAdapter - Creating brand-new static initializer in class org/apache/hadoop/hdfs/server/namenode/FsImageProto$INodeSection$FileUnderConstructionFeature$Builder
2024-11-12 13:42:23,515 INFO  EvoClassLoader - Keeping class: org.apache.hadoop.hdfs.server.namenode.FsImageProto$INodeSection$FileUnderConstructionFeature$Builder
2024-11-12 13:42:23,515 INFO  EvoClassLoader - Seeing class for first time: org.apache.hadoop.hdfs.protocol.proto.HdfsProtos$RemoteExceptionProto
2024-11-12 13:42:23,515 INFO  EvoClassLoader - Instrumenting class 'org.apache.hadoop.hdfs.protocol.proto.HdfsProtos$RemoteExceptionProto'.
2024-11-12 13:42:23,516 INFO  MethodCallReplacementClassAdapter - Adding mock interface to class org/apache/hadoop/hdfs/protocol/proto/HdfsProtos$RemoteExceptionProto
2024-11-12 13:42:23,517 INFO  CreateClassResetClassAdapter - Found static initializer in class org/apache/hadoop/hdfs/protocol/proto/HdfsProtos$RemoteExceptionProto
2024-11-12 13:42:23,517 INFO  EvoClassLoader - Seeing class for first time: org.apache.hadoop.hdfs.protocol.proto.HdfsProtos$RemoteExceptionProtoOrBuilder
2024-11-12 13:42:23,517 INFO  EvoClassLoader - Instrumenting class 'org.apache.hadoop.hdfs.protocol.proto.HdfsProtos$RemoteExceptionProtoOrBuilder'.
2024-11-12 13:42:23,518 INFO  EvoClassLoader - Keeping class: org.apache.hadoop.hdfs.protocol.proto.HdfsProtos$RemoteExceptionProtoOrBuilder
2024-11-12 13:42:23,518 INFO  EvoClassLoader - Keeping class: org.apache.hadoop.hdfs.protocol.proto.HdfsProtos$RemoteExceptionProto
2024-11-12 13:42:23,518 INFO  EvoClassLoader - Seeing class for first time: org.apache.hadoop.hdfs.protocol.proto.HdfsProtos$RemoteExceptionProto$1
2024-11-12 13:42:23,518 INFO  EvoClassLoader - Instrumenting class 'org.apache.hadoop.hdfs.protocol.proto.HdfsProtos$RemoteExceptionProto$1'.
2024-11-12 13:42:23,518 INFO  MethodCallReplacementClassAdapter - Adding mock interface to class org/apache/hadoop/hdfs/protocol/proto/HdfsProtos$RemoteExceptionProto$1
2024-11-12 13:42:23,519 INFO  EvoClassLoader - Keeping class: org.apache.hadoop.hdfs.protocol.proto.HdfsProtos$RemoteExceptionProto$1
2024-11-12 13:42:23,519 INFO  EvoClassLoader - Seeing class for first time: org.eclipse.jetty.io.LogarithmicArrayByteBufferPool
2024-11-12 13:42:23,519 INFO  EvoClassLoader - Instrumenting class 'org.eclipse.jetty.io.LogarithmicArrayByteBufferPool'.
2024-11-12 13:42:23,519 INFO  MethodCallReplacementClassAdapter - Adding mock interface to class org/eclipse/jetty/io/LogarithmicArrayByteBufferPool
2024-11-12 13:42:23,519 INFO  CreateClassResetClassAdapter - Creating brand-new static initializer in class org/eclipse/jetty/io/LogarithmicArrayByteBufferPool
2024-11-12 13:42:23,519 INFO  EvoClassLoader - Seeing class for first time: org.eclipse.jetty.io.ArrayByteBufferPool
2024-11-12 13:42:23,519 INFO  EvoClassLoader - Instrumenting class 'org.eclipse.jetty.io.ArrayByteBufferPool'.
2024-11-12 13:42:23,520 INFO  MethodCallReplacementClassAdapter - Adding mock interface to class org/eclipse/jetty/io/ArrayByteBufferPool
2024-11-12 13:42:23,521 INFO  CreateClassResetClassAdapter - Found static initializer in class org/eclipse/jetty/io/ArrayByteBufferPool
2024-11-12 13:42:23,521 INFO  EvoClassLoader - Seeing class for first time: org.eclipse.jetty.util.component.Dumpable
2024-11-12 13:42:23,521 INFO  EvoClassLoader - Instrumenting class 'org.eclipse.jetty.util.component.Dumpable'.
2024-11-12 13:42:23,522 INFO  EvoClassLoader - Defined package (3): package org.eclipse.jetty.util.component, 1836137266
2024-11-12 13:42:23,522 INFO  EvoClassLoader - Keeping class: org.eclipse.jetty.util.component.Dumpable
2024-11-12 13:42:23,522 INFO  EvoClassLoader - Seeing class for first time: org.eclipse.jetty.io.AbstractByteBufferPool
2024-11-12 13:42:23,522 INFO  EvoClassLoader - Instrumenting class 'org.eclipse.jetty.io.AbstractByteBufferPool'.
2024-11-12 13:42:23,523 INFO  MethodCallReplacementClassAdapter - Adding mock interface to class org/eclipse/jetty/io/AbstractByteBufferPool
2024-11-12 13:42:23,523 INFO  CreateClassResetClassAdapter - Creating brand-new static initializer in class org/eclipse/jetty/io/AbstractByteBufferPool
2024-11-12 13:42:23,523 INFO  EvoClassLoader - Seeing class for first time: org.eclipse.jetty.io.ByteBufferPool
2024-11-12 13:42:23,523 INFO  EvoClassLoader - Instrumenting class 'org.eclipse.jetty.io.ByteBufferPool'.
2024-11-12 13:42:23,524 INFO  EvoClassLoader - Keeping class: org.eclipse.jetty.io.ByteBufferPool
2024-11-12 13:42:23,524 INFO  EvoClassLoader - Keeping class: org.eclipse.jetty.io.AbstractByteBufferPool
2024-11-12 13:42:23,524 INFO  EvoClassLoader - Keeping class: org.eclipse.jetty.io.ArrayByteBufferPool
2024-11-12 13:42:23,524 INFO  EvoClassLoader - Keeping class: org.eclipse.jetty.io.LogarithmicArrayByteBufferPool
2024-11-12 13:42:23,525 INFO  EvoClassLoader - Seeing class for first time: org.eclipse.jetty.util.log.Log
2024-11-12 13:42:23,525 INFO  EvoClassLoader - Instrumenting class 'org.eclipse.jetty.util.log.Log'.
2024-11-12 13:42:23,525 INFO  MethodCallReplacementClassAdapter - Adding mock interface to class org/eclipse/jetty/util/log/Log
2024-11-12 13:42:23,526 INFO  CreateClassResetClassAdapter - Found static initializer in class org/eclipse/jetty/util/log/Log
2024-11-12 13:42:23,526 INFO  EvoClassLoader - Keeping class: org.eclipse.jetty.util.log.Log
2024-11-12 13:42:23,526 INFO  EvoClassLoader - Seeing class for first time: org.eclipse.jetty.util.log.Log$1
2024-11-12 13:42:23,526 INFO  EvoClassLoader - Instrumenting class 'org.eclipse.jetty.util.log.Log$1'.
2024-11-12 13:42:23,527 INFO  MethodCallReplacementClassAdapter - Adding mock interface to class org/eclipse/jetty/util/log/Log$1
2024-11-12 13:42:23,527 INFO  EvoClassLoader - Keeping class: org.eclipse.jetty.util.log.Log$1
2024-11-12 13:42:23,527 INFO  EvoClassLoader - Seeing class for first time: org.eclipse.jetty.util.Loader
2024-11-12 13:42:23,527 INFO  EvoClassLoader - Instrumenting class 'org.eclipse.jetty.util.Loader'.
2024-11-12 13:42:23,527 INFO  MethodCallReplacementClassAdapter - Adding mock interface to class org/eclipse/jetty/util/Loader
2024-11-12 13:42:23,527 INFO  CreateClassResetClassAdapter - Creating brand-new static initializer in class org/eclipse/jetty/util/Loader
2024-11-12 13:42:23,527 INFO  EvoClassLoader - Defined package (3): package org.eclipse.jetty.util, 464202339
2024-11-12 13:42:23,527 INFO  EvoClassLoader - Keeping class: org.eclipse.jetty.util.Loader
2024-11-12 13:42:23,529 INFO  EvoClassLoader - Seeing class for first time: org.eclipse.jetty.util.log.Slf4jLog
2024-11-12 13:42:23,529 INFO  EvoClassLoader - Instrumenting class 'org.eclipse.jetty.util.log.Slf4jLog'.
2024-11-12 13:42:23,529 INFO  MethodCallReplacementClassAdapter - Adding mock interface to class org/eclipse/jetty/util/log/Slf4jLog
2024-11-12 13:42:23,530 INFO  CreateClassResetClassAdapter - Creating brand-new static initializer in class org/eclipse/jetty/util/log/Slf4jLog
2024-11-12 13:42:23,530 INFO  EvoClassLoader - Keeping class: org.eclipse.jetty.util.log.Slf4jLog
2024-11-12 13:42:23,530 INFO  EvoClassLoader - Seeing class for first time: org.eclipse.jetty.util.log.JettyAwareLogger
2024-11-12 13:42:23,530 INFO  EvoClassLoader - Instrumenting class 'org.eclipse.jetty.util.log.JettyAwareLogger'.
2024-11-12 13:42:23,532 INFO  MethodCallReplacementClassAdapter - Adding mock interface to class org/eclipse/jetty/util/log/JettyAwareLogger
2024-11-12 13:42:23,533 INFO  CreateClassResetClassAdapter - Found static initializer in class org/eclipse/jetty/util/log/JettyAwareLogger
2024-11-12 13:42:23,534 INFO  EvoClassLoader - Keeping class: org.eclipse.jetty.util.log.JettyAwareLogger
2024-11-12 13:42:23,534 INFO  EvoClassLoader - Seeing class for first time: org.eclipse.jetty.util.Uptime
2024-11-12 13:42:23,534 INFO  EvoClassLoader - Instrumenting class 'org.eclipse.jetty.util.Uptime'.
2024-11-12 13:42:23,535 INFO  MethodCallReplacementClassAdapter - Adding mock interface to class org/eclipse/jetty/util/Uptime
2024-11-12 13:42:23,536 INFO  CreateClassResetClassAdapter - Found static initializer in class org/eclipse/jetty/util/Uptime
2024-11-12 13:42:23,536 INFO  EvoClassLoader - Keeping class: org.eclipse.jetty.util.Uptime
2024-11-12 13:42:23,536 INFO  EvoClassLoader - Seeing class for first time: org.eclipse.jetty.util.Uptime$Impl
2024-11-12 13:42:23,536 INFO  EvoClassLoader - Instrumenting class 'org.eclipse.jetty.util.Uptime$Impl'.
2024-11-12 13:42:23,537 INFO  EvoClassLoader - Keeping class: org.eclipse.jetty.util.Uptime$Impl
2024-11-12 13:42:23,537 INFO  EvoClassLoader - Seeing class for first time: org.eclipse.jetty.util.Uptime$DefaultImpl
2024-11-12 13:42:23,537 INFO  EvoClassLoader - Instrumenting class 'org.eclipse.jetty.util.Uptime$DefaultImpl'.
2024-11-12 13:42:23,537 INFO  MethodCallReplacementClassAdapter - Adding mock interface to class org/eclipse/jetty/util/Uptime$DefaultImpl
2024-11-12 13:42:23,539 INFO  CreateClassResetClassAdapter - Creating brand-new static initializer in class org/eclipse/jetty/util/Uptime$DefaultImpl
2024-11-12 13:42:23,539 INFO  EvoClassLoader - Keeping class: org.eclipse.jetty.util.Uptime$DefaultImpl
2024-11-12 13:42:23,540 INFO  log - Logging initialized @5470ms to org.eclipse.jetty.util.log.Slf4jLog
2024-11-12 13:42:23,540 INFO  EvoClassLoader - Seeing class for first time: org.apache.hadoop.thirdparty.protobuf.GeneratedMessageV3$FieldAccessorTable$RepeatedFieldAccessor$ReflectionInvoker
2024-11-12 13:42:23,540 INFO  EvoClassLoader - Instrumenting class 'org.apache.hadoop.thirdparty.protobuf.GeneratedMessageV3$FieldAccessorTable$RepeatedFieldAccessor$ReflectionInvoker'.
2024-11-12 13:42:23,540 INFO  MethodCallReplacementClassAdapter - Adding mock interface to class org/apache/hadoop/thirdparty/protobuf/GeneratedMessageV3$FieldAccessorTable$RepeatedFieldAccessor$ReflectionInvoker
2024-11-12 13:42:23,540 INFO  CreateClassResetClassAdapter - Creating brand-new static initializer in class org/apache/hadoop/thirdparty/protobuf/GeneratedMessageV3$FieldAccessorTable$RepeatedFieldAccessor$ReflectionInvoker
2024-11-12 13:42:23,541 INFO  EvoClassLoader - Seeing class for first time: org.apache.hadoop.thirdparty.protobuf.GeneratedMessageV3$FieldAccessorTable$RepeatedFieldAccessor$MethodInvoker
2024-11-12 13:42:23,541 INFO  EvoClassLoader - Instrumenting class 'org.apache.hadoop.thirdparty.protobuf.GeneratedMessageV3$FieldAccessorTable$RepeatedFieldAccessor$MethodInvoker'.
2024-11-12 13:42:23,541 INFO  EvoClassLoader - Keeping class: org.apache.hadoop.thirdparty.protobuf.GeneratedMessageV3$FieldAccessorTable$RepeatedFieldAccessor$MethodInvoker
2024-11-12 13:42:23,541 INFO  EvoClassLoader - Keeping class: org.apache.hadoop.thirdparty.protobuf.GeneratedMessageV3$FieldAccessorTable$RepeatedFieldAccessor$ReflectionInvoker
2024-11-12 13:42:23,541 INFO  EvoClassLoader - Seeing class for first time: org.apache.hadoop.hdfs.protocol.proto.HdfsProtos$ProvidedStorageLocationProto
2024-11-12 13:42:23,541 INFO  EvoClassLoader - Instrumenting class 'org.apache.hadoop.hdfs.protocol.proto.HdfsProtos$ProvidedStorageLocationProto'.
2024-11-12 13:42:23,542 INFO  MethodCallReplacementClassAdapter - Adding mock interface to class org/apache/hadoop/hdfs/protocol/proto/HdfsProtos$ProvidedStorageLocationProto
2024-11-12 13:42:23,542 INFO  CreateClassResetClassAdapter - Found static initializer in class org/apache/hadoop/hdfs/protocol/proto/HdfsProtos$ProvidedStorageLocationProto
2024-11-12 13:42:23,542 INFO  EvoClassLoader - Keeping class: org.apache.hadoop.hdfs.protocol.proto.HdfsProtos$ProvidedStorageLocationProto
2024-11-12 13:42:23,543 INFO  EvoClassLoader - Seeing class for first time: org.apache.hadoop.hdfs.protocol.proto.HdfsProtos$ProvidedStorageLocationProto$1
2024-11-12 13:42:23,543 INFO  EvoClassLoader - Instrumenting class 'org.apache.hadoop.hdfs.protocol.proto.HdfsProtos$ProvidedStorageLocationProto$1'.
2024-11-12 13:42:23,543 INFO  MethodCallReplacementClassAdapter - Adding mock interface to class org/apache/hadoop/hdfs/protocol/proto/HdfsProtos$ProvidedStorageLocationProto$1
2024-11-12 13:42:23,543 INFO  EvoClassLoader - Keeping class: org.apache.hadoop.hdfs.protocol.proto.HdfsProtos$ProvidedStorageLocationProto$1
2024-11-12 13:42:23,543 INFO  EvoClassLoader - Seeing class for first time: org.apache.hadoop.thirdparty.protobuf.GeneratedMessageV3$FieldAccessorTable$SingularMessageFieldAccessor
2024-11-12 13:42:23,543 INFO  EvoClassLoader - Instrumenting class 'org.apache.hadoop.thirdparty.protobuf.GeneratedMessageV3$FieldAccessorTable$SingularMessageFieldAccessor'.
2024-11-12 13:42:23,544 INFO  MethodCallReplacementClassAdapter - Adding mock interface to class org/apache/hadoop/thirdparty/protobuf/GeneratedMessageV3$FieldAccessorTable$SingularMessageFieldAccessor
2024-11-12 13:42:23,544 INFO  CreateClassResetClassAdapter - Creating brand-new static initializer in class org/apache/hadoop/thirdparty/protobuf/GeneratedMessageV3$FieldAccessorTable$SingularMessageFieldAccessor
2024-11-12 13:42:23,544 INFO  EvoClassLoader - Keeping class: org.apache.hadoop.thirdparty.protobuf.GeneratedMessageV3$FieldAccessorTable$SingularMessageFieldAccessor
2024-11-12 13:42:23,544 INFO  EvoClassLoader - Seeing class for first time: org.apache.hadoop.thirdparty.protobuf.DescriptorProtos$SourceCodeInfo$Location$Builder
2024-11-12 13:42:23,544 INFO  EvoClassLoader - Instrumenting class 'org.apache.hadoop.thirdparty.protobuf.DescriptorProtos$SourceCodeInfo$Location$Builder'.
2024-11-12 13:42:23,544 INFO  MethodCallReplacementClassAdapter - Adding mock interface to class org/apache/hadoop/thirdparty/protobuf/DescriptorProtos$SourceCodeInfo$Location$Builder
2024-11-12 13:42:23,546 INFO  CreateClassResetClassAdapter - Creating brand-new static initializer in class org/apache/hadoop/thirdparty/protobuf/DescriptorProtos$SourceCodeInfo$Location$Builder
2024-11-12 13:42:23,546 INFO  EvoClassLoader - Seeing class for first time: org.apache.hadoop.thirdparty.protobuf.DescriptorProtos$SourceCodeInfo$LocationOrBuilder
2024-11-12 13:42:23,546 INFO  EvoClassLoader - Instrumenting class 'org.apache.hadoop.thirdparty.protobuf.DescriptorProtos$SourceCodeInfo$LocationOrBuilder'.
2024-11-12 13:42:23,546 INFO  EvoClassLoader - Keeping class: org.apache.hadoop.thirdparty.protobuf.DescriptorProtos$SourceCodeInfo$LocationOrBuilder
2024-11-12 13:42:23,546 INFO  EvoClassLoader - Keeping class: org.apache.hadoop.thirdparty.protobuf.DescriptorProtos$SourceCodeInfo$Location$Builder
2024-11-12 13:42:23,547 INFO  EvoClassLoader - Seeing class for first time: org.apache.hadoop.hdfs.protocol.proto.HdfsProtos$ReencryptionInfoProtoOrBuilder
2024-11-12 13:42:23,547 INFO  EvoClassLoader - Instrumenting class 'org.apache.hadoop.hdfs.protocol.proto.HdfsProtos$ReencryptionInfoProtoOrBuilder'.
2024-11-12 13:42:23,547 INFO  EvoClassLoader - Keeping class: org.apache.hadoop.hdfs.protocol.proto.HdfsProtos$ReencryptionInfoProtoOrBuilder
2024-11-12 13:42:23,547 INFO  EvoClassLoader - Seeing class for first time: org.apache.hadoop.hdfs.protocol.proto.HdfsProtos$SnapshotDiffReportEntryProtoOrBuilder
2024-11-12 13:42:23,547 INFO  EvoClassLoader - Instrumenting class 'org.apache.hadoop.hdfs.protocol.proto.HdfsProtos$SnapshotDiffReportEntryProtoOrBuilder'.
2024-11-12 13:42:23,548 INFO  EvoClassLoader - Keeping class: org.apache.hadoop.hdfs.protocol.proto.HdfsProtos$SnapshotDiffReportEntryProtoOrBuilder
2024-11-12 13:42:23,548 INFO  EvoClassLoader - Seeing class for first time: org.apache.hadoop.hdfs.protocol.proto.HdfsProtos$DatanodeVolumeInfoProto
2024-11-12 13:42:23,548 INFO  EvoClassLoader - Instrumenting class 'org.apache.hadoop.hdfs.protocol.proto.HdfsProtos$DatanodeVolumeInfoProto'.
2024-11-12 13:42:23,548 INFO  MethodCallReplacementClassAdapter - Adding mock interface to class org/apache/hadoop/hdfs/protocol/proto/HdfsProtos$DatanodeVolumeInfoProto
2024-11-12 13:42:23,548 INFO  CreateClassResetClassAdapter - Found static initializer in class org/apache/hadoop/hdfs/protocol/proto/HdfsProtos$DatanodeVolumeInfoProto
2024-11-12 13:42:23,549 INFO  EvoClassLoader - Keeping class: org.apache.hadoop.hdfs.protocol.proto.HdfsProtos$DatanodeVolumeInfoProto
2024-11-12 13:42:23,549 INFO  EvoClassLoader - Seeing class for first time: org.apache.hadoop.hdfs.protocol.proto.HdfsProtos$DatanodeVolumeInfoProto$1
2024-11-12 13:42:23,549 INFO  EvoClassLoader - Instrumenting class 'org.apache.hadoop.hdfs.protocol.proto.HdfsProtos$DatanodeVolumeInfoProto$1'.
2024-11-12 13:42:23,550 INFO  MethodCallReplacementClassAdapter - Adding mock interface to class org/apache/hadoop/hdfs/protocol/proto/HdfsProtos$DatanodeVolumeInfoProto$1
2024-11-12 13:42:23,560 INFO  EvoClassLoader - Keeping class: org.apache.hadoop.hdfs.protocol.proto.HdfsProtos$DatanodeVolumeInfoProto$1
2024-11-12 13:42:23,560 INFO  EvoClassLoader - Seeing class for first time: org.apache.hadoop.hdfs.server.namenode.FsImageProto$SnapshotDiffSection$DiffEntry$Builder
2024-11-12 13:42:23,560 INFO  EvoClassLoader - Instrumenting class 'org.apache.hadoop.hdfs.server.namenode.FsImageProto$SnapshotDiffSection$DiffEntry$Builder'.
2024-11-12 13:42:23,561 INFO  MethodCallReplacementClassAdapter - Adding mock interface to class org/apache/hadoop/hdfs/server/namenode/FsImageProto$SnapshotDiffSection$DiffEntry$Builder
2024-11-12 13:42:23,564 INFO  CreateClassResetClassAdapter - Creating brand-new static initializer in class org/apache/hadoop/hdfs/server/namenode/FsImageProto$SnapshotDiffSection$DiffEntry$Builder
2024-11-12 13:42:23,565 INFO  EvoClassLoader - Seeing class for first time: org.apache.hadoop.hdfs.server.namenode.FsImageProto$SnapshotDiffSection$DiffEntryOrBuilder
2024-11-12 13:42:23,565 INFO  EvoClassLoader - Instrumenting class 'org.apache.hadoop.hdfs.server.namenode.FsImageProto$SnapshotDiffSection$DiffEntryOrBuilder'.
2024-11-12 13:42:23,566 INFO  EvoClassLoader - Keeping class: org.apache.hadoop.hdfs.server.namenode.FsImageProto$SnapshotDiffSection$DiffEntryOrBuilder
2024-11-12 13:42:23,566 INFO  EvoClassLoader - Keeping class: org.apache.hadoop.hdfs.server.namenode.FsImageProto$SnapshotDiffSection$DiffEntry$Builder
2024-11-12 13:42:23,567 INFO  EvoClassLoader - Seeing class for first time: org.apache.hadoop.hdfs.server.namenode.FsImageProto$FilesUnderConstructionSection$FileUnderConstructionEntryOrBuilder
2024-11-12 13:42:23,567 INFO  EvoClassLoader - Instrumenting class 'org.apache.hadoop.hdfs.server.namenode.FsImageProto$FilesUnderConstructionSection$FileUnderConstructionEntryOrBuilder'.
2024-11-12 13:42:23,568 INFO  EvoClassLoader - Keeping class: org.apache.hadoop.hdfs.server.namenode.FsImageProto$FilesUnderConstructionSection$FileUnderConstructionEntryOrBuilder
2024-11-12 13:42:23,568 INFO  EvoClassLoader - Seeing class for first time: org.apache.hadoop.hdfs.server.namenode.FsImageProto$SecretManagerSection$DelegationKeyOrBuilder
2024-11-12 13:42:23,568 INFO  EvoClassLoader - Instrumenting class 'org.apache.hadoop.hdfs.server.namenode.FsImageProto$SecretManagerSection$DelegationKeyOrBuilder'.
2024-11-12 13:42:23,569 INFO  EvoClassLoader - Keeping class: org.apache.hadoop.hdfs.server.namenode.FsImageProto$SecretManagerSection$DelegationKeyOrBuilder
2024-11-12 13:42:23,570 INFO  EvoClassLoader - Seeing class for first time: org.apache.hadoop.hdfs.protocol.proto.HdfsProtos$LocatedBlocksProto
2024-11-12 13:42:23,570 INFO  EvoClassLoader - Instrumenting class 'org.apache.hadoop.hdfs.protocol.proto.HdfsProtos$LocatedBlocksProto'.
2024-11-12 13:42:23,571 INFO  MethodCallReplacementClassAdapter - Adding mock interface to class org/apache/hadoop/hdfs/protocol/proto/HdfsProtos$LocatedBlocksProto
2024-11-12 13:42:23,572 INFO  CreateClassResetClassAdapter - Found static initializer in class org/apache/hadoop/hdfs/protocol/proto/HdfsProtos$LocatedBlocksProto
2024-11-12 13:42:23,572 INFO  EvoClassLoader - Keeping class: org.apache.hadoop.hdfs.protocol.proto.HdfsProtos$LocatedBlocksProto
2024-11-12 13:42:23,573 INFO  EvoClassLoader - Seeing class for first time: org.apache.hadoop.hdfs.protocol.proto.HdfsProtos$ErasureCodingPolicyProtoOrBuilder
2024-11-12 13:42:23,573 INFO  EvoClassLoader - Instrumenting class 'org.apache.hadoop.hdfs.protocol.proto.HdfsProtos$ErasureCodingPolicyProtoOrBuilder'.
2024-11-12 13:42:23,573 INFO  EvoClassLoader - Keeping class: org.apache.hadoop.hdfs.protocol.proto.HdfsProtos$ErasureCodingPolicyProtoOrBuilder
2024-11-12 13:42:23,574 INFO  EvoClassLoader - Seeing class for first time: org.apache.hadoop.hdfs.protocol.proto.HdfsProtos$LocatedBlocksProto$1
2024-11-12 13:42:23,574 INFO  EvoClassLoader - Instrumenting class 'org.apache.hadoop.hdfs.protocol.proto.HdfsProtos$LocatedBlocksProto$1'.
2024-11-12 13:42:23,574 INFO  MethodCallReplacementClassAdapter - Adding mock interface to class org/apache/hadoop/hdfs/protocol/proto/HdfsProtos$LocatedBlocksProto$1
2024-11-12 13:42:23,575 INFO  EvoClassLoader - Keeping class: org.apache.hadoop.hdfs.protocol.proto.HdfsProtos$LocatedBlocksProto$1
2024-11-12 13:42:23,575 INFO  EvoClassLoader - Seeing class for first time: org.apache.hadoop.hdfs.protocol.proto.HdfsProtos$SnapshottableDirectoryStatusProto
2024-11-12 13:42:23,575 INFO  EvoClassLoader - Instrumenting class 'org.apache.hadoop.hdfs.protocol.proto.HdfsProtos$SnapshottableDirectoryStatusProto'.
2024-11-12 13:42:23,575 INFO  MethodCallReplacementClassAdapter - Adding mock interface to class org/apache/hadoop/hdfs/protocol/proto/HdfsProtos$SnapshottableDirectoryStatusProto
2024-11-12 13:42:23,576 INFO  CreateClassResetClassAdapter - Found static initializer in class org/apache/hadoop/hdfs/protocol/proto/HdfsProtos$SnapshottableDirectoryStatusProto
2024-11-12 13:42:23,576 INFO  EvoClassLoader - Seeing class for first time: org.apache.hadoop.hdfs.protocol.proto.HdfsProtos$SnapshottableDirectoryStatusProtoOrBuilder
2024-11-12 13:42:23,576 INFO  EvoClassLoader - Instrumenting class 'org.apache.hadoop.hdfs.protocol.proto.HdfsProtos$SnapshottableDirectoryStatusProtoOrBuilder'.
2024-11-12 13:42:23,577 INFO  EvoClassLoader - Keeping class: org.apache.hadoop.hdfs.protocol.proto.HdfsProtos$SnapshottableDirectoryStatusProtoOrBuilder
2024-11-12 13:42:23,577 INFO  EvoClassLoader - Keeping class: org.apache.hadoop.hdfs.protocol.proto.HdfsProtos$SnapshottableDirectoryStatusProto
2024-11-12 13:42:23,577 INFO  EvoClassLoader - Seeing class for first time: org.apache.hadoop.hdfs.protocol.proto.HdfsProtos$HdfsFileStatusProtoOrBuilder
2024-11-12 13:42:23,577 INFO  EvoClassLoader - Instrumenting class 'org.apache.hadoop.hdfs.protocol.proto.HdfsProtos$HdfsFileStatusProtoOrBuilder'.
2024-11-12 13:42:23,578 INFO  EvoClassLoader - Keeping class: org.apache.hadoop.hdfs.protocol.proto.HdfsProtos$HdfsFileStatusProtoOrBuilder
2024-11-12 13:42:23,578 INFO  EvoClassLoader - Seeing class for first time: org.apache.hadoop.hdfs.protocol.proto.HdfsProtos$SnapshottableDirectoryStatusProto$1
2024-11-12 13:42:23,578 INFO  EvoClassLoader - Instrumenting class 'org.apache.hadoop.hdfs.protocol.proto.HdfsProtos$SnapshottableDirectoryStatusProto$1'.
2024-11-12 13:42:23,579 INFO  MethodCallReplacementClassAdapter - Adding mock interface to class org/apache/hadoop/hdfs/protocol/proto/HdfsProtos$SnapshottableDirectoryStatusProto$1
2024-11-12 13:42:23,579 INFO  EvoClassLoader - Keeping class: org.apache.hadoop.hdfs.protocol.proto.HdfsProtos$SnapshottableDirectoryStatusProto$1
2024-11-12 13:42:23,580 INFO  EvoClassLoader - Seeing class for first time: org.apache.hadoop.hdfs.server.namenode.FsImageProto$SnapshotSection$Snapshot$1
2024-11-12 13:42:23,580 INFO  EvoClassLoader - Instrumenting class 'org.apache.hadoop.hdfs.server.namenode.FsImageProto$SnapshotSection$Snapshot$1'.
2024-11-12 13:42:23,580 INFO  MethodCallReplacementClassAdapter - Adding mock interface to class org/apache/hadoop/hdfs/server/namenode/FsImageProto$SnapshotSection$Snapshot$1
2024-11-12 13:42:23,580 INFO  EvoClassLoader - Keeping class: org.apache.hadoop.hdfs.server.namenode.FsImageProto$SnapshotSection$Snapshot$1
2024-11-12 13:42:23,580 INFO  EvoClassLoader - Seeing class for first time: org.apache.hadoop.hdfs.protocol.proto.HdfsProtos$AddErasureCodingPolicyResponseProto
2024-11-12 13:42:23,580 INFO  EvoClassLoader - Instrumenting class 'org.apache.hadoop.hdfs.protocol.proto.HdfsProtos$AddErasureCodingPolicyResponseProto'.
2024-11-12 13:42:23,581 INFO  MethodCallReplacementClassAdapter - Adding mock interface to class org/apache/hadoop/hdfs/protocol/proto/HdfsProtos$AddErasureCodingPolicyResponseProto
2024-11-12 13:42:23,582 INFO  CreateClassResetClassAdapter - Found static initializer in class org/apache/hadoop/hdfs/protocol/proto/HdfsProtos$AddErasureCodingPolicyResponseProto
2024-11-12 13:42:23,582 INFO  EvoClassLoader - Seeing class for first time: org.apache.hadoop.hdfs.protocol.proto.HdfsProtos$AddErasureCodingPolicyResponseProtoOrBuilder
2024-11-12 13:42:23,582 INFO  EvoClassLoader - Instrumenting class 'org.apache.hadoop.hdfs.protocol.proto.HdfsProtos$AddErasureCodingPolicyResponseProtoOrBuilder'.
2024-11-12 13:42:23,583 INFO  EvoClassLoader - Keeping class: org.apache.hadoop.hdfs.protocol.proto.HdfsProtos$AddErasureCodingPolicyResponseProtoOrBuilder
2024-11-12 13:42:23,583 INFO  EvoClassLoader - Keeping class: org.apache.hadoop.hdfs.protocol.proto.HdfsProtos$AddErasureCodingPolicyResponseProto
2024-11-12 13:42:23,584 INFO  EvoClassLoader - Seeing class for first time: org.apache.hadoop.hdfs.protocol.proto.HdfsProtos$AddErasureCodingPolicyResponseProto$1
2024-11-12 13:42:23,584 INFO  EvoClassLoader - Instrumenting class 'org.apache.hadoop.hdfs.protocol.proto.HdfsProtos$AddErasureCodingPolicyResponseProto$1'.
2024-11-12 13:42:23,584 INFO  MethodCallReplacementClassAdapter - Adding mock interface to class org/apache/hadoop/hdfs/protocol/proto/HdfsProtos$AddErasureCodingPolicyResponseProto$1
2024-11-12 13:42:23,584 INFO  EvoClassLoader - Keeping class: org.apache.hadoop.hdfs.protocol.proto.HdfsProtos$AddErasureCodingPolicyResponseProto$1
2024-11-12 13:42:23,584 INFO  EvoClassLoader - Seeing class for first time: org.apache.hadoop.hdfs.server.namenode.FsImageProto$INodeSection$INodeDirectory
2024-11-12 13:42:23,584 INFO  EvoClassLoader - Instrumenting class 'org.apache.hadoop.hdfs.server.namenode.FsImageProto$INodeSection$INodeDirectory'.
2024-11-12 13:42:23,585 INFO  MethodCallReplacementClassAdapter - Adding mock interface to class org/apache/hadoop/hdfs/server/namenode/FsImageProto$INodeSection$INodeDirectory
2024-11-12 13:42:23,585 INFO  CreateClassResetClassAdapter - Found static initializer in class org/apache/hadoop/hdfs/server/namenode/FsImageProto$INodeSection$INodeDirectory
2024-11-12 13:42:23,586 INFO  EvoClassLoader - Keeping class: org.apache.hadoop.hdfs.server.namenode.FsImageProto$INodeSection$INodeDirectory
2024-11-12 13:42:23,586 INFO  EvoClassLoader - Seeing class for first time: org.apache.hadoop.hdfs.server.namenode.FsImageProto$INodeDirectorySection$1
2024-11-12 13:42:23,586 INFO  EvoClassLoader - Instrumenting class 'org.apache.hadoop.hdfs.server.namenode.FsImageProto$INodeDirectorySection$1'.
2024-11-12 13:42:23,586 INFO  MethodCallReplacementClassAdapter - Adding mock interface to class org/apache/hadoop/hdfs/server/namenode/FsImageProto$INodeDirectorySection$1
2024-11-12 13:42:23,587 INFO  EvoClassLoader - Keeping class: org.apache.hadoop.hdfs.server.namenode.FsImageProto$INodeDirectorySection$1
2024-11-12 13:42:23,587 INFO  EvoClassLoader - Seeing class for first time: org.apache.hadoop.hdfs.server.namenode.FsImageProto$SnapshotDiffSection$CreatedListEntry$Builder
2024-11-12 13:42:23,587 INFO  EvoClassLoader - Instrumenting class 'org.apache.hadoop.hdfs.server.namenode.FsImageProto$SnapshotDiffSection$CreatedListEntry$Builder'.
2024-11-12 13:42:23,587 INFO  MethodCallReplacementClassAdapter - Adding mock interface to class org/apache/hadoop/hdfs/server/namenode/FsImageProto$SnapshotDiffSection$CreatedListEntry$Builder
2024-11-12 13:42:23,588 INFO  CreateClassResetClassAdapter - Creating brand-new static initializer in class org/apache/hadoop/hdfs/server/namenode/FsImageProto$SnapshotDiffSection$CreatedListEntry$Builder
2024-11-12 13:42:23,588 INFO  EvoClassLoader - Keeping class: org.apache.hadoop.hdfs.server.namenode.FsImageProto$SnapshotDiffSection$CreatedListEntry$Builder
2024-11-12 13:42:23,589 INFO  EvoClassLoader - Seeing class for first time: org.apache.hadoop.hdfs.server.namenode.FsImageProto$INodeSection$QuotaByStorageTypeEntryProto
2024-11-12 13:42:23,589 INFO  EvoClassLoader - Instrumenting class 'org.apache.hadoop.hdfs.server.namenode.FsImageProto$INodeSection$QuotaByStorageTypeEntryProto'.
2024-11-12 13:42:23,589 INFO  MethodCallReplacementClassAdapter - Adding mock interface to class org/apache/hadoop/hdfs/server/namenode/FsImageProto$INodeSection$QuotaByStorageTypeEntryProto
2024-11-12 13:42:23,589 INFO  CreateClassResetClassAdapter - Found static initializer in class org/apache/hadoop/hdfs/server/namenode/FsImageProto$INodeSection$QuotaByStorageTypeEntryProto
2024-11-12 13:42:23,590 INFO  EvoClassLoader - Seeing class for first time: org.apache.hadoop.hdfs.server.namenode.FsImageProto$INodeSection$QuotaByStorageTypeEntryProtoOrBuilder
2024-11-12 13:42:23,590 INFO  EvoClassLoader - Instrumenting class 'org.apache.hadoop.hdfs.server.namenode.FsImageProto$INodeSection$QuotaByStorageTypeEntryProtoOrBuilder'.
2024-11-12 13:42:23,590 INFO  EvoClassLoader - Keeping class: org.apache.hadoop.hdfs.server.namenode.FsImageProto$INodeSection$QuotaByStorageTypeEntryProtoOrBuilder
2024-11-12 13:42:23,590 INFO  EvoClassLoader - Keeping class: org.apache.hadoop.hdfs.server.namenode.FsImageProto$INodeSection$QuotaByStorageTypeEntryProto
2024-11-12 13:42:23,590 INFO  EvoClassLoader - Seeing class for first time: org.apache.hadoop.hdfs.server.namenode.FsImageProto$INodeSection$QuotaByStorageTypeEntryProto$1
2024-11-12 13:42:23,590 INFO  EvoClassLoader - Instrumenting class 'org.apache.hadoop.hdfs.server.namenode.FsImageProto$INodeSection$QuotaByStorageTypeEntryProto$1'.
2024-11-12 13:42:23,590 INFO  MethodCallReplacementClassAdapter - Adding mock interface to class org/apache/hadoop/hdfs/server/namenode/FsImageProto$INodeSection$QuotaByStorageTypeEntryProto$1
2024-11-12 13:42:23,591 INFO  EvoClassLoader - Keeping class: org.apache.hadoop.hdfs.server.namenode.FsImageProto$INodeSection$QuotaByStorageTypeEntryProto$1
2024-11-12 13:42:23,591 INFO  EvoClassLoader - Seeing class for first time: org.apache.hadoop.hdfs.server.namenode.FsImageProto$INodeSection$XAttrCompactProto$1
2024-11-12 13:42:23,591 INFO  EvoClassLoader - Instrumenting class 'org.apache.hadoop.hdfs.server.namenode.FsImageProto$INodeSection$XAttrCompactProto$1'.
2024-11-12 13:42:23,591 INFO  MethodCallReplacementClassAdapter - Adding mock interface to class org/apache/hadoop/hdfs/server/namenode/FsImageProto$INodeSection$XAttrCompactProto$1
2024-11-12 13:42:23,591 INFO  EvoClassLoader - Keeping class: org.apache.hadoop.hdfs.server.namenode.FsImageProto$INodeSection$XAttrCompactProto$1
2024-11-12 13:42:23,591 INFO  EvoClassLoader - Seeing class for first time: org.apache.hadoop.hdfs.server.namenode.FsImageProto$SnapshotSection$SnapshotOrBuilder
2024-11-12 13:42:23,591 INFO  EvoClassLoader - Instrumenting class 'org.apache.hadoop.hdfs.server.namenode.FsImageProto$SnapshotSection$SnapshotOrBuilder'.
2024-11-12 13:42:23,592 INFO  EvoClassLoader - Keeping class: org.apache.hadoop.hdfs.server.namenode.FsImageProto$SnapshotSection$SnapshotOrBuilder
2024-11-12 13:42:23,592 INFO  EvoClassLoader - Seeing class for first time: org.checkerframework.framework.qual.ImplicitFor
2024-11-12 13:42:23,592 INFO  EvoClassLoader - Instrumenting class 'org.checkerframework.framework.qual.ImplicitFor'.
2024-11-12 13:42:23,592 INFO  EvoClassLoader - Keeping class: org.checkerframework.framework.qual.ImplicitFor
2024-11-12 13:42:23,592 INFO  EvoClassLoader - Seeing class for first time: org.apache.hadoop.thirdparty.protobuf.DescriptorProtos$FileOptions$OptimizeMode
2024-11-12 13:42:23,592 INFO  EvoClassLoader - Instrumenting class 'org.apache.hadoop.thirdparty.protobuf.DescriptorProtos$FileOptions$OptimizeMode'.
2024-11-12 13:42:23,592 INFO  MethodCallReplacementClassAdapter - Adding mock interface to class org/apache/hadoop/thirdparty/protobuf/DescriptorProtos$FileOptions$OptimizeMode
2024-11-12 13:42:23,593 INFO  CreateClassResetClassAdapter - Found static initializer in class org/apache/hadoop/thirdparty/protobuf/DescriptorProtos$FileOptions$OptimizeMode
2024-11-12 13:42:23,593 INFO  EvoClassLoader - Keeping class: org.apache.hadoop.thirdparty.protobuf.DescriptorProtos$FileOptions$OptimizeMode
2024-11-12 13:42:23,593 INFO  EvoClassLoader - Seeing class for first time: org.apache.hadoop.hdfs.protocol.proto.HdfsProtos$QuotaUsageProtoOrBuilder
2024-11-12 13:42:23,593 INFO  EvoClassLoader - Instrumenting class 'org.apache.hadoop.hdfs.protocol.proto.HdfsProtos$QuotaUsageProtoOrBuilder'.
2024-11-12 13:42:23,594 INFO  EvoClassLoader - Keeping class: org.apache.hadoop.hdfs.protocol.proto.HdfsProtos$QuotaUsageProtoOrBuilder
2024-11-12 13:42:23,594 INFO  EvoClassLoader - Seeing class for first time: org.apache.hadoop.hdfs.server.namenode.FsImageProto$INodeSection$XAttrCompactProtoOrBuilder
2024-11-12 13:42:23,594 INFO  EvoClassLoader - Instrumenting class 'org.apache.hadoop.hdfs.server.namenode.FsImageProto$INodeSection$XAttrCompactProtoOrBuilder'.
2024-11-12 13:42:23,594 INFO  EvoClassLoader - Keeping class: org.apache.hadoop.hdfs.server.namenode.FsImageProto$INodeSection$XAttrCompactProtoOrBuilder
2024-11-12 13:42:23,594 INFO  EvoClassLoader - Seeing class for first time: org.apache.hadoop.thirdparty.protobuf.DescriptorProtos$UninterpretedOption$1
2024-11-12 13:42:23,594 INFO  EvoClassLoader - Instrumenting class 'org.apache.hadoop.thirdparty.protobuf.DescriptorProtos$UninterpretedOption$1'.
2024-11-12 13:42:23,595 INFO  MethodCallReplacementClassAdapter - Adding mock interface to class org/apache/hadoop/thirdparty/protobuf/DescriptorProtos$UninterpretedOption$1
2024-11-12 13:42:23,595 INFO  EvoClassLoader - Keeping class: org.apache.hadoop.thirdparty.protobuf.DescriptorProtos$UninterpretedOption$1
2024-11-12 13:42:23,595 INFO  EvoClassLoader - Seeing class for first time: org.apache.hadoop.hdfs.protocol.proto.HdfsProtos$SnapshotStatusProtoOrBuilder
2024-11-12 13:42:23,595 INFO  EvoClassLoader - Instrumenting class 'org.apache.hadoop.hdfs.protocol.proto.HdfsProtos$SnapshotStatusProtoOrBuilder'.
2024-11-12 13:42:23,595 INFO  EvoClassLoader - Keeping class: org.apache.hadoop.hdfs.protocol.proto.HdfsProtos$SnapshotStatusProtoOrBuilder
2024-11-12 13:42:23,596 INFO  EvoClassLoader - Seeing class for first time: org.apache.hadoop.thirdparty.protobuf.DescriptorProtos$EnumValueOptions$1
2024-11-12 13:42:23,596 INFO  EvoClassLoader - Instrumenting class 'org.apache.hadoop.thirdparty.protobuf.DescriptorProtos$EnumValueOptions$1'.
2024-11-12 13:42:23,596 INFO  MethodCallReplacementClassAdapter - Adding mock interface to class org/apache/hadoop/thirdparty/protobuf/DescriptorProtos$EnumValueOptions$1
2024-11-12 13:42:23,596 INFO  EvoClassLoader - Keeping class: org.apache.hadoop.thirdparty.protobuf.DescriptorProtos$EnumValueOptions$1
2024-11-12 13:42:23,597 INFO  EvoClassLoader - Seeing class for first time: org.apache.hadoop.hdfs.server.namenode.FsImageProto$INodeReferenceSection
2024-11-12 13:42:23,597 INFO  EvoClassLoader - Instrumenting class 'org.apache.hadoop.hdfs.server.namenode.FsImageProto$INodeReferenceSection'.
2024-11-12 13:42:23,597 INFO  MethodCallReplacementClassAdapter - Adding mock interface to class org/apache/hadoop/hdfs/server/namenode/FsImageProto$INodeReferenceSection
2024-11-12 13:42:23,597 INFO  CreateClassResetClassAdapter - Found static initializer in class org/apache/hadoop/hdfs/server/namenode/FsImageProto$INodeReferenceSection
2024-11-12 13:42:23,597 INFO  EvoClassLoader - Seeing class for first time: org.apache.hadoop.hdfs.server.namenode.FsImageProto$INodeReferenceSectionOrBuilder
2024-11-12 13:42:23,597 INFO  EvoClassLoader - Instrumenting class 'org.apache.hadoop.hdfs.server.namenode.FsImageProto$INodeReferenceSectionOrBuilder'.
2024-11-12 13:42:23,598 INFO  EvoClassLoader - Keeping class: org.apache.hadoop.hdfs.server.namenode.FsImageProto$INodeReferenceSectionOrBuilder
2024-11-12 13:42:23,598 INFO  EvoClassLoader - Keeping class: org.apache.hadoop.hdfs.server.namenode.FsImageProto$INodeReferenceSection
2024-11-12 13:42:23,598 INFO  EvoClassLoader - Seeing class for first time: org.apache.hadoop.hdfs.server.namenode.FsImageProto$INodeReferenceSection$1
2024-11-12 13:42:23,598 INFO  EvoClassLoader - Instrumenting class 'org.apache.hadoop.hdfs.server.namenode.FsImageProto$INodeReferenceSection$1'.
2024-11-12 13:42:23,598 INFO  MethodCallReplacementClassAdapter - Adding mock interface to class org/apache/hadoop/hdfs/server/namenode/FsImageProto$INodeReferenceSection$1
2024-11-12 13:42:23,599 INFO  EvoClassLoader - Keeping class: org.apache.hadoop.hdfs.server.namenode.FsImageProto$INodeReferenceSection$1
2024-11-12 13:42:23,599 INFO  EvoClassLoader - Seeing class for first time: org.apache.hadoop.hdfs.protocol.proto.HdfsProtos$DatanodeInfosProto
2024-11-12 13:42:23,599 INFO  EvoClassLoader - Instrumenting class 'org.apache.hadoop.hdfs.protocol.proto.HdfsProtos$DatanodeInfosProto'.
2024-11-12 13:42:23,599 INFO  MethodCallReplacementClassAdapter - Adding mock interface to class org/apache/hadoop/hdfs/protocol/proto/HdfsProtos$DatanodeInfosProto
2024-11-12 13:42:23,599 INFO  CreateClassResetClassAdapter - Found static initializer in class org/apache/hadoop/hdfs/protocol/proto/HdfsProtos$DatanodeInfosProto
2024-11-12 13:42:23,600 INFO  EvoClassLoader - Keeping class: org.apache.hadoop.hdfs.protocol.proto.HdfsProtos$DatanodeInfosProto
2024-11-12 13:42:23,600 INFO  EvoClassLoader - Seeing class for first time: org.apache.hadoop.hdfs.protocol.proto.HdfsProtos$DatanodeInfosProto$1
2024-11-12 13:42:23,600 INFO  EvoClassLoader - Instrumenting class 'org.apache.hadoop.hdfs.protocol.proto.HdfsProtos$DatanodeInfosProto$1'.
2024-11-12 13:42:23,601 INFO  MethodCallReplacementClassAdapter - Adding mock interface to class org/apache/hadoop/hdfs/protocol/proto/HdfsProtos$DatanodeInfosProto$1
2024-11-12 13:42:23,601 INFO  EvoClassLoader - Keeping class: org.apache.hadoop.hdfs.protocol.proto.HdfsProtos$DatanodeInfosProto$1
2024-11-12 13:42:23,601 INFO  EvoClassLoader - Seeing class for first time: org.apache.hadoop.hdfs.protocol.proto.HdfsProtos$HdfsFileStatusProto
2024-11-12 13:42:23,601 INFO  EvoClassLoader - Instrumenting class 'org.apache.hadoop.hdfs.protocol.proto.HdfsProtos$HdfsFileStatusProto'.
2024-11-12 13:42:23,602 INFO  MethodCallReplacementClassAdapter - Adding mock interface to class org/apache/hadoop/hdfs/protocol/proto/HdfsProtos$HdfsFileStatusProto
2024-11-12 13:42:23,602 INFO  CreateClassResetClassAdapter - Found static initializer in class org/apache/hadoop/hdfs/protocol/proto/HdfsProtos$HdfsFileStatusProto
2024-11-12 13:42:23,603 INFO  EvoClassLoader - Keeping class: org.apache.hadoop.hdfs.protocol.proto.HdfsProtos$HdfsFileStatusProto
2024-11-12 13:42:23,603 INFO  EvoClassLoader - Seeing class for first time: org.apache.hadoop.hdfs.protocol.proto.AclProtos$FsPermissionProtoOrBuilder
2024-11-12 13:42:23,603 INFO  EvoClassLoader - Instrumenting class 'org.apache.hadoop.hdfs.protocol.proto.AclProtos$FsPermissionProtoOrBuilder'.
2024-11-12 13:42:23,604 INFO  EvoClassLoader - Keeping class: org.apache.hadoop.hdfs.protocol.proto.AclProtos$FsPermissionProtoOrBuilder
2024-11-12 13:42:23,604 INFO  EvoClassLoader - Seeing class for first time: org.apache.hadoop.hdfs.protocol.proto.HdfsProtos$HdfsFileStatusProto$1
2024-11-12 13:42:23,604 INFO  EvoClassLoader - Instrumenting class 'org.apache.hadoop.hdfs.protocol.proto.HdfsProtos$HdfsFileStatusProto$1'.
2024-11-12 13:42:23,605 INFO  MethodCallReplacementClassAdapter - Adding mock interface to class org/apache/hadoop/hdfs/protocol/proto/HdfsProtos$HdfsFileStatusProto$1
2024-11-12 13:42:23,605 INFO  EvoClassLoader - Keeping class: org.apache.hadoop.hdfs.protocol.proto.HdfsProtos$HdfsFileStatusProto$1
2024-11-12 13:42:23,605 INFO  EvoClassLoader - Seeing class for first time: org.apache.hadoop.hdfs.protocol.proto.HdfsProtos$DatanodeInfoProto
2024-11-12 13:42:23,605 INFO  EvoClassLoader - Instrumenting class 'org.apache.hadoop.hdfs.protocol.proto.HdfsProtos$DatanodeInfoProto'.
2024-11-12 13:42:23,605 INFO  MethodCallReplacementClassAdapter - Adding mock interface to class org/apache/hadoop/hdfs/protocol/proto/HdfsProtos$DatanodeInfoProto
2024-11-12 13:42:23,606 INFO  CreateClassResetClassAdapter - Found static initializer in class org/apache/hadoop/hdfs/protocol/proto/HdfsProtos$DatanodeInfoProto
2024-11-12 13:42:23,606 INFO  EvoClassLoader - Seeing class for first time: org.apache.hadoop.hdfs.protocol.proto.HdfsProtos$DatanodeInfoProtoOrBuilder
2024-11-12 13:42:23,606 INFO  EvoClassLoader - Instrumenting class 'org.apache.hadoop.hdfs.protocol.proto.HdfsProtos$DatanodeInfoProtoOrBuilder'.
2024-11-12 13:42:23,607 INFO  EvoClassLoader - Keeping class: org.apache.hadoop.hdfs.protocol.proto.HdfsProtos$DatanodeInfoProtoOrBuilder
2024-11-12 13:42:23,607 INFO  EvoClassLoader - Keeping class: org.apache.hadoop.hdfs.protocol.proto.HdfsProtos$DatanodeInfoProto
2024-11-12 13:42:23,608 INFO  EvoClassLoader - Seeing class for first time: org.apache.hadoop.hdfs.protocol.proto.HdfsProtos$DatanodeInfoProto$1
2024-11-12 13:42:23,608 INFO  EvoClassLoader - Instrumenting class 'org.apache.hadoop.hdfs.protocol.proto.HdfsProtos$DatanodeInfoProto$1'.
2024-11-12 13:42:23,608 INFO  MethodCallReplacementClassAdapter - Adding mock interface to class org/apache/hadoop/hdfs/protocol/proto/HdfsProtos$DatanodeInfoProto$1
2024-11-12 13:42:23,608 INFO  EvoClassLoader - Keeping class: org.apache.hadoop.hdfs.protocol.proto.HdfsProtos$DatanodeInfoProto$1
2024-11-12 13:42:23,608 INFO  EvoClassLoader - Seeing class for first time: org.apache.hadoop.thirdparty.protobuf.UnknownFieldSet$Field$Builder
2024-11-12 13:42:23,608 INFO  EvoClassLoader - Instrumenting class 'org.apache.hadoop.thirdparty.protobuf.UnknownFieldSet$Field$Builder'.
2024-11-12 13:42:23,608 INFO  MethodCallReplacementClassAdapter - Adding mock interface to class org/apache/hadoop/thirdparty/protobuf/UnknownFieldSet$Field$Builder
2024-11-12 13:42:23,608 INFO  CreateClassResetClassAdapter - Creating brand-new static initializer in class org/apache/hadoop/thirdparty/protobuf/UnknownFieldSet$Field$Builder
2024-11-12 13:42:23,609 INFO  EvoClassLoader - Keeping class: org.apache.hadoop.thirdparty.protobuf.UnknownFieldSet$Field$Builder
2024-11-12 13:42:23,609 INFO  EvoClassLoader - Seeing class for first time: org.apache.hadoop.hdfs.protocol.proto.HdfsProtos$CipherSuiteProto
2024-11-12 13:42:23,609 INFO  EvoClassLoader - Instrumenting class 'org.apache.hadoop.hdfs.protocol.proto.HdfsProtos$CipherSuiteProto'.
2024-11-12 13:42:23,609 INFO  MethodCallReplacementClassAdapter - Adding mock interface to class org/apache/hadoop/hdfs/protocol/proto/HdfsProtos$CipherSuiteProto
2024-11-12 13:42:23,609 INFO  CreateClassResetClassAdapter - Found static initializer in class org/apache/hadoop/hdfs/protocol/proto/HdfsProtos$CipherSuiteProto
2024-11-12 13:42:23,610 INFO  EvoClassLoader - Keeping class: org.apache.hadoop.hdfs.protocol.proto.HdfsProtos$CipherSuiteProto
2024-11-12 13:42:23,610 INFO  EvoClassLoader - Seeing class for first time: org.apache.hadoop.hdfs.protocol.proto.HdfsProtos$CipherSuiteProto$1
2024-11-12 13:42:23,610 INFO  EvoClassLoader - Instrumenting class 'org.apache.hadoop.hdfs.protocol.proto.HdfsProtos$CipherSuiteProto$1'.
2024-11-12 13:42:23,610 INFO  MethodCallReplacementClassAdapter - Adding mock interface to class org/apache/hadoop/hdfs/protocol/proto/HdfsProtos$CipherSuiteProto$1
2024-11-12 13:42:23,610 INFO  EvoClassLoader - Keeping class: org.apache.hadoop.hdfs.protocol.proto.HdfsProtos$CipherSuiteProto$1
2024-11-12 13:42:23,610 INFO  EvoClassLoader - Seeing class for first time: org.apache.hadoop.hdfs.protocol.proto.HdfsProtos$StorageTypeQuotaInfoProto
2024-11-12 13:42:23,610 INFO  EvoClassLoader - Instrumenting class 'org.apache.hadoop.hdfs.protocol.proto.HdfsProtos$StorageTypeQuotaInfoProto'.
2024-11-12 13:42:23,611 INFO  MethodCallReplacementClassAdapter - Adding mock interface to class org/apache/hadoop/hdfs/protocol/proto/HdfsProtos$StorageTypeQuotaInfoProto
2024-11-12 13:42:23,611 INFO  CreateClassResetClassAdapter - Found static initializer in class org/apache/hadoop/hdfs/protocol/proto/HdfsProtos$StorageTypeQuotaInfoProto
2024-11-12 13:42:23,611 INFO  EvoClassLoader - Seeing class for first time: org.apache.hadoop.hdfs.protocol.proto.HdfsProtos$StorageTypeQuotaInfoProtoOrBuilder
2024-11-12 13:42:23,611 INFO  EvoClassLoader - Instrumenting class 'org.apache.hadoop.hdfs.protocol.proto.HdfsProtos$StorageTypeQuotaInfoProtoOrBuilder'.
2024-11-12 13:42:23,611 INFO  EvoClassLoader - Keeping class: org.apache.hadoop.hdfs.protocol.proto.HdfsProtos$StorageTypeQuotaInfoProtoOrBuilder
2024-11-12 13:42:23,612 INFO  EvoClassLoader - Keeping class: org.apache.hadoop.hdfs.protocol.proto.HdfsProtos$StorageTypeQuotaInfoProto
2024-11-12 13:42:23,612 INFO  EvoClassLoader - Seeing class for first time: org.apache.hadoop.hdfs.protocol.proto.HdfsProtos$StorageTypeQuotaInfoProto$1
2024-11-12 13:42:23,612 INFO  EvoClassLoader - Instrumenting class 'org.apache.hadoop.hdfs.protocol.proto.HdfsProtos$StorageTypeQuotaInfoProto$1'.
2024-11-12 13:42:23,612 INFO  MethodCallReplacementClassAdapter - Adding mock interface to class org/apache/hadoop/hdfs/protocol/proto/HdfsProtos$StorageTypeQuotaInfoProto$1
2024-11-12 13:42:23,612 INFO  EvoClassLoader - Keeping class: org.apache.hadoop.hdfs.protocol.proto.HdfsProtos$StorageTypeQuotaInfoProto$1
2024-11-12 13:42:23,612 INFO  EvoClassLoader - Seeing class for first time: org.apache.hadoop.hdfs.server.namenode.FsImageProto$SnapshotSectionOrBuilder
2024-11-12 13:42:23,612 INFO  EvoClassLoader - Instrumenting class 'org.apache.hadoop.hdfs.server.namenode.FsImageProto$SnapshotSectionOrBuilder'.
2024-11-12 13:42:23,612 INFO  EvoClassLoader - Keeping class: org.apache.hadoop.hdfs.server.namenode.FsImageProto$SnapshotSectionOrBuilder
2024-11-12 13:42:23,612 INFO  EvoClassLoader - Seeing class for first time: org.apache.hadoop.hdfs.protocol.proto.HdfsProtos$ExtendedBlockProto
2024-11-12 13:42:23,612 INFO  EvoClassLoader - Instrumenting class 'org.apache.hadoop.hdfs.protocol.proto.HdfsProtos$ExtendedBlockProto'.
2024-11-12 13:42:23,613 INFO  MethodCallReplacementClassAdapter - Adding mock interface to class org/apache/hadoop/hdfs/protocol/proto/HdfsProtos$ExtendedBlockProto
2024-11-12 13:42:23,613 INFO  CreateClassResetClassAdapter - Found static initializer in class org/apache/hadoop/hdfs/protocol/proto/HdfsProtos$ExtendedBlockProto
2024-11-12 13:42:23,613 INFO  EvoClassLoader - Seeing class for first time: org.apache.hadoop.hdfs.protocol.proto.HdfsProtos$ExtendedBlockProtoOrBuilder
2024-11-12 13:42:23,613 INFO  EvoClassLoader - Instrumenting class 'org.apache.hadoop.hdfs.protocol.proto.HdfsProtos$ExtendedBlockProtoOrBuilder'.
2024-11-12 13:42:23,614 INFO  EvoClassLoader - Keeping class: org.apache.hadoop.hdfs.protocol.proto.HdfsProtos$ExtendedBlockProtoOrBuilder
2024-11-12 13:42:23,614 INFO  EvoClassLoader - Keeping class: org.apache.hadoop.hdfs.protocol.proto.HdfsProtos$ExtendedBlockProto
2024-11-12 13:42:23,614 INFO  EvoClassLoader - Seeing class for first time: org.apache.hadoop.hdfs.protocol.proto.HdfsProtos$ExtendedBlockProto$1
2024-11-12 13:42:23,614 INFO  EvoClassLoader - Instrumenting class 'org.apache.hadoop.hdfs.protocol.proto.HdfsProtos$ExtendedBlockProto$1'.
2024-11-12 13:42:23,614 INFO  MethodCallReplacementClassAdapter - Adding mock interface to class org/apache/hadoop/hdfs/protocol/proto/HdfsProtos$ExtendedBlockProto$1
2024-11-12 13:42:23,614 INFO  EvoClassLoader - Keeping class: org.apache.hadoop.hdfs.protocol.proto.HdfsProtos$ExtendedBlockProto$1
2024-11-12 13:42:23,615 INFO  EvoClassLoader - Seeing class for first time: org.apache.hadoop.hdfs.server.namenode.FsImageProto$INodeSection$XAttrCompactProto
2024-11-12 13:42:23,615 INFO  EvoClassLoader - Instrumenting class 'org.apache.hadoop.hdfs.server.namenode.FsImageProto$INodeSection$XAttrCompactProto'.
2024-11-12 13:42:23,615 INFO  MethodCallReplacementClassAdapter - Adding mock interface to class org/apache/hadoop/hdfs/server/namenode/FsImageProto$INodeSection$XAttrCompactProto
2024-11-12 13:42:23,616 INFO  CreateClassResetClassAdapter - Found static initializer in class org/apache/hadoop/hdfs/server/namenode/FsImageProto$INodeSection$XAttrCompactProto
2024-11-12 13:42:23,616 INFO  EvoClassLoader - Keeping class: org.apache.hadoop.hdfs.server.namenode.FsImageProto$INodeSection$XAttrCompactProto
2024-11-12 13:42:23,616 INFO  EvoClassLoader - Seeing class for first time: org.apache.hadoop.hdfs.protocol.proto.HdfsProtos$SnapshotDiffReportProto
2024-11-12 13:42:23,616 INFO  EvoClassLoader - Instrumenting class 'org.apache.hadoop.hdfs.protocol.proto.HdfsProtos$SnapshotDiffReportProto'.
2024-11-12 13:42:23,617 INFO  MethodCallReplacementClassAdapter - Adding mock interface to class org/apache/hadoop/hdfs/protocol/proto/HdfsProtos$SnapshotDiffReportProto
2024-11-12 13:42:23,619 INFO  CreateClassResetClassAdapter - Found static initializer in class org/apache/hadoop/hdfs/protocol/proto/HdfsProtos$SnapshotDiffReportProto
2024-11-12 13:42:23,619 INFO  EvoClassLoader - Seeing class for first time: org.apache.hadoop.hdfs.protocol.proto.HdfsProtos$SnapshotDiffReportProtoOrBuilder
2024-11-12 13:42:23,619 INFO  EvoClassLoader - Instrumenting class 'org.apache.hadoop.hdfs.protocol.proto.HdfsProtos$SnapshotDiffReportProtoOrBuilder'.
2024-11-12 13:42:23,620 INFO  EvoClassLoader - Keeping class: org.apache.hadoop.hdfs.protocol.proto.HdfsProtos$SnapshotDiffReportProtoOrBuilder
2024-11-12 13:42:23,621 INFO  EvoClassLoader - Keeping class: org.apache.hadoop.hdfs.protocol.proto.HdfsProtos$SnapshotDiffReportProto
2024-11-12 13:42:23,621 INFO  EvoClassLoader - Seeing class for first time: org.apache.hadoop.hdfs.protocol.proto.HdfsProtos$SnapshotDiffReportProto$1
2024-11-12 13:42:23,621 INFO  EvoClassLoader - Instrumenting class 'org.apache.hadoop.hdfs.protocol.proto.HdfsProtos$SnapshotDiffReportProto$1'.
2024-11-12 13:42:23,622 INFO  MethodCallReplacementClassAdapter - Adding mock interface to class org/apache/hadoop/hdfs/protocol/proto/HdfsProtos$SnapshotDiffReportProto$1
2024-11-12 13:42:23,622 INFO  EvoClassLoader - Keeping class: org.apache.hadoop.hdfs.protocol.proto.HdfsProtos$SnapshotDiffReportProto$1
2024-11-12 13:42:23,622 INFO  EvoClassLoader - Seeing class for first time: org.apache.hadoop.thirdparty.protobuf.StringValue$Builder
2024-11-12 13:42:23,622 INFO  EvoClassLoader - Instrumenting class 'org.apache.hadoop.thirdparty.protobuf.StringValue$Builder'.
2024-11-12 13:42:23,623 INFO  MethodCallReplacementClassAdapter - Adding mock interface to class org/apache/hadoop/thirdparty/protobuf/StringValue$Builder
2024-11-12 13:42:23,624 INFO  CreateClassResetClassAdapter - Creating brand-new static initializer in class org/apache/hadoop/thirdparty/protobuf/StringValue$Builder
2024-11-12 13:42:23,625 INFO  EvoClassLoader - Seeing class for first time: org.apache.hadoop.thirdparty.protobuf.StringValueOrBuilder
2024-11-12 13:42:23,625 INFO  EvoClassLoader - Instrumenting class 'org.apache.hadoop.thirdparty.protobuf.StringValueOrBuilder'.
2024-11-12 13:42:23,625 INFO  EvoClassLoader - Keeping class: org.apache.hadoop.thirdparty.protobuf.StringValueOrBuilder
2024-11-12 13:42:23,626 INFO  EvoClassLoader - Keeping class: org.apache.hadoop.thirdparty.protobuf.StringValue$Builder
2024-11-12 13:42:23,626 INFO  EvoClassLoader - Seeing class for first time: org.apache.hadoop.hdfs.protocol.proto.HdfsProtos$StorageUuidsProtoOrBuilder
2024-11-12 13:42:23,626 INFO  EvoClassLoader - Instrumenting class 'org.apache.hadoop.hdfs.protocol.proto.HdfsProtos$StorageUuidsProtoOrBuilder'.
2024-11-12 13:42:23,626 INFO  EvoClassLoader - Keeping class: org.apache.hadoop.hdfs.protocol.proto.HdfsProtos$StorageUuidsProtoOrBuilder
2024-11-12 13:42:23,627 INFO  EvoClassLoader - Seeing class for first time: org.apache.hadoop.thirdparty.protobuf.Field$Kind
2024-11-12 13:42:23,627 INFO  EvoClassLoader - Instrumenting class 'org.apache.hadoop.thirdparty.protobuf.Field$Kind'.
2024-11-12 13:42:23,627 INFO  MethodCallReplacementClassAdapter - Adding mock interface to class org/apache/hadoop/thirdparty/protobuf/Field$Kind
2024-11-12 13:42:23,629 INFO  CreateClassResetClassAdapter - Found static initializer in class org/apache/hadoop/thirdparty/protobuf/Field$Kind
2024-11-12 13:42:23,629 INFO  EvoClassLoader - Keeping class: org.apache.hadoop.thirdparty.protobuf.Field$Kind
2024-11-12 13:42:23,630 INFO  EvoClassLoader - Seeing class for first time: org.apache.hadoop.thirdparty.protobuf.Field$Kind$1
2024-11-12 13:42:23,630 INFO  EvoClassLoader - Instrumenting class 'org.apache.hadoop.thirdparty.protobuf.Field$Kind$1'.
2024-11-12 13:42:23,630 INFO  MethodCallReplacementClassAdapter - Adding mock interface to class org/apache/hadoop/thirdparty/protobuf/Field$Kind$1
2024-11-12 13:42:23,630 INFO  EvoClassLoader - Keeping class: org.apache.hadoop.thirdparty.protobuf.Field$Kind$1
2024-11-12 13:42:23,631 INFO  EvoClassLoader - Seeing class for first time: org.apache.hadoop.thirdparty.protobuf.Syntax$1
2024-11-12 13:42:23,631 INFO  EvoClassLoader - Instrumenting class 'org.apache.hadoop.thirdparty.protobuf.Syntax$1'.
2024-11-12 13:42:23,631 INFO  MethodCallReplacementClassAdapter - Adding mock interface to class org/apache/hadoop/thirdparty/protobuf/Syntax$1
2024-11-12 13:42:23,631 INFO  EvoClassLoader - Keeping class: org.apache.hadoop.thirdparty.protobuf.Syntax$1
2024-11-12 13:42:23,631 INFO  EvoClassLoader - Seeing class for first time: org.apache.hadoop.hdfs.server.namenode.FsImageProto$SnapshotDiffSection$DirectoryDiff$Builder
2024-11-12 13:42:23,631 INFO  EvoClassLoader - Instrumenting class 'org.apache.hadoop.hdfs.server.namenode.FsImageProto$SnapshotDiffSection$DirectoryDiff$Builder'.
2024-11-12 13:42:23,632 INFO  MethodCallReplacementClassAdapter - Adding mock interface to class org/apache/hadoop/hdfs/server/namenode/FsImageProto$SnapshotDiffSection$DirectoryDiff$Builder
2024-11-12 13:42:23,634 INFO  CreateClassResetClassAdapter - Creating brand-new static initializer in class org/apache/hadoop/hdfs/server/namenode/FsImageProto$SnapshotDiffSection$DirectoryDiff$Builder
2024-11-12 13:42:23,635 INFO  EvoClassLoader - Keeping class: org.apache.hadoop.hdfs.server.namenode.FsImageProto$SnapshotDiffSection$DirectoryDiff$Builder
2024-11-12 13:42:23,636 INFO  EvoClassLoader - Seeing class for first time: org.apache.hadoop.hdfs.protocol.proto.HdfsProtos$CorruptFileBlocksProto
2024-11-12 13:42:23,636 INFO  EvoClassLoader - Instrumenting class 'org.apache.hadoop.hdfs.protocol.proto.HdfsProtos$CorruptFileBlocksProto'.
2024-11-12 13:42:23,637 INFO  MethodCallReplacementClassAdapter - Adding mock interface to class org/apache/hadoop/hdfs/protocol/proto/HdfsProtos$CorruptFileBlocksProto
2024-11-12 13:42:23,637 INFO  CreateClassResetClassAdapter - Found static initializer in class org/apache/hadoop/hdfs/protocol/proto/HdfsProtos$CorruptFileBlocksProto
2024-11-12 13:42:23,638 INFO  EvoClassLoader - Seeing class for first time: org.apache.hadoop.hdfs.protocol.proto.HdfsProtos$CorruptFileBlocksProtoOrBuilder
2024-11-12 13:42:23,638 INFO  EvoClassLoader - Instrumenting class 'org.apache.hadoop.hdfs.protocol.proto.HdfsProtos$CorruptFileBlocksProtoOrBuilder'.
2024-11-12 13:42:23,638 INFO  EvoClassLoader - Keeping class: org.apache.hadoop.hdfs.protocol.proto.HdfsProtos$CorruptFileBlocksProtoOrBuilder
2024-11-12 13:42:23,638 INFO  EvoClassLoader - Keeping class: org.apache.hadoop.hdfs.protocol.proto.HdfsProtos$CorruptFileBlocksProto
2024-11-12 13:42:23,639 INFO  EvoClassLoader - Seeing class for first time: org.apache.hadoop.hdfs.protocol.proto.HdfsProtos$CorruptFileBlocksProto$1
2024-11-12 13:42:23,639 INFO  EvoClassLoader - Instrumenting class 'org.apache.hadoop.hdfs.protocol.proto.HdfsProtos$CorruptFileBlocksProto$1'.
2024-11-12 13:42:23,639 INFO  MethodCallReplacementClassAdapter - Adding mock interface to class org/apache/hadoop/hdfs/protocol/proto/HdfsProtos$CorruptFileBlocksProto$1
2024-11-12 13:42:23,639 INFO  EvoClassLoader - Keeping class: org.apache.hadoop.hdfs.protocol.proto.HdfsProtos$CorruptFileBlocksProto$1
2024-11-12 13:42:23,640 INFO  EvoClassLoader - Seeing class for first time: org.apache.hadoop.hdfs.server.namenode.FsImageProto$INodeSection$QuotaByStorageTypeFeatureProto$1
2024-11-12 13:42:23,640 INFO  EvoClassLoader - Instrumenting class 'org.apache.hadoop.hdfs.server.namenode.FsImageProto$INodeSection$QuotaByStorageTypeFeatureProto$1'.
2024-11-12 13:42:23,640 INFO  MethodCallReplacementClassAdapter - Adding mock interface to class org/apache/hadoop/hdfs/server/namenode/FsImageProto$INodeSection$QuotaByStorageTypeFeatureProto$1
2024-11-12 13:42:23,641 INFO  EvoClassLoader - Keeping class: org.apache.hadoop.hdfs.server.namenode.FsImageProto$INodeSection$QuotaByStorageTypeFeatureProto$1
2024-11-12 13:42:23,641 INFO  EvoClassLoader - Seeing class for first time: org.apache.hadoop.hdfs.server.namenode.FsImageProto$CacheManagerSection
2024-11-12 13:42:23,641 INFO  EvoClassLoader - Instrumenting class 'org.apache.hadoop.hdfs.server.namenode.FsImageProto$CacheManagerSection'.
2024-11-12 13:42:23,642 INFO  MethodCallReplacementClassAdapter - Adding mock interface to class org/apache/hadoop/hdfs/server/namenode/FsImageProto$CacheManagerSection
2024-11-12 13:42:23,642 INFO  CreateClassResetClassAdapter - Found static initializer in class org/apache/hadoop/hdfs/server/namenode/FsImageProto$CacheManagerSection
2024-11-12 13:42:23,642 INFO  EvoClassLoader - Seeing class for first time: org.apache.hadoop.hdfs.server.namenode.FsImageProto$CacheManagerSectionOrBuilder
2024-11-12 13:42:23,642 INFO  EvoClassLoader - Instrumenting class 'org.apache.hadoop.hdfs.server.namenode.FsImageProto$CacheManagerSectionOrBuilder'.
2024-11-12 13:42:23,643 INFO  EvoClassLoader - Keeping class: org.apache.hadoop.hdfs.server.namenode.FsImageProto$CacheManagerSectionOrBuilder
2024-11-12 13:42:23,643 INFO  EvoClassLoader - Keeping class: org.apache.hadoop.hdfs.server.namenode.FsImageProto$CacheManagerSection
2024-11-12 13:42:23,644 INFO  EvoClassLoader - Seeing class for first time: org.apache.hadoop.hdfs.protocol.proto.HdfsProtos$SnapshotDiffReportListingEntryProtoOrBuilder
2024-11-12 13:42:23,644 INFO  EvoClassLoader - Instrumenting class 'org.apache.hadoop.hdfs.protocol.proto.HdfsProtos$SnapshotDiffReportListingEntryProtoOrBuilder'.
2024-11-12 13:42:23,644 INFO  EvoClassLoader - Keeping class: org.apache.hadoop.hdfs.protocol.proto.HdfsProtos$SnapshotDiffReportListingEntryProtoOrBuilder
2024-11-12 13:42:23,644 INFO  EvoClassLoader - Seeing class for first time: org.apache.hadoop.hdfs.server.namenode.FsImageProto$FilesUnderConstructionSection$FileUnderConstructionEntry$Builder
2024-11-12 13:42:23,644 INFO  EvoClassLoader - Instrumenting class 'org.apache.hadoop.hdfs.server.namenode.FsImageProto$FilesUnderConstructionSection$FileUnderConstructionEntry$Builder'.
2024-11-12 13:42:23,645 INFO  MethodCallReplacementClassAdapter - Adding mock interface to class org/apache/hadoop/hdfs/server/namenode/FsImageProto$FilesUnderConstructionSection$FileUnderConstructionEntry$Builder
2024-11-12 13:42:23,646 INFO  CreateClassResetClassAdapter - Creating brand-new static initializer in class org/apache/hadoop/hdfs/server/namenode/FsImageProto$FilesUnderConstructionSection$FileUnderConstructionEntry$Builder
2024-11-12 13:42:23,647 INFO  EvoClassLoader - Keeping class: org.apache.hadoop.hdfs.server.namenode.FsImageProto$FilesUnderConstructionSection$FileUnderConstructionEntry$Builder
2024-11-12 13:42:23,648 INFO  EvoClassLoader - Seeing class for first time: org.apache.hadoop.hdfs.server.namenode.FsImageProto$INodeSection$AclFeatureProto$1
2024-11-12 13:42:23,648 INFO  EvoClassLoader - Instrumenting class 'org.apache.hadoop.hdfs.server.namenode.FsImageProto$INodeSection$AclFeatureProto$1'.
2024-11-12 13:42:23,648 INFO  MethodCallReplacementClassAdapter - Adding mock interface to class org/apache/hadoop/hdfs/server/namenode/FsImageProto$INodeSection$AclFeatureProto$1
2024-11-12 13:42:23,649 INFO  EvoClassLoader - Keeping class: org.apache.hadoop.hdfs.server.namenode.FsImageProto$INodeSection$AclFeatureProto$1
2024-11-12 13:42:23,649 INFO  EvoClassLoader - Seeing class for first time: org.apache.hadoop.hdfs.protocol.proto.HdfsProtos$LocatedBlockProto
2024-11-12 13:42:23,649 INFO  EvoClassLoader - Instrumenting class 'org.apache.hadoop.hdfs.protocol.proto.HdfsProtos$LocatedBlockProto'.
2024-11-12 13:42:23,650 INFO  MethodCallReplacementClassAdapter - Adding mock interface to class org/apache/hadoop/hdfs/protocol/proto/HdfsProtos$LocatedBlockProto
2024-11-12 13:42:23,651 INFO  CreateClassResetClassAdapter - Found static initializer in class org/apache/hadoop/hdfs/protocol/proto/HdfsProtos$LocatedBlockProto
2024-11-12 13:42:23,652 INFO  EvoClassLoader - Keeping class: org.apache.hadoop.hdfs.protocol.proto.HdfsProtos$LocatedBlockProto
2024-11-12 13:42:23,653 INFO  EvoClassLoader - Seeing class for first time: org.apache.hadoop.thirdparty.protobuf.Internal$ListAdapter$Converter
2024-11-12 13:42:23,653 INFO  EvoClassLoader - Instrumenting class 'org.apache.hadoop.thirdparty.protobuf.Internal$ListAdapter$Converter'.
2024-11-12 13:42:23,654 INFO  EvoClassLoader - Keeping class: org.apache.hadoop.thirdparty.protobuf.Internal$ListAdapter$Converter
2024-11-12 13:42:23,654 INFO  EvoClassLoader - Seeing class for first time: org.apache.hadoop.security.proto.SecurityProtos$TokenProtoOrBuilder
2024-11-12 13:42:23,654 INFO  EvoClassLoader - Instrumenting class 'org.apache.hadoop.security.proto.SecurityProtos$TokenProtoOrBuilder'.
2024-11-12 13:42:23,654 INFO  EvoClassLoader - Keeping class: org.apache.hadoop.security.proto.SecurityProtos$TokenProtoOrBuilder
2024-11-12 13:42:23,655 INFO  EvoClassLoader - Seeing class for first time: org.apache.hadoop.hdfs.protocol.proto.HdfsProtos$LocatedBlockProto$1
2024-11-12 13:42:23,655 INFO  EvoClassLoader - Instrumenting class 'org.apache.hadoop.hdfs.protocol.proto.HdfsProtos$LocatedBlockProto$1'.
2024-11-12 13:42:23,655 INFO  MethodCallReplacementClassAdapter - Adding mock interface to class org/apache/hadoop/hdfs/protocol/proto/HdfsProtos$LocatedBlockProto$1
2024-11-12 13:42:23,656 INFO  EvoClassLoader - Keeping class: org.apache.hadoop.hdfs.protocol.proto.HdfsProtos$LocatedBlockProto$1
2024-11-12 13:42:23,656 INFO  EvoClassLoader - Seeing class for first time: org.apache.hadoop.thirdparty.protobuf.BooleanArrayList
2024-11-12 13:42:23,656 INFO  EvoClassLoader - Instrumenting class 'org.apache.hadoop.thirdparty.protobuf.BooleanArrayList'.
2024-11-12 13:42:23,657 INFO  MethodCallReplacementClassAdapter - Adding mock interface to class org/apache/hadoop/thirdparty/protobuf/BooleanArrayList
2024-11-12 13:42:23,658 INFO  CreateClassResetClassAdapter - Found static initializer in class org/apache/hadoop/thirdparty/protobuf/BooleanArrayList
2024-11-12 13:42:23,659 INFO  EvoClassLoader - Keeping class: org.apache.hadoop.thirdparty.protobuf.BooleanArrayList
2024-11-12 13:42:23,660 INFO  EvoClassLoader - Seeing class for first time: org.apache.hadoop.hdfs.protocol.proto.HdfsProtos$LocatedBlockProto$2
2024-11-12 13:42:23,660 INFO  EvoClassLoader - Instrumenting class 'org.apache.hadoop.hdfs.protocol.proto.HdfsProtos$LocatedBlockProto$2'.
2024-11-12 13:42:23,660 INFO  MethodCallReplacementClassAdapter - Adding mock interface to class org/apache/hadoop/hdfs/protocol/proto/HdfsProtos$LocatedBlockProto$2
2024-11-12 13:42:23,661 INFO  EvoClassLoader - Keeping class: org.apache.hadoop.hdfs.protocol.proto.HdfsProtos$LocatedBlockProto$2
2024-11-12 13:42:23,661 INFO  EvoClassLoader - Seeing class for first time: org.apache.hadoop.hdfs.server.namenode.FsImageProto$SnapshotDiffSection$DirectoryDiff$1
2024-11-12 13:42:23,661 INFO  EvoClassLoader - Instrumenting class 'org.apache.hadoop.hdfs.server.namenode.FsImageProto$SnapshotDiffSection$DirectoryDiff$1'.
2024-11-12 13:42:23,661 INFO  MethodCallReplacementClassAdapter - Adding mock interface to class org/apache/hadoop/hdfs/server/namenode/FsImageProto$SnapshotDiffSection$DirectoryDiff$1
2024-11-12 13:42:23,661 INFO  EvoClassLoader - Keeping class: org.apache.hadoop.hdfs.server.namenode.FsImageProto$SnapshotDiffSection$DirectoryDiff$1
2024-11-12 13:42:23,662 INFO  EvoClassLoader - Seeing class for first time: org.apache.hadoop.hdfs.protocol.proto.HdfsProtos$ErasureCodingPolicyProto
2024-11-12 13:42:23,662 INFO  EvoClassLoader - Instrumenting class 'org.apache.hadoop.hdfs.protocol.proto.HdfsProtos$ErasureCodingPolicyProto'.
2024-11-12 13:42:23,662 INFO  MethodCallReplacementClassAdapter - Adding mock interface to class org/apache/hadoop/hdfs/protocol/proto/HdfsProtos$ErasureCodingPolicyProto
2024-11-12 13:42:23,663 INFO  CreateClassResetClassAdapter - Found static initializer in class org/apache/hadoop/hdfs/protocol/proto/HdfsProtos$ErasureCodingPolicyProto
2024-11-12 13:42:23,664 INFO  EvoClassLoader - Keeping class: org.apache.hadoop.hdfs.protocol.proto.HdfsProtos$ErasureCodingPolicyProto
2024-11-12 13:42:23,664 INFO  EvoClassLoader - Seeing class for first time: org.apache.hadoop.hdfs.protocol.proto.HdfsProtos$ErasureCodingPolicyProto$1
2024-11-12 13:42:23,664 INFO  EvoClassLoader - Instrumenting class 'org.apache.hadoop.hdfs.protocol.proto.HdfsProtos$ErasureCodingPolicyProto$1'.
2024-11-12 13:42:23,665 INFO  MethodCallReplacementClassAdapter - Adding mock interface to class org/apache/hadoop/hdfs/protocol/proto/HdfsProtos$ErasureCodingPolicyProto$1
2024-11-12 13:42:23,665 INFO  EvoClassLoader - Keeping class: org.apache.hadoop.hdfs.protocol.proto.HdfsProtos$ErasureCodingPolicyProto$1
2024-11-12 13:42:23,665 INFO  EvoClassLoader - Seeing class for first time: org.apache.hadoop.hdfs.server.namenode.FsImageProto$INodeDirectorySection$DirEntry$1
2024-11-12 13:42:23,665 INFO  EvoClassLoader - Instrumenting class 'org.apache.hadoop.hdfs.server.namenode.FsImageProto$INodeDirectorySection$DirEntry$1'.
2024-11-12 13:42:23,666 INFO  MethodCallReplacementClassAdapter - Adding mock interface to class org/apache/hadoop/hdfs/server/namenode/FsImageProto$INodeDirectorySection$DirEntry$1
2024-11-12 13:42:23,666 INFO  EvoClassLoader - Keeping class: org.apache.hadoop.hdfs.server.namenode.FsImageProto$INodeDirectorySection$DirEntry$1
2024-11-12 13:42:23,666 INFO  EvoClassLoader - Seeing class for first time: org.apache.hadoop.thirdparty.protobuf.DescriptorProtos$GeneratedCodeInfoOrBuilder
2024-11-12 13:42:23,666 INFO  EvoClassLoader - Instrumenting class 'org.apache.hadoop.thirdparty.protobuf.DescriptorProtos$GeneratedCodeInfoOrBuilder'.
2024-11-12 13:42:23,667 INFO  EvoClassLoader - Keeping class: org.apache.hadoop.thirdparty.protobuf.DescriptorProtos$GeneratedCodeInfoOrBuilder
2024-11-12 13:42:23,668 INFO  EvoClassLoader - Seeing class for first time: org.apache.hadoop.hdfs.protocol.proto.HdfsProtos$RouterFederatedStateProtoOrBuilder
2024-11-12 13:42:23,668 INFO  EvoClassLoader - Instrumenting class 'org.apache.hadoop.hdfs.protocol.proto.HdfsProtos$RouterFederatedStateProtoOrBuilder'.
2024-11-12 13:42:23,668 INFO  EvoClassLoader - Keeping class: org.apache.hadoop.hdfs.protocol.proto.HdfsProtos$RouterFederatedStateProtoOrBuilder
2024-11-12 13:42:23,668 INFO  EvoClassLoader - Seeing class for first time: org.apache.hadoop.hdfs.server.namenode.FsImageProto$INodeSection$INodeOrBuilder
2024-11-12 13:42:23,668 INFO  EvoClassLoader - Instrumenting class 'org.apache.hadoop.hdfs.server.namenode.FsImageProto$INodeSection$INodeOrBuilder'.
2024-11-12 13:42:23,669 INFO  EvoClassLoader - Keeping class: org.apache.hadoop.hdfs.server.namenode.FsImageProto$INodeSection$INodeOrBuilder
2024-11-12 13:42:23,669 INFO  EvoClassLoader - Seeing class for first time: org.apache.hadoop.hdfs.protocol.proto.HdfsProtos$SnapshotDiffReportCursorProtoOrBuilder
2024-11-12 13:42:23,669 INFO  EvoClassLoader - Instrumenting class 'org.apache.hadoop.hdfs.protocol.proto.HdfsProtos$SnapshotDiffReportCursorProtoOrBuilder'.
2024-11-12 13:42:23,670 INFO  EvoClassLoader - Keeping class: org.apache.hadoop.hdfs.protocol.proto.HdfsProtos$SnapshotDiffReportCursorProtoOrBuilder
2024-11-12 13:42:23,670 INFO  EvoClassLoader - Seeing class for first time: org.apache.hadoop.hdfs.server.namenode.FsImageProto$INodeSection$INodeSymlink
2024-11-12 13:42:23,670 INFO  EvoClassLoader - Instrumenting class 'org.apache.hadoop.hdfs.server.namenode.FsImageProto$INodeSection$INodeSymlink'.
2024-11-12 13:42:23,670 INFO  MethodCallReplacementClassAdapter - Adding mock interface to class org/apache/hadoop/hdfs/server/namenode/FsImageProto$INodeSection$INodeSymlink
2024-11-12 13:42:23,671 INFO  CreateClassResetClassAdapter - Found static initializer in class org/apache/hadoop/hdfs/server/namenode/FsImageProto$INodeSection$INodeSymlink
2024-11-12 13:42:23,671 INFO  EvoClassLoader - Keeping class: org.apache.hadoop.hdfs.server.namenode.FsImageProto$INodeSection$INodeSymlink
2024-11-12 13:42:23,672 INFO  EvoClassLoader - Seeing class for first time: org.apache.hadoop.hdfs.server.namenode.FsImageProto$INodeSection$INodeSymlink$1
2024-11-12 13:42:23,672 INFO  EvoClassLoader - Instrumenting class 'org.apache.hadoop.hdfs.server.namenode.FsImageProto$INodeSection$INodeSymlink$1'.
2024-11-12 13:42:23,672 INFO  MethodCallReplacementClassAdapter - Adding mock interface to class org/apache/hadoop/hdfs/server/namenode/FsImageProto$INodeSection$INodeSymlink$1
2024-11-12 13:42:23,673 INFO  EvoClassLoader - Keeping class: org.apache.hadoop.hdfs.server.namenode.FsImageProto$INodeSection$INodeSymlink$1
2024-11-12 13:42:23,673 INFO  EvoClassLoader - Seeing class for first time: org.apache.hadoop.hdfs.server.namenode.FsImageProto$SnapshotDiffSection$FileDiff
2024-11-12 13:42:23,673 INFO  EvoClassLoader - Instrumenting class 'org.apache.hadoop.hdfs.server.namenode.FsImageProto$SnapshotDiffSection$FileDiff'.
2024-11-12 13:42:23,673 INFO  MethodCallReplacementClassAdapter - Adding mock interface to class org/apache/hadoop/hdfs/server/namenode/FsImageProto$SnapshotDiffSection$FileDiff
2024-11-12 13:42:23,674 INFO  CreateClassResetClassAdapter - Found static initializer in class org/apache/hadoop/hdfs/server/namenode/FsImageProto$SnapshotDiffSection$FileDiff
2024-11-12 13:42:23,674 INFO  EvoClassLoader - Keeping class: org.apache.hadoop.hdfs.server.namenode.FsImageProto$SnapshotDiffSection$FileDiff
2024-11-12 13:42:23,674 INFO  EvoClassLoader - Seeing class for first time: org.apache.hadoop.hdfs.server.namenode.FsImageProto$SnapshotDiffSection$FileDiff$1
2024-11-12 13:42:23,674 INFO  EvoClassLoader - Instrumenting class 'org.apache.hadoop.hdfs.server.namenode.FsImageProto$SnapshotDiffSection$FileDiff$1'.
2024-11-12 13:42:23,675 INFO  MethodCallReplacementClassAdapter - Adding mock interface to class org/apache/hadoop/hdfs/server/namenode/FsImageProto$SnapshotDiffSection$FileDiff$1
2024-11-12 13:42:23,675 INFO  EvoClassLoader - Keeping class: org.apache.hadoop.hdfs.server.namenode.FsImageProto$SnapshotDiffSection$FileDiff$1
2024-11-12 13:42:23,675 INFO  EvoClassLoader - Seeing class for first time: org.apache.hadoop.hdfs.server.namenode.FsImageProto$SnapshotSection$Snapshot
2024-11-12 13:42:23,675 INFO  EvoClassLoader - Instrumenting class 'org.apache.hadoop.hdfs.server.namenode.FsImageProto$SnapshotSection$Snapshot'.
2024-11-12 13:42:23,676 INFO  MethodCallReplacementClassAdapter - Adding mock interface to class org/apache/hadoop/hdfs/server/namenode/FsImageProto$SnapshotSection$Snapshot
2024-11-12 13:42:23,676 INFO  CreateClassResetClassAdapter - Found static initializer in class org/apache/hadoop/hdfs/server/namenode/FsImageProto$SnapshotSection$Snapshot
2024-11-12 13:42:23,676 INFO  EvoClassLoader - Keeping class: org.apache.hadoop.hdfs.server.namenode.FsImageProto$SnapshotSection$Snapshot
2024-11-12 13:42:23,677 INFO  EvoClassLoader - Seeing class for first time: org.apache.hadoop.hdfs.server.namenode.FsImageProto$StringTableSection$Entry$Builder
2024-11-12 13:42:23,677 INFO  EvoClassLoader - Instrumenting class 'org.apache.hadoop.hdfs.server.namenode.FsImageProto$StringTableSection$Entry$Builder'.
2024-11-12 13:42:23,677 INFO  MethodCallReplacementClassAdapter - Adding mock interface to class org/apache/hadoop/hdfs/server/namenode/FsImageProto$StringTableSection$Entry$Builder
2024-11-12 13:42:23,678 INFO  CreateClassResetClassAdapter - Creating brand-new static initializer in class org/apache/hadoop/hdfs/server/namenode/FsImageProto$StringTableSection$Entry$Builder
2024-11-12 13:42:23,678 INFO  EvoClassLoader - Keeping class: org.apache.hadoop.hdfs.server.namenode.FsImageProto$StringTableSection$Entry$Builder
2024-11-12 13:42:23,678 INFO  EvoClassLoader - Seeing class for first time: org.apache.hadoop.hdfs.server.namenode.FsImageProto$SecretManagerSection$DelegationKey
2024-11-12 13:42:23,678 INFO  EvoClassLoader - Instrumenting class 'org.apache.hadoop.hdfs.server.namenode.FsImageProto$SecretManagerSection$DelegationKey'.
2024-11-12 13:42:23,679 INFO  MethodCallReplacementClassAdapter - Adding mock interface to class org/apache/hadoop/hdfs/server/namenode/FsImageProto$SecretManagerSection$DelegationKey
2024-11-12 13:42:23,679 INFO  CreateClassResetClassAdapter - Found static initializer in class org/apache/hadoop/hdfs/server/namenode/FsImageProto$SecretManagerSection$DelegationKey
2024-11-12 13:42:23,679 INFO  EvoClassLoader - Keeping class: org.apache.hadoop.hdfs.server.namenode.FsImageProto$SecretManagerSection$DelegationKey
2024-11-12 13:42:23,680 INFO  EvoClassLoader - Seeing class for first time: org.apache.hadoop.hdfs.server.namenode.FsImageProto$FileSummary$Section$1
2024-11-12 13:42:23,680 INFO  EvoClassLoader - Instrumenting class 'org.apache.hadoop.hdfs.server.namenode.FsImageProto$FileSummary$Section$1'.
2024-11-12 13:42:23,680 INFO  MethodCallReplacementClassAdapter - Adding mock interface to class org/apache/hadoop/hdfs/server/namenode/FsImageProto$FileSummary$Section$1
2024-11-12 13:42:23,680 INFO  EvoClassLoader - Keeping class: org.apache.hadoop.hdfs.server.namenode.FsImageProto$FileSummary$Section$1
2024-11-12 13:42:23,680 INFO  EvoClassLoader - Seeing class for first time: org.apache.hadoop.hdfs.protocol.proto.HdfsProtos$RollingUpgradeStatusProtoOrBuilder
2024-11-12 13:42:23,680 INFO  EvoClassLoader - Instrumenting class 'org.apache.hadoop.hdfs.protocol.proto.HdfsProtos$RollingUpgradeStatusProtoOrBuilder'.
2024-11-12 13:42:23,681 INFO  EvoClassLoader - Keeping class: org.apache.hadoop.hdfs.protocol.proto.HdfsProtos$RollingUpgradeStatusProtoOrBuilder
2024-11-12 13:42:23,681 INFO  EvoClassLoader - Seeing class for first time: org.apache.hadoop.thirdparty.protobuf.DescriptorProtos$SourceCodeInfo$Location
2024-11-12 13:42:23,681 INFO  EvoClassLoader - Instrumenting class 'org.apache.hadoop.thirdparty.protobuf.DescriptorProtos$SourceCodeInfo$Location'.
2024-11-12 13:42:23,681 INFO  MethodCallReplacementClassAdapter - Adding mock interface to class org/apache/hadoop/thirdparty/protobuf/DescriptorProtos$SourceCodeInfo$Location
2024-11-12 13:42:23,682 INFO  CreateClassResetClassAdapter - Found static initializer in class org/apache/hadoop/thirdparty/protobuf/DescriptorProtos$SourceCodeInfo$Location
2024-11-12 13:42:23,682 INFO  EvoClassLoader - Keeping class: org.apache.hadoop.thirdparty.protobuf.DescriptorProtos$SourceCodeInfo$Location
2024-11-12 13:42:23,682 INFO  EvoClassLoader - Seeing class for first time: org.apache.hadoop.thirdparty.protobuf.DescriptorProtos$SourceCodeInfo$Location$1
2024-11-12 13:42:23,682 INFO  EvoClassLoader - Instrumenting class 'org.apache.hadoop.thirdparty.protobuf.DescriptorProtos$SourceCodeInfo$Location$1'.
2024-11-12 13:42:23,683 INFO  MethodCallReplacementClassAdapter - Adding mock interface to class org/apache/hadoop/thirdparty/protobuf/DescriptorProtos$SourceCodeInfo$Location$1
2024-11-12 13:42:23,683 INFO  EvoClassLoader - Keeping class: org.apache.hadoop.thirdparty.protobuf.DescriptorProtos$SourceCodeInfo$Location$1
2024-11-12 13:42:23,683 INFO  EvoClassLoader - Seeing class for first time: org.apache.hadoop.thirdparty.protobuf.Field$Cardinality$1
2024-11-12 13:42:23,683 INFO  EvoClassLoader - Instrumenting class 'org.apache.hadoop.thirdparty.protobuf.Field$Cardinality$1'.
2024-11-12 13:42:23,683 INFO  MethodCallReplacementClassAdapter - Adding mock interface to class org/apache/hadoop/thirdparty/protobuf/Field$Cardinality$1
2024-11-12 13:42:23,684 INFO  EvoClassLoader - Keeping class: org.apache.hadoop.thirdparty.protobuf.Field$Cardinality$1
2024-11-12 13:42:23,684 INFO  EvoClassLoader - Seeing class for first time: org.apache.hadoop.thirdparty.protobuf.Field$Builder
2024-11-12 13:42:23,684 INFO  EvoClassLoader - Instrumenting class 'org.apache.hadoop.thirdparty.protobuf.Field$Builder'.
2024-11-12 13:42:23,684 INFO  MethodCallReplacementClassAdapter - Adding mock interface to class org/apache/hadoop/thirdparty/protobuf/Field$Builder
2024-11-12 13:42:23,686 INFO  CreateClassResetClassAdapter - Creating brand-new static initializer in class org/apache/hadoop/thirdparty/protobuf/Field$Builder
2024-11-12 13:42:23,686 INFO  EvoClassLoader - Seeing class for first time: org.apache.hadoop.thirdparty.protobuf.FieldOrBuilder
2024-11-12 13:42:23,686 INFO  EvoClassLoader - Instrumenting class 'org.apache.hadoop.thirdparty.protobuf.FieldOrBuilder'.
2024-11-12 13:42:23,687 INFO  EvoClassLoader - Keeping class: org.apache.hadoop.thirdparty.protobuf.FieldOrBuilder
2024-11-12 13:42:23,687 INFO  EvoClassLoader - Keeping class: org.apache.hadoop.thirdparty.protobuf.Field$Builder
2024-11-12 13:42:23,688 INFO  EvoClassLoader - Seeing class for first time: org.apache.hadoop.thirdparty.protobuf.UnknownFieldSet$Field
2024-11-12 13:42:23,688 INFO  EvoClassLoader - Instrumenting class 'org.apache.hadoop.thirdparty.protobuf.UnknownFieldSet$Field'.
2024-11-12 13:42:23,688 INFO  MethodCallReplacementClassAdapter - Adding mock interface to class org/apache/hadoop/thirdparty/protobuf/UnknownFieldSet$Field
2024-11-12 13:42:23,689 INFO  CreateClassResetClassAdapter - Found static initializer in class org/apache/hadoop/thirdparty/protobuf/UnknownFieldSet$Field
2024-11-12 13:42:23,689 INFO  EvoClassLoader - Keeping class: org.apache.hadoop.thirdparty.protobuf.UnknownFieldSet$Field
2024-11-12 13:42:23,690 INFO  EvoClassLoader - Seeing class for first time: org.checkerframework.framework.qual.DefaultInUncheckedCodeFor
2024-11-12 13:42:23,690 INFO  EvoClassLoader - Instrumenting class 'org.checkerframework.framework.qual.DefaultInUncheckedCodeFor'.
2024-11-12 13:42:23,690 INFO  EvoClassLoader - Keeping class: org.checkerframework.framework.qual.DefaultInUncheckedCodeFor
2024-11-12 13:42:23,690 INFO  EvoClassLoader - Seeing class for first time: org.apache.hadoop.hdfs.protocol.proto.HdfsProtos$BlockProto$Builder
2024-11-12 13:42:23,690 INFO  EvoClassLoader - Instrumenting class 'org.apache.hadoop.hdfs.protocol.proto.HdfsProtos$BlockProto$Builder'.
2024-11-12 13:42:23,690 INFO  MethodCallReplacementClassAdapter - Adding mock interface to class org/apache/hadoop/hdfs/protocol/proto/HdfsProtos$BlockProto$Builder
2024-11-12 13:42:23,691 INFO  CreateClassResetClassAdapter - Creating brand-new static initializer in class org/apache/hadoop/hdfs/protocol/proto/HdfsProtos$BlockProto$Builder
2024-11-12 13:42:23,691 INFO  EvoClassLoader - Keeping class: org.apache.hadoop.hdfs.protocol.proto.HdfsProtos$BlockProto$Builder
2024-11-12 13:42:23,692 INFO  EvoClassLoader - Seeing class for first time: org.apache.hadoop.hdfs.protocol.proto.HdfsProtos$StorageTypeProto
2024-11-12 13:42:23,692 INFO  EvoClassLoader - Instrumenting class 'org.apache.hadoop.hdfs.protocol.proto.HdfsProtos$StorageTypeProto'.
2024-11-12 13:42:23,692 INFO  MethodCallReplacementClassAdapter - Adding mock interface to class org/apache/hadoop/hdfs/protocol/proto/HdfsProtos$StorageTypeProto
2024-11-12 13:42:23,693 INFO  CreateClassResetClassAdapter - Found static initializer in class org/apache/hadoop/hdfs/protocol/proto/HdfsProtos$StorageTypeProto
2024-11-12 13:42:23,693 INFO  EvoClassLoader - Keeping class: org.apache.hadoop.hdfs.protocol.proto.HdfsProtos$StorageTypeProto
2024-11-12 13:42:23,693 INFO  EvoClassLoader - Seeing class for first time: org.apache.hadoop.hdfs.protocol.proto.HdfsProtos$StorageTypeProto$1
2024-11-12 13:42:23,693 INFO  EvoClassLoader - Instrumenting class 'org.apache.hadoop.hdfs.protocol.proto.HdfsProtos$StorageTypeProto$1'.
2024-11-12 13:42:23,693 INFO  MethodCallReplacementClassAdapter - Adding mock interface to class org/apache/hadoop/hdfs/protocol/proto/HdfsProtos$StorageTypeProto$1
2024-11-12 13:42:23,693 INFO  EvoClassLoader - Keeping class: org.apache.hadoop.hdfs.protocol.proto.HdfsProtos$StorageTypeProto$1
2024-11-12 13:42:23,693 INFO  EvoClassLoader - Seeing class for first time: org.apache.hadoop.thirdparty.protobuf.Field$1
2024-11-12 13:42:23,693 INFO  EvoClassLoader - Instrumenting class 'org.apache.hadoop.thirdparty.protobuf.Field$1'.
2024-11-12 13:42:23,693 INFO  MethodCallReplacementClassAdapter - Adding mock interface to class org/apache/hadoop/thirdparty/protobuf/Field$1
2024-11-12 13:42:23,694 INFO  EvoClassLoader - Keeping class: org.apache.hadoop.thirdparty.protobuf.Field$1
2024-11-12 13:42:23,694 INFO  EvoClassLoader - Seeing class for first time: org.apache.hadoop.hdfs.protocol.proto.HdfsProtos$BatchedListingKeyProto
2024-11-12 13:42:23,694 INFO  EvoClassLoader - Instrumenting class 'org.apache.hadoop.hdfs.protocol.proto.HdfsProtos$BatchedListingKeyProto'.
2024-11-12 13:42:23,694 INFO  MethodCallReplacementClassAdapter - Adding mock interface to class org/apache/hadoop/hdfs/protocol/proto/HdfsProtos$BatchedListingKeyProto
2024-11-12 13:42:23,694 INFO  CreateClassResetClassAdapter - Found static initializer in class org/apache/hadoop/hdfs/protocol/proto/HdfsProtos$BatchedListingKeyProto
2024-11-12 13:42:23,695 INFO  EvoClassLoader - Keeping class: org.apache.hadoop.hdfs.protocol.proto.HdfsProtos$BatchedListingKeyProto
2024-11-12 13:42:23,695 INFO  EvoClassLoader - Seeing class for first time: org.apache.hadoop.hdfs.protocol.proto.HdfsProtos$BatchedListingKeyProto$1
2024-11-12 13:42:23,695 INFO  EvoClassLoader - Instrumenting class 'org.apache.hadoop.hdfs.protocol.proto.HdfsProtos$BatchedListingKeyProto$1'.
2024-11-12 13:42:23,695 INFO  MethodCallReplacementClassAdapter - Adding mock interface to class org/apache/hadoop/hdfs/protocol/proto/HdfsProtos$BatchedListingKeyProto$1
2024-11-12 13:42:23,695 INFO  EvoClassLoader - Keeping class: org.apache.hadoop.hdfs.protocol.proto.HdfsProtos$BatchedListingKeyProto$1
2024-11-12 13:42:23,695 INFO  EvoClassLoader - Seeing class for first time: org.apache.hadoop.hdfs.server.namenode.FsImageProto$SnapshotDiffSection$DirectoryDiff
2024-11-12 13:42:23,695 INFO  EvoClassLoader - Instrumenting class 'org.apache.hadoop.hdfs.server.namenode.FsImageProto$SnapshotDiffSection$DirectoryDiff'.
2024-11-12 13:42:23,696 INFO  MethodCallReplacementClassAdapter - Adding mock interface to class org/apache/hadoop/hdfs/server/namenode/FsImageProto$SnapshotDiffSection$DirectoryDiff
2024-11-12 13:42:23,697 INFO  CreateClassResetClassAdapter - Found static initializer in class org/apache/hadoop/hdfs/server/namenode/FsImageProto$SnapshotDiffSection$DirectoryDiff
2024-11-12 13:42:23,697 INFO  EvoClassLoader - Keeping class: org.apache.hadoop.hdfs.server.namenode.FsImageProto$SnapshotDiffSection$DirectoryDiff
2024-11-12 13:42:23,698 INFO  EvoClassLoader - Seeing class for first time: org.apache.hadoop.hdfs.server.namenode.FsImageProto$INodeDirectorySection$DirEntry
2024-11-12 13:42:23,698 INFO  EvoClassLoader - Instrumenting class 'org.apache.hadoop.hdfs.server.namenode.FsImageProto$INodeDirectorySection$DirEntry'.
2024-11-12 13:42:23,698 INFO  MethodCallReplacementClassAdapter - Adding mock interface to class org/apache/hadoop/hdfs/server/namenode/FsImageProto$INodeDirectorySection$DirEntry
2024-11-12 13:42:23,698 INFO  CreateClassResetClassAdapter - Found static initializer in class org/apache/hadoop/hdfs/server/namenode/FsImageProto$INodeDirectorySection$DirEntry
2024-11-12 13:42:23,699 INFO  EvoClassLoader - Seeing class for first time: org.apache.hadoop.hdfs.server.namenode.FsImageProto$INodeDirectorySection$DirEntryOrBuilder
2024-11-12 13:42:23,699 INFO  EvoClassLoader - Instrumenting class 'org.apache.hadoop.hdfs.server.namenode.FsImageProto$INodeDirectorySection$DirEntryOrBuilder'.
2024-11-12 13:42:23,699 INFO  EvoClassLoader - Keeping class: org.apache.hadoop.hdfs.server.namenode.FsImageProto$INodeDirectorySection$DirEntryOrBuilder
2024-11-12 13:42:23,699 INFO  EvoClassLoader - Keeping class: org.apache.hadoop.hdfs.server.namenode.FsImageProto$INodeDirectorySection$DirEntry
2024-11-12 13:42:23,700 INFO  EvoClassLoader - Seeing class for first time: org.apache.hadoop.hdfs.server.namenode.FsImageProto$SnapshotDiffSection
2024-11-12 13:42:23,700 INFO  EvoClassLoader - Instrumenting class 'org.apache.hadoop.hdfs.server.namenode.FsImageProto$SnapshotDiffSection'.
2024-11-12 13:42:23,700 INFO  MethodCallReplacementClassAdapter - Adding mock interface to class org/apache/hadoop/hdfs/server/namenode/FsImageProto$SnapshotDiffSection
2024-11-12 13:42:23,701 INFO  CreateClassResetClassAdapter - Found static initializer in class org/apache/hadoop/hdfs/server/namenode/FsImageProto$SnapshotDiffSection
2024-11-12 13:42:23,701 INFO  EvoClassLoader - Keeping class: org.apache.hadoop.hdfs.server.namenode.FsImageProto$SnapshotDiffSection
2024-11-12 13:42:23,701 INFO  EvoClassLoader - Seeing class for first time: org.apache.hadoop.hdfs.server.namenode.FsImageProto$SnapshotDiffSection$1
2024-11-12 13:42:23,701 INFO  EvoClassLoader - Instrumenting class 'org.apache.hadoop.hdfs.server.namenode.FsImageProto$SnapshotDiffSection$1'.
2024-11-12 13:42:23,701 INFO  MethodCallReplacementClassAdapter - Adding mock interface to class org/apache/hadoop/hdfs/server/namenode/FsImageProto$SnapshotDiffSection$1
2024-11-12 13:42:23,702 INFO  EvoClassLoader - Keeping class: org.apache.hadoop.hdfs.server.namenode.FsImageProto$SnapshotDiffSection$1
2024-11-12 13:42:23,702 INFO  EvoClassLoader - Seeing class for first time: org.apache.hadoop.hdfs.server.namenode.FsImageProto$SecretManagerSection$Builder
2024-11-12 13:42:23,702 INFO  EvoClassLoader - Instrumenting class 'org.apache.hadoop.hdfs.server.namenode.FsImageProto$SecretManagerSection$Builder'.
2024-11-12 13:42:23,702 INFO  MethodCallReplacementClassAdapter - Adding mock interface to class org/apache/hadoop/hdfs/server/namenode/FsImageProto$SecretManagerSection$Builder
2024-11-12 13:42:23,703 INFO  CreateClassResetClassAdapter - Creating brand-new static initializer in class org/apache/hadoop/hdfs/server/namenode/FsImageProto$SecretManagerSection$Builder
2024-11-12 13:42:23,704 INFO  EvoClassLoader - Seeing class for first time: org.apache.hadoop.hdfs.server.namenode.FsImageProto$SecretManagerSectionOrBuilder
2024-11-12 13:42:23,704 INFO  EvoClassLoader - Instrumenting class 'org.apache.hadoop.hdfs.server.namenode.FsImageProto$SecretManagerSectionOrBuilder'.
2024-11-12 13:42:23,704 INFO  EvoClassLoader - Keeping class: org.apache.hadoop.hdfs.server.namenode.FsImageProto$SecretManagerSectionOrBuilder
2024-11-12 13:42:23,704 INFO  EvoClassLoader - Keeping class: org.apache.hadoop.hdfs.server.namenode.FsImageProto$SecretManagerSection$Builder
2024-11-12 13:42:23,704 INFO  EvoClassLoader - Seeing class for first time: org.apache.hadoop.hdfs.server.namenode.FsImageProto$NameSystemSection$Builder
2024-11-12 13:42:23,704 INFO  EvoClassLoader - Instrumenting class 'org.apache.hadoop.hdfs.server.namenode.FsImageProto$NameSystemSection$Builder'.
2024-11-12 13:42:23,705 INFO  MethodCallReplacementClassAdapter - Adding mock interface to class org/apache/hadoop/hdfs/server/namenode/FsImageProto$NameSystemSection$Builder
2024-11-12 13:42:23,706 INFO  CreateClassResetClassAdapter - Creating brand-new static initializer in class org/apache/hadoop/hdfs/server/namenode/FsImageProto$NameSystemSection$Builder
2024-11-12 13:42:23,706 INFO  EvoClassLoader - Seeing class for first time: org.apache.hadoop.hdfs.server.namenode.FsImageProto$NameSystemSectionOrBuilder
2024-11-12 13:42:23,706 INFO  EvoClassLoader - Instrumenting class 'org.apache.hadoop.hdfs.server.namenode.FsImageProto$NameSystemSectionOrBuilder'.
2024-11-12 13:42:23,706 INFO  EvoClassLoader - Keeping class: org.apache.hadoop.hdfs.server.namenode.FsImageProto$NameSystemSectionOrBuilder
2024-11-12 13:42:23,706 INFO  EvoClassLoader - Keeping class: org.apache.hadoop.hdfs.server.namenode.FsImageProto$NameSystemSection$Builder
2024-11-12 13:42:23,707 INFO  EvoClassLoader - Seeing class for first time: org.apache.hadoop.thirdparty.protobuf.DescriptorProtos$MethodDescriptorProto
2024-11-12 13:42:23,707 INFO  EvoClassLoader - Instrumenting class 'org.apache.hadoop.thirdparty.protobuf.DescriptorProtos$MethodDescriptorProto'.
2024-11-12 13:42:23,707 INFO  MethodCallReplacementClassAdapter - Adding mock interface to class org/apache/hadoop/thirdparty/protobuf/DescriptorProtos$MethodDescriptorProto
2024-11-12 13:42:23,707 INFO  CreateClassResetClassAdapter - Found static initializer in class org/apache/hadoop/thirdparty/protobuf/DescriptorProtos$MethodDescriptorProto
2024-11-12 13:42:23,708 INFO  EvoClassLoader - Seeing class for first time: org.apache.hadoop.thirdparty.protobuf.DescriptorProtos$MethodDescriptorProtoOrBuilder
2024-11-12 13:42:23,708 INFO  EvoClassLoader - Instrumenting class 'org.apache.hadoop.thirdparty.protobuf.DescriptorProtos$MethodDescriptorProtoOrBuilder'.
2024-11-12 13:42:23,708 INFO  EvoClassLoader - Keeping class: org.apache.hadoop.thirdparty.protobuf.DescriptorProtos$MethodDescriptorProtoOrBuilder
2024-11-12 13:42:23,708 INFO  EvoClassLoader - Keeping class: org.apache.hadoop.thirdparty.protobuf.DescriptorProtos$MethodDescriptorProto
2024-11-12 13:42:23,708 INFO  EvoClassLoader - Seeing class for first time: org.apache.hadoop.thirdparty.protobuf.DescriptorProtos$MethodOptionsOrBuilder
2024-11-12 13:42:23,708 INFO  EvoClassLoader - Instrumenting class 'org.apache.hadoop.thirdparty.protobuf.DescriptorProtos$MethodOptionsOrBuilder'.
2024-11-12 13:42:23,709 INFO  EvoClassLoader - Keeping class: org.apache.hadoop.thirdparty.protobuf.DescriptorProtos$MethodOptionsOrBuilder
2024-11-12 13:42:23,709 INFO  EvoClassLoader - Seeing class for first time: org.apache.hadoop.thirdparty.protobuf.DescriptorProtos$MethodDescriptorProto$1
2024-11-12 13:42:23,709 INFO  EvoClassLoader - Instrumenting class 'org.apache.hadoop.thirdparty.protobuf.DescriptorProtos$MethodDescriptorProto$1'.
2024-11-12 13:42:23,709 INFO  MethodCallReplacementClassAdapter - Adding mock interface to class org/apache/hadoop/thirdparty/protobuf/DescriptorProtos$MethodDescriptorProto$1
2024-11-12 13:42:23,709 INFO  EvoClassLoader - Keeping class: org.apache.hadoop.thirdparty.protobuf.DescriptorProtos$MethodDescriptorProto$1
2024-11-12 13:42:23,709 INFO  EvoClassLoader - Seeing class for first time: org.apache.hadoop.hdfs.protocol.proto.HdfsProtos$ContentSummaryProto
2024-11-12 13:42:23,709 INFO  EvoClassLoader - Instrumenting class 'org.apache.hadoop.hdfs.protocol.proto.HdfsProtos$ContentSummaryProto'.
2024-11-12 13:42:23,710 INFO  MethodCallReplacementClassAdapter - Adding mock interface to class org/apache/hadoop/hdfs/protocol/proto/HdfsProtos$ContentSummaryProto
2024-11-12 13:42:23,710 INFO  CreateClassResetClassAdapter - Found static initializer in class org/apache/hadoop/hdfs/protocol/proto/HdfsProtos$ContentSummaryProto
2024-11-12 13:42:23,710 INFO  EvoClassLoader - Seeing class for first time: org.apache.hadoop.hdfs.protocol.proto.HdfsProtos$ContentSummaryProtoOrBuilder
2024-11-12 13:42:23,710 INFO  EvoClassLoader - Instrumenting class 'org.apache.hadoop.hdfs.protocol.proto.HdfsProtos$ContentSummaryProtoOrBuilder'.
2024-11-12 13:42:23,711 INFO  EvoClassLoader - Keeping class: org.apache.hadoop.hdfs.protocol.proto.HdfsProtos$ContentSummaryProtoOrBuilder
2024-11-12 13:42:23,711 INFO  EvoClassLoader - Keeping class: org.apache.hadoop.hdfs.protocol.proto.HdfsProtos$ContentSummaryProto
2024-11-12 13:42:23,711 INFO  EvoClassLoader - Seeing class for first time: org.apache.hadoop.hdfs.protocol.proto.HdfsProtos$ContentSummaryProto$1
2024-11-12 13:42:23,711 INFO  EvoClassLoader - Instrumenting class 'org.apache.hadoop.hdfs.protocol.proto.HdfsProtos$ContentSummaryProto$1'.
2024-11-12 13:42:23,712 INFO  MethodCallReplacementClassAdapter - Adding mock interface to class org/apache/hadoop/hdfs/protocol/proto/HdfsProtos$ContentSummaryProto$1
2024-11-12 13:42:23,712 INFO  EvoClassLoader - Keeping class: org.apache.hadoop.hdfs.protocol.proto.HdfsProtos$ContentSummaryProto$1
2024-11-12 13:42:23,712 INFO  EvoClassLoader - Seeing class for first time: org.apache.hadoop.hdfs.protocol.proto.HdfsProtos$ChecksumTypeProto
2024-11-12 13:42:23,712 INFO  EvoClassLoader - Instrumenting class 'org.apache.hadoop.hdfs.protocol.proto.HdfsProtos$ChecksumTypeProto'.
2024-11-12 13:42:23,713 INFO  MethodCallReplacementClassAdapter - Adding mock interface to class org/apache/hadoop/hdfs/protocol/proto/HdfsProtos$ChecksumTypeProto
2024-11-12 13:42:23,713 INFO  CreateClassResetClassAdapter - Found static initializer in class org/apache/hadoop/hdfs/protocol/proto/HdfsProtos$ChecksumTypeProto
2024-11-12 13:42:23,713 INFO  EvoClassLoader - Keeping class: org.apache.hadoop.hdfs.protocol.proto.HdfsProtos$ChecksumTypeProto
2024-11-12 13:42:23,713 INFO  EvoClassLoader - Seeing class for first time: org.apache.hadoop.hdfs.protocol.proto.HdfsProtos$ChecksumTypeProto$1
2024-11-12 13:42:23,713 INFO  EvoClassLoader - Instrumenting class 'org.apache.hadoop.hdfs.protocol.proto.HdfsProtos$ChecksumTypeProto$1'.
2024-11-12 13:42:23,714 INFO  MethodCallReplacementClassAdapter - Adding mock interface to class org/apache/hadoop/hdfs/protocol/proto/HdfsProtos$ChecksumTypeProto$1
2024-11-12 13:42:23,714 INFO  EvoClassLoader - Keeping class: org.apache.hadoop.hdfs.protocol.proto.HdfsProtos$ChecksumTypeProto$1
2024-11-12 13:42:23,714 INFO  EvoClassLoader - Seeing class for first time: org.apache.hadoop.thirdparty.protobuf.DescriptorProtos$SourceCodeInfo$1
2024-11-12 13:42:23,714 INFO  EvoClassLoader - Instrumenting class 'org.apache.hadoop.thirdparty.protobuf.DescriptorProtos$SourceCodeInfo$1'.
2024-11-12 13:42:23,715 INFO  MethodCallReplacementClassAdapter - Adding mock interface to class org/apache/hadoop/thirdparty/protobuf/DescriptorProtos$SourceCodeInfo$1
2024-11-12 13:42:23,715 INFO  EvoClassLoader - Keeping class: org.apache.hadoop.thirdparty.protobuf.DescriptorProtos$SourceCodeInfo$1
2024-11-12 13:42:23,717 INFO  EvoClassLoader - Seeing class for first time: org.apache.hadoop.thirdparty.protobuf.Descriptors$MethodDescriptor
2024-11-12 13:42:23,717 INFO  EvoClassLoader - Instrumenting class 'org.apache.hadoop.thirdparty.protobuf.Descriptors$MethodDescriptor'.
2024-11-12 13:42:23,717 INFO  MethodCallReplacementClassAdapter - Adding mock interface to class org/apache/hadoop/thirdparty/protobuf/Descriptors$MethodDescriptor
2024-11-12 13:42:23,718 INFO  CreateClassResetClassAdapter - Creating brand-new static initializer in class org/apache/hadoop/thirdparty/protobuf/Descriptors$MethodDescriptor
2024-11-12 13:42:23,718 INFO  EvoClassLoader - Keeping class: org.apache.hadoop.thirdparty.protobuf.Descriptors$MethodDescriptor
2024-11-12 13:42:23,718 INFO  EvoClassLoader - Seeing class for first time: org.apache.hadoop.thirdparty.protobuf.Field
2024-11-12 13:42:23,718 INFO  EvoClassLoader - Instrumenting class 'org.apache.hadoop.thirdparty.protobuf.Field'.
2024-11-12 13:42:23,719 INFO  MethodCallReplacementClassAdapter - Adding mock interface to class org/apache/hadoop/thirdparty/protobuf/Field
2024-11-12 13:42:23,720 INFO  CreateClassResetClassAdapter - Found static initializer in class org/apache/hadoop/thirdparty/protobuf/Field
2024-11-12 13:42:23,721 INFO  EvoClassLoader - Keeping class: org.apache.hadoop.thirdparty.protobuf.Field
2024-11-12 13:42:23,721 INFO  EvoClassLoader - Seeing class for first time: org.apache.hadoop.hdfs.server.namenode.FsImageProto$SecretManagerSection$PersistToken$Builder
2024-11-12 13:42:23,721 INFO  EvoClassLoader - Instrumenting class 'org.apache.hadoop.hdfs.server.namenode.FsImageProto$SecretManagerSection$PersistToken$Builder'.
2024-11-12 13:42:23,722 INFO  MethodCallReplacementClassAdapter - Adding mock interface to class org/apache/hadoop/hdfs/server/namenode/FsImageProto$SecretManagerSection$PersistToken$Builder
2024-11-12 13:42:23,724 INFO  CreateClassResetClassAdapter - Creating brand-new static initializer in class org/apache/hadoop/hdfs/server/namenode/FsImageProto$SecretManagerSection$PersistToken$Builder
2024-11-12 13:42:23,724 INFO  EvoClassLoader - Seeing class for first time: org.apache.hadoop.hdfs.server.namenode.FsImageProto$SecretManagerSection$PersistTokenOrBuilder
2024-11-12 13:42:23,724 INFO  EvoClassLoader - Instrumenting class 'org.apache.hadoop.hdfs.server.namenode.FsImageProto$SecretManagerSection$PersistTokenOrBuilder'.
2024-11-12 13:42:23,725 INFO  EvoClassLoader - Keeping class: org.apache.hadoop.hdfs.server.namenode.FsImageProto$SecretManagerSection$PersistTokenOrBuilder
2024-11-12 13:42:23,725 INFO  EvoClassLoader - Keeping class: org.apache.hadoop.hdfs.server.namenode.FsImageProto$SecretManagerSection$PersistToken$Builder
2024-11-12 13:42:23,726 INFO  EvoClassLoader - Seeing class for first time: org.apache.hadoop.hdfs.server.namenode.FsImageProto$INodeSection
2024-11-12 13:42:23,726 INFO  EvoClassLoader - Instrumenting class 'org.apache.hadoop.hdfs.server.namenode.FsImageProto$INodeSection'.
2024-11-12 13:42:23,727 INFO  MethodCallReplacementClassAdapter - Adding mock interface to class org/apache/hadoop/hdfs/server/namenode/FsImageProto$INodeSection
2024-11-12 13:42:23,727 INFO  CreateClassResetClassAdapter - Found static initializer in class org/apache/hadoop/hdfs/server/namenode/FsImageProto$INodeSection
2024-11-12 13:42:23,727 INFO  EvoClassLoader - Seeing class for first time: org.apache.hadoop.hdfs.server.namenode.FsImageProto$INodeSectionOrBuilder
2024-11-12 13:42:23,727 INFO  EvoClassLoader - Instrumenting class 'org.apache.hadoop.hdfs.server.namenode.FsImageProto$INodeSectionOrBuilder'.
2024-11-12 13:42:23,727 INFO  EvoClassLoader - Keeping class: org.apache.hadoop.hdfs.server.namenode.FsImageProto$INodeSectionOrBuilder
2024-11-12 13:42:23,728 INFO  EvoClassLoader - Keeping class: org.apache.hadoop.hdfs.server.namenode.FsImageProto$INodeSection
2024-11-12 13:42:23,728 INFO  EvoClassLoader - Seeing class for first time: org.apache.hadoop.thirdparty.protobuf.CheckReturnValue
2024-11-12 13:42:23,728 INFO  EvoClassLoader - Instrumenting class 'org.apache.hadoop.thirdparty.protobuf.CheckReturnValue'.
2024-11-12 13:42:23,728 INFO  EvoClassLoader - Keeping class: org.apache.hadoop.thirdparty.protobuf.CheckReturnValue
2024-11-12 13:42:23,728 INFO  EvoClassLoader - Seeing class for first time: org.apache.hadoop.thirdparty.protobuf.DescriptorProtos$SourceCodeInfo$Builder
2024-11-12 13:42:23,728 INFO  EvoClassLoader - Instrumenting class 'org.apache.hadoop.thirdparty.protobuf.DescriptorProtos$SourceCodeInfo$Builder'.
2024-11-12 13:42:23,729 INFO  MethodCallReplacementClassAdapter - Adding mock interface to class org/apache/hadoop/thirdparty/protobuf/DescriptorProtos$SourceCodeInfo$Builder
2024-11-12 13:42:23,730 INFO  CreateClassResetClassAdapter - Creating brand-new static initializer in class org/apache/hadoop/thirdparty/protobuf/DescriptorProtos$SourceCodeInfo$Builder
2024-11-12 13:42:23,731 INFO  EvoClassLoader - Keeping class: org.apache.hadoop.thirdparty.protobuf.DescriptorProtos$SourceCodeInfo$Builder
2024-11-12 13:42:23,731 INFO  EvoClassLoader - Seeing class for first time: org.apache.hadoop.hdfs.server.namenode.FsImageProto$INodeSection$XAttrFeatureProto$1
2024-11-12 13:42:23,731 INFO  EvoClassLoader - Instrumenting class 'org.apache.hadoop.hdfs.server.namenode.FsImageProto$INodeSection$XAttrFeatureProto$1'.
2024-11-12 13:42:23,732 INFO  MethodCallReplacementClassAdapter - Adding mock interface to class org/apache/hadoop/hdfs/server/namenode/FsImageProto$INodeSection$XAttrFeatureProto$1
2024-11-12 13:42:23,732 INFO  EvoClassLoader - Keeping class: org.apache.hadoop.hdfs.server.namenode.FsImageProto$INodeSection$XAttrFeatureProto$1
2024-11-12 13:42:23,732 INFO  EvoClassLoader - Seeing class for first time: org.eclipse.jetty.util.annotation.ManagedObject
2024-11-12 13:42:23,732 INFO  EvoClassLoader - Instrumenting class 'org.eclipse.jetty.util.annotation.ManagedObject'.
2024-11-12 13:42:23,733 INFO  EvoClassLoader - Defined package (3): package org.eclipse.jetty.util.annotation, -21916774
2024-11-12 13:42:23,733 INFO  EvoClassLoader - Keeping class: org.eclipse.jetty.util.annotation.ManagedObject
2024-11-12 13:42:23,733 INFO  EvoClassLoader - Seeing class for first time: org.apache.hadoop.hdfs.server.namenode.FsImageProto$INodeSection$INode
2024-11-12 13:42:23,733 INFO  EvoClassLoader - Instrumenting class 'org.apache.hadoop.hdfs.server.namenode.FsImageProto$INodeSection$INode'.
2024-11-12 13:42:23,734 INFO  MethodCallReplacementClassAdapter - Adding mock interface to class org/apache/hadoop/hdfs/server/namenode/FsImageProto$INodeSection$INode
2024-11-12 13:42:23,734 INFO  CreateClassResetClassAdapter - Found static initializer in class org/apache/hadoop/hdfs/server/namenode/FsImageProto$INodeSection$INode
2024-11-12 13:42:23,735 INFO  EvoClassLoader - Keeping class: org.apache.hadoop.hdfs.server.namenode.FsImageProto$INodeSection$INode
2024-11-12 13:42:23,735 INFO  EvoClassLoader - Seeing class for first time: org.apache.hadoop.hdfs.server.namenode.FsImageProto$INodeSection$INode$1
2024-11-12 13:42:23,735 INFO  EvoClassLoader - Instrumenting class 'org.apache.hadoop.hdfs.server.namenode.FsImageProto$INodeSection$INode$1'.
2024-11-12 13:42:23,735 INFO  MethodCallReplacementClassAdapter - Adding mock interface to class org/apache/hadoop/hdfs/server/namenode/FsImageProto$INodeSection$INode$1
2024-11-12 13:42:23,736 INFO  EvoClassLoader - Keeping class: org.apache.hadoop.hdfs.server.namenode.FsImageProto$INodeSection$INode$1
2024-11-12 13:42:23,736 INFO  EvoClassLoader - Seeing class for first time: org.apache.hadoop.thirdparty.protobuf.Syntax
2024-11-12 13:42:23,736 INFO  EvoClassLoader - Instrumenting class 'org.apache.hadoop.thirdparty.protobuf.Syntax'.
2024-11-12 13:42:23,737 INFO  MethodCallReplacementClassAdapter - Adding mock interface to class org/apache/hadoop/thirdparty/protobuf/Syntax
2024-11-12 13:42:23,738 INFO  CreateClassResetClassAdapter - Found static initializer in class org/apache/hadoop/thirdparty/protobuf/Syntax
2024-11-12 13:42:23,739 INFO  EvoClassLoader - Keeping class: org.apache.hadoop.thirdparty.protobuf.Syntax
2024-11-12 13:42:23,740 INFO  EvoClassLoader - Seeing class for first time: org.apache.hadoop.hdfs.server.namenode.FsImageProto$NameSystemSection
2024-11-12 13:42:23,740 INFO  EvoClassLoader - Instrumenting class 'org.apache.hadoop.hdfs.server.namenode.FsImageProto$NameSystemSection'.
2024-11-12 13:42:23,740 INFO  MethodCallReplacementClassAdapter - Adding mock interface to class org/apache/hadoop/hdfs/server/namenode/FsImageProto$NameSystemSection
2024-11-12 13:42:23,741 INFO  CreateClassResetClassAdapter - Found static initializer in class org/apache/hadoop/hdfs/server/namenode/FsImageProto$NameSystemSection
2024-11-12 13:42:23,742 INFO  EvoClassLoader - Keeping class: org.apache.hadoop.hdfs.server.namenode.FsImageProto$NameSystemSection
2024-11-12 13:42:23,742 INFO  EvoClassLoader - Seeing class for first time: org.apache.hadoop.hdfs.server.namenode.FsImageProto$INodeSection$INode$Builder
2024-11-12 13:42:23,742 INFO  EvoClassLoader - Instrumenting class 'org.apache.hadoop.hdfs.server.namenode.FsImageProto$INodeSection$INode$Builder'.
2024-11-12 13:42:23,743 INFO  MethodCallReplacementClassAdapter - Adding mock interface to class org/apache/hadoop/hdfs/server/namenode/FsImageProto$INodeSection$INode$Builder
2024-11-12 13:42:23,745 INFO  CreateClassResetClassAdapter - Creating brand-new static initializer in class org/apache/hadoop/hdfs/server/namenode/FsImageProto$INodeSection$INode$Builder
2024-11-12 13:42:23,746 INFO  EvoClassLoader - Keeping class: org.apache.hadoop.hdfs.server.namenode.FsImageProto$INodeSection$INode$Builder
2024-11-12 13:42:23,747 INFO  EvoClassLoader - Seeing class for first time: org.apache.hadoop.hdfs.server.namenode.FsImageProto$INodeSection$INodeFile
2024-11-12 13:42:23,747 INFO  EvoClassLoader - Instrumenting class 'org.apache.hadoop.hdfs.server.namenode.FsImageProto$INodeSection$INodeFile'.
2024-11-12 13:42:23,748 INFO  MethodCallReplacementClassAdapter - Adding mock interface to class org/apache/hadoop/hdfs/server/namenode/FsImageProto$INodeSection$INodeFile
2024-11-12 13:42:23,749 INFO  CreateClassResetClassAdapter - Found static initializer in class org/apache/hadoop/hdfs/server/namenode/FsImageProto$INodeSection$INodeFile
2024-11-12 13:42:23,750 INFO  EvoClassLoader - Keeping class: org.apache.hadoop.hdfs.server.namenode.FsImageProto$INodeSection$INodeFile
2024-11-12 13:42:23,751 INFO  EvoClassLoader - Seeing class for first time: org.apache.hadoop.hdfs.server.namenode.FsImageProto$INodeSection$INodeSymlink$Builder
2024-11-12 13:42:23,751 INFO  EvoClassLoader - Instrumenting class 'org.apache.hadoop.hdfs.server.namenode.FsImageProto$INodeSection$INodeSymlink$Builder'.
2024-11-12 13:42:23,751 INFO  MethodCallReplacementClassAdapter - Adding mock interface to class org/apache/hadoop/hdfs/server/namenode/FsImageProto$INodeSection$INodeSymlink$Builder
2024-11-12 13:42:23,753 INFO  CreateClassResetClassAdapter - Creating brand-new static initializer in class org/apache/hadoop/hdfs/server/namenode/FsImageProto$INodeSection$INodeSymlink$Builder
2024-11-12 13:42:23,754 INFO  EvoClassLoader - Keeping class: org.apache.hadoop.hdfs.server.namenode.FsImageProto$INodeSection$INodeSymlink$Builder
2024-11-12 13:42:23,755 INFO  EvoClassLoader - Seeing class for first time: org.apache.hadoop.hdfs.server.namenode.FsImageProto$SecretManagerSection$DelegationKey$Builder
2024-11-12 13:42:23,755 INFO  EvoClassLoader - Instrumenting class 'org.apache.hadoop.hdfs.server.namenode.FsImageProto$SecretManagerSection$DelegationKey$Builder'.
2024-11-12 13:42:23,755 INFO  MethodCallReplacementClassAdapter - Adding mock interface to class org/apache/hadoop/hdfs/server/namenode/FsImageProto$SecretManagerSection$DelegationKey$Builder
2024-11-12 13:42:23,759 INFO  CreateClassResetClassAdapter - Creating brand-new static initializer in class org/apache/hadoop/hdfs/server/namenode/FsImageProto$SecretManagerSection$DelegationKey$Builder
2024-11-12 13:42:23,759 INFO  EvoClassLoader - Keeping class: org.apache.hadoop.hdfs.server.namenode.FsImageProto$SecretManagerSection$DelegationKey$Builder
2024-11-12 13:42:23,760 INFO  EvoClassLoader - Seeing class for first time: org.apache.hadoop.thirdparty.protobuf.ByteString$CodedBuilder
2024-11-12 13:42:23,760 INFO  EvoClassLoader - Instrumenting class 'org.apache.hadoop.thirdparty.protobuf.ByteString$CodedBuilder'.
2024-11-12 13:42:23,761 INFO  MethodCallReplacementClassAdapter - Adding mock interface to class org/apache/hadoop/thirdparty/protobuf/ByteString$CodedBuilder
2024-11-12 13:42:23,761 INFO  CreateClassResetClassAdapter - Creating brand-new static initializer in class org/apache/hadoop/thirdparty/protobuf/ByteString$CodedBuilder
2024-11-12 13:42:23,761 INFO  EvoClassLoader - Keeping class: org.apache.hadoop.thirdparty.protobuf.ByteString$CodedBuilder
2024-11-12 13:42:23,761 INFO  EvoClassLoader - Seeing class for first time: org.eclipse.jetty.io.MappedByteBufferPool
2024-11-12 13:42:23,761 INFO  EvoClassLoader - Instrumenting class 'org.eclipse.jetty.io.MappedByteBufferPool'.
2024-11-12 13:42:23,762 INFO  MethodCallReplacementClassAdapter - Adding mock interface to class org/eclipse/jetty/io/MappedByteBufferPool
2024-11-12 13:42:23,764 INFO  CreateClassResetClassAdapter - Found static initializer in class org/eclipse/jetty/io/MappedByteBufferPool
2024-11-12 13:42:23,765 INFO  EvoClassLoader - Keeping class: org.eclipse.jetty.io.MappedByteBufferPool
2024-11-12 13:42:23,765 INFO  EvoClassLoader - Seeing class for first time: org.eclipse.jetty.io.NullByteBufferPool
2024-11-12 13:42:23,765 INFO  EvoClassLoader - Instrumenting class 'org.eclipse.jetty.io.NullByteBufferPool'.
2024-11-12 13:42:23,766 INFO  MethodCallReplacementClassAdapter - Adding mock interface to class org/eclipse/jetty/io/NullByteBufferPool
2024-11-12 13:42:23,766 INFO  CreateClassResetClassAdapter - Creating brand-new static initializer in class org/eclipse/jetty/io/NullByteBufferPool
2024-11-12 13:42:23,766 INFO  EvoClassLoader - Keeping class: org.eclipse.jetty.io.NullByteBufferPool
2024-11-12 13:42:23,767 INFO  EvoClassLoader - Seeing class for first time: org.apache.hadoop.hdfs.server.namenode.FsImageProto$INodeReferenceSection$INodeReference$Builder
2024-11-12 13:42:23,767 INFO  EvoClassLoader - Instrumenting class 'org.apache.hadoop.hdfs.server.namenode.FsImageProto$INodeReferenceSection$INodeReference$Builder'.
2024-11-12 13:42:23,767 INFO  MethodCallReplacementClassAdapter - Adding mock interface to class org/apache/hadoop/hdfs/server/namenode/FsImageProto$INodeReferenceSection$INodeReference$Builder
2024-11-12 13:42:23,769 INFO  CreateClassResetClassAdapter - Creating brand-new static initializer in class org/apache/hadoop/hdfs/server/namenode/FsImageProto$INodeReferenceSection$INodeReference$Builder
2024-11-12 13:42:23,770 INFO  EvoClassLoader - Keeping class: org.apache.hadoop.hdfs.server.namenode.FsImageProto$INodeReferenceSection$INodeReference$Builder
2024-11-12 13:42:23,770 INFO  EvoClassLoader - Seeing class for first time: org.apache.hadoop.hdfs.protocol.proto.HdfsProtos$RouterFederatedStateProto
2024-11-12 13:42:23,770 INFO  EvoClassLoader - Instrumenting class 'org.apache.hadoop.hdfs.protocol.proto.HdfsProtos$RouterFederatedStateProto'.
2024-11-12 13:42:23,771 INFO  MethodCallReplacementClassAdapter - Adding mock interface to class org/apache/hadoop/hdfs/protocol/proto/HdfsProtos$RouterFederatedStateProto
2024-11-12 13:42:23,774 INFO  CreateClassResetClassAdapter - Found static initializer in class org/apache/hadoop/hdfs/protocol/proto/HdfsProtos$RouterFederatedStateProto
2024-11-12 13:42:23,775 INFO  EvoClassLoader - Keeping class: org.apache.hadoop.hdfs.protocol.proto.HdfsProtos$RouterFederatedStateProto
2024-11-12 13:42:23,775 INFO  EvoClassLoader - Seeing class for first time: org.apache.hadoop.hdfs.protocol.proto.HdfsProtos$RouterFederatedStateProto$1
2024-11-12 13:42:23,775 INFO  EvoClassLoader - Instrumenting class 'org.apache.hadoop.hdfs.protocol.proto.HdfsProtos$RouterFederatedStateProto$1'.
2024-11-12 13:42:23,776 INFO  MethodCallReplacementClassAdapter - Adding mock interface to class org/apache/hadoop/hdfs/protocol/proto/HdfsProtos$RouterFederatedStateProto$1
2024-11-12 13:42:23,776 INFO  EvoClassLoader - Keeping class: org.apache.hadoop.hdfs.protocol.proto.HdfsProtos$RouterFederatedStateProto$1
2024-11-12 13:42:23,777 INFO  EvoClassLoader - Seeing class for first time: org.apache.hadoop.hdfs.server.namenode.FsImageProto$INodeDirectorySection
2024-11-12 13:42:23,777 INFO  EvoClassLoader - Instrumenting class 'org.apache.hadoop.hdfs.server.namenode.FsImageProto$INodeDirectorySection'.
2024-11-12 13:42:23,777 INFO  MethodCallReplacementClassAdapter - Adding mock interface to class org/apache/hadoop/hdfs/server/namenode/FsImageProto$INodeDirectorySection
2024-11-12 13:42:23,777 INFO  CreateClassResetClassAdapter - Found static initializer in class org/apache/hadoop/hdfs/server/namenode/FsImageProto$INodeDirectorySection
2024-11-12 13:42:23,778 INFO  EvoClassLoader - Seeing class for first time: org.apache.hadoop.hdfs.server.namenode.FsImageProto$INodeDirectorySectionOrBuilder
2024-11-12 13:42:23,778 INFO  EvoClassLoader - Instrumenting class 'org.apache.hadoop.hdfs.server.namenode.FsImageProto$INodeDirectorySectionOrBuilder'.
2024-11-12 13:42:23,778 INFO  EvoClassLoader - Keeping class: org.apache.hadoop.hdfs.server.namenode.FsImageProto$INodeDirectorySectionOrBuilder
2024-11-12 13:42:23,778 INFO  EvoClassLoader - Keeping class: org.apache.hadoop.hdfs.server.namenode.FsImageProto$INodeDirectorySection
2024-11-12 13:42:23,779 INFO  EvoClassLoader - Seeing class for first time: org.apache.hadoop.thirdparty.protobuf.Method
2024-11-12 13:42:23,779 INFO  EvoClassLoader - Instrumenting class 'org.apache.hadoop.thirdparty.protobuf.Method'.
2024-11-12 13:42:23,779 INFO  MethodCallReplacementClassAdapter - Adding mock interface to class org/apache/hadoop/thirdparty/protobuf/Method
2024-11-12 13:42:23,780 INFO  CreateClassResetClassAdapter - Found static initializer in class org/apache/hadoop/thirdparty/protobuf/Method
2024-11-12 13:42:23,781 INFO  EvoClassLoader - Keeping class: org.apache.hadoop.thirdparty.protobuf.Method
2024-11-12 13:42:23,781 INFO  EvoClassLoader - Seeing class for first time: org.apache.hadoop.thirdparty.protobuf.DescriptorProtos$OneofOptions
2024-11-12 13:42:23,781 INFO  EvoClassLoader - Instrumenting class 'org.apache.hadoop.thirdparty.protobuf.DescriptorProtos$OneofOptions'.
2024-11-12 13:42:23,782 INFO  MethodCallReplacementClassAdapter - Adding mock interface to class org/apache/hadoop/thirdparty/protobuf/DescriptorProtos$OneofOptions
2024-11-12 13:42:23,782 INFO  CreateClassResetClassAdapter - Found static initializer in class org/apache/hadoop/thirdparty/protobuf/DescriptorProtos$OneofOptions
2024-11-12 13:42:23,783 INFO  EvoClassLoader - Keeping class: org.apache.hadoop.thirdparty.protobuf.DescriptorProtos$OneofOptions
2024-11-12 13:42:23,784 INFO  EvoClassLoader - Seeing class for first time: org.apache.hadoop.thirdparty.protobuf.DescriptorProtos$OneofOptions$1
2024-11-12 13:42:23,784 INFO  EvoClassLoader - Instrumenting class 'org.apache.hadoop.thirdparty.protobuf.DescriptorProtos$OneofOptions$1'.
2024-11-12 13:42:23,784 INFO  MethodCallReplacementClassAdapter - Adding mock interface to class org/apache/hadoop/thirdparty/protobuf/DescriptorProtos$OneofOptions$1
2024-11-12 13:42:23,785 INFO  EvoClassLoader - Keeping class: org.apache.hadoop.thirdparty.protobuf.DescriptorProtos$OneofOptions$1
2024-11-12 13:42:23,785 INFO  EvoClassLoader - Seeing class for first time: org.apache.hadoop.hdfs.server.namenode.FsImageProto$CacheManagerSection$Builder
2024-11-12 13:42:23,785 INFO  EvoClassLoader - Instrumenting class 'org.apache.hadoop.hdfs.server.namenode.FsImageProto$CacheManagerSection$Builder'.
2024-11-12 13:42:23,786 INFO  MethodCallReplacementClassAdapter - Adding mock interface to class org/apache/hadoop/hdfs/server/namenode/FsImageProto$CacheManagerSection$Builder
2024-11-12 13:42:23,788 INFO  CreateClassResetClassAdapter - Creating brand-new static initializer in class org/apache/hadoop/hdfs/server/namenode/FsImageProto$CacheManagerSection$Builder
2024-11-12 13:42:23,788 INFO  EvoClassLoader - Keeping class: org.apache.hadoop.hdfs.server.namenode.FsImageProto$CacheManagerSection$Builder
2024-11-12 13:42:23,789 INFO  EvoClassLoader - Seeing class for first time: org.apache.hadoop.thirdparty.protobuf.GeneratedMessageV3$ExtensionDescriptorRetriever
2024-11-12 13:42:23,789 INFO  EvoClassLoader - Instrumenting class 'org.apache.hadoop.thirdparty.protobuf.GeneratedMessageV3$ExtensionDescriptorRetriever'.
2024-11-12 13:42:23,789 INFO  EvoClassLoader - Keeping class: org.apache.hadoop.thirdparty.protobuf.GeneratedMessageV3$ExtensionDescriptorRetriever
2024-11-12 13:42:23,790 INFO  EvoClassLoader - Seeing class for first time: org.apache.hadoop.thirdparty.protobuf.GeneratedMessageV3$FieldAccessorTable$SingularFieldAccessor$ReflectionInvoker
2024-11-12 13:42:23,790 INFO  EvoClassLoader - Instrumenting class 'org.apache.hadoop.thirdparty.protobuf.GeneratedMessageV3$FieldAccessorTable$SingularFieldAccessor$ReflectionInvoker'.
2024-11-12 13:42:23,790 INFO  MethodCallReplacementClassAdapter - Adding mock interface to class org/apache/hadoop/thirdparty/protobuf/GeneratedMessageV3$FieldAccessorTable$SingularFieldAccessor$ReflectionInvoker
2024-11-12 13:42:23,790 INFO  CreateClassResetClassAdapter - Creating brand-new static initializer in class org/apache/hadoop/thirdparty/protobuf/GeneratedMessageV3$FieldAccessorTable$SingularFieldAccessor$ReflectionInvoker
2024-11-12 13:42:23,791 INFO  EvoClassLoader - Keeping class: org.apache.hadoop.thirdparty.protobuf.GeneratedMessageV3$FieldAccessorTable$SingularFieldAccessor$ReflectionInvoker
2024-11-12 13:42:23,791 INFO  EvoClassLoader - Seeing class for first time: org.apache.hadoop.thirdparty.protobuf.TextFormatEscaper$1
2024-11-12 13:42:23,791 INFO  EvoClassLoader - Instrumenting class 'org.apache.hadoop.thirdparty.protobuf.TextFormatEscaper$1'.
2024-11-12 13:42:23,791 INFO  MethodCallReplacementClassAdapter - Adding mock interface to class org/apache/hadoop/thirdparty/protobuf/TextFormatEscaper$1
2024-11-12 13:42:23,792 INFO  EvoClassLoader - Keeping class: org.apache.hadoop.thirdparty.protobuf.TextFormatEscaper$1
2024-11-12 13:42:23,792 INFO  EvoClassLoader - Seeing class for first time: org.apache.hadoop.hdfs.protocol.proto.HdfsProtos$BlockTokenSecretProto
2024-11-12 13:42:23,792 INFO  EvoClassLoader - Instrumenting class 'org.apache.hadoop.hdfs.protocol.proto.HdfsProtos$BlockTokenSecretProto'.
2024-11-12 13:42:23,793 INFO  MethodCallReplacementClassAdapter - Adding mock interface to class org/apache/hadoop/hdfs/protocol/proto/HdfsProtos$BlockTokenSecretProto
2024-11-12 13:42:23,795 INFO  CreateClassResetClassAdapter - Found static initializer in class org/apache/hadoop/hdfs/protocol/proto/HdfsProtos$BlockTokenSecretProto
2024-11-12 13:42:23,796 INFO  EvoClassLoader - Seeing class for first time: org.apache.hadoop.hdfs.protocol.proto.HdfsProtos$BlockTokenSecretProtoOrBuilder
2024-11-12 13:42:23,796 INFO  EvoClassLoader - Instrumenting class 'org.apache.hadoop.hdfs.protocol.proto.HdfsProtos$BlockTokenSecretProtoOrBuilder'.
2024-11-12 13:42:23,797 INFO  EvoClassLoader - Keeping class: org.apache.hadoop.hdfs.protocol.proto.HdfsProtos$BlockTokenSecretProtoOrBuilder
2024-11-12 13:42:23,797 INFO  EvoClassLoader - Keeping class: org.apache.hadoop.hdfs.protocol.proto.HdfsProtos$BlockTokenSecretProto
2024-11-12 13:42:23,798 INFO  EvoClassLoader - Seeing class for first time: org.apache.hadoop.hdfs.protocol.proto.HdfsProtos$BlockTokenSecretProto$1
2024-11-12 13:42:23,798 INFO  EvoClassLoader - Instrumenting class 'org.apache.hadoop.hdfs.protocol.proto.HdfsProtos$BlockTokenSecretProto$1'.
2024-11-12 13:42:23,798 INFO  MethodCallReplacementClassAdapter - Adding mock interface to class org/apache/hadoop/hdfs/protocol/proto/HdfsProtos$BlockTokenSecretProto$1
2024-11-12 13:42:23,799 INFO  EvoClassLoader - Keeping class: org.apache.hadoop.hdfs.protocol.proto.HdfsProtos$BlockTokenSecretProto$1
2024-11-12 13:42:23,799 INFO  EvoClassLoader - Seeing class for first time: org.apache.hadoop.hdfs.protocol.proto.HdfsProtos$BlockTokenSecretProto$2
2024-11-12 13:42:23,799 INFO  EvoClassLoader - Instrumenting class 'org.apache.hadoop.hdfs.protocol.proto.HdfsProtos$BlockTokenSecretProto$2'.
2024-11-12 13:42:23,799 INFO  MethodCallReplacementClassAdapter - Adding mock interface to class org/apache/hadoop/hdfs/protocol/proto/HdfsProtos$BlockTokenSecretProto$2
2024-11-12 13:42:23,799 INFO  EvoClassLoader - Keeping class: org.apache.hadoop.hdfs.protocol.proto.HdfsProtos$BlockTokenSecretProto$2
2024-11-12 13:42:23,799 INFO  EvoClassLoader - Seeing class for first time: org.apache.hadoop.hdfs.protocol.proto.HdfsProtos$BlockTokenSecretProto$3
2024-11-12 13:42:23,799 INFO  EvoClassLoader - Instrumenting class 'org.apache.hadoop.hdfs.protocol.proto.HdfsProtos$BlockTokenSecretProto$3'.
2024-11-12 13:42:23,800 INFO  MethodCallReplacementClassAdapter - Adding mock interface to class org/apache/hadoop/hdfs/protocol/proto/HdfsProtos$BlockTokenSecretProto$3
2024-11-12 13:42:23,800 INFO  EvoClassLoader - Keeping class: org.apache.hadoop.hdfs.protocol.proto.HdfsProtos$BlockTokenSecretProto$3
2024-11-12 13:42:23,800 INFO  EvoClassLoader - Seeing class for first time: org.apache.hadoop.hdfs.server.namenode.FsImageProto$SecretManagerSection
2024-11-12 13:42:23,800 INFO  EvoClassLoader - Instrumenting class 'org.apache.hadoop.hdfs.server.namenode.FsImageProto$SecretManagerSection'.
2024-11-12 13:42:23,801 INFO  MethodCallReplacementClassAdapter - Adding mock interface to class org/apache/hadoop/hdfs/server/namenode/FsImageProto$SecretManagerSection
2024-11-12 13:42:23,801 INFO  CreateClassResetClassAdapter - Found static initializer in class org/apache/hadoop/hdfs/server/namenode/FsImageProto$SecretManagerSection
2024-11-12 13:42:23,802 INFO  EvoClassLoader - Keeping class: org.apache.hadoop.hdfs.server.namenode.FsImageProto$SecretManagerSection
2024-11-12 13:42:23,802 INFO  EvoClassLoader - Seeing class for first time: org.apache.hadoop.hdfs.server.namenode.FsImageProto$SecretManagerSection$1
2024-11-12 13:42:23,802 INFO  EvoClassLoader - Instrumenting class 'org.apache.hadoop.hdfs.server.namenode.FsImageProto$SecretManagerSection$1'.
2024-11-12 13:42:23,803 INFO  MethodCallReplacementClassAdapter - Adding mock interface to class org/apache/hadoop/hdfs/server/namenode/FsImageProto$SecretManagerSection$1
2024-11-12 13:42:23,803 INFO  EvoClassLoader - Keeping class: org.apache.hadoop.hdfs.server.namenode.FsImageProto$SecretManagerSection$1
2024-11-12 13:42:23,803 INFO  EvoClassLoader - Seeing class for first time: org.apache.hadoop.thirdparty.protobuf.Descriptors$FileDescriptor$Syntax
2024-11-12 13:42:23,803 INFO  EvoClassLoader - Instrumenting class 'org.apache.hadoop.thirdparty.protobuf.Descriptors$FileDescriptor$Syntax'.
2024-11-12 13:42:23,804 INFO  MethodCallReplacementClassAdapter - Adding mock interface to class org/apache/hadoop/thirdparty/protobuf/Descriptors$FileDescriptor$Syntax
2024-11-12 13:42:23,804 INFO  CreateClassResetClassAdapter - Found static initializer in class org/apache/hadoop/thirdparty/protobuf/Descriptors$FileDescriptor$Syntax
2024-11-12 13:42:23,804 INFO  EvoClassLoader - Keeping class: org.apache.hadoop.thirdparty.protobuf.Descriptors$FileDescriptor$Syntax
2024-11-12 13:42:23,805 INFO  EvoClassLoader - Seeing class for first time: org.apache.hadoop.hdfs.server.namenode.FsImageProto$SnapshotSection$Snapshot$Builder
2024-11-12 13:42:23,805 INFO  EvoClassLoader - Instrumenting class 'org.apache.hadoop.hdfs.server.namenode.FsImageProto$SnapshotSection$Snapshot$Builder'.
2024-11-12 13:42:23,805 INFO  MethodCallReplacementClassAdapter - Adding mock interface to class org/apache/hadoop/hdfs/server/namenode/FsImageProto$SnapshotSection$Snapshot$Builder
2024-11-12 13:42:23,806 INFO  CreateClassResetClassAdapter - Creating brand-new static initializer in class org/apache/hadoop/hdfs/server/namenode/FsImageProto$SnapshotSection$Snapshot$Builder
2024-11-12 13:42:23,807 INFO  EvoClassLoader - Keeping class: org.apache.hadoop.hdfs.server.namenode.FsImageProto$SnapshotSection$Snapshot$Builder
2024-11-12 13:42:23,808 INFO  EvoClassLoader - Seeing class for first time: org.apache.hadoop.thirdparty.protobuf.DescriptorProtos$DescriptorProto$ExtensionRange$Builder
2024-11-12 13:42:23,808 INFO  EvoClassLoader - Instrumenting class 'org.apache.hadoop.thirdparty.protobuf.DescriptorProtos$DescriptorProto$ExtensionRange$Builder'.
2024-11-12 13:42:23,808 INFO  MethodCallReplacementClassAdapter - Adding mock interface to class org/apache/hadoop/thirdparty/protobuf/DescriptorProtos$DescriptorProto$ExtensionRange$Builder
2024-11-12 13:42:23,809 INFO  CreateClassResetClassAdapter - Creating brand-new static initializer in class org/apache/hadoop/thirdparty/protobuf/DescriptorProtos$DescriptorProto$ExtensionRange$Builder
2024-11-12 13:42:23,809 INFO  EvoClassLoader - Keeping class: org.apache.hadoop.thirdparty.protobuf.DescriptorProtos$DescriptorProto$ExtensionRange$Builder
2024-11-12 13:42:23,810 INFO  EvoClassLoader - Seeing class for first time: org.apache.hadoop.hdfs.server.namenode.FsImageProto$SnapshotSection$1
2024-11-12 13:42:23,810 INFO  EvoClassLoader - Instrumenting class 'org.apache.hadoop.hdfs.server.namenode.FsImageProto$SnapshotSection$1'.
2024-11-12 13:42:23,810 INFO  MethodCallReplacementClassAdapter - Adding mock interface to class org/apache/hadoop/hdfs/server/namenode/FsImageProto$SnapshotSection$1
2024-11-12 13:42:23,810 INFO  EvoClassLoader - Keeping class: org.apache.hadoop.hdfs.server.namenode.FsImageProto$SnapshotSection$1
2024-11-12 13:42:23,810 INFO  EvoClassLoader - Seeing class for first time: com.google.common.base.Preconditions
2024-11-12 13:42:23,810 INFO  EvoClassLoader - Instrumenting class 'com.google.common.base.Preconditions'.
2024-11-12 13:42:23,811 INFO  MethodCallReplacementClassAdapter - Adding mock interface to class com/google/common/base/Preconditions
2024-11-12 13:42:23,815 INFO  CreateClassResetClassAdapter - Creating brand-new static initializer in class com/google/common/base/Preconditions
2024-11-12 13:42:23,815 INFO  EvoClassLoader - Keeping class: com.google.common.base.Preconditions
2024-11-12 13:42:23,816 INFO  EvoClassLoader - Seeing class for first time: org.apache.hadoop.thirdparty.protobuf.TextFormat$Printer
2024-11-12 13:42:23,816 INFO  EvoClassLoader - Instrumenting class 'org.apache.hadoop.thirdparty.protobuf.TextFormat$Printer'.
2024-11-12 13:42:23,816 INFO  MethodCallReplacementClassAdapter - Adding mock interface to class org/apache/hadoop/thirdparty/protobuf/TextFormat$Printer
2024-11-12 13:42:23,842 INFO  CreateClassResetClassAdapter - Found static initializer in class org/apache/hadoop/thirdparty/protobuf/TextFormat$Printer
2024-11-12 13:42:23,842 INFO  EvoClassLoader - Keeping class: org.apache.hadoop.thirdparty.protobuf.TextFormat$Printer
2024-11-12 13:42:23,845 INFO  EvoClassLoader - Seeing class for first time: org.apache.hadoop.hdfs.server.namenode.FsImageProto$INodeSection$INodeFile$Builder
2024-11-12 13:42:23,845 INFO  EvoClassLoader - Instrumenting class 'org.apache.hadoop.hdfs.server.namenode.FsImageProto$INodeSection$INodeFile$Builder'.
2024-11-12 13:42:23,846 INFO  MethodCallReplacementClassAdapter - Adding mock interface to class org/apache/hadoop/hdfs/server/namenode/FsImageProto$INodeSection$INodeFile$Builder
2024-11-12 13:42:23,848 INFO  CreateClassResetClassAdapter - Creating brand-new static initializer in class org/apache/hadoop/hdfs/server/namenode/FsImageProto$INodeSection$INodeFile$Builder
2024-11-12 13:42:23,849 INFO  EvoClassLoader - Keeping class: org.apache.hadoop.hdfs.server.namenode.FsImageProto$INodeSection$INodeFile$Builder
2024-11-12 13:42:23,851 INFO  EvoClassLoader - Seeing class for first time: org.apache.hadoop.hdfs.protocol.proto.HdfsProtos$DatanodeStorageProto
2024-11-12 13:42:23,851 INFO  EvoClassLoader - Instrumenting class 'org.apache.hadoop.hdfs.protocol.proto.HdfsProtos$DatanodeStorageProto'.
2024-11-12 13:42:23,852 INFO  MethodCallReplacementClassAdapter - Adding mock interface to class org/apache/hadoop/hdfs/protocol/proto/HdfsProtos$DatanodeStorageProto
2024-11-12 13:42:23,853 INFO  CreateClassResetClassAdapter - Found static initializer in class org/apache/hadoop/hdfs/protocol/proto/HdfsProtos$DatanodeStorageProto
2024-11-12 13:42:23,853 INFO  EvoClassLoader - Keeping class: org.apache.hadoop.hdfs.protocol.proto.HdfsProtos$DatanodeStorageProto
2024-11-12 13:42:23,854 INFO  EvoClassLoader - Seeing class for first time: org.apache.hadoop.hdfs.protocol.proto.HdfsProtos$DatanodeStorageProto$1
2024-11-12 13:42:23,854 INFO  EvoClassLoader - Instrumenting class 'org.apache.hadoop.hdfs.protocol.proto.HdfsProtos$DatanodeStorageProto$1'.
2024-11-12 13:42:23,854 INFO  MethodCallReplacementClassAdapter - Adding mock interface to class org/apache/hadoop/hdfs/protocol/proto/HdfsProtos$DatanodeStorageProto$1
2024-11-12 13:42:23,855 INFO  EvoClassLoader - Keeping class: org.apache.hadoop.hdfs.protocol.proto.HdfsProtos$DatanodeStorageProto$1
2024-11-12 13:42:23,855 INFO  EvoClassLoader - Seeing class for first time: org.apache.hadoop.hdfs.protocol.proto.HdfsProtos$QuotaUsageProto
2024-11-12 13:42:23,855 INFO  EvoClassLoader - Instrumenting class 'org.apache.hadoop.hdfs.protocol.proto.HdfsProtos$QuotaUsageProto'.
2024-11-12 13:42:23,856 INFO  MethodCallReplacementClassAdapter - Adding mock interface to class org/apache/hadoop/hdfs/protocol/proto/HdfsProtos$QuotaUsageProto
2024-11-12 13:42:23,856 INFO  CreateClassResetClassAdapter - Found static initializer in class org/apache/hadoop/hdfs/protocol/proto/HdfsProtos$QuotaUsageProto
2024-11-12 13:42:23,857 INFO  EvoClassLoader - Keeping class: org.apache.hadoop.hdfs.protocol.proto.HdfsProtos$QuotaUsageProto
2024-11-12 13:42:23,857 INFO  EvoClassLoader - Seeing class for first time: org.apache.hadoop.hdfs.protocol.proto.HdfsProtos$QuotaUsageProto$1
2024-11-12 13:42:23,857 INFO  EvoClassLoader - Instrumenting class 'org.apache.hadoop.hdfs.protocol.proto.HdfsProtos$QuotaUsageProto$1'.
2024-11-12 13:42:23,858 INFO  MethodCallReplacementClassAdapter - Adding mock interface to class org/apache/hadoop/hdfs/protocol/proto/HdfsProtos$QuotaUsageProto$1
2024-11-12 13:42:23,858 INFO  EvoClassLoader - Keeping class: org.apache.hadoop.hdfs.protocol.proto.HdfsProtos$QuotaUsageProto$1
2024-11-12 13:42:23,859 INFO  EvoClassLoader - Seeing class for first time: org.apache.hadoop.hdfs.protocol.proto.HdfsProtos$DataEncryptionKeyProto
2024-11-12 13:42:23,859 INFO  EvoClassLoader - Instrumenting class 'org.apache.hadoop.hdfs.protocol.proto.HdfsProtos$DataEncryptionKeyProto'.
2024-11-12 13:42:23,859 INFO  MethodCallReplacementClassAdapter - Adding mock interface to class org/apache/hadoop/hdfs/protocol/proto/HdfsProtos$DataEncryptionKeyProto
2024-11-12 13:42:23,860 INFO  CreateClassResetClassAdapter - Found static initializer in class org/apache/hadoop/hdfs/protocol/proto/HdfsProtos$DataEncryptionKeyProto
2024-11-12 13:42:23,861 INFO  EvoClassLoader - Keeping class: org.apache.hadoop.hdfs.protocol.proto.HdfsProtos$DataEncryptionKeyProto
2024-11-12 13:42:23,861 INFO  EvoClassLoader - Seeing class for first time: org.apache.hadoop.hdfs.protocol.proto.HdfsProtos$DataEncryptionKeyProto$1
2024-11-12 13:42:23,861 INFO  EvoClassLoader - Instrumenting class 'org.apache.hadoop.hdfs.protocol.proto.HdfsProtos$DataEncryptionKeyProto$1'.
2024-11-12 13:42:23,862 INFO  MethodCallReplacementClassAdapter - Adding mock interface to class org/apache/hadoop/hdfs/protocol/proto/HdfsProtos$DataEncryptionKeyProto$1
2024-11-12 13:42:23,862 INFO  EvoClassLoader - Keeping class: org.apache.hadoop.hdfs.protocol.proto.HdfsProtos$DataEncryptionKeyProto$1
2024-11-12 13:42:23,862 INFO  EvoClassLoader - Seeing class for first time: org.apache.hadoop.thirdparty.protobuf.MessageReflection
2024-11-12 13:42:23,862 INFO  EvoClassLoader - Instrumenting class 'org.apache.hadoop.thirdparty.protobuf.MessageReflection'.
2024-11-12 13:42:23,863 INFO  MethodCallReplacementClassAdapter - Adding mock interface to class org/apache/hadoop/thirdparty/protobuf/MessageReflection
2024-11-12 13:42:23,866 INFO  CreateClassResetClassAdapter - Creating brand-new static initializer in class org/apache/hadoop/thirdparty/protobuf/MessageReflection
2024-11-12 13:42:23,867 INFO  EvoClassLoader - Keeping class: org.apache.hadoop.thirdparty.protobuf.MessageReflection
2024-11-12 13:42:23,867 INFO  EvoClassLoader - Seeing class for first time: org.eclipse.jetty.io.ByteBufferPool$Bucket
2024-11-12 13:42:23,867 INFO  EvoClassLoader - Instrumenting class 'org.eclipse.jetty.io.ByteBufferPool$Bucket'.
2024-11-12 13:42:23,868 INFO  MethodCallReplacementClassAdapter - Adding mock interface to class org/eclipse/jetty/io/ByteBufferPool$Bucket
2024-11-12 13:42:23,868 INFO  CreateClassResetClassAdapter - Creating brand-new static initializer in class org/eclipse/jetty/io/ByteBufferPool$Bucket
2024-11-12 13:42:23,868 INFO  EvoClassLoader - Keeping class: org.eclipse.jetty.io.ByteBufferPool$Bucket
2024-11-12 13:42:23,868 INFO  EvoClassLoader - Seeing class for first time: org.apache.hadoop.hdfs.server.namenode.FsImageProto$SnapshotDiffSection$DiffEntry$1
2024-11-12 13:42:23,868 INFO  EvoClassLoader - Instrumenting class 'org.apache.hadoop.hdfs.server.namenode.FsImageProto$SnapshotDiffSection$DiffEntry$1'.
2024-11-12 13:42:23,868 INFO  MethodCallReplacementClassAdapter - Adding mock interface to class org/apache/hadoop/hdfs/server/namenode/FsImageProto$SnapshotDiffSection$DiffEntry$1
2024-11-12 13:42:23,869 INFO  EvoClassLoader - Keeping class: org.apache.hadoop.hdfs.server.namenode.FsImageProto$SnapshotDiffSection$DiffEntry$1
2024-11-12 13:42:23,869 INFO  EvoClassLoader - Seeing class for first time: org.eclipse.jetty.util.component.Container
2024-11-12 13:42:23,869 INFO  EvoClassLoader - Instrumenting class 'org.eclipse.jetty.util.component.Container'.
2024-11-12 13:42:23,869 INFO  EvoClassLoader - Keeping class: org.eclipse.jetty.util.component.Container
2024-11-12 13:42:23,869 INFO  EvoClassLoader - Seeing class for first time: org.apache.hadoop.thirdparty.protobuf.UnknownFieldSet$Builder
2024-11-12 13:42:23,869 INFO  EvoClassLoader - Instrumenting class 'org.apache.hadoop.thirdparty.protobuf.UnknownFieldSet$Builder'.
2024-11-12 13:42:23,869 INFO  MethodCallReplacementClassAdapter - Adding mock interface to class org/apache/hadoop/thirdparty/protobuf/UnknownFieldSet$Builder
2024-11-12 13:42:23,870 INFO  CreateClassResetClassAdapter - Creating brand-new static initializer in class org/apache/hadoop/thirdparty/protobuf/UnknownFieldSet$Builder
2024-11-12 13:42:23,871 INFO  EvoClassLoader - Keeping class: org.apache.hadoop.thirdparty.protobuf.UnknownFieldSet$Builder
2024-11-12 13:42:23,871 INFO  EvoClassLoader - Seeing class for first time: org.apache.hadoop.thirdparty.protobuf.GeneratedMessageV3$FieldAccessorTable$SingularEnumFieldAccessor
2024-11-12 13:42:23,871 INFO  EvoClassLoader - Instrumenting class 'org.apache.hadoop.thirdparty.protobuf.GeneratedMessageV3$FieldAccessorTable$SingularEnumFieldAccessor'.
2024-11-12 13:42:23,871 INFO  MethodCallReplacementClassAdapter - Adding mock interface to class org/apache/hadoop/thirdparty/protobuf/GeneratedMessageV3$FieldAccessorTable$SingularEnumFieldAccessor
2024-11-12 13:42:23,871 INFO  CreateClassResetClassAdapter - Creating brand-new static initializer in class org/apache/hadoop/thirdparty/protobuf/GeneratedMessageV3$FieldAccessorTable$SingularEnumFieldAccessor
2024-11-12 13:42:23,871 INFO  EvoClassLoader - Keeping class: org.apache.hadoop.thirdparty.protobuf.GeneratedMessageV3$FieldAccessorTable$SingularEnumFieldAccessor
2024-11-12 13:42:23,872 INFO  EvoClassLoader - Seeing class for first time: org.apache.hadoop.hdfs.protocol.proto.HdfsProtos$DatanodeLocalInfoProto
2024-11-12 13:42:23,872 INFO  EvoClassLoader - Instrumenting class 'org.apache.hadoop.hdfs.protocol.proto.HdfsProtos$DatanodeLocalInfoProto'.
2024-11-12 13:42:23,872 INFO  MethodCallReplacementClassAdapter - Adding mock interface to class org/apache/hadoop/hdfs/protocol/proto/HdfsProtos$DatanodeLocalInfoProto
2024-11-12 13:42:23,872 INFO  CreateClassResetClassAdapter - Found static initializer in class org/apache/hadoop/hdfs/protocol/proto/HdfsProtos$DatanodeLocalInfoProto
2024-11-12 13:42:23,873 INFO  EvoClassLoader - Keeping class: org.apache.hadoop.hdfs.protocol.proto.HdfsProtos$DatanodeLocalInfoProto
2024-11-12 13:42:23,873 INFO  EvoClassLoader - Seeing class for first time: org.apache.hadoop.hdfs.protocol.proto.HdfsProtos$DatanodeLocalInfoProto$1
2024-11-12 13:42:23,873 INFO  EvoClassLoader - Instrumenting class 'org.apache.hadoop.hdfs.protocol.proto.HdfsProtos$DatanodeLocalInfoProto$1'.
2024-11-12 13:42:23,873 INFO  MethodCallReplacementClassAdapter - Adding mock interface to class org/apache/hadoop/hdfs/protocol/proto/HdfsProtos$DatanodeLocalInfoProto$1
2024-11-12 13:42:23,873 INFO  EvoClassLoader - Keeping class: org.apache.hadoop.hdfs.protocol.proto.HdfsProtos$DatanodeLocalInfoProto$1
2024-11-12 13:42:23,873 INFO  EvoClassLoader - Seeing class for first time: org.apache.hadoop.hdfs.server.namenode.FsImageProto$FileSummary$SectionOrBuilder
2024-11-12 13:42:23,873 INFO  EvoClassLoader - Instrumenting class 'org.apache.hadoop.hdfs.server.namenode.FsImageProto$FileSummary$SectionOrBuilder'.
2024-11-12 13:42:23,874 INFO  EvoClassLoader - Keeping class: org.apache.hadoop.hdfs.server.namenode.FsImageProto$FileSummary$SectionOrBuilder
2024-11-12 13:42:23,874 INFO  EvoClassLoader - Seeing class for first time: org.apache.hadoop.hdfs.server.namenode.FsImageProto$SnapshotSection
2024-11-12 13:42:23,874 INFO  EvoClassLoader - Instrumenting class 'org.apache.hadoop.hdfs.server.namenode.FsImageProto$SnapshotSection'.
2024-11-12 13:42:23,874 INFO  MethodCallReplacementClassAdapter - Adding mock interface to class org/apache/hadoop/hdfs/server/namenode/FsImageProto$SnapshotSection
2024-11-12 13:42:23,874 INFO  CreateClassResetClassAdapter - Found static initializer in class org/apache/hadoop/hdfs/server/namenode/FsImageProto$SnapshotSection
2024-11-12 13:42:23,874 INFO  EvoClassLoader - Keeping class: org.apache.hadoop.hdfs.server.namenode.FsImageProto$SnapshotSection
2024-11-12 13:42:23,875 INFO  EvoClassLoader - Seeing class for first time: org.apache.hadoop.hdfs.server.namenode.FsImageProto$FileSummary$Section$Builder
2024-11-12 13:42:23,875 INFO  EvoClassLoader - Instrumenting class 'org.apache.hadoop.hdfs.server.namenode.FsImageProto$FileSummary$Section$Builder'.
2024-11-12 13:42:23,875 INFO  MethodCallReplacementClassAdapter - Adding mock interface to class org/apache/hadoop/hdfs/server/namenode/FsImageProto$FileSummary$Section$Builder
2024-11-12 13:42:23,876 INFO  CreateClassResetClassAdapter - Creating brand-new static initializer in class org/apache/hadoop/hdfs/server/namenode/FsImageProto$FileSummary$Section$Builder
2024-11-12 13:42:23,876 INFO  EvoClassLoader - Keeping class: org.apache.hadoop.hdfs.server.namenode.FsImageProto$FileSummary$Section$Builder
2024-11-12 13:42:23,876 INFO  EvoClassLoader - Seeing class for first time: org.apache.hadoop.hdfs.server.namenode.FsImageProto
2024-11-12 13:42:23,876 INFO  EvoClassLoader - Instrumenting class 'org.apache.hadoop.hdfs.server.namenode.FsImageProto'.
2024-11-12 13:42:23,877 INFO  MethodCallReplacementClassAdapter - Adding mock interface to class org/apache/hadoop/hdfs/server/namenode/FsImageProto
2024-11-12 13:42:23,877 INFO  CreateClassResetClassAdapter - Found static initializer in class org/apache/hadoop/hdfs/server/namenode/FsImageProto
2024-11-12 13:42:23,878 INFO  EvoClassLoader - Keeping class: org.apache.hadoop.hdfs.server.namenode.FsImageProto
2024-11-12 13:42:23,884 INFO  EvoClassLoader - Seeing class for first time: org.apache.hadoop.thirdparty.protobuf.GeneratedMessageV3$FieldAccessorTable$RepeatedMessageFieldAccessor
2024-11-12 13:42:23,884 INFO  EvoClassLoader - Instrumenting class 'org.apache.hadoop.thirdparty.protobuf.GeneratedMessageV3$FieldAccessorTable$RepeatedMessageFieldAccessor'.
2024-11-12 13:42:23,884 INFO  MethodCallReplacementClassAdapter - Adding mock interface to class org/apache/hadoop/thirdparty/protobuf/GeneratedMessageV3$FieldAccessorTable$RepeatedMessageFieldAccessor
2024-11-12 13:42:23,885 INFO  CreateClassResetClassAdapter - Creating brand-new static initializer in class org/apache/hadoop/thirdparty/protobuf/GeneratedMessageV3$FieldAccessorTable$RepeatedMessageFieldAccessor
2024-11-12 13:42:23,885 INFO  EvoClassLoader - Seeing class for first time: org.apache.hadoop.thirdparty.protobuf.GeneratedMessageV3$FieldAccessorTable$RepeatedFieldAccessor
2024-11-12 13:42:23,885 INFO  EvoClassLoader - Instrumenting class 'org.apache.hadoop.thirdparty.protobuf.GeneratedMessageV3$FieldAccessorTable$RepeatedFieldAccessor'.
2024-11-12 13:42:23,885 INFO  MethodCallReplacementClassAdapter - Adding mock interface to class org/apache/hadoop/thirdparty/protobuf/GeneratedMessageV3$FieldAccessorTable$RepeatedFieldAccessor
2024-11-12 13:42:23,885 INFO  CreateClassResetClassAdapter - Creating brand-new static initializer in class org/apache/hadoop/thirdparty/protobuf/GeneratedMessageV3$FieldAccessorTable$RepeatedFieldAccessor
2024-11-12 13:42:23,886 INFO  EvoClassLoader - Keeping class: org.apache.hadoop.thirdparty.protobuf.GeneratedMessageV3$FieldAccessorTable$RepeatedFieldAccessor
2024-11-12 13:42:23,886 INFO  EvoClassLoader - Keeping class: org.apache.hadoop.thirdparty.protobuf.GeneratedMessageV3$FieldAccessorTable$RepeatedMessageFieldAccessor
2024-11-12 13:42:23,886 INFO  EvoClassLoader - Seeing class for first time: org.apache.hadoop.hdfs.protocol.proto.HdfsProtos$SnapshotDiffReportEntryProto
2024-11-12 13:42:23,886 INFO  EvoClassLoader - Instrumenting class 'org.apache.hadoop.hdfs.protocol.proto.HdfsProtos$SnapshotDiffReportEntryProto'.
2024-11-12 13:42:23,886 INFO  MethodCallReplacementClassAdapter - Adding mock interface to class org/apache/hadoop/hdfs/protocol/proto/HdfsProtos$SnapshotDiffReportEntryProto
2024-11-12 13:42:23,887 INFO  CreateClassResetClassAdapter - Found static initializer in class org/apache/hadoop/hdfs/protocol/proto/HdfsProtos$SnapshotDiffReportEntryProto
2024-11-12 13:42:23,888 INFO  EvoClassLoader - Keeping class: org.apache.hadoop.hdfs.protocol.proto.HdfsProtos$SnapshotDiffReportEntryProto
2024-11-12 13:42:23,888 INFO  EvoClassLoader - Seeing class for first time: org.apache.hadoop.hdfs.protocol.proto.HdfsProtos$SnapshotDiffReportEntryProto$1
2024-11-12 13:42:23,888 INFO  EvoClassLoader - Instrumenting class 'org.apache.hadoop.hdfs.protocol.proto.HdfsProtos$SnapshotDiffReportEntryProto$1'.
2024-11-12 13:42:23,888 INFO  MethodCallReplacementClassAdapter - Adding mock interface to class org/apache/hadoop/hdfs/protocol/proto/HdfsProtos$SnapshotDiffReportEntryProto$1
2024-11-12 13:42:23,888 INFO  EvoClassLoader - Keeping class: org.apache.hadoop.hdfs.protocol.proto.HdfsProtos$SnapshotDiffReportEntryProto$1
2024-11-12 13:42:23,888 INFO  EvoClassLoader - Seeing class for first time: org.apache.hadoop.thirdparty.protobuf.StringValue
2024-11-12 13:42:23,888 INFO  EvoClassLoader - Instrumenting class 'org.apache.hadoop.thirdparty.protobuf.StringValue'.
2024-11-12 13:42:23,889 INFO  MethodCallReplacementClassAdapter - Adding mock interface to class org/apache/hadoop/thirdparty/protobuf/StringValue
2024-11-12 13:42:23,889 INFO  CreateClassResetClassAdapter - Found static initializer in class org/apache/hadoop/thirdparty/protobuf/StringValue
2024-11-12 13:42:23,889 INFO  EvoClassLoader - Keeping class: org.apache.hadoop.thirdparty.protobuf.StringValue
2024-11-12 13:42:23,890 INFO  EvoClassLoader - Seeing class for first time: org.apache.hadoop.thirdparty.protobuf.StringValue$1
2024-11-12 13:42:23,890 INFO  EvoClassLoader - Instrumenting class 'org.apache.hadoop.thirdparty.protobuf.StringValue$1'.
2024-11-12 13:42:23,890 INFO  MethodCallReplacementClassAdapter - Adding mock interface to class org/apache/hadoop/thirdparty/protobuf/StringValue$1
2024-11-12 13:42:23,890 INFO  EvoClassLoader - Keeping class: org.apache.hadoop.thirdparty.protobuf.StringValue$1
2024-11-12 13:42:23,890 INFO  EvoClassLoader - Seeing class for first time: org.apache.hadoop.hdfs.protocol.proto.HdfsProtos$SnapshotListingProto
2024-11-12 13:42:23,890 INFO  EvoClassLoader - Instrumenting class 'org.apache.hadoop.hdfs.protocol.proto.HdfsProtos$SnapshotListingProto'.
2024-11-12 13:42:23,891 INFO  MethodCallReplacementClassAdapter - Adding mock interface to class org/apache/hadoop/hdfs/protocol/proto/HdfsProtos$SnapshotListingProto
2024-11-12 13:42:23,891 INFO  CreateClassResetClassAdapter - Found static initializer in class org/apache/hadoop/hdfs/protocol/proto/HdfsProtos$SnapshotListingProto
2024-11-12 13:42:23,892 INFO  EvoClassLoader - Keeping class: org.apache.hadoop.hdfs.protocol.proto.HdfsProtos$SnapshotListingProto
2024-11-12 13:42:23,892 INFO  EvoClassLoader - Seeing class for first time: org.apache.hadoop.hdfs.protocol.proto.HdfsProtos$SnapshotListingProto$1
2024-11-12 13:42:23,893 INFO  EvoClassLoader - Instrumenting class 'org.apache.hadoop.hdfs.protocol.proto.HdfsProtos$SnapshotListingProto$1'.
2024-11-12 13:42:23,893 INFO  MethodCallReplacementClassAdapter - Adding mock interface to class org/apache/hadoop/hdfs/protocol/proto/HdfsProtos$SnapshotListingProto$1
2024-11-12 13:42:23,893 INFO  EvoClassLoader - Keeping class: org.apache.hadoop.hdfs.protocol.proto.HdfsProtos$SnapshotListingProto$1
2024-11-12 13:42:23,894 INFO  EvoClassLoader - Seeing class for first time: org.apache.hadoop.hdfs.server.namenode.FsImageProto$INodeSection$QuotaByStorageTypeEntryProto$Builder
2024-11-12 13:42:23,894 INFO  EvoClassLoader - Instrumenting class 'org.apache.hadoop.hdfs.server.namenode.FsImageProto$INodeSection$QuotaByStorageTypeEntryProto$Builder'.
2024-11-12 13:42:23,894 INFO  MethodCallReplacementClassAdapter - Adding mock interface to class org/apache/hadoop/hdfs/server/namenode/FsImageProto$INodeSection$QuotaByStorageTypeEntryProto$Builder
2024-11-12 13:42:23,895 INFO  CreateClassResetClassAdapter - Creating brand-new static initializer in class org/apache/hadoop/hdfs/server/namenode/FsImageProto$INodeSection$QuotaByStorageTypeEntryProto$Builder
2024-11-12 13:42:23,896 INFO  EvoClassLoader - Keeping class: org.apache.hadoop.hdfs.server.namenode.FsImageProto$INodeSection$QuotaByStorageTypeEntryProto$Builder
2024-11-12 13:42:23,897 INFO  EvoClassLoader - Seeing class for first time: org.apache.hadoop.hdfs.server.namenode.FsImageProto$ErasureCodingSection$Builder
2024-11-12 13:42:23,897 INFO  EvoClassLoader - Instrumenting class 'org.apache.hadoop.hdfs.server.namenode.FsImageProto$ErasureCodingSection$Builder'.
2024-11-12 13:42:23,897 INFO  MethodCallReplacementClassAdapter - Adding mock interface to class org/apache/hadoop/hdfs/server/namenode/FsImageProto$ErasureCodingSection$Builder
2024-11-12 13:42:23,899 INFO  CreateClassResetClassAdapter - Creating brand-new static initializer in class org/apache/hadoop/hdfs/server/namenode/FsImageProto$ErasureCodingSection$Builder
2024-11-12 13:42:23,899 INFO  EvoClassLoader - Keeping class: org.apache.hadoop.hdfs.server.namenode.FsImageProto$ErasureCodingSection$Builder
2024-11-12 13:42:23,900 INFO  EvoClassLoader - Seeing class for first time: org.apache.hadoop.thirdparty.protobuf.TextFormat$TextGenerator
2024-11-12 13:42:23,900 INFO  EvoClassLoader - Instrumenting class 'org.apache.hadoop.thirdparty.protobuf.TextFormat$TextGenerator'.
2024-11-12 13:42:23,901 INFO  MethodCallReplacementClassAdapter - Adding mock interface to class org/apache/hadoop/thirdparty/protobuf/TextFormat$TextGenerator
2024-11-12 13:42:23,902 INFO  CreateClassResetClassAdapter - Creating brand-new static initializer in class org/apache/hadoop/thirdparty/protobuf/TextFormat$TextGenerator
2024-11-12 13:42:23,902 INFO  EvoClassLoader - Keeping class: org.apache.hadoop.thirdparty.protobuf.TextFormat$TextGenerator
2024-11-12 13:42:23,902 INFO  EvoClassLoader - Seeing class for first time: org.apache.hadoop.hdfs.protocol.proto.HdfsProtos$CryptoProtocolVersionProto
2024-11-12 13:42:23,902 INFO  EvoClassLoader - Instrumenting class 'org.apache.hadoop.hdfs.protocol.proto.HdfsProtos$CryptoProtocolVersionProto'.
2024-11-12 13:42:23,902 INFO  MethodCallReplacementClassAdapter - Adding mock interface to class org/apache/hadoop/hdfs/protocol/proto/HdfsProtos$CryptoProtocolVersionProto
2024-11-12 13:42:23,903 INFO  CreateClassResetClassAdapter - Found static initializer in class org/apache/hadoop/hdfs/protocol/proto/HdfsProtos$CryptoProtocolVersionProto
2024-11-12 13:42:23,903 INFO  EvoClassLoader - Keeping class: org.apache.hadoop.hdfs.protocol.proto.HdfsProtos$CryptoProtocolVersionProto
2024-11-12 13:42:23,904 INFO  EvoClassLoader - Seeing class for first time: org.apache.hadoop.hdfs.protocol.proto.HdfsProtos$CryptoProtocolVersionProto$1
2024-11-12 13:42:23,904 INFO  EvoClassLoader - Instrumenting class 'org.apache.hadoop.hdfs.protocol.proto.HdfsProtos$CryptoProtocolVersionProto$1'.
2024-11-12 13:42:23,904 INFO  MethodCallReplacementClassAdapter - Adding mock interface to class org/apache/hadoop/hdfs/protocol/proto/HdfsProtos$CryptoProtocolVersionProto$1
2024-11-12 13:42:23,904 INFO  EvoClassLoader - Keeping class: org.apache.hadoop.hdfs.protocol.proto.HdfsProtos$CryptoProtocolVersionProto$1
2024-11-12 13:42:23,905 INFO  EvoClassLoader - Seeing class for first time: org.apache.hadoop.thirdparty.protobuf.GeneratedMessageV3$UnusedPrivateParameter
2024-11-12 13:42:23,905 INFO  EvoClassLoader - Instrumenting class 'org.apache.hadoop.thirdparty.protobuf.GeneratedMessageV3$UnusedPrivateParameter'.
2024-11-12 13:42:23,905 INFO  MethodCallReplacementClassAdapter - Adding mock interface to class org/apache/hadoop/thirdparty/protobuf/GeneratedMessageV3$UnusedPrivateParameter
2024-11-12 13:42:23,905 INFO  CreateClassResetClassAdapter - Found static initializer in class org/apache/hadoop/thirdparty/protobuf/GeneratedMessageV3$UnusedPrivateParameter
2024-11-12 13:42:23,905 INFO  EvoClassLoader - Keeping class: org.apache.hadoop.thirdparty.protobuf.GeneratedMessageV3$UnusedPrivateParameter
2024-11-12 13:42:23,905 INFO  EvoClassLoader - Seeing class for first time: org.apache.hadoop.hdfs.server.namenode.FsImageProto$StringTableSection$Builder
2024-11-12 13:42:23,905 INFO  EvoClassLoader - Instrumenting class 'org.apache.hadoop.hdfs.server.namenode.FsImageProto$StringTableSection$Builder'.
2024-11-12 13:42:23,906 INFO  MethodCallReplacementClassAdapter - Adding mock interface to class org/apache/hadoop/hdfs/server/namenode/FsImageProto$StringTableSection$Builder
2024-11-12 13:42:23,907 INFO  CreateClassResetClassAdapter - Creating brand-new static initializer in class org/apache/hadoop/hdfs/server/namenode/FsImageProto$StringTableSection$Builder
2024-11-12 13:42:23,908 INFO  EvoClassLoader - Keeping class: org.apache.hadoop.hdfs.server.namenode.FsImageProto$StringTableSection$Builder
2024-11-12 13:42:23,908 INFO  EvoClassLoader - Seeing class for first time: org.apache.hadoop.hdfs.protocol.proto.HdfsProtos$StorageUuidsProto
2024-11-12 13:42:23,908 INFO  EvoClassLoader - Instrumenting class 'org.apache.hadoop.hdfs.protocol.proto.HdfsProtos$StorageUuidsProto'.
2024-11-12 13:42:23,909 INFO  MethodCallReplacementClassAdapter - Adding mock interface to class org/apache/hadoop/hdfs/protocol/proto/HdfsProtos$StorageUuidsProto
2024-11-12 13:42:23,910 INFO  CreateClassResetClassAdapter - Found static initializer in class org/apache/hadoop/hdfs/protocol/proto/HdfsProtos$StorageUuidsProto
2024-11-12 13:42:23,910 INFO  EvoClassLoader - Keeping class: org.apache.hadoop.hdfs.protocol.proto.HdfsProtos$StorageUuidsProto
2024-11-12 13:42:23,910 INFO  EvoClassLoader - Seeing class for first time: org.apache.hadoop.hdfs.protocol.proto.HdfsProtos$StorageUuidsProto$1
2024-11-12 13:42:23,910 INFO  EvoClassLoader - Instrumenting class 'org.apache.hadoop.hdfs.protocol.proto.HdfsProtos$StorageUuidsProto$1'.
2024-11-12 13:42:23,911 INFO  MethodCallReplacementClassAdapter - Adding mock interface to class org/apache/hadoop/hdfs/protocol/proto/HdfsProtos$StorageUuidsProto$1
2024-11-12 13:42:23,911 INFO  EvoClassLoader - Keeping class: org.apache.hadoop.hdfs.protocol.proto.HdfsProtos$StorageUuidsProto$1
2024-11-12 13:42:23,911 INFO  EvoClassLoader - Seeing class for first time: org.apache.hadoop.hdfs.protocol.proto.HdfsProtos$BatchedDirectoryListingProtoOrBuilder
2024-11-12 13:42:23,911 INFO  EvoClassLoader - Instrumenting class 'org.apache.hadoop.hdfs.protocol.proto.HdfsProtos$BatchedDirectoryListingProtoOrBuilder'.
2024-11-12 13:42:23,912 INFO  EvoClassLoader - Keeping class: org.apache.hadoop.hdfs.protocol.proto.HdfsProtos$BatchedDirectoryListingProtoOrBuilder
2024-11-12 13:42:23,912 INFO  EvoClassLoader - Seeing class for first time: org.apache.hadoop.thirdparty.protobuf.Field$Cardinality
2024-11-12 13:42:23,912 INFO  EvoClassLoader - Instrumenting class 'org.apache.hadoop.thirdparty.protobuf.Field$Cardinality'.
2024-11-12 13:42:23,912 INFO  MethodCallReplacementClassAdapter - Adding mock interface to class org/apache/hadoop/thirdparty/protobuf/Field$Cardinality
2024-11-12 13:42:23,913 INFO  CreateClassResetClassAdapter - Found static initializer in class org/apache/hadoop/thirdparty/protobuf/Field$Cardinality
2024-11-12 13:42:23,914 INFO  EvoClassLoader - Keeping class: org.apache.hadoop.thirdparty.protobuf.Field$Cardinality
2024-11-12 13:42:23,914 INFO  EvoClassLoader - Seeing class for first time: org.apache.hadoop.hdfs.protocol.proto.HdfsProtos$ReencryptionInfoProto
2024-11-12 13:42:23,914 INFO  EvoClassLoader - Instrumenting class 'org.apache.hadoop.hdfs.protocol.proto.HdfsProtos$ReencryptionInfoProto'.
2024-11-12 13:42:23,914 INFO  MethodCallReplacementClassAdapter - Adding mock interface to class org/apache/hadoop/hdfs/protocol/proto/HdfsProtos$ReencryptionInfoProto
2024-11-12 13:42:23,915 INFO  CreateClassResetClassAdapter - Found static initializer in class org/apache/hadoop/hdfs/protocol/proto/HdfsProtos$ReencryptionInfoProto
2024-11-12 13:42:23,916 INFO  EvoClassLoader - Keeping class: org.apache.hadoop.hdfs.protocol.proto.HdfsProtos$ReencryptionInfoProto
2024-11-12 13:42:23,917 INFO  EvoClassLoader - Seeing class for first time: org.apache.hadoop.hdfs.protocol.proto.HdfsProtos$ReencryptionInfoProto$1
2024-11-12 13:42:23,917 INFO  EvoClassLoader - Instrumenting class 'org.apache.hadoop.hdfs.protocol.proto.HdfsProtos$ReencryptionInfoProto$1'.
2024-11-12 13:42:23,917 INFO  MethodCallReplacementClassAdapter - Adding mock interface to class org/apache/hadoop/hdfs/protocol/proto/HdfsProtos$ReencryptionInfoProto$1
2024-11-12 13:42:23,917 INFO  EvoClassLoader - Keeping class: org.apache.hadoop.hdfs.protocol.proto.HdfsProtos$ReencryptionInfoProto$1
2024-11-12 13:42:23,918 INFO  EvoClassLoader - Seeing class for first time: org.apache.hadoop.thirdparty.protobuf.RepeatedFieldBuilderV3
2024-11-12 13:42:23,918 INFO  EvoClassLoader - Instrumenting class 'org.apache.hadoop.thirdparty.protobuf.RepeatedFieldBuilderV3'.
2024-11-12 13:42:23,918 INFO  MethodCallReplacementClassAdapter - Adding mock interface to class org/apache/hadoop/thirdparty/protobuf/RepeatedFieldBuilderV3
2024-11-12 13:42:23,919 INFO  CreateClassResetClassAdapter - Creating brand-new static initializer in class org/apache/hadoop/thirdparty/protobuf/RepeatedFieldBuilderV3
2024-11-12 13:42:23,919 INFO  EvoClassLoader - Keeping class: org.apache.hadoop.thirdparty.protobuf.RepeatedFieldBuilderV3
2024-11-12 13:42:23,919 INFO  EvoClassLoader - Seeing class for first time: org.apache.hadoop.hdfs.server.namenode.FsImageProto$FileSummary$Section
2024-11-12 13:42:23,919 INFO  EvoClassLoader - Instrumenting class 'org.apache.hadoop.hdfs.server.namenode.FsImageProto$FileSummary$Section'.
2024-11-12 13:42:23,920 INFO  MethodCallReplacementClassAdapter - Adding mock interface to class org/apache/hadoop/hdfs/server/namenode/FsImageProto$FileSummary$Section
2024-11-12 13:42:23,920 INFO  CreateClassResetClassAdapter - Found static initializer in class org/apache/hadoop/hdfs/server/namenode/FsImageProto$FileSummary$Section
2024-11-12 13:42:23,921 INFO  EvoClassLoader - Keeping class: org.apache.hadoop.hdfs.server.namenode.FsImageProto$FileSummary$Section
2024-11-12 13:42:23,921 INFO  EvoClassLoader - Seeing class for first time: org.apache.hadoop.hdfs.protocol.proto.HdfsProtos$RollingUpgradeStatusProto
2024-11-12 13:42:23,921 INFO  EvoClassLoader - Instrumenting class 'org.apache.hadoop.hdfs.protocol.proto.HdfsProtos$RollingUpgradeStatusProto'.
2024-11-12 13:42:23,921 INFO  MethodCallReplacementClassAdapter - Adding mock interface to class org/apache/hadoop/hdfs/protocol/proto/HdfsProtos$RollingUpgradeStatusProto
2024-11-12 13:42:23,922 INFO  CreateClassResetClassAdapter - Found static initializer in class org/apache/hadoop/hdfs/protocol/proto/HdfsProtos$RollingUpgradeStatusProto
2024-11-12 13:42:23,922 INFO  EvoClassLoader - Keeping class: org.apache.hadoop.hdfs.protocol.proto.HdfsProtos$RollingUpgradeStatusProto
2024-11-12 13:42:23,923 INFO  EvoClassLoader - Seeing class for first time: org.apache.hadoop.hdfs.protocol.proto.HdfsProtos$RollingUpgradeStatusProto$1
2024-11-12 13:42:23,923 INFO  EvoClassLoader - Instrumenting class 'org.apache.hadoop.hdfs.protocol.proto.HdfsProtos$RollingUpgradeStatusProto$1'.
2024-11-12 13:42:23,923 INFO  MethodCallReplacementClassAdapter - Adding mock interface to class org/apache/hadoop/hdfs/protocol/proto/HdfsProtos$RollingUpgradeStatusProto$1
2024-11-12 13:42:23,924 INFO  EvoClassLoader - Keeping class: org.apache.hadoop.hdfs.protocol.proto.HdfsProtos$RollingUpgradeStatusProto$1
2024-11-12 13:42:23,924 INFO  EvoClassLoader - Seeing class for first time: org.apache.hadoop.hdfs.protocol.proto.HdfsProtos$SnapshotStatusProto
2024-11-12 13:42:23,924 INFO  EvoClassLoader - Instrumenting class 'org.apache.hadoop.hdfs.protocol.proto.HdfsProtos$SnapshotStatusProto'.
2024-11-12 13:42:23,924 INFO  MethodCallReplacementClassAdapter - Adding mock interface to class org/apache/hadoop/hdfs/protocol/proto/HdfsProtos$SnapshotStatusProto
2024-11-12 13:42:23,925 INFO  CreateClassResetClassAdapter - Found static initializer in class org/apache/hadoop/hdfs/protocol/proto/HdfsProtos$SnapshotStatusProto
2024-11-12 13:42:23,925 INFO  EvoClassLoader - Keeping class: org.apache.hadoop.hdfs.protocol.proto.HdfsProtos$SnapshotStatusProto
2024-11-12 13:42:23,926 INFO  EvoClassLoader - Seeing class for first time: org.apache.hadoop.hdfs.protocol.proto.HdfsProtos$SnapshotStatusProto$1
2024-11-12 13:42:23,926 INFO  EvoClassLoader - Instrumenting class 'org.apache.hadoop.hdfs.protocol.proto.HdfsProtos$SnapshotStatusProto$1'.
2024-11-12 13:42:23,926 INFO  MethodCallReplacementClassAdapter - Adding mock interface to class org/apache/hadoop/hdfs/protocol/proto/HdfsProtos$SnapshotStatusProto$1
2024-11-12 13:42:23,926 INFO  EvoClassLoader - Keeping class: org.apache.hadoop.hdfs.protocol.proto.HdfsProtos$SnapshotStatusProto$1
2024-11-12 13:42:23,927 INFO  EvoClassLoader - Seeing class for first time: org.apache.hadoop.hdfs.server.namenode.FsImageProto$INodeSection$XAttrFeatureProto$Builder
2024-11-12 13:42:23,927 INFO  EvoClassLoader - Instrumenting class 'org.apache.hadoop.hdfs.server.namenode.FsImageProto$INodeSection$XAttrFeatureProto$Builder'.
2024-11-12 13:42:23,927 INFO  MethodCallReplacementClassAdapter - Adding mock interface to class org/apache/hadoop/hdfs/server/namenode/FsImageProto$INodeSection$XAttrFeatureProto$Builder
2024-11-12 13:42:23,929 INFO  CreateClassResetClassAdapter - Creating brand-new static initializer in class org/apache/hadoop/hdfs/server/namenode/FsImageProto$INodeSection$XAttrFeatureProto$Builder
2024-11-12 13:42:23,930 INFO  EvoClassLoader - Keeping class: org.apache.hadoop.hdfs.server.namenode.FsImageProto$INodeSection$XAttrFeatureProto$Builder
2024-11-12 13:42:23,931 INFO  EvoClassLoader - Seeing class for first time: org.apache.hadoop.hdfs.protocol.proto.HdfsProtos$SnapshotInfoProto
2024-11-12 13:42:23,931 INFO  EvoClassLoader - Instrumenting class 'org.apache.hadoop.hdfs.protocol.proto.HdfsProtos$SnapshotInfoProto'.
2024-11-12 13:42:23,932 INFO  MethodCallReplacementClassAdapter - Adding mock interface to class org/apache/hadoop/hdfs/protocol/proto/HdfsProtos$SnapshotInfoProto
2024-11-12 13:42:23,933 INFO  CreateClassResetClassAdapter - Found static initializer in class org/apache/hadoop/hdfs/protocol/proto/HdfsProtos$SnapshotInfoProto
2024-11-12 13:42:23,933 INFO  EvoClassLoader - Keeping class: org.apache.hadoop.hdfs.protocol.proto.HdfsProtos$SnapshotInfoProto
2024-11-12 13:42:23,934 INFO  EvoClassLoader - Seeing class for first time: org.apache.hadoop.hdfs.protocol.proto.HdfsProtos$SnapshotInfoProto$1
2024-11-12 13:42:23,934 INFO  EvoClassLoader - Instrumenting class 'org.apache.hadoop.hdfs.protocol.proto.HdfsProtos$SnapshotInfoProto$1'.
2024-11-12 13:42:23,934 INFO  MethodCallReplacementClassAdapter - Adding mock interface to class org/apache/hadoop/hdfs/protocol/proto/HdfsProtos$SnapshotInfoProto$1
2024-11-12 13:42:23,935 INFO  EvoClassLoader - Keeping class: org.apache.hadoop.hdfs.protocol.proto.HdfsProtos$SnapshotInfoProto$1
2024-11-12 13:42:23,935 INFO  EvoClassLoader - Seeing class for first time: org.apache.hadoop.hdfs.server.namenode.FsImageProto$INodeDirectorySection$Builder
2024-11-12 13:42:23,935 INFO  EvoClassLoader - Instrumenting class 'org.apache.hadoop.hdfs.server.namenode.FsImageProto$INodeDirectorySection$Builder'.
2024-11-12 13:42:23,935 INFO  MethodCallReplacementClassAdapter - Adding mock interface to class org/apache/hadoop/hdfs/server/namenode/FsImageProto$INodeDirectorySection$Builder
2024-11-12 13:42:23,936 INFO  CreateClassResetClassAdapter - Creating brand-new static initializer in class org/apache/hadoop/hdfs/server/namenode/FsImageProto$INodeDirectorySection$Builder
2024-11-12 13:42:23,937 INFO  EvoClassLoader - Keeping class: org.apache.hadoop.hdfs.server.namenode.FsImageProto$INodeDirectorySection$Builder
2024-11-12 13:42:23,937 INFO  EvoClassLoader - Seeing class for first time: org.apache.hadoop.hdfs.protocol.proto.HdfsProtos$BlockChecksumTypeProto
2024-11-12 13:42:23,937 INFO  EvoClassLoader - Instrumenting class 'org.apache.hadoop.hdfs.protocol.proto.HdfsProtos$BlockChecksumTypeProto'.
2024-11-12 13:42:23,938 INFO  MethodCallReplacementClassAdapter - Adding mock interface to class org/apache/hadoop/hdfs/protocol/proto/HdfsProtos$BlockChecksumTypeProto
2024-11-12 13:42:23,938 INFO  CreateClassResetClassAdapter - Found static initializer in class org/apache/hadoop/hdfs/protocol/proto/HdfsProtos$BlockChecksumTypeProto
2024-11-12 13:42:23,939 INFO  EvoClassLoader - Keeping class: org.apache.hadoop.hdfs.protocol.proto.HdfsProtos$BlockChecksumTypeProto
2024-11-12 13:42:23,939 INFO  EvoClassLoader - Seeing class for first time: org.apache.hadoop.hdfs.protocol.proto.HdfsProtos$BlockChecksumTypeProto$1
2024-11-12 13:42:23,939 INFO  EvoClassLoader - Instrumenting class 'org.apache.hadoop.hdfs.protocol.proto.HdfsProtos$BlockChecksumTypeProto$1'.
2024-11-12 13:42:23,939 INFO  MethodCallReplacementClassAdapter - Adding mock interface to class org/apache/hadoop/hdfs/protocol/proto/HdfsProtos$BlockChecksumTypeProto$1
2024-11-12 13:42:23,939 INFO  EvoClassLoader - Keeping class: org.apache.hadoop.hdfs.protocol.proto.HdfsProtos$BlockChecksumTypeProto$1
2024-11-12 13:42:23,940 INFO  EvoClassLoader - Seeing class for first time: org.apache.hadoop.hdfs.server.namenode.FsImageProto$FilesUnderConstructionSection$FileUnderConstructionEntry
2024-11-12 13:42:23,940 INFO  EvoClassLoader - Instrumenting class 'org.apache.hadoop.hdfs.server.namenode.FsImageProto$FilesUnderConstructionSection$FileUnderConstructionEntry'.
2024-11-12 13:42:23,940 INFO  MethodCallReplacementClassAdapter - Adding mock interface to class org/apache/hadoop/hdfs/server/namenode/FsImageProto$FilesUnderConstructionSection$FileUnderConstructionEntry
2024-11-12 13:42:23,941 INFO  CreateClassResetClassAdapter - Found static initializer in class org/apache/hadoop/hdfs/server/namenode/FsImageProto$FilesUnderConstructionSection$FileUnderConstructionEntry
2024-11-12 13:42:23,941 INFO  EvoClassLoader - Keeping class: org.apache.hadoop.hdfs.server.namenode.FsImageProto$FilesUnderConstructionSection$FileUnderConstructionEntry
2024-11-12 13:42:23,942 INFO  EvoClassLoader - Seeing class for first time: org.apache.hadoop.thirdparty.protobuf.Schema
2024-11-12 13:42:23,942 INFO  EvoClassLoader - Instrumenting class 'org.apache.hadoop.thirdparty.protobuf.Schema'.
2024-11-12 13:42:23,943 INFO  EvoClassLoader - Keeping class: org.apache.hadoop.thirdparty.protobuf.Schema
2024-11-12 13:42:23,943 INFO  EvoClassLoader - Seeing class for first time: org.apache.hadoop.hdfs.server.namenode.FsImageProto$SnapshotDiffSection$DiffEntry$Type
2024-11-12 13:42:23,943 INFO  EvoClassLoader - Instrumenting class 'org.apache.hadoop.hdfs.server.namenode.FsImageProto$SnapshotDiffSection$DiffEntry$Type'.
2024-11-12 13:42:23,943 INFO  MethodCallReplacementClassAdapter - Adding mock interface to class org/apache/hadoop/hdfs/server/namenode/FsImageProto$SnapshotDiffSection$DiffEntry$Type
2024-11-12 13:42:23,944 INFO  CreateClassResetClassAdapter - Found static initializer in class org/apache/hadoop/hdfs/server/namenode/FsImageProto$SnapshotDiffSection$DiffEntry$Type
2024-11-12 13:42:23,945 INFO  EvoClassLoader - Keeping class: org.apache.hadoop.hdfs.server.namenode.FsImageProto$SnapshotDiffSection$DiffEntry$Type
2024-11-12 13:42:23,945 INFO  EvoClassLoader - Seeing class for first time: org.apache.hadoop.hdfs.server.namenode.FsImageProto$SnapshotDiffSection$DiffEntry$Type$1
2024-11-12 13:42:23,945 INFO  EvoClassLoader - Instrumenting class 'org.apache.hadoop.hdfs.server.namenode.FsImageProto$SnapshotDiffSection$DiffEntry$Type$1'.
2024-11-12 13:42:23,945 INFO  MethodCallReplacementClassAdapter - Adding mock interface to class org/apache/hadoop/hdfs/server/namenode/FsImageProto$SnapshotDiffSection$DiffEntry$Type$1
2024-11-12 13:42:23,946 INFO  EvoClassLoader - Keeping class: org.apache.hadoop.hdfs.server.namenode.FsImageProto$SnapshotDiffSection$DiffEntry$Type$1
2024-11-12 13:42:23,946 INFO  EvoClassLoader - Seeing class for first time: org.apache.hadoop.thirdparty.protobuf.DescriptorProtos$OneofDescriptorProto$Builder
2024-11-12 13:42:23,946 INFO  EvoClassLoader - Instrumenting class 'org.apache.hadoop.thirdparty.protobuf.DescriptorProtos$OneofDescriptorProto$Builder'.
2024-11-12 13:42:23,947 INFO  MethodCallReplacementClassAdapter - Adding mock interface to class org/apache/hadoop/thirdparty/protobuf/DescriptorProtos$OneofDescriptorProto$Builder
2024-11-12 13:42:23,949 INFO  CreateClassResetClassAdapter - Creating brand-new static initializer in class org/apache/hadoop/thirdparty/protobuf/DescriptorProtos$OneofDescriptorProto$Builder
2024-11-12 13:42:23,949 INFO  EvoClassLoader - Keeping class: org.apache.hadoop.thirdparty.protobuf.DescriptorProtos$OneofDescriptorProto$Builder
2024-11-12 13:42:23,951 INFO  EvoClassLoader - Seeing class for first time: org.apache.hadoop.thirdparty.protobuf.DescriptorProtos$EnumOptions$1
2024-11-12 13:42:23,952 INFO  EvoClassLoader - Instrumenting class 'org.apache.hadoop.thirdparty.protobuf.DescriptorProtos$EnumOptions$1'.
2024-11-12 13:42:23,952 INFO  MethodCallReplacementClassAdapter - Adding mock interface to class org/apache/hadoop/thirdparty/protobuf/DescriptorProtos$EnumOptions$1
2024-11-12 13:42:23,952 INFO  EvoClassLoader - Keeping class: org.apache.hadoop.thirdparty.protobuf.DescriptorProtos$EnumOptions$1
2024-11-12 13:42:23,952 INFO  EvoClassLoader - Seeing class for first time: org.apache.hadoop.hdfs.protocol.proto.HdfsProtos$BlockStoragePolicyProto
2024-11-12 13:42:23,952 INFO  EvoClassLoader - Instrumenting class 'org.apache.hadoop.hdfs.protocol.proto.HdfsProtos$BlockStoragePolicyProto'.
2024-11-12 13:42:23,953 INFO  MethodCallReplacementClassAdapter - Adding mock interface to class org/apache/hadoop/hdfs/protocol/proto/HdfsProtos$BlockStoragePolicyProto
2024-11-12 13:42:23,953 INFO  CreateClassResetClassAdapter - Found static initializer in class org/apache/hadoop/hdfs/protocol/proto/HdfsProtos$BlockStoragePolicyProto
2024-11-12 13:42:23,954 INFO  EvoClassLoader - Keeping class: org.apache.hadoop.hdfs.protocol.proto.HdfsProtos$BlockStoragePolicyProto
2024-11-12 13:42:23,954 INFO  EvoClassLoader - Seeing class for first time: org.apache.hadoop.hdfs.protocol.proto.HdfsProtos$BlockStoragePolicyProto$1
2024-11-12 13:42:23,954 INFO  EvoClassLoader - Instrumenting class 'org.apache.hadoop.hdfs.protocol.proto.HdfsProtos$BlockStoragePolicyProto$1'.
2024-11-12 13:42:23,955 INFO  MethodCallReplacementClassAdapter - Adding mock interface to class org/apache/hadoop/hdfs/protocol/proto/HdfsProtos$BlockStoragePolicyProto$1
2024-11-12 13:42:23,955 INFO  EvoClassLoader - Keeping class: org.apache.hadoop.hdfs.protocol.proto.HdfsProtos$BlockStoragePolicyProto$1
2024-11-12 13:42:23,956 INFO  EvoClassLoader - Seeing class for first time: org.eclipse.jetty.util.BufferUtil
2024-11-12 13:42:23,956 INFO  EvoClassLoader - Instrumenting class 'org.eclipse.jetty.util.BufferUtil'.
2024-11-12 13:42:23,956 INFO  MethodCallReplacementClassAdapter - Adding mock interface to class org/eclipse/jetty/util/BufferUtil
2024-11-12 13:42:23,959 INFO  CreateClassResetClassAdapter - Found static initializer in class org/eclipse/jetty/util/BufferUtil
2024-11-12 13:42:23,960 INFO  EvoClassLoader - Keeping class: org.eclipse.jetty.util.BufferUtil
2024-11-12 13:42:23,961 INFO  EvoClassLoader - Seeing class for first time: org.apache.hadoop.hdfs.server.namenode.FsImageProto$SecretManagerSection$PersistToken$1
2024-11-12 13:42:23,961 INFO  EvoClassLoader - Instrumenting class 'org.apache.hadoop.hdfs.server.namenode.FsImageProto$SecretManagerSection$PersistToken$1'.
2024-11-12 13:42:23,961 INFO  MethodCallReplacementClassAdapter - Adding mock interface to class org/apache/hadoop/hdfs/server/namenode/FsImageProto$SecretManagerSection$PersistToken$1
2024-11-12 13:42:23,962 INFO  EvoClassLoader - Keeping class: org.apache.hadoop.hdfs.server.namenode.FsImageProto$SecretManagerSection$PersistToken$1
2024-11-12 13:42:23,962 INFO  EvoClassLoader - Seeing class for first time: org.apache.hadoop.hdfs.protocol.proto.HdfsProtos$SnapshotDiffReportListingProtoOrBuilder
2024-11-12 13:42:23,962 INFO  EvoClassLoader - Instrumenting class 'org.apache.hadoop.hdfs.protocol.proto.HdfsProtos$SnapshotDiffReportListingProtoOrBuilder'.
2024-11-12 13:42:23,962 INFO  EvoClassLoader - Keeping class: org.apache.hadoop.hdfs.protocol.proto.HdfsProtos$SnapshotDiffReportListingProtoOrBuilder
2024-11-12 13:42:23,963 INFO  EvoClassLoader - Seeing class for first time: org.apache.hadoop.hdfs.server.namenode.FsImageProto$INodeSection$INodeFile$1
2024-11-12 13:42:23,963 INFO  EvoClassLoader - Instrumenting class 'org.apache.hadoop.hdfs.server.namenode.FsImageProto$INodeSection$INodeFile$1'.
2024-11-12 13:42:23,963 INFO  MethodCallReplacementClassAdapter - Adding mock interface to class org/apache/hadoop/hdfs/server/namenode/FsImageProto$INodeSection$INodeFile$1
2024-11-12 13:42:23,963 INFO  EvoClassLoader - Keeping class: org.apache.hadoop.hdfs.server.namenode.FsImageProto$INodeSection$INodeFile$1
2024-11-12 13:42:23,964 INFO  EvoClassLoader - Seeing class for first time: org.apache.hadoop.hdfs.protocol.proto.HdfsProtos$HdfsPathHandleProto
2024-11-12 13:42:23,964 INFO  EvoClassLoader - Instrumenting class 'org.apache.hadoop.hdfs.protocol.proto.HdfsProtos$HdfsPathHandleProto'.
2024-11-12 13:42:23,964 INFO  MethodCallReplacementClassAdapter - Adding mock interface to class org/apache/hadoop/hdfs/protocol/proto/HdfsProtos$HdfsPathHandleProto
2024-11-12 13:42:23,964 INFO  CreateClassResetClassAdapter - Found static initializer in class org/apache/hadoop/hdfs/protocol/proto/HdfsProtos$HdfsPathHandleProto
2024-11-12 13:42:23,965 INFO  EvoClassLoader - Seeing class for first time: org.apache.hadoop.hdfs.protocol.proto.HdfsProtos$HdfsPathHandleProtoOrBuilder
2024-11-12 13:42:23,965 INFO  EvoClassLoader - Instrumenting class 'org.apache.hadoop.hdfs.protocol.proto.HdfsProtos$HdfsPathHandleProtoOrBuilder'.
2024-11-12 13:42:23,965 INFO  EvoClassLoader - Keeping class: org.apache.hadoop.hdfs.protocol.proto.HdfsProtos$HdfsPathHandleProtoOrBuilder
2024-11-12 13:42:23,965 INFO  EvoClassLoader - Keeping class: org.apache.hadoop.hdfs.protocol.proto.HdfsProtos$HdfsPathHandleProto
2024-11-12 13:42:23,966 INFO  EvoClassLoader - Seeing class for first time: org.apache.hadoop.hdfs.protocol.proto.HdfsProtos$HdfsPathHandleProto$1
2024-11-12 13:42:23,966 INFO  EvoClassLoader - Instrumenting class 'org.apache.hadoop.hdfs.protocol.proto.HdfsProtos$HdfsPathHandleProto$1'.
2024-11-12 13:42:23,967 INFO  MethodCallReplacementClassAdapter - Adding mock interface to class org/apache/hadoop/hdfs/protocol/proto/HdfsProtos$HdfsPathHandleProto$1
2024-11-12 13:42:23,967 INFO  EvoClassLoader - Keeping class: org.apache.hadoop.hdfs.protocol.proto.HdfsProtos$HdfsPathHandleProto$1
2024-11-12 13:42:23,967 INFO  EvoClassLoader - Seeing class for first time: org.apache.hadoop.thirdparty.protobuf.MutabilityOracle$1
2024-11-12 13:42:23,967 INFO  EvoClassLoader - Instrumenting class 'org.apache.hadoop.thirdparty.protobuf.MutabilityOracle$1'.
2024-11-12 13:42:23,968 INFO  MethodCallReplacementClassAdapter - Adding mock interface to class org/apache/hadoop/thirdparty/protobuf/MutabilityOracle$1
2024-11-12 13:42:23,968 INFO  EvoClassLoader - Keeping class: org.apache.hadoop.thirdparty.protobuf.MutabilityOracle$1
2024-11-12 13:42:23,968 INFO  EvoClassLoader - Seeing class for first time: org.apache.hadoop.hdfs.protocol.proto.HdfsProtos$AccessModeProto
2024-11-12 13:42:23,968 INFO  EvoClassLoader - Instrumenting class 'org.apache.hadoop.hdfs.protocol.proto.HdfsProtos$AccessModeProto'.
2024-11-12 13:42:23,969 INFO  MethodCallReplacementClassAdapter - Adding mock interface to class org/apache/hadoop/hdfs/protocol/proto/HdfsProtos$AccessModeProto
2024-11-12 13:42:23,969 INFO  CreateClassResetClassAdapter - Found static initializer in class org/apache/hadoop/hdfs/protocol/proto/HdfsProtos$AccessModeProto
2024-11-12 13:42:23,970 INFO  EvoClassLoader - Keeping class: org.apache.hadoop.hdfs.protocol.proto.HdfsProtos$AccessModeProto
2024-11-12 13:42:23,970 INFO  EvoClassLoader - Seeing class for first time: org.apache.hadoop.hdfs.protocol.proto.HdfsProtos$AccessModeProto$1
2024-11-12 13:42:23,970 INFO  EvoClassLoader - Instrumenting class 'org.apache.hadoop.hdfs.protocol.proto.HdfsProtos$AccessModeProto$1'.
2024-11-12 13:42:23,970 INFO  MethodCallReplacementClassAdapter - Adding mock interface to class org/apache/hadoop/hdfs/protocol/proto/HdfsProtos$AccessModeProto$1
2024-11-12 13:42:23,970 INFO  EvoClassLoader - Keeping class: org.apache.hadoop.hdfs.protocol.proto.HdfsProtos$AccessModeProto$1
2024-11-12 13:42:23,971 INFO  EvoClassLoader - Seeing class for first time: org.apache.hadoop.hdfs.server.namenode.FsImageProto$SecretManagerSection$PersistToken
2024-11-12 13:42:23,971 INFO  EvoClassLoader - Instrumenting class 'org.apache.hadoop.hdfs.server.namenode.FsImageProto$SecretManagerSection$PersistToken'.
2024-11-12 13:42:23,971 INFO  MethodCallReplacementClassAdapter - Adding mock interface to class org/apache/hadoop/hdfs/server/namenode/FsImageProto$SecretManagerSection$PersistToken
2024-11-12 13:42:23,972 INFO  CreateClassResetClassAdapter - Found static initializer in class org/apache/hadoop/hdfs/server/namenode/FsImageProto$SecretManagerSection$PersistToken
2024-11-12 13:42:23,973 INFO  EvoClassLoader - Keeping class: org.apache.hadoop.hdfs.server.namenode.FsImageProto$SecretManagerSection$PersistToken
2024-11-12 13:42:23,974 INFO  EvoClassLoader - Seeing class for first time: org.apache.hadoop.thirdparty.protobuf.DescriptorProtos$EnumDescriptorProto$EnumReservedRange$1
2024-11-12 13:42:23,974 INFO  EvoClassLoader - Instrumenting class 'org.apache.hadoop.thirdparty.protobuf.DescriptorProtos$EnumDescriptorProto$EnumReservedRange$1'.
2024-11-12 13:42:23,974 INFO  MethodCallReplacementClassAdapter - Adding mock interface to class org/apache/hadoop/thirdparty/protobuf/DescriptorProtos$EnumDescriptorProto$EnumReservedRange$1
2024-11-12 13:42:23,975 INFO  EvoClassLoader - Keeping class: org.apache.hadoop.thirdparty.protobuf.DescriptorProtos$EnumDescriptorProto$EnumReservedRange$1
2024-11-12 13:42:23,975 INFO  EvoClassLoader - Seeing class for first time: org.apache.hadoop.hdfs.protocol.proto.HdfsProtos$BatchedDirectoryListingProto
2024-11-12 13:42:23,975 INFO  EvoClassLoader - Instrumenting class 'org.apache.hadoop.hdfs.protocol.proto.HdfsProtos$BatchedDirectoryListingProto'.
2024-11-12 13:42:23,975 INFO  MethodCallReplacementClassAdapter - Adding mock interface to class org/apache/hadoop/hdfs/protocol/proto/HdfsProtos$BatchedDirectoryListingProto
2024-11-12 13:42:23,976 INFO  CreateClassResetClassAdapter - Found static initializer in class org/apache/hadoop/hdfs/protocol/proto/HdfsProtos$BatchedDirectoryListingProto
2024-11-12 13:42:23,977 INFO  EvoClassLoader - Keeping class: org.apache.hadoop.hdfs.protocol.proto.HdfsProtos$BatchedDirectoryListingProto
2024-11-12 13:42:23,977 INFO  EvoClassLoader - Seeing class for first time: org.apache.hadoop.hdfs.protocol.proto.HdfsProtos$BatchedDirectoryListingProto$1
2024-11-12 13:42:23,977 INFO  EvoClassLoader - Instrumenting class 'org.apache.hadoop.hdfs.protocol.proto.HdfsProtos$BatchedDirectoryListingProto$1'.
2024-11-12 13:42:23,977 INFO  MethodCallReplacementClassAdapter - Adding mock interface to class org/apache/hadoop/hdfs/protocol/proto/HdfsProtos$BatchedDirectoryListingProto$1
2024-11-12 13:42:23,978 INFO  EvoClassLoader - Keeping class: org.apache.hadoop.hdfs.protocol.proto.HdfsProtos$BatchedDirectoryListingProto$1
2024-11-12 13:42:23,978 INFO  EvoClassLoader - Seeing class for first time: org.apache.hadoop.hdfs.protocol.proto.HdfsProtos$SnapshotDiffReportListingEntryProto
2024-11-12 13:42:23,978 INFO  EvoClassLoader - Instrumenting class 'org.apache.hadoop.hdfs.protocol.proto.HdfsProtos$SnapshotDiffReportListingEntryProto'.
2024-11-12 13:42:23,979 INFO  MethodCallReplacementClassAdapter - Adding mock interface to class org/apache/hadoop/hdfs/protocol/proto/HdfsProtos$SnapshotDiffReportListingEntryProto
2024-11-12 13:42:23,979 INFO  CreateClassResetClassAdapter - Found static initializer in class org/apache/hadoop/hdfs/protocol/proto/HdfsProtos$SnapshotDiffReportListingEntryProto
2024-11-12 13:42:23,980 INFO  EvoClassLoader - Keeping class: org.apache.hadoop.hdfs.protocol.proto.HdfsProtos$SnapshotDiffReportListingEntryProto
2024-11-12 13:42:23,981 INFO  EvoClassLoader - Seeing class for first time: org.apache.hadoop.hdfs.protocol.proto.HdfsProtos$SnapshotDiffReportListingEntryProto$1
2024-11-12 13:42:23,981 INFO  EvoClassLoader - Instrumenting class 'org.apache.hadoop.hdfs.protocol.proto.HdfsProtos$SnapshotDiffReportListingEntryProto$1'.
2024-11-12 13:42:23,982 INFO  MethodCallReplacementClassAdapter - Adding mock interface to class org/apache/hadoop/hdfs/protocol/proto/HdfsProtos$SnapshotDiffReportListingEntryProto$1
2024-11-12 13:42:23,982 INFO  EvoClassLoader - Keeping class: org.apache.hadoop.hdfs.protocol.proto.HdfsProtos$SnapshotDiffReportListingEntryProto$1
2024-11-12 13:42:23,984 INFO  EvoClassLoader - Seeing class for first time: org.apache.hadoop.thirdparty.protobuf.DescriptorProtos$DescriptorProto$ReservedRange$1
2024-11-12 13:42:23,984 INFO  EvoClassLoader - Instrumenting class 'org.apache.hadoop.thirdparty.protobuf.DescriptorProtos$DescriptorProto$ReservedRange$1'.
2024-11-12 13:42:23,984 INFO  MethodCallReplacementClassAdapter - Adding mock interface to class org/apache/hadoop/thirdparty/protobuf/DescriptorProtos$DescriptorProto$ReservedRange$1
2024-11-12 13:42:23,985 INFO  EvoClassLoader - Keeping class: org.apache.hadoop.thirdparty.protobuf.DescriptorProtos$DescriptorProto$ReservedRange$1
2024-11-12 13:42:23,985 INFO  EvoClassLoader - Seeing class for first time: org.apache.hadoop.hdfs.server.namenode.FsImageProto$SnapshotSection$Builder
2024-11-12 13:42:23,985 INFO  EvoClassLoader - Instrumenting class 'org.apache.hadoop.hdfs.server.namenode.FsImageProto$SnapshotSection$Builder'.
2024-11-12 13:42:23,986 INFO  MethodCallReplacementClassAdapter - Adding mock interface to class org/apache/hadoop/hdfs/server/namenode/FsImageProto$SnapshotSection$Builder
2024-11-12 13:42:23,988 INFO  CreateClassResetClassAdapter - Creating brand-new static initializer in class org/apache/hadoop/hdfs/server/namenode/FsImageProto$SnapshotSection$Builder
2024-11-12 13:42:23,989 INFO  EvoClassLoader - Keeping class: org.apache.hadoop.hdfs.server.namenode.FsImageProto$SnapshotSection$Builder
2024-11-12 13:42:23,990 INFO  EvoClassLoader - Seeing class for first time: org.apache.hadoop.hdfs.server.namenode.FsImageProto$INodeSection$Builder
2024-11-12 13:42:23,990 INFO  EvoClassLoader - Instrumenting class 'org.apache.hadoop.hdfs.server.namenode.FsImageProto$INodeSection$Builder'.
2024-11-12 13:42:23,990 INFO  MethodCallReplacementClassAdapter - Adding mock interface to class org/apache/hadoop/hdfs/server/namenode/FsImageProto$INodeSection$Builder
2024-11-12 13:42:23,991 INFO  CreateClassResetClassAdapter - Creating brand-new static initializer in class org/apache/hadoop/hdfs/server/namenode/FsImageProto$INodeSection$Builder
2024-11-12 13:42:23,992 INFO  EvoClassLoader - Keeping class: org.apache.hadoop.hdfs.server.namenode.FsImageProto$INodeSection$Builder
2024-11-12 13:42:23,993 INFO  EvoClassLoader - Seeing class for first time: org.apache.hadoop.thirdparty.protobuf.NioByteString$1
2024-11-12 13:42:23,993 INFO  EvoClassLoader - Instrumenting class 'org.apache.hadoop.thirdparty.protobuf.NioByteString$1'.
2024-11-12 13:42:23,993 INFO  MethodCallReplacementClassAdapter - Adding mock interface to class org/apache/hadoop/thirdparty/protobuf/NioByteString$1
2024-11-12 13:42:23,994 INFO  EvoClassLoader - Keeping class: org.apache.hadoop.thirdparty.protobuf.NioByteString$1
2024-11-12 13:42:23,995 INFO  EvoClassLoader - Seeing class for first time: org.apache.hadoop.hdfs.server.namenode.FsImageProto$SnapshotDiffSection$Builder
2024-11-12 13:42:23,995 INFO  EvoClassLoader - Instrumenting class 'org.apache.hadoop.hdfs.server.namenode.FsImageProto$SnapshotDiffSection$Builder'.
2024-11-12 13:42:23,996 INFO  MethodCallReplacementClassAdapter - Adding mock interface to class org/apache/hadoop/hdfs/server/namenode/FsImageProto$SnapshotDiffSection$Builder
2024-11-12 13:42:23,997 INFO  CreateClassResetClassAdapter - Creating brand-new static initializer in class org/apache/hadoop/hdfs/server/namenode/FsImageProto$SnapshotDiffSection$Builder
2024-11-12 13:42:23,998 INFO  EvoClassLoader - Keeping class: org.apache.hadoop.hdfs.server.namenode.FsImageProto$SnapshotDiffSection$Builder
2024-11-12 13:42:23,998 INFO  EvoClassLoader - Seeing class for first time: org.apache.hadoop.hdfs.server.namenode.FsImageProto$SnapshotDiffSection$DiffEntry
2024-11-12 13:42:23,998 INFO  EvoClassLoader - Instrumenting class 'org.apache.hadoop.hdfs.server.namenode.FsImageProto$SnapshotDiffSection$DiffEntry'.
2024-11-12 13:42:23,999 INFO  MethodCallReplacementClassAdapter - Adding mock interface to class org/apache/hadoop/hdfs/server/namenode/FsImageProto$SnapshotDiffSection$DiffEntry
2024-11-12 13:42:24,000 INFO  CreateClassResetClassAdapter - Found static initializer in class org/apache/hadoop/hdfs/server/namenode/FsImageProto$SnapshotDiffSection$DiffEntry
2024-11-12 13:42:24,001 INFO  EvoClassLoader - Keeping class: org.apache.hadoop.hdfs.server.namenode.FsImageProto$SnapshotDiffSection$DiffEntry
2024-11-12 13:42:24,002 INFO  EvoClassLoader - Seeing class for first time: org.apache.hadoop.hdfs.protocol.proto.HdfsProtos$SnapshotDiffReportCursorProto
2024-11-12 13:42:24,002 INFO  EvoClassLoader - Instrumenting class 'org.apache.hadoop.hdfs.protocol.proto.HdfsProtos$SnapshotDiffReportCursorProto'.
2024-11-12 13:42:24,002 INFO  MethodCallReplacementClassAdapter - Adding mock interface to class org/apache/hadoop/hdfs/protocol/proto/HdfsProtos$SnapshotDiffReportCursorProto
2024-11-12 13:42:24,003 INFO  CreateClassResetClassAdapter - Found static initializer in class org/apache/hadoop/hdfs/protocol/proto/HdfsProtos$SnapshotDiffReportCursorProto
2024-11-12 13:42:24,003 INFO  EvoClassLoader - Keeping class: org.apache.hadoop.hdfs.protocol.proto.HdfsProtos$SnapshotDiffReportCursorProto
2024-11-12 13:42:24,004 INFO  EvoClassLoader - Seeing class for first time: org.apache.hadoop.hdfs.protocol.proto.HdfsProtos$SnapshotDiffReportCursorProto$1
2024-11-12 13:42:24,004 INFO  EvoClassLoader - Instrumenting class 'org.apache.hadoop.hdfs.protocol.proto.HdfsProtos$SnapshotDiffReportCursorProto$1'.
2024-11-12 13:42:24,004 INFO  MethodCallReplacementClassAdapter - Adding mock interface to class org/apache/hadoop/hdfs/protocol/proto/HdfsProtos$SnapshotDiffReportCursorProto$1
2024-11-12 13:42:24,004 INFO  EvoClassLoader - Keeping class: org.apache.hadoop.hdfs.protocol.proto.HdfsProtos$SnapshotDiffReportCursorProto$1
2024-11-12 13:42:24,005 INFO  EvoClassLoader - Seeing class for first time: org.apache.hadoop.hdfs.protocol.proto.HdfsProtos$ErasureCodingPolicyState
2024-11-12 13:42:24,005 INFO  EvoClassLoader - Instrumenting class 'org.apache.hadoop.hdfs.protocol.proto.HdfsProtos$ErasureCodingPolicyState'.
2024-11-12 13:42:24,005 INFO  MethodCallReplacementClassAdapter - Adding mock interface to class org/apache/hadoop/hdfs/protocol/proto/HdfsProtos$ErasureCodingPolicyState
2024-11-12 13:42:24,006 INFO  CreateClassResetClassAdapter - Found static initializer in class org/apache/hadoop/hdfs/protocol/proto/HdfsProtos$ErasureCodingPolicyState
2024-11-12 13:42:24,006 INFO  EvoClassLoader - Keeping class: org.apache.hadoop.hdfs.protocol.proto.HdfsProtos$ErasureCodingPolicyState
2024-11-12 13:42:24,006 INFO  EvoClassLoader - Seeing class for first time: org.apache.hadoop.hdfs.protocol.proto.HdfsProtos$ErasureCodingPolicyState$1
2024-11-12 13:42:24,006 INFO  EvoClassLoader - Instrumenting class 'org.apache.hadoop.hdfs.protocol.proto.HdfsProtos$ErasureCodingPolicyState$1'.
2024-11-12 13:42:24,006 INFO  MethodCallReplacementClassAdapter - Adding mock interface to class org/apache/hadoop/hdfs/protocol/proto/HdfsProtos$ErasureCodingPolicyState$1
2024-11-12 13:42:24,007 INFO  EvoClassLoader - Keeping class: org.apache.hadoop.hdfs.protocol.proto.HdfsProtos$ErasureCodingPolicyState$1
2024-11-12 13:42:24,007 INFO  EvoClassLoader - Seeing class for first time: org.apache.hadoop.hdfs.server.namenode.FsImageProto$FilesUnderConstructionSection$Builder
2024-11-12 13:42:24,007 INFO  EvoClassLoader - Instrumenting class 'org.apache.hadoop.hdfs.server.namenode.FsImageProto$FilesUnderConstructionSection$Builder'.
2024-11-12 13:42:24,007 INFO  MethodCallReplacementClassAdapter - Adding mock interface to class org/apache/hadoop/hdfs/server/namenode/FsImageProto$FilesUnderConstructionSection$Builder
2024-11-12 13:42:24,008 INFO  CreateClassResetClassAdapter - Creating brand-new static initializer in class org/apache/hadoop/hdfs/server/namenode/FsImageProto$FilesUnderConstructionSection$Builder
2024-11-12 13:42:24,009 INFO  EvoClassLoader - Keeping class: org.apache.hadoop.hdfs.server.namenode.FsImageProto$FilesUnderConstructionSection$Builder
2024-11-12 13:42:24,009 INFO  EvoClassLoader - Seeing class for first time: org.apache.hadoop.hdfs.protocol.proto.HdfsProtos$SnapshotDiffReportListingProto
2024-11-12 13:42:24,009 INFO  EvoClassLoader - Instrumenting class 'org.apache.hadoop.hdfs.protocol.proto.HdfsProtos$SnapshotDiffReportListingProto'.
2024-11-12 13:42:24,010 INFO  MethodCallReplacementClassAdapter - Adding mock interface to class org/apache/hadoop/hdfs/protocol/proto/HdfsProtos$SnapshotDiffReportListingProto
2024-11-12 13:42:24,011 INFO  CreateClassResetClassAdapter - Found static initializer in class org/apache/hadoop/hdfs/protocol/proto/HdfsProtos$SnapshotDiffReportListingProto
2024-11-12 13:42:24,012 INFO  EvoClassLoader - Keeping class: org.apache.hadoop.hdfs.protocol.proto.HdfsProtos$SnapshotDiffReportListingProto
2024-11-12 13:42:24,013 INFO  EvoClassLoader - Seeing class for first time: org.apache.hadoop.hdfs.protocol.proto.HdfsProtos$SnapshotDiffReportListingProto$1
2024-11-12 13:42:24,013 INFO  EvoClassLoader - Instrumenting class 'org.apache.hadoop.hdfs.protocol.proto.HdfsProtos$SnapshotDiffReportListingProto$1'.
2024-11-12 13:42:24,013 INFO  MethodCallReplacementClassAdapter - Adding mock interface to class org/apache/hadoop/hdfs/protocol/proto/HdfsProtos$SnapshotDiffReportListingProto$1
2024-11-12 13:42:24,013 INFO  EvoClassLoader - Keeping class: org.apache.hadoop.hdfs.protocol.proto.HdfsProtos$SnapshotDiffReportListingProto$1
2024-11-12 13:42:24,013 INFO  EvoClassLoader - Seeing class for first time: org.apache.hadoop.thirdparty.protobuf.DescriptorProtos$GeneratedCodeInfo
2024-11-12 13:42:24,013 INFO  EvoClassLoader - Instrumenting class 'org.apache.hadoop.thirdparty.protobuf.DescriptorProtos$GeneratedCodeInfo'.
2024-11-12 13:42:24,014 INFO  MethodCallReplacementClassAdapter - Adding mock interface to class org/apache/hadoop/thirdparty/protobuf/DescriptorProtos$GeneratedCodeInfo
2024-11-12 13:42:24,014 INFO  CreateClassResetClassAdapter - Found static initializer in class org/apache/hadoop/thirdparty/protobuf/DescriptorProtos$GeneratedCodeInfo
2024-11-12 13:42:24,014 INFO  EvoClassLoader - Keeping class: org.apache.hadoop.thirdparty.protobuf.DescriptorProtos$GeneratedCodeInfo
2024-11-12 13:42:24,015 INFO  EvoClassLoader - Seeing class for first time: org.apache.hadoop.thirdparty.protobuf.DescriptorProtos$GeneratedCodeInfo$1
2024-11-12 13:42:24,015 INFO  EvoClassLoader - Instrumenting class 'org.apache.hadoop.thirdparty.protobuf.DescriptorProtos$GeneratedCodeInfo$1'.
2024-11-12 13:42:24,015 INFO  MethodCallReplacementClassAdapter - Adding mock interface to class org/apache/hadoop/thirdparty/protobuf/DescriptorProtos$GeneratedCodeInfo$1
2024-11-12 13:42:24,015 INFO  EvoClassLoader - Keeping class: org.apache.hadoop.thirdparty.protobuf.DescriptorProtos$GeneratedCodeInfo$1
2024-11-12 13:42:24,016 INFO  EvoClassLoader - Seeing class for first time: org.apache.hadoop.hdfs.server.namenode.FsImageProto$SnapshotDiffSection$FileDiff$Builder
2024-11-12 13:42:24,016 INFO  EvoClassLoader - Instrumenting class 'org.apache.hadoop.hdfs.server.namenode.FsImageProto$SnapshotDiffSection$FileDiff$Builder'.
2024-11-12 13:42:24,016 INFO  MethodCallReplacementClassAdapter - Adding mock interface to class org/apache/hadoop/hdfs/server/namenode/FsImageProto$SnapshotDiffSection$FileDiff$Builder
2024-11-12 13:42:24,018 INFO  CreateClassResetClassAdapter - Creating brand-new static initializer in class org/apache/hadoop/hdfs/server/namenode/FsImageProto$SnapshotDiffSection$FileDiff$Builder
2024-11-12 13:42:24,019 INFO  EvoClassLoader - Keeping class: org.apache.hadoop.hdfs.server.namenode.FsImageProto$SnapshotDiffSection$FileDiff$Builder
2024-11-12 13:42:24,020 INFO  EvoClassLoader - Seeing class for first time: org.apache.hadoop.hdfs.protocol.proto.HdfsProtos$ZoneEncryptionInfoProto
2024-11-12 13:42:24,020 INFO  EvoClassLoader - Instrumenting class 'org.apache.hadoop.hdfs.protocol.proto.HdfsProtos$ZoneEncryptionInfoProto'.
2024-11-12 13:42:24,021 INFO  MethodCallReplacementClassAdapter - Adding mock interface to class org/apache/hadoop/hdfs/protocol/proto/HdfsProtos$ZoneEncryptionInfoProto
2024-11-12 13:42:24,022 INFO  CreateClassResetClassAdapter - Found static initializer in class org/apache/hadoop/hdfs/protocol/proto/HdfsProtos$ZoneEncryptionInfoProto
2024-11-12 13:42:24,023 INFO  EvoClassLoader - Keeping class: org.apache.hadoop.hdfs.protocol.proto.HdfsProtos$ZoneEncryptionInfoProto
2024-11-12 13:42:24,023 INFO  EvoClassLoader - Seeing class for first time: org.apache.hadoop.hdfs.protocol.proto.HdfsProtos$ZoneEncryptionInfoProto$1
2024-11-12 13:42:24,023 INFO  EvoClassLoader - Instrumenting class 'org.apache.hadoop.hdfs.protocol.proto.HdfsProtos$ZoneEncryptionInfoProto$1'.
2024-11-12 13:42:24,024 INFO  MethodCallReplacementClassAdapter - Adding mock interface to class org/apache/hadoop/hdfs/protocol/proto/HdfsProtos$ZoneEncryptionInfoProto$1
2024-11-12 13:42:24,024 INFO  EvoClassLoader - Keeping class: org.apache.hadoop.hdfs.protocol.proto.HdfsProtos$ZoneEncryptionInfoProto$1
2024-11-12 13:42:24,025 INFO  EvoClassLoader - Seeing class for first time: org.apache.hadoop.hdfs.server.namenode.FsImageProto$INodeDirectorySection$DirEntry$Builder
2024-11-12 13:42:24,025 INFO  EvoClassLoader - Instrumenting class 'org.apache.hadoop.hdfs.server.namenode.FsImageProto$INodeDirectorySection$DirEntry$Builder'.
2024-11-12 13:42:24,026 INFO  MethodCallReplacementClassAdapter - Adding mock interface to class org/apache/hadoop/hdfs/server/namenode/FsImageProto$INodeDirectorySection$DirEntry$Builder
2024-11-12 13:42:24,030 INFO  CreateClassResetClassAdapter - Creating brand-new static initializer in class org/apache/hadoop/hdfs/server/namenode/FsImageProto$INodeDirectorySection$DirEntry$Builder
2024-11-12 13:42:24,031 INFO  EvoClassLoader - Keeping class: org.apache.hadoop.hdfs.server.namenode.FsImageProto$INodeDirectorySection$DirEntry$Builder
2024-11-12 13:42:24,032 INFO  EvoClassLoader - Seeing class for first time: org.apache.hadoop.hdfs.protocol.proto.HdfsProtos$StorageTypesProto
2024-11-12 13:42:24,032 INFO  EvoClassLoader - Instrumenting class 'org.apache.hadoop.hdfs.protocol.proto.HdfsProtos$StorageTypesProto'.
2024-11-12 13:42:24,033 INFO  MethodCallReplacementClassAdapter - Adding mock interface to class org/apache/hadoop/hdfs/protocol/proto/HdfsProtos$StorageTypesProto
2024-11-12 13:42:24,034 INFO  CreateClassResetClassAdapter - Found static initializer in class org/apache/hadoop/hdfs/protocol/proto/HdfsProtos$StorageTypesProto
2024-11-12 13:42:24,035 INFO  EvoClassLoader - Keeping class: org.apache.hadoop.hdfs.protocol.proto.HdfsProtos$StorageTypesProto
2024-11-12 13:42:24,035 INFO  EvoClassLoader - Seeing class for first time: org.apache.hadoop.hdfs.protocol.proto.HdfsProtos$StorageTypesProto$1
2024-11-12 13:42:24,035 INFO  EvoClassLoader - Instrumenting class 'org.apache.hadoop.hdfs.protocol.proto.HdfsProtos$StorageTypesProto$1'.
2024-11-12 13:42:24,035 INFO  MethodCallReplacementClassAdapter - Adding mock interface to class org/apache/hadoop/hdfs/protocol/proto/HdfsProtos$StorageTypesProto$1
2024-11-12 13:42:24,036 INFO  EvoClassLoader - Keeping class: org.apache.hadoop.hdfs.protocol.proto.HdfsProtos$StorageTypesProto$1
2024-11-12 13:42:24,036 INFO  EvoClassLoader - Seeing class for first time: org.apache.hadoop.hdfs.protocol.proto.HdfsProtos$StorageTypesProto$2
2024-11-12 13:42:24,036 INFO  EvoClassLoader - Instrumenting class 'org.apache.hadoop.hdfs.protocol.proto.HdfsProtos$StorageTypesProto$2'.
2024-11-12 13:42:24,036 INFO  MethodCallReplacementClassAdapter - Adding mock interface to class org/apache/hadoop/hdfs/protocol/proto/HdfsProtos$StorageTypesProto$2
2024-11-12 13:42:24,037 INFO  EvoClassLoader - Keeping class: org.apache.hadoop.hdfs.protocol.proto.HdfsProtos$StorageTypesProto$2
2024-11-12 13:42:24,037 INFO  EvoClassLoader - Seeing class for first time: org.apache.hadoop.hdfs.server.namenode.FsImageProto$StringTableSection$Entry
2024-11-12 13:42:24,037 INFO  EvoClassLoader - Instrumenting class 'org.apache.hadoop.hdfs.server.namenode.FsImageProto$StringTableSection$Entry'.
2024-11-12 13:42:24,037 INFO  MethodCallReplacementClassAdapter - Adding mock interface to class org/apache/hadoop/hdfs/server/namenode/FsImageProto$StringTableSection$Entry
2024-11-12 13:42:24,039 INFO  CreateClassResetClassAdapter - Found static initializer in class org/apache/hadoop/hdfs/server/namenode/FsImageProto$StringTableSection$Entry
2024-11-12 13:42:24,039 INFO  EvoClassLoader - Keeping class: org.apache.hadoop.hdfs.server.namenode.FsImageProto$StringTableSection$Entry
2024-11-12 13:42:24,040 INFO  EvoClassLoader - Seeing class for first time: org.apache.hadoop.thirdparty.protobuf.AnyOrBuilder
2024-11-12 13:42:24,040 INFO  EvoClassLoader - Instrumenting class 'org.apache.hadoop.thirdparty.protobuf.AnyOrBuilder'.
2024-11-12 13:42:24,041 INFO  EvoClassLoader - Keeping class: org.apache.hadoop.thirdparty.protobuf.AnyOrBuilder
2024-11-12 13:42:24,041 INFO  EvoClassLoader - Seeing class for first time: org.apache.hadoop.thirdparty.protobuf.Option$1
2024-11-12 13:42:24,041 INFO  EvoClassLoader - Instrumenting class 'org.apache.hadoop.thirdparty.protobuf.Option$1'.
2024-11-12 13:42:24,041 INFO  MethodCallReplacementClassAdapter - Adding mock interface to class org/apache/hadoop/thirdparty/protobuf/Option$1
2024-11-12 13:42:24,042 INFO  EvoClassLoader - Keeping class: org.apache.hadoop.thirdparty.protobuf.Option$1
2024-11-12 13:42:24,042 INFO  EvoClassLoader - Seeing class for first time: org.apache.hadoop.hdfs.protocol.proto.HdfsProtos$ErasureCodingPolicyProto$Builder
2024-11-12 13:42:24,042 INFO  EvoClassLoader - Instrumenting class 'org.apache.hadoop.hdfs.protocol.proto.HdfsProtos$ErasureCodingPolicyProto$Builder'.
2024-11-12 13:42:24,043 INFO  MethodCallReplacementClassAdapter - Adding mock interface to class org/apache/hadoop/hdfs/protocol/proto/HdfsProtos$ErasureCodingPolicyProto$Builder
2024-11-12 13:42:24,044 INFO  CreateClassResetClassAdapter - Creating brand-new static initializer in class org/apache/hadoop/hdfs/protocol/proto/HdfsProtos$ErasureCodingPolicyProto$Builder
2024-11-12 13:42:24,045 INFO  EvoClassLoader - Keeping class: org.apache.hadoop.hdfs.protocol.proto.HdfsProtos$ErasureCodingPolicyProto$Builder
2024-11-12 13:42:24,045 INFO  EvoClassLoader - Seeing class for first time: org.apache.hadoop.hdfs.server.namenode.FsImageProto$INodeReferenceSection$Builder
2024-11-12 13:42:24,045 INFO  EvoClassLoader - Instrumenting class 'org.apache.hadoop.hdfs.server.namenode.FsImageProto$INodeReferenceSection$Builder'.
2024-11-12 13:42:24,046 INFO  MethodCallReplacementClassAdapter - Adding mock interface to class org/apache/hadoop/hdfs/server/namenode/FsImageProto$INodeReferenceSection$Builder
2024-11-12 13:42:24,046 INFO  CreateClassResetClassAdapter - Creating brand-new static initializer in class org/apache/hadoop/hdfs/server/namenode/FsImageProto$INodeReferenceSection$Builder
2024-11-12 13:42:24,046 INFO  EvoClassLoader - Keeping class: org.apache.hadoop.hdfs.server.namenode.FsImageProto$INodeReferenceSection$Builder
2024-11-12 13:42:24,047 INFO  EvoClassLoader - Seeing class for first time: org.apache.hadoop.thirdparty.protobuf.DescriptorProtos$MethodOptions
2024-11-12 13:42:24,047 INFO  EvoClassLoader - Instrumenting class 'org.apache.hadoop.thirdparty.protobuf.DescriptorProtos$MethodOptions'.
2024-11-12 13:42:24,047 INFO  MethodCallReplacementClassAdapter - Adding mock interface to class org/apache/hadoop/thirdparty/protobuf/DescriptorProtos$MethodOptions
2024-11-12 13:42:24,048 INFO  CreateClassResetClassAdapter - Found static initializer in class org/apache/hadoop/thirdparty/protobuf/DescriptorProtos$MethodOptions
2024-11-12 13:42:24,048 INFO  EvoClassLoader - Keeping class: org.apache.hadoop.thirdparty.protobuf.DescriptorProtos$MethodOptions
2024-11-12 13:42:24,048 INFO  EvoClassLoader - Seeing class for first time: org.apache.hadoop.thirdparty.protobuf.DescriptorProtos$MethodOptions$1
2024-11-12 13:42:24,048 INFO  EvoClassLoader - Instrumenting class 'org.apache.hadoop.thirdparty.protobuf.DescriptorProtos$MethodOptions$1'.
2024-11-12 13:42:24,049 INFO  MethodCallReplacementClassAdapter - Adding mock interface to class org/apache/hadoop/thirdparty/protobuf/DescriptorProtos$MethodOptions$1
2024-11-12 13:42:24,049 INFO  EvoClassLoader - Keeping class: org.apache.hadoop.thirdparty.protobuf.DescriptorProtos$MethodOptions$1
2024-11-12 13:42:24,049 INFO  EvoClassLoader - Seeing class for first time: org.apache.hadoop.hdfs.server.namenode.FsImageProto$FileSummary$Builder
2024-11-12 13:42:24,049 INFO  EvoClassLoader - Instrumenting class 'org.apache.hadoop.hdfs.server.namenode.FsImageProto$FileSummary$Builder'.
2024-11-12 13:42:24,050 INFO  MethodCallReplacementClassAdapter - Adding mock interface to class org/apache/hadoop/hdfs/server/namenode/FsImageProto$FileSummary$Builder
2024-11-12 13:42:24,051 INFO  CreateClassResetClassAdapter - Creating brand-new static initializer in class org/apache/hadoop/hdfs/server/namenode/FsImageProto$FileSummary$Builder
2024-11-12 13:42:24,051 INFO  EvoClassLoader - Keeping class: org.apache.hadoop.hdfs.server.namenode.FsImageProto$FileSummary$Builder
2024-11-12 13:42:24,052 INFO  EvoClassLoader - Seeing class for first time: org.apache.hadoop.hdfs.server.namenode.FsImageProto$INodeSection$XAttrCompactProto$Builder
2024-11-12 13:42:24,052 INFO  EvoClassLoader - Instrumenting class 'org.apache.hadoop.hdfs.server.namenode.FsImageProto$INodeSection$XAttrCompactProto$Builder'.
2024-11-12 13:42:24,052 INFO  MethodCallReplacementClassAdapter - Adding mock interface to class org/apache/hadoop/hdfs/server/namenode/FsImageProto$INodeSection$XAttrCompactProto$Builder
2024-11-12 13:42:24,053 INFO  CreateClassResetClassAdapter - Creating brand-new static initializer in class org/apache/hadoop/hdfs/server/namenode/FsImageProto$INodeSection$XAttrCompactProto$Builder
2024-11-12 13:42:24,053 INFO  EvoClassLoader - Keeping class: org.apache.hadoop.hdfs.server.namenode.FsImageProto$INodeSection$XAttrCompactProto$Builder
2024-11-12 13:42:24,054 INFO  EvoClassLoader - Seeing class for first time: org.apache.hadoop.hdfs.server.namenode.FsImageProto$INodeSection$QuotaByStorageTypeFeatureProto$Builder
2024-11-12 13:42:24,054 INFO  EvoClassLoader - Instrumenting class 'org.apache.hadoop.hdfs.server.namenode.FsImageProto$INodeSection$QuotaByStorageTypeFeatureProto$Builder'.
2024-11-12 13:42:24,054 INFO  MethodCallReplacementClassAdapter - Adding mock interface to class org/apache/hadoop/hdfs/server/namenode/FsImageProto$INodeSection$QuotaByStorageTypeFeatureProto$Builder
2024-11-12 13:42:24,055 INFO  CreateClassResetClassAdapter - Creating brand-new static initializer in class org/apache/hadoop/hdfs/server/namenode/FsImageProto$INodeSection$QuotaByStorageTypeFeatureProto$Builder
2024-11-12 13:42:24,055 INFO  EvoClassLoader - Keeping class: org.apache.hadoop.hdfs.server.namenode.FsImageProto$INodeSection$QuotaByStorageTypeFeatureProto$Builder
2024-11-12 13:42:24,056 INFO  EvoClassLoader - Seeing class for first time: org.apache.hadoop.thirdparty.protobuf.DescriptorProtos
2024-11-12 13:42:24,056 INFO  EvoClassLoader - Instrumenting class 'org.apache.hadoop.thirdparty.protobuf.DescriptorProtos'.
2024-11-12 13:42:24,057 INFO  MethodCallReplacementClassAdapter - Adding mock interface to class org/apache/hadoop/thirdparty/protobuf/DescriptorProtos
2024-11-12 13:42:24,057 INFO  CreateClassResetClassAdapter - Found static initializer in class org/apache/hadoop/thirdparty/protobuf/DescriptorProtos
2024-11-12 13:42:24,059 INFO  EvoClassLoader - Keeping class: org.apache.hadoop.thirdparty.protobuf.DescriptorProtos
2024-11-12 13:42:24,071 INFO  EvoClassLoader - Seeing class for first time: org.apache.hadoop.hdfs.protocol.proto.HdfsProtos$CipherOptionProto
2024-11-12 13:42:24,071 INFO  EvoClassLoader - Instrumenting class 'org.apache.hadoop.hdfs.protocol.proto.HdfsProtos$CipherOptionProto'.
2024-11-12 13:42:24,072 INFO  MethodCallReplacementClassAdapter - Adding mock interface to class org/apache/hadoop/hdfs/protocol/proto/HdfsProtos$CipherOptionProto
2024-11-12 13:42:24,074 INFO  CreateClassResetClassAdapter - Found static initializer in class org/apache/hadoop/hdfs/protocol/proto/HdfsProtos$CipherOptionProto
2024-11-12 13:42:24,074 INFO  EvoClassLoader - Keeping class: org.apache.hadoop.hdfs.protocol.proto.HdfsProtos$CipherOptionProto
2024-11-12 13:42:24,075 INFO  EvoClassLoader - Seeing class for first time: org.apache.hadoop.hdfs.protocol.proto.HdfsProtos$CipherOptionProto$1
2024-11-12 13:42:24,075 INFO  EvoClassLoader - Instrumenting class 'org.apache.hadoop.hdfs.protocol.proto.HdfsProtos$CipherOptionProto$1'.
2024-11-12 13:42:24,075 INFO  MethodCallReplacementClassAdapter - Adding mock interface to class org/apache/hadoop/hdfs/protocol/proto/HdfsProtos$CipherOptionProto$1
2024-11-12 13:42:24,076 INFO  EvoClassLoader - Keeping class: org.apache.hadoop.hdfs.protocol.proto.HdfsProtos$CipherOptionProto$1
2024-11-12 13:42:24,076 INFO  EvoClassLoader - Seeing class for first time: org.apache.hadoop.hdfs.protocol.proto.HdfsProtos$ECTopologyVerifierResultProto$Builder
2024-11-12 13:42:24,076 INFO  EvoClassLoader - Instrumenting class 'org.apache.hadoop.hdfs.protocol.proto.HdfsProtos$ECTopologyVerifierResultProto$Builder'.
2024-11-12 13:42:24,077 INFO  MethodCallReplacementClassAdapter - Adding mock interface to class org/apache/hadoop/hdfs/protocol/proto/HdfsProtos$ECTopologyVerifierResultProto$Builder
2024-11-12 13:42:24,079 INFO  CreateClassResetClassAdapter - Creating brand-new static initializer in class org/apache/hadoop/hdfs/protocol/proto/HdfsProtos$ECTopologyVerifierResultProto$Builder
2024-11-12 13:42:24,079 INFO  EvoClassLoader - Keeping class: org.apache.hadoop.hdfs.protocol.proto.HdfsProtos$ECTopologyVerifierResultProto$Builder
2024-11-12 13:42:24,079 INFO  EvoClassLoader - Seeing class for first time: org.apache.hadoop.thirdparty.protobuf.Writer$FieldOrder
2024-11-12 13:42:24,079 INFO  EvoClassLoader - Instrumenting class 'org.apache.hadoop.thirdparty.protobuf.Writer$FieldOrder'.
2024-11-12 13:42:24,080 INFO  MethodCallReplacementClassAdapter - Adding mock interface to class org/apache/hadoop/thirdparty/protobuf/Writer$FieldOrder
2024-11-12 13:42:24,080 INFO  CreateClassResetClassAdapter - Found static initializer in class org/apache/hadoop/thirdparty/protobuf/Writer$FieldOrder
2024-11-12 13:42:24,080 INFO  EvoClassLoader - Keeping class: org.apache.hadoop.thirdparty.protobuf.Writer$FieldOrder
2024-11-12 13:42:24,080 INFO  EvoClassLoader - Seeing class for first time: org.apache.hadoop.thirdparty.protobuf.TypeRegistry$Builder
2024-11-12 13:42:24,080 INFO  EvoClassLoader - Instrumenting class 'org.apache.hadoop.thirdparty.protobuf.TypeRegistry$Builder'.
2024-11-12 13:42:24,080 INFO  MethodCallReplacementClassAdapter - Adding mock interface to class org/apache/hadoop/thirdparty/protobuf/TypeRegistry$Builder
2024-11-12 13:42:24,081 INFO  CreateClassResetClassAdapter - Creating brand-new static initializer in class org/apache/hadoop/thirdparty/protobuf/TypeRegistry$Builder
2024-11-12 13:42:24,082 INFO  EvoClassLoader - Keeping class: org.apache.hadoop.thirdparty.protobuf.TypeRegistry$Builder
2024-11-12 13:42:24,082 INFO  EvoClassLoader - Seeing class for first time: org.apache.hadoop.thirdparty.protobuf.MapEntry$Builder
2024-11-12 13:42:24,082 INFO  EvoClassLoader - Instrumenting class 'org.apache.hadoop.thirdparty.protobuf.MapEntry$Builder'.
2024-11-12 13:42:24,082 INFO  MethodCallReplacementClassAdapter - Adding mock interface to class org/apache/hadoop/thirdparty/protobuf/MapEntry$Builder
2024-11-12 13:42:24,085 INFO  CreateClassResetClassAdapter - Creating brand-new static initializer in class org/apache/hadoop/thirdparty/protobuf/MapEntry$Builder
2024-11-12 13:42:24,086 INFO  EvoClassLoader - Keeping class: org.apache.hadoop.thirdparty.protobuf.MapEntry$Builder
2024-11-12 13:42:24,087 INFO  EvoClassLoader - Seeing class for first time: org.apache.hadoop.hdfs.protocol.proto.HdfsProtos$FileEncryptionInfoProto$Builder
2024-11-12 13:42:24,087 INFO  EvoClassLoader - Instrumenting class 'org.apache.hadoop.hdfs.protocol.proto.HdfsProtos$FileEncryptionInfoProto$Builder'.
2024-11-12 13:42:24,087 INFO  MethodCallReplacementClassAdapter - Adding mock interface to class org/apache/hadoop/hdfs/protocol/proto/HdfsProtos$FileEncryptionInfoProto$Builder
2024-11-12 13:42:24,090 INFO  CreateClassResetClassAdapter - Creating brand-new static initializer in class org/apache/hadoop/hdfs/protocol/proto/HdfsProtos$FileEncryptionInfoProto$Builder
2024-11-12 13:42:24,091 INFO  EvoClassLoader - Keeping class: org.apache.hadoop.hdfs.protocol.proto.HdfsProtos$FileEncryptionInfoProto$Builder
2024-11-12 13:42:24,091 INFO  EvoClassLoader - Seeing class for first time: org.apache.hadoop.hdfs.protocol.proto.HdfsProtos$StorageReportProto$Builder
2024-11-12 13:42:24,091 INFO  EvoClassLoader - Instrumenting class 'org.apache.hadoop.hdfs.protocol.proto.HdfsProtos$StorageReportProto$Builder'.
2024-11-12 13:42:24,092 INFO  MethodCallReplacementClassAdapter - Adding mock interface to class org/apache/hadoop/hdfs/protocol/proto/HdfsProtos$StorageReportProto$Builder
2024-11-12 13:42:24,094 INFO  CreateClassResetClassAdapter - Creating brand-new static initializer in class org/apache/hadoop/hdfs/protocol/proto/HdfsProtos$StorageReportProto$Builder
2024-11-12 13:42:24,095 INFO  EvoClassLoader - Keeping class: org.apache.hadoop.hdfs.protocol.proto.HdfsProtos$StorageReportProto$Builder
2024-11-12 13:42:24,095 INFO  EvoClassLoader - Seeing class for first time: org.apache.hadoop.thirdparty.protobuf.DescriptorProtos$ServiceOptions$Builder
2024-11-12 13:42:24,095 INFO  EvoClassLoader - Instrumenting class 'org.apache.hadoop.thirdparty.protobuf.DescriptorProtos$ServiceOptions$Builder'.
2024-11-12 13:42:24,096 INFO  MethodCallReplacementClassAdapter - Adding mock interface to class org/apache/hadoop/thirdparty/protobuf/DescriptorProtos$ServiceOptions$Builder
2024-11-12 13:42:24,097 INFO  CreateClassResetClassAdapter - Creating brand-new static initializer in class org/apache/hadoop/thirdparty/protobuf/DescriptorProtos$ServiceOptions$Builder
2024-11-12 13:42:24,097 INFO  EvoClassLoader - Keeping class: org.apache.hadoop.thirdparty.protobuf.DescriptorProtos$ServiceOptions$Builder
2024-11-12 13:42:24,098 INFO  EvoClassLoader - Seeing class for first time: org.apache.hadoop.hdfs.protocol.proto.AclProtos$FsPermissionProto
2024-11-12 13:42:24,098 INFO  EvoClassLoader - Instrumenting class 'org.apache.hadoop.hdfs.protocol.proto.AclProtos$FsPermissionProto'.
2024-11-12 13:42:24,098 INFO  MethodCallReplacementClassAdapter - Adding mock interface to class org/apache/hadoop/hdfs/protocol/proto/AclProtos$FsPermissionProto
2024-11-12 13:42:24,098 INFO  CreateClassResetClassAdapter - Found static initializer in class org/apache/hadoop/hdfs/protocol/proto/AclProtos$FsPermissionProto
2024-11-12 13:42:24,099 INFO  EvoClassLoader - Keeping class: org.apache.hadoop.hdfs.protocol.proto.AclProtos$FsPermissionProto
2024-11-12 13:42:24,099 INFO  EvoClassLoader - Seeing class for first time: org.apache.hadoop.thirdparty.protobuf.Option$Builder
2024-11-12 13:42:24,099 INFO  EvoClassLoader - Instrumenting class 'org.apache.hadoop.thirdparty.protobuf.Option$Builder'.
2024-11-12 13:42:24,099 INFO  MethodCallReplacementClassAdapter - Adding mock interface to class org/apache/hadoop/thirdparty/protobuf/Option$Builder
2024-11-12 13:42:24,101 INFO  CreateClassResetClassAdapter - Creating brand-new static initializer in class org/apache/hadoop/thirdparty/protobuf/Option$Builder
2024-11-12 13:42:24,101 INFO  EvoClassLoader - Keeping class: org.apache.hadoop.thirdparty.protobuf.Option$Builder
2024-11-12 13:42:24,102 INFO  EvoClassLoader - Seeing class for first time: org.apache.hadoop.thirdparty.protobuf.DescriptorProtos$FieldOptions$CType
2024-11-12 13:42:24,102 INFO  EvoClassLoader - Instrumenting class 'org.apache.hadoop.thirdparty.protobuf.DescriptorProtos$FieldOptions$CType'.
2024-11-12 13:42:24,102 INFO  MethodCallReplacementClassAdapter - Adding mock interface to class org/apache/hadoop/thirdparty/protobuf/DescriptorProtos$FieldOptions$CType
2024-11-12 13:42:24,103 INFO  CreateClassResetClassAdapter - Found static initializer in class org/apache/hadoop/thirdparty/protobuf/DescriptorProtos$FieldOptions$CType
2024-11-12 13:42:24,103 INFO  EvoClassLoader - Keeping class: org.apache.hadoop.thirdparty.protobuf.DescriptorProtos$FieldOptions$CType
2024-11-12 13:42:24,103 INFO  EvoClassLoader - Seeing class for first time: org.apache.hadoop.thirdparty.protobuf.DescriptorProtos$FieldOptions$JSType
2024-11-12 13:42:24,103 INFO  EvoClassLoader - Instrumenting class 'org.apache.hadoop.thirdparty.protobuf.DescriptorProtos$FieldOptions$JSType'.
2024-11-12 13:42:24,104 INFO  MethodCallReplacementClassAdapter - Adding mock interface to class org/apache/hadoop/thirdparty/protobuf/DescriptorProtos$FieldOptions$JSType
2024-11-12 13:42:24,104 INFO  CreateClassResetClassAdapter - Found static initializer in class org/apache/hadoop/thirdparty/protobuf/DescriptorProtos$FieldOptions$JSType
2024-11-12 13:42:24,104 INFO  EvoClassLoader - Keeping class: org.apache.hadoop.thirdparty.protobuf.DescriptorProtos$FieldOptions$JSType
2024-11-12 13:42:24,104 INFO  EvoClassLoader - Seeing class for first time: org.apache.hadoop.thirdparty.protobuf.DescriptorProtos$ExtensionRangeOptions$Builder
2024-11-12 13:42:24,104 INFO  EvoClassLoader - Instrumenting class 'org.apache.hadoop.thirdparty.protobuf.DescriptorProtos$ExtensionRangeOptions$Builder'.
2024-11-12 13:42:24,105 INFO  MethodCallReplacementClassAdapter - Adding mock interface to class org/apache/hadoop/thirdparty/protobuf/DescriptorProtos$ExtensionRangeOptions$Builder
2024-11-12 13:42:24,105 INFO  CreateClassResetClassAdapter - Creating brand-new static initializer in class org/apache/hadoop/thirdparty/protobuf/DescriptorProtos$ExtensionRangeOptions$Builder
2024-11-12 13:42:24,106 INFO  EvoClassLoader - Keeping class: org.apache.hadoop.thirdparty.protobuf.DescriptorProtos$ExtensionRangeOptions$Builder
2024-11-12 13:42:24,106 INFO  EvoClassLoader - Seeing class for first time: org.apache.hadoop.hdfs.protocol.proto.HdfsProtos$DatanodeIDProto$Builder
2024-11-12 13:42:24,106 INFO  EvoClassLoader - Instrumenting class 'org.apache.hadoop.hdfs.protocol.proto.HdfsProtos$DatanodeIDProto$Builder'.
2024-11-12 13:42:24,106 INFO  MethodCallReplacementClassAdapter - Adding mock interface to class org/apache/hadoop/hdfs/protocol/proto/HdfsProtos$DatanodeIDProto$Builder
2024-11-12 13:42:24,107 INFO  CreateClassResetClassAdapter - Creating brand-new static initializer in class org/apache/hadoop/hdfs/protocol/proto/HdfsProtos$DatanodeIDProto$Builder
2024-11-12 13:42:24,108 INFO  EvoClassLoader - Keeping class: org.apache.hadoop.hdfs.protocol.proto.HdfsProtos$DatanodeIDProto$Builder
2024-11-12 13:42:24,108 INFO  EvoClassLoader - Seeing class for first time: org.apache.hadoop.hdfs.protocol.proto.HdfsProtos$FsServerDefaultsProto$Builder
2024-11-12 13:42:24,108 INFO  EvoClassLoader - Instrumenting class 'org.apache.hadoop.hdfs.protocol.proto.HdfsProtos$FsServerDefaultsProto$Builder'.
2024-11-12 13:42:24,108 INFO  MethodCallReplacementClassAdapter - Adding mock interface to class org/apache/hadoop/hdfs/protocol/proto/HdfsProtos$FsServerDefaultsProto$Builder
2024-11-12 13:42:24,109 INFO  CreateClassResetClassAdapter - Creating brand-new static initializer in class org/apache/hadoop/hdfs/protocol/proto/HdfsProtos$FsServerDefaultsProto$Builder
2024-11-12 13:42:24,110 INFO  EvoClassLoader - Keeping class: org.apache.hadoop.hdfs.protocol.proto.HdfsProtos$FsServerDefaultsProto$Builder
2024-11-12 13:42:24,110 INFO  EvoClassLoader - Seeing class for first time: org.apache.hadoop.hdfs.protocol.proto.HdfsProtos$PerFileEncryptionInfoProto$Builder
2024-11-12 13:42:24,110 INFO  EvoClassLoader - Instrumenting class 'org.apache.hadoop.hdfs.protocol.proto.HdfsProtos$PerFileEncryptionInfoProto$Builder'.
2024-11-12 13:42:24,111 INFO  MethodCallReplacementClassAdapter - Adding mock interface to class org/apache/hadoop/hdfs/protocol/proto/HdfsProtos$PerFileEncryptionInfoProto$Builder
2024-11-12 13:42:24,112 INFO  CreateClassResetClassAdapter - Creating brand-new static initializer in class org/apache/hadoop/hdfs/protocol/proto/HdfsProtos$PerFileEncryptionInfoProto$Builder
2024-11-12 13:42:24,112 INFO  EvoClassLoader - Keeping class: org.apache.hadoop.hdfs.protocol.proto.HdfsProtos$PerFileEncryptionInfoProto$Builder
2024-11-12 13:42:24,113 INFO  EvoClassLoader - Seeing class for first time: org.apache.hadoop.hdfs.protocol.proto.HdfsProtos$DirectoryListingProto$Builder
2024-11-12 13:42:24,113 INFO  EvoClassLoader - Instrumenting class 'org.apache.hadoop.hdfs.protocol.proto.HdfsProtos$DirectoryListingProto$Builder'.
2024-11-12 13:42:24,113 INFO  MethodCallReplacementClassAdapter - Adding mock interface to class org/apache/hadoop/hdfs/protocol/proto/HdfsProtos$DirectoryListingProto$Builder
2024-11-12 13:42:24,115 INFO  CreateClassResetClassAdapter - Creating brand-new static initializer in class org/apache/hadoop/hdfs/protocol/proto/HdfsProtos$DirectoryListingProto$Builder
2024-11-12 13:42:24,115 INFO  EvoClassLoader - Keeping class: org.apache.hadoop.hdfs.protocol.proto.HdfsProtos$DirectoryListingProto$Builder
2024-11-12 13:42:24,116 INFO  EvoClassLoader - Seeing class for first time: org.apache.hadoop.security.proto.SecurityProtos$TokenProto
2024-11-12 13:42:24,116 INFO  EvoClassLoader - Instrumenting class 'org.apache.hadoop.security.proto.SecurityProtos$TokenProto'.
2024-11-12 13:42:24,116 INFO  MethodCallReplacementClassAdapter - Adding mock interface to class org/apache/hadoop/security/proto/SecurityProtos$TokenProto
2024-11-12 13:42:24,117 INFO  CreateClassResetClassAdapter - Found static initializer in class org/apache/hadoop/security/proto/SecurityProtos$TokenProto
2024-11-12 13:42:24,117 INFO  EvoClassLoader - Keeping class: org.apache.hadoop.security.proto.SecurityProtos$TokenProto
2024-11-12 13:42:24,117 INFO  EvoClassLoader - Seeing class for first time: org.apache.hadoop.hdfs.protocol.proto.HdfsProtos$StorageTypeQuotaInfosProto$Builder
2024-11-12 13:42:24,117 INFO  EvoClassLoader - Instrumenting class 'org.apache.hadoop.hdfs.protocol.proto.HdfsProtos$StorageTypeQuotaInfosProto$Builder'.
2024-11-12 13:42:24,118 INFO  MethodCallReplacementClassAdapter - Adding mock interface to class org/apache/hadoop/hdfs/protocol/proto/HdfsProtos$StorageTypeQuotaInfosProto$Builder
2024-11-12 13:42:24,119 INFO  CreateClassResetClassAdapter - Creating brand-new static initializer in class org/apache/hadoop/hdfs/protocol/proto/HdfsProtos$StorageTypeQuotaInfosProto$Builder
2024-11-12 13:42:24,119 INFO  EvoClassLoader - Keeping class: org.apache.hadoop.hdfs.protocol.proto.HdfsProtos$StorageTypeQuotaInfosProto$Builder
2024-11-12 13:42:24,119 INFO  EvoClassLoader - Seeing class for first time: org.apache.hadoop.thirdparty.protobuf.WireFormat$Utf8Validation
2024-11-12 13:42:24,119 INFO  EvoClassLoader - Instrumenting class 'org.apache.hadoop.thirdparty.protobuf.WireFormat$Utf8Validation'.
2024-11-12 13:42:24,119 INFO  MethodCallReplacementClassAdapter - Adding mock interface to class org/apache/hadoop/thirdparty/protobuf/WireFormat$Utf8Validation
2024-11-12 13:42:24,119 INFO  CreateClassResetClassAdapter - Found static initializer in class org/apache/hadoop/thirdparty/protobuf/WireFormat$Utf8Validation
2024-11-12 13:42:24,119 INFO  EvoClassLoader - Keeping class: org.apache.hadoop.thirdparty.protobuf.WireFormat$Utf8Validation
2024-11-12 13:42:24,120 INFO  EvoClassLoader - Seeing class for first time: org.apache.hadoop.thirdparty.protobuf.DescriptorProtos$ServiceDescriptorProto$Builder
2024-11-12 13:42:24,120 INFO  EvoClassLoader - Instrumenting class 'org.apache.hadoop.thirdparty.protobuf.DescriptorProtos$ServiceDescriptorProto$Builder'.
2024-11-12 13:42:24,120 INFO  MethodCallReplacementClassAdapter - Adding mock interface to class org/apache/hadoop/thirdparty/protobuf/DescriptorProtos$ServiceDescriptorProto$Builder
2024-11-12 13:42:24,121 INFO  CreateClassResetClassAdapter - Creating brand-new static initializer in class org/apache/hadoop/thirdparty/protobuf/DescriptorProtos$ServiceDescriptorProto$Builder
2024-11-12 13:42:24,121 INFO  EvoClassLoader - Keeping class: org.apache.hadoop.thirdparty.protobuf.DescriptorProtos$ServiceDescriptorProto$Builder
2024-11-12 13:42:24,121 INFO  EvoClassLoader - Seeing class for first time: org.apache.hadoop.thirdparty.protobuf.DescriptorProtos$UninterpretedOption$Builder
2024-11-12 13:42:24,121 INFO  EvoClassLoader - Instrumenting class 'org.apache.hadoop.thirdparty.protobuf.DescriptorProtos$UninterpretedOption$Builder'.
2024-11-12 13:42:24,122 INFO  MethodCallReplacementClassAdapter - Adding mock interface to class org/apache/hadoop/thirdparty/protobuf/DescriptorProtos$UninterpretedOption$Builder
2024-11-12 13:42:24,123 INFO  CreateClassResetClassAdapter - Creating brand-new static initializer in class org/apache/hadoop/thirdparty/protobuf/DescriptorProtos$UninterpretedOption$Builder
2024-11-12 13:42:24,123 INFO  EvoClassLoader - Keeping class: org.apache.hadoop.thirdparty.protobuf.DescriptorProtos$UninterpretedOption$Builder
2024-11-12 13:42:24,124 INFO  EvoClassLoader - Seeing class for first time: org.apache.hadoop.hdfs.protocol.proto.HdfsProtos$ECSchemaProto$Builder
2024-11-12 13:42:24,124 INFO  EvoClassLoader - Instrumenting class 'org.apache.hadoop.hdfs.protocol.proto.HdfsProtos$ECSchemaProto$Builder'.
2024-11-12 13:42:24,124 INFO  MethodCallReplacementClassAdapter - Adding mock interface to class org/apache/hadoop/hdfs/protocol/proto/HdfsProtos$ECSchemaProto$Builder
2024-11-12 13:42:24,125 INFO  CreateClassResetClassAdapter - Creating brand-new static initializer in class org/apache/hadoop/hdfs/protocol/proto/HdfsProtos$ECSchemaProto$Builder
2024-11-12 13:42:24,125 INFO  EvoClassLoader - Keeping class: org.apache.hadoop.hdfs.protocol.proto.HdfsProtos$ECSchemaProto$Builder
2024-11-12 13:42:24,125 INFO  EvoClassLoader - Seeing class for first time: org.apache.hadoop.hdfs.protocol.proto.HdfsProtos$ECSchemaOptionEntryProto$Builder
2024-11-12 13:42:24,125 INFO  EvoClassLoader - Instrumenting class 'org.apache.hadoop.hdfs.protocol.proto.HdfsProtos$ECSchemaOptionEntryProto$Builder'.
2024-11-12 13:42:24,126 INFO  MethodCallReplacementClassAdapter - Adding mock interface to class org/apache/hadoop/hdfs/protocol/proto/HdfsProtos$ECSchemaOptionEntryProto$Builder
2024-11-12 13:42:24,126 INFO  CreateClassResetClassAdapter - Creating brand-new static initializer in class org/apache/hadoop/hdfs/protocol/proto/HdfsProtos$ECSchemaOptionEntryProto$Builder
2024-11-12 13:42:24,127 INFO  EvoClassLoader - Keeping class: org.apache.hadoop.hdfs.protocol.proto.HdfsProtos$ECSchemaOptionEntryProto$Builder
2024-11-12 13:42:24,127 INFO  EvoClassLoader - Seeing class for first time: org.apache.hadoop.thirdparty.protobuf.MapField$MutabilityAwareMap
2024-11-12 13:42:24,127 INFO  EvoClassLoader - Instrumenting class 'org.apache.hadoop.thirdparty.protobuf.MapField$MutabilityAwareMap'.
2024-11-12 13:42:24,127 INFO  MethodCallReplacementClassAdapter - Adding mock interface to class org/apache/hadoop/thirdparty/protobuf/MapField$MutabilityAwareMap
2024-11-12 13:42:24,127 INFO  CreateClassResetClassAdapter - Creating brand-new static initializer in class org/apache/hadoop/thirdparty/protobuf/MapField$MutabilityAwareMap
2024-11-12 13:42:24,128 INFO  EvoClassLoader - Keeping class: org.apache.hadoop.thirdparty.protobuf.MapField$MutabilityAwareMap
2024-11-12 13:42:24,128 INFO  EvoClassLoader - Seeing class for first time: org.apache.hadoop.hdfs.protocol.proto.HdfsProtos$SnapshottableDirectoryListingProto$Builder
2024-11-12 13:42:24,128 INFO  EvoClassLoader - Instrumenting class 'org.apache.hadoop.hdfs.protocol.proto.HdfsProtos$SnapshottableDirectoryListingProto$Builder'.
2024-11-12 13:42:24,128 INFO  MethodCallReplacementClassAdapter - Adding mock interface to class org/apache/hadoop/hdfs/protocol/proto/HdfsProtos$SnapshottableDirectoryListingProto$Builder
2024-11-12 13:42:24,129 INFO  CreateClassResetClassAdapter - Creating brand-new static initializer in class org/apache/hadoop/hdfs/protocol/proto/HdfsProtos$SnapshottableDirectoryListingProto$Builder
2024-11-12 13:42:24,130 INFO  EvoClassLoader - Keeping class: org.apache.hadoop.hdfs.protocol.proto.HdfsProtos$SnapshottableDirectoryListingProto$Builder
2024-11-12 13:42:24,130 INFO  EvoClassLoader - Seeing class for first time: org.apache.hadoop.hdfs.protocol.proto.HdfsProtos$BlockChecksumOptionsProto$Builder
2024-11-12 13:42:24,130 INFO  EvoClassLoader - Instrumenting class 'org.apache.hadoop.hdfs.protocol.proto.HdfsProtos$BlockChecksumOptionsProto$Builder'.
2024-11-12 13:42:24,130 INFO  MethodCallReplacementClassAdapter - Adding mock interface to class org/apache/hadoop/hdfs/protocol/proto/HdfsProtos$BlockChecksumOptionsProto$Builder
2024-11-12 13:42:24,131 INFO  CreateClassResetClassAdapter - Creating brand-new static initializer in class org/apache/hadoop/hdfs/protocol/proto/HdfsProtos$BlockChecksumOptionsProto$Builder
2024-11-12 13:42:24,131 INFO  EvoClassLoader - Keeping class: org.apache.hadoop.hdfs.protocol.proto.HdfsProtos$BlockChecksumOptionsProto$Builder
2024-11-12 13:42:24,132 INFO  EvoClassLoader - Seeing class for first time: org.apache.hadoop.hdfs.protocol.proto.HdfsProtos$RemoteExceptionProto$Builder
2024-11-12 13:42:24,132 INFO  EvoClassLoader - Instrumenting class 'org.apache.hadoop.hdfs.protocol.proto.HdfsProtos$RemoteExceptionProto$Builder'.
2024-11-12 13:42:24,132 INFO  MethodCallReplacementClassAdapter - Adding mock interface to class org/apache/hadoop/hdfs/protocol/proto/HdfsProtos$RemoteExceptionProto$Builder
2024-11-12 13:42:24,133 INFO  CreateClassResetClassAdapter - Creating brand-new static initializer in class org/apache/hadoop/hdfs/protocol/proto/HdfsProtos$RemoteExceptionProto$Builder
2024-11-12 13:42:24,133 INFO  EvoClassLoader - Keeping class: org.apache.hadoop.hdfs.protocol.proto.HdfsProtos$RemoteExceptionProto$Builder
2024-11-12 13:42:24,134 INFO  EvoClassLoader - Seeing class for first time: org.apache.hadoop.hdfs.protocol.proto.HdfsProtos$ProvidedStorageLocationProto$Builder
2024-11-12 13:42:24,134 INFO  EvoClassLoader - Instrumenting class 'org.apache.hadoop.hdfs.protocol.proto.HdfsProtos$ProvidedStorageLocationProto$Builder'.
2024-11-12 13:42:24,134 INFO  MethodCallReplacementClassAdapter - Adding mock interface to class org/apache/hadoop/hdfs/protocol/proto/HdfsProtos$ProvidedStorageLocationProto$Builder
2024-11-12 13:42:24,135 INFO  CreateClassResetClassAdapter - Creating brand-new static initializer in class org/apache/hadoop/hdfs/protocol/proto/HdfsProtos$ProvidedStorageLocationProto$Builder
2024-11-12 13:42:24,135 INFO  EvoClassLoader - Keeping class: org.apache.hadoop.hdfs.protocol.proto.HdfsProtos$ProvidedStorageLocationProto$Builder
2024-11-12 13:42:24,135 INFO  EvoClassLoader - Seeing class for first time: org.apache.hadoop.thirdparty.protobuf.TextFormatParseInfoTree$Builder
2024-11-12 13:42:24,135 INFO  EvoClassLoader - Instrumenting class 'org.apache.hadoop.thirdparty.protobuf.TextFormatParseInfoTree$Builder'.
2024-11-12 13:42:24,136 INFO  MethodCallReplacementClassAdapter - Adding mock interface to class org/apache/hadoop/thirdparty/protobuf/TextFormatParseInfoTree$Builder
2024-11-12 13:42:24,136 INFO  CreateClassResetClassAdapter - Creating brand-new static initializer in class org/apache/hadoop/thirdparty/protobuf/TextFormatParseInfoTree$Builder
2024-11-12 13:42:24,136 INFO  EvoClassLoader - Keeping class: org.apache.hadoop.thirdparty.protobuf.TextFormatParseInfoTree$Builder
2024-11-12 13:42:24,136 INFO  EvoClassLoader - Seeing class for first time: org.apache.hadoop.hdfs.protocol.proto.HdfsProtos$DatanodeVolumeInfoProto$Builder
2024-11-12 13:42:24,136 INFO  EvoClassLoader - Instrumenting class 'org.apache.hadoop.hdfs.protocol.proto.HdfsProtos$DatanodeVolumeInfoProto$Builder'.
2024-11-12 13:42:24,137 INFO  MethodCallReplacementClassAdapter - Adding mock interface to class org/apache/hadoop/hdfs/protocol/proto/HdfsProtos$DatanodeVolumeInfoProto$Builder
2024-11-12 13:42:24,138 INFO  CreateClassResetClassAdapter - Creating brand-new static initializer in class org/apache/hadoop/hdfs/protocol/proto/HdfsProtos$DatanodeVolumeInfoProto$Builder
2024-11-12 13:42:24,139 INFO  EvoClassLoader - Keeping class: org.apache.hadoop.hdfs.protocol.proto.HdfsProtos$DatanodeVolumeInfoProto$Builder
2024-11-12 13:42:24,139 INFO  EvoClassLoader - Seeing class for first time: org.apache.hadoop.hdfs.protocol.proto.HdfsProtos$LocatedBlocksProto$Builder
2024-11-12 13:42:24,139 INFO  EvoClassLoader - Instrumenting class 'org.apache.hadoop.hdfs.protocol.proto.HdfsProtos$LocatedBlocksProto$Builder'.
2024-11-12 13:42:24,140 INFO  MethodCallReplacementClassAdapter - Adding mock interface to class org/apache/hadoop/hdfs/protocol/proto/HdfsProtos$LocatedBlocksProto$Builder
2024-11-12 13:42:24,142 INFO  CreateClassResetClassAdapter - Creating brand-new static initializer in class org/apache/hadoop/hdfs/protocol/proto/HdfsProtos$LocatedBlocksProto$Builder
2024-11-12 13:42:24,143 INFO  EvoClassLoader - Keeping class: org.apache.hadoop.hdfs.protocol.proto.HdfsProtos$LocatedBlocksProto$Builder
2024-11-12 13:42:24,144 INFO  EvoClassLoader - Seeing class for first time: org.apache.hadoop.thirdparty.protobuf.DescriptorProtos$EnumDescriptorProto$EnumReservedRange$Builder
2024-11-12 13:42:24,144 INFO  EvoClassLoader - Instrumenting class 'org.apache.hadoop.thirdparty.protobuf.DescriptorProtos$EnumDescriptorProto$EnumReservedRange$Builder'.
2024-11-12 13:42:24,144 INFO  MethodCallReplacementClassAdapter - Adding mock interface to class org/apache/hadoop/thirdparty/protobuf/DescriptorProtos$EnumDescriptorProto$EnumReservedRange$Builder
2024-11-12 13:42:24,146 INFO  CreateClassResetClassAdapter - Creating brand-new static initializer in class org/apache/hadoop/thirdparty/protobuf/DescriptorProtos$EnumDescriptorProto$EnumReservedRange$Builder
2024-11-12 13:42:24,146 INFO  EvoClassLoader - Keeping class: org.apache.hadoop.thirdparty.protobuf.DescriptorProtos$EnumDescriptorProto$EnumReservedRange$Builder
2024-11-12 13:42:24,146 INFO  EvoClassLoader - Seeing class for first time: org.apache.hadoop.thirdparty.protobuf.DescriptorProtos$EnumOptions$Builder
2024-11-12 13:42:24,146 INFO  EvoClassLoader - Instrumenting class 'org.apache.hadoop.thirdparty.protobuf.DescriptorProtos$EnumOptions$Builder'.
2024-11-12 13:42:24,146 INFO  MethodCallReplacementClassAdapter - Adding mock interface to class org/apache/hadoop/thirdparty/protobuf/DescriptorProtos$EnumOptions$Builder
2024-11-12 13:42:24,147 INFO  CreateClassResetClassAdapter - Creating brand-new static initializer in class org/apache/hadoop/thirdparty/protobuf/DescriptorProtos$EnumOptions$Builder
2024-11-12 13:42:24,148 INFO  EvoClassLoader - Keeping class: org.apache.hadoop.thirdparty.protobuf.DescriptorProtos$EnumOptions$Builder
2024-11-12 13:42:24,148 INFO  EvoClassLoader - Seeing class for first time: org.apache.hadoop.hdfs.protocol.proto.HdfsProtos$SnapshottableDirectoryStatusProto$Builder
2024-11-12 13:42:24,148 INFO  EvoClassLoader - Instrumenting class 'org.apache.hadoop.hdfs.protocol.proto.HdfsProtos$SnapshottableDirectoryStatusProto$Builder'.
2024-11-12 13:42:24,148 INFO  MethodCallReplacementClassAdapter - Adding mock interface to class org/apache/hadoop/hdfs/protocol/proto/HdfsProtos$SnapshottableDirectoryStatusProto$Builder
2024-11-12 13:42:24,149 INFO  CreateClassResetClassAdapter - Creating brand-new static initializer in class org/apache/hadoop/hdfs/protocol/proto/HdfsProtos$SnapshottableDirectoryStatusProto$Builder
2024-11-12 13:42:24,149 INFO  EvoClassLoader - Keeping class: org.apache.hadoop.hdfs.protocol.proto.HdfsProtos$SnapshottableDirectoryStatusProto$Builder
2024-11-12 13:42:24,150 INFO  EvoClassLoader - Seeing class for first time: org.apache.hadoop.hdfs.protocol.proto.HdfsProtos$AddErasureCodingPolicyResponseProto$Builder
2024-11-12 13:42:24,150 INFO  EvoClassLoader - Instrumenting class 'org.apache.hadoop.hdfs.protocol.proto.HdfsProtos$AddErasureCodingPolicyResponseProto$Builder'.
2024-11-12 13:42:24,150 INFO  MethodCallReplacementClassAdapter - Adding mock interface to class org/apache/hadoop/hdfs/protocol/proto/HdfsProtos$AddErasureCodingPolicyResponseProto$Builder
2024-11-12 13:42:24,151 INFO  CreateClassResetClassAdapter - Creating brand-new static initializer in class org/apache/hadoop/hdfs/protocol/proto/HdfsProtos$AddErasureCodingPolicyResponseProto$Builder
2024-11-12 13:42:24,151 INFO  EvoClassLoader - Keeping class: org.apache.hadoop.hdfs.protocol.proto.HdfsProtos$AddErasureCodingPolicyResponseProto$Builder
2024-11-12 13:42:24,151 INFO  EvoClassLoader - Seeing class for first time: org.apache.hadoop.thirdparty.protobuf.DescriptorProtos$UninterpretedOption$NamePartOrBuilder
2024-11-12 13:42:24,151 INFO  EvoClassLoader - Instrumenting class 'org.apache.hadoop.thirdparty.protobuf.DescriptorProtos$UninterpretedOption$NamePartOrBuilder'.
2024-11-12 13:42:24,151 INFO  EvoClassLoader - Keeping class: org.apache.hadoop.thirdparty.protobuf.DescriptorProtos$UninterpretedOption$NamePartOrBuilder
2024-11-12 13:42:24,151 INFO  EvoClassLoader - Seeing class for first time: org.apache.hadoop.thirdparty.protobuf.DescriptorProtos$UninterpretedOption$NamePart
2024-11-12 13:42:24,151 INFO  EvoClassLoader - Instrumenting class 'org.apache.hadoop.thirdparty.protobuf.DescriptorProtos$UninterpretedOption$NamePart'.
2024-11-12 13:42:24,152 INFO  MethodCallReplacementClassAdapter - Adding mock interface to class org/apache/hadoop/thirdparty/protobuf/DescriptorProtos$UninterpretedOption$NamePart
2024-11-12 13:42:24,152 INFO  CreateClassResetClassAdapter - Found static initializer in class org/apache/hadoop/thirdparty/protobuf/DescriptorProtos$UninterpretedOption$NamePart
2024-11-12 13:42:24,152 INFO  EvoClassLoader - Keeping class: org.apache.hadoop.thirdparty.protobuf.DescriptorProtos$UninterpretedOption$NamePart
2024-11-12 13:42:24,152 INFO  EvoClassLoader - Seeing class for first time: org.checkerframework.framework.qual.TypeKind
2024-11-12 13:42:24,152 INFO  EvoClassLoader - Instrumenting class 'org.checkerframework.framework.qual.TypeKind'.
2024-11-12 13:42:24,153 INFO  MethodCallReplacementClassAdapter - Adding mock interface to class org/checkerframework/framework/qual/TypeKind
2024-11-12 13:42:24,153 INFO  CreateClassResetClassAdapter - Found static initializer in class org/checkerframework/framework/qual/TypeKind
2024-11-12 13:42:24,153 INFO  EvoClassLoader - Keeping class: org.checkerframework.framework.qual.TypeKind
2024-11-12 13:42:24,153 INFO  EvoClassLoader - Seeing class for first time: org.checkerframework.framework.qual.LiteralKind
2024-11-12 13:42:24,153 INFO  EvoClassLoader - Instrumenting class 'org.checkerframework.framework.qual.LiteralKind'.
2024-11-12 13:42:24,153 INFO  MethodCallReplacementClassAdapter - Adding mock interface to class org/checkerframework/framework/qual/LiteralKind
2024-11-12 13:42:24,153 INFO  CreateClassResetClassAdapter - Found static initializer in class org/checkerframework/framework/qual/LiteralKind
2024-11-12 13:42:24,153 INFO  EvoClassLoader - Keeping class: org.checkerframework.framework.qual.LiteralKind
2024-11-12 13:42:24,153 INFO  EvoClassLoader - Seeing class for first time: org.apache.hadoop.thirdparty.protobuf.DescriptorProtos$EnumValueOptions$Builder
2024-11-12 13:42:24,153 INFO  EvoClassLoader - Instrumenting class 'org.apache.hadoop.thirdparty.protobuf.DescriptorProtos$EnumValueOptions$Builder'.
2024-11-12 13:42:24,154 INFO  MethodCallReplacementClassAdapter - Adding mock interface to class org/apache/hadoop/thirdparty/protobuf/DescriptorProtos$EnumValueOptions$Builder
2024-11-12 13:42:24,155 INFO  CreateClassResetClassAdapter - Creating brand-new static initializer in class org/apache/hadoop/thirdparty/protobuf/DescriptorProtos$EnumValueOptions$Builder
2024-11-12 13:42:24,155 INFO  EvoClassLoader - Keeping class: org.apache.hadoop.thirdparty.protobuf.DescriptorProtos$EnumValueOptions$Builder
2024-11-12 13:42:24,155 INFO  EvoClassLoader - Seeing class for first time: org.apache.hadoop.thirdparty.protobuf.MessageReflection$MergeTarget$ContainerType
2024-11-12 13:42:24,155 INFO  EvoClassLoader - Instrumenting class 'org.apache.hadoop.thirdparty.protobuf.MessageReflection$MergeTarget$ContainerType'.
2024-11-12 13:42:24,156 INFO  MethodCallReplacementClassAdapter - Adding mock interface to class org/apache/hadoop/thirdparty/protobuf/MessageReflection$MergeTarget$ContainerType
2024-11-12 13:42:24,156 INFO  CreateClassResetClassAdapter - Found static initializer in class org/apache/hadoop/thirdparty/protobuf/MessageReflection$MergeTarget$ContainerType
2024-11-12 13:42:24,156 INFO  EvoClassLoader - Keeping class: org.apache.hadoop.thirdparty.protobuf.MessageReflection$MergeTarget$ContainerType
2024-11-12 13:42:24,156 INFO  EvoClassLoader - Seeing class for first time: org.apache.hadoop.hdfs.protocol.proto.HdfsProtos$DatanodeInfosProto$Builder
2024-11-12 13:42:24,156 INFO  EvoClassLoader - Instrumenting class 'org.apache.hadoop.hdfs.protocol.proto.HdfsProtos$DatanodeInfosProto$Builder'.
2024-11-12 13:42:24,156 INFO  MethodCallReplacementClassAdapter - Adding mock interface to class org/apache/hadoop/hdfs/protocol/proto/HdfsProtos$DatanodeInfosProto$Builder
2024-11-12 13:42:24,157 INFO  CreateClassResetClassAdapter - Creating brand-new static initializer in class org/apache/hadoop/hdfs/protocol/proto/HdfsProtos$DatanodeInfosProto$Builder
2024-11-12 13:42:24,157 INFO  EvoClassLoader - Keeping class: org.apache.hadoop.hdfs.protocol.proto.HdfsProtos$DatanodeInfosProto$Builder
2024-11-12 13:42:24,157 INFO  EvoClassLoader - Seeing class for first time: org.apache.hadoop.hdfs.protocol.proto.HdfsProtos$HdfsFileStatusProto$Builder
2024-11-12 13:42:24,157 INFO  EvoClassLoader - Instrumenting class 'org.apache.hadoop.hdfs.protocol.proto.HdfsProtos$HdfsFileStatusProto$Builder'.
2024-11-12 13:42:24,158 INFO  MethodCallReplacementClassAdapter - Adding mock interface to class org/apache/hadoop/hdfs/protocol/proto/HdfsProtos$HdfsFileStatusProto$Builder
2024-11-12 13:42:24,159 INFO  CreateClassResetClassAdapter - Creating brand-new static initializer in class org/apache/hadoop/hdfs/protocol/proto/HdfsProtos$HdfsFileStatusProto$Builder
2024-11-12 13:42:24,216 INFO  EvoClassLoader - Keeping class: org.apache.hadoop.hdfs.protocol.proto.HdfsProtos$HdfsFileStatusProto$Builder
2024-11-12 13:42:24,216 INFO  EvoClassLoader - Seeing class for first time: org.apache.hadoop.hdfs.protocol.proto.HdfsProtos$HdfsFileStatusProto$FileType
2024-11-12 13:42:24,216 INFO  EvoClassLoader - Instrumenting class 'org.apache.hadoop.hdfs.protocol.proto.HdfsProtos$HdfsFileStatusProto$FileType'.
2024-11-12 13:42:24,217 INFO  MethodCallReplacementClassAdapter - Adding mock interface to class org/apache/hadoop/hdfs/protocol/proto/HdfsProtos$HdfsFileStatusProto$FileType
2024-11-12 13:42:24,218 INFO  CreateClassResetClassAdapter - Found static initializer in class org/apache/hadoop/hdfs/protocol/proto/HdfsProtos$HdfsFileStatusProto$FileType
2024-11-12 13:42:24,218 INFO  EvoClassLoader - Keeping class: org.apache.hadoop.hdfs.protocol.proto.HdfsProtos$HdfsFileStatusProto$FileType
2024-11-12 13:42:24,218 INFO  EvoClassLoader - Seeing class for first time: org.apache.hadoop.hdfs.protocol.proto.HdfsProtos$DatanodeInfoProto$Builder
2024-11-12 13:42:24,219 INFO  EvoClassLoader - Instrumenting class 'org.apache.hadoop.hdfs.protocol.proto.HdfsProtos$DatanodeInfoProto$Builder'.
2024-11-12 13:42:24,219 INFO  MethodCallReplacementClassAdapter - Adding mock interface to class org/apache/hadoop/hdfs/protocol/proto/HdfsProtos$DatanodeInfoProto$Builder
2024-11-12 13:42:24,220 INFO  CreateClassResetClassAdapter - Creating brand-new static initializer in class org/apache/hadoop/hdfs/protocol/proto/HdfsProtos$DatanodeInfoProto$Builder
2024-11-12 13:42:24,221 INFO  EvoClassLoader - Keeping class: org.apache.hadoop.hdfs.protocol.proto.HdfsProtos$DatanodeInfoProto$Builder
2024-11-12 13:42:24,221 INFO  EvoClassLoader - Seeing class for first time: org.apache.hadoop.hdfs.protocol.proto.HdfsProtos$DatanodeInfoProto$AdminState
2024-11-12 13:42:24,221 INFO  EvoClassLoader - Instrumenting class 'org.apache.hadoop.hdfs.protocol.proto.HdfsProtos$DatanodeInfoProto$AdminState'.
2024-11-12 13:42:24,221 INFO  MethodCallReplacementClassAdapter - Adding mock interface to class org/apache/hadoop/hdfs/protocol/proto/HdfsProtos$DatanodeInfoProto$AdminState
2024-11-12 13:42:24,222 INFO  CreateClassResetClassAdapter - Found static initializer in class org/apache/hadoop/hdfs/protocol/proto/HdfsProtos$DatanodeInfoProto$AdminState
2024-11-12 13:42:24,222 INFO  EvoClassLoader - Keeping class: org.apache.hadoop.hdfs.protocol.proto.HdfsProtos$DatanodeInfoProto$AdminState
2024-11-12 13:42:24,222 INFO  EvoClassLoader - Seeing class for first time: org.apache.hadoop.thirdparty.protobuf.TextFormat$Tokenizer
2024-11-12 13:42:24,222 INFO  EvoClassLoader - Instrumenting class 'org.apache.hadoop.thirdparty.protobuf.TextFormat$Tokenizer'.
2024-11-12 13:42:24,223 INFO  MethodCallReplacementClassAdapter - Adding mock interface to class org/apache/hadoop/thirdparty/protobuf/TextFormat$Tokenizer
2024-11-12 13:42:24,223 INFO  CreateClassResetClassAdapter - Found static initializer in class org/apache/hadoop/thirdparty/protobuf/TextFormat$Tokenizer
2024-11-12 13:42:24,224 INFO  EvoClassLoader - Keeping class: org.apache.hadoop.thirdparty.protobuf.TextFormat$Tokenizer
2024-11-12 13:42:24,224 INFO  EvoClassLoader - Seeing class for first time: org.apache.hadoop.hdfs.protocol.proto.HdfsProtos$StorageTypeQuotaInfoProto$Builder
2024-11-12 13:42:24,224 INFO  EvoClassLoader - Instrumenting class 'org.apache.hadoop.hdfs.protocol.proto.HdfsProtos$StorageTypeQuotaInfoProto$Builder'.
2024-11-12 13:42:24,225 INFO  MethodCallReplacementClassAdapter - Adding mock interface to class org/apache/hadoop/hdfs/protocol/proto/HdfsProtos$StorageTypeQuotaInfoProto$Builder
2024-11-12 13:42:24,226 INFO  CreateClassResetClassAdapter - Creating brand-new static initializer in class org/apache/hadoop/hdfs/protocol/proto/HdfsProtos$StorageTypeQuotaInfoProto$Builder
2024-11-12 13:42:24,227 INFO  EvoClassLoader - Keeping class: org.apache.hadoop.hdfs.protocol.proto.HdfsProtos$StorageTypeQuotaInfoProto$Builder
2024-11-12 13:42:24,227 INFO  EvoClassLoader - Seeing class for first time: org.apache.hadoop.hdfs.protocol.proto.HdfsProtos$ExtendedBlockProto$Builder
2024-11-12 13:42:24,227 INFO  EvoClassLoader - Instrumenting class 'org.apache.hadoop.hdfs.protocol.proto.HdfsProtos$ExtendedBlockProto$Builder'.
2024-11-12 13:42:24,228 INFO  MethodCallReplacementClassAdapter - Adding mock interface to class org/apache/hadoop/hdfs/protocol/proto/HdfsProtos$ExtendedBlockProto$Builder
2024-11-12 13:42:24,229 INFO  CreateClassResetClassAdapter - Creating brand-new static initializer in class org/apache/hadoop/hdfs/protocol/proto/HdfsProtos$ExtendedBlockProto$Builder
2024-11-12 13:42:24,229 INFO  EvoClassLoader - Keeping class: org.apache.hadoop.hdfs.protocol.proto.HdfsProtos$ExtendedBlockProto$Builder
2024-11-12 13:42:24,230 INFO  EvoClassLoader - Seeing class for first time: org.apache.hadoop.hdfs.protocol.proto.HdfsProtos$SnapshotDiffReportProto$Builder
2024-11-12 13:42:24,230 INFO  EvoClassLoader - Instrumenting class 'org.apache.hadoop.hdfs.protocol.proto.HdfsProtos$SnapshotDiffReportProto$Builder'.
2024-11-12 13:42:24,230 INFO  MethodCallReplacementClassAdapter - Adding mock interface to class org/apache/hadoop/hdfs/protocol/proto/HdfsProtos$SnapshotDiffReportProto$Builder
2024-11-12 13:42:24,232 INFO  CreateClassResetClassAdapter - Creating brand-new static initializer in class org/apache/hadoop/hdfs/protocol/proto/HdfsProtos$SnapshotDiffReportProto$Builder
2024-11-12 13:42:24,233 INFO  EvoClassLoader - Keeping class: org.apache.hadoop.hdfs.protocol.proto.HdfsProtos$SnapshotDiffReportProto$Builder
2024-11-12 13:42:24,233 INFO  EvoClassLoader - Seeing class for first time: org.apache.hadoop.hdfs.protocol.proto.HdfsProtos$DatanodeStorageProto$StorageState
2024-11-12 13:42:24,233 INFO  EvoClassLoader - Instrumenting class 'org.apache.hadoop.hdfs.protocol.proto.HdfsProtos$DatanodeStorageProto$StorageState'.
2024-11-12 13:42:24,234 INFO  MethodCallReplacementClassAdapter - Adding mock interface to class org/apache/hadoop/hdfs/protocol/proto/HdfsProtos$DatanodeStorageProto$StorageState
2024-11-12 13:42:24,235 INFO  CreateClassResetClassAdapter - Found static initializer in class org/apache/hadoop/hdfs/protocol/proto/HdfsProtos$DatanodeStorageProto$StorageState
2024-11-12 13:42:24,235 INFO  EvoClassLoader - Keeping class: org.apache.hadoop.hdfs.protocol.proto.HdfsProtos$DatanodeStorageProto$StorageState
2024-11-12 13:42:24,235 INFO  EvoClassLoader - Seeing class for first time: org.apache.hadoop.thirdparty.protobuf.Descriptors$FileDescriptor$InternalDescriptorAssigner
2024-11-12 13:42:24,235 INFO  EvoClassLoader - Instrumenting class 'org.apache.hadoop.thirdparty.protobuf.Descriptors$FileDescriptor$InternalDescriptorAssigner'.
2024-11-12 13:42:24,236 INFO  EvoClassLoader - Keeping class: org.apache.hadoop.thirdparty.protobuf.Descriptors$FileDescriptor$InternalDescriptorAssigner
2024-11-12 13:42:24,236 INFO  EvoClassLoader - Seeing class for first time: org.apache.hadoop.hdfs.protocol.proto.HdfsProtos$CorruptFileBlocksProto$Builder
2024-11-12 13:42:24,236 INFO  EvoClassLoader - Instrumenting class 'org.apache.hadoop.hdfs.protocol.proto.HdfsProtos$CorruptFileBlocksProto$Builder'.
2024-11-12 13:42:24,237 INFO  MethodCallReplacementClassAdapter - Adding mock interface to class org/apache/hadoop/hdfs/protocol/proto/HdfsProtos$CorruptFileBlocksProto$Builder
2024-11-12 13:42:24,237 INFO  CreateClassResetClassAdapter - Creating brand-new static initializer in class org/apache/hadoop/hdfs/protocol/proto/HdfsProtos$CorruptFileBlocksProto$Builder
2024-11-12 13:42:24,238 INFO  EvoClassLoader - Keeping class: org.apache.hadoop.hdfs.protocol.proto.HdfsProtos$CorruptFileBlocksProto$Builder
2024-11-12 13:42:24,238 INFO  EvoClassLoader - Seeing class for first time: org.apache.hadoop.hdfs.protocol.proto.HdfsProtos$LocatedBlockProto$Builder
2024-11-12 13:42:24,238 INFO  EvoClassLoader - Instrumenting class 'org.apache.hadoop.hdfs.protocol.proto.HdfsProtos$LocatedBlockProto$Builder'.
2024-11-12 13:42:24,239 INFO  MethodCallReplacementClassAdapter - Adding mock interface to class org/apache/hadoop/hdfs/protocol/proto/HdfsProtos$LocatedBlockProto$Builder
2024-11-12 13:42:24,240 INFO  CreateClassResetClassAdapter - Creating brand-new static initializer in class org/apache/hadoop/hdfs/protocol/proto/HdfsProtos$LocatedBlockProto$Builder
2024-11-12 13:42:24,241 INFO  EvoClassLoader - Keeping class: org.apache.hadoop.hdfs.protocol.proto.HdfsProtos$LocatedBlockProto$Builder
2024-11-12 13:42:24,241 INFO  EvoClassLoader - Seeing class for first time: org.apache.hadoop.thirdparty.protobuf.DescriptorProtos$GeneratedCodeInfo$AnnotationOrBuilder
2024-11-12 13:42:24,241 INFO  EvoClassLoader - Instrumenting class 'org.apache.hadoop.thirdparty.protobuf.DescriptorProtos$GeneratedCodeInfo$AnnotationOrBuilder'.
2024-11-12 13:42:24,242 INFO  EvoClassLoader - Keeping class: org.apache.hadoop.thirdparty.protobuf.DescriptorProtos$GeneratedCodeInfo$AnnotationOrBuilder
2024-11-12 13:42:24,242 INFO  EvoClassLoader - Seeing class for first time: org.apache.hadoop.thirdparty.protobuf.DescriptorProtos$GeneratedCodeInfo$Annotation
2024-11-12 13:42:24,242 INFO  EvoClassLoader - Instrumenting class 'org.apache.hadoop.thirdparty.protobuf.DescriptorProtos$GeneratedCodeInfo$Annotation'.
2024-11-12 13:42:24,242 INFO  MethodCallReplacementClassAdapter - Adding mock interface to class org/apache/hadoop/thirdparty/protobuf/DescriptorProtos$GeneratedCodeInfo$Annotation
2024-11-12 13:42:24,242 INFO  CreateClassResetClassAdapter - Found static initializer in class org/apache/hadoop/thirdparty/protobuf/DescriptorProtos$GeneratedCodeInfo$Annotation
2024-11-12 13:42:24,243 INFO  EvoClassLoader - Keeping class: org.apache.hadoop.thirdparty.protobuf.DescriptorProtos$GeneratedCodeInfo$Annotation
2024-11-12 13:42:24,243 INFO  EvoClassLoader - Seeing class for first time: org.apache.hadoop.thirdparty.protobuf.GeneratedMessageV3$ExtendableMessage$ExtensionWriter
2024-11-12 13:42:24,243 INFO  EvoClassLoader - Instrumenting class 'org.apache.hadoop.thirdparty.protobuf.GeneratedMessageV3$ExtendableMessage$ExtensionWriter'.
2024-11-12 13:42:24,244 INFO  MethodCallReplacementClassAdapter - Adding mock interface to class org/apache/hadoop/thirdparty/protobuf/GeneratedMessageV3$ExtendableMessage$ExtensionWriter
2024-11-12 13:42:24,244 INFO  CreateClassResetClassAdapter - Creating brand-new static initializer in class org/apache/hadoop/thirdparty/protobuf/GeneratedMessageV3$ExtendableMessage$ExtensionWriter
2024-11-12 13:42:24,244 INFO  EvoClassLoader - Keeping class: org.apache.hadoop.thirdparty.protobuf.GeneratedMessageV3$ExtendableMessage$ExtensionWriter
2024-11-12 13:42:24,244 INFO  EvoClassLoader - Seeing class for first time: org.apache.hadoop.thirdparty.protobuf.Extension$MessageType
2024-11-12 13:42:24,244 INFO  EvoClassLoader - Instrumenting class 'org.apache.hadoop.thirdparty.protobuf.Extension$MessageType'.
2024-11-12 13:42:24,245 INFO  MethodCallReplacementClassAdapter - Adding mock interface to class org/apache/hadoop/thirdparty/protobuf/Extension$MessageType
2024-11-12 13:42:24,245 INFO  CreateClassResetClassAdapter - Found static initializer in class org/apache/hadoop/thirdparty/protobuf/Extension$MessageType
2024-11-12 13:42:24,245 INFO  EvoClassLoader - Keeping class: org.apache.hadoop.thirdparty.protobuf.Extension$MessageType
2024-11-12 13:42:24,245 INFO  EvoClassLoader - Seeing class for first time: org.checkerframework.framework.qual.TypeUseLocation
2024-11-12 13:42:24,245 INFO  EvoClassLoader - Instrumenting class 'org.checkerframework.framework.qual.TypeUseLocation'.
2024-11-12 13:42:24,245 INFO  MethodCallReplacementClassAdapter - Adding mock interface to class org/checkerframework/framework/qual/TypeUseLocation
2024-11-12 13:42:24,245 INFO  CreateClassResetClassAdapter - Found static initializer in class org/checkerframework/framework/qual/TypeUseLocation
2024-11-12 13:42:24,245 INFO  EvoClassLoader - Keeping class: org.checkerframework.framework.qual.TypeUseLocation
2024-11-12 13:42:24,246 INFO  EvoClassLoader - Seeing class for first time: org.apache.hadoop.thirdparty.protobuf.FieldSet$Builder
2024-11-12 13:42:24,246 INFO  EvoClassLoader - Instrumenting class 'org.apache.hadoop.thirdparty.protobuf.FieldSet$Builder'.
2024-11-12 13:42:24,246 INFO  MethodCallReplacementClassAdapter - Adding mock interface to class org/apache/hadoop/thirdparty/protobuf/FieldSet$Builder
2024-11-12 13:42:24,248 INFO  CreateClassResetClassAdapter - Creating brand-new static initializer in class org/apache/hadoop/thirdparty/protobuf/FieldSet$Builder
2024-11-12 13:42:24,248 INFO  EvoClassLoader - Keeping class: org.apache.hadoop.thirdparty.protobuf.FieldSet$Builder
2024-11-12 13:42:24,248 INFO  EvoClassLoader - Seeing class for first time: org.apache.hadoop.hdfs.protocol.proto.HdfsProtos$BatchedListingKeyProto$Builder
2024-11-12 13:42:24,248 INFO  EvoClassLoader - Instrumenting class 'org.apache.hadoop.hdfs.protocol.proto.HdfsProtos$BatchedListingKeyProto$Builder'.
2024-11-12 13:42:24,249 INFO  MethodCallReplacementClassAdapter - Adding mock interface to class org/apache/hadoop/hdfs/protocol/proto/HdfsProtos$BatchedListingKeyProto$Builder
2024-11-12 13:42:24,249 INFO  CreateClassResetClassAdapter - Creating brand-new static initializer in class org/apache/hadoop/hdfs/protocol/proto/HdfsProtos$BatchedListingKeyProto$Builder
2024-11-12 13:42:24,250 INFO  EvoClassLoader - Keeping class: org.apache.hadoop.hdfs.protocol.proto.HdfsProtos$BatchedListingKeyProto$Builder
2024-11-12 13:42:24,250 INFO  EvoClassLoader - Seeing class for first time: org.apache.hadoop.thirdparty.protobuf.DescriptorProtos$MethodDescriptorProto$Builder
2024-11-12 13:42:24,250 INFO  EvoClassLoader - Instrumenting class 'org.apache.hadoop.thirdparty.protobuf.DescriptorProtos$MethodDescriptorProto$Builder'.
2024-11-12 13:42:24,251 INFO  MethodCallReplacementClassAdapter - Adding mock interface to class org/apache/hadoop/thirdparty/protobuf/DescriptorProtos$MethodDescriptorProto$Builder
2024-11-12 13:42:24,252 INFO  CreateClassResetClassAdapter - Creating brand-new static initializer in class org/apache/hadoop/thirdparty/protobuf/DescriptorProtos$MethodDescriptorProto$Builder
2024-11-12 13:42:24,252 INFO  EvoClassLoader - Keeping class: org.apache.hadoop.thirdparty.protobuf.DescriptorProtos$MethodDescriptorProto$Builder
2024-11-12 13:42:24,252 INFO  EvoClassLoader - Seeing class for first time: org.apache.hadoop.hdfs.protocol.proto.HdfsProtos$ContentSummaryProto$Builder
2024-11-12 13:42:24,252 INFO  EvoClassLoader - Instrumenting class 'org.apache.hadoop.hdfs.protocol.proto.HdfsProtos$ContentSummaryProto$Builder'.
2024-11-12 13:42:24,252 INFO  MethodCallReplacementClassAdapter - Adding mock interface to class org/apache/hadoop/hdfs/protocol/proto/HdfsProtos$ContentSummaryProto$Builder
2024-11-12 13:42:24,253 INFO  CreateClassResetClassAdapter - Creating brand-new static initializer in class org/apache/hadoop/hdfs/protocol/proto/HdfsProtos$ContentSummaryProto$Builder
2024-11-12 13:42:24,254 INFO  EvoClassLoader - Keeping class: org.apache.hadoop.hdfs.protocol.proto.HdfsProtos$ContentSummaryProto$Builder
2024-11-12 13:42:24,254 INFO  EvoClassLoader - Seeing class for first time: org.apache.hadoop.thirdparty.protobuf.Any
2024-11-12 13:42:24,254 INFO  EvoClassLoader - Instrumenting class 'org.apache.hadoop.thirdparty.protobuf.Any'.
2024-11-12 13:42:24,255 INFO  MethodCallReplacementClassAdapter - Adding mock interface to class org/apache/hadoop/thirdparty/protobuf/Any
2024-11-12 13:42:24,255 INFO  CreateClassResetClassAdapter - Found static initializer in class org/apache/hadoop/thirdparty/protobuf/Any
2024-11-12 13:42:24,255 INFO  EvoClassLoader - Keeping class: org.apache.hadoop.thirdparty.protobuf.Any
2024-11-12 13:42:24,256 INFO  EvoClassLoader - Seeing class for first time: org.apache.hadoop.hdfs.protocol.proto.HdfsProtos$RouterFederatedStateProto$Builder
2024-11-12 13:42:24,256 INFO  EvoClassLoader - Instrumenting class 'org.apache.hadoop.hdfs.protocol.proto.HdfsProtos$RouterFederatedStateProto$Builder'.
2024-11-12 13:42:24,257 INFO  MethodCallReplacementClassAdapter - Adding mock interface to class org/apache/hadoop/hdfs/protocol/proto/HdfsProtos$RouterFederatedStateProto$Builder
2024-11-12 13:42:24,260 INFO  CreateClassResetClassAdapter - Creating brand-new static initializer in class org/apache/hadoop/hdfs/protocol/proto/HdfsProtos$RouterFederatedStateProto$Builder
2024-11-12 13:42:24,260 INFO  EvoClassLoader - Keeping class: org.apache.hadoop.hdfs.protocol.proto.HdfsProtos$RouterFederatedStateProto$Builder
2024-11-12 13:42:24,260 INFO  EvoClassLoader - Seeing class for first time: org.apache.hadoop.thirdparty.protobuf.DescriptorProtos$OneofOptions$Builder
2024-11-12 13:42:24,260 INFO  EvoClassLoader - Instrumenting class 'org.apache.hadoop.thirdparty.protobuf.DescriptorProtos$OneofOptions$Builder'.
2024-11-12 13:42:24,261 INFO  MethodCallReplacementClassAdapter - Adding mock interface to class org/apache/hadoop/thirdparty/protobuf/DescriptorProtos$OneofOptions$Builder
2024-11-12 13:42:24,262 INFO  CreateClassResetClassAdapter - Creating brand-new static initializer in class org/apache/hadoop/thirdparty/protobuf/DescriptorProtos$OneofOptions$Builder
2024-11-12 13:42:24,262 INFO  EvoClassLoader - Keeping class: org.apache.hadoop.thirdparty.protobuf.DescriptorProtos$OneofOptions$Builder
2024-11-12 13:42:24,263 INFO  EvoClassLoader - Seeing class for first time: org.apache.hadoop.hdfs.protocol.proto.HdfsProtos$BlockTokenSecretProto$Builder
2024-11-12 13:42:24,263 INFO  EvoClassLoader - Instrumenting class 'org.apache.hadoop.hdfs.protocol.proto.HdfsProtos$BlockTokenSecretProto$Builder'.
2024-11-12 13:42:24,263 INFO  MethodCallReplacementClassAdapter - Adding mock interface to class org/apache/hadoop/hdfs/protocol/proto/HdfsProtos$BlockTokenSecretProto$Builder
2024-11-12 13:42:24,264 INFO  CreateClassResetClassAdapter - Creating brand-new static initializer in class org/apache/hadoop/hdfs/protocol/proto/HdfsProtos$BlockTokenSecretProto$Builder
2024-11-12 13:42:24,265 INFO  EvoClassLoader - Keeping class: org.apache.hadoop.hdfs.protocol.proto.HdfsProtos$BlockTokenSecretProto$Builder
2024-11-12 13:42:24,266 INFO  EvoClassLoader - Seeing class for first time: org.apache.hadoop.hdfs.protocol.proto.HdfsProtos$DatanodeStorageProto$Builder
2024-11-12 13:42:24,266 INFO  EvoClassLoader - Instrumenting class 'org.apache.hadoop.hdfs.protocol.proto.HdfsProtos$DatanodeStorageProto$Builder'.
2024-11-12 13:42:24,266 INFO  MethodCallReplacementClassAdapter - Adding mock interface to class org/apache/hadoop/hdfs/protocol/proto/HdfsProtos$DatanodeStorageProto$Builder
2024-11-12 13:42:24,267 INFO  CreateClassResetClassAdapter - Creating brand-new static initializer in class org/apache/hadoop/hdfs/protocol/proto/HdfsProtos$DatanodeStorageProto$Builder
2024-11-12 13:42:24,267 INFO  EvoClassLoader - Keeping class: org.apache.hadoop.hdfs.protocol.proto.HdfsProtos$DatanodeStorageProto$Builder
2024-11-12 13:42:24,268 INFO  EvoClassLoader - Seeing class for first time: org.apache.hadoop.hdfs.protocol.proto.HdfsProtos$QuotaUsageProto$Builder
2024-11-12 13:42:24,268 INFO  EvoClassLoader - Instrumenting class 'org.apache.hadoop.hdfs.protocol.proto.HdfsProtos$QuotaUsageProto$Builder'.
2024-11-12 13:42:24,268 INFO  MethodCallReplacementClassAdapter - Adding mock interface to class org/apache/hadoop/hdfs/protocol/proto/HdfsProtos$QuotaUsageProto$Builder
2024-11-12 13:42:24,269 INFO  CreateClassResetClassAdapter - Creating brand-new static initializer in class org/apache/hadoop/hdfs/protocol/proto/HdfsProtos$QuotaUsageProto$Builder
2024-11-12 13:42:24,269 INFO  EvoClassLoader - Keeping class: org.apache.hadoop.hdfs.protocol.proto.HdfsProtos$QuotaUsageProto$Builder
2024-11-12 13:42:24,269 INFO  EvoClassLoader - Seeing class for first time: org.apache.hadoop.hdfs.protocol.proto.HdfsProtos$DataEncryptionKeyProto$Builder
2024-11-12 13:42:24,269 INFO  EvoClassLoader - Instrumenting class 'org.apache.hadoop.hdfs.protocol.proto.HdfsProtos$DataEncryptionKeyProto$Builder'.
2024-11-12 13:42:24,270 INFO  MethodCallReplacementClassAdapter - Adding mock interface to class org/apache/hadoop/hdfs/protocol/proto/HdfsProtos$DataEncryptionKeyProto$Builder
2024-11-12 13:42:24,271 INFO  CreateClassResetClassAdapter - Creating brand-new static initializer in class org/apache/hadoop/hdfs/protocol/proto/HdfsProtos$DataEncryptionKeyProto$Builder
2024-11-12 13:42:24,271 INFO  EvoClassLoader - Keeping class: org.apache.hadoop.hdfs.protocol.proto.HdfsProtos$DataEncryptionKeyProto$Builder
2024-11-12 13:42:24,271 INFO  EvoClassLoader - Seeing class for first time: org.eclipse.jetty.util.component.Container$Listener
2024-11-12 13:42:24,271 INFO  EvoClassLoader - Instrumenting class 'org.eclipse.jetty.util.component.Container$Listener'.
2024-11-12 13:42:24,272 INFO  EvoClassLoader - Keeping class: org.eclipse.jetty.util.component.Container$Listener
2024-11-12 13:42:24,272 INFO  EvoClassLoader - Seeing class for first time: org.apache.hadoop.hdfs.protocol.proto.HdfsProtos$DatanodeLocalInfoProto$Builder
2024-11-12 13:42:24,272 INFO  EvoClassLoader - Instrumenting class 'org.apache.hadoop.hdfs.protocol.proto.HdfsProtos$DatanodeLocalInfoProto$Builder'.
2024-11-12 13:42:24,273 INFO  MethodCallReplacementClassAdapter - Adding mock interface to class org/apache/hadoop/hdfs/protocol/proto/HdfsProtos$DatanodeLocalInfoProto$Builder
2024-11-12 13:42:24,274 INFO  CreateClassResetClassAdapter - Creating brand-new static initializer in class org/apache/hadoop/hdfs/protocol/proto/HdfsProtos$DatanodeLocalInfoProto$Builder
2024-11-12 13:42:24,275 INFO  EvoClassLoader - Keeping class: org.apache.hadoop.hdfs.protocol.proto.HdfsProtos$DatanodeLocalInfoProto$Builder
2024-11-12 13:42:24,276 INFO  EvoClassLoader - Seeing class for first time: org.apache.hadoop.thirdparty.protobuf.DescriptorProtos$MethodOptions$IdempotencyLevel
2024-11-12 13:42:24,276 INFO  EvoClassLoader - Instrumenting class 'org.apache.hadoop.thirdparty.protobuf.DescriptorProtos$MethodOptions$IdempotencyLevel'.
2024-11-12 13:42:24,276 INFO  MethodCallReplacementClassAdapter - Adding mock interface to class org/apache/hadoop/thirdparty/protobuf/DescriptorProtos$MethodOptions$IdempotencyLevel
2024-11-12 13:42:24,277 INFO  CreateClassResetClassAdapter - Found static initializer in class org/apache/hadoop/thirdparty/protobuf/DescriptorProtos$MethodOptions$IdempotencyLevel
2024-11-12 13:42:24,277 INFO  EvoClassLoader - Keeping class: org.apache.hadoop.thirdparty.protobuf.DescriptorProtos$MethodOptions$IdempotencyLevel
2024-11-12 13:42:24,278 INFO  EvoClassLoader - Seeing class for first time: org.apache.hadoop.hdfs.protocol.proto.HdfsProtos$SnapshotDiffReportEntryProto$Builder
2024-11-12 13:42:24,278 INFO  EvoClassLoader - Instrumenting class 'org.apache.hadoop.hdfs.protocol.proto.HdfsProtos$SnapshotDiffReportEntryProto$Builder'.
2024-11-12 13:42:24,279 INFO  MethodCallReplacementClassAdapter - Adding mock interface to class org/apache/hadoop/hdfs/protocol/proto/HdfsProtos$SnapshotDiffReportEntryProto$Builder
2024-11-12 13:42:24,280 INFO  CreateClassResetClassAdapter - Creating brand-new static initializer in class org/apache/hadoop/hdfs/protocol/proto/HdfsProtos$SnapshotDiffReportEntryProto$Builder
2024-11-12 13:42:24,280 INFO  EvoClassLoader - Keeping class: org.apache.hadoop.hdfs.protocol.proto.HdfsProtos$SnapshotDiffReportEntryProto$Builder
2024-11-12 13:42:24,281 INFO  EvoClassLoader - Seeing class for first time: org.apache.hadoop.hdfs.protocol.proto.HdfsProtos$SnapshotListingProto$Builder
2024-11-12 13:42:24,281 INFO  EvoClassLoader - Instrumenting class 'org.apache.hadoop.hdfs.protocol.proto.HdfsProtos$SnapshotListingProto$Builder'.
2024-11-12 13:42:24,281 INFO  MethodCallReplacementClassAdapter - Adding mock interface to class org/apache/hadoop/hdfs/protocol/proto/HdfsProtos$SnapshotListingProto$Builder
2024-11-12 13:42:24,283 INFO  CreateClassResetClassAdapter - Creating brand-new static initializer in class org/apache/hadoop/hdfs/protocol/proto/HdfsProtos$SnapshotListingProto$Builder
2024-11-12 13:42:24,283 INFO  EvoClassLoader - Keeping class: org.apache.hadoop.hdfs.protocol.proto.HdfsProtos$SnapshotListingProto$Builder
2024-11-12 13:42:24,284 INFO  EvoClassLoader - Seeing class for first time: org.apache.hadoop.hdfs.protocol.proto.HdfsProtos$StorageUuidsProto$Builder
2024-11-12 13:42:24,284 INFO  EvoClassLoader - Instrumenting class 'org.apache.hadoop.hdfs.protocol.proto.HdfsProtos$StorageUuidsProto$Builder'.
2024-11-12 13:42:24,285 INFO  MethodCallReplacementClassAdapter - Adding mock interface to class org/apache/hadoop/hdfs/protocol/proto/HdfsProtos$StorageUuidsProto$Builder
2024-11-12 13:42:24,286 INFO  CreateClassResetClassAdapter - Creating brand-new static initializer in class org/apache/hadoop/hdfs/protocol/proto/HdfsProtos$StorageUuidsProto$Builder
2024-11-12 13:42:24,286 INFO  EvoClassLoader - Keeping class: org.apache.hadoop.hdfs.protocol.proto.HdfsProtos$StorageUuidsProto$Builder
2024-11-12 13:42:24,286 INFO  EvoClassLoader - Seeing class for first time: org.apache.hadoop.hdfs.protocol.proto.HdfsProtos$ReencryptionInfoProto$Builder
2024-11-12 13:42:24,286 INFO  EvoClassLoader - Instrumenting class 'org.apache.hadoop.hdfs.protocol.proto.HdfsProtos$ReencryptionInfoProto$Builder'.
2024-11-12 13:42:24,287 INFO  MethodCallReplacementClassAdapter - Adding mock interface to class org/apache/hadoop/hdfs/protocol/proto/HdfsProtos$ReencryptionInfoProto$Builder
2024-11-12 13:42:24,288 INFO  CreateClassResetClassAdapter - Creating brand-new static initializer in class org/apache/hadoop/hdfs/protocol/proto/HdfsProtos$ReencryptionInfoProto$Builder
2024-11-12 13:42:24,288 INFO  EvoClassLoader - Keeping class: org.apache.hadoop.hdfs.protocol.proto.HdfsProtos$ReencryptionInfoProto$Builder
2024-11-12 13:42:24,288 INFO  EvoClassLoader - Seeing class for first time: org.apache.hadoop.hdfs.protocol.proto.HdfsProtos$RollingUpgradeStatusProto$Builder
2024-11-12 13:42:24,288 INFO  EvoClassLoader - Instrumenting class 'org.apache.hadoop.hdfs.protocol.proto.HdfsProtos$RollingUpgradeStatusProto$Builder'.
2024-11-12 13:42:24,288 INFO  MethodCallReplacementClassAdapter - Adding mock interface to class org/apache/hadoop/hdfs/protocol/proto/HdfsProtos$RollingUpgradeStatusProto$Builder
2024-11-12 13:42:24,289 INFO  CreateClassResetClassAdapter - Creating brand-new static initializer in class org/apache/hadoop/hdfs/protocol/proto/HdfsProtos$RollingUpgradeStatusProto$Builder
2024-11-12 13:42:24,290 INFO  EvoClassLoader - Keeping class: org.apache.hadoop.hdfs.protocol.proto.HdfsProtos$RollingUpgradeStatusProto$Builder
2024-11-12 13:42:24,290 INFO  EvoClassLoader - Seeing class for first time: org.apache.hadoop.hdfs.protocol.proto.HdfsProtos$SnapshotStatusProto$Builder
2024-11-12 13:42:24,290 INFO  EvoClassLoader - Instrumenting class 'org.apache.hadoop.hdfs.protocol.proto.HdfsProtos$SnapshotStatusProto$Builder'.
2024-11-12 13:42:24,291 INFO  MethodCallReplacementClassAdapter - Adding mock interface to class org/apache/hadoop/hdfs/protocol/proto/HdfsProtos$SnapshotStatusProto$Builder
2024-11-12 13:42:24,292 INFO  CreateClassResetClassAdapter - Creating brand-new static initializer in class org/apache/hadoop/hdfs/protocol/proto/HdfsProtos$SnapshotStatusProto$Builder
2024-11-12 13:42:24,293 INFO  EvoClassLoader - Keeping class: org.apache.hadoop.hdfs.protocol.proto.HdfsProtos$SnapshotStatusProto$Builder
2024-11-12 13:42:24,293 INFO  EvoClassLoader - Seeing class for first time: org.apache.hadoop.hdfs.protocol.proto.HdfsProtos$SnapshotInfoProto$Builder
2024-11-12 13:42:24,293 INFO  EvoClassLoader - Instrumenting class 'org.apache.hadoop.hdfs.protocol.proto.HdfsProtos$SnapshotInfoProto$Builder'.
2024-11-12 13:42:24,294 INFO  MethodCallReplacementClassAdapter - Adding mock interface to class org/apache/hadoop/hdfs/protocol/proto/HdfsProtos$SnapshotInfoProto$Builder
2024-11-12 13:42:24,295 INFO  CreateClassResetClassAdapter - Creating brand-new static initializer in class org/apache/hadoop/hdfs/protocol/proto/HdfsProtos$SnapshotInfoProto$Builder
2024-11-12 13:42:24,296 INFO  EvoClassLoader - Keeping class: org.apache.hadoop.hdfs.protocol.proto.HdfsProtos$SnapshotInfoProto$Builder
2024-11-12 13:42:24,296 INFO  EvoClassLoader - Seeing class for first time: org.apache.hadoop.thirdparty.protobuf.ArrayDecoders$Registers
2024-11-12 13:42:24,296 INFO  EvoClassLoader - Instrumenting class 'org.apache.hadoop.thirdparty.protobuf.ArrayDecoders$Registers'.
2024-11-12 13:42:24,297 INFO  MethodCallReplacementClassAdapter - Adding mock interface to class org/apache/hadoop/thirdparty/protobuf/ArrayDecoders$Registers
2024-11-12 13:42:24,297 INFO  CreateClassResetClassAdapter - Creating brand-new static initializer in class org/apache/hadoop/thirdparty/protobuf/ArrayDecoders$Registers
2024-11-12 13:42:24,298 INFO  EvoClassLoader - Keeping class: org.apache.hadoop.thirdparty.protobuf.ArrayDecoders$Registers
2024-11-12 13:42:24,299 INFO  EvoClassLoader - Seeing class for first time: org.apache.hadoop.hdfs.protocol.proto.HdfsProtos$BlockStoragePolicyProto$Builder
2024-11-12 13:42:24,299 INFO  EvoClassLoader - Instrumenting class 'org.apache.hadoop.hdfs.protocol.proto.HdfsProtos$BlockStoragePolicyProto$Builder'.
2024-11-12 13:42:24,300 INFO  MethodCallReplacementClassAdapter - Adding mock interface to class org/apache/hadoop/hdfs/protocol/proto/HdfsProtos$BlockStoragePolicyProto$Builder
2024-11-12 13:42:24,302 INFO  CreateClassResetClassAdapter - Creating brand-new static initializer in class org/apache/hadoop/hdfs/protocol/proto/HdfsProtos$BlockStoragePolicyProto$Builder
2024-11-12 13:42:24,302 INFO  EvoClassLoader - Keeping class: org.apache.hadoop.hdfs.protocol.proto.HdfsProtos$BlockStoragePolicyProto$Builder
2024-11-12 13:42:24,302 INFO  EvoClassLoader - Seeing class for first time: org.eclipse.jetty.util.resource.Resource
2024-11-12 13:42:24,302 INFO  EvoClassLoader - Instrumenting class 'org.eclipse.jetty.util.resource.Resource'.
2024-11-12 13:42:24,303 INFO  MethodCallReplacementClassAdapter - Adding mock interface to class org/eclipse/jetty/util/resource/Resource
2024-11-12 13:42:24,305 INFO  CreateClassResetClassAdapter - Found static initializer in class org/eclipse/jetty/util/resource/Resource
2024-11-12 13:42:24,305 INFO  EvoClassLoader - Defined package (3): package org.eclipse.jetty.util.resource, -375223495
2024-11-12 13:42:24,306 INFO  EvoClassLoader - Seeing class for first time: org.eclipse.jetty.util.resource.ResourceFactory
2024-11-12 13:42:24,306 INFO  EvoClassLoader - Instrumenting class 'org.eclipse.jetty.util.resource.ResourceFactory'.
2024-11-12 13:42:24,306 INFO  EvoClassLoader - Keeping class: org.eclipse.jetty.util.resource.ResourceFactory
2024-11-12 13:42:24,306 INFO  EvoClassLoader - Keeping class: org.eclipse.jetty.util.resource.Resource
2024-11-12 13:42:24,306 INFO  EvoClassLoader - Seeing class for first time: org.apache.hadoop.hdfs.protocol.proto.HdfsProtos$HdfsPathHandleProto$Builder
2024-11-12 13:42:24,306 INFO  EvoClassLoader - Instrumenting class 'org.apache.hadoop.hdfs.protocol.proto.HdfsProtos$HdfsPathHandleProto$Builder'.
2024-11-12 13:42:24,307 INFO  MethodCallReplacementClassAdapter - Adding mock interface to class org/apache/hadoop/hdfs/protocol/proto/HdfsProtos$HdfsPathHandleProto$Builder
2024-11-12 13:42:24,307 INFO  CreateClassResetClassAdapter - Creating brand-new static initializer in class org/apache/hadoop/hdfs/protocol/proto/HdfsProtos$HdfsPathHandleProto$Builder
2024-11-12 13:42:24,308 INFO  EvoClassLoader - Keeping class: org.apache.hadoop.hdfs.protocol.proto.HdfsProtos$HdfsPathHandleProto$Builder
2024-11-12 13:42:24,308 INFO  EvoClassLoader - Seeing class for first time: org.apache.hadoop.hdfs.protocol.proto.HdfsProtos$BatchedDirectoryListingProto$Builder
2024-11-12 13:42:24,308 INFO  EvoClassLoader - Instrumenting class 'org.apache.hadoop.hdfs.protocol.proto.HdfsProtos$BatchedDirectoryListingProto$Builder'.
2024-11-12 13:42:24,309 INFO  MethodCallReplacementClassAdapter - Adding mock interface to class org/apache/hadoop/hdfs/protocol/proto/HdfsProtos$BatchedDirectoryListingProto$Builder
2024-11-12 13:42:24,310 INFO  CreateClassResetClassAdapter - Creating brand-new static initializer in class org/apache/hadoop/hdfs/protocol/proto/HdfsProtos$BatchedDirectoryListingProto$Builder
2024-11-12 13:42:24,311 INFO  EvoClassLoader - Keeping class: org.apache.hadoop.hdfs.protocol.proto.HdfsProtos$BatchedDirectoryListingProto$Builder
2024-11-12 13:42:24,311 INFO  EvoClassLoader - Seeing class for first time: org.apache.hadoop.hdfs.protocol.proto.HdfsProtos$SnapshotDiffReportListingEntryProto$Builder
2024-11-12 13:42:24,311 INFO  EvoClassLoader - Instrumenting class 'org.apache.hadoop.hdfs.protocol.proto.HdfsProtos$SnapshotDiffReportListingEntryProto$Builder'.
2024-11-12 13:42:24,312 INFO  MethodCallReplacementClassAdapter - Adding mock interface to class org/apache/hadoop/hdfs/protocol/proto/HdfsProtos$SnapshotDiffReportListingEntryProto$Builder
2024-11-12 13:42:24,313 INFO  CreateClassResetClassAdapter - Creating brand-new static initializer in class org/apache/hadoop/hdfs/protocol/proto/HdfsProtos$SnapshotDiffReportListingEntryProto$Builder
2024-11-12 13:42:24,313 INFO  EvoClassLoader - Keeping class: org.apache.hadoop.hdfs.protocol.proto.HdfsProtos$SnapshotDiffReportListingEntryProto$Builder
2024-11-12 13:42:24,315 INFO  EvoClassLoader - Seeing class for first time: org.apache.hadoop.hdfs.protocol.proto.HdfsProtos$SnapshotDiffReportCursorProto$Builder
2024-11-12 13:42:24,315 INFO  EvoClassLoader - Instrumenting class 'org.apache.hadoop.hdfs.protocol.proto.HdfsProtos$SnapshotDiffReportCursorProto$Builder'.
2024-11-12 13:42:24,315 INFO  MethodCallReplacementClassAdapter - Adding mock interface to class org/apache/hadoop/hdfs/protocol/proto/HdfsProtos$SnapshotDiffReportCursorProto$Builder
2024-11-12 13:42:24,316 INFO  CreateClassResetClassAdapter - Creating brand-new static initializer in class org/apache/hadoop/hdfs/protocol/proto/HdfsProtos$SnapshotDiffReportCursorProto$Builder
2024-11-12 13:42:24,316 INFO  EvoClassLoader - Keeping class: org.apache.hadoop.hdfs.protocol.proto.HdfsProtos$SnapshotDiffReportCursorProto$Builder
2024-11-12 13:42:24,317 INFO  EvoClassLoader - Seeing class for first time: org.apache.hadoop.hdfs.protocol.proto.HdfsProtos$SnapshotDiffReportListingProto$Builder
2024-11-12 13:42:24,317 INFO  EvoClassLoader - Instrumenting class 'org.apache.hadoop.hdfs.protocol.proto.HdfsProtos$SnapshotDiffReportListingProto$Builder'.
2024-11-12 13:42:24,317 INFO  MethodCallReplacementClassAdapter - Adding mock interface to class org/apache/hadoop/hdfs/protocol/proto/HdfsProtos$SnapshotDiffReportListingProto$Builder
2024-11-12 13:42:24,318 INFO  CreateClassResetClassAdapter - Creating brand-new static initializer in class org/apache/hadoop/hdfs/protocol/proto/HdfsProtos$SnapshotDiffReportListingProto$Builder
2024-11-12 13:42:24,319 INFO  EvoClassLoader - Keeping class: org.apache.hadoop.hdfs.protocol.proto.HdfsProtos$SnapshotDiffReportListingProto$Builder
2024-11-12 13:42:24,319 INFO  EvoClassLoader - Seeing class for first time: org.apache.hadoop.thirdparty.protobuf.DescriptorProtos$GeneratedCodeInfo$Builder
2024-11-12 13:42:24,319 INFO  EvoClassLoader - Instrumenting class 'org.apache.hadoop.thirdparty.protobuf.DescriptorProtos$GeneratedCodeInfo$Builder'.
2024-11-12 13:42:24,319 INFO  MethodCallReplacementClassAdapter - Adding mock interface to class org/apache/hadoop/thirdparty/protobuf/DescriptorProtos$GeneratedCodeInfo$Builder
2024-11-12 13:42:24,321 INFO  CreateClassResetClassAdapter - Creating brand-new static initializer in class org/apache/hadoop/thirdparty/protobuf/DescriptorProtos$GeneratedCodeInfo$Builder
2024-11-12 13:42:24,321 INFO  EvoClassLoader - Keeping class: org.apache.hadoop.thirdparty.protobuf.DescriptorProtos$GeneratedCodeInfo$Builder
2024-11-12 13:42:24,322 INFO  EvoClassLoader - Seeing class for first time: org.apache.hadoop.hdfs.protocol.proto.HdfsProtos$ZoneEncryptionInfoProto$Builder
2024-11-12 13:42:24,322 INFO  EvoClassLoader - Instrumenting class 'org.apache.hadoop.hdfs.protocol.proto.HdfsProtos$ZoneEncryptionInfoProto$Builder'.
2024-11-12 13:42:24,322 INFO  MethodCallReplacementClassAdapter - Adding mock interface to class org/apache/hadoop/hdfs/protocol/proto/HdfsProtos$ZoneEncryptionInfoProto$Builder
2024-11-12 13:42:24,324 INFO  CreateClassResetClassAdapter - Creating brand-new static initializer in class org/apache/hadoop/hdfs/protocol/proto/HdfsProtos$ZoneEncryptionInfoProto$Builder
2024-11-12 13:42:24,324 INFO  EvoClassLoader - Keeping class: org.apache.hadoop.hdfs.protocol.proto.HdfsProtos$ZoneEncryptionInfoProto$Builder
2024-11-12 13:42:24,325 INFO  EvoClassLoader - Seeing class for first time: org.apache.hadoop.hdfs.protocol.proto.HdfsProtos$StorageTypesProto$Builder
2024-11-12 13:42:24,325 INFO  EvoClassLoader - Instrumenting class 'org.apache.hadoop.hdfs.protocol.proto.HdfsProtos$StorageTypesProto$Builder'.
2024-11-12 13:42:24,325 INFO  MethodCallReplacementClassAdapter - Adding mock interface to class org/apache/hadoop/hdfs/protocol/proto/HdfsProtos$StorageTypesProto$Builder
2024-11-12 13:42:24,326 INFO  CreateClassResetClassAdapter - Creating brand-new static initializer in class org/apache/hadoop/hdfs/protocol/proto/HdfsProtos$StorageTypesProto$Builder
2024-11-12 13:42:24,326 INFO  EvoClassLoader - Keeping class: org.apache.hadoop.hdfs.protocol.proto.HdfsProtos$StorageTypesProto$Builder
2024-11-12 13:42:24,327 INFO  EvoClassLoader - Seeing class for first time: org.apache.hadoop.thirdparty.protobuf.DescriptorProtos$MethodOptions$Builder
2024-11-12 13:42:24,327 INFO  EvoClassLoader - Instrumenting class 'org.apache.hadoop.thirdparty.protobuf.DescriptorProtos$MethodOptions$Builder'.
2024-11-12 13:42:24,328 INFO  MethodCallReplacementClassAdapter - Adding mock interface to class org/apache/hadoop/thirdparty/protobuf/DescriptorProtos$MethodOptions$Builder
2024-11-12 13:42:24,329 INFO  CreateClassResetClassAdapter - Creating brand-new static initializer in class org/apache/hadoop/thirdparty/protobuf/DescriptorProtos$MethodOptions$Builder
2024-11-12 13:42:24,329 INFO  EvoClassLoader - Keeping class: org.apache.hadoop.thirdparty.protobuf.DescriptorProtos$MethodOptions$Builder
2024-11-12 13:42:24,330 INFO  EvoClassLoader - Seeing class for first time: org.apache.hadoop.hdfs.protocol.proto.HdfsProtos$CipherOptionProto$Builder
2024-11-12 13:42:24,330 INFO  EvoClassLoader - Instrumenting class 'org.apache.hadoop.hdfs.protocol.proto.HdfsProtos$CipherOptionProto$Builder'.
2024-11-12 13:42:24,330 INFO  MethodCallReplacementClassAdapter - Adding mock interface to class org/apache/hadoop/hdfs/protocol/proto/HdfsProtos$CipherOptionProto$Builder
2024-11-12 13:42:24,331 INFO  CreateClassResetClassAdapter - Creating brand-new static initializer in class org/apache/hadoop/hdfs/protocol/proto/HdfsProtos$CipherOptionProto$Builder
2024-11-12 13:42:24,331 INFO  EvoClassLoader - Keeping class: org.apache.hadoop.hdfs.protocol.proto.HdfsProtos$CipherOptionProto$Builder
2024-11-12 13:42:24,798 INFO  EvoClassLoader - Seeing class for first time: libcore.io.Memory
2024-11-12 13:42:24,798 INFO  EvoClassLoader - Instrumenting class 'libcore.io.Memory'.
2024-11-12 13:42:24,799 INFO  EvoClassLoader - Error while loading class: java.lang.ClassNotFoundException: Class 'libcore/io/Memory.class' should be in target project, but could not be found!
2024-11-12 13:42:24,799 INFO  EvoClassLoader - Seeing class for first time: org.robolectric.Robolectric
2024-11-12 13:42:24,799 INFO  EvoClassLoader - Instrumenting class 'org.robolectric.Robolectric'.
2024-11-12 13:42:24,799 INFO  EvoClassLoader - Error while loading class: java.lang.ClassNotFoundException: Class 'org/robolectric/Robolectric.class' should be in target project, but could not be found!
2024-11-12 13:42:24,799 INFO  EvoClassLoader - Seeing class for first time: org.apache.hadoop.thirdparty.protobuf.ByteString$AbstractByteIterator
2024-11-12 13:42:24,799 INFO  EvoClassLoader - Instrumenting class 'org.apache.hadoop.thirdparty.protobuf.ByteString$AbstractByteIterator'.
2024-11-12 13:42:24,799 INFO  MethodCallReplacementClassAdapter - Adding mock interface to class org/apache/hadoop/thirdparty/protobuf/ByteString$AbstractByteIterator
2024-11-12 13:42:24,799 INFO  CreateClassResetClassAdapter - Creating brand-new static initializer in class org/apache/hadoop/thirdparty/protobuf/ByteString$AbstractByteIterator
2024-11-12 13:42:24,799 INFO  EvoClassLoader - Keeping class: org.apache.hadoop.thirdparty.protobuf.ByteString$AbstractByteIterator
2024-11-12 13:42:24,800 INFO  EvoClassLoader - Seeing class for first time: org.apache.hadoop.thirdparty.protobuf.Utf8$DecodeUtil
2024-11-12 13:42:24,800 INFO  EvoClassLoader - Instrumenting class 'org.apache.hadoop.thirdparty.protobuf.Utf8$DecodeUtil'.
2024-11-12 13:42:24,800 INFO  MethodCallReplacementClassAdapter - Adding mock interface to class org/apache/hadoop/thirdparty/protobuf/Utf8$DecodeUtil
2024-11-12 13:42:24,800 INFO  CreateClassResetClassAdapter - Creating brand-new static initializer in class org/apache/hadoop/thirdparty/protobuf/Utf8$DecodeUtil
2024-11-12 13:42:24,800 INFO  EvoClassLoader - Keeping class: org.apache.hadoop.thirdparty.protobuf.Utf8$DecodeUtil
2024-11-12 13:42:24,802 INFO  EvoClassLoader - Seeing class for first time: org.apache.hadoop.thirdparty.protobuf.TextFormat$Parser$UnknownField
2024-11-12 13:42:24,802 INFO  EvoClassLoader - Instrumenting class 'org.apache.hadoop.thirdparty.protobuf.TextFormat$Parser$UnknownField'.
2024-11-12 13:42:24,802 INFO  MethodCallReplacementClassAdapter - Adding mock interface to class org/apache/hadoop/thirdparty/protobuf/TextFormat$Parser$UnknownField
2024-11-12 13:42:24,802 INFO  CreateClassResetClassAdapter - Creating brand-new static initializer in class org/apache/hadoop/thirdparty/protobuf/TextFormat$Parser$UnknownField
2024-11-12 13:42:24,802 INFO  EvoClassLoader - Keeping class: org.apache.hadoop.thirdparty.protobuf.TextFormat$Parser$UnknownField
2024-11-12 13:42:24,809 INFO  EvoClassLoader - Seeing class for first time: net.bytebuddy.build.HashCodeAndEqualsPlugin$Enhance$InvokeSuper
2024-11-12 13:42:24,809 INFO  EvoClassLoader - Instrumenting class 'net.bytebuddy.build.HashCodeAndEqualsPlugin$Enhance$InvokeSuper'.
2024-11-12 13:42:24,809 INFO  MethodCallReplacementClassAdapter - Adding mock interface to class net/bytebuddy/build/HashCodeAndEqualsPlugin$Enhance$InvokeSuper
2024-11-12 13:42:24,810 INFO  CreateClassResetClassAdapter - Found static initializer in class net/bytebuddy/build/HashCodeAndEqualsPlugin$Enhance$InvokeSuper
2024-11-12 13:42:24,810 INFO  EvoClassLoader - Defined package (3): package net.bytebuddy.build, -1091202835
2024-11-12 13:42:24,810 INFO  EvoClassLoader - Keeping class: net.bytebuddy.build.HashCodeAndEqualsPlugin$Enhance$InvokeSuper
2024-11-12 13:42:24,810 INFO  EvoClassLoader - Seeing class for first time: net.bytebuddy.build.HashCodeAndEqualsPlugin$Enhance
2024-11-12 13:42:24,810 INFO  EvoClassLoader - Instrumenting class 'net.bytebuddy.build.HashCodeAndEqualsPlugin$Enhance'.
2024-11-12 13:42:24,810 INFO  EvoClassLoader - Keeping class: net.bytebuddy.build.HashCodeAndEqualsPlugin$Enhance
2024-11-12 13:42:24,810 INFO  EvoClassLoader - Seeing class for first time: net.bytebuddy.build.HashCodeAndEqualsPlugin
2024-11-12 13:42:24,810 INFO  EvoClassLoader - Instrumenting class 'net.bytebuddy.build.HashCodeAndEqualsPlugin'.
2024-11-12 13:42:24,810 INFO  MethodCallReplacementClassAdapter - Adding mock interface to class net/bytebuddy/build/HashCodeAndEqualsPlugin
2024-11-12 13:42:24,811 INFO  CreateClassResetClassAdapter - Creating brand-new static initializer in class net/bytebuddy/build/HashCodeAndEqualsPlugin
2024-11-12 13:42:24,811 INFO  EvoClassLoader - Seeing class for first time: net.bytebuddy.build.Plugin
2024-11-12 13:42:24,811 INFO  EvoClassLoader - Instrumenting class 'net.bytebuddy.build.Plugin'.
2024-11-12 13:42:24,811 INFO  EvoClassLoader - Seeing class for first time: net.bytebuddy.matcher.ElementMatcher
2024-11-12 13:42:24,811 INFO  EvoClassLoader - Instrumenting class 'net.bytebuddy.matcher.ElementMatcher'.
2024-11-12 13:42:24,811 INFO  EvoClassLoader - Defined package (3): package net.bytebuddy.matcher, -63983631
2024-11-12 13:42:24,812 INFO  EvoClassLoader - Keeping class: net.bytebuddy.matcher.ElementMatcher
2024-11-12 13:42:24,812 INFO  EvoClassLoader - Keeping class: net.bytebuddy.build.Plugin
2024-11-12 13:42:24,812 INFO  EvoClassLoader - Seeing class for first time: net.bytebuddy.build.Plugin$Factory
2024-11-12 13:42:24,812 INFO  EvoClassLoader - Instrumenting class 'net.bytebuddy.build.Plugin$Factory'.
2024-11-12 13:42:24,812 INFO  EvoClassLoader - Keeping class: net.bytebuddy.build.Plugin$Factory
2024-11-12 13:42:24,812 INFO  EvoClassLoader - Keeping class: net.bytebuddy.build.HashCodeAndEqualsPlugin
2024-11-12 13:42:24,812 INFO  EvoClassLoader - Seeing class for first time: net.bytebuddy.build.HashCodeAndEqualsPlugin$Enhance$InvokeSuper$1
2024-11-12 13:42:24,812 INFO  EvoClassLoader - Instrumenting class 'net.bytebuddy.build.HashCodeAndEqualsPlugin$Enhance$InvokeSuper$1'.
2024-11-12 13:42:24,812 INFO  MethodCallReplacementClassAdapter - Adding mock interface to class net/bytebuddy/build/HashCodeAndEqualsPlugin$Enhance$InvokeSuper$1
2024-11-12 13:42:24,824 INFO  EvoClassLoader - Keeping class: net.bytebuddy.build.HashCodeAndEqualsPlugin$Enhance$InvokeSuper$1
2024-11-12 13:42:24,824 INFO  EvoClassLoader - Seeing class for first time: net.bytebuddy.build.HashCodeAndEqualsPlugin$Enhance$InvokeSuper$2
2024-11-12 13:42:24,824 INFO  EvoClassLoader - Instrumenting class 'net.bytebuddy.build.HashCodeAndEqualsPlugin$Enhance$InvokeSuper$2'.
2024-11-12 13:42:24,824 INFO  MethodCallReplacementClassAdapter - Adding mock interface to class net/bytebuddy/build/HashCodeAndEqualsPlugin$Enhance$InvokeSuper$2
2024-11-12 13:42:24,824 INFO  EvoClassLoader - Keeping class: net.bytebuddy.build.HashCodeAndEqualsPlugin$Enhance$InvokeSuper$2
2024-11-12 13:42:24,824 INFO  EvoClassLoader - Seeing class for first time: net.bytebuddy.build.HashCodeAndEqualsPlugin$Enhance$InvokeSuper$3
2024-11-12 13:42:24,824 INFO  EvoClassLoader - Instrumenting class 'net.bytebuddy.build.HashCodeAndEqualsPlugin$Enhance$InvokeSuper$3'.
2024-11-12 13:42:24,824 INFO  MethodCallReplacementClassAdapter - Adding mock interface to class net/bytebuddy/build/HashCodeAndEqualsPlugin$Enhance$InvokeSuper$3
2024-11-12 13:42:24,824 INFO  EvoClassLoader - Keeping class: net.bytebuddy.build.HashCodeAndEqualsPlugin$Enhance$InvokeSuper$3
2024-11-12 13:42:24,824 INFO  EvoClassLoader - Seeing class for first time: net.bytebuddy.build.HashCodeAndEqualsPlugin$Enhance$InvokeSuper$4
2024-11-12 13:42:24,824 INFO  EvoClassLoader - Instrumenting class 'net.bytebuddy.build.HashCodeAndEqualsPlugin$Enhance$InvokeSuper$4'.
2024-11-12 13:42:24,825 INFO  MethodCallReplacementClassAdapter - Adding mock interface to class net/bytebuddy/build/HashCodeAndEqualsPlugin$Enhance$InvokeSuper$4
2024-11-12 13:42:24,825 INFO  EvoClassLoader - Keeping class: net.bytebuddy.build.HashCodeAndEqualsPlugin$Enhance$InvokeSuper$4
2024-11-12 13:42:24,825 INFO  EvoClassLoader - Seeing class for first time: net.bytebuddy.description.type.TypeDescription
2024-11-12 13:42:24,825 INFO  EvoClassLoader - Instrumenting class 'net.bytebuddy.description.type.TypeDescription'.
2024-11-12 13:42:24,825 INFO  EvoClassLoader - Defined package (3): package net.bytebuddy.description.type, 1043161613
2024-11-12 13:42:24,825 INFO  EvoClassLoader - Seeing class for first time: net.bytebuddy.description.type.TypeDefinition
2024-11-12 13:42:24,825 INFO  EvoClassLoader - Instrumenting class 'net.bytebuddy.description.type.TypeDefinition'.
2024-11-12 13:42:24,825 INFO  EvoClassLoader - Seeing class for first time: net.bytebuddy.description.NamedElement
2024-11-12 13:42:24,825 INFO  EvoClassLoader - Instrumenting class 'net.bytebuddy.description.NamedElement'.
2024-11-12 13:42:24,825 INFO  EvoClassLoader - Defined package (3): package net.bytebuddy.description, 348599099
2024-11-12 13:42:24,825 INFO  EvoClassLoader - Keeping class: net.bytebuddy.description.NamedElement
2024-11-12 13:42:24,825 INFO  EvoClassLoader - Seeing class for first time: net.bytebuddy.description.ModifierReviewable$ForTypeDefinition
2024-11-12 13:42:24,825 INFO  EvoClassLoader - Instrumenting class 'net.bytebuddy.description.ModifierReviewable$ForTypeDefinition'.
2024-11-12 13:42:24,825 INFO  EvoClassLoader - Seeing class for first time: net.bytebuddy.description.ModifierReviewable$OfAbstraction
2024-11-12 13:42:24,825 INFO  EvoClassLoader - Instrumenting class 'net.bytebuddy.description.ModifierReviewable$OfAbstraction'.
2024-11-12 13:42:24,825 INFO  EvoClassLoader - Seeing class for first time: net.bytebuddy.description.ModifierReviewable$OfByteCodeElement
2024-11-12 13:42:24,825 INFO  EvoClassLoader - Instrumenting class 'net.bytebuddy.description.ModifierReviewable$OfByteCodeElement'.
2024-11-12 13:42:24,825 INFO  EvoClassLoader - Seeing class for first time: net.bytebuddy.description.ModifierReviewable
2024-11-12 13:42:24,825 INFO  EvoClassLoader - Instrumenting class 'net.bytebuddy.description.ModifierReviewable'.
2024-11-12 13:42:24,825 INFO  EvoClassLoader - Keeping class: net.bytebuddy.description.ModifierReviewable
2024-11-12 13:42:24,825 INFO  EvoClassLoader - Keeping class: net.bytebuddy.description.ModifierReviewable$OfByteCodeElement
2024-11-12 13:42:24,825 INFO  EvoClassLoader - Keeping class: net.bytebuddy.description.ModifierReviewable$OfAbstraction
2024-11-12 13:42:24,825 INFO  EvoClassLoader - Seeing class for first time: net.bytebuddy.description.ModifierReviewable$OfEnumeration
2024-11-12 13:42:24,825 INFO  EvoClassLoader - Instrumenting class 'net.bytebuddy.description.ModifierReviewable$OfEnumeration'.
2024-11-12 13:42:24,826 INFO  EvoClassLoader - Keeping class: net.bytebuddy.description.ModifierReviewable$OfEnumeration
2024-11-12 13:42:24,826 INFO  EvoClassLoader - Keeping class: net.bytebuddy.description.ModifierReviewable$ForTypeDefinition
2024-11-12 13:42:24,826 INFO  EvoClassLoader - Keeping class: net.bytebuddy.description.type.TypeDefinition
2024-11-12 13:42:24,826 INFO  EvoClassLoader - Seeing class for first time: net.bytebuddy.description.ByteCodeElement
2024-11-12 13:42:24,826 INFO  EvoClassLoader - Instrumenting class 'net.bytebuddy.description.ByteCodeElement'.
2024-11-12 13:42:24,826 INFO  EvoClassLoader - Seeing class for first time: net.bytebuddy.description.NamedElement$WithRuntimeName
2024-11-12 13:42:24,826 INFO  EvoClassLoader - Instrumenting class 'net.bytebuddy.description.NamedElement$WithRuntimeName'.
2024-11-12 13:42:24,826 INFO  EvoClassLoader - Keeping class: net.bytebuddy.description.NamedElement$WithRuntimeName
2024-11-12 13:42:24,826 INFO  EvoClassLoader - Seeing class for first time: net.bytebuddy.description.DeclaredByType
2024-11-12 13:42:24,826 INFO  EvoClassLoader - Instrumenting class 'net.bytebuddy.description.DeclaredByType'.
2024-11-12 13:42:24,826 INFO  EvoClassLoader - Keeping class: net.bytebuddy.description.DeclaredByType
2024-11-12 13:42:24,826 INFO  EvoClassLoader - Seeing class for first time: net.bytebuddy.description.annotation.AnnotationSource
2024-11-12 13:42:24,826 INFO  EvoClassLoader - Instrumenting class 'net.bytebuddy.description.annotation.AnnotationSource'.
2024-11-12 13:42:24,826 INFO  EvoClassLoader - Defined package (3): package net.bytebuddy.description.annotation, -2027678782
2024-11-12 13:42:24,826 INFO  EvoClassLoader - Keeping class: net.bytebuddy.description.annotation.AnnotationSource
2024-11-12 13:42:24,826 INFO  EvoClassLoader - Keeping class: net.bytebuddy.description.ByteCodeElement
2024-11-12 13:42:24,826 INFO  EvoClassLoader - Seeing class for first time: net.bytebuddy.description.TypeVariableSource
2024-11-12 13:42:24,826 INFO  EvoClassLoader - Instrumenting class 'net.bytebuddy.description.TypeVariableSource'.
2024-11-12 13:42:24,826 INFO  EvoClassLoader - Keeping class: net.bytebuddy.description.TypeVariableSource
2024-11-12 13:42:24,826 INFO  EvoClassLoader - Keeping class: net.bytebuddy.description.type.TypeDescription
2024-11-12 13:42:24,826 INFO  EvoClassLoader - Seeing class for first time: net.bytebuddy.implementation.HashCodeMethod
2024-11-12 13:42:24,826 INFO  EvoClassLoader - Instrumenting class 'net.bytebuddy.implementation.HashCodeMethod'.
2024-11-12 13:42:24,826 INFO  MethodCallReplacementClassAdapter - Adding mock interface to class net/bytebuddy/implementation/HashCodeMethod
2024-11-12 13:42:24,827 INFO  CreateClassResetClassAdapter - Found static initializer in class net/bytebuddy/implementation/HashCodeMethod
2024-11-12 13:42:24,828 INFO  EvoClassLoader - Defined package (3): package net.bytebuddy.implementation, 1120813075
2024-11-12 13:42:24,828 INFO  EvoClassLoader - Seeing class for first time: net.bytebuddy.implementation.Implementation
2024-11-12 13:42:24,828 INFO  EvoClassLoader - Instrumenting class 'net.bytebuddy.implementation.Implementation'.
2024-11-12 13:42:24,828 INFO  EvoClassLoader - Seeing class for first time: net.bytebuddy.dynamic.scaffold.InstrumentedType$Prepareable
2024-11-12 13:42:24,828 INFO  EvoClassLoader - Instrumenting class 'net.bytebuddy.dynamic.scaffold.InstrumentedType$Prepareable'.
2024-11-12 13:42:24,828 INFO  EvoClassLoader - Defined package (3): package net.bytebuddy.dynamic.scaffold, 1693317350
2024-11-12 13:42:24,828 INFO  EvoClassLoader - Keeping class: net.bytebuddy.dynamic.scaffold.InstrumentedType$Prepareable
2024-11-12 13:42:24,828 INFO  EvoClassLoader - Keeping class: net.bytebuddy.implementation.Implementation
2024-11-12 13:42:24,828 INFO  EvoClassLoader - Keeping class: net.bytebuddy.implementation.HashCodeMethod
2024-11-12 13:42:24,828 INFO  EvoClassLoader - Seeing class for first time: net.bytebuddy.implementation.EqualsMethod
2024-11-12 13:42:24,828 INFO  EvoClassLoader - Instrumenting class 'net.bytebuddy.implementation.EqualsMethod'.
2024-11-12 13:42:24,828 INFO  MethodCallReplacementClassAdapter - Adding mock interface to class net/bytebuddy/implementation/EqualsMethod
2024-11-12 13:42:24,828 INFO  CreateClassResetClassAdapter - Found static initializer in class net/bytebuddy/implementation/EqualsMethod
2024-11-12 13:42:24,829 INFO  EvoClassLoader - Keeping class: net.bytebuddy.implementation.EqualsMethod
2024-11-12 13:42:24,829 INFO  EvoClassLoader - Seeing class for first time: net.bytebuddy.description.type.TypeDescription$Generic
2024-11-12 13:42:24,829 INFO  EvoClassLoader - Instrumenting class 'net.bytebuddy.description.type.TypeDescription$Generic'.
2024-11-12 13:42:24,829 INFO  EvoClassLoader - Keeping class: net.bytebuddy.description.type.TypeDescription$Generic
2024-11-12 13:42:24,829 INFO  EvoClassLoader - Seeing class for first time: org.assertj.core.internal.bytebuddy.build.HashCodeAndEqualsPlugin$Enhance$InvokeSuper
2024-11-12 13:42:24,829 INFO  EvoClassLoader - Instrumenting class 'org.assertj.core.internal.bytebuddy.build.HashCodeAndEqualsPlugin$Enhance$InvokeSuper'.
2024-11-12 13:42:24,829 INFO  MethodCallReplacementClassAdapter - Adding mock interface to class org/assertj/core/internal/bytebuddy/build/HashCodeAndEqualsPlugin$Enhance$InvokeSuper
2024-11-12 13:42:24,829 INFO  CreateClassResetClassAdapter - Found static initializer in class org/assertj/core/internal/bytebuddy/build/HashCodeAndEqualsPlugin$Enhance$InvokeSuper
2024-11-12 13:42:24,830 INFO  EvoClassLoader - Defined package (3): package org.assertj.core.internal.bytebuddy.build, -2103311512
2024-11-12 13:42:24,830 INFO  EvoClassLoader - Keeping class: org.assertj.core.internal.bytebuddy.build.HashCodeAndEqualsPlugin$Enhance$InvokeSuper
2024-11-12 13:42:24,830 INFO  EvoClassLoader - Seeing class for first time: org.assertj.core.internal.bytebuddy.build.HashCodeAndEqualsPlugin$Enhance
2024-11-12 13:42:24,830 INFO  EvoClassLoader - Instrumenting class 'org.assertj.core.internal.bytebuddy.build.HashCodeAndEqualsPlugin$Enhance'.
2024-11-12 13:42:24,830 INFO  EvoClassLoader - Keeping class: org.assertj.core.internal.bytebuddy.build.HashCodeAndEqualsPlugin$Enhance
2024-11-12 13:42:24,830 INFO  EvoClassLoader - Seeing class for first time: org.assertj.core.internal.bytebuddy.build.HashCodeAndEqualsPlugin
2024-11-12 13:42:24,830 INFO  EvoClassLoader - Instrumenting class 'org.assertj.core.internal.bytebuddy.build.HashCodeAndEqualsPlugin'.
2024-11-12 13:42:24,830 INFO  MethodCallReplacementClassAdapter - Adding mock interface to class org/assertj/core/internal/bytebuddy/build/HashCodeAndEqualsPlugin
2024-11-12 13:42:24,831 INFO  CreateClassResetClassAdapter - Creating brand-new static initializer in class org/assertj/core/internal/bytebuddy/build/HashCodeAndEqualsPlugin
2024-11-12 13:42:24,831 INFO  EvoClassLoader - Seeing class for first time: org.assertj.core.internal.bytebuddy.build.Plugin
2024-11-12 13:42:24,831 INFO  EvoClassLoader - Instrumenting class 'org.assertj.core.internal.bytebuddy.build.Plugin'.
2024-11-12 13:42:24,831 INFO  EvoClassLoader - Seeing class for first time: org.assertj.core.internal.bytebuddy.matcher.ElementMatcher
2024-11-12 13:42:24,831 INFO  EvoClassLoader - Instrumenting class 'org.assertj.core.internal.bytebuddy.matcher.ElementMatcher'.
2024-11-12 13:42:24,831 INFO  EvoClassLoader - Defined package (3): package org.assertj.core.internal.bytebuddy.matcher, -2037813332
2024-11-12 13:42:24,831 INFO  EvoClassLoader - Keeping class: org.assertj.core.internal.bytebuddy.matcher.ElementMatcher
2024-11-12 13:42:24,831 INFO  EvoClassLoader - Keeping class: org.assertj.core.internal.bytebuddy.build.Plugin
2024-11-12 13:42:24,831 INFO  EvoClassLoader - Seeing class for first time: org.assertj.core.internal.bytebuddy.build.Plugin$Factory
2024-11-12 13:42:24,831 INFO  EvoClassLoader - Instrumenting class 'org.assertj.core.internal.bytebuddy.build.Plugin$Factory'.
2024-11-12 13:42:24,832 INFO  EvoClassLoader - Keeping class: org.assertj.core.internal.bytebuddy.build.Plugin$Factory
2024-11-12 13:42:24,832 INFO  EvoClassLoader - Keeping class: org.assertj.core.internal.bytebuddy.build.HashCodeAndEqualsPlugin
2024-11-12 13:42:24,832 INFO  EvoClassLoader - Seeing class for first time: org.assertj.core.internal.bytebuddy.build.HashCodeAndEqualsPlugin$Enhance$InvokeSuper$1
2024-11-12 13:42:24,832 INFO  EvoClassLoader - Instrumenting class 'org.assertj.core.internal.bytebuddy.build.HashCodeAndEqualsPlugin$Enhance$InvokeSuper$1'.
2024-11-12 13:42:24,832 INFO  MethodCallReplacementClassAdapter - Adding mock interface to class org/assertj/core/internal/bytebuddy/build/HashCodeAndEqualsPlugin$Enhance$InvokeSuper$1
2024-11-12 13:42:24,835 INFO  EvoClassLoader - Keeping class: org.assertj.core.internal.bytebuddy.build.HashCodeAndEqualsPlugin$Enhance$InvokeSuper$1
2024-11-12 13:42:24,835 INFO  EvoClassLoader - Seeing class for first time: org.assertj.core.internal.bytebuddy.build.HashCodeAndEqualsPlugin$Enhance$InvokeSuper$2
2024-11-12 13:42:24,835 INFO  EvoClassLoader - Instrumenting class 'org.assertj.core.internal.bytebuddy.build.HashCodeAndEqualsPlugin$Enhance$InvokeSuper$2'.
2024-11-12 13:42:24,835 INFO  MethodCallReplacementClassAdapter - Adding mock interface to class org/assertj/core/internal/bytebuddy/build/HashCodeAndEqualsPlugin$Enhance$InvokeSuper$2
2024-11-12 13:42:24,836 INFO  EvoClassLoader - Keeping class: org.assertj.core.internal.bytebuddy.build.HashCodeAndEqualsPlugin$Enhance$InvokeSuper$2
2024-11-12 13:42:24,836 INFO  EvoClassLoader - Seeing class for first time: org.assertj.core.internal.bytebuddy.build.HashCodeAndEqualsPlugin$Enhance$InvokeSuper$3
2024-11-12 13:42:24,836 INFO  EvoClassLoader - Instrumenting class 'org.assertj.core.internal.bytebuddy.build.HashCodeAndEqualsPlugin$Enhance$InvokeSuper$3'.
2024-11-12 13:42:24,836 INFO  MethodCallReplacementClassAdapter - Adding mock interface to class org/assertj/core/internal/bytebuddy/build/HashCodeAndEqualsPlugin$Enhance$InvokeSuper$3
2024-11-12 13:42:24,836 INFO  EvoClassLoader - Keeping class: org.assertj.core.internal.bytebuddy.build.HashCodeAndEqualsPlugin$Enhance$InvokeSuper$3
2024-11-12 13:42:24,836 INFO  EvoClassLoader - Seeing class for first time: org.assertj.core.internal.bytebuddy.build.HashCodeAndEqualsPlugin$Enhance$InvokeSuper$4
2024-11-12 13:42:24,836 INFO  EvoClassLoader - Instrumenting class 'org.assertj.core.internal.bytebuddy.build.HashCodeAndEqualsPlugin$Enhance$InvokeSuper$4'.
2024-11-12 13:42:24,836 INFO  MethodCallReplacementClassAdapter - Adding mock interface to class org/assertj/core/internal/bytebuddy/build/HashCodeAndEqualsPlugin$Enhance$InvokeSuper$4
2024-11-12 13:42:24,836 INFO  EvoClassLoader - Keeping class: org.assertj.core.internal.bytebuddy.build.HashCodeAndEqualsPlugin$Enhance$InvokeSuper$4
2024-11-12 13:42:24,836 INFO  EvoClassLoader - Seeing class for first time: org.assertj.core.internal.bytebuddy.description.type.TypeDescription
2024-11-12 13:42:24,836 INFO  EvoClassLoader - Instrumenting class 'org.assertj.core.internal.bytebuddy.description.type.TypeDescription'.
2024-11-12 13:42:24,836 INFO  EvoClassLoader - Defined package (3): package org.assertj.core.internal.bytebuddy.description.type, -2063588174
2024-11-12 13:42:24,836 INFO  EvoClassLoader - Seeing class for first time: org.assertj.core.internal.bytebuddy.description.type.TypeDefinition
2024-11-12 13:42:24,836 INFO  EvoClassLoader - Instrumenting class 'org.assertj.core.internal.bytebuddy.description.type.TypeDefinition'.
2024-11-12 13:42:24,836 INFO  EvoClassLoader - Seeing class for first time: org.assertj.core.internal.bytebuddy.description.NamedElement
2024-11-12 13:42:24,836 INFO  EvoClassLoader - Instrumenting class 'org.assertj.core.internal.bytebuddy.description.NamedElement'.
2024-11-12 13:42:24,837 INFO  EvoClassLoader - Defined package (3): package org.assertj.core.internal.bytebuddy.description, 1484037494
2024-11-12 13:42:24,837 INFO  EvoClassLoader - Keeping class: org.assertj.core.internal.bytebuddy.description.NamedElement
2024-11-12 13:42:24,837 INFO  EvoClassLoader - Seeing class for first time: org.assertj.core.internal.bytebuddy.description.ModifierReviewable$ForTypeDefinition
2024-11-12 13:42:24,837 INFO  EvoClassLoader - Instrumenting class 'org.assertj.core.internal.bytebuddy.description.ModifierReviewable$ForTypeDefinition'.
2024-11-12 13:42:24,837 INFO  EvoClassLoader - Seeing class for first time: org.assertj.core.internal.bytebuddy.description.ModifierReviewable$OfAbstraction
2024-11-12 13:42:24,837 INFO  EvoClassLoader - Instrumenting class 'org.assertj.core.internal.bytebuddy.description.ModifierReviewable$OfAbstraction'.
2024-11-12 13:42:24,837 INFO  EvoClassLoader - Seeing class for first time: org.assertj.core.internal.bytebuddy.description.ModifierReviewable$OfByteCodeElement
2024-11-12 13:42:24,837 INFO  EvoClassLoader - Instrumenting class 'org.assertj.core.internal.bytebuddy.description.ModifierReviewable$OfByteCodeElement'.
2024-11-12 13:42:24,837 INFO  EvoClassLoader - Seeing class for first time: org.assertj.core.internal.bytebuddy.description.ModifierReviewable
2024-11-12 13:42:24,837 INFO  EvoClassLoader - Instrumenting class 'org.assertj.core.internal.bytebuddy.description.ModifierReviewable'.
2024-11-12 13:42:24,837 INFO  EvoClassLoader - Keeping class: org.assertj.core.internal.bytebuddy.description.ModifierReviewable
2024-11-12 13:42:24,837 INFO  EvoClassLoader - Keeping class: org.assertj.core.internal.bytebuddy.description.ModifierReviewable$OfByteCodeElement
2024-11-12 13:42:24,837 INFO  EvoClassLoader - Keeping class: org.assertj.core.internal.bytebuddy.description.ModifierReviewable$OfAbstraction
2024-11-12 13:42:24,837 INFO  EvoClassLoader - Seeing class for first time: org.assertj.core.internal.bytebuddy.description.ModifierReviewable$OfEnumeration
2024-11-12 13:42:24,837 INFO  EvoClassLoader - Instrumenting class 'org.assertj.core.internal.bytebuddy.description.ModifierReviewable$OfEnumeration'.
2024-11-12 13:42:24,837 INFO  EvoClassLoader - Keeping class: org.assertj.core.internal.bytebuddy.description.ModifierReviewable$OfEnumeration
2024-11-12 13:42:24,837 INFO  EvoClassLoader - Keeping class: org.assertj.core.internal.bytebuddy.description.ModifierReviewable$ForTypeDefinition
2024-11-12 13:42:24,837 INFO  EvoClassLoader - Keeping class: org.assertj.core.internal.bytebuddy.description.type.TypeDefinition
2024-11-12 13:42:24,837 INFO  EvoClassLoader - Seeing class for first time: org.assertj.core.internal.bytebuddy.description.ByteCodeElement
2024-11-12 13:42:24,837 INFO  EvoClassLoader - Instrumenting class 'org.assertj.core.internal.bytebuddy.description.ByteCodeElement'.
2024-11-12 13:42:24,837 INFO  EvoClassLoader - Seeing class for first time: org.assertj.core.internal.bytebuddy.description.NamedElement$WithRuntimeName
2024-11-12 13:42:24,837 INFO  EvoClassLoader - Instrumenting class 'org.assertj.core.internal.bytebuddy.description.NamedElement$WithRuntimeName'.
2024-11-12 13:42:24,837 INFO  EvoClassLoader - Keeping class: org.assertj.core.internal.bytebuddy.description.NamedElement$WithRuntimeName
2024-11-12 13:42:24,837 INFO  EvoClassLoader - Seeing class for first time: org.assertj.core.internal.bytebuddy.description.DeclaredByType
2024-11-12 13:42:24,837 INFO  EvoClassLoader - Instrumenting class 'org.assertj.core.internal.bytebuddy.description.DeclaredByType'.
2024-11-12 13:42:24,837 INFO  EvoClassLoader - Keeping class: org.assertj.core.internal.bytebuddy.description.DeclaredByType
2024-11-12 13:42:24,837 INFO  EvoClassLoader - Seeing class for first time: org.assertj.core.internal.bytebuddy.description.annotation.AnnotationSource
2024-11-12 13:42:24,837 INFO  EvoClassLoader - Instrumenting class 'org.assertj.core.internal.bytebuddy.description.annotation.AnnotationSource'.
2024-11-12 13:42:24,837 INFO  EvoClassLoader - Defined package (3): package org.assertj.core.internal.bytebuddy.description.annotation, 2042726055
2024-11-12 13:42:24,837 INFO  EvoClassLoader - Keeping class: org.assertj.core.internal.bytebuddy.description.annotation.AnnotationSource
2024-11-12 13:42:24,837 INFO  EvoClassLoader - Keeping class: org.assertj.core.internal.bytebuddy.description.ByteCodeElement
2024-11-12 13:42:24,837 INFO  EvoClassLoader - Seeing class for first time: org.assertj.core.internal.bytebuddy.description.TypeVariableSource
2024-11-12 13:42:24,837 INFO  EvoClassLoader - Instrumenting class 'org.assertj.core.internal.bytebuddy.description.TypeVariableSource'.
2024-11-12 13:42:24,837 INFO  EvoClassLoader - Keeping class: org.assertj.core.internal.bytebuddy.description.TypeVariableSource
2024-11-12 13:42:24,838 INFO  EvoClassLoader - Keeping class: org.assertj.core.internal.bytebuddy.description.type.TypeDescription
2024-11-12 13:42:24,838 INFO  EvoClassLoader - Seeing class for first time: org.assertj.core.internal.bytebuddy.implementation.HashCodeMethod
2024-11-12 13:42:24,838 INFO  EvoClassLoader - Instrumenting class 'org.assertj.core.internal.bytebuddy.implementation.HashCodeMethod'.
2024-11-12 13:42:24,838 INFO  MethodCallReplacementClassAdapter - Adding mock interface to class org/assertj/core/internal/bytebuddy/implementation/HashCodeMethod
2024-11-12 13:42:24,838 INFO  CreateClassResetClassAdapter - Found static initializer in class org/assertj/core/internal/bytebuddy/implementation/HashCodeMethod
2024-11-12 13:42:24,839 INFO  EvoClassLoader - Defined package (3): package org.assertj.core.internal.bytebuddy.implementation, -196384776
2024-11-12 13:42:24,839 INFO  EvoClassLoader - Seeing class for first time: org.assertj.core.internal.bytebuddy.implementation.Implementation
2024-11-12 13:42:24,839 INFO  EvoClassLoader - Instrumenting class 'org.assertj.core.internal.bytebuddy.implementation.Implementation'.
2024-11-12 13:42:24,839 INFO  EvoClassLoader - Seeing class for first time: org.assertj.core.internal.bytebuddy.dynamic.scaffold.InstrumentedType$Prepareable
2024-11-12 13:42:24,839 INFO  EvoClassLoader - Instrumenting class 'org.assertj.core.internal.bytebuddy.dynamic.scaffold.InstrumentedType$Prepareable'.
2024-11-12 13:42:24,839 INFO  EvoClassLoader - Defined package (3): package org.assertj.core.internal.bytebuddy.dynamic.scaffold, -1413432437
2024-11-12 13:42:24,839 INFO  EvoClassLoader - Keeping class: org.assertj.core.internal.bytebuddy.dynamic.scaffold.InstrumentedType$Prepareable
2024-11-12 13:42:24,839 INFO  EvoClassLoader - Keeping class: org.assertj.core.internal.bytebuddy.implementation.Implementation
2024-11-12 13:42:24,839 INFO  EvoClassLoader - Keeping class: org.assertj.core.internal.bytebuddy.implementation.HashCodeMethod
2024-11-12 13:42:24,839 INFO  EvoClassLoader - Seeing class for first time: org.assertj.core.internal.bytebuddy.implementation.EqualsMethod
2024-11-12 13:42:24,839 INFO  EvoClassLoader - Instrumenting class 'org.assertj.core.internal.bytebuddy.implementation.EqualsMethod'.
2024-11-12 13:42:24,839 INFO  MethodCallReplacementClassAdapter - Adding mock interface to class org/assertj/core/internal/bytebuddy/implementation/EqualsMethod
2024-11-12 13:42:24,840 INFO  CreateClassResetClassAdapter - Found static initializer in class org/assertj/core/internal/bytebuddy/implementation/EqualsMethod
2024-11-12 13:42:24,840 INFO  EvoClassLoader - Keeping class: org.assertj.core.internal.bytebuddy.implementation.EqualsMethod
2024-11-12 13:42:24,840 INFO  EvoClassLoader - Seeing class for first time: org.assertj.core.internal.bytebuddy.description.type.TypeDescription$Generic
2024-11-12 13:42:24,840 INFO  EvoClassLoader - Instrumenting class 'org.assertj.core.internal.bytebuddy.description.type.TypeDescription$Generic'.
2024-11-12 13:42:24,840 INFO  EvoClassLoader - Keeping class: org.assertj.core.internal.bytebuddy.description.type.TypeDescription$Generic
2024-11-12 13:42:24,841 INFO  log - Logging initialized @6771ms to org.eclipse.jetty.util.log.Slf4jLog
2024-11-12 13:42:24,841 INFO  EvoClassLoader - Seeing class for first time: org.apache.hadoop.thirdparty.protobuf.TextFormat$UnknownFieldParseException
2024-11-12 13:42:24,841 INFO  EvoClassLoader - Instrumenting class 'org.apache.hadoop.thirdparty.protobuf.TextFormat$UnknownFieldParseException'.
2024-11-12 13:42:24,841 INFO  MethodCallReplacementClassAdapter - Adding mock interface to class org/apache/hadoop/thirdparty/protobuf/TextFormat$UnknownFieldParseException
2024-11-12 13:42:24,841 INFO  CreateClassResetClassAdapter - Creating brand-new static initializer in class org/apache/hadoop/thirdparty/protobuf/TextFormat$UnknownFieldParseException
2024-11-12 13:42:24,841 INFO  EvoClassLoader - Keeping class: org.apache.hadoop.thirdparty.protobuf.TextFormat$UnknownFieldParseException
2024-11-12 13:42:24,841 INFO  EvoClassLoader - Seeing class for first time: org.apache.hadoop.thirdparty.protobuf.GeneratedMessageV3$FieldAccessorTable$RepeatedEnumFieldAccessor
2024-11-12 13:42:24,841 INFO  EvoClassLoader - Instrumenting class 'org.apache.hadoop.thirdparty.protobuf.GeneratedMessageV3$FieldAccessorTable$RepeatedEnumFieldAccessor'.
2024-11-12 13:42:24,841 INFO  MethodCallReplacementClassAdapter - Adding mock interface to class org/apache/hadoop/thirdparty/protobuf/GeneratedMessageV3$FieldAccessorTable$RepeatedEnumFieldAccessor
2024-11-12 13:42:24,842 INFO  CreateClassResetClassAdapter - Creating brand-new static initializer in class org/apache/hadoop/thirdparty/protobuf/GeneratedMessageV3$FieldAccessorTable$RepeatedEnumFieldAccessor
2024-11-12 13:42:24,842 INFO  EvoClassLoader - Keeping class: org.apache.hadoop.thirdparty.protobuf.GeneratedMessageV3$FieldAccessorTable$RepeatedEnumFieldAccessor
2024-11-12 13:42:24,842 INFO  EvoClassLoader - Seeing class for first time: org.apache.hadoop.thirdparty.protobuf.GeneratedMessageV3$FieldAccessorTable$MapFieldAccessor
2024-11-12 13:42:24,842 INFO  EvoClassLoader - Instrumenting class 'org.apache.hadoop.thirdparty.protobuf.GeneratedMessageV3$FieldAccessorTable$MapFieldAccessor'.
2024-11-12 13:42:24,842 INFO  MethodCallReplacementClassAdapter - Adding mock interface to class org/apache/hadoop/thirdparty/protobuf/GeneratedMessageV3$FieldAccessorTable$MapFieldAccessor
2024-11-12 13:42:24,842 INFO  CreateClassResetClassAdapter - Creating brand-new static initializer in class org/apache/hadoop/thirdparty/protobuf/GeneratedMessageV3$FieldAccessorTable$MapFieldAccessor
2024-11-12 13:42:24,842 INFO  EvoClassLoader - Keeping class: org.apache.hadoop.thirdparty.protobuf.GeneratedMessageV3$FieldAccessorTable$MapFieldAccessor
2024-11-12 13:42:24,842 INFO  EvoClassLoader - Seeing class for first time: org.apache.hadoop.thirdparty.protobuf.MapEntryLite
2024-11-12 13:42:24,842 INFO  EvoClassLoader - Instrumenting class 'org.apache.hadoop.thirdparty.protobuf.MapEntryLite'.
2024-11-12 13:42:24,843 INFO  MethodCallReplacementClassAdapter - Adding mock interface to class org/apache/hadoop/thirdparty/protobuf/MapEntryLite
2024-11-12 13:42:24,843 INFO  CreateClassResetClassAdapter - Creating brand-new static initializer in class org/apache/hadoop/thirdparty/protobuf/MapEntryLite
2024-11-12 13:42:24,843 INFO  CreateClassResetClassAdapter - Adding bytecode for initializing field KEY_FIELD_NUMBER
2024-11-12 13:42:24,843 INFO  CreateClassResetClassAdapter - Adding bytecode for initializing field VALUE_FIELD_NUMBER
2024-11-12 13:42:24,843 INFO  EvoClassLoader - Keeping class: org.apache.hadoop.thirdparty.protobuf.MapEntryLite
2024-11-12 13:42:24,843 INFO  EvoClassLoader - Seeing class for first time: org.apache.hadoop.thirdparty.protobuf.MapEntry$Metadata$1
2024-11-12 13:42:24,843 INFO  EvoClassLoader - Instrumenting class 'org.apache.hadoop.thirdparty.protobuf.MapEntry$Metadata$1'.
2024-11-12 13:42:24,843 INFO  MethodCallReplacementClassAdapter - Adding mock interface to class org/apache/hadoop/thirdparty/protobuf/MapEntry$Metadata$1
2024-11-12 13:42:24,844 INFO  EvoClassLoader - Keeping class: org.apache.hadoop.thirdparty.protobuf.MapEntry$Metadata$1
2024-11-12 13:42:24,844 INFO  EvoClassLoader - Seeing class for first time: org.apache.hadoop.thirdparty.protobuf.Duration$Builder
2024-11-12 13:42:24,844 INFO  EvoClassLoader - Instrumenting class 'org.apache.hadoop.thirdparty.protobuf.Duration$Builder'.
2024-11-12 13:42:24,844 INFO  MethodCallReplacementClassAdapter - Adding mock interface to class org/apache/hadoop/thirdparty/protobuf/Duration$Builder
2024-11-12 13:42:24,844 INFO  CreateClassResetClassAdapter - Creating brand-new static initializer in class org/apache/hadoop/thirdparty/protobuf/Duration$Builder
2024-11-12 13:42:24,844 INFO  EvoClassLoader - Seeing class for first time: org.apache.hadoop.thirdparty.protobuf.DurationOrBuilder
2024-11-12 13:42:24,844 INFO  EvoClassLoader - Instrumenting class 'org.apache.hadoop.thirdparty.protobuf.DurationOrBuilder'.
2024-11-12 13:42:24,845 INFO  EvoClassLoader - Keeping class: org.apache.hadoop.thirdparty.protobuf.DurationOrBuilder
2024-11-12 13:42:24,845 INFO  EvoClassLoader - Keeping class: org.apache.hadoop.thirdparty.protobuf.Duration$Builder
2024-11-12 13:42:24,845 INFO  EvoClassLoader - Seeing class for first time: org.apache.hadoop.thirdparty.protobuf.Duration
2024-11-12 13:42:24,845 INFO  EvoClassLoader - Instrumenting class 'org.apache.hadoop.thirdparty.protobuf.Duration'.
2024-11-12 13:42:24,845 INFO  MethodCallReplacementClassAdapter - Adding mock interface to class org/apache/hadoop/thirdparty/protobuf/Duration
2024-11-12 13:42:24,845 INFO  CreateClassResetClassAdapter - Found static initializer in class org/apache/hadoop/thirdparty/protobuf/Duration
2024-11-12 13:42:24,845 INFO  EvoClassLoader - Keeping class: org.apache.hadoop.thirdparty.protobuf.Duration
2024-11-12 13:42:24,846 INFO  EvoClassLoader - Seeing class for first time: org.apache.hadoop.thirdparty.protobuf.DurationProto
2024-11-12 13:42:24,846 INFO  EvoClassLoader - Instrumenting class 'org.apache.hadoop.thirdparty.protobuf.DurationProto'.
2024-11-12 13:42:24,846 INFO  MethodCallReplacementClassAdapter - Adding mock interface to class org/apache/hadoop/thirdparty/protobuf/DurationProto
2024-11-12 13:42:24,846 INFO  CreateClassResetClassAdapter - Found static initializer in class org/apache/hadoop/thirdparty/protobuf/DurationProto
2024-11-12 13:42:24,846 INFO  EvoClassLoader - Keeping class: org.apache.hadoop.thirdparty.protobuf.DurationProto
2024-11-12 13:42:24,847 INFO  EvoClassLoader - Seeing class for first time: org.eclipse.jetty.util.component.AbstractLifeCycle
2024-11-12 13:42:24,847 INFO  EvoClassLoader - Instrumenting class 'org.eclipse.jetty.util.component.AbstractLifeCycle'.
2024-11-12 13:42:24,847 INFO  MethodCallReplacementClassAdapter - Adding mock interface to class org/eclipse/jetty/util/component/AbstractLifeCycle
2024-11-12 13:42:24,847 INFO  CreateClassResetClassAdapter - Found static initializer in class org/eclipse/jetty/util/component/AbstractLifeCycle
2024-11-12 13:42:24,847 INFO  EvoClassLoader - Seeing class for first time: org.eclipse.jetty.util.component.LifeCycle
2024-11-12 13:42:24,847 INFO  EvoClassLoader - Instrumenting class 'org.eclipse.jetty.util.component.LifeCycle'.
2024-11-12 13:42:24,848 INFO  EvoClassLoader - Keeping class: org.eclipse.jetty.util.component.LifeCycle
2024-11-12 13:42:24,848 INFO  EvoClassLoader - Keeping class: org.eclipse.jetty.util.component.AbstractLifeCycle
2024-11-12 13:42:24,848 INFO  EvoClassLoader - Seeing class for first time: org.eclipse.jetty.util.component.LifeCycle$Listener
2024-11-12 13:42:24,848 INFO  EvoClassLoader - Instrumenting class 'org.eclipse.jetty.util.component.LifeCycle$Listener'.
2024-11-12 13:42:24,848 INFO  EvoClassLoader - Keeping class: org.eclipse.jetty.util.component.LifeCycle$Listener
2024-11-12 13:42:24,848 INFO  EvoClassLoader - Seeing class for first time: org.eclipse.jetty.util.component.ContainerLifeCycle
2024-11-12 13:42:24,848 INFO  EvoClassLoader - Instrumenting class 'org.eclipse.jetty.util.component.ContainerLifeCycle'.
2024-11-12 13:42:24,849 INFO  MethodCallReplacementClassAdapter - Adding mock interface to class org/eclipse/jetty/util/component/ContainerLifeCycle
2024-11-12 13:42:24,851 INFO  CreateClassResetClassAdapter - Found static initializer in class org/eclipse/jetty/util/component/ContainerLifeCycle
2024-11-12 13:42:24,851 INFO  EvoClassLoader - Seeing class for first time: org.eclipse.jetty.util.component.Destroyable
2024-11-12 13:42:24,851 INFO  EvoClassLoader - Instrumenting class 'org.eclipse.jetty.util.component.Destroyable'.
2024-11-12 13:42:24,851 INFO  EvoClassLoader - Keeping class: org.eclipse.jetty.util.component.Destroyable
2024-11-12 13:42:24,851 INFO  EvoClassLoader - Seeing class for first time: org.eclipse.jetty.util.component.Dumpable$DumpableContainer
2024-11-12 13:42:24,851 INFO  EvoClassLoader - Instrumenting class 'org.eclipse.jetty.util.component.Dumpable$DumpableContainer'.
2024-11-12 13:42:24,852 INFO  EvoClassLoader - Keeping class: org.eclipse.jetty.util.component.Dumpable$DumpableContainer
2024-11-12 13:42:24,852 INFO  EvoClassLoader - Keeping class: org.eclipse.jetty.util.component.ContainerLifeCycle
2024-11-12 13:42:24,852 INFO  EvoClassLoader - Seeing class for first time: org.eclipse.jetty.util.component.ContainerLifeCycle$Managed
2024-11-12 13:42:24,852 INFO  EvoClassLoader - Instrumenting class 'org.eclipse.jetty.util.component.ContainerLifeCycle$Managed'.
2024-11-12 13:42:24,852 INFO  MethodCallReplacementClassAdapter - Adding mock interface to class org/eclipse/jetty/util/component/ContainerLifeCycle$Managed
2024-11-12 13:42:24,852 INFO  CreateClassResetClassAdapter - Found static initializer in class org/eclipse/jetty/util/component/ContainerLifeCycle$Managed
2024-11-12 13:42:24,852 INFO  EvoClassLoader - Keeping class: org.eclipse.jetty.util.component.ContainerLifeCycle$Managed
2024-11-12 13:42:24,852 INFO  EvoClassLoader - Seeing class for first time: org.eclipse.jetty.util.component.ContainerLifeCycle$Bean
2024-11-12 13:42:24,852 INFO  EvoClassLoader - Instrumenting class 'org.eclipse.jetty.util.component.ContainerLifeCycle$Bean'.
2024-11-12 13:42:24,853 INFO  MethodCallReplacementClassAdapter - Adding mock interface to class org/eclipse/jetty/util/component/ContainerLifeCycle$Bean
2024-11-12 13:42:24,853 INFO  CreateClassResetClassAdapter - Creating brand-new static initializer in class org/eclipse/jetty/util/component/ContainerLifeCycle$Bean
2024-11-12 13:42:24,853 INFO  EvoClassLoader - Keeping class: org.eclipse.jetty.util.component.ContainerLifeCycle$Bean
2024-11-12 13:42:24,853 INFO  EvoClassLoader - Seeing class for first time: org.eclipse.jetty.io.LeakTrackingByteBufferPool
2024-11-12 13:42:24,853 INFO  EvoClassLoader - Instrumenting class 'org.eclipse.jetty.io.LeakTrackingByteBufferPool'.
2024-11-12 13:42:24,854 INFO  MethodCallReplacementClassAdapter - Adding mock interface to class org/eclipse/jetty/io/LeakTrackingByteBufferPool
2024-11-12 13:42:24,854 INFO  CreateClassResetClassAdapter - Found static initializer in class org/eclipse/jetty/io/LeakTrackingByteBufferPool
2024-11-12 13:42:24,854 INFO  EvoClassLoader - Keeping class: org.eclipse.jetty.io.LeakTrackingByteBufferPool
2024-11-12 13:42:24,854 INFO  EvoClassLoader - Seeing class for first time: org.eclipse.jetty.util.LeakDetector
2024-11-12 13:42:24,854 INFO  EvoClassLoader - Instrumenting class 'org.eclipse.jetty.util.LeakDetector'.
2024-11-12 13:42:24,855 INFO  MethodCallReplacementClassAdapter - Adding mock interface to class org/eclipse/jetty/util/LeakDetector
2024-11-12 13:42:24,855 INFO  CreateClassResetClassAdapter - Found static initializer in class org/eclipse/jetty/util/LeakDetector
2024-11-12 13:42:24,855 INFO  EvoClassLoader - Keeping class: org.eclipse.jetty.util.LeakDetector
2024-11-12 13:42:24,855 INFO  EvoClassLoader - Seeing class for first time: org.eclipse.jetty.io.LeakTrackingByteBufferPool$1
2024-11-12 13:42:24,855 INFO  EvoClassLoader - Instrumenting class 'org.eclipse.jetty.io.LeakTrackingByteBufferPool$1'.
2024-11-12 13:42:24,855 INFO  MethodCallReplacementClassAdapter - Adding mock interface to class org/eclipse/jetty/io/LeakTrackingByteBufferPool$1
2024-11-12 13:42:24,856 INFO  EvoClassLoader - Keeping class: org.eclipse.jetty.io.LeakTrackingByteBufferPool$1
2024-11-12 13:42:24,856 INFO  EvoClassLoader - Seeing class for first time: org.eclipse.jetty.util.LeakDetector$LeakInfo
2024-11-12 13:42:24,856 INFO  EvoClassLoader - Instrumenting class 'org.eclipse.jetty.util.LeakDetector$LeakInfo'.
2024-11-12 13:42:24,856 INFO  MethodCallReplacementClassAdapter - Adding mock interface to class org/eclipse/jetty/util/LeakDetector$LeakInfo
2024-11-12 13:42:24,856 INFO  CreateClassResetClassAdapter - Creating brand-new static initializer in class org/eclipse/jetty/util/LeakDetector$LeakInfo
2024-11-12 13:42:24,856 INFO  EvoClassLoader - Keeping class: org.eclipse.jetty.util.LeakDetector$LeakInfo
2024-11-12 13:42:24,857 INFO  EvoClassLoader - Seeing class for first time: org.eclipse.jetty.util.component.ContainerLifeCycle$1
2024-11-12 13:42:24,857 INFO  EvoClassLoader - Instrumenting class 'org.eclipse.jetty.util.component.ContainerLifeCycle$1'.
2024-11-12 13:42:24,857 INFO  MethodCallReplacementClassAdapter - Adding mock interface to class org/eclipse/jetty/util/component/ContainerLifeCycle$1
2024-11-12 13:42:24,857 INFO  EvoClassLoader - Keeping class: org.eclipse.jetty.util.component.ContainerLifeCycle$1
2024-11-12 13:42:24,857 INFO  EvoClassLoader - Seeing class for first time: org.eclipse.jetty.io.MappedByteBufferPool$Tagged
2024-11-12 13:42:24,857 INFO  EvoClassLoader - Instrumenting class 'org.eclipse.jetty.io.MappedByteBufferPool$Tagged'.
2024-11-12 13:42:24,857 INFO  MethodCallReplacementClassAdapter - Adding mock interface to class org/eclipse/jetty/io/MappedByteBufferPool$Tagged
2024-11-12 13:42:24,857 INFO  CreateClassResetClassAdapter - Creating brand-new static initializer in class org/eclipse/jetty/io/MappedByteBufferPool$Tagged
2024-11-12 13:42:24,857 INFO  EvoClassLoader - Keeping class: org.eclipse.jetty.io.MappedByteBufferPool$Tagged
2024-11-12 13:42:24,858 INFO  EvoClassLoader - Seeing class for first time: org.codehaus.stax2.XMLInputFactory2
2024-11-12 13:42:24,858 INFO  EvoClassLoader - Instrumenting class 'org.codehaus.stax2.XMLInputFactory2'.
2024-11-12 13:42:24,858 INFO  MethodCallReplacementClassAdapter - Adding mock interface to class org/codehaus/stax2/XMLInputFactory2
2024-11-12 13:42:24,858 INFO  CreateClassResetClassAdapter - Creating brand-new static initializer in class org/codehaus/stax2/XMLInputFactory2
2024-11-12 13:42:24,858 INFO  CreateClassResetClassAdapter - Adding bytecode for initializing field P_REPORT_PROLOG_WHITESPACE
2024-11-12 13:42:24,858 INFO  CreateClassResetClassAdapter - Adding bytecode for initializing field P_REPORT_CDATA
2024-11-12 13:42:24,858 INFO  CreateClassResetClassAdapter - Adding bytecode for initializing field P_LAZY_PARSING
2024-11-12 13:42:24,858 INFO  CreateClassResetClassAdapter - Adding bytecode for initializing field P_INTERN_NAMES
2024-11-12 13:42:24,858 INFO  CreateClassResetClassAdapter - Adding bytecode for initializing field P_INTERN_NS_URIS
2024-11-12 13:42:24,858 INFO  CreateClassResetClassAdapter - Adding bytecode for initializing field P_PRESERVE_LOCATION
2024-11-12 13:42:24,858 INFO  CreateClassResetClassAdapter - Adding bytecode for initializing field P_AUTO_CLOSE_INPUT
2024-11-12 13:42:24,858 INFO  CreateClassResetClassAdapter - Adding bytecode for initializing field P_DTD_OVERRIDE
2024-11-12 13:42:24,858 INFO  EvoClassLoader - Defined package (3): package org.codehaus.stax2, -1889860742
2024-11-12 13:42:24,858 INFO  EvoClassLoader - Seeing class for first time: org.codehaus.stax2.XMLStreamProperties
2024-11-12 13:42:24,858 INFO  EvoClassLoader - Instrumenting class 'org.codehaus.stax2.XMLStreamProperties'.
2024-11-12 13:42:24,858 INFO  EvoClassLoader - Keeping class: org.codehaus.stax2.XMLStreamProperties
2024-11-12 13:42:24,858 INFO  EvoClassLoader - Keeping class: org.codehaus.stax2.XMLInputFactory2
2024-11-12 13:42:24,858 INFO  EvoClassLoader - Seeing class for first time: org.codehaus.stax2.XMLEventReader2
2024-11-12 13:42:24,858 INFO  EvoClassLoader - Instrumenting class 'org.codehaus.stax2.XMLEventReader2'.
2024-11-12 13:42:24,859 INFO  EvoClassLoader - Keeping class: org.codehaus.stax2.XMLEventReader2
2024-11-12 13:42:24,859 INFO  EvoClassLoader - Seeing class for first time: org.codehaus.stax2.XMLStreamReader2
2024-11-12 13:42:24,859 INFO  EvoClassLoader - Instrumenting class 'org.codehaus.stax2.XMLStreamReader2'.
2024-11-12 13:42:24,859 INFO  EvoClassLoader - Seeing class for first time: org.codehaus.stax2.typed.TypedXMLStreamReader
2024-11-12 13:42:24,859 INFO  EvoClassLoader - Instrumenting class 'org.codehaus.stax2.typed.TypedXMLStreamReader'.
2024-11-12 13:42:24,859 INFO  EvoClassLoader - Defined package (3): package org.codehaus.stax2.typed, -1667283722
2024-11-12 13:42:24,859 INFO  EvoClassLoader - Keeping class: org.codehaus.stax2.typed.TypedXMLStreamReader
2024-11-12 13:42:24,859 INFO  EvoClassLoader - Seeing class for first time: org.codehaus.stax2.validation.Validatable
2024-11-12 13:42:24,859 INFO  EvoClassLoader - Instrumenting class 'org.codehaus.stax2.validation.Validatable'.
2024-11-12 13:42:24,859 INFO  EvoClassLoader - Defined package (3): package org.codehaus.stax2.validation, 1474122605
2024-11-12 13:42:24,860 INFO  EvoClassLoader - Keeping class: org.codehaus.stax2.validation.Validatable
2024-11-12 13:42:24,860 INFO  EvoClassLoader - Keeping class: org.codehaus.stax2.XMLStreamReader2
2024-11-12 13:42:24,860 INFO  EvoClassLoader - Seeing class for first time: com.ctc.wstx.util.SymbolTable
2024-11-12 13:42:24,860 INFO  EvoClassLoader - Instrumenting class 'com.ctc.wstx.util.SymbolTable'.
2024-11-12 13:42:24,860 INFO  MethodCallReplacementClassAdapter - Adding mock interface to class com/ctc/wstx/util/SymbolTable
2024-11-12 13:42:24,861 INFO  CreateClassResetClassAdapter - Creating brand-new static initializer in class com/ctc/wstx/util/SymbolTable
2024-11-12 13:42:24,861 INFO  CreateClassResetClassAdapter - Adding bytecode for initializing field DEFAULT_TABLE_SIZE
2024-11-12 13:42:24,861 INFO  CreateClassResetClassAdapter - Adding bytecode for initializing field DEFAULT_FILL_FACTOR
2024-11-12 13:42:24,861 INFO  CreateClassResetClassAdapter - Adding bytecode for initializing field EMPTY_STRING
2024-11-12 13:42:24,861 INFO  EvoClassLoader - Defined package (3): package com.ctc.wstx.util, 1758641223
2024-11-12 13:42:24,861 INFO  EvoClassLoader - Keeping class: com.ctc.wstx.util.SymbolTable
2024-11-12 13:42:24,861 INFO  EvoClassLoader - Seeing class for first time: com.ctc.wstx.util.SymbolTable$Bucket
2024-11-12 13:42:24,861 INFO  EvoClassLoader - Instrumenting class 'com.ctc.wstx.util.SymbolTable$Bucket'.
2024-11-12 13:42:24,862 INFO  MethodCallReplacementClassAdapter - Adding mock interface to class com/ctc/wstx/util/SymbolTable$Bucket
2024-11-12 13:42:24,862 INFO  CreateClassResetClassAdapter - Creating brand-new static initializer in class com/ctc/wstx/util/SymbolTable$Bucket
2024-11-12 13:42:24,862 INFO  EvoClassLoader - Keeping class: com.ctc.wstx.util.SymbolTable$Bucket
2024-11-12 13:42:24,862 INFO  EvoClassLoader - Seeing class for first time: com.ctc.wstx.util.DefaultXmlSymbolTable
2024-11-12 13:42:24,862 INFO  EvoClassLoader - Instrumenting class 'com.ctc.wstx.util.DefaultXmlSymbolTable'.
2024-11-12 13:42:24,862 INFO  MethodCallReplacementClassAdapter - Adding mock interface to class com/ctc/wstx/util/DefaultXmlSymbolTable
2024-11-12 13:42:24,862 INFO  CreateClassResetClassAdapter - Found static initializer in class com/ctc/wstx/util/DefaultXmlSymbolTable
2024-11-12 13:42:24,862 INFO  EvoClassLoader - Keeping class: com.ctc.wstx.util.DefaultXmlSymbolTable
2024-11-12 13:42:24,862 INFO  EvoClassLoader - Seeing class for first time: com.ctc.wstx.stax.WstxInputFactory
2024-11-12 13:42:24,862 INFO  EvoClassLoader - Instrumenting class 'com.ctc.wstx.stax.WstxInputFactory'.
2024-11-12 13:42:24,863 INFO  MethodCallReplacementClassAdapter - Adding mock interface to class com/ctc/wstx/stax/WstxInputFactory
2024-11-12 13:42:24,865 INFO  CreateClassResetClassAdapter - Found static initializer in class com/ctc/wstx/stax/WstxInputFactory
2024-11-12 13:42:24,865 INFO  EvoClassLoader - Defined package (3): package com.ctc.wstx.stax, 1758581405
2024-11-12 13:42:24,865 INFO  EvoClassLoader - Seeing class for first time: com.ctc.wstx.sr.ReaderCreator
2024-11-12 13:42:24,865 INFO  EvoClassLoader - Instrumenting class 'com.ctc.wstx.sr.ReaderCreator'.
2024-11-12 13:42:24,866 INFO  EvoClassLoader - Defined package (3): package com.ctc.wstx.sr, 1195124708
2024-11-12 13:42:24,866 INFO  EvoClassLoader - Keeping class: com.ctc.wstx.sr.ReaderCreator
2024-11-12 13:42:24,866 INFO  EvoClassLoader - Seeing class for first time: com.ctc.wstx.cfg.InputConfigFlags
2024-11-12 13:42:24,866 INFO  EvoClassLoader - Instrumenting class 'com.ctc.wstx.cfg.InputConfigFlags'.
2024-11-12 13:42:24,866 INFO  EvoClassLoader - Defined package (3): package com.ctc.wstx.cfg, -1605855361
2024-11-12 13:42:24,866 INFO  EvoClassLoader - Keeping class: com.ctc.wstx.cfg.InputConfigFlags
2024-11-12 13:42:24,866 INFO  EvoClassLoader - Keeping class: com.ctc.wstx.stax.WstxInputFactory
2024-11-12 13:42:24,866 INFO  EvoClassLoader - Seeing class for first time: com.ctc.wstx.exc.WstxIOException
2024-11-12 13:42:24,866 INFO  EvoClassLoader - Instrumenting class 'com.ctc.wstx.exc.WstxIOException'.
2024-11-12 13:42:24,866 INFO  MethodCallReplacementClassAdapter - Adding mock interface to class com/ctc/wstx/exc/WstxIOException
2024-11-12 13:42:24,866 INFO  CreateClassResetClassAdapter - Creating brand-new static initializer in class com/ctc/wstx/exc/WstxIOException
2024-11-12 13:42:24,866 INFO  EvoClassLoader - Defined package (3): package com.ctc.wstx.exc, -1605852885
2024-11-12 13:42:24,866 INFO  EvoClassLoader - Seeing class for first time: com.ctc.wstx.exc.WstxException
2024-11-12 13:42:24,866 INFO  EvoClassLoader - Instrumenting class 'com.ctc.wstx.exc.WstxException'.
2024-11-12 13:42:24,867 INFO  MethodCallReplacementClassAdapter - Adding mock interface to class com/ctc/wstx/exc/WstxException
2024-11-12 13:42:24,867 INFO  CreateClassResetClassAdapter - Creating brand-new static initializer in class com/ctc/wstx/exc/WstxException
2024-11-12 13:42:24,867 INFO  EvoClassLoader - Keeping class: com.ctc.wstx.exc.WstxException
2024-11-12 13:42:24,867 INFO  EvoClassLoader - Keeping class: com.ctc.wstx.exc.WstxIOException
2024-11-12 13:42:24,867 INFO  EvoClassLoader - Seeing class for first time: com.ctc.wstx.io.InputBootstrapper
2024-11-12 13:42:24,867 INFO  EvoClassLoader - Instrumenting class 'com.ctc.wstx.io.InputBootstrapper'.
2024-11-12 13:42:24,867 INFO  MethodCallReplacementClassAdapter - Adding mock interface to class com/ctc/wstx/io/InputBootstrapper
2024-11-12 13:42:24,867 INFO  CreateClassResetClassAdapter - Creating brand-new static initializer in class com/ctc/wstx/io/InputBootstrapper
2024-11-12 13:42:24,867 INFO  CreateClassResetClassAdapter - Adding bytecode for initializing field ERR_XMLDECL_KW_VERSION
2024-11-12 13:42:24,867 INFO  CreateClassResetClassAdapter - Adding bytecode for initializing field ERR_XMLDECL_KW_ENCODING
2024-11-12 13:42:24,867 INFO  CreateClassResetClassAdapter - Adding bytecode for initializing field ERR_XMLDECL_KW_STANDALONE
2024-11-12 13:42:24,867 INFO  CreateClassResetClassAdapter - Adding bytecode for initializing field ERR_XMLDECL_END_MARKER
2024-11-12 13:42:24,867 INFO  CreateClassResetClassAdapter - Adding bytecode for initializing field ERR_XMLDECL_EXP_SPACE
2024-11-12 13:42:24,867 INFO  CreateClassResetClassAdapter - Adding bytecode for initializing field ERR_XMLDECL_EXP_EQ
2024-11-12 13:42:24,867 INFO  CreateClassResetClassAdapter - Adding bytecode for initializing field ERR_XMLDECL_EXP_ATTRVAL
2024-11-12 13:42:24,867 INFO  CreateClassResetClassAdapter - Adding bytecode for initializing field CHAR_NULL
2024-11-12 13:42:24,867 INFO  CreateClassResetClassAdapter - Adding bytecode for initializing field CHAR_SPACE
2024-11-12 13:42:24,867 INFO  CreateClassResetClassAdapter - Adding bytecode for initializing field CHAR_NEL
2024-11-12 13:42:24,867 INFO  CreateClassResetClassAdapter - Adding bytecode for initializing field CHAR_CR
2024-11-12 13:42:24,867 INFO  CreateClassResetClassAdapter - Adding bytecode for initializing field CHAR_LF
2024-11-12 13:42:24,867 INFO  CreateClassResetClassAdapter - Adding bytecode for initializing field BYTE_NULL
2024-11-12 13:42:24,867 INFO  CreateClassResetClassAdapter - Adding bytecode for initializing field BYTE_CR
2024-11-12 13:42:24,867 INFO  CreateClassResetClassAdapter - Adding bytecode for initializing field BYTE_LF
2024-11-12 13:42:24,867 INFO  EvoClassLoader - Defined package (3): package com.ctc.wstx.io, 1195124395
2024-11-12 13:42:24,868 INFO  EvoClassLoader - Keeping class: com.ctc.wstx.io.InputBootstrapper
2024-11-12 13:42:24,868 INFO  EvoClassLoader - Seeing class for first time: com.ctc.wstx.io.StreamBootstrapper
2024-11-12 13:42:24,868 INFO  EvoClassLoader - Instrumenting class 'com.ctc.wstx.io.StreamBootstrapper'.
2024-11-12 13:42:24,868 INFO  MethodCallReplacementClassAdapter - Adding mock interface to class com/ctc/wstx/io/StreamBootstrapper
2024-11-12 13:42:24,870 INFO  CreateClassResetClassAdapter - Creating brand-new static initializer in class com/ctc/wstx/io/StreamBootstrapper
2024-11-12 13:42:24,870 INFO  CreateClassResetClassAdapter - Adding bytecode for initializing field MIN_BUF_SIZE
2024-11-12 13:42:24,870 INFO  EvoClassLoader - Keeping class: com.ctc.wstx.io.StreamBootstrapper
2024-11-12 13:42:24,870 INFO  EvoClassLoader - Seeing class for first time: com.ctc.wstx.io.ReaderBootstrapper
2024-11-12 13:42:24,870 INFO  EvoClassLoader - Instrumenting class 'com.ctc.wstx.io.ReaderBootstrapper'.
2024-11-12 13:42:24,870 INFO  MethodCallReplacementClassAdapter - Adding mock interface to class com/ctc/wstx/io/ReaderBootstrapper
2024-11-12 13:42:24,871 INFO  CreateClassResetClassAdapter - Creating brand-new static initializer in class com/ctc/wstx/io/ReaderBootstrapper
2024-11-12 13:42:24,871 INFO  CreateClassResetClassAdapter - Adding bytecode for initializing field CHAR_BOM_MARKER
2024-11-12 13:42:24,871 INFO  EvoClassLoader - Keeping class: com.ctc.wstx.io.ReaderBootstrapper
2024-11-12 13:42:24,871 INFO  EvoClassLoader - Seeing class for first time: com.ctc.wstx.api.ReaderConfig
2024-11-12 13:42:24,871 INFO  EvoClassLoader - Instrumenting class 'com.ctc.wstx.api.ReaderConfig'.
2024-11-12 13:42:24,871 INFO  MethodCallReplacementClassAdapter - Adding mock interface to class com/ctc/wstx/api/ReaderConfig
2024-11-12 13:42:24,873 INFO  CreateClassResetClassAdapter - Found static initializer in class com/ctc/wstx/api/ReaderConfig
2024-11-12 13:42:24,873 INFO  EvoClassLoader - Defined package (3): package com.ctc.wstx.api, -1605856971
2024-11-12 13:42:24,873 INFO  EvoClassLoader - Seeing class for first time: com.ctc.wstx.api.CommonConfig
2024-11-12 13:42:24,873 INFO  EvoClassLoader - Instrumenting class 'com.ctc.wstx.api.CommonConfig'.
2024-11-12 13:42:24,873 INFO  MethodCallReplacementClassAdapter - Adding mock interface to class com/ctc/wstx/api/CommonConfig
2024-11-12 13:42:24,874 INFO  CreateClassResetClassAdapter - Found static initializer in class com/ctc/wstx/api/CommonConfig
2024-11-12 13:42:24,874 INFO  EvoClassLoader - Keeping class: com.ctc.wstx.api.CommonConfig
2024-11-12 13:42:24,874 INFO  EvoClassLoader - Keeping class: com.ctc.wstx.api.ReaderConfig
2024-11-12 13:42:24,874 INFO  EvoClassLoader - Seeing class for first time: com.ctc.wstx.dtd.DTDId
2024-11-12 13:42:24,874 INFO  EvoClassLoader - Instrumenting class 'com.ctc.wstx.dtd.DTDId'.
2024-11-12 13:42:24,874 INFO  MethodCallReplacementClassAdapter - Adding mock interface to class com/ctc/wstx/dtd/DTDId
2024-11-12 13:42:24,875 INFO  CreateClassResetClassAdapter - Creating brand-new static initializer in class com/ctc/wstx/dtd/DTDId
2024-11-12 13:42:24,875 INFO  EvoClassLoader - Defined package (3): package com.ctc.wstx.dtd, -1605853969
2024-11-12 13:42:24,875 INFO  EvoClassLoader - Keeping class: com.ctc.wstx.dtd.DTDId
2024-11-12 13:42:24,875 INFO  EvoClassLoader - Seeing class for first time: com.ctc.wstx.dtd.DTDSubset
2024-11-12 13:42:24,875 INFO  EvoClassLoader - Instrumenting class 'com.ctc.wstx.dtd.DTDSubset'.
2024-11-12 13:42:24,875 INFO  MethodCallReplacementClassAdapter - Adding mock interface to class com/ctc/wstx/dtd/DTDSubset
2024-11-12 13:42:24,875 INFO  CreateClassResetClassAdapter - Creating brand-new static initializer in class com/ctc/wstx/dtd/DTDSubset
2024-11-12 13:42:24,875 INFO  EvoClassLoader - Seeing class for first time: org.codehaus.stax2.validation.DTDValidationSchema
2024-11-12 13:42:24,875 INFO  EvoClassLoader - Instrumenting class 'org.codehaus.stax2.validation.DTDValidationSchema'.
2024-11-12 13:42:24,875 INFO  EvoClassLoader - Seeing class for first time: org.codehaus.stax2.validation.XMLValidationSchema
2024-11-12 13:42:24,875 INFO  EvoClassLoader - Instrumenting class 'org.codehaus.stax2.validation.XMLValidationSchema'.
2024-11-12 13:42:24,875 INFO  EvoClassLoader - Keeping class: org.codehaus.stax2.validation.XMLValidationSchema
2024-11-12 13:42:24,875 INFO  EvoClassLoader - Keeping class: org.codehaus.stax2.validation.DTDValidationSchema
2024-11-12 13:42:24,875 INFO  EvoClassLoader - Keeping class: com.ctc.wstx.dtd.DTDSubset
2024-11-12 13:42:24,876 INFO  EvoClassLoader - Seeing class for first time: com.ctc.wstx.io.SystemId
2024-11-12 13:42:24,876 INFO  EvoClassLoader - Instrumenting class 'com.ctc.wstx.io.SystemId'.
2024-11-12 13:42:24,876 INFO  MethodCallReplacementClassAdapter - Adding mock interface to class com/ctc/wstx/io/SystemId
2024-11-12 13:42:24,876 INFO  CreateClassResetClassAdapter - Creating brand-new static initializer in class com/ctc/wstx/io/SystemId
2024-11-12 13:42:24,876 INFO  EvoClassLoader - Keeping class: com.ctc.wstx.io.SystemId
2024-11-12 13:42:24,877 INFO  EvoClassLoader - Seeing class for first time: com.ctc.wstx.ent.EntityDecl
2024-11-12 13:42:24,877 INFO  EvoClassLoader - Instrumenting class 'com.ctc.wstx.ent.EntityDecl'.
2024-11-12 13:42:24,877 INFO  MethodCallReplacementClassAdapter - Adding mock interface to class com/ctc/wstx/ent/EntityDecl
2024-11-12 13:42:24,877 INFO  CreateClassResetClassAdapter - Creating brand-new static initializer in class com/ctc/wstx/ent/EntityDecl
2024-11-12 13:42:24,877 INFO  EvoClassLoader - Defined package (3): package com.ctc.wstx.ent, -1605853178
2024-11-12 13:42:24,877 INFO  EvoClassLoader - Seeing class for first time: com.ctc.wstx.evt.WEntityDeclaration
2024-11-12 13:42:24,877 INFO  EvoClassLoader - Instrumenting class 'com.ctc.wstx.evt.WEntityDeclaration'.
2024-11-12 13:42:24,877 INFO  MethodCallReplacementClassAdapter - Adding mock interface to class com/ctc/wstx/evt/WEntityDeclaration
2024-11-12 13:42:24,877 INFO  CreateClassResetClassAdapter - Creating brand-new static initializer in class com/ctc/wstx/evt/WEntityDeclaration
2024-11-12 13:42:24,877 INFO  EvoClassLoader - Defined package (3): package com.ctc.wstx.evt, -1605852930
2024-11-12 13:42:24,877 INFO  EvoClassLoader - Seeing class for first time: org.codehaus.stax2.ri.evt.BaseEventImpl
2024-11-12 13:42:24,877 INFO  EvoClassLoader - Instrumenting class 'org.codehaus.stax2.ri.evt.BaseEventImpl'.
2024-11-12 13:42:24,878 INFO  MethodCallReplacementClassAdapter - Adding mock interface to class org/codehaus/stax2/ri/evt/BaseEventImpl
2024-11-12 13:42:24,878 INFO  CreateClassResetClassAdapter - Creating brand-new static initializer in class org/codehaus/stax2/ri/evt/BaseEventImpl
2024-11-12 13:42:24,878 INFO  EvoClassLoader - Defined package (3): package org.codehaus.stax2.ri.evt, -220188000
2024-11-12 13:42:24,878 INFO  EvoClassLoader - Seeing class for first time: org.codehaus.stax2.evt.XMLEvent2
2024-11-12 13:42:24,878 INFO  EvoClassLoader - Instrumenting class 'org.codehaus.stax2.evt.XMLEvent2'.
2024-11-12 13:42:24,878 INFO  EvoClassLoader - Defined package (3): package org.codehaus.stax2.evt, -1695602321
2024-11-12 13:42:24,878 INFO  EvoClassLoader - Keeping class: org.codehaus.stax2.evt.XMLEvent2
2024-11-12 13:42:24,878 INFO  EvoClassLoader - Keeping class: org.codehaus.stax2.ri.evt.BaseEventImpl
2024-11-12 13:42:24,878 INFO  EvoClassLoader - Keeping class: com.ctc.wstx.evt.WEntityDeclaration
2024-11-12 13:42:24,878 INFO  EvoClassLoader - Keeping class: com.ctc.wstx.ent.EntityDecl
2024-11-12 13:42:24,878 INFO  EvoClassLoader - Seeing class for first time: com.ctc.wstx.api.WstxInputProperties$ParsingMode
2024-11-12 13:42:24,878 INFO  EvoClassLoader - Instrumenting class 'com.ctc.wstx.api.WstxInputProperties$ParsingMode'.
2024-11-12 13:42:24,878 INFO  MethodCallReplacementClassAdapter - Adding mock interface to class com/ctc/wstx/api/WstxInputProperties$ParsingMode
2024-11-12 13:42:24,878 INFO  CreateClassResetClassAdapter - Creating brand-new static initializer in class com/ctc/wstx/api/WstxInputProperties$ParsingMode
2024-11-12 13:42:24,878 INFO  EvoClassLoader - Keeping class: com.ctc.wstx.api.WstxInputProperties$ParsingMode
2024-11-12 13:42:24,878 INFO  EvoClassLoader - Seeing class for first time: com.ctc.wstx.dtd.DTDEventListener
2024-11-12 13:42:24,878 INFO  EvoClassLoader - Instrumenting class 'com.ctc.wstx.dtd.DTDEventListener'.
2024-11-12 13:42:24,879 INFO  EvoClassLoader - Keeping class: com.ctc.wstx.dtd.DTDEventListener
2024-11-12 13:42:24,879 INFO  EvoClassLoader - Seeing class for first time: com.ctc.wstx.io.BufferRecycler
2024-11-12 13:42:24,879 INFO  EvoClassLoader - Instrumenting class 'com.ctc.wstx.io.BufferRecycler'.
2024-11-12 13:42:24,879 INFO  MethodCallReplacementClassAdapter - Adding mock interface to class com/ctc/wstx/io/BufferRecycler
2024-11-12 13:42:24,879 INFO  CreateClassResetClassAdapter - Creating brand-new static initializer in class com/ctc/wstx/io/BufferRecycler
2024-11-12 13:42:24,879 INFO  EvoClassLoader - Keeping class: com.ctc.wstx.io.BufferRecycler
2024-11-12 13:42:24,879 INFO  EvoClassLoader - Seeing class for first time: com.ctc.wstx.api.WstxInputProperties
2024-11-12 13:42:24,879 INFO  EvoClassLoader - Instrumenting class 'com.ctc.wstx.api.WstxInputProperties'.
2024-11-12 13:42:24,879 INFO  MethodCallReplacementClassAdapter - Adding mock interface to class com/ctc/wstx/api/WstxInputProperties
2024-11-12 13:42:24,879 INFO  CreateClassResetClassAdapter - Found static initializer in class com/ctc/wstx/api/WstxInputProperties
2024-11-12 13:42:24,879 INFO  EvoClassLoader - Keeping class: com.ctc.wstx.api.WstxInputProperties
2024-11-12 13:42:24,879 INFO  EvoClassLoader - Seeing class for first time: org.apache.hadoop.conf.Configuration$DeprecationDelta
2024-11-12 13:42:24,879 INFO  EvoClassLoader - Instrumenting class 'org.apache.hadoop.conf.Configuration$DeprecationDelta'.
2024-11-12 13:42:24,880 INFO  MethodCallReplacementClassAdapter - Adding mock interface to class org/apache/hadoop/conf/Configuration$DeprecationDelta
2024-11-12 13:42:24,880 INFO  CreateClassResetClassAdapter - Creating brand-new static initializer in class org/apache/hadoop/conf/Configuration$DeprecationDelta
2024-11-12 13:42:24,880 INFO  EvoClassLoader - Defined package (3): package org.apache.hadoop.conf, 101048823
2024-11-12 13:42:24,880 INFO  EvoClassLoader - Keeping class: org.apache.hadoop.conf.Configuration$DeprecationDelta
2024-11-12 13:42:24,880 INFO  EvoClassLoader - Seeing class for first time: org.apache.hadoop.conf.Configuration
2024-11-12 13:42:24,880 INFO  EvoClassLoader - Instrumenting class 'org.apache.hadoop.conf.Configuration'.
2024-11-12 13:42:24,881 INFO  MethodCallReplacementClassAdapter - Adding mock interface to class org/apache/hadoop/conf/Configuration
2024-11-12 13:42:24,884 INFO  CreateClassResetClassAdapter - Found static initializer in class org/apache/hadoop/conf/Configuration
2024-11-12 13:42:24,885 INFO  EvoClassLoader - Seeing class for first time: org.apache.hadoop.io.Writable
2024-11-12 13:42:24,885 INFO  EvoClassLoader - Instrumenting class 'org.apache.hadoop.io.Writable'.
2024-11-12 13:42:24,886 INFO  EvoClassLoader - Defined package (3): package org.apache.hadoop.io, -40118087
2024-11-12 13:42:24,886 INFO  EvoClassLoader - Keeping class: org.apache.hadoop.io.Writable
2024-11-12 13:42:24,886 INFO  EvoClassLoader - Keeping class: org.apache.hadoop.conf.Configuration
2024-11-12 13:42:24,886 INFO  EvoClassLoader - Seeing class for first time: org.apache.hadoop.conf.Configuration$NegativeCacheSentinel
2024-11-12 13:42:24,886 INFO  EvoClassLoader - Instrumenting class 'org.apache.hadoop.conf.Configuration$NegativeCacheSentinel'.
2024-11-12 13:42:24,886 INFO  MethodCallReplacementClassAdapter - Adding mock interface to class org/apache/hadoop/conf/Configuration$NegativeCacheSentinel
2024-11-12 13:42:24,886 INFO  CreateClassResetClassAdapter - Creating brand-new static initializer in class org/apache/hadoop/conf/Configuration$NegativeCacheSentinel
2024-11-12 13:42:24,886 INFO  EvoClassLoader - Keeping class: org.apache.hadoop.conf.Configuration$NegativeCacheSentinel
2024-11-12 13:42:24,886 INFO  EvoClassLoader - Seeing class for first time: org.apache.hadoop.conf.Configuration$Parser
2024-11-12 13:42:24,886 INFO  EvoClassLoader - Instrumenting class 'org.apache.hadoop.conf.Configuration$Parser'.
2024-11-12 13:42:24,887 INFO  MethodCallReplacementClassAdapter - Adding mock interface to class org/apache/hadoop/conf/Configuration$Parser
2024-11-12 13:42:24,889 INFO  CreateClassResetClassAdapter - Creating brand-new static initializer in class org/apache/hadoop/conf/Configuration$Parser
2024-11-12 13:42:24,890 INFO  EvoClassLoader - Keeping class: org.apache.hadoop.conf.Configuration$Parser
2024-11-12 13:42:24,890 INFO  EvoClassLoader - Seeing class for first time: org.apache.hadoop.conf.Configuration$ParsedItem
2024-11-12 13:42:24,890 INFO  EvoClassLoader - Instrumenting class 'org.apache.hadoop.conf.Configuration$ParsedItem'.
2024-11-12 13:42:24,890 INFO  MethodCallReplacementClassAdapter - Adding mock interface to class org/apache/hadoop/conf/Configuration$ParsedItem
2024-11-12 13:42:24,890 INFO  CreateClassResetClassAdapter - Creating brand-new static initializer in class org/apache/hadoop/conf/Configuration$ParsedItem
2024-11-12 13:42:24,890 INFO  EvoClassLoader - Keeping class: org.apache.hadoop.conf.Configuration$ParsedItem
2024-11-12 13:42:24,890 INFO  EvoClassLoader - Seeing class for first time: org.apache.hadoop.conf.Configuration$IntegerRanges
2024-11-12 13:42:24,890 INFO  EvoClassLoader - Instrumenting class 'org.apache.hadoop.conf.Configuration$IntegerRanges'.
2024-11-12 13:42:24,890 INFO  MethodCallReplacementClassAdapter - Adding mock interface to class org/apache/hadoop/conf/Configuration$IntegerRanges
2024-11-12 13:42:24,890 INFO  CreateClassResetClassAdapter - Creating brand-new static initializer in class org/apache/hadoop/conf/Configuration$IntegerRanges
2024-11-12 13:42:24,891 INFO  EvoClassLoader - Keeping class: org.apache.hadoop.conf.Configuration$IntegerRanges
2024-11-12 13:42:24,891 INFO  EvoClassLoader - Seeing class for first time: org.apache.hadoop.conf.Configuration$ParsedTimeDuration
2024-11-12 13:42:24,891 INFO  EvoClassLoader - Instrumenting class 'org.apache.hadoop.conf.Configuration$ParsedTimeDuration'.
2024-11-12 13:42:24,891 INFO  MethodCallReplacementClassAdapter - Adding mock interface to class org/apache/hadoop/conf/Configuration$ParsedTimeDuration
2024-11-12 13:42:24,891 INFO  CreateClassResetClassAdapter - Found static initializer in class org/apache/hadoop/conf/Configuration$ParsedTimeDuration
2024-11-12 13:42:24,891 INFO  EvoClassLoader - Keeping class: org.apache.hadoop.conf.Configuration$ParsedTimeDuration
2024-11-12 13:42:24,891 INFO  EvoClassLoader - Seeing class for first time: org.apache.hadoop.conf.Configuration$DeprecationContext
2024-11-12 13:42:24,891 INFO  EvoClassLoader - Instrumenting class 'org.apache.hadoop.conf.Configuration$DeprecationContext'.
2024-11-12 13:42:24,891 INFO  MethodCallReplacementClassAdapter - Adding mock interface to class org/apache/hadoop/conf/Configuration$DeprecationContext
2024-11-12 13:42:24,891 INFO  CreateClassResetClassAdapter - Creating brand-new static initializer in class org/apache/hadoop/conf/Configuration$DeprecationContext
2024-11-12 13:42:24,891 INFO  EvoClassLoader - Keeping class: org.apache.hadoop.conf.Configuration$DeprecationContext
2024-11-12 13:42:24,891 INFO  EvoClassLoader - Seeing class for first time: org.apache.hadoop.util.Preconditions
2024-11-12 13:42:24,891 INFO  EvoClassLoader - Instrumenting class 'org.apache.hadoop.util.Preconditions'.
2024-11-12 13:42:24,892 INFO  MethodCallReplacementClassAdapter - Adding mock interface to class org/apache/hadoop/util/Preconditions
2024-11-12 13:42:24,892 INFO  CreateClassResetClassAdapter - Found static initializer in class org/apache/hadoop/util/Preconditions
2024-11-12 13:42:24,892 INFO  EvoClassLoader - Keeping class: org.apache.hadoop.util.Preconditions
2024-11-12 13:42:24,893 INFO  EvoClassLoader - Seeing class for first time: org.apache.hadoop.conf.Configuration$DeprecatedKeyInfo
2024-11-12 13:42:24,893 INFO  EvoClassLoader - Instrumenting class 'org.apache.hadoop.conf.Configuration$DeprecatedKeyInfo'.
2024-11-12 13:42:24,893 INFO  MethodCallReplacementClassAdapter - Adding mock interface to class org/apache/hadoop/conf/Configuration$DeprecatedKeyInfo
2024-11-12 13:42:24,893 INFO  CreateClassResetClassAdapter - Creating brand-new static initializer in class org/apache/hadoop/conf/Configuration$DeprecatedKeyInfo
2024-11-12 13:42:24,893 INFO  EvoClassLoader - Keeping class: org.apache.hadoop.conf.Configuration$DeprecatedKeyInfo
2024-11-12 13:42:24,893 INFO  EvoClassLoader - Seeing class for first time: org.apache.commons.collections.map.AbstractMapDecorator
2024-11-12 13:42:24,893 INFO  EvoClassLoader - Instrumenting class 'org.apache.commons.collections.map.AbstractMapDecorator'.
2024-11-12 13:42:24,893 INFO  MethodCallReplacementClassAdapter - Adding mock interface to class org/apache/commons/collections/map/AbstractMapDecorator
2024-11-12 13:42:24,894 INFO  CreateClassResetClassAdapter - Creating brand-new static initializer in class org/apache/commons/collections/map/AbstractMapDecorator
2024-11-12 13:42:24,894 INFO  EvoClassLoader - Defined package (3): package org.apache.commons.collections.map, -1340437721
2024-11-12 13:42:24,894 INFO  EvoClassLoader - Keeping class: org.apache.commons.collections.map.AbstractMapDecorator
2024-11-12 13:42:24,894 INFO  EvoClassLoader - Seeing class for first time: org.apache.commons.collections.map.UnmodifiableMap
2024-11-12 13:42:24,894 INFO  EvoClassLoader - Instrumenting class 'org.apache.commons.collections.map.UnmodifiableMap'.
2024-11-12 13:42:24,894 INFO  MethodCallReplacementClassAdapter - Adding mock interface to class org/apache/commons/collections/map/UnmodifiableMap
2024-11-12 13:42:24,894 INFO  CreateClassResetClassAdapter - Creating brand-new static initializer in class org/apache/commons/collections/map/UnmodifiableMap
2024-11-12 13:42:24,894 INFO  EvoClassLoader - Seeing class for first time: org.apache.commons.collections.IterableMap
2024-11-12 13:42:24,894 INFO  EvoClassLoader - Instrumenting class 'org.apache.commons.collections.IterableMap'.
2024-11-12 13:42:24,895 INFO  EvoClassLoader - Defined package (3): package org.apache.commons.collections, -177651399
2024-11-12 13:42:24,895 INFO  EvoClassLoader - Keeping class: org.apache.commons.collections.IterableMap
2024-11-12 13:42:24,895 INFO  EvoClassLoader - Seeing class for first time: org.apache.commons.collections.Unmodifiable
2024-11-12 13:42:24,895 INFO  EvoClassLoader - Instrumenting class 'org.apache.commons.collections.Unmodifiable'.
2024-11-12 13:42:24,895 INFO  EvoClassLoader - Keeping class: org.apache.commons.collections.Unmodifiable
2024-11-12 13:42:24,895 INFO  EvoClassLoader - Keeping class: org.apache.commons.collections.map.UnmodifiableMap
2024-11-12 13:42:24,895 INFO  EvoClassLoader - Seeing class for first time: org.apache.commons.collections.MapIterator
2024-11-12 13:42:24,895 INFO  EvoClassLoader - Instrumenting class 'org.apache.commons.collections.MapIterator'.
2024-11-12 13:42:24,895 INFO  EvoClassLoader - Keeping class: org.apache.commons.collections.MapIterator
2024-11-12 13:42:24,896 INFO  EvoClassLoader - Seeing class for first time: org.apache.hadoop.fs.FileSystem
2024-11-12 13:42:24,896 INFO  EvoClassLoader - Instrumenting class 'org.apache.hadoop.fs.FileSystem'.
2024-11-12 13:42:24,897 INFO  MethodCallReplacementClassAdapter - Adding mock interface to class org/apache/hadoop/fs/FileSystem
2024-11-12 13:42:24,903 INFO  CreateClassResetClassAdapter - Found static initializer in class org/apache/hadoop/fs/FileSystem
2024-11-12 13:42:24,903 INFO  EvoClassLoader - Defined package (3): package org.apache.hadoop.fs, -40118176
2024-11-12 13:42:24,904 INFO  EvoClassLoader - Seeing class for first time: org.apache.hadoop.security.token.DelegationTokenIssuer
2024-11-12 13:42:24,904 INFO  EvoClassLoader - Instrumenting class 'org.apache.hadoop.security.token.DelegationTokenIssuer'.
2024-11-12 13:42:24,905 INFO  EvoClassLoader - Defined package (3): package org.apache.hadoop.security.token, -540953378
2024-11-12 13:42:24,905 INFO  EvoClassLoader - Keeping class: org.apache.hadoop.security.token.DelegationTokenIssuer
2024-11-12 13:42:24,905 INFO  EvoClassLoader - Seeing class for first time: org.apache.hadoop.fs.PathCapabilities
2024-11-12 13:42:24,905 INFO  EvoClassLoader - Instrumenting class 'org.apache.hadoop.fs.PathCapabilities'.
2024-11-12 13:42:24,906 INFO  EvoClassLoader - Keeping class: org.apache.hadoop.fs.PathCapabilities
2024-11-12 13:42:24,906 INFO  EvoClassLoader - Seeing class for first time: org.apache.hadoop.conf.Configured
2024-11-12 13:42:24,906 INFO  EvoClassLoader - Instrumenting class 'org.apache.hadoop.conf.Configured'.
2024-11-12 13:42:24,906 INFO  MethodCallReplacementClassAdapter - Adding mock interface to class org/apache/hadoop/conf/Configured
2024-11-12 13:42:24,906 INFO  CreateClassResetClassAdapter - Creating brand-new static initializer in class org/apache/hadoop/conf/Configured
2024-11-12 13:42:24,906 INFO  EvoClassLoader - Seeing class for first time: org.apache.hadoop.conf.Configurable
2024-11-12 13:42:24,906 INFO  EvoClassLoader - Instrumenting class 'org.apache.hadoop.conf.Configurable'.
2024-11-12 13:42:24,907 INFO  EvoClassLoader - Keeping class: org.apache.hadoop.conf.Configurable
2024-11-12 13:42:24,907 INFO  EvoClassLoader - Keeping class: org.apache.hadoop.conf.Configured
2024-11-12 13:42:24,907 INFO  EvoClassLoader - Keeping class: org.apache.hadoop.fs.FileSystem
2024-11-12 13:42:24,907 INFO  EvoClassLoader - Seeing class for first time: org.apache.hadoop.fs.LocalFileSystem
2024-11-12 13:42:24,907 INFO  EvoClassLoader - Instrumenting class 'org.apache.hadoop.fs.LocalFileSystem'.
2024-11-12 13:42:24,907 INFO  MethodCallReplacementClassAdapter - Adding mock interface to class org/apache/hadoop/fs/LocalFileSystem
2024-11-12 13:42:24,908 INFO  CreateClassResetClassAdapter - Found static initializer in class org/apache/hadoop/fs/LocalFileSystem
2024-11-12 13:42:24,909 INFO  EvoClassLoader - Seeing class for first time: org.apache.hadoop.fs.ChecksumFileSystem
2024-11-12 13:42:24,909 INFO  EvoClassLoader - Instrumenting class 'org.apache.hadoop.fs.ChecksumFileSystem'.
2024-11-12 13:42:24,909 INFO  MethodCallReplacementClassAdapter - Adding mock interface to class org/apache/hadoop/fs/ChecksumFileSystem
2024-11-12 13:42:24,912 INFO  CreateClassResetClassAdapter - Found static initializer in class org/apache/hadoop/fs/ChecksumFileSystem
2024-11-12 13:42:24,913 INFO  EvoClassLoader - Seeing class for first time: org.apache.hadoop.fs.FilterFileSystem
2024-11-12 13:42:24,913 INFO  EvoClassLoader - Instrumenting class 'org.apache.hadoop.fs.FilterFileSystem'.
2024-11-12 13:42:24,913 INFO  MethodCallReplacementClassAdapter - Adding mock interface to class org/apache/hadoop/fs/FilterFileSystem
2024-11-12 13:42:24,913 INFO  CreateClassResetClassAdapter - Creating brand-new static initializer in class org/apache/hadoop/fs/FilterFileSystem
2024-11-12 13:42:24,914 INFO  EvoClassLoader - Keeping class: org.apache.hadoop.fs.FilterFileSystem
2024-11-12 13:42:24,914 INFO  EvoClassLoader - Keeping class: org.apache.hadoop.fs.ChecksumFileSystem
2024-11-12 13:42:24,914 INFO  EvoClassLoader - Keeping class: org.apache.hadoop.fs.LocalFileSystem
2024-11-12 13:42:24,915 INFO  EvoClassLoader - Seeing class for first time: org.apache.hadoop.fs.Path
2024-11-12 13:42:24,915 INFO  EvoClassLoader - Instrumenting class 'org.apache.hadoop.fs.Path'.
2024-11-12 13:42:24,915 INFO  MethodCallReplacementClassAdapter - Adding mock interface to class org/apache/hadoop/fs/Path
2024-11-12 13:42:24,917 INFO  CreateClassResetClassAdapter - Found static initializer in class org/apache/hadoop/fs/Path
2024-11-12 13:42:24,918 INFO  EvoClassLoader - Keeping class: org.apache.hadoop.fs.Path
2024-11-12 13:42:24,918 INFO  EvoClassLoader - Seeing class for first time: org.apache.hadoop.conf.Configuration$Resource
2024-11-12 13:42:24,918 INFO  EvoClassLoader - Instrumenting class 'org.apache.hadoop.conf.Configuration$Resource'.
2024-11-12 13:42:24,918 INFO  MethodCallReplacementClassAdapter - Adding mock interface to class org/apache/hadoop/conf/Configuration$Resource
2024-11-12 13:42:24,918 INFO  CreateClassResetClassAdapter - Creating brand-new static initializer in class org/apache/hadoop/conf/Configuration$Resource
2024-11-12 13:42:24,918 INFO  EvoClassLoader - Keeping class: org.apache.hadoop.conf.Configuration$Resource
2024-11-12 13:42:24,918 INFO  EvoClassLoader - Seeing class for first time: org.apache.hadoop.conf.StorageUnit
2024-11-12 13:42:24,918 INFO  EvoClassLoader - Instrumenting class 'org.apache.hadoop.conf.StorageUnit'.
2024-11-12 13:42:24,919 INFO  MethodCallReplacementClassAdapter - Adding mock interface to class org/apache/hadoop/conf/StorageUnit
2024-11-12 13:42:24,919 INFO  CreateClassResetClassAdapter - Found static initializer in class org/apache/hadoop/conf/StorageUnit
2024-11-12 13:42:24,919 INFO  EvoClassLoader - Keeping class: org.apache.hadoop.conf.StorageUnit
2024-11-12 13:42:24,919 INFO  EvoClassLoader - Seeing class for first time: org.apache.hadoop.security.alias.CredentialProvider
2024-11-12 13:42:24,919 INFO  EvoClassLoader - Instrumenting class 'org.apache.hadoop.security.alias.CredentialProvider'.
2024-11-12 13:42:24,919 INFO  MethodCallReplacementClassAdapter - Adding mock interface to class org/apache/hadoop/security/alias/CredentialProvider
2024-11-12 13:42:24,919 INFO  CreateClassResetClassAdapter - Creating brand-new static initializer in class org/apache/hadoop/security/alias/CredentialProvider
2024-11-12 13:42:24,919 INFO  CreateClassResetClassAdapter - Adding bytecode for initializing field CLEAR_TEXT_FALLBACK
2024-11-12 13:42:24,919 INFO  EvoClassLoader - Defined package (3): package org.apache.hadoop.security.alias, -558591691
2024-11-12 13:42:24,919 INFO  EvoClassLoader - Keeping class: org.apache.hadoop.security.alias.CredentialProvider
2024-11-12 13:42:24,919 INFO  EvoClassLoader - Seeing class for first time: org.apache.hadoop.security.alias.CredentialProvider$CredentialEntry
2024-11-12 13:42:24,919 INFO  EvoClassLoader - Instrumenting class 'org.apache.hadoop.security.alias.CredentialProvider$CredentialEntry'.
2024-11-12 13:42:24,920 INFO  MethodCallReplacementClassAdapter - Adding mock interface to class org/apache/hadoop/security/alias/CredentialProvider$CredentialEntry
2024-11-12 13:42:24,920 INFO  CreateClassResetClassAdapter - Creating brand-new static initializer in class org/apache/hadoop/security/alias/CredentialProvider$CredentialEntry
2024-11-12 13:42:24,920 INFO  EvoClassLoader - Keeping class: org.apache.hadoop.security.alias.CredentialProvider$CredentialEntry
2024-11-12 13:42:24,920 INFO  EvoClassLoader - Seeing class for first time: org.apache.hadoop.conf.ConfigRedactor
2024-11-12 13:42:24,920 INFO  EvoClassLoader - Instrumenting class 'org.apache.hadoop.conf.ConfigRedactor'.
2024-11-12 13:42:24,920 INFO  MethodCallReplacementClassAdapter - Adding mock interface to class org/apache/hadoop/conf/ConfigRedactor
2024-11-12 13:42:24,920 INFO  CreateClassResetClassAdapter - Creating brand-new static initializer in class org/apache/hadoop/conf/ConfigRedactor
2024-11-12 13:42:24,920 INFO  CreateClassResetClassAdapter - Adding bytecode for initializing field REDACTED_TEXT
2024-11-12 13:42:24,920 INFO  CreateClassResetClassAdapter - Adding bytecode for initializing field REDACTED_XML
2024-11-12 13:42:24,920 INFO  EvoClassLoader - Keeping class: org.apache.hadoop.conf.ConfigRedactor
2024-11-12 13:42:24,920 INFO  EvoClassLoader - Seeing class for first time: com.fasterxml.jackson.core.JsonGenerator
2024-11-12 13:42:24,920 INFO  EvoClassLoader - Instrumenting class 'com.fasterxml.jackson.core.JsonGenerator'.
2024-11-12 13:42:24,920 INFO  MethodCallReplacementClassAdapter - Adding mock interface to class com/fasterxml/jackson/core/JsonGenerator
2024-11-12 13:42:24,922 INFO  CreateClassResetClassAdapter - Found static initializer in class com/fasterxml/jackson/core/JsonGenerator
2024-11-12 13:42:24,922 INFO  EvoClassLoader - Defined package (3): package com.fasterxml.jackson.core, 1215208167
2024-11-12 13:42:24,922 INFO  EvoClassLoader - Seeing class for first time: com.fasterxml.jackson.core.Versioned
2024-11-12 13:42:24,922 INFO  EvoClassLoader - Instrumenting class 'com.fasterxml.jackson.core.Versioned'.
2024-11-12 13:42:24,922 INFO  EvoClassLoader - Keeping class: com.fasterxml.jackson.core.Versioned
2024-11-12 13:42:24,922 INFO  EvoClassLoader - Keeping class: com.fasterxml.jackson.core.JsonGenerator
2024-11-12 13:42:24,924 INFO  EvoClassLoader - Seeing class for first time: org.apache.hadoop.thirdparty.protobuf.DescriptorProtos$GeneratedCodeInfo$Annotation$Builder
2024-11-12 13:42:24,924 INFO  EvoClassLoader - Instrumenting class 'org.apache.hadoop.thirdparty.protobuf.DescriptorProtos$GeneratedCodeInfo$Annotation$Builder'.
2024-11-12 13:42:24,924 INFO  MethodCallReplacementClassAdapter - Adding mock interface to class org/apache/hadoop/thirdparty/protobuf/DescriptorProtos$GeneratedCodeInfo$Annotation$Builder
2024-11-12 13:42:24,925 INFO  CreateClassResetClassAdapter - Creating brand-new static initializer in class org/apache/hadoop/thirdparty/protobuf/DescriptorProtos$GeneratedCodeInfo$Annotation$Builder
2024-11-12 13:42:24,925 INFO  EvoClassLoader - Keeping class: org.apache.hadoop.thirdparty.protobuf.DescriptorProtos$GeneratedCodeInfo$Annotation$Builder
2024-11-12 13:42:24,928 INFO  EvoClassLoader - Seeing class for first time: org.apache.hadoop.thirdparty.protobuf.Any$Builder
2024-11-12 13:42:24,928 INFO  EvoClassLoader - Instrumenting class 'org.apache.hadoop.thirdparty.protobuf.Any$Builder'.
2024-11-12 13:42:24,929 INFO  MethodCallReplacementClassAdapter - Adding mock interface to class org/apache/hadoop/thirdparty/protobuf/Any$Builder
2024-11-12 13:42:24,929 INFO  CreateClassResetClassAdapter - Creating brand-new static initializer in class org/apache/hadoop/thirdparty/protobuf/Any$Builder
2024-11-12 13:42:24,930 INFO  EvoClassLoader - Keeping class: org.apache.hadoop.thirdparty.protobuf.Any$Builder
2024-11-12 13:42:24,930 INFO  EvoClassLoader - Seeing class for first time: org.apache.hadoop.thirdparty.protobuf.SourceContextProto
2024-11-12 13:42:24,930 INFO  EvoClassLoader - Instrumenting class 'org.apache.hadoop.thirdparty.protobuf.SourceContextProto'.
2024-11-12 13:42:24,930 INFO  MethodCallReplacementClassAdapter - Adding mock interface to class org/apache/hadoop/thirdparty/protobuf/SourceContextProto
2024-11-12 13:42:24,930 INFO  CreateClassResetClassAdapter - Found static initializer in class org/apache/hadoop/thirdparty/protobuf/SourceContextProto
2024-11-12 13:42:24,930 INFO  EvoClassLoader - Keeping class: org.apache.hadoop.thirdparty.protobuf.SourceContextProto
2024-11-12 13:42:24,931 INFO  EvoClassLoader - Seeing class for first time: org.apache.hadoop.thirdparty.protobuf.AnyProto
2024-11-12 13:42:24,931 INFO  EvoClassLoader - Instrumenting class 'org.apache.hadoop.thirdparty.protobuf.AnyProto'.
2024-11-12 13:42:24,931 INFO  MethodCallReplacementClassAdapter - Adding mock interface to class org/apache/hadoop/thirdparty/protobuf/AnyProto
2024-11-12 13:42:24,931 INFO  CreateClassResetClassAdapter - Found static initializer in class org/apache/hadoop/thirdparty/protobuf/AnyProto
2024-11-12 13:42:24,932 INFO  EvoClassLoader - Keeping class: org.apache.hadoop.thirdparty.protobuf.AnyProto
2024-11-12 13:42:24,932 INFO  EvoClassLoader - Seeing class for first time: org.apache.hadoop.thirdparty.protobuf.TypeProto
2024-11-12 13:42:24,932 INFO  EvoClassLoader - Instrumenting class 'org.apache.hadoop.thirdparty.protobuf.TypeProto'.
2024-11-12 13:42:24,933 INFO  MethodCallReplacementClassAdapter - Adding mock interface to class org/apache/hadoop/thirdparty/protobuf/TypeProto
2024-11-12 13:42:24,933 INFO  CreateClassResetClassAdapter - Found static initializer in class org/apache/hadoop/thirdparty/protobuf/TypeProto
2024-11-12 13:42:24,933 INFO  EvoClassLoader - Keeping class: org.apache.hadoop.thirdparty.protobuf.TypeProto
2024-11-12 13:42:24,935 INFO  EvoClassLoader - Seeing class for first time: org.apache.hadoop.thirdparty.protobuf.ApiProto
2024-11-12 13:42:24,935 INFO  EvoClassLoader - Instrumenting class 'org.apache.hadoop.thirdparty.protobuf.ApiProto'.
2024-11-12 13:42:24,935 INFO  MethodCallReplacementClassAdapter - Adding mock interface to class org/apache/hadoop/thirdparty/protobuf/ApiProto
2024-11-12 13:42:24,935 INFO  CreateClassResetClassAdapter - Found static initializer in class org/apache/hadoop/thirdparty/protobuf/ApiProto
2024-11-12 13:42:24,935 INFO  EvoClassLoader - Keeping class: org.apache.hadoop.thirdparty.protobuf.ApiProto
2024-11-12 13:42:24,936 INFO  EvoClassLoader - Seeing class for first time: org.apache.hadoop.thirdparty.protobuf.ExtensionRegistryLite$ObjectIntPair
2024-11-12 13:42:24,936 INFO  EvoClassLoader - Instrumenting class 'org.apache.hadoop.thirdparty.protobuf.ExtensionRegistryLite$ObjectIntPair'.
2024-11-12 13:42:24,936 INFO  MethodCallReplacementClassAdapter - Adding mock interface to class org/apache/hadoop/thirdparty/protobuf/ExtensionRegistryLite$ObjectIntPair
2024-11-12 13:42:24,936 INFO  CreateClassResetClassAdapter - Creating brand-new static initializer in class org/apache/hadoop/thirdparty/protobuf/ExtensionRegistryLite$ObjectIntPair
2024-11-12 13:42:24,936 INFO  EvoClassLoader - Keeping class: org.apache.hadoop.thirdparty.protobuf.ExtensionRegistryLite$ObjectIntPair
2024-11-12 13:42:24,937 INFO  EvoClassLoader - Seeing class for first time: org.apache.hadoop.thirdparty.protobuf.DescriptorProtos$UninterpretedOption$NamePart$Builder
2024-11-12 13:42:24,937 INFO  EvoClassLoader - Instrumenting class 'org.apache.hadoop.thirdparty.protobuf.DescriptorProtos$UninterpretedOption$NamePart$Builder'.
2024-11-12 13:42:24,937 INFO  MethodCallReplacementClassAdapter - Adding mock interface to class org/apache/hadoop/thirdparty/protobuf/DescriptorProtos$UninterpretedOption$NamePart$Builder
2024-11-12 13:42:24,938 INFO  CreateClassResetClassAdapter - Creating brand-new static initializer in class org/apache/hadoop/thirdparty/protobuf/DescriptorProtos$UninterpretedOption$NamePart$Builder
2024-11-12 13:42:24,938 INFO  EvoClassLoader - Keeping class: org.apache.hadoop.thirdparty.protobuf.DescriptorProtos$UninterpretedOption$NamePart$Builder
2024-11-12 13:42:24,939 INFO  EvoClassLoader - Seeing class for first time: org.apache.hadoop.thirdparty.protobuf.DynamicMessage
2024-11-12 13:42:24,939 INFO  EvoClassLoader - Instrumenting class 'org.apache.hadoop.thirdparty.protobuf.DynamicMessage'.
2024-11-12 13:42:24,939 INFO  MethodCallReplacementClassAdapter - Adding mock interface to class org/apache/hadoop/thirdparty/protobuf/DynamicMessage
2024-11-12 13:42:24,940 INFO  CreateClassResetClassAdapter - Creating brand-new static initializer in class org/apache/hadoop/thirdparty/protobuf/DynamicMessage
2024-11-12 13:42:24,941 INFO  EvoClassLoader - Keeping class: org.apache.hadoop.thirdparty.protobuf.DynamicMessage
2024-11-12 13:42:24,941 INFO  EvoClassLoader - Seeing class for first time: org.apache.hadoop.thirdparty.protobuf.DynamicMessage$Builder
2024-11-12 13:42:24,941 INFO  EvoClassLoader - Instrumenting class 'org.apache.hadoop.thirdparty.protobuf.DynamicMessage$Builder'.
2024-11-12 13:42:24,942 INFO  MethodCallReplacementClassAdapter - Adding mock interface to class org/apache/hadoop/thirdparty/protobuf/DynamicMessage$Builder
2024-11-12 13:42:24,945 INFO  CreateClassResetClassAdapter - Creating brand-new static initializer in class org/apache/hadoop/thirdparty/protobuf/DynamicMessage$Builder
2024-11-12 13:42:24,946 INFO  EvoClassLoader - Keeping class: org.apache.hadoop.thirdparty.protobuf.DynamicMessage$Builder
2024-11-12 13:42:24,946 INFO  EvoClassLoader - Seeing class for first time: org.eclipse.jetty.util.AbstractTrie
2024-11-12 13:42:24,946 INFO  EvoClassLoader - Instrumenting class 'org.eclipse.jetty.util.AbstractTrie'.
2024-11-12 13:42:24,946 INFO  MethodCallReplacementClassAdapter - Adding mock interface to class org/eclipse/jetty/util/AbstractTrie
2024-11-12 13:42:24,946 INFO  CreateClassResetClassAdapter - Creating brand-new static initializer in class org/eclipse/jetty/util/AbstractTrie
2024-11-12 13:42:24,946 INFO  EvoClassLoader - Seeing class for first time: org.eclipse.jetty.util.Trie
2024-11-12 13:42:24,946 INFO  EvoClassLoader - Instrumenting class 'org.eclipse.jetty.util.Trie'.
2024-11-12 13:42:24,947 INFO  EvoClassLoader - Keeping class: org.eclipse.jetty.util.Trie
2024-11-12 13:42:24,947 INFO  EvoClassLoader - Keeping class: org.eclipse.jetty.util.AbstractTrie
2024-11-12 13:42:24,947 INFO  EvoClassLoader - Seeing class for first time: org.eclipse.jetty.util.ArrayTrie
2024-11-12 13:42:24,947 INFO  EvoClassLoader - Instrumenting class 'org.eclipse.jetty.util.ArrayTrie'.
2024-11-12 13:42:24,948 INFO  MethodCallReplacementClassAdapter - Adding mock interface to class org/eclipse/jetty/util/ArrayTrie
2024-11-12 13:42:24,949 INFO  CreateClassResetClassAdapter - Found static initializer in class org/eclipse/jetty/util/ArrayTrie
2024-11-12 13:42:24,949 INFO  EvoClassLoader - Keeping class: org.eclipse.jetty.util.ArrayTrie
2024-11-12 13:42:24,950 INFO  EvoClassLoader - Seeing class for first time: org.eclipse.jetty.util.MathUtils
2024-11-12 13:42:24,950 INFO  EvoClassLoader - Instrumenting class 'org.eclipse.jetty.util.MathUtils'.
2024-11-12 13:42:24,950 INFO  MethodCallReplacementClassAdapter - Adding mock interface to class org/eclipse/jetty/util/MathUtils
2024-11-12 13:42:24,950 INFO  CreateClassResetClassAdapter - Creating brand-new static initializer in class org/eclipse/jetty/util/MathUtils
2024-11-12 13:42:24,950 INFO  EvoClassLoader - Keeping class: org.eclipse.jetty.util.MathUtils
2024-11-12 13:42:24,951 INFO  EvoClassLoader - Seeing class for first time: org.eclipse.jetty.util.StringUtil
2024-11-12 13:42:24,951 INFO  EvoClassLoader - Instrumenting class 'org.eclipse.jetty.util.StringUtil'.
2024-11-12 13:42:24,951 INFO  MethodCallReplacementClassAdapter - Adding mock interface to class org/eclipse/jetty/util/StringUtil
2024-11-12 13:42:24,953 INFO  CreateClassResetClassAdapter - Found static initializer in class org/eclipse/jetty/util/StringUtil
2024-11-12 13:42:24,953 INFO  EvoClassLoader - Keeping class: org.eclipse.jetty.util.StringUtil
2024-11-12 13:42:24,955 INFO  EvoClassLoader - Seeing class for first time: org.apache.hadoop.thirdparty.protobuf.RepeatedFieldBuilderV3$MessageOrBuilderExternalList
2024-11-12 13:42:24,955 INFO  EvoClassLoader - Instrumenting class 'org.apache.hadoop.thirdparty.protobuf.RepeatedFieldBuilderV3$MessageOrBuilderExternalList'.
2024-11-12 13:42:24,956 INFO  MethodCallReplacementClassAdapter - Adding mock interface to class org/apache/hadoop/thirdparty/protobuf/RepeatedFieldBuilderV3$MessageOrBuilderExternalList
2024-11-12 13:42:24,956 INFO  CreateClassResetClassAdapter - Creating brand-new static initializer in class org/apache/hadoop/thirdparty/protobuf/RepeatedFieldBuilderV3$MessageOrBuilderExternalList
2024-11-12 13:42:24,956 INFO  EvoClassLoader - Keeping class: org.apache.hadoop.thirdparty.protobuf.RepeatedFieldBuilderV3$MessageOrBuilderExternalList
2024-11-12 13:42:24,956 INFO  EvoClassLoader - Seeing class for first time: org.apache.hadoop.thirdparty.protobuf.RepeatedFieldBuilderV3$BuilderExternalList
2024-11-12 13:42:24,956 INFO  EvoClassLoader - Instrumenting class 'org.apache.hadoop.thirdparty.protobuf.RepeatedFieldBuilderV3$BuilderExternalList'.
2024-11-12 13:42:24,956 INFO  MethodCallReplacementClassAdapter - Adding mock interface to class org/apache/hadoop/thirdparty/protobuf/RepeatedFieldBuilderV3$BuilderExternalList
2024-11-12 13:42:24,956 INFO  CreateClassResetClassAdapter - Creating brand-new static initializer in class org/apache/hadoop/thirdparty/protobuf/RepeatedFieldBuilderV3$BuilderExternalList
2024-11-12 13:42:24,956 INFO  EvoClassLoader - Keeping class: org.apache.hadoop.thirdparty.protobuf.RepeatedFieldBuilderV3$BuilderExternalList
]]></system-out>
  </testcase>
  <testcase name="test048" classname="org.apache.hadoop.hdfs.server.namenode.FsImageProto_ESTest" time="0.004">
    <system-out><![CDATA[2024-11-12 13:42:24,960 INFO  EvoClassLoader - Seeing class for first time: libcore.io.Memory
2024-11-12 13:42:24,960 INFO  EvoClassLoader - Instrumenting class 'libcore.io.Memory'.
2024-11-12 13:42:24,961 INFO  EvoClassLoader - Error while loading class: java.lang.ClassNotFoundException: Class 'libcore/io/Memory.class' should be in target project, but could not be found!
2024-11-12 13:42:24,961 INFO  EvoClassLoader - Seeing class for first time: org.robolectric.Robolectric
2024-11-12 13:42:24,961 INFO  EvoClassLoader - Instrumenting class 'org.robolectric.Robolectric'.
2024-11-12 13:42:24,961 INFO  EvoClassLoader - Error while loading class: java.lang.ClassNotFoundException: Class 'org/robolectric/Robolectric.class' should be in target project, but could not be found!
2024-11-12 13:42:24,980 INFO  log - Logging initialized @6910ms to org.eclipse.jetty.util.log.Slf4jLog
]]></system-out>
  </testcase>
  <testcase name="test047" classname="org.apache.hadoop.hdfs.server.namenode.FsImageProto_ESTest" time="0.003">
    <system-out><![CDATA[2024-11-12 13:42:24,995 INFO  EvoClassLoader - Seeing class for first time: libcore.io.Memory
2024-11-12 13:42:24,995 INFO  EvoClassLoader - Instrumenting class 'libcore.io.Memory'.
2024-11-12 13:42:24,996 INFO  EvoClassLoader - Error while loading class: java.lang.ClassNotFoundException: Class 'libcore/io/Memory.class' should be in target project, but could not be found!
2024-11-12 13:42:24,996 INFO  EvoClassLoader - Seeing class for first time: org.robolectric.Robolectric
2024-11-12 13:42:24,996 INFO  EvoClassLoader - Instrumenting class 'org.robolectric.Robolectric'.
2024-11-12 13:42:24,996 INFO  EvoClassLoader - Error while loading class: java.lang.ClassNotFoundException: Class 'org/robolectric/Robolectric.class' should be in target project, but could not be found!
2024-11-12 13:42:25,005 INFO  log - Logging initialized @6935ms to org.eclipse.jetty.util.log.Slf4jLog
]]></system-out>
  </testcase>
  <testcase name="test046" classname="org.apache.hadoop.hdfs.server.namenode.FsImageProto_ESTest" time="0.003">
    <system-out><![CDATA[2024-11-12 13:42:25,012 INFO  EvoClassLoader - Seeing class for first time: libcore.io.Memory
2024-11-12 13:42:25,012 INFO  EvoClassLoader - Instrumenting class 'libcore.io.Memory'.
2024-11-12 13:42:25,012 INFO  EvoClassLoader - Error while loading class: java.lang.ClassNotFoundException: Class 'libcore/io/Memory.class' should be in target project, but could not be found!
2024-11-12 13:42:25,012 INFO  EvoClassLoader - Seeing class for first time: org.robolectric.Robolectric
2024-11-12 13:42:25,012 INFO  EvoClassLoader - Instrumenting class 'org.robolectric.Robolectric'.
2024-11-12 13:42:25,013 INFO  EvoClassLoader - Error while loading class: java.lang.ClassNotFoundException: Class 'org/robolectric/Robolectric.class' should be in target project, but could not be found!
2024-11-12 13:42:25,024 INFO  log - Logging initialized @6954ms to org.eclipse.jetty.util.log.Slf4jLog
]]></system-out>
  </testcase>
  <testcase name="test056" classname="org.apache.hadoop.hdfs.server.namenode.FsImageProto_ESTest" time="0.002">
    <system-out><![CDATA[2024-11-12 13:42:25,037 INFO  EvoClassLoader - Seeing class for first time: libcore.io.Memory
2024-11-12 13:42:25,037 INFO  EvoClassLoader - Instrumenting class 'libcore.io.Memory'.
2024-11-12 13:42:25,037 INFO  EvoClassLoader - Error while loading class: java.lang.ClassNotFoundException: Class 'libcore/io/Memory.class' should be in target project, but could not be found!
2024-11-12 13:42:25,037 INFO  EvoClassLoader - Seeing class for first time: org.robolectric.Robolectric
2024-11-12 13:42:25,037 INFO  EvoClassLoader - Instrumenting class 'org.robolectric.Robolectric'.
2024-11-12 13:42:25,038 INFO  EvoClassLoader - Error while loading class: java.lang.ClassNotFoundException: Class 'org/robolectric/Robolectric.class' should be in target project, but could not be found!
2024-11-12 13:42:25,050 INFO  log - Logging initialized @6980ms to org.eclipse.jetty.util.log.Slf4jLog
]]></system-out>
  </testcase>
  <testcase name="test055" classname="org.apache.hadoop.hdfs.server.namenode.FsImageProto_ESTest" time="0.004">
    <system-out><![CDATA[2024-11-12 13:42:25,060 INFO  EvoClassLoader - Seeing class for first time: libcore.io.Memory
2024-11-12 13:42:25,060 INFO  EvoClassLoader - Instrumenting class 'libcore.io.Memory'.
2024-11-12 13:42:25,060 INFO  EvoClassLoader - Error while loading class: java.lang.ClassNotFoundException: Class 'libcore/io/Memory.class' should be in target project, but could not be found!
2024-11-12 13:42:25,060 INFO  EvoClassLoader - Seeing class for first time: org.robolectric.Robolectric
2024-11-12 13:42:25,060 INFO  EvoClassLoader - Instrumenting class 'org.robolectric.Robolectric'.
2024-11-12 13:42:25,061 INFO  EvoClassLoader - Error while loading class: java.lang.ClassNotFoundException: Class 'org/robolectric/Robolectric.class' should be in target project, but could not be found!
2024-11-12 13:42:25,084 INFO  log - Logging initialized @7014ms to org.eclipse.jetty.util.log.Slf4jLog
]]></system-out>
  </testcase>
  <testcase name="test054" classname="org.apache.hadoop.hdfs.server.namenode.FsImageProto_ESTest" time="0.004">
    <system-out><![CDATA[2024-11-12 13:42:25,094 INFO  EvoClassLoader - Seeing class for first time: libcore.io.Memory
2024-11-12 13:42:25,094 INFO  EvoClassLoader - Instrumenting class 'libcore.io.Memory'.
2024-11-12 13:42:25,094 INFO  EvoClassLoader - Error while loading class: java.lang.ClassNotFoundException: Class 'libcore/io/Memory.class' should be in target project, but could not be found!
2024-11-12 13:42:25,094 INFO  EvoClassLoader - Seeing class for first time: org.robolectric.Robolectric
2024-11-12 13:42:25,094 INFO  EvoClassLoader - Instrumenting class 'org.robolectric.Robolectric'.
2024-11-12 13:42:25,094 INFO  EvoClassLoader - Error while loading class: java.lang.ClassNotFoundException: Class 'org/robolectric/Robolectric.class' should be in target project, but could not be found!
2024-11-12 13:42:25,102 INFO  log - Logging initialized @7032ms to org.eclipse.jetty.util.log.Slf4jLog
]]></system-out>
  </testcase>
  <testcase name="test053" classname="org.apache.hadoop.hdfs.server.namenode.FsImageProto_ESTest" time="0.01">
    <system-out><![CDATA[2024-11-12 13:42:25,111 INFO  EvoClassLoader - Seeing class for first time: libcore.io.Memory
2024-11-12 13:42:25,111 INFO  EvoClassLoader - Instrumenting class 'libcore.io.Memory'.
2024-11-12 13:42:25,111 INFO  EvoClassLoader - Error while loading class: java.lang.ClassNotFoundException: Class 'libcore/io/Memory.class' should be in target project, but could not be found!
2024-11-12 13:42:25,111 INFO  EvoClassLoader - Seeing class for first time: org.robolectric.Robolectric
2024-11-12 13:42:25,111 INFO  EvoClassLoader - Instrumenting class 'org.robolectric.Robolectric'.
2024-11-12 13:42:25,112 INFO  EvoClassLoader - Error while loading class: java.lang.ClassNotFoundException: Class 'org/robolectric/Robolectric.class' should be in target project, but could not be found!
2024-11-12 13:42:25,123 INFO  log - Logging initialized @7053ms to org.eclipse.jetty.util.log.Slf4jLog
]]></system-out>
  </testcase>
  <testcase name="test052" classname="org.apache.hadoop.hdfs.server.namenode.FsImageProto_ESTest" time="0.016">
    <system-out><![CDATA[2024-11-12 13:42:25,134 INFO  EvoClassLoader - Seeing class for first time: libcore.io.Memory
2024-11-12 13:42:25,134 INFO  EvoClassLoader - Instrumenting class 'libcore.io.Memory'.
2024-11-12 13:42:25,135 INFO  EvoClassLoader - Error while loading class: java.lang.ClassNotFoundException: Class 'libcore/io/Memory.class' should be in target project, but could not be found!
2024-11-12 13:42:25,135 INFO  EvoClassLoader - Seeing class for first time: org.robolectric.Robolectric
2024-11-12 13:42:25,135 INFO  EvoClassLoader - Instrumenting class 'org.robolectric.Robolectric'.
2024-11-12 13:42:25,135 INFO  EvoClassLoader - Error while loading class: java.lang.ClassNotFoundException: Class 'org/robolectric/Robolectric.class' should be in target project, but could not be found!
2024-11-12 13:42:25,141 INFO  log - Logging initialized @7071ms to org.eclipse.jetty.util.log.Slf4jLog
]]></system-out>
  </testcase>
  <testcase name="test051" classname="org.apache.hadoop.hdfs.server.namenode.FsImageProto_ESTest" time="0.017">
    <system-out><![CDATA[2024-11-12 13:42:25,150 INFO  EvoClassLoader - Seeing class for first time: libcore.io.Memory
2024-11-12 13:42:25,150 INFO  EvoClassLoader - Instrumenting class 'libcore.io.Memory'.
2024-11-12 13:42:25,151 INFO  EvoClassLoader - Error while loading class: java.lang.ClassNotFoundException: Class 'libcore/io/Memory.class' should be in target project, but could not be found!
2024-11-12 13:42:25,151 INFO  EvoClassLoader - Seeing class for first time: org.robolectric.Robolectric
2024-11-12 13:42:25,151 INFO  EvoClassLoader - Instrumenting class 'org.robolectric.Robolectric'.
2024-11-12 13:42:25,151 INFO  EvoClassLoader - Error while loading class: java.lang.ClassNotFoundException: Class 'org/robolectric/Robolectric.class' should be in target project, but could not be found!
2024-11-12 13:42:25,156 INFO  log - Logging initialized @7086ms to org.eclipse.jetty.util.log.Slf4jLog
]]></system-out>
  </testcase>
  <testcase name="test050" classname="org.apache.hadoop.hdfs.server.namenode.FsImageProto_ESTest" time="0.019">
    <system-out><![CDATA[2024-11-12 13:42:25,162 INFO  EvoClassLoader - Seeing class for first time: libcore.io.Memory
2024-11-12 13:42:25,162 INFO  EvoClassLoader - Instrumenting class 'libcore.io.Memory'.
2024-11-12 13:42:25,163 INFO  EvoClassLoader - Error while loading class: java.lang.ClassNotFoundException: Class 'libcore/io/Memory.class' should be in target project, but could not be found!
2024-11-12 13:42:25,163 INFO  EvoClassLoader - Seeing class for first time: org.robolectric.Robolectric
2024-11-12 13:42:25,163 INFO  EvoClassLoader - Instrumenting class 'org.robolectric.Robolectric'.
2024-11-12 13:42:25,163 INFO  EvoClassLoader - Error while loading class: java.lang.ClassNotFoundException: Class 'org/robolectric/Robolectric.class' should be in target project, but could not be found!
2024-11-12 13:42:25,165 INFO  EvoClassLoader - Seeing class for first time: org.apache.hadoop.thirdparty.protobuf.DescriptorProtos$1
2024-11-12 13:42:25,165 INFO  EvoClassLoader - Instrumenting class 'org.apache.hadoop.thirdparty.protobuf.DescriptorProtos$1'.
2024-11-12 13:42:25,166 INFO  MethodCallReplacementClassAdapter - Adding mock interface to class org/apache/hadoop/thirdparty/protobuf/DescriptorProtos$1
2024-11-12 13:42:25,166 INFO  EvoClassLoader - Keeping class: org.apache.hadoop.thirdparty.protobuf.DescriptorProtos$1
2024-11-12 13:42:25,172 INFO  log - Logging initialized @7101ms to org.eclipse.jetty.util.log.Slf4jLog
]]></system-out>
  </testcase>
  <testcase name="test039" classname="org.apache.hadoop.hdfs.server.namenode.FsImageProto_ESTest" time="0.017">
    <system-out><![CDATA[2024-11-12 13:42:25,181 INFO  EvoClassLoader - Seeing class for first time: libcore.io.Memory
2024-11-12 13:42:25,181 INFO  EvoClassLoader - Instrumenting class 'libcore.io.Memory'.
2024-11-12 13:42:25,182 INFO  EvoClassLoader - Error while loading class: java.lang.ClassNotFoundException: Class 'libcore/io/Memory.class' should be in target project, but could not be found!
2024-11-12 13:42:25,182 INFO  EvoClassLoader - Seeing class for first time: org.robolectric.Robolectric
2024-11-12 13:42:25,182 INFO  EvoClassLoader - Instrumenting class 'org.robolectric.Robolectric'.
2024-11-12 13:42:25,182 INFO  EvoClassLoader - Error while loading class: java.lang.ClassNotFoundException: Class 'org/robolectric/Robolectric.class' should be in target project, but could not be found!
2024-11-12 13:42:25,193 INFO  log - Logging initialized @7123ms to org.eclipse.jetty.util.log.Slf4jLog
]]></system-out>
  </testcase>
  <testcase name="test038" classname="org.apache.hadoop.hdfs.server.namenode.FsImageProto_ESTest" time="0.012">
    <system-out><![CDATA[2024-11-12 13:42:25,202 INFO  EvoClassLoader - Seeing class for first time: libcore.io.Memory
2024-11-12 13:42:25,202 INFO  EvoClassLoader - Instrumenting class 'libcore.io.Memory'.
2024-11-12 13:42:25,202 INFO  EvoClassLoader - Error while loading class: java.lang.ClassNotFoundException: Class 'libcore/io/Memory.class' should be in target project, but could not be found!
2024-11-12 13:42:25,202 INFO  EvoClassLoader - Seeing class for first time: org.robolectric.Robolectric
2024-11-12 13:42:25,202 INFO  EvoClassLoader - Instrumenting class 'org.robolectric.Robolectric'.
2024-11-12 13:42:25,203 INFO  EvoClassLoader - Error while loading class: java.lang.ClassNotFoundException: Class 'org/robolectric/Robolectric.class' should be in target project, but could not be found!
2024-11-12 13:42:25,208 INFO  log - Logging initialized @7138ms to org.eclipse.jetty.util.log.Slf4jLog
]]></system-out>
  </testcase>
  <testcase name="test037" classname="org.apache.hadoop.hdfs.server.namenode.FsImageProto_ESTest" time="0.023">
    <system-out><![CDATA[2024-11-12 13:42:25,224 INFO  EvoClassLoader - Seeing class for first time: libcore.io.Memory
2024-11-12 13:42:25,224 INFO  EvoClassLoader - Instrumenting class 'libcore.io.Memory'.
2024-11-12 13:42:25,225 INFO  EvoClassLoader - Error while loading class: java.lang.ClassNotFoundException: Class 'libcore/io/Memory.class' should be in target project, but could not be found!
2024-11-12 13:42:25,225 INFO  EvoClassLoader - Seeing class for first time: org.robolectric.Robolectric
2024-11-12 13:42:25,225 INFO  EvoClassLoader - Instrumenting class 'org.robolectric.Robolectric'.
2024-11-12 13:42:25,225 INFO  EvoClassLoader - Error while loading class: java.lang.ClassNotFoundException: Class 'org/robolectric/Robolectric.class' should be in target project, but could not be found!
2024-11-12 13:42:25,234 INFO  log - Logging initialized @7164ms to org.eclipse.jetty.util.log.Slf4jLog
]]></system-out>
  </testcase>
  <testcase name="test036" classname="org.apache.hadoop.hdfs.server.namenode.FsImageProto_ESTest" time="0.023">
    <system-out><![CDATA[2024-11-12 13:42:25,240 INFO  EvoClassLoader - Seeing class for first time: libcore.io.Memory
2024-11-12 13:42:25,240 INFO  EvoClassLoader - Instrumenting class 'libcore.io.Memory'.
2024-11-12 13:42:25,240 INFO  EvoClassLoader - Error while loading class: java.lang.ClassNotFoundException: Class 'libcore/io/Memory.class' should be in target project, but could not be found!
2024-11-12 13:42:25,240 INFO  EvoClassLoader - Seeing class for first time: org.robolectric.Robolectric
2024-11-12 13:42:25,240 INFO  EvoClassLoader - Instrumenting class 'org.robolectric.Robolectric'.
2024-11-12 13:42:25,240 INFO  EvoClassLoader - Error while loading class: java.lang.ClassNotFoundException: Class 'org/robolectric/Robolectric.class' should be in target project, but could not be found!
2024-11-12 13:42:25,255 INFO  log - Logging initialized @7185ms to org.eclipse.jetty.util.log.Slf4jLog
]]></system-out>
  </testcase>
  <testcase name="test035" classname="org.apache.hadoop.hdfs.server.namenode.FsImageProto_ESTest" time="0.065">
    <system-out><![CDATA[2024-11-12 13:42:25,269 INFO  EvoClassLoader - Seeing class for first time: libcore.io.Memory
2024-11-12 13:42:25,269 INFO  EvoClassLoader - Instrumenting class 'libcore.io.Memory'.
2024-11-12 13:42:25,269 INFO  EvoClassLoader - Error while loading class: java.lang.ClassNotFoundException: Class 'libcore/io/Memory.class' should be in target project, but could not be found!
2024-11-12 13:42:25,269 INFO  EvoClassLoader - Seeing class for first time: org.robolectric.Robolectric
2024-11-12 13:42:25,269 INFO  EvoClassLoader - Instrumenting class 'org.robolectric.Robolectric'.
2024-11-12 13:42:25,269 INFO  EvoClassLoader - Error while loading class: java.lang.ClassNotFoundException: Class 'org/robolectric/Robolectric.class' should be in target project, but could not be found!
2024-11-12 13:42:25,300 INFO  log - Logging initialized @7230ms to org.eclipse.jetty.util.log.Slf4jLog
]]></system-out>
  </testcase>
  <testcase name="test045" classname="org.apache.hadoop.hdfs.server.namenode.FsImageProto_ESTest" time="0.029">
    <system-out><![CDATA[2024-11-12 13:42:25,339 INFO  EvoClassLoader - Seeing class for first time: libcore.io.Memory
2024-11-12 13:42:25,339 INFO  EvoClassLoader - Instrumenting class 'libcore.io.Memory'.
2024-11-12 13:42:25,340 INFO  EvoClassLoader - Error while loading class: java.lang.ClassNotFoundException: Class 'libcore/io/Memory.class' should be in target project, but could not be found!
2024-11-12 13:42:25,340 INFO  EvoClassLoader - Seeing class for first time: org.robolectric.Robolectric
2024-11-12 13:42:25,340 INFO  EvoClassLoader - Instrumenting class 'org.robolectric.Robolectric'.
2024-11-12 13:42:25,340 INFO  EvoClassLoader - Error while loading class: java.lang.ClassNotFoundException: Class 'org/robolectric/Robolectric.class' should be in target project, but could not be found!
2024-11-12 13:42:25,346 INFO  log - Logging initialized @7276ms to org.eclipse.jetty.util.log.Slf4jLog
]]></system-out>
  </testcase>
  <testcase name="test044" classname="org.apache.hadoop.hdfs.server.namenode.FsImageProto_ESTest" time="0.025">
    <system-out><![CDATA[2024-11-12 13:42:25,354 INFO  EvoClassLoader - Seeing class for first time: libcore.io.Memory
2024-11-12 13:42:25,354 INFO  EvoClassLoader - Instrumenting class 'libcore.io.Memory'.
2024-11-12 13:42:25,354 INFO  EvoClassLoader - Error while loading class: java.lang.ClassNotFoundException: Class 'libcore/io/Memory.class' should be in target project, but could not be found!
2024-11-12 13:42:25,355 INFO  EvoClassLoader - Seeing class for first time: org.robolectric.Robolectric
2024-11-12 13:42:25,355 INFO  EvoClassLoader - Instrumenting class 'org.robolectric.Robolectric'.
2024-11-12 13:42:25,355 INFO  EvoClassLoader - Error while loading class: java.lang.ClassNotFoundException: Class 'org/robolectric/Robolectric.class' should be in target project, but could not be found!
2024-11-12 13:42:25,370 INFO  log - Logging initialized @7300ms to org.eclipse.jetty.util.log.Slf4jLog
]]></system-out>
  </testcase>
  <testcase name="test043" classname="org.apache.hadoop.hdfs.server.namenode.FsImageProto_ESTest" time="0.014">
    <system-out><![CDATA[2024-11-12 13:42:25,380 INFO  EvoClassLoader - Seeing class for first time: libcore.io.Memory
2024-11-12 13:42:25,380 INFO  EvoClassLoader - Instrumenting class 'libcore.io.Memory'.
2024-11-12 13:42:25,381 INFO  EvoClassLoader - Error while loading class: java.lang.ClassNotFoundException: Class 'libcore/io/Memory.class' should be in target project, but could not be found!
2024-11-12 13:42:25,381 INFO  EvoClassLoader - Seeing class for first time: org.robolectric.Robolectric
2024-11-12 13:42:25,381 INFO  EvoClassLoader - Instrumenting class 'org.robolectric.Robolectric'.
2024-11-12 13:42:25,381 INFO  EvoClassLoader - Error while loading class: java.lang.ClassNotFoundException: Class 'org/robolectric/Robolectric.class' should be in target project, but could not be found!
2024-11-12 13:42:25,388 INFO  log - Logging initialized @7318ms to org.eclipse.jetty.util.log.Slf4jLog
]]></system-out>
  </testcase>
  <testcase name="test042" classname="org.apache.hadoop.hdfs.server.namenode.FsImageProto_ESTest" time="0.017">
    <system-out><![CDATA[2024-11-12 13:42:25,397 INFO  EvoClassLoader - Seeing class for first time: libcore.io.Memory
2024-11-12 13:42:25,397 INFO  EvoClassLoader - Instrumenting class 'libcore.io.Memory'.
2024-11-12 13:42:25,398 INFO  EvoClassLoader - Error while loading class: java.lang.ClassNotFoundException: Class 'libcore/io/Memory.class' should be in target project, but could not be found!
2024-11-12 13:42:25,398 INFO  EvoClassLoader - Seeing class for first time: org.robolectric.Robolectric
2024-11-12 13:42:25,398 INFO  EvoClassLoader - Instrumenting class 'org.robolectric.Robolectric'.
2024-11-12 13:42:25,398 INFO  EvoClassLoader - Error while loading class: java.lang.ClassNotFoundException: Class 'org/robolectric/Robolectric.class' should be in target project, but could not be found!
2024-11-12 13:42:25,404 INFO  log - Logging initialized @7334ms to org.eclipse.jetty.util.log.Slf4jLog
]]></system-out>
  </testcase>
  <testcase name="test041" classname="org.apache.hadoop.hdfs.server.namenode.FsImageProto_ESTest" time="0.015">
    <system-out><![CDATA[2024-11-12 13:42:25,411 INFO  EvoClassLoader - Seeing class for first time: libcore.io.Memory
2024-11-12 13:42:25,411 INFO  EvoClassLoader - Instrumenting class 'libcore.io.Memory'.
2024-11-12 13:42:25,412 INFO  EvoClassLoader - Error while loading class: java.lang.ClassNotFoundException: Class 'libcore/io/Memory.class' should be in target project, but could not be found!
2024-11-12 13:42:25,412 INFO  EvoClassLoader - Seeing class for first time: org.robolectric.Robolectric
2024-11-12 13:42:25,412 INFO  EvoClassLoader - Instrumenting class 'org.robolectric.Robolectric'.
2024-11-12 13:42:25,412 INFO  EvoClassLoader - Error while loading class: java.lang.ClassNotFoundException: Class 'org/robolectric/Robolectric.class' should be in target project, but could not be found!
2024-11-12 13:42:25,418 INFO  log - Logging initialized @7348ms to org.eclipse.jetty.util.log.Slf4jLog
]]></system-out>
  </testcase>
  <testcase name="test040" classname="org.apache.hadoop.hdfs.server.namenode.FsImageProto_ESTest" time="0.036">
    <system-out><![CDATA[2024-11-12 13:42:25,449 INFO  EvoClassLoader - Seeing class for first time: libcore.io.Memory
2024-11-12 13:42:25,449 INFO  EvoClassLoader - Instrumenting class 'libcore.io.Memory'.
2024-11-12 13:42:25,449 INFO  EvoClassLoader - Error while loading class: java.lang.ClassNotFoundException: Class 'libcore/io/Memory.class' should be in target project, but could not be found!
2024-11-12 13:42:25,449 INFO  EvoClassLoader - Seeing class for first time: org.robolectric.Robolectric
2024-11-12 13:42:25,449 INFO  EvoClassLoader - Instrumenting class 'org.robolectric.Robolectric'.
2024-11-12 13:42:25,449 INFO  EvoClassLoader - Error while loading class: java.lang.ClassNotFoundException: Class 'org/robolectric/Robolectric.class' should be in target project, but could not be found!
2024-11-12 13:42:25,455 INFO  log - Logging initialized @7385ms to org.eclipse.jetty.util.log.Slf4jLog
]]></system-out>
  </testcase>
  <testcase name="test029" classname="org.apache.hadoop.hdfs.server.namenode.FsImageProto_ESTest" time="0.023">
    <system-out><![CDATA[2024-11-12 13:42:25,463 INFO  EvoClassLoader - Seeing class for first time: libcore.io.Memory
2024-11-12 13:42:25,463 INFO  EvoClassLoader - Instrumenting class 'libcore.io.Memory'.
2024-11-12 13:42:25,463 INFO  EvoClassLoader - Error while loading class: java.lang.ClassNotFoundException: Class 'libcore/io/Memory.class' should be in target project, but could not be found!
2024-11-12 13:42:25,464 INFO  EvoClassLoader - Seeing class for first time: org.robolectric.Robolectric
2024-11-12 13:42:25,464 INFO  EvoClassLoader - Instrumenting class 'org.robolectric.Robolectric'.
2024-11-12 13:42:25,464 INFO  EvoClassLoader - Error while loading class: java.lang.ClassNotFoundException: Class 'org/robolectric/Robolectric.class' should be in target project, but could not be found!
2024-11-12 13:42:25,472 INFO  log - Logging initialized @7402ms to org.eclipse.jetty.util.log.Slf4jLog
]]></system-out>
  </testcase>
  <testcase name="test028" classname="org.apache.hadoop.hdfs.server.namenode.FsImageProto_ESTest" time="0.013">
    <system-out><![CDATA[2024-11-12 13:42:25,486 INFO  EvoClassLoader - Seeing class for first time: libcore.io.Memory
2024-11-12 13:42:25,486 INFO  EvoClassLoader - Instrumenting class 'libcore.io.Memory'.
2024-11-12 13:42:25,486 INFO  EvoClassLoader - Error while loading class: java.lang.ClassNotFoundException: Class 'libcore/io/Memory.class' should be in target project, but could not be found!
2024-11-12 13:42:25,486 INFO  EvoClassLoader - Seeing class for first time: org.robolectric.Robolectric
2024-11-12 13:42:25,486 INFO  EvoClassLoader - Instrumenting class 'org.robolectric.Robolectric'.
2024-11-12 13:42:25,486 INFO  EvoClassLoader - Error while loading class: java.lang.ClassNotFoundException: Class 'org/robolectric/Robolectric.class' should be in target project, but could not be found!
2024-11-12 13:42:25,492 INFO  log - Logging initialized @7422ms to org.eclipse.jetty.util.log.Slf4jLog
]]></system-out>
  </testcase>
  <testcase name="test027" classname="org.apache.hadoop.hdfs.server.namenode.FsImageProto_ESTest" time="0.015">
    <system-out><![CDATA[2024-11-12 13:42:25,499 INFO  EvoClassLoader - Seeing class for first time: libcore.io.Memory
2024-11-12 13:42:25,499 INFO  EvoClassLoader - Instrumenting class 'libcore.io.Memory'.
2024-11-12 13:42:25,499 INFO  EvoClassLoader - Error while loading class: java.lang.ClassNotFoundException: Class 'libcore/io/Memory.class' should be in target project, but could not be found!
2024-11-12 13:42:25,499 INFO  EvoClassLoader - Seeing class for first time: org.robolectric.Robolectric
2024-11-12 13:42:25,499 INFO  EvoClassLoader - Instrumenting class 'org.robolectric.Robolectric'.
2024-11-12 13:42:25,500 INFO  EvoClassLoader - Error while loading class: java.lang.ClassNotFoundException: Class 'org/robolectric/Robolectric.class' should be in target project, but could not be found!
2024-11-12 13:42:25,508 INFO  log - Logging initialized @7438ms to org.eclipse.jetty.util.log.Slf4jLog
]]></system-out>
  </testcase>
  <testcase name="test026" classname="org.apache.hadoop.hdfs.server.namenode.FsImageProto_ESTest" time="0.013">
    <system-out><![CDATA[2024-11-12 13:42:25,513 INFO  EvoClassLoader - Seeing class for first time: libcore.io.Memory
2024-11-12 13:42:25,513 INFO  EvoClassLoader - Instrumenting class 'libcore.io.Memory'.
2024-11-12 13:42:25,514 INFO  EvoClassLoader - Error while loading class: java.lang.ClassNotFoundException: Class 'libcore/io/Memory.class' should be in target project, but could not be found!
2024-11-12 13:42:25,514 INFO  EvoClassLoader - Seeing class for first time: org.robolectric.Robolectric
2024-11-12 13:42:25,514 INFO  EvoClassLoader - Instrumenting class 'org.robolectric.Robolectric'.
2024-11-12 13:42:25,514 INFO  EvoClassLoader - Error while loading class: java.lang.ClassNotFoundException: Class 'org/robolectric/Robolectric.class' should be in target project, but could not be found!
2024-11-12 13:42:25,520 INFO  log - Logging initialized @7450ms to org.eclipse.jetty.util.log.Slf4jLog
]]></system-out>
  </testcase>
  <testcase name="test025" classname="org.apache.hadoop.hdfs.server.namenode.FsImageProto_ESTest" time="0.015">
    <system-out><![CDATA[2024-11-12 13:42:25,528 INFO  EvoClassLoader - Seeing class for first time: libcore.io.Memory
2024-11-12 13:42:25,528 INFO  EvoClassLoader - Instrumenting class 'libcore.io.Memory'.
2024-11-12 13:42:25,528 INFO  EvoClassLoader - Error while loading class: java.lang.ClassNotFoundException: Class 'libcore/io/Memory.class' should be in target project, but could not be found!
2024-11-12 13:42:25,528 INFO  EvoClassLoader - Seeing class for first time: org.robolectric.Robolectric
2024-11-12 13:42:25,528 INFO  EvoClassLoader - Instrumenting class 'org.robolectric.Robolectric'.
2024-11-12 13:42:25,528 INFO  EvoClassLoader - Error while loading class: java.lang.ClassNotFoundException: Class 'org/robolectric/Robolectric.class' should be in target project, but could not be found!
2024-11-12 13:42:25,535 INFO  log - Logging initialized @7465ms to org.eclipse.jetty.util.log.Slf4jLog
]]></system-out>
  </testcase>
  <testcase name="test024" classname="org.apache.hadoop.hdfs.server.namenode.FsImageProto_ESTest" time="0.017">
    <system-out><![CDATA[2024-11-12 13:42:25,543 INFO  EvoClassLoader - Seeing class for first time: libcore.io.Memory
2024-11-12 13:42:25,543 INFO  EvoClassLoader - Instrumenting class 'libcore.io.Memory'.
2024-11-12 13:42:25,543 INFO  EvoClassLoader - Error while loading class: java.lang.ClassNotFoundException: Class 'libcore/io/Memory.class' should be in target project, but could not be found!
2024-11-12 13:42:25,543 INFO  EvoClassLoader - Seeing class for first time: org.robolectric.Robolectric
2024-11-12 13:42:25,543 INFO  EvoClassLoader - Instrumenting class 'org.robolectric.Robolectric'.
2024-11-12 13:42:25,544 INFO  EvoClassLoader - Error while loading class: java.lang.ClassNotFoundException: Class 'org/robolectric/Robolectric.class' should be in target project, but could not be found!
2024-11-12 13:42:25,550 INFO  log - Logging initialized @7480ms to org.eclipse.jetty.util.log.Slf4jLog
]]></system-out>
  </testcase>
  <testcase name="test034" classname="org.apache.hadoop.hdfs.server.namenode.FsImageProto_ESTest" time="0.013">
    <system-out><![CDATA[2024-11-12 13:42:25,556 INFO  EvoClassLoader - Seeing class for first time: libcore.io.Memory
2024-11-12 13:42:25,556 INFO  EvoClassLoader - Instrumenting class 'libcore.io.Memory'.
2024-11-12 13:42:25,557 INFO  EvoClassLoader - Error while loading class: java.lang.ClassNotFoundException: Class 'libcore/io/Memory.class' should be in target project, but could not be found!
2024-11-12 13:42:25,557 INFO  EvoClassLoader - Seeing class for first time: org.robolectric.Robolectric
2024-11-12 13:42:25,557 INFO  EvoClassLoader - Instrumenting class 'org.robolectric.Robolectric'.
2024-11-12 13:42:25,557 INFO  EvoClassLoader - Error while loading class: java.lang.ClassNotFoundException: Class 'org/robolectric/Robolectric.class' should be in target project, but could not be found!
2024-11-12 13:42:25,566 INFO  log - Logging initialized @7496ms to org.eclipse.jetty.util.log.Slf4jLog
]]></system-out>
  </testcase>
  <testcase name="test033" classname="org.apache.hadoop.hdfs.server.namenode.FsImageProto_ESTest" time="0.013">
    <system-out><![CDATA[2024-11-12 13:42:25,572 INFO  EvoClassLoader - Seeing class for first time: libcore.io.Memory
2024-11-12 13:42:25,572 INFO  EvoClassLoader - Instrumenting class 'libcore.io.Memory'.
2024-11-12 13:42:25,573 INFO  EvoClassLoader - Error while loading class: java.lang.ClassNotFoundException: Class 'libcore/io/Memory.class' should be in target project, but could not be found!
2024-11-12 13:42:25,573 INFO  EvoClassLoader - Seeing class for first time: org.robolectric.Robolectric
2024-11-12 13:42:25,573 INFO  EvoClassLoader - Instrumenting class 'org.robolectric.Robolectric'.
2024-11-12 13:42:25,573 INFO  EvoClassLoader - Error while loading class: java.lang.ClassNotFoundException: Class 'org/robolectric/Robolectric.class' should be in target project, but could not be found!
2024-11-12 13:42:25,578 INFO  log - Logging initialized @7507ms to org.eclipse.jetty.util.log.Slf4jLog
]]></system-out>
  </testcase>
  <testcase name="test032" classname="org.apache.hadoop.hdfs.server.namenode.FsImageProto_ESTest" time="0.015">
    <system-out><![CDATA[2024-11-12 13:42:25,585 INFO  EvoClassLoader - Seeing class for first time: libcore.io.Memory
2024-11-12 13:42:25,585 INFO  EvoClassLoader - Instrumenting class 'libcore.io.Memory'.
2024-11-12 13:42:25,585 INFO  EvoClassLoader - Error while loading class: java.lang.ClassNotFoundException: Class 'libcore/io/Memory.class' should be in target project, but could not be found!
2024-11-12 13:42:25,585 INFO  EvoClassLoader - Seeing class for first time: org.robolectric.Robolectric
2024-11-12 13:42:25,585 INFO  EvoClassLoader - Instrumenting class 'org.robolectric.Robolectric'.
2024-11-12 13:42:25,586 INFO  EvoClassLoader - Error while loading class: java.lang.ClassNotFoundException: Class 'org/robolectric/Robolectric.class' should be in target project, but could not be found!
2024-11-12 13:42:25,592 INFO  log - Logging initialized @7521ms to org.eclipse.jetty.util.log.Slf4jLog
]]></system-out>
  </testcase>
  <testcase name="test031" classname="org.apache.hadoop.hdfs.server.namenode.FsImageProto_ESTest" time="0.018">
    <system-out><![CDATA[2024-11-12 13:42:25,599 INFO  EvoClassLoader - Seeing class for first time: libcore.io.Memory
2024-11-12 13:42:25,599 INFO  EvoClassLoader - Instrumenting class 'libcore.io.Memory'.
2024-11-12 13:42:25,599 INFO  EvoClassLoader - Error while loading class: java.lang.ClassNotFoundException: Class 'libcore/io/Memory.class' should be in target project, but could not be found!
2024-11-12 13:42:25,599 INFO  EvoClassLoader - Seeing class for first time: org.robolectric.Robolectric
2024-11-12 13:42:25,599 INFO  EvoClassLoader - Instrumenting class 'org.robolectric.Robolectric'.
2024-11-12 13:42:25,600 INFO  EvoClassLoader - Error while loading class: java.lang.ClassNotFoundException: Class 'org/robolectric/Robolectric.class' should be in target project, but could not be found!
2024-11-12 13:42:25,606 INFO  log - Logging initialized @7536ms to org.eclipse.jetty.util.log.Slf4jLog
]]></system-out>
  </testcase>
  <testcase name="test030" classname="org.apache.hadoop.hdfs.server.namenode.FsImageProto_ESTest" time="0.014">
    <system-out><![CDATA[2024-11-12 13:42:25,615 INFO  EvoClassLoader - Seeing class for first time: libcore.io.Memory
2024-11-12 13:42:25,615 INFO  EvoClassLoader - Instrumenting class 'libcore.io.Memory'.
2024-11-12 13:42:25,616 INFO  EvoClassLoader - Error while loading class: java.lang.ClassNotFoundException: Class 'libcore/io/Memory.class' should be in target project, but could not be found!
2024-11-12 13:42:25,616 INFO  EvoClassLoader - Seeing class for first time: org.robolectric.Robolectric
2024-11-12 13:42:25,616 INFO  EvoClassLoader - Instrumenting class 'org.robolectric.Robolectric'.
2024-11-12 13:42:25,616 INFO  EvoClassLoader - Error while loading class: java.lang.ClassNotFoundException: Class 'org/robolectric/Robolectric.class' should be in target project, but could not be found!
2024-11-12 13:42:25,627 INFO  log - Logging initialized @7557ms to org.eclipse.jetty.util.log.Slf4jLog
]]></system-out>
  </testcase>
  <testcase name="test019" classname="org.apache.hadoop.hdfs.server.namenode.FsImageProto_ESTest" time="0.011">
    <system-out><![CDATA[2024-11-12 13:42:25,634 INFO  EvoClassLoader - Seeing class for first time: libcore.io.Memory
2024-11-12 13:42:25,634 INFO  EvoClassLoader - Instrumenting class 'libcore.io.Memory'.
2024-11-12 13:42:25,634 INFO  EvoClassLoader - Error while loading class: java.lang.ClassNotFoundException: Class 'libcore/io/Memory.class' should be in target project, but could not be found!
2024-11-12 13:42:25,634 INFO  EvoClassLoader - Seeing class for first time: org.robolectric.Robolectric
2024-11-12 13:42:25,634 INFO  EvoClassLoader - Instrumenting class 'org.robolectric.Robolectric'.
2024-11-12 13:42:25,634 INFO  EvoClassLoader - Error while loading class: java.lang.ClassNotFoundException: Class 'org/robolectric/Robolectric.class' should be in target project, but could not be found!
2024-11-12 13:42:25,640 INFO  log - Logging initialized @7570ms to org.eclipse.jetty.util.log.Slf4jLog
]]></system-out>
  </testcase>
  <testcase name="test018" classname="org.apache.hadoop.hdfs.server.namenode.FsImageProto_ESTest" time="0.122">
    <system-out><![CDATA[2024-11-12 13:42:25,658 INFO  EvoClassLoader - Seeing class for first time: libcore.io.Memory
2024-11-12 13:42:25,658 INFO  EvoClassLoader - Instrumenting class 'libcore.io.Memory'.
2024-11-12 13:42:25,659 INFO  EvoClassLoader - Error while loading class: java.lang.ClassNotFoundException: Class 'libcore/io/Memory.class' should be in target project, but could not be found!
2024-11-12 13:42:25,659 INFO  EvoClassLoader - Seeing class for first time: org.robolectric.Robolectric
2024-11-12 13:42:25,659 INFO  EvoClassLoader - Instrumenting class 'org.robolectric.Robolectric'.
2024-11-12 13:42:25,659 INFO  EvoClassLoader - Error while loading class: java.lang.ClassNotFoundException: Class 'org/robolectric/Robolectric.class' should be in target project, but could not be found!
2024-11-12 13:42:25,662 INFO  log - Logging initialized @7592ms to org.eclipse.jetty.util.log.Slf4jLog
]]></system-out>
  </testcase>
  <testcase name="test017" classname="org.apache.hadoop.hdfs.server.namenode.FsImageProto_ESTest" time="0.006">
    <system-out><![CDATA[2024-11-12 13:42:25,681 INFO  EvoClassLoader - Seeing class for first time: libcore.io.Memory
2024-11-12 13:42:25,681 INFO  EvoClassLoader - Instrumenting class 'libcore.io.Memory'.
2024-11-12 13:42:25,683 INFO  EvoClassLoader - Error while loading class: java.lang.ClassNotFoundException: Class 'libcore/io/Memory.class' should be in target project, but could not be found!
2024-11-12 13:42:25,683 INFO  EvoClassLoader - Seeing class for first time: org.robolectric.Robolectric
2024-11-12 13:42:25,683 INFO  EvoClassLoader - Instrumenting class 'org.robolectric.Robolectric'.
2024-11-12 13:42:25,683 INFO  EvoClassLoader - Error while loading class: java.lang.ClassNotFoundException: Class 'org/robolectric/Robolectric.class' should be in target project, but could not be found!
2024-11-12 13:42:25,693 INFO  log - Logging initialized @7623ms to org.eclipse.jetty.util.log.Slf4jLog
]]></system-out>
  </testcase>
  <testcase name="test016" classname="org.apache.hadoop.hdfs.server.namenode.FsImageProto_ESTest" time="0.002">
    <system-out><![CDATA[2024-11-12 13:42:25,739 INFO  EvoClassLoader - Seeing class for first time: libcore.io.Memory
2024-11-12 13:42:25,740 INFO  EvoClassLoader - Instrumenting class 'libcore.io.Memory'.
2024-11-12 13:42:25,742 INFO  EvoClassLoader - Error while loading class: java.lang.ClassNotFoundException: Class 'libcore/io/Memory.class' should be in target project, but could not be found!
2024-11-12 13:42:25,742 INFO  EvoClassLoader - Seeing class for first time: org.robolectric.Robolectric
2024-11-12 13:42:25,742 INFO  EvoClassLoader - Instrumenting class 'org.robolectric.Robolectric'.
2024-11-12 13:42:25,743 INFO  EvoClassLoader - Error while loading class: java.lang.ClassNotFoundException: Class 'org/robolectric/Robolectric.class' should be in target project, but could not be found!
2024-11-12 13:42:25,749 INFO  log - Logging initialized @7679ms to org.eclipse.jetty.util.log.Slf4jLog
]]></system-out>
  </testcase>
  <testcase name="test015" classname="org.apache.hadoop.hdfs.server.namenode.FsImageProto_ESTest" time="0.002">
    <system-out><![CDATA[2024-11-12 13:42:25,754 INFO  EvoClassLoader - Seeing class for first time: libcore.io.Memory
2024-11-12 13:42:25,754 INFO  EvoClassLoader - Instrumenting class 'libcore.io.Memory'.
2024-11-12 13:42:25,754 INFO  EvoClassLoader - Error while loading class: java.lang.ClassNotFoundException: Class 'libcore/io/Memory.class' should be in target project, but could not be found!
2024-11-12 13:42:25,754 INFO  EvoClassLoader - Seeing class for first time: org.robolectric.Robolectric
2024-11-12 13:42:25,754 INFO  EvoClassLoader - Instrumenting class 'org.robolectric.Robolectric'.
2024-11-12 13:42:25,754 INFO  EvoClassLoader - Error while loading class: java.lang.ClassNotFoundException: Class 'org/robolectric/Robolectric.class' should be in target project, but could not be found!
2024-11-12 13:42:25,758 INFO  log - Logging initialized @7688ms to org.eclipse.jetty.util.log.Slf4jLog
]]></system-out>
  </testcase>
  <testcase name="test014" classname="org.apache.hadoop.hdfs.server.namenode.FsImageProto_ESTest" time="0.007">
    <system-out><![CDATA[2024-11-12 13:42:25,773 INFO  EvoClassLoader - Seeing class for first time: libcore.io.Memory
2024-11-12 13:42:25,773 INFO  EvoClassLoader - Instrumenting class 'libcore.io.Memory'.
2024-11-12 13:42:25,774 INFO  EvoClassLoader - Error while loading class: java.lang.ClassNotFoundException: Class 'libcore/io/Memory.class' should be in target project, but could not be found!
2024-11-12 13:42:25,774 INFO  EvoClassLoader - Seeing class for first time: org.robolectric.Robolectric
2024-11-12 13:42:25,774 INFO  EvoClassLoader - Instrumenting class 'org.robolectric.Robolectric'.
2024-11-12 13:42:25,775 INFO  EvoClassLoader - Error while loading class: java.lang.ClassNotFoundException: Class 'org/robolectric/Robolectric.class' should be in target project, but could not be found!
2024-11-12 13:42:25,782 INFO  log - Logging initialized @7712ms to org.eclipse.jetty.util.log.Slf4jLog
]]></system-out>
  </testcase>
  <testcase name="test013" classname="org.apache.hadoop.hdfs.server.namenode.FsImageProto_ESTest" time="0.015">
    <system-out><![CDATA[2024-11-12 13:42:25,788 INFO  EvoClassLoader - Seeing class for first time: libcore.io.Memory
2024-11-12 13:42:25,788 INFO  EvoClassLoader - Instrumenting class 'libcore.io.Memory'.
2024-11-12 13:42:25,789 INFO  EvoClassLoader - Error while loading class: java.lang.ClassNotFoundException: Class 'libcore/io/Memory.class' should be in target project, but could not be found!
2024-11-12 13:42:25,789 INFO  EvoClassLoader - Seeing class for first time: org.robolectric.Robolectric
2024-11-12 13:42:25,789 INFO  EvoClassLoader - Instrumenting class 'org.robolectric.Robolectric'.
2024-11-12 13:42:25,789 INFO  EvoClassLoader - Error while loading class: java.lang.ClassNotFoundException: Class 'org/robolectric/Robolectric.class' should be in target project, but could not be found!
2024-11-12 13:42:25,794 INFO  log - Logging initialized @7724ms to org.eclipse.jetty.util.log.Slf4jLog
]]></system-out>
  </testcase>
  <testcase name="test134" classname="org.apache.hadoop.hdfs.server.namenode.FsImageProto_ESTest" time="0.01">
    <system-out><![CDATA[2024-11-12 13:42:25,803 INFO  EvoClassLoader - Seeing class for first time: libcore.io.Memory
2024-11-12 13:42:25,803 INFO  EvoClassLoader - Instrumenting class 'libcore.io.Memory'.
2024-11-12 13:42:25,803 INFO  EvoClassLoader - Error while loading class: java.lang.ClassNotFoundException: Class 'libcore/io/Memory.class' should be in target project, but could not be found!
2024-11-12 13:42:25,804 INFO  EvoClassLoader - Seeing class for first time: org.robolectric.Robolectric
2024-11-12 13:42:25,804 INFO  EvoClassLoader - Instrumenting class 'org.robolectric.Robolectric'.
2024-11-12 13:42:25,804 INFO  EvoClassLoader - Error while loading class: java.lang.ClassNotFoundException: Class 'org/robolectric/Robolectric.class' should be in target project, but could not be found!
2024-11-12 13:42:25,808 INFO  log - Logging initialized @7738ms to org.eclipse.jetty.util.log.Slf4jLog
]]></system-out>
  </testcase>
  <testcase name="test023" classname="org.apache.hadoop.hdfs.server.namenode.FsImageProto_ESTest" time="0.01">
    <system-out><![CDATA[2024-11-12 13:42:25,813 INFO  EvoClassLoader - Seeing class for first time: libcore.io.Memory
2024-11-12 13:42:25,813 INFO  EvoClassLoader - Instrumenting class 'libcore.io.Memory'.
2024-11-12 13:42:25,813 INFO  EvoClassLoader - Error while loading class: java.lang.ClassNotFoundException: Class 'libcore/io/Memory.class' should be in target project, but could not be found!
2024-11-12 13:42:25,813 INFO  EvoClassLoader - Seeing class for first time: org.robolectric.Robolectric
2024-11-12 13:42:25,813 INFO  EvoClassLoader - Instrumenting class 'org.robolectric.Robolectric'.
2024-11-12 13:42:25,813 INFO  EvoClassLoader - Error while loading class: java.lang.ClassNotFoundException: Class 'org/robolectric/Robolectric.class' should be in target project, but could not be found!
2024-11-12 13:42:25,818 INFO  log - Logging initialized @7748ms to org.eclipse.jetty.util.log.Slf4jLog
]]></system-out>
  </testcase>
  <testcase name="test022" classname="org.apache.hadoop.hdfs.server.namenode.FsImageProto_ESTest" time="0.01">
    <system-out><![CDATA[2024-11-12 13:42:25,823 INFO  EvoClassLoader - Seeing class for first time: libcore.io.Memory
2024-11-12 13:42:25,823 INFO  EvoClassLoader - Instrumenting class 'libcore.io.Memory'.
2024-11-12 13:42:25,823 INFO  EvoClassLoader - Error while loading class: java.lang.ClassNotFoundException: Class 'libcore/io/Memory.class' should be in target project, but could not be found!
2024-11-12 13:42:25,823 INFO  EvoClassLoader - Seeing class for first time: org.robolectric.Robolectric
2024-11-12 13:42:25,823 INFO  EvoClassLoader - Instrumenting class 'org.robolectric.Robolectric'.
2024-11-12 13:42:25,824 INFO  EvoClassLoader - Error while loading class: java.lang.ClassNotFoundException: Class 'org/robolectric/Robolectric.class' should be in target project, but could not be found!
2024-11-12 13:42:25,828 INFO  log - Logging initialized @7758ms to org.eclipse.jetty.util.log.Slf4jLog
]]></system-out>
  </testcase>
  <testcase name="test021" classname="org.apache.hadoop.hdfs.server.namenode.FsImageProto_ESTest" time="0.008">
    <system-out><![CDATA[2024-11-12 13:42:25,832 INFO  EvoClassLoader - Seeing class for first time: libcore.io.Memory
2024-11-12 13:42:25,832 INFO  EvoClassLoader - Instrumenting class 'libcore.io.Memory'.
2024-11-12 13:42:25,833 INFO  EvoClassLoader - Error while loading class: java.lang.ClassNotFoundException: Class 'libcore/io/Memory.class' should be in target project, but could not be found!
2024-11-12 13:42:25,833 INFO  EvoClassLoader - Seeing class for first time: org.robolectric.Robolectric
2024-11-12 13:42:25,833 INFO  EvoClassLoader - Instrumenting class 'org.robolectric.Robolectric'.
2024-11-12 13:42:25,833 INFO  EvoClassLoader - Error while loading class: java.lang.ClassNotFoundException: Class 'org/robolectric/Robolectric.class' should be in target project, but could not be found!
2024-11-12 13:42:25,837 INFO  log - Logging initialized @7767ms to org.eclipse.jetty.util.log.Slf4jLog
]]></system-out>
  </testcase>
  <testcase name="test020" classname="org.apache.hadoop.hdfs.server.namenode.FsImageProto_ESTest" time="0.01">
    <system-out><![CDATA[2024-11-12 13:42:25,842 INFO  EvoClassLoader - Seeing class for first time: libcore.io.Memory
2024-11-12 13:42:25,842 INFO  EvoClassLoader - Instrumenting class 'libcore.io.Memory'.
2024-11-12 13:42:25,842 INFO  EvoClassLoader - Error while loading class: java.lang.ClassNotFoundException: Class 'libcore/io/Memory.class' should be in target project, but could not be found!
2024-11-12 13:42:25,842 INFO  EvoClassLoader - Seeing class for first time: org.robolectric.Robolectric
2024-11-12 13:42:25,842 INFO  EvoClassLoader - Instrumenting class 'org.robolectric.Robolectric'.
2024-11-12 13:42:25,842 INFO  EvoClassLoader - Error while loading class: java.lang.ClassNotFoundException: Class 'org/robolectric/Robolectric.class' should be in target project, but could not be found!
2024-11-12 13:42:25,846 INFO  log - Logging initialized @7776ms to org.eclipse.jetty.util.log.Slf4jLog
]]></system-out>
  </testcase>
  <testcase name="test009" classname="org.apache.hadoop.hdfs.server.namenode.FsImageProto_ESTest" time="0.009">
    <system-out><![CDATA[2024-11-12 13:42:25,852 INFO  EvoClassLoader - Seeing class for first time: libcore.io.Memory
2024-11-12 13:42:25,852 INFO  EvoClassLoader - Instrumenting class 'libcore.io.Memory'.
2024-11-12 13:42:25,853 INFO  EvoClassLoader - Error while loading class: java.lang.ClassNotFoundException: Class 'libcore/io/Memory.class' should be in target project, but could not be found!
2024-11-12 13:42:25,853 INFO  EvoClassLoader - Seeing class for first time: org.robolectric.Robolectric
2024-11-12 13:42:25,853 INFO  EvoClassLoader - Instrumenting class 'org.robolectric.Robolectric'.
2024-11-12 13:42:25,853 INFO  EvoClassLoader - Error while loading class: java.lang.ClassNotFoundException: Class 'org/robolectric/Robolectric.class' should be in target project, but could not be found!
2024-11-12 13:42:25,856 INFO  log - Logging initialized @7786ms to org.eclipse.jetty.util.log.Slf4jLog
]]></system-out>
  </testcase>
  <testcase name="test008" classname="org.apache.hadoop.hdfs.server.namenode.FsImageProto_ESTest" time="0.012">
    <system-out><![CDATA[2024-11-12 13:42:25,862 INFO  EvoClassLoader - Seeing class for first time: libcore.io.Memory
2024-11-12 13:42:25,862 INFO  EvoClassLoader - Instrumenting class 'libcore.io.Memory'.
2024-11-12 13:42:25,862 INFO  EvoClassLoader - Error while loading class: java.lang.ClassNotFoundException: Class 'libcore/io/Memory.class' should be in target project, but could not be found!
2024-11-12 13:42:25,862 INFO  EvoClassLoader - Seeing class for first time: org.robolectric.Robolectric
2024-11-12 13:42:25,862 INFO  EvoClassLoader - Instrumenting class 'org.robolectric.Robolectric'.
2024-11-12 13:42:25,862 INFO  EvoClassLoader - Error while loading class: java.lang.ClassNotFoundException: Class 'org/robolectric/Robolectric.class' should be in target project, but could not be found!
2024-11-12 13:42:25,868 INFO  log - Logging initialized @7798ms to org.eclipse.jetty.util.log.Slf4jLog
]]></system-out>
  </testcase>
  <testcase name="test129" classname="org.apache.hadoop.hdfs.server.namenode.FsImageProto_ESTest" time="0.014">
    <system-out><![CDATA[2024-11-12 13:42:25,874 INFO  EvoClassLoader - Seeing class for first time: libcore.io.Memory
2024-11-12 13:42:25,874 INFO  EvoClassLoader - Instrumenting class 'libcore.io.Memory'.
2024-11-12 13:42:25,875 INFO  EvoClassLoader - Error while loading class: java.lang.ClassNotFoundException: Class 'libcore/io/Memory.class' should be in target project, but could not be found!
2024-11-12 13:42:25,875 INFO  EvoClassLoader - Seeing class for first time: org.robolectric.Robolectric
2024-11-12 13:42:25,875 INFO  EvoClassLoader - Instrumenting class 'org.robolectric.Robolectric'.
2024-11-12 13:42:25,875 INFO  EvoClassLoader - Error while loading class: java.lang.ClassNotFoundException: Class 'org/robolectric/Robolectric.class' should be in target project, but could not be found!
2024-11-12 13:42:25,882 INFO  log - Logging initialized @7812ms to org.eclipse.jetty.util.log.Slf4jLog
]]></system-out>
  </testcase>
  <testcase name="test007" classname="org.apache.hadoop.hdfs.server.namenode.FsImageProto_ESTest" time="0.016">
    <system-out><![CDATA[2024-11-12 13:42:25,894 INFO  EvoClassLoader - Seeing class for first time: libcore.io.Memory
2024-11-12 13:42:25,894 INFO  EvoClassLoader - Instrumenting class 'libcore.io.Memory'.
2024-11-12 13:42:25,895 INFO  EvoClassLoader - Error while loading class: java.lang.ClassNotFoundException: Class 'libcore/io/Memory.class' should be in target project, but could not be found!
2024-11-12 13:42:25,895 INFO  EvoClassLoader - Seeing class for first time: org.robolectric.Robolectric
2024-11-12 13:42:25,895 INFO  EvoClassLoader - Instrumenting class 'org.robolectric.Robolectric'.
2024-11-12 13:42:25,895 INFO  EvoClassLoader - Error while loading class: java.lang.ClassNotFoundException: Class 'org/robolectric/Robolectric.class' should be in target project, but could not be found!
2024-11-12 13:42:25,899 INFO  log - Logging initialized @7828ms to org.eclipse.jetty.util.log.Slf4jLog
]]></system-out>
  </testcase>
  <testcase name="test128" classname="org.apache.hadoop.hdfs.server.namenode.FsImageProto_ESTest" time="0.009">
    <system-out><![CDATA[2024-11-12 13:42:25,905 INFO  EvoClassLoader - Seeing class for first time: libcore.io.Memory
2024-11-12 13:42:25,905 INFO  EvoClassLoader - Instrumenting class 'libcore.io.Memory'.
2024-11-12 13:42:25,905 INFO  EvoClassLoader - Error while loading class: java.lang.ClassNotFoundException: Class 'libcore/io/Memory.class' should be in target project, but could not be found!
2024-11-12 13:42:25,905 INFO  EvoClassLoader - Seeing class for first time: org.robolectric.Robolectric
2024-11-12 13:42:25,905 INFO  EvoClassLoader - Instrumenting class 'org.robolectric.Robolectric'.
2024-11-12 13:42:25,905 INFO  EvoClassLoader - Error while loading class: java.lang.ClassNotFoundException: Class 'org/robolectric/Robolectric.class' should be in target project, but could not be found!
2024-11-12 13:42:25,909 INFO  log - Logging initialized @7839ms to org.eclipse.jetty.util.log.Slf4jLog
]]></system-out>
  </testcase>
  <testcase name="test006" classname="org.apache.hadoop.hdfs.server.namenode.FsImageProto_ESTest" time="0.009">
    <system-out><![CDATA[2024-11-12 13:42:25,915 INFO  EvoClassLoader - Seeing class for first time: libcore.io.Memory
2024-11-12 13:42:25,915 INFO  EvoClassLoader - Instrumenting class 'libcore.io.Memory'.
2024-11-12 13:42:25,915 INFO  EvoClassLoader - Error while loading class: java.lang.ClassNotFoundException: Class 'libcore/io/Memory.class' should be in target project, but could not be found!
2024-11-12 13:42:25,915 INFO  EvoClassLoader - Seeing class for first time: org.robolectric.Robolectric
2024-11-12 13:42:25,915 INFO  EvoClassLoader - Instrumenting class 'org.robolectric.Robolectric'.
2024-11-12 13:42:25,915 INFO  EvoClassLoader - Error while loading class: java.lang.ClassNotFoundException: Class 'org/robolectric/Robolectric.class' should be in target project, but could not be found!
2024-11-12 13:42:25,918 INFO  log - Logging initialized @7848ms to org.eclipse.jetty.util.log.Slf4jLog
]]></system-out>
  </testcase>
  <testcase name="test127" classname="org.apache.hadoop.hdfs.server.namenode.FsImageProto_ESTest" time="0.007">
    <system-out><![CDATA[2024-11-12 13:42:25,922 INFO  EvoClassLoader - Seeing class for first time: libcore.io.Memory
2024-11-12 13:42:25,922 INFO  EvoClassLoader - Instrumenting class 'libcore.io.Memory'.
2024-11-12 13:42:25,922 INFO  EvoClassLoader - Error while loading class: java.lang.ClassNotFoundException: Class 'libcore/io/Memory.class' should be in target project, but could not be found!
2024-11-12 13:42:25,922 INFO  EvoClassLoader - Seeing class for first time: org.robolectric.Robolectric
2024-11-12 13:42:25,922 INFO  EvoClassLoader - Instrumenting class 'org.robolectric.Robolectric'.
2024-11-12 13:42:25,923 INFO  EvoClassLoader - Error while loading class: java.lang.ClassNotFoundException: Class 'org/robolectric/Robolectric.class' should be in target project, but could not be found!
2024-11-12 13:42:25,926 INFO  log - Logging initialized @7856ms to org.eclipse.jetty.util.log.Slf4jLog
]]></system-out>
  </testcase>
  <testcase name="test005" classname="org.apache.hadoop.hdfs.server.namenode.FsImageProto_ESTest" time="0.008">
    <system-out><![CDATA[2024-11-12 13:42:25,929 INFO  EvoClassLoader - Seeing class for first time: libcore.io.Memory
2024-11-12 13:42:25,929 INFO  EvoClassLoader - Instrumenting class 'libcore.io.Memory'.
2024-11-12 13:42:25,930 INFO  EvoClassLoader - Error while loading class: java.lang.ClassNotFoundException: Class 'libcore/io/Memory.class' should be in target project, but could not be found!
2024-11-12 13:42:25,930 INFO  EvoClassLoader - Seeing class for first time: org.robolectric.Robolectric
2024-11-12 13:42:25,930 INFO  EvoClassLoader - Instrumenting class 'org.robolectric.Robolectric'.
2024-11-12 13:42:25,930 INFO  EvoClassLoader - Error while loading class: java.lang.ClassNotFoundException: Class 'org/robolectric/Robolectric.class' should be in target project, but could not be found!
2024-11-12 13:42:25,933 INFO  log - Logging initialized @7863ms to org.eclipse.jetty.util.log.Slf4jLog
]]></system-out>
  </testcase>
  <testcase name="test126" classname="org.apache.hadoop.hdfs.server.namenode.FsImageProto_ESTest" time="0.01">
    <system-out><![CDATA[2024-11-12 13:42:25,938 INFO  EvoClassLoader - Seeing class for first time: libcore.io.Memory
2024-11-12 13:42:25,938 INFO  EvoClassLoader - Instrumenting class 'libcore.io.Memory'.
2024-11-12 13:42:25,938 INFO  EvoClassLoader - Error while loading class: java.lang.ClassNotFoundException: Class 'libcore/io/Memory.class' should be in target project, but could not be found!
2024-11-12 13:42:25,938 INFO  EvoClassLoader - Seeing class for first time: org.robolectric.Robolectric
2024-11-12 13:42:25,938 INFO  EvoClassLoader - Instrumenting class 'org.robolectric.Robolectric'.
2024-11-12 13:42:25,938 INFO  EvoClassLoader - Error while loading class: java.lang.ClassNotFoundException: Class 'org/robolectric/Robolectric.class' should be in target project, but could not be found!
2024-11-12 13:42:25,944 INFO  log - Logging initialized @7874ms to org.eclipse.jetty.util.log.Slf4jLog
]]></system-out>
  </testcase>
  <testcase name="test004" classname="org.apache.hadoop.hdfs.server.namenode.FsImageProto_ESTest" time="0.009">
    <system-out><![CDATA[2024-11-12 13:42:25,948 INFO  EvoClassLoader - Seeing class for first time: libcore.io.Memory
2024-11-12 13:42:25,948 INFO  EvoClassLoader - Instrumenting class 'libcore.io.Memory'.
2024-11-12 13:42:25,949 INFO  EvoClassLoader - Error while loading class: java.lang.ClassNotFoundException: Class 'libcore/io/Memory.class' should be in target project, but could not be found!
2024-11-12 13:42:25,949 INFO  EvoClassLoader - Seeing class for first time: org.robolectric.Robolectric
2024-11-12 13:42:25,949 INFO  EvoClassLoader - Instrumenting class 'org.robolectric.Robolectric'.
2024-11-12 13:42:25,949 INFO  EvoClassLoader - Error while loading class: java.lang.ClassNotFoundException: Class 'org/robolectric/Robolectric.class' should be in target project, but could not be found!
2024-11-12 13:42:25,952 INFO  log - Logging initialized @7882ms to org.eclipse.jetty.util.log.Slf4jLog
]]></system-out>
  </testcase>
  <testcase name="test125" classname="org.apache.hadoop.hdfs.server.namenode.FsImageProto_ESTest" time="0.008">
    <system-out><![CDATA[2024-11-12 13:42:25,956 INFO  EvoClassLoader - Seeing class for first time: libcore.io.Memory
2024-11-12 13:42:25,956 INFO  EvoClassLoader - Instrumenting class 'libcore.io.Memory'.
2024-11-12 13:42:25,957 INFO  EvoClassLoader - Error while loading class: java.lang.ClassNotFoundException: Class 'libcore/io/Memory.class' should be in target project, but could not be found!
2024-11-12 13:42:25,957 INFO  EvoClassLoader - Seeing class for first time: org.robolectric.Robolectric
2024-11-12 13:42:25,957 INFO  EvoClassLoader - Instrumenting class 'org.robolectric.Robolectric'.
2024-11-12 13:42:25,957 INFO  EvoClassLoader - Error while loading class: java.lang.ClassNotFoundException: Class 'org/robolectric/Robolectric.class' should be in target project, but could not be found!
2024-11-12 13:42:25,960 INFO  log - Logging initialized @7890ms to org.eclipse.jetty.util.log.Slf4jLog
]]></system-out>
  </testcase>
  <testcase name="test003" classname="org.apache.hadoop.hdfs.server.namenode.FsImageProto_ESTest" time="0.01">
    <system-out><![CDATA[2024-11-12 13:42:25,966 INFO  EvoClassLoader - Seeing class for first time: libcore.io.Memory
2024-11-12 13:42:25,966 INFO  EvoClassLoader - Instrumenting class 'libcore.io.Memory'.
2024-11-12 13:42:25,967 INFO  EvoClassLoader - Error while loading class: java.lang.ClassNotFoundException: Class 'libcore/io/Memory.class' should be in target project, but could not be found!
2024-11-12 13:42:25,967 INFO  EvoClassLoader - Seeing class for first time: org.robolectric.Robolectric
2024-11-12 13:42:25,967 INFO  EvoClassLoader - Instrumenting class 'org.robolectric.Robolectric'.
2024-11-12 13:42:25,967 INFO  EvoClassLoader - Error while loading class: java.lang.ClassNotFoundException: Class 'org/robolectric/Robolectric.class' should be in target project, but could not be found!
2024-11-12 13:42:25,970 INFO  log - Logging initialized @7900ms to org.eclipse.jetty.util.log.Slf4jLog
]]></system-out>
  </testcase>
  <testcase name="test124" classname="org.apache.hadoop.hdfs.server.namenode.FsImageProto_ESTest" time="0.009">
    <system-out><![CDATA[2024-11-12 13:42:25,975 INFO  EvoClassLoader - Seeing class for first time: libcore.io.Memory
2024-11-12 13:42:25,975 INFO  EvoClassLoader - Instrumenting class 'libcore.io.Memory'.
2024-11-12 13:42:25,975 INFO  EvoClassLoader - Error while loading class: java.lang.ClassNotFoundException: Class 'libcore/io/Memory.class' should be in target project, but could not be found!
2024-11-12 13:42:25,975 INFO  EvoClassLoader - Seeing class for first time: org.robolectric.Robolectric
2024-11-12 13:42:25,975 INFO  EvoClassLoader - Instrumenting class 'org.robolectric.Robolectric'.
2024-11-12 13:42:25,975 INFO  EvoClassLoader - Error while loading class: java.lang.ClassNotFoundException: Class 'org/robolectric/Robolectric.class' should be in target project, but could not be found!
2024-11-12 13:42:25,979 INFO  log - Logging initialized @7909ms to org.eclipse.jetty.util.log.Slf4jLog
]]></system-out>
  </testcase>
  <testcase name="test002" classname="org.apache.hadoop.hdfs.server.namenode.FsImageProto_ESTest" time="0.007">
    <system-out><![CDATA[2024-11-12 13:42:25,983 INFO  EvoClassLoader - Seeing class for first time: libcore.io.Memory
2024-11-12 13:42:25,983 INFO  EvoClassLoader - Instrumenting class 'libcore.io.Memory'.
2024-11-12 13:42:25,983 INFO  EvoClassLoader - Error while loading class: java.lang.ClassNotFoundException: Class 'libcore/io/Memory.class' should be in target project, but could not be found!
2024-11-12 13:42:25,983 INFO  EvoClassLoader - Seeing class for first time: org.robolectric.Robolectric
2024-11-12 13:42:25,983 INFO  EvoClassLoader - Instrumenting class 'org.robolectric.Robolectric'.
2024-11-12 13:42:25,983 INFO  EvoClassLoader - Error while loading class: java.lang.ClassNotFoundException: Class 'org/robolectric/Robolectric.class' should be in target project, but could not be found!
2024-11-12 13:42:25,986 INFO  log - Logging initialized @7916ms to org.eclipse.jetty.util.log.Slf4jLog
]]></system-out>
  </testcase>
  <testcase name="test123" classname="org.apache.hadoop.hdfs.server.namenode.FsImageProto_ESTest" time="0.01">
    <system-out><![CDATA[2024-11-12 13:42:25,989 INFO  EvoClassLoader - Seeing class for first time: libcore.io.Memory
2024-11-12 13:42:25,989 INFO  EvoClassLoader - Instrumenting class 'libcore.io.Memory'.
2024-11-12 13:42:25,989 INFO  EvoClassLoader - Error while loading class: java.lang.ClassNotFoundException: Class 'libcore/io/Memory.class' should be in target project, but could not be found!
2024-11-12 13:42:25,989 INFO  EvoClassLoader - Seeing class for first time: org.robolectric.Robolectric
2024-11-12 13:42:25,989 INFO  EvoClassLoader - Instrumenting class 'org.robolectric.Robolectric'.
2024-11-12 13:42:25,990 INFO  EvoClassLoader - Error while loading class: java.lang.ClassNotFoundException: Class 'org/robolectric/Robolectric.class' should be in target project, but could not be found!
2024-11-12 13:42:25,993 INFO  log - Logging initialized @7923ms to org.eclipse.jetty.util.log.Slf4jLog
]]></system-out>
  </testcase>
  <testcase name="test092" classname="org.apache.hadoop.hdfs.server.namenode.FsImageProto_ESTest" time="0.007">
    <system-out><![CDATA[2024-11-12 13:42:25,997 INFO  EvoClassLoader - Seeing class for first time: libcore.io.Memory
2024-11-12 13:42:25,997 INFO  EvoClassLoader - Instrumenting class 'libcore.io.Memory'.
2024-11-12 13:42:25,997 INFO  EvoClassLoader - Error while loading class: java.lang.ClassNotFoundException: Class 'libcore/io/Memory.class' should be in target project, but could not be found!
2024-11-12 13:42:25,997 INFO  EvoClassLoader - Seeing class for first time: org.robolectric.Robolectric
2024-11-12 13:42:25,997 INFO  EvoClassLoader - Instrumenting class 'org.robolectric.Robolectric'.
2024-11-12 13:42:25,997 INFO  EvoClassLoader - Error while loading class: java.lang.ClassNotFoundException: Class 'org/robolectric/Robolectric.class' should be in target project, but could not be found!
2024-11-12 13:42:26,002 INFO  log - Logging initialized @7932ms to org.eclipse.jetty.util.log.Slf4jLog
]]></system-out>
  </testcase>
  <testcase name="test091" classname="org.apache.hadoop.hdfs.server.namenode.FsImageProto_ESTest" time="0.008">
    <system-out><![CDATA[2024-11-12 13:42:26,007 INFO  EvoClassLoader - Seeing class for first time: libcore.io.Memory
2024-11-12 13:42:26,007 INFO  EvoClassLoader - Instrumenting class 'libcore.io.Memory'.
2024-11-12 13:42:26,008 INFO  EvoClassLoader - Error while loading class: java.lang.ClassNotFoundException: Class 'libcore/io/Memory.class' should be in target project, but could not be found!
2024-11-12 13:42:26,008 INFO  EvoClassLoader - Seeing class for first time: org.robolectric.Robolectric
2024-11-12 13:42:26,008 INFO  EvoClassLoader - Instrumenting class 'org.robolectric.Robolectric'.
2024-11-12 13:42:26,008 INFO  EvoClassLoader - Error while loading class: java.lang.ClassNotFoundException: Class 'org/robolectric/Robolectric.class' should be in target project, but could not be found!
2024-11-12 13:42:26,011 INFO  log - Logging initialized @7941ms to org.eclipse.jetty.util.log.Slf4jLog
]]></system-out>
  </testcase>
  <testcase name="test090" classname="org.apache.hadoop.hdfs.server.namenode.FsImageProto_ESTest" time="0.009">
    <system-out><![CDATA[2024-11-12 13:42:26,015 INFO  EvoClassLoader - Seeing class for first time: libcore.io.Memory
2024-11-12 13:42:26,015 INFO  EvoClassLoader - Instrumenting class 'libcore.io.Memory'.
2024-11-12 13:42:26,015 INFO  EvoClassLoader - Error while loading class: java.lang.ClassNotFoundException: Class 'libcore/io/Memory.class' should be in target project, but could not be found!
2024-11-12 13:42:26,015 INFO  EvoClassLoader - Seeing class for first time: org.robolectric.Robolectric
2024-11-12 13:42:26,015 INFO  EvoClassLoader - Instrumenting class 'org.robolectric.Robolectric'.
2024-11-12 13:42:26,015 INFO  EvoClassLoader - Error while loading class: java.lang.ClassNotFoundException: Class 'org/robolectric/Robolectric.class' should be in target project, but could not be found!
2024-11-12 13:42:26,018 INFO  log - Logging initialized @7948ms to org.eclipse.jetty.util.log.Slf4jLog
]]></system-out>
  </testcase>
  <testcase name="test012" classname="org.apache.hadoop.hdfs.server.namenode.FsImageProto_ESTest" time="0.009">
    <system-out><![CDATA[2024-11-12 13:42:26,023 INFO  EvoClassLoader - Seeing class for first time: libcore.io.Memory
2024-11-12 13:42:26,023 INFO  EvoClassLoader - Instrumenting class 'libcore.io.Memory'.
2024-11-12 13:42:26,023 INFO  EvoClassLoader - Error while loading class: java.lang.ClassNotFoundException: Class 'libcore/io/Memory.class' should be in target project, but could not be found!
2024-11-12 13:42:26,023 INFO  EvoClassLoader - Seeing class for first time: org.robolectric.Robolectric
2024-11-12 13:42:26,023 INFO  EvoClassLoader - Instrumenting class 'org.robolectric.Robolectric'.
2024-11-12 13:42:26,023 INFO  EvoClassLoader - Error while loading class: java.lang.ClassNotFoundException: Class 'org/robolectric/Robolectric.class' should be in target project, but could not be found!
2024-11-12 13:42:26,028 INFO  log - Logging initialized @7958ms to org.eclipse.jetty.util.log.Slf4jLog
]]></system-out>
  </testcase>
  <testcase name="test133" classname="org.apache.hadoop.hdfs.server.namenode.FsImageProto_ESTest" time="0.01">
    <system-out><![CDATA[2024-11-12 13:42:26,032 INFO  EvoClassLoader - Seeing class for first time: libcore.io.Memory
2024-11-12 13:42:26,032 INFO  EvoClassLoader - Instrumenting class 'libcore.io.Memory'.
2024-11-12 13:42:26,033 INFO  EvoClassLoader - Error while loading class: java.lang.ClassNotFoundException: Class 'libcore/io/Memory.class' should be in target project, but could not be found!
2024-11-12 13:42:26,033 INFO  EvoClassLoader - Seeing class for first time: org.robolectric.Robolectric
2024-11-12 13:42:26,033 INFO  EvoClassLoader - Instrumenting class 'org.robolectric.Robolectric'.
2024-11-12 13:42:26,033 INFO  EvoClassLoader - Error while loading class: java.lang.ClassNotFoundException: Class 'org/robolectric/Robolectric.class' should be in target project, but could not be found!
2024-11-12 13:42:26,038 INFO  log - Logging initialized @7968ms to org.eclipse.jetty.util.log.Slf4jLog
]]></system-out>
  </testcase>
  <testcase name="test011" classname="org.apache.hadoop.hdfs.server.namenode.FsImageProto_ESTest" time="0.008">
    <system-out><![CDATA[2024-11-12 13:42:26,043 INFO  EvoClassLoader - Seeing class for first time: libcore.io.Memory
2024-11-12 13:42:26,043 INFO  EvoClassLoader - Instrumenting class 'libcore.io.Memory'.
2024-11-12 13:42:26,044 INFO  EvoClassLoader - Error while loading class: java.lang.ClassNotFoundException: Class 'libcore/io/Memory.class' should be in target project, but could not be found!
2024-11-12 13:42:26,044 INFO  EvoClassLoader - Seeing class for first time: org.robolectric.Robolectric
2024-11-12 13:42:26,044 INFO  EvoClassLoader - Instrumenting class 'org.robolectric.Robolectric'.
2024-11-12 13:42:26,044 INFO  EvoClassLoader - Error while loading class: java.lang.ClassNotFoundException: Class 'org/robolectric/Robolectric.class' should be in target project, but could not be found!
2024-11-12 13:42:26,047 INFO  log - Logging initialized @7977ms to org.eclipse.jetty.util.log.Slf4jLog
]]></system-out>
  </testcase>
  <testcase name="test099" classname="org.apache.hadoop.hdfs.server.namenode.FsImageProto_ESTest" time="0.008">
    <system-out><![CDATA[2024-11-12 13:42:26,052 INFO  EvoClassLoader - Seeing class for first time: libcore.io.Memory
2024-11-12 13:42:26,052 INFO  EvoClassLoader - Instrumenting class 'libcore.io.Memory'.
2024-11-12 13:42:26,052 INFO  EvoClassLoader - Error while loading class: java.lang.ClassNotFoundException: Class 'libcore/io/Memory.class' should be in target project, but could not be found!
2024-11-12 13:42:26,052 INFO  EvoClassLoader - Seeing class for first time: org.robolectric.Robolectric
2024-11-12 13:42:26,052 INFO  EvoClassLoader - Instrumenting class 'org.robolectric.Robolectric'.
2024-11-12 13:42:26,052 INFO  EvoClassLoader - Error while loading class: java.lang.ClassNotFoundException: Class 'org/robolectric/Robolectric.class' should be in target project, but could not be found!
2024-11-12 13:42:26,056 INFO  log - Logging initialized @7986ms to org.eclipse.jetty.util.log.Slf4jLog
]]></system-out>
  </testcase>
  <testcase name="test132" classname="org.apache.hadoop.hdfs.server.namenode.FsImageProto_ESTest" time="0.008">
    <system-out><![CDATA[2024-11-12 13:42:26,059 INFO  EvoClassLoader - Seeing class for first time: libcore.io.Memory
2024-11-12 13:42:26,059 INFO  EvoClassLoader - Instrumenting class 'libcore.io.Memory'.
2024-11-12 13:42:26,059 INFO  EvoClassLoader - Error while loading class: java.lang.ClassNotFoundException: Class 'libcore/io/Memory.class' should be in target project, but could not be found!
2024-11-12 13:42:26,059 INFO  EvoClassLoader - Seeing class for first time: org.robolectric.Robolectric
2024-11-12 13:42:26,059 INFO  EvoClassLoader - Instrumenting class 'org.robolectric.Robolectric'.
2024-11-12 13:42:26,059 INFO  EvoClassLoader - Error while loading class: java.lang.ClassNotFoundException: Class 'org/robolectric/Robolectric.class' should be in target project, but could not be found!
2024-11-12 13:42:26,063 INFO  log - Logging initialized @7993ms to org.eclipse.jetty.util.log.Slf4jLog
]]></system-out>
  </testcase>
  <testcase name="test010" classname="org.apache.hadoop.hdfs.server.namenode.FsImageProto_ESTest" time="0.007">
    <system-out><![CDATA[2024-11-12 13:42:26,068 INFO  EvoClassLoader - Seeing class for first time: libcore.io.Memory
2024-11-12 13:42:26,068 INFO  EvoClassLoader - Instrumenting class 'libcore.io.Memory'.
2024-11-12 13:42:26,069 INFO  EvoClassLoader - Error while loading class: java.lang.ClassNotFoundException: Class 'libcore/io/Memory.class' should be in target project, but could not be found!
2024-11-12 13:42:26,069 INFO  EvoClassLoader - Seeing class for first time: org.robolectric.Robolectric
2024-11-12 13:42:26,069 INFO  EvoClassLoader - Instrumenting class 'org.robolectric.Robolectric'.
2024-11-12 13:42:26,069 INFO  EvoClassLoader - Error while loading class: java.lang.ClassNotFoundException: Class 'org/robolectric/Robolectric.class' should be in target project, but could not be found!
2024-11-12 13:42:26,073 INFO  log - Logging initialized @8003ms to org.eclipse.jetty.util.log.Slf4jLog
]]></system-out>
  </testcase>
  <testcase name="test098" classname="org.apache.hadoop.hdfs.server.namenode.FsImageProto_ESTest" time="0.007">
    <system-out><![CDATA[2024-11-12 13:42:26,076 INFO  EvoClassLoader - Seeing class for first time: libcore.io.Memory
2024-11-12 13:42:26,076 INFO  EvoClassLoader - Instrumenting class 'libcore.io.Memory'.
2024-11-12 13:42:26,076 INFO  EvoClassLoader - Error while loading class: java.lang.ClassNotFoundException: Class 'libcore/io/Memory.class' should be in target project, but could not be found!
2024-11-12 13:42:26,076 INFO  EvoClassLoader - Seeing class for first time: org.robolectric.Robolectric
2024-11-12 13:42:26,076 INFO  EvoClassLoader - Instrumenting class 'org.robolectric.Robolectric'.
2024-11-12 13:42:26,077 INFO  EvoClassLoader - Error while loading class: java.lang.ClassNotFoundException: Class 'org/robolectric/Robolectric.class' should be in target project, but could not be found!
2024-11-12 13:42:26,079 INFO  log - Logging initialized @8009ms to org.eclipse.jetty.util.log.Slf4jLog
]]></system-out>
  </testcase>
  <testcase name="test131" classname="org.apache.hadoop.hdfs.server.namenode.FsImageProto_ESTest" time="0.008">
    <system-out><![CDATA[2024-11-12 13:42:26,084 INFO  EvoClassLoader - Seeing class for first time: libcore.io.Memory
2024-11-12 13:42:26,084 INFO  EvoClassLoader - Instrumenting class 'libcore.io.Memory'.
2024-11-12 13:42:26,084 INFO  EvoClassLoader - Error while loading class: java.lang.ClassNotFoundException: Class 'libcore/io/Memory.class' should be in target project, but could not be found!
2024-11-12 13:42:26,084 INFO  EvoClassLoader - Seeing class for first time: org.robolectric.Robolectric
2024-11-12 13:42:26,084 INFO  EvoClassLoader - Instrumenting class 'org.robolectric.Robolectric'.
2024-11-12 13:42:26,084 INFO  EvoClassLoader - Error while loading class: java.lang.ClassNotFoundException: Class 'org/robolectric/Robolectric.class' should be in target project, but could not be found!
2024-11-12 13:42:26,088 INFO  log - Logging initialized @8018ms to org.eclipse.jetty.util.log.Slf4jLog
]]></system-out>
  </testcase>
  <testcase name="test097" classname="org.apache.hadoop.hdfs.server.namenode.FsImageProto_ESTest" time="0.008">
    <system-out><![CDATA[2024-11-12 13:42:26,091 INFO  EvoClassLoader - Seeing class for first time: libcore.io.Memory
2024-11-12 13:42:26,091 INFO  EvoClassLoader - Instrumenting class 'libcore.io.Memory'.
2024-11-12 13:42:26,092 INFO  EvoClassLoader - Error while loading class: java.lang.ClassNotFoundException: Class 'libcore/io/Memory.class' should be in target project, but could not be found!
2024-11-12 13:42:26,092 INFO  EvoClassLoader - Seeing class for first time: org.robolectric.Robolectric
2024-11-12 13:42:26,092 INFO  EvoClassLoader - Instrumenting class 'org.robolectric.Robolectric'.
2024-11-12 13:42:26,092 INFO  EvoClassLoader - Error while loading class: java.lang.ClassNotFoundException: Class 'org/robolectric/Robolectric.class' should be in target project, but could not be found!
2024-11-12 13:42:26,095 INFO  log - Logging initialized @8025ms to org.eclipse.jetty.util.log.Slf4jLog
]]></system-out>
  </testcase>
  <testcase name="test130" classname="org.apache.hadoop.hdfs.server.namenode.FsImageProto_ESTest" time="0.009">
    <system-out><![CDATA[2024-11-12 13:42:26,100 INFO  EvoClassLoader - Seeing class for first time: libcore.io.Memory
2024-11-12 13:42:26,100 INFO  EvoClassLoader - Instrumenting class 'libcore.io.Memory'.
2024-11-12 13:42:26,100 INFO  EvoClassLoader - Error while loading class: java.lang.ClassNotFoundException: Class 'libcore/io/Memory.class' should be in target project, but could not be found!
2024-11-12 13:42:26,100 INFO  EvoClassLoader - Seeing class for first time: org.robolectric.Robolectric
2024-11-12 13:42:26,100 INFO  EvoClassLoader - Instrumenting class 'org.robolectric.Robolectric'.
2024-11-12 13:42:26,100 INFO  EvoClassLoader - Error while loading class: java.lang.ClassNotFoundException: Class 'org/robolectric/Robolectric.class' should be in target project, but could not be found!
2024-11-12 13:42:26,104 INFO  log - Logging initialized @8034ms to org.eclipse.jetty.util.log.Slf4jLog
]]></system-out>
  </testcase>
  <testcase name="test096" classname="org.apache.hadoop.hdfs.server.namenode.FsImageProto_ESTest" time="0.006">
    <system-out><![CDATA[2024-11-12 13:42:26,108 INFO  EvoClassLoader - Seeing class for first time: libcore.io.Memory
2024-11-12 13:42:26,108 INFO  EvoClassLoader - Instrumenting class 'libcore.io.Memory'.
2024-11-12 13:42:26,108 INFO  EvoClassLoader - Error while loading class: java.lang.ClassNotFoundException: Class 'libcore/io/Memory.class' should be in target project, but could not be found!
2024-11-12 13:42:26,108 INFO  EvoClassLoader - Seeing class for first time: org.robolectric.Robolectric
2024-11-12 13:42:26,108 INFO  EvoClassLoader - Instrumenting class 'org.robolectric.Robolectric'.
2024-11-12 13:42:26,109 INFO  EvoClassLoader - Error while loading class: java.lang.ClassNotFoundException: Class 'org/robolectric/Robolectric.class' should be in target project, but could not be found!
2024-11-12 13:42:26,111 INFO  log - Logging initialized @8041ms to org.eclipse.jetty.util.log.Slf4jLog
]]></system-out>
  </testcase>
  <testcase name="test095" classname="org.apache.hadoop.hdfs.server.namenode.FsImageProto_ESTest" time="0.008">
    <system-out><![CDATA[2024-11-12 13:42:26,116 INFO  EvoClassLoader - Seeing class for first time: libcore.io.Memory
2024-11-12 13:42:26,116 INFO  EvoClassLoader - Instrumenting class 'libcore.io.Memory'.
2024-11-12 13:42:26,117 INFO  EvoClassLoader - Error while loading class: java.lang.ClassNotFoundException: Class 'libcore/io/Memory.class' should be in target project, but could not be found!
2024-11-12 13:42:26,117 INFO  EvoClassLoader - Seeing class for first time: org.robolectric.Robolectric
2024-11-12 13:42:26,117 INFO  EvoClassLoader - Instrumenting class 'org.robolectric.Robolectric'.
2024-11-12 13:42:26,117 INFO  EvoClassLoader - Error while loading class: java.lang.ClassNotFoundException: Class 'org/robolectric/Robolectric.class' should be in target project, but could not be found!
2024-11-12 13:42:26,120 INFO  log - Logging initialized @8050ms to org.eclipse.jetty.util.log.Slf4jLog
]]></system-out>
  </testcase>
  <testcase name="test094" classname="org.apache.hadoop.hdfs.server.namenode.FsImageProto_ESTest" time="0.016">
    <system-out><![CDATA[2024-11-12 13:42:26,128 INFO  EvoClassLoader - Seeing class for first time: libcore.io.Memory
2024-11-12 13:42:26,128 INFO  EvoClassLoader - Instrumenting class 'libcore.io.Memory'.
2024-11-12 13:42:26,129 INFO  EvoClassLoader - Error while loading class: java.lang.ClassNotFoundException: Class 'libcore/io/Memory.class' should be in target project, but could not be found!
2024-11-12 13:42:26,129 INFO  EvoClassLoader - Seeing class for first time: org.robolectric.Robolectric
2024-11-12 13:42:26,129 INFO  EvoClassLoader - Instrumenting class 'org.robolectric.Robolectric'.
2024-11-12 13:42:26,129 INFO  EvoClassLoader - Error while loading class: java.lang.ClassNotFoundException: Class 'org/robolectric/Robolectric.class' should be in target project, but could not be found!
2024-11-12 13:42:26,135 INFO  log - Logging initialized @8065ms to org.eclipse.jetty.util.log.Slf4jLog
]]></system-out>
  </testcase>
  <testcase name="test093" classname="org.apache.hadoop.hdfs.server.namenode.FsImageProto_ESTest" time="0.009">
    <system-out><![CDATA[2024-11-12 13:42:26,141 INFO  EvoClassLoader - Seeing class for first time: libcore.io.Memory
2024-11-12 13:42:26,141 INFO  EvoClassLoader - Instrumenting class 'libcore.io.Memory'.
2024-11-12 13:42:26,142 INFO  EvoClassLoader - Error while loading class: java.lang.ClassNotFoundException: Class 'libcore/io/Memory.class' should be in target project, but could not be found!
2024-11-12 13:42:26,142 INFO  EvoClassLoader - Seeing class for first time: org.robolectric.Robolectric
2024-11-12 13:42:26,142 INFO  EvoClassLoader - Instrumenting class 'org.robolectric.Robolectric'.
2024-11-12 13:42:26,142 INFO  EvoClassLoader - Error while loading class: java.lang.ClassNotFoundException: Class 'org/robolectric/Robolectric.class' should be in target project, but could not be found!
2024-11-12 13:42:26,146 INFO  log - Logging initialized @8076ms to org.eclipse.jetty.util.log.Slf4jLog
]]></system-out>
  </testcase>
  <testcase name="test119" classname="org.apache.hadoop.hdfs.server.namenode.FsImageProto_ESTest" time="0.015">
    <system-out><![CDATA[2024-11-12 13:42:26,150 INFO  EvoClassLoader - Seeing class for first time: libcore.io.Memory
2024-11-12 13:42:26,150 INFO  EvoClassLoader - Instrumenting class 'libcore.io.Memory'.
2024-11-12 13:42:26,151 INFO  EvoClassLoader - Error while loading class: java.lang.ClassNotFoundException: Class 'libcore/io/Memory.class' should be in target project, but could not be found!
2024-11-12 13:42:26,151 INFO  EvoClassLoader - Seeing class for first time: org.robolectric.Robolectric
2024-11-12 13:42:26,151 INFO  EvoClassLoader - Instrumenting class 'org.robolectric.Robolectric'.
2024-11-12 13:42:26,151 INFO  EvoClassLoader - Error while loading class: java.lang.ClassNotFoundException: Class 'org/robolectric/Robolectric.class' should be in target project, but could not be found!
2024-11-12 13:42:26,158 INFO  log - Logging initialized @8088ms to org.eclipse.jetty.util.log.Slf4jLog
]]></system-out>
  </testcase>
  <testcase name="test118" classname="org.apache.hadoop.hdfs.server.namenode.FsImageProto_ESTest" time="0.011">
    <system-out><![CDATA[2024-11-12 13:42:26,166 INFO  EvoClassLoader - Seeing class for first time: libcore.io.Memory
2024-11-12 13:42:26,166 INFO  EvoClassLoader - Instrumenting class 'libcore.io.Memory'.
2024-11-12 13:42:26,166 INFO  EvoClassLoader - Error while loading class: java.lang.ClassNotFoundException: Class 'libcore/io/Memory.class' should be in target project, but could not be found!
2024-11-12 13:42:26,167 INFO  EvoClassLoader - Seeing class for first time: org.robolectric.Robolectric
2024-11-12 13:42:26,167 INFO  EvoClassLoader - Instrumenting class 'org.robolectric.Robolectric'.
2024-11-12 13:42:26,167 INFO  EvoClassLoader - Error while loading class: java.lang.ClassNotFoundException: Class 'org/robolectric/Robolectric.class' should be in target project, but could not be found!
2024-11-12 13:42:26,173 INFO  log - Logging initialized @8102ms to org.eclipse.jetty.util.log.Slf4jLog
]]></system-out>
  </testcase>
  <testcase name="test117" classname="org.apache.hadoop.hdfs.server.namenode.FsImageProto_ESTest" time="0.013">
    <system-out><![CDATA[2024-11-12 13:42:26,177 INFO  EvoClassLoader - Seeing class for first time: libcore.io.Memory
2024-11-12 13:42:26,177 INFO  EvoClassLoader - Instrumenting class 'libcore.io.Memory'.
2024-11-12 13:42:26,177 INFO  EvoClassLoader - Error while loading class: java.lang.ClassNotFoundException: Class 'libcore/io/Memory.class' should be in target project, but could not be found!
2024-11-12 13:42:26,177 INFO  EvoClassLoader - Seeing class for first time: org.robolectric.Robolectric
2024-11-12 13:42:26,177 INFO  EvoClassLoader - Instrumenting class 'org.robolectric.Robolectric'.
2024-11-12 13:42:26,178 INFO  EvoClassLoader - Error while loading class: java.lang.ClassNotFoundException: Class 'org/robolectric/Robolectric.class' should be in target project, but could not be found!
2024-11-12 13:42:26,181 INFO  log - Logging initialized @8111ms to org.eclipse.jetty.util.log.Slf4jLog
]]></system-out>
  </testcase>
  <testcase name="test116" classname="org.apache.hadoop.hdfs.server.namenode.FsImageProto_ESTest" time="0.007">
    <system-out><![CDATA[2024-11-12 13:42:26,186 INFO  EvoClassLoader - Seeing class for first time: libcore.io.Memory
2024-11-12 13:42:26,186 INFO  EvoClassLoader - Instrumenting class 'libcore.io.Memory'.
2024-11-12 13:42:26,187 INFO  EvoClassLoader - Error while loading class: java.lang.ClassNotFoundException: Class 'libcore/io/Memory.class' should be in target project, but could not be found!
2024-11-12 13:42:26,187 INFO  EvoClassLoader - Seeing class for first time: org.robolectric.Robolectric
2024-11-12 13:42:26,187 INFO  EvoClassLoader - Instrumenting class 'org.robolectric.Robolectric'.
2024-11-12 13:42:26,187 INFO  EvoClassLoader - Error while loading class: java.lang.ClassNotFoundException: Class 'org/robolectric/Robolectric.class' should be in target project, but could not be found!
2024-11-12 13:42:26,191 INFO  log - Logging initialized @8121ms to org.eclipse.jetty.util.log.Slf4jLog
]]></system-out>
  </testcase>
  <testcase name="test115" classname="org.apache.hadoop.hdfs.server.namenode.FsImageProto_ESTest" time="0.016">
    <system-out><![CDATA[2024-11-12 13:42:26,198 INFO  EvoClassLoader - Seeing class for first time: libcore.io.Memory
2024-11-12 13:42:26,198 INFO  EvoClassLoader - Instrumenting class 'libcore.io.Memory'.
2024-11-12 13:42:26,198 INFO  EvoClassLoader - Error while loading class: java.lang.ClassNotFoundException: Class 'libcore/io/Memory.class' should be in target project, but could not be found!
2024-11-12 13:42:26,198 INFO  EvoClassLoader - Seeing class for first time: org.robolectric.Robolectric
2024-11-12 13:42:26,198 INFO  EvoClassLoader - Instrumenting class 'org.robolectric.Robolectric'.
2024-11-12 13:42:26,199 INFO  EvoClassLoader - Error while loading class: java.lang.ClassNotFoundException: Class 'org/robolectric/Robolectric.class' should be in target project, but could not be found!
2024-11-12 13:42:26,205 INFO  log - Logging initialized @8135ms to org.eclipse.jetty.util.log.Slf4jLog
]]></system-out>
  </testcase>
  <testcase name="test114" classname="org.apache.hadoop.hdfs.server.namenode.FsImageProto_ESTest" time="0.014">
    <system-out><![CDATA[2024-11-12 13:42:26,213 INFO  EvoClassLoader - Seeing class for first time: libcore.io.Memory
2024-11-12 13:42:26,213 INFO  EvoClassLoader - Instrumenting class 'libcore.io.Memory'.
2024-11-12 13:42:26,213 INFO  EvoClassLoader - Error while loading class: java.lang.ClassNotFoundException: Class 'libcore/io/Memory.class' should be in target project, but could not be found!
2024-11-12 13:42:26,213 INFO  EvoClassLoader - Seeing class for first time: org.robolectric.Robolectric
2024-11-12 13:42:26,213 INFO  EvoClassLoader - Instrumenting class 'org.robolectric.Robolectric'.
2024-11-12 13:42:26,213 INFO  EvoClassLoader - Error while loading class: java.lang.ClassNotFoundException: Class 'org/robolectric/Robolectric.class' should be in target project, but could not be found!
2024-11-12 13:42:26,219 INFO  log - Logging initialized @8149ms to org.eclipse.jetty.util.log.Slf4jLog
]]></system-out>
  </testcase>
  <testcase name="test113" classname="org.apache.hadoop.hdfs.server.namenode.FsImageProto_ESTest" time="0.011">
    <system-out><![CDATA[2024-11-12 13:42:26,227 INFO  EvoClassLoader - Seeing class for first time: libcore.io.Memory
2024-11-12 13:42:26,227 INFO  EvoClassLoader - Instrumenting class 'libcore.io.Memory'.
2024-11-12 13:42:26,227 INFO  EvoClassLoader - Error while loading class: java.lang.ClassNotFoundException: Class 'libcore/io/Memory.class' should be in target project, but could not be found!
2024-11-12 13:42:26,227 INFO  EvoClassLoader - Seeing class for first time: org.robolectric.Robolectric
2024-11-12 13:42:26,227 INFO  EvoClassLoader - Instrumenting class 'org.robolectric.Robolectric'.
2024-11-12 13:42:26,227 INFO  EvoClassLoader - Error while loading class: java.lang.ClassNotFoundException: Class 'org/robolectric/Robolectric.class' should be in target project, but could not be found!
2024-11-12 13:42:26,231 INFO  log - Logging initialized @8161ms to org.eclipse.jetty.util.log.Slf4jLog
]]></system-out>
  </testcase>
  <testcase name="test079" classname="org.apache.hadoop.hdfs.server.namenode.FsImageProto_ESTest" time="0.011">
    <system-out><![CDATA[2024-11-12 13:42:26,236 INFO  EvoClassLoader - Seeing class for first time: libcore.io.Memory
2024-11-12 13:42:26,236 INFO  EvoClassLoader - Instrumenting class 'libcore.io.Memory'.
2024-11-12 13:42:26,237 INFO  EvoClassLoader - Error while loading class: java.lang.ClassNotFoundException: Class 'libcore/io/Memory.class' should be in target project, but could not be found!
2024-11-12 13:42:26,237 INFO  EvoClassLoader - Seeing class for first time: org.robolectric.Robolectric
2024-11-12 13:42:26,237 INFO  EvoClassLoader - Instrumenting class 'org.robolectric.Robolectric'.
2024-11-12 13:42:26,237 INFO  EvoClassLoader - Error while loading class: java.lang.ClassNotFoundException: Class 'org/robolectric/Robolectric.class' should be in target project, but could not be found!
2024-11-12 13:42:26,242 INFO  log - Logging initialized @8172ms to org.eclipse.jetty.util.log.Slf4jLog
]]></system-out>
  </testcase>
  <testcase name="test112" classname="org.apache.hadoop.hdfs.server.namenode.FsImageProto_ESTest" time="0.007">
    <system-out><![CDATA[2024-11-12 13:42:26,248 INFO  EvoClassLoader - Seeing class for first time: libcore.io.Memory
2024-11-12 13:42:26,248 INFO  EvoClassLoader - Instrumenting class 'libcore.io.Memory'.
2024-11-12 13:42:26,248 INFO  EvoClassLoader - Error while loading class: java.lang.ClassNotFoundException: Class 'libcore/io/Memory.class' should be in target project, but could not be found!
2024-11-12 13:42:26,248 INFO  EvoClassLoader - Seeing class for first time: org.robolectric.Robolectric
2024-11-12 13:42:26,248 INFO  EvoClassLoader - Instrumenting class 'org.robolectric.Robolectric'.
2024-11-12 13:42:26,248 INFO  EvoClassLoader - Error while loading class: java.lang.ClassNotFoundException: Class 'org/robolectric/Robolectric.class' should be in target project, but could not be found!
2024-11-12 13:42:26,252 INFO  log - Logging initialized @8182ms to org.eclipse.jetty.util.log.Slf4jLog
]]></system-out>
  </testcase>
  <testcase name="test081" classname="org.apache.hadoop.hdfs.server.namenode.FsImageProto_ESTest" time="0.009">
    <system-out><![CDATA[2024-11-12 13:42:26,255 INFO  EvoClassLoader - Seeing class for first time: libcore.io.Memory
2024-11-12 13:42:26,255 INFO  EvoClassLoader - Instrumenting class 'libcore.io.Memory'.
2024-11-12 13:42:26,256 INFO  EvoClassLoader - Error while loading class: java.lang.ClassNotFoundException: Class 'libcore/io/Memory.class' should be in target project, but could not be found!
2024-11-12 13:42:26,256 INFO  EvoClassLoader - Seeing class for first time: org.robolectric.Robolectric
2024-11-12 13:42:26,256 INFO  EvoClassLoader - Instrumenting class 'org.robolectric.Robolectric'.
2024-11-12 13:42:26,256 INFO  EvoClassLoader - Error while loading class: java.lang.ClassNotFoundException: Class 'org/robolectric/Robolectric.class' should be in target project, but could not be found!
2024-11-12 13:42:26,260 INFO  log - Logging initialized @8190ms to org.eclipse.jetty.util.log.Slf4jLog
]]></system-out>
  </testcase>
  <testcase name="test080" classname="org.apache.hadoop.hdfs.server.namenode.FsImageProto_ESTest" time="0.009">
    <system-out><![CDATA[2024-11-12 13:42:26,264 INFO  EvoClassLoader - Seeing class for first time: libcore.io.Memory
2024-11-12 13:42:26,264 INFO  EvoClassLoader - Instrumenting class 'libcore.io.Memory'.
2024-11-12 13:42:26,265 INFO  EvoClassLoader - Error while loading class: java.lang.ClassNotFoundException: Class 'libcore/io/Memory.class' should be in target project, but could not be found!
2024-11-12 13:42:26,265 INFO  EvoClassLoader - Seeing class for first time: org.robolectric.Robolectric
2024-11-12 13:42:26,265 INFO  EvoClassLoader - Instrumenting class 'org.robolectric.Robolectric'.
2024-11-12 13:42:26,265 INFO  EvoClassLoader - Error while loading class: java.lang.ClassNotFoundException: Class 'org/robolectric/Robolectric.class' should be in target project, but could not be found!
2024-11-12 13:42:26,269 INFO  log - Logging initialized @8199ms to org.eclipse.jetty.util.log.Slf4jLog
]]></system-out>
  </testcase>
  <testcase name="test001" classname="org.apache.hadoop.hdfs.server.namenode.FsImageProto_ESTest" time="0.008">
    <system-out><![CDATA[2024-11-12 13:42:26,274 INFO  EvoClassLoader - Seeing class for first time: libcore.io.Memory
2024-11-12 13:42:26,274 INFO  EvoClassLoader - Instrumenting class 'libcore.io.Memory'.
2024-11-12 13:42:26,274 INFO  EvoClassLoader - Error while loading class: java.lang.ClassNotFoundException: Class 'libcore/io/Memory.class' should be in target project, but could not be found!
2024-11-12 13:42:26,274 INFO  EvoClassLoader - Seeing class for first time: org.robolectric.Robolectric
2024-11-12 13:42:26,274 INFO  EvoClassLoader - Instrumenting class 'org.robolectric.Robolectric'.
2024-11-12 13:42:26,274 INFO  EvoClassLoader - Error while loading class: java.lang.ClassNotFoundException: Class 'org/robolectric/Robolectric.class' should be in target project, but could not be found!
2024-11-12 13:42:26,278 INFO  log - Logging initialized @8208ms to org.eclipse.jetty.util.log.Slf4jLog
]]></system-out>
  </testcase>
  <testcase name="test089" classname="org.apache.hadoop.hdfs.server.namenode.FsImageProto_ESTest" time="0.013">
    <system-out><![CDATA[2024-11-12 13:42:26,285 INFO  EvoClassLoader - Seeing class for first time: libcore.io.Memory
2024-11-12 13:42:26,285 INFO  EvoClassLoader - Instrumenting class 'libcore.io.Memory'.
2024-11-12 13:42:26,285 INFO  EvoClassLoader - Error while loading class: java.lang.ClassNotFoundException: Class 'libcore/io/Memory.class' should be in target project, but could not be found!
2024-11-12 13:42:26,285 INFO  EvoClassLoader - Seeing class for first time: org.robolectric.Robolectric
2024-11-12 13:42:26,285 INFO  EvoClassLoader - Instrumenting class 'org.robolectric.Robolectric'.
2024-11-12 13:42:26,285 INFO  EvoClassLoader - Error while loading class: java.lang.ClassNotFoundException: Class 'org/robolectric/Robolectric.class' should be in target project, but could not be found!
2024-11-12 13:42:26,288 INFO  log - Logging initialized @8218ms to org.eclipse.jetty.util.log.Slf4jLog
]]></system-out>
  </testcase>
  <testcase name="test122" classname="org.apache.hadoop.hdfs.server.namenode.FsImageProto_ESTest" time="0.012">
    <system-out><![CDATA[2024-11-12 13:42:26,292 INFO  EvoClassLoader - Seeing class for first time: libcore.io.Memory
2024-11-12 13:42:26,292 INFO  EvoClassLoader - Instrumenting class 'libcore.io.Memory'.
2024-11-12 13:42:26,293 INFO  EvoClassLoader - Error while loading class: java.lang.ClassNotFoundException: Class 'libcore/io/Memory.class' should be in target project, but could not be found!
2024-11-12 13:42:26,293 INFO  EvoClassLoader - Seeing class for first time: org.robolectric.Robolectric
2024-11-12 13:42:26,293 INFO  EvoClassLoader - Instrumenting class 'org.robolectric.Robolectric'.
2024-11-12 13:42:26,293 INFO  EvoClassLoader - Error while loading class: java.lang.ClassNotFoundException: Class 'org/robolectric/Robolectric.class' should be in target project, but could not be found!
2024-11-12 13:42:26,297 INFO  log - Logging initialized @8227ms to org.eclipse.jetty.util.log.Slf4jLog
]]></system-out>
  </testcase>
  <testcase name="test000" classname="org.apache.hadoop.hdfs.server.namenode.FsImageProto_ESTest" time="0.012">
    <system-out><![CDATA[2024-11-12 13:42:26,307 INFO  EvoClassLoader - Seeing class for first time: libcore.io.Memory
2024-11-12 13:42:26,307 INFO  EvoClassLoader - Instrumenting class 'libcore.io.Memory'.
2024-11-12 13:42:26,309 INFO  EvoClassLoader - Error while loading class: java.lang.ClassNotFoundException: Class 'libcore/io/Memory.class' should be in target project, but could not be found!
2024-11-12 13:42:26,309 INFO  EvoClassLoader - Seeing class for first time: org.robolectric.Robolectric
2024-11-12 13:42:26,309 INFO  EvoClassLoader - Instrumenting class 'org.robolectric.Robolectric'.
2024-11-12 13:42:26,309 INFO  EvoClassLoader - Error while loading class: java.lang.ClassNotFoundException: Class 'org/robolectric/Robolectric.class' should be in target project, but could not be found!
2024-11-12 13:42:26,316 INFO  log - Logging initialized @8245ms to org.eclipse.jetty.util.log.Slf4jLog
]]></system-out>
  </testcase>
  <testcase name="test088" classname="org.apache.hadoop.hdfs.server.namenode.FsImageProto_ESTest" time="0.008">
    <system-out><![CDATA[2024-11-12 13:42:26,320 INFO  EvoClassLoader - Seeing class for first time: libcore.io.Memory
2024-11-12 13:42:26,320 INFO  EvoClassLoader - Instrumenting class 'libcore.io.Memory'.
2024-11-12 13:42:26,321 INFO  EvoClassLoader - Error while loading class: java.lang.ClassNotFoundException: Class 'libcore/io/Memory.class' should be in target project, but could not be found!
2024-11-12 13:42:26,321 INFO  EvoClassLoader - Seeing class for first time: org.robolectric.Robolectric
2024-11-12 13:42:26,321 INFO  EvoClassLoader - Instrumenting class 'org.robolectric.Robolectric'.
2024-11-12 13:42:26,321 INFO  EvoClassLoader - Error while loading class: java.lang.ClassNotFoundException: Class 'org/robolectric/Robolectric.class' should be in target project, but could not be found!
2024-11-12 13:42:26,324 INFO  log - Logging initialized @8254ms to org.eclipse.jetty.util.log.Slf4jLog
]]></system-out>
  </testcase>
  <testcase name="test121" classname="org.apache.hadoop.hdfs.server.namenode.FsImageProto_ESTest" time="0.01">
    <system-out><![CDATA[2024-11-12 13:42:26,330 INFO  EvoClassLoader - Seeing class for first time: libcore.io.Memory
2024-11-12 13:42:26,330 INFO  EvoClassLoader - Instrumenting class 'libcore.io.Memory'.
2024-11-12 13:42:26,330 INFO  EvoClassLoader - Error while loading class: java.lang.ClassNotFoundException: Class 'libcore/io/Memory.class' should be in target project, but could not be found!
2024-11-12 13:42:26,330 INFO  EvoClassLoader - Seeing class for first time: org.robolectric.Robolectric
2024-11-12 13:42:26,330 INFO  EvoClassLoader - Instrumenting class 'org.robolectric.Robolectric'.
2024-11-12 13:42:26,330 INFO  EvoClassLoader - Error while loading class: java.lang.ClassNotFoundException: Class 'org/robolectric/Robolectric.class' should be in target project, but could not be found!
2024-11-12 13:42:26,333 INFO  log - Logging initialized @8263ms to org.eclipse.jetty.util.log.Slf4jLog
]]></system-out>
  </testcase>
  <testcase name="test087" classname="org.apache.hadoop.hdfs.server.namenode.FsImageProto_ESTest" time="0.008">
    <system-out><![CDATA[2024-11-12 13:42:26,339 INFO  EvoClassLoader - Seeing class for first time: libcore.io.Memory
2024-11-12 13:42:26,339 INFO  EvoClassLoader - Instrumenting class 'libcore.io.Memory'.
2024-11-12 13:42:26,339 INFO  EvoClassLoader - Error while loading class: java.lang.ClassNotFoundException: Class 'libcore/io/Memory.class' should be in target project, but could not be found!
2024-11-12 13:42:26,339 INFO  EvoClassLoader - Seeing class for first time: org.robolectric.Robolectric
2024-11-12 13:42:26,339 INFO  EvoClassLoader - Instrumenting class 'org.robolectric.Robolectric'.
2024-11-12 13:42:26,339 INFO  EvoClassLoader - Error while loading class: java.lang.ClassNotFoundException: Class 'org/robolectric/Robolectric.class' should be in target project, but could not be found!
2024-11-12 13:42:26,343 INFO  log - Logging initialized @8273ms to org.eclipse.jetty.util.log.Slf4jLog
]]></system-out>
  </testcase>
  <testcase name="test120" classname="org.apache.hadoop.hdfs.server.namenode.FsImageProto_ESTest" time="0.01">
    <system-out><![CDATA[2024-11-12 13:42:26,347 INFO  EvoClassLoader - Seeing class for first time: libcore.io.Memory
2024-11-12 13:42:26,347 INFO  EvoClassLoader - Instrumenting class 'libcore.io.Memory'.
2024-11-12 13:42:26,347 INFO  EvoClassLoader - Error while loading class: java.lang.ClassNotFoundException: Class 'libcore/io/Memory.class' should be in target project, but could not be found!
2024-11-12 13:42:26,347 INFO  EvoClassLoader - Seeing class for first time: org.robolectric.Robolectric
2024-11-12 13:42:26,347 INFO  EvoClassLoader - Instrumenting class 'org.robolectric.Robolectric'.
2024-11-12 13:42:26,347 INFO  EvoClassLoader - Error while loading class: java.lang.ClassNotFoundException: Class 'org/robolectric/Robolectric.class' should be in target project, but could not be found!
2024-11-12 13:42:26,351 INFO  log - Logging initialized @8281ms to org.eclipse.jetty.util.log.Slf4jLog
]]></system-out>
  </testcase>
  <testcase name="test086" classname="org.apache.hadoop.hdfs.server.namenode.FsImageProto_ESTest" time="0.012">
    <system-out><![CDATA[2024-11-12 13:42:26,355 INFO  EvoClassLoader - Seeing class for first time: libcore.io.Memory
2024-11-12 13:42:26,355 INFO  EvoClassLoader - Instrumenting class 'libcore.io.Memory'.
2024-11-12 13:42:26,356 INFO  EvoClassLoader - Error while loading class: java.lang.ClassNotFoundException: Class 'libcore/io/Memory.class' should be in target project, but could not be found!
2024-11-12 13:42:26,356 INFO  EvoClassLoader - Seeing class for first time: org.robolectric.Robolectric
2024-11-12 13:42:26,356 INFO  EvoClassLoader - Instrumenting class 'org.robolectric.Robolectric'.
2024-11-12 13:42:26,356 INFO  EvoClassLoader - Error while loading class: java.lang.ClassNotFoundException: Class 'org/robolectric/Robolectric.class' should be in target project, but could not be found!
2024-11-12 13:42:26,360 INFO  log - Logging initialized @8290ms to org.eclipse.jetty.util.log.Slf4jLog
]]></system-out>
  </testcase>
  <testcase name="test085" classname="org.apache.hadoop.hdfs.server.namenode.FsImageProto_ESTest" time="0.019">
    <system-out><![CDATA[2024-11-12 13:42:26,365 INFO  EvoClassLoader - Seeing class for first time: libcore.io.Memory
2024-11-12 13:42:26,365 INFO  EvoClassLoader - Instrumenting class 'libcore.io.Memory'.
2024-11-12 13:42:26,365 INFO  EvoClassLoader - Error while loading class: java.lang.ClassNotFoundException: Class 'libcore/io/Memory.class' should be in target project, but could not be found!
2024-11-12 13:42:26,365 INFO  EvoClassLoader - Seeing class for first time: org.robolectric.Robolectric
2024-11-12 13:42:26,365 INFO  EvoClassLoader - Instrumenting class 'org.robolectric.Robolectric'.
2024-11-12 13:42:26,366 INFO  EvoClassLoader - Error while loading class: java.lang.ClassNotFoundException: Class 'org/robolectric/Robolectric.class' should be in target project, but could not be found!
2024-11-12 13:42:26,371 INFO  log - Logging initialized @8301ms to org.eclipse.jetty.util.log.Slf4jLog
]]></system-out>
  </testcase>
  <testcase name="test084" classname="org.apache.hadoop.hdfs.server.namenode.FsImageProto_ESTest" time="0.008">
    <system-out><![CDATA[2024-11-12 13:42:26,386 INFO  EvoClassLoader - Seeing class for first time: libcore.io.Memory
2024-11-12 13:42:26,386 INFO  EvoClassLoader - Instrumenting class 'libcore.io.Memory'.
2024-11-12 13:42:26,386 INFO  EvoClassLoader - Error while loading class: java.lang.ClassNotFoundException: Class 'libcore/io/Memory.class' should be in target project, but could not be found!
2024-11-12 13:42:26,386 INFO  EvoClassLoader - Seeing class for first time: org.robolectric.Robolectric
2024-11-12 13:42:26,386 INFO  EvoClassLoader - Instrumenting class 'org.robolectric.Robolectric'.
2024-11-12 13:42:26,386 INFO  EvoClassLoader - Error while loading class: java.lang.ClassNotFoundException: Class 'org/robolectric/Robolectric.class' should be in target project, but could not be found!
2024-11-12 13:42:26,391 INFO  log - Logging initialized @8321ms to org.eclipse.jetty.util.log.Slf4jLog
]]></system-out>
  </testcase>
  <testcase name="test083" classname="org.apache.hadoop.hdfs.server.namenode.FsImageProto_ESTest" time="0.01">
    <system-out><![CDATA[2024-11-12 13:42:26,396 INFO  EvoClassLoader - Seeing class for first time: libcore.io.Memory
2024-11-12 13:42:26,396 INFO  EvoClassLoader - Instrumenting class 'libcore.io.Memory'.
2024-11-12 13:42:26,396 INFO  EvoClassLoader - Error while loading class: java.lang.ClassNotFoundException: Class 'libcore/io/Memory.class' should be in target project, but could not be found!
2024-11-12 13:42:26,396 INFO  EvoClassLoader - Seeing class for first time: org.robolectric.Robolectric
2024-11-12 13:42:26,396 INFO  EvoClassLoader - Instrumenting class 'org.robolectric.Robolectric'.
2024-11-12 13:42:26,397 INFO  EvoClassLoader - Error while loading class: java.lang.ClassNotFoundException: Class 'org/robolectric/Robolectric.class' should be in target project, but could not be found!
2024-11-12 13:42:26,401 INFO  log - Logging initialized @8331ms to org.eclipse.jetty.util.log.Slf4jLog
]]></system-out>
  </testcase>
  <testcase name="test082" classname="org.apache.hadoop.hdfs.server.namenode.FsImageProto_ESTest" time="0.013">
    <system-out><![CDATA[2024-11-12 13:42:26,408 INFO  EvoClassLoader - Seeing class for first time: libcore.io.Memory
2024-11-12 13:42:26,408 INFO  EvoClassLoader - Instrumenting class 'libcore.io.Memory'.
2024-11-12 13:42:26,408 INFO  EvoClassLoader - Error while loading class: java.lang.ClassNotFoundException: Class 'libcore/io/Memory.class' should be in target project, but could not be found!
2024-11-12 13:42:26,408 INFO  EvoClassLoader - Seeing class for first time: org.robolectric.Robolectric
2024-11-12 13:42:26,408 INFO  EvoClassLoader - Instrumenting class 'org.robolectric.Robolectric'.
2024-11-12 13:42:26,409 INFO  EvoClassLoader - Error while loading class: java.lang.ClassNotFoundException: Class 'org/robolectric/Robolectric.class' should be in target project, but could not be found!
2024-11-12 13:42:26,413 INFO  log - Logging initialized @8343ms to org.eclipse.jetty.util.log.Slf4jLog
]]></system-out>
  </testcase>
  <testcase name="test108" classname="org.apache.hadoop.hdfs.server.namenode.FsImageProto_ESTest" time="0.012">
    <system-out><![CDATA[2024-11-12 13:42:26,419 INFO  EvoClassLoader - Seeing class for first time: libcore.io.Memory
2024-11-12 13:42:26,419 INFO  EvoClassLoader - Instrumenting class 'libcore.io.Memory'.
2024-11-12 13:42:26,420 INFO  EvoClassLoader - Error while loading class: java.lang.ClassNotFoundException: Class 'libcore/io/Memory.class' should be in target project, but could not be found!
2024-11-12 13:42:26,420 INFO  EvoClassLoader - Seeing class for first time: org.robolectric.Robolectric
2024-11-12 13:42:26,420 INFO  EvoClassLoader - Instrumenting class 'org.robolectric.Robolectric'.
2024-11-12 13:42:26,420 INFO  EvoClassLoader - Error while loading class: java.lang.ClassNotFoundException: Class 'org/robolectric/Robolectric.class' should be in target project, but could not be found!
2024-11-12 13:42:26,426 INFO  log - Logging initialized @8356ms to org.eclipse.jetty.util.log.Slf4jLog
]]></system-out>
  </testcase>
  <testcase name="test107" classname="org.apache.hadoop.hdfs.server.namenode.FsImageProto_ESTest" time="0.011">
    <system-out><![CDATA[2024-11-12 13:42:26,432 INFO  EvoClassLoader - Seeing class for first time: libcore.io.Memory
2024-11-12 13:42:26,432 INFO  EvoClassLoader - Instrumenting class 'libcore.io.Memory'.
2024-11-12 13:42:26,433 INFO  EvoClassLoader - Error while loading class: java.lang.ClassNotFoundException: Class 'libcore/io/Memory.class' should be in target project, but could not be found!
2024-11-12 13:42:26,433 INFO  EvoClassLoader - Seeing class for first time: org.robolectric.Robolectric
2024-11-12 13:42:26,433 INFO  EvoClassLoader - Instrumenting class 'org.robolectric.Robolectric'.
2024-11-12 13:42:26,433 INFO  EvoClassLoader - Error while loading class: java.lang.ClassNotFoundException: Class 'org/robolectric/Robolectric.class' should be in target project, but could not be found!
2024-11-12 13:42:26,438 INFO  log - Logging initialized @8368ms to org.eclipse.jetty.util.log.Slf4jLog
]]></system-out>
  </testcase>
  <testcase name="test106" classname="org.apache.hadoop.hdfs.server.namenode.FsImageProto_ESTest" time="0.011">
    <system-out><![CDATA[2024-11-12 13:42:26,444 INFO  EvoClassLoader - Seeing class for first time: libcore.io.Memory
2024-11-12 13:42:26,444 INFO  EvoClassLoader - Instrumenting class 'libcore.io.Memory'.
2024-11-12 13:42:26,444 INFO  EvoClassLoader - Error while loading class: java.lang.ClassNotFoundException: Class 'libcore/io/Memory.class' should be in target project, but could not be found!
2024-11-12 13:42:26,444 INFO  EvoClassLoader - Seeing class for first time: org.robolectric.Robolectric
2024-11-12 13:42:26,444 INFO  EvoClassLoader - Instrumenting class 'org.robolectric.Robolectric'.
2024-11-12 13:42:26,444 INFO  EvoClassLoader - Error while loading class: java.lang.ClassNotFoundException: Class 'org/robolectric/Robolectric.class' should be in target project, but could not be found!
2024-11-12 13:42:26,448 INFO  log - Logging initialized @8378ms to org.eclipse.jetty.util.log.Slf4jLog
]]></system-out>
  </testcase>
  <testcase name="test105" classname="org.apache.hadoop.hdfs.server.namenode.FsImageProto_ESTest" time="0.011">
    <system-out><![CDATA[2024-11-12 13:42:26,455 INFO  EvoClassLoader - Seeing class for first time: libcore.io.Memory
2024-11-12 13:42:26,455 INFO  EvoClassLoader - Instrumenting class 'libcore.io.Memory'.
2024-11-12 13:42:26,455 INFO  EvoClassLoader - Error while loading class: java.lang.ClassNotFoundException: Class 'libcore/io/Memory.class' should be in target project, but could not be found!
2024-11-12 13:42:26,455 INFO  EvoClassLoader - Seeing class for first time: org.robolectric.Robolectric
2024-11-12 13:42:26,455 INFO  EvoClassLoader - Instrumenting class 'org.robolectric.Robolectric'.
2024-11-12 13:42:26,455 INFO  EvoClassLoader - Error while loading class: java.lang.ClassNotFoundException: Class 'org/robolectric/Robolectric.class' should be in target project, but could not be found!
2024-11-12 13:42:26,460 INFO  log - Logging initialized @8390ms to org.eclipse.jetty.util.log.Slf4jLog
]]></system-out>
  </testcase>
  <testcase name="test104" classname="org.apache.hadoop.hdfs.server.namenode.FsImageProto_ESTest" time="0.009">
    <system-out><![CDATA[2024-11-12 13:42:26,466 INFO  EvoClassLoader - Seeing class for first time: libcore.io.Memory
2024-11-12 13:42:26,466 INFO  EvoClassLoader - Instrumenting class 'libcore.io.Memory'.
2024-11-12 13:42:26,466 INFO  EvoClassLoader - Error while loading class: java.lang.ClassNotFoundException: Class 'libcore/io/Memory.class' should be in target project, but could not be found!
2024-11-12 13:42:26,466 INFO  EvoClassLoader - Seeing class for first time: org.robolectric.Robolectric
2024-11-12 13:42:26,466 INFO  EvoClassLoader - Instrumenting class 'org.robolectric.Robolectric'.
2024-11-12 13:42:26,466 INFO  EvoClassLoader - Error while loading class: java.lang.ClassNotFoundException: Class 'org/robolectric/Robolectric.class' should be in target project, but could not be found!
2024-11-12 13:42:26,470 INFO  log - Logging initialized @8400ms to org.eclipse.jetty.util.log.Slf4jLog
]]></system-out>
  </testcase>
  <testcase name="test103" classname="org.apache.hadoop.hdfs.server.namenode.FsImageProto_ESTest" time="0.008">
    <system-out><![CDATA[2024-11-12 13:42:26,475 INFO  EvoClassLoader - Seeing class for first time: libcore.io.Memory
2024-11-12 13:42:26,475 INFO  EvoClassLoader - Instrumenting class 'libcore.io.Memory'.
2024-11-12 13:42:26,475 INFO  EvoClassLoader - Error while loading class: java.lang.ClassNotFoundException: Class 'libcore/io/Memory.class' should be in target project, but could not be found!
2024-11-12 13:42:26,475 INFO  EvoClassLoader - Seeing class for first time: org.robolectric.Robolectric
2024-11-12 13:42:26,475 INFO  EvoClassLoader - Instrumenting class 'org.robolectric.Robolectric'.
2024-11-12 13:42:26,475 INFO  EvoClassLoader - Error while loading class: java.lang.ClassNotFoundException: Class 'org/robolectric/Robolectric.class' should be in target project, but could not be found!
2024-11-12 13:42:26,479 INFO  log - Logging initialized @8409ms to org.eclipse.jetty.util.log.Slf4jLog
]]></system-out>
  </testcase>
  <testcase name="test069" classname="org.apache.hadoop.hdfs.server.namenode.FsImageProto_ESTest" time="0.008">
    <system-out><![CDATA[2024-11-12 13:42:26,483 INFO  EvoClassLoader - Seeing class for first time: libcore.io.Memory
2024-11-12 13:42:26,483 INFO  EvoClassLoader - Instrumenting class 'libcore.io.Memory'.
2024-11-12 13:42:26,483 INFO  EvoClassLoader - Error while loading class: java.lang.ClassNotFoundException: Class 'libcore/io/Memory.class' should be in target project, but could not be found!
2024-11-12 13:42:26,483 INFO  EvoClassLoader - Seeing class for first time: org.robolectric.Robolectric
2024-11-12 13:42:26,483 INFO  EvoClassLoader - Instrumenting class 'org.robolectric.Robolectric'.
2024-11-12 13:42:26,483 INFO  EvoClassLoader - Error while loading class: java.lang.ClassNotFoundException: Class 'org/robolectric/Robolectric.class' should be in target project, but could not be found!
2024-11-12 13:42:26,487 INFO  log - Logging initialized @8417ms to org.eclipse.jetty.util.log.Slf4jLog
]]></system-out>
  </testcase>
  <testcase name="test102" classname="org.apache.hadoop.hdfs.server.namenode.FsImageProto_ESTest" time="0.01">
    <system-out><![CDATA[2024-11-12 13:42:26,493 INFO  EvoClassLoader - Seeing class for first time: libcore.io.Memory
2024-11-12 13:42:26,493 INFO  EvoClassLoader - Instrumenting class 'libcore.io.Memory'.
2024-11-12 13:42:26,493 INFO  EvoClassLoader - Error while loading class: java.lang.ClassNotFoundException: Class 'libcore/io/Memory.class' should be in target project, but could not be found!
2024-11-12 13:42:26,493 INFO  EvoClassLoader - Seeing class for first time: org.robolectric.Robolectric
2024-11-12 13:42:26,493 INFO  EvoClassLoader - Instrumenting class 'org.robolectric.Robolectric'.
2024-11-12 13:42:26,493 INFO  EvoClassLoader - Error while loading class: java.lang.ClassNotFoundException: Class 'org/robolectric/Robolectric.class' should be in target project, but could not be found!
2024-11-12 13:42:26,497 INFO  log - Logging initialized @8427ms to org.eclipse.jetty.util.log.Slf4jLog
]]></system-out>
  </testcase>
  <testcase name="test068" classname="org.apache.hadoop.hdfs.server.namenode.FsImageProto_ESTest" time="0.011">
    <system-out><![CDATA[2024-11-12 13:42:26,504 INFO  EvoClassLoader - Seeing class for first time: libcore.io.Memory
2024-11-12 13:42:26,504 INFO  EvoClassLoader - Instrumenting class 'libcore.io.Memory'.
2024-11-12 13:42:26,504 INFO  EvoClassLoader - Error while loading class: java.lang.ClassNotFoundException: Class 'libcore/io/Memory.class' should be in target project, but could not be found!
2024-11-12 13:42:26,504 INFO  EvoClassLoader - Seeing class for first time: org.robolectric.Robolectric
2024-11-12 13:42:26,504 INFO  EvoClassLoader - Instrumenting class 'org.robolectric.Robolectric'.
2024-11-12 13:42:26,504 INFO  EvoClassLoader - Error while loading class: java.lang.ClassNotFoundException: Class 'org/robolectric/Robolectric.class' should be in target project, but could not be found!
2024-11-12 13:42:26,508 INFO  log - Logging initialized @8438ms to org.eclipse.jetty.util.log.Slf4jLog
]]></system-out>
  </testcase>
  <testcase name="test101" classname="org.apache.hadoop.hdfs.server.namenode.FsImageProto_ESTest" time="0.012">
    <system-out><![CDATA[2024-11-12 13:42:26,513 INFO  EvoClassLoader - Seeing class for first time: libcore.io.Memory
2024-11-12 13:42:26,513 INFO  EvoClassLoader - Instrumenting class 'libcore.io.Memory'.
2024-11-12 13:42:26,513 INFO  EvoClassLoader - Error while loading class: java.lang.ClassNotFoundException: Class 'libcore/io/Memory.class' should be in target project, but could not be found!
2024-11-12 13:42:26,513 INFO  EvoClassLoader - Seeing class for first time: org.robolectric.Robolectric
2024-11-12 13:42:26,513 INFO  EvoClassLoader - Instrumenting class 'org.robolectric.Robolectric'.
2024-11-12 13:42:26,513 INFO  EvoClassLoader - Error while loading class: java.lang.ClassNotFoundException: Class 'org/robolectric/Robolectric.class' should be in target project, but could not be found!
2024-11-12 13:42:26,519 INFO  log - Logging initialized @8449ms to org.eclipse.jetty.util.log.Slf4jLog
]]></system-out>
  </testcase>
  <testcase name="test109" classname="org.apache.hadoop.hdfs.server.namenode.FsImageProto_ESTest" time="0.01">
    <system-out><![CDATA[2024-11-12 13:42:26,524 INFO  EvoClassLoader - Seeing class for first time: libcore.io.Memory
2024-11-12 13:42:26,524 INFO  EvoClassLoader - Instrumenting class 'libcore.io.Memory'.
2024-11-12 13:42:26,525 INFO  EvoClassLoader - Error while loading class: java.lang.ClassNotFoundException: Class 'libcore/io/Memory.class' should be in target project, but could not be found!
2024-11-12 13:42:26,525 INFO  EvoClassLoader - Seeing class for first time: org.robolectric.Robolectric
2024-11-12 13:42:26,525 INFO  EvoClassLoader - Instrumenting class 'org.robolectric.Robolectric'.
2024-11-12 13:42:26,525 INFO  EvoClassLoader - Error while loading class: java.lang.ClassNotFoundException: Class 'org/robolectric/Robolectric.class' should be in target project, but could not be found!
2024-11-12 13:42:26,530 INFO  log - Logging initialized @8460ms to org.eclipse.jetty.util.log.Slf4jLog
]]></system-out>
  </testcase>
  <testcase name="test070" classname="org.apache.hadoop.hdfs.server.namenode.FsImageProto_ESTest" time="0.009">
    <system-out><![CDATA[2024-11-12 13:42:26,535 INFO  EvoClassLoader - Seeing class for first time: libcore.io.Memory
2024-11-12 13:42:26,535 INFO  EvoClassLoader - Instrumenting class 'libcore.io.Memory'.
2024-11-12 13:42:26,535 INFO  EvoClassLoader - Error while loading class: java.lang.ClassNotFoundException: Class 'libcore/io/Memory.class' should be in target project, but could not be found!
2024-11-12 13:42:26,535 INFO  EvoClassLoader - Seeing class for first time: org.robolectric.Robolectric
2024-11-12 13:42:26,535 INFO  EvoClassLoader - Instrumenting class 'org.robolectric.Robolectric'.
2024-11-12 13:42:26,535 INFO  EvoClassLoader - Error while loading class: java.lang.ClassNotFoundException: Class 'org/robolectric/Robolectric.class' should be in target project, but could not be found!
2024-11-12 13:42:26,539 INFO  log - Logging initialized @8469ms to org.eclipse.jetty.util.log.Slf4jLog
]]></system-out>
  </testcase>
  <testcase name="test078" classname="org.apache.hadoop.hdfs.server.namenode.FsImageProto_ESTest" time="0.013">
    <system-out><![CDATA[2024-11-12 13:42:26,544 INFO  EvoClassLoader - Seeing class for first time: libcore.io.Memory
2024-11-12 13:42:26,544 INFO  EvoClassLoader - Instrumenting class 'libcore.io.Memory'.
2024-11-12 13:42:26,545 INFO  EvoClassLoader - Error while loading class: java.lang.ClassNotFoundException: Class 'libcore/io/Memory.class' should be in target project, but could not be found!
2024-11-12 13:42:26,545 INFO  EvoClassLoader - Seeing class for first time: org.robolectric.Robolectric
2024-11-12 13:42:26,545 INFO  EvoClassLoader - Instrumenting class 'org.robolectric.Robolectric'.
2024-11-12 13:42:26,545 INFO  EvoClassLoader - Error while loading class: java.lang.ClassNotFoundException: Class 'org/robolectric/Robolectric.class' should be in target project, but could not be found!
2024-11-12 13:42:26,549 INFO  log - Logging initialized @8479ms to org.eclipse.jetty.util.log.Slf4jLog
]]></system-out>
  </testcase>
  <testcase name="test111" classname="org.apache.hadoop.hdfs.server.namenode.FsImageProto_ESTest" time="0.01">
    <system-out><![CDATA[2024-11-12 13:42:26,555 INFO  EvoClassLoader - Seeing class for first time: libcore.io.Memory
2024-11-12 13:42:26,555 INFO  EvoClassLoader - Instrumenting class 'libcore.io.Memory'.
2024-11-12 13:42:26,555 INFO  EvoClassLoader - Error while loading class: java.lang.ClassNotFoundException: Class 'libcore/io/Memory.class' should be in target project, but could not be found!
2024-11-12 13:42:26,555 INFO  EvoClassLoader - Seeing class for first time: org.robolectric.Robolectric
2024-11-12 13:42:26,555 INFO  EvoClassLoader - Instrumenting class 'org.robolectric.Robolectric'.
2024-11-12 13:42:26,556 INFO  EvoClassLoader - Error while loading class: java.lang.ClassNotFoundException: Class 'org/robolectric/Robolectric.class' should be in target project, but could not be found!
2024-11-12 13:42:26,561 INFO  log - Logging initialized @8491ms to org.eclipse.jetty.util.log.Slf4jLog
]]></system-out>
  </testcase>
  <testcase name="test077" classname="org.apache.hadoop.hdfs.server.namenode.FsImageProto_ESTest" time="0.009">
    <system-out><![CDATA[2024-11-12 13:42:26,567 INFO  EvoClassLoader - Seeing class for first time: libcore.io.Memory
2024-11-12 13:42:26,567 INFO  EvoClassLoader - Instrumenting class 'libcore.io.Memory'.
2024-11-12 13:42:26,568 INFO  EvoClassLoader - Error while loading class: java.lang.ClassNotFoundException: Class 'libcore/io/Memory.class' should be in target project, but could not be found!
2024-11-12 13:42:26,568 INFO  EvoClassLoader - Seeing class for first time: org.robolectric.Robolectric
2024-11-12 13:42:26,568 INFO  EvoClassLoader - Instrumenting class 'org.robolectric.Robolectric'.
2024-11-12 13:42:26,568 INFO  EvoClassLoader - Error while loading class: java.lang.ClassNotFoundException: Class 'org/robolectric/Robolectric.class' should be in target project, but could not be found!
2024-11-12 13:42:26,571 INFO  log - Logging initialized @8501ms to org.eclipse.jetty.util.log.Slf4jLog
]]></system-out>
  </testcase>
  <testcase name="test110" classname="org.apache.hadoop.hdfs.server.namenode.FsImageProto_ESTest" time="0.01">
    <system-out><![CDATA[2024-11-12 13:42:26,576 INFO  EvoClassLoader - Seeing class for first time: libcore.io.Memory
2024-11-12 13:42:26,576 INFO  EvoClassLoader - Instrumenting class 'libcore.io.Memory'.
2024-11-12 13:42:26,576 INFO  EvoClassLoader - Error while loading class: java.lang.ClassNotFoundException: Class 'libcore/io/Memory.class' should be in target project, but could not be found!
2024-11-12 13:42:26,576 INFO  EvoClassLoader - Seeing class for first time: org.robolectric.Robolectric
2024-11-12 13:42:26,576 INFO  EvoClassLoader - Instrumenting class 'org.robolectric.Robolectric'.
2024-11-12 13:42:26,576 INFO  EvoClassLoader - Error while loading class: java.lang.ClassNotFoundException: Class 'org/robolectric/Robolectric.class' should be in target project, but could not be found!
2024-11-12 13:42:26,579 INFO  log - Logging initialized @8509ms to org.eclipse.jetty.util.log.Slf4jLog
]]></system-out>
  </testcase>
  <testcase name="test076" classname="org.apache.hadoop.hdfs.server.namenode.FsImageProto_ESTest" time="0.013">
    <system-out><![CDATA[2024-11-12 13:42:26,585 INFO  EvoClassLoader - Seeing class for first time: libcore.io.Memory
2024-11-12 13:42:26,585 INFO  EvoClassLoader - Instrumenting class 'libcore.io.Memory'.
2024-11-12 13:42:26,585 INFO  EvoClassLoader - Error while loading class: java.lang.ClassNotFoundException: Class 'libcore/io/Memory.class' should be in target project, but could not be found!
2024-11-12 13:42:26,585 INFO  EvoClassLoader - Seeing class for first time: org.robolectric.Robolectric
2024-11-12 13:42:26,585 INFO  EvoClassLoader - Instrumenting class 'org.robolectric.Robolectric'.
2024-11-12 13:42:26,586 INFO  EvoClassLoader - Error while loading class: java.lang.ClassNotFoundException: Class 'org/robolectric/Robolectric.class' should be in target project, but could not be found!
2024-11-12 13:42:26,592 INFO  log - Logging initialized @8522ms to org.eclipse.jetty.util.log.Slf4jLog
]]></system-out>
  </testcase>
  <testcase name="test075" classname="org.apache.hadoop.hdfs.server.namenode.FsImageProto_ESTest" time="0.009">
    <system-out><![CDATA[2024-11-12 13:42:26,597 INFO  EvoClassLoader - Seeing class for first time: libcore.io.Memory
2024-11-12 13:42:26,597 INFO  EvoClassLoader - Instrumenting class 'libcore.io.Memory'.
2024-11-12 13:42:26,598 INFO  EvoClassLoader - Error while loading class: java.lang.ClassNotFoundException: Class 'libcore/io/Memory.class' should be in target project, but could not be found!
2024-11-12 13:42:26,598 INFO  EvoClassLoader - Seeing class for first time: org.robolectric.Robolectric
2024-11-12 13:42:26,598 INFO  EvoClassLoader - Instrumenting class 'org.robolectric.Robolectric'.
2024-11-12 13:42:26,598 INFO  EvoClassLoader - Error while loading class: java.lang.ClassNotFoundException: Class 'org/robolectric/Robolectric.class' should be in target project, but could not be found!
2024-11-12 13:42:26,603 INFO  log - Logging initialized @8533ms to org.eclipse.jetty.util.log.Slf4jLog
]]></system-out>
  </testcase>
  <testcase name="test074" classname="org.apache.hadoop.hdfs.server.namenode.FsImageProto_ESTest" time="0.01">
    <system-out><![CDATA[2024-11-12 13:42:26,607 INFO  EvoClassLoader - Seeing class for first time: libcore.io.Memory
2024-11-12 13:42:26,607 INFO  EvoClassLoader - Instrumenting class 'libcore.io.Memory'.
2024-11-12 13:42:26,608 INFO  EvoClassLoader - Error while loading class: java.lang.ClassNotFoundException: Class 'libcore/io/Memory.class' should be in target project, but could not be found!
2024-11-12 13:42:26,608 INFO  EvoClassLoader - Seeing class for first time: org.robolectric.Robolectric
2024-11-12 13:42:26,608 INFO  EvoClassLoader - Instrumenting class 'org.robolectric.Robolectric'.
2024-11-12 13:42:26,608 INFO  EvoClassLoader - Error while loading class: java.lang.ClassNotFoundException: Class 'org/robolectric/Robolectric.class' should be in target project, but could not be found!
2024-11-12 13:42:26,611 INFO  log - Logging initialized @8541ms to org.eclipse.jetty.util.log.Slf4jLog
]]></system-out>
  </testcase>
  <testcase name="test073" classname="org.apache.hadoop.hdfs.server.namenode.FsImageProto_ESTest" time="0.009">
    <system-out><![CDATA[2024-11-12 13:42:26,617 INFO  EvoClassLoader - Seeing class for first time: libcore.io.Memory
2024-11-12 13:42:26,617 INFO  EvoClassLoader - Instrumenting class 'libcore.io.Memory'.
2024-11-12 13:42:26,617 INFO  EvoClassLoader - Error while loading class: java.lang.ClassNotFoundException: Class 'libcore/io/Memory.class' should be in target project, but could not be found!
2024-11-12 13:42:26,617 INFO  EvoClassLoader - Seeing class for first time: org.robolectric.Robolectric
2024-11-12 13:42:26,617 INFO  EvoClassLoader - Instrumenting class 'org.robolectric.Robolectric'.
2024-11-12 13:42:26,617 INFO  EvoClassLoader - Error while loading class: java.lang.ClassNotFoundException: Class 'org/robolectric/Robolectric.class' should be in target project, but could not be found!
2024-11-12 13:42:26,622 INFO  log - Logging initialized @8552ms to org.eclipse.jetty.util.log.Slf4jLog
]]></system-out>
  </testcase>
  <testcase name="test072" classname="org.apache.hadoop.hdfs.server.namenode.FsImageProto_ESTest" time="0.011">
    <system-out><![CDATA[2024-11-12 13:42:26,627 INFO  EvoClassLoader - Seeing class for first time: libcore.io.Memory
2024-11-12 13:42:26,627 INFO  EvoClassLoader - Instrumenting class 'libcore.io.Memory'.
2024-11-12 13:42:26,627 INFO  EvoClassLoader - Error while loading class: java.lang.ClassNotFoundException: Class 'libcore/io/Memory.class' should be in target project, but could not be found!
2024-11-12 13:42:26,627 INFO  EvoClassLoader - Seeing class for first time: org.robolectric.Robolectric
2024-11-12 13:42:26,627 INFO  EvoClassLoader - Instrumenting class 'org.robolectric.Robolectric'.
2024-11-12 13:42:26,628 INFO  EvoClassLoader - Error while loading class: java.lang.ClassNotFoundException: Class 'org/robolectric/Robolectric.class' should be in target project, but could not be found!
2024-11-12 13:42:26,632 INFO  log - Logging initialized @8562ms to org.eclipse.jetty.util.log.Slf4jLog
]]></system-out>
  </testcase>
  <testcase name="test071" classname="org.apache.hadoop.hdfs.server.namenode.FsImageProto_ESTest" time="0.007">
    <system-out><![CDATA[2024-11-12 13:42:26,637 INFO  EvoClassLoader - Seeing class for first time: libcore.io.Memory
2024-11-12 13:42:26,637 INFO  EvoClassLoader - Instrumenting class 'libcore.io.Memory'.
2024-11-12 13:42:26,637 INFO  EvoClassLoader - Error while loading class: java.lang.ClassNotFoundException: Class 'libcore/io/Memory.class' should be in target project, but could not be found!
2024-11-12 13:42:26,637 INFO  EvoClassLoader - Seeing class for first time: org.robolectric.Robolectric
2024-11-12 13:42:26,637 INFO  EvoClassLoader - Instrumenting class 'org.robolectric.Robolectric'.
2024-11-12 13:42:26,637 INFO  EvoClassLoader - Error while loading class: java.lang.ClassNotFoundException: Class 'org/robolectric/Robolectric.class' should be in target project, but could not be found!
2024-11-12 13:42:26,641 INFO  log - Logging initialized @8571ms to org.eclipse.jetty.util.log.Slf4jLog
]]></system-out>
  </testcase>
  <testcase name="test059" classname="org.apache.hadoop.hdfs.server.namenode.FsImageProto_ESTest" time="0.012">
    <system-out><![CDATA[2024-11-12 13:42:26,646 INFO  EvoClassLoader - Seeing class for first time: libcore.io.Memory
2024-11-12 13:42:26,646 INFO  EvoClassLoader - Instrumenting class 'libcore.io.Memory'.
2024-11-12 13:42:26,646 INFO  EvoClassLoader - Error while loading class: java.lang.ClassNotFoundException: Class 'libcore/io/Memory.class' should be in target project, but could not be found!
2024-11-12 13:42:26,646 INFO  EvoClassLoader - Seeing class for first time: org.robolectric.Robolectric
2024-11-12 13:42:26,646 INFO  EvoClassLoader - Instrumenting class 'org.robolectric.Robolectric'.
2024-11-12 13:42:26,646 INFO  EvoClassLoader - Error while loading class: java.lang.ClassNotFoundException: Class 'org/robolectric/Robolectric.class' should be in target project, but could not be found!
2024-11-12 13:42:26,651 INFO  log - Logging initialized @8581ms to org.eclipse.jetty.util.log.Slf4jLog
]]></system-out>
  </testcase>
  <testcase name="test058" classname="org.apache.hadoop.hdfs.server.namenode.FsImageProto_ESTest" time="0.016">
    <system-out><![CDATA[2024-11-12 13:42:26,657 INFO  EvoClassLoader - Seeing class for first time: libcore.io.Memory
2024-11-12 13:42:26,657 INFO  EvoClassLoader - Instrumenting class 'libcore.io.Memory'.
2024-11-12 13:42:26,657 INFO  EvoClassLoader - Error while loading class: java.lang.ClassNotFoundException: Class 'libcore/io/Memory.class' should be in target project, but could not be found!
2024-11-12 13:42:26,657 INFO  EvoClassLoader - Seeing class for first time: org.robolectric.Robolectric
2024-11-12 13:42:26,657 INFO  EvoClassLoader - Instrumenting class 'org.robolectric.Robolectric'.
2024-11-12 13:42:26,657 INFO  EvoClassLoader - Error while loading class: java.lang.ClassNotFoundException: Class 'org/robolectric/Robolectric.class' should be in target project, but could not be found!
2024-11-12 13:42:26,667 INFO  log - Logging initialized @8597ms to org.eclipse.jetty.util.log.Slf4jLog
]]></system-out>
  </testcase>
  <testcase name="test057" classname="org.apache.hadoop.hdfs.server.namenode.FsImageProto_ESTest" time="0.029">
    <system-out><![CDATA[2024-11-12 13:42:26,673 INFO  EvoClassLoader - Seeing class for first time: libcore.io.Memory
2024-11-12 13:42:26,673 INFO  EvoClassLoader - Instrumenting class 'libcore.io.Memory'.
2024-11-12 13:42:26,674 INFO  EvoClassLoader - Error while loading class: java.lang.ClassNotFoundException: Class 'libcore/io/Memory.class' should be in target project, but could not be found!
2024-11-12 13:42:26,674 INFO  EvoClassLoader - Seeing class for first time: org.robolectric.Robolectric
2024-11-12 13:42:26,674 INFO  EvoClassLoader - Instrumenting class 'org.robolectric.Robolectric'.
2024-11-12 13:42:26,674 INFO  EvoClassLoader - Error while loading class: java.lang.ClassNotFoundException: Class 'org/robolectric/Robolectric.class' should be in target project, but could not be found!
2024-11-12 13:42:26,684 INFO  log - Logging initialized @8614ms to org.eclipse.jetty.util.log.Slf4jLog
]]></system-out>
  </testcase>
  <testcase name="test067" classname="org.apache.hadoop.hdfs.server.namenode.FsImageProto_ESTest" time="0.001">
    <system-out><![CDATA[2024-11-12 13:42:26,692 INFO  EvoClassLoader - Seeing class for first time: libcore.io.Memory
2024-11-12 13:42:26,693 INFO  EvoClassLoader - Instrumenting class 'libcore.io.Memory'.
2024-11-12 13:42:26,693 INFO  EvoClassLoader - Error while loading class: java.lang.ClassNotFoundException: Class 'libcore/io/Memory.class' should be in target project, but could not be found!
2024-11-12 13:42:26,693 INFO  EvoClassLoader - Seeing class for first time: org.robolectric.Robolectric
2024-11-12 13:42:26,693 INFO  EvoClassLoader - Instrumenting class 'org.robolectric.Robolectric'.
2024-11-12 13:42:26,693 INFO  EvoClassLoader - Error while loading class: java.lang.ClassNotFoundException: Class 'org/robolectric/Robolectric.class' should be in target project, but could not be found!
2024-11-12 13:42:26,700 INFO  log - Logging initialized @8630ms to org.eclipse.jetty.util.log.Slf4jLog
]]></system-out>
  </testcase>
  <testcase name="test100" classname="org.apache.hadoop.hdfs.server.namenode.FsImageProto_ESTest" time="0.022">
    <system-out><![CDATA[2024-11-12 13:42:26,713 INFO  EvoClassLoader - Seeing class for first time: libcore.io.Memory
2024-11-12 13:42:26,713 INFO  EvoClassLoader - Instrumenting class 'libcore.io.Memory'.
2024-11-12 13:42:26,713 INFO  EvoClassLoader - Error while loading class: java.lang.ClassNotFoundException: Class 'libcore/io/Memory.class' should be in target project, but could not be found!
2024-11-12 13:42:26,714 INFO  EvoClassLoader - Seeing class for first time: org.robolectric.Robolectric
2024-11-12 13:42:26,714 INFO  EvoClassLoader - Instrumenting class 'org.robolectric.Robolectric'.
2024-11-12 13:42:26,714 INFO  EvoClassLoader - Error while loading class: java.lang.ClassNotFoundException: Class 'org/robolectric/Robolectric.class' should be in target project, but could not be found!
2024-11-12 13:42:26,718 INFO  log - Logging initialized @8648ms to org.eclipse.jetty.util.log.Slf4jLog
]]></system-out>
  </testcase>
  <testcase name="test066" classname="org.apache.hadoop.hdfs.server.namenode.FsImageProto_ESTest" time="0.01">
    <system-out><![CDATA[2024-11-12 13:42:26,726 INFO  EvoClassLoader - Seeing class for first time: libcore.io.Memory
2024-11-12 13:42:26,726 INFO  EvoClassLoader - Instrumenting class 'libcore.io.Memory'.
2024-11-12 13:42:26,726 INFO  EvoClassLoader - Error while loading class: java.lang.ClassNotFoundException: Class 'libcore/io/Memory.class' should be in target project, but could not be found!
2024-11-12 13:42:26,726 INFO  EvoClassLoader - Seeing class for first time: org.robolectric.Robolectric
2024-11-12 13:42:26,726 INFO  EvoClassLoader - Instrumenting class 'org.robolectric.Robolectric'.
2024-11-12 13:42:26,727 INFO  EvoClassLoader - Error while loading class: java.lang.ClassNotFoundException: Class 'org/robolectric/Robolectric.class' should be in target project, but could not be found!
2024-11-12 13:42:26,730 INFO  log - Logging initialized @8660ms to org.eclipse.jetty.util.log.Slf4jLog
]]></system-out>
  </testcase>
  <testcase name="test065" classname="org.apache.hadoop.hdfs.server.namenode.FsImageProto_ESTest" time="0.005">
    <system-out><![CDATA[2024-11-12 13:42:26,734 INFO  EvoClassLoader - Seeing class for first time: libcore.io.Memory
2024-11-12 13:42:26,734 INFO  EvoClassLoader - Instrumenting class 'libcore.io.Memory'.
2024-11-12 13:42:26,734 INFO  EvoClassLoader - Error while loading class: java.lang.ClassNotFoundException: Class 'libcore/io/Memory.class' should be in target project, but could not be found!
2024-11-12 13:42:26,734 INFO  EvoClassLoader - Seeing class for first time: org.robolectric.Robolectric
2024-11-12 13:42:26,734 INFO  EvoClassLoader - Instrumenting class 'org.robolectric.Robolectric'.
2024-11-12 13:42:26,734 INFO  EvoClassLoader - Error while loading class: java.lang.ClassNotFoundException: Class 'org/robolectric/Robolectric.class' should be in target project, but could not be found!
2024-11-12 13:42:26,737 INFO  log - Logging initialized @8667ms to org.eclipse.jetty.util.log.Slf4jLog
]]></system-out>
  </testcase>
  <testcase name="test064" classname="org.apache.hadoop.hdfs.server.namenode.FsImageProto_ESTest" time="0.008">
    <system-out><![CDATA[2024-11-12 13:42:26,743 INFO  EvoClassLoader - Seeing class for first time: libcore.io.Memory
2024-11-12 13:42:26,743 INFO  EvoClassLoader - Instrumenting class 'libcore.io.Memory'.
2024-11-12 13:42:26,743 INFO  EvoClassLoader - Error while loading class: java.lang.ClassNotFoundException: Class 'libcore/io/Memory.class' should be in target project, but could not be found!
2024-11-12 13:42:26,743 INFO  EvoClassLoader - Seeing class for first time: org.robolectric.Robolectric
2024-11-12 13:42:26,743 INFO  EvoClassLoader - Instrumenting class 'org.robolectric.Robolectric'.
2024-11-12 13:42:26,743 INFO  EvoClassLoader - Error while loading class: java.lang.ClassNotFoundException: Class 'org/robolectric/Robolectric.class' should be in target project, but could not be found!
2024-11-12 13:42:26,746 INFO  log - Logging initialized @8676ms to org.eclipse.jetty.util.log.Slf4jLog
]]></system-out>
  </testcase>
  <testcase name="test063" classname="org.apache.hadoop.hdfs.server.namenode.FsImageProto_ESTest" time="0.011">
    <system-out><![CDATA[2024-11-12 13:42:26,751 INFO  EvoClassLoader - Seeing class for first time: libcore.io.Memory
2024-11-12 13:42:26,751 INFO  EvoClassLoader - Instrumenting class 'libcore.io.Memory'.
2024-11-12 13:42:26,751 INFO  EvoClassLoader - Error while loading class: java.lang.ClassNotFoundException: Class 'libcore/io/Memory.class' should be in target project, but could not be found!
2024-11-12 13:42:26,751 INFO  EvoClassLoader - Seeing class for first time: org.robolectric.Robolectric
2024-11-12 13:42:26,751 INFO  EvoClassLoader - Instrumenting class 'org.robolectric.Robolectric'.
2024-11-12 13:42:26,752 INFO  EvoClassLoader - Error while loading class: java.lang.ClassNotFoundException: Class 'org/robolectric/Robolectric.class' should be in target project, but could not be found!
2024-11-12 13:42:26,755 INFO  log - Logging initialized @8685ms to org.eclipse.jetty.util.log.Slf4jLog
]]></system-out>
  </testcase>
  <testcase name="test062" classname="org.apache.hadoop.hdfs.server.namenode.FsImageProto_ESTest" time="0.009">
    <system-out><![CDATA[2024-11-12 13:42:26,760 INFO  EvoClassLoader - Seeing class for first time: libcore.io.Memory
2024-11-12 13:42:26,760 INFO  EvoClassLoader - Instrumenting class 'libcore.io.Memory'.
2024-11-12 13:42:26,761 INFO  EvoClassLoader - Error while loading class: java.lang.ClassNotFoundException: Class 'libcore/io/Memory.class' should be in target project, but could not be found!
2024-11-12 13:42:26,761 INFO  EvoClassLoader - Seeing class for first time: org.robolectric.Robolectric
2024-11-12 13:42:26,761 INFO  EvoClassLoader - Instrumenting class 'org.robolectric.Robolectric'.
2024-11-12 13:42:26,761 INFO  EvoClassLoader - Error while loading class: java.lang.ClassNotFoundException: Class 'org/robolectric/Robolectric.class' should be in target project, but could not be found!
2024-11-12 13:42:26,766 INFO  log - Logging initialized @8696ms to org.eclipse.jetty.util.log.Slf4jLog
]]></system-out>
  </testcase>
  <testcase name="test061" classname="org.apache.hadoop.hdfs.server.namenode.FsImageProto_ESTest" time="0.011">
    <system-out><![CDATA[2024-11-12 13:42:26,770 INFO  EvoClassLoader - Seeing class for first time: libcore.io.Memory
2024-11-12 13:42:26,770 INFO  EvoClassLoader - Instrumenting class 'libcore.io.Memory'.
2024-11-12 13:42:26,770 INFO  EvoClassLoader - Error while loading class: java.lang.ClassNotFoundException: Class 'libcore/io/Memory.class' should be in target project, but could not be found!
2024-11-12 13:42:26,770 INFO  EvoClassLoader - Seeing class for first time: org.robolectric.Robolectric
2024-11-12 13:42:26,770 INFO  EvoClassLoader - Instrumenting class 'org.robolectric.Robolectric'.
2024-11-12 13:42:26,770 INFO  EvoClassLoader - Error while loading class: java.lang.ClassNotFoundException: Class 'org/robolectric/Robolectric.class' should be in target project, but could not be found!
2024-11-12 13:42:26,775 INFO  log - Logging initialized @8705ms to org.eclipse.jetty.util.log.Slf4jLog
]]></system-out>
  </testcase>
  <testcase name="test060" classname="org.apache.hadoop.hdfs.server.namenode.FsImageProto_ESTest" time="0.012">
    <system-out><![CDATA[2024-11-12 13:42:26,780 INFO  EvoClassLoader - Seeing class for first time: libcore.io.Memory
2024-11-12 13:42:26,780 INFO  EvoClassLoader - Instrumenting class 'libcore.io.Memory'.
2024-11-12 13:42:26,780 INFO  EvoClassLoader - Error while loading class: java.lang.ClassNotFoundException: Class 'libcore/io/Memory.class' should be in target project, but could not be found!
2024-11-12 13:42:26,780 INFO  EvoClassLoader - Seeing class for first time: org.robolectric.Robolectric
2024-11-12 13:42:26,780 INFO  EvoClassLoader - Instrumenting class 'org.robolectric.Robolectric'.
2024-11-12 13:42:26,780 INFO  EvoClassLoader - Error while loading class: java.lang.ClassNotFoundException: Class 'org/robolectric/Robolectric.class' should be in target project, but could not be found!
2024-11-12 13:42:26,787 INFO  log - Logging initialized @8717ms to org.eclipse.jetty.util.log.Slf4jLog
]]></system-out>
  </testcase>
</testsuite>